[
  {
    "Plan": {
      "Node Type": "Aggregate",
      "Strategy": "Plain",
      "Partial Mode": "Finalize",
      "Parallel Aware": false,
      "Startup Cost": 545495.75,
      "Total Cost": 545495.76,
      "Plan Rows": 1,
      "Plan Width": 32,
      "Actual Startup Time": 2043.039,
      "Actual Total Time": 2125.069,
      "Actual Rows": 1,
      "Actual Loops": 1,
      "Plans": [
        {
          "Node Type": "Gather",
          "Parent Relationship": "Outer",
          "Parallel Aware": false,
          "Startup Cost": 545495.33,
          "Total Cost": 545495.74,
          "Plan Rows": 4,
          "Plan Width": 32,
          "Actual Startup Time": 2042.648,
          "Actual Total Time": 2125.057,
          "Actual Rows": 5,
          "Actual Loops": 1,
          "Workers Planned": 4,
          "Workers Launched": 4,
          "Single Copy": false,
          "Plans": [
            {
              "Node Type": "Aggregate",
              "Strategy": "Plain",
              "Partial Mode": "Partial",
              "Parent Relationship": "Outer",
              "Parallel Aware": false,
              "Startup Cost": 544495.33,
              "Total Cost": 544495.34,
              "Plan Rows": 1,
              "Plan Width": 32,
              "Actual Startup Time": 2028.67,
              "Actual Total Time": 2028.698,
              "Actual Rows": 1,
              "Actual Loops": 5,
              "Plans": [
                {
                  "Node Type": "Hash Join",
                  "Parent Relationship": "Outer",
                  "Parallel Aware": false,
                  "Join Type": "Inner",
                  "Startup Cost": 498792.83,
                  "Total Cost": 544495.33,
                  "Plan Rows": 1,
                  "Plan Width": 17,
                  "Actual Startup Time": 2020.279,
                  "Actual Total Time": 2028.689,
                  "Actual Rows": 3,
                  "Actual Loops": 5,
                  "Inner Unique": true,
                  "Hash Cond": "(t.kind_id = kt.id)",
                  "Plans": [
                    {
                      "Node Type": "Hash Join",
                      "Parent Relationship": "Outer",
                      "Parallel Aware": true,
                      "Join Type": "Inner",
                      "Startup Cost": 498791.73,
                      "Total Cost": 544494.23,
                      "Plan Rows": 1,
                      "Plan Width": 21,
                      "Actual Startup Time": 2019.562,
                      "Actual Total Time": 2027.966,
                      "Actual Rows": 3,
                      "Actual Loops": 5,
                      "Inner Unique": false,
                      "Hash Cond": "(t.id = mk.movie_id)",
                      "Plans": [
                        {
                          "Node Type": "Seq Scan",
                          "Parent Relationship": "Outer",
                          "Parallel Aware": true,
                          "Relation Name": "title",
                          "Alias": "t",
                          "Startup Cost": 0.0,
                          "Total Cost": 43898.97,
                          "Plan Rows": 480936,
                          "Plan Width": 25,
                          "Actual Startup Time": 0.012,
                          "Actual Total Time": 95.726,
                          "Actual Rows": 384570,
                          "Actual Loops": 5,
                          "Filter": "(production_year < 2010)",
                          "Rows Removed by Filter": 121093
                        },
                        {
                          "Node Type": "Hash",
                          "Parent Relationship": "Inner",
                          "Parallel Aware": true,
                          "Startup Cost": 498791.72,
                          "Total Cost": 498791.72,
                          "Plan Rows": 1,
                          "Plan Width": 12,
                          "Actual Startup Time": 1907.823,
                          "Actual Total Time": 1907.844,
                          "Actual Rows": 7,
                          "Actual Loops": 5,
                          "Hash Buckets": 1024,
                          "Original Hash Buckets": 1024,
                          "Hash Batches": 1,
                          "Original Hash Batches": 1,
                          "Peak Memory Usage": 136,
                          "Plans": [
                            {
                              "Node Type": "Hash Join",
                              "Parent Relationship": "Outer",
                              "Parallel Aware": true,
                              "Join Type": "Inner",
                              "Startup Cost": 428853.05,
                              "Total Cost": 498791.72,
                              "Plan Rows": 1,
                              "Plan Width": 12,
                              "Actual Startup Time": 1811.422,
                              "Actual Total Time": 1907.742,
                              "Actual Rows": 7,
                              "Actual Loops": 5,
                              "Inner Unique": false,
                              "Hash Cond": "(n.id = ci.person_id)",
                              "Plans": [
                                {
                                  "Node Type": "Seq Scan",
                                  "Parent Relationship": "Outer",
                                  "Parallel Aware": true,
                                  "Relation Name": "name",
                                  "Alias": "n",
                                  "Startup Cost": 0.0,
                                  "Total Cost": 66031.66,
                                  "Plan Rows": 1041866,
                                  "Plan Width": 4,
                                  "Actual Startup Time": 0.022,
                                  "Actual Total Time": 115.689,
                                  "Actual Rows": 833498,
                                  "Actual Loops": 5
                                },
                                {
                                  "Node Type": "Hash",
                                  "Parent Relationship": "Inner",
                                  "Parallel Aware": true,
                                  "Startup Cost": 428853.04,
                                  "Total Cost": 428853.04,
                                  "Plan Rows": 1,
                                  "Plan Width": 16,
                                  "Actual Startup Time": 1732.881,
                                  "Actual Total Time": 1732.9,
                                  "Actual Rows": 7,
                                  "Actual Loops": 5,
                                  "Hash Buckets": 1024,
                                  "Original Hash Buckets": 1024,
                                  "Hash Batches": 1,
                                  "Original Hash Batches": 1,
                                  "Peak Memory Usage": 104,
                                  "Plans": [
                                    {
                                      "Node Type": "Hash Join",
                                      "Parent Relationship": "Outer",
                                      "Parallel Aware": true,
                                      "Join Type": "Inner",
                                      "Startup Cost": 99803.17,
                                      "Total Cost": 428853.04,
                                      "Plan Rows": 1,
                                      "Plan Width": 16,
                                      "Actual Startup Time": 1127.005,
                                      "Actual Total Time": 1732.811,
                                      "Actual Rows": 7,
                                      "Actual Loops": 5,
                                      "Inner Unique": false,
                                      "Hash Cond": "(ci.movie_id = mk.movie_id)",
                                      "Plans": [
                                        {
                                          "Node Type": "Hash Join",
                                          "Parent Relationship": "Outer",
                                          "Parallel Aware": true,
                                          "Join Type": "Inner",
                                          "Startup Cost": 50189.56,
                                          "Total Cost": 379234.88,
                                          "Plan Rows": 1210,
                                          "Plan Width": 8,
                                          "Actual Startup Time": 218.517,
                                          "Actual Total Time": 1365.149,
                                          "Actual Rows": 111,
                                          "Actual Loops": 5,
                                          "Inner Unique": true,
                                          "Hash Cond": "(ci.person_role_id = chn.id)",
                                          "Plans": [
                                            {
                                              "Node Type": "Seq Scan",
                                              "Parent Relationship": "Outer",
                                              "Parallel Aware": true,
                                              "Relation Name": "cast_info",
                                              "Alias": "ci",
                                              "Startup Cost": 0.0,
                                              "Total Cost": 313168.83,
                                              "Plan Rows": 6048183,
                                              "Plan Width": 12,
                                              "Actual Startup Time": 0.029,
                                              "Actual Total Time": 725.376,
                                              "Actual Rows": 7248869,
                                              "Actual Loops": 5
                                            },
                                            {
                                              "Node Type": "Hash",
                                              "Parent Relationship": "Inner",
                                              "Parallel Aware": true,
                                              "Startup Cost": 50187.6,
                                              "Total Cost": 50187.6,
                                              "Plan Rows": 157,
                                              "Plan Width": 4,
                                              "Actual Startup Time": 176.212,
                                              "Actual Total Time": 176.213,
                                              "Actual Rows": 6,
                                              "Actual Loops": 5,
                                              "Hash Buckets": 1024,
                                              "Original Hash Buckets": 1024,
                                              "Hash Batches": 1,
                                              "Original Hash Batches": 1,
                                              "Peak Memory Usage": 168,
                                              "Plans": [
                                                {
                                                  "Node Type": "Seq Scan",
                                                  "Parent Relationship": "Outer",
                                                  "Parallel Aware": true,
                                                  "Relation Name": "char_name",
                                                  "Alias": "chn",
                                                  "Startup Cost": 0.0,
                                                  "Total Cost": 50187.6,
                                                  "Plan Rows": 157,
                                                  "Plan Width": 4,
                                                  "Actual Startup Time": 20.606,
                                                  "Actual Total Time": 176.119,
                                                  "Actual Rows": 6,
                                                  "Actual Loops": 5,
                                                  "Filter": "((name !~~ '%Sherlock%'::text) AND ((name ~~ '%Tony%Stark%'::text) OR (name ~~ '%Iron%Man%'::text)))",
                                                  "Rows Removed by Filter": 628062
                                                }
                                              ]
                                            }
                                          ]
                                        },
                                        {
                                          "Node Type": "Hash",
                                          "Parent Relationship": "Inner",
                                          "Parallel Aware": true,
                                          "Startup Cost": 49613.51,
                                          "Total Cost": 49613.51,
                                          "Plan Rows": 8,
                                          "Plan Width": 8,
                                          "Actual Startup Time": 367.387,
                                          "Actual Total Time": 367.398,
                                          "Actual Rows": 1753,
                                          "Actual Loops": 5,
                                          "Hash Buckets": 8192,
                                          "Original Hash Buckets": 1024,
                                          "Hash Batches": 1,
                                          "Original Hash Batches": 1,
                                          "Peak Memory Usage": 600,
                                          "Plans": [
                                            {
                                              "Node Type": "Hash Join",
                                              "Parent Relationship": "Outer",
                                              "Parallel Aware": false,
                                              "Join Type": "Inner",
                                              "Startup Cost": 6734.92,
                                              "Total Cost": 49613.51,
                                              "Plan Rows": 8,
                                              "Plan Width": 8,
                                              "Actual Startup Time": 108.832,
                                              "Actual Total Time": 296.492,
                                              "Actual Rows": 1753,
                                              "Actual Loops": 5,
                                              "Inner Unique": false,
                                              "Hash Cond": "(mk.movie_id = cc.movie_id)",
                                              "Plans": [
                                                {
                                                  "Node Type": "Hash Join",
                                                  "Parent Relationship": "Outer",
                                                  "Parallel Aware": false,
                                                  "Join Type": "Inner",
                                                  "Startup Cost": 3632.5,
                                                  "Total Cost": 46510.69,
                                                  "Plan Rows": 87,
                                                  "Plan Width": 4,
                                                  "Actual Startup Time": 28.546,
                                                  "Actual Total Time": 213.5,
                                                  "Actual Rows": 7110,
                                                  "Actual Loops": 5,
                                                  "Inner Unique": true,
                                                  "Hash Cond": "(mk.keyword_id = k.id)",
                                                  "Plans": [
                                                    {
                                                      "Node Type": "Seq Scan",
                                                      "Parent Relationship": "Outer",
                                                      "Parallel Aware": true,
                                                      "Relation Name": "movie_keyword",
                                                      "Alias": "mk",
                                                      "Startup Cost": 0.0,
                                                      "Total Cost": 39047.32,
                                                      "Plan Rows": 1459332,
                                                      "Plan Width": 8,
                                                      "Actual Startup Time": 0.04,
                                                      "Actual Total Time": 115.718,
                                                      "Actual Rows": 904786,
                                                      "Actual Loops": 5
                                                    },
                                                    {
                                                      "Node Type": "Hash",
                                                      "Parent Relationship": "Inner",
                                                      "Parallel Aware": false,
                                                      "Startup Cost": 3632.4,
                                                      "Total Cost": 3632.4,
                                                      "Plan Rows": 8,
                                                      "Plan Width": 4,
                                                      "Actual Startup Time": 28.27,
                                                      "Actual Total Time": 28.271,
                                                      "Actual Rows": 8,
                                                      "Actual Loops": 5,
                                                      "Hash Buckets": 1024,
                                                      "Original Hash Buckets": 1024,
                                                      "Hash Batches": 1,
                                                      "Original Hash Batches": 1,
                                                      "Peak Memory Usage": 9,
                                                      "Plans": [
                                                        {
                                                          "Node Type": "Seq Scan",
                                                          "Parent Relationship": "Outer",
                                                          "Parallel Aware": false,
                                                          "Relation Name": "keyword",
                                                          "Alias": "k",
                                                          "Startup Cost": 0.0,
                                                          "Total Cost": 3632.4,
                                                          "Plan Rows": 8,
                                                          "Plan Width": 4,
                                                          "Actual Startup Time": 0.153,
                                                          "Actual Total Time": 28.243,
                                                          "Actual Rows": 8,
                                                          "Actual Loops": 5,
                                                          "Filter": "(keyword = ANY ('{superhero,sequel,second-part,marvel-comics,based-on-comic,tv-special,fight,violence}'::text[]))",
                                                          "Rows Removed by Filter": 134162
                                                        }
                                                      ]
                                                    }
                                                  ]
                                                },
                                                {
                                                  "Node Type": "Hash",
                                                  "Parent Relationship": "Inner",
                                                  "Parallel Aware": false,
                                                  "Startup Cost": 2996.88,
                                                  "Total Cost": 2996.88,
                                                  "Plan Rows": 8443,
                                                  "Plan Width": 4,
                                                  "Actual Startup Time": 79.264,
                                                  "Actual Total Time": 79.27,
                                                  "Actual Rows": 85941,
                                                  "Actual Loops": 5,
                                                  "Hash Buckets": 131072,
                                                  "Original Hash Buckets": 16384,
                                                  "Hash Batches": 1,
                                                  "Original Hash Batches": 1,
                                                  "Peak Memory Usage": 4046,
                                                  "Plans": [
                                                    {
                                                      "Node Type": "Hash Join",
                                                      "Parent Relationship": "Outer",
                                                      "Parallel Aware": false,
                                                      "Join Type": "Inner",
                                                      "Startup Cost": 2.12,
                                                      "Total Cost": 2996.88,
                                                      "Plan Rows": 8443,
                                                      "Plan Width": 4,
                                                      "Actual Startup Time": 0.262,
                                                      "Actual Total Time": 53.14,
                                                      "Actual Rows": 85941,
                                                      "Actual Loops": 5,
                                                      "Inner Unique": true,
                                                      "Hash Cond": "(cc.status_id = cct2.id)",
                                                      "Plans": [
                                                        {
                                                          "Node Type": "Hash Join",
                                                          "Parent Relationship": "Outer",
                                                          "Parallel Aware": false,
                                                          "Join Type": "Inner",
                                                          "Startup Cost": 1.06,
                                                          "Total Cost": 2813.24,
                                                          "Plan Rows": 33772,
                                                          "Plan Width": 8,
                                                          "Actual Startup Time": 0.138,
                                                          "Actual Total Time": 38.657,
                                                          "Actual Rows": 85941,
                                                          "Actual Loops": 5,
                                                          "Inner Unique": true,
                                                          "Hash Cond": "(cc.subject_id = cct1.id)",
                                                          "Plans": [
                                                            {
                                                              "Node Type": "Seq Scan",
                                                              "Parent Relationship": "Outer",
                                                              "Parallel Aware": false,
                                                              "Relation Name": "complete_cast",
                                                              "Alias": "cc",
                                                              "Startup Cost": 0.0,
                                                              "Total Cost": 2081.86,
                                                              "Plan Rows": 135086,
                                                              "Plan Width": 12,
                                                              "Actual Startup Time": 0.057,
                                                              "Actual Total Time": 17.561,
                                                              "Actual Rows": 135086,
                                                              "Actual Loops": 5
                                                            },
                                                            {
                                                              "Node Type": "Hash",
                                                              "Parent Relationship": "Inner",
                                                              "Parallel Aware": false,
                                                              "Startup Cost": 1.05,
                                                              "Total Cost": 1.05,
                                                              "Plan Rows": 1,
                                                              "Plan Width": 4,
                                                              "Actual Startup Time": 0.026,
                                                              "Actual Total Time": 0.027,
                                                              "Actual Rows": 1,
                                                              "Actual Loops": 5,
                                                              "Hash Buckets": 1024,
                                                              "Original Hash Buckets": 1024,
                                                              "Hash Batches": 1,
                                                              "Original Hash Batches": 1,
                                                              "Peak Memory Usage": 9,
                                                              "Plans": [
                                                                {
                                                                  "Node Type": "Seq Scan",
                                                                  "Parent Relationship": "Outer",
                                                                  "Parallel Aware": false,
                                                                  "Relation Name": "comp_cast_type",
                                                                  "Alias": "cct1",
                                                                  "Startup Cost": 0.0,
                                                                  "Total Cost": 1.05,
                                                                  "Plan Rows": 1,
                                                                  "Plan Width": 4,
                                                                  "Actual Startup Time": 0.01,
                                                                  "Actual Total Time": 0.013,
                                                                  "Actual Rows": 1,
                                                                  "Actual Loops": 5,
                                                                  "Filter": "((kind)::text = 'cast'::text)",
                                                                  "Rows Removed by Filter": 3
                                                                }
                                                              ]
                                                            }
                                                          ]
                                                        },
                                                        {
                                                          "Node Type": "Hash",
                                                          "Parent Relationship": "Inner",
                                                          "Parallel Aware": false,
                                                          "Startup Cost": 1.05,
                                                          "Total Cost": 1.05,
                                                          "Plan Rows": 1,
                                                          "Plan Width": 4,
                                                          "Actual Startup Time": 0.057,
                                                          "Actual Total Time": 0.058,
                                                          "Actual Rows": 2,
                                                          "Actual Loops": 5,
                                                          "Hash Buckets": 1024,
                                                          "Original Hash Buckets": 1024,
                                                          "Hash Batches": 1,
                                                          "Original Hash Batches": 1,
                                                          "Peak Memory Usage": 9,
                                                          "Plans": [
                                                            {
                                                              "Node Type": "Seq Scan",
                                                              "Parent Relationship": "Outer",
                                                              "Parallel Aware": false,
                                                              "Relation Name": "comp_cast_type",
                                                              "Alias": "cct2",
                                                              "Startup Cost": 0.0,
                                                              "Total Cost": 1.05,
                                                              "Plan Rows": 1,
                                                              "Plan Width": 4,
                                                              "Actual Startup Time": 0.036,
                                                              "Actual Total Time": 0.038,
                                                              "Actual Rows": 2,
                                                              "Actual Loops": 5,
                                                              "Filter": "((kind)::text ~~ '%complete%'::text)",
                                                              "Rows Removed by Filter": 2
                                                            }
                                                          ]
                                                        }
                                                      ]
                                                    }
                                                  ]
                                                }
                                              ]
                                            }
                                          ]
                                        }
                                      ]
                                    }
                                  ]
                                }
                              ]
                            }
                          ]
                        }
                      ]
                    },
                    {
                      "Node Type": "Hash",
                      "Parent Relationship": "Inner",
                      "Parallel Aware": false,
                      "Startup Cost": 1.09,
                      "Total Cost": 1.09,
                      "Plan Rows": 1,
                      "Plan Width": 4,
                      "Actual Startup Time": 0.077,
                      "Actual Total Time": 0.078,
                      "Actual Rows": 1,
                      "Actual Loops": 5,
                      "Hash Buckets": 1024,
                      "Original Hash Buckets": 1024,
                      "Hash Batches": 1,
                      "Original Hash Batches": 1,
                      "Peak Memory Usage": 9,
                      "Plans": [
                        {
                          "Node Type": "Seq Scan",
                          "Parent Relationship": "Outer",
                          "Parallel Aware": false,
                          "Relation Name": "kind_type",
                          "Alias": "kt",
                          "Startup Cost": 0.0,
                          "Total Cost": 1.09,
                          "Plan Rows": 1,
                          "Plan Width": 4,
                          "Actual Startup Time": 0.051,
                          "Actual Total Time": 0.056,
                          "Actual Rows": 1,
                          "Actual Loops": 5,
                          "Filter": "((kind)::text = 'movie'::text)",
                          "Rows Removed by Filter": 6
                        }
                      ]
                    }
                  ]
                }
              ]
            }
          ]
        }
      ]
    },
    "Planning Time": 20.282,
    "Triggers": [],
    "Execution Time": 2126.692
  }
]