{
  "Plan": {
    "Node Type": "Aggregate",
    "Strategy": "Plain",
    "Partial Mode": "Finalize",
    "Parallel Aware": false,
    "Startup Cost": 123933.73,
    "Total Cost": 123933.74,
    "Plan Rows": 1,
    "Plan Width": 8,
    "Actual Startup Time": 512.28,
    "Actual Total Time": 532.898,
    "Actual Rows": 1,
    "Actual Loops": 1,
    "Plans": [
      {
        "Node Type": "Gather",
        "Parent Relationship": "Outer",
        "Parallel Aware": false,
        "Startup Cost": 123933.62,
        "Total Cost": 123933.73,
        "Plan Rows": 1,
        "Plan Width": 8,
        "Actual Startup Time": 511.456,
        "Actual Total Time": 532.891,
        "Actual Rows": 2,
        "Actual Loops": 1,
        "Workers Planned": 1,
        "Workers Launched": 1,
        "Single Copy": false,
        "Plans": [
          {
            "Node Type": "Aggregate",
            "Strategy": "Plain",
            "Partial Mode": "Partial",
            "Parent Relationship": "Outer",
            "Parallel Aware": false,
            "Startup Cost": 122933.62,
            "Total Cost": 122933.63,
            "Plan Rows": 1,
            "Plan Width": 8,
            "Actual Startup Time": 507.695,
            "Actual Total Time": 507.701,
            "Actual Rows": 1,
            "Actual Loops": 2,
            "Plans": [
              {
                "Node Type": "Hash Join",
                "Parent Relationship": "Outer",
                "Parallel Aware": true,
                "Join Type": "Inner",
                "Startup Cost": 79211.67,
                "Total Cost": 122874.61,
                "Plan Rows": 23604,
                "Plan Width": 0,
                "Actual Startup Time": 383.797,
                "Actual Total Time": 506.735,
                "Actual Rows": 18459,
                "Actual Loops": 2,
                "Inner Unique": false,
                "Hash Cond": "(mc.movie_id = t.id)",
                "Plans": [
                  {
                    "Node Type": "Seq Scan",
                    "Parent Relationship": "Outer",
                    "Parallel Aware": true,
                    "Relation Name": "movie_companies",
                    "Alias": "mc",
                    "Startup Cost": 0.0,
                    "Total Cost": 41811.73,
                    "Plan Rows": 456633,
                    "Plan Width": 4,
                    "Actual Startup Time": 58.692,
                    "Actual Total Time": 134.497,
                    "Actual Rows": 498142,
                    "Actual Loops": 2,
                    "Filter": "((company_id > 6893) AND (company_type_id = 2))",
                    "Rows Removed by Filter": 806422
                  },
                  {
                    "Node Type": "Hash",
                    "Parent Relationship": "Inner",
                    "Parallel Aware": true,
                    "Startup Cost": 78250.73,
                    "Total Cost": 78250.73,
                    "Plan Rows": 76875,
                    "Plan Width": 8,
                    "Actual Startup Time": 323.125,
                    "Actual Total Time": 323.129,
                    "Actual Rows": 24968,
                    "Actual Loops": 2,
                    "Hash Buckets": 131072,
                    "Original Hash Buckets": 131072,
                    "Hash Batches": 1,
                    "Original Hash Batches": 1,
                    "Peak Memory Usage": 3008,
                    "Plans": [
                      {
                        "Node Type": "Hash Join",
                        "Parent Relationship": "Outer",
                        "Parallel Aware": true,
                        "Join Type": "Inner",
                        "Startup Cost": 60066.94,
                        "Total Cost": 78250.73,
                        "Plan Rows": 76875,
                        "Plan Width": 8,
                        "Actual Startup Time": 183.826,
                        "Actual Total Time": 316.929,
                        "Actual Rows": 24968,
                        "Actual Loops": 2,
                        "Inner Unique": true,
                        "Hash Cond": "(mi_idx.movie_id = t.id)",
                        "Plans": [
                          {
                            "Node Type": "Seq Scan",
                            "Parent Relationship": "Outer",
                            "Parallel Aware": true,
                            "Relation Name": "movie_info_idx",
                            "Alias": "mi_idx",
                            "Startup Cost": 0.0,
                            "Total Cost": 16052.85,
                            "Plan Rows": 811785,
                            "Plan Width": 4,
                            "Actual Startup Time": 0.022,
                            "Actual Total Time": 57.933,
                            "Actual Rows": 690018,
                            "Actual Loops": 2
                          },
                          {
                            "Node Type": "Hash",
                            "Parent Relationship": "Inner",
                            "Parallel Aware": true,
                            "Startup Cost": 58306.47,
                            "Total Cost": 58306.47,
                            "Plan Rows": 140838,
                            "Plan Width": 4,
                            "Actual Startup Time": 181.576,
                            "Actual Total Time": 181.577,
                            "Actual Rows": 60124,
                            "Actual Loops": 2,
                            "Hash Buckets": 262144,
                            "Original Hash Buckets": 262144,
                            "Hash Batches": 1,
                            "Original Hash Batches": 1,
                            "Peak Memory Usage": 6784,
                            "Plans": [
                              {
                                "Node Type": "Seq Scan",
                                "Parent Relationship": "Outer",
                                "Parallel Aware": true,
                                "Relation Name": "title",
                                "Alias": "t",
                                "Startup Cost": 0.0,
                                "Total Cost": 58306.47,
                                "Plan Rows": 140838,
                                "Plan Width": 4,
                                "Actual Startup Time": 0.024,
                                "Actual Total Time": 162.288,
                                "Actual Rows": 60124,
                                "Actual Loops": 2,
                                "Filter": "((kind_id > 1) AND (production_year < 1968))",
                                "Rows Removed by Filter": 1204032
                              }
                            ]
                          }
                        ]
                      }
                    ]
                  }
                ]
              }
            ]
          }
        ]
      }
    ]
  },
  "Planning Time": 0.806,
  "Triggers": [],
  "Execution Time": 533.013
}