[
  {
    "Plan": {
      "Node Type": "Aggregate",
      "Strategy": "Plain",
      "Partial Mode": "Finalize",
      "Parallel Aware": false,
      "Startup Cost": 83843.38,
      "Total Cost": 83843.39,
      "Plan Rows": 1,
      "Plan Width": 8,
      "Actual Startup Time": 443.432,
      "Actual Total Time": 459.125,
      "Actual Rows": 1,
      "Actual Loops": 1,
      "Plans": [
        {
          "Node Type": "Gather",
          "Parent Relationship": "Outer",
          "Parallel Aware": false,
          "Startup Cost": 83843.06,
          "Total Cost": 83843.37,
          "Plan Rows": 3,
          "Plan Width": 8,
          "Actual Startup Time": 437.712,
          "Actual Total Time": 459.115,
          "Actual Rows": 4,
          "Actual Loops": 1,
          "Workers Planned": 3,
          "Workers Launched": 3,
          "Single Copy": false,
          "Plans": [
            {
              "Node Type": "Aggregate",
              "Strategy": "Plain",
              "Partial Mode": "Partial",
              "Parent Relationship": "Outer",
              "Parallel Aware": false,
              "Startup Cost": 82843.06,
              "Total Cost": 82843.07,
              "Plan Rows": 1,
              "Plan Width": 8,
              "Actual Startup Time": 425.067,
              "Actual Total Time": 425.07,
              "Actual Rows": 1,
              "Actual Loops": 4,
              "Plans": [
                {
                  "Node Type": "Hash Join",
                  "Parent Relationship": "Outer",
                  "Parallel Aware": true,
                  "Join Type": "Inner",
                  "Startup Cost": 49727.15,
                  "Total Cost": 82141.12,
                  "Plan Rows": 280776,
                  "Plan Width": 0,
                  "Actual Startup Time": 267.916,
                  "Actual Total Time": 418.689,
                  "Actual Rows": 151794,
                  "Actual Loops": 4,
                  "Inner Unique": true,
                  "Hash Cond": "(mc.movie_id = t.id)",
                  "Plans": [
                    {
                      "Node Type": "Seq Scan",
                      "Parent Relationship": "Outer",
                      "Parallel Aware": true,
                      "Relation Name": "movie_companies",
                      "Alias": "mc",
                      "Startup Cost": 0.0,
                      "Total Cost": 31414.82,
                      "Plan Rows": 380628,
                      "Plan Width": 4,
                      "Actual Startup Time": 0.018,
                      "Actual Total Time": 66.417,
                      "Actual Rows": 318562,
                      "Actual Loops": 4,
                      "Filter": "((company_id < 111307) AND (company_type_id < 2))",
                      "Rows Removed by Filter": 333721
                    },
                    {
                      "Node Type": "Hash",
                      "Parent Relationship": "Inner",
                      "Parallel Aware": true,
                      "Startup Cost": 43898.92,
                      "Total Cost": 43898.92,
                      "Plan Rows": 466259,
                      "Plan Width": 4,
                      "Actual Startup Time": 259.948,
                      "Actual Total Time": 259.949,
                      "Actual Rows": 466372,
                      "Actual Loops": 4,
                      "Hash Buckets": 2097152,
                      "Original Hash Buckets": 2097152,
                      "Hash Batches": 1,
                      "Original Hash Batches": 1,
                      "Peak Memory Usage": 89440,
                      "Plans": [
                        {
                          "Node Type": "Seq Scan",
                          "Parent Relationship": "Outer",
                          "Parallel Aware": true,
                          "Relation Name": "title",
                          "Alias": "t",
                          "Startup Cost": 0.0,
                          "Total Cost": 43898.92,
                          "Plan Rows": 466259,
                          "Plan Width": 4,
                          "Actual Startup Time": 0.04,
                          "Actual Total Time": 104.607,
                          "Actual Rows": 466372,
                          "Actual Loops": 4,
                          "Filter": "(kind_id > 1)",
                          "Rows Removed by Filter": 165706
                        }
                      ]
                    }
                  ]
                }
              ]
            }
          ]
        }
      ]
    },
    "Planning Time": 0.692,
    "Triggers": [],
    "Execution Time": 459.193
  }
]