[
  {
    "Plan": {
      "Node Type": "Aggregate",
      "Strategy": "Plain",
      "Partial Mode": "Finalize",
      "Parallel Aware": false,
      "Startup Cost": 341836.0,
      "Total Cost": 341836.01,
      "Plan Rows": 1,
      "Plan Width": 8,
      "Actual Startup Time": 890.464,
      "Actual Total Time": 933.222,
      "Actual Rows": 1,
      "Actual Loops": 1,
      "Plans": [
        {
          "Node Type": "Gather",
          "Parent Relationship": "Outer",
          "Parallel Aware": false,
          "Startup Cost": 341835.37,
          "Total Cost": 341835.98,
          "Plan Rows": 6,
          "Plan Width": 8,
          "Actual Startup Time": 890.121,
          "Actual Total Time": 933.208,
          "Actual Rows": 7,
          "Actual Loops": 1,
          "Workers Planned": 6,
          "Workers Launched": 6,
          "Single Copy": false,
          "Plans": [
            {
              "Node Type": "Aggregate",
              "Strategy": "Plain",
              "Partial Mode": "Partial",
              "Parent Relationship": "Outer",
              "Parallel Aware": false,
              "Startup Cost": 340835.37,
              "Total Cost": 340835.38,
              "Plan Rows": 1,
              "Plan Width": 8,
              "Actual Startup Time": 882.124,
              "Actual Total Time": 882.125,
              "Actual Rows": 1,
              "Actual Loops": 7,
              "Plans": [
                {
                  "Node Type": "Seq Scan",
                  "Parent Relationship": "Outer",
                  "Parallel Aware": true,
                  "Relation Name": "cast_info",
                  "Alias": "ci",
                  "Startup Cost": 0.0,
                  "Total Cost": 328211.39,
                  "Plan Rows": 5049592,
                  "Plan Width": 0,
                  "Actual Startup Time": 82.028,
                  "Actual Total Time": 663.259,
                  "Actual Rows": 4298983,
                  "Actual Loops": 7,
                  "Filter": "(person_id > 593653)",
                  "Rows Removed by Filter": 878781
                }
              ]
            }
          ]
        }
      ]
    },
    "Planning Time": 0.244,
    "Triggers": [],
    "Execution Time": 933.29
  }
]