{
  "Plan": {
    "Node Type": "Aggregate",
    "Strategy": "Plain",
    "Partial Mode": "Finalize",
    "Parallel Aware": false,
    "Startup Cost": 415116.5,
    "Total Cost": 415116.51,
    "Plan Rows": 1,
    "Plan Width": 8,
    "Actual Startup Time": 2075.478,
    "Actual Total Time": 2111.335,
    "Actual Rows": 1,
    "Actual Loops": 1,
    "Plans": [
      {
        "Node Type": "Gather",
        "Parent Relationship": "Outer",
        "Parallel Aware": false,
        "Startup Cost": 415116.39,
        "Total Cost": 415116.5,
        "Plan Rows": 1,
        "Plan Width": 8,
        "Actual Startup Time": 2068.197,
        "Actual Total Time": 2111.321,
        "Actual Rows": 2,
        "Actual Loops": 1,
        "Workers Planned": 1,
        "Workers Launched": 1,
        "Single Copy": false,
        "Plans": [
          {
            "Node Type": "Aggregate",
            "Strategy": "Plain",
            "Partial Mode": "Partial",
            "Parent Relationship": "Outer",
            "Parallel Aware": false,
            "Startup Cost": 414116.39,
            "Total Cost": 414116.4,
            "Plan Rows": 1,
            "Plan Width": 8,
            "Actual Startup Time": 2061.73,
            "Actual Total Time": 2061.745,
            "Actual Rows": 1,
            "Actual Loops": 2,
            "Plans": [
              {
                "Node Type": "Merge Join",
                "Parent Relationship": "Outer",
                "Parallel Aware": false,
                "Join Type": "Inner",
                "Startup Cost": 268696.21,
                "Total Cost": 412636.8,
                "Plan Rows": 591837,
                "Plan Width": 0,
                "Actual Startup Time": 1436.789,
                "Actual Total Time": 2031.981,
                "Actual Rows": 750522,
                "Actual Loops": 2,
                "Inner Unique": false,
                "Merge Cond": "(mc.movie_id = t.id)",
                "Plans": [
                  {
                    "Node Type": "Index Only Scan",
                    "Parent Relationship": "Outer",
                    "Parallel Aware": true,
                    "Scan Direction": "Forward",
                    "Index Name": "movie_id_movie_companies",
                    "Relation Name": "movie_companies",
                    "Alias": "mc",
                    "Startup Cost": 0.43,
                    "Total Cost": 129315.97,
                    "Plan Rows": 1534782,
                    "Plan Width": 4,
                    "Actual Startup Time": 0.108,
                    "Actual Total Time": 407.969,
                    "Actual Rows": 1304474,
                    "Actual Loops": 2,
                    "Heap Fetches": 2608947
                  },
                  {
                    "Node Type": "Sort",
                    "Parent Relationship": "Inner",
                    "Parallel Aware": false,
                    "Startup Cost": 268695.68,
                    "Total Cost": 271133.05,
                    "Plan Rows": 974951,
                    "Plan Width": 8,
                    "Actual Startup Time": 1430.759,
                    "Actual Total Time": 1471.34,
                    "Actual Rows": 1081530,
                    "Actual Loops": 2,
                    "Sort Key": [
                      "mk.movie_id"
                    ],
                    "Sort Method": "quicksort",
                    "Sort Space Used": 49588,
                    "Sort Space Type": "Memory",
                    "Workers": [
                      {
                        "Worker Number": 0,
                        "Sort Method": "quicksort",
                        "Sort Space Used": 49588,
                        "Sort Space Type": "Memory"
                      }
                    ],
                    "Plans": [
                      {
                        "Node Type": "Hash Join",
                        "Parent Relationship": "Outer",
                        "Parallel Aware": false,
                        "Join Type": "Inner",
                        "Startup Cost": 125752.02,
                        "Total Cost": 171712.57,
                        "Plan Rows": 974951,
                        "Plan Width": 8,
                        "Actual Startup Time": 893.898,
                        "Actual Total Time": 1316.697,
                        "Actual Rows": 533568,
                        "Actual Loops": 2,
                        "Inner Unique": true,
                        "Hash Cond": "(mk.movie_id = t.id)",
                        "Plans": [
                          {
                            "Node Type": "Bitmap Heap Scan",
                            "Parent Relationship": "Outer",
                            "Parallel Aware": false,
                            "Relation Name": "movie_keyword",
                            "Alias": "mk",
                            "Startup Cost": 30160.31,
                            "Total Cost": 72388.31,
                            "Plan Rows": 1421920,
                            "Plan Width": 4,
                            "Actual Startup Time": 192.915,
                            "Actual Total Time": 385.471,
                            "Actual Rows": 1424351,
                            "Actual Loops": 2,
                            "Recheck Cond": "(keyword_id > 11694)",
                            "Rows Removed by Index Recheck": 0,
                            "Exact Heap Blocks": 24234,
                            "Lossy Heap Blocks": 0,
                            "Plans": [
                              {
                                "Node Type": "Bitmap Index Scan",
                                "Parent Relationship": "Outer",
                                "Parallel Aware": false,
                                "Index Name": "keyword_id_movie_keyword",
                                "Startup Cost": 0.0,
                                "Total Cost": 29804.83,
                                "Plan Rows": 1421920,
                                "Plan Width": 0,
                                "Actual Startup Time": 189.893,
                                "Actual Total Time": 189.894,
                                "Actual Rows": 1424351,
                                "Actual Loops": 2,
                                "Index Cond": "(keyword_id > 11694)"
                              }
                            ]
                          },
                          {
                            "Node Type": "Hash",
                            "Parent Relationship": "Inner",
                            "Parallel Aware": false,
                            "Startup Cost": 73922.39,
                            "Total Cost": 73922.39,
                            "Plan Rows": 1733545,
                            "Plan Width": 4,
                            "Actual Startup Time": 692.929,
                            "Actual Total Time": 692.931,
                            "Actual Rows": 1799904,
                            "Actual Loops": 2,
                            "Hash Buckets": 2097152,
                            "Original Hash Buckets": 2097152,
                            "Hash Batches": 1,
                            "Original Hash Batches": 1,
                            "Peak Memory Usage": 79662,
                            "Plans": [
                              {
                                "Node Type": "Seq Scan",
                                "Parent Relationship": "Outer",
                                "Parallel Aware": false,
                                "Relation Name": "title",
                                "Alias": "t",
                                "Startup Cost": 0.0,
                                "Total Cost": 73922.39,
                                "Plan Rows": 1733545,
                                "Plan Width": 4,
                                "Actual Startup Time": 0.036,
                                "Actual Total Time": 311.835,
                                "Actual Rows": 1799904,
                                "Actual Loops": 2,
                                "Filter": "((kind_id > 1) AND (production_year > 1927))",
                                "Rows Removed by Filter": 728408
                              }
                            ]
                          }
                        ]
                      }
                    ]
                  }
                ]
              }
            ]
          }
        ]
      }
    ]
  },
  "Planning Time": 1.087,
  "Triggers": [],
  "Execution Time": 2125.83
}