[
  {
    "Plan": {
      "Node Type": "Aggregate",
      "Strategy": "Plain",
      "Partial Mode": "Finalize",
      "Parallel Aware": false,
      "Startup Cost": 414706.67,
      "Total Cost": 414706.68,
      "Plan Rows": 1,
      "Plan Width": 8,
      "Actual Startup Time": 663.61,
      "Actual Total Time": 729.548,
      "Actual Rows": 1,
      "Actual Loops": 1,
      "Plans": [
        {
          "Node Type": "Gather",
          "Parent Relationship": "Outer",
          "Parallel Aware": false,
          "Startup Cost": 414706.15,
          "Total Cost": 414706.66,
          "Plan Rows": 5,
          "Plan Width": 8,
          "Actual Startup Time": 659.058,
          "Actual Total Time": 729.54,
          "Actual Rows": 6,
          "Actual Loops": 1,
          "Workers Planned": 5,
          "Workers Launched": 5,
          "Single Copy": false,
          "Plans": [
            {
              "Node Type": "Aggregate",
              "Strategy": "Plain",
              "Partial Mode": "Partial",
              "Parent Relationship": "Outer",
              "Parallel Aware": false,
              "Startup Cost": 413706.15,
              "Total Cost": 413706.16,
              "Plan Rows": 1,
              "Plan Width": 8,
              "Actual Startup Time": 646.651,
              "Actual Total Time": 646.657,
              "Actual Rows": 1,
              "Actual Loops": 6,
              "Plans": [
                {
                  "Node Type": "Nested Loop",
                  "Parent Relationship": "Outer",
                  "Parallel Aware": false,
                  "Join Type": "Inner",
                  "Startup Cost": 72469.28,
                  "Total Cost": 411424.41,
                  "Plan Rows": 912695,
                  "Plan Width": 0,
                  "Actual Startup Time": 194.944,
                  "Actual Total Time": 631.852,
                  "Actual Rows": 235256,
                  "Actual Loops": 6,
                  "Inner Unique": false,
                  "Join Filter": "(t.id = ci.movie_id)",
                  "Rows Removed by Join Filter": 0,
                  "Plans": [
                    {
                      "Node Type": "Hash Join",
                      "Parent Relationship": "Outer",
                      "Parallel Aware": true,
                      "Join Type": "Inner",
                      "Startup Cost": 72468.71,
                      "Total Cost": 238677.22,
                      "Plan Rows": 63657,
                      "Plan Width": 8,
                      "Actual Startup Time": 194.742,
                      "Actual Total Time": 267.71,
                      "Actual Rows": 6899,
                      "Actual Loops": 6,
                      "Inner Unique": true,
                      "Hash Cond": "(mi.movie_id = t.id)",
                      "Plans": [
                        {
                          "Node Type": "Bitmap Heap Scan",
                          "Parent Relationship": "Outer",
                          "Parallel Aware": true,
                          "Relation Name": "movie_info",
                          "Alias": "mi",
                          "Startup Cost": 25184.48,
                          "Total Cost": 190661.36,
                          "Plan Rows": 278711,
                          "Plan Width": 4,
                          "Actual Startup Time": 46.353,
                          "Actual Total Time": 74.149,
                          "Actual Rows": 233650,
                          "Actual Loops": 6,
                          "Recheck Cond": "(info_type_id = 7)",
                          "Rows Removed by Index Recheck": 0,
                          "Exact Heap Blocks": 2770,
                          "Lossy Heap Blocks": 0,
                          "Plans": [
                            {
                              "Node Type": "Bitmap Index Scan",
                              "Parent Relationship": "Outer",
                              "Parallel Aware": false,
                              "Index Name": "info_type_id_movie_info",
                              "Startup Cost": 0.0,
                              "Total Cost": 24836.09,
                              "Plan Rows": 1393554,
                              "Plan Width": 0,
                              "Actual Startup Time": 44.619,
                              "Actual Total Time": 44.62,
                              "Actual Rows": 1401902,
                              "Actual Loops": 1,
                              "Index Cond": "(info_type_id = 7)"
                            }
                          ]
                        },
                        {
                          "Node Type": "Hash",
                          "Parent Relationship": "Inner",
                          "Parallel Aware": true,
                          "Startup Cost": 45479.59,
                          "Total Cost": 45479.59,
                          "Plan Rows": 144372,
                          "Plan Width": 4,
                          "Actual Startup Time": 144.468,
                          "Actual Total Time": 144.469,
                          "Actual Rows": 100422,
                          "Actual Loops": 6,
                          "Hash Buckets": 1048576,
                          "Original Hash Buckets": 1048576,
                          "Hash Batches": 1,
                          "Original Hash Batches": 1,
                          "Peak Memory Usage": 31904,
                          "Plans": [
                            {
                              "Node Type": "Seq Scan",
                              "Parent Relationship": "Outer",
                              "Parallel Aware": true,
                              "Relation Name": "title",
                              "Alias": "t",
                              "Startup Cost": 0.0,
                              "Total Cost": 45479.59,
                              "Plan Rows": 144372,
                              "Plan Width": 4,
                              "Actual Startup Time": 0.049,
                              "Actual Total Time": 91.522,
                              "Actual Rows": 100422,
                              "Actual Loops": 6,
                              "Filter": "((kind_id > 1) AND (production_year > 2007))",
                              "Rows Removed by Filter": 320963
                            }
                          ]
                        }
                      ]
                    },
                    {
                      "Node Type": "Index Only Scan",
                      "Parent Relationship": "Inner",
                      "Parallel Aware": false,
                      "Scan Direction": "Forward",
                      "Index Name": "movie_id_cast_info",
                      "Relation Name": "cast_info",
                      "Alias": "ci",
                      "Startup Cost": 0.56,
                      "Total Cost": 2.28,
                      "Plan Rows": 35,
                      "Plan Width": 4,
                      "Actual Startup Time": 0.007,
                      "Actual Total Time": 0.048,
                      "Actual Rows": 34,
                      "Actual Loops": 41395,
                      "Index Cond": "(movie_id = mi.movie_id)",
                      "Rows Removed by Index Recheck": 0,
                      "Heap Fetches": 1411533
                    }
                  ]
                }
              ]
            }
          ]
        }
      ]
    },
    "Planning Time": 1.37,
    "Triggers": [],
    "Execution Time": 729.685
  }
]