[
  {
    "Plan": {
      "Node Type": "Aggregate",
      "Strategy": "Plain",
      "Partial Mode": "Finalize",
      "Parallel Aware": false,
      "Startup Cost": 44364.36,
      "Total Cost": 44364.37,
      "Plan Rows": 1,
      "Plan Width": 8,
      "Actual Startup Time": 113.245,
      "Actual Total Time": 122.891,
      "Actual Rows": 1,
      "Actual Loops": 1,
      "Plans": [
        {
          "Node Type": "Gather",
          "Parent Relationship": "Outer",
          "Parallel Aware": false,
          "Startup Cost": 44364.04,
          "Total Cost": 44364.35,
          "Plan Rows": 3,
          "Plan Width": 8,
          "Actual Startup Time": 113.126,
          "Actual Total Time": 122.883,
          "Actual Rows": 4,
          "Actual Loops": 1,
          "Workers Planned": 3,
          "Workers Launched": 3,
          "Single Copy": false,
          "Plans": [
            {
              "Node Type": "Aggregate",
              "Strategy": "Plain",
              "Partial Mode": "Partial",
              "Parent Relationship": "Outer",
              "Parallel Aware": false,
              "Startup Cost": 43364.04,
              "Total Cost": 43364.05,
              "Plan Rows": 1,
              "Plan Width": 8,
              "Actual Startup Time": 108.456,
              "Actual Total Time": 108.458,
              "Actual Rows": 1,
              "Actual Loops": 4,
              "Plans": [
                {
                  "Node Type": "Seq Scan",
                  "Parent Relationship": "Outer",
                  "Parallel Aware": true,
                  "Relation Name": "movie_keyword",
                  "Alias": "mk",
                  "Startup Cost": 0.0,
                  "Total Cost": 42695.65,
                  "Plan Rows": 267354,
                  "Plan Width": 0,
                  "Actual Startup Time": 3.695,
                  "Actual Total Time": 98.636,
                  "Actual Rows": 203187,
                  "Actual Loops": 4,
                  "Filter": "(keyword_id > 22549)",
                  "Rows Removed by Filter": 927796
                }
              ]
            }
          ]
        }
      ]
    },
    "Planning Time": 0.114,
    "Triggers": [],
    "Execution Time": 122.933
  }
]