[
    {
        "Bao": {
            "Bao prediction": 442.421,
            "Bao recommended hint": "SET enable_mergejoin TO off; "
        }
    },
    {
        "Plan": {
            "Node Type": "Aggregate",
            "Strategy": "Plain",
            "Partial Mode": "Finalize",
            "Parallel Aware": false,
            "Startup Cost": 32887.41,
            "Total Cost": 32887.42,
            "Plan Rows": 1,
            "Plan Width": 8,
            "Actual Startup Time": 111.162,
            "Actual Total Time": 115.989,
            "Actual Rows": 1,
            "Actual Loops": 1,
            "Output": [
                "count(*)"
            ],
            "Plans": [
                {
                    "Node Type": "Gather",
                    "Parent Relationship": "Outer",
                    "Parallel Aware": false,
                    "Startup Cost": 32887.09,
                    "Total Cost": 32887.4,
                    "Plan Rows": 3,
                    "Plan Width": 8,
                    "Actual Startup Time": 111.044,
                    "Actual Total Time": 115.981,
                    "Actual Rows": 4,
                    "Actual Loops": 1,
                    "Output": [
                        "(PARTIAL count(*))"
                    ],
                    "Workers Planned": 3,
                    "Workers Launched": 3,
                    "Single Copy": false,
                    "Plans": [
                        {
                            "Node Type": "Aggregate",
                            "Strategy": "Plain",
                            "Partial Mode": "Partial",
                            "Parent Relationship": "Outer",
                            "Parallel Aware": false,
                            "Startup Cost": 31887.09,
                            "Total Cost": 31887.1,
                            "Plan Rows": 1,
                            "Plan Width": 8,
                            "Actual Startup Time": 103.426,
                            "Actual Total Time": 103.427,
                            "Actual Rows": 1,
                            "Actual Loops": 4,
                            "Output": [
                                "PARTIAL count(*)"
                            ],
                            "Workers": [
                                {
                                    "Worker Number": 0,
                                    "Actual Startup Time": 100.967,
                                    "Actual Total Time": 100.969,
                                    "Actual Rows": 1,
                                    "Actual Loops": 1
                                },
                                {
                                    "Worker Number": 1,
                                    "Actual Startup Time": 101.12,
                                    "Actual Total Time": 101.121,
                                    "Actual Rows": 1,
                                    "Actual Loops": 1
                                },
                                {
                                    "Worker Number": 2,
                                    "Actual Startup Time": 101.153,
                                    "Actual Total Time": 101.154,
                                    "Actual Rows": 1,
                                    "Actual Loops": 1
                                }
                            ],
                            "Plans": [
                                {
                                    "Node Type": "Seq Scan",
                                    "Parent Relationship": "Outer",
                                    "Parallel Aware": true,
                                    "Relation Name": "movie_companies",
                                    "Schema": "public",
                                    "Alias": "mc",
                                    "Startup Cost": 0.0,
                                    "Total Cost": 31414.82,
                                    "Plan Rows": 188910,
                                    "Plan Width": 0,
                                    "Actual Startup Time": 49.131,
                                    "Actual Total Time": 91.407,
                                    "Actual Rows": 217204,
                                    "Actual Loops": 4,
                                    "Output": [
                                        "id",
                                        "movie_id",
                                        "company_id",
                                        "company_type_id",
                                        "note"
                                    ],
                                    "Filter": "((mc.company_id > 13015) AND (mc.company_type_id = 2))",
                                    "Rows Removed by Filter": 435079,
                                    "Workers": [
                                        {
                                            "Worker Number": 0,
                                            "Actual Startup Time": 46.686,
                                            "Actual Total Time": 89.031,
                                            "Actual Rows": 181852,
                                            "Actual Loops": 1
                                        },
                                        {
                                            "Worker Number": 1,
                                            "Actual Startup Time": 46.821,
                                            "Actual Total Time": 89.122,
                                            "Actual Rows": 181601,
                                            "Actual Loops": 1
                                        },
                                        {
                                            "Worker Number": 2,
                                            "Actual Startup Time": 46.844,
                                            "Actual Total Time": 89.159,
                                            "Actual Rows": 182064,
                                            "Actual Loops": 1
                                        }
                                    ]
                                }
                            ]
                        }
                    ]
                }
            ]
        },
        "Planning Time": 919.705,
        "Triggers": [],
        "Execution Time": 116.076
    }
]