[
  {
    "Plan": {
      "Node Type": "Aggregate",
      "Strategy": "Plain",
      "Partial Mode": "Finalize",
      "Parallel Aware": false,
      "Startup Cost": 107684.38,
      "Total Cost": 107684.39,
      "Plan Rows": 1,
      "Plan Width": 8,
      "Actual Startup Time": 599.273,
      "Actual Total Time": 616.088,
      "Actual Rows": 1,
      "Actual Loops": 1,
      "Plans": [
        {
          "Node Type": "Gather",
          "Parent Relationship": "Outer",
          "Parallel Aware": false,
          "Startup Cost": 107684.17,
          "Total Cost": 107684.38,
          "Plan Rows": 2,
          "Plan Width": 8,
          "Actual Startup Time": 595.638,
          "Actual Total Time": 616.078,
          "Actual Rows": 3,
          "Actual Loops": 1,
          "Workers Planned": 2,
          "Workers Launched": 2,
          "Single Copy": false,
          "Plans": [
            {
              "Node Type": "Aggregate",
              "Strategy": "Plain",
              "Partial Mode": "Partial",
              "Parent Relationship": "Outer",
              "Parallel Aware": false,
              "Startup Cost": 106684.17,
              "Total Cost": 106684.18,
              "Plan Rows": 1,
              "Plan Width": 8,
              "Actual Startup Time": 592.477,
              "Actual Total Time": 592.849,
              "Actual Rows": 1,
              "Actual Loops": 3,
              "Plans": [
                {
                  "Node Type": "Hash Join",
                  "Parent Relationship": "Outer",
                  "Parallel Aware": true,
                  "Join Type": "Inner",
                  "Startup Cost": 90586.91,
                  "Total Cost": 106572.48,
                  "Plan Rows": 44676,
                  "Plan Width": 0,
                  "Actual Startup Time": 453.261,
                  "Actual Total Time": 575.833,
                  "Actual Rows": 304998,
                  "Actual Loops": 3,
                  "Inner Unique": false,
                  "Hash Cond": "(mi_idx.movie_id = t.id)",
                  "Plans": [
                    {
                      "Node Type": "Seq Scan",
                      "Parent Relationship": "Outer",
                      "Parallel Aware": true,
                      "Relation Name": "movie_info_idx",
                      "Alias": "mi_idx",
                      "Startup Cost": 0.0,
                      "Total Cost": 13685.15,
                      "Plan Rows": 575015,
                      "Plan Width": 4,
                      "Actual Startup Time": 0.016,
                      "Actual Total Time": 44.117,
                      "Actual Rows": 460012,
                      "Actual Loops": 3
                    },
                    {
                      "Node Type": "Hash",
                      "Parent Relationship": "Inner",
                      "Parallel Aware": true,
                      "Startup Cost": 89794.77,
                      "Total Cost": 89794.77,
                      "Plan Rows": 63371,
                      "Plan Width": 8,
                      "Actual Startup Time": 450.509,
                      "Actual Total Time": 450.879,
                      "Actual Rows": 127588,
                      "Actual Loops": 3,
                      "Hash Buckets": 524288,
                      "Original Hash Buckets": 262144,
                      "Hash Batches": 1,
                      "Original Hash Batches": 1,
                      "Peak Memory Usage": 21184,
                      "Plans": [
                        {
                          "Node Type": "Hash Join",
                          "Parent Relationship": "Outer",
                          "Parallel Aware": true,
                          "Join Type": "Inner",
                          "Startup Cost": 44383.3,
                          "Total Cost": 89794.77,
                          "Plan Rows": 63371,
                          "Plan Width": 8,
                          "Actual Startup Time": 131.146,
                          "Actual Total Time": 410.582,
                          "Actual Rows": 127588,
                          "Actual Loops": 3,
                          "Inner Unique": true,
                          "Hash Cond": "(mk.movie_id = t.id)",
                          "Plans": [
                            {
                              "Node Type": "Seq Scan",
                              "Parent Relationship": "Outer",
                              "Parallel Aware": true,
                              "Relation Name": "movie_keyword",
                              "Alias": "mk",
                              "Startup Cost": 0.0,
                              "Total Cost": 42695.65,
                              "Plan Rows": 1034598,
                              "Plan Width": 4,
                              "Actual Startup Time": 0.137,
                              "Actual Total Time": 168.988,
                              "Actual Rows": 1067829,
                              "Actual Loops": 3,
                              "Filter": "(keyword_id > 1731)",
                              "Rows Removed by Filter": 440148
                            },
                            {
                              "Node Type": "Hash",
                              "Parent Relationship": "Inner",
                              "Parallel Aware": true,
                              "Startup Cost": 43899.32,
                              "Total Cost": 43899.32,
                              "Plan Rows": 38718,
                              "Plan Width": 4,
                              "Actual Startup Time": 129.11,
                              "Actual Total Time": 129.112,
                              "Actual Rows": 56316,
                              "Actual Loops": 3,
                              "Hash Buckets": 262144,
                              "Original Hash Buckets": 262144,
                              "Hash Batches": 1,
                              "Original Hash Batches": 1,
                              "Peak Memory Usage": 8704,
                              "Plans": [
                                {
                                  "Node Type": "Seq Scan",
                                  "Parent Relationship": "Outer",
                                  "Parallel Aware": true,
                                  "Relation Name": "title",
                                  "Alias": "t",
                                  "Startup Cost": 0.0,
                                  "Total Cost": 43899.32,
                                  "Plan Rows": 38718,
                                  "Plan Width": 4,
                                  "Actual Startup Time": 0.123,
                                  "Actual Total Time": 112.029,
                                  "Actual Rows": 56316,
                                  "Actual Loops": 3,
                                  "Filter": "(production_year < 1951)",
                                  "Rows Removed by Filter": 786455
                                }
                              ]
                            }
                          ]
                        }
                      ]
                    }
                  ]
                }
              ]
            }
          ]
        }
      ]
    },
    "Planning Time": 0.763,
    "Triggers": [],
    "Execution Time": 616.149
  }
]