[
  {
    "Plan": {
      "Node Type": "Aggregate",
      "Strategy": "Plain",
      "Partial Mode": "Finalize",
      "Parallel Aware": false,
      "Startup Cost": 107782.11,
      "Total Cost": 107782.12,
      "Plan Rows": 1,
      "Plan Width": 8,
      "Actual Startup Time": 480.639,
      "Actual Total Time": 500.154,
      "Actual Rows": 1,
      "Actual Loops": 1,
      "Plans": [
        {
          "Node Type": "Gather",
          "Parent Relationship": "Outer",
          "Parallel Aware": false,
          "Startup Cost": 107781.89,
          "Total Cost": 107782.1,
          "Plan Rows": 2,
          "Plan Width": 8,
          "Actual Startup Time": 479.271,
          "Actual Total Time": 500.147,
          "Actual Rows": 3,
          "Actual Loops": 1,
          "Workers Planned": 2,
          "Workers Launched": 2,
          "Single Copy": false,
          "Plans": [
            {
              "Node Type": "Aggregate",
              "Strategy": "Plain",
              "Partial Mode": "Partial",
              "Parent Relationship": "Outer",
              "Parallel Aware": false,
              "Startup Cost": 106781.89,
              "Total Cost": 106781.9,
              "Plan Rows": 1,
              "Plan Width": 8,
              "Actual Startup Time": 471.316,
              "Actual Total Time": 471.321,
              "Actual Rows": 1,
              "Actual Loops": 3,
              "Plans": [
                {
                  "Node Type": "Hash Join",
                  "Parent Relationship": "Outer",
                  "Parallel Aware": true,
                  "Join Type": "Inner",
                  "Startup Cost": 90669.31,
                  "Total Cost": 106663.51,
                  "Plan Rows": 47351,
                  "Plan Width": 0,
                  "Actual Startup Time": 368.497,
                  "Actual Total Time": 459.48,
                  "Actual Rows": 304998,
                  "Actual Loops": 3,
                  "Inner Unique": false,
                  "Hash Cond": "(mi_idx.movie_id = t.id)",
                  "Plans": [
                    {
                      "Node Type": "Seq Scan",
                      "Parent Relationship": "Outer",
                      "Parallel Aware": true,
                      "Relation Name": "movie_info_idx",
                      "Alias": "mi_idx",
                      "Startup Cost": 0.0,
                      "Total Cost": 13685.15,
                      "Plan Rows": 575015,
                      "Plan Width": 4,
                      "Actual Startup Time": 0.022,
                      "Actual Total Time": 32.341,
                      "Actual Rows": 460012,
                      "Actual Loops": 3
                    },
                    {
                      "Node Type": "Hash",
                      "Parent Relationship": "Inner",
                      "Parallel Aware": true,
                      "Startup Cost": 89829.79,
                      "Total Cost": 89829.79,
                      "Plan Rows": 67162,
                      "Plan Width": 8,
                      "Actual Startup Time": 363.584,
                      "Actual Total Time": 363.587,
                      "Actual Rows": 127588,
                      "Actual Loops": 3,
                      "Hash Buckets": 524288,
                      "Original Hash Buckets": 262144,
                      "Hash Batches": 1,
                      "Original Hash Batches": 1,
                      "Peak Memory Usage": 21152,
                      "Plans": [
                        {
                          "Node Type": "Hash Join",
                          "Parent Relationship": "Outer",
                          "Parallel Aware": true,
                          "Join Type": "Inner",
                          "Startup Cost": 44410.3,
                          "Total Cost": 89829.79,
                          "Plan Rows": 67162,
                          "Plan Width": 8,
                          "Actual Startup Time": 118.751,
                          "Actual Total Time": 333.315,
                          "Actual Rows": 127588,
                          "Actual Loops": 3,
                          "Inner Unique": true,
                          "Hash Cond": "(mk.movie_id = t.id)",
                          "Plans": [
                            {
                              "Node Type": "Seq Scan",
                              "Parent Relationship": "Outer",
                              "Parallel Aware": true,
                              "Relation Name": "movie_keyword",
                              "Alias": "mk",
                              "Startup Cost": 0.0,
                              "Total Cost": 42695.65,
                              "Plan Rows": 1037650,
                              "Plan Width": 4,
                              "Actual Startup Time": 0.108,
                              "Actual Total Time": 131.964,
                              "Actual Rows": 1067829,
                              "Actual Loops": 3,
                              "Filter": "(keyword_id > 1731)",
                              "Rows Removed by Filter": 440148
                            },
                            {
                              "Node Type": "Hash",
                              "Parent Relationship": "Inner",
                              "Parallel Aware": true,
                              "Startup Cost": 43898.92,
                              "Total Cost": 43898.92,
                              "Plan Rows": 40911,
                              "Plan Width": 4,
                              "Actual Startup Time": 116.17,
                              "Actual Total Time": 116.171,
                              "Actual Rows": 56316,
                              "Actual Loops": 3,
                              "Hash Buckets": 262144,
                              "Original Hash Buckets": 262144,
                              "Hash Batches": 1,
                              "Original Hash Batches": 1,
                              "Peak Memory Usage": 8704,
                              "Plans": [
                                {
                                  "Node Type": "Seq Scan",
                                  "Parent Relationship": "Outer",
                                  "Parallel Aware": true,
                                  "Relation Name": "title",
                                  "Alias": "t",
                                  "Startup Cost": 0.0,
                                  "Total Cost": 43898.92,
                                  "Plan Rows": 40911,
                                  "Plan Width": 4,
                                  "Actual Startup Time": 0.276,
                                  "Actual Total Time": 102.194,
                                  "Actual Rows": 56316,
                                  "Actual Loops": 3,
                                  "Filter": "(production_year < 1951)",
                                  "Rows Removed by Filter": 786455
                                }
                              ]
                            }
                          ]
                        }
                      ]
                    }
                  ]
                }
              ]
            }
          ]
        }
      ]
    },
    "Planning Time": 1.368,
    "Triggers": [],
    "Execution Time": 500.239
  }
]