[
    {
        "Bao": {
            "Bao prediction": 873.679,
            "Bao recommended hint": "SET enable_nestloop TO off; SET enable_mergejoin TO off; SET enable_indexscan TO off; "
        }
    },
    {
        "Plan": {
            "Node Type": "Aggregate",
            "Strategy": "Plain",
            "Partial Mode": "Finalize",
            "Parallel Aware": false,
            "Startup Cost": 280262.26,
            "Total Cost": 280262.27,
            "Plan Rows": 1,
            "Plan Width": 8,
            "Actual Startup Time": 770.245,
            "Actual Total Time": 798.867,
            "Actual Rows": 1,
            "Actual Loops": 1,
            "Output": [
                "count(*)"
            ],
            "Plans": [
                {
                    "Node Type": "Gather",
                    "Parent Relationship": "Outer",
                    "Parallel Aware": false,
                    "Startup Cost": 280261.74,
                    "Total Cost": 280262.25,
                    "Plan Rows": 5,
                    "Plan Width": 8,
                    "Actual Startup Time": 770.076,
                    "Actual Total Time": 798.857,
                    "Actual Rows": 6,
                    "Actual Loops": 1,
                    "Output": [
                        "(PARTIAL count(*))"
                    ],
                    "Workers Planned": 5,
                    "Workers Launched": 5,
                    "Single Copy": false,
                    "Plans": [
                        {
                            "Node Type": "Aggregate",
                            "Strategy": "Plain",
                            "Partial Mode": "Partial",
                            "Parent Relationship": "Outer",
                            "Parallel Aware": false,
                            "Startup Cost": 279261.74,
                            "Total Cost": 279261.75,
                            "Plan Rows": 1,
                            "Plan Width": 8,
                            "Actual Startup Time": 760.076,
                            "Actual Total Time": 760.081,
                            "Actual Rows": 1,
                            "Actual Loops": 6,
                            "Output": [
                                "PARTIAL count(*)"
                            ],
                            "Workers": [
                                {
                                    "Worker Number": 0,
                                    "Actual Startup Time": 757.634,
                                    "Actual Total Time": 757.639,
                                    "Actual Rows": 1,
                                    "Actual Loops": 1
                                },
                                {
                                    "Worker Number": 1,
                                    "Actual Startup Time": 757.932,
                                    "Actual Total Time": 757.937,
                                    "Actual Rows": 1,
                                    "Actual Loops": 1
                                },
                                {
                                    "Worker Number": 2,
                                    "Actual Startup Time": 758.15,
                                    "Actual Total Time": 758.155,
                                    "Actual Rows": 1,
                                    "Actual Loops": 1
                                },
                                {
                                    "Worker Number": 3,
                                    "Actual Startup Time": 758.646,
                                    "Actual Total Time": 758.651,
                                    "Actual Rows": 1,
                                    "Actual Loops": 1
                                },
                                {
                                    "Worker Number": 4,
                                    "Actual Startup Time": 758.952,
                                    "Actual Total Time": 758.956,
                                    "Actual Rows": 1,
                                    "Actual Loops": 1
                                }
                            ],
                            "Plans": [
                                {
                                    "Node Type": "Hash Join",
                                    "Parent Relationship": "Outer",
                                    "Parallel Aware": true,
                                    "Join Type": "Inner",
                                    "Startup Cost": 76689.28,
                                    "Total Cost": 279260.27,
                                    "Plan Rows": 588,
                                    "Plan Width": 0,
                                    "Actual Startup Time": 618.664,
                                    "Actual Total Time": 760.073,
                                    "Actual Rows": 16,
                                    "Actual Loops": 6,
                                    "Inner Unique": false,
                                    "Hash Cond": "(mi.movie_id = t.id)",
                                    "Workers": [
                                        {
                                            "Worker Number": 0,
                                            "Actual Startup Time": 333.413,
                                            "Actual Total Time": 757.622,
                                            "Actual Rows": 80,
                                            "Actual Loops": 1
                                        },
                                        {
                                            "Worker Number": 1,
                                            "Actual Startup Time": 757.926,
                                            "Actual Total Time": 757.931,
                                            "Actual Rows": 0,
                                            "Actual Loops": 1
                                        },
                                        {
                                            "Worker Number": 2,
                                            "Actual Startup Time": 758.145,
                                            "Actual Total Time": 758.149,
                                            "Actual Rows": 0,
                                            "Actual Loops": 1
                                        },
                                        {
                                            "Worker Number": 3,
                                            "Actual Startup Time": 758.64,
                                            "Actual Total Time": 758.644,
                                            "Actual Rows": 0,
                                            "Actual Loops": 1
                                        },
                                        {
                                            "Worker Number": 4,
                                            "Actual Startup Time": 334.718,
                                            "Actual Total Time": 758.945,
                                            "Actual Rows": 18,
                                            "Actual Loops": 1
                                        }
                                    ],
                                    "Plans": [
                                        {
                                            "Node Type": "Seq Scan",
                                            "Parent Relationship": "Outer",
                                            "Parallel Aware": true,
                                            "Relation Name": "movie_info",
                                            "Schema": "public",
                                            "Alias": "mi",
                                            "Startup Cost": 0.0,
                                            "Total Cost": 191503.19,
                                            "Plan Rows": 2951019,
                                            "Plan Width": 4,
                                            "Actual Startup Time": 0.032,
                                            "Actual Total Time": 383.421,
                                            "Actual Rows": 2472620,
                                            "Actual Loops": 6,
                                            "Output": [
                                                "mi.id",
                                                "mi.movie_id",
                                                "mi.info_type_id",
                                                "mi.info",
                                                "mi.note"
                                            ],
                                            "Workers": [
                                                {
                                                    "Worker Number": 0,
                                                    "Actual Startup Time": 0.042,
                                                    "Actual Total Time": 395.6,
                                                    "Actual Rows": 2333680,
                                                    "Actual Loops": 1
                                                },
                                                {
                                                    "Worker Number": 1,
                                                    "Actual Startup Time": 0.037,
                                                    "Actual Total Time": 389.658,
                                                    "Actual Rows": 2390079,
                                                    "Actual Loops": 1
                                                },
                                                {
                                                    "Worker Number": 2,
                                                    "Actual Startup Time": 0.038,
                                                    "Actual Total Time": 395.391,
                                                    "Actual Rows": 2328157,
                                                    "Actual Loops": 1
                                                },
                                                {
                                                    "Worker Number": 3,
                                                    "Actual Startup Time": 0.031,
                                                    "Actual Total Time": 390.924,
                                                    "Actual Rows": 2383272,
                                                    "Actual Loops": 1
                                                },
                                                {
                                                    "Worker Number": 4,
                                                    "Actual Startup Time": 0.034,
                                                    "Actual Total Time": 389.755,
                                                    "Actual Rows": 2384734,
                                                    "Actual Loops": 1
                                                }
                                            ]
                                        },
                                        {
                                            "Node Type": "Hash",
                                            "Parent Relationship": "Inner",
                                            "Parallel Aware": true,
                                            "Startup Cost": 76687.71,
                                            "Total Cost": 76687.71,
                                            "Plan Rows": 126,
                                            "Plan Width": 8,
                                            "Actual Startup Time": 126.561,
                                            "Actual Total Time": 126.565,
                                            "Actual Rows": 16,
                                            "Actual Loops": 6,
                                            "Output": [
                                                "t.id",
                                                "ci.movie_id"
                                            ],
                                            "Hash Buckets": 1024,
                                            "Original Hash Buckets": 1024,
                                            "Hash Batches": 1,
                                            "Original Hash Batches": 1,
                                            "Peak Memory Usage": 200,
                                            "Workers": [
                                                {
                                                    "Worker Number": 0,
                                                    "Actual Startup Time": 124.617,
                                                    "Actual Total Time": 124.62,
                                                    "Actual Rows": 15,
                                                    "Actual Loops": 1
                                                },
                                                {
                                                    "Worker Number": 1,
                                                    "Actual Startup Time": 124.926,
                                                    "Actual Total Time": 124.929,
                                                    "Actual Rows": 12,
                                                    "Actual Loops": 1
                                                },
                                                {
                                                    "Worker Number": 2,
                                                    "Actual Startup Time": 125.117,
                                                    "Actual Total Time": 125.12,
                                                    "Actual Rows": 20,
                                                    "Actual Loops": 1
                                                },
                                                {
                                                    "Worker Number": 3,
                                                    "Actual Startup Time": 125.667,
                                                    "Actual Total Time": 125.67,
                                                    "Actual Rows": 19,
                                                    "Actual Loops": 1
                                                },
                                                {
                                                    "Worker Number": 4,
                                                    "Actual Startup Time": 125.927,
                                                    "Actual Total Time": 125.929,
                                                    "Actual Rows": 9,
                                                    "Actual Loops": 1
                                                }
                                            ],
                                            "Plans": [
                                                {
                                                    "Node Type": "Hash Join",
                                                    "Parent Relationship": "Outer",
                                                    "Parallel Aware": false,
                                                    "Join Type": "Inner",
                                                    "Startup Cost": 1973.54,
                                                    "Total Cost": 76687.71,
                                                    "Plan Rows": 126,
                                                    "Plan Width": 8,
                                                    "Actual Startup Time": 57.193,
                                                    "Actual Total Time": 126.459,
                                                    "Actual Rows": 16,
                                                    "Actual Loops": 6,
                                                    "Output": [
                                                        "t.id",
                                                        "ci.movie_id"
                                                    ],
                                                    "Inner Unique": false,
                                                    "Hash Cond": "(t.id = ci.movie_id)",
                                                    "Workers": [
                                                        {
                                                            "Worker Number": 0,
                                                            "Actual Startup Time": 55.13,
                                                            "Actual Total Time": 124.469,
                                                            "Actual Rows": 15,
                                                            "Actual Loops": 1
                                                        },
                                                        {
                                                            "Worker Number": 1,
                                                            "Actual Startup Time": 55.968,
                                                            "Actual Total Time": 124.839,
                                                            "Actual Rows": 12,
                                                            "Actual Loops": 1
                                                        },
                                                        {
                                                            "Worker Number": 2,
                                                            "Actual Startup Time": 55.723,
                                                            "Actual Total Time": 125.027,
                                                            "Actual Rows": 20,
                                                            "Actual Loops": 1
                                                        },
                                                        {
                                                            "Worker Number": 3,
                                                            "Actual Startup Time": 56.172,
                                                            "Actual Total Time": 125.559,
                                                            "Actual Rows": 19,
                                                            "Actual Loops": 1
                                                        },
                                                        {
                                                            "Worker Number": 4,
                                                            "Actual Startup Time": 56.628,
                                                            "Actual Total Time": 125.839,
                                                            "Actual Rows": 9,
                                                            "Actual Loops": 1
                                                        }
                                                    ],
                                                    "Plans": [
                                                        {
                                                            "Node Type": "Seq Scan",
                                                            "Parent Relationship": "Outer",
                                                            "Parallel Aware": true,
                                                            "Relation Name": "title",
                                                            "Schema": "public",
                                                            "Alias": "t",
                                                            "Startup Cost": 0.0,
                                                            "Total Cost": 42318.81,
                                                            "Plan Rows": 632080,
                                                            "Plan Width": 4,
                                                            "Actual Startup Time": 0.03,
                                                            "Actual Total Time": 82.403,
                                                            "Actual Rows": 421385,
                                                            "Actual Loops": 6,
                                                            "Output": [
                                                                "t.id",
                                                                "t.title",
                                                                "t.imdb_index",
                                                                "t.kind_id",
                                                                "t.production_year",
                                                                "t.imdb_id",
                                                                "t.phonetic_code",
                                                                "t.episode_of_id",
                                                                "t.season_nr",
                                                                "t.episode_nr",
                                                                "t.series_years",
                                                                "t.md5sum"
                                                            ],
                                                            "Workers": [
                                                                {
                                                                    "Worker Number": 0,
                                                                    "Actual Startup Time": 0.041,
                                                                    "Actual Total Time": 84.669,
                                                                    "Actual Rows": 372994,
                                                                    "Actual Loops": 1
                                                                },
                                                                {
                                                                    "Worker Number": 1,
                                                                    "Actual Startup Time": 0.023,
                                                                    "Actual Total Time": 83.964,
                                                                    "Actual Rows": 390105,
                                                                    "Actual Loops": 1
                                                                },
                                                                {
                                                                    "Worker Number": 2,
                                                                    "Actual Startup Time": 0.031,
                                                                    "Actual Total Time": 84.786,
                                                                    "Actual Rows": 380282,
                                                                    "Actual Loops": 1
                                                                },
                                                                {
                                                                    "Worker Number": 3,
                                                                    "Actual Startup Time": 0.036,
                                                                    "Actual Total Time": 84.925,
                                                                    "Actual Rows": 380346,
                                                                    "Actual Loops": 1
                                                                },
                                                                {
                                                                    "Worker Number": 4,
                                                                    "Actual Startup Time": 0.036,
                                                                    "Actual Total Time": 84.441,
                                                                    "Actual Rows": 393262,
                                                                    "Actual Loops": 1
                                                                }
                                                            ]
                                                        },
                                                        {
                                                            "Node Type": "Hash",
                                                            "Parent Relationship": "Inner",
                                                            "Parallel Aware": false,
                                                            "Startup Cost": 1967.24,
                                                            "Total Cost": 1967.24,
                                                            "Plan Rows": 504,
                                                            "Plan Width": 4,
                                                            "Actual Startup Time": 0.357,
                                                            "Actual Total Time": 0.359,
                                                            "Actual Rows": 98,
                                                            "Actual Loops": 6,
                                                            "Output": [
                                                                "ci.movie_id"
                                                            ],
                                                            "Hash Buckets": 1024,
                                                            "Original Hash Buckets": 1024,
                                                            "Hash Batches": 1,
                                                            "Original Hash Batches": 1,
                                                            "Peak Memory Usage": 12,
                                                            "Workers": [
                                                                {
                                                                    "Worker Number": 0,
                                                                    "Actual Startup Time": 0.377,
                                                                    "Actual Total Time": 0.378,
                                                                    "Actual Rows": 98,
                                                                    "Actual Loops": 1
                                                                },
                                                                {
                                                                    "Worker Number": 1,
                                                                    "Actual Startup Time": 0.381,
                                                                    "Actual Total Time": 0.383,
                                                                    "Actual Rows": 98,
                                                                    "Actual Loops": 1
                                                                },
                                                                {
                                                                    "Worker Number": 2,
                                                                    "Actual Startup Time": 0.398,
                                                                    "Actual Total Time": 0.4,
                                                                    "Actual Rows": 98,
                                                                    "Actual Loops": 1
                                                                },
                                                                {
                                                                    "Worker Number": 3,
                                                                    "Actual Startup Time": 0.365,
                                                                    "Actual Total Time": 0.367,
                                                                    "Actual Rows": 98,
                                                                    "Actual Loops": 1
                                                                },
                                                                {
                                                                    "Worker Number": 4,
                                                                    "Actual Startup Time": 0.402,
                                                                    "Actual Total Time": 0.403,
                                                                    "Actual Rows": 98,
                                                                    "Actual Loops": 1
                                                                }
                                                            ],
                                                            "Plans": [
                                                                {
                                                                    "Node Type": "Bitmap Heap Scan",
                                                                    "Parent Relationship": "Outer",
                                                                    "Parallel Aware": false,
                                                                    "Relation Name": "cast_info",
                                                                    "Schema": "public",
                                                                    "Alias": "ci",
                                                                    "Startup Cost": 12.47,
                                                                    "Total Cost": 1967.24,
                                                                    "Plan Rows": 504,
                                                                    "Plan Width": 4,
                                                                    "Actual Startup Time": 0.24,
                                                                    "Actual Total Time": 0.302,
                                                                    "Actual Rows": 98,
                                                                    "Actual Loops": 6,
                                                                    "Output": [
                                                                        "ci.movie_id"
                                                                    ],
                                                                    "Recheck Cond": "(ci.person_id = 2916495)",
                                                                    "Rows Removed by Index Recheck": 0,
                                                                    "Exact Heap Blocks": 2,
                                                                    "Lossy Heap Blocks": 0,
                                                                    "Workers": [
                                                                        {
                                                                            "Worker Number": 0,
                                                                            "Actual Startup Time": 0.256,
                                                                            "Actual Total Time": 0.319,
                                                                            "Actual Rows": 98,
                                                                            "Actual Loops": 1
                                                                        },
                                                                        {
                                                                            "Worker Number": 1,
                                                                            "Actual Startup Time": 0.274,
                                                                            "Actual Total Time": 0.331,
                                                                            "Actual Rows": 98,
                                                                            "Actual Loops": 1
                                                                        },
                                                                        {
                                                                            "Worker Number": 2,
                                                                            "Actual Startup Time": 0.257,
                                                                            "Actual Total Time": 0.342,
                                                                            "Actual Rows": 98,
                                                                            "Actual Loops": 1
                                                                        },
                                                                        {
                                                                            "Worker Number": 3,
                                                                            "Actual Startup Time": 0.247,
                                                                            "Actual Total Time": 0.308,
                                                                            "Actual Rows": 98,
                                                                            "Actual Loops": 1
                                                                        },
                                                                        {
                                                                            "Worker Number": 4,
                                                                            "Actual Startup Time": 0.283,
                                                                            "Actual Total Time": 0.346,
                                                                            "Actual Rows": 98,
                                                                            "Actual Loops": 1
                                                                        }
                                                                    ],
                                                                    "Plans": [
                                                                        {
                                                                            "Node Type": "Bitmap Index Scan",
                                                                            "Parent Relationship": "Outer",
                                                                            "Parallel Aware": false,
                                                                            "Index Name": "person_id_cast_info",
                                                                            "Startup Cost": 0.0,
                                                                            "Total Cost": 12.34,
                                                                            "Plan Rows": 504,
                                                                            "Plan Width": 0,
                                                                            "Actual Startup Time": 0.183,
                                                                            "Actual Total Time": 0.183,
                                                                            "Actual Rows": 98,
                                                                            "Actual Loops": 6,
                                                                            "Index Cond": "(ci.person_id = 2916495)",
                                                                            "Workers": [
                                                                                {
                                                                                    "Worker Number": 0,
                                                                                    "Actual Startup Time": 0.192,
                                                                                    "Actual Total Time": 0.192,
                                                                                    "Actual Rows": 98,
                                                                                    "Actual Loops": 1
                                                                                },
                                                                                {
                                                                                    "Worker Number": 1,
                                                                                    "Actual Startup Time": 0.209,
                                                                                    "Actual Total Time": 0.209,
                                                                                    "Actual Rows": 98,
                                                                                    "Actual Loops": 1
                                                                                },
                                                                                {
                                                                                    "Worker Number": 2,
                                                                                    "Actual Startup Time": 0.19,
                                                                                    "Actual Total Time": 0.19,
                                                                                    "Actual Rows": 98,
                                                                                    "Actual Loops": 1
                                                                                },
                                                                                {
                                                                                    "Worker Number": 3,
                                                                                    "Actual Startup Time": 0.184,
                                                                                    "Actual Total Time": 0.184,
                                                                                    "Actual Rows": 98,
                                                                                    "Actual Loops": 1
                                                                                },
                                                                                {
                                                                                    "Worker Number": 4,
                                                                                    "Actual Startup Time": 0.219,
                                                                                    "Actual Total Time": 0.219,
                                                                                    "Actual Rows": 98,
                                                                                    "Actual Loops": 1
                                                                                }
                                                                            ]
                                                                        }
                                                                    ]
                                                                }
                                                            ]
                                                        }
                                                    ]
                                                }
                                            ]
                                        }
                                    ]
                                }
                            ]
                        }
                    ]
                }
            ]
        },
        "Planning Time": 1827.081,
        "Triggers": [],
        "Execution Time": 799.037
    }
]