[
  {
    "Plan": {
      "Node Type": "Aggregate",
      "Strategy": "Plain",
      "Partial Mode": "Finalize",
      "Parallel Aware": false,
      "Startup Cost": 333741.39,
      "Total Cost": 333741.4,
      "Plan Rows": 1,
      "Plan Width": 8,
      "Actual Startup Time": 798.676,
      "Actual Total Time": 846.267,
      "Actual Rows": 1,
      "Actual Loops": 1,
      "Plans": [
        {
          "Node Type": "Gather",
          "Parent Relationship": "Outer",
          "Parallel Aware": false,
          "Startup Cost": 333740.76,
          "Total Cost": 333741.37,
          "Plan Rows": 6,
          "Plan Width": 8,
          "Actual Startup Time": 798.506,
          "Actual Total Time": 846.247,
          "Actual Rows": 7,
          "Actual Loops": 1,
          "Workers Planned": 6,
          "Workers Launched": 6,
          "Single Copy": false,
          "Plans": [
            {
              "Node Type": "Aggregate",
              "Strategy": "Plain",
              "Partial Mode": "Partial",
              "Parent Relationship": "Outer",
              "Parallel Aware": false,
              "Startup Cost": 332740.76,
              "Total Cost": 332740.77,
              "Plan Rows": 1,
              "Plan Width": 8,
              "Actual Startup Time": 790.878,
              "Actual Total Time": 790.88,
              "Actual Rows": 1,
              "Actual Loops": 7,
              "Plans": [
                {
                  "Node Type": "Seq Scan",
                  "Parent Relationship": "Outer",
                  "Parallel Aware": true,
                  "Relation Name": "cast_info",
                  "Alias": "ci",
                  "Startup Cost": 0.0,
                  "Total Cost": 328211.39,
                  "Plan Rows": 1811749,
                  "Plan Width": 0,
                  "Actual Startup Time": 0.048,
                  "Actual Total Time": 692.22,
                  "Actual Rows": 1561807,
                  "Actual Loops": 7,
                  "Filter": "(person_id < 1074460)",
                  "Rows Removed by Filter": 3615956
                }
              ]
            }
          ]
        }
      ]
    },
    "Planning Time": 0.119,
    "Triggers": [],
    "Execution Time": 846.316
  }
]