[
  {
    "Plan": {
      "Node Type": "Aggregate",
      "Strategy": "Plain",
      "Partial Mode": "Finalize",
      "Parallel Aware": false,
      "Startup Cost": 333715.49,
      "Total Cost": 333715.51,
      "Plan Rows": 1,
      "Plan Width": 8,
      "Actual Startup Time": 650.108,
      "Actual Total Time": 717.344,
      "Actual Rows": 1,
      "Actual Loops": 1,
      "Plans": [
        {
          "Node Type": "Gather",
          "Parent Relationship": "Outer",
          "Parallel Aware": false,
          "Startup Cost": 333714.87,
          "Total Cost": 333715.48,
          "Plan Rows": 6,
          "Plan Width": 8,
          "Actual Startup Time": 649.982,
          "Actual Total Time": 717.332,
          "Actual Rows": 7,
          "Actual Loops": 1,
          "Workers Planned": 6,
          "Workers Launched": 6,
          "Single Copy": false,
          "Plans": [
            {
              "Node Type": "Aggregate",
              "Strategy": "Plain",
              "Partial Mode": "Partial",
              "Parent Relationship": "Outer",
              "Parallel Aware": false,
              "Startup Cost": 332714.87,
              "Total Cost": 332714.88,
              "Plan Rows": 1,
              "Plan Width": 8,
              "Actual Startup Time": 641.115,
              "Actual Total Time": 641.116,
              "Actual Rows": 1,
              "Actual Loops": 7,
              "Plans": [
                {
                  "Node Type": "Seq Scan",
                  "Parent Relationship": "Outer",
                  "Parallel Aware": true,
                  "Relation Name": "cast_info",
                  "Alias": "ci",
                  "Startup Cost": 0.0,
                  "Total Cost": 328162.03,
                  "Plan Rows": 1821138,
                  "Plan Width": 0,
                  "Actual Startup Time": 0.049,
                  "Actual Total Time": 568.757,
                  "Actual Rows": 1561807,
                  "Actual Loops": 7,
                  "Filter": "(person_id < 1074460)",
                  "Rows Removed by Filter": 3615956
                }
              ]
            }
          ]
        }
      ]
    },
    "Planning Time": 0.207,
    "Triggers": [],
    "Execution Time": 717.422
  }
]