{
    "Plan": {
        "Node Type": "Aggregate",
        "Strategy": "Plain",
        "Partial Mode": "Finalize",
        "Parallel Aware": false,
        "Startup Cost": 468347.39,
        "Total Cost": 468347.4,
        "Plan Rows": 1,
        "Plan Width": 8,
        "Actual Startup Time": 3282.328,
        "Actual Total Time": 3332.613,
        "Actual Rows": 1,
        "Actual Loops": 1,
        "Output": [
            "count(*)"
        ],
        "Plans": [
            {
                "Node Type": "Gather",
                "Parent Relationship": "Outer",
                "Parallel Aware": false,
                "Startup Cost": 468346.76,
                "Total Cost": 468347.37,
                "Plan Rows": 6,
                "Plan Width": 8,
                "Actual Startup Time": 3247.577,
                "Actual Total Time": 3332.597,
                "Actual Rows": 7,
                "Actual Loops": 1,
                "Output": [
                    "(PARTIAL count(*))"
                ],
                "Workers Planned": 6,
                "Workers Launched": 6,
                "Single Copy": false,
                "Plans": [
                    {
                        "Node Type": "Aggregate",
                        "Strategy": "Plain",
                        "Partial Mode": "Partial",
                        "Parent Relationship": "Outer",
                        "Parallel Aware": false,
                        "Startup Cost": 467346.76,
                        "Total Cost": 467346.77,
                        "Plan Rows": 1,
                        "Plan Width": 8,
                        "Actual Startup Time": 3234.05,
                        "Actual Total Time": 3234.828,
                        "Actual Rows": 1,
                        "Actual Loops": 7,
                        "Output": [
                            "PARTIAL count(*)"
                        ],
                        "Workers": [
                            {
                                "Worker Number": 0,
                                "Actual Startup Time": 3229.53,
                                "Actual Total Time": 3229.543,
                                "Actual Rows": 1,
                                "Actual Loops": 1
                            },
                            {
                                "Worker Number": 1,
                                "Actual Startup Time": 3232.196,
                                "Actual Total Time": 3232.201,
                                "Actual Rows": 1,
                                "Actual Loops": 1
                            },
                            {
                                "Worker Number": 2,
                                "Actual Startup Time": 3229.49,
                                "Actual Total Time": 3229.497,
                                "Actual Rows": 1,
                                "Actual Loops": 1
                            },
                            {
                                "Worker Number": 3,
                                "Actual Startup Time": 3241.277,
                                "Actual Total Time": 3241.281,
                                "Actual Rows": 1,
                                "Actual Loops": 1
                            },
                            {
                                "Worker Number": 4,
                                "Actual Startup Time": 3229.493,
                                "Actual Total Time": 3229.499,
                                "Actual Rows": 1,
                                "Actual Loops": 1
                            },
                            {
                                "Worker Number": 5,
                                "Actual Startup Time": 3229.775,
                                "Actual Total Time": 3229.78,
                                "Actual Rows": 1,
                                "Actual Loops": 1
                            }
                        ],
                        "Plans": [
                            {
                                "Node Type": "Hash Join",
                                "Parent Relationship": "Outer",
                                "Parallel Aware": true,
                                "Join Type": "Inner",
                                "Startup Cost": 89022.94,
                                "Total Cost": 459090.16,
                                "Plan Rows": 3302642,
                                "Plan Width": 0,
                                "Actual Startup Time": 589.664,
                                "Actual Total Time": 3021.306,
                                "Actual Rows": 5224190,
                                "Actual Loops": 7,
                                "Inner Unique": false,
                                "Hash Cond": "(ci.movie_id = t.id)",
                                "Workers": [
                                    {
                                        "Worker Number": 0,
                                        "Actual Startup Time": 585.488,
                                        "Actual Total Time": 3015.466,
                                        "Actual Rows": 5461137,
                                        "Actual Loops": 1
                                    },
                                    {
                                        "Worker Number": 1,
                                        "Actual Startup Time": 585.557,
                                        "Actual Total Time": 3007.141,
                                        "Actual Rows": 4358360,
                                        "Actual Loops": 1
                                    },
                                    {
                                        "Worker Number": 2,
                                        "Actual Startup Time": 585.437,
                                        "Actual Total Time": 3027.66,
                                        "Actual Rows": 5034640,
                                        "Actual Loops": 1
                                    },
                                    {
                                        "Worker Number": 3,
                                        "Actual Startup Time": 597.212,
                                        "Actual Total Time": 3026.885,
                                        "Actual Rows": 5464295,
                                        "Actual Loops": 1
                                    },
                                    {
                                        "Worker Number": 4,
                                        "Actual Startup Time": 585.691,
                                        "Actual Total Time": 3027.379,
                                        "Actual Rows": 5042100,
                                        "Actual Loops": 1
                                    },
                                    {
                                        "Worker Number": 5,
                                        "Actual Startup Time": 585.71,
                                        "Actual Total Time": 3015.263,
                                        "Actual Rows": 5443643,
                                        "Actual Loops": 1
                                    }
                                ],
                                "Plans": [
                                    {
                                        "Node Type": "Seq Scan",
                                        "Parent Relationship": "Outer",
                                        "Parallel Aware": true,
                                        "Relation Name": "cast_info",
                                        "Schema": "public",
                                        "Alias": "ci",
                                        "Startup Cost": 0.0,
                                        "Total Cost": 343318.94,
                                        "Plan Rows": 4291894,
                                        "Plan Width": 4,
                                        "Actual Startup Time": 48.872,
                                        "Actual Total Time": 700.153,
                                        "Actual Rows": 3597264,
                                        "Actual Loops": 7,
                                        "Output": [
                                            "ci.id",
                                            "ci.person_id",
                                            "ci.movie_id",
                                            "ci.person_role_id",
                                            "ci.note",
                                            "ci.nr_order",
                                            "ci.role_id"
                                        ],
                                        "Filter": "((ci.person_id > 387591) AND (ci.role_id < 8))",
                                        "Rows Removed by Filter": 1580499,
                                        "Workers": [
                                            {
                                                "Worker Number": 0,
                                                "Actual Startup Time": 48.889,
                                                "Actual Total Time": 710.841,
                                                "Actual Rows": 3761737,
                                                "Actual Loops": 1
                                            },
                                            {
                                                "Worker Number": 1,
                                                "Actual Startup Time": 48.879,
                                                "Actual Total Time": 731.403,
                                                "Actual Rows": 3003737,
                                                "Actual Loops": 1
                                            },
                                            {
                                                "Worker Number": 2,
                                                "Actual Startup Time": 48.892,
                                                "Actual Total Time": 700.79,
                                                "Actual Rows": 3448080,
                                                "Actual Loops": 1
                                            },
                                            {
                                                "Worker Number": 3,
                                                "Actual Startup Time": 48.889,
                                                "Actual Total Time": 712.688,
                                                "Actual Rows": 3777768,
                                                "Actual Loops": 1
                                            },
                                            {
                                                "Worker Number": 4,
                                                "Actual Startup Time": 48.878,
                                                "Actual Total Time": 702.392,
                                                "Actual Rows": 3466561,
                                                "Actual Loops": 1
                                            },
                                            {
                                                "Worker Number": 5,
                                                "Actual Startup Time": 48.877,
                                                "Actual Total Time": 711.253,
                                                "Actual Rows": 3737978,
                                                "Actual Loops": 1
                                            }
                                        ]
                                    },
                                    {
                                        "Node Type": "Hash",
                                        "Parent Relationship": "Inner",
                                        "Parallel Aware": true,
                                        "Startup Cost": 81177.94,
                                        "Total Cost": 81177.94,
                                        "Plan Rows": 627600,
                                        "Plan Width": 8,
                                        "Actual Startup Time": 535.853,
                                        "Actual Total Time": 536.629,
                                        "Actual Rows": 277791,
                                        "Actual Loops": 7,
                                        "Output": [
                                            "t.id",
                                            "mc.movie_id"
                                        ],
                                        "Hash Buckets": 2097152,
                                        "Original Hash Buckets": 2097152,
                                        "Hash Batches": 1,
                                        "Original Hash Batches": 1,
                                        "Peak Memory Usage": 92576,
                                        "Workers": [
                                            {
                                                "Worker Number": 0,
                                                "Actual Startup Time": 535.951,
                                                "Actual Total Time": 535.962,
                                                "Actual Rows": 295573,
                                                "Actual Loops": 1
                                            },
                                            {
                                                "Worker Number": 1,
                                                "Actual Startup Time": 536.015,
                                                "Actual Total Time": 536.019,
                                                "Actual Rows": 205355,
                                                "Actual Loops": 1
                                            },
                                            {
                                                "Worker Number": 2,
                                                "Actual Startup Time": 535.837,
                                                "Actual Total Time": 535.842,
                                                "Actual Rows": 269515,
                                                "Actual Loops": 1
                                            },
                                            {
                                                "Worker Number": 3,
                                                "Actual Startup Time": 548.03,
                                                "Actual Total Time": 548.033,
                                                "Actual Rows": 299770,
                                                "Actual Loops": 1
                                            },
                                            {
                                                "Worker Number": 4,
                                                "Actual Startup Time": 535.837,
                                                "Actual Total Time": 535.841,
                                                "Actual Rows": 268781,
                                                "Actual Loops": 1
                                            },
                                            {
                                                "Worker Number": 5,
                                                "Actual Startup Time": 536.213,
                                                "Actual Total Time": 536.216,
                                                "Actual Rows": 294779,
                                                "Actual Loops": 1
                                            }
                                        ],
                                        "Plans": [
                                            {
                                                "Node Type": "Hash Join",
                                                "Parent Relationship": "Outer",
                                                "Parallel Aware": true,
                                                "Join Type": "Inner",
                                                "Startup Cost": 50219.81,
                                                "Total Cost": 81177.94,
                                                "Plan Rows": 627600,
                                                "Plan Width": 8,
                                                "Actual Startup Time": 263.204,
                                                "Actual Total Time": 423.401,
                                                "Actual Rows": 277791,
                                                "Actual Loops": 7,
                                                "Output": [
                                                    "t.id",
                                                    "mc.movie_id"
                                                ],
                                                "Inner Unique": true,
                                                "Hash Cond": "(mc.movie_id = t.id)",
                                                "Workers": [
                                                    {
                                                        "Worker Number": 0,
                                                        "Actual Startup Time": 263.201,
                                                        "Actual Total Time": 422.323,
                                                        "Actual Rows": 295573,
                                                        "Actual Loops": 1
                                                    },
                                                    {
                                                        "Worker Number": 1,
                                                        "Actual Startup Time": 263.245,
                                                        "Actual Total Time": 423.243,
                                                        "Actual Rows": 205355,
                                                        "Actual Loops": 1
                                                    },
                                                    {
                                                        "Worker Number": 2,
                                                        "Actual Startup Time": 263.188,
                                                        "Actual Total Time": 423.28,
                                                        "Actual Rows": 269515,
                                                        "Actual Loops": 1
                                                    },
                                                    {
                                                        "Worker Number": 3,
                                                        "Actual Startup Time": 263.202,
                                                        "Actual Total Time": 422.231,
                                                        "Actual Rows": 299770,
                                                        "Actual Loops": 1
                                                    },
                                                    {
                                                        "Worker Number": 4,
                                                        "Actual Startup Time": 263.163,
                                                        "Actual Total Time": 423.086,
                                                        "Actual Rows": 268781,
                                                        "Actual Loops": 1
                                                    },
                                                    {
                                                        "Worker Number": 5,
                                                        "Actual Startup Time": 263.138,
                                                        "Actual Total Time": 422.026,
                                                        "Actual Rows": 294779,
                                                        "Actual Loops": 1
                                                    }
                                                ],
                                                "Plans": [
                                                    {
                                                        "Node Type": "Seq Scan",
                                                        "Parent Relationship": "Outer",
                                                        "Parallel Aware": true,
                                                        "Relation Name": "movie_companies",
                                                        "Schema": "public",
                                                        "Alias": "mc",
                                                        "Startup Cost": 0.0,
                                                        "Total Cost": 29310.68,
                                                        "Plan Rows": 627600,
                                                        "Plan Width": 4,
                                                        "Actual Startup Time": 0.207,
                                                        "Actual Total Time": 49.529,
                                                        "Actual Rows": 277791,
                                                        "Actual Loops": 7,
                                                        "Output": [
                                                            "mc.id",
                                                            "mc.movie_id",
                                                            "mc.company_id",
                                                            "mc.company_type_id",
                                                            "mc.note"
                                                        ],
                                                        "Filter": "(mc.company_id > 1005)",
                                                        "Rows Removed by Filter": 94942,
                                                        "Workers": [
                                                            {
                                                                "Worker Number": 0,
                                                                "Actual Startup Time": 0.212,
                                                                "Actual Total Time": 50.681,
                                                                "Actual Rows": 295573,
                                                                "Actual Loops": 1
                                                            },
                                                            {
                                                                "Worker Number": 1,
                                                                "Actual Startup Time": 0.187,
                                                                "Actual Total Time": 53.527,
                                                                "Actual Rows": 205355,
                                                                "Actual Loops": 1
                                                            },
                                                            {
                                                                "Worker Number": 2,
                                                                "Actual Startup Time": 0.232,
                                                                "Actual Total Time": 49.39,
                                                                "Actual Rows": 269515,
                                                                "Actual Loops": 1
                                                            },
                                                            {
                                                                "Worker Number": 3,
                                                                "Actual Startup Time": 0.212,
                                                                "Actual Total Time": 50.319,
                                                                "Actual Rows": 299770,
                                                                "Actual Loops": 1
                                                            },
                                                            {
                                                                "Worker Number": 4,
                                                                "Actual Startup Time": 0.21,
                                                                "Actual Total Time": 49.672,
                                                                "Actual Rows": 268781,
                                                                "Actual Loops": 1
                                                            },
                                                            {
                                                                "Worker Number": 5,
                                                                "Actual Startup Time": 0.192,
                                                                "Actual Total Time": 50.441,
                                                                "Actual Rows": 294779,
                                                                "Actual Loops": 1
                                                            }
                                                        ]
                                                    },
                                                    {
                                                        "Node Type": "Hash",
                                                        "Parent Relationship": "Inner",
                                                        "Parallel Aware": true,
                                                        "Startup Cost": 42318.81,
                                                        "Total Cost": 42318.81,
                                                        "Plan Rows": 632080,
                                                        "Plan Width": 4,
                                                        "Actual Startup Time": 258.916,
                                                        "Actual Total Time": 258.918,
                                                        "Actual Rows": 361187,
                                                        "Actual Loops": 7,
                                                        "Output": [
                                                            "t.id"
                                                        ],
                                                        "Hash Buckets": 4194304,
                                                        "Original Hash Buckets": 4194304,
                                                        "Hash Batches": 1,
                                                        "Original Hash Batches": 1,
                                                        "Peak Memory Usage": 131776,
                                                        "Workers": [
                                                            {
                                                                "Worker Number": 0,
                                                                "Actual Startup Time": 262.899,
                                                                "Actual Total Time": 262.908,
                                                                "Actual Rows": 366272,
                                                                "Actual Loops": 1
                                                            },
                                                            {
                                                                "Worker Number": 1,
                                                                "Actual Startup Time": 262.752,
                                                                "Actual Total Time": 262.753,
                                                                "Actual Rows": 270593,
                                                                "Actual Loops": 1
                                                            },
                                                            {
                                                                "Worker Number": 2,
                                                                "Actual Startup Time": 262.745,
                                                                "Actual Total Time": 262.747,
                                                                "Actual Rows": 338921,
                                                                "Actual Loops": 1
                                                            },
                                                            {
                                                                "Worker Number": 3,
                                                                "Actual Startup Time": 262.908,
                                                                "Actual Total Time": 262.909,
                                                                "Actual Rows": 370269,
                                                                "Actual Loops": 1
                                                            },
                                                            {
                                                                "Worker Number": 4,
                                                                "Actual Startup Time": 262.864,
                                                                "Actual Total Time": 262.866,
                                                                "Actual Rows": 332868,
                                                                "Actual Loops": 1
                                                            },
                                                            {
                                                                "Worker Number": 5,
                                                                "Actual Startup Time": 262.849,
                                                                "Actual Total Time": 262.85,
                                                                "Actual Rows": 360178,
                                                                "Actual Loops": 1
                                                            }
                                                        ],
                                                        "Plans": [
                                                            {
                                                                "Node Type": "Seq Scan",
                                                                "Parent Relationship": "Outer",
                                                                "Parallel Aware": true,
                                                                "Relation Name": "title",
                                                                "Schema": "public",
                                                                "Alias": "t",
                                                                "Startup Cost": 0.0,
                                                                "Total Cost": 42318.81,
                                                                "Plan Rows": 632080,
                                                                "Plan Width": 4,
                                                                "Actual Startup Time": 0.068,
                                                                "Actual Total Time": 70.029,
                                                                "Actual Rows": 361187,
                                                                "Actual Loops": 7,
                                                                "Output": [
                                                                    "t.id"
                                                                ],
                                                                "Workers": [
                                                                    {
                                                                        "Worker Number": 0,
                                                                        "Actual Startup Time": 0.075,
                                                                        "Actual Total Time": 71.7,
                                                                        "Actual Rows": 366272,
                                                                        "Actual Loops": 1
                                                                    },
                                                                    {
                                                                        "Worker Number": 1,
                                                                        "Actual Startup Time": 0.075,
                                                                        "Actual Total Time": 75.448,
                                                                        "Actual Rows": 270593,
                                                                        "Actual Loops": 1
                                                                    },
                                                                    {
                                                                        "Worker Number": 2,
                                                                        "Actual Startup Time": 0.065,
                                                                        "Actual Total Time": 71.84,
                                                                        "Actual Rows": 338921,
                                                                        "Actual Loops": 1
                                                                    },
                                                                    {
                                                                        "Worker Number": 3,
                                                                        "Actual Startup Time": 0.078,
                                                                        "Actual Total Time": 71.947,
                                                                        "Actual Rows": 370269,
                                                                        "Actual Loops": 1
                                                                    },
                                                                    {
                                                                        "Worker Number": 4,
                                                                        "Actual Startup Time": 0.074,
                                                                        "Actual Total Time": 71.792,
                                                                        "Actual Rows": 332868,
                                                                        "Actual Loops": 1
                                                                    },
                                                                    {
                                                                        "Worker Number": 5,
                                                                        "Actual Startup Time": 0.094,
                                                                        "Actual Total Time": 72.342,
                                                                        "Actual Rows": 360178,
                                                                        "Actual Loops": 1
                                                                    }
                                                                ]
                                                            }
                                                        ]
                                                    }
                                                ]
                                            }
                                        ]
                                    }
                                ]
                            }
                        ]
                    }
                ]
            }
        ]
    },
    "Planning Time": 1.637,
    "Triggers": [],
    "Execution Time": 3332.706
}