[
  {
    "Plan": {
      "Node Type": "Aggregate",
      "Strategy": "Plain",
      "Partial Mode": "Finalize",
      "Parallel Aware": false,
      "Startup Cost": 82383.6,
      "Total Cost": 82383.61,
      "Plan Rows": 1,
      "Plan Width": 8,
      "Actual Startup Time": 79.456,
      "Actual Total Time": 84.318,
      "Actual Rows": 1,
      "Actual Loops": 1,
      "Plans": [
        {
          "Node Type": "Gather",
          "Parent Relationship": "Outer",
          "Parallel Aware": false,
          "Startup Cost": 82383.28,
          "Total Cost": 82383.59,
          "Plan Rows": 3,
          "Plan Width": 8,
          "Actual Startup Time": 79.264,
          "Actual Total Time": 84.31,
          "Actual Rows": 4,
          "Actual Loops": 1,
          "Workers Planned": 3,
          "Workers Launched": 3,
          "Single Copy": false,
          "Plans": [
            {
              "Node Type": "Aggregate",
              "Strategy": "Plain",
              "Partial Mode": "Partial",
              "Parent Relationship": "Outer",
              "Parallel Aware": false,
              "Startup Cost": 81383.28,
              "Total Cost": 81383.29,
              "Plan Rows": 1,
              "Plan Width": 8,
              "Actual Startup Time": 73.883,
              "Actual Total Time": 73.884,
              "Actual Rows": 1,
              "Actual Loops": 4,
              "Plans": [
                {
                  "Node Type": "Nested Loop",
                  "Parent Relationship": "Outer",
                  "Parallel Aware": false,
                  "Join Type": "Inner",
                  "Startup Cost": 661.33,
                  "Total Cost": 81339.34,
                  "Plan Rows": 17579,
                  "Plan Width": 0,
                  "Actual Startup Time": 0.964,
                  "Actual Total Time": 70.146,
                  "Actual Rows": 68396,
                  "Actual Loops": 4,
                  "Inner Unique": false,
                  "Plans": [
                    {
                      "Node Type": "Nested Loop",
                      "Parent Relationship": "Outer",
                      "Parallel Aware": false,
                      "Join Type": "Inner",
                      "Startup Cost": 660.9,
                      "Total Cost": 63951.8,
                      "Plan Rows": 9825,
                      "Plan Width": 8,
                      "Actual Startup Time": 0.804,
                      "Actual Total Time": 28.297,
                      "Actual Rows": 7432,
                      "Actual Loops": 4,
                      "Inner Unique": true,
                      "Plans": [
                        {
                          "Node Type": "Bitmap Heap Scan",
                          "Parent Relationship": "Outer",
                          "Parallel Aware": true,
                          "Relation Name": "movie_companies",
                          "Alias": "mc",
                          "Startup Cost": 660.47,
                          "Total Cost": 20320.92,
                          "Plan Rows": 9825,
                          "Plan Width": 4,
                          "Actual Startup Time": 0.671,
                          "Actual Total Time": 3.537,
                          "Actual Rows": 7432,
                          "Actual Loops": 4,
                          "Recheck Cond": "(company_id > 207934)",
                          "Rows Removed by Index Recheck": 0,
                          "Exact Heap Blocks": 292,
                          "Lossy Heap Blocks": 0,
                          "Plans": [
                            {
                              "Node Type": "Bitmap Index Scan",
                              "Parent Relationship": "Outer",
                              "Parallel Aware": false,
                              "Index Name": "company_id_movie_companies",
                              "Startup Cost": 0.0,
                              "Total Cost": 652.86,
                              "Plan Rows": 30457,
                              "Plan Width": 0,
                              "Actual Startup Time": 2.2,
                              "Actual Total Time": 2.201,
                              "Actual Rows": 29726,
                              "Actual Loops": 1,
                              "Index Cond": "(company_id > 207934)"
                            }
                          ]
                        },
                        {
                          "Node Type": "Index Only Scan",
                          "Parent Relationship": "Inner",
                          "Parallel Aware": false,
                          "Scan Direction": "Forward",
                          "Index Name": "title_pkey",
                          "Relation Name": "title",
                          "Alias": "t",
                          "Startup Cost": 0.43,
                          "Total Cost": 4.44,
                          "Plan Rows": 1,
                          "Plan Width": 4,
                          "Actual Startup Time": 0.003,
                          "Actual Total Time": 0.003,
                          "Actual Rows": 1,
                          "Actual Loops": 29726,
                          "Index Cond": "(id = mc.movie_id)",
                          "Rows Removed by Index Recheck": 0,
                          "Heap Fetches": 29726
                        }
                      ]
                    },
                    {
                      "Node Type": "Index Only Scan",
                      "Parent Relationship": "Inner",
                      "Parallel Aware": false,
                      "Scan Direction": "Forward",
                      "Index Name": "movie_id_movie_keyword",
                      "Relation Name": "movie_keyword",
                      "Alias": "mk",
                      "Startup Cost": 0.43,
                      "Total Cost": 1.31,
                      "Plan Rows": 46,
                      "Plan Width": 4,
                      "Actual Startup Time": 0.003,
                      "Actual Total Time": 0.005,
                      "Actual Rows": 9,
                      "Actual Loops": 29726,
                      "Index Cond": "(movie_id = t.id)",
                      "Rows Removed by Index Recheck": 0,
                      "Heap Fetches": 273586
                    }
                  ]
                }
              ]
            }
          ]
        }
      ]
    },
    "Planning Time": 0.587,
    "Triggers": [],
    "Execution Time": 84.369
  }
]