[
  {
    "Plan": {
      "Node Type": "Aggregate",
      "Strategy": "Plain",
      "Partial Mode": "Finalize",
      "Parallel Aware": false,
      "Startup Cost": 84104.09,
      "Total Cost": 84104.1,
      "Plan Rows": 1,
      "Plan Width": 8,
      "Actual Startup Time": 93.544,
      "Actual Total Time": 100.587,
      "Actual Rows": 1,
      "Actual Loops": 1,
      "Plans": [
        {
          "Node Type": "Gather",
          "Parent Relationship": "Outer",
          "Parallel Aware": false,
          "Startup Cost": 84103.77,
          "Total Cost": 84104.08,
          "Plan Rows": 3,
          "Plan Width": 8,
          "Actual Startup Time": 93.374,
          "Actual Total Time": 100.578,
          "Actual Rows": 4,
          "Actual Loops": 1,
          "Workers Planned": 3,
          "Workers Launched": 3,
          "Single Copy": false,
          "Plans": [
            {
              "Node Type": "Aggregate",
              "Strategy": "Plain",
              "Partial Mode": "Partial",
              "Parent Relationship": "Outer",
              "Parallel Aware": false,
              "Startup Cost": 83103.77,
              "Total Cost": 83103.78,
              "Plan Rows": 1,
              "Plan Width": 8,
              "Actual Startup Time": 83.919,
              "Actual Total Time": 83.92,
              "Actual Rows": 1,
              "Actual Loops": 4,
              "Plans": [
                {
                  "Node Type": "Nested Loop",
                  "Parent Relationship": "Outer",
                  "Parallel Aware": false,
                  "Join Type": "Inner",
                  "Startup Cost": 697.42,
                  "Total Cost": 83057.57,
                  "Plan Rows": 18480,
                  "Plan Width": 0,
                  "Actual Startup Time": 2.673,
                  "Actual Total Time": 80.18,
                  "Actual Rows": 68396,
                  "Actual Loops": 4,
                  "Inner Unique": false,
                  "Plans": [
                    {
                      "Node Type": "Nested Loop",
                      "Parent Relationship": "Outer",
                      "Parallel Aware": false,
                      "Join Type": "Inner",
                      "Startup Cost": 696.99,
                      "Total Cost": 65063.85,
                      "Plan Rows": 10328,
                      "Plan Width": 8,
                      "Actual Startup Time": 2.379,
                      "Actual Total Time": 34.22,
                      "Actual Rows": 7432,
                      "Actual Loops": 4,
                      "Inner Unique": true,
                      "Plans": [
                        {
                          "Node Type": "Bitmap Heap Scan",
                          "Parent Relationship": "Outer",
                          "Parallel Aware": true,
                          "Relation Name": "movie_companies",
                          "Alias": "mc",
                          "Startup Cost": 696.56,
                          "Total Cost": 20229.42,
                          "Plan Rows": 10328,
                          "Plan Width": 4,
                          "Actual Startup Time": 2.159,
                          "Actual Total Time": 5.469,
                          "Actual Rows": 7432,
                          "Actual Loops": 4,
                          "Recheck Cond": "(company_id > 207934)",
                          "Rows Removed by Index Recheck": 0,
                          "Exact Heap Blocks": 385,
                          "Lossy Heap Blocks": 0,
                          "Plans": [
                            {
                              "Node Type": "Bitmap Index Scan",
                              "Parent Relationship": "Outer",
                              "Parallel Aware": false,
                              "Index Name": "company_id_movie_companies",
                              "Startup Cost": 0.0,
                              "Total Cost": 688.56,
                              "Plan Rows": 32017,
                              "Plan Width": 0,
                              "Actual Startup Time": 7.672,
                              "Actual Total Time": 7.673,
                              "Actual Rows": 29726,
                              "Actual Loops": 1,
                              "Index Cond": "(company_id > 207934)"
                            }
                          ]
                        },
                        {
                          "Node Type": "Index Only Scan",
                          "Parent Relationship": "Inner",
                          "Parallel Aware": false,
                          "Scan Direction": "Forward",
                          "Index Name": "title_pkey",
                          "Relation Name": "title",
                          "Alias": "t",
                          "Startup Cost": 0.43,
                          "Total Cost": 4.34,
                          "Plan Rows": 1,
                          "Plan Width": 4,
                          "Actual Startup Time": 0.003,
                          "Actual Total Time": 0.003,
                          "Actual Rows": 1,
                          "Actual Loops": 29726,
                          "Index Cond": "(id = mc.movie_id)",
                          "Rows Removed by Index Recheck": 0,
                          "Heap Fetches": 29726
                        }
                      ]
                    },
                    {
                      "Node Type": "Index Only Scan",
                      "Parent Relationship": "Inner",
                      "Parallel Aware": false,
                      "Scan Direction": "Forward",
                      "Index Name": "movie_id_movie_keyword",
                      "Relation Name": "movie_keyword",
                      "Alias": "mk",
                      "Startup Cost": 0.43,
                      "Total Cost": 1.29,
                      "Plan Rows": 45,
                      "Plan Width": 4,
                      "Actual Startup Time": 0.004,
                      "Actual Total Time": 0.005,
                      "Actual Rows": 9,
                      "Actual Loops": 29726,
                      "Index Cond": "(movie_id = t.id)",
                      "Rows Removed by Index Recheck": 0,
                      "Heap Fetches": 273586
                    }
                  ]
                }
              ]
            }
          ]
        }
      ]
    },
    "Planning Time": 1.513,
    "Triggers": [],
    "Execution Time": 100.684
  }
]