[
  {
    "Plan": {
      "Node Type": "Aggregate",
      "Strategy": "Plain",
      "Partial Mode": "Finalize",
      "Parallel Aware": false,
      "Startup Cost": 32936.45,
      "Total Cost": 32936.46,
      "Plan Rows": 1,
      "Plan Width": 8,
      "Actual Startup Time": 85.826,
      "Actual Total Time": 93.106,
      "Actual Rows": 1,
      "Actual Loops": 1,
      "Plans": [
        {
          "Node Type": "Gather",
          "Parent Relationship": "Outer",
          "Parallel Aware": false,
          "Startup Cost": 32936.13,
          "Total Cost": 32936.44,
          "Plan Rows": 3,
          "Plan Width": 8,
          "Actual Startup Time": 85.724,
          "Actual Total Time": 93.098,
          "Actual Rows": 4,
          "Actual Loops": 1,
          "Workers Planned": 3,
          "Workers Launched": 3,
          "Single Copy": false,
          "Plans": [
            {
              "Node Type": "Aggregate",
              "Strategy": "Plain",
              "Partial Mode": "Partial",
              "Parent Relationship": "Outer",
              "Parallel Aware": false,
              "Startup Cost": 31936.13,
              "Total Cost": 31936.14,
              "Plan Rows": 1,
              "Plan Width": 8,
              "Actual Startup Time": 81.351,
              "Actual Total Time": 81.352,
              "Actual Rows": 1,
              "Actual Loops": 4,
              "Plans": [
                {
                  "Node Type": "Seq Scan",
                  "Parent Relationship": "Outer",
                  "Parallel Aware": true,
                  "Relation Name": "movie_companies",
                  "Alias": "mc",
                  "Startup Cost": 0.0,
                  "Total Cost": 31414.82,
                  "Plan Rows": 208526,
                  "Plan Width": 0,
                  "Actual Startup Time": 18.724,
                  "Actual Total Time": 76.452,
                  "Actual Rows": 101660,
                  "Actual Loops": 4,
                  "Filter": "((company_id > 11244) AND (company_type_id = 1))",
                  "Rows Removed by Filter": 550622
                }
              ]
            }
          ]
        }
      ]
    },
    "Planning Time": 0.217,
    "Triggers": [],
    "Execution Time": 93.164
  }
]