[
  {
    "Plan": {
      "Node Type": "Aggregate",
      "Strategy": "Plain",
      "Partial Mode": "Finalize",
      "Parallel Aware": false,
      "Startup Cost": 46518.08,
      "Total Cost": 46518.09,
      "Plan Rows": 1,
      "Plan Width": 8,
      "Actual Startup Time": 172.751,
      "Actual Total Time": 182.26,
      "Actual Rows": 1,
      "Actual Loops": 1,
      "Plans": [
        {
          "Node Type": "Gather",
          "Parent Relationship": "Outer",
          "Parallel Aware": false,
          "Startup Cost": 46517.76,
          "Total Cost": 46518.07,
          "Plan Rows": 3,
          "Plan Width": 8,
          "Actual Startup Time": 172.513,
          "Actual Total Time": 182.249,
          "Actual Rows": 4,
          "Actual Loops": 1,
          "Workers Planned": 3,
          "Workers Launched": 3,
          "Single Copy": false,
          "Plans": [
            {
              "Node Type": "Aggregate",
              "Strategy": "Plain",
              "Partial Mode": "Partial",
              "Parent Relationship": "Outer",
              "Parallel Aware": false,
              "Startup Cost": 45517.76,
              "Total Cost": 45517.77,
              "Plan Rows": 1,
              "Plan Width": 8,
              "Actual Startup Time": 164.115,
              "Actual Total Time": 164.116,
              "Actual Rows": 1,
              "Actual Loops": 4,
              "Plans": [
                {
                  "Node Type": "Seq Scan",
                  "Parent Relationship": "Outer",
                  "Parallel Aware": true,
                  "Relation Name": "movie_keyword",
                  "Alias": "mk",
                  "Startup Cost": 0.0,
                  "Total Cost": 42695.65,
                  "Plan Rows": 1128843,
                  "Plan Width": 0,
                  "Actual Startup Time": 0.188,
                  "Actual Total Time": 125.065,
                  "Actual Rows": 872902,
                  "Actual Loops": 4,
                  "Filter": "(keyword_id > 1013)",
                  "Rows Removed by Filter": 258080
                }
              ]
            }
          ]
        }
      ]
    },
    "Planning Time": 0.187,
    "Triggers": [],
    "Execution Time": 182.316
  }
]