{
  "Plan": {
    "Node Type": "Aggregate",
    "Strategy": "Plain",
    "Partial Mode": "Finalize",
    "Parallel Aware": false,
    "Startup Cost": 102629.47,
    "Total Cost": 102629.48,
    "Plan Rows": 1,
    "Plan Width": 8,
    "Actual Startup Time": 648.579,
    "Actual Total Time": 661.298,
    "Actual Rows": 1,
    "Actual Loops": 1,
    "Plans": [
      {
        "Node Type": "Gather",
        "Parent Relationship": "Outer",
        "Parallel Aware": false,
        "Startup Cost": 102629.36,
        "Total Cost": 102629.47,
        "Plan Rows": 1,
        "Plan Width": 8,
        "Actual Startup Time": 647.525,
        "Actual Total Time": 661.289,
        "Actual Rows": 2,
        "Actual Loops": 1,
        "Workers Planned": 1,
        "Workers Launched": 1,
        "Single Copy": false,
        "Plans": [
          {
            "Node Type": "Aggregate",
            "Strategy": "Plain",
            "Partial Mode": "Partial",
            "Parent Relationship": "Outer",
            "Parallel Aware": false,
            "Startup Cost": 101629.36,
            "Total Cost": 101629.37,
            "Plan Rows": 1,
            "Plan Width": 8,
            "Actual Startup Time": 641.169,
            "Actual Total Time": 641.173,
            "Actual Rows": 1,
            "Actual Loops": 2,
            "Plans": [
              {
                "Node Type": "Hash Join",
                "Parent Relationship": "Outer",
                "Parallel Aware": true,
                "Join Type": "Inner",
                "Startup Cost": 38757.18,
                "Total Cost": 100822.11,
                "Plan Rows": 322901,
                "Plan Width": 0,
                "Actual Startup Time": 167.678,
                "Actual Total Time": 629.375,
                "Actual Rows": 281780,
                "Actual Loops": 2,
                "Inner Unique": false,
                "Hash Cond": "(t.id = mc.movie_id)",
                "Plans": [
                  {
                    "Node Type": "Seq Scan",
                    "Parent Relationship": "Outer",
                    "Parallel Aware": true,
                    "Relation Name": "title",
                    "Alias": "t",
                    "Startup Cost": 0.0,
                    "Total Cost": 50870.31,
                    "Plan Rows": 1487231,
                    "Plan Width": 4,
                    "Actual Startup Time": 0.011,
                    "Actual Total Time": 121.619,
                    "Actual Rows": 1264156,
                    "Actual Loops": 2
                  },
                  {
                    "Node Type": "Hash",
                    "Parent Relationship": "Inner",
                    "Parallel Aware": true,
                    "Startup Cost": 34720.92,
                    "Total Cost": 34720.92,
                    "Plan Rows": 322901,
                    "Plan Width": 4,
                    "Actual Startup Time": 158.895,
                    "Actual Total Time": 158.896,
                    "Actual Rows": 281780,
                    "Actual Loops": 2,
                    "Hash Buckets": 1048576,
                    "Original Hash Buckets": 1048576,
                    "Hash Batches": 1,
                    "Original Hash Batches": 1,
                    "Peak Memory Usage": 30272,
                    "Plans": [
                      {
                        "Node Type": "Bitmap Heap Scan",
                        "Parent Relationship": "Outer",
                        "Parallel Aware": true,
                        "Relation Name": "movie_companies",
                        "Alias": "mc",
                        "Startup Cost": 11894.65,
                        "Total Cost": 34720.92,
                        "Plan Rows": 322901,
                        "Plan Width": 4,
                        "Actual Startup Time": 30.807,
                        "Actual Total Time": 83.355,
                        "Actual Rows": 281780,
                        "Actual Loops": 2,
                        "Recheck Cond": "(company_id > 71564)",
                        "Rows Removed by Index Recheck": 0,
                        "Exact Heap Blocks": 4462,
                        "Lossy Heap Blocks": 0,
                        "Plans": [
                          {
                            "Node Type": "Bitmap Index Scan",
                            "Parent Relationship": "Outer",
                            "Parallel Aware": false,
                            "Index Name": "company_id_movie_companies",
                            "Startup Cost": 0.0,
                            "Total Cost": 11757.42,
                            "Plan Rows": 548932,
                            "Plan Width": 0,
                            "Actual Startup Time": 29.66,
                            "Actual Total Time": 29.66,
                            "Actual Rows": 563560,
                            "Actual Loops": 1,
                            "Index Cond": "(company_id > 71564)"
                          }
                        ]
                      }
                    ]
                  }
                ]
              }
            ]
          }
        ]
      }
    ]
  },
  "Planning Time": 0.684,
  "Triggers": [],
  "Execution Time": 661.395
}