[
  {
    "Plan": {
      "Node Type": "Aggregate",
      "Strategy": "Plain",
      "Partial Mode": "Finalize",
      "Parallel Aware": false,
      "Startup Cost": 96082.49,
      "Total Cost": 96082.5,
      "Plan Rows": 1,
      "Plan Width": 8,
      "Actual Startup Time": 527.351,
      "Actual Total Time": 544.64,
      "Actual Rows": 1,
      "Actual Loops": 1,
      "Plans": [
        {
          "Node Type": "Gather",
          "Parent Relationship": "Outer",
          "Parallel Aware": false,
          "Startup Cost": 96082.17,
          "Total Cost": 96082.48,
          "Plan Rows": 3,
          "Plan Width": 8,
          "Actual Startup Time": 519.638,
          "Actual Total Time": 544.629,
          "Actual Rows": 4,
          "Actual Loops": 1,
          "Workers Planned": 3,
          "Workers Launched": 3,
          "Single Copy": false,
          "Plans": [
            {
              "Node Type": "Aggregate",
              "Strategy": "Plain",
              "Partial Mode": "Partial",
              "Parent Relationship": "Outer",
              "Parallel Aware": false,
              "Startup Cost": 95082.17,
              "Total Cost": 95082.18,
              "Plan Rows": 1,
              "Plan Width": 8,
              "Actual Startup Time": 507.687,
              "Actual Total Time": 507.69,
              "Actual Rows": 1,
              "Actual Loops": 4,
              "Plans": [
                {
                  "Node Type": "Hash Join",
                  "Parent Relationship": "Outer",
                  "Parallel Aware": true,
                  "Join Type": "Inner",
                  "Startup Cost": 49443.78,
                  "Total Cost": 93903.26,
                  "Plan Rows": 471564,
                  "Plan Width": 0,
                  "Actual Startup Time": 293.669,
                  "Actual Total Time": 498.721,
                  "Actual Rows": 173826,
                  "Actual Loops": 4,
                  "Inner Unique": true,
                  "Hash Cond": "(mk.movie_id = t.id)",
                  "Plans": [
                    {
                      "Node Type": "Seq Scan",
                      "Parent Relationship": "Outer",
                      "Parallel Aware": true,
                      "Relation Name": "movie_keyword",
                      "Alias": "mk",
                      "Startup Cost": 0.0,
                      "Total Cost": 42695.65,
                      "Plan Rows": 671934,
                      "Plan Width": 4,
                      "Actual Startup Time": 0.433,
                      "Actual Total Time": 121.866,
                      "Actual Rows": 520344,
                      "Actual Loops": 4,
                      "Filter": "(keyword_id > 5815)",
                      "Rows Removed by Filter": 610639
                    },
                    {
                      "Node Type": "Hash",
                      "Parent Relationship": "Inner",
                      "Parallel Aware": true,
                      "Startup Cost": 43898.92,
                      "Total Cost": 43898.92,
                      "Plan Rows": 443589,
                      "Plan Width": 4,
                      "Actual Startup Time": 285.368,
                      "Actual Total Time": 285.369,
                      "Actual Rows": 443659,
                      "Actual Loops": 4,
                      "Hash Buckets": 2097152,
                      "Original Hash Buckets": 2097152,
                      "Hash Batches": 1,
                      "Original Hash Batches": 1,
                      "Peak Memory Usage": 85856,
                      "Plans": [
                        {
                          "Node Type": "Seq Scan",
                          "Parent Relationship": "Outer",
                          "Parallel Aware": true,
                          "Relation Name": "title",
                          "Alias": "t",
                          "Startup Cost": 0.0,
                          "Total Cost": 43898.92,
                          "Plan Rows": 443589,
                          "Plan Width": 4,
                          "Actual Startup Time": 0.034,
                          "Actual Total Time": 119.908,
                          "Actual Rows": 443659,
                          "Actual Loops": 4,
                          "Filter": "(kind_id > 2)",
                          "Rows Removed by Filter": 188419
                        }
                      ]
                    }
                  ]
                }
              ]
            }
          ]
        }
      ]
    },
    "Planning Time": 0.605,
    "Triggers": [],
    "Execution Time": 544.712
  }
]