[
  {
    "Plan": {
      "Node Type": "Aggregate",
      "Strategy": "Plain",
      "Partial Mode": "Finalize",
      "Parallel Aware": false,
      "Startup Cost": 85590.61,
      "Total Cost": 85590.62,
      "Plan Rows": 1,
      "Plan Width": 8,
      "Actual Startup Time": 313.752,
      "Actual Total Time": 329.059,
      "Actual Rows": 1,
      "Actual Loops": 1,
      "Plans": [
        {
          "Node Type": "Gather",
          "Parent Relationship": "Outer",
          "Parallel Aware": false,
          "Startup Cost": 85590.29,
          "Total Cost": 85590.6,
          "Plan Rows": 3,
          "Plan Width": 8,
          "Actual Startup Time": 313.25,
          "Actual Total Time": 329.047,
          "Actual Rows": 4,
          "Actual Loops": 1,
          "Workers Planned": 3,
          "Workers Launched": 3,
          "Single Copy": false,
          "Plans": [
            {
              "Node Type": "Aggregate",
              "Strategy": "Plain",
              "Partial Mode": "Partial",
              "Parent Relationship": "Outer",
              "Parallel Aware": false,
              "Startup Cost": 84590.29,
              "Total Cost": 84590.3,
              "Plan Rows": 1,
              "Plan Width": 8,
              "Actual Startup Time": 302.803,
              "Actual Total Time": 302.806,
              "Actual Rows": 1,
              "Actual Loops": 4,
              "Plans": [
                {
                  "Node Type": "Hash Join",
                  "Parent Relationship": "Outer",
                  "Parallel Aware": true,
                  "Join Type": "Inner",
                  "Startup Cost": 38116.2,
                  "Total Cost": 84523.35,
                  "Plan Rows": 26778,
                  "Plan Width": 0,
                  "Actual Startup Time": 68.258,
                  "Actual Total Time": 301.624,
                  "Actual Rows": 20430,
                  "Actual Loops": 4,
                  "Inner Unique": true,
                  "Hash Cond": "(mk.movie_id = t.id)",
                  "Plans": [
                    {
                      "Node Type": "Seq Scan",
                      "Parent Relationship": "Outer",
                      "Parallel Aware": true,
                      "Relation Name": "movie_keyword",
                      "Alias": "mk",
                      "Startup Cost": 0.0,
                      "Total Cost": 42695.65,
                      "Plan Rows": 1413899,
                      "Plan Width": 4,
                      "Actual Startup Time": 0.031,
                      "Actual Total Time": 142.227,
                      "Actual Rows": 1096475,
                      "Actual Loops": 4,
                      "Filter": "(keyword_id < 75292)",
                      "Rows Removed by Filter": 34507
                    },
                    {
                      "Node Type": "Hash",
                      "Parent Relationship": "Inner",
                      "Parallel Aware": true,
                      "Startup Cost": 37966.56,
                      "Total Cost": 37966.56,
                      "Plan Rows": 11971,
                      "Plan Width": 4,
                      "Actual Startup Time": 66.948,
                      "Actual Total Time": 66.949,
                      "Actual Rows": 11643,
                      "Actual Loops": 4,
                      "Hash Buckets": 65536,
                      "Original Hash Buckets": 65536,
                      "Hash Batches": 1,
                      "Original Hash Batches": 1,
                      "Peak Memory Usage": 2368,
                      "Plans": [
                        {
                          "Node Type": "Bitmap Heap Scan",
                          "Parent Relationship": "Outer",
                          "Parallel Aware": true,
                          "Relation Name": "title",
                          "Alias": "t",
                          "Startup Cost": 1628.51,
                          "Total Cost": 37966.56,
                          "Plan Rows": 11971,
                          "Plan Width": 4,
                          "Actual Startup Time": 20.217,
                          "Actual Total Time": 62.61,
                          "Actual Rows": 11643,
                          "Actual Loops": 4,
                          "Recheck Cond": "(kind_id = 2)",
                          "Rows Removed by Index Recheck": 0,
                          "Filter": "(production_year > 2001)",
                          "Rows Removed by Filter": 11070,
                          "Exact Heap Blocks": 16591,
                          "Lossy Heap Blocks": 0,
                          "Plans": [
                            {
                              "Node Type": "Bitmap Index Scan",
                              "Parent Relationship": "Outer",
                              "Parallel Aware": false,
                              "Index Name": "kind_id_title",
                              "Startup Cost": 0.0,
                              "Total Cost": 1616.54,
                              "Plan Rows": 90681,
                              "Plan Width": 0,
                              "Actual Startup Time": 20.185,
                              "Actual Total Time": 20.185,
                              "Actual Rows": 90852,
                              "Actual Loops": 1,
                              "Index Cond": "(kind_id = 2)"
                            }
                          ]
                        }
                      ]
                    }
                  ]
                }
              ]
            }
          ]
        }
      ]
    },
    "Planning Time": 0.646,
    "Triggers": [],
    "Execution Time": 329.165
  }
]