{
    "Plan": {
        "Node Type": "Aggregate",
        "Strategy": "Plain",
        "Partial Mode": "Finalize",
        "Parallel Aware": false,
        "Startup Cost": 392512.62,
        "Total Cost": 392512.63,
        "Plan Rows": 1,
        "Plan Width": 64,
        "Actual Startup Time": 1788.027,
        "Actual Total Time": 1839.56,
        "Actual Rows": 1,
        "Actual Loops": 1,
        "Output": [
            "min(an1.name)",
            "min(t.title)"
        ],
        "Plans": [
            {
                "Node Type": "Gather",
                "Parent Relationship": "Outer",
                "Parallel Aware": false,
                "Startup Cost": 392512.29,
                "Total Cost": 392512.6,
                "Plan Rows": 3,
                "Plan Width": 64,
                "Actual Startup Time": 1752.786,
                "Actual Total Time": 1839.543,
                "Actual Rows": 4,
                "Actual Loops": 1,
                "Output": [
                    "(PARTIAL min(an1.name))",
                    "(PARTIAL min(t.title))"
                ],
                "Workers Planned": 3,
                "Workers Launched": 3,
                "Single Copy": false,
                "Plans": [
                    {
                        "Node Type": "Aggregate",
                        "Strategy": "Plain",
                        "Partial Mode": "Partial",
                        "Parent Relationship": "Outer",
                        "Parallel Aware": false,
                        "Startup Cost": 391512.29,
                        "Total Cost": 391512.3,
                        "Plan Rows": 1,
                        "Plan Width": 64,
                        "Actual Startup Time": 1734.897,
                        "Actual Total Time": 1736.564,
                        "Actual Rows": 1,
                        "Actual Loops": 4,
                        "Output": [
                            "PARTIAL min(an1.name)",
                            "PARTIAL min(t.title)"
                        ],
                        "Workers": [
                            {
                                "Worker Number": 0,
                                "Actual Startup Time": 1728.94,
                                "Actual Total Time": 1728.953,
                                "Actual Rows": 1,
                                "Actual Loops": 1
                            },
                            {
                                "Worker Number": 1,
                                "Actual Startup Time": 1728.953,
                                "Actual Total Time": 1728.968,
                                "Actual Rows": 1,
                                "Actual Loops": 1
                            },
                            {
                                "Worker Number": 2,
                                "Actual Startup Time": 1730.105,
                                "Actual Total Time": 1730.12,
                                "Actual Rows": 1,
                                "Actual Loops": 1
                            }
                        ],
                        "Plans": [
                            {
                                "Node Type": "Hash Join",
                                "Parent Relationship": "Outer",
                                "Parallel Aware": true,
                                "Join Type": "Inner",
                                "Startup Cost": 363956.94,
                                "Total Cost": 379873.46,
                                "Plan Rows": 2327767,
                                "Plan Width": 33,
                                "Actual Startup Time": 1644.181,
                                "Actual Total Time": 1729.465,
                                "Actual Rows": 80751,
                                "Actual Loops": 4,
                                "Output": [
                                    "an1.name",
                                    "t.title"
                                ],
                                "Inner Unique": false,
                                "Hash Cond": "(an1.person_id = n1.id)",
                                "Workers": [
                                    {
                                        "Worker Number": 0,
                                        "Actual Startup Time": 1638.738,
                                        "Actual Total Time": 1722.715,
                                        "Actual Rows": 82259,
                                        "Actual Loops": 1
                                    },
                                    {
                                        "Worker Number": 1,
                                        "Actual Startup Time": 1638.416,
                                        "Actual Total Time": 1719.687,
                                        "Actual Rows": 76221,
                                        "Actual Loops": 1
                                    },
                                    {
                                        "Worker Number": 2,
                                        "Actual Startup Time": 1638.554,
                                        "Actual Total Time": 1723.773,
                                        "Actual Rows": 84878,
                                        "Actual Loops": 1
                                    }
                                ],
                                "Plans": [
                                    {
                                        "Node Type": "Seq Scan",
                                        "Parent Relationship": "Outer",
                                        "Parallel Aware": true,
                                        "Relation Name": "aka_name",
                                        "Schema": "public",
                                        "Alias": "an1",
                                        "Startup Cost": 0.0,
                                        "Total Cost": 14303.56,
                                        "Plan Rows": 290756,
                                        "Plan Width": 20,
                                        "Actual Startup Time": 0.016,
                                        "Actual Total Time": 27.349,
                                        "Actual Rows": 225336,
                                        "Actual Loops": 4,
                                        "Output": [
                                            "an1.id",
                                            "an1.person_id",
                                            "an1.name",
                                            "an1.imdb_index",
                                            "an1.name_pcode_cf",
                                            "an1.name_pcode_nf",
                                            "an1.surname_pcode",
                                            "an1.md5sum"
                                        ],
                                        "Workers": [
                                            {
                                                "Worker Number": 0,
                                                "Actual Startup Time": 0.013,
                                                "Actual Total Time": 28.723,
                                                "Actual Rows": 257058,
                                                "Actual Loops": 1
                                            },
                                            {
                                                "Worker Number": 1,
                                                "Actual Startup Time": 0.013,
                                                "Actual Total Time": 28.423,
                                                "Actual Rows": 173299,
                                                "Actual Loops": 1
                                            },
                                            {
                                                "Worker Number": 2,
                                                "Actual Startup Time": 0.026,
                                                "Actual Total Time": 27.885,
                                                "Actual Rows": 230238,
                                                "Actual Loops": 1
                                            }
                                        ]
                                    },
                                    {
                                        "Node Type": "Hash",
                                        "Parent Relationship": "Inner",
                                        "Parallel Aware": true,
                                        "Startup Cost": 354593.05,
                                        "Total Cost": 354593.05,
                                        "Plan Rows": 749111,
                                        "Plan Width": 25,
                                        "Actual Startup Time": 1633.957,
                                        "Actual Total Time": 1635.622,
                                        "Actual Rows": 71384,
                                        "Actual Loops": 4,
                                        "Output": [
                                            "ci.person_id",
                                            "n1.id",
                                            "t.title"
                                        ],
                                        "Hash Buckets": 4194304,
                                        "Original Hash Buckets": 4194304,
                                        "Hash Batches": 1,
                                        "Original Hash Batches": 1,
                                        "Peak Memory Usage": 49792,
                                        "Workers": [
                                            {
                                                "Worker Number": 0,
                                                "Actual Startup Time": 1637.827,
                                                "Actual Total Time": 1637.839,
                                                "Actual Rows": 76718,
                                                "Actual Loops": 1
                                            },
                                            {
                                                "Worker Number": 1,
                                                "Actual Startup Time": 1637.92,
                                                "Actual Total Time": 1637.933,
                                                "Actual Rows": 55268,
                                                "Actual Loops": 1
                                            },
                                            {
                                                "Worker Number": 2,
                                                "Actual Startup Time": 1637.964,
                                                "Actual Total Time": 1637.978,
                                                "Actual Rows": 70626,
                                                "Actual Loops": 1
                                            }
                                        ],
                                        "Plans": [
                                            {
                                                "Node Type": "Hash Join",
                                                "Parent Relationship": "Outer",
                                                "Parallel Aware": true,
                                                "Join Type": "Inner",
                                                "Startup Cost": 302924.26,
                                                "Total Cost": 354593.05,
                                                "Plan Rows": 749111,
                                                "Plan Width": 25,
                                                "Actual Startup Time": 1133.977,
                                                "Actual Total Time": 1575.976,
                                                "Actual Rows": 71384,
                                                "Actual Loops": 4,
                                                "Output": [
                                                    "ci.person_id",
                                                    "n1.id",
                                                    "t.title"
                                                ],
                                                "Inner Unique": true,
                                                "Hash Cond": "(ci.person_id = n1.id)",
                                                "Workers": [
                                                    {
                                                        "Worker Number": 0,
                                                        "Actual Startup Time": 1124.056,
                                                        "Actual Total Time": 1577.555,
                                                        "Actual Rows": 76718,
                                                        "Actual Loops": 1
                                                    },
                                                    {
                                                        "Worker Number": 1,
                                                        "Actual Startup Time": 1160.508,
                                                        "Actual Total Time": 1569.969,
                                                        "Actual Rows": 55268,
                                                        "Actual Loops": 1
                                                    },
                                                    {
                                                        "Worker Number": 2,
                                                        "Actual Startup Time": 1127.444,
                                                        "Actual Total Time": 1573.419,
                                                        "Actual Rows": 70626,
                                                        "Actual Loops": 1
                                                    }
                                                ],
                                                "Plans": [
                                                    {
                                                        "Node Type": "Hash Join",
                                                        "Parent Relationship": "Outer",
                                                        "Parallel Aware": false,
                                                        "Join Type": "Inner",
                                                        "Startup Cost": 223868.8,
                                                        "Total Cost": 273571.17,
                                                        "Plan Rows": 749111,
                                                        "Plan Width": 21,
                                                        "Actual Startup Time": 538.855,
                                                        "Actual Total Time": 953.62,
                                                        "Actual Rows": 71384,
                                                        "Actual Loops": 4,
                                                        "Output": [
                                                            "ci.person_id",
                                                            "t.title"
                                                        ],
                                                        "Inner Unique": false,
                                                        "Hash Cond": "(t.id = ci.movie_id)",
                                                        "Workers": [
                                                            {
                                                                "Worker Number": 0,
                                                                "Actual Startup Time": 528.938,
                                                                "Actual Total Time": 952.603,
                                                                "Actual Rows": 76718,
                                                                "Actual Loops": 1
                                                            },
                                                            {
                                                                "Worker Number": 1,
                                                                "Actual Startup Time": 565.412,
                                                                "Actual Total Time": 947.337,
                                                                "Actual Rows": 55268,
                                                                "Actual Loops": 1
                                                            },
                                                            {
                                                                "Worker Number": 2,
                                                                "Actual Startup Time": 532.39,
                                                                "Actual Total Time": 953.456,
                                                                "Actual Rows": 70626,
                                                                "Actual Loops": 1
                                                            }
                                                        ],
                                                        "Plans": [
                                                            {
                                                                "Node Type": "Hash Join",
                                                                "Parent Relationship": "Outer",
                                                                "Parallel Aware": true,
                                                                "Join Type": "Inner",
                                                                "Startup Cost": 38532.83,
                                                                "Total Cost": 83976.75,
                                                                "Plan Rows": 233995,
                                                                "Plan Width": 25,
                                                                "Actual Startup Time": 324.44,
                                                                "Actual Total Time": 678.636,
                                                                "Actual Rows": 288450,
                                                                "Actual Loops": 4,
                                                                "Output": [
                                                                    "mc.movie_id",
                                                                    "t.title",
                                                                    "t.id"
                                                                ],
                                                                "Inner Unique": false,
                                                                "Hash Cond": "(t.id = mc.movie_id)",
                                                                "Workers": [
                                                                    {
                                                                        "Worker Number": 0,
                                                                        "Actual Startup Time": 324.462,
                                                                        "Actual Total Time": 689.363,
                                                                        "Actual Rows": 309496,
                                                                        "Actual Loops": 1
                                                                    },
                                                                    {
                                                                        "Worker Number": 1,
                                                                        "Actual Startup Time": 324.527,
                                                                        "Actual Total Time": 650.637,
                                                                        "Actual Rows": 221997,
                                                                        "Actual Loops": 1
                                                                    },
                                                                    {
                                                                        "Worker Number": 2,
                                                                        "Actual Startup Time": 324.456,
                                                                        "Actual Total Time": 685.52,
                                                                        "Actual Rows": 288158,
                                                                        "Actual Loops": 1
                                                                    }
                                                                ],
                                                                "Plans": [
                                                                    {
                                                                        "Node Type": "Seq Scan",
                                                                        "Parent Relationship": "Outer",
                                                                        "Parallel Aware": true,
                                                                        "Relation Name": "title",
                                                                        "Schema": "public",
                                                                        "Alias": "t",
                                                                        "Startup Cost": 0.0,
                                                                        "Total Cost": 42318.81,
                                                                        "Plan Rows": 632080,
                                                                        "Plan Width": 21,
                                                                        "Actual Startup Time": 0.031,
                                                                        "Actual Total Time": 101.096,
                                                                        "Actual Rows": 632078,
                                                                        "Actual Loops": 4,
                                                                        "Output": [
                                                                            "t.id",
                                                                            "t.title",
                                                                            "t.imdb_index",
                                                                            "t.kind_id",
                                                                            "t.production_year",
                                                                            "t.imdb_id",
                                                                            "t.phonetic_code",
                                                                            "t.episode_of_id",
                                                                            "t.season_nr",
                                                                            "t.episode_nr",
                                                                            "t.series_years",
                                                                            "t.md5sum"
                                                                        ],
                                                                        "Workers": [
                                                                            {
                                                                                "Worker Number": 0,
                                                                                "Actual Startup Time": 0.03,
                                                                                "Actual Total Time": 112.694,
                                                                                "Actual Rows": 681682,
                                                                                "Actual Loops": 1
                                                                            },
                                                                            {
                                                                                "Worker Number": 1,
                                                                                "Actual Startup Time": 0.031,
                                                                                "Actual Total Time": 105.79,
                                                                                "Actual Rows": 468212,
                                                                                "Actual Loops": 1
                                                                            },
                                                                            {
                                                                                "Worker Number": 2,
                                                                                "Actual Startup Time": 0.053,
                                                                                "Actual Total Time": 109.807,
                                                                                "Actual Rows": 630847,
                                                                                "Actual Loops": 1
                                                                            }
                                                                        ]
                                                                    },
                                                                    {
                                                                        "Node Type": "Hash",
                                                                        "Parent Relationship": "Inner",
                                                                        "Parallel Aware": true,
                                                                        "Startup Cost": 34758.72,
                                                                        "Total Cost": 34758.72,
                                                                        "Plan Rows": 301929,
                                                                        "Plan Width": 4,
                                                                        "Actual Startup Time": 323.166,
                                                                        "Actual Total Time": 324.821,
                                                                        "Actual Rows": 288450,
                                                                        "Actual Loops": 4,
                                                                        "Output": [
                                                                            "mc.movie_id"
                                                                        ],
                                                                        "Hash Buckets": 2097152,
                                                                        "Original Hash Buckets": 1048576,
                                                                        "Hash Batches": 1,
                                                                        "Original Hash Batches": 1,
                                                                        "Peak Memory Usage": 69792,
                                                                        "Workers": [
                                                                            {
                                                                                "Worker Number": 0,
                                                                                "Actual Startup Time": 324.106,
                                                                                "Actual Total Time": 324.11,
                                                                                "Actual Rows": 308660,
                                                                                "Actual Loops": 1
                                                                            },
                                                                            {
                                                                                "Worker Number": 1,
                                                                                "Actual Startup Time": 324.117,
                                                                                "Actual Total Time": 324.122,
                                                                                "Actual Rows": 216179,
                                                                                "Actual Loops": 1
                                                                            },
                                                                            {
                                                                                "Worker Number": 2,
                                                                                "Actual Startup Time": 324.124,
                                                                                "Actual Total Time": 324.129,
                                                                                "Actual Rows": 296509,
                                                                                "Actual Loops": 1
                                                                            }
                                                                        ],
                                                                        "Plans": [
                                                                            {
                                                                                "Node Type": "Hash Join",
                                                                                "Parent Relationship": "Outer",
                                                                                "Parallel Aware": true,
                                                                                "Join Type": "Inner",
                                                                                "Startup Cost": 5342.78,
                                                                                "Total Cost": 34758.72,
                                                                                "Plan Rows": 301929,
                                                                                "Plan Width": 4,
                                                                                "Actual Startup Time": 15.552,
                                                                                "Actual Total Time": 199.335,
                                                                                "Actual Rows": 288450,
                                                                                "Actual Loops": 4,
                                                                                "Output": [
                                                                                    "mc.movie_id"
                                                                                ],
                                                                                "Inner Unique": true,
                                                                                "Hash Cond": "(mc.company_id = cn.id)",
                                                                                "Workers": [
                                                                                    {
                                                                                        "Worker Number": 0,
                                                                                        "Actual Startup Time": 15.563,
                                                                                        "Actual Total Time": 197.658,
                                                                                        "Actual Rows": 308660,
                                                                                        "Actual Loops": 1
                                                                                    },
                                                                                    {
                                                                                        "Worker Number": 1,
                                                                                        "Actual Startup Time": 15.435,
                                                                                        "Actual Total Time": 202.467,
                                                                                        "Actual Rows": 216179,
                                                                                        "Actual Loops": 1
                                                                                    },
                                                                                    {
                                                                                        "Worker Number": 2,
                                                                                        "Actual Startup Time": 15.546,
                                                                                        "Actual Total Time": 197.878,
                                                                                        "Actual Rows": 296509,
                                                                                        "Actual Loops": 1
                                                                                    }
                                                                                ],
                                                                                "Plans": [
                                                                                    {
                                                                                        "Node Type": "Seq Scan",
                                                                                        "Parent Relationship": "Outer",
                                                                                        "Parallel Aware": true,
                                                                                        "Relation Name": "movie_companies",
                                                                                        "Schema": "public",
                                                                                        "Alias": "mc",
                                                                                        "Startup Cost": 0.0,
                                                                                        "Total Cost": 27206.55,
                                                                                        "Plan Rows": 841655,
                                                                                        "Plan Width": 8,
                                                                                        "Actual Startup Time": 0.014,
                                                                                        "Actual Total Time": 70.185,
                                                                                        "Actual Rows": 652282,
                                                                                        "Actual Loops": 4,
                                                                                        "Output": [
                                                                                            "mc.id",
                                                                                            "mc.movie_id",
                                                                                            "mc.company_id",
                                                                                            "mc.company_type_id",
                                                                                            "mc.note"
                                                                                        ],
                                                                                        "Workers": [
                                                                                            {
                                                                                                "Worker Number": 0,
                                                                                                "Actual Startup Time": 0.011,
                                                                                                "Actual Total Time": 71.91,
                                                                                                "Actual Rows": 699920,
                                                                                                "Actual Loops": 1
                                                                                            },
                                                                                            {
                                                                                                "Worker Number": 1,
                                                                                                "Actual Startup Time": 0.02,
                                                                                                "Actual Total Time": 72.788,
                                                                                                "Actual Rows": 478619,
                                                                                                "Actual Loops": 1
                                                                                            },
                                                                                            {
                                                                                                "Worker Number": 2,
                                                                                                "Actual Startup Time": 0.015,
                                                                                                "Actual Total Time": 74.107,
                                                                                                "Actual Rows": 670438,
                                                                                                "Actual Loops": 1
                                                                                            }
                                                                                        ]
                                                                                    },
                                                                                    {
                                                                                        "Node Type": "Hash",
                                                                                        "Parent Relationship": "Inner",
                                                                                        "Parallel Aware": true,
                                                                                        "Startup Cost": 4722.92,
                                                                                        "Total Cost": 4722.92,
                                                                                        "Plan Rows": 49589,
                                                                                        "Plan Width": 4,
                                                                                        "Actual Startup Time": 15.256,
                                                                                        "Actual Total Time": 15.257,
                                                                                        "Actual Rows": 21211,
                                                                                        "Actual Loops": 4,
                                                                                        "Output": [
                                                                                            "cn.id"
                                                                                        ],
                                                                                        "Hash Buckets": 131072,
                                                                                        "Original Hash Buckets": 131072,
                                                                                        "Hash Batches": 1,
                                                                                        "Original Hash Batches": 1,
                                                                                        "Peak Memory Usage": 4384,
                                                                                        "Workers": [
                                                                                            {
                                                                                                "Worker Number": 0,
                                                                                                "Actual Startup Time": 15.291,
                                                                                                "Actual Total Time": 15.292,
                                                                                                "Actual Rows": 22028,
                                                                                                "Actual Loops": 1
                                                                                            },
                                                                                            {
                                                                                                "Worker Number": 1,
                                                                                                "Actual Startup Time": 15.345,
                                                                                                "Actual Total Time": 15.346,
                                                                                                "Actual Rows": 14607,
                                                                                                "Actual Loops": 1
                                                                                            },
                                                                                            {
                                                                                                "Worker Number": 2,
                                                                                                "Actual Startup Time": 15.443,
                                                                                                "Actual Total Time": 15.444,
                                                                                                "Actual Rows": 21579,
                                                                                                "Actual Loops": 1
                                                                                            }
                                                                                        ],
                                                                                        "Plans": [
                                                                                            {
                                                                                                "Node Type": "Seq Scan",
                                                                                                "Parent Relationship": "Outer",
                                                                                                "Parallel Aware": true,
                                                                                                "Relation Name": "company_name",
                                                                                                "Schema": "public",
                                                                                                "Alias": "cn",
                                                                                                "Startup Cost": 0.0,
                                                                                                "Total Cost": 4722.92,
                                                                                                "Plan Rows": 49589,
                                                                                                "Plan Width": 4,
                                                                                                "Actual Startup Time": 0.024,
                                                                                                "Actual Total Time": 9.226,
                                                                                                "Actual Rows": 21211,
                                                                                                "Actual Loops": 4,
                                                                                                "Output": [
                                                                                                    "cn.id"
                                                                                                ],
                                                                                                "Filter": "((cn.country_code)::text = '[us]'::text)",
                                                                                                "Rows Removed by Filter": 37538,
                                                                                                "Workers": [
                                                                                                    {
                                                                                                        "Worker Number": 0,
                                                                                                        "Actual Startup Time": 0.028,
                                                                                                        "Actual Total Time": 9.106,
                                                                                                        "Actual Rows": 22028,
                                                                                                        "Actual Loops": 1
                                                                                                    },
                                                                                                    {
                                                                                                        "Worker Number": 1,
                                                                                                        "Actual Startup Time": 0.035,
                                                                                                        "Actual Total Time": 9.506,
                                                                                                        "Actual Rows": 14607,
                                                                                                        "Actual Loops": 1
                                                                                                    },
                                                                                                    {
                                                                                                        "Worker Number": 2,
                                                                                                        "Actual Startup Time": 0.017,
                                                                                                        "Actual Total Time": 9.496,
                                                                                                        "Actual Rows": 21579,
                                                                                                        "Actual Loops": 1
                                                                                                    }
                                                                                                ]
                                                                                            }
                                                                                        ]
                                                                                    }
                                                                                ]
                                                                            }
                                                                        ]
                                                                    }
                                                                ]
                                                            },
                                                            {
                                                                "Node Type": "Hash",
                                                                "Parent Relationship": "Inner",
                                                                "Parallel Aware": false,
                                                                "Startup Cost": 147572.66,
                                                                "Total Cost": 147572.66,
                                                                "Plan Rows": 3021065,
                                                                "Plan Width": 8,
                                                                "Actual Startup Time": 199.272,
                                                                "Actual Total Time": 199.274,
                                                                "Actual Rows": 276403,
                                                                "Actual Loops": 4,
                                                                "Output": [
                                                                    "ci.person_id",
                                                                    "ci.movie_id"
                                                                ],
                                                                "Hash Buckets": 4194304,
                                                                "Original Hash Buckets": 4194304,
                                                                "Hash Batches": 1,
                                                                "Original Hash Batches": 1,
                                                                "Peak Memory Usage": 43565,
                                                                "Workers": [
                                                                    {
                                                                        "Worker Number": 0,
                                                                        "Actual Startup Time": 188.33,
                                                                        "Actual Total Time": 188.331,
                                                                        "Actual Rows": 276403,
                                                                        "Actual Loops": 1
                                                                    },
                                                                    {
                                                                        "Worker Number": 1,
                                                                        "Actual Startup Time": 218.128,
                                                                        "Actual Total Time": 218.13,
                                                                        "Actual Rows": 276403,
                                                                        "Actual Loops": 1
                                                                    },
                                                                    {
                                                                        "Worker Number": 2,
                                                                        "Actual Startup Time": 190.851,
                                                                        "Actual Total Time": 190.853,
                                                                        "Actual Rows": 276403,
                                                                        "Actual Loops": 1
                                                                    }
                                                                ],
                                                                "Plans": [
                                                                    {
                                                                        "Node Type": "Nested Loop",
                                                                        "Parent Relationship": "Outer",
                                                                        "Parallel Aware": false,
                                                                        "Join Type": "Inner",
                                                                        "Startup Cost": 0.56,
                                                                        "Total Cost": 147572.66,
                                                                        "Plan Rows": 3021065,
                                                                        "Plan Width": 8,
                                                                        "Actual Startup Time": 15.473,
                                                                        "Actual Total Time": 115.544,
                                                                        "Actual Rows": 276403,
                                                                        "Actual Loops": 4,
                                                                        "Output": [
                                                                            "ci.person_id",
                                                                            "ci.movie_id"
                                                                        ],
                                                                        "Inner Unique": false,
                                                                        "Workers": [
                                                                            {
                                                                                "Worker Number": 0,
                                                                                "Actual Startup Time": 14.468,
                                                                                "Actual Total Time": 111.297,
                                                                                "Actual Rows": 276403,
                                                                                "Actual Loops": 1
                                                                            },
                                                                            {
                                                                                "Worker Number": 1,
                                                                                "Actual Startup Time": 7.732,
                                                                                "Actual Total Time": 121.145,
                                                                                "Actual Rows": 276403,
                                                                                "Actual Loops": 1
                                                                            },
                                                                            {
                                                                                "Worker Number": 2,
                                                                                "Actual Startup Time": 13.619,
                                                                                "Actual Total Time": 107.47,
                                                                                "Actual Rows": 276403,
                                                                                "Actual Loops": 1
                                                                            }
                                                                        ],
                                                                        "Plans": [
                                                                            {
                                                                                "Node Type": "Seq Scan",
                                                                                "Parent Relationship": "Outer",
                                                                                "Parallel Aware": false,
                                                                                "Relation Name": "role_type",
                                                                                "Schema": "public",
                                                                                "Alias": "rt",
                                                                                "Startup Cost": 0.0,
                                                                                "Total Cost": 1.15,
                                                                                "Plan Rows": 1,
                                                                                "Plan Width": 4,
                                                                                "Actual Startup Time": 0.039,
                                                                                "Actual Total Time": 0.044,
                                                                                "Actual Rows": 1,
                                                                                "Actual Loops": 4,
                                                                                "Output": [
                                                                                    "rt.id",
                                                                                    "rt.role"
                                                                                ],
                                                                                "Filter": "((rt.role)::text = 'costume designer'::text)",
                                                                                "Rows Removed by Filter": 11,
                                                                                "Workers": [
                                                                                    {
                                                                                        "Worker Number": 0,
                                                                                        "Actual Startup Time": 0.05,
                                                                                        "Actual Total Time": 0.054,
                                                                                        "Actual Rows": 1,
                                                                                        "Actual Loops": 1
                                                                                    },
                                                                                    {
                                                                                        "Worker Number": 1,
                                                                                        "Actual Startup Time": 0.036,
                                                                                        "Actual Total Time": 0.041,
                                                                                        "Actual Rows": 1,
                                                                                        "Actual Loops": 1
                                                                                    },
                                                                                    {
                                                                                        "Worker Number": 2,
                                                                                        "Actual Startup Time": 0.049,
                                                                                        "Actual Total Time": 0.054,
                                                                                        "Actual Rows": 1,
                                                                                        "Actual Loops": 1
                                                                                    }
                                                                                ]
                                                                            },
                                                                            {
                                                                                "Node Type": "Index Scan",
                                                                                "Parent Relationship": "Inner",
                                                                                "Parallel Aware": false,
                                                                                "Scan Direction": "Forward",
                                                                                "Index Name": "role_id_cast_info",
                                                                                "Relation Name": "cast_info",
                                                                                "Schema": "public",
                                                                                "Alias": "ci",
                                                                                "Startup Cost": 0.56,
                                                                                "Total Cost": 114614.44,
                                                                                "Plan Rows": 3295707,
                                                                                "Plan Width": 12,
                                                                                "Actual Startup Time": 15.427,
                                                                                "Actual Total Time": 86.371,
                                                                                "Actual Rows": 276403,
                                                                                "Actual Loops": 4,
                                                                                "Output": [
                                                                                    "ci.id",
                                                                                    "ci.person_id",
                                                                                    "ci.movie_id",
                                                                                    "ci.person_role_id",
                                                                                    "ci.note",
                                                                                    "ci.nr_order",
                                                                                    "ci.role_id"
                                                                                ],
                                                                                "Index Cond": "(ci.role_id = rt.id)",
                                                                                "Rows Removed by Index Recheck": 0,
                                                                                "Workers": [
                                                                                    {
                                                                                        "Worker Number": 0,
                                                                                        "Actual Startup Time": 14.412,
                                                                                        "Actual Total Time": 85.358,
                                                                                        "Actual Rows": 276403,
                                                                                        "Actual Loops": 1
                                                                                    },
                                                                                    {
                                                                                        "Worker Number": 1,
                                                                                        "Actual Startup Time": 7.689,
                                                                                        "Actual Total Time": 83.42,
                                                                                        "Actual Rows": 276403,
                                                                                        "Actual Loops": 1
                                                                                    },
                                                                                    {
                                                                                        "Worker Number": 2,
                                                                                        "Actual Startup Time": 13.563,
                                                                                        "Actual Total Time": 81.744,
                                                                                        "Actual Rows": 276403,
                                                                                        "Actual Loops": 1
                                                                                    }
                                                                                ]
                                                                            }
                                                                        ]
                                                                    }
                                                                ]
                                                            }
                                                        ]
                                                    },
                                                    {
                                                        "Node Type": "Hash",
                                                        "Parent Relationship": "Inner",
                                                        "Parallel Aware": true,
                                                        "Startup Cost": 66031.87,
                                                        "Total Cost": 66031.87,
                                                        "Plan Rows": 1041887,
                                                        "Plan Width": 4,
                                                        "Actual Startup Time": 589.105,
                                                        "Actual Total Time": 589.106,
                                                        "Actual Rows": 1041873,
                                                        "Actual Loops": 4,
                                                        "Output": [
                                                            "n1.id"
                                                        ],
                                                        "Hash Buckets": 4194304,
                                                        "Original Hash Buckets": 4194304,
                                                        "Hash Batches": 1,
                                                        "Original Hash Batches": 1,
                                                        "Peak Memory Usage": 195840,
                                                        "Workers": [
                                                            {
                                                                "Worker Number": 0,
                                                                "Actual Startup Time": 594.999,
                                                                "Actual Total Time": 595.0,
                                                                "Actual Rows": 1076786,
                                                                "Actual Loops": 1
                                                            },
                                                            {
                                                                "Worker Number": 1,
                                                                "Actual Startup Time": 595.023,
                                                                "Actual Total Time": 595.024,
                                                                "Actual Rows": 827677,
                                                                "Actual Loops": 1
                                                            },
                                                            {
                                                                "Worker Number": 2,
                                                                "Actual Startup Time": 594.984,
                                                                "Actual Total Time": 594.985,
                                                                "Actual Rows": 1026440,
                                                                "Actual Loops": 1
                                                            }
                                                        ],
                                                        "Plans": [
                                                            {
                                                                "Node Type": "Seq Scan",
                                                                "Parent Relationship": "Outer",
                                                                "Parallel Aware": true,
                                                                "Relation Name": "name",
                                                                "Schema": "public",
                                                                "Alias": "n1",
                                                                "Startup Cost": 0.0,
                                                                "Total Cost": 66031.87,
                                                                "Plan Rows": 1041887,
                                                                "Plan Width": 4,
                                                                "Actual Startup Time": 0.066,
                                                                "Actual Total Time": 181.097,
                                                                "Actual Rows": 1041873,
                                                                "Actual Loops": 4,
                                                                "Output": [
                                                                    "n1.id"
                                                                ],
                                                                "Workers": [
                                                                    {
                                                                        "Worker Number": 0,
                                                                        "Actual Startup Time": 0.085,
                                                                        "Actual Total Time": 185.087,
                                                                        "Actual Rows": 1076786,
                                                                        "Actual Loops": 1
                                                                    },
                                                                    {
                                                                        "Worker Number": 1,
                                                                        "Actual Startup Time": 0.071,
                                                                        "Actual Total Time": 197.416,
                                                                        "Actual Rows": 827677,
                                                                        "Actual Loops": 1
                                                                    },
                                                                    {
                                                                        "Worker Number": 2,
                                                                        "Actual Startup Time": 0.088,
                                                                        "Actual Total Time": 186.578,
                                                                        "Actual Rows": 1026440,
                                                                        "Actual Loops": 1
                                                                    }
                                                                ]
                                                            }
                                                        ]
                                                    }
                                                ]
                                            }
                                        ]
                                    }
                                ]
                            }
                        ]
                    }
                ]
            }
        ]
    },
    "Planning Time": 8.359,
    "Triggers": [],
    "Execution Time": 1839.869
}