{
    "Plan": {
        "Node Type": "Aggregate",
        "Strategy": "Plain",
        "Partial Mode": "Finalize",
        "Parallel Aware": false,
        "Startup Cost": 392512.62,
        "Total Cost": 392512.63,
        "Plan Rows": 1,
        "Plan Width": 64,
        "Actual Startup Time": 1710.464,
        "Actual Total Time": 1761.914,
        "Actual Rows": 1,
        "Actual Loops": 1,
        "Output": [
            "min(an1.name)",
            "min(t.title)"
        ],
        "Plans": [
            {
                "Node Type": "Gather",
                "Parent Relationship": "Outer",
                "Parallel Aware": false,
                "Startup Cost": 392512.29,
                "Total Cost": 392512.6,
                "Plan Rows": 3,
                "Plan Width": 64,
                "Actual Startup Time": 1678.284,
                "Actual Total Time": 1761.897,
                "Actual Rows": 4,
                "Actual Loops": 1,
                "Output": [
                    "(PARTIAL min(an1.name))",
                    "(PARTIAL min(t.title))"
                ],
                "Workers Planned": 3,
                "Workers Launched": 3,
                "Single Copy": false,
                "Plans": [
                    {
                        "Node Type": "Aggregate",
                        "Strategy": "Plain",
                        "Partial Mode": "Partial",
                        "Parent Relationship": "Outer",
                        "Parallel Aware": false,
                        "Startup Cost": 391512.29,
                        "Total Cost": 391512.3,
                        "Plan Rows": 1,
                        "Plan Width": 64,
                        "Actual Startup Time": 1660.297,
                        "Actual Total Time": 1662.041,
                        "Actual Rows": 1,
                        "Actual Loops": 4,
                        "Output": [
                            "PARTIAL min(an1.name)",
                            "PARTIAL min(t.title)"
                        ],
                        "Workers": [
                            {
                                "Worker Number": 0,
                                "Actual Startup Time": 1654.115,
                                "Actual Total Time": 1654.127,
                                "Actual Rows": 1,
                                "Actual Loops": 1
                            },
                            {
                                "Worker Number": 1,
                                "Actual Startup Time": 1655.516,
                                "Actual Total Time": 1655.53,
                                "Actual Rows": 1,
                                "Actual Loops": 1
                            },
                            {
                                "Worker Number": 2,
                                "Actual Startup Time": 1654.511,
                                "Actual Total Time": 1654.527,
                                "Actual Rows": 1,
                                "Actual Loops": 1
                            }
                        ],
                        "Plans": [
                            {
                                "Node Type": "Hash Join",
                                "Parent Relationship": "Outer",
                                "Parallel Aware": true,
                                "Join Type": "Inner",
                                "Startup Cost": 363956.94,
                                "Total Cost": 379873.46,
                                "Plan Rows": 2327767,
                                "Plan Width": 33,
                                "Actual Startup Time": 1570.934,
                                "Actual Total Time": 1655.297,
                                "Actual Rows": 80751,
                                "Actual Loops": 4,
                                "Output": [
                                    "an1.name",
                                    "t.title"
                                ],
                                "Inner Unique": false,
                                "Hash Cond": "(an1.person_id = n1.id)",
                                "Workers": [
                                    {
                                        "Worker Number": 0,
                                        "Actual Startup Time": 1564.985,
                                        "Actual Total Time": 1648.427,
                                        "Actual Rows": 77735,
                                        "Actual Loops": 1
                                    },
                                    {
                                        "Worker Number": 1,
                                        "Actual Startup Time": 1565.046,
                                        "Actual Total Time": 1647.736,
                                        "Actual Rows": 64459,
                                        "Actual Loops": 1
                                    },
                                    {
                                        "Worker Number": 2,
                                        "Actual Startup Time": 1565.641,
                                        "Actual Total Time": 1648.042,
                                        "Actual Rows": 87512,
                                        "Actual Loops": 1
                                    }
                                ],
                                "Plans": [
                                    {
                                        "Node Type": "Seq Scan",
                                        "Parent Relationship": "Outer",
                                        "Parallel Aware": true,
                                        "Relation Name": "aka_name",
                                        "Schema": "public",
                                        "Alias": "an1",
                                        "Startup Cost": 0.0,
                                        "Total Cost": 14303.56,
                                        "Plan Rows": 290756,
                                        "Plan Width": 20,
                                        "Actual Startup Time": 0.02,
                                        "Actual Total Time": 27.118,
                                        "Actual Rows": 225336,
                                        "Actual Loops": 4,
                                        "Output": [
                                            "an1.id",
                                            "an1.person_id",
                                            "an1.name",
                                            "an1.imdb_index",
                                            "an1.name_pcode_cf",
                                            "an1.name_pcode_nf",
                                            "an1.surname_pcode",
                                            "an1.md5sum"
                                        ],
                                        "Workers": [
                                            {
                                                "Worker Number": 0,
                                                "Actual Startup Time": 0.023,
                                                "Actual Total Time": 28.798,
                                                "Actual Rows": 258777,
                                                "Actual Loops": 1
                                            },
                                            {
                                                "Worker Number": 1,
                                                "Actual Startup Time": 0.024,
                                                "Actual Total Time": 29.273,
                                                "Actual Rows": 180405,
                                                "Actual Loops": 1
                                            },
                                            {
                                                "Worker Number": 2,
                                                "Actual Startup Time": 0.022,
                                                "Actual Total Time": 27.12,
                                                "Actual Rows": 223880,
                                                "Actual Loops": 1
                                            }
                                        ]
                                    },
                                    {
                                        "Node Type": "Hash",
                                        "Parent Relationship": "Inner",
                                        "Parallel Aware": true,
                                        "Startup Cost": 354593.05,
                                        "Total Cost": 354593.05,
                                        "Plan Rows": 749111,
                                        "Plan Width": 25,
                                        "Actual Startup Time": 1560.736,
                                        "Actual Total Time": 1562.478,
                                        "Actual Rows": 71384,
                                        "Actual Loops": 4,
                                        "Output": [
                                            "ci.person_id",
                                            "n1.id",
                                            "t.title"
                                        ],
                                        "Hash Buckets": 4194304,
                                        "Original Hash Buckets": 4194304,
                                        "Hash Batches": 1,
                                        "Original Hash Batches": 1,
                                        "Peak Memory Usage": 49792,
                                        "Workers": [
                                            {
                                                "Worker Number": 0,
                                                "Actual Startup Time": 1564.551,
                                                "Actual Total Time": 1564.562,
                                                "Actual Rows": 77291,
                                                "Actual Loops": 1
                                            },
                                            {
                                                "Worker Number": 1,
                                                "Actual Startup Time": 1564.535,
                                                "Actual Total Time": 1564.547,
                                                "Actual Rows": 51394,
                                                "Actual Loops": 1
                                            },
                                            {
                                                "Worker Number": 2,
                                                "Actual Startup Time": 1564.874,
                                                "Actual Total Time": 1564.888,
                                                "Actual Rows": 70289,
                                                "Actual Loops": 1
                                            }
                                        ],
                                        "Plans": [
                                            {
                                                "Node Type": "Hash Join",
                                                "Parent Relationship": "Outer",
                                                "Parallel Aware": true,
                                                "Join Type": "Inner",
                                                "Startup Cost": 302924.26,
                                                "Total Cost": 354593.05,
                                                "Plan Rows": 749111,
                                                "Plan Width": 25,
                                                "Actual Startup Time": 1065.868,
                                                "Actual Total Time": 1505.26,
                                                "Actual Rows": 71384,
                                                "Actual Loops": 4,
                                                "Output": [
                                                    "ci.person_id",
                                                    "n1.id",
                                                    "t.title"
                                                ],
                                                "Inner Unique": true,
                                                "Hash Cond": "(ci.person_id = n1.id)",
                                                "Workers": [
                                                    {
                                                        "Worker Number": 0,
                                                        "Actual Startup Time": 1053.349,
                                                        "Actual Total Time": 1500.678,
                                                        "Actual Rows": 77291,
                                                        "Actual Loops": 1
                                                    },
                                                    {
                                                        "Worker Number": 1,
                                                        "Actual Startup Time": 1121.364,
                                                        "Actual Total Time": 1501.481,
                                                        "Actual Rows": 51394,
                                                        "Actual Loops": 1
                                                    },
                                                    {
                                                        "Worker Number": 2,
                                                        "Actual Startup Time": 1061.478,
                                                        "Actual Total Time": 1507.832,
                                                        "Actual Rows": 70289,
                                                        "Actual Loops": 1
                                                    }
                                                ],
                                                "Plans": [
                                                    {
                                                        "Node Type": "Hash Join",
                                                        "Parent Relationship": "Outer",
                                                        "Parallel Aware": false,
                                                        "Join Type": "Inner",
                                                        "Startup Cost": 223868.8,
                                                        "Total Cost": 273571.17,
                                                        "Plan Rows": 749111,
                                                        "Plan Width": 21,
                                                        "Actual Startup Time": 478.899,
                                                        "Actual Total Time": 891.284,
                                                        "Actual Rows": 71384,
                                                        "Actual Loops": 4,
                                                        "Output": [
                                                            "ci.person_id",
                                                            "t.title"
                                                        ],
                                                        "Inner Unique": false,
                                                        "Hash Cond": "(t.id = ci.movie_id)",
                                                        "Workers": [
                                                            {
                                                                "Worker Number": 0,
                                                                "Actual Startup Time": 466.519,
                                                                "Actual Total Time": 888.69,
                                                                "Actual Rows": 77291,
                                                                "Actual Loops": 1
                                                            },
                                                            {
                                                                "Worker Number": 1,
                                                                "Actual Startup Time": 534.428,
                                                                "Actual Total Time": 888.289,
                                                                "Actual Rows": 51394,
                                                                "Actual Loops": 1
                                                            },
                                                            {
                                                                "Worker Number": 2,
                                                                "Actual Startup Time": 474.538,
                                                                "Actual Total Time": 891.837,
                                                                "Actual Rows": 70289,
                                                                "Actual Loops": 1
                                                            }
                                                        ],
                                                        "Plans": [
                                                            {
                                                                "Node Type": "Hash Join",
                                                                "Parent Relationship": "Outer",
                                                                "Parallel Aware": true,
                                                                "Join Type": "Inner",
                                                                "Startup Cost": 38532.83,
                                                                "Total Cost": 83976.75,
                                                                "Plan Rows": 233995,
                                                                "Plan Width": 25,
                                                                "Actual Startup Time": 309.336,
                                                                "Actual Total Time": 661.537,
                                                                "Actual Rows": 288450,
                                                                "Actual Loops": 4,
                                                                "Output": [
                                                                    "mc.movie_id",
                                                                    "t.title",
                                                                    "t.id"
                                                                ],
                                                                "Inner Unique": false,
                                                                "Hash Cond": "(t.id = mc.movie_id)",
                                                                "Workers": [
                                                                    {
                                                                        "Worker Number": 0,
                                                                        "Actual Startup Time": 309.439,
                                                                        "Actual Total Time": 672.988,
                                                                        "Actual Rows": 311447,
                                                                        "Actual Loops": 1
                                                                    },
                                                                    {
                                                                        "Worker Number": 1,
                                                                        "Actual Startup Time": 309.412,
                                                                        "Actual Total Time": 610.576,
                                                                        "Actual Rows": 210279,
                                                                        "Actual Loops": 1
                                                                    },
                                                                    {
                                                                        "Worker Number": 2,
                                                                        "Actual Startup Time": 309.274,
                                                                        "Actual Total Time": 666.93,
                                                                        "Actual Rows": 285901,
                                                                        "Actual Loops": 1
                                                                    }
                                                                ],
                                                                "Plans": [
                                                                    {
                                                                        "Node Type": "Seq Scan",
                                                                        "Parent Relationship": "Outer",
                                                                        "Parallel Aware": true,
                                                                        "Relation Name": "title",
                                                                        "Schema": "public",
                                                                        "Alias": "t",
                                                                        "Startup Cost": 0.0,
                                                                        "Total Cost": 42318.81,
                                                                        "Plan Rows": 632080,
                                                                        "Plan Width": 21,
                                                                        "Actual Startup Time": 0.027,
                                                                        "Actual Total Time": 99.819,
                                                                        "Actual Rows": 632078,
                                                                        "Actual Loops": 4,
                                                                        "Output": [
                                                                            "t.id",
                                                                            "t.title",
                                                                            "t.imdb_index",
                                                                            "t.kind_id",
                                                                            "t.production_year",
                                                                            "t.imdb_id",
                                                                            "t.phonetic_code",
                                                                            "t.episode_of_id",
                                                                            "t.season_nr",
                                                                            "t.episode_nr",
                                                                            "t.series_years",
                                                                            "t.md5sum"
                                                                        ],
                                                                        "Workers": [
                                                                            {
                                                                                "Worker Number": 0,
                                                                                "Actual Startup Time": 0.035,
                                                                                "Actual Total Time": 112.727,
                                                                                "Actual Rows": 683888,
                                                                                "Actual Loops": 1
                                                                            },
                                                                            {
                                                                                "Worker Number": 1,
                                                                                "Actual Startup Time": 0.033,
                                                                                "Actual Total Time": 97.336,
                                                                                "Actual Rows": 429717,
                                                                                "Actual Loops": 1
                                                                            },
                                                                            {
                                                                                "Worker Number": 2,
                                                                                "Actual Startup Time": 0.03,
                                                                                "Actual Total Time": 108.547,
                                                                                "Actual Rows": 625133,
                                                                                "Actual Loops": 1
                                                                            }
                                                                        ]
                                                                    },
                                                                    {
                                                                        "Node Type": "Hash",
                                                                        "Parent Relationship": "Inner",
                                                                        "Parallel Aware": true,
                                                                        "Startup Cost": 34758.72,
                                                                        "Total Cost": 34758.72,
                                                                        "Plan Rows": 301929,
                                                                        "Plan Width": 4,
                                                                        "Actual Startup Time": 308.266,
                                                                        "Actual Total Time": 309.998,
                                                                        "Actual Rows": 288450,
                                                                        "Actual Loops": 4,
                                                                        "Output": [
                                                                            "mc.movie_id"
                                                                        ],
                                                                        "Hash Buckets": 2097152,
                                                                        "Original Hash Buckets": 1048576,
                                                                        "Hash Batches": 1,
                                                                        "Original Hash Batches": 1,
                                                                        "Peak Memory Usage": 69760,
                                                                        "Workers": [
                                                                            {
                                                                                "Worker Number": 0,
                                                                                "Actual Startup Time": 305.606,
                                                                                "Actual Total Time": 305.61,
                                                                                "Actual Rows": 313956,
                                                                                "Actual Loops": 1
                                                                            },
                                                                            {
                                                                                "Worker Number": 1,
                                                                                "Actual Startup Time": 309.114,
                                                                                "Actual Total Time": 309.118,
                                                                                "Actual Rows": 212490,
                                                                                "Actual Loops": 1
                                                                            },
                                                                            {
                                                                                "Worker Number": 2,
                                                                                "Actual Startup Time": 309.189,
                                                                                "Actual Total Time": 309.194,
                                                                                "Actual Rows": 298771,
                                                                                "Actual Loops": 1
                                                                            }
                                                                        ],
                                                                        "Plans": [
                                                                            {
                                                                                "Node Type": "Hash Join",
                                                                                "Parent Relationship": "Outer",
                                                                                "Parallel Aware": true,
                                                                                "Join Type": "Inner",
                                                                                "Startup Cost": 5342.78,
                                                                                "Total Cost": 34758.72,
                                                                                "Plan Rows": 301929,
                                                                                "Plan Width": 4,
                                                                                "Actual Startup Time": 15.785,
                                                                                "Actual Total Time": 196.297,
                                                                                "Actual Rows": 288450,
                                                                                "Actual Loops": 4,
                                                                                "Output": [
                                                                                    "mc.movie_id"
                                                                                ],
                                                                                "Inner Unique": true,
                                                                                "Hash Cond": "(mc.company_id = cn.id)",
                                                                                "Workers": [
                                                                                    {
                                                                                        "Worker Number": 0,
                                                                                        "Actual Startup Time": 15.77,
                                                                                        "Actual Total Time": 195.158,
                                                                                        "Actual Rows": 313956,
                                                                                        "Actual Loops": 1
                                                                                    },
                                                                                    {
                                                                                        "Worker Number": 1,
                                                                                        "Actual Startup Time": 15.768,
                                                                                        "Actual Total Time": 200.303,
                                                                                        "Actual Rows": 212490,
                                                                                        "Actual Loops": 1
                                                                                    },
                                                                                    {
                                                                                        "Worker Number": 2,
                                                                                        "Actual Startup Time": 15.787,
                                                                                        "Actual Total Time": 194.127,
                                                                                        "Actual Rows": 298771,
                                                                                        "Actual Loops": 1
                                                                                    }
                                                                                ],
                                                                                "Plans": [
                                                                                    {
                                                                                        "Node Type": "Seq Scan",
                                                                                        "Parent Relationship": "Outer",
                                                                                        "Parallel Aware": true,
                                                                                        "Relation Name": "movie_companies",
                                                                                        "Schema": "public",
                                                                                        "Alias": "mc",
                                                                                        "Startup Cost": 0.0,
                                                                                        "Total Cost": 27206.55,
                                                                                        "Plan Rows": 841655,
                                                                                        "Plan Width": 8,
                                                                                        "Actual Startup Time": 0.009,
                                                                                        "Actual Total Time": 69.42,
                                                                                        "Actual Rows": 652282,
                                                                                        "Actual Loops": 4,
                                                                                        "Output": [
                                                                                            "mc.id",
                                                                                            "mc.movie_id",
                                                                                            "mc.company_id",
                                                                                            "mc.company_type_id",
                                                                                            "mc.note"
                                                                                        ],
                                                                                        "Workers": [
                                                                                            {
                                                                                                "Worker Number": 0,
                                                                                                "Actual Startup Time": 0.012,
                                                                                                "Actual Total Time": 71.48,
                                                                                                "Actual Rows": 716490,
                                                                                                "Actual Loops": 1
                                                                                            },
                                                                                            {
                                                                                                "Worker Number": 1,
                                                                                                "Actual Startup Time": 0.007,
                                                                                                "Actual Total Time": 72.293,
                                                                                                "Actual Rows": 475741,
                                                                                                "Actual Loops": 1
                                                                                            },
                                                                                            {
                                                                                                "Worker Number": 2,
                                                                                                "Actual Startup Time": 0.011,
                                                                                                "Actual Total Time": 72.935,
                                                                                                "Actual Rows": 668568,
                                                                                                "Actual Loops": 1
                                                                                            }
                                                                                        ]
                                                                                    },
                                                                                    {
                                                                                        "Node Type": "Hash",
                                                                                        "Parent Relationship": "Inner",
                                                                                        "Parallel Aware": true,
                                                                                        "Startup Cost": 4722.92,
                                                                                        "Total Cost": 4722.92,
                                                                                        "Plan Rows": 49589,
                                                                                        "Plan Width": 4,
                                                                                        "Actual Startup Time": 15.589,
                                                                                        "Actual Total Time": 15.591,
                                                                                        "Actual Rows": 21211,
                                                                                        "Actual Loops": 4,
                                                                                        "Output": [
                                                                                            "cn.id"
                                                                                        ],
                                                                                        "Hash Buckets": 131072,
                                                                                        "Original Hash Buckets": 131072,
                                                                                        "Hash Batches": 1,
                                                                                        "Original Hash Batches": 1,
                                                                                        "Peak Memory Usage": 4384,
                                                                                        "Workers": [
                                                                                            {
                                                                                                "Worker Number": 0,
                                                                                                "Actual Startup Time": 15.242,
                                                                                                "Actual Total Time": 15.243,
                                                                                                "Actual Rows": 23344,
                                                                                                "Actual Loops": 1
                                                                                            },
                                                                                            {
                                                                                                "Worker Number": 1,
                                                                                                "Actual Startup Time": 15.706,
                                                                                                "Actual Total Time": 15.707,
                                                                                                "Actual Rows": 15404,
                                                                                                "Actual Loops": 1
                                                                                            },
                                                                                            {
                                                                                                "Worker Number": 2,
                                                                                                "Actual Startup Time": 15.702,
                                                                                                "Actual Total Time": 15.704,
                                                                                                "Actual Rows": 20807,
                                                                                                "Actual Loops": 1
                                                                                            }
                                                                                        ],
                                                                                        "Plans": [
                                                                                            {
                                                                                                "Node Type": "Seq Scan",
                                                                                                "Parent Relationship": "Outer",
                                                                                                "Parallel Aware": true,
                                                                                                "Relation Name": "company_name",
                                                                                                "Schema": "public",
                                                                                                "Alias": "cn",
                                                                                                "Startup Cost": 0.0,
                                                                                                "Total Cost": 4722.92,
                                                                                                "Plan Rows": 49589,
                                                                                                "Plan Width": 4,
                                                                                                "Actual Startup Time": 0.015,
                                                                                                "Actual Total Time": 9.435,
                                                                                                "Actual Rows": 21211,
                                                                                                "Actual Loops": 4,
                                                                                                "Output": [
                                                                                                    "cn.id"
                                                                                                ],
                                                                                                "Filter": "((cn.country_code)::text = '[us]'::text)",
                                                                                                "Rows Removed by Filter": 37538,
                                                                                                "Workers": [
                                                                                                    {
                                                                                                        "Worker Number": 0,
                                                                                                        "Actual Startup Time": 0.015,
                                                                                                        "Actual Total Time": 9.56,
                                                                                                        "Actual Rows": 23344,
                                                                                                        "Actual Loops": 1
                                                                                                    },
                                                                                                    {
                                                                                                        "Worker Number": 1,
                                                                                                        "Actual Startup Time": 0.016,
                                                                                                        "Actual Total Time": 9.801,
                                                                                                        "Actual Rows": 15404,
                                                                                                        "Actual Loops": 1
                                                                                                    },
                                                                                                    {
                                                                                                        "Worker Number": 2,
                                                                                                        "Actual Startup Time": 0.016,
                                                                                                        "Actual Total Time": 9.574,
                                                                                                        "Actual Rows": 20807,
                                                                                                        "Actual Loops": 1
                                                                                                    }
                                                                                                ]
                                                                                            }
                                                                                        ]
                                                                                    }
                                                                                ]
                                                                            }
                                                                        ]
                                                                    }
                                                                ]
                                                            },
                                                            {
                                                                "Node Type": "Hash",
                                                                "Parent Relationship": "Inner",
                                                                "Parallel Aware": false,
                                                                "Startup Cost": 147572.66,
                                                                "Total Cost": 147572.66,
                                                                "Plan Rows": 3021065,
                                                                "Plan Width": 8,
                                                                "Actual Startup Time": 154.325,
                                                                "Actual Total Time": 154.327,
                                                                "Actual Rows": 276403,
                                                                "Actual Loops": 4,
                                                                "Output": [
                                                                    "ci.person_id",
                                                                    "ci.movie_id"
                                                                ],
                                                                "Hash Buckets": 4194304,
                                                                "Original Hash Buckets": 4194304,
                                                                "Hash Batches": 1,
                                                                "Original Hash Batches": 1,
                                                                "Peak Memory Usage": 43565,
                                                                "Workers": [
                                                                    {
                                                                        "Worker Number": 0,
                                                                        "Actual Startup Time": 140.997,
                                                                        "Actual Total Time": 140.999,
                                                                        "Actual Rows": 276403,
                                                                        "Actual Loops": 1
                                                                    },
                                                                    {
                                                                        "Worker Number": 1,
                                                                        "Actual Startup Time": 202.228,
                                                                        "Actual Total Time": 202.23,
                                                                        "Actual Rows": 276403,
                                                                        "Actual Loops": 1
                                                                    },
                                                                    {
                                                                        "Worker Number": 2,
                                                                        "Actual Startup Time": 148.064,
                                                                        "Actual Total Time": 148.066,
                                                                        "Actual Rows": 276403,
                                                                        "Actual Loops": 1
                                                                    }
                                                                ],
                                                                "Plans": [
                                                                    {
                                                                        "Node Type": "Nested Loop",
                                                                        "Parent Relationship": "Outer",
                                                                        "Parallel Aware": false,
                                                                        "Join Type": "Inner",
                                                                        "Startup Cost": 0.56,
                                                                        "Total Cost": 147572.66,
                                                                        "Plan Rows": 3021065,
                                                                        "Plan Width": 8,
                                                                        "Actual Startup Time": 0.166,
                                                                        "Actual Total Time": 75.969,
                                                                        "Actual Rows": 276403,
                                                                        "Actual Loops": 4,
                                                                        "Output": [
                                                                            "ci.person_id",
                                                                            "ci.movie_id"
                                                                        ],
                                                                        "Inner Unique": false,
                                                                        "Workers": [
                                                                            {
                                                                                "Worker Number": 0,
                                                                                "Actual Startup Time": 0.189,
                                                                                "Actual Total Time": 69.682,
                                                                                "Actual Rows": 276403,
                                                                                "Actual Loops": 1
                                                                            },
                                                                            {
                                                                                "Worker Number": 1,
                                                                                "Actual Startup Time": 0.205,
                                                                                "Actual Total Time": 106.381,
                                                                                "Actual Rows": 276403,
                                                                                "Actual Loops": 1
                                                                            },
                                                                            {
                                                                                "Worker Number": 2,
                                                                                "Actual Startup Time": 0.176,
                                                                                "Actual Total Time": 69.498,
                                                                                "Actual Rows": 276403,
                                                                                "Actual Loops": 1
                                                                            }
                                                                        ],
                                                                        "Plans": [
                                                                            {
                                                                                "Node Type": "Seq Scan",
                                                                                "Parent Relationship": "Outer",
                                                                                "Parallel Aware": false,
                                                                                "Relation Name": "role_type",
                                                                                "Schema": "public",
                                                                                "Alias": "rt",
                                                                                "Startup Cost": 0.0,
                                                                                "Total Cost": 1.15,
                                                                                "Plan Rows": 1,
                                                                                "Plan Width": 4,
                                                                                "Actual Startup Time": 0.043,
                                                                                "Actual Total Time": 0.048,
                                                                                "Actual Rows": 1,
                                                                                "Actual Loops": 4,
                                                                                "Output": [
                                                                                    "rt.id",
                                                                                    "rt.role"
                                                                                ],
                                                                                "Filter": "((rt.role)::text = 'costume designer'::text)",
                                                                                "Rows Removed by Filter": 11,
                                                                                "Workers": [
                                                                                    {
                                                                                        "Worker Number": 0,
                                                                                        "Actual Startup Time": 0.043,
                                                                                        "Actual Total Time": 0.048,
                                                                                        "Actual Rows": 1,
                                                                                        "Actual Loops": 1
                                                                                    },
                                                                                    {
                                                                                        "Worker Number": 1,
                                                                                        "Actual Startup Time": 0.059,
                                                                                        "Actual Total Time": 0.063,
                                                                                        "Actual Rows": 1,
                                                                                        "Actual Loops": 1
                                                                                    },
                                                                                    {
                                                                                        "Worker Number": 2,
                                                                                        "Actual Startup Time": 0.05,
                                                                                        "Actual Total Time": 0.055,
                                                                                        "Actual Rows": 1,
                                                                                        "Actual Loops": 1
                                                                                    }
                                                                                ]
                                                                            },
                                                                            {
                                                                                "Node Type": "Index Scan",
                                                                                "Parent Relationship": "Inner",
                                                                                "Parallel Aware": false,
                                                                                "Scan Direction": "Forward",
                                                                                "Index Name": "role_id_cast_info",
                                                                                "Relation Name": "cast_info",
                                                                                "Schema": "public",
                                                                                "Alias": "ci",
                                                                                "Startup Cost": 0.56,
                                                                                "Total Cost": 114614.44,
                                                                                "Plan Rows": 3295707,
                                                                                "Plan Width": 12,
                                                                                "Actual Startup Time": 0.117,
                                                                                "Actual Total Time": 48.978,
                                                                                "Actual Rows": 276403,
                                                                                "Actual Loops": 4,
                                                                                "Output": [
                                                                                    "ci.id",
                                                                                    "ci.person_id",
                                                                                    "ci.movie_id",
                                                                                    "ci.person_role_id",
                                                                                    "ci.note",
                                                                                    "ci.nr_order",
                                                                                    "ci.role_id"
                                                                                ],
                                                                                "Index Cond": "(ci.role_id = rt.id)",
                                                                                "Rows Removed by Index Recheck": 0,
                                                                                "Workers": [
                                                                                    {
                                                                                        "Worker Number": 0,
                                                                                        "Actual Startup Time": 0.14,
                                                                                        "Actual Total Time": 46.36,
                                                                                        "Actual Rows": 276403,
                                                                                        "Actual Loops": 1
                                                                                    },
                                                                                    {
                                                                                        "Worker Number": 1,
                                                                                        "Actual Startup Time": 0.141,
                                                                                        "Actual Total Time": 68.633,
                                                                                        "Actual Rows": 276403,
                                                                                        "Actual Loops": 1
                                                                                    },
                                                                                    {
                                                                                        "Worker Number": 2,
                                                                                        "Actual Startup Time": 0.12,
                                                                                        "Actual Total Time": 45.964,
                                                                                        "Actual Rows": 276403,
                                                                                        "Actual Loops": 1
                                                                                    }
                                                                                ]
                                                                            }
                                                                        ]
                                                                    }
                                                                ]
                                                            }
                                                        ]
                                                    },
                                                    {
                                                        "Node Type": "Hash",
                                                        "Parent Relationship": "Inner",
                                                        "Parallel Aware": true,
                                                        "Startup Cost": 66031.87,
                                                        "Total Cost": 66031.87,
                                                        "Plan Rows": 1041887,
                                                        "Plan Width": 4,
                                                        "Actual Startup Time": 580.738,
                                                        "Actual Total Time": 580.739,
                                                        "Actual Rows": 1041873,
                                                        "Actual Loops": 4,
                                                        "Output": [
                                                            "n1.id"
                                                        ],
                                                        "Hash Buckets": 4194304,
                                                        "Original Hash Buckets": 4194304,
                                                        "Hash Batches": 1,
                                                        "Original Hash Batches": 1,
                                                        "Peak Memory Usage": 195872,
                                                        "Workers": [
                                                            {
                                                                "Worker Number": 0,
                                                                "Actual Startup Time": 586.778,
                                                                "Actual Total Time": 586.779,
                                                                "Actual Rows": 1078567,
                                                                "Actual Loops": 1
                                                            },
                                                            {
                                                                "Worker Number": 1,
                                                                "Actual Startup Time": 586.688,
                                                                "Actual Total Time": 586.689,
                                                                "Actual Rows": 819858,
                                                                "Actual Loops": 1
                                                            },
                                                            {
                                                                "Worker Number": 2,
                                                                "Actual Startup Time": 586.698,
                                                                "Actual Total Time": 586.699,
                                                                "Actual Rows": 1024303,
                                                                "Actual Loops": 1
                                                            }
                                                        ],
                                                        "Plans": [
                                                            {
                                                                "Node Type": "Seq Scan",
                                                                "Parent Relationship": "Outer",
                                                                "Parallel Aware": true,
                                                                "Relation Name": "name",
                                                                "Schema": "public",
                                                                "Alias": "n1",
                                                                "Startup Cost": 0.0,
                                                                "Total Cost": 66031.87,
                                                                "Plan Rows": 1041887,
                                                                "Plan Width": 4,
                                                                "Actual Startup Time": 0.064,
                                                                "Actual Total Time": 179.173,
                                                                "Actual Rows": 1041873,
                                                                "Actual Loops": 4,
                                                                "Output": [
                                                                    "n1.id"
                                                                ],
                                                                "Workers": [
                                                                    {
                                                                        "Worker Number": 0,
                                                                        "Actual Startup Time": 0.081,
                                                                        "Actual Total Time": 182.949,
                                                                        "Actual Rows": 1078567,
                                                                        "Actual Loops": 1
                                                                    },
                                                                    {
                                                                        "Worker Number": 1,
                                                                        "Actual Startup Time": 0.068,
                                                                        "Actual Total Time": 195.364,
                                                                        "Actual Rows": 819858,
                                                                        "Actual Loops": 1
                                                                    },
                                                                    {
                                                                        "Worker Number": 2,
                                                                        "Actual Startup Time": 0.088,
                                                                        "Actual Total Time": 184.918,
                                                                        "Actual Rows": 1024303,
                                                                        "Actual Loops": 1
                                                                    }
                                                                ]
                                                            }
                                                        ]
                                                    }
                                                ]
                                            }
                                        ]
                                    }
                                ]
                            }
                        ]
                    }
                ]
            }
        ]
    },
    "Planning Time": 8.305,
    "Triggers": [],
    "Execution Time": 1762.219
}