[
  {
    "Plan": {
      "Node Type": "Aggregate",
      "Strategy": "Plain",
      "Partial Mode": "Finalize",
      "Parallel Aware": false,
      "Startup Cost": 281506.27,
      "Total Cost": 281506.28,
      "Plan Rows": 1,
      "Plan Width": 8,
      "Actual Startup Time": 481.93,
      "Actual Total Time": 501.172,
      "Actual Rows": 1,
      "Actual Loops": 1,
      "Plans": [
        {
          "Node Type": "Gather",
          "Parent Relationship": "Outer",
          "Parallel Aware": false,
          "Startup Cost": 281505.74,
          "Total Cost": 281506.25,
          "Plan Rows": 5,
          "Plan Width": 8,
          "Actual Startup Time": 471.587,
          "Actual Total Time": 501.161,
          "Actual Rows": 6,
          "Actual Loops": 1,
          "Workers Planned": 5,
          "Workers Launched": 5,
          "Single Copy": false,
          "Plans": [
            {
              "Node Type": "Aggregate",
              "Strategy": "Plain",
              "Partial Mode": "Partial",
              "Parent Relationship": "Outer",
              "Parallel Aware": false,
              "Startup Cost": 280505.74,
              "Total Cost": 280505.75,
              "Plan Rows": 1,
              "Plan Width": 8,
              "Actual Startup Time": 458.099,
              "Actual Total Time": 458.221,
              "Actual Rows": 1,
              "Actual Loops": 6,
              "Plans": [
                {
                  "Node Type": "Hash Join",
                  "Parent Relationship": "Outer",
                  "Parallel Aware": true,
                  "Join Type": "Inner",
                  "Startup Cost": 114130.25,
                  "Total Cost": 280428.59,
                  "Plan Rows": 30862,
                  "Plan Width": 0,
                  "Actual Startup Time": 388.229,
                  "Actual Total Time": 457.625,
                  "Actual Rows": 6816,
                  "Actual Loops": 6,
                  "Inner Unique": false,
                  "Hash Cond": "(mi.movie_id = t.id)",
                  "Plans": [
                    {
                      "Node Type": "Bitmap Heap Scan",
                      "Parent Relationship": "Outer",
                      "Parallel Aware": true,
                      "Relation Name": "movie_info",
                      "Alias": "mi",
                      "Startup Cost": 23385.59,
                      "Total Cost": 188613.81,
                      "Plan Rows": 258817,
                      "Plan Width": 4,
                      "Actual Startup Time": 46.771,
                      "Actual Total Time": 82.533,
                      "Actual Rows": 216498,
                      "Actual Loops": 6,
                      "Recheck Cond": "(info_type_id = 4)",
                      "Rows Removed by Index Recheck": 0,
                      "Exact Heap Blocks": 1726,
                      "Lossy Heap Blocks": 0,
                      "Plans": [
                        {
                          "Node Type": "Bitmap Index Scan",
                          "Parent Relationship": "Outer",
                          "Parallel Aware": false,
                          "Index Name": "info_type_id_movie_info",
                          "Startup Cost": 0.0,
                          "Total Cost": 23062.07,
                          "Plan Rows": 1294085,
                          "Plan Width": 0,
                          "Actual Startup Time": 45.351,
                          "Actual Total Time": 45.351,
                          "Actual Rows": 1298989,
                          "Actual Loops": 1,
                          "Index Cond": "(info_type_id = 4)"
                        }
                      ]
                    },
                    {
                      "Node Type": "Hash",
                      "Parent Relationship": "Inner",
                      "Parallel Aware": true,
                      "Startup Cost": 89528.93,
                      "Total Cost": 89528.93,
                      "Plan Rows": 97258,
                      "Plan Width": 8,
                      "Actual Startup Time": 339.174,
                      "Actual Total Time": 339.293,
                      "Actual Rows": 11569,
                      "Actual Loops": 6,
                      "Hash Buckets": 524288,
                      "Original Hash Buckets": 524288,
                      "Hash Batches": 1,
                      "Original Hash Batches": 1,
                      "Peak Memory Usage": 6944,
                      "Plans": [
                        {
                          "Node Type": "Hash Join",
                          "Parent Relationship": "Outer",
                          "Parallel Aware": true,
                          "Join Type": "Inner",
                          "Startup Cost": 62154.77,
                          "Total Cost": 89528.93,
                          "Plan Rows": 97258,
                          "Plan Width": 8,
                          "Actual Startup Time": 244.732,
                          "Actual Total Time": 332.251,
                          "Actual Rows": 11569,
                          "Actual Loops": 6,
                          "Inner Unique": true,
                          "Hash Cond": "(mk.movie_id = t.id)",
                          "Plans": [
                            {
                              "Node Type": "Bitmap Heap Scan",
                              "Parent Relationship": "Outer",
                              "Parallel Aware": true,
                              "Relation Name": "movie_keyword",
                              "Alias": "mk",
                              "Startup Cost": 12694.91,
                              "Total Cost": 39562.27,
                              "Plan Rows": 193069,
                              "Plan Width": 4,
                              "Actual Startup Time": 58.399,
                              "Actual Total Time": 116.553,
                              "Actual Rows": 100104,
                              "Actual Loops": 6,
                              "Recheck Cond": "(keyword_id > 30623)",
                              "Rows Removed by Index Recheck": 0,
                              "Exact Heap Blocks": 5463,
                              "Lossy Heap Blocks": 0,
                              "Plans": [
                                {
                                  "Node Type": "Bitmap Index Scan",
                                  "Parent Relationship": "Outer",
                                  "Parallel Aware": false,
                                  "Index Name": "keyword_id_movie_keyword",
                                  "Startup Cost": 0.0,
                                  "Total Cost": 12545.28,
                                  "Plan Rows": 598513,
                                  "Plan Width": 0,
                                  "Actual Startup Time": 52.718,
                                  "Actual Total Time": 52.719,
                                  "Actual Rows": 600621,
                                  "Actual Loops": 1,
                                  "Index Cond": "(keyword_id > 30623)"
                                }
                              ]
                            },
                            {
                              "Node Type": "Hash",
                              "Parent Relationship": "Inner",
                              "Parallel Aware": true,
                              "Startup Cost": 45479.59,
                              "Total Cost": 45479.59,
                              "Plan Rows": 318422,
                              "Plan Width": 4,
                              "Actual Startup Time": 183.845,
                              "Actual Total Time": 183.847,
                              "Actual Rows": 224814,
                              "Actual Loops": 6,
                              "Hash Buckets": 2097152,
                              "Original Hash Buckets": 2097152,
                              "Hash Batches": 1,
                              "Original Hash Batches": 1,
                              "Peak Memory Usage": 69248,
                              "Plans": [
                                {
                                  "Node Type": "Seq Scan",
                                  "Parent Relationship": "Outer",
                                  "Parallel Aware": true,
                                  "Relation Name": "title",
                                  "Alias": "t",
                                  "Startup Cost": 0.0,
                                  "Total Cost": 45479.59,
                                  "Plan Rows": 318422,
                                  "Plan Width": 4,
                                  "Actual Startup Time": 0.034,
                                  "Actual Total Time": 92.818,
                                  "Actual Rows": 224814,
                                  "Actual Loops": 6,
                                  "Filter": "((production_year > 1970) AND (kind_id = 7))",
                                  "Rows Removed by Filter": 196571
                                }
                              ]
                            }
                          ]
                        }
                      ]
                    }
                  ]
                }
              ]
            }
          ]
        }
      ]
    },
    "Planning Time": 0.62,
    "Triggers": [],
    "Execution Time": 501.24
  }
]