[
    {
        "Bao": {
            "Bao prediction": "NaN",
            "Bao recommended hint": "(no hint)"
        }
    },
    {
        "Plan": {
            "Node Type": "Aggregate",
            "Strategy": "Plain",
            "Partial Mode": "Finalize",
            "Parallel Aware": false,
            "Startup Cost": 443911.48,
            "Total Cost": 443911.49,
            "Plan Rows": 1,
            "Plan Width": 8,
            "Actual Startup Time": 1941.924,
            "Actual Total Time": 1977.39,
            "Actual Rows": 1,
            "Actual Loops": 1,
            "Output": [
                "count(*)"
            ],
            "Plans": [
                {
                    "Node Type": "Gather",
                    "Parent Relationship": "Outer",
                    "Parallel Aware": false,
                    "Startup Cost": 443910.86,
                    "Total Cost": 443911.47,
                    "Plan Rows": 6,
                    "Plan Width": 8,
                    "Actual Startup Time": 1913.112,
                    "Actual Total Time": 1977.378,
                    "Actual Rows": 7,
                    "Actual Loops": 1,
                    "Output": [
                        "(PARTIAL count(*))"
                    ],
                    "Workers Planned": 6,
                    "Workers Launched": 6,
                    "Single Copy": false,
                    "Plans": [
                        {
                            "Node Type": "Aggregate",
                            "Strategy": "Plain",
                            "Partial Mode": "Partial",
                            "Parent Relationship": "Outer",
                            "Parallel Aware": false,
                            "Startup Cost": 442910.86,
                            "Total Cost": 442910.87,
                            "Plan Rows": 1,
                            "Plan Width": 8,
                            "Actual Startup Time": 1902.523,
                            "Actual Total Time": 1902.638,
                            "Actual Rows": 1,
                            "Actual Loops": 7,
                            "Output": [
                                "PARTIAL count(*)"
                            ],
                            "Workers": [
                                {
                                    "Worker Number": 0,
                                    "Actual Startup Time": 1899.969,
                                    "Actual Total Time": 1899.975,
                                    "Actual Rows": 1,
                                    "Actual Loops": 1
                                },
                                {
                                    "Worker Number": 1,
                                    "Actual Startup Time": 1900.459,
                                    "Actual Total Time": 1900.465,
                                    "Actual Rows": 1,
                                    "Actual Loops": 1
                                },
                                {
                                    "Worker Number": 2,
                                    "Actual Startup Time": 1900.489,
                                    "Actual Total Time": 1900.494,
                                    "Actual Rows": 1,
                                    "Actual Loops": 1
                                },
                                {
                                    "Worker Number": 3,
                                    "Actual Startup Time": 1901.685,
                                    "Actual Total Time": 1901.69,
                                    "Actual Rows": 1,
                                    "Actual Loops": 1
                                },
                                {
                                    "Worker Number": 4,
                                    "Actual Startup Time": 1901.075,
                                    "Actual Total Time": 1901.091,
                                    "Actual Rows": 1,
                                    "Actual Loops": 1
                                },
                                {
                                    "Worker Number": 5,
                                    "Actual Startup Time": 1901.552,
                                    "Actual Total Time": 1901.556,
                                    "Actual Rows": 1,
                                    "Actual Loops": 1
                                }
                            ],
                            "Plans": [
                                {
                                    "Node Type": "Hash Join",
                                    "Parent Relationship": "Outer",
                                    "Parallel Aware": true,
                                    "Join Type": "Inner",
                                    "Startup Cost": 95249.83,
                                    "Total Cost": 440431.28,
                                    "Plan Rows": 991831,
                                    "Plan Width": 0,
                                    "Actual Startup Time": 592.062,
                                    "Actual Total Time": 1772.339,
                                    "Actual Rows": 2684569,
                                    "Actual Loops": 7,
                                    "Inner Unique": false,
                                    "Hash Cond": "(ci.movie_id = t.id)",
                                    "Workers": [
                                        {
                                            "Worker Number": 0,
                                            "Actual Startup Time": 589.506,
                                            "Actual Total Time": 1765.141,
                                            "Actual Rows": 2047468,
                                            "Actual Loops": 1
                                        },
                                        {
                                            "Worker Number": 1,
                                            "Actual Startup Time": 590.225,
                                            "Actual Total Time": 1764.347,
                                            "Actual Rows": 2067058,
                                            "Actual Loops": 1
                                        },
                                        {
                                            "Worker Number": 2,
                                            "Actual Startup Time": 590.067,
                                            "Actual Total Time": 1773.494,
                                            "Actual Rows": 3097859,
                                            "Actual Loops": 1
                                        },
                                        {
                                            "Worker Number": 3,
                                            "Actual Startup Time": 590.689,
                                            "Actual Total Time": 1767.551,
                                            "Actual Rows": 2038568,
                                            "Actual Loops": 1
                                        },
                                        {
                                            "Worker Number": 4,
                                            "Actual Startup Time": 590.858,
                                            "Actual Total Time": 1775.671,
                                            "Actual Rows": 3103970,
                                            "Actual Loops": 1
                                        },
                                        {
                                            "Worker Number": 5,
                                            "Actual Startup Time": 591.086,
                                            "Actual Total Time": 1774.799,
                                            "Actual Rows": 3092629,
                                            "Actual Loops": 1
                                        }
                                    ],
                                    "Plans": [
                                        {
                                            "Node Type": "Seq Scan",
                                            "Parent Relationship": "Outer",
                                            "Parallel Aware": true,
                                            "Relation Name": "cast_info",
                                            "Schema": "public",
                                            "Alias": "ci",
                                            "Startup Cost": 0.0,
                                            "Total Cost": 328213.62,
                                            "Plan Rows": 3671570,
                                            "Plan Width": 4,
                                            "Actual Startup Time": 138.48,
                                            "Actual Total Time": 589.58,
                                            "Actual Rows": 3147787,
                                            "Actual Loops": 7,
                                            "Output": [
                                                "ci.id",
                                                "ci.person_id",
                                                "ci.movie_id",
                                                "ci.person_role_id",
                                                "ci.note",
                                                "ci.nr_order",
                                                "ci.role_id"
                                            ],
                                            "Filter": "(ci.person_id > 1399317)",
                                            "Rows Removed by Filter": 2029977,
                                            "Workers": [
                                                {
                                                    "Worker Number": 0,
                                                    "Actual Startup Time": 138.412,
                                                    "Actual Total Time": 607.569,
                                                    "Actual Rows": 2396471,
                                                    "Actual Loops": 1
                                                },
                                                {
                                                    "Worker Number": 1,
                                                    "Actual Startup Time": 138.49,
                                                    "Actual Total Time": 601.814,
                                                    "Actual Rows": 2419480,
                                                    "Actual Loops": 1
                                                },
                                                {
                                                    "Worker Number": 2,
                                                    "Actual Startup Time": 138.483,
                                                    "Actual Total Time": 585.387,
                                                    "Actual Rows": 3652562,
                                                    "Actual Loops": 1
                                                },
                                                {
                                                    "Worker Number": 3,
                                                    "Actual Startup Time": 138.551,
                                                    "Actual Total Time": 609.336,
                                                    "Actual Rows": 2390869,
                                                    "Actual Loops": 1
                                                },
                                                {
                                                    "Worker Number": 4,
                                                    "Actual Startup Time": 138.431,
                                                    "Actual Total Time": 596.567,
                                                    "Actual Rows": 3631449,
                                                    "Actual Loops": 1
                                                },
                                                {
                                                    "Worker Number": 5,
                                                    "Actual Startup Time": 138.508,
                                                    "Actual Total Time": 581.72,
                                                    "Actual Rows": 3613215,
                                                    "Actual Loops": 1
                                                }
                                            ]
                                        },
                                        {
                                            "Node Type": "Hash",
                                            "Parent Relationship": "Inner",
                                            "Parallel Aware": true,
                                            "Startup Cost": 92495.82,
                                            "Total Cost": 92495.82,
                                            "Plan Rows": 220321,
                                            "Plan Width": 8,
                                            "Actual Startup Time": 450.928,
                                            "Actual Total Time": 451.042,
                                            "Actual Rows": 95391,
                                            "Actual Loops": 7,
                                            "Output": [
                                                "t.id",
                                                "mk.movie_id"
                                            ],
                                            "Hash Buckets": 1048576,
                                            "Original Hash Buckets": 1048576,
                                            "Hash Batches": 1,
                                            "Original Hash Batches": 1,
                                            "Peak Memory Usage": 34432,
                                            "Workers": [
                                                {
                                                    "Worker Number": 0,
                                                    "Actual Startup Time": 450.51,
                                                    "Actual Total Time": 450.515,
                                                    "Actual Rows": 76333,
                                                    "Actual Loops": 1
                                                },
                                                {
                                                    "Worker Number": 1,
                                                    "Actual Startup Time": 450.952,
                                                    "Actual Total Time": 450.956,
                                                    "Actual Rows": 77653,
                                                    "Actual Loops": 1
                                                },
                                                {
                                                    "Worker Number": 2,
                                                    "Actual Startup Time": 451.096,
                                                    "Actual Total Time": 451.1,
                                                    "Actual Rows": 128686,
                                                    "Actual Loops": 1
                                                },
                                                {
                                                    "Worker Number": 3,
                                                    "Actual Startup Time": 451.296,
                                                    "Actual Total Time": 451.3,
                                                    "Actual Rows": 75750,
                                                    "Actual Loops": 1
                                                },
                                                {
                                                    "Worker Number": 4,
                                                    "Actual Startup Time": 451.612,
                                                    "Actual Total Time": 451.626,
                                                    "Actual Rows": 95755,
                                                    "Actual Loops": 1
                                                },
                                                {
                                                    "Worker Number": 5,
                                                    "Actual Startup Time": 451.988,
                                                    "Actual Total Time": 451.991,
                                                    "Actual Rows": 97944,
                                                    "Actual Loops": 1
                                                }
                                            ],
                                            "Plans": [
                                                {
                                                    "Node Type": "Hash Join",
                                                    "Parent Relationship": "Outer",
                                                    "Parallel Aware": true,
                                                    "Join Type": "Inner",
                                                    "Startup Cost": 64709.46,
                                                    "Total Cost": 92495.82,
                                                    "Plan Rows": 220321,
                                                    "Plan Width": 8,
                                                    "Actual Startup Time": 310.462,
                                                    "Actual Total Time": 403.926,
                                                    "Actual Rows": 95391,
                                                    "Actual Loops": 7,
                                                    "Output": [
                                                        "t.id",
                                                        "mk.movie_id"
                                                    ],
                                                    "Inner Unique": true,
                                                    "Hash Cond": "(mk.movie_id = t.id)",
                                                    "Workers": [
                                                        {
                                                            "Worker Number": 0,
                                                            "Actual Startup Time": 310.999,
                                                            "Actual Total Time": 403.91,
                                                            "Actual Rows": 76333,
                                                            "Actual Loops": 1
                                                        },
                                                        {
                                                            "Worker Number": 1,
                                                            "Actual Startup Time": 310.331,
                                                            "Actual Total Time": 403.808,
                                                            "Actual Rows": 77653,
                                                            "Actual Loops": 1
                                                        },
                                                        {
                                                            "Worker Number": 2,
                                                            "Actual Startup Time": 309.895,
                                                            "Actual Total Time": 403.527,
                                                            "Actual Rows": 128686,
                                                            "Actual Loops": 1
                                                        },
                                                        {
                                                            "Worker Number": 3,
                                                            "Actual Startup Time": 310.57,
                                                            "Actual Total Time": 405.944,
                                                            "Actual Rows": 75750,
                                                            "Actual Loops": 1
                                                        },
                                                        {
                                                            "Worker Number": 4,
                                                            "Actual Startup Time": 310.238,
                                                            "Actual Total Time": 403.553,
                                                            "Actual Rows": 95755,
                                                            "Actual Loops": 1
                                                        },
                                                        {
                                                            "Worker Number": 5,
                                                            "Actual Startup Time": 310.234,
                                                            "Actual Total Time": 403.45,
                                                            "Actual Rows": 97944,
                                                            "Actual Loops": 1
                                                        }
                                                    ],
                                                    "Plans": [
                                                        {
                                                            "Node Type": "Bitmap Heap Scan",
                                                            "Parent Relationship": "Outer",
                                                            "Parallel Aware": true,
                                                            "Relation Name": "movie_keyword",
                                                            "Schema": "public",
                                                            "Alias": "mk",
                                                            "Startup Cost": 14489.65,
                                                            "Total Cost": 41697.67,
                                                            "Plan Rows": 220321,
                                                            "Plan Width": 4,
                                                            "Actual Startup Time": 55.759,
                                                            "Actual Total Time": 107.751,
                                                            "Actual Rows": 95391,
                                                            "Actual Loops": 7,
                                                            "Output": [
                                                                "mk.id",
                                                                "mk.movie_id",
                                                                "mk.keyword_id"
                                                            ],
                                                            "Recheck Cond": "(mk.keyword_id > 28058)",
                                                            "Rows Removed by Index Recheck": 0,
                                                            "Exact Heap Blocks": 4105,
                                                            "Lossy Heap Blocks": 0,
                                                            "Workers": [
                                                                {
                                                                    "Worker Number": 0,
                                                                    "Actual Startup Time": 56.346,
                                                                    "Actual Total Time": 108.915,
                                                                    "Actual Rows": 76333,
                                                                    "Actual Loops": 1
                                                                },
                                                                {
                                                                    "Worker Number": 1,
                                                                    "Actual Startup Time": 55.646,
                                                                    "Actual Total Time": 108.655,
                                                                    "Actual Rows": 77653,
                                                                    "Actual Loops": 1
                                                                },
                                                                {
                                                                    "Worker Number": 2,
                                                                    "Actual Startup Time": 55.347,
                                                                    "Actual Total Time": 109.728,
                                                                    "Actual Rows": 128686,
                                                                    "Actual Loops": 1
                                                                },
                                                                {
                                                                    "Worker Number": 3,
                                                                    "Actual Startup Time": 55.826,
                                                                    "Actual Total Time": 108.532,
                                                                    "Actual Rows": 75750,
                                                                    "Actual Loops": 1
                                                                },
                                                                {
                                                                    "Worker Number": 4,
                                                                    "Actual Startup Time": 55.552,
                                                                    "Actual Total Time": 108.616,
                                                                    "Actual Rows": 95755,
                                                                    "Actual Loops": 1
                                                                },
                                                                {
                                                                    "Worker Number": 5,
                                                                    "Actual Startup Time": 55.567,
                                                                    "Actual Total Time": 108.34,
                                                                    "Actual Rows": 97944,
                                                                    "Actual Loops": 1
                                                                }
                                                            ],
                                                            "Plans": [
                                                                {
                                                                    "Node Type": "Bitmap Index Scan",
                                                                    "Parent Relationship": "Outer",
                                                                    "Parallel Aware": false,
                                                                    "Index Name": "keyword_id_movie_keyword",
                                                                    "Startup Cost": 0.0,
                                                                    "Total Cost": 14318.9,
                                                                    "Plan Rows": 682996,
                                                                    "Plan Width": 0,
                                                                    "Actual Startup Time": 51.879,
                                                                    "Actual Total Time": 51.879,
                                                                    "Actual Rows": 667736,
                                                                    "Actual Loops": 1,
                                                                    "Index Cond": "(mk.keyword_id > 28058)",
                                                                    "Workers": [
                                                                        {
                                                                            "Worker Number": 2,
                                                                            "Actual Startup Time": 51.879,
                                                                            "Actual Total Time": 51.879,
                                                                            "Actual Rows": 667736,
                                                                            "Actual Loops": 1
                                                                        }
                                                                    ]
                                                                }
                                                            ]
                                                        },
                                                        {
                                                            "Node Type": "Hash",
                                                            "Parent Relationship": "Inner",
                                                            "Parallel Aware": true,
                                                            "Startup Cost": 42318.81,
                                                            "Total Cost": 42318.81,
                                                            "Plan Rows": 632080,
                                                            "Plan Width": 4,
                                                            "Actual Startup Time": 250.404,
                                                            "Actual Total Time": 250.405,
                                                            "Actual Rows": 361187,
                                                            "Actual Loops": 7,
                                                            "Output": [
                                                                "t.id"
                                                            ],
                                                            "Hash Buckets": 4194304,
                                                            "Original Hash Buckets": 4194304,
                                                            "Hash Batches": 1,
                                                            "Original Hash Batches": 1,
                                                            "Peak Memory Usage": 131776,
                                                            "Workers": [
                                                                {
                                                                    "Worker Number": 0,
                                                                    "Actual Startup Time": 254.451,
                                                                    "Actual Total Time": 254.452,
                                                                    "Actual Rows": 291027,
                                                                    "Actual Loops": 1
                                                                },
                                                                {
                                                                    "Worker Number": 1,
                                                                    "Actual Startup Time": 254.374,
                                                                    "Actual Total Time": 254.375,
                                                                    "Actual Rows": 284575,
                                                                    "Actual Loops": 1
                                                                },
                                                                {
                                                                    "Worker Number": 2,
                                                                    "Actual Startup Time": 254.47,
                                                                    "Actual Total Time": 254.471,
                                                                    "Actual Rows": 375006,
                                                                    "Actual Loops": 1
                                                                },
                                                                {
                                                                    "Worker Number": 3,
                                                                    "Actual Startup Time": 254.46,
                                                                    "Actual Total Time": 254.46,
                                                                    "Actual Rows": 291308,
                                                                    "Actual Loops": 1
                                                                },
                                                                {
                                                                    "Worker Number": 4,
                                                                    "Actual Startup Time": 254.395,
                                                                    "Actual Total Time": 254.396,
                                                                    "Actual Rows": 392899,
                                                                    "Actual Loops": 1
                                                                },
                                                                {
                                                                    "Worker Number": 5,
                                                                    "Actual Startup Time": 254.347,
                                                                    "Actual Total Time": 254.347,
                                                                    "Actual Rows": 376009,
                                                                    "Actual Loops": 1
                                                                }
                                                            ],
                                                            "Plans": [
                                                                {
                                                                    "Node Type": "Seq Scan",
                                                                    "Parent Relationship": "Outer",
                                                                    "Parallel Aware": true,
                                                                    "Relation Name": "title",
                                                                    "Schema": "public",
                                                                    "Alias": "t",
                                                                    "Startup Cost": 0.0,
                                                                    "Total Cost": 42318.81,
                                                                    "Plan Rows": 632080,
                                                                    "Plan Width": 4,
                                                                    "Actual Startup Time": 0.046,
                                                                    "Actual Total Time": 69.583,
                                                                    "Actual Rows": 361187,
                                                                    "Actual Loops": 7,
                                                                    "Output": [
                                                                        "t.id"
                                                                    ],
                                                                    "Workers": [
                                                                        {
                                                                            "Worker Number": 0,
                                                                            "Actual Startup Time": 0.048,
                                                                            "Actual Total Time": 75.071,
                                                                            "Actual Rows": 291027,
                                                                            "Actual Loops": 1
                                                                        },
                                                                        {
                                                                            "Worker Number": 1,
                                                                            "Actual Startup Time": 0.055,
                                                                            "Actual Total Time": 73.204,
                                                                            "Actual Rows": 284575,
                                                                            "Actual Loops": 1
                                                                        },
                                                                        {
                                                                            "Worker Number": 2,
                                                                            "Actual Startup Time": 0.061,
                                                                            "Actual Total Time": 68.738,
                                                                            "Actual Rows": 375006,
                                                                            "Actual Loops": 1
                                                                        },
                                                                        {
                                                                            "Worker Number": 3,
                                                                            "Actual Startup Time": 0.047,
                                                                            "Actual Total Time": 75.535,
                                                                            "Actual Rows": 291308,
                                                                            "Actual Loops": 1
                                                                        },
                                                                        {
                                                                            "Worker Number": 4,
                                                                            "Actual Startup Time": 0.046,
                                                                            "Actual Total Time": 69.269,
                                                                            "Actual Rows": 392899,
                                                                            "Actual Loops": 1
                                                                        },
                                                                        {
                                                                            "Worker Number": 5,
                                                                            "Actual Startup Time": 0.054,
                                                                            "Actual Total Time": 68.878,
                                                                            "Actual Rows": 376009,
                                                                            "Actual Loops": 1
                                                                        }
                                                                    ]
                                                                }
                                                            ]
                                                        }
                                                    ]
                                                }
                                            ]
                                        }
                                    ]
                                }
                            ]
                        }
                    ]
                }
            ]
        },
        "Planning Time": 205.686,
        "Triggers": [],
        "Execution Time": 1977.546
    }
]