{
    "Plan": {
        "Node Type": "Aggregate",
        "Strategy": "Plain",
        "Partial Mode": "Simple",
        "Parallel Aware": false,
        "Startup Cost": 10000065738.74,
        "Total Cost": 10000065738.75,
        "Plan Rows": 1,
        "Plan Width": 8,
        "Actual Startup Time": 259.83,
        "Actual Total Time": 259.833,
        "Actual Rows": 1,
        "Actual Loops": 1,
        "Output": [
            "count(*)"
        ],
        "Plans": [
            {
                "Node Type": "Nested Loop",
                "Parent Relationship": "Outer",
                "Parallel Aware": false,
                "Join Type": "Inner",
                "Startup Cost": 10000064603.38,
                "Total Cost": 10000065738.62,
                "Plan Rows": 51,
                "Plan Width": 0,
                "Actual Startup Time": 256.692,
                "Actual Total Time": 259.81,
                "Actual Rows": 232,
                "Actual Loops": 1,
                "Inner Unique": false,
                "Plans": [
                    {
                        "Node Type": "Hash Join",
                        "Parent Relationship": "Outer",
                        "Parallel Aware": false,
                        "Join Type": "Inner",
                        "Startup Cost": 64602.83,
                        "Total Cost": 65505.85,
                        "Plan Rows": 50,
                        "Plan Width": 8,
                        "Actual Startup Time": 256.633,
                        "Actual Total Time": 258.673,
                        "Actual Rows": 41,
                        "Actual Loops": 1,
                        "Output": [
                            "t.id",
                            "mk.movie_id"
                        ],
                        "Inner Unique": true,
                        "Hash Cond": "(mk.movie_id = t.id)",
                        "Plans": [
                            {
                                "Node Type": "Bitmap Heap Scan",
                                "Parent Relationship": "Outer",
                                "Parallel Aware": false,
                                "Relation Name": "movie_keyword",
                                "Schema": "public",
                                "Alias": "mk",
                                "Startup Cost": 6.32,
                                "Total Cost": 908.7,
                                "Plan Rows": 244,
                                "Plan Width": 4,
                                "Actual Startup Time": 0.474,
                                "Actual Total Time": 3.844,
                                "Actual Rows": 713,
                                "Actual Loops": 1,
                                "Output": [
                                    "mk.id",
                                    "mk.movie_id",
                                    "mk.keyword_id"
                                ],
                                "Recheck Cond": "(mk.keyword_id = 3404)",
                                "Rows Removed by Index Recheck": 0,
                                "Exact Heap Blocks": 478,
                                "Lossy Heap Blocks": 0,
                                "Plans": [
                                    {
                                        "Node Type": "Bitmap Index Scan",
                                        "Parent Relationship": "Outer",
                                        "Parallel Aware": false,
                                        "Index Name": "keyword_id_movie_keyword",
                                        "Startup Cost": 0.0,
                                        "Total Cost": 6.26,
                                        "Plan Rows": 244,
                                        "Plan Width": 0,
                                        "Actual Startup Time": 0.32,
                                        "Actual Total Time": 0.32,
                                        "Actual Rows": 713,
                                        "Actual Loops": 1,
                                        "Index Cond": "(mk.keyword_id = 3404)"
                                    }
                                ]
                            },
                            {
                                "Node Type": "Hash",
                                "Parent Relationship": "Inner",
                                "Parallel Aware": false,
                                "Startup Cost": 58164.53,
                                "Total Cost": 58164.53,
                                "Plan Rows": 514558,
                                "Plan Width": 4,
                                "Actual Startup Time": 250.049,
                                "Actual Total Time": 250.051,
                                "Actual Rows": 386575,
                                "Actual Loops": 1,
                                "Output": [
                                    "t.id"
                                ],
                                "Hash Buckets": 524288,
                                "Original Hash Buckets": 524288,
                                "Hash Batches": 1,
                                "Original Hash Batches": 1,
                                "Peak Memory Usage": 17687,
                                "Plans": [
                                    {
                                        "Node Type": "Bitmap Heap Scan",
                                        "Parent Relationship": "Outer",
                                        "Parallel Aware": false,
                                        "Relation Name": "title",
                                        "Schema": "public",
                                        "Alias": "t",
                                        "Startup Cost": 12096.22,
                                        "Total Cost": 58164.53,
                                        "Plan Rows": 514558,
                                        "Plan Width": 4,
                                        "Actual Startup Time": 36.078,
                                        "Actual Total Time": 174.837,
                                        "Actual Rows": 386575,
                                        "Actual Loops": 1,
                                        "Output": [
                                            "t.id"
                                        ],
                                        "Recheck Cond": "(t.kind_id = 1)",
                                        "Rows Removed by Index Recheck": 0,
                                        "Filter": "(t.production_year > 1979)",
                                        "Rows Removed by Filter": 276250,
                                        "Exact Heap Blocks": 12863,
                                        "Lossy Heap Blocks": 0,
                                        "Plans": [
                                            {
                                                "Node Type": "Bitmap Index Scan",
                                                "Parent Relationship": "Outer",
                                                "Parallel Aware": false,
                                                "Index Name": "kind_id_title",
                                                "Startup Cost": 0.0,
                                                "Total Cost": 11967.58,
                                                "Plan Rows": 671354,
                                                "Plan Width": 0,
                                                "Actual Startup Time": 34.635,
                                                "Actual Total Time": 34.635,
                                                "Actual Rows": 662825,
                                                "Actual Loops": 1,
                                                "Index Cond": "(t.kind_id = 1)"
                                            }
                                        ]
                                    }
                                ]
                            }
                        ]
                    },
                    {
                        "Node Type": "Bitmap Heap Scan",
                        "Parent Relationship": "Inner",
                        "Parallel Aware": false,
                        "Relation Name": "movie_companies",
                        "Schema": "public",
                        "Alias": "mc",
                        "Startup Cost": 0.54,
                        "Total Cost": 4.61,
                        "Plan Rows": 5,
                        "Plan Width": 4,
                        "Actual Startup Time": 0.021,
                        "Actual Total Time": 0.025,
                        "Actual Rows": 6,
                        "Actual Loops": 41,
                        "Output": [
                            "mc.id",
                            "mc.movie_id",
                            "mc.company_id",
                            "mc.company_type_id",
                            "mc.note"
                        ],
                        "Recheck Cond": "(mc.movie_id = t.id)",
                        "Rows Removed by Index Recheck": 0,
                        "Exact Heap Blocks": 69,
                        "Lossy Heap Blocks": 0,
                        "Plans": [
                            {
                                "Node Type": "Bitmap Index Scan",
                                "Parent Relationship": "Outer",
                                "Parallel Aware": false,
                                "Index Name": "movie_id_movie_companies",
                                "Startup Cost": 0.0,
                                "Total Cost": 0.54,
                                "Plan Rows": 5,
                                "Plan Width": 0,
                                "Actual Startup Time": 0.016,
                                "Actual Total Time": 0.016,
                                "Actual Rows": 6,
                                "Actual Loops": 41,
                                "Index Cond": "(mc.movie_id = t.id)"
                            }
                        ]
                    }
                ]
            }
        ]
    },
    "Planning Time": 3.079,
    "Triggers": [],
    "Execution Time": 260.581
}