[
  {
    "Plan": {
      "Node Type": "Aggregate",
      "Strategy": "Plain",
      "Partial Mode": "Finalize",
      "Parallel Aware": false,
      "Startup Cost": 95009.18,
      "Total Cost": 95009.19,
      "Plan Rows": 1,
      "Plan Width": 8,
      "Actual Startup Time": 604.961,
      "Actual Total Time": 635.052,
      "Actual Rows": 1,
      "Actual Loops": 1,
      "Plans": [
        {
          "Node Type": "Gather",
          "Parent Relationship": "Outer",
          "Parallel Aware": false,
          "Startup Cost": 95008.96,
          "Total Cost": 95009.17,
          "Plan Rows": 2,
          "Plan Width": 8,
          "Actual Startup Time": 602.311,
          "Actual Total Time": 635.011,
          "Actual Rows": 3,
          "Actual Loops": 1,
          "Workers Planned": 2,
          "Workers Launched": 2,
          "Single Copy": false,
          "Plans": [
            {
              "Node Type": "Aggregate",
              "Strategy": "Plain",
              "Partial Mode": "Partial",
              "Parent Relationship": "Outer",
              "Parallel Aware": false,
              "Startup Cost": 94008.96,
              "Total Cost": 94008.97,
              "Plan Rows": 1,
              "Plan Width": 8,
              "Actual Startup Time": 593.693,
              "Actual Total Time": 593.846,
              "Actual Rows": 1,
              "Actual Loops": 3,
              "Plans": [
                {
                  "Node Type": "Hash Join",
                  "Parent Relationship": "Outer",
                  "Parallel Aware": true,
                  "Join Type": "Inner",
                  "Startup Cost": 77914.17,
                  "Total Cost": 93898.35,
                  "Plan Rows": 44245,
                  "Plan Width": 0,
                  "Actual Startup Time": 468.92,
                  "Actual Total Time": 592.287,
                  "Actual Rows": 23502,
                  "Actual Loops": 3,
                  "Inner Unique": false,
                  "Hash Cond": "(mi_idx.movie_id = t.id)",
                  "Plans": [
                    {
                      "Node Type": "Seq Scan",
                      "Parent Relationship": "Outer",
                      "Parallel Aware": true,
                      "Relation Name": "movie_info_idx",
                      "Alias": "mi_idx",
                      "Startup Cost": 0.0,
                      "Total Cost": 13685.15,
                      "Plan Rows": 575015,
                      "Plan Width": 4,
                      "Actual Startup Time": 0.059,
                      "Actual Total Time": 56.366,
                      "Actual Rows": 460012,
                      "Actual Loops": 3
                    },
                    {
                      "Node Type": "Hash",
                      "Parent Relationship": "Inner",
                      "Parallel Aware": true,
                      "Startup Cost": 77129.72,
                      "Total Cost": 77129.72,
                      "Plan Rows": 62756,
                      "Plan Width": 8,
                      "Actual Startup Time": 465.558,
                      "Actual Total Time": 465.708,
                      "Actual Rows": 24836,
                      "Actual Loops": 3,
                      "Hash Buckets": 262144,
                      "Original Hash Buckets": 262144,
                      "Hash Batches": 1,
                      "Original Hash Batches": 1,
                      "Peak Memory Usage": 5024,
                      "Plans": [
                        {
                          "Node Type": "Hash Join",
                          "Parent Relationship": "Outer",
                          "Parallel Aware": true,
                          "Join Type": "Inner",
                          "Startup Cost": 46908.45,
                          "Total Cost": 77129.72,
                          "Plan Rows": 62756,
                          "Plan Width": 8,
                          "Actual Startup Time": 312.461,
                          "Actual Total Time": 455.913,
                          "Actual Rows": 24836,
                          "Actual Loops": 3,
                          "Inner Unique": true,
                          "Hash Cond": "(mc.movie_id = t.id)",
                          "Plans": [
                            {
                              "Node Type": "Seq Scan",
                              "Parent Relationship": "Outer",
                              "Parallel Aware": true,
                              "Relation Name": "movie_companies",
                              "Alias": "mc",
                              "Startup Cost": 0.0,
                              "Total Cost": 29310.68,
                              "Plan Rows": 346891,
                              "Plan Width": 4,
                              "Actual Startup Time": 18.532,
                              "Actual Total Time": 127.87,
                              "Actual Rows": 360926,
                              "Actual Loops": 3,
                              "Filter": "(company_id > 14328)",
                              "Rows Removed by Filter": 508784
                            },
                            {
                              "Node Type": "Hash",
                              "Parent Relationship": "Inner",
                              "Parallel Aware": true,
                              "Startup Cost": 45479.1,
                              "Total Cost": 45479.1,
                              "Plan Rows": 114348,
                              "Plan Width": 4,
                              "Actual Startup Time": 218.396,
                              "Actual Total Time": 218.398,
                              "Actual Rows": 114737,
                              "Actual Loops": 3,
                              "Hash Buckets": 524288,
                              "Original Hash Buckets": 524288,
                              "Hash Batches": 1,
                              "Original Hash Batches": 1,
                              "Peak Memory Usage": 17600,
                              "Plans": [
                                {
                                  "Node Type": "Seq Scan",
                                  "Parent Relationship": "Outer",
                                  "Parallel Aware": true,
                                  "Relation Name": "title",
                                  "Alias": "t",
                                  "Startup Cost": 0.0,
                                  "Total Cost": 45479.1,
                                  "Plan Rows": 114348,
                                  "Plan Width": 4,
                                  "Actual Startup Time": 0.063,
                                  "Actual Total Time": 169.875,
                                  "Actual Rows": 114737,
                                  "Actual Loops": 3,
                                  "Filter": "((production_year < 1993) AND (kind_id = 7))",
                                  "Rows Removed by Filter": 728033
                                }
                              ]
                            }
                          ]
                        }
                      ]
                    }
                  ]
                }
              ]
            }
          ]
        }
      ]
    },
    "Planning Time": 1.516,
    "Triggers": [],
    "Execution Time": 635.185
  }
]