[
  {
    "Plan": {
      "Node Type": "Aggregate",
      "Strategy": "Plain",
      "Partial Mode": "Finalize",
      "Parallel Aware": false,
      "Startup Cost": 341259.6,
      "Total Cost": 341259.61,
      "Plan Rows": 1,
      "Plan Width": 8,
      "Actual Startup Time": 862.02,
      "Actual Total Time": 917.719,
      "Actual Rows": 1,
      "Actual Loops": 1,
      "Plans": [
        {
          "Node Type": "Gather",
          "Parent Relationship": "Outer",
          "Parallel Aware": false,
          "Startup Cost": 341258.98,
          "Total Cost": 341259.59,
          "Plan Rows": 6,
          "Plan Width": 8,
          "Actual Startup Time": 861.914,
          "Actual Total Time": 917.711,
          "Actual Rows": 7,
          "Actual Loops": 1,
          "Workers Planned": 6,
          "Workers Launched": 6,
          "Single Copy": false,
          "Plans": [
            {
              "Node Type": "Aggregate",
              "Strategy": "Plain",
              "Partial Mode": "Partial",
              "Parent Relationship": "Outer",
              "Parallel Aware": false,
              "Startup Cost": 340258.98,
              "Total Cost": 340258.99,
              "Plan Rows": 1,
              "Plan Width": 8,
              "Actual Startup Time": 853.852,
              "Actual Total Time": 853.853,
              "Actual Rows": 1,
              "Actual Loops": 7,
              "Plans": [
                {
                  "Node Type": "Seq Scan",
                  "Parent Relationship": "Outer",
                  "Parallel Aware": true,
                  "Relation Name": "cast_info",
                  "Alias": "ci",
                  "Startup Cost": 0.0,
                  "Total Cost": 328162.03,
                  "Plan Rows": 4838780,
                  "Plan Width": 0,
                  "Actual Startup Time": 86.328,
                  "Actual Total Time": 662.897,
                  "Actual Rows": 4122504,
                  "Actual Loops": 7,
                  "Filter": "(person_id > 714735)",
                  "Rows Removed by Filter": 1055259
                }
              ]
            }
          ]
        }
      ]
    },
    "Planning Time": 0.094,
    "Triggers": [],
    "Execution Time": 917.768
  }
]