{
    "Plan": {
        "Node Type": "Aggregate",
        "Strategy": "Plain",
        "Partial Mode": "Simple",
        "Parallel Aware": false,
        "Startup Cost": 70056181794.61,
        "Total Cost": 70056181794.62,
        "Plan Rows": 1,
        "Plan Width": 96,
        "Actual Startup Time": 125066.919,
        "Actual Total Time": 125066.956,
        "Actual Rows": 1,
        "Actual Loops": 1,
        "Output": [
            "min(chn.name)",
            "min(n.name)",
            "min(t.title)"
        ],
        "Plans": [
            {
                "Node Type": "Nested Loop",
                "Parent Relationship": "Outer",
                "Parallel Aware": false,
                "Join Type": "Inner",
                "Startup Cost": 70056058805.53,
                "Total Cost": 70056181794.6,
                "Plan Rows": 1,
                "Plan Width": 48,
                "Actual Startup Time": 125066.212,
                "Actual Total Time": 125066.937,
                "Actual Rows": 5,
                "Actual Loops": 1,
                "Output": [
                    "chn.name",
                    "n.name",
                    "t.title"
                ],
                "Inner Unique": true,
                "Plans": [
                    {
                        "Node Type": "Merge Join",
                        "Parent Relationship": "Outer",
                        "Parallel Aware": false,
                        "Join Type": "Inner",
                        "Startup Cost": 60056058805.1,
                        "Total Cost": 60056181788.55,
                        "Plan Rows": 1,
                        "Plan Width": 52,
                        "Actual Startup Time": 125065.86,
                        "Actual Total Time": 125065.964,
                        "Actual Rows": 175,
                        "Actual Loops": 1,
                        "Output": [
                            "chn.name",
                            "mk.keyword_id",
                            "n.name",
                            "t.title"
                        ],
                        "Inner Unique": false,
                        "Merge Cond": "(t.id = mi.movie_id)",
                        "Plans": [
                            {
                                "Node Type": "Index Scan",
                                "Parent Relationship": "Outer",
                                "Parallel Aware": false,
                                "Scan Direction": "Forward",
                                "Index Name": "title_pkey",
                                "Relation Name": "title",
                                "Schema": "public",
                                "Alias": "t",
                                "Startup Cost": 0.43,
                                "Total Cost": 122983.71,
                                "Plan Rows": 62,
                                "Plan Width": 21,
                                "Actual Startup Time": 357.821,
                                "Actual Total Time": 1019.966,
                                "Actual Rows": 9,
                                "Actual Loops": 1,
                                "Output": [
                                    "t.id",
                                    "t.title",
                                    "t.imdb_index",
                                    "t.kind_id",
                                    "t.production_year",
                                    "t.imdb_id",
                                    "t.phonetic_code",
                                    "t.episode_of_id",
                                    "t.season_nr",
                                    "t.episode_nr",
                                    "t.series_years",
                                    "t.md5sum"
                                ],
                                "Filter": "((t.title ~~ 'Kung Fu Panda%'::text) AND (t.production_year > 2008))",
                                "Rows Removed by Filter": 2028518
                            },
                            {
                                "Node Type": "Sort",
                                "Parent Relationship": "Inner",
                                "Parallel Aware": false,
                                "Startup Cost": 60056058804.67,
                                "Total Cost": 60056058804.67,
                                "Plan Rows": 1,
                                "Plan Width": 51,
                                "Actual Startup Time": 124045.873,
                                "Actual Total Time": 124045.935,
                                "Actual Rows": 175,
                                "Actual Loops": 1,
                                "Output": [
                                    "ci.movie_id",
                                    "chn.name",
                                    "mc.movie_id",
                                    "mi.movie_id",
                                    "mk.movie_id",
                                    "mk.keyword_id",
                                    "n.name"
                                ],
                                "Sort Key": [
                                    "ci.movie_id"
                                ],
                                "Sort Method": "quicksort",
                                "Sort Space Used": 38,
                                "Sort Space Type": "Memory",
                                "Plans": [
                                    {
                                        "Node Type": "Merge Join",
                                        "Parent Relationship": "Outer",
                                        "Parallel Aware": false,
                                        "Join Type": "Inner",
                                        "Startup Cost": 60055688036.35,
                                        "Total Cost": 60056058804.66,
                                        "Plan Rows": 1,
                                        "Plan Width": 51,
                                        "Actual Startup Time": 123986.665,
                                        "Actual Total Time": 124045.851,
                                        "Actual Rows": 175,
                                        "Actual Loops": 1,
                                        "Output": [
                                            "ci.movie_id",
                                            "chn.name",
                                            "mc.movie_id",
                                            "mi.movie_id",
                                            "mk.movie_id",
                                            "mk.keyword_id",
                                            "n.name"
                                        ],
                                        "Inner Unique": false,
                                        "Merge Cond": "(ci.person_id = n.id)",
                                        "Plans": [
                                            {
                                                "Node Type": "Sort",
                                                "Parent Relationship": "Outer",
                                                "Parallel Aware": false,
                                                "Startup Cost": 50055688035.14,
                                                "Total Cost": 50055688035.14,
                                                "Plan Rows": 1,
                                                "Plan Width": 40,
                                                "Actual Startup Time": 123057.447,
                                                "Actual Total Time": 123057.5,
                                                "Actual Rows": 222,
                                                "Actual Loops": 1,
                                                "Output": [
                                                    "chn.name",
                                                    "ci.movie_id",
                                                    "ci.person_id",
                                                    "mc.movie_id",
                                                    "mi.movie_id",
                                                    "mk.movie_id",
                                                    "mk.keyword_id"
                                                ],
                                                "Sort Key": [
                                                    "ci.person_id"
                                                ],
                                                "Sort Method": "quicksort",
                                                "Sort Space Used": 42,
                                                "Sort Space Type": "Memory",
                                                "Plans": [
                                                    {
                                                        "Node Type": "Merge Join",
                                                        "Parent Relationship": "Outer",
                                                        "Parallel Aware": false,
                                                        "Join Type": "Inner",
                                                        "Startup Cost": 50055687971.26,
                                                        "Total Cost": 50055688035.13,
                                                        "Plan Rows": 1,
                                                        "Plan Width": 40,
                                                        "Actual Startup Time": 123057.317,
                                                        "Actual Total Time": 123057.396,
                                                        "Actual Rows": 222,
                                                        "Actual Loops": 1,
                                                        "Output": [
                                                            "chn.name",
                                                            "ci.movie_id",
                                                            "ci.person_id",
                                                            "mc.movie_id",
                                                            "mi.movie_id",
                                                            "mk.movie_id",
                                                            "mk.keyword_id"
                                                        ],
                                                        "Inner Unique": false,
                                                        "Merge Cond": "(cn.id = mc.company_id)",
                                                        "Plans": [
                                                            {
                                                                "Node Type": "Sort",
                                                                "Parent Relationship": "Outer",
                                                                "Parallel Aware": false,
                                                                "Startup Cost": 10000006519.97,
                                                                "Total Cost": 10000006519.97,
                                                                "Plan Rows": 1,
                                                                "Plan Width": 4,
                                                                "Actual Startup Time": 35.182,
                                                                "Actual Total Time": 35.185,
                                                                "Actual Rows": 1,
                                                                "Actual Loops": 1,
                                                                "Output": [
                                                                    "cn.id"
                                                                ],
                                                                "Sort Key": [
                                                                    "cn.id"
                                                                ],
                                                                "Sort Method": "quicksort",
                                                                "Sort Space Used": 25,
                                                                "Sort Space Type": "Memory",
                                                                "Plans": [
                                                                    {
                                                                        "Node Type": "Seq Scan",
                                                                        "Parent Relationship": "Outer",
                                                                        "Parallel Aware": false,
                                                                        "Relation Name": "company_name",
                                                                        "Schema": "public",
                                                                        "Alias": "cn",
                                                                        "Startup Cost": 10000000000.0,
                                                                        "Total Cost": 10000006519.95,
                                                                        "Plan Rows": 1,
                                                                        "Plan Width": 4,
                                                                        "Actual Startup Time": 5.794,
                                                                        "Actual Total Time": 35.173,
                                                                        "Actual Rows": 1,
                                                                        "Actual Loops": 1,
                                                                        "Output": [
                                                                            "cn.id"
                                                                        ],
                                                                        "Filter": "(((cn.country_code)::text = '[us]'::text) AND (cn.name = 'NBC Universal Television'::text))",
                                                                        "Rows Removed by Filter": 234996
                                                                    }
                                                                ]
                                                            },
                                                            {
                                                                "Node Type": "Sort",
                                                                "Parent Relationship": "Inner",
                                                                "Parallel Aware": false,
                                                                "Startup Cost": 40055681449.7,
                                                                "Total Cost": 40055681482.42,
                                                                "Plan Rows": 13089,
                                                                "Plan Width": 44,
                                                                "Actual Startup Time": 122937.346,
                                                                "Actual Total Time": 122987.026,
                                                                "Actual Rows": 320016,
                                                                "Actual Loops": 1,
                                                                "Output": [
                                                                    "chn.name",
                                                                    "ci.movie_id",
                                                                    "ci.person_id",
                                                                    "mc.movie_id",
                                                                    "mc.company_id",
                                                                    "mi.movie_id",
                                                                    "mk.movie_id",
                                                                    "mk.keyword_id"
                                                                ],
                                                                "Sort Key": [
                                                                    "mc.company_id"
                                                                ],
                                                                "Sort Method": "quicksort",
                                                                "Sort Space Used": 697164,
                                                                "Sort Space Type": "Memory",
                                                                "Plans": [
                                                                    {
                                                                        "Node Type": "Hash Join",
                                                                        "Parent Relationship": "Outer",
                                                                        "Parallel Aware": false,
                                                                        "Join Type": "Inner",
                                                                        "Startup Cost": 40004165886.09,
                                                                        "Total Cost": 40055680554.67,
                                                                        "Plan Rows": 13089,
                                                                        "Plan Width": 44,
                                                                        "Actual Startup Time": 117902.313,
                                                                        "Actual Total Time": 120842.7,
                                                                        "Actual Rows": 6029155,
                                                                        "Actual Loops": 1,
                                                                        "Output": [
                                                                            "chn.name",
                                                                            "ci.movie_id",
                                                                            "ci.person_id",
                                                                            "mc.movie_id",
                                                                            "mc.company_id",
                                                                            "mi.movie_id",
                                                                            "mk.movie_id",
                                                                            "mk.keyword_id"
                                                                        ],
                                                                        "Inner Unique": false,
                                                                        "Hash Cond": "(chn.id = ci.person_role_id)",
                                                                        "Plans": [
                                                                            {
                                                                                "Node Type": "Index Scan",
                                                                                "Parent Relationship": "Outer",
                                                                                "Parallel Aware": false,
                                                                                "Scan Direction": "Forward",
                                                                                "Index Name": "char_name_pkey",
                                                                                "Relation Name": "char_name",
                                                                                "Schema": "public",
                                                                                "Alias": "chn",
                                                                                "Startup Cost": 0.43,
                                                                                "Total Cost": 128715.63,
                                                                                "Plan Rows": 3140227,
                                                                                "Plan Width": 20,
                                                                                "Actual Startup Time": 0.019,
                                                                                "Actual Total Time": 1447.03,
                                                                                "Actual Rows": 3140339,
                                                                                "Actual Loops": 1,
                                                                                "Output": [
                                                                                    "chn.id",
                                                                                    "chn.name",
                                                                                    "chn.imdb_index",
                                                                                    "chn.imdb_id",
                                                                                    "chn.name_pcode_nf",
                                                                                    "chn.surname_pcode",
                                                                                    "chn.md5sum"
                                                                                ]
                                                                            },
                                                                            {
                                                                                "Node Type": "Hash",
                                                                                "Parent Relationship": "Inner",
                                                                                "Parallel Aware": false,
                                                                                "Startup Cost": 40004165722.05,
                                                                                "Total Cost": 40004165722.05,
                                                                                "Plan Rows": 13089,
                                                                                "Plan Width": 32,
                                                                                "Actual Startup Time": 117902.129,
                                                                                "Actual Total Time": 117902.143,
                                                                                "Actual Rows": 6029155,
                                                                                "Actual Loops": 1,
                                                                                "Output": [
                                                                                    "ci.movie_id",
                                                                                    "ci.person_id",
                                                                                    "ci.person_role_id",
                                                                                    "mc.movie_id",
                                                                                    "mc.company_id",
                                                                                    "mi.movie_id",
                                                                                    "mk.movie_id",
                                                                                    "mk.keyword_id"
                                                                                ],
                                                                                "Hash Buckets": 8388608,
                                                                                "Original Hash Buckets": 16384,
                                                                                "Hash Batches": 1,
                                                                                "Original Hash Batches": 1,
                                                                                "Peak Memory Usage": 442359,
                                                                                "Plans": [
                                                                                    {
                                                                                        "Node Type": "Nested Loop",
                                                                                        "Parent Relationship": "Outer",
                                                                                        "Parallel Aware": false,
                                                                                        "Join Type": "Inner",
                                                                                        "Startup Cost": 40003505870.88,
                                                                                        "Total Cost": 40004165722.05,
                                                                                        "Plan Rows": 13089,
                                                                                        "Plan Width": 32,
                                                                                        "Actual Startup Time": 13313.69,
                                                                                        "Actual Total Time": 114921.933,
                                                                                        "Actual Rows": 6725914,
                                                                                        "Actual Loops": 1,
                                                                                        "Output": [
                                                                                            "ci.movie_id",
                                                                                            "ci.person_id",
                                                                                            "ci.person_role_id",
                                                                                            "mc.movie_id",
                                                                                            "mc.company_id",
                                                                                            "mi.movie_id",
                                                                                            "mk.movie_id",
                                                                                            "mk.keyword_id"
                                                                                        ],
                                                                                        "Inner Unique": true,
                                                                                        "Plans": [
                                                                                            {
                                                                                                "Node Type": "Merge Join",
                                                                                                "Parent Relationship": "Outer",
                                                                                                "Parallel Aware": false,
                                                                                                "Join Type": "Inner",
                                                                                                "Startup Cost": 30003505870.74,
                                                                                                "Total Cost": 30003512527.72,
                                                                                                "Plan Rows": 157071,
                                                                                                "Plan Width": 36,
                                                                                                "Actual Startup Time": 13313.642,
                                                                                                "Actual Total Time": 24584.476,
                                                                                                "Actual Rows": 24560169,
                                                                                                "Actual Loops": 1,
                                                                                                "Output": [
                                                                                                    "ci.movie_id",
                                                                                                    "ci.person_id",
                                                                                                    "ci.role_id",
                                                                                                    "ci.person_role_id",
                                                                                                    "mc.movie_id",
                                                                                                    "mc.company_id",
                                                                                                    "mi.movie_id",
                                                                                                    "mk.movie_id",
                                                                                                    "mk.keyword_id"
                                                                                                ],
                                                                                                "Inner Unique": false,
                                                                                                "Merge Cond": "(ci.movie_id = mi.movie_id)",
                                                                                                "Plans": [
                                                                                                    {
                                                                                                        "Node Type": "Sort",
                                                                                                        "Parent Relationship": "Outer",
                                                                                                        "Parallel Aware": false,
                                                                                                        "Startup Cost": 10001434106.59,
                                                                                                        "Total Cost": 10001436209.25,
                                                                                                        "Plan Rows": 841064,
                                                                                                        "Plan Width": 16,
                                                                                                        "Actual Startup Time": 5547.211,
                                                                                                        "Actual Total Time": 5678.805,
                                                                                                        "Actual Rows": 867471,
                                                                                                        "Actual Loops": 1,
                                                                                                        "Output": [
                                                                                                            "ci.movie_id",
                                                                                                            "ci.person_id",
                                                                                                            "ci.role_id",
                                                                                                            "ci.person_role_id"
                                                                                                        ],
                                                                                                        "Sort Key": [
                                                                                                            "ci.movie_id"
                                                                                                        ],
                                                                                                        "Sort Method": "quicksort",
                                                                                                        "Sort Space Used": 65239,
                                                                                                        "Sort Space Type": "Memory",
                                                                                                        "Plans": [
                                                                                                            {
                                                                                                                "Node Type": "Index Scan",
                                                                                                                "Parent Relationship": "Outer",
                                                                                                                "Parallel Aware": false,
                                                                                                                "Scan Direction": "Forward",
                                                                                                                "Index Name": "role_id_cast_info",
                                                                                                                "Relation Name": "cast_info",
                                                                                                                "Schema": "public",
                                                                                                                "Alias": "ci",
                                                                                                                "Startup Cost": 10000000000.57,
                                                                                                                "Total Cost": 10001351338.09,
                                                                                                                "Plan Rows": 841064,
                                                                                                                "Plan Width": 16,
                                                                                                                "Actual Startup Time": 0.026,
                                                                                                                "Actual Total Time": 5353.441,
                                                                                                                "Actual Rows": 867477,
                                                                                                                "Actual Loops": 1,
                                                                                                                "Output": [
                                                                                                                    "ci.movie_id",
                                                                                                                    "ci.person_id",
                                                                                                                    "ci.role_id",
                                                                                                                    "ci.person_role_id"
                                                                                                                ],
                                                                                                                "Filter": "(ci.note = ANY ('{(voice),\"(voice: Japanese version)\",\"(voice) (uncredited)\",\"(voice: English version)\"}'::text[]))",
                                                                                                                "Rows Removed by Filter": 35376867
                                                                                                            }
                                                                                                        ]
                                                                                                    },
                                                                                                    {
                                                                                                        "Node Type": "Sort",
                                                                                                        "Parent Relationship": "Inner",
                                                                                                        "Parallel Aware": false,
                                                                                                        "Startup Cost": 20002071764.11,
                                                                                                        "Total Cost": 20002072204.73,
                                                                                                        "Plan Rows": 176246,
                                                                                                        "Plan Width": 20,
                                                                                                        "Actual Startup Time": 7764.89,
                                                                                                        "Actual Total Time": 12868.636,
                                                                                                        "Actual Rows": 36983621,
                                                                                                        "Actual Loops": 1,
                                                                                                        "Output": [
                                                                                                            "mi.movie_id",
                                                                                                            "mc.movie_id",
                                                                                                            "mc.company_id",
                                                                                                            "mk.movie_id",
                                                                                                            "mk.keyword_id"
                                                                                                        ],
                                                                                                        "Sort Key": [
                                                                                                            "mi.movie_id"
                                                                                                        ],
                                                                                                        "Sort Method": "quicksort",
                                                                                                        "Sort Space Used": 1649174,
                                                                                                        "Sort Space Type": "Memory",
                                                                                                        "Plans": [
                                                                                                            {
                                                                                                                "Node Type": "Hash Join",
                                                                                                                "Parent Relationship": "Outer",
                                                                                                                "Parallel Aware": false,
                                                                                                                "Join Type": "Inner",
                                                                                                                "Startup Cost": 20000514673.7,
                                                                                                                "Total Cost": 20002056406.71,
                                                                                                                "Plan Rows": 176246,
                                                                                                                "Plan Width": 20,
                                                                                                                "Actual Startup Time": 1804.605,
                                                                                                                "Actual Total Time": 3982.574,
                                                                                                                "Actual Rows": 16076253,
                                                                                                                "Actual Loops": 1,
                                                                                                                "Output": [
                                                                                                                    "mi.movie_id",
                                                                                                                    "mc.movie_id",
                                                                                                                    "mc.company_id",
                                                                                                                    "mk.movie_id",
                                                                                                                    "mk.keyword_id"
                                                                                                                ],
                                                                                                                "Inner Unique": false,
                                                                                                                "Hash Cond": "(mk.movie_id = mi.movie_id)",
                                                                                                                "Plans": [
                                                                                                                    {
                                                                                                                        "Node Type": "Seq Scan",
                                                                                                                        "Parent Relationship": "Outer",
                                                                                                                        "Parallel Aware": false,
                                                                                                                        "Relation Name": "movie_keyword",
                                                                                                                        "Schema": "public",
                                                                                                                        "Alias": "mk",
                                                                                                                        "Startup Cost": 10000000000.0,
                                                                                                                        "Total Cost": 10000069693.3,
                                                                                                                        "Plan Rows": 4523930,
                                                                                                                        "Plan Width": 8,
                                                                                                                        "Actual Startup Time": 0.02,
                                                                                                                        "Actual Total Time": 332.613,
                                                                                                                        "Actual Rows": 4523930,
                                                                                                                        "Actual Loops": 1,
                                                                                                                        "Output": [
                                                                                                                            "mk.id",
                                                                                                                            "mk.movie_id",
                                                                                                                            "mk.keyword_id"
                                                                                                                        ]
                                                                                                                    },
                                                                                                                    {
                                                                                                                        "Node Type": "Hash",
                                                                                                                        "Parent Relationship": "Inner",
                                                                                                                        "Parallel Aware": false,
                                                                                                                        "Startup Cost": 10000514490.9,
                                                                                                                        "Total Cost": 10000514490.9,
                                                                                                                        "Plan Rows": 14624,
                                                                                                                        "Plan Width": 12,
                                                                                                                        "Actual Startup Time": 1804.548,
                                                                                                                        "Actual Total Time": 1804.555,
                                                                                                                        "Actual Rows": 463258,
                                                                                                                        "Actual Loops": 1,
                                                                                                                        "Output": [
                                                                                                                            "mi.movie_id",
                                                                                                                            "mc.movie_id",
                                                                                                                            "mc.company_id"
                                                                                                                        ],
                                                                                                                        "Hash Buckets": 524288,
                                                                                                                        "Original Hash Buckets": 16384,
                                                                                                                        "Hash Batches": 1,
                                                                                                                        "Original Hash Batches": 1,
                                                                                                                        "Peak Memory Usage": 24002,
                                                                                                                        "Plans": [
                                                                                                                            {
                                                                                                                                "Node Type": "Merge Join",
                                                                                                                                "Parent Relationship": "Outer",
                                                                                                                                "Parallel Aware": false,
                                                                                                                                "Join Type": "Inner",
                                                                                                                                "Startup Cost": 10000501286.76,
                                                                                                                                "Total Cost": 10000514490.9,
                                                                                                                                "Plan Rows": 14624,
                                                                                                                                "Plan Width": 12,
                                                                                                                                "Actual Startup Time": 1445.597,
                                                                                                                                "Actual Total Time": 1746.205,
                                                                                                                                "Actual Rows": 463258,
                                                                                                                                "Actual Loops": 1,
                                                                                                                                "Output": [
                                                                                                                                    "mi.movie_id",
                                                                                                                                    "mc.movie_id",
                                                                                                                                    "mc.company_id"
                                                                                                                                ],
                                                                                                                                "Inner Unique": false,
                                                                                                                                "Merge Cond": "(mi.movie_id = mc.movie_id)",
                                                                                                                                "Plans": [
                                                                                                                                    {
                                                                                                                                        "Node Type": "Sort",
                                                                                                                                        "Parent Relationship": "Outer",
                                                                                                                                        "Parallel Aware": false,
                                                                                                                                        "Startup Cost": 10000178334.46,
                                                                                                                                        "Total Cost": 10000178341.24,
                                                                                                                                        "Plan Rows": 2713,
                                                                                                                                        "Plan Width": 4,
                                                                                                                                        "Actual Startup Time": 632.488,
                                                                                                                                        "Actual Total Time": 643.682,
                                                                                                                                        "Actual Rows": 301180,
                                                                                                                                        "Actual Loops": 1,
                                                                                                                                        "Output": [
                                                                                                                                            "mi.movie_id"
                                                                                                                                        ],
                                                                                                                                        "Sort Key": [
                                                                                                                                            "mi.movie_id"
                                                                                                                                        ],
                                                                                                                                        "Sort Method": "quicksort",
                                                                                                                                        "Sort Space Used": 26409,
                                                                                                                                        "Sort Space Type": "Memory",
                                                                                                                                        "Plans": [
                                                                                                                                            {
                                                                                                                                                "Node Type": "Nested Loop",
                                                                                                                                                "Parent Relationship": "Outer",
                                                                                                                                                "Parallel Aware": false,
                                                                                                                                                "Join Type": "Inner",
                                                                                                                                                "Startup Cost": 10000003774.57,
                                                                                                                                                "Total Cost": 10000178179.74,
                                                                                                                                                "Plan Rows": 2713,
                                                                                                                                                "Plan Width": 4,
                                                                                                                                                "Actual Startup Time": 118.019,
                                                                                                                                                "Actual Total Time": 584.525,
                                                                                                                                                "Actual Rows": 301243,
                                                                                                                                                "Actual Loops": 1,
                                                                                                                                                "Output": [
                                                                                                                                                    "mi.movie_id"
                                                                                                                                                ],
                                                                                                                                                "Inner Unique": false,
                                                                                                                                                "Plans": [
                                                                                                                                                    {
                                                                                                                                                        "Node Type": "Index Scan",
                                                                                                                                                        "Parent Relationship": "Outer",
                                                                                                                                                        "Parallel Aware": false,
                                                                                                                                                        "Scan Direction": "Forward",
                                                                                                                                                        "Index Name": "info_type_pkey",
                                                                                                                                                        "Relation Name": "info_type",
                                                                                                                                                        "Schema": "public",
                                                                                                                                                        "Alias": "it",
                                                                                                                                                        "Startup Cost": 0.14,
                                                                                                                                                        "Total Cost": 14.12,
                                                                                                                                                        "Plan Rows": 1,
                                                                                                                                                        "Plan Width": 4,
                                                                                                                                                        "Actual Startup Time": 0.018,
                                                                                                                                                        "Actual Total Time": 0.037,
                                                                                                                                                        "Actual Rows": 1,
                                                                                                                                                        "Actual Loops": 1,
                                                                                                                                                        "Output": [
                                                                                                                                                            "it.id",
                                                                                                                                                            "it.info"
                                                                                                                                                        ],
                                                                                                                                                        "Filter": "((it.info)::text = 'release dates'::text)",
                                                                                                                                                        "Rows Removed by Filter": 112
                                                                                                                                                    },
                                                                                                                                                    {
                                                                                                                                                        "Node Type": "Bitmap Heap Scan",
                                                                                                                                                        "Parent Relationship": "Inner",
                                                                                                                                                        "Parallel Aware": false,
                                                                                                                                                        "Relation Name": "movie_info",
                                                                                                                                                        "Schema": "public",
                                                                                                                                                        "Alias": "mi",
                                                                                                                                                        "Startup Cost": 3774.43,
                                                                                                                                                        "Total Cost": 178121.83,
                                                                                                                                                        "Plan Rows": 4379,
                                                                                                                                                        "Plan Width": 8,
                                                                                                                                                        "Actual Startup Time": 117.992,
                                                                                                                                                        "Actual Total Time": 564.507,
                                                                                                                                                        "Actual Rows": 301243,
                                                                                                                                                        "Actual Loops": 1,
                                                                                                                                                        "Output": [
                                                                                                                                                            "mi.id",
                                                                                                                                                            "mi.movie_id",
                                                                                                                                                            "mi.info_type_id",
                                                                                                                                                            "mi.info",
                                                                                                                                                            "mi.note"
                                                                                                                                                        ],
                                                                                                                                                        "Recheck Cond": "(mi.info_type_id = it.id)",
                                                                                                                                                        "Rows Removed by Index Recheck": 0,
                                                                                                                                                        "Filter": "((mi.info IS NOT NULL) AND ((mi.info ~~ 'Japan:%201%'::text) OR (mi.info ~~ 'USA:%201%'::text)))",
                                                                                                                                                        "Rows Removed by Filter": 2735476,
                                                                                                                                                        "Exact Heap Blocks": 25448,
                                                                                                                                                        "Lossy Heap Blocks": 0,
                                                                                                                                                        "Plans": [
                                                                                                                                                            {
                                                                                                                                                                "Node Type": "Bitmap Index Scan",
                                                                                                                                                                "Parent Relationship": "Outer",
                                                                                                                                                                "Parallel Aware": false,
                                                                                                                                                                "Index Name": "info_type_id_movie_info",
                                                                                                                                                                "Startup Cost": 0.0,
                                                                                                                                                                "Total Cost": 3773.34,
                                                                                                                                                                "Plan Rows": 210787,
                                                                                                                                                                "Plan Width": 0,
                                                                                                                                                                "Actual Startup Time": 114.512,
                                                                                                                                                                "Actual Total Time": 114.512,
                                                                                                                                                                "Actual Rows": 3036719,
                                                                                                                                                                "Actual Loops": 1,
                                                                                                                                                                "Index Cond": "(mi.info_type_id = it.id)"
                                                                                                                                                            }
                                                                                                                                                        ]
                                                                                                                                                    }
                                                                                                                                                ]
                                                                                                                                            }
                                                                                                                                        ]
                                                                                                                                    },
                                                                                                                                    {
                                                                                                                                        "Node Type": "Sort",
                                                                                                                                        "Parent Relationship": "Inner",
                                                                                                                                        "Parallel Aware": false,
                                                                                                                                        "Startup Cost": 322951.0,
                                                                                                                                        "Total Cost": 329473.82,
                                                                                                                                        "Plan Rows": 2609129,
                                                                                                                                        "Plan Width": 8,
                                                                                                                                        "Actual Startup Time": 813.09,
                                                                                                                                        "Actual Total Time": 911.64,
                                                                                                                                        "Actual Rows": 2769743,
                                                                                                                                        "Actual Loops": 1,
                                                                                                                                        "Output": [
                                                                                                                                            "mc.movie_id",
                                                                                                                                            "mc.company_id"
                                                                                                                                        ],
                                                                                                                                        "Sort Key": [
                                                                                                                                            "mc.movie_id"
                                                                                                                                        ],
                                                                                                                                        "Sort Method": "quicksort",
                                                                                                                                        "Sort Space Used": 220607,
                                                                                                                                        "Sort Space Type": "Memory",
                                                                                                                                        "Plans": [
                                                                                                                                            {
                                                                                                                                                "Node Type": "Seq Scan",
                                                                                                                                                "Parent Relationship": "Outer",
                                                                                                                                                "Parallel Aware": false,
                                                                                                                                                "Relation Name": "movie_companies",
                                                                                                                                                "Schema": "public",
                                                                                                                                                "Alias": "mc",
                                                                                                                                                "Startup Cost": 0.0,
                                                                                                                                                "Total Cost": 44881.29,
                                                                                                                                                "Plan Rows": 2609129,
                                                                                                                                                "Plan Width": 8,
                                                                                                                                                "Actual Startup Time": 0.018,
                                                                                                                                                "Actual Total Time": 268.331,
                                                                                                                                                "Actual Rows": 2609129,
                                                                                                                                                "Actual Loops": 1,
                                                                                                                                                "Output": [
                                                                                                                                                    "mc.movie_id",
                                                                                                                                                    "mc.company_id"
                                                                                                                                                ]
                                                                                                                                            }
                                                                                                                                        ]
                                                                                                                                    }
                                                                                                                                ]
                                                                                                                            }
                                                                                                                        ]
                                                                                                                    }
                                                                                                                ]
                                                                                                            }
                                                                                                        ]
                                                                                                    }
                                                                                                ]
                                                                                            },
                                                                                            {
                                                                                                "Node Type": "Bitmap Heap Scan",
                                                                                                "Parent Relationship": "Inner",
                                                                                                "Parallel Aware": false,
                                                                                                "Relation Name": "role_type",
                                                                                                "Schema": "public",
                                                                                                "Alias": "rt",
                                                                                                "Startup Cost": 0.14,
                                                                                                "Total Cost": 4.16,
                                                                                                "Plan Rows": 1,
                                                                                                "Plan Width": 4,
                                                                                                "Actual Startup Time": 0.002,
                                                                                                "Actual Total Time": 0.002,
                                                                                                "Actual Rows": 0,
                                                                                                "Actual Loops": 24560169,
                                                                                                "Output": [
                                                                                                    "rt.id",
                                                                                                    "rt.role"
                                                                                                ],
                                                                                                "Recheck Cond": "(rt.id = ci.role_id)",
                                                                                                "Rows Removed by Index Recheck": 0,
                                                                                                "Filter": "((rt.role)::text = 'actress'::text)",
                                                                                                "Rows Removed by Filter": 1,
                                                                                                "Exact Heap Blocks": 24560169,
                                                                                                "Lossy Heap Blocks": 0,
                                                                                                "Plans": [
                                                                                                    {
                                                                                                        "Node Type": "Bitmap Index Scan",
                                                                                                        "Parent Relationship": "Outer",
                                                                                                        "Parallel Aware": false,
                                                                                                        "Index Name": "role_type_pkey",
                                                                                                        "Startup Cost": 0.0,
                                                                                                        "Total Cost": 0.14,
                                                                                                        "Plan Rows": 1,
                                                                                                        "Plan Width": 0,
                                                                                                        "Actual Startup Time": 0.001,
                                                                                                        "Actual Total Time": 0.001,
                                                                                                        "Actual Rows": 1,
                                                                                                        "Actual Loops": 24560169,
                                                                                                        "Index Cond": "(rt.id = ci.role_id)"
                                                                                                    }
                                                                                                ]
                                                                                            }
                                                                                        ]
                                                                                    }
                                                                                ]
                                                                            }
                                                                        ]
                                                                    }
                                                                ]
                                                            }
                                                        ]
                                                    }
                                                ]
                                            },
                                            {
                                                "Node Type": "Materialize",
                                                "Parent Relationship": "Inner",
                                                "Parallel Aware": false,
                                                "Startup Cost": 10000000001.21,
                                                "Total Cost": 10000381575.78,
                                                "Plan Rows": 8177,
                                                "Plan Width": 23,
                                                "Actual Startup Time": 633.942,
                                                "Actual Total Time": 987.383,
                                                "Actual Rows": 6613,
                                                "Actual Loops": 1,
                                                "Output": [
                                                    "an.person_id",
                                                    "n.name",
                                                    "n.id"
                                                ],
                                                "Plans": [
                                                    {
                                                        "Node Type": "Nested Loop",
                                                        "Parent Relationship": "Outer",
                                                        "Parallel Aware": false,
                                                        "Join Type": "Inner",
                                                        "Startup Cost": 10000000001.21,
                                                        "Total Cost": 10000381555.33,
                                                        "Plan Rows": 8177,
                                                        "Plan Width": 23,
                                                        "Actual Startup Time": 633.93,
                                                        "Actual Total Time": 984.966,
                                                        "Actual Rows": 6443,
                                                        "Actual Loops": 1,
                                                        "Output": [
                                                            "an.person_id",
                                                            "n.name",
                                                            "n.id"
                                                        ],
                                                        "Inner Unique": false,
                                                        "Plans": [
                                                            {
                                                                "Node Type": "Index Scan",
                                                                "Parent Relationship": "Outer",
                                                                "Parallel Aware": false,
                                                                "Scan Direction": "Forward",
                                                                "Index Name": "name_pkey",
                                                                "Relation Name": "name",
                                                                "Schema": "public",
                                                                "Alias": "n",
                                                                "Startup Cost": 0.43,
                                                                "Total Cost": 199011.55,
                                                                "Plan Rows": 37808,
                                                                "Plan Width": 19,
                                                                "Actual Startup Time": 633.65,
                                                                "Actual Total Time": 853.637,
                                                                "Actual Rows": 29750,
                                                                "Actual Loops": 1,
                                                                "Output": [
                                                                    "n.id",
                                                                    "n.name",
                                                                    "n.imdb_index",
                                                                    "n.imdb_id",
                                                                    "n.gender",
                                                                    "n.name_pcode_cf",
                                                                    "n.name_pcode_nf",
                                                                    "n.surname_pcode",
                                                                    "n.md5sum"
                                                                ],
                                                                "Filter": "((n.name ~~ '%An%'::text) AND ((n.gender)::text = 'f'::text))",
                                                                "Rows Removed by Filter": 2217189
                                                            },
                                                            {
                                                                "Node Type": "Bitmap Heap Scan",
                                                                "Parent Relationship": "Inner",
                                                                "Parallel Aware": false,
                                                                "Relation Name": "aka_name",
                                                                "Schema": "public",
                                                                "Alias": "an",
                                                                "Startup Cost": 0.78,
                                                                "Total Cost": 4.81,
                                                                "Plan Rows": 2,
                                                                "Plan Width": 4,
                                                                "Actual Startup Time": 0.003,
                                                                "Actual Total Time": 0.003,
                                                                "Actual Rows": 0,
                                                                "Actual Loops": 29750,
                                                                "Output": [
                                                                    "an.id",
                                                                    "an.person_id",
                                                                    "an.name",
                                                                    "an.imdb_index",
                                                                    "an.name_pcode_cf",
                                                                    "an.name_pcode_nf",
                                                                    "an.surname_pcode",
                                                                    "an.md5sum"
                                                                ],
                                                                "Recheck Cond": "(an.person_id = n.id)",
                                                                "Rows Removed by Index Recheck": 0,
                                                                "Exact Heap Blocks": 4593,
                                                                "Lossy Heap Blocks": 0,
                                                                "Plans": [
                                                                    {
                                                                        "Node Type": "Bitmap Index Scan",
                                                                        "Parent Relationship": "Outer",
                                                                        "Parallel Aware": false,
                                                                        "Index Name": "person_id_aka_name",
                                                                        "Startup Cost": 0.0,
                                                                        "Total Cost": 0.78,
                                                                        "Plan Rows": 2,
                                                                        "Plan Width": 0,
                                                                        "Actual Startup Time": 0.002,
                                                                        "Actual Total Time": 0.002,
                                                                        "Actual Rows": 0,
                                                                        "Actual Loops": 29750,
                                                                        "Index Cond": "(an.person_id = n.id)"
                                                                    }
                                                                ]
                                                            }
                                                        ]
                                                    }
                                                ]
                                            }
                                        ]
                                    }
                                ]
                            }
                        ]
                    },
                    {
                        "Node Type": "Bitmap Heap Scan",
                        "Parent Relationship": "Inner",
                        "Parallel Aware": false,
                        "Relation Name": "keyword",
                        "Schema": "public",
                        "Alias": "k",
                        "Startup Cost": 0.43,
                        "Total Cost": 4.45,
                        "Plan Rows": 1,
                        "Plan Width": 4,
                        "Actual Startup Time": 0.004,
                        "Actual Total Time": 0.004,
                        "Actual Rows": 0,
                        "Actual Loops": 175,
                        "Output": [
                            "k.id",
                            "k.keyword",
                            "k.phonetic_code"
                        ],
                        "Recheck Cond": "(k.id = mk.keyword_id)",
                        "Rows Removed by Index Recheck": 0,
                        "Filter": "(k.keyword = ANY ('{death,sequel,based-on-novel,preparation}'::text[]))",
                        "Rows Removed by Filter": 1,
                        "Exact Heap Blocks": 175,
                        "Lossy Heap Blocks": 0,
                        "Plans": [
                            {
                                "Node Type": "Bitmap Index Scan",
                                "Parent Relationship": "Outer",
                                "Parallel Aware": false,
                                "Index Name": "keyword_pkey",
                                "Startup Cost": 0.0,
                                "Total Cost": 0.43,
                                "Plan Rows": 1,
                                "Plan Width": 0,
                                "Actual Startup Time": 0.002,
                                "Actual Total Time": 0.002,
                                "Actual Rows": 1,
                                "Actual Loops": 175,
                                "Index Cond": "(k.id = mk.keyword_id)"
                            }
                        ]
                    }
                ]
            }
        ]
    },
    "Planning Time": 58.612,
    "Triggers": [],
    "Execution Time": 125251.938
}