[
  {
    "Plan": {
      "Node Type": "Aggregate",
      "Strategy": "Plain",
      "Partial Mode": "Finalize",
      "Parallel Aware": false,
      "Startup Cost": 46530.43,
      "Total Cost": 46530.44,
      "Plan Rows": 1,
      "Plan Width": 8,
      "Actual Startup Time": 152.15,
      "Actual Total Time": 156.199,
      "Actual Rows": 1,
      "Actual Loops": 1,
      "Plans": [
        {
          "Node Type": "Gather",
          "Parent Relationship": "Outer",
          "Parallel Aware": false,
          "Startup Cost": 46530.11,
          "Total Cost": 46530.42,
          "Plan Rows": 3,
          "Plan Width": 8,
          "Actual Startup Time": 152.055,
          "Actual Total Time": 156.192,
          "Actual Rows": 4,
          "Actual Loops": 1,
          "Workers Planned": 3,
          "Workers Launched": 3,
          "Single Copy": false,
          "Plans": [
            {
              "Node Type": "Aggregate",
              "Strategy": "Plain",
              "Partial Mode": "Partial",
              "Parent Relationship": "Outer",
              "Parallel Aware": false,
              "Startup Cost": 45530.11,
              "Total Cost": 45530.12,
              "Plan Rows": 1,
              "Plan Width": 8,
              "Actual Startup Time": 147.643,
              "Actual Total Time": 147.644,
              "Actual Rows": 1,
              "Actual Loops": 4,
              "Plans": [
                {
                  "Node Type": "Seq Scan",
                  "Parent Relationship": "Outer",
                  "Parallel Aware": true,
                  "Relation Name": "movie_keyword",
                  "Alias": "mk",
                  "Startup Cost": 0.0,
                  "Total Cost": 42695.65,
                  "Plan Rows": 1133782,
                  "Plan Width": 0,
                  "Actual Startup Time": 0.032,
                  "Actual Total Time": 108.076,
                  "Actual Rows": 884651,
                  "Actual Loops": 4,
                  "Filter": "(keyword_id < 18766)",
                  "Rows Removed by Filter": 246332
                }
              ]
            }
          ]
        }
      ]
    },
    "Planning Time": 0.043,
    "Triggers": [],
    "Execution Time": 156.215
  }
]