[
  {
    "Plan": {
      "Node Type": "Aggregate",
      "Strategy": "Plain",
      "Partial Mode": "Finalize",
      "Parallel Aware": false,
      "Startup Cost": 46362.59,
      "Total Cost": 46362.6,
      "Plan Rows": 1,
      "Plan Width": 8,
      "Actual Startup Time": 147.959,
      "Actual Total Time": 155.03,
      "Actual Rows": 1,
      "Actual Loops": 1,
      "Plans": [
        {
          "Node Type": "Gather",
          "Parent Relationship": "Outer",
          "Parallel Aware": false,
          "Startup Cost": 46362.28,
          "Total Cost": 46362.59,
          "Plan Rows": 3,
          "Plan Width": 8,
          "Actual Startup Time": 147.856,
          "Actual Total Time": 155.023,
          "Actual Rows": 4,
          "Actual Loops": 1,
          "Workers Planned": 3,
          "Workers Launched": 3,
          "Single Copy": false,
          "Plans": [
            {
              "Node Type": "Aggregate",
              "Strategy": "Plain",
              "Partial Mode": "Partial",
              "Parent Relationship": "Outer",
              "Parallel Aware": false,
              "Startup Cost": 45362.28,
              "Total Cost": 45362.29,
              "Plan Rows": 1,
              "Plan Width": 8,
              "Actual Startup Time": 143.505,
              "Actual Total Time": 143.506,
              "Actual Rows": 1,
              "Actual Loops": 4,
              "Plans": [
                {
                  "Node Type": "Seq Scan",
                  "Parent Relationship": "Outer",
                  "Parallel Aware": true,
                  "Relation Name": "movie_keyword",
                  "Alias": "mk",
                  "Startup Cost": 0.0,
                  "Total Cost": 42695.65,
                  "Plan Rows": 1066649,
                  "Plan Width": 0,
                  "Actual Startup Time": 0.204,
                  "Actual Total Time": 109.068,
                  "Actual Rows": 827883,
                  "Actual Loops": 4,
                  "Filter": "(keyword_id > 1524)",
                  "Rows Removed by Filter": 303100
                }
              ]
            }
          ]
        }
      ]
    },
    "Planning Time": 0.163,
    "Triggers": [],
    "Execution Time": 155.081
  }
]