[
    {
        "Bao": {
            "Bao prediction": "NaN",
            "Bao recommended hint": "(no hint)"
        }
    },
    {
        "Plan": {
            "Node Type": "Aggregate",
            "Strategy": "Plain",
            "Partial Mode": "Finalize",
            "Parallel Aware": false,
            "Startup Cost": 38495.11,
            "Total Cost": 38495.12,
            "Plan Rows": 1,
            "Plan Width": 8,
            "Actual Startup Time": 111.257,
            "Actual Total Time": 116.686,
            "Actual Rows": 1,
            "Actual Loops": 1,
            "Output": [
                "count(*)"
            ],
            "Plans": [
                {
                    "Node Type": "Gather",
                    "Parent Relationship": "Outer",
                    "Parallel Aware": false,
                    "Startup Cost": 38494.79,
                    "Total Cost": 38495.1,
                    "Plan Rows": 3,
                    "Plan Width": 8,
                    "Actual Startup Time": 110.947,
                    "Actual Total Time": 116.678,
                    "Actual Rows": 4,
                    "Actual Loops": 1,
                    "Output": [
                        "(PARTIAL count(*))"
                    ],
                    "Workers Planned": 3,
                    "Workers Launched": 3,
                    "Single Copy": false,
                    "Plans": [
                        {
                            "Node Type": "Aggregate",
                            "Strategy": "Plain",
                            "Partial Mode": "Partial",
                            "Parent Relationship": "Outer",
                            "Parallel Aware": false,
                            "Startup Cost": 37494.79,
                            "Total Cost": 37494.8,
                            "Plan Rows": 1,
                            "Plan Width": 8,
                            "Actual Startup Time": 102.595,
                            "Actual Total Time": 102.596,
                            "Actual Rows": 1,
                            "Actual Loops": 4,
                            "Output": [
                                "PARTIAL count(*)"
                            ],
                            "Workers": [
                                {
                                    "Worker Number": 0,
                                    "Actual Startup Time": 99.788,
                                    "Actual Total Time": 99.79,
                                    "Actual Rows": 1,
                                    "Actual Loops": 1
                                },
                                {
                                    "Worker Number": 1,
                                    "Actual Startup Time": 99.83,
                                    "Actual Total Time": 99.832,
                                    "Actual Rows": 1,
                                    "Actual Loops": 1
                                },
                                {
                                    "Worker Number": 2,
                                    "Actual Startup Time": 100.113,
                                    "Actual Total Time": 100.114,
                                    "Actual Rows": 1,
                                    "Actual Loops": 1
                                }
                            ],
                            "Plans": [
                                {
                                    "Node Type": "Bitmap Heap Scan",
                                    "Parent Relationship": "Outer",
                                    "Parallel Aware": true,
                                    "Relation Name": "movie_keyword",
                                    "Schema": "public",
                                    "Alias": "mk",
                                    "Startup Cost": 10619.13,
                                    "Total Cost": 37091.18,
                                    "Plan Rows": 161444,
                                    "Plan Width": 0,
                                    "Actual Startup Time": 25.769,
                                    "Actual Total Time": 95.395,
                                    "Actual Rows": 123030,
                                    "Actual Loops": 4,
                                    "Recheck Cond": "(mk.keyword_id > 36615)",
                                    "Rows Removed by Index Recheck": 0,
                                    "Exact Heap Blocks": 10934,
                                    "Lossy Heap Blocks": 0,
                                    "Workers": [
                                        {
                                            "Worker Number": 0,
                                            "Actual Startup Time": 23.289,
                                            "Actual Total Time": 93.261,
                                            "Actual Rows": 98886,
                                            "Actual Loops": 1
                                        },
                                        {
                                            "Worker Number": 1,
                                            "Actual Startup Time": 23.106,
                                            "Actual Total Time": 93.267,
                                            "Actual Rows": 72222,
                                            "Actual Loops": 1
                                        },
                                        {
                                            "Worker Number": 2,
                                            "Actual Startup Time": 23.241,
                                            "Actual Total Time": 93.932,
                                            "Actual Rows": 88369,
                                            "Actual Loops": 1
                                        }
                                    ],
                                    "Plans": [
                                        {
                                            "Node Type": "Bitmap Index Scan",
                                            "Parent Relationship": "Outer",
                                            "Parallel Aware": false,
                                            "Index Name": "keyword_id_movie_keyword",
                                            "Startup Cost": 0.0,
                                            "Total Cost": 10494.01,
                                            "Plan Rows": 500477,
                                            "Plan Width": 0,
                                            "Actual Startup Time": 30.106,
                                            "Actual Total Time": 30.107,
                                            "Actual Rows": 492121,
                                            "Actual Loops": 1,
                                            "Index Cond": "(mk.keyword_id > 36615)"
                                        }
                                    ]
                                }
                            ]
                        }
                    ]
                }
            ]
        },
        "Planning Time": 199.254,
        "Triggers": [],
        "Execution Time": 116.742
    }
]