[
  {
    "Plan": {
      "Node Type": "Aggregate",
      "Strategy": "Plain",
      "Partial Mode": "Finalize",
      "Parallel Aware": false,
      "Startup Cost": 348535.16,
      "Total Cost": 348535.17,
      "Plan Rows": 1,
      "Plan Width": 8,
      "Actual Startup Time": 801.189,
      "Actual Total Time": 856.65,
      "Actual Rows": 1,
      "Actual Loops": 1,
      "Plans": [
        {
          "Node Type": "Gather",
          "Parent Relationship": "Outer",
          "Parallel Aware": false,
          "Startup Cost": 348534.53,
          "Total Cost": 348535.14,
          "Plan Rows": 6,
          "Plan Width": 8,
          "Actual Startup Time": 801.073,
          "Actual Total Time": 856.638,
          "Actual Rows": 7,
          "Actual Loops": 1,
          "Workers Planned": 6,
          "Workers Launched": 6,
          "Single Copy": false,
          "Plans": [
            {
              "Node Type": "Aggregate",
              "Strategy": "Plain",
              "Partial Mode": "Partial",
              "Parent Relationship": "Outer",
              "Parallel Aware": false,
              "Startup Cost": 347534.53,
              "Total Cost": 347534.54,
              "Plan Rows": 1,
              "Plan Width": 8,
              "Actual Startup Time": 791.616,
              "Actual Total Time": 791.617,
              "Actual Rows": 1,
              "Actual Loops": 7,
              "Plans": [
                {
                  "Node Type": "Seq Scan",
                  "Parent Relationship": "Outer",
                  "Parallel Aware": true,
                  "Relation Name": "cast_info",
                  "Alias": "ci",
                  "Startup Cost": 0.0,
                  "Total Cost": 343257.03,
                  "Plan Rows": 1711002,
                  "Plan Width": 0,
                  "Actual Startup Time": 270.647,
                  "Actual Total Time": 692.066,
                  "Actual Rows": 2234715,
                  "Actual Loops": 7,
                  "Filter": "((person_id > 2073445) AND (role_id > 1))",
                  "Rows Removed by Filter": 2943048
                }
              ]
            }
          ]
        }
      ]
    },
    "Planning Time": 0.139,
    "Triggers": [],
    "Execution Time": 856.698
  }
]