{
  "Plan": {
    "Node Type": "Aggregate",
    "Strategy": "Plain",
    "Partial Mode": "Simple",
    "Parallel Aware": false,
    "Startup Cost": 3025.99,
    "Total Cost": 3026.0,
    "Plan Rows": 1,
    "Plan Width": 8,
    "Actual Startup Time": 7.623,
    "Actual Total Time": 7.627,
    "Actual Rows": 1,
    "Actual Loops": 1,
    "Plans": [
      {
        "Node Type": "Nested Loop",
        "Parent Relationship": "Outer",
        "Parallel Aware": false,
        "Join Type": "Inner",
        "Startup Cost": 7.21,
        "Total Cost": 3025.96,
        "Plan Rows": 14,
        "Plan Width": 0,
        "Actual Startup Time": 1.776,
        "Actual Total Time": 7.574,
        "Actual Rows": 186,
        "Actual Loops": 1,
        "Inner Unique": false,
        "Plans": [
          {
            "Node Type": "Nested Loop",
            "Parent Relationship": "Outer",
            "Parallel Aware": false,
            "Join Type": "Inner",
            "Startup Cost": 6.78,
            "Total Cost": 3007.2,
            "Plan Rows": 26,
            "Plan Width": 8,
            "Actual Startup Time": 1.752,
            "Actual Total Time": 5.904,
            "Actual Rows": 67,
            "Actual Loops": 1,
            "Inner Unique": true,
            "Plans": [
              {
                "Node Type": "Bitmap Heap Scan",
                "Parent Relationship": "Outer",
                "Parallel Aware": false,
                "Relation Name": "movie_keyword",
                "Alias": "mk",
                "Startup Cost": 6.35,
                "Total Cost": 922.98,
                "Plan Rows": 248,
                "Plan Width": 4,
                "Actual Startup Time": 0.428,
                "Actual Total Time": 1.51,
                "Actual Rows": 310,
                "Actual Loops": 1,
                "Recheck Cond": "(keyword_id = 8582)",
                "Rows Removed by Index Recheck": 0,
                "Exact Heap Blocks": 307,
                "Lossy Heap Blocks": 0,
                "Plans": [
                  {
                    "Node Type": "Bitmap Index Scan",
                    "Parent Relationship": "Outer",
                    "Parallel Aware": false,
                    "Index Name": "keyword_id_movie_keyword",
                    "Startup Cost": 0.0,
                    "Total Cost": 6.29,
                    "Plan Rows": 248,
                    "Plan Width": 0,
                    "Actual Startup Time": 0.316,
                    "Actual Total Time": 0.317,
                    "Actual Rows": 310,
                    "Actual Loops": 1,
                    "Index Cond": "(keyword_id = 8582)"
                  }
                ]
              },
              {
                "Node Type": "Index Scan",
                "Parent Relationship": "Inner",
                "Parallel Aware": false,
                "Scan Direction": "Forward",
                "Index Name": "title_pkey",
                "Relation Name": "title",
                "Alias": "t",
                "Startup Cost": 0.43,
                "Total Cost": 8.4,
                "Plan Rows": 1,
                "Plan Width": 4,
                "Actual Startup Time": 0.013,
                "Actual Total Time": 0.013,
                "Actual Rows": 0,
                "Actual Loops": 310,
                "Index Cond": "(id = mk.movie_id)",
                "Rows Removed by Index Recheck": 0,
                "Filter": "((kind_id < 2) AND (production_year > 2005))",
                "Rows Removed by Filter": 1
              }
            ]
          },
          {
            "Node Type": "Index Only Scan",
            "Parent Relationship": "Inner",
            "Parallel Aware": false,
            "Scan Direction": "Forward",
            "Index Name": "movie_id_movie_info_idx",
            "Relation Name": "movie_info_idx",
            "Alias": "mi_idx",
            "Startup Cost": 0.43,
            "Total Cost": 0.69,
            "Plan Rows": 3,
            "Plan Width": 4,
            "Actual Startup Time": 0.022,
            "Actual Total Time": 0.023,
            "Actual Rows": 3,
            "Actual Loops": 67,
            "Index Cond": "(movie_id = t.id)",
            "Rows Removed by Index Recheck": 0,
            "Heap Fetches": 186
          }
        ]
      }
    ]
  },
  "Planning Time": 1.005,
  "Triggers": [],
  "Execution Time": 7.715
}