[
  {
    "Plan": {
      "Node Type": "Aggregate",
      "Strategy": "Plain",
      "Partial Mode": "Finalize",
      "Parallel Aware": false,
      "Startup Cost": 347963.49,
      "Total Cost": 347963.5,
      "Plan Rows": 1,
      "Plan Width": 8,
      "Actual Startup Time": 670.193,
      "Actual Total Time": 724.437,
      "Actual Rows": 1,
      "Actual Loops": 1,
      "Plans": [
        {
          "Node Type": "Gather",
          "Parent Relationship": "Outer",
          "Parallel Aware": false,
          "Startup Cost": 347962.86,
          "Total Cost": 347963.47,
          "Plan Rows": 6,
          "Plan Width": 8,
          "Actual Startup Time": 670.055,
          "Actual Total Time": 724.425,
          "Actual Rows": 7,
          "Actual Loops": 1,
          "Workers Planned": 6,
          "Workers Launched": 6,
          "Single Copy": false,
          "Plans": [
            {
              "Node Type": "Aggregate",
              "Strategy": "Plain",
              "Partial Mode": "Partial",
              "Parent Relationship": "Outer",
              "Parallel Aware": false,
              "Startup Cost": 346962.86,
              "Total Cost": 346962.87,
              "Plan Rows": 1,
              "Plan Width": 8,
              "Actual Startup Time": 659.85,
              "Actual Total Time": 659.851,
              "Actual Rows": 1,
              "Actual Loops": 7,
              "Plans": [
                {
                  "Node Type": "Seq Scan",
                  "Parent Relationship": "Outer",
                  "Parallel Aware": true,
                  "Relation Name": "cast_info",
                  "Alias": "ci",
                  "Startup Cost": 0.0,
                  "Total Cost": 343257.03,
                  "Plan Rows": 1482333,
                  "Plan Width": 0,
                  "Actual Startup Time": 234.09,
                  "Actual Total Time": 634.154,
                  "Actual Rows": 537228,
                  "Actual Loops": 7,
                  "Filter": "((person_id < 1337597) AND (role_id > 1))",
                  "Rows Removed by Filter": 4640535
                }
              ]
            }
          ]
        }
      ]
    },
    "Planning Time": 0.222,
    "Triggers": [],
    "Execution Time": 724.557
  }
]