{
    "Plan": {
        "Node Type": "Aggregate",
        "Strategy": "Plain",
        "Partial Mode": "Simple",
        "Parallel Aware": false,
        "Startup Cost": 50014139675.62,
        "Total Cost": 50014139675.63,
        "Plan Rows": 1,
        "Plan Width": 96,
        "Actual Startup Time": 14037.859,
        "Actual Total Time": 14037.863,
        "Actual Rows": 1,
        "Actual Loops": 1,
        "Output": [
            "min(k.keyword)",
            "min(n.name)",
            "min(t.title)"
        ],
        "Plans": [
            {
                "Node Type": "Nested Loop",
                "Parent Relationship": "Outer",
                "Parallel Aware": false,
                "Join Type": "Inner",
                "Startup Cost": 50000000003.14,
                "Total Cost": 50014139675.58,
                "Plan Rows": 5,
                "Plan Width": 48,
                "Actual Startup Time": 34.253,
                "Actual Total Time": 14036.744,
                "Actual Rows": 1987,
                "Actual Loops": 1,
                "Output": [
                    "k.keyword",
                    "n.name",
                    "t.title"
                ],
                "Inner Unique": true,
                "Plans": [
                    {
                        "Node Type": "Nested Loop",
                        "Parent Relationship": "Outer",
                        "Parallel Aware": false,
                        "Join Type": "Inner",
                        "Startup Cost": 40000000002.71,
                        "Total Cost": 40014137368.2,
                        "Plan Rows": 518,
                        "Plan Width": 37,
                        "Actual Startup Time": 10.664,
                        "Actual Total Time": 12303.86,
                        "Actual Rows": 243294,
                        "Actual Loops": 1,
                        "Output": [
                            "ci.person_id",
                            "k.keyword",
                            "t.title"
                        ],
                        "Inner Unique": false,
                        "Join Filter": "(t.id = ci.movie_id)",
                        "Rows Removed by Join Filter": 0,
                        "Plans": [
                            {
                                "Node Type": "Nested Loop",
                                "Parent Relationship": "Outer",
                                "Parallel Aware": false,
                                "Join Type": "Inner",
                                "Startup Cost": 30000000001.73,
                                "Total Cost": 30014137285.26,
                                "Plan Rows": 14,
                                "Plan Width": 41,
                                "Actual Startup Time": 10.493,
                                "Actual Total Time": 11665.82,
                                "Actual Rows": 4326,
                                "Actual Loops": 1,
                                "Output": [
                                    "k.keyword",
                                    "mk.movie_id",
                                    "t.title",
                                    "t.id"
                                ],
                                "Inner Unique": true,
                                "Plans": [
                                    {
                                        "Node Type": "Nested Loop",
                                        "Parent Relationship": "Outer",
                                        "Parallel Aware": false,
                                        "Join Type": "Inner",
                                        "Startup Cost": 20000000001.3,
                                        "Total Cost": 20006093791.89,
                                        "Plan Rows": 1810295,
                                        "Plan Width": 29,
                                        "Actual Startup Time": 0.228,
                                        "Actual Total Time": 6053.907,
                                        "Actual Rows": 1253091,
                                        "Actual Loops": 1,
                                        "Output": [
                                            "mk.keyword_id",
                                            "mk.movie_id",
                                            "t.title",
                                            "t.id"
                                        ],
                                        "Inner Unique": false,
                                        "Plans": [
                                            {
                                                "Node Type": "Index Scan",
                                                "Parent Relationship": "Outer",
                                                "Parallel Aware": false,
                                                "Scan Direction": "Forward",
                                                "Index Name": "title_pkey",
                                                "Relation Name": "title",
                                                "Schema": "public",
                                                "Alias": "t",
                                                "Startup Cost": 10000000000.43,
                                                "Total Cost": 10000116662.9,
                                                "Plan Rows": 1011733,
                                                "Plan Width": 21,
                                                "Actual Startup Time": 0.15,
                                                "Actual Total Time": 1667.45,
                                                "Actual Rows": 1012920,
                                                "Actual Loops": 1,
                                                "Output": [
                                                    "t.id",
                                                    "t.title",
                                                    "t.imdb_index",
                                                    "t.kind_id",
                                                    "t.production_year",
                                                    "t.imdb_id",
                                                    "t.phonetic_code",
                                                    "t.episode_of_id",
                                                    "t.season_nr",
                                                    "t.episode_nr",
                                                    "t.series_years",
                                                    "t.md5sum"
                                                ],
                                                "Filter": "(t.production_year > 2005)",
                                                "Rows Removed by Filter": 1515392
                                            },
                                            {
                                                "Node Type": "Bitmap Heap Scan",
                                                "Parent Relationship": "Inner",
                                                "Parallel Aware": false,
                                                "Relation Name": "movie_keyword",
                                                "Schema": "public",
                                                "Alias": "mk",
                                                "Startup Cost": 0.87,
                                                "Total Cost": 5.45,
                                                "Plan Rows": 46,
                                                "Plan Width": 8,
                                                "Actual Startup Time": 0.002,
                                                "Actual Total Time": 0.003,
                                                "Actual Rows": 1,
                                                "Actual Loops": 1012920,
                                                "Output": [
                                                    "mk.id",
                                                    "mk.movie_id",
                                                    "mk.keyword_id"
                                                ],
                                                "Recheck Cond": "(mk.movie_id = t.id)",
                                                "Rows Removed by Index Recheck": 0,
                                                "Exact Heap Blocks": 144737,
                                                "Lossy Heap Blocks": 0,
                                                "Plans": [
                                                    {
                                                        "Node Type": "Bitmap Index Scan",
                                                        "Parent Relationship": "Outer",
                                                        "Parallel Aware": false,
                                                        "Index Name": "movie_id_movie_keyword",
                                                        "Startup Cost": 0.0,
                                                        "Total Cost": 0.86,
                                                        "Plan Rows": 46,
                                                        "Plan Width": 0,
                                                        "Actual Startup Time": 0.002,
                                                        "Actual Total Time": 0.002,
                                                        "Actual Rows": 1,
                                                        "Actual Loops": 1012920,
                                                        "Index Cond": "(mk.movie_id = t.id)"
                                                    }
                                                ]
                                            }
                                        ]
                                    },
                                    {
                                        "Node Type": "Bitmap Heap Scan",
                                        "Parent Relationship": "Inner",
                                        "Parallel Aware": false,
                                        "Relation Name": "keyword",
                                        "Schema": "public",
                                        "Alias": "k",
                                        "Startup Cost": 0.43,
                                        "Total Cost": 4.44,
                                        "Plan Rows": 1,
                                        "Plan Width": 20,
                                        "Actual Startup Time": 0.003,
                                        "Actual Total Time": 0.003,
                                        "Actual Rows": 0,
                                        "Actual Loops": 1253091,
                                        "Output": [
                                            "k.id",
                                            "k.keyword",
                                            "k.phonetic_code"
                                        ],
                                        "Recheck Cond": "(k.id = mk.keyword_id)",
                                        "Rows Removed by Index Recheck": 0,
                                        "Filter": "(k.keyword = 'murder'::text)",
                                        "Rows Removed by Filter": 1,
                                        "Exact Heap Blocks": 1253091,
                                        "Lossy Heap Blocks": 0,
                                        "Plans": [
                                            {
                                                "Node Type": "Bitmap Index Scan",
                                                "Parent Relationship": "Outer",
                                                "Parallel Aware": false,
                                                "Index Name": "keyword_pkey",
                                                "Startup Cost": 0.0,
                                                "Total Cost": 0.43,
                                                "Plan Rows": 1,
                                                "Plan Width": 0,
                                                "Actual Startup Time": 0.002,
                                                "Actual Total Time": 0.002,
                                                "Actual Rows": 1,
                                                "Actual Loops": 1253091,
                                                "Index Cond": "(k.id = mk.keyword_id)"
                                            }
                                        ]
                                    }
                                ]
                            },
                            {
                                "Node Type": "Bitmap Heap Scan",
                                "Parent Relationship": "Inner",
                                "Parallel Aware": false,
                                "Relation Name": "cast_info",
                                "Schema": "public",
                                "Alias": "ci",
                                "Startup Cost": 0.97,
                                "Total Cost": 5.45,
                                "Plan Rows": 38,
                                "Plan Width": 8,
                                "Actual Startup Time": 0.023,
                                "Actual Total Time": 0.135,
                                "Actual Rows": 56,
                                "Actual Loops": 4326,
                                "Output": [
                                    "ci.id",
                                    "ci.person_id",
                                    "ci.movie_id",
                                    "ci.person_role_id",
                                    "ci.note",
                                    "ci.nr_order",
                                    "ci.role_id"
                                ],
                                "Recheck Cond": "(ci.movie_id = mk.movie_id)",
                                "Rows Removed by Index Recheck": 0,
                                "Exact Heap Blocks": 235106,
                                "Lossy Heap Blocks": 0,
                                "Plans": [
                                    {
                                        "Node Type": "Bitmap Index Scan",
                                        "Parent Relationship": "Outer",
                                        "Parallel Aware": false,
                                        "Index Name": "movie_id_cast_info",
                                        "Startup Cost": 0.0,
                                        "Total Cost": 0.97,
                                        "Plan Rows": 38,
                                        "Plan Width": 0,
                                        "Actual Startup Time": 0.016,
                                        "Actual Total Time": 0.016,
                                        "Actual Rows": 56,
                                        "Actual Loops": 4326,
                                        "Index Cond": "(ci.movie_id = mk.movie_id)"
                                    }
                                ]
                            }
                        ]
                    },
                    {
                        "Node Type": "Bitmap Heap Scan",
                        "Parent Relationship": "Inner",
                        "Parallel Aware": false,
                        "Relation Name": "name",
                        "Schema": "public",
                        "Alias": "n",
                        "Startup Cost": 0.44,
                        "Total Cost": 4.45,
                        "Plan Rows": 1,
                        "Plan Width": 19,
                        "Actual Startup Time": 0.006,
                        "Actual Total Time": 0.006,
                        "Actual Rows": 0,
                        "Actual Loops": 243294,
                        "Output": [
                            "n.id",
                            "n.name",
                            "n.imdb_index",
                            "n.imdb_id",
                            "n.gender",
                            "n.name_pcode_cf",
                            "n.name_pcode_nf",
                            "n.surname_pcode",
                            "n.md5sum"
                        ],
                        "Recheck Cond": "(n.id = ci.person_id)",
                        "Rows Removed by Index Recheck": 0,
                        "Filter": "(n.name ~~ '%Alex%'::text)",
                        "Rows Removed by Filter": 1,
                        "Exact Heap Blocks": 243294,
                        "Lossy Heap Blocks": 0,
                        "Plans": [
                            {
                                "Node Type": "Bitmap Index Scan",
                                "Parent Relationship": "Outer",
                                "Parallel Aware": false,
                                "Index Name": "name_pkey",
                                "Startup Cost": 0.0,
                                "Total Cost": 0.44,
                                "Plan Rows": 1,
                                "Plan Width": 0,
                                "Actual Startup Time": 0.004,
                                "Actual Total Time": 0.004,
                                "Actual Rows": 1,
                                "Actual Loops": 243294,
                                "Index Cond": "(n.id = ci.person_id)"
                            }
                        ]
                    }
                ]
            }
        ]
    },
    "Planning Time": 6.517,
    "Triggers": [],
    "Execution Time": 14038.39
}