[
  {
    "Plan": {
      "Node Type": "Aggregate",
      "Strategy": "Plain",
      "Partial Mode": "Finalize",
      "Parallel Aware": false,
      "Startup Cost": 203096.01,
      "Total Cost": 203096.02,
      "Plan Rows": 1,
      "Plan Width": 8,
      "Actual Startup Time": 146.225,
      "Actual Total Time": 172.15,
      "Actual Rows": 1,
      "Actual Loops": 1,
      "Plans": [
        {
          "Node Type": "Gather",
          "Parent Relationship": "Outer",
          "Parallel Aware": false,
          "Startup Cost": 203095.59,
          "Total Cost": 203096.0,
          "Plan Rows": 4,
          "Plan Width": 8,
          "Actual Startup Time": 146.042,
          "Actual Total Time": 172.133,
          "Actual Rows": 5,
          "Actual Loops": 1,
          "Workers Planned": 4,
          "Workers Launched": 4,
          "Single Copy": false,
          "Plans": [
            {
              "Node Type": "Aggregate",
              "Strategy": "Plain",
              "Partial Mode": "Partial",
              "Parent Relationship": "Outer",
              "Parallel Aware": false,
              "Startup Cost": 202095.59,
              "Total Cost": 202095.6,
              "Plan Rows": 1,
              "Plan Width": 8,
              "Actual Startup Time": 140.185,
              "Actual Total Time": 140.188,
              "Actual Rows": 1,
              "Actual Loops": 5,
              "Plans": [
                {
                  "Node Type": "Nested Loop",
                  "Parent Relationship": "Outer",
                  "Parallel Aware": false,
                  "Join Type": "Inner",
                  "Startup Cost": 0.56,
                  "Total Cost": 202069.42,
                  "Plan Rows": 10467,
                  "Plan Width": 0,
                  "Actual Startup Time": 0.356,
                  "Actual Total Time": 139.293,
                  "Actual Rows": 8398,
                  "Actual Loops": 5,
                  "Inner Unique": false,
                  "Plans": [
                    {
                      "Node Type": "Seq Scan",
                      "Parent Relationship": "Outer",
                      "Parallel Aware": true,
                      "Relation Name": "title",
                      "Alias": "t",
                      "Startup Cost": 0.0,
                      "Total Cost": 45479.59,
                      "Plan Rows": 1503,
                      "Plan Width": 4,
                      "Actual Startup Time": 0.2,
                      "Actual Total Time": 78.594,
                      "Actual Rows": 1184,
                      "Actual Loops": 5,
                      "Filter": "((kind_id = 7) AND (production_year = 1962))",
                      "Rows Removed by Filter": 504479
                    },
                    {
                      "Node Type": "Index Scan",
                      "Parent Relationship": "Inner",
                      "Parallel Aware": false,
                      "Scan Direction": "Forward",
                      "Index Name": "movie_id_cast_info",
                      "Relation Name": "cast_info",
                      "Alias": "ci",
                      "Startup Cost": 0.56,
                      "Total Cost": 104.01,
                      "Plan Rows": 17,
                      "Plan Width": 4,
                      "Actual Startup Time": 0.012,
                      "Actual Total Time": 0.05,
                      "Actual Rows": 7,
                      "Actual Loops": 5918,
                      "Index Cond": "(movie_id = t.id)",
                      "Rows Removed by Index Recheck": 0,
                      "Filter": "(person_id < 1756887)",
                      "Rows Removed by Filter": 4
                    }
                  ]
                }
              ]
            }
          ]
        }
      ]
    },
    "Planning Time": 0.19,
    "Triggers": [],
    "Execution Time": 172.191
  }
]