{
  "Plan": {
    "Node Type": "Aggregate",
    "Strategy": "Plain",
    "Partial Mode": "Finalize",
    "Parallel Aware": false,
    "Startup Cost": 618392.65,
    "Total Cost": 618392.66,
    "Plan Rows": 1,
    "Plan Width": 8,
    "Actual Startup Time": 2944.371,
    "Actual Total Time": 3012.153,
    "Actual Rows": 1,
    "Actual Loops": 1,
    "Plans": [
      {
        "Node Type": "Gather",
        "Parent Relationship": "Outer",
        "Parallel Aware": false,
        "Startup Cost": 618392.53,
        "Total Cost": 618392.64,
        "Plan Rows": 1,
        "Plan Width": 8,
        "Actual Startup Time": 2944.08,
        "Actual Total Time": 3012.142,
        "Actual Rows": 2,
        "Actual Loops": 1,
        "Workers Planned": 1,
        "Workers Launched": 1,
        "Single Copy": false,
        "Plans": [
          {
            "Node Type": "Aggregate",
            "Strategy": "Plain",
            "Partial Mode": "Partial",
            "Parent Relationship": "Outer",
            "Parallel Aware": false,
            "Startup Cost": 617392.53,
            "Total Cost": 617392.54,
            "Plan Rows": 1,
            "Plan Width": 8,
            "Actual Startup Time": 2938.002,
            "Actual Total Time": 2938.011,
            "Actual Rows": 1,
            "Actual Loops": 2,
            "Plans": [
              {
                "Node Type": "Hash Join",
                "Parent Relationship": "Outer",
                "Parallel Aware": true,
                "Join Type": "Inner",
                "Startup Cost": 70689.62,
                "Total Cost": 617095.71,
                "Plan Rows": 118729,
                "Plan Width": 0,
                "Actual Startup Time": 64.475,
                "Actual Total Time": 2931.011,
                "Actual Rows": 137782,
                "Actual Loops": 2,
                "Inner Unique": false,
                "Hash Cond": "(ci.movie_id = t.id)",
                "Plans": [
                  {
                    "Node Type": "Seq Scan",
                    "Parent Relationship": "Outer",
                    "Parallel Aware": true,
                    "Relation Name": "cast_info",
                    "Alias": "ci",
                    "Startup Cost": 0.0,
                    "Total Cost": 465792.95,
                    "Plan Rows": 21310595,
                    "Plan Width": 4,
                    "Actual Startup Time": 0.017,
                    "Actual Total Time": 1286.986,
                    "Actual Rows": 18122172,
                    "Actual Loops": 2
                  },
                  {
                    "Node Type": "Hash",
                    "Parent Relationship": "Inner",
                    "Parallel Aware": true,
                    "Startup Cost": 70586.04,
                    "Total Cost": 70586.04,
                    "Plan Rows": 8286,
                    "Plan Width": 8,
                    "Actual Startup Time": 63.126,
                    "Actual Total Time": 63.132,
                    "Actual Rows": 7235,
                    "Actual Loops": 2,
                    "Hash Buckets": 16384,
                    "Original Hash Buckets": 16384,
                    "Hash Batches": 1,
                    "Original Hash Batches": 1,
                    "Peak Memory Usage": 704,
                    "Plans": [
                      {
                        "Node Type": "Nested Loop",
                        "Parent Relationship": "Outer",
                        "Parallel Aware": false,
                        "Join Type": "Inner",
                        "Startup Cost": 600.46,
                        "Total Cost": 70586.04,
                        "Plan Rows": 8286,
                        "Plan Width": 8,
                        "Actual Startup Time": 16.749,
                        "Actual Total Time": 60.858,
                        "Actual Rows": 7235,
                        "Actual Loops": 2,
                        "Inner Unique": true,
                        "Plans": [
                          {
                            "Node Type": "Bitmap Heap Scan",
                            "Parent Relationship": "Outer",
                            "Parallel Aware": true,
                            "Relation Name": "movie_companies",
                            "Alias": "mc",
                            "Startup Cost": 600.03,
                            "Total Cost": 20557.4,
                            "Plan Rows": 8286,
                            "Plan Width": 4,
                            "Actual Startup Time": 16.668,
                            "Actual Total Time": 22.546,
                            "Actual Rows": 7235,
                            "Actual Loops": 2,
                            "Recheck Cond": "(company_id = 27)",
                            "Rows Removed by Index Recheck": 0,
                            "Filter": "(company_type_id > 1)",
                            "Rows Removed by Filter": 6416,
                            "Exact Heap Blocks": 6244,
                            "Lossy Heap Blocks": 0,
                            "Plans": [
                              {
                                "Node Type": "Bitmap Index Scan",
                                "Parent Relationship": "Outer",
                                "Parallel Aware": false,
                                "Index Name": "company_id_movie_companies",
                                "Startup Cost": 0.0,
                                "Total Cost": 596.51,
                                "Plan Rows": 27744,
                                "Plan Width": 0,
                                "Actual Startup Time": 7.667,
                                "Actual Total Time": 7.668,
                                "Actual Rows": 27303,
                                "Actual Loops": 1,
                                "Index Cond": "(company_id = 27)"
                              }
                            ]
                          },
                          {
                            "Node Type": "Index Only Scan",
                            "Parent Relationship": "Inner",
                            "Parallel Aware": false,
                            "Scan Direction": "Forward",
                            "Index Name": "title_pkey",
                            "Relation Name": "title",
                            "Alias": "t",
                            "Startup Cost": 0.43,
                            "Total Cost": 6.04,
                            "Plan Rows": 1,
                            "Plan Width": 4,
                            "Actual Startup Time": 0.005,
                            "Actual Total Time": 0.005,
                            "Actual Rows": 1,
                            "Actual Loops": 14470,
                            "Index Cond": "(id = mc.movie_id)",
                            "Rows Removed by Index Recheck": 0,
                            "Heap Fetches": 14470
                          }
                        ]
                      }
                    ]
                  }
                ]
              }
            ]
          }
        ]
      }
    ]
  },
  "Planning Time": 0.98,
  "Triggers": [],
  "Execution Time": 3012.277
}