{
  "Plan": {
    "Node Type": "Aggregate",
    "Strategy": "Plain",
    "Partial Mode": "Finalize",
    "Parallel Aware": false,
    "Startup Cost": 394617.2,
    "Total Cost": 394617.21,
    "Plan Rows": 1,
    "Plan Width": 8,
    "Actual Startup Time": 1952.25,
    "Actual Total Time": 2005.317,
    "Actual Rows": 1,
    "Actual Loops": 1,
    "Plans": [
      {
        "Node Type": "Gather",
        "Parent Relationship": "Outer",
        "Parallel Aware": false,
        "Startup Cost": 394617.09,
        "Total Cost": 394617.2,
        "Plan Rows": 1,
        "Plan Width": 8,
        "Actual Startup Time": 1950.855,
        "Actual Total Time": 2005.307,
        "Actual Rows": 2,
        "Actual Loops": 1,
        "Workers Planned": 1,
        "Workers Launched": 1,
        "Single Copy": false,
        "Plans": [
          {
            "Node Type": "Aggregate",
            "Strategy": "Plain",
            "Partial Mode": "Partial",
            "Parent Relationship": "Outer",
            "Parallel Aware": false,
            "Startup Cost": 393617.09,
            "Total Cost": 393617.1,
            "Plan Rows": 1,
            "Plan Width": 8,
            "Actual Startup Time": 1944.581,
            "Actual Total Time": 1944.586,
            "Actual Rows": 1,
            "Actual Loops": 2,
            "Plans": [
              {
                "Node Type": "Hash Join",
                "Parent Relationship": "Outer",
                "Parallel Aware": true,
                "Join Type": "Inner",
                "Startup Cost": 103116.43,
                "Total Cost": 390952.59,
                "Plan Rows": 1065799,
                "Plan Width": 0,
                "Actual Startup Time": 440.918,
                "Actual Total Time": 1905.151,
                "Actual Rows": 959410,
                "Actual Loops": 2,
                "Inner Unique": false,
                "Hash Cond": "(mi.movie_id = t.id)",
                "Plans": [
                  {
                    "Node Type": "Seq Scan",
                    "Parent Relationship": "Outer",
                    "Parallel Aware": true,
                    "Relation Name": "movie_info",
                    "Alias": "mi",
                    "Startup Cost": 0.0,
                    "Total Cost": 248955.74,
                    "Plan Rows": 8696274,
                    "Plan Width": 4,
                    "Actual Startup Time": 0.01,
                    "Actual Total Time": 636.853,
                    "Actual Rows": 7417860,
                    "Actual Loops": 2
                  },
                  {
                    "Node Type": "Hash",
                    "Parent Relationship": "Inner",
                    "Parallel Aware": true,
                    "Startup Cost": 100838.03,
                    "Total Cost": 100838.03,
                    "Plan Rows": 182272,
                    "Plan Width": 8,
                    "Actual Startup Time": 434.146,
                    "Actual Total Time": 434.15,
                    "Actual Rows": 84795,
                    "Actual Loops": 2,
                    "Hash Buckets": 524288,
                    "Original Hash Buckets": 524288,
                    "Hash Batches": 1,
                    "Original Hash Batches": 1,
                    "Peak Memory Usage": 10784,
                    "Plans": [
                      {
                        "Node Type": "Hash Join",
                        "Parent Relationship": "Outer",
                        "Parallel Aware": true,
                        "Join Type": "Inner",
                        "Startup Cost": 39600.33,
                        "Total Cost": 100838.03,
                        "Plan Rows": 182272,
                        "Plan Width": 8,
                        "Actual Startup Time": 130.184,
                        "Actual Total Time": 409.414,
                        "Actual Rows": 84795,
                        "Actual Loops": 2,
                        "Inner Unique": false,
                        "Hash Cond": "(t.id = mc.movie_id)",
                        "Plans": [
                          {
                            "Node Type": "Seq Scan",
                            "Parent Relationship": "Outer",
                            "Parallel Aware": true,
                            "Relation Name": "title",
                            "Alias": "t",
                            "Startup Cost": 0.0,
                            "Total Cost": 50870.31,
                            "Plan Rows": 1487231,
                            "Plan Width": 4,
                            "Actual Startup Time": 0.01,
                            "Actual Total Time": 114.557,
                            "Actual Rows": 1264156,
                            "Actual Loops": 2
                          },
                          {
                            "Node Type": "Hash",
                            "Parent Relationship": "Inner",
                            "Parallel Aware": true,
                            "Startup Cost": 37321.93,
                            "Total Cost": 37321.93,
                            "Plan Rows": 182272,
                            "Plan Width": 4,
                            "Actual Startup Time": 126.795,
                            "Actual Total Time": 126.796,
                            "Actual Rows": 84795,
                            "Actual Loops": 2,
                            "Hash Buckets": 524288,
                            "Original Hash Buckets": 524288,
                            "Hash Batches": 1,
                            "Original Hash Batches": 1,
                            "Peak Memory Usage": 10784,
                            "Plans": [
                              {
                                "Node Type": "Bitmap Heap Scan",
                                "Parent Relationship": "Outer",
                                "Parallel Aware": true,
                                "Relation Name": "movie_companies",
                                "Alias": "mc",
                                "Startup Cost": 13147.05,
                                "Total Cost": 37321.93,
                                "Plan Rows": 182272,
                                "Plan Width": 4,
                                "Actual Startup Time": 83.42,
                                "Actual Total Time": 106.548,
                                "Actual Rows": 84795,
                                "Actual Loops": 2,
                                "Recheck Cond": "(company_id < 708)",
                                "Rows Removed by Index Recheck": 0,
                                "Filter": "(company_type_id = 2)",
                                "Rows Removed by Filter": 218909,
                                "Exact Heap Blocks": 12973,
                                "Lossy Heap Blocks": 0,
                                "Plans": [
                                  {
                                    "Node Type": "Bitmap Index Scan",
                                    "Parent Relationship": "Outer",
                                    "Parallel Aware": false,
                                    "Index Name": "company_id_movie_companies",
                                    "Startup Cost": 0.0,
                                    "Total Cost": 13069.58,
                                    "Plan Rows": 610287,
                                    "Plan Width": 0,
                                    "Actual Startup Time": 33.823,
                                    "Actual Total Time": 33.823,
                                    "Actual Rows": 607408,
                                    "Actual Loops": 1,
                                    "Index Cond": "(company_id < 708)"
                                  }
                                ]
                              }
                            ]
                          }
                        ]
                      }
                    ]
                  }
                ]
              }
            ]
          }
        ]
      }
    ]
  },
  "Planning Time": 0.922,
  "Triggers": [],
  "Execution Time": 2005.434
}