[
  {
    "Plan": {
      "Node Type": "Aggregate",
      "Strategy": "Plain",
      "Partial Mode": "Finalize",
      "Parallel Aware": false,
      "Startup Cost": 15796.94,
      "Total Cost": 15796.95,
      "Plan Rows": 1,
      "Plan Width": 8,
      "Actual Startup Time": 15.463,
      "Actual Total Time": 18.196,
      "Actual Rows": 1,
      "Actual Loops": 1,
      "Plans": [
        {
          "Node Type": "Gather",
          "Parent Relationship": "Outer",
          "Parallel Aware": false,
          "Startup Cost": 15796.72,
          "Total Cost": 15796.93,
          "Plan Rows": 2,
          "Plan Width": 8,
          "Actual Startup Time": 15.241,
          "Actual Total Time": 18.185,
          "Actual Rows": 3,
          "Actual Loops": 1,
          "Workers Planned": 2,
          "Workers Launched": 2,
          "Single Copy": false,
          "Plans": [
            {
              "Node Type": "Aggregate",
              "Strategy": "Plain",
              "Partial Mode": "Partial",
              "Parent Relationship": "Outer",
              "Parallel Aware": false,
              "Startup Cost": 14796.72,
              "Total Cost": 14796.73,
              "Plan Rows": 1,
              "Plan Width": 8,
              "Actual Startup Time": 7.481,
              "Actual Total Time": 7.484,
              "Actual Rows": 1,
              "Actual Loops": 3,
              "Plans": [
                {
                  "Node Type": "Nested Loop",
                  "Parent Relationship": "Outer",
                  "Parallel Aware": false,
                  "Join Type": "Inner",
                  "Startup Cost": 79.39,
                  "Total Cost": 14796.12,
                  "Plan Rows": 242,
                  "Plan Width": 0,
                  "Actual Startup Time": 2.353,
                  "Actual Total Time": 7.444,
                  "Actual Rows": 104,
                  "Actual Loops": 3,
                  "Inner Unique": true,
                  "Plans": [
                    {
                      "Node Type": "Bitmap Heap Scan",
                      "Parent Relationship": "Outer",
                      "Parallel Aware": true,
                      "Relation Name": "movie_companies",
                      "Alias": "mc",
                      "Startup Cost": 78.96,
                      "Total Cost": 8906.82,
                      "Plan Rows": 736,
                      "Plan Width": 4,
                      "Actual Startup Time": 1.773,
                      "Actual Total Time": 2.743,
                      "Actual Rows": 388,
                      "Actual Loops": 3,
                      "Recheck Cond": "(company_id = 67)",
                      "Rows Removed by Index Recheck": 0,
                      "Filter": "(company_type_id = 2)",
                      "Rows Removed by Filter": 839,
                      "Exact Heap Blocks": 728,
                      "Lossy Heap Blocks": 0,
                      "Plans": [
                        {
                          "Node Type": "Bitmap Index Scan",
                          "Parent Relationship": "Outer",
                          "Parallel Aware": false,
                          "Index Name": "company_id_movie_companies",
                          "Startup Cost": 0.0,
                          "Total Cost": 78.52,
                          "Plan Rows": 3479,
                          "Plan Width": 0,
                          "Actual Startup Time": 2.352,
                          "Actual Total Time": 2.353,
                          "Actual Rows": 3681,
                          "Actual Loops": 1,
                          "Index Cond": "(company_id = 67)"
                        }
                      ]
                    },
                    {
                      "Node Type": "Index Scan",
                      "Parent Relationship": "Inner",
                      "Parallel Aware": false,
                      "Scan Direction": "Forward",
                      "Index Name": "title_pkey",
                      "Relation Name": "title",
                      "Alias": "t",
                      "Startup Cost": 0.43,
                      "Total Cost": 8.0,
                      "Plan Rows": 1,
                      "Plan Width": 4,
                      "Actual Startup Time": 0.011,
                      "Actual Total Time": 0.011,
                      "Actual Rows": 0,
                      "Actual Loops": 1164,
                      "Index Cond": "(id = mc.movie_id)",
                      "Rows Removed by Index Recheck": 0,
                      "Filter": "((kind_id < 4) AND (production_year > 0))",
                      "Rows Removed by Filter": 1
                    }
                  ]
                }
              ]
            }
          ]
        }
      ]
    },
    "Planning Time": 0.74,
    "Triggers": [],
    "Execution Time": 18.3
  }
]