[
  {
    "Plan": {
      "Node Type": "Aggregate",
      "Strategy": "Plain",
      "Partial Mode": "Finalize",
      "Parallel Aware": false,
      "Startup Cost": 90171.25,
      "Total Cost": 90171.26,
      "Plan Rows": 1,
      "Plan Width": 8,
      "Actual Startup Time": 332.718,
      "Actual Total Time": 355.353,
      "Actual Rows": 1,
      "Actual Loops": 1,
      "Plans": [
        {
          "Node Type": "Gather",
          "Parent Relationship": "Outer",
          "Parallel Aware": false,
          "Startup Cost": 90170.93,
          "Total Cost": 90171.24,
          "Plan Rows": 3,
          "Plan Width": 8,
          "Actual Startup Time": 331.415,
          "Actual Total Time": 355.345,
          "Actual Rows": 4,
          "Actual Loops": 1,
          "Workers Planned": 3,
          "Workers Launched": 3,
          "Single Copy": false,
          "Plans": [
            {
              "Node Type": "Aggregate",
              "Strategy": "Plain",
              "Partial Mode": "Partial",
              "Parent Relationship": "Outer",
              "Parallel Aware": false,
              "Startup Cost": 89170.93,
              "Total Cost": 89170.94,
              "Plan Rows": 1,
              "Plan Width": 8,
              "Actual Startup Time": 324.524,
              "Actual Total Time": 324.528,
              "Actual Rows": 1,
              "Actual Loops": 4,
              "Plans": [
                {
                  "Node Type": "Hash Join",
                  "Parent Relationship": "Outer",
                  "Parallel Aware": true,
                  "Join Type": "Inner",
                  "Startup Cost": 44678.27,
                  "Total Cost": 89016.69,
                  "Plan Rows": 61696,
                  "Plan Width": 0,
                  "Actual Startup Time": 136.815,
                  "Actual Total Time": 320.254,
                  "Actual Rows": 82954,
                  "Actual Loops": 4,
                  "Inner Unique": true,
                  "Hash Cond": "(mk.movie_id = t.id)",
                  "Plans": [
                    {
                      "Node Type": "Seq Scan",
                      "Parent Relationship": "Outer",
                      "Parallel Aware": true,
                      "Relation Name": "movie_keyword",
                      "Alias": "mk",
                      "Startup Cost": 0.0,
                      "Total Cost": 42695.65,
                      "Plan Rows": 625817,
                      "Plan Width": 4,
                      "Actual Startup Time": 0.404,
                      "Actual Total Time": 121.176,
                      "Actual Rows": 482006,
                      "Actual Loops": 4,
                      "Filter": "(keyword_id > 6933)",
                      "Rows Removed by Filter": 648976
                    },
                    {
                      "Node Type": "Hash",
                      "Parent Relationship": "Inner",
                      "Parallel Aware": true,
                      "Startup Cost": 43899.32,
                      "Total Cost": 43899.32,
                      "Plan Rows": 62316,
                      "Plan Width": 4,
                      "Actual Startup Time": 133.866,
                      "Actual Total Time": 133.867,
                      "Actual Rows": 65898,
                      "Actual Loops": 4,
                      "Hash Buckets": 262144,
                      "Original Hash Buckets": 262144,
                      "Hash Batches": 1,
                      "Original Hash Batches": 1,
                      "Peak Memory Usage": 12416,
                      "Plans": [
                        {
                          "Node Type": "Seq Scan",
                          "Parent Relationship": "Outer",
                          "Parallel Aware": true,
                          "Relation Name": "title",
                          "Alias": "t",
                          "Startup Cost": 0.0,
                          "Total Cost": 43899.32,
                          "Plan Rows": 62316,
                          "Plan Width": 4,
                          "Actual Startup Time": 0.048,
                          "Actual Total Time": 106.651,
                          "Actual Rows": 65898,
                          "Actual Loops": 4,
                          "Filter": "(production_year < 1962)",
                          "Rows Removed by Filter": 566180
                        }
                      ]
                    }
                  ]
                }
              ]
            }
          ]
        }
      ]
    },
    "Planning Time": 0.683,
    "Triggers": [],
    "Execution Time": 355.423
  }
]