{
  "Plan": {
    "Node Type": "Aggregate",
    "Strategy": "Plain",
    "Partial Mode": "Finalize",
    "Parallel Aware": false,
    "Startup Cost": 96266.35,
    "Total Cost": 96266.36,
    "Plan Rows": 1,
    "Plan Width": 8,
    "Actual Startup Time": 284.116,
    "Actual Total Time": 294.039,
    "Actual Rows": 1,
    "Actual Loops": 1,
    "Plans": [
      {
        "Node Type": "Gather",
        "Parent Relationship": "Outer",
        "Parallel Aware": false,
        "Startup Cost": 96266.24,
        "Total Cost": 96266.35,
        "Plan Rows": 1,
        "Plan Width": 8,
        "Actual Startup Time": 283.632,
        "Actual Total Time": 294.031,
        "Actual Rows": 2,
        "Actual Loops": 1,
        "Workers Planned": 1,
        "Workers Launched": 1,
        "Single Copy": false,
        "Plans": [
          {
            "Node Type": "Aggregate",
            "Strategy": "Plain",
            "Partial Mode": "Partial",
            "Parent Relationship": "Outer",
            "Parallel Aware": false,
            "Startup Cost": 95266.24,
            "Total Cost": 95266.25,
            "Plan Rows": 1,
            "Plan Width": 8,
            "Actual Startup Time": 277.709,
            "Actual Total Time": 277.713,
            "Actual Rows": 1,
            "Actual Loops": 2,
            "Plans": [
              {
                "Node Type": "Hash Join",
                "Parent Relationship": "Outer",
                "Parallel Aware": true,
                "Join Type": "Inner",
                "Startup Cost": 61472.27,
                "Total Cost": 95204.23,
                "Plan Rows": 24802,
                "Plan Width": 0,
                "Actual Startup Time": 161.391,
                "Actual Total Time": 276.062,
                "Actual Rows": 34690,
                "Actual Loops": 2,
                "Inner Unique": true,
                "Hash Cond": "(mk.movie_id = t.id)",
                "Plans": [
                  {
                    "Node Type": "Bitmap Heap Scan",
                    "Parent Relationship": "Outer",
                    "Parallel Aware": true,
                    "Relation Name": "movie_keyword",
                    "Alias": "mk",
                    "Startup Cost": 22122.23,
                    "Total Cost": 54243.98,
                    "Plan Rows": 613419,
                    "Plan Width": 4,
                    "Actual Startup Time": 60.133,
                    "Actual Total Time": 154.543,
                    "Actual Rows": 524118,
                    "Actual Loops": 2,
                    "Recheck Cond": "(keyword_id < 1045)",
                    "Rows Removed by Index Recheck": 0,
                    "Exact Heap Blocks": 14335,
                    "Lossy Heap Blocks": 0,
                    "Plans": [
                      {
                        "Node Type": "Bitmap Index Scan",
                        "Parent Relationship": "Outer",
                        "Parallel Aware": false,
                        "Index Name": "keyword_id_movie_keyword",
                        "Startup Cost": 0.0,
                        "Total Cost": 21861.53,
                        "Plan Rows": 1042813,
                        "Plan Width": 0,
                        "Actual Startup Time": 56.426,
                        "Actual Total Time": 56.426,
                        "Actual Rows": 1048235,
                        "Actual Loops": 1,
                        "Index Cond": "(keyword_id < 1045)"
                      }
                    ]
                  },
                  {
                    "Node Type": "Hash",
                    "Parent Relationship": "Inner",
                    "Parallel Aware": true,
                    "Startup Cost": 38598.36,
                    "Total Cost": 38598.36,
                    "Plan Rows": 60134,
                    "Plan Width": 4,
                    "Actual Startup Time": 60.222,
                    "Actual Total Time": 60.223,
                    "Actual Rows": 50268,
                    "Actual Loops": 2,
                    "Hash Buckets": 131072,
                    "Original Hash Buckets": 131072,
                    "Hash Batches": 1,
                    "Original Hash Batches": 1,
                    "Peak Memory Usage": 4992,
                    "Plans": [
                      {
                        "Node Type": "Bitmap Heap Scan",
                        "Parent Relationship": "Outer",
                        "Parallel Aware": true,
                        "Relation Name": "title",
                        "Alias": "t",
                        "Startup Cost": 1848.69,
                        "Total Cost": 38598.36,
                        "Plan Rows": 60134,
                        "Plan Width": 4,
                        "Actual Startup Time": 15.395,
                        "Actual Total Time": 48.183,
                        "Actual Rows": 50268,
                        "Actual Loops": 2,
                        "Recheck Cond": "(kind_id = 3)",
                        "Rows Removed by Index Recheck": 0,
                        "Exact Heap Blocks": 9884,
                        "Lossy Heap Blocks": 0,
                        "Plans": [
                          {
                            "Node Type": "Bitmap Index Scan",
                            "Parent Relationship": "Outer",
                            "Parallel Aware": false,
                            "Index Name": "kind_id_title",
                            "Startup Cost": 0.0,
                            "Total Cost": 1823.13,
                            "Plan Rows": 102227,
                            "Plan Width": 0,
                            "Actual Startup Time": 14.092,
                            "Actual Total Time": 14.092,
                            "Actual Rows": 100537,
                            "Actual Loops": 1,
                            "Index Cond": "(kind_id = 3)"
                          }
                        ]
                      }
                    ]
                  }
                ]
              }
            ]
          }
        ]
      }
    ]
  },
  "Planning Time": 0.597,
  "Triggers": [],
  "Execution Time": 294.136
}