[
  {
    "Plan": {
      "Node Type": "Aggregate",
      "Strategy": "Plain",
      "Partial Mode": "Finalize",
      "Parallel Aware": false,
      "Startup Cost": 33385.11,
      "Total Cost": 33385.12,
      "Plan Rows": 1,
      "Plan Width": 8,
      "Actual Startup Time": 111.423,
      "Actual Total Time": 122.864,
      "Actual Rows": 1,
      "Actual Loops": 1,
      "Plans": [
        {
          "Node Type": "Gather",
          "Parent Relationship": "Outer",
          "Parallel Aware": false,
          "Startup Cost": 33384.79,
          "Total Cost": 33385.1,
          "Plan Rows": 3,
          "Plan Width": 8,
          "Actual Startup Time": 111.286,
          "Actual Total Time": 122.856,
          "Actual Rows": 4,
          "Actual Loops": 1,
          "Workers Planned": 3,
          "Workers Launched": 3,
          "Single Copy": false,
          "Plans": [
            {
              "Node Type": "Aggregate",
              "Strategy": "Plain",
              "Partial Mode": "Partial",
              "Parent Relationship": "Outer",
              "Parallel Aware": false,
              "Startup Cost": 32384.79,
              "Total Cost": 32384.8,
              "Plan Rows": 1,
              "Plan Width": 8,
              "Actual Startup Time": 102.597,
              "Actual Total Time": 102.598,
              "Actual Rows": 1,
              "Actual Loops": 4,
              "Plans": [
                {
                  "Node Type": "Seq Scan",
                  "Parent Relationship": "Outer",
                  "Parallel Aware": true,
                  "Relation Name": "movie_companies",
                  "Alias": "mc",
                  "Startup Cost": 0.0,
                  "Total Cost": 31414.82,
                  "Plan Rows": 387990,
                  "Plan Width": 0,
                  "Actual Startup Time": 49.995,
                  "Actual Total Time": 89.051,
                  "Actual Rows": 320004,
                  "Actual Loops": 4,
                  "Filter": "((company_id > 93) AND (company_type_id = 2))",
                  "Rows Removed by Filter": 332278
                }
              ]
            }
          ]
        }
      ]
    },
    "Planning Time": 0.195,
    "Triggers": [],
    "Execution Time": 122.917
  }
]