{
  "Plan": {
    "Node Type": "Aggregate",
    "Strategy": "Plain",
    "Partial Mode": "Finalize",
    "Parallel Aware": false,
    "Startup Cost": 172710.48,
    "Total Cost": 172710.49,
    "Plan Rows": 1,
    "Plan Width": 8,
    "Actual Startup Time": 1360.304,
    "Actual Total Time": 1378.031,
    "Actual Rows": 1,
    "Actual Loops": 1,
    "Plans": [
      {
        "Node Type": "Gather",
        "Parent Relationship": "Outer",
        "Parallel Aware": false,
        "Startup Cost": 172710.37,
        "Total Cost": 172710.48,
        "Plan Rows": 1,
        "Plan Width": 8,
        "Actual Startup Time": 1357.882,
        "Actual Total Time": 1378.024,
        "Actual Rows": 2,
        "Actual Loops": 1,
        "Workers Planned": 1,
        "Workers Launched": 1,
        "Single Copy": false,
        "Plans": [
          {
            "Node Type": "Aggregate",
            "Strategy": "Plain",
            "Partial Mode": "Partial",
            "Parent Relationship": "Outer",
            "Parallel Aware": false,
            "Startup Cost": 171710.37,
            "Total Cost": 171710.38,
            "Plan Rows": 1,
            "Plan Width": 8,
            "Actual Startup Time": 1351.564,
            "Actual Total Time": 1351.57,
            "Actual Rows": 1,
            "Actual Loops": 2,
            "Plans": [
              {
                "Node Type": "Hash Join",
                "Parent Relationship": "Outer",
                "Parallel Aware": true,
                "Join Type": "Inner",
                "Startup Cost": 105670.83,
                "Total Cost": 170220.65,
                "Plan Rows": 595885,
                "Plan Width": 0,
                "Actual Startup Time": 711.134,
                "Actual Total Time": 1254.727,
                "Actual Rows": 2536144,
                "Actual Loops": 2,
                "Inner Unique": false,
                "Hash Cond": "(mk.movie_id = t.id)",
                "Plans": [
                  {
                    "Node Type": "Seq Scan",
                    "Parent Relationship": "Outer",
                    "Parallel Aware": true,
                    "Relation Name": "movie_keyword",
                    "Alias": "mk",
                    "Startup Cost": 0.0,
                    "Total Cost": 51065.35,
                    "Plan Rows": 2661135,
                    "Plan Width": 4,
                    "Actual Startup Time": 0.017,
                    "Actual Total Time": 157.604,
                    "Actual Rows": 2261965,
                    "Actual Loops": 2
                  },
                  {
                    "Node Type": "Hash",
                    "Parent Relationship": "Inner",
                    "Parallel Aware": true,
                    "Startup Cost": 101508.05,
                    "Total Cost": 101508.05,
                    "Plan Rows": 333023,
                    "Plan Width": 8,
                    "Actual Startup Time": 701.896,
                    "Actual Total Time": 701.9,
                    "Actual Rows": 278996,
                    "Actual Loops": 2,
                    "Hash Buckets": 1048576,
                    "Original Hash Buckets": 1048576,
                    "Hash Batches": 1,
                    "Original Hash Batches": 1,
                    "Peak Memory Usage": 30048,
                    "Plans": [
                      {
                        "Node Type": "Hash Join",
                        "Parent Relationship": "Outer",
                        "Parallel Aware": true,
                        "Join Type": "Inner",
                        "Startup Cost": 39383.58,
                        "Total Cost": 101508.05,
                        "Plan Rows": 333023,
                        "Plan Width": 8,
                        "Actual Startup Time": 182.517,
                        "Actual Total Time": 621.805,
                        "Actual Rows": 278996,
                        "Actual Loops": 2,
                        "Inner Unique": false,
                        "Hash Cond": "(t.id = mc.movie_id)",
                        "Plans": [
                          {
                            "Node Type": "Seq Scan",
                            "Parent Relationship": "Outer",
                            "Parallel Aware": true,
                            "Relation Name": "title",
                            "Alias": "t",
                            "Startup Cost": 0.0,
                            "Total Cost": 50870.31,
                            "Plan Rows": 1487231,
                            "Plan Width": 4,
                            "Actual Startup Time": 0.01,
                            "Actual Total Time": 125.6,
                            "Actual Rows": 1264156,
                            "Actual Loops": 2
                          },
                          {
                            "Node Type": "Hash",
                            "Parent Relationship": "Inner",
                            "Parallel Aware": true,
                            "Startup Cost": 35220.79,
                            "Total Cost": 35220.79,
                            "Plan Rows": 333023,
                            "Plan Width": 4,
                            "Actual Startup Time": 176.934,
                            "Actual Total Time": 176.936,
                            "Actual Rows": 278996,
                            "Actual Loops": 2,
                            "Hash Buckets": 1048576,
                            "Original Hash Buckets": 1048576,
                            "Hash Batches": 1,
                            "Original Hash Batches": 1,
                            "Peak Memory Usage": 30048,
                            "Plans": [
                              {
                                "Node Type": "Bitmap Heap Scan",
                                "Parent Relationship": "Outer",
                                "Parallel Aware": true,
                                "Relation Name": "movie_companies",
                                "Alias": "mc",
                                "Startup Cost": 12268.01,
                                "Total Cost": 35220.79,
                                "Plan Rows": 333023,
                                "Plan Width": 4,
                                "Actual Startup Time": 27.839,
                                "Actual Total Time": 98.033,
                                "Actual Rows": 278996,
                                "Actual Loops": 2,
                                "Recheck Cond": "(company_id < 594)",
                                "Rows Removed by Index Recheck": 0,
                                "Exact Heap Blocks": 10993,
                                "Lossy Heap Blocks": 0,
                                "Plans": [
                                  {
                                    "Node Type": "Bitmap Index Scan",
                                    "Parent Relationship": "Outer",
                                    "Parallel Aware": false,
                                    "Index Name": "company_id_movie_companies",
                                    "Startup Cost": 0.0,
                                    "Total Cost": 12126.47,
                                    "Plan Rows": 566139,
                                    "Plan Width": 0,
                                    "Actual Startup Time": 24.979,
                                    "Actual Total Time": 24.98,
                                    "Actual Rows": 557993,
                                    "Actual Loops": 1,
                                    "Index Cond": "(company_id < 594)"
                                  }
                                ]
                              }
                            ]
                          }
                        ]
                      }
                    ]
                  }
                ]
              }
            ]
          }
        ]
      }
    ]
  },
  "Planning Time": 1.044,
  "Triggers": [],
  "Execution Time": 1378.13
}