[
  {
    "Plan": {
      "Node Type": "Aggregate",
      "Strategy": "Plain",
      "Partial Mode": "Finalize",
      "Parallel Aware": false,
      "Startup Cost": 333718.35,
      "Total Cost": 333718.36,
      "Plan Rows": 1,
      "Plan Width": 8,
      "Actual Startup Time": 212.224,
      "Actual Total Time": 237.64,
      "Actual Rows": 1,
      "Actual Loops": 1,
      "Plans": [
        {
          "Node Type": "Gather",
          "Parent Relationship": "Outer",
          "Parallel Aware": false,
          "Startup Cost": 333717.93,
          "Total Cost": 333718.34,
          "Plan Rows": 4,
          "Plan Width": 8,
          "Actual Startup Time": 212.142,
          "Actual Total Time": 237.633,
          "Actual Rows": 5,
          "Actual Loops": 1,
          "Workers Planned": 4,
          "Workers Launched": 4,
          "Single Copy": false,
          "Plans": [
            {
              "Node Type": "Aggregate",
              "Strategy": "Plain",
              "Partial Mode": "Partial",
              "Parent Relationship": "Outer",
              "Parallel Aware": false,
              "Startup Cost": 332717.93,
              "Total Cost": 332717.94,
              "Plan Rows": 1,
              "Plan Width": 8,
              "Actual Startup Time": 206.077,
              "Actual Total Time": 206.078,
              "Actual Rows": 1,
              "Actual Loops": 5,
              "Plans": [
                {
                  "Node Type": "Nested Loop",
                  "Parent Relationship": "Outer",
                  "Parallel Aware": false,
                  "Join Type": "Inner",
                  "Startup Cost": 0.56,
                  "Total Cost": 332483.43,
                  "Plan Rows": 93800,
                  "Plan Width": 0,
                  "Actual Startup Time": 45.809,
                  "Actual Total Time": 203.122,
                  "Actual Rows": 40673,
                  "Actual Loops": 5,
                  "Inner Unique": false,
                  "Plans": [
                    {
                      "Node Type": "Seq Scan",
                      "Parent Relationship": "Outer",
                      "Parallel Aware": true,
                      "Relation Name": "title",
                      "Alias": "t",
                      "Startup Cost": 0.0,
                      "Total Cost": 45479.21,
                      "Plan Rows": 6542,
                      "Plan Width": 4,
                      "Actual Startup Time": 45.709,
                      "Actual Total Time": 71.068,
                      "Actual Rows": 13503,
                      "Actual Loops": 5,
                      "Filter": "((kind_id < 7) AND (production_year < 1916))",
                      "Rows Removed by Filter": 492159
                    },
                    {
                      "Node Type": "Index Only Scan",
                      "Parent Relationship": "Inner",
                      "Parallel Aware": false,
                      "Scan Direction": "Forward",
                      "Index Name": "movie_id_cast_info",
                      "Relation Name": "cast_info",
                      "Alias": "ci",
                      "Startup Cost": 0.56,
                      "Total Cost": 43.49,
                      "Plan Rows": 38,
                      "Plan Width": 4,
                      "Actual Startup Time": 0.006,
                      "Actual Total Time": 0.009,
                      "Actual Rows": 3,
                      "Actual Loops": 67516,
                      "Index Cond": "(movie_id = t.id)",
                      "Rows Removed by Index Recheck": 0,
                      "Heap Fetches": 203363
                    }
                  ]
                }
              ]
            }
          ]
        }
      ]
    },
    "Planning Time": 0.23,
    "Triggers": [],
    "Execution Time": 237.68
  }
]