[
    {
        "Bao": {
            "Bao prediction": "NaN",
            "Bao recommended hint": "(no hint)"
        }
    },
    {
        "Plan": {
            "Node Type": "Aggregate",
            "Strategy": "Plain",
            "Partial Mode": "Finalize",
            "Parallel Aware": false,
            "Startup Cost": 450447.21,
            "Total Cost": 450447.22,
            "Plan Rows": 1,
            "Plan Width": 8,
            "Actual Startup Time": 2224.181,
            "Actual Total Time": 2256.459,
            "Actual Rows": 1,
            "Actual Loops": 1,
            "Output": [
                "count(*)"
            ],
            "Plans": [
                {
                    "Node Type": "Gather",
                    "Parent Relationship": "Outer",
                    "Parallel Aware": false,
                    "Startup Cost": 450446.58,
                    "Total Cost": 450447.19,
                    "Plan Rows": 6,
                    "Plan Width": 8,
                    "Actual Startup Time": 2213.923,
                    "Actual Total Time": 2256.449,
                    "Actual Rows": 7,
                    "Actual Loops": 1,
                    "Output": [
                        "(PARTIAL count(*))"
                    ],
                    "Workers Planned": 6,
                    "Workers Launched": 6,
                    "Single Copy": false,
                    "Plans": [
                        {
                            "Node Type": "Aggregate",
                            "Strategy": "Plain",
                            "Partial Mode": "Partial",
                            "Parent Relationship": "Outer",
                            "Parallel Aware": false,
                            "Startup Cost": 449446.58,
                            "Total Cost": 449446.59,
                            "Plan Rows": 1,
                            "Plan Width": 8,
                            "Actual Startup Time": 2200.0,
                            "Actual Total Time": 2200.311,
                            "Actual Rows": 1,
                            "Actual Loops": 7,
                            "Output": [
                                "PARTIAL count(*)"
                            ],
                            "Workers": [
                                {
                                    "Worker Number": 0,
                                    "Actual Startup Time": 2197.261,
                                    "Actual Total Time": 2197.265,
                                    "Actual Rows": 1,
                                    "Actual Loops": 1
                                },
                                {
                                    "Worker Number": 1,
                                    "Actual Startup Time": 2197.37,
                                    "Actual Total Time": 2197.376,
                                    "Actual Rows": 1,
                                    "Actual Loops": 1
                                },
                                {
                                    "Worker Number": 2,
                                    "Actual Startup Time": 2197.513,
                                    "Actual Total Time": 2197.518,
                                    "Actual Rows": 1,
                                    "Actual Loops": 1
                                },
                                {
                                    "Worker Number": 3,
                                    "Actual Startup Time": 2197.606,
                                    "Actual Total Time": 2197.611,
                                    "Actual Rows": 1,
                                    "Actual Loops": 1
                                },
                                {
                                    "Worker Number": 4,
                                    "Actual Startup Time": 2199.278,
                                    "Actual Total Time": 2199.283,
                                    "Actual Rows": 1,
                                    "Actual Loops": 1
                                },
                                {
                                    "Worker Number": 5,
                                    "Actual Startup Time": 2197.754,
                                    "Actual Total Time": 2197.759,
                                    "Actual Rows": 1,
                                    "Actual Loops": 1
                                }
                            ],
                            "Plans": [
                                {
                                    "Node Type": "Hash Join",
                                    "Parent Relationship": "Outer",
                                    "Parallel Aware": true,
                                    "Join Type": "Inner",
                                    "Startup Cost": 100663.63,
                                    "Total Cost": 444835.31,
                                    "Plan Rows": 1844509,
                                    "Plan Width": 0,
                                    "Actual Startup Time": 683.924,
                                    "Actual Total Time": 1917.355,
                                    "Actual Rows": 6527912,
                                    "Actual Loops": 7,
                                    "Inner Unique": false,
                                    "Hash Cond": "(ci.movie_id = t.id)",
                                    "Workers": [
                                        {
                                            "Worker Number": 0,
                                            "Actual Startup Time": 681.415,
                                            "Actual Total Time": 1907.594,
                                            "Actual Rows": 5490303,
                                            "Actual Loops": 1
                                        },
                                        {
                                            "Worker Number": 1,
                                            "Actual Startup Time": 681.524,
                                            "Actual Total Time": 1905.806,
                                            "Actual Rows": 5125338,
                                            "Actual Loops": 1
                                        },
                                        {
                                            "Worker Number": 2,
                                            "Actual Startup Time": 681.718,
                                            "Actual Total Time": 1923.098,
                                            "Actual Rows": 6852589,
                                            "Actual Loops": 1
                                        },
                                        {
                                            "Worker Number": 3,
                                            "Actual Startup Time": 681.807,
                                            "Actual Total Time": 1922.834,
                                            "Actual Rows": 7035275,
                                            "Actual Loops": 1
                                        },
                                        {
                                            "Worker Number": 4,
                                            "Actual Startup Time": 681.81,
                                            "Actual Total Time": 1925.084,
                                            "Actual Rows": 7007763,
                                            "Actual Loops": 1
                                        },
                                        {
                                            "Worker Number": 5,
                                            "Actual Startup Time": 681.873,
                                            "Actual Total Time": 1921.209,
                                            "Actual Rows": 7060670,
                                            "Actual Loops": 1
                                        }
                                    ],
                                    "Plans": [
                                        {
                                            "Node Type": "Seq Scan",
                                            "Parent Relationship": "Outer",
                                            "Parallel Aware": true,
                                            "Relation Name": "cast_info",
                                            "Schema": "public",
                                            "Alias": "ci",
                                            "Startup Cost": 0.0,
                                            "Total Cost": 328213.62,
                                            "Plan Rows": 2668808,
                                            "Plan Width": 4,
                                            "Actual Startup Time": 301.821,
                                            "Actual Total Time": 605.304,
                                            "Actual Rows": 2303098,
                                            "Actual Loops": 7,
                                            "Output": [
                                                "ci.id",
                                                "ci.person_id",
                                                "ci.movie_id",
                                                "ci.person_role_id",
                                                "ci.note",
                                                "ci.nr_order",
                                                "ci.role_id"
                                            ],
                                            "Filter": "(ci.role_id > 2)",
                                            "Rows Removed by Filter": 2874666,
                                            "Workers": [
                                                {
                                                    "Worker Number": 0,
                                                    "Actual Startup Time": 301.827,
                                                    "Actual Total Time": 617.378,
                                                    "Actual Rows": 1806451,
                                                    "Actual Loops": 1
                                                },
                                                {
                                                    "Worker Number": 1,
                                                    "Actual Startup Time": 301.801,
                                                    "Actual Total Time": 615.859,
                                                    "Actual Rows": 1750923,
                                                    "Actual Loops": 1
                                                },
                                                {
                                                    "Worker Number": 2,
                                                    "Actual Startup Time": 301.822,
                                                    "Actual Total Time": 599.518,
                                                    "Actual Rows": 2442456,
                                                    "Actual Loops": 1
                                                },
                                                {
                                                    "Worker Number": 3,
                                                    "Actual Startup Time": 301.811,
                                                    "Actual Total Time": 610.722,
                                                    "Actual Rows": 2506585,
                                                    "Actual Loops": 1
                                                },
                                                {
                                                    "Worker Number": 4,
                                                    "Actual Startup Time": 301.821,
                                                    "Actual Total Time": 611.188,
                                                    "Actual Rows": 2524910,
                                                    "Actual Loops": 1
                                                },
                                                {
                                                    "Worker Number": 5,
                                                    "Actual Startup Time": 301.841,
                                                    "Actual Total Time": 609.571,
                                                    "Actual Rows": 2502552,
                                                    "Actual Loops": 1
                                                }
                                            ]
                                        },
                                        {
                                            "Node Type": "Hash",
                                            "Parent Relationship": "Inner",
                                            "Parallel Aware": true,
                                            "Startup Cost": 93617.61,
                                            "Total Cost": 93617.61,
                                            "Plan Rows": 563682,
                                            "Plan Width": 8,
                                            "Actual Startup Time": 377.497,
                                            "Actual Total Time": 377.807,
                                            "Actual Rows": 200181,
                                            "Actual Loops": 7,
                                            "Output": [
                                                "t.id",
                                                "mk.movie_id"
                                            ],
                                            "Hash Buckets": 2097152,
                                            "Original Hash Buckets": 2097152,
                                            "Hash Batches": 1,
                                            "Original Hash Batches": 1,
                                            "Peak Memory Usage": 71296,
                                            "Workers": [
                                                {
                                                    "Worker Number": 0,
                                                    "Actual Startup Time": 378.826,
                                                    "Actual Total Time": 378.829,
                                                    "Actual Rows": 145706,
                                                    "Actual Loops": 1
                                                },
                                                {
                                                    "Worker Number": 1,
                                                    "Actual Startup Time": 378.959,
                                                    "Actual Total Time": 378.964,
                                                    "Actual Rows": 142902,
                                                    "Actual Loops": 1
                                                },
                                                {
                                                    "Worker Number": 2,
                                                    "Actual Startup Time": 379.018,
                                                    "Actual Total Time": 379.022,
                                                    "Actual Rows": 197033,
                                                    "Actual Loops": 1
                                                },
                                                {
                                                    "Worker Number": 3,
                                                    "Actual Startup Time": 379.107,
                                                    "Actual Total Time": 379.11,
                                                    "Actual Rows": 224950,
                                                    "Actual Loops": 1
                                                },
                                                {
                                                    "Worker Number": 4,
                                                    "Actual Startup Time": 379.09,
                                                    "Actual Total Time": 379.093,
                                                    "Actual Rows": 223330,
                                                    "Actual Loops": 1
                                                },
                                                {
                                                    "Worker Number": 5,
                                                    "Actual Startup Time": 379.233,
                                                    "Actual Total Time": 379.236,
                                                    "Actual Rows": 225371,
                                                    "Actual Loops": 1
                                                }
                                            ],
                                            "Plans": [
                                                {
                                                    "Node Type": "Hash Join",
                                                    "Parent Relationship": "Outer",
                                                    "Parallel Aware": true,
                                                    "Join Type": "Inner",
                                                    "Startup Cost": 48210.23,
                                                    "Total Cost": 93617.61,
                                                    "Plan Rows": 563682,
                                                    "Plan Width": 8,
                                                    "Actual Startup Time": 173.289,
                                                    "Actual Total Time": 313.511,
                                                    "Actual Rows": 200181,
                                                    "Actual Loops": 7,
                                                    "Output": [
                                                        "t.id",
                                                        "mk.movie_id"
                                                    ],
                                                    "Inner Unique": true,
                                                    "Hash Cond": "(mk.movie_id = t.id)",
                                                    "Workers": [
                                                        {
                                                            "Worker Number": 0,
                                                            "Actual Startup Time": 173.282,
                                                            "Actual Total Time": 313.848,
                                                            "Actual Rows": 145706,
                                                            "Actual Loops": 1
                                                        },
                                                        {
                                                            "Worker Number": 1,
                                                            "Actual Startup Time": 173.266,
                                                            "Actual Total Time": 313.648,
                                                            "Actual Rows": 142902,
                                                            "Actual Loops": 1
                                                        },
                                                        {
                                                            "Worker Number": 2,
                                                            "Actual Startup Time": 173.232,
                                                            "Actual Total Time": 313.097,
                                                            "Actual Rows": 197033,
                                                            "Actual Loops": 1
                                                        },
                                                        {
                                                            "Worker Number": 3,
                                                            "Actual Startup Time": 173.298,
                                                            "Actual Total Time": 313.205,
                                                            "Actual Rows": 224950,
                                                            "Actual Loops": 1
                                                        },
                                                        {
                                                            "Worker Number": 4,
                                                            "Actual Startup Time": 173.288,
                                                            "Actual Total Time": 313.056,
                                                            "Actual Rows": 223330,
                                                            "Actual Loops": 1
                                                        },
                                                        {
                                                            "Worker Number": 5,
                                                            "Actual Startup Time": 173.268,
                                                            "Actual Total Time": 312.485,
                                                            "Actual Rows": 225371,
                                                            "Actual Loops": 1
                                                        }
                                                    ],
                                                    "Plans": [
                                                        {
                                                            "Node Type": "Seq Scan",
                                                            "Parent Relationship": "Outer",
                                                            "Parallel Aware": true,
                                                            "Relation Name": "movie_keyword",
                                                            "Schema": "public",
                                                            "Alias": "mk",
                                                            "Startup Cost": 0.0,
                                                            "Total Cost": 42695.65,
                                                            "Plan Rows": 1033037,
                                                            "Plan Width": 4,
                                                            "Actual Startup Time": 0.079,
                                                            "Actual Total Time": 73.297,
                                                            "Actual Rows": 458149,
                                                            "Actual Loops": 7,
                                                            "Output": [
                                                                "mk.id",
                                                                "mk.movie_id",
                                                                "mk.keyword_id"
                                                            ],
                                                            "Filter": "(mk.keyword_id > 1725)",
                                                            "Rows Removed by Filter": 188127,
                                                            "Workers": [
                                                                {
                                                                    "Worker Number": 0,
                                                                    "Actual Startup Time": 0.059,
                                                                    "Actual Total Time": 75.22,
                                                                    "Actual Rows": 326804,
                                                                    "Actual Loops": 1
                                                                },
                                                                {
                                                                    "Worker Number": 1,
                                                                    "Actual Startup Time": 0.199,
                                                                    "Actual Total Time": 75.864,
                                                                    "Actual Rows": 329949,
                                                                    "Actual Loops": 1
                                                                },
                                                                {
                                                                    "Worker Number": 2,
                                                                    "Actual Startup Time": 0.101,
                                                                    "Actual Total Time": 74.188,
                                                                    "Actual Rows": 460108,
                                                                    "Actual Loops": 1
                                                                },
                                                                {
                                                                    "Worker Number": 3,
                                                                    "Actual Startup Time": 0.05,
                                                                    "Actual Total Time": 73.51,
                                                                    "Actual Rows": 509463,
                                                                    "Actual Loops": 1
                                                                },
                                                                {
                                                                    "Worker Number": 4,
                                                                    "Actual Startup Time": 0.054,
                                                                    "Actual Total Time": 73.532,
                                                                    "Actual Rows": 510054,
                                                                    "Actual Loops": 1
                                                                },
                                                                {
                                                                    "Worker Number": 5,
                                                                    "Actual Startup Time": 0.079,
                                                                    "Actual Total Time": 73.056,
                                                                    "Actual Rows": 505755,
                                                                    "Actual Loops": 1
                                                                }
                                                            ]
                                                        },
                                                        {
                                                            "Node Type": "Hash",
                                                            "Parent Relationship": "Inner",
                                                            "Parallel Aware": true,
                                                            "Startup Cost": 43899.01,
                                                            "Total Cost": 43899.01,
                                                            "Plan Rows": 344898,
                                                            "Plan Width": 4,
                                                            "Actual Startup Time": 170.972,
                                                            "Actual Total Time": 170.974,
                                                            "Actual Rows": 197350,
                                                            "Actual Loops": 7,
                                                            "Output": [
                                                                "t.id"
                                                            ],
                                                            "Hash Buckets": 2097152,
                                                            "Original Hash Buckets": 2097152,
                                                            "Hash Batches": 1,
                                                            "Original Hash Batches": 1,
                                                            "Peak Memory Usage": 70528,
                                                            "Workers": [
                                                                {
                                                                    "Worker Number": 0,
                                                                    "Actual Startup Time": 172.95,
                                                                    "Actual Total Time": 172.952,
                                                                    "Actual Rows": 143756,
                                                                    "Actual Loops": 1
                                                                },
                                                                {
                                                                    "Worker Number": 1,
                                                                    "Actual Startup Time": 172.984,
                                                                    "Actual Total Time": 172.986,
                                                                    "Actual Rows": 139854,
                                                                    "Actual Loops": 1
                                                                },
                                                                {
                                                                    "Worker Number": 2,
                                                                    "Actual Startup Time": 172.905,
                                                                    "Actual Total Time": 172.907,
                                                                    "Actual Rows": 189380,
                                                                    "Actual Loops": 1
                                                                },
                                                                {
                                                                    "Worker Number": 3,
                                                                    "Actual Startup Time": 172.96,
                                                                    "Actual Total Time": 172.961,
                                                                    "Actual Rows": 198220,
                                                                    "Actual Loops": 1
                                                                },
                                                                {
                                                                    "Worker Number": 4,
                                                                    "Actual Startup Time": 172.948,
                                                                    "Actual Total Time": 172.949,
                                                                    "Actual Rows": 199742,
                                                                    "Actual Loops": 1
                                                                },
                                                                {
                                                                    "Worker Number": 5,
                                                                    "Actual Startup Time": 172.937,
                                                                    "Actual Total Time": 172.938,
                                                                    "Actual Rows": 200791,
                                                                    "Actual Loops": 1
                                                                }
                                                            ],
                                                            "Plans": [
                                                                {
                                                                    "Node Type": "Seq Scan",
                                                                    "Parent Relationship": "Outer",
                                                                    "Parallel Aware": true,
                                                                    "Relation Name": "title",
                                                                    "Schema": "public",
                                                                    "Alias": "t",
                                                                    "Startup Cost": 0.0,
                                                                    "Total Cost": 43899.01,
                                                                    "Plan Rows": 344898,
                                                                    "Plan Width": 4,
                                                                    "Actual Startup Time": 0.046,
                                                                    "Actual Total Time": 75.321,
                                                                    "Actual Rows": 197350,
                                                                    "Actual Loops": 7,
                                                                    "Output": [
                                                                        "t.id"
                                                                    ],
                                                                    "Filter": "(t.production_year > 2000)",
                                                                    "Rows Removed by Filter": 163837,
                                                                    "Workers": [
                                                                        {
                                                                            "Worker Number": 0,
                                                                            "Actual Startup Time": 0.051,
                                                                            "Actual Total Time": 77.871,
                                                                            "Actual Rows": 143756,
                                                                            "Actual Loops": 1
                                                                        },
                                                                        {
                                                                            "Worker Number": 1,
                                                                            "Actual Startup Time": 0.066,
                                                                            "Actual Total Time": 77.553,
                                                                            "Actual Rows": 139854,
                                                                            "Actual Loops": 1
                                                                        },
                                                                        {
                                                                            "Worker Number": 2,
                                                                            "Actual Startup Time": 0.064,
                                                                            "Actual Total Time": 75.26,
                                                                            "Actual Rows": 189380,
                                                                            "Actual Loops": 1
                                                                        },
                                                                        {
                                                                            "Worker Number": 3,
                                                                            "Actual Startup Time": 0.049,
                                                                            "Actual Total Time": 76.565,
                                                                            "Actual Rows": 198220,
                                                                            "Actual Loops": 1
                                                                        },
                                                                        {
                                                                            "Worker Number": 4,
                                                                            "Actual Startup Time": 0.049,
                                                                            "Actual Total Time": 77.138,
                                                                            "Actual Rows": 199742,
                                                                            "Actual Loops": 1
                                                                        },
                                                                        {
                                                                            "Worker Number": 5,
                                                                            "Actual Startup Time": 0.029,
                                                                            "Actual Total Time": 77.61,
                                                                            "Actual Rows": 200791,
                                                                            "Actual Loops": 1
                                                                        }
                                                                    ]
                                                                }
                                                            ]
                                                        }
                                                    ]
                                                }
                                            ]
                                        }
                                    ]
                                }
                            ]
                        }
                    ]
                }
            ]
        },
        "Planning Time": 224.876,
        "Triggers": [],
        "Execution Time": 2256.58
    }
]