{
  "Plan": {
    "Node Type": "Aggregate",
    "Strategy": "Plain",
    "Partial Mode": "Finalize",
    "Parallel Aware": false,
    "Startup Cost": 136269.94,
    "Total Cost": 136269.95,
    "Plan Rows": 1,
    "Plan Width": 8,
    "Actual Startup Time": 1214.595,
    "Actual Total Time": 1240.568,
    "Actual Rows": 1,
    "Actual Loops": 1,
    "Plans": [
      {
        "Node Type": "Gather",
        "Parent Relationship": "Outer",
        "Parallel Aware": false,
        "Startup Cost": 136269.83,
        "Total Cost": 136269.94,
        "Plan Rows": 1,
        "Plan Width": 8,
        "Actual Startup Time": 1206.102,
        "Actual Total Time": 1240.561,
        "Actual Rows": 2,
        "Actual Loops": 1,
        "Workers Planned": 1,
        "Workers Launched": 1,
        "Single Copy": false,
        "Plans": [
          {
            "Node Type": "Aggregate",
            "Strategy": "Plain",
            "Partial Mode": "Partial",
            "Parent Relationship": "Outer",
            "Parallel Aware": false,
            "Startup Cost": 135269.83,
            "Total Cost": 135269.84,
            "Plan Rows": 1,
            "Plan Width": 8,
            "Actual Startup Time": 1199.85,
            "Actual Total Time": 1199.856,
            "Actual Rows": 1,
            "Actual Loops": 2,
            "Plans": [
              {
                "Node Type": "Hash Join",
                "Parent Relationship": "Outer",
                "Parallel Aware": true,
                "Join Type": "Inner",
                "Startup Cost": 114681.08,
                "Total Cost": 134824.94,
                "Plan Rows": 177958,
                "Plan Width": 0,
                "Actual Startup Time": 961.627,
                "Actual Total Time": 1169.63,
                "Actual Rows": 578763,
                "Actual Loops": 2,
                "Inner Unique": false,
                "Hash Cond": "(mi_idx.movie_id = t.id)",
                "Plans": [
                  {
                    "Node Type": "Seq Scan",
                    "Parent Relationship": "Outer",
                    "Parallel Aware": true,
                    "Relation Name": "movie_info_idx",
                    "Alias": "mi_idx",
                    "Startup Cost": 0.0,
                    "Total Cost": 16052.85,
                    "Plan Rows": 811785,
                    "Plan Width": 4,
                    "Actual Startup Time": 0.023,
                    "Actual Total Time": 58.855,
                    "Actual Rows": 690018,
                    "Actual Loops": 2
                  },
                  {
                    "Node Type": "Hash",
                    "Parent Relationship": "Inner",
                    "Parallel Aware": true,
                    "Startup Cost": 110605.73,
                    "Total Cost": 110605.73,
                    "Plan Rows": 326028,
                    "Plan Width": 8,
                    "Actual Startup Time": 952.634,
                    "Actual Total Time": 952.639,
                    "Actual Rows": 283640,
                    "Actual Loops": 2,
                    "Hash Buckets": 1048576,
                    "Original Hash Buckets": 1048576,
                    "Hash Batches": 1,
                    "Original Hash Batches": 1,
                    "Peak Memory Usage": 30432,
                    "Plans": [
                      {
                        "Node Type": "Hash Join",
                        "Parent Relationship": "Outer",
                        "Parallel Aware": true,
                        "Join Type": "Inner",
                        "Startup Cost": 81220.55,
                        "Total Cost": 110605.73,
                        "Plan Rows": 326028,
                        "Plan Width": 8,
                        "Actual Startup Time": 666.861,
                        "Actual Total Time": 870.487,
                        "Actual Rows": 283640,
                        "Actual Loops": 2,
                        "Inner Unique": true,
                        "Hash Cond": "(mk.movie_id = t.id)",
                        "Plans": [
                          {
                            "Node Type": "Bitmap Heap Scan",
                            "Parent Relationship": "Outer",
                            "Parallel Aware": true,
                            "Relation Name": "movie_keyword",
                            "Alias": "mk",
                            "Startup Cost": 11759.85,
                            "Total Cost": 40289.21,
                            "Plan Rows": 326028,
                            "Plan Width": 4,
                            "Actual Startup Time": 50.945,
                            "Actual Total Time": 139.545,
                            "Actual Rows": 283640,
                            "Actual Loops": 2,
                            "Recheck Cond": "(keyword_id < 402)",
                            "Rows Removed by Index Recheck": 0,
                            "Exact Heap Blocks": 14321,
                            "Lossy Heap Blocks": 0,
                            "Plans": [
                              {
                                "Node Type": "Bitmap Index Scan",
                                "Parent Relationship": "Outer",
                                "Parallel Aware": false,
                                "Index Name": "keyword_id_movie_keyword",
                                "Startup Cost": 0.0,
                                "Total Cost": 11621.29,
                                "Plan Rows": 554248,
                                "Plan Width": 0,
                                "Actual Startup Time": 45.194,
                                "Actual Total Time": 45.195,
                                "Actual Rows": 567281,
                                "Actual Loops": 1,
                                "Index Cond": "(keyword_id < 402)"
                              }
                            ]
                          },
                          {
                            "Node Type": "Hash",
                            "Parent Relationship": "Inner",
                            "Parallel Aware": true,
                            "Startup Cost": 50870.31,
                            "Total Cost": 50870.31,
                            "Plan Rows": 1487231,
                            "Plan Width": 4,
                            "Actual Startup Time": 599.555,
                            "Actual Total Time": 599.556,
                            "Actual Rows": 1264156,
                            "Actual Loops": 2,
                            "Hash Buckets": 4194304,
                            "Original Hash Buckets": 4194304,
                            "Hash Batches": 1,
                            "Original Hash Batches": 1,
                            "Peak Memory Usage": 131712,
                            "Plans": [
                              {
                                "Node Type": "Seq Scan",
                                "Parent Relationship": "Outer",
                                "Parallel Aware": true,
                                "Relation Name": "title",
                                "Alias": "t",
                                "Startup Cost": 0.0,
                                "Total Cost": 50870.31,
                                "Plan Rows": 1487231,
                                "Plan Width": 4,
                                "Actual Startup Time": 0.034,
                                "Actual Total Time": 184.874,
                                "Actual Rows": 1264156,
                                "Actual Loops": 2
                              }
                            ]
                          }
                        ]
                      }
                    ]
                  }
                ]
              }
            ]
          }
        ]
      }
    ]
  },
  "Planning Time": 0.969,
  "Triggers": [],
  "Execution Time": 1240.718
}