[
  {
    "Plan": {
      "Node Type": "Aggregate",
      "Strategy": "Plain",
      "Partial Mode": "Finalize",
      "Parallel Aware": false,
      "Startup Cost": 44906.17,
      "Total Cost": 44906.18,
      "Plan Rows": 1,
      "Plan Width": 8,
      "Actual Startup Time": 135.168,
      "Actual Total Time": 144.45,
      "Actual Rows": 1,
      "Actual Loops": 1,
      "Plans": [
        {
          "Node Type": "Gather",
          "Parent Relationship": "Outer",
          "Parallel Aware": false,
          "Startup Cost": 44905.85,
          "Total Cost": 44906.16,
          "Plan Rows": 3,
          "Plan Width": 8,
          "Actual Startup Time": 135.059,
          "Actual Total Time": 144.442,
          "Actual Rows": 4,
          "Actual Loops": 1,
          "Workers Planned": 3,
          "Workers Launched": 3,
          "Single Copy": false,
          "Plans": [
            {
              "Node Type": "Aggregate",
              "Strategy": "Plain",
              "Partial Mode": "Partial",
              "Parent Relationship": "Outer",
              "Parallel Aware": false,
              "Startup Cost": 43905.85,
              "Total Cost": 43905.86,
              "Plan Rows": 1,
              "Plan Width": 8,
              "Actual Startup Time": 128.135,
              "Actual Total Time": 128.136,
              "Actual Rows": 1,
              "Actual Loops": 4,
              "Plans": [
                {
                  "Node Type": "Seq Scan",
                  "Parent Relationship": "Outer",
                  "Parallel Aware": true,
                  "Relation Name": "movie_keyword",
                  "Alias": "mk",
                  "Startup Cost": 0.0,
                  "Total Cost": 42695.65,
                  "Plan Rows": 484078,
                  "Plan Width": 0,
                  "Actual Startup Time": 1.689,
                  "Actual Total Time": 109.709,
                  "Actual Rows": 377991,
                  "Actual Loops": 4,
                  "Filter": "(keyword_id > 10713)",
                  "Rows Removed by Filter": 752992
                }
              ]
            }
          ]
        }
      ]
    },
    "Planning Time": 0.191,
    "Triggers": [],
    "Execution Time": 144.507
  }
]