{
  "Plan": {
    "Node Type": "Aggregate",
    "Strategy": "Plain",
    "Partial Mode": "Finalize",
    "Parallel Aware": false,
    "Startup Cost": 144293.23,
    "Total Cost": 144293.24,
    "Plan Rows": 1,
    "Plan Width": 8,
    "Actual Startup Time": 1101.793,
    "Actual Total Time": 1153.518,
    "Actual Rows": 1,
    "Actual Loops": 1,
    "Plans": [
      {
        "Node Type": "Gather",
        "Parent Relationship": "Outer",
        "Parallel Aware": false,
        "Startup Cost": 144293.12,
        "Total Cost": 144293.23,
        "Plan Rows": 1,
        "Plan Width": 8,
        "Actual Startup Time": 1100.337,
        "Actual Total Time": 1153.51,
        "Actual Rows": 2,
        "Actual Loops": 1,
        "Workers Planned": 1,
        "Workers Launched": 1,
        "Single Copy": false,
        "Plans": [
          {
            "Node Type": "Aggregate",
            "Strategy": "Plain",
            "Partial Mode": "Partial",
            "Parent Relationship": "Outer",
            "Parallel Aware": false,
            "Startup Cost": 143293.12,
            "Total Cost": 143293.13,
            "Plan Rows": 1,
            "Plan Width": 8,
            "Actual Startup Time": 1094.154,
            "Actual Total Time": 1094.158,
            "Actual Rows": 1,
            "Actual Loops": 2,
            "Plans": [
              {
                "Node Type": "Nested Loop",
                "Parent Relationship": "Outer",
                "Parallel Aware": false,
                "Join Type": "Inner",
                "Startup Cost": 64572.7,
                "Total Cost": 143155.86,
                "Plan Rows": 54902,
                "Plan Width": 0,
                "Actual Startup Time": 249.159,
                "Actual Total Time": 1054.475,
                "Actual Rows": 865386,
                "Actual Loops": 2,
                "Inner Unique": false,
                "Plans": [
                  {
                    "Node Type": "Hash Join",
                    "Parent Relationship": "Outer",
                    "Parallel Aware": true,
                    "Join Type": "Inner",
                    "Startup Cost": 64572.27,
                    "Total Cost": 90361.08,
                    "Plan Rows": 14634,
                    "Plan Width": 8,
                    "Actual Startup Time": 249.08,
                    "Actual Total Time": 336.972,
                    "Actual Rows": 43951,
                    "Actual Loops": 2,
                    "Inner Unique": true,
                    "Hash Cond": "(mk.movie_id = t.id)",
                    "Plans": [
                      {
                        "Node Type": "Bitmap Heap Scan",
                        "Parent Relationship": "Outer",
                        "Parallel Aware": true,
                        "Relation Name": "movie_keyword",
                        "Alias": "mk",
                        "Startup Cost": 3183.15,
                        "Total Cost": 28740.3,
                        "Plan Rows": 88252,
                        "Plan Width": 4,
                        "Actual Startup Time": 15.473,
                        "Actual Total Time": 63.169,
                        "Actual Rows": 81904,
                        "Actual Loops": 2,
                        "Recheck Cond": "(keyword_id < 121)",
                        "Rows Removed by Index Recheck": 0,
                        "Exact Heap Blocks": 13477,
                        "Lossy Heap Blocks": 0,
                        "Plans": [
                          {
                            "Node Type": "Bitmap Index Scan",
                            "Parent Relationship": "Outer",
                            "Parallel Aware": false,
                            "Index Name": "keyword_id_movie_keyword",
                            "Startup Cost": 0.0,
                            "Total Cost": 3145.64,
                            "Plan Rows": 150028,
                            "Plan Width": 0,
                            "Actual Startup Time": 12.045,
                            "Actual Total Time": 12.045,
                            "Actual Rows": 163809,
                            "Actual Loops": 1,
                            "Index Cond": "(keyword_id < 121)"
                          }
                        ]
                      },
                      {
                        "Node Type": "Hash",
                        "Parent Relationship": "Inner",
                        "Parallel Aware": true,
                        "Startup Cost": 58306.47,
                        "Total Cost": 58306.47,
                        "Plan Rows": 246612,
                        "Plan Width": 4,
                        "Actual Startup Time": 227.658,
                        "Actual Total Time": 227.658,
                        "Actual Rows": 258984,
                        "Actual Loops": 2,
                        "Hash Buckets": 524288,
                        "Original Hash Buckets": 524288,
                        "Hash Batches": 1,
                        "Original Hash Batches": 1,
                        "Peak Memory Usage": 24384,
                        "Plans": [
                          {
                            "Node Type": "Seq Scan",
                            "Parent Relationship": "Outer",
                            "Parallel Aware": true,
                            "Relation Name": "title",
                            "Alias": "t",
                            "Startup Cost": 0.0,
                            "Total Cost": 58306.47,
                            "Plan Rows": 246612,
                            "Plan Width": 4,
                            "Actual Startup Time": 0.043,
                            "Actual Total Time": 155.417,
                            "Actual Rows": 258984,
                            "Actual Loops": 2,
                            "Filter": "((kind_id < 7) AND (production_year < 2001))",
                            "Rows Removed by Filter": 1005172
                          }
                        ]
                      }
                    ]
                  },
                  {
                    "Node Type": "Index Scan",
                    "Parent Relationship": "Inner",
                    "Parallel Aware": false,
                    "Scan Direction": "Forward",
                    "Index Name": "movie_id_movie_info",
                    "Relation Name": "movie_info",
                    "Alias": "mi",
                    "Startup Cost": 0.43,
                    "Total Cost": 3.34,
                    "Plan Rows": 27,
                    "Plan Width": 4,
                    "Actual Startup Time": 0.004,
                    "Actual Total Time": 0.015,
                    "Actual Rows": 20,
                    "Actual Loops": 87902,
                    "Index Cond": "(movie_id = t.id)",
                    "Rows Removed by Index Recheck": 0,
                    "Filter": "(info_type_id < 16)",
                    "Rows Removed by Filter": 17
                  }
                ]
              }
            ]
          }
        ]
      }
    ]
  },
  "Planning Time": 0.963,
  "Triggers": [],
  "Execution Time": 1153.635
}