[
  {
    "Plan": {
      "Node Type": "Aggregate",
      "Strategy": "Plain",
      "Partial Mode": "Finalize",
      "Parallel Aware": false,
      "Startup Cost": 300614.85,
      "Total Cost": 300614.86,
      "Plan Rows": 1,
      "Plan Width": 8,
      "Actual Startup Time": 435.786,
      "Actual Total Time": 469.638,
      "Actual Rows": 1,
      "Actual Loops": 1,
      "Plans": [
        {
          "Node Type": "Gather",
          "Parent Relationship": "Outer",
          "Parallel Aware": false,
          "Startup Cost": 300614.23,
          "Total Cost": 300614.84,
          "Plan Rows": 6,
          "Plan Width": 8,
          "Actual Startup Time": 434.904,
          "Actual Total Time": 469.615,
          "Actual Rows": 7,
          "Actual Loops": 1,
          "Workers Planned": 6,
          "Workers Launched": 6,
          "Single Copy": false,
          "Plans": [
            {
              "Node Type": "Aggregate",
              "Strategy": "Plain",
              "Partial Mode": "Partial",
              "Parent Relationship": "Outer",
              "Parallel Aware": false,
              "Startup Cost": 299614.23,
              "Total Cost": 299614.24,
              "Plan Rows": 1,
              "Plan Width": 8,
              "Actual Startup Time": 426.87,
              "Actual Total Time": 426.873,
              "Actual Rows": 1,
              "Actual Loops": 7,
              "Plans": [
                {
                  "Node Type": "Hash Join",
                  "Parent Relationship": "Outer",
                  "Parallel Aware": true,
                  "Join Type": "Inner",
                  "Startup Cost": 44118.22,
                  "Total Cost": 299559.5,
                  "Plan Rows": 21892,
                  "Plan Width": 0,
                  "Actual Startup Time": 75.574,
                  "Actual Total Time": 426.159,
                  "Actual Rows": 8947,
                  "Actual Loops": 7,
                  "Inner Unique": true,
                  "Hash Cond": "(ci.movie_id = t.id)",
                  "Plans": [
                    {
                      "Node Type": "Index Scan",
                      "Parent Relationship": "Outer",
                      "Parallel Aware": true,
                      "Scan Direction": "Forward",
                      "Index Name": "role_id_cast_info",
                      "Relation Name": "cast_info",
                      "Alias": "ci",
                      "Startup Cost": 0.56,
                      "Total Cost": 253362.23,
                      "Plan Rows": 792234,
                      "Plan Width": 4,
                      "Actual Startup Time": 0.183,
                      "Actual Total Time": 295.955,
                      "Actual Rows": 340023,
                      "Actual Loops": 7,
                      "Index Cond": "(role_id > 4)",
                      "Rows Removed by Index Recheck": 0,
                      "Filter": "(person_id < 1836613)",
                      "Rows Removed by Filter": 1000649
                    },
                    {
                      "Node Type": "Hash",
                      "Parent Relationship": "Inner",
                      "Parallel Aware": true,
                      "Startup Cost": 43899.32,
                      "Total Cost": 43899.32,
                      "Plan Rows": 17467,
                      "Plan Width": 4,
                      "Actual Startup Time": 74.388,
                      "Actual Total Time": 74.389,
                      "Actual Rows": 9682,
                      "Actual Loops": 7,
                      "Hash Buckets": 131072,
                      "Original Hash Buckets": 131072,
                      "Hash Batches": 1,
                      "Original Hash Batches": 1,
                      "Peak Memory Usage": 3776,
                      "Plans": [
                        {
                          "Node Type": "Seq Scan",
                          "Parent Relationship": "Outer",
                          "Parallel Aware": true,
                          "Relation Name": "title",
                          "Alias": "t",
                          "Startup Cost": 0.0,
                          "Total Cost": 43899.32,
                          "Plan Rows": 17467,
                          "Plan Width": 4,
                          "Actual Startup Time": 0.046,
                          "Actual Total Time": 68.995,
                          "Actual Rows": 9682,
                          "Actual Loops": 7,
                          "Filter": "(production_year = 2003)",
                          "Rows Removed by Filter": 351505
                        }
                      ]
                    }
                  ]
                }
              ]
            }
          ]
        }
      ]
    },
    "Planning Time": 0.316,
    "Triggers": [],
    "Execution Time": 469.703
  }
]