[
  {
    "Plan": {
      "Node Type": "Aggregate",
      "Strategy": "Plain",
      "Partial Mode": "Finalize",
      "Parallel Aware": false,
      "Startup Cost": 47458.17,
      "Total Cost": 47458.18,
      "Plan Rows": 1,
      "Plan Width": 8,
      "Actual Startup Time": 115.739,
      "Actual Total Time": 128.032,
      "Actual Rows": 1,
      "Actual Loops": 1,
      "Plans": [
        {
          "Node Type": "Gather",
          "Parent Relationship": "Outer",
          "Parallel Aware": false,
          "Startup Cost": 47457.75,
          "Total Cost": 47458.16,
          "Plan Rows": 4,
          "Plan Width": 8,
          "Actual Startup Time": 115.611,
          "Actual Total Time": 128.025,
          "Actual Rows": 5,
          "Actual Loops": 1,
          "Workers Planned": 4,
          "Workers Launched": 4,
          "Single Copy": false,
          "Plans": [
            {
              "Node Type": "Aggregate",
              "Strategy": "Plain",
              "Partial Mode": "Partial",
              "Parent Relationship": "Outer",
              "Parallel Aware": false,
              "Startup Cost": 46457.75,
              "Total Cost": 46457.76,
              "Plan Rows": 1,
              "Plan Width": 8,
              "Actual Startup Time": 108.526,
              "Actual Total Time": 108.527,
              "Actual Rows": 1,
              "Actual Loops": 5,
              "Plans": [
                {
                  "Node Type": "Seq Scan",
                  "Parent Relationship": "Outer",
                  "Parallel Aware": true,
                  "Relation Name": "title",
                  "Alias": "t",
                  "Startup Cost": 0.0,
                  "Total Cost": 45479.1,
                  "Plan Rows": 391462,
                  "Plan Width": 0,
                  "Actual Startup Time": 0.031,
                  "Actual Total Time": 91.718,
                  "Actual Rows": 321758,
                  "Actual Loops": 5,
                  "Filter": "((kind_id > 3) AND (production_year > 1921))",
                  "Rows Removed by Filter": 183904
                }
              ]
            }
          ]
        }
      ]
    },
    "Planning Time": 0.118,
    "Triggers": [],
    "Execution Time": 128.073
  }
]