{
  "Plan": {
    "Node Type": "Aggregate",
    "Strategy": "Plain",
    "Partial Mode": "Finalize",
    "Parallel Aware": false,
    "Startup Cost": 104517.65,
    "Total Cost": 104517.66,
    "Plan Rows": 1,
    "Plan Width": 8,
    "Actual Startup Time": 643.556,
    "Actual Total Time": 655.306,
    "Actual Rows": 1,
    "Actual Loops": 1,
    "Plans": [
      {
        "Node Type": "Gather",
        "Parent Relationship": "Outer",
        "Parallel Aware": false,
        "Startup Cost": 104517.53,
        "Total Cost": 104517.64,
        "Plan Rows": 1,
        "Plan Width": 8,
        "Actual Startup Time": 641.817,
        "Actual Total Time": 655.299,
        "Actual Rows": 2,
        "Actual Loops": 1,
        "Workers Planned": 1,
        "Workers Launched": 1,
        "Single Copy": false,
        "Plans": [
          {
            "Node Type": "Aggregate",
            "Strategy": "Plain",
            "Partial Mode": "Partial",
            "Parent Relationship": "Outer",
            "Parallel Aware": false,
            "Startup Cost": 103517.53,
            "Total Cost": 103517.54,
            "Plan Rows": 1,
            "Plan Width": 8,
            "Actual Startup Time": 636.249,
            "Actual Total Time": 636.253,
            "Actual Rows": 1,
            "Actual Loops": 2,
            "Plans": [
              {
                "Node Type": "Hash Join",
                "Parent Relationship": "Outer",
                "Parallel Aware": true,
                "Join Type": "Inner",
                "Startup Cost": 60522.46,
                "Total Cost": 102347.16,
                "Plan Rows": 468151,
                "Plan Width": 0,
                "Actual Startup Time": 259.067,
                "Actual Total Time": 612.202,
                "Actual Rows": 574014,
                "Actual Loops": 2,
                "Inner Unique": true,
                "Hash Cond": "(mc.movie_id = t.id)",
                "Plans": [
                  {
                    "Node Type": "Seq Scan",
                    "Parent Relationship": "Outer",
                    "Parallel Aware": true,
                    "Relation Name": "movie_companies",
                    "Alias": "mc",
                    "Startup Cost": 0.0,
                    "Total Cost": 37974.77,
                    "Plan Rows": 1466632,
                    "Plan Width": 4,
                    "Actual Startup Time": 0.013,
                    "Actual Total Time": 123.016,
                    "Actual Rows": 1249178,
                    "Actual Loops": 2,
                    "Filter": "(company_id < 151419)",
                    "Rows Removed by Filter": 55387
                  },
                  {
                    "Node Type": "Hash",
                    "Parent Relationship": "Inner",
                    "Parallel Aware": true,
                    "Startup Cost": 54588.39,
                    "Total Cost": 54588.39,
                    "Plan Rows": 474726,
                    "Plan Width": 4,
                    "Actual Startup Time": 250.203,
                    "Actual Total Time": 250.204,
                    "Actual Rows": 406352,
                    "Actual Loops": 2,
                    "Hash Buckets": 1048576,
                    "Original Hash Buckets": 1048576,
                    "Hash Batches": 1,
                    "Original Hash Batches": 1,
                    "Peak Memory Usage": 40000,
                    "Plans": [
                      {
                        "Node Type": "Seq Scan",
                        "Parent Relationship": "Outer",
                        "Parallel Aware": true,
                        "Relation Name": "title",
                        "Alias": "t",
                        "Startup Cost": 0.0,
                        "Total Cost": 54588.39,
                        "Plan Rows": 474726,
                        "Plan Width": 4,
                        "Actual Startup Time": 0.031,
                        "Actual Total Time": 150.411,
                        "Actual Rows": 406352,
                        "Actual Loops": 2,
                        "Filter": "(production_year < 1995)",
                        "Rows Removed by Filter": 857804
                      }
                    ]
                  }
                ]
              }
            ]
          }
        ]
      }
    ]
  },
  "Planning Time": 0.497,
  "Triggers": [],
  "Execution Time": 655.366
}