[
  {
    "Plan": {
      "Node Type": "Aggregate",
      "Strategy": "Plain",
      "Partial Mode": "Finalize",
      "Parallel Aware": false,
      "Startup Cost": 45450.04,
      "Total Cost": 45450.05,
      "Plan Rows": 1,
      "Plan Width": 8,
      "Actual Startup Time": 144.972,
      "Actual Total Time": 154.686,
      "Actual Rows": 1,
      "Actual Loops": 1,
      "Plans": [
        {
          "Node Type": "Gather",
          "Parent Relationship": "Outer",
          "Parallel Aware": false,
          "Startup Cost": 45449.72,
          "Total Cost": 45450.03,
          "Plan Rows": 3,
          "Plan Width": 8,
          "Actual Startup Time": 144.863,
          "Actual Total Time": 154.678,
          "Actual Rows": 4,
          "Actual Loops": 1,
          "Workers Planned": 3,
          "Workers Launched": 3,
          "Single Copy": false,
          "Plans": [
            {
              "Node Type": "Aggregate",
              "Strategy": "Plain",
              "Partial Mode": "Partial",
              "Parent Relationship": "Outer",
              "Parallel Aware": false,
              "Startup Cost": 44449.72,
              "Total Cost": 44449.73,
              "Plan Rows": 1,
              "Plan Width": 8,
              "Actual Startup Time": 138.577,
              "Actual Total Time": 138.578,
              "Actual Rows": 1,
              "Actual Loops": 4,
              "Plans": [
                {
                  "Node Type": "Seq Scan",
                  "Parent Relationship": "Outer",
                  "Parallel Aware": true,
                  "Relation Name": "movie_keyword",
                  "Alias": "mk",
                  "Startup Cost": 0.0,
                  "Total Cost": 42695.65,
                  "Plan Rows": 701626,
                  "Plan Width": 0,
                  "Actual Startup Time": 0.051,
                  "Actual Total Time": 113.703,
                  "Actual Rows": 544208,
                  "Actual Loops": 4,
                  "Filter": "(keyword_id < 4277)",
                  "Rows Removed by Filter": 586774
                }
              ]
            }
          ]
        }
      ]
    },
    "Planning Time": 0.183,
    "Triggers": [],
    "Execution Time": 154.74
  }
]