[
  {
    "Plan": {
      "Node Type": "Aggregate",
      "Strategy": "Plain",
      "Partial Mode": "Finalize",
      "Parallel Aware": false,
      "Startup Cost": 32848.81,
      "Total Cost": 32848.82,
      "Plan Rows": 1,
      "Plan Width": 8,
      "Actual Startup Time": 91.145,
      "Actual Total Time": 99.775,
      "Actual Rows": 1,
      "Actual Loops": 1,
      "Plans": [
        {
          "Node Type": "Gather",
          "Parent Relationship": "Outer",
          "Parallel Aware": false,
          "Startup Cost": 32848.49,
          "Total Cost": 32848.8,
          "Plan Rows": 3,
          "Plan Width": 8,
          "Actual Startup Time": 91.023,
          "Actual Total Time": 99.765,
          "Actual Rows": 4,
          "Actual Loops": 1,
          "Workers Planned": 3,
          "Workers Launched": 3,
          "Single Copy": false,
          "Plans": [
            {
              "Node Type": "Aggregate",
              "Strategy": "Plain",
              "Partial Mode": "Partial",
              "Parent Relationship": "Outer",
              "Parallel Aware": false,
              "Startup Cost": 31848.49,
              "Total Cost": 31848.5,
              "Plan Rows": 1,
              "Plan Width": 8,
              "Actual Startup Time": 86.593,
              "Actual Total Time": 86.594,
              "Actual Rows": 1,
              "Actual Loops": 4,
              "Plans": [
                {
                  "Node Type": "Seq Scan",
                  "Parent Relationship": "Outer",
                  "Parallel Aware": true,
                  "Relation Name": "movie_companies",
                  "Alias": "mc",
                  "Startup Cost": 0.0,
                  "Total Cost": 31414.82,
                  "Plan Rows": 173470,
                  "Plan Width": 0,
                  "Actual Startup Time": 0.026,
                  "Actual Total Time": 75.482,
                  "Actual Rows": 186655,
                  "Actual Loops": 4,
                  "Filter": "((company_id < 7264) AND (company_type_id < 2))",
                  "Rows Removed by Filter": 465628
                }
              ]
            }
          ]
        }
      ]
    },
    "Planning Time": 0.137,
    "Triggers": [],
    "Execution Time": 99.814
  }
]