[
  {
    "Plan": {
      "Node Type": "Aggregate",
      "Strategy": "Plain",
      "Partial Mode": "Finalize",
      "Parallel Aware": false,
      "Startup Cost": 46503.41,
      "Total Cost": 46503.42,
      "Plan Rows": 1,
      "Plan Width": 8,
      "Actual Startup Time": 96.039,
      "Actual Total Time": 109.054,
      "Actual Rows": 1,
      "Actual Loops": 1,
      "Plans": [
        {
          "Node Type": "Gather",
          "Parent Relationship": "Outer",
          "Parallel Aware": false,
          "Startup Cost": 46502.99,
          "Total Cost": 46503.4,
          "Plan Rows": 4,
          "Plan Width": 8,
          "Actual Startup Time": 95.791,
          "Actual Total Time": 109.046,
          "Actual Rows": 5,
          "Actual Loops": 1,
          "Workers Planned": 4,
          "Workers Launched": 4,
          "Single Copy": false,
          "Plans": [
            {
              "Node Type": "Aggregate",
              "Strategy": "Plain",
              "Partial Mode": "Partial",
              "Parent Relationship": "Outer",
              "Parallel Aware": false,
              "Startup Cost": 45502.99,
              "Total Cost": 45503.0,
              "Plan Rows": 1,
              "Plan Width": 8,
              "Actual Startup Time": 87.349,
              "Actual Total Time": 87.35,
              "Actual Rows": 1,
              "Actual Loops": 5,
              "Plans": [
                {
                  "Node Type": "Seq Scan",
                  "Parent Relationship": "Outer",
                  "Parallel Aware": true,
                  "Relation Name": "title",
                  "Alias": "t",
                  "Startup Cost": 0.0,
                  "Total Cost": 45479.1,
                  "Plan Rows": 9558,
                  "Plan Width": 0,
                  "Actual Startup Time": 0.039,
                  "Actual Total Time": 86.424,
                  "Actual Rows": 8477,
                  "Actual Loops": 5,
                  "Filter": "((kind_id > 4) AND (production_year = 2002))",
                  "Rows Removed by Filter": 497185
                }
              ]
            }
          ]
        }
      ]
    },
    "Planning Time": 0.164,
    "Triggers": [],
    "Execution Time": 109.111
  }
]