{
  "Plan": {
    "Node Type": "Aggregate",
    "Strategy": "Plain",
    "Partial Mode": "Finalize",
    "Parallel Aware": false,
    "Startup Cost": 101124.0,
    "Total Cost": 101124.01,
    "Plan Rows": 1,
    "Plan Width": 8,
    "Actual Startup Time": 325.084,
    "Actual Total Time": 342.558,
    "Actual Rows": 1,
    "Actual Loops": 1,
    "Plans": [
      {
        "Node Type": "Gather",
        "Parent Relationship": "Outer",
        "Parallel Aware": false,
        "Startup Cost": 101123.89,
        "Total Cost": 101124.0,
        "Plan Rows": 1,
        "Plan Width": 8,
        "Actual Startup Time": 324.479,
        "Actual Total Time": 342.549,
        "Actual Rows": 2,
        "Actual Loops": 1,
        "Workers Planned": 1,
        "Workers Launched": 1,
        "Single Copy": false,
        "Plans": [
          {
            "Node Type": "Aggregate",
            "Strategy": "Plain",
            "Partial Mode": "Partial",
            "Parent Relationship": "Outer",
            "Parallel Aware": false,
            "Startup Cost": 100123.89,
            "Total Cost": 100123.9,
            "Plan Rows": 1,
            "Plan Width": 8,
            "Actual Startup Time": 318.366,
            "Actual Total Time": 318.37,
            "Actual Rows": 1,
            "Actual Loops": 2,
            "Plans": [
              {
                "Node Type": "Hash Join",
                "Parent Relationship": "Outer",
                "Parallel Aware": true,
                "Join Type": "Inner",
                "Startup Cost": 69677.01,
                "Total Cost": 100075.58,
                "Plan Rows": 19324,
                "Plan Width": 0,
                "Actual Startup Time": 202.905,
                "Actual Total Time": 317.615,
                "Actual Rows": 12308,
                "Actual Loops": 2,
                "Inner Unique": true,
                "Hash Cond": "(mk.movie_id = t.id)",
                "Plans": [
                  {
                    "Node Type": "Bitmap Heap Scan",
                    "Parent Relationship": "Outer",
                    "Parallel Aware": true,
                    "Relation Name": "movie_keyword",
                    "Alias": "mk",
                    "Startup Cost": 14174.6,
                    "Total Cost": 43541.46,
                    "Plan Rows": 393029,
                    "Plan Width": 4,
                    "Actual Startup Time": 45.808,
                    "Actual Total Time": 122.937,
                    "Actual Rows": 328707,
                    "Actual Loops": 2,
                    "Recheck Cond": "(keyword_id > 28588)",
                    "Rows Removed by Index Recheck": 0,
                    "Exact Heap Blocks": 11694,
                    "Lossy Heap Blocks": 0,
                    "Plans": [
                      {
                        "Node Type": "Bitmap Index Scan",
                        "Parent Relationship": "Outer",
                        "Parallel Aware": false,
                        "Index Name": "keyword_id_movie_keyword",
                        "Startup Cost": 0.0,
                        "Total Cost": 14007.56,
                        "Plan Rows": 668150,
                        "Plan Width": 0,
                        "Actual Startup Time": 42.292,
                        "Actual Total Time": 42.292,
                        "Actual Rows": 657414,
                        "Actual Loops": 1,
                        "Index Cond": "(keyword_id > 28588)"
                      }
                    ]
                  },
                  {
                    "Node Type": "Hash",
                    "Parent Relationship": "Inner",
                    "Parallel Aware": true,
                    "Startup Cost": 54588.39,
                    "Total Cost": 54588.39,
                    "Plan Rows": 73122,
                    "Plan Width": 4,
                    "Actual Startup Time": 152.923,
                    "Actual Total Time": 152.924,
                    "Actual Rows": 59782,
                    "Actual Loops": 2,
                    "Hash Buckets": 131072,
                    "Original Hash Buckets": 131072,
                    "Hash Batches": 1,
                    "Original Hash Batches": 1,
                    "Peak Memory Usage": 5728,
                    "Plans": [
                      {
                        "Node Type": "Seq Scan",
                        "Parent Relationship": "Outer",
                        "Parallel Aware": true,
                        "Relation Name": "title",
                        "Alias": "t",
                        "Startup Cost": 0.0,
                        "Total Cost": 54588.39,
                        "Plan Rows": 73122,
                        "Plan Width": 4,
                        "Actual Startup Time": 0.049,
                        "Actual Total Time": 137.355,
                        "Actual Rows": 59782,
                        "Actual Loops": 2,
                        "Filter": "(production_year = 2007)",
                        "Rows Removed by Filter": 1204374
                      }
                    ]
                  }
                ]
              }
            ]
          }
        ]
      }
    ]
  },
  "Planning Time": 0.445,
  "Triggers": [],
  "Execution Time": 342.652
}