{
  "Plan": {
    "Node Type": "Aggregate",
    "Strategy": "Plain",
    "Partial Mode": "Finalize",
    "Parallel Aware": false,
    "Startup Cost": 216020.99,
    "Total Cost": 216021.0,
    "Plan Rows": 1,
    "Plan Width": 8,
    "Actual Startup Time": 3546.659,
    "Actual Total Time": 3580.055,
    "Actual Rows": 1,
    "Actual Loops": 1,
    "Plans": [
      {
        "Node Type": "Gather",
        "Parent Relationship": "Outer",
        "Parallel Aware": false,
        "Startup Cost": 216020.88,
        "Total Cost": 216020.99,
        "Plan Rows": 1,
        "Plan Width": 8,
        "Actual Startup Time": 3540.064,
        "Actual Total Time": 3580.047,
        "Actual Rows": 2,
        "Actual Loops": 1,
        "Workers Planned": 1,
        "Workers Launched": 1,
        "Single Copy": false,
        "Plans": [
          {
            "Node Type": "Aggregate",
            "Strategy": "Plain",
            "Partial Mode": "Partial",
            "Parent Relationship": "Outer",
            "Parallel Aware": false,
            "Startup Cost": 215020.88,
            "Total Cost": 215020.89,
            "Plan Rows": 1,
            "Plan Width": 8,
            "Actual Startup Time": 3531.543,
            "Actual Total Time": 3534.134,
            "Actual Rows": 1,
            "Actual Loops": 2,
            "Plans": [
              {
                "Node Type": "Hash Join",
                "Parent Relationship": "Outer",
                "Parallel Aware": true,
                "Join Type": "Inner",
                "Startup Cost": 129400.37,
                "Total Cost": 209269.34,
                "Plan Rows": 2300615,
                "Plan Width": 0,
                "Actual Startup Time": 1472.576,
                "Actual Total Time": 2909.34,
                "Actual Rows": 15512164,
                "Actual Loops": 2,
                "Inner Unique": false,
                "Hash Cond": "(mk.movie_id = t.id)",
                "Plans": [
                  {
                    "Node Type": "Seq Scan",
                    "Parent Relationship": "Outer",
                    "Parallel Aware": true,
                    "Relation Name": "movie_keyword",
                    "Alias": "mk",
                    "Startup Cost": 0.0,
                    "Total Cost": 57718.19,
                    "Plan Rows": 2298069,
                    "Plan Width": 4,
                    "Actual Startup Time": 0.04,
                    "Actual Total Time": 198.534,
                    "Actual Rows": 1948983,
                    "Actual Loops": 2,
                    "Filter": "(keyword_id > 485)",
                    "Rows Removed by Filter": 312982
                  },
                  {
                    "Node Type": "Hash",
                    "Parent Relationship": "Inner",
                    "Parallel Aware": true,
                    "Startup Cost": 110789.4,
                    "Total Cost": 110789.4,
                    "Plan Rows": 1488878,
                    "Plan Width": 8,
                    "Actual Startup Time": 1453.921,
                    "Actual Total Time": 1456.509,
                    "Actual Rows": 1286939,
                    "Actual Loops": 2,
                    "Hash Buckets": 4194304,
                    "Original Hash Buckets": 4194304,
                    "Hash Batches": 1,
                    "Original Hash Batches": 1,
                    "Peak Memory Usage": 133504,
                    "Plans": [
                      {
                        "Node Type": "Hash Join",
                        "Parent Relationship": "Outer",
                        "Parallel Aware": true,
                        "Join Type": "Inner",
                        "Startup Cost": 72622.76,
                        "Total Cost": 110789.4,
                        "Plan Rows": 1488878,
                        "Plan Width": 8,
                        "Actual Startup Time": 554.224,
                        "Actual Total Time": 1116.126,
                        "Actual Rows": 1286939,
                        "Actual Loops": 2,
                        "Inner Unique": true,
                        "Hash Cond": "(mc.movie_id = t.id)",
                        "Plans": [
                          {
                            "Node Type": "Seq Scan",
                            "Parent Relationship": "Outer",
                            "Parallel Aware": true,
                            "Relation Name": "movie_companies",
                            "Alias": "mc",
                            "Startup Cost": 0.0,
                            "Total Cost": 34137.82,
                            "Plan Rows": 1534782,
                            "Plan Width": 4,
                            "Actual Startup Time": 0.012,
                            "Actual Total Time": 99.947,
                            "Actual Rows": 1304564,
                            "Actual Loops": 2
                          },
                          {
                            "Node Type": "Hash",
                            "Parent Relationship": "Inner",
                            "Parallel Aware": true,
                            "Startup Cost": 54588.39,
                            "Total Cost": 54588.39,
                            "Plan Rows": 1442750,
                            "Plan Width": 4,
                            "Actual Startup Time": 542.129,
                            "Actual Total Time": 542.13,
                            "Actual Rows": 1225173,
                            "Actual Loops": 2,
                            "Hash Buckets": 4194304,
                            "Original Hash Buckets": 4194304,
                            "Hash Batches": 1,
                            "Original Hash Batches": 1,
                            "Peak Memory Usage": 128640,
                            "Plans": [
                              {
                                "Node Type": "Seq Scan",
                                "Parent Relationship": "Outer",
                                "Parallel Aware": true,
                                "Relation Name": "title",
                                "Alias": "t",
                                "Startup Cost": 0.0,
                                "Total Cost": 54588.39,
                                "Plan Rows": 1442750,
                                "Plan Width": 4,
                                "Actual Startup Time": 0.045,
                                "Actual Total Time": 175.264,
                                "Actual Rows": 1225173,
                                "Actual Loops": 2,
                                "Filter": "(production_year > 1899)",
                                "Rows Removed by Filter": 38983
                              }
                            ]
                          }
                        ]
                      }
                    ]
                  }
                ]
              }
            ]
          }
        ]
      }
    ]
  },
  "Planning Time": 0.556,
  "Triggers": [],
  "Execution Time": 3580.113
}