[
  {
    "Plan": {
      "Node Type": "Aggregate",
      "Strategy": "Plain",
      "Partial Mode": "Finalize",
      "Parallel Aware": false,
      "Startup Cost": 33215.24,
      "Total Cost": 33215.25,
      "Plan Rows": 1,
      "Plan Width": 8,
      "Actual Startup Time": 116.04,
      "Actual Total Time": 126.032,
      "Actual Rows": 1,
      "Actual Loops": 1,
      "Plans": [
        {
          "Node Type": "Gather",
          "Parent Relationship": "Outer",
          "Parallel Aware": false,
          "Startup Cost": 33214.93,
          "Total Cost": 33215.24,
          "Plan Rows": 3,
          "Plan Width": 8,
          "Actual Startup Time": 115.792,
          "Actual Total Time": 126.024,
          "Actual Rows": 4,
          "Actual Loops": 1,
          "Workers Planned": 3,
          "Workers Launched": 3,
          "Single Copy": false,
          "Plans": [
            {
              "Node Type": "Aggregate",
              "Strategy": "Plain",
              "Partial Mode": "Partial",
              "Parent Relationship": "Outer",
              "Parallel Aware": false,
              "Startup Cost": 32214.93,
              "Total Cost": 32214.94,
              "Plan Rows": 1,
              "Plan Width": 8,
              "Actual Startup Time": 109.344,
              "Actual Total Time": 109.345,
              "Actual Rows": 1,
              "Actual Loops": 4,
              "Plans": [
                {
                  "Node Type": "Seq Scan",
                  "Parent Relationship": "Outer",
                  "Parallel Aware": true,
                  "Relation Name": "movie_companies",
                  "Alias": "mc",
                  "Startup Cost": 0.0,
                  "Total Cost": 31414.82,
                  "Plan Rows": 320043,
                  "Plan Width": 0,
                  "Actual Startup Time": 47.019,
                  "Actual Total Time": 94.119,
                  "Actual Rows": 287741,
                  "Actual Loops": 4,
                  "Filter": "((company_id > 900) AND (company_type_id > 1))",
                  "Rows Removed by Filter": 364541
                }
              ]
            }
          ]
        }
      ]
    },
    "Planning Time": 0.139,
    "Triggers": [],
    "Execution Time": 126.07
  }
]