[
  {
    "Plan": {
      "Node Type": "Aggregate",
      "Strategy": "Plain",
      "Partial Mode": "Finalize",
      "Parallel Aware": false,
      "Startup Cost": 336003.22,
      "Total Cost": 336003.23,
      "Plan Rows": 1,
      "Plan Width": 8,
      "Actual Startup Time": 672.534,
      "Actual Total Time": 736.691,
      "Actual Rows": 1,
      "Actual Loops": 1,
      "Plans": [
        {
          "Node Type": "Gather",
          "Parent Relationship": "Outer",
          "Parallel Aware": false,
          "Startup Cost": 336002.59,
          "Total Cost": 336003.2,
          "Plan Rows": 6,
          "Plan Width": 8,
          "Actual Startup Time": 672.391,
          "Actual Total Time": 736.678,
          "Actual Rows": 7,
          "Actual Loops": 1,
          "Workers Planned": 6,
          "Workers Launched": 6,
          "Single Copy": false,
          "Plans": [
            {
              "Node Type": "Aggregate",
              "Strategy": "Plain",
              "Partial Mode": "Partial",
              "Parent Relationship": "Outer",
              "Parallel Aware": false,
              "Startup Cost": 335002.59,
              "Total Cost": 335002.6,
              "Plan Rows": 1,
              "Plan Width": 8,
              "Actual Startup Time": 663.279,
              "Actual Total Time": 663.28,
              "Actual Rows": 1,
              "Actual Loops": 7,
              "Plans": [
                {
                  "Node Type": "Seq Scan",
                  "Parent Relationship": "Outer",
                  "Parallel Aware": true,
                  "Relation Name": "cast_info",
                  "Alias": "ci",
                  "Startup Cost": 0.0,
                  "Total Cost": 328162.03,
                  "Plan Rows": 2736227,
                  "Plan Width": 0,
                  "Actual Startup Time": 0.049,
                  "Actual Total Time": 566.664,
                  "Actual Rows": 2345878,
                  "Actual Loops": 7,
                  "Filter": "(person_id < 1626148)",
                  "Rows Removed by Filter": 2831885
                }
              ]
            }
          ]
        }
      ]
    },
    "Planning Time": 0.161,
    "Triggers": [],
    "Execution Time": 736.757
  }
]