[
  {
    "Plan": {
      "Node Type": "Aggregate",
      "Strategy": "Plain",
      "Partial Mode": "Finalize",
      "Parallel Aware": false,
      "Startup Cost": 349988.01,
      "Total Cost": 349988.02,
      "Plan Rows": 1,
      "Plan Width": 8,
      "Actual Startup Time": 719.703,
      "Actual Total Time": 786.845,
      "Actual Rows": 1,
      "Actual Loops": 1,
      "Plans": [
        {
          "Node Type": "Gather",
          "Parent Relationship": "Outer",
          "Parallel Aware": false,
          "Startup Cost": 349987.38,
          "Total Cost": 349987.99,
          "Plan Rows": 6,
          "Plan Width": 8,
          "Actual Startup Time": 719.541,
          "Actual Total Time": 786.836,
          "Actual Rows": 7,
          "Actual Loops": 1,
          "Workers Planned": 6,
          "Workers Launched": 6,
          "Single Copy": false,
          "Plans": [
            {
              "Node Type": "Aggregate",
              "Strategy": "Plain",
              "Partial Mode": "Partial",
              "Parent Relationship": "Outer",
              "Parallel Aware": false,
              "Startup Cost": 348987.38,
              "Total Cost": 348987.39,
              "Plan Rows": 1,
              "Plan Width": 8,
              "Actual Startup Time": 710.204,
              "Actual Total Time": 710.205,
              "Actual Rows": 1,
              "Actual Loops": 7,
              "Plans": [
                {
                  "Node Type": "Seq Scan",
                  "Parent Relationship": "Outer",
                  "Parallel Aware": true,
                  "Relation Name": "cast_info",
                  "Alias": "ci",
                  "Startup Cost": 0.0,
                  "Total Cost": 343257.03,
                  "Plan Rows": 2292142,
                  "Plan Width": 0,
                  "Actual Startup Time": 326.844,
                  "Actual Total Time": 630.583,
                  "Actual Rows": 2066718,
                  "Actual Loops": 7,
                  "Filter": "((person_id > 578438) AND (role_id > 2))",
                  "Rows Removed by Filter": 3111045
                }
              ]
            }
          ]
        }
      ]
    },
    "Planning Time": 0.236,
    "Triggers": [],
    "Execution Time": 786.917
  }
]