{
  "Plan": {
    "Node Type": "Aggregate",
    "Strategy": "Plain",
    "Partial Mode": "Finalize",
    "Parallel Aware": false,
    "Startup Cost": 652788.73,
    "Total Cost": 652788.74,
    "Plan Rows": 1,
    "Plan Width": 8,
    "Actual Startup Time": 2572.696,
    "Actual Total Time": 2615.405,
    "Actual Rows": 1,
    "Actual Loops": 1,
    "Plans": [
      {
        "Node Type": "Gather",
        "Parent Relationship": "Outer",
        "Parallel Aware": false,
        "Startup Cost": 652788.62,
        "Total Cost": 652788.73,
        "Plan Rows": 1,
        "Plan Width": 8,
        "Actual Startup Time": 2564.325,
        "Actual Total Time": 2615.395,
        "Actual Rows": 2,
        "Actual Loops": 1,
        "Workers Planned": 1,
        "Workers Launched": 1,
        "Single Copy": false,
        "Plans": [
          {
            "Node Type": "Aggregate",
            "Strategy": "Plain",
            "Partial Mode": "Partial",
            "Parent Relationship": "Outer",
            "Parallel Aware": false,
            "Startup Cost": 651788.62,
            "Total Cost": 651788.63,
            "Plan Rows": 1,
            "Plan Width": 8,
            "Actual Startup Time": 2552.144,
            "Actual Total Time": 2552.148,
            "Actual Rows": 1,
            "Actual Loops": 2,
            "Plans": [
              {
                "Node Type": "Hash Join",
                "Parent Relationship": "Outer",
                "Parallel Aware": true,
                "Join Type": "Inner",
                "Startup Cost": 290562.44,
                "Total Cost": 642098.88,
                "Plan Rows": 3875894,
                "Plan Width": 0,
                "Actual Startup Time": 1474.012,
                "Actual Total Time": 2476.844,
                "Actual Rows": 1415948,
                "Actual Loops": 2,
                "Inner Unique": true,
                "Hash Cond": "(ci.movie_id = t.id)",
                "Plans": [
                  {
                    "Node Type": "Bitmap Heap Scan",
                    "Parent Relationship": "Outer",
                    "Parallel Aware": true,
                    "Relation Name": "cast_info",
                    "Alias": "ci",
                    "Startup Cost": 221101.74,
                    "Total Cost": 562463.94,
                    "Plan Rows": 3875894,
                    "Plan Width": 4,
                    "Actual Startup Time": 856.733,
                    "Actual Total Time": 1156.389,
                    "Actual Rows": 1415948,
                    "Actual Loops": 2,
                    "Recheck Cond": "(person_id < 994312)",
                    "Rows Removed by Index Recheck": 0,
                    "Filter": "(role_id > 1)",
                    "Rows Removed by Filter": 3641651,
                    "Exact Heap Blocks": 66603,
                    "Lossy Heap Blocks": 0,
                    "Plans": [
                      {
                        "Node Type": "Bitmap Index Scan",
                        "Parent Relationship": "Outer",
                        "Parallel Aware": false,
                        "Index Name": "person_id_cast_info",
                        "Startup Cost": 0.0,
                        "Total Cost": 219454.48,
                        "Plan Rows": 10049856,
                        "Plan Width": 0,
                        "Actual Startup Time": 439.353,
                        "Actual Total Time": 439.353,
                        "Actual Rows": 10115198,
                        "Actual Loops": 1,
                        "Index Cond": "(person_id < 994312)"
                      }
                    ]
                  },
                  {
                    "Node Type": "Hash",
                    "Parent Relationship": "Inner",
                    "Parallel Aware": true,
                    "Startup Cost": 50870.31,
                    "Total Cost": 50870.31,
                    "Plan Rows": 1487231,
                    "Plan Width": 4,
                    "Actual Startup Time": 595.324,
                    "Actual Total Time": 595.325,
                    "Actual Rows": 1264156,
                    "Actual Loops": 2,
                    "Hash Buckets": 4194304,
                    "Original Hash Buckets": 4194304,
                    "Hash Batches": 1,
                    "Original Hash Batches": 1,
                    "Peak Memory Usage": 131712,
                    "Plans": [
                      {
                        "Node Type": "Seq Scan",
                        "Parent Relationship": "Outer",
                        "Parallel Aware": true,
                        "Relation Name": "title",
                        "Alias": "t",
                        "Startup Cost": 0.0,
                        "Total Cost": 50870.31,
                        "Plan Rows": 1487231,
                        "Plan Width": 4,
                        "Actual Startup Time": 0.019,
                        "Actual Total Time": 183.111,
                        "Actual Rows": 1264156,
                        "Actual Loops": 2
                      }
                    ]
                  }
                ]
              }
            ]
          }
        ]
      }
    ]
  },
  "Planning Time": 0.619,
  "Triggers": [],
  "Execution Time": 2615.5
}