{
  "Plan": {
    "Node Type": "Aggregate",
    "Strategy": "Plain",
    "Partial Mode": "Simple",
    "Parallel Aware": false,
    "Startup Cost": 263961.43,
    "Total Cost": 263961.44,
    "Plan Rows": 1,
    "Plan Width": 96,
    "Actual Startup Time": 3197.117,
    "Actual Total Time": 3271.003,
    "Actual Rows": 1,
    "Actual Loops": 1,
    "Plans": [
      {
        "Node Type": "Gather",
        "Parent Relationship": "Outer",
        "Parallel Aware": false,
        "Startup Cost": 206420.0,
        "Total Cost": 263961.42,
        "Plan Rows": 1,
        "Plan Width": 42,
        "Actual Startup Time": 1671.757,
        "Actual Total Time": 3269.344,
        "Actual Rows": 8736,
        "Actual Loops": 1,
        "Workers Planned": 1,
        "Workers Launched": 1,
        "Single Copy": false,
        "Plans": [
          {
            "Node Type": "Nested Loop",
            "Parent Relationship": "Outer",
            "Parallel Aware": false,
            "Join Type": "Inner",
            "Startup Cost": 205420.0,
            "Total Cost": 262961.32,
            "Plan Rows": 1,
            "Plan Width": 42,
            "Actual Startup Time": 2079.653,
            "Actual Total Time": 3179.179,
            "Actual Rows": 4368,
            "Actual Loops": 2,
            "Inner Unique": true,
            "Plans": [
              {
                "Node Type": "Nested Loop",
                "Parent Relationship": "Outer",
                "Parallel Aware": false,
                "Join Type": "Inner",
                "Startup Cost": 205419.85,
                "Total Cost": 262960.65,
                "Plan Rows": 4,
                "Plan Width": 46,
                "Actual Startup Time": 2079.641,
                "Actual Total Time": 3173.816,
                "Actual Rows": 4371,
                "Actual Loops": 2,
                "Inner Unique": false,
                "Join Filter": "(t.id = mi.movie_id)",
                "Rows Removed by Join Filter": 0,
                "Plans": [
                  {
                    "Node Type": "Nested Loop",
                    "Parent Relationship": "Outer",
                    "Parallel Aware": false,
                    "Join Type": "Inner",
                    "Startup Cost": 205419.42,
                    "Total Cost": 262751.75,
                    "Plan Rows": 134,
                    "Plan Width": 54,
                    "Actual Startup Time": 2077.582,
                    "Actual Total Time": 2682.642,
                    "Actual Rows": 37682,
                    "Actual Loops": 2,
                    "Inner Unique": true,
                    "Plans": [
                      {
                        "Node Type": "Hash Join",
                        "Parent Relationship": "Outer",
                        "Parallel Aware": false,
                        "Join Type": "Inner",
                        "Startup Cost": 205419.0,
                        "Total Cost": 262587.64,
                        "Plan Rows": 368,
                        "Plan Width": 39,
                        "Actual Startup Time": 2077.439,
                        "Actual Total Time": 2470.016,
                        "Actual Rows": 88138,
                        "Actual Loops": 2,
                        "Inner Unique": true,
                        "Hash Cond": "(mc.company_type_id = ct.id)",
                        "Plans": [
                          {
                            "Node Type": "Hash Join",
                            "Parent Relationship": "Outer",
                            "Parallel Aware": false,
                            "Join Type": "Inner",
                            "Startup Cost": 205417.94,
                            "Total Cost": 262578.62,
                            "Plan Rows": 1472,
                            "Plan Width": 43,
                            "Actual Startup Time": 2077.123,
                            "Actual Total Time": 2446.651,
                            "Actual Rows": 194645,
                            "Actual Loops": 2,
                            "Inner Unique": true,
                            "Hash Cond": "(mi_idx.info_type_id = it2.id)",
                            "Plans": [
                              {
                                "Node Type": "Merge Join",
                                "Parent Relationship": "Outer",
                                "Parallel Aware": false,
                                "Join Type": "Inner",
                                "Startup Cost": 205415.51,
                                "Total Cost": 262123.06,
                                "Plan Rows": 166387,
                                "Plan Width": 47,
                                "Actual Startup Time": 2077.023,
                                "Actual Total Time": 2398.851,
                                "Actual Rows": 429512,
                                "Actual Loops": 2,
                                "Inner Unique": false,
                                "Merge Cond": "(mi_idx.movie_id = t.id)",
                                "Plans": [
                                  {
                                    "Node Type": "Index Scan",
                                    "Parent Relationship": "Outer",
                                    "Parallel Aware": true,
                                    "Scan Direction": "Forward",
                                    "Index Name": "movie_id_movie_info_idx",
                                    "Relation Name": "movie_info_idx",
                                    "Alias": "mi_idx",
                                    "Startup Cost": 0.43,
                                    "Total Cost": 49961.55,
                                    "Plan Rows": 577406,
                                    "Plan Width": 14,
                                    "Actual Startup Time": 0.059,
                                    "Actual Total Time": 139.309,
                                    "Actual Rows": 491735,
                                    "Actual Loops": 2,
                                    "Filter": "(info > '10'::text)",
                                    "Rows Removed by Filter": 198268
                                  },
                                  {
                                    "Node Type": "Sort",
                                    "Parent Relationship": "Inner",
                                    "Parallel Aware": false,
                                    "Startup Cost": 205414.98,
                                    "Total Cost": 207236.31,
                                    "Plan Rows": 728533,
                                    "Plan Width": 33,
                                    "Actual Startup Time": 2076.948,
                                    "Actual Total Time": 2126.732,
                                    "Actual Rows": 860339,
                                    "Actual Loops": 2,
                                    "Sort Key": [
                                      "t.id"
                                    ],
                                    "Sort Method": "quicksort",
                                    "Sort Space Used": 77829,
                                    "Sort Space Type": "Memory",
                                    "Workers": [
                                      {
                                        "Worker Number": 0,
                                        "Sort Method": "quicksort",
                                        "Sort Space Used": 77829,
                                        "Sort Space Type": "Memory"
                                      }
                                    ],
                                    "Plans": [
                                      {
                                        "Node Type": "Hash Join",
                                        "Parent Relationship": "Outer",
                                        "Parallel Aware": false,
                                        "Join Type": "Inner",
                                        "Startup Cost": 82745.14,
                                        "Total Cost": 134475.41,
                                        "Plan Rows": 728533,
                                        "Plan Width": 33,
                                        "Actual Startup Time": 671.718,
                                        "Actual Total Time": 1816.418,
                                        "Actual Rows": 628379,
                                        "Actual Loops": 2,
                                        "Inner Unique": true,
                                        "Hash Cond": "(mc.movie_id = t.id)",
                                        "Plans": [
                                          {
                                            "Node Type": "Seq Scan",
                                            "Parent Relationship": "Outer",
                                            "Parallel Aware": false,
                                            "Relation Name": "movie_companies",
                                            "Alias": "mc",
                                            "Startup Cost": 0.0,
                                            "Total Cost": 44881.29,
                                            "Plan Rows": 2609129,
                                            "Plan Width": 12,
                                            "Actual Startup Time": 0.033,
                                            "Actual Total Time": 285.353,
                                            "Actual Rows": 2609129,
                                            "Actual Loops": 2
                                          },
                                          {
                                            "Node Type": "Hash",
                                            "Parent Relationship": "Inner",
                                            "Parallel Aware": false,
                                            "Startup Cost": 73920.96,
                                            "Total Cost": 73920.96,
                                            "Plan Rows": 705935,
                                            "Plan Width": 21,
                                            "Actual Startup Time": 665.445,
                                            "Actual Total Time": 665.446,
                                            "Actual Rows": 700104,
                                            "Actual Loops": 2,
                                            "Hash Buckets": 1048576,
                                            "Original Hash Buckets": 1048576,
                                            "Hash Batches": 1,
                                            "Original Hash Batches": 1,
                                            "Peak Memory Usage": 45510,
                                            "Plans": [
                                              {
                                                "Node Type": "Seq Scan",
                                                "Parent Relationship": "Outer",
                                                "Parallel Aware": false,
                                                "Relation Name": "title",
                                                "Alias": "t",
                                                "Startup Cost": 0.0,
                                                "Total Cost": 73920.96,
                                                "Plan Rows": 705935,
                                                "Plan Width": 21,
                                                "Actual Startup Time": 0.051,
                                                "Actual Total Time": 394.567,
                                                "Actual Rows": 700104,
                                                "Actual Loops": 2,
                                                "Filter": "((production_year >= 1999) AND (production_year <= 2007))",
                                                "Rows Removed by Filter": 1828208
                                              }
                                            ]
                                          }
                                        ]
                                      }
                                    ]
                                  }
                                ]
                              },
                              {
                                "Node Type": "Hash",
                                "Parent Relationship": "Inner",
                                "Parallel Aware": false,
                                "Startup Cost": 2.41,
                                "Total Cost": 2.41,
                                "Plan Rows": 1,
                                "Plan Width": 4,
                                "Actual Startup Time": 0.049,
                                "Actual Total Time": 0.05,
                                "Actual Rows": 1,
                                "Actual Loops": 2,
                                "Hash Buckets": 1024,
                                "Original Hash Buckets": 1024,
                                "Hash Batches": 1,
                                "Original Hash Batches": 1,
                                "Peak Memory Usage": 9,
                                "Plans": [
                                  {
                                    "Node Type": "Seq Scan",
                                    "Parent Relationship": "Outer",
                                    "Parallel Aware": false,
                                    "Relation Name": "info_type",
                                    "Alias": "it2",
                                    "Startup Cost": 0.0,
                                    "Total Cost": 2.41,
                                    "Plan Rows": 1,
                                    "Plan Width": 4,
                                    "Actual Startup Time": 0.039,
                                    "Actual Total Time": 0.043,
                                    "Actual Rows": 1,
                                    "Actual Loops": 2,
                                    "Filter": "((info)::text = 'rating'::text)",
                                    "Rows Removed by Filter": 112
                                  }
                                ]
                              }
                            ]
                          },
                          {
                            "Node Type": "Hash",
                            "Parent Relationship": "Inner",
                            "Parallel Aware": false,
                            "Startup Cost": 1.05,
                            "Total Cost": 1.05,
                            "Plan Rows": 1,
                            "Plan Width": 4,
                            "Actual Startup Time": 0.072,
                            "Actual Total Time": 0.073,
                            "Actual Rows": 1,
                            "Actual Loops": 2,
                            "Hash Buckets": 1024,
                            "Original Hash Buckets": 1024,
                            "Hash Batches": 1,
                            "Original Hash Batches": 1,
                            "Peak Memory Usage": 9,
                            "Plans": [
                              {
                                "Node Type": "Seq Scan",
                                "Parent Relationship": "Outer",
                                "Parallel Aware": false,
                                "Relation Name": "company_type",
                                "Alias": "ct",
                                "Startup Cost": 0.0,
                                "Total Cost": 1.05,
                                "Plan Rows": 1,
                                "Plan Width": 4,
                                "Actual Startup Time": 0.056,
                                "Actual Total Time": 0.058,
                                "Actual Rows": 1,
                                "Actual Loops": 2,
                                "Filter": "((kind)::text = 'production companies'::text)",
                                "Rows Removed by Filter": 3
                              }
                            ]
                          }
                        ]
                      },
                      {
                        "Node Type": "Index Scan",
                        "Parent Relationship": "Inner",
                        "Parallel Aware": false,
                        "Scan Direction": "Forward",
                        "Index Name": "company_name_pkey",
                        "Relation Name": "company_name",
                        "Alias": "cn",
                        "Startup Cost": 0.42,
                        "Total Cost": 0.45,
                        "Plan Rows": 1,
                        "Plan Width": 23,
                        "Actual Startup Time": 0.002,
                        "Actual Total Time": 0.002,
                        "Actual Rows": 0,
                        "Actual Loops": 176276,
                        "Index Cond": "(id = mc.company_id)",
                        "Rows Removed by Index Recheck": 0,
                        "Filter": "((country_code)::text = '[us]'::text)",
                        "Rows Removed by Filter": 1
                      }
                    ]
                  },
                  {
                    "Node Type": "Index Scan",
                    "Parent Relationship": "Inner",
                    "Parallel Aware": false,
                    "Scan Direction": "Forward",
                    "Index Name": "movie_id_movie_info",
                    "Relation Name": "movie_info",
                    "Alias": "mi",
                    "Startup Cost": 0.43,
                    "Total Cost": 1.55,
                    "Plan Rows": 1,
                    "Plan Width": 8,
                    "Actual Startup Time": 0.013,
                    "Actual Total Time": 0.013,
                    "Actual Rows": 0,
                    "Actual Loops": 75365,
                    "Index Cond": "(movie_id = mc.movie_id)",
                    "Rows Removed by Index Recheck": 0,
                    "Filter": "(info = ANY ('{Family,Thriller}'::text[]))",
                    "Rows Removed by Filter": 32
                  }
                ]
              },
              {
                "Node Type": "Index Scan",
                "Parent Relationship": "Inner",
                "Parallel Aware": false,
                "Scan Direction": "Forward",
                "Index Name": "info_type_pkey",
                "Relation Name": "info_type",
                "Alias": "it1",
                "Startup Cost": 0.14,
                "Total Cost": 0.16,
                "Plan Rows": 1,
                "Plan Width": 4,
                "Actual Startup Time": 0.001,
                "Actual Total Time": 0.001,
                "Actual Rows": 1,
                "Actual Loops": 8742,
                "Index Cond": "(id = mi.info_type_id)",
                "Rows Removed by Index Recheck": 0,
                "Filter": "((info)::text = 'genres'::text)",
                "Rows Removed by Filter": 0
              }
            ]
          }
        ]
      }
    ]
  },
  "Planning Time": 2.236,
  "Triggers": [],
  "Execution Time": 3271.911
}