[
  {
    "Plan": {
      "Node Type": "Aggregate",
      "Strategy": "Plain",
      "Partial Mode": "Finalize",
      "Parallel Aware": false,
      "Startup Cost": 45817.7,
      "Total Cost": 45817.71,
      "Plan Rows": 1,
      "Plan Width": 8,
      "Actual Startup Time": 228.549,
      "Actual Total Time": 245.288,
      "Actual Rows": 1,
      "Actual Loops": 1,
      "Plans": [
        {
          "Node Type": "Gather",
          "Parent Relationship": "Outer",
          "Parallel Aware": false,
          "Startup Cost": 45817.39,
          "Total Cost": 45817.7,
          "Plan Rows": 3,
          "Plan Width": 8,
          "Actual Startup Time": 228.385,
          "Actual Total Time": 245.275,
          "Actual Rows": 4,
          "Actual Loops": 1,
          "Workers Planned": 3,
          "Workers Launched": 3,
          "Single Copy": false,
          "Plans": [
            {
              "Node Type": "Aggregate",
              "Strategy": "Plain",
              "Partial Mode": "Partial",
              "Parent Relationship": "Outer",
              "Parallel Aware": false,
              "Startup Cost": 44817.39,
              "Total Cost": 44817.4,
              "Plan Rows": 1,
              "Plan Width": 8,
              "Actual Startup Time": 220.821,
              "Actual Total Time": 220.823,
              "Actual Rows": 1,
              "Actual Loops": 4,
              "Plans": [
                {
                  "Node Type": "Seq Scan",
                  "Parent Relationship": "Outer",
                  "Parallel Aware": true,
                  "Relation Name": "movie_keyword",
                  "Alias": "mk",
                  "Startup Cost": 0.0,
                  "Total Cost": 42695.65,
                  "Plan Rows": 848693,
                  "Plan Width": 0,
                  "Actual Startup Time": 0.061,
                  "Actual Total Time": 177.086,
                  "Actual Rows": 661676,
                  "Actual Loops": 4,
                  "Filter": "(keyword_id < 7304)",
                  "Rows Removed by Filter": 469306
                }
              ]
            }
          ]
        }
      ]
    },
    "Planning Time": 0.218,
    "Triggers": [],
    "Execution Time": 245.357
  }
]