[
  {
    "Plan": {
      "Node Type": "Aggregate",
      "Strategy": "Plain",
      "Partial Mode": "Finalize",
      "Parallel Aware": false,
      "Startup Cost": 45831.93,
      "Total Cost": 45831.94,
      "Plan Rows": 1,
      "Plan Width": 8,
      "Actual Startup Time": 168.662,
      "Actual Total Time": 178.433,
      "Actual Rows": 1,
      "Actual Loops": 1,
      "Plans": [
        {
          "Node Type": "Gather",
          "Parent Relationship": "Outer",
          "Parallel Aware": false,
          "Startup Cost": 45831.61,
          "Total Cost": 45831.92,
          "Plan Rows": 3,
          "Plan Width": 8,
          "Actual Startup Time": 168.569,
          "Actual Total Time": 178.426,
          "Actual Rows": 4,
          "Actual Loops": 1,
          "Workers Planned": 3,
          "Workers Launched": 3,
          "Single Copy": false,
          "Plans": [
            {
              "Node Type": "Aggregate",
              "Strategy": "Plain",
              "Partial Mode": "Partial",
              "Parent Relationship": "Outer",
              "Parallel Aware": false,
              "Startup Cost": 44831.61,
              "Total Cost": 44831.62,
              "Plan Rows": 1,
              "Plan Width": 8,
              "Actual Startup Time": 159.88,
              "Actual Total Time": 159.881,
              "Actual Rows": 1,
              "Actual Loops": 4,
              "Plans": [
                {
                  "Node Type": "Seq Scan",
                  "Parent Relationship": "Outer",
                  "Parallel Aware": true,
                  "Relation Name": "movie_keyword",
                  "Alias": "mk",
                  "Startup Cost": 0.0,
                  "Total Cost": 42695.65,
                  "Plan Rows": 854384,
                  "Plan Width": 0,
                  "Actual Startup Time": 0.06,
                  "Actual Total Time": 126.319,
                  "Actual Rows": 661676,
                  "Actual Loops": 4,
                  "Filter": "(keyword_id < 7304)",
                  "Rows Removed by Filter": 469306
                }
              ]
            }
          ]
        }
      ]
    },
    "Planning Time": 0.152,
    "Triggers": [],
    "Execution Time": 178.483
  }
]