[
    {
        "Bao": {
            "Bao prediction": "NaN",
            "Bao recommended hint": "(no hint)"
        }
    },
    {
        "Plan": {
            "Node Type": "Aggregate",
            "Strategy": "Plain",
            "Partial Mode": "Finalize",
            "Parallel Aware": false,
            "Startup Cost": 32700.52,
            "Total Cost": 32700.53,
            "Plan Rows": 1,
            "Plan Width": 8,
            "Actual Startup Time": 75.886,
            "Actual Total Time": 81.844,
            "Actual Rows": 1,
            "Actual Loops": 1,
            "Output": [
                "count(*)"
            ],
            "Plans": [
                {
                    "Node Type": "Gather",
                    "Parent Relationship": "Outer",
                    "Parallel Aware": false,
                    "Startup Cost": 32700.21,
                    "Total Cost": 32700.52,
                    "Plan Rows": 3,
                    "Plan Width": 8,
                    "Actual Startup Time": 75.8,
                    "Actual Total Time": 81.839,
                    "Actual Rows": 4,
                    "Actual Loops": 1,
                    "Output": [
                        "(PARTIAL count(*))"
                    ],
                    "Workers Planned": 3,
                    "Workers Launched": 3,
                    "Single Copy": false,
                    "Plans": [
                        {
                            "Node Type": "Aggregate",
                            "Strategy": "Plain",
                            "Partial Mode": "Partial",
                            "Parent Relationship": "Outer",
                            "Parallel Aware": false,
                            "Startup Cost": 31700.21,
                            "Total Cost": 31700.22,
                            "Plan Rows": 1,
                            "Plan Width": 8,
                            "Actual Startup Time": 67.848,
                            "Actual Total Time": 67.85,
                            "Actual Rows": 1,
                            "Actual Loops": 4,
                            "Output": [
                                "PARTIAL count(*)"
                            ],
                            "Workers": [
                                {
                                    "Worker Number": 0,
                                    "Actual Startup Time": 65.055,
                                    "Actual Total Time": 65.056,
                                    "Actual Rows": 1,
                                    "Actual Loops": 1
                                },
                                {
                                    "Worker Number": 1,
                                    "Actual Startup Time": 65.145,
                                    "Actual Total Time": 65.147,
                                    "Actual Rows": 1,
                                    "Actual Loops": 1
                                },
                                {
                                    "Worker Number": 2,
                                    "Actual Startup Time": 65.67,
                                    "Actual Total Time": 65.671,
                                    "Actual Rows": 1,
                                    "Actual Loops": 1
                                }
                            ],
                            "Plans": [
                                {
                                    "Node Type": "Seq Scan",
                                    "Parent Relationship": "Outer",
                                    "Parallel Aware": true,
                                    "Relation Name": "movie_companies",
                                    "Schema": "public",
                                    "Alias": "mc",
                                    "Startup Cost": 0.0,
                                    "Total Cost": 31414.82,
                                    "Plan Rows": 114155,
                                    "Plan Width": 0,
                                    "Actual Startup Time": 25.422,
                                    "Actual Total Time": 67.272,
                                    "Actual Rows": 10129,
                                    "Actual Loops": 4,
                                    "Output": [
                                        "id",
                                        "movie_id",
                                        "company_id",
                                        "company_type_id",
                                        "note"
                                    ],
                                    "Filter": "((mc.company_id > 42054) AND (mc.company_type_id = 1))",
                                    "Rows Removed by Filter": 642153,
                                    "Workers": [
                                        {
                                            "Worker Number": 0,
                                            "Actual Startup Time": 22.63,
                                            "Actual Total Time": 64.518,
                                            "Actual Rows": 7942,
                                            "Actual Loops": 1
                                        },
                                        {
                                            "Worker Number": 1,
                                            "Actual Startup Time": 22.721,
                                            "Actual Total Time": 64.582,
                                            "Actual Rows": 8500,
                                            "Actual Loops": 1
                                        },
                                        {
                                            "Worker Number": 2,
                                            "Actual Startup Time": 23.251,
                                            "Actual Total Time": 65.109,
                                            "Actual Rows": 8076,
                                            "Actual Loops": 1
                                        }
                                    ]
                                }
                            ]
                        }
                    ]
                }
            ]
        },
        "Planning Time": 185.929,
        "Triggers": [],
        "Execution Time": 81.893
    }
]