{
  "Plan": {
    "Node Type": "Aggregate",
    "Strategy": "Plain",
    "Partial Mode": "Finalize",
    "Parallel Aware": false,
    "Startup Cost": 219602.09,
    "Total Cost": 219602.1,
    "Plan Rows": 1,
    "Plan Width": 8,
    "Actual Startup Time": 594.736,
    "Actual Total Time": 643.336,
    "Actual Rows": 1,
    "Actual Loops": 1,
    "Plans": [
      {
        "Node Type": "Gather",
        "Parent Relationship": "Outer",
        "Parallel Aware": false,
        "Startup Cost": 219601.98,
        "Total Cost": 219602.09,
        "Plan Rows": 1,
        "Plan Width": 8,
        "Actual Startup Time": 593.427,
        "Actual Total Time": 643.327,
        "Actual Rows": 2,
        "Actual Loops": 1,
        "Workers Planned": 1,
        "Workers Launched": 1,
        "Single Copy": false,
        "Plans": [
          {
            "Node Type": "Aggregate",
            "Strategy": "Plain",
            "Partial Mode": "Partial",
            "Parent Relationship": "Outer",
            "Parallel Aware": false,
            "Startup Cost": 218601.98,
            "Total Cost": 218601.99,
            "Plan Rows": 1,
            "Plan Width": 8,
            "Actual Startup Time": 587.52,
            "Actual Total Time": 587.524,
            "Actual Rows": 1,
            "Actual Loops": 2,
            "Plans": [
              {
                "Node Type": "Nested Loop",
                "Parent Relationship": "Outer",
                "Parallel Aware": false,
                "Join Type": "Inner",
                "Startup Cost": 56278.87,
                "Total Cost": 218489.96,
                "Plan Rows": 44807,
                "Plan Width": 0,
                "Actual Startup Time": 189.341,
                "Actual Total Time": 585.014,
                "Actual Rows": 34631,
                "Actual Loops": 2,
                "Inner Unique": false,
                "Join Filter": "(t.id = mi.movie_id)",
                "Rows Removed by Join Filter": 0,
                "Plans": [
                  {
                    "Node Type": "Hash Join",
                    "Parent Relationship": "Outer",
                    "Parallel Aware": true,
                    "Join Type": "Inner",
                    "Startup Cost": 56278.44,
                    "Total Cost": 74462.23,
                    "Plan Rows": 73799,
                    "Plan Width": 8,
                    "Actual Startup Time": 189.176,
                    "Actual Total Time": 334.535,
                    "Actual Rows": 34736,
                    "Actual Loops": 2,
                    "Inner Unique": true,
                    "Hash Cond": "(mi_idx.movie_id = t.id)",
                    "Plans": [
                      {
                        "Node Type": "Seq Scan",
                        "Parent Relationship": "Outer",
                        "Parallel Aware": true,
                        "Relation Name": "movie_info_idx",
                        "Alias": "mi_idx",
                        "Startup Cost": 0.0,
                        "Total Cost": 16052.85,
                        "Plan Rows": 811785,
                        "Plan Width": 4,
                        "Actual Startup Time": 0.021,
                        "Actual Total Time": 53.238,
                        "Actual Rows": 690018,
                        "Actual Loops": 2
                      },
                      {
                        "Node Type": "Hash",
                        "Parent Relationship": "Inner",
                        "Parallel Aware": true,
                        "Startup Cost": 54588.39,
                        "Total Cost": 54588.39,
                        "Plan Rows": 135204,
                        "Plan Width": 4,
                        "Actual Startup Time": 186.064,
                        "Actual Total Time": 186.065,
                        "Actual Rows": 115824,
                        "Actual Loops": 2,
                        "Hash Buckets": 262144,
                        "Original Hash Buckets": 262144,
                        "Hash Batches": 1,
                        "Original Hash Batches": 1,
                        "Peak Memory Usage": 11136,
                        "Plans": [
                          {
                            "Node Type": "Seq Scan",
                            "Parent Relationship": "Outer",
                            "Parallel Aware": true,
                            "Relation Name": "title",
                            "Alias": "t",
                            "Startup Cost": 0.0,
                            "Total Cost": 54588.39,
                            "Plan Rows": 135204,
                            "Plan Width": 4,
                            "Actual Startup Time": 0.027,
                            "Actual Total Time": 154.308,
                            "Actual Rows": 115824,
                            "Actual Loops": 2,
                            "Filter": "(production_year > 2011)",
                            "Rows Removed by Filter": 1148332
                          }
                        ]
                      }
                    ]
                  },
                  {
                    "Node Type": "Index Scan",
                    "Parent Relationship": "Inner",
                    "Parallel Aware": false,
                    "Scan Direction": "Forward",
                    "Index Name": "movie_id_movie_info",
                    "Relation Name": "movie_info",
                    "Alias": "mi",
                    "Startup Cost": 0.43,
                    "Total Cost": 1.9,
                    "Plan Rows": 4,
                    "Plan Width": 4,
                    "Actual Startup Time": 0.007,
                    "Actual Total Time": 0.007,
                    "Actual Rows": 1,
                    "Actual Loops": 69471,
                    "Index Cond": "(movie_id = mi_idx.movie_id)",
                    "Rows Removed by Index Recheck": 0,
                    "Filter": "(info_type_id = 3)",
                    "Rows Removed by Filter": 10
                  }
                ]
              }
            ]
          }
        ]
      }
    ]
  },
  "Planning Time": 1.049,
  "Triggers": [],
  "Execution Time": 643.433
}