[
    {
        "Bao": {
            "Bao prediction": "NaN",
            "Bao recommended hint": "(no hint)"
        }
    },
    {
        "Plan": {
            "Node Type": "Aggregate",
            "Strategy": "Plain",
            "Partial Mode": "Finalize",
            "Parallel Aware": false,
            "Startup Cost": 248120.81,
            "Total Cost": 248120.82,
            "Plan Rows": 1,
            "Plan Width": 8,
            "Actual Startup Time": 523.53,
            "Actual Total Time": 541.716,
            "Actual Rows": 1,
            "Actual Loops": 1,
            "Output": [
                "count(*)"
            ],
            "Plans": [
                {
                    "Node Type": "Gather",
                    "Parent Relationship": "Outer",
                    "Parallel Aware": false,
                    "Startup Cost": 248120.18,
                    "Total Cost": 248120.79,
                    "Plan Rows": 6,
                    "Plan Width": 8,
                    "Actual Startup Time": 522.3,
                    "Actual Total Time": 541.706,
                    "Actual Rows": 7,
                    "Actual Loops": 1,
                    "Output": [
                        "(PARTIAL count(*))"
                    ],
                    "Workers Planned": 6,
                    "Workers Launched": 6,
                    "Single Copy": false,
                    "Plans": [
                        {
                            "Node Type": "Aggregate",
                            "Strategy": "Plain",
                            "Partial Mode": "Partial",
                            "Parent Relationship": "Outer",
                            "Parallel Aware": false,
                            "Startup Cost": 247120.18,
                            "Total Cost": 247120.19,
                            "Plan Rows": 1,
                            "Plan Width": 8,
                            "Actual Startup Time": 511.347,
                            "Actual Total Time": 511.35,
                            "Actual Rows": 1,
                            "Actual Loops": 7,
                            "Output": [
                                "PARTIAL count(*)"
                            ],
                            "Workers": [
                                {
                                    "Worker Number": 0,
                                    "Actual Startup Time": 508.65,
                                    "Actual Total Time": 508.654,
                                    "Actual Rows": 1,
                                    "Actual Loops": 1
                                },
                                {
                                    "Worker Number": 1,
                                    "Actual Startup Time": 509.4,
                                    "Actual Total Time": 509.403,
                                    "Actual Rows": 1,
                                    "Actual Loops": 1
                                },
                                {
                                    "Worker Number": 2,
                                    "Actual Startup Time": 509.636,
                                    "Actual Total Time": 509.64,
                                    "Actual Rows": 1,
                                    "Actual Loops": 1
                                },
                                {
                                    "Worker Number": 3,
                                    "Actual Startup Time": 509.685,
                                    "Actual Total Time": 509.688,
                                    "Actual Rows": 1,
                                    "Actual Loops": 1
                                },
                                {
                                    "Worker Number": 4,
                                    "Actual Startup Time": 510.202,
                                    "Actual Total Time": 510.204,
                                    "Actual Rows": 1,
                                    "Actual Loops": 1
                                },
                                {
                                    "Worker Number": 5,
                                    "Actual Startup Time": 510.521,
                                    "Actual Total Time": 510.524,
                                    "Actual Rows": 1,
                                    "Actual Loops": 1
                                }
                            ],
                            "Plans": [
                                {
                                    "Node Type": "Hash Join",
                                    "Parent Relationship": "Outer",
                                    "Parallel Aware": true,
                                    "Join Type": "Inner",
                                    "Startup Cost": 45960.71,
                                    "Total Cost": 246930.56,
                                    "Plan Rows": 75850,
                                    "Plan Width": 0,
                                    "Actual Startup Time": 89.124,
                                    "Actual Total Time": 507.967,
                                    "Actual Rows": 48288,
                                    "Actual Loops": 7,
                                    "Inner Unique": true,
                                    "Hash Cond": "(ci.movie_id = t.id)",
                                    "Workers": [
                                        {
                                            "Worker Number": 0,
                                            "Actual Startup Time": 86.396,
                                            "Actual Total Time": 505.271,
                                            "Actual Rows": 40402,
                                            "Actual Loops": 1
                                        },
                                        {
                                            "Worker Number": 1,
                                            "Actual Startup Time": 86.968,
                                            "Actual Total Time": 505.872,
                                            "Actual Rows": 41940,
                                            "Actual Loops": 1
                                        },
                                        {
                                            "Worker Number": 2,
                                            "Actual Startup Time": 87.605,
                                            "Actual Total Time": 506.104,
                                            "Actual Rows": 42269,
                                            "Actual Loops": 1
                                        },
                                        {
                                            "Worker Number": 3,
                                            "Actual Startup Time": 87.882,
                                            "Actual Total Time": 506.311,
                                            "Actual Rows": 39986,
                                            "Actual Loops": 1
                                        },
                                        {
                                            "Worker Number": 4,
                                            "Actual Startup Time": 87.973,
                                            "Actual Total Time": 506.67,
                                            "Actual Rows": 42278,
                                            "Actual Loops": 1
                                        },
                                        {
                                            "Worker Number": 5,
                                            "Actual Startup Time": 88.201,
                                            "Actual Total Time": 507.328,
                                            "Actual Rows": 61749,
                                            "Actual Loops": 1
                                        }
                                    ],
                                    "Plans": [
                                        {
                                            "Node Type": "Index Scan",
                                            "Parent Relationship": "Outer",
                                            "Parallel Aware": true,
                                            "Scan Direction": "Forward",
                                            "Index Name": "role_id_cast_info",
                                            "Relation Name": "cast_info",
                                            "Schema": "public",
                                            "Alias": "ci",
                                            "Startup Cost": 0.56,
                                            "Total Cost": 197699.43,
                                            "Plan Rows": 1246088,
                                            "Plan Width": 4,
                                            "Actual Startup Time": 0.17,
                                            "Actual Total Time": 233.379,
                                            "Actual Rows": 1064568,
                                            "Actual Loops": 7,
                                            "Output": [
                                                "ci.id",
                                                "ci.person_id",
                                                "ci.movie_id",
                                                "ci.person_role_id",
                                                "ci.note",
                                                "ci.nr_order",
                                                "ci.role_id"
                                            ],
                                            "Index Cond": "(ci.role_id = 2)",
                                            "Rows Removed by Index Recheck": 0,
                                            "Workers": [
                                                {
                                                    "Worker Number": 0,
                                                    "Actual Startup Time": 0.071,
                                                    "Actual Total Time": 230.349,
                                                    "Actual Rows": 901291,
                                                    "Actual Loops": 1
                                                },
                                                {
                                                    "Worker Number": 1,
                                                    "Actual Startup Time": 0.207,
                                                    "Actual Total Time": 234.569,
                                                    "Actual Rows": 918450,
                                                    "Actual Loops": 1
                                                },
                                                {
                                                    "Worker Number": 2,
                                                    "Actual Startup Time": 0.144,
                                                    "Actual Total Time": 232.908,
                                                    "Actual Rows": 927030,
                                                    "Actual Loops": 1
                                                },
                                                {
                                                    "Worker Number": 3,
                                                    "Actual Startup Time": 0.291,
                                                    "Actual Total Time": 232.32,
                                                    "Actual Rows": 902850,
                                                    "Actual Loops": 1
                                                },
                                                {
                                                    "Worker Number": 4,
                                                    "Actual Startup Time": 0.279,
                                                    "Actual Total Time": 233.597,
                                                    "Actual Rows": 927810,
                                                    "Actual Loops": 1
                                                },
                                                {
                                                    "Worker Number": 5,
                                                    "Actual Startup Time": 0.17,
                                                    "Actual Total Time": 238.08,
                                                    "Actual Rows": 1360172,
                                                    "Actual Loops": 1
                                                }
                                            ]
                                        },
                                        {
                                            "Node Type": "Hash",
                                            "Parent Relationship": "Inner",
                                            "Parallel Aware": true,
                                            "Startup Cost": 45479.21,
                                            "Total Cost": 45479.21,
                                            "Plan Rows": 38475,
                                            "Plan Width": 4,
                                            "Actual Startup Time": 87.069,
                                            "Actual Total Time": 87.07,
                                            "Actual Rows": 19251,
                                            "Actual Loops": 7,
                                            "Output": [
                                                "t.id"
                                            ],
                                            "Hash Buckets": 262144,
                                            "Original Hash Buckets": 262144,
                                            "Hash Batches": 1,
                                            "Original Hash Batches": 1,
                                            "Peak Memory Usage": 7424,
                                            "Workers": [
                                                {
                                                    "Worker Number": 0,
                                                    "Actual Startup Time": 85.675,
                                                    "Actual Total Time": 85.677,
                                                    "Actual Rows": 14097,
                                                    "Actual Loops": 1
                                                },
                                                {
                                                    "Worker Number": 1,
                                                    "Actual Startup Time": 86.193,
                                                    "Actual Total Time": 86.194,
                                                    "Actual Rows": 15106,
                                                    "Actual Loops": 1
                                                },
                                                {
                                                    "Worker Number": 2,
                                                    "Actual Startup Time": 86.605,
                                                    "Actual Total Time": 86.607,
                                                    "Actual Rows": 15259,
                                                    "Actual Loops": 1
                                                },
                                                {
                                                    "Worker Number": 3,
                                                    "Actual Startup Time": 86.547,
                                                    "Actual Total Time": 86.548,
                                                    "Actual Rows": 14418,
                                                    "Actual Loops": 1
                                                },
                                                {
                                                    "Worker Number": 4,
                                                    "Actual Startup Time": 87.211,
                                                    "Actual Total Time": 87.212,
                                                    "Actual Rows": 15117,
                                                    "Actual Loops": 1
                                                },
                                                {
                                                    "Worker Number": 5,
                                                    "Actual Startup Time": 87.525,
                                                    "Actual Total Time": 87.526,
                                                    "Actual Rows": 24061,
                                                    "Actual Loops": 1
                                                }
                                            ],
                                            "Plans": [
                                                {
                                                    "Node Type": "Seq Scan",
                                                    "Parent Relationship": "Outer",
                                                    "Parallel Aware": true,
                                                    "Relation Name": "title",
                                                    "Schema": "public",
                                                    "Alias": "t",
                                                    "Startup Cost": 0.0,
                                                    "Total Cost": 45479.21,
                                                    "Plan Rows": 38475,
                                                    "Plan Width": 4,
                                                    "Actual Startup Time": 0.08,
                                                    "Actual Total Time": 78.365,
                                                    "Actual Rows": 19251,
                                                    "Actual Loops": 7,
                                                    "Output": [
                                                        "t.id"
                                                    ],
                                                    "Filter": "((t.kind_id < 7) AND (t.production_year > 2010))",
                                                    "Rows Removed by Filter": 341936,
                                                    "Workers": [
                                                        {
                                                            "Worker Number": 0,
                                                            "Actual Startup Time": 0.084,
                                                            "Actual Total Time": 76.789,
                                                            "Actual Rows": 14097,
                                                            "Actual Loops": 1
                                                        },
                                                        {
                                                            "Worker Number": 1,
                                                            "Actual Startup Time": 0.039,
                                                            "Actual Total Time": 77.864,
                                                            "Actual Rows": 15106,
                                                            "Actual Loops": 1
                                                        },
                                                        {
                                                            "Worker Number": 2,
                                                            "Actual Startup Time": 0.045,
                                                            "Actual Total Time": 78.519,
                                                            "Actual Rows": 15259,
                                                            "Actual Loops": 1
                                                        },
                                                        {
                                                            "Worker Number": 3,
                                                            "Actual Startup Time": 0.047,
                                                            "Actual Total Time": 77.932,
                                                            "Actual Rows": 14418,
                                                            "Actual Loops": 1
                                                        },
                                                        {
                                                            "Worker Number": 4,
                                                            "Actual Startup Time": 0.177,
                                                            "Actual Total Time": 78.912,
                                                            "Actual Rows": 15117,
                                                            "Actual Loops": 1
                                                        },
                                                        {
                                                            "Worker Number": 5,
                                                            "Actual Startup Time": 0.093,
                                                            "Actual Total Time": 78.364,
                                                            "Actual Rows": 24061,
                                                            "Actual Loops": 1
                                                        }
                                                    ]
                                                }
                                            ]
                                        }
                                    ]
                                }
                            ]
                        }
                    ]
                }
            ]
        },
        "Planning Time": 198.695,
        "Triggers": [],
        "Execution Time": 541.834
    }
]