[
  {
    "Plan": {
      "Node Type": "Aggregate",
      "Strategy": "Plain",
      "Partial Mode": "Finalize",
      "Parallel Aware": false,
      "Startup Cost": 83682.07,
      "Total Cost": 83682.08,
      "Plan Rows": 1,
      "Plan Width": 8,
      "Actual Startup Time": 447.03,
      "Actual Total Time": 462.057,
      "Actual Rows": 1,
      "Actual Loops": 1,
      "Plans": [
        {
          "Node Type": "Gather",
          "Parent Relationship": "Outer",
          "Parallel Aware": false,
          "Startup Cost": 83681.65,
          "Total Cost": 83682.06,
          "Plan Rows": 4,
          "Plan Width": 8,
          "Actual Startup Time": 437.735,
          "Actual Total Time": 462.047,
          "Actual Rows": 5,
          "Actual Loops": 1,
          "Workers Planned": 4,
          "Workers Launched": 4,
          "Single Copy": false,
          "Plans": [
            {
              "Node Type": "Aggregate",
              "Strategy": "Plain",
              "Partial Mode": "Partial",
              "Parent Relationship": "Outer",
              "Parallel Aware": false,
              "Startup Cost": 82681.65,
              "Total Cost": 82681.66,
              "Plan Rows": 1,
              "Plan Width": 8,
              "Actual Startup Time": 423.452,
              "Actual Total Time": 423.455,
              "Actual Rows": 1,
              "Actual Loops": 5,
              "Plans": [
                {
                  "Node Type": "Hash Join",
                  "Parent Relationship": "Outer",
                  "Parallel Aware": true,
                  "Join Type": "Inner",
                  "Startup Cost": 35686.21,
                  "Total Cost": 82019.58,
                  "Plan Rows": 264826,
                  "Plan Width": 0,
                  "Actual Startup Time": 168.038,
                  "Actual Total Time": 412.627,
                  "Actual Rows": 238910,
                  "Actual Loops": 5,
                  "Inner Unique": false,
                  "Hash Cond": "(t.id = mc.movie_id)",
                  "Plans": [
                    {
                      "Node Type": "Seq Scan",
                      "Parent Relationship": "Outer",
                      "Parallel Aware": true,
                      "Relation Name": "title",
                      "Alias": "t",
                      "Startup Cost": 0.0,
                      "Total Cost": 42318.73,
                      "Plan Rows": 632073,
                      "Plan Width": 4,
                      "Actual Startup Time": 0.01,
                      "Actual Total Time": 65.722,
                      "Actual Rows": 505662,
                      "Actual Loops": 5
                    },
                    {
                      "Node Type": "Hash",
                      "Parent Relationship": "Inner",
                      "Parallel Aware": true,
                      "Startup Cost": 31414.82,
                      "Total Cost": 31414.82,
                      "Plan Rows": 341711,
                      "Plan Width": 4,
                      "Actual Startup Time": 161.384,
                      "Actual Total Time": 161.385,
                      "Actual Rows": 238910,
                      "Actual Loops": 5,
                      "Hash Buckets": 2097152,
                      "Original Hash Buckets": 2097152,
                      "Hash Batches": 1,
                      "Original Hash Batches": 1,
                      "Peak Memory Usage": 63200,
                      "Plans": [
                        {
                          "Node Type": "Seq Scan",
                          "Parent Relationship": "Outer",
                          "Parallel Aware": true,
                          "Relation Name": "movie_companies",
                          "Alias": "mc",
                          "Startup Cost": 0.0,
                          "Total Cost": 31414.82,
                          "Plan Rows": 341711,
                          "Plan Width": 4,
                          "Actual Startup Time": 45.159,
                          "Actual Total Time": 80.415,
                          "Actual Rows": 238910,
                          "Actual Loops": 5,
                          "Filter": "((company_id > 475) AND (company_type_id = 2))",
                          "Rows Removed by Filter": 282916
                        }
                      ]
                    }
                  ]
                }
              ]
            }
          ]
        }
      ]
    },
    "Planning Time": 0.66,
    "Triggers": [],
    "Execution Time": 462.137
  }
]