[
    {
        "Bao": {
            "Bao prediction": "NaN",
            "Bao recommended hint": "(no hint)"
        }
    },
    {
        "Plan": {
            "Node Type": "Aggregate",
            "Strategy": "Plain",
            "Partial Mode": "Finalize",
            "Parallel Aware": false,
            "Startup Cost": 33127.74,
            "Total Cost": 33127.75,
            "Plan Rows": 1,
            "Plan Width": 8,
            "Actual Startup Time": 104.432,
            "Actual Total Time": 110.802,
            "Actual Rows": 1,
            "Actual Loops": 1,
            "Output": [
                "count(*)"
            ],
            "Plans": [
                {
                    "Node Type": "Gather",
                    "Parent Relationship": "Outer",
                    "Parallel Aware": false,
                    "Startup Cost": 33127.42,
                    "Total Cost": 33127.73,
                    "Plan Rows": 3,
                    "Plan Width": 8,
                    "Actual Startup Time": 104.325,
                    "Actual Total Time": 110.793,
                    "Actual Rows": 4,
                    "Actual Loops": 1,
                    "Output": [
                        "(PARTIAL count(*))"
                    ],
                    "Workers Planned": 3,
                    "Workers Launched": 3,
                    "Single Copy": false,
                    "Plans": [
                        {
                            "Node Type": "Aggregate",
                            "Strategy": "Plain",
                            "Partial Mode": "Partial",
                            "Parent Relationship": "Outer",
                            "Parallel Aware": false,
                            "Startup Cost": 32127.42,
                            "Total Cost": 32127.43,
                            "Plan Rows": 1,
                            "Plan Width": 8,
                            "Actual Startup Time": 95.951,
                            "Actual Total Time": 95.952,
                            "Actual Rows": 1,
                            "Actual Loops": 4,
                            "Output": [
                                "PARTIAL count(*)"
                            ],
                            "Workers": [
                                {
                                    "Worker Number": 0,
                                    "Actual Startup Time": 93.283,
                                    "Actual Total Time": 93.284,
                                    "Actual Rows": 1,
                                    "Actual Loops": 1
                                },
                                {
                                    "Worker Number": 1,
                                    "Actual Startup Time": 93.428,
                                    "Actual Total Time": 93.429,
                                    "Actual Rows": 1,
                                    "Actual Loops": 1
                                },
                                {
                                    "Worker Number": 2,
                                    "Actual Startup Time": 93.432,
                                    "Actual Total Time": 93.432,
                                    "Actual Rows": 1,
                                    "Actual Loops": 1
                                }
                            ],
                            "Plans": [
                                {
                                    "Node Type": "Seq Scan",
                                    "Parent Relationship": "Outer",
                                    "Parallel Aware": true,
                                    "Relation Name": "movie_companies",
                                    "Schema": "public",
                                    "Alias": "mc",
                                    "Startup Cost": 0.0,
                                    "Total Cost": 31414.82,
                                    "Plan Rows": 285040,
                                    "Plan Width": 0,
                                    "Actual Startup Time": 0.069,
                                    "Actual Total Time": 78.334,
                                    "Actual Rows": 299663,
                                    "Actual Loops": 4,
                                    "Output": [
                                        "id",
                                        "movie_id",
                                        "company_id",
                                        "company_type_id",
                                        "note"
                                    ],
                                    "Filter": "((mc.company_id < 29406) AND (mc.company_type_id = 1))",
                                    "Rows Removed by Filter": 352620,
                                    "Workers": [
                                        {
                                            "Worker Number": 0,
                                            "Actual Startup Time": 0.065,
                                            "Actual Total Time": 77.057,
                                            "Actual Rows": 275238,
                                            "Actual Loops": 1
                                        },
                                        {
                                            "Worker Number": 1,
                                            "Actual Startup Time": 0.095,
                                            "Actual Total Time": 77.136,
                                            "Actual Rows": 278187,
                                            "Actual Loops": 1
                                        },
                                        {
                                            "Worker Number": 2,
                                            "Actual Startup Time": 0.094,
                                            "Actual Total Time": 77.184,
                                            "Actual Rows": 280077,
                                            "Actual Loops": 1
                                        }
                                    ]
                                }
                            ]
                        }
                    ]
                }
            ]
        },
        "Planning Time": 277.012,
        "Triggers": [],
        "Execution Time": 110.878
    }
]