[
  {
    "Plan": {
      "Node Type": "Aggregate",
      "Strategy": "Plain",
      "Partial Mode": "Finalize",
      "Parallel Aware": false,
      "Startup Cost": 125496.56,
      "Total Cost": 125496.57,
      "Plan Rows": 1,
      "Plan Width": 8,
      "Actual Startup Time": 663.692,
      "Actual Total Time": 717.562,
      "Actual Rows": 1,
      "Actual Loops": 1,
      "Plans": [
        {
          "Node Type": "Gather",
          "Parent Relationship": "Outer",
          "Parallel Aware": false,
          "Startup Cost": 125496.25,
          "Total Cost": 125496.56,
          "Plan Rows": 3,
          "Plan Width": 8,
          "Actual Startup Time": 662.2,
          "Actual Total Time": 717.55,
          "Actual Rows": 4,
          "Actual Loops": 1,
          "Workers Planned": 3,
          "Workers Launched": 3,
          "Single Copy": false,
          "Plans": [
            {
              "Node Type": "Aggregate",
              "Strategy": "Plain",
              "Partial Mode": "Partial",
              "Parent Relationship": "Outer",
              "Parallel Aware": false,
              "Startup Cost": 124496.25,
              "Total Cost": 124496.26,
              "Plan Rows": 1,
              "Plan Width": 8,
              "Actual Startup Time": 653.058,
              "Actual Total Time": 653.061,
              "Actual Rows": 1,
              "Actual Loops": 4,
              "Plans": [
                {
                  "Node Type": "Nested Loop",
                  "Parent Relationship": "Outer",
                  "Parallel Aware": false,
                  "Join Type": "Inner",
                  "Startup Cost": 45897.33,
                  "Total Cost": 124226.74,
                  "Plan Rows": 107803,
                  "Plan Width": 0,
                  "Actual Startup Time": 149.244,
                  "Actual Total Time": 631.107,
                  "Actual Rows": 486283,
                  "Actual Loops": 4,
                  "Inner Unique": false,
                  "Join Filter": "(t.id = mi.movie_id)",
                  "Rows Removed by Join Filter": 0,
                  "Plans": [
                    {
                      "Node Type": "Hash Join",
                      "Parent Relationship": "Outer",
                      "Parallel Aware": true,
                      "Join Type": "Inner",
                      "Startup Cost": 45896.9,
                      "Total Cost": 78226.91,
                      "Plan Rows": 18436,
                      "Plan Width": 8,
                      "Actual Startup Time": 149.166,
                      "Actual Total Time": 239.25,
                      "Actual Rows": 36266,
                      "Actual Loops": 4,
                      "Inner Unique": true,
                      "Hash Cond": "(mc.movie_id = t.id)",
                      "Plans": [
                        {
                          "Node Type": "Seq Scan",
                          "Parent Relationship": "Outer",
                          "Parallel Aware": true,
                          "Relation Name": "movie_companies",
                          "Alias": "mc",
                          "Startup Cost": 0.0,
                          "Total Cost": 31414.82,
                          "Plan Rows": 348646,
                          "Plan Width": 4,
                          "Actual Startup Time": 30.306,
                          "Actual Total Time": 66.539,
                          "Actual Rows": 211672,
                          "Actual Loops": 4,
                          "Filter": "((company_id < 74824) AND (company_type_id = 2))",
                          "Rows Removed by Filter": 440610
                        },
                        {
                          "Node Type": "Hash",
                          "Parent Relationship": "Inner",
                          "Parallel Aware": true,
                          "Startup Cost": 45479.1,
                          "Total Cost": 45479.1,
                          "Plan Rows": 33424,
                          "Plan Width": 4,
                          "Actual Startup Time": 116.294,
                          "Actual Total Time": 116.294,
                          "Actual Rows": 59946,
                          "Actual Loops": 4,
                          "Hash Buckets": 262144,
                          "Original Hash Buckets": 262144,
                          "Hash Batches": 1,
                          "Original Hash Batches": 1,
                          "Peak Memory Usage": 11520,
                          "Plans": [
                            {
                              "Node Type": "Seq Scan",
                              "Parent Relationship": "Outer",
                              "Parallel Aware": true,
                              "Relation Name": "title",
                              "Alias": "t",
                              "Startup Cost": 0.0,
                              "Total Cost": 45479.1,
                              "Plan Rows": 33424,
                              "Plan Width": 4,
                              "Actual Startup Time": 0.16,
                              "Actual Total Time": 96.716,
                              "Actual Rows": 59946,
                              "Actual Loops": 4,
                              "Filter": "((kind_id < 7) AND (production_year < 1969))",
                              "Rows Removed by Filter": 572132
                            }
                          ]
                        }
                      ]
                    },
                    {
                      "Node Type": "Index Only Scan",
                      "Parent Relationship": "Inner",
                      "Parallel Aware": false,
                      "Scan Direction": "Forward",
                      "Index Name": "movie_id_movie_info",
                      "Relation Name": "movie_info",
                      "Alias": "mi",
                      "Startup Cost": 0.43,
                      "Total Cost": 1.97,
                      "Plan Rows": 42,
                      "Plan Width": 4,
                      "Actual Startup Time": 0.003,
                      "Actual Total Time": 0.01,
                      "Actual Rows": 13,
                      "Actual Loops": 145062,
                      "Index Cond": "(movie_id = mc.movie_id)",
                      "Rows Removed by Index Recheck": 0,
                      "Heap Fetches": 1945132
                    }
                  ]
                }
              ]
            }
          ]
        }
      ]
    },
    "Planning Time": 1.449,
    "Triggers": [],
    "Execution Time": 717.668
  }
]