[
  {
    "Plan": {
      "Node Type": "Aggregate",
      "Strategy": "Plain",
      "Partial Mode": "Finalize",
      "Parallel Aware": false,
      "Startup Cost": 45549.4,
      "Total Cost": 45549.41,
      "Plan Rows": 1,
      "Plan Width": 8,
      "Actual Startup Time": 174.402,
      "Actual Total Time": 182.611,
      "Actual Rows": 1,
      "Actual Loops": 1,
      "Plans": [
        {
          "Node Type": "Gather",
          "Parent Relationship": "Outer",
          "Parallel Aware": false,
          "Startup Cost": 45549.08,
          "Total Cost": 45549.39,
          "Plan Rows": 3,
          "Plan Width": 8,
          "Actual Startup Time": 174.166,
          "Actual Total Time": 182.602,
          "Actual Rows": 4,
          "Actual Loops": 1,
          "Workers Planned": 3,
          "Workers Launched": 3,
          "Single Copy": false,
          "Plans": [
            {
              "Node Type": "Aggregate",
              "Strategy": "Plain",
              "Partial Mode": "Partial",
              "Parent Relationship": "Outer",
              "Parallel Aware": false,
              "Startup Cost": 44549.08,
              "Total Cost": 44549.09,
              "Plan Rows": 1,
              "Plan Width": 8,
              "Actual Startup Time": 166.558,
              "Actual Total Time": 166.559,
              "Actual Rows": 1,
              "Actual Loops": 4,
              "Plans": [
                {
                  "Node Type": "Seq Scan",
                  "Parent Relationship": "Outer",
                  "Parallel Aware": true,
                  "Relation Name": "movie_keyword",
                  "Alias": "mk",
                  "Startup Cost": 0.0,
                  "Total Cost": 42695.65,
                  "Plan Rows": 741370,
                  "Plan Width": 0,
                  "Actual Startup Time": 0.056,
                  "Actual Total Time": 132.848,
                  "Actual Rows": 575428,
                  "Actual Loops": 4,
                  "Filter": "(keyword_id < 4929)",
                  "Rows Removed by Filter": 555554
                }
              ]
            }
          ]
        }
      ]
    },
    "Planning Time": 0.187,
    "Triggers": [],
    "Execution Time": 182.668
  }
]