{
  "Plan": {
    "Node Type": "Aggregate",
    "Strategy": "Plain",
    "Partial Mode": "Finalize",
    "Parallel Aware": false,
    "Startup Cost": 703935.72,
    "Total Cost": 703935.73,
    "Plan Rows": 1,
    "Plan Width": 8,
    "Actual Startup Time": 2377.338,
    "Actual Total Time": 2455.101,
    "Actual Rows": 1,
    "Actual Loops": 1,
    "Plans": [
      {
        "Node Type": "Gather",
        "Parent Relationship": "Outer",
        "Parallel Aware": false,
        "Startup Cost": 703935.61,
        "Total Cost": 703935.72,
        "Plan Rows": 1,
        "Plan Width": 8,
        "Actual Startup Time": 2375.918,
        "Actual Total Time": 2455.09,
        "Actual Rows": 2,
        "Actual Loops": 1,
        "Workers Planned": 1,
        "Workers Launched": 1,
        "Single Copy": false,
        "Plans": [
          {
            "Node Type": "Aggregate",
            "Strategy": "Plain",
            "Partial Mode": "Partial",
            "Parent Relationship": "Outer",
            "Parallel Aware": false,
            "Startup Cost": 702935.61,
            "Total Cost": 702935.62,
            "Plan Rows": 1,
            "Plan Width": 8,
            "Actual Startup Time": 2369.88,
            "Actual Total Time": 2370.156,
            "Actual Rows": 1,
            "Actual Loops": 2,
            "Plans": [
              {
                "Node Type": "Hash Join",
                "Parent Relationship": "Outer",
                "Parallel Aware": true,
                "Join Type": "Inner",
                "Startup Cost": 668500.61,
                "Total Cost": 702653.91,
                "Plan Rows": 112678,
                "Plan Width": 0,
                "Actual Startup Time": 2191.859,
                "Actual Total Time": 2365.936,
                "Actual Rows": 95682,
                "Actual Loops": 2,
                "Inner Unique": false,
                "Hash Cond": "(mk.movie_id = t.id)",
                "Plans": [
                  {
                    "Node Type": "Bitmap Heap Scan",
                    "Parent Relationship": "Outer",
                    "Parallel Aware": true,
                    "Relation Name": "movie_keyword",
                    "Alias": "mk",
                    "Startup Cost": 18619.61,
                    "Total Cost": 49528.25,
                    "Plan Rows": 516371,
                    "Plan Width": 4,
                    "Actual Startup Time": 51.499,
                    "Actual Total Time": 146.116,
                    "Actual Rows": 445113,
                    "Actual Loops": 2,
                    "Recheck Cond": "(keyword_id < 843)",
                    "Rows Removed by Index Recheck": 0,
                    "Exact Heap Blocks": 12282,
                    "Lossy Heap Blocks": 0,
                    "Plans": [
                      {
                        "Node Type": "Bitmap Index Scan",
                        "Parent Relationship": "Outer",
                        "Parallel Aware": false,
                        "Index Name": "keyword_id_movie_keyword",
                        "Startup Cost": 0.0,
                        "Total Cost": 18400.16,
                        "Plan Rows": 877830,
                        "Plan Width": 0,
                        "Actual Startup Time": 47.93,
                        "Actual Total Time": 47.931,
                        "Actual Rows": 890226,
                        "Actual Loops": 1,
                        "Index Cond": "(keyword_id < 843)"
                      }
                    ]
                  },
                  {
                    "Node Type": "Hash",
                    "Parent Relationship": "Inner",
                    "Parallel Aware": true,
                    "Startup Cost": 645824.35,
                    "Total Cost": 645824.35,
                    "Plan Rows": 324532,
                    "Plan Width": 8,
                    "Actual Startup Time": 2131.54,
                    "Actual Total Time": 2131.813,
                    "Actual Rows": 239563,
                    "Actual Loops": 2,
                    "Hash Buckets": 1048576,
                    "Original Hash Buckets": 1048576,
                    "Hash Batches": 1,
                    "Original Hash Batches": 1,
                    "Peak Memory Usage": 26976,
                    "Plans": [
                      {
                        "Node Type": "Hash Join",
                        "Parent Relationship": "Outer",
                        "Parallel Aware": true,
                        "Join Type": "Inner",
                        "Startup Cost": 59434.12,
                        "Total Cost": 645824.35,
                        "Plan Rows": 324532,
                        "Plan Width": 8,
                        "Actual Startup Time": 925.68,
                        "Actual Total Time": 2056.859,
                        "Actual Rows": 239563,
                        "Actual Loops": 2,
                        "Inner Unique": true,
                        "Hash Cond": "(ci.movie_id = t.id)",
                        "Plans": [
                          {
                            "Node Type": "Seq Scan",
                            "Parent Relationship": "Outer",
                            "Parallel Aware": true,
                            "Relation Name": "cast_info",
                            "Alias": "ci",
                            "Startup Cost": 0.0,
                            "Total Cost": 572345.93,
                            "Plan Rows": 5350202,
                            "Plan Width": 4,
                            "Actual Startup Time": 764.865,
                            "Actual Total Time": 1525.419,
                            "Actual Rows": 3133776,
                            "Actual Loops": 2,
                            "Filter": "((person_id > 2639136) AND (role_id < 9))",
                            "Rows Removed by Filter": 14988396
                          },
                          {
                            "Node Type": "Hash",
                            "Parent Relationship": "Inner",
                            "Parallel Aware": true,
                            "Startup Cost": 58306.47,
                            "Total Cost": 58306.47,
                            "Plan Rows": 90212,
                            "Plan Width": 4,
                            "Actual Startup Time": 159.238,
                            "Actual Total Time": 159.239,
                            "Actual Rows": 67380,
                            "Actual Loops": 2,
                            "Hash Buckets": 262144,
                            "Original Hash Buckets": 262144,
                            "Hash Batches": 1,
                            "Original Hash Batches": 1,
                            "Peak Memory Usage": 7360,
                            "Plans": [
                              {
                                "Node Type": "Seq Scan",
                                "Parent Relationship": "Outer",
                                "Parallel Aware": true,
                                "Relation Name": "title",
                                "Alias": "t",
                                "Startup Cost": 0.0,
                                "Total Cost": 58306.47,
                                "Plan Rows": 90212,
                                "Plan Width": 4,
                                "Actual Startup Time": 0.063,
                                "Actual Total Time": 141.158,
                                "Actual Rows": 67380,
                                "Actual Loops": 2,
                                "Filter": "((kind_id < 7) AND (production_year > 2010))",
                                "Rows Removed by Filter": 1196776
                              }
                            ]
                          }
                        ]
                      }
                    ]
                  }
                ]
              }
            ]
          }
        ]
      }
    ]
  },
  "Planning Time": 1.028,
  "Triggers": [],
  "Execution Time": 2455.229
}