[
  {
    "Plan": {
      "Node Type": "Aggregate",
      "Strategy": "Plain",
      "Partial Mode": "Finalize",
      "Parallel Aware": false,
      "Startup Cost": 95723.03,
      "Total Cost": 95723.04,
      "Plan Rows": 1,
      "Plan Width": 8,
      "Actual Startup Time": 468.138,
      "Actual Total Time": 485.463,
      "Actual Rows": 1,
      "Actual Loops": 1,
      "Plans": [
        {
          "Node Type": "Gather",
          "Parent Relationship": "Outer",
          "Parallel Aware": false,
          "Startup Cost": 95722.71,
          "Total Cost": 95723.02,
          "Plan Rows": 3,
          "Plan Width": 8,
          "Actual Startup Time": 464.831,
          "Actual Total Time": 485.455,
          "Actual Rows": 4,
          "Actual Loops": 1,
          "Workers Planned": 3,
          "Workers Launched": 3,
          "Single Copy": false,
          "Plans": [
            {
              "Node Type": "Aggregate",
              "Strategy": "Plain",
              "Partial Mode": "Partial",
              "Parent Relationship": "Outer",
              "Parallel Aware": false,
              "Startup Cost": 94722.71,
              "Total Cost": 94722.72,
              "Plan Rows": 1,
              "Plan Width": 8,
              "Actual Startup Time": 455.235,
              "Actual Total Time": 455.24,
              "Actual Rows": 1,
              "Actual Loops": 4,
              "Plans": [
                {
                  "Node Type": "Hash Join",
                  "Parent Relationship": "Outer",
                  "Parallel Aware": true,
                  "Join Type": "Inner",
                  "Startup Cost": 63737.96,
                  "Total Cost": 94489.46,
                  "Plan Rows": 93299,
                  "Plan Width": 0,
                  "Actual Startup Time": 287.111,
                  "Actual Total Time": 438.408,
                  "Actual Rows": 385706,
                  "Actual Loops": 4,
                  "Inner Unique": false,
                  "Hash Cond": "(mc.movie_id = t.id)",
                  "Plans": [
                    {
                      "Node Type": "Seq Scan",
                      "Parent Relationship": "Outer",
                      "Parallel Aware": true,
                      "Relation Name": "movie_companies",
                      "Alias": "mc",
                      "Startup Cost": 0.0,
                      "Total Cost": 27206.55,
                      "Plan Rows": 841655,
                      "Plan Width": 4,
                      "Actual Startup Time": 0.034,
                      "Actual Total Time": 60.581,
                      "Actual Rows": 652282,
                      "Actual Loops": 4
                    },
                    {
                      "Node Type": "Hash",
                      "Parent Relationship": "Inner",
                      "Parallel Aware": true,
                      "Startup Cost": 62278.23,
                      "Total Cost": 62278.23,
                      "Plan Rows": 116778,
                      "Plan Width": 8,
                      "Actual Startup Time": 256.383,
                      "Actual Total Time": 256.388,
                      "Actual Rows": 103839,
                      "Actual Loops": 4,
                      "Hash Buckets": 524288,
                      "Original Hash Buckets": 524288,
                      "Hash Batches": 1,
                      "Original Hash Batches": 1,
                      "Peak Memory Usage": 20416,
                      "Plans": [
                        {
                          "Node Type": "Hash Join",
                          "Parent Relationship": "Outer",
                          "Parallel Aware": true,
                          "Join Type": "Inner",
                          "Startup Cost": 47083.67,
                          "Total Cost": 62278.23,
                          "Plan Rows": 116778,
                          "Plan Width": 8,
                          "Actual Startup Time": 174.578,
                          "Actual Total Time": 231.084,
                          "Actual Rows": 103839,
                          "Actual Loops": 4,
                          "Inner Unique": true,
                          "Hash Cond": "(mi_idx.movie_id = t.id)",
                          "Plans": [
                            {
                              "Node Type": "Seq Scan",
                              "Parent Relationship": "Outer",
                              "Parallel Aware": true,
                              "Relation Name": "movie_info_idx",
                              "Alias": "mi_idx",
                              "Startup Cost": 0.0,
                              "Total Cost": 13685.15,
                              "Plan Rows": 575015,
                              "Plan Width": 4,
                              "Actual Startup Time": 0.023,
                              "Actual Total Time": 29.557,
                              "Actual Rows": 345009,
                              "Actual Loops": 4
                            },
                            {
                              "Node Type": "Hash",
                              "Parent Relationship": "Inner",
                              "Parallel Aware": true,
                              "Startup Cost": 45479.1,
                              "Total Cost": 45479.1,
                              "Plan Rows": 128366,
                              "Plan Width": 4,
                              "Actual Startup Time": 143.116,
                              "Actual Total Time": 143.117,
                              "Actual Rows": 96644,
                              "Actual Loops": 4,
                              "Hash Buckets": 524288,
                              "Original Hash Buckets": 524288,
                              "Hash Batches": 1,
                              "Original Hash Batches": 1,
                              "Peak Memory Usage": 19296,
                              "Plans": [
                                {
                                  "Node Type": "Seq Scan",
                                  "Parent Relationship": "Outer",
                                  "Parallel Aware": true,
                                  "Relation Name": "title",
                                  "Alias": "t",
                                  "Startup Cost": 0.0,
                                  "Total Cost": 45479.1,
                                  "Plan Rows": 128366,
                                  "Plan Width": 4,
                                  "Actual Startup Time": 50.827,
                                  "Actual Total Time": 107.896,
                                  "Actual Rows": 96644,
                                  "Actual Loops": 4,
                                  "Filter": "((production_year > 1979) AND (kind_id = 1))",
                                  "Rows Removed by Filter": 535434
                                }
                              ]
                            }
                          ]
                        }
                      ]
                    }
                  ]
                }
              ]
            }
          ]
        }
      ]
    },
    "Planning Time": 1.336,
    "Triggers": [],
    "Execution Time": 485.541
  }
]