{
  "Plan": {
    "Node Type": "Aggregate",
    "Strategy": "Plain",
    "Partial Mode": "Finalize",
    "Parallel Aware": false,
    "Startup Cost": 3836254.14,
    "Total Cost": 3836254.15,
    "Plan Rows": 1,
    "Plan Width": 8,
    "Actual Startup Time": 37785.129,
    "Actual Total Time": 37899.021,
    "Actual Rows": 1,
    "Actual Loops": 1,
    "Plans": [
      {
        "Node Type": "Gather",
        "Parent Relationship": "Outer",
        "Parallel Aware": false,
        "Startup Cost": 3836254.02,
        "Total Cost": 3836254.13,
        "Plan Rows": 1,
        "Plan Width": 8,
        "Actual Startup Time": 37756.85,
        "Actual Total Time": 37899.011,
        "Actual Rows": 2,
        "Actual Loops": 1,
        "Workers Planned": 1,
        "Workers Launched": 1,
        "Single Copy": false,
        "Plans": [
          {
            "Node Type": "Aggregate",
            "Strategy": "Plain",
            "Partial Mode": "Partial",
            "Parent Relationship": "Outer",
            "Parallel Aware": false,
            "Startup Cost": 3835254.02,
            "Total Cost": 3835254.03,
            "Plan Rows": 1,
            "Plan Width": 8,
            "Actual Startup Time": 37750.837,
            "Actual Total Time": 37750.845,
            "Actual Rows": 1,
            "Actual Loops": 2,
            "Plans": [
              {
                "Node Type": "Merge Join",
                "Parent Relationship": "Outer",
                "Parallel Aware": false,
                "Join Type": "Inner",
                "Startup Cost": 1062870.83,
                "Total Cost": 3721849.89,
                "Plan Rows": 45361654,
                "Plan Width": 0,
                "Actual Startup Time": 6649.187,
                "Actual Total Time": 33634.493,
                "Actual Rows": 98088378,
                "Actual Loops": 2,
                "Inner Unique": false,
                "Merge Cond": "(ci.movie_id = t.id)",
                "Plans": [
                  {
                    "Node Type": "Index Only Scan",
                    "Parent Relationship": "Outer",
                    "Parallel Aware": true,
                    "Scan Direction": "Forward",
                    "Index Name": "movie_id_cast_info",
                    "Relation Name": "cast_info",
                    "Alias": "ci",
                    "Startup Cost": 0.56,
                    "Total Cost": 1925345.15,
                    "Plan Rows": 21310595,
                    "Plan Width": 4,
                    "Actual Startup Time": 0.114,
                    "Actual Total Time": 13853.837,
                    "Actual Rows": 18122172,
                    "Actual Loops": 2,
                    "Heap Fetches": 36244344
                  },
                  {
                    "Node Type": "Sort",
                    "Parent Relationship": "Inner",
                    "Parallel Aware": false,
                    "Startup Cost": 1062828.3,
                    "Total Cost": 1076282.59,
                    "Plan Rows": 5381715,
                    "Plan Width": 8,
                    "Actual Startup Time": 6646.814,
                    "Actual Total Time": 10262.191,
                    "Actual Rows": 101613832,
                    "Actual Loops": 2,
                    "Sort Key": [
                      "mi.movie_id"
                    ],
                    "Sort Method": "quicksort",
                    "Sort Space Used": 511601,
                    "Sort Space Type": "Memory",
                    "Workers": [
                      {
                        "Worker Number": 0,
                        "Sort Method": "quicksort",
                        "Sort Space Used": 511601,
                        "Sort Space Type": "Memory"
                      }
                    ],
                    "Plans": [
                      {
                        "Node Type": "Hash Join",
                        "Parent Relationship": "Outer",
                        "Parallel Aware": false,
                        "Join Type": "Inner",
                        "Startup Cost": 80965.78,
                        "Total Cost": 461162.4,
                        "Plan Rows": 5381715,
                        "Plan Width": 8,
                        "Actual Startup Time": 536.282,
                        "Actual Total Time": 5150.762,
                        "Actual Rows": 6719835,
                        "Actual Loops": 2,
                        "Inner Unique": true,
                        "Hash Cond": "(mi.movie_id = t.id)",
                        "Plans": [
                          {
                            "Node Type": "Seq Scan",
                            "Parent Relationship": "Outer",
                            "Parallel Aware": false,
                            "Relation Name": "movie_info",
                            "Alias": "mi",
                            "Startup Cost": 0.0,
                            "Total Cost": 346788.81,
                            "Plan Rows": 12726764,
                            "Plan Width": 4,
                            "Actual Startup Time": 0.046,
                            "Actual Total Time": 1516.358,
                            "Actual Rows": 12744652,
                            "Actual Loops": 2,
                            "Filter": "(info_type_id > 2)",
                            "Rows Removed by Filter": 2091068
                          },
                          {
                            "Node Type": "Hash",
                            "Parent Relationship": "Inner",
                            "Parallel Aware": false,
                            "Startup Cost": 67601.66,
                            "Total Cost": 67601.66,
                            "Plan Rows": 1069129,
                            "Plan Width": 4,
                            "Actual Startup Time": 523.092,
                            "Actual Total Time": 523.094,
                            "Actual Rows": 1074765,
                            "Actual Loops": 2,
                            "Hash Buckets": 2097152,
                            "Original Hash Buckets": 2097152,
                            "Hash Batches": 1,
                            "Original Hash Batches": 1,
                            "Peak Memory Usage": 54169,
                            "Plans": [
                              {
                                "Node Type": "Seq Scan",
                                "Parent Relationship": "Outer",
                                "Parallel Aware": false,
                                "Relation Name": "title",
                                "Alias": "t",
                                "Startup Cost": 0.0,
                                "Total Cost": 67601.66,
                                "Plan Rows": 1069129,
                                "Plan Width": 4,
                                "Actual Startup Time": 0.033,
                                "Actual Total Time": 274.509,
                                "Actual Rows": 1074765,
                                "Actual Loops": 2,
                                "Filter": "(production_year < 2001)",
                                "Rows Removed by Filter": 1453547
                              }
                            ]
                          }
                        ]
                      }
                    ]
                  }
                ]
              }
            ]
          }
        ]
      }
    ]
  },
  "Planning Time": 0.728,
  "Triggers": [],
  "Execution Time": 37941.495
}