{
  "Plan": {
    "Node Type": "Aggregate",
    "Strategy": "Plain",
    "Partial Mode": "Finalize",
    "Parallel Aware": false,
    "Startup Cost": 356856.14,
    "Total Cost": 356856.15,
    "Plan Rows": 1,
    "Plan Width": 8,
    "Actual Startup Time": 1957.66,
    "Actual Total Time": 1980.843,
    "Actual Rows": 1,
    "Actual Loops": 1,
    "Plans": [
      {
        "Node Type": "Gather",
        "Parent Relationship": "Outer",
        "Parallel Aware": false,
        "Startup Cost": 356856.03,
        "Total Cost": 356856.14,
        "Plan Rows": 1,
        "Plan Width": 8,
        "Actual Startup Time": 1956.014,
        "Actual Total Time": 1980.834,
        "Actual Rows": 2,
        "Actual Loops": 1,
        "Workers Planned": 1,
        "Workers Launched": 1,
        "Single Copy": false,
        "Plans": [
          {
            "Node Type": "Aggregate",
            "Strategy": "Plain",
            "Partial Mode": "Partial",
            "Parent Relationship": "Outer",
            "Parallel Aware": false,
            "Startup Cost": 355856.03,
            "Total Cost": 355856.04,
            "Plan Rows": 1,
            "Plan Width": 8,
            "Actual Startup Time": 1950.401,
            "Actual Total Time": 1950.404,
            "Actual Rows": 1,
            "Actual Loops": 2,
            "Plans": [
              {
                "Node Type": "Hash Join",
                "Parent Relationship": "Outer",
                "Parallel Aware": true,
                "Join Type": "Inner",
                "Startup Cost": 64324.52,
                "Total Cost": 352196.48,
                "Plan Rows": 1463819,
                "Plan Width": 0,
                "Actual Startup Time": 251.354,
                "Actual Total Time": 1887.925,
                "Actual Rows": 1460604,
                "Actual Loops": 2,
                "Inner Unique": true,
                "Hash Cond": "(ci.movie_id = t.id)",
                "Plans": [
                  {
                    "Node Type": "Index Scan",
                    "Parent Relationship": "Outer",
                    "Parallel Aware": true,
                    "Scan Direction": "Forward",
                    "Index Name": "role_id_cast_info",
                    "Relation Name": "cast_info",
                    "Alias": "ci",
                    "Startup Cost": 0.56,
                    "Total Cost": 276001.42,
                    "Plan Rows": 4522316,
                    "Plan Width": 4,
                    "Actual Startup Time": 0.066,
                    "Actual Total Time": 656.18,
                    "Actual Rows": 4007592,
                    "Actual Loops": 2,
                    "Index Cond": "(role_id > 5)",
                    "Rows Removed by Index Recheck": 0,
                    "Filter": "(person_id > 375927)",
                    "Rows Removed by Filter": 235565
                  },
                  {
                    "Node Type": "Hash",
                    "Parent Relationship": "Inner",
                    "Parallel Aware": true,
                    "Startup Cost": 58306.47,
                    "Total Cost": 58306.47,
                    "Plan Rows": 481399,
                    "Plan Width": 4,
                    "Actual Startup Time": 241.787,
                    "Actual Total Time": 241.788,
                    "Actual Rows": 362952,
                    "Actual Loops": 2,
                    "Hash Buckets": 1048576,
                    "Original Hash Buckets": 1048576,
                    "Hash Batches": 1,
                    "Original Hash Batches": 1,
                    "Peak Memory Usage": 36608,
                    "Plans": [
                      {
                        "Node Type": "Seq Scan",
                        "Parent Relationship": "Outer",
                        "Parallel Aware": true,
                        "Relation Name": "title",
                        "Alias": "t",
                        "Startup Cost": 0.0,
                        "Total Cost": 58306.47,
                        "Plan Rows": 481399,
                        "Plan Width": 4,
                        "Actual Startup Time": 0.037,
                        "Actual Total Time": 152.394,
                        "Actual Rows": 362952,
                        "Actual Loops": 2,
                        "Filter": "((kind_id < 7) AND (production_year > 1970))",
                        "Rows Removed by Filter": 901204
                      }
                    ]
                  }
                ]
              }
            ]
          }
        ]
      }
    ]
  },
  "Planning Time": 0.751,
  "Triggers": [],
  "Execution Time": 1980.922
}