[
    {
        "Bao": {
            "Bao prediction": 827.463,
            "Bao recommended hint": "SET enable_nestloop TO off; "
        }
    },
    {
        "Plan": {
            "Node Type": "Aggregate",
            "Strategy": "Plain",
            "Partial Mode": "Finalize",
            "Parallel Aware": false,
            "Startup Cost": 413405.71,
            "Total Cost": 413405.72,
            "Plan Rows": 1,
            "Plan Width": 8,
            "Actual Startup Time": 815.323,
            "Actual Total Time": 841.525,
            "Actual Rows": 1,
            "Actual Loops": 1,
            "Output": [
                "count(*)"
            ],
            "Plans": [
                {
                    "Node Type": "Gather",
                    "Parent Relationship": "Outer",
                    "Parallel Aware": false,
                    "Startup Cost": 413405.08,
                    "Total Cost": 413405.69,
                    "Plan Rows": 6,
                    "Plan Width": 8,
                    "Actual Startup Time": 813.408,
                    "Actual Total Time": 841.513,
                    "Actual Rows": 7,
                    "Actual Loops": 1,
                    "Output": [
                        "(PARTIAL count(*))"
                    ],
                    "Workers Planned": 6,
                    "Workers Launched": 6,
                    "Single Copy": false,
                    "Plans": [
                        {
                            "Node Type": "Aggregate",
                            "Strategy": "Plain",
                            "Partial Mode": "Partial",
                            "Parent Relationship": "Outer",
                            "Parallel Aware": false,
                            "Startup Cost": 412405.08,
                            "Total Cost": 412405.09,
                            "Plan Rows": 1,
                            "Plan Width": 8,
                            "Actual Startup Time": 802.57,
                            "Actual Total Time": 802.576,
                            "Actual Rows": 1,
                            "Actual Loops": 7,
                            "Output": [
                                "PARTIAL count(*)"
                            ],
                            "Workers": [
                                {
                                    "Worker Number": 0,
                                    "Actual Startup Time": 800.431,
                                    "Actual Total Time": 800.437,
                                    "Actual Rows": 1,
                                    "Actual Loops": 1
                                },
                                {
                                    "Worker Number": 1,
                                    "Actual Startup Time": 800.551,
                                    "Actual Total Time": 800.557,
                                    "Actual Rows": 1,
                                    "Actual Loops": 1
                                },
                                {
                                    "Worker Number": 2,
                                    "Actual Startup Time": 801.131,
                                    "Actual Total Time": 801.138,
                                    "Actual Rows": 1,
                                    "Actual Loops": 1
                                },
                                {
                                    "Worker Number": 3,
                                    "Actual Startup Time": 801.044,
                                    "Actual Total Time": 801.049,
                                    "Actual Rows": 1,
                                    "Actual Loops": 1
                                },
                                {
                                    "Worker Number": 4,
                                    "Actual Startup Time": 801.316,
                                    "Actual Total Time": 801.321,
                                    "Actual Rows": 1,
                                    "Actual Loops": 1
                                },
                                {
                                    "Worker Number": 5,
                                    "Actual Startup Time": 801.294,
                                    "Actual Total Time": 801.299,
                                    "Actual Rows": 1,
                                    "Actual Loops": 1
                                }
                            ],
                            "Plans": [
                                {
                                    "Node Type": "Hash Join",
                                    "Parent Relationship": "Outer",
                                    "Parallel Aware": true,
                                    "Join Type": "Inner",
                                    "Startup Cost": 67828.33,
                                    "Total Cost": 412390.38,
                                    "Plan Rows": 5881,
                                    "Plan Width": 0,
                                    "Actual Startup Time": 177.124,
                                    "Actual Total Time": 799.322,
                                    "Actual Rows": 45635,
                                    "Actual Loops": 7,
                                    "Inner Unique": false,
                                    "Hash Cond": "(ci.movie_id = t.id)",
                                    "Workers": [
                                        {
                                            "Worker Number": 0,
                                            "Actual Startup Time": 174.967,
                                            "Actual Total Time": 797.204,
                                            "Actual Rows": 45593,
                                            "Actual Loops": 1
                                        },
                                        {
                                            "Worker Number": 1,
                                            "Actual Startup Time": 175.246,
                                            "Actual Total Time": 797.305,
                                            "Actual Rows": 45177,
                                            "Actual Loops": 1
                                        },
                                        {
                                            "Worker Number": 2,
                                            "Actual Startup Time": 175.421,
                                            "Actual Total Time": 797.933,
                                            "Actual Rows": 44974,
                                            "Actual Loops": 1
                                        },
                                        {
                                            "Worker Number": 3,
                                            "Actual Startup Time": 175.808,
                                            "Actual Total Time": 797.783,
                                            "Actual Rows": 46166,
                                            "Actual Loops": 1
                                        },
                                        {
                                            "Worker Number": 4,
                                            "Actual Startup Time": 175.735,
                                            "Actual Total Time": 798.095,
                                            "Actual Rows": 45606,
                                            "Actual Loops": 1
                                        },
                                        {
                                            "Worker Number": 5,
                                            "Actual Startup Time": 175.984,
                                            "Actual Total Time": 798.223,
                                            "Actual Rows": 43274,
                                            "Actual Loops": 1
                                        }
                                    ],
                                    "Plans": [
                                        {
                                            "Node Type": "Index Scan",
                                            "Parent Relationship": "Outer",
                                            "Parallel Aware": true,
                                            "Scan Direction": "Forward",
                                            "Index Name": "role_id_cast_info",
                                            "Relation Name": "cast_info",
                                            "Schema": "public",
                                            "Alias": "ci",
                                            "Startup Cost": 0.56,
                                            "Total Cost": 342814.42,
                                            "Plan Rows": 461126,
                                            "Plan Width": 4,
                                            "Actual Startup Time": 0.234,
                                            "Actual Total Time": 484.413,
                                            "Actual Rows": 830232,
                                            "Actual Loops": 7,
                                            "Output": [
                                                "ci.id",
                                                "ci.person_id",
                                                "ci.movie_id",
                                                "ci.person_role_id",
                                                "ci.note",
                                                "ci.nr_order",
                                                "ci.role_id"
                                            ],
                                            "Index Cond": "(ci.role_id < 2)",
                                            "Rows Removed by Index Recheck": 0,
                                            "Filter": "(ci.person_id < 787097)",
                                            "Rows Removed by Filter": 979866,
                                            "Workers": [
                                                {
                                                    "Worker Number": 0,
                                                    "Actual Startup Time": 0.375,
                                                    "Actual Total Time": 484.309,
                                                    "Actual Rows": 837720,
                                                    "Actual Loops": 1
                                                },
                                                {
                                                    "Worker Number": 1,
                                                    "Actual Startup Time": 0.156,
                                                    "Actual Total Time": 484.178,
                                                    "Actual Rows": 815880,
                                                    "Actual Loops": 1
                                                },
                                                {
                                                    "Worker Number": 2,
                                                    "Actual Startup Time": 0.175,
                                                    "Actual Total Time": 484.936,
                                                    "Actual Rows": 816891,
                                                    "Actual Loops": 1
                                                },
                                                {
                                                    "Worker Number": 3,
                                                    "Actual Startup Time": 0.411,
                                                    "Actual Total Time": 485.215,
                                                    "Actual Rows": 837720,
                                                    "Actual Loops": 1
                                                },
                                                {
                                                    "Worker Number": 4,
                                                    "Actual Startup Time": 0.092,
                                                    "Actual Total Time": 484.208,
                                                    "Actual Rows": 828750,
                                                    "Actual Loops": 1
                                                },
                                                {
                                                    "Worker Number": 5,
                                                    "Actual Startup Time": 0.334,
                                                    "Actual Total Time": 487.131,
                                                    "Actual Rows": 819390,
                                                    "Actual Loops": 1
                                                }
                                            ]
                                        },
                                        {
                                            "Node Type": "Hash",
                                            "Parent Relationship": "Inner",
                                            "Parallel Aware": true,
                                            "Startup Cost": 67697.74,
                                            "Total Cost": 67697.74,
                                            "Plan Rows": 10402,
                                            "Plan Width": 8,
                                            "Actual Startup Time": 175.749,
                                            "Actual Total Time": 175.754,
                                            "Actual Rows": 10217,
                                            "Actual Loops": 7,
                                            "Output": [
                                                "t.id",
                                                "mc.movie_id"
                                            ],
                                            "Hash Buckets": 131072,
                                            "Original Hash Buckets": 32768,
                                            "Hash Batches": 1,
                                            "Original Hash Batches": 1,
                                            "Peak Memory Usage": 4800,
                                            "Workers": [
                                                {
                                                    "Worker Number": 0,
                                                    "Actual Startup Time": 174.17,
                                                    "Actual Total Time": 174.174,
                                                    "Actual Rows": 9862,
                                                    "Actual Loops": 1
                                                },
                                                {
                                                    "Worker Number": 1,
                                                    "Actual Startup Time": 174.311,
                                                    "Actual Total Time": 174.314,
                                                    "Actual Rows": 9033,
                                                    "Actual Loops": 1
                                                },
                                                {
                                                    "Worker Number": 2,
                                                    "Actual Startup Time": 174.779,
                                                    "Actual Total Time": 174.783,
                                                    "Actual Rows": 9875,
                                                    "Actual Loops": 1
                                                },
                                                {
                                                    "Worker Number": 3,
                                                    "Actual Startup Time": 174.78,
                                                    "Actual Total Time": 174.784,
                                                    "Actual Rows": 10697,
                                                    "Actual Loops": 1
                                                },
                                                {
                                                    "Worker Number": 4,
                                                    "Actual Startup Time": 175.018,
                                                    "Actual Total Time": 175.022,
                                                    "Actual Rows": 9039,
                                                    "Actual Loops": 1
                                                },
                                                {
                                                    "Worker Number": 5,
                                                    "Actual Startup Time": 175.039,
                                                    "Actual Total Time": 175.042,
                                                    "Actual Rows": 10691,
                                                    "Actual Loops": 1
                                                }
                                            ],
                                            "Plans": [
                                                {
                                                    "Node Type": "Hash Join",
                                                    "Parent Relationship": "Outer",
                                                    "Parallel Aware": true,
                                                    "Join Type": "Inner",
                                                    "Startup Cost": 38281.85,
                                                    "Total Cost": 67697.74,
                                                    "Plan Rows": 10402,
                                                    "Plan Width": 8,
                                                    "Actual Startup Time": 76.585,
                                                    "Actual Total Time": 164.772,
                                                    "Actual Rows": 10217,
                                                    "Actual Loops": 7,
                                                    "Output": [
                                                        "t.id",
                                                        "mc.movie_id"
                                                    ],
                                                    "Inner Unique": true,
                                                    "Hash Cond": "(mc.movie_id = t.id)",
                                                    "Workers": [
                                                        {
                                                            "Worker Number": 0,
                                                            "Actual Startup Time": 74.982,
                                                            "Actual Total Time": 163.019,
                                                            "Actual Rows": 9862,
                                                            "Actual Loops": 1
                                                        },
                                                        {
                                                            "Worker Number": 1,
                                                            "Actual Startup Time": 75.159,
                                                            "Actual Total Time": 159.669,
                                                            "Actual Rows": 9033,
                                                            "Actual Loops": 1
                                                        },
                                                        {
                                                            "Worker Number": 2,
                                                            "Actual Startup Time": 75.599,
                                                            "Actual Total Time": 163.005,
                                                            "Actual Rows": 9875,
                                                            "Actual Loops": 1
                                                        },
                                                        {
                                                            "Worker Number": 3,
                                                            "Actual Startup Time": 75.6,
                                                            "Actual Total Time": 166.41,
                                                            "Actual Rows": 10697,
                                                            "Actual Loops": 1
                                                        },
                                                        {
                                                            "Worker Number": 4,
                                                            "Actual Startup Time": 75.858,
                                                            "Actual Total Time": 160.298,
                                                            "Actual Rows": 9039,
                                                            "Actual Loops": 1
                                                        },
                                                        {
                                                            "Worker Number": 5,
                                                            "Actual Startup Time": 75.868,
                                                            "Actual Total Time": 167.936,
                                                            "Actual Rows": 10691,
                                                            "Actual Loops": 1
                                                        }
                                                    ],
                                                    "Plans": [
                                                        {
                                                            "Node Type": "Seq Scan",
                                                            "Parent Relationship": "Outer",
                                                            "Parallel Aware": true,
                                                            "Relation Name": "movie_companies",
                                                            "Schema": "public",
                                                            "Alias": "mc",
                                                            "Startup Cost": 0.0,
                                                            "Total Cost": 27206.55,
                                                            "Plan Rows": 841655,
                                                            "Plan Width": 4,
                                                            "Actual Startup Time": 0.023,
                                                            "Actual Total Time": 50.295,
                                                            "Actual Rows": 372733,
                                                            "Actual Loops": 7,
                                                            "Output": [
                                                                "mc.id",
                                                                "mc.movie_id",
                                                                "mc.company_id",
                                                                "mc.company_type_id",
                                                                "mc.note"
                                                            ],
                                                            "Workers": [
                                                                {
                                                                    "Worker Number": 0,
                                                                    "Actual Startup Time": 0.022,
                                                                    "Actual Total Time": 50.579,
                                                                    "Actual Rows": 364532,
                                                                    "Actual Loops": 1
                                                                },
                                                                {
                                                                    "Worker Number": 1,
                                                                    "Actual Startup Time": 0.026,
                                                                    "Actual Total Time": 49.642,
                                                                    "Actual Rows": 340035,
                                                                    "Actual Loops": 1
                                                                },
                                                                {
                                                                    "Worker Number": 2,
                                                                    "Actual Startup Time": 0.022,
                                                                    "Actual Total Time": 49.887,
                                                                    "Actual Rows": 362179,
                                                                    "Actual Loops": 1
                                                                },
                                                                {
                                                                    "Worker Number": 3,
                                                                    "Actual Startup Time": 0.028,
                                                                    "Actual Total Time": 52.079,
                                                                    "Actual Rows": 376911,
                                                                    "Actual Loops": 1
                                                                },
                                                                {
                                                                    "Worker Number": 4,
                                                                    "Actual Startup Time": 0.026,
                                                                    "Actual Total Time": 48.981,
                                                                    "Actual Rows": 349795,
                                                                    "Actual Loops": 1
                                                                },
                                                                {
                                                                    "Worker Number": 5,
                                                                    "Actual Startup Time": 0.03,
                                                                    "Actual Total Time": 53.358,
                                                                    "Actual Rows": 372812,
                                                                    "Actual Loops": 1
                                                                }
                                                            ]
                                                        },
                                                        {
                                                            "Node Type": "Hash",
                                                            "Parent Relationship": "Inner",
                                                            "Parallel Aware": true,
                                                            "Startup Cost": 38184.2,
                                                            "Total Cost": 38184.2,
                                                            "Plan Rows": 7812,
                                                            "Plan Width": 4,
                                                            "Actual Startup Time": 58.421,
                                                            "Actual Total Time": 58.423,
                                                            "Actual Rows": 5908,
                                                            "Actual Loops": 7,
                                                            "Output": [
                                                                "t.id"
                                                            ],
                                                            "Hash Buckets": 65536,
                                                            "Original Hash Buckets": 32768,
                                                            "Hash Batches": 1,
                                                            "Original Hash Batches": 1,
                                                            "Peak Memory Usage": 2528,
                                                            "Workers": [
                                                                {
                                                                    "Worker Number": 0,
                                                                    "Actual Startup Time": 56.887,
                                                                    "Actual Total Time": 56.889,
                                                                    "Actual Rows": 4449,
                                                                    "Actual Loops": 1
                                                                },
                                                                {
                                                                    "Worker Number": 1,
                                                                    "Actual Startup Time": 57.024,
                                                                    "Actual Total Time": 57.026,
                                                                    "Actual Rows": 4465,
                                                                    "Actual Loops": 1
                                                                },
                                                                {
                                                                    "Worker Number": 2,
                                                                    "Actual Startup Time": 57.486,
                                                                    "Actual Total Time": 57.488,
                                                                    "Actual Rows": 4441,
                                                                    "Actual Loops": 1
                                                                },
                                                                {
                                                                    "Worker Number": 3,
                                                                    "Actual Startup Time": 57.49,
                                                                    "Actual Total Time": 57.492,
                                                                    "Actual Rows": 4412,
                                                                    "Actual Loops": 1
                                                                },
                                                                {
                                                                    "Worker Number": 4,
                                                                    "Actual Startup Time": 57.751,
                                                                    "Actual Total Time": 57.752,
                                                                    "Actual Rows": 4424,
                                                                    "Actual Loops": 1
                                                                },
                                                                {
                                                                    "Worker Number": 5,
                                                                    "Actual Startup Time": 57.743,
                                                                    "Actual Total Time": 57.744,
                                                                    "Actual Rows": 4410,
                                                                    "Actual Loops": 1
                                                                }
                                                            ],
                                                            "Plans": [
                                                                {
                                                                    "Node Type": "Bitmap Heap Scan",
                                                                    "Parent Relationship": "Outer",
                                                                    "Parallel Aware": true,
                                                                    "Relation Name": "title",
                                                                    "Schema": "public",
                                                                    "Alias": "t",
                                                                    "Startup Cost": 1808.21,
                                                                    "Total Cost": 38184.2,
                                                                    "Plan Rows": 7812,
                                                                    "Plan Width": 4,
                                                                    "Actual Startup Time": 16.932,
                                                                    "Actual Total Time": 52.201,
                                                                    "Actual Rows": 5908,
                                                                    "Actual Loops": 7,
                                                                    "Output": [
                                                                        "t.id"
                                                                    ],
                                                                    "Recheck Cond": "(t.kind_id = 3)",
                                                                    "Rows Removed by Index Recheck": 0,
                                                                    "Filter": "(t.production_year < 1994)",
                                                                    "Rows Removed by Filter": 8454,
                                                                    "Exact Heap Blocks": 4595,
                                                                    "Lossy Heap Blocks": 0,
                                                                    "Workers": [
                                                                        {
                                                                            "Worker Number": 0,
                                                                            "Actual Startup Time": 15.787,
                                                                            "Actual Total Time": 51.718,
                                                                            "Actual Rows": 4449,
                                                                            "Actual Loops": 1
                                                                        },
                                                                        {
                                                                            "Worker Number": 1,
                                                                            "Actual Startup Time": 15.47,
                                                                            "Actual Total Time": 50.631,
                                                                            "Actual Rows": 4465,
                                                                            "Actual Loops": 1
                                                                        },
                                                                        {
                                                                            "Worker Number": 2,
                                                                            "Actual Startup Time": 16.109,
                                                                            "Actual Total Time": 51.99,
                                                                            "Actual Rows": 4441,
                                                                            "Actual Loops": 1
                                                                        },
                                                                        {
                                                                            "Worker Number": 3,
                                                                            "Actual Startup Time": 16.069,
                                                                            "Actual Total Time": 52.546,
                                                                            "Actual Rows": 4412,
                                                                            "Actual Loops": 1
                                                                        },
                                                                        {
                                                                            "Worker Number": 4,
                                                                            "Actual Startup Time": 16.143,
                                                                            "Actual Total Time": 52.154,
                                                                            "Actual Rows": 4424,
                                                                            "Actual Loops": 1
                                                                        },
                                                                        {
                                                                            "Worker Number": 5,
                                                                            "Actual Startup Time": 16.184,
                                                                            "Actual Total Time": 52.022,
                                                                            "Actual Rows": 4410,
                                                                            "Actual Loops": 1
                                                                        }
                                                                    ],
                                                                    "Plans": [
                                                                        {
                                                                            "Node Type": "Bitmap Index Scan",
                                                                            "Parent Relationship": "Outer",
                                                                            "Parallel Aware": false,
                                                                            "Index Name": "kind_id_title",
                                                                            "Startup Cost": 0.0,
                                                                            "Total Cost": 1800.4,
                                                                            "Plan Rows": 100796,
                                                                            "Plan Width": 0,
                                                                            "Actual Startup Time": 17.881,
                                                                            "Actual Total Time": 17.881,
                                                                            "Actual Rows": 100537,
                                                                            "Actual Loops": 1,
                                                                            "Index Cond": "(t.kind_id = 3)"
                                                                        }
                                                                    ]
                                                                }
                                                            ]
                                                        }
                                                    ]
                                                }
                                            ]
                                        }
                                    ]
                                }
                            ]
                        }
                    ]
                }
            ]
        },
        "Planning Time": 2161.4,
        "Triggers": [],
        "Execution Time": 841.804
    }
]