[
  {
    "Plan": {
      "Node Type": "Aggregate",
      "Strategy": "Plain",
      "Partial Mode": "Finalize",
      "Parallel Aware": false,
      "Startup Cost": 46768.4,
      "Total Cost": 46768.41,
      "Plan Rows": 1,
      "Plan Width": 8,
      "Actual Startup Time": 183.589,
      "Actual Total Time": 193.287,
      "Actual Rows": 1,
      "Actual Loops": 1,
      "Plans": [
        {
          "Node Type": "Gather",
          "Parent Relationship": "Outer",
          "Parallel Aware": false,
          "Startup Cost": 46768.08,
          "Total Cost": 46768.39,
          "Plan Rows": 3,
          "Plan Width": 8,
          "Actual Startup Time": 183.466,
          "Actual Total Time": 193.276,
          "Actual Rows": 4,
          "Actual Loops": 1,
          "Workers Planned": 3,
          "Workers Launched": 3,
          "Single Copy": false,
          "Plans": [
            {
              "Node Type": "Aggregate",
              "Strategy": "Plain",
              "Partial Mode": "Partial",
              "Parent Relationship": "Outer",
              "Parallel Aware": false,
              "Startup Cost": 45768.08,
              "Total Cost": 45768.09,
              "Plan Rows": 1,
              "Plan Width": 8,
              "Actual Startup Time": 175.88,
              "Actual Total Time": 175.881,
              "Actual Rows": 1,
              "Actual Loops": 4,
              "Plans": [
                {
                  "Node Type": "Seq Scan",
                  "Parent Relationship": "Outer",
                  "Parallel Aware": true,
                  "Relation Name": "movie_keyword",
                  "Alias": "mk",
                  "Startup Cost": 0.0,
                  "Total Cost": 42695.65,
                  "Plan Rows": 1228972,
                  "Plan Width": 0,
                  "Actual Startup Time": 0.058,
                  "Actual Total Time": 130.544,
                  "Actual Rows": 954660,
                  "Actual Loops": 4,
                  "Filter": "(keyword_id < 26753)",
                  "Rows Removed by Filter": 176323
                }
              ]
            }
          ]
        }
      ]
    },
    "Planning Time": 0.183,
    "Triggers": [],
    "Execution Time": 193.343
  }
]