[
  {
    "Plan": {
      "Node Type": "Aggregate",
      "Strategy": "Plain",
      "Partial Mode": "Finalize",
      "Parallel Aware": false,
      "Startup Cost": 127449.74,
      "Total Cost": 127449.75,
      "Plan Rows": 1,
      "Plan Width": 8,
      "Actual Startup Time": 962.043,
      "Actual Total Time": 989.3,
      "Actual Rows": 1,
      "Actual Loops": 1,
      "Plans": [
        {
          "Node Type": "Gather",
          "Parent Relationship": "Outer",
          "Parallel Aware": false,
          "Startup Cost": 127449.42,
          "Total Cost": 127449.73,
          "Plan Rows": 3,
          "Plan Width": 8,
          "Actual Startup Time": 955.893,
          "Actual Total Time": 989.284,
          "Actual Rows": 4,
          "Actual Loops": 1,
          "Workers Planned": 3,
          "Workers Launched": 3,
          "Single Copy": false,
          "Plans": [
            {
              "Node Type": "Aggregate",
              "Strategy": "Plain",
              "Partial Mode": "Partial",
              "Parent Relationship": "Outer",
              "Parallel Aware": false,
              "Startup Cost": 126449.42,
              "Total Cost": 126449.43,
              "Plan Rows": 1,
              "Plan Width": 8,
              "Actual Startup Time": 948.16,
              "Actual Total Time": 948.329,
              "Actual Rows": 1,
              "Actual Loops": 4,
              "Plans": [
                {
                  "Node Type": "Hash Join",
                  "Parent Relationship": "Outer",
                  "Parallel Aware": true,
                  "Join Type": "Inner",
                  "Startup Cost": 81175.14,
                  "Total Cost": 126120.01,
                  "Plan Rows": 131764,
                  "Plan Width": 0,
                  "Actual Startup Time": 435.022,
                  "Actual Total Time": 824.64,
                  "Actual Rows": 2141981,
                  "Actual Loops": 4,
                  "Inner Unique": false,
                  "Hash Cond": "(mk.movie_id = t.id)",
                  "Plans": [
                    {
                      "Node Type": "Seq Scan",
                      "Parent Relationship": "Outer",
                      "Parallel Aware": true,
                      "Relation Name": "movie_keyword",
                      "Alias": "mk",
                      "Startup Cost": 0.0,
                      "Total Cost": 39047.32,
                      "Plan Rows": 1459332,
                      "Plan Width": 4,
                      "Actual Startup Time": 0.05,
                      "Actual Total Time": 109.328,
                      "Actual Rows": 1130982,
                      "Actual Loops": 4
                    },
                    {
                      "Node Type": "Hash",
                      "Parent Relationship": "Inner",
                      "Parallel Aware": true,
                      "Startup Cost": 80254.61,
                      "Total Cost": 80254.61,
                      "Plan Rows": 73643,
                      "Plan Width": 8,
                      "Actual Startup Time": 386.455,
                      "Actual Total Time": 386.622,
                      "Actual Rows": 78624,
                      "Actual Loops": 4,
                      "Hash Buckets": 524288,
                      "Original Hash Buckets": 262144,
                      "Hash Batches": 1,
                      "Original Hash Batches": 1,
                      "Peak Memory Usage": 18528,
                      "Plans": [
                        {
                          "Node Type": "Hash Join",
                          "Parent Relationship": "Outer",
                          "Parallel Aware": true,
                          "Join Type": "Inner",
                          "Startup Cost": 48297.81,
                          "Total Cost": 80254.61,
                          "Plan Rows": 73643,
                          "Plan Width": 8,
                          "Actual Startup Time": 237.057,
                          "Actual Total Time": 349.161,
                          "Actual Rows": 78624,
                          "Actual Loops": 4,
                          "Inner Unique": true,
                          "Hash Cond": "(mc.movie_id = t.id)",
                          "Plans": [
                            {
                              "Node Type": "Seq Scan",
                              "Parent Relationship": "Outer",
                              "Parallel Aware": true,
                              "Relation Name": "movie_companies",
                              "Alias": "mc",
                              "Startup Cost": 0.0,
                              "Total Cost": 31414.82,
                              "Plan Rows": 206468,
                              "Plan Width": 4,
                              "Actual Startup Time": 11.94,
                              "Actual Total Time": 81.831,
                              "Actual Rows": 97841,
                              "Actual Loops": 4,
                              "Filter": "((company_id > 11339) AND (company_type_id = 1))",
                              "Rows Removed by Filter": 554442
                            },
                            {
                              "Node Type": "Hash",
                              "Parent Relationship": "Inner",
                              "Parallel Aware": true,
                              "Startup Cost": 45479.59,
                              "Total Cost": 45479.59,
                              "Plan Rows": 225458,
                              "Plan Width": 4,
                              "Actual Startup Time": 221.445,
                              "Actual Total Time": 221.448,
                              "Actual Rows": 205664,
                              "Actual Loops": 4,
                              "Hash Buckets": 1048576,
                              "Original Hash Buckets": 1048576,
                              "Hash Batches": 1,
                              "Original Hash Batches": 1,
                              "Peak Memory Usage": 40448,
                              "Plans": [
                                {
                                  "Node Type": "Seq Scan",
                                  "Parent Relationship": "Outer",
                                  "Parallel Aware": true,
                                  "Relation Name": "title",
                                  "Alias": "t",
                                  "Startup Cost": 0.0,
                                  "Total Cost": 45479.59,
                                  "Plan Rows": 225458,
                                  "Plan Width": 4,
                                  "Actual Startup Time": 0.058,
                                  "Actual Total Time": 129.222,
                                  "Actual Rows": 205664,
                                  "Actual Loops": 4,
                                  "Filter": "((kind_id < 7) AND (production_year > 1946))",
                                  "Rows Removed by Filter": 426414
                                }
                              ]
                            }
                          ]
                        }
                      ]
                    }
                  ]
                }
              ]
            }
          ]
        }
      ]
    },
    "Planning Time": 1.488,
    "Triggers": [],
    "Execution Time": 989.394
  }
]