[
  {
    "Plan": {
      "Node Type": "Aggregate",
      "Strategy": "Plain",
      "Partial Mode": "Finalize",
      "Parallel Aware": false,
      "Startup Cost": 45184.55,
      "Total Cost": 45184.56,
      "Plan Rows": 1,
      "Plan Width": 8,
      "Actual Startup Time": 157.947,
      "Actual Total Time": 168.454,
      "Actual Rows": 1,
      "Actual Loops": 1,
      "Plans": [
        {
          "Node Type": "Gather",
          "Parent Relationship": "Outer",
          "Parallel Aware": false,
          "Startup Cost": 45184.23,
          "Total Cost": 45184.54,
          "Plan Rows": 3,
          "Plan Width": 8,
          "Actual Startup Time": 157.802,
          "Actual Total Time": 168.444,
          "Actual Rows": 4,
          "Actual Loops": 1,
          "Workers Planned": 3,
          "Workers Launched": 3,
          "Single Copy": false,
          "Plans": [
            {
              "Node Type": "Aggregate",
              "Strategy": "Plain",
              "Partial Mode": "Partial",
              "Parent Relationship": "Outer",
              "Parallel Aware": false,
              "Startup Cost": 44184.23,
              "Total Cost": 44184.24,
              "Plan Rows": 1,
              "Plan Width": 8,
              "Actual Startup Time": 150.619,
              "Actual Total Time": 150.621,
              "Actual Rows": 1,
              "Actual Loops": 4,
              "Plans": [
                {
                  "Node Type": "Seq Scan",
                  "Parent Relationship": "Outer",
                  "Parallel Aware": true,
                  "Relation Name": "movie_keyword",
                  "Alias": "mk",
                  "Startup Cost": 0.0,
                  "Total Cost": 42695.65,
                  "Plan Rows": 595430,
                  "Plan Width": 0,
                  "Actual Startup Time": 0.056,
                  "Actual Total Time": 125.302,
                  "Actual Rows": 461769,
                  "Actual Loops": 4,
                  "Filter": "(keyword_id < 3069)",
                  "Rows Removed by Filter": 669214
                }
              ]
            }
          ]
        }
      ]
    },
    "Planning Time": 0.142,
    "Triggers": [],
    "Execution Time": 168.503
  }
]