[
    {
        "Bao": {
            "Bao prediction": "NaN",
            "Bao recommended hint": "(no hint)"
        }
    },
    {
        "Plan": {
            "Node Type": "Aggregate",
            "Strategy": "Plain",
            "Partial Mode": "Finalize",
            "Parallel Aware": false,
            "Startup Cost": 28643.79,
            "Total Cost": 28643.8,
            "Plan Rows": 1,
            "Plan Width": 8,
            "Actual Startup Time": 56.555,
            "Actual Total Time": 60.478,
            "Actual Rows": 1,
            "Actual Loops": 1,
            "Output": [
                "count(*)"
            ],
            "Plans": [
                {
                    "Node Type": "Gather",
                    "Parent Relationship": "Outer",
                    "Parallel Aware": false,
                    "Startup Cost": 28643.48,
                    "Total Cost": 28643.79,
                    "Plan Rows": 3,
                    "Plan Width": 8,
                    "Actual Startup Time": 56.397,
                    "Actual Total Time": 60.472,
                    "Actual Rows": 4,
                    "Actual Loops": 1,
                    "Output": [
                        "(PARTIAL count(*))"
                    ],
                    "Workers Planned": 3,
                    "Workers Launched": 3,
                    "Single Copy": false,
                    "Plans": [
                        {
                            "Node Type": "Aggregate",
                            "Strategy": "Plain",
                            "Partial Mode": "Partial",
                            "Parent Relationship": "Outer",
                            "Parallel Aware": false,
                            "Startup Cost": 27643.48,
                            "Total Cost": 27643.49,
                            "Plan Rows": 1,
                            "Plan Width": 8,
                            "Actual Startup Time": 47.901,
                            "Actual Total Time": 47.902,
                            "Actual Rows": 1,
                            "Actual Loops": 4,
                            "Output": [
                                "PARTIAL count(*)"
                            ],
                            "Workers": [
                                {
                                    "Worker Number": 0,
                                    "Actual Startup Time": 45.012,
                                    "Actual Total Time": 45.014,
                                    "Actual Rows": 1,
                                    "Actual Loops": 1
                                },
                                {
                                    "Worker Number": 1,
                                    "Actual Startup Time": 45.012,
                                    "Actual Total Time": 45.014,
                                    "Actual Rows": 1,
                                    "Actual Loops": 1
                                },
                                {
                                    "Worker Number": 2,
                                    "Actual Startup Time": 45.459,
                                    "Actual Total Time": 45.46,
                                    "Actual Rows": 1,
                                    "Actual Loops": 1
                                }
                            ],
                            "Plans": [
                                {
                                    "Node Type": "Bitmap Heap Scan",
                                    "Parent Relationship": "Outer",
                                    "Parallel Aware": true,
                                    "Relation Name": "movie_companies",
                                    "Schema": "public",
                                    "Alias": "mc",
                                    "Startup Cost": 7237.19,
                                    "Total Cost": 27374.09,
                                    "Plan Rows": 107753,
                                    "Plan Width": 0,
                                    "Actual Startup Time": 11.046,
                                    "Actual Total Time": 42.068,
                                    "Actual Rows": 84844,
                                    "Actual Loops": 4,
                                    "Recheck Cond": "(mc.company_id > 89404)",
                                    "Rows Removed by Index Recheck": 0,
                                    "Exact Heap Blocks": 2908,
                                    "Lossy Heap Blocks": 0,
                                    "Workers": [
                                        {
                                            "Worker Number": 0,
                                            "Actual Startup Time": 8.318,
                                            "Actual Total Time": 39.686,
                                            "Actual Rows": 48630,
                                            "Actual Loops": 1
                                        },
                                        {
                                            "Worker Number": 1,
                                            "Actual Startup Time": 8.273,
                                            "Actual Total Time": 39.673,
                                            "Actual Rows": 49333,
                                            "Actual Loops": 1
                                        },
                                        {
                                            "Worker Number": 2,
                                            "Actual Startup Time": 8.591,
                                            "Actual Total Time": 40.241,
                                            "Actual Rows": 49962,
                                            "Actual Loops": 1
                                        }
                                    ],
                                    "Plans": [
                                        {
                                            "Node Type": "Bitmap Index Scan",
                                            "Parent Relationship": "Outer",
                                            "Parallel Aware": false,
                                            "Index Name": "company_id_movie_companies",
                                            "Startup Cost": 0.0,
                                            "Total Cost": 7153.68,
                                            "Plan Rows": 334033,
                                            "Plan Width": 0,
                                            "Actual Startup Time": 18.325,
                                            "Actual Total Time": 18.325,
                                            "Actual Rows": 339376,
                                            "Actual Loops": 1,
                                            "Index Cond": "(mc.company_id > 89404)"
                                        }
                                    ]
                                }
                            ]
                        }
                    ]
                }
            ]
        },
        "Planning Time": 178.575,
        "Triggers": [],
        "Execution Time": 60.526
    }
]