{
  "Plan": {
    "Node Type": "Aggregate",
    "Strategy": "Plain",
    "Partial Mode": "Finalize",
    "Parallel Aware": false,
    "Startup Cost": 86347.92,
    "Total Cost": 86347.93,
    "Plan Rows": 1,
    "Plan Width": 8,
    "Actual Startup Time": 341.478,
    "Actual Total Time": 353.678,
    "Actual Rows": 1,
    "Actual Loops": 1,
    "Plans": [
      {
        "Node Type": "Gather",
        "Parent Relationship": "Outer",
        "Parallel Aware": false,
        "Startup Cost": 86347.81,
        "Total Cost": 86347.92,
        "Plan Rows": 1,
        "Plan Width": 8,
        "Actual Startup Time": 341.026,
        "Actual Total Time": 353.671,
        "Actual Rows": 2,
        "Actual Loops": 1,
        "Workers Planned": 1,
        "Workers Launched": 1,
        "Single Copy": false,
        "Plans": [
          {
            "Node Type": "Aggregate",
            "Strategy": "Plain",
            "Partial Mode": "Partial",
            "Parent Relationship": "Outer",
            "Parallel Aware": false,
            "Startup Cost": 85347.81,
            "Total Cost": 85347.82,
            "Plan Rows": 1,
            "Plan Width": 8,
            "Actual Startup Time": 334.972,
            "Actual Total Time": 334.976,
            "Actual Rows": 1,
            "Actual Loops": 2,
            "Plans": [
              {
                "Node Type": "Hash Join",
                "Parent Relationship": "Outer",
                "Parallel Aware": true,
                "Join Type": "Inner",
                "Startup Cost": 24419.66,
                "Total Cost": 85120.36,
                "Plan Rows": 90982,
                "Plan Width": 0,
                "Actual Startup Time": 233.076,
                "Actual Total Time": 331.881,
                "Actual Rows": 75636,
                "Actual Loops": 2,
                "Inner Unique": false,
                "Hash Cond": "(t.id = mc.movie_id)",
                "Plans": [
                  {
                    "Node Type": "Seq Scan",
                    "Parent Relationship": "Outer",
                    "Parallel Aware": true,
                    "Relation Name": "title",
                    "Alias": "t",
                    "Startup Cost": 0.0,
                    "Total Cost": 50870.31,
                    "Plan Rows": 1487231,
                    "Plan Width": 4,
                    "Actual Startup Time": 0.009,
                    "Actual Total Time": 113.584,
                    "Actual Rows": 1264156,
                    "Actual Loops": 2
                  },
                  {
                    "Node Type": "Hash",
                    "Parent Relationship": "Inner",
                    "Parallel Aware": true,
                    "Startup Cost": 23282.39,
                    "Total Cost": 23282.39,
                    "Plan Rows": 90982,
                    "Plan Width": 4,
                    "Actual Startup Time": 60.053,
                    "Actual Total Time": 60.055,
                    "Actual Rows": 75636,
                    "Actual Loops": 2,
                    "Hash Buckets": 262144,
                    "Original Hash Buckets": 262144,
                    "Hash Batches": 1,
                    "Original Hash Batches": 1,
                    "Peak Memory Usage": 8000,
                    "Plans": [
                      {
                        "Node Type": "Bitmap Heap Scan",
                        "Parent Relationship": "Outer",
                        "Parallel Aware": true,
                        "Relation Name": "movie_companies",
                        "Alias": "mc",
                        "Startup Cost": 3355.11,
                        "Total Cost": 23282.39,
                        "Plan Rows": 90982,
                        "Plan Width": 4,
                        "Actual Startup Time": 15.464,
                        "Actual Total Time": 41.567,
                        "Actual Rows": 75636,
                        "Actual Loops": 2,
                        "Recheck Cond": "(company_id > 131517)",
                        "Rows Removed by Index Recheck": 0,
                        "Exact Heap Blocks": 2974,
                        "Lossy Heap Blocks": 0,
                        "Plans": [
                          {
                            "Node Type": "Bitmap Index Scan",
                            "Parent Relationship": "Outer",
                            "Parallel Aware": false,
                            "Index Name": "company_id_movie_companies",
                            "Startup Cost": 0.0,
                            "Total Cost": 3316.45,
                            "Plan Rows": 154669,
                            "Plan Width": 0,
                            "Actual Startup Time": 16.387,
                            "Actual Total Time": 16.387,
                            "Actual Rows": 151273,
                            "Actual Loops": 1,
                            "Index Cond": "(company_id > 131517)"
                          }
                        ]
                      }
                    ]
                  }
                ]
              }
            ]
          }
        ]
      }
    ]
  },
  "Planning Time": 0.597,
  "Triggers": [],
  "Execution Time": 353.767
}