[
  {
    "Plan": {
      "Node Type": "Aggregate",
      "Strategy": "Plain",
      "Partial Mode": "Finalize",
      "Parallel Aware": false,
      "Startup Cost": 40394.09,
      "Total Cost": 40394.1,
      "Plan Rows": 1,
      "Plan Width": 8,
      "Actual Startup Time": 143.376,
      "Actual Total Time": 155.361,
      "Actual Rows": 1,
      "Actual Loops": 1,
      "Plans": [
        {
          "Node Type": "Gather",
          "Parent Relationship": "Outer",
          "Parallel Aware": false,
          "Startup Cost": 40393.77,
          "Total Cost": 40394.08,
          "Plan Rows": 3,
          "Plan Width": 8,
          "Actual Startup Time": 142.98,
          "Actual Total Time": 155.349,
          "Actual Rows": 4,
          "Actual Loops": 1,
          "Workers Planned": 3,
          "Workers Launched": 3,
          "Single Copy": false,
          "Plans": [
            {
              "Node Type": "Aggregate",
              "Strategy": "Plain",
              "Partial Mode": "Partial",
              "Parent Relationship": "Outer",
              "Parallel Aware": false,
              "Startup Cost": 39393.77,
              "Total Cost": 39393.78,
              "Plan Rows": 1,
              "Plan Width": 8,
              "Actual Startup Time": 134.043,
              "Actual Total Time": 134.045,
              "Actual Rows": 1,
              "Actual Loops": 4,
              "Plans": [
                {
                  "Node Type": "Bitmap Heap Scan",
                  "Parent Relationship": "Outer",
                  "Parallel Aware": true,
                  "Relation Name": "movie_keyword",
                  "Alias": "mk",
                  "Startup Cost": 12164.88,
                  "Total Cost": 38931.29,
                  "Plan Rows": 184993,
                  "Plan Width": 0,
                  "Actual Startup Time": 30.64,
                  "Actual Total Time": 124.017,
                  "Actual Rows": 145863,
                  "Actual Loops": 4,
                  "Recheck Cond": "(keyword_id < 414)",
                  "Rows Removed by Index Recheck": 0,
                  "Exact Heap Blocks": 11269,
                  "Lossy Heap Blocks": 0,
                  "Plans": [
                    {
                      "Node Type": "Bitmap Index Scan",
                      "Parent Relationship": "Outer",
                      "Parallel Aware": false,
                      "Index Name": "keyword_id_movie_keyword",
                      "Startup Cost": 0.0,
                      "Total Cost": 12021.51,
                      "Plan Rows": 573477,
                      "Plan Width": 0,
                      "Actual Startup Time": 35.047,
                      "Actual Total Time": 35.047,
                      "Actual Rows": 583452,
                      "Actual Loops": 1,
                      "Index Cond": "(keyword_id < 414)"
                    }
                  ]
                }
              ]
            }
          ]
        }
      ]
    },
    "Planning Time": 0.185,
    "Triggers": [],
    "Execution Time": 155.439
  }
]