{
  "Plan": {
    "Node Type": "Aggregate",
    "Strategy": "Plain",
    "Partial Mode": "Finalize",
    "Parallel Aware": false,
    "Startup Cost": 235372.65,
    "Total Cost": 235372.66,
    "Plan Rows": 1,
    "Plan Width": 8,
    "Actual Startup Time": 1668.587,
    "Actual Total Time": 1699.495,
    "Actual Rows": 1,
    "Actual Loops": 1,
    "Plans": [
      {
        "Node Type": "Gather",
        "Parent Relationship": "Outer",
        "Parallel Aware": false,
        "Startup Cost": 235372.54,
        "Total Cost": 235372.65,
        "Plan Rows": 1,
        "Plan Width": 8,
        "Actual Startup Time": 1667.128,
        "Actual Total Time": 1699.485,
        "Actual Rows": 2,
        "Actual Loops": 1,
        "Workers Planned": 1,
        "Workers Launched": 1,
        "Single Copy": false,
        "Plans": [
          {
            "Node Type": "Aggregate",
            "Strategy": "Plain",
            "Partial Mode": "Partial",
            "Parent Relationship": "Outer",
            "Parallel Aware": false,
            "Startup Cost": 234372.54,
            "Total Cost": 234372.55,
            "Plan Rows": 1,
            "Plan Width": 8,
            "Actual Startup Time": 1661.146,
            "Actual Total Time": 1661.151,
            "Actual Rows": 1,
            "Actual Loops": 2,
            "Plans": [
              {
                "Node Type": "Hash Join",
                "Parent Relationship": "Outer",
                "Parallel Aware": true,
                "Join Type": "Inner",
                "Startup Cost": 170458.45,
                "Total Cost": 233881.78,
                "Plan Rows": 196305,
                "Plan Width": 0,
                "Actual Startup Time": 1217.075,
                "Actual Total Time": 1622.911,
                "Actual Rows": 759272,
                "Actual Loops": 2,
                "Inner Unique": false,
                "Hash Cond": "(mk.movie_id = t.id)",
                "Plans": [
                  {
                    "Node Type": "Seq Scan",
                    "Parent Relationship": "Outer",
                    "Parallel Aware": true,
                    "Relation Name": "movie_keyword",
                    "Alias": "mk",
                    "Startup Cost": 0.0,
                    "Total Cost": 57718.19,
                    "Plan Rows": 1213442,
                    "Plan Width": 4,
                    "Actual Startup Time": 0.011,
                    "Actual Total Time": 217.58,
                    "Actual Rows": 1029818,
                    "Actual Loops": 2,
                    "Filter": "(keyword_id < 3662)",
                    "Rows Removed by Filter": 1232147
                  },
                  {
                    "Node Type": "Hash",
                    "Parent Relationship": "Inner",
                    "Parallel Aware": true,
                    "Startup Cost": 167450.99,
                    "Total Cost": 167450.99,
                    "Plan Rows": 240597,
                    "Plan Width": 8,
                    "Actual Startup Time": 1211.729,
                    "Actual Total Time": 1211.732,
                    "Actual Rows": 218355,
                    "Actual Loops": 2,
                    "Hash Buckets": 524288,
                    "Original Hash Buckets": 524288,
                    "Hash Batches": 1,
                    "Original Hash Batches": 1,
                    "Peak Memory Usage": 21216,
                    "Plans": [
                      {
                        "Node Type": "Merge Join",
                        "Parent Relationship": "Outer",
                        "Parallel Aware": false,
                        "Join Type": "Inner",
                        "Startup Cost": 2.98,
                        "Total Cost": 167450.99,
                        "Plan Rows": 240597,
                        "Plan Width": 8,
                        "Actual Startup Time": 0.297,
                        "Actual Total Time": 1139.932,
                        "Actual Rows": 218355,
                        "Actual Loops": 2,
                        "Inner Unique": false,
                        "Merge Cond": "(t.id = mi_idx.movie_id)",
                        "Plans": [
                          {
                            "Node Type": "Index Scan",
                            "Parent Relationship": "Outer",
                            "Parallel Aware": true,
                            "Scan Direction": "Forward",
                            "Index Name": "title_pkey",
                            "Relation Name": "title",
                            "Alias": "t",
                            "Startup Cost": 0.43,
                            "Total Cost": 103647.43,
                            "Plan Rows": 1309782,
                            "Plan Width": 4,
                            "Actual Startup Time": 0.089,
                            "Actual Total Time": 774.677,
                            "Actual Rows": 1111738,
                            "Actual Loops": 2,
                            "Filter": "(production_year < 2012)",
                            "Rows Removed by Filter": 151218
                          },
                          {
                            "Node Type": "Index Scan",
                            "Parent Relationship": "Inner",
                            "Parallel Aware": false,
                            "Scan Direction": "Forward",
                            "Index Name": "movie_id_movie_info_idx",
                            "Relation Name": "movie_info_idx",
                            "Alias": "mi_idx",
                            "Startup Cost": 0.43,
                            "Total Cost": 57070.31,
                            "Plan Rows": 464428,
                            "Plan Width": 4,
                            "Actual Startup Time": 0.11,
                            "Actual Total Time": 253.294,
                            "Actual Rows": 459925,
                            "Actual Loops": 2,
                            "Filter": "(info_type_id = 100)",
                            "Rows Removed by Filter": 920110
                          }
                        ]
                      }
                    ]
                  }
                ]
              }
            ]
          }
        ]
      }
    ]
  },
  "Planning Time": 1.16,
  "Triggers": [],
  "Execution Time": 1699.631
}