[
  {
    "Plan": {
      "Node Type": "Aggregate",
      "Strategy": "Plain",
      "Partial Mode": "Finalize",
      "Parallel Aware": false,
      "Startup Cost": 92499.2,
      "Total Cost": 92499.21,
      "Plan Rows": 1,
      "Plan Width": 8,
      "Actual Startup Time": 335.019,
      "Actual Total Time": 350.966,
      "Actual Rows": 1,
      "Actual Loops": 1,
      "Plans": [
        {
          "Node Type": "Gather",
          "Parent Relationship": "Outer",
          "Parallel Aware": false,
          "Startup Cost": 92498.88,
          "Total Cost": 92499.19,
          "Plan Rows": 3,
          "Plan Width": 8,
          "Actual Startup Time": 333.572,
          "Actual Total Time": 350.956,
          "Actual Rows": 4,
          "Actual Loops": 1,
          "Workers Planned": 3,
          "Workers Launched": 3,
          "Single Copy": false,
          "Plans": [
            {
              "Node Type": "Aggregate",
              "Strategy": "Plain",
              "Partial Mode": "Partial",
              "Parent Relationship": "Outer",
              "Parallel Aware": false,
              "Startup Cost": 91498.88,
              "Total Cost": 91498.89,
              "Plan Rows": 1,
              "Plan Width": 8,
              "Actual Startup Time": 325.099,
              "Actual Total Time": 325.158,
              "Actual Rows": 1,
              "Actual Loops": 4,
              "Plans": [
                {
                  "Node Type": "Hash Join",
                  "Parent Relationship": "Outer",
                  "Parallel Aware": true,
                  "Join Type": "Inner",
                  "Startup Cost": 46258.79,
                  "Total Cost": 91280.29,
                  "Plan Rows": 87437,
                  "Plan Width": 0,
                  "Actual Startup Time": 131.452,
                  "Actual Total Time": 315.438,
                  "Actual Rows": 220898,
                  "Actual Loops": 4,
                  "Inner Unique": true,
                  "Hash Cond": "(mk.movie_id = t.id)",
                  "Plans": [
                    {
                      "Node Type": "Seq Scan",
                      "Parent Relationship": "Outer",
                      "Parallel Aware": true,
                      "Relation Name": "movie_keyword",
                      "Alias": "mk",
                      "Startup Cost": 0.0,
                      "Total Cost": 42695.65,
                      "Plan Rows": 886037,
                      "Plan Width": 4,
                      "Actual Startup Time": 0.199,
                      "Actual Total Time": 109.176,
                      "Actual Rows": 683502,
                      "Actual Loops": 4,
                      "Filter": "(keyword_id > 2891)",
                      "Rows Removed by Filter": 447481
                    },
                    {
                      "Node Type": "Hash",
                      "Parent Relationship": "Inner",
                      "Parallel Aware": true,
                      "Startup Cost": 45479.1,
                      "Total Cost": 45479.1,
                      "Plan Rows": 62375,
                      "Plan Width": 4,
                      "Actual Startup Time": 128.659,
                      "Actual Total Time": 128.659,
                      "Actual Rows": 91406,
                      "Actual Loops": 4,
                      "Hash Buckets": 524288,
                      "Original Hash Buckets": 262144,
                      "Hash Batches": 1,
                      "Original Hash Batches": 1,
                      "Peak Memory Usage": 20480,
                      "Plans": [
                        {
                          "Node Type": "Seq Scan",
                          "Parent Relationship": "Outer",
                          "Parallel Aware": true,
                          "Relation Name": "title",
                          "Alias": "t",
                          "Startup Cost": 0.0,
                          "Total Cost": 45479.1,
                          "Plan Rows": 62375,
                          "Plan Width": 4,
                          "Actual Startup Time": 0.064,
                          "Actual Total Time": 98.603,
                          "Actual Rows": 91406,
                          "Actual Loops": 4,
                          "Filter": "((kind_id < 7) AND (production_year < 1988))",
                          "Rows Removed by Filter": 540672
                        }
                      ]
                    }
                  ]
                }
              ]
            }
          ]
        }
      ]
    },
    "Planning Time": 0.654,
    "Triggers": [],
    "Execution Time": 351.044
  }
]