{
  "Plan": {
    "Node Type": "Aggregate",
    "Strategy": "Plain",
    "Partial Mode": "Finalize",
    "Parallel Aware": false,
    "Startup Cost": 412333.97,
    "Total Cost": 412333.98,
    "Plan Rows": 1,
    "Plan Width": 8,
    "Actual Startup Time": 1182.058,
    "Actual Total Time": 1211.59,
    "Actual Rows": 1,
    "Actual Loops": 1,
    "Plans": [
      {
        "Node Type": "Gather",
        "Parent Relationship": "Outer",
        "Parallel Aware": false,
        "Startup Cost": 412333.86,
        "Total Cost": 412333.97,
        "Plan Rows": 1,
        "Plan Width": 8,
        "Actual Startup Time": 1178.614,
        "Actual Total Time": 1211.581,
        "Actual Rows": 2,
        "Actual Loops": 1,
        "Workers Planned": 1,
        "Workers Launched": 1,
        "Single Copy": false,
        "Plans": [
          {
            "Node Type": "Aggregate",
            "Strategy": "Plain",
            "Partial Mode": "Partial",
            "Parent Relationship": "Outer",
            "Parallel Aware": false,
            "Startup Cost": 411333.86,
            "Total Cost": 411333.87,
            "Plan Rows": 1,
            "Plan Width": 8,
            "Actual Startup Time": 1165.534,
            "Actual Total Time": 1165.538,
            "Actual Rows": 1,
            "Actual Loops": 2,
            "Plans": [
              {
                "Node Type": "Hash Join",
                "Parent Relationship": "Outer",
                "Parallel Aware": true,
                "Join Type": "Inner",
                "Startup Cost": 130996.64,
                "Total Cost": 409927.62,
                "Plan Rows": 562496,
                "Plan Width": 0,
                "Actual Startup Time": 925.789,
                "Actual Total Time": 1150.258,
                "Actual Rows": 292432,
                "Actual Loops": 2,
                "Inner Unique": true,
                "Hash Cond": "(ci.movie_id = t.id)",
                "Plans": [
                  {
                    "Node Type": "Bitmap Heap Scan",
                    "Parent Relationship": "Outer",
                    "Parallel Aware": true,
                    "Relation Name": "cast_info",
                    "Alias": "ci",
                    "Startup Cost": 61535.94,
                    "Total Cost": 338990.36,
                    "Plan Rows": 562496,
                    "Plan Width": 4,
                    "Actual Startup Time": 259.675,
                    "Actual Total Time": 323.319,
                    "Actual Rows": 292432,
                    "Actual Loops": 2,
                    "Recheck Cond": "(person_id < 276681)",
                    "Rows Removed by Index Recheck": 0,
                    "Filter": "(role_id > 3)",
                    "Rows Removed by Filter": 1137090,
                    "Exact Heap Blocks": 12269,
                    "Lossy Heap Blocks": 0,
                    "Plans": [
                      {
                        "Node Type": "Bitmap Index Scan",
                        "Parent Relationship": "Outer",
                        "Parallel Aware": false,
                        "Index Name": "person_id_cast_info",
                        "Startup Cost": 0.0,
                        "Total Cost": 61296.88,
                        "Plan Rows": 2806975,
                        "Plan Width": 0,
                        "Actual Startup Time": 113.962,
                        "Actual Total Time": 113.963,
                        "Actual Rows": 2859045,
                        "Actual Loops": 1,
                        "Index Cond": "(person_id < 276681)"
                      }
                    ]
                  },
                  {
                    "Node Type": "Hash",
                    "Parent Relationship": "Inner",
                    "Parallel Aware": true,
                    "Startup Cost": 50870.31,
                    "Total Cost": 50870.31,
                    "Plan Rows": 1487231,
                    "Plan Width": 4,
                    "Actual Startup Time": 642.993,
                    "Actual Total Time": 642.994,
                    "Actual Rows": 1264156,
                    "Actual Loops": 2,
                    "Hash Buckets": 4194304,
                    "Original Hash Buckets": 4194304,
                    "Hash Batches": 1,
                    "Original Hash Batches": 1,
                    "Peak Memory Usage": 131712,
                    "Plans": [
                      {
                        "Node Type": "Seq Scan",
                        "Parent Relationship": "Outer",
                        "Parallel Aware": true,
                        "Relation Name": "title",
                        "Alias": "t",
                        "Startup Cost": 0.0,
                        "Total Cost": 50870.31,
                        "Plan Rows": 1487231,
                        "Plan Width": 4,
                        "Actual Startup Time": 0.035,
                        "Actual Total Time": 183.174,
                        "Actual Rows": 1264156,
                        "Actual Loops": 2
                      }
                    ]
                  }
                ]
              }
            ]
          }
        ]
      }
    ]
  },
  "Planning Time": 0.755,
  "Triggers": [],
  "Execution Time": 1211.713
}