[
  {
    "Plan": {
      "Node Type": "Aggregate",
      "Strategy": "Plain",
      "Partial Mode": "Finalize",
      "Parallel Aware": false,
      "Startup Cost": 63580.12,
      "Total Cost": 63580.13,
      "Plan Rows": 1,
      "Plan Width": 8,
      "Actual Startup Time": 248.062,
      "Actual Total Time": 262.8,
      "Actual Rows": 1,
      "Actual Loops": 1,
      "Plans": [
        {
          "Node Type": "Gather",
          "Parent Relationship": "Outer",
          "Parallel Aware": false,
          "Startup Cost": 63579.9,
          "Total Cost": 63580.11,
          "Plan Rows": 2,
          "Plan Width": 8,
          "Actual Startup Time": 246.613,
          "Actual Total Time": 262.792,
          "Actual Rows": 3,
          "Actual Loops": 1,
          "Workers Planned": 2,
          "Workers Launched": 2,
          "Single Copy": false,
          "Plans": [
            {
              "Node Type": "Aggregate",
              "Strategy": "Plain",
              "Partial Mode": "Partial",
              "Parent Relationship": "Outer",
              "Parallel Aware": false,
              "Startup Cost": 62579.9,
              "Total Cost": 62579.91,
              "Plan Rows": 1,
              "Plan Width": 8,
              "Actual Startup Time": 243.362,
              "Actual Total Time": 243.365,
              "Actual Rows": 1,
              "Actual Loops": 3,
              "Plans": [
                {
                  "Node Type": "Hash Join",
                  "Parent Relationship": "Outer",
                  "Parallel Aware": true,
                  "Join Type": "Inner",
                  "Startup Cost": 47091.99,
                  "Total Cost": 62286.55,
                  "Plan Rows": 117342,
                  "Plan Width": 0,
                  "Actual Startup Time": 175.561,
                  "Actual Total Time": 237.63,
                  "Actual Rows": 140350,
                  "Actual Loops": 3,
                  "Inner Unique": true,
                  "Hash Cond": "(mi_idx.movie_id = t.id)",
                  "Plans": [
                    {
                      "Node Type": "Seq Scan",
                      "Parent Relationship": "Outer",
                      "Parallel Aware": true,
                      "Relation Name": "movie_info_idx",
                      "Alias": "mi_idx",
                      "Startup Cost": 0.0,
                      "Total Cost": 13685.15,
                      "Plan Rows": 575015,
                      "Plan Width": 4,
                      "Actual Startup Time": 0.009,
                      "Actual Total Time": 36.476,
                      "Actual Rows": 460012,
                      "Actual Loops": 3
                    },
                    {
                      "Node Type": "Hash",
                      "Parent Relationship": "Inner",
                      "Parallel Aware": true,
                      "Startup Cost": 45479.59,
                      "Total Cost": 45479.59,
                      "Plan Rows": 128992,
                      "Plan Width": 4,
                      "Actual Startup Time": 139.885,
                      "Actual Total Time": 139.885,
                      "Actual Rows": 130319,
                      "Actual Loops": 3,
                      "Hash Buckets": 524288,
                      "Original Hash Buckets": 524288,
                      "Hash Batches": 1,
                      "Original Hash Batches": 1,
                      "Peak Memory Usage": 19456,
                      "Plans": [
                        {
                          "Node Type": "Seq Scan",
                          "Parent Relationship": "Outer",
                          "Parallel Aware": true,
                          "Relation Name": "title",
                          "Alias": "t",
                          "Startup Cost": 0.0,
                          "Total Cost": 45479.59,
                          "Plan Rows": 128992,
                          "Plan Width": 4,
                          "Actual Startup Time": 41.588,
                          "Actual Total Time": 108.27,
                          "Actual Rows": 130319,
                          "Actual Loops": 3,
                          "Filter": "((production_year > 1978) AND (kind_id = 1))",
                          "Rows Removed by Filter": 712452
                        }
                      ]
                    }
                  ]
                }
              ]
            }
          ]
        }
      ]
    },
    "Planning Time": 0.56,
    "Triggers": [],
    "Execution Time": 262.849
  }
]