[
  {
    "Plan": {
      "Node Type": "Aggregate",
      "Strategy": "Plain",
      "Partial Mode": "Finalize",
      "Parallel Aware": false,
      "Startup Cost": 33115.74,
      "Total Cost": 33115.75,
      "Plan Rows": 1,
      "Plan Width": 8,
      "Actual Startup Time": 88.358,
      "Actual Total Time": 93.79,
      "Actual Rows": 1,
      "Actual Loops": 1,
      "Plans": [
        {
          "Node Type": "Gather",
          "Parent Relationship": "Outer",
          "Parallel Aware": false,
          "Startup Cost": 33115.52,
          "Total Cost": 33115.73,
          "Plan Rows": 2,
          "Plan Width": 8,
          "Actual Startup Time": 88.052,
          "Actual Total Time": 93.783,
          "Actual Rows": 3,
          "Actual Loops": 1,
          "Workers Planned": 2,
          "Workers Launched": 2,
          "Single Copy": false,
          "Plans": [
            {
              "Node Type": "Aggregate",
              "Strategy": "Plain",
              "Partial Mode": "Partial",
              "Parent Relationship": "Outer",
              "Parallel Aware": false,
              "Startup Cost": 32115.52,
              "Total Cost": 32115.53,
              "Plan Rows": 1,
              "Plan Width": 8,
              "Actual Startup Time": 79.833,
              "Actual Total Time": 79.837,
              "Actual Rows": 1,
              "Actual Loops": 3,
              "Plans": [
                {
                  "Node Type": "Nested Loop",
                  "Parent Relationship": "Outer",
                  "Parallel Aware": false,
                  "Join Type": "Inner",
                  "Startup Cost": 13746.64,
                  "Total Cost": 32114.24,
                  "Plan Rows": 513,
                  "Plan Width": 0,
                  "Actual Startup Time": 73.153,
                  "Actual Total Time": 79.757,
                  "Actual Rows": 956,
                  "Actual Loops": 3,
                  "Inner Unique": true,
                  "Join Filter": "(mc.movie_id = t.id)",
                  "Rows Removed by Join Filter": 0,
                  "Plans": [
                    {
                      "Node Type": "Hash Join",
                      "Parent Relationship": "Outer",
                      "Parallel Aware": true,
                      "Join Type": "Inner",
                      "Startup Cost": 13746.21,
                      "Total Cost": 29827.18,
                      "Plan Rows": 2672,
                      "Plan Width": 8,
                      "Actual Startup Time": 73.082,
                      "Actual Total Time": 75.299,
                      "Actual Rows": 956,
                      "Actual Loops": 3,
                      "Inner Unique": false,
                      "Hash Cond": "(mi_idx.movie_id = mc.movie_id)",
                      "Plans": [
                        {
                          "Node Type": "Seq Scan",
                          "Parent Relationship": "Outer",
                          "Parallel Aware": true,
                          "Relation Name": "movie_info_idx",
                          "Alias": "mi_idx",
                          "Startup Cost": 0.0,
                          "Total Cost": 15122.68,
                          "Plan Rows": 189429,
                          "Plan Width": 4,
                          "Actual Startup Time": 0.053,
                          "Actual Total Time": 54.159,
                          "Actual Rows": 153308,
                          "Actual Loops": 3,
                          "Filter": "(info_type_id = 99)",
                          "Rows Removed by Filter": 306703
                        },
                        {
                          "Node Type": "Hash",
                          "Parent Relationship": "Inner",
                          "Parallel Aware": true,
                          "Startup Cost": 13710.52,
                          "Total Cost": 13710.52,
                          "Plan Rows": 2855,
                          "Plan Width": 4,
                          "Actual Startup Time": 2.739,
                          "Actual Total Time": 2.741,
                          "Actual Rows": 2044,
                          "Actual Loops": 3,
                          "Hash Buckets": 8192,
                          "Original Hash Buckets": 8192,
                          "Hash Batches": 1,
                          "Original Hash Batches": 1,
                          "Peak Memory Usage": 320,
                          "Plans": [
                            {
                              "Node Type": "Bitmap Heap Scan",
                              "Parent Relationship": "Outer",
                              "Parallel Aware": true,
                              "Relation Name": "movie_companies",
                              "Alias": "mc",
                              "Startup Cost": 149.53,
                              "Total Cost": 13710.52,
                              "Plan Rows": 2855,
                              "Plan Width": 4,
                              "Actual Startup Time": 1.105,
                              "Actual Total Time": 5.189,
                              "Actual Rows": 6132,
                              "Actual Loops": 1,
                              "Recheck Cond": "(company_id > 229072)",
                              "Rows Removed by Index Recheck": 0,
                              "Exact Heap Blocks": 277,
                              "Lossy Heap Blocks": 0,
                              "Plans": [
                                {
                                  "Node Type": "Bitmap Index Scan",
                                  "Parent Relationship": "Outer",
                                  "Parallel Aware": false,
                                  "Index Name": "company_id_movie_companies",
                                  "Startup Cost": 0.0,
                                  "Total Cost": 147.81,
                                  "Plan Rows": 6851,
                                  "Plan Width": 0,
                                  "Actual Startup Time": 0.898,
                                  "Actual Total Time": 0.899,
                                  "Actual Rows": 6132,
                                  "Actual Loops": 1,
                                  "Index Cond": "(company_id > 229072)"
                                }
                              ]
                            }
                          ]
                        }
                      ]
                    },
                    {
                      "Node Type": "Index Only Scan",
                      "Parent Relationship": "Inner",
                      "Parallel Aware": false,
                      "Scan Direction": "Forward",
                      "Index Name": "title_pkey",
                      "Relation Name": "title",
                      "Alias": "t",
                      "Startup Cost": 0.43,
                      "Total Cost": 0.84,
                      "Plan Rows": 1,
                      "Plan Width": 4,
                      "Actual Startup Time": 0.004,
                      "Actual Total Time": 0.004,
                      "Actual Rows": 1,
                      "Actual Loops": 2868,
                      "Index Cond": "(id = mi_idx.movie_id)",
                      "Rows Removed by Index Recheck": 0,
                      "Heap Fetches": 2868
                    }
                  ]
                }
              ]
            }
          ]
        }
      ]
    },
    "Planning Time": 1.565,
    "Triggers": [],
    "Execution Time": 93.917
  }
]