[
  {
    "Plan": {
      "Node Type": "Aggregate",
      "Strategy": "Plain",
      "Partial Mode": "Finalize",
      "Parallel Aware": false,
      "Startup Cost": 338838.04,
      "Total Cost": 338838.05,
      "Plan Rows": 1,
      "Plan Width": 8,
      "Actual Startup Time": 815.757,
      "Actual Total Time": 865.545,
      "Actual Rows": 1,
      "Actual Loops": 1,
      "Plans": [
        {
          "Node Type": "Gather",
          "Parent Relationship": "Outer",
          "Parallel Aware": false,
          "Startup Cost": 338837.42,
          "Total Cost": 338838.03,
          "Plan Rows": 6,
          "Plan Width": 8,
          "Actual Startup Time": 815.521,
          "Actual Total Time": 865.529,
          "Actual Rows": 7,
          "Actual Loops": 1,
          "Workers Planned": 6,
          "Workers Launched": 6,
          "Single Copy": false,
          "Plans": [
            {
              "Node Type": "Aggregate",
              "Strategy": "Plain",
              "Partial Mode": "Partial",
              "Parent Relationship": "Outer",
              "Parallel Aware": false,
              "Startup Cost": 337837.42,
              "Total Cost": 337837.43,
              "Plan Rows": 1,
              "Plan Width": 8,
              "Actual Startup Time": 808.068,
              "Actual Total Time": 808.071,
              "Actual Rows": 1,
              "Actual Loops": 7,
              "Plans": [
                {
                  "Node Type": "Seq Scan",
                  "Parent Relationship": "Outer",
                  "Parallel Aware": true,
                  "Relation Name": "cast_info",
                  "Alias": "ci",
                  "Startup Cost": 0.0,
                  "Total Cost": 328211.39,
                  "Plan Rows": 3850410,
                  "Plan Width": 0,
                  "Actual Startup Time": 0.037,
                  "Actual Total Time": 645.579,
                  "Actual Rows": 3324285,
                  "Actual Loops": 7,
                  "Filter": "(person_id < 2379632)",
                  "Rows Removed by Filter": 1853479
                }
              ]
            }
          ]
        }
      ]
    },
    "Planning Time": 0.255,
    "Triggers": [],
    "Execution Time": 865.619
  }
]