[
  {
    "Plan": {
      "Node Type": "Aggregate",
      "Strategy": "Plain",
      "Partial Mode": "Finalize",
      "Parallel Aware": false,
      "Startup Cost": 62559.59,
      "Total Cost": 62559.6,
      "Plan Rows": 1,
      "Plan Width": 8,
      "Actual Startup Time": 201.33,
      "Actual Total Time": 216.716,
      "Actual Rows": 1,
      "Actual Loops": 1,
      "Plans": [
        {
          "Node Type": "Gather",
          "Parent Relationship": "Outer",
          "Parallel Aware": false,
          "Startup Cost": 62559.37,
          "Total Cost": 62559.58,
          "Plan Rows": 2,
          "Plan Width": 8,
          "Actual Startup Time": 200.467,
          "Actual Total Time": 216.706,
          "Actual Rows": 3,
          "Actual Loops": 1,
          "Workers Planned": 2,
          "Workers Launched": 2,
          "Single Copy": false,
          "Plans": [
            {
              "Node Type": "Aggregate",
              "Strategy": "Plain",
              "Partial Mode": "Partial",
              "Parent Relationship": "Outer",
              "Parallel Aware": false,
              "Startup Cost": 61559.37,
              "Total Cost": 61559.38,
              "Plan Rows": 1,
              "Plan Width": 8,
              "Actual Startup Time": 197.221,
              "Actual Total Time": 197.225,
              "Actual Rows": 1,
              "Actual Loops": 3,
              "Plans": [
                {
                  "Node Type": "Hash Join",
                  "Parent Relationship": "Outer",
                  "Parallel Aware": true,
                  "Join Type": "Inner",
                  "Startup Cost": 45912.59,
                  "Total Cost": 61533.38,
                  "Plan Rows": 10399,
                  "Plan Width": 0,
                  "Actual Startup Time": 152.942,
                  "Actual Total Time": 196.719,
                  "Actual Rows": 8789,
                  "Actual Loops": 3,
                  "Inner Unique": true,
                  "Hash Cond": "(mi_idx.movie_id = t.id)",
                  "Plans": [
                    {
                      "Node Type": "Seq Scan",
                      "Parent Relationship": "Outer",
                      "Parallel Aware": true,
                      "Relation Name": "movie_info_idx",
                      "Alias": "mi_idx",
                      "Startup Cost": 0.0,
                      "Total Cost": 15122.68,
                      "Plan Rows": 189755,
                      "Plan Width": 4,
                      "Actual Startup Time": 0.017,
                      "Actual Total Time": 43.883,
                      "Actual Rows": 153308,
                      "Actual Loops": 3,
                      "Filter": "(info_type_id < 100)",
                      "Rows Removed by Filter": 306703
                    },
                    {
                      "Node Type": "Hash",
                      "Parent Relationship": "Inner",
                      "Parallel Aware": true,
                      "Startup Cost": 45479.59,
                      "Total Cost": 45479.59,
                      "Plan Rows": 34640,
                      "Plan Width": 4,
                      "Actual Startup Time": 123.926,
                      "Actual Total Time": 123.927,
                      "Actual Rows": 44061,
                      "Actual Loops": 3,
                      "Hash Buckets": 262144,
                      "Original Hash Buckets": 262144,
                      "Hash Batches": 1,
                      "Original Hash Batches": 1,
                      "Peak Memory Usage": 7232,
                      "Plans": [
                        {
                          "Node Type": "Seq Scan",
                          "Parent Relationship": "Outer",
                          "Parallel Aware": true,
                          "Relation Name": "title",
                          "Alias": "t",
                          "Startup Cost": 0.0,
                          "Total Cost": 45479.59,
                          "Plan Rows": 34640,
                          "Plan Width": 4,
                          "Actual Startup Time": 42.343,
                          "Actual Total Time": 109.905,
                          "Actual Rows": 44061,
                          "Actual Loops": 3,
                          "Filter": "((kind_id < 2) AND (production_year > 2009))",
                          "Rows Removed by Filter": 798710
                        }
                      ]
                    }
                  ]
                }
              ]
            }
          ]
        }
      ]
    },
    "Planning Time": 0.284,
    "Triggers": [],
    "Execution Time": 216.756
  }
]