[
  {
    "Plan": {
      "Node Type": "Aggregate",
      "Strategy": "Plain",
      "Partial Mode": "Finalize",
      "Parallel Aware": false,
      "Startup Cost": 32008.48,
      "Total Cost": 32008.49,
      "Plan Rows": 1,
      "Plan Width": 8,
      "Actual Startup Time": 106.184,
      "Actual Total Time": 112.051,
      "Actual Rows": 1,
      "Actual Loops": 1,
      "Plans": [
        {
          "Node Type": "Gather",
          "Parent Relationship": "Outer",
          "Parallel Aware": false,
          "Startup Cost": 32008.16,
          "Total Cost": 32008.47,
          "Plan Rows": 3,
          "Plan Width": 8,
          "Actual Startup Time": 106.131,
          "Actual Total Time": 112.047,
          "Actual Rows": 4,
          "Actual Loops": 1,
          "Workers Planned": 3,
          "Workers Launched": 3,
          "Single Copy": false,
          "Plans": [
            {
              "Node Type": "Aggregate",
              "Strategy": "Plain",
              "Partial Mode": "Partial",
              "Parent Relationship": "Outer",
              "Parallel Aware": false,
              "Startup Cost": 31008.16,
              "Total Cost": 31008.17,
              "Plan Rows": 1,
              "Plan Width": 8,
              "Actual Startup Time": 99.128,
              "Actual Total Time": 99.128,
              "Actual Rows": 1,
              "Actual Loops": 4,
              "Plans": [
                {
                  "Node Type": "Seq Scan",
                  "Parent Relationship": "Outer",
                  "Parallel Aware": true,
                  "Relation Name": "movie_companies",
                  "Alias": "mc",
                  "Startup Cost": 0.0,
                  "Total Cost": 29310.68,
                  "Plan Rows": 678991,
                  "Plan Width": 0,
                  "Actual Startup Time": 0.095,
                  "Actual Total Time": 75.246,
                  "Actual Rows": 528554,
                  "Actual Loops": 4,
                  "Filter": "(company_id > 436)",
                  "Rows Removed by Filter": 123728
                }
              ]
            }
          ]
        }
      ]
    },
    "Planning Time": 0.068,
    "Triggers": [],
    "Execution Time": 112.073
  }
]