[
  {
    "Plan": {
      "Node Type": "Aggregate",
      "Strategy": "Plain",
      "Partial Mode": "Finalize",
      "Parallel Aware": false,
      "Startup Cost": 238473.51,
      "Total Cost": 238473.52,
      "Plan Rows": 1,
      "Plan Width": 8,
      "Actual Startup Time": 1570.597,
      "Actual Total Time": 1669.464,
      "Actual Rows": 1,
      "Actual Loops": 1,
      "Plans": [
        {
          "Node Type": "Gather",
          "Parent Relationship": "Outer",
          "Parallel Aware": false,
          "Startup Cost": 238473.2,
          "Total Cost": 238473.51,
          "Plan Rows": 3,
          "Plan Width": 8,
          "Actual Startup Time": 1565.843,
          "Actual Total Time": 1669.451,
          "Actual Rows": 4,
          "Actual Loops": 1,
          "Workers Planned": 3,
          "Workers Launched": 3,
          "Single Copy": false,
          "Plans": [
            {
              "Node Type": "Aggregate",
              "Strategy": "Plain",
              "Partial Mode": "Partial",
              "Parent Relationship": "Outer",
              "Parallel Aware": false,
              "Startup Cost": 237473.2,
              "Total Cost": 237473.21,
              "Plan Rows": 1,
              "Plan Width": 8,
              "Actual Startup Time": 1556.864,
              "Actual Total Time": 1556.869,
              "Actual Rows": 1,
              "Actual Loops": 4,
              "Plans": [
                {
                  "Node Type": "Nested Loop",
                  "Parent Relationship": "Outer",
                  "Parallel Aware": false,
                  "Join Type": "Inner",
                  "Startup Cost": 48265.2,
                  "Total Cost": 235753.42,
                  "Plan Rows": 687912,
                  "Plan Width": 0,
                  "Actual Startup Time": 219.073,
                  "Actual Total Time": 1495.709,
                  "Actual Rows": 1096343,
                  "Actual Loops": 4,
                  "Inner Unique": false,
                  "Plans": [
                    {
                      "Node Type": "Hash Join",
                      "Parent Relationship": "Outer",
                      "Parallel Aware": true,
                      "Join Type": "Inner",
                      "Startup Cost": 48264.64,
                      "Total Cost": 80036.77,
                      "Plan Rows": 47979,
                      "Plan Width": 8,
                      "Actual Startup Time": 218.946,
                      "Actual Total Time": 359.467,
                      "Actual Rows": 45690,
                      "Actual Loops": 4,
                      "Inner Unique": true,
                      "Hash Cond": "(mc.movie_id = t.id)",
                      "Plans": [
                        {
                          "Node Type": "Seq Scan",
                          "Parent Relationship": "Outer",
                          "Parallel Aware": true,
                          "Relation Name": "movie_companies",
                          "Alias": "mc",
                          "Startup Cost": 0.0,
                          "Total Cost": 31414.82,
                          "Plan Rows": 136120,
                          "Plan Width": 4,
                          "Actual Startup Time": 0.014,
                          "Actual Total Time": 75.893,
                          "Actual Rows": 152517,
                          "Actual Loops": 4,
                          "Filter": "((company_id < 2536) AND (company_type_id = 1))",
                          "Rows Removed by Filter": 499765
                        },
                        {
                          "Node Type": "Hash",
                          "Parent Relationship": "Inner",
                          "Parallel Aware": true,
                          "Startup Cost": 45479.59,
                          "Total Cost": 45479.59,
                          "Plan Rows": 222804,
                          "Plan Width": 4,
                          "Actual Startup Time": 213.567,
                          "Actual Total Time": 213.569,
                          "Actual Rows": 200248,
                          "Actual Loops": 4,
                          "Hash Buckets": 1048576,
                          "Original Hash Buckets": 1048576,
                          "Hash Batches": 1,
                          "Original Hash Batches": 1,
                          "Peak Memory Usage": 39584,
                          "Plans": [
                            {
                              "Node Type": "Seq Scan",
                              "Parent Relationship": "Outer",
                              "Parallel Aware": true,
                              "Relation Name": "title",
                              "Alias": "t",
                              "Startup Cost": 0.0,
                              "Total Cost": 45479.59,
                              "Plan Rows": 222804,
                              "Plan Width": 4,
                              "Actual Startup Time": 0.05,
                              "Actual Total Time": 124.074,
                              "Actual Rows": 200248,
                              "Actual Loops": 4,
                              "Filter": "((kind_id > 3) AND (production_year < 2005))",
                              "Rows Removed by Filter": 431830
                            }
                          ]
                        }
                      ]
                    },
                    {
                      "Node Type": "Index Only Scan",
                      "Parent Relationship": "Inner",
                      "Parallel Aware": false,
                      "Scan Direction": "Forward",
                      "Index Name": "movie_id_cast_info",
                      "Relation Name": "cast_info",
                      "Alias": "ci",
                      "Startup Cost": 0.56,
                      "Total Cost": 2.9,
                      "Plan Rows": 35,
                      "Plan Width": 4,
                      "Actual Startup Time": 0.005,
                      "Actual Total Time": 0.022,
                      "Actual Rows": 24,
                      "Actual Loops": 182760,
                      "Index Cond": "(movie_id = t.id)",
                      "Rows Removed by Index Recheck": 0,
                      "Heap Fetches": 4385373
                    }
                  ]
                }
              ]
            }
          ]
        }
      ]
    },
    "Planning Time": 1.56,
    "Triggers": [],
    "Execution Time": 1669.575
  }
]