[
  {
    "Plan": {
      "Node Type": "Aggregate",
      "Strategy": "Plain",
      "Partial Mode": "Finalize",
      "Parallel Aware": false,
      "Startup Cost": 79723.53,
      "Total Cost": 79723.54,
      "Plan Rows": 1,
      "Plan Width": 8,
      "Actual Startup Time": 314.987,
      "Actual Total Time": 332.267,
      "Actual Rows": 1,
      "Actual Loops": 1,
      "Plans": [
        {
          "Node Type": "Gather",
          "Parent Relationship": "Outer",
          "Parallel Aware": false,
          "Startup Cost": 79723.21,
          "Total Cost": 79723.52,
          "Plan Rows": 3,
          "Plan Width": 8,
          "Actual Startup Time": 311.363,
          "Actual Total Time": 332.258,
          "Actual Rows": 4,
          "Actual Loops": 1,
          "Workers Planned": 3,
          "Workers Launched": 3,
          "Single Copy": false,
          "Plans": [
            {
              "Node Type": "Aggregate",
              "Strategy": "Plain",
              "Partial Mode": "Partial",
              "Parent Relationship": "Outer",
              "Parallel Aware": false,
              "Startup Cost": 78723.21,
              "Total Cost": 78723.22,
              "Plan Rows": 1,
              "Plan Width": 8,
              "Actual Startup Time": 301.651,
              "Actual Total Time": 301.655,
              "Actual Rows": 1,
              "Actual Loops": 4,
              "Plans": [
                {
                  "Node Type": "Hash Join",
                  "Parent Relationship": "Outer",
                  "Parallel Aware": true,
                  "Join Type": "Inner",
                  "Startup Cost": 52839.03,
                  "Total Cost": 78636.16,
                  "Plan Rows": 34822,
                  "Plan Width": 0,
                  "Actual Startup Time": 227.058,
                  "Actual Total Time": 298.178,
                  "Actual Rows": 63759,
                  "Actual Loops": 4,
                  "Inner Unique": true,
                  "Hash Cond": "(mk.movie_id = t.id)",
                  "Plans": [
                    {
                      "Node Type": "Bitmap Heap Scan",
                      "Parent Relationship": "Outer",
                      "Parallel Aware": true,
                      "Relation Name": "movie_keyword",
                      "Alias": "mk",
                      "Startup Cost": 5841.9,
                      "Total Cost": 31405.92,
                      "Plan Rows": 88802,
                      "Plan Width": 4,
                      "Actual Startup Time": 17.418,
                      "Actual Total Time": 62.963,
                      "Actual Rows": 67826,
                      "Actual Loops": 4,
                      "Recheck Cond": "(keyword_id > 58126)",
                      "Rows Removed by Index Recheck": 0,
                      "Exact Heap Blocks": 8012,
                      "Lossy Heap Blocks": 0,
                      "Plans": [
                        {
                          "Node Type": "Bitmap Index Scan",
                          "Parent Relationship": "Outer",
                          "Parallel Aware": false,
                          "Index Name": "keyword_id_movie_keyword",
                          "Startup Cost": 0.0,
                          "Total Cost": 5773.08,
                          "Plan Rows": 275286,
                          "Plan Width": 0,
                          "Actual Startup Time": 14.2,
                          "Actual Total Time": 14.201,
                          "Actual Rows": 271303,
                          "Actual Loops": 1,
                          "Index Cond": "(keyword_id > 58126)"
                        }
                      ]
                    },
                    {
                      "Node Type": "Hash",
                      "Parent Relationship": "Inner",
                      "Parallel Aware": true,
                      "Startup Cost": 43898.92,
                      "Total Cost": 43898.92,
                      "Plan Rows": 247857,
                      "Plan Width": 4,
                      "Actual Startup Time": 204.27,
                      "Actual Total Time": 204.271,
                      "Actual Rows": 246262,
                      "Actual Loops": 4,
                      "Hash Buckets": 1048576,
                      "Original Hash Buckets": 1048576,
                      "Hash Batches": 1,
                      "Original Hash Batches": 1,
                      "Peak Memory Usage": 46784,
                      "Plans": [
                        {
                          "Node Type": "Seq Scan",
                          "Parent Relationship": "Outer",
                          "Parallel Aware": true,
                          "Relation Name": "title",
                          "Alias": "t",
                          "Startup Cost": 0.0,
                          "Total Cost": 43898.92,
                          "Plan Rows": 247857,
                          "Plan Width": 4,
                          "Actual Startup Time": 0.045,
                          "Actual Total Time": 112.658,
                          "Actual Rows": 246262,
                          "Actual Loops": 4,
                          "Filter": "(kind_id < 7)",
                          "Rows Removed by Filter": 385816
                        }
                      ]
                    }
                  ]
                }
              ]
            }
          ]
        }
      ]
    },
    "Planning Time": 0.633,
    "Triggers": [],
    "Execution Time": 332.36
  }
]