{
  "Plan": {
    "Node Type": "Aggregate",
    "Strategy": "Plain",
    "Partial Mode": "Finalize",
    "Parallel Aware": false,
    "Startup Cost": 60448.65,
    "Total Cost": 60448.66,
    "Plan Rows": 1,
    "Plan Width": 8,
    "Actual Startup Time": 243.077,
    "Actual Total Time": 275.918,
    "Actual Rows": 1,
    "Actual Loops": 1,
    "Plans": [
      {
        "Node Type": "Gather",
        "Parent Relationship": "Outer",
        "Parallel Aware": false,
        "Startup Cost": 60448.54,
        "Total Cost": 60448.65,
        "Plan Rows": 1,
        "Plan Width": 8,
        "Actual Startup Time": 242.911,
        "Actual Total Time": 275.911,
        "Actual Rows": 2,
        "Actual Loops": 1,
        "Workers Planned": 1,
        "Workers Launched": 1,
        "Single Copy": false,
        "Plans": [
          {
            "Node Type": "Aggregate",
            "Strategy": "Plain",
            "Partial Mode": "Partial",
            "Parent Relationship": "Outer",
            "Parallel Aware": false,
            "Startup Cost": 59448.54,
            "Total Cost": 59448.55,
            "Plan Rows": 1,
            "Plan Width": 8,
            "Actual Startup Time": 236.832,
            "Actual Total Time": 236.835,
            "Actual Rows": 1,
            "Actual Loops": 2,
            "Plans": [
              {
                "Node Type": "Nested Loop",
                "Parent Relationship": "Outer",
                "Parallel Aware": false,
                "Join Type": "Inner",
                "Startup Cost": 177.58,
                "Total Cost": 59402.78,
                "Plan Rows": 18304,
                "Plan Width": 0,
                "Actual Startup Time": 5.776,
                "Actual Total Time": 230.201,
                "Actual Rows": 129636,
                "Actual Loops": 2,
                "Inner Unique": false,
                "Plans": [
                  {
                    "Node Type": "Nested Loop",
                    "Parent Relationship": "Outer",
                    "Parallel Aware": false,
                    "Join Type": "Inner",
                    "Startup Cost": 177.14,
                    "Total Cost": 50195.94,
                    "Plan Rows": 4879,
                    "Plan Width": 8,
                    "Actual Startup Time": 5.651,
                    "Actual Total Time": 49.342,
                    "Actual Rows": 4819,
                    "Actual Loops": 2,
                    "Inner Unique": true,
                    "Plans": [
                      {
                        "Node Type": "Bitmap Heap Scan",
                        "Parent Relationship": "Outer",
                        "Parallel Aware": true,
                        "Relation Name": "movie_keyword",
                        "Alias": "mk",
                        "Startup Cost": 176.71,
                        "Total Cost": 17147.94,
                        "Plan Rows": 4879,
                        "Plan Width": 4,
                        "Actual Startup Time": 5.531,
                        "Actual Total Time": 19.728,
                        "Actual Rows": 4819,
                        "Actual Loops": 2,
                        "Recheck Cond": "(keyword_id = 236)",
                        "Rows Removed by Index Recheck": 0,
                        "Exact Heap Blocks": 5552,
                        "Lossy Heap Blocks": 0,
                        "Plans": [
                          {
                            "Node Type": "Bitmap Index Scan",
                            "Parent Relationship": "Outer",
                            "Parallel Aware": false,
                            "Index Name": "keyword_id_movie_keyword",
                            "Startup Cost": 0.0,
                            "Total Cost": 174.64,
                            "Plan Rows": 8294,
                            "Plan Width": 0,
                            "Actual Startup Time": 6.824,
                            "Actual Total Time": 6.825,
                            "Actual Rows": 9638,
                            "Actual Loops": 1,
                            "Index Cond": "(keyword_id = 236)"
                          }
                        ]
                      },
                      {
                        "Node Type": "Index Only Scan",
                        "Parent Relationship": "Inner",
                        "Parallel Aware": false,
                        "Scan Direction": "Forward",
                        "Index Name": "title_pkey",
                        "Relation Name": "title",
                        "Alias": "t",
                        "Startup Cost": 0.43,
                        "Total Cost": 6.77,
                        "Plan Rows": 1,
                        "Plan Width": 4,
                        "Actual Startup Time": 0.006,
                        "Actual Total Time": 0.006,
                        "Actual Rows": 1,
                        "Actual Loops": 9638,
                        "Index Cond": "(id = mk.movie_id)",
                        "Rows Removed by Index Recheck": 0,
                        "Heap Fetches": 9638
                      }
                    ]
                  },
                  {
                    "Node Type": "Index Scan",
                    "Parent Relationship": "Inner",
                    "Parallel Aware": false,
                    "Scan Direction": "Forward",
                    "Index Name": "movie_id_movie_info",
                    "Relation Name": "movie_info",
                    "Alias": "mi",
                    "Startup Cost": 0.43,
                    "Total Cost": 1.62,
                    "Plan Rows": 27,
                    "Plan Width": 4,
                    "Actual Startup Time": 0.008,
                    "Actual Total Time": 0.035,
                    "Actual Rows": 27,
                    "Actual Loops": 9638,
                    "Index Cond": "(movie_id = t.id)",
                    "Rows Removed by Index Recheck": 0,
                    "Filter": "(info_type_id < 16)",
                    "Rows Removed by Filter": 31
                  }
                ]
              }
            ]
          }
        ]
      }
    ]
  },
  "Planning Time": 0.93,
  "Triggers": [],
  "Execution Time": 276.023
}