[
  {
    "Plan": {
      "Node Type": "Aggregate",
      "Strategy": "Plain",
      "Partial Mode": "Finalize",
      "Parallel Aware": false,
      "Startup Cost": 32917.36,
      "Total Cost": 32917.37,
      "Plan Rows": 1,
      "Plan Width": 8,
      "Actual Startup Time": 119.361,
      "Actual Total Time": 129.762,
      "Actual Rows": 1,
      "Actual Loops": 1,
      "Plans": [
        {
          "Node Type": "Gather",
          "Parent Relationship": "Outer",
          "Parallel Aware": false,
          "Startup Cost": 32917.04,
          "Total Cost": 32917.35,
          "Plan Rows": 3,
          "Plan Width": 8,
          "Actual Startup Time": 119.239,
          "Actual Total Time": 129.751,
          "Actual Rows": 4,
          "Actual Loops": 1,
          "Workers Planned": 3,
          "Workers Launched": 3,
          "Single Copy": false,
          "Plans": [
            {
              "Node Type": "Aggregate",
              "Strategy": "Plain",
              "Partial Mode": "Partial",
              "Parent Relationship": "Outer",
              "Parallel Aware": false,
              "Startup Cost": 31917.04,
              "Total Cost": 31917.05,
              "Plan Rows": 1,
              "Plan Width": 8,
              "Actual Startup Time": 110.653,
              "Actual Total Time": 110.654,
              "Actual Rows": 1,
              "Actual Loops": 4,
              "Plans": [
                {
                  "Node Type": "Seq Scan",
                  "Parent Relationship": "Outer",
                  "Parallel Aware": true,
                  "Relation Name": "movie_companies",
                  "Alias": "mc",
                  "Startup Cost": 0.0,
                  "Total Cost": 31414.82,
                  "Plan Rows": 200888,
                  "Plan Width": 0,
                  "Actual Startup Time": 0.056,
                  "Actual Total Time": 95.349,
                  "Actual Rows": 212420,
                  "Actual Loops": 4,
                  "Filter": "((company_id < 11173) AND (company_type_id = 1))",
                  "Rows Removed by Filter": 439862
                }
              ]
            }
          ]
        }
      ]
    },
    "Planning Time": 0.232,
    "Triggers": [],
    "Execution Time": 129.822
  }
]