[
  {
    "Plan": {
      "Node Type": "Aggregate",
      "Strategy": "Plain",
      "Partial Mode": "Finalize",
      "Parallel Aware": false,
      "Startup Cost": 623170.52,
      "Total Cost": 623170.53,
      "Plan Rows": 1,
      "Plan Width": 8,
      "Actual Startup Time": 4033.217,
      "Actual Total Time": 4111.749,
      "Actual Rows": 1,
      "Actual Loops": 1,
      "Plans": [
        {
          "Node Type": "Gather",
          "Parent Relationship": "Outer",
          "Parallel Aware": false,
          "Startup Cost": 623170.0,
          "Total Cost": 623170.51,
          "Plan Rows": 5,
          "Plan Width": 8,
          "Actual Startup Time": 4006.416,
          "Actual Total Time": 4111.71,
          "Actual Rows": 6,
          "Actual Loops": 1,
          "Workers Planned": 5,
          "Workers Launched": 5,
          "Single Copy": false,
          "Plans": [
            {
              "Node Type": "Aggregate",
              "Strategy": "Plain",
              "Partial Mode": "Partial",
              "Parent Relationship": "Outer",
              "Parallel Aware": false,
              "Startup Cost": 622170.0,
              "Total Cost": 622170.01,
              "Plan Rows": 1,
              "Plan Width": 8,
              "Actual Startup Time": 3991.077,
              "Actual Total Time": 3991.225,
              "Actual Rows": 1,
              "Actual Loops": 6,
              "Plans": [
                {
                  "Node Type": "Hash Join",
                  "Parent Relationship": "Outer",
                  "Parallel Aware": true,
                  "Join Type": "Inner",
                  "Startup Cost": 403323.33,
                  "Total Cost": 612553.85,
                  "Plan Rows": 3846457,
                  "Plan Width": 0,
                  "Actual Startup Time": 1438.142,
                  "Actual Total Time": 3552.964,
                  "Actual Rows": 10928127,
                  "Actual Loops": 6,
                  "Inner Unique": false,
                  "Hash Cond": "(mi.movie_id = t.id)",
                  "Plans": [
                    {
                      "Node Type": "Seq Scan",
                      "Parent Relationship": "Outer",
                      "Parallel Aware": true,
                      "Relation Name": "movie_info",
                      "Alias": "mi",
                      "Startup Cost": 0.0,
                      "Total Cost": 191685.19,
                      "Plan Rows": 2969219,
                      "Plan Width": 4,
                      "Actual Startup Time": 0.043,
                      "Actual Total Time": 279.437,
                      "Actual Rows": 2472620,
                      "Actual Loops": 6
                    },
                    {
                      "Node Type": "Hash",
                      "Parent Relationship": "Inner",
                      "Parallel Aware": true,
                      "Startup Cost": 396499.52,
                      "Total Cost": 396499.52,
                      "Plan Rows": 545905,
                      "Plan Width": 8,
                      "Actual Startup Time": 1429.146,
                      "Actual Total Time": 1429.292,
                      "Actual Rows": 429531,
                      "Actual Loops": 6,
                      "Hash Buckets": 4194304,
                      "Original Hash Buckets": 4194304,
                      "Hash Batches": 1,
                      "Original Hash Batches": 1,
                      "Peak Memory Usage": 133664,
                      "Plans": [
                        {
                          "Node Type": "Hash Join",
                          "Parent Relationship": "Outer",
                          "Parallel Aware": true,
                          "Join Type": "Inner",
                          "Startup Cost": 47456.86,
                          "Total Cost": 396499.52,
                          "Plan Rows": 545905,
                          "Plan Width": 8,
                          "Actual Startup Time": 518.048,
                          "Actual Total Time": 1232.722,
                          "Actual Rows": 429531,
                          "Actual Loops": 6,
                          "Inner Unique": true,
                          "Hash Cond": "(ci.movie_id = t.id)",
                          "Plans": [
                            {
                              "Node Type": "Seq Scan",
                              "Parent Relationship": "Outer",
                              "Parallel Aware": true,
                              "Relation Name": "cast_info",
                              "Alias": "ci",
                              "Startup Cost": 0.0,
                              "Total Cost": 343316.27,
                              "Plan Rows": 2181476,
                              "Plan Width": 4,
                              "Actual Startup Time": 391.313,
                              "Actual Total Time": 738.104,
                              "Actual Rows": 1589346,
                              "Actual Loops": 6,
                              "Filter": "((person_id < 3000189) AND (role_id > 2))",
                              "Rows Removed by Filter": 4451378
                            },
                            {
                              "Node Type": "Hash",
                              "Parent Relationship": "Inner",
                              "Parallel Aware": true,
                              "Startup Cost": 45479.59,
                              "Total Cost": 45479.59,
                              "Plan Rows": 158182,
                              "Plan Width": 4,
                              "Actual Startup Time": 125.407,
                              "Actual Total Time": 125.409,
                              "Actual Rows": 88764,
                              "Actual Loops": 6,
                              "Hash Buckets": 1048576,
                              "Original Hash Buckets": 1048576,
                              "Hash Batches": 1,
                              "Original Hash Batches": 1,
                              "Peak Memory Usage": 29152,
                              "Plans": [
                                {
                                  "Node Type": "Seq Scan",
                                  "Parent Relationship": "Outer",
                                  "Parallel Aware": true,
                                  "Relation Name": "title",
                                  "Alias": "t",
                                  "Startup Cost": 0.0,
                                  "Total Cost": 45479.59,
                                  "Plan Rows": 158182,
                                  "Plan Width": 4,
                                  "Actual Startup Time": 0.058,
                                  "Actual Total Time": 84.618,
                                  "Actual Rows": 88764,
                                  "Actual Loops": 6,
                                  "Filter": "((kind_id < 7) AND (production_year > 1995))",
                                  "Rows Removed by Filter": 332621
                                }
                              ]
                            }
                          ]
                        }
                      ]
                    }
                  ]
                }
              ]
            }
          ]
        }
      ]
    },
    "Planning Time": 0.643,
    "Triggers": [],
    "Execution Time": 4111.817
  }
]