[
  {
    "Plan": {
      "Node Type": "Aggregate",
      "Strategy": "Plain",
      "Partial Mode": "Finalize",
      "Parallel Aware": false,
      "Startup Cost": 33092.2,
      "Total Cost": 33092.21,
      "Plan Rows": 1,
      "Plan Width": 8,
      "Actual Startup Time": 102.59,
      "Actual Total Time": 111.16,
      "Actual Rows": 1,
      "Actual Loops": 1,
      "Plans": [
        {
          "Node Type": "Gather",
          "Parent Relationship": "Outer",
          "Parallel Aware": false,
          "Startup Cost": 33091.88,
          "Total Cost": 33092.19,
          "Plan Rows": 3,
          "Plan Width": 8,
          "Actual Startup Time": 102.446,
          "Actual Total Time": 111.149,
          "Actual Rows": 4,
          "Actual Loops": 1,
          "Workers Planned": 3,
          "Workers Launched": 3,
          "Single Copy": false,
          "Plans": [
            {
              "Node Type": "Aggregate",
              "Strategy": "Plain",
              "Partial Mode": "Partial",
              "Parent Relationship": "Outer",
              "Parallel Aware": false,
              "Startup Cost": 32091.88,
              "Total Cost": 32091.89,
              "Plan Rows": 1,
              "Plan Width": 8,
              "Actual Startup Time": 97.13,
              "Actual Total Time": 97.133,
              "Actual Rows": 1,
              "Actual Loops": 4,
              "Plans": [
                {
                  "Node Type": "Seq Scan",
                  "Parent Relationship": "Outer",
                  "Parallel Aware": true,
                  "Relation Name": "movie_companies",
                  "Alias": "mc",
                  "Startup Cost": 0.0,
                  "Total Cost": 31414.82,
                  "Plan Rows": 270825,
                  "Plan Width": 0,
                  "Actual Startup Time": 0.045,
                  "Actual Total Time": 81.665,
                  "Actual Rows": 290813,
                  "Actual Loops": 4,
                  "Filter": "((company_id < 22631) AND (company_type_id = 1))",
                  "Rows Removed by Filter": 361469
                }
              ]
            }
          ]
        }
      ]
    },
    "Planning Time": 0.148,
    "Triggers": [],
    "Execution Time": 111.203
  }
]