[
  {
    "Plan": {
      "Node Type": "Aggregate",
      "Strategy": "Plain",
      "Partial Mode": "Finalize",
      "Parallel Aware": false,
      "Startup Cost": 33105.76,
      "Total Cost": 33105.77,
      "Plan Rows": 1,
      "Plan Width": 8,
      "Actual Startup Time": 100.466,
      "Actual Total Time": 108.623,
      "Actual Rows": 1,
      "Actual Loops": 1,
      "Plans": [
        {
          "Node Type": "Gather",
          "Parent Relationship": "Outer",
          "Parallel Aware": false,
          "Startup Cost": 33105.44,
          "Total Cost": 33105.75,
          "Plan Rows": 3,
          "Plan Width": 8,
          "Actual Startup Time": 100.36,
          "Actual Total Time": 108.615,
          "Actual Rows": 4,
          "Actual Loops": 1,
          "Workers Planned": 3,
          "Workers Launched": 3,
          "Single Copy": false,
          "Plans": [
            {
              "Node Type": "Aggregate",
              "Strategy": "Plain",
              "Partial Mode": "Partial",
              "Parent Relationship": "Outer",
              "Parallel Aware": false,
              "Startup Cost": 32105.44,
              "Total Cost": 32105.45,
              "Plan Rows": 1,
              "Plan Width": 8,
              "Actual Startup Time": 94.767,
              "Actual Total Time": 94.768,
              "Actual Rows": 1,
              "Actual Loops": 4,
              "Plans": [
                {
                  "Node Type": "Seq Scan",
                  "Parent Relationship": "Outer",
                  "Parallel Aware": true,
                  "Relation Name": "movie_companies",
                  "Alias": "mc",
                  "Startup Cost": 0.0,
                  "Total Cost": 31414.82,
                  "Plan Rows": 276250,
                  "Plan Width": 0,
                  "Actual Startup Time": 0.034,
                  "Actual Total Time": 79.013,
                  "Actual Rows": 290813,
                  "Actual Loops": 4,
                  "Filter": "((company_id < 22631) AND (company_type_id = 1))",
                  "Rows Removed by Filter": 361469
                }
              ]
            }
          ]
        }
      ]
    },
    "Planning Time": 0.189,
    "Triggers": [],
    "Execution Time": 108.671
  }
]