[
  {
    "Plan": {
      "Node Type": "Aggregate",
      "Strategy": "Plain",
      "Partial Mode": "Finalize",
      "Parallel Aware": false,
      "Startup Cost": 131346.17,
      "Total Cost": 131346.18,
      "Plan Rows": 1,
      "Plan Width": 8,
      "Actual Startup Time": 1021.548,
      "Actual Total Time": 1045.07,
      "Actual Rows": 1,
      "Actual Loops": 1,
      "Plans": [
        {
          "Node Type": "Gather",
          "Parent Relationship": "Outer",
          "Parallel Aware": false,
          "Startup Cost": 131345.85,
          "Total Cost": 131346.16,
          "Plan Rows": 3,
          "Plan Width": 8,
          "Actual Startup Time": 1012.827,
          "Actual Total Time": 1045.06,
          "Actual Rows": 4,
          "Actual Loops": 1,
          "Workers Planned": 3,
          "Workers Launched": 3,
          "Single Copy": false,
          "Plans": [
            {
              "Node Type": "Aggregate",
              "Strategy": "Plain",
              "Partial Mode": "Partial",
              "Parent Relationship": "Outer",
              "Parallel Aware": false,
              "Startup Cost": 130345.85,
              "Total Cost": 130345.86,
              "Plan Rows": 1,
              "Plan Width": 8,
              "Actual Startup Time": 1004.009,
              "Actual Total Time": 1004.66,
              "Actual Rows": 1,
              "Actual Loops": 4,
              "Plans": [
                {
                  "Node Type": "Hash Join",
                  "Parent Relationship": "Outer",
                  "Parallel Aware": true,
                  "Join Type": "Inner",
                  "Startup Cost": 82890.41,
                  "Total Cost": 128878.04,
                  "Plan Rows": 587125,
                  "Plan Width": 0,
                  "Actual Startup Time": 552.741,
                  "Actual Total Time": 915.837,
                  "Actual Rows": 2281142,
                  "Actual Loops": 4,
                  "Inner Unique": false,
                  "Hash Cond": "(mk.movie_id = t.id)",
                  "Plans": [
                    {
                      "Node Type": "Seq Scan",
                      "Parent Relationship": "Outer",
                      "Parallel Aware": true,
                      "Relation Name": "movie_keyword",
                      "Alias": "mk",
                      "Startup Cost": 0.0,
                      "Total Cost": 39047.32,
                      "Plan Rows": 1459332,
                      "Plan Width": 4,
                      "Actual Startup Time": 0.032,
                      "Actual Total Time": 86.729,
                      "Actual Rows": 1130982,
                      "Actual Loops": 4
                    },
                    {
                      "Node Type": "Hash",
                      "Parent Relationship": "Inner",
                      "Parallel Aware": true,
                      "Startup Cost": 79711.69,
                      "Total Cost": 79711.69,
                      "Plan Rows": 254298,
                      "Plan Width": 8,
                      "Actual Startup Time": 547.523,
                      "Actual Total Time": 548.173,
                      "Actual Rows": 257146,
                      "Actual Loops": 4,
                      "Hash Buckets": 1048576,
                      "Original Hash Buckets": 1048576,
                      "Hash Batches": 1,
                      "Original Hash Batches": 1,
                      "Peak Memory Usage": 48512,
                      "Plans": [
                        {
                          "Node Type": "Hash Join",
                          "Parent Relationship": "Outer",
                          "Parallel Aware": true,
                          "Join Type": "Inner",
                          "Startup Cost": 33412.27,
                          "Total Cost": 79711.69,
                          "Plan Rows": 254298,
                          "Plan Width": 8,
                          "Actual Startup Time": 164.381,
                          "Actual Total Time": 466.831,
                          "Actual Rows": 257146,
                          "Actual Loops": 4,
                          "Inner Unique": false,
                          "Hash Cond": "(t.id = mc.movie_id)",
                          "Plans": [
                            {
                              "Node Type": "Seq Scan",
                              "Parent Relationship": "Outer",
                              "Parallel Aware": true,
                              "Relation Name": "title",
                              "Alias": "t",
                              "Startup Cost": 0.0,
                              "Total Cost": 42318.73,
                              "Plan Rows": 632073,
                              "Plan Width": 4,
                              "Actual Startup Time": 0.013,
                              "Actual Total Time": 75.756,
                              "Actual Rows": 632078,
                              "Actual Loops": 4
                            },
                            {
                              "Node Type": "Hash",
                              "Parent Relationship": "Inner",
                              "Parallel Aware": true,
                              "Startup Cost": 29310.68,
                              "Total Cost": 29310.68,
                              "Plan Rows": 328127,
                              "Plan Width": 4,
                              "Actual Startup Time": 161.612,
                              "Actual Total Time": 161.613,
                              "Actual Rows": 257146,
                              "Actual Loops": 4,
                              "Hash Buckets": 1048576,
                              "Original Hash Buckets": 1048576,
                              "Hash Batches": 1,
                              "Original Hash Batches": 1,
                              "Peak Memory Usage": 48480,
                              "Plans": [
                                {
                                  "Node Type": "Seq Scan",
                                  "Parent Relationship": "Outer",
                                  "Parallel Aware": true,
                                  "Relation Name": "movie_companies",
                                  "Alias": "mc",
                                  "Startup Cost": 0.0,
                                  "Total Cost": 29310.68,
                                  "Plan Rows": 328127,
                                  "Plan Width": 4,
                                  "Actual Startup Time": 20.247,
                                  "Actual Total Time": 83.131,
                                  "Actual Rows": 257146,
                                  "Actual Loops": 4,
                                  "Filter": "(company_id > 15653)",
                                  "Rows Removed by Filter": 395137
                                }
                              ]
                            }
                          ]
                        }
                      ]
                    }
                  ]
                }
              ]
            }
          ]
        }
      ]
    },
    "Planning Time": 1.345,
    "Triggers": [],
    "Execution Time": 1045.153
  }
]