[
  {
    "Plan": {
      "Node Type": "Aggregate",
      "Strategy": "Plain",
      "Partial Mode": "Finalize",
      "Parallel Aware": false,
      "Startup Cost": 425474.34,
      "Total Cost": 425474.35,
      "Plan Rows": 1,
      "Plan Width": 8,
      "Actual Startup Time": 2127.721,
      "Actual Total Time": 2185.304,
      "Actual Rows": 1,
      "Actual Loops": 1,
      "Plans": [
        {
          "Node Type": "Gather",
          "Parent Relationship": "Outer",
          "Parallel Aware": false,
          "Startup Cost": 425473.72,
          "Total Cost": 425474.33,
          "Plan Rows": 6,
          "Plan Width": 8,
          "Actual Startup Time": 2114.628,
          "Actual Total Time": 2185.293,
          "Actual Rows": 7,
          "Actual Loops": 1,
          "Workers Planned": 6,
          "Workers Launched": 6,
          "Single Copy": false,
          "Plans": [
            {
              "Node Type": "Aggregate",
              "Strategy": "Plain",
              "Partial Mode": "Partial",
              "Parent Relationship": "Outer",
              "Parallel Aware": false,
              "Startup Cost": 424473.72,
              "Total Cost": 424473.73,
              "Plan Rows": 1,
              "Plan Width": 8,
              "Actual Startup Time": 2106.06,
              "Actual Total Time": 2106.067,
              "Actual Rows": 1,
              "Actual Loops": 7,
              "Plans": [
                {
                  "Node Type": "Hash Join",
                  "Parent Relationship": "Outer",
                  "Parallel Aware": true,
                  "Join Type": "Inner",
                  "Startup Cost": 68398.55,
                  "Total Cost": 422396.05,
                  "Plan Rows": 831069,
                  "Plan Width": 0,
                  "Actual Startup Time": 562.599,
                  "Actual Total Time": 2001.611,
                  "Actual Rows": 2001101,
                  "Actual Loops": 7,
                  "Inner Unique": false,
                  "Hash Cond": "(ci.movie_id = t.id)",
                  "Plans": [
                    {
                      "Node Type": "Seq Scan",
                      "Parent Relationship": "Outer",
                      "Parallel Aware": true,
                      "Relation Name": "cast_info",
                      "Alias": "ci",
                      "Startup Cost": 0.0,
                      "Total Cost": 343316.27,
                      "Plan Rows": 2294282,
                      "Plan Width": 4,
                      "Actual Startup Time": 220.704,
                      "Actual Total Time": 755.187,
                      "Actual Rows": 2759486,
                      "Actual Loops": 7,
                      "Filter": "((person_id > 1497972) AND (role_id > 1))",
                      "Rows Removed by Filter": 2418277
                    },
                    {
                      "Node Type": "Hash",
                      "Parent Relationship": "Inner",
                      "Parallel Aware": true,
                      "Startup Cost": 65536.41,
                      "Total Cost": 65536.41,
                      "Plan Rows": 228971,
                      "Plan Width": 8,
                      "Actual Startup Time": 339.856,
                      "Actual Total Time": 339.861,
                      "Actual Rows": 131407,
                      "Actual Loops": 7,
                      "Hash Buckets": 1048576,
                      "Original Hash Buckets": 1048576,
                      "Hash Batches": 1,
                      "Original Hash Batches": 1,
                      "Peak Memory Usage": 44288,
                      "Plans": [
                        {
                          "Node Type": "Hash Join",
                          "Parent Relationship": "Outer",
                          "Parallel Aware": true,
                          "Join Type": "Inner",
                          "Startup Cost": 19892.91,
                          "Total Cost": 65536.41,
                          "Plan Rows": 228971,
                          "Plan Width": 8,
                          "Actual Startup Time": 99.925,
                          "Actual Total Time": 287.776,
                          "Actual Rows": 131407,
                          "Actual Loops": 7,
                          "Inner Unique": false,
                          "Hash Cond": "(t.id = mi_idx.movie_id)",
                          "Plans": [
                            {
                              "Node Type": "Seq Scan",
                              "Parent Relationship": "Outer",
                              "Parallel Aware": true,
                              "Relation Name": "title",
                              "Alias": "t",
                              "Startup Cost": 0.0,
                              "Total Cost": 42319.06,
                              "Plan Rows": 632106,
                              "Plan Width": 4,
                              "Actual Startup Time": 0.017,
                              "Actual Total Time": 62.23,
                              "Actual Rows": 361187,
                              "Actual Loops": 7
                            },
                            {
                              "Node Type": "Hash",
                              "Parent Relationship": "Inner",
                              "Parallel Aware": true,
                              "Startup Cost": 15122.68,
                              "Total Cost": 15122.68,
                              "Plan Rows": 381618,
                              "Plan Width": 4,
                              "Actual Startup Time": 98.618,
                              "Actual Total Time": 98.62,
                              "Actual Rows": 131407,
                              "Actual Loops": 7,
                              "Hash Buckets": 1048576,
                              "Original Hash Buckets": 1048576,
                              "Hash Batches": 1,
                              "Original Hash Batches": 1,
                              "Peak Memory Usage": 44320,
                              "Plans": [
                                {
                                  "Node Type": "Seq Scan",
                                  "Parent Relationship": "Outer",
                                  "Parallel Aware": true,
                                  "Relation Name": "movie_info_idx",
                                  "Alias": "mi_idx",
                                  "Startup Cost": 0.0,
                                  "Total Cost": 15122.68,
                                  "Plan Rows": 381618,
                                  "Plan Width": 4,
                                  "Actual Startup Time": 0.063,
                                  "Actual Total Time": 37.088,
                                  "Actual Rows": 131407,
                                  "Actual Loops": 7,
                                  "Filter": "(info_type_id < 101)",
                                  "Rows Removed by Filter": 65741
                                }
                              ]
                            }
                          ]
                        }
                      ]
                    }
                  ]
                }
              ]
            }
          ]
        }
      ]
    },
    "Planning Time": 0.734,
    "Triggers": [],
    "Execution Time": 2185.372
  }
]