[
    {
        "Bao": {
            "Bao prediction": 642.581,
            "Bao recommended hint": "(no hint)"
        }
    },
    {
        "Plan": {
            "Node Type": "Aggregate",
            "Strategy": "Plain",
            "Partial Mode": "Finalize",
            "Parallel Aware": false,
            "Startup Cost": 24749.39,
            "Total Cost": 24749.4,
            "Plan Rows": 1,
            "Plan Width": 8,
            "Actual Startup Time": 76.046,
            "Actual Total Time": 81.702,
            "Actual Rows": 1,
            "Actual Loops": 1,
            "Output": [
                "count(*)"
            ],
            "Plans": [
                {
                    "Node Type": "Gather",
                    "Parent Relationship": "Outer",
                    "Parallel Aware": false,
                    "Startup Cost": 24749.07,
                    "Total Cost": 24749.38,
                    "Plan Rows": 3,
                    "Plan Width": 8,
                    "Actual Startup Time": 75.799,
                    "Actual Total Time": 81.693,
                    "Actual Rows": 4,
                    "Actual Loops": 1,
                    "Output": [
                        "(PARTIAL count(*))"
                    ],
                    "Workers Planned": 3,
                    "Workers Launched": 3,
                    "Single Copy": false,
                    "Plans": [
                        {
                            "Node Type": "Aggregate",
                            "Strategy": "Plain",
                            "Partial Mode": "Partial",
                            "Parent Relationship": "Outer",
                            "Parallel Aware": false,
                            "Startup Cost": 23749.07,
                            "Total Cost": 23749.08,
                            "Plan Rows": 1,
                            "Plan Width": 8,
                            "Actual Startup Time": 66.87,
                            "Actual Total Time": 66.871,
                            "Actual Rows": 1,
                            "Actual Loops": 4,
                            "Output": [
                                "PARTIAL count(*)"
                            ],
                            "Workers": [
                                {
                                    "Worker Number": 0,
                                    "Actual Startup Time": 64.901,
                                    "Actual Total Time": 64.903,
                                    "Actual Rows": 1,
                                    "Actual Loops": 1
                                },
                                {
                                    "Worker Number": 1,
                                    "Actual Startup Time": 62.038,
                                    "Actual Total Time": 62.04,
                                    "Actual Rows": 1,
                                    "Actual Loops": 1
                                },
                                {
                                    "Worker Number": 2,
                                    "Actual Startup Time": 65.31,
                                    "Actual Total Time": 65.311,
                                    "Actual Rows": 1,
                                    "Actual Loops": 1
                                }
                            ],
                            "Plans": [
                                {
                                    "Node Type": "Bitmap Heap Scan",
                                    "Parent Relationship": "Outer",
                                    "Parallel Aware": true,
                                    "Relation Name": "movie_companies",
                                    "Schema": "public",
                                    "Alias": "mc",
                                    "Startup Cost": 4054.02,
                                    "Total Cost": 23598.23,
                                    "Plan Rows": 60337,
                                    "Plan Width": 0,
                                    "Actual Startup Time": 23.863,
                                    "Actual Total Time": 62.211,
                                    "Actual Rows": 46511,
                                    "Actual Loops": 4,
                                    "Recheck Cond": "(mc.company_id < 49)",
                                    "Rows Removed by Index Recheck": 0,
                                    "Exact Heap Blocks": 8441,
                                    "Lossy Heap Blocks": 0,
                                    "Workers": [
                                        {
                                            "Worker Number": 0,
                                            "Actual Startup Time": 22.065,
                                            "Actual Total Time": 61.015,
                                            "Actual Rows": 27344,
                                            "Actual Loops": 1
                                        },
                                        {
                                            "Worker Number": 1,
                                            "Actual Startup Time": 19.235,
                                            "Actual Total Time": 58.271,
                                            "Actual Rows": 25697,
                                            "Actual Loops": 1
                                        },
                                        {
                                            "Worker Number": 2,
                                            "Actual Startup Time": 22.241,
                                            "Actual Total Time": 61.371,
                                            "Actual Rows": 28106,
                                            "Actual Loops": 1
                                        }
                                    ],
                                    "Plans": [
                                        {
                                            "Node Type": "Bitmap Index Scan",
                                            "Parent Relationship": "Outer",
                                            "Parallel Aware": false,
                                            "Index Name": "company_id_movie_companies",
                                            "Startup Cost": 0.0,
                                            "Total Cost": 4007.26,
                                            "Plan Rows": 187044,
                                            "Plan Width": 0,
                                            "Actual Startup Time": 27.89,
                                            "Actual Total Time": 27.891,
                                            "Actual Rows": 186044,
                                            "Actual Loops": 1,
                                            "Index Cond": "(mc.company_id < 49)"
                                        }
                                    ]
                                }
                            ]
                        }
                    ]
                }
            ]
        },
        "Planning Time": 536.199,
        "Triggers": [],
        "Execution Time": 81.799
    }
]