[
  {
    "Plan": {
      "Node Type": "Aggregate",
      "Strategy": "Plain",
      "Partial Mode": "Finalize",
      "Parallel Aware": false,
      "Startup Cost": 32189.75,
      "Total Cost": 32189.76,
      "Plan Rows": 1,
      "Plan Width": 8,
      "Actual Startup Time": 121.707,
      "Actual Total Time": 129.994,
      "Actual Rows": 1,
      "Actual Loops": 1,
      "Plans": [
        {
          "Node Type": "Gather",
          "Parent Relationship": "Outer",
          "Parallel Aware": false,
          "Startup Cost": 32189.43,
          "Total Cost": 32189.74,
          "Plan Rows": 3,
          "Plan Width": 8,
          "Actual Startup Time": 121.591,
          "Actual Total Time": 129.986,
          "Actual Rows": 4,
          "Actual Loops": 1,
          "Workers Planned": 3,
          "Workers Launched": 3,
          "Single Copy": false,
          "Plans": [
            {
              "Node Type": "Aggregate",
              "Strategy": "Plain",
              "Partial Mode": "Partial",
              "Parent Relationship": "Outer",
              "Parallel Aware": false,
              "Startup Cost": 31189.43,
              "Total Cost": 31189.44,
              "Plan Rows": 1,
              "Plan Width": 8,
              "Actual Startup Time": 114.606,
              "Actual Total Time": 114.607,
              "Actual Rows": 1,
              "Actual Loops": 4,
              "Plans": [
                {
                  "Node Type": "Seq Scan",
                  "Parent Relationship": "Outer",
                  "Parallel Aware": true,
                  "Relation Name": "movie_companies",
                  "Alias": "mc",
                  "Startup Cost": 0.0,
                  "Total Cost": 29310.68,
                  "Plan Rows": 751501,
                  "Plan Width": 0,
                  "Actual Startup Time": 0.1,
                  "Actual Total Time": 87.189,
                  "Actual Rows": 582873,
                  "Actual Loops": 4,
                  "Filter": "(company_id > 145)",
                  "Rows Removed by Filter": 69409
                }
              ]
            }
          ]
        }
      ]
    },
    "Planning Time": 0.193,
    "Triggers": [],
    "Execution Time": 130.051
  }
]