[
  {
    "Plan": {
      "Node Type": "Aggregate",
      "Strategy": "Plain",
      "Partial Mode": "Finalize",
      "Parallel Aware": false,
      "Startup Cost": 627936.83,
      "Total Cost": 627936.84,
      "Plan Rows": 1,
      "Plan Width": 8,
      "Actual Startup Time": 3260.78,
      "Actual Total Time": 3352.259,
      "Actual Rows": 1,
      "Actual Loops": 1,
      "Plans": [
        {
          "Node Type": "Gather",
          "Parent Relationship": "Outer",
          "Parallel Aware": false,
          "Startup Cost": 627936.21,
          "Total Cost": 627936.82,
          "Plan Rows": 6,
          "Plan Width": 8,
          "Actual Startup Time": 3235.559,
          "Actual Total Time": 3352.244,
          "Actual Rows": 7,
          "Actual Loops": 1,
          "Workers Planned": 6,
          "Workers Launched": 6,
          "Single Copy": false,
          "Plans": [
            {
              "Node Type": "Aggregate",
              "Strategy": "Plain",
              "Partial Mode": "Partial",
              "Parent Relationship": "Outer",
              "Parallel Aware": false,
              "Startup Cost": 626936.21,
              "Total Cost": 626936.22,
              "Plan Rows": 1,
              "Plan Width": 8,
              "Actual Startup Time": 3213.879,
              "Actual Total Time": 3214.344,
              "Actual Rows": 1,
              "Actual Loops": 7,
              "Plans": [
                {
                  "Node Type": "Hash Join",
                  "Parent Relationship": "Outer",
                  "Parallel Aware": true,
                  "Join Type": "Inner",
                  "Startup Cost": 259396.98,
                  "Total Cost": 613925.56,
                  "Plan Rows": 5204258,
                  "Plan Width": 0,
                  "Actual Startup Time": 939.708,
                  "Actual Total Time": 2994.153,
                  "Actual Rows": 5158337,
                  "Actual Loops": 7,
                  "Inner Unique": false,
                  "Hash Cond": "(ci.movie_id = t.id)",
                  "Plans": [
                    {
                      "Node Type": "Seq Scan",
                      "Parent Relationship": "Outer",
                      "Parallel Aware": true,
                      "Relation Name": "cast_info",
                      "Alias": "ci",
                      "Startup Cost": 0.0,
                      "Total Cost": 328162.03,
                      "Plan Rows": 4255477,
                      "Plan Width": 4,
                      "Actual Startup Time": 108.052,
                      "Actual Total Time": 623.466,
                      "Actual Rows": 3644935,
                      "Actual Loops": 7,
                      "Filter": "(person_id > 1052755)",
                      "Rows Removed by Filter": 1532828
                    },
                    {
                      "Node Type": "Hash",
                      "Parent Relationship": "Inner",
                      "Parallel Aware": true,
                      "Startup Cost": 251667.01,
                      "Total Cost": 251667.01,
                      "Plan Rows": 618398,
                      "Plan Width": 8,
                      "Actual Startup Time": 824.829,
                      "Actual Total Time": 825.293,
                      "Actual Rows": 316636,
                      "Actual Loops": 7,
                      "Hash Buckets": 4194304,
                      "Original Hash Buckets": 4194304,
                      "Hash Batches": 1,
                      "Original Hash Batches": 1,
                      "Peak Memory Usage": 119584,
                      "Plans": [
                        {
                          "Node Type": "Hash Join",
                          "Parent Relationship": "Outer",
                          "Parallel Aware": true,
                          "Join Type": "Inner",
                          "Startup Cost": 49610.27,
                          "Total Cost": 251667.01,
                          "Plan Rows": 618398,
                          "Plan Width": 8,
                          "Actual Startup Time": 187.955,
                          "Actual Total Time": 685.17,
                          "Actual Rows": 316636,
                          "Actual Loops": 7,
                          "Inner Unique": true,
                          "Hash Cond": "(mi.movie_id = t.id)",
                          "Plans": [
                            {
                              "Node Type": "Seq Scan",
                              "Parent Relationship": "Outer",
                              "Parallel Aware": true,
                              "Relation Name": "movie_info",
                              "Alias": "mi",
                              "Startup Cost": 0.0,
                              "Total Cost": 198952.16,
                              "Plan Rows": 1182693,
                              "Plan Width": 4,
                              "Actual Startup Time": 14.967,
                              "Actual Total Time": 294.764,
                              "Actual Rows": 838432,
                              "Actual Loops": 7,
                              "Filter": "(info_type_id > 13)",
                              "Rows Removed by Filter": 1280956
                            },
                            {
                              "Node Type": "Hash",
                              "Parent Relationship": "Inner",
                              "Parallel Aware": true,
                              "Startup Cost": 45479.1,
                              "Total Cost": 45479.1,
                              "Plan Rows": 330494,
                              "Plan Width": 4,
                              "Actual Startup Time": 171.244,
                              "Actual Total Time": 171.245,
                              "Actual Rows": 185447,
                              "Actual Loops": 7,
                              "Hash Buckets": 2097152,
                              "Original Hash Buckets": 2097152,
                              "Hash Batches": 1,
                              "Original Hash Batches": 1,
                              "Peak Memory Usage": 67328,
                              "Plans": [
                                {
                                  "Node Type": "Seq Scan",
                                  "Parent Relationship": "Outer",
                                  "Parallel Aware": true,
                                  "Relation Name": "title",
                                  "Alias": "t",
                                  "Startup Cost": 0.0,
                                  "Total Cost": 45479.1,
                                  "Plan Rows": 330494,
                                  "Plan Width": 4,
                                  "Actual Startup Time": 0.049,
                                  "Actual Total Time": 80.949,
                                  "Actual Rows": 185447,
                                  "Actual Loops": 7,
                                  "Filter": "((kind_id > 1) AND (production_year < 2009))",
                                  "Rows Removed by Filter": 175741
                                }
                              ]
                            }
                          ]
                        }
                      ]
                    }
                  ]
                }
              ]
            }
          ]
        }
      ]
    },
    "Planning Time": 1.329,
    "Triggers": [],
    "Execution Time": 3352.367
  }
]