[
  {
    "Plan": {
      "Node Type": "Aggregate",
      "Strategy": "Plain",
      "Partial Mode": "Finalize",
      "Parallel Aware": false,
      "Startup Cost": 112021.93,
      "Total Cost": 112021.94,
      "Plan Rows": 1,
      "Plan Width": 8,
      "Actual Startup Time": 844.116,
      "Actual Total Time": 865.154,
      "Actual Rows": 1,
      "Actual Loops": 1,
      "Plans": [
        {
          "Node Type": "Gather",
          "Parent Relationship": "Outer",
          "Parallel Aware": false,
          "Startup Cost": 112021.71,
          "Total Cost": 112021.92,
          "Plan Rows": 2,
          "Plan Width": 8,
          "Actual Startup Time": 831.294,
          "Actual Total Time": 865.148,
          "Actual Rows": 3,
          "Actual Loops": 1,
          "Workers Planned": 2,
          "Workers Launched": 2,
          "Single Copy": false,
          "Plans": [
            {
              "Node Type": "Aggregate",
              "Strategy": "Plain",
              "Partial Mode": "Partial",
              "Parent Relationship": "Outer",
              "Parallel Aware": false,
              "Startup Cost": 111021.71,
              "Total Cost": 111021.72,
              "Plan Rows": 1,
              "Plan Width": 8,
              "Actual Startup Time": 826.804,
              "Actual Total Time": 826.81,
              "Actual Rows": 1,
              "Actual Loops": 3,
              "Plans": [
                {
                  "Node Type": "Hash Join",
                  "Parent Relationship": "Outer",
                  "Parallel Aware": true,
                  "Join Type": "Inner",
                  "Startup Cost": 94330.58,
                  "Total Cost": 110650.73,
                  "Plan Rows": 148395,
                  "Plan Width": 0,
                  "Actual Startup Time": 674.718,
                  "Actual Total Time": 802.367,
                  "Actual Rows": 500920,
                  "Actual Loops": 3,
                  "Inner Unique": false,
                  "Hash Cond": "(mi_idx.movie_id = t.id)",
                  "Plans": [
                    {
                      "Node Type": "Seq Scan",
                      "Parent Relationship": "Outer",
                      "Parallel Aware": true,
                      "Relation Name": "movie_info_idx",
                      "Alias": "mi_idx",
                      "Startup Cost": 0.0,
                      "Total Cost": 13685.15,
                      "Plan Rows": 575015,
                      "Plan Width": 4,
                      "Actual Startup Time": 0.016,
                      "Actual Total Time": 39.264,
                      "Actual Rows": 460012,
                      "Actual Loops": 3
                    },
                    {
                      "Node Type": "Hash",
                      "Parent Relationship": "Inner",
                      "Parallel Aware": true,
                      "Startup Cost": 91699.47,
                      "Total Cost": 91699.47,
                      "Plan Rows": 210489,
                      "Plan Width": 8,
                      "Actual Startup Time": 663.857,
                      "Actual Total Time": 663.862,
                      "Actual Rows": 219138,
                      "Actual Loops": 3,
                      "Hash Buckets": 1048576,
                      "Original Hash Buckets": 1048576,
                      "Hash Batches": 1,
                      "Original Hash Batches": 1,
                      "Peak Memory Usage": 33984,
                      "Plans": [
                        {
                          "Node Type": "Hash Join",
                          "Parent Relationship": "Outer",
                          "Parallel Aware": true,
                          "Join Type": "Inner",
                          "Startup Cost": 64061.82,
                          "Total Cost": 91699.47,
                          "Plan Rows": 210489,
                          "Plan Width": 8,
                          "Actual Startup Time": 469.087,
                          "Actual Total Time": 597.102,
                          "Actual Rows": 219138,
                          "Actual Loops": 3,
                          "Inner Unique": true,
                          "Hash Cond": "(mk.movie_id = t.id)",
                          "Plans": [
                            {
                              "Node Type": "Bitmap Heap Scan",
                              "Parent Relationship": "Outer",
                              "Parallel Aware": true,
                              "Relation Name": "movie_keyword",
                              "Alias": "mk",
                              "Startup Cost": 13841.44,
                              "Total Cost": 40926.56,
                              "Plan Rows": 210489,
                              "Plan Width": 4,
                              "Actual Startup Time": 36.955,
                              "Actual Total Time": 98.82,
                              "Actual Rows": 219138,
                              "Actual Loops": 3,
                              "Recheck Cond": "(keyword_id > 28588)",
                              "Rows Removed by Index Recheck": 0,
                              "Exact Heap Blocks": 9757,
                              "Lossy Heap Blocks": 0,
                              "Plans": [
                                {
                                  "Node Type": "Bitmap Index Scan",
                                  "Parent Relationship": "Outer",
                                  "Parallel Aware": false,
                                  "Index Name": "keyword_id_movie_keyword",
                                  "Startup Cost": 0.0,
                                  "Total Cost": 13678.31,
                                  "Plan Rows": 652517,
                                  "Plan Width": 0,
                                  "Actual Startup Time": 33.491,
                                  "Actual Total Time": 33.491,
                                  "Actual Rows": 657414,
                                  "Actual Loops": 1,
                                  "Index Cond": "(keyword_id > 28588)"
                                }
                              ]
                            },
                            {
                              "Node Type": "Hash",
                              "Parent Relationship": "Inner",
                              "Parallel Aware": true,
                              "Startup Cost": 42319.06,
                              "Total Cost": 42319.06,
                              "Plan Rows": 632106,
                              "Plan Width": 4,
                              "Actual Startup Time": 423.041,
                              "Actual Total Time": 423.042,
                              "Actual Rows": 842771,
                              "Actual Loops": 3,
                              "Hash Buckets": 4194304,
                              "Original Hash Buckets": 4194304,
                              "Hash Batches": 1,
                              "Original Hash Batches": 1,
                              "Peak Memory Usage": 131744,
                              "Plans": [
                                {
                                  "Node Type": "Seq Scan",
                                  "Parent Relationship": "Outer",
                                  "Parallel Aware": true,
                                  "Relation Name": "title",
                                  "Alias": "t",
                                  "Startup Cost": 0.0,
                                  "Total Cost": 42319.06,
                                  "Plan Rows": 632106,
                                  "Plan Width": 4,
                                  "Actual Startup Time": 0.027,
                                  "Actual Total Time": 133.563,
                                  "Actual Rows": 842771,
                                  "Actual Loops": 3
                                }
                              ]
                            }
                          ]
                        }
                      ]
                    }
                  ]
                }
              ]
            }
          ]
        }
      ]
    },
    "Planning Time": 0.478,
    "Triggers": [],
    "Execution Time": 865.203
  }
]