[
  {
    "Plan": {
      "Node Type": "Aggregate",
      "Strategy": "Plain",
      "Partial Mode": "Finalize",
      "Parallel Aware": false,
      "Startup Cost": 46913.91,
      "Total Cost": 46913.92,
      "Plan Rows": 1,
      "Plan Width": 8,
      "Actual Startup Time": 177.144,
      "Actual Total Time": 186.616,
      "Actual Rows": 1,
      "Actual Loops": 1,
      "Plans": [
        {
          "Node Type": "Gather",
          "Parent Relationship": "Outer",
          "Parallel Aware": false,
          "Startup Cost": 46913.59,
          "Total Cost": 46913.9,
          "Plan Rows": 3,
          "Plan Width": 8,
          "Actual Startup Time": 177.037,
          "Actual Total Time": 186.608,
          "Actual Rows": 4,
          "Actual Loops": 1,
          "Workers Planned": 3,
          "Workers Launched": 3,
          "Single Copy": false,
          "Plans": [
            {
              "Node Type": "Aggregate",
              "Strategy": "Plain",
              "Partial Mode": "Partial",
              "Parent Relationship": "Outer",
              "Parallel Aware": false,
              "Startup Cost": 45913.59,
              "Total Cost": 45913.6,
              "Plan Rows": 1,
              "Plan Width": 8,
              "Actual Startup Time": 171.6,
              "Actual Total Time": 171.602,
              "Actual Rows": 1,
              "Actual Loops": 4,
              "Plans": [
                {
                  "Node Type": "Seq Scan",
                  "Parent Relationship": "Outer",
                  "Parallel Aware": true,
                  "Relation Name": "movie_keyword",
                  "Alias": "mk",
                  "Startup Cost": 0.0,
                  "Total Cost": 42695.65,
                  "Plan Rows": 1287175,
                  "Plan Width": 0,
                  "Actual Startup Time": 0.04,
                  "Actual Total Time": 126.409,
                  "Actual Rows": 1001780,
                  "Actual Loops": 4,
                  "Filter": "(keyword_id < 35049)",
                  "Rows Removed by Filter": 129203
                }
              ]
            }
          ]
        }
      ]
    },
    "Planning Time": 0.121,
    "Triggers": [],
    "Execution Time": 186.654
  }
]