[
  {
    "Plan": {
      "Node Type": "Aggregate",
      "Strategy": "Plain",
      "Partial Mode": "Finalize",
      "Parallel Aware": false,
      "Startup Cost": 131568.56,
      "Total Cost": 131568.57,
      "Plan Rows": 1,
      "Plan Width": 8,
      "Actual Startup Time": 744.187,
      "Actual Total Time": 764.688,
      "Actual Rows": 1,
      "Actual Loops": 1,
      "Plans": [
        {
          "Node Type": "Gather",
          "Parent Relationship": "Outer",
          "Parallel Aware": false,
          "Startup Cost": 131568.24,
          "Total Cost": 131568.55,
          "Plan Rows": 3,
          "Plan Width": 8,
          "Actual Startup Time": 740.544,
          "Actual Total Time": 764.68,
          "Actual Rows": 4,
          "Actual Loops": 1,
          "Workers Planned": 3,
          "Workers Launched": 3,
          "Single Copy": false,
          "Plans": [
            {
              "Node Type": "Aggregate",
              "Strategy": "Plain",
              "Partial Mode": "Partial",
              "Parent Relationship": "Outer",
              "Parallel Aware": false,
              "Startup Cost": 130568.24,
              "Total Cost": 130568.25,
              "Plan Rows": 1,
              "Plan Width": 8,
              "Actual Startup Time": 731.021,
              "Actual Total Time": 731.027,
              "Actual Rows": 1,
              "Actual Loops": 4,
              "Plans": [
                {
                  "Node Type": "Hash Join",
                  "Parent Relationship": "Outer",
                  "Parallel Aware": true,
                  "Join Type": "Inner",
                  "Startup Cost": 83613.34,
                  "Total Cost": 129350.7,
                  "Plan Rows": 487016,
                  "Plan Width": 0,
                  "Actual Startup Time": 438.057,
                  "Actual Total Time": 699.449,
                  "Actual Rows": 742308,
                  "Actual Loops": 4,
                  "Inner Unique": false,
                  "Hash Cond": "(mk.movie_id = t.id)",
                  "Plans": [
                    {
                      "Node Type": "Seq Scan",
                      "Parent Relationship": "Outer",
                      "Parallel Aware": true,
                      "Relation Name": "movie_keyword",
                      "Alias": "mk",
                      "Startup Cost": 0.0,
                      "Total Cost": 39047.32,
                      "Plan Rows": 1459332,
                      "Plan Width": 4,
                      "Actual Startup Time": 0.028,
                      "Actual Total Time": 92.395,
                      "Actual Rows": 1130982,
                      "Actual Loops": 4
                    },
                    {
                      "Node Type": "Hash",
                      "Parent Relationship": "Inner",
                      "Parallel Aware": true,
                      "Startup Cost": 80976.6,
                      "Total Cost": 80976.6,
                      "Plan Rows": 210939,
                      "Plan Width": 8,
                      "Actual Startup Time": 432.835,
                      "Actual Total Time": 432.839,
                      "Actual Rows": 133085,
                      "Actual Loops": 4,
                      "Hash Buckets": 1048576,
                      "Original Hash Buckets": 1048576,
                      "Hash Batches": 1,
                      "Original Hash Batches": 1,
                      "Peak Memory Usage": 29120,
                      "Plans": [
                        {
                          "Node Type": "Hash Join",
                          "Parent Relationship": "Outer",
                          "Parallel Aware": true,
                          "Join Type": "Inner",
                          "Startup Cost": 34817.06,
                          "Total Cost": 80976.6,
                          "Plan Rows": 210939,
                          "Plan Width": 8,
                          "Actual Startup Time": 138.026,
                          "Actual Total Time": 380.639,
                          "Actual Rows": 133085,
                          "Actual Loops": 4,
                          "Inner Unique": false,
                          "Hash Cond": "(t.id = mc.movie_id)",
                          "Plans": [
                            {
                              "Node Type": "Seq Scan",
                              "Parent Relationship": "Outer",
                              "Parallel Aware": true,
                              "Relation Name": "title",
                              "Alias": "t",
                              "Startup Cost": 0.0,
                              "Total Cost": 42318.73,
                              "Plan Rows": 632073,
                              "Plan Width": 4,
                              "Actual Startup Time": 0.015,
                              "Actual Total Time": 77.863,
                              "Actual Rows": 632078,
                              "Actual Loops": 4
                            },
                            {
                              "Node Type": "Hash",
                              "Parent Relationship": "Inner",
                              "Parallel Aware": true,
                              "Startup Cost": 31414.82,
                              "Total Cost": 31414.82,
                              "Plan Rows": 272179,
                              "Plan Width": 4,
                              "Actual Startup Time": 135.31,
                              "Actual Total Time": 135.311,
                              "Actual Rows": 133085,
                              "Actual Loops": 4,
                              "Hash Buckets": 1048576,
                              "Original Hash Buckets": 1048576,
                              "Hash Batches": 1,
                              "Original Hash Batches": 1,
                              "Peak Memory Usage": 29088,
                              "Plans": [
                                {
                                  "Node Type": "Seq Scan",
                                  "Parent Relationship": "Outer",
                                  "Parallel Aware": true,
                                  "Relation Name": "movie_companies",
                                  "Alias": "mc",
                                  "Startup Cost": 0.0,
                                  "Total Cost": 31414.82,
                                  "Plan Rows": 272179,
                                  "Plan Width": 4,
                                  "Actual Startup Time": 52.774,
                                  "Actual Total Time": 89.821,
                                  "Actual Rows": 133085,
                                  "Actual Loops": 4,
                                  "Filter": "((company_id < 18158) AND (company_type_id > 1))",
                                  "Rows Removed by Filter": 519197
                                }
                              ]
                            }
                          ]
                        }
                      ]
                    }
                  ]
                }
              ]
            }
          ]
        }
      ]
    },
    "Planning Time": 1.356,
    "Triggers": [],
    "Execution Time": 764.773
  }
]