[
  {
    "Plan": {
      "Node Type": "Aggregate",
      "Strategy": "Plain",
      "Partial Mode": "Finalize",
      "Parallel Aware": false,
      "Startup Cost": 33054.66,
      "Total Cost": 33054.67,
      "Plan Rows": 1,
      "Plan Width": 8,
      "Actual Startup Time": 103.657,
      "Actual Total Time": 111.577,
      "Actual Rows": 1,
      "Actual Loops": 1,
      "Plans": [
        {
          "Node Type": "Gather",
          "Parent Relationship": "Outer",
          "Parallel Aware": false,
          "Startup Cost": 33054.34,
          "Total Cost": 33054.65,
          "Plan Rows": 3,
          "Plan Width": 8,
          "Actual Startup Time": 103.529,
          "Actual Total Time": 111.567,
          "Actual Rows": 4,
          "Actual Loops": 1,
          "Workers Planned": 3,
          "Workers Launched": 3,
          "Single Copy": false,
          "Plans": [
            {
              "Node Type": "Aggregate",
              "Strategy": "Plain",
              "Partial Mode": "Partial",
              "Parent Relationship": "Outer",
              "Parallel Aware": false,
              "Startup Cost": 32054.34,
              "Total Cost": 32054.35,
              "Plan Rows": 1,
              "Plan Width": 8,
              "Actual Startup Time": 96.535,
              "Actual Total Time": 96.536,
              "Actual Rows": 1,
              "Actual Loops": 4,
              "Plans": [
                {
                  "Node Type": "Seq Scan",
                  "Parent Relationship": "Outer",
                  "Parallel Aware": true,
                  "Relation Name": "movie_companies",
                  "Alias": "mc",
                  "Startup Cost": 0.0,
                  "Total Cost": 31414.82,
                  "Plan Rows": 255810,
                  "Plan Width": 0,
                  "Actual Startup Time": 0.042,
                  "Actual Total Time": 80.564,
                  "Actual Rows": 271619,
                  "Actual Loops": 4,
                  "Filter": "((company_id < 16356) AND (company_type_id < 2))",
                  "Rows Removed by Filter": 380664
                }
              ]
            }
          ]
        }
      ]
    },
    "Planning Time": 0.222,
    "Triggers": [],
    "Execution Time": 111.636
  }
]