{
  "Plan": {
    "Node Type": "Aggregate",
    "Strategy": "Plain",
    "Partial Mode": "Finalize",
    "Parallel Aware": false,
    "Startup Cost": 145747.68,
    "Total Cost": 145747.69,
    "Plan Rows": 1,
    "Plan Width": 8,
    "Actual Startup Time": 558.525,
    "Actual Total Time": 594.27,
    "Actual Rows": 1,
    "Actual Loops": 1,
    "Plans": [
      {
        "Node Type": "Gather",
        "Parent Relationship": "Outer",
        "Parallel Aware": false,
        "Startup Cost": 145747.56,
        "Total Cost": 145747.67,
        "Plan Rows": 1,
        "Plan Width": 8,
        "Actual Startup Time": 558.192,
        "Actual Total Time": 594.261,
        "Actual Rows": 2,
        "Actual Loops": 1,
        "Workers Planned": 1,
        "Workers Launched": 1,
        "Single Copy": false,
        "Plans": [
          {
            "Node Type": "Aggregate",
            "Strategy": "Plain",
            "Partial Mode": "Partial",
            "Parent Relationship": "Outer",
            "Parallel Aware": false,
            "Startup Cost": 144747.56,
            "Total Cost": 144747.57,
            "Plan Rows": 1,
            "Plan Width": 8,
            "Actual Startup Time": 551.954,
            "Actual Total Time": 551.958,
            "Actual Rows": 1,
            "Actual Loops": 2,
            "Plans": [
              {
                "Node Type": "Nested Loop",
                "Parent Relationship": "Outer",
                "Parallel Aware": false,
                "Join Type": "Inner",
                "Startup Cost": 55095.09,
                "Total Cost": 144512.72,
                "Plan Rows": 93938,
                "Plan Width": 0,
                "Actual Startup Time": 218.298,
                "Actual Total Time": 545.844,
                "Actual Rows": 120220,
                "Actual Loops": 2,
                "Inner Unique": false,
                "Join Filter": "(t.id = mi.movie_id)",
                "Rows Removed by Join Filter": 0,
                "Plans": [
                  {
                    "Node Type": "Hash Join",
                    "Parent Relationship": "Outer",
                    "Parallel Aware": true,
                    "Join Type": "Inner",
                    "Startup Cost": 55094.65,
                    "Total Cost": 95114.98,
                    "Plan Rows": 21221,
                    "Plan Width": 8,
                    "Actual Startup Time": 218.244,
                    "Actual Total Time": 351.342,
                    "Actual Rows": 18165,
                    "Actual Loops": 2,
                    "Inner Unique": true,
                    "Hash Cond": "(mc.movie_id = t.id)",
                    "Plans": [
                      {
                        "Node Type": "Seq Scan",
                        "Parent Relationship": "Outer",
                        "Parallel Aware": true,
                        "Relation Name": "movie_companies",
                        "Alias": "mc",
                        "Startup Cost": 0.0,
                        "Total Cost": 37974.77,
                        "Plan Rows": 779260,
                        "Plan Width": 4,
                        "Actual Startup Time": 54.603,
                        "Actual Total Time": 119.657,
                        "Actual Rows": 667442,
                        "Actual Loops": 2,
                        "Filter": "(company_type_id > 1)",
                        "Rows Removed by Filter": 637123
                      },
                      {
                        "Node Type": "Hash",
                        "Parent Relationship": "Inner",
                        "Parallel Aware": true,
                        "Startup Cost": 54588.39,
                        "Total Cost": 54588.39,
                        "Plan Rows": 40501,
                        "Plan Width": 4,
                        "Actual Startup Time": 161.726,
                        "Actual Total Time": 161.727,
                        "Actual Rows": 33671,
                        "Actual Loops": 2,
                        "Hash Buckets": 131072,
                        "Original Hash Buckets": 131072,
                        "Hash Batches": 1,
                        "Original Hash Batches": 1,
                        "Peak Memory Usage": 3680,
                        "Plans": [
                          {
                            "Node Type": "Seq Scan",
                            "Parent Relationship": "Outer",
                            "Parallel Aware": true,
                            "Relation Name": "title",
                            "Alias": "t",
                            "Startup Cost": 0.0,
                            "Total Cost": 54588.39,
                            "Plan Rows": 40501,
                            "Plan Width": 4,
                            "Actual Startup Time": 0.062,
                            "Actual Total Time": 149.478,
                            "Actual Rows": 33671,
                            "Actual Loops": 2,
                            "Filter": "(production_year > 2012)",
                            "Rows Removed by Filter": 1230485
                          }
                        ]
                      }
                    ]
                  },
                  {
                    "Node Type": "Index Scan",
                    "Parent Relationship": "Inner",
                    "Parallel Aware": false,
                    "Scan Direction": "Forward",
                    "Index Name": "movie_id_movie_info",
                    "Relation Name": "movie_info",
                    "Alias": "mi",
                    "Startup Cost": 0.43,
                    "Total Cost": 1.93,
                    "Plan Rows": 32,
                    "Plan Width": 4,
                    "Actual Startup Time": 0.004,
                    "Actual Total Time": 0.01,
                    "Actual Rows": 7,
                    "Actual Loops": 36330,
                    "Index Cond": "(movie_id = mc.movie_id)",
                    "Rows Removed by Index Recheck": 0,
                    "Filter": "(info_type_id > 3)",
                    "Rows Removed by Filter": 2
                  }
                ]
              }
            ]
          }
        ]
      }
    ]
  },
  "Planning Time": 1.118,
  "Triggers": [],
  "Execution Time": 594.361
}