{
  "Plan": {
    "Node Type": "Aggregate",
    "Strategy": "Plain",
    "Partial Mode": "Finalize",
    "Parallel Aware": false,
    "Startup Cost": 599150.75,
    "Total Cost": 599150.76,
    "Plan Rows": 1,
    "Plan Width": 64,
    "Actual Startup Time": 3811.102,
    "Actual Total Time": 3904.149,
    "Actual Rows": 1,
    "Actual Loops": 1,
    "Plans": [
      {
        "Node Type": "Gather",
        "Parent Relationship": "Outer",
        "Parallel Aware": false,
        "Startup Cost": 599150.64,
        "Total Cost": 599150.75,
        "Plan Rows": 1,
        "Plan Width": 64,
        "Actual Startup Time": 3785.48,
        "Actual Total Time": 3904.14,
        "Actual Rows": 2,
        "Actual Loops": 1,
        "Workers Planned": 1,
        "Workers Launched": 1,
        "Single Copy": false,
        "Plans": [
          {
            "Node Type": "Aggregate",
            "Strategy": "Plain",
            "Partial Mode": "Partial",
            "Parent Relationship": "Outer",
            "Parallel Aware": false,
            "Startup Cost": 598150.64,
            "Total Cost": 598150.65,
            "Plan Rows": 1,
            "Plan Width": 64,
            "Actual Startup Time": 3778.245,
            "Actual Total Time": 3778.258,
            "Actual Rows": 1,
            "Actual Loops": 2,
            "Plans": [
              {
                "Node Type": "Nested Loop",
                "Parent Relationship": "Outer",
                "Parallel Aware": false,
                "Join Type": "Inner",
                "Startup Cost": 536210.21,
                "Total Cost": 598150.56,
                "Plan Rows": 16,
                "Plan Width": 33,
                "Actual Startup Time": 3759.032,
                "Actual Total Time": 3778.208,
                "Actual Rows": 132,
                "Actual Loops": 2,
                "Inner Unique": true,
                "Plans": [
                  {
                    "Node Type": "Hash Join",
                    "Parent Relationship": "Outer",
                    "Parallel Aware": false,
                    "Join Type": "Inner",
                    "Startup Cost": 536209.78,
                    "Total Cost": 598063.3,
                    "Plan Rows": 16,
                    "Plan Width": 21,
                    "Actual Startup Time": 3758.984,
                    "Actual Total Time": 3776.144,
                    "Actual Rows": 138,
                    "Actual Loops": 2,
                    "Inner Unique": true,
                    "Hash Cond": "(ci.role_id = rt.id)",
                    "Plans": [
                      {
                        "Node Type": "Hash Join",
                        "Parent Relationship": "Outer",
                        "Parallel Aware": true,
                        "Join Type": "Inner",
                        "Startup Cost": 536208.62,
                        "Total Cost": 598061.47,
                        "Plan Rows": 186,
                        "Plan Width": 25,
                        "Actual Startup Time": 3758.657,
                        "Actual Total Time": 3775.776,
                        "Actual Rows": 188,
                        "Actual Loops": 2,
                        "Inner Unique": false,
                        "Hash Cond": "(mc.movie_id = t.id)",
                        "Plans": [
                          {
                            "Node Type": "Hash Join",
                            "Parent Relationship": "Outer",
                            "Parallel Aware": false,
                            "Join Type": "Inner",
                            "Startup Cost": 142856.88,
                            "Total Cost": 204678.47,
                            "Plan Rows": 8288,
                            "Plan Width": 4,
                            "Actual Startup Time": 1301.241,
                            "Actual Total Time": 1316.947,
                            "Actual Rows": 4395,
                            "Actual Loops": 2,
                            "Inner Unique": false,
                            "Hash Cond": "(cn.id = mc.company_id)",
                            "Plans": [
                              {
                                "Node Type": "Seq Scan",
                                "Parent Relationship": "Outer",
                                "Parallel Aware": true,
                                "Relation Name": "company_name",
                                "Alias": "cn",
                                "Startup Cost": 0.0,
                                "Total Cost": 4722.92,
                                "Plan Rows": 746,
                                "Plan Width": 4,
                                "Actual Startup Time": 0.062,
                                "Actual Total Time": 13.947,
                                "Actual Rows": 680,
                                "Actual Loops": 2,
                                "Filter": "((country_code)::text = '[ru]'::text)",
                                "Rows Removed by Filter": 116818
                              },
                              {
                                "Node Type": "Hash",
                                "Parent Relationship": "Inner",
                                "Parallel Aware": false,
                                "Startup Cost": 110242.76,
                                "Total Cost": 110242.76,
                                "Plan Rows": 2609129,
                                "Plan Width": 8,
                                "Actual Startup Time": 1282.014,
                                "Actual Total Time": 1282.017,
                                "Actual Rows": 2609129,
                                "Actual Loops": 2,
                                "Hash Buckets": 4194304,
                                "Original Hash Buckets": 4194304,
                                "Hash Batches": 1,
                                "Original Hash Batches": 1,
                                "Peak Memory Usage": 134688,
                                "Plans": [
                                  {
                                    "Node Type": "Hash Join",
                                    "Parent Relationship": "Outer",
                                    "Parallel Aware": false,
                                    "Join Type": "Inner",
                                    "Startup Cost": 77495.4,
                                    "Total Cost": 110242.76,
                                    "Plan Rows": 2609129,
                                    "Plan Width": 8,
                                    "Actual Startup Time": 663.109,
                                    "Actual Total Time": 861.887,
                                    "Actual Rows": 2609129,
                                    "Actual Loops": 2,
                                    "Inner Unique": false,
                                    "Hash Cond": "(ct.id = mc.company_type_id)",
                                    "Plans": [
                                      {
                                        "Node Type": "Seq Scan",
                                        "Parent Relationship": "Outer",
                                        "Parallel Aware": false,
                                        "Relation Name": "company_type",
                                        "Alias": "ct",
                                        "Startup Cost": 0.0,
                                        "Total Cost": 1.04,
                                        "Plan Rows": 4,
                                        "Plan Width": 4,
                                        "Actual Startup Time": 0.041,
                                        "Actual Total Time": 0.049,
                                        "Actual Rows": 4,
                                        "Actual Loops": 2
                                      },
                                      {
                                        "Node Type": "Hash",
                                        "Parent Relationship": "Inner",
                                        "Parallel Aware": false,
                                        "Startup Cost": 44881.29,
                                        "Total Cost": 44881.29,
                                        "Plan Rows": 2609129,
                                        "Plan Width": 12,
                                        "Actual Startup Time": 643.253,
                                        "Actual Total Time": 643.254,
                                        "Actual Rows": 2609129,
                                        "Actual Loops": 2,
                                        "Hash Buckets": 4194304,
                                        "Original Hash Buckets": 4194304,
                                        "Hash Batches": 1,
                                        "Original Hash Batches": 1,
                                        "Peak Memory Usage": 144880,
                                        "Plans": [
                                          {
                                            "Node Type": "Seq Scan",
                                            "Parent Relationship": "Outer",
                                            "Parallel Aware": false,
                                            "Relation Name": "movie_companies",
                                            "Alias": "mc",
                                            "Startup Cost": 0.0,
                                            "Total Cost": 44881.29,
                                            "Plan Rows": 2609129,
                                            "Plan Width": 12,
                                            "Actual Startup Time": 0.032,
                                            "Actual Total Time": 301.234,
                                            "Actual Rows": 2609129,
                                            "Actual Loops": 2
                                          }
                                        ]
                                      }
                                    ]
                                  }
                                ]
                              }
                            ]
                          },
                          {
                            "Node Type": "Hash",
                            "Parent Relationship": "Inner",
                            "Parallel Aware": true,
                            "Startup Cost": 393283.85,
                            "Total Cost": 393283.85,
                            "Plan Rows": 5431,
                            "Plan Width": 33,
                            "Actual Startup Time": 2456.496,
                            "Actual Total Time": 2456.501,
                            "Actual Rows": 15770,
                            "Actual Loops": 2,
                            "Hash Buckets": 32768,
                            "Original Hash Buckets": 32768,
                            "Hash Batches": 1,
                            "Original Hash Batches": 1,
                            "Peak Memory Usage": 2432,
                            "Plans": [
                              {
                                "Node Type": "Hash Join",
                                "Parent Relationship": "Outer",
                                "Parallel Aware": true,
                                "Join Type": "Inner",
                                "Startup Cost": 343379.27,
                                "Total Cost": 393283.85,
                                "Plan Rows": 5431,
                                "Plan Width": 33,
                                "Actual Startup Time": 2158.383,
                                "Actual Total Time": 2450.186,
                                "Actual Rows": 15770,
                                "Actual Loops": 2,
                                "Inner Unique": false,
                                "Hash Cond": "(t.id = ci.movie_id)",
                                "Plans": [
                                  {
                                    "Node Type": "Seq Scan",
                                    "Parent Relationship": "Outer",
                                    "Parallel Aware": true,
                                    "Relation Name": "title",
                                    "Alias": "t",
                                    "Startup Cost": 0.0,
                                    "Total Cost": 43899.59,
                                    "Plan Rows": 599594,
                                    "Plan Width": 21,
                                    "Actual Startup Time": 0.012,
                                    "Actual Total Time": 168.064,
                                    "Actual Rows": 1194438,
                                    "Actual Loops": 2,
                                    "Filter": "(production_year < 2013)",
                                    "Rows Removed by Filter": 69718
                                  },
                                  {
                                    "Node Type": "Hash",
                                    "Parent Relationship": "Inner",
                                    "Parallel Aware": true,
                                    "Startup Cost": 343331.56,
                                    "Total Cost": 343331.56,
                                    "Plan Rows": 3817,
                                    "Plan Width": 12,
                                    "Actual Startup Time": 2157.984,
                                    "Actual Total Time": 2157.985,
                                    "Actual Rows": 16144,
                                    "Actual Loops": 2,
                                    "Hash Buckets": 32768,
                                    "Original Hash Buckets": 32768,
                                    "Hash Batches": 1,
                                    "Original Hash Batches": 1,
                                    "Peak Memory Usage": 1792,
                                    "Plans": [
                                      {
                                        "Node Type": "Seq Scan",
                                        "Parent Relationship": "Outer",
                                        "Parallel Aware": true,
                                        "Relation Name": "cast_info",
                                        "Alias": "ci",
                                        "Startup Cost": 0.0,
                                        "Total Cost": 343331.56,
                                        "Plan Rows": 3817,
                                        "Plan Width": 12,
                                        "Actual Startup Time": 0.371,
                                        "Actual Total Time": 2149.677,
                                        "Actual Rows": 16144,
                                        "Actual Loops": 2,
                                        "Filter": "((note ~~ '%(voice)%'::text) AND (note ~~ '%(uncredited)%'::text))",
                                        "Rows Removed by Filter": 18106028
                                      }
                                    ]
                                  }
                                ]
                              }
                            ]
                          }
                        ]
                      },
                      {
                        "Node Type": "Hash",
                        "Parent Relationship": "Inner",
                        "Parallel Aware": false,
                        "Startup Cost": 1.15,
                        "Total Cost": 1.15,
                        "Plan Rows": 1,
                        "Plan Width": 4,
                        "Actual Startup Time": 0.083,
                        "Actual Total Time": 0.084,
                        "Actual Rows": 1,
                        "Actual Loops": 2,
                        "Hash Buckets": 1024,
                        "Original Hash Buckets": 1024,
                        "Hash Batches": 1,
                        "Original Hash Batches": 1,
                        "Peak Memory Usage": 9,
                        "Plans": [
                          {
                            "Node Type": "Seq Scan",
                            "Parent Relationship": "Outer",
                            "Parallel Aware": false,
                            "Relation Name": "role_type",
                            "Alias": "rt",
                            "Startup Cost": 0.0,
                            "Total Cost": 1.15,
                            "Plan Rows": 1,
                            "Plan Width": 4,
                            "Actual Startup Time": 0.056,
                            "Actual Total Time": 0.062,
                            "Actual Rows": 1,
                            "Actual Loops": 2,
                            "Filter": "((role)::text = 'actor'::text)",
                            "Rows Removed by Filter": 11
                          }
                        ]
                      }
                    ]
                  },
                  {
                    "Node Type": "Index Scan",
                    "Parent Relationship": "Inner",
                    "Parallel Aware": false,
                    "Scan Direction": "Forward",
                    "Index Name": "char_name_pkey",
                    "Relation Name": "char_name",
                    "Alias": "chn",
                    "Startup Cost": 0.43,
                    "Total Cost": 5.45,
                    "Plan Rows": 1,
                    "Plan Width": 20,
                    "Actual Startup Time": 0.014,
                    "Actual Total Time": 0.014,
                    "Actual Rows": 1,
                    "Actual Loops": 275,
                    "Index Cond": "(id = ci.person_role_id)",
                    "Rows Removed by Index Recheck": 0
                  }
                ]
              }
            ]
          }
        ]
      }
    ]
  },
  "Planning Time": 11.722,
  "Triggers": [],
  "Execution Time": 3920.383
}