[
    {
        "Bao": {
            "Bao prediction": 1236.347,
            "Bao recommended hint": "SET enable_nestloop TO off; "
        }
    },
    {
        "Plan": {
            "Node Type": "Aggregate",
            "Strategy": "Plain",
            "Partial Mode": "Finalize",
            "Parallel Aware": false,
            "Startup Cost": 580774.96,
            "Total Cost": 580774.97,
            "Plan Rows": 1,
            "Plan Width": 8,
            "Actual Startup Time": 2019.509,
            "Actual Total Time": 2070.315,
            "Actual Rows": 1,
            "Actual Loops": 1,
            "Output": [
                "count(*)"
            ],
            "Plans": [
                {
                    "Node Type": "Gather",
                    "Parent Relationship": "Outer",
                    "Parallel Aware": false,
                    "Startup Cost": 580774.44,
                    "Total Cost": 580774.95,
                    "Plan Rows": 5,
                    "Plan Width": 8,
                    "Actual Startup Time": 2018.586,
                    "Actual Total Time": 2070.307,
                    "Actual Rows": 6,
                    "Actual Loops": 1,
                    "Output": [
                        "(PARTIAL count(*))"
                    ],
                    "Workers Planned": 5,
                    "Workers Launched": 5,
                    "Single Copy": false,
                    "Plans": [
                        {
                            "Node Type": "Aggregate",
                            "Strategy": "Plain",
                            "Partial Mode": "Partial",
                            "Parent Relationship": "Outer",
                            "Parallel Aware": false,
                            "Startup Cost": 579774.44,
                            "Total Cost": 579774.45,
                            "Plan Rows": 1,
                            "Plan Width": 8,
                            "Actual Startup Time": 2008.94,
                            "Actual Total Time": 2008.945,
                            "Actual Rows": 1,
                            "Actual Loops": 6,
                            "Output": [
                                "PARTIAL count(*)"
                            ],
                            "Workers": [
                                {
                                    "Worker Number": 0,
                                    "Actual Startup Time": 2006.939,
                                    "Actual Total Time": 2006.944,
                                    "Actual Rows": 1,
                                    "Actual Loops": 1
                                },
                                {
                                    "Worker Number": 1,
                                    "Actual Startup Time": 2007.127,
                                    "Actual Total Time": 2007.132,
                                    "Actual Rows": 1,
                                    "Actual Loops": 1
                                },
                                {
                                    "Worker Number": 2,
                                    "Actual Startup Time": 2007.126,
                                    "Actual Total Time": 2007.13,
                                    "Actual Rows": 1,
                                    "Actual Loops": 1
                                },
                                {
                                    "Worker Number": 3,
                                    "Actual Startup Time": 2007.166,
                                    "Actual Total Time": 2007.17,
                                    "Actual Rows": 1,
                                    "Actual Loops": 1
                                },
                                {
                                    "Worker Number": 4,
                                    "Actual Startup Time": 2007.629,
                                    "Actual Total Time": 2007.635,
                                    "Actual Rows": 1,
                                    "Actual Loops": 1
                                }
                            ],
                            "Plans": [
                                {
                                    "Node Type": "Hash Join",
                                    "Parent Relationship": "Outer",
                                    "Parallel Aware": true,
                                    "Join Type": "Inner",
                                    "Startup Cost": 374593.59,
                                    "Total Cost": 579697.28,
                                    "Plan Rows": 30863,
                                    "Plan Width": 0,
                                    "Actual Startup Time": 1530.205,
                                    "Actual Total Time": 1995.08,
                                    "Actual Rows": 254293,
                                    "Actual Loops": 6,
                                    "Inner Unique": false,
                                    "Hash Cond": "(mi.movie_id = t.id)",
                                    "Workers": [
                                        {
                                            "Worker Number": 0,
                                            "Actual Startup Time": 1528.357,
                                            "Actual Total Time": 1992.595,
                                            "Actual Rows": 229126,
                                            "Actual Loops": 1
                                        },
                                        {
                                            "Worker Number": 1,
                                            "Actual Startup Time": 1528.763,
                                            "Actual Total Time": 1993.997,
                                            "Actual Rows": 210039,
                                            "Actual Loops": 1
                                        },
                                        {
                                            "Worker Number": 2,
                                            "Actual Startup Time": 1528.211,
                                            "Actual Total Time": 1992.465,
                                            "Actual Rows": 286557,
                                            "Actual Loops": 1
                                        },
                                        {
                                            "Worker Number": 3,
                                            "Actual Startup Time": 1528.429,
                                            "Actual Total Time": 1993.761,
                                            "Actual Rows": 213939,
                                            "Actual Loops": 1
                                        },
                                        {
                                            "Worker Number": 4,
                                            "Actual Startup Time": 1528.701,
                                            "Actual Total Time": 1993.943,
                                            "Actual Rows": 217483,
                                            "Actual Loops": 1
                                        }
                                    ],
                                    "Plans": [
                                        {
                                            "Node Type": "Seq Scan",
                                            "Parent Relationship": "Outer",
                                            "Parallel Aware": true,
                                            "Relation Name": "movie_info",
                                            "Schema": "public",
                                            "Alias": "mi",
                                            "Startup Cost": 0.0,
                                            "Total Cost": 198880.74,
                                            "Plan Rows": 1234303,
                                            "Plan Width": 4,
                                            "Actual Startup Time": 18.808,
                                            "Actual Total Time": 355.311,
                                            "Actual Rows": 1037249,
                                            "Actual Loops": 6,
                                            "Output": [
                                                "mi.id",
                                                "mi.movie_id",
                                                "mi.info_type_id",
                                                "mi.info",
                                                "mi.note"
                                            ],
                                            "Filter": "(mi.info_type_id > 8)",
                                            "Rows Removed by Filter": 1435371,
                                            "Workers": [
                                                {
                                                    "Worker Number": 0,
                                                    "Actual Startup Time": 18.757,
                                                    "Actual Total Time": 356.791,
                                                    "Actual Rows": 883825,
                                                    "Actual Loops": 1
                                                },
                                                {
                                                    "Worker Number": 1,
                                                    "Actual Startup Time": 18.732,
                                                    "Actual Total Time": 359.147,
                                                    "Actual Rows": 902549,
                                                    "Actual Loops": 1
                                                },
                                                {
                                                    "Worker Number": 2,
                                                    "Actual Startup Time": 18.831,
                                                    "Actual Total Time": 354.875,
                                                    "Actual Rows": 976369,
                                                    "Actual Loops": 1
                                                },
                                                {
                                                    "Worker Number": 3,
                                                    "Actual Startup Time": 18.853,
                                                    "Actual Total Time": 357.767,
                                                    "Actual Rows": 891180,
                                                    "Actual Loops": 1
                                                },
                                                {
                                                    "Worker Number": 4,
                                                    "Actual Startup Time": 18.852,
                                                    "Actual Total Time": 359.614,
                                                    "Actual Rows": 849586,
                                                    "Actual Loops": 1
                                                }
                                            ]
                                        },
                                        {
                                            "Node Type": "Hash",
                                            "Parent Relationship": "Inner",
                                            "Parallel Aware": true,
                                            "Startup Cost": 374461.89,
                                            "Total Cost": 374461.89,
                                            "Plan Rows": 10536,
                                            "Plan Width": 8,
                                            "Actual Startup Time": 1497.214,
                                            "Actual Total Time": 1497.218,
                                            "Actual Rows": 13244,
                                            "Actual Loops": 6,
                                            "Output": [
                                                "t.id",
                                                "ci.movie_id"
                                            ],
                                            "Hash Buckets": 131072,
                                            "Original Hash Buckets": 65536,
                                            "Hash Batches": 1,
                                            "Original Hash Batches": 1,
                                            "Peak Memory Usage": 4704,
                                            "Workers": [
                                                {
                                                    "Worker Number": 0,
                                                    "Actual Startup Time": 1495.809,
                                                    "Actual Total Time": 1495.813,
                                                    "Actual Rows": 11081,
                                                    "Actual Loops": 1
                                                },
                                                {
                                                    "Worker Number": 1,
                                                    "Actual Startup Time": 1495.879,
                                                    "Actual Total Time": 1495.882,
                                                    "Actual Rows": 12052,
                                                    "Actual Loops": 1
                                                },
                                                {
                                                    "Worker Number": 2,
                                                    "Actual Startup Time": 1496.011,
                                                    "Actual Total Time": 1496.014,
                                                    "Actual Rows": 12151,
                                                    "Actual Loops": 1
                                                },
                                                {
                                                    "Worker Number": 3,
                                                    "Actual Startup Time": 1496.241,
                                                    "Actual Total Time": 1496.244,
                                                    "Actual Rows": 12051,
                                                    "Actual Loops": 1
                                                },
                                                {
                                                    "Worker Number": 4,
                                                    "Actual Startup Time": 1496.381,
                                                    "Actual Total Time": 1496.385,
                                                    "Actual Rows": 11044,
                                                    "Actual Loops": 1
                                                }
                                            ],
                                            "Plans": [
                                                {
                                                    "Node Type": "Hash Join",
                                                    "Parent Relationship": "Outer",
                                                    "Parallel Aware": true,
                                                    "Join Type": "Inner",
                                                    "Startup Cost": 45492.98,
                                                    "Total Cost": 374461.89,
                                                    "Plan Rows": 10536,
                                                    "Plan Width": 8,
                                                    "Actual Startup Time": 87.493,
                                                    "Actual Total Time": 1456.801,
                                                    "Actual Rows": 13244,
                                                    "Actual Loops": 6,
                                                    "Output": [
                                                        "t.id",
                                                        "ci.movie_id"
                                                    ],
                                                    "Inner Unique": true,
                                                    "Hash Cond": "(ci.movie_id = t.id)",
                                                    "Workers": [
                                                        {
                                                            "Worker Number": 0,
                                                            "Actual Startup Time": 86.539,
                                                            "Actual Total Time": 1420.084,
                                                            "Actual Rows": 11081,
                                                            "Actual Loops": 1
                                                        },
                                                        {
                                                            "Worker Number": 1,
                                                            "Actual Startup Time": 86.083,
                                                            "Actual Total Time": 1486.871,
                                                            "Actual Rows": 12052,
                                                            "Actual Loops": 1
                                                        },
                                                        {
                                                            "Worker Number": 2,
                                                            "Actual Startup Time": 86.162,
                                                            "Actual Total Time": 1484.377,
                                                            "Actual Rows": 12151,
                                                            "Actual Loops": 1
                                                        },
                                                        {
                                                            "Worker Number": 3,
                                                            "Actual Startup Time": 86.452,
                                                            "Actual Total Time": 1464.563,
                                                            "Actual Rows": 12051,
                                                            "Actual Loops": 1
                                                        },
                                                        {
                                                            "Worker Number": 4,
                                                            "Actual Startup Time": 86.596,
                                                            "Actual Total Time": 1436.165,
                                                            "Actual Rows": 11044,
                                                            "Actual Loops": 1
                                                        }
                                                    ],
                                                    "Plans": [
                                                        {
                                                            "Node Type": "Seq Scan",
                                                            "Parent Relationship": "Outer",
                                                            "Parallel Aware": true,
                                                            "Relation Name": "cast_info",
                                                            "Schema": "public",
                                                            "Alias": "ci",
                                                            "Startup Cost": 0.0,
                                                            "Total Cost": 313108.29,
                                                            "Plan Rows": 6042129,
                                                            "Plan Width": 4,
                                                            "Actual Startup Time": 0.021,
                                                            "Actual Total Time": 680.844,
                                                            "Actual Rows": 6040724,
                                                            "Actual Loops": 6,
                                                            "Output": [
                                                                "ci.id",
                                                                "ci.person_id",
                                                                "ci.movie_id",
                                                                "ci.person_role_id",
                                                                "ci.note",
                                                                "ci.nr_order",
                                                                "ci.role_id"
                                                            ],
                                                            "Workers": [
                                                                {
                                                                    "Worker Number": 0,
                                                                    "Actual Startup Time": 0.026,
                                                                    "Actual Total Time": 669.809,
                                                                    "Actual Rows": 5137915,
                                                                    "Actual Loops": 1
                                                                },
                                                                {
                                                                    "Worker Number": 1,
                                                                    "Actual Startup Time": 0.022,
                                                                    "Actual Total Time": 700.398,
                                                                    "Actual Rows": 5480454,
                                                                    "Actual Loops": 1
                                                                },
                                                                {
                                                                    "Worker Number": 2,
                                                                    "Actual Startup Time": 0.023,
                                                                    "Actual Total Time": 699.347,
                                                                    "Actual Rows": 5499237,
                                                                    "Actual Loops": 1
                                                                },
                                                                {
                                                                    "Worker Number": 3,
                                                                    "Actual Startup Time": 0.019,
                                                                    "Actual Total Time": 690.151,
                                                                    "Actual Rows": 5396560,
                                                                    "Actual Loops": 1
                                                                },
                                                                {
                                                                    "Worker Number": 4,
                                                                    "Actual Startup Time": 0.025,
                                                                    "Actual Total Time": 686.346,
                                                                    "Actual Rows": 5077738,
                                                                    "Actual Loops": 1
                                                                }
                                                            ]
                                                        },
                                                        {
                                                            "Node Type": "Hash",
                                                            "Parent Relationship": "Inner",
                                                            "Parallel Aware": true,
                                                            "Startup Cost": 45479.21,
                                                            "Total Cost": 45479.21,
                                                            "Plan Rows": 1102,
                                                            "Plan Width": 4,
                                                            "Actual Startup Time": 87.111,
                                                            "Actual Total Time": 87.112,
                                                            "Actual Rows": 742,
                                                            "Actual Loops": 6,
                                                            "Output": [
                                                                "t.id"
                                                            ],
                                                            "Hash Buckets": 8192,
                                                            "Original Hash Buckets": 8192,
                                                            "Hash Batches": 1,
                                                            "Original Hash Batches": 1,
                                                            "Peak Memory Usage": 288,
                                                            "Workers": [
                                                                {
                                                                    "Worker Number": 0,
                                                                    "Actual Startup Time": 85.788,
                                                                    "Actual Total Time": 85.79,
                                                                    "Actual Rows": 566,
                                                                    "Actual Loops": 1
                                                                },
                                                                {
                                                                    "Worker Number": 1,
                                                                    "Actual Startup Time": 85.845,
                                                                    "Actual Total Time": 85.847,
                                                                    "Actual Rows": 623,
                                                                    "Actual Loops": 1
                                                                },
                                                                {
                                                                    "Worker Number": 2,
                                                                    "Actual Startup Time": 85.835,
                                                                    "Actual Total Time": 85.835,
                                                                    "Actual Rows": 524,
                                                                    "Actual Loops": 1
                                                                },
                                                                {
                                                                    "Worker Number": 3,
                                                                    "Actual Startup Time": 86.02,
                                                                    "Actual Total Time": 86.02,
                                                                    "Actual Rows": 589,
                                                                    "Actual Loops": 1
                                                                },
                                                                {
                                                                    "Worker Number": 4,
                                                                    "Actual Startup Time": 86.372,
                                                                    "Actual Total Time": 86.374,
                                                                    "Actual Rows": 614,
                                                                    "Actual Loops": 1
                                                                }
                                                            ],
                                                            "Plans": [
                                                                {
                                                                    "Node Type": "Seq Scan",
                                                                    "Parent Relationship": "Outer",
                                                                    "Parallel Aware": true,
                                                                    "Relation Name": "title",
                                                                    "Schema": "public",
                                                                    "Alias": "t",
                                                                    "Startup Cost": 0.0,
                                                                    "Total Cost": 45479.21,
                                                                    "Plan Rows": 1102,
                                                                    "Plan Width": 4,
                                                                    "Actual Startup Time": 57.347,
                                                                    "Actual Total Time": 86.63,
                                                                    "Actual Rows": 742,
                                                                    "Actual Loops": 6,
                                                                    "Output": [
                                                                        "t.id"
                                                                    ],
                                                                    "Filter": "((t.kind_id = 1) AND (t.production_year = 1983))",
                                                                    "Rows Removed by Filter": 420643,
                                                                    "Workers": [
                                                                        {
                                                                            "Worker Number": 0,
                                                                            "Actual Startup Time": 57.976,
                                                                            "Actual Total Time": 85.347,
                                                                            "Actual Rows": 566,
                                                                            "Actual Loops": 1
                                                                        },
                                                                        {
                                                                            "Worker Number": 1,
                                                                            "Actual Startup Time": 58.003,
                                                                            "Actual Total Time": 85.367,
                                                                            "Actual Rows": 623,
                                                                            "Actual Loops": 1
                                                                        },
                                                                        {
                                                                            "Worker Number": 2,
                                                                            "Actual Startup Time": 52.251,
                                                                            "Actual Total Time": 85.402,
                                                                            "Actual Rows": 524,
                                                                            "Actual Loops": 1
                                                                        },
                                                                        {
                                                                            "Worker Number": 3,
                                                                            "Actual Startup Time": 58.187,
                                                                            "Actual Total Time": 85.532,
                                                                            "Actual Rows": 589,
                                                                            "Actual Loops": 1
                                                                        },
                                                                        {
                                                                            "Worker Number": 4,
                                                                            "Actual Startup Time": 52.751,
                                                                            "Actual Total Time": 85.881,
                                                                            "Actual Rows": 614,
                                                                            "Actual Loops": 1
                                                                        }
                                                                    ]
                                                                }
                                                            ]
                                                        }
                                                    ]
                                                }
                                            ]
                                        }
                                    ]
                                }
                            ]
                        }
                    ]
                }
            ]
        },
        "Planning Time": 928.16,
        "Triggers": [],
        "Execution Time": 2070.448
    }
]