[
  {
    "Plan": {
      "Node Type": "Aggregate",
      "Strategy": "Plain",
      "Partial Mode": "Finalize",
      "Parallel Aware": false,
      "Startup Cost": 334472.9,
      "Total Cost": 334472.91,
      "Plan Rows": 1,
      "Plan Width": 8,
      "Actual Startup Time": 794.652,
      "Actual Total Time": 843.026,
      "Actual Rows": 1,
      "Actual Loops": 1,
      "Plans": [
        {
          "Node Type": "Gather",
          "Parent Relationship": "Outer",
          "Parallel Aware": false,
          "Startup Cost": 334472.27,
          "Total Cost": 334472.88,
          "Plan Rows": 6,
          "Plan Width": 8,
          "Actual Startup Time": 794.408,
          "Actual Total Time": 843.012,
          "Actual Rows": 7,
          "Actual Loops": 1,
          "Workers Planned": 6,
          "Workers Launched": 6,
          "Single Copy": false,
          "Plans": [
            {
              "Node Type": "Aggregate",
              "Strategy": "Plain",
              "Partial Mode": "Partial",
              "Parent Relationship": "Outer",
              "Parallel Aware": false,
              "Startup Cost": 333472.27,
              "Total Cost": 333472.28,
              "Plan Rows": 1,
              "Plan Width": 8,
              "Actual Startup Time": 787.425,
              "Actual Total Time": 787.428,
              "Actual Rows": 1,
              "Actual Loops": 7,
              "Plans": [
                {
                  "Node Type": "Seq Scan",
                  "Parent Relationship": "Outer",
                  "Parallel Aware": true,
                  "Relation Name": "cast_info",
                  "Alias": "ci",
                  "Startup Cost": 0.0,
                  "Total Cost": 328211.39,
                  "Plan Rows": 2104352,
                  "Plan Width": 0,
                  "Actual Startup Time": 0.047,
                  "Actual Total Time": 677.555,
                  "Actual Rows": 1821104,
                  "Actual Loops": 7,
                  "Filter": "(person_id < 1257255)",
                  "Rows Removed by Filter": 3356660
                }
              ]
            }
          ]
        }
      ]
    },
    "Planning Time": 0.097,
    "Triggers": [],
    "Execution Time": 843.069
  }
]