{
    "Plan": {
        "Node Type": "Aggregate",
        "Strategy": "Plain",
        "Partial Mode": "Finalize",
        "Parallel Aware": false,
        "Startup Cost": 142448.36,
        "Total Cost": 142448.37,
        "Plan Rows": 1,
        "Plan Width": 8,
        "Actual Startup Time": 815.413,
        "Actual Total Time": 840.67,
        "Actual Rows": 1,
        "Actual Loops": 1,
        "Output": [
            "count(*)"
        ],
        "Plans": [
            {
                "Node Type": "Gather",
                "Parent Relationship": "Outer",
                "Parallel Aware": false,
                "Startup Cost": 142448.04,
                "Total Cost": 142448.35,
                "Plan Rows": 3,
                "Plan Width": 8,
                "Actual Startup Time": 803.985,
                "Actual Total Time": 840.659,
                "Actual Rows": 4,
                "Actual Loops": 1,
                "Output": [
                    "(PARTIAL count(*))"
                ],
                "Workers Planned": 3,
                "Workers Launched": 3,
                "Single Copy": false,
                "Plans": [
                    {
                        "Node Type": "Aggregate",
                        "Strategy": "Plain",
                        "Partial Mode": "Partial",
                        "Parent Relationship": "Outer",
                        "Parallel Aware": false,
                        "Startup Cost": 141448.04,
                        "Total Cost": 141448.05,
                        "Plan Rows": 1,
                        "Plan Width": 8,
                        "Actual Startup Time": 792.913,
                        "Actual Total Time": 792.92,
                        "Actual Rows": 1,
                        "Actual Loops": 4,
                        "Output": [
                            "PARTIAL count(*)"
                        ],
                        "Workers": [
                            {
                                "Worker Number": 0,
                                "Actual Startup Time": 789.191,
                                "Actual Total Time": 789.197,
                                "Actual Rows": 1,
                                "Actual Loops": 1
                            },
                            {
                                "Worker Number": 1,
                                "Actual Startup Time": 789.736,
                                "Actual Total Time": 789.74,
                                "Actual Rows": 1,
                                "Actual Loops": 1
                            },
                            {
                                "Worker Number": 2,
                                "Actual Startup Time": 789.91,
                                "Actual Total Time": 789.915,
                                "Actual Rows": 1,
                                "Actual Loops": 1
                            }
                        ],
                        "Plans": [
                            {
                                "Node Type": "Hash Join",
                                "Parent Relationship": "Outer",
                                "Parallel Aware": true,
                                "Join Type": "Inner",
                                "Startup Cost": 115260.5,
                                "Total Cost": 141314.28,
                                "Plan Rows": 53505,
                                "Plan Width": 0,
                                "Actual Startup Time": 507.665,
                                "Actual Total Time": 781.036,
                                "Actual Rows": 204836,
                                "Actual Loops": 4,
                                "Inner Unique": false,
                                "Hash Cond": "(t.id = mi_idx.movie_id)",
                                "Workers": [
                                    {
                                        "Worker Number": 0,
                                        "Actual Startup Time": 503.885,
                                        "Actual Total Time": 777.136,
                                        "Actual Rows": 188676,
                                        "Actual Loops": 1
                                    },
                                    {
                                        "Worker Number": 1,
                                        "Actual Startup Time": 504.953,
                                        "Actual Total Time": 777.217,
                                        "Actual Rows": 190359,
                                        "Actual Loops": 1
                                    },
                                    {
                                        "Worker Number": 2,
                                        "Actual Startup Time": 504.981,
                                        "Actual Total Time": 779.205,
                                        "Actual Rows": 256732,
                                        "Actual Loops": 1
                                    }
                                ],
                                "Plans": [
                                    {
                                        "Node Type": "Hash Join",
                                        "Parent Relationship": "Outer",
                                        "Parallel Aware": true,
                                        "Join Type": "Inner",
                                        "Startup Cost": 81068.76,
                                        "Total Cost": 106348.95,
                                        "Plan Rows": 146839,
                                        "Plan Width": 8,
                                        "Actual Startup Time": 310.618,
                                        "Actual Total Time": 494.891,
                                        "Actual Rows": 212795,
                                        "Actual Loops": 4,
                                        "Output": [
                                            "t.id",
                                            "mc.movie_id"
                                        ],
                                        "Inner Unique": true,
                                        "Hash Cond": "(mc.movie_id = t.id)",
                                        "Workers": [
                                            {
                                                "Worker Number": 0,
                                                "Actual Startup Time": 310.266,
                                                "Actual Total Time": 494.066,
                                                "Actual Rows": 195255,
                                                "Actual Loops": 1
                                            },
                                            {
                                                "Worker Number": 1,
                                                "Actual Startup Time": 310.78,
                                                "Actual Total Time": 496.248,
                                                "Actual Rows": 197188,
                                                "Actual Loops": 1
                                            },
                                            {
                                                "Worker Number": 2,
                                                "Actual Startup Time": 310.599,
                                                "Actual Total Time": 495.366,
                                                "Actual Rows": 268454,
                                                "Actual Loops": 1
                                            }
                                        ],
                                        "Plans": [
                                            {
                                                "Node Type": "Bitmap Heap Scan",
                                                "Parent Relationship": "Outer",
                                                "Parallel Aware": true,
                                                "Relation Name": "movie_companies",
                                                "Schema": "public",
                                                "Alias": "mc",
                                                "Startup Cost": 24025.64,
                                                "Total Cost": 48179.44,
                                                "Plan Rows": 429104,
                                                "Plan Width": 4,
                                                "Actual Startup Time": 66.073,
                                                "Actual Total Time": 120.538,
                                                "Actual Rows": 333721,
                                                "Actual Loops": 4,
                                                "Output": [
                                                    "mc.id",
                                                    "mc.movie_id",
                                                    "mc.company_id",
                                                    "mc.company_type_id",
                                                    "mc.note"
                                                ],
                                                "Recheck Cond": "(mc.company_type_id > 1)",
                                                "Rows Removed by Index Recheck": 0,
                                                "Exact Heap Blocks": 1683,
                                                "Lossy Heap Blocks": 0,
                                                "Workers": [
                                                    {
                                                        "Worker Number": 0,
                                                        "Actual Startup Time": 65.78,
                                                        "Actual Total Time": 120.686,
                                                        "Actual Rows": 315998,
                                                        "Actual Loops": 1
                                                    },
                                                    {
                                                        "Worker Number": 1,
                                                        "Actual Startup Time": 66.266,
                                                        "Actual Total Time": 121.807,
                                                        "Actual Rows": 310613,
                                                        "Actual Loops": 1
                                                    },
                                                    {
                                                        "Worker Number": 2,
                                                        "Actual Startup Time": 66.08,
                                                        "Actual Total Time": 118.251,
                                                        "Actual Rows": 413507,
                                                        "Actual Loops": 1
                                                    }
                                                ],
                                                "Plans": [
                                                    {
                                                        "Node Type": "Bitmap Index Scan",
                                                        "Parent Relationship": "Outer",
                                                        "Parallel Aware": false,
                                                        "Index Name": "company_type_id_movie_companies",
                                                        "Startup Cost": 0.0,
                                                        "Total Cost": 23693.09,
                                                        "Plan Rows": 1330221,
                                                        "Plan Width": 0,
                                                        "Actual Startup Time": 64.085,
                                                        "Actual Total Time": 64.086,
                                                        "Actual Rows": 1334883,
                                                        "Actual Loops": 1,
                                                        "Index Cond": "(mc.company_type_id > 1)",
                                                        "Workers": [
                                                            {
                                                                "Worker Number": 0,
                                                                "Actual Startup Time": 64.085,
                                                                "Actual Total Time": 64.086,
                                                                "Actual Rows": 1334883,
                                                                "Actual Loops": 1
                                                            }
                                                        ]
                                                    }
                                                ]
                                            },
                                            {
                                                "Node Type": "Hash",
                                                "Parent Relationship": "Inner",
                                                "Parallel Aware": true,
                                                "Startup Cost": 54339.39,
                                                "Total Cost": 54339.39,
                                                "Plan Rows": 216298,
                                                "Plan Width": 4,
                                                "Actual Startup Time": 243.002,
                                                "Actual Total Time": 243.004,
                                                "Actual Rows": 213554,
                                                "Actual Loops": 4,
                                                "Output": [
                                                    "t.id"
                                                ],
                                                "Hash Buckets": 1048576,
                                                "Original Hash Buckets": 1048576,
                                                "Hash Batches": 1,
                                                "Original Hash Batches": 1,
                                                "Peak Memory Usage": 41664,
                                                "Workers": [
                                                    {
                                                        "Worker Number": 0,
                                                        "Actual Startup Time": 244.412,
                                                        "Actual Total Time": 244.414,
                                                        "Actual Rows": 188780,
                                                        "Actual Loops": 1
                                                    },
                                                    {
                                                        "Worker Number": 1,
                                                        "Actual Startup Time": 244.404,
                                                        "Actual Total Time": 244.405,
                                                        "Actual Rows": 196659,
                                                        "Actual Loops": 1
                                                    },
                                                    {
                                                        "Worker Number": 2,
                                                        "Actual Startup Time": 238.806,
                                                        "Actual Total Time": 238.807,
                                                        "Actual Rows": 280432,
                                                        "Actual Loops": 1
                                                    }
                                                ],
                                                "Plans": [
                                                    {
                                                        "Node Type": "Bitmap Heap Scan",
                                                        "Parent Relationship": "Outer",
                                                        "Parallel Aware": true,
                                                        "Relation Name": "title",
                                                        "Schema": "public",
                                                        "Alias": "t",
                                                        "Startup Cost": 15637.67,
                                                        "Total Cost": 54339.39,
                                                        "Plan Rows": 216298,
                                                        "Plan Width": 4,
                                                        "Actual Startup Time": 39.648,
                                                        "Actual Total Time": 156.588,
                                                        "Actual Rows": 213554,
                                                        "Actual Loops": 4,
                                                        "Output": [
                                                            "t.id"
                                                        ],
                                                        "Recheck Cond": "(t.kind_id < 4)",
                                                        "Rows Removed by Index Recheck": 0,
                                                        "Exact Heap Blocks": 7208,
                                                        "Lossy Heap Blocks": 0,
                                                        "Workers": [
                                                            {
                                                                "Worker Number": 0,
                                                                "Actual Startup Time": 39.671,
                                                                "Actual Total Time": 156.983,
                                                                "Actual Rows": 188780,
                                                                "Actual Loops": 1
                                                            },
                                                            {
                                                                "Worker Number": 1,
                                                                "Actual Startup Time": 39.7,
                                                                "Actual Total Time": 157.063,
                                                                "Actual Rows": 196659,
                                                                "Actual Loops": 1
                                                            },
                                                            {
                                                                "Worker Number": 2,
                                                                "Actual Startup Time": 39.43,
                                                                "Actual Total Time": 155.854,
                                                                "Actual Rows": 280432,
                                                                "Actual Loops": 1
                                                            }
                                                        ],
                                                        "Plans": [
                                                            {
                                                                "Node Type": "Bitmap Index Scan",
                                                                "Parent Relationship": "Outer",
                                                                "Parallel Aware": false,
                                                                "Index Name": "kind_id_title",
                                                                "Startup Cost": 0.0,
                                                                "Total Cost": 15421.37,
                                                                "Plan Rows": 865192,
                                                                "Plan Width": 0,
                                                                "Actual Startup Time": 33.801,
                                                                "Actual Total Time": 33.802,
                                                                "Actual Rows": 854214,
                                                                "Actual Loops": 1,
                                                                "Index Cond": "(t.kind_id < 4)",
                                                                "Workers": [
                                                                    {
                                                                        "Worker Number": 2,
                                                                        "Actual Startup Time": 33.801,
                                                                        "Actual Total Time": 33.802,
                                                                        "Actual Rows": 854214,
                                                                        "Actual Loops": 1
                                                                    }
                                                                ]
                                                            }
                                                        ]
                                                    }
                                                ]
                                            }
                                        ]
                                    },
                                    {
                                        "Node Type": "Hash",
                                        "Parent Relationship": "Inner",
                                        "Parallel Aware": true,
                                        "Startup Cost": 29393.49,
                                        "Total Cost": 29393.49,
                                        "Plan Rows": 383860,
                                        "Plan Width": 4,
                                        "Actual Startup Time": 192.956,
                                        "Actual Total Time": 192.957,
                                        "Actual Rows": 230028,
                                        "Actual Loops": 4,
                                        "Output": [
                                            "mi_idx.movie_id"
                                        ],
                                        "Hash Buckets": 1048576,
                                        "Original Hash Buckets": 1048576,
                                        "Hash Batches": 1,
                                        "Original Hash Batches": 1,
                                        "Peak Memory Usage": 44224,
                                        "Workers": [
                                            {
                                                "Worker Number": 0,
                                                "Actual Startup Time": 193.217,
                                                "Actual Total Time": 193.219,
                                                "Actual Rows": 201757,
                                                "Actual Loops": 1
                                            },
                                            {
                                                "Worker Number": 1,
                                                "Actual Startup Time": 193.79,
                                                "Actual Total Time": 193.79,
                                                "Actual Rows": 201987,
                                                "Actual Loops": 1
                                            },
                                            {
                                                "Worker Number": 2,
                                                "Actual Startup Time": 193.986,
                                                "Actual Total Time": 193.987,
                                                "Actual Rows": 268247,
                                                "Actual Loops": 1
                                            }
                                        ],
                                        "Plans": [
                                            {
                                                "Node Type": "Bitmap Heap Scan",
                                                "Parent Relationship": "Outer",
                                                "Parallel Aware": true,
                                                "Relation Name": "movie_info_idx",
                                                "Schema": "public",
                                                "Alias": "mi_idx",
                                                "Startup Cost": 16660.23,
                                                "Total Cost": 29393.49,
                                                "Plan Rows": 383860,
                                                "Plan Width": 4,
                                                "Actual Startup Time": 52.445,
                                                "Actual Total Time": 110.62,
                                                "Actual Rows": 230028,
                                                "Actual Loops": 4,
                                                "Output": [
                                                    "mi_idx.movie_id"
                                                ],
                                                "Recheck Cond": "(mi_idx.info_type_id > 99)",
                                                "Rows Removed by Index Recheck": 0,
                                                "Exact Heap Blocks": 2140,
                                                "Lossy Heap Blocks": 0,
                                                "Workers": [
                                                    {
                                                        "Worker Number": 0,
                                                        "Actual Startup Time": 52.425,
                                                        "Actual Total Time": 112.081,
                                                        "Actual Rows": 201757,
                                                        "Actual Loops": 1
                                                    },
                                                    {
                                                        "Worker Number": 1,
                                                        "Actual Startup Time": 52.524,
                                                        "Actual Total Time": 111.178,
                                                        "Actual Rows": 201987,
                                                        "Actual Loops": 1
                                                    },
                                                    {
                                                        "Worker Number": 2,
                                                        "Actual Startup Time": 52.619,
                                                        "Actual Total Time": 109.311,
                                                        "Actual Rows": 268247,
                                                        "Actual Loops": 1
                                                    }
                                                ],
                                                "Plans": [
                                                    {
                                                        "Node Type": "Bitmap Index Scan",
                                                        "Parent Relationship": "Outer",
                                                        "Parallel Aware": false,
                                                        "Index Name": "info_type_id_movie_info_idx",
                                                        "Startup Cost": 0.0,
                                                        "Total Cost": 16429.92,
                                                        "Plan Rows": 921265,
                                                        "Plan Width": 0,
                                                        "Actual Startup Time": 50.384,
                                                        "Actual Total Time": 50.384,
                                                        "Actual Rows": 920110,
                                                        "Actual Loops": 1,
                                                        "Index Cond": "(mi_idx.info_type_id > 99)"
                                                    }
                                                ]
                                            }
                                        ]
                                    }
                                ]
                            }
                        ]
                    }
                ]
            }
        ]
    },
    "Planning Time": 3.163,
    "Triggers": [],
    "Execution Time": 841.14
}