[
  {
    "Plan": {
      "Node Type": "Aggregate",
      "Strategy": "Plain",
      "Partial Mode": "Simple",
      "Parallel Aware": false,
      "Startup Cost": 19607.66,
      "Total Cost": 19607.67,
      "Plan Rows": 1,
      "Plan Width": 8,
      "Actual Startup Time": 13.087,
      "Actual Total Time": 13.088,
      "Actual Rows": 1,
      "Actual Loops": 1,
      "Plans": [
        {
          "Node Type": "Bitmap Heap Scan",
          "Parent Relationship": "Outer",
          "Parallel Aware": false,
          "Relation Name": "movie_companies",
          "Alias": "mc",
          "Startup Cost": 360.49,
          "Total Cost": 19566.35,
          "Plan Rows": 16524,
          "Plan Width": 0,
          "Actual Startup Time": 2.569,
          "Actual Total Time": 10.069,
          "Actual Rows": 16220,
          "Actual Loops": 1,
          "Recheck Cond": "(company_id = 166)",
          "Rows Removed by Index Recheck": 0,
          "Exact Heap Blocks": 534,
          "Lossy Heap Blocks": 0,
          "Plans": [
            {
              "Node Type": "Bitmap Index Scan",
              "Parent Relationship": "Outer",
              "Parallel Aware": false,
              "Index Name": "company_id_movie_companies",
              "Startup Cost": 0.0,
              "Total Cost": 356.36,
              "Plan Rows": 16524,
              "Plan Width": 0,
              "Actual Startup Time": 2.364,
              "Actual Total Time": 2.364,
              "Actual Rows": 16220,
              "Actual Loops": 1,
              "Index Cond": "(company_id = 166)"
            }
          ]
        }
      ]
    },
    "Planning Time": 0.191,
    "Triggers": [],
    "Execution Time": 13.156
  }
]