[
  {
    "Plan": {
      "Node Type": "Aggregate",
      "Strategy": "Plain",
      "Partial Mode": "Simple",
      "Parallel Aware": false,
      "Startup Cost": 19867.41,
      "Total Cost": 19867.42,
      "Plan Rows": 1,
      "Plan Width": 8,
      "Actual Startup Time": 11.68,
      "Actual Total Time": 11.682,
      "Actual Rows": 1,
      "Actual Loops": 1,
      "Plans": [
        {
          "Node Type": "Bitmap Heap Scan",
          "Parent Relationship": "Outer",
          "Parallel Aware": false,
          "Relation Name": "movie_companies",
          "Alias": "mc",
          "Startup Cost": 384.58,
          "Total Cost": 19823.49,
          "Plan Rows": 17568,
          "Plan Width": 0,
          "Actual Startup Time": 2.302,
          "Actual Total Time": 8.838,
          "Actual Rows": 16220,
          "Actual Loops": 1,
          "Recheck Cond": "(company_id = 166)",
          "Rows Removed by Index Recheck": 0,
          "Exact Heap Blocks": 534,
          "Lossy Heap Blocks": 0,
          "Plans": [
            {
              "Node Type": "Bitmap Index Scan",
              "Parent Relationship": "Outer",
              "Parallel Aware": false,
              "Index Name": "company_id_movie_companies",
              "Startup Cost": 0.0,
              "Total Cost": 380.19,
              "Plan Rows": 17568,
              "Plan Width": 0,
              "Actual Startup Time": 2.101,
              "Actual Total Time": 2.101,
              "Actual Rows": 16220,
              "Actual Loops": 1,
              "Index Cond": "(company_id = 166)"
            }
          ]
        }
      ]
    },
    "Planning Time": 0.149,
    "Triggers": [],
    "Execution Time": 11.747
  }
]