[
    {
        "Bao": {
            "Bao prediction": 1373.226,
            "Bao recommended hint": "(no hint)"
        }
    },
    {
        "Plan": {
            "Node Type": "Aggregate",
            "Strategy": "Plain",
            "Partial Mode": "Finalize",
            "Parallel Aware": false,
            "Startup Cost": 27008.25,
            "Total Cost": 27008.26,
            "Plan Rows": 1,
            "Plan Width": 96,
            "Actual Startup Time": 4087.327,
            "Actual Total Time": 4239.846,
            "Actual Rows": 1,
            "Actual Loops": 1,
            "Output": [
                "min(mi.info)",
                "min(mi_idx.info)",
                "min(t.title)"
            ],
            "Plans": [
                {
                    "Node Type": "Gather",
                    "Parent Relationship": "Outer",
                    "Parallel Aware": false,
                    "Startup Cost": 27008.03,
                    "Total Cost": 27008.24,
                    "Plan Rows": 2,
                    "Plan Width": 96,
                    "Actual Startup Time": 4086.421,
                    "Actual Total Time": 4239.831,
                    "Actual Rows": 3,
                    "Actual Loops": 1,
                    "Output": [
                        "(PARTIAL min(mi.info))",
                        "(PARTIAL min(mi_idx.info))",
                        "(PARTIAL min(t.title))"
                    ],
                    "Workers Planned": 2,
                    "Workers Launched": 2,
                    "Single Copy": false,
                    "Plans": [
                        {
                            "Node Type": "Aggregate",
                            "Strategy": "Plain",
                            "Partial Mode": "Partial",
                            "Parent Relationship": "Outer",
                            "Parallel Aware": false,
                            "Startup Cost": 26008.03,
                            "Total Cost": 26008.04,
                            "Plan Rows": 1,
                            "Plan Width": 96,
                            "Actual Startup Time": 4076.215,
                            "Actual Total Time": 4076.221,
                            "Actual Rows": 1,
                            "Actual Loops": 3,
                            "Output": [
                                "PARTIAL min(mi.info)",
                                "PARTIAL min(mi_idx.info)",
                                "PARTIAL min(t.title)"
                            ],
                            "Workers": [
                                {
                                    "Worker Number": 0,
                                    "Actual Startup Time": 4071.604,
                                    "Actual Total Time": 4071.61,
                                    "Actual Rows": 1,
                                    "Actual Loops": 1
                                },
                                {
                                    "Worker Number": 1,
                                    "Actual Startup Time": 4072.321,
                                    "Actual Total Time": 4072.327,
                                    "Actual Rows": 1,
                                    "Actual Loops": 1
                                }
                            ],
                            "Plans": [
                                {
                                    "Node Type": "Nested Loop",
                                    "Parent Relationship": "Outer",
                                    "Parallel Aware": false,
                                    "Join Type": "Inner",
                                    "Startup Cost": 6.71,
                                    "Total Cost": 26007.82,
                                    "Plan Rows": 28,
                                    "Plan Width": 65,
                                    "Actual Startup Time": 15.783,
                                    "Actual Total Time": 4055.818,
                                    "Actual Rows": 97589,
                                    "Actual Loops": 3,
                                    "Output": [
                                        "mi.info",
                                        "mi_idx.info",
                                        "t.title"
                                    ],
                                    "Inner Unique": true,
                                    "Workers": [
                                        {
                                            "Worker Number": 0,
                                            "Actual Startup Time": 23.542,
                                            "Actual Total Time": 4051.014,
                                            "Actual Rows": 97964,
                                            "Actual Loops": 1
                                        },
                                        {
                                            "Worker Number": 1,
                                            "Actual Startup Time": 14.762,
                                            "Actual Total Time": 4053.192,
                                            "Actual Rows": 98976,
                                            "Actual Loops": 1
                                        }
                                    ],
                                    "Plans": [
                                        {
                                            "Node Type": "Nested Loop",
                                            "Parent Relationship": "Outer",
                                            "Parallel Aware": false,
                                            "Join Type": "Inner",
                                            "Startup Cost": 6.28,
                                            "Total Cost": 25972.81,
                                            "Plan Rows": 68,
                                            "Plan Width": 69,
                                            "Actual Startup Time": 7.134,
                                            "Actual Total Time": 3413.211,
                                            "Actual Rows": 148574,
                                            "Actual Loops": 3,
                                            "Output": [
                                                "ci.person_id",
                                                "mi.info",
                                                "mi_idx.info",
                                                "t.title"
                                            ],
                                            "Inner Unique": false,
                                            "Workers": [
                                                {
                                                    "Worker Number": 0,
                                                    "Actual Startup Time": 2.643,
                                                    "Actual Total Time": 3410.978,
                                                    "Actual Rows": 148139,
                                                    "Actual Loops": 1
                                                },
                                                {
                                                    "Worker Number": 1,
                                                    "Actual Startup Time": 9.837,
                                                    "Actual Total Time": 3414.413,
                                                    "Actual Rows": 151576,
                                                    "Actual Loops": 1
                                                }
                                            ],
                                            "Plans": [
                                                {
                                                    "Node Type": "Nested Loop",
                                                    "Parent Relationship": "Outer",
                                                    "Parallel Aware": false,
                                                    "Join Type": "Inner",
                                                    "Startup Cost": 5.72,
                                                    "Total Cost": 25940.14,
                                                    "Plan Rows": 16,
                                                    "Plan Width": 77,
                                                    "Actual Startup Time": 2.688,
                                                    "Actual Total Time": 1858.554,
                                                    "Actual Rows": 27662,
                                                    "Actual Loops": 3,
                                                    "Output": [
                                                        "mi.info",
                                                        "mi.movie_id",
                                                        "mi_idx.info",
                                                        "mi_idx.movie_id",
                                                        "t.title",
                                                        "t.id"
                                                    ],
                                                    "Inner Unique": true,
                                                    "Join Filter": "(mi.movie_id = t.id)",
                                                    "Rows Removed by Join Filter": 0,
                                                    "Workers": [
                                                        {
                                                            "Worker Number": 0,
                                                            "Actual Startup Time": 2.418,
                                                            "Actual Total Time": 1865.241,
                                                            "Actual Rows": 27542,
                                                            "Actual Loops": 1
                                                        },
                                                        {
                                                            "Worker Number": 1,
                                                            "Actual Startup Time": 2.935,
                                                            "Actual Total Time": 1842.678,
                                                            "Actual Rows": 28506,
                                                            "Actual Loops": 1
                                                        }
                                                    ],
                                                    "Plans": [
                                                        {
                                                            "Node Type": "Hash Join",
                                                            "Parent Relationship": "Outer",
                                                            "Parallel Aware": false,
                                                            "Join Type": "Inner",
                                                            "Startup Cost": 5.29,
                                                            "Total Cost": 25930.69,
                                                            "Plan Rows": 16,
                                                            "Plan Width": 56,
                                                            "Actual Startup Time": 2.517,
                                                            "Actual Total Time": 1742.557,
                                                            "Actual Rows": 27662,
                                                            "Actual Loops": 3,
                                                            "Output": [
                                                                "mi.info",
                                                                "mi.movie_id",
                                                                "mi_idx.info",
                                                                "mi_idx.movie_id"
                                                            ],
                                                            "Inner Unique": true,
                                                            "Hash Cond": "(mi.info_type_id = it1.id)",
                                                            "Workers": [
                                                                {
                                                                    "Worker Number": 0,
                                                                    "Actual Startup Time": 2.189,
                                                                    "Actual Total Time": 1750.294,
                                                                    "Actual Rows": 27542,
                                                                    "Actual Loops": 1
                                                                },
                                                                {
                                                                    "Worker Number": 1,
                                                                    "Actual Startup Time": 2.727,
                                                                    "Actual Total Time": 1727.086,
                                                                    "Actual Rows": 28506,
                                                                    "Actual Loops": 1
                                                                }
                                                            ],
                                                            "Plans": [
                                                                {
                                                                    "Node Type": "Nested Loop",
                                                                    "Parent Relationship": "Outer",
                                                                    "Parallel Aware": false,
                                                                    "Join Type": "Inner",
                                                                    "Startup Cost": 2.86,
                                                                    "Total Cost": 25923.31,
                                                                    "Plan Rows": 1820,
                                                                    "Plan Width": 60,
                                                                    "Actual Startup Time": 2.068,
                                                                    "Actual Total Time": 1731.609,
                                                                    "Actual Rows": 28232,
                                                                    "Actual Loops": 3,
                                                                    "Output": [
                                                                        "mi_idx.info",
                                                                        "mi_idx.movie_id",
                                                                        "mi.info",
                                                                        "mi.movie_id",
                                                                        "mi.info_type_id"
                                                                    ],
                                                                    "Inner Unique": false,
                                                                    "Workers": [
                                                                        {
                                                                            "Worker Number": 0,
                                                                            "Actual Startup Time": 1.62,
                                                                            "Actual Total Time": 1738.976,
                                                                            "Actual Rows": 28128,
                                                                            "Actual Loops": 1
                                                                        },
                                                                        {
                                                                            "Worker Number": 1,
                                                                            "Actual Startup Time": 2.158,
                                                                            "Actual Total Time": 1716.065,
                                                                            "Actual Rows": 29024,
                                                                            "Actual Loops": 1
                                                                        }
                                                                    ],
                                                                    "Plans": [
                                                                        {
                                                                            "Node Type": "Hash Join",
                                                                            "Parent Relationship": "Outer",
                                                                            "Parallel Aware": false,
                                                                            "Join Type": "Inner",
                                                                            "Startup Cost": 2.43,
                                                                            "Total Cost": 15253.6,
                                                                            "Plan Rows": 5089,
                                                                            "Plan Width": 9,
                                                                            "Actual Startup Time": 0.174,
                                                                            "Actual Total Time": 136.936,
                                                                            "Actual Rows": 153308,
                                                                            "Actual Loops": 3,
                                                                            "Output": [
                                                                                "mi_idx.info",
                                                                                "mi_idx.movie_id"
                                                                            ],
                                                                            "Inner Unique": true,
                                                                            "Hash Cond": "(mi_idx.info_type_id = it2.id)",
                                                                            "Workers": [
                                                                                {
                                                                                    "Worker Number": 0,
                                                                                    "Actual Startup Time": 0.184,
                                                                                    "Actual Total Time": 138.797,
                                                                                    "Actual Rows": 153073,
                                                                                    "Actual Loops": 1
                                                                                },
                                                                                {
                                                                                    "Worker Number": 1,
                                                                                    "Actual Startup Time": 0.21,
                                                                                    "Actual Total Time": 136.413,
                                                                                    "Actual Rows": 157409,
                                                                                    "Actual Loops": 1
                                                                                }
                                                                            ],
                                                                            "Plans": [
                                                                                {
                                                                                    "Node Type": "Seq Scan",
                                                                                    "Parent Relationship": "Outer",
                                                                                    "Parallel Aware": true,
                                                                                    "Relation Name": "movie_info_idx",
                                                                                    "Schema": "public",
                                                                                    "Alias": "mi_idx",
                                                                                    "Startup Cost": 0.0,
                                                                                    "Total Cost": 13685.15,
                                                                                    "Plan Rows": 575015,
                                                                                    "Plan Width": 13,
                                                                                    "Actual Startup Time": 0.047,
                                                                                    "Actual Total Time": 53.925,
                                                                                    "Actual Rows": 460012,
                                                                                    "Actual Loops": 3,
                                                                                    "Output": [
                                                                                        "mi_idx.id",
                                                                                        "mi_idx.movie_id",
                                                                                        "mi_idx.info_type_id",
                                                                                        "mi_idx.info",
                                                                                        "mi_idx.note"
                                                                                    ],
                                                                                    "Workers": [
                                                                                        {
                                                                                            "Worker Number": 0,
                                                                                            "Actual Startup Time": 0.062,
                                                                                            "Actual Total Time": 54.493,
                                                                                            "Actual Rows": 459352,
                                                                                            "Actual Loops": 1
                                                                                        },
                                                                                        {
                                                                                            "Worker Number": 1,
                                                                                            "Actual Startup Time": 0.063,
                                                                                            "Actual Total Time": 53.941,
                                                                                            "Actual Rows": 472219,
                                                                                            "Actual Loops": 1
                                                                                        }
                                                                                    ]
                                                                                },
                                                                                {
                                                                                    "Node Type": "Hash",
                                                                                    "Parent Relationship": "Inner",
                                                                                    "Parallel Aware": false,
                                                                                    "Startup Cost": 2.41,
                                                                                    "Total Cost": 2.41,
                                                                                    "Plan Rows": 1,
                                                                                    "Plan Width": 4,
                                                                                    "Actual Startup Time": 0.059,
                                                                                    "Actual Total Time": 0.059,
                                                                                    "Actual Rows": 1,
                                                                                    "Actual Loops": 3,
                                                                                    "Output": [
                                                                                        "it2.id"
                                                                                    ],
                                                                                    "Hash Buckets": 1024,
                                                                                    "Original Hash Buckets": 1024,
                                                                                    "Hash Batches": 1,
                                                                                    "Original Hash Batches": 1,
                                                                                    "Peak Memory Usage": 9,
                                                                                    "Workers": [
                                                                                        {
                                                                                            "Worker Number": 0,
                                                                                            "Actual Startup Time": 0.063,
                                                                                            "Actual Total Time": 0.064,
                                                                                            "Actual Rows": 1,
                                                                                            "Actual Loops": 1
                                                                                        },
                                                                                        {
                                                                                            "Worker Number": 1,
                                                                                            "Actual Startup Time": 0.063,
                                                                                            "Actual Total Time": 0.064,
                                                                                            "Actual Rows": 1,
                                                                                            "Actual Loops": 1
                                                                                        }
                                                                                    ],
                                                                                    "Plans": [
                                                                                        {
                                                                                            "Node Type": "Seq Scan",
                                                                                            "Parent Relationship": "Outer",
                                                                                            "Parallel Aware": false,
                                                                                            "Relation Name": "info_type",
                                                                                            "Schema": "public",
                                                                                            "Alias": "it2",
                                                                                            "Startup Cost": 0.0,
                                                                                            "Total Cost": 2.41,
                                                                                            "Plan Rows": 1,
                                                                                            "Plan Width": 4,
                                                                                            "Actual Startup Time": 0.033,
                                                                                            "Actual Total Time": 0.038,
                                                                                            "Actual Rows": 1,
                                                                                            "Actual Loops": 3,
                                                                                            "Output": [
                                                                                                "it2.id"
                                                                                            ],
                                                                                            "Filter": "((it2.info)::text = 'votes'::text)",
                                                                                            "Rows Removed by Filter": 112,
                                                                                            "Workers": [
                                                                                                {
                                                                                                    "Worker Number": 0,
                                                                                                    "Actual Startup Time": 0.033,
                                                                                                    "Actual Total Time": 0.038,
                                                                                                    "Actual Rows": 1,
                                                                                                    "Actual Loops": 1
                                                                                                },
                                                                                                {
                                                                                                    "Worker Number": 1,
                                                                                                    "Actual Startup Time": 0.033,
                                                                                                    "Actual Total Time": 0.039,
                                                                                                    "Actual Rows": 1,
                                                                                                    "Actual Loops": 1
                                                                                                }
                                                                                            ]
                                                                                        }
                                                                                    ]
                                                                                }
                                                                            ]
                                                                        },
                                                                        {
                                                                            "Node Type": "Index Scan",
                                                                            "Parent Relationship": "Inner",
                                                                            "Parallel Aware": false,
                                                                            "Scan Direction": "Forward",
                                                                            "Index Name": "movie_id_movie_info",
                                                                            "Relation Name": "movie_info",
                                                                            "Schema": "public",
                                                                            "Alias": "mi",
                                                                            "Startup Cost": 0.43,
                                                                            "Total Cost": 2.09,
                                                                            "Plan Rows": 1,
                                                                            "Plan Width": 51,
                                                                            "Actual Startup Time": 0.01,
                                                                            "Actual Total Time": 0.01,
                                                                            "Actual Rows": 0,
                                                                            "Actual Loops": 459925,
                                                                            "Output": [
                                                                                "mi.id",
                                                                                "mi.movie_id",
                                                                                "mi.info_type_id",
                                                                                "mi.info",
                                                                                "mi.note"
                                                                            ],
                                                                            "Index Cond": "(mi.movie_id = mi_idx.movie_id)",
                                                                            "Rows Removed by Index Recheck": 0,
                                                                            "Filter": "(mi.info = ANY ('{Crime,War,Sci-Fi,Western,Horror,Thriller}'::text[]))",
                                                                            "Rows Removed by Filter": 15,
                                                                            "Workers": [
                                                                                {
                                                                                    "Worker Number": 0,
                                                                                    "Actual Startup Time": 0.01,
                                                                                    "Actual Total Time": 0.01,
                                                                                    "Actual Rows": 0,
                                                                                    "Actual Loops": 153073
                                                                                },
                                                                                {
                                                                                    "Worker Number": 1,
                                                                                    "Actual Startup Time": 0.01,
                                                                                    "Actual Total Time": 0.01,
                                                                                    "Actual Rows": 0,
                                                                                    "Actual Loops": 157409
                                                                                }
                                                                            ]
                                                                        }
                                                                    ]
                                                                },
                                                                {
                                                                    "Node Type": "Hash",
                                                                    "Parent Relationship": "Inner",
                                                                    "Parallel Aware": false,
                                                                    "Startup Cost": 2.41,
                                                                    "Total Cost": 2.41,
                                                                    "Plan Rows": 1,
                                                                    "Plan Width": 4,
                                                                    "Actual Startup Time": 0.131,
                                                                    "Actual Total Time": 0.132,
                                                                    "Actual Rows": 1,
                                                                    "Actual Loops": 3,
                                                                    "Output": [
                                                                        "it1.id"
                                                                    ],
                                                                    "Hash Buckets": 1024,
                                                                    "Original Hash Buckets": 1024,
                                                                    "Hash Batches": 1,
                                                                    "Original Hash Batches": 1,
                                                                    "Peak Memory Usage": 9,
                                                                    "Workers": [
                                                                        {
                                                                            "Worker Number": 0,
                                                                            "Actual Startup Time": 0.163,
                                                                            "Actual Total Time": 0.164,
                                                                            "Actual Rows": 1,
                                                                            "Actual Loops": 1
                                                                        },
                                                                        {
                                                                            "Worker Number": 1,
                                                                            "Actual Startup Time": 0.161,
                                                                            "Actual Total Time": 0.162,
                                                                            "Actual Rows": 1,
                                                                            "Actual Loops": 1
                                                                        }
                                                                    ],
                                                                    "Plans": [
                                                                        {
                                                                            "Node Type": "Seq Scan",
                                                                            "Parent Relationship": "Outer",
                                                                            "Parallel Aware": false,
                                                                            "Relation Name": "info_type",
                                                                            "Schema": "public",
                                                                            "Alias": "it1",
                                                                            "Startup Cost": 0.0,
                                                                            "Total Cost": 2.41,
                                                                            "Plan Rows": 1,
                                                                            "Plan Width": 4,
                                                                            "Actual Startup Time": 0.067,
                                                                            "Actual Total Time": 0.09,
                                                                            "Actual Rows": 1,
                                                                            "Actual Loops": 3,
                                                                            "Output": [
                                                                                "it1.id"
                                                                            ],
                                                                            "Filter": "((it1.info)::text = 'genres'::text)",
                                                                            "Rows Removed by Filter": 112,
                                                                            "Workers": [
                                                                                {
                                                                                    "Worker Number": 0,
                                                                                    "Actual Startup Time": 0.068,
                                                                                    "Actual Total Time": 0.091,
                                                                                    "Actual Rows": 1,
                                                                                    "Actual Loops": 1
                                                                                },
                                                                                {
                                                                                    "Worker Number": 1,
                                                                                    "Actual Startup Time": 0.103,
                                                                                    "Actual Total Time": 0.125,
                                                                                    "Actual Rows": 1,
                                                                                    "Actual Loops": 1
                                                                                }
                                                                            ]
                                                                        }
                                                                    ]
                                                                }
                                                            ]
                                                        },
                                                        {
                                                            "Node Type": "Index Scan",
                                                            "Parent Relationship": "Inner",
                                                            "Parallel Aware": false,
                                                            "Scan Direction": "Forward",
                                                            "Index Name": "title_pkey",
                                                            "Relation Name": "title",
                                                            "Schema": "public",
                                                            "Alias": "t",
                                                            "Startup Cost": 0.43,
                                                            "Total Cost": 0.58,
                                                            "Plan Rows": 1,
                                                            "Plan Width": 21,
                                                            "Actual Startup Time": 0.004,
                                                            "Actual Total Time": 0.004,
                                                            "Actual Rows": 1,
                                                            "Actual Loops": 82986,
                                                            "Output": [
                                                                "t.id",
                                                                "t.title",
                                                                "t.imdb_index",
                                                                "t.kind_id",
                                                                "t.production_year",
                                                                "t.imdb_id",
                                                                "t.phonetic_code",
                                                                "t.episode_of_id",
                                                                "t.season_nr",
                                                                "t.episode_nr",
                                                                "t.series_years",
                                                                "t.md5sum"
                                                            ],
                                                            "Index Cond": "(t.id = mi_idx.movie_id)",
                                                            "Rows Removed by Index Recheck": 0,
                                                            "Workers": [
                                                                {
                                                                    "Worker Number": 0,
                                                                    "Actual Startup Time": 0.004,
                                                                    "Actual Total Time": 0.004,
                                                                    "Actual Rows": 1,
                                                                    "Actual Loops": 27542
                                                                },
                                                                {
                                                                    "Worker Number": 1,
                                                                    "Actual Startup Time": 0.004,
                                                                    "Actual Total Time": 0.004,
                                                                    "Actual Rows": 1,
                                                                    "Actual Loops": 28506
                                                                }
                                                            ]
                                                        }
                                                    ]
                                                },
                                                {
                                                    "Node Type": "Index Scan",
                                                    "Parent Relationship": "Inner",
                                                    "Parallel Aware": false,
                                                    "Scan Direction": "Forward",
                                                    "Index Name": "movie_id_cast_info",
                                                    "Relation Name": "cast_info",
                                                    "Schema": "public",
                                                    "Alias": "ci",
                                                    "Startup Cost": 0.56,
                                                    "Total Cost": 2.0,
                                                    "Plan Rows": 4,
                                                    "Plan Width": 8,
                                                    "Actual Startup Time": 0.024,
                                                    "Actual Total Time": 0.055,
                                                    "Actual Rows": 5,
                                                    "Actual Loops": 82986,
                                                    "Output": [
                                                        "ci.id",
                                                        "ci.person_id",
                                                        "ci.movie_id",
                                                        "ci.person_role_id",
                                                        "ci.note",
                                                        "ci.nr_order",
                                                        "ci.role_id"
                                                    ],
                                                    "Index Cond": "(ci.movie_id = t.id)",
                                                    "Rows Removed by Index Recheck": 0,
                                                    "Filter": "(ci.note = ANY ('{(producer),\"(executive producer)\",(uncredited),(voice),(writer)}'::text[]))",
                                                    "Rows Removed by Filter": 33,
                                                    "Workers": [
                                                        {
                                                            "Worker Number": 0,
                                                            "Actual Startup Time": 0.024,
                                                            "Actual Total Time": 0.055,
                                                            "Actual Rows": 5,
                                                            "Actual Loops": 27542
                                                        },
                                                        {
                                                            "Worker Number": 1,
                                                            "Actual Startup Time": 0.024,
                                                            "Actual Total Time": 0.054,
                                                            "Actual Rows": 5,
                                                            "Actual Loops": 28506
                                                        }
                                                    ]
                                                }
                                            ]
                                        },
                                        {
                                            "Node Type": "Index Scan",
                                            "Parent Relationship": "Inner",
                                            "Parallel Aware": false,
                                            "Scan Direction": "Forward",
                                            "Index Name": "name_pkey",
                                            "Relation Name": "name",
                                            "Schema": "public",
                                            "Alias": "n",
                                            "Startup Cost": 0.43,
                                            "Total Cost": 0.51,
                                            "Plan Rows": 1,
                                            "Plan Width": 4,
                                            "Actual Startup Time": 0.004,
                                            "Actual Total Time": 0.004,
                                            "Actual Rows": 1,
                                            "Actual Loops": 445723,
                                            "Output": [
                                                "n.id",
                                                "n.name",
                                                "n.imdb_index",
                                                "n.imdb_id",
                                                "n.gender",
                                                "n.name_pcode_cf",
                                                "n.name_pcode_nf",
                                                "n.surname_pcode",
                                                "n.md5sum"
                                            ],
                                            "Index Cond": "(n.id = ci.person_id)",
                                            "Rows Removed by Index Recheck": 0,
                                            "Filter": "((n.gender)::text = 'm'::text)",
                                            "Rows Removed by Filter": 0,
                                            "Workers": [
                                                {
                                                    "Worker Number": 0,
                                                    "Actual Startup Time": 0.004,
                                                    "Actual Total Time": 0.004,
                                                    "Actual Rows": 1,
                                                    "Actual Loops": 148139
                                                },
                                                {
                                                    "Worker Number": 1,
                                                    "Actual Startup Time": 0.004,
                                                    "Actual Total Time": 0.004,
                                                    "Actual Rows": 1,
                                                    "Actual Loops": 151576
                                                }
                                            ]
                                        }
                                    ]
                                }
                            ]
                        }
                    ]
                }
            ]
        },
        "Planning Time": 2136.125,
        "Triggers": [],
        "Execution Time": 4240.772
    }
]