[
  {
    "Plan": {
      "Node Type": "Aggregate",
      "Strategy": "Plain",
      "Partial Mode": "Finalize",
      "Parallel Aware": false,
      "Startup Cost": 342411.91,
      "Total Cost": 342411.92,
      "Plan Rows": 1,
      "Plan Width": 8,
      "Actual Startup Time": 859.069,
      "Actual Total Time": 904.784,
      "Actual Rows": 1,
      "Actual Loops": 1,
      "Plans": [
        {
          "Node Type": "Gather",
          "Parent Relationship": "Outer",
          "Parallel Aware": false,
          "Startup Cost": 342411.29,
          "Total Cost": 342411.9,
          "Plan Rows": 6,
          "Plan Width": 8,
          "Actual Startup Time": 858.87,
          "Actual Total Time": 904.768,
          "Actual Rows": 7,
          "Actual Loops": 1,
          "Workers Planned": 6,
          "Workers Launched": 6,
          "Single Copy": false,
          "Plans": [
            {
              "Node Type": "Aggregate",
              "Strategy": "Plain",
              "Partial Mode": "Partial",
              "Parent Relationship": "Outer",
              "Parallel Aware": false,
              "Startup Cost": 341411.29,
              "Total Cost": 341411.3,
              "Plan Rows": 1,
              "Plan Width": 8,
              "Actual Startup Time": 849.876,
              "Actual Total Time": 849.878,
              "Actual Rows": 1,
              "Actual Loops": 7,
              "Plans": [
                {
                  "Node Type": "Seq Scan",
                  "Parent Relationship": "Outer",
                  "Parallel Aware": true,
                  "Relation Name": "cast_info",
                  "Alias": "ci",
                  "Startup Cost": 0.0,
                  "Total Cost": 328211.39,
                  "Plan Rows": 5279958,
                  "Plan Width": 0,
                  "Actual Startup Time": 62.751,
                  "Actual Total Time": 639.575,
                  "Actual Rows": 4501505,
                  "Actual Loops": 7,
                  "Filter": "(person_id > 459162)",
                  "Rows Removed by Filter": 676259
                }
              ]
            }
          ]
        }
      ]
    },
    "Planning Time": 0.205,
    "Triggers": [],
    "Execution Time": 904.85
  }
]