[
  {
    "Plan": {
      "Node Type": "Aggregate",
      "Strategy": "Plain",
      "Partial Mode": "Finalize",
      "Parallel Aware": false,
      "Startup Cost": 32874.86,
      "Total Cost": 32874.87,
      "Plan Rows": 1,
      "Plan Width": 8,
      "Actual Startup Time": 92.414,
      "Actual Total Time": 98.769,
      "Actual Rows": 1,
      "Actual Loops": 1,
      "Plans": [
        {
          "Node Type": "Gather",
          "Parent Relationship": "Outer",
          "Parallel Aware": false,
          "Startup Cost": 32874.54,
          "Total Cost": 32874.85,
          "Plan Rows": 3,
          "Plan Width": 8,
          "Actual Startup Time": 92.298,
          "Actual Total Time": 98.76,
          "Actual Rows": 4,
          "Actual Loops": 1,
          "Workers Planned": 3,
          "Workers Launched": 3,
          "Single Copy": false,
          "Plans": [
            {
              "Node Type": "Aggregate",
              "Strategy": "Plain",
              "Partial Mode": "Partial",
              "Parent Relationship": "Outer",
              "Parallel Aware": false,
              "Startup Cost": 31874.54,
              "Total Cost": 31874.55,
              "Plan Rows": 1,
              "Plan Width": 8,
              "Actual Startup Time": 84.434,
              "Actual Total Time": 84.435,
              "Actual Rows": 1,
              "Actual Loops": 4,
              "Plans": [
                {
                  "Node Type": "Seq Scan",
                  "Parent Relationship": "Outer",
                  "Parallel Aware": true,
                  "Relation Name": "movie_companies",
                  "Alias": "mc",
                  "Startup Cost": 0.0,
                  "Total Cost": 31414.82,
                  "Plan Rows": 183888,
                  "Plan Width": 0,
                  "Actual Startup Time": 23.137,
                  "Actual Total Time": 80.375,
                  "Actual Rows": 72260,
                  "Actual Loops": 4,
                  "Filter": "((company_id > 12959) AND (company_type_id = 1))",
                  "Rows Removed by Filter": 580022
                }
              ]
            }
          ]
        }
      ]
    },
    "Planning Time": 0.2,
    "Triggers": [],
    "Execution Time": 98.824
  }
]