{
  "Plan": {
    "Node Type": "Aggregate",
    "Strategy": "Plain",
    "Partial Mode": "Finalize",
    "Parallel Aware": false,
    "Startup Cost": 1619979.06,
    "Total Cost": 1619979.07,
    "Plan Rows": 1,
    "Plan Width": 8,
    "Actual Startup Time": 5574.817,
    "Actual Total Time": 5658.739,
    "Actual Rows": 1,
    "Actual Loops": 1,
    "Plans": [
      {
        "Node Type": "Gather",
        "Parent Relationship": "Outer",
        "Parallel Aware": false,
        "Startup Cost": 1619978.95,
        "Total Cost": 1619979.06,
        "Plan Rows": 1,
        "Plan Width": 8,
        "Actual Startup Time": 5561.968,
        "Actual Total Time": 5658.728,
        "Actual Rows": 2,
        "Actual Loops": 1,
        "Workers Planned": 1,
        "Workers Launched": 1,
        "Single Copy": false,
        "Plans": [
          {
            "Node Type": "Aggregate",
            "Strategy": "Plain",
            "Partial Mode": "Partial",
            "Parent Relationship": "Outer",
            "Parallel Aware": false,
            "Startup Cost": 1618978.95,
            "Total Cost": 1618978.96,
            "Plan Rows": 1,
            "Plan Width": 8,
            "Actual Startup Time": 5556.044,
            "Actual Total Time": 5556.049,
            "Actual Rows": 1,
            "Actual Loops": 2,
            "Plans": [
              {
                "Node Type": "Merge Join",
                "Parent Relationship": "Outer",
                "Parallel Aware": false,
                "Join Type": "Inner",
                "Startup Cost": 431904.18,
                "Total Cost": 1597961.64,
                "Plan Rows": 8406922,
                "Plan Width": 0,
                "Actual Startup Time": 1598.731,
                "Actual Total Time": 5277.791,
                "Actual Rows": 6257548,
                "Actual Loops": 2,
                "Inner Unique": false,
                "Merge Cond": "(mi.movie_id = t.id)",
                "Plans": [
                  {
                    "Node Type": "Index Only Scan",
                    "Parent Relationship": "Outer",
                    "Parallel Aware": true,
                    "Scan Direction": "Forward",
                    "Index Name": "movie_id_movie_info",
                    "Relation Name": "movie_info",
                    "Alias": "mi",
                    "Startup Cost": 0.43,
                    "Total Cost": 1018223.42,
                    "Plan Rows": 8696274,
                    "Plan Width": 4,
                    "Actual Startup Time": 0.102,
                    "Actual Total Time": 2445.694,
                    "Actual Rows": 7416186,
                    "Actual Loops": 2,
                    "Heap Fetches": 14832373
                  },
                  {
                    "Node Type": "Sort",
                    "Parent Relationship": "Inner",
                    "Parallel Aware": false,
                    "Startup Cost": 431903.2,
                    "Total Cost": 438013.63,
                    "Plan Rows": 2444169,
                    "Plan Width": 8,
                    "Actual Startup Time": 1598.258,
                    "Actual Total Time": 1850.432,
                    "Actual Rows": 6795714,
                    "Actual Loops": 2,
                    "Sort Key": [
                      "mk.movie_id"
                    ],
                    "Sort Method": "quicksort",
                    "Sort Space Used": 99603,
                    "Sort Space Type": "Memory",
                    "Workers": [
                      {
                        "Worker Number": 0,
                        "Sort Method": "quicksort",
                        "Sort Space Used": 99603,
                        "Sort Space Type": "Memory"
                      }
                    ],
                    "Plans": [
                      {
                        "Node Type": "Hash Join",
                        "Parent Relationship": "Outer",
                        "Parallel Aware": false,
                        "Join Type": "Inner",
                        "Startup Cost": 90997.08,
                        "Total Cost": 172565.72,
                        "Plan Rows": 2444169,
                        "Plan Width": 8,
                        "Actual Startup Time": 603.333,
                        "Actual Total Time": 1383.715,
                        "Actual Rows": 1076277,
                        "Actual Loops": 2,
                        "Inner Unique": true,
                        "Hash Cond": "(mk.movie_id = t.id)",
                        "Plans": [
                          {
                            "Node Type": "Seq Scan",
                            "Parent Relationship": "Outer",
                            "Parallel Aware": false,
                            "Relation Name": "movie_keyword",
                            "Alias": "mk",
                            "Startup Cost": 0.0,
                            "Total Cost": 69693.3,
                            "Plan Rows": 4523930,
                            "Plan Width": 4,
                            "Actual Startup Time": 0.038,
                            "Actual Total Time": 298.967,
                            "Actual Rows": 4523930,
                            "Actual Loops": 2
                          },
                          {
                            "Node Type": "Hash",
                            "Parent Relationship": "Inner",
                            "Parallel Aware": false,
                            "Startup Cost": 73922.39,
                            "Total Cost": 73922.39,
                            "Plan Rows": 1365975,
                            "Plan Width": 4,
                            "Actual Startup Time": 586.564,
                            "Actual Total Time": 586.565,
                            "Actual Rows": 1337599,
                            "Actual Loops": 2,
                            "Hash Buckets": 2097152,
                            "Original Hash Buckets": 2097152,
                            "Hash Batches": 1,
                            "Original Hash Batches": 1,
                            "Peak Memory Usage": 63409,
                            "Plans": [
                              {
                                "Node Type": "Seq Scan",
                                "Parent Relationship": "Outer",
                                "Parallel Aware": false,
                                "Relation Name": "title",
                                "Alias": "t",
                                "Startup Cost": 0.0,
                                "Total Cost": 73922.39,
                                "Plan Rows": 1365975,
                                "Plan Width": 4,
                                "Actual Startup Time": 0.031,
                                "Actual Total Time": 289.991,
                                "Actual Rows": 1337599,
                                "Actual Loops": 2,
                                "Filter": "((kind_id > 3) AND (production_year < 2011))",
                                "Rows Removed by Filter": 1190713
                              }
                            ]
                          }
                        ]
                      }
                    ]
                  }
                ]
              }
            ]
          }
        ]
      }
    ]
  },
  "Planning Time": 0.85,
  "Triggers": [],
  "Execution Time": 5668.346
}