[
  {
    "Plan": {
      "Node Type": "Aggregate",
      "Strategy": "Plain",
      "Partial Mode": "Finalize",
      "Parallel Aware": false,
      "Startup Cost": 247550.65,
      "Total Cost": 247550.66,
      "Plan Rows": 1,
      "Plan Width": 8,
      "Actual Startup Time": 520.732,
      "Actual Total Time": 563.022,
      "Actual Rows": 1,
      "Actual Loops": 1,
      "Plans": [
        {
          "Node Type": "Gather",
          "Parent Relationship": "Outer",
          "Parallel Aware": false,
          "Startup Cost": 247550.13,
          "Total Cost": 247550.64,
          "Plan Rows": 5,
          "Plan Width": 8,
          "Actual Startup Time": 517.368,
          "Actual Total Time": 562.994,
          "Actual Rows": 6,
          "Actual Loops": 1,
          "Workers Planned": 5,
          "Workers Launched": 5,
          "Single Copy": false,
          "Plans": [
            {
              "Node Type": "Aggregate",
              "Strategy": "Plain",
              "Partial Mode": "Partial",
              "Parent Relationship": "Outer",
              "Parallel Aware": false,
              "Startup Cost": 246550.13,
              "Total Cost": 246550.14,
              "Plan Rows": 1,
              "Plan Width": 8,
              "Actual Startup Time": 507.453,
              "Actual Total Time": 507.456,
              "Actual Rows": 1,
              "Actual Loops": 6,
              "Plans": [
                {
                  "Node Type": "Hash Join",
                  "Parent Relationship": "Outer",
                  "Parallel Aware": true,
                  "Join Type": "Inner",
                  "Startup Cost": 46398.42,
                  "Total Cost": 246430.46,
                  "Plan Rows": 47867,
                  "Plan Width": 0,
                  "Actual Startup Time": 161.384,
                  "Actual Total Time": 503.132,
                  "Actual Rows": 95896,
                  "Actual Loops": 6,
                  "Inner Unique": true,
                  "Hash Cond": "(mi.movie_id = t.id)",
                  "Plans": [
                    {
                      "Node Type": "Seq Scan",
                      "Parent Relationship": "Outer",
                      "Parallel Aware": true,
                      "Relation Name": "movie_info",
                      "Alias": "mi",
                      "Startup Cost": 0.0,
                      "Total Cost": 198952.16,
                      "Plan Rows": 411380,
                      "Plan Width": 4,
                      "Actual Startup Time": 30.911,
                      "Actual Total Time": 311.041,
                      "Actual Rows": 348511,
                      "Actual Loops": 6,
                      "Filter": "(info_type_id < 3)",
                      "Rows Removed by Filter": 2124109
                    },
                    {
                      "Node Type": "Hash",
                      "Parent Relationship": "Inner",
                      "Parallel Aware": true,
                      "Startup Cost": 45479.1,
                      "Total Cost": 45479.1,
                      "Plan Rows": 73546,
                      "Plan Width": 4,
                      "Actual Startup Time": 112.546,
                      "Actual Total Time": 112.547,
                      "Actual Rows": 65173,
                      "Actual Loops": 6,
                      "Hash Buckets": 524288,
                      "Original Hash Buckets": 524288,
                      "Hash Batches": 1,
                      "Original Hash Batches": 1,
                      "Peak Memory Usage": 19488,
                      "Plans": [
                        {
                          "Node Type": "Seq Scan",
                          "Parent Relationship": "Outer",
                          "Parallel Aware": true,
                          "Relation Name": "title",
                          "Alias": "t",
                          "Startup Cost": 0.0,
                          "Total Cost": 45479.1,
                          "Plan Rows": 73546,
                          "Plan Width": 4,
                          "Actual Startup Time": 53.167,
                          "Actual Total Time": 86.787,
                          "Actual Rows": 65173,
                          "Actual Loops": 6,
                          "Filter": "((production_year < 2002) AND (kind_id = 1))",
                          "Rows Removed by Filter": 356213
                        }
                      ]
                    }
                  ]
                }
              ]
            }
          ]
        }
      ]
    },
    "Planning Time": 0.635,
    "Triggers": [],
    "Execution Time": 563.103
  }
]