[
  {
    "Plan": {
      "Node Type": "Aggregate",
      "Strategy": "Plain",
      "Partial Mode": "Finalize",
      "Parallel Aware": false,
      "Startup Cost": 389715.86,
      "Total Cost": 389715.87,
      "Plan Rows": 1,
      "Plan Width": 8,
      "Actual Startup Time": 1693.178,
      "Actual Total Time": 1751.489,
      "Actual Rows": 1,
      "Actual Loops": 1,
      "Plans": [
        {
          "Node Type": "Gather",
          "Parent Relationship": "Outer",
          "Parallel Aware": false,
          "Startup Cost": 389715.24,
          "Total Cost": 389715.85,
          "Plan Rows": 6,
          "Plan Width": 8,
          "Actual Startup Time": 1692.14,
          "Actual Total Time": 1751.475,
          "Actual Rows": 7,
          "Actual Loops": 1,
          "Workers Planned": 6,
          "Workers Launched": 6,
          "Single Copy": false,
          "Plans": [
            {
              "Node Type": "Aggregate",
              "Strategy": "Plain",
              "Partial Mode": "Partial",
              "Parent Relationship": "Outer",
              "Parallel Aware": false,
              "Startup Cost": 388715.24,
              "Total Cost": 388715.25,
              "Plan Rows": 1,
              "Plan Width": 8,
              "Actual Startup Time": 1682.711,
              "Actual Total Time": 1682.714,
              "Actual Rows": 1,
              "Actual Loops": 7,
              "Plans": [
                {
                  "Node Type": "Hash Join",
                  "Parent Relationship": "Outer",
                  "Parallel Aware": true,
                  "Join Type": "Inner",
                  "Startup Cost": 45784.6,
                  "Total Cost": 388193.29,
                  "Plan Rows": 208780,
                  "Plan Width": 0,
                  "Actual Startup Time": 89.487,
                  "Actual Total Time": 1669.255,
                  "Actual Rows": 198015,
                  "Actual Loops": 7,
                  "Inner Unique": true,
                  "Hash Cond": "(ci.movie_id = t.id)",
                  "Plans": [
                    {
                      "Node Type": "Seq Scan",
                      "Parent Relationship": "Outer",
                      "Parallel Aware": true,
                      "Relation Name": "cast_info",
                      "Alias": "ci",
                      "Startup Cost": 0.0,
                      "Total Cost": 328211.39,
                      "Plan Rows": 5408485,
                      "Plan Width": 4,
                      "Actual Startup Time": 0.05,
                      "Actual Total Time": 787.671,
                      "Actual Rows": 4637946,
                      "Actual Loops": 7,
                      "Filter": "(person_id < 3370599)",
                      "Rows Removed by Filter": 539818
                    },
                    {
                      "Node Type": "Hash",
                      "Parent Relationship": "Inner",
                      "Parallel Aware": true,
                      "Startup Cost": 45479.59,
                      "Total Cost": 45479.59,
                      "Plan Rows": 24401,
                      "Plan Width": 4,
                      "Actual Startup Time": 88.259,
                      "Actual Total Time": 88.261,
                      "Actual Rows": 15772,
                      "Actual Loops": 7,
                      "Hash Buckets": 131072,
                      "Original Hash Buckets": 131072,
                      "Hash Batches": 1,
                      "Original Hash Batches": 1,
                      "Peak Memory Usage": 5472,
                      "Plans": [
                        {
                          "Node Type": "Seq Scan",
                          "Parent Relationship": "Outer",
                          "Parallel Aware": true,
                          "Relation Name": "title",
                          "Alias": "t",
                          "Startup Cost": 0.0,
                          "Total Cost": 45479.59,
                          "Plan Rows": 24401,
                          "Plan Width": 4,
                          "Actual Startup Time": 0.044,
                          "Actual Total Time": 80.332,
                          "Actual Rows": 15772,
                          "Actual Loops": 7,
                          "Filter": "((kind_id = 7) AND (production_year = 2012))",
                          "Rows Removed by Filter": 345416
                        }
                      ]
                    }
                  ]
                }
              ]
            }
          ]
        }
      ]
    },
    "Planning Time": 0.274,
    "Triggers": [],
    "Execution Time": 1751.543
  }
]