{
  "Plan": {
    "Node Type": "Aggregate",
    "Strategy": "Plain",
    "Partial Mode": "Finalize",
    "Parallel Aware": false,
    "Startup Cost": 643345.82,
    "Total Cost": 643345.83,
    "Plan Rows": 1,
    "Plan Width": 8,
    "Actual Startup Time": 10561.672,
    "Actual Total Time": 10628.447,
    "Actual Rows": 1,
    "Actual Loops": 1,
    "Plans": [
      {
        "Node Type": "Gather",
        "Parent Relationship": "Outer",
        "Parallel Aware": false,
        "Startup Cost": 643345.7,
        "Total Cost": 643345.81,
        "Plan Rows": 1,
        "Plan Width": 8,
        "Actual Startup Time": 10557.31,
        "Actual Total Time": 10628.438,
        "Actual Rows": 2,
        "Actual Loops": 1,
        "Workers Planned": 1,
        "Workers Launched": 1,
        "Single Copy": false,
        "Plans": [
          {
            "Node Type": "Aggregate",
            "Strategy": "Plain",
            "Partial Mode": "Partial",
            "Parent Relationship": "Outer",
            "Parallel Aware": false,
            "Startup Cost": 642345.7,
            "Total Cost": 642345.71,
            "Plan Rows": 1,
            "Plan Width": 8,
            "Actual Startup Time": 10544.512,
            "Actual Total Time": 10544.516,
            "Actual Rows": 1,
            "Actual Loops": 2,
            "Plans": [
              {
                "Node Type": "Hash Join",
                "Parent Relationship": "Outer",
                "Parallel Aware": true,
                "Join Type": "Inner",
                "Startup Cost": 71667.34,
                "Total Cost": 593400.69,
                "Plan Rows": 19578004,
                "Plan Width": 0,
                "Actual Startup Time": 550.286,
                "Actual Total Time": 9865.147,
                "Actual Rows": 17456000,
                "Actual Loops": 2,
                "Inner Unique": true,
                "Hash Cond": "(ci.movie_id = t.id)",
                "Plans": [
                  {
                    "Node Type": "Seq Scan",
                    "Parent Relationship": "Outer",
                    "Parallel Aware": true,
                    "Relation Name": "cast_info",
                    "Alias": "ci",
                    "Startup Cost": 0.0,
                    "Total Cost": 465792.95,
                    "Plan Rows": 21310595,
                    "Plan Width": 4,
                    "Actual Startup Time": 0.014,
                    "Actual Total Time": 1377.35,
                    "Actual Rows": 18122172,
                    "Actual Loops": 2
                  },
                  {
                    "Node Type": "Hash",
                    "Parent Relationship": "Inner",
                    "Parallel Aware": true,
                    "Startup Cost": 54588.39,
                    "Total Cost": 54588.39,
                    "Plan Rows": 1366316,
                    "Plan Width": 4,
                    "Actual Startup Time": 528.014,
                    "Actual Total Time": 528.014,
                    "Actual Rows": 1160150,
                    "Actual Loops": 2,
                    "Hash Buckets": 4194304,
                    "Original Hash Buckets": 4194304,
                    "Hash Batches": 1,
                    "Original Hash Batches": 1,
                    "Peak Memory Usage": 123552,
                    "Plans": [
                      {
                        "Node Type": "Seq Scan",
                        "Parent Relationship": "Outer",
                        "Parallel Aware": true,
                        "Relation Name": "title",
                        "Alias": "t",
                        "Startup Cost": 0.0,
                        "Total Cost": 54588.39,
                        "Plan Rows": 1366316,
                        "Plan Width": 4,
                        "Actual Startup Time": 0.03,
                        "Actual Total Time": 182.482,
                        "Actual Rows": 1160150,
                        "Actual Loops": 2,
                        "Filter": "(production_year > 1937)",
                        "Rows Removed by Filter": 104006
                      }
                    ]
                  }
                ]
              }
            ]
          }
        ]
      }
    ]
  },
  "Planning Time": 0.419,
  "Triggers": [],
  "Execution Time": 10628.53
}