{
  "Plan": {
    "Node Type": "Aggregate",
    "Strategy": "Plain",
    "Partial Mode": "Finalize",
    "Parallel Aware": false,
    "Startup Cost": 578917.24,
    "Total Cost": 578917.25,
    "Plan Rows": 1,
    "Plan Width": 8,
    "Actual Startup Time": 3484.799,
    "Actual Total Time": 3535.237,
    "Actual Rows": 1,
    "Actual Loops": 1,
    "Plans": [
      {
        "Node Type": "Gather",
        "Parent Relationship": "Outer",
        "Parallel Aware": false,
        "Startup Cost": 578917.13,
        "Total Cost": 578917.24,
        "Plan Rows": 1,
        "Plan Width": 8,
        "Actual Startup Time": 3484.643,
        "Actual Total Time": 3535.227,
        "Actual Rows": 2,
        "Actual Loops": 1,
        "Workers Planned": 1,
        "Workers Launched": 1,
        "Single Copy": false,
        "Plans": [
          {
            "Node Type": "Aggregate",
            "Strategy": "Plain",
            "Partial Mode": "Partial",
            "Parent Relationship": "Outer",
            "Parallel Aware": false,
            "Startup Cost": 577917.13,
            "Total Cost": 577917.14,
            "Plan Rows": 1,
            "Plan Width": 8,
            "Actual Startup Time": 3478.961,
            "Actual Total Time": 3478.965,
            "Actual Rows": 1,
            "Actual Loops": 2,
            "Plans": [
              {
                "Node Type": "Hash Join",
                "Parent Relationship": "Outer",
                "Parallel Aware": true,
                "Join Type": "Inner",
                "Startup Cost": 55001.08,
                "Total Cost": 576734.43,
                "Plan Rows": 473078,
                "Plan Width": 0,
                "Actual Startup Time": 151.217,
                "Actual Total Time": 3475.026,
                "Actual Rows": 80500,
                "Actual Loops": 2,
                "Inner Unique": true,
                "Hash Cond": "(ci.movie_id = t.id)",
                "Plans": [
                  {
                    "Node Type": "Seq Scan",
                    "Parent Relationship": "Outer",
                    "Parallel Aware": true,
                    "Relation Name": "cast_info",
                    "Alias": "ci",
                    "Startup Cost": 0.0,
                    "Total Cost": 465792.95,
                    "Plan Rows": 21310595,
                    "Plan Width": 4,
                    "Actual Startup Time": 0.013,
                    "Actual Total Time": 1382.826,
                    "Actual Rows": 18122172,
                    "Actual Loops": 2
                  },
                  {
                    "Node Type": "Hash",
                    "Parent Relationship": "Inner",
                    "Parallel Aware": true,
                    "Startup Cost": 54588.39,
                    "Total Cost": 54588.39,
                    "Plan Rows": 33015,
                    "Plan Width": 4,
                    "Actual Startup Time": 149.226,
                    "Actual Total Time": 149.228,
                    "Actual Rows": 29924,
                    "Actual Loops": 2,
                    "Hash Buckets": 65536,
                    "Original Hash Buckets": 65536,
                    "Hash Batches": 1,
                    "Original Hash Batches": 1,
                    "Peak Memory Usage": 2912,
                    "Plans": [
                      {
                        "Node Type": "Seq Scan",
                        "Parent Relationship": "Outer",
                        "Parallel Aware": true,
                        "Relation Name": "title",
                        "Alias": "t",
                        "Startup Cost": 0.0,
                        "Total Cost": 54588.39,
                        "Plan Rows": 33015,
                        "Plan Width": 4,
                        "Actual Startup Time": 76.022,
                        "Actual Total Time": 140.802,
                        "Actual Rows": 29924,
                        "Actual Loops": 2,
                        "Filter": "(production_year < 1915)",
                        "Rows Removed by Filter": 1234232
                      }
                    ]
                  }
                ]
              }
            ]
          }
        ]
      }
    ]
  },
  "Planning Time": 0.453,
  "Triggers": [],
  "Execution Time": 3535.359
}