[
  {
    "Plan": {
      "Node Type": "Aggregate",
      "Strategy": "Plain",
      "Partial Mode": "Finalize",
      "Parallel Aware": false,
      "Startup Cost": 418833.5,
      "Total Cost": 418833.51,
      "Plan Rows": 1,
      "Plan Width": 8,
      "Actual Startup Time": 3957.056,
      "Actual Total Time": 4051.1,
      "Actual Rows": 1,
      "Actual Loops": 1,
      "Plans": [
        {
          "Node Type": "Gather",
          "Parent Relationship": "Outer",
          "Parallel Aware": false,
          "Startup Cost": 418832.98,
          "Total Cost": 418833.49,
          "Plan Rows": 5,
          "Plan Width": 8,
          "Actual Startup Time": 3951.901,
          "Actual Total Time": 4051.09,
          "Actual Rows": 6,
          "Actual Loops": 1,
          "Workers Planned": 5,
          "Workers Launched": 5,
          "Single Copy": false,
          "Plans": [
            {
              "Node Type": "Aggregate",
              "Strategy": "Plain",
              "Partial Mode": "Partial",
              "Parent Relationship": "Outer",
              "Parallel Aware": false,
              "Startup Cost": 417832.98,
              "Total Cost": 417832.99,
              "Plan Rows": 1,
              "Plan Width": 8,
              "Actual Startup Time": 3945.335,
              "Actual Total Time": 3945.338,
              "Actual Rows": 1,
              "Actual Loops": 6,
              "Plans": [
                {
                  "Node Type": "Nested Loop",
                  "Parent Relationship": "Outer",
                  "Parallel Aware": false,
                  "Join Type": "Inner",
                  "Startup Cost": 92797.05,
                  "Total Cost": 414031.02,
                  "Plan Rows": 1520783,
                  "Plan Width": 0,
                  "Actual Startup Time": 398.152,
                  "Actual Total Time": 3731.98,
                  "Actual Rows": 4299324,
                  "Actual Loops": 6,
                  "Inner Unique": false,
                  "Plans": [
                    {
                      "Node Type": "Merge Join",
                      "Parent Relationship": "Outer",
                      "Parallel Aware": false,
                      "Join Type": "Inner",
                      "Startup Cost": 92796.49,
                      "Total Cost": 187778.97,
                      "Plan Rows": 106069,
                      "Plan Width": 8,
                      "Actual Startup Time": 398.026,
                      "Actual Total Time": 790.961,
                      "Actual Rows": 88216,
                      "Actual Loops": 6,
                      "Inner Unique": false,
                      "Merge Cond": "(t.id = mk.movie_id)",
                      "Plans": [
                        {
                          "Node Type": "Index Only Scan",
                          "Parent Relationship": "Outer",
                          "Parallel Aware": true,
                          "Scan Direction": "Forward",
                          "Index Name": "title_pkey",
                          "Relation Name": "title",
                          "Alias": "t",
                          "Startup Cost": 0.43,
                          "Total Cost": 90125.02,
                          "Plan Rows": 505685,
                          "Plan Width": 4,
                          "Actual Startup Time": 0.145,
                          "Actual Total Time": 339.537,
                          "Actual Rows": 420996,
                          "Actual Loops": 6,
                          "Heap Fetches": 2525977
                        },
                        {
                          "Node Type": "Sort",
                          "Parent Relationship": "Inner",
                          "Parallel Aware": false,
                          "Startup Cost": 92760.64,
                          "Total Cost": 94086.5,
                          "Plan Rows": 530345,
                          "Plan Width": 4,
                          "Actual Startup Time": 353.492,
                          "Actual Total Time": 384.401,
                          "Actual Rows": 529296,
                          "Actual Loops": 6,
                          "Sort Key": [
                            "mk.movie_id"
                          ],
                          "Sort Method": "quicksort",
                          "Sort Space Used": 49387,
                          "Sort Space Type": "Memory",
                          "Workers": [
                            {
                              "Worker Number": 0,
                              "Sort Method": "quicksort",
                              "Sort Space Used": 49387,
                              "Sort Space Type": "Memory"
                            },
                            {
                              "Worker Number": 1,
                              "Sort Method": "quicksort",
                              "Sort Space Used": 49387,
                              "Sort Space Type": "Memory"
                            },
                            {
                              "Worker Number": 2,
                              "Sort Method": "quicksort",
                              "Sort Space Used": 49387,
                              "Sort Space Type": "Memory"
                            },
                            {
                              "Worker Number": 3,
                              "Sort Method": "quicksort",
                              "Sort Space Used": 49387,
                              "Sort Space Type": "Memory"
                            },
                            {
                              "Worker Number": 4,
                              "Sort Method": "quicksort",
                              "Sort Space Used": 49387,
                              "Sort Space Type": "Memory"
                            }
                          ],
                          "Plans": [
                            {
                              "Node Type": "Bitmap Heap Scan",
                              "Parent Relationship": "Outer",
                              "Parallel Aware": false,
                              "Relation Name": "movie_keyword",
                              "Alias": "mk",
                              "Startup Cost": 11250.61,
                              "Total Cost": 42333.92,
                              "Plan Rows": 530345,
                              "Plan Width": 4,
                              "Actual Startup Time": 47.173,
                              "Actual Total Time": 199.781,
                              "Actual Rows": 529296,
                              "Actual Loops": 6,
                              "Recheck Cond": "(keyword_id > 34439)",
                              "Rows Removed by Index Recheck": 0,
                              "Exact Heap Blocks": 23125,
                              "Lossy Heap Blocks": 0,
                              "Plans": [
                                {
                                  "Node Type": "Bitmap Index Scan",
                                  "Parent Relationship": "Outer",
                                  "Parallel Aware": false,
                                  "Index Name": "keyword_id_movie_keyword",
                                  "Startup Cost": 0.0,
                                  "Total Cost": 11118.02,
                                  "Plan Rows": 530345,
                                  "Plan Width": 0,
                                  "Actual Startup Time": 43.991,
                                  "Actual Total Time": 43.992,
                                  "Actual Rows": 529296,
                                  "Actual Loops": 6,
                                  "Index Cond": "(keyword_id > 34439)"
                                }
                              ]
                            }
                          ]
                        }
                      ]
                    },
                    {
                      "Node Type": "Index Only Scan",
                      "Parent Relationship": "Inner",
                      "Parallel Aware": false,
                      "Scan Direction": "Forward",
                      "Index Name": "movie_id_cast_info",
                      "Relation Name": "cast_info",
                      "Alias": "ci",
                      "Startup Cost": 0.56,
                      "Total Cost": 1.78,
                      "Plan Rows": 35,
                      "Plan Width": 4,
                      "Actual Startup Time": 0.004,
                      "Actual Total Time": 0.029,
                      "Actual Rows": 49,
                      "Actual Loops": 529296,
                      "Index Cond": "(movie_id = t.id)",
                      "Rows Removed by Index Recheck": 0,
                      "Heap Fetches": 25795942
                    }
                  ]
                }
              ]
            }
          ]
        }
      ]
    },
    "Planning Time": 0.545,
    "Triggers": [],
    "Execution Time": 4058.9
  }
]