{
  "Plan": {
    "Node Type": "Aggregate",
    "Strategy": "Plain",
    "Partial Mode": "Finalize",
    "Parallel Aware": false,
    "Startup Cost": 870255.24,
    "Total Cost": 870255.25,
    "Plan Rows": 1,
    "Plan Width": 8,
    "Actual Startup Time": 6204.889,
    "Actual Total Time": 6282.828,
    "Actual Rows": 1,
    "Actual Loops": 1,
    "Plans": [
      {
        "Node Type": "Gather",
        "Parent Relationship": "Outer",
        "Parallel Aware": false,
        "Startup Cost": 870255.13,
        "Total Cost": 870255.24,
        "Plan Rows": 1,
        "Plan Width": 8,
        "Actual Startup Time": 6199.0,
        "Actual Total Time": 6282.818,
        "Actual Rows": 2,
        "Actual Loops": 1,
        "Workers Planned": 1,
        "Workers Launched": 1,
        "Single Copy": false,
        "Plans": [
          {
            "Node Type": "Aggregate",
            "Strategy": "Plain",
            "Partial Mode": "Partial",
            "Parent Relationship": "Outer",
            "Parallel Aware": false,
            "Startup Cost": 869255.13,
            "Total Cost": 869255.14,
            "Plan Rows": 1,
            "Plan Width": 8,
            "Actual Startup Time": 6193.193,
            "Actual Total Time": 6194.172,
            "Actual Rows": 1,
            "Actual Loops": 2,
            "Plans": [
              {
                "Node Type": "Hash Join",
                "Parent Relationship": "Outer",
                "Parallel Aware": true,
                "Join Type": "Inner",
                "Startup Cost": 268007.48,
                "Total Cost": 852690.57,
                "Plan Rows": 6625824,
                "Plan Width": 0,
                "Actual Startup Time": 794.045,
                "Actual Total Time": 5928.15,
                "Actual Rows": 6702447,
                "Actual Loops": 2,
                "Inner Unique": false,
                "Hash Cond": "(ci.movie_id = t.id)",
                "Plans": [
                  {
                    "Node Type": "Seq Scan",
                    "Parent Relationship": "Outer",
                    "Parallel Aware": true,
                    "Relation Name": "cast_info",
                    "Alias": "ci",
                    "Startup Cost": 0.0,
                    "Total Cost": 465792.95,
                    "Plan Rows": 21310595,
                    "Plan Width": 4,
                    "Actual Startup Time": 0.021,
                    "Actual Total Time": 1345.273,
                    "Actual Rows": 18122172,
                    "Actual Loops": 2
                  },
                  {
                    "Node Type": "Hash",
                    "Parent Relationship": "Inner",
                    "Parallel Aware": true,
                    "Startup Cost": 262227.42,
                    "Total Cost": 262227.42,
                    "Plan Rows": 462405,
                    "Plan Width": 8,
                    "Actual Startup Time": 784.918,
                    "Actual Total Time": 785.894,
                    "Actual Rows": 352956,
                    "Actual Loops": 2,
                    "Hash Buckets": 1048576,
                    "Original Hash Buckets": 1048576,
                    "Hash Batches": 1,
                    "Original Hash Batches": 1,
                    "Peak Memory Usage": 35840,
                    "Plans": [
                      {
                        "Node Type": "Hash Join",
                        "Parent Relationship": "Outer",
                        "Parallel Aware": true,
                        "Join Type": "Inner",
                        "Startup Cost": 89019.19,
                        "Total Cost": 262227.42,
                        "Plan Rows": 462405,
                        "Plan Width": 8,
                        "Actual Startup Time": 422.809,
                        "Actual Total Time": 699.599,
                        "Actual Rows": 352956,
                        "Actual Loops": 2,
                        "Inner Unique": true,
                        "Hash Cond": "(mi.movie_id = t.id)",
                        "Plans": [
                          {
                            "Node Type": "Bitmap Heap Scan",
                            "Parent Relationship": "Outer",
                            "Parallel Aware": true,
                            "Relation Name": "movie_info",
                            "Alias": "mi",
                            "Startup Cost": 22837.73,
                            "Total Cost": 194099.51,
                            "Plan Rows": 741502,
                            "Plan Width": 4,
                            "Actual Startup Time": 42.972,
                            "Actual Total Time": 100.367,
                            "Actual Rows": 644464,
                            "Actual Loops": 2,
                            "Recheck Cond": "(info_type_id = 2)",
                            "Rows Removed by Index Recheck": 0,
                            "Exact Heap Blocks": 4242,
                            "Lossy Heap Blocks": 0,
                            "Plans": [
                              {
                                "Node Type": "Bitmap Index Scan",
                                "Parent Relationship": "Outer",
                                "Parallel Aware": false,
                                "Index Name": "info_type_id_movie_info",
                                "Startup Cost": 0.0,
                                "Total Cost": 22522.59,
                                "Plan Rows": 1260554,
                                "Plan Width": 0,
                                "Actual Startup Time": 41.634,
                                "Actual Total Time": 41.635,
                                "Actual Rows": 1288928,
                                "Actual Loops": 1,
                                "Index Cond": "(info_type_id = 2)"
                              }
                            ]
                          },
                          {
                            "Node Type": "Hash",
                            "Parent Relationship": "Inner",
                            "Parallel Aware": true,
                            "Startup Cost": 54588.39,
                            "Total Cost": 54588.39,
                            "Plan Rows": 927446,
                            "Plan Width": 4,
                            "Actual Startup Time": 370.421,
                            "Actual Total Time": 370.422,
                            "Actual Rows": 785284,
                            "Actual Loops": 2,
                            "Hash Buckets": 2097152,
                            "Original Hash Buckets": 2097152,
                            "Hash Batches": 1,
                            "Original Hash Batches": 1,
                            "Peak Memory Usage": 77856,
                            "Plans": [
                              {
                                "Node Type": "Seq Scan",
                                "Parent Relationship": "Outer",
                                "Parallel Aware": true,
                                "Relation Name": "title",
                                "Alias": "t",
                                "Startup Cost": 0.0,
                                "Total Cost": 54588.39,
                                "Plan Rows": 927446,
                                "Plan Width": 4,
                                "Actual Startup Time": 0.036,
                                "Actual Total Time": 169.027,
                                "Actual Rows": 785284,
                                "Actual Loops": 2,
                                "Filter": "(production_year > 1996)",
                                "Rows Removed by Filter": 478872
                              }
                            ]
                          }
                        ]
                      }
                    ]
                  }
                ]
              }
            ]
          }
        ]
      }
    ]
  },
  "Planning Time": 0.929,
  "Triggers": [],
  "Execution Time": 6282.952
}