[
  {
    "Plan": {
      "Node Type": "Aggregate",
      "Strategy": "Plain",
      "Partial Mode": "Finalize",
      "Parallel Aware": false,
      "Startup Cost": 82865.05,
      "Total Cost": 82865.06,
      "Plan Rows": 1,
      "Plan Width": 8,
      "Actual Startup Time": 329.48,
      "Actual Total Time": 345.672,
      "Actual Rows": 1,
      "Actual Loops": 1,
      "Plans": [
        {
          "Node Type": "Gather",
          "Parent Relationship": "Outer",
          "Parallel Aware": false,
          "Startup Cost": 82864.63,
          "Total Cost": 82865.04,
          "Plan Rows": 4,
          "Plan Width": 8,
          "Actual Startup Time": 327.131,
          "Actual Total Time": 345.663,
          "Actual Rows": 5,
          "Actual Loops": 1,
          "Workers Planned": 4,
          "Workers Launched": 4,
          "Single Copy": false,
          "Plans": [
            {
              "Node Type": "Aggregate",
              "Strategy": "Plain",
              "Partial Mode": "Partial",
              "Parent Relationship": "Outer",
              "Parallel Aware": false,
              "Startup Cost": 81864.63,
              "Total Cost": 81864.64,
              "Plan Rows": 1,
              "Plan Width": 8,
              "Actual Startup Time": 317.341,
              "Actual Total Time": 317.344,
              "Actual Rows": 1,
              "Actual Loops": 5,
              "Plans": [
                {
                  "Node Type": "Hash Join",
                  "Parent Relationship": "Outer",
                  "Parallel Aware": true,
                  "Join Type": "Inner",
                  "Startup Cost": 35083.24,
                  "Total Cost": 81296.02,
                  "Plan Rows": 227442,
                  "Plan Width": 0,
                  "Actual Startup Time": 126.436,
                  "Actual Total Time": 312.116,
                  "Actual Rows": 117695,
                  "Actual Loops": 5,
                  "Inner Unique": false,
                  "Hash Cond": "(t.id = mc.movie_id)",
                  "Plans": [
                    {
                      "Node Type": "Seq Scan",
                      "Parent Relationship": "Outer",
                      "Parallel Aware": true,
                      "Relation Name": "title",
                      "Alias": "t",
                      "Startup Cost": 0.0,
                      "Total Cost": 42318.73,
                      "Plan Rows": 632073,
                      "Plan Width": 4,
                      "Actual Startup Time": 0.012,
                      "Actual Total Time": 64.299,
                      "Actual Rows": 505662,
                      "Actual Loops": 5
                    },
                    {
                      "Node Type": "Hash",
                      "Parent Relationship": "Inner",
                      "Parallel Aware": true,
                      "Startup Cost": 31414.82,
                      "Total Cost": 31414.82,
                      "Plan Rows": 293474,
                      "Plan Width": 4,
                      "Actual Startup Time": 122.015,
                      "Actual Total Time": 122.016,
                      "Actual Rows": 117695,
                      "Actual Loops": 5,
                      "Hash Buckets": 1048576,
                      "Original Hash Buckets": 1048576,
                      "Hash Batches": 1,
                      "Original Hash Batches": 1,
                      "Peak Memory Usage": 31296,
                      "Plans": [
                        {
                          "Node Type": "Seq Scan",
                          "Parent Relationship": "Outer",
                          "Parallel Aware": true,
                          "Relation Name": "movie_companies",
                          "Alias": "mc",
                          "Startup Cost": 0.0,
                          "Total Cost": 31414.82,
                          "Plan Rows": 293474,
                          "Plan Width": 4,
                          "Actual Startup Time": 46.08,
                          "Actual Total Time": 79.486,
                          "Actual Rows": 117695,
                          "Actual Loops": 5,
                          "Filter": "((company_id < 27218) AND (company_type_id = 2))",
                          "Rows Removed by Filter": 404131
                        }
                      ]
                    }
                  ]
                }
              ]
            }
          ]
        }
      ]
    },
    "Planning Time": 0.591,
    "Triggers": [],
    "Execution Time": 345.738
  }
]