{
  "Plan": {
    "Node Type": "Aggregate",
    "Strategy": "Plain",
    "Partial Mode": "Finalize",
    "Parallel Aware": false,
    "Startup Cost": 51113.3,
    "Total Cost": 51113.31,
    "Plan Rows": 1,
    "Plan Width": 8,
    "Actual Startup Time": 72.048,
    "Actual Total Time": 84.233,
    "Actual Rows": 1,
    "Actual Loops": 1,
    "Plans": [
      {
        "Node Type": "Gather",
        "Parent Relationship": "Outer",
        "Parallel Aware": false,
        "Startup Cost": 51113.19,
        "Total Cost": 51113.3,
        "Plan Rows": 1,
        "Plan Width": 8,
        "Actual Startup Time": 71.812,
        "Actual Total Time": 84.226,
        "Actual Rows": 2,
        "Actual Loops": 1,
        "Workers Planned": 1,
        "Workers Launched": 1,
        "Single Copy": false,
        "Plans": [
          {
            "Node Type": "Aggregate",
            "Strategy": "Plain",
            "Partial Mode": "Partial",
            "Parent Relationship": "Outer",
            "Parallel Aware": false,
            "Startup Cost": 50113.19,
            "Total Cost": 50113.2,
            "Plan Rows": 1,
            "Plan Width": 8,
            "Actual Startup Time": 65.503,
            "Actual Total Time": 65.505,
            "Actual Rows": 1,
            "Actual Loops": 2,
            "Plans": [
              {
                "Node Type": "Nested Loop",
                "Parent Relationship": "Outer",
                "Parallel Aware": false,
                "Join Type": "Inner",
                "Startup Cost": 164.9,
                "Total Cost": 50112.75,
                "Plan Rows": 174,
                "Plan Width": 0,
                "Actual Startup Time": 34.389,
                "Actual Total Time": 65.456,
                "Actual Rows": 391,
                "Actual Loops": 2,
                "Inner Unique": false,
                "Plans": [
                  {
                    "Node Type": "Nested Loop",
                    "Parent Relationship": "Outer",
                    "Parallel Aware": false,
                    "Join Type": "Inner",
                    "Startup Cost": 164.47,
                    "Total Cost": 47467.17,
                    "Plan Rows": 4524,
                    "Plan Width": 8,
                    "Actual Startup Time": 3.638,
                    "Actual Total Time": 36.298,
                    "Actual Rows": 3280,
                    "Actual Loops": 2,
                    "Inner Unique": true,
                    "Plans": [
                      {
                        "Node Type": "Bitmap Heap Scan",
                        "Parent Relationship": "Outer",
                        "Parallel Aware": true,
                        "Relation Name": "movie_keyword",
                        "Alias": "mk",
                        "Startup Cost": 164.04,
                        "Total Cost": 16410.49,
                        "Plan Rows": 4524,
                        "Plan Width": 4,
                        "Actual Startup Time": 3.503,
                        "Actual Total Time": 13.43,
                        "Actual Rows": 3280,
                        "Actual Loops": 2,
                        "Recheck Cond": "(keyword_id = 12015)",
                        "Rows Removed by Index Recheck": 0,
                        "Exact Heap Blocks": 3621,
                        "Lossy Heap Blocks": 0,
                        "Plans": [
                          {
                            "Node Type": "Bitmap Index Scan",
                            "Parent Relationship": "Outer",
                            "Parallel Aware": false,
                            "Index Name": "keyword_id_movie_keyword",
                            "Startup Cost": 0.0,
                            "Total Cost": 162.12,
                            "Plan Rows": 7691,
                            "Plan Width": 0,
                            "Actual Startup Time": 4.476,
                            "Actual Total Time": 4.477,
                            "Actual Rows": 6560,
                            "Actual Loops": 1,
                            "Index Cond": "(keyword_id = 12015)"
                          }
                        ]
                      },
                      {
                        "Node Type": "Index Only Scan",
                        "Parent Relationship": "Inner",
                        "Parallel Aware": false,
                        "Scan Direction": "Forward",
                        "Index Name": "title_pkey",
                        "Relation Name": "title",
                        "Alias": "t",
                        "Startup Cost": 0.43,
                        "Total Cost": 6.86,
                        "Plan Rows": 1,
                        "Plan Width": 4,
                        "Actual Startup Time": 0.006,
                        "Actual Total Time": 0.006,
                        "Actual Rows": 1,
                        "Actual Loops": 6560,
                        "Index Cond": "(id = mk.movie_id)",
                        "Rows Removed by Index Recheck": 0,
                        "Heap Fetches": 6560
                      }
                    ]
                  },
                  {
                    "Node Type": "Index Scan",
                    "Parent Relationship": "Inner",
                    "Parallel Aware": false,
                    "Scan Direction": "Forward",
                    "Index Name": "movie_id_movie_companies",
                    "Relation Name": "movie_companies",
                    "Alias": "mc",
                    "Startup Cost": 0.43,
                    "Total Cost": 0.57,
                    "Plan Rows": 1,
                    "Plan Width": 4,
                    "Actual Startup Time": 0.008,
                    "Actual Total Time": 0.009,
                    "Actual Rows": 0,
                    "Actual Loops": 6560,
                    "Index Cond": "(movie_id = t.id)",
                    "Rows Removed by Index Recheck": 0,
                    "Filter": "(company_id > 162297)",
                    "Rows Removed by Filter": 5
                  }
                ]
              }
            ]
          }
        ]
      }
    ]
  },
  "Planning Time": 1.114,
  "Triggers": [],
  "Execution Time": 84.338
}