[
  {
    "Plan": {
      "Node Type": "Aggregate",
      "Strategy": "Plain",
      "Partial Mode": "Finalize",
      "Parallel Aware": false,
      "Startup Cost": 400505.27,
      "Total Cost": 400505.28,
      "Plan Rows": 1,
      "Plan Width": 8,
      "Actual Startup Time": 2483.863,
      "Actual Total Time": 2545.896,
      "Actual Rows": 1,
      "Actual Loops": 1,
      "Plans": [
        {
          "Node Type": "Gather",
          "Parent Relationship": "Outer",
          "Parallel Aware": false,
          "Startup Cost": 400504.65,
          "Total Cost": 400505.26,
          "Plan Rows": 6,
          "Plan Width": 8,
          "Actual Startup Time": 2476.861,
          "Actual Total Time": 2545.845,
          "Actual Rows": 7,
          "Actual Loops": 1,
          "Workers Planned": 6,
          "Workers Launched": 6,
          "Single Copy": false,
          "Plans": [
            {
              "Node Type": "Aggregate",
              "Strategy": "Plain",
              "Partial Mode": "Partial",
              "Parent Relationship": "Outer",
              "Parallel Aware": false,
              "Startup Cost": 399504.65,
              "Total Cost": 399504.66,
              "Plan Rows": 1,
              "Plan Width": 8,
              "Actual Startup Time": 2466.372,
              "Actual Total Time": 2466.377,
              "Actual Rows": 1,
              "Actual Loops": 7,
              "Plans": [
                {
                  "Node Type": "Hash Join",
                  "Parent Relationship": "Outer",
                  "Parallel Aware": true,
                  "Join Type": "Inner",
                  "Startup Cost": 50435.39,
                  "Total Cost": 391704.63,
                  "Plan Rows": 3120009,
                  "Plan Width": 0,
                  "Actual Startup Time": 197.697,
                  "Actual Total Time": 2347.998,
                  "Actual Rows": 2882503,
                  "Actual Loops": 7,
                  "Inner Unique": true,
                  "Hash Cond": "(ci.movie_id = t.id)",
                  "Plans": [
                    {
                      "Node Type": "Seq Scan",
                      "Parent Relationship": "Outer",
                      "Parallel Aware": true,
                      "Relation Name": "cast_info",
                      "Alias": "ci",
                      "Startup Cost": 0.0,
                      "Total Cost": 328211.39,
                      "Plan Rows": 4974410,
                      "Plan Width": 4,
                      "Actual Startup Time": 0.033,
                      "Actual Total Time": 606.164,
                      "Actual Rows": 4273524,
                      "Actual Loops": 7,
                      "Filter": "(person_id < 3020063)",
                      "Rows Removed by Filter": 904239
                    },
                    {
                      "Node Type": "Hash",
                      "Parent Relationship": "Inner",
                      "Parallel Aware": true,
                      "Startup Cost": 45479.59,
                      "Total Cost": 45479.59,
                      "Plan Rows": 396464,
                      "Plan Width": 4,
                      "Actual Startup Time": 194.285,
                      "Actual Total Time": 194.287,
                      "Actual Rows": 241458,
                      "Actual Loops": 7,
                      "Hash Buckets": 2097152,
                      "Original Hash Buckets": 2097152,
                      "Hash Batches": 1,
                      "Original Hash Batches": 1,
                      "Peak Memory Usage": 82624,
                      "Plans": [
                        {
                          "Node Type": "Seq Scan",
                          "Parent Relationship": "Outer",
                          "Parallel Aware": true,
                          "Relation Name": "title",
                          "Alias": "t",
                          "Startup Cost": 0.0,
                          "Total Cost": 45479.59,
                          "Plan Rows": 396464,
                          "Plan Width": 4,
                          "Actual Startup Time": 0.042,
                          "Actual Total Time": 81.092,
                          "Actual Rows": 241458,
                          "Actual Loops": 7,
                          "Filter": "((kind_id > 1) AND (production_year > 1966))",
                          "Rows Removed by Filter": 119729
                        }
                      ]
                    }
                  ]
                }
              ]
            }
          ]
        }
      ]
    },
    "Planning Time": 0.545,
    "Triggers": [],
    "Execution Time": 2545.946
  }
]