[
  {
    "Plan": {
      "Node Type": "Aggregate",
      "Strategy": "Plain",
      "Partial Mode": "Finalize",
      "Parallel Aware": false,
      "Startup Cost": 400349.58,
      "Total Cost": 400349.59,
      "Plan Rows": 1,
      "Plan Width": 8,
      "Actual Startup Time": 2563.124,
      "Actual Total Time": 2621.635,
      "Actual Rows": 1,
      "Actual Loops": 1,
      "Plans": [
        {
          "Node Type": "Gather",
          "Parent Relationship": "Outer",
          "Parallel Aware": false,
          "Startup Cost": 400348.96,
          "Total Cost": 400349.57,
          "Plan Rows": 6,
          "Plan Width": 8,
          "Actual Startup Time": 2548.159,
          "Actual Total Time": 2621.625,
          "Actual Rows": 7,
          "Actual Loops": 1,
          "Workers Planned": 6,
          "Workers Launched": 6,
          "Single Copy": false,
          "Plans": [
            {
              "Node Type": "Aggregate",
              "Strategy": "Plain",
              "Partial Mode": "Partial",
              "Parent Relationship": "Outer",
              "Parallel Aware": false,
              "Startup Cost": 399348.96,
              "Total Cost": 399348.97,
              "Plan Rows": 1,
              "Plan Width": 8,
              "Actual Startup Time": 2532.626,
              "Actual Total Time": 2532.629,
              "Actual Rows": 1,
              "Actual Loops": 7,
              "Plans": [
                {
                  "Node Type": "Hash Join",
                  "Parent Relationship": "Outer",
                  "Parallel Aware": true,
                  "Join Type": "Inner",
                  "Startup Cost": 50427.45,
                  "Total Cost": 391592.79,
                  "Plan Rows": 3102469,
                  "Plan Width": 0,
                  "Actual Startup Time": 195.93,
                  "Actual Total Time": 2411.161,
                  "Actual Rows": 2882503,
                  "Actual Loops": 7,
                  "Inner Unique": true,
                  "Hash Cond": "(ci.movie_id = t.id)",
                  "Plans": [
                    {
                      "Node Type": "Seq Scan",
                      "Parent Relationship": "Outer",
                      "Parallel Aware": true,
                      "Relation Name": "cast_info",
                      "Alias": "ci",
                      "Startup Cost": 0.0,
                      "Total Cost": 328162.03,
                      "Plan Rows": 4953634,
                      "Plan Width": 4,
                      "Actual Startup Time": 0.027,
                      "Actual Total Time": 606.948,
                      "Actual Rows": 4273524,
                      "Actual Loops": 7,
                      "Filter": "(person_id < 3020063)",
                      "Rows Removed by Filter": 904239
                    },
                    {
                      "Node Type": "Hash",
                      "Parent Relationship": "Inner",
                      "Parallel Aware": true,
                      "Startup Cost": 45479.1,
                      "Total Cost": 45479.1,
                      "Plan Rows": 395868,
                      "Plan Width": 4,
                      "Actual Startup Time": 190.896,
                      "Actual Total Time": 190.897,
                      "Actual Rows": 241458,
                      "Actual Loops": 7,
                      "Hash Buckets": 2097152,
                      "Original Hash Buckets": 2097152,
                      "Hash Batches": 1,
                      "Original Hash Batches": 1,
                      "Peak Memory Usage": 82624,
                      "Plans": [
                        {
                          "Node Type": "Seq Scan",
                          "Parent Relationship": "Outer",
                          "Parallel Aware": true,
                          "Relation Name": "title",
                          "Alias": "t",
                          "Startup Cost": 0.0,
                          "Total Cost": 45479.1,
                          "Plan Rows": 395868,
                          "Plan Width": 4,
                          "Actual Startup Time": 0.041,
                          "Actual Total Time": 78.73,
                          "Actual Rows": 241458,
                          "Actual Loops": 7,
                          "Filter": "((kind_id > 1) AND (production_year > 1966))",
                          "Rows Removed by Filter": 119729
                        }
                      ]
                    }
                  ]
                }
              ]
            }
          ]
        }
      ]
    },
    "Planning Time": 0.599,
    "Triggers": [],
    "Execution Time": 2621.72
  }
]