[
  {
    "Bao": {
      "Bao prediction": 511.069,
      "Bao recommended hint": "SET enable_nestloop TO off; SET enable_hashjoin TO off; "
    }
  },
  {
    "Plan": {
      "Node Type": "Aggregate",
      "Strategy": "Plain",
      "Partial Mode": "Simple",
      "Parallel Aware": false,
      "Startup Cost": 736276.57,
      "Total Cost": 736276.58,
      "Plan Rows": 1,
      "Plan Width": 96,
      "Actual Startup Time": 4839.054,
      "Actual Total Time": 4839.295,
      "Actual Rows": 1,
      "Actual Loops": 1,
      "Plans": [
        {
          "Node Type": "Merge Join",
          "Parent Relationship": "Outer",
          "Parallel Aware": false,
          "Join Type": "Inner",
          "Startup Cost": 723501.91,
          "Total Cost": 736276.57,
          "Plan Rows": 1,
          "Plan Width": 42,
          "Actual Startup Time": 4705.094,
          "Actual Total Time": 4834.832,
          "Actual Rows": 46281,
          "Actual Loops": 1,
          "Inner Unique": false,
          "Merge Cond": "(cn.id = mc.company_id)",
          "Plans": [
            {
              "Node Type": "Index Scan",
              "Parent Relationship": "Outer",
              "Parallel Aware": false,
              "Scan Direction": "Forward",
              "Index Name": "company_name_pkey",
              "Relation Name": "company_name",
              "Alias": "cn",
              "Startup Cost": 0.42,
              "Total Cost": 12469.43,
              "Plan Rows": 125473,
              "Plan Width": 23,
              "Actual Startup Time": 0.115,
              "Actual Total Time": 110.094,
              "Actual Rows": 125938,
              "Actual Loops": 1,
              "Filter": "((country_code)::text <> '[us]'::text)",
              "Rows Removed by Filter": 108720
            },
            {
              "Node Type": "Sort",
              "Parent Relationship": "Inner",
              "Parallel Aware": false,
              "Startup Cost": 723501.49,
              "Total Cost": 723501.49,
              "Plan Rows": 1,
              "Plan Width": 27,
              "Actual Startup Time": 4704.955,
              "Actual Total Time": 4711.513,
              "Actual Rows": 64848,
              "Actual Loops": 1,
              "Sort Key": [
                "mc.company_id"
              ],
              "Sort Method": "quicksort",
              "Sort Space Used": 6355,
              "Sort Space Type": "Memory",
              "Plans": [
                {
                  "Node Type": "Merge Join",
                  "Parent Relationship": "Outer",
                  "Parallel Aware": false,
                  "Join Type": "Inner",
                  "Startup Cost": 723501.44,
                  "Total Cost": 723501.48,
                  "Plan Rows": 1,
                  "Plan Width": 27,
                  "Actual Startup Time": 4678.653,
                  "Actual Total Time": 4689.145,
                  "Actual Rows": 64848,
                  "Actual Loops": 1,
                  "Inner Unique": true,
                  "Merge Cond": "(mc.company_type_id = ct.id)",
                  "Plans": [
                    {
                      "Node Type": "Sort",
                      "Parent Relationship": "Outer",
                      "Parallel Aware": false,
                      "Startup Cost": 723500.36,
                      "Total Cost": 723500.36,
                      "Plan Rows": 1,
                      "Plan Width": 31,
                      "Actual Startup Time": 4678.621,
                      "Actual Total Time": 4681.476,
                      "Actual Rows": 64848,
                      "Actual Loops": 1,
                      "Sort Key": [
                        "mc.company_type_id"
                      ],
                      "Sort Method": "quicksort",
                      "Sort Space Used": 6693,
                      "Sort Space Type": "Memory",
                      "Plans": [
                        {
                          "Node Type": "Merge Join",
                          "Parent Relationship": "Outer",
                          "Parallel Aware": false,
                          "Join Type": "Inner",
                          "Startup Cost": 576543.04,
                          "Total Cost": 723500.35,
                          "Plan Rows": 1,
                          "Plan Width": 31,
                          "Actual Startup Time": 3872.575,
                          "Actual Total Time": 4665.227,
                          "Actual Rows": 64848,
                          "Actual Loops": 1,
                          "Inner Unique": false,
                          "Merge Cond": "(t.id = mc.movie_id)",
                          "Plans": [
                            {
                              "Node Type": "Merge Join",
                              "Parent Relationship": "Outer",
                              "Parallel Aware": false,
                              "Join Type": "Inner",
                              "Startup Cost": 576542.61,
                              "Total Cost": 576572.75,
                              "Plan Rows": 1,
                              "Plan Width": 39,
                              "Actual Startup Time": 3864.541,
                              "Actual Total Time": 3920.864,
                              "Actual Rows": 4115,
                              "Actual Loops": 1,
                              "Inner Unique": false,
                              "Merge Cond": "(mi.movie_id = t.id)",
                              "Plans": [
                                {
                                  "Node Type": "Sort",
                                  "Parent Relationship": "Outer",
                                  "Parallel Aware": false,
                                  "Startup Cost": 243187.48,
                                  "Total Cost": 243202.54,
                                  "Plan Rows": 6024,
                                  "Plan Width": 4,
                                  "Actual Startup Time": 1175.3,
                                  "Actual Total Time": 1198.369,
                                  "Actual Rows": 614200,
                                  "Actual Loops": 1,
                                  "Sort Key": [
                                    "mi.movie_id"
                                  ],
                                  "Sort Method": "quicksort",
                                  "Sort Space Used": 53370,
                                  "Sort Space Type": "Memory",
                                  "Plans": [
                                    {
                                      "Node Type": "Gather",
                                      "Parent Relationship": "Outer",
                                      "Parallel Aware": false,
                                      "Startup Cost": 241514.06,
                                      "Total Cost": 242809.28,
                                      "Plan Rows": 6024,
                                      "Plan Width": 4,
                                      "Actual Startup Time": 898.631,
                                      "Actual Total Time": 999.1,
                                      "Actual Rows": 614251,
                                      "Actual Loops": 1,
                                      "Workers Planned": 5,
                                      "Workers Launched": 5,
                                      "Single Copy": false,
                                      "Plans": [
                                        {
                                          "Node Type": "Merge Join",
                                          "Parent Relationship": "Outer",
                                          "Parallel Aware": false,
                                          "Join Type": "Inner",
                                          "Startup Cost": 240514.06,
                                          "Total Cost": 241206.88,
                                          "Plan Rows": 1205,
                                          "Plan Width": 4,
                                          "Actual Startup Time": 886.286,
                                          "Actual Total Time": 921.03,
                                          "Actual Rows": 102375,
                                          "Actual Loops": 6,
                                          "Inner Unique": true,
                                          "Merge Cond": "(mi.info_type_id = it1.id)",
                                          "Plans": [
                                            {
                                              "Node Type": "Sort",
                                              "Parent Relationship": "Outer",
                                              "Parallel Aware": false,
                                              "Startup Cost": 240511.64,
                                              "Total Cost": 240852.02,
                                              "Plan Rows": 136153,
                                              "Plan Width": 8,
                                              "Actual Startup Time": 884.495,
                                              "Actual Total Time": 894.1,
                                              "Actual Rows": 116706,
                                              "Actual Loops": 6,
                                              "Sort Key": [
                                                "mi.info_type_id"
                                              ],
                                              "Sort Method": "quicksort",
                                              "Sort Space Used": 8356,
                                              "Sort Space Type": "Memory",
                                              "Workers": [
                                                {
                                                  "Worker Number": 0,
                                                  "Sort Method": "quicksort",
                                                  "Sort Space Used": 8018,
                                                  "Sort Space Type": "Memory"
                                                },
                                                {
                                                  "Worker Number": 1,
                                                  "Sort Method": "quicksort",
                                                  "Sort Space Used": 8149,
                                                  "Sort Space Type": "Memory"
                                                },
                                                {
                                                  "Worker Number": 2,
                                                  "Sort Method": "quicksort",
                                                  "Sort Space Used": 8194,
                                                  "Sort Space Type": "Memory"
                                                },
                                                {
                                                  "Worker Number": 3,
                                                  "Sort Method": "quicksort",
                                                  "Sort Space Used": 8094,
                                                  "Sort Space Type": "Memory"
                                                },
                                                {
                                                  "Worker Number": 4,
                                                  "Sort Method": "quicksort",
                                                  "Sort Space Used": 14268,
                                                  "Sort Space Type": "Memory"
                                                }
                                              ],
                                              "Plans": [
                                                {
                                                  "Node Type": "Seq Scan",
                                                  "Parent Relationship": "Outer",
                                                  "Parallel Aware": true,
                                                  "Relation Name": "movie_info",
                                                  "Alias": "mi",
                                                  "Startup Cost": 0.0,
                                                  "Total Cost": 228901.28,
                                                  "Plan Rows": 136153,
                                                  "Plan Width": 8,
                                                  "Actual Startup Time": 0.844,
                                                  "Actual Total Time": 858.408,
                                                  "Actual Rows": 119368,
                                                  "Actual Loops": 6,
                                                  "Filter": "(info = ANY ('{Sweden,Norway,Germany,Denmark,Swedish,Danish,Norwegian,German,USA,American}'::text[]))",
                                                  "Rows Removed by Filter": 2353252
                                                }
                                              ]
                                            },
                                            {
                                              "Node Type": "Sort",
                                              "Parent Relationship": "Inner",
                                              "Parallel Aware": false,
                                              "Startup Cost": 2.42,
                                              "Total Cost": 2.43,
                                              "Plan Rows": 1,
                                              "Plan Width": 4,
                                              "Actual Startup Time": 0.085,
                                              "Actual Total Time": 0.086,
                                              "Actual Rows": 1,
                                              "Actual Loops": 6,
                                              "Sort Key": [
                                                "it1.id"
                                              ],
                                              "Sort Method": "quicksort",
                                              "Sort Space Used": 25,
                                              "Sort Space Type": "Memory",
                                              "Workers": [
                                                {
                                                  "Worker Number": 0,
                                                  "Sort Method": "quicksort",
                                                  "Sort Space Used": 25,
                                                  "Sort Space Type": "Memory"
                                                },
                                                {
                                                  "Worker Number": 1,
                                                  "Sort Method": "quicksort",
                                                  "Sort Space Used": 25,
                                                  "Sort Space Type": "Memory"
                                                },
                                                {
                                                  "Worker Number": 2,
                                                  "Sort Method": "quicksort",
                                                  "Sort Space Used": 25,
                                                  "Sort Space Type": "Memory"
                                                },
                                                {
                                                  "Worker Number": 3,
                                                  "Sort Method": "quicksort",
                                                  "Sort Space Used": 25,
                                                  "Sort Space Type": "Memory"
                                                },
                                                {
                                                  "Worker Number": 4,
                                                  "Sort Method": "quicksort",
                                                  "Sort Space Used": 25,
                                                  "Sort Space Type": "Memory"
                                                }
                                              ],
                                              "Plans": [
                                                {
                                                  "Node Type": "Seq Scan",
                                                  "Parent Relationship": "Outer",
                                                  "Parallel Aware": false,
                                                  "Relation Name": "info_type",
                                                  "Alias": "it1",
                                                  "Startup Cost": 0.0,
                                                  "Total Cost": 2.41,
                                                  "Plan Rows": 1,
                                                  "Plan Width": 4,
                                                  "Actual Startup Time": 0.065,
                                                  "Actual Total Time": 0.072,
                                                  "Actual Rows": 1,
                                                  "Actual Loops": 6,
                                                  "Filter": "((info)::text = 'countries'::text)",
                                                  "Rows Removed by Filter": 112
                                                }
                                              ]
                                            }
                                          ]
                                        }
                                      ]
                                    }
                                  ]
                                },
                                {
                                  "Node Type": "Sort",
                                  "Parent Relationship": "Inner",
                                  "Parallel Aware": false,
                                  "Startup Cost": 333355.13,
                                  "Total Cost": 333355.14,
                                  "Plan Rows": 1,
                                  "Plan Width": 35,
                                  "Actual Startup Time": 2688.678,
                                  "Actual Total Time": 2689.987,
                                  "Actual Rows": 6322,
                                  "Actual Loops": 1,
                                  "Sort Key": [
                                    "mi_idx.movie_id"
                                  ],
                                  "Sort Method": "quicksort",
                                  "Sort Space Used": 675,
                                  "Sort Space Type": "Memory",
                                  "Plans": [
                                    {
                                      "Node Type": "Gather",
                                      "Parent Relationship": "Outer",
                                      "Parallel Aware": false,
                                      "Startup Cost": 333354.99,
                                      "Total Cost": 333355.12,
                                      "Plan Rows": 1,
                                      "Plan Width": 35,
                                      "Actual Startup Time": 1821.131,
                                      "Actual Total Time": 2684.58,
                                      "Actual Rows": 5949,
                                      "Actual Loops": 1,
                                      "Workers Planned": 4,
                                      "Workers Launched": 4,
                                      "Single Copy": false,
                                      "Plans": [
                                        {
                                          "Node Type": "Merge Join",
                                          "Parent Relationship": "Outer",
                                          "Parallel Aware": false,
                                          "Join Type": "Inner",
                                          "Startup Cost": 332354.99,
                                          "Total Cost": 332355.02,
                                          "Plan Rows": 1,
                                          "Plan Width": 35,
                                          "Actual Startup Time": 2300.802,
                                          "Actual Total Time": 2301.131,
                                          "Actual Rows": 1190,
                                          "Actual Loops": 5,
                                          "Inner Unique": true,
                                          "Merge Cond": "(t.kind_id = kt.id)",
                                          "Plans": [
                                            {
                                              "Node Type": "Sort",
                                              "Parent Relationship": "Outer",
                                              "Parallel Aware": false,
                                              "Startup Cost": 332353.9,
                                              "Total Cost": 332353.9,
                                              "Plan Rows": 1,
                                              "Plan Width": 39,
                                              "Actual Startup Time": 2300.74,
                                              "Actual Total Time": 2300.826,
                                              "Actual Rows": 1454,
                                              "Actual Loops": 5,
                                              "Sort Key": [
                                                "t.kind_id"
                                              ],
                                              "Sort Method": "quicksort",
                                              "Sort Space Used": 167,
                                              "Sort Space Type": "Memory",
                                              "Workers": [
                                                {
                                                  "Worker Number": 0,
                                                  "Sort Method": "quicksort",
                                                  "Sort Space Used": 156,
                                                  "Sort Space Type": "Memory"
                                                },
                                                {
                                                  "Worker Number": 1,
                                                  "Sort Method": "quicksort",
                                                  "Sort Space Used": 159,
                                                  "Sort Space Type": "Memory"
                                                },
                                                {
                                                  "Worker Number": 2,
                                                  "Sort Method": "quicksort",
                                                  "Sort Space Used": 152,
                                                  "Sort Space Type": "Memory"
                                                },
                                                {
                                                  "Worker Number": 3,
                                                  "Sort Method": "quicksort",
                                                  "Sort Space Used": 217,
                                                  "Sort Space Type": "Memory"
                                                }
                                              ],
                                              "Plans": [
                                                {
                                                  "Node Type": "Merge Join",
                                                  "Parent Relationship": "Outer",
                                                  "Parallel Aware": false,
                                                  "Join Type": "Inner",
                                                  "Startup Cost": 332293.9,
                                                  "Total Cost": 332353.89,
                                                  "Plan Rows": 1,
                                                  "Plan Width": 39,
                                                  "Actual Startup Time": 2291.912,
                                                  "Actual Total Time": 2300.234,
                                                  "Actual Rows": 1454,
                                                  "Actual Loops": 5,
                                                  "Inner Unique": true,
                                                  "Merge Cond": "(mk.keyword_id = k.id)",
                                                  "Plans": [
                                                    {
                                                      "Node Type": "Sort",
                                                      "Parent Relationship": "Outer",
                                                      "Parallel Aware": false,
                                                      "Startup Cost": 329332.09,
                                                      "Total Cost": 329362.18,
                                                      "Plan Rows": 12035,
                                                      "Plan Width": 43,
                                                      "Actual Startup Time": 2267.269,
                                                      "Actual Total Time": 2273.215,
                                                      "Actual Rows": 29757,
                                                      "Actual Loops": 5,
                                                      "Sort Key": [
                                                        "mk.keyword_id"
                                                      ],
                                                      "Sort Method": "quicksort",
                                                      "Sort Space Used": 20194,
                                                      "Sort Space Type": "Memory",
                                                      "Workers": [
                                                        {
                                                          "Worker Number": 0,
                                                          "Sort Method": "quicksort",
                                                          "Sort Space Used": 19192,
                                                          "Sort Space Type": "Memory"
                                                        },
                                                        {
                                                          "Worker Number": 1,
                                                          "Sort Method": "quicksort",
                                                          "Sort Space Used": 19115,
                                                          "Sort Space Type": "Memory"
                                                        },
                                                        {
                                                          "Worker Number": 2,
                                                          "Sort Method": "quicksort",
                                                          "Sort Space Used": 18681,
                                                          "Sort Space Type": "Memory"
                                                        },
                                                        {
                                                          "Worker Number": 3,
                                                          "Sort Method": "quicksort",
                                                          "Sort Space Used": 26788,
                                                          "Sort Space Type": "Memory"
                                                        }
                                                      ],
                                                      "Plans": [
                                                        {
                                                          "Node Type": "Merge Join",
                                                          "Parent Relationship": "Outer",
                                                          "Parallel Aware": false,
                                                          "Join Type": "Inner",
                                                          "Startup Cost": 138687.51,
                                                          "Total Cost": 328516.42,
                                                          "Plan Rows": 12035,
                                                          "Plan Width": 43,
                                                          "Actual Startup Time": 838.309,
                                                          "Actual Total Time": 2192.997,
                                                          "Actual Rows": 164326,
                                                          "Actual Loops": 5,
                                                          "Inner Unique": false,
                                                          "Merge Cond": "(t.id = mk.movie_id)",
                                                          "Plans": [
                                                            {
                                                              "Node Type": "Merge Join",
                                                              "Parent Relationship": "Outer",
                                                              "Parallel Aware": false,
                                                              "Join Type": "Inner",
                                                              "Startup Cost": 138687.07,
                                                              "Total Cost": 140034.77,
                                                              "Plan Rows": 1200,
                                                              "Plan Width": 35,
                                                              "Actual Startup Time": 838.245,
                                                              "Actual Total Time": 964.988,
                                                              "Actual Rows": 28091,
                                                              "Actual Loops": 5,
                                                              "Inner Unique": false,
                                                              "Merge Cond": "(t.id = mi_idx.movie_id)",
                                                              "Plans": [
                                                                {
                                                                  "Node Type": "Sort",
                                                                  "Parent Relationship": "Outer",
                                                                  "Parallel Aware": false,
                                                                  "Startup Cost": 66852.52,
                                                                  "Total Cost": 67491.4,
                                                                  "Plan Rows": 255554,
                                                                  "Plan Width": 25,
                                                                  "Actual Startup Time": 212.171,
                                                                  "Actual Total Time": 245.744,
                                                                  "Actual Rows": 202532,
                                                                  "Actual Loops": 5,
                                                                  "Sort Key": [
                                                                    "t.id"
                                                                  ],
                                                                  "Sort Method": "quicksort",
                                                                  "Sort Space Used": 22718,
                                                                  "Sort Space Type": "Memory",
                                                                  "Workers": [
                                                                    {
                                                                      "Worker Number": 0,
                                                                      "Sort Method": "quicksort",
                                                                      "Sort Space Used": 19464,
                                                                      "Sort Space Type": "Memory"
                                                                    },
                                                                    {
                                                                      "Worker Number": 1,
                                                                      "Sort Method": "quicksort",
                                                                      "Sort Space Used": 19635,
                                                                      "Sort Space Type": "Memory"
                                                                    },
                                                                    {
                                                                      "Worker Number": 2,
                                                                      "Sort Method": "quicksort",
                                                                      "Sort Space Used": 18652,
                                                                      "Sort Space Type": "Memory"
                                                                    },
                                                                    {
                                                                      "Worker Number": 3,
                                                                      "Sort Method": "quicksort",
                                                                      "Sort Space Used": 33014,
                                                                      "Sort Space Type": "Memory"
                                                                    }
                                                                  ],
                                                                  "Plans": [
                                                                    {
                                                                      "Node Type": "Seq Scan",
                                                                      "Parent Relationship": "Outer",
                                                                      "Parallel Aware": true,
                                                                      "Relation Name": "title",
                                                                      "Alias": "t",
                                                                      "Startup Cost": 0.0,
                                                                      "Total Cost": 43899.59,
                                                                      "Plan Rows": 255554,
                                                                      "Plan Width": 25,
                                                                      "Actual Startup Time": 0.047,
                                                                      "Actual Total Time": 116.04,
                                                                      "Actual Rows": 202584,
                                                                      "Actual Loops": 5,
                                                                      "Filter": "(production_year > 2005)",
                                                                      "Rows Removed by Filter": 303078
                                                                    }
                                                                  ]
                                                                },
                                                                {
                                                                  "Node Type": "Sort",
                                                                  "Parent Relationship": "Inner",
                                                                  "Parallel Aware": false,
                                                                  "Startup Cost": 71834.5,
                                                                  "Total Cost": 71864.18,
                                                                  "Plan Rows": 11871,
                                                                  "Plan Width": 10,
                                                                  "Actual Startup Time": 626.056,
                                                                  "Actual Total Time": 650.39,
                                                                  "Actual Rows": 454230,
                                                                  "Actual Loops": 5,
                                                                  "Sort Key": [
                                                                    "mi_idx.movie_id"
                                                                  ],
                                                                  "Sort Method": "quicksort",
                                                                  "Sort Space Used": 33581,
                                                                  "Sort Space Type": "Memory",
                                                                  "Workers": [
                                                                    {
                                                                      "Worker Number": 0,
                                                                      "Sort Method": "quicksort",
                                                                      "Sort Space Used": 33581,
                                                                      "Sort Space Type": "Memory"
                                                                    },
                                                                    {
                                                                      "Worker Number": 1,
                                                                      "Sort Method": "quicksort",
                                                                      "Sort Space Used": 33581,
                                                                      "Sort Space Type": "Memory"
                                                                    },
                                                                    {
                                                                      "Worker Number": 2,
                                                                      "Sort Method": "quicksort",
                                                                      "Sort Space Used": 33581,
                                                                      "Sort Space Type": "Memory"
                                                                    },
                                                                    {
                                                                      "Worker Number": 3,
                                                                      "Sort Method": "quicksort",
                                                                      "Sort Space Used": 33581,
                                                                      "Sort Space Type": "Memory"
                                                                    }
                                                                  ],
                                                                  "Plans": [
                                                                    {
                                                                      "Node Type": "Merge Join",
                                                                      "Parent Relationship": "Outer",
                                                                      "Parallel Aware": false,
                                                                      "Join Type": "Inner",
                                                                      "Startup Cost": 2.86,
                                                                      "Total Cost": 71031.12,
                                                                      "Plan Rows": 11871,
                                                                      "Plan Width": 10,
                                                                      "Actual Startup Time": 311.749,
                                                                      "Actual Total Time": 493.668,
                                                                      "Actual Rows": 454230,
                                                                      "Actual Loops": 5,
                                                                      "Inner Unique": true,
                                                                      "Merge Cond": "(mi_idx.info_type_id = it2.id)",
                                                                      "Plans": [
                                                                        {
                                                                          "Node Type": "Index Scan",
                                                                          "Parent Relationship": "Outer",
                                                                          "Parallel Aware": false,
                                                                          "Scan Direction": "Forward",
                                                                          "Index Name": "info_type_id_movie_info_idx",
                                                                          "Relation Name": "movie_info_idx",
                                                                          "Alias": "mi_idx",
                                                                          "Startup Cost": 0.43,
                                                                          "Total Cost": 67556.34,
                                                                          "Plan Rows": 1341456,
                                                                          "Plan Width": 14,
                                                                          "Actual Startup Time": 0.071,
                                                                          "Actual Total Time": 378.246,
                                                                          "Actual Rows": 1337397,
                                                                          "Actual Loops": 5,
                                                                          "Filter": "(info < '8.5'::text)",
                                                                          "Rows Removed by Filter": 42379
                                                                        },
                                                                        {
                                                                          "Node Type": "Sort",
                                                                          "Parent Relationship": "Inner",
                                                                          "Parallel Aware": false,
                                                                          "Startup Cost": 2.42,
                                                                          "Total Cost": 2.43,
                                                                          "Plan Rows": 1,
                                                                          "Plan Width": 4,
                                                                          "Actual Startup Time": 0.047,
                                                                          "Actual Total Time": 0.049,
                                                                          "Actual Rows": 1,
                                                                          "Actual Loops": 5,
                                                                          "Sort Key": [
                                                                            "it2.id"
                                                                          ],
                                                                          "Sort Method": "quicksort",
                                                                          "Sort Space Used": 25,
                                                                          "Sort Space Type": "Memory",
                                                                          "Workers": [
                                                                            {
                                                                              "Worker Number": 0,
                                                                              "Sort Method": "quicksort",
                                                                              "Sort Space Used": 25,
                                                                              "Sort Space Type": "Memory"
                                                                            },
                                                                            {
                                                                              "Worker Number": 1,
                                                                              "Sort Method": "quicksort",
                                                                              "Sort Space Used": 25,
                                                                              "Sort Space Type": "Memory"
                                                                            },
                                                                            {
                                                                              "Worker Number": 2,
                                                                              "Sort Method": "quicksort",
                                                                              "Sort Space Used": 25,
                                                                              "Sort Space Type": "Memory"
                                                                            },
                                                                            {
                                                                              "Worker Number": 3,
                                                                              "Sort Method": "quicksort",
                                                                              "Sort Space Used": 25,
                                                                              "Sort Space Type": "Memory"
                                                                            }
                                                                          ],
                                                                          "Plans": [
                                                                            {
                                                                              "Node Type": "Seq Scan",
                                                                              "Parent Relationship": "Outer",
                                                                              "Parallel Aware": false,
                                                                              "Relation Name": "info_type",
                                                                              "Alias": "it2",
                                                                              "Startup Cost": 0.0,
                                                                              "Total Cost": 2.41,
                                                                              "Plan Rows": 1,
                                                                              "Plan Width": 4,
                                                                              "Actual Startup Time": 0.041,
                                                                              "Actual Total Time": 0.043,
                                                                              "Actual Rows": 1,
                                                                              "Actual Loops": 5,
                                                                              "Filter": "((info)::text = 'rating'::text)",
                                                                              "Rows Removed by Filter": 112
                                                                            }
                                                                          ]
                                                                        }
                                                                      ]
                                                                    }
                                                                  ]
                                                                }
                                                              ]
                                                            },
                                                            {
                                                              "Node Type": "Index Scan",
                                                              "Parent Relationship": "Inner",
                                                              "Parallel Aware": false,
                                                              "Scan Direction": "Forward",
                                                              "Index Name": "movie_id_movie_keyword",
                                                              "Relation Name": "movie_keyword",
                                                              "Alias": "mk",
                                                              "Startup Cost": 0.43,
                                                              "Total Cost": 177148.48,
                                                              "Plan Rows": 4523930,
                                                              "Plan Width": 8,
                                                              "Actual Startup Time": 0.047,
                                                              "Actual Total Time": 846.568,
                                                              "Actual Rows": 4523789,
                                                              "Actual Loops": 5
                                                            }
                                                          ]
                                                        }
                                                      ]
                                                    },
                                                    {
                                                      "Node Type": "Sort",
                                                      "Parent Relationship": "Inner",
                                                      "Parallel Aware": false,
                                                      "Startup Cost": 2961.59,
                                                      "Total Cost": 2961.6,
                                                      "Plan Rows": 4,
                                                      "Plan Width": 4,
                                                      "Actual Startup Time": 22.764,
                                                      "Actual Total Time": 22.766,
                                                      "Actual Rows": 3,
                                                      "Actual Loops": 5,
                                                      "Sort Key": [
                                                        "k.id"
                                                      ],
                                                      "Sort Method": "quicksort",
                                                      "Sort Space Used": 25,
                                                      "Sort Space Type": "Memory",
                                                      "Workers": [
                                                        {
                                                          "Worker Number": 0,
                                                          "Sort Method": "quicksort",
                                                          "Sort Space Used": 25,
                                                          "Sort Space Type": "Memory"
                                                        },
                                                        {
                                                          "Worker Number": 1,
                                                          "Sort Method": "quicksort",
                                                          "Sort Space Used": 25,
                                                          "Sort Space Type": "Memory"
                                                        },
                                                        {
                                                          "Worker Number": 2,
                                                          "Sort Method": "quicksort",
                                                          "Sort Space Used": 25,
                                                          "Sort Space Type": "Memory"
                                                        },
                                                        {
                                                          "Worker Number": 3,
                                                          "Sort Method": "quicksort",
                                                          "Sort Space Used": 25,
                                                          "Sort Space Type": "Memory"
                                                        }
                                                      ],
                                                      "Plans": [
                                                        {
                                                          "Node Type": "Seq Scan",
                                                          "Parent Relationship": "Outer",
                                                          "Parallel Aware": false,
                                                          "Relation Name": "keyword",
                                                          "Alias": "k",
                                                          "Startup Cost": 0.0,
                                                          "Total Cost": 2961.55,
                                                          "Plan Rows": 4,
                                                          "Plan Width": 4,
                                                          "Actual Startup Time": 1.145,
                                                          "Actual Total Time": 22.747,
                                                          "Actual Rows": 3,
                                                          "Actual Loops": 5,
                                                          "Filter": "(keyword = ANY ('{murder,murder-in-title,blood,violence}'::text[]))",
                                                          "Rows Removed by Filter": 134167
                                                        }
                                                      ]
                                                    }
                                                  ]
                                                }
                                              ]
                                            },
                                            {
                                              "Node Type": "Sort",
                                              "Parent Relationship": "Inner",
                                              "Parallel Aware": false,
                                              "Startup Cost": 1.1,
                                              "Total Cost": 1.1,
                                              "Plan Rows": 2,
                                              "Plan Width": 4,
                                              "Actual Startup Time": 0.057,
                                              "Actual Total Time": 0.058,
                                              "Actual Rows": 2,
                                              "Actual Loops": 5,
                                              "Sort Key": [
                                                "kt.id"
                                              ],
                                              "Sort Method": "quicksort",
                                              "Sort Space Used": 25,
                                              "Sort Space Type": "Memory",
                                              "Workers": [
                                                {
                                                  "Worker Number": 0,
                                                  "Sort Method": "quicksort",
                                                  "Sort Space Used": 25,
                                                  "Sort Space Type": "Memory"
                                                },
                                                {
                                                  "Worker Number": 1,
                                                  "Sort Method": "quicksort",
                                                  "Sort Space Used": 25,
                                                  "Sort Space Type": "Memory"
                                                },
                                                {
                                                  "Worker Number": 2,
                                                  "Sort Method": "quicksort",
                                                  "Sort Space Used": 25,
                                                  "Sort Space Type": "Memory"
                                                },
                                                {
                                                  "Worker Number": 3,
                                                  "Sort Method": "quicksort",
                                                  "Sort Space Used": 25,
                                                  "Sort Space Type": "Memory"
                                                }
                                              ],
                                              "Plans": [
                                                {
                                                  "Node Type": "Seq Scan",
                                                  "Parent Relationship": "Outer",
                                                  "Parallel Aware": false,
                                                  "Relation Name": "kind_type",
                                                  "Alias": "kt",
                                                  "Startup Cost": 0.0,
                                                  "Total Cost": 1.09,
                                                  "Plan Rows": 2,
                                                  "Plan Width": 4,
                                                  "Actual Startup Time": 0.042,
                                                  "Actual Total Time": 0.043,
                                                  "Actual Rows": 2,
                                                  "Actual Loops": 5,
                                                  "Filter": "((kind)::text = ANY ('{movie,episode}'::text[]))",
                                                  "Rows Removed by Filter": 5
                                                }
                                              ]
                                            }
                                          ]
                                        }
                                      ]
                                    }
                                  ]
                                }
                              ]
                            },
                            {
                              "Node Type": "Index Scan",
                              "Parent Relationship": "Inner",
                              "Parallel Aware": false,
                              "Scan Direction": "Forward",
                              "Index Name": "movie_id_movie_companies",
                              "Relation Name": "movie_companies",
                              "Alias": "mc",
                              "Startup Cost": 0.43,
                              "Total Cost": 140404.76,
                              "Plan Rows": 2609129,
                              "Plan Width": 12,
                              "Actual Startup Time": 0.056,
                              "Actual Total Time": 572.978,
                              "Actual Rows": 2635534,
                              "Actual Loops": 1
                            }
                          ]
                        }
                      ]
                    },
                    {
                      "Node Type": "Sort",
                      "Parent Relationship": "Inner",
                      "Parallel Aware": false,
                      "Startup Cost": 1.08,
                      "Total Cost": 1.09,
                      "Plan Rows": 4,
                      "Plan Width": 4,
                      "Actual Startup Time": 0.029,
                      "Actual Total Time": 0.03,
                      "Actual Rows": 2,
                      "Actual Loops": 1,
                      "Sort Key": [
                        "ct.id"
                      ],
                      "Sort Method": "quicksort",
                      "Sort Space Used": 25,
                      "Sort Space Type": "Memory",
                      "Plans": [
                        {
                          "Node Type": "Seq Scan",
                          "Parent Relationship": "Outer",
                          "Parallel Aware": false,
                          "Relation Name": "company_type",
                          "Alias": "ct",
                          "Startup Cost": 0.0,
                          "Total Cost": 1.04,
                          "Plan Rows": 4,
                          "Plan Width": 4,
                          "Actual Startup Time": 0.015,
                          "Actual Total Time": 0.016,
                          "Actual Rows": 4,
                          "Actual Loops": 1
                        }
                      ]
                    }
                  ]
                }
              ]
            }
          ]
        }
      ]
    },
    "Planning Time": 1517.651,
    "Triggers": [],
    "Execution Time": 4847.633
  }
]