[
  {
    "Plan": {
      "Node Type": "Aggregate",
      "Strategy": "Plain",
      "Partial Mode": "Finalize",
      "Parallel Aware": false,
      "Startup Cost": 297232.38,
      "Total Cost": 297232.39,
      "Plan Rows": 1,
      "Plan Width": 8,
      "Actual Startup Time": 194.819,
      "Actual Total Time": 202.794,
      "Actual Rows": 1,
      "Actual Loops": 1,
      "Plans": [
        {
          "Node Type": "Gather",
          "Parent Relationship": "Outer",
          "Parallel Aware": false,
          "Startup Cost": 297231.75,
          "Total Cost": 297232.36,
          "Plan Rows": 6,
          "Plan Width": 8,
          "Actual Startup Time": 194.197,
          "Actual Total Time": 202.784,
          "Actual Rows": 7,
          "Actual Loops": 1,
          "Workers Planned": 6,
          "Workers Launched": 6,
          "Single Copy": false,
          "Plans": [
            {
              "Node Type": "Aggregate",
              "Strategy": "Plain",
              "Partial Mode": "Partial",
              "Parent Relationship": "Outer",
              "Parallel Aware": false,
              "Startup Cost": 296231.75,
              "Total Cost": 296231.76,
              "Plan Rows": 1,
              "Plan Width": 8,
              "Actual Startup Time": 185.022,
              "Actual Total Time": 185.026,
              "Actual Rows": 1,
              "Actual Loops": 7,
              "Plans": [
                {
                  "Node Type": "Bitmap Heap Scan",
                  "Parent Relationship": "Outer",
                  "Parallel Aware": true,
                  "Relation Name": "cast_info",
                  "Alias": "ci",
                  "Startup Cost": 39117.39,
                  "Total Cost": 295493.86,
                  "Plan Rows": 295158,
                  "Plan Width": 0,
                  "Actual Startup Time": 105.224,
                  "Actual Total Time": 169.492,
                  "Actual Rows": 255732,
                  "Actual Loops": 7,
                  "Recheck Cond": "(person_id < 177751)",
                  "Rows Removed by Index Recheck": 0,
                  "Exact Heap Blocks": 5065,
                  "Lossy Heap Blocks": 0,
                  "Plans": [
                    {
                      "Node Type": "Bitmap Index Scan",
                      "Parent Relationship": "Outer",
                      "Parallel Aware": false,
                      "Index Name": "person_id_cast_info",
                      "Startup Cost": 0.0,
                      "Total Cost": 38674.65,
                      "Plan Rows": 1770945,
                      "Plan Width": 0,
                      "Actual Startup Time": 110.333,
                      "Actual Total Time": 110.334,
                      "Actual Rows": 1790124,
                      "Actual Loops": 1,
                      "Index Cond": "(person_id < 177751)"
                    }
                  ]
                }
              ]
            }
          ]
        }
      ]
    },
    "Planning Time": 0.201,
    "Triggers": [],
    "Execution Time": 202.928
  }
]