{
  "Plan": {
    "Node Type": "Aggregate",
    "Strategy": "Plain",
    "Partial Mode": "Finalize",
    "Parallel Aware": false,
    "Startup Cost": 39651.35,
    "Total Cost": 39651.36,
    "Plan Rows": 1,
    "Plan Width": 8,
    "Actual Startup Time": 47.336,
    "Actual Total Time": 53.769,
    "Actual Rows": 1,
    "Actual Loops": 1,
    "Plans": [
      {
        "Node Type": "Gather",
        "Parent Relationship": "Outer",
        "Parallel Aware": false,
        "Startup Cost": 39651.23,
        "Total Cost": 39651.34,
        "Plan Rows": 1,
        "Plan Width": 8,
        "Actual Startup Time": 47.112,
        "Actual Total Time": 53.762,
        "Actual Rows": 2,
        "Actual Loops": 1,
        "Workers Planned": 1,
        "Workers Launched": 1,
        "Single Copy": false,
        "Plans": [
          {
            "Node Type": "Aggregate",
            "Strategy": "Plain",
            "Partial Mode": "Partial",
            "Parent Relationship": "Outer",
            "Parallel Aware": false,
            "Startup Cost": 38651.23,
            "Total Cost": 38651.24,
            "Plan Rows": 1,
            "Plan Width": 8,
            "Actual Startup Time": 41.252,
            "Actual Total Time": 41.254,
            "Actual Rows": 1,
            "Actual Loops": 2,
            "Plans": [
              {
                "Node Type": "Nested Loop",
                "Parent Relationship": "Outer",
                "Parallel Aware": false,
                "Join Type": "Inner",
                "Startup Cost": 126.44,
                "Total Cost": 38642.59,
                "Plan Rows": 3459,
                "Plan Width": 0,
                "Actual Startup Time": 4.156,
                "Actual Total Time": 40.826,
                "Actual Rows": 3382,
                "Actual Loops": 2,
                "Inner Unique": true,
                "Plans": [
                  {
                    "Node Type": "Bitmap Heap Scan",
                    "Parent Relationship": "Outer",
                    "Parallel Aware": true,
                    "Relation Name": "movie_keyword",
                    "Alias": "mk",
                    "Startup Cost": 126.01,
                    "Total Cost": 13871.57,
                    "Plan Rows": 3459,
                    "Plan Width": 4,
                    "Actual Startup Time": 4.006,
                    "Actual Total Time": 15.29,
                    "Actual Rows": 3382,
                    "Actual Loops": 2,
                    "Recheck Cond": "(keyword_id = 4333)",
                    "Rows Removed by Index Recheck": 0,
                    "Exact Heap Blocks": 5073,
                    "Lossy Heap Blocks": 0,
                    "Plans": [
                      {
                        "Node Type": "Bitmap Index Scan",
                        "Parent Relationship": "Outer",
                        "Parallel Aware": false,
                        "Index Name": "keyword_id_movie_keyword",
                        "Startup Cost": 0.0,
                        "Total Cost": 124.54,
                        "Plan Rows": 5881,
                        "Plan Width": 0,
                        "Actual Startup Time": 4.885,
                        "Actual Total Time": 4.886,
                        "Actual Rows": 6763,
                        "Actual Loops": 1,
                        "Index Cond": "(keyword_id = 4333)"
                      }
                    ]
                  },
                  {
                    "Node Type": "Index Only Scan",
                    "Parent Relationship": "Inner",
                    "Parallel Aware": false,
                    "Scan Direction": "Forward",
                    "Index Name": "title_pkey",
                    "Relation Name": "title",
                    "Alias": "t",
                    "Startup Cost": 0.43,
                    "Total Cost": 7.16,
                    "Plan Rows": 1,
                    "Plan Width": 4,
                    "Actual Startup Time": 0.007,
                    "Actual Total Time": 0.007,
                    "Actual Rows": 1,
                    "Actual Loops": 6763,
                    "Index Cond": "(id = mk.movie_id)",
                    "Rows Removed by Index Recheck": 0,
                    "Heap Fetches": 6763
                  }
                ]
              }
            ]
          }
        ]
      }
    ]
  },
  "Planning Time": 0.582,
  "Triggers": [],
  "Execution Time": 53.85
}