{
  "Plan": {
    "Node Type": "Aggregate",
    "Strategy": "Plain",
    "Partial Mode": "Finalize",
    "Parallel Aware": false,
    "Startup Cost": 477141.83,
    "Total Cost": 477141.84,
    "Plan Rows": 1,
    "Plan Width": 8,
    "Actual Startup Time": 1193.012,
    "Actual Total Time": 1219.637,
    "Actual Rows": 1,
    "Actual Loops": 1,
    "Plans": [
      {
        "Node Type": "Gather",
        "Parent Relationship": "Outer",
        "Parallel Aware": false,
        "Startup Cost": 477141.72,
        "Total Cost": 477141.83,
        "Plan Rows": 1,
        "Plan Width": 8,
        "Actual Startup Time": 1191.525,
        "Actual Total Time": 1219.631,
        "Actual Rows": 2,
        "Actual Loops": 1,
        "Workers Planned": 1,
        "Workers Launched": 1,
        "Single Copy": false,
        "Plans": [
          {
            "Node Type": "Aggregate",
            "Strategy": "Plain",
            "Partial Mode": "Partial",
            "Parent Relationship": "Outer",
            "Parallel Aware": false,
            "Startup Cost": 476141.72,
            "Total Cost": 476141.73,
            "Plan Rows": 1,
            "Plan Width": 8,
            "Actual Startup Time": 1185.414,
            "Actual Total Time": 1185.42,
            "Actual Rows": 1,
            "Actual Loops": 2,
            "Plans": [
              {
                "Node Type": "Hash Join",
                "Parent Relationship": "Outer",
                "Parallel Aware": true,
                "Join Type": "Inner",
                "Startup Cost": 414247.4,
                "Total Cost": 475888.3,
                "Plan Rows": 101369,
                "Plan Width": 0,
                "Actual Startup Time": 750.442,
                "Actual Total Time": 1146.226,
                "Actual Rows": 1017522,
                "Actual Loops": 2,
                "Inner Unique": false,
                "Hash Cond": "(mk.movie_id = t.id)",
                "Plans": [
                  {
                    "Node Type": "Seq Scan",
                    "Parent Relationship": "Outer",
                    "Parallel Aware": true,
                    "Relation Name": "movie_keyword",
                    "Alias": "mk",
                    "Startup Cost": 0.0,
                    "Total Cost": 51065.35,
                    "Plan Rows": 2661135,
                    "Plan Width": 4,
                    "Actual Startup Time": 0.016,
                    "Actual Total Time": 150.105,
                    "Actual Rows": 2261965,
                    "Actual Loops": 2
                  },
                  {
                    "Node Type": "Hash",
                    "Parent Relationship": "Inner",
                    "Parallel Aware": true,
                    "Startup Cost": 413539.25,
                    "Total Cost": 413539.25,
                    "Plan Rows": 56652,
                    "Plan Width": 8,
                    "Actual Startup Time": 749.253,
                    "Actual Total Time": 749.258,
                    "Actual Rows": 149374,
                    "Actual Loops": 2,
                    "Hash Buckets": 524288,
                    "Original Hash Buckets": 131072,
                    "Hash Batches": 1,
                    "Original Hash Batches": 1,
                    "Peak Memory Usage": 18880,
                    "Plans": [
                      {
                        "Node Type": "Hash Join",
                        "Parent Relationship": "Outer",
                        "Parallel Aware": true,
                        "Join Type": "Inner",
                        "Startup Cost": 129060.58,
                        "Total Cost": 413539.25,
                        "Plan Rows": 56652,
                        "Plan Width": 8,
                        "Actual Startup Time": 264.688,
                        "Actual Total Time": 707.116,
                        "Actual Rows": 149374,
                        "Actual Loops": 2,
                        "Inner Unique": true,
                        "Hash Cond": "(ci.movie_id = t.id)",
                        "Plans": [
                          {
                            "Node Type": "Bitmap Heap Scan",
                            "Parent Relationship": "Outer",
                            "Parallel Aware": true,
                            "Relation Name": "cast_info",
                            "Alias": "ci",
                            "Startup Cost": 73286.74,
                            "Total Cost": 355433.27,
                            "Plan Rows": 888434,
                            "Plan Width": 4,
                            "Actual Startup Time": 105.622,
                            "Actual Total Time": 343.252,
                            "Actual Rows": 1605839,
                            "Actual Loops": 2,
                            "Recheck Cond": "(person_id > 3471172)",
                            "Rows Removed by Index Recheck": 0,
                            "Filter": "(role_id > 2)",
                            "Rows Removed by Filter": 0,
                            "Exact Heap Blocks": 26286,
                            "Lossy Heap Blocks": 0,
                            "Plans": [
                              {
                                "Node Type": "Bitmap Index Scan",
                                "Parent Relationship": "Outer",
                                "Parallel Aware": false,
                                "Index Name": "person_id_cast_info",
                                "Startup Cost": 0.0,
                                "Total Cost": 72909.16,
                                "Plan Rows": 3338746,
                                "Plan Width": 0,
                                "Actual Startup Time": 98.155,
                                "Actual Total Time": 98.156,
                                "Actual Rows": 3211678,
                                "Actual Loops": 1,
                                "Index Cond": "(person_id > 3471172)"
                              }
                            ]
                          },
                          {
                            "Node Type": "Hash",
                            "Parent Relationship": "Inner",
                            "Parallel Aware": true,
                            "Startup Cost": 54588.39,
                            "Total Cost": 54588.39,
                            "Plan Rows": 94836,
                            "Plan Width": 4,
                            "Actual Startup Time": 156.526,
                            "Actual Total Time": 156.527,
                            "Actual Rows": 80008,
                            "Actual Loops": 2,
                            "Hash Buckets": 262144,
                            "Original Hash Buckets": 262144,
                            "Hash Batches": 1,
                            "Original Hash Batches": 1,
                            "Peak Memory Usage": 8352,
                            "Plans": [
                              {
                                "Node Type": "Seq Scan",
                                "Parent Relationship": "Outer",
                                "Parallel Aware": true,
                                "Relation Name": "title",
                                "Alias": "t",
                                "Startup Cost": 0.0,
                                "Total Cost": 54588.39,
                                "Plan Rows": 94836,
                                "Plan Width": 4,
                                "Actual Startup Time": 0.029,
                                "Actual Total Time": 135.85,
                                "Actual Rows": 80008,
                                "Actual Loops": 2,
                                "Filter": "(production_year = 2011)",
                                "Rows Removed by Filter": 1184148
                              }
                            ]
                          }
                        ]
                      }
                    ]
                  }
                ]
              }
            ]
          }
        ]
      }
    ]
  },
  "Planning Time": 1.001,
  "Triggers": [],
  "Execution Time": 1219.701
}