[
  {
    "Plan": {
      "Node Type": "Aggregate",
      "Strategy": "Plain",
      "Partial Mode": "Finalize",
      "Parallel Aware": false,
      "Startup Cost": 100019.77,
      "Total Cost": 100019.78,
      "Plan Rows": 1,
      "Plan Width": 8,
      "Actual Startup Time": 585.208,
      "Actual Total Time": 602.725,
      "Actual Rows": 1,
      "Actual Loops": 1,
      "Plans": [
        {
          "Node Type": "Gather",
          "Parent Relationship": "Outer",
          "Parallel Aware": false,
          "Startup Cost": 100019.45,
          "Total Cost": 100019.76,
          "Plan Rows": 3,
          "Plan Width": 8,
          "Actual Startup Time": 573.606,
          "Actual Total Time": 602.714,
          "Actual Rows": 4,
          "Actual Loops": 1,
          "Workers Planned": 3,
          "Workers Launched": 3,
          "Single Copy": false,
          "Plans": [
            {
              "Node Type": "Aggregate",
              "Strategy": "Plain",
              "Partial Mode": "Partial",
              "Parent Relationship": "Outer",
              "Parallel Aware": false,
              "Startup Cost": 99019.45,
              "Total Cost": 99019.46,
              "Plan Rows": 1,
              "Plan Width": 8,
              "Actual Startup Time": 565.234,
              "Actual Total Time": 565.382,
              "Actual Rows": 1,
              "Actual Loops": 4,
              "Plans": [
                {
                  "Node Type": "Hash Join",
                  "Parent Relationship": "Outer",
                  "Parallel Aware": true,
                  "Join Type": "Inner",
                  "Startup Cost": 66522.61,
                  "Total Cost": 98692.9,
                  "Plan Rows": 130620,
                  "Plan Width": 0,
                  "Actual Startup Time": 399.299,
                  "Actual Total Time": 558.802,
                  "Actual Rows": 125942,
                  "Actual Loops": 4,
                  "Inner Unique": false,
                  "Hash Cond": "(mc.movie_id = t.id)",
                  "Plans": [
                    {
                      "Node Type": "Seq Scan",
                      "Parent Relationship": "Outer",
                      "Parallel Aware": true,
                      "Relation Name": "movie_companies",
                      "Alias": "mc",
                      "Startup Cost": 0.0,
                      "Total Cost": 29310.68,
                      "Plan Rows": 617430,
                      "Plan Width": 4,
                      "Actual Startup Time": 0.379,
                      "Actual Total Time": 80.966,
                      "Actual Rows": 479460,
                      "Actual Loops": 4,
                      "Filter": "(company_id > 1270)",
                      "Rows Removed by Filter": 172822
                    },
                    {
                      "Node Type": "Hash",
                      "Parent Relationship": "Inner",
                      "Parallel Aware": true,
                      "Startup Cost": 63736.68,
                      "Total Cost": 63736.68,
                      "Plan Rows": 222874,
                      "Plan Width": 8,
                      "Actual Startup Time": 392.981,
                      "Actual Total Time": 393.127,
                      "Actual Rows": 95033,
                      "Actual Loops": 4,
                      "Hash Buckets": 1048576,
                      "Original Hash Buckets": 1048576,
                      "Hash Batches": 1,
                      "Original Hash Batches": 1,
                      "Peak Memory Usage": 23136,
                      "Plans": [
                        {
                          "Node Type": "Hash Join",
                          "Parent Relationship": "Outer",
                          "Parallel Aware": true,
                          "Join Type": "Inner",
                          "Startup Cost": 48542.12,
                          "Total Cost": 63736.68,
                          "Plan Rows": 222874,
                          "Plan Width": 8,
                          "Actual Startup Time": 257.706,
                          "Actual Total Time": 358.616,
                          "Actual Rows": 95033,
                          "Actual Loops": 4,
                          "Inner Unique": true,
                          "Hash Cond": "(mi_idx.movie_id = t.id)",
                          "Plans": [
                            {
                              "Node Type": "Seq Scan",
                              "Parent Relationship": "Outer",
                              "Parallel Aware": true,
                              "Relation Name": "movie_info_idx",
                              "Alias": "mi_idx",
                              "Startup Cost": 0.0,
                              "Total Cost": 13685.15,
                              "Plan Rows": 575015,
                              "Plan Width": 4,
                              "Actual Startup Time": 0.025,
                              "Actual Total Time": 33.804,
                              "Actual Rows": 345009,
                              "Actual Loops": 4
                            },
                            {
                              "Node Type": "Hash",
                              "Parent Relationship": "Inner",
                              "Parallel Aware": true,
                              "Startup Cost": 45479.59,
                              "Total Cost": 45479.59,
                              "Plan Rows": 245003,
                              "Plan Width": 4,
                              "Actual Startup Time": 255.279,
                              "Actual Total Time": 255.281,
                              "Actual Rows": 264397,
                              "Actual Loops": 4,
                              "Hash Buckets": 2097152,
                              "Original Hash Buckets": 1048576,
                              "Hash Batches": 1,
                              "Original Hash Batches": 1,
                              "Peak Memory Usage": 66016,
                              "Plans": [
                                {
                                  "Node Type": "Seq Scan",
                                  "Parent Relationship": "Outer",
                                  "Parallel Aware": true,
                                  "Relation Name": "title",
                                  "Alias": "t",
                                  "Startup Cost": 0.0,
                                  "Total Cost": 45479.59,
                                  "Plan Rows": 245003,
                                  "Plan Width": 4,
                                  "Actual Startup Time": 0.072,
                                  "Actual Total Time": 121.447,
                                  "Actual Rows": 264397,
                                  "Actual Loops": 4,
                                  "Filter": "((kind_id > 1) AND (production_year > 2001))",
                                  "Rows Removed by Filter": 367681
                                }
                              ]
                            }
                          ]
                        }
                      ]
                    }
                  ]
                }
              ]
            }
          ]
        }
      ]
    },
    "Planning Time": 1.039,
    "Triggers": [],
    "Execution Time": 602.793
  }
]