[
  {
    "Plan": {
      "Node Type": "Aggregate",
      "Strategy": "Plain",
      "Partial Mode": "Finalize",
      "Parallel Aware": false,
      "Startup Cost": 13489.51,
      "Total Cost": 13489.52,
      "Plan Rows": 1,
      "Plan Width": 8,
      "Actual Startup Time": 6.508,
      "Actual Total Time": 7.624,
      "Actual Rows": 1,
      "Actual Loops": 1,
      "Plans": [
        {
          "Node Type": "Gather",
          "Parent Relationship": "Outer",
          "Parallel Aware": false,
          "Startup Cost": 13489.4,
          "Total Cost": 13489.51,
          "Plan Rows": 1,
          "Plan Width": 8,
          "Actual Startup Time": 5.364,
          "Actual Total Time": 7.614,
          "Actual Rows": 2,
          "Actual Loops": 1,
          "Workers Planned": 1,
          "Workers Launched": 1,
          "Single Copy": false,
          "Plans": [
            {
              "Node Type": "Aggregate",
              "Strategy": "Plain",
              "Partial Mode": "Partial",
              "Parent Relationship": "Outer",
              "Parallel Aware": false,
              "Startup Cost": 12489.4,
              "Total Cost": 12489.41,
              "Plan Rows": 1,
              "Plan Width": 8,
              "Actual Startup Time": 2.405,
              "Actual Total Time": 2.407,
              "Actual Rows": 1,
              "Actual Loops": 2,
              "Plans": [
                {
                  "Node Type": "Nested Loop",
                  "Parent Relationship": "Outer",
                  "Parallel Aware": false,
                  "Join Type": "Inner",
                  "Startup Cost": 55.2,
                  "Total Cost": 12489.37,
                  "Plan Rows": 11,
                  "Plan Width": 0,
                  "Actual Startup Time": 2.368,
                  "Actual Total Time": 2.401,
                  "Actual Rows": 0,
                  "Actual Loops": 2,
                  "Inner Unique": false,
                  "Plans": [
                    {
                      "Node Type": "Nested Loop",
                      "Parent Relationship": "Outer",
                      "Parallel Aware": false,
                      "Join Type": "Inner",
                      "Startup Cost": 54.77,
                      "Total Cost": 12388.13,
                      "Plan Rows": 35,
                      "Plan Width": 8,
                      "Actual Startup Time": 2.332,
                      "Actual Total Time": 2.363,
                      "Actual Rows": 0,
                      "Actual Loops": 2,
                      "Inner Unique": true,
                      "Plans": [
                        {
                          "Node Type": "Bitmap Heap Scan",
                          "Parent Relationship": "Outer",
                          "Parallel Aware": true,
                          "Relation Name": "movie_companies",
                          "Alias": "mc",
                          "Startup Cost": 54.34,
                          "Total Cost": 6641.29,
                          "Plan Rows": 706,
                          "Plan Width": 4,
                          "Actual Startup Time": 2.308,
                          "Actual Total Time": 2.315,
                          "Actual Rows": 2,
                          "Actual Loops": 2,
                          "Recheck Cond": "(company_id = 575)",
                          "Rows Removed by Index Recheck": 0,
                          "Filter": "(company_type_id > 1)",
                          "Rows Removed by Filter": 1199,
                          "Exact Heap Blocks": 367,
                          "Lossy Heap Blocks": 0,
                          "Plans": [
                            {
                              "Node Type": "Bitmap Index Scan",
                              "Parent Relationship": "Outer",
                              "Parallel Aware": false,
                              "Index Name": "company_id_movie_companies",
                              "Startup Cost": 0.0,
                              "Total Cost": 54.04,
                              "Plan Rows": 2348,
                              "Plan Width": 0,
                              "Actual Startup Time": 2.585,
                              "Actual Total Time": 2.585,
                              "Actual Rows": 2403,
                              "Actual Loops": 1,
                              "Index Cond": "(company_id = 575)"
                            }
                          ]
                        },
                        {
                          "Node Type": "Index Scan",
                          "Parent Relationship": "Inner",
                          "Parallel Aware": false,
                          "Scan Direction": "Forward",
                          "Index Name": "title_pkey",
                          "Relation Name": "title",
                          "Alias": "t",
                          "Startup Cost": 0.43,
                          "Total Cost": 8.14,
                          "Plan Rows": 1,
                          "Plan Width": 4,
                          "Actual Startup Time": 0.016,
                          "Actual Total Time": 0.016,
                          "Actual Rows": 0,
                          "Actual Loops": 5,
                          "Index Cond": "(id = mc.movie_id)",
                          "Rows Removed by Index Recheck": 0,
                          "Filter": "(production_year = 2008)",
                          "Rows Removed by Filter": 1
                        }
                      ]
                    },
                    {
                      "Node Type": "Index Scan",
                      "Parent Relationship": "Inner",
                      "Parallel Aware": false,
                      "Scan Direction": "Forward",
                      "Index Name": "movie_id_movie_keyword",
                      "Relation Name": "movie_keyword",
                      "Alias": "mk",
                      "Startup Cost": 0.43,
                      "Total Cost": 2.81,
                      "Plan Rows": 8,
                      "Plan Width": 4,
                      "Actual Startup Time": 0.068,
                      "Actual Total Time": 0.07,
                      "Actual Rows": 1,
                      "Actual Loops": 1,
                      "Index Cond": "(movie_id = t.id)",
                      "Rows Removed by Index Recheck": 0,
                      "Filter": "(keyword_id < 750)",
                      "Rows Removed by Filter": 3
                    }
                  ]
                }
              ]
            }
          ]
        }
      ]
    },
    "Planning Time": 1.46,
    "Triggers": [],
    "Execution Time": 7.731
  }
]