[
  {
    "Plan": {
      "Node Type": "Aggregate",
      "Strategy": "Plain",
      "Partial Mode": "Finalize",
      "Parallel Aware": false,
      "Startup Cost": 13842.89,
      "Total Cost": 13842.9,
      "Plan Rows": 1,
      "Plan Width": 8,
      "Actual Startup Time": 11.832,
      "Actual Total Time": 13.379,
      "Actual Rows": 1,
      "Actual Loops": 1,
      "Plans": [
        {
          "Node Type": "Gather",
          "Parent Relationship": "Outer",
          "Parallel Aware": false,
          "Startup Cost": 13842.78,
          "Total Cost": 13842.89,
          "Plan Rows": 1,
          "Plan Width": 8,
          "Actual Startup Time": 4.538,
          "Actual Total Time": 13.364,
          "Actual Rows": 2,
          "Actual Loops": 1,
          "Workers Planned": 1,
          "Workers Launched": 1,
          "Single Copy": false,
          "Plans": [
            {
              "Node Type": "Aggregate",
              "Strategy": "Plain",
              "Partial Mode": "Partial",
              "Parent Relationship": "Outer",
              "Parallel Aware": false,
              "Startup Cost": 12842.78,
              "Total Cost": 12842.79,
              "Plan Rows": 1,
              "Plan Width": 8,
              "Actual Startup Time": 2.048,
              "Actual Total Time": 2.052,
              "Actual Rows": 1,
              "Actual Loops": 2,
              "Plans": [
                {
                  "Node Type": "Nested Loop",
                  "Parent Relationship": "Outer",
                  "Parallel Aware": false,
                  "Join Type": "Inner",
                  "Startup Cost": 55.86,
                  "Total Cost": 12842.75,
                  "Plan Rows": 11,
                  "Plan Width": 0,
                  "Actual Startup Time": 2.009,
                  "Actual Total Time": 2.044,
                  "Actual Rows": 0,
                  "Actual Loops": 2,
                  "Inner Unique": false,
                  "Plans": [
                    {
                      "Node Type": "Nested Loop",
                      "Parent Relationship": "Outer",
                      "Parallel Aware": false,
                      "Join Type": "Inner",
                      "Startup Cost": 55.43,
                      "Total Cost": 12741.08,
                      "Plan Rows": 35,
                      "Plan Width": 8,
                      "Actual Startup Time": 1.997,
                      "Actual Total Time": 2.03,
                      "Actual Rows": 0,
                      "Actual Loops": 2,
                      "Inner Unique": true,
                      "Plans": [
                        {
                          "Node Type": "Bitmap Heap Scan",
                          "Parent Relationship": "Outer",
                          "Parallel Aware": true,
                          "Relation Name": "movie_companies",
                          "Alias": "mc",
                          "Startup Cost": 55.0,
                          "Total Cost": 6830.86,
                          "Plan Rows": 727,
                          "Plan Width": 4,
                          "Actual Startup Time": 1.959,
                          "Actual Total Time": 1.968,
                          "Actual Rows": 2,
                          "Actual Loops": 2,
                          "Recheck Cond": "(company_id = 575)",
                          "Rows Removed by Index Recheck": 0,
                          "Filter": "(company_type_id > 1)",
                          "Rows Removed by Filter": 1199,
                          "Exact Heap Blocks": 367,
                          "Lossy Heap Blocks": 0,
                          "Plans": [
                            {
                              "Node Type": "Bitmap Index Scan",
                              "Parent Relationship": "Outer",
                              "Parallel Aware": false,
                              "Index Name": "company_id_movie_companies",
                              "Startup Cost": 0.0,
                              "Total Cost": 54.69,
                              "Plan Rows": 2435,
                              "Plan Width": 0,
                              "Actual Startup Time": 1.793,
                              "Actual Total Time": 1.794,
                              "Actual Rows": 2403,
                              "Actual Loops": 1,
                              "Index Cond": "(company_id = 575)"
                            }
                          ]
                        },
                        {
                          "Node Type": "Index Scan",
                          "Parent Relationship": "Inner",
                          "Parallel Aware": false,
                          "Scan Direction": "Forward",
                          "Index Name": "title_pkey",
                          "Relation Name": "title",
                          "Alias": "t",
                          "Startup Cost": 0.43,
                          "Total Cost": 8.13,
                          "Plan Rows": 1,
                          "Plan Width": 4,
                          "Actual Startup Time": 0.021,
                          "Actual Total Time": 0.021,
                          "Actual Rows": 0,
                          "Actual Loops": 5,
                          "Index Cond": "(id = mc.movie_id)",
                          "Rows Removed by Index Recheck": 0,
                          "Filter": "(production_year = 2008)",
                          "Rows Removed by Filter": 1
                        }
                      ]
                    },
                    {
                      "Node Type": "Index Scan",
                      "Parent Relationship": "Inner",
                      "Parallel Aware": false,
                      "Scan Direction": "Forward",
                      "Index Name": "movie_id_movie_keyword",
                      "Relation Name": "movie_keyword",
                      "Alias": "mk",
                      "Startup Cost": 0.43,
                      "Total Cost": 2.82,
                      "Plan Rows": 8,
                      "Plan Width": 4,
                      "Actual Startup Time": 0.02,
                      "Actual Total Time": 0.022,
                      "Actual Rows": 1,
                      "Actual Loops": 1,
                      "Index Cond": "(movie_id = t.id)",
                      "Rows Removed by Index Recheck": 0,
                      "Filter": "(keyword_id < 750)",
                      "Rows Removed by Filter": 3
                    }
                  ]
                }
              ]
            }
          ]
        }
      ]
    },
    "Planning Time": 1.162,
    "Triggers": [],
    "Execution Time": 13.473
  }
]