[
  {
    "Plan": {
      "Node Type": "Aggregate",
      "Strategy": "Plain",
      "Partial Mode": "Finalize",
      "Parallel Aware": false,
      "Startup Cost": 348339.18,
      "Total Cost": 348339.2,
      "Plan Rows": 1,
      "Plan Width": 8,
      "Actual Startup Time": 816.046,
      "Actual Total Time": 860.464,
      "Actual Rows": 1,
      "Actual Loops": 1,
      "Plans": [
        {
          "Node Type": "Gather",
          "Parent Relationship": "Outer",
          "Parallel Aware": false,
          "Startup Cost": 348338.56,
          "Total Cost": 348339.17,
          "Plan Rows": 6,
          "Plan Width": 8,
          "Actual Startup Time": 815.875,
          "Actual Total Time": 860.45,
          "Actual Rows": 7,
          "Actual Loops": 1,
          "Workers Planned": 6,
          "Workers Launched": 6,
          "Single Copy": false,
          "Plans": [
            {
              "Node Type": "Aggregate",
              "Strategy": "Plain",
              "Partial Mode": "Partial",
              "Parent Relationship": "Outer",
              "Parallel Aware": false,
              "Startup Cost": 347338.56,
              "Total Cost": 347338.57,
              "Plan Rows": 1,
              "Plan Width": 8,
              "Actual Startup Time": 809.433,
              "Actual Total Time": 809.434,
              "Actual Rows": 1,
              "Actual Loops": 7,
              "Plans": [
                {
                  "Node Type": "Seq Scan",
                  "Parent Relationship": "Outer",
                  "Parallel Aware": true,
                  "Relation Name": "cast_info",
                  "Alias": "ci",
                  "Startup Cost": 0.0,
                  "Total Cost": 343316.27,
                  "Plan Rows": 1608916,
                  "Plan Width": 0,
                  "Actual Startup Time": 321.409,
                  "Actual Total Time": 708.871,
                  "Actual Rows": 2086370,
                  "Actual Loops": 7,
                  "Filter": "((person_id > 2196680) AND (role_id > 1))",
                  "Rows Removed by Filter": 3091394
                }
              ]
            }
          ]
        }
      ]
    },
    "Planning Time": 0.227,
    "Triggers": [],
    "Execution Time": 860.533
  }
]