{
  "Plan": {
    "Node Type": "Aggregate",
    "Strategy": "Plain",
    "Partial Mode": "Finalize",
    "Parallel Aware": false,
    "Startup Cost": 841045.8,
    "Total Cost": 841045.81,
    "Plan Rows": 1,
    "Plan Width": 8,
    "Actual Startup Time": 10208.614,
    "Actual Total Time": 10342.619,
    "Actual Rows": 1,
    "Actual Loops": 1,
    "Plans": [
      {
        "Node Type": "Gather",
        "Parent Relationship": "Outer",
        "Parallel Aware": false,
        "Startup Cost": 841045.69,
        "Total Cost": 841045.8,
        "Plan Rows": 1,
        "Plan Width": 8,
        "Actual Startup Time": 10178.085,
        "Actual Total Time": 10342.608,
        "Actual Rows": 2,
        "Actual Loops": 1,
        "Workers Planned": 1,
        "Workers Launched": 1,
        "Single Copy": false,
        "Plans": [
          {
            "Node Type": "Aggregate",
            "Strategy": "Plain",
            "Partial Mode": "Partial",
            "Parent Relationship": "Outer",
            "Parallel Aware": false,
            "Startup Cost": 840045.69,
            "Total Cost": 840045.7,
            "Plan Rows": 1,
            "Plan Width": 8,
            "Actual Startup Time": 10155.802,
            "Actual Total Time": 10159.57,
            "Actual Rows": 1,
            "Actual Loops": 2,
            "Plans": [
              {
                "Node Type": "Hash Join",
                "Parent Relationship": "Outer",
                "Parallel Aware": true,
                "Join Type": "Inner",
                "Startup Cost": 732608.76,
                "Total Cost": 828455.42,
                "Plan Rows": 4636109,
                "Plan Width": 0,
                "Actual Startup Time": 8208.904,
                "Actual Total Time": 9638.51,
                "Actual Rows": 13444270,
                "Actual Loops": 2,
                "Inner Unique": false,
                "Hash Cond": "(mk.movie_id = t.id)",
                "Plans": [
                  {
                    "Node Type": "Seq Scan",
                    "Parent Relationship": "Outer",
                    "Parallel Aware": true,
                    "Relation Name": "movie_keyword",
                    "Alias": "mk",
                    "Startup Cost": 0.0,
                    "Total Cost": 57718.19,
                    "Plan Rows": 723816,
                    "Plan Width": 4,
                    "Actual Startup Time": 1.67,
                    "Actual Total Time": 169.69,
                    "Actual Rows": 618264,
                    "Actual Loops": 2,
                    "Filter": "(keyword_id > 14635)",
                    "Rows Removed by Filter": 1643700
                  },
                  {
                    "Node Type": "Hash",
                    "Parent Relationship": "Inner",
                    "Parallel Aware": true,
                    "Startup Cost": 613535.56,
                    "Total Cost": 613535.56,
                    "Plan Rows": 9525856,
                    "Plan Width": 8,
                    "Actual Startup Time": 8154.655,
                    "Actual Total Time": 8158.42,
                    "Actual Rows": 8091173,
                    "Actual Loops": 2,
                    "Hash Buckets": 16777216,
                    "Original Hash Buckets": 16777216,
                    "Hash Batches": 1,
                    "Original Hash Batches": 1,
                    "Peak Memory Usage": 764160,
                    "Plans": [
                      {
                        "Node Type": "Hash Join",
                        "Parent Relationship": "Outer",
                        "Parallel Aware": true,
                        "Join Type": "Inner",
                        "Startup Cost": 69460.7,
                        "Total Cost": 613535.56,
                        "Plan Rows": 9525856,
                        "Plan Width": 8,
                        "Actual Startup Time": 479.015,
                        "Actual Total Time": 5577.006,
                        "Actual Rows": 8091173,
                        "Actual Loops": 2,
                        "Inner Unique": true,
                        "Hash Cond": "(ci.movie_id = t.id)",
                        "Plans": [
                          {
                            "Node Type": "Seq Scan",
                            "Parent Relationship": "Outer",
                            "Parallel Aware": true,
                            "Relation Name": "cast_info",
                            "Alias": "ci",
                            "Startup Cost": 0.0,
                            "Total Cost": 519069.44,
                            "Plan Rows": 9525856,
                            "Plan Width": 4,
                            "Actual Startup Time": 0.014,
                            "Actual Total Time": 1492.3,
                            "Actual Rows": 8091173,
                            "Actual Loops": 2,
                            "Filter": "(person_id < 1602921)",
                            "Rows Removed by Filter": 10030999
                          },
                          {
                            "Node Type": "Hash",
                            "Parent Relationship": "Inner",
                            "Parallel Aware": true,
                            "Startup Cost": 50870.31,
                            "Total Cost": 50870.31,
                            "Plan Rows": 1487231,
                            "Plan Width": 4,
                            "Actual Startup Time": 468.456,
                            "Actual Total Time": 468.457,
                            "Actual Rows": 1264156,
                            "Actual Loops": 2,
                            "Hash Buckets": 4194304,
                            "Original Hash Buckets": 4194304,
                            "Hash Batches": 1,
                            "Original Hash Batches": 1,
                            "Peak Memory Usage": 131712,
                            "Plans": [
                              {
                                "Node Type": "Seq Scan",
                                "Parent Relationship": "Outer",
                                "Parallel Aware": true,
                                "Relation Name": "title",
                                "Alias": "t",
                                "Startup Cost": 0.0,
                                "Total Cost": 50870.31,
                                "Plan Rows": 1487231,
                                "Plan Width": 4,
                                "Actual Startup Time": 0.055,
                                "Actual Total Time": 153.957,
                                "Actual Rows": 1264156,
                                "Actual Loops": 2
                              }
                            ]
                          }
                        ]
                      }
                    ]
                  }
                ]
              }
            ]
          }
        ]
      }
    ]
  },
  "Planning Time": 1.041,
  "Triggers": [],
  "Execution Time": 10342.705
}