{
    "Plan": {
        "Node Type": "Aggregate",
        "Strategy": "Plain",
        "Partial Mode": "Finalize",
        "Parallel Aware": false,
        "Startup Cost": 639809.71,
        "Total Cost": 639809.72,
        "Plan Rows": 1,
        "Plan Width": 8,
        "Actual Startup Time": 5001.755,
        "Actual Total Time": 5093.933,
        "Actual Rows": 1,
        "Actual Loops": 1,
        "Output": [
            "count(*)"
        ],
        "Plans": [
            {
                "Node Type": "Gather",
                "Parent Relationship": "Outer",
                "Parallel Aware": false,
                "Startup Cost": 639809.19,
                "Total Cost": 639809.7,
                "Plan Rows": 5,
                "Plan Width": 8,
                "Actual Startup Time": 4946.132,
                "Actual Total Time": 5093.918,
                "Actual Rows": 6,
                "Actual Loops": 1,
                "Output": [
                    "(PARTIAL count(*))"
                ],
                "Workers Planned": 5,
                "Workers Launched": 5,
                "Single Copy": false,
                "Plans": [
                    {
                        "Node Type": "Aggregate",
                        "Strategy": "Plain",
                        "Partial Mode": "Partial",
                        "Parent Relationship": "Outer",
                        "Parallel Aware": false,
                        "Startup Cost": 638809.19,
                        "Total Cost": 638809.2,
                        "Plan Rows": 1,
                        "Plan Width": 8,
                        "Actual Startup Time": 4909.147,
                        "Actual Total Time": 4909.154,
                        "Actual Rows": 1,
                        "Actual Loops": 6,
                        "Output": [
                            "PARTIAL count(*)"
                        ],
                        "Workers": [
                            {
                                "Worker Number": 0,
                                "Actual Startup Time": 4901.752,
                                "Actual Total Time": 4901.756,
                                "Actual Rows": 1,
                                "Actual Loops": 1
                            },
                            {
                                "Worker Number": 1,
                                "Actual Startup Time": 4901.943,
                                "Actual Total Time": 4901.948,
                                "Actual Rows": 1,
                                "Actual Loops": 1
                            },
                            {
                                "Worker Number": 2,
                                "Actual Startup Time": 4902.082,
                                "Actual Total Time": 4902.085,
                                "Actual Rows": 1,
                                "Actual Loops": 1
                            },
                            {
                                "Worker Number": 3,
                                "Actual Startup Time": 4901.89,
                                "Actual Total Time": 4901.897,
                                "Actual Rows": 1,
                                "Actual Loops": 1
                            },
                            {
                                "Worker Number": 4,
                                "Actual Startup Time": 4901.987,
                                "Actual Total Time": 4901.992,
                                "Actual Rows": 1,
                                "Actual Loops": 1
                            }
                        ],
                        "Plans": [
                            {
                                "Node Type": "Hash Join",
                                "Parent Relationship": "Outer",
                                "Parallel Aware": true,
                                "Join Type": "Inner",
                                "Startup Cost": 398607.61,
                                "Total Cost": 616229.95,
                                "Plan Rows": 9031698,
                                "Plan Width": 0,
                                "Actual Startup Time": 2822.468,
                                "Actual Total Time": 4682.93,
                                "Actual Rows": 4670737,
                                "Actual Loops": 6,
                                "Inner Unique": false,
                                "Hash Cond": "(mi.movie_id = t.id)",
                                "Workers": [
                                    {
                                        "Worker Number": 0,
                                        "Actual Startup Time": 2815.574,
                                        "Actual Total Time": 4692.114,
                                        "Actual Rows": 5442868,
                                        "Actual Loops": 1
                                    },
                                    {
                                        "Worker Number": 1,
                                        "Actual Startup Time": 2823.472,
                                        "Actual Total Time": 4659.887,
                                        "Actual Rows": 3884527,
                                        "Actual Loops": 1
                                    },
                                    {
                                        "Worker Number": 2,
                                        "Actual Startup Time": 2815.701,
                                        "Actual Total Time": 4690.989,
                                        "Actual Rows": 5473816,
                                        "Actual Loops": 1
                                    },
                                    {
                                        "Worker Number": 3,
                                        "Actual Startup Time": 2815.583,
                                        "Actual Total Time": 4675.382,
                                        "Actual Rows": 3693790,
                                        "Actual Loops": 1
                                    },
                                    {
                                        "Worker Number": 4,
                                        "Actual Startup Time": 2815.783,
                                        "Actual Total Time": 4691.578,
                                        "Actual Rows": 5467439,
                                        "Actual Loops": 1
                                    }
                                ],
                                "Plans": [
                                    {
                                        "Node Type": "Seq Scan",
                                        "Parent Relationship": "Outer",
                                        "Parallel Aware": true,
                                        "Relation Name": "movie_info",
                                        "Schema": "public",
                                        "Alias": "mi",
                                        "Startup Cost": 0.0,
                                        "Total Cost": 191503.19,
                                        "Plan Rows": 2951019,
                                        "Plan Width": 4,
                                        "Actual Startup Time": 0.042,
                                        "Actual Total Time": 318.952,
                                        "Actual Rows": 2472620,
                                        "Actual Loops": 6,
                                        "Output": [
                                            "mi.id",
                                            "mi.movie_id",
                                            "mi.info_type_id",
                                            "mi.info",
                                            "mi.note"
                                        ],
                                        "Workers": [
                                            {
                                                "Worker Number": 0,
                                                "Actual Startup Time": 0.033,
                                                "Actual Total Time": 313.665,
                                                "Actual Rows": 2831449,
                                                "Actual Loops": 1
                                            },
                                            {
                                                "Worker Number": 1,
                                                "Actual Startup Time": 0.075,
                                                "Actual Total Time": 352.149,
                                                "Actual Rows": 2055764,
                                                "Actual Loops": 1
                                            },
                                            {
                                                "Worker Number": 2,
                                                "Actual Startup Time": 0.04,
                                                "Actual Total Time": 313.254,
                                                "Actual Rows": 2842523,
                                                "Actual Loops": 1
                                            },
                                            {
                                                "Worker Number": 3,
                                                "Actual Startup Time": 0.055,
                                                "Actual Total Time": 355.773,
                                                "Actual Rows": 1897581,
                                                "Actual Loops": 1
                                            },
                                            {
                                                "Worker Number": 4,
                                                "Actual Startup Time": 0.036,
                                                "Actual Total Time": 313.844,
                                                "Actual Rows": 2858105,
                                                "Actual Loops": 1
                                            }
                                        ]
                                    },
                                    {
                                        "Node Type": "Hash",
                                        "Parent Relationship": "Inner",
                                        "Parallel Aware": true,
                                        "Startup Cost": 382486.73,
                                        "Total Cost": 382486.73,
                                        "Plan Rows": 1289670,
                                        "Plan Width": 8,
                                        "Actual Startup Time": 2808.364,
                                        "Actual Total Time": 2808.369,
                                        "Actual Rows": 1205101,
                                        "Actual Loops": 6,
                                        "Output": [
                                            "t.id",
                                            "ci.movie_id"
                                        ],
                                        "Hash Buckets": 8388608,
                                        "Original Hash Buckets": 8388608,
                                        "Hash Batches": 1,
                                        "Original Hash Batches": 1,
                                        "Peak Memory Usage": 348448,
                                        "Workers": [
                                            {
                                                "Worker Number": 0,
                                                "Actual Startup Time": 2814.908,
                                                "Actual Total Time": 2814.911,
                                                "Actual Rows": 1302127,
                                                "Actual Loops": 1
                                            },
                                            {
                                                "Worker Number": 1,
                                                "Actual Startup Time": 2814.972,
                                                "Actual Total Time": 2814.976,
                                                "Actual Rows": 1295466,
                                                "Actual Loops": 1
                                            },
                                            {
                                                "Worker Number": 2,
                                                "Actual Startup Time": 2814.954,
                                                "Actual Total Time": 2814.956,
                                                "Actual Rows": 1324931,
                                                "Actual Loops": 1
                                            },
                                            {
                                                "Worker Number": 3,
                                                "Actual Startup Time": 2814.878,
                                                "Actual Total Time": 2814.882,
                                                "Actual Rows": 934400,
                                                "Actual Loops": 1
                                            },
                                            {
                                                "Worker Number": 4,
                                                "Actual Startup Time": 2815.085,
                                                "Actual Total Time": 2815.088,
                                                "Actual Rows": 1277584,
                                                "Actual Loops": 1
                                            }
                                        ],
                                        "Plans": [
                                            {
                                                "Node Type": "Hash Join",
                                                "Parent Relationship": "Outer",
                                                "Parallel Aware": true,
                                                "Join Type": "Inner",
                                                "Startup Cost": 48689.12,
                                                "Total Cost": 382486.73,
                                                "Plan Rows": 1289670,
                                                "Plan Width": 8,
                                                "Actual Startup Time": 239.317,
                                                "Actual Total Time": 1906.101,
                                                "Actual Rows": 1205101,
                                                "Actual Loops": 6,
                                                "Output": [
                                                    "t.id",
                                                    "ci.movie_id"
                                                ],
                                                "Inner Unique": true,
                                                "Hash Cond": "(ci.movie_id = t.id)",
                                                "Workers": [
                                                    {
                                                        "Worker Number": 0,
                                                        "Actual Startup Time": 239.242,
                                                        "Actual Total Time": 1908.363,
                                                        "Actual Rows": 1302127,
                                                        "Actual Loops": 1
                                                    },
                                                    {
                                                        "Worker Number": 1,
                                                        "Actual Startup Time": 239.354,
                                                        "Actual Total Time": 1908.347,
                                                        "Actual Rows": 1295466,
                                                        "Actual Loops": 1
                                                    },
                                                    {
                                                        "Worker Number": 2,
                                                        "Actual Startup Time": 239.282,
                                                        "Actual Total Time": 1905.714,
                                                        "Actual Rows": 1324931,
                                                        "Actual Loops": 1
                                                    },
                                                    {
                                                        "Worker Number": 3,
                                                        "Actual Startup Time": 239.311,
                                                        "Actual Total Time": 1913.806,
                                                        "Actual Rows": 934400,
                                                        "Actual Loops": 1
                                                    },
                                                    {
                                                        "Worker Number": 4,
                                                        "Actual Startup Time": 239.284,
                                                        "Actual Total Time": 1907.343,
                                                        "Actual Rows": 1277584,
                                                        "Actual Loops": 1
                                                    }
                                                ],
                                                "Plans": [
                                                    {
                                                        "Node Type": "Seq Scan",
                                                        "Parent Relationship": "Outer",
                                                        "Parallel Aware": true,
                                                        "Relation Name": "cast_info",
                                                        "Schema": "public",
                                                        "Alias": "ci",
                                                        "Startup Cost": 0.0,
                                                        "Total Cost": 328213.62,
                                                        "Plan Rows": 2127232,
                                                        "Plan Width": 4,
                                                        "Actual Startup Time": 0.04,
                                                        "Actual Total Time": 793.738,
                                                        "Actual Rows": 2111781,
                                                        "Actual Loops": 6,
                                                        "Output": [
                                                            "ci.id",
                                                            "ci.person_id",
                                                            "ci.movie_id",
                                                            "ci.person_role_id",
                                                            "ci.note",
                                                            "ci.nr_order",
                                                            "ci.role_id"
                                                        ],
                                                        "Filter": "(ci.role_id = 1)",
                                                        "Rows Removed by Filter": 3928943,
                                                        "Workers": [
                                                            {
                                                                "Worker Number": 0,
                                                                "Actual Startup Time": 0.046,
                                                                "Actual Total Time": 794.204,
                                                                "Actual Rows": 2299143,
                                                                "Actual Loops": 1
                                                            },
                                                            {
                                                                "Worker Number": 1,
                                                                "Actual Startup Time": 0.039,
                                                                "Actual Total Time": 799.776,
                                                                "Actual Rows": 2270306,
                                                                "Actual Loops": 1
                                                            },
                                                            {
                                                                "Worker Number": 2,
                                                                "Actual Startup Time": 0.044,
                                                                "Actual Total Time": 792.172,
                                                                "Actual Rows": 2319604,
                                                                "Actual Loops": 1
                                                            },
                                                            {
                                                                "Worker Number": 3,
                                                                "Actual Startup Time": 0.059,
                                                                "Actual Total Time": 804.05,
                                                                "Actual Rows": 1611582,
                                                                "Actual Loops": 1
                                                            },
                                                            {
                                                                "Worker Number": 4,
                                                                "Actual Startup Time": 0.04,
                                                                "Actual Total Time": 798.455,
                                                                "Actual Rows": 2251972,
                                                                "Actual Loops": 1
                                                            }
                                                        ]
                                                    },
                                                    {
                                                        "Node Type": "Hash",
                                                        "Parent Relationship": "Inner",
                                                        "Parallel Aware": true,
                                                        "Startup Cost": 43899.01,
                                                        "Total Cost": 43899.01,
                                                        "Plan Rows": 383209,
                                                        "Plan Width": 4,
                                                        "Actual Startup Time": 236.487,
                                                        "Actual Total Time": 236.488,
                                                        "Actual Rows": 257211,
                                                        "Actual Loops": 6,
                                                        "Output": [
                                                            "t.id"
                                                        ],
                                                        "Hash Buckets": 2097152,
                                                        "Original Hash Buckets": 2097152,
                                                        "Hash Batches": 1,
                                                        "Original Hash Batches": 1,
                                                        "Peak Memory Usage": 76896,
                                                        "Workers": [
                                                            {
                                                                "Worker Number": 0,
                                                                "Actual Startup Time": 239.086,
                                                                "Actual Total Time": 239.087,
                                                                "Actual Rows": 276490,
                                                                "Actual Loops": 1
                                                            },
                                                            {
                                                                "Worker Number": 1,
                                                                "Actual Startup Time": 238.964,
                                                                "Actual Total Time": 238.965,
                                                                "Actual Rows": 261891,
                                                                "Actual Loops": 1
                                                            },
                                                            {
                                                                "Worker Number": 2,
                                                                "Actual Startup Time": 238.926,
                                                                "Actual Total Time": 238.927,
                                                                "Actual Rows": 262911,
                                                                "Actual Loops": 1
                                                            },
                                                            {
                                                                "Worker Number": 3,
                                                                "Actual Startup Time": 239.06,
                                                                "Actual Total Time": 239.061,
                                                                "Actual Rows": 185627,
                                                                "Actual Loops": 1
                                                            },
                                                            {
                                                                "Worker Number": 4,
                                                                "Actual Startup Time": 238.948,
                                                                "Actual Total Time": 238.95,
                                                                "Actual Rows": 269215,
                                                                "Actual Loops": 1
                                                            }
                                                        ],
                                                        "Plans": [
                                                            {
                                                                "Node Type": "Seq Scan",
                                                                "Parent Relationship": "Outer",
                                                                "Parallel Aware": true,
                                                                "Relation Name": "title",
                                                                "Schema": "public",
                                                                "Alias": "t",
                                                                "Startup Cost": 0.0,
                                                                "Total Cost": 43899.01,
                                                                "Plan Rows": 383209,
                                                                "Plan Width": 4,
                                                                "Actual Startup Time": 0.075,
                                                                "Actual Total Time": 90.345,
                                                                "Actual Rows": 257211,
                                                                "Actual Loops": 6,
                                                                "Output": [
                                                                    "t.id"
                                                                ],
                                                                "Filter": "(t.kind_id = 7)",
                                                                "Rows Removed by Filter": 164175,
                                                                "Workers": [
                                                                    {
                                                                        "Worker Number": 0,
                                                                        "Actual Startup Time": 0.084,
                                                                        "Actual Total Time": 92.273,
                                                                        "Actual Rows": 276490,
                                                                        "Actual Loops": 1
                                                                    },
                                                                    {
                                                                        "Worker Number": 1,
                                                                        "Actual Startup Time": 0.079,
                                                                        "Actual Total Time": 92.349,
                                                                        "Actual Rows": 261891,
                                                                        "Actual Loops": 1
                                                                    },
                                                                    {
                                                                        "Worker Number": 2,
                                                                        "Actual Startup Time": 0.099,
                                                                        "Actual Total Time": 92.121,
                                                                        "Actual Rows": 262911,
                                                                        "Actual Loops": 1
                                                                    },
                                                                    {
                                                                        "Worker Number": 3,
                                                                        "Actual Startup Time": 0.096,
                                                                        "Actual Total Time": 90.794,
                                                                        "Actual Rows": 185627,
                                                                        "Actual Loops": 1
                                                                    },
                                                                    {
                                                                        "Worker Number": 4,
                                                                        "Actual Startup Time": 0.07,
                                                                        "Actual Total Time": 92.074,
                                                                        "Actual Rows": 269215,
                                                                        "Actual Loops": 1
                                                                    }
                                                                ]
                                                            }
                                                        ]
                                                    }
                                                ]
                                            }
                                        ]
                                    }
                                ]
                            }
                        ]
                    }
                ]
            }
        ]
    },
    "Planning Time": 1.497,
    "Triggers": [],
    "Execution Time": 5094.03
}