[
  {
    "Plan": {
      "Node Type": "Aggregate",
      "Strategy": "Plain",
      "Partial Mode": "Finalize",
      "Parallel Aware": false,
      "Startup Cost": 46487.94,
      "Total Cost": 46487.95,
      "Plan Rows": 1,
      "Plan Width": 8,
      "Actual Startup Time": 88.964,
      "Actual Total Time": 100.841,
      "Actual Rows": 1,
      "Actual Loops": 1,
      "Plans": [
        {
          "Node Type": "Gather",
          "Parent Relationship": "Outer",
          "Parallel Aware": false,
          "Startup Cost": 46487.52,
          "Total Cost": 46487.93,
          "Plan Rows": 4,
          "Plan Width": 8,
          "Actual Startup Time": 88.61,
          "Actual Total Time": 100.83,
          "Actual Rows": 5,
          "Actual Loops": 1,
          "Workers Planned": 4,
          "Workers Launched": 4,
          "Single Copy": false,
          "Plans": [
            {
              "Node Type": "Aggregate",
              "Strategy": "Plain",
              "Partial Mode": "Partial",
              "Parent Relationship": "Outer",
              "Parallel Aware": false,
              "Startup Cost": 45487.52,
              "Total Cost": 45487.53,
              "Plan Rows": 1,
              "Plan Width": 8,
              "Actual Startup Time": 82.799,
              "Actual Total Time": 82.801,
              "Actual Rows": 1,
              "Actual Loops": 5,
              "Plans": [
                {
                  "Node Type": "Seq Scan",
                  "Parent Relationship": "Outer",
                  "Parallel Aware": true,
                  "Relation Name": "title",
                  "Alias": "t",
                  "Startup Cost": 0.0,
                  "Total Cost": 45479.59,
                  "Plan Rows": 3174,
                  "Plan Width": 0,
                  "Actual Startup Time": 0.141,
                  "Actual Total Time": 82.513,
                  "Actual Rows": 2399,
                  "Actual Loops": 5,
                  "Filter": "((kind_id = 7) AND (production_year = 1987))",
                  "Rows Removed by Filter": 503263
                }
              ]
            }
          ]
        }
      ]
    },
    "Planning Time": 0.186,
    "Triggers": [],
    "Execution Time": 100.894
  }
]