[
  {
    "Plan": {
      "Node Type": "Aggregate",
      "Strategy": "Plain",
      "Partial Mode": "Finalize",
      "Parallel Aware": false,
      "Startup Cost": 29394.57,
      "Total Cost": 29394.58,
      "Plan Rows": 1,
      "Plan Width": 8,
      "Actual Startup Time": 35.412,
      "Actual Total Time": 39.326,
      "Actual Rows": 1,
      "Actual Loops": 1,
      "Plans": [
        {
          "Node Type": "Gather",
          "Parent Relationship": "Outer",
          "Parallel Aware": false,
          "Startup Cost": 29394.36,
          "Total Cost": 29394.57,
          "Plan Rows": 2,
          "Plan Width": 8,
          "Actual Startup Time": 35.181,
          "Actual Total Time": 39.319,
          "Actual Rows": 3,
          "Actual Loops": 1,
          "Workers Planned": 2,
          "Workers Launched": 2,
          "Single Copy": false,
          "Plans": [
            {
              "Node Type": "Aggregate",
              "Strategy": "Plain",
              "Partial Mode": "Partial",
              "Parent Relationship": "Outer",
              "Parallel Aware": false,
              "Startup Cost": 28394.36,
              "Total Cost": 28394.37,
              "Plan Rows": 1,
              "Plan Width": 8,
              "Actual Startup Time": 26.963,
              "Actual Total Time": 26.965,
              "Actual Rows": 1,
              "Actual Loops": 3,
              "Plans": [
                {
                  "Node Type": "Nested Loop",
                  "Parent Relationship": "Outer",
                  "Parallel Aware": false,
                  "Join Type": "Inner",
                  "Startup Cost": 184.54,
                  "Total Cost": 28391.67,
                  "Plan Rows": 1074,
                  "Plan Width": 0,
                  "Actual Startup Time": 1.738,
                  "Actual Total Time": 26.418,
                  "Actual Rows": 2599,
                  "Actual Loops": 3,
                  "Inner Unique": true,
                  "Plans": [
                    {
                      "Node Type": "Bitmap Heap Scan",
                      "Parent Relationship": "Outer",
                      "Parallel Aware": true,
                      "Relation Name": "movie_companies",
                      "Alias": "mc",
                      "Startup Cost": 184.11,
                      "Total Cost": 15205.39,
                      "Plan Rows": 1766,
                      "Plan Width": 4,
                      "Actual Startup Time": 1.557,
                      "Actual Total Time": 3.935,
                      "Actual Rows": 2869,
                      "Actual Loops": 3,
                      "Recheck Cond": "(company_id = 596)",
                      "Rows Removed by Index Recheck": 0,
                      "Filter": "(company_type_id = 2)",
                      "Rows Removed by Filter": 32,
                      "Exact Heap Blocks": 660,
                      "Lossy Heap Blocks": 0,
                      "Plans": [
                        {
                          "Node Type": "Bitmap Index Scan",
                          "Parent Relationship": "Outer",
                          "Parallel Aware": false,
                          "Index Name": "company_id_movie_companies",
                          "Startup Cost": 0.0,
                          "Total Cost": 183.05,
                          "Plan Rows": 8349,
                          "Plan Width": 0,
                          "Actual Startup Time": 3.714,
                          "Actual Total Time": 3.714,
                          "Actual Rows": 8702,
                          "Actual Loops": 1,
                          "Index Cond": "(company_id = 596)"
                        }
                      ]
                    },
                    {
                      "Node Type": "Index Scan",
                      "Parent Relationship": "Inner",
                      "Parallel Aware": false,
                      "Scan Direction": "Forward",
                      "Index Name": "title_pkey",
                      "Relation Name": "title",
                      "Alias": "t",
                      "Startup Cost": 0.43,
                      "Total Cost": 7.47,
                      "Plan Rows": 1,
                      "Plan Width": 4,
                      "Actual Startup Time": 0.007,
                      "Actual Total Time": 0.007,
                      "Actual Rows": 1,
                      "Actual Loops": 8606,
                      "Index Cond": "(id = mc.movie_id)",
                      "Rows Removed by Index Recheck": 0,
                      "Filter": "(kind_id = 7)",
                      "Rows Removed by Filter": 0
                    }
                  ]
                }
              ]
            }
          ]
        }
      ]
    },
    "Planning Time": 0.65,
    "Triggers": [],
    "Execution Time": 39.409
  }
]