[
  {
    "Plan": {
      "Node Type": "Aggregate",
      "Strategy": "Plain",
      "Partial Mode": "Finalize",
      "Parallel Aware": false,
      "Startup Cost": 89776.7,
      "Total Cost": 89776.71,
      "Plan Rows": 1,
      "Plan Width": 8,
      "Actual Startup Time": 247.763,
      "Actual Total Time": 267.979,
      "Actual Rows": 1,
      "Actual Loops": 1,
      "Plans": [
        {
          "Node Type": "Gather",
          "Parent Relationship": "Outer",
          "Parallel Aware": false,
          "Startup Cost": 89776.38,
          "Total Cost": 89776.69,
          "Plan Rows": 3,
          "Plan Width": 8,
          "Actual Startup Time": 247.528,
          "Actual Total Time": 267.961,
          "Actual Rows": 4,
          "Actual Loops": 1,
          "Workers Planned": 3,
          "Workers Launched": 3,
          "Single Copy": false,
          "Plans": [
            {
              "Node Type": "Aggregate",
              "Strategy": "Plain",
              "Partial Mode": "Partial",
              "Parent Relationship": "Outer",
              "Parallel Aware": false,
              "Startup Cost": 88776.38,
              "Total Cost": 88776.39,
              "Plan Rows": 1,
              "Plan Width": 8,
              "Actual Startup Time": 243.093,
              "Actual Total Time": 243.096,
              "Actual Rows": 1,
              "Actual Loops": 4,
              "Plans": [
                {
                  "Node Type": "Hash Join",
                  "Parent Relationship": "Outer",
                  "Parallel Aware": true,
                  "Join Type": "Inner",
                  "Startup Cost": 45765.87,
                  "Total Cost": 88643.95,
                  "Plan Rows": 52970,
                  "Plan Width": 0,
                  "Actual Startup Time": 210.568,
                  "Actual Total Time": 243.089,
                  "Actual Rows": 0,
                  "Actual Loops": 4,
                  "Inner Unique": true,
                  "Hash Cond": "(mk.movie_id = t.id)",
                  "Plans": [
                    {
                      "Node Type": "Seq Scan",
                      "Parent Relationship": "Outer",
                      "Parallel Aware": true,
                      "Relation Name": "movie_keyword",
                      "Alias": "mk",
                      "Startup Cost": 0.0,
                      "Total Cost": 39047.32,
                      "Plan Rows": 1459332,
                      "Plan Width": 4,
                      "Actual Startup Time": 0.026,
                      "Actual Total Time": 86.616,
                      "Actual Rows": 1130982,
                      "Actual Loops": 4
                    },
                    {
                      "Node Type": "Hash",
                      "Parent Relationship": "Inner",
                      "Parallel Aware": true,
                      "Startup Cost": 45479.1,
                      "Total Cost": 45479.1,
                      "Plan Rows": 22942,
                      "Plan Width": 4,
                      "Actual Startup Time": 85.499,
                      "Actual Total Time": 85.5,
                      "Actual Rows": 2,
                      "Actual Loops": 4,
                      "Hash Buckets": 131072,
                      "Original Hash Buckets": 131072,
                      "Hash Batches": 1,
                      "Original Hash Batches": 1,
                      "Peak Memory Usage": 1152,
                      "Plans": [
                        {
                          "Node Type": "Seq Scan",
                          "Parent Relationship": "Outer",
                          "Parallel Aware": true,
                          "Relation Name": "title",
                          "Alias": "t",
                          "Startup Cost": 0.0,
                          "Total Cost": 45479.1,
                          "Plan Rows": 22942,
                          "Plan Width": 4,
                          "Actual Startup Time": 43.679,
                          "Actual Total Time": 85.411,
                          "Actual Rows": 2,
                          "Actual Loops": 4,
                          "Filter": "((kind_id > 1) AND (production_year < 1934))",
                          "Rows Removed by Filter": 632076
                        }
                      ]
                    }
                  ]
                }
              ]
            }
          ]
        }
      ]
    },
    "Planning Time": 0.338,
    "Triggers": [],
    "Execution Time": 268.023
  }
]