[
  {
    "Plan": {
      "Node Type": "Aggregate",
      "Strategy": "Plain",
      "Partial Mode": "Finalize",
      "Parallel Aware": false,
      "Startup Cost": 46883.77,
      "Total Cost": 46883.78,
      "Plan Rows": 1,
      "Plan Width": 8,
      "Actual Startup Time": 108.175,
      "Actual Total Time": 120.403,
      "Actual Rows": 1,
      "Actual Loops": 1,
      "Plans": [
        {
          "Node Type": "Gather",
          "Parent Relationship": "Outer",
          "Parallel Aware": false,
          "Startup Cost": 46883.35,
          "Total Cost": 46883.76,
          "Plan Rows": 4,
          "Plan Width": 8,
          "Actual Startup Time": 108.015,
          "Actual Total Time": 120.393,
          "Actual Rows": 5,
          "Actual Loops": 1,
          "Workers Planned": 4,
          "Workers Launched": 4,
          "Single Copy": false,
          "Plans": [
            {
              "Node Type": "Aggregate",
              "Strategy": "Plain",
              "Partial Mode": "Partial",
              "Parent Relationship": "Outer",
              "Parallel Aware": false,
              "Startup Cost": 45883.35,
              "Total Cost": 45883.36,
              "Plan Rows": 1,
              "Plan Width": 8,
              "Actual Startup Time": 99.423,
              "Actual Total Time": 99.424,
              "Actual Rows": 1,
              "Actual Loops": 5,
              "Plans": [
                {
                  "Node Type": "Seq Scan",
                  "Parent Relationship": "Outer",
                  "Parallel Aware": true,
                  "Relation Name": "title",
                  "Alias": "t",
                  "Startup Cost": 0.0,
                  "Total Cost": 45479.1,
                  "Plan Rows": 161700,
                  "Plan Width": 0,
                  "Actual Startup Time": 0.045,
                  "Actual Total Time": 93.354,
                  "Actual Rows": 108884,
                  "Actual Loops": 5,
                  "Filter": "((kind_id < 7) AND (production_year > 1994))",
                  "Rows Removed by Filter": 396779
                }
              ]
            }
          ]
        }
      ]
    },
    "Planning Time": 0.183,
    "Triggers": [],
    "Execution Time": 120.463
  }
]