[
  {
    "Plan": {
      "Node Type": "Aggregate",
      "Strategy": "Plain",
      "Partial Mode": "Finalize",
      "Parallel Aware": false,
      "Startup Cost": 237269.6,
      "Total Cost": 237269.61,
      "Plan Rows": 1,
      "Plan Width": 8,
      "Actual Startup Time": 206.6,
      "Actual Total Time": 215.363,
      "Actual Rows": 1,
      "Actual Loops": 1,
      "Plans": [
        {
          "Node Type": "Gather",
          "Parent Relationship": "Outer",
          "Parallel Aware": false,
          "Startup Cost": 237269.07,
          "Total Cost": 237269.58,
          "Plan Rows": 5,
          "Plan Width": 8,
          "Actual Startup Time": 204.802,
          "Actual Total Time": 215.348,
          "Actual Rows": 6,
          "Actual Loops": 1,
          "Workers Planned": 5,
          "Workers Launched": 5,
          "Single Copy": false,
          "Plans": [
            {
              "Node Type": "Aggregate",
              "Strategy": "Plain",
              "Partial Mode": "Partial",
              "Parent Relationship": "Outer",
              "Parallel Aware": false,
              "Startup Cost": 236269.07,
              "Total Cost": 236269.08,
              "Plan Rows": 1,
              "Plan Width": 8,
              "Actual Startup Time": 199.796,
              "Actual Total Time": 199.799,
              "Actual Rows": 1,
              "Actual Loops": 6,
              "Plans": [
                {
                  "Node Type": "Hash Join",
                  "Parent Relationship": "Outer",
                  "Parallel Aware": true,
                  "Join Type": "Inner",
                  "Startup Cost": 70195.37,
                  "Total Cost": 236226.27,
                  "Plan Rows": 17120,
                  "Plan Width": 0,
                  "Actual Startup Time": 128.683,
                  "Actual Total Time": 199.485,
                  "Actual Rows": 3443,
                  "Actual Loops": 6,
                  "Inner Unique": true,
                  "Hash Cond": "(mi.movie_id = t.id)",
                  "Plans": [
                    {
                      "Node Type": "Bitmap Heap Scan",
                      "Parent Relationship": "Outer",
                      "Parallel Aware": true,
                      "Relation Name": "movie_info",
                      "Alias": "mi",
                      "Startup Cost": 24209.48,
                      "Total Cost": 189539.59,
                      "Plan Rows": 266969,
                      "Plan Width": 4,
                      "Actual Startup Time": 47.262,
                      "Actual Total Time": 80.463,
                      "Actual Rows": 220894,
                      "Actual Loops": 6,
                      "Recheck Cond": "(info_type_id = 8)",
                      "Rows Removed by Index Recheck": 0,
                      "Exact Heap Blocks": 1400,
                      "Lossy Heap Blocks": 0,
                      "Plans": [
                        {
                          "Node Type": "Bitmap Index Scan",
                          "Parent Relationship": "Outer",
                          "Parallel Aware": false,
                          "Index Name": "info_type_id_movie_info",
                          "Startup Cost": 0.0,
                          "Total Cost": 23875.77,
                          "Plan Rows": 1334844,
                          "Plan Width": 0,
                          "Actual Startup Time": 45.943,
                          "Actual Total Time": 45.943,
                          "Actual Rows": 1325361,
                          "Actual Loops": 1,
                          "Index Cond": "(info_type_id = 8)"
                        }
                      ]
                    },
                    {
                      "Node Type": "Hash",
                      "Parent Relationship": "Inner",
                      "Parallel Aware": true,
                      "Startup Cost": 45479.21,
                      "Total Cost": 45479.21,
                      "Plan Rows": 40535,
                      "Plan Width": 4,
                      "Actual Startup Time": 79.463,
                      "Actual Total Time": 79.464,
                      "Actual Rows": 27036,
                      "Actual Loops": 6,
                      "Hash Buckets": 262144,
                      "Original Hash Buckets": 262144,
                      "Hash Batches": 1,
                      "Original Hash Batches": 1,
                      "Peak Memory Usage": 8448,
                      "Plans": [
                        {
                          "Node Type": "Seq Scan",
                          "Parent Relationship": "Outer",
                          "Parallel Aware": true,
                          "Relation Name": "title",
                          "Alias": "t",
                          "Startup Cost": 0.0,
                          "Total Cost": 45479.21,
                          "Plan Rows": 40535,
                          "Plan Width": 4,
                          "Actual Startup Time": 0.019,
                          "Actual Total Time": 68.403,
                          "Actual Rows": 27036,
                          "Actual Loops": 6,
                          "Filter": "((kind_id > 2) AND (production_year > 2011))",
                          "Rows Removed by Filter": 394349
                        }
                      ]
                    }
                  ]
                }
              ]
            }
          ]
        }
      ]
    },
    "Planning Time": 0.511,
    "Triggers": [],
    "Execution Time": 215.431
  }
]