[
    {
        "Bao": {
            "Bao prediction": "NaN",
            "Bao recommended hint": "(no hint)"
        }
    },
    {
        "Plan": {
            "Node Type": "Aggregate",
            "Strategy": "Plain",
            "Partial Mode": "Finalize",
            "Parallel Aware": false,
            "Startup Cost": 33397.39,
            "Total Cost": 33397.4,
            "Plan Rows": 1,
            "Plan Width": 8,
            "Actual Startup Time": 102.174,
            "Actual Total Time": 106.736,
            "Actual Rows": 1,
            "Actual Loops": 1,
            "Output": [
                "count(*)"
            ],
            "Plans": [
                {
                    "Node Type": "Gather",
                    "Parent Relationship": "Outer",
                    "Parallel Aware": false,
                    "Startup Cost": 33397.07,
                    "Total Cost": 33397.38,
                    "Plan Rows": 3,
                    "Plan Width": 8,
                    "Actual Startup Time": 102.076,
                    "Actual Total Time": 106.729,
                    "Actual Rows": 4,
                    "Actual Loops": 1,
                    "Output": [
                        "(PARTIAL count(*))"
                    ],
                    "Workers Planned": 3,
                    "Workers Launched": 3,
                    "Single Copy": false,
                    "Plans": [
                        {
                            "Node Type": "Aggregate",
                            "Strategy": "Plain",
                            "Partial Mode": "Partial",
                            "Parent Relationship": "Outer",
                            "Parallel Aware": false,
                            "Startup Cost": 32397.07,
                            "Total Cost": 32397.08,
                            "Plan Rows": 1,
                            "Plan Width": 8,
                            "Actual Startup Time": 93.893,
                            "Actual Total Time": 93.894,
                            "Actual Rows": 1,
                            "Actual Loops": 4,
                            "Output": [
                                "PARTIAL count(*)"
                            ],
                            "Workers": [
                                {
                                    "Worker Number": 0,
                                    "Actual Startup Time": 91.148,
                                    "Actual Total Time": 91.149,
                                    "Actual Rows": 1,
                                    "Actual Loops": 1
                                },
                                {
                                    "Worker Number": 1,
                                    "Actual Startup Time": 91.158,
                                    "Actual Total Time": 91.159,
                                    "Actual Rows": 1,
                                    "Actual Loops": 1
                                },
                                {
                                    "Worker Number": 2,
                                    "Actual Startup Time": 91.597,
                                    "Actual Total Time": 91.598,
                                    "Actual Rows": 1,
                                    "Actual Loops": 1
                                }
                            ],
                            "Plans": [
                                {
                                    "Node Type": "Seq Scan",
                                    "Parent Relationship": "Outer",
                                    "Parallel Aware": true,
                                    "Relation Name": "movie_companies",
                                    "Schema": "public",
                                    "Alias": "mc",
                                    "Startup Cost": 0.0,
                                    "Total Cost": 31414.82,
                                    "Plan Rows": 392901,
                                    "Plan Width": 0,
                                    "Actual Startup Time": 46.346,
                                    "Actual Total Time": 81.125,
                                    "Actual Rows": 321076,
                                    "Actual Loops": 4,
                                    "Output": [
                                        "id",
                                        "movie_id",
                                        "company_id",
                                        "company_type_id",
                                        "note"
                                    ],
                                    "Filter": "((mc.company_id > 73) AND (mc.company_type_id > 1))",
                                    "Rows Removed by Filter": 331206,
                                    "Workers": [
                                        {
                                            "Worker Number": 0,
                                            "Actual Startup Time": 43.604,
                                            "Actual Total Time": 78.58,
                                            "Actual Rows": 312124,
                                            "Actual Loops": 1
                                        },
                                        {
                                            "Worker Number": 1,
                                            "Actual Startup Time": 43.605,
                                            "Actual Total Time": 78.644,
                                            "Actual Rows": 310924,
                                            "Actual Loops": 1
                                        },
                                        {
                                            "Worker Number": 2,
                                            "Actual Startup Time": 44.054,
                                            "Actual Total Time": 79.26,
                                            "Actual Rows": 306305,
                                            "Actual Loops": 1
                                        }
                                    ]
                                }
                            ]
                        }
                    ]
                }
            ]
        },
        "Planning Time": 177.01,
        "Triggers": [],
        "Execution Time": 106.791
    }
]