[
  {
    "Plan": {
      "Node Type": "Aggregate",
      "Strategy": "Plain",
      "Partial Mode": "Finalize",
      "Parallel Aware": false,
      "Startup Cost": 45403.23,
      "Total Cost": 45403.24,
      "Plan Rows": 1,
      "Plan Width": 8,
      "Actual Startup Time": 142.819,
      "Actual Total Time": 151.472,
      "Actual Rows": 1,
      "Actual Loops": 1,
      "Plans": [
        {
          "Node Type": "Gather",
          "Parent Relationship": "Outer",
          "Parallel Aware": false,
          "Startup Cost": 45402.91,
          "Total Cost": 45403.22,
          "Plan Rows": 3,
          "Plan Width": 8,
          "Actual Startup Time": 142.676,
          "Actual Total Time": 151.464,
          "Actual Rows": 4,
          "Actual Loops": 1,
          "Workers Planned": 3,
          "Workers Launched": 3,
          "Single Copy": false,
          "Plans": [
            {
              "Node Type": "Aggregate",
              "Strategy": "Plain",
              "Partial Mode": "Partial",
              "Parent Relationship": "Outer",
              "Parallel Aware": false,
              "Startup Cost": 44402.91,
              "Total Cost": 44402.92,
              "Plan Rows": 1,
              "Plan Width": 8,
              "Actual Startup Time": 137.428,
              "Actual Total Time": 137.429,
              "Actual Rows": 1,
              "Actual Loops": 4,
              "Plans": [
                {
                  "Node Type": "Seq Scan",
                  "Parent Relationship": "Outer",
                  "Parallel Aware": true,
                  "Relation Name": "movie_keyword",
                  "Alias": "mk",
                  "Startup Cost": 0.0,
                  "Total Cost": 42695.65,
                  "Plan Rows": 682902,
                  "Plan Width": 0,
                  "Actual Startup Time": 0.665,
                  "Actual Total Time": 113.079,
                  "Actual Rows": 525898,
                  "Actual Loops": 4,
                  "Filter": "(keyword_id > 5706)",
                  "Rows Removed by Filter": 605084
                }
              ]
            }
          ]
        }
      ]
    },
    "Planning Time": 0.158,
    "Triggers": [],
    "Execution Time": 151.52
  }
]