[
    {
        "Bao": {
            "Bao prediction": 1631.395,
            "Bao recommended hint": "SET enable_mergejoin TO off; "
        }
    },
    {
        "Plan": {
            "Node Type": "Aggregate",
            "Strategy": "Plain",
            "Partial Mode": "Simple",
            "Parallel Aware": false,
            "Startup Cost": 4089.67,
            "Total Cost": 4089.68,
            "Plan Rows": 1,
            "Plan Width": 64,
            "Actual Startup Time": 1924.993,
            "Actual Total Time": 1925.002,
            "Actual Rows": 1,
            "Actual Loops": 1,
            "Output": [
                "min(an.name)",
                "min(t.title)"
            ],
            "Plans": [
                {
                    "Node Type": "Nested Loop",
                    "Parent Relationship": "Outer",
                    "Parallel Aware": false,
                    "Join Type": "Inner",
                    "Startup Cost": 13.5,
                    "Total Cost": 4086.42,
                    "Plan Rows": 650,
                    "Plan Width": 33,
                    "Actual Startup Time": 24.423,
                    "Actual Total Time": 1877.1,
                    "Actual Rows": 243844,
                    "Actual Loops": 1,
                    "Output": [
                        "an.name",
                        "t.title"
                    ],
                    "Inner Unique": false,
                    "Join Filter": "(n.id = an.person_id)",
                    "Rows Removed by Join Filter": 0,
                    "Plans": [
                        {
                            "Node Type": "Nested Loop",
                            "Parent Relationship": "Outer",
                            "Parallel Aware": false,
                            "Join Type": "Inner",
                            "Startup Cost": 13.07,
                            "Total Cost": 3954.54,
                            "Plan Rows": 271,
                            "Plan Width": 25,
                            "Actual Startup Time": 24.281,
                            "Actual Total Time": 1294.885,
                            "Actual Rows": 170824,
                            "Actual Loops": 1,
                            "Output": [
                                "ci.person_id",
                                "n.id",
                                "t.title"
                            ],
                            "Inner Unique": true,
                            "Plans": [
                                {
                                    "Node Type": "Nested Loop",
                                    "Parent Relationship": "Outer",
                                    "Parallel Aware": false,
                                    "Join Type": "Inner",
                                    "Startup Cost": 12.64,
                                    "Total Cost": 3831.16,
                                    "Plan Rows": 271,
                                    "Plan Width": 21,
                                    "Actual Startup Time": 24.136,
                                    "Actual Total Time": 665.64,
                                    "Actual Rows": 170824,
                                    "Actual Loops": 1,
                                    "Output": [
                                        "ci.person_id",
                                        "t.title"
                                    ],
                                    "Inner Unique": false,
                                    "Join Filter": "(t.id = ci.movie_id)",
                                    "Rows Removed by Join Filter": 0,
                                    "Plans": [
                                        {
                                            "Node Type": "Nested Loop",
                                            "Parent Relationship": "Outer",
                                            "Parallel Aware": false,
                                            "Join Type": "Inner",
                                            "Startup Cost": 12.08,
                                            "Total Cost": 3799.9,
                                            "Plan Rows": 16,
                                            "Plan Width": 29,
                                            "Actual Startup Time": 24.042,
                                            "Actual Total Time": 332.037,
                                            "Actual Rows": 6209,
                                            "Actual Loops": 1,
                                            "Output": [
                                                "mc.movie_id",
                                                "mk.movie_id",
                                                "t.title",
                                                "t.id"
                                            ],
                                            "Inner Unique": true,
                                            "Plans": [
                                                {
                                                    "Node Type": "Nested Loop",
                                                    "Parent Relationship": "Outer",
                                                    "Parallel Aware": false,
                                                    "Join Type": "Inner",
                                                    "Startup Cost": 11.66,
                                                    "Total Cost": 3780.28,
                                                    "Plan Rows": 44,
                                                    "Plan Width": 33,
                                                    "Actual Startup Time": 22.119,
                                                    "Actual Total Time": 301.978,
                                                    "Actual Rows": 8299,
                                                    "Actual Loops": 1,
                                                    "Output": [
                                                        "mk.movie_id",
                                                        "mc.movie_id",
                                                        "mc.company_id",
                                                        "t.title",
                                                        "t.id"
                                                    ],
                                                    "Inner Unique": false,
                                                    "Join Filter": "(t.id = mc.movie_id)",
                                                    "Rows Removed by Join Filter": 0,
                                                    "Plans": [
                                                        {
                                                            "Node Type": "Nested Loop",
                                                            "Parent Relationship": "Outer",
                                                            "Parallel Aware": false,
                                                            "Join Type": "Inner",
                                                            "Startup Cost": 11.23,
                                                            "Total Cost": 3774.84,
                                                            "Plan Rows": 9,
                                                            "Plan Width": 25,
                                                            "Actual Startup Time": 21.746,
                                                            "Actual Total Time": 270.168,
                                                            "Actual Rows": 5078,
                                                            "Actual Loops": 1,
                                                            "Output": [
                                                                "mk.movie_id",
                                                                "t.title",
                                                                "t.id"
                                                            ],
                                                            "Inner Unique": true,
                                                            "Plans": [
                                                                {
                                                                    "Node Type": "Nested Loop",
                                                                    "Parent Relationship": "Outer",
                                                                    "Parallel Aware": false,
                                                                    "Join Type": "Inner",
                                                                    "Startup Cost": 10.8,
                                                                    "Total Cost": 3758.1,
                                                                    "Plan Rows": 34,
                                                                    "Plan Width": 4,
                                                                    "Actual Startup Time": 21.66,
                                                                    "Actual Total Time": 87.108,
                                                                    "Actual Rows": 41840,
                                                                    "Actual Loops": 1,
                                                                    "Output": [
                                                                        "mk.movie_id"
                                                                    ],
                                                                    "Inner Unique": false,
                                                                    "Plans": [
                                                                        {
                                                                            "Node Type": "Seq Scan",
                                                                            "Parent Relationship": "Outer",
                                                                            "Parallel Aware": false,
                                                                            "Relation Name": "keyword",
                                                                            "Schema": "public",
                                                                            "Alias": "k",
                                                                            "Startup Cost": 0.0,
                                                                            "Total Cost": 2626.12,
                                                                            "Plan Rows": 1,
                                                                            "Plan Width": 4,
                                                                            "Actual Startup Time": 2.93,
                                                                            "Actual Total Time": 15.083,
                                                                            "Actual Rows": 1,
                                                                            "Actual Loops": 1,
                                                                            "Output": [
                                                                                "k.id",
                                                                                "k.keyword",
                                                                                "k.phonetic_code"
                                                                            ],
                                                                            "Filter": "(k.keyword = 'character-name-in-title'::text)",
                                                                            "Rows Removed by Filter": 134169
                                                                        },
                                                                        {
                                                                            "Node Type": "Bitmap Heap Scan",
                                                                            "Parent Relationship": "Inner",
                                                                            "Parallel Aware": false,
                                                                            "Relation Name": "movie_keyword",
                                                                            "Schema": "public",
                                                                            "Alias": "mk",
                                                                            "Startup Cost": 10.8,
                                                                            "Total Cost": 1128.92,
                                                                            "Plan Rows": 305,
                                                                            "Plan Width": 8,
                                                                            "Actual Startup Time": 18.703,
                                                                            "Actual Total Time": 65.165,
                                                                            "Actual Rows": 41840,
                                                                            "Actual Loops": 1,
                                                                            "Output": [
                                                                                "mk.id",
                                                                                "mk.movie_id",
                                                                                "mk.keyword_id"
                                                                            ],
                                                                            "Recheck Cond": "(mk.keyword_id = k.id)",
                                                                            "Rows Removed by Index Recheck": 0,
                                                                            "Exact Heap Blocks": 11541,
                                                                            "Lossy Heap Blocks": 0,
                                                                            "Plans": [
                                                                                {
                                                                                    "Node Type": "Bitmap Index Scan",
                                                                                    "Parent Relationship": "Outer",
                                                                                    "Parallel Aware": false,
                                                                                    "Index Name": "keyword_id_movie_keyword",
                                                                                    "Startup Cost": 0.0,
                                                                                    "Total Cost": 10.72,
                                                                                    "Plan Rows": 305,
                                                                                    "Plan Width": 0,
                                                                                    "Actual Startup Time": 14.165,
                                                                                    "Actual Total Time": 14.165,
                                                                                    "Actual Rows": 41840,
                                                                                    "Actual Loops": 1,
                                                                                    "Index Cond": "(mk.keyword_id = k.id)"
                                                                                }
                                                                            ]
                                                                        }
                                                                    ]
                                                                },
                                                                {
                                                                    "Node Type": "Index Scan",
                                                                    "Parent Relationship": "Inner",
                                                                    "Parallel Aware": false,
                                                                    "Scan Direction": "Forward",
                                                                    "Index Name": "title_pkey",
                                                                    "Relation Name": "title",
                                                                    "Schema": "public",
                                                                    "Alias": "t",
                                                                    "Startup Cost": 0.43,
                                                                    "Total Cost": 0.49,
                                                                    "Plan Rows": 1,
                                                                    "Plan Width": 21,
                                                                    "Actual Startup Time": 0.004,
                                                                    "Actual Total Time": 0.004,
                                                                    "Actual Rows": 0,
                                                                    "Actual Loops": 41840,
                                                                    "Output": [
                                                                        "t.id",
                                                                        "t.title",
                                                                        "t.imdb_index",
                                                                        "t.kind_id",
                                                                        "t.production_year",
                                                                        "t.imdb_id",
                                                                        "t.phonetic_code",
                                                                        "t.episode_of_id",
                                                                        "t.season_nr",
                                                                        "t.episode_nr",
                                                                        "t.series_years",
                                                                        "t.md5sum"
                                                                    ],
                                                                    "Index Cond": "(t.id = mk.movie_id)",
                                                                    "Rows Removed by Index Recheck": 0,
                                                                    "Filter": "((t.episode_nr >= 3) AND (t.episode_nr <= 24))",
                                                                    "Rows Removed by Filter": 1
                                                                }
                                                            ]
                                                        },
                                                        {
                                                            "Node Type": "Index Scan",
                                                            "Parent Relationship": "Inner",
                                                            "Parallel Aware": false,
                                                            "Scan Direction": "Forward",
                                                            "Index Name": "movie_id_movie_companies",
                                                            "Relation Name": "movie_companies",
                                                            "Schema": "public",
                                                            "Alias": "mc",
                                                            "Startup Cost": 0.43,
                                                            "Total Cost": 0.54,
                                                            "Plan Rows": 5,
                                                            "Plan Width": 8,
                                                            "Actual Startup Time": 0.004,
                                                            "Actual Total Time": 0.005,
                                                            "Actual Rows": 2,
                                                            "Actual Loops": 5078,
                                                            "Output": [
                                                                "mc.id",
                                                                "mc.movie_id",
                                                                "mc.company_id",
                                                                "mc.company_type_id",
                                                                "mc.note"
                                                            ],
                                                            "Index Cond": "(mc.movie_id = mk.movie_id)",
                                                            "Rows Removed by Index Recheck": 0
                                                        }
                                                    ]
                                                },
                                                {
                                                    "Node Type": "Index Scan",
                                                    "Parent Relationship": "Inner",
                                                    "Parallel Aware": false,
                                                    "Scan Direction": "Forward",
                                                    "Index Name": "company_name_pkey",
                                                    "Relation Name": "company_name",
                                                    "Schema": "public",
                                                    "Alias": "cn",
                                                    "Startup Cost": 0.42,
                                                    "Total Cost": 0.45,
                                                    "Plan Rows": 1,
                                                    "Plan Width": 4,
                                                    "Actual Startup Time": 0.003,
                                                    "Actual Total Time": 0.003,
                                                    "Actual Rows": 1,
                                                    "Actual Loops": 8299,
                                                    "Output": [
                                                        "cn.id",
                                                        "cn.name",
                                                        "cn.country_code",
                                                        "cn.imdb_id",
                                                        "cn.name_pcode_nf",
                                                        "cn.name_pcode_sf",
                                                        "cn.md5sum"
                                                    ],
                                                    "Index Cond": "(cn.id = mc.company_id)",
                                                    "Rows Removed by Index Recheck": 0,
                                                    "Filter": "((cn.country_code)::text = '[us]'::text)",
                                                    "Rows Removed by Filter": 0
                                                }
                                            ]
                                        },
                                        {
                                            "Node Type": "Index Scan",
                                            "Parent Relationship": "Inner",
                                            "Parallel Aware": false,
                                            "Scan Direction": "Forward",
                                            "Index Name": "movie_id_cast_info",
                                            "Relation Name": "cast_info",
                                            "Schema": "public",
                                            "Alias": "ci",
                                            "Startup Cost": 0.56,
                                            "Total Cost": 1.52,
                                            "Plan Rows": 35,
                                            "Plan Width": 8,
                                            "Actual Startup Time": 0.006,
                                            "Actual Total Time": 0.047,
                                            "Actual Rows": 28,
                                            "Actual Loops": 6209,
                                            "Output": [
                                                "ci.id",
                                                "ci.person_id",
                                                "ci.movie_id",
                                                "ci.person_role_id",
                                                "ci.note",
                                                "ci.nr_order",
                                                "ci.role_id"
                                            ],
                                            "Index Cond": "(ci.movie_id = mk.movie_id)",
                                            "Rows Removed by Index Recheck": 0
                                        }
                                    ]
                                },
                                {
                                    "Node Type": "Index Only Scan",
                                    "Parent Relationship": "Inner",
                                    "Parallel Aware": false,
                                    "Scan Direction": "Forward",
                                    "Index Name": "name_pkey",
                                    "Relation Name": "name",
                                    "Schema": "public",
                                    "Alias": "n",
                                    "Startup Cost": 0.43,
                                    "Total Cost": 0.46,
                                    "Plan Rows": 1,
                                    "Plan Width": 4,
                                    "Actual Startup Time": 0.003,
                                    "Actual Total Time": 0.003,
                                    "Actual Rows": 1,
                                    "Actual Loops": 170824,
                                    "Output": [
                                        "n.id"
                                    ],
                                    "Index Cond": "(n.id = ci.person_id)",
                                    "Rows Removed by Index Recheck": 0,
                                    "Heap Fetches": 170824
                                }
                            ]
                        },
                        {
                            "Node Type": "Index Scan",
                            "Parent Relationship": "Inner",
                            "Parallel Aware": false,
                            "Scan Direction": "Forward",
                            "Index Name": "person_id_aka_name",
                            "Relation Name": "aka_name",
                            "Schema": "public",
                            "Alias": "an",
                            "Startup Cost": 0.42,
                            "Total Cost": 0.46,
                            "Plan Rows": 2,
                            "Plan Width": 20,
                            "Actual Startup Time": 0.002,
                            "Actual Total Time": 0.003,
                            "Actual Rows": 1,
                            "Actual Loops": 170824,
                            "Output": [
                                "an.id",
                                "an.person_id",
                                "an.name",
                                "an.imdb_index",
                                "an.name_pcode_cf",
                                "an.name_pcode_nf",
                                "an.surname_pcode",
                                "an.md5sum"
                            ],
                            "Index Cond": "(an.person_id = ci.person_id)",
                            "Rows Removed by Index Recheck": 0
                        }
                    ]
                }
            ]
        },
        "Planning Time": 2349.152,
        "Triggers": [],
        "Execution Time": 1925.99
    }
]