{
  "Plan": {
    "Node Type": "Aggregate",
    "Strategy": "Plain",
    "Partial Mode": "Finalize",
    "Parallel Aware": false,
    "Startup Cost": 122780.34,
    "Total Cost": 122780.35,
    "Plan Rows": 1,
    "Plan Width": 8,
    "Actual Startup Time": 699.404,
    "Actual Total Time": 716.8,
    "Actual Rows": 1,
    "Actual Loops": 1,
    "Plans": [
      {
        "Node Type": "Gather",
        "Parent Relationship": "Outer",
        "Parallel Aware": false,
        "Startup Cost": 122780.23,
        "Total Cost": 122780.34,
        "Plan Rows": 1,
        "Plan Width": 8,
        "Actual Startup Time": 695.992,
        "Actual Total Time": 716.793,
        "Actual Rows": 2,
        "Actual Loops": 1,
        "Workers Planned": 1,
        "Workers Launched": 1,
        "Single Copy": false,
        "Plans": [
          {
            "Node Type": "Aggregate",
            "Strategy": "Plain",
            "Partial Mode": "Partial",
            "Parent Relationship": "Outer",
            "Parallel Aware": false,
            "Startup Cost": 121780.23,
            "Total Cost": 121780.24,
            "Plan Rows": 1,
            "Plan Width": 8,
            "Actual Startup Time": 687.615,
            "Actual Total Time": 687.619,
            "Actual Rows": 1,
            "Actual Loops": 2,
            "Plans": [
              {
                "Node Type": "Hash Join",
                "Parent Relationship": "Outer",
                "Parallel Aware": true,
                "Join Type": "Inner",
                "Startup Cost": 88251.36,
                "Total Cost": 120744.13,
                "Plan Rows": 414438,
                "Plan Width": 0,
                "Actual Startup Time": 490.774,
                "Actual Total Time": 673.796,
                "Actual Rows": 315210,
                "Actual Loops": 2,
                "Inner Unique": true,
                "Hash Cond": "(mk.movie_id = t.id)",
                "Plans": [
                  {
                    "Node Type": "Bitmap Heap Scan",
                    "Parent Relationship": "Outer",
                    "Parallel Aware": true,
                    "Relation Name": "movie_keyword",
                    "Alias": "mk",
                    "Startup Cost": 19166.8,
                    "Total Cost": 50264.41,
                    "Plan Rows": 531489,
                    "Plan Width": 4,
                    "Actual Startup Time": 55.472,
                    "Actual Total Time": 142.392,
                    "Actual Rows": 448273,
                    "Actual Loops": 2,
                    "Recheck Cond": "(keyword_id > 20597)",
                    "Rows Removed by Index Recheck": 0,
                    "Exact Heap Blocks": 13284,
                    "Lossy Heap Blocks": 0,
                    "Plans": [
                      {
                        "Node Type": "Bitmap Index Scan",
                        "Parent Relationship": "Outer",
                        "Parallel Aware": false,
                        "Index Name": "keyword_id_movie_keyword",
                        "Startup Cost": 0.0,
                        "Total Cost": 18940.91,
                        "Plan Rows": 903531,
                        "Plan Width": 0,
                        "Actual Startup Time": 51.804,
                        "Actual Total Time": 51.804,
                        "Actual Rows": 896546,
                        "Actual Loops": 1,
                        "Index Cond": "(keyword_id > 20597)"
                      }
                    ]
                  },
                  {
                    "Node Type": "Hash",
                    "Parent Relationship": "Inner",
                    "Parallel Aware": true,
                    "Startup Cost": 54588.39,
                    "Total Cost": 54588.39,
                    "Plan Rows": 1159694,
                    "Plan Width": 4,
                    "Actual Startup Time": 420.748,
                    "Actual Total Time": 420.749,
                    "Actual Rows": 981094,
                    "Actual Loops": 2,
                    "Hash Buckets": 2097152,
                    "Original Hash Buckets": 2097152,
                    "Hash Batches": 1,
                    "Original Hash Batches": 1,
                    "Peak Memory Usage": 93152,
                    "Plans": [
                      {
                        "Node Type": "Seq Scan",
                        "Parent Relationship": "Outer",
                        "Parallel Aware": true,
                        "Relation Name": "title",
                        "Alias": "t",
                        "Startup Cost": 0.0,
                        "Total Cost": 54588.39,
                        "Plan Rows": 1159694,
                        "Plan Width": 4,
                        "Actual Startup Time": 0.03,
                        "Actual Total Time": 177.369,
                        "Actual Rows": 981094,
                        "Actual Loops": 2,
                        "Filter": "(production_year > 1978)",
                        "Rows Removed by Filter": 283062
                      }
                    ]
                  }
                ]
              }
            ]
          }
        ]
      }
    ]
  },
  "Planning Time": 0.453,
  "Triggers": [],
  "Execution Time": 716.906
}