[
    {
        "Bao": {
            "Bao prediction": "NaN",
            "Bao recommended hint": "(no hint)"
        }
    },
    {
        "Plan": {
            "Node Type": "Aggregate",
            "Strategy": "Plain",
            "Partial Mode": "Finalize",
            "Parallel Aware": false,
            "Startup Cost": 23308.5,
            "Total Cost": 23308.51,
            "Plan Rows": 1,
            "Plan Width": 8,
            "Actual Startup Time": 41.302,
            "Actual Total Time": 44.819,
            "Actual Rows": 1,
            "Actual Loops": 1,
            "Output": [
                "count(*)"
            ],
            "Plans": [
                {
                    "Node Type": "Gather",
                    "Parent Relationship": "Outer",
                    "Parallel Aware": false,
                    "Startup Cost": 23308.18,
                    "Total Cost": 23308.49,
                    "Plan Rows": 3,
                    "Plan Width": 8,
                    "Actual Startup Time": 41.145,
                    "Actual Total Time": 44.813,
                    "Actual Rows": 4,
                    "Actual Loops": 1,
                    "Output": [
                        "(PARTIAL count(*))"
                    ],
                    "Workers Planned": 3,
                    "Workers Launched": 3,
                    "Single Copy": false,
                    "Plans": [
                        {
                            "Node Type": "Aggregate",
                            "Strategy": "Plain",
                            "Partial Mode": "Partial",
                            "Parent Relationship": "Outer",
                            "Parallel Aware": false,
                            "Startup Cost": 22308.18,
                            "Total Cost": 22308.19,
                            "Plan Rows": 1,
                            "Plan Width": 8,
                            "Actual Startup Time": 32.667,
                            "Actual Total Time": 32.669,
                            "Actual Rows": 1,
                            "Actual Loops": 4,
                            "Output": [
                                "PARTIAL count(*)"
                            ],
                            "Workers": [
                                {
                                    "Worker Number": 0,
                                    "Actual Startup Time": 29.65,
                                    "Actual Total Time": 29.652,
                                    "Actual Rows": 1,
                                    "Actual Loops": 1
                                },
                                {
                                    "Worker Number": 1,
                                    "Actual Startup Time": 29.955,
                                    "Actual Total Time": 29.957,
                                    "Actual Rows": 1,
                                    "Actual Loops": 1
                                },
                                {
                                    "Worker Number": 2,
                                    "Actual Startup Time": 30.361,
                                    "Actual Total Time": 30.362,
                                    "Actual Rows": 1,
                                    "Actual Loops": 1
                                }
                            ],
                            "Plans": [
                                {
                                    "Node Type": "Bitmap Heap Scan",
                                    "Parent Relationship": "Outer",
                                    "Parallel Aware": true,
                                    "Relation Name": "movie_companies",
                                    "Schema": "public",
                                    "Alias": "mc",
                                    "Startup Cost": 2876.38,
                                    "Total Cost": 22201.22,
                                    "Plan Rows": 42787,
                                    "Plan Width": 0,
                                    "Actual Startup Time": 6.418,
                                    "Actual Total Time": 29.485,
                                    "Actual Rows": 33761,
                                    "Actual Loops": 4,
                                    "Recheck Cond": "(mc.company_id > 138726)",
                                    "Rows Removed by Index Recheck": 0,
                                    "Exact Heap Blocks": 2221,
                                    "Lossy Heap Blocks": 0,
                                    "Workers": [
                                        {
                                            "Worker Number": 0,
                                            "Actual Startup Time": 3.336,
                                            "Actual Total Time": 26.92,
                                            "Actual Rows": 18484,
                                            "Actual Loops": 1
                                        },
                                        {
                                            "Worker Number": 1,
                                            "Actual Startup Time": 3.833,
                                            "Actual Total Time": 27.281,
                                            "Actual Rows": 18589,
                                            "Actual Loops": 1
                                        },
                                        {
                                            "Worker Number": 2,
                                            "Actual Startup Time": 4.297,
                                            "Actual Total Time": 27.681,
                                            "Actual Rows": 17789,
                                            "Actual Loops": 1
                                        }
                                    ],
                                    "Plans": [
                                        {
                                            "Node Type": "Bitmap Index Scan",
                                            "Parent Relationship": "Outer",
                                            "Parallel Aware": false,
                                            "Index Name": "company_id_movie_companies",
                                            "Startup Cost": 0.0,
                                            "Total Cost": 2843.22,
                                            "Plan Rows": 132639,
                                            "Plan Width": 0,
                                            "Actual Startup Time": 13.098,
                                            "Actual Total Time": 13.099,
                                            "Actual Rows": 135043,
                                            "Actual Loops": 1,
                                            "Index Cond": "(mc.company_id > 138726)"
                                        }
                                    ]
                                }
                            ]
                        }
                    ]
                }
            ]
        },
        "Planning Time": 205.689,
        "Triggers": [],
        "Execution Time": 44.882
    }
]