[
    {
        "Bao": {
            "Bao prediction": "NaN",
            "Bao recommended hint": "(no hint)"
        }
    },
    {
        "Plan": {
            "Node Type": "Aggregate",
            "Strategy": "Plain",
            "Partial Mode": "Finalize",
            "Parallel Aware": false,
            "Startup Cost": 32916.29,
            "Total Cost": 32916.3,
            "Plan Rows": 1,
            "Plan Width": 8,
            "Actual Startup Time": 81.365,
            "Actual Total Time": 86.065,
            "Actual Rows": 1,
            "Actual Loops": 1,
            "Output": [
                "count(*)"
            ],
            "Plans": [
                {
                    "Node Type": "Gather",
                    "Parent Relationship": "Outer",
                    "Parallel Aware": false,
                    "Startup Cost": 32915.98,
                    "Total Cost": 32916.29,
                    "Plan Rows": 3,
                    "Plan Width": 8,
                    "Actual Startup Time": 81.264,
                    "Actual Total Time": 86.057,
                    "Actual Rows": 4,
                    "Actual Loops": 1,
                    "Output": [
                        "(PARTIAL count(*))"
                    ],
                    "Workers Planned": 3,
                    "Workers Launched": 3,
                    "Single Copy": false,
                    "Plans": [
                        {
                            "Node Type": "Aggregate",
                            "Strategy": "Plain",
                            "Partial Mode": "Partial",
                            "Parent Relationship": "Outer",
                            "Parallel Aware": false,
                            "Startup Cost": 31915.98,
                            "Total Cost": 31915.99,
                            "Plan Rows": 1,
                            "Plan Width": 8,
                            "Actual Startup Time": 73.447,
                            "Actual Total Time": 73.448,
                            "Actual Rows": 1,
                            "Actual Loops": 4,
                            "Output": [
                                "PARTIAL count(*)"
                            ],
                            "Workers": [
                                {
                                    "Worker Number": 0,
                                    "Actual Startup Time": 70.599,
                                    "Actual Total Time": 70.6,
                                    "Actual Rows": 1,
                                    "Actual Loops": 1
                                },
                                {
                                    "Worker Number": 1,
                                    "Actual Startup Time": 70.762,
                                    "Actual Total Time": 70.762,
                                    "Actual Rows": 1,
                                    "Actual Loops": 1
                                },
                                {
                                    "Worker Number": 2,
                                    "Actual Startup Time": 71.419,
                                    "Actual Total Time": 71.42,
                                    "Actual Rows": 1,
                                    "Actual Loops": 1
                                }
                            ],
                            "Plans": [
                                {
                                    "Node Type": "Seq Scan",
                                    "Parent Relationship": "Outer",
                                    "Parallel Aware": true,
                                    "Relation Name": "movie_companies",
                                    "Schema": "public",
                                    "Alias": "mc",
                                    "Startup Cost": 0.0,
                                    "Total Cost": 31414.82,
                                    "Plan Rows": 200463,
                                    "Plan Width": 0,
                                    "Actual Startup Time": 13.866,
                                    "Actual Total Time": 68.446,
                                    "Actual Rows": 93058,
                                    "Actual Loops": 4,
                                    "Output": [
                                        "id",
                                        "movie_id",
                                        "company_id",
                                        "company_type_id",
                                        "note"
                                    ],
                                    "Filter": "((mc.company_id > 11445) AND (mc.company_type_id < 2))",
                                    "Rows Removed by Filter": 559224,
                                    "Workers": [
                                        {
                                            "Worker Number": 0,
                                            "Actual Startup Time": 11.02,
                                            "Actual Total Time": 65.793,
                                            "Actual Rows": 71798,
                                            "Actual Loops": 1
                                        },
                                        {
                                            "Worker Number": 1,
                                            "Actual Startup Time": 11.186,
                                            "Actual Total Time": 66.042,
                                            "Actual Rows": 80154,
                                            "Actual Loops": 1
                                        },
                                        {
                                            "Worker Number": 2,
                                            "Actual Startup Time": 11.844,
                                            "Actual Total Time": 66.512,
                                            "Actual Rows": 77833,
                                            "Actual Loops": 1
                                        }
                                    ]
                                }
                            ]
                        }
                    ]
                }
            ]
        },
        "Planning Time": 179.964,
        "Triggers": [],
        "Execution Time": 86.112
    }
]