[
  {
    "Plan": {
      "Node Type": "Aggregate",
      "Strategy": "Plain",
      "Partial Mode": "Finalize",
      "Parallel Aware": false,
      "Startup Cost": 321513.95,
      "Total Cost": 321513.96,
      "Plan Rows": 1,
      "Plan Width": 8,
      "Actual Startup Time": 258.126,
      "Actual Total Time": 268.05,
      "Actual Rows": 1,
      "Actual Loops": 1,
      "Plans": [
        {
          "Node Type": "Gather",
          "Parent Relationship": "Outer",
          "Parallel Aware": false,
          "Startup Cost": 321513.33,
          "Total Cost": 321513.94,
          "Plan Rows": 6,
          "Plan Width": 8,
          "Actual Startup Time": 257.223,
          "Actual Total Time": 268.04,
          "Actual Rows": 7,
          "Actual Loops": 1,
          "Workers Planned": 6,
          "Workers Launched": 6,
          "Single Copy": false,
          "Plans": [
            {
              "Node Type": "Aggregate",
              "Strategy": "Plain",
              "Partial Mode": "Partial",
              "Parent Relationship": "Outer",
              "Parallel Aware": false,
              "Startup Cost": 320513.33,
              "Total Cost": 320513.34,
              "Plan Rows": 1,
              "Plan Width": 8,
              "Actual Startup Time": 247.877,
              "Actual Total Time": 247.878,
              "Actual Rows": 1,
              "Actual Loops": 7,
              "Plans": [
                {
                  "Node Type": "Bitmap Heap Scan",
                  "Parent Relationship": "Outer",
                  "Parallel Aware": true,
                  "Relation Name": "cast_info",
                  "Alias": "ci",
                  "Startup Cost": 60234.15,
                  "Total Cost": 319765.44,
                  "Plan Rows": 299156,
                  "Plan Width": 0,
                  "Actual Startup Time": 103.399,
                  "Actual Total Time": 228.993,
                  "Actual Rows": 373299,
                  "Actual Loops": 7,
                  "Recheck Cond": "(person_id > 3556199)",
                  "Rows Removed by Index Recheck": 0,
                  "Filter": "(role_id > 1)",
                  "Rows Removed by Filter": 0,
                  "Exact Heap Blocks": 8582,
                  "Lossy Heap Blocks": 0,
                  "Plans": [
                    {
                      "Node Type": "Bitmap Index Scan",
                      "Parent Relationship": "Outer",
                      "Parallel Aware": false,
                      "Index Name": "person_id_cast_info",
                      "Startup Cost": 0.0,
                      "Total Cost": 59785.42,
                      "Plan Rows": 2737714,
                      "Plan Width": 0,
                      "Actual Startup Time": 105.458,
                      "Actual Total Time": 105.459,
                      "Actual Rows": 2613093,
                      "Actual Loops": 1,
                      "Index Cond": "(person_id > 3556199)"
                    }
                  ]
                }
              ]
            }
          ]
        }
      ]
    },
    "Planning Time": 0.212,
    "Triggers": [],
    "Execution Time": 268.127
  }
]