{
  "Plan": {
    "Node Type": "Aggregate",
    "Strategy": "Plain",
    "Partial Mode": "Finalize",
    "Parallel Aware": false,
    "Startup Cost": 120696.72,
    "Total Cost": 120696.73,
    "Plan Rows": 1,
    "Plan Width": 8,
    "Actual Startup Time": 147.478,
    "Actual Total Time": 158.729,
    "Actual Rows": 1,
    "Actual Loops": 1,
    "Plans": [
      {
        "Node Type": "Gather",
        "Parent Relationship": "Outer",
        "Parallel Aware": false,
        "Startup Cost": 120696.61,
        "Total Cost": 120696.72,
        "Plan Rows": 1,
        "Plan Width": 8,
        "Actual Startup Time": 147.348,
        "Actual Total Time": 158.722,
        "Actual Rows": 2,
        "Actual Loops": 1,
        "Workers Planned": 1,
        "Workers Launched": 1,
        "Single Copy": false,
        "Plans": [
          {
            "Node Type": "Aggregate",
            "Strategy": "Plain",
            "Partial Mode": "Partial",
            "Parent Relationship": "Outer",
            "Parallel Aware": false,
            "Startup Cost": 119696.61,
            "Total Cost": 119696.62,
            "Plan Rows": 1,
            "Plan Width": 8,
            "Actual Startup Time": 141.111,
            "Actual Total Time": 141.114,
            "Actual Rows": 1,
            "Actual Loops": 2,
            "Plans": [
              {
                "Node Type": "Hash Join",
                "Parent Relationship": "Outer",
                "Parallel Aware": true,
                "Join Type": "Inner",
                "Startup Cost": 58766.51,
                "Total Cost": 119696.51,
                "Plan Rows": 39,
                "Plan Width": 0,
                "Actual Startup Time": 136.4,
                "Actual Total Time": 141.106,
                "Actual Rows": 2,
                "Actual Loops": 2,
                "Inner Unique": true,
                "Hash Cond": "(mi.movie_id = t.id)",
                "Plans": [
                  {
                    "Node Type": "Bitmap Heap Scan",
                    "Parent Relationship": "Outer",
                    "Parallel Aware": true,
                    "Relation Name": "movie_info",
                    "Alias": "mi",
                    "Startup Cost": 404.29,
                    "Total Cost": 61300.05,
                    "Plan Rows": 13044,
                    "Plan Width": 4,
                    "Actual Startup Time": 1.496,
                    "Actual Total Time": 5.107,
                    "Actual Rows": 9270,
                    "Actual Loops": 2,
                    "Recheck Cond": "(info_type_id = 90)",
                    "Rows Removed by Index Recheck": 0,
                    "Exact Heap Blocks": 1399,
                    "Lossy Heap Blocks": 0,
                    "Plans": [
                      {
                        "Node Type": "Bitmap Index Scan",
                        "Parent Relationship": "Outer",
                        "Parallel Aware": false,
                        "Index Name": "info_type_id_movie_info",
                        "Startup Cost": 0.0,
                        "Total Cost": 398.75,
                        "Plan Rows": 22175,
                        "Plan Width": 0,
                        "Actual Startup Time": 1.157,
                        "Actual Total Time": 1.158,
                        "Actual Rows": 18539,
                        "Actual Loops": 1,
                        "Index Cond": "(info_type_id = 90)"
                      }
                    ]
                  },
                  {
                    "Node Type": "Hash",
                    "Parent Relationship": "Inner",
                    "Parallel Aware": true,
                    "Startup Cost": 58306.47,
                    "Total Cost": 58306.47,
                    "Plan Rows": 4460,
                    "Plan Width": 4,
                    "Actual Startup Time": 133.992,
                    "Actual Total Time": 133.992,
                    "Actual Rows": 4210,
                    "Actual Loops": 2,
                    "Hash Buckets": 8192,
                    "Original Hash Buckets": 8192,
                    "Hash Batches": 1,
                    "Original Hash Batches": 1,
                    "Peak Memory Usage": 448,
                    "Plans": [
                      {
                        "Node Type": "Seq Scan",
                        "Parent Relationship": "Outer",
                        "Parallel Aware": true,
                        "Relation Name": "title",
                        "Alias": "t",
                        "Startup Cost": 0.0,
                        "Total Cost": 58306.47,
                        "Plan Rows": 4460,
                        "Plan Width": 4,
                        "Actual Startup Time": 0.065,
                        "Actual Total Time": 132.554,
                        "Actual Rows": 4210,
                        "Actual Loops": 2,
                        "Filter": "((kind_id = 7) AND (production_year = 1966))",
                        "Rows Removed by Filter": 1259946
                      }
                    ]
                  }
                ]
              }
            ]
          }
        ]
      }
    ]
  },
  "Planning Time": 0.488,
  "Triggers": [],
  "Execution Time": 158.825
}