[
  {
    "Plan": {
      "Node Type": "Aggregate",
      "Strategy": "Plain",
      "Partial Mode": "Finalize",
      "Parallel Aware": false,
      "Startup Cost": 124153.83,
      "Total Cost": 124153.84,
      "Plan Rows": 1,
      "Plan Width": 8,
      "Actual Startup Time": 471.019,
      "Actual Total Time": 494.325,
      "Actual Rows": 1,
      "Actual Loops": 1,
      "Plans": [
        {
          "Node Type": "Gather",
          "Parent Relationship": "Outer",
          "Parallel Aware": false,
          "Startup Cost": 124153.51,
          "Total Cost": 124153.82,
          "Plan Rows": 3,
          "Plan Width": 8,
          "Actual Startup Time": 468.815,
          "Actual Total Time": 494.314,
          "Actual Rows": 4,
          "Actual Loops": 1,
          "Workers Planned": 3,
          "Workers Launched": 3,
          "Single Copy": false,
          "Plans": [
            {
              "Node Type": "Aggregate",
              "Strategy": "Plain",
              "Partial Mode": "Partial",
              "Parent Relationship": "Outer",
              "Parallel Aware": false,
              "Startup Cost": 123153.51,
              "Total Cost": 123153.52,
              "Plan Rows": 1,
              "Plan Width": 8,
              "Actual Startup Time": 459.507,
              "Actual Total Time": 459.813,
              "Actual Rows": 1,
              "Actual Loops": 4,
              "Plans": [
                {
                  "Node Type": "Hash Join",
                  "Parent Relationship": "Outer",
                  "Parallel Aware": true,
                  "Join Type": "Inner",
                  "Startup Cost": 76913.24,
                  "Total Cost": 123044.21,
                  "Plan Rows": 43719,
                  "Plan Width": 0,
                  "Actual Startup Time": 296.053,
                  "Actual Total Time": 457.324,
                  "Actual Rows": 61946,
                  "Actual Loops": 4,
                  "Inner Unique": false,
                  "Hash Cond": "(mk.movie_id = t.id)",
                  "Plans": [
                    {
                      "Node Type": "Seq Scan",
                      "Parent Relationship": "Outer",
                      "Parallel Aware": true,
                      "Relation Name": "movie_keyword",
                      "Alias": "mk",
                      "Startup Cost": 0.0,
                      "Total Cost": 42695.65,
                      "Plan Rows": 886938,
                      "Plan Width": 4,
                      "Actual Startup Time": 0.031,
                      "Actual Total Time": 102.141,
                      "Actual Rows": 685804,
                      "Actual Loops": 4,
                      "Filter": "(keyword_id < 7777)",
                      "Rows Removed by Filter": 445178
                    },
                    {
                      "Node Type": "Hash",
                      "Parent Relationship": "Inner",
                      "Parallel Aware": true,
                      "Startup Cost": 76523.79,
                      "Total Cost": 76523.79,
                      "Plan Rows": 31156,
                      "Plan Width": 8,
                      "Actual Startup Time": 294.288,
                      "Actual Total Time": 294.592,
                      "Actual Rows": 51860,
                      "Actual Loops": 4,
                      "Hash Buckets": 262144,
                      "Original Hash Buckets": 131072,
                      "Hash Batches": 1,
                      "Original Hash Batches": 1,
                      "Peak Memory Usage": 11232,
                      "Plans": [
                        {
                          "Node Type": "Hash Join",
                          "Parent Relationship": "Outer",
                          "Parallel Aware": true,
                          "Join Type": "Inner",
                          "Startup Cost": 30603.3,
                          "Total Cost": 76523.79,
                          "Plan Rows": 31156,
                          "Plan Width": 8,
                          "Actual Startup Time": 116.941,
                          "Actual Total Time": 274.343,
                          "Actual Rows": 51860,
                          "Actual Loops": 4,
                          "Inner Unique": false,
                          "Hash Cond": "(t.id = mc.movie_id)",
                          "Plans": [
                            {
                              "Node Type": "Seq Scan",
                              "Parent Relationship": "Outer",
                              "Parallel Aware": true,
                              "Relation Name": "title",
                              "Alias": "t",
                              "Startup Cost": 0.0,
                              "Total Cost": 43898.92,
                              "Plan Rows": 384216,
                              "Plan Width": 4,
                              "Actual Startup Time": 0.011,
                              "Actual Total Time": 84.151,
                              "Actual Rows": 385816,
                              "Actual Loops": 4,
                              "Filter": "(kind_id = 7)",
                              "Rows Removed by Filter": 246262
                            },
                            {
                              "Node Type": "Hash",
                              "Parent Relationship": "Inner",
                              "Parallel Aware": true,
                              "Startup Cost": 29776.6,
                              "Total Cost": 29776.6,
                              "Plan Rows": 66136,
                              "Plan Width": 4,
                              "Actual Startup Time": 115.852,
                              "Actual Total Time": 115.854,
                              "Actual Rows": 79258,
                              "Actual Loops": 4,
                              "Hash Buckets": 524288,
                              "Original Hash Buckets": 262144,
                              "Hash Batches": 1,
                              "Original Hash Batches": 1,
                              "Peak Memory Usage": 18656,
                              "Plans": [
                                {
                                  "Node Type": "Bitmap Heap Scan",
                                  "Parent Relationship": "Outer",
                                  "Parallel Aware": true,
                                  "Relation Name": "movie_companies",
                                  "Alias": "mc",
                                  "Startup Cost": 8971.34,
                                  "Total Cost": 29776.6,
                                  "Plan Rows": 66136,
                                  "Plan Width": 4,
                                  "Actual Startup Time": 32.437,
                                  "Actual Total Time": 82.943,
                                  "Actual Rows": 79258,
                                  "Actual Loops": 4,
                                  "Recheck Cond": "(company_id < 284)",
                                  "Rows Removed by Index Recheck": 0,
                                  "Filter": "(company_type_id = 1)",
                                  "Rows Removed by Filter": 24274,
                                  "Exact Heap Blocks": 7637,
                                  "Lossy Heap Blocks": 0,
                                  "Plans": [
                                    {
                                      "Node Type": "Bitmap Index Scan",
                                      "Parent Relationship": "Outer",
                                      "Parallel Aware": false,
                                      "Index Name": "company_id_movie_companies",
                                      "Startup Cost": 0.0,
                                      "Total Cost": 8920.08,
                                      "Plan Rows": 416487,
                                      "Plan Width": 0,
                                      "Actual Startup Time": 31.133,
                                      "Actual Total Time": 31.134,
                                      "Actual Rows": 414124,
                                      "Actual Loops": 1,
                                      "Index Cond": "(company_id < 284)"
                                    }
                                  ]
                                }
                              ]
                            }
                          ]
                        }
                      ]
                    }
                  ]
                }
              ]
            }
          ]
        }
      ]
    },
    "Planning Time": 1.534,
    "Triggers": [],
    "Execution Time": 494.435
  }
]