[
  {
    "Plan": {
      "Node Type": "Aggregate",
      "Strategy": "Plain",
      "Partial Mode": "Finalize",
      "Parallel Aware": false,
      "Startup Cost": 375229.12,
      "Total Cost": 375229.13,
      "Plan Rows": 1,
      "Plan Width": 8,
      "Actual Startup Time": 1246.655,
      "Actual Total Time": 1319.39,
      "Actual Rows": 1,
      "Actual Loops": 1,
      "Plans": [
        {
          "Node Type": "Gather",
          "Parent Relationship": "Outer",
          "Parallel Aware": false,
          "Startup Cost": 375228.49,
          "Total Cost": 375229.1,
          "Plan Rows": 6,
          "Plan Width": 8,
          "Actual Startup Time": 1244.906,
          "Actual Total Time": 1319.381,
          "Actual Rows": 7,
          "Actual Loops": 1,
          "Workers Planned": 6,
          "Workers Launched": 6,
          "Single Copy": false,
          "Plans": [
            {
              "Node Type": "Aggregate",
              "Strategy": "Plain",
              "Partial Mode": "Partial",
              "Parent Relationship": "Outer",
              "Parallel Aware": false,
              "Startup Cost": 374228.49,
              "Total Cost": 374228.5,
              "Plan Rows": 1,
              "Plan Width": 8,
              "Actual Startup Time": 1234.825,
              "Actual Total Time": 1234.828,
              "Actual Rows": 1,
              "Actual Loops": 7,
              "Plans": [
                {
                  "Node Type": "Hash Join",
                  "Parent Relationship": "Outer",
                  "Parallel Aware": true,
                  "Join Type": "Inner",
                  "Startup Cost": 44384.32,
                  "Total Cost": 373301.11,
                  "Plan Rows": 370952,
                  "Plan Width": 0,
                  "Actual Startup Time": 80.32,
                  "Actual Total Time": 1224.954,
                  "Actual Rows": 202753,
                  "Actual Loops": 7,
                  "Inner Unique": true,
                  "Hash Cond": "(ci.movie_id = t.id)",
                  "Plans": [
                    {
                      "Node Type": "Seq Scan",
                      "Parent Relationship": "Outer",
                      "Parallel Aware": true,
                      "Relation Name": "cast_info",
                      "Alias": "ci",
                      "Startup Cost": 0.0,
                      "Total Cost": 313067.02,
                      "Plan Rows": 6038002,
                      "Plan Width": 4,
                      "Actual Startup Time": 0.016,
                      "Actual Total Time": 505.419,
                      "Actual Rows": 5177763,
                      "Actual Loops": 7
                    },
                    {
                      "Node Type": "Hash",
                      "Parent Relationship": "Inner",
                      "Parallel Aware": true,
                      "Startup Cost": 43898.92,
                      "Total Cost": 43898.92,
                      "Plan Rows": 38832,
                      "Plan Width": 4,
                      "Actual Startup Time": 78.417,
                      "Actual Total Time": 78.418,
                      "Actual Rows": 22905,
                      "Actual Loops": 7,
                      "Hash Buckets": 262144,
                      "Original Hash Buckets": 262144,
                      "Hash Batches": 1,
                      "Original Hash Batches": 1,
                      "Peak Memory Usage": 8480,
                      "Plans": [
                        {
                          "Node Type": "Seq Scan",
                          "Parent Relationship": "Outer",
                          "Parallel Aware": true,
                          "Relation Name": "title",
                          "Alias": "t",
                          "Startup Cost": 0.0,
                          "Total Cost": 43898.92,
                          "Plan Rows": 38832,
                          "Plan Width": 4,
                          "Actual Startup Time": 0.948,
                          "Actual Total Time": 70.88,
                          "Actual Rows": 22905,
                          "Actual Loops": 7,
                          "Filter": "(production_year < 1949)",
                          "Rows Removed by Filter": 338282
                        }
                      ]
                    }
                  ]
                }
              ]
            }
          ]
        }
      ]
    },
    "Planning Time": 0.58,
    "Triggers": [],
    "Execution Time": 1319.473
  }
]