{
  "Plan": {
    "Node Type": "Aggregate",
    "Strategy": "Plain",
    "Partial Mode": "Finalize",
    "Parallel Aware": false,
    "Startup Cost": 190918.3,
    "Total Cost": 190918.31,
    "Plan Rows": 1,
    "Plan Width": 8,
    "Actual Startup Time": 555.346,
    "Actual Total Time": 576.348,
    "Actual Rows": 1,
    "Actual Loops": 1,
    "Plans": [
      {
        "Node Type": "Gather",
        "Parent Relationship": "Outer",
        "Parallel Aware": false,
        "Startup Cost": 190918.19,
        "Total Cost": 190918.3,
        "Plan Rows": 1,
        "Plan Width": 8,
        "Actual Startup Time": 554.917,
        "Actual Total Time": 576.34,
        "Actual Rows": 2,
        "Actual Loops": 1,
        "Workers Planned": 1,
        "Workers Launched": 1,
        "Single Copy": false,
        "Plans": [
          {
            "Node Type": "Aggregate",
            "Strategy": "Plain",
            "Partial Mode": "Partial",
            "Parent Relationship": "Outer",
            "Parallel Aware": false,
            "Startup Cost": 189918.19,
            "Total Cost": 189918.2,
            "Plan Rows": 1,
            "Plan Width": 8,
            "Actual Startup Time": 549.059,
            "Actual Total Time": 549.063,
            "Actual Rows": 1,
            "Actual Loops": 2,
            "Plans": [
              {
                "Node Type": "Hash Join",
                "Parent Relationship": "Outer",
                "Parallel Aware": true,
                "Join Type": "Inner",
                "Startup Cost": 55462.64,
                "Total Cost": 189730.13,
                "Plan Rows": 75222,
                "Plan Width": 0,
                "Actual Startup Time": 149.994,
                "Actual Total Time": 548.553,
                "Actual Rows": 10148,
                "Actual Loops": 2,
                "Inner Unique": true,
                "Hash Cond": "(ci.movie_id = t.id)",
                "Plans": [
                  {
                    "Node Type": "Index Scan",
                    "Parent Relationship": "Outer",
                    "Parallel Aware": true,
                    "Scan Direction": "Forward",
                    "Index Name": "role_id_cast_info",
                    "Relation Name": "cast_info",
                    "Alias": "ci",
                    "Startup Cost": 0.56,
                    "Total Cost": 130066.5,
                    "Plan Rows": 1600588,
                    "Plan Width": 4,
                    "Actual Startup Time": 0.05,
                    "Actual Total Time": 277.442,
                    "Actual Rows": 807967,
                    "Actual Loops": 2,
                    "Index Cond": "(role_id = 3)",
                    "Rows Removed by Index Recheck": 0,
                    "Filter": "(person_id < 2509280)",
                    "Rows Removed by Filter": 1196052
                  },
                  {
                    "Node Type": "Hash",
                    "Parent Relationship": "Inner",
                    "Parallel Aware": true,
                    "Startup Cost": 54588.39,
                    "Total Cost": 54588.39,
                    "Plan Rows": 69895,
                    "Plan Width": 4,
                    "Actual Startup Time": 147.209,
                    "Actual Total Time": 147.21,
                    "Actual Rows": 60182,
                    "Actual Loops": 2,
                    "Hash Buckets": 131072,
                    "Original Hash Buckets": 131072,
                    "Hash Batches": 1,
                    "Original Hash Batches": 1,
                    "Peak Memory Usage": 5760,
                    "Plans": [
                      {
                        "Node Type": "Seq Scan",
                        "Parent Relationship": "Outer",
                        "Parallel Aware": true,
                        "Relation Name": "title",
                        "Alias": "t",
                        "Startup Cost": 0.0,
                        "Total Cost": 54588.39,
                        "Plan Rows": 69895,
                        "Plan Width": 4,
                        "Actual Startup Time": 68.295,
                        "Actual Total Time": 134.281,
                        "Actual Rows": 60182,
                        "Actual Loops": 2,
                        "Filter": "(production_year < 1932)",
                        "Rows Removed by Filter": 1203974
                      }
                    ]
                  }
                ]
              }
            ]
          }
        ]
      }
    ]
  },
  "Planning Time": 0.627,
  "Triggers": [],
  "Execution Time": 576.429
}