[
  {
    "Plan": {
      "Node Type": "Aggregate",
      "Strategy": "Plain",
      "Partial Mode": "Finalize",
      "Parallel Aware": false,
      "Startup Cost": 351444.87,
      "Total Cost": 351444.88,
      "Plan Rows": 1,
      "Plan Width": 8,
      "Actual Startup Time": 917.399,
      "Actual Total Time": 965.487,
      "Actual Rows": 1,
      "Actual Loops": 1,
      "Plans": [
        {
          "Node Type": "Gather",
          "Parent Relationship": "Outer",
          "Parallel Aware": false,
          "Startup Cost": 351444.24,
          "Total Cost": 351444.85,
          "Plan Rows": 6,
          "Plan Width": 8,
          "Actual Startup Time": 917.203,
          "Actual Total Time": 965.468,
          "Actual Rows": 7,
          "Actual Loops": 1,
          "Workers Planned": 6,
          "Workers Launched": 6,
          "Single Copy": false,
          "Plans": [
            {
              "Node Type": "Aggregate",
              "Strategy": "Plain",
              "Partial Mode": "Partial",
              "Parent Relationship": "Outer",
              "Parallel Aware": false,
              "Startup Cost": 350444.24,
              "Total Cost": 350444.25,
              "Plan Rows": 1,
              "Plan Width": 8,
              "Actual Startup Time": 910.288,
              "Actual Total Time": 910.29,
              "Actual Rows": 1,
              "Actual Loops": 7,
              "Plans": [
                {
                  "Node Type": "Seq Scan",
                  "Parent Relationship": "Outer",
                  "Parallel Aware": true,
                  "Relation Name": "cast_info",
                  "Alias": "ci",
                  "Startup Cost": 0.0,
                  "Total Cost": 343316.27,
                  "Plan Rows": 2851189,
                  "Plan Width": 0,
                  "Actual Startup Time": 0.052,
                  "Actual Total Time": 761.048,
                  "Actual Rows": 2874666,
                  "Actual Loops": 7,
                  "Filter": "((person_id < 3101598) AND (role_id < 3))",
                  "Rows Removed by Filter": 2303098
                }
              ]
            }
          ]
        }
      ]
    },
    "Planning Time": 0.238,
    "Triggers": [],
    "Execution Time": 965.561
  }
]