[
  {
    "Plan": {
      "Node Type": "Aggregate",
      "Strategy": "Plain",
      "Partial Mode": "Finalize",
      "Parallel Aware": false,
      "Startup Cost": 129527.4,
      "Total Cost": 129527.41,
      "Plan Rows": 1,
      "Plan Width": 8,
      "Actual Startup Time": 885.395,
      "Actual Total Time": 925.469,
      "Actual Rows": 1,
      "Actual Loops": 1,
      "Plans": [
        {
          "Node Type": "Gather",
          "Parent Relationship": "Outer",
          "Parallel Aware": false,
          "Startup Cost": 129527.09,
          "Total Cost": 129527.4,
          "Plan Rows": 3,
          "Plan Width": 8,
          "Actual Startup Time": 885.384,
          "Actual Total Time": 925.462,
          "Actual Rows": 4,
          "Actual Loops": 1,
          "Workers Planned": 3,
          "Workers Launched": 3,
          "Single Copy": false,
          "Plans": [
            {
              "Node Type": "Aggregate",
              "Strategy": "Plain",
              "Partial Mode": "Partial",
              "Parent Relationship": "Outer",
              "Parallel Aware": false,
              "Startup Cost": 128527.09,
              "Total Cost": 128527.1,
              "Plan Rows": 1,
              "Plan Width": 8,
              "Actual Startup Time": 875.126,
              "Actual Total Time": 875.129,
              "Actual Rows": 1,
              "Actual Loops": 4,
              "Plans": [
                {
                  "Node Type": "Nested Loop",
                  "Parent Relationship": "Outer",
                  "Parallel Aware": false,
                  "Join Type": "Inner",
                  "Startup Cost": 45629.48,
                  "Total Cost": 128341.08,
                  "Plan Rows": 74403,
                  "Plan Width": 0,
                  "Actual Startup Time": 108.079,
                  "Actual Total Time": 834.553,
                  "Actual Rows": 818624,
                  "Actual Loops": 4,
                  "Inner Unique": false,
                  "Join Filter": "(t.id = mi.movie_id)",
                  "Rows Removed by Join Filter": 0,
                  "Plans": [
                    {
                      "Node Type": "Hash Join",
                      "Parent Relationship": "Outer",
                      "Parallel Aware": true,
                      "Join Type": "Inner",
                      "Startup Cost": 45629.05,
                      "Total Cost": 91067.67,
                      "Plan Rows": 19832,
                      "Plan Width": 8,
                      "Actual Startup Time": 107.99,
                      "Actual Total Time": 292.623,
                      "Actual Rows": 28158,
                      "Actual Loops": 4,
                      "Inner Unique": true,
                      "Hash Cond": "(mk.movie_id = t.id)",
                      "Plans": [
                        {
                          "Node Type": "Seq Scan",
                          "Parent Relationship": "Outer",
                          "Parallel Aware": true,
                          "Relation Name": "movie_keyword",
                          "Alias": "mk",
                          "Startup Cost": 0.0,
                          "Total Cost": 42695.65,
                          "Plan Rows": 1044939,
                          "Plan Width": 4,
                          "Actual Startup Time": 0.022,
                          "Actual Total Time": 118.942,
                          "Actual Rows": 807746,
                          "Actual Loops": 4,
                          "Filter": "(keyword_id < 13666)",
                          "Rows Removed by Filter": 323237
                        },
                        {
                          "Node Type": "Hash",
                          "Parent Relationship": "Inner",
                          "Parallel Aware": true,
                          "Startup Cost": 45479.1,
                          "Total Cost": 45479.1,
                          "Plan Rows": 11996,
                          "Plan Width": 4,
                          "Actual Startup Time": 106.479,
                          "Actual Total Time": 106.48,
                          "Actual Rows": 9688,
                          "Actual Loops": 4,
                          "Hash Buckets": 65536,
                          "Original Hash Buckets": 65536,
                          "Hash Batches": 1,
                          "Original Hash Batches": 1,
                          "Peak Memory Usage": 2112,
                          "Plans": [
                            {
                              "Node Type": "Seq Scan",
                              "Parent Relationship": "Outer",
                              "Parallel Aware": true,
                              "Relation Name": "title",
                              "Alias": "t",
                              "Startup Cost": 0.0,
                              "Total Cost": 45479.1,
                              "Plan Rows": 11996,
                              "Plan Width": 4,
                              "Actual Startup Time": 0.16,
                              "Actual Total Time": 102.256,
                              "Actual Rows": 9688,
                              "Actual Loops": 4,
                              "Filter": "((kind_id < 7) AND (production_year = 2008))",
                              "Rows Removed by Filter": 622390
                            }
                          ]
                        }
                      ]
                    },
                    {
                      "Node Type": "Index Scan",
                      "Parent Relationship": "Inner",
                      "Parallel Aware": false,
                      "Scan Direction": "Forward",
                      "Index Name": "movie_id_movie_info",
                      "Relation Name": "movie_info",
                      "Alias": "mi",
                      "Startup Cost": 0.43,
                      "Total Cost": 1.54,
                      "Plan Rows": 27,
                      "Plan Width": 4,
                      "Actual Startup Time": 0.003,
                      "Actual Total Time": 0.016,
                      "Actual Rows": 29,
                      "Actual Loops": 112632,
                      "Index Cond": "(movie_id = mk.movie_id)",
                      "Rows Removed by Index Recheck": 0,
                      "Filter": "(info_type_id < 16)",
                      "Rows Removed by Filter": 34
                    }
                  ]
                }
              ]
            }
          ]
        }
      ]
    },
    "Planning Time": 1.428,
    "Triggers": [],
    "Execution Time": 925.569
  }
]