{
  "Plan": {
    "Node Type": "Aggregate",
    "Strategy": "Plain",
    "Partial Mode": "Finalize",
    "Parallel Aware": false,
    "Startup Cost": 35067.83,
    "Total Cost": 35067.84,
    "Plan Rows": 1,
    "Plan Width": 8,
    "Actual Startup Time": 56.332,
    "Actual Total Time": 64.097,
    "Actual Rows": 1,
    "Actual Loops": 1,
    "Plans": [
      {
        "Node Type": "Gather",
        "Parent Relationship": "Outer",
        "Parallel Aware": false,
        "Startup Cost": 35067.71,
        "Total Cost": 35067.82,
        "Plan Rows": 1,
        "Plan Width": 8,
        "Actual Startup Time": 56.24,
        "Actual Total Time": 64.091,
        "Actual Rows": 2,
        "Actual Loops": 1,
        "Workers Planned": 1,
        "Workers Launched": 1,
        "Single Copy": false,
        "Plans": [
          {
            "Node Type": "Aggregate",
            "Strategy": "Plain",
            "Partial Mode": "Partial",
            "Parent Relationship": "Outer",
            "Parallel Aware": false,
            "Startup Cost": 34067.71,
            "Total Cost": 34067.72,
            "Plan Rows": 1,
            "Plan Width": 8,
            "Actual Startup Time": 49.989,
            "Actual Total Time": 49.99,
            "Actual Rows": 1,
            "Actual Loops": 2,
            "Plans": [
              {
                "Node Type": "Nested Loop",
                "Parent Relationship": "Outer",
                "Parallel Aware": false,
                "Join Type": "Inner",
                "Startup Cost": 113.05,
                "Total Cost": 34066.63,
                "Plan Rows": 432,
                "Plan Width": 0,
                "Actual Startup Time": 3.761,
                "Actual Total Time": 49.421,
                "Actual Rows": 5397,
                "Actual Loops": 2,
                "Inner Unique": false,
                "Plans": [
                  {
                    "Node Type": "Nested Loop",
                    "Parent Relationship": "Outer",
                    "Parallel Aware": false,
                    "Join Type": "Inner",
                    "Startup Cost": 112.63,
                    "Total Cost": 33595.01,
                    "Plan Rows": 792,
                    "Plan Width": 8,
                    "Actual Startup Time": 3.541,
                    "Actual Total Time": 30.792,
                    "Actual Rows": 2410,
                    "Actual Loops": 2,
                    "Inner Unique": true,
                    "Plans": [
                      {
                        "Node Type": "Bitmap Heap Scan",
                        "Parent Relationship": "Outer",
                        "Parallel Aware": true,
                        "Relation Name": "movie_companies",
                        "Alias": "mc",
                        "Startup Cost": 112.2,
                        "Total Cost": 11570.28,
                        "Plan Rows": 3018,
                        "Plan Width": 4,
                        "Actual Startup Time": 3.047,
                        "Actual Total Time": 10.931,
                        "Actual Rows": 2540,
                        "Actual Loops": 2,
                        "Recheck Cond": "(company_id = 475)",
                        "Rows Removed by Index Recheck": 0,
                        "Exact Heap Blocks": 2940,
                        "Lossy Heap Blocks": 0,
                        "Plans": [
                          {
                            "Node Type": "Bitmap Index Scan",
                            "Parent Relationship": "Outer",
                            "Parallel Aware": false,
                            "Index Name": "company_id_movie_companies",
                            "Startup Cost": 0.0,
                            "Total Cost": 110.91,
                            "Plan Rows": 5131,
                            "Plan Width": 0,
                            "Actual Startup Time": 3.925,
                            "Actual Total Time": 3.925,
                            "Actual Rows": 5080,
                            "Actual Loops": 1,
                            "Index Cond": "(company_id = 475)"
                          }
                        ]
                      },
                      {
                        "Node Type": "Index Scan",
                        "Parent Relationship": "Inner",
                        "Parallel Aware": false,
                        "Scan Direction": "Forward",
                        "Index Name": "title_pkey",
                        "Relation Name": "title",
                        "Alias": "t",
                        "Startup Cost": 0.43,
                        "Total Cost": 7.3,
                        "Plan Rows": 1,
                        "Plan Width": 4,
                        "Actual Startup Time": 0.007,
                        "Actual Total Time": 0.007,
                        "Actual Rows": 1,
                        "Actual Loops": 5080,
                        "Index Cond": "(id = mc.movie_id)",
                        "Rows Removed by Index Recheck": 0,
                        "Filter": "(kind_id = 1)",
                        "Rows Removed by Filter": 0
                      }
                    ]
                  },
                  {
                    "Node Type": "Index Only Scan",
                    "Parent Relationship": "Inner",
                    "Parallel Aware": false,
                    "Scan Direction": "Forward",
                    "Index Name": "movie_id_movie_info_idx",
                    "Relation Name": "movie_info_idx",
                    "Alias": "mi_idx",
                    "Startup Cost": 0.43,
                    "Total Cost": 0.57,
                    "Plan Rows": 3,
                    "Plan Width": 4,
                    "Actual Startup Time": 0.006,
                    "Actual Total Time": 0.007,
                    "Actual Rows": 2,
                    "Actual Loops": 4819,
                    "Index Cond": "(movie_id = t.id)",
                    "Rows Removed by Index Recheck": 0,
                    "Heap Fetches": 10794
                  }
                ]
              }
            ]
          }
        ]
      }
    ]
  },
  "Planning Time": 1.042,
  "Triggers": [],
  "Execution Time": 64.189
}