[
  {
    "Plan": {
      "Node Type": "Aggregate",
      "Strategy": "Plain",
      "Partial Mode": "Finalize",
      "Parallel Aware": false,
      "Startup Cost": 95252.0,
      "Total Cost": 95252.01,
      "Plan Rows": 1,
      "Plan Width": 8,
      "Actual Startup Time": 411.006,
      "Actual Total Time": 429.877,
      "Actual Rows": 1,
      "Actual Loops": 1,
      "Plans": [
        {
          "Node Type": "Gather",
          "Parent Relationship": "Outer",
          "Parallel Aware": false,
          "Startup Cost": 95251.78,
          "Total Cost": 95251.99,
          "Plan Rows": 2,
          "Plan Width": 8,
          "Actual Startup Time": 410.075,
          "Actual Total Time": 429.866,
          "Actual Rows": 3,
          "Actual Loops": 1,
          "Workers Planned": 2,
          "Workers Launched": 2,
          "Single Copy": false,
          "Plans": [
            {
              "Node Type": "Aggregate",
              "Strategy": "Plain",
              "Partial Mode": "Partial",
              "Parent Relationship": "Outer",
              "Parallel Aware": false,
              "Startup Cost": 94251.78,
              "Total Cost": 94251.79,
              "Plan Rows": 1,
              "Plan Width": 8,
              "Actual Startup Time": 402.162,
              "Actual Total Time": 402.389,
              "Actual Rows": 1,
              "Actual Loops": 3,
              "Plans": [
                {
                  "Node Type": "Hash Join",
                  "Parent Relationship": "Outer",
                  "Parallel Aware": true,
                  "Join Type": "Inner",
                  "Startup Cost": 78272.75,
                  "Total Cost": 94182.99,
                  "Plan Rows": 27516,
                  "Plan Width": 0,
                  "Actual Startup Time": 304.892,
                  "Actual Total Time": 400.193,
                  "Actual Rows": 42264,
                  "Actual Loops": 3,
                  "Inner Unique": false,
                  "Hash Cond": "(mi_idx.movie_id = t.id)",
                  "Plans": [
                    {
                      "Node Type": "Seq Scan",
                      "Parent Relationship": "Outer",
                      "Parallel Aware": true,
                      "Relation Name": "movie_info_idx",
                      "Alias": "mi_idx",
                      "Startup Cost": 0.0,
                      "Total Cost": 13685.15,
                      "Plan Rows": 575015,
                      "Plan Width": 4,
                      "Actual Startup Time": 0.031,
                      "Actual Total Time": 42.156,
                      "Actual Rows": 460012,
                      "Actual Loops": 3
                    },
                    {
                      "Node Type": "Hash",
                      "Parent Relationship": "Inner",
                      "Parallel Aware": true,
                      "Startup Cost": 77894.68,
                      "Total Cost": 77894.68,
                      "Plan Rows": 30246,
                      "Plan Width": 8,
                      "Actual Startup Time": 302.862,
                      "Actual Total Time": 303.087,
                      "Actual Rows": 26770,
                      "Actual Loops": 3,
                      "Hash Buckets": 131072,
                      "Original Hash Buckets": 131072,
                      "Hash Batches": 1,
                      "Original Hash Batches": 1,
                      "Peak Memory Usage": 4192,
                      "Plans": [
                        {
                          "Node Type": "Hash Join",
                          "Parent Relationship": "Outer",
                          "Parallel Aware": true,
                          "Join Type": "Inner",
                          "Startup Cost": 32658.91,
                          "Total Cost": 77894.68,
                          "Plan Rows": 30246,
                          "Plan Width": 8,
                          "Actual Startup Time": 118.811,
                          "Actual Total Time": 292.565,
                          "Actual Rows": 26770,
                          "Actual Loops": 3,
                          "Inner Unique": false,
                          "Hash Cond": "(t.id = mc.movie_id)",
                          "Plans": [
                            {
                              "Node Type": "Seq Scan",
                              "Parent Relationship": "Outer",
                              "Parallel Aware": true,
                              "Relation Name": "title",
                              "Alias": "t",
                              "Startup Cost": 0.0,
                              "Total Cost": 43898.92,
                              "Plan Rows": 247857,
                              "Plan Width": 4,
                              "Actual Startup Time": 0.013,
                              "Actual Total Time": 111.931,
                              "Actual Rows": 328349,
                              "Actual Loops": 3,
                              "Filter": "(kind_id < 7)",
                              "Rows Removed by Filter": 514421
                            },
                            {
                              "Node Type": "Hash",
                              "Parent Relationship": "Inner",
                              "Parallel Aware": true,
                              "Startup Cost": 31414.82,
                              "Total Cost": 31414.82,
                              "Plan Rows": 99527,
                              "Plan Width": 4,
                              "Actual Startup Time": 115.947,
                              "Actual Total Time": 115.952,
                              "Actual Rows": 56460,
                              "Actual Loops": 3,
                              "Hash Buckets": 524288,
                              "Original Hash Buckets": 524288,
                              "Hash Batches": 1,
                              "Original Hash Batches": 1,
                              "Peak Memory Usage": 10784,
                              "Plans": [
                                {
                                  "Node Type": "Seq Scan",
                                  "Parent Relationship": "Outer",
                                  "Parallel Aware": true,
                                  "Relation Name": "movie_companies",
                                  "Alias": "mc",
                                  "Startup Cost": 0.0,
                                  "Total Cost": 31414.82,
                                  "Plan Rows": 99527,
                                  "Plan Width": 4,
                                  "Actual Startup Time": 57.707,
                                  "Actual Total Time": 98.037,
                                  "Actual Rows": 56460,
                                  "Actual Loops": 3,
                                  "Filter": "((company_id < 689) AND (company_type_id > 1))",
                                  "Rows Removed by Filter": 813249
                                }
                              ]
                            }
                          ]
                        }
                      ]
                    }
                  ]
                }
              ]
            }
          ]
        }
      ]
    },
    "Planning Time": 1.402,
    "Triggers": [],
    "Execution Time": 429.966
  }
]