[
  {
    "Plan": {
      "Node Type": "Aggregate",
      "Strategy": "Plain",
      "Partial Mode": "Finalize",
      "Parallel Aware": false,
      "Startup Cost": 44480.99,
      "Total Cost": 44481.0,
      "Plan Rows": 1,
      "Plan Width": 8,
      "Actual Startup Time": 98.603,
      "Actual Total Time": 105.806,
      "Actual Rows": 1,
      "Actual Loops": 1,
      "Plans": [
        {
          "Node Type": "Gather",
          "Parent Relationship": "Outer",
          "Parallel Aware": false,
          "Startup Cost": 44480.67,
          "Total Cost": 44480.98,
          "Plan Rows": 3,
          "Plan Width": 8,
          "Actual Startup Time": 98.471,
          "Actual Total Time": 105.799,
          "Actual Rows": 4,
          "Actual Loops": 1,
          "Workers Planned": 3,
          "Workers Launched": 3,
          "Single Copy": false,
          "Plans": [
            {
              "Node Type": "Aggregate",
              "Strategy": "Plain",
              "Partial Mode": "Partial",
              "Parent Relationship": "Outer",
              "Parallel Aware": false,
              "Startup Cost": 43480.67,
              "Total Cost": 43480.68,
              "Plan Rows": 1,
              "Plan Width": 8,
              "Actual Startup Time": 95.0,
              "Actual Total Time": 95.001,
              "Actual Rows": 1,
              "Actual Loops": 4,
              "Plans": [
                {
                  "Node Type": "Seq Scan",
                  "Parent Relationship": "Outer",
                  "Parallel Aware": true,
                  "Relation Name": "movie_keyword",
                  "Alias": "mk",
                  "Startup Cost": 0.0,
                  "Total Cost": 42695.65,
                  "Plan Rows": 314006,
                  "Plan Width": 0,
                  "Actual Startup Time": 1.335,
                  "Actual Total Time": 84.829,
                  "Actual Rows": 242686,
                  "Actual Loops": 4,
                  "Filter": "(keyword_id > 19485)",
                  "Rows Removed by Filter": 888297
                }
              ]
            }
          ]
        }
      ]
    },
    "Planning Time": 0.085,
    "Triggers": [],
    "Execution Time": 105.842
  }
]