{
  "Plan": {
    "Node Type": "Aggregate",
    "Strategy": "Plain",
    "Partial Mode": "Finalize",
    "Parallel Aware": false,
    "Startup Cost": 447548.24,
    "Total Cost": 447548.25,
    "Plan Rows": 1,
    "Plan Width": 8,
    "Actual Startup Time": 5929.56,
    "Actual Total Time": 5969.195,
    "Actual Rows": 1,
    "Actual Loops": 1,
    "Plans": [
      {
        "Node Type": "Gather",
        "Parent Relationship": "Outer",
        "Parallel Aware": false,
        "Startup Cost": 447548.12,
        "Total Cost": 447548.23,
        "Plan Rows": 1,
        "Plan Width": 8,
        "Actual Startup Time": 5925.563,
        "Actual Total Time": 5969.188,
        "Actual Rows": 2,
        "Actual Loops": 1,
        "Workers Planned": 1,
        "Workers Launched": 1,
        "Single Copy": false,
        "Plans": [
          {
            "Node Type": "Aggregate",
            "Strategy": "Plain",
            "Partial Mode": "Partial",
            "Parent Relationship": "Outer",
            "Parallel Aware": false,
            "Startup Cost": 446548.12,
            "Total Cost": 446548.13,
            "Plan Rows": 1,
            "Plan Width": 8,
            "Actual Startup Time": 5918.711,
            "Actual Total Time": 5918.717,
            "Actual Rows": 1,
            "Actual Loops": 2,
            "Plans": [
              {
                "Node Type": "Hash Join",
                "Parent Relationship": "Outer",
                "Parallel Aware": true,
                "Join Type": "Inner",
                "Startup Cost": 110753.43,
                "Total Cost": 443667.22,
                "Plan Rows": 1152360,
                "Plan Width": 0,
                "Actual Startup Time": 717.808,
                "Actual Total Time": 5717.534,
                "Actual Rows": 4925382,
                "Actual Loops": 2,
                "Inner Unique": false,
                "Hash Cond": "(t.id = mc.movie_id)",
                "Plans": [
                  {
                    "Node Type": "Hash Join",
                    "Parent Relationship": "Outer",
                    "Parallel Aware": true,
                    "Join Type": "Inner",
                    "Startup Cost": 69460.7,
                    "Total Cost": 341244.19,
                    "Plan Rows": 8696274,
                    "Plan Width": 8,
                    "Actual Startup Time": 517.419,
                    "Actual Total Time": 3667.79,
                    "Actual Rows": 7417860,
                    "Actual Loops": 2,
                    "Inner Unique": true,
                    "Hash Cond": "(mi.movie_id = t.id)",
                    "Plans": [
                      {
                        "Node Type": "Seq Scan",
                        "Parent Relationship": "Outer",
                        "Parallel Aware": true,
                        "Relation Name": "movie_info",
                        "Alias": "mi",
                        "Startup Cost": 0.0,
                        "Total Cost": 248955.74,
                        "Plan Rows": 8696274,
                        "Plan Width": 4,
                        "Actual Startup Time": 0.008,
                        "Actual Total Time": 603.199,
                        "Actual Rows": 7417860,
                        "Actual Loops": 2
                      },
                      {
                        "Node Type": "Hash",
                        "Parent Relationship": "Inner",
                        "Parallel Aware": true,
                        "Startup Cost": 50870.31,
                        "Total Cost": 50870.31,
                        "Plan Rows": 1487231,
                        "Plan Width": 4,
                        "Actual Startup Time": 505.433,
                        "Actual Total Time": 505.433,
                        "Actual Rows": 1264156,
                        "Actual Loops": 2,
                        "Hash Buckets": 4194304,
                        "Original Hash Buckets": 4194304,
                        "Hash Batches": 1,
                        "Original Hash Batches": 1,
                        "Peak Memory Usage": 131712,
                        "Plans": [
                          {
                            "Node Type": "Seq Scan",
                            "Parent Relationship": "Outer",
                            "Parallel Aware": true,
                            "Relation Name": "title",
                            "Alias": "t",
                            "Startup Cost": 0.0,
                            "Total Cost": 50870.31,
                            "Plan Rows": 1487231,
                            "Plan Width": 4,
                            "Actual Startup Time": 0.016,
                            "Actual Total Time": 144.538,
                            "Actual Rows": 1264156,
                            "Actual Loops": 2
                          }
                        ]
                      }
                    ]
                  },
                  {
                    "Node Type": "Hash",
                    "Parent Relationship": "Inner",
                    "Parallel Aware": true,
                    "Startup Cost": 38829.28,
                    "Total Cost": 38829.28,
                    "Plan Rows": 197076,
                    "Plan Width": 4,
                    "Actual Startup Time": 190.757,
                    "Actual Total Time": 190.759,
                    "Actual Rows": 323004,
                    "Actual Loops": 2,
                    "Hash Buckets": 1048576,
                    "Original Hash Buckets": 524288,
                    "Hash Batches": 1,
                    "Original Hash Batches": 1,
                    "Peak Memory Usage": 37600,
                    "Plans": [
                      {
                        "Node Type": "Bitmap Heap Scan",
                        "Parent Relationship": "Outer",
                        "Parallel Aware": true,
                        "Relation Name": "movie_companies",
                        "Alias": "mc",
                        "Startup Cost": 14217.07,
                        "Total Cost": 38829.28,
                        "Plan Rows": 197076,
                        "Plan Width": 4,
                        "Actual Startup Time": 51.342,
                        "Actual Total Time": 112.744,
                        "Actual Rows": 323004,
                        "Actual Loops": 2,
                        "Recheck Cond": "(company_id > 50101)",
                        "Rows Removed by Index Recheck": 0,
                        "Filter": "(company_type_id > 1)",
                        "Rows Removed by Filter": 13192,
                        "Exact Heap Blocks": 7733,
                        "Lossy Heap Blocks": 0,
                        "Plans": [
                          {
                            "Node Type": "Bitmap Index Scan",
                            "Parent Relationship": "Outer",
                            "Parallel Aware": false,
                            "Index Name": "company_id_movie_companies",
                            "Startup Cost": 0.0,
                            "Total Cost": 14133.31,
                            "Plan Rows": 659851,
                            "Plan Width": 0,
                            "Actual Startup Time": 40.564,
                            "Actual Total Time": 40.564,
                            "Actual Rows": 672393,
                            "Actual Loops": 1,
                            "Index Cond": "(company_id > 50101)"
                          }
                        ]
                      }
                    ]
                  }
                ]
              }
            ]
          }
        ]
      }
    ]
  },
  "Planning Time": 1.084,
  "Triggers": [],
  "Execution Time": 5969.301
}