[
  {
    "Plan": {
      "Node Type": "Aggregate",
      "Strategy": "Plain",
      "Partial Mode": "Finalize",
      "Parallel Aware": false,
      "Startup Cost": 32258.94,
      "Total Cost": 32258.95,
      "Plan Rows": 1,
      "Plan Width": 8,
      "Actual Startup Time": 133.122,
      "Actual Total Time": 141.478,
      "Actual Rows": 1,
      "Actual Loops": 1,
      "Plans": [
        {
          "Node Type": "Gather",
          "Parent Relationship": "Outer",
          "Parallel Aware": false,
          "Startup Cost": 32258.63,
          "Total Cost": 32258.94,
          "Plan Rows": 3,
          "Plan Width": 8,
          "Actual Startup Time": 133.024,
          "Actual Total Time": 141.468,
          "Actual Rows": 4,
          "Actual Loops": 1,
          "Workers Planned": 3,
          "Workers Launched": 3,
          "Single Copy": false,
          "Plans": [
            {
              "Node Type": "Aggregate",
              "Strategy": "Plain",
              "Partial Mode": "Partial",
              "Parent Relationship": "Outer",
              "Parallel Aware": false,
              "Startup Cost": 31258.63,
              "Total Cost": 31258.64,
              "Plan Rows": 1,
              "Plan Width": 8,
              "Actual Startup Time": 127.182,
              "Actual Total Time": 127.183,
              "Actual Rows": 1,
              "Actual Loops": 4,
              "Plans": [
                {
                  "Node Type": "Seq Scan",
                  "Parent Relationship": "Outer",
                  "Parallel Aware": true,
                  "Relation Name": "movie_companies",
                  "Alias": "mc",
                  "Startup Cost": 0.0,
                  "Total Cost": 29310.68,
                  "Plan Rows": 779178,
                  "Plan Width": 0,
                  "Actual Startup Time": 0.061,
                  "Actual Total Time": 94.412,
                  "Actual Rows": 604273,
                  "Actual Loops": 4,
                  "Filter": "(company_id > 51)",
                  "Rows Removed by Filter": 48010
                }
              ]
            }
          ]
        }
      ]
    },
    "Planning Time": 0.221,
    "Triggers": [],
    "Execution Time": 141.529
  }
]