[
    {
        "Bao": {
            "Bao prediction": "NaN",
            "Bao recommended hint": "(no hint)"
        }
    },
    {
        "Plan": {
            "Node Type": "Aggregate",
            "Strategy": "Plain",
            "Partial Mode": "Finalize",
            "Parallel Aware": false,
            "Startup Cost": 32754.97,
            "Total Cost": 32754.98,
            "Plan Rows": 1,
            "Plan Width": 8,
            "Actual Startup Time": 96.002,
            "Actual Total Time": 102.2,
            "Actual Rows": 1,
            "Actual Loops": 1,
            "Output": [
                "count(*)"
            ],
            "Plans": [
                {
                    "Node Type": "Gather",
                    "Parent Relationship": "Outer",
                    "Parallel Aware": false,
                    "Startup Cost": 32754.65,
                    "Total Cost": 32754.96,
                    "Plan Rows": 3,
                    "Plan Width": 8,
                    "Actual Startup Time": 95.936,
                    "Actual Total Time": 102.192,
                    "Actual Rows": 4,
                    "Actual Loops": 1,
                    "Output": [
                        "(PARTIAL count(*))"
                    ],
                    "Workers Planned": 3,
                    "Workers Launched": 3,
                    "Single Copy": false,
                    "Plans": [
                        {
                            "Node Type": "Aggregate",
                            "Strategy": "Plain",
                            "Partial Mode": "Partial",
                            "Parent Relationship": "Outer",
                            "Parallel Aware": false,
                            "Startup Cost": 31754.65,
                            "Total Cost": 31754.66,
                            "Plan Rows": 1,
                            "Plan Width": 8,
                            "Actual Startup Time": 87.161,
                            "Actual Total Time": 87.162,
                            "Actual Rows": 1,
                            "Actual Loops": 4,
                            "Output": [
                                "PARTIAL count(*)"
                            ],
                            "Workers": [
                                {
                                    "Worker Number": 0,
                                    "Actual Startup Time": 84.546,
                                    "Actual Total Time": 84.547,
                                    "Actual Rows": 1,
                                    "Actual Loops": 1
                                },
                                {
                                    "Worker Number": 1,
                                    "Actual Startup Time": 84.32,
                                    "Actual Total Time": 84.321,
                                    "Actual Rows": 1,
                                    "Actual Loops": 1
                                },
                                {
                                    "Worker Number": 2,
                                    "Actual Startup Time": 84.333,
                                    "Actual Total Time": 84.334,
                                    "Actual Rows": 1,
                                    "Actual Loops": 1
                                }
                            ],
                            "Plans": [
                                {
                                    "Node Type": "Seq Scan",
                                    "Parent Relationship": "Outer",
                                    "Parallel Aware": true,
                                    "Relation Name": "movie_companies",
                                    "Schema": "public",
                                    "Alias": "mc",
                                    "Startup Cost": 0.0,
                                    "Total Cost": 31414.82,
                                    "Plan Rows": 135934,
                                    "Plan Width": 0,
                                    "Actual Startup Time": 43.711,
                                    "Actual Total Time": 78.732,
                                    "Actual Rows": 186275,
                                    "Actual Loops": 4,
                                    "Output": [
                                        "id",
                                        "movie_id",
                                        "company_id",
                                        "company_type_id",
                                        "note"
                                    ],
                                    "Filter": "((mc.company_id > 27455) AND (mc.company_type_id > 1))",
                                    "Rows Removed by Filter": 466007,
                                    "Workers": [
                                        {
                                            "Worker Number": 0,
                                            "Actual Startup Time": 41.09,
                                            "Actual Total Time": 76.516,
                                            "Actual Rows": 196995,
                                            "Actual Loops": 1
                                        },
                                        {
                                            "Worker Number": 1,
                                            "Actual Startup Time": 40.886,
                                            "Actual Total Time": 76.198,
                                            "Actual Rows": 198399,
                                            "Actual Loops": 1
                                        },
                                        {
                                            "Worker Number": 2,
                                            "Actual Startup Time": 40.886,
                                            "Actual Total Time": 76.282,
                                            "Actual Rows": 197682,
                                            "Actual Loops": 1
                                        }
                                    ]
                                }
                            ]
                        }
                    ]
                }
            ]
        },
        "Planning Time": 285.925,
        "Triggers": [],
        "Execution Time": 102.278
    }
]