[
  {
    "Plan": {
      "Node Type": "Aggregate",
      "Strategy": "Plain",
      "Partial Mode": "Finalize",
      "Parallel Aware": false,
      "Startup Cost": 46992.14,
      "Total Cost": 46992.15,
      "Plan Rows": 1,
      "Plan Width": 8,
      "Actual Startup Time": 174.565,
      "Actual Total Time": 182.453,
      "Actual Rows": 1,
      "Actual Loops": 1,
      "Plans": [
        {
          "Node Type": "Gather",
          "Parent Relationship": "Outer",
          "Parallel Aware": false,
          "Startup Cost": 46991.82,
          "Total Cost": 46992.13,
          "Plan Rows": 3,
          "Plan Width": 8,
          "Actual Startup Time": 174.34,
          "Actual Total Time": 182.444,
          "Actual Rows": 4,
          "Actual Loops": 1,
          "Workers Planned": 3,
          "Workers Launched": 3,
          "Single Copy": false,
          "Plans": [
            {
              "Node Type": "Aggregate",
              "Strategy": "Plain",
              "Partial Mode": "Partial",
              "Parent Relationship": "Outer",
              "Parallel Aware": false,
              "Startup Cost": 45991.82,
              "Total Cost": 45991.83,
              "Plan Rows": 1,
              "Plan Width": 8,
              "Actual Startup Time": 167.528,
              "Actual Total Time": 167.529,
              "Actual Rows": 1,
              "Actual Loops": 4,
              "Plans": [
                {
                  "Node Type": "Seq Scan",
                  "Parent Relationship": "Outer",
                  "Parallel Aware": true,
                  "Relation Name": "movie_keyword",
                  "Alias": "mk",
                  "Startup Cost": 0.0,
                  "Total Cost": 42695.65,
                  "Plan Rows": 1318467,
                  "Plan Width": 0,
                  "Actual Startup Time": 0.05,
                  "Actual Total Time": 123.05,
                  "Actual Rows": 1024414,
                  "Actual Loops": 4,
                  "Filter": "(keyword_id < 41040)",
                  "Rows Removed by Filter": 106568
                }
              ]
            }
          ]
        }
      ]
    },
    "Planning Time": 0.178,
    "Triggers": [],
    "Execution Time": 182.517
  }
]