{
  "Plan": {
    "Node Type": "Aggregate",
    "Strategy": "Plain",
    "Partial Mode": "Finalize",
    "Parallel Aware": false,
    "Startup Cost": 307136.18,
    "Total Cost": 307136.19,
    "Plan Rows": 1,
    "Plan Width": 8,
    "Actual Startup Time": 1895.025,
    "Actual Total Time": 1931.05,
    "Actual Rows": 1,
    "Actual Loops": 1,
    "Plans": [
      {
        "Node Type": "Gather",
        "Parent Relationship": "Outer",
        "Parallel Aware": false,
        "Startup Cost": 307136.06,
        "Total Cost": 307136.17,
        "Plan Rows": 1,
        "Plan Width": 8,
        "Actual Startup Time": 1894.57,
        "Actual Total Time": 1931.042,
        "Actual Rows": 2,
        "Actual Loops": 1,
        "Workers Planned": 1,
        "Workers Launched": 1,
        "Single Copy": false,
        "Plans": [
          {
            "Node Type": "Aggregate",
            "Strategy": "Plain",
            "Partial Mode": "Partial",
            "Parent Relationship": "Outer",
            "Parallel Aware": false,
            "Startup Cost": 306136.06,
            "Total Cost": 306136.07,
            "Plan Rows": 1,
            "Plan Width": 8,
            "Actual Startup Time": 1888.369,
            "Actual Total Time": 1888.373,
            "Actual Rows": 1,
            "Actual Loops": 2,
            "Plans": [
              {
                "Node Type": "Nested Loop",
                "Parent Relationship": "Outer",
                "Parallel Aware": false,
                "Join Type": "Inner",
                "Startup Cost": 25764.24,
                "Total Cost": 304487.42,
                "Plan Rows": 659458,
                "Plan Width": 0,
                "Actual Startup Time": 316.495,
                "Actual Total Time": 1804.672,
                "Actual Rows": 1632661,
                "Actual Loops": 2,
                "Inner Unique": false,
                "Plans": [
                  {
                    "Node Type": "Hash Join",
                    "Parent Relationship": "Outer",
                    "Parallel Aware": true,
                    "Join Type": "Inner",
                    "Startup Cost": 25763.81,
                    "Total Cost": 86592.72,
                    "Plan Rows": 112780,
                    "Plan Width": 8,
                    "Actual Startup Time": 316.406,
                    "Actual Total Time": 528.111,
                    "Actual Rows": 93242,
                    "Actual Loops": 2,
                    "Inner Unique": false,
                    "Hash Cond": "(t.id = mc.movie_id)",
                    "Plans": [
                      {
                        "Node Type": "Seq Scan",
                        "Parent Relationship": "Outer",
                        "Parallel Aware": true,
                        "Relation Name": "title",
                        "Alias": "t",
                        "Startup Cost": 0.0,
                        "Total Cost": 50870.31,
                        "Plan Rows": 1487231,
                        "Plan Width": 4,
                        "Actual Startup Time": 0.01,
                        "Actual Total Time": 136.417,
                        "Actual Rows": 1264156,
                        "Actual Loops": 2
                      },
                      {
                        "Node Type": "Hash",
                        "Parent Relationship": "Inner",
                        "Parallel Aware": true,
                        "Startup Cost": 24354.06,
                        "Total Cost": 24354.06,
                        "Plan Rows": 112780,
                        "Plan Width": 4,
                        "Actual Startup Time": 76.795,
                        "Actual Total Time": 76.797,
                        "Actual Rows": 93242,
                        "Actual Loops": 2,
                        "Hash Buckets": 262144,
                        "Original Hash Buckets": 262144,
                        "Hash Batches": 1,
                        "Original Hash Batches": 1,
                        "Peak Memory Usage": 9376,
                        "Plans": [
                          {
                            "Node Type": "Bitmap Heap Scan",
                            "Parent Relationship": "Outer",
                            "Parallel Aware": true,
                            "Relation Name": "movie_companies",
                            "Alias": "mc",
                            "Startup Cost": 4154.31,
                            "Total Cost": 24354.06,
                            "Plan Rows": 112780,
                            "Plan Width": 4,
                            "Actual Startup Time": 18.115,
                            "Actual Total Time": 48.067,
                            "Actual Rows": 93242,
                            "Actual Loops": 2,
                            "Recheck Cond": "(company_id > 117964)",
                            "Rows Removed by Index Recheck": 0,
                            "Exact Heap Blocks": 3062,
                            "Lossy Heap Blocks": 0,
                            "Plans": [
                              {
                                "Node Type": "Bitmap Index Scan",
                                "Parent Relationship": "Outer",
                                "Parallel Aware": false,
                                "Index Name": "company_id_movie_companies",
                                "Startup Cost": 0.0,
                                "Total Cost": 4106.38,
                                "Plan Rows": 191726,
                                "Plan Width": 0,
                                "Actual Startup Time": 19.364,
                                "Actual Total Time": 19.364,
                                "Actual Rows": 186483,
                                "Actual Loops": 1,
                                "Index Cond": "(company_id > 117964)"
                              }
                            ]
                          }
                        ]
                      }
                    ]
                  },
                  {
                    "Node Type": "Index Only Scan",
                    "Parent Relationship": "Inner",
                    "Parallel Aware": false,
                    "Scan Direction": "Forward",
                    "Index Name": "movie_id_movie_info",
                    "Relation Name": "movie_info",
                    "Alias": "mi",
                    "Startup Cost": 0.43,
                    "Total Cost": 1.51,
                    "Plan Rows": 42,
                    "Plan Width": 4,
                    "Actual Startup Time": 0.004,
                    "Actual Total Time": 0.012,
                    "Actual Rows": 18,
                    "Actual Loops": 186483,
                    "Index Cond": "(movie_id = t.id)",
                    "Rows Removed by Index Recheck": 0,
                    "Heap Fetches": 3265322
                  }
                ]
              }
            ]
          }
        ]
      }
    ]
  },
  "Planning Time": 0.864,
  "Triggers": [],
  "Execution Time": 1931.184
}