[
  {
    "Plan": {
      "Node Type": "Aggregate",
      "Strategy": "Plain",
      "Partial Mode": "Finalize",
      "Parallel Aware": false,
      "Startup Cost": 246097.43,
      "Total Cost": 246097.44,
      "Plan Rows": 1,
      "Plan Width": 8,
      "Actual Startup Time": 642.483,
      "Actual Total Time": 684.965,
      "Actual Rows": 1,
      "Actual Loops": 1,
      "Plans": [
        {
          "Node Type": "Gather",
          "Parent Relationship": "Outer",
          "Parallel Aware": false,
          "Startup Cost": 246096.91,
          "Total Cost": 246097.42,
          "Plan Rows": 5,
          "Plan Width": 8,
          "Actual Startup Time": 642.049,
          "Actual Total Time": 684.956,
          "Actual Rows": 6,
          "Actual Loops": 1,
          "Workers Planned": 5,
          "Workers Launched": 5,
          "Single Copy": false,
          "Plans": [
            {
              "Node Type": "Aggregate",
              "Strategy": "Plain",
              "Partial Mode": "Partial",
              "Parent Relationship": "Outer",
              "Parallel Aware": false,
              "Startup Cost": 245096.91,
              "Total Cost": 245096.92,
              "Plan Rows": 1,
              "Plan Width": 8,
              "Actual Startup Time": 632.241,
              "Actual Total Time": 632.244,
              "Actual Rows": 1,
              "Actual Loops": 6,
              "Plans": [
                {
                  "Node Type": "Hash Join",
                  "Parent Relationship": "Outer",
                  "Parallel Aware": true,
                  "Join Type": "Inner",
                  "Startup Cost": 45632.05,
                  "Total Cost": 244953.81,
                  "Plan Rows": 57238,
                  "Plan Width": 0,
                  "Actual Startup Time": 82.303,
                  "Actual Total Time": 628.47,
                  "Actual Rows": 72954,
                  "Actual Loops": 6,
                  "Inner Unique": true,
                  "Hash Cond": "(mi.movie_id = t.id)",
                  "Plans": [
                    {
                      "Node Type": "Seq Scan",
                      "Parent Relationship": "Outer",
                      "Parallel Aware": true,
                      "Relation Name": "movie_info",
                      "Alias": "mi",
                      "Startup Cost": 0.0,
                      "Total Cost": 191560.33,
                      "Plan Rows": 2956733,
                      "Plan Width": 4,
                      "Actual Startup Time": 0.023,
                      "Actual Total Time": 296.04,
                      "Actual Rows": 2472620,
                      "Actual Loops": 6
                    },
                    {
                      "Node Type": "Hash",
                      "Parent Relationship": "Inner",
                      "Parallel Aware": true,
                      "Startup Cost": 45479.1,
                      "Total Cost": 45479.1,
                      "Plan Rows": 12236,
                      "Plan Width": 4,
                      "Actual Startup Time": 80.437,
                      "Actual Total Time": 80.437,
                      "Actual Rows": 6816,
                      "Actual Loops": 6,
                      "Hash Buckets": 65536,
                      "Original Hash Buckets": 65536,
                      "Hash Batches": 1,
                      "Original Hash Batches": 1,
                      "Peak Memory Usage": 2208,
                      "Plans": [
                        {
                          "Node Type": "Seq Scan",
                          "Parent Relationship": "Outer",
                          "Parallel Aware": true,
                          "Relation Name": "title",
                          "Alias": "t",
                          "Startup Cost": 0.0,
                          "Total Cost": 45479.1,
                          "Plan Rows": 12236,
                          "Plan Width": 4,
                          "Actual Startup Time": 0.114,
                          "Actual Total Time": 77.282,
                          "Actual Rows": 6816,
                          "Actual Loops": 6,
                          "Filter": "((kind_id < 4) AND (production_year = 2010))",
                          "Rows Removed by Filter": 414569
                        }
                      ]
                    }
                  ]
                }
              ]
            }
          ]
        }
      ]
    },
    "Planning Time": 0.597,
    "Triggers": [],
    "Execution Time": 685.061
  }
]