{
  "Plan": {
    "Node Type": "Aggregate",
    "Strategy": "Plain",
    "Partial Mode": "Finalize",
    "Parallel Aware": false,
    "Startup Cost": 106860.7,
    "Total Cost": 106860.71,
    "Plan Rows": 1,
    "Plan Width": 8,
    "Actual Startup Time": 344.946,
    "Actual Total Time": 362.075,
    "Actual Rows": 1,
    "Actual Loops": 1,
    "Plans": [
      {
        "Node Type": "Gather",
        "Parent Relationship": "Outer",
        "Parallel Aware": false,
        "Startup Cost": 106860.58,
        "Total Cost": 106860.69,
        "Plan Rows": 1,
        "Plan Width": 8,
        "Actual Startup Time": 344.475,
        "Actual Total Time": 362.068,
        "Actual Rows": 2,
        "Actual Loops": 1,
        "Workers Planned": 1,
        "Workers Launched": 1,
        "Single Copy": false,
        "Plans": [
          {
            "Node Type": "Aggregate",
            "Strategy": "Plain",
            "Partial Mode": "Partial",
            "Parent Relationship": "Outer",
            "Parallel Aware": false,
            "Startup Cost": 105860.58,
            "Total Cost": 105860.59,
            "Plan Rows": 1,
            "Plan Width": 8,
            "Actual Startup Time": 338.5,
            "Actual Total Time": 338.504,
            "Actual Rows": 1,
            "Actual Loops": 2,
            "Plans": [
              {
                "Node Type": "Hash Join",
                "Parent Relationship": "Outer",
                "Parallel Aware": true,
                "Join Type": "Inner",
                "Startup Cost": 73704.47,
                "Total Cost": 105799.46,
                "Plan Rows": 24451,
                "Plan Width": 0,
                "Actual Startup Time": 203.625,
                "Actual Total Time": 337.45,
                "Actual Rows": 19090,
                "Actual Loops": 2,
                "Inner Unique": true,
                "Hash Cond": "(mk.movie_id = t.id)",
                "Plans": [
                  {
                    "Node Type": "Bitmap Heap Scan",
                    "Parent Relationship": "Outer",
                    "Parallel Aware": true,
                    "Relation Name": "movie_keyword",
                    "Alias": "mk",
                    "Startup Cost": 18216.3,
                    "Total Cost": 48985.17,
                    "Plan Rows": 505189,
                    "Plan Width": 4,
                    "Actual Startup Time": 49.527,
                    "Actual Total Time": 135.849,
                    "Actual Rows": 425974,
                    "Actual Loops": 2,
                    "Recheck Cond": "(keyword_id > 21558)",
                    "Rows Removed by Index Recheck": 0,
                    "Exact Heap Blocks": 14380,
                    "Lossy Heap Blocks": 0,
                    "Plans": [
                      {
                        "Node Type": "Bitmap Index Scan",
                        "Parent Relationship": "Outer",
                        "Parallel Aware": false,
                        "Index Name": "keyword_id_movie_keyword",
                        "Startup Cost": 0.0,
                        "Total Cost": 18001.6,
                        "Plan Rows": 858822,
                        "Plan Width": 0,
                        "Actual Startup Time": 45.932,
                        "Actual Total Time": 45.932,
                        "Actual Rows": 851949,
                        "Actual Loops": 1,
                        "Index Cond": "(keyword_id > 21558)"
                      }
                    ]
                  },
                  {
                    "Node Type": "Hash",
                    "Parent Relationship": "Inner",
                    "Parallel Aware": true,
                    "Startup Cost": 54588.39,
                    "Total Cost": 54588.39,
                    "Plan Rows": 71982,
                    "Plan Width": 4,
                    "Actual Startup Time": 151.127,
                    "Actual Total Time": 151.127,
                    "Actual Rows": 61430,
                    "Actual Loops": 2,
                    "Hash Buckets": 131072,
                    "Original Hash Buckets": 131072,
                    "Hash Batches": 1,
                    "Original Hash Batches": 1,
                    "Peak Memory Usage": 5856,
                    "Plans": [
                      {
                        "Node Type": "Seq Scan",
                        "Parent Relationship": "Outer",
                        "Parallel Aware": true,
                        "Relation Name": "title",
                        "Alias": "t",
                        "Startup Cost": 0.0,
                        "Total Cost": 54588.39,
                        "Plan Rows": 71982,
                        "Plan Width": 4,
                        "Actual Startup Time": 0.034,
                        "Actual Total Time": 135.346,
                        "Actual Rows": 61430,
                        "Actual Loops": 2,
                        "Filter": "(production_year = 2008)",
                        "Rows Removed by Filter": 1202726
                      }
                    ]
                  }
                ]
              }
            ]
          }
        ]
      }
    ]
  },
  "Planning Time": 0.444,
  "Triggers": [],
  "Execution Time": 362.168
}