[
  {
    "Plan": {
      "Node Type": "Aggregate",
      "Strategy": "Plain",
      "Partial Mode": "Finalize",
      "Parallel Aware": false,
      "Startup Cost": 74417.86,
      "Total Cost": 74417.87,
      "Plan Rows": 1,
      "Plan Width": 8,
      "Actual Startup Time": 248.518,
      "Actual Total Time": 260.587,
      "Actual Rows": 1,
      "Actual Loops": 1,
      "Plans": [
        {
          "Node Type": "Gather",
          "Parent Relationship": "Outer",
          "Parallel Aware": false,
          "Startup Cost": 74417.44,
          "Total Cost": 74417.85,
          "Plan Rows": 4,
          "Plan Width": 8,
          "Actual Startup Time": 246.538,
          "Actual Total Time": 260.579,
          "Actual Rows": 5,
          "Actual Loops": 1,
          "Workers Planned": 4,
          "Workers Launched": 4,
          "Single Copy": false,
          "Plans": [
            {
              "Node Type": "Aggregate",
              "Strategy": "Plain",
              "Partial Mode": "Partial",
              "Parent Relationship": "Outer",
              "Parallel Aware": false,
              "Startup Cost": 73417.44,
              "Total Cost": 73417.45,
              "Plan Rows": 1,
              "Plan Width": 8,
              "Actual Startup Time": 236.346,
              "Actual Total Time": 236.349,
              "Actual Rows": 1,
              "Actual Loops": 5,
              "Plans": [
                {
                  "Node Type": "Hash Join",
                  "Parent Relationship": "Outer",
                  "Parallel Aware": true,
                  "Join Type": "Inner",
                  "Startup Cost": 27710.38,
                  "Total Cost": 73317.91,
                  "Plan Rows": 39812,
                  "Plan Width": 0,
                  "Actual Startup Time": 166.086,
                  "Actual Total Time": 233.713,
                  "Actual Rows": 62346,
                  "Actual Loops": 5,
                  "Inner Unique": false,
                  "Hash Cond": "(t.id = mc.movie_id)",
                  "Plans": [
                    {
                      "Node Type": "Seq Scan",
                      "Parent Relationship": "Outer",
                      "Parallel Aware": true,
                      "Relation Name": "title",
                      "Alias": "t",
                      "Startup Cost": 0.0,
                      "Total Cost": 42318.73,
                      "Plan Rows": 632073,
                      "Plan Width": 4,
                      "Actual Startup Time": 0.011,
                      "Actual Total Time": 62.835,
                      "Actual Rows": 505662,
                      "Actual Loops": 5
                    },
                    {
                      "Node Type": "Hash",
                      "Parent Relationship": "Inner",
                      "Parallel Aware": true,
                      "Startup Cost": 27068.24,
                      "Total Cost": 27068.24,
                      "Plan Rows": 51371,
                      "Plan Width": 4,
                      "Actual Startup Time": 82.709,
                      "Actual Total Time": 82.71,
                      "Actual Rows": 62346,
                      "Actual Loops": 5,
                      "Hash Buckets": 524288,
                      "Original Hash Buckets": 262144,
                      "Hash Batches": 1,
                      "Original Hash Batches": 1,
                      "Peak Memory Usage": 18400,
                      "Plans": [
                        {
                          "Node Type": "Bitmap Heap Scan",
                          "Parent Relationship": "Outer",
                          "Parallel Aware": true,
                          "Relation Name": "movie_companies",
                          "Alias": "mc",
                          "Startup Cost": 6760.59,
                          "Total Cost": 27068.24,
                          "Plan Rows": 51371,
                          "Plan Width": 4,
                          "Actual Startup Time": 24.97,
                          "Actual Total Time": 53.871,
                          "Actual Rows": 62346,
                          "Actual Loops": 5,
                          "Recheck Cond": "(company_id > 92442)",
                          "Rows Removed by Index Recheck": 0,
                          "Filter": "(company_type_id = 2)",
                          "Rows Removed by Filter": 0,
                          "Exact Heap Blocks": 1885,
                          "Lossy Heap Blocks": 0,
                          "Plans": [
                            {
                              "Node Type": "Bitmap Index Scan",
                              "Parent Relationship": "Outer",
                              "Parallel Aware": false,
                              "Index Name": "company_id_movie_companies",
                              "Startup Cost": 0.0,
                              "Total Cost": 6720.78,
                              "Plan Rows": 313647,
                              "Plan Width": 0,
                              "Actual Startup Time": 27.388,
                              "Actual Total Time": 27.388,
                              "Actual Rows": 311728,
                              "Actual Loops": 1,
                              "Index Cond": "(company_id > 92442)"
                            }
                          ]
                        }
                      ]
                    }
                  ]
                }
              ]
            }
          ]
        }
      ]
    },
    "Planning Time": 0.766,
    "Triggers": [],
    "Execution Time": 260.679
  }
]