[
  {
    "Plan": {
      "Node Type": "Aggregate",
      "Strategy": "Plain",
      "Partial Mode": "Finalize",
      "Parallel Aware": false,
      "Startup Cost": 46434.87,
      "Total Cost": 46434.88,
      "Plan Rows": 1,
      "Plan Width": 8,
      "Actual Startup Time": 170.877,
      "Actual Total Time": 179.536,
      "Actual Rows": 1,
      "Actual Loops": 1,
      "Plans": [
        {
          "Node Type": "Gather",
          "Parent Relationship": "Outer",
          "Parallel Aware": false,
          "Startup Cost": 46434.55,
          "Total Cost": 46434.86,
          "Plan Rows": 3,
          "Plan Width": 8,
          "Actual Startup Time": 170.747,
          "Actual Total Time": 179.524,
          "Actual Rows": 4,
          "Actual Loops": 1,
          "Workers Planned": 3,
          "Workers Launched": 3,
          "Single Copy": false,
          "Plans": [
            {
              "Node Type": "Aggregate",
              "Strategy": "Plain",
              "Partial Mode": "Partial",
              "Parent Relationship": "Outer",
              "Parallel Aware": false,
              "Startup Cost": 45434.55,
              "Total Cost": 45434.56,
              "Plan Rows": 1,
              "Plan Width": 8,
              "Actual Startup Time": 162.08,
              "Actual Total Time": 162.083,
              "Actual Rows": 1,
              "Actual Loops": 4,
              "Plans": [
                {
                  "Node Type": "Seq Scan",
                  "Parent Relationship": "Outer",
                  "Parallel Aware": true,
                  "Relation Name": "movie_keyword",
                  "Alias": "mk",
                  "Startup Cost": 0.0,
                  "Total Cost": 42695.65,
                  "Plan Rows": 1095559,
                  "Plan Width": 0,
                  "Actual Startup Time": 0.159,
                  "Actual Total Time": 123.514,
                  "Actual Rows": 847100,
                  "Actual Loops": 4,
                  "Filter": "(keyword_id > 1259)",
                  "Rows Removed by Filter": 283882
                }
              ]
            }
          ]
        }
      ]
    },
    "Planning Time": 0.201,
    "Triggers": [],
    "Execution Time": 179.596
  }
]