[
    {
        "Bao": {
            "Bao prediction": "NaN",
            "Bao recommended hint": "(no hint)"
        }
    },
    {
        "Plan": {
            "Node Type": "Aggregate",
            "Strategy": "Plain",
            "Partial Mode": "Finalize",
            "Parallel Aware": false,
            "Startup Cost": 71337.42,
            "Total Cost": 71337.43,
            "Plan Rows": 1,
            "Plan Width": 8,
            "Actual Startup Time": 155.558,
            "Actual Total Time": 161.477,
            "Actual Rows": 1,
            "Actual Loops": 1,
            "Output": [
                "count(*)"
            ],
            "Plans": [
                {
                    "Node Type": "Gather",
                    "Parent Relationship": "Outer",
                    "Parallel Aware": false,
                    "Startup Cost": 71337.1,
                    "Total Cost": 71337.41,
                    "Plan Rows": 3,
                    "Plan Width": 8,
                    "Actual Startup Time": 154.254,
                    "Actual Total Time": 161.468,
                    "Actual Rows": 4,
                    "Actual Loops": 1,
                    "Output": [
                        "(PARTIAL count(*))"
                    ],
                    "Workers Planned": 3,
                    "Workers Launched": 3,
                    "Single Copy": false,
                    "Plans": [
                        {
                            "Node Type": "Aggregate",
                            "Strategy": "Plain",
                            "Partial Mode": "Partial",
                            "Parent Relationship": "Outer",
                            "Parallel Aware": false,
                            "Startup Cost": 70337.1,
                            "Total Cost": 70337.11,
                            "Plan Rows": 1,
                            "Plan Width": 8,
                            "Actual Startup Time": 145.241,
                            "Actual Total Time": 145.245,
                            "Actual Rows": 1,
                            "Actual Loops": 4,
                            "Output": [
                                "PARTIAL count(*)"
                            ],
                            "Workers": [
                                {
                                    "Worker Number": 0,
                                    "Actual Startup Time": 142.108,
                                    "Actual Total Time": 142.112,
                                    "Actual Rows": 1,
                                    "Actual Loops": 1
                                },
                                {
                                    "Worker Number": 1,
                                    "Actual Startup Time": 142.216,
                                    "Actual Total Time": 142.22,
                                    "Actual Rows": 1,
                                    "Actual Loops": 1
                                },
                                {
                                    "Worker Number": 2,
                                    "Actual Startup Time": 142.73,
                                    "Actual Total Time": 142.733,
                                    "Actual Rows": 1,
                                    "Actual Loops": 1
                                }
                            ],
                            "Plans": [
                                {
                                    "Node Type": "Hash Join",
                                    "Parent Relationship": "Outer",
                                    "Parallel Aware": true,
                                    "Join Type": "Inner",
                                    "Startup Cost": 50443.63,
                                    "Total Cost": 70331.95,
                                    "Plan Rows": 2058,
                                    "Plan Width": 0,
                                    "Actual Startup Time": 115.633,
                                    "Actual Total Time": 144.74,
                                    "Actual Rows": 8572,
                                    "Actual Loops": 4,
                                    "Inner Unique": true,
                                    "Hash Cond": "(mc.movie_id = t.id)",
                                    "Workers": [
                                        {
                                            "Worker Number": 0,
                                            "Actual Startup Time": 112.427,
                                            "Actual Total Time": 141.585,
                                            "Actual Rows": 8037,
                                            "Actual Loops": 1
                                        },
                                        {
                                            "Worker Number": 1,
                                            "Actual Startup Time": 112.721,
                                            "Actual Total Time": 141.756,
                                            "Actual Rows": 7149,
                                            "Actual Loops": 1
                                        },
                                        {
                                            "Worker Number": 2,
                                            "Actual Startup Time": 113.194,
                                            "Actual Total Time": 142.208,
                                            "Actual Rows": 8488,
                                            "Actual Loops": 1
                                        }
                                    ],
                                    "Plans": [
                                        {
                                            "Node Type": "Bitmap Heap Scan",
                                            "Parent Relationship": "Outer",
                                            "Parallel Aware": true,
                                            "Relation Name": "movie_companies",
                                            "Schema": "public",
                                            "Alias": "mc",
                                            "Startup Cost": 4489.94,
                                            "Total Cost": 24288.29,
                                            "Plan Rows": 34273,
                                            "Plan Width": 4,
                                            "Actual Startup Time": 10.886,
                                            "Actual Total Time": 26.33,
                                            "Actual Rows": 53069,
                                            "Actual Loops": 4,
                                            "Output": [
                                                "mc.id",
                                                "mc.movie_id",
                                                "mc.company_id",
                                                "mc.company_type_id",
                                                "mc.note"
                                            ],
                                            "Recheck Cond": "(mc.company_id > 109940)",
                                            "Rows Removed by Index Recheck": 0,
                                            "Filter": "(mc.company_type_id = 2)",
                                            "Rows Removed by Filter": 0,
                                            "Exact Heap Blocks": 1383,
                                            "Lossy Heap Blocks": 0,
                                            "Workers": [
                                                {
                                                    "Worker Number": 0,
                                                    "Actual Startup Time": 10.96,
                                                    "Actual Total Time": 27.004,
                                                    "Actual Rows": 49736,
                                                    "Actual Loops": 1
                                                },
                                                {
                                                    "Worker Number": 1,
                                                    "Actual Startup Time": 10.935,
                                                    "Actual Total Time": 26.47,
                                                    "Actual Rows": 45229,
                                                    "Actual Loops": 1
                                                },
                                                {
                                                    "Worker Number": 2,
                                                    "Actual Startup Time": 10.843,
                                                    "Actual Total Time": 26.89,
                                                    "Actual Rows": 51135,
                                                    "Actual Loops": 1
                                                }
                                            ],
                                            "Plans": [
                                                {
                                                    "Node Type": "Bitmap Index Scan",
                                                    "Parent Relationship": "Outer",
                                                    "Parallel Aware": false,
                                                    "Index Name": "company_id_movie_companies",
                                                    "Startup Cost": 0.0,
                                                    "Total Cost": 4463.38,
                                                    "Plan Rows": 208393,
                                                    "Plan Width": 0,
                                                    "Actual Startup Time": 10.191,
                                                    "Actual Total Time": 10.192,
                                                    "Actual Rows": 212275,
                                                    "Actual Loops": 1,
                                                    "Index Cond": "(mc.company_id > 109940)"
                                                }
                                            ]
                                        },
                                        {
                                            "Node Type": "Hash",
                                            "Parent Relationship": "Inner",
                                            "Parallel Aware": true,
                                            "Startup Cost": 45479.21,
                                            "Total Cost": 45479.21,
                                            "Plan Rows": 37959,
                                            "Plan Width": 4,
                                            "Actual Startup Time": 103.225,
                                            "Actual Total Time": 103.226,
                                            "Actual Rows": 62969,
                                            "Actual Loops": 4,
                                            "Output": [
                                                "t.id"
                                            ],
                                            "Hash Buckets": 262144,
                                            "Original Hash Buckets": 262144,
                                            "Hash Batches": 1,
                                            "Original Hash Batches": 1,
                                            "Peak Memory Usage": 11936,
                                            "Workers": [
                                                {
                                                    "Worker Number": 0,
                                                    "Actual Startup Time": 101.0,
                                                    "Actual Total Time": 101.0,
                                                    "Actual Rows": 60396,
                                                    "Actual Loops": 1
                                                },
                                                {
                                                    "Worker Number": 1,
                                                    "Actual Startup Time": 101.201,
                                                    "Actual Total Time": 101.202,
                                                    "Actual Rows": 53701,
                                                    "Actual Loops": 1
                                                },
                                                {
                                                    "Worker Number": 2,
                                                    "Actual Startup Time": 101.756,
                                                    "Actual Total Time": 101.757,
                                                    "Actual Rows": 61059,
                                                    "Actual Loops": 1
                                                }
                                            ],
                                            "Plans": [
                                                {
                                                    "Node Type": "Seq Scan",
                                                    "Parent Relationship": "Outer",
                                                    "Parallel Aware": true,
                                                    "Relation Name": "title",
                                                    "Schema": "public",
                                                    "Alias": "t",
                                                    "Startup Cost": 0.0,
                                                    "Total Cost": 45479.21,
                                                    "Plan Rows": 37959,
                                                    "Plan Width": 4,
                                                    "Actual Startup Time": 0.185,
                                                    "Actual Total Time": 84.818,
                                                    "Actual Rows": 62969,
                                                    "Actual Loops": 4,
                                                    "Output": [
                                                        "t.id"
                                                    ],
                                                    "Filter": "((t.kind_id < 7) AND (t.production_year < 1971))",
                                                    "Rows Removed by Filter": 569109,
                                                    "Workers": [
                                                        {
                                                            "Worker Number": 0,
                                                            "Actual Startup Time": 0.188,
                                                            "Actual Total Time": 83.446,
                                                            "Actual Rows": 60396,
                                                            "Actual Loops": 1
                                                        },
                                                        {
                                                            "Worker Number": 1,
                                                            "Actual Startup Time": 0.423,
                                                            "Actual Total Time": 82.483,
                                                            "Actual Rows": 53701,
                                                            "Actual Loops": 1
                                                        },
                                                        {
                                                            "Worker Number": 2,
                                                            "Actual Startup Time": 0.065,
                                                            "Actual Total Time": 84.234,
                                                            "Actual Rows": 61059,
                                                            "Actual Loops": 1
                                                        }
                                                    ]
                                                }
                                            ]
                                        }
                                    ]
                                }
                            ]
                        }
                    ]
                }
            ]
        },
        "Planning Time": 188.057,
        "Triggers": [],
        "Execution Time": 161.541
    }
]