[
  {
    "Plan": {
      "Node Type": "Aggregate",
      "Strategy": "Plain",
      "Partial Mode": "Finalize",
      "Parallel Aware": false,
      "Startup Cost": 99414.58,
      "Total Cost": 99414.59,
      "Plan Rows": 1,
      "Plan Width": 8,
      "Actual Startup Time": 689.961,
      "Actual Total Time": 704.754,
      "Actual Rows": 1,
      "Actual Loops": 1,
      "Plans": [
        {
          "Node Type": "Gather",
          "Parent Relationship": "Outer",
          "Parallel Aware": false,
          "Startup Cost": 99414.37,
          "Total Cost": 99414.58,
          "Plan Rows": 2,
          "Plan Width": 8,
          "Actual Startup Time": 684.187,
          "Actual Total Time": 704.744,
          "Actual Rows": 3,
          "Actual Loops": 1,
          "Workers Planned": 2,
          "Workers Launched": 2,
          "Single Copy": false,
          "Plans": [
            {
              "Node Type": "Aggregate",
              "Strategy": "Plain",
              "Partial Mode": "Partial",
              "Parent Relationship": "Outer",
              "Parallel Aware": false,
              "Startup Cost": 98414.37,
              "Total Cost": 98414.38,
              "Plan Rows": 1,
              "Plan Width": 8,
              "Actual Startup Time": 676.564,
              "Actual Total Time": 677.067,
              "Actual Rows": 1,
              "Actual Loops": 3,
              "Plans": [
                {
                  "Node Type": "Hash Join",
                  "Parent Relationship": "Outer",
                  "Parallel Aware": true,
                  "Join Type": "Inner",
                  "Startup Cost": 82046.47,
                  "Total Cost": 98151.14,
                  "Plan Rows": 105289,
                  "Plan Width": 0,
                  "Actual Startup Time": 554.155,
                  "Actual Total Time": 668.658,
                  "Actual Rows": 177381,
                  "Actual Loops": 3,
                  "Inner Unique": false,
                  "Hash Cond": "(mi_idx.movie_id = t.id)",
                  "Plans": [
                    {
                      "Node Type": "Seq Scan",
                      "Parent Relationship": "Outer",
                      "Parallel Aware": true,
                      "Relation Name": "movie_info_idx",
                      "Alias": "mi_idx",
                      "Startup Cost": 0.0,
                      "Total Cost": 13685.15,
                      "Plan Rows": 575015,
                      "Plan Width": 4,
                      "Actual Startup Time": 0.065,
                      "Actual Total Time": 38.359,
                      "Actual Rows": 460012,
                      "Actual Loops": 3
                    },
                    {
                      "Node Type": "Hash",
                      "Parent Relationship": "Inner",
                      "Parallel Aware": true,
                      "Startup Cost": 80599.76,
                      "Total Cost": 80599.76,
                      "Plan Rows": 115737,
                      "Plan Width": 8,
                      "Actual Startup Time": 549.945,
                      "Actual Total Time": 550.446,
                      "Actual Rows": 122331,
                      "Actual Loops": 3,
                      "Hash Buckets": 524288,
                      "Original Hash Buckets": 524288,
                      "Hash Batches": 1,
                      "Original Hash Batches": 1,
                      "Peak Memory Usage": 18496,
                      "Plans": [
                        {
                          "Node Type": "Hash Join",
                          "Parent Relationship": "Outer",
                          "Parallel Aware": true,
                          "Join Type": "Inner",
                          "Startup Cost": 34237.34,
                          "Total Cost": 80599.76,
                          "Plan Rows": 115737,
                          "Plan Width": 8,
                          "Actual Startup Time": 209.878,
                          "Actual Total Time": 511.712,
                          "Actual Rows": 122331,
                          "Actual Loops": 3,
                          "Inner Unique": false,
                          "Hash Cond": "(t.id = mc.movie_id)",
                          "Plans": [
                            {
                              "Node Type": "Seq Scan",
                              "Parent Relationship": "Outer",
                              "Parallel Aware": true,
                              "Relation Name": "title",
                              "Alias": "t",
                              "Startup Cost": 0.0,
                              "Total Cost": 43898.92,
                              "Plan Rows": 418032,
                              "Plan Width": 4,
                              "Actual Startup Time": 0.012,
                              "Actual Total Time": 120.7,
                              "Actual Rows": 558033,
                              "Actual Loops": 3,
                              "Filter": "(kind_id > 3)",
                              "Rows Removed by Filter": 284738
                            },
                            {
                              "Node Type": "Hash",
                              "Parent Relationship": "Inner",
                              "Parallel Aware": true,
                              "Startup Cost": 31414.82,
                              "Total Cost": 31414.82,
                              "Plan Rows": 225802,
                              "Plan Width": 4,
                              "Actual Startup Time": 205.366,
                              "Actual Total Time": 205.367,
                              "Actual Rows": 321276,
                              "Actual Loops": 3,
                              "Hash Buckets": 1048576,
                              "Original Hash Buckets": 1048576,
                              "Hash Batches": 1,
                              "Original Hash Batches": 1,
                              "Peak Memory Usage": 45920,
                              "Plans": [
                                {
                                  "Node Type": "Seq Scan",
                                  "Parent Relationship": "Outer",
                                  "Parallel Aware": true,
                                  "Relation Name": "movie_companies",
                                  "Alias": "mc",
                                  "Startup Cost": 0.0,
                                  "Total Cost": 31414.82,
                                  "Plan Rows": 225802,
                                  "Plan Width": 4,
                                  "Actual Startup Time": 0.055,
                                  "Actual Total Time": 106.866,
                                  "Actual Rows": 321276,
                                  "Actual Loops": 3,
                                  "Filter": "((company_id < 12496) AND (company_type_id < 2))",
                                  "Rows Removed by Filter": 548434
                                }
                              ]
                            }
                          ]
                        }
                      ]
                    }
                  ]
                }
              ]
            }
          ]
        }
      ]
    },
    "Planning Time": 1.422,
    "Triggers": [],
    "Execution Time": 704.835
  }
]