[
  {
    "Plan": {
      "Node Type": "Aggregate",
      "Strategy": "Plain",
      "Partial Mode": "Simple",
      "Parallel Aware": false,
      "Startup Cost": 17031.87,
      "Total Cost": 17031.88,
      "Plan Rows": 1,
      "Plan Width": 8,
      "Actual Startup Time": 8.15,
      "Actual Total Time": 8.152,
      "Actual Rows": 1,
      "Actual Loops": 1,
      "Plans": [
        {
          "Node Type": "Bitmap Heap Scan",
          "Parent Relationship": "Outer",
          "Parallel Aware": false,
          "Relation Name": "movie_keyword",
          "Alias": "mk",
          "Startup Cost": 175.54,
          "Total Cost": 17011.52,
          "Plan Rows": 8143,
          "Plan Width": 0,
          "Actual Startup Time": 1.214,
          "Actual Total Time": 7.283,
          "Actual Rows": 7873,
          "Actual Loops": 1,
          "Recheck Cond": "(keyword_id = 3)",
          "Rows Removed by Index Recheck": 0,
          "Exact Heap Blocks": 1870,
          "Lossy Heap Blocks": 0,
          "Plans": [
            {
              "Node Type": "Bitmap Index Scan",
              "Parent Relationship": "Outer",
              "Parallel Aware": false,
              "Index Name": "keyword_id_movie_keyword",
              "Startup Cost": 0.0,
              "Total Cost": 173.5,
              "Plan Rows": 8143,
              "Plan Width": 0,
              "Actual Startup Time": 0.797,
              "Actual Total Time": 0.798,
              "Actual Rows": 7873,
              "Actual Loops": 1,
              "Index Cond": "(keyword_id = 3)"
            }
          ]
        }
      ]
    },
    "Planning Time": 0.129,
    "Triggers": [],
    "Execution Time": 8.199
  }
]