[
  {
    "Plan": {
      "Node Type": "Aggregate",
      "Strategy": "Plain",
      "Partial Mode": "Finalize",
      "Parallel Aware": false,
      "Startup Cost": 47397.48,
      "Total Cost": 47397.49,
      "Plan Rows": 1,
      "Plan Width": 8,
      "Actual Startup Time": 126.853,
      "Actual Total Time": 140.067,
      "Actual Rows": 1,
      "Actual Loops": 1,
      "Plans": [
        {
          "Node Type": "Gather",
          "Parent Relationship": "Outer",
          "Parallel Aware": false,
          "Startup Cost": 47397.06,
          "Total Cost": 47397.47,
          "Plan Rows": 4,
          "Plan Width": 8,
          "Actual Startup Time": 126.711,
          "Actual Total Time": 140.057,
          "Actual Rows": 5,
          "Actual Loops": 1,
          "Workers Planned": 4,
          "Workers Launched": 4,
          "Single Copy": false,
          "Plans": [
            {
              "Node Type": "Aggregate",
              "Strategy": "Plain",
              "Partial Mode": "Partial",
              "Parent Relationship": "Outer",
              "Parallel Aware": false,
              "Startup Cost": 46397.06,
              "Total Cost": 46397.07,
              "Plan Rows": 1,
              "Plan Width": 8,
              "Actual Startup Time": 119.441,
              "Actual Total Time": 119.442,
              "Actual Rows": 1,
              "Actual Loops": 5,
              "Plans": [
                {
                  "Node Type": "Seq Scan",
                  "Parent Relationship": "Outer",
                  "Parallel Aware": true,
                  "Relation Name": "title",
                  "Alias": "t",
                  "Startup Cost": 0.0,
                  "Total Cost": 45479.1,
                  "Plan Rows": 367186,
                  "Plan Width": 0,
                  "Actual Startup Time": 0.035,
                  "Actual Total Time": 101.672,
                  "Actual Rows": 295688,
                  "Actual Loops": 5,
                  "Filter": "((production_year > 1912) AND (kind_id = 7))",
                  "Rows Removed by Filter": 209975
                }
              ]
            }
          ]
        }
      ]
    },
    "Planning Time": 0.164,
    "Triggers": [],
    "Execution Time": 140.122
  }
]