[
  {
    "Plan": {
      "Node Type": "Aggregate",
      "Strategy": "Plain",
      "Partial Mode": "Finalize",
      "Parallel Aware": false,
      "Startup Cost": 33084.27,
      "Total Cost": 33084.28,
      "Plan Rows": 1,
      "Plan Width": 8,
      "Actual Startup Time": 103.266,
      "Actual Total Time": 111.477,
      "Actual Rows": 1,
      "Actual Loops": 1,
      "Plans": [
        {
          "Node Type": "Gather",
          "Parent Relationship": "Outer",
          "Parallel Aware": false,
          "Startup Cost": 33083.95,
          "Total Cost": 33084.26,
          "Plan Rows": 3,
          "Plan Width": 8,
          "Actual Startup Time": 103.127,
          "Actual Total Time": 111.47,
          "Actual Rows": 4,
          "Actual Loops": 1,
          "Workers Planned": 3,
          "Workers Launched": 3,
          "Single Copy": false,
          "Plans": [
            {
              "Node Type": "Aggregate",
              "Strategy": "Plain",
              "Partial Mode": "Partial",
              "Parent Relationship": "Outer",
              "Parallel Aware": false,
              "Startup Cost": 32083.95,
              "Total Cost": 32083.96,
              "Plan Rows": 1,
              "Plan Width": 8,
              "Actual Startup Time": 95.421,
              "Actual Total Time": 95.422,
              "Actual Rows": 1,
              "Actual Loops": 4,
              "Plans": [
                {
                  "Node Type": "Seq Scan",
                  "Parent Relationship": "Outer",
                  "Parallel Aware": true,
                  "Relation Name": "movie_companies",
                  "Alias": "mc",
                  "Startup Cost": 0.0,
                  "Total Cost": 31414.82,
                  "Plan Rows": 267652,
                  "Plan Width": 0,
                  "Actual Startup Time": 49.201,
                  "Actual Total Time": 84.913,
                  "Actual Rows": 261041,
                  "Actual Loops": 4,
                  "Filter": "((company_id > 4241) AND (company_type_id > 1))",
                  "Rows Removed by Filter": 391241
                }
              ]
            }
          ]
        }
      ]
    },
    "Planning Time": 0.222,
    "Triggers": [],
    "Execution Time": 111.541
  }
]