[
  {
    "Plan": {
      "Node Type": "Aggregate",
      "Strategy": "Plain",
      "Partial Mode": "Finalize",
      "Parallel Aware": false,
      "Startup Cost": 130576.94,
      "Total Cost": 130576.95,
      "Plan Rows": 1,
      "Plan Width": 8,
      "Actual Startup Time": 666.718,
      "Actual Total Time": 685.882,
      "Actual Rows": 1,
      "Actual Loops": 1,
      "Plans": [
        {
          "Node Type": "Gather",
          "Parent Relationship": "Outer",
          "Parallel Aware": false,
          "Startup Cost": 130576.63,
          "Total Cost": 130576.94,
          "Plan Rows": 3,
          "Plan Width": 8,
          "Actual Startup Time": 660.848,
          "Actual Total Time": 685.853,
          "Actual Rows": 4,
          "Actual Loops": 1,
          "Workers Planned": 3,
          "Workers Launched": 3,
          "Single Copy": false,
          "Plans": [
            {
              "Node Type": "Aggregate",
              "Strategy": "Plain",
              "Partial Mode": "Partial",
              "Parent Relationship": "Outer",
              "Parallel Aware": false,
              "Startup Cost": 129576.63,
              "Total Cost": 129576.64,
              "Plan Rows": 1,
              "Plan Width": 8,
              "Actual Startup Time": 652.221,
              "Actual Total Time": 652.715,
              "Actual Rows": 1,
              "Actual Loops": 4,
              "Plans": [
                {
                  "Node Type": "Hash Join",
                  "Parent Relationship": "Outer",
                  "Parallel Aware": true,
                  "Join Type": "Inner",
                  "Startup Cost": 82807.7,
                  "Total Cost": 128594.62,
                  "Plan Rows": 392802,
                  "Plan Width": 0,
                  "Actual Startup Time": 421.363,
                  "Actual Total Time": 642.585,
                  "Actual Rows": 211460,
                  "Actual Loops": 4,
                  "Inner Unique": false,
                  "Hash Cond": "(mk.movie_id = t.id)",
                  "Plans": [
                    {
                      "Node Type": "Seq Scan",
                      "Parent Relationship": "Outer",
                      "Parallel Aware": true,
                      "Relation Name": "movie_keyword",
                      "Alias": "mk",
                      "Startup Cost": 0.0,
                      "Total Cost": 39047.32,
                      "Plan Rows": 1459332,
                      "Plan Width": 4,
                      "Actual Startup Time": 0.031,
                      "Actual Total Time": 97.812,
                      "Actual Rows": 1130982,
                      "Actual Loops": 4
                    },
                    {
                      "Node Type": "Hash",
                      "Parent Relationship": "Inner",
                      "Parallel Aware": true,
                      "Startup Cost": 80063.64,
                      "Total Cost": 80063.64,
                      "Plan Rows": 219525,
                      "Plan Width": 8,
                      "Actual Startup Time": 416.228,
                      "Actual Total Time": 416.72,
                      "Actual Rows": 69878,
                      "Actual Loops": 4,
                      "Hash Buckets": 1048576,
                      "Original Hash Buckets": 1048576,
                      "Hash Batches": 1,
                      "Original Hash Batches": 1,
                      "Peak Memory Usage": 19200,
                      "Plans": [
                        {
                          "Node Type": "Hash Join",
                          "Parent Relationship": "Outer",
                          "Parallel Aware": true,
                          "Join Type": "Inner",
                          "Startup Cost": 49665.37,
                          "Total Cost": 80063.64,
                          "Plan Rows": 219525,
                          "Plan Width": 8,
                          "Actual Startup Time": 234.919,
                          "Actual Total Time": 388.761,
                          "Actual Rows": 69878,
                          "Actual Loops": 4,
                          "Inner Unique": true,
                          "Hash Cond": "(mc.movie_id = t.id)",
                          "Plans": [
                            {
                              "Node Type": "Seq Scan",
                              "Parent Relationship": "Outer",
                              "Parallel Aware": true,
                              "Relation Name": "movie_companies",
                              "Alias": "mc",
                              "Startup Cost": 0.0,
                              "Total Cost": 29310.68,
                              "Plan Rows": 414318,
                              "Plan Width": 4,
                              "Actual Startup Time": 0.018,
                              "Actual Total Time": 73.38,
                              "Actual Rows": 318562,
                              "Actual Loops": 4,
                              "Filter": "(company_type_id < 2)",
                              "Rows Removed by Filter": 333721
                            },
                            {
                              "Node Type": "Hash",
                              "Parent Relationship": "Inner",
                              "Parallel Aware": true,
                              "Startup Cost": 45479.1,
                              "Total Cost": 45479.1,
                              "Plan Rows": 334902,
                              "Plan Width": 4,
                              "Actual Startup Time": 230.25,
                              "Actual Total Time": 230.251,
                              "Actual Rows": 354570,
                              "Actual Loops": 4,
                              "Hash Buckets": 2097152,
                              "Original Hash Buckets": 2097152,
                              "Hash Batches": 1,
                              "Original Hash Batches": 1,
                              "Peak Memory Usage": 71936,
                              "Plans": [
                                {
                                  "Node Type": "Seq Scan",
                                  "Parent Relationship": "Outer",
                                  "Parallel Aware": true,
                                  "Relation Name": "title",
                                  "Alias": "t",
                                  "Startup Cost": 0.0,
                                  "Total Cost": 45479.1,
                                  "Plan Rows": 334902,
                                  "Plan Width": 4,
                                  "Actual Startup Time": 0.038,
                                  "Actual Total Time": 108.041,
                                  "Actual Rows": 354570,
                                  "Actual Loops": 4,
                                  "Filter": "((production_year > 1961) AND (kind_id = 7))",
                                  "Rows Removed by Filter": 277508
                                }
                              ]
                            }
                          ]
                        }
                      ]
                    }
                  ]
                }
              ]
            }
          ]
        }
      ]
    },
    "Planning Time": 1.5,
    "Triggers": [],
    "Execution Time": 685.966
  }
]