[
  {
    "Plan": {
      "Node Type": "Aggregate",
      "Strategy": "Plain",
      "Partial Mode": "Finalize",
      "Parallel Aware": false,
      "Startup Cost": 32963.74,
      "Total Cost": 32963.75,
      "Plan Rows": 1,
      "Plan Width": 8,
      "Actual Startup Time": 78.722,
      "Actual Total Time": 87.318,
      "Actual Rows": 1,
      "Actual Loops": 1,
      "Plans": [
        {
          "Node Type": "Gather",
          "Parent Relationship": "Outer",
          "Parallel Aware": false,
          "Startup Cost": 32963.42,
          "Total Cost": 32963.73,
          "Plan Rows": 3,
          "Plan Width": 8,
          "Actual Startup Time": 78.568,
          "Actual Total Time": 87.311,
          "Actual Rows": 4,
          "Actual Loops": 1,
          "Workers Planned": 3,
          "Workers Launched": 3,
          "Single Copy": false,
          "Plans": [
            {
              "Node Type": "Aggregate",
              "Strategy": "Plain",
              "Partial Mode": "Partial",
              "Parent Relationship": "Outer",
              "Parallel Aware": false,
              "Startup Cost": 31963.42,
              "Total Cost": 31963.43,
              "Plan Rows": 1,
              "Plan Width": 8,
              "Actual Startup Time": 74.919,
              "Actual Total Time": 74.92,
              "Actual Rows": 1,
              "Actual Loops": 4,
              "Plans": [
                {
                  "Node Type": "Seq Scan",
                  "Parent Relationship": "Outer",
                  "Parallel Aware": true,
                  "Relation Name": "movie_companies",
                  "Alias": "mc",
                  "Startup Cost": 0.0,
                  "Total Cost": 31414.82,
                  "Plan Rows": 219440,
                  "Plan Width": 0,
                  "Actual Startup Time": 37.074,
                  "Actual Total Time": 69.89,
                  "Actual Rows": 109477,
                  "Actual Loops": 4,
                  "Filter": "((company_id < 11454) AND (company_type_id > 1))",
                  "Rows Removed by Filter": 542805
                }
              ]
            }
          ]
        }
      ]
    },
    "Planning Time": 0.114,
    "Triggers": [],
    "Execution Time": 87.352
  }
]