[
  {
    "Plan": {
      "Node Type": "Aggregate",
      "Strategy": "Plain",
      "Partial Mode": "Finalize",
      "Parallel Aware": false,
      "Startup Cost": 32964.18,
      "Total Cost": 32964.19,
      "Plan Rows": 1,
      "Plan Width": 8,
      "Actual Startup Time": 96.422,
      "Actual Total Time": 102.092,
      "Actual Rows": 1,
      "Actual Loops": 1,
      "Plans": [
        {
          "Node Type": "Gather",
          "Parent Relationship": "Outer",
          "Parallel Aware": false,
          "Startup Cost": 32963.87,
          "Total Cost": 32964.18,
          "Plan Rows": 3,
          "Plan Width": 8,
          "Actual Startup Time": 96.288,
          "Actual Total Time": 102.084,
          "Actual Rows": 4,
          "Actual Loops": 1,
          "Workers Planned": 3,
          "Workers Launched": 3,
          "Single Copy": false,
          "Plans": [
            {
              "Node Type": "Aggregate",
              "Strategy": "Plain",
              "Partial Mode": "Partial",
              "Parent Relationship": "Outer",
              "Parallel Aware": false,
              "Startup Cost": 31963.87,
              "Total Cost": 31963.88,
              "Plan Rows": 1,
              "Plan Width": 8,
              "Actual Startup Time": 87.689,
              "Actual Total Time": 87.69,
              "Actual Rows": 1,
              "Actual Loops": 4,
              "Plans": [
                {
                  "Node Type": "Seq Scan",
                  "Parent Relationship": "Outer",
                  "Parallel Aware": true,
                  "Relation Name": "movie_companies",
                  "Alias": "mc",
                  "Startup Cost": 0.0,
                  "Total Cost": 31414.82,
                  "Plan Rows": 219619,
                  "Plan Width": 0,
                  "Actual Startup Time": 50.534,
                  "Actual Total Time": 82.809,
                  "Actual Rows": 109477,
                  "Actual Loops": 4,
                  "Filter": "((company_id < 11454) AND (company_type_id > 1))",
                  "Rows Removed by Filter": 542805
                }
              ]
            }
          ]
        }
      ]
    },
    "Planning Time": 0.214,
    "Triggers": [],
    "Execution Time": 102.15
  }
]