[
    {
        "Bao": {
            "Bao prediction": "NaN",
            "Bao recommended hint": "(no hint)"
        }
    },
    {
        "Plan": {
            "Node Type": "Aggregate",
            "Strategy": "Plain",
            "Partial Mode": "Finalize",
            "Parallel Aware": false,
            "Startup Cost": 39850.88,
            "Total Cost": 39850.89,
            "Plan Rows": 1,
            "Plan Width": 8,
            "Actual Startup Time": 107.36,
            "Actual Total Time": 111.948,
            "Actual Rows": 1,
            "Actual Loops": 1,
            "Output": [
                "count(*)"
            ],
            "Plans": [
                {
                    "Node Type": "Gather",
                    "Parent Relationship": "Outer",
                    "Parallel Aware": false,
                    "Startup Cost": 39850.56,
                    "Total Cost": 39850.87,
                    "Plan Rows": 3,
                    "Plan Width": 8,
                    "Actual Startup Time": 107.176,
                    "Actual Total Time": 111.94,
                    "Actual Rows": 4,
                    "Actual Loops": 1,
                    "Output": [
                        "(PARTIAL count(*))"
                    ],
                    "Workers Planned": 3,
                    "Workers Launched": 3,
                    "Single Copy": false,
                    "Plans": [
                        {
                            "Node Type": "Aggregate",
                            "Strategy": "Plain",
                            "Partial Mode": "Partial",
                            "Parent Relationship": "Outer",
                            "Parallel Aware": false,
                            "Startup Cost": 38850.56,
                            "Total Cost": 38850.57,
                            "Plan Rows": 1,
                            "Plan Width": 8,
                            "Actual Startup Time": 98.6,
                            "Actual Total Time": 98.602,
                            "Actual Rows": 1,
                            "Actual Loops": 4,
                            "Output": [
                                "PARTIAL count(*)"
                            ],
                            "Workers": [
                                {
                                    "Worker Number": 0,
                                    "Actual Startup Time": 95.793,
                                    "Actual Total Time": 95.795,
                                    "Actual Rows": 1,
                                    "Actual Loops": 1
                                },
                                {
                                    "Worker Number": 1,
                                    "Actual Startup Time": 95.783,
                                    "Actual Total Time": 95.785,
                                    "Actual Rows": 1,
                                    "Actual Loops": 1
                                },
                                {
                                    "Worker Number": 2,
                                    "Actual Startup Time": 96.062,
                                    "Actual Total Time": 96.064,
                                    "Actual Rows": 1,
                                    "Actual Loops": 1
                                }
                            ],
                            "Plans": [
                                {
                                    "Node Type": "Bitmap Heap Scan",
                                    "Parent Relationship": "Outer",
                                    "Parallel Aware": true,
                                    "Relation Name": "movie_keyword",
                                    "Schema": "public",
                                    "Alias": "mk",
                                    "Startup Cost": 11722.84,
                                    "Total Cost": 38404.94,
                                    "Plan Rows": 178248,
                                    "Plan Width": 0,
                                    "Actual Startup Time": 26.438,
                                    "Actual Total Time": 90.987,
                                    "Actual Rows": 138489,
                                    "Actual Loops": 4,
                                    "Recheck Cond": "(mk.keyword_id < 397)",
                                    "Rows Removed by Index Recheck": 0,
                                    "Exact Heap Blocks": 10994,
                                    "Lossy Heap Blocks": 0,
                                    "Workers": [
                                        {
                                            "Worker Number": 0,
                                            "Actual Startup Time": 23.657,
                                            "Actual Total Time": 88.783,
                                            "Actual Rows": 104066,
                                            "Actual Loops": 1
                                        },
                                        {
                                            "Worker Number": 1,
                                            "Actual Startup Time": 23.851,
                                            "Actual Total Time": 88.977,
                                            "Actual Rows": 99266,
                                            "Actual Loops": 1
                                        },
                                        {
                                            "Worker Number": 2,
                                            "Actual Startup Time": 23.946,
                                            "Actual Total Time": 89.269,
                                            "Actual Rows": 99591,
                                            "Actual Loops": 1
                                        }
                                    ],
                                    "Plans": [
                                        {
                                            "Node Type": "Bitmap Index Scan",
                                            "Parent Relationship": "Outer",
                                            "Parallel Aware": false,
                                            "Index Name": "keyword_id_movie_keyword",
                                            "Startup Cost": 0.0,
                                            "Total Cost": 11584.7,
                                            "Plan Rows": 552569,
                                            "Plan Width": 0,
                                            "Actual Startup Time": 30.754,
                                            "Actual Total Time": 30.755,
                                            "Actual Rows": 553955,
                                            "Actual Loops": 1,
                                            "Index Cond": "(mk.keyword_id < 397)"
                                        }
                                    ]
                                }
                            ]
                        }
                    ]
                }
            ]
        },
        "Planning Time": 222.414,
        "Triggers": [],
        "Execution Time": 112.05
    }
]