[
  {
    "Plan": {
      "Node Type": "Aggregate",
      "Strategy": "Plain",
      "Partial Mode": "Finalize",
      "Parallel Aware": false,
      "Startup Cost": 351016.13,
      "Total Cost": 351016.14,
      "Plan Rows": 1,
      "Plan Width": 8,
      "Actual Startup Time": 881.474,
      "Actual Total Time": 940.656,
      "Actual Rows": 1,
      "Actual Loops": 1,
      "Plans": [
        {
          "Node Type": "Gather",
          "Parent Relationship": "Outer",
          "Parallel Aware": false,
          "Startup Cost": 351015.51,
          "Total Cost": 351016.12,
          "Plan Rows": 6,
          "Plan Width": 8,
          "Actual Startup Time": 881.349,
          "Actual Total Time": 940.645,
          "Actual Rows": 7,
          "Actual Loops": 1,
          "Workers Planned": 6,
          "Workers Launched": 6,
          "Single Copy": false,
          "Plans": [
            {
              "Node Type": "Aggregate",
              "Strategy": "Plain",
              "Partial Mode": "Partial",
              "Parent Relationship": "Outer",
              "Parallel Aware": false,
              "Startup Cost": 350015.51,
              "Total Cost": 350015.52,
              "Plan Rows": 1,
              "Plan Width": 8,
              "Actual Startup Time": 871.585,
              "Actual Total Time": 871.586,
              "Actual Rows": 1,
              "Actual Loops": 7,
              "Plans": [
                {
                  "Node Type": "Seq Scan",
                  "Parent Relationship": "Outer",
                  "Parallel Aware": true,
                  "Relation Name": "cast_info",
                  "Alias": "ci",
                  "Startup Cost": 0.0,
                  "Total Cost": 343257.03,
                  "Plan Rows": 2703392,
                  "Plan Width": 0,
                  "Actual Startup Time": 231.799,
                  "Actual Total Time": 736.614,
                  "Actual Rows": 2909525,
                  "Actual Loops": 7,
                  "Filter": "((person_id > 1129267) AND (role_id > 1))",
                  "Rows Removed by Filter": 2268238
                }
              ]
            }
          ]
        }
      ]
    },
    "Planning Time": 0.144,
    "Triggers": [],
    "Execution Time": 940.71
  }
]