[
  {
    "Plan": {
      "Node Type": "Aggregate",
      "Strategy": "Plain",
      "Partial Mode": "Finalize",
      "Parallel Aware": false,
      "Startup Cost": 104620.03,
      "Total Cost": 104620.04,
      "Plan Rows": 1,
      "Plan Width": 8,
      "Actual Startup Time": 503.732,
      "Actual Total Time": 518.593,
      "Actual Rows": 1,
      "Actual Loops": 1,
      "Plans": [
        {
          "Node Type": "Gather",
          "Parent Relationship": "Outer",
          "Parallel Aware": false,
          "Startup Cost": 104619.72,
          "Total Cost": 104620.03,
          "Plan Rows": 3,
          "Plan Width": 8,
          "Actual Startup Time": 496.101,
          "Actual Total Time": 518.583,
          "Actual Rows": 4,
          "Actual Loops": 1,
          "Workers Planned": 3,
          "Workers Launched": 3,
          "Single Copy": false,
          "Plans": [
            {
              "Node Type": "Aggregate",
              "Strategy": "Plain",
              "Partial Mode": "Partial",
              "Parent Relationship": "Outer",
              "Parallel Aware": false,
              "Startup Cost": 103619.72,
              "Total Cost": 103619.73,
              "Plan Rows": 1,
              "Plan Width": 8,
              "Actual Startup Time": 486.723,
              "Actual Total Time": 487.006,
              "Actual Rows": 1,
              "Actual Loops": 4,
              "Plans": [
                {
                  "Node Type": "Hash Join",
                  "Parent Relationship": "Outer",
                  "Parallel Aware": true,
                  "Join Type": "Inner",
                  "Startup Cost": 70031.15,
                  "Total Cost": 103374.77,
                  "Plan Rows": 97980,
                  "Plan Width": 0,
                  "Actual Startup Time": 393.865,
                  "Actual Total Time": 482.225,
                  "Actual Rows": 109810,
                  "Actual Loops": 4,
                  "Inner Unique": false,
                  "Hash Cond": "(mc.movie_id = t.id)",
                  "Plans": [
                    {
                      "Node Type": "Seq Scan",
                      "Parent Relationship": "Outer",
                      "Parallel Aware": true,
                      "Relation Name": "movie_companies",
                      "Alias": "mc",
                      "Startup Cost": 0.0,
                      "Total Cost": 31414.82,
                      "Plan Rows": 405480,
                      "Plan Width": 4,
                      "Actual Startup Time": 28.245,
                      "Actual Total Time": 65.26,
                      "Actual Rows": 297225,
                      "Actual Loops": 4,
                      "Filter": "((company_id < 133674) AND (company_type_id = 2))",
                      "Rows Removed by Filter": 355057
                    },
                    {
                      "Node Type": "Hash",
                      "Parent Relationship": "Inner",
                      "Parallel Aware": true,
                      "Startup Cost": 66849.15,
                      "Total Cost": 66849.15,
                      "Plan Rows": 254560,
                      "Plan Width": 8,
                      "Actual Startup Time": 363.134,
                      "Actual Total Time": 363.417,
                      "Actual Rows": 106153,
                      "Actual Loops": 4,
                      "Hash Buckets": 1048576,
                      "Original Hash Buckets": 1048576,
                      "Hash Batches": 1,
                      "Original Hash Batches": 1,
                      "Peak Memory Usage": 24864,
                      "Plans": [
                        {
                          "Node Type": "Hash Join",
                          "Parent Relationship": "Outer",
                          "Parallel Aware": true,
                          "Join Type": "Inner",
                          "Startup Cost": 50718.83,
                          "Total Cost": 66849.15,
                          "Plan Rows": 254560,
                          "Plan Width": 8,
                          "Actual Startup Time": 236.384,
                          "Actual Total Time": 334.089,
                          "Actual Rows": 106153,
                          "Actual Loops": 4,
                          "Inner Unique": true,
                          "Hash Cond": "(mi_idx.movie_id = t.id)",
                          "Plans": [
                            {
                              "Node Type": "Seq Scan",
                              "Parent Relationship": "Outer",
                              "Parallel Aware": true,
                              "Relation Name": "movie_info_idx",
                              "Alias": "mi_idx",
                              "Startup Cost": 0.0,
                              "Total Cost": 15122.68,
                              "Plan Rows": 383860,
                              "Plan Width": 4,
                              "Actual Startup Time": 0.025,
                              "Actual Total Time": 37.4,
                              "Actual Rows": 229962,
                              "Actual Loops": 4,
                              "Filter": "(info_type_id < 101)",
                              "Rows Removed by Filter": 115046
                            },
                            {
                              "Node Type": "Hash",
                              "Parent Relationship": "Inner",
                              "Parallel Aware": true,
                              "Startup Cost": 45479.21,
                              "Total Cost": 45479.21,
                              "Plan Rows": 419170,
                              "Plan Width": 4,
                              "Actual Startup Time": 233.385,
                              "Actual Total Time": 233.386,
                              "Actual Rows": 427313,
                              "Actual Loops": 4,
                              "Hash Buckets": 2097152,
                              "Original Hash Buckets": 2097152,
                              "Hash Batches": 1,
                              "Original Hash Batches": 1,
                              "Peak Memory Usage": 83328,
                              "Plans": [
                                {
                                  "Node Type": "Seq Scan",
                                  "Parent Relationship": "Outer",
                                  "Parallel Aware": true,
                                  "Relation Name": "title",
                                  "Alias": "t",
                                  "Startup Cost": 0.0,
                                  "Total Cost": 45479.21,
                                  "Plan Rows": 419170,
                                  "Plan Width": 4,
                                  "Actual Startup Time": 0.044,
                                  "Actual Total Time": 98.971,
                                  "Actual Rows": 427313,
                                  "Actual Loops": 4,
                                  "Filter": "((kind_id > 2) AND (production_year > 1913))",
                                  "Rows Removed by Filter": 204765
                                }
                              ]
                            }
                          ]
                        }
                      ]
                    }
                  ]
                }
              ]
            }
          ]
        }
      ]
    },
    "Planning Time": 0.359,
    "Triggers": [],
    "Execution Time": 518.624
  }
]