[
  {
    "Plan": {
      "Node Type": "Aggregate",
      "Strategy": "Plain",
      "Partial Mode": "Finalize",
      "Parallel Aware": false,
      "Startup Cost": 70242.5,
      "Total Cost": 70242.51,
      "Plan Rows": 1,
      "Plan Width": 8,
      "Actual Startup Time": 170.765,
      "Actual Total Time": 183.025,
      "Actual Rows": 1,
      "Actual Loops": 1,
      "Plans": [
        {
          "Node Type": "Gather",
          "Parent Relationship": "Outer",
          "Parallel Aware": false,
          "Startup Cost": 70242.18,
          "Total Cost": 70242.49,
          "Plan Rows": 3,
          "Plan Width": 8,
          "Actual Startup Time": 169.96,
          "Actual Total Time": 183.017,
          "Actual Rows": 4,
          "Actual Loops": 1,
          "Workers Planned": 3,
          "Workers Launched": 3,
          "Single Copy": false,
          "Plans": [
            {
              "Node Type": "Aggregate",
              "Strategy": "Plain",
              "Partial Mode": "Partial",
              "Parent Relationship": "Outer",
              "Parallel Aware": false,
              "Startup Cost": 69242.18,
              "Total Cost": 69242.19,
              "Plan Rows": 1,
              "Plan Width": 8,
              "Actual Startup Time": 165.757,
              "Actual Total Time": 165.762,
              "Actual Rows": 1,
              "Actual Loops": 4,
              "Plans": [
                {
                  "Node Type": "Hash Join",
                  "Parent Relationship": "Outer",
                  "Parallel Aware": true,
                  "Join Type": "Inner",
                  "Startup Cost": 38211.74,
                  "Total Cost": 69218.73,
                  "Plan Rows": 9381,
                  "Plan Width": 0,
                  "Actual Startup Time": 61.384,
                  "Actual Total Time": 164.796,
                  "Actual Rows": 19332,
                  "Actual Loops": 4,
                  "Inner Unique": true,
                  "Hash Cond": "(mc.movie_id = t.id)",
                  "Plans": [
                    {
                      "Node Type": "Seq Scan",
                      "Parent Relationship": "Outer",
                      "Parallel Aware": true,
                      "Relation Name": "movie_companies",
                      "Alias": "mc",
                      "Startup Cost": 0.0,
                      "Total Cost": 29310.68,
                      "Plan Rows": 646210,
                      "Plan Width": 4,
                      "Actual Startup Time": 0.011,
                      "Actual Total Time": 75.651,
                      "Actual Rows": 502060,
                      "Actual Loops": 4,
                      "Filter": "(company_id < 67467)",
                      "Rows Removed by Filter": 150223
                    },
                    {
                      "Node Type": "Hash",
                      "Parent Relationship": "Inner",
                      "Parallel Aware": true,
                      "Startup Cost": 38097.04,
                      "Total Cost": 38097.04,
                      "Plan Rows": 9176,
                      "Plan Width": 4,
                      "Actual Startup Time": 36.43,
                      "Actual Total Time": 36.433,
                      "Actual Rows": 12866,
                      "Actual Loops": 4,
                      "Hash Buckets": 65536,
                      "Original Hash Buckets": 65536,
                      "Hash Batches": 1,
                      "Original Hash Batches": 1,
                      "Peak Memory Usage": 2592,
                      "Plans": [
                        {
                          "Node Type": "Bitmap Heap Scan",
                          "Parent Relationship": "Outer",
                          "Parallel Aware": true,
                          "Relation Name": "title",
                          "Alias": "t",
                          "Startup Cost": 1735.9,
                          "Total Cost": 38097.04,
                          "Plan Rows": 9176,
                          "Plan Width": 4,
                          "Actual Startup Time": 5.514,
                          "Actual Total Time": 31.99,
                          "Actual Rows": 12866,
                          "Actual Loops": 4,
                          "Recheck Cond": "(kind_id = 3)",
                          "Rows Removed by Index Recheck": 0,
                          "Filter": "(production_year < 1999)",
                          "Rows Removed by Filter": 12268,
                          "Exact Heap Blocks": 6310,
                          "Lossy Heap Blocks": 0,
                          "Plans": [
                            {
                              "Node Type": "Bitmap Index Scan",
                              "Parent Relationship": "Outer",
                              "Parallel Aware": false,
                              "Index Name": "kind_id_title",
                              "Startup Cost": 0.0,
                              "Total Cost": 1726.72,
                              "Plan Rows": 96839,
                              "Plan Width": 0,
                              "Actual Startup Time": 6.721,
                              "Actual Total Time": 6.721,
                              "Actual Rows": 100537,
                              "Actual Loops": 1,
                              "Index Cond": "(kind_id = 3)"
                            }
                          ]
                        }
                      ]
                    }
                  ]
                }
              ]
            }
          ]
        }
      ]
    },
    "Planning Time": 0.428,
    "Triggers": [],
    "Execution Time": 183.081
  }
]