[
  {
    "Plan": {
      "Node Type": "Aggregate",
      "Strategy": "Plain",
      "Partial Mode": "Finalize",
      "Parallel Aware": false,
      "Startup Cost": 330892.84,
      "Total Cost": 330892.85,
      "Plan Rows": 1,
      "Plan Width": 8,
      "Actual Startup Time": 614.049,
      "Actual Total Time": 670.154,
      "Actual Rows": 1,
      "Actual Loops": 1,
      "Plans": [
        {
          "Node Type": "Gather",
          "Parent Relationship": "Outer",
          "Parallel Aware": false,
          "Startup Cost": 330892.22,
          "Total Cost": 330892.83,
          "Plan Rows": 6,
          "Plan Width": 8,
          "Actual Startup Time": 613.853,
          "Actual Total Time": 670.142,
          "Actual Rows": 7,
          "Actual Loops": 1,
          "Workers Planned": 6,
          "Workers Launched": 6,
          "Single Copy": false,
          "Plans": [
            {
              "Node Type": "Aggregate",
              "Strategy": "Plain",
              "Partial Mode": "Partial",
              "Parent Relationship": "Outer",
              "Parallel Aware": false,
              "Startup Cost": 329892.22,
              "Total Cost": 329892.23,
              "Plan Rows": 1,
              "Plan Width": 8,
              "Actual Startup Time": 604.938,
              "Actual Total Time": 604.94,
              "Actual Rows": 1,
              "Actual Loops": 7,
              "Plans": [
                {
                  "Node Type": "Seq Scan",
                  "Parent Relationship": "Outer",
                  "Parallel Aware": true,
                  "Relation Name": "cast_info",
                  "Alias": "ci",
                  "Startup Cost": 0.0,
                  "Total Cost": 328211.39,
                  "Plan Rows": 672330,
                  "Plan Width": 0,
                  "Actual Startup Time": 0.036,
                  "Actual Total Time": 571.94,
                  "Actual Rows": 599174,
                  "Actual Loops": 7,
                  "Filter": "(person_id < 403644)",
                  "Rows Removed by Filter": 4578589
                }
              ]
            }
          ]
        }
      ]
    },
    "Planning Time": 0.172,
    "Triggers": [],
    "Execution Time": 670.226
  }
]