{
  "Plan": {
    "Node Type": "Aggregate",
    "Strategy": "Plain",
    "Partial Mode": "Finalize",
    "Parallel Aware": false,
    "Startup Cost": 172684.98,
    "Total Cost": 172684.99,
    "Plan Rows": 1,
    "Plan Width": 8,
    "Actual Startup Time": 1102.581,
    "Actual Total Time": 1123.873,
    "Actual Rows": 1,
    "Actual Loops": 1,
    "Plans": [
      {
        "Node Type": "Gather",
        "Parent Relationship": "Outer",
        "Parallel Aware": false,
        "Startup Cost": 172684.87,
        "Total Cost": 172684.98,
        "Plan Rows": 1,
        "Plan Width": 8,
        "Actual Startup Time": 1102.444,
        "Actual Total Time": 1123.865,
        "Actual Rows": 2,
        "Actual Loops": 1,
        "Workers Planned": 1,
        "Workers Launched": 1,
        "Single Copy": false,
        "Plans": [
          {
            "Node Type": "Aggregate",
            "Strategy": "Plain",
            "Partial Mode": "Partial",
            "Parent Relationship": "Outer",
            "Parallel Aware": false,
            "Startup Cost": 171684.87,
            "Total Cost": 171684.88,
            "Plan Rows": 1,
            "Plan Width": 8,
            "Actual Startup Time": 1096.284,
            "Actual Total Time": 1096.287,
            "Actual Rows": 1,
            "Actual Loops": 2,
            "Plans": [
              {
                "Node Type": "Merge Join",
                "Parent Relationship": "Outer",
                "Parallel Aware": false,
                "Join Type": "Inner",
                "Startup Cost": 1081.58,
                "Total Cost": 171684.52,
                "Plan Rows": 139,
                "Plan Width": 0,
                "Actual Startup Time": 463.875,
                "Actual Total Time": 1096.271,
                "Actual Rows": 27,
                "Actual Loops": 2,
                "Inner Unique": false,
                "Merge Cond": "(t.id = ci.movie_id)",
                "Plans": [
                  {
                    "Node Type": "Merge Join",
                    "Parent Relationship": "Outer",
                    "Parallel Aware": false,
                    "Join Type": "Inner",
                    "Startup Cost": 2.95,
                    "Total Cost": 168730.63,
                    "Plan Rows": 811785,
                    "Plan Width": 8,
                    "Actual Startup Time": 1.685,
                    "Actual Total Time": 1066.769,
                    "Actual Rows": 677622,
                    "Actual Loops": 2,
                    "Inner Unique": false,
                    "Merge Cond": "(t.id = mi_idx.movie_id)",
                    "Plans": [
                      {
                        "Node Type": "Index Only Scan",
                        "Parent Relationship": "Outer",
                        "Parallel Aware": true,
                        "Scan Direction": "Forward",
                        "Index Name": "title_pkey",
                        "Relation Name": "title",
                        "Alias": "t",
                        "Startup Cost": 0.43,
                        "Total Cost": 99929.35,
                        "Plan Rows": 1487231,
                        "Plan Width": 4,
                        "Actual Startup Time": 0.181,
                        "Actual Total Time": 619.374,
                        "Actual Rows": 1250938,
                        "Actual Loops": 2,
                        "Heap Fetches": 2501876
                      },
                      {
                        "Node Type": "Index Only Scan",
                        "Parent Relationship": "Inner",
                        "Parallel Aware": false,
                        "Scan Direction": "Forward",
                        "Index Name": "movie_id_movie_info_idx",
                        "Relation Name": "movie_info_idx",
                        "Alias": "mi_idx",
                        "Startup Cost": 0.43,
                        "Total Cost": 53620.22,
                        "Plan Rows": 1380035,
                        "Plan Width": 4,
                        "Actual Startup Time": 0.124,
                        "Actual Total Time": 281.003,
                        "Actual Rows": 1355310,
                        "Actual Loops": 2,
                        "Heap Fetches": 2710620
                      }
                    ]
                  },
                  {
                    "Node Type": "Sort",
                    "Parent Relationship": "Inner",
                    "Parallel Aware": false,
                    "Startup Cost": 1078.63,
                    "Total Cost": 1079.71,
                    "Plan Rows": 433,
                    "Plan Width": 4,
                    "Actual Startup Time": 0.345,
                    "Actual Total Time": 0.368,
                    "Actual Rows": 59,
                    "Actual Loops": 2,
                    "Sort Key": [
                      "ci.movie_id"
                    ],
                    "Sort Method": "quicksort",
                    "Sort Space Used": 26,
                    "Sort Space Type": "Memory",
                    "Workers": [
                      {
                        "Worker Number": 0,
                        "Sort Method": "quicksort",
                        "Sort Space Used": 26,
                        "Sort Space Type": "Memory"
                      }
                    ],
                    "Plans": [
                      {
                        "Node Type": "Index Scan",
                        "Parent Relationship": "Outer",
                        "Parallel Aware": false,
                        "Scan Direction": "Forward",
                        "Index Name": "person_id_cast_info",
                        "Relation Name": "cast_info",
                        "Alias": "ci",
                        "Startup Cost": 0.56,
                        "Total Cost": 1059.67,
                        "Plan Rows": 433,
                        "Plan Width": 4,
                        "Actual Startup Time": 0.181,
                        "Actual Total Time": 0.233,
                        "Actual Rows": 42,
                        "Actual Loops": 2,
                        "Index Cond": "(person_id = 1663388)",
                        "Rows Removed by Index Recheck": 0,
                        "Filter": "(role_id < 10)",
                        "Rows Removed by Filter": 0
                      }
                    ]
                  }
                ]
              }
            ]
          }
        ]
      }
    ]
  },
  "Planning Time": 0.951,
  "Triggers": [],
  "Execution Time": 1124.014
}