[
  {
    "Plan": {
      "Node Type": "Aggregate",
      "Strategy": "Plain",
      "Partial Mode": "Finalize",
      "Parallel Aware": false,
      "Startup Cost": 32372.04,
      "Total Cost": 32372.05,
      "Plan Rows": 1,
      "Plan Width": 8,
      "Actual Startup Time": 93.674,
      "Actual Total Time": 101.961,
      "Actual Rows": 1,
      "Actual Loops": 1,
      "Plans": [
        {
          "Node Type": "Gather",
          "Parent Relationship": "Outer",
          "Parallel Aware": false,
          "Startup Cost": 32371.73,
          "Total Cost": 32372.04,
          "Plan Rows": 3,
          "Plan Width": 8,
          "Actual Startup Time": 93.402,
          "Actual Total Time": 101.954,
          "Actual Rows": 4,
          "Actual Loops": 1,
          "Workers Planned": 3,
          "Workers Launched": 3,
          "Single Copy": false,
          "Plans": [
            {
              "Node Type": "Aggregate",
              "Strategy": "Plain",
              "Partial Mode": "Partial",
              "Parent Relationship": "Outer",
              "Parallel Aware": false,
              "Startup Cost": 31371.73,
              "Total Cost": 31371.74,
              "Plan Rows": 1,
              "Plan Width": 8,
              "Actual Startup Time": 89.465,
              "Actual Total Time": 89.466,
              "Actual Rows": 1,
              "Actual Loops": 4,
              "Plans": [
                {
                  "Node Type": "Bitmap Heap Scan",
                  "Parent Relationship": "Outer",
                  "Parallel Aware": true,
                  "Relation Name": "movie_keyword",
                  "Alias": "mk",
                  "Startup Cost": 5633.44,
                  "Total Cost": 31157.68,
                  "Plan Rows": 85619,
                  "Plan Width": 0,
                  "Actual Startup Time": 32.31,
                  "Actual Total Time": 85.501,
                  "Actual Rows": 67912,
                  "Actual Loops": 4,
                  "Recheck Cond": "(keyword_id > 58085)",
                  "Rows Removed by Index Recheck": 0,
                  "Exact Heap Blocks": 11096,
                  "Lossy Heap Blocks": 0,
                  "Plans": [
                    {
                      "Node Type": "Bitmap Index Scan",
                      "Parent Relationship": "Outer",
                      "Parallel Aware": false,
                      "Index Name": "keyword_id_movie_keyword",
                      "Startup Cost": 0.0,
                      "Total Cost": 5567.08,
                      "Plan Rows": 265420,
                      "Plan Width": 0,
                      "Actual Startup Time": 30.315,
                      "Actual Total Time": 30.315,
                      "Actual Rows": 271648,
                      "Actual Loops": 1,
                      "Index Cond": "(keyword_id > 58085)"
                    }
                  ]
                }
              ]
            }
          ]
        }
      ]
    },
    "Planning Time": 0.122,
    "Triggers": [],
    "Execution Time": 102.012
  }
]