[
  {
    "Plan": {
      "Node Type": "Aggregate",
      "Strategy": "Plain",
      "Partial Mode": "Finalize",
      "Parallel Aware": false,
      "Startup Cost": 46905.29,
      "Total Cost": 46905.3,
      "Plan Rows": 1,
      "Plan Width": 8,
      "Actual Startup Time": 171.497,
      "Actual Total Time": 181.339,
      "Actual Rows": 1,
      "Actual Loops": 1,
      "Plans": [
        {
          "Node Type": "Gather",
          "Parent Relationship": "Outer",
          "Parallel Aware": false,
          "Startup Cost": 46904.97,
          "Total Cost": 46905.28,
          "Plan Rows": 3,
          "Plan Width": 8,
          "Actual Startup Time": 171.364,
          "Actual Total Time": 181.331,
          "Actual Rows": 4,
          "Actual Loops": 1,
          "Workers Planned": 3,
          "Workers Launched": 3,
          "Single Copy": false,
          "Plans": [
            {
              "Node Type": "Aggregate",
              "Strategy": "Plain",
              "Partial Mode": "Partial",
              "Parent Relationship": "Outer",
              "Parallel Aware": false,
              "Startup Cost": 45904.97,
              "Total Cost": 45904.98,
              "Plan Rows": 1,
              "Plan Width": 8,
              "Actual Startup Time": 164.246,
              "Actual Total Time": 164.247,
              "Actual Rows": 1,
              "Actual Loops": 4,
              "Plans": [
                {
                  "Node Type": "Seq Scan",
                  "Parent Relationship": "Outer",
                  "Parallel Aware": true,
                  "Relation Name": "movie_keyword",
                  "Alias": "mk",
                  "Startup Cost": 0.0,
                  "Total Cost": 42695.65,
                  "Plan Rows": 1283728,
                  "Plan Width": 0,
                  "Actual Startup Time": 0.06,
                  "Actual Total Time": 121.63,
                  "Actual Rows": 999151,
                  "Actual Loops": 4,
                  "Filter": "(keyword_id < 34490)",
                  "Rows Removed by Filter": 131832
                }
              ]
            }
          ]
        }
      ]
    },
    "Planning Time": 0.182,
    "Triggers": [],
    "Execution Time": 181.394
  }
]