[
  {
    "Plan": {
      "Node Type": "Aggregate",
      "Strategy": "Plain",
      "Partial Mode": "Finalize",
      "Parallel Aware": false,
      "Startup Cost": 59880.38,
      "Total Cost": 59880.39,
      "Plan Rows": 1,
      "Plan Width": 8,
      "Actual Startup Time": 365.565,
      "Actual Total Time": 414.183,
      "Actual Rows": 1,
      "Actual Loops": 1,
      "Plans": [
        {
          "Node Type": "Gather",
          "Parent Relationship": "Outer",
          "Parallel Aware": false,
          "Startup Cost": 59879.96,
          "Total Cost": 59880.37,
          "Plan Rows": 4,
          "Plan Width": 8,
          "Actual Startup Time": 365.284,
          "Actual Total Time": 414.171,
          "Actual Rows": 5,
          "Actual Loops": 1,
          "Workers Planned": 4,
          "Workers Launched": 4,
          "Single Copy": false,
          "Plans": [
            {
              "Node Type": "Aggregate",
              "Strategy": "Plain",
              "Partial Mode": "Partial",
              "Parent Relationship": "Outer",
              "Parallel Aware": false,
              "Startup Cost": 58879.96,
              "Total Cost": 58879.97,
              "Plan Rows": 1,
              "Plan Width": 8,
              "Actual Startup Time": 356.021,
              "Actual Total Time": 356.024,
              "Actual Rows": 1,
              "Actual Loops": 5,
              "Plans": [
                {
                  "Node Type": "Nested Loop",
                  "Parent Relationship": "Outer",
                  "Parallel Aware": false,
                  "Join Type": "Inner",
                  "Startup Cost": 0.99,
                  "Total Cost": 58854.56,
                  "Plan Rows": 10161,
                  "Plan Width": 0,
                  "Actual Startup Time": 2.365,
                  "Actual Total Time": 351.799,
                  "Actual Rows": 43396,
                  "Actual Loops": 5,
                  "Inner Unique": false,
                  "Join Filter": "(t.id = ci.movie_id)",
                  "Rows Removed by Join Filter": 0,
                  "Plans": [
                    {
                      "Node Type": "Nested Loop",
                      "Parent Relationship": "Outer",
                      "Parallel Aware": false,
                      "Join Type": "Inner",
                      "Startup Cost": 0.43,
                      "Total Cost": 56524.26,
                      "Plan Rows": 709,
                      "Plan Width": 8,
                      "Actual Startup Time": 1.639,
                      "Actual Total Time": 135.36,
                      "Actual Rows": 1532,
                      "Actual Loops": 5,
                      "Inner Unique": false,
                      "Plans": [
                        {
                          "Node Type": "Seq Scan",
                          "Parent Relationship": "Outer",
                          "Parallel Aware": true,
                          "Relation Name": "title",
                          "Alias": "t",
                          "Startup Cost": 0.0,
                          "Total Cost": 45479.59,
                          "Plan Rows": 1956,
                          "Plan Width": 4,
                          "Actual Startup Time": 0.82,
                          "Actual Total Time": 89.629,
                          "Actual Rows": 1734,
                          "Actual Loops": 5,
                          "Filter": "((kind_id < 7) AND (production_year = 1989))",
                          "Rows Removed by Filter": 503929
                        },
                        {
                          "Node Type": "Index Scan",
                          "Parent Relationship": "Inner",
                          "Parallel Aware": false,
                          "Scan Direction": "Forward",
                          "Index Name": "movie_id_movie_info_idx",
                          "Relation Name": "movie_info_idx",
                          "Alias": "mi_idx",
                          "Startup Cost": 0.43,
                          "Total Cost": 5.63,
                          "Plan Rows": 2,
                          "Plan Width": 4,
                          "Actual Startup Time": 0.025,
                          "Actual Total Time": 0.026,
                          "Actual Rows": 1,
                          "Actual Loops": 8669,
                          "Index Cond": "(movie_id = t.id)",
                          "Rows Removed by Index Recheck": 0,
                          "Filter": "(info_type_id < 101)",
                          "Rows Removed by Filter": 0
                        }
                      ]
                    },
                    {
                      "Node Type": "Index Only Scan",
                      "Parent Relationship": "Inner",
                      "Parallel Aware": false,
                      "Scan Direction": "Forward",
                      "Index Name": "movie_id_cast_info",
                      "Relation Name": "cast_info",
                      "Alias": "ci",
                      "Startup Cost": 0.56,
                      "Total Cost": 2.85,
                      "Plan Rows": 35,
                      "Plan Width": 4,
                      "Actual Startup Time": 0.052,
                      "Actual Total Time": 0.135,
                      "Actual Rows": 28,
                      "Actual Loops": 7662,
                      "Index Cond": "(movie_id = mi_idx.movie_id)",
                      "Rows Removed by Index Recheck": 0,
                      "Heap Fetches": 216980
                    }
                  ]
                }
              ]
            }
          ]
        }
      ]
    },
    "Planning Time": 0.689,
    "Triggers": [],
    "Execution Time": 414.257
  }
]