[
  {
    "Plan": {
      "Node Type": "Aggregate",
      "Strategy": "Plain",
      "Partial Mode": "Finalize",
      "Parallel Aware": false,
      "Startup Cost": 56042.04,
      "Total Cost": 56042.05,
      "Plan Rows": 1,
      "Plan Width": 8,
      "Actual Startup Time": 179.284,
      "Actual Total Time": 190.075,
      "Actual Rows": 1,
      "Actual Loops": 1,
      "Plans": [
        {
          "Node Type": "Gather",
          "Parent Relationship": "Outer",
          "Parallel Aware": false,
          "Startup Cost": 56041.72,
          "Total Cost": 56042.03,
          "Plan Rows": 3,
          "Plan Width": 8,
          "Actual Startup Time": 177.417,
          "Actual Total Time": 190.069,
          "Actual Rows": 4,
          "Actual Loops": 1,
          "Workers Planned": 3,
          "Workers Launched": 3,
          "Single Copy": false,
          "Plans": [
            {
              "Node Type": "Aggregate",
              "Strategy": "Plain",
              "Partial Mode": "Partial",
              "Parent Relationship": "Outer",
              "Parallel Aware": false,
              "Startup Cost": 55041.72,
              "Total Cost": 55041.73,
              "Plan Rows": 1,
              "Plan Width": 8,
              "Actual Startup Time": 167.953,
              "Actual Total Time": 167.955,
              "Actual Rows": 1,
              "Actual Loops": 4,
              "Plans": [
                {
                  "Node Type": "Hash Join",
                  "Parent Relationship": "Outer",
                  "Parallel Aware": true,
                  "Join Type": "Inner",
                  "Startup Cost": 46232.74,
                  "Total Cost": 55024.32,
                  "Plan Rows": 6963,
                  "Plan Width": 0,
                  "Actual Startup Time": 135.911,
                  "Actual Total Time": 167.505,
                  "Actual Rows": 10110,
                  "Actual Loops": 4,
                  "Inner Unique": true,
                  "Hash Cond": "(ci.movie_id = t.id)",
                  "Plans": [
                    {
                      "Node Type": "Index Scan",
                      "Parent Relationship": "Outer",
                      "Parallel Aware": true,
                      "Scan Direction": "Forward",
                      "Index Name": "role_id_cast_info",
                      "Relation Name": "cast_info",
                      "Alias": "ci",
                      "Startup Cost": 0.56,
                      "Total Cost": 8600.37,
                      "Plan Rows": 73055,
                      "Plan Width": 4,
                      "Actual Startup Time": 0.218,
                      "Actual Total Time": 14.286,
                      "Actual Rows": 70124,
                      "Actual Loops": 4,
                      "Index Cond": "(role_id > 10)",
                      "Rows Removed by Index Recheck": 0,
                      "Filter": "(person_id > 871493)",
                      "Rows Removed by Filter": 8906
                    },
                    {
                      "Node Type": "Hash",
                      "Parent Relationship": "Inner",
                      "Parallel Aware": true,
                      "Startup Cost": 45479.1,
                      "Total Cost": 45479.1,
                      "Plan Rows": 60246,
                      "Plan Width": 4,
                      "Actual Startup Time": 133.117,
                      "Actual Total Time": 133.117,
                      "Actual Rows": 89886,
                      "Actual Loops": 4,
                      "Hash Buckets": 524288,
                      "Original Hash Buckets": 262144,
                      "Hash Batches": 1,
                      "Original Hash Batches": 1,
                      "Peak Memory Usage": 20320,
                      "Plans": [
                        {
                          "Node Type": "Seq Scan",
                          "Parent Relationship": "Outer",
                          "Parallel Aware": true,
                          "Relation Name": "title",
                          "Alias": "t",
                          "Startup Cost": 0.0,
                          "Total Cost": 45479.1,
                          "Plan Rows": 60246,
                          "Plan Width": 4,
                          "Actual Startup Time": 59.349,
                          "Actual Total Time": 99.696,
                          "Actual Rows": 89886,
                          "Actual Loops": 4,
                          "Filter": "((production_year < 1998) AND (kind_id = 1))",
                          "Rows Removed by Filter": 542192
                        }
                      ]
                    }
                  ]
                }
              ]
            }
          ]
        }
      ]
    },
    "Planning Time": 0.697,
    "Triggers": [],
    "Execution Time": 190.159
  }
]