[
    {
        "Bao": {
            "Bao prediction": "NaN",
            "Bao recommended hint": "(no hint)"
        }
    },
    {
        "Plan": {
            "Node Type": "Aggregate",
            "Strategy": "Plain",
            "Partial Mode": "Finalize",
            "Parallel Aware": false,
            "Startup Cost": 248196.06,
            "Total Cost": 248196.07,
            "Plan Rows": 1,
            "Plan Width": 8,
            "Actual Startup Time": 598.925,
            "Actual Total Time": 624.107,
            "Actual Rows": 1,
            "Actual Loops": 1,
            "Output": [
                "count(*)"
            ],
            "Plans": [
                {
                    "Node Type": "Gather",
                    "Parent Relationship": "Outer",
                    "Parallel Aware": false,
                    "Startup Cost": 248195.53,
                    "Total Cost": 248196.04,
                    "Plan Rows": 5,
                    "Plan Width": 8,
                    "Actual Startup Time": 596.505,
                    "Actual Total Time": 624.094,
                    "Actual Rows": 6,
                    "Actual Loops": 1,
                    "Output": [
                        "(PARTIAL count(*))"
                    ],
                    "Workers Planned": 5,
                    "Workers Launched": 5,
                    "Single Copy": false,
                    "Plans": [
                        {
                            "Node Type": "Aggregate",
                            "Strategy": "Plain",
                            "Partial Mode": "Partial",
                            "Parent Relationship": "Outer",
                            "Parallel Aware": false,
                            "Startup Cost": 247195.53,
                            "Total Cost": 247195.54,
                            "Plan Rows": 1,
                            "Plan Width": 8,
                            "Actual Startup Time": 586.731,
                            "Actual Total Time": 586.734,
                            "Actual Rows": 1,
                            "Actual Loops": 6,
                            "Output": [
                                "PARTIAL count(*)"
                            ],
                            "Workers": [
                                {
                                    "Worker Number": 0,
                                    "Actual Startup Time": 584.738,
                                    "Actual Total Time": 584.74,
                                    "Actual Rows": 1,
                                    "Actual Loops": 1
                                },
                                {
                                    "Worker Number": 1,
                                    "Actual Startup Time": 583.966,
                                    "Actual Total Time": 583.969,
                                    "Actual Rows": 1,
                                    "Actual Loops": 1
                                },
                                {
                                    "Worker Number": 2,
                                    "Actual Startup Time": 584.906,
                                    "Actual Total Time": 584.909,
                                    "Actual Rows": 1,
                                    "Actual Loops": 1
                                },
                                {
                                    "Worker Number": 3,
                                    "Actual Startup Time": 585.329,
                                    "Actual Total Time": 585.332,
                                    "Actual Rows": 1,
                                    "Actual Loops": 1
                                },
                                {
                                    "Worker Number": 4,
                                    "Actual Startup Time": 585.577,
                                    "Actual Total Time": 585.58,
                                    "Actual Rows": 1,
                                    "Actual Loops": 1
                                }
                            ],
                            "Plans": [
                                {
                                    "Node Type": "Hash Join",
                                    "Parent Relationship": "Outer",
                                    "Parallel Aware": true,
                                    "Join Type": "Inner",
                                    "Startup Cost": 45153.71,
                                    "Total Cost": 246780.25,
                                    "Plan Rows": 166112,
                                    "Plan Width": 0,
                                    "Actual Startup Time": 126.666,
                                    "Actual Total Time": 578.254,
                                    "Actual Rows": 149037,
                                    "Actual Loops": 6,
                                    "Inner Unique": true,
                                    "Hash Cond": "(mi.movie_id = t.id)",
                                    "Workers": [
                                        {
                                            "Worker Number": 0,
                                            "Actual Startup Time": 124.636,
                                            "Actual Total Time": 576.746,
                                            "Actual Rows": 171154,
                                            "Actual Loops": 1
                                        },
                                        {
                                            "Worker Number": 1,
                                            "Actual Startup Time": 123.828,
                                            "Actual Total Time": 575.939,
                                            "Actual Rows": 169880,
                                            "Actual Loops": 1
                                        },
                                        {
                                            "Worker Number": 2,
                                            "Actual Startup Time": 124.789,
                                            "Actual Total Time": 575.883,
                                            "Actual Rows": 116217,
                                            "Actual Loops": 1
                                        },
                                        {
                                            "Worker Number": 3,
                                            "Actual Startup Time": 125.266,
                                            "Actual Total Time": 577.388,
                                            "Actual Rows": 169946,
                                            "Actual Loops": 1
                                        },
                                        {
                                            "Worker Number": 4,
                                            "Actual Startup Time": 125.292,
                                            "Actual Total Time": 576.711,
                                            "Actual Rows": 114270,
                                            "Actual Loops": 1
                                        }
                                    ],
                                    "Plans": [
                                        {
                                            "Node Type": "Seq Scan",
                                            "Parent Relationship": "Outer",
                                            "Parallel Aware": true,
                                            "Relation Name": "movie_info",
                                            "Schema": "public",
                                            "Alias": "mi",
                                            "Startup Cost": 0.0,
                                            "Total Cost": 198880.74,
                                            "Plan Rows": 1046023,
                                            "Plan Width": 4,
                                            "Actual Startup Time": 15.999,
                                            "Actual Total Time": 312.804,
                                            "Actual Rows": 878428,
                                            "Actual Loops": 6,
                                            "Output": [
                                                "mi.id",
                                                "mi.movie_id",
                                                "mi.info_type_id",
                                                "mi.info",
                                                "mi.note"
                                            ],
                                            "Filter": "(mi.info_type_id > 15)",
                                            "Rows Removed by Filter": 1594192,
                                            "Workers": [
                                                {
                                                    "Worker Number": 0,
                                                    "Actual Startup Time": 16.027,
                                                    "Actual Total Time": 313.923,
                                                    "Actual Rows": 1019144,
                                                    "Actual Loops": 1
                                                },
                                                {
                                                    "Worker Number": 1,
                                                    "Actual Startup Time": 15.924,
                                                    "Actual Total Time": 311.969,
                                                    "Actual Rows": 1001911,
                                                    "Actual Loops": 1
                                                },
                                                {
                                                    "Worker Number": 2,
                                                    "Actual Startup Time": 15.932,
                                                    "Actual Total Time": 320.683,
                                                    "Actual Rows": 671475,
                                                    "Actual Loops": 1
                                                },
                                                {
                                                    "Worker Number": 3,
                                                    "Actual Startup Time": 16.034,
                                                    "Actual Total Time": 313.9,
                                                    "Actual Rows": 1004117,
                                                    "Actual Loops": 1
                                                },
                                                {
                                                    "Worker Number": 4,
                                                    "Actual Startup Time": 16.043,
                                                    "Actual Total Time": 320.86,
                                                    "Actual Rows": 672806,
                                                    "Actual Loops": 1
                                                }
                                            ]
                                        },
                                        {
                                            "Node Type": "Hash",
                                            "Parent Relationship": "Inner",
                                            "Parallel Aware": true,
                                            "Startup Cost": 43899.01,
                                            "Total Cost": 43899.01,
                                            "Plan Rows": 100376,
                                            "Plan Width": 4,
                                            "Actual Startup Time": 107.918,
                                            "Actual Total Time": 107.919,
                                            "Actual Rows": 65979,
                                            "Actual Loops": 6,
                                            "Output": [
                                                "t.id"
                                            ],
                                            "Hash Buckets": 524288,
                                            "Original Hash Buckets": 524288,
                                            "Hash Batches": 1,
                                            "Original Hash Batches": 1,
                                            "Peak Memory Usage": 19680,
                                            "Workers": [
                                                {
                                                    "Worker Number": 0,
                                                    "Actual Startup Time": 107.271,
                                                    "Actual Total Time": 107.272,
                                                    "Actual Rows": 72900,
                                                    "Actual Loops": 1
                                                },
                                                {
                                                    "Worker Number": 1,
                                                    "Actual Startup Time": 106.82,
                                                    "Actual Total Time": 106.822,
                                                    "Actual Rows": 67877,
                                                    "Actual Loops": 1
                                                },
                                                {
                                                    "Worker Number": 2,
                                                    "Actual Startup Time": 107.821,
                                                    "Actual Total Time": 107.822,
                                                    "Actual Rows": 51059,
                                                    "Actual Loops": 1
                                                },
                                                {
                                                    "Worker Number": 3,
                                                    "Actual Startup Time": 108.245,
                                                    "Actual Total Time": 108.245,
                                                    "Actual Rows": 73292,
                                                    "Actual Loops": 1
                                                },
                                                {
                                                    "Worker Number": 4,
                                                    "Actual Startup Time": 108.469,
                                                    "Actual Total Time": 108.47,
                                                    "Actual Rows": 51290,
                                                    "Actual Loops": 1
                                                }
                                            ],
                                            "Plans": [
                                                {
                                                    "Node Type": "Seq Scan",
                                                    "Parent Relationship": "Outer",
                                                    "Parallel Aware": true,
                                                    "Relation Name": "title",
                                                    "Schema": "public",
                                                    "Alias": "t",
                                                    "Startup Cost": 0.0,
                                                    "Total Cost": 43899.01,
                                                    "Plan Rows": 100376,
                                                    "Plan Width": 4,
                                                    "Actual Startup Time": 0.04,
                                                    "Actual Total Time": 79.466,
                                                    "Actual Rows": 65979,
                                                    "Actual Loops": 6,
                                                    "Output": [
                                                        "t.id"
                                                    ],
                                                    "Filter": "(t.production_year < 1972)",
                                                    "Rows Removed by Filter": 355407,
                                                    "Workers": [
                                                        {
                                                            "Worker Number": 0,
                                                            "Actual Startup Time": 0.052,
                                                            "Actual Total Time": 79.001,
                                                            "Actual Rows": 72900,
                                                            "Actual Loops": 1
                                                        },
                                                        {
                                                            "Worker Number": 1,
                                                            "Actual Startup Time": 0.05,
                                                            "Actual Total Time": 78.613,
                                                            "Actual Rows": 67877,
                                                            "Actual Loops": 1
                                                        },
                                                        {
                                                            "Worker Number": 2,
                                                            "Actual Startup Time": 0.039,
                                                            "Actual Total Time": 81.28,
                                                            "Actual Rows": 51059,
                                                            "Actual Loops": 1
                                                        },
                                                        {
                                                            "Worker Number": 3,
                                                            "Actual Startup Time": 0.048,
                                                            "Actual Total Time": 80.386,
                                                            "Actual Rows": 73292,
                                                            "Actual Loops": 1
                                                        },
                                                        {
                                                            "Worker Number": 4,
                                                            "Actual Startup Time": 0.035,
                                                            "Actual Total Time": 81.154,
                                                            "Actual Rows": 51290,
                                                            "Actual Loops": 1
                                                        }
                                                    ]
                                                }
                                            ]
                                        }
                                    ]
                                }
                            ]
                        }
                    ]
                }
            ]
        },
        "Planning Time": 270.152,
        "Triggers": [],
        "Execution Time": 624.223
    }
]