[
  {
    "Plan": {
      "Node Type": "Aggregate",
      "Strategy": "Plain",
      "Partial Mode": "Finalize",
      "Parallel Aware": false,
      "Startup Cost": 331810.49,
      "Total Cost": 331810.5,
      "Plan Rows": 1,
      "Plan Width": 8,
      "Actual Startup Time": 597.252,
      "Actual Total Time": 643.957,
      "Actual Rows": 1,
      "Actual Loops": 1,
      "Plans": [
        {
          "Node Type": "Gather",
          "Parent Relationship": "Outer",
          "Parallel Aware": false,
          "Startup Cost": 331809.87,
          "Total Cost": 331810.48,
          "Plan Rows": 6,
          "Plan Width": 8,
          "Actual Startup Time": 597.111,
          "Actual Total Time": 643.946,
          "Actual Rows": 7,
          "Actual Loops": 1,
          "Workers Planned": 6,
          "Workers Launched": 6,
          "Single Copy": false,
          "Plans": [
            {
              "Node Type": "Aggregate",
              "Strategy": "Plain",
              "Partial Mode": "Partial",
              "Parent Relationship": "Outer",
              "Parallel Aware": false,
              "Startup Cost": 330809.87,
              "Total Cost": 330809.88,
              "Plan Rows": 1,
              "Plan Width": 8,
              "Actual Startup Time": 590.571,
              "Actual Total Time": 590.572,
              "Actual Rows": 1,
              "Actual Loops": 7,
              "Plans": [
                {
                  "Node Type": "Seq Scan",
                  "Parent Relationship": "Outer",
                  "Parallel Aware": true,
                  "Relation Name": "cast_info",
                  "Alias": "ci",
                  "Startup Cost": 0.0,
                  "Total Cost": 328211.39,
                  "Plan Rows": 1039390,
                  "Plan Width": 0,
                  "Actual Startup Time": 347.722,
                  "Actual Total Time": 547.7,
                  "Actual Rows": 882628,
                  "Actual Loops": 7,
                  "Filter": "(person_id > 3032883)",
                  "Rows Removed by Filter": 4295135
                }
              ]
            }
          ]
        }
      ]
    },
    "Planning Time": 0.113,
    "Triggers": [],
    "Execution Time": 644.006
  }
]