{
  "Plan": {
    "Node Type": "Aggregate",
    "Strategy": "Plain",
    "Partial Mode": "Finalize",
    "Parallel Aware": false,
    "Startup Cost": 334038.8,
    "Total Cost": 334038.81,
    "Plan Rows": 1,
    "Plan Width": 8,
    "Actual Startup Time": 2496.794,
    "Actual Total Time": 2536.715,
    "Actual Rows": 1,
    "Actual Loops": 1,
    "Plans": [
      {
        "Node Type": "Gather",
        "Parent Relationship": "Outer",
        "Parallel Aware": false,
        "Startup Cost": 334038.69,
        "Total Cost": 334038.8,
        "Plan Rows": 1,
        "Plan Width": 8,
        "Actual Startup Time": 2495.805,
        "Actual Total Time": 2536.703,
        "Actual Rows": 2,
        "Actual Loops": 1,
        "Workers Planned": 1,
        "Workers Launched": 1,
        "Single Copy": false,
        "Plans": [
          {
            "Node Type": "Aggregate",
            "Strategy": "Plain",
            "Partial Mode": "Partial",
            "Parent Relationship": "Outer",
            "Parallel Aware": false,
            "Startup Cost": 333038.69,
            "Total Cost": 333038.7,
            "Plan Rows": 1,
            "Plan Width": 8,
            "Actual Startup Time": 2490.347,
            "Actual Total Time": 2490.518,
            "Actual Rows": 1,
            "Actual Loops": 2,
            "Plans": [
              {
                "Node Type": "Hash Join",
                "Parent Relationship": "Outer",
                "Parallel Aware": true,
                "Join Type": "Inner",
                "Startup Cost": 59665.67,
                "Total Cost": 331449.16,
                "Plan Rows": 635814,
                "Plan Width": 0,
                "Actual Startup Time": 224.981,
                "Actual Total Time": 2407.691,
                "Actual Rows": 1673542,
                "Actual Loops": 2,
                "Inner Unique": true,
                "Hash Cond": "(mi.movie_id = t.id)",
                "Plans": [
                  {
                    "Node Type": "Seq Scan",
                    "Parent Relationship": "Outer",
                    "Parallel Aware": true,
                    "Relation Name": "movie_info",
                    "Alias": "mi",
                    "Startup Cost": 0.0,
                    "Total Cost": 248955.74,
                    "Plan Rows": 8696274,
                    "Plan Width": 4,
                    "Actual Startup Time": 0.01,
                    "Actual Total Time": 740.035,
                    "Actual Rows": 7417860,
                    "Actual Loops": 2
                  },
                  {
                    "Node Type": "Hash",
                    "Parent Relationship": "Inner",
                    "Parallel Aware": true,
                    "Startup Cost": 58306.47,
                    "Total Cost": 58306.47,
                    "Plan Rows": 108736,
                    "Plan Width": 4,
                    "Actual Startup Time": 220.062,
                    "Actual Total Time": 220.063,
                    "Actual Rows": 147158,
                    "Actual Loops": 2,
                    "Hash Buckets": 524288,
                    "Original Hash Buckets": 262144,
                    "Hash Batches": 1,
                    "Original Hash Batches": 1,
                    "Peak Memory Usage": 17696,
                    "Plans": [
                      {
                        "Node Type": "Seq Scan",
                        "Parent Relationship": "Outer",
                        "Parallel Aware": true,
                        "Relation Name": "title",
                        "Alias": "t",
                        "Startup Cost": 0.0,
                        "Total Cost": 58306.47,
                        "Plan Rows": 108736,
                        "Plan Width": 4,
                        "Actual Startup Time": 0.174,
                        "Actual Total Time": 172.982,
                        "Actual Rows": 147158,
                        "Actual Loops": 2,
                        "Filter": "((kind_id < 7) AND (production_year < 1978))",
                        "Rows Removed by Filter": 1116998
                      }
                    ]
                  }
                ]
              }
            ]
          }
        ]
      }
    ]
  },
  "Planning Time": 0.442,
  "Triggers": [],
  "Execution Time": 2536.804
}