[
  {
    "Plan": {
      "Node Type": "Aggregate",
      "Strategy": "Plain",
      "Partial Mode": "Finalize",
      "Parallel Aware": false,
      "Startup Cost": 32915.31,
      "Total Cost": 32915.32,
      "Plan Rows": 1,
      "Plan Width": 8,
      "Actual Startup Time": 99.564,
      "Actual Total Time": 107.222,
      "Actual Rows": 1,
      "Actual Loops": 1,
      "Plans": [
        {
          "Node Type": "Gather",
          "Parent Relationship": "Outer",
          "Parallel Aware": false,
          "Startup Cost": 32914.99,
          "Total Cost": 32915.3,
          "Plan Rows": 3,
          "Plan Width": 8,
          "Actual Startup Time": 99.486,
          "Actual Total Time": 107.216,
          "Actual Rows": 4,
          "Actual Loops": 1,
          "Workers Planned": 3,
          "Workers Launched": 3,
          "Single Copy": false,
          "Plans": [
            {
              "Node Type": "Aggregate",
              "Strategy": "Plain",
              "Partial Mode": "Partial",
              "Parent Relationship": "Outer",
              "Parallel Aware": false,
              "Startup Cost": 31914.99,
              "Total Cost": 31915.0,
              "Plan Rows": 1,
              "Plan Width": 8,
              "Actual Startup Time": 90.605,
              "Actual Total Time": 90.606,
              "Actual Rows": 1,
              "Actual Loops": 4,
              "Plans": [
                {
                  "Node Type": "Seq Scan",
                  "Parent Relationship": "Outer",
                  "Parallel Aware": true,
                  "Relation Name": "movie_companies",
                  "Alias": "mc",
                  "Startup Cost": 0.0,
                  "Total Cost": 31414.82,
                  "Plan Rows": 200068,
                  "Plan Width": 0,
                  "Actual Startup Time": 48.535,
                  "Actual Total Time": 82.053,
                  "Actual Rows": 221750,
                  "Actual Loops": 4,
                  "Filter": "((company_id > 11964) AND (company_type_id > 1))",
                  "Rows Removed by Filter": 430533
                }
              ]
            }
          ]
        }
      ]
    },
    "Planning Time": 0.182,
    "Triggers": [],
    "Execution Time": 107.272
  }
]