[
  {
    "Plan": {
      "Node Type": "Aggregate",
      "Strategy": "Plain",
      "Partial Mode": "Finalize",
      "Parallel Aware": false,
      "Startup Cost": 32124.6,
      "Total Cost": 32124.61,
      "Plan Rows": 1,
      "Plan Width": 8,
      "Actual Startup Time": 122.636,
      "Actual Total Time": 131.287,
      "Actual Rows": 1,
      "Actual Loops": 1,
      "Plans": [
        {
          "Node Type": "Gather",
          "Parent Relationship": "Outer",
          "Parallel Aware": false,
          "Startup Cost": 32124.28,
          "Total Cost": 32124.59,
          "Plan Rows": 3,
          "Plan Width": 8,
          "Actual Startup Time": 122.55,
          "Actual Total Time": 131.281,
          "Actual Rows": 4,
          "Actual Loops": 1,
          "Workers Planned": 3,
          "Workers Launched": 3,
          "Single Copy": false,
          "Plans": [
            {
              "Node Type": "Aggregate",
              "Strategy": "Plain",
              "Partial Mode": "Partial",
              "Parent Relationship": "Outer",
              "Parallel Aware": false,
              "Startup Cost": 31124.28,
              "Total Cost": 31124.29,
              "Plan Rows": 1,
              "Plan Width": 8,
              "Actual Startup Time": 116.166,
              "Actual Total Time": 116.167,
              "Actual Rows": 1,
              "Actual Loops": 4,
              "Plans": [
                {
                  "Node Type": "Seq Scan",
                  "Parent Relationship": "Outer",
                  "Parallel Aware": true,
                  "Relation Name": "movie_companies",
                  "Alias": "mc",
                  "Startup Cost": 0.0,
                  "Total Cost": 29310.68,
                  "Plan Rows": 725439,
                  "Plan Width": 0,
                  "Actual Startup Time": 0.091,
                  "Actual Total Time": 88.749,
                  "Actual Rows": 563268,
                  "Actual Loops": 4,
                  "Filter": "(company_id > 178)",
                  "Rows Removed by Filter": 89014
                }
              ]
            }
          ]
        }
      ]
    },
    "Planning Time": 0.157,
    "Triggers": [],
    "Execution Time": 131.333
  }
]