{
  "Plan": {
    "Node Type": "Aggregate",
    "Strategy": "Plain",
    "Partial Mode": "Simple",
    "Parallel Aware": false,
    "Startup Cost": 146605.14,
    "Total Cost": 146605.15,
    "Plan Rows": 1,
    "Plan Width": 64,
    "Actual Startup Time": 365.586,
    "Actual Total Time": 390.107,
    "Actual Rows": 1,
    "Actual Loops": 1,
    "Plans": [
      {
        "Node Type": "Gather",
        "Parent Relationship": "Outer",
        "Parallel Aware": false,
        "Startup Cost": 1003.41,
        "Total Cost": 146605.13,
        "Plan Rows": 1,
        "Plan Width": 32,
        "Actual Startup Time": 174.279,
        "Actual Total Time": 389.935,
        "Actual Rows": 1040,
        "Actual Loops": 1,
        "Workers Planned": 1,
        "Workers Launched": 1,
        "Single Copy": false,
        "Plans": [
          {
            "Node Type": "Nested Loop",
            "Parent Relationship": "Outer",
            "Parallel Aware": false,
            "Join Type": "Inner",
            "Startup Cost": 3.41,
            "Total Cost": 145605.03,
            "Plan Rows": 1,
            "Plan Width": 32,
            "Actual Startup Time": 173.098,
            "Actual Total Time": 357.081,
            "Actual Rows": 520,
            "Actual Loops": 2,
            "Inner Unique": true,
            "Plans": [
              {
                "Node Type": "Nested Loop",
                "Parent Relationship": "Outer",
                "Parallel Aware": false,
                "Join Type": "Inner",
                "Startup Cost": 3.28,
                "Total Cost": 145604.86,
                "Plan Rows": 1,
                "Plan Width": 36,
                "Actual Startup Time": 173.072,
                "Actual Total Time": 356.605,
                "Actual Rows": 520,
                "Actual Loops": 2,
                "Inner Unique": true,
                "Plans": [
                  {
                    "Node Type": "Nested Loop",
                    "Parent Relationship": "Outer",
                    "Parallel Aware": false,
                    "Join Type": "Inner",
                    "Startup Cost": 2.86,
                    "Total Cost": 145604.37,
                    "Plan Rows": 1,
                    "Plan Width": 40,
                    "Actual Startup Time": 173.019,
                    "Actual Total Time": 355.817,
                    "Actual Rows": 520,
                    "Actual Loops": 2,
                    "Inner Unique": true,
                    "Plans": [
                      {
                        "Node Type": "Nested Loop",
                        "Parent Relationship": "Outer",
                        "Parallel Aware": false,
                        "Join Type": "Inner",
                        "Startup Cost": 2.43,
                        "Total Cost": 145603.85,
                        "Plan Rows": 1,
                        "Plan Width": 44,
                        "Actual Startup Time": 172.951,
                        "Actual Total Time": 354.86,
                        "Actual Rows": 526,
                        "Actual Loops": 2,
                        "Inner Unique": true,
                        "Plans": [
                          {
                            "Node Type": "Nested Loop",
                            "Parent Relationship": "Outer",
                            "Parallel Aware": false,
                            "Join Type": "Inner",
                            "Startup Cost": 2.28,
                            "Total Cost": 145603.67,
                            "Plan Rows": 1,
                            "Plan Width": 48,
                            "Actual Startup Time": 172.931,
                            "Actual Total Time": 354.358,
                            "Actual Rows": 526,
                            "Actual Loops": 2,
                            "Inner Unique": false,
                            "Join Filter": "(n.id = an.person_id)",
                            "Rows Removed by Join Filter": 0,
                            "Plans": [
                              {
                                "Node Type": "Nested Loop",
                                "Parent Relationship": "Outer",
                                "Parallel Aware": false,
                                "Join Type": "Inner",
                                "Startup Cost": 1.86,
                                "Total Cost": 145603.16,
                                "Plan Rows": 1,
                                "Plan Width": 56,
                                "Actual Startup Time": 170.027,
                                "Actual Total Time": 353.647,
                                "Actual Rows": 278,
                                "Actual Loops": 2,
                                "Inner Unique": false,
                                "Join Filter": "(mi.movie_id = mc.movie_id)",
                                "Rows Removed by Join Filter": 0,
                                "Plans": [
                                  {
                                    "Node Type": "Nested Loop",
                                    "Parent Relationship": "Outer",
                                    "Parallel Aware": false,
                                    "Join Type": "Inner",
                                    "Startup Cost": 1.43,
                                    "Total Cost": 145599.59,
                                    "Plan Rows": 6,
                                    "Plan Width": 64,
                                    "Actual Startup Time": 159.14,
                                    "Actual Total Time": 352.489,
                                    "Actual Rows": 432,
                                    "Actual Loops": 2,
                                    "Inner Unique": true,
                                    "Join Filter": "(mi.movie_id = t.id)",
                                    "Rows Removed by Join Filter": 0,
                                    "Plans": [
                                      {
                                        "Node Type": "Nested Loop",
                                        "Parent Relationship": "Outer",
                                        "Parallel Aware": false,
                                        "Join Type": "Inner",
                                        "Startup Cost": 1.0,
                                        "Total Cost": 145586.37,
                                        "Plan Rows": 25,
                                        "Plan Width": 43,
                                        "Actual Startup Time": 158.376,
                                        "Actual Total Time": 350.369,
                                        "Actual Rows": 588,
                                        "Actual Loops": 2,
                                        "Inner Unique": false,
                                        "Plans": [
                                          {
                                            "Node Type": "Nested Loop",
                                            "Parent Relationship": "Outer",
                                            "Parallel Aware": false,
                                            "Join Type": "Inner",
                                            "Startup Cost": 0.56,
                                            "Total Cost": 145524.05,
                                            "Plan Rows": 38,
                                            "Plan Width": 35,
                                            "Actual Startup Time": 158.286,
                                            "Actual Total Time": 343.725,
                                            "Actual Rows": 766,
                                            "Actual Loops": 2,
                                            "Inner Unique": false,
                                            "Plans": [
                                              {
                                                "Node Type": "Seq Scan",
                                                "Parent Relationship": "Outer",
                                                "Parallel Aware": true,
                                                "Relation Name": "name",
                                                "Alias": "n",
                                                "Startup Cost": 0.0,
                                                "Total Cost": 92382.65,
                                                "Plan Rows": 56,
                                                "Plan Width": 19,
                                                "Actual Startup Time": 151.478,
                                                "Actual Total Time": 336.732,
                                                "Actual Rows": 298,
                                                "Actual Loops": 2,
                                                "Filter": "((name ~~ '%Terri%'::text) AND ((gender)::text = 'f'::text))",
                                                "Rows Removed by Filter": 2083447
                                              },
                                              {
                                                "Node Type": "Index Scan",
                                                "Parent Relationship": "Inner",
                                                "Parallel Aware": false,
                                                "Scan Direction": "Forward",
                                                "Index Name": "person_id_cast_info",
                                                "Relation Name": "cast_info",
                                                "Alias": "ci",
                                                "Startup Cost": 0.56,
                                                "Total Cost": 948.55,
                                                "Plan Rows": 40,
                                                "Plan Width": 16,
                                                "Actual Startup Time": 0.021,
                                                "Actual Total Time": 0.023,
                                                "Actual Rows": 3,
                                                "Actual Loops": 597,
                                                "Index Cond": "(person_id = n.id)",
                                                "Rows Removed by Index Recheck": 0,
                                                "Filter": "(note = ANY ('{(voice),(producer),(writer),\"(as Terri Colombino)\"}'::text[]))",
                                                "Rows Removed by Filter": 9
                                              }
                                            ]
                                          },
                                          {
                                            "Node Type": "Index Scan",
                                            "Parent Relationship": "Inner",
                                            "Parallel Aware": false,
                                            "Scan Direction": "Forward",
                                            "Index Name": "movie_id_movie_info",
                                            "Relation Name": "movie_info",
                                            "Alias": "mi",
                                            "Startup Cost": 0.43,
                                            "Total Cost": 1.62,
                                            "Plan Rows": 2,
                                            "Plan Width": 8,
                                            "Actual Startup Time": 0.006,
                                            "Actual Total Time": 0.008,
                                            "Actual Rows": 1,
                                            "Actual Loops": 1532,
                                            "Index Cond": "(movie_id = ci.movie_id)",
                                            "Rows Removed by Index Recheck": 0,
                                            "Filter": "((info IS NOT NULL) AND ((info ~~ 'Japan:%200%'::text) OR (info ~~ 'USA:%200%'::text)))",
                                            "Rows Removed by Filter": 3
                                          }
                                        ]
                                      },
                                      {
                                        "Node Type": "Index Scan",
                                        "Parent Relationship": "Inner",
                                        "Parallel Aware": false,
                                        "Scan Direction": "Forward",
                                        "Index Name": "title_pkey",
                                        "Relation Name": "title",
                                        "Alias": "t",
                                        "Startup Cost": 0.43,
                                        "Total Cost": 0.52,
                                        "Plan Rows": 1,
                                        "Plan Width": 21,
                                        "Actual Startup Time": 0.003,
                                        "Actual Total Time": 0.003,
                                        "Actual Rows": 1,
                                        "Actual Loops": 1177,
                                        "Index Cond": "(id = ci.movie_id)",
                                        "Rows Removed by Index Recheck": 0,
                                        "Filter": "((production_year >= 2000) AND (production_year <= 2007))",
                                        "Rows Removed by Filter": 0
                                      }
                                    ]
                                  },
                                  {
                                    "Node Type": "Index Scan",
                                    "Parent Relationship": "Inner",
                                    "Parallel Aware": false,
                                    "Scan Direction": "Forward",
                                    "Index Name": "movie_id_movie_companies",
                                    "Relation Name": "movie_companies",
                                    "Alias": "mc",
                                    "Startup Cost": 0.43,
                                    "Total Cost": 0.58,
                                    "Plan Rows": 1,
                                    "Plan Width": 8,
                                    "Actual Startup Time": 0.002,
                                    "Actual Total Time": 0.002,
                                    "Actual Rows": 1,
                                    "Actual Loops": 865,
                                    "Index Cond": "(movie_id = ci.movie_id)",
                                    "Rows Removed by Index Recheck": 0,
                                    "Filter": "((note IS NOT NULL) AND ((note ~~ '%(USA)%'::text) OR (note ~~ '%(worldwide)%'::text)))",
                                    "Rows Removed by Filter": 0
                                  }
                                ]
                              },
                              {
                                "Node Type": "Index Only Scan",
                                "Parent Relationship": "Inner",
                                "Parallel Aware": false,
                                "Scan Direction": "Forward",
                                "Index Name": "person_id_aka_name",
                                "Relation Name": "aka_name",
                                "Alias": "an",
                                "Startup Cost": 0.42,
                                "Total Cost": 0.48,
                                "Plan Rows": 2,
                                "Plan Width": 4,
                                "Actual Startup Time": 0.002,
                                "Actual Total Time": 0.002,
                                "Actual Rows": 2,
                                "Actual Loops": 555,
                                "Index Cond": "(person_id = ci.person_id)",
                                "Rows Removed by Index Recheck": 0,
                                "Heap Fetches": 1052
                              }
                            ]
                          },
                          {
                            "Node Type": "Index Scan",
                            "Parent Relationship": "Inner",
                            "Parallel Aware": false,
                            "Scan Direction": "Forward",
                            "Index Name": "info_type_pkey",
                            "Relation Name": "info_type",
                            "Alias": "it",
                            "Startup Cost": 0.14,
                            "Total Cost": 0.16,
                            "Plan Rows": 1,
                            "Plan Width": 4,
                            "Actual Startup Time": 0.001,
                            "Actual Total Time": 0.001,
                            "Actual Rows": 1,
                            "Actual Loops": 1052,
                            "Index Cond": "(id = mi.info_type_id)",
                            "Rows Removed by Index Recheck": 0,
                            "Filter": "((info)::text = 'release dates'::text)",
                            "Rows Removed by Filter": 0
                          }
                        ]
                      },
                      {
                        "Node Type": "Index Only Scan",
                        "Parent Relationship": "Inner",
                        "Parallel Aware": false,
                        "Scan Direction": "Forward",
                        "Index Name": "char_name_pkey",
                        "Relation Name": "char_name",
                        "Alias": "chn",
                        "Startup Cost": 0.43,
                        "Total Cost": 0.52,
                        "Plan Rows": 1,
                        "Plan Width": 4,
                        "Actual Startup Time": 0.002,
                        "Actual Total Time": 0.002,
                        "Actual Rows": 1,
                        "Actual Loops": 1052,
                        "Index Cond": "(id = ci.person_role_id)",
                        "Rows Removed by Index Recheck": 0,
                        "Heap Fetches": 1040
                      }
                    ]
                  },
                  {
                    "Node Type": "Index Scan",
                    "Parent Relationship": "Inner",
                    "Parallel Aware": false,
                    "Scan Direction": "Forward",
                    "Index Name": "company_name_pkey",
                    "Relation Name": "company_name",
                    "Alias": "cn",
                    "Startup Cost": 0.42,
                    "Total Cost": 0.49,
                    "Plan Rows": 1,
                    "Plan Width": 4,
                    "Actual Startup Time": 0.001,
                    "Actual Total Time": 0.001,
                    "Actual Rows": 1,
                    "Actual Loops": 1040,
                    "Index Cond": "(id = mc.company_id)",
                    "Rows Removed by Index Recheck": 0,
                    "Filter": "((country_code)::text = '[us]'::text)",
                    "Rows Removed by Filter": 0
                  }
                ]
              },
              {
                "Node Type": "Index Scan",
                "Parent Relationship": "Inner",
                "Parallel Aware": false,
                "Scan Direction": "Forward",
                "Index Name": "role_type_pkey",
                "Relation Name": "role_type",
                "Alias": "rt",
                "Startup Cost": 0.14,
                "Total Cost": 0.16,
                "Plan Rows": 1,
                "Plan Width": 4,
                "Actual Startup Time": 0.001,
                "Actual Total Time": 0.001,
                "Actual Rows": 1,
                "Actual Loops": 1040,
                "Index Cond": "(id = ci.role_id)",
                "Rows Removed by Index Recheck": 0,
                "Filter": "((role)::text = 'actress'::text)",
                "Rows Removed by Filter": 0
              }
            ]
          }
        ]
      }
    ]
  },
  "Planning Time": 3.846,
  "Triggers": [],
  "Execution Time": 390.298
}