[
  {
    "Plan": {
      "Node Type": "Aggregate",
      "Strategy": "Plain",
      "Partial Mode": "Finalize",
      "Parallel Aware": false,
      "Startup Cost": 342771.5,
      "Total Cost": 342771.51,
      "Plan Rows": 1,
      "Plan Width": 8,
      "Actual Startup Time": 805.996,
      "Actual Total Time": 862.212,
      "Actual Rows": 1,
      "Actual Loops": 1,
      "Plans": [
        {
          "Node Type": "Gather",
          "Parent Relationship": "Outer",
          "Parallel Aware": false,
          "Startup Cost": 342770.87,
          "Total Cost": 342771.48,
          "Plan Rows": 6,
          "Plan Width": 8,
          "Actual Startup Time": 805.841,
          "Actual Total Time": 862.199,
          "Actual Rows": 7,
          "Actual Loops": 1,
          "Workers Planned": 6,
          "Workers Launched": 6,
          "Single Copy": false,
          "Plans": [
            {
              "Node Type": "Aggregate",
              "Strategy": "Plain",
              "Partial Mode": "Partial",
              "Parent Relationship": "Outer",
              "Parallel Aware": false,
              "Startup Cost": 341770.87,
              "Total Cost": 341770.88,
              "Plan Rows": 1,
              "Plan Width": 8,
              "Actual Startup Time": 797.215,
              "Actual Total Time": 797.217,
              "Actual Rows": 1,
              "Actual Loops": 7,
              "Plans": [
                {
                  "Node Type": "Seq Scan",
                  "Parent Relationship": "Outer",
                  "Parallel Aware": true,
                  "Relation Name": "cast_info",
                  "Alias": "ci",
                  "Startup Cost": 0.0,
                  "Total Cost": 328162.03,
                  "Plan Rows": 5443539,
                  "Plan Width": 0,
                  "Actual Startup Time": 47.879,
                  "Actual Total Time": 616.899,
                  "Actual Rows": 4650821,
                  "Actual Loops": 7,
                  "Filter": "(person_id > 353292)",
                  "Rows Removed by Filter": 526942
                }
              ]
            }
          ]
        }
      ]
    },
    "Planning Time": 0.198,
    "Triggers": [],
    "Execution Time": 862.289
  }
]