{
    "Plan": {
        "Node Type": "Aggregate",
        "Strategy": "Plain",
        "Partial Mode": "Finalize",
        "Parallel Aware": false,
        "Startup Cost": 245893.79,
        "Total Cost": 245893.8,
        "Plan Rows": 1,
        "Plan Width": 8,
        "Actual Startup Time": 429.703,
        "Actual Total Time": 470.376,
        "Actual Rows": 1,
        "Actual Loops": 1,
        "Output": [
            "count(*)"
        ],
        "Plans": [
            {
                "Node Type": "Gather",
                "Parent Relationship": "Outer",
                "Parallel Aware": false,
                "Startup Cost": 245893.27,
                "Total Cost": 245893.78,
                "Plan Rows": 5,
                "Plan Width": 8,
                "Actual Startup Time": 428.981,
                "Actual Total Time": 470.363,
                "Actual Rows": 6,
                "Actual Loops": 1,
                "Output": [
                    "(PARTIAL count(*))"
                ],
                "Workers Planned": 5,
                "Workers Launched": 5,
                "Single Copy": false,
                "Plans": [
                    {
                        "Node Type": "Aggregate",
                        "Strategy": "Plain",
                        "Partial Mode": "Partial",
                        "Parent Relationship": "Outer",
                        "Parallel Aware": false,
                        "Startup Cost": 244893.27,
                        "Total Cost": 244893.28,
                        "Plan Rows": 1,
                        "Plan Width": 8,
                        "Actual Startup Time": 418.832,
                        "Actual Total Time": 418.835,
                        "Actual Rows": 1,
                        "Actual Loops": 6,
                        "Output": [
                            "PARTIAL count(*)"
                        ],
                        "Workers": [
                            {
                                "Worker Number": 0,
                                "Actual Startup Time": 416.243,
                                "Actual Total Time": 416.245,
                                "Actual Rows": 1,
                                "Actual Loops": 1
                            },
                            {
                                "Worker Number": 1,
                                "Actual Startup Time": 416.373,
                                "Actual Total Time": 416.376,
                                "Actual Rows": 1,
                                "Actual Loops": 1
                            },
                            {
                                "Worker Number": 2,
                                "Actual Startup Time": 417.323,
                                "Actual Total Time": 417.326,
                                "Actual Rows": 1,
                                "Actual Loops": 1
                            },
                            {
                                "Worker Number": 3,
                                "Actual Startup Time": 417.418,
                                "Actual Total Time": 417.422,
                                "Actual Rows": 1,
                                "Actual Loops": 1
                            },
                            {
                                "Worker Number": 4,
                                "Actual Startup Time": 417.558,
                                "Actual Total Time": 417.561,
                                "Actual Rows": 1,
                                "Actual Loops": 1
                            }
                        ],
                        "Plans": [
                            {
                                "Node Type": "Hash Join",
                                "Parent Relationship": "Outer",
                                "Parallel Aware": true,
                                "Join Type": "Inner",
                                "Startup Cost": 45612.93,
                                "Total Cost": 244886.93,
                                "Plan Rows": 2536,
                                "Plan Width": 0,
                                "Actual Startup Time": 129.392,
                                "Actual Total Time": 418.468,
                                "Actual Rows": 6162,
                                "Actual Loops": 6,
                                "Inner Unique": true,
                                "Hash Cond": "(mi.movie_id = t.id)",
                                "Workers": [
                                    {
                                        "Worker Number": 0,
                                        "Actual Startup Time": 126.792,
                                        "Actual Total Time": 415.882,
                                        "Actual Rows": 6696,
                                        "Actual Loops": 1
                                    },
                                    {
                                        "Worker Number": 1,
                                        "Actual Startup Time": 126.947,
                                        "Actual Total Time": 416.024,
                                        "Actual Rows": 6482,
                                        "Actual Loops": 1
                                    },
                                    {
                                        "Worker Number": 2,
                                        "Actual Startup Time": 127.919,
                                        "Actual Total Time": 416.961,
                                        "Actual Rows": 4540,
                                        "Actual Loops": 1
                                    },
                                    {
                                        "Worker Number": 3,
                                        "Actual Startup Time": 127.926,
                                        "Actual Total Time": 417.049,
                                        "Actual Rows": 4594,
                                        "Actual Loops": 1
                                    },
                                    {
                                        "Worker Number": 4,
                                        "Actual Startup Time": 128.121,
                                        "Actual Total Time": 417.205,
                                        "Actual Rows": 6592,
                                        "Actual Loops": 1
                                    }
                                ],
                                "Plans": [
                                    {
                                        "Node Type": "Seq Scan",
                                        "Parent Relationship": "Outer",
                                        "Parallel Aware": true,
                                        "Relation Name": "movie_info",
                                        "Schema": "public",
                                        "Alias": "mi",
                                        "Startup Cost": 0.0,
                                        "Total Cost": 198880.74,
                                        "Plan Rows": 149813,
                                        "Plan Width": 4,
                                        "Actual Startup Time": 30.411,
                                        "Actual Total Time": 311.193,
                                        "Actual Rows": 133690,
                                        "Actual Loops": 6,
                                        "Output": [
                                            "mi.id",
                                            "mi.movie_id",
                                            "mi.info_type_id",
                                            "mi.info",
                                            "mi.note"
                                        ],
                                        "Filter": "(mi.info_type_id = 1)",
                                        "Rows Removed by Filter": 2338930,
                                        "Workers": [
                                            {
                                                "Worker Number": 0,
                                                "Actual Startup Time": 30.391,
                                                "Actual Total Time": 311.081,
                                                "Actual Rows": 148732,
                                                "Actual Loops": 1
                                            },
                                            {
                                                "Worker Number": 1,
                                                "Actual Startup Time": 30.375,
                                                "Actual Total Time": 311.136,
                                                "Actual Rows": 134935,
                                                "Actual Loops": 1
                                            },
                                            {
                                                "Worker Number": 2,
                                                "Actual Startup Time": 30.409,
                                                "Actual Total Time": 311.389,
                                                "Actual Rows": 103526,
                                                "Actual Loops": 1
                                            },
                                            {
                                                "Worker Number": 3,
                                                "Actual Startup Time": 30.533,
                                                "Actual Total Time": 311.505,
                                                "Actual Rows": 101681,
                                                "Actual Loops": 1
                                            },
                                            {
                                                "Worker Number": 4,
                                                "Actual Startup Time": 30.368,
                                                "Actual Total Time": 311.05,
                                                "Actual Rows": 147482,
                                                "Actual Loops": 1
                                            }
                                        ]
                                    },
                                    {
                                        "Node Type": "Hash",
                                        "Parent Relationship": "Inner",
                                        "Parallel Aware": true,
                                        "Startup Cost": 45479.21,
                                        "Total Cost": 45479.21,
                                        "Plan Rows": 10698,
                                        "Plan Width": 4,
                                        "Actual Startup Time": 86.236,
                                        "Actual Total Time": 86.237,
                                        "Actual Rows": 9430,
                                        "Actual Loops": 6,
                                        "Output": [
                                            "t.id"
                                        ],
                                        "Hash Buckets": 65536,
                                        "Original Hash Buckets": 65536,
                                        "Hash Batches": 1,
                                        "Original Hash Batches": 1,
                                        "Peak Memory Usage": 2784,
                                        "Workers": [
                                            {
                                                "Worker Number": 0,
                                                "Actual Startup Time": 84.384,
                                                "Actual Total Time": 84.384,
                                                "Actual Rows": 10473,
                                                "Actual Loops": 1
                                            },
                                            {
                                                "Worker Number": 1,
                                                "Actual Startup Time": 84.478,
                                                "Actual Total Time": 84.479,
                                                "Actual Rows": 8989,
                                                "Actual Loops": 1
                                            },
                                            {
                                                "Worker Number": 2,
                                                "Actual Startup Time": 85.444,
                                                "Actual Total Time": 85.445,
                                                "Actual Rows": 7246,
                                                "Actual Loops": 1
                                            },
                                            {
                                                "Worker Number": 3,
                                                "Actual Startup Time": 85.526,
                                                "Actual Total Time": 85.527,
                                                "Actual Rows": 6976,
                                                "Actual Loops": 1
                                            },
                                            {
                                                "Worker Number": 4,
                                                "Actual Startup Time": 85.737,
                                                "Actual Total Time": 85.738,
                                                "Actual Rows": 10390,
                                                "Actual Loops": 1
                                            }
                                        ],
                                        "Plans": [
                                            {
                                                "Node Type": "Seq Scan",
                                                "Parent Relationship": "Outer",
                                                "Parallel Aware": true,
                                                "Relation Name": "title",
                                                "Schema": "public",
                                                "Alias": "t",
                                                "Startup Cost": 0.0,
                                                "Total Cost": 45479.21,
                                                "Plan Rows": 10698,
                                                "Plan Width": 4,
                                                "Actual Startup Time": 55.804,
                                                "Actual Total Time": 82.44,
                                                "Actual Rows": 9430,
                                                "Actual Loops": 6,
                                                "Output": [
                                                    "t.id"
                                                ],
                                                "Filter": "((t.production_year < 2001) AND (t.kind_id = 3))",
                                                "Rows Removed by Filter": 411956,
                                                "Workers": [
                                                    {
                                                        "Worker Number": 0,
                                                        "Actual Startup Time": 55.164,
                                                        "Actual Total Time": 80.69,
                                                        "Actual Rows": 10473,
                                                        "Actual Loops": 1
                                                    },
                                                    {
                                                        "Worker Number": 1,
                                                        "Actual Startup Time": 55.293,
                                                        "Actual Total Time": 80.846,
                                                        "Actual Rows": 8989,
                                                        "Actual Loops": 1
                                                    },
                                                    {
                                                        "Worker Number": 2,
                                                        "Actual Startup Time": 53.627,
                                                        "Actual Total Time": 82.209,
                                                        "Actual Rows": 7246,
                                                        "Actual Loops": 1
                                                    },
                                                    {
                                                        "Worker Number": 3,
                                                        "Actual Startup Time": 51.543,
                                                        "Actual Total Time": 81.816,
                                                        "Actual Rows": 6976,
                                                        "Actual Loops": 1
                                                    },
                                                    {
                                                        "Worker Number": 4,
                                                        "Actual Startup Time": 56.495,
                                                        "Actual Total Time": 81.922,
                                                        "Actual Rows": 10390,
                                                        "Actual Loops": 1
                                                    }
                                                ]
                                            }
                                        ]
                                    }
                                ]
                            }
                        ]
                    }
                ]
            }
        ]
    },
    "Planning Time": 0.808,
    "Triggers": [],
    "Execution Time": 470.467
}