[
  {
    "Plan": {
      "Node Type": "Aggregate",
      "Strategy": "Plain",
      "Partial Mode": "Finalize",
      "Parallel Aware": false,
      "Startup Cost": 298712.39,
      "Total Cost": 298712.4,
      "Plan Rows": 1,
      "Plan Width": 8,
      "Actual Startup Time": 1654.005,
      "Actual Total Time": 1705.485,
      "Actual Rows": 1,
      "Actual Loops": 1,
      "Plans": [
        {
          "Node Type": "Gather",
          "Parent Relationship": "Outer",
          "Parallel Aware": false,
          "Startup Cost": 298711.87,
          "Total Cost": 298712.38,
          "Plan Rows": 5,
          "Plan Width": 8,
          "Actual Startup Time": 1633.014,
          "Actual Total Time": 1705.47,
          "Actual Rows": 6,
          "Actual Loops": 1,
          "Workers Planned": 5,
          "Workers Launched": 5,
          "Single Copy": false,
          "Plans": [
            {
              "Node Type": "Aggregate",
              "Strategy": "Plain",
              "Partial Mode": "Partial",
              "Parent Relationship": "Outer",
              "Parallel Aware": false,
              "Startup Cost": 297711.87,
              "Total Cost": 297711.88,
              "Plan Rows": 1,
              "Plan Width": 8,
              "Actual Startup Time": 1624.15,
              "Actual Total Time": 1624.286,
              "Actual Rows": 1,
              "Actual Loops": 6,
              "Plans": [
                {
                  "Node Type": "Hash Join",
                  "Parent Relationship": "Outer",
                  "Parallel Aware": true,
                  "Join Type": "Inner",
                  "Startup Cost": 91203.28,
                  "Total Cost": 296101.25,
                  "Plan Rows": 644247,
                  "Plan Width": 0,
                  "Actual Startup Time": 475.775,
                  "Actual Total Time": 1457.861,
                  "Actual Rows": 3517491,
                  "Actual Loops": 6,
                  "Inner Unique": false,
                  "Hash Cond": "(mi.movie_id = t.id)",
                  "Plans": [
                    {
                      "Node Type": "Seq Scan",
                      "Parent Relationship": "Outer",
                      "Parallel Aware": true,
                      "Relation Name": "movie_info",
                      "Alias": "mi",
                      "Startup Cost": 0.0,
                      "Total Cost": 191685.19,
                      "Plan Rows": 2969219,
                      "Plan Width": 4,
                      "Actual Startup Time": 0.033,
                      "Actual Total Time": 305.994,
                      "Actual Rows": 2472620,
                      "Actual Loops": 6
                    },
                    {
                      "Node Type": "Hash",
                      "Parent Relationship": "Inner",
                      "Parallel Aware": true,
                      "Startup Cost": 88991.16,
                      "Total Cost": 88991.16,
                      "Plan Rows": 176969,
                      "Plan Width": 8,
                      "Actual Startup Time": 471.817,
                      "Actual Total Time": 471.952,
                      "Actual Rows": 91954,
                      "Actual Loops": 6,
                      "Hash Buckets": 1048576,
                      "Original Hash Buckets": 1048576,
                      "Hash Batches": 1,
                      "Original Hash Batches": 1,
                      "Peak Memory Usage": 29856,
                      "Plans": [
                        {
                          "Node Type": "Hash Join",
                          "Parent Relationship": "Outer",
                          "Parallel Aware": true,
                          "Join Type": "Inner",
                          "Startup Cost": 61860.5,
                          "Total Cost": 88991.16,
                          "Plan Rows": 176969,
                          "Plan Width": 8,
                          "Actual Startup Time": 336.943,
                          "Actual Total Time": 431.669,
                          "Actual Rows": 91954,
                          "Actual Loops": 6,
                          "Inner Unique": true,
                          "Hash Cond": "(mk.movie_id = t.id)",
                          "Plans": [
                            {
                              "Node Type": "Bitmap Heap Scan",
                              "Parent Relationship": "Outer",
                              "Parallel Aware": true,
                              "Relation Name": "movie_keyword",
                              "Alias": "mk",
                              "Startup Cost": 11640.12,
                              "Total Cost": 38306.24,
                              "Plan Rows": 176969,
                              "Plan Width": 4,
                              "Actual Startup Time": 31.604,
                              "Actual Total Time": 80.864,
                              "Actual Rows": 91954,
                              "Actual Loops": 6,
                              "Recheck Cond": "(keyword_id < 395)",
                              "Rows Removed by Index Recheck": 0,
                              "Exact Heap Blocks": 5168,
                              "Lossy Heap Blocks": 0,
                              "Plans": [
                                {
                                  "Node Type": "Bitmap Index Scan",
                                  "Parent Relationship": "Outer",
                                  "Parallel Aware": false,
                                  "Index Name": "keyword_id_movie_keyword",
                                  "Startup Cost": 0.0,
                                  "Total Cost": 11502.97,
                                  "Plan Rows": 548605,
                                  "Plan Width": 0,
                                  "Actual Startup Time": 28.013,
                                  "Actual Total Time": 28.014,
                                  "Actual Rows": 551723,
                                  "Actual Loops": 1,
                                  "Index Cond": "(keyword_id < 395)"
                                }
                              ]
                            },
                            {
                              "Node Type": "Hash",
                              "Parent Relationship": "Inner",
                              "Parallel Aware": true,
                              "Startup Cost": 42319.06,
                              "Total Cost": 42319.06,
                              "Plan Rows": 632106,
                              "Plan Width": 4,
                              "Actual Startup Time": 300.04,
                              "Actual Total Time": 300.041,
                              "Actual Rows": 421385,
                              "Actual Loops": 6,
                              "Hash Buckets": 4194304,
                              "Original Hash Buckets": 4194304,
                              "Hash Batches": 1,
                              "Original Hash Batches": 1,
                              "Peak Memory Usage": 131776,
                              "Plans": [
                                {
                                  "Node Type": "Seq Scan",
                                  "Parent Relationship": "Outer",
                                  "Parallel Aware": true,
                                  "Relation Name": "title",
                                  "Alias": "t",
                                  "Startup Cost": 0.0,
                                  "Total Cost": 42319.06,
                                  "Plan Rows": 632106,
                                  "Plan Width": 4,
                                  "Actual Startup Time": 0.064,
                                  "Actual Total Time": 86.081,
                                  "Actual Rows": 421385,
                                  "Actual Loops": 6
                                }
                              ]
                            }
                          ]
                        }
                      ]
                    }
                  ]
                }
              ]
            }
          ]
        }
      ]
    },
    "Planning Time": 1.175,
    "Triggers": [],
    "Execution Time": 1705.615
  }
]