[
  {
    "Plan": {
      "Node Type": "Aggregate",
      "Strategy": "Plain",
      "Partial Mode": "Finalize",
      "Parallel Aware": false,
      "Startup Cost": 46480.24,
      "Total Cost": 46480.25,
      "Plan Rows": 1,
      "Plan Width": 8,
      "Actual Startup Time": 92.517,
      "Actual Total Time": 103.881,
      "Actual Rows": 1,
      "Actual Loops": 1,
      "Plans": [
        {
          "Node Type": "Gather",
          "Parent Relationship": "Outer",
          "Parallel Aware": false,
          "Startup Cost": 46479.82,
          "Total Cost": 46480.23,
          "Plan Rows": 4,
          "Plan Width": 8,
          "Actual Startup Time": 92.25,
          "Actual Total Time": 103.871,
          "Actual Rows": 5,
          "Actual Loops": 1,
          "Workers Planned": 4,
          "Workers Launched": 4,
          "Single Copy": false,
          "Plans": [
            {
              "Node Type": "Aggregate",
              "Strategy": "Plain",
              "Partial Mode": "Partial",
              "Parent Relationship": "Outer",
              "Parallel Aware": false,
              "Startup Cost": 45479.82,
              "Total Cost": 45479.83,
              "Plan Rows": 1,
              "Plan Width": 8,
              "Actual Startup Time": 83.545,
              "Actual Total Time": 83.546,
              "Actual Rows": 1,
              "Actual Loops": 5,
              "Plans": [
                {
                  "Node Type": "Seq Scan",
                  "Parent Relationship": "Outer",
                  "Parallel Aware": true,
                  "Relation Name": "title",
                  "Alias": "t",
                  "Startup Cost": 0.0,
                  "Total Cost": 45479.1,
                  "Plan Rows": 289,
                  "Plan Width": 0,
                  "Actual Startup Time": 4.774,
                  "Actual Total Time": 83.48,
                  "Actual Rows": 470,
                  "Actual Loops": 5,
                  "Filter": "((kind_id < 7) AND (production_year = 1948))",
                  "Rows Removed by Filter": 505192
                }
              ]
            }
          ]
        }
      ]
    },
    "Planning Time": 0.181,
    "Triggers": [],
    "Execution Time": 103.938
  }
]