[
    {
        "Bao": {
            "Bao prediction": "NaN",
            "Bao recommended hint": "(no hint)"
        }
    },
    {
        "Plan": {
            "Node Type": "Aggregate",
            "Strategy": "Plain",
            "Partial Mode": "Finalize",
            "Parallel Aware": false,
            "Startup Cost": 32972.12,
            "Total Cost": 32972.13,
            "Plan Rows": 1,
            "Plan Width": 8,
            "Actual Startup Time": 98.504,
            "Actual Total Time": 103.526,
            "Actual Rows": 1,
            "Actual Loops": 1,
            "Output": [
                "count(*)"
            ],
            "Plans": [
                {
                    "Node Type": "Gather",
                    "Parent Relationship": "Outer",
                    "Parallel Aware": false,
                    "Startup Cost": 32971.8,
                    "Total Cost": 32972.11,
                    "Plan Rows": 3,
                    "Plan Width": 8,
                    "Actual Startup Time": 98.369,
                    "Actual Total Time": 103.518,
                    "Actual Rows": 4,
                    "Actual Loops": 1,
                    "Output": [
                        "(PARTIAL count(*))"
                    ],
                    "Workers Planned": 3,
                    "Workers Launched": 3,
                    "Single Copy": false,
                    "Plans": [
                        {
                            "Node Type": "Aggregate",
                            "Strategy": "Plain",
                            "Partial Mode": "Partial",
                            "Parent Relationship": "Outer",
                            "Parallel Aware": false,
                            "Startup Cost": 31971.8,
                            "Total Cost": 31971.81,
                            "Plan Rows": 1,
                            "Plan Width": 8,
                            "Actual Startup Time": 90.315,
                            "Actual Total Time": 90.316,
                            "Actual Rows": 1,
                            "Actual Loops": 4,
                            "Output": [
                                "PARTIAL count(*)"
                            ],
                            "Workers": [
                                {
                                    "Worker Number": 0,
                                    "Actual Startup Time": 87.633,
                                    "Actual Total Time": 87.635,
                                    "Actual Rows": 1,
                                    "Actual Loops": 1
                                },
                                {
                                    "Worker Number": 1,
                                    "Actual Startup Time": 87.77,
                                    "Actual Total Time": 87.771,
                                    "Actual Rows": 1,
                                    "Actual Loops": 1
                                },
                                {
                                    "Worker Number": 2,
                                    "Actual Startup Time": 87.809,
                                    "Actual Total Time": 87.81,
                                    "Actual Rows": 1,
                                    "Actual Loops": 1
                                }
                            ],
                            "Plans": [
                                {
                                    "Node Type": "Seq Scan",
                                    "Parent Relationship": "Outer",
                                    "Parallel Aware": true,
                                    "Relation Name": "movie_companies",
                                    "Schema": "public",
                                    "Alias": "mc",
                                    "Startup Cost": 0.0,
                                    "Total Cost": 31414.82,
                                    "Plan Rows": 222794,
                                    "Plan Width": 0,
                                    "Actual Startup Time": 17.156,
                                    "Actual Total Time": 83.239,
                                    "Actual Rows": 118772,
                                    "Actual Loops": 4,
                                    "Output": [
                                        "id",
                                        "movie_id",
                                        "company_id",
                                        "company_type_id",
                                        "note"
                                    ],
                                    "Filter": "((mc.company_id > 10674) AND (mc.company_type_id < 2))",
                                    "Rows Removed by Filter": 533510,
                                    "Workers": [
                                        {
                                            "Worker Number": 0,
                                            "Actual Startup Time": 14.485,
                                            "Actual Total Time": 80.678,
                                            "Actual Rows": 97691,
                                            "Actual Loops": 1
                                        },
                                        {
                                            "Worker Number": 1,
                                            "Actual Startup Time": 14.598,
                                            "Actual Total Time": 80.908,
                                            "Actual Rows": 92840,
                                            "Actual Loops": 1
                                        },
                                        {
                                            "Worker Number": 2,
                                            "Actual Startup Time": 14.658,
                                            "Actual Total Time": 80.88,
                                            "Actual Rows": 96727,
                                            "Actual Loops": 1
                                        }
                                    ]
                                }
                            ]
                        }
                    ]
                }
            ]
        },
        "Planning Time": 230.639,
        "Triggers": [],
        "Execution Time": 103.577
    }
]