{
    "Plan": {
        "Node Type": "Aggregate",
        "Strategy": "Plain",
        "Partial Mode": "Finalize",
        "Parallel Aware": false,
        "Startup Cost": 299485.98,
        "Total Cost": 299485.99,
        "Plan Rows": 1,
        "Plan Width": 8,
        "Actual Startup Time": 472.4,
        "Actual Total Time": 504.263,
        "Actual Rows": 1,
        "Actual Loops": 1,
        "Output": [
            "count(*)"
        ],
        "Plans": [
            {
                "Node Type": "Gather",
                "Parent Relationship": "Outer",
                "Parallel Aware": false,
                "Startup Cost": 299485.36,
                "Total Cost": 299485.97,
                "Plan Rows": 6,
                "Plan Width": 8,
                "Actual Startup Time": 466.239,
                "Actual Total Time": 504.254,
                "Actual Rows": 7,
                "Actual Loops": 1,
                "Output": [
                    "(PARTIAL count(*))"
                ],
                "Workers Planned": 6,
                "Workers Launched": 6,
                "Single Copy": false,
                "Plans": [
                    {
                        "Node Type": "Aggregate",
                        "Strategy": "Plain",
                        "Partial Mode": "Partial",
                        "Parent Relationship": "Outer",
                        "Parallel Aware": false,
                        "Startup Cost": 298485.36,
                        "Total Cost": 298485.37,
                        "Plan Rows": 1,
                        "Plan Width": 8,
                        "Actual Startup Time": 454.494,
                        "Actual Total Time": 454.498,
                        "Actual Rows": 1,
                        "Actual Loops": 7,
                        "Output": [
                            "PARTIAL count(*)"
                        ],
                        "Workers": [
                            {
                                "Worker Number": 0,
                                "Actual Startup Time": 451.992,
                                "Actual Total Time": 451.996,
                                "Actual Rows": 1,
                                "Actual Loops": 1
                            },
                            {
                                "Worker Number": 1,
                                "Actual Startup Time": 452.674,
                                "Actual Total Time": 452.678,
                                "Actual Rows": 1,
                                "Actual Loops": 1
                            },
                            {
                                "Worker Number": 2,
                                "Actual Startup Time": 452.663,
                                "Actual Total Time": 452.665,
                                "Actual Rows": 1,
                                "Actual Loops": 1
                            },
                            {
                                "Worker Number": 3,
                                "Actual Startup Time": 452.663,
                                "Actual Total Time": 452.666,
                                "Actual Rows": 1,
                                "Actual Loops": 1
                            },
                            {
                                "Worker Number": 4,
                                "Actual Startup Time": 453.066,
                                "Actual Total Time": 453.069,
                                "Actual Rows": 1,
                                "Actual Loops": 1
                            },
                            {
                                "Worker Number": 5,
                                "Actual Startup Time": 453.072,
                                "Actual Total Time": 453.075,
                                "Actual Rows": 1,
                                "Actual Loops": 1
                            }
                        ],
                        "Plans": [
                            {
                                "Node Type": "Hash Join",
                                "Parent Relationship": "Outer",
                                "Parallel Aware": true,
                                "Join Type": "Inner",
                                "Startup Cost": 46269.85,
                                "Total Cost": 298336.09,
                                "Plan Rows": 59708,
                                "Plan Width": 0,
                                "Actual Startup Time": 137.631,
                                "Actual Total Time": 453.034,
                                "Actual Rows": 26557,
                                "Actual Loops": 7,
                                "Inner Unique": true,
                                "Hash Cond": "(ci.movie_id = t.id)",
                                "Workers": [
                                    {
                                        "Worker Number": 0,
                                        "Actual Startup Time": 135.259,
                                        "Actual Total Time": 450.46,
                                        "Actual Rows": 19669,
                                        "Actual Loops": 1
                                    },
                                    {
                                        "Worker Number": 1,
                                        "Actual Startup Time": 135.767,
                                        "Actual Total Time": 451.079,
                                        "Actual Rows": 20378,
                                        "Actual Loops": 1
                                    },
                                    {
                                        "Worker Number": 2,
                                        "Actual Startup Time": 135.691,
                                        "Actual Total Time": 451.319,
                                        "Actual Rows": 26869,
                                        "Actual Loops": 1
                                    },
                                    {
                                        "Worker Number": 3,
                                        "Actual Startup Time": 135.938,
                                        "Actual Total Time": 451.361,
                                        "Actual Rows": 25634,
                                        "Actual Loops": 1
                                    },
                                    {
                                        "Worker Number": 4,
                                        "Actual Startup Time": 136.197,
                                        "Actual Total Time": 451.632,
                                        "Actual Rows": 29811,
                                        "Actual Loops": 1
                                    },
                                    {
                                        "Worker Number": 5,
                                        "Actual Startup Time": 136.298,
                                        "Actual Total Time": 451.697,
                                        "Actual Rows": 27826,
                                        "Actual Loops": 1
                                    }
                                ],
                                "Plans": [
                                    {
                                        "Node Type": "Index Scan",
                                        "Parent Relationship": "Outer",
                                        "Parallel Aware": true,
                                        "Scan Direction": "Forward",
                                        "Index Name": "role_id_cast_info",
                                        "Relation Name": "cast_info",
                                        "Schema": "public",
                                        "Alias": "ci",
                                        "Startup Cost": 0.56,
                                        "Total Cost": 251544.36,
                                        "Plan Rows": 199029,
                                        "Plan Width": 4,
                                        "Actual Startup Time": 0.31,
                                        "Actual Total Time": 281.051,
                                        "Actual Rows": 89097,
                                        "Actual Loops": 7,
                                        "Output": [
                                            "ci.id",
                                            "ci.person_id",
                                            "ci.movie_id",
                                            "ci.person_role_id",
                                            "ci.note",
                                            "ci.nr_order",
                                            "ci.role_id"
                                        ],
                                        "Index Cond": "(ci.role_id > 4)",
                                        "Rows Removed by Index Recheck": 0,
                                        "Filter": "(ci.person_id < 456657)",
                                        "Rows Removed by Filter": 1251575,
                                        "Workers": [
                                            {
                                                "Worker Number": 0,
                                                "Actual Startup Time": 0.364,
                                                "Actual Total Time": 282.665,
                                                "Actual Rows": 66049,
                                                "Actual Loops": 1
                                            },
                                            {
                                                "Worker Number": 1,
                                                "Actual Startup Time": 0.207,
                                                "Actual Total Time": 284.722,
                                                "Actual Rows": 67538,
                                                "Actual Loops": 1
                                            },
                                            {
                                                "Worker Number": 2,
                                                "Actual Startup Time": 0.173,
                                                "Actual Total Time": 279.643,
                                                "Actual Rows": 91595,
                                                "Actual Loops": 1
                                            },
                                            {
                                                "Worker Number": 3,
                                                "Actual Startup Time": 0.406,
                                                "Actual Total Time": 280.7,
                                                "Actual Rows": 87042,
                                                "Actual Loops": 1
                                            },
                                            {
                                                "Worker Number": 4,
                                                "Actual Startup Time": 0.252,
                                                "Actual Total Time": 281.912,
                                                "Actual Rows": 95020,
                                                "Actual Loops": 1
                                            },
                                            {
                                                "Worker Number": 5,
                                                "Actual Startup Time": 0.329,
                                                "Actual Total Time": 282.159,
                                                "Actual Rows": 97165,
                                                "Actual Loops": 1
                                            }
                                        ]
                                    },
                                    {
                                        "Node Type": "Hash",
                                        "Parent Relationship": "Inner",
                                        "Parallel Aware": true,
                                        "Startup Cost": 43899.01,
                                        "Total Cost": 43899.01,
                                        "Plan Rows": 189622,
                                        "Plan Width": 4,
                                        "Actual Startup Time": 134.172,
                                        "Actual Total Time": 134.173,
                                        "Actual Rows": 107986,
                                        "Actual Loops": 7,
                                        "Output": [
                                            "t.id"
                                        ],
                                        "Hash Buckets": 1048576,
                                        "Original Hash Buckets": 1048576,
                                        "Hash Batches": 1,
                                        "Original Hash Batches": 1,
                                        "Peak Memory Usage": 37856,
                                        "Workers": [
                                            {
                                                "Worker Number": 0,
                                                "Actual Startup Time": 134.476,
                                                "Actual Total Time": 134.477,
                                                "Actual Rows": 80959,
                                                "Actual Loops": 1
                                            },
                                            {
                                                "Worker Number": 1,
                                                "Actual Startup Time": 135.161,
                                                "Actual Total Time": 135.163,
                                                "Actual Rows": 83312,
                                                "Actual Loops": 1
                                            },
                                            {
                                                "Worker Number": 2,
                                                "Actual Startup Time": 135.072,
                                                "Actual Total Time": 135.073,
                                                "Actual Rows": 97453,
                                                "Actual Loops": 1
                                            },
                                            {
                                                "Worker Number": 3,
                                                "Actual Startup Time": 135.099,
                                                "Actual Total Time": 135.1,
                                                "Actual Rows": 100017,
                                                "Actual Loops": 1
                                            },
                                            {
                                                "Worker Number": 4,
                                                "Actual Startup Time": 135.501,
                                                "Actual Total Time": 135.502,
                                                "Actual Rows": 111525,
                                                "Actual Loops": 1
                                            },
                                            {
                                                "Worker Number": 5,
                                                "Actual Startup Time": 135.492,
                                                "Actual Total Time": 135.493,
                                                "Actual Rows": 115119,
                                                "Actual Loops": 1
                                            }
                                        ],
                                        "Plans": [
                                            {
                                                "Node Type": "Seq Scan",
                                                "Parent Relationship": "Outer",
                                                "Parallel Aware": true,
                                                "Relation Name": "title",
                                                "Schema": "public",
                                                "Alias": "t",
                                                "Startup Cost": 0.0,
                                                "Total Cost": 43899.01,
                                                "Plan Rows": 189622,
                                                "Plan Width": 4,
                                                "Actual Startup Time": 0.063,
                                                "Actual Total Time": 83.295,
                                                "Actual Rows": 107986,
                                                "Actual Loops": 7,
                                                "Output": [
                                                    "t.id"
                                                ],
                                                "Filter": "(t.production_year < 1993)",
                                                "Rows Removed by Filter": 253201,
                                                "Workers": [
                                                    {
                                                        "Worker Number": 0,
                                                        "Actual Startup Time": 0.081,
                                                        "Actual Total Time": 84.735,
                                                        "Actual Rows": 80959,
                                                        "Actual Loops": 1
                                                    },
                                                    {
                                                        "Worker Number": 1,
                                                        "Actual Startup Time": 0.064,
                                                        "Actual Total Time": 86.386,
                                                        "Actual Rows": 83312,
                                                        "Actual Loops": 1
                                                    },
                                                    {
                                                        "Worker Number": 2,
                                                        "Actual Startup Time": 0.07,
                                                        "Actual Total Time": 84.309,
                                                        "Actual Rows": 97453,
                                                        "Actual Loops": 1
                                                    },
                                                    {
                                                        "Worker Number": 3,
                                                        "Actual Startup Time": 0.084,
                                                        "Actual Total Time": 82.888,
                                                        "Actual Rows": 100017,
                                                        "Actual Loops": 1
                                                    },
                                                    {
                                                        "Worker Number": 4,
                                                        "Actual Startup Time": 0.057,
                                                        "Actual Total Time": 84.18,
                                                        "Actual Rows": 111525,
                                                        "Actual Loops": 1
                                                    },
                                                    {
                                                        "Worker Number": 5,
                                                        "Actual Startup Time": 0.063,
                                                        "Actual Total Time": 84.653,
                                                        "Actual Rows": 115119,
                                                        "Actual Loops": 1
                                                    }
                                                ]
                                            }
                                        ]
                                    }
                                ]
                            }
                        ]
                    }
                ]
            }
        ]
    },
    "Planning Time": 0.726,
    "Triggers": [],
    "Execution Time": 504.352
}