[
  {
    "Plan": {
      "Node Type": "Aggregate",
      "Strategy": "Plain",
      "Partial Mode": "Finalize",
      "Parallel Aware": false,
      "Startup Cost": 37174.1,
      "Total Cost": 37174.11,
      "Plan Rows": 1,
      "Plan Width": 8,
      "Actual Startup Time": 28.941,
      "Actual Total Time": 35.668,
      "Actual Rows": 1,
      "Actual Loops": 1,
      "Plans": [
        {
          "Node Type": "Gather",
          "Parent Relationship": "Outer",
          "Parallel Aware": false,
          "Startup Cost": 37173.88,
          "Total Cost": 37174.09,
          "Plan Rows": 2,
          "Plan Width": 8,
          "Actual Startup Time": 28.817,
          "Actual Total Time": 35.663,
          "Actual Rows": 3,
          "Actual Loops": 1,
          "Workers Planned": 2,
          "Workers Launched": 2,
          "Single Copy": false,
          "Plans": [
            {
              "Node Type": "Aggregate",
              "Strategy": "Plain",
              "Partial Mode": "Partial",
              "Parent Relationship": "Outer",
              "Parallel Aware": false,
              "Startup Cost": 36173.88,
              "Total Cost": 36173.89,
              "Plan Rows": 1,
              "Plan Width": 8,
              "Actual Startup Time": 25.426,
              "Actual Total Time": 25.427,
              "Actual Rows": 1,
              "Actual Loops": 3,
              "Plans": [
                {
                  "Node Type": "Nested Loop",
                  "Parent Relationship": "Outer",
                  "Parallel Aware": false,
                  "Join Type": "Inner",
                  "Startup Cost": 151.79,
                  "Total Cost": 36173.88,
                  "Plan Rows": 2,
                  "Plan Width": 0,
                  "Actual Startup Time": 18.493,
                  "Actual Total Time": 25.423,
                  "Actual Rows": 1,
                  "Actual Loops": 3,
                  "Inner Unique": true,
                  "Plans": [
                    {
                      "Node Type": "Bitmap Heap Scan",
                      "Parent Relationship": "Outer",
                      "Parallel Aware": true,
                      "Relation Name": "movie_keyword",
                      "Alias": "mk",
                      "Startup Cost": 151.36,
                      "Total Cost": 15607.09,
                      "Plan Rows": 2953,
                      "Plan Width": 4,
                      "Actual Startup Time": 1.756,
                      "Actual Total Time": 9.201,
                      "Actual Rows": 2187,
                      "Actual Loops": 3,
                      "Recheck Cond": "(keyword_id = 12015)",
                      "Rows Removed by Index Recheck": 0,
                      "Exact Heap Blocks": 2840,
                      "Lossy Heap Blocks": 0,
                      "Plans": [
                        {
                          "Node Type": "Bitmap Index Scan",
                          "Parent Relationship": "Outer",
                          "Parallel Aware": false,
                          "Index Name": "keyword_id_movie_keyword",
                          "Startup Cost": 0.0,
                          "Total Cost": 149.59,
                          "Plan Rows": 7087,
                          "Plan Width": 0,
                          "Actual Startup Time": 3.371,
                          "Actual Total Time": 3.372,
                          "Actual Rows": 6560,
                          "Actual Loops": 1,
                          "Index Cond": "(keyword_id = 12015)"
                        }
                      ]
                    },
                    {
                      "Node Type": "Index Scan",
                      "Parent Relationship": "Inner",
                      "Parallel Aware": false,
                      "Scan Direction": "Forward",
                      "Index Name": "title_pkey",
                      "Relation Name": "title",
                      "Alias": "t",
                      "Startup Cost": 0.43,
                      "Total Cost": 6.96,
                      "Plan Rows": 1,
                      "Plan Width": 4,
                      "Actual Startup Time": 0.007,
                      "Actual Total Time": 0.007,
                      "Actual Rows": 0,
                      "Actual Loops": 6560,
                      "Index Cond": "(id = mk.movie_id)",
                      "Rows Removed by Index Recheck": 0,
                      "Filter": "((kind_id = 3) AND (production_year = 1995))",
                      "Rows Removed by Filter": 1
                    }
                  ]
                }
              ]
            }
          ]
        }
      ]
    },
    "Planning Time": 0.288,
    "Triggers": [],
    "Execution Time": 35.71
  }
]