{
  "Plan": {
    "Node Type": "Aggregate",
    "Strategy": "Plain",
    "Partial Mode": "Finalize",
    "Parallel Aware": false,
    "Startup Cost": 89608.58,
    "Total Cost": 89608.59,
    "Plan Rows": 1,
    "Plan Width": 8,
    "Actual Startup Time": 323.793,
    "Actual Total Time": 344.022,
    "Actual Rows": 1,
    "Actual Loops": 1,
    "Plans": [
      {
        "Node Type": "Gather",
        "Parent Relationship": "Outer",
        "Parallel Aware": false,
        "Startup Cost": 89608.47,
        "Total Cost": 89608.58,
        "Plan Rows": 1,
        "Plan Width": 8,
        "Actual Startup Time": 322.944,
        "Actual Total Time": 344.013,
        "Actual Rows": 2,
        "Actual Loops": 1,
        "Workers Planned": 1,
        "Workers Launched": 1,
        "Single Copy": false,
        "Plans": [
          {
            "Node Type": "Aggregate",
            "Strategy": "Plain",
            "Partial Mode": "Partial",
            "Parent Relationship": "Outer",
            "Parallel Aware": false,
            "Startup Cost": 88608.47,
            "Total Cost": 88608.48,
            "Plan Rows": 1,
            "Plan Width": 8,
            "Actual Startup Time": 317.085,
            "Actual Total Time": 317.089,
            "Actual Rows": 1,
            "Actual Loops": 2,
            "Plans": [
              {
                "Node Type": "Hash Join",
                "Parent Relationship": "Outer",
                "Parallel Aware": true,
                "Join Type": "Inner",
                "Startup Cost": 61625.7,
                "Total Cost": 88584.8,
                "Plan Rows": 9468,
                "Plan Width": 0,
                "Actual Startup Time": 222.562,
                "Actual Total Time": 316.661,
                "Actual Rows": 4333,
                "Actual Loops": 2,
                "Inner Unique": true,
                "Hash Cond": "(mk.movie_id = t.id)",
                "Plans": [
                  {
                    "Node Type": "Bitmap Heap Scan",
                    "Parent Relationship": "Outer",
                    "Parallel Aware": true,
                    "Relation Name": "movie_keyword",
                    "Alias": "mk",
                    "Startup Cost": 5974.56,
                    "Total Cost": 32498.89,
                    "Plan Rows": 165626,
                    "Plan Width": 4,
                    "Actual Startup Time": 32.34,
                    "Actual Total Time": 97.34,
                    "Actual Rows": 148922,
                    "Actual Loops": 2,
                    "Recheck Cond": "(keyword_id < 245)",
                    "Rows Removed by Index Recheck": 0,
                    "Exact Heap Blocks": 15789,
                    "Lossy Heap Blocks": 0,
                    "Plans": [
                      {
                        "Node Type": "Bitmap Index Scan",
                        "Parent Relationship": "Outer",
                        "Parallel Aware": false,
                        "Index Name": "keyword_id_movie_keyword",
                        "Startup Cost": 0.0,
                        "Total Cost": 5904.17,
                        "Plan Rows": 281565,
                        "Plan Width": 0,
                        "Actual Startup Time": 26.626,
                        "Actual Total Time": 26.627,
                        "Actual Rows": 297845,
                        "Actual Loops": 1,
                        "Index Cond": "(keyword_id < 245)"
                      }
                    ]
                  },
                  {
                    "Node Type": "Hash",
                    "Parent Relationship": "Inner",
                    "Parallel Aware": true,
                    "Startup Cost": 54588.39,
                    "Total Cost": 54588.39,
                    "Plan Rows": 85020,
                    "Plan Width": 4,
                    "Actual Startup Time": 186.755,
                    "Actual Total Time": 186.756,
                    "Actual Rows": 70852,
                    "Actual Loops": 2,
                    "Hash Buckets": 262144,
                    "Original Hash Buckets": 262144,
                    "Hash Batches": 1,
                    "Original Hash Batches": 1,
                    "Peak Memory Usage": 7616,
                    "Plans": [
                      {
                        "Node Type": "Seq Scan",
                        "Parent Relationship": "Outer",
                        "Parallel Aware": true,
                        "Relation Name": "title",
                        "Alias": "t",
                        "Startup Cost": 0.0,
                        "Total Cost": 54588.39,
                        "Plan Rows": 85020,
                        "Plan Width": 4,
                        "Actual Startup Time": 0.035,
                        "Actual Total Time": 162.537,
                        "Actual Rows": 70852,
                        "Actual Loops": 2,
                        "Filter": "(production_year = 2010)",
                        "Rows Removed by Filter": 1193304
                      }
                    ]
                  }
                ]
              }
            ]
          }
        ]
      }
    ]
  },
  "Planning Time": 0.418,
  "Triggers": [],
  "Execution Time": 344.111
}