[
  {
    "Plan": {
      "Node Type": "Aggregate",
      "Strategy": "Plain",
      "Partial Mode": "Finalize",
      "Parallel Aware": false,
      "Startup Cost": 32039.7,
      "Total Cost": 32039.71,
      "Plan Rows": 1,
      "Plan Width": 8,
      "Actual Startup Time": 109.643,
      "Actual Total Time": 117.448,
      "Actual Rows": 1,
      "Actual Loops": 1,
      "Plans": [
        {
          "Node Type": "Gather",
          "Parent Relationship": "Outer",
          "Parallel Aware": false,
          "Startup Cost": 32039.38,
          "Total Cost": 32039.69,
          "Plan Rows": 3,
          "Plan Width": 8,
          "Actual Startup Time": 109.466,
          "Actual Total Time": 117.438,
          "Actual Rows": 4,
          "Actual Loops": 1,
          "Workers Planned": 3,
          "Workers Launched": 3,
          "Single Copy": false,
          "Plans": [
            {
              "Node Type": "Aggregate",
              "Strategy": "Plain",
              "Partial Mode": "Partial",
              "Parent Relationship": "Outer",
              "Parallel Aware": false,
              "Startup Cost": 31039.38,
              "Total Cost": 31039.39,
              "Plan Rows": 1,
              "Plan Width": 8,
              "Actual Startup Time": 104.747,
              "Actual Total Time": 104.749,
              "Actual Rows": 1,
              "Actual Loops": 4,
              "Plans": [
                {
                  "Node Type": "Seq Scan",
                  "Parent Relationship": "Outer",
                  "Parallel Aware": true,
                  "Relation Name": "movie_companies",
                  "Alias": "mc",
                  "Startup Cost": 0.0,
                  "Total Cost": 29310.68,
                  "Plan Rows": 691479,
                  "Plan Width": 0,
                  "Actual Startup Time": 0.021,
                  "Actual Total Time": 79.744,
                  "Actual Rows": 535722,
                  "Actual Loops": 4,
                  "Filter": "(company_id < 76284)",
                  "Rows Removed by Filter": 116560
                }
              ]
            }
          ]
        }
      ]
    },
    "Planning Time": 0.2,
    "Triggers": [],
    "Execution Time": 117.506
  }
]