[
  {
    "Plan": {
      "Node Type": "Aggregate",
      "Strategy": "Plain",
      "Partial Mode": "Finalize",
      "Parallel Aware": false,
      "Startup Cost": 256271.0,
      "Total Cost": 256271.01,
      "Plan Rows": 1,
      "Plan Width": 8,
      "Actual Startup Time": 269.267,
      "Actual Total Time": 286.857,
      "Actual Rows": 1,
      "Actual Loops": 1,
      "Plans": [
        {
          "Node Type": "Gather",
          "Parent Relationship": "Outer",
          "Parallel Aware": false,
          "Startup Cost": 256270.38,
          "Total Cost": 256270.99,
          "Plan Rows": 6,
          "Plan Width": 8,
          "Actual Startup Time": 269.207,
          "Actual Total Time": 286.848,
          "Actual Rows": 7,
          "Actual Loops": 1,
          "Workers Planned": 6,
          "Workers Launched": 6,
          "Single Copy": false,
          "Plans": [
            {
              "Node Type": "Aggregate",
              "Strategy": "Plain",
              "Partial Mode": "Partial",
              "Parent Relationship": "Outer",
              "Parallel Aware": false,
              "Startup Cost": 255270.38,
              "Total Cost": 255270.39,
              "Plan Rows": 1,
              "Plan Width": 8,
              "Actual Startup Time": 260.196,
              "Actual Total Time": 260.197,
              "Actual Rows": 1,
              "Actual Loops": 7,
              "Plans": [
                {
                  "Node Type": "Index Scan",
                  "Parent Relationship": "Outer",
                  "Parallel Aware": true,
                  "Scan Direction": "Forward",
                  "Index Name": "role_id_cast_info",
                  "Relation Name": "cast_info",
                  "Alias": "ci",
                  "Startup Cost": 0.56,
                  "Total Cost": 255086.64,
                  "Plan Rows": 73494,
                  "Plan Width": 0,
                  "Actual Startup Time": 0.165,
                  "Actual Total Time": 258.486,
                  "Actual Rows": 32015,
                  "Actual Loops": 7,
                  "Index Cond": "(role_id > 4)",
                  "Rows Removed by Index Recheck": 0,
                  "Filter": "(person_id < 170355)",
                  "Rows Removed by Filter": 1308657
                }
              ]
            }
          ]
        }
      ]
    },
    "Planning Time": 0.232,
    "Triggers": [],
    "Execution Time": 286.923
  }
]