[
  {
    "Plan": {
      "Node Type": "Aggregate",
      "Strategy": "Plain",
      "Partial Mode": "Finalize",
      "Parallel Aware": false,
      "Startup Cost": 193397.34,
      "Total Cost": 193397.35,
      "Plan Rows": 1,
      "Plan Width": 8,
      "Actual Startup Time": 588.924,
      "Actual Total Time": 621.357,
      "Actual Rows": 1,
      "Actual Loops": 1,
      "Plans": [
        {
          "Node Type": "Gather",
          "Parent Relationship": "Outer",
          "Parallel Aware": false,
          "Startup Cost": 193396.92,
          "Total Cost": 193397.33,
          "Plan Rows": 4,
          "Plan Width": 8,
          "Actual Startup Time": 584.576,
          "Actual Total Time": 621.348,
          "Actual Rows": 5,
          "Actual Loops": 1,
          "Workers Planned": 4,
          "Workers Launched": 4,
          "Single Copy": false,
          "Plans": [
            {
              "Node Type": "Aggregate",
              "Strategy": "Plain",
              "Partial Mode": "Partial",
              "Parent Relationship": "Outer",
              "Parallel Aware": false,
              "Startup Cost": 192396.92,
              "Total Cost": 192396.93,
              "Plan Rows": 1,
              "Plan Width": 8,
              "Actual Startup Time": 578.249,
              "Actual Total Time": 578.251,
              "Actual Rows": 1,
              "Actual Loops": 5,
              "Plans": [
                {
                  "Node Type": "Nested Loop",
                  "Parent Relationship": "Outer",
                  "Parallel Aware": false,
                  "Join Type": "Inner",
                  "Startup Cost": 1.0,
                  "Total Cost": 192116.02,
                  "Plan Rows": 112360,
                  "Plan Width": 0,
                  "Actual Startup Time": 53.615,
                  "Actual Total Time": 540.607,
                  "Actual Rows": 654170,
                  "Actual Loops": 5,
                  "Inner Unique": false,
                  "Join Filter": "(t.id = ci.movie_id)",
                  "Rows Removed by Join Filter": 0,
                  "Plans": [
                    {
                      "Node Type": "Nested Loop",
                      "Parent Relationship": "Outer",
                      "Parallel Aware": false,
                      "Join Type": "Inner",
                      "Startup Cost": 0.43,
                      "Total Cost": 177942.51,
                      "Plan Rows": 7836,
                      "Plan Width": 8,
                      "Actual Startup Time": 53.53,
                      "Actual Total Time": 110.479,
                      "Actual Rows": 12861,
                      "Actual Loops": 5,
                      "Inner Unique": false,
                      "Plans": [
                        {
                          "Node Type": "Seq Scan",
                          "Parent Relationship": "Outer",
                          "Parallel Aware": true,
                          "Relation Name": "title",
                          "Alias": "t",
                          "Startup Cost": 0.0,
                          "Total Cost": 45479.21,
                          "Plan Rows": 1343,
                          "Plan Width": 4,
                          "Actual Startup Time": 53.437,
                          "Actual Total Time": 75.988,
                          "Actual Rows": 972,
                          "Actual Loops": 5,
                          "Filter": "((kind_id = 1) AND (production_year = 1988))",
                          "Rows Removed by Filter": 504690
                        },
                        {
                          "Node Type": "Index Only Scan",
                          "Parent Relationship": "Inner",
                          "Parallel Aware": false,
                          "Scan Direction": "Forward",
                          "Index Name": "movie_id_movie_info",
                          "Relation Name": "movie_info",
                          "Alias": "mi",
                          "Startup Cost": 0.43,
                          "Total Cost": 98.24,
                          "Plan Rows": 39,
                          "Plan Width": 4,
                          "Actual Startup Time": 0.013,
                          "Actual Total Time": 0.033,
                          "Actual Rows": 13,
                          "Actual Loops": 4860,
                          "Index Cond": "(movie_id = t.id)",
                          "Rows Removed by Index Recheck": 0,
                          "Heap Fetches": 64306
                        }
                      ]
                    },
                    {
                      "Node Type": "Index Only Scan",
                      "Parent Relationship": "Inner",
                      "Parallel Aware": false,
                      "Scan Direction": "Forward",
                      "Index Name": "movie_id_cast_info",
                      "Relation Name": "cast_info",
                      "Alias": "ci",
                      "Startup Cost": 0.56,
                      "Total Cost": 1.33,
                      "Plan Rows": 38,
                      "Plan Width": 4,
                      "Actual Startup Time": 0.005,
                      "Actual Total Time": 0.028,
                      "Actual Rows": 51,
                      "Actual Loops": 64306,
                      "Index Cond": "(movie_id = mi.movie_id)",
                      "Rows Removed by Index Recheck": 0,
                      "Heap Fetches": 3270849
                    }
                  ]
                }
              ]
            }
          ]
        }
      ]
    },
    "Planning Time": 1.245,
    "Triggers": [],
    "Execution Time": 621.441
  }
]