{
    "Plan": {
        "Node Type": "Aggregate",
        "Strategy": "Plain",
        "Partial Mode": "Finalize",
        "Parallel Aware": false,
        "Startup Cost": 173733.84,
        "Total Cost": 173733.85,
        "Plan Rows": 1,
        "Plan Width": 8,
        "Actual Startup Time": 964.948,
        "Actual Total Time": 995.464,
        "Actual Rows": 1,
        "Actual Loops": 1,
        "Output": [
            "count(*)"
        ],
        "Plans": [
            {
                "Node Type": "Gather",
                "Parent Relationship": "Outer",
                "Parallel Aware": false,
                "Startup Cost": 173733.52,
                "Total Cost": 173733.83,
                "Plan Rows": 3,
                "Plan Width": 8,
                "Actual Startup Time": 953.865,
                "Actual Total Time": 995.454,
                "Actual Rows": 4,
                "Actual Loops": 1,
                "Output": [
                    "(PARTIAL count(*))"
                ],
                "Workers Planned": 3,
                "Workers Launched": 3,
                "Single Copy": false,
                "Plans": [
                    {
                        "Node Type": "Aggregate",
                        "Strategy": "Plain",
                        "Partial Mode": "Partial",
                        "Parent Relationship": "Outer",
                        "Parallel Aware": false,
                        "Startup Cost": 172733.52,
                        "Total Cost": 172733.53,
                        "Plan Rows": 1,
                        "Plan Width": 8,
                        "Actual Startup Time": 943.829,
                        "Actual Total Time": 943.834,
                        "Actual Rows": 1,
                        "Actual Loops": 4,
                        "Output": [
                            "PARTIAL count(*)"
                        ],
                        "Workers": [
                            {
                                "Worker Number": 0,
                                "Actual Startup Time": 940.339,
                                "Actual Total Time": 940.343,
                                "Actual Rows": 1,
                                "Actual Loops": 1
                            },
                            {
                                "Worker Number": 1,
                                "Actual Startup Time": 941.049,
                                "Actual Total Time": 941.053,
                                "Actual Rows": 1,
                                "Actual Loops": 1
                            },
                            {
                                "Worker Number": 2,
                                "Actual Startup Time": 940.972,
                                "Actual Total Time": 940.976,
                                "Actual Rows": 1,
                                "Actual Loops": 1
                            }
                        ],
                        "Plans": [
                            {
                                "Node Type": "Hash Join",
                                "Parent Relationship": "Outer",
                                "Parallel Aware": true,
                                "Join Type": "Inner",
                                "Startup Cost": 130949.36,
                                "Total Cost": 171674.59,
                                "Plan Rows": 423572,
                                "Plan Width": 0,
                                "Actual Startup Time": 588.648,
                                "Actual Total Time": 908.306,
                                "Actual Rows": 710127,
                                "Actual Loops": 4,
                                "Inner Unique": true,
                                "Hash Cond": "(mk.movie_id = t.id)",
                                "Workers": [
                                    {
                                        "Worker Number": 0,
                                        "Actual Startup Time": 584.908,
                                        "Actual Total Time": 903.918,
                                        "Actual Rows": 571373,
                                        "Actual Loops": 1
                                    },
                                    {
                                        "Worker Number": 1,
                                        "Actual Startup Time": 585.951,
                                        "Actual Total Time": 903.663,
                                        "Actual Rows": 582569,
                                        "Actual Loops": 1
                                    },
                                    {
                                        "Worker Number": 2,
                                        "Actual Startup Time": 586.477,
                                        "Actual Total Time": 905.547,
                                        "Actual Rows": 882679,
                                        "Actual Loops": 1
                                    }
                                ],
                                "Plans": [
                                    {
                                        "Node Type": "Bitmap Heap Scan",
                                        "Parent Relationship": "Outer",
                                        "Parallel Aware": true,
                                        "Relation Name": "movie_keyword",
                                        "Schema": "public",
                                        "Alias": "mk",
                                        "Startup Cost": 70738.14,
                                        "Total Cost": 108639.44,
                                        "Plan Rows": 1075784,
                                        "Plan Width": 4,
                                        "Actual Startup Time": 322.294,
                                        "Actual Total Time": 471.454,
                                        "Actual Rows": 835146,
                                        "Actual Loops": 4,
                                        "Output": [
                                            "mk.id",
                                            "mk.movie_id",
                                            "mk.keyword_id"
                                        ],
                                        "Recheck Cond": "(mk.keyword_id > 1401)",
                                        "Rows Removed by Index Recheck": 0,
                                        "Exact Heap Blocks": 6791,
                                        "Lossy Heap Blocks": 0,
                                        "Workers": [
                                            {
                                                "Worker Number": 0,
                                                "Actual Startup Time": 322.09,
                                                "Actual Total Time": 470.092,
                                                "Actual Rows": 706803,
                                                "Actual Loops": 1
                                            },
                                            {
                                                "Worker Number": 1,
                                                "Actual Startup Time": 322.335,
                                                "Actual Total Time": 470.126,
                                                "Actual Rows": 692688,
                                                "Actual Loops": 1
                                            },
                                            {
                                                "Worker Number": 2,
                                                "Actual Startup Time": 322.405,
                                                "Actual Total Time": 471.361,
                                                "Actual Rows": 1012930,
                                                "Actual Loops": 1
                                            }
                                        ],
                                        "Plans": [
                                            {
                                                "Node Type": "Bitmap Index Scan",
                                                "Parent Relationship": "Outer",
                                                "Parallel Aware": false,
                                                "Index Name": "keyword_id_movie_keyword",
                                                "Startup Cost": 0.0,
                                                "Total Cost": 69904.41,
                                                "Plan Rows": 3334930,
                                                "Plan Width": 0,
                                                "Actual Startup Time": 316.299,
                                                "Actual Total Time": 316.3,
                                                "Actual Rows": 3340584,
                                                "Actual Loops": 1,
                                                "Index Cond": "(mk.keyword_id > 1401)",
                                                "Workers": [
                                                    {
                                                        "Worker Number": 0,
                                                        "Actual Startup Time": 316.299,
                                                        "Actual Total Time": 316.3,
                                                        "Actual Rows": 3340584,
                                                        "Actual Loops": 1
                                                    }
                                                ]
                                            }
                                        ]
                                    },
                                    {
                                        "Node Type": "Hash",
                                        "Parent Relationship": "Inner",
                                        "Parallel Aware": true,
                                        "Startup Cost": 57100.33,
                                        "Total Cost": 57100.33,
                                        "Plan Rows": 248871,
                                        "Plan Width": 4,
                                        "Actual Startup Time": 262.122,
                                        "Actual Total Time": 262.124,
                                        "Actual Rows": 246262,
                                        "Actual Loops": 4,
                                        "Output": [
                                            "t.id"
                                        ],
                                        "Hash Buckets": 1048576,
                                        "Original Hash Buckets": 1048576,
                                        "Hash Batches": 1,
                                        "Original Hash Batches": 1,
                                        "Peak Memory Usage": 46816,
                                        "Workers": [
                                            {
                                                "Worker Number": 0,
                                                "Actual Startup Time": 262.424,
                                                "Actual Total Time": 262.426,
                                                "Actual Rows": 202022,
                                                "Actual Loops": 1
                                            },
                                            {
                                                "Worker Number": 1,
                                                "Actual Startup Time": 263.091,
                                                "Actual Total Time": 263.093,
                                                "Actual Rows": 211114,
                                                "Actual Loops": 1
                                            },
                                            {
                                                "Worker Number": 2,
                                                "Actual Startup Time": 263.07,
                                                "Actual Total Time": 263.071,
                                                "Actual Rows": 289696,
                                                "Actual Loops": 1
                                            }
                                        ],
                                        "Plans": [
                                            {
                                                "Node Type": "Bitmap Heap Scan",
                                                "Parent Relationship": "Outer",
                                                "Parallel Aware": true,
                                                "Relation Name": "title",
                                                "Schema": "public",
                                                "Alias": "t",
                                                "Startup Cost": 17991.44,
                                                "Total Cost": 57100.33,
                                                "Plan Rows": 248871,
                                                "Plan Width": 4,
                                                "Actual Startup Time": 58.232,
                                                "Actual Total Time": 176.833,
                                                "Actual Rows": 246262,
                                                "Actual Loops": 4,
                                                "Output": [
                                                    "t.id"
                                                ],
                                                "Recheck Cond": "(t.kind_id < 7)",
                                                "Rows Removed by Index Recheck": 0,
                                                "Exact Heap Blocks": 12200,
                                                "Lossy Heap Blocks": 0,
                                                "Workers": [
                                                    {
                                                        "Worker Number": 0,
                                                        "Actual Startup Time": 58.158,
                                                        "Actual Total Time": 177.794,
                                                        "Actual Rows": 202022,
                                                        "Actual Loops": 1
                                                    },
                                                    {
                                                        "Worker Number": 1,
                                                        "Actual Startup Time": 58.301,
                                                        "Actual Total Time": 177.767,
                                                        "Actual Rows": 211114,
                                                        "Actual Loops": 1
                                                    },
                                                    {
                                                        "Worker Number": 2,
                                                        "Actual Startup Time": 58.301,
                                                        "Actual Total Time": 175.49,
                                                        "Actual Rows": 289696,
                                                        "Actual Loops": 1
                                                    }
                                                ],
                                                "Plans": [
                                                    {
                                                        "Node Type": "Bitmap Index Scan",
                                                        "Parent Relationship": "Outer",
                                                        "Parallel Aware": false,
                                                        "Index Name": "kind_id_title",
                                                        "Startup Cost": 0.0,
                                                        "Total Cost": 17742.57,
                                                        "Plan Rows": 995485,
                                                        "Plan Width": 0,
                                                        "Actual Startup Time": 52.299,
                                                        "Actual Total Time": 52.299,
                                                        "Actual Rows": 985048,
                                                        "Actual Loops": 1,
                                                        "Index Cond": "(t.kind_id < 7)"
                                                    }
                                                ]
                                            }
                                        ]
                                    }
                                ]
                            }
                        ]
                    }
                ]
            }
        ]
    },
    "Planning Time": 3.052,
    "Triggers": [],
    "Execution Time": 995.868
}