[
  {
    "Plan": {
      "Node Type": "Aggregate",
      "Strategy": "Plain",
      "Partial Mode": "Finalize",
      "Parallel Aware": false,
      "Startup Cost": 175311.12,
      "Total Cost": 175311.13,
      "Plan Rows": 1,
      "Plan Width": 8,
      "Actual Startup Time": 368.008,
      "Actual Total Time": 412.914,
      "Actual Rows": 1,
      "Actual Loops": 1,
      "Plans": [
        {
          "Node Type": "Gather",
          "Parent Relationship": "Outer",
          "Parallel Aware": false,
          "Startup Cost": 175310.7,
          "Total Cost": 175311.11,
          "Plan Rows": 4,
          "Plan Width": 8,
          "Actual Startup Time": 367.872,
          "Actual Total Time": 412.904,
          "Actual Rows": 5,
          "Actual Loops": 1,
          "Workers Planned": 4,
          "Workers Launched": 4,
          "Single Copy": false,
          "Plans": [
            {
              "Node Type": "Aggregate",
              "Strategy": "Plain",
              "Partial Mode": "Partial",
              "Parent Relationship": "Outer",
              "Parallel Aware": false,
              "Startup Cost": 174310.7,
              "Total Cost": 174310.71,
              "Plan Rows": 1,
              "Plan Width": 8,
              "Actual Startup Time": 360.925,
              "Actual Total Time": 360.928,
              "Actual Rows": 1,
              "Actual Loops": 5,
              "Plans": [
                {
                  "Node Type": "Nested Loop",
                  "Parent Relationship": "Outer",
                  "Parallel Aware": false,
                  "Join Type": "Inner",
                  "Startup Cost": 1.0,
                  "Total Cost": 174109.69,
                  "Plan Rows": 80407,
                  "Plan Width": 0,
                  "Actual Startup Time": 50.871,
                  "Actual Total Time": 346.205,
                  "Actual Rows": 295486,
                  "Actual Loops": 5,
                  "Inner Unique": false,
                  "Join Filter": "(t.id = ci.movie_id)",
                  "Rows Removed by Join Filter": 0,
                  "Plans": [
                    {
                      "Node Type": "Nested Loop",
                      "Parent Relationship": "Outer",
                      "Parallel Aware": false,
                      "Join Type": "Inner",
                      "Startup Cost": 0.43,
                      "Total Cost": 163165.07,
                      "Plan Rows": 6234,
                      "Plan Width": 8,
                      "Actual Startup Time": 50.752,
                      "Actual Total Time": 105.288,
                      "Actual Rows": 9763,
                      "Actual Loops": 5,
                      "Inner Unique": false,
                      "Plans": [
                        {
                          "Node Type": "Seq Scan",
                          "Parent Relationship": "Outer",
                          "Parallel Aware": true,
                          "Relation Name": "title",
                          "Alias": "t",
                          "Startup Cost": 0.0,
                          "Total Cost": 45479.59,
                          "Plan Rows": 1062,
                          "Plan Width": 4,
                          "Actual Startup Time": 50.604,
                          "Actual Total Time": 71.668,
                          "Actual Rows": 856,
                          "Actual Loops": 5,
                          "Filter": "((kind_id = 1) AND (production_year = 1978))",
                          "Rows Removed by Filter": 504806
                        },
                        {
                          "Node Type": "Index Only Scan",
                          "Parent Relationship": "Inner",
                          "Parallel Aware": false,
                          "Scan Direction": "Forward",
                          "Index Name": "movie_id_movie_info",
                          "Relation Name": "movie_info",
                          "Alias": "mi",
                          "Startup Cost": 0.43,
                          "Total Cost": 110.4,
                          "Plan Rows": 41,
                          "Plan Width": 4,
                          "Actual Startup Time": 0.013,
                          "Actual Total Time": 0.037,
                          "Actual Rows": 11,
                          "Actual Loops": 4281,
                          "Index Cond": "(movie_id = t.id)",
                          "Rows Removed by Index Recheck": 0,
                          "Heap Fetches": 48815
                        }
                      ]
                    },
                    {
                      "Node Type": "Index Scan",
                      "Parent Relationship": "Inner",
                      "Parallel Aware": false,
                      "Scan Direction": "Forward",
                      "Index Name": "movie_id_cast_info",
                      "Relation Name": "cast_info",
                      "Alias": "ci",
                      "Startup Cost": 0.56,
                      "Total Cost": 1.37,
                      "Plan Rows": 31,
                      "Plan Width": 4,
                      "Actual Startup Time": 0.005,
                      "Actual Total Time": 0.021,
                      "Actual Rows": 30,
                      "Actual Loops": 48815,
                      "Index Cond": "(movie_id = mi.movie_id)",
                      "Rows Removed by Index Recheck": 0,
                      "Filter": "(person_id > 361454)",
                      "Rows Removed by Filter": 5
                    }
                  ]
                }
              ]
            }
          ]
        }
      ]
    },
    "Planning Time": 0.491,
    "Triggers": [],
    "Execution Time": 412.966
  }
]