[
  {
    "Plan": {
      "Node Type": "Aggregate",
      "Strategy": "Plain",
      "Partial Mode": "Finalize",
      "Parallel Aware": false,
      "Startup Cost": 74077.81,
      "Total Cost": 74077.82,
      "Plan Rows": 1,
      "Plan Width": 8,
      "Actual Startup Time": 104.77,
      "Actual Total Time": 116.875,
      "Actual Rows": 1,
      "Actual Loops": 1,
      "Plans": [
        {
          "Node Type": "Gather",
          "Parent Relationship": "Outer",
          "Parallel Aware": false,
          "Startup Cost": 74077.29,
          "Total Cost": 74077.8,
          "Plan Rows": 5,
          "Plan Width": 8,
          "Actual Startup Time": 104.658,
          "Actual Total Time": 116.861,
          "Actual Rows": 6,
          "Actual Loops": 1,
          "Workers Planned": 5,
          "Workers Launched": 5,
          "Single Copy": false,
          "Plans": [
            {
              "Node Type": "Aggregate",
              "Strategy": "Plain",
              "Partial Mode": "Partial",
              "Parent Relationship": "Outer",
              "Parallel Aware": false,
              "Startup Cost": 73077.29,
              "Total Cost": 73077.3,
              "Plan Rows": 1,
              "Plan Width": 8,
              "Actual Startup Time": 99.3,
              "Actual Total Time": 99.301,
              "Actual Rows": 1,
              "Actual Loops": 6,
              "Plans": [
                {
                  "Node Type": "Index Scan",
                  "Parent Relationship": "Outer",
                  "Parallel Aware": true,
                  "Scan Direction": "Forward",
                  "Index Name": "role_id_cast_info",
                  "Relation Name": "cast_info",
                  "Alias": "ci",
                  "Startup Cost": 0.56,
                  "Total Cost": 72913.16,
                  "Plan Rows": 65654,
                  "Plan Width": 0,
                  "Actual Startup Time": 0.085,
                  "Actual Total Time": 96.407,
                  "Actual Rows": 53395,
                  "Actual Loops": 6,
                  "Index Cond": "(role_id = 4)",
                  "Rows Removed by Index Recheck": 0,
                  "Filter": "(person_id < 446861)",
                  "Rows Removed by Filter": 401429
                }
              ]
            }
          ]
        }
      ]
    },
    "Planning Time": 0.231,
    "Triggers": [],
    "Execution Time": 116.939
  }
]