{
  "Plan": {
    "Node Type": "Aggregate",
    "Strategy": "Plain",
    "Partial Mode": "Finalize",
    "Parallel Aware": false,
    "Startup Cost": 408727.2,
    "Total Cost": 408727.21,
    "Plan Rows": 1,
    "Plan Width": 8,
    "Actual Startup Time": 1587.149,
    "Actual Total Time": 1615.898,
    "Actual Rows": 1,
    "Actual Loops": 1,
    "Plans": [
      {
        "Node Type": "Gather",
        "Parent Relationship": "Outer",
        "Parallel Aware": false,
        "Startup Cost": 408727.08,
        "Total Cost": 408727.19,
        "Plan Rows": 1,
        "Plan Width": 8,
        "Actual Startup Time": 1579.692,
        "Actual Total Time": 1615.891,
        "Actual Rows": 2,
        "Actual Loops": 1,
        "Workers Planned": 1,
        "Workers Launched": 1,
        "Single Copy": false,
        "Plans": [
          {
            "Node Type": "Aggregate",
            "Strategy": "Plain",
            "Partial Mode": "Partial",
            "Parent Relationship": "Outer",
            "Parallel Aware": false,
            "Startup Cost": 407727.08,
            "Total Cost": 407727.09,
            "Plan Rows": 1,
            "Plan Width": 8,
            "Actual Startup Time": 1571.408,
            "Actual Total Time": 1571.413,
            "Actual Rows": 1,
            "Actual Loops": 2,
            "Plans": [
              {
                "Node Type": "Hash Join",
                "Parent Relationship": "Outer",
                "Parallel Aware": true,
                "Join Type": "Inner",
                "Startup Cost": 362480.69,
                "Total Cost": 406130.53,
                "Plan Rows": 638620,
                "Plan Width": 0,
                "Actual Startup Time": 998.336,
                "Actual Total Time": 1490.486,
                "Actual Rows": 1954220,
                "Actual Loops": 2,
                "Inner Unique": false,
                "Hash Cond": "(mc.movie_id = t.id)",
                "Plans": [
                  {
                    "Node Type": "Seq Scan",
                    "Parent Relationship": "Outer",
                    "Parallel Aware": true,
                    "Relation Name": "movie_companies",
                    "Alias": "mc",
                    "Startup Cost": 0.0,
                    "Total Cost": 34137.82,
                    "Plan Rows": 1534782,
                    "Plan Width": 4,
                    "Actual Startup Time": 0.016,
                    "Actual Total Time": 99.09,
                    "Actual Rows": 1304564,
                    "Actual Loops": 2
                  },
                  {
                    "Node Type": "Hash",
                    "Parent Relationship": "Inner",
                    "Parallel Aware": true,
                    "Startup Cost": 354745.27,
                    "Total Cost": 354745.27,
                    "Plan Rows": 618834,
                    "Plan Width": 8,
                    "Actual Startup Time": 983.636,
                    "Actual Total Time": 983.64,
                    "Actual Rows": 509447,
                    "Actual Loops": 2,
                    "Hash Buckets": 2097152,
                    "Original Hash Buckets": 2097152,
                    "Hash Batches": 1,
                    "Original Hash Batches": 1,
                    "Peak Memory Usage": 56288,
                    "Plans": [
                      {
                        "Node Type": "Hash Join",
                        "Parent Relationship": "Outer",
                        "Parallel Aware": true,
                        "Join Type": "Inner",
                        "Startup Cost": 92698.4,
                        "Total Cost": 354745.27,
                        "Plan Rows": 618834,
                        "Plan Width": 8,
                        "Actual Startup Time": 555.664,
                        "Actual Total Time": 845.99,
                        "Actual Rows": 509447,
                        "Actual Loops": 2,
                        "Inner Unique": true,
                        "Hash Cond": "(ci.movie_id = t.id)",
                        "Plans": [
                          {
                            "Node Type": "Bitmap Heap Scan",
                            "Parent Relationship": "Outer",
                            "Parallel Aware": true,
                            "Relation Name": "cast_info",
                            "Alias": "ci",
                            "Startup Cost": 23237.7,
                            "Total Cost": 283660.13,
                            "Plan Rows": 618834,
                            "Plan Width": 4,
                            "Actual Startup Time": 36.434,
                            "Actual Total Time": 97.94,
                            "Actual Rows": 509447,
                            "Actual Loops": 2,
                            "Recheck Cond": "(person_id > 3865241)",
                            "Rows Removed by Index Recheck": 0,
                            "Exact Heap Blocks": 7412,
                            "Lossy Heap Blocks": 0,
                            "Plans": [
                              {
                                "Node Type": "Bitmap Index Scan",
                                "Parent Relationship": "Outer",
                                "Parallel Aware": false,
                                "Index Name": "person_id_cast_info",
                                "Startup Cost": 0.0,
                                "Total Cost": 22974.7,
                                "Plan Rows": 1052018,
                                "Plan Width": 0,
                                "Actual Startup Time": 34.273,
                                "Actual Total Time": 34.273,
                                "Actual Rows": 1018894,
                                "Actual Loops": 1,
                                "Index Cond": "(person_id > 3865241)"
                              }
                            ]
                          },
                          {
                            "Node Type": "Hash",
                            "Parent Relationship": "Inner",
                            "Parallel Aware": true,
                            "Startup Cost": 50870.31,
                            "Total Cost": 50870.31,
                            "Plan Rows": 1487231,
                            "Plan Width": 4,
                            "Actual Startup Time": 506.118,
                            "Actual Total Time": 506.118,
                            "Actual Rows": 1264156,
                            "Actual Loops": 2,
                            "Hash Buckets": 4194304,
                            "Original Hash Buckets": 4194304,
                            "Hash Batches": 1,
                            "Original Hash Batches": 1,
                            "Peak Memory Usage": 131712,
                            "Plans": [
                              {
                                "Node Type": "Seq Scan",
                                "Parent Relationship": "Outer",
                                "Parallel Aware": true,
                                "Relation Name": "title",
                                "Alias": "t",
                                "Startup Cost": 0.0,
                                "Total Cost": 50870.31,
                                "Plan Rows": 1487231,
                                "Plan Width": 4,
                                "Actual Startup Time": 0.029,
                                "Actual Total Time": 157.486,
                                "Actual Rows": 1264156,
                                "Actual Loops": 2
                              }
                            ]
                          }
                        ]
                      }
                    ]
                  }
                ]
              }
            ]
          }
        ]
      }
    ]
  },
  "Planning Time": 1.078,
  "Triggers": [],
  "Execution Time": 1615.999
}