[
  {
    "Plan": {
      "Node Type": "Aggregate",
      "Strategy": "Plain",
      "Partial Mode": "Finalize",
      "Parallel Aware": false,
      "Startup Cost": 262519.12,
      "Total Cost": 262519.13,
      "Plan Rows": 1,
      "Plan Width": 8,
      "Actual Startup Time": 145.022,
      "Actual Total Time": 163.576,
      "Actual Rows": 1,
      "Actual Loops": 1,
      "Plans": [
        {
          "Node Type": "Gather",
          "Parent Relationship": "Outer",
          "Parallel Aware": false,
          "Startup Cost": 262518.6,
          "Total Cost": 262519.11,
          "Plan Rows": 5,
          "Plan Width": 8,
          "Actual Startup Time": 144.893,
          "Actual Total Time": 163.568,
          "Actual Rows": 6,
          "Actual Loops": 1,
          "Workers Planned": 5,
          "Workers Launched": 5,
          "Single Copy": false,
          "Plans": [
            {
              "Node Type": "Aggregate",
              "Strategy": "Plain",
              "Partial Mode": "Partial",
              "Parent Relationship": "Outer",
              "Parallel Aware": false,
              "Startup Cost": 261518.6,
              "Total Cost": 261518.61,
              "Plan Rows": 1,
              "Plan Width": 8,
              "Actual Startup Time": 134.388,
              "Actual Total Time": 134.39,
              "Actual Rows": 1,
              "Actual Loops": 6,
              "Plans": [
                {
                  "Node Type": "Nested Loop",
                  "Parent Relationship": "Outer",
                  "Parallel Aware": false,
                  "Join Type": "Inner",
                  "Startup Cost": 3113.42,
                  "Total Cost": 261505.7,
                  "Plan Rows": 5161,
                  "Plan Width": 0,
                  "Actual Startup Time": 9.807,
                  "Actual Total Time": 133.331,
                  "Actual Rows": 9442,
                  "Actual Loops": 6,
                  "Inner Unique": true,
                  "Plans": [
                    {
                      "Node Type": "Bitmap Heap Scan",
                      "Parent Relationship": "Outer",
                      "Parallel Aware": true,
                      "Relation Name": "cast_info",
                      "Alias": "ci",
                      "Startup Cost": 3112.99,
                      "Total Cost": 226617.62,
                      "Plan Rows": 9773,
                      "Plan Width": 4,
                      "Actual Startup Time": 9.402,
                      "Actual Total Time": 15.384,
                      "Actual Rows": 17422,
                      "Actual Loops": 6,
                      "Recheck Cond": "(person_id < 17175)",
                      "Rows Removed by Index Recheck": 0,
                      "Filter": "(role_id = 1)",
                      "Rows Removed by Filter": 6002,
                      "Exact Heap Blocks": 582,
                      "Lossy Heap Blocks": 0,
                      "Plans": [
                        {
                          "Node Type": "Bitmap Index Scan",
                          "Parent Relationship": "Outer",
                          "Parallel Aware": false,
                          "Index Name": "person_id_cast_info",
                          "Startup Cost": 0.0,
                          "Total Cost": 3100.78,
                          "Plan Rows": 141895,
                          "Plan Width": 0,
                          "Actual Startup Time": 18.206,
                          "Actual Total Time": 18.207,
                          "Actual Rows": 140543,
                          "Actual Loops": 1,
                          "Index Cond": "(person_id < 17175)"
                        }
                      ]
                    },
                    {
                      "Node Type": "Index Scan",
                      "Parent Relationship": "Inner",
                      "Parallel Aware": false,
                      "Scan Direction": "Forward",
                      "Index Name": "title_pkey",
                      "Relation Name": "title",
                      "Alias": "t",
                      "Startup Cost": 0.43,
                      "Total Cost": 3.57,
                      "Plan Rows": 1,
                      "Plan Width": 4,
                      "Actual Startup Time": 0.006,
                      "Actual Total Time": 0.006,
                      "Actual Rows": 1,
                      "Actual Loops": 104531,
                      "Index Cond": "(id = ci.movie_id)",
                      "Rows Removed by Index Recheck": 0,
                      "Filter": "(production_year > 2001)",
                      "Rows Removed by Filter": 0
                    }
                  ]
                }
              ]
            }
          ]
        }
      ]
    },
    "Planning Time": 0.687,
    "Triggers": [],
    "Execution Time": 163.671
  }
]