{
  "Plan": {
    "Node Type": "Aggregate",
    "Strategy": "Plain",
    "Partial Mode": "Finalize",
    "Parallel Aware": false,
    "Startup Cost": 1796858.49,
    "Total Cost": 1796858.5,
    "Plan Rows": 1,
    "Plan Width": 8,
    "Actual Startup Time": 8797.759,
    "Actual Total Time": 8807.709,
    "Actual Rows": 1,
    "Actual Loops": 1,
    "Plans": [
      {
        "Node Type": "Gather",
        "Parent Relationship": "Outer",
        "Parallel Aware": false,
        "Startup Cost": 1796858.37,
        "Total Cost": 1796858.48,
        "Plan Rows": 1,
        "Plan Width": 8,
        "Actual Startup Time": 8797.748,
        "Actual Total Time": 8807.703,
        "Actual Rows": 2,
        "Actual Loops": 1,
        "Workers Planned": 1,
        "Workers Launched": 1,
        "Single Copy": false,
        "Plans": [
          {
            "Node Type": "Aggregate",
            "Strategy": "Plain",
            "Partial Mode": "Partial",
            "Parent Relationship": "Outer",
            "Parallel Aware": false,
            "Startup Cost": 1795858.37,
            "Total Cost": 1795858.38,
            "Plan Rows": 1,
            "Plan Width": 8,
            "Actual Startup Time": 8739.306,
            "Actual Total Time": 8739.312,
            "Actual Rows": 1,
            "Actual Loops": 2,
            "Plans": [
              {
                "Node Type": "Merge Join",
                "Parent Relationship": "Outer",
                "Parallel Aware": false,
                "Join Type": "Inner",
                "Startup Cost": 1652039.85,
                "Total Cost": 1778436.65,
                "Plan Rows": 6968690,
                "Plan Width": 0,
                "Actual Startup Time": 5928.699,
                "Actual Total Time": 8322.86,
                "Actual Rows": 11216044,
                "Actual Loops": 2,
                "Inner Unique": false,
                "Merge Cond": "(t.id = ci.movie_id)",
                "Plans": [
                  {
                    "Node Type": "Sort",
                    "Parent Relationship": "Outer",
                    "Parallel Aware": false,
                    "Startup Cost": 818602.15,
                    "Total Cost": 829545.84,
                    "Plan Rows": 4377478,
                    "Plan Width": 8,
                    "Actual Startup Time": 4242.278,
                    "Actual Total Time": 4448.778,
                    "Actual Rows": 3153248,
                    "Actual Loops": 2,
                    "Sort Key": [
                      "t.id"
                    ],
                    "Sort Method": "quicksort",
                    "Sort Space Used": 248803,
                    "Sort Space Type": "Memory",
                    "Workers": [
                      {
                        "Worker Number": 0,
                        "Sort Method": "quicksort",
                        "Sort Space Used": 243430,
                        "Sort Space Type": "Memory"
                      }
                    ],
                    "Plans": [
                      {
                        "Node Type": "Hash Join",
                        "Parent Relationship": "Outer",
                        "Parallel Aware": true,
                        "Join Type": "Inner",
                        "Startup Cost": 63946.31,
                        "Total Cost": 335729.8,
                        "Plan Rows": 4377478,
                        "Plan Width": 8,
                        "Actual Startup Time": 567.848,
                        "Actual Total Time": 3466.579,
                        "Actual Rows": 3153326,
                        "Actual Loops": 2,
                        "Inner Unique": true,
                        "Hash Cond": "(mi.movie_id = t.id)",
                        "Plans": [
                          {
                            "Node Type": "Seq Scan",
                            "Parent Relationship": "Outer",
                            "Parallel Aware": true,
                            "Relation Name": "movie_info",
                            "Alias": "mi",
                            "Startup Cost": 0.0,
                            "Total Cost": 248955.74,
                            "Plan Rows": 8696274,
                            "Plan Width": 4,
                            "Actual Startup Time": 0.02,
                            "Actual Total Time": 763.518,
                            "Actual Rows": 7417860,
                            "Actual Loops": 2
                          },
                          {
                            "Node Type": "Hash",
                            "Parent Relationship": "Inner",
                            "Parallel Aware": true,
                            "Startup Cost": 54588.39,
                            "Total Cost": 54588.39,
                            "Plan Rows": 748634,
                            "Plan Width": 4,
                            "Actual Startup Time": 553.783,
                            "Actual Total Time": 553.784,
                            "Actual Rows": 630148,
                            "Actual Loops": 2,
                            "Hash Buckets": 2097152,
                            "Original Hash Buckets": 2097152,
                            "Hash Batches": 1,
                            "Original Hash Batches": 1,
                            "Peak Memory Usage": 65728,
                            "Plans": [
                              {
                                "Node Type": "Seq Scan",
                                "Parent Relationship": "Outer",
                                "Parallel Aware": true,
                                "Relation Name": "title",
                                "Alias": "t",
                                "Startup Cost": 0.0,
                                "Total Cost": 54588.39,
                                "Plan Rows": 748634,
                                "Plan Width": 4,
                                "Actual Startup Time": 0.049,
                                "Actual Total Time": 267.675,
                                "Actual Rows": 630148,
                                "Actual Loops": 2,
                                "Filter": "(production_year > 2002)",
                                "Rows Removed by Filter": 634008
                              }
                            ]
                          }
                        ]
                      }
                    ]
                  },
                  {
                    "Node Type": "Sort",
                    "Parent Relationship": "Inner",
                    "Parallel Aware": false,
                    "Startup Cost": 833437.13,
                    "Total Cost": 843499.37,
                    "Plan Rows": 4024895,
                    "Plan Width": 4,
                    "Actual Startup Time": 1686.401,
                    "Actual Total Time": 2488.107,
                    "Actual Rows": 13776188,
                    "Actual Loops": 2,
                    "Sort Key": [
                      "ci.movie_id"
                    ],
                    "Sort Method": "quicksort",
                    "Sort Space Used": 293220,
                    "Sort Space Type": "Memory",
                    "Workers": [
                      {
                        "Worker Number": 0,
                        "Sort Method": "quicksort",
                        "Sort Space Used": 293220,
                        "Sort Space Type": "Memory"
                      }
                    ],
                    "Plans": [
                      {
                        "Node Type": "Bitmap Heap Scan",
                        "Parent Relationship": "Outer",
                        "Parallel Aware": false,
                        "Relation Name": "cast_info",
                        "Alias": "ci",
                        "Startup Cost": 88897.5,
                        "Total Cost": 391895.69,
                        "Plan Rows": 4024895,
                        "Plan Width": 4,
                        "Actual Startup Time": 142.494,
                        "Actual Total Time": 604.653,
                        "Actual Rows": 4158194,
                        "Actual Loops": 2,
                        "Recheck Cond": "(person_id < 399707)",
                        "Rows Removed by Index Recheck": 0,
                        "Exact Heap Blocks": 43259,
                        "Lossy Heap Blocks": 0,
                        "Plans": [
                          {
                            "Node Type": "Bitmap Index Scan",
                            "Parent Relationship": "Outer",
                            "Parallel Aware": false,
                            "Index Name": "person_id_cast_info",
                            "Startup Cost": 0.0,
                            "Total Cost": 87891.28,
                            "Plan Rows": 4024895,
                            "Plan Width": 0,
                            "Actual Startup Time": 136.701,
                            "Actual Total Time": 136.701,
                            "Actual Rows": 4158194,
                            "Actual Loops": 2,
                            "Index Cond": "(person_id < 399707)"
                          }
                        ]
                      }
                    ]
                  }
                ]
              }
            ]
          }
        ]
      }
    ]
  },
  "Planning Time": 0.679,
  "Triggers": [],
  "Execution Time": 8838.06
}