{
  "Plan": {
    "Node Type": "Aggregate",
    "Strategy": "Plain",
    "Partial Mode": "Finalize",
    "Parallel Aware": false,
    "Startup Cost": 453402.67,
    "Total Cost": 453402.68,
    "Plan Rows": 1,
    "Plan Width": 8,
    "Actual Startup Time": 4835.377,
    "Actual Total Time": 4888.661,
    "Actual Rows": 1,
    "Actual Loops": 1,
    "Plans": [
      {
        "Node Type": "Gather",
        "Parent Relationship": "Outer",
        "Parallel Aware": false,
        "Startup Cost": 453402.56,
        "Total Cost": 453402.67,
        "Plan Rows": 1,
        "Plan Width": 8,
        "Actual Startup Time": 4829.229,
        "Actual Total Time": 4888.649,
        "Actual Rows": 2,
        "Actual Loops": 1,
        "Workers Planned": 1,
        "Workers Launched": 1,
        "Single Copy": false,
        "Plans": [
          {
            "Node Type": "Aggregate",
            "Strategy": "Plain",
            "Partial Mode": "Partial",
            "Parent Relationship": "Outer",
            "Parallel Aware": false,
            "Startup Cost": 452402.56,
            "Total Cost": 452402.57,
            "Plan Rows": 1,
            "Plan Width": 8,
            "Actual Startup Time": 4822.2,
            "Actual Total Time": 4823.238,
            "Actual Rows": 1,
            "Actual Loops": 2,
            "Plans": [
              {
                "Node Type": "Hash Join",
                "Parent Relationship": "Outer",
                "Parallel Aware": true,
                "Join Type": "Inner",
                "Startup Cost": 118506.85,
                "Total Cost": 442528.57,
                "Plan Rows": 3949597,
                "Plan Width": 0,
                "Actual Startup Time": 1112.151,
                "Actual Total Time": 4263.519,
                "Actual Rows": 14652574,
                "Actual Loops": 2,
                "Inner Unique": false,
                "Hash Cond": "(mi.movie_id = t.id)",
                "Plans": [
                  {
                    "Node Type": "Seq Scan",
                    "Parent Relationship": "Outer",
                    "Parallel Aware": true,
                    "Relation Name": "movie_info",
                    "Alias": "mi",
                    "Startup Cost": 0.0,
                    "Total Cost": 270696.42,
                    "Plan Rows": 8024631,
                    "Plan Width": 4,
                    "Actual Startup Time": 0.02,
                    "Actual Total Time": 820.862,
                    "Actual Rows": 6869968,
                    "Actual Loops": 2,
                    "Filter": "(info_type_id < 67)",
                    "Rows Removed by Filter": 547892
                  },
                  {
                    "Node Type": "Hash",
                    "Parent Relationship": "Inner",
                    "Parallel Aware": true,
                    "Startup Cost": 109356.95,
                    "Total Cost": 109356.95,
                    "Plan Rows": 731992,
                    "Plan Width": 8,
                    "Actual Startup Time": 1096.949,
                    "Actual Total Time": 1097.984,
                    "Actual Rows": 617927,
                    "Actual Loops": 2,
                    "Hash Buckets": 2097152,
                    "Original Hash Buckets": 2097152,
                    "Hash Batches": 1,
                    "Original Hash Batches": 1,
                    "Peak Memory Usage": 64768,
                    "Plans": [
                      {
                        "Node Type": "Hash Join",
                        "Parent Relationship": "Outer",
                        "Parallel Aware": true,
                        "Join Type": "Inner",
                        "Startup Cost": 69460.7,
                        "Total Cost": 109356.95,
                        "Plan Rows": 731992,
                        "Plan Width": 8,
                        "Actual Startup Time": 563.793,
                        "Actual Total Time": 927.324,
                        "Actual Rows": 617927,
                        "Actual Loops": 2,
                        "Inner Unique": true,
                        "Hash Cond": "(mc.movie_id = t.id)",
                        "Plans": [
                          {
                            "Node Type": "Seq Scan",
                            "Parent Relationship": "Outer",
                            "Parallel Aware": true,
                            "Relation Name": "movie_companies",
                            "Alias": "mc",
                            "Startup Cost": 0.0,
                            "Total Cost": 37974.77,
                            "Plan Rows": 731992,
                            "Plan Width": 4,
                            "Actual Startup Time": 0.025,
                            "Actual Total Time": 123.474,
                            "Actual Rows": 617927,
                            "Actual Loops": 2,
                            "Filter": "(company_id < 11146)",
                            "Rows Removed by Filter": 686638
                          },
                          {
                            "Node Type": "Hash",
                            "Parent Relationship": "Inner",
                            "Parallel Aware": true,
                            "Startup Cost": 50870.31,
                            "Total Cost": 50870.31,
                            "Plan Rows": 1487231,
                            "Plan Width": 4,
                            "Actual Startup Time": 551.159,
                            "Actual Total Time": 551.161,
                            "Actual Rows": 1264156,
                            "Actual Loops": 2,
                            "Hash Buckets": 4194304,
                            "Original Hash Buckets": 4194304,
                            "Hash Batches": 1,
                            "Original Hash Batches": 1,
                            "Peak Memory Usage": 131712,
                            "Plans": [
                              {
                                "Node Type": "Seq Scan",
                                "Parent Relationship": "Outer",
                                "Parallel Aware": true,
                                "Relation Name": "title",
                                "Alias": "t",
                                "Startup Cost": 0.0,
                                "Total Cost": 50870.31,
                                "Plan Rows": 1487231,
                                "Plan Width": 4,
                                "Actual Startup Time": 0.044,
                                "Actual Total Time": 161.291,
                                "Actual Rows": 1264156,
                                "Actual Loops": 2
                              }
                            ]
                          }
                        ]
                      }
                    ]
                  }
                ]
              }
            ]
          }
        ]
      }
    ]
  },
  "Planning Time": 1.088,
  "Triggers": [],
  "Execution Time": 4888.756
}