[
  {
    "Plan": {
      "Node Type": "Aggregate",
      "Strategy": "Plain",
      "Partial Mode": "Finalize",
      "Parallel Aware": false,
      "Startup Cost": 46196.19,
      "Total Cost": 46196.2,
      "Plan Rows": 1,
      "Plan Width": 8,
      "Actual Startup Time": 115.526,
      "Actual Total Time": 128.775,
      "Actual Rows": 1,
      "Actual Loops": 1,
      "Plans": [
        {
          "Node Type": "Gather",
          "Parent Relationship": "Outer",
          "Parallel Aware": false,
          "Startup Cost": 46195.77,
          "Total Cost": 46196.18,
          "Plan Rows": 4,
          "Plan Width": 8,
          "Actual Startup Time": 115.341,
          "Actual Total Time": 128.76,
          "Actual Rows": 5,
          "Actual Loops": 1,
          "Workers Planned": 4,
          "Workers Launched": 4,
          "Single Copy": false,
          "Plans": [
            {
              "Node Type": "Aggregate",
              "Strategy": "Plain",
              "Partial Mode": "Partial",
              "Parent Relationship": "Outer",
              "Parallel Aware": false,
              "Startup Cost": 45195.77,
              "Total Cost": 45195.78,
              "Plan Rows": 1,
              "Plan Width": 8,
              "Actual Startup Time": 109.927,
              "Actual Total Time": 109.929,
              "Actual Rows": 1,
              "Actual Loops": 5,
              "Plans": [
                {
                  "Node Type": "Seq Scan",
                  "Parent Relationship": "Outer",
                  "Parallel Aware": true,
                  "Relation Name": "title",
                  "Alias": "t",
                  "Startup Cost": 0.0,
                  "Total Cost": 43899.32,
                  "Plan Rows": 518580,
                  "Plan Width": 0,
                  "Actual Startup Time": 0.025,
                  "Actual Total Time": 91.058,
                  "Actual Rows": 412069,
                  "Actual Loops": 5,
                  "Filter": "(production_year > 1971)",
                  "Rows Removed by Filter": 93593
                }
              ]
            }
          ]
        }
      ]
    },
    "Planning Time": 0.156,
    "Triggers": [],
    "Execution Time": 128.833
  }
]