[
  {
    "Plan": {
      "Node Type": "Aggregate",
      "Strategy": "Plain",
      "Partial Mode": "Finalize",
      "Parallel Aware": false,
      "Startup Cost": 46881.87,
      "Total Cost": 46881.88,
      "Plan Rows": 1,
      "Plan Width": 8,
      "Actual Startup Time": 172.713,
      "Actual Total Time": 182.657,
      "Actual Rows": 1,
      "Actual Loops": 1,
      "Plans": [
        {
          "Node Type": "Gather",
          "Parent Relationship": "Outer",
          "Parallel Aware": false,
          "Startup Cost": 46881.56,
          "Total Cost": 46881.87,
          "Plan Rows": 3,
          "Plan Width": 8,
          "Actual Startup Time": 172.582,
          "Actual Total Time": 182.648,
          "Actual Rows": 4,
          "Actual Loops": 1,
          "Workers Planned": 3,
          "Workers Launched": 3,
          "Single Copy": false,
          "Plans": [
            {
              "Node Type": "Aggregate",
              "Strategy": "Plain",
              "Partial Mode": "Partial",
              "Parent Relationship": "Outer",
              "Parallel Aware": false,
              "Startup Cost": 45881.56,
              "Total Cost": 45881.57,
              "Plan Rows": 1,
              "Plan Width": 8,
              "Actual Startup Time": 165.607,
              "Actual Total Time": 165.608,
              "Actual Rows": 1,
              "Actual Loops": 4,
              "Plans": [
                {
                  "Node Type": "Seq Scan",
                  "Parent Relationship": "Outer",
                  "Parallel Aware": true,
                  "Relation Name": "movie_keyword",
                  "Alias": "mk",
                  "Startup Cost": 0.0,
                  "Total Cost": 42695.65,
                  "Plan Rows": 1274361,
                  "Plan Width": 0,
                  "Actual Startup Time": 0.069,
                  "Actual Total Time": 122.114,
                  "Actual Rows": 990533,
                  "Actual Loops": 4,
                  "Filter": "(keyword_id < 32700)",
                  "Rows Removed by Filter": 140450
                }
              ]
            }
          ]
        }
      ]
    },
    "Planning Time": 0.179,
    "Triggers": [],
    "Execution Time": 182.712
  }
]