[
  {
    "Plan": {
      "Node Type": "Aggregate",
      "Strategy": "Plain",
      "Partial Mode": "Finalize",
      "Parallel Aware": false,
      "Startup Cost": 31478.7,
      "Total Cost": 31478.71,
      "Plan Rows": 1,
      "Plan Width": 8,
      "Actual Startup Time": 109.625,
      "Actual Total Time": 117.132,
      "Actual Rows": 1,
      "Actual Loops": 1,
      "Plans": [
        {
          "Node Type": "Gather",
          "Parent Relationship": "Outer",
          "Parallel Aware": false,
          "Startup Cost": 31478.39,
          "Total Cost": 31478.7,
          "Plan Rows": 3,
          "Plan Width": 8,
          "Actual Startup Time": 109.369,
          "Actual Total Time": 117.124,
          "Actual Rows": 4,
          "Actual Loops": 1,
          "Workers Planned": 3,
          "Workers Launched": 3,
          "Single Copy": false,
          "Plans": [
            {
              "Node Type": "Aggregate",
              "Strategy": "Plain",
              "Partial Mode": "Partial",
              "Parent Relationship": "Outer",
              "Parallel Aware": false,
              "Startup Cost": 30478.39,
              "Total Cost": 30478.4,
              "Plan Rows": 1,
              "Plan Width": 8,
              "Actual Startup Time": 100.76,
              "Actual Total Time": 100.761,
              "Actual Rows": 1,
              "Actual Loops": 4,
              "Plans": [
                {
                  "Node Type": "Seq Scan",
                  "Parent Relationship": "Outer",
                  "Parallel Aware": true,
                  "Relation Name": "movie_companies",
                  "Alias": "mc",
                  "Startup Cost": 0.0,
                  "Total Cost": 29310.68,
                  "Plan Rows": 467082,
                  "Plan Width": 0,
                  "Actual Startup Time": 11.073,
                  "Actual Total Time": 83.353,
                  "Actual Rows": 359058,
                  "Actual Loops": 4,
                  "Filter": "(company_id > 9884)",
                  "Rows Removed by Filter": 293224
                }
              ]
            }
          ]
        }
      ]
    },
    "Planning Time": 0.194,
    "Triggers": [],
    "Execution Time": 117.176
  }
]