[
  {
    "Plan": {
      "Node Type": "Aggregate",
      "Strategy": "Plain",
      "Partial Mode": "Finalize",
      "Parallel Aware": false,
      "Startup Cost": 44976.67,
      "Total Cost": 44976.68,
      "Plan Rows": 1,
      "Plan Width": 8,
      "Actual Startup Time": 88.061,
      "Actual Total Time": 100.013,
      "Actual Rows": 1,
      "Actual Loops": 1,
      "Plans": [
        {
          "Node Type": "Gather",
          "Parent Relationship": "Outer",
          "Parallel Aware": false,
          "Startup Cost": 44976.25,
          "Total Cost": 44976.66,
          "Plan Rows": 4,
          "Plan Width": 8,
          "Actual Startup Time": 87.891,
          "Actual Total Time": 100.003,
          "Actual Rows": 5,
          "Actual Loops": 1,
          "Workers Planned": 4,
          "Workers Launched": 4,
          "Single Copy": false,
          "Plans": [
            {
              "Node Type": "Aggregate",
              "Strategy": "Plain",
              "Partial Mode": "Partial",
              "Parent Relationship": "Outer",
              "Parallel Aware": false,
              "Startup Cost": 43976.25,
              "Total Cost": 43976.26,
              "Plan Rows": 1,
              "Plan Width": 8,
              "Actual Startup Time": 82.242,
              "Actual Total Time": 82.243,
              "Actual Rows": 1,
              "Actual Loops": 5,
              "Plans": [
                {
                  "Node Type": "Seq Scan",
                  "Parent Relationship": "Outer",
                  "Parallel Aware": true,
                  "Relation Name": "title",
                  "Alias": "t",
                  "Startup Cost": 0.0,
                  "Total Cost": 43899.32,
                  "Plan Rows": 30770,
                  "Plan Width": 0,
                  "Actual Startup Time": 21.687,
                  "Actual Total Time": 80.786,
                  "Actual Rows": 26625,
                  "Actual Loops": 5,
                  "Filter": "(production_year < 1937)",
                  "Rows Removed by Filter": 479038
                }
              ]
            }
          ]
        }
      ]
    },
    "Planning Time": 0.085,
    "Triggers": [],
    "Execution Time": 100.05
  }
]