[
  {
    "Plan": {
      "Node Type": "Aggregate",
      "Strategy": "Plain",
      "Partial Mode": "Finalize",
      "Parallel Aware": false,
      "Startup Cost": 95045.95,
      "Total Cost": 95045.96,
      "Plan Rows": 1,
      "Plan Width": 8,
      "Actual Startup Time": 363.901,
      "Actual Total Time": 379.942,
      "Actual Rows": 1,
      "Actual Loops": 1,
      "Plans": [
        {
          "Node Type": "Gather",
          "Parent Relationship": "Outer",
          "Parallel Aware": false,
          "Startup Cost": 95045.63,
          "Total Cost": 95045.94,
          "Plan Rows": 3,
          "Plan Width": 8,
          "Actual Startup Time": 361.65,
          "Actual Total Time": 379.935,
          "Actual Rows": 4,
          "Actual Loops": 1,
          "Workers Planned": 3,
          "Workers Launched": 3,
          "Single Copy": false,
          "Plans": [
            {
              "Node Type": "Aggregate",
              "Strategy": "Plain",
              "Partial Mode": "Partial",
              "Parent Relationship": "Outer",
              "Parallel Aware": false,
              "Startup Cost": 94045.63,
              "Total Cost": 94045.64,
              "Plan Rows": 1,
              "Plan Width": 8,
              "Actual Startup Time": 352.723,
              "Actual Total Time": 352.725,
              "Actual Rows": 1,
              "Actual Loops": 4,
              "Plans": [
                {
                  "Node Type": "Hash Join",
                  "Parent Relationship": "Outer",
                  "Parallel Aware": true,
                  "Join Type": "Inner",
                  "Startup Cost": 47001.57,
                  "Total Cost": 93371.36,
                  "Plan Rows": 269710,
                  "Plan Width": 0,
                  "Actual Startup Time": 130.843,
                  "Actual Total Time": 340.271,
                  "Actual Rows": 312959,
                  "Actual Loops": 4,
                  "Inner Unique": true,
                  "Hash Cond": "(mk.movie_id = t.id)",
                  "Plans": [
                    {
                      "Node Type": "Seq Scan",
                      "Parent Relationship": "Outer",
                      "Parallel Aware": true,
                      "Relation Name": "movie_keyword",
                      "Alias": "mk",
                      "Startup Cost": 0.0,
                      "Total Cost": 42695.65,
                      "Plan Rows": 1399664,
                      "Plan Width": 4,
                      "Actual Startup Time": 0.026,
                      "Actual Total Time": 109.486,
                      "Actual Rows": 1084492,
                      "Actual Loops": 4,
                      "Filter": "(keyword_id < 71480)",
                      "Rows Removed by Filter": 46490
                    },
                    {
                      "Node Type": "Hash",
                      "Parent Relationship": "Inner",
                      "Parallel Aware": true,
                      "Startup Cost": 45479.1,
                      "Total Cost": 45479.1,
                      "Plan Rows": 121798,
                      "Plan Width": 4,
                      "Actual Startup Time": 127.259,
                      "Actual Total Time": 127.26,
                      "Actual Rows": 95051,
                      "Actual Loops": 4,
                      "Hash Buckets": 524288,
                      "Original Hash Buckets": 524288,
                      "Hash Batches": 1,
                      "Original Hash Batches": 1,
                      "Peak Memory Usage": 19008,
                      "Plans": [
                        {
                          "Node Type": "Seq Scan",
                          "Parent Relationship": "Outer",
                          "Parallel Aware": true,
                          "Relation Name": "title",
                          "Alias": "t",
                          "Startup Cost": 0.0,
                          "Total Cost": 45479.1,
                          "Plan Rows": 121798,
                          "Plan Width": 4,
                          "Actual Startup Time": 0.045,
                          "Actual Total Time": 96.741,
                          "Actual Rows": 95051,
                          "Actual Loops": 4,
                          "Filter": "((kind_id < 4) AND (production_year > 1999))",
                          "Rows Removed by Filter": 537027
                        }
                      ]
                    }
                  ]
                }
              ]
            }
          ]
        }
      ]
    },
    "Planning Time": 0.603,
    "Triggers": [],
    "Execution Time": 380.009
  }
]