[
  {
    "Plan": {
      "Node Type": "Aggregate",
      "Strategy": "Plain",
      "Partial Mode": "Finalize",
      "Parallel Aware": false,
      "Startup Cost": 45983.51,
      "Total Cost": 45983.52,
      "Plan Rows": 1,
      "Plan Width": 8,
      "Actual Startup Time": 162.508,
      "Actual Total Time": 172.298,
      "Actual Rows": 1,
      "Actual Loops": 1,
      "Plans": [
        {
          "Node Type": "Gather",
          "Parent Relationship": "Outer",
          "Parallel Aware": false,
          "Startup Cost": 45983.19,
          "Total Cost": 45983.5,
          "Plan Rows": 3,
          "Plan Width": 8,
          "Actual Startup Time": 162.26,
          "Actual Total Time": 172.29,
          "Actual Rows": 4,
          "Actual Loops": 1,
          "Workers Planned": 3,
          "Workers Launched": 3,
          "Single Copy": false,
          "Plans": [
            {
              "Node Type": "Aggregate",
              "Strategy": "Plain",
              "Partial Mode": "Partial",
              "Parent Relationship": "Outer",
              "Parallel Aware": false,
              "Startup Cost": 44983.19,
              "Total Cost": 44983.2,
              "Plan Rows": 1,
              "Plan Width": 8,
              "Actual Startup Time": 153.82,
              "Actual Total Time": 153.821,
              "Actual Rows": 1,
              "Actual Loops": 4,
              "Plans": [
                {
                  "Node Type": "Seq Scan",
                  "Parent Relationship": "Outer",
                  "Parallel Aware": true,
                  "Relation Name": "movie_keyword",
                  "Alias": "mk",
                  "Startup Cost": 0.0,
                  "Total Cost": 42695.65,
                  "Plan Rows": 915015,
                  "Plan Width": 0,
                  "Actual Startup Time": 0.443,
                  "Actual Total Time": 121.221,
                  "Actual Rows": 703917,
                  "Actual Loops": 4,
                  "Filter": "(keyword_id > 2698)",
                  "Rows Removed by Filter": 427066
                }
              ]
            }
          ]
        }
      ]
    },
    "Planning Time": 0.155,
    "Triggers": [],
    "Execution Time": 172.347
  }
]