{
  "Plan": {
    "Node Type": "Aggregate",
    "Strategy": "Plain",
    "Partial Mode": "Finalize",
    "Parallel Aware": false,
    "Startup Cost": 534397.53,
    "Total Cost": 534397.54,
    "Plan Rows": 1,
    "Plan Width": 8,
    "Actual Startup Time": 2793.329,
    "Actual Total Time": 2828.26,
    "Actual Rows": 1,
    "Actual Loops": 1,
    "Plans": [
      {
        "Node Type": "Gather",
        "Parent Relationship": "Outer",
        "Parallel Aware": false,
        "Startup Cost": 534397.41,
        "Total Cost": 534397.52,
        "Plan Rows": 1,
        "Plan Width": 8,
        "Actual Startup Time": 2789.346,
        "Actual Total Time": 2828.252,
        "Actual Rows": 2,
        "Actual Loops": 1,
        "Workers Planned": 1,
        "Workers Launched": 1,
        "Single Copy": false,
        "Plans": [
          {
            "Node Type": "Aggregate",
            "Strategy": "Plain",
            "Partial Mode": "Partial",
            "Parent Relationship": "Outer",
            "Parallel Aware": false,
            "Startup Cost": 533397.41,
            "Total Cost": 533397.42,
            "Plan Rows": 1,
            "Plan Width": 8,
            "Actual Startup Time": 2781.003,
            "Actual Total Time": 2781.007,
            "Actual Rows": 1,
            "Actual Loops": 2,
            "Plans": [
              {
                "Node Type": "Hash Join",
                "Parent Relationship": "Outer",
                "Parallel Aware": true,
                "Join Type": "Inner",
                "Startup Cost": 214583.53,
                "Total Cost": 526101.3,
                "Plan Rows": 2918445,
                "Plan Width": 0,
                "Actual Startup Time": 979.332,
                "Actual Total Time": 2655.822,
                "Actual Rows": 2688224,
                "Actual Loops": 2,
                "Inner Unique": true,
                "Hash Cond": "(ci.movie_id = t.id)",
                "Plans": [
                  {
                    "Node Type": "Bitmap Heap Scan",
                    "Parent Relationship": "Outer",
                    "Parallel Aware": true,
                    "Relation Name": "cast_info",
                    "Alias": "ci",
                    "Startup Cost": 146046.53,
                    "Total Cost": 447353.98,
                    "Plan Rows": 3889636,
                    "Plan Width": 4,
                    "Actual Startup Time": 498.606,
                    "Actual Total Time": 889.803,
                    "Actual Rows": 3224496,
                    "Actual Loops": 2,
                    "Recheck Cond": "(person_id > 3010928)",
                    "Rows Removed by Index Recheck": 0,
                    "Exact Heap Blocks": 47061,
                    "Lossy Heap Blocks": 0,
                    "Plans": [
                      {
                        "Node Type": "Bitmap Index Scan",
                        "Parent Relationship": "Outer",
                        "Parallel Aware": false,
                        "Index Name": "person_id_cast_info",
                        "Startup Cost": 0.0,
                        "Total Cost": 144393.43,
                        "Plan Rows": 6612382,
                        "Plan Width": 0,
                        "Actual Startup Time": 474.202,
                        "Actual Total Time": 474.203,
                        "Actual Rows": 6448993,
                        "Actual Loops": 1,
                        "Index Cond": "(person_id > 3010928)"
                      }
                    ]
                  },
                  {
                    "Node Type": "Hash",
                    "Parent Relationship": "Inner",
                    "Parallel Aware": true,
                    "Startup Cost": 54588.39,
                    "Total Cost": 54588.39,
                    "Plan Rows": 1115889,
                    "Plan Width": 4,
                    "Actual Startup Time": 465.858,
                    "Actual Total Time": 465.858,
                    "Actual Rows": 943884,
                    "Actual Loops": 2,
                    "Hash Buckets": 2097152,
                    "Original Hash Buckets": 2097152,
                    "Hash Batches": 1,
                    "Original Hash Batches": 1,
                    "Peak Memory Usage": 90272,
                    "Plans": [
                      {
                        "Node Type": "Seq Scan",
                        "Parent Relationship": "Outer",
                        "Parallel Aware": true,
                        "Relation Name": "title",
                        "Alias": "t",
                        "Startup Cost": 0.0,
                        "Total Cost": 54588.39,
                        "Plan Rows": 1115889,
                        "Plan Width": 4,
                        "Actual Startup Time": 0.031,
                        "Actual Total Time": 204.673,
                        "Actual Rows": 943884,
                        "Actual Loops": 2,
                        "Filter": "(production_year > 1983)",
                        "Rows Removed by Filter": 320272
                      }
                    ]
                  }
                ]
              }
            ]
          }
        ]
      }
    ]
  },
  "Planning Time": 0.719,
  "Triggers": [],
  "Execution Time": 2828.382
}