[
  {
    "Plan": {
      "Node Type": "Aggregate",
      "Strategy": "Plain",
      "Partial Mode": "Finalize",
      "Parallel Aware": false,
      "Startup Cost": 99448.54,
      "Total Cost": 99448.55,
      "Plan Rows": 1,
      "Plan Width": 8,
      "Actual Startup Time": 655.432,
      "Actual Total Time": 673.846,
      "Actual Rows": 1,
      "Actual Loops": 1,
      "Plans": [
        {
          "Node Type": "Gather",
          "Parent Relationship": "Outer",
          "Parallel Aware": false,
          "Startup Cost": 99448.32,
          "Total Cost": 99448.53,
          "Plan Rows": 2,
          "Plan Width": 8,
          "Actual Startup Time": 650.878,
          "Actual Total Time": 673.834,
          "Actual Rows": 3,
          "Actual Loops": 1,
          "Workers Planned": 2,
          "Workers Launched": 2,
          "Single Copy": false,
          "Plans": [
            {
              "Node Type": "Aggregate",
              "Strategy": "Plain",
              "Partial Mode": "Partial",
              "Parent Relationship": "Outer",
              "Parallel Aware": false,
              "Startup Cost": 98448.32,
              "Total Cost": 98448.33,
              "Plan Rows": 1,
              "Plan Width": 8,
              "Actual Startup Time": 643.275,
              "Actual Total Time": 643.479,
              "Actual Rows": 1,
              "Actual Loops": 3,
              "Plans": [
                {
                  "Node Type": "Hash Join",
                  "Parent Relationship": "Outer",
                  "Parallel Aware": true,
                  "Join Type": "Inner",
                  "Startup Cost": 81893.03,
                  "Total Cost": 98091.4,
                  "Plan Rows": 142768,
                  "Plan Width": 0,
                  "Actual Startup Time": 542.982,
                  "Actual Total Time": 631.567,
                  "Actual Rows": 223520,
                  "Actual Loops": 3,
                  "Inner Unique": false,
                  "Hash Cond": "(mi_idx.movie_id = t.id)",
                  "Plans": [
                    {
                      "Node Type": "Seq Scan",
                      "Parent Relationship": "Outer",
                      "Parallel Aware": true,
                      "Relation Name": "movie_info_idx",
                      "Alias": "mi_idx",
                      "Startup Cost": 0.0,
                      "Total Cost": 13685.15,
                      "Plan Rows": 575015,
                      "Plan Width": 4,
                      "Actual Startup Time": 0.059,
                      "Actual Total Time": 45.174,
                      "Actual Rows": 460012,
                      "Actual Loops": 3
                    },
                    {
                      "Node Type": "Hash",
                      "Parent Relationship": "Inner",
                      "Parallel Aware": true,
                      "Startup Cost": 79931.36,
                      "Total Cost": 79931.36,
                      "Plan Rows": 156934,
                      "Plan Width": 8,
                      "Actual Startup Time": 494.309,
                      "Actual Total Time": 494.512,
                      "Actual Rows": 125859,
                      "Actual Loops": 3,
                      "Hash Buckets": 1048576,
                      "Original Hash Buckets": 1048576,
                      "Hash Batches": 1,
                      "Original Hash Batches": 1,
                      "Peak Memory Usage": 23040,
                      "Plans": [
                        {
                          "Node Type": "Hash Join",
                          "Parent Relationship": "Outer",
                          "Parallel Aware": true,
                          "Join Type": "Inner",
                          "Startup Cost": 33946.02,
                          "Total Cost": 79931.36,
                          "Plan Rows": 156934,
                          "Plan Width": 8,
                          "Actual Startup Time": 307.168,
                          "Actual Total Time": 451.027,
                          "Actual Rows": 125859,
                          "Actual Loops": 3,
                          "Inner Unique": false,
                          "Hash Cond": "(t.id = mc.movie_id)",
                          "Plans": [
                            {
                              "Node Type": "Seq Scan",
                              "Parent Relationship": "Outer",
                              "Parallel Aware": true,
                              "Relation Name": "title",
                              "Alias": "t",
                              "Startup Cost": 0.0,
                              "Total Cost": 42318.73,
                              "Plan Rows": 632073,
                              "Plan Width": 4,
                              "Actual Startup Time": 0.012,
                              "Actual Total Time": 108.073,
                              "Actual Rows": 842771,
                              "Actual Loops": 3
                            },
                            {
                              "Node Type": "Hash",
                              "Parent Relationship": "Inner",
                              "Parallel Aware": true,
                              "Startup Cost": 31414.82,
                              "Total Cost": 31414.82,
                              "Plan Rows": 202496,
                              "Plan Width": 4,
                              "Actual Startup Time": 154.404,
                              "Actual Total Time": 154.405,
                              "Actual Rows": 125859,
                              "Actual Loops": 3,
                              "Hash Buckets": 1048576,
                              "Original Hash Buckets": 1048576,
                              "Hash Batches": 1,
                              "Original Hash Batches": 1,
                              "Peak Memory Usage": 23008,
                              "Plans": [
                                {
                                  "Node Type": "Seq Scan",
                                  "Parent Relationship": "Outer",
                                  "Parallel Aware": true,
                                  "Relation Name": "movie_companies",
                                  "Alias": "mc",
                                  "Startup Cost": 0.0,
                                  "Total Cost": 31414.82,
                                  "Plan Rows": 202496,
                                  "Plan Width": 4,
                                  "Actual Startup Time": 24.963,
                                  "Actual Total Time": 111.586,
                                  "Actual Rows": 125859,
                                  "Actual Loops": 3,
                                  "Filter": "((company_id > 11402) AND (company_type_id < 2))",
                                  "Rows Removed by Filter": 743850
                                }
                              ]
                            }
                          ]
                        }
                      ]
                    }
                  ]
                }
              ]
            }
          ]
        }
      ]
    },
    "Planning Time": 1.348,
    "Triggers": [],
    "Execution Time": 673.936
  }
]