[
  {
    "Plan": {
      "Node Type": "Aggregate",
      "Strategy": "Plain",
      "Partial Mode": "Finalize",
      "Parallel Aware": false,
      "Startup Cost": 33277.83,
      "Total Cost": 33277.84,
      "Plan Rows": 1,
      "Plan Width": 8,
      "Actual Startup Time": 92.801,
      "Actual Total Time": 99.894,
      "Actual Rows": 1,
      "Actual Loops": 1,
      "Plans": [
        {
          "Node Type": "Gather",
          "Parent Relationship": "Outer",
          "Parallel Aware": false,
          "Startup Cost": 33277.51,
          "Total Cost": 33277.82,
          "Plan Rows": 3,
          "Plan Width": 8,
          "Actual Startup Time": 92.702,
          "Actual Total Time": 99.886,
          "Actual Rows": 4,
          "Actual Loops": 1,
          "Workers Planned": 3,
          "Workers Launched": 3,
          "Single Copy": false,
          "Plans": [
            {
              "Node Type": "Aggregate",
              "Strategy": "Plain",
              "Partial Mode": "Partial",
              "Parent Relationship": "Outer",
              "Parallel Aware": false,
              "Startup Cost": 32277.51,
              "Total Cost": 32277.52,
              "Plan Rows": 1,
              "Plan Width": 8,
              "Actual Startup Time": 89.137,
              "Actual Total Time": 89.138,
              "Actual Rows": 1,
              "Actual Loops": 4,
              "Plans": [
                {
                  "Node Type": "Seq Scan",
                  "Parent Relationship": "Outer",
                  "Parallel Aware": true,
                  "Relation Name": "movie_companies",
                  "Alias": "mc",
                  "Startup Cost": 0.0,
                  "Total Cost": 31414.82,
                  "Plan Rows": 345078,
                  "Plan Width": 0,
                  "Actual Startup Time": 37.101,
                  "Actual Total Time": 75.722,
                  "Actual Rows": 299607,
                  "Actual Loops": 4,
                  "Filter": "((company_id > 465) AND (company_type_id > 1))",
                  "Rows Removed by Filter": 352675
                }
              ]
            }
          ]
        }
      ]
    },
    "Planning Time": 0.105,
    "Triggers": [],
    "Execution Time": 99.924
  }
]