{
  "Plan": {
    "Node Type": "Aggregate",
    "Strategy": "Plain",
    "Partial Mode": "Finalize",
    "Parallel Aware": false,
    "Startup Cost": 625933.71,
    "Total Cost": 625933.72,
    "Plan Rows": 1,
    "Plan Width": 8,
    "Actual Startup Time": 4726.423,
    "Actual Total Time": 4779.2,
    "Actual Rows": 1,
    "Actual Loops": 1,
    "Plans": [
      {
        "Node Type": "Gather",
        "Parent Relationship": "Outer",
        "Parallel Aware": false,
        "Startup Cost": 625933.6,
        "Total Cost": 625933.71,
        "Plan Rows": 1,
        "Plan Width": 8,
        "Actual Startup Time": 4725.027,
        "Actual Total Time": 4779.192,
        "Actual Rows": 2,
        "Actual Loops": 1,
        "Workers Planned": 1,
        "Workers Launched": 1,
        "Single Copy": false,
        "Plans": [
          {
            "Node Type": "Aggregate",
            "Strategy": "Plain",
            "Partial Mode": "Partial",
            "Parent Relationship": "Outer",
            "Parallel Aware": false,
            "Startup Cost": 624933.6,
            "Total Cost": 624933.61,
            "Plan Rows": 1,
            "Plan Width": 8,
            "Actual Startup Time": 4719.953,
            "Actual Total Time": 4719.956,
            "Actual Rows": 1,
            "Actual Loops": 2,
            "Plans": [
              {
                "Node Type": "Hash Join",
                "Parent Relationship": "Outer",
                "Parallel Aware": true,
                "Join Type": "Inner",
                "Startup Cost": 61342.9,
                "Total Cost": 613488.28,
                "Plan Rows": 4578126,
                "Plan Width": 0,
                "Actual Startup Time": 667.056,
                "Actual Total Time": 4584.418,
                "Actual Rows": 3280633,
                "Actual Loops": 2,
                "Inner Unique": true,
                "Hash Cond": "(ci.movie_id = t.id)",
                "Plans": [
                  {
                    "Node Type": "Seq Scan",
                    "Parent Relationship": "Outer",
                    "Parallel Aware": true,
                    "Relation Name": "cast_info",
                    "Alias": "ci",
                    "Startup Cost": 0.0,
                    "Total Cost": 519069.44,
                    "Plan Rows": 12600336,
                    "Plan Width": 4,
                    "Actual Startup Time": 351.663,
                    "Actual Total Time": 1529.154,
                    "Actual Rows": 10722720,
                    "Actual Loops": 2,
                    "Filter": "(person_id > 1459521)",
                    "Rows Removed by Filter": 7399452
                  },
                  {
                    "Node Type": "Hash",
                    "Parent Relationship": "Inner",
                    "Parallel Aware": true,
                    "Startup Cost": 54588.39,
                    "Total Cost": 54588.39,
                    "Plan Rows": 540361,
                    "Plan Width": 4,
                    "Actual Startup Time": 306.443,
                    "Actual Total Time": 306.444,
                    "Actual Rows": 462302,
                    "Actual Loops": 2,
                    "Hash Buckets": 1048576,
                    "Original Hash Buckets": 1048576,
                    "Hash Batches": 1,
                    "Original Hash Batches": 1,
                    "Peak Memory Usage": 44384,
                    "Plans": [
                      {
                        "Node Type": "Seq Scan",
                        "Parent Relationship": "Outer",
                        "Parallel Aware": true,
                        "Relation Name": "title",
                        "Alias": "t",
                        "Startup Cost": 0.0,
                        "Total Cost": 54588.39,
                        "Plan Rows": 540361,
                        "Plan Width": 4,
                        "Actual Startup Time": 0.033,
                        "Actual Total Time": 164.55,
                        "Actual Rows": 462302,
                        "Actual Loops": 2,
                        "Filter": "(production_year < 1998)",
                        "Rows Removed by Filter": 801854
                      }
                    ]
                  }
                ]
              }
            ]
          }
        ]
      }
    ]
  },
  "Planning Time": 0.658,
  "Triggers": [],
  "Execution Time": 4779.281
}