[
  {
    "Plan": {
      "Node Type": "Aggregate",
      "Strategy": "Plain",
      "Partial Mode": "Finalize",
      "Parallel Aware": false,
      "Startup Cost": 44650.8,
      "Total Cost": 44650.81,
      "Plan Rows": 1,
      "Plan Width": 8,
      "Actual Startup Time": 119.273,
      "Actual Total Time": 129.24,
      "Actual Rows": 1,
      "Actual Loops": 1,
      "Plans": [
        {
          "Node Type": "Gather",
          "Parent Relationship": "Outer",
          "Parallel Aware": false,
          "Startup Cost": 44650.48,
          "Total Cost": 44650.79,
          "Plan Rows": 3,
          "Plan Width": 8,
          "Actual Startup Time": 119.147,
          "Actual Total Time": 129.227,
          "Actual Rows": 4,
          "Actual Loops": 1,
          "Workers Planned": 3,
          "Workers Launched": 3,
          "Single Copy": false,
          "Plans": [
            {
              "Node Type": "Aggregate",
              "Strategy": "Plain",
              "Partial Mode": "Partial",
              "Parent Relationship": "Outer",
              "Parallel Aware": false,
              "Startup Cost": 43650.48,
              "Total Cost": 43650.49,
              "Plan Rows": 1,
              "Plan Width": 8,
              "Actual Startup Time": 113.632,
              "Actual Total Time": 113.634,
              "Actual Rows": 1,
              "Actual Loops": 4,
              "Plans": [
                {
                  "Node Type": "Seq Scan",
                  "Parent Relationship": "Outer",
                  "Parallel Aware": true,
                  "Relation Name": "movie_keyword",
                  "Alias": "mk",
                  "Startup Cost": 0.0,
                  "Total Cost": 42695.65,
                  "Plan Rows": 381932,
                  "Plan Width": 0,
                  "Actual Startup Time": 2.802,
                  "Actual Total Time": 99.911,
                  "Actual Rows": 297149,
                  "Actual Loops": 4,
                  "Filter": "(keyword_id > 15572)",
                  "Rows Removed by Filter": 833833
                }
              ]
            }
          ]
        }
      ]
    },
    "Planning Time": 0.211,
    "Triggers": [],
    "Execution Time": 129.295
  }
]