[
  {
    "Plan": {
      "Node Type": "Aggregate",
      "Strategy": "Plain",
      "Partial Mode": "Finalize",
      "Parallel Aware": false,
      "Startup Cost": 47193.28,
      "Total Cost": 47193.29,
      "Plan Rows": 1,
      "Plan Width": 8,
      "Actual Startup Time": 186.372,
      "Actual Total Time": 196.459,
      "Actual Rows": 1,
      "Actual Loops": 1,
      "Plans": [
        {
          "Node Type": "Gather",
          "Parent Relationship": "Outer",
          "Parallel Aware": false,
          "Startup Cost": 47192.97,
          "Total Cost": 47193.28,
          "Plan Rows": 3,
          "Plan Width": 8,
          "Actual Startup Time": 186.262,
          "Actual Total Time": 196.446,
          "Actual Rows": 4,
          "Actual Loops": 1,
          "Workers Planned": 3,
          "Workers Launched": 3,
          "Single Copy": false,
          "Plans": [
            {
              "Node Type": "Aggregate",
              "Strategy": "Plain",
              "Partial Mode": "Partial",
              "Parent Relationship": "Outer",
              "Parallel Aware": false,
              "Startup Cost": 46192.97,
              "Total Cost": 46192.98,
              "Plan Rows": 1,
              "Plan Width": 8,
              "Actual Startup Time": 182.452,
              "Actual Total Time": 182.454,
              "Actual Rows": 1,
              "Actual Loops": 4,
              "Plans": [
                {
                  "Node Type": "Seq Scan",
                  "Parent Relationship": "Outer",
                  "Parallel Aware": true,
                  "Relation Name": "movie_keyword",
                  "Alias": "mk",
                  "Startup Cost": 0.0,
                  "Total Cost": 42695.65,
                  "Plan Rows": 1398925,
                  "Plan Width": 0,
                  "Actual Startup Time": 0.028,
                  "Actual Total Time": 129.646,
                  "Actual Rows": 1083069,
                  "Actual Loops": 4,
                  "Filter": "(keyword_id < 70503)",
                  "Rows Removed by Filter": 47914
                }
              ]
            }
          ]
        }
      ]
    },
    "Planning Time": 0.178,
    "Triggers": [],
    "Execution Time": 196.511
  }
]