[
  {
    "Plan": {
      "Node Type": "Aggregate",
      "Strategy": "Plain",
      "Partial Mode": "Finalize",
      "Parallel Aware": false,
      "Startup Cost": 46484.67,
      "Total Cost": 46484.68,
      "Plan Rows": 1,
      "Plan Width": 8,
      "Actual Startup Time": 94.17,
      "Actual Total Time": 106.204,
      "Actual Rows": 1,
      "Actual Loops": 1,
      "Plans": [
        {
          "Node Type": "Gather",
          "Parent Relationship": "Outer",
          "Parallel Aware": false,
          "Startup Cost": 46484.25,
          "Total Cost": 46484.66,
          "Plan Rows": 4,
          "Plan Width": 8,
          "Actual Startup Time": 93.915,
          "Actual Total Time": 106.195,
          "Actual Rows": 5,
          "Actual Loops": 1,
          "Workers Planned": 4,
          "Workers Launched": 4,
          "Single Copy": false,
          "Plans": [
            {
              "Node Type": "Aggregate",
              "Strategy": "Plain",
              "Partial Mode": "Partial",
              "Parent Relationship": "Outer",
              "Parallel Aware": false,
              "Startup Cost": 45484.25,
              "Total Cost": 45484.26,
              "Plan Rows": 1,
              "Plan Width": 8,
              "Actual Startup Time": 84.926,
              "Actual Total Time": 84.927,
              "Actual Rows": 1,
              "Actual Loops": 5,
              "Plans": [
                {
                  "Node Type": "Seq Scan",
                  "Parent Relationship": "Outer",
                  "Parallel Aware": true,
                  "Relation Name": "title",
                  "Alias": "t",
                  "Startup Cost": 0.0,
                  "Total Cost": 45479.1,
                  "Plan Rows": 2062,
                  "Plan Width": 0,
                  "Actual Startup Time": 0.173,
                  "Actual Total Time": 84.703,
                  "Actual Rows": 1620,
                  "Actual Loops": 5,
                  "Filter": "((kind_id = 7) AND (production_year = 1978))",
                  "Rows Removed by Filter": 504043
                }
              ]
            }
          ]
        }
      ]
    },
    "Planning Time": 0.128,
    "Triggers": [],
    "Execution Time": 106.247
  }
]