[
    {
        "Bao": {
            "Bao prediction": "NaN",
            "Bao recommended hint": "(no hint)"
        }
    },
    {
        "Plan": {
            "Node Type": "Aggregate",
            "Strategy": "Plain",
            "Partial Mode": "Finalize",
            "Parallel Aware": false,
            "Startup Cost": 288189.07,
            "Total Cost": 288189.08,
            "Plan Rows": 1,
            "Plan Width": 8,
            "Actual Startup Time": 123.07,
            "Actual Total Time": 127.604,
            "Actual Rows": 1,
            "Actual Loops": 1,
            "Output": [
                "count(*)"
            ],
            "Plans": [
                {
                    "Node Type": "Gather",
                    "Parent Relationship": "Outer",
                    "Parallel Aware": false,
                    "Startup Cost": 288188.44,
                    "Total Cost": 288189.05,
                    "Plan Rows": 6,
                    "Plan Width": 8,
                    "Actual Startup Time": 122.547,
                    "Actual Total Time": 127.596,
                    "Actual Rows": 7,
                    "Actual Loops": 1,
                    "Output": [
                        "(PARTIAL count(*))"
                    ],
                    "Workers Planned": 6,
                    "Workers Launched": 6,
                    "Single Copy": false,
                    "Plans": [
                        {
                            "Node Type": "Aggregate",
                            "Strategy": "Plain",
                            "Partial Mode": "Partial",
                            "Parent Relationship": "Outer",
                            "Parallel Aware": false,
                            "Startup Cost": 287188.44,
                            "Total Cost": 287188.45,
                            "Plan Rows": 1,
                            "Plan Width": 8,
                            "Actual Startup Time": 112.013,
                            "Actual Total Time": 112.014,
                            "Actual Rows": 1,
                            "Actual Loops": 7,
                            "Output": [
                                "PARTIAL count(*)"
                            ],
                            "Workers": [
                                {
                                    "Worker Number": 0,
                                    "Actual Startup Time": 109.752,
                                    "Actual Total Time": 109.753,
                                    "Actual Rows": 1,
                                    "Actual Loops": 1
                                },
                                {
                                    "Worker Number": 1,
                                    "Actual Startup Time": 110.107,
                                    "Actual Total Time": 110.108,
                                    "Actual Rows": 1,
                                    "Actual Loops": 1
                                },
                                {
                                    "Worker Number": 2,
                                    "Actual Startup Time": 110.435,
                                    "Actual Total Time": 110.436,
                                    "Actual Rows": 1,
                                    "Actual Loops": 1
                                },
                                {
                                    "Worker Number": 3,
                                    "Actual Startup Time": 110.581,
                                    "Actual Total Time": 110.582,
                                    "Actual Rows": 1,
                                    "Actual Loops": 1
                                },
                                {
                                    "Worker Number": 4,
                                    "Actual Startup Time": 110.824,
                                    "Actual Total Time": 110.825,
                                    "Actual Rows": 1,
                                    "Actual Loops": 1
                                },
                                {
                                    "Worker Number": 5,
                                    "Actual Startup Time": 110.547,
                                    "Actual Total Time": 110.549,
                                    "Actual Rows": 1,
                                    "Actual Loops": 1
                                }
                            ],
                            "Plans": [
                                {
                                    "Node Type": "Bitmap Heap Scan",
                                    "Parent Relationship": "Outer",
                                    "Parallel Aware": true,
                                    "Relation Name": "cast_info",
                                    "Schema": "public",
                                    "Alias": "ci",
                                    "Startup Cost": 30991.96,
                                    "Total Cost": 286603.53,
                                    "Plan Rows": 233966,
                                    "Plan Width": 0,
                                    "Actual Startup Time": 43.806,
                                    "Actual Total Time": 98.486,
                                    "Actual Rows": 203291,
                                    "Actual Loops": 7,
                                    "Recheck Cond": "(ci.person_id < 142937)",
                                    "Rows Removed by Index Recheck": 0,
                                    "Exact Heap Blocks": 3803,
                                    "Lossy Heap Blocks": 0,
                                    "Workers": [
                                        {
                                            "Worker Number": 0,
                                            "Actual Startup Time": 41.925,
                                            "Actual Total Time": 96.355,
                                            "Actual Rows": 144122,
                                            "Actual Loops": 1
                                        },
                                        {
                                            "Worker Number": 1,
                                            "Actual Startup Time": 41.692,
                                            "Actual Total Time": 97.049,
                                            "Actual Rows": 173047,
                                            "Actual Loops": 1
                                        },
                                        {
                                            "Worker Number": 2,
                                            "Actual Startup Time": 41.97,
                                            "Actual Total Time": 97.293,
                                            "Actual Rows": 175696,
                                            "Actual Loops": 1
                                        },
                                        {
                                            "Worker Number": 3,
                                            "Actual Startup Time": 42.958,
                                            "Actual Total Time": 97.53,
                                            "Actual Rows": 175358,
                                            "Actual Loops": 1
                                        },
                                        {
                                            "Worker Number": 4,
                                            "Actual Startup Time": 42.406,
                                            "Actual Total Time": 97.709,
                                            "Actual Rows": 176210,
                                            "Actual Loops": 1
                                        },
                                        {
                                            "Worker Number": 5,
                                            "Actual Startup Time": 42.654,
                                            "Actual Total Time": 97.541,
                                            "Actual Rows": 174734,
                                            "Actual Loops": 1
                                        }
                                    ],
                                    "Plans": [
                                        {
                                            "Node Type": "Bitmap Index Scan",
                                            "Parent Relationship": "Outer",
                                            "Parallel Aware": false,
                                            "Index Name": "person_id_cast_info",
                                            "Startup Cost": 0.0,
                                            "Total Cost": 30641.01,
                                            "Plan Rows": 1403793,
                                            "Plan Width": 0,
                                            "Actual Startup Time": 50.804,
                                            "Actual Total Time": 50.805,
                                            "Actual Rows": 1423035,
                                            "Actual Loops": 1,
                                            "Index Cond": "(ci.person_id < 142937)"
                                        }
                                    ]
                                }
                            ]
                        }
                    ]
                }
            ]
        },
        "Planning Time": 193.886,
        "Triggers": [],
        "Execution Time": 127.703
    }
]