{
  "Plan": {
    "Node Type": "Aggregate",
    "Strategy": "Plain",
    "Partial Mode": "Finalize",
    "Parallel Aware": false,
    "Startup Cost": 588976.29,
    "Total Cost": 588976.3,
    "Plan Rows": 1,
    "Plan Width": 8,
    "Actual Startup Time": 3576.312,
    "Actual Total Time": 3643.033,
    "Actual Rows": 1,
    "Actual Loops": 1,
    "Plans": [
      {
        "Node Type": "Gather",
        "Parent Relationship": "Outer",
        "Parallel Aware": false,
        "Startup Cost": 588976.18,
        "Total Cost": 588976.29,
        "Plan Rows": 1,
        "Plan Width": 8,
        "Actual Startup Time": 3575.554,
        "Actual Total Time": 3643.024,
        "Actual Rows": 2,
        "Actual Loops": 1,
        "Workers Planned": 1,
        "Workers Launched": 1,
        "Single Copy": false,
        "Plans": [
          {
            "Node Type": "Aggregate",
            "Strategy": "Plain",
            "Partial Mode": "Partial",
            "Parent Relationship": "Outer",
            "Parallel Aware": false,
            "Startup Cost": 587976.18,
            "Total Cost": 587976.19,
            "Plan Rows": 1,
            "Plan Width": 8,
            "Actual Startup Time": 3569.739,
            "Actual Total Time": 3569.742,
            "Actual Rows": 1,
            "Actual Loops": 2,
            "Plans": [
              {
                "Node Type": "Hash Join",
                "Parent Relationship": "Outer",
                "Parallel Aware": true,
                "Join Type": "Inner",
                "Startup Cost": 60359.43,
                "Total Cost": 582092.78,
                "Plan Rows": 2353359,
                "Plan Width": 0,
                "Actual Startup Time": 175.511,
                "Actual Total Time": 3530.137,
                "Actual Rows": 956654,
                "Actual Loops": 2,
                "Inner Unique": true,
                "Hash Cond": "(ci.movie_id = t.id)",
                "Plans": [
                  {
                    "Node Type": "Seq Scan",
                    "Parent Relationship": "Outer",
                    "Parallel Aware": true,
                    "Relation Name": "cast_info",
                    "Alias": "ci",
                    "Startup Cost": 0.0,
                    "Total Cost": 465792.95,
                    "Plan Rows": 21310595,
                    "Plan Width": 4,
                    "Actual Startup Time": 0.014,
                    "Actual Total Time": 1319.18,
                    "Actual Rows": 18122172,
                    "Actual Loops": 2
                  },
                  {
                    "Node Type": "Hash",
                    "Parent Relationship": "Inner",
                    "Parallel Aware": true,
                    "Startup Cost": 58306.47,
                    "Total Cost": 58306.47,
                    "Plan Rows": 164237,
                    "Plan Width": 4,
                    "Actual Startup Time": 169.449,
                    "Actual Total Time": 169.45,
                    "Actual Rows": 88880,
                    "Actual Loops": 2,
                    "Hash Buckets": 524288,
                    "Original Hash Buckets": 524288,
                    "Hash Batches": 1,
                    "Original Hash Batches": 1,
                    "Peak Memory Usage": 11104,
                    "Plans": [
                      {
                        "Node Type": "Seq Scan",
                        "Parent Relationship": "Outer",
                        "Parallel Aware": true,
                        "Relation Name": "title",
                        "Alias": "t",
                        "Startup Cost": 0.0,
                        "Total Cost": 58306.47,
                        "Plan Rows": 164237,
                        "Plan Width": 4,
                        "Actual Startup Time": 0.034,
                        "Actual Total Time": 144.492,
                        "Actual Rows": 88880,
                        "Actual Loops": 2,
                        "Filter": "((kind_id > 4) AND (production_year < 1977))",
                        "Rows Removed by Filter": 1175276
                      }
                    ]
                  }
                ]
              }
            ]
          }
        ]
      }
    ]
  },
  "Planning Time": 0.536,
  "Triggers": [],
  "Execution Time": 3643.155
}