[
  {
    "Plan": {
      "Node Type": "Aggregate",
      "Strategy": "Plain",
      "Partial Mode": "Finalize",
      "Parallel Aware": false,
      "Startup Cost": 30409.62,
      "Total Cost": 30409.63,
      "Plan Rows": 1,
      "Plan Width": 8,
      "Actual Startup Time": 96.174,
      "Actual Total Time": 102.403,
      "Actual Rows": 1,
      "Actual Loops": 1,
      "Plans": [
        {
          "Node Type": "Gather",
          "Parent Relationship": "Outer",
          "Parallel Aware": false,
          "Startup Cost": 30409.3,
          "Total Cost": 30409.61,
          "Plan Rows": 3,
          "Plan Width": 8,
          "Actual Startup Time": 95.927,
          "Actual Total Time": 102.396,
          "Actual Rows": 4,
          "Actual Loops": 1,
          "Workers Planned": 3,
          "Workers Launched": 3,
          "Single Copy": false,
          "Plans": [
            {
              "Node Type": "Aggregate",
              "Strategy": "Plain",
              "Partial Mode": "Partial",
              "Parent Relationship": "Outer",
              "Parallel Aware": false,
              "Startup Cost": 29409.3,
              "Total Cost": 29409.31,
              "Plan Rows": 1,
              "Plan Width": 8,
              "Actual Startup Time": 87.258,
              "Actual Total Time": 87.26,
              "Actual Rows": 1,
              "Actual Loops": 4,
              "Plans": [
                {
                  "Node Type": "Bitmap Heap Scan",
                  "Parent Relationship": "Outer",
                  "Parallel Aware": true,
                  "Relation Name": "movie_companies",
                  "Alias": "mc",
                  "Startup Cost": 8539.26,
                  "Total Cost": 29247.01,
                  "Plan Rows": 64914,
                  "Plan Width": 0,
                  "Actual Startup Time": 71.785,
                  "Actual Total Time": 86.078,
                  "Actual Rows": 23216,
                  "Actual Loops": 4,
                  "Recheck Cond": "(company_id < 239)",
                  "Rows Removed by Index Recheck": 0,
                  "Filter": "(company_type_id > 1)",
                  "Rows Removed by Filter": 74684,
                  "Exact Heap Blocks": 9752,
                  "Lossy Heap Blocks": 0,
                  "Plans": [
                    {
                      "Node Type": "Bitmap Index Scan",
                      "Parent Relationship": "Outer",
                      "Parallel Aware": false,
                      "Index Name": "company_id_movie_companies",
                      "Startup Cost": 0.0,
                      "Total Cost": 8488.95,
                      "Plan Rows": 396336,
                      "Plan Width": 0,
                      "Actual Startup Time": 37.928,
                      "Actual Total Time": 37.928,
                      "Actual Rows": 391600,
                      "Actual Loops": 1,
                      "Index Cond": "(company_id < 239)"
                    }
                  ]
                }
              ]
            }
          ]
        }
      ]
    },
    "Planning Time": 0.255,
    "Triggers": [],
    "Execution Time": 102.481
  }
]