[
  {
    "Plan": {
      "Node Type": "Aggregate",
      "Strategy": "Plain",
      "Partial Mode": "Finalize",
      "Parallel Aware": false,
      "Startup Cost": 46886.4,
      "Total Cost": 46886.41,
      "Plan Rows": 1,
      "Plan Width": 8,
      "Actual Startup Time": 91.517,
      "Actual Total Time": 103.336,
      "Actual Rows": 1,
      "Actual Loops": 1,
      "Plans": [
        {
          "Node Type": "Gather",
          "Parent Relationship": "Outer",
          "Parallel Aware": false,
          "Startup Cost": 46885.98,
          "Total Cost": 46886.39,
          "Plan Rows": 4,
          "Plan Width": 8,
          "Actual Startup Time": 91.363,
          "Actual Total Time": 103.328,
          "Actual Rows": 5,
          "Actual Loops": 1,
          "Workers Planned": 4,
          "Workers Launched": 4,
          "Single Copy": false,
          "Plans": [
            {
              "Node Type": "Aggregate",
              "Strategy": "Plain",
              "Partial Mode": "Partial",
              "Parent Relationship": "Outer",
              "Parallel Aware": false,
              "Startup Cost": 45885.98,
              "Total Cost": 45885.99,
              "Plan Rows": 1,
              "Plan Width": 8,
              "Actual Startup Time": 85.698,
              "Actual Total Time": 85.699,
              "Actual Rows": 1,
              "Actual Loops": 5,
              "Plans": [
                {
                  "Node Type": "Seq Scan",
                  "Parent Relationship": "Outer",
                  "Parallel Aware": true,
                  "Relation Name": "title",
                  "Alias": "t",
                  "Startup Cost": 0.0,
                  "Total Cost": 45479.59,
                  "Plan Rows": 162559,
                  "Plan Width": 0,
                  "Actual Startup Time": 0.032,
                  "Actual Total Time": 80.357,
                  "Actual Rows": 111359,
                  "Actual Loops": 5,
                  "Filter": "((production_year < 2001) AND (kind_id = 7))",
                  "Rows Removed by Filter": 394303
                }
              ]
            }
          ]
        }
      ]
    },
    "Planning Time": 0.081,
    "Triggers": [],
    "Execution Time": 103.363
  }
]