[
  {
    "Plan": {
      "Node Type": "Aggregate",
      "Strategy": "Plain",
      "Partial Mode": "Finalize",
      "Parallel Aware": false,
      "Startup Cost": 100940.59,
      "Total Cost": 100940.6,
      "Plan Rows": 1,
      "Plan Width": 8,
      "Actual Startup Time": 954.662,
      "Actual Total Time": 972.659,
      "Actual Rows": 1,
      "Actual Loops": 1,
      "Plans": [
        {
          "Node Type": "Gather",
          "Parent Relationship": "Outer",
          "Parallel Aware": false,
          "Startup Cost": 100940.37,
          "Total Cost": 100940.58,
          "Plan Rows": 2,
          "Plan Width": 8,
          "Actual Startup Time": 944.744,
          "Actual Total Time": 972.652,
          "Actual Rows": 3,
          "Actual Loops": 1,
          "Workers Planned": 2,
          "Workers Launched": 2,
          "Single Copy": false,
          "Plans": [
            {
              "Node Type": "Aggregate",
              "Strategy": "Plain",
              "Partial Mode": "Partial",
              "Parent Relationship": "Outer",
              "Parallel Aware": false,
              "Startup Cost": 99940.37,
              "Total Cost": 99940.38,
              "Plan Rows": 1,
              "Plan Width": 8,
              "Actual Startup Time": 936.137,
              "Actual Total Time": 936.143,
              "Actual Rows": 1,
              "Actual Loops": 3,
              "Plans": [
                {
                  "Node Type": "Hash Join",
                  "Parent Relationship": "Outer",
                  "Parallel Aware": true,
                  "Join Type": "Inner",
                  "Startup Cost": 82935.74,
                  "Total Cost": 99358.78,
                  "Plan Rows": 232637,
                  "Plan Width": 0,
                  "Actual Startup Time": 746.706,
                  "Actual Total Time": 913.874,
                  "Actual Rows": 493198,
                  "Actual Loops": 3,
                  "Inner Unique": false,
                  "Hash Cond": "(mi_idx.movie_id = t.id)",
                  "Plans": [
                    {
                      "Node Type": "Seq Scan",
                      "Parent Relationship": "Outer",
                      "Parallel Aware": true,
                      "Relation Name": "movie_info_idx",
                      "Alias": "mi_idx",
                      "Startup Cost": 0.0,
                      "Total Cost": 13685.15,
                      "Plan Rows": 575015,
                      "Plan Width": 4,
                      "Actual Startup Time": 0.032,
                      "Actual Total Time": 39.567,
                      "Actual Rows": 460012,
                      "Actual Loops": 3
                    },
                    {
                      "Node Type": "Hash",
                      "Parent Relationship": "Inner",
                      "Parallel Aware": true,
                      "Startup Cost": 79739.23,
                      "Total Cost": 79739.23,
                      "Plan Rows": 255721,
                      "Plan Width": 8,
                      "Actual Startup Time": 740.293,
                      "Actual Total Time": 740.297,
                      "Actual Rows": 344789,
                      "Actual Loops": 3,
                      "Hash Buckets": 1048576,
                      "Original Hash Buckets": 1048576,
                      "Hash Batches": 1,
                      "Original Hash Batches": 1,
                      "Peak Memory Usage": 48704,
                      "Plans": [
                        {
                          "Node Type": "Hash Join",
                          "Parent Relationship": "Outer",
                          "Parallel Aware": true,
                          "Join Type": "Inner",
                          "Startup Cost": 33435.22,
                          "Total Cost": 79739.23,
                          "Plan Rows": 255721,
                          "Plan Width": 8,
                          "Actual Startup Time": 211.612,
                          "Actual Total Time": 633.101,
                          "Actual Rows": 344789,
                          "Actual Loops": 3,
                          "Inner Unique": false,
                          "Hash Cond": "(t.id = mc.movie_id)",
                          "Plans": [
                            {
                              "Node Type": "Seq Scan",
                              "Parent Relationship": "Outer",
                              "Parallel Aware": true,
                              "Relation Name": "title",
                              "Alias": "t",
                              "Startup Cost": 0.0,
                              "Total Cost": 42318.73,
                              "Plan Rows": 632073,
                              "Plan Width": 4,
                              "Actual Startup Time": 0.015,
                              "Actual Total Time": 104.326,
                              "Actual Rows": 842771,
                              "Actual Loops": 3
                            },
                            {
                              "Node Type": "Hash",
                              "Parent Relationship": "Inner",
                              "Parallel Aware": true,
                              "Startup Cost": 29310.68,
                              "Total Cost": 29310.68,
                              "Plan Rows": 329963,
                              "Plan Width": 4,
                              "Actual Startup Time": 207.988,
                              "Actual Total Time": 207.989,
                              "Actual Rows": 344789,
                              "Actual Loops": 3,
                              "Hash Buckets": 1048576,
                              "Original Hash Buckets": 1048576,
                              "Hash Batches": 1,
                              "Original Hash Batches": 1,
                              "Peak Memory Usage": 48704,
                              "Plans": [
                                {
                                  "Node Type": "Seq Scan",
                                  "Parent Relationship": "Outer",
                                  "Parallel Aware": true,
                                  "Relation Name": "movie_companies",
                                  "Alias": "mc",
                                  "Startup Cost": 0.0,
                                  "Total Cost": 29310.68,
                                  "Plan Rows": 329963,
                                  "Plan Width": 4,
                                  "Actual Startup Time": 22.085,
                                  "Actual Total Time": 107.872,
                                  "Actual Rows": 344789,
                                  "Actual Loops": 3,
                                  "Filter": "(company_id > 15427)",
                                  "Rows Removed by Filter": 524920
                                }
                              ]
                            }
                          ]
                        }
                      ]
                    }
                  ]
                }
              ]
            }
          ]
        }
      ]
    },
    "Planning Time": 1.34,
    "Triggers": [],
    "Execution Time": 972.741
  }
]