[
  {
    "Plan": {
      "Node Type": "Aggregate",
      "Strategy": "Plain",
      "Partial Mode": "Finalize",
      "Parallel Aware": false,
      "Startup Cost": 83227.02,
      "Total Cost": 83227.03,
      "Plan Rows": 1,
      "Plan Width": 8,
      "Actual Startup Time": 498.916,
      "Actual Total Time": 514.552,
      "Actual Rows": 1,
      "Actual Loops": 1,
      "Plans": [
        {
          "Node Type": "Gather",
          "Parent Relationship": "Outer",
          "Parallel Aware": false,
          "Startup Cost": 83226.71,
          "Total Cost": 83227.02,
          "Plan Rows": 3,
          "Plan Width": 8,
          "Actual Startup Time": 487.468,
          "Actual Total Time": 514.541,
          "Actual Rows": 4,
          "Actual Loops": 1,
          "Workers Planned": 3,
          "Workers Launched": 3,
          "Single Copy": false,
          "Plans": [
            {
              "Node Type": "Aggregate",
              "Strategy": "Plain",
              "Partial Mode": "Partial",
              "Parent Relationship": "Outer",
              "Parallel Aware": false,
              "Startup Cost": 82226.71,
              "Total Cost": 82226.72,
              "Plan Rows": 1,
              "Plan Width": 8,
              "Actual Startup Time": 468.361,
              "Actual Total Time": 468.365,
              "Actual Rows": 1,
              "Actual Loops": 4,
              "Plans": [
                {
                  "Node Type": "Hash Join",
                  "Parent Relationship": "Outer",
                  "Parallel Aware": true,
                  "Join Type": "Inner",
                  "Startup Cost": 56176.25,
                  "Total Cost": 82000.26,
                  "Plan Rows": 90579,
                  "Plan Width": 0,
                  "Actual Startup Time": 381.306,
                  "Actual Total Time": 464.677,
                  "Actual Rows": 74355,
                  "Actual Loops": 4,
                  "Inner Unique": true,
                  "Hash Cond": "(mk.movie_id = t.id)",
                  "Plans": [
                    {
                      "Node Type": "Bitmap Heap Scan",
                      "Parent Relationship": "Outer",
                      "Parallel Aware": true,
                      "Relation Name": "movie_keyword",
                      "Alias": "mk",
                      "Startup Cost": 5956.6,
                      "Total Cost": 31542.84,
                      "Plan Rows": 90579,
                      "Plan Width": 4,
                      "Actual Startup Time": 17.851,
                      "Actual Total Time": 64.564,
                      "Actual Rows": 74355,
                      "Actual Loops": 4,
                      "Recheck Cond": "(keyword_id < 243)",
                      "Rows Removed by Index Recheck": 0,
                      "Exact Heap Blocks": 8690,
                      "Lossy Heap Blocks": 0,
                      "Plans": [
                        {
                          "Node Type": "Bitmap Index Scan",
                          "Parent Relationship": "Outer",
                          "Parallel Aware": false,
                          "Index Name": "keyword_id_movie_keyword",
                          "Startup Cost": 0.0,
                          "Total Cost": 5886.4,
                          "Plan Rows": 280796,
                          "Plan Width": 0,
                          "Actual Startup Time": 14.286,
                          "Actual Total Time": 14.287,
                          "Actual Rows": 297420,
                          "Actual Loops": 1,
                          "Index Cond": "(keyword_id < 243)"
                        }
                      ]
                    },
                    {
                      "Node Type": "Hash",
                      "Parent Relationship": "Inner",
                      "Parallel Aware": true,
                      "Startup Cost": 42318.73,
                      "Total Cost": 42318.73,
                      "Plan Rows": 632073,
                      "Plan Width": 4,
                      "Actual Startup Time": 352.236,
                      "Actual Total Time": 352.237,
                      "Actual Rows": 632078,
                      "Actual Loops": 4,
                      "Hash Buckets": 4194304,
                      "Original Hash Buckets": 4194304,
                      "Hash Batches": 1,
                      "Original Hash Batches": 1,
                      "Peak Memory Usage": 131744,
                      "Plans": [
                        {
                          "Node Type": "Seq Scan",
                          "Parent Relationship": "Outer",
                          "Parallel Aware": true,
                          "Relation Name": "title",
                          "Alias": "t",
                          "Startup Cost": 0.0,
                          "Total Cost": 42318.73,
                          "Plan Rows": 632073,
                          "Plan Width": 4,
                          "Actual Startup Time": 0.037,
                          "Actual Total Time": 104.187,
                          "Actual Rows": 632078,
                          "Actual Loops": 4
                        }
                      ]
                    }
                  ]
                }
              ]
            }
          ]
        }
      ]
    },
    "Planning Time": 0.645,
    "Triggers": [],
    "Execution Time": 514.64
  }
]