{
    "Plan": {
        "Node Type": "Aggregate",
        "Strategy": "Plain",
        "Partial Mode": "Simple",
        "Parallel Aware": false,
        "Startup Cost": 100016985771.48,
        "Total Cost": 100016985771.49,
        "Plan Rows": 1,
        "Plan Width": 64,
        "Actual Startup Time": 41771.193,
        "Actual Total Time": 41771.223,
        "Actual Rows": 1,
        "Actual Loops": 1,
        "Output": [
            "min(n.name)",
            "min(t.title)"
        ],
        "Plans": [
            {
                "Node Type": "Nested Loop",
                "Parent Relationship": "Outer",
                "Parallel Aware": false,
                "Join Type": "Inner",
                "Startup Cost": 100000000004.38,
                "Total Cost": 100016985701.26,
                "Plan Rows": 14045,
                "Plan Width": 32,
                "Actual Startup Time": 8856.837,
                "Actual Total Time": 41598.921,
                "Actual Rows": 1221756,
                "Actual Loops": 1,
                "Output": [
                    "n.name",
                    "t.title"
                ],
                "Inner Unique": false,
                "Join Filter": "(n.id = an.person_id)",
                "Rows Removed by Join Filter": 0,
                "Plans": [
                    {
                        "Node Type": "Nested Loop",
                        "Parent Relationship": "Outer",
                        "Parallel Aware": false,
                        "Join Type": "Inner",
                        "Startup Cost": 90000000003.93,
                        "Total Cost": 90016959486.7,
                        "Plan Rows": 5832,
                        "Plan Width": 40,
                        "Actual Startup Time": 8856.797,
                        "Actual Total Time": 39033.634,
                        "Actual Rows": 541397,
                        "Actual Loops": 1,
                        "Output": [
                            "ci.person_id",
                            "n.name",
                            "n.id",
                            "t.title"
                        ],
                        "Inner Unique": true,
                        "Plans": [
                            {
                                "Node Type": "Nested Loop",
                                "Parent Relationship": "Outer",
                                "Parallel Aware": false,
                                "Join Type": "Inner",
                                "Startup Cost": 80000000003.5,
                                "Total Cost": 80016887238.91,
                                "Plan Rows": 16257,
                                "Plan Width": 44,
                                "Actual Startup Time": 8856.278,
                                "Actual Total Time": 29647.008,
                                "Actual Rows": 2140636,
                                "Actual Loops": 1,
                                "Output": [
                                    "ci.person_id",
                                    "mc.company_id",
                                    "n.name",
                                    "n.id",
                                    "t.title"
                                ],
                                "Inner Unique": false,
                                "Join Filter": "(t.id = mc.movie_id)",
                                "Rows Removed by Join Filter": 0,
                                "Plans": [
                                    {
                                        "Node Type": "Nested Loop",
                                        "Parent Relationship": "Outer",
                                        "Parallel Aware": false,
                                        "Join Type": "Inner",
                                        "Startup Cost": 70000000003.03,
                                        "Total Cost": 70016873376.38,
                                        "Plan Rows": 3016,
                                        "Plan Width": 52,
                                        "Actual Startup Time": 8854.741,
                                        "Actual Total Time": 27600.299,
                                        "Actual Rows": 220933,
                                        "Actual Loops": 1,
                                        "Output": [
                                            "ci.movie_id",
                                            "ci.person_id",
                                            "mi.movie_id",
                                            "n.name",
                                            "n.id",
                                            "t.title",
                                            "t.id"
                                        ],
                                        "Inner Unique": true,
                                        "Plans": [
                                            {
                                                "Node Type": "Nested Loop",
                                                "Parent Relationship": "Outer",
                                                "Parallel Aware": false,
                                                "Join Type": "Inner",
                                                "Startup Cost": 60000000002.58,
                                                "Total Cost": 60016859907.86,
                                                "Plan Rows": 3016,
                                                "Plan Width": 56,
                                                "Actual Startup Time": 8854.715,
                                                "Actual Total Time": 26449.953,
                                                "Actual Rows": 252409,
                                                "Actual Loops": 1,
                                                "Output": [
                                                    "ci.movie_id",
                                                    "ci.person_id",
                                                    "ci.person_role_id",
                                                    "mi.movie_id",
                                                    "n.name",
                                                    "n.id",
                                                    "t.title",
                                                    "t.id"
                                                ],
                                                "Inner Unique": true,
                                                "Plans": [
                                                    {
                                                        "Node Type": "Nested Loop",
                                                        "Parent Relationship": "Outer",
                                                        "Parallel Aware": false,
                                                        "Join Type": "Inner",
                                                        "Startup Cost": 50000000002.43,
                                                        "Total Cost": 50015440318.66,
                                                        "Plan Rows": 340810,
                                                        "Plan Width": 60,
                                                        "Actual Startup Time": 8854.705,
                                                        "Actual Total Time": 22651.254,
                                                        "Actual Rows": 1116711,
                                                        "Actual Loops": 1,
                                                        "Output": [
                                                            "ci.movie_id",
                                                            "ci.person_id",
                                                            "ci.person_role_id",
                                                            "mi.movie_id",
                                                            "mi.info_type_id",
                                                            "n.name",
                                                            "n.id",
                                                            "t.title",
                                                            "t.id"
                                                        ],
                                                        "Inner Unique": false,
                                                        "Join Filter": "(t.id = mi.movie_id)",
                                                        "Rows Removed by Join Filter": 0,
                                                        "Plans": [
                                                            {
                                                                "Node Type": "Nested Loop",
                                                                "Parent Relationship": "Outer",
                                                                "Parallel Aware": false,
                                                                "Join Type": "Inner",
                                                                "Startup Cost": 40000000001.62,
                                                                "Total Cost": 40015314185.54,
                                                                "Plan Rows": 21797,
                                                                "Plan Width": 52,
                                                                "Actual Startup Time": 8854.66,
                                                                "Actual Total Time": 20702.547,
                                                                "Actual Rows": 121148,
                                                                "Actual Loops": 1,
                                                                "Output": [
                                                                    "ci.movie_id",
                                                                    "ci.person_id",
                                                                    "ci.person_role_id",
                                                                    "n.name",
                                                                    "n.id",
                                                                    "t.title",
                                                                    "t.id"
                                                                ],
                                                                "Inner Unique": true,
                                                                "Plans": [
                                                                    {
                                                                        "Node Type": "Nested Loop",
                                                                        "Parent Relationship": "Outer",
                                                                        "Parallel Aware": false,
                                                                        "Join Type": "Inner",
                                                                        "Startup Cost": 30000000001.17,
                                                                        "Total Cost": 30015070970.42,
                                                                        "Plan Rows": 54470,
                                                                        "Plan Width": 31,
                                                                        "Actual Startup Time": 8854.622,
                                                                        "Actual Total Time": 18940.716,
                                                                        "Actual Rows": 283686,
                                                                        "Actual Loops": 1,
                                                                        "Output": [
                                                                            "ci.movie_id",
                                                                            "ci.person_id",
                                                                            "ci.person_role_id",
                                                                            "n.name",
                                                                            "n.id"
                                                                        ],
                                                                        "Inner Unique": true,
                                                                        "Plans": [
                                                                            {
                                                                                "Node Type": "Nested Loop",
                                                                                "Parent Relationship": "Outer",
                                                                                "Parallel Aware": false,
                                                                                "Join Type": "Inner",
                                                                                "Startup Cost": 20000000000.71,
                                                                                "Total Cost": 20013985765.21,
                                                                                "Plan Rows": 242592,
                                                                                "Plan Width": 12,
                                                                                "Actual Startup Time": 23.097,
                                                                                "Actual Total Time": 17627.212,
                                                                                "Actual Rows": 283864,
                                                                                "Actual Loops": 1,
                                                                                "Output": [
                                                                                    "ci.movie_id",
                                                                                    "ci.person_id",
                                                                                    "ci.person_role_id"
                                                                                ],
                                                                                "Inner Unique": true,
                                                                                "Plans": [
                                                                                    {
                                                                                        "Node Type": "Index Scan",
                                                                                        "Parent Relationship": "Outer",
                                                                                        "Parallel Aware": false,
                                                                                        "Scan Direction": "Forward",
                                                                                        "Index Name": "person_id_cast_info",
                                                                                        "Relation Name": "cast_info",
                                                                                        "Schema": "public",
                                                                                        "Alias": "ci",
                                                                                        "Startup Cost": 10000000000.57,
                                                                                        "Total Cost": 10001879713.58,
                                                                                        "Plan Rows": 2911098,
                                                                                        "Plan Width": 16,
                                                                                        "Actual Startup Time": 0.105,
                                                                                        "Actual Total Time": 7415.727,
                                                                                        "Actual Rows": 2989152,
                                                                                        "Actual Loops": 1,
                                                                                        "Output": [
                                                                                            "ci.id",
                                                                                            "ci.person_id",
                                                                                            "ci.movie_id",
                                                                                            "ci.person_role_id",
                                                                                            "ci.note",
                                                                                            "ci.nr_order",
                                                                                            "ci.role_id"
                                                                                        ],
                                                                                        "Filter": "(ci.note = ANY ('{(writer),(producer),(voice),\"(archive footage)\"}'::text[]))",
                                                                                        "Rows Removed by Filter": 33255192
                                                                                    },
                                                                                    {
                                                                                        "Node Type": "Bitmap Heap Scan",
                                                                                        "Parent Relationship": "Inner",
                                                                                        "Parallel Aware": false,
                                                                                        "Relation Name": "role_type",
                                                                                        "Schema": "public",
                                                                                        "Alias": "rt",
                                                                                        "Startup Cost": 0.14,
                                                                                        "Total Cost": 4.16,
                                                                                        "Plan Rows": 1,
                                                                                        "Plan Width": 4,
                                                                                        "Actual Startup Time": 0.002,
                                                                                        "Actual Total Time": 0.002,
                                                                                        "Actual Rows": 0,
                                                                                        "Actual Loops": 2989152,
                                                                                        "Output": [
                                                                                            "rt.id",
                                                                                            "rt.role"
                                                                                        ],
                                                                                        "Recheck Cond": "(rt.id = ci.role_id)",
                                                                                        "Rows Removed by Index Recheck": 0,
                                                                                        "Filter": "((rt.role)::text = 'actress'::text)",
                                                                                        "Rows Removed by Filter": 1,
                                                                                        "Exact Heap Blocks": 2989152,
                                                                                        "Lossy Heap Blocks": 0,
                                                                                        "Plans": [
                                                                                            {
                                                                                                "Node Type": "Bitmap Index Scan",
                                                                                                "Parent Relationship": "Outer",
                                                                                                "Parallel Aware": false,
                                                                                                "Index Name": "role_type_pkey",
                                                                                                "Startup Cost": 0.0,
                                                                                                "Total Cost": 0.14,
                                                                                                "Plan Rows": 1,
                                                                                                "Plan Width": 0,
                                                                                                "Actual Startup Time": 0.001,
                                                                                                "Actual Total Time": 0.001,
                                                                                                "Actual Rows": 1,
                                                                                                "Actual Loops": 2989152,
                                                                                                "Index Cond": "(rt.id = ci.role_id)"
                                                                                            }
                                                                                        ]
                                                                                    }
                                                                                ]
                                                                            },
                                                                            {
                                                                                "Node Type": "Bitmap Heap Scan",
                                                                                "Parent Relationship": "Inner",
                                                                                "Parallel Aware": false,
                                                                                "Relation Name": "name",
                                                                                "Schema": "public",
                                                                                "Alias": "n",
                                                                                "Startup Cost": 0.46,
                                                                                "Total Cost": 4.47,
                                                                                "Plan Rows": 1,
                                                                                "Plan Width": 19,
                                                                                "Actual Startup Time": 0.003,
                                                                                "Actual Total Time": 0.003,
                                                                                "Actual Rows": 1,
                                                                                "Actual Loops": 283864,
                                                                                "Output": [
                                                                                    "n.id",
                                                                                    "n.name",
                                                                                    "n.imdb_index",
                                                                                    "n.imdb_id",
                                                                                    "n.gender",
                                                                                    "n.name_pcode_cf",
                                                                                    "n.name_pcode_nf",
                                                                                    "n.surname_pcode",
                                                                                    "n.md5sum"
                                                                                ],
                                                                                "Recheck Cond": "(n.id = ci.person_id)",
                                                                                "Rows Removed by Index Recheck": 0,
                                                                                "Filter": "((n.gender)::text = 'f'::text)",
                                                                                "Rows Removed by Filter": 0,
                                                                                "Exact Heap Blocks": 283864,
                                                                                "Lossy Heap Blocks": 0,
                                                                                "Plans": [
                                                                                    {
                                                                                        "Node Type": "Bitmap Index Scan",
                                                                                        "Parent Relationship": "Outer",
                                                                                        "Parallel Aware": false,
                                                                                        "Index Name": "name_pkey",
                                                                                        "Startup Cost": 0.0,
                                                                                        "Total Cost": 0.46,
                                                                                        "Plan Rows": 1,
                                                                                        "Plan Width": 0,
                                                                                        "Actual Startup Time": 0.002,
                                                                                        "Actual Total Time": 0.002,
                                                                                        "Actual Rows": 1,
                                                                                        "Actual Loops": 283864,
                                                                                        "Index Cond": "(n.id = ci.person_id)"
                                                                                    }
                                                                                ]
                                                                            }
                                                                        ]
                                                                    },
                                                                    {
                                                                        "Node Type": "Bitmap Heap Scan",
                                                                        "Parent Relationship": "Inner",
                                                                        "Parallel Aware": false,
                                                                        "Relation Name": "title",
                                                                        "Schema": "public",
                                                                        "Alias": "t",
                                                                        "Startup Cost": 0.45,
                                                                        "Total Cost": 4.47,
                                                                        "Plan Rows": 1,
                                                                        "Plan Width": 21,
                                                                        "Actual Startup Time": 0.005,
                                                                        "Actual Total Time": 0.005,
                                                                        "Actual Rows": 0,
                                                                        "Actual Loops": 283686,
                                                                        "Output": [
                                                                            "t.id",
                                                                            "t.title",
                                                                            "t.imdb_index",
                                                                            "t.kind_id",
                                                                            "t.production_year",
                                                                            "t.imdb_id",
                                                                            "t.phonetic_code",
                                                                            "t.episode_of_id",
                                                                            "t.season_nr",
                                                                            "t.episode_nr",
                                                                            "t.series_years",
                                                                            "t.md5sum"
                                                                        ],
                                                                        "Recheck Cond": "(t.id = ci.movie_id)",
                                                                        "Rows Removed by Index Recheck": 0,
                                                                        "Filter": "(t.production_year > 2005)",
                                                                        "Rows Removed by Filter": 1,
                                                                        "Exact Heap Blocks": 283686,
                                                                        "Lossy Heap Blocks": 0,
                                                                        "Plans": [
                                                                            {
                                                                                "Node Type": "Bitmap Index Scan",
                                                                                "Parent Relationship": "Outer",
                                                                                "Parallel Aware": false,
                                                                                "Index Name": "title_pkey",
                                                                                "Startup Cost": 0.0,
                                                                                "Total Cost": 0.45,
                                                                                "Plan Rows": 1,
                                                                                "Plan Width": 0,
                                                                                "Actual Startup Time": 0.003,
                                                                                "Actual Total Time": 0.003,
                                                                                "Actual Rows": 1,
                                                                                "Actual Loops": 283686,
                                                                                "Index Cond": "(t.id = ci.movie_id)"
                                                                            }
                                                                        ]
                                                                    }
                                                                ]
                                                            },
                                                            {
                                                                "Node Type": "Bitmap Heap Scan",
                                                                "Parent Relationship": "Inner",
                                                                "Parallel Aware": false,
                                                                "Relation Name": "movie_info",
                                                                "Schema": "public",
                                                                "Alias": "mi",
                                                                "Startup Cost": 0.81,
                                                                "Total Cost": 5.3,
                                                                "Plan Rows": 39,
                                                                "Plan Width": 8,
                                                                "Actual Startup Time": 0.007,
                                                                "Actual Total Time": 0.013,
                                                                "Actual Rows": 9,
                                                                "Actual Loops": 121148,
                                                                "Output": [
                                                                    "mi.id",
                                                                    "mi.movie_id",
                                                                    "mi.info_type_id",
                                                                    "mi.info",
                                                                    "mi.note"
                                                                ],
                                                                "Recheck Cond": "(mi.movie_id = ci.movie_id)",
                                                                "Rows Removed by Index Recheck": 0,
                                                                "Exact Heap Blocks": 502812,
                                                                "Lossy Heap Blocks": 0,
                                                                "Plans": [
                                                                    {
                                                                        "Node Type": "Bitmap Index Scan",
                                                                        "Parent Relationship": "Outer",
                                                                        "Parallel Aware": false,
                                                                        "Index Name": "movie_id_movie_info",
                                                                        "Startup Cost": 0.0,
                                                                        "Total Cost": 0.8,
                                                                        "Plan Rows": 39,
                                                                        "Plan Width": 0,
                                                                        "Actual Startup Time": 0.005,
                                                                        "Actual Total Time": 0.005,
                                                                        "Actual Rows": 9,
                                                                        "Actual Loops": 121148,
                                                                        "Index Cond": "(mi.movie_id = ci.movie_id)"
                                                                    }
                                                                ]
                                                            }
                                                        ]
                                                    },
                                                    {
                                                        "Node Type": "Bitmap Heap Scan",
                                                        "Parent Relationship": "Inner",
                                                        "Parallel Aware": false,
                                                        "Relation Name": "info_type",
                                                        "Schema": "public",
                                                        "Alias": "it",
                                                        "Startup Cost": 0.15,
                                                        "Total Cost": 4.17,
                                                        "Plan Rows": 1,
                                                        "Plan Width": 4,
                                                        "Actual Startup Time": 0.002,
                                                        "Actual Total Time": 0.002,
                                                        "Actual Rows": 0,
                                                        "Actual Loops": 1116711,
                                                        "Output": [
                                                            "it.id",
                                                            "it.info"
                                                        ],
                                                        "Recheck Cond": "(it.id = mi.info_type_id)",
                                                        "Rows Removed by Index Recheck": 0,
                                                        "Filter": "((it.info)::text = 'release dates'::text)",
                                                        "Rows Removed by Filter": 1,
                                                        "Exact Heap Blocks": 1116711,
                                                        "Lossy Heap Blocks": 0,
                                                        "Plans": [
                                                            {
                                                                "Node Type": "Bitmap Index Scan",
                                                                "Parent Relationship": "Outer",
                                                                "Parallel Aware": false,
                                                                "Index Name": "info_type_pkey",
                                                                "Startup Cost": 0.0,
                                                                "Total Cost": 0.15,
                                                                "Plan Rows": 1,
                                                                "Plan Width": 0,
                                                                "Actual Startup Time": 0.001,
                                                                "Actual Total Time": 0.001,
                                                                "Actual Rows": 1,
                                                                "Actual Loops": 1116711,
                                                                "Index Cond": "(it.id = mi.info_type_id)"
                                                            }
                                                        ]
                                                    }
                                                ]
                                            },
                                            {
                                                "Node Type": "Bitmap Heap Scan",
                                                "Parent Relationship": "Inner",
                                                "Parallel Aware": false,
                                                "Relation Name": "char_name",
                                                "Schema": "public",
                                                "Alias": "chn",
                                                "Startup Cost": 0.45,
                                                "Total Cost": 4.47,
                                                "Plan Rows": 1,
                                                "Plan Width": 4,
                                                "Actual Startup Time": 0.003,
                                                "Actual Total Time": 0.003,
                                                "Actual Rows": 1,
                                                "Actual Loops": 252409,
                                                "Output": [
                                                    "chn.id",
                                                    "chn.name",
                                                    "chn.imdb_index",
                                                    "chn.imdb_id",
                                                    "chn.name_pcode_nf",
                                                    "chn.surname_pcode",
                                                    "chn.md5sum"
                                                ],
                                                "Recheck Cond": "(chn.id = ci.person_role_id)",
                                                "Rows Removed by Index Recheck": 0,
                                                "Exact Heap Blocks": 220933,
                                                "Lossy Heap Blocks": 0,
                                                "Plans": [
                                                    {
                                                        "Node Type": "Bitmap Index Scan",
                                                        "Parent Relationship": "Outer",
                                                        "Parallel Aware": false,
                                                        "Index Name": "char_name_pkey",
                                                        "Startup Cost": 0.0,
                                                        "Total Cost": 0.45,
                                                        "Plan Rows": 1,
                                                        "Plan Width": 0,
                                                        "Actual Startup Time": 0.002,
                                                        "Actual Total Time": 0.002,
                                                        "Actual Rows": 1,
                                                        "Actual Loops": 252409,
                                                        "Index Cond": "(chn.id = ci.person_role_id)"
                                                    }
                                                ]
                                            }
                                        ]
                                    },
                                    {
                                        "Node Type": "Bitmap Heap Scan",
                                        "Parent Relationship": "Inner",
                                        "Parallel Aware": false,
                                        "Relation Name": "movie_companies",
                                        "Schema": "public",
                                        "Alias": "mc",
                                        "Startup Cost": 0.47,
                                        "Total Cost": 4.53,
                                        "Plan Rows": 5,
                                        "Plan Width": 8,
                                        "Actual Startup Time": 0.004,
                                        "Actual Total Time": 0.006,
                                        "Actual Rows": 10,
                                        "Actual Loops": 220933,
                                        "Output": [
                                            "mc.id",
                                            "mc.movie_id",
                                            "mc.company_id",
                                            "mc.company_type_id",
                                            "mc.note"
                                        ],
                                        "Recheck Cond": "(mc.movie_id = mi.movie_id)",
                                        "Rows Removed by Index Recheck": 0,
                                        "Exact Heap Blocks": 304894,
                                        "Lossy Heap Blocks": 0,
                                        "Plans": [
                                            {
                                                "Node Type": "Bitmap Index Scan",
                                                "Parent Relationship": "Outer",
                                                "Parallel Aware": false,
                                                "Index Name": "movie_id_movie_companies",
                                                "Startup Cost": 0.0,
                                                "Total Cost": 0.47,
                                                "Plan Rows": 5,
                                                "Plan Width": 0,
                                                "Actual Startup Time": 0.003,
                                                "Actual Total Time": 0.003,
                                                "Actual Rows": 10,
                                                "Actual Loops": 220933,
                                                "Index Cond": "(mc.movie_id = mi.movie_id)"
                                            }
                                        ]
                                    }
                                ]
                            },
                            {
                                "Node Type": "Bitmap Heap Scan",
                                "Parent Relationship": "Inner",
                                "Parallel Aware": false,
                                "Relation Name": "company_name",
                                "Schema": "public",
                                "Alias": "cn",
                                "Startup Cost": 0.43,
                                "Total Cost": 4.44,
                                "Plan Rows": 1,
                                "Plan Width": 4,
                                "Actual Startup Time": 0.003,
                                "Actual Total Time": 0.003,
                                "Actual Rows": 0,
                                "Actual Loops": 2140636,
                                "Output": [
                                    "cn.id",
                                    "cn.name",
                                    "cn.country_code",
                                    "cn.imdb_id",
                                    "cn.name_pcode_nf",
                                    "cn.name_pcode_sf",
                                    "cn.md5sum"
                                ],
                                "Recheck Cond": "(cn.id = mc.company_id)",
                                "Rows Removed by Index Recheck": 0,
                                "Filter": "((cn.country_code)::text = '[us]'::text)",
                                "Rows Removed by Filter": 1,
                                "Exact Heap Blocks": 2140636,
                                "Lossy Heap Blocks": 0,
                                "Plans": [
                                    {
                                        "Node Type": "Bitmap Index Scan",
                                        "Parent Relationship": "Outer",
                                        "Parallel Aware": false,
                                        "Index Name": "company_name_pkey",
                                        "Startup Cost": 0.0,
                                        "Total Cost": 0.43,
                                        "Plan Rows": 1,
                                        "Plan Width": 0,
                                        "Actual Startup Time": 0.002,
                                        "Actual Total Time": 0.002,
                                        "Actual Rows": 1,
                                        "Actual Loops": 2140636,
                                        "Index Cond": "(cn.id = mc.company_id)"
                                    }
                                ]
                            }
                        ]
                    },
                    {
                        "Node Type": "Bitmap Heap Scan",
                        "Parent Relationship": "Inner",
                        "Parallel Aware": false,
                        "Relation Name": "aka_name",
                        "Schema": "public",
                        "Alias": "an",
                        "Startup Cost": 0.44,
                        "Total Cost": 4.47,
                        "Plan Rows": 2,
                        "Plan Width": 4,
                        "Actual Startup Time": 0.003,
                        "Actual Total Time": 0.003,
                        "Actual Rows": 2,
                        "Actual Loops": 541397,
                        "Output": [
                            "an.id",
                            "an.person_id",
                            "an.name",
                            "an.imdb_index",
                            "an.name_pcode_cf",
                            "an.name_pcode_nf",
                            "an.surname_pcode",
                            "an.md5sum"
                        ],
                        "Recheck Cond": "(an.person_id = ci.person_id)",
                        "Rows Removed by Index Recheck": 0,
                        "Exact Heap Blocks": 449224,
                        "Lossy Heap Blocks": 0,
                        "Plans": [
                            {
                                "Node Type": "Bitmap Index Scan",
                                "Parent Relationship": "Outer",
                                "Parallel Aware": false,
                                "Index Name": "person_id_aka_name",
                                "Startup Cost": 0.0,
                                "Total Cost": 0.44,
                                "Plan Rows": 2,
                                "Plan Width": 0,
                                "Actual Startup Time": 0.002,
                                "Actual Total Time": 0.002,
                                "Actual Rows": 2,
                                "Actual Loops": 541397,
                                "Index Cond": "(an.person_id = ci.person_id)"
                            }
                        ]
                    }
                ]
            }
        ]
    },
    "Planning Time": 26.31,
    "Triggers": [],
    "Execution Time": 41771.754
}