[
    {
        "Bao": {
            "Bao prediction": "NaN",
            "Bao recommended hint": "(no hint)"
        }
    },
    {
        "Plan": {
            "Node Type": "Aggregate",
            "Strategy": "Plain",
            "Partial Mode": "Finalize",
            "Parallel Aware": false,
            "Startup Cost": 377151.23,
            "Total Cost": 377151.24,
            "Plan Rows": 1,
            "Plan Width": 8,
            "Actual Startup Time": 797.137,
            "Actual Total Time": 828.227,
            "Actual Rows": 1,
            "Actual Loops": 1,
            "Output": [
                "count(*)"
            ],
            "Plans": [
                {
                    "Node Type": "Gather",
                    "Parent Relationship": "Outer",
                    "Parallel Aware": false,
                    "Startup Cost": 377150.61,
                    "Total Cost": 377151.22,
                    "Plan Rows": 6,
                    "Plan Width": 8,
                    "Actual Startup Time": 792.119,
                    "Actual Total Time": 828.215,
                    "Actual Rows": 7,
                    "Actual Loops": 1,
                    "Output": [
                        "(PARTIAL count(*))"
                    ],
                    "Workers Planned": 6,
                    "Workers Launched": 6,
                    "Single Copy": false,
                    "Plans": [
                        {
                            "Node Type": "Aggregate",
                            "Strategy": "Plain",
                            "Partial Mode": "Partial",
                            "Parent Relationship": "Outer",
                            "Parallel Aware": false,
                            "Startup Cost": 376150.61,
                            "Total Cost": 376150.62,
                            "Plan Rows": 1,
                            "Plan Width": 8,
                            "Actual Startup Time": 781.88,
                            "Actual Total Time": 781.884,
                            "Actual Rows": 1,
                            "Actual Loops": 7,
                            "Output": [
                                "PARTIAL count(*)"
                            ],
                            "Workers": [
                                {
                                    "Worker Number": 0,
                                    "Actual Startup Time": 779.458,
                                    "Actual Total Time": 779.46,
                                    "Actual Rows": 1,
                                    "Actual Loops": 1
                                },
                                {
                                    "Worker Number": 1,
                                    "Actual Startup Time": 779.837,
                                    "Actual Total Time": 779.84,
                                    "Actual Rows": 1,
                                    "Actual Loops": 1
                                },
                                {
                                    "Worker Number": 2,
                                    "Actual Startup Time": 780.064,
                                    "Actual Total Time": 780.066,
                                    "Actual Rows": 1,
                                    "Actual Loops": 1
                                },
                                {
                                    "Worker Number": 3,
                                    "Actual Startup Time": 780.136,
                                    "Actual Total Time": 780.137,
                                    "Actual Rows": 1,
                                    "Actual Loops": 1
                                },
                                {
                                    "Worker Number": 4,
                                    "Actual Startup Time": 781.278,
                                    "Actual Total Time": 781.28,
                                    "Actual Rows": 1,
                                    "Actual Loops": 1
                                },
                                {
                                    "Worker Number": 5,
                                    "Actual Startup Time": 781.006,
                                    "Actual Total Time": 781.009,
                                    "Actual Rows": 1,
                                    "Actual Loops": 1
                                }
                            ],
                            "Plans": [
                                {
                                    "Node Type": "Hash Join",
                                    "Parent Relationship": "Outer",
                                    "Parallel Aware": true,
                                    "Join Type": "Inner",
                                    "Startup Cost": 45996.98,
                                    "Total Cost": 375759.03,
                                    "Plan Rows": 156632,
                                    "Plan Width": 0,
                                    "Actual Startup Time": 527.204,
                                    "Actual Total Time": 774.61,
                                    "Actual Rows": 127509,
                                    "Actual Loops": 7,
                                    "Inner Unique": true,
                                    "Hash Cond": "(ci.movie_id = t.id)",
                                    "Workers": [
                                        {
                                            "Worker Number": 0,
                                            "Actual Startup Time": 524.959,
                                            "Actual Total Time": 772.651,
                                            "Actual Rows": 144803,
                                            "Actual Loops": 1
                                        },
                                        {
                                            "Worker Number": 1,
                                            "Actual Startup Time": 525.66,
                                            "Actual Total Time": 772.764,
                                            "Actual Rows": 143154,
                                            "Actual Loops": 1
                                        },
                                        {
                                            "Worker Number": 2,
                                            "Actual Startup Time": 525.282,
                                            "Actual Total Time": 773.2,
                                            "Actual Rows": 139076,
                                            "Actual Loops": 1
                                        },
                                        {
                                            "Worker Number": 3,
                                            "Actual Startup Time": 525.605,
                                            "Actual Total Time": 773.362,
                                            "Actual Rows": 143684,
                                            "Actual Loops": 1
                                        },
                                        {
                                            "Worker Number": 4,
                                            "Actual Startup Time": 525.993,
                                            "Actual Total Time": 773.471,
                                            "Actual Rows": 100459,
                                            "Actual Loops": 1
                                        },
                                        {
                                            "Worker Number": 5,
                                            "Actual Startup Time": 526.264,
                                            "Actual Total Time": 773.309,
                                            "Actual Rows": 100512,
                                            "Actual Loops": 1
                                        }
                                    ],
                                    "Plans": [
                                        {
                                            "Node Type": "Seq Scan",
                                            "Parent Relationship": "Outer",
                                            "Parallel Aware": true,
                                            "Relation Name": "cast_info",
                                            "Schema": "public",
                                            "Alias": "ci",
                                            "Startup Cost": 0.0,
                                            "Total Cost": 328213.62,
                                            "Plan Rows": 589878,
                                            "Plan Width": 4,
                                            "Actual Startup Time": 403.06,
                                            "Actual Total Time": 526.471,
                                            "Actual Rows": 512461,
                                            "Actual Loops": 7,
                                            "Output": [
                                                "ci.id",
                                                "ci.person_id",
                                                "ci.movie_id",
                                                "ci.person_role_id",
                                                "ci.note",
                                                "ci.nr_order",
                                                "ci.role_id"
                                            ],
                                            "Filter": "(ci.person_id > 3412078)",
                                            "Rows Removed by Filter": 4665302,
                                            "Workers": [
                                                {
                                                    "Worker Number": 0,
                                                    "Actual Startup Time": 403.048,
                                                    "Actual Total Time": 527.924,
                                                    "Actual Rows": 582562,
                                                    "Actual Loops": 1
                                                },
                                                {
                                                    "Worker Number": 1,
                                                    "Actual Startup Time": 403.069,
                                                    "Actual Total Time": 524.569,
                                                    "Actual Rows": 568912,
                                                    "Actual Loops": 1
                                                },
                                                {
                                                    "Worker Number": 2,
                                                    "Actual Startup Time": 403.057,
                                                    "Actual Total Time": 524.652,
                                                    "Actual Rows": 567668,
                                                    "Actual Loops": 1
                                                },
                                                {
                                                    "Worker Number": 3,
                                                    "Actual Startup Time": 403.073,
                                                    "Actual Total Time": 527.161,
                                                    "Actual Rows": 576316,
                                                    "Actual Loops": 1
                                                },
                                                {
                                                    "Worker Number": 4,
                                                    "Actual Startup Time": 403.056,
                                                    "Actual Total Time": 531.459,
                                                    "Actual Rows": 399599,
                                                    "Actual Loops": 1
                                                },
                                                {
                                                    "Worker Number": 5,
                                                    "Actual Startup Time": 403.071,
                                                    "Actual Total Time": 533.577,
                                                    "Actual Rows": 401195,
                                                    "Actual Loops": 1
                                                }
                                            ]
                                        },
                                        {
                                            "Node Type": "Hash",
                                            "Parent Relationship": "Inner",
                                            "Parallel Aware": true,
                                            "Startup Cost": 43899.01,
                                            "Total Cost": 43899.01,
                                            "Plan Rows": 167838,
                                            "Plan Width": 4,
                                            "Actual Startup Time": 120.816,
                                            "Actual Total Time": 120.817,
                                            "Actual Rows": 94689,
                                            "Actual Loops": 7,
                                            "Output": [
                                                "t.id"
                                            ],
                                            "Hash Buckets": 1048576,
                                            "Original Hash Buckets": 1048576,
                                            "Hash Batches": 1,
                                            "Original Hash Batches": 1,
                                            "Peak Memory Usage": 34208,
                                            "Workers": [
                                                {
                                                    "Worker Number": 0,
                                                    "Actual Startup Time": 120.907,
                                                    "Actual Total Time": 120.907,
                                                    "Actual Rows": 105506,
                                                    "Actual Loops": 1
                                                },
                                                {
                                                    "Worker Number": 1,
                                                    "Actual Startup Time": 121.271,
                                                    "Actual Total Time": 121.272,
                                                    "Actual Rows": 102798,
                                                    "Actual Loops": 1
                                                },
                                                {
                                                    "Worker Number": 2,
                                                    "Actual Startup Time": 121.494,
                                                    "Actual Total Time": 121.495,
                                                    "Actual Rows": 102718,
                                                    "Actual Loops": 1
                                                },
                                                {
                                                    "Worker Number": 3,
                                                    "Actual Startup Time": 121.574,
                                                    "Actual Total Time": 121.575,
                                                    "Actual Rows": 105363,
                                                    "Actual Loops": 1
                                                },
                                                {
                                                    "Worker Number": 4,
                                                    "Actual Startup Time": 122.13,
                                                    "Actual Total Time": 122.131,
                                                    "Actual Rows": 76918,
                                                    "Actual Loops": 1
                                                },
                                                {
                                                    "Worker Number": 5,
                                                    "Actual Startup Time": 122.473,
                                                    "Actual Total Time": 122.474,
                                                    "Actual Rows": 73978,
                                                    "Actual Loops": 1
                                                }
                                            ],
                                            "Plans": [
                                                {
                                                    "Node Type": "Seq Scan",
                                                    "Parent Relationship": "Outer",
                                                    "Parallel Aware": true,
                                                    "Relation Name": "title",
                                                    "Schema": "public",
                                                    "Alias": "t",
                                                    "Startup Cost": 0.0,
                                                    "Total Cost": 43899.01,
                                                    "Plan Rows": 167838,
                                                    "Plan Width": 4,
                                                    "Actual Startup Time": 43.634,
                                                    "Actual Total Time": 80.053,
                                                    "Actual Rows": 94689,
                                                    "Actual Loops": 7,
                                                    "Output": [
                                                        "t.id"
                                                    ],
                                                    "Filter": "(t.kind_id = 1)",
                                                    "Rows Removed by Filter": 266498,
                                                    "Workers": [
                                                        {
                                                            "Worker Number": 0,
                                                            "Actual Startup Time": 49.798,
                                                            "Actual Total Time": 79.672,
                                                            "Actual Rows": 105506,
                                                            "Actual Loops": 1
                                                        },
                                                        {
                                                            "Worker Number": 1,
                                                            "Actual Startup Time": 49.912,
                                                            "Actual Total Time": 80.257,
                                                            "Actual Rows": 102798,
                                                            "Actual Loops": 1
                                                        },
                                                        {
                                                            "Worker Number": 2,
                                                            "Actual Startup Time": 50.342,
                                                            "Actual Total Time": 80.162,
                                                            "Actual Rows": 102718,
                                                            "Actual Loops": 1
                                                        },
                                                        {
                                                            "Worker Number": 3,
                                                            "Actual Startup Time": 49.806,
                                                            "Actual Total Time": 79.874,
                                                            "Actual Rows": 105363,
                                                            "Actual Loops": 1
                                                        },
                                                        {
                                                            "Worker Number": 4,
                                                            "Actual Startup Time": 49.783,
                                                            "Actual Total Time": 81.63,
                                                            "Actual Rows": 76918,
                                                            "Actual Loops": 1
                                                        },
                                                        {
                                                            "Worker Number": 5,
                                                            "Actual Startup Time": 50.218,
                                                            "Actual Total Time": 81.472,
                                                            "Actual Rows": 73978,
                                                            "Actual Loops": 1
                                                        }
                                                    ]
                                                }
                                            ]
                                        }
                                    ]
                                }
                            ]
                        }
                    ]
                }
            ]
        },
        "Planning Time": 277.772,
        "Triggers": [],
        "Execution Time": 828.35
    }
]