[
  {
    "Plan": {
      "Node Type": "Aggregate",
      "Strategy": "Plain",
      "Partial Mode": "Finalize",
      "Parallel Aware": false,
      "Startup Cost": 32000.81,
      "Total Cost": 32000.82,
      "Plan Rows": 1,
      "Plan Width": 8,
      "Actual Startup Time": 92.111,
      "Actual Total Time": 98.378,
      "Actual Rows": 1,
      "Actual Loops": 1,
      "Plans": [
        {
          "Node Type": "Gather",
          "Parent Relationship": "Outer",
          "Parallel Aware": false,
          "Startup Cost": 32000.49,
          "Total Cost": 32000.8,
          "Plan Rows": 3,
          "Plan Width": 8,
          "Actual Startup Time": 92.039,
          "Actual Total Time": 98.372,
          "Actual Rows": 4,
          "Actual Loops": 1,
          "Workers Planned": 3,
          "Workers Launched": 3,
          "Single Copy": false,
          "Plans": [
            {
              "Node Type": "Aggregate",
              "Strategy": "Plain",
              "Partial Mode": "Partial",
              "Parent Relationship": "Outer",
              "Parallel Aware": false,
              "Startup Cost": 31000.49,
              "Total Cost": 31000.5,
              "Plan Rows": 1,
              "Plan Width": 8,
              "Actual Startup Time": 89.406,
              "Actual Total Time": 89.407,
              "Actual Rows": 1,
              "Actual Loops": 4,
              "Plans": [
                {
                  "Node Type": "Seq Scan",
                  "Parent Relationship": "Outer",
                  "Parallel Aware": true,
                  "Relation Name": "movie_companies",
                  "Alias": "mc",
                  "Startup Cost": 0.0,
                  "Total Cost": 29310.68,
                  "Plan Rows": 675923,
                  "Plan Width": 0,
                  "Actual Startup Time": 0.017,
                  "Actual Total Time": 66.771,
                  "Actual Rows": 523348,
                  "Actual Loops": 4,
                  "Filter": "(company_id < 73548)",
                  "Rows Removed by Filter": 128934
                }
              ]
            }
          ]
        }
      ]
    },
    "Planning Time": 0.085,
    "Triggers": [],
    "Execution Time": 98.406
  }
]