[
    {
        "Bao": {
            "Bao prediction": "NaN",
            "Bao recommended hint": "(no hint)"
        }
    },
    {
        "Plan": {
            "Node Type": "Aggregate",
            "Strategy": "Plain",
            "Partial Mode": "Finalize",
            "Parallel Aware": false,
            "Startup Cost": 238643.18,
            "Total Cost": 238643.19,
            "Plan Rows": 1,
            "Plan Width": 8,
            "Actual Startup Time": 286.679,
            "Actual Total Time": 295.171,
            "Actual Rows": 1,
            "Actual Loops": 1,
            "Output": [
                "count(*)"
            ],
            "Plans": [
                {
                    "Node Type": "Gather",
                    "Parent Relationship": "Outer",
                    "Parallel Aware": false,
                    "Startup Cost": 238642.66,
                    "Total Cost": 238643.17,
                    "Plan Rows": 5,
                    "Plan Width": 8,
                    "Actual Startup Time": 279.371,
                    "Actual Total Time": 295.163,
                    "Actual Rows": 6,
                    "Actual Loops": 1,
                    "Output": [
                        "(PARTIAL count(*))"
                    ],
                    "Workers Planned": 5,
                    "Workers Launched": 5,
                    "Single Copy": false,
                    "Plans": [
                        {
                            "Node Type": "Aggregate",
                            "Strategy": "Plain",
                            "Partial Mode": "Partial",
                            "Parent Relationship": "Outer",
                            "Parallel Aware": false,
                            "Startup Cost": 237642.66,
                            "Total Cost": 237642.67,
                            "Plan Rows": 1,
                            "Plan Width": 8,
                            "Actual Startup Time": 270.194,
                            "Actual Total Time": 270.198,
                            "Actual Rows": 1,
                            "Actual Loops": 6,
                            "Output": [
                                "PARTIAL count(*)"
                            ],
                            "Workers": [
                                {
                                    "Worker Number": 0,
                                    "Actual Startup Time": 266.921,
                                    "Actual Total Time": 266.924,
                                    "Actual Rows": 1,
                                    "Actual Loops": 1
                                },
                                {
                                    "Worker Number": 1,
                                    "Actual Startup Time": 267.027,
                                    "Actual Total Time": 267.03,
                                    "Actual Rows": 1,
                                    "Actual Loops": 1
                                },
                                {
                                    "Worker Number": 2,
                                    "Actual Startup Time": 267.738,
                                    "Actual Total Time": 267.741,
                                    "Actual Rows": 1,
                                    "Actual Loops": 1
                                },
                                {
                                    "Worker Number": 3,
                                    "Actual Startup Time": 268.173,
                                    "Actual Total Time": 268.176,
                                    "Actual Rows": 1,
                                    "Actual Loops": 1
                                },
                                {
                                    "Worker Number": 4,
                                    "Actual Startup Time": 272.311,
                                    "Actual Total Time": 272.314,
                                    "Actual Rows": 1,
                                    "Actual Loops": 1
                                }
                            ],
                            "Plans": [
                                {
                                    "Node Type": "Hash Join",
                                    "Parent Relationship": "Outer",
                                    "Parallel Aware": true,
                                    "Join Type": "Inner",
                                    "Startup Cost": 71461.96,
                                    "Total Cost": 237492.86,
                                    "Plan Rows": 59918,
                                    "Plan Width": 0,
                                    "Actual Startup Time": 164.385,
                                    "Actual Total Time": 264.649,
                                    "Actual Rows": 112280,
                                    "Actual Loops": 6,
                                    "Inner Unique": true,
                                    "Hash Cond": "(mi.movie_id = t.id)",
                                    "Workers": [
                                        {
                                            "Worker Number": 0,
                                            "Actual Startup Time": 161.521,
                                            "Actual Total Time": 261.344,
                                            "Actual Rows": 115365,
                                            "Actual Loops": 1
                                        },
                                        {
                                            "Worker Number": 1,
                                            "Actual Startup Time": 161.272,
                                            "Actual Total Time": 261.459,
                                            "Actual Rows": 116336,
                                            "Actual Loops": 1
                                        },
                                        {
                                            "Worker Number": 2,
                                            "Actual Startup Time": 162.146,
                                            "Actual Total Time": 262.316,
                                            "Actual Rows": 112641,
                                            "Actual Loops": 1
                                        },
                                        {
                                            "Worker Number": 3,
                                            "Actual Startup Time": 162.544,
                                            "Actual Total Time": 262.759,
                                            "Actual Rows": 113113,
                                            "Actual Loops": 1
                                        },
                                        {
                                            "Worker Number": 4,
                                            "Actual Startup Time": 165.979,
                                            "Actual Total Time": 266.263,
                                            "Actual Rows": 82854,
                                            "Actual Loops": 1
                                        }
                                    ],
                                    "Plans": [
                                        {
                                            "Node Type": "Bitmap Heap Scan",
                                            "Parent Relationship": "Outer",
                                            "Parallel Aware": true,
                                            "Relation Name": "movie_info",
                                            "Schema": "public",
                                            "Alias": "mi",
                                            "Startup Cost": 24209.48,
                                            "Total Cost": 189539.59,
                                            "Plan Rows": 266969,
                                            "Plan Width": 4,
                                            "Actual Startup Time": 45.196,
                                            "Actual Total Time": 75.088,
                                            "Actual Rows": 220894,
                                            "Actual Loops": 6,
                                            "Output": [
                                                "mi.id",
                                                "mi.movie_id",
                                                "mi.info_type_id",
                                                "mi.info",
                                                "mi.note"
                                            ],
                                            "Recheck Cond": "(mi.info_type_id = 8)",
                                            "Rows Removed by Index Recheck": 0,
                                            "Exact Heap Blocks": 1662,
                                            "Lossy Heap Blocks": 0,
                                            "Workers": [
                                                {
                                                    "Worker Number": 0,
                                                    "Actual Startup Time": 45.339,
                                                    "Actual Total Time": 75.741,
                                                    "Actual Rows": 219326,
                                                    "Actual Loops": 1
                                                },
                                                {
                                                    "Worker Number": 1,
                                                    "Actual Startup Time": 45.191,
                                                    "Actual Total Time": 75.573,
                                                    "Actual Rows": 220574,
                                                    "Actual Loops": 1
                                                },
                                                {
                                                    "Worker Number": 2,
                                                    "Actual Startup Time": 45.377,
                                                    "Actual Total Time": 75.828,
                                                    "Actual Rows": 214360,
                                                    "Actual Loops": 1
                                                },
                                                {
                                                    "Worker Number": 3,
                                                    "Actual Startup Time": 45.181,
                                                    "Actual Total Time": 75.557,
                                                    "Actual Rows": 218078,
                                                    "Actual Loops": 1
                                                },
                                                {
                                                    "Worker Number": 4,
                                                    "Actual Startup Time": 45.206,
                                                    "Actual Total Time": 77.103,
                                                    "Actual Rows": 172590,
                                                    "Actual Loops": 1
                                                }
                                            ],
                                            "Plans": [
                                                {
                                                    "Node Type": "Bitmap Index Scan",
                                                    "Parent Relationship": "Outer",
                                                    "Parallel Aware": false,
                                                    "Index Name": "info_type_id_movie_info",
                                                    "Startup Cost": 0.0,
                                                    "Total Cost": 23875.77,
                                                    "Plan Rows": 1334844,
                                                    "Plan Width": 0,
                                                    "Actual Startup Time": 43.732,
                                                    "Actual Total Time": 43.733,
                                                    "Actual Rows": 1325361,
                                                    "Actual Loops": 1,
                                                    "Index Cond": "(mi.info_type_id = 8)"
                                                }
                                            ]
                                        },
                                        {
                                            "Node Type": "Hash",
                                            "Parent Relationship": "Inner",
                                            "Parallel Aware": true,
                                            "Startup Cost": 45479.21,
                                            "Total Cost": 45479.21,
                                            "Plan Rows": 141862,
                                            "Plan Width": 4,
                                            "Actual Startup Time": 117.027,
                                            "Actual Total Time": 117.028,
                                            "Actual Rows": 106964,
                                            "Actual Loops": 6,
                                            "Output": [
                                                "t.id"
                                            ],
                                            "Hash Buckets": 1048576,
                                            "Original Hash Buckets": 1048576,
                                            "Hash Batches": 1,
                                            "Original Hash Batches": 1,
                                            "Peak Memory Usage": 33408,
                                            "Workers": [
                                                {
                                                    "Worker Number": 0,
                                                    "Actual Startup Time": 115.473,
                                                    "Actual Total Time": 115.474,
                                                    "Actual Rows": 107695,
                                                    "Actual Loops": 1
                                                },
                                                {
                                                    "Worker Number": 1,
                                                    "Actual Startup Time": 115.584,
                                                    "Actual Total Time": 115.585,
                                                    "Actual Rows": 106717,
                                                    "Actual Loops": 1
                                                },
                                                {
                                                    "Worker Number": 2,
                                                    "Actual Startup Time": 116.335,
                                                    "Actual Total Time": 116.335,
                                                    "Actual Rows": 107410,
                                                    "Actual Loops": 1
                                                },
                                                {
                                                    "Worker Number": 3,
                                                    "Actual Startup Time": 116.738,
                                                    "Actual Total Time": 116.739,
                                                    "Actual Rows": 106753,
                                                    "Actual Loops": 1
                                                },
                                                {
                                                    "Worker Number": 4,
                                                    "Actual Startup Time": 120.41,
                                                    "Actual Total Time": 120.411,
                                                    "Actual Rows": 76518,
                                                    "Actual Loops": 1
                                                }
                                            ],
                                            "Plans": [
                                                {
                                                    "Node Type": "Seq Scan",
                                                    "Parent Relationship": "Outer",
                                                    "Parallel Aware": true,
                                                    "Relation Name": "title",
                                                    "Schema": "public",
                                                    "Alias": "t",
                                                    "Startup Cost": 0.0,
                                                    "Total Cost": 45479.21,
                                                    "Plan Rows": 141862,
                                                    "Plan Width": 4,
                                                    "Actual Startup Time": 0.043,
                                                    "Actual Total Time": 77.116,
                                                    "Actual Rows": 106964,
                                                    "Actual Loops": 6,
                                                    "Output": [
                                                        "t.id"
                                                    ],
                                                    "Filter": "((t.kind_id < 7) AND (t.production_year < 2006))",
                                                    "Rows Removed by Filter": 314421,
                                                    "Workers": [
                                                        {
                                                            "Worker Number": 0,
                                                            "Actual Startup Time": 0.074,
                                                            "Actual Total Time": 76.575,
                                                            "Actual Rows": 107695,
                                                            "Actual Loops": 1
                                                        },
                                                        {
                                                            "Worker Number": 1,
                                                            "Actual Startup Time": 0.052,
                                                            "Actual Total Time": 76.294,
                                                            "Actual Rows": 106717,
                                                            "Actual Loops": 1
                                                        },
                                                        {
                                                            "Worker Number": 2,
                                                            "Actual Startup Time": 0.049,
                                                            "Actual Total Time": 76.608,
                                                            "Actual Rows": 107410,
                                                            "Actual Loops": 1
                                                        },
                                                        {
                                                            "Worker Number": 3,
                                                            "Actual Startup Time": 0.041,
                                                            "Actual Total Time": 77.413,
                                                            "Actual Rows": 106753,
                                                            "Actual Loops": 1
                                                        },
                                                        {
                                                            "Worker Number": 4,
                                                            "Actual Startup Time": 0.03,
                                                            "Actual Total Time": 80.679,
                                                            "Actual Rows": 76518,
                                                            "Actual Loops": 1
                                                        }
                                                    ]
                                                }
                                            ]
                                        }
                                    ]
                                }
                            ]
                        }
                    ]
                }
            ]
        },
        "Planning Time": 221.539,
        "Triggers": [],
        "Execution Time": 295.243
    }
]