[
  {
    "Plan": {
      "Node Type": "Aggregate",
      "Strategy": "Plain",
      "Partial Mode": "Finalize",
      "Parallel Aware": false,
      "Startup Cost": 70277.08,
      "Total Cost": 70277.09,
      "Plan Rows": 1,
      "Plan Width": 8,
      "Actual Startup Time": 230.89,
      "Actual Total Time": 244.777,
      "Actual Rows": 1,
      "Actual Loops": 1,
      "Plans": [
        {
          "Node Type": "Gather",
          "Parent Relationship": "Outer",
          "Parallel Aware": false,
          "Startup Cost": 70276.66,
          "Total Cost": 70277.07,
          "Plan Rows": 4,
          "Plan Width": 8,
          "Actual Startup Time": 229.768,
          "Actual Total Time": 244.765,
          "Actual Rows": 5,
          "Actual Loops": 1,
          "Workers Planned": 4,
          "Workers Launched": 4,
          "Single Copy": false,
          "Plans": [
            {
              "Node Type": "Aggregate",
              "Strategy": "Plain",
              "Partial Mode": "Partial",
              "Parent Relationship": "Outer",
              "Parallel Aware": false,
              "Startup Cost": 69276.66,
              "Total Cost": 69276.67,
              "Plan Rows": 1,
              "Plan Width": 8,
              "Actual Startup Time": 219.924,
              "Actual Total Time": 219.978,
              "Actual Rows": 1,
              "Actual Loops": 5,
              "Plans": [
                {
                  "Node Type": "Hash Join",
                  "Parent Relationship": "Outer",
                  "Parallel Aware": true,
                  "Join Type": "Inner",
                  "Startup Cost": 22513.07,
                  "Total Cost": 69241.12,
                  "Plan Rows": 14214,
                  "Plan Width": 0,
                  "Actual Startup Time": 60.07,
                  "Actual Total Time": 218.457,
                  "Actual Rows": 21552,
                  "Actual Loops": 5,
                  "Inner Unique": false,
                  "Hash Cond": "(t.id = mc.movie_id)",
                  "Plans": [
                    {
                      "Node Type": "Seq Scan",
                      "Parent Relationship": "Outer",
                      "Parallel Aware": true,
                      "Relation Name": "title",
                      "Alias": "t",
                      "Startup Cost": 0.0,
                      "Total Cost": 43898.92,
                      "Plan Rows": 556658,
                      "Plan Width": 4,
                      "Actual Startup Time": 0.015,
                      "Actual Total Time": 88.1,
                      "Actual Rows": 444914,
                      "Actual Loops": 5,
                      "Filter": "(production_year < 2012)",
                      "Rows Removed by Filter": 60749
                    },
                    {
                      "Node Type": "Hash",
                      "Parent Relationship": "Inner",
                      "Parallel Aware": true,
                      "Startup Cost": 22252.75,
                      "Total Cost": 22252.75,
                      "Plan Rows": 20825,
                      "Plan Width": 4,
                      "Actual Startup Time": 58.874,
                      "Actual Total Time": 58.875,
                      "Actual Rows": 22253,
                      "Actual Loops": 5,
                      "Hash Buckets": 131072,
                      "Original Hash Buckets": 65536,
                      "Hash Batches": 1,
                      "Original Hash Batches": 1,
                      "Peak Memory Usage": 5984,
                      "Plans": [
                        {
                          "Node Type": "Bitmap Heap Scan",
                          "Parent Relationship": "Outer",
                          "Parallel Aware": true,
                          "Relation Name": "movie_companies",
                          "Alias": "mc",
                          "Startup Cost": 2828.17,
                          "Total Cost": 22252.75,
                          "Plan Rows": 20825,
                          "Plan Width": 4,
                          "Actual Startup Time": 14.672,
                          "Actual Total Time": 43.86,
                          "Actual Rows": 22253,
                          "Actual Loops": 5,
                          "Recheck Cond": "(company_id < 27)",
                          "Rows Removed by Index Recheck": 0,
                          "Filter": "(company_type_id < 2)",
                          "Rows Removed by Filter": 4708,
                          "Exact Heap Blocks": 5288,
                          "Lossy Heap Blocks": 0,
                          "Plans": [
                            {
                              "Node Type": "Bitmap Index Scan",
                              "Parent Relationship": "Outer",
                              "Parallel Aware": false,
                              "Index Name": "company_id_movie_companies",
                              "Startup Cost": 0.0,
                              "Total Cost": 2812.03,
                              "Plan Rows": 131147,
                              "Plan Width": 0,
                              "Actual Startup Time": 16.645,
                              "Actual Total Time": 16.645,
                              "Actual Rows": 134807,
                              "Actual Loops": 1,
                              "Index Cond": "(company_id < 27)"
                            }
                          ]
                        }
                      ]
                    }
                  ]
                }
              ]
            }
          ]
        }
      ]
    },
    "Planning Time": 0.69,
    "Triggers": [],
    "Execution Time": 244.87
  }
]