{
  "Plan": {
    "Node Type": "Aggregate",
    "Strategy": "Plain",
    "Partial Mode": "Finalize",
    "Parallel Aware": false,
    "Startup Cost": 2681451.06,
    "Total Cost": 2681451.07,
    "Plan Rows": 1,
    "Plan Width": 8,
    "Actual Startup Time": 28569.252,
    "Actual Total Time": 28683.395,
    "Actual Rows": 1,
    "Actual Loops": 1,
    "Plans": [
      {
        "Node Type": "Gather",
        "Parent Relationship": "Outer",
        "Parallel Aware": false,
        "Startup Cost": 2681450.94,
        "Total Cost": 2681451.05,
        "Plan Rows": 1,
        "Plan Width": 8,
        "Actual Startup Time": 28569.245,
        "Actual Total Time": 28683.389,
        "Actual Rows": 2,
        "Actual Loops": 1,
        "Workers Planned": 1,
        "Workers Launched": 1,
        "Single Copy": false,
        "Plans": [
          {
            "Node Type": "Aggregate",
            "Strategy": "Plain",
            "Partial Mode": "Partial",
            "Parent Relationship": "Outer",
            "Parallel Aware": false,
            "Startup Cost": 2680450.94,
            "Total Cost": 2680450.95,
            "Plan Rows": 1,
            "Plan Width": 8,
            "Actual Startup Time": 28562.86,
            "Actual Total Time": 28562.862,
            "Actual Rows": 1,
            "Actual Loops": 2,
            "Plans": [
              {
                "Node Type": "Merge Join",
                "Parent Relationship": "Outer",
                "Parallel Aware": false,
                "Join Type": "Inner",
                "Startup Cost": 57.45,
                "Total Cost": 2634230.85,
                "Plan Rows": 18488036,
                "Plan Width": 0,
                "Actual Startup Time": 9.149,
                "Actual Total Time": 26479.17,
                "Actual Rows": 53041412,
                "Actual Loops": 2,
                "Inner Unique": false,
                "Merge Cond": "(ci.movie_id = t.id)",
                "Plans": [
                  {
                    "Node Type": "Index Scan",
                    "Parent Relationship": "Outer",
                    "Parallel Aware": true,
                    "Scan Direction": "Forward",
                    "Index Name": "movie_id_cast_info",
                    "Relation Name": "cast_info",
                    "Alias": "ci",
                    "Startup Cost": 0.56,
                    "Total Cost": 1978621.64,
                    "Plan Rows": 16568842,
                    "Plan Width": 4,
                    "Actual Startup Time": 0.194,
                    "Actual Total Time": 15502.166,
                    "Actual Rows": 14010330,
                    "Actual Loops": 2,
                    "Filter": "(person_id > 803200)",
                    "Rows Removed by Filter": 4111174
                  },
                  {
                    "Node Type": "Materialize",
                    "Parent Relationship": "Inner",
                    "Parallel Aware": false,
                    "Startup Cost": 14.1,
                    "Total Cost": 344243.81,
                    "Plan Rows": 2821149,
                    "Plan Width": 8,
                    "Actual Startup Time": 0.251,
                    "Actual Total Time": 5338.434,
                    "Actual Rows": 54229984,
                    "Actual Loops": 2,
                    "Plans": [
                      {
                        "Node Type": "Merge Join",
                        "Parent Relationship": "Outer",
                        "Parallel Aware": false,
                        "Join Type": "Inner",
                        "Startup Cost": 14.1,
                        "Total Cost": 337190.94,
                        "Plan Rows": 2821149,
                        "Plan Width": 8,
                        "Actual Startup Time": 0.24,
                        "Actual Total Time": 3217.769,
                        "Actual Rows": 2351567,
                        "Actual Loops": 2,
                        "Inner Unique": true,
                        "Merge Cond": "(mk.movie_id = t.id)",
                        "Plans": [
                          {
                            "Node Type": "Index Only Scan",
                            "Parent Relationship": "Outer",
                            "Parallel Aware": false,
                            "Scan Direction": "Forward",
                            "Index Name": "movie_id_movie_keyword",
                            "Relation Name": "movie_keyword",
                            "Alias": "mk",
                            "Startup Cost": 0.43,
                            "Total Cost": 177188.06,
                            "Plan Rows": 4523930,
                            "Plan Width": 4,
                            "Actual Startup Time": 0.136,
                            "Actual Total Time": 900.328,
                            "Actual Rows": 4523930,
                            "Actual Loops": 2,
                            "Heap Fetches": 9047860
                          },
                          {
                            "Node Type": "Index Scan",
                            "Parent Relationship": "Inner",
                            "Parallel Aware": false,
                            "Scan Direction": "Forward",
                            "Index Name": "title_pkey",
                            "Relation Name": "title",
                            "Alias": "t",
                            "Startup Cost": 0.43,
                            "Total Cost": 116660.7,
                            "Plan Rows": 1576658,
                            "Plan Width": 4,
                            "Actual Startup Time": 0.099,
                            "Actual Total Time": 1873.082,
                            "Actual Rows": 1570172,
                            "Actual Loops": 2,
                            "Filter": "(production_year > 1996)",
                            "Rows Removed by Filter": 955801
                          }
                        ]
                      }
                    ]
                  }
                ]
              }
            ]
          }
        ]
      }
    ]
  },
  "Planning Time": 1.025,
  "Triggers": [],
  "Execution Time": 28683.51
}