[
  {
    "Plan": {
      "Node Type": "Aggregate",
      "Strategy": "Plain",
      "Partial Mode": "Finalize",
      "Parallel Aware": false,
      "Startup Cost": 182753.8,
      "Total Cost": 182753.81,
      "Plan Rows": 1,
      "Plan Width": 8,
      "Actual Startup Time": 677.303,
      "Actual Total Time": 706.825,
      "Actual Rows": 1,
      "Actual Loops": 1,
      "Plans": [
        {
          "Node Type": "Gather",
          "Parent Relationship": "Outer",
          "Parallel Aware": false,
          "Startup Cost": 182753.38,
          "Total Cost": 182753.79,
          "Plan Rows": 4,
          "Plan Width": 8,
          "Actual Startup Time": 674.961,
          "Actual Total Time": 706.802,
          "Actual Rows": 5,
          "Actual Loops": 1,
          "Workers Planned": 4,
          "Workers Launched": 4,
          "Single Copy": false,
          "Plans": [
            {
              "Node Type": "Aggregate",
              "Strategy": "Plain",
              "Partial Mode": "Partial",
              "Parent Relationship": "Outer",
              "Parallel Aware": false,
              "Startup Cost": 181753.38,
              "Total Cost": 181753.39,
              "Plan Rows": 1,
              "Plan Width": 8,
              "Actual Startup Time": 664.674,
              "Actual Total Time": 664.678,
              "Actual Rows": 1,
              "Actual Loops": 5,
              "Plans": [
                {
                  "Node Type": "Nested Loop",
                  "Parent Relationship": "Outer",
                  "Parallel Aware": false,
                  "Join Type": "Inner",
                  "Startup Cost": 29606.33,
                  "Total Cost": 181590.4,
                  "Plan Rows": 65194,
                  "Plan Width": 0,
                  "Actual Startup Time": 109.988,
                  "Actual Total Time": 658.377,
                  "Actual Rows": 85914,
                  "Actual Loops": 5,
                  "Inner Unique": false,
                  "Plans": [
                    {
                      "Node Type": "Hash Join",
                      "Parent Relationship": "Outer",
                      "Parallel Aware": true,
                      "Join Type": "Inner",
                      "Startup Cost": 29605.9,
                      "Total Cost": 75604.18,
                      "Plan Rows": 55268,
                      "Plan Width": 8,
                      "Actual Startup Time": 109.894,
                      "Actual Total Time": 291.138,
                      "Actual Rows": 47160,
                      "Actual Loops": 5,
                      "Inner Unique": false,
                      "Hash Cond": "(t.id = mc.movie_id)",
                      "Plans": [
                        {
                          "Node Type": "Seq Scan",
                          "Parent Relationship": "Outer",
                          "Parallel Aware": true,
                          "Relation Name": "title",
                          "Alias": "t",
                          "Startup Cost": 0.0,
                          "Total Cost": 43898.92,
                          "Plan Rows": 384216,
                          "Plan Width": 4,
                          "Actual Startup Time": 0.018,
                          "Actual Total Time": 82.327,
                          "Actual Rows": 308653,
                          "Actual Loops": 5,
                          "Filter": "(kind_id = 7)",
                          "Rows Removed by Filter": 197010
                        },
                        {
                          "Node Type": "Hash",
                          "Parent Relationship": "Inner",
                          "Parallel Aware": true,
                          "Startup Cost": 28139.44,
                          "Total Cost": 28139.44,
                          "Plan Rows": 117317,
                          "Plan Width": 4,
                          "Actual Startup Time": 107.087,
                          "Actual Total Time": 107.089,
                          "Actual Rows": 71613,
                          "Actual Loops": 5,
                          "Hash Buckets": 524288,
                          "Original Hash Buckets": 524288,
                          "Hash Batches": 1,
                          "Original Hash Batches": 1,
                          "Peak Memory Usage": 18176,
                          "Plans": [
                            {
                              "Node Type": "Bitmap Heap Scan",
                              "Parent Relationship": "Outer",
                              "Parallel Aware": true,
                              "Relation Name": "movie_companies",
                              "Alias": "mc",
                              "Startup Cost": 7882.97,
                              "Total Cost": 28139.44,
                              "Plan Rows": 117317,
                              "Plan Width": 4,
                              "Actual Startup Time": 29.182,
                              "Actual Total Time": 76.455,
                              "Actual Rows": 71613,
                              "Actual Loops": 5,
                              "Recheck Cond": "(company_id < 181)",
                              "Rows Removed by Index Recheck": 0,
                              "Exact Heap Blocks": 6364,
                              "Lossy Heap Blocks": 0,
                              "Plans": [
                                {
                                  "Node Type": "Bitmap Index Scan",
                                  "Parent Relationship": "Outer",
                                  "Parallel Aware": false,
                                  "Index Name": "company_id_movie_companies",
                                  "Startup Cost": 0.0,
                                  "Total Cost": 7792.05,
                                  "Plan Rows": 363683,
                                  "Plan Width": 0,
                                  "Actual Startup Time": 26.358,
                                  "Actual Total Time": 26.358,
                                  "Actual Rows": 358065,
                                  "Actual Loops": 1,
                                  "Index Cond": "(company_id < 181)"
                                }
                              ]
                            }
                          ]
                        }
                      ]
                    },
                    {
                      "Node Type": "Index Scan",
                      "Parent Relationship": "Inner",
                      "Parallel Aware": false,
                      "Scan Direction": "Forward",
                      "Index Name": "movie_id_movie_info",
                      "Relation Name": "movie_info",
                      "Alias": "mi",
                      "Startup Cost": 0.43,
                      "Total Cost": 1.84,
                      "Plan Rows": 8,
                      "Plan Width": 4,
                      "Actual Startup Time": 0.005,
                      "Actual Total Time": 0.007,
                      "Actual Rows": 2,
                      "Actual Loops": 235800,
                      "Index Cond": "(movie_id = t.id)",
                      "Rows Removed by Index Recheck": 0,
                      "Filter": "(info_type_id = 16)",
                      "Rows Removed by Filter": 7
                    }
                  ]
                }
              ]
            }
          ]
        }
      ]
    },
    "Planning Time": 1.516,
    "Triggers": [],
    "Execution Time": 706.941
  }
]