[
    {
        "Bao": {
            "Bao prediction": 1170.358,
            "Bao recommended hint": "SET enable_nestloop TO off; "
        }
    },
    {
        "Plan": {
            "Node Type": "Aggregate",
            "Strategy": "Plain",
            "Partial Mode": "Finalize",
            "Parallel Aware": false,
            "Startup Cost": 418592.12,
            "Total Cost": 418592.13,
            "Plan Rows": 1,
            "Plan Width": 8,
            "Actual Startup Time": 2136.433,
            "Actual Total Time": 2167.021,
            "Actual Rows": 1,
            "Actual Loops": 1,
            "Output": [
                "count(*)"
            ],
            "Plans": [
                {
                    "Node Type": "Gather",
                    "Parent Relationship": "Outer",
                    "Parallel Aware": false,
                    "Startup Cost": 418591.49,
                    "Total Cost": 418592.1,
                    "Plan Rows": 6,
                    "Plan Width": 8,
                    "Actual Startup Time": 2131.201,
                    "Actual Total Time": 2167.01,
                    "Actual Rows": 7,
                    "Actual Loops": 1,
                    "Output": [
                        "(PARTIAL count(*))"
                    ],
                    "Workers Planned": 6,
                    "Workers Launched": 6,
                    "Single Copy": false,
                    "Plans": [
                        {
                            "Node Type": "Aggregate",
                            "Strategy": "Plain",
                            "Partial Mode": "Partial",
                            "Parent Relationship": "Outer",
                            "Parallel Aware": false,
                            "Startup Cost": 417591.49,
                            "Total Cost": 417591.5,
                            "Plan Rows": 1,
                            "Plan Width": 8,
                            "Actual Startup Time": 2119.029,
                            "Actual Total Time": 2119.034,
                            "Actual Rows": 1,
                            "Actual Loops": 7,
                            "Output": [
                                "PARTIAL count(*)"
                            ],
                            "Workers": [
                                {
                                    "Worker Number": 0,
                                    "Actual Startup Time": 2116.105,
                                    "Actual Total Time": 2116.11,
                                    "Actual Rows": 1,
                                    "Actual Loops": 1
                                },
                                {
                                    "Worker Number": 1,
                                    "Actual Startup Time": 2116.024,
                                    "Actual Total Time": 2116.028,
                                    "Actual Rows": 1,
                                    "Actual Loops": 1
                                },
                                {
                                    "Worker Number": 2,
                                    "Actual Startup Time": 2116.061,
                                    "Actual Total Time": 2116.066,
                                    "Actual Rows": 1,
                                    "Actual Loops": 1
                                },
                                {
                                    "Worker Number": 3,
                                    "Actual Startup Time": 2116.215,
                                    "Actual Total Time": 2116.219,
                                    "Actual Rows": 1,
                                    "Actual Loops": 1
                                },
                                {
                                    "Worker Number": 4,
                                    "Actual Startup Time": 2119.312,
                                    "Actual Total Time": 2119.317,
                                    "Actual Rows": 1,
                                    "Actual Loops": 1
                                },
                                {
                                    "Worker Number": 5,
                                    "Actual Startup Time": 2119.381,
                                    "Actual Total Time": 2119.386,
                                    "Actual Rows": 1,
                                    "Actual Loops": 1
                                }
                            ],
                            "Plans": [
                                {
                                    "Node Type": "Hash Join",
                                    "Parent Relationship": "Outer",
                                    "Parallel Aware": true,
                                    "Join Type": "Inner",
                                    "Startup Cost": 79623.66,
                                    "Total Cost": 416630.25,
                                    "Plan Rows": 384496,
                                    "Plan Width": 0,
                                    "Actual Startup Time": 275.42,
                                    "Actual Total Time": 2039.826,
                                    "Actual Rows": 1309484,
                                    "Actual Loops": 7,
                                    "Inner Unique": false,
                                    "Hash Cond": "(ci.movie_id = t.id)",
                                    "Workers": [
                                        {
                                            "Worker Number": 0,
                                            "Actual Startup Time": 272.691,
                                            "Actual Total Time": 2037.799,
                                            "Actual Rows": 1303850,
                                            "Actual Loops": 1
                                        },
                                        {
                                            "Worker Number": 1,
                                            "Actual Startup Time": 272.466,
                                            "Actual Total Time": 2037.863,
                                            "Actual Rows": 1287351,
                                            "Actual Loops": 1
                                        },
                                        {
                                            "Worker Number": 2,
                                            "Actual Startup Time": 272.5,
                                            "Actual Total Time": 2036.804,
                                            "Actual Rows": 1275068,
                                            "Actual Loops": 1
                                        },
                                        {
                                            "Worker Number": 3,
                                            "Actual Startup Time": 272.752,
                                            "Actual Total Time": 2039.051,
                                            "Actual Rows": 1318653,
                                            "Actual Loops": 1
                                        },
                                        {
                                            "Worker Number": 4,
                                            "Actual Startup Time": 275.759,
                                            "Actual Total Time": 2041.23,
                                            "Actual Rows": 1274209,
                                            "Actual Loops": 1
                                        },
                                        {
                                            "Worker Number": 5,
                                            "Actual Startup Time": 275.922,
                                            "Actual Total Time": 2041.308,
                                            "Actual Rows": 1334838,
                                            "Actual Loops": 1
                                        }
                                    ],
                                    "Plans": [
                                        {
                                            "Node Type": "Seq Scan",
                                            "Parent Relationship": "Outer",
                                            "Parallel Aware": true,
                                            "Relation Name": "cast_info",
                                            "Schema": "public",
                                            "Alias": "ci",
                                            "Startup Cost": 0.0,
                                            "Total Cost": 313108.29,
                                            "Plan Rows": 6042129,
                                            "Plan Width": 4,
                                            "Actual Startup Time": 0.026,
                                            "Actual Total Time": 618.968,
                                            "Actual Rows": 5177763,
                                            "Actual Loops": 7,
                                            "Output": [
                                                "ci.id",
                                                "ci.person_id",
                                                "ci.movie_id",
                                                "ci.person_role_id",
                                                "ci.note",
                                                "ci.nr_order",
                                                "ci.role_id"
                                            ],
                                            "Workers": [
                                                {
                                                    "Worker Number": 0,
                                                    "Actual Startup Time": 0.035,
                                                    "Actual Total Time": 636.933,
                                                    "Actual Rows": 5103924,
                                                    "Actual Loops": 1
                                                },
                                                {
                                                    "Worker Number": 1,
                                                    "Actual Startup Time": 0.023,
                                                    "Actual Total Time": 615.182,
                                                    "Actual Rows": 5037783,
                                                    "Actual Loops": 1
                                                },
                                                {
                                                    "Worker Number": 2,
                                                    "Actual Startup Time": 0.027,
                                                    "Actual Total Time": 624.585,
                                                    "Actual Rows": 5014602,
                                                    "Actual Loops": 1
                                                },
                                                {
                                                    "Worker Number": 3,
                                                    "Actual Startup Time": 0.026,
                                                    "Actual Total Time": 635.372,
                                                    "Actual Rows": 5234474,
                                                    "Actual Loops": 1
                                                },
                                                {
                                                    "Worker Number": 4,
                                                    "Actual Startup Time": 0.026,
                                                    "Actual Total Time": 621.776,
                                                    "Actual Rows": 5065537,
                                                    "Actual Loops": 1
                                                },
                                                {
                                                    "Worker Number": 5,
                                                    "Actual Startup Time": 0.03,
                                                    "Actual Total Time": 641.996,
                                                    "Actual Rows": 5291073,
                                                    "Actual Loops": 1
                                                }
                                            ]
                                        },
                                        {
                                            "Node Type": "Hash",
                                            "Parent Relationship": "Inner",
                                            "Parallel Aware": true,
                                            "Startup Cost": 78974.89,
                                            "Total Cost": 78974.89,
                                            "Plan Rows": 51901,
                                            "Plan Width": 8,
                                            "Actual Startup Time": 273.449,
                                            "Actual Total Time": 273.453,
                                            "Actual Rows": 58822,
                                            "Actual Loops": 7,
                                            "Output": [
                                                "t.id",
                                                "mc.movie_id"
                                            ],
                                            "Hash Buckets": 524288,
                                            "Original Hash Buckets": 262144,
                                            "Hash Batches": 1,
                                            "Original Hash Batches": 1,
                                            "Peak Memory Usage": 22368,
                                            "Workers": [
                                                {
                                                    "Worker Number": 0,
                                                    "Actual Startup Time": 271.84,
                                                    "Actual Total Time": 271.843,
                                                    "Actual Rows": 59446,
                                                    "Actual Loops": 1
                                                },
                                                {
                                                    "Worker Number": 1,
                                                    "Actual Startup Time": 271.521,
                                                    "Actual Total Time": 271.524,
                                                    "Actual Rows": 56161,
                                                    "Actual Loops": 1
                                                },
                                                {
                                                    "Worker Number": 2,
                                                    "Actual Startup Time": 271.616,
                                                    "Actual Total Time": 271.619,
                                                    "Actual Rows": 57878,
                                                    "Actual Loops": 1
                                                },
                                                {
                                                    "Worker Number": 3,
                                                    "Actual Startup Time": 271.805,
                                                    "Actual Total Time": 271.808,
                                                    "Actual Rows": 59161,
                                                    "Actual Loops": 1
                                                },
                                                {
                                                    "Worker Number": 4,
                                                    "Actual Startup Time": 274.912,
                                                    "Actual Total Time": 274.915,
                                                    "Actual Rows": 57510,
                                                    "Actual Loops": 1
                                                },
                                                {
                                                    "Worker Number": 5,
                                                    "Actual Startup Time": 275.086,
                                                    "Actual Total Time": 275.089,
                                                    "Actual Rows": 59311,
                                                    "Actual Loops": 1
                                                }
                                            ],
                                            "Plans": [
                                                {
                                                    "Node Type": "Hash Join",
                                                    "Parent Relationship": "Outer",
                                                    "Parallel Aware": true,
                                                    "Join Type": "Inner",
                                                    "Startup Cost": 46597.6,
                                                    "Total Cost": 78974.89,
                                                    "Plan Rows": 51901,
                                                    "Plan Width": 8,
                                                    "Actual Startup Time": 185.894,
                                                    "Actual Total Time": 239.766,
                                                    "Actual Rows": 58822,
                                                    "Actual Loops": 7,
                                                    "Output": [
                                                        "t.id",
                                                        "mc.movie_id"
                                                    ],
                                                    "Inner Unique": true,
                                                    "Hash Cond": "(mc.movie_id = t.id)",
                                                    "Workers": [
                                                        {
                                                            "Worker Number": 0,
                                                            "Actual Startup Time": 184.221,
                                                            "Actual Total Time": 238.305,
                                                            "Actual Rows": 59446,
                                                            "Actual Loops": 1
                                                        },
                                                        {
                                                            "Worker Number": 1,
                                                            "Actual Startup Time": 184.024,
                                                            "Actual Total Time": 237.811,
                                                            "Actual Rows": 56161,
                                                            "Actual Loops": 1
                                                        },
                                                        {
                                                            "Worker Number": 2,
                                                            "Actual Startup Time": 184.009,
                                                            "Actual Total Time": 237.763,
                                                            "Actual Rows": 57878,
                                                            "Actual Loops": 1
                                                        },
                                                        {
                                                            "Worker Number": 3,
                                                            "Actual Startup Time": 184.313,
                                                            "Actual Total Time": 238.577,
                                                            "Actual Rows": 59161,
                                                            "Actual Loops": 1
                                                        },
                                                        {
                                                            "Worker Number": 4,
                                                            "Actual Startup Time": 187.338,
                                                            "Actual Total Time": 240.875,
                                                            "Actual Rows": 57510,
                                                            "Actual Loops": 1
                                                        },
                                                        {
                                                            "Worker Number": 5,
                                                            "Actual Startup Time": 187.489,
                                                            "Actual Total Time": 241.708,
                                                            "Actual Rows": 59311,
                                                            "Actual Loops": 1
                                                        }
                                                    ],
                                                    "Plans": [
                                                        {
                                                            "Node Type": "Seq Scan",
                                                            "Parent Relationship": "Outer",
                                                            "Parallel Aware": true,
                                                            "Relation Name": "movie_companies",
                                                            "Schema": "public",
                                                            "Alias": "mc",
                                                            "Startup Cost": 0.0,
                                                            "Total Cost": 31414.82,
                                                            "Plan Rows": 366659,
                                                            "Plan Width": 4,
                                                            "Actual Startup Time": 29.741,
                                                            "Actual Total Time": 63.919,
                                                            "Actual Rows": 178270,
                                                            "Actual Loops": 7,
                                                            "Output": [
                                                                "mc.id",
                                                                "mc.movie_id",
                                                                "mc.company_id",
                                                                "mc.company_type_id",
                                                                "mc.note"
                                                            ],
                                                            "Filter": "((mc.company_id > 222) AND (mc.company_type_id > 1))",
                                                            "Rows Removed by Filter": 194463,
                                                            "Workers": [
                                                                {
                                                                    "Worker Number": 0,
                                                                    "Actual Startup Time": 29.709,
                                                                    "Actual Total Time": 64.544,
                                                                    "Actual Rows": 176222,
                                                                    "Actual Loops": 1
                                                                },
                                                                {
                                                                    "Worker Number": 1,
                                                                    "Actual Startup Time": 29.66,
                                                                    "Actual Total Time": 63.701,
                                                                    "Actual Rows": 172870,
                                                                    "Actual Loops": 1
                                                                },
                                                                {
                                                                    "Worker Number": 2,
                                                                    "Actual Startup Time": 29.637,
                                                                    "Actual Total Time": 63.95,
                                                                    "Actual Rows": 177008,
                                                                    "Actual Loops": 1
                                                                },
                                                                {
                                                                    "Worker Number": 3,
                                                                    "Actual Startup Time": 29.789,
                                                                    "Actual Total Time": 64.619,
                                                                    "Actual Rows": 177034,
                                                                    "Actual Loops": 1
                                                                },
                                                                {
                                                                    "Worker Number": 4,
                                                                    "Actual Startup Time": 29.81,
                                                                    "Actual Total Time": 64.029,
                                                                    "Actual Rows": 175095,
                                                                    "Actual Loops": 1
                                                                },
                                                                {
                                                                    "Worker Number": 5,
                                                                    "Actual Startup Time": 29.804,
                                                                    "Actual Total Time": 64.953,
                                                                    "Actual Rows": 178815,
                                                                    "Actual Loops": 1
                                                                }
                                                            ]
                                                        },
                                                        {
                                                            "Node Type": "Hash",
                                                            "Parent Relationship": "Inner",
                                                            "Parallel Aware": true,
                                                            "Startup Cost": 45479.21,
                                                            "Total Cost": 45479.21,
                                                            "Plan Rows": 89471,
                                                            "Plan Width": 4,
                                                            "Actual Startup Time": 127.657,
                                                            "Actual Total Time": 127.658,
                                                            "Actual Rows": 60653,
                                                            "Actual Loops": 7,
                                                            "Output": [
                                                                "t.id"
                                                            ],
                                                            "Hash Buckets": 524288,
                                                            "Original Hash Buckets": 524288,
                                                            "Hash Batches": 1,
                                                            "Original Hash Batches": 1,
                                                            "Peak Memory Usage": 20832,
                                                            "Workers": [
                                                                {
                                                                    "Worker Number": 0,
                                                                    "Actual Startup Time": 127.251,
                                                                    "Actual Total Time": 127.252,
                                                                    "Actual Rows": 58209,
                                                                    "Actual Loops": 1
                                                                },
                                                                {
                                                                    "Worker Number": 1,
                                                                    "Actual Startup Time": 127.015,
                                                                    "Actual Total Time": 127.016,
                                                                    "Actual Rows": 57625,
                                                                    "Actual Loops": 1
                                                                },
                                                                {
                                                                    "Worker Number": 2,
                                                                    "Actual Startup Time": 127.018,
                                                                    "Actual Total Time": 127.019,
                                                                    "Actual Rows": 58015,
                                                                    "Actual Loops": 1
                                                                },
                                                                {
                                                                    "Worker Number": 3,
                                                                    "Actual Startup Time": 127.331,
                                                                    "Actual Total Time": 127.332,
                                                                    "Actual Rows": 59209,
                                                                    "Actual Loops": 1
                                                                },
                                                                {
                                                                    "Worker Number": 4,
                                                                    "Actual Startup Time": 130.341,
                                                                    "Actual Total Time": 130.342,
                                                                    "Actual Rows": 57533,
                                                                    "Actual Loops": 1
                                                                },
                                                                {
                                                                    "Worker Number": 5,
                                                                    "Actual Startup Time": 130.504,
                                                                    "Actual Total Time": 130.506,
                                                                    "Actual Rows": 59273,
                                                                    "Actual Loops": 1
                                                                }
                                                            ],
                                                            "Plans": [
                                                                {
                                                                    "Node Type": "Seq Scan",
                                                                    "Parent Relationship": "Outer",
                                                                    "Parallel Aware": true,
                                                                    "Relation Name": "title",
                                                                    "Schema": "public",
                                                                    "Alias": "t",
                                                                    "Startup Cost": 0.0,
                                                                    "Total Cost": 45479.21,
                                                                    "Plan Rows": 89471,
                                                                    "Plan Width": 4,
                                                                    "Actual Startup Time": 58.503,
                                                                    "Actual Total Time": 97.547,
                                                                    "Actual Rows": 60653,
                                                                    "Actual Loops": 7,
                                                                    "Output": [
                                                                        "t.id"
                                                                    ],
                                                                    "Filter": "((t.production_year < 2005) AND (t.kind_id = 1))",
                                                                    "Rows Removed by Filter": 300534,
                                                                    "Workers": [
                                                                        {
                                                                            "Worker Number": 0,
                                                                            "Actual Startup Time": 58.395,
                                                                            "Actual Total Time": 98.698,
                                                                            "Actual Rows": 58209,
                                                                            "Actual Loops": 1
                                                                        },
                                                                        {
                                                                            "Worker Number": 1,
                                                                            "Actual Startup Time": 58.691,
                                                                            "Actual Total Time": 97.056,
                                                                            "Actual Rows": 57625,
                                                                            "Actual Loops": 1
                                                                        },
                                                                        {
                                                                            "Worker Number": 2,
                                                                            "Actual Startup Time": 58.446,
                                                                            "Actual Total Time": 97.869,
                                                                            "Actual Rows": 58015,
                                                                            "Actual Loops": 1
                                                                        },
                                                                        {
                                                                            "Worker Number": 3,
                                                                            "Actual Startup Time": 58.652,
                                                                            "Actual Total Time": 98.824,
                                                                            "Actual Rows": 59209,
                                                                            "Actual Loops": 1
                                                                        },
                                                                        {
                                                                            "Worker Number": 4,
                                                                            "Actual Startup Time": 58.557,
                                                                            "Actual Total Time": 97.922,
                                                                            "Actual Rows": 57533,
                                                                            "Actual Loops": 1
                                                                        },
                                                                        {
                                                                            "Worker Number": 5,
                                                                            "Actual Startup Time": 58.344,
                                                                            "Actual Total Time": 98.5,
                                                                            "Actual Rows": 59273,
                                                                            "Actual Loops": 1
                                                                        }
                                                                    ]
                                                                }
                                                            ]
                                                        }
                                                    ]
                                                }
                                            ]
                                        }
                                    ]
                                }
                            ]
                        }
                    ]
                }
            ]
        },
        "Planning Time": 760.434,
        "Triggers": [],
        "Execution Time": 2167.138
    }
]