[
  {
    "Plan": {
      "Node Type": "Aggregate",
      "Strategy": "Plain",
      "Partial Mode": "Finalize",
      "Parallel Aware": false,
      "Startup Cost": 33111.45,
      "Total Cost": 33111.46,
      "Plan Rows": 1,
      "Plan Width": 8,
      "Actual Startup Time": 90.837,
      "Actual Total Time": 98.832,
      "Actual Rows": 1,
      "Actual Loops": 1,
      "Plans": [
        {
          "Node Type": "Gather",
          "Parent Relationship": "Outer",
          "Parallel Aware": false,
          "Startup Cost": 33111.13,
          "Total Cost": 33111.44,
          "Plan Rows": 3,
          "Plan Width": 8,
          "Actual Startup Time": 90.732,
          "Actual Total Time": 98.825,
          "Actual Rows": 4,
          "Actual Loops": 1,
          "Workers Planned": 3,
          "Workers Launched": 3,
          "Single Copy": false,
          "Plans": [
            {
              "Node Type": "Aggregate",
              "Strategy": "Plain",
              "Partial Mode": "Partial",
              "Parent Relationship": "Outer",
              "Parallel Aware": false,
              "Startup Cost": 32111.13,
              "Total Cost": 32111.14,
              "Plan Rows": 1,
              "Plan Width": 8,
              "Actual Startup Time": 87.372,
              "Actual Total Time": 87.373,
              "Actual Rows": 1,
              "Actual Loops": 4,
              "Plans": [
                {
                  "Node Type": "Seq Scan",
                  "Parent Relationship": "Outer",
                  "Parallel Aware": true,
                  "Relation Name": "movie_companies",
                  "Alias": "mc",
                  "Startup Cost": 0.0,
                  "Total Cost": 31414.82,
                  "Plan Rows": 278525,
                  "Plan Width": 0,
                  "Actual Startup Time": 0.014,
                  "Actual Total Time": 73.853,
                  "Actual Rows": 297106,
                  "Actual Loops": 4,
                  "Filter": "((company_id < 27007) AND (company_type_id < 2))",
                  "Rows Removed by Filter": 355176
                }
              ]
            }
          ]
        }
      ]
    },
    "Planning Time": 0.105,
    "Triggers": [],
    "Execution Time": 98.86
  }
]