[
  {
    "Plan": {
      "Node Type": "Aggregate",
      "Strategy": "Plain",
      "Partial Mode": "Finalize",
      "Parallel Aware": false,
      "Startup Cost": 96227.71,
      "Total Cost": 96227.72,
      "Plan Rows": 1,
      "Plan Width": 8,
      "Actual Startup Time": 622.177,
      "Actual Total Time": 641.083,
      "Actual Rows": 1,
      "Actual Loops": 1,
      "Plans": [
        {
          "Node Type": "Gather",
          "Parent Relationship": "Outer",
          "Parallel Aware": false,
          "Startup Cost": 96227.5,
          "Total Cost": 96227.71,
          "Plan Rows": 2,
          "Plan Width": 8,
          "Actual Startup Time": 614.988,
          "Actual Total Time": 641.071,
          "Actual Rows": 3,
          "Actual Loops": 1,
          "Workers Planned": 2,
          "Workers Launched": 2,
          "Single Copy": false,
          "Plans": [
            {
              "Node Type": "Aggregate",
              "Strategy": "Plain",
              "Partial Mode": "Partial",
              "Parent Relationship": "Outer",
              "Parallel Aware": false,
              "Startup Cost": 95227.5,
              "Total Cost": 95227.51,
              "Plan Rows": 1,
              "Plan Width": 8,
              "Actual Startup Time": 595.37,
              "Actual Total Time": 595.376,
              "Actual Rows": 1,
              "Actual Loops": 3,
              "Plans": [
                {
                  "Node Type": "Hash Join",
                  "Parent Relationship": "Outer",
                  "Parallel Aware": true,
                  "Join Type": "Inner",
                  "Startup Cost": 79190.9,
                  "Total Cost": 95142.29,
                  "Plan Rows": 34082,
                  "Plan Width": 0,
                  "Actual Startup Time": 537.268,
                  "Actual Total Time": 590.583,
                  "Actual Rows": 120419,
                  "Actual Loops": 3,
                  "Inner Unique": false,
                  "Hash Cond": "(mi_idx.movie_id = t.id)",
                  "Plans": [
                    {
                      "Node Type": "Seq Scan",
                      "Parent Relationship": "Outer",
                      "Parallel Aware": true,
                      "Relation Name": "movie_info_idx",
                      "Alias": "mi_idx",
                      "Startup Cost": 0.0,
                      "Total Cost": 13685.15,
                      "Plan Rows": 575015,
                      "Plan Width": 4,
                      "Actual Startup Time": 0.03,
                      "Actual Total Time": 34.611,
                      "Actual Rows": 460012,
                      "Actual Loops": 3
                    },
                    {
                      "Node Type": "Hash",
                      "Parent Relationship": "Inner",
                      "Parallel Aware": true,
                      "Startup Cost": 78586.64,
                      "Total Cost": 78586.64,
                      "Plan Rows": 48341,
                      "Plan Width": 8,
                      "Actual Startup Time": 502.664,
                      "Actual Total Time": 502.669,
                      "Actual Rows": 49078,
                      "Actual Loops": 3,
                      "Hash Buckets": 262144,
                      "Original Hash Buckets": 262144,
                      "Hash Batches": 1,
                      "Original Hash Batches": 1,
                      "Peak Memory Usage": 7872,
                      "Plans": [
                        {
                          "Node Type": "Hash Join",
                          "Parent Relationship": "Outer",
                          "Parallel Aware": true,
                          "Join Type": "Inner",
                          "Startup Cost": 53401.48,
                          "Total Cost": 78586.64,
                          "Plan Rows": 48341,
                          "Plan Width": 8,
                          "Actual Startup Time": 435.795,
                          "Actual Total Time": 490.145,
                          "Actual Rows": 49078,
                          "Actual Loops": 3,
                          "Inner Unique": true,
                          "Hash Cond": "(mk.movie_id = t.id)",
                          "Plans": [
                            {
                              "Node Type": "Bitmap Heap Scan",
                              "Parent Relationship": "Outer",
                              "Parallel Aware": true,
                              "Relation Name": "movie_keyword",
                              "Alias": "mk",
                              "Startup Cost": 3181.83,
                              "Total Cost": 28240.1,
                              "Plan Rows": 48341,
                              "Plan Width": 4,
                              "Actual Startup Time": 12.808,
                              "Actual Total Time": 49.055,
                              "Actual Rows": 49078,
                              "Actual Loops": 3,
                              "Recheck Cond": "(keyword_id > 74164)",
                              "Rows Removed by Index Recheck": 0,
                              "Exact Heap Blocks": 7732,
                              "Lossy Heap Blocks": 0,
                              "Plans": [
                                {
                                  "Node Type": "Bitmap Index Scan",
                                  "Parent Relationship": "Outer",
                                  "Parallel Aware": false,
                                  "Index Name": "keyword_id_movie_keyword",
                                  "Startup Cost": 0.0,
                                  "Total Cost": 3144.37,
                                  "Plan Rows": 149858,
                                  "Plan Width": 0,
                                  "Actual Startup Time": 10.005,
                                  "Actual Total Time": 10.005,
                                  "Actual Rows": 147233,
                                  "Actual Loops": 1,
                                  "Index Cond": "(keyword_id > 74164)"
                                }
                              ]
                            },
                            {
                              "Node Type": "Hash",
                              "Parent Relationship": "Inner",
                              "Parallel Aware": true,
                              "Startup Cost": 42318.73,
                              "Total Cost": 42318.73,
                              "Plan Rows": 632073,
                              "Plan Width": 4,
                              "Actual Startup Time": 409.737,
                              "Actual Total Time": 409.738,
                              "Actual Rows": 842771,
                              "Actual Loops": 3,
                              "Hash Buckets": 4194304,
                              "Original Hash Buckets": 4194304,
                              "Hash Batches": 1,
                              "Original Hash Batches": 1,
                              "Peak Memory Usage": 131744,
                              "Plans": [
                                {
                                  "Node Type": "Seq Scan",
                                  "Parent Relationship": "Outer",
                                  "Parallel Aware": true,
                                  "Relation Name": "title",
                                  "Alias": "t",
                                  "Startup Cost": 0.0,
                                  "Total Cost": 42318.73,
                                  "Plan Rows": 632073,
                                  "Plan Width": 4,
                                  "Actual Startup Time": 0.037,
                                  "Actual Total Time": 118.519,
                                  "Actual Rows": 842771,
                                  "Actual Loops": 3
                                }
                              ]
                            }
                          ]
                        }
                      ]
                    }
                  ]
                }
              ]
            }
          ]
        }
      ]
    },
    "Planning Time": 1.318,
    "Triggers": [],
    "Execution Time": 641.188
  }
]