{
  "Plan": {
    "Node Type": "Aggregate",
    "Strategy": "Plain",
    "Partial Mode": "Finalize",
    "Parallel Aware": false,
    "Startup Cost": 419902.18,
    "Total Cost": 419902.19,
    "Plan Rows": 1,
    "Plan Width": 8,
    "Actual Startup Time": 3633.632,
    "Actual Total Time": 3689.126,
    "Actual Rows": 1,
    "Actual Loops": 1,
    "Plans": [
      {
        "Node Type": "Gather",
        "Parent Relationship": "Outer",
        "Parallel Aware": false,
        "Startup Cost": 419902.07,
        "Total Cost": 419902.18,
        "Plan Rows": 1,
        "Plan Width": 8,
        "Actual Startup Time": 3630.288,
        "Actual Total Time": 3689.115,
        "Actual Rows": 2,
        "Actual Loops": 1,
        "Workers Planned": 1,
        "Workers Launched": 1,
        "Single Copy": false,
        "Plans": [
          {
            "Node Type": "Aggregate",
            "Strategy": "Plain",
            "Partial Mode": "Partial",
            "Parent Relationship": "Outer",
            "Parallel Aware": false,
            "Startup Cost": 418902.07,
            "Total Cost": 418902.08,
            "Plan Rows": 1,
            "Plan Width": 8,
            "Actual Startup Time": 3622.711,
            "Actual Total Time": 3623.023,
            "Actual Rows": 1,
            "Actual Loops": 2,
            "Plans": [
              {
                "Node Type": "Hash Join",
                "Parent Relationship": "Outer",
                "Parallel Aware": true,
                "Join Type": "Inner",
                "Startup Cost": 111030.47,
                "Total Cost": 417016.92,
                "Plan Rows": 754061,
                "Plan Width": 0,
                "Actual Startup Time": 488.856,
                "Actual Total Time": 3035.391,
                "Actual Rows": 15149910,
                "Actual Loops": 2,
                "Inner Unique": false,
                "Hash Cond": "(mi.movie_id = t.id)",
                "Plans": [
                  {
                    "Node Type": "Seq Scan",
                    "Parent Relationship": "Outer",
                    "Parallel Aware": true,
                    "Relation Name": "movie_info",
                    "Alias": "mi",
                    "Startup Cost": 0.0,
                    "Total Cost": 270696.42,
                    "Plan Rows": 8227834,
                    "Plan Width": 4,
                    "Actual Startup Time": 0.018,
                    "Actual Total Time": 787.182,
                    "Actual Rows": 7016790,
                    "Actual Loops": 2,
                    "Filter": "(info_type_id > 1)",
                    "Rows Removed by Filter": 401070
                  },
                  {
                    "Node Type": "Hash",
                    "Parent Relationship": "Inner",
                    "Parallel Aware": true,
                    "Startup Cost": 109326.71,
                    "Total Cost": 109326.71,
                    "Plan Rows": 136301,
                    "Plan Width": 8,
                    "Actual Startup Time": 484.048,
                    "Actual Total Time": 484.359,
                    "Actual Rows": 220020,
                    "Actual Loops": 2,
                    "Hash Buckets": 524288,
                    "Original Hash Buckets": 262144,
                    "Hash Batches": 1,
                    "Original Hash Batches": 1,
                    "Peak Memory Usage": 23392,
                    "Plans": [
                      {
                        "Node Type": "Hash Join",
                        "Parent Relationship": "Outer",
                        "Parallel Aware": true,
                        "Join Type": "Inner",
                        "Startup Cost": 78928.14,
                        "Total Cost": 109326.71,
                        "Plan Rows": 136301,
                        "Plan Width": 8,
                        "Actual Startup Time": 296.143,
                        "Actual Total Time": 440.508,
                        "Actual Rows": 220020,
                        "Actual Loops": 2,
                        "Inner Unique": true,
                        "Hash Cond": "(mk.movie_id = t.id)",
                        "Plans": [
                          {
                            "Node Type": "Bitmap Heap Scan",
                            "Parent Relationship": "Outer",
                            "Parallel Aware": true,
                            "Relation Name": "movie_keyword",
                            "Alias": "mk",
                            "Startup Cost": 14174.6,
                            "Total Cost": 43541.46,
                            "Plan Rows": 393029,
                            "Plan Width": 4,
                            "Actual Startup Time": 44.366,
                            "Actual Total Time": 118.885,
                            "Actual Rows": 328707,
                            "Actual Loops": 2,
                            "Recheck Cond": "(keyword_id > 28588)",
                            "Rows Removed by Index Recheck": 0,
                            "Exact Heap Blocks": 13375,
                            "Lossy Heap Blocks": 0,
                            "Plans": [
                              {
                                "Node Type": "Bitmap Index Scan",
                                "Parent Relationship": "Outer",
                                "Parallel Aware": false,
                                "Index Name": "keyword_id_movie_keyword",
                                "Startup Cost": 0.0,
                                "Total Cost": 14007.56,
                                "Plan Rows": 668150,
                                "Plan Width": 0,
                                "Actual Startup Time": 40.809,
                                "Actual Total Time": 40.809,
                                "Actual Rows": 657414,
                                "Actual Loops": 1,
                                "Index Cond": "(keyword_id > 28588)"
                              }
                            ]
                          },
                          {
                            "Node Type": "Hash",
                            "Parent Relationship": "Inner",
                            "Parallel Aware": true,
                            "Startup Cost": 58306.47,
                            "Total Cost": 58306.47,
                            "Plan Rows": 515766,
                            "Plan Width": 4,
                            "Actual Startup Time": 244.691,
                            "Actual Total Time": 244.692,
                            "Actual Rows": 393320,
                            "Actual Loops": 2,
                            "Hash Buckets": 1048576,
                            "Original Hash Buckets": 1048576,
                            "Hash Batches": 1,
                            "Original Hash Batches": 1,
                            "Peak Memory Usage": 38976,
                            "Plans": [
                              {
                                "Node Type": "Seq Scan",
                                "Parent Relationship": "Outer",
                                "Parallel Aware": true,
                                "Relation Name": "title",
                                "Alias": "t",
                                "Startup Cost": 0.0,
                                "Total Cost": 58306.47,
                                "Plan Rows": 515766,
                                "Plan Width": 4,
                                "Actual Startup Time": 0.029,
                                "Actual Total Time": 154.118,
                                "Actual Rows": 393320,
                                "Actual Loops": 2,
                                "Filter": "((kind_id < 7) AND (production_year > 1958))",
                                "Rows Removed by Filter": 870836
                              }
                            ]
                          }
                        ]
                      }
                    ]
                  }
                ]
              }
            ]
          }
        ]
      }
    ]
  },
  "Planning Time": 1.015,
  "Triggers": [],
  "Execution Time": 3689.247
}