[
  {
    "Plan": {
      "Node Type": "Aggregate",
      "Strategy": "Plain",
      "Partial Mode": "Finalize",
      "Parallel Aware": false,
      "Startup Cost": 491842.46,
      "Total Cost": 491842.47,
      "Plan Rows": 1,
      "Plan Width": 8,
      "Actual Startup Time": 4034.678,
      "Actual Total Time": 4090.297,
      "Actual Rows": 1,
      "Actual Loops": 1,
      "Plans": [
        {
          "Node Type": "Gather",
          "Parent Relationship": "Outer",
          "Parallel Aware": false,
          "Startup Cost": 491841.84,
          "Total Cost": 491842.45,
          "Plan Rows": 6,
          "Plan Width": 8,
          "Actual Startup Time": 4009.318,
          "Actual Total Time": 4090.286,
          "Actual Rows": 7,
          "Actual Loops": 1,
          "Workers Planned": 6,
          "Workers Launched": 6,
          "Single Copy": false,
          "Plans": [
            {
              "Node Type": "Aggregate",
              "Strategy": "Plain",
              "Partial Mode": "Partial",
              "Parent Relationship": "Outer",
              "Parallel Aware": false,
              "Startup Cost": 490841.84,
              "Total Cost": 490841.85,
              "Plan Rows": 1,
              "Plan Width": 8,
              "Actual Startup Time": 3995.793,
              "Actual Total Time": 3996.439,
              "Actual Rows": 1,
              "Actual Loops": 7,
              "Plans": [
                {
                  "Node Type": "Hash Join",
                  "Parent Relationship": "Outer",
                  "Parallel Aware": true,
                  "Join Type": "Inner",
                  "Startup Cost": 110900.67,
                  "Total Cost": 479807.66,
                  "Plan Rows": 4413672,
                  "Plan Width": 0,
                  "Actual Startup Time": 839.666,
                  "Actual Total Time": 3359.013,
                  "Actual Rows": 14688620,
                  "Actual Loops": 7,
                  "Inner Unique": false,
                  "Hash Cond": "(ci.movie_id = t.id)",
                  "Plans": [
                    {
                      "Node Type": "Seq Scan",
                      "Parent Relationship": "Outer",
                      "Parallel Aware": true,
                      "Relation Name": "cast_info",
                      "Alias": "ci",
                      "Startup Cost": 0.0,
                      "Total Cost": 343316.27,
                      "Plan Rows": 3027483,
                      "Plan Width": 4,
                      "Actual Startup Time": 208.85,
                      "Actual Total Time": 706.357,
                      "Actual Rows": 3034330,
                      "Actual Loops": 7,
                      "Filter": "((person_id > 821757) AND (role_id > 1))",
                      "Rows Removed by Filter": 2143433
                    },
                    {
                      "Node Type": "Hash",
                      "Parent Relationship": "Inner",
                      "Parallel Aware": true,
                      "Startup Cost": 96037.34,
                      "Total Cost": 96037.34,
                      "Plan Rows": 1189067,
                      "Plan Width": 8,
                      "Actual Startup Time": 625.877,
                      "Actual Total Time": 626.522,
                      "Actual Rows": 526569,
                      "Actual Loops": 7,
                      "Hash Buckets": 4194304,
                      "Original Hash Buckets": 4194304,
                      "Hash Batches": 1,
                      "Original Hash Batches": 1,
                      "Peak Memory Usage": 177088,
                      "Plans": [
                        {
                          "Node Type": "Hash Join",
                          "Parent Relationship": "Outer",
                          "Parallel Aware": true,
                          "Join Type": "Inner",
                          "Startup Cost": 50220.38,
                          "Total Cost": 96037.34,
                          "Plan Rows": 1189067,
                          "Plan Width": 8,
                          "Actual Startup Time": 269.123,
                          "Actual Total Time": 458.918,
                          "Actual Rows": 526569,
                          "Actual Loops": 7,
                          "Inner Unique": true,
                          "Hash Cond": "(mk.movie_id = t.id)",
                          "Plans": [
                            {
                              "Node Type": "Seq Scan",
                              "Parent Relationship": "Outer",
                              "Parallel Aware": true,
                              "Relation Name": "movie_keyword",
                              "Alias": "mk",
                              "Startup Cost": 0.0,
                              "Total Cost": 42695.65,
                              "Plan Rows": 1189067,
                              "Plan Width": 4,
                              "Actual Startup Time": 0.064,
                              "Actual Total Time": 80.533,
                              "Actual Rows": 526569,
                              "Actual Loops": 7,
                              "Filter": "(keyword_id > 797)",
                              "Rows Removed by Filter": 119706
                            },
                            {
                              "Node Type": "Hash",
                              "Parent Relationship": "Inner",
                              "Parallel Aware": true,
                              "Startup Cost": 42319.06,
                              "Total Cost": 42319.06,
                              "Plan Rows": 632106,
                              "Plan Width": 4,
                              "Actual Startup Time": 265.059,
                              "Actual Total Time": 265.061,
                              "Actual Rows": 361187,
                              "Actual Loops": 7,
                              "Hash Buckets": 4194304,
                              "Original Hash Buckets": 4194304,
                              "Hash Batches": 1,
                              "Original Hash Batches": 1,
                              "Peak Memory Usage": 131776,
                              "Plans": [
                                {
                                  "Node Type": "Seq Scan",
                                  "Parent Relationship": "Outer",
                                  "Parallel Aware": true,
                                  "Relation Name": "title",
                                  "Alias": "t",
                                  "Startup Cost": 0.0,
                                  "Total Cost": 42319.06,
                                  "Plan Rows": 632106,
                                  "Plan Width": 4,
                                  "Actual Startup Time": 0.063,
                                  "Actual Total Time": 75.233,
                                  "Actual Rows": 361187,
                                  "Actual Loops": 7
                                }
                              ]
                            }
                          ]
                        }
                      ]
                    }
                  ]
                }
              ]
            }
          ]
        }
      ]
    },
    "Planning Time": 0.407,
    "Triggers": [],
    "Execution Time": 4090.339
  }
]