[
    {
        "Bao": {
            "Bao prediction": "NaN",
            "Bao recommended hint": "(no hint)"
        }
    },
    {
        "Plan": {
            "Node Type": "Aggregate",
            "Strategy": "Plain",
            "Partial Mode": "Finalize",
            "Parallel Aware": false,
            "Startup Cost": 225314.78,
            "Total Cost": 225314.79,
            "Plan Rows": 1,
            "Plan Width": 8,
            "Actual Startup Time": 333.959,
            "Actual Total Time": 355.399,
            "Actual Rows": 1,
            "Actual Loops": 1,
            "Output": [
                "count(*)"
            ],
            "Plans": [
                {
                    "Node Type": "Gather",
                    "Parent Relationship": "Outer",
                    "Parallel Aware": false,
                    "Startup Cost": 225314.26,
                    "Total Cost": 225314.77,
                    "Plan Rows": 5,
                    "Plan Width": 8,
                    "Actual Startup Time": 332.784,
                    "Actual Total Time": 355.389,
                    "Actual Rows": 6,
                    "Actual Loops": 1,
                    "Output": [
                        "(PARTIAL count(*))"
                    ],
                    "Workers Planned": 5,
                    "Workers Launched": 5,
                    "Single Copy": false,
                    "Plans": [
                        {
                            "Node Type": "Aggregate",
                            "Strategy": "Plain",
                            "Partial Mode": "Partial",
                            "Parent Relationship": "Outer",
                            "Parallel Aware": false,
                            "Startup Cost": 224314.26,
                            "Total Cost": 224314.27,
                            "Plan Rows": 1,
                            "Plan Width": 8,
                            "Actual Startup Time": 323.075,
                            "Actual Total Time": 323.079,
                            "Actual Rows": 1,
                            "Actual Loops": 6,
                            "Output": [
                                "PARTIAL count(*)"
                            ],
                            "Workers": [
                                {
                                    "Worker Number": 0,
                                    "Actual Startup Time": 321.259,
                                    "Actual Total Time": 321.262,
                                    "Actual Rows": 1,
                                    "Actual Loops": 1
                                },
                                {
                                    "Worker Number": 1,
                                    "Actual Startup Time": 321.528,
                                    "Actual Total Time": 321.532,
                                    "Actual Rows": 1,
                                    "Actual Loops": 1
                                },
                                {
                                    "Worker Number": 2,
                                    "Actual Startup Time": 320.434,
                                    "Actual Total Time": 320.437,
                                    "Actual Rows": 1,
                                    "Actual Loops": 1
                                },
                                {
                                    "Worker Number": 3,
                                    "Actual Startup Time": 321.404,
                                    "Actual Total Time": 321.407,
                                    "Actual Rows": 1,
                                    "Actual Loops": 1
                                },
                                {
                                    "Worker Number": 4,
                                    "Actual Startup Time": 321.436,
                                    "Actual Total Time": 321.44,
                                    "Actual Rows": 1,
                                    "Actual Loops": 1
                                }
                            ],
                            "Plans": [
                                {
                                    "Node Type": "Nested Loop",
                                    "Parent Relationship": "Outer",
                                    "Parallel Aware": false,
                                    "Join Type": "Inner",
                                    "Startup Cost": 56505.8,
                                    "Total Cost": 224280.82,
                                    "Plan Rows": 13377,
                                    "Plan Width": 0,
                                    "Actual Startup Time": 110.325,
                                    "Actual Total Time": 311.773,
                                    "Actual Rows": 182658,
                                    "Actual Loops": 6,
                                    "Inner Unique": false,
                                    "Join Filter": "(t.id = ci.movie_id)",
                                    "Rows Removed by Join Filter": 0,
                                    "Workers": [
                                        {
                                            "Worker Number": 0,
                                            "Actual Startup Time": 109.264,
                                            "Actual Total Time": 309.372,
                                            "Actual Rows": 155528,
                                            "Actual Loops": 1
                                        },
                                        {
                                            "Worker Number": 1,
                                            "Actual Startup Time": 108.251,
                                            "Actual Total Time": 309.681,
                                            "Actual Rows": 154944,
                                            "Actual Loops": 1
                                        },
                                        {
                                            "Worker Number": 2,
                                            "Actual Startup Time": 109.29,
                                            "Actual Total Time": 310.421,
                                            "Actual Rows": 210359,
                                            "Actual Loops": 1
                                        },
                                        {
                                            "Worker Number": 3,
                                            "Actual Startup Time": 109.004,
                                            "Actual Total Time": 310.696,
                                            "Actual Rows": 136220,
                                            "Actual Loops": 1
                                        },
                                        {
                                            "Worker Number": 4,
                                            "Actual Startup Time": 106.901,
                                            "Actual Total Time": 310.257,
                                            "Actual Rows": 140810,
                                            "Actual Loops": 1
                                        }
                                    ],
                                    "Plans": [
                                        {
                                            "Node Type": "Hash Join",
                                            "Parent Relationship": "Outer",
                                            "Parallel Aware": true,
                                            "Join Type": "Inner",
                                            "Startup Cost": 56505.24,
                                            "Total Cost": 220326.75,
                                            "Plan Rows": 933,
                                            "Plan Width": 8,
                                            "Actual Startup Time": 110.19,
                                            "Actual Total Time": 147.719,
                                            "Actual Rows": 2073,
                                            "Actual Loops": 6,
                                            "Output": [
                                                "t.id",
                                                "mi.movie_id"
                                            ],
                                            "Inner Unique": true,
                                            "Hash Cond": "(mi.movie_id = t.id)",
                                            "Workers": [
                                                {
                                                    "Worker Number": 0,
                                                    "Actual Startup Time": 109.12,
                                                    "Actual Total Time": 142.687,
                                                    "Actual Rows": 1759,
                                                    "Actual Loops": 1
                                                },
                                                {
                                                    "Worker Number": 1,
                                                    "Actual Startup Time": 108.105,
                                                    "Actual Total Time": 141.01,
                                                    "Actual Rows": 1688,
                                                    "Actual Loops": 1
                                                },
                                                {
                                                    "Worker Number": 2,
                                                    "Actual Startup Time": 109.126,
                                                    "Actual Total Time": 143.283,
                                                    "Actual Rows": 2230,
                                                    "Actual Loops": 1
                                                },
                                                {
                                                    "Worker Number": 3,
                                                    "Actual Startup Time": 108.819,
                                                    "Actual Total Time": 144.931,
                                                    "Actual Rows": 1583,
                                                    "Actual Loops": 1
                                                },
                                                {
                                                    "Worker Number": 4,
                                                    "Actual Startup Time": 106.756,
                                                    "Actual Total Time": 145.952,
                                                    "Actual Rows": 1620,
                                                    "Actual Loops": 1
                                                }
                                            ],
                                            "Plans": [
                                                {
                                                    "Node Type": "Bitmap Heap Scan",
                                                    "Parent Relationship": "Outer",
                                                    "Parallel Aware": true,
                                                    "Relation Name": "movie_info",
                                                    "Schema": "public",
                                                    "Alias": "mi",
                                                    "Startup Cost": 10965.05,
                                                    "Total Cost": 174469.22,
                                                    "Plan Rows": 120893,
                                                    "Plan Width": 4,
                                                    "Actual Startup Time": 27.898,
                                                    "Actual Total Time": 56.737,
                                                    "Actual Rows": 99743,
                                                    "Actual Loops": 6,
                                                    "Output": [
                                                        "mi.id",
                                                        "mi.movie_id",
                                                        "mi.info_type_id",
                                                        "mi.info",
                                                        "mi.note"
                                                    ],
                                                    "Recheck Cond": "(mi.info_type_id = 15)",
                                                    "Rows Removed by Index Recheck": 0,
                                                    "Exact Heap Blocks": 7585,
                                                    "Lossy Heap Blocks": 0,
                                                    "Workers": [
                                                        {
                                                            "Worker Number": 0,
                                                            "Actual Startup Time": 27.853,
                                                            "Actual Total Time": 54.919,
                                                            "Actual Rows": 70780,
                                                            "Actual Loops": 1
                                                        },
                                                        {
                                                            "Worker Number": 1,
                                                            "Actual Startup Time": 27.927,
                                                            "Actual Total Time": 53.653,
                                                            "Actual Rows": 69571,
                                                            "Actual Loops": 1
                                                        },
                                                        {
                                                            "Worker Number": 2,
                                                            "Actual Startup Time": 28.007,
                                                            "Actual Total Time": 56.237,
                                                            "Actual Rows": 91816,
                                                            "Actual Loops": 1
                                                        },
                                                        {
                                                            "Worker Number": 3,
                                                            "Actual Startup Time": 27.931,
                                                            "Actual Total Time": 56.642,
                                                            "Actual Rows": 70617,
                                                            "Actual Loops": 1
                                                        },
                                                        {
                                                            "Worker Number": 4,
                                                            "Actual Startup Time": 27.923,
                                                            "Actual Total Time": 56.836,
                                                            "Actual Rows": 83129,
                                                            "Actual Loops": 1
                                                        }
                                                    ],
                                                    "Plans": [
                                                        {
                                                            "Node Type": "Bitmap Index Scan",
                                                            "Parent Relationship": "Outer",
                                                            "Parallel Aware": false,
                                                            "Index Name": "info_type_id_movie_info",
                                                            "Startup Cost": 0.0,
                                                            "Total Cost": 10813.94,
                                                            "Plan Rows": 604467,
                                                            "Plan Width": 0,
                                                            "Actual Startup Time": 24.649,
                                                            "Actual Total Time": 24.654,
                                                            "Actual Rows": 598457,
                                                            "Actual Loops": 1,
                                                            "Index Cond": "(mi.info_type_id = 15)"
                                                        }
                                                    ]
                                                },
                                                {
                                                    "Node Type": "Hash",
                                                    "Parent Relationship": "Inner",
                                                    "Parallel Aware": true,
                                                    "Startup Cost": 45479.21,
                                                    "Total Cost": 45479.21,
                                                    "Plan Rows": 4878,
                                                    "Plan Width": 4,
                                                    "Actual Startup Time": 79.172,
                                                    "Actual Total Time": 79.173,
                                                    "Actual Rows": 2632,
                                                    "Actual Loops": 6,
                                                    "Output": [
                                                        "t.id"
                                                    ],
                                                    "Hash Buckets": 32768,
                                                    "Original Hash Buckets": 32768,
                                                    "Hash Batches": 1,
                                                    "Original Hash Batches": 1,
                                                    "Peak Memory Usage": 992,
                                                    "Workers": [
                                                        {
                                                            "Worker Number": 0,
                                                            "Actual Startup Time": 77.106,
                                                            "Actual Total Time": 77.107,
                                                            "Actual Rows": 1880,
                                                            "Actual Loops": 1
                                                        },
                                                        {
                                                            "Worker Number": 1,
                                                            "Actual Startup Time": 77.169,
                                                            "Actual Total Time": 77.17,
                                                            "Actual Rows": 1889,
                                                            "Actual Loops": 1
                                                        },
                                                        {
                                                            "Worker Number": 2,
                                                            "Actual Startup Time": 77.065,
                                                            "Actual Total Time": 77.065,
                                                            "Actual Rows": 2937,
                                                            "Actual Loops": 1
                                                        },
                                                        {
                                                            "Worker Number": 3,
                                                            "Actual Startup Time": 77.632,
                                                            "Actual Total Time": 77.633,
                                                            "Actual Rows": 1885,
                                                            "Actual Loops": 1
                                                        },
                                                        {
                                                            "Worker Number": 4,
                                                            "Actual Startup Time": 77.117,
                                                            "Actual Total Time": 77.118,
                                                            "Actual Rows": 1827,
                                                            "Actual Loops": 1
                                                        }
                                                    ],
                                                    "Plans": [
                                                        {
                                                            "Node Type": "Seq Scan",
                                                            "Parent Relationship": "Outer",
                                                            "Parallel Aware": true,
                                                            "Relation Name": "title",
                                                            "Schema": "public",
                                                            "Alias": "t",
                                                            "Startup Cost": 0.0,
                                                            "Total Cost": 45479.21,
                                                            "Plan Rows": 4878,
                                                            "Plan Width": 4,
                                                            "Actual Startup Time": 0.334,
                                                            "Actual Total Time": 77.619,
                                                            "Actual Rows": 2632,
                                                            "Actual Loops": 6,
                                                            "Output": [
                                                                "t.id"
                                                            ],
                                                            "Filter": "((t.kind_id < 7) AND (t.production_year = 1999))",
                                                            "Rows Removed by Filter": 418754,
                                                            "Workers": [
                                                                {
                                                                    "Worker Number": 0,
                                                                    "Actual Startup Time": 0.094,
                                                                    "Actual Total Time": 75.698,
                                                                    "Actual Rows": 1880,
                                                                    "Actual Loops": 1
                                                                },
                                                                {
                                                                    "Worker Number": 1,
                                                                    "Actual Startup Time": 0.329,
                                                                    "Actual Total Time": 75.773,
                                                                    "Actual Rows": 1889,
                                                                    "Actual Loops": 1
                                                                },
                                                                {
                                                                    "Worker Number": 2,
                                                                    "Actual Startup Time": 1.089,
                                                                    "Actual Total Time": 75.52,
                                                                    "Actual Rows": 2937,
                                                                    "Actual Loops": 1
                                                                },
                                                                {
                                                                    "Worker Number": 3,
                                                                    "Actual Startup Time": 0.207,
                                                                    "Actual Total Time": 76.112,
                                                                    "Actual Rows": 1885,
                                                                    "Actual Loops": 1
                                                                },
                                                                {
                                                                    "Worker Number": 4,
                                                                    "Actual Startup Time": 0.227,
                                                                    "Actual Total Time": 75.283,
                                                                    "Actual Rows": 1827,
                                                                    "Actual Loops": 1
                                                                }
                                                            ]
                                                        }
                                                    ]
                                                }
                                            ]
                                        },
                                        {
                                            "Node Type": "Index Only Scan",
                                            "Parent Relationship": "Inner",
                                            "Parallel Aware": false,
                                            "Scan Direction": "Forward",
                                            "Index Name": "movie_id_cast_info",
                                            "Relation Name": "cast_info",
                                            "Schema": "public",
                                            "Alias": "ci",
                                            "Startup Cost": 0.56,
                                            "Total Cost": 3.76,
                                            "Plan Rows": 38,
                                            "Plan Width": 4,
                                            "Actual Startup Time": 0.008,
                                            "Actual Total Time": 0.068,
                                            "Actual Rows": 88,
                                            "Actual Loops": 12438,
                                            "Output": [
                                                "ci.movie_id"
                                            ],
                                            "Index Cond": "(ci.movie_id = mi.movie_id)",
                                            "Rows Removed by Index Recheck": 0,
                                            "Heap Fetches": 1095948,
                                            "Workers": [
                                                {
                                                    "Worker Number": 0,
                                                    "Actual Startup Time": 0.009,
                                                    "Actual Total Time": 0.081,
                                                    "Actual Rows": 88,
                                                    "Actual Loops": 1759
                                                },
                                                {
                                                    "Worker Number": 1,
                                                    "Actual Startup Time": 0.01,
                                                    "Actual Total Time": 0.086,
                                                    "Actual Rows": 92,
                                                    "Actual Loops": 1688
                                                },
                                                {
                                                    "Worker Number": 2,
                                                    "Actual Startup Time": 0.007,
                                                    "Actual Total Time": 0.066,
                                                    "Actual Rows": 94,
                                                    "Actual Loops": 2230
                                                },
                                                {
                                                    "Worker Number": 3,
                                                    "Actual Startup Time": 0.01,
                                                    "Actual Total Time": 0.091,
                                                    "Actual Rows": 86,
                                                    "Actual Loops": 1583
                                                },
                                                {
                                                    "Worker Number": 4,
                                                    "Actual Startup Time": 0.01,
                                                    "Actual Total Time": 0.088,
                                                    "Actual Rows": 87,
                                                    "Actual Loops": 1620
                                                }
                                            ]
                                        }
                                    ]
                                }
                            ]
                        }
                    ]
                }
            ]
        },
        "Planning Time": 194.444,
        "Triggers": [],
        "Execution Time": 355.484
    }
]