[
  {
    "Plan": {
      "Node Type": "Aggregate",
      "Strategy": "Plain",
      "Partial Mode": "Finalize",
      "Parallel Aware": false,
      "Startup Cost": 245357.25,
      "Total Cost": 245357.26,
      "Plan Rows": 1,
      "Plan Width": 8,
      "Actual Startup Time": 509.354,
      "Actual Total Time": 570.871,
      "Actual Rows": 1,
      "Actual Loops": 1,
      "Plans": [
        {
          "Node Type": "Gather",
          "Parent Relationship": "Outer",
          "Parallel Aware": false,
          "Startup Cost": 245356.72,
          "Total Cost": 245357.23,
          "Plan Rows": 5,
          "Plan Width": 8,
          "Actual Startup Time": 508.723,
          "Actual Total Time": 570.855,
          "Actual Rows": 6,
          "Actual Loops": 1,
          "Workers Planned": 5,
          "Workers Launched": 5,
          "Single Copy": false,
          "Plans": [
            {
              "Node Type": "Aggregate",
              "Strategy": "Plain",
              "Partial Mode": "Partial",
              "Parent Relationship": "Outer",
              "Parallel Aware": false,
              "Startup Cost": 244356.72,
              "Total Cost": 244356.73,
              "Plan Rows": 1,
              "Plan Width": 8,
              "Actual Startup Time": 498.087,
              "Actual Total Time": 498.093,
              "Actual Rows": 1,
              "Actual Loops": 6,
              "Plans": [
                {
                  "Node Type": "Hash Join",
                  "Parent Relationship": "Outer",
                  "Parallel Aware": true,
                  "Join Type": "Inner",
                  "Startup Cost": 44071.05,
                  "Total Cost": 244332.85,
                  "Plan Rows": 9551,
                  "Plan Width": 0,
                  "Actual Startup Time": 115.698,
                  "Actual Total Time": 497.502,
                  "Actual Rows": 8070,
                  "Actual Loops": 6,
                  "Inner Unique": true,
                  "Hash Cond": "(mi.movie_id = t.id)",
                  "Plans": [
                    {
                      "Node Type": "Seq Scan",
                      "Parent Relationship": "Outer",
                      "Parallel Aware": true,
                      "Relation Name": "movie_info",
                      "Alias": "mi",
                      "Startup Cost": 0.0,
                      "Total Cost": 199108.24,
                      "Plan Rows": 439450,
                      "Plan Width": 4,
                      "Actual Startup Time": 19.299,
                      "Actual Total Time": 355.974,
                      "Actual Rows": 372308,
                      "Actual Loops": 6,
                      "Filter": "(info_type_id > 16)",
                      "Rows Removed by Filter": 2100312
                    },
                    {
                      "Node Type": "Hash",
                      "Parent Relationship": "Inner",
                      "Parallel Aware": true,
                      "Startup Cost": 43899.32,
                      "Total Cost": 43899.32,
                      "Plan Rows": 13738,
                      "Plan Width": 4,
                      "Actual Startup Time": 94.633,
                      "Actual Total Time": 94.635,
                      "Actual Rows": 8836,
                      "Actual Loops": 6,
                      "Hash Buckets": 65536,
                      "Original Hash Buckets": 65536,
                      "Hash Batches": 1,
                      "Original Hash Batches": 1,
                      "Peak Memory Usage": 2688,
                      "Plans": [
                        {
                          "Node Type": "Seq Scan",
                          "Parent Relationship": "Outer",
                          "Parallel Aware": true,
                          "Relation Name": "title",
                          "Alias": "t",
                          "Startup Cost": 0.0,
                          "Total Cost": 43899.32,
                          "Plan Rows": 13738,
                          "Plan Width": 4,
                          "Actual Startup Time": 0.084,
                          "Actual Total Time": 89.22,
                          "Actual Rows": 8836,
                          "Actual Loops": 6,
                          "Filter": "(production_year = 2000)",
                          "Rows Removed by Filter": 412550
                        }
                      ]
                    }
                  ]
                }
              ]
            }
          ]
        }
      ]
    },
    "Planning Time": 0.736,
    "Triggers": [],
    "Execution Time": 570.959
  }
]