[
  {
    "Plan": {
      "Node Type": "Aggregate",
      "Strategy": "Plain",
      "Partial Mode": "Finalize",
      "Parallel Aware": false,
      "Startup Cost": 225374.15,
      "Total Cost": 225374.16,
      "Plan Rows": 1,
      "Plan Width": 8,
      "Actual Startup Time": 154.319,
      "Actual Total Time": 167.262,
      "Actual Rows": 1,
      "Actual Loops": 1,
      "Plans": [
        {
          "Node Type": "Gather",
          "Parent Relationship": "Outer",
          "Parallel Aware": false,
          "Startup Cost": 225373.63,
          "Total Cost": 225374.14,
          "Plan Rows": 5,
          "Plan Width": 8,
          "Actual Startup Time": 152.967,
          "Actual Total Time": 167.254,
          "Actual Rows": 6,
          "Actual Loops": 1,
          "Workers Planned": 5,
          "Workers Launched": 5,
          "Single Copy": false,
          "Plans": [
            {
              "Node Type": "Aggregate",
              "Strategy": "Plain",
              "Partial Mode": "Partial",
              "Parent Relationship": "Outer",
              "Parallel Aware": false,
              "Startup Cost": 224373.63,
              "Total Cost": 224373.64,
              "Plan Rows": 1,
              "Plan Width": 8,
              "Actual Startup Time": 142.048,
              "Actual Total Time": 142.052,
              "Actual Rows": 1,
              "Actual Loops": 6,
              "Plans": [
                {
                  "Node Type": "Nested Loop",
                  "Parent Relationship": "Outer",
                  "Parallel Aware": false,
                  "Join Type": "Inner",
                  "Startup Cost": 50016.13,
                  "Total Cost": 224356.37,
                  "Plan Rows": 6905,
                  "Plan Width": 0,
                  "Actual Startup Time": 108.415,
                  "Actual Total Time": 140.811,
                  "Actual Rows": 21828,
                  "Actual Loops": 6,
                  "Inner Unique": false,
                  "Join Filter": "(t.id = mk.movie_id)",
                  "Rows Removed by Join Filter": 0,
                  "Plans": [
                    {
                      "Node Type": "Hash Join",
                      "Parent Relationship": "Outer",
                      "Parallel Aware": true,
                      "Join Type": "Inner",
                      "Startup Cost": 50015.7,
                      "Total Cost": 214648.35,
                      "Plan Rows": 3908,
                      "Plan Width": 8,
                      "Actual Startup Time": 108.327,
                      "Actual Total Time": 127.716,
                      "Actual Rows": 312,
                      "Actual Loops": 6,
                      "Inner Unique": true,
                      "Hash Cond": "(mi.movie_id = t.id)",
                      "Plans": [
                        {
                          "Node Type": "Bitmap Heap Scan",
                          "Parent Relationship": "Outer",
                          "Parallel Aware": true,
                          "Relation Name": "movie_info",
                          "Alias": "mi",
                          "Startup Cost": 5618.66,
                          "Total Cost": 170088.58,
                          "Plan Rows": 61993,
                          "Plan Width": 4,
                          "Actual Startup Time": 12.438,
                          "Actual Total Time": 26.182,
                          "Actual Rows": 51131,
                          "Actual Loops": 6,
                          "Recheck Cond": "(info_type_id > 105)",
                          "Rows Removed by Index Recheck": 0,
                          "Exact Heap Blocks": 1188,
                          "Lossy Heap Blocks": 0,
                          "Plans": [
                            {
                              "Node Type": "Bitmap Index Scan",
                              "Parent Relationship": "Outer",
                              "Parallel Aware": false,
                              "Index Name": "info_type_id_movie_info",
                              "Startup Cost": 0.0,
                              "Total Cost": 5541.16,
                              "Plan Rows": 309964,
                              "Plan Width": 0,
                              "Actual Startup Time": 11.73,
                              "Actual Total Time": 11.73,
                              "Actual Rows": 306788,
                              "Actual Loops": 1,
                              "Index Cond": "(info_type_id > 105)"
                            }
                          ]
                        },
                        {
                          "Node Type": "Hash",
                          "Parent Relationship": "Inner",
                          "Parallel Aware": true,
                          "Startup Cost": 43898.92,
                          "Total Cost": 43898.92,
                          "Plan Rows": 39850,
                          "Plan Width": 4,
                          "Actual Startup Time": 93.993,
                          "Actual Total Time": 93.993,
                          "Actual Rows": 27364,
                          "Actual Loops": 6,
                          "Hash Buckets": 262144,
                          "Original Hash Buckets": 262144,
                          "Hash Batches": 1,
                          "Original Hash Batches": 1,
                          "Peak Memory Usage": 8544,
                          "Plans": [
                            {
                              "Node Type": "Seq Scan",
                              "Parent Relationship": "Outer",
                              "Parallel Aware": true,
                              "Relation Name": "title",
                              "Alias": "t",
                              "Startup Cost": 0.0,
                              "Total Cost": 43898.92,
                              "Plan Rows": 39850,
                              "Plan Width": 4,
                              "Actual Startup Time": 1.114,
                              "Actual Total Time": 83.153,
                              "Actual Rows": 27364,
                              "Actual Loops": 6,
                              "Filter": "(production_year < 1950)",
                              "Rows Removed by Filter": 394021
                            }
                          ]
                        }
                      ]
                    },
                    {
                      "Node Type": "Index Scan",
                      "Parent Relationship": "Inner",
                      "Parallel Aware": false,
                      "Scan Direction": "Forward",
                      "Index Name": "movie_id_movie_keyword",
                      "Relation Name": "movie_keyword",
                      "Alias": "mk",
                      "Startup Cost": 0.43,
                      "Total Cost": 1.92,
                      "Plan Rows": 45,
                      "Plan Width": 4,
                      "Actual Startup Time": 0.016,
                      "Actual Total Time": 0.034,
                      "Actual Rows": 70,
                      "Actual Loops": 1871,
                      "Index Cond": "(movie_id = mi.movie_id)",
                      "Rows Removed by Index Recheck": 0,
                      "Filter": "(keyword_id < 97025)",
                      "Rows Removed by Filter": 2
                    }
                  ]
                }
              ]
            }
          ]
        }
      ]
    },
    "Planning Time": 1.446,
    "Triggers": [],
    "Execution Time": 167.385
  }
]