[
  {
    "Plan": {
      "Node Type": "Aggregate",
      "Strategy": "Plain",
      "Partial Mode": "Finalize",
      "Parallel Aware": false,
      "Startup Cost": 456308.13,
      "Total Cost": 456308.14,
      "Plan Rows": 1,
      "Plan Width": 8,
      "Actual Startup Time": 3710.031,
      "Actual Total Time": 3767.795,
      "Actual Rows": 1,
      "Actual Loops": 1,
      "Plans": [
        {
          "Node Type": "Gather",
          "Parent Relationship": "Outer",
          "Parallel Aware": false,
          "Startup Cost": 456307.5,
          "Total Cost": 456308.11,
          "Plan Rows": 6,
          "Plan Width": 8,
          "Actual Startup Time": 3698.487,
          "Actual Total Time": 3767.773,
          "Actual Rows": 7,
          "Actual Loops": 1,
          "Workers Planned": 6,
          "Workers Launched": 6,
          "Single Copy": false,
          "Plans": [
            {
              "Node Type": "Aggregate",
              "Strategy": "Plain",
              "Partial Mode": "Partial",
              "Parent Relationship": "Outer",
              "Parallel Aware": false,
              "Startup Cost": 455307.5,
              "Total Cost": 455307.51,
              "Plan Rows": 1,
              "Plan Width": 8,
              "Actual Startup Time": 3683.95,
              "Actual Total Time": 3684.457,
              "Actual Rows": 1,
              "Actual Loops": 7,
              "Plans": [
                {
                  "Node Type": "Hash Join",
                  "Parent Relationship": "Outer",
                  "Parallel Aware": true,
                  "Join Type": "Inner",
                  "Startup Cost": 100112.78,
                  "Total Cost": 449886.37,
                  "Plan Rows": 2168454,
                  "Plan Width": 0,
                  "Actual Startup Time": 536.533,
                  "Actual Total Time": 3081.43,
                  "Actual Rows": 13903879,
                  "Actual Loops": 7,
                  "Inner Unique": false,
                  "Hash Cond": "(ci.movie_id = t.id)",
                  "Plans": [
                    {
                      "Node Type": "Seq Scan",
                      "Parent Relationship": "Outer",
                      "Parallel Aware": true,
                      "Relation Name": "cast_info",
                      "Alias": "ci",
                      "Startup Cost": 0.0,
                      "Total Cost": 328211.39,
                      "Plan Rows": 3884583,
                      "Plan Width": 4,
                      "Actual Startup Time": 0.057,
                      "Actual Total Time": 604.632,
                      "Actual Rows": 3351463,
                      "Actual Loops": 7,
                      "Filter": "(person_id < 2401155)",
                      "Rows Removed by Filter": 1826300
                    },
                    {
                      "Node Type": "Hash",
                      "Parent Relationship": "Inner",
                      "Parallel Aware": true,
                      "Startup Cost": 94421.58,
                      "Total Cost": 94421.58,
                      "Plan Rows": 455296,
                      "Plan Width": 8,
                      "Actual Startup Time": 531.543,
                      "Actual Total Time": 532.048,
                      "Actual Rows": 408505,
                      "Actual Loops": 7,
                      "Hash Buckets": 4194304,
                      "Original Hash Buckets": 2097152,
                      "Hash Batches": 1,
                      "Original Hash Batches": 1,
                      "Peak Memory Usage": 161152,
                      "Plans": [
                        {
                          "Node Type": "Hash Join",
                          "Parent Relationship": "Outer",
                          "Parallel Aware": true,
                          "Join Type": "Inner",
                          "Startup Cost": 48045.17,
                          "Total Cost": 94421.58,
                          "Plan Rows": 455296,
                          "Plan Width": 8,
                          "Actual Startup Time": 142.07,
                          "Actual Total Time": 328.074,
                          "Actual Rows": 408505,
                          "Actual Loops": 7,
                          "Inner Unique": true,
                          "Hash Cond": "(mk.movie_id = t.id)",
                          "Plans": [
                            {
                              "Node Type": "Seq Scan",
                              "Parent Relationship": "Outer",
                              "Parallel Aware": true,
                              "Relation Name": "movie_keyword",
                              "Alias": "mk",
                              "Startup Cost": 0.0,
                              "Total Cost": 42695.65,
                              "Plan Rows": 1402188,
                              "Plan Width": 4,
                              "Actual Startup Time": 0.036,
                              "Actual Total Time": 83.642,
                              "Actual Rows": 620875,
                              "Actual Loops": 7,
                              "Filter": "(keyword_id < 71726)",
                              "Rows Removed by Filter": 25400
                            },
                            {
                              "Node Type": "Hash",
                              "Parent Relationship": "Inner",
                              "Parallel Aware": true,
                              "Startup Cost": 45479.59,
                              "Total Cost": 45479.59,
                              "Plan Rows": 205247,
                              "Plan Width": 4,
                              "Actual Startup Time": 140.66,
                              "Actual Total Time": 140.662,
                              "Actual Rows": 104591,
                              "Actual Loops": 7,
                              "Hash Buckets": 1048576,
                              "Original Hash Buckets": 1048576,
                              "Hash Batches": 1,
                              "Original Hash Batches": 1,
                              "Peak Memory Usage": 36992,
                              "Plans": [
                                {
                                  "Node Type": "Seq Scan",
                                  "Parent Relationship": "Outer",
                                  "Parallel Aware": true,
                                  "Relation Name": "title",
                                  "Alias": "t",
                                  "Startup Cost": 0.0,
                                  "Total Cost": 45479.59,
                                  "Plan Rows": 205247,
                                  "Plan Width": 4,
                                  "Actual Startup Time": 0.049,
                                  "Actual Total Time": 85.326,
                                  "Actual Rows": 104591,
                                  "Actual Loops": 7,
                                  "Filter": "((kind_id < 7) AND (production_year > 1969))",
                                  "Rows Removed by Filter": 256597
                                }
                              ]
                            }
                          ]
                        }
                      ]
                    }
                  ]
                }
              ]
            }
          ]
        }
      ]
    },
    "Planning Time": 1.262,
    "Triggers": [],
    "Execution Time": 3767.897
  }
]