{
    "Plan": {
        "Node Type": "Aggregate",
        "Strategy": "Plain",
        "Partial Mode": "Finalize",
        "Parallel Aware": false,
        "Startup Cost": 78991.66,
        "Total Cost": 78991.67,
        "Plan Rows": 1,
        "Plan Width": 8,
        "Actual Startup Time": 223.474,
        "Actual Total Time": 236.134,
        "Actual Rows": 1,
        "Actual Loops": 1,
        "Output": [
            "count(*)"
        ],
        "Plans": [
            {
                "Node Type": "Gather",
                "Parent Relationship": "Outer",
                "Parallel Aware": false,
                "Startup Cost": 78991.34,
                "Total Cost": 78991.65,
                "Plan Rows": 3,
                "Plan Width": 8,
                "Actual Startup Time": 222.984,
                "Actual Total Time": 236.125,
                "Actual Rows": 4,
                "Actual Loops": 1,
                "Output": [
                    "(PARTIAL count(*))"
                ],
                "Workers Planned": 3,
                "Workers Launched": 3,
                "Single Copy": false,
                "Plans": [
                    {
                        "Node Type": "Aggregate",
                        "Strategy": "Plain",
                        "Partial Mode": "Partial",
                        "Parent Relationship": "Outer",
                        "Parallel Aware": false,
                        "Startup Cost": 77991.34,
                        "Total Cost": 77991.35,
                        "Plan Rows": 1,
                        "Plan Width": 8,
                        "Actual Startup Time": 214.972,
                        "Actual Total Time": 214.976,
                        "Actual Rows": 1,
                        "Actual Loops": 4,
                        "Output": [
                            "PARTIAL count(*)"
                        ],
                        "Workers": [
                            {
                                "Worker Number": 0,
                                "Actual Startup Time": 211.2,
                                "Actual Total Time": 211.203,
                                "Actual Rows": 1,
                                "Actual Loops": 1
                            },
                            {
                                "Worker Number": 1,
                                "Actual Startup Time": 214.776,
                                "Actual Total Time": 214.778,
                                "Actual Rows": 1,
                                "Actual Loops": 1
                            },
                            {
                                "Worker Number": 2,
                                "Actual Startup Time": 211.698,
                                "Actual Total Time": 211.701,
                                "Actual Rows": 1,
                                "Actual Loops": 1
                            }
                        ],
                        "Plans": [
                            {
                                "Node Type": "Hash Join",
                                "Parent Relationship": "Outer",
                                "Parallel Aware": true,
                                "Join Type": "Inner",
                                "Startup Cost": 45608.83,
                                "Total Cost": 77976.45,
                                "Plan Rows": 5955,
                                "Plan Width": 0,
                                "Actual Startup Time": 174.277,
                                "Actual Total Time": 214.134,
                                "Actual Rows": 17681,
                                "Actual Loops": 4,
                                "Inner Unique": true,
                                "Hash Cond": "(mc.movie_id = t.id)",
                                "Workers": [
                                    {
                                        "Worker Number": 0,
                                        "Actual Startup Time": 170.41,
                                        "Actual Total Time": 210.319,
                                        "Actual Rows": 12096,
                                        "Actual Loops": 1
                                    },
                                    {
                                        "Worker Number": 1,
                                        "Actual Startup Time": 174.119,
                                        "Actual Total Time": 213.953,
                                        "Actual Rows": 19182,
                                        "Actual Loops": 1
                                    },
                                    {
                                        "Worker Number": 2,
                                        "Actual Startup Time": 171.022,
                                        "Actual Total Time": 210.889,
                                        "Actual Rows": 18578,
                                        "Actual Loops": 1
                                    }
                                ],
                                "Plans": [
                                    {
                                        "Node Type": "Seq Scan",
                                        "Parent Relationship": "Outer",
                                        "Parallel Aware": true,
                                        "Relation Name": "movie_companies",
                                        "Schema": "public",
                                        "Alias": "mc",
                                        "Startup Cost": 0.0,
                                        "Total Cost": 31414.82,
                                        "Plan Rows": 362973,
                                        "Plan Width": 4,
                                        "Actual Startup Time": 31.94,
                                        "Actual Total Time": 69.36,
                                        "Actual Rows": 231843,
                                        "Actual Loops": 4,
                                        "Output": [
                                            "mc.id",
                                            "mc.movie_id",
                                            "mc.company_id",
                                            "mc.company_type_id",
                                            "mc.note"
                                        ],
                                        "Filter": "((mc.company_id < 81316) AND (mc.company_type_id = 2))",
                                        "Rows Removed by Filter": 420439,
                                        "Workers": [
                                            {
                                                "Worker Number": 0,
                                                "Actual Startup Time": 31.944,
                                                "Actual Total Time": 70.499,
                                                "Actual Rows": 161913,
                                                "Actual Loops": 1
                                            },
                                            {
                                                "Worker Number": 1,
                                                "Actual Startup Time": 31.944,
                                                "Actual Total Time": 69.672,
                                                "Actual Rows": 249154,
                                                "Actual Loops": 1
                                            },
                                            {
                                                "Worker Number": 2,
                                                "Actual Startup Time": 31.944,
                                                "Actual Total Time": 69.706,
                                                "Actual Rows": 247185,
                                                "Actual Loops": 1
                                            }
                                        ]
                                    },
                                    {
                                        "Node Type": "Hash",
                                        "Parent Relationship": "Inner",
                                        "Parallel Aware": true,
                                        "Startup Cost": 45479.21,
                                        "Total Cost": 45479.21,
                                        "Plan Rows": 10370,
                                        "Plan Width": 4,
                                        "Actual Startup Time": 111.237,
                                        "Actual Total Time": 111.238,
                                        "Actual Rows": 25994,
                                        "Actual Loops": 4,
                                        "Output": [
                                            "t.id"
                                        ],
                                        "Hash Buckets": 131072,
                                        "Original Hash Buckets": 65536,
                                        "Hash Batches": 1,
                                        "Original Hash Batches": 1,
                                        "Peak Memory Usage": 5664,
                                        "Workers": [
                                            {
                                                "Worker Number": 0,
                                                "Actual Startup Time": 108.302,
                                                "Actual Total Time": 108.303,
                                                "Actual Rows": 18573,
                                                "Actual Loops": 1
                                            },
                                            {
                                                "Worker Number": 1,
                                                "Actual Startup Time": 112.216,
                                                "Actual Total Time": 112.217,
                                                "Actual Rows": 26415,
                                                "Actual Loops": 1
                                            },
                                            {
                                                "Worker Number": 2,
                                                "Actual Startup Time": 108.93,
                                                "Actual Total Time": 108.931,
                                                "Actual Rows": 24932,
                                                "Actual Loops": 1
                                            }
                                        ],
                                        "Plans": [
                                            {
                                                "Node Type": "Seq Scan",
                                                "Parent Relationship": "Outer",
                                                "Parallel Aware": true,
                                                "Relation Name": "title",
                                                "Schema": "public",
                                                "Alias": "t",
                                                "Startup Cost": 0.0,
                                                "Total Cost": 45479.21,
                                                "Plan Rows": 10370,
                                                "Plan Width": 4,
                                                "Actual Startup Time": 63.983,
                                                "Actual Total Time": 100.347,
                                                "Actual Rows": 25994,
                                                "Actual Loops": 4,
                                                "Output": [
                                                    "t.id"
                                                ],
                                                "Filter": "((t.kind_id < 7) AND (t.production_year < 1926))",
                                                "Rows Removed by Filter": 606084,
                                                "Workers": [
                                                    {
                                                        "Worker Number": 0,
                                                        "Actual Startup Time": 61.373,
                                                        "Actual Total Time": 98.551,
                                                        "Actual Rows": 18573,
                                                        "Actual Loops": 1
                                                    },
                                                    {
                                                        "Worker Number": 1,
                                                        "Actual Startup Time": 65.384,
                                                        "Actual Total Time": 101.893,
                                                        "Actual Rows": 26415,
                                                        "Actual Loops": 1
                                                    },
                                                    {
                                                        "Worker Number": 2,
                                                        "Actual Startup Time": 61.172,
                                                        "Actual Total Time": 97.826,
                                                        "Actual Rows": 24932,
                                                        "Actual Loops": 1
                                                    }
                                                ]
                                            }
                                        ]
                                    }
                                ]
                            }
                        ]
                    }
                ]
            }
        ]
    },
    "Planning Time": 0.822,
    "Triggers": [],
    "Execution Time": 236.205
}