[
  {
    "Plan": {
      "Node Type": "Aggregate",
      "Strategy": "Plain",
      "Partial Mode": "Finalize",
      "Parallel Aware": false,
      "Startup Cost": 384999.63,
      "Total Cost": 384999.64,
      "Plan Rows": 1,
      "Plan Width": 8,
      "Actual Startup Time": 1121.913,
      "Actual Total Time": 1184.207,
      "Actual Rows": 1,
      "Actual Loops": 1,
      "Plans": [
        {
          "Node Type": "Gather",
          "Parent Relationship": "Outer",
          "Parallel Aware": false,
          "Startup Cost": 384999.0,
          "Total Cost": 384999.61,
          "Plan Rows": 6,
          "Plan Width": 8,
          "Actual Startup Time": 1119.968,
          "Actual Total Time": 1184.194,
          "Actual Rows": 7,
          "Actual Loops": 1,
          "Workers Planned": 6,
          "Workers Launched": 6,
          "Single Copy": false,
          "Plans": [
            {
              "Node Type": "Aggregate",
              "Strategy": "Plain",
              "Partial Mode": "Partial",
              "Parent Relationship": "Outer",
              "Parallel Aware": false,
              "Startup Cost": 383999.0,
              "Total Cost": 383999.01,
              "Plan Rows": 1,
              "Plan Width": 8,
              "Actual Startup Time": 1109.185,
              "Actual Total Time": 1109.188,
              "Actual Rows": 1,
              "Actual Loops": 7,
              "Plans": [
                {
                  "Node Type": "Hash Join",
                  "Parent Relationship": "Outer",
                  "Parallel Aware": true,
                  "Join Type": "Inner",
                  "Startup Cost": 45950.81,
                  "Total Cost": 383467.12,
                  "Plan Rows": 212754,
                  "Plan Width": 0,
                  "Actual Startup Time": 222.789,
                  "Actual Total Time": 1098.997,
                  "Actual Rows": 208528,
                  "Actual Loops": 7,
                  "Inner Unique": true,
                  "Hash Cond": "(ci.movie_id = t.id)",
                  "Plans": [
                    {
                      "Node Type": "Seq Scan",
                      "Parent Relationship": "Outer",
                      "Parallel Aware": true,
                      "Relation Name": "cast_info",
                      "Alias": "ci",
                      "Startup Cost": 0.0,
                      "Total Cost": 328162.03,
                      "Plan Rows": 3563531,
                      "Plan Width": 4,
                      "Actual Startup Time": 135.291,
                      "Actual Total Time": 548.602,
                      "Actual Rows": 3058887,
                      "Actual Loops": 7,
                      "Filter": "(person_id > 1463411)",
                      "Rows Removed by Filter": 2118876
                    },
                    {
                      "Node Type": "Hash",
                      "Parent Relationship": "Inner",
                      "Parallel Aware": true,
                      "Startup Cost": 45479.1,
                      "Total Cost": 45479.1,
                      "Plan Rows": 37737,
                      "Plan Width": 4,
                      "Actual Startup Time": 85.387,
                      "Actual Total Time": 85.388,
                      "Actual Rows": 36864,
                      "Actual Loops": 7,
                      "Hash Buckets": 262144,
                      "Original Hash Buckets": 262144,
                      "Hash Batches": 1,
                      "Original Hash Batches": 1,
                      "Peak Memory Usage": 12256,
                      "Plans": [
                        {
                          "Node Type": "Seq Scan",
                          "Parent Relationship": "Outer",
                          "Parallel Aware": true,
                          "Relation Name": "title",
                          "Alias": "t",
                          "Startup Cost": 0.0,
                          "Total Cost": 45479.1,
                          "Plan Rows": 37737,
                          "Plan Width": 4,
                          "Actual Startup Time": 0.131,
                          "Actual Total Time": 71.301,
                          "Actual Rows": 36864,
                          "Actual Loops": 7,
                          "Filter": "((kind_id < 7) AND (production_year < 1972))",
                          "Rows Removed by Filter": 324323
                        }
                      ]
                    }
                  ]
                }
              ]
            }
          ]
        }
      ]
    },
    "Planning Time": 0.619,
    "Triggers": [],
    "Execution Time": 1184.294
  }
]