[
  {
    "Plan": {
      "Node Type": "Aggregate",
      "Strategy": "Plain",
      "Partial Mode": "Finalize",
      "Parallel Aware": false,
      "Startup Cost": 335191.22,
      "Total Cost": 335191.23,
      "Plan Rows": 1,
      "Plan Width": 8,
      "Actual Startup Time": 3732.341,
      "Actual Total Time": 3776.659,
      "Actual Rows": 1,
      "Actual Loops": 1,
      "Plans": [
        {
          "Node Type": "Gather",
          "Parent Relationship": "Outer",
          "Parallel Aware": false,
          "Startup Cost": 335190.69,
          "Total Cost": 335191.2,
          "Plan Rows": 5,
          "Plan Width": 8,
          "Actual Startup Time": 3710.006,
          "Actual Total Time": 3776.647,
          "Actual Rows": 6,
          "Actual Loops": 1,
          "Workers Planned": 5,
          "Workers Launched": 5,
          "Single Copy": false,
          "Plans": [
            {
              "Node Type": "Aggregate",
              "Strategy": "Plain",
              "Partial Mode": "Partial",
              "Parent Relationship": "Outer",
              "Parallel Aware": false,
              "Startup Cost": 334190.69,
              "Total Cost": 334190.7,
              "Plan Rows": 1,
              "Plan Width": 8,
              "Actual Startup Time": 3696.264,
              "Actual Total Time": 3696.946,
              "Actual Rows": 1,
              "Actual Loops": 6,
              "Plans": [
                {
                  "Node Type": "Hash Join",
                  "Parent Relationship": "Outer",
                  "Parallel Aware": true,
                  "Join Type": "Inner",
                  "Startup Cost": 106960.28,
                  "Total Cost": 326396.09,
                  "Plan Rows": 3117843,
                  "Plan Width": 0,
                  "Actual Startup Time": 642.878,
                  "Actual Total Time": 2844.532,
                  "Actual Rows": 20189072,
                  "Actual Loops": 6,
                  "Inner Unique": false,
                  "Hash Cond": "(mi.movie_id = t.id)",
                  "Plans": [
                    {
                      "Node Type": "Seq Scan",
                      "Parent Relationship": "Outer",
                      "Parallel Aware": true,
                      "Relation Name": "movie_info",
                      "Alias": "mi",
                      "Startup Cost": 0.0,
                      "Total Cost": 199108.24,
                      "Plan Rows": 2738668,
                      "Plan Width": 4,
                      "Actual Startup Time": 0.034,
                      "Actual Total Time": 344.132,
                      "Actual Rows": 2282414,
                      "Actual Loops": 6,
                      "Filter": "(info_type_id < 57)",
                      "Rows Removed by Filter": 190206
                    },
                    {
                      "Node Type": "Hash",
                      "Parent Relationship": "Inner",
                      "Parallel Aware": true,
                      "Startup Cost": 95353.47,
                      "Total Cost": 95353.47,
                      "Plan Rows": 928545,
                      "Plan Width": 8,
                      "Actual Startup Time": 636.781,
                      "Actual Total Time": 637.46,
                      "Actual Rows": 480505,
                      "Actual Loops": 6,
                      "Hash Buckets": 4194304,
                      "Original Hash Buckets": 4194304,
                      "Hash Batches": 1,
                      "Original Hash Batches": 1,
                      "Peak Memory Usage": 145632,
                      "Plans": [
                        {
                          "Node Type": "Hash Join",
                          "Parent Relationship": "Outer",
                          "Parallel Aware": true,
                          "Join Type": "Inner",
                          "Startup Cost": 50220.38,
                          "Total Cost": 95353.47,
                          "Plan Rows": 928545,
                          "Plan Width": 8,
                          "Actual Startup Time": 296.078,
                          "Actual Total Time": 489.068,
                          "Actual Rows": 480505,
                          "Actual Loops": 6,
                          "Inner Unique": true,
                          "Hash Cond": "(mk.movie_id = t.id)",
                          "Plans": [
                            {
                              "Node Type": "Seq Scan",
                              "Parent Relationship": "Outer",
                              "Parallel Aware": true,
                              "Relation Name": "movie_keyword",
                              "Alias": "mk",
                              "Startup Cost": 0.0,
                              "Total Cost": 42695.65,
                              "Plan Rows": 928545,
                              "Plan Width": 4,
                              "Actual Startup Time": 0.132,
                              "Actual Total Time": 88.011,
                              "Actual Rows": 480505,
                              "Actual Loops": 6,
                              "Filter": "(keyword_id > 2488)",
                              "Rows Removed by Filter": 273483
                            },
                            {
                              "Node Type": "Hash",
                              "Parent Relationship": "Inner",
                              "Parallel Aware": true,
                              "Startup Cost": 42319.06,
                              "Total Cost": 42319.06,
                              "Plan Rows": 632106,
                              "Plan Width": 4,
                              "Actual Startup Time": 290.664,
                              "Actual Total Time": 290.666,
                              "Actual Rows": 421385,
                              "Actual Loops": 6,
                              "Hash Buckets": 4194304,
                              "Original Hash Buckets": 4194304,
                              "Hash Batches": 1,
                              "Original Hash Batches": 1,
                              "Peak Memory Usage": 131744,
                              "Plans": [
                                {
                                  "Node Type": "Seq Scan",
                                  "Parent Relationship": "Outer",
                                  "Parallel Aware": true,
                                  "Relation Name": "title",
                                  "Alias": "t",
                                  "Startup Cost": 0.0,
                                  "Total Cost": 42319.06,
                                  "Plan Rows": 632106,
                                  "Plan Width": 4,
                                  "Actual Startup Time": 0.059,
                                  "Actual Total Time": 81.25,
                                  "Actual Rows": 421385,
                                  "Actual Loops": 6
                                }
                              ]
                            }
                          ]
                        }
                      ]
                    }
                  ]
                }
              ]
            }
          ]
        }
      ]
    },
    "Planning Time": 0.634,
    "Triggers": [],
    "Execution Time": 3776.704
  }
]