[
    {
        "Bao": {
            "Bao prediction": "NaN",
            "Bao recommended hint": "(no hint)"
        }
    },
    {
        "Plan": {
            "Node Type": "Aggregate",
            "Strategy": "Plain",
            "Partial Mode": "Finalize",
            "Parallel Aware": false,
            "Startup Cost": 30315.16,
            "Total Cost": 30315.17,
            "Plan Rows": 1,
            "Plan Width": 8,
            "Actual Startup Time": 70.822,
            "Actual Total Time": 77.143,
            "Actual Rows": 1,
            "Actual Loops": 1,
            "Output": [
                "count(*)"
            ],
            "Plans": [
                {
                    "Node Type": "Gather",
                    "Parent Relationship": "Outer",
                    "Parallel Aware": false,
                    "Startup Cost": 30314.84,
                    "Total Cost": 30315.15,
                    "Plan Rows": 3,
                    "Plan Width": 8,
                    "Actual Startup Time": 70.593,
                    "Actual Total Time": 77.135,
                    "Actual Rows": 4,
                    "Actual Loops": 1,
                    "Output": [
                        "(PARTIAL count(*))"
                    ],
                    "Workers Planned": 3,
                    "Workers Launched": 3,
                    "Single Copy": false,
                    "Plans": [
                        {
                            "Node Type": "Aggregate",
                            "Strategy": "Plain",
                            "Partial Mode": "Partial",
                            "Parent Relationship": "Outer",
                            "Parallel Aware": false,
                            "Startup Cost": 29314.84,
                            "Total Cost": 29314.85,
                            "Plan Rows": 1,
                            "Plan Width": 8,
                            "Actual Startup Time": 62.073,
                            "Actual Total Time": 62.075,
                            "Actual Rows": 1,
                            "Actual Loops": 4,
                            "Output": [
                                "PARTIAL count(*)"
                            ],
                            "Workers": [
                                {
                                    "Worker Number": 0,
                                    "Actual Startup Time": 59.026,
                                    "Actual Total Time": 59.027,
                                    "Actual Rows": 1,
                                    "Actual Loops": 1
                                },
                                {
                                    "Worker Number": 1,
                                    "Actual Startup Time": 59.268,
                                    "Actual Total Time": 59.268,
                                    "Actual Rows": 1,
                                    "Actual Loops": 1
                                },
                                {
                                    "Worker Number": 2,
                                    "Actual Startup Time": 59.656,
                                    "Actual Total Time": 59.658,
                                    "Actual Rows": 1,
                                    "Actual Loops": 1
                                }
                            ],
                            "Plans": [
                                {
                                    "Node Type": "Bitmap Heap Scan",
                                    "Parent Relationship": "Outer",
                                    "Parallel Aware": true,
                                    "Relation Name": "movie_keyword",
                                    "Schema": "public",
                                    "Alias": "mk",
                                    "Startup Cost": 3958.19,
                                    "Total Cost": 29164.4,
                                    "Plan Rows": 60177,
                                    "Plan Width": 0,
                                    "Actual Startup Time": 9.357,
                                    "Actual Total Time": 58.781,
                                    "Actual Rows": 47470,
                                    "Actual Loops": 4,
                                    "Recheck Cond": "(mk.keyword_id > 70968)",
                                    "Rows Removed by Index Recheck": 0,
                                    "Exact Heap Blocks": 10632,
                                    "Lossy Heap Blocks": 0,
                                    "Workers": [
                                        {
                                            "Worker Number": 0,
                                            "Actual Startup Time": 6.479,
                                            "Actual Total Time": 56.154,
                                            "Actual Rows": 32356,
                                            "Actual Loops": 1
                                        },
                                        {
                                            "Worker Number": 1,
                                            "Actual Startup Time": 6.696,
                                            "Actual Total Time": 56.711,
                                            "Actual Rows": 27619,
                                            "Actual Loops": 1
                                        },
                                        {
                                            "Worker Number": 2,
                                            "Actual Startup Time": 6.922,
                                            "Actual Total Time": 56.852,
                                            "Actual Rows": 28960,
                                            "Actual Loops": 1
                                        }
                                    ],
                                    "Plans": [
                                        {
                                            "Node Type": "Bitmap Index Scan",
                                            "Parent Relationship": "Outer",
                                            "Parallel Aware": false,
                                            "Index Name": "keyword_id_movie_keyword",
                                            "Startup Cost": 0.0,
                                            "Total Cost": 3911.55,
                                            "Plan Rows": 186549,
                                            "Plan Width": 0,
                                            "Actual Startup Time": 14.069,
                                            "Actual Total Time": 14.07,
                                            "Actual Rows": 189880,
                                            "Actual Loops": 1,
                                            "Index Cond": "(mk.keyword_id > 70968)"
                                        }
                                    ]
                                }
                            ]
                        }
                    ]
                }
            ]
        },
        "Planning Time": 182.713,
        "Triggers": [],
        "Execution Time": 77.203
    }
]