{
  "Plan": {
    "Node Type": "Aggregate",
    "Strategy": "Plain",
    "Partial Mode": "Finalize",
    "Parallel Aware": false,
    "Startup Cost": 466521.51,
    "Total Cost": 466521.52,
    "Plan Rows": 1,
    "Plan Width": 8,
    "Actual Startup Time": 3945.074,
    "Actual Total Time": 4000.596,
    "Actual Rows": 1,
    "Actual Loops": 1,
    "Plans": [
      {
        "Node Type": "Gather",
        "Parent Relationship": "Outer",
        "Parallel Aware": false,
        "Startup Cost": 466521.4,
        "Total Cost": 466521.51,
        "Plan Rows": 1,
        "Plan Width": 8,
        "Actual Startup Time": 3941.14,
        "Actual Total Time": 4000.588,
        "Actual Rows": 2,
        "Actual Loops": 1,
        "Workers Planned": 1,
        "Workers Launched": 1,
        "Single Copy": false,
        "Plans": [
          {
            "Node Type": "Aggregate",
            "Strategy": "Plain",
            "Partial Mode": "Partial",
            "Parent Relationship": "Outer",
            "Parallel Aware": false,
            "Startup Cost": 465521.4,
            "Total Cost": 465521.41,
            "Plan Rows": 1,
            "Plan Width": 8,
            "Actual Startup Time": 3934.535,
            "Actual Total Time": 3934.541,
            "Actual Rows": 1,
            "Actual Loops": 2,
            "Plans": [
              {
                "Node Type": "Hash Join",
                "Parent Relationship": "Outer",
                "Parallel Aware": true,
                "Join Type": "Inner",
                "Startup Cost": 162029.76,
                "Total Cost": 458982.4,
                "Plan Rows": 2615600,
                "Plan Width": 0,
                "Actual Startup Time": 1030.919,
                "Actual Total Time": 3683.037,
                "Actual Rows": 5578152,
                "Actual Loops": 2,
                "Inner Unique": false,
                "Hash Cond": "(mi.movie_id = t.id)",
                "Plans": [
                  {
                    "Node Type": "Seq Scan",
                    "Parent Relationship": "Outer",
                    "Parallel Aware": true,
                    "Relation Name": "movie_info",
                    "Alias": "mi",
                    "Startup Cost": 0.0,
                    "Total Cost": 248955.74,
                    "Plan Rows": 8696274,
                    "Plan Width": 4,
                    "Actual Startup Time": 0.02,
                    "Actual Total Time": 682.828,
                    "Actual Rows": 7417860,
                    "Actual Loops": 2
                  },
                  {
                    "Node Type": "Hash",
                    "Parent Relationship": "Inner",
                    "Parallel Aware": true,
                    "Startup Cost": 156438.29,
                    "Total Cost": 156438.29,
                    "Plan Rows": 447318,
                    "Plan Width": 8,
                    "Actual Startup Time": 1019.557,
                    "Actual Total Time": 1019.561,
                    "Actual Rows": 370642,
                    "Actual Loops": 2,
                    "Hash Buckets": 1048576,
                    "Original Hash Buckets": 1048576,
                    "Hash Batches": 1,
                    "Original Hash Batches": 1,
                    "Peak Memory Usage": 37216,
                    "Plans": [
                      {
                        "Node Type": "Hash Join",
                        "Parent Relationship": "Outer",
                        "Parallel Aware": true,
                        "Join Type": "Inner",
                        "Startup Cost": 61878.87,
                        "Total Cost": 156438.29,
                        "Plan Rows": 447318,
                        "Plan Width": 8,
                        "Actual Startup Time": 303.83,
                        "Actual Total Time": 902.013,
                        "Actual Rows": 370642,
                        "Actual Loops": 2,
                        "Inner Unique": true,
                        "Hash Cond": "(ci.movie_id = t.id)",
                        "Plans": [
                          {
                            "Node Type": "Index Scan",
                            "Parent Relationship": "Outer",
                            "Parallel Aware": true,
                            "Scan Direction": "Forward",
                            "Index Name": "role_id_cast_info",
                            "Relation Name": "cast_info",
                            "Alias": "ci",
                            "Startup Cost": 0.56,
                            "Total Cost": 91565.57,
                            "Plan Rows": 1140730,
                            "Plan Width": 4,
                            "Actual Startup Time": 0.08,
                            "Actual Total Time": 260.393,
                            "Actual Rows": 958211,
                            "Actual Loops": 2,
                            "Index Cond": "(role_id = 4)",
                            "Rows Removed by Index Recheck": 0,
                            "Filter": "(person_id > 1137214)",
                            "Rows Removed by Filter": 406260
                          },
                          {
                            "Node Type": "Hash",
                            "Parent Relationship": "Inner",
                            "Parallel Aware": true,
                            "Startup Cost": 54588.39,
                            "Total Cost": 54588.39,
                            "Plan Rows": 583193,
                            "Plan Width": 4,
                            "Actual Startup Time": 298.494,
                            "Actual Total Time": 298.495,
                            "Actual Rows": 492524,
                            "Actual Loops": 2,
                            "Hash Buckets": 1048576,
                            "Original Hash Buckets": 1048576,
                            "Hash Batches": 1,
                            "Original Hash Batches": 1,
                            "Peak Memory Usage": 46752,
                            "Plans": [
                              {
                                "Node Type": "Seq Scan",
                                "Parent Relationship": "Outer",
                                "Parallel Aware": true,
                                "Relation Name": "title",
                                "Alias": "t",
                                "Startup Cost": 0.0,
                                "Total Cost": 54588.39,
                                "Plan Rows": 583193,
                                "Plan Width": 4,
                                "Actual Startup Time": 0.035,
                                "Actual Total Time": 170.122,
                                "Actual Rows": 492524,
                                "Actual Loops": 2,
                                "Filter": "(kind_id < 7)",
                                "Rows Removed by Filter": 771632
                              }
                            ]
                          }
                        ]
                      }
                    ]
                  }
                ]
              }
            ]
          }
        ]
      }
    ]
  },
  "Planning Time": 1.032,
  "Triggers": [],
  "Execution Time": 4000.697
}