[
  {
    "Plan": {
      "Node Type": "Aggregate",
      "Strategy": "Plain",
      "Partial Mode": "Finalize",
      "Parallel Aware": false,
      "Startup Cost": 350040.12,
      "Total Cost": 350040.13,
      "Plan Rows": 1,
      "Plan Width": 8,
      "Actual Startup Time": 754.722,
      "Actual Total Time": 802.043,
      "Actual Rows": 1,
      "Actual Loops": 1,
      "Plans": [
        {
          "Node Type": "Gather",
          "Parent Relationship": "Outer",
          "Parallel Aware": false,
          "Startup Cost": 350039.49,
          "Total Cost": 350040.1,
          "Plan Rows": 6,
          "Plan Width": 8,
          "Actual Startup Time": 754.577,
          "Actual Total Time": 802.034,
          "Actual Rows": 7,
          "Actual Loops": 1,
          "Workers Planned": 6,
          "Workers Launched": 6,
          "Single Copy": false,
          "Plans": [
            {
              "Node Type": "Aggregate",
              "Strategy": "Plain",
              "Partial Mode": "Partial",
              "Parent Relationship": "Outer",
              "Parallel Aware": false,
              "Startup Cost": 349039.49,
              "Total Cost": 349039.5,
              "Plan Rows": 1,
              "Plan Width": 8,
              "Actual Startup Time": 746.296,
              "Actual Total Time": 746.297,
              "Actual Rows": 1,
              "Actual Loops": 7,
              "Plans": [
                {
                  "Node Type": "Seq Scan",
                  "Parent Relationship": "Outer",
                  "Parallel Aware": true,
                  "Relation Name": "cast_info",
                  "Alias": "ci",
                  "Startup Cost": 0.0,
                  "Total Cost": 343316.27,
                  "Plan Rows": 2289289,
                  "Plan Width": 0,
                  "Actual Startup Time": 0.052,
                  "Actual Total Time": 639.35,
                  "Actual Rows": 2336978,
                  "Actual Loops": 7,
                  "Filter": "((person_id < 1869646) AND (role_id < 5))",
                  "Rows Removed by Filter": 2840786
                }
              ]
            }
          ]
        }
      ]
    },
    "Planning Time": 0.126,
    "Triggers": [],
    "Execution Time": 802.089
  }
]