{
  "Plan": {
    "Node Type": "Aggregate",
    "Strategy": "Plain",
    "Partial Mode": "Finalize",
    "Parallel Aware": false,
    "Startup Cost": 611955.08,
    "Total Cost": 611955.09,
    "Plan Rows": 1,
    "Plan Width": 8,
    "Actual Startup Time": 2657.477,
    "Actual Total Time": 2725.207,
    "Actual Rows": 1,
    "Actual Loops": 1,
    "Plans": [
      {
        "Node Type": "Gather",
        "Parent Relationship": "Outer",
        "Parallel Aware": false,
        "Startup Cost": 611954.97,
        "Total Cost": 611955.08,
        "Plan Rows": 1,
        "Plan Width": 8,
        "Actual Startup Time": 2657.326,
        "Actual Total Time": 2725.198,
        "Actual Rows": 2,
        "Actual Loops": 1,
        "Workers Planned": 1,
        "Workers Launched": 1,
        "Single Copy": false,
        "Plans": [
          {
            "Node Type": "Aggregate",
            "Strategy": "Plain",
            "Partial Mode": "Partial",
            "Parent Relationship": "Outer",
            "Parallel Aware": false,
            "Startup Cost": 610954.97,
            "Total Cost": 610954.98,
            "Plan Rows": 1,
            "Plan Width": 8,
            "Actual Startup Time": 2652.829,
            "Actual Total Time": 2652.832,
            "Actual Rows": 1,
            "Actual Loops": 2,
            "Plans": [
              {
                "Node Type": "Hash Join",
                "Parent Relationship": "Outer",
                "Parallel Aware": true,
                "Join Type": "Inner",
                "Startup Cost": 54771.2,
                "Total Cost": 610610.61,
                "Plan Rows": 137744,
                "Plan Width": 0,
                "Actual Startup Time": 408.005,
                "Actual Total Time": 2646.475,
                "Actual Rows": 118790,
                "Actual Loops": 2,
                "Inner Unique": true,
                "Hash Cond": "(ci.movie_id = t.id)",
                "Plans": [
                  {
                    "Node Type": "Seq Scan",
                    "Parent Relationship": "Outer",
                    "Parallel Aware": true,
                    "Relation Name": "cast_info",
                    "Alias": "ci",
                    "Startup Cost": 0.0,
                    "Total Cost": 519069.44,
                    "Plan Rows": 14007580,
                    "Plan Width": 4,
                    "Actual Startup Time": 276.563,
                    "Actual Total Time": 1480.982,
                    "Actual Rows": 11927275,
                    "Actual Loops": 2,
                    "Filter": "(person_id > 1221609)",
                    "Rows Removed by Filter": 6194897
                  },
                  {
                    "Node Type": "Hash",
                    "Parent Relationship": "Inner",
                    "Parallel Aware": true,
                    "Startup Cost": 54588.39,
                    "Total Cost": 54588.39,
                    "Plan Rows": 14625,
                    "Plan Width": 4,
                    "Actual Startup Time": 130.629,
                    "Actual Total Time": 130.629,
                    "Actual Rows": 11900,
                    "Actual Loops": 2,
                    "Hash Buckets": 32768,
                    "Original Hash Buckets": 32768,
                    "Hash Batches": 1,
                    "Original Hash Batches": 1,
                    "Peak Memory Usage": 1216,
                    "Plans": [
                      {
                        "Node Type": "Seq Scan",
                        "Parent Relationship": "Outer",
                        "Parallel Aware": true,
                        "Relation Name": "title",
                        "Alias": "t",
                        "Startup Cost": 0.0,
                        "Total Cost": 54588.39,
                        "Plan Rows": 14625,
                        "Plan Width": 4,
                        "Actual Startup Time": 0.038,
                        "Actual Total Time": 126.784,
                        "Actual Rows": 11900,
                        "Actual Loops": 2,
                        "Filter": "(production_year = 1991)",
                        "Rows Removed by Filter": 1252256
                      }
                    ]
                  }
                ]
              }
            ]
          }
        ]
      }
    ]
  },
  "Planning Time": 0.36,
  "Triggers": [],
  "Execution Time": 2725.27
}