[
  {
    "Plan": {
      "Node Type": "Aggregate",
      "Strategy": "Plain",
      "Partial Mode": "Finalize",
      "Parallel Aware": false,
      "Startup Cost": 346283.27,
      "Total Cost": 346283.28,
      "Plan Rows": 1,
      "Plan Width": 8,
      "Actual Startup Time": 696.648,
      "Actual Total Time": 752.133,
      "Actual Rows": 1,
      "Actual Loops": 1,
      "Plans": [
        {
          "Node Type": "Gather",
          "Parent Relationship": "Outer",
          "Parallel Aware": false,
          "Startup Cost": 346282.65,
          "Total Cost": 346283.26,
          "Plan Rows": 6,
          "Plan Width": 8,
          "Actual Startup Time": 696.491,
          "Actual Total Time": 752.121,
          "Actual Rows": 7,
          "Actual Loops": 1,
          "Workers Planned": 6,
          "Workers Launched": 6,
          "Single Copy": false,
          "Plans": [
            {
              "Node Type": "Aggregate",
              "Strategy": "Plain",
              "Partial Mode": "Partial",
              "Parent Relationship": "Outer",
              "Parallel Aware": false,
              "Startup Cost": 345282.65,
              "Total Cost": 345282.66,
              "Plan Rows": 1,
              "Plan Width": 8,
              "Actual Startup Time": 686.056,
              "Actual Total Time": 686.057,
              "Actual Rows": 1,
              "Actual Loops": 7,
              "Plans": [
                {
                  "Node Type": "Seq Scan",
                  "Parent Relationship": "Outer",
                  "Parallel Aware": true,
                  "Relation Name": "cast_info",
                  "Alias": "ci",
                  "Startup Cost": 0.0,
                  "Total Cost": 343257.03,
                  "Plan Rows": 810248,
                  "Plan Width": 0,
                  "Actual Startup Time": 0.056,
                  "Actual Total Time": 645.24,
                  "Actual Rows": 799038,
                  "Actual Loops": 7,
                  "Filter": "((person_id < 573469) AND (role_id < 9))",
                  "Rows Removed by Filter": 4378725
                }
              ]
            }
          ]
        }
      ]
    },
    "Planning Time": 0.212,
    "Triggers": [],
    "Execution Time": 752.202
  }
]