[
  {
    "Plan": {
      "Node Type": "Aggregate",
      "Strategy": "Plain",
      "Partial Mode": "Finalize",
      "Parallel Aware": false,
      "Startup Cost": 91098.04,
      "Total Cost": 91098.05,
      "Plan Rows": 1,
      "Plan Width": 8,
      "Actual Startup Time": 266.264,
      "Actual Total Time": 285.112,
      "Actual Rows": 1,
      "Actual Loops": 1,
      "Plans": [
        {
          "Node Type": "Gather",
          "Parent Relationship": "Outer",
          "Parallel Aware": false,
          "Startup Cost": 91097.73,
          "Total Cost": 91098.04,
          "Plan Rows": 3,
          "Plan Width": 8,
          "Actual Startup Time": 265.941,
          "Actual Total Time": 285.102,
          "Actual Rows": 4,
          "Actual Loops": 1,
          "Workers Planned": 3,
          "Workers Launched": 3,
          "Single Copy": false,
          "Plans": [
            {
              "Node Type": "Aggregate",
              "Strategy": "Plain",
              "Partial Mode": "Partial",
              "Parent Relationship": "Outer",
              "Parallel Aware": false,
              "Startup Cost": 90097.73,
              "Total Cost": 90097.74,
              "Plan Rows": 1,
              "Plan Width": 8,
              "Actual Startup Time": 256.506,
              "Actual Total Time": 256.512,
              "Actual Rows": 1,
              "Actual Loops": 4,
              "Plans": [
                {
                  "Node Type": "Hash Join",
                  "Parent Relationship": "Outer",
                  "Parallel Aware": true,
                  "Join Type": "Inner",
                  "Startup Cost": 45584.6,
                  "Total Cost": 90074.9,
                  "Plan Rows": 9129,
                  "Plan Width": 0,
                  "Actual Startup Time": 134.675,
                  "Actual Total Time": 255.717,
                  "Actual Rows": 14404,
                  "Actual Loops": 4,
                  "Inner Unique": true,
                  "Hash Cond": "(mk.movie_id = t.id)",
                  "Plans": [
                    {
                      "Node Type": "Seq Scan",
                      "Parent Relationship": "Outer",
                      "Parallel Aware": true,
                      "Relation Name": "movie_keyword",
                      "Alias": "mk",
                      "Startup Cost": 0.0,
                      "Total Cost": 42695.65,
                      "Plan Rows": 683677,
                      "Plan Width": 4,
                      "Actual Startup Time": 0.378,
                      "Actual Total Time": 109.625,
                      "Actual Rows": 528698,
                      "Actual Loops": 4,
                      "Filter": "(keyword_id > 5635)",
                      "Rows Removed by Filter": 602285
                    },
                    {
                      "Node Type": "Hash",
                      "Parent Relationship": "Inner",
                      "Parallel Aware": true,
                      "Startup Cost": 45479.1,
                      "Total Cost": 45479.1,
                      "Plan Rows": 8440,
                      "Plan Width": 4,
                      "Actual Startup Time": 105.107,
                      "Actual Total Time": 105.11,
                      "Actual Rows": 7026,
                      "Actual Loops": 4,
                      "Hash Buckets": 65536,
                      "Original Hash Buckets": 65536,
                      "Hash Batches": 1,
                      "Original Hash Batches": 1,
                      "Peak Memory Usage": 1664,
                      "Plans": [
                        {
                          "Node Type": "Seq Scan",
                          "Parent Relationship": "Outer",
                          "Parallel Aware": true,
                          "Relation Name": "title",
                          "Alias": "t",
                          "Startup Cost": 0.0,
                          "Total Cost": 45479.1,
                          "Plan Rows": 8440,
                          "Plan Width": 4,
                          "Actual Startup Time": 65.574,
                          "Actual Total Time": 102.288,
                          "Actual Rows": 7026,
                          "Actual Loops": 4,
                          "Filter": "((kind_id = 1) AND (production_year = 2009))",
                          "Rows Removed by Filter": 625052
                        }
                      ]
                    }
                  ]
                }
              ]
            }
          ]
        }
      ]
    },
    "Planning Time": 0.709,
    "Triggers": [],
    "Execution Time": 285.187
  }
]