[
  {
    "Plan": {
      "Node Type": "Aggregate",
      "Strategy": "Plain",
      "Partial Mode": "Finalize",
      "Parallel Aware": false,
      "Startup Cost": 119735.27,
      "Total Cost": 119735.28,
      "Plan Rows": 1,
      "Plan Width": 8,
      "Actual Startup Time": 880.207,
      "Actual Total Time": 901.747,
      "Actual Rows": 1,
      "Actual Loops": 1,
      "Plans": [
        {
          "Node Type": "Gather",
          "Parent Relationship": "Outer",
          "Parallel Aware": false,
          "Startup Cost": 119734.95,
          "Total Cost": 119735.26,
          "Plan Rows": 3,
          "Plan Width": 8,
          "Actual Startup Time": 861.783,
          "Actual Total Time": 901.737,
          "Actual Rows": 4,
          "Actual Loops": 1,
          "Workers Planned": 3,
          "Workers Launched": 3,
          "Single Copy": false,
          "Plans": [
            {
              "Node Type": "Aggregate",
              "Strategy": "Plain",
              "Partial Mode": "Partial",
              "Parent Relationship": "Outer",
              "Parallel Aware": false,
              "Startup Cost": 118734.95,
              "Total Cost": 118734.96,
              "Plan Rows": 1,
              "Plan Width": 8,
              "Actual Startup Time": 849.849,
              "Actual Total Time": 850.484,
              "Actual Rows": 1,
              "Actual Loops": 4,
              "Plans": [
                {
                  "Node Type": "Hash Join",
                  "Parent Relationship": "Outer",
                  "Parallel Aware": true,
                  "Join Type": "Inner",
                  "Startup Cost": 71126.63,
                  "Total Cost": 117931.25,
                  "Plan Rows": 321482,
                  "Plan Width": 0,
                  "Actual Startup Time": 536.889,
                  "Actual Total Time": 805.339,
                  "Actual Rows": 956209,
                  "Actual Loops": 4,
                  "Inner Unique": false,
                  "Hash Cond": "(mk.movie_id = t.id)",
                  "Plans": [
                    {
                      "Node Type": "Seq Scan",
                      "Parent Relationship": "Outer",
                      "Parallel Aware": true,
                      "Relation Name": "movie_keyword",
                      "Alias": "mk",
                      "Startup Cost": 0.0,
                      "Total Cost": 42695.65,
                      "Plan Rows": 738522,
                      "Plan Width": 4,
                      "Actual Startup Time": 0.317,
                      "Actual Total Time": 120.968,
                      "Actual Rows": 569849,
                      "Actual Loops": 4,
                      "Filter": "(keyword_id > 4619)",
                      "Rows Removed by Filter": 561134
                    },
                    {
                      "Node Type": "Hash",
                      "Parent Relationship": "Inner",
                      "Parallel Aware": true,
                      "Startup Cost": 65394.45,
                      "Total Cost": 65394.45,
                      "Plan Rows": 458574,
                      "Plan Width": 8,
                      "Actual Startup Time": 528.84,
                      "Actual Total Time": 529.473,
                      "Actual Rows": 276152,
                      "Actual Loops": 4,
                      "Hash Buckets": 2097152,
                      "Original Hash Buckets": 2097152,
                      "Hash Batches": 1,
                      "Original Hash Batches": 1,
                      "Peak Memory Usage": 59648,
                      "Plans": [
                        {
                          "Node Type": "Hash Join",
                          "Parent Relationship": "Outer",
                          "Parallel Aware": true,
                          "Join Type": "Inner",
                          "Startup Cost": 50199.89,
                          "Total Cost": 65394.45,
                          "Plan Rows": 458574,
                          "Plan Width": 8,
                          "Actual Startup Time": 312.288,
                          "Actual Total Time": 450.013,
                          "Actual Rows": 276152,
                          "Actual Loops": 4,
                          "Inner Unique": true,
                          "Hash Cond": "(mi_idx.movie_id = t.id)",
                          "Plans": [
                            {
                              "Node Type": "Seq Scan",
                              "Parent Relationship": "Outer",
                              "Parallel Aware": true,
                              "Relation Name": "movie_info_idx",
                              "Alias": "mi_idx",
                              "Startup Cost": 0.0,
                              "Total Cost": 13685.15,
                              "Plan Rows": 575015,
                              "Plan Width": 4,
                              "Actual Startup Time": 0.029,
                              "Actual Total Time": 34.572,
                              "Actual Rows": 345009,
                              "Actual Loops": 4
                            },
                            {
                              "Node Type": "Hash",
                              "Parent Relationship": "Inner",
                              "Parallel Aware": true,
                              "Startup Cost": 43898.92,
                              "Total Cost": 43898.92,
                              "Plan Rows": 504078,
                              "Plan Width": 4,
                              "Actual Startup Time": 308.618,
                              "Actual Total Time": 308.619,
                              "Actual Rows": 501162,
                              "Actual Loops": 4,
                              "Hash Buckets": 2097152,
                              "Original Hash Buckets": 2097152,
                              "Hash Batches": 1,
                              "Original Hash Batches": 1,
                              "Peak Memory Usage": 94848,
                              "Plans": [
                                {
                                  "Node Type": "Seq Scan",
                                  "Parent Relationship": "Outer",
                                  "Parallel Aware": true,
                                  "Relation Name": "title",
                                  "Alias": "t",
                                  "Startup Cost": 0.0,
                                  "Total Cost": 43898.92,
                                  "Plan Rows": 504078,
                                  "Plan Width": 4,
                                  "Actual Startup Time": 0.04,
                                  "Actual Total Time": 125.16,
                                  "Actual Rows": 501162,
                                  "Actual Loops": 4,
                                  "Filter": "(production_year > 1975)",
                                  "Rows Removed by Filter": 130916
                                }
                              ]
                            }
                          ]
                        }
                      ]
                    }
                  ]
                }
              ]
            }
          ]
        }
      ]
    },
    "Planning Time": 1.29,
    "Triggers": [],
    "Execution Time": 901.824
  }
]