[
  {
    "Plan": {
      "Node Type": "Aggregate",
      "Strategy": "Plain",
      "Partial Mode": "Finalize",
      "Parallel Aware": false,
      "Startup Cost": 44468.34,
      "Total Cost": 44468.35,
      "Plan Rows": 1,
      "Plan Width": 8,
      "Actual Startup Time": 134.284,
      "Actual Total Time": 146.336,
      "Actual Rows": 1,
      "Actual Loops": 1,
      "Plans": [
        {
          "Node Type": "Gather",
          "Parent Relationship": "Outer",
          "Parallel Aware": false,
          "Startup Cost": 44468.02,
          "Total Cost": 44468.33,
          "Plan Rows": 3,
          "Plan Width": 8,
          "Actual Startup Time": 134.136,
          "Actual Total Time": 146.328,
          "Actual Rows": 4,
          "Actual Loops": 1,
          "Workers Planned": 3,
          "Workers Launched": 3,
          "Single Copy": false,
          "Plans": [
            {
              "Node Type": "Aggregate",
              "Strategy": "Plain",
              "Partial Mode": "Partial",
              "Parent Relationship": "Outer",
              "Parallel Aware": false,
              "Startup Cost": 43468.02,
              "Total Cost": 43468.03,
              "Plan Rows": 1,
              "Plan Width": 8,
              "Actual Startup Time": 128.179,
              "Actual Total Time": 128.18,
              "Actual Rows": 1,
              "Actual Loops": 4,
              "Plans": [
                {
                  "Node Type": "Seq Scan",
                  "Parent Relationship": "Outer",
                  "Parallel Aware": true,
                  "Relation Name": "movie_keyword",
                  "Alias": "mk",
                  "Startup Cost": 0.0,
                  "Total Cost": 42695.65,
                  "Plan Rows": 308947,
                  "Plan Width": 0,
                  "Actual Startup Time": 3.201,
                  "Actual Total Time": 114.404,
                  "Actual Rows": 238920,
                  "Actual Loops": 4,
                  "Filter": "(keyword_id > 19841)",
                  "Rows Removed by Filter": 892062
                }
              ]
            }
          ]
        }
      ]
    },
    "Planning Time": 0.185,
    "Triggers": [],
    "Execution Time": 146.39
  }
]