[
  {
    "Plan": {
      "Node Type": "Aggregate",
      "Strategy": "Plain",
      "Partial Mode": "Finalize",
      "Parallel Aware": false,
      "Startup Cost": 44469.06,
      "Total Cost": 44469.07,
      "Plan Rows": 1,
      "Plan Width": 8,
      "Actual Startup Time": 117.915,
      "Actual Total Time": 127.466,
      "Actual Rows": 1,
      "Actual Loops": 1,
      "Plans": [
        {
          "Node Type": "Gather",
          "Parent Relationship": "Outer",
          "Parallel Aware": false,
          "Startup Cost": 44468.74,
          "Total Cost": 44469.05,
          "Plan Rows": 3,
          "Plan Width": 8,
          "Actual Startup Time": 117.823,
          "Actual Total Time": 127.458,
          "Actual Rows": 4,
          "Actual Loops": 1,
          "Workers Planned": 3,
          "Workers Launched": 3,
          "Single Copy": false,
          "Plans": [
            {
              "Node Type": "Aggregate",
              "Strategy": "Plain",
              "Partial Mode": "Partial",
              "Parent Relationship": "Outer",
              "Parallel Aware": false,
              "Startup Cost": 43468.74,
              "Total Cost": 43468.75,
              "Plan Rows": 1,
              "Plan Width": 8,
              "Actual Startup Time": 112.404,
              "Actual Total Time": 112.405,
              "Actual Rows": 1,
              "Actual Loops": 4,
              "Plans": [
                {
                  "Node Type": "Seq Scan",
                  "Parent Relationship": "Outer",
                  "Parallel Aware": true,
                  "Relation Name": "movie_keyword",
                  "Alias": "mk",
                  "Startup Cost": 0.0,
                  "Total Cost": 42695.65,
                  "Plan Rows": 309236,
                  "Plan Width": 0,
                  "Actual Startup Time": 3.295,
                  "Actual Total Time": 100.65,
                  "Actual Rows": 238920,
                  "Actual Loops": 4,
                  "Filter": "(keyword_id > 19841)",
                  "Rows Removed by Filter": 892062
                }
              ]
            }
          ]
        }
      ]
    },
    "Planning Time": 0.152,
    "Triggers": [],
    "Execution Time": 127.511
  }
]