[
  {
    "Plan": {
      "Node Type": "Aggregate",
      "Strategy": "Plain",
      "Partial Mode": "Finalize",
      "Parallel Aware": false,
      "Startup Cost": 465988.9,
      "Total Cost": 465988.91,
      "Plan Rows": 1,
      "Plan Width": 8,
      "Actual Startup Time": 5758.038,
      "Actual Total Time": 5842.13,
      "Actual Rows": 1,
      "Actual Loops": 1,
      "Plans": [
        {
          "Node Type": "Gather",
          "Parent Relationship": "Outer",
          "Parallel Aware": false,
          "Startup Cost": 465988.58,
          "Total Cost": 465988.89,
          "Plan Rows": 3,
          "Plan Width": 8,
          "Actual Startup Time": 5680.907,
          "Actual Total Time": 5842.117,
          "Actual Rows": 4,
          "Actual Loops": 1,
          "Workers Planned": 3,
          "Workers Launched": 3,
          "Single Copy": false,
          "Plans": [
            {
              "Node Type": "Aggregate",
              "Strategy": "Plain",
              "Partial Mode": "Partial",
              "Parent Relationship": "Outer",
              "Parallel Aware": false,
              "Startup Cost": 464988.58,
              "Total Cost": 464988.59,
              "Plan Rows": 1,
              "Plan Width": 8,
              "Actual Startup Time": 5656.541,
              "Actual Total Time": 5663.284,
              "Actual Rows": 1,
              "Actual Loops": 4,
              "Plans": [
                {
                  "Node Type": "Hash Join",
                  "Parent Relationship": "Outer",
                  "Parallel Aware": true,
                  "Join Type": "Inner",
                  "Startup Cost": 397231.3,
                  "Total Cost": 453232.74,
                  "Plan Rows": 4702335,
                  "Plan Width": 0,
                  "Actual Startup Time": 3399.867,
                  "Actual Total Time": 4958.492,
                  "Actual Rows": 17842152,
                  "Actual Loops": 4,
                  "Inner Unique": false,
                  "Hash Cond": "(mk.movie_id = t.id)",
                  "Plans": [
                    {
                      "Node Type": "Seq Scan",
                      "Parent Relationship": "Outer",
                      "Parallel Aware": true,
                      "Relation Name": "movie_keyword",
                      "Alias": "mk",
                      "Startup Cost": 0.0,
                      "Total Cost": 42695.65,
                      "Plan Rows": 1458283,
                      "Plan Width": 4,
                      "Actual Startup Time": 0.029,
                      "Actual Total Time": 114.576,
                      "Actual Rows": 1130363,
                      "Actual Loops": 4,
                      "Filter": "(keyword_id < 131779)",
                      "Rows Removed by Filter": 620
                    },
                    {
                      "Node Type": "Hash",
                      "Parent Relationship": "Inner",
                      "Parallel Aware": true,
                      "Startup Cost": 380245.72,
                      "Total Cost": 380245.72,
                      "Plan Rows": 1358846,
                      "Plan Width": 8,
                      "Actual Startup Time": 3383.275,
                      "Actual Total Time": 3390.016,
                      "Actual Rows": 2458981,
                      "Actual Loops": 4,
                      "Hash Buckets": 16777216,
                      "Original Hash Buckets": 8388608,
                      "Hash Batches": 1,
                      "Original Hash Batches": 1,
                      "Peak Memory Usage": 581472,
                      "Plans": [
                        {
                          "Node Type": "Hash Join",
                          "Parent Relationship": "Outer",
                          "Parallel Aware": true,
                          "Join Type": "Inner",
                          "Startup Cost": 51268.19,
                          "Total Cost": 380245.72,
                          "Plan Rows": 1358846,
                          "Plan Width": 8,
                          "Actual Startup Time": 356.961,
                          "Actual Total Time": 2105.205,
                          "Actual Rows": 2458981,
                          "Actual Loops": 4,
                          "Inner Unique": true,
                          "Hash Cond": "(ci.movie_id = t.id)",
                          "Plans": [
                            {
                              "Node Type": "Index Scan",
                              "Parent Relationship": "Outer",
                              "Parallel Aware": true,
                              "Scan Direction": "Forward",
                              "Index Name": "role_id_cast_info",
                              "Relation Name": "cast_info",
                              "Alias": "ci",
                              "Startup Cost": 0.56,
                              "Total Cost": 325153.08,
                              "Plan Rows": 1457146,
                              "Plan Width": 4,
                              "Actual Startup Time": 0.187,
                              "Actual Total Time": 590.282,
                              "Actual Rows": 2517402,
                              "Actual Loops": 4,
                              "Index Cond": "(role_id > 3)",
                              "Rows Removed by Index Recheck": 0,
                              "Filter": "(person_id > 993943)",
                              "Rows Removed by Filter": 511010
                            },
                            {
                              "Node Type": "Hash",
                              "Parent Relationship": "Inner",
                              "Parallel Aware": true,
                              "Startup Cost": 43899.32,
                              "Total Cost": 43899.32,
                              "Plan Rows": 589464,
                              "Plan Width": 4,
                              "Actual Startup Time": 349.642,
                              "Actual Total Time": 349.644,
                              "Actual Rows": 588060,
                              "Actual Loops": 4,
                              "Hash Buckets": 4194304,
                              "Original Hash Buckets": 4194304,
                              "Hash Batches": 1,
                              "Original Hash Batches": 1,
                              "Peak Memory Usage": 124864,
                              "Plans": [
                                {
                                  "Node Type": "Seq Scan",
                                  "Parent Relationship": "Outer",
                                  "Parallel Aware": true,
                                  "Relation Name": "title",
                                  "Alias": "t",
                                  "Startup Cost": 0.0,
                                  "Total Cost": 43899.32,
                                  "Plan Rows": 589464,
                                  "Plan Width": 4,
                                  "Actual Startup Time": 0.059,
                                  "Actual Total Time": 116.365,
                                  "Actual Rows": 588060,
                                  "Actual Loops": 4,
                                  "Filter": "(production_year > 1925)",
                                  "Rows Removed by Filter": 44018
                                }
                              ]
                            }
                          ]
                        }
                      ]
                    }
                  ]
                }
              ]
            }
          ]
        }
      ]
    },
    "Planning Time": 1.511,
    "Triggers": [],
    "Execution Time": 5842.224
  }
]