[
  {
    "Plan": {
      "Node Type": "Aggregate",
      "Strategy": "Plain",
      "Partial Mode": "Finalize",
      "Parallel Aware": false,
      "Startup Cost": 85703.41,
      "Total Cost": 85703.42,
      "Plan Rows": 1,
      "Plan Width": 8,
      "Actual Startup Time": 316.095,
      "Actual Total Time": 331.998,
      "Actual Rows": 1,
      "Actual Loops": 1,
      "Plans": [
        {
          "Node Type": "Gather",
          "Parent Relationship": "Outer",
          "Parallel Aware": false,
          "Startup Cost": 85703.09,
          "Total Cost": 85703.4,
          "Plan Rows": 3,
          "Plan Width": 8,
          "Actual Startup Time": 312.412,
          "Actual Total Time": 331.987,
          "Actual Rows": 4,
          "Actual Loops": 1,
          "Workers Planned": 3,
          "Workers Launched": 3,
          "Single Copy": false,
          "Plans": [
            {
              "Node Type": "Aggregate",
              "Strategy": "Plain",
              "Partial Mode": "Partial",
              "Parent Relationship": "Outer",
              "Parallel Aware": false,
              "Startup Cost": 84703.09,
              "Total Cost": 84703.1,
              "Plan Rows": 1,
              "Plan Width": 8,
              "Actual Startup Time": 304.548,
              "Actual Total Time": 304.553,
              "Actual Rows": 1,
              "Actual Loops": 4,
              "Plans": [
                {
                  "Node Type": "Nested Loop",
                  "Parent Relationship": "Outer",
                  "Parallel Aware": false,
                  "Join Type": "Inner",
                  "Startup Cost": 48538.53,
                  "Total Cost": 84662.73,
                  "Plan Rows": 16142,
                  "Plan Width": 0,
                  "Actual Startup Time": 197.863,
                  "Actual Total Time": 297.563,
                  "Actual Rows": 147260,
                  "Actual Loops": 4,
                  "Inner Unique": false,
                  "Plans": [
                    {
                      "Node Type": "Hash Join",
                      "Parent Relationship": "Outer",
                      "Parallel Aware": true,
                      "Join Type": "Inner",
                      "Startup Cost": 48538.1,
                      "Total Cost": 67677.83,
                      "Plan Rows": 9022,
                      "Plan Width": 8,
                      "Actual Startup Time": 197.686,
                      "Actual Total Time": 213.745,
                      "Actual Rows": 17755,
                      "Actual Loops": 4,
                      "Inner Unique": true,
                      "Hash Cond": "(mc.movie_id = t.id)",
                      "Plans": [
                        {
                          "Node Type": "Bitmap Heap Scan",
                          "Parent Relationship": "Outer",
                          "Parallel Aware": true,
                          "Relation Name": "movie_companies",
                          "Alias": "mc",
                          "Startup Cost": 1555.95,
                          "Total Cost": 20634.98,
                          "Plan Rows": 23123,
                          "Plan Width": 4,
                          "Actual Startup Time": 3.388,
                          "Actual Total Time": 9.183,
                          "Actual Rows": 17755,
                          "Actual Loops": 4,
                          "Recheck Cond": "(company_id > 176047)",
                          "Rows Removed by Index Recheck": 0,
                          "Exact Heap Blocks": 516,
                          "Lossy Heap Blocks": 0,
                          "Plans": [
                            {
                              "Node Type": "Bitmap Index Scan",
                              "Parent Relationship": "Outer",
                              "Parallel Aware": false,
                              "Index Name": "company_id_movie_companies",
                              "Startup Cost": 0.0,
                              "Total Cost": 1538.03,
                              "Plan Rows": 71680,
                              "Plan Width": 0,
                              "Actual Startup Time": 2.989,
                              "Actual Total Time": 2.99,
                              "Actual Rows": 71019,
                              "Actual Loops": 1,
                              "Index Cond": "(company_id > 176047)"
                            }
                          ]
                        },
                        {
                          "Node Type": "Hash",
                          "Parent Relationship": "Inner",
                          "Parallel Aware": true,
                          "Startup Cost": 43899.32,
                          "Total Cost": 43899.32,
                          "Plan Rows": 246626,
                          "Plan Width": 4,
                          "Actual Startup Time": 189.819,
                          "Actual Total Time": 189.82,
                          "Actual Rows": 246262,
                          "Actual Loops": 4,
                          "Hash Buckets": 1048576,
                          "Original Hash Buckets": 1048576,
                          "Hash Batches": 1,
                          "Original Hash Batches": 1,
                          "Peak Memory Usage": 46784,
                          "Plans": [
                            {
                              "Node Type": "Seq Scan",
                              "Parent Relationship": "Outer",
                              "Parallel Aware": true,
                              "Relation Name": "title",
                              "Alias": "t",
                              "Startup Cost": 0.0,
                              "Total Cost": 43899.32,
                              "Plan Rows": 246626,
                              "Plan Width": 4,
                              "Actual Startup Time": 0.047,
                              "Actual Total Time": 102.086,
                              "Actual Rows": 246262,
                              "Actual Loops": 4,
                              "Filter": "(kind_id < 7)",
                              "Rows Removed by Filter": 385816
                            }
                          ]
                        }
                      ]
                    },
                    {
                      "Node Type": "Index Only Scan",
                      "Parent Relationship": "Inner",
                      "Parallel Aware": false,
                      "Scan Direction": "Forward",
                      "Index Name": "movie_id_movie_keyword",
                      "Relation Name": "movie_keyword",
                      "Alias": "mk",
                      "Startup Cost": 0.43,
                      "Total Cost": 1.42,
                      "Plan Rows": 46,
                      "Plan Width": 4,
                      "Actual Startup Time": 0.003,
                      "Actual Total Time": 0.004,
                      "Actual Rows": 8,
                      "Actual Loops": 71019,
                      "Index Cond": "(movie_id = t.id)",
                      "Rows Removed by Index Recheck": 0,
                      "Heap Fetches": 589040
                    }
                  ]
                }
              ]
            }
          ]
        }
      ]
    },
    "Planning Time": 1.548,
    "Triggers": [],
    "Execution Time": 332.103
  }
]