[
  {
    "Plan": {
      "Node Type": "Aggregate",
      "Strategy": "Plain",
      "Partial Mode": "Finalize",
      "Parallel Aware": false,
      "Startup Cost": 80641.4,
      "Total Cost": 80641.41,
      "Plan Rows": 1,
      "Plan Width": 8,
      "Actual Startup Time": 223.103,
      "Actual Total Time": 242.413,
      "Actual Rows": 1,
      "Actual Loops": 1,
      "Plans": [
        {
          "Node Type": "Gather",
          "Parent Relationship": "Outer",
          "Parallel Aware": false,
          "Startup Cost": 80640.98,
          "Total Cost": 80641.39,
          "Plan Rows": 4,
          "Plan Width": 8,
          "Actual Startup Time": 222.313,
          "Actual Total Time": 242.404,
          "Actual Rows": 5,
          "Actual Loops": 1,
          "Workers Planned": 4,
          "Workers Launched": 4,
          "Single Copy": false,
          "Plans": [
            {
              "Node Type": "Aggregate",
              "Strategy": "Plain",
              "Partial Mode": "Partial",
              "Parent Relationship": "Outer",
              "Parallel Aware": false,
              "Startup Cost": 79640.98,
              "Total Cost": 79640.99,
              "Plan Rows": 1,
              "Plan Width": 8,
              "Actual Startup Time": 212.054,
              "Actual Total Time": 212.057,
              "Actual Rows": 1,
              "Actual Loops": 5,
              "Plans": [
                {
                  "Node Type": "Nested Loop",
                  "Parent Relationship": "Outer",
                  "Parallel Aware": false,
                  "Join Type": "Inner",
                  "Startup Cost": 20993.34,
                  "Total Cost": 79608.53,
                  "Plan Rows": 12983,
                  "Plan Width": 0,
                  "Actual Startup Time": 89.494,
                  "Actual Total Time": 206.976,
                  "Actual Rows": 117808,
                  "Actual Loops": 5,
                  "Inner Unique": false,
                  "Plans": [
                    {
                      "Node Type": "Hash Join",
                      "Parent Relationship": "Outer",
                      "Parallel Aware": true,
                      "Join Type": "Inner",
                      "Startup Cost": 20992.91,
                      "Total Cost": 66154.52,
                      "Plan Rows": 7256,
                      "Plan Width": 8,
                      "Actual Startup Time": 83.934,
                      "Actual Total Time": 130.727,
                      "Actual Rows": 14204,
                      "Actual Loops": 5,
                      "Inner Unique": false,
                      "Hash Cond": "(t.id = mc.movie_id)",
                      "Plans": [
                        {
                          "Node Type": "Seq Scan",
                          "Parent Relationship": "Outer",
                          "Parallel Aware": true,
                          "Relation Name": "title",
                          "Alias": "t",
                          "Startup Cost": 0.0,
                          "Total Cost": 43898.92,
                          "Plan Rows": 247857,
                          "Plan Width": 4,
                          "Actual Startup Time": 0.023,
                          "Actual Total Time": 74.256,
                          "Actual Rows": 197010,
                          "Actual Loops": 5,
                          "Filter": "(kind_id < 7)",
                          "Rows Removed by Filter": 308653
                        },
                        {
                          "Node Type": "Hash",
                          "Parent Relationship": "Inner",
                          "Parallel Aware": true,
                          "Startup Cost": 20694.47,
                          "Total Cost": 20694.47,
                          "Plan Rows": 23875,
                          "Plan Width": 4,
                          "Actual Startup Time": 25.887,
                          "Actual Total Time": 25.888,
                          "Actual Rows": 14204,
                          "Actual Loops": 5,
                          "Hash Buckets": 131072,
                          "Original Hash Buckets": 131072,
                          "Hash Batches": 1,
                          "Original Hash Batches": 1,
                          "Peak Memory Usage": 3872,
                          "Plans": [
                            {
                              "Node Type": "Bitmap Heap Scan",
                              "Parent Relationship": "Outer",
                              "Parallel Aware": true,
                              "Relation Name": "movie_companies",
                              "Alias": "mc",
                              "Startup Cost": 1606.03,
                              "Total Cost": 20694.47,
                              "Plan Rows": 23875,
                              "Plan Width": 4,
                              "Actual Startup Time": 3.664,
                              "Actual Total Time": 17.99,
                              "Actual Rows": 14204,
                              "Actual Loops": 5,
                              "Recheck Cond": "(company_id > 176047)",
                              "Rows Removed by Index Recheck": 0,
                              "Exact Heap Blocks": 1023,
                              "Lossy Heap Blocks": 0,
                              "Plans": [
                                {
                                  "Node Type": "Bitmap Index Scan",
                                  "Parent Relationship": "Outer",
                                  "Parallel Aware": false,
                                  "Index Name": "company_id_movie_companies",
                                  "Startup Cost": 0.0,
                                  "Total Cost": 1587.53,
                                  "Plan Rows": 74013,
                                  "Plan Width": 0,
                                  "Actual Startup Time": 7.558,
                                  "Actual Total Time": 7.558,
                                  "Actual Rows": 71019,
                                  "Actual Loops": 1,
                                  "Index Cond": "(company_id > 176047)"
                                }
                              ]
                            }
                          ]
                        }
                      ]
                    },
                    {
                      "Node Type": "Index Only Scan",
                      "Parent Relationship": "Inner",
                      "Parallel Aware": false,
                      "Scan Direction": "Forward",
                      "Index Name": "movie_id_movie_keyword",
                      "Relation Name": "movie_keyword",
                      "Alias": "mk",
                      "Startup Cost": 0.43,
                      "Total Cost": 1.4,
                      "Plan Rows": 45,
                      "Plan Width": 4,
                      "Actual Startup Time": 0.004,
                      "Actual Total Time": 0.005,
                      "Actual Rows": 8,
                      "Actual Loops": 71019,
                      "Index Cond": "(movie_id = t.id)",
                      "Rows Removed by Index Recheck": 0,
                      "Heap Fetches": 589040
                    }
                  ]
                }
              ]
            }
          ]
        }
      ]
    },
    "Planning Time": 1.442,
    "Triggers": [],
    "Execution Time": 242.522
  }
]