[
    {
        "Bao": {
            "Bao prediction": "NaN",
            "Bao recommended hint": "(no hint)"
        }
    },
    {
        "Plan": {
            "Node Type": "Aggregate",
            "Strategy": "Plain",
            "Partial Mode": "Finalize",
            "Parallel Aware": false,
            "Startup Cost": 247945.02,
            "Total Cost": 247945.03,
            "Plan Rows": 1,
            "Plan Width": 8,
            "Actual Startup Time": 526.316,
            "Actual Total Time": 550.313,
            "Actual Rows": 1,
            "Actual Loops": 1,
            "Output": [
                "count(*)"
            ],
            "Plans": [
                {
                    "Node Type": "Gather",
                    "Parent Relationship": "Outer",
                    "Parallel Aware": false,
                    "Startup Cost": 247944.5,
                    "Total Cost": 247945.01,
                    "Plan Rows": 5,
                    "Plan Width": 8,
                    "Actual Startup Time": 524.503,
                    "Actual Total Time": 550.304,
                    "Actual Rows": 6,
                    "Actual Loops": 1,
                    "Output": [
                        "(PARTIAL count(*))"
                    ],
                    "Workers Planned": 5,
                    "Workers Launched": 5,
                    "Single Copy": false,
                    "Plans": [
                        {
                            "Node Type": "Aggregate",
                            "Strategy": "Plain",
                            "Partial Mode": "Partial",
                            "Parent Relationship": "Outer",
                            "Parallel Aware": false,
                            "Startup Cost": 246944.5,
                            "Total Cost": 246944.51,
                            "Plan Rows": 1,
                            "Plan Width": 8,
                            "Actual Startup Time": 514.938,
                            "Actual Total Time": 514.993,
                            "Actual Rows": 1,
                            "Actual Loops": 6,
                            "Output": [
                                "PARTIAL count(*)"
                            ],
                            "Workers": [
                                {
                                    "Worker Number": 0,
                                    "Actual Startup Time": 512.453,
                                    "Actual Total Time": 512.456,
                                    "Actual Rows": 1,
                                    "Actual Loops": 1
                                },
                                {
                                    "Worker Number": 1,
                                    "Actual Startup Time": 512.743,
                                    "Actual Total Time": 512.745,
                                    "Actual Rows": 1,
                                    "Actual Loops": 1
                                },
                                {
                                    "Worker Number": 2,
                                    "Actual Startup Time": 513.041,
                                    "Actual Total Time": 513.043,
                                    "Actual Rows": 1,
                                    "Actual Loops": 1
                                },
                                {
                                    "Worker Number": 3,
                                    "Actual Startup Time": 513.175,
                                    "Actual Total Time": 513.178,
                                    "Actual Rows": 1,
                                    "Actual Loops": 1
                                },
                                {
                                    "Worker Number": 4,
                                    "Actual Startup Time": 514.084,
                                    "Actual Total Time": 514.086,
                                    "Actual Rows": 1,
                                    "Actual Loops": 1
                                }
                            ],
                            "Plans": [
                                {
                                    "Node Type": "Hash Join",
                                    "Parent Relationship": "Outer",
                                    "Parallel Aware": true,
                                    "Join Type": "Inner",
                                    "Startup Cost": 46048.37,
                                    "Total Cost": 246815.11,
                                    "Plan Rows": 51757,
                                    "Plan Width": 0,
                                    "Actual Startup Time": 144.016,
                                    "Actual Total Time": 507.363,
                                    "Actual Rows": 151564,
                                    "Actual Loops": 6,
                                    "Inner Unique": true,
                                    "Hash Cond": "(mi.movie_id = t.id)",
                                    "Workers": [
                                        {
                                            "Worker Number": 0,
                                            "Actual Startup Time": 141.607,
                                            "Actual Total Time": 504.319,
                                            "Actual Rows": 112453,
                                            "Actual Loops": 1
                                        },
                                        {
                                            "Worker Number": 1,
                                            "Actual Startup Time": 141.886,
                                            "Actual Total Time": 505.566,
                                            "Actual Rows": 162497,
                                            "Actual Loops": 1
                                        },
                                        {
                                            "Worker Number": 2,
                                            "Actual Startup Time": 142.159,
                                            "Actual Total Time": 505.429,
                                            "Actual Rows": 171100,
                                            "Actual Loops": 1
                                        },
                                        {
                                            "Worker Number": 3,
                                            "Actual Startup Time": 142.311,
                                            "Actual Total Time": 505.455,
                                            "Actual Rows": 106609,
                                            "Actual Loops": 1
                                        },
                                        {
                                            "Worker Number": 4,
                                            "Actual Startup Time": 142.887,
                                            "Actual Total Time": 506.482,
                                            "Actual Rows": 171294,
                                            "Actual Loops": 1
                                        }
                                    ],
                                    "Plans": [
                                        {
                                            "Node Type": "Seq Scan",
                                            "Parent Relationship": "Outer",
                                            "Parallel Aware": true,
                                            "Relation Name": "movie_info",
                                            "Schema": "public",
                                            "Alias": "mi",
                                            "Startup Cost": 0.0,
                                            "Total Cost": 198880.74,
                                            "Plan Rows": 718477,
                                            "Plan Width": 4,
                                            "Actual Startup Time": 27.778,
                                            "Actual Total Time": 300.473,
                                            "Actual Rows": 604163,
                                            "Actual Loops": 6,
                                            "Output": [
                                                "mi.id",
                                                "mi.movie_id",
                                                "mi.info_type_id",
                                                "mi.info",
                                                "mi.note"
                                            ],
                                            "Filter": "(mi.info_type_id < 4)",
                                            "Rows Removed by Filter": 1868457,
                                            "Workers": [
                                                {
                                                    "Worker Number": 0,
                                                    "Actual Startup Time": 27.781,
                                                    "Actual Total Time": 304.093,
                                                    "Actual Rows": 450448,
                                                    "Actual Loops": 1
                                                },
                                                {
                                                    "Worker Number": 1,
                                                    "Actual Startup Time": 27.776,
                                                    "Actual Total Time": 300.232,
                                                    "Actual Rows": 654031,
                                                    "Actual Loops": 1
                                                },
                                                {
                                                    "Worker Number": 2,
                                                    "Actual Startup Time": 27.784,
                                                    "Actual Total Time": 298.52,
                                                    "Actual Rows": 668335,
                                                    "Actual Loops": 1
                                                },
                                                {
                                                    "Worker Number": 3,
                                                    "Actual Startup Time": 27.786,
                                                    "Actual Total Time": 304.436,
                                                    "Actual Rows": 434943,
                                                    "Actual Loops": 1
                                                },
                                                {
                                                    "Worker Number": 4,
                                                    "Actual Startup Time": 27.765,
                                                    "Actual Total Time": 299.76,
                                                    "Actual Rows": 684929,
                                                    "Actual Loops": 1
                                                }
                                            ]
                                        },
                                        {
                                            "Node Type": "Hash",
                                            "Parent Relationship": "Inner",
                                            "Parallel Aware": true,
                                            "Startup Cost": 45479.21,
                                            "Total Cost": 45479.21,
                                            "Plan Rows": 45533,
                                            "Plan Width": 4,
                                            "Actual Startup Time": 101.331,
                                            "Actual Total Time": 101.332,
                                            "Actual Rows": 52594,
                                            "Actual Loops": 6,
                                            "Output": [
                                                "t.id"
                                            ],
                                            "Hash Buckets": 524288,
                                            "Original Hash Buckets": 262144,
                                            "Hash Batches": 1,
                                            "Original Hash Batches": 1,
                                            "Peak Memory Usage": 18592,
                                            "Workers": [
                                                {
                                                    "Worker Number": 0,
                                                    "Actual Startup Time": 99.643,
                                                    "Actual Total Time": 99.644,
                                                    "Actual Rows": 37922,
                                                    "Actual Loops": 1
                                                },
                                                {
                                                    "Worker Number": 1,
                                                    "Actual Startup Time": 99.95,
                                                    "Actual Total Time": 99.951,
                                                    "Actual Rows": 55158,
                                                    "Actual Loops": 1
                                                },
                                                {
                                                    "Worker Number": 2,
                                                    "Actual Startup Time": 100.227,
                                                    "Actual Total Time": 100.228,
                                                    "Actual Rows": 56609,
                                                    "Actual Loops": 1
                                                },
                                                {
                                                    "Worker Number": 3,
                                                    "Actual Startup Time": 100.167,
                                                    "Actual Total Time": 100.168,
                                                    "Actual Rows": 39381,
                                                    "Actual Loops": 1
                                                },
                                                {
                                                    "Worker Number": 4,
                                                    "Actual Startup Time": 100.962,
                                                    "Actual Total Time": 100.963,
                                                    "Actual Rows": 56390,
                                                    "Actual Loops": 1
                                                }
                                            ],
                                            "Plans": [
                                                {
                                                    "Node Type": "Seq Scan",
                                                    "Parent Relationship": "Outer",
                                                    "Parallel Aware": true,
                                                    "Relation Name": "title",
                                                    "Schema": "public",
                                                    "Alias": "t",
                                                    "Startup Cost": 0.0,
                                                    "Total Cost": 45479.21,
                                                    "Plan Rows": 45533,
                                                    "Plan Width": 4,
                                                    "Actual Startup Time": 44.988,
                                                    "Actual Total Time": 75.944,
                                                    "Actual Rows": 52594,
                                                    "Actual Loops": 6,
                                                    "Output": [
                                                        "t.id"
                                                    ],
                                                    "Filter": "((t.kind_id < 2) AND (t.production_year < 1990))",
                                                    "Rows Removed by Filter": 368791,
                                                    "Workers": [
                                                        {
                                                            "Worker Number": 0,
                                                            "Actual Startup Time": 44.349,
                                                            "Actual Total Time": 75.17,
                                                            "Actual Rows": 37922,
                                                            "Actual Loops": 1
                                                        },
                                                        {
                                                            "Worker Number": 1,
                                                            "Actual Startup Time": 43.333,
                                                            "Actual Total Time": 74.365,
                                                            "Actual Rows": 55158,
                                                            "Actual Loops": 1
                                                        },
                                                        {
                                                            "Worker Number": 2,
                                                            "Actual Startup Time": 43.541,
                                                            "Actual Total Time": 74.805,
                                                            "Actual Rows": 56609,
                                                            "Actual Loops": 1
                                                        },
                                                        {
                                                            "Worker Number": 3,
                                                            "Actual Startup Time": 43.522,
                                                            "Actual Total Time": 77.032,
                                                            "Actual Rows": 39381,
                                                            "Actual Loops": 1
                                                        },
                                                        {
                                                            "Worker Number": 4,
                                                            "Actual Startup Time": 44.758,
                                                            "Actual Total Time": 75.363,
                                                            "Actual Rows": 56390,
                                                            "Actual Loops": 1
                                                        }
                                                    ]
                                                }
                                            ]
                                        }
                                    ]
                                }
                            ]
                        }
                    ]
                }
            ]
        },
        "Planning Time": 187.554,
        "Triggers": [],
        "Execution Time": 550.371
    }
]