[
  {
    "Plan": {
      "Node Type": "Aggregate",
      "Strategy": "Plain",
      "Partial Mode": "Finalize",
      "Parallel Aware": false,
      "Startup Cost": 398991.56,
      "Total Cost": 398991.57,
      "Plan Rows": 1,
      "Plan Width": 8,
      "Actual Startup Time": 2597.054,
      "Actual Total Time": 2663.429,
      "Actual Rows": 1,
      "Actual Loops": 1,
      "Plans": [
        {
          "Node Type": "Gather",
          "Parent Relationship": "Outer",
          "Parallel Aware": false,
          "Startup Cost": 398990.94,
          "Total Cost": 398991.55,
          "Plan Rows": 6,
          "Plan Width": 8,
          "Actual Startup Time": 2581.681,
          "Actual Total Time": 2663.41,
          "Actual Rows": 7,
          "Actual Loops": 1,
          "Workers Planned": 6,
          "Workers Launched": 6,
          "Single Copy": false,
          "Plans": [
            {
              "Node Type": "Aggregate",
              "Strategy": "Plain",
              "Partial Mode": "Partial",
              "Parent Relationship": "Outer",
              "Parallel Aware": false,
              "Startup Cost": 397990.94,
              "Total Cost": 397990.95,
              "Plan Rows": 1,
              "Plan Width": 8,
              "Actual Startup Time": 2557.348,
              "Actual Total Time": 2557.353,
              "Actual Rows": 1,
              "Actual Loops": 7,
              "Plans": [
                {
                  "Node Type": "Hash Join",
                  "Parent Relationship": "Outer",
                  "Parallel Aware": true,
                  "Join Type": "Inner",
                  "Startup Cost": 49416.11,
                  "Total Cost": 391438.03,
                  "Plan Rows": 2621164,
                  "Plan Width": 0,
                  "Actual Startup Time": 269.181,
                  "Actual Total Time": 2442.492,
                  "Actual Rows": 2128235,
                  "Actual Loops": 7,
                  "Inner Unique": true,
                  "Hash Cond": "(ci.movie_id = t.id)",
                  "Plans": [
                    {
                      "Node Type": "Seq Scan",
                      "Parent Relationship": "Outer",
                      "Parallel Aware": true,
                      "Relation Name": "cast_info",
                      "Alias": "ci",
                      "Startup Cost": 0.0,
                      "Total Cost": 328211.39,
                      "Plan Rows": 5261144,
                      "Plan Width": 4,
                      "Actual Startup Time": 58.117,
                      "Actual Total Time": 779.597,
                      "Actual Rows": 4484194,
                      "Actual Loops": 7,
                      "Filter": "(person_id > 471550)",
                      "Rows Removed by Filter": 693569
                    },
                    {
                      "Node Type": "Hash",
                      "Parent Relationship": "Inner",
                      "Parallel Aware": true,
                      "Startup Cost": 45479.59,
                      "Total Cost": 45479.59,
                      "Plan Rows": 314922,
                      "Plan Width": 4,
                      "Actual Startup Time": 204.541,
                      "Actual Total Time": 204.542,
                      "Actual Rows": 174505,
                      "Actual Loops": 7,
                      "Hash Buckets": 2097152,
                      "Original Hash Buckets": 2097152,
                      "Hash Batches": 1,
                      "Original Hash Batches": 1,
                      "Peak Memory Usage": 64256,
                      "Plans": [
                        {
                          "Node Type": "Seq Scan",
                          "Parent Relationship": "Outer",
                          "Parallel Aware": true,
                          "Relation Name": "title",
                          "Alias": "t",
                          "Startup Cost": 0.0,
                          "Total Cost": 45479.59,
                          "Plan Rows": 314922,
                          "Plan Width": 4,
                          "Actual Startup Time": 0.051,
                          "Actual Total Time": 92.254,
                          "Actual Rows": 174505,
                          "Actual Loops": 7,
                          "Filter": "((production_year < 2011) AND (kind_id = 7))",
                          "Rows Removed by Filter": 186683
                        }
                      ]
                    }
                  ]
                }
              ]
            }
          ]
        }
      ]
    },
    "Planning Time": 0.658,
    "Triggers": [],
    "Execution Time": 2663.587
  }
]