{
    "Plan": {
        "Node Type": "Aggregate",
        "Strategy": "Plain",
        "Partial Mode": "Finalize",
        "Parallel Aware": false,
        "Startup Cost": 282788.88,
        "Total Cost": 282788.89,
        "Plan Rows": 1,
        "Plan Width": 8,
        "Actual Startup Time": 654.045,
        "Actual Total Time": 695.746,
        "Actual Rows": 1,
        "Actual Loops": 1,
        "Output": [
            "count(*)"
        ],
        "Plans": [
            {
                "Node Type": "Gather",
                "Parent Relationship": "Outer",
                "Parallel Aware": false,
                "Startup Cost": 282788.35,
                "Total Cost": 282788.86,
                "Plan Rows": 5,
                "Plan Width": 8,
                "Actual Startup Time": 648.736,
                "Actual Total Time": 695.734,
                "Actual Rows": 6,
                "Actual Loops": 1,
                "Output": [
                    "(PARTIAL count(*))"
                ],
                "Workers Planned": 5,
                "Workers Launched": 5,
                "Single Copy": false,
                "Plans": [
                    {
                        "Node Type": "Aggregate",
                        "Strategy": "Plain",
                        "Partial Mode": "Partial",
                        "Parent Relationship": "Outer",
                        "Parallel Aware": false,
                        "Startup Cost": 281788.35,
                        "Total Cost": 281788.36,
                        "Plan Rows": 1,
                        "Plan Width": 8,
                        "Actual Startup Time": 637.666,
                        "Actual Total Time": 637.753,
                        "Actual Rows": 1,
                        "Actual Loops": 6,
                        "Output": [
                            "PARTIAL count(*)"
                        ],
                        "Workers": [
                            {
                                "Worker Number": 0,
                                "Actual Startup Time": 635.495,
                                "Actual Total Time": 635.501,
                                "Actual Rows": 1,
                                "Actual Loops": 1
                            },
                            {
                                "Worker Number": 1,
                                "Actual Startup Time": 635.491,
                                "Actual Total Time": 635.496,
                                "Actual Rows": 1,
                                "Actual Loops": 1
                            },
                            {
                                "Worker Number": 2,
                                "Actual Startup Time": 635.469,
                                "Actual Total Time": 635.475,
                                "Actual Rows": 1,
                                "Actual Loops": 1
                            },
                            {
                                "Worker Number": 3,
                                "Actual Startup Time": 636.105,
                                "Actual Total Time": 636.109,
                                "Actual Rows": 1,
                                "Actual Loops": 1
                            },
                            {
                                "Worker Number": 4,
                                "Actual Startup Time": 635.666,
                                "Actual Total Time": 635.671,
                                "Actual Rows": 1,
                                "Actual Loops": 1
                            }
                        ],
                        "Plans": [
                            {
                                "Node Type": "Hash Join",
                                "Parent Relationship": "Outer",
                                "Parallel Aware": true,
                                "Join Type": "Inner",
                                "Startup Cost": 81845.73,
                                "Total Cost": 281657.25,
                                "Plan Rows": 52443,
                                "Plan Width": 0,
                                "Actual Startup Time": 468.56,
                                "Actual Total Time": 633.336,
                                "Actual Rows": 102361,
                                "Actual Loops": 6,
                                "Inner Unique": false,
                                "Hash Cond": "(mi.movie_id = t.id)",
                                "Workers": [
                                    {
                                        "Worker Number": 0,
                                        "Actual Startup Time": 466.445,
                                        "Actual Total Time": 631.206,
                                        "Actual Rows": 96884,
                                        "Actual Loops": 1
                                    },
                                    {
                                        "Worker Number": 1,
                                        "Actual Startup Time": 466.58,
                                        "Actual Total Time": 631.193,
                                        "Actual Rows": 96709,
                                        "Actual Loops": 1
                                    },
                                    {
                                        "Worker Number": 2,
                                        "Actual Startup Time": 466.487,
                                        "Actual Total Time": 631.157,
                                        "Actual Rows": 97313,
                                        "Actual Loops": 1
                                    },
                                    {
                                        "Worker Number": 3,
                                        "Actual Startup Time": 466.531,
                                        "Actual Total Time": 631.897,
                                        "Actual Rows": 98874,
                                        "Actual Loops": 1
                                    },
                                    {
                                        "Worker Number": 4,
                                        "Actual Startup Time": 466.638,
                                        "Actual Total Time": 631.443,
                                        "Actual Rows": 93932,
                                        "Actual Loops": 1
                                    }
                                ],
                                "Plans": [
                                    {
                                        "Node Type": "Seq Scan",
                                        "Parent Relationship": "Outer",
                                        "Parallel Aware": true,
                                        "Relation Name": "movie_info",
                                        "Schema": "public",
                                        "Alias": "mi",
                                        "Startup Cost": 0.0,
                                        "Total Cost": 198880.74,
                                        "Plan Rows": 213246,
                                        "Plan Width": 4,
                                        "Actual Startup Time": 165.318,
                                        "Actual Total Time": 287.837,
                                        "Actual Rows": 180528,
                                        "Actual Loops": 6,
                                        "Output": [
                                            "mi.id",
                                            "mi.movie_id",
                                            "mi.info_type_id",
                                            "mi.info",
                                            "mi.note"
                                        ],
                                        "Filter": "(mi.info_type_id > 70)",
                                        "Rows Removed by Filter": 2292092,
                                        "Workers": [
                                            {
                                                "Worker Number": 0,
                                                "Actual Startup Time": 165.368,
                                                "Actual Total Time": 289.972,
                                                "Actual Rows": 167963,
                                                "Actual Loops": 1
                                            },
                                            {
                                                "Worker Number": 1,
                                                "Actual Startup Time": 165.314,
                                                "Actual Total Time": 289.941,
                                                "Actual Rows": 169426,
                                                "Actual Loops": 1
                                            },
                                            {
                                                "Worker Number": 2,
                                                "Actual Startup Time": 165.341,
                                                "Actual Total Time": 289.946,
                                                "Actual Rows": 168653,
                                                "Actual Loops": 1
                                            },
                                            {
                                                "Worker Number": 3,
                                                "Actual Startup Time": 165.297,
                                                "Actual Total Time": 289.48,
                                                "Actual Rows": 177465,
                                                "Actual Loops": 1
                                            },
                                            {
                                                "Worker Number": 4,
                                                "Actual Startup Time": 165.312,
                                                "Actual Total Time": 289.841,
                                                "Actual Rows": 164971,
                                                "Actual Loops": 1
                                            }
                                        ]
                                    },
                                    {
                                        "Node Type": "Hash",
                                        "Parent Relationship": "Inner",
                                        "Parallel Aware": true,
                                        "Startup Cost": 79902.65,
                                        "Total Cost": 79902.65,
                                        "Plan Rows": 155446,
                                        "Plan Width": 8,
                                        "Actual Startup Time": 299.281,
                                        "Actual Total Time": 299.366,
                                        "Actual Rows": 66549,
                                        "Actual Loops": 6,
                                        "Output": [
                                            "t.id",
                                            "mc.movie_id"
                                        ],
                                        "Hash Buckets": 1048576,
                                        "Original Hash Buckets": 1048576,
                                        "Hash Batches": 1,
                                        "Original Hash Batches": 1,
                                        "Peak Memory Usage": 23904,
                                        "Workers": [
                                            {
                                                "Worker Number": 0,
                                                "Actual Startup Time": 300.452,
                                                "Actual Total Time": 300.456,
                                                "Actual Rows": 64333,
                                                "Actual Loops": 1
                                            },
                                            {
                                                "Worker Number": 1,
                                                "Actual Startup Time": 300.437,
                                                "Actual Total Time": 300.441,
                                                "Actual Rows": 64760,
                                                "Actual Loops": 1
                                            },
                                            {
                                                "Worker Number": 2,
                                                "Actual Startup Time": 300.452,
                                                "Actual Total Time": 300.456,
                                                "Actual Rows": 65081,
                                                "Actual Loops": 1
                                            },
                                            {
                                                "Worker Number": 3,
                                                "Actual Startup Time": 300.484,
                                                "Actual Total Time": 300.487,
                                                "Actual Rows": 65043,
                                                "Actual Loops": 1
                                            },
                                            {
                                                "Worker Number": 4,
                                                "Actual Startup Time": 300.65,
                                                "Actual Total Time": 300.653,
                                                "Actual Rows": 63541,
                                                "Actual Loops": 1
                                            }
                                        ],
                                        "Plans": [
                                            {
                                                "Node Type": "Hash Join",
                                                "Parent Relationship": "Outer",
                                                "Parallel Aware": true,
                                                "Join Type": "Inner",
                                                "Startup Cost": 33922.01,
                                                "Total Cost": 79902.65,
                                                "Plan Rows": 155446,
                                                "Plan Width": 8,
                                                "Actual Startup Time": 101.756,
                                                "Actual Total Time": 267.673,
                                                "Actual Rows": 66549,
                                                "Actual Loops": 6,
                                                "Output": [
                                                    "t.id",
                                                    "mc.movie_id"
                                                ],
                                                "Inner Unique": false,
                                                "Hash Cond": "(t.id = mc.movie_id)",
                                                "Workers": [
                                                    {
                                                        "Worker Number": 0,
                                                        "Actual Startup Time": 101.832,
                                                        "Actual Total Time": 266.554,
                                                        "Actual Rows": 64333,
                                                        "Actual Loops": 1
                                                    },
                                                    {
                                                        "Worker Number": 1,
                                                        "Actual Startup Time": 101.75,
                                                        "Actual Total Time": 267.751,
                                                        "Actual Rows": 64760,
                                                        "Actual Loops": 1
                                                    },
                                                    {
                                                        "Worker Number": 2,
                                                        "Actual Startup Time": 101.742,
                                                        "Actual Total Time": 268.082,
                                                        "Actual Rows": 65081,
                                                        "Actual Loops": 1
                                                    },
                                                    {
                                                        "Worker Number": 3,
                                                        "Actual Startup Time": 101.712,
                                                        "Actual Total Time": 267.93,
                                                        "Actual Rows": 65043,
                                                        "Actual Loops": 1
                                                    },
                                                    {
                                                        "Worker Number": 4,
                                                        "Actual Startup Time": 101.677,
                                                        "Actual Total Time": 268.608,
                                                        "Actual Rows": 63541,
                                                        "Actual Loops": 1
                                                    }
                                                ],
                                                "Plans": [
                                                    {
                                                        "Node Type": "Seq Scan",
                                                        "Parent Relationship": "Outer",
                                                        "Parallel Aware": true,
                                                        "Relation Name": "title",
                                                        "Schema": "public",
                                                        "Alias": "t",
                                                        "Startup Cost": 0.0,
                                                        "Total Cost": 42318.81,
                                                        "Plan Rows": 632080,
                                                        "Plan Width": 4,
                                                        "Actual Startup Time": 0.024,
                                                        "Actual Total Time": 59.266,
                                                        "Actual Rows": 421385,
                                                        "Actual Loops": 6,
                                                        "Output": [
                                                            "t.id",
                                                            "t.title",
                                                            "t.imdb_index",
                                                            "t.kind_id",
                                                            "t.production_year",
                                                            "t.imdb_id",
                                                            "t.phonetic_code",
                                                            "t.episode_of_id",
                                                            "t.season_nr",
                                                            "t.episode_nr",
                                                            "t.series_years",
                                                            "t.md5sum"
                                                        ],
                                                        "Workers": [
                                                            {
                                                                "Worker Number": 0,
                                                                "Actual Startup Time": 0.037,
                                                                "Actual Total Time": 61.586,
                                                                "Actual Rows": 403472,
                                                                "Actual Loops": 1
                                                            },
                                                            {
                                                                "Worker Number": 1,
                                                                "Actual Startup Time": 0.027,
                                                                "Actual Total Time": 62.605,
                                                                "Actual Rows": 412467,
                                                                "Actual Loops": 1
                                                            },
                                                            {
                                                                "Worker Number": 2,
                                                                "Actual Startup Time": 0.022,
                                                                "Actual Total Time": 62.633,
                                                                "Actual Rows": 412338,
                                                                "Actual Loops": 1
                                                            },
                                                            {
                                                                "Worker Number": 3,
                                                                "Actual Startup Time": 0.025,
                                                                "Actual Total Time": 60.748,
                                                                "Actual Rows": 414059,
                                                                "Actual Loops": 1
                                                            },
                                                            {
                                                                "Worker Number": 4,
                                                                "Actual Startup Time": 0.024,
                                                                "Actual Total Time": 62.316,
                                                                "Actual Rows": 402331,
                                                                "Actual Loops": 1
                                                            }
                                                        ]
                                                    },
                                                    {
                                                        "Node Type": "Hash",
                                                        "Parent Relationship": "Inner",
                                                        "Parallel Aware": true,
                                                        "Startup Cost": 31414.82,
                                                        "Total Cost": 31414.82,
                                                        "Plan Rows": 200575,
                                                        "Plan Width": 4,
                                                        "Actual Startup Time": 99.77,
                                                        "Actual Total Time": 99.771,
                                                        "Actual Rows": 66549,
                                                        "Actual Loops": 6,
                                                        "Output": [
                                                            "mc.movie_id"
                                                        ],
                                                        "Hash Buckets": 1048576,
                                                        "Original Hash Buckets": 1048576,
                                                        "Hash Batches": 1,
                                                        "Original Hash Batches": 1,
                                                        "Peak Memory Usage": 23904,
                                                        "Workers": [
                                                            {
                                                                "Worker Number": 0,
                                                                "Actual Startup Time": 101.479,
                                                                "Actual Total Time": 101.48,
                                                                "Actual Rows": 64111,
                                                                "Actual Loops": 1
                                                            },
                                                            {
                                                                "Worker Number": 1,
                                                                "Actual Startup Time": 101.518,
                                                                "Actual Total Time": 101.519,
                                                                "Actual Rows": 63644,
                                                                "Actual Loops": 1
                                                            },
                                                            {
                                                                "Worker Number": 2,
                                                                "Actual Startup Time": 101.521,
                                                                "Actual Total Time": 101.522,
                                                                "Actual Rows": 64045,
                                                                "Actual Loops": 1
                                                            },
                                                            {
                                                                "Worker Number": 3,
                                                                "Actual Startup Time": 101.494,
                                                                "Actual Total Time": 101.495,
                                                                "Actual Rows": 66116,
                                                                "Actual Loops": 1
                                                            },
                                                            {
                                                                "Worker Number": 4,
                                                                "Actual Startup Time": 101.451,
                                                                "Actual Total Time": 101.452,
                                                                "Actual Rows": 62842,
                                                                "Actual Loops": 1
                                                            }
                                                        ],
                                                        "Plans": [
                                                            {
                                                                "Node Type": "Seq Scan",
                                                                "Parent Relationship": "Outer",
                                                                "Parallel Aware": true,
                                                                "Relation Name": "movie_companies",
                                                                "Schema": "public",
                                                                "Alias": "mc",
                                                                "Startup Cost": 0.0,
                                                                "Total Cost": 31414.82,
                                                                "Plan Rows": 200575,
                                                                "Plan Width": 4,
                                                                "Actual Startup Time": 42.995,
                                                                "Actual Total Time": 66.978,
                                                                "Actual Rows": 66549,
                                                                "Actual Loops": 6,
                                                                "Output": [
                                                                    "mc.movie_id"
                                                                ],
                                                                "Filter": "((mc.company_id < 11137) AND (mc.company_type_id > 1))",
                                                                "Rows Removed by Filter": 368306,
                                                                "Workers": [
                                                                    {
                                                                        "Worker Number": 0,
                                                                        "Actual Startup Time": 42.978,
                                                                        "Actual Total Time": 67.391,
                                                                        "Actual Rows": 64111,
                                                                        "Actual Loops": 1
                                                                    },
                                                                    {
                                                                        "Worker Number": 1,
                                                                        "Actual Startup Time": 43.018,
                                                                        "Actual Total Time": 67.373,
                                                                        "Actual Rows": 63644,
                                                                        "Actual Loops": 1
                                                                    },
                                                                    {
                                                                        "Worker Number": 2,
                                                                        "Actual Startup Time": 42.993,
                                                                        "Actual Total Time": 67.424,
                                                                        "Actual Rows": 64045,
                                                                        "Actual Loops": 1
                                                                    },
                                                                    {
                                                                        "Worker Number": 3,
                                                                        "Actual Startup Time": 42.983,
                                                                        "Actual Total Time": 66.904,
                                                                        "Actual Rows": 66116,
                                                                        "Actual Loops": 1
                                                                    },
                                                                    {
                                                                        "Worker Number": 4,
                                                                        "Actual Startup Time": 42.966,
                                                                        "Actual Total Time": 67.496,
                                                                        "Actual Rows": 62842,
                                                                        "Actual Loops": 1
                                                                    }
                                                                ]
                                                            }
                                                        ]
                                                    }
                                                ]
                                            }
                                        ]
                                    }
                                ]
                            }
                        ]
                    }
                ]
            }
        ]
    },
    "Planning Time": 1.788,
    "Triggers": [],
    "Execution Time": 695.84
}