{
  "Plan": {
    "Node Type": "Aggregate",
    "Strategy": "Plain",
    "Partial Mode": "Finalize",
    "Parallel Aware": false,
    "Startup Cost": 366631.66,
    "Total Cost": 366631.67,
    "Plan Rows": 1,
    "Plan Width": 8,
    "Actual Startup Time": 922.531,
    "Actual Total Time": 943.18,
    "Actual Rows": 1,
    "Actual Loops": 1,
    "Plans": [
      {
        "Node Type": "Gather",
        "Parent Relationship": "Outer",
        "Parallel Aware": false,
        "Startup Cost": 366631.55,
        "Total Cost": 366631.66,
        "Plan Rows": 1,
        "Plan Width": 8,
        "Actual Startup Time": 917.195,
        "Actual Total Time": 943.165,
        "Actual Rows": 2,
        "Actual Loops": 1,
        "Workers Planned": 1,
        "Workers Launched": 1,
        "Single Copy": false,
        "Plans": [
          {
            "Node Type": "Aggregate",
            "Strategy": "Plain",
            "Partial Mode": "Partial",
            "Parent Relationship": "Outer",
            "Parallel Aware": false,
            "Startup Cost": 365631.55,
            "Total Cost": 365631.56,
            "Plan Rows": 1,
            "Plan Width": 8,
            "Actual Startup Time": 904.636,
            "Actual Total Time": 904.931,
            "Actual Rows": 1,
            "Actual Loops": 2,
            "Plans": [
              {
                "Node Type": "Hash Join",
                "Parent Relationship": "Outer",
                "Parallel Aware": true,
                "Join Type": "Inner",
                "Startup Cost": 346244.11,
                "Total Cost": 365544.94,
                "Plan Rows": 34644,
                "Plan Width": 0,
                "Actual Startup Time": 752.502,
                "Actual Total Time": 896.07,
                "Actual Rows": 223744,
                "Actual Loops": 2,
                "Inner Unique": false,
                "Hash Cond": "(mi_idx.movie_id = t.id)",
                "Plans": [
                  {
                    "Node Type": "Seq Scan",
                    "Parent Relationship": "Outer",
                    "Parallel Aware": true,
                    "Relation Name": "movie_info_idx",
                    "Alias": "mi_idx",
                    "Startup Cost": 0.0,
                    "Total Cost": 16052.85,
                    "Plan Rows": 811785,
                    "Plan Width": 4,
                    "Actual Startup Time": 0.021,
                    "Actual Total Time": 49.41,
                    "Actual Rows": 690018,
                    "Actual Loops": 2
                  },
                  {
                    "Node Type": "Hash",
                    "Parent Relationship": "Inner",
                    "Parallel Aware": true,
                    "Startup Cost": 345450.76,
                    "Total Cost": 345450.76,
                    "Plan Rows": 63468,
                    "Plan Width": 8,
                    "Actual Startup Time": 750.224,
                    "Actual Total Time": 750.517,
                    "Actual Rows": 156166,
                    "Actual Loops": 2,
                    "Hash Buckets": 524288,
                    "Original Hash Buckets": 131072,
                    "Hash Batches": 1,
                    "Original Hash Batches": 1,
                    "Peak Memory Usage": 19424,
                    "Plans": [
                      {
                        "Node Type": "Hash Join",
                        "Parent Relationship": "Outer",
                        "Parallel Aware": true,
                        "Join Type": "Inner",
                        "Startup Cost": 76407.65,
                        "Total Cost": 345450.76,
                        "Plan Rows": 63468,
                        "Plan Width": 8,
                        "Actual Startup Time": 588.364,
                        "Actual Total Time": 698.461,
                        "Actual Rows": 156166,
                        "Actual Loops": 2,
                        "Inner Unique": true,
                        "Hash Cond": "(ci.movie_id = t.id)",
                        "Plans": [
                          {
                            "Node Type": "Bitmap Heap Scan",
                            "Parent Relationship": "Outer",
                            "Parallel Aware": true,
                            "Relation Name": "cast_info",
                            "Alias": "ci",
                            "Startup Cost": 6946.95,
                            "Total Cost": 275823.46,
                            "Plan Rows": 63468,
                            "Plan Width": 4,
                            "Actual Startup Time": 19.119,
                            "Actual Total Time": 45.795,
                            "Actual Rows": 156166,
                            "Actual Loops": 2,
                            "Recheck Cond": "(person_id > 4004830)",
                            "Rows Removed by Index Recheck": 0,
                            "Filter": "(role_id > 3)",
                            "Rows Removed by Filter": 0,
                            "Exact Heap Blocks": 1911,
                            "Lossy Heap Blocks": 0,
                            "Plans": [
                              {
                                "Node Type": "Bitmap Index Scan",
                                "Parent Relationship": "Outer",
                                "Parallel Aware": false,
                                "Index Name": "person_id_cast_info",
                                "Startup Cost": 0.0,
                                "Total Cost": 6919.98,
                                "Plan Rows": 316722,
                                "Plan Width": 0,
                                "Actual Startup Time": 18.45,
                                "Actual Total Time": 18.451,
                                "Actual Rows": 312331,
                                "Actual Loops": 1,
                                "Index Cond": "(person_id > 4004830)"
                              }
                            ]
                          },
                          {
                            "Node Type": "Hash",
                            "Parent Relationship": "Inner",
                            "Parallel Aware": true,
                            "Startup Cost": 50870.31,
                            "Total Cost": 50870.31,
                            "Plan Rows": 1487231,
                            "Plan Width": 4,
                            "Actual Startup Time": 550.166,
                            "Actual Total Time": 550.167,
                            "Actual Rows": 1264156,
                            "Actual Loops": 2,
                            "Hash Buckets": 4194304,
                            "Original Hash Buckets": 4194304,
                            "Hash Batches": 1,
                            "Original Hash Batches": 1,
                            "Peak Memory Usage": 131712,
                            "Plans": [
                              {
                                "Node Type": "Seq Scan",
                                "Parent Relationship": "Outer",
                                "Parallel Aware": true,
                                "Relation Name": "title",
                                "Alias": "t",
                                "Startup Cost": 0.0,
                                "Total Cost": 50870.31,
                                "Plan Rows": 1487231,
                                "Plan Width": 4,
                                "Actual Startup Time": 0.049,
                                "Actual Total Time": 157.623,
                                "Actual Rows": 1264156,
                                "Actual Loops": 2
                              }
                            ]
                          }
                        ]
                      }
                    ]
                  }
                ]
              }
            ]
          }
        ]
      }
    ]
  },
  "Planning Time": 1.169,
  "Triggers": [],
  "Execution Time": 943.287
}