{
    "Plan": {
        "Node Type": "Aggregate",
        "Strategy": "Plain",
        "Partial Mode": "Finalize",
        "Parallel Aware": false,
        "Startup Cost": 78868.3,
        "Total Cost": 78868.31,
        "Plan Rows": 1,
        "Plan Width": 8,
        "Actual Startup Time": 217.267,
        "Actual Total Time": 231.451,
        "Actual Rows": 1,
        "Actual Loops": 1,
        "Output": [
            "count(*)"
        ],
        "Plans": [
            {
                "Node Type": "Gather",
                "Parent Relationship": "Outer",
                "Parallel Aware": false,
                "Startup Cost": 78867.99,
                "Total Cost": 78868.3,
                "Plan Rows": 3,
                "Plan Width": 8,
                "Actual Startup Time": 216.986,
                "Actual Total Time": 231.442,
                "Actual Rows": 4,
                "Actual Loops": 1,
                "Output": [
                    "(PARTIAL count(*))"
                ],
                "Workers Planned": 3,
                "Workers Launched": 3,
                "Single Copy": false,
                "Plans": [
                    {
                        "Node Type": "Aggregate",
                        "Strategy": "Plain",
                        "Partial Mode": "Partial",
                        "Parent Relationship": "Outer",
                        "Parallel Aware": false,
                        "Startup Cost": 77867.99,
                        "Total Cost": 77868.0,
                        "Plan Rows": 1,
                        "Plan Width": 8,
                        "Actual Startup Time": 207.955,
                        "Actual Total Time": 207.958,
                        "Actual Rows": 1,
                        "Actual Loops": 4,
                        "Output": [
                            "PARTIAL count(*)"
                        ],
                        "Workers": [
                            {
                                "Worker Number": 0,
                                "Actual Startup Time": 204.973,
                                "Actual Total Time": 204.975,
                                "Actual Rows": 1,
                                "Actual Loops": 1
                            },
                            {
                                "Worker Number": 1,
                                "Actual Startup Time": 205.117,
                                "Actual Total Time": 205.119,
                                "Actual Rows": 1,
                                "Actual Loops": 1
                            },
                            {
                                "Worker Number": 2,
                                "Actual Startup Time": 205.447,
                                "Actual Total Time": 205.45,
                                "Actual Rows": 1,
                                "Actual Loops": 1
                            }
                        ],
                        "Plans": [
                            {
                                "Node Type": "Hash Join",
                                "Parent Relationship": "Outer",
                                "Parallel Aware": true,
                                "Join Type": "Inner",
                                "Startup Cost": 45593.71,
                                "Total Cost": 77856.29,
                                "Plan Rows": 4680,
                                "Plan Width": 0,
                                "Actual Startup Time": 138.252,
                                "Actual Total Time": 207.517,
                                "Actual Rows": 6746,
                                "Actual Loops": 4,
                                "Inner Unique": true,
                                "Hash Cond": "(mc.movie_id = t.id)",
                                "Workers": [
                                    {
                                        "Worker Number": 0,
                                        "Actual Startup Time": 135.224,
                                        "Actual Total Time": 204.547,
                                        "Actual Rows": 7936,
                                        "Actual Loops": 1
                                    },
                                    {
                                        "Worker Number": 1,
                                        "Actual Startup Time": 135.526,
                                        "Actual Total Time": 204.679,
                                        "Actual Rows": 7899,
                                        "Actual Loops": 1
                                    },
                                    {
                                        "Worker Number": 2,
                                        "Actual Startup Time": 135.788,
                                        "Actual Total Time": 204.972,
                                        "Actual Rows": 5231,
                                        "Actual Loops": 1
                                    }
                                ],
                                "Plans": [
                                    {
                                        "Node Type": "Seq Scan",
                                        "Parent Relationship": "Outer",
                                        "Parallel Aware": true,
                                        "Relation Name": "movie_companies",
                                        "Schema": "public",
                                        "Alias": "mc",
                                        "Startup Cost": 0.0,
                                        "Total Cost": 31414.82,
                                        "Plan Rows": 322957,
                                        "Plan Width": 4,
                                        "Actual Startup Time": 33.083,
                                        "Actual Total Time": 74.671,
                                        "Actual Rows": 288256,
                                        "Actual Loops": 4,
                                        "Output": [
                                            "mc.id",
                                            "mc.movie_id",
                                            "mc.company_id",
                                            "mc.company_type_id",
                                            "mc.note"
                                        ],
                                        "Filter": "((mc.company_id > 846) AND (mc.company_type_id = 2))",
                                        "Rows Removed by Filter": 364026,
                                        "Workers": [
                                            {
                                                "Worker Number": 0,
                                                "Actual Startup Time": 33.077,
                                                "Actual Total Time": 74.611,
                                                "Actual Rows": 341773,
                                                "Actual Loops": 1
                                            },
                                            {
                                                "Worker Number": 1,
                                                "Actual Startup Time": 33.075,
                                                "Actual Total Time": 74.563,
                                                "Actual Rows": 341687,
                                                "Actual Loops": 1
                                            },
                                            {
                                                "Worker Number": 2,
                                                "Actual Startup Time": 33.064,
                                                "Actual Total Time": 74.933,
                                                "Actual Rows": 218647,
                                                "Actual Loops": 1
                                            }
                                        ]
                                    },
                                    {
                                        "Node Type": "Hash",
                                        "Parent Relationship": "Inner",
                                        "Parallel Aware": true,
                                        "Startup Cost": 45479.21,
                                        "Total Cost": 45479.21,
                                        "Plan Rows": 9160,
                                        "Plan Width": 4,
                                        "Actual Startup Time": 103.42,
                                        "Actual Total Time": 103.421,
                                        "Actual Rows": 6535,
                                        "Actual Loops": 4,
                                        "Output": [
                                            "t.id"
                                        ],
                                        "Hash Buckets": 65536,
                                        "Original Hash Buckets": 65536,
                                        "Hash Batches": 1,
                                        "Original Hash Batches": 1,
                                        "Peak Memory Usage": 1568,
                                        "Workers": [
                                            {
                                                "Worker Number": 0,
                                                "Actual Startup Time": 101.427,
                                                "Actual Total Time": 101.428,
                                                "Actual Rows": 7190,
                                                "Actual Loops": 1
                                            },
                                            {
                                                "Worker Number": 1,
                                                "Actual Startup Time": 101.571,
                                                "Actual Total Time": 101.572,
                                                "Actual Rows": 7023,
                                                "Actual Loops": 1
                                            },
                                            {
                                                "Worker Number": 2,
                                                "Actual Startup Time": 101.882,
                                                "Actual Total Time": 101.883,
                                                "Actual Rows": 4784,
                                                "Actual Loops": 1
                                            }
                                        ],
                                        "Plans": [
                                            {
                                                "Node Type": "Seq Scan",
                                                "Parent Relationship": "Outer",
                                                "Parallel Aware": true,
                                                "Relation Name": "title",
                                                "Schema": "public",
                                                "Alias": "t",
                                                "Startup Cost": 0.0,
                                                "Total Cost": 45479.21,
                                                "Plan Rows": 9160,
                                                "Plan Width": 4,
                                                "Actual Startup Time": 0.422,
                                                "Actual Total Time": 100.49,
                                                "Actual Rows": 6535,
                                                "Actual Loops": 4,
                                                "Output": [
                                                    "t.id"
                                                ],
                                                "Filter": "((t.kind_id < 3) AND (t.production_year = 2008))",
                                                "Rows Removed by Filter": 625543,
                                                "Workers": [
                                                    {
                                                        "Worker Number": 0,
                                                        "Actual Startup Time": 0.825,
                                                        "Actual Total Time": 98.23,
                                                        "Actual Rows": 7190,
                                                        "Actual Loops": 1
                                                    },
                                                    {
                                                        "Worker Number": 1,
                                                        "Actual Startup Time": 0.597,
                                                        "Actual Total Time": 98.662,
                                                        "Actual Rows": 7023,
                                                        "Actual Loops": 1
                                                    },
                                                    {
                                                        "Worker Number": 2,
                                                        "Actual Startup Time": 0.132,
                                                        "Actual Total Time": 98.923,
                                                        "Actual Rows": 4784,
                                                        "Actual Loops": 1
                                                    }
                                                ]
                                            }
                                        ]
                                    }
                                ]
                            }
                        ]
                    }
                ]
            }
        ]
    },
    "Planning Time": 0.809,
    "Triggers": [],
    "Execution Time": 231.523
}