[
    {
        "Bao": {
            "Bao prediction": "NaN",
            "Bao recommended hint": "(no hint)"
        }
    },
    {
        "Plan": {
            "Node Type": "Aggregate",
            "Strategy": "Plain",
            "Partial Mode": "Finalize",
            "Parallel Aware": false,
            "Startup Cost": 113508.36,
            "Total Cost": 113508.37,
            "Plan Rows": 1,
            "Plan Width": 8,
            "Actual Startup Time": 686.64,
            "Actual Total Time": 696.744,
            "Actual Rows": 1,
            "Actual Loops": 1,
            "Output": [
                "count(*)"
            ],
            "Plans": [
                {
                    "Node Type": "Gather",
                    "Parent Relationship": "Outer",
                    "Parallel Aware": false,
                    "Startup Cost": 113508.04,
                    "Total Cost": 113508.35,
                    "Plan Rows": 3,
                    "Plan Width": 8,
                    "Actual Startup Time": 680.704,
                    "Actual Total Time": 696.736,
                    "Actual Rows": 4,
                    "Actual Loops": 1,
                    "Output": [
                        "(PARTIAL count(*))"
                    ],
                    "Workers Planned": 3,
                    "Workers Launched": 3,
                    "Single Copy": false,
                    "Plans": [
                        {
                            "Node Type": "Aggregate",
                            "Strategy": "Plain",
                            "Partial Mode": "Partial",
                            "Parent Relationship": "Outer",
                            "Parallel Aware": false,
                            "Startup Cost": 112508.04,
                            "Total Cost": 112508.05,
                            "Plan Rows": 1,
                            "Plan Width": 8,
                            "Actual Startup Time": 671.283,
                            "Actual Total Time": 671.289,
                            "Actual Rows": 1,
                            "Actual Loops": 4,
                            "Output": [
                                "PARTIAL count(*)"
                            ],
                            "Workers": [
                                {
                                    "Worker Number": 0,
                                    "Actual Startup Time": 668.04,
                                    "Actual Total Time": 668.045,
                                    "Actual Rows": 1,
                                    "Actual Loops": 1
                                },
                                {
                                    "Worker Number": 1,
                                    "Actual Startup Time": 668.338,
                                    "Actual Total Time": 668.342,
                                    "Actual Rows": 1,
                                    "Actual Loops": 1
                                },
                                {
                                    "Worker Number": 2,
                                    "Actual Startup Time": 668.398,
                                    "Actual Total Time": 668.403,
                                    "Actual Rows": 1,
                                    "Actual Loops": 1
                                }
                            ],
                            "Plans": [
                                {
                                    "Node Type": "Hash Join",
                                    "Parent Relationship": "Outer",
                                    "Parallel Aware": true,
                                    "Join Type": "Inner",
                                    "Startup Cost": 63100.1,
                                    "Total Cost": 111992.35,
                                    "Plan Rows": 206277,
                                    "Plan Width": 0,
                                    "Actual Startup Time": 318.898,
                                    "Actual Total Time": 599.858,
                                    "Actual Rows": 1827900,
                                    "Actual Loops": 4,
                                    "Inner Unique": false,
                                    "Hash Cond": "(mk.movie_id = t.id)",
                                    "Workers": [
                                        {
                                            "Worker Number": 0,
                                            "Actual Startup Time": 315.912,
                                            "Actual Total Time": 597.233,
                                            "Actual Rows": 1814355,
                                            "Actual Loops": 1
                                        },
                                        {
                                            "Worker Number": 1,
                                            "Actual Startup Time": 316.148,
                                            "Actual Total Time": 598.137,
                                            "Actual Rows": 1821958,
                                            "Actual Loops": 1
                                        },
                                        {
                                            "Worker Number": 2,
                                            "Actual Startup Time": 316.227,
                                            "Actual Total Time": 597.468,
                                            "Actual Rows": 1818210,
                                            "Actual Loops": 1
                                        }
                                    ],
                                    "Plans": [
                                        {
                                            "Node Type": "Seq Scan",
                                            "Parent Relationship": "Outer",
                                            "Parallel Aware": true,
                                            "Relation Name": "movie_keyword",
                                            "Schema": "public",
                                            "Alias": "mk",
                                            "Startup Cost": 0.0,
                                            "Total Cost": 42695.65,
                                            "Plan Rows": 1423228,
                                            "Plan Width": 4,
                                            "Actual Startup Time": 0.01,
                                            "Actual Total Time": 106.704,
                                            "Actual Rows": 1104391,
                                            "Actual Loops": 4,
                                            "Output": [
                                                "mk.id",
                                                "mk.movie_id",
                                                "mk.keyword_id"
                                            ],
                                            "Filter": "(mk.keyword_id < 80882)",
                                            "Rows Removed by Filter": 26592,
                                            "Workers": [
                                                {
                                                    "Worker Number": 0,
                                                    "Actual Startup Time": 0.009,
                                                    "Actual Total Time": 108.819,
                                                    "Actual Rows": 1097871,
                                                    "Actual Loops": 1
                                                },
                                                {
                                                    "Worker Number": 1,
                                                    "Actual Startup Time": 0.013,
                                                    "Actual Total Time": 109.487,
                                                    "Actual Rows": 1087346,
                                                    "Actual Loops": 1
                                                },
                                                {
                                                    "Worker Number": 2,
                                                    "Actual Startup Time": 0.011,
                                                    "Actual Total Time": 108.716,
                                                    "Actual Rows": 1097812,
                                                    "Actual Loops": 1
                                                }
                                            ]
                                        },
                                        {
                                            "Node Type": "Hash",
                                            "Parent Relationship": "Inner",
                                            "Parallel Aware": true,
                                            "Startup Cost": 61191.54,
                                            "Total Cost": 61191.54,
                                            "Plan Rows": 152685,
                                            "Plan Width": 8,
                                            "Actual Startup Time": 281.583,
                                            "Actual Total Time": 281.587,
                                            "Actual Rows": 157475,
                                            "Actual Loops": 4,
                                            "Output": [
                                                "t.id",
                                                "mi_idx.movie_id"
                                            ],
                                            "Hash Buckets": 1048576,
                                            "Original Hash Buckets": 524288,
                                            "Hash Batches": 1,
                                            "Original Hash Batches": 1,
                                            "Peak Memory Usage": 36960,
                                            "Workers": [
                                                {
                                                    "Worker Number": 0,
                                                    "Actual Startup Time": 279.991,
                                                    "Actual Total Time": 279.994,
                                                    "Actual Rows": 155379,
                                                    "Actual Loops": 1
                                                },
                                                {
                                                    "Worker Number": 1,
                                                    "Actual Startup Time": 280.273,
                                                    "Actual Total Time": 280.276,
                                                    "Actual Rows": 154572,
                                                    "Actual Loops": 1
                                                },
                                                {
                                                    "Worker Number": 2,
                                                    "Actual Startup Time": 280.295,
                                                    "Actual Total Time": 280.299,
                                                    "Actual Rows": 155946,
                                                    "Actual Loops": 1
                                                }
                                            ],
                                            "Plans": [
                                                {
                                                    "Node Type": "Hash Join",
                                                    "Parent Relationship": "Outer",
                                                    "Parallel Aware": true,
                                                    "Join Type": "Inner",
                                                    "Startup Cost": 45996.98,
                                                    "Total Cost": 61191.54,
                                                    "Plan Rows": 152685,
                                                    "Plan Width": 8,
                                                    "Actual Startup Time": 169.236,
                                                    "Actual Total Time": 233.994,
                                                    "Actual Rows": 157475,
                                                    "Actual Loops": 4,
                                                    "Output": [
                                                        "t.id",
                                                        "mi_idx.movie_id"
                                                    ],
                                                    "Inner Unique": true,
                                                    "Hash Cond": "(mi_idx.movie_id = t.id)",
                                                    "Workers": [
                                                        {
                                                            "Worker Number": 0,
                                                            "Actual Startup Time": 167.637,
                                                            "Actual Total Time": 232.847,
                                                            "Actual Rows": 155379,
                                                            "Actual Loops": 1
                                                        },
                                                        {
                                                            "Worker Number": 1,
                                                            "Actual Startup Time": 167.865,
                                                            "Actual Total Time": 231.961,
                                                            "Actual Rows": 154572,
                                                            "Actual Loops": 1
                                                        },
                                                        {
                                                            "Worker Number": 2,
                                                            "Actual Startup Time": 167.941,
                                                            "Actual Total Time": 232.918,
                                                            "Actual Rows": 155946,
                                                            "Actual Loops": 1
                                                        }
                                                    ],
                                                    "Plans": [
                                                        {
                                                            "Node Type": "Seq Scan",
                                                            "Parent Relationship": "Outer",
                                                            "Parallel Aware": true,
                                                            "Relation Name": "movie_info_idx",
                                                            "Schema": "public",
                                                            "Alias": "mi_idx",
                                                            "Startup Cost": 0.0,
                                                            "Total Cost": 13685.15,
                                                            "Plan Rows": 575015,
                                                            "Plan Width": 4,
                                                            "Actual Startup Time": 0.02,
                                                            "Actual Total Time": 29.203,
                                                            "Actual Rows": 345009,
                                                            "Actual Loops": 4,
                                                            "Output": [
                                                                "mi_idx.id",
                                                                "mi_idx.movie_id",
                                                                "mi_idx.info_type_id",
                                                                "mi_idx.info",
                                                                "mi_idx.note"
                                                            ],
                                                            "Workers": [
                                                                {
                                                                    "Worker Number": 0,
                                                                    "Actual Startup Time": 0.026,
                                                                    "Actual Total Time": 30.668,
                                                                    "Actual Rows": 340305,
                                                                    "Actual Loops": 1
                                                                },
                                                                {
                                                                    "Worker Number": 1,
                                                                    "Actual Startup Time": 0.022,
                                                                    "Actual Total Time": 29.361,
                                                                    "Actual Rows": 338800,
                                                                    "Actual Loops": 1
                                                                },
                                                                {
                                                                    "Worker Number": 2,
                                                                    "Actual Startup Time": 0.023,
                                                                    "Actual Total Time": 30.321,
                                                                    "Actual Rows": 339491,
                                                                    "Actual Loops": 1
                                                                }
                                                            ]
                                                        },
                                                        {
                                                            "Node Type": "Hash",
                                                            "Parent Relationship": "Inner",
                                                            "Parallel Aware": true,
                                                            "Startup Cost": 43899.01,
                                                            "Total Cost": 43899.01,
                                                            "Plan Rows": 167838,
                                                            "Plan Width": 4,
                                                            "Actual Startup Time": 137.533,
                                                            "Actual Total Time": 137.535,
                                                            "Actual Rows": 165706,
                                                            "Actual Loops": 4,
                                                            "Output": [
                                                                "t.id"
                                                            ],
                                                            "Hash Buckets": 1048576,
                                                            "Original Hash Buckets": 1048576,
                                                            "Hash Batches": 1,
                                                            "Original Hash Batches": 1,
                                                            "Peak Memory Usage": 34176,
                                                            "Workers": [
                                                                {
                                                                    "Worker Number": 0,
                                                                    "Actual Startup Time": 137.58,
                                                                    "Actual Total Time": 137.582,
                                                                    "Actual Rows": 165442,
                                                                    "Actual Loops": 1
                                                                },
                                                                {
                                                                    "Worker Number": 1,
                                                                    "Actual Startup Time": 137.767,
                                                                    "Actual Total Time": 137.768,
                                                                    "Actual Rows": 147533,
                                                                    "Actual Loops": 1
                                                                },
                                                                {
                                                                    "Worker Number": 2,
                                                                    "Actual Startup Time": 137.895,
                                                                    "Actual Total Time": 137.896,
                                                                    "Actual Rows": 164983,
                                                                    "Actual Loops": 1
                                                                }
                                                            ],
                                                            "Plans": [
                                                                {
                                                                    "Node Type": "Seq Scan",
                                                                    "Parent Relationship": "Outer",
                                                                    "Parallel Aware": true,
                                                                    "Relation Name": "title",
                                                                    "Schema": "public",
                                                                    "Alias": "t",
                                                                    "Startup Cost": 0.0,
                                                                    "Total Cost": 43899.01,
                                                                    "Plan Rows": 167838,
                                                                    "Plan Width": 4,
                                                                    "Actual Startup Time": 37.141,
                                                                    "Actual Total Time": 86.086,
                                                                    "Actual Rows": 165706,
                                                                    "Actual Loops": 4,
                                                                    "Output": [
                                                                        "t.id"
                                                                    ],
                                                                    "Filter": "(t.kind_id = 1)",
                                                                    "Rows Removed by Filter": 466372,
                                                                    "Workers": [
                                                                        {
                                                                            "Worker Number": 0,
                                                                            "Actual Startup Time": 48.045,
                                                                            "Actual Total Time": 87.466,
                                                                            "Actual Rows": 165442,
                                                                            "Actual Loops": 1
                                                                        },
                                                                        {
                                                                            "Worker Number": 1,
                                                                            "Actual Startup Time": 47.892,
                                                                            "Actual Total Time": 85.357,
                                                                            "Actual Rows": 147533,
                                                                            "Actual Loops": 1
                                                                        },
                                                                        {
                                                                            "Worker Number": 2,
                                                                            "Actual Startup Time": 48.082,
                                                                            "Actual Total Time": 87.702,
                                                                            "Actual Rows": 164983,
                                                                            "Actual Loops": 1
                                                                        }
                                                                    ]
                                                                }
                                                            ]
                                                        }
                                                    ]
                                                }
                                            ]
                                        }
                                    ]
                                }
                            ]
                        }
                    ]
                }
            ]
        },
        "Planning Time": 204.101,
        "Triggers": [],
        "Execution Time": 696.808
    }
]