[
  {
    "Plan": {
      "Node Type": "Aggregate",
      "Strategy": "Plain",
      "Partial Mode": "Finalize",
      "Parallel Aware": false,
      "Startup Cost": 45161.8,
      "Total Cost": 45161.81,
      "Plan Rows": 1,
      "Plan Width": 8,
      "Actual Startup Time": 151.078,
      "Actual Total Time": 158.398,
      "Actual Rows": 1,
      "Actual Loops": 1,
      "Plans": [
        {
          "Node Type": "Gather",
          "Parent Relationship": "Outer",
          "Parallel Aware": false,
          "Startup Cost": 45161.48,
          "Total Cost": 45161.79,
          "Plan Rows": 3,
          "Plan Width": 8,
          "Actual Startup Time": 150.836,
          "Actual Total Time": 158.388,
          "Actual Rows": 4,
          "Actual Loops": 1,
          "Workers Planned": 3,
          "Workers Launched": 3,
          "Single Copy": false,
          "Plans": [
            {
              "Node Type": "Aggregate",
              "Strategy": "Plain",
              "Partial Mode": "Partial",
              "Parent Relationship": "Outer",
              "Parallel Aware": false,
              "Startup Cost": 44161.48,
              "Total Cost": 44161.49,
              "Plan Rows": 1,
              "Plan Width": 8,
              "Actual Startup Time": 143.026,
              "Actual Total Time": 143.027,
              "Actual Rows": 1,
              "Actual Loops": 4,
              "Plans": [
                {
                  "Node Type": "Seq Scan",
                  "Parent Relationship": "Outer",
                  "Parallel Aware": true,
                  "Relation Name": "movie_keyword",
                  "Alias": "mk",
                  "Startup Cost": 0.0,
                  "Total Cost": 42695.65,
                  "Plan Rows": 586331,
                  "Plan Width": 0,
                  "Actual Startup Time": 0.064,
                  "Actual Total Time": 118.962,
                  "Actual Rows": 457179,
                  "Actual Loops": 4,
                  "Filter": "(keyword_id < 3009)",
                  "Rows Removed by Filter": 673804
                }
              ]
            }
          ]
        }
      ]
    },
    "Planning Time": 0.187,
    "Triggers": [],
    "Execution Time": 158.454
  }
]