[
  {
    "Plan": {
      "Node Type": "Aggregate",
      "Strategy": "Plain",
      "Partial Mode": "Finalize",
      "Parallel Aware": false,
      "Startup Cost": 80836.97,
      "Total Cost": 80836.98,
      "Plan Rows": 1,
      "Plan Width": 8,
      "Actual Startup Time": 490.912,
      "Actual Total Time": 512.244,
      "Actual Rows": 1,
      "Actual Loops": 1,
      "Plans": [
        {
          "Node Type": "Gather",
          "Parent Relationship": "Outer",
          "Parallel Aware": false,
          "Startup Cost": 80836.66,
          "Total Cost": 80836.97,
          "Plan Rows": 3,
          "Plan Width": 8,
          "Actual Startup Time": 484.534,
          "Actual Total Time": 512.235,
          "Actual Rows": 4,
          "Actual Loops": 1,
          "Workers Planned": 3,
          "Workers Launched": 3,
          "Single Copy": false,
          "Plans": [
            {
              "Node Type": "Aggregate",
              "Strategy": "Plain",
              "Partial Mode": "Partial",
              "Parent Relationship": "Outer",
              "Parallel Aware": false,
              "Startup Cost": 79836.66,
              "Total Cost": 79836.67,
              "Plan Rows": 1,
              "Plan Width": 8,
              "Actual Startup Time": 475.614,
              "Actual Total Time": 475.621,
              "Actual Rows": 1,
              "Actual Loops": 4,
              "Plans": [
                {
                  "Node Type": "Hash Join",
                  "Parent Relationship": "Outer",
                  "Parallel Aware": true,
                  "Join Type": "Inner",
                  "Startup Cost": 47854.6,
                  "Total Cost": 79653.53,
                  "Plan Rows": 73250,
                  "Plan Width": 0,
                  "Actual Startup Time": 336.779,
                  "Actual Total Time": 469.631,
                  "Actual Rows": 89943,
                  "Actual Loops": 4,
                  "Inner Unique": true,
                  "Hash Cond": "(mc.movie_id = t.id)",
                  "Plans": [
                    {
                      "Node Type": "Seq Scan",
                      "Parent Relationship": "Outer",
                      "Parallel Aware": true,
                      "Relation Name": "movie_companies",
                      "Alias": "mc",
                      "Startup Cost": 0.0,
                      "Total Cost": 31414.82,
                      "Plan Rows": 146330,
                      "Plan Width": 4,
                      "Actual Startup Time": 36.296,
                      "Actual Total Time": 88.199,
                      "Actual Rows": 192592,
                      "Actual Loops": 4,
                      "Filter": "((company_id > 22965) AND (company_type_id = 2))",
                      "Rows Removed by Filter": 459690
                    },
                    {
                      "Node Type": "Hash",
                      "Parent Relationship": "Inner",
                      "Parallel Aware": true,
                      "Startup Cost": 43899.32,
                      "Total Cost": 43899.32,
                      "Plan Rows": 316422,
                      "Plan Width": 4,
                      "Actual Startup Time": 295.864,
                      "Actual Total Time": 295.865,
                      "Actual Rows": 315074,
                      "Actual Loops": 4,
                      "Hash Buckets": 2097152,
                      "Original Hash Buckets": 2097152,
                      "Hash Batches": 1,
                      "Original Hash Batches": 1,
                      "Peak Memory Usage": 65760,
                      "Plans": [
                        {
                          "Node Type": "Seq Scan",
                          "Parent Relationship": "Outer",
                          "Parallel Aware": true,
                          "Relation Name": "title",
                          "Alias": "t",
                          "Startup Cost": 0.0,
                          "Total Cost": 43899.32,
                          "Plan Rows": 316422,
                          "Plan Width": 4,
                          "Actual Startup Time": 0.041,
                          "Actual Total Time": 148.554,
                          "Actual Rows": 315074,
                          "Actual Loops": 4,
                          "Filter": "(production_year > 2002)",
                          "Rows Removed by Filter": 317004
                        }
                      ]
                    }
                  ]
                }
              ]
            }
          ]
        }
      ]
    },
    "Planning Time": 0.235,
    "Triggers": [],
    "Execution Time": 512.285
  }
]