[
  {
    "Plan": {
      "Node Type": "Aggregate",
      "Strategy": "Plain",
      "Partial Mode": "Finalize",
      "Parallel Aware": false,
      "Startup Cost": 95769.31,
      "Total Cost": 95769.32,
      "Plan Rows": 1,
      "Plan Width": 8,
      "Actual Startup Time": 707.106,
      "Actual Total Time": 767.632,
      "Actual Rows": 1,
      "Actual Loops": 1,
      "Plans": [
        {
          "Node Type": "Gather",
          "Parent Relationship": "Outer",
          "Parallel Aware": false,
          "Startup Cost": 95769.1,
          "Total Cost": 95769.31,
          "Plan Rows": 2,
          "Plan Width": 8,
          "Actual Startup Time": 706.147,
          "Actual Total Time": 767.622,
          "Actual Rows": 3,
          "Actual Loops": 1,
          "Workers Planned": 2,
          "Workers Launched": 2,
          "Single Copy": false,
          "Plans": [
            {
              "Node Type": "Aggregate",
              "Strategy": "Plain",
              "Partial Mode": "Partial",
              "Parent Relationship": "Outer",
              "Parallel Aware": false,
              "Startup Cost": 94769.1,
              "Total Cost": 94769.11,
              "Plan Rows": 1,
              "Plan Width": 8,
              "Actual Startup Time": 697.918,
              "Actual Total Time": 697.922,
              "Actual Rows": 1,
              "Actual Loops": 3,
              "Plans": [
                {
                  "Node Type": "Nested Loop",
                  "Parent Relationship": "Outer",
                  "Parallel Aware": false,
                  "Join Type": "Inner",
                  "Startup Cost": 45694.0,
                  "Total Cost": 94683.49,
                  "Plan Rows": 34242,
                  "Plan Width": 0,
                  "Actual Startup Time": 127.704,
                  "Actual Total Time": 693.681,
                  "Actual Rows": 78314,
                  "Actual Loops": 3,
                  "Inner Unique": false,
                  "Join Filter": "(t.id = ci.movie_id)",
                  "Rows Removed by Join Filter": 0,
                  "Plans": [
                    {
                      "Node Type": "Hash Join",
                      "Parent Relationship": "Outer",
                      "Parallel Aware": true,
                      "Join Type": "Inner",
                      "Startup Cost": 45693.44,
                      "Total Cost": 61821.34,
                      "Plan Rows": 10388,
                      "Plan Width": 8,
                      "Actual Startup Time": 127.215,
                      "Actual Total Time": 216.177,
                      "Actual Rows": 20638,
                      "Actual Loops": 3,
                      "Inner Unique": true,
                      "Hash Cond": "(mi_idx.movie_id = t.id)",
                      "Plans": [
                        {
                          "Node Type": "Seq Scan",
                          "Parent Relationship": "Outer",
                          "Parallel Aware": true,
                          "Relation Name": "movie_info_idx",
                          "Alias": "mi_idx",
                          "Startup Cost": 0.0,
                          "Total Cost": 15122.68,
                          "Plan Rows": 382940,
                          "Plan Width": 4,
                          "Actual Startup Time": 0.024,
                          "Actual Total Time": 39.641,
                          "Actual Rows": 306617,
                          "Actual Loops": 3,
                          "Filter": "(info_type_id < 101)",
                          "Rows Removed by Filter": 153395
                        },
                        {
                          "Node Type": "Hash",
                          "Parent Relationship": "Inner",
                          "Parallel Aware": true,
                          "Startup Cost": 45479.1,
                          "Total Cost": 45479.1,
                          "Plan Rows": 17147,
                          "Plan Width": 4,
                          "Actual Startup Time": 124.792,
                          "Actual Total Time": 124.793,
                          "Actual Rows": 56908,
                          "Actual Loops": 3,
                          "Hash Buckets": 262144,
                          "Original Hash Buckets": 131072,
                          "Hash Batches": 1,
                          "Original Hash Batches": 1,
                          "Peak Memory Usage": 9824,
                          "Plans": [
                            {
                              "Node Type": "Seq Scan",
                              "Parent Relationship": "Outer",
                              "Parallel Aware": true,
                              "Relation Name": "title",
                              "Alias": "t",
                              "Startup Cost": 0.0,
                              "Total Cost": 45479.1,
                              "Plan Rows": 17147,
                              "Plan Width": 4,
                              "Actual Startup Time": 0.601,
                              "Actual Total Time": 109.488,
                              "Actual Rows": 56908,
                              "Actual Loops": 3,
                              "Filter": "((kind_id < 7) AND (production_year < 1953))",
                              "Rows Removed by Filter": 785863
                            }
                          ]
                        }
                      ]
                    },
                    {
                      "Node Type": "Index Scan",
                      "Parent Relationship": "Inner",
                      "Parallel Aware": false,
                      "Scan Direction": "Forward",
                      "Index Name": "movie_id_cast_info",
                      "Relation Name": "cast_info",
                      "Alias": "ci",
                      "Startup Cost": 0.56,
                      "Total Cost": 3.06,
                      "Plan Rows": 8,
                      "Plan Width": 4,
                      "Actual Startup Time": 0.011,
                      "Actual Total Time": 0.023,
                      "Actual Rows": 4,
                      "Actual Loops": 61914,
                      "Index Cond": "(movie_id = mi_idx.movie_id)",
                      "Rows Removed by Index Recheck": 0,
                      "Filter": "((person_id > 1181837) AND (role_id = 1))",
                      "Rows Removed by Filter": 21
                    }
                  ]
                }
              ]
            }
          ]
        }
      ]
    },
    "Planning Time": 1.338,
    "Triggers": [],
    "Execution Time": 767.739
  }
]