[
  {
    "Plan": {
      "Node Type": "Aggregate",
      "Strategy": "Plain",
      "Partial Mode": "Finalize",
      "Parallel Aware": false,
      "Startup Cost": 45481.41,
      "Total Cost": 45481.42,
      "Plan Rows": 1,
      "Plan Width": 8,
      "Actual Startup Time": 134.818,
      "Actual Total Time": 146.653,
      "Actual Rows": 1,
      "Actual Loops": 1,
      "Plans": [
        {
          "Node Type": "Gather",
          "Parent Relationship": "Outer",
          "Parallel Aware": false,
          "Startup Cost": 45481.09,
          "Total Cost": 45481.4,
          "Plan Rows": 3,
          "Plan Width": 8,
          "Actual Startup Time": 134.678,
          "Actual Total Time": 146.647,
          "Actual Rows": 4,
          "Actual Loops": 1,
          "Workers Planned": 3,
          "Workers Launched": 3,
          "Single Copy": false,
          "Plans": [
            {
              "Node Type": "Aggregate",
              "Strategy": "Plain",
              "Partial Mode": "Partial",
              "Parent Relationship": "Outer",
              "Parallel Aware": false,
              "Startup Cost": 44481.09,
              "Total Cost": 44481.1,
              "Plan Rows": 1,
              "Plan Width": 8,
              "Actual Startup Time": 129.667,
              "Actual Total Time": 129.668,
              "Actual Rows": 1,
              "Actual Loops": 4,
              "Plans": [
                {
                  "Node Type": "Seq Scan",
                  "Parent Relationship": "Outer",
                  "Parallel Aware": true,
                  "Relation Name": "movie_keyword",
                  "Alias": "mk",
                  "Startup Cost": 0.0,
                  "Total Cost": 42695.65,
                  "Plan Rows": 714175,
                  "Plan Width": 0,
                  "Actual Startup Time": 0.339,
                  "Actual Total Time": 105.427,
                  "Actual Rows": 550568,
                  "Actual Loops": 4,
                  "Filter": "(keyword_id > 5065)",
                  "Rows Removed by Filter": 580414
                }
              ]
            }
          ]
        }
      ]
    },
    "Planning Time": 0.099,
    "Triggers": [],
    "Execution Time": 146.685
  }
]