[
  {
    "Plan": {
      "Node Type": "Aggregate",
      "Strategy": "Plain",
      "Partial Mode": "Finalize",
      "Parallel Aware": false,
      "Startup Cost": 336289.33,
      "Total Cost": 336289.34,
      "Plan Rows": 1,
      "Plan Width": 8,
      "Actual Startup Time": 709.791,
      "Actual Total Time": 763.179,
      "Actual Rows": 1,
      "Actual Loops": 1,
      "Plans": [
        {
          "Node Type": "Gather",
          "Parent Relationship": "Outer",
          "Parallel Aware": false,
          "Startup Cost": 336288.7,
          "Total Cost": 336289.31,
          "Plan Rows": 6,
          "Plan Width": 8,
          "Actual Startup Time": 709.662,
          "Actual Total Time": 763.167,
          "Actual Rows": 7,
          "Actual Loops": 1,
          "Workers Planned": 6,
          "Workers Launched": 6,
          "Single Copy": false,
          "Plans": [
            {
              "Node Type": "Aggregate",
              "Strategy": "Plain",
              "Partial Mode": "Partial",
              "Parent Relationship": "Outer",
              "Parallel Aware": false,
              "Startup Cost": 335288.7,
              "Total Cost": 335288.71,
              "Plan Rows": 1,
              "Plan Width": 8,
              "Actual Startup Time": 700.537,
              "Actual Total Time": 700.539,
              "Actual Rows": 1,
              "Actual Loops": 7,
              "Plans": [
                {
                  "Node Type": "Seq Scan",
                  "Parent Relationship": "Outer",
                  "Parallel Aware": true,
                  "Relation Name": "cast_info",
                  "Alias": "ci",
                  "Startup Cost": 0.0,
                  "Total Cost": 328162.03,
                  "Plan Rows": 2850670,
                  "Plan Width": 0,
                  "Actual Startup Time": 212.565,
                  "Actual Total Time": 595.521,
                  "Actual Rows": 2433788,
                  "Actual Loops": 7,
                  "Filter": "(person_id > 1919656)",
                  "Rows Removed by Filter": 2743975
                }
              ]
            }
          ]
        }
      ]
    },
    "Planning Time": 0.232,
    "Triggers": [],
    "Execution Time": 763.253
  }
]