[
  {
    "Plan": {
      "Node Type": "Aggregate",
      "Strategy": "Plain",
      "Partial Mode": "Finalize",
      "Parallel Aware": false,
      "Startup Cost": 44764.45,
      "Total Cost": 44764.46,
      "Plan Rows": 1,
      "Plan Width": 8,
      "Actual Startup Time": 131.282,
      "Actual Total Time": 141.214,
      "Actual Rows": 1,
      "Actual Loops": 1,
      "Plans": [
        {
          "Node Type": "Gather",
          "Parent Relationship": "Outer",
          "Parallel Aware": false,
          "Startup Cost": 44764.14,
          "Total Cost": 44764.45,
          "Plan Rows": 3,
          "Plan Width": 8,
          "Actual Startup Time": 131.189,
          "Actual Total Time": 141.205,
          "Actual Rows": 4,
          "Actual Loops": 1,
          "Workers Planned": 3,
          "Workers Launched": 3,
          "Single Copy": false,
          "Plans": [
            {
              "Node Type": "Aggregate",
              "Strategy": "Plain",
              "Partial Mode": "Partial",
              "Parent Relationship": "Outer",
              "Parallel Aware": false,
              "Startup Cost": 43764.14,
              "Total Cost": 43764.15,
              "Plan Rows": 1,
              "Plan Width": 8,
              "Actual Startup Time": 122.799,
              "Actual Total Time": 122.8,
              "Actual Rows": 1,
              "Actual Loops": 4,
              "Plans": [
                {
                  "Node Type": "Seq Scan",
                  "Parent Relationship": "Outer",
                  "Parallel Aware": true,
                  "Relation Name": "movie_keyword",
                  "Alias": "mk",
                  "Startup Cost": 0.0,
                  "Total Cost": 42695.65,
                  "Plan Rows": 427393,
                  "Plan Width": 0,
                  "Actual Startup Time": 1.356,
                  "Actual Total Time": 106.604,
                  "Actual Rows": 332980,
                  "Actual Loops": 4,
                  "Filter": "(keyword_id > 12936)",
                  "Rows Removed by Filter": 798003
                }
              ]
            }
          ]
        }
      ]
    },
    "Planning Time": 0.186,
    "Triggers": [],
    "Execution Time": 141.27
  }
]