{
  "Plan": {
    "Node Type": "Aggregate",
    "Strategy": "Plain",
    "Partial Mode": "Finalize",
    "Parallel Aware": false,
    "Startup Cost": 15459.89,
    "Total Cost": 15459.9,
    "Plan Rows": 1,
    "Plan Width": 8,
    "Actual Startup Time": 11.198,
    "Actual Total Time": 12.695,
    "Actual Rows": 1,
    "Actual Loops": 1,
    "Plans": [
      {
        "Node Type": "Gather",
        "Parent Relationship": "Outer",
        "Parallel Aware": false,
        "Startup Cost": 15459.78,
        "Total Cost": 15459.89,
        "Plan Rows": 1,
        "Plan Width": 8,
        "Actual Startup Time": 10.775,
        "Actual Total Time": 12.683,
        "Actual Rows": 2,
        "Actual Loops": 1,
        "Workers Planned": 1,
        "Workers Launched": 1,
        "Single Copy": false,
        "Plans": [
          {
            "Node Type": "Aggregate",
            "Strategy": "Plain",
            "Partial Mode": "Partial",
            "Parent Relationship": "Outer",
            "Parallel Aware": false,
            "Startup Cost": 14459.78,
            "Total Cost": 14459.79,
            "Plan Rows": 1,
            "Plan Width": 8,
            "Actual Startup Time": 5.037,
            "Actual Total Time": 5.04,
            "Actual Rows": 1,
            "Actual Loops": 2,
            "Plans": [
              {
                "Node Type": "Nested Loop",
                "Parent Relationship": "Outer",
                "Parallel Aware": false,
                "Join Type": "Inner",
                "Startup Cost": 62.74,
                "Total Cost": 14457.7,
                "Plan Rows": 831,
                "Plan Width": 0,
                "Actual Startup Time": 2.316,
                "Actual Total Time": 5.031,
                "Actual Rows": 2,
                "Actual Loops": 2,
                "Inner Unique": true,
                "Plans": [
                  {
                    "Node Type": "Bitmap Heap Scan",
                    "Parent Relationship": "Outer",
                    "Parallel Aware": true,
                    "Relation Name": "movie_companies",
                    "Alias": "mc",
                    "Startup Cost": 62.31,
                    "Total Cost": 7741.29,
                    "Plan Rows": 831,
                    "Plan Width": 4,
                    "Actual Startup Time": 2.297,
                    "Actual Total Time": 4.98,
                    "Actual Rows": 2,
                    "Actual Loops": 2,
                    "Recheck Cond": "(company_id = 28339)",
                    "Rows Removed by Index Recheck": 0,
                    "Filter": "(company_type_id = 1)",
                    "Rows Removed by Filter": 1452,
                    "Exact Heap Blocks": 1659,
                    "Lossy Heap Blocks": 0,
                    "Plans": [
                      {
                        "Node Type": "Bitmap Index Scan",
                        "Parent Relationship": "Outer",
                        "Parallel Aware": false,
                        "Index Name": "company_id_movie_companies",
                        "Startup Cost": 0.0,
                        "Total Cost": 61.95,
                        "Plan Rows": 2870,
                        "Plan Width": 0,
                        "Actual Startup Time": 3.748,
                        "Actual Total Time": 3.748,
                        "Actual Rows": 2910,
                        "Actual Loops": 1,
                        "Index Cond": "(company_id = 28339)"
                      }
                    ]
                  },
                  {
                    "Node Type": "Index Only Scan",
                    "Parent Relationship": "Inner",
                    "Parallel Aware": false,
                    "Scan Direction": "Forward",
                    "Index Name": "title_pkey",
                    "Relation Name": "title",
                    "Alias": "t",
                    "Startup Cost": 0.43,
                    "Total Cost": 8.08,
                    "Plan Rows": 1,
                    "Plan Width": 4,
                    "Actual Startup Time": 0.017,
                    "Actual Total Time": 0.017,
                    "Actual Rows": 1,
                    "Actual Loops": 5,
                    "Index Cond": "(id = mc.movie_id)",
                    "Rows Removed by Index Recheck": 0,
                    "Heap Fetches": 5
                  }
                ]
              }
            ]
          }
        ]
      }
    ]
  },
  "Planning Time": 0.518,
  "Triggers": [],
  "Execution Time": 12.77
}