{
  "Plan": {
    "Node Type": "Aggregate",
    "Strategy": "Plain",
    "Partial Mode": "Finalize",
    "Parallel Aware": false,
    "Startup Cost": 80301.59,
    "Total Cost": 80301.6,
    "Plan Rows": 1,
    "Plan Width": 8,
    "Actual Startup Time": 224.541,
    "Actual Total Time": 233.764,
    "Actual Rows": 1,
    "Actual Loops": 1,
    "Plans": [
      {
        "Node Type": "Gather",
        "Parent Relationship": "Outer",
        "Parallel Aware": false,
        "Startup Cost": 80301.48,
        "Total Cost": 80301.59,
        "Plan Rows": 1,
        "Plan Width": 8,
        "Actual Startup Time": 224.36,
        "Actual Total Time": 233.757,
        "Actual Rows": 2,
        "Actual Loops": 1,
        "Workers Planned": 1,
        "Workers Launched": 1,
        "Single Copy": false,
        "Plans": [
          {
            "Node Type": "Aggregate",
            "Strategy": "Plain",
            "Partial Mode": "Partial",
            "Parent Relationship": "Outer",
            "Parallel Aware": false,
            "Startup Cost": 79301.48,
            "Total Cost": 79301.49,
            "Plan Rows": 1,
            "Plan Width": 8,
            "Actual Startup Time": 218.507,
            "Actual Total Time": 218.51,
            "Actual Rows": 1,
            "Actual Loops": 2,
            "Plans": [
              {
                "Node Type": "Hash Join",
                "Parent Relationship": "Outer",
                "Parallel Aware": true,
                "Join Type": "Inner",
                "Startup Cost": 38793.78,
                "Total Cost": 79292.65,
                "Plan Rows": 3534,
                "Plan Width": 0,
                "Actual Startup Time": 86.526,
                "Actual Total Time": 218.305,
                "Actual Rows": 2990,
                "Actual Loops": 2,
                "Inner Unique": true,
                "Hash Cond": "(mc.movie_id = t.id)",
                "Plans": [
                  {
                    "Node Type": "Seq Scan",
                    "Parent Relationship": "Outer",
                    "Parallel Aware": true,
                    "Relation Name": "movie_companies",
                    "Alias": "mc",
                    "Startup Cost": 0.0,
                    "Total Cost": 37974.77,
                    "Plan Rows": 961558,
                    "Plan Width": 4,
                    "Actual Startup Time": 0.014,
                    "Actual Total Time": 116.09,
                    "Actual Rows": 811148,
                    "Actual Loops": 2,
                    "Filter": "(company_id < 17139)",
                    "Rows Removed by Filter": 493416
                  },
                  {
                    "Node Type": "Hash",
                    "Parent Relationship": "Inner",
                    "Parallel Aware": true,
                    "Startup Cost": 38725.46,
                    "Total Cost": 38725.46,
                    "Plan Rows": 5466,
                    "Plan Width": 4,
                    "Actual Startup Time": 51.38,
                    "Actual Total Time": 51.381,
                    "Actual Rows": 2348,
                    "Actual Loops": 2,
                    "Hash Buckets": 16384,
                    "Original Hash Buckets": 16384,
                    "Hash Batches": 1,
                    "Original Hash Batches": 1,
                    "Peak Memory Usage": 352,
                    "Plans": [
                      {
                        "Node Type": "Bitmap Heap Scan",
                        "Parent Relationship": "Outer",
                        "Parallel Aware": true,
                        "Relation Name": "title",
                        "Alias": "t",
                        "Startup Cost": 1825.46,
                        "Total Cost": 38725.46,
                        "Plan Rows": 5466,
                        "Plan Width": 4,
                        "Actual Startup Time": 14.998,
                        "Actual Total Time": 50.431,
                        "Actual Rows": 2348,
                        "Actual Loops": 2,
                        "Recheck Cond": "(kind_id = 3)",
                        "Rows Removed by Index Recheck": 0,
                        "Filter": "(production_year > 2011)",
                        "Rows Removed by Filter": 47920,
                        "Exact Heap Blocks": 11345,
                        "Lossy Heap Blocks": 0,
                        "Plans": [
                          {
                            "Node Type": "Bitmap Index Scan",
                            "Parent Relationship": "Outer",
                            "Parallel Aware": false,
                            "Index Name": "kind_id_title",
                            "Startup Cost": 0.0,
                            "Total Cost": 1823.13,
                            "Plan Rows": 102227,
                            "Plan Width": 0,
                            "Actual Startup Time": 14.859,
                            "Actual Total Time": 14.859,
                            "Actual Rows": 100537,
                            "Actual Loops": 1,
                            "Index Cond": "(kind_id = 3)"
                          }
                        ]
                      }
                    ]
                  }
                ]
              }
            ]
          }
        ]
      }
    ]
  },
  "Planning Time": 0.503,
  "Triggers": [],
  "Execution Time": 233.858
}