{
  "Plan": {
    "Node Type": "Aggregate",
    "Strategy": "Plain",
    "Partial Mode": "Finalize",
    "Parallel Aware": false,
    "Startup Cost": 280974.62,
    "Total Cost": 280974.63,
    "Plan Rows": 1,
    "Plan Width": 8,
    "Actual Startup Time": 862.036,
    "Actual Total Time": 874.935,
    "Actual Rows": 1,
    "Actual Loops": 1,
    "Plans": [
      {
        "Node Type": "Gather",
        "Parent Relationship": "Outer",
        "Parallel Aware": false,
        "Startup Cost": 280974.5,
        "Total Cost": 280974.61,
        "Plan Rows": 1,
        "Plan Width": 8,
        "Actual Startup Time": 858.898,
        "Actual Total Time": 874.927,
        "Actual Rows": 2,
        "Actual Loops": 1,
        "Workers Planned": 1,
        "Workers Launched": 1,
        "Single Copy": false,
        "Plans": [
          {
            "Node Type": "Aggregate",
            "Strategy": "Plain",
            "Partial Mode": "Partial",
            "Parent Relationship": "Outer",
            "Parallel Aware": false,
            "Startup Cost": 279974.5,
            "Total Cost": 279974.51,
            "Plan Rows": 1,
            "Plan Width": 8,
            "Actual Startup Time": 852.938,
            "Actual Total Time": 853.728,
            "Actual Rows": 1,
            "Actual Loops": 2,
            "Plans": [
              {
                "Node Type": "Hash Join",
                "Parent Relationship": "Outer",
                "Parallel Aware": true,
                "Join Type": "Inner",
                "Startup Cost": 114179.94,
                "Total Cost": 279895.77,
                "Plan Rows": 31494,
                "Plan Width": 0,
                "Actual Startup Time": 769.089,
                "Actual Total Time": 845.458,
                "Actual Rows": 194720,
                "Actual Loops": 2,
                "Inner Unique": false,
                "Hash Cond": "(mi.movie_id = t.id)",
                "Plans": [
                  {
                    "Node Type": "Bitmap Heap Scan",
                    "Parent Relationship": "Outer",
                    "Parallel Aware": true,
                    "Relation Name": "movie_info",
                    "Alias": "mi",
                    "Startup Cost": 6704.59,
                    "Total Cost": 171418.79,
                    "Plan Rows": 217696,
                    "Plan Width": 4,
                    "Actual Startup Time": 13.332,
                    "Actual Total Time": 41.71,
                    "Actual Rows": 184109,
                    "Actual Loops": 2,
                    "Recheck Cond": "(info_type_id = 17)",
                    "Rows Removed by Index Recheck": 0,
                    "Exact Heap Blocks": 5804,
                    "Lossy Heap Blocks": 0,
                    "Plans": [
                      {
                        "Node Type": "Bitmap Index Scan",
                        "Parent Relationship": "Outer",
                        "Parallel Aware": false,
                        "Index Name": "info_type_id_movie_info",
                        "Startup Cost": 0.0,
                        "Total Cost": 6612.07,
                        "Plan Rows": 370084,
                        "Plan Width": 0,
                        "Actual Startup Time": 11.839,
                        "Actual Total Time": 11.84,
                        "Actual Rows": 368218,
                        "Actual Loops": 1,
                        "Index Cond": "(info_type_id = 17)"
                      }
                    ]
                  },
                  {
                    "Node Type": "Hash",
                    "Parent Relationship": "Inner",
                    "Parallel Aware": true,
                    "Startup Cost": 104785.88,
                    "Total Cost": 104785.88,
                    "Plan Rows": 215158,
                    "Plan Width": 8,
                    "Actual Startup Time": 749.899,
                    "Actual Total Time": 750.686,
                    "Actual Rows": 344664,
                    "Actual Loops": 2,
                    "Hash Buckets": 1048576,
                    "Original Hash Buckets": 524288,
                    "Hash Batches": 1,
                    "Original Hash Batches": 1,
                    "Peak Memory Usage": 39296,
                    "Plans": [
                      {
                        "Node Type": "Hash Join",
                        "Parent Relationship": "Outer",
                        "Parallel Aware": true,
                        "Join Type": "Inner",
                        "Startup Cost": 43354.74,
                        "Total Cost": 104785.88,
                        "Plan Rows": 215158,
                        "Plan Width": 8,
                        "Actual Startup Time": 208.569,
                        "Actual Total Time": 660.989,
                        "Actual Rows": 344664,
                        "Actual Loops": 2,
                        "Inner Unique": false,
                        "Hash Cond": "(t.id = mc.movie_id)",
                        "Plans": [
                          {
                            "Node Type": "Seq Scan",
                            "Parent Relationship": "Outer",
                            "Parallel Aware": true,
                            "Relation Name": "title",
                            "Alias": "t",
                            "Startup Cost": 0.0,
                            "Total Cost": 50870.31,
                            "Plan Rows": 1487231,
                            "Plan Width": 4,
                            "Actual Startup Time": 0.01,
                            "Actual Total Time": 115.509,
                            "Actual Rows": 1264156,
                            "Actual Loops": 2
                          },
                          {
                            "Node Type": "Hash",
                            "Parent Relationship": "Inner",
                            "Parallel Aware": true,
                            "Startup Cost": 40665.26,
                            "Total Cost": 40665.26,
                            "Plan Rows": 215158,
                            "Plan Width": 4,
                            "Actual Startup Time": 204.934,
                            "Actual Total Time": 204.936,
                            "Actual Rows": 344664,
                            "Actual Loops": 2,
                            "Hash Buckets": 1048576,
                            "Original Hash Buckets": 524288,
                            "Hash Batches": 1,
                            "Original Hash Batches": 1,
                            "Peak Memory Usage": 39264,
                            "Plans": [
                              {
                                "Node Type": "Bitmap Heap Scan",
                                "Parent Relationship": "Outer",
                                "Parallel Aware": true,
                                "Relation Name": "movie_companies",
                                "Alias": "mc",
                                "Startup Cost": 15518.83,
                                "Total Cost": 40665.26,
                                "Plan Rows": 215158,
                                "Plan Width": 4,
                                "Actual Startup Time": 67.56,
                                "Actual Total Time": 124.229,
                                "Actual Rows": 344664,
                                "Actual Loops": 2,
                                "Recheck Cond": "(company_id > 39683)",
                                "Rows Removed by Index Recheck": 0,
                                "Filter": "(company_type_id > 1)",
                                "Rows Removed by Filter": 22872,
                                "Exact Heap Blocks": 9406,
                                "Lossy Heap Blocks": 0,
                                "Plans": [
                                  {
                                    "Node Type": "Bitmap Index Scan",
                                    "Parent Relationship": "Outer",
                                    "Parallel Aware": false,
                                    "Index Name": "company_id_movie_companies",
                                    "Startup Cost": 0.0,
                                    "Total Cost": 15427.39,
                                    "Plan Rows": 720395,
                                    "Plan Width": 0,
                                    "Actual Startup Time": 51.958,
                                    "Actual Total Time": 51.958,
                                    "Actual Rows": 735074,
                                    "Actual Loops": 1,
                                    "Index Cond": "(company_id > 39683)"
                                  }
                                ]
                              }
                            ]
                          }
                        ]
                      }
                    ]
                  }
                ]
              }
            ]
          }
        ]
      }
    ]
  },
  "Planning Time": 0.917,
  "Triggers": [],
  "Execution Time": 875.055
}