{
  "Plan": {
    "Node Type": "Aggregate",
    "Strategy": "Plain",
    "Partial Mode": "Simple",
    "Parallel Aware": false,
    "Startup Cost": 786386.36,
    "Total Cost": 786386.37,
    "Plan Rows": 1,
    "Plan Width": 64,
    "Actual Startup Time": 7411.181,
    "Actual Total Time": 7427.129,
    "Actual Rows": 1,
    "Actual Loops": 1,
    "Plans": [
      {
        "Node Type": "Gather",
        "Parent Relationship": "Outer",
        "Parallel Aware": false,
        "Startup Cost": 201290.57,
        "Total Cost": 786386.36,
        "Plan Rows": 1,
        "Plan Width": 32,
        "Actual Startup Time": 4435.494,
        "Actual Total Time": 7427.071,
        "Actual Rows": 253,
        "Actual Loops": 1,
        "Workers Planned": 1,
        "Workers Launched": 0,
        "Single Copy": false,
        "Plans": [
          {
            "Node Type": "Nested Loop",
            "Parent Relationship": "Outer",
            "Parallel Aware": false,
            "Join Type": "Inner",
            "Startup Cost": 200290.57,
            "Total Cost": 785386.26,
            "Plan Rows": 1,
            "Plan Width": 32,
            "Actual Startup Time": 4434.198,
            "Actual Total Time": 7409.818,
            "Actual Rows": 253,
            "Actual Loops": 1,
            "Inner Unique": true,
            "Plans": [
              {
                "Node Type": "Nested Loop",
                "Parent Relationship": "Outer",
                "Parallel Aware": false,
                "Join Type": "Inner",
                "Startup Cost": 200290.14,
                "Total Cost": 785385.75,
                "Plan Rows": 1,
                "Plan Width": 36,
                "Actual Startup Time": 4434.179,
                "Actual Total Time": 7409.462,
                "Actual Rows": 253,
                "Actual Loops": 1,
                "Inner Unique": true,
                "Plans": [
                  {
                    "Node Type": "Nested Loop",
                    "Parent Relationship": "Outer",
                    "Parallel Aware": false,
                    "Join Type": "Inner",
                    "Startup Cost": 200289.72,
                    "Total Cost": 785385.3,
                    "Plan Rows": 1,
                    "Plan Width": 40,
                    "Actual Startup Time": 4433.773,
                    "Actual Total Time": 7408.789,
                    "Actual Rows": 429,
                    "Actual Loops": 1,
                    "Inner Unique": true,
                    "Plans": [
                      {
                        "Node Type": "Nested Loop",
                        "Parent Relationship": "Outer",
                        "Parallel Aware": false,
                        "Join Type": "Inner",
                        "Startup Cost": 200289.58,
                        "Total Cost": 785385.13,
                        "Plan Rows": 1,
                        "Plan Width": 44,
                        "Actual Startup Time": 4433.762,
                        "Actual Total Time": 7408.305,
                        "Actual Rows": 583,
                        "Actual Loops": 1,
                        "Inner Unique": true,
                        "Plans": [
                          {
                            "Node Type": "Nested Loop",
                            "Parent Relationship": "Outer",
                            "Parallel Aware": false,
                            "Join Type": "Inner",
                            "Startup Cost": 200289.44,
                            "Total Cost": 785384.94,
                            "Plan Rows": 1,
                            "Plan Width": 48,
                            "Actual Startup Time": 4433.749,
                            "Actual Total Time": 7407.801,
                            "Actual Rows": 583,
                            "Actual Loops": 1,
                            "Inner Unique": false,
                            "Join Filter": "(t.id = mi.movie_id)",
                            "Rows Removed by Join Filter": 0,
                            "Plans": [
                              {
                                "Node Type": "Nested Loop",
                                "Parent Relationship": "Outer",
                                "Parallel Aware": false,
                                "Join Type": "Inner",
                                "Startup Cost": 200289.0,
                                "Total Cost": 785378.43,
                                "Plan Rows": 4,
                                "Plan Width": 56,
                                "Actual Startup Time": 4432.297,
                                "Actual Total Time": 7392.712,
                                "Actual Rows": 1320,
                                "Actual Loops": 1,
                                "Inner Unique": false,
                                "Join Filter": "(n.id = an.person_id)",
                                "Rows Removed by Join Filter": 0,
                                "Plans": [
                                  {
                                    "Node Type": "Hash Join",
                                    "Parent Relationship": "Outer",
                                    "Parallel Aware": true,
                                    "Join Type": "Inner",
                                    "Startup Cost": 200288.58,
                                    "Total Cost": 785370.36,
                                    "Plan Rows": 16,
                                    "Plan Width": 64,
                                    "Actual Startup Time": 4432.256,
                                    "Actual Total Time": 7392.063,
                                    "Actual Rows": 120,
                                    "Actual Loops": 1,
                                    "Inner Unique": true,
                                    "Hash Cond": "(ci.person_id = n.id)",
                                    "Plans": [
                                      {
                                        "Node Type": "Hash Join",
                                        "Parent Relationship": "Outer",
                                        "Parallel Aware": true,
                                        "Join Type": "Inner",
                                        "Startup Cost": 107905.23,
                                        "Total Cost": 691085.14,
                                        "Plan Rows": 724522,
                                        "Plan Width": 45,
                                        "Actual Startup Time": 2046.98,
                                        "Actual Total Time": 6708.801,
                                        "Actual Rows": 2462995,
                                        "Actual Loops": 1,
                                        "Inner Unique": false,
                                        "Hash Cond": "(ci.movie_id = t.id)",
                                        "Plans": [
                                          {
                                            "Node Type": "Seq Scan",
                                            "Parent Relationship": "Outer",
                                            "Parallel Aware": true,
                                            "Relation Name": "cast_info",
                                            "Alias": "ci",
                                            "Startup Cost": 0.0,
                                            "Total Cost": 572354.19,
                                            "Plan Rows": 1750355,
                                            "Plan Width": 16,
                                            "Actual Startup Time": 0.019,
                                            "Actual Total Time": 3352.262,
                                            "Actual Rows": 2947046,
                                            "Actual Loops": 1,
                                            "Filter": "(note = ANY ('{(uncredited),(writer),(producer),\"(archive footage)\"}'::text[]))",
                                            "Rows Removed by Filter": 33297298
                                          },
                                          {
                                            "Node Type": "Hash",
                                            "Parent Relationship": "Inner",
                                            "Parallel Aware": true,
                                            "Startup Cost": 100210.43,
                                            "Total Cost": 100210.43,
                                            "Plan Rows": 615584,
                                            "Plan Width": 29,
                                            "Actual Startup Time": 2039.71,
                                            "Actual Total Time": 2039.715,
                                            "Actual Rows": 829639,
                                            "Actual Loops": 1,
                                            "Hash Buckets": 1048576,
                                            "Original Hash Buckets": 1048576,
                                            "Hash Batches": 1,
                                            "Original Hash Batches": 1,
                                            "Peak Memory Usage": 62464,
                                            "Plans": [
                                              {
                                                "Node Type": "Hash Join",
                                                "Parent Relationship": "Outer",
                                                "Parallel Aware": true,
                                                "Join Type": "Inner",
                                                "Startup Cost": 62043.8,
                                                "Total Cost": 100210.43,
                                                "Plan Rows": 615584,
                                                "Plan Width": 29,
                                                "Actual Startup Time": 653.461,
                                                "Actual Total Time": 1731.849,
                                                "Actual Rows": 829639,
                                                "Actual Loops": 1,
                                                "Inner Unique": true,
                                                "Hash Cond": "(mc.movie_id = t.id)",
                                                "Plans": [
                                                  {
                                                    "Node Type": "Seq Scan",
                                                    "Parent Relationship": "Outer",
                                                    "Parallel Aware": true,
                                                    "Relation Name": "movie_companies",
                                                    "Alias": "mc",
                                                    "Startup Cost": 0.0,
                                                    "Total Cost": 34137.82,
                                                    "Plan Rows": 1534782,
                                                    "Plan Width": 8,
                                                    "Actual Startup Time": 0.005,
                                                    "Actual Total Time": 211.837,
                                                    "Actual Rows": 2609129,
                                                    "Actual Loops": 1
                                                  },
                                                  {
                                                    "Node Type": "Hash",
                                                    "Parent Relationship": "Inner",
                                                    "Parallel Aware": true,
                                                    "Startup Cost": 54587.68,
                                                    "Total Cost": 54587.68,
                                                    "Plan Rows": 596489,
                                                    "Plan Width": 21,
                                                    "Actual Startup Time": 645.73,
                                                    "Actual Total Time": 645.732,
                                                    "Actual Rows": 1012920,
                                                    "Actual Loops": 1,
                                                    "Hash Buckets": 1048576,
                                                    "Original Hash Buckets": 1048576,
                                                    "Hash Batches": 1,
                                                    "Original Hash Batches": 1,
                                                    "Peak Memory Usage": 65024,
                                                    "Plans": [
                                                      {
                                                        "Node Type": "Seq Scan",
                                                        "Parent Relationship": "Outer",
                                                        "Parallel Aware": true,
                                                        "Relation Name": "title",
                                                        "Alias": "t",
                                                        "Startup Cost": 0.0,
                                                        "Total Cost": 54587.68,
                                                        "Plan Rows": 596489,
                                                        "Plan Width": 21,
                                                        "Actual Startup Time": 0.01,
                                                        "Actual Total Time": 306.54,
                                                        "Actual Rows": 1012920,
                                                        "Actual Loops": 1,
                                                        "Filter": "(production_year > 2005)",
                                                        "Rows Removed by Filter": 1515392
                                                      }
                                                    ]
                                                  }
                                                ]
                                              }
                                            ]
                                          }
                                        ]
                                      },
                                      {
                                        "Node Type": "Hash",
                                        "Parent Relationship": "Inner",
                                        "Parallel Aware": true,
                                        "Startup Cost": 92382.65,
                                        "Total Cost": 92382.65,
                                        "Plan Rows": 56,
                                        "Plan Width": 19,
                                        "Actual Startup Time": 554.54,
                                        "Actual Total Time": 554.541,
                                        "Actual Rows": 35,
                                        "Actual Loops": 1,
                                        "Hash Buckets": 1024,
                                        "Original Hash Buckets": 1024,
                                        "Hash Batches": 1,
                                        "Original Hash Batches": 1,
                                        "Peak Memory Usage": 40,
                                        "Plans": [
                                          {
                                            "Node Type": "Seq Scan",
                                            "Parent Relationship": "Outer",
                                            "Parallel Aware": true,
                                            "Relation Name": "name",
                                            "Alias": "n",
                                            "Startup Cost": 0.0,
                                            "Total Cost": 92382.65,
                                            "Plan Rows": 56,
                                            "Plan Width": 19,
                                            "Actual Startup Time": 252.242,
                                            "Actual Total Time": 554.467,
                                            "Actual Rows": 35,
                                            "Actual Loops": 1,
                                            "Filter": "((name ~~ '%Madonna%'::text) AND ((gender)::text = 'f'::text))",
                                            "Rows Removed by Filter": 4167456
                                          }
                                        ]
                                      }
                                    ]
                                  },
                                  {
                                    "Node Type": "Index Only Scan",
                                    "Parent Relationship": "Inner",
                                    "Parallel Aware": false,
                                    "Scan Direction": "Forward",
                                    "Index Name": "person_id_aka_name",
                                    "Relation Name": "aka_name",
                                    "Alias": "an",
                                    "Startup Cost": 0.42,
                                    "Total Cost": 0.48,
                                    "Plan Rows": 2,
                                    "Plan Width": 4,
                                    "Actual Startup Time": 0.002,
                                    "Actual Total Time": 0.004,
                                    "Actual Rows": 11,
                                    "Actual Loops": 120,
                                    "Index Cond": "(person_id = ci.person_id)",
                                    "Rows Removed by Index Recheck": 0,
                                    "Heap Fetches": 1320
                                  }
                                ]
                              },
                              {
                                "Node Type": "Index Scan",
                                "Parent Relationship": "Inner",
                                "Parallel Aware": false,
                                "Scan Direction": "Forward",
                                "Index Name": "movie_id_movie_info",
                                "Relation Name": "movie_info",
                                "Alias": "mi",
                                "Startup Cost": 0.43,
                                "Total Cost": 1.6,
                                "Plan Rows": 2,
                                "Plan Width": 8,
                                "Actual Startup Time": 0.011,
                                "Actual Total Time": 0.011,
                                "Actual Rows": 0,
                                "Actual Loops": 1320,
                                "Index Cond": "(movie_id = ci.movie_id)",
                                "Rows Removed by Index Recheck": 0,
                                "Filter": "((info IS NOT NULL) AND ((info ~~ 'Japan:%200%'::text) OR (info ~~ 'USA:%200%'::text)))",
                                "Rows Removed by Filter": 53
                              }
                            ]
                          },
                          {
                            "Node Type": "Index Scan",
                            "Parent Relationship": "Inner",
                            "Parallel Aware": false,
                            "Scan Direction": "Forward",
                            "Index Name": "info_type_pkey",
                            "Relation Name": "info_type",
                            "Alias": "it",
                            "Startup Cost": 0.14,
                            "Total Cost": 0.16,
                            "Plan Rows": 1,
                            "Plan Width": 4,
                            "Actual Startup Time": 0.001,
                            "Actual Total Time": 0.001,
                            "Actual Rows": 1,
                            "Actual Loops": 583,
                            "Index Cond": "(id = mi.info_type_id)",
                            "Rows Removed by Index Recheck": 0,
                            "Filter": "((info)::text = 'release dates'::text)",
                            "Rows Removed by Filter": 0
                          }
                        ]
                      },
                      {
                        "Node Type": "Index Scan",
                        "Parent Relationship": "Inner",
                        "Parallel Aware": false,
                        "Scan Direction": "Forward",
                        "Index Name": "role_type_pkey",
                        "Relation Name": "role_type",
                        "Alias": "rt",
                        "Startup Cost": 0.14,
                        "Total Cost": 0.16,
                        "Plan Rows": 1,
                        "Plan Width": 4,
                        "Actual Startup Time": 0.001,
                        "Actual Total Time": 0.001,
                        "Actual Rows": 1,
                        "Actual Loops": 583,
                        "Index Cond": "(id = ci.role_id)",
                        "Rows Removed by Index Recheck": 0,
                        "Filter": "((role)::text = 'actress'::text)",
                        "Rows Removed by Filter": 0
                      }
                    ]
                  },
                  {
                    "Node Type": "Index Scan",
                    "Parent Relationship": "Inner",
                    "Parallel Aware": false,
                    "Scan Direction": "Forward",
                    "Index Name": "company_name_pkey",
                    "Relation Name": "company_name",
                    "Alias": "cn",
                    "Startup Cost": 0.42,
                    "Total Cost": 0.45,
                    "Plan Rows": 1,
                    "Plan Width": 4,
                    "Actual Startup Time": 0.001,
                    "Actual Total Time": 0.001,
                    "Actual Rows": 1,
                    "Actual Loops": 429,
                    "Index Cond": "(id = mc.company_id)",
                    "Rows Removed by Index Recheck": 0,
                    "Filter": "((country_code)::text = '[us]'::text)",
                    "Rows Removed by Filter": 0
                  }
                ]
              },
              {
                "Node Type": "Index Only Scan",
                "Parent Relationship": "Inner",
                "Parallel Aware": false,
                "Scan Direction": "Forward",
                "Index Name": "char_name_pkey",
                "Relation Name": "char_name",
                "Alias": "chn",
                "Startup Cost": 0.43,
                "Total Cost": 0.51,
                "Plan Rows": 1,
                "Plan Width": 4,
                "Actual Startup Time": 0.001,
                "Actual Total Time": 0.001,
                "Actual Rows": 1,
                "Actual Loops": 253,
                "Index Cond": "(id = ci.person_role_id)",
                "Rows Removed by Index Recheck": 0,
                "Heap Fetches": 253
              }
            ]
          }
        ]
      }
    ]
  },
  "Planning Time": 3.524,
  "Triggers": [],
  "Execution Time": 7427.328
}