[
  {
    "Plan": {
      "Node Type": "Aggregate",
      "Strategy": "Plain",
      "Partial Mode": "Finalize",
      "Parallel Aware": false,
      "Startup Cost": 673674.76,
      "Total Cost": 673674.77,
      "Plan Rows": 1,
      "Plan Width": 8,
      "Actual Startup Time": 4471.752,
      "Actual Total Time": 4561.405,
      "Actual Rows": 1,
      "Actual Loops": 1,
      "Plans": [
        {
          "Node Type": "Gather",
          "Parent Relationship": "Outer",
          "Parallel Aware": false,
          "Startup Cost": 673674.14,
          "Total Cost": 673674.75,
          "Plan Rows": 6,
          "Plan Width": 8,
          "Actual Startup Time": 4455.614,
          "Actual Total Time": 4561.396,
          "Actual Rows": 7,
          "Actual Loops": 1,
          "Workers Planned": 6,
          "Workers Launched": 6,
          "Single Copy": false,
          "Plans": [
            {
              "Node Type": "Aggregate",
              "Strategy": "Plain",
              "Partial Mode": "Partial",
              "Parent Relationship": "Outer",
              "Parallel Aware": false,
              "Startup Cost": 672674.14,
              "Total Cost": 672674.15,
              "Plan Rows": 1,
              "Plan Width": 8,
              "Actual Startup Time": 4421.444,
              "Actual Total Time": 4421.449,
              "Actual Rows": 1,
              "Actual Loops": 7,
              "Plans": [
                {
                  "Node Type": "Hash Join",
                  "Parent Relationship": "Outer",
                  "Parallel Aware": true,
                  "Join Type": "Inner",
                  "Startup Cost": 265911.3,
                  "Total Cost": 639157.52,
                  "Plan Rows": 13406648,
                  "Plan Width": 0,
                  "Actual Startup Time": 1252.507,
                  "Actual Total Time": 4047.185,
                  "Actual Rows": 8556550,
                  "Actual Loops": 7,
                  "Inner Unique": false,
                  "Hash Cond": "(ci.movie_id = t.id)",
                  "Plans": [
                    {
                      "Node Type": "Seq Scan",
                      "Parent Relationship": "Outer",
                      "Parallel Aware": true,
                      "Relation Name": "cast_info",
                      "Alias": "ci",
                      "Startup Cost": 0.0,
                      "Total Cost": 328162.03,
                      "Plan Rows": 4872237,
                      "Plan Width": 4,
                      "Actual Startup Time": 0.024,
                      "Actual Total Time": 637.91,
                      "Actual Rows": 4198843,
                      "Actual Loops": 7,
                      "Filter": "(person_id < 2978026)",
                      "Rows Removed by Filter": 978921
                    },
                    {
                      "Node Type": "Hash",
                      "Parent Relationship": "Inner",
                      "Parallel Aware": true,
                      "Startup Cost": 248518.91,
                      "Total Cost": 248518.91,
                      "Plan Rows": 1391391,
                      "Plan Width": 8,
                      "Actual Startup Time": 1240.965,
                      "Actual Total Time": 1240.968,
                      "Actual Rows": 431662,
                      "Actual Loops": 7,
                      "Hash Buckets": 8388608,
                      "Original Hash Buckets": 8388608,
                      "Hash Batches": 1,
                      "Original Hash Batches": 1,
                      "Peak Memory Usage": 183840,
                      "Plans": [
                        {
                          "Node Type": "Hash Join",
                          "Parent Relationship": "Outer",
                          "Parallel Aware": true,
                          "Join Type": "Inner",
                          "Startup Cost": 49197.15,
                          "Total Cost": 248518.91,
                          "Plan Rows": 1391391,
                          "Plan Width": 8,
                          "Actual Startup Time": 183.641,
                          "Actual Total Time": 1012.149,
                          "Actual Rows": 431662,
                          "Actual Loops": 7,
                          "Inner Unique": true,
                          "Hash Cond": "(mi.movie_id = t.id)",
                          "Plans": [
                            {
                              "Node Type": "Seq Scan",
                              "Parent Relationship": "Outer",
                              "Parallel Aware": true,
                              "Relation Name": "movie_info",
                              "Alias": "mi",
                              "Startup Cost": 0.0,
                              "Total Cost": 191560.33,
                              "Plan Rows": 2956733,
                              "Plan Width": 4,
                              "Actual Startup Time": 0.034,
                              "Actual Total Time": 290.705,
                              "Actual Rows": 2119389,
                              "Actual Loops": 7
                            },
                            {
                              "Node Type": "Hash",
                              "Parent Relationship": "Inner",
                              "Parallel Aware": true,
                              "Startup Cost": 45479.1,
                              "Total Cost": 45479.1,
                              "Plan Rows": 297444,
                              "Plan Width": 4,
                              "Actual Startup Time": 181.1,
                              "Actual Total Time": 181.102,
                              "Actual Rows": 182383,
                              "Actual Loops": 7,
                              "Hash Buckets": 2097152,
                              "Original Hash Buckets": 2097152,
                              "Hash Batches": 1,
                              "Original Hash Batches": 1,
                              "Peak Memory Usage": 66464,
                              "Plans": [
                                {
                                  "Node Type": "Seq Scan",
                                  "Parent Relationship": "Outer",
                                  "Parallel Aware": true,
                                  "Relation Name": "title",
                                  "Alias": "t",
                                  "Startup Cost": 0.0,
                                  "Total Cost": 45479.1,
                                  "Plan Rows": 297444,
                                  "Plan Width": 4,
                                  "Actual Startup Time": 0.053,
                                  "Actual Total Time": 84.042,
                                  "Actual Rows": 182383,
                                  "Actual Loops": 7,
                                  "Filter": "((production_year > 1979) AND (kind_id = 7))",
                                  "Rows Removed by Filter": 178805
                                }
                              ]
                            }
                          ]
                        }
                      ]
                    }
                  ]
                }
              ]
            }
          ]
        }
      ]
    },
    "Planning Time": 1.382,
    "Triggers": [],
    "Execution Time": 4561.506
  }
]