[
  {
    "Plan": {
      "Node Type": "Aggregate",
      "Strategy": "Plain",
      "Partial Mode": "Finalize",
      "Parallel Aware": false,
      "Startup Cost": 95784.86,
      "Total Cost": 95784.87,
      "Plan Rows": 1,
      "Plan Width": 8,
      "Actual Startup Time": 722.616,
      "Actual Total Time": 745.878,
      "Actual Rows": 1,
      "Actual Loops": 1,
      "Plans": [
        {
          "Node Type": "Gather",
          "Parent Relationship": "Outer",
          "Parallel Aware": false,
          "Startup Cost": 95784.65,
          "Total Cost": 95784.86,
          "Plan Rows": 2,
          "Plan Width": 8,
          "Actual Startup Time": 718.717,
          "Actual Total Time": 745.868,
          "Actual Rows": 3,
          "Actual Loops": 1,
          "Workers Planned": 2,
          "Workers Launched": 2,
          "Single Copy": false,
          "Plans": [
            {
              "Node Type": "Aggregate",
              "Strategy": "Plain",
              "Partial Mode": "Partial",
              "Parent Relationship": "Outer",
              "Parallel Aware": false,
              "Startup Cost": 94784.65,
              "Total Cost": 94784.66,
              "Plan Rows": 1,
              "Plan Width": 8,
              "Actual Startup Time": 713.717,
              "Actual Total Time": 714.018,
              "Actual Rows": 1,
              "Actual Loops": 3,
              "Plans": [
                {
                  "Node Type": "Hash Join",
                  "Parent Relationship": "Outer",
                  "Parallel Aware": true,
                  "Join Type": "Inner",
                  "Startup Cost": 78424.22,
                  "Total Cost": 94525.16,
                  "Plan Rows": 103794,
                  "Plan Width": 0,
                  "Actual Startup Time": 568.687,
                  "Actual Total Time": 702.473,
                  "Actual Rows": 212730,
                  "Actual Loops": 3,
                  "Inner Unique": false,
                  "Hash Cond": "(mi_idx.movie_id = t.id)",
                  "Plans": [
                    {
                      "Node Type": "Seq Scan",
                      "Parent Relationship": "Outer",
                      "Parallel Aware": true,
                      "Relation Name": "movie_info_idx",
                      "Alias": "mi_idx",
                      "Startup Cost": 0.0,
                      "Total Cost": 13685.15,
                      "Plan Rows": 575015,
                      "Plan Width": 4,
                      "Actual Startup Time": 0.036,
                      "Actual Total Time": 44.966,
                      "Actual Rows": 460012,
                      "Actual Loops": 3
                    },
                    {
                      "Node Type": "Hash",
                      "Parent Relationship": "Inner",
                      "Parallel Aware": true,
                      "Startup Cost": 76998.04,
                      "Total Cost": 76998.04,
                      "Plan Rows": 114094,
                      "Plan Width": 8,
                      "Actual Startup Time": 554.441,
                      "Actual Total Time": 554.74,
                      "Actual Rows": 154320,
                      "Actual Loops": 3,
                      "Hash Buckets": 524288,
                      "Original Hash Buckets": 524288,
                      "Hash Batches": 1,
                      "Original Hash Batches": 1,
                      "Peak Memory Usage": 22272,
                      "Plans": [
                        {
                          "Node Type": "Hash Join",
                          "Parent Relationship": "Outer",
                          "Parallel Aware": true,
                          "Join Type": "Inner",
                          "Startup Cost": 31150.91,
                          "Total Cost": 76998.04,
                          "Plan Rows": 114094,
                          "Plan Width": 8,
                          "Actual Startup Time": 166.986,
                          "Actual Total Time": 497.966,
                          "Actual Rows": 154320,
                          "Actual Loops": 3,
                          "Inner Unique": false,
                          "Hash Cond": "(t.id = mc.movie_id)",
                          "Plans": [
                            {
                              "Node Type": "Seq Scan",
                              "Parent Relationship": "Outer",
                              "Parallel Aware": true,
                              "Relation Name": "title",
                              "Alias": "t",
                              "Startup Cost": 0.0,
                              "Total Cost": 42318.73,
                              "Plan Rows": 632073,
                              "Plan Width": 4,
                              "Actual Startup Time": 0.011,
                              "Actual Total Time": 112.651,
                              "Actual Rows": 842771,
                              "Actual Loops": 3
                            },
                            {
                              "Node Type": "Hash",
                              "Parent Relationship": "Inner",
                              "Parallel Aware": true,
                              "Startup Cost": 29310.68,
                              "Total Cost": 29310.68,
                              "Plan Rows": 147218,
                              "Plan Width": 4,
                              "Actual Startup Time": 156.037,
                              "Actual Total Time": 156.038,
                              "Actual Rows": 154320,
                              "Actual Loops": 3,
                              "Hash Buckets": 524288,
                              "Original Hash Buckets": 524288,
                              "Hash Batches": 1,
                              "Original Hash Batches": 1,
                              "Peak Memory Usage": 22272,
                              "Plans": [
                                {
                                  "Node Type": "Seq Scan",
                                  "Parent Relationship": "Outer",
                                  "Parallel Aware": true,
                                  "Relation Name": "movie_companies",
                                  "Alias": "mc",
                                  "Startup Cost": 0.0,
                                  "Total Cost": 29310.68,
                                  "Plan Rows": 147218,
                                  "Plan Width": 4,
                                  "Actual Startup Time": 55.858,
                                  "Actual Total Time": 104.631,
                                  "Actual Rows": 154320,
                                  "Actual Loops": 3,
                                  "Filter": "(company_id > 76379)",
                                  "Rows Removed by Filter": 715389
                                }
                              ]
                            }
                          ]
                        }
                      ]
                    }
                  ]
                }
              ]
            }
          ]
        }
      ]
    },
    "Planning Time": 1.42,
    "Triggers": [],
    "Execution Time": 745.961
  }
]