{
  "Plan": {
    "Node Type": "Aggregate",
    "Strategy": "Plain",
    "Partial Mode": "Finalize",
    "Parallel Aware": false,
    "Startup Cost": 611461.52,
    "Total Cost": 611461.53,
    "Plan Rows": 1,
    "Plan Width": 8,
    "Actual Startup Time": 4047.638,
    "Actual Total Time": 4112.228,
    "Actual Rows": 1,
    "Actual Loops": 1,
    "Plans": [
      {
        "Node Type": "Gather",
        "Parent Relationship": "Outer",
        "Parallel Aware": false,
        "Startup Cost": 611461.41,
        "Total Cost": 611461.52,
        "Plan Rows": 1,
        "Plan Width": 8,
        "Actual Startup Time": 4046.206,
        "Actual Total Time": 4112.216,
        "Actual Rows": 2,
        "Actual Loops": 1,
        "Workers Planned": 1,
        "Workers Launched": 1,
        "Single Copy": false,
        "Plans": [
          {
            "Node Type": "Aggregate",
            "Strategy": "Plain",
            "Partial Mode": "Partial",
            "Parent Relationship": "Outer",
            "Parallel Aware": false,
            "Startup Cost": 610461.41,
            "Total Cost": 610461.42,
            "Plan Rows": 1,
            "Plan Width": 8,
            "Actual Startup Time": 4035.121,
            "Actual Total Time": 4035.125,
            "Actual Rows": 1,
            "Actual Loops": 2,
            "Plans": [
              {
                "Node Type": "Hash Join",
                "Parent Relationship": "Outer",
                "Parallel Aware": true,
                "Join Type": "Inner",
                "Startup Cost": 61241.06,
                "Total Cost": 606520.98,
                "Plan Rows": 1576172,
                "Plan Width": 0,
                "Actual Startup Time": 993.358,
                "Actual Total Time": 3964.918,
                "Actual Rows": 1394652,
                "Actual Loops": 2,
                "Inner Unique": true,
                "Hash Cond": "(ci.movie_id = t.id)",
                "Plans": [
                  {
                    "Node Type": "Seq Scan",
                    "Parent Relationship": "Outer",
                    "Parallel Aware": true,
                    "Relation Name": "cast_info",
                    "Alias": "ci",
                    "Startup Cost": 0.0,
                    "Total Cost": 519069.44,
                    "Plan Rows": 9984929,
                    "Plan Width": 4,
                    "Actual Startup Time": 683.323,
                    "Actual Total Time": 1807.598,
                    "Actual Rows": 8450090,
                    "Actual Loops": 2,
                    "Filter": "(person_id > 1935183)",
                    "Rows Removed by Filter": 9672082
                  },
                  {
                    "Node Type": "Hash",
                    "Parent Relationship": "Inner",
                    "Parallel Aware": true,
                    "Startup Cost": 58306.47,
                    "Total Cost": 58306.47,
                    "Plan Rows": 234767,
                    "Plan Width": 4,
                    "Actual Startup Time": 304.589,
                    "Actual Total Time": 304.59,
                    "Actual Rows": 250306,
                    "Actual Loops": 2,
                    "Hash Buckets": 524288,
                    "Original Hash Buckets": 524288,
                    "Hash Batches": 1,
                    "Original Hash Batches": 1,
                    "Peak Memory Usage": 23712,
                    "Plans": [
                      {
                        "Node Type": "Seq Scan",
                        "Parent Relationship": "Outer",
                        "Parallel Aware": true,
                        "Relation Name": "title",
                        "Alias": "t",
                        "Startup Cost": 0.0,
                        "Total Cost": 58306.47,
                        "Plan Rows": 234767,
                        "Plan Width": 4,
                        "Actual Startup Time": 0.04,
                        "Actual Total Time": 209.917,
                        "Actual Rows": 250306,
                        "Actual Loops": 2,
                        "Filter": "((kind_id < 7) AND (production_year < 2000))",
                        "Rows Removed by Filter": 1013850
                      }
                    ]
                  }
                ]
              }
            ]
          }
        ]
      }
    ]
  },
  "Planning Time": 0.681,
  "Triggers": [],
  "Execution Time": 4112.319
}