[
  {
    "Plan": {
      "Node Type": "Aggregate",
      "Strategy": "Plain",
      "Partial Mode": "Finalize",
      "Parallel Aware": false,
      "Startup Cost": 46483.97,
      "Total Cost": 46483.98,
      "Plan Rows": 1,
      "Plan Width": 8,
      "Actual Startup Time": 104.931,
      "Actual Total Time": 115.559,
      "Actual Rows": 1,
      "Actual Loops": 1,
      "Plans": [
        {
          "Node Type": "Gather",
          "Parent Relationship": "Outer",
          "Parallel Aware": false,
          "Startup Cost": 46483.55,
          "Total Cost": 46483.96,
          "Plan Rows": 4,
          "Plan Width": 8,
          "Actual Startup Time": 104.742,
          "Actual Total Time": 115.547,
          "Actual Rows": 5,
          "Actual Loops": 1,
          "Workers Planned": 4,
          "Workers Launched": 4,
          "Single Copy": false,
          "Plans": [
            {
              "Node Type": "Aggregate",
              "Strategy": "Plain",
              "Partial Mode": "Partial",
              "Parent Relationship": "Outer",
              "Parallel Aware": false,
              "Startup Cost": 45483.55,
              "Total Cost": 45483.56,
              "Plan Rows": 1,
              "Plan Width": 8,
              "Actual Startup Time": 95.547,
              "Actual Total Time": 95.548,
              "Actual Rows": 1,
              "Actual Loops": 5,
              "Plans": [
                {
                  "Node Type": "Seq Scan",
                  "Parent Relationship": "Outer",
                  "Parallel Aware": true,
                  "Relation Name": "title",
                  "Alias": "t",
                  "Startup Cost": 0.0,
                  "Total Cost": 45479.59,
                  "Plan Rows": 1586,
                  "Plan Width": 0,
                  "Actual Startup Time": 0.846,
                  "Actual Total Time": 95.372,
                  "Actual Rows": 1170,
                  "Actual Loops": 5,
                  "Filter": "((kind_id < 3) AND (production_year = 1988))",
                  "Rows Removed by Filter": 504492
                }
              ]
            }
          ]
        }
      ]
    },
    "Planning Time": 0.164,
    "Triggers": [],
    "Execution Time": 115.617
  }
]