[
  {
    "Plan": {
      "Node Type": "Aggregate",
      "Strategy": "Plain",
      "Partial Mode": "Simple",
      "Parallel Aware": false,
      "Startup Cost": 167555.87,
      "Total Cost": 167555.88,
      "Plan Rows": 1,
      "Plan Width": 8,
      "Actual Startup Time": 51.196,
      "Actual Total Time": 51.197,
      "Actual Rows": 1,
      "Actual Loops": 1,
      "Plans": [
        {
          "Node Type": "Bitmap Heap Scan",
          "Parent Relationship": "Outer",
          "Parallel Aware": false,
          "Relation Name": "movie_info",
          "Alias": "mi",
          "Startup Cost": 2521.42,
          "Total Cost": 167208.46,
          "Plan Rows": 138966,
          "Plan Width": 0,
          "Actual Startup Time": 14.687,
          "Actual Total Time": 43.11,
          "Actual Rows": 121863,
          "Actual Loops": 1,
          "Recheck Cond": "(info_type_id = 105)",
          "Rows Removed by Index Recheck": 0,
          "Exact Heap Blocks": 4741,
          "Lossy Heap Blocks": 0,
          "Plans": [
            {
              "Node Type": "Bitmap Index Scan",
              "Parent Relationship": "Outer",
              "Parallel Aware": false,
              "Index Name": "info_type_id_movie_info",
              "Startup Cost": 0.0,
              "Total Cost": 2486.68,
              "Plan Rows": 138966,
              "Plan Width": 0,
              "Actual Startup Time": 12.987,
              "Actual Total Time": 12.987,
              "Actual Rows": 121863,
              "Actual Loops": 1,
              "Index Cond": "(info_type_id = 105)"
            }
          ]
        }
      ]
    },
    "Planning Time": 0.144,
    "Triggers": [],
    "Execution Time": 51.25
  }
]