[
    {
        "Bao": {
            "Bao prediction": "NaN",
            "Bao recommended hint": "(no hint)"
        }
    },
    {
        "Plan": {
            "Node Type": "Aggregate",
            "Strategy": "Plain",
            "Partial Mode": "Finalize",
            "Parallel Aware": false,
            "Startup Cost": 31876.62,
            "Total Cost": 31876.63,
            "Plan Rows": 1,
            "Plan Width": 8,
            "Actual Startup Time": 93.451,
            "Actual Total Time": 98.783,
            "Actual Rows": 1,
            "Actual Loops": 1,
            "Output": [
                "count(*)"
            ],
            "Plans": [
                {
                    "Node Type": "Gather",
                    "Parent Relationship": "Outer",
                    "Parallel Aware": false,
                    "Startup Cost": 31876.3,
                    "Total Cost": 31876.61,
                    "Plan Rows": 3,
                    "Plan Width": 8,
                    "Actual Startup Time": 93.154,
                    "Actual Total Time": 98.771,
                    "Actual Rows": 4,
                    "Actual Loops": 1,
                    "Output": [
                        "(PARTIAL count(*))"
                    ],
                    "Workers Planned": 3,
                    "Workers Launched": 3,
                    "Single Copy": false,
                    "Plans": [
                        {
                            "Node Type": "Aggregate",
                            "Strategy": "Plain",
                            "Partial Mode": "Partial",
                            "Parent Relationship": "Outer",
                            "Parallel Aware": false,
                            "Startup Cost": 30876.3,
                            "Total Cost": 30876.31,
                            "Plan Rows": 1,
                            "Plan Width": 8,
                            "Actual Startup Time": 84.461,
                            "Actual Total Time": 84.463,
                            "Actual Rows": 1,
                            "Actual Loops": 4,
                            "Output": [
                                "PARTIAL count(*)"
                            ],
                            "Workers": [
                                {
                                    "Worker Number": 0,
                                    "Actual Startup Time": 81.46,
                                    "Actual Total Time": 81.461,
                                    "Actual Rows": 1,
                                    "Actual Loops": 1
                                },
                                {
                                    "Worker Number": 1,
                                    "Actual Startup Time": 81.634,
                                    "Actual Total Time": 81.635,
                                    "Actual Rows": 1,
                                    "Actual Loops": 1
                                },
                                {
                                    "Worker Number": 2,
                                    "Actual Startup Time": 82.106,
                                    "Actual Total Time": 82.108,
                                    "Actual Rows": 1,
                                    "Actual Loops": 1
                                }
                            ],
                            "Plans": [
                                {
                                    "Node Type": "Bitmap Heap Scan",
                                    "Parent Relationship": "Outer",
                                    "Parallel Aware": true,
                                    "Relation Name": "movie_keyword",
                                    "Schema": "public",
                                    "Alias": "mk",
                                    "Startup Cost": 5230.04,
                                    "Total Cost": 30677.59,
                                    "Plan Rows": 79484,
                                    "Plan Width": 0,
                                    "Actual Startup Time": 18.923,
                                    "Actual Total Time": 79.942,
                                    "Actual Rows": 60364,
                                    "Actual Loops": 4,
                                    "Recheck Cond": "(mk.keyword_id > 61653)",
                                    "Rows Removed by Index Recheck": 0,
                                    "Exact Heap Blocks": 8553,
                                    "Lossy Heap Blocks": 0,
                                    "Workers": [
                                        {
                                            "Worker Number": 0,
                                            "Actual Startup Time": 16.128,
                                            "Actual Total Time": 77.726,
                                            "Actual Rows": 47410,
                                            "Actual Loops": 1
                                        },
                                        {
                                            "Worker Number": 1,
                                            "Actual Startup Time": 16.111,
                                            "Actual Total Time": 77.948,
                                            "Actual Rows": 50175,
                                            "Actual Loops": 1
                                        },
                                        {
                                            "Worker Number": 2,
                                            "Actual Startup Time": 16.636,
                                            "Actual Total Time": 78.341,
                                            "Actual Rows": 47343,
                                            "Actual Loops": 1
                                        }
                                    ],
                                    "Plans": [
                                        {
                                            "Node Type": "Bitmap Index Scan",
                                            "Parent Relationship": "Outer",
                                            "Parallel Aware": false,
                                            "Index Name": "keyword_id_movie_keyword",
                                            "Startup Cost": 0.0,
                                            "Total Cost": 5168.44,
                                            "Plan Rows": 246401,
                                            "Plan Width": 0,
                                            "Actual Startup Time": 21.886,
                                            "Actual Total Time": 21.886,
                                            "Actual Rows": 241454,
                                            "Actual Loops": 1,
                                            "Index Cond": "(mk.keyword_id > 61653)"
                                        }
                                    ]
                                }
                            ]
                        }
                    ]
                }
            ]
        },
        "Planning Time": 270.521,
        "Triggers": [],
        "Execution Time": 98.892
    }
]