[
  {
    "Plan": {
      "Node Type": "Aggregate",
      "Strategy": "Plain",
      "Partial Mode": "Finalize",
      "Parallel Aware": false,
      "Startup Cost": 355590.64,
      "Total Cost": 355590.65,
      "Plan Rows": 1,
      "Plan Width": 8,
      "Actual Startup Time": 371.987,
      "Actual Total Time": 432.029,
      "Actual Rows": 1,
      "Actual Loops": 1,
      "Plans": [
        {
          "Node Type": "Gather",
          "Parent Relationship": "Outer",
          "Parallel Aware": false,
          "Startup Cost": 355590.22,
          "Total Cost": 355590.63,
          "Plan Rows": 4,
          "Plan Width": 8,
          "Actual Startup Time": 371.818,
          "Actual Total Time": 432.016,
          "Actual Rows": 5,
          "Actual Loops": 1,
          "Workers Planned": 4,
          "Workers Launched": 4,
          "Single Copy": false,
          "Plans": [
            {
              "Node Type": "Aggregate",
              "Strategy": "Plain",
              "Partial Mode": "Partial",
              "Parent Relationship": "Outer",
              "Parallel Aware": false,
              "Startup Cost": 354590.22,
              "Total Cost": 354590.23,
              "Plan Rows": 1,
              "Plan Width": 8,
              "Actual Startup Time": 368.033,
              "Actual Total Time": 368.035,
              "Actual Rows": 1,
              "Actual Loops": 5,
              "Plans": [
                {
                  "Node Type": "Nested Loop",
                  "Parent Relationship": "Outer",
                  "Parallel Aware": false,
                  "Join Type": "Inner",
                  "Startup Cost": 0.56,
                  "Total Cost": 354449.02,
                  "Plan Rows": 56482,
                  "Plan Width": 0,
                  "Actual Startup Time": 0.274,
                  "Actual Total Time": 365.161,
                  "Actual Rows": 42308,
                  "Actual Loops": 5,
                  "Inner Unique": false,
                  "Plans": [
                    {
                      "Node Type": "Seq Scan",
                      "Parent Relationship": "Outer",
                      "Parallel Aware": true,
                      "Relation Name": "title",
                      "Alias": "t",
                      "Startup Cost": 0.0,
                      "Total Cost": 45479.59,
                      "Plan Rows": 11797,
                      "Plan Width": 4,
                      "Actual Startup Time": 0.102,
                      "Actual Total Time": 61.265,
                      "Actual Rows": 7098,
                      "Actual Loops": 5,
                      "Filter": "((kind_id < 7) AND (production_year = 2007))",
                      "Rows Removed by Filter": 498565
                    },
                    {
                      "Node Type": "Index Scan",
                      "Parent Relationship": "Inner",
                      "Parallel Aware": false,
                      "Scan Direction": "Forward",
                      "Index Name": "movie_id_cast_info",
                      "Relation Name": "cast_info",
                      "Alias": "ci",
                      "Startup Cost": 0.56,
                      "Total Cost": 26.07,
                      "Plan Rows": 12,
                      "Plan Width": 4,
                      "Actual Startup Time": 0.03,
                      "Actual Total Time": 0.042,
                      "Actual Rows": 6,
                      "Actual Loops": 35489,
                      "Index Cond": "(movie_id = t.id)",
                      "Rows Removed by Index Recheck": 0,
                      "Filter": "(role_id > 3)",
                      "Rows Removed by Filter": 10
                    }
                  ]
                }
              ]
            }
          ]
        }
      ]
    },
    "Planning Time": 0.331,
    "Triggers": [],
    "Execution Time": 432.086
  }
]