[
  {
    "Plan": {
      "Node Type": "Aggregate",
      "Strategy": "Plain",
      "Partial Mode": "Finalize",
      "Parallel Aware": false,
      "Startup Cost": 36793.94,
      "Total Cost": 36793.95,
      "Plan Rows": 1,
      "Plan Width": 8,
      "Actual Startup Time": 116.99,
      "Actual Total Time": 126.139,
      "Actual Rows": 1,
      "Actual Loops": 1,
      "Plans": [
        {
          "Node Type": "Gather",
          "Parent Relationship": "Outer",
          "Parallel Aware": false,
          "Startup Cost": 36793.62,
          "Total Cost": 36793.93,
          "Plan Rows": 3,
          "Plan Width": 8,
          "Actual Startup Time": 116.661,
          "Actual Total Time": 126.129,
          "Actual Rows": 4,
          "Actual Loops": 1,
          "Workers Planned": 3,
          "Workers Launched": 3,
          "Single Copy": false,
          "Plans": [
            {
              "Node Type": "Aggregate",
              "Strategy": "Plain",
              "Partial Mode": "Partial",
              "Parent Relationship": "Outer",
              "Parallel Aware": false,
              "Startup Cost": 35793.62,
              "Total Cost": 35793.63,
              "Plan Rows": 1,
              "Plan Width": 8,
              "Actual Startup Time": 112.207,
              "Actual Total Time": 112.208,
              "Actual Rows": 1,
              "Actual Loops": 4,
              "Plans": [
                {
                  "Node Type": "Bitmap Heap Scan",
                  "Parent Relationship": "Outer",
                  "Parallel Aware": true,
                  "Relation Name": "movie_keyword",
                  "Alias": "mk",
                  "Startup Cost": 9233.59,
                  "Total Cost": 35442.61,
                  "Plan Rows": 140402,
                  "Plan Width": 0,
                  "Actual Startup Time": 41.957,
                  "Actual Total Time": 106.243,
                  "Actual Rows": 107478,
                  "Actual Loops": 4,
                  "Recheck Cond": "(keyword_id > 40691)",
                  "Rows Removed by Index Recheck": 0,
                  "Exact Heap Blocks": 10649,
                  "Lossy Heap Blocks": 0,
                  "Plans": [
                    {
                      "Node Type": "Bitmap Index Scan",
                      "Parent Relationship": "Outer",
                      "Parallel Aware": false,
                      "Index Name": "keyword_id_movie_keyword",
                      "Startup Cost": 0.0,
                      "Total Cost": 9124.78,
                      "Plan Rows": 435246,
                      "Plan Width": 0,
                      "Actual Startup Time": 42.355,
                      "Actual Total Time": 42.355,
                      "Actual Rows": 429914,
                      "Actual Loops": 1,
                      "Index Cond": "(keyword_id > 40691)"
                    }
                  ]
                }
              ]
            }
          ]
        }
      ]
    },
    "Planning Time": 0.161,
    "Triggers": [],
    "Execution Time": 126.204
  }
]