[
  {
    "Plan": {
      "Node Type": "Aggregate",
      "Strategy": "Plain",
      "Partial Mode": "Finalize",
      "Parallel Aware": false,
      "Startup Cost": 46030.56,
      "Total Cost": 46030.57,
      "Plan Rows": 1,
      "Plan Width": 8,
      "Actual Startup Time": 171.349,
      "Actual Total Time": 180.901,
      "Actual Rows": 1,
      "Actual Loops": 1,
      "Plans": [
        {
          "Node Type": "Gather",
          "Parent Relationship": "Outer",
          "Parallel Aware": false,
          "Startup Cost": 46030.24,
          "Total Cost": 46030.55,
          "Plan Rows": 3,
          "Plan Width": 8,
          "Actual Startup Time": 171.202,
          "Actual Total Time": 180.893,
          "Actual Rows": 4,
          "Actual Loops": 1,
          "Workers Planned": 3,
          "Workers Launched": 3,
          "Single Copy": false,
          "Plans": [
            {
              "Node Type": "Aggregate",
              "Strategy": "Plain",
              "Partial Mode": "Partial",
              "Parent Relationship": "Outer",
              "Parallel Aware": false,
              "Startup Cost": 45030.24,
              "Total Cost": 45030.25,
              "Plan Rows": 1,
              "Plan Width": 8,
              "Actual Startup Time": 163.028,
              "Actual Total Time": 163.029,
              "Actual Rows": 1,
              "Actual Loops": 4,
              "Plans": [
                {
                  "Node Type": "Seq Scan",
                  "Parent Relationship": "Outer",
                  "Parallel Aware": true,
                  "Relation Name": "movie_keyword",
                  "Alias": "mk",
                  "Startup Cost": 0.0,
                  "Total Cost": 42695.65,
                  "Plan Rows": 933834,
                  "Plan Width": 0,
                  "Actual Startup Time": 0.057,
                  "Actual Total Time": 127.175,
                  "Actual Rows": 722054,
                  "Actual Loops": 4,
                  "Filter": "(keyword_id < 9078)",
                  "Rows Removed by Filter": 408928
                }
              ]
            }
          ]
        }
      ]
    },
    "Planning Time": 0.179,
    "Triggers": [],
    "Execution Time": 180.957
  }
]