[
  {
    "Plan": {
      "Node Type": "Aggregate",
      "Strategy": "Plain",
      "Partial Mode": "Finalize",
      "Parallel Aware": false,
      "Startup Cost": 94548.03,
      "Total Cost": 94548.04,
      "Plan Rows": 1,
      "Plan Width": 8,
      "Actual Startup Time": 571.993,
      "Actual Total Time": 618.145,
      "Actual Rows": 1,
      "Actual Loops": 1,
      "Plans": [
        {
          "Node Type": "Gather",
          "Parent Relationship": "Outer",
          "Parallel Aware": false,
          "Startup Cost": 94547.71,
          "Total Cost": 94548.02,
          "Plan Rows": 3,
          "Plan Width": 8,
          "Actual Startup Time": 568.906,
          "Actual Total Time": 618.125,
          "Actual Rows": 4,
          "Actual Loops": 1,
          "Workers Planned": 3,
          "Workers Launched": 3,
          "Single Copy": false,
          "Plans": [
            {
              "Node Type": "Aggregate",
              "Strategy": "Plain",
              "Partial Mode": "Partial",
              "Parent Relationship": "Outer",
              "Parallel Aware": false,
              "Startup Cost": 93547.71,
              "Total Cost": 93547.72,
              "Plan Rows": 1,
              "Plan Width": 8,
              "Actual Startup Time": 557.858,
              "Actual Total Time": 557.864,
              "Actual Rows": 1,
              "Actual Loops": 4,
              "Plans": [
                {
                  "Node Type": "Nested Loop",
                  "Parent Relationship": "Outer",
                  "Parallel Aware": false,
                  "Join Type": "Inner",
                  "Startup Cost": 49791.12,
                  "Total Cost": 93504.1,
                  "Plan Rows": 17446,
                  "Plan Width": 0,
                  "Actual Startup Time": 242.104,
                  "Actual Total Time": 551.717,
                  "Actual Rows": 86079,
                  "Actual Loops": 4,
                  "Inner Unique": false,
                  "Plans": [
                    {
                      "Node Type": "Hash Join",
                      "Parent Relationship": "Outer",
                      "Parallel Aware": true,
                      "Join Type": "Inner",
                      "Startup Cost": 49790.68,
                      "Total Cost": 74582.39,
                      "Plan Rows": 8032,
                      "Plan Width": 8,
                      "Actual Startup Time": 241.952,
                      "Actual Total Time": 286.297,
                      "Actual Rows": 17790,
                      "Actual Loops": 4,
                      "Inner Unique": true,
                      "Hash Cond": "(mk.movie_id = t.id)",
                      "Plans": [
                        {
                          "Node Type": "Bitmap Heap Scan",
                          "Parent Relationship": "Outer",
                          "Parallel Aware": true,
                          "Relation Name": "movie_keyword",
                          "Alias": "mk",
                          "Startup Cost": 1468.86,
                          "Total Cost": 26201.95,
                          "Plan Rows": 22328,
                          "Plan Width": 4,
                          "Actual Startup Time": 18.17,
                          "Actual Total Time": 44.15,
                          "Actual Rows": 18124,
                          "Actual Loops": 4,
                          "Recheck Cond": "(keyword_id = 335)",
                          "Rows Removed by Index Recheck": 0,
                          "Exact Heap Blocks": 5807,
                          "Lossy Heap Blocks": 0,
                          "Plans": [
                            {
                              "Node Type": "Bitmap Index Scan",
                              "Parent Relationship": "Outer",
                              "Parallel Aware": false,
                              "Index Name": "keyword_id_movie_keyword",
                              "Startup Cost": 0.0,
                              "Total Cost": 1451.55,
                              "Plan Rows": 69216,
                              "Plan Width": 0,
                              "Actual Startup Time": 14.473,
                              "Actual Total Time": 14.474,
                              "Actual Rows": 72496,
                              "Actual Loops": 1,
                              "Index Cond": "(keyword_id = 335)"
                            }
                          ]
                        },
                        {
                          "Node Type": "Hash",
                          "Parent Relationship": "Inner",
                          "Parallel Aware": true,
                          "Startup Cost": 45479.59,
                          "Total Cost": 45479.59,
                          "Plan Rows": 227379,
                          "Plan Width": 4,
                          "Actual Startup Time": 218.492,
                          "Actual Total Time": 218.493,
                          "Actual Rows": 211168,
                          "Actual Loops": 4,
                          "Hash Buckets": 1048576,
                          "Original Hash Buckets": 1048576,
                          "Hash Batches": 1,
                          "Original Hash Batches": 1,
                          "Peak Memory Usage": 41312,
                          "Plans": [
                            {
                              "Node Type": "Seq Scan",
                              "Parent Relationship": "Outer",
                              "Parallel Aware": true,
                              "Relation Name": "title",
                              "Alias": "t",
                              "Startup Cost": 0.0,
                              "Total Cost": 45479.59,
                              "Plan Rows": 227379,
                              "Plan Width": 4,
                              "Actual Startup Time": 0.054,
                              "Actual Total Time": 132.848,
                              "Actual Rows": 211168,
                              "Actual Loops": 4,
                              "Filter": "((kind_id < 7) AND (production_year > 1936))",
                              "Rows Removed by Filter": 420910
                            }
                          ]
                        }
                      ]
                    },
                    {
                      "Node Type": "Index Scan",
                      "Parent Relationship": "Inner",
                      "Parallel Aware": false,
                      "Scan Direction": "Forward",
                      "Index Name": "movie_id_movie_info",
                      "Relation Name": "movie_info",
                      "Alias": "mi",
                      "Startup Cost": 0.43,
                      "Total Cost": 2.21,
                      "Plan Rows": 15,
                      "Plan Width": 4,
                      "Actual Startup Time": 0.005,
                      "Actual Total Time": 0.014,
                      "Actual Rows": 5,
                      "Actual Loops": 71159,
                      "Index Cond": "(movie_id = t.id)",
                      "Rows Removed by Index Recheck": 0,
                      "Filter": "(info_type_id < 6)",
                      "Rows Removed by Filter": 7
                    }
                  ]
                }
              ]
            }
          ]
        }
      ]
    },
    "Planning Time": 0.876,
    "Triggers": [],
    "Execution Time": 618.222
  }
]