[
  {
    "Plan": {
      "Node Type": "Aggregate",
      "Strategy": "Plain",
      "Partial Mode": "Finalize",
      "Parallel Aware": false,
      "Startup Cost": 348861.15,
      "Total Cost": 348861.16,
      "Plan Rows": 1,
      "Plan Width": 8,
      "Actual Startup Time": 663.824,
      "Actual Total Time": 723.727,
      "Actual Rows": 1,
      "Actual Loops": 1,
      "Plans": [
        {
          "Node Type": "Gather",
          "Parent Relationship": "Outer",
          "Parallel Aware": false,
          "Startup Cost": 348860.52,
          "Total Cost": 348861.13,
          "Plan Rows": 6,
          "Plan Width": 8,
          "Actual Startup Time": 663.699,
          "Actual Total Time": 723.717,
          "Actual Rows": 7,
          "Actual Loops": 1,
          "Workers Planned": 6,
          "Workers Launched": 6,
          "Single Copy": false,
          "Plans": [
            {
              "Node Type": "Aggregate",
              "Strategy": "Plain",
              "Partial Mode": "Partial",
              "Parent Relationship": "Outer",
              "Parallel Aware": false,
              "Startup Cost": 347860.52,
              "Total Cost": 347860.53,
              "Plan Rows": 1,
              "Plan Width": 8,
              "Actual Startup Time": 655.798,
              "Actual Total Time": 655.799,
              "Actual Rows": 1,
              "Actual Loops": 7,
              "Plans": [
                {
                  "Node Type": "Seq Scan",
                  "Parent Relationship": "Outer",
                  "Parallel Aware": true,
                  "Relation Name": "cast_info",
                  "Alias": "ci",
                  "Startup Cost": 0.0,
                  "Total Cost": 343257.03,
                  "Plan Rows": 1841398,
                  "Plan Width": 0,
                  "Actual Startup Time": 224.873,
                  "Actual Total Time": 624.947,
                  "Actual Rows": 673964,
                  "Actual Loops": 7,
                  "Filter": "((person_id < 1669652) AND (role_id > 1))",
                  "Rows Removed by Filter": 4503799
                }
              ]
            }
          ]
        }
      ]
    },
    "Planning Time": 0.168,
    "Triggers": [],
    "Execution Time": 723.783
  }
]