[
  {
    "Plan": {
      "Node Type": "Aggregate",
      "Strategy": "Plain",
      "Partial Mode": "Finalize",
      "Parallel Aware": false,
      "Startup Cost": 46952.6,
      "Total Cost": 46952.61,
      "Plan Rows": 1,
      "Plan Width": 8,
      "Actual Startup Time": 272.871,
      "Actual Total Time": 291.012,
      "Actual Rows": 1,
      "Actual Loops": 1,
      "Plans": [
        {
          "Node Type": "Gather",
          "Parent Relationship": "Outer",
          "Parallel Aware": false,
          "Startup Cost": 46952.28,
          "Total Cost": 46952.59,
          "Plan Rows": 3,
          "Plan Width": 8,
          "Actual Startup Time": 272.596,
          "Actual Total Time": 290.998,
          "Actual Rows": 4,
          "Actual Loops": 1,
          "Workers Planned": 3,
          "Workers Launched": 3,
          "Single Copy": false,
          "Plans": [
            {
              "Node Type": "Aggregate",
              "Strategy": "Plain",
              "Partial Mode": "Partial",
              "Parent Relationship": "Outer",
              "Parallel Aware": false,
              "Startup Cost": 45952.28,
              "Total Cost": 45952.29,
              "Plan Rows": 1,
              "Plan Width": 8,
              "Actual Startup Time": 262.274,
              "Actual Total Time": 262.276,
              "Actual Rows": 1,
              "Actual Loops": 4,
              "Plans": [
                {
                  "Node Type": "Seq Scan",
                  "Parent Relationship": "Outer",
                  "Parallel Aware": true,
                  "Relation Name": "movie_keyword",
                  "Alias": "mk",
                  "Startup Cost": 0.0,
                  "Total Cost": 42695.65,
                  "Plan Rows": 1302652,
                  "Plan Width": 0,
                  "Actual Startup Time": 0.06,
                  "Actual Total Time": 194.547,
                  "Actual Rows": 1010319,
                  "Actual Loops": 4,
                  "Filter": "(keyword_id < 37119)",
                  "Rows Removed by Filter": 120664
                }
              ]
            }
          ]
        }
      ]
    },
    "Planning Time": 0.257,
    "Triggers": [],
    "Execution Time": 291.082
  }
]