[
  {
    "Plan": {
      "Node Type": "Aggregate",
      "Strategy": "Plain",
      "Partial Mode": "Finalize",
      "Parallel Aware": false,
      "Startup Cost": 46944.31,
      "Total Cost": 46944.32,
      "Plan Rows": 1,
      "Plan Width": 8,
      "Actual Startup Time": 165.889,
      "Actual Total Time": 175.594,
      "Actual Rows": 1,
      "Actual Loops": 1,
      "Plans": [
        {
          "Node Type": "Gather",
          "Parent Relationship": "Outer",
          "Parallel Aware": false,
          "Startup Cost": 46943.99,
          "Total Cost": 46944.3,
          "Plan Rows": 3,
          "Plan Width": 8,
          "Actual Startup Time": 165.768,
          "Actual Total Time": 175.586,
          "Actual Rows": 4,
          "Actual Loops": 1,
          "Workers Planned": 3,
          "Workers Launched": 3,
          "Single Copy": false,
          "Plans": [
            {
              "Node Type": "Aggregate",
              "Strategy": "Plain",
              "Partial Mode": "Partial",
              "Parent Relationship": "Outer",
              "Parallel Aware": false,
              "Startup Cost": 45943.99,
              "Total Cost": 45944.0,
              "Plan Rows": 1,
              "Plan Width": 8,
              "Actual Startup Time": 160.294,
              "Actual Total Time": 160.296,
              "Actual Rows": 1,
              "Actual Loops": 4,
              "Plans": [
                {
                  "Node Type": "Seq Scan",
                  "Parent Relationship": "Outer",
                  "Parallel Aware": true,
                  "Relation Name": "movie_keyword",
                  "Alias": "mk",
                  "Startup Cost": 0.0,
                  "Total Cost": 42695.65,
                  "Plan Rows": 1299334,
                  "Plan Width": 0,
                  "Actual Startup Time": 0.043,
                  "Actual Total Time": 118.565,
                  "Actual Rows": 1010319,
                  "Actual Loops": 4,
                  "Filter": "(keyword_id < 37119)",
                  "Rows Removed by Filter": 120664
                }
              ]
            }
          ]
        }
      ]
    },
    "Planning Time": 0.119,
    "Triggers": [],
    "Execution Time": 175.633
  }
]