[
  {
    "Plan": {
      "Node Type": "Aggregate",
      "Strategy": "Plain",
      "Partial Mode": "Finalize",
      "Parallel Aware": false,
      "Startup Cost": 32693.23,
      "Total Cost": 32693.24,
      "Plan Rows": 1,
      "Plan Width": 8,
      "Actual Startup Time": 81.231,
      "Actual Total Time": 88.838,
      "Actual Rows": 1,
      "Actual Loops": 1,
      "Plans": [
        {
          "Node Type": "Gather",
          "Parent Relationship": "Outer",
          "Parallel Aware": false,
          "Startup Cost": 32692.92,
          "Total Cost": 32693.23,
          "Plan Rows": 3,
          "Plan Width": 8,
          "Actual Startup Time": 81.076,
          "Actual Total Time": 88.827,
          "Actual Rows": 4,
          "Actual Loops": 1,
          "Workers Planned": 3,
          "Workers Launched": 3,
          "Single Copy": false,
          "Plans": [
            {
              "Node Type": "Aggregate",
              "Strategy": "Plain",
              "Partial Mode": "Partial",
              "Parent Relationship": "Outer",
              "Parallel Aware": false,
              "Startup Cost": 31692.92,
              "Total Cost": 31692.93,
              "Plan Rows": 1,
              "Plan Width": 8,
              "Actual Startup Time": 74.445,
              "Actual Total Time": 74.446,
              "Actual Rows": 1,
              "Actual Loops": 4,
              "Plans": [
                {
                  "Node Type": "Seq Scan",
                  "Parent Relationship": "Outer",
                  "Parallel Aware": true,
                  "Relation Name": "movie_companies",
                  "Alias": "mc",
                  "Startup Cost": 0.0,
                  "Total Cost": 31414.82,
                  "Plan Rows": 111239,
                  "Plan Width": 0,
                  "Actual Startup Time": 25.327,
                  "Actual Total Time": 73.872,
                  "Actual Rows": 8404,
                  "Actual Loops": 4,
                  "Filter": "((company_id > 45697) AND (company_type_id = 1))",
                  "Rows Removed by Filter": 643878
                }
              ]
            }
          ]
        }
      ]
    },
    "Planning Time": 0.109,
    "Triggers": [],
    "Execution Time": 88.87
  }
]