{
    "Plan": {
        "Node Type": "Aggregate",
        "Strategy": "Plain",
        "Partial Mode": "Finalize",
        "Parallel Aware": false,
        "Startup Cost": 414030.52,
        "Total Cost": 414030.53,
        "Plan Rows": 1,
        "Plan Width": 8,
        "Actual Startup Time": 1445.039,
        "Actual Total Time": 1493.708,
        "Actual Rows": 1,
        "Actual Loops": 1,
        "Output": [
            "count(*)"
        ],
        "Plans": [
            {
                "Node Type": "Gather",
                "Parent Relationship": "Outer",
                "Parallel Aware": false,
                "Startup Cost": 414029.9,
                "Total Cost": 414030.51,
                "Plan Rows": 6,
                "Plan Width": 8,
                "Actual Startup Time": 1433.078,
                "Actual Total Time": 1493.697,
                "Actual Rows": 7,
                "Actual Loops": 1,
                "Output": [
                    "(PARTIAL count(*))"
                ],
                "Workers Planned": 6,
                "Workers Launched": 6,
                "Single Copy": false,
                "Plans": [
                    {
                        "Node Type": "Aggregate",
                        "Strategy": "Plain",
                        "Partial Mode": "Partial",
                        "Parent Relationship": "Outer",
                        "Parallel Aware": false,
                        "Startup Cost": 413029.9,
                        "Total Cost": 413029.91,
                        "Plan Rows": 1,
                        "Plan Width": 8,
                        "Actual Startup Time": 1421.972,
                        "Actual Total Time": 1422.057,
                        "Actual Rows": 1,
                        "Actual Loops": 7,
                        "Output": [
                            "PARTIAL count(*)"
                        ],
                        "Workers": [
                            {
                                "Worker Number": 0,
                                "Actual Startup Time": 1419.246,
                                "Actual Total Time": 1419.251,
                                "Actual Rows": 1,
                                "Actual Loops": 1
                            },
                            {
                                "Worker Number": 1,
                                "Actual Startup Time": 1420.275,
                                "Actual Total Time": 1420.28,
                                "Actual Rows": 1,
                                "Actual Loops": 1
                            },
                            {
                                "Worker Number": 2,
                                "Actual Startup Time": 1420.211,
                                "Actual Total Time": 1420.216,
                                "Actual Rows": 1,
                                "Actual Loops": 1
                            },
                            {
                                "Worker Number": 3,
                                "Actual Startup Time": 1419.974,
                                "Actual Total Time": 1419.981,
                                "Actual Rows": 1,
                                "Actual Loops": 1
                            },
                            {
                                "Worker Number": 4,
                                "Actual Startup Time": 1420.958,
                                "Actual Total Time": 1420.963,
                                "Actual Rows": 1,
                                "Actual Loops": 1
                            },
                            {
                                "Worker Number": 5,
                                "Actual Startup Time": 1421.246,
                                "Actual Total Time": 1421.25,
                                "Actual Rows": 1,
                                "Actual Loops": 1
                            }
                        ],
                        "Plans": [
                            {
                                "Node Type": "Hash Join",
                                "Parent Relationship": "Outer",
                                "Parallel Aware": true,
                                "Join Type": "Inner",
                                "Startup Cost": 66484.62,
                                "Total Cost": 411660.85,
                                "Plan Rows": 547618,
                                "Plan Width": 0,
                                "Actual Startup Time": 505.914,
                                "Actual Total Time": 1388.3,
                                "Actual Rows": 853668,
                                "Actual Loops": 7,
                                "Inner Unique": false,
                                "Hash Cond": "(ci.movie_id = t.id)",
                                "Workers": [
                                    {
                                        "Worker Number": 0,
                                        "Actual Startup Time": 503.195,
                                        "Actual Total Time": 1387.498,
                                        "Actual Rows": 791800,
                                        "Actual Loops": 1
                                    },
                                    {
                                        "Worker Number": 1,
                                        "Actual Startup Time": 503.96,
                                        "Actual Total Time": 1387.135,
                                        "Actual Rows": 840280,
                                        "Actual Loops": 1
                                    },
                                    {
                                        "Worker Number": 2,
                                        "Actual Startup Time": 504.186,
                                        "Actual Total Time": 1386.588,
                                        "Actual Rows": 852464,
                                        "Actual Loops": 1
                                    },
                                    {
                                        "Worker Number": 3,
                                        "Actual Startup Time": 503.986,
                                        "Actual Total Time": 1388.344,
                                        "Actual Rows": 787886,
                                        "Actual Loops": 1
                                    },
                                    {
                                        "Worker Number": 4,
                                        "Actual Startup Time": 504.932,
                                        "Actual Total Time": 1387.208,
                                        "Actual Rows": 856110,
                                        "Actual Loops": 1
                                    },
                                    {
                                        "Worker Number": 5,
                                        "Actual Startup Time": 505.273,
                                        "Actual Total Time": 1387.478,
                                        "Actual Rows": 853934,
                                        "Actual Loops": 1
                                    }
                                ],
                                "Plans": [
                                    {
                                        "Node Type": "Seq Scan",
                                        "Parent Relationship": "Outer",
                                        "Parallel Aware": true,
                                        "Relation Name": "cast_info",
                                        "Schema": "public",
                                        "Alias": "ci",
                                        "Startup Cost": 0.0,
                                        "Total Cost": 328213.62,
                                        "Plan Rows": 3914897,
                                        "Plan Width": 4,
                                        "Actual Startup Time": 188.954,
                                        "Actual Total Time": 625.288,
                                        "Actual Rows": 3367665,
                                        "Actual Loops": 7,
                                        "Output": [
                                            "ci.id",
                                            "ci.person_id",
                                            "ci.movie_id",
                                            "ci.person_role_id",
                                            "ci.note",
                                            "ci.nr_order",
                                            "ci.role_id"
                                        ],
                                        "Filter": "(ci.role_id > 1)",
                                        "Rows Removed by Filter": 1810098,
                                        "Workers": [
                                            {
                                                "Worker Number": 0,
                                                "Actual Startup Time": 189.904,
                                                "Actual Total Time": 621.739,
                                                "Actual Rows": 3100338,
                                                "Actual Loops": 1
                                            },
                                            {
                                                "Worker Number": 1,
                                                "Actual Startup Time": 187.899,
                                                "Actual Total Time": 629.81,
                                                "Actual Rows": 3324709,
                                                "Actual Loops": 1
                                            },
                                            {
                                                "Worker Number": 2,
                                                "Actual Startup Time": 189.601,
                                                "Actual Total Time": 630.355,
                                                "Actual Rows": 3348433,
                                                "Actual Loops": 1
                                            },
                                            {
                                                "Worker Number": 3,
                                                "Actual Startup Time": 189.111,
                                                "Actual Total Time": 620.734,
                                                "Actual Rows": 3106253,
                                                "Actual Loops": 1
                                            },
                                            {
                                                "Worker Number": 4,
                                                "Actual Startup Time": 188.847,
                                                "Actual Total Time": 629.533,
                                                "Actual Rows": 3345593,
                                                "Actual Loops": 1
                                            },
                                            {
                                                "Worker Number": 5,
                                                "Actual Startup Time": 187.895,
                                                "Actual Total Time": 629.396,
                                                "Actual Rows": 3360561,
                                                "Actual Loops": 1
                                            }
                                        ]
                                    },
                                    {
                                        "Node Type": "Hash",
                                        "Parent Relationship": "Inner",
                                        "Parallel Aware": true,
                                        "Startup Cost": 64642.62,
                                        "Total Cost": 64642.62,
                                        "Plan Rows": 147360,
                                        "Plan Width": 8,
                                        "Actual Startup Time": 312.975,
                                        "Actual Total Time": 313.058,
                                        "Actual Rows": 36203,
                                        "Actual Loops": 7,
                                        "Output": [
                                            "t.id",
                                            "mi_idx.movie_id"
                                        ],
                                        "Hash Buckets": 524288,
                                        "Original Hash Buckets": 524288,
                                        "Hash Batches": 1,
                                        "Original Hash Batches": 1,
                                        "Peak Memory Usage": 14112,
                                        "Workers": [
                                            {
                                                "Worker Number": 0,
                                                "Actual Startup Time": 312.163,
                                                "Actual Total Time": 312.167,
                                                "Actual Rows": 38650,
                                                "Actual Loops": 1
                                            },
                                            {
                                                "Worker Number": 1,
                                                "Actual Startup Time": 312.864,
                                                "Actual Total Time": 312.868,
                                                "Actual Rows": 35079,
                                                "Actual Loops": 1
                                            },
                                            {
                                                "Worker Number": 2,
                                                "Actual Startup Time": 313.16,
                                                "Actual Total Time": 313.164,
                                                "Actual Rows": 35730,
                                                "Actual Loops": 1
                                            },
                                            {
                                                "Worker Number": 3,
                                                "Actual Startup Time": 312.902,
                                                "Actual Total Time": 312.907,
                                                "Actual Rows": 33859,
                                                "Actual Loops": 1
                                            },
                                            {
                                                "Worker Number": 4,
                                                "Actual Startup Time": 313.874,
                                                "Actual Total Time": 313.877,
                                                "Actual Rows": 44736,
                                                "Actual Loops": 1
                                            },
                                            {
                                                "Worker Number": 5,
                                                "Actual Startup Time": 314.063,
                                                "Actual Total Time": 314.066,
                                                "Actual Rows": 30071,
                                                "Actual Loops": 1
                                            }
                                        ],
                                        "Plans": [
                                            {
                                                "Node Type": "Hash Join",
                                                "Parent Relationship": "Outer",
                                                "Parallel Aware": true,
                                                "Join Type": "Inner",
                                                "Startup Cost": 48512.31,
                                                "Total Cost": 64642.62,
                                                "Plan Rows": 147360,
                                                "Plan Width": 8,
                                                "Actual Startup Time": 214.47,
                                                "Actual Total Time": 274.769,
                                                "Actual Rows": 36203,
                                                "Actual Loops": 7,
                                                "Output": [
                                                    "t.id",
                                                    "mi_idx.movie_id"
                                                ],
                                                "Inner Unique": true,
                                                "Hash Cond": "(mi_idx.movie_id = t.id)",
                                                "Workers": [
                                                    {
                                                        "Worker Number": 0,
                                                        "Actual Startup Time": 214.432,
                                                        "Actual Total Time": 274.495,
                                                        "Actual Rows": 38650,
                                                        "Actual Loops": 1
                                                    },
                                                    {
                                                        "Worker Number": 1,
                                                        "Actual Startup Time": 214.394,
                                                        "Actual Total Time": 275.4,
                                                        "Actual Rows": 35079,
                                                        "Actual Loops": 1
                                                    },
                                                    {
                                                        "Worker Number": 2,
                                                        "Actual Startup Time": 214.38,
                                                        "Actual Total Time": 274.857,
                                                        "Actual Rows": 35730,
                                                        "Actual Loops": 1
                                                    },
                                                    {
                                                        "Worker Number": 3,
                                                        "Actual Startup Time": 214.389,
                                                        "Actual Total Time": 275.26,
                                                        "Actual Rows": 33859,
                                                        "Actual Loops": 1
                                                    },
                                                    {
                                                        "Worker Number": 4,
                                                        "Actual Startup Time": 214.497,
                                                        "Actual Total Time": 274.005,
                                                        "Actual Rows": 44736,
                                                        "Actual Loops": 1
                                                    },
                                                    {
                                                        "Worker Number": 5,
                                                        "Actual Startup Time": 214.457,
                                                        "Actual Total Time": 275.231,
                                                        "Actual Rows": 30071,
                                                        "Actual Loops": 1
                                                    }
                                                ],
                                                "Plans": [
                                                    {
                                                        "Node Type": "Seq Scan",
                                                        "Parent Relationship": "Outer",
                                                        "Parallel Aware": true,
                                                        "Relation Name": "movie_info_idx",
                                                        "Schema": "public",
                                                        "Alias": "mi_idx",
                                                        "Startup Cost": 0.0,
                                                        "Total Cost": 15122.68,
                                                        "Plan Rows": 383860,
                                                        "Plan Width": 4,
                                                        "Actual Startup Time": 0.015,
                                                        "Actual Total Time": 26.555,
                                                        "Actual Rows": 131407,
                                                        "Actual Loops": 7,
                                                        "Output": [
                                                            "mi_idx.id",
                                                            "mi_idx.movie_id",
                                                            "mi_idx.info_type_id",
                                                            "mi_idx.info",
                                                            "mi_idx.note"
                                                        ],
                                                        "Filter": "(mi_idx.info_type_id < 101)",
                                                        "Rows Removed by Filter": 65741,
                                                        "Workers": [
                                                            {
                                                                "Worker Number": 0,
                                                                "Actual Startup Time": 0.01,
                                                                "Actual Total Time": 26.691,
                                                                "Actual Rows": 129752,
                                                                "Actual Loops": 1
                                                            },
                                                            {
                                                                "Worker Number": 1,
                                                                "Actual Startup Time": 0.021,
                                                                "Actual Total Time": 27.572,
                                                                "Actual Rows": 129752,
                                                                "Actual Loops": 1
                                                            },
                                                            {
                                                                "Worker Number": 2,
                                                                "Actual Startup Time": 0.012,
                                                                "Actual Total Time": 27.277,
                                                                "Actual Rows": 127900,
                                                                "Actual Loops": 1
                                                            },
                                                            {
                                                                "Worker Number": 3,
                                                                "Actual Startup Time": 0.018,
                                                                "Actual Total Time": 27.306,
                                                                "Actual Rows": 122099,
                                                                "Actual Loops": 1
                                                            },
                                                            {
                                                                "Worker Number": 4,
                                                                "Actual Startup Time": 0.011,
                                                                "Actual Total Time": 25.677,
                                                                "Actual Rows": 160947,
                                                                "Actual Loops": 1
                                                            },
                                                            {
                                                                "Worker Number": 5,
                                                                "Actual Startup Time": 0.02,
                                                                "Actual Total Time": 27.258,
                                                                "Actual Rows": 116991,
                                                                "Actual Loops": 1
                                                            }
                                                        ]
                                                    },
                                                    {
                                                        "Node Type": "Hash",
                                                        "Parent Relationship": "Inner",
                                                        "Parallel Aware": true,
                                                        "Startup Cost": 45479.21,
                                                        "Total Cost": 45479.21,
                                                        "Plan Rows": 242648,
                                                        "Plan Width": 4,
                                                        "Actual Startup Time": 212.565,
                                                        "Actual Total Time": 212.566,
                                                        "Actual Rows": 151084,
                                                        "Actual Loops": 7,
                                                        "Output": [
                                                            "t.id"
                                                        ],
                                                        "Hash Buckets": 2097152,
                                                        "Original Hash Buckets": 1048576,
                                                        "Hash Batches": 1,
                                                        "Original Hash Batches": 1,
                                                        "Peak Memory Usage": 66016,
                                                        "Workers": [
                                                            {
                                                                "Worker Number": 0,
                                                                "Actual Startup Time": 214.337,
                                                                "Actual Total Time": 214.337,
                                                                "Actual Rows": 120147,
                                                                "Actual Loops": 1
                                                            },
                                                            {
                                                                "Worker Number": 1,
                                                                "Actual Startup Time": 214.285,
                                                                "Actual Total Time": 214.286,
                                                                "Actual Rows": 145282,
                                                                "Actual Loops": 1
                                                            },
                                                            {
                                                                "Worker Number": 2,
                                                                "Actual Startup Time": 214.292,
                                                                "Actual Total Time": 214.293,
                                                                "Actual Rows": 137955,
                                                                "Actual Loops": 1
                                                            },
                                                            {
                                                                "Worker Number": 3,
                                                                "Actual Startup Time": 214.271,
                                                                "Actual Total Time": 214.272,
                                                                "Actual Rows": 133028,
                                                                "Actual Loops": 1
                                                            },
                                                            {
                                                                "Worker Number": 4,
                                                                "Actual Startup Time": 214.398,
                                                                "Actual Total Time": 214.399,
                                                                "Actual Rows": 151082,
                                                                "Actual Loops": 1
                                                            },
                                                            {
                                                                "Worker Number": 5,
                                                                "Actual Startup Time": 214.34,
                                                                "Actual Total Time": 214.341,
                                                                "Actual Rows": 130600,
                                                                "Actual Loops": 1
                                                            }
                                                        ],
                                                        "Plans": [
                                                            {
                                                                "Node Type": "Seq Scan",
                                                                "Parent Relationship": "Outer",
                                                                "Parallel Aware": true,
                                                                "Relation Name": "title",
                                                                "Schema": "public",
                                                                "Alias": "t",
                                                                "Startup Cost": 0.0,
                                                                "Total Cost": 45479.21,
                                                                "Plan Rows": 242648,
                                                                "Plan Width": 4,
                                                                "Actual Startup Time": 0.073,
                                                                "Actual Total Time": 78.834,
                                                                "Actual Rows": 151084,
                                                                "Actual Loops": 7,
                                                                "Output": [
                                                                    "t.id"
                                                                ],
                                                                "Filter": "((t.kind_id > 1) AND (t.production_year > 2001))",
                                                                "Rows Removed by Filter": 210103,
                                                                "Workers": [
                                                                    {
                                                                        "Worker Number": 0,
                                                                        "Actual Startup Time": 0.086,
                                                                        "Actual Total Time": 79.177,
                                                                        "Actual Rows": 120147,
                                                                        "Actual Loops": 1
                                                                    },
                                                                    {
                                                                        "Worker Number": 1,
                                                                        "Actual Startup Time": 0.087,
                                                                        "Actual Total Time": 80.603,
                                                                        "Actual Rows": 145282,
                                                                        "Actual Loops": 1
                                                                    },
                                                                    {
                                                                        "Worker Number": 2,
                                                                        "Actual Startup Time": 0.079,
                                                                        "Actual Total Time": 81.636,
                                                                        "Actual Rows": 137955,
                                                                        "Actual Loops": 1
                                                                    },
                                                                    {
                                                                        "Worker Number": 3,
                                                                        "Actual Startup Time": 0.084,
                                                                        "Actual Total Time": 78.705,
                                                                        "Actual Rows": 133028,
                                                                        "Actual Loops": 1
                                                                    },
                                                                    {
                                                                        "Worker Number": 4,
                                                                        "Actual Startup Time": 0.076,
                                                                        "Actual Total Time": 80.911,
                                                                        "Actual Rows": 151082,
                                                                        "Actual Loops": 1
                                                                    },
                                                                    {
                                                                        "Worker Number": 5,
                                                                        "Actual Startup Time": 0.081,
                                                                        "Actual Total Time": 81.715,
                                                                        "Actual Rows": 130600,
                                                                        "Actual Loops": 1
                                                                    }
                                                                ]
                                                            }
                                                        ]
                                                    }
                                                ]
                                            }
                                        ]
                                    }
                                ]
                            }
                        ]
                    }
                ]
            }
        ]
    },
    "Planning Time": 1.447,
    "Triggers": [],
    "Execution Time": 1493.812
}