[
  {
    "Plan": {
      "Node Type": "Aggregate",
      "Strategy": "Plain",
      "Partial Mode": "Finalize",
      "Parallel Aware": false,
      "Startup Cost": 178553.91,
      "Total Cost": 178553.92,
      "Plan Rows": 1,
      "Plan Width": 8,
      "Actual Startup Time": 251.51,
      "Actual Total Time": 263.242,
      "Actual Rows": 1,
      "Actual Loops": 1,
      "Plans": [
        {
          "Node Type": "Gather",
          "Parent Relationship": "Outer",
          "Parallel Aware": false,
          "Startup Cost": 178553.49,
          "Total Cost": 178553.9,
          "Plan Rows": 4,
          "Plan Width": 8,
          "Actual Startup Time": 241.631,
          "Actual Total Time": 263.233,
          "Actual Rows": 5,
          "Actual Loops": 1,
          "Workers Planned": 4,
          "Workers Launched": 4,
          "Single Copy": false,
          "Plans": [
            {
              "Node Type": "Aggregate",
              "Strategy": "Plain",
              "Partial Mode": "Partial",
              "Parent Relationship": "Outer",
              "Parallel Aware": false,
              "Startup Cost": 177553.49,
              "Total Cost": 177553.5,
              "Plan Rows": 1,
              "Plan Width": 8,
              "Actual Startup Time": 226.963,
              "Actual Total Time": 226.966,
              "Actual Rows": 1,
              "Actual Loops": 5,
              "Plans": [
                {
                  "Node Type": "Hash Join",
                  "Parent Relationship": "Outer",
                  "Parallel Aware": true,
                  "Join Type": "Inner",
                  "Startup Cost": 49972.36,
                  "Total Cost": 177526.91,
                  "Plan Rows": 10634,
                  "Plan Width": 0,
                  "Actual Startup Time": 215.929,
                  "Actual Total Time": 226.944,
                  "Actual Rows": 63,
                  "Actual Loops": 5,
                  "Inner Unique": true,
                  "Hash Cond": "(mi.movie_id = t.id)",
                  "Plans": [
                    {
                      "Node Type": "Bitmap Heap Scan",
                      "Parent Relationship": "Outer",
                      "Parallel Aware": true,
                      "Relation Name": "movie_info",
                      "Alias": "mi",
                      "Startup Cost": 1270.75,
                      "Total Cost": 128779.37,
                      "Plan Rows": 17494,
                      "Plan Width": 4,
                      "Actual Startup Time": 2.522,
                      "Actual Total Time": 7.274,
                      "Actual Rows": 13605,
                      "Actual Loops": 5,
                      "Recheck Cond": "(info_type_id = 94)",
                      "Rows Removed by Index Recheck": 0,
                      "Exact Heap Blocks": 596,
                      "Lossy Heap Blocks": 0,
                      "Plans": [
                        {
                          "Node Type": "Bitmap Index Scan",
                          "Parent Relationship": "Outer",
                          "Parallel Aware": false,
                          "Index Name": "info_type_id_movie_info",
                          "Startup Cost": 0.0,
                          "Total Cost": 1253.25,
                          "Plan Rows": 69976,
                          "Plan Width": 0,
                          "Actual Startup Time": 2.269,
                          "Actual Total Time": 2.27,
                          "Actual Rows": 68025,
                          "Actual Loops": 1,
                          "Index Cond": "(info_type_id = 94)"
                        }
                      ]
                    },
                    {
                      "Node Type": "Hash",
                      "Parent Relationship": "Inner",
                      "Parallel Aware": true,
                      "Startup Cost": 43898.92,
                      "Total Cost": 43898.92,
                      "Plan Rows": 384216,
                      "Plan Width": 4,
                      "Actual Startup Time": 206.877,
                      "Actual Total Time": 206.877,
                      "Actual Rows": 308653,
                      "Actual Loops": 5,
                      "Hash Buckets": 2097152,
                      "Original Hash Buckets": 2097152,
                      "Hash Batches": 1,
                      "Original Hash Batches": 1,
                      "Peak Memory Usage": 76832,
                      "Plans": [
                        {
                          "Node Type": "Seq Scan",
                          "Parent Relationship": "Outer",
                          "Parallel Aware": true,
                          "Relation Name": "title",
                          "Alias": "t",
                          "Startup Cost": 0.0,
                          "Total Cost": 43898.92,
                          "Plan Rows": 384216,
                          "Plan Width": 4,
                          "Actual Startup Time": 0.042,
                          "Actual Total Time": 87.334,
                          "Actual Rows": 308653,
                          "Actual Loops": 5,
                          "Filter": "(kind_id = 7)",
                          "Rows Removed by Filter": 197010
                        }
                      ]
                    }
                  ]
                }
              ]
            }
          ]
        }
      ]
    },
    "Planning Time": 0.577,
    "Triggers": [],
    "Execution Time": 263.327
  }
]