[
  {
    "Plan": {
      "Node Type": "Aggregate",
      "Strategy": "Plain",
      "Partial Mode": "Finalize",
      "Parallel Aware": false,
      "Startup Cost": 80383.58,
      "Total Cost": 80383.59,
      "Plan Rows": 1,
      "Plan Width": 8,
      "Actual Startup Time": 308.214,
      "Actual Total Time": 345.296,
      "Actual Rows": 1,
      "Actual Loops": 1,
      "Plans": [
        {
          "Node Type": "Gather",
          "Parent Relationship": "Outer",
          "Parallel Aware": false,
          "Startup Cost": 80383.16,
          "Total Cost": 80383.57,
          "Plan Rows": 4,
          "Plan Width": 8,
          "Actual Startup Time": 307.625,
          "Actual Total Time": 345.286,
          "Actual Rows": 5,
          "Actual Loops": 1,
          "Workers Planned": 4,
          "Workers Launched": 4,
          "Single Copy": false,
          "Plans": [
            {
              "Node Type": "Aggregate",
              "Strategy": "Plain",
              "Partial Mode": "Partial",
              "Parent Relationship": "Outer",
              "Parallel Aware": false,
              "Startup Cost": 79383.16,
              "Total Cost": 79383.17,
              "Plan Rows": 1,
              "Plan Width": 8,
              "Actual Startup Time": 297.229,
              "Actual Total Time": 297.233,
              "Actual Rows": 1,
              "Actual Loops": 5,
              "Plans": [
                {
                  "Node Type": "Nested Loop",
                  "Parent Relationship": "Outer",
                  "Parallel Aware": false,
                  "Join Type": "Inner",
                  "Startup Cost": 20764.08,
                  "Total Cost": 79314.3,
                  "Plan Rows": 27544,
                  "Plan Width": 0,
                  "Actual Startup Time": 34.178,
                  "Actual Total Time": 292.108,
                  "Actual Rows": 72441,
                  "Actual Loops": 5,
                  "Inner Unique": false,
                  "Plans": [
                    {
                      "Node Type": "Hash Join",
                      "Parent Relationship": "Outer",
                      "Parallel Aware": true,
                      "Join Type": "Inner",
                      "Startup Cost": 20763.52,
                      "Total Cost": 65167.21,
                      "Plan Rows": 2605,
                      "Plan Width": 8,
                      "Actual Startup Time": 34.059,
                      "Actual Total Time": 119.902,
                      "Actual Rows": 6261,
                      "Actual Loops": 5,
                      "Inner Unique": false,
                      "Hash Cond": "(t.id = mc.movie_id)",
                      "Plans": [
                        {
                          "Node Type": "Seq Scan",
                          "Parent Relationship": "Outer",
                          "Parallel Aware": true,
                          "Relation Name": "title",
                          "Alias": "t",
                          "Startup Cost": 0.0,
                          "Total Cost": 43898.92,
                          "Plan Rows": 99275,
                          "Plan Width": 4,
                          "Actual Startup Time": 0.02,
                          "Actual Total Time": 67.417,
                          "Actual Rows": 81899,
                          "Actual Loops": 5,
                          "Filter": "(production_year < 1973)",
                          "Rows Removed by Filter": 423763
                        },
                        {
                          "Node Type": "Hash",
                          "Parent Relationship": "Inner",
                          "Parallel Aware": true,
                          "Startup Cost": 20496.03,
                          "Total Cost": 20496.03,
                          "Plan Rows": 21399,
                          "Plan Width": 4,
                          "Actual Startup Time": 32.527,
                          "Actual Total Time": 32.529,
                          "Actual Rows": 13986,
                          "Actual Loops": 5,
                          "Hash Buckets": 131072,
                          "Original Hash Buckets": 131072,
                          "Hash Batches": 1,
                          "Original Hash Batches": 1,
                          "Peak Memory Usage": 3840,
                          "Plans": [
                            {
                              "Node Type": "Bitmap Heap Scan",
                              "Parent Relationship": "Outer",
                              "Parallel Aware": true,
                              "Relation Name": "movie_companies",
                              "Alias": "mc",
                              "Startup Cost": 1438.54,
                              "Total Cost": 20496.03,
                              "Plan Rows": 21399,
                              "Plan Width": 4,
                              "Actual Startup Time": 5.564,
                              "Actual Total Time": 25.178,
                              "Actual Rows": 13986,
                              "Actual Loops": 5,
                              "Recheck Cond": "(company_id < 11)",
                              "Rows Removed by Index Recheck": 0,
                              "Exact Heap Blocks": 4086,
                              "Lossy Heap Blocks": 0,
                              "Plans": [
                                {
                                  "Node Type": "Bitmap Index Scan",
                                  "Parent Relationship": "Outer",
                                  "Parallel Aware": false,
                                  "Index Name": "company_id_movie_companies",
                                  "Startup Cost": 0.0,
                                  "Total Cost": 1421.96,
                                  "Plan Rows": 66337,
                                  "Plan Width": 0,
                                  "Actual Startup Time": 8.233,
                                  "Actual Total Time": 8.234,
                                  "Actual Rows": 69928,
                                  "Actual Loops": 1,
                                  "Index Cond": "(company_id < 11)"
                                }
                              ]
                            }
                          ]
                        }
                      ]
                    },
                    {
                      "Node Type": "Index Scan",
                      "Parent Relationship": "Inner",
                      "Parallel Aware": false,
                      "Scan Direction": "Forward",
                      "Index Name": "movie_id_cast_info",
                      "Relation Name": "cast_info",
                      "Alias": "ci",
                      "Startup Cost": 0.56,
                      "Total Cost": 5.16,
                      "Plan Rows": 27,
                      "Plan Width": 4,
                      "Actual Startup Time": 0.006,
                      "Actual Total Time": 0.026,
                      "Actual Rows": 12,
                      "Actual Loops": 31305,
                      "Index Cond": "(movie_id = t.id)",
                      "Rows Removed by Index Recheck": 0,
                      "Filter": "(role_id < 5)",
                      "Rows Removed by Filter": 2
                    }
                  ]
                }
              ]
            }
          ]
        }
      ]
    },
    "Planning Time": 1.638,
    "Triggers": [],
    "Execution Time": 345.416
  }
]