{
  "Plan": {
    "Node Type": "Aggregate",
    "Strategy": "Plain",
    "Partial Mode": "Finalize",
    "Parallel Aware": false,
    "Startup Cost": 623944.62,
    "Total Cost": 623944.63,
    "Plan Rows": 1,
    "Plan Width": 8,
    "Actual Startup Time": 3662.52,
    "Actual Total Time": 3729.449,
    "Actual Rows": 1,
    "Actual Loops": 1,
    "Plans": [
      {
        "Node Type": "Gather",
        "Parent Relationship": "Outer",
        "Parallel Aware": false,
        "Startup Cost": 623944.51,
        "Total Cost": 623944.62,
        "Plan Rows": 1,
        "Plan Width": 8,
        "Actual Startup Time": 3662.294,
        "Actual Total Time": 3729.441,
        "Actual Rows": 2,
        "Actual Loops": 1,
        "Workers Planned": 1,
        "Workers Launched": 1,
        "Single Copy": false,
        "Plans": [
          {
            "Node Type": "Aggregate",
            "Strategy": "Plain",
            "Partial Mode": "Partial",
            "Parent Relationship": "Outer",
            "Parallel Aware": false,
            "Startup Cost": 622944.51,
            "Total Cost": 622944.52,
            "Plan Rows": 1,
            "Plan Width": 8,
            "Actual Startup Time": 3656.351,
            "Actual Total Time": 3656.354,
            "Actual Rows": 1,
            "Actual Loops": 2,
            "Plans": [
              {
                "Node Type": "Hash Join",
                "Parent Relationship": "Outer",
                "Parallel Aware": true,
                "Join Type": "Inner",
                "Startup Cost": 55094.65,
                "Total Cost": 621711.33,
                "Plan Rows": 493270,
                "Plan Width": 0,
                "Actual Startup Time": 172.329,
                "Actual Total Time": 3635.324,
                "Actual Rows": 418909,
                "Actual Loops": 2,
                "Inner Unique": true,
                "Hash Cond": "(ci.movie_id = t.id)",
                "Plans": [
                  {
                    "Node Type": "Seq Scan",
                    "Parent Relationship": "Outer",
                    "Parallel Aware": true,
                    "Relation Name": "cast_info",
                    "Alias": "ci",
                    "Startup Cost": 0.0,
                    "Total Cost": 519069.44,
                    "Plan Rows": 18113205,
                    "Plan Width": 4,
                    "Actual Startup Time": 0.018,
                    "Actual Total Time": 1808.092,
                    "Actual Rows": 15479026,
                    "Actual Loops": 2,
                    "Filter": "(person_id < 3132188)",
                    "Rows Removed by Filter": 2643146
                  },
                  {
                    "Node Type": "Hash",
                    "Parent Relationship": "Inner",
                    "Parallel Aware": true,
                    "Startup Cost": 54588.39,
                    "Total Cost": 54588.39,
                    "Plan Rows": 40501,
                    "Plan Width": 4,
                    "Actual Startup Time": 169.709,
                    "Actual Total Time": 169.71,
                    "Actual Rows": 33671,
                    "Actual Loops": 2,
                    "Hash Buckets": 131072,
                    "Original Hash Buckets": 131072,
                    "Hash Batches": 1,
                    "Original Hash Batches": 1,
                    "Peak Memory Usage": 3712,
                    "Plans": [
                      {
                        "Node Type": "Seq Scan",
                        "Parent Relationship": "Outer",
                        "Parallel Aware": true,
                        "Relation Name": "title",
                        "Alias": "t",
                        "Startup Cost": 0.0,
                        "Total Cost": 54588.39,
                        "Plan Rows": 40501,
                        "Plan Width": 4,
                        "Actual Startup Time": 0.059,
                        "Actual Total Time": 156.604,
                        "Actual Rows": 33671,
                        "Actual Loops": 2,
                        "Filter": "(production_year > 2012)",
                        "Rows Removed by Filter": 1230485
                      }
                    ]
                  }
                ]
              }
            ]
          }
        ]
      }
    ]
  },
  "Planning Time": 0.492,
  "Triggers": [],
  "Execution Time": 3729.533
}