[
  {
    "Plan": {
      "Node Type": "Aggregate",
      "Strategy": "Plain",
      "Partial Mode": "Finalize",
      "Parallel Aware": false,
      "Startup Cost": 93281.17,
      "Total Cost": 93281.18,
      "Plan Rows": 1,
      "Plan Width": 8,
      "Actual Startup Time": 328.44,
      "Actual Total Time": 358.165,
      "Actual Rows": 1,
      "Actual Loops": 1,
      "Plans": [
        {
          "Node Type": "Gather",
          "Parent Relationship": "Outer",
          "Parallel Aware": false,
          "Startup Cost": 93280.85,
          "Total Cost": 93281.16,
          "Plan Rows": 3,
          "Plan Width": 8,
          "Actual Startup Time": 326.931,
          "Actual Total Time": 358.154,
          "Actual Rows": 4,
          "Actual Loops": 1,
          "Workers Planned": 3,
          "Workers Launched": 3,
          "Single Copy": false,
          "Plans": [
            {
              "Node Type": "Aggregate",
              "Strategy": "Plain",
              "Partial Mode": "Partial",
              "Parent Relationship": "Outer",
              "Parallel Aware": false,
              "Startup Cost": 92280.85,
              "Total Cost": 92280.86,
              "Plan Rows": 1,
              "Plan Width": 8,
              "Actual Startup Time": 317.223,
              "Actual Total Time": 317.228,
              "Actual Rows": 1,
              "Actual Loops": 4,
              "Plans": [
                {
                  "Node Type": "Nested Loop",
                  "Parent Relationship": "Outer",
                  "Parallel Aware": false,
                  "Join Type": "Inner",
                  "Startup Cost": 57216.24,
                  "Total Cost": 92272.63,
                  "Plan Rows": 3289,
                  "Plan Width": 0,
                  "Actual Startup Time": 169.269,
                  "Actual Total Time": 315.001,
                  "Actual Rows": 32838,
                  "Actual Loops": 4,
                  "Inner Unique": false,
                  "Join Filter": "(t.id = mc.movie_id)",
                  "Rows Removed by Join Filter": 0,
                  "Plans": [
                    {
                      "Node Type": "Hash Join",
                      "Parent Relationship": "Outer",
                      "Parallel Aware": true,
                      "Join Type": "Inner",
                      "Startup Cost": 57215.81,
                      "Total Cost": 84260.01,
                      "Plan Rows": 10262,
                      "Plan Width": 8,
                      "Actual Startup Time": 168.277,
                      "Actual Total Time": 253.81,
                      "Actual Rows": 8076,
                      "Actual Loops": 4,
                      "Inner Unique": true,
                      "Hash Cond": "(mk.movie_id = t.id)",
                      "Plans": [
                        {
                          "Node Type": "Bitmap Heap Scan",
                          "Parent Relationship": "Outer",
                          "Parallel Aware": true,
                          "Relation Name": "movie_keyword",
                          "Alias": "mk",
                          "Startup Cost": 11262.78,
                          "Total Cost": 37857.43,
                          "Plan Rows": 171253,
                          "Plan Width": 4,
                          "Actual Startup Time": 36.35,
                          "Actual Total Time": 96.199,
                          "Actual Rows": 132470,
                          "Actual Loops": 4,
                          "Recheck Cond": "(keyword_id > 34413)",
                          "Rows Removed by Index Recheck": 0,
                          "Exact Heap Blocks": 9895,
                          "Lossy Heap Blocks": 0,
                          "Plans": [
                            {
                              "Node Type": "Bitmap Index Scan",
                              "Parent Relationship": "Outer",
                              "Parallel Aware": false,
                              "Index Name": "keyword_id_movie_keyword",
                              "Startup Cost": 0.0,
                              "Total Cost": 11130.06,
                              "Plan Rows": 530883,
                              "Plan Width": 0,
                              "Actual Startup Time": 32.701,
                              "Actual Total Time": 32.702,
                              "Actual Rows": 529879,
                              "Actual Loops": 1,
                              "Index Cond": "(keyword_id > 34413)"
                            }
                          ]
                        },
                        {
                          "Node Type": "Hash",
                          "Parent Relationship": "Inner",
                          "Parallel Aware": true,
                          "Startup Cost": 45479.59,
                          "Total Cost": 45479.59,
                          "Plan Rows": 37876,
                          "Plan Width": 4,
                          "Actual Startup Time": 129.593,
                          "Actual Total Time": 129.594,
                          "Actual Rows": 33690,
                          "Actual Loops": 4,
                          "Hash Buckets": 262144,
                          "Original Hash Buckets": 262144,
                          "Hash Batches": 1,
                          "Original Hash Batches": 1,
                          "Peak Memory Usage": 7360,
                          "Plans": [
                            {
                              "Node Type": "Seq Scan",
                              "Parent Relationship": "Outer",
                              "Parallel Aware": true,
                              "Relation Name": "title",
                              "Alias": "t",
                              "Startup Cost": 0.0,
                              "Total Cost": 45479.59,
                              "Plan Rows": 37876,
                              "Plan Width": 4,
                              "Actual Startup Time": 0.075,
                              "Actual Total Time": 115.022,
                              "Actual Rows": 33690,
                              "Actual Loops": 4,
                              "Filter": "((kind_id < 7) AND (production_year > 2010))",
                              "Rows Removed by Filter": 598388
                            }
                          ]
                        }
                      ]
                    },
                    {
                      "Node Type": "Index Scan",
                      "Parent Relationship": "Inner",
                      "Parallel Aware": false,
                      "Scan Direction": "Forward",
                      "Index Name": "movie_id_movie_companies",
                      "Relation Name": "movie_companies",
                      "Alias": "mc",
                      "Startup Cost": 0.43,
                      "Total Cost": 0.76,
                      "Plan Rows": 2,
                      "Plan Width": 4,
                      "Actual Startup Time": 0.005,
                      "Actual Total Time": 0.007,
                      "Actual Rows": 4,
                      "Actual Loops": 32306,
                      "Index Cond": "(movie_id = mk.movie_id)",
                      "Rows Removed by Index Recheck": 0,
                      "Filter": "((company_id > 3729) AND (company_type_id < 2))",
                      "Rows Removed by Filter": 4
                    }
                  ]
                }
              ]
            }
          ]
        }
      ]
    },
    "Planning Time": 1.605,
    "Triggers": [],
    "Execution Time": 358.287
  }
]