[
  {
    "Plan": {
      "Node Type": "Aggregate",
      "Strategy": "Plain",
      "Partial Mode": "Simple",
      "Parallel Aware": false,
      "Startup Cost": 987.74,
      "Total Cost": 987.75,
      "Plan Rows": 1,
      "Plan Width": 8,
      "Actual Startup Time": 0.552,
      "Actual Total Time": 0.553,
      "Actual Rows": 1,
      "Actual Loops": 1,
      "Plans": [
        {
          "Node Type": "Index Scan",
          "Parent Relationship": "Outer",
          "Parallel Aware": false,
          "Scan Direction": "Forward",
          "Index Name": "person_id_cast_info",
          "Relation Name": "cast_info",
          "Alias": "ci",
          "Startup Cost": 0.56,
          "Total Cost": 987.07,
          "Plan Rows": 270,
          "Plan Width": 0,
          "Actual Startup Time": 0.546,
          "Actual Total Time": 0.55,
          "Actual Rows": 1,
          "Actual Loops": 1,
          "Index Cond": "(person_id = 1449009)",
          "Rows Removed by Index Recheck": 0,
          "Filter": "(role_id < 3)",
          "Rows Removed by Filter": 1
        }
      ]
    },
    "Planning Time": 0.084,
    "Triggers": [],
    "Execution Time": 0.571
  }
]