[
  {
    "Plan": {
      "Node Type": "Aggregate",
      "Strategy": "Plain",
      "Partial Mode": "Finalize",
      "Parallel Aware": false,
      "Startup Cost": 30785.66,
      "Total Cost": 30785.67,
      "Plan Rows": 1,
      "Plan Width": 8,
      "Actual Startup Time": 92.265,
      "Actual Total Time": 96.485,
      "Actual Rows": 1,
      "Actual Loops": 1,
      "Plans": [
        {
          "Node Type": "Gather",
          "Parent Relationship": "Outer",
          "Parallel Aware": false,
          "Startup Cost": 30785.34,
          "Total Cost": 30785.65,
          "Plan Rows": 3,
          "Plan Width": 8,
          "Actual Startup Time": 92.096,
          "Actual Total Time": 96.476,
          "Actual Rows": 4,
          "Actual Loops": 1,
          "Workers Planned": 3,
          "Workers Launched": 3,
          "Single Copy": false,
          "Plans": [
            {
              "Node Type": "Aggregate",
              "Strategy": "Plain",
              "Partial Mode": "Partial",
              "Parent Relationship": "Outer",
              "Parallel Aware": false,
              "Startup Cost": 29785.34,
              "Total Cost": 29785.35,
              "Plan Rows": 1,
              "Plan Width": 8,
              "Actual Startup Time": 84.935,
              "Actual Total Time": 84.936,
              "Actual Rows": 1,
              "Actual Loops": 4,
              "Plans": [
                {
                  "Node Type": "Bitmap Heap Scan",
                  "Parent Relationship": "Outer",
                  "Parallel Aware": true,
                  "Relation Name": "movie_companies",
                  "Alias": "mc",
                  "Startup Cost": 8841.91,
                  "Total Cost": 29617.33,
                  "Plan Rows": 67204,
                  "Plan Width": 0,
                  "Actual Startup Time": 37.572,
                  "Actual Total Time": 78.512,
                  "Actual Rows": 103617,
                  "Actual Loops": 4,
                  "Recheck Cond": "(company_id > 80561)",
                  "Rows Removed by Index Recheck": 0,
                  "Filter": "(company_type_id > 1)",
                  "Rows Removed by Filter": 0,
                  "Exact Heap Blocks": 3434,
                  "Lossy Heap Blocks": 0,
                  "Plans": [
                    {
                      "Node Type": "Bitmap Index Scan",
                      "Parent Relationship": "Outer",
                      "Parallel Aware": false,
                      "Index Name": "company_id_movie_companies",
                      "Startup Cost": 0.0,
                      "Total Cost": 8789.83,
                      "Plan Rows": 410320,
                      "Plan Width": 0,
                      "Actual Startup Time": 42.993,
                      "Actual Total Time": 42.994,
                      "Actual Rows": 414467,
                      "Actual Loops": 1,
                      "Index Cond": "(company_id > 80561)"
                    }
                  ]
                }
              ]
            }
          ]
        }
      ]
    },
    "Planning Time": 0.218,
    "Triggers": [],
    "Execution Time": 96.59
  }
]