[
  {
    "Plan": {
      "Node Type": "Aggregate",
      "Strategy": "Plain",
      "Partial Mode": "Finalize",
      "Parallel Aware": false,
      "Startup Cost": 61761.62,
      "Total Cost": 61761.63,
      "Plan Rows": 1,
      "Plan Width": 8,
      "Actual Startup Time": 184.14,
      "Actual Total Time": 197.416,
      "Actual Rows": 1,
      "Actual Loops": 1,
      "Plans": [
        {
          "Node Type": "Gather",
          "Parent Relationship": "Outer",
          "Parallel Aware": false,
          "Startup Cost": 61761.4,
          "Total Cost": 61761.61,
          "Plan Rows": 2,
          "Plan Width": 8,
          "Actual Startup Time": 183.942,
          "Actual Total Time": 197.408,
          "Actual Rows": 3,
          "Actual Loops": 1,
          "Workers Planned": 2,
          "Workers Launched": 2,
          "Single Copy": false,
          "Plans": [
            {
              "Node Type": "Aggregate",
              "Strategy": "Plain",
              "Partial Mode": "Partial",
              "Parent Relationship": "Outer",
              "Parallel Aware": false,
              "Startup Cost": 60761.4,
              "Total Cost": 60761.41,
              "Plan Rows": 1,
              "Plan Width": 8,
              "Actual Startup Time": 178.81,
              "Actual Total Time": 178.813,
              "Actual Rows": 1,
              "Actual Loops": 3,
              "Plans": [
                {
                  "Node Type": "Hash Join",
                  "Parent Relationship": "Outer",
                  "Parallel Aware": true,
                  "Join Type": "Inner",
                  "Startup Cost": 45553.41,
                  "Total Cost": 60747.97,
                  "Plan Rows": 5372,
                  "Plan Width": 0,
                  "Actual Startup Time": 105.726,
                  "Actual Total Time": 178.392,
                  "Actual Rows": 8245,
                  "Actual Loops": 3,
                  "Inner Unique": true,
                  "Hash Cond": "(mi_idx.movie_id = t.id)",
                  "Plans": [
                    {
                      "Node Type": "Seq Scan",
                      "Parent Relationship": "Outer",
                      "Parallel Aware": true,
                      "Relation Name": "movie_info_idx",
                      "Alias": "mi_idx",
                      "Startup Cost": 0.0,
                      "Total Cost": 13685.15,
                      "Plan Rows": 575015,
                      "Plan Width": 4,
                      "Actual Startup Time": 0.01,
                      "Actual Total Time": 36.986,
                      "Actual Rows": 460012,
                      "Actual Loops": 3
                    },
                    {
                      "Node Type": "Hash",
                      "Parent Relationship": "Inner",
                      "Parallel Aware": true,
                      "Startup Cost": 45479.59,
                      "Total Cost": 45479.59,
                      "Plan Rows": 5906,
                      "Plan Width": 4,
                      "Actual Startup Time": 105.13,
                      "Actual Total Time": 105.131,
                      "Actual Rows": 6150,
                      "Actual Loops": 3,
                      "Hash Buckets": 32768,
                      "Original Hash Buckets": 32768,
                      "Hash Batches": 1,
                      "Original Hash Batches": 1,
                      "Peak Memory Usage": 1024,
                      "Plans": [
                        {
                          "Node Type": "Seq Scan",
                          "Parent Relationship": "Outer",
                          "Parallel Aware": true,
                          "Relation Name": "title",
                          "Alias": "t",
                          "Startup Cost": 0.0,
                          "Total Cost": 45479.59,
                          "Plan Rows": 5906,
                          "Plan Width": 4,
                          "Actual Startup Time": 0.322,
                          "Actual Total Time": 102.499,
                          "Actual Rows": 6150,
                          "Actual Loops": 3,
                          "Filter": "((kind_id < 6) AND (production_year = 2001))",
                          "Rows Removed by Filter": 836620
                        }
                      ]
                    }
                  ]
                }
              ]
            }
          ]
        }
      ]
    },
    "Planning Time": 0.424,
    "Triggers": [],
    "Execution Time": 197.462
  }
]