{
  "Plan": {
    "Node Type": "Aggregate",
    "Strategy": "Plain",
    "Partial Mode": "Finalize",
    "Parallel Aware": false,
    "Startup Cost": 144931.0,
    "Total Cost": 144931.01,
    "Plan Rows": 1,
    "Plan Width": 8,
    "Actual Startup Time": 541.287,
    "Actual Total Time": 556.835,
    "Actual Rows": 1,
    "Actual Loops": 1,
    "Plans": [
      {
        "Node Type": "Gather",
        "Parent Relationship": "Outer",
        "Parallel Aware": false,
        "Startup Cost": 144930.89,
        "Total Cost": 144931.0,
        "Plan Rows": 1,
        "Plan Width": 8,
        "Actual Startup Time": 540.952,
        "Actual Total Time": 556.827,
        "Actual Rows": 2,
        "Actual Loops": 1,
        "Workers Planned": 1,
        "Workers Launched": 1,
        "Single Copy": false,
        "Plans": [
          {
            "Node Type": "Aggregate",
            "Strategy": "Plain",
            "Partial Mode": "Partial",
            "Parent Relationship": "Outer",
            "Parallel Aware": false,
            "Startup Cost": 143930.89,
            "Total Cost": 143930.9,
            "Plan Rows": 1,
            "Plan Width": 8,
            "Actual Startup Time": 534.442,
            "Actual Total Time": 534.449,
            "Actual Rows": 1,
            "Actual Loops": 2,
            "Plans": [
              {
                "Node Type": "Hash Join",
                "Parent Relationship": "Outer",
                "Parallel Aware": true,
                "Join Type": "Inner",
                "Startup Cost": 81707.23,
                "Total Cost": 143887.32,
                "Plan Rows": 17429,
                "Plan Width": 0,
                "Actual Startup Time": 282.982,
                "Actual Total Time": 533.792,
                "Actual Rows": 14844,
                "Actual Loops": 2,
                "Inner Unique": false,
                "Hash Cond": "(mk.movie_id = t.id)",
                "Plans": [
                  {
                    "Node Type": "Seq Scan",
                    "Parent Relationship": "Outer",
                    "Parallel Aware": true,
                    "Relation Name": "movie_keyword",
                    "Alias": "mk",
                    "Startup Cost": 0.0,
                    "Total Cost": 57718.19,
                    "Plan Rows": 1162500,
                    "Plan Width": 4,
                    "Actual Startup Time": 0.546,
                    "Actual Total Time": 179.651,
                    "Actual Rows": 989018,
                    "Actual Loops": 2,
                    "Filter": "(keyword_id > 6395)",
                    "Rows Removed by Filter": 1272948
                  },
                  {
                    "Node Type": "Hash",
                    "Parent Relationship": "Inner",
                    "Parallel Aware": true,
                    "Startup Cost": 81428.52,
                    "Total Cost": 81428.52,
                    "Plan Rows": 22297,
                    "Plan Width": 8,
                    "Actual Startup Time": 281.063,
                    "Actual Total Time": 281.069,
                    "Actual Rows": 27746,
                    "Actual Loops": 2,
                    "Hash Buckets": 65536,
                    "Original Hash Buckets": 65536,
                    "Hash Batches": 1,
                    "Original Hash Batches": 1,
                    "Peak Memory Usage": 2688,
                    "Plans": [
                      {
                        "Node Type": "Hash Join",
                        "Parent Relationship": "Outer",
                        "Parallel Aware": true,
                        "Join Type": "Inner",
                        "Startup Cost": 21058.73,
                        "Total Cost": 81428.52,
                        "Plan Rows": 22297,
                        "Plan Width": 8,
                        "Actual Startup Time": 38.175,
                        "Actual Total Time": 272.509,
                        "Actual Rows": 27746,
                        "Actual Loops": 2,
                        "Inner Unique": false,
                        "Hash Cond": "(t.id = mc.movie_id)",
                        "Plans": [
                          {
                            "Node Type": "Seq Scan",
                            "Parent Relationship": "Outer",
                            "Parallel Aware": true,
                            "Relation Name": "title",
                            "Alias": "t",
                            "Startup Cost": 0.0,
                            "Total Cost": 54588.39,
                            "Plan Rows": 904038,
                            "Plan Width": 4,
                            "Actual Startup Time": 0.01,
                            "Actual Total Time": 142.787,
                            "Actual Rows": 771632,
                            "Actual Loops": 2,
                            "Filter": "(kind_id = 7)",
                            "Rows Removed by Filter": 492524
                          },
                          {
                            "Node Type": "Hash",
                            "Parent Relationship": "Inner",
                            "Parallel Aware": true,
                            "Startup Cost": 20600.22,
                            "Total Cost": 20600.22,
                            "Plan Rows": 36681,
                            "Plan Width": 4,
                            "Actual Startup Time": 37.282,
                            "Actual Total Time": 37.284,
                            "Actual Rows": 31038,
                            "Actual Loops": 2,
                            "Hash Buckets": 65536,
                            "Original Hash Buckets": 65536,
                            "Hash Batches": 1,
                            "Original Hash Batches": 1,
                            "Peak Memory Usage": 2976,
                            "Plans": [
                              {
                                "Node Type": "Bitmap Heap Scan",
                                "Parent Relationship": "Outer",
                                "Parallel Aware": true,
                                "Relation Name": "movie_companies",
                                "Alias": "mc",
                                "Startup Cost": 1351.7,
                                "Total Cost": 20600.22,
                                "Plan Rows": 36681,
                                "Plan Width": 4,
                                "Actual Startup Time": 6.363,
                                "Actual Total Time": 24.654,
                                "Actual Rows": 31038,
                                "Actual Loops": 2,
                                "Recheck Cond": "(company_id = 6)",
                                "Rows Removed by Index Recheck": 0,
                                "Exact Heap Blocks": 4054,
                                "Lossy Heap Blocks": 0,
                                "Plans": [
                                  {
                                    "Node Type": "Bitmap Index Scan",
                                    "Parent Relationship": "Outer",
                                    "Parallel Aware": false,
                                    "Index Name": "company_id_movie_companies",
                                    "Startup Cost": 0.0,
                                    "Total Cost": 1336.12,
                                    "Plan Rows": 62358,
                                    "Plan Width": 0,
                                    "Actual Startup Time": 8.536,
                                    "Actual Total Time": 8.537,
                                    "Actual Rows": 62075,
                                    "Actual Loops": 1,
                                    "Index Cond": "(company_id = 6)"
                                  }
                                ]
                              }
                            ]
                          }
                        ]
                      }
                    ]
                  }
                ]
              }
            ]
          }
        ]
      }
    ]
  },
  "Planning Time": 1.108,
  "Triggers": [],
  "Execution Time": 556.942
}