[
  {
    "Plan": {
      "Node Type": "Aggregate",
      "Strategy": "Plain",
      "Partial Mode": "Finalize",
      "Parallel Aware": false,
      "Startup Cost": 351844.78,
      "Total Cost": 351844.79,
      "Plan Rows": 1,
      "Plan Width": 8,
      "Actual Startup Time": 849.691,
      "Actual Total Time": 902.4,
      "Actual Rows": 1,
      "Actual Loops": 1,
      "Plans": [
        {
          "Node Type": "Gather",
          "Parent Relationship": "Outer",
          "Parallel Aware": false,
          "Startup Cost": 351844.15,
          "Total Cost": 351844.76,
          "Plan Rows": 6,
          "Plan Width": 8,
          "Actual Startup Time": 849.521,
          "Actual Total Time": 902.387,
          "Actual Rows": 7,
          "Actual Loops": 1,
          "Workers Planned": 6,
          "Workers Launched": 6,
          "Single Copy": false,
          "Plans": [
            {
              "Node Type": "Aggregate",
              "Strategy": "Plain",
              "Partial Mode": "Partial",
              "Parent Relationship": "Outer",
              "Parallel Aware": false,
              "Startup Cost": 350844.15,
              "Total Cost": 350844.16,
              "Plan Rows": 1,
              "Plan Width": 8,
              "Actual Startup Time": 840.837,
              "Actual Total Time": 840.838,
              "Actual Rows": 1,
              "Actual Loops": 7,
              "Plans": [
                {
                  "Node Type": "Seq Scan",
                  "Parent Relationship": "Outer",
                  "Parallel Aware": true,
                  "Relation Name": "cast_info",
                  "Alias": "ci",
                  "Startup Cost": 0.0,
                  "Total Cost": 343316.27,
                  "Plan Rows": 3011152,
                  "Plan Width": 0,
                  "Actual Startup Time": 126.629,
                  "Actual Total Time": 718.611,
                  "Actual Rows": 2404013,
                  "Actual Loops": 7,
                  "Filter": "((person_id > 901248) AND (role_id < 4))",
                  "Rows Removed by Filter": 2773751
                }
              ]
            }
          ]
        }
      ]
    },
    "Planning Time": 0.094,
    "Triggers": [],
    "Execution Time": 902.442
  }
]