{
  "Plan": {
    "Node Type": "Aggregate",
    "Strategy": "Plain",
    "Partial Mode": "Finalize",
    "Parallel Aware": false,
    "Startup Cost": 760513.1,
    "Total Cost": 760513.11,
    "Plan Rows": 1,
    "Plan Width": 32,
    "Actual Startup Time": 6105.891,
    "Actual Total Time": 6184.872,
    "Actual Rows": 1,
    "Actual Loops": 1,
    "Plans": [
      {
        "Node Type": "Gather",
        "Parent Relationship": "Outer",
        "Parallel Aware": false,
        "Startup Cost": 760512.98,
        "Total Cost": 760513.09,
        "Plan Rows": 1,
        "Plan Width": 32,
        "Actual Startup Time": 6103.589,
        "Actual Total Time": 6184.864,
        "Actual Rows": 2,
        "Actual Loops": 1,
        "Workers Planned": 1,
        "Workers Launched": 1,
        "Single Copy": false,
        "Plans": [
          {
            "Node Type": "Aggregate",
            "Strategy": "Plain",
            "Partial Mode": "Partial",
            "Parent Relationship": "Outer",
            "Parallel Aware": false,
            "Startup Cost": 759512.98,
            "Total Cost": 759512.99,
            "Plan Rows": 1,
            "Plan Width": 32,
            "Actual Startup Time": 6096.858,
            "Actual Total Time": 6096.863,
            "Actual Rows": 1,
            "Actual Loops": 2,
            "Plans": [
              {
                "Node Type": "Merge Join",
                "Parent Relationship": "Outer",
                "Parallel Aware": false,
                "Join Type": "Inner",
                "Startup Cost": 636571.03,
                "Total Cost": 759512.86,
                "Plan Rows": 48,
                "Plan Width": 17,
                "Actual Startup Time": 4794.329,
                "Actual Total Time": 6096.396,
                "Actual Rows": 3625,
                "Actual Loops": 2,
                "Inner Unique": false,
                "Merge Cond": "(mi.movie_id = t.id)",
                "Plans": [
                  {
                    "Node Type": "Sort",
                    "Parent Relationship": "Outer",
                    "Parallel Aware": false,
                    "Startup Cost": 396046.35,
                    "Total Cost": 397047.47,
                    "Plan Rows": 400449,
                    "Plan Width": 4,
                    "Actual Startup Time": 1557.161,
                    "Actual Total Time": 1570.293,
                    "Actual Rows": 353320,
                    "Actual Loops": 2,
                    "Sort Key": [
                      "mi.movie_id"
                    ],
                    "Sort Method": "quicksort",
                    "Sort Space Used": 29990,
                    "Sort Space Type": "Memory",
                    "Workers": [
                      {
                        "Worker Number": 0,
                        "Sort Method": "quicksort",
                        "Sort Space Used": 27712,
                        "Sort Space Type": "Memory"
                      }
                    ],
                    "Plans": [
                      {
                        "Node Type": "Seq Scan",
                        "Parent Relationship": "Outer",
                        "Parallel Aware": true,
                        "Relation Name": "movie_info",
                        "Alias": "mi",
                        "Startup Cost": 0.0,
                        "Total Cost": 358782.05,
                        "Plan Rows": 400449,
                        "Plan Width": 4,
                        "Actual Startup Time": 2.365,
                        "Actual Total Time": 1491.345,
                        "Actual Rows": 353337,
                        "Actual Loops": 2,
                        "Filter": "(info = ANY ('{Sweden,Norway,Germany,Denmark,Swedish,Denish,Norwegian,German,USA,American}'::text[]))",
                        "Rows Removed by Filter": 7064523
                      }
                    ]
                  },
                  {
                    "Node Type": "Materialize",
                    "Parent Relationship": "Inner",
                    "Parallel Aware": false,
                    "Startup Cost": 240524.68,
                    "Total Cost": 361463.03,
                    "Plan Rows": 305,
                    "Plan Width": 25,
                    "Actual Startup Time": 3228.295,
                    "Actual Total Time": 4507.758,
                    "Actual Rows": 8353,
                    "Actual Loops": 2,
                    "Plans": [
                      {
                        "Node Type": "Merge Join",
                        "Parent Relationship": "Outer",
                        "Parallel Aware": false,
                        "Join Type": "Inner",
                        "Startup Cost": 240524.68,
                        "Total Cost": 361462.26,
                        "Plan Rows": 305,
                        "Plan Width": 25,
                        "Actual Startup Time": 3228.289,
                        "Actual Total Time": 4505.615,
                        "Actual Rows": 7874,
                        "Actual Loops": 2,
                        "Inner Unique": false,
                        "Merge Cond": "(t.id = mk.movie_id)",
                        "Plans": [
                          {
                            "Node Type": "Index Scan",
                            "Parent Relationship": "Outer",
                            "Parallel Aware": false,
                            "Scan Direction": "Forward",
                            "Index Name": "title_pkey",
                            "Relation Name": "title",
                            "Alias": "t",
                            "Startup Cost": 0.43,
                            "Total Cost": 116680.33,
                            "Plan Rows": 1758722,
                            "Plan Width": 21,
                            "Actual Startup Time": 0.047,
                            "Actual Total Time": 1191.298,
                            "Actual Rows": 1748432,
                            "Actual Loops": 2,
                            "Filter": "(production_year > 1990)",
                            "Rows Removed by Filter": 777301
                          },
                          {
                            "Node Type": "Sort",
                            "Parent Relationship": "Inner",
                            "Parallel Aware": false,
                            "Startup Cost": 240510.55,
                            "Total Cost": 240511.64,
                            "Plan Rows": 438,
                            "Plan Width": 4,
                            "Actual Startup Time": 3226.732,
                            "Actual Total Time": 3227.946,
                            "Actual Rows": 12951,
                            "Actual Loops": 2,
                            "Sort Key": [
                              "mk.movie_id"
                            ],
                            "Sort Method": "quicksort",
                            "Sort Space Used": 992,
                            "Sort Space Type": "Memory",
                            "Workers": [
                              {
                                "Worker Number": 0,
                                "Sort Method": "quicksort",
                                "Sort Space Used": 992,
                                "Sort Space Type": "Memory"
                              }
                            ],
                            "Plans": [
                              {
                                "Node Type": "Merge Join",
                                "Parent Relationship": "Outer",
                                "Parallel Aware": false,
                                "Join Type": "Inner",
                                "Startup Cost": 3468.57,
                                "Total Cost": 240491.33,
                                "Plan Rows": 438,
                                "Plan Width": 4,
                                "Actual Startup Time": 398.011,
                                "Actual Total Time": 3224.414,
                                "Actual Rows": 12951,
                                "Actual Loops": 2,
                                "Inner Unique": true,
                                "Merge Cond": "(mk.keyword_id = k.id)",
                                "Plans": [
                                  {
                                    "Node Type": "Index Scan",
                                    "Parent Relationship": "Outer",
                                    "Parallel Aware": false,
                                    "Scan Direction": "Forward",
                                    "Index Name": "keyword_id_movie_keyword",
                                    "Relation Name": "movie_keyword",
                                    "Alias": "mk",
                                    "Startup Cost": 0.43,
                                    "Total Cost": 226550.7,
                                    "Plan Rows": 4523930,
                                    "Plan Width": 8,
                                    "Actual Startup Time": 0.019,
                                    "Actual Total Time": 2921.842,
                                    "Actual Rows": 4518173,
                                    "Actual Loops": 2
                                  },
                                  {
                                    "Node Type": "Sort",
                                    "Parent Relationship": "Inner",
                                    "Parallel Aware": false,
                                    "Startup Cost": 2626.37,
                                    "Total Cost": 2626.4,
                                    "Plan Rows": 13,
                                    "Plan Width": 4,
                                    "Actual Startup Time": 15.046,
                                    "Actual Total Time": 15.059,
                                    "Actual Rows": 30,
                                    "Actual Loops": 2,
                                    "Sort Key": [
                                      "k.id"
                                    ],
                                    "Sort Method": "quicksort",
                                    "Sort Space Used": 26,
                                    "Sort Space Type": "Memory",
                                    "Workers": [
                                      {
                                        "Worker Number": 0,
                                        "Sort Method": "quicksort",
                                        "Sort Space Used": 26,
                                        "Sort Space Type": "Memory"
                                      }
                                    ],
                                    "Plans": [
                                      {
                                        "Node Type": "Seq Scan",
                                        "Parent Relationship": "Outer",
                                        "Parallel Aware": false,
                                        "Relation Name": "keyword",
                                        "Alias": "k",
                                        "Startup Cost": 0.0,
                                        "Total Cost": 2626.12,
                                        "Plan Rows": 13,
                                        "Plan Width": 4,
                                        "Actual Startup Time": 0.798,
                                        "Actual Total Time": 15.031,
                                        "Actual Rows": 30,
                                        "Actual Loops": 2,
                                        "Filter": "(keyword ~~ '%sequel%'::text)",
                                        "Rows Removed by Filter": 134140
                                      }
                                    ]
                                  }
                                ]
                              }
                            ]
                          }
                        ]
                      }
                    ]
                  }
                ]
              }
            ]
          }
        ]
      }
    ]
  },
  "Planning Time": 1.637,
  "Triggers": [],
  "Execution Time": 6185.024
}