{
    "Plan": {
        "Node Type": "Aggregate",
        "Strategy": "Plain",
        "Partial Mode": "Finalize",
        "Parallel Aware": false,
        "Startup Cost": 54035.95,
        "Total Cost": 54035.96,
        "Plan Rows": 1,
        "Plan Width": 8,
        "Actual Startup Time": 1326.046,
        "Actual Total Time": 1362.59,
        "Actual Rows": 1,
        "Actual Loops": 1,
        "Output": [
            "count(*)"
        ],
        "Plans": [
            {
                "Node Type": "Gather",
                "Parent Relationship": "Outer",
                "Parallel Aware": false,
                "Startup Cost": 54035.53,
                "Total Cost": 54035.94,
                "Plan Rows": 4,
                "Plan Width": 8,
                "Actual Startup Time": 1325.454,
                "Actual Total Time": 1362.572,
                "Actual Rows": 5,
                "Actual Loops": 1,
                "Output": [
                    "(PARTIAL count(*))"
                ],
                "Workers Planned": 4,
                "Workers Launched": 4,
                "Single Copy": false,
                "Plans": [
                    {
                        "Node Type": "Aggregate",
                        "Strategy": "Plain",
                        "Partial Mode": "Partial",
                        "Parent Relationship": "Outer",
                        "Parallel Aware": false,
                        "Startup Cost": 53035.53,
                        "Total Cost": 53035.54,
                        "Plan Rows": 1,
                        "Plan Width": 8,
                        "Actual Startup Time": 1314.847,
                        "Actual Total Time": 1314.851,
                        "Actual Rows": 1,
                        "Actual Loops": 5,
                        "Output": [
                            "PARTIAL count(*)"
                        ],
                        "Workers": [
                            {
                                "Worker Number": 0,
                                "Actual Startup Time": 1311.987,
                                "Actual Total Time": 1311.991,
                                "Actual Rows": 1,
                                "Actual Loops": 1
                            },
                            {
                                "Worker Number": 1,
                                "Actual Startup Time": 1312.449,
                                "Actual Total Time": 1312.453,
                                "Actual Rows": 1,
                                "Actual Loops": 1
                            },
                            {
                                "Worker Number": 2,
                                "Actual Startup Time": 1312.401,
                                "Actual Total Time": 1312.406,
                                "Actual Rows": 1,
                                "Actual Loops": 1
                            },
                            {
                                "Worker Number": 3,
                                "Actual Startup Time": 1312.829,
                                "Actual Total Time": 1312.832,
                                "Actual Rows": 1,
                                "Actual Loops": 1
                            }
                        ],
                        "Plans": [
                            {
                                "Node Type": "Nested Loop",
                                "Parent Relationship": "Outer",
                                "Parallel Aware": false,
                                "Join Type": "Inner",
                                "Startup Cost": 0.99,
                                "Total Cost": 53032.15,
                                "Plan Rows": 1353,
                                "Plan Width": 0,
                                "Actual Startup Time": 19.901,
                                "Actual Total Time": 1314.179,
                                "Actual Rows": 1536,
                                "Actual Loops": 5,
                                "Inner Unique": false,
                                "Join Filter": "(t.id = ci.movie_id)",
                                "Rows Removed by Join Filter": 0,
                                "Workers": [
                                    {
                                        "Worker Number": 0,
                                        "Actual Startup Time": 28.524,
                                        "Actual Total Time": 1311.392,
                                        "Actual Rows": 1382,
                                        "Actual Loops": 1
                                    },
                                    {
                                        "Worker Number": 1,
                                        "Actual Startup Time": 3.084,
                                        "Actual Total Time": 1311.749,
                                        "Actual Rows": 1492,
                                        "Actual Loops": 1
                                    },
                                    {
                                        "Worker Number": 2,
                                        "Actual Startup Time": 32.957,
                                        "Actual Total Time": 1311.747,
                                        "Actual Rows": 1364,
                                        "Actual Loops": 1
                                    },
                                    {
                                        "Worker Number": 3,
                                        "Actual Startup Time": 23.668,
                                        "Actual Total Time": 1312.209,
                                        "Actual Rows": 1298,
                                        "Actual Loops": 1
                                    }
                                ],
                                "Plans": [
                                    {
                                        "Node Type": "Nested Loop",
                                        "Parent Relationship": "Outer",
                                        "Parallel Aware": false,
                                        "Join Type": "Inner",
                                        "Startup Cost": 0.43,
                                        "Total Cost": 51924.65,
                                        "Plan Rows": 344,
                                        "Plan Width": 8,
                                        "Actual Startup Time": 12.317,
                                        "Actual Total Time": 1197.148,
                                        "Actual Rows": 531,
                                        "Actual Loops": 5,
                                        "Output": [
                                            "t.id",
                                            "mi_idx.movie_id"
                                        ],
                                        "Inner Unique": false,
                                        "Workers": [
                                            {
                                                "Worker Number": 0,
                                                "Actual Startup Time": 27.562,
                                                "Actual Total Time": 1171.566,
                                                "Actual Rows": 450,
                                                "Actual Loops": 1
                                            },
                                            {
                                                "Worker Number": 1,
                                                "Actual Startup Time": 2.785,
                                                "Actual Total Time": 1183.846,
                                                "Actual Rows": 514,
                                                "Actual Loops": 1
                                            },
                                            {
                                                "Worker Number": 2,
                                                "Actual Startup Time": 1.901,
                                                "Actual Total Time": 1180.388,
                                                "Actual Rows": 488,
                                                "Actual Loops": 1
                                            },
                                            {
                                                "Worker Number": 3,
                                                "Actual Startup Time": 18.098,
                                                "Actual Total Time": 1187.27,
                                                "Actual Rows": 437,
                                                "Actual Loops": 1
                                            }
                                        ],
                                        "Plans": [
                                            {
                                                "Node Type": "Seq Scan",
                                                "Parent Relationship": "Outer",
                                                "Parallel Aware": true,
                                                "Relation Name": "title",
                                                "Schema": "public",
                                                "Alias": "t",
                                                "Startup Cost": 0.0,
                                                "Total Cost": 45479.21,
                                                "Plan Rows": 946,
                                                "Plan Width": 4,
                                                "Actual Startup Time": 2.484,
                                                "Actual Total Time": 151.224,
                                                "Actual Rows": 685,
                                                "Actual Loops": 5,
                                                "Output": [
                                                    "t.id",
                                                    "t.title",
                                                    "t.imdb_index",
                                                    "t.kind_id",
                                                    "t.production_year",
                                                    "t.imdb_id",
                                                    "t.phonetic_code",
                                                    "t.episode_of_id",
                                                    "t.season_nr",
                                                    "t.episode_nr",
                                                    "t.series_years",
                                                    "t.md5sum"
                                                ],
                                                "Filter": "((t.kind_id < 7) AND (t.production_year = 1956))",
                                                "Rows Removed by Filter": 504977,
                                                "Workers": [
                                                    {
                                                        "Worker Number": 0,
                                                        "Actual Startup Time": 5.86,
                                                        "Actual Total Time": 144.749,
                                                        "Actual Rows": 632,
                                                        "Actual Loops": 1
                                                    },
                                                    {
                                                        "Worker Number": 1,
                                                        "Actual Startup Time": 2.042,
                                                        "Actual Total Time": 148.947,
                                                        "Actual Rows": 625,
                                                        "Actual Loops": 1
                                                    },
                                                    {
                                                        "Worker Number": 2,
                                                        "Actual Startup Time": 1.124,
                                                        "Actual Total Time": 145.78,
                                                        "Actual Rows": 669,
                                                        "Actual Loops": 1
                                                    },
                                                    {
                                                        "Worker Number": 3,
                                                        "Actual Startup Time": 3.124,
                                                        "Actual Total Time": 149.138,
                                                        "Actual Rows": 582,
                                                        "Actual Loops": 1
                                                    }
                                                ]
                                            },
                                            {
                                                "Node Type": "Index Scan",
                                                "Parent Relationship": "Inner",
                                                "Parallel Aware": false,
                                                "Scan Direction": "Forward",
                                                "Index Name": "movie_id_movie_info_idx",
                                                "Relation Name": "movie_info_idx",
                                                "Schema": "public",
                                                "Alias": "mi_idx",
                                                "Startup Cost": 0.43,
                                                "Total Cost": 6.79,
                                                "Plan Rows": 2,
                                                "Plan Width": 4,
                                                "Actual Startup Time": 1.523,
                                                "Actual Total Time": 1.523,
                                                "Actual Rows": 1,
                                                "Actual Loops": 3427,
                                                "Output": [
                                                    "mi_idx.id",
                                                    "mi_idx.movie_id",
                                                    "mi_idx.info_type_id",
                                                    "mi_idx.info",
                                                    "mi_idx.note"
                                                ],
                                                "Index Cond": "(mi_idx.movie_id = t.id)",
                                                "Rows Removed by Index Recheck": 0,
                                                "Filter": "(mi_idx.info_type_id > 99)",
                                                "Rows Removed by Filter": 0,
                                                "Workers": [
                                                    {
                                                        "Worker Number": 0,
                                                        "Actual Startup Time": 1.621,
                                                        "Actual Total Time": 1.622,
                                                        "Actual Rows": 1,
                                                        "Actual Loops": 632
                                                    },
                                                    {
                                                        "Worker Number": 1,
                                                        "Actual Startup Time": 1.652,
                                                        "Actual Total Time": 1.653,
                                                        "Actual Rows": 1,
                                                        "Actual Loops": 625
                                                    },
                                                    {
                                                        "Worker Number": 2,
                                                        "Actual Startup Time": 1.543,
                                                        "Actual Total Time": 1.544,
                                                        "Actual Rows": 1,
                                                        "Actual Loops": 669
                                                    },
                                                    {
                                                        "Worker Number": 3,
                                                        "Actual Startup Time": 1.78,
                                                        "Actual Total Time": 1.781,
                                                        "Actual Rows": 1,
                                                        "Actual Loops": 582
                                                    }
                                                ]
                                            }
                                        ]
                                    },
                                    {
                                        "Node Type": "Index Scan",
                                        "Parent Relationship": "Inner",
                                        "Parallel Aware": false,
                                        "Scan Direction": "Forward",
                                        "Index Name": "movie_id_cast_info",
                                        "Relation Name": "cast_info",
                                        "Schema": "public",
                                        "Alias": "ci",
                                        "Startup Cost": 0.56,
                                        "Total Cost": 3.08,
                                        "Plan Rows": 11,
                                        "Plan Width": 4,
                                        "Actual Startup Time": 0.176,
                                        "Actual Total Time": 0.217,
                                        "Actual Rows": 3,
                                        "Actual Loops": 2655,
                                        "Output": [
                                            "ci.id",
                                            "ci.person_id",
                                            "ci.movie_id",
                                            "ci.person_role_id",
                                            "ci.note",
                                            "ci.nr_order",
                                            "ci.role_id"
                                        ],
                                        "Index Cond": "(ci.movie_id = mi_idx.movie_id)",
                                        "Rows Removed by Index Recheck": 0,
                                        "Filter": "((ci.person_id < 1505303) AND (ci.role_id > 1))",
                                        "Rows Removed by Filter": 26,
                                        "Workers": [
                                            {
                                                "Worker Number": 0,
                                                "Actual Startup Time": 0.254,
                                                "Actual Total Time": 0.307,
                                                "Actual Rows": 3,
                                                "Actual Loops": 450
                                            },
                                            {
                                                "Worker Number": 1,
                                                "Actual Startup Time": 0.195,
                                                "Actual Total Time": 0.245,
                                                "Actual Rows": 3,
                                                "Actual Loops": 514
                                            },
                                            {
                                                "Worker Number": 2,
                                                "Actual Startup Time": 0.214,
                                                "Actual Total Time": 0.266,
                                                "Actual Rows": 3,
                                                "Actual Loops": 488
                                            },
                                            {
                                                "Worker Number": 3,
                                                "Actual Startup Time": 0.23,
                                                "Actual Total Time": 0.282,
                                                "Actual Rows": 3,
                                                "Actual Loops": 437
                                            }
                                        ]
                                    }
                                ]
                            }
                        ]
                    }
                ]
            }
        ]
    },
    "Planning Time": 1.652,
    "Triggers": [],
    "Execution Time": 1362.696
}