{
  "Plan": {
    "Node Type": "Aggregate",
    "Strategy": "Plain",
    "Partial Mode": "Finalize",
    "Parallel Aware": false,
    "Startup Cost": 73847.28,
    "Total Cost": 73847.29,
    "Plan Rows": 1,
    "Plan Width": 8,
    "Actual Startup Time": 358.907,
    "Actual Total Time": 368.835,
    "Actual Rows": 1,
    "Actual Loops": 1,
    "Plans": [
      {
        "Node Type": "Gather",
        "Parent Relationship": "Outer",
        "Parallel Aware": false,
        "Startup Cost": 73847.16,
        "Total Cost": 73847.27,
        "Plan Rows": 1,
        "Plan Width": 8,
        "Actual Startup Time": 357.51,
        "Actual Total Time": 368.826,
        "Actual Rows": 2,
        "Actual Loops": 1,
        "Workers Planned": 1,
        "Workers Launched": 1,
        "Single Copy": false,
        "Plans": [
          {
            "Node Type": "Aggregate",
            "Strategy": "Plain",
            "Partial Mode": "Partial",
            "Parent Relationship": "Outer",
            "Parallel Aware": false,
            "Startup Cost": 72847.16,
            "Total Cost": 72847.17,
            "Plan Rows": 1,
            "Plan Width": 8,
            "Actual Startup Time": 351.303,
            "Actual Total Time": 351.309,
            "Actual Rows": 1,
            "Actual Loops": 2,
            "Plans": [
              {
                "Node Type": "Hash Join",
                "Parent Relationship": "Outer",
                "Parallel Aware": true,
                "Join Type": "Inner",
                "Startup Cost": 63121.35,
                "Total Cost": 72733.57,
                "Plan Rows": 45438,
                "Plan Width": 0,
                "Actual Startup Time": 279.044,
                "Actual Total Time": 349.239,
                "Actual Rows": 48890,
                "Actual Loops": 2,
                "Inner Unique": true,
                "Hash Cond": "(ci.movie_id = t.id)",
                "Plans": [
                  {
                    "Node Type": "Index Scan",
                    "Parent Relationship": "Outer",
                    "Parallel Aware": true,
                    "Scan Direction": "Forward",
                    "Index Name": "role_id_cast_info",
                    "Relation Name": "cast_info",
                    "Alias": "ci",
                    "Startup Cost": 0.56,
                    "Total Cost": 9152.21,
                    "Plan Rows": 175457,
                    "Plan Width": 4,
                    "Actual Startup Time": 0.052,
                    "Actual Total Time": 21.661,
                    "Actual Rows": 158059,
                    "Actual Loops": 2,
                    "Index Cond": "(role_id > 10)",
                    "Rows Removed by Index Recheck": 0
                  },
                  {
                    "Node Type": "Hash",
                    "Parent Relationship": "Inner",
                    "Parallel Aware": true,
                    "Startup Cost": 58306.47,
                    "Total Cost": 58306.47,
                    "Plan Rows": 385145,
                    "Plan Width": 4,
                    "Actual Startup Time": 269.646,
                    "Actual Total Time": 269.647,
                    "Actual Rows": 355590,
                    "Actual Loops": 2,
                    "Hash Buckets": 1048576,
                    "Original Hash Buckets": 1048576,
                    "Hash Batches": 1,
                    "Original Hash Batches": 1,
                    "Peak Memory Usage": 36064,
                    "Plans": [
                      {
                        "Node Type": "Seq Scan",
                        "Parent Relationship": "Outer",
                        "Parallel Aware": true,
                        "Relation Name": "title",
                        "Alias": "t",
                        "Startup Cost": 0.0,
                        "Total Cost": 58306.47,
                        "Plan Rows": 385145,
                        "Plan Width": 4,
                        "Actual Startup Time": 0.031,
                        "Actual Total Time": 161.251,
                        "Actual Rows": 355590,
                        "Actual Loops": 2,
                        "Filter": "((kind_id < 7) AND (production_year < 2008))",
                        "Rows Removed by Filter": 908566
                      }
                    ]
                  }
                ]
              }
            ]
          }
        ]
      }
    ]
  },
  "Planning Time": 0.7,
  "Triggers": [],
  "Execution Time": 368.911
}