[
  {
    "Plan": {
      "Node Type": "Aggregate",
      "Strategy": "Plain",
      "Partial Mode": "Finalize",
      "Parallel Aware": false,
      "Startup Cost": 81801.54,
      "Total Cost": 81801.55,
      "Plan Rows": 1,
      "Plan Width": 8,
      "Actual Startup Time": 381.564,
      "Actual Total Time": 398.174,
      "Actual Rows": 1,
      "Actual Loops": 1,
      "Plans": [
        {
          "Node Type": "Gather",
          "Parent Relationship": "Outer",
          "Parallel Aware": false,
          "Startup Cost": 81801.22,
          "Total Cost": 81801.53,
          "Plan Rows": 3,
          "Plan Width": 8,
          "Actual Startup Time": 378.182,
          "Actual Total Time": 398.162,
          "Actual Rows": 4,
          "Actual Loops": 1,
          "Workers Planned": 3,
          "Workers Launched": 3,
          "Single Copy": false,
          "Plans": [
            {
              "Node Type": "Aggregate",
              "Strategy": "Plain",
              "Partial Mode": "Partial",
              "Parent Relationship": "Outer",
              "Parallel Aware": false,
              "Startup Cost": 80801.22,
              "Total Cost": 80801.23,
              "Plan Rows": 1,
              "Plan Width": 8,
              "Actual Startup Time": 369.232,
              "Actual Total Time": 369.236,
              "Actual Rows": 1,
              "Actual Loops": 4,
              "Plans": [
                {
                  "Node Type": "Hash Join",
                  "Parent Relationship": "Outer",
                  "Parallel Aware": true,
                  "Join Type": "Inner",
                  "Startup Cost": 48075.32,
                  "Total Cost": 80488.72,
                  "Plan Rows": 125002,
                  "Plan Width": 0,
                  "Actual Startup Time": 243.209,
                  "Actual Total Time": 365.362,
                  "Actual Rows": 69585,
                  "Actual Loops": 4,
                  "Inner Unique": true,
                  "Hash Cond": "(mc.movie_id = t.id)",
                  "Plans": [
                    {
                      "Node Type": "Seq Scan",
                      "Parent Relationship": "Outer",
                      "Parallel Aware": true,
                      "Relation Name": "movie_companies",
                      "Alias": "mc",
                      "Startup Cost": 0.0,
                      "Total Cost": 31414.82,
                      "Plan Rows": 380409,
                      "Plan Width": 4,
                      "Actual Startup Time": 37.236,
                      "Actual Total Time": 83.574,
                      "Actual Rows": 317394,
                      "Actual Loops": 4,
                      "Filter": "((company_id > 158) AND (company_type_id > 1))",
                      "Rows Removed by Filter": 334888
                    },
                    {
                      "Node Type": "Hash",
                      "Parent Relationship": "Inner",
                      "Parallel Aware": true,
                      "Startup Cost": 45479.1,
                      "Total Cost": 45479.1,
                      "Plan Rows": 207698,
                      "Plan Width": 4,
                      "Actual Startup Time": 200.64,
                      "Actual Total Time": 200.641,
                      "Actual Rows": 187100,
                      "Actual Loops": 4,
                      "Hash Buckets": 1048576,
                      "Original Hash Buckets": 1048576,
                      "Hash Batches": 1,
                      "Original Hash Batches": 1,
                      "Peak Memory Usage": 37536,
                      "Plans": [
                        {
                          "Node Type": "Seq Scan",
                          "Parent Relationship": "Outer",
                          "Parallel Aware": true,
                          "Relation Name": "title",
                          "Alias": "t",
                          "Startup Cost": 0.0,
                          "Total Cost": 45479.1,
                          "Plan Rows": 207698,
                          "Plan Width": 4,
                          "Actual Startup Time": 0.043,
                          "Actual Total Time": 122.946,
                          "Actual Rows": 187100,
                          "Actual Loops": 4,
                          "Filter": "((kind_id > 2) AND (production_year < 2003))",
                          "Rows Removed by Filter": 444978
                        }
                      ]
                    }
                  ]
                }
              ]
            }
          ]
        }
      ]
    },
    "Planning Time": 0.681,
    "Triggers": [],
    "Execution Time": 398.249
  }
]