[
  {
    "Plan": {
      "Node Type": "Aggregate",
      "Strategy": "Plain",
      "Partial Mode": "Finalize",
      "Parallel Aware": false,
      "Startup Cost": 68003.14,
      "Total Cost": 68003.15,
      "Plan Rows": 1,
      "Plan Width": 8,
      "Actual Startup Time": 107.997,
      "Actual Total Time": 117.657,
      "Actual Rows": 1,
      "Actual Loops": 1,
      "Plans": [
        {
          "Node Type": "Gather",
          "Parent Relationship": "Outer",
          "Parallel Aware": false,
          "Startup Cost": 68002.82,
          "Total Cost": 68003.13,
          "Plan Rows": 3,
          "Plan Width": 8,
          "Actual Startup Time": 107.324,
          "Actual Total Time": 117.651,
          "Actual Rows": 4,
          "Actual Loops": 1,
          "Workers Planned": 3,
          "Workers Launched": 3,
          "Single Copy": false,
          "Plans": [
            {
              "Node Type": "Aggregate",
              "Strategy": "Plain",
              "Partial Mode": "Partial",
              "Parent Relationship": "Outer",
              "Parallel Aware": false,
              "Startup Cost": 67002.82,
              "Total Cost": 67002.83,
              "Plan Rows": 1,
              "Plan Width": 8,
              "Actual Startup Time": 100.061,
              "Actual Total Time": 100.065,
              "Actual Rows": 1,
              "Actual Loops": 4,
              "Plans": [
                {
                  "Node Type": "Hash Join",
                  "Parent Relationship": "Outer",
                  "Parallel Aware": true,
                  "Join Type": "Inner",
                  "Startup Cost": 41872.69,
                  "Total Cost": 66997.5,
                  "Plan Rows": 2130,
                  "Plan Width": 0,
                  "Actual Startup Time": 59.638,
                  "Actual Total Time": 99.879,
                  "Actual Rows": 2095,
                  "Actual Loops": 4,
                  "Inner Unique": true,
                  "Hash Cond": "(mk.movie_id = t.id)",
                  "Plans": [
                    {
                      "Node Type": "Bitmap Heap Scan",
                      "Parent Relationship": "Outer",
                      "Parallel Aware": true,
                      "Relation Name": "movie_keyword",
                      "Alias": "mk",
                      "Startup Cost": 2917.97,
                      "Total Cost": 27926.36,
                      "Plan Rows": 44351,
                      "Plan Width": 4,
                      "Actual Startup Time": 13.987,
                      "Actual Total Time": 47.381,
                      "Actual Rows": 33897,
                      "Actual Loops": 4,
                      "Recheck Cond": "(keyword_id > 75581)",
                      "Rows Removed by Index Recheck": 0,
                      "Exact Heap Blocks": 6555,
                      "Lossy Heap Blocks": 0,
                      "Plans": [
                        {
                          "Node Type": "Bitmap Index Scan",
                          "Parent Relationship": "Outer",
                          "Parallel Aware": false,
                          "Index Name": "keyword_id_movie_keyword",
                          "Startup Cost": 0.0,
                          "Total Cost": 2883.6,
                          "Plan Rows": 137489,
                          "Plan Width": 0,
                          "Actual Startup Time": 11.123,
                          "Actual Total Time": 11.124,
                          "Actual Rows": 135589,
                          "Actual Loops": 1,
                          "Index Cond": "(keyword_id > 75581)"
                        }
                      ]
                    },
                    {
                      "Node Type": "Hash",
                      "Parent Relationship": "Inner",
                      "Parallel Aware": true,
                      "Startup Cost": 38575.19,
                      "Total Cost": 38575.19,
                      "Plan Rows": 30362,
                      "Plan Width": 4,
                      "Actual Startup Time": 44.835,
                      "Actual Total Time": 44.836,
                      "Actual Rows": 29558,
                      "Actual Loops": 4,
                      "Hash Buckets": 131072,
                      "Original Hash Buckets": 131072,
                      "Hash Batches": 1,
                      "Original Hash Batches": 1,
                      "Peak Memory Usage": 5760,
                      "Plans": [
                        {
                          "Node Type": "Bitmap Heap Scan",
                          "Parent Relationship": "Outer",
                          "Parallel Aware": true,
                          "Relation Name": "title",
                          "Alias": "t",
                          "Startup Cost": 2197.66,
                          "Total Cost": 38575.19,
                          "Plan Rows": 30362,
                          "Plan Width": 4,
                          "Actual Startup Time": 4.767,
                          "Actual Total Time": 34.566,
                          "Actual Rows": 29558,
                          "Actual Loops": 4,
                          "Recheck Cond": "(kind_id = 4)",
                          "Rows Removed by Index Recheck": 0,
                          "Exact Heap Blocks": 5750,
                          "Lossy Heap Blocks": 0,
                          "Plans": [
                            {
                              "Node Type": "Bitmap Index Scan",
                              "Parent Relationship": "Outer",
                              "Parallel Aware": false,
                              "Index Name": "kind_id_title",
                              "Startup Cost": 0.0,
                              "Total Cost": 2167.3,
                              "Plan Rows": 121449,
                              "Plan Width": 0,
                              "Actual Startup Time": 7.758,
                              "Actual Total Time": 7.758,
                              "Actual Rows": 118234,
                              "Actual Loops": 1,
                              "Index Cond": "(kind_id = 4)"
                            }
                          ]
                        }
                      ]
                    }
                  ]
                }
              ]
            }
          ]
        }
      ]
    },
    "Planning Time": 0.28,
    "Triggers": [],
    "Execution Time": 117.709
  }
]