[
  {
    "Plan": {
      "Node Type": "Aggregate",
      "Strategy": "Plain",
      "Partial Mode": "Finalize",
      "Parallel Aware": false,
      "Startup Cost": 33353.59,
      "Total Cost": 33353.6,
      "Plan Rows": 1,
      "Plan Width": 8,
      "Actual Startup Time": 108.41,
      "Actual Total Time": 116.239,
      "Actual Rows": 1,
      "Actual Loops": 1,
      "Plans": [
        {
          "Node Type": "Gather",
          "Parent Relationship": "Outer",
          "Parallel Aware": false,
          "Startup Cost": 33353.28,
          "Total Cost": 33353.59,
          "Plan Rows": 3,
          "Plan Width": 8,
          "Actual Startup Time": 108.193,
          "Actual Total Time": 116.231,
          "Actual Rows": 4,
          "Actual Loops": 1,
          "Workers Planned": 3,
          "Workers Launched": 3,
          "Single Copy": false,
          "Plans": [
            {
              "Node Type": "Aggregate",
              "Strategy": "Plain",
              "Partial Mode": "Partial",
              "Parent Relationship": "Outer",
              "Parallel Aware": false,
              "Startup Cost": 32353.28,
              "Total Cost": 32353.29,
              "Plan Rows": 1,
              "Plan Width": 8,
              "Actual Startup Time": 100.628,
              "Actual Total Time": 100.629,
              "Actual Rows": 1,
              "Actual Loops": 4,
              "Plans": [
                {
                  "Node Type": "Seq Scan",
                  "Parent Relationship": "Outer",
                  "Parallel Aware": true,
                  "Relation Name": "movie_companies",
                  "Alias": "mc",
                  "Startup Cost": 0.0,
                  "Total Cost": 31414.82,
                  "Plan Rows": 375383,
                  "Plan Width": 0,
                  "Actual Startup Time": 52.224,
                  "Actual Total Time": 89.767,
                  "Actual Rows": 254901,
                  "Actual Loops": 4,
                  "Filter": "((company_id < 91986) AND (company_type_id = 2))",
                  "Rows Removed by Filter": 397381
                }
              ]
            }
          ]
        }
      ]
    },
    "Planning Time": 0.215,
    "Triggers": [],
    "Execution Time": 116.301
  }
]