[
  {
    "Plan": {
      "Node Type": "Aggregate",
      "Strategy": "Plain",
      "Partial Mode": "Finalize",
      "Parallel Aware": false,
      "Startup Cost": 290505.88,
      "Total Cost": 290505.89,
      "Plan Rows": 1,
      "Plan Width": 8,
      "Actual Startup Time": 1029.02,
      "Actual Total Time": 1079.538,
      "Actual Rows": 1,
      "Actual Loops": 1,
      "Plans": [
        {
          "Node Type": "Gather",
          "Parent Relationship": "Outer",
          "Parallel Aware": false,
          "Startup Cost": 290505.36,
          "Total Cost": 290505.87,
          "Plan Rows": 5,
          "Plan Width": 8,
          "Actual Startup Time": 1020.844,
          "Actual Total Time": 1079.527,
          "Actual Rows": 6,
          "Actual Loops": 1,
          "Workers Planned": 5,
          "Workers Launched": 5,
          "Single Copy": false,
          "Plans": [
            {
              "Node Type": "Aggregate",
              "Strategy": "Plain",
              "Partial Mode": "Partial",
              "Parent Relationship": "Outer",
              "Parallel Aware": false,
              "Startup Cost": 289505.36,
              "Total Cost": 289505.37,
              "Plan Rows": 1,
              "Plan Width": 8,
              "Actual Startup Time": 1009.036,
              "Actual Total Time": 1009.043,
              "Actual Rows": 1,
              "Actual Loops": 6,
              "Plans": [
                {
                  "Node Type": "Hash Join",
                  "Parent Relationship": "Outer",
                  "Parallel Aware": true,
                  "Join Type": "Inner",
                  "Startup Cost": 81116.41,
                  "Total Cost": 288514.41,
                  "Plan Rows": 396380,
                  "Plan Width": 0,
                  "Actual Startup Time": 381.176,
                  "Actual Total Time": 990.298,
                  "Actual Rows": 327589,
                  "Actual Loops": 6,
                  "Inner Unique": false,
                  "Hash Cond": "(mi.movie_id = t.id)",
                  "Plans": [
                    {
                      "Node Type": "Seq Scan",
                      "Parent Relationship": "Outer",
                      "Parallel Aware": true,
                      "Relation Name": "movie_info",
                      "Alias": "mi",
                      "Startup Cost": 0.0,
                      "Total Cost": 199108.24,
                      "Plan Rows": 1869633,
                      "Plan Width": 4,
                      "Actual Startup Time": 18.592,
                      "Actual Total Time": 387.153,
                      "Actual Rows": 1570867,
                      "Actual Loops": 6,
                      "Filter": "(info_type_id > 5)",
                      "Rows Removed by Filter": 901753
                    },
                    {
                      "Node Type": "Hash",
                      "Parent Relationship": "Inner",
                      "Parallel Aware": true,
                      "Startup Cost": 78954.92,
                      "Total Cost": 78954.92,
                      "Plan Rows": 172919,
                      "Plan Width": 8,
                      "Actual Startup Time": 359.51,
                      "Actual Total Time": 359.516,
                      "Actual Rows": 44826,
                      "Actual Loops": 6,
                      "Hash Buckets": 1048576,
                      "Original Hash Buckets": 1048576,
                      "Hash Batches": 1,
                      "Original Hash Batches": 1,
                      "Peak Memory Usage": 18784,
                      "Plans": [
                        {
                          "Node Type": "Hash Join",
                          "Parent Relationship": "Outer",
                          "Parallel Aware": true,
                          "Join Type": "Inner",
                          "Startup Cost": 48427.69,
                          "Total Cost": 78954.92,
                          "Plan Rows": 172919,
                          "Plan Width": 8,
                          "Actual Startup Time": 200.504,
                          "Actual Total Time": 336.646,
                          "Actual Rows": 44826,
                          "Actual Loops": 6,
                          "Inner Unique": true,
                          "Hash Cond": "(mc.movie_id = t.id)",
                          "Plans": [
                            {
                              "Node Type": "Seq Scan",
                              "Parent Relationship": "Outer",
                              "Parallel Aware": true,
                              "Relation Name": "movie_companies",
                              "Alias": "mc",
                              "Startup Cost": 0.0,
                              "Total Cost": 29310.68,
                              "Plan Rows": 463448,
                              "Plan Width": 4,
                              "Actual Startup Time": 0.017,
                              "Actual Total Time": 60.569,
                              "Actual Rows": 240892,
                              "Actual Loops": 6,
                              "Filter": "(company_id < 12927)",
                              "Rows Removed by Filter": 193963
                            },
                            {
                              "Node Type": "Hash",
                              "Parent Relationship": "Inner",
                              "Parallel Aware": true,
                              "Startup Cost": 45479.59,
                              "Total Cost": 45479.59,
                              "Plan Rows": 235848,
                              "Plan Width": 4,
                              "Actual Startup Time": 198.677,
                              "Actual Total Time": 198.678,
                              "Actual Rows": 170701,
                              "Actual Loops": 6,
                              "Hash Buckets": 1048576,
                              "Original Hash Buckets": 1048576,
                              "Hash Batches": 1,
                              "Original Hash Batches": 1,
                              "Peak Memory Usage": 48352,
                              "Plans": [
                                {
                                  "Node Type": "Seq Scan",
                                  "Parent Relationship": "Outer",
                                  "Parallel Aware": true,
                                  "Relation Name": "title",
                                  "Alias": "t",
                                  "Startup Cost": 0.0,
                                  "Total Cost": 45479.59,
                                  "Plan Rows": 235848,
                                  "Plan Width": 4,
                                  "Actual Startup Time": 0.069,
                                  "Actual Total Time": 107.575,
                                  "Actual Rows": 170701,
                                  "Actual Loops": 6,
                                  "Filter": "((production_year > 1997) AND (kind_id = 7))",
                                  "Rows Removed by Filter": 250684
                                }
                              ]
                            }
                          ]
                        }
                      ]
                    }
                  ]
                }
              ]
            }
          ]
        }
      ]
    },
    "Planning Time": 0.862,
    "Triggers": [],
    "Execution Time": 1079.608
  }
]