{
  "Plan": {
    "Node Type": "Aggregate",
    "Strategy": "Plain",
    "Partial Mode": "Finalize",
    "Parallel Aware": false,
    "Startup Cost": 407305.82,
    "Total Cost": 407305.83,
    "Plan Rows": 1,
    "Plan Width": 8,
    "Actual Startup Time": 936.741,
    "Actual Total Time": 955.652,
    "Actual Rows": 1,
    "Actual Loops": 1,
    "Plans": [
      {
        "Node Type": "Gather",
        "Parent Relationship": "Outer",
        "Parallel Aware": false,
        "Startup Cost": 407305.71,
        "Total Cost": 407305.82,
        "Plan Rows": 1,
        "Plan Width": 8,
        "Actual Startup Time": 932.735,
        "Actual Total Time": 955.646,
        "Actual Rows": 2,
        "Actual Loops": 1,
        "Workers Planned": 1,
        "Workers Launched": 1,
        "Single Copy": false,
        "Plans": [
          {
            "Node Type": "Aggregate",
            "Strategy": "Plain",
            "Partial Mode": "Partial",
            "Parent Relationship": "Outer",
            "Parallel Aware": false,
            "Startup Cost": 406305.71,
            "Total Cost": 406305.72,
            "Plan Rows": 1,
            "Plan Width": 8,
            "Actual Startup Time": 920.962,
            "Actual Total Time": 920.966,
            "Actual Rows": 1,
            "Actual Loops": 2,
            "Plans": [
              {
                "Node Type": "Hash Join",
                "Parent Relationship": "Outer",
                "Parallel Aware": true,
                "Join Type": "Inner",
                "Startup Cost": 125908.72,
                "Total Cost": 403831.92,
                "Plan Rows": 989514,
                "Plan Width": 0,
                "Actual Startup Time": 695.908,
                "Actual Total Time": 905.523,
                "Actual Rows": 368402,
                "Actual Loops": 2,
                "Inner Unique": true,
                "Hash Cond": "(ci.movie_id = t.id)",
                "Plans": [
                  {
                    "Node Type": "Bitmap Heap Scan",
                    "Parent Relationship": "Outer",
                    "Parallel Aware": true,
                    "Relation Name": "cast_info",
                    "Alias": "ci",
                    "Startup Cost": 56448.02,
                    "Total Cost": 331773.75,
                    "Plan Rows": 989514,
                    "Plan Width": 4,
                    "Actual Startup Time": 187.991,
                    "Actual Total Time": 247.104,
                    "Actual Rows": 368402,
                    "Actual Loops": 2,
                    "Recheck Cond": "(person_id < 250934)",
                    "Rows Removed by Index Recheck": 0,
                    "Filter": "(role_id > 1)",
                    "Rows Removed by Filter": 936653,
                    "Exact Heap Blocks": 15234,
                    "Lossy Heap Blocks": 0,
                    "Plans": [
                      {
                        "Node Type": "Bitmap Index Scan",
                        "Parent Relationship": "Outer",
                        "Parallel Aware": false,
                        "Index Name": "person_id_cast_info",
                        "Startup Cost": 0.0,
                        "Total Cost": 56027.48,
                        "Plan Rows": 2565722,
                        "Plan Width": 0,
                        "Actual Startup Time": 93.734,
                        "Actual Total Time": 93.735,
                        "Actual Rows": 2610111,
                        "Actual Loops": 1,
                        "Index Cond": "(person_id < 250934)"
                      }
                    ]
                  },
                  {
                    "Node Type": "Hash",
                    "Parent Relationship": "Inner",
                    "Parallel Aware": true,
                    "Startup Cost": 50870.31,
                    "Total Cost": 50870.31,
                    "Plan Rows": 1487231,
                    "Plan Width": 4,
                    "Actual Startup Time": 487.201,
                    "Actual Total Time": 487.202,
                    "Actual Rows": 1264156,
                    "Actual Loops": 2,
                    "Hash Buckets": 4194304,
                    "Original Hash Buckets": 4194304,
                    "Hash Batches": 1,
                    "Original Hash Batches": 1,
                    "Peak Memory Usage": 131680,
                    "Plans": [
                      {
                        "Node Type": "Seq Scan",
                        "Parent Relationship": "Outer",
                        "Parallel Aware": true,
                        "Relation Name": "title",
                        "Alias": "t",
                        "Startup Cost": 0.0,
                        "Total Cost": 50870.31,
                        "Plan Rows": 1487231,
                        "Plan Width": 4,
                        "Actual Startup Time": 0.025,
                        "Actual Total Time": 145.523,
                        "Actual Rows": 1264156,
                        "Actual Loops": 2
                      }
                    ]
                  }
                ]
              }
            ]
          }
        ]
      }
    ]
  },
  "Planning Time": 0.632,
  "Triggers": [],
  "Execution Time": 955.743
}