{
  "Plan": {
    "Node Type": "Aggregate",
    "Strategy": "Plain",
    "Partial Mode": "Finalize",
    "Parallel Aware": false,
    "Startup Cost": 657692.38,
    "Total Cost": 657692.39,
    "Plan Rows": 1,
    "Plan Width": 8,
    "Actual Startup Time": 8552.305,
    "Actual Total Time": 8581.354,
    "Actual Rows": 1,
    "Actual Loops": 1,
    "Plans": [
      {
        "Node Type": "Gather",
        "Parent Relationship": "Outer",
        "Parallel Aware": false,
        "Startup Cost": 657692.27,
        "Total Cost": 657692.38,
        "Plan Rows": 1,
        "Plan Width": 8,
        "Actual Startup Time": 8544.702,
        "Actual Total Time": 8581.347,
        "Actual Rows": 2,
        "Actual Loops": 1,
        "Workers Planned": 1,
        "Workers Launched": 1,
        "Single Copy": false,
        "Plans": [
          {
            "Node Type": "Aggregate",
            "Strategy": "Plain",
            "Partial Mode": "Partial",
            "Parent Relationship": "Outer",
            "Parallel Aware": false,
            "Startup Cost": 656692.27,
            "Total Cost": 656692.28,
            "Plan Rows": 1,
            "Plan Width": 8,
            "Actual Startup Time": 8538.395,
            "Actual Total Time": 8538.399,
            "Actual Rows": 1,
            "Actual Loops": 2,
            "Plans": [
              {
                "Node Type": "Merge Join",
                "Parent Relationship": "Outer",
                "Parallel Aware": false,
                "Join Type": "Inner",
                "Startup Cost": 469819.33,
                "Total Cost": 654476.26,
                "Plan Rows": 886403,
                "Plan Width": 0,
                "Actual Startup Time": 4677.113,
                "Actual Total Time": 7776.628,
                "Actual Rows": 18317785,
                "Actual Loops": 2,
                "Inner Unique": false,
                "Merge Cond": "(mk.movie_id = t.id)",
                "Plans": [
                  {
                    "Node Type": "Index Scan",
                    "Parent Relationship": "Outer",
                    "Parallel Aware": true,
                    "Scan Direction": "Forward",
                    "Index Name": "movie_id_movie_keyword",
                    "Relation Name": "movie_keyword",
                    "Alias": "mk",
                    "Startup Cost": 0.43,
                    "Total Cost": 165212.95,
                    "Plan Rows": 2140324,
                    "Plan Width": 4,
                    "Actual Startup Time": 0.26,
                    "Actual Total Time": 390.779,
                    "Actual Rows": 1811264,
                    "Actual Loops": 2,
                    "Filter": "(keyword_id > 851)",
                    "Rows Removed by Filter": 450701
                  },
                  {
                    "Node Type": "Sort",
                    "Parent Relationship": "Inner",
                    "Parallel Aware": false,
                    "Startup Cost": 469818.32,
                    "Total Cost": 472436.01,
                    "Plan Rows": 1047078,
                    "Plan Width": 8,
                    "Actual Startup Time": 4590.501,
                    "Actual Total Time": 5563.343,
                    "Actual Rows": 19491314,
                    "Actual Loops": 2,
                    "Sort Key": [
                      "t.id"
                    ],
                    "Sort Method": "quicksort",
                    "Sort Space Used": 124504,
                    "Sort Space Type": "Memory",
                    "Workers": [
                      {
                        "Worker Number": 0,
                        "Sort Method": "quicksort",
                        "Sort Space Used": 124504,
                        "Sort Space Type": "Memory"
                      }
                    ],
                    "Plans": [
                      {
                        "Node Type": "Hash Join",
                        "Parent Relationship": "Outer",
                        "Parallel Aware": false,
                        "Join Type": "Inner",
                        "Startup Cost": 64568.63,
                        "Total Cost": 365121.32,
                        "Plan Rows": 1047078,
                        "Plan Width": 8,
                        "Actual Startup Time": 429.661,
                        "Actual Total Time": 4071.948,
                        "Actual Rows": 1607503,
                        "Actual Loops": 2,
                        "Inner Unique": true,
                        "Hash Cond": "(ci.movie_id = t.id)",
                        "Plans": [
                          {
                            "Node Type": "Index Scan",
                            "Parent Relationship": "Outer",
                            "Parallel Aware": false,
                            "Scan Direction": "Forward",
                            "Index Name": "role_id_cast_info",
                            "Relation Name": "cast_info",
                            "Alias": "ci",
                            "Startup Cost": 0.56,
                            "Total Cost": 290075.8,
                            "Plan Rows": 3991400,
                            "Plan Width": 4,
                            "Actual Startup Time": 0.218,
                            "Actual Total Time": 1462.39,
                            "Actual Rows": 5916997,
                            "Actual Loops": 2,
                            "Index Cond": "(role_id > 6)",
                            "Rows Removed by Index Recheck": 0,
                            "Filter": "(person_id > 1751350)",
                            "Rows Removed by Filter": 1795643
                          },
                          {
                            "Node Type": "Hash",
                            "Parent Relationship": "Inner",
                            "Parallel Aware": false,
                            "Startup Cost": 56277.36,
                            "Total Cost": 56277.36,
                            "Plan Rows": 663256,
                            "Plan Width": 4,
                            "Actual Startup Time": 421.998,
                            "Actual Total Time": 422.0,
                            "Actual Rows": 662825,
                            "Actual Loops": 2,
                            "Hash Buckets": 1048576,
                            "Original Hash Buckets": 1048576,
                            "Hash Batches": 1,
                            "Original Hash Batches": 1,
                            "Peak Memory Usage": 31495,
                            "Plans": [
                              {
                                "Node Type": "Bitmap Heap Scan",
                                "Parent Relationship": "Outer",
                                "Parallel Aware": false,
                                "Relation Name": "title",
                                "Alias": "t",
                                "Startup Cost": 11988.66,
                                "Total Cost": 56277.36,
                                "Plan Rows": 663256,
                                "Plan Width": 4,
                                "Actual Startup Time": 40.547,
                                "Actual Total Time": 204.187,
                                "Actual Rows": 662825,
                                "Actual Loops": 2,
                                "Recheck Cond": "(kind_id = 1)",
                                "Rows Removed by Index Recheck": 0,
                                "Exact Heap Blocks": 12863,
                                "Lossy Heap Blocks": 0,
                                "Plans": [
                                  {
                                    "Node Type": "Bitmap Index Scan",
                                    "Parent Relationship": "Outer",
                                    "Parallel Aware": false,
                                    "Index Name": "kind_id_title",
                                    "Startup Cost": 0.0,
                                    "Total Cost": 11822.85,
                                    "Plan Rows": 663256,
                                    "Plan Width": 0,
                                    "Actual Startup Time": 38.167,
                                    "Actual Total Time": 38.167,
                                    "Actual Rows": 662825,
                                    "Actual Loops": 2,
                                    "Index Cond": "(kind_id = 1)"
                                  }
                                ]
                              }
                            ]
                          }
                        ]
                      }
                    ]
                  }
                ]
              }
            ]
          }
        ]
      }
    ]
  },
  "Planning Time": 0.824,
  "Triggers": [],
  "Execution Time": 8587.931
}