[
  {
    "Plan": {
      "Node Type": "Aggregate",
      "Strategy": "Plain",
      "Partial Mode": "Finalize",
      "Parallel Aware": false,
      "Startup Cost": 116050.44,
      "Total Cost": 116050.45,
      "Plan Rows": 1,
      "Plan Width": 8,
      "Actual Startup Time": 344.163,
      "Actual Total Time": 377.309,
      "Actual Rows": 1,
      "Actual Loops": 1,
      "Plans": [
        {
          "Node Type": "Gather",
          "Parent Relationship": "Outer",
          "Parallel Aware": false,
          "Startup Cost": 116050.02,
          "Total Cost": 116050.43,
          "Plan Rows": 4,
          "Plan Width": 8,
          "Actual Startup Time": 342.696,
          "Actual Total Time": 377.297,
          "Actual Rows": 5,
          "Actual Loops": 1,
          "Workers Planned": 4,
          "Workers Launched": 4,
          "Single Copy": false,
          "Plans": [
            {
              "Node Type": "Aggregate",
              "Strategy": "Plain",
              "Partial Mode": "Partial",
              "Parent Relationship": "Outer",
              "Parallel Aware": false,
              "Startup Cost": 115050.02,
              "Total Cost": 115050.03,
              "Plan Rows": 1,
              "Plan Width": 8,
              "Actual Startup Time": 332.228,
              "Actual Total Time": 332.231,
              "Actual Rows": 1,
              "Actual Loops": 5,
              "Plans": [
                {
                  "Node Type": "Nested Loop",
                  "Parent Relationship": "Outer",
                  "Parallel Aware": false,
                  "Join Type": "Inner",
                  "Startup Cost": 32094.1,
                  "Total Cost": 114983.44,
                  "Plan Rows": 26632,
                  "Plan Width": 0,
                  "Actual Startup Time": 105.619,
                  "Actual Total Time": 330.476,
                  "Actual Rows": 21563,
                  "Actual Loops": 5,
                  "Inner Unique": false,
                  "Plans": [
                    {
                      "Node Type": "Hash Join",
                      "Parent Relationship": "Outer",
                      "Parallel Aware": true,
                      "Join Type": "Inner",
                      "Startup Cost": 32093.67,
                      "Total Cost": 78215.32,
                      "Plan Rows": 11386,
                      "Plan Width": 8,
                      "Actual Startup Time": 105.548,
                      "Actual Total Time": 198.25,
                      "Actual Rows": 8085,
                      "Actual Loops": 5,
                      "Inner Unique": false,
                      "Hash Cond": "(t.id = mc.movie_id)",
                      "Plans": [
                        {
                          "Node Type": "Seq Scan",
                          "Parent Relationship": "Outer",
                          "Parallel Aware": true,
                          "Relation Name": "title",
                          "Alias": "t",
                          "Startup Cost": 0.0,
                          "Total Cost": 45479.1,
                          "Plan Rows": 121166,
                          "Plan Width": 4,
                          "Actual Startup Time": 0.013,
                          "Actual Total Time": 71.84,
                          "Actual Rows": 70442,
                          "Actual Loops": 5,
                          "Filter": "((kind_id > 1) AND (production_year < 1989))",
                          "Rows Removed by Filter": 435221
                        },
                        {
                          "Node Type": "Hash",
                          "Parent Relationship": "Inner",
                          "Parallel Aware": true,
                          "Startup Cost": 31135.64,
                          "Total Cost": 31135.64,
                          "Plan Rows": 76642,
                          "Plan Width": 4,
                          "Actual Startup Time": 103.571,
                          "Actual Total Time": 103.573,
                          "Actual Rows": 23458,
                          "Actual Loops": 5,
                          "Hash Buckets": 262144,
                          "Original Hash Buckets": 262144,
                          "Hash Batches": 1,
                          "Original Hash Batches": 1,
                          "Peak Memory Usage": 6720,
                          "Plans": [
                            {
                              "Node Type": "Bitmap Heap Scan",
                              "Parent Relationship": "Outer",
                              "Parallel Aware": true,
                              "Relation Name": "movie_companies",
                              "Alias": "mc",
                              "Startup Cost": 10081.4,
                              "Total Cost": 31135.64,
                              "Plan Rows": 76642,
                              "Plan Width": 4,
                              "Actual Startup Time": 81.204,
                              "Actual Total Time": 95.155,
                              "Actual Rows": 23458,
                              "Actual Loops": 5,
                              "Recheck Cond": "(company_id < 398)",
                              "Rows Removed by Index Recheck": 0,
                              "Filter": "(company_type_id = 2)",
                              "Rows Removed by Filter": 69229,
                              "Exact Heap Blocks": 5972,
                              "Lossy Heap Blocks": 0,
                              "Plans": [
                                {
                                  "Node Type": "Bitmap Index Scan",
                                  "Parent Relationship": "Outer",
                                  "Parallel Aware": false,
                                  "Index Name": "company_id_movie_companies",
                                  "Startup Cost": 0.0,
                                  "Total Cost": 10022.0,
                                  "Plan Rows": 467943,
                                  "Plan Width": 0,
                                  "Actual Startup Time": 36.236,
                                  "Actual Total Time": 36.236,
                                  "Actual Rows": 463436,
                                  "Actual Loops": 1,
                                  "Index Cond": "(company_id < 398)"
                                }
                              ]
                            }
                          ]
                        }
                      ]
                    },
                    {
                      "Node Type": "Index Scan",
                      "Parent Relationship": "Inner",
                      "Parallel Aware": false,
                      "Scan Direction": "Forward",
                      "Index Name": "movie_id_movie_info",
                      "Relation Name": "movie_info",
                      "Alias": "mi",
                      "Startup Cost": 0.43,
                      "Total Cost": 3.06,
                      "Plan Rows": 17,
                      "Plan Width": 4,
                      "Actual Startup Time": 0.009,
                      "Actual Total Time": 0.016,
                      "Actual Rows": 3,
                      "Actual Loops": 40426,
                      "Index Cond": "(movie_id = t.id)",
                      "Rows Removed by Index Recheck": 0,
                      "Filter": "(info_type_id > 13)",
                      "Rows Removed by Filter": 6
                    }
                  ]
                }
              ]
            }
          ]
        }
      ]
    },
    "Planning Time": 1.487,
    "Triggers": [],
    "Execution Time": 377.427
  }
]