[
  {
    "Plan": {
      "Node Type": "Aggregate",
      "Strategy": "Plain",
      "Partial Mode": "Finalize",
      "Parallel Aware": false,
      "Startup Cost": 96046.73,
      "Total Cost": 96046.74,
      "Plan Rows": 1,
      "Plan Width": 8,
      "Actual Startup Time": 413.73,
      "Actual Total Time": 428.571,
      "Actual Rows": 1,
      "Actual Loops": 1,
      "Plans": [
        {
          "Node Type": "Gather",
          "Parent Relationship": "Outer",
          "Parallel Aware": false,
          "Startup Cost": 96046.41,
          "Total Cost": 96046.72,
          "Plan Rows": 3,
          "Plan Width": 8,
          "Actual Startup Time": 404.366,
          "Actual Total Time": 428.565,
          "Actual Rows": 4,
          "Actual Loops": 1,
          "Workers Planned": 3,
          "Workers Launched": 3,
          "Single Copy": false,
          "Plans": [
            {
              "Node Type": "Aggregate",
              "Strategy": "Plain",
              "Partial Mode": "Partial",
              "Parent Relationship": "Outer",
              "Parallel Aware": false,
              "Startup Cost": 95046.41,
              "Total Cost": 95046.42,
              "Plan Rows": 1,
              "Plan Width": 8,
              "Actual Startup Time": 397.119,
              "Actual Total Time": 397.122,
              "Actual Rows": 1,
              "Actual Loops": 4,
              "Plans": [
                {
                  "Node Type": "Hash Join",
                  "Parent Relationship": "Outer",
                  "Parallel Aware": true,
                  "Join Type": "Inner",
                  "Startup Cost": 50249.26,
                  "Total Cost": 94279.27,
                  "Plan Rows": 306854,
                  "Plan Width": 0,
                  "Actual Startup Time": 240.503,
                  "Actual Total Time": 391.507,
                  "Actual Rows": 133740,
                  "Actual Loops": 4,
                  "Inner Unique": true,
                  "Hash Cond": "(mk.movie_id = t.id)",
                  "Plans": [
                    {
                      "Node Type": "Seq Scan",
                      "Parent Relationship": "Outer",
                      "Parallel Aware": true,
                      "Relation Name": "movie_keyword",
                      "Alias": "mk",
                      "Startup Cost": 0.0,
                      "Total Cost": 42695.65,
                      "Plan Rows": 508327,
                      "Plan Width": 4,
                      "Actual Startup Time": 0.581,
                      "Actual Total Time": 90.813,
                      "Actual Rows": 392326,
                      "Actual Loops": 4,
                      "Filter": "(keyword_id > 9985)",
                      "Rows Removed by Filter": 738656
                    },
                    {
                      "Node Type": "Hash",
                      "Parent Relationship": "Inner",
                      "Parallel Aware": true,
                      "Startup Cost": 45479.59,
                      "Total Cost": 45479.59,
                      "Plan Rows": 381574,
                      "Plan Width": 4,
                      "Actual Startup Time": 235.704,
                      "Actual Total Time": 235.705,
                      "Actual Rows": 376808,
                      "Actual Loops": 4,
                      "Hash Buckets": 2097152,
                      "Original Hash Buckets": 2097152,
                      "Hash Batches": 1,
                      "Original Hash Batches": 1,
                      "Peak Memory Usage": 75424,
                      "Plans": [
                        {
                          "Node Type": "Seq Scan",
                          "Parent Relationship": "Outer",
                          "Parallel Aware": true,
                          "Relation Name": "title",
                          "Alias": "t",
                          "Startup Cost": 0.0,
                          "Total Cost": 45479.59,
                          "Plan Rows": 381574,
                          "Plan Width": 4,
                          "Actual Startup Time": 0.031,
                          "Actual Total Time": 104.829,
                          "Actual Rows": 376808,
                          "Actual Loops": 4,
                          "Filter": "((kind_id > 1) AND (production_year < 2011))",
                          "Rows Removed by Filter": 255270
                        }
                      ]
                    }
                  ]
                }
              ]
            }
          ]
        }
      ]
    },
    "Planning Time": 0.283,
    "Triggers": [],
    "Execution Time": 428.606
  }
]