[
  {
    "Plan": {
      "Node Type": "Aggregate",
      "Strategy": "Plain",
      "Partial Mode": "Finalize",
      "Parallel Aware": false,
      "Startup Cost": 119748.33,
      "Total Cost": 119748.34,
      "Plan Rows": 1,
      "Plan Width": 8,
      "Actual Startup Time": 462.171,
      "Actual Total Time": 486.583,
      "Actual Rows": 1,
      "Actual Loops": 1,
      "Plans": [
        {
          "Node Type": "Gather",
          "Parent Relationship": "Outer",
          "Parallel Aware": false,
          "Startup Cost": 119748.01,
          "Total Cost": 119748.32,
          "Plan Rows": 3,
          "Plan Width": 8,
          "Actual Startup Time": 461.287,
          "Actual Total Time": 486.573,
          "Actual Rows": 4,
          "Actual Loops": 1,
          "Workers Planned": 3,
          "Workers Launched": 3,
          "Single Copy": false,
          "Plans": [
            {
              "Node Type": "Aggregate",
              "Strategy": "Plain",
              "Partial Mode": "Partial",
              "Parent Relationship": "Outer",
              "Parallel Aware": false,
              "Startup Cost": 118748.01,
              "Total Cost": 118748.02,
              "Plan Rows": 1,
              "Plan Width": 8,
              "Actual Startup Time": 451.96,
              "Actual Total Time": 452.036,
              "Actual Rows": 1,
              "Actual Loops": 4,
              "Plans": [
                {
                  "Node Type": "Hash Join",
                  "Parent Relationship": "Outer",
                  "Parallel Aware": true,
                  "Join Type": "Inner",
                  "Startup Cost": 87986.36,
                  "Total Cost": 118573.84,
                  "Plan Rows": 69668,
                  "Plan Width": 0,
                  "Actual Startup Time": 335.61,
                  "Actual Total Time": 447.045,
                  "Actual Rows": 110952,
                  "Actual Loops": 4,
                  "Inner Unique": false,
                  "Hash Cond": "(mc.movie_id = t.id)",
                  "Plans": [
                    {
                      "Node Type": "Seq Scan",
                      "Parent Relationship": "Outer",
                      "Parallel Aware": true,
                      "Relation Name": "movie_companies",
                      "Alias": "mc",
                      "Startup Cost": 0.0,
                      "Total Cost": 27206.55,
                      "Plan Rows": 841655,
                      "Plan Width": 4,
                      "Actual Startup Time": 0.02,
                      "Actual Total Time": 60.377,
                      "Actual Rows": 652282,
                      "Actual Loops": 4
                    },
                    {
                      "Node Type": "Hash",
                      "Parent Relationship": "Inner",
                      "Parallel Aware": true,
                      "Startup Cost": 87142.5,
                      "Total Cost": 87142.5,
                      "Plan Rows": 67509,
                      "Plan Width": 8,
                      "Actual Startup Time": 309.564,
                      "Actual Total Time": 309.638,
                      "Actual Rows": 28772,
                      "Actual Loops": 4,
                      "Hash Buckets": 262144,
                      "Original Hash Buckets": 262144,
                      "Hash Batches": 1,
                      "Original Hash Batches": 1,
                      "Peak Memory Usage": 6624,
                      "Plans": [
                        {
                          "Node Type": "Hash Join",
                          "Parent Relationship": "Outer",
                          "Parallel Aware": true,
                          "Join Type": "Inner",
                          "Startup Cost": 44264.42,
                          "Total Cost": 87142.5,
                          "Plan Rows": 67509,
                          "Plan Width": 8,
                          "Actual Startup Time": 147.88,
                          "Actual Total Time": 302.344,
                          "Actual Rows": 28772,
                          "Actual Loops": 4,
                          "Inner Unique": true,
                          "Hash Cond": "(mk.movie_id = t.id)",
                          "Plans": [
                            {
                              "Node Type": "Seq Scan",
                              "Parent Relationship": "Outer",
                              "Parallel Aware": true,
                              "Relation Name": "movie_keyword",
                              "Alias": "mk",
                              "Startup Cost": 0.0,
                              "Total Cost": 39047.32,
                              "Plan Rows": 1459332,
                              "Plan Width": 4,
                              "Actual Startup Time": 0.025,
                              "Actual Total Time": 94.803,
                              "Actual Rows": 1130982,
                              "Actual Loops": 4
                            },
                            {
                              "Node Type": "Hash",
                              "Parent Relationship": "Inner",
                              "Parallel Aware": true,
                              "Startup Cost": 43898.92,
                              "Total Cost": 43898.92,
                              "Plan Rows": 29240,
                              "Plan Width": 4,
                              "Actual Startup Time": 109.434,
                              "Actual Total Time": 109.435,
                              "Actual Rows": 29464,
                              "Actual Loops": 4,
                              "Hash Buckets": 131072,
                              "Original Hash Buckets": 131072,
                              "Hash Batches": 1,
                              "Original Hash Batches": 1,
                              "Peak Memory Usage": 5696,
                              "Plans": [
                                {
                                  "Node Type": "Seq Scan",
                                  "Parent Relationship": "Outer",
                                  "Parallel Aware": true,
                                  "Relation Name": "title",
                                  "Alias": "t",
                                  "Startup Cost": 0.0,
                                  "Total Cost": 43898.92,
                                  "Plan Rows": 29240,
                                  "Plan Width": 4,
                                  "Actual Startup Time": 51.021,
                                  "Actual Total Time": 99.2,
                                  "Actual Rows": 29464,
                                  "Actual Loops": 4,
                                  "Filter": "(production_year < 1931)",
                                  "Rows Removed by Filter": 602614
                                }
                              ]
                            }
                          ]
                        }
                      ]
                    }
                  ]
                }
              ]
            }
          ]
        }
      ]
    },
    "Planning Time": 1.399,
    "Triggers": [],
    "Execution Time": 486.668
  }
]