[
  {
    "Plan": {
      "Node Type": "Aggregate",
      "Strategy": "Plain",
      "Partial Mode": "Finalize",
      "Parallel Aware": false,
      "Startup Cost": 266511.61,
      "Total Cost": 266511.62,
      "Plan Rows": 1,
      "Plan Width": 8,
      "Actual Startup Time": 537.083,
      "Actual Total Time": 578.62,
      "Actual Rows": 1,
      "Actual Loops": 1,
      "Plans": [
        {
          "Node Type": "Gather",
          "Parent Relationship": "Outer",
          "Parallel Aware": false,
          "Startup Cost": 266511.09,
          "Total Cost": 266511.6,
          "Plan Rows": 5,
          "Plan Width": 8,
          "Actual Startup Time": 533.521,
          "Actual Total Time": 578.609,
          "Actual Rows": 6,
          "Actual Loops": 1,
          "Workers Planned": 5,
          "Workers Launched": 5,
          "Single Copy": false,
          "Plans": [
            {
              "Node Type": "Aggregate",
              "Strategy": "Plain",
              "Partial Mode": "Partial",
              "Parent Relationship": "Outer",
              "Parallel Aware": false,
              "Startup Cost": 265511.09,
              "Total Cost": 265511.1,
              "Plan Rows": 1,
              "Plan Width": 8,
              "Actual Startup Time": 521.558,
              "Actual Total Time": 521.605,
              "Actual Rows": 1,
              "Actual Loops": 6,
              "Plans": [
                {
                  "Node Type": "Hash Join",
                  "Parent Relationship": "Outer",
                  "Parallel Aware": true,
                  "Join Type": "Inner",
                  "Startup Cost": 63393.71,
                  "Total Cost": 265334.37,
                  "Plan Rows": 70689,
                  "Plan Width": 0,
                  "Actual Startup Time": 197.201,
                  "Actual Total Time": 519.261,
                  "Actual Rows": 54912,
                  "Actual Loops": 6,
                  "Inner Unique": false,
                  "Hash Cond": "(mi.movie_id = t.id)",
                  "Plans": [
                    {
                      "Node Type": "Seq Scan",
                      "Parent Relationship": "Outer",
                      "Parallel Aware": true,
                      "Relation Name": "movie_info",
                      "Alias": "mi",
                      "Startup Cost": 0.0,
                      "Total Cost": 198952.16,
                      "Plan Rows": 718388,
                      "Plan Width": 4,
                      "Actual Startup Time": 28.304,
                      "Actual Total Time": 288.486,
                      "Actual Rows": 604163,
                      "Actual Loops": 6,
                      "Filter": "(info_type_id < 4)",
                      "Rows Removed by Filter": 1868457
                    },
                    {
                      "Node Type": "Hash",
                      "Parent Relationship": "Inner",
                      "Parallel Aware": true,
                      "Startup Cost": 62097.97,
                      "Total Cost": 62097.97,
                      "Plan Rows": 103659,
                      "Plan Width": 8,
                      "Actual Startup Time": 166.689,
                      "Actual Total Time": 166.735,
                      "Actual Rows": 24702,
                      "Actual Loops": 6,
                      "Hash Buckets": 262144,
                      "Original Hash Buckets": 262144,
                      "Hash Batches": 1,
                      "Original Hash Batches": 1,
                      "Peak Memory Usage": 7968,
                      "Plans": [
                        {
                          "Node Type": "Hash Join",
                          "Parent Relationship": "Outer",
                          "Parallel Aware": true,
                          "Join Type": "Inner",
                          "Startup Cost": 46903.41,
                          "Total Cost": 62097.97,
                          "Plan Rows": 103659,
                          "Plan Width": 8,
                          "Actual Startup Time": 108.008,
                          "Actual Total Time": 159.489,
                          "Actual Rows": 24702,
                          "Actual Loops": 6,
                          "Inner Unique": true,
                          "Hash Cond": "(mi_idx.movie_id = t.id)",
                          "Plans": [
                            {
                              "Node Type": "Seq Scan",
                              "Parent Relationship": "Outer",
                              "Parallel Aware": true,
                              "Relation Name": "movie_info_idx",
                              "Alias": "mi_idx",
                              "Startup Cost": 0.0,
                              "Total Cost": 13685.15,
                              "Plan Rows": 575015,
                              "Plan Width": 4,
                              "Actual Startup Time": 0.031,
                              "Actual Total Time": 20.405,
                              "Actual Rows": 230006,
                              "Actual Loops": 6
                            },
                            {
                              "Node Type": "Hash",
                              "Parent Relationship": "Inner",
                              "Parallel Aware": true,
                              "Startup Cost": 45479.1,
                              "Total Cost": 45479.1,
                              "Plan Rows": 113945,
                              "Plan Width": 4,
                              "Actual Startup Time": 106.435,
                              "Actual Total Time": 106.436,
                              "Actual Rows": 53628,
                              "Actual Loops": 6,
                              "Hash Buckets": 524288,
                              "Original Hash Buckets": 524288,
                              "Hash Batches": 1,
                              "Original Hash Batches": 1,
                              "Peak Memory Usage": 16768,
                              "Plans": [
                                {
                                  "Node Type": "Seq Scan",
                                  "Parent Relationship": "Outer",
                                  "Parallel Aware": true,
                                  "Relation Name": "title",
                                  "Alias": "t",
                                  "Startup Cost": 0.0,
                                  "Total Cost": 45479.1,
                                  "Plan Rows": 113945,
                                  "Plan Width": 4,
                                  "Actual Startup Time": 0.042,
                                  "Actual Total Time": 81.061,
                                  "Actual Rows": 53628,
                                  "Actual Loops": 6,
                                  "Filter": "((kind_id > 1) AND (production_year < 1987))",
                                  "Rows Removed by Filter": 367758
                                }
                              ]
                            }
                          ]
                        }
                      ]
                    }
                  ]
                }
              ]
            }
          ]
        }
      ]
    },
    "Planning Time": 1.411,
    "Triggers": [],
    "Execution Time": 578.712
  }
]