[
  {
    "Plan": {
      "Node Type": "Aggregate",
      "Strategy": "Plain",
      "Partial Mode": "Finalize",
      "Parallel Aware": false,
      "Startup Cost": 33072.82,
      "Total Cost": 33072.83,
      "Plan Rows": 1,
      "Plan Width": 8,
      "Actual Startup Time": 91.748,
      "Actual Total Time": 99.673,
      "Actual Rows": 1,
      "Actual Loops": 1,
      "Plans": [
        {
          "Node Type": "Gather",
          "Parent Relationship": "Outer",
          "Parallel Aware": false,
          "Startup Cost": 33072.5,
          "Total Cost": 33072.81,
          "Plan Rows": 3,
          "Plan Width": 8,
          "Actual Startup Time": 91.622,
          "Actual Total Time": 99.663,
          "Actual Rows": 4,
          "Actual Loops": 1,
          "Workers Planned": 3,
          "Workers Launched": 3,
          "Single Copy": false,
          "Plans": [
            {
              "Node Type": "Aggregate",
              "Strategy": "Plain",
              "Partial Mode": "Partial",
              "Parent Relationship": "Outer",
              "Parallel Aware": false,
              "Startup Cost": 32072.5,
              "Total Cost": 32072.51,
              "Plan Rows": 1,
              "Plan Width": 8,
              "Actual Startup Time": 85.429,
              "Actual Total Time": 85.43,
              "Actual Rows": 1,
              "Actual Loops": 4,
              "Plans": [
                {
                  "Node Type": "Seq Scan",
                  "Parent Relationship": "Outer",
                  "Parallel Aware": true,
                  "Relation Name": "movie_companies",
                  "Alias": "mc",
                  "Startup Cost": 0.0,
                  "Total Cost": 31414.82,
                  "Plan Rows": 263073,
                  "Plan Width": 0,
                  "Actual Startup Time": 49.075,
                  "Actual Total Time": 80.091,
                  "Actual Rows": 128454,
                  "Actual Loops": 4,
                  "Filter": "((company_id < 16432) AND (company_type_id = 2))",
                  "Rows Removed by Filter": 523829
                }
              ]
            }
          ]
        }
      ]
    },
    "Planning Time": 0.306,
    "Triggers": [],
    "Execution Time": 99.733
  }
]