[
  {
    "Plan": {
      "Node Type": "Aggregate",
      "Strategy": "Plain",
      "Partial Mode": "Finalize",
      "Parallel Aware": false,
      "Startup Cost": 33075.73,
      "Total Cost": 33075.74,
      "Plan Rows": 1,
      "Plan Width": 8,
      "Actual Startup Time": 93.776,
      "Actual Total Time": 101.295,
      "Actual Rows": 1,
      "Actual Loops": 1,
      "Plans": [
        {
          "Node Type": "Gather",
          "Parent Relationship": "Outer",
          "Parallel Aware": false,
          "Startup Cost": 33075.42,
          "Total Cost": 33075.73,
          "Plan Rows": 3,
          "Plan Width": 8,
          "Actual Startup Time": 93.657,
          "Actual Total Time": 101.287,
          "Actual Rows": 4,
          "Actual Loops": 1,
          "Workers Planned": 3,
          "Workers Launched": 3,
          "Single Copy": false,
          "Plans": [
            {
              "Node Type": "Aggregate",
              "Strategy": "Plain",
              "Partial Mode": "Partial",
              "Parent Relationship": "Outer",
              "Parallel Aware": false,
              "Startup Cost": 32075.42,
              "Total Cost": 32075.43,
              "Plan Rows": 1,
              "Plan Width": 8,
              "Actual Startup Time": 85.178,
              "Actual Total Time": 85.179,
              "Actual Rows": 1,
              "Actual Loops": 4,
              "Plans": [
                {
                  "Node Type": "Seq Scan",
                  "Parent Relationship": "Outer",
                  "Parallel Aware": true,
                  "Relation Name": "movie_companies",
                  "Alias": "mc",
                  "Startup Cost": 0.0,
                  "Total Cost": 31414.82,
                  "Plan Rows": 264239,
                  "Plan Width": 0,
                  "Actual Startup Time": 49.352,
                  "Actual Total Time": 80.02,
                  "Actual Rows": 128454,
                  "Actual Loops": 4,
                  "Filter": "((company_id < 16432) AND (company_type_id = 2))",
                  "Rows Removed by Filter": 523829
                }
              ]
            }
          ]
        }
      ]
    },
    "Planning Time": 0.218,
    "Triggers": [],
    "Execution Time": 101.36
  }
]