{
  "Plan": {
    "Node Type": "Aggregate",
    "Strategy": "Plain",
    "Partial Mode": "Finalize",
    "Parallel Aware": false,
    "Startup Cost": 46559.72,
    "Total Cost": 46559.73,
    "Plan Rows": 1,
    "Plan Width": 8,
    "Actual Startup Time": 68.63,
    "Actual Total Time": 79.901,
    "Actual Rows": 1,
    "Actual Loops": 1,
    "Plans": [
      {
        "Node Type": "Gather",
        "Parent Relationship": "Outer",
        "Parallel Aware": false,
        "Startup Cost": 46559.6,
        "Total Cost": 46559.71,
        "Plan Rows": 1,
        "Plan Width": 8,
        "Actual Startup Time": 68.521,
        "Actual Total Time": 79.895,
        "Actual Rows": 2,
        "Actual Loops": 1,
        "Workers Planned": 1,
        "Workers Launched": 1,
        "Single Copy": false,
        "Plans": [
          {
            "Node Type": "Aggregate",
            "Strategy": "Plain",
            "Partial Mode": "Partial",
            "Parent Relationship": "Outer",
            "Parallel Aware": false,
            "Startup Cost": 45559.6,
            "Total Cost": 45559.61,
            "Plan Rows": 1,
            "Plan Width": 8,
            "Actual Startup Time": 62.257,
            "Actual Total Time": 62.258,
            "Actual Rows": 1,
            "Actual Loops": 2,
            "Plans": [
              {
                "Node Type": "Nested Loop",
                "Parent Relationship": "Outer",
                "Parallel Aware": false,
                "Join Type": "Inner",
                "Startup Cost": 152.21,
                "Total Cost": 45557.45,
                "Plan Rows": 862,
                "Plan Width": 0,
                "Actual Startup Time": 4.178,
                "Actual Total Time": 61.519,
                "Actual Rows": 8354,
                "Actual Loops": 2,
                "Inner Unique": false,
                "Plans": [
                  {
                    "Node Type": "Nested Loop",
                    "Parent Relationship": "Outer",
                    "Parallel Aware": false,
                    "Join Type": "Inner",
                    "Startup Cost": 151.79,
                    "Total Cost": 44658.15,
                    "Plan Rows": 1580,
                    "Plan Width": 8,
                    "Actual Startup Time": 4.033,
                    "Actual Total Time": 41.868,
                    "Actual Rows": 3217,
                    "Actual Loops": 2,
                    "Inner Unique": true,
                    "Plans": [
                      {
                        "Node Type": "Bitmap Heap Scan",
                        "Parent Relationship": "Outer",
                        "Parallel Aware": true,
                        "Relation Name": "movie_keyword",
                        "Alias": "mk",
                        "Startup Cost": 151.36,
                        "Total Cost": 15622.29,
                        "Plan Rows": 4169,
                        "Plan Width": 4,
                        "Actual Startup Time": 3.906,
                        "Actual Total Time": 14.699,
                        "Actual Rows": 3852,
                        "Actual Loops": 2,
                        "Recheck Cond": "(keyword_id = 797)",
                        "Rows Removed by Index Recheck": 0,
                        "Exact Heap Blocks": 4785,
                        "Lossy Heap Blocks": 0,
                        "Plans": [
                          {
                            "Node Type": "Bitmap Index Scan",
                            "Parent Relationship": "Outer",
                            "Parallel Aware": false,
                            "Index Name": "keyword_id_movie_keyword",
                            "Startup Cost": 0.0,
                            "Total Cost": 149.59,
                            "Plan Rows": 7087,
                            "Plan Width": 0,
                            "Actual Startup Time": 4.488,
                            "Actual Total Time": 4.489,
                            "Actual Rows": 7704,
                            "Actual Loops": 1,
                            "Index Cond": "(keyword_id = 797)"
                          }
                        ]
                      },
                      {
                        "Node Type": "Index Scan",
                        "Parent Relationship": "Inner",
                        "Parallel Aware": false,
                        "Scan Direction": "Forward",
                        "Index Name": "title_pkey",
                        "Relation Name": "title",
                        "Alias": "t",
                        "Startup Cost": 0.43,
                        "Total Cost": 6.96,
                        "Plan Rows": 1,
                        "Plan Width": 4,
                        "Actual Startup Time": 0.007,
                        "Actual Total Time": 0.007,
                        "Actual Rows": 1,
                        "Actual Loops": 7704,
                        "Index Cond": "(id = mk.movie_id)",
                        "Rows Removed by Index Recheck": 0,
                        "Filter": "((kind_id < 7) AND (production_year > 1905))",
                        "Rows Removed by Filter": 0
                      }
                    ]
                  },
                  {
                    "Node Type": "Index Only Scan",
                    "Parent Relationship": "Inner",
                    "Parallel Aware": false,
                    "Scan Direction": "Forward",
                    "Index Name": "movie_id_movie_info_idx",
                    "Relation Name": "movie_info_idx",
                    "Alias": "mi_idx",
                    "Startup Cost": 0.43,
                    "Total Cost": 0.54,
                    "Plan Rows": 3,
                    "Plan Width": 4,
                    "Actual Startup Time": 0.005,
                    "Actual Total Time": 0.006,
                    "Actual Rows": 3,
                    "Actual Loops": 6434,
                    "Index Cond": "(movie_id = t.id)",
                    "Rows Removed by Index Recheck": 0,
                    "Heap Fetches": 16709
                  }
                ]
              }
            ]
          }
        ]
      }
    ]
  },
  "Planning Time": 1.056,
  "Triggers": [],
  "Execution Time": 79.993
}