[
  {
    "Plan": {
      "Node Type": "Aggregate",
      "Strategy": "Plain",
      "Partial Mode": "Finalize",
      "Parallel Aware": false,
      "Startup Cost": 44908.38,
      "Total Cost": 44908.39,
      "Plan Rows": 1,
      "Plan Width": 8,
      "Actual Startup Time": 116.671,
      "Actual Total Time": 130.88,
      "Actual Rows": 1,
      "Actual Loops": 1,
      "Plans": [
        {
          "Node Type": "Gather",
          "Parent Relationship": "Outer",
          "Parallel Aware": false,
          "Startup Cost": 44907.96,
          "Total Cost": 44908.37,
          "Plan Rows": 4,
          "Plan Width": 8,
          "Actual Startup Time": 116.293,
          "Actual Total Time": 130.866,
          "Actual Rows": 5,
          "Actual Loops": 1,
          "Workers Planned": 4,
          "Workers Launched": 4,
          "Single Copy": false,
          "Plans": [
            {
              "Node Type": "Aggregate",
              "Strategy": "Plain",
              "Partial Mode": "Partial",
              "Parent Relationship": "Outer",
              "Parallel Aware": false,
              "Startup Cost": 43907.96,
              "Total Cost": 43907.97,
              "Plan Rows": 1,
              "Plan Width": 8,
              "Actual Startup Time": 106.428,
              "Actual Total Time": 106.43,
              "Actual Rows": 1,
              "Actual Loops": 5,
              "Plans": [
                {
                  "Node Type": "Seq Scan",
                  "Parent Relationship": "Outer",
                  "Parallel Aware": true,
                  "Relation Name": "title",
                  "Alias": "t",
                  "Startup Cost": 0.0,
                  "Total Cost": 43899.32,
                  "Plan Rows": 3456,
                  "Plan Width": 0,
                  "Actual Startup Time": 0.16,
                  "Actual Total Time": 106.067,
                  "Actual Rows": 2891,
                  "Actual Loops": 5,
                  "Filter": "(production_year = 1981)",
                  "Rows Removed by Filter": 502771
                }
              ]
            }
          ]
        }
      ]
    },
    "Planning Time": 0.17,
    "Triggers": [],
    "Execution Time": 130.945
  }
]