{
  "Plan": {
    "Node Type": "Aggregate",
    "Strategy": "Plain",
    "Partial Mode": "Finalize",
    "Parallel Aware": false,
    "Startup Cost": 117917.36,
    "Total Cost": 117917.37,
    "Plan Rows": 1,
    "Plan Width": 8,
    "Actual Startup Time": 497.101,
    "Actual Total Time": 513.963,
    "Actual Rows": 1,
    "Actual Loops": 1,
    "Plans": [
      {
        "Node Type": "Gather",
        "Parent Relationship": "Outer",
        "Parallel Aware": false,
        "Startup Cost": 117917.25,
        "Total Cost": 117917.36,
        "Plan Rows": 1,
        "Plan Width": 8,
        "Actual Startup Time": 496.461,
        "Actual Total Time": 513.956,
        "Actual Rows": 2,
        "Actual Loops": 1,
        "Workers Planned": 1,
        "Workers Launched": 1,
        "Single Copy": false,
        "Plans": [
          {
            "Node Type": "Aggregate",
            "Strategy": "Plain",
            "Partial Mode": "Partial",
            "Parent Relationship": "Outer",
            "Parallel Aware": false,
            "Startup Cost": 116917.25,
            "Total Cost": 116917.26,
            "Plan Rows": 1,
            "Plan Width": 8,
            "Actual Startup Time": 490.89,
            "Actual Total Time": 490.894,
            "Actual Rows": 1,
            "Actual Loops": 2,
            "Plans": [
              {
                "Node Type": "Hash Join",
                "Parent Relationship": "Outer",
                "Parallel Aware": true,
                "Join Type": "Inner",
                "Startup Cost": 58718.83,
                "Total Cost": 116769.67,
                "Plan Rows": 59029,
                "Plan Width": 0,
                "Actual Startup Time": 169.629,
                "Actual Total Time": 483.883,
                "Actual Rows": 179610,
                "Actual Loops": 2,
                "Inner Unique": true,
                "Hash Cond": "(mk.movie_id = t.id)",
                "Plans": [
                  {
                    "Node Type": "Seq Scan",
                    "Parent Relationship": "Outer",
                    "Parallel Aware": true,
                    "Relation Name": "movie_keyword",
                    "Alias": "mk",
                    "Startup Cost": 0.0,
                    "Total Cost": 51065.35,
                    "Plan Rows": 2661135,
                    "Plan Width": 4,
                    "Actual Startup Time": 0.01,
                    "Actual Total Time": 148.384,
                    "Actual Rows": 2261965,
                    "Actual Loops": 2
                  },
                  {
                    "Node Type": "Hash",
                    "Parent Relationship": "Inner",
                    "Parallel Aware": true,
                    "Startup Cost": 58306.47,
                    "Total Cost": 58306.47,
                    "Plan Rows": 32989,
                    "Plan Width": 4,
                    "Actual Startup Time": 164.43,
                    "Actual Total Time": 164.431,
                    "Actual Rows": 72751,
                    "Actual Loops": 2,
                    "Hash Buckets": 262144,
                    "Original Hash Buckets": 65536,
                    "Hash Batches": 1,
                    "Original Hash Batches": 1,
                    "Peak Memory Usage": 9312,
                    "Plans": [
                      {
                        "Node Type": "Seq Scan",
                        "Parent Relationship": "Outer",
                        "Parallel Aware": true,
                        "Relation Name": "title",
                        "Alias": "t",
                        "Startup Cost": 0.0,
                        "Total Cost": 58306.47,
                        "Plan Rows": 32989,
                        "Plan Width": 4,
                        "Actual Startup Time": 5.316,
                        "Actual Total Time": 145.585,
                        "Actual Rows": 72751,
                        "Actual Loops": 2,
                        "Filter": "((kind_id < 7) AND (production_year < 1942))",
                        "Rows Removed by Filter": 1191405
                      }
                    ]
                  }
                ]
              }
            ]
          }
        ]
      }
    ]
  },
  "Planning Time": 0.446,
  "Triggers": [],
  "Execution Time": 514.032
}