[
  {
    "Plan": {
      "Node Type": "Aggregate",
      "Strategy": "Plain",
      "Partial Mode": "Finalize",
      "Parallel Aware": false,
      "Startup Cost": 348670.77,
      "Total Cost": 348670.78,
      "Plan Rows": 1,
      "Plan Width": 8,
      "Actual Startup Time": 636.736,
      "Actual Total Time": 695.204,
      "Actual Rows": 1,
      "Actual Loops": 1,
      "Plans": [
        {
          "Node Type": "Gather",
          "Parent Relationship": "Outer",
          "Parallel Aware": false,
          "Startup Cost": 348670.15,
          "Total Cost": 348670.76,
          "Plan Rows": 6,
          "Plan Width": 8,
          "Actual Startup Time": 636.602,
          "Actual Total Time": 695.195,
          "Actual Rows": 7,
          "Actual Loops": 1,
          "Workers Planned": 6,
          "Workers Launched": 6,
          "Single Copy": false,
          "Plans": [
            {
              "Node Type": "Aggregate",
              "Strategy": "Plain",
              "Partial Mode": "Partial",
              "Parent Relationship": "Outer",
              "Parallel Aware": false,
              "Startup Cost": 347670.15,
              "Total Cost": 347670.16,
              "Plan Rows": 1,
              "Plan Width": 8,
              "Actual Startup Time": 626.3,
              "Actual Total Time": 626.301,
              "Actual Rows": 1,
              "Actual Loops": 7,
              "Plans": [
                {
                  "Node Type": "Seq Scan",
                  "Parent Relationship": "Outer",
                  "Parallel Aware": true,
                  "Relation Name": "cast_info",
                  "Alias": "ci",
                  "Startup Cost": 0.0,
                  "Total Cost": 343257.03,
                  "Plan Rows": 1765247,
                  "Plan Width": 0,
                  "Actual Startup Time": 222.264,
                  "Actual Total Time": 597.926,
                  "Actual Rows": 643164,
                  "Actual Loops": 7,
                  "Filter": "((person_id < 1598700) AND (role_id > 1))",
                  "Rows Removed by Filter": 4534600
                }
              ]
            }
          ]
        }
      ]
    },
    "Planning Time": 0.178,
    "Triggers": [],
    "Execution Time": 695.27
  }
]