[
  {
    "Plan": {
      "Node Type": "Aggregate",
      "Strategy": "Plain",
      "Partial Mode": "Finalize",
      "Parallel Aware": false,
      "Startup Cost": 343411.91,
      "Total Cost": 343411.92,
      "Plan Rows": 1,
      "Plan Width": 8,
      "Actual Startup Time": 964.98,
      "Actual Total Time": 1015.468,
      "Actual Rows": 1,
      "Actual Loops": 1,
      "Plans": [
        {
          "Node Type": "Gather",
          "Parent Relationship": "Outer",
          "Parallel Aware": false,
          "Startup Cost": 343411.29,
          "Total Cost": 343411.9,
          "Plan Rows": 6,
          "Plan Width": 8,
          "Actual Startup Time": 964.78,
          "Actual Total Time": 1015.453,
          "Actual Rows": 7,
          "Actual Loops": 1,
          "Workers Planned": 6,
          "Workers Launched": 6,
          "Single Copy": false,
          "Plans": [
            {
              "Node Type": "Aggregate",
              "Strategy": "Plain",
              "Partial Mode": "Partial",
              "Parent Relationship": "Outer",
              "Parallel Aware": false,
              "Startup Cost": 342411.29,
              "Total Cost": 342411.3,
              "Plan Rows": 1,
              "Plan Width": 8,
              "Actual Startup Time": 959.601,
              "Actual Total Time": 959.602,
              "Actual Rows": 1,
              "Actual Loops": 7,
              "Plans": [
                {
                  "Node Type": "Seq Scan",
                  "Parent Relationship": "Outer",
                  "Parallel Aware": true,
                  "Relation Name": "cast_info",
                  "Alias": "ci",
                  "Startup Cost": 0.0,
                  "Total Cost": 328211.39,
                  "Plan Rows": 5679959,
                  "Plan Width": 0,
                  "Actual Startup Time": 0.031,
                  "Actual Total Time": 702.25,
                  "Actual Rows": 4876404,
                  "Actual Loops": 7,
                  "Filter": "(person_id < 3650486)",
                  "Rows Removed by Filter": 301359
                }
              ]
            }
          ]
        }
      ]
    },
    "Planning Time": 0.118,
    "Triggers": [],
    "Execution Time": 1015.519
  }
]