[
  {
    "Plan": {
      "Node Type": "Aggregate",
      "Strategy": "Plain",
      "Partial Mode": "Finalize",
      "Parallel Aware": false,
      "Startup Cost": 343342.49,
      "Total Cost": 343342.51,
      "Plan Rows": 1,
      "Plan Width": 8,
      "Actual Startup Time": 865.146,
      "Actual Total Time": 932.492,
      "Actual Rows": 1,
      "Actual Loops": 1,
      "Plans": [
        {
          "Node Type": "Gather",
          "Parent Relationship": "Outer",
          "Parallel Aware": false,
          "Startup Cost": 343341.87,
          "Total Cost": 343342.48,
          "Plan Rows": 6,
          "Plan Width": 8,
          "Actual Startup Time": 865.033,
          "Actual Total Time": 932.482,
          "Actual Rows": 7,
          "Actual Loops": 1,
          "Workers Planned": 6,
          "Workers Launched": 6,
          "Single Copy": false,
          "Plans": [
            {
              "Node Type": "Aggregate",
              "Strategy": "Plain",
              "Partial Mode": "Partial",
              "Parent Relationship": "Outer",
              "Parallel Aware": false,
              "Startup Cost": 342341.87,
              "Total Cost": 342341.88,
              "Plan Rows": 1,
              "Plan Width": 8,
              "Actual Startup Time": 855.87,
              "Actual Total Time": 855.871,
              "Actual Rows": 1,
              "Actual Loops": 7,
              "Plans": [
                {
                  "Node Type": "Seq Scan",
                  "Parent Relationship": "Outer",
                  "Parallel Aware": true,
                  "Relation Name": "cast_info",
                  "Alias": "ci",
                  "Startup Cost": 0.0,
                  "Total Cost": 328162.03,
                  "Plan Rows": 5671938,
                  "Plan Width": 0,
                  "Actual Startup Time": 0.049,
                  "Actual Total Time": 649.859,
                  "Actual Rows": 4876404,
                  "Actual Loops": 7,
                  "Filter": "(person_id < 3650486)",
                  "Rows Removed by Filter": 301359
                }
              ]
            }
          ]
        }
      ]
    },
    "Planning Time": 0.201,
    "Triggers": [],
    "Execution Time": 932.571
  }
]