[
    {
        "Bao": {
            "Bao prediction": "NaN",
            "Bao recommended hint": "(no hint)"
        }
    },
    {
        "Plan": {
            "Node Type": "Aggregate",
            "Strategy": "Plain",
            "Partial Mode": "Finalize",
            "Parallel Aware": false,
            "Startup Cost": 304508.39,
            "Total Cost": 304508.4,
            "Plan Rows": 1,
            "Plan Width": 8,
            "Actual Startup Time": 173.151,
            "Actual Total Time": 177.992,
            "Actual Rows": 1,
            "Actual Loops": 1,
            "Output": [
                "count(*)"
            ],
            "Plans": [
                {
                    "Node Type": "Gather",
                    "Parent Relationship": "Outer",
                    "Parallel Aware": false,
                    "Startup Cost": 304507.77,
                    "Total Cost": 304508.38,
                    "Plan Rows": 6,
                    "Plan Width": 8,
                    "Actual Startup Time": 172.483,
                    "Actual Total Time": 177.983,
                    "Actual Rows": 7,
                    "Actual Loops": 1,
                    "Output": [
                        "(PARTIAL count(*))"
                    ],
                    "Workers Planned": 6,
                    "Workers Launched": 6,
                    "Single Copy": false,
                    "Plans": [
                        {
                            "Node Type": "Aggregate",
                            "Strategy": "Plain",
                            "Partial Mode": "Partial",
                            "Parent Relationship": "Outer",
                            "Parallel Aware": false,
                            "Startup Cost": 303507.77,
                            "Total Cost": 303507.78,
                            "Plan Rows": 1,
                            "Plan Width": 8,
                            "Actual Startup Time": 162.158,
                            "Actual Total Time": 162.159,
                            "Actual Rows": 1,
                            "Actual Loops": 7,
                            "Output": [
                                "PARTIAL count(*)"
                            ],
                            "Workers": [
                                {
                                    "Worker Number": 0,
                                    "Actual Startup Time": 159.561,
                                    "Actual Total Time": 159.562,
                                    "Actual Rows": 1,
                                    "Actual Loops": 1
                                },
                                {
                                    "Worker Number": 1,
                                    "Actual Startup Time": 160.329,
                                    "Actual Total Time": 160.33,
                                    "Actual Rows": 1,
                                    "Actual Loops": 1
                                },
                                {
                                    "Worker Number": 2,
                                    "Actual Startup Time": 160.308,
                                    "Actual Total Time": 160.309,
                                    "Actual Rows": 1,
                                    "Actual Loops": 1
                                },
                                {
                                    "Worker Number": 3,
                                    "Actual Startup Time": 160.441,
                                    "Actual Total Time": 160.443,
                                    "Actual Rows": 1,
                                    "Actual Loops": 1
                                },
                                {
                                    "Worker Number": 4,
                                    "Actual Startup Time": 161.026,
                                    "Actual Total Time": 161.027,
                                    "Actual Rows": 1,
                                    "Actual Loops": 1
                                },
                                {
                                    "Worker Number": 5,
                                    "Actual Startup Time": 161.326,
                                    "Actual Total Time": 161.327,
                                    "Actual Rows": 1,
                                    "Actual Loops": 1
                                }
                            ],
                            "Plans": [
                                {
                                    "Node Type": "Bitmap Heap Scan",
                                    "Parent Relationship": "Outer",
                                    "Parallel Aware": true,
                                    "Relation Name": "cast_info",
                                    "Schema": "public",
                                    "Alias": "ci",
                                    "Startup Cost": 45344.6,
                                    "Total Cost": 303204.25,
                                    "Plan Rows": 121408,
                                    "Plan Width": 0,
                                    "Actual Startup Time": 64.636,
                                    "Actual Total Time": 148.885,
                                    "Actual Rows": 212639,
                                    "Actual Loops": 7,
                                    "Recheck Cond": "(ci.person_id < 203863)",
                                    "Rows Removed by Index Recheck": 0,
                                    "Filter": "(ci.role_id < 2)",
                                    "Rows Removed by Filter": 84381,
                                    "Exact Heap Blocks": 5231,
                                    "Lossy Heap Blocks": 0,
                                    "Workers": [
                                        {
                                            "Worker Number": 0,
                                            "Actual Startup Time": 62.183,
                                            "Actual Total Time": 146.39,
                                            "Actual Rows": 151825,
                                            "Actual Loops": 1
                                        },
                                        {
                                            "Worker Number": 1,
                                            "Actual Startup Time": 63.1,
                                            "Actual Total Time": 147.351,
                                            "Actual Rows": 153479,
                                            "Actual Loops": 1
                                        },
                                        {
                                            "Worker Number": 2,
                                            "Actual Startup Time": 63.021,
                                            "Actual Total Time": 147.355,
                                            "Actual Rows": 201677,
                                            "Actual Loops": 1
                                        },
                                        {
                                            "Worker Number": 3,
                                            "Actual Startup Time": 62.883,
                                            "Actual Total Time": 147.409,
                                            "Actual Rows": 202454,
                                            "Actual Loops": 1
                                        },
                                        {
                                            "Worker Number": 4,
                                            "Actual Startup Time": 63.435,
                                            "Actual Total Time": 147.921,
                                            "Actual Rows": 198986,
                                            "Actual Loops": 1
                                        },
                                        {
                                            "Worker Number": 5,
                                            "Actual Startup Time": 63.769,
                                            "Actual Total Time": 148.409,
                                            "Actual Rows": 197925,
                                            "Actual Loops": 1
                                        }
                                    ],
                                    "Plans": [
                                        {
                                            "Node Type": "Bitmap Index Scan",
                                            "Parent Relationship": "Outer",
                                            "Parallel Aware": false,
                                            "Index Name": "person_id_cast_info",
                                            "Startup Cost": 0.0,
                                            "Total Cost": 45162.49,
                                            "Plan Rows": 2069057,
                                            "Plan Width": 0,
                                            "Actual Startup Time": 70.894,
                                            "Actual Total Time": 70.894,
                                            "Actual Rows": 2079138,
                                            "Actual Loops": 1,
                                            "Index Cond": "(ci.person_id < 203863)"
                                        }
                                    ]
                                }
                            ]
                        }
                    ]
                }
            ]
        },
        "Planning Time": 178.06,
        "Triggers": [],
        "Execution Time": 178.046
    }
]