[
  {
    "Plan": {
      "Node Type": "Aggregate",
      "Strategy": "Plain",
      "Partial Mode": "Finalize",
      "Parallel Aware": false,
      "Startup Cost": 238941.7,
      "Total Cost": 238941.71,
      "Plan Rows": 1,
      "Plan Width": 8,
      "Actual Startup Time": 773.973,
      "Actual Total Time": 819.073,
      "Actual Rows": 1,
      "Actual Loops": 1,
      "Plans": [
        {
          "Node Type": "Gather",
          "Parent Relationship": "Outer",
          "Parallel Aware": false,
          "Startup Cost": 238941.18,
          "Total Cost": 238941.69,
          "Plan Rows": 5,
          "Plan Width": 8,
          "Actual Startup Time": 773.238,
          "Actual Total Time": 819.06,
          "Actual Rows": 6,
          "Actual Loops": 1,
          "Workers Planned": 5,
          "Workers Launched": 5,
          "Single Copy": false,
          "Plans": [
            {
              "Node Type": "Aggregate",
              "Strategy": "Plain",
              "Partial Mode": "Partial",
              "Parent Relationship": "Outer",
              "Parallel Aware": false,
              "Startup Cost": 237941.18,
              "Total Cost": 237941.19,
              "Plan Rows": 1,
              "Plan Width": 8,
              "Actual Startup Time": 766.1,
              "Actual Total Time": 766.104,
              "Actual Rows": 1,
              "Actual Loops": 6,
              "Plans": [
                {
                  "Node Type": "Hash Join",
                  "Parent Relationship": "Outer",
                  "Parallel Aware": true,
                  "Join Type": "Inner",
                  "Startup Cost": 38287.83,
                  "Total Cost": 237767.24,
                  "Plan Rows": 69578,
                  "Plan Width": 0,
                  "Actual Startup Time": 49.696,
                  "Actual Total Time": 761.092,
                  "Actual Rows": 71038,
                  "Actual Loops": 6,
                  "Inner Unique": true,
                  "Hash Cond": "(mi.movie_id = t.id)",
                  "Plans": [
                    {
                      "Node Type": "Seq Scan",
                      "Parent Relationship": "Outer",
                      "Parallel Aware": true,
                      "Relation Name": "movie_info",
                      "Alias": "mi",
                      "Startup Cost": 0.0,
                      "Total Cost": 191685.19,
                      "Plan Rows": 2969219,
                      "Plan Width": 4,
                      "Actual Startup Time": 0.034,
                      "Actual Total Time": 373.239,
                      "Actual Rows": 2472620,
                      "Actual Loops": 6
                    },
                    {
                      "Node Type": "Hash",
                      "Parent Relationship": "Inner",
                      "Parallel Aware": true,
                      "Startup Cost": 38102.68,
                      "Total Cost": 38102.68,
                      "Plan Rows": 14812,
                      "Plan Width": 4,
                      "Actual Startup Time": 37.709,
                      "Actual Total Time": 37.71,
                      "Actual Rows": 8548,
                      "Actual Loops": 6,
                      "Hash Buckets": 65536,
                      "Original Hash Buckets": 65536,
                      "Hash Batches": 1,
                      "Original Hash Batches": 1,
                      "Peak Memory Usage": 2624,
                      "Plans": [
                        {
                          "Node Type": "Bitmap Heap Scan",
                          "Parent Relationship": "Outer",
                          "Parallel Aware": true,
                          "Relation Name": "title",
                          "Alias": "t",
                          "Startup Cost": 1741.53,
                          "Total Cost": 38102.68,
                          "Plan Rows": 14812,
                          "Plan Width": 4,
                          "Actual Startup Time": 4.496,
                          "Actual Total Time": 33.762,
                          "Actual Rows": 8548,
                          "Actual Loops": 6,
                          "Recheck Cond": "(kind_id = 3)",
                          "Rows Removed by Index Recheck": 0,
                          "Filter": "(production_year > 1997)",
                          "Rows Removed by Filter": 8208,
                          "Exact Heap Blocks": 5174,
                          "Lossy Heap Blocks": 0,
                          "Plans": [
                            {
                              "Node Type": "Bitmap Index Scan",
                              "Parent Relationship": "Outer",
                              "Parallel Aware": false,
                              "Index Name": "kind_id_title",
                              "Startup Cost": 0.0,
                              "Total Cost": 1726.72,
                              "Plan Rows": 96839,
                              "Plan Width": 0,
                              "Actual Startup Time": 7.005,
                              "Actual Total Time": 7.006,
                              "Actual Rows": 100537,
                              "Actual Loops": 1,
                              "Index Cond": "(kind_id = 3)"
                            }
                          ]
                        }
                      ]
                    }
                  ]
                }
              ]
            }
          ]
        }
      ]
    },
    "Planning Time": 0.301,
    "Triggers": [],
    "Execution Time": 819.137
  }
]