{
  "Plan": {
    "Node Type": "Aggregate",
    "Strategy": "Plain",
    "Partial Mode": "Finalize",
    "Parallel Aware": false,
    "Startup Cost": 99803.91,
    "Total Cost": 99803.92,
    "Plan Rows": 1,
    "Plan Width": 8,
    "Actual Startup Time": 331.174,
    "Actual Total Time": 344.164,
    "Actual Rows": 1,
    "Actual Loops": 1,
    "Plans": [
      {
        "Node Type": "Gather",
        "Parent Relationship": "Outer",
        "Parallel Aware": false,
        "Startup Cost": 99803.79,
        "Total Cost": 99803.9,
        "Plan Rows": 1,
        "Plan Width": 8,
        "Actual Startup Time": 330.6,
        "Actual Total Time": 344.154,
        "Actual Rows": 2,
        "Actual Loops": 1,
        "Workers Planned": 1,
        "Workers Launched": 1,
        "Single Copy": false,
        "Plans": [
          {
            "Node Type": "Aggregate",
            "Strategy": "Plain",
            "Partial Mode": "Partial",
            "Parent Relationship": "Outer",
            "Parallel Aware": false,
            "Startup Cost": 98803.79,
            "Total Cost": 98803.8,
            "Plan Rows": 1,
            "Plan Width": 8,
            "Actual Startup Time": 325.024,
            "Actual Total Time": 325.027,
            "Actual Rows": 1,
            "Actual Loops": 2,
            "Plans": [
              {
                "Node Type": "Hash Join",
                "Parent Relationship": "Outer",
                "Parallel Aware": true,
                "Join Type": "Inner",
                "Startup Cost": 56278.44,
                "Total Cost": 98746.93,
                "Plan Rows": 22745,
                "Plan Width": 0,
                "Actual Startup Time": 211.339,
                "Actual Total Time": 323.54,
                "Actual Rows": 34665,
                "Actual Loops": 2,
                "Inner Unique": true,
                "Hash Cond": "(mc.movie_id = t.id)",
                "Plans": [
                  {
                    "Node Type": "Seq Scan",
                    "Parent Relationship": "Outer",
                    "Parallel Aware": true,
                    "Relation Name": "movie_companies",
                    "Alias": "mc",
                    "Startup Cost": 0.0,
                    "Total Cost": 41811.73,
                    "Plan Rows": 250196,
                    "Plan Width": 4,
                    "Actual Startup Time": 44.984,
                    "Actual Total Time": 103.581,
                    "Actual Rows": 377655,
                    "Actual Loops": 2,
                    "Filter": "((company_id > 25166) AND (company_type_id > 1))",
                    "Rows Removed by Filter": 926910
                  },
                  {
                    "Node Type": "Hash",
                    "Parent Relationship": "Inner",
                    "Parallel Aware": true,
                    "Startup Cost": 54588.39,
                    "Total Cost": 54588.39,
                    "Plan Rows": 135204,
                    "Plan Width": 4,
                    "Actual Startup Time": 162.722,
                    "Actual Total Time": 162.723,
                    "Actual Rows": 115824,
                    "Actual Loops": 2,
                    "Hash Buckets": 262144,
                    "Original Hash Buckets": 262144,
                    "Hash Batches": 1,
                    "Original Hash Batches": 1,
                    "Peak Memory Usage": 11136,
                    "Plans": [
                      {
                        "Node Type": "Seq Scan",
                        "Parent Relationship": "Outer",
                        "Parallel Aware": true,
                        "Relation Name": "title",
                        "Alias": "t",
                        "Startup Cost": 0.0,
                        "Total Cost": 54588.39,
                        "Plan Rows": 135204,
                        "Plan Width": 4,
                        "Actual Startup Time": 0.031,
                        "Actual Total Time": 133.985,
                        "Actual Rows": 115824,
                        "Actual Loops": 2,
                        "Filter": "(production_year > 2011)",
                        "Rows Removed by Filter": 1148332
                      }
                    ]
                  }
                ]
              }
            ]
          }
        ]
      }
    ]
  },
  "Planning Time": 0.467,
  "Triggers": [],
  "Execution Time": 344.237
}