[
  {
    "Plan": {
      "Node Type": "Aggregate",
      "Strategy": "Plain",
      "Partial Mode": "Finalize",
      "Parallel Aware": false,
      "Startup Cost": 31391.69,
      "Total Cost": 31391.7,
      "Plan Rows": 1,
      "Plan Width": 8,
      "Actual Startup Time": 96.42,
      "Actual Total Time": 102.98,
      "Actual Rows": 1,
      "Actual Loops": 1,
      "Plans": [
        {
          "Node Type": "Gather",
          "Parent Relationship": "Outer",
          "Parallel Aware": false,
          "Startup Cost": 31391.37,
          "Total Cost": 31391.68,
          "Plan Rows": 3,
          "Plan Width": 8,
          "Actual Startup Time": 96.286,
          "Actual Total Time": 102.974,
          "Actual Rows": 4,
          "Actual Loops": 1,
          "Workers Planned": 3,
          "Workers Launched": 3,
          "Single Copy": false,
          "Plans": [
            {
              "Node Type": "Aggregate",
              "Strategy": "Plain",
              "Partial Mode": "Partial",
              "Parent Relationship": "Outer",
              "Parallel Aware": false,
              "Startup Cost": 30391.37,
              "Total Cost": 30391.38,
              "Plan Rows": 1,
              "Plan Width": 8,
              "Actual Startup Time": 91.502,
              "Actual Total Time": 91.503,
              "Actual Rows": 1,
              "Actual Loops": 4,
              "Plans": [
                {
                  "Node Type": "Seq Scan",
                  "Parent Relationship": "Outer",
                  "Parallel Aware": true,
                  "Relation Name": "movie_companies",
                  "Alias": "mc",
                  "Startup Cost": 0.0,
                  "Total Cost": 29310.68,
                  "Plan Rows": 432275,
                  "Plan Width": 0,
                  "Actual Startup Time": 0.021,
                  "Actual Total Time": 74.627,
                  "Actual Rows": 336698,
                  "Actual Loops": 4,
                  "Filter": "(company_id < 11551)",
                  "Rows Removed by Filter": 315584
                }
              ]
            }
          ]
        }
      ]
    },
    "Planning Time": 0.08,
    "Triggers": [],
    "Execution Time": 103.006
  }
]