[
  {
    "Plan": {
      "Node Type": "Aggregate",
      "Strategy": "Plain",
      "Partial Mode": "Finalize",
      "Parallel Aware": false,
      "Startup Cost": 31402.03,
      "Total Cost": 31402.04,
      "Plan Rows": 1,
      "Plan Width": 8,
      "Actual Startup Time": 95.031,
      "Actual Total Time": 103.059,
      "Actual Rows": 1,
      "Actual Loops": 1,
      "Plans": [
        {
          "Node Type": "Gather",
          "Parent Relationship": "Outer",
          "Parallel Aware": false,
          "Startup Cost": 31401.71,
          "Total Cost": 31402.02,
          "Plan Rows": 3,
          "Plan Width": 8,
          "Actual Startup Time": 94.919,
          "Actual Total Time": 103.048,
          "Actual Rows": 4,
          "Actual Loops": 1,
          "Workers Planned": 3,
          "Workers Launched": 3,
          "Single Copy": false,
          "Plans": [
            {
              "Node Type": "Aggregate",
              "Strategy": "Plain",
              "Partial Mode": "Partial",
              "Parent Relationship": "Outer",
              "Parallel Aware": false,
              "Startup Cost": 30401.71,
              "Total Cost": 30401.72,
              "Plan Rows": 1,
              "Plan Width": 8,
              "Actual Startup Time": 90.289,
              "Actual Total Time": 90.29,
              "Actual Rows": 1,
              "Actual Loops": 4,
              "Plans": [
                {
                  "Node Type": "Seq Scan",
                  "Parent Relationship": "Outer",
                  "Parallel Aware": true,
                  "Relation Name": "movie_companies",
                  "Alias": "mc",
                  "Startup Cost": 0.0,
                  "Total Cost": 29310.68,
                  "Plan Rows": 436412,
                  "Plan Width": 0,
                  "Actual Startup Time": 0.031,
                  "Actual Total Time": 73.905,
                  "Actual Rows": 336698,
                  "Actual Loops": 4,
                  "Filter": "(company_id < 11551)",
                  "Rows Removed by Filter": 315584
                }
              ]
            }
          ]
        }
      ]
    },
    "Planning Time": 0.266,
    "Triggers": [],
    "Execution Time": 103.116
  }
]