[
  {
    "Plan": {
      "Node Type": "Aggregate",
      "Strategy": "Plain",
      "Partial Mode": "Finalize",
      "Parallel Aware": false,
      "Startup Cost": 432428.21,
      "Total Cost": 432428.22,
      "Plan Rows": 1,
      "Plan Width": 8,
      "Actual Startup Time": 1593.856,
      "Actual Total Time": 1621.036,
      "Actual Rows": 1,
      "Actual Loops": 1,
      "Plans": [
        {
          "Node Type": "Gather",
          "Parent Relationship": "Outer",
          "Parallel Aware": false,
          "Startup Cost": 432427.59,
          "Total Cost": 432428.2,
          "Plan Rows": 6,
          "Plan Width": 8,
          "Actual Startup Time": 1571.882,
          "Actual Total Time": 1621.026,
          "Actual Rows": 7,
          "Actual Loops": 1,
          "Workers Planned": 6,
          "Workers Launched": 6,
          "Single Copy": false,
          "Plans": [
            {
              "Node Type": "Aggregate",
              "Strategy": "Plain",
              "Partial Mode": "Partial",
              "Parent Relationship": "Outer",
              "Parallel Aware": false,
              "Startup Cost": 431427.59,
              "Total Cost": 431427.6,
              "Plan Rows": 1,
              "Plan Width": 8,
              "Actual Startup Time": 1562.127,
              "Actual Total Time": 1562.565,
              "Actual Rows": 1,
              "Actual Loops": 7,
              "Plans": [
                {
                  "Node Type": "Hash Join",
                  "Parent Relationship": "Outer",
                  "Parallel Aware": true,
                  "Join Type": "Inner",
                  "Startup Cost": 70828.63,
                  "Total Cost": 428640.54,
                  "Plan Rows": 1114818,
                  "Plan Width": 0,
                  "Actual Startup Time": 604.963,
                  "Actual Total Time": 1466.866,
                  "Actual Rows": 2407692,
                  "Actual Loops": 7,
                  "Inner Unique": false,
                  "Hash Cond": "(ci.movie_id = t.id)",
                  "Plans": [
                    {
                      "Node Type": "Seq Scan",
                      "Parent Relationship": "Outer",
                      "Parallel Aware": true,
                      "Relation Name": "cast_info",
                      "Alias": "ci",
                      "Startup Cost": 0.0,
                      "Total Cost": 343318.94,
                      "Plan Rows": 2626107,
                      "Plan Width": 4,
                      "Actual Startup Time": 295.288,
                      "Actual Total Time": 586.168,
                      "Actual Rows": 2281147,
                      "Actual Loops": 7,
                      "Filter": "((person_id > 64194) AND (role_id > 2))",
                      "Rows Removed by Filter": 2896617
                    },
                    {
                      "Node Type": "Hash",
                      "Parent Relationship": "Inner",
                      "Parallel Aware": true,
                      "Startup Cost": 65238.49,
                      "Total Cost": 65238.49,
                      "Plan Rows": 447211,
                      "Plan Width": 8,
                      "Actual Startup Time": 306.063,
                      "Actual Total Time": 306.5,
                      "Actual Rows": 154877,
                      "Actual Loops": 7,
                      "Hash Buckets": 2097152,
                      "Original Hash Buckets": 2097152,
                      "Hash Batches": 1,
                      "Original Hash Batches": 1,
                      "Peak Memory Usage": 58944,
                      "Plans": [
                        {
                          "Node Type": "Hash Join",
                          "Parent Relationship": "Outer",
                          "Parallel Aware": true,
                          "Join Type": "Inner",
                          "Startup Cost": 50043.93,
                          "Total Cost": 65238.49,
                          "Plan Rows": 447211,
                          "Plan Width": 8,
                          "Actual Startup Time": 192.098,
                          "Actual Total Time": 258.976,
                          "Actual Rows": 154877,
                          "Actual Loops": 7,
                          "Inner Unique": true,
                          "Hash Cond": "(mi_idx.movie_id = t.id)",
                          "Plans": [
                            {
                              "Node Type": "Seq Scan",
                              "Parent Relationship": "Outer",
                              "Parallel Aware": true,
                              "Relation Name": "movie_info_idx",
                              "Alias": "mi_idx",
                              "Startup Cost": 0.0,
                              "Total Cost": 13685.15,
                              "Plan Rows": 575015,
                              "Plan Width": 4,
                              "Actual Startup Time": 0.026,
                              "Actual Total Time": 17.579,
                              "Actual Rows": 197148,
                              "Actual Loops": 7
                            },
                            {
                              "Node Type": "Hash",
                              "Parent Relationship": "Inner",
                              "Parallel Aware": true,
                              "Startup Cost": 43899.01,
                              "Total Cost": 43899.01,
                              "Plan Rows": 491594,
                              "Plan Width": 4,
                              "Actual Startup Time": 190.091,
                              "Actual Total Time": 190.092,
                              "Actual Rows": 282374,
                              "Actual Loops": 7,
                              "Hash Buckets": 2097152,
                              "Original Hash Buckets": 2097152,
                              "Hash Batches": 1,
                              "Original Hash Batches": 1,
                              "Peak Memory Usage": 93824,
                              "Plans": [
                                {
                                  "Node Type": "Seq Scan",
                                  "Parent Relationship": "Outer",
                                  "Parallel Aware": true,
                                  "Relation Name": "title",
                                  "Alias": "t",
                                  "Startup Cost": 0.0,
                                  "Total Cost": 43899.01,
                                  "Plan Rows": 491594,
                                  "Plan Width": 4,
                                  "Actual Startup Time": 0.045,
                                  "Actual Total Time": 71.819,
                                  "Actual Rows": 282374,
                                  "Actual Loops": 7,
                                  "Filter": "(production_year > 1977)",
                                  "Rows Removed by Filter": 78814
                                }
                              ]
                            }
                          ]
                        }
                      ]
                    }
                  ]
                }
              ]
            }
          ]
        }
      ]
    },
    "Planning Time": 0.781,
    "Triggers": [],
    "Execution Time": 1621.093
  }
]