[
  {
    "Plan": {
      "Node Type": "Aggregate",
      "Strategy": "Plain",
      "Partial Mode": "Finalize",
      "Parallel Aware": false,
      "Startup Cost": 30351.24,
      "Total Cost": 30351.25,
      "Plan Rows": 1,
      "Plan Width": 8,
      "Actual Startup Time": 132.67,
      "Actual Total Time": 157.478,
      "Actual Rows": 1,
      "Actual Loops": 1,
      "Plans": [
        {
          "Node Type": "Gather",
          "Parent Relationship": "Outer",
          "Parallel Aware": false,
          "Startup Cost": 30351.03,
          "Total Cost": 30351.24,
          "Plan Rows": 2,
          "Plan Width": 8,
          "Actual Startup Time": 132.339,
          "Actual Total Time": 157.47,
          "Actual Rows": 3,
          "Actual Loops": 1,
          "Workers Planned": 2,
          "Workers Launched": 2,
          "Single Copy": false,
          "Plans": [
            {
              "Node Type": "Aggregate",
              "Strategy": "Plain",
              "Partial Mode": "Partial",
              "Parent Relationship": "Outer",
              "Parallel Aware": false,
              "Startup Cost": 29351.03,
              "Total Cost": 29351.04,
              "Plan Rows": 1,
              "Plan Width": 8,
              "Actual Startup Time": 124.013,
              "Actual Total Time": 124.015,
              "Actual Rows": 1,
              "Actual Loops": 3,
              "Plans": [
                {
                  "Node Type": "Nested Loop",
                  "Parent Relationship": "Outer",
                  "Parallel Aware": false,
                  "Join Type": "Inner",
                  "Startup Cost": 107.17,
                  "Total Cost": 29336.68,
                  "Plan Rows": 5739,
                  "Plan Width": 0,
                  "Actual Startup Time": 1.896,
                  "Actual Total Time": 122.238,
                  "Actual Rows": 21993,
                  "Actual Loops": 3,
                  "Inner Unique": false,
                  "Plans": [
                    {
                      "Node Type": "Nested Loop",
                      "Parent Relationship": "Outer",
                      "Parallel Aware": false,
                      "Join Type": "Inner",
                      "Startup Cost": 106.6,
                      "Total Cost": 26087.85,
                      "Plan Rows": 1340,
                      "Plan Width": 8,
                      "Actual Startup Time": 1.495,
                      "Actual Total Time": 14.704,
                      "Actual Rows": 1170,
                      "Actual Loops": 3,
                      "Inner Unique": true,
                      "Plans": [
                        {
                          "Node Type": "Bitmap Heap Scan",
                          "Parent Relationship": "Outer",
                          "Parallel Aware": true,
                          "Relation Name": "movie_companies",
                          "Alias": "mc",
                          "Startup Cost": 106.17,
                          "Total Cost": 11182.62,
                          "Plan Rows": 2029,
                          "Plan Width": 4,
                          "Actual Startup Time": 1.345,
                          "Actual Total Time": 3.661,
                          "Actual Rows": 1514,
                          "Actual Loops": 3,
                          "Recheck Cond": "(company_id = 52)",
                          "Rows Removed by Index Recheck": 0,
                          "Exact Heap Blocks": 1075,
                          "Lossy Heap Blocks": 0,
                          "Plans": [
                            {
                              "Node Type": "Bitmap Index Scan",
                              "Parent Relationship": "Outer",
                              "Parallel Aware": false,
                              "Index Name": "company_id_movie_companies",
                              "Startup Cost": 0.0,
                              "Total Cost": 104.96,
                              "Plan Rows": 4870,
                              "Plan Width": 0,
                              "Actual Startup Time": 2.927,
                              "Actual Total Time": 2.928,
                              "Actual Rows": 4542,
                              "Actual Loops": 1,
                              "Index Cond": "(company_id = 52)"
                            }
                          ]
                        },
                        {
                          "Node Type": "Index Scan",
                          "Parent Relationship": "Inner",
                          "Parallel Aware": false,
                          "Scan Direction": "Forward",
                          "Index Name": "title_pkey",
                          "Relation Name": "title",
                          "Alias": "t",
                          "Startup Cost": 0.43,
                          "Total Cost": 7.35,
                          "Plan Rows": 1,
                          "Plan Width": 4,
                          "Actual Startup Time": 0.007,
                          "Actual Total Time": 0.007,
                          "Actual Rows": 1,
                          "Actual Loops": 4542,
                          "Index Cond": "(id = mc.movie_id)",
                          "Rows Removed by Index Recheck": 0,
                          "Filter": "(production_year < 2008)",
                          "Rows Removed by Filter": 0
                        }
                      ]
                    },
                    {
                      "Node Type": "Index Scan",
                      "Parent Relationship": "Inner",
                      "Parallel Aware": false,
                      "Scan Direction": "Forward",
                      "Index Name": "movie_id_cast_info",
                      "Relation Name": "cast_info",
                      "Alias": "ci",
                      "Startup Cost": 0.56,
                      "Total Cost": 2.31,
                      "Plan Rows": 11,
                      "Plan Width": 4,
                      "Actual Startup Time": 0.044,
                      "Actual Total Time": 0.09,
                      "Actual Rows": 19,
                      "Actual Loops": 3511,
                      "Index Cond": "(movie_id = t.id)",
                      "Rows Removed by Index Recheck": 0,
                      "Filter": "((person_id > 1983161) AND (role_id > 1))",
                      "Rows Removed by Filter": 26
                    }
                  ]
                }
              ]
            }
          ]
        }
      ]
    },
    "Planning Time": 1.509,
    "Triggers": [],
    "Execution Time": 157.59
  }
]