[
  {
    "Plan": {
      "Node Type": "Aggregate",
      "Strategy": "Plain",
      "Partial Mode": "Finalize",
      "Parallel Aware": false,
      "Startup Cost": 408986.5,
      "Total Cost": 408986.51,
      "Plan Rows": 1,
      "Plan Width": 8,
      "Actual Startup Time": 2275.698,
      "Actual Total Time": 2332.072,
      "Actual Rows": 1,
      "Actual Loops": 1,
      "Plans": [
        {
          "Node Type": "Gather",
          "Parent Relationship": "Outer",
          "Parallel Aware": false,
          "Startup Cost": 408986.18,
          "Total Cost": 408986.49,
          "Plan Rows": 3,
          "Plan Width": 8,
          "Actual Startup Time": 2267.799,
          "Actual Total Time": 2332.06,
          "Actual Rows": 4,
          "Actual Loops": 1,
          "Workers Planned": 3,
          "Workers Launched": 3,
          "Single Copy": false,
          "Plans": [
            {
              "Node Type": "Aggregate",
              "Strategy": "Plain",
              "Partial Mode": "Partial",
              "Parent Relationship": "Outer",
              "Parallel Aware": false,
              "Startup Cost": 407986.18,
              "Total Cost": 407986.19,
              "Plan Rows": 1,
              "Plan Width": 8,
              "Actual Startup Time": 2261.256,
              "Actual Total Time": 2261.688,
              "Actual Rows": 1,
              "Actual Loops": 4,
              "Plans": [
                {
                  "Node Type": "Hash Join",
                  "Parent Relationship": "Outer",
                  "Parallel Aware": true,
                  "Join Type": "Inner",
                  "Startup Cost": 374998.04,
                  "Total Cost": 407509.89,
                  "Plan Rows": 190517,
                  "Plan Width": 0,
                  "Actual Startup Time": 1554.553,
                  "Actual Total Time": 2134.313,
                  "Actual Rows": 2400096,
                  "Actual Loops": 4,
                  "Inner Unique": false,
                  "Hash Cond": "(mc.movie_id = t.id)",
                  "Plans": [
                    {
                      "Node Type": "Seq Scan",
                      "Parent Relationship": "Outer",
                      "Parallel Aware": true,
                      "Relation Name": "movie_companies",
                      "Alias": "mc",
                      "Startup Cost": 0.0,
                      "Total Cost": 29310.68,
                      "Plan Rows": 768971,
                      "Plan Width": 4,
                      "Actual Startup Time": 0.035,
                      "Actual Total Time": 91.762,
                      "Actual Rows": 597062,
                      "Actual Loops": 4,
                      "Filter": "(company_id > 73)",
                      "Rows Removed by Filter": 55220
                    },
                    {
                      "Node Type": "Hash",
                      "Parent Relationship": "Inner",
                      "Parallel Aware": true,
                      "Startup Cost": 373692.98,
                      "Total Cost": 373692.98,
                      "Plan Rows": 104405,
                      "Plan Width": 8,
                      "Actual Startup Time": 1550.839,
                      "Actual Total Time": 1551.269,
                      "Actual Rows": 443571,
                      "Actual Loops": 4,
                      "Hash Buckets": 2097152,
                      "Original Hash Buckets": 1048576,
                      "Hash Batches": 1,
                      "Original Hash Batches": 1,
                      "Peak Memory Usage": 94048,
                      "Plans": [
                        {
                          "Node Type": "Hash Join",
                          "Parent Relationship": "Outer",
                          "Parallel Aware": true,
                          "Join Type": "Inner",
                          "Startup Cost": 47429.71,
                          "Total Cost": 373692.98,
                          "Plan Rows": 104405,
                          "Plan Width": 8,
                          "Actual Startup Time": 171.657,
                          "Actual Total Time": 1332.637,
                          "Actual Rows": 443571,
                          "Actual Loops": 4,
                          "Inner Unique": true,
                          "Hash Cond": "(ci.movie_id = t.id)",
                          "Plans": [
                            {
                              "Node Type": "Index Scan",
                              "Parent Relationship": "Outer",
                              "Parallel Aware": true,
                              "Scan Direction": "Forward",
                              "Index Name": "role_id_cast_info",
                              "Relation Name": "cast_info",
                              "Alias": "ci",
                              "Startup Cost": 0.56,
                              "Total Cost": 325153.08,
                              "Plan Rows": 423141,
                              "Plan Width": 4,
                              "Actual Startup Time": 0.209,
                              "Actual Total Time": 665.249,
                              "Actual Rows": 1650930,
                              "Actual Loops": 4,
                              "Index Cond": "(role_id > 3)",
                              "Rows Removed by Index Recheck": 0,
                              "Filter": "(person_id > 2918645)",
                              "Rows Removed by Filter": 1377482
                            },
                            {
                              "Node Type": "Hash",
                              "Parent Relationship": "Inner",
                              "Parallel Aware": true,
                              "Startup Cost": 45479.59,
                              "Total Cost": 45479.59,
                              "Plan Rows": 155965,
                              "Plan Width": 4,
                              "Actual Startup Time": 168.952,
                              "Actual Total Time": 168.954,
                              "Actual Rows": 126881,
                              "Actual Loops": 4,
                              "Hash Buckets": 1048576,
                              "Original Hash Buckets": 1048576,
                              "Hash Batches": 1,
                              "Original Hash Batches": 1,
                              "Peak Memory Usage": 28128,
                              "Plans": [
                                {
                                  "Node Type": "Seq Scan",
                                  "Parent Relationship": "Outer",
                                  "Parallel Aware": true,
                                  "Relation Name": "title",
                                  "Alias": "t",
                                  "Startup Cost": 0.0,
                                  "Total Cost": 45479.59,
                                  "Plan Rows": 155965,
                                  "Plan Width": 4,
                                  "Actual Startup Time": 0.045,
                                  "Actual Total Time": 113.431,
                                  "Actual Rows": 126881,
                                  "Actual Loops": 4,
                                  "Filter": "((kind_id < 3) AND (production_year > 1970))",
                                  "Rows Removed by Filter": 505197
                                }
                              ]
                            }
                          ]
                        }
                      ]
                    }
                  ]
                }
              ]
            }
          ]
        }
      ]
    },
    "Planning Time": 0.706,
    "Triggers": [],
    "Execution Time": 2332.145
  }
]