[
  {
    "Plan": {
      "Node Type": "Aggregate",
      "Strategy": "Plain",
      "Partial Mode": "Finalize",
      "Parallel Aware": false,
      "Startup Cost": 45425.0,
      "Total Cost": 45425.01,
      "Plan Rows": 1,
      "Plan Width": 8,
      "Actual Startup Time": 153.184,
      "Actual Total Time": 162.898,
      "Actual Rows": 1,
      "Actual Loops": 1,
      "Plans": [
        {
          "Node Type": "Gather",
          "Parent Relationship": "Outer",
          "Parallel Aware": false,
          "Startup Cost": 45424.68,
          "Total Cost": 45424.99,
          "Plan Rows": 3,
          "Plan Width": 8,
          "Actual Startup Time": 153.062,
          "Actual Total Time": 162.889,
          "Actual Rows": 4,
          "Actual Loops": 1,
          "Workers Planned": 3,
          "Workers Launched": 3,
          "Single Copy": false,
          "Plans": [
            {
              "Node Type": "Aggregate",
              "Strategy": "Plain",
              "Partial Mode": "Partial",
              "Parent Relationship": "Outer",
              "Parallel Aware": false,
              "Startup Cost": 44424.68,
              "Total Cost": 44424.69,
              "Plan Rows": 1,
              "Plan Width": 8,
              "Actual Startup Time": 146.387,
              "Actual Total Time": 146.388,
              "Actual Rows": 1,
              "Actual Loops": 4,
              "Plans": [
                {
                  "Node Type": "Seq Scan",
                  "Parent Relationship": "Outer",
                  "Parallel Aware": true,
                  "Relation Name": "movie_keyword",
                  "Alias": "mk",
                  "Startup Cost": 0.0,
                  "Total Cost": 42695.65,
                  "Plan Rows": 691611,
                  "Plan Width": 0,
                  "Actual Startup Time": 0.8,
                  "Actual Total Time": 119.951,
                  "Actual Rows": 536352,
                  "Actual Loops": 4,
                  "Filter": "(keyword_id > 5443)",
                  "Rows Removed by Filter": 594630
                }
              ]
            }
          ]
        }
      ]
    },
    "Planning Time": 0.181,
    "Triggers": [],
    "Execution Time": 162.952
  }
]