[
    {
        "Bao": {
            "Bao prediction": "NaN",
            "Bao recommended hint": "(no hint)"
        }
    },
    {
        "Plan": {
            "Node Type": "Aggregate",
            "Strategy": "Plain",
            "Partial Mode": "Finalize",
            "Parallel Aware": false,
            "Startup Cost": 270824.58,
            "Total Cost": 270824.59,
            "Plan Rows": 1,
            "Plan Width": 8,
            "Actual Startup Time": 81.204,
            "Actual Total Time": 84.158,
            "Actual Rows": 1,
            "Actual Loops": 1,
            "Output": [
                "count(*)"
            ],
            "Plans": [
                {
                    "Node Type": "Gather",
                    "Parent Relationship": "Outer",
                    "Parallel Aware": false,
                    "Startup Cost": 270824.06,
                    "Total Cost": 270824.57,
                    "Plan Rows": 5,
                    "Plan Width": 8,
                    "Actual Startup Time": 80.999,
                    "Actual Total Time": 84.15,
                    "Actual Rows": 6,
                    "Actual Loops": 1,
                    "Output": [
                        "(PARTIAL count(*))"
                    ],
                    "Workers Planned": 5,
                    "Workers Launched": 5,
                    "Single Copy": false,
                    "Plans": [
                        {
                            "Node Type": "Aggregate",
                            "Strategy": "Plain",
                            "Partial Mode": "Partial",
                            "Parent Relationship": "Outer",
                            "Parallel Aware": false,
                            "Startup Cost": 269824.06,
                            "Total Cost": 269824.07,
                            "Plan Rows": 1,
                            "Plan Width": 8,
                            "Actual Startup Time": 70.321,
                            "Actual Total Time": 70.322,
                            "Actual Rows": 1,
                            "Actual Loops": 6,
                            "Output": [
                                "PARTIAL count(*)"
                            ],
                            "Workers": [
                                {
                                    "Worker Number": 0,
                                    "Actual Startup Time": 67.779,
                                    "Actual Total Time": 67.78,
                                    "Actual Rows": 1,
                                    "Actual Loops": 1
                                },
                                {
                                    "Worker Number": 1,
                                    "Actual Startup Time": 67.429,
                                    "Actual Total Time": 67.43,
                                    "Actual Rows": 1,
                                    "Actual Loops": 1
                                },
                                {
                                    "Worker Number": 2,
                                    "Actual Startup Time": 68.486,
                                    "Actual Total Time": 68.487,
                                    "Actual Rows": 1,
                                    "Actual Loops": 1
                                },
                                {
                                    "Worker Number": 3,
                                    "Actual Startup Time": 68.425,
                                    "Actual Total Time": 68.426,
                                    "Actual Rows": 1,
                                    "Actual Loops": 1
                                },
                                {
                                    "Worker Number": 4,
                                    "Actual Startup Time": 69.586,
                                    "Actual Total Time": 69.587,
                                    "Actual Rows": 1,
                                    "Actual Loops": 1
                                }
                            ],
                            "Plans": [
                                {
                                    "Node Type": "Bitmap Heap Scan",
                                    "Parent Relationship": "Outer",
                                    "Parallel Aware": true,
                                    "Relation Name": "cast_info",
                                    "Schema": "public",
                                    "Alias": "ci",
                                    "Startup Cost": 10004.21,
                                    "Total Cost": 269743.71,
                                    "Plan Rows": 32141,
                                    "Plan Width": 0,
                                    "Actual Startup Time": 29.904,
                                    "Actual Total Time": 64.079,
                                    "Actual Rows": 57136,
                                    "Actual Loops": 6,
                                    "Recheck Cond": "(ci.person_id < 51840)",
                                    "Rows Removed by Index Recheck": 0,
                                    "Filter": "(ci.role_id < 2)",
                                    "Rows Removed by Filter": 19383,
                                    "Exact Heap Blocks": 1599,
                                    "Lossy Heap Blocks": 0,
                                    "Workers": [
                                        {
                                            "Worker Number": 0,
                                            "Actual Startup Time": 27.68,
                                            "Actual Total Time": 61.751,
                                            "Actual Rows": 45646,
                                            "Actual Loops": 1
                                        },
                                        {
                                            "Worker Number": 1,
                                            "Actual Startup Time": 27.023,
                                            "Actual Total Time": 61.357,
                                            "Actual Rows": 45763,
                                            "Actual Loops": 1
                                        },
                                        {
                                            "Worker Number": 2,
                                            "Actual Startup Time": 28.024,
                                            "Actual Total Time": 62.464,
                                            "Actual Rows": 43978,
                                            "Actual Loops": 1
                                        },
                                        {
                                            "Worker Number": 3,
                                            "Actual Startup Time": 28.132,
                                            "Actual Total Time": 62.373,
                                            "Actual Rows": 43202,
                                            "Actual Loops": 1
                                        },
                                        {
                                            "Worker Number": 4,
                                            "Actual Startup Time": 29.141,
                                            "Actual Total Time": 63.475,
                                            "Actual Rows": 46578,
                                            "Actual Loops": 1
                                        }
                                    ],
                                    "Plans": [
                                        {
                                            "Node Type": "Bitmap Index Scan",
                                            "Parent Relationship": "Outer",
                                            "Parallel Aware": false,
                                            "Index Name": "person_id_cast_info",
                                            "Startup Cost": 0.0,
                                            "Total Cost": 9964.03,
                                            "Plan Rows": 456462,
                                            "Plan Width": 0,
                                            "Actual Startup Time": 38.371,
                                            "Actual Total Time": 38.371,
                                            "Actual Rows": 459110,
                                            "Actual Loops": 1,
                                            "Index Cond": "(ci.person_id < 51840)"
                                        }
                                    ]
                                }
                            ]
                        }
                    ]
                }
            ]
        },
        "Planning Time": 355.654,
        "Triggers": [],
        "Execution Time": 84.26
    }
]