[
  {
    "Plan": {
      "Node Type": "Aggregate",
      "Strategy": "Plain",
      "Partial Mode": "Finalize",
      "Parallel Aware": false,
      "Startup Cost": 17712.37,
      "Total Cost": 17712.38,
      "Plan Rows": 1,
      "Plan Width": 8,
      "Actual Startup Time": 16.847,
      "Actual Total Time": 19.483,
      "Actual Rows": 1,
      "Actual Loops": 1,
      "Plans": [
        {
          "Node Type": "Gather",
          "Parent Relationship": "Outer",
          "Parallel Aware": false,
          "Startup Cost": 17712.16,
          "Total Cost": 17712.37,
          "Plan Rows": 2,
          "Plan Width": 8,
          "Actual Startup Time": 16.664,
          "Actual Total Time": 19.477,
          "Actual Rows": 3,
          "Actual Loops": 1,
          "Workers Planned": 2,
          "Workers Launched": 2,
          "Single Copy": false,
          "Plans": [
            {
              "Node Type": "Aggregate",
              "Strategy": "Plain",
              "Partial Mode": "Partial",
              "Parent Relationship": "Outer",
              "Parallel Aware": false,
              "Startup Cost": 16712.16,
              "Total Cost": 16712.17,
              "Plan Rows": 1,
              "Plan Width": 8,
              "Actual Startup Time": 11.232,
              "Actual Total Time": 11.235,
              "Actual Rows": 1,
              "Actual Loops": 3,
              "Plans": [
                {
                  "Node Type": "Nested Loop",
                  "Parent Relationship": "Outer",
                  "Parallel Aware": false,
                  "Join Type": "Inner",
                  "Startup Cost": 92.45,
                  "Total Cost": 16711.96,
                  "Plan Rows": 79,
                  "Plan Width": 0,
                  "Actual Startup Time": 3.242,
                  "Actual Total Time": 11.223,
                  "Actual Rows": 22,
                  "Actual Loops": 3,
                  "Inner Unique": false,
                  "Plans": [
                    {
                      "Node Type": "Nested Loop",
                      "Parent Relationship": "Outer",
                      "Parallel Aware": false,
                      "Join Type": "Inner",
                      "Startup Cost": 92.02,
                      "Total Cost": 16582.6,
                      "Plan Rows": 218,
                      "Plan Width": 8,
                      "Actual Startup Time": 1.474,
                      "Actual Total Time": 8.764,
                      "Actual Rows": 613,
                      "Actual Loops": 3,
                      "Inner Unique": true,
                      "Plans": [
                        {
                          "Node Type": "Bitmap Heap Scan",
                          "Parent Relationship": "Outer",
                          "Parallel Aware": true,
                          "Relation Name": "movie_companies",
                          "Alias": "mc",
                          "Startup Cost": 91.59,
                          "Total Cost": 9965.46,
                          "Plan Rows": 833,
                          "Plan Width": 4,
                          "Actual Startup Time": 1.343,
                          "Actual Total Time": 4.313,
                          "Actual Rows": 613,
                          "Actual Loops": 3,
                          "Recheck Cond": "(company_id = 11244)",
                          "Rows Removed by Index Recheck": 0,
                          "Filter": "(company_type_id < 2)",
                          "Rows Removed by Filter": 652,
                          "Exact Heap Blocks": 1296,
                          "Lossy Heap Blocks": 0,
                          "Plans": [
                            {
                              "Node Type": "Bitmap Index Scan",
                              "Parent Relationship": "Outer",
                              "Parallel Aware": false,
                              "Index Name": "company_id_movie_companies",
                              "Startup Cost": 0.0,
                              "Total Cost": 91.09,
                              "Plan Rows": 4088,
                              "Plan Width": 0,
                              "Actual Startup Time": 3.554,
                              "Actual Total Time": 3.554,
                              "Actual Rows": 3796,
                              "Actual Loops": 1,
                              "Index Cond": "(company_id = 11244)"
                            }
                          ]
                        },
                        {
                          "Node Type": "Index Scan",
                          "Parent Relationship": "Inner",
                          "Parallel Aware": false,
                          "Scan Direction": "Forward",
                          "Index Name": "title_pkey",
                          "Relation Name": "title",
                          "Alias": "t",
                          "Startup Cost": 0.43,
                          "Total Cost": 7.94,
                          "Plan Rows": 1,
                          "Plan Width": 4,
                          "Actual Startup Time": 0.007,
                          "Actual Total Time": 0.007,
                          "Actual Rows": 1,
                          "Actual Loops": 1840,
                          "Index Cond": "(id = mc.movie_id)",
                          "Rows Removed by Index Recheck": 0,
                          "Filter": "(kind_id = 1)",
                          "Rows Removed by Filter": 0
                        }
                      ]
                    },
                    {
                      "Node Type": "Index Scan",
                      "Parent Relationship": "Inner",
                      "Parallel Aware": false,
                      "Scan Direction": "Forward",
                      "Index Name": "movie_id_movie_info_idx",
                      "Relation Name": "movie_info_idx",
                      "Alias": "mi_idx",
                      "Startup Cost": 0.43,
                      "Total Cost": 0.57,
                      "Plan Rows": 2,
                      "Plan Width": 4,
                      "Actual Startup Time": 0.004,
                      "Actual Total Time": 0.004,
                      "Actual Rows": 0,
                      "Actual Loops": 1840,
                      "Index Cond": "(movie_id = t.id)",
                      "Rows Removed by Index Recheck": 0,
                      "Filter": "(info_type_id < 101)",
                      "Rows Removed by Filter": 0
                    }
                  ]
                }
              ]
            }
          ]
        }
      ]
    },
    "Planning Time": 0.457,
    "Triggers": [],
    "Execution Time": 19.54
  }
]