[
    {
        "Bao": {
            "Bao prediction": 739.666,
            "Bao recommended hint": "(no hint)"
        }
    },
    {
        "Plan": {
            "Node Type": "Aggregate",
            "Strategy": "Plain",
            "Partial Mode": "Finalize",
            "Parallel Aware": false,
            "Startup Cost": 399590.1,
            "Total Cost": 399590.11,
            "Plan Rows": 1,
            "Plan Width": 8,
            "Actual Startup Time": 1285.419,
            "Actual Total Time": 1319.967,
            "Actual Rows": 1,
            "Actual Loops": 1,
            "Output": [
                "count(*)"
            ],
            "Plans": [
                {
                    "Node Type": "Gather",
                    "Parent Relationship": "Outer",
                    "Parallel Aware": false,
                    "Startup Cost": 399589.47,
                    "Total Cost": 399590.08,
                    "Plan Rows": 6,
                    "Plan Width": 8,
                    "Actual Startup Time": 1282.714,
                    "Actual Total Time": 1319.955,
                    "Actual Rows": 7,
                    "Actual Loops": 1,
                    "Output": [
                        "(PARTIAL count(*))"
                    ],
                    "Workers Planned": 6,
                    "Workers Launched": 6,
                    "Single Copy": false,
                    "Plans": [
                        {
                            "Node Type": "Aggregate",
                            "Strategy": "Plain",
                            "Partial Mode": "Partial",
                            "Parent Relationship": "Outer",
                            "Parallel Aware": false,
                            "Startup Cost": 398589.47,
                            "Total Cost": 398589.48,
                            "Plan Rows": 1,
                            "Plan Width": 8,
                            "Actual Startup Time": 1272.949,
                            "Actual Total Time": 1272.952,
                            "Actual Rows": 1,
                            "Actual Loops": 7,
                            "Output": [
                                "PARTIAL count(*)"
                            ],
                            "Workers": [
                                {
                                    "Worker Number": 0,
                                    "Actual Startup Time": 1270.855,
                                    "Actual Total Time": 1270.858,
                                    "Actual Rows": 1,
                                    "Actual Loops": 1
                                },
                                {
                                    "Worker Number": 1,
                                    "Actual Startup Time": 1270.89,
                                    "Actual Total Time": 1270.893,
                                    "Actual Rows": 1,
                                    "Actual Loops": 1
                                },
                                {
                                    "Worker Number": 2,
                                    "Actual Startup Time": 1271.479,
                                    "Actual Total Time": 1271.482,
                                    "Actual Rows": 1,
                                    "Actual Loops": 1
                                },
                                {
                                    "Worker Number": 3,
                                    "Actual Startup Time": 1271.357,
                                    "Actual Total Time": 1271.361,
                                    "Actual Rows": 1,
                                    "Actual Loops": 1
                                },
                                {
                                    "Worker Number": 4,
                                    "Actual Startup Time": 1271.985,
                                    "Actual Total Time": 1271.988,
                                    "Actual Rows": 1,
                                    "Actual Loops": 1
                                },
                                {
                                    "Worker Number": 5,
                                    "Actual Startup Time": 1272.267,
                                    "Actual Total Time": 1272.27,
                                    "Actual Rows": 1,
                                    "Actual Loops": 1
                                }
                            ],
                            "Plans": [
                                {
                                    "Node Type": "Hash Join",
                                    "Parent Relationship": "Outer",
                                    "Parallel Aware": true,
                                    "Join Type": "Inner",
                                    "Startup Cost": 46455.12,
                                    "Total Cost": 397661.61,
                                    "Plan Rows": 371144,
                                    "Plan Width": 0,
                                    "Actual Startup Time": 361.81,
                                    "Actual Total Time": 1264.552,
                                    "Actual Rows": 120243,
                                    "Actual Loops": 7,
                                    "Inner Unique": true,
                                    "Hash Cond": "(ci.movie_id = t.id)",
                                    "Workers": [
                                        {
                                            "Worker Number": 0,
                                            "Actual Startup Time": 359.415,
                                            "Actual Total Time": 1262.34,
                                            "Actual Rows": 112869,
                                            "Actual Loops": 1
                                        },
                                        {
                                            "Worker Number": 1,
                                            "Actual Startup Time": 359.92,
                                            "Actual Total Time": 1262.688,
                                            "Actual Rows": 108474,
                                            "Actual Loops": 1
                                        },
                                        {
                                            "Worker Number": 2,
                                            "Actual Startup Time": 360.34,
                                            "Actual Total Time": 1263.089,
                                            "Actual Rows": 111359,
                                            "Actual Loops": 1
                                        },
                                        {
                                            "Worker Number": 3,
                                            "Actual Startup Time": 360.749,
                                            "Actual Total Time": 1263.134,
                                            "Actual Rows": 108793,
                                            "Actual Loops": 1
                                        },
                                        {
                                            "Worker Number": 4,
                                            "Actual Startup Time": 360.7,
                                            "Actual Total Time": 1263.585,
                                            "Actual Rows": 111176,
                                            "Actual Loops": 1
                                        },
                                        {
                                            "Worker Number": 5,
                                            "Actual Startup Time": 360.896,
                                            "Actual Total Time": 1263.594,
                                            "Actual Rows": 114553,
                                            "Actual Loops": 1
                                        }
                                    ],
                                    "Plans": [
                                        {
                                            "Node Type": "Seq Scan",
                                            "Parent Relationship": "Outer",
                                            "Parallel Aware": true,
                                            "Relation Name": "cast_info",
                                            "Schema": "public",
                                            "Alias": "ci",
                                            "Startup Cost": 0.0,
                                            "Total Cost": 343318.94,
                                            "Plan Rows": 3004777,
                                            "Plan Width": 4,
                                            "Actual Startup Time": 260.026,
                                            "Actual Total Time": 810.558,
                                            "Actual Rows": 2168287,
                                            "Actual Loops": 7,
                                            "Output": [
                                                "ci.id",
                                                "ci.person_id",
                                                "ci.movie_id",
                                                "ci.person_role_id",
                                                "ci.note",
                                                "ci.nr_order",
                                                "ci.role_id"
                                            ],
                                            "Filter": "((ci.person_id < 2844810) AND (ci.role_id > 1))",
                                            "Rows Removed by Filter": 3009476,
                                            "Workers": [
                                                {
                                                    "Worker Number": 0,
                                                    "Actual Startup Time": 260.114,
                                                    "Actual Total Time": 816.441,
                                                    "Actual Rows": 2015604,
                                                    "Actual Loops": 1
                                                },
                                                {
                                                    "Worker Number": 1,
                                                    "Actual Startup Time": 260.108,
                                                    "Actual Total Time": 817.901,
                                                    "Actual Rows": 1933139,
                                                    "Actual Loops": 1
                                                },
                                                {
                                                    "Worker Number": 2,
                                                    "Actual Startup Time": 259.941,
                                                    "Actual Total Time": 813.787,
                                                    "Actual Rows": 2014076,
                                                    "Actual Loops": 1
                                                },
                                                {
                                                    "Worker Number": 3,
                                                    "Actual Startup Time": 260.121,
                                                    "Actual Total Time": 816.92,
                                                    "Actual Rows": 1935195,
                                                    "Actual Loops": 1
                                                },
                                                {
                                                    "Worker Number": 4,
                                                    "Actual Startup Time": 259.967,
                                                    "Actual Total Time": 812.524,
                                                    "Actual Rows": 2012693,
                                                    "Actual Loops": 1
                                                },
                                                {
                                                    "Worker Number": 5,
                                                    "Actual Startup Time": 259.998,
                                                    "Actual Total Time": 815.06,
                                                    "Actual Rows": 2034521,
                                                    "Actual Loops": 1
                                                }
                                            ]
                                        },
                                        {
                                            "Node Type": "Hash",
                                            "Parent Relationship": "Inner",
                                            "Parallel Aware": true,
                                            "Startup Cost": 45479.21,
                                            "Total Cost": 45479.21,
                                            "Plan Rows": 78073,
                                            "Plan Width": 4,
                                            "Actual Startup Time": 98.855,
                                            "Actual Total Time": 98.856,
                                            "Actual Rows": 28823,
                                            "Actual Loops": 7,
                                            "Output": [
                                                "t.id"
                                            ],
                                            "Hash Buckets": 524288,
                                            "Original Hash Buckets": 524288,
                                            "Hash Batches": 1,
                                            "Original Hash Batches": 1,
                                            "Peak Memory Usage": 12096,
                                            "Workers": [
                                                {
                                                    "Worker Number": 0,
                                                    "Actual Startup Time": 98.564,
                                                    "Actual Total Time": 98.565,
                                                    "Actual Rows": 25437,
                                                    "Actual Loops": 1
                                                },
                                                {
                                                    "Worker Number": 1,
                                                    "Actual Startup Time": 98.552,
                                                    "Actual Total Time": 98.553,
                                                    "Actual Rows": 23986,
                                                    "Actual Loops": 1
                                                },
                                                {
                                                    "Worker Number": 2,
                                                    "Actual Startup Time": 98.977,
                                                    "Actual Total Time": 98.977,
                                                    "Actual Rows": 24863,
                                                    "Actual Loops": 1
                                                },
                                                {
                                                    "Worker Number": 3,
                                                    "Actual Startup Time": 99.057,
                                                    "Actual Total Time": 99.057,
                                                    "Actual Rows": 23529,
                                                    "Actual Loops": 1
                                                },
                                                {
                                                    "Worker Number": 4,
                                                    "Actual Startup Time": 99.713,
                                                    "Actual Total Time": 99.714,
                                                    "Actual Rows": 24523,
                                                    "Actual Loops": 1
                                                },
                                                {
                                                    "Worker Number": 5,
                                                    "Actual Startup Time": 99.91,
                                                    "Actual Total Time": 99.911,
                                                    "Actual Rows": 24896,
                                                    "Actual Loops": 1
                                                }
                                            ],
                                            "Plans": [
                                                {
                                                    "Node Type": "Seq Scan",
                                                    "Parent Relationship": "Outer",
                                                    "Parallel Aware": true,
                                                    "Relation Name": "title",
                                                    "Schema": "public",
                                                    "Alias": "t",
                                                    "Startup Cost": 0.0,
                                                    "Total Cost": 45479.21,
                                                    "Plan Rows": 78073,
                                                    "Plan Width": 4,
                                                    "Actual Startup Time": 0.05,
                                                    "Actual Total Time": 82.966,
                                                    "Actual Rows": 28823,
                                                    "Actual Loops": 7,
                                                    "Output": [
                                                        "t.id"
                                                    ],
                                                    "Filter": "((t.production_year < 1980) AND (t.kind_id = 7))",
                                                    "Rows Removed by Filter": 332364,
                                                    "Workers": [
                                                        {
                                                            "Worker Number": 0,
                                                            "Actual Startup Time": 0.061,
                                                            "Actual Total Time": 83.548,
                                                            "Actual Rows": 25437,
                                                            "Actual Loops": 1
                                                        },
                                                        {
                                                            "Worker Number": 1,
                                                            "Actual Startup Time": 0.045,
                                                            "Actual Total Time": 82.995,
                                                            "Actual Rows": 23986,
                                                            "Actual Loops": 1
                                                        },
                                                        {
                                                            "Worker Number": 2,
                                                            "Actual Startup Time": 0.06,
                                                            "Actual Total Time": 83.48,
                                                            "Actual Rows": 24863,
                                                            "Actual Loops": 1
                                                        },
                                                        {
                                                            "Worker Number": 3,
                                                            "Actual Startup Time": 0.057,
                                                            "Actual Total Time": 83.453,
                                                            "Actual Rows": 23529,
                                                            "Actual Loops": 1
                                                        },
                                                        {
                                                            "Worker Number": 4,
                                                            "Actual Startup Time": 0.05,
                                                            "Actual Total Time": 83.313,
                                                            "Actual Rows": 24523,
                                                            "Actual Loops": 1
                                                        },
                                                        {
                                                            "Worker Number": 5,
                                                            "Actual Startup Time": 0.055,
                                                            "Actual Total Time": 83.871,
                                                            "Actual Rows": 24896,
                                                            "Actual Loops": 1
                                                        }
                                                    ]
                                                }
                                            ]
                                        }
                                    ]
                                }
                            ]
                        }
                    ]
                }
            ]
        },
        "Planning Time": 1644.762,
        "Triggers": [],
        "Execution Time": 1320.081
    }
]