[
  {
    "Plan": {
      "Node Type": "Aggregate",
      "Strategy": "Plain",
      "Partial Mode": "Finalize",
      "Parallel Aware": false,
      "Startup Cost": 32125.4,
      "Total Cost": 32125.41,
      "Plan Rows": 1,
      "Plan Width": 8,
      "Actual Startup Time": 119.853,
      "Actual Total Time": 127.976,
      "Actual Rows": 1,
      "Actual Loops": 1,
      "Plans": [
        {
          "Node Type": "Gather",
          "Parent Relationship": "Outer",
          "Parallel Aware": false,
          "Startup Cost": 32125.08,
          "Total Cost": 32125.39,
          "Plan Rows": 3,
          "Plan Width": 8,
          "Actual Startup Time": 119.723,
          "Actual Total Time": 127.967,
          "Actual Rows": 4,
          "Actual Loops": 1,
          "Workers Planned": 3,
          "Workers Launched": 3,
          "Single Copy": false,
          "Plans": [
            {
              "Node Type": "Aggregate",
              "Strategy": "Plain",
              "Partial Mode": "Partial",
              "Parent Relationship": "Outer",
              "Parallel Aware": false,
              "Startup Cost": 31125.08,
              "Total Cost": 31125.09,
              "Plan Rows": 1,
              "Plan Width": 8,
              "Actual Startup Time": 114.428,
              "Actual Total Time": 114.429,
              "Actual Rows": 1,
              "Actual Loops": 4,
              "Plans": [
                {
                  "Node Type": "Seq Scan",
                  "Parent Relationship": "Outer",
                  "Parallel Aware": true,
                  "Relation Name": "movie_companies",
                  "Alias": "mc",
                  "Startup Cost": 0.0,
                  "Total Cost": 29310.68,
                  "Plan Rows": 725760,
                  "Plan Width": 0,
                  "Actual Startup Time": 0.058,
                  "Actual Total Time": 86.516,
                  "Actual Rows": 563549,
                  "Actual Loops": 4,
                  "Filter": "(company_id > 171)",
                  "Rows Removed by Filter": 88733
                }
              ]
            }
          ]
        }
      ]
    },
    "Planning Time": 0.077,
    "Triggers": [],
    "Execution Time": 128.004
  }
]