{
  "Plan": {
    "Node Type": "Aggregate",
    "Strategy": "Plain",
    "Partial Mode": "Finalize",
    "Parallel Aware": false,
    "Startup Cost": 13572.2,
    "Total Cost": 13572.21,
    "Plan Rows": 1,
    "Plan Width": 8,
    "Actual Startup Time": 20.873,
    "Actual Total Time": 24.071,
    "Actual Rows": 1,
    "Actual Loops": 1,
    "Plans": [
      {
        "Node Type": "Gather",
        "Parent Relationship": "Outer",
        "Parallel Aware": false,
        "Startup Cost": 13572.09,
        "Total Cost": 13572.2,
        "Plan Rows": 1,
        "Plan Width": 8,
        "Actual Startup Time": 20.706,
        "Actual Total Time": 24.061,
        "Actual Rows": 2,
        "Actual Loops": 1,
        "Workers Planned": 1,
        "Workers Launched": 1,
        "Single Copy": false,
        "Plans": [
          {
            "Node Type": "Aggregate",
            "Strategy": "Plain",
            "Partial Mode": "Partial",
            "Parent Relationship": "Outer",
            "Parallel Aware": false,
            "Startup Cost": 12572.09,
            "Total Cost": 12572.1,
            "Plan Rows": 1,
            "Plan Width": 8,
            "Actual Startup Time": 14.706,
            "Actual Total Time": 14.709,
            "Actual Rows": 1,
            "Actual Loops": 2,
            "Plans": [
              {
                "Node Type": "Nested Loop",
                "Parent Relationship": "Outer",
                "Parallel Aware": false,
                "Join Type": "Inner",
                "Startup Cost": 55.42,
                "Total Cost": 12571.13,
                "Plan Rows": 386,
                "Plan Width": 0,
                "Actual Startup Time": 1.709,
                "Actual Total Time": 14.576,
                "Actual Rows": 492,
                "Actual Loops": 2,
                "Inner Unique": true,
                "Plans": [
                  {
                    "Node Type": "Bitmap Heap Scan",
                    "Parent Relationship": "Outer",
                    "Parallel Aware": true,
                    "Relation Name": "movie_companies",
                    "Alias": "mc",
                    "Startup Cost": 54.99,
                    "Total Cost": 6830.85,
                    "Plan Rows": 705,
                    "Plan Width": 4,
                    "Actual Startup Time": 1.582,
                    "Actual Total Time": 6.451,
                    "Actual Rows": 684,
                    "Actual Loops": 2,
                    "Recheck Cond": "(company_id = 401)",
                    "Rows Removed by Index Recheck": 0,
                    "Filter": "(company_type_id < 2)",
                    "Rows Removed by Filter": 996,
                    "Exact Heap Blocks": 1499,
                    "Lossy Heap Blocks": 0,
                    "Plans": [
                      {
                        "Node Type": "Bitmap Index Scan",
                        "Parent Relationship": "Outer",
                        "Parallel Aware": false,
                        "Index Name": "company_id_movie_companies",
                        "Startup Cost": 0.0,
                        "Total Cost": 54.69,
                        "Plan Rows": 2435,
                        "Plan Width": 0,
                        "Actual Startup Time": 2.281,
                        "Actual Total Time": 2.281,
                        "Actual Rows": 3362,
                        "Actual Loops": 1,
                        "Index Cond": "(company_id = 401)"
                      }
                    ]
                  },
                  {
                    "Node Type": "Index Scan",
                    "Parent Relationship": "Inner",
                    "Parallel Aware": false,
                    "Scan Direction": "Forward",
                    "Index Name": "title_pkey",
                    "Relation Name": "title",
                    "Alias": "t",
                    "Startup Cost": 0.43,
                    "Total Cost": 8.14,
                    "Plan Rows": 1,
                    "Plan Width": 4,
                    "Actual Startup Time": 0.011,
                    "Actual Total Time": 0.011,
                    "Actual Rows": 1,
                    "Actual Loops": 1369,
                    "Index Cond": "(id = mc.movie_id)",
                    "Rows Removed by Index Recheck": 0,
                    "Filter": "((kind_id > 1) AND (production_year > 1984))",
                    "Rows Removed by Filter": 0
                  }
                ]
              }
            ]
          }
        ]
      }
    ]
  },
  "Planning Time": 0.716,
  "Triggers": [],
  "Execution Time": 24.169
}