[
  {
    "Plan": {
      "Node Type": "Aggregate",
      "Strategy": "Plain",
      "Partial Mode": "Finalize",
      "Parallel Aware": false,
      "Startup Cost": 31419.64,
      "Total Cost": 31419.65,
      "Plan Rows": 1,
      "Plan Width": 8,
      "Actual Startup Time": 108.147,
      "Actual Total Time": 115.577,
      "Actual Rows": 1,
      "Actual Loops": 1,
      "Plans": [
        {
          "Node Type": "Gather",
          "Parent Relationship": "Outer",
          "Parallel Aware": false,
          "Startup Cost": 31419.32,
          "Total Cost": 31419.63,
          "Plan Rows": 3,
          "Plan Width": 8,
          "Actual Startup Time": 108.071,
          "Actual Total Time": 115.569,
          "Actual Rows": 4,
          "Actual Loops": 1,
          "Workers Planned": 3,
          "Workers Launched": 3,
          "Single Copy": false,
          "Plans": [
            {
              "Node Type": "Aggregate",
              "Strategy": "Plain",
              "Partial Mode": "Partial",
              "Parent Relationship": "Outer",
              "Parallel Aware": false,
              "Startup Cost": 30419.32,
              "Total Cost": 30419.33,
              "Plan Rows": 1,
              "Plan Width": 8,
              "Actual Startup Time": 101.138,
              "Actual Total Time": 101.138,
              "Actual Rows": 1,
              "Actual Loops": 4,
              "Plans": [
                {
                  "Node Type": "Seq Scan",
                  "Parent Relationship": "Outer",
                  "Parallel Aware": true,
                  "Relation Name": "movie_companies",
                  "Alias": "mc",
                  "Startup Cost": 0.0,
                  "Total Cost": 29310.68,
                  "Plan Rows": 443456,
                  "Plan Width": 0,
                  "Actual Startup Time": 21.045,
                  "Actual Total Time": 84.972,
                  "Actual Rows": 346444,
                  "Actual Loops": 4,
                  "Filter": "(company_id > 11138)",
                  "Rows Removed by Filter": 305839
                }
              ]
            }
          ]
        }
      ]
    },
    "Planning Time": 0.202,
    "Triggers": [],
    "Execution Time": 115.638
  }
]