{
  "Plan": {
    "Node Type": "Aggregate",
    "Strategy": "Plain",
    "Partial Mode": "Finalize",
    "Parallel Aware": false,
    "Startup Cost": 342274.4,
    "Total Cost": 342274.41,
    "Plan Rows": 1,
    "Plan Width": 8,
    "Actual Startup Time": 1363.133,
    "Actual Total Time": 1413.372,
    "Actual Rows": 1,
    "Actual Loops": 1,
    "Plans": [
      {
        "Node Type": "Gather",
        "Parent Relationship": "Outer",
        "Parallel Aware": false,
        "Startup Cost": 342274.29,
        "Total Cost": 342274.4,
        "Plan Rows": 1,
        "Plan Width": 8,
        "Actual Startup Time": 1362.898,
        "Actual Total Time": 1413.363,
        "Actual Rows": 2,
        "Actual Loops": 1,
        "Workers Planned": 1,
        "Workers Launched": 1,
        "Single Copy": false,
        "Plans": [
          {
            "Node Type": "Aggregate",
            "Strategy": "Plain",
            "Partial Mode": "Partial",
            "Parent Relationship": "Outer",
            "Parallel Aware": false,
            "Startup Cost": 341274.29,
            "Total Cost": 341274.3,
            "Plan Rows": 1,
            "Plan Width": 8,
            "Actual Startup Time": 1357.307,
            "Actual Total Time": 1357.311,
            "Actual Rows": 1,
            "Actual Loops": 2,
            "Plans": [
              {
                "Node Type": "Hash Join",
                "Parent Relationship": "Outer",
                "Parallel Aware": true,
                "Join Type": "Inner",
                "Startup Cost": 58628.92,
                "Total Cost": 341080.11,
                "Plan Rows": 77672,
                "Plan Width": 0,
                "Actual Startup Time": 204.038,
                "Actual Total Time": 1351.308,
                "Actual Rows": 103554,
                "Actual Loops": 2,
                "Inner Unique": true,
                "Hash Cond": "(mi.movie_id = t.id)",
                "Plans": [
                  {
                    "Node Type": "Seq Scan",
                    "Parent Relationship": "Outer",
                    "Parallel Aware": true,
                    "Relation Name": "movie_info",
                    "Alias": "mi",
                    "Startup Cost": 0.0,
                    "Total Cost": 270696.42,
                    "Plan Rows": 4478001,
                    "Plan Width": 4,
                    "Actual Startup Time": 43.354,
                    "Actual Total Time": 828.348,
                    "Actual Rows": 3774428,
                    "Actual Loops": 2,
                    "Filter": "(info_type_id > 7)",
                    "Rows Removed by Filter": 3643432
                  },
                  {
                    "Node Type": "Hash",
                    "Parent Relationship": "Inner",
                    "Parallel Aware": true,
                    "Startup Cost": 58306.47,
                    "Total Cost": 58306.47,
                    "Plan Rows": 25796,
                    "Plan Width": 4,
                    "Actual Startup Time": 159.809,
                    "Actual Total Time": 159.81,
                    "Actual Rows": 16952,
                    "Actual Loops": 2,
                    "Hash Buckets": 65536,
                    "Original Hash Buckets": 65536,
                    "Hash Batches": 1,
                    "Original Hash Batches": 1,
                    "Peak Memory Usage": 1856,
                    "Plans": [
                      {
                        "Node Type": "Seq Scan",
                        "Parent Relationship": "Outer",
                        "Parallel Aware": true,
                        "Relation Name": "title",
                        "Alias": "t",
                        "Startup Cost": 0.0,
                        "Total Cost": 58306.47,
                        "Plan Rows": 25796,
                        "Plan Width": 4,
                        "Actual Startup Time": 0.355,
                        "Actual Total Time": 154.38,
                        "Actual Rows": 16952,
                        "Actual Loops": 2,
                        "Filter": "((kind_id < 7) AND (production_year = 2006))",
                        "Rows Removed by Filter": 1247204
                      }
                    ]
                  }
                ]
              }
            ]
          }
        ]
      }
    ]
  },
  "Planning Time": 0.504,
  "Triggers": [],
  "Execution Time": 1413.45
}