[
  {
    "Plan": {
      "Node Type": "Aggregate",
      "Strategy": "Plain",
      "Partial Mode": "Finalize",
      "Parallel Aware": false,
      "Startup Cost": 45192.73,
      "Total Cost": 45192.74,
      "Plan Rows": 1,
      "Plan Width": 8,
      "Actual Startup Time": 140.809,
      "Actual Total Time": 153.185,
      "Actual Rows": 1,
      "Actual Loops": 1,
      "Plans": [
        {
          "Node Type": "Gather",
          "Parent Relationship": "Outer",
          "Parallel Aware": false,
          "Startup Cost": 45192.41,
          "Total Cost": 45192.72,
          "Plan Rows": 3,
          "Plan Width": 8,
          "Actual Startup Time": 140.698,
          "Actual Total Time": 153.175,
          "Actual Rows": 4,
          "Actual Loops": 1,
          "Workers Planned": 3,
          "Workers Launched": 3,
          "Single Copy": false,
          "Plans": [
            {
              "Node Type": "Aggregate",
              "Strategy": "Plain",
              "Partial Mode": "Partial",
              "Parent Relationship": "Outer",
              "Parallel Aware": false,
              "Startup Cost": 44192.41,
              "Total Cost": 44192.42,
              "Plan Rows": 1,
              "Plan Width": 8,
              "Actual Startup Time": 132.291,
              "Actual Total Time": 132.292,
              "Actual Rows": 1,
              "Actual Loops": 4,
              "Plans": [
                {
                  "Node Type": "Seq Scan",
                  "Parent Relationship": "Outer",
                  "Parallel Aware": true,
                  "Relation Name": "movie_keyword",
                  "Alias": "mk",
                  "Startup Cost": 0.0,
                  "Total Cost": 42695.65,
                  "Plan Rows": 598703,
                  "Plan Width": 0,
                  "Actual Startup Time": 0.061,
                  "Actual Total Time": 109.74,
                  "Actual Rows": 465137,
                  "Actual Loops": 4,
                  "Filter": "(keyword_id < 3116)",
                  "Rows Removed by Filter": 665846
                }
              ]
            }
          ]
        }
      ]
    },
    "Planning Time": 0.189,
    "Triggers": [],
    "Execution Time": 153.247
  }
]