[
  {
    "Plan": {
      "Node Type": "Aggregate",
      "Strategy": "Plain",
      "Partial Mode": "Finalize",
      "Parallel Aware": false,
      "Startup Cost": 364139.32,
      "Total Cost": 364139.33,
      "Plan Rows": 1,
      "Plan Width": 8,
      "Actual Startup Time": 443.656,
      "Actual Total Time": 512.065,
      "Actual Rows": 1,
      "Actual Loops": 1,
      "Plans": [
        {
          "Node Type": "Gather",
          "Parent Relationship": "Outer",
          "Parallel Aware": false,
          "Startup Cost": 364138.9,
          "Total Cost": 364139.31,
          "Plan Rows": 4,
          "Plan Width": 8,
          "Actual Startup Time": 443.442,
          "Actual Total Time": 512.055,
          "Actual Rows": 5,
          "Actual Loops": 1,
          "Workers Planned": 4,
          "Workers Launched": 4,
          "Single Copy": false,
          "Plans": [
            {
              "Node Type": "Aggregate",
              "Strategy": "Plain",
              "Partial Mode": "Partial",
              "Parent Relationship": "Outer",
              "Parallel Aware": false,
              "Startup Cost": 363138.9,
              "Total Cost": 363138.91,
              "Plan Rows": 1,
              "Plan Width": 8,
              "Actual Startup Time": 433.498,
              "Actual Total Time": 433.499,
              "Actual Rows": 1,
              "Actual Loops": 5,
              "Plans": [
                {
                  "Node Type": "Nested Loop",
                  "Parent Relationship": "Outer",
                  "Parallel Aware": false,
                  "Join Type": "Inner",
                  "Startup Cost": 0.56,
                  "Total Cost": 362816.43,
                  "Plan Rows": 128986,
                  "Plan Width": 0,
                  "Actual Startup Time": 0.286,
                  "Actual Total Time": 426.505,
                  "Actual Rows": 95807,
                  "Actual Loops": 5,
                  "Inner Unique": false,
                  "Plans": [
                    {
                      "Node Type": "Seq Scan",
                      "Parent Relationship": "Outer",
                      "Parallel Aware": true,
                      "Relation Name": "title",
                      "Alias": "t",
                      "Startup Cost": 0.0,
                      "Total Cost": 43898.92,
                      "Plan Rows": 13653,
                      "Plan Width": 4,
                      "Actual Startup Time": 0.038,
                      "Actual Total Time": 62.761,
                      "Actual Rows": 10113,
                      "Actual Loops": 5,
                      "Filter": "(production_year = 1999)",
                      "Rows Removed by Filter": 495550
                    },
                    {
                      "Node Type": "Index Scan",
                      "Parent Relationship": "Inner",
                      "Parallel Aware": false,
                      "Scan Direction": "Forward",
                      "Index Name": "movie_id_cast_info",
                      "Relation Name": "cast_info",
                      "Alias": "ci",
                      "Startup Cost": 0.56,
                      "Total Cost": 23.12,
                      "Plan Rows": 24,
                      "Plan Width": 4,
                      "Actual Startup Time": 0.008,
                      "Actual Total Time": 0.035,
                      "Actual Rows": 9,
                      "Actual Loops": 50564,
                      "Index Cond": "(movie_id = t.id)",
                      "Rows Removed by Index Recheck": 0,
                      "Filter": "(role_id < 4)",
                      "Rows Removed by Filter": 4
                    }
                  ]
                }
              ]
            }
          ]
        }
      ]
    },
    "Planning Time": 0.619,
    "Triggers": [],
    "Execution Time": 512.16
  }
]