[
  {
    "Plan": {
      "Node Type": "Aggregate",
      "Strategy": "Plain",
      "Partial Mode": "Finalize",
      "Parallel Aware": false,
      "Startup Cost": 257698.0,
      "Total Cost": 257698.01,
      "Plan Rows": 1,
      "Plan Width": 8,
      "Actual Startup Time": 432.975,
      "Actual Total Time": 467.848,
      "Actual Rows": 1,
      "Actual Loops": 1,
      "Plans": [
        {
          "Node Type": "Gather",
          "Parent Relationship": "Outer",
          "Parallel Aware": false,
          "Startup Cost": 257697.37,
          "Total Cost": 257697.98,
          "Plan Rows": 6,
          "Plan Width": 8,
          "Actual Startup Time": 432.807,
          "Actual Total Time": 467.829,
          "Actual Rows": 7,
          "Actual Loops": 1,
          "Workers Planned": 6,
          "Workers Launched": 6,
          "Single Copy": false,
          "Plans": [
            {
              "Node Type": "Aggregate",
              "Strategy": "Plain",
              "Partial Mode": "Partial",
              "Parent Relationship": "Outer",
              "Parallel Aware": false,
              "Startup Cost": 256697.37,
              "Total Cost": 256697.38,
              "Plan Rows": 1,
              "Plan Width": 8,
              "Actual Startup Time": 422.754,
              "Actual Total Time": 422.756,
              "Actual Rows": 1,
              "Actual Loops": 7,
              "Plans": [
                {
                  "Node Type": "Index Scan",
                  "Parent Relationship": "Outer",
                  "Parallel Aware": true,
                  "Scan Direction": "Forward",
                  "Index Name": "role_id_cast_info",
                  "Relation Name": "cast_info",
                  "Alias": "ci",
                  "Startup Cost": 0.56,
                  "Total Cost": 253362.23,
                  "Plan Rows": 1334058,
                  "Plan Width": 0,
                  "Actual Startup Time": 0.286,
                  "Actual Total Time": 382.277,
                  "Actual Rows": 645344,
                  "Actual Loops": 7,
                  "Index Cond": "(role_id > 4)",
                  "Rows Removed by Index Recheck": 0,
                  "Filter": "(person_id < 3113052)",
                  "Rows Removed by Filter": 695327
                }
              ]
            }
          ]
        }
      ]
    },
    "Planning Time": 0.184,
    "Triggers": [],
    "Execution Time": 467.923
  }
]