[
  {
    "Plan": {
      "Node Type": "Aggregate",
      "Strategy": "Plain",
      "Partial Mode": "Finalize",
      "Parallel Aware": false,
      "Startup Cost": 259431.2,
      "Total Cost": 259431.21,
      "Plan Rows": 1,
      "Plan Width": 8,
      "Actual Startup Time": 315.347,
      "Actual Total Time": 331.976,
      "Actual Rows": 1,
      "Actual Loops": 1,
      "Plans": [
        {
          "Node Type": "Gather",
          "Parent Relationship": "Outer",
          "Parallel Aware": false,
          "Startup Cost": 259430.57,
          "Total Cost": 259431.18,
          "Plan Rows": 6,
          "Plan Width": 8,
          "Actual Startup Time": 315.229,
          "Actual Total Time": 331.968,
          "Actual Rows": 7,
          "Actual Loops": 1,
          "Workers Planned": 6,
          "Workers Launched": 6,
          "Single Copy": false,
          "Plans": [
            {
              "Node Type": "Aggregate",
              "Strategy": "Plain",
              "Partial Mode": "Partial",
              "Parent Relationship": "Outer",
              "Parallel Aware": false,
              "Startup Cost": 258430.57,
              "Total Cost": 258430.58,
              "Plan Rows": 1,
              "Plan Width": 8,
              "Actual Startup Time": 305.508,
              "Actual Total Time": 305.509,
              "Actual Rows": 1,
              "Actual Loops": 7,
              "Plans": [
                {
                  "Node Type": "Index Scan",
                  "Parent Relationship": "Outer",
                  "Parallel Aware": true,
                  "Scan Direction": "Forward",
                  "Index Name": "role_id_cast_info",
                  "Relation Name": "cast_info",
                  "Alias": "ci",
                  "Startup Cost": 0.56,
                  "Total Cost": 255086.64,
                  "Plan Rows": 1337573,
                  "Plan Width": 0,
                  "Actual Startup Time": 0.174,
                  "Actual Total Time": 275.686,
                  "Actual Rows": 645344,
                  "Actual Loops": 7,
                  "Index Cond": "(role_id > 4)",
                  "Rows Removed by Index Recheck": 0,
                  "Filter": "(person_id < 3113052)",
                  "Rows Removed by Filter": 695327
                }
              ]
            }
          ]
        }
      ]
    },
    "Planning Time": 0.235,
    "Triggers": [],
    "Execution Time": 332.041
  }
]