{
    "Plan": {
        "Node Type": "Aggregate",
        "Strategy": "Plain",
        "Partial Mode": "Finalize",
        "Parallel Aware": false,
        "Startup Cost": 78526.0,
        "Total Cost": 78526.01,
        "Plan Rows": 1,
        "Plan Width": 8,
        "Actual Startup Time": 216.293,
        "Actual Total Time": 228.823,
        "Actual Rows": 1,
        "Actual Loops": 1,
        "Output": [
            "count(*)"
        ],
        "Plans": [
            {
                "Node Type": "Gather",
                "Parent Relationship": "Outer",
                "Parallel Aware": false,
                "Startup Cost": 78525.68,
                "Total Cost": 78525.99,
                "Plan Rows": 3,
                "Plan Width": 8,
                "Actual Startup Time": 215.498,
                "Actual Total Time": 228.815,
                "Actual Rows": 4,
                "Actual Loops": 1,
                "Output": [
                    "(PARTIAL count(*))"
                ],
                "Workers Planned": 3,
                "Workers Launched": 3,
                "Single Copy": false,
                "Plans": [
                    {
                        "Node Type": "Aggregate",
                        "Strategy": "Plain",
                        "Partial Mode": "Partial",
                        "Parent Relationship": "Outer",
                        "Parallel Aware": false,
                        "Startup Cost": 77525.68,
                        "Total Cost": 77525.69,
                        "Plan Rows": 1,
                        "Plan Width": 8,
                        "Actual Startup Time": 206.905,
                        "Actual Total Time": 206.908,
                        "Actual Rows": 1,
                        "Actual Loops": 4,
                        "Output": [
                            "PARTIAL count(*)"
                        ],
                        "Workers": [
                            {
                                "Worker Number": 0,
                                "Actual Startup Time": 204.195,
                                "Actual Total Time": 204.199,
                                "Actual Rows": 1,
                                "Actual Loops": 1
                            },
                            {
                                "Worker Number": 1,
                                "Actual Startup Time": 204.238,
                                "Actual Total Time": 204.242,
                                "Actual Rows": 1,
                                "Actual Loops": 1
                            },
                            {
                                "Worker Number": 2,
                                "Actual Startup Time": 204.25,
                                "Actual Total Time": 204.253,
                                "Actual Rows": 1,
                                "Actual Loops": 1
                            }
                        ],
                        "Plans": [
                            {
                                "Node Type": "Hash Join",
                                "Parent Relationship": "Outer",
                                "Parallel Aware": true,
                                "Join Type": "Inner",
                                "Startup Cost": 45655.91,
                                "Total Cost": 77516.2,
                                "Plan Rows": 3795,
                                "Plan Width": 0,
                                "Actual Startup Time": 170.634,
                                "Actual Total Time": 206.73,
                                "Actual Rows": 2710,
                                "Actual Loops": 4,
                                "Inner Unique": true,
                                "Hash Cond": "(mc.movie_id = t.id)",
                                "Workers": [
                                    {
                                        "Worker Number": 0,
                                        "Actual Startup Time": 160.628,
                                        "Actual Total Time": 203.995,
                                        "Actual Rows": 1776,
                                        "Actual Loops": 1
                                    },
                                    {
                                        "Worker Number": 1,
                                        "Actual Startup Time": 175.557,
                                        "Actual Total Time": 204.066,
                                        "Actual Rows": 2953,
                                        "Actual Loops": 1
                                    },
                                    {
                                        "Worker Number": 2,
                                        "Actual Startup Time": 173.205,
                                        "Actual Total Time": 204.08,
                                        "Actual Rows": 2860,
                                        "Actual Loops": 1
                                    }
                                ],
                                "Plans": [
                                    {
                                        "Node Type": "Seq Scan",
                                        "Parent Relationship": "Outer",
                                        "Parallel Aware": true,
                                        "Relation Name": "movie_companies",
                                        "Schema": "public",
                                        "Alias": "mc",
                                        "Startup Cost": 0.0,
                                        "Total Cost": 31414.82,
                                        "Plan Rows": 169703,
                                        "Plan Width": 4,
                                        "Actual Startup Time": 31.835,
                                        "Actual Total Time": 62.484,
                                        "Actual Rows": 78911,
                                        "Actual Loops": 4,
                                        "Output": [
                                            "mc.id",
                                            "mc.movie_id",
                                            "mc.company_id",
                                            "mc.company_type_id",
                                            "mc.note"
                                        ],
                                        "Filter": "((mc.company_id < 5756) AND (mc.company_type_id > 1))",
                                        "Rows Removed by Filter": 573371,
                                        "Workers": [
                                            {
                                                "Worker Number": 0,
                                                "Actual Startup Time": 31.836,
                                                "Actual Total Time": 63.849,
                                                "Actual Rows": 55637,
                                                "Actual Loops": 1
                                            },
                                            {
                                                "Worker Number": 1,
                                                "Actual Startup Time": 31.828,
                                                "Actual Total Time": 62.627,
                                                "Actual Rows": 85282,
                                                "Actual Loops": 1
                                            },
                                            {
                                                "Worker Number": 2,
                                                "Actual Startup Time": 31.839,
                                                "Actual Total Time": 62.762,
                                                "Actual Rows": 83839,
                                                "Actual Loops": 1
                                            }
                                        ]
                                    },
                                    {
                                        "Node Type": "Hash",
                                        "Parent Relationship": "Inner",
                                        "Parallel Aware": true,
                                        "Startup Cost": 45479.21,
                                        "Total Cost": 45479.21,
                                        "Plan Rows": 14136,
                                        "Plan Width": 4,
                                        "Actual Startup Time": 129.094,
                                        "Actual Total Time": 129.095,
                                        "Actual Rows": 35825,
                                        "Actual Loops": 4,
                                        "Output": [
                                            "t.id"
                                        ],
                                        "Hash Buckets": 262144,
                                        "Original Hash Buckets": 65536,
                                        "Hash Batches": 1,
                                        "Original Hash Batches": 1,
                                        "Peak Memory Usage": 9248,
                                        "Workers": [
                                            {
                                                "Worker Number": 0,
                                                "Actual Startup Time": 126.718,
                                                "Actual Total Time": 126.72,
                                                "Actual Rows": 25426,
                                                "Actual Loops": 1
                                            },
                                            {
                                                "Worker Number": 1,
                                                "Actual Startup Time": 126.945,
                                                "Actual Total Time": 126.947,
                                                "Actual Rows": 35799,
                                                "Actual Loops": 1
                                            },
                                            {
                                                "Worker Number": 2,
                                                "Actual Startup Time": 126.944,
                                                "Actual Total Time": 126.945,
                                                "Actual Rows": 35715,
                                                "Actual Loops": 1
                                            }
                                        ],
                                        "Plans": [
                                            {
                                                "Node Type": "Seq Scan",
                                                "Parent Relationship": "Outer",
                                                "Parallel Aware": true,
                                                "Relation Name": "title",
                                                "Schema": "public",
                                                "Alias": "t",
                                                "Startup Cost": 0.0,
                                                "Total Cost": 45479.21,
                                                "Plan Rows": 14136,
                                                "Plan Width": 4,
                                                "Actual Startup Time": 16.917,
                                                "Actual Total Time": 100.924,
                                                "Actual Rows": 35825,
                                                "Actual Loops": 4,
                                                "Output": [
                                                    "t.id"
                                                ],
                                                "Filter": "((t.kind_id < 7) AND (t.production_year < 1941))",
                                                "Rows Removed by Filter": 596253,
                                                "Workers": [
                                                    {
                                                        "Worker Number": 0,
                                                        "Actual Startup Time": 1.248,
                                                        "Actual Total Time": 99.777,
                                                        "Actual Rows": 25426,
                                                        "Actual Loops": 1
                                                    },
                                                    {
                                                        "Worker Number": 1,
                                                        "Actual Startup Time": 53.277,
                                                        "Actual Total Time": 98.961,
                                                        "Actual Rows": 35799,
                                                        "Actual Loops": 1
                                                    },
                                                    {
                                                        "Worker Number": 2,
                                                        "Actual Startup Time": 0.744,
                                                        "Actual Total Time": 98.796,
                                                        "Actual Rows": 35715,
                                                        "Actual Loops": 1
                                                    }
                                                ]
                                            }
                                        ]
                                    }
                                ]
                            }
                        ]
                    }
                ]
            }
        ]
    },
    "Planning Time": 0.619,
    "Triggers": [],
    "Execution Time": 228.886
}