[
  {
    "Plan": {
      "Node Type": "Aggregate",
      "Strategy": "Plain",
      "Partial Mode": "Finalize",
      "Parallel Aware": false,
      "Startup Cost": 30961.65,
      "Total Cost": 30961.66,
      "Plan Rows": 1,
      "Plan Width": 8,
      "Actual Startup Time": 94.09,
      "Actual Total Time": 101.962,
      "Actual Rows": 1,
      "Actual Loops": 1,
      "Plans": [
        {
          "Node Type": "Gather",
          "Parent Relationship": "Outer",
          "Parallel Aware": false,
          "Startup Cost": 30961.33,
          "Total Cost": 30961.64,
          "Plan Rows": 3,
          "Plan Width": 8,
          "Actual Startup Time": 93.955,
          "Actual Total Time": 101.955,
          "Actual Rows": 4,
          "Actual Loops": 1,
          "Workers Planned": 3,
          "Workers Launched": 3,
          "Single Copy": false,
          "Plans": [
            {
              "Node Type": "Aggregate",
              "Strategy": "Plain",
              "Partial Mode": "Partial",
              "Parent Relationship": "Outer",
              "Parallel Aware": false,
              "Startup Cost": 29961.33,
              "Total Cost": 29961.34,
              "Plan Rows": 1,
              "Plan Width": 8,
              "Actual Startup Time": 88.644,
              "Actual Total Time": 88.645,
              "Actual Rows": 1,
              "Actual Loops": 4,
              "Plans": [
                {
                  "Node Type": "Seq Scan",
                  "Parent Relationship": "Outer",
                  "Parallel Aware": true,
                  "Relation Name": "movie_companies",
                  "Alias": "mc",
                  "Startup Cost": 0.0,
                  "Total Cost": 29310.68,
                  "Plan Rows": 260259,
                  "Plan Width": 0,
                  "Actual Startup Time": 20.589,
                  "Actual Total Time": 78.577,
                  "Actual Rows": 199110,
                  "Actual Loops": 4,
                  "Filter": "(company_id > 30905)",
                  "Rows Removed by Filter": 453172
                }
              ]
            }
          ]
        }
      ]
    },
    "Planning Time": 0.1,
    "Triggers": [],
    "Execution Time": 101.994
  }
]