[
  {
    "Plan": {
      "Node Type": "Aggregate",
      "Strategy": "Plain",
      "Partial Mode": "Finalize",
      "Parallel Aware": false,
      "Startup Cost": 30941.63,
      "Total Cost": 30941.64,
      "Plan Rows": 1,
      "Plan Width": 8,
      "Actual Startup Time": 89.102,
      "Actual Total Time": 96.107,
      "Actual Rows": 1,
      "Actual Loops": 1,
      "Plans": [
        {
          "Node Type": "Gather",
          "Parent Relationship": "Outer",
          "Parallel Aware": false,
          "Startup Cost": 30941.31,
          "Total Cost": 30941.62,
          "Plan Rows": 3,
          "Plan Width": 8,
          "Actual Startup Time": 88.977,
          "Actual Total Time": 96.099,
          "Actual Rows": 4,
          "Actual Loops": 1,
          "Workers Planned": 3,
          "Workers Launched": 3,
          "Single Copy": false,
          "Plans": [
            {
              "Node Type": "Aggregate",
              "Strategy": "Plain",
              "Partial Mode": "Partial",
              "Parent Relationship": "Outer",
              "Parallel Aware": false,
              "Startup Cost": 29941.31,
              "Total Cost": 29941.32,
              "Plan Rows": 1,
              "Plan Width": 8,
              "Actual Startup Time": 82.991,
              "Actual Total Time": 82.992,
              "Actual Rows": 1,
              "Actual Loops": 4,
              "Plans": [
                {
                  "Node Type": "Seq Scan",
                  "Parent Relationship": "Outer",
                  "Parallel Aware": true,
                  "Relation Name": "movie_companies",
                  "Alias": "mc",
                  "Startup Cost": 0.0,
                  "Total Cost": 29310.68,
                  "Plan Rows": 252251,
                  "Plan Width": 0,
                  "Actual Startup Time": 24.279,
                  "Actual Total Time": 74.78,
                  "Actual Rows": 199110,
                  "Actual Loops": 4,
                  "Filter": "(company_id > 30905)",
                  "Rows Removed by Filter": 453172
                }
              ]
            }
          ]
        }
      ]
    },
    "Planning Time": 0.147,
    "Triggers": [],
    "Execution Time": 96.145
  }
]