[
  {
    "Plan": {
      "Node Type": "Aggregate",
      "Strategy": "Plain",
      "Partial Mode": "Finalize",
      "Parallel Aware": false,
      "Startup Cost": 41599.19,
      "Total Cost": 41599.2,
      "Plan Rows": 1,
      "Plan Width": 8,
      "Actual Startup Time": 44.033,
      "Actual Total Time": 48.897,
      "Actual Rows": 1,
      "Actual Loops": 1,
      "Plans": [
        {
          "Node Type": "Gather",
          "Parent Relationship": "Outer",
          "Parallel Aware": false,
          "Startup Cost": 41598.77,
          "Total Cost": 41599.18,
          "Plan Rows": 4,
          "Plan Width": 8,
          "Actual Startup Time": 43.883,
          "Actual Total Time": 48.893,
          "Actual Rows": 5,
          "Actual Loops": 1,
          "Workers Planned": 4,
          "Workers Launched": 4,
          "Single Copy": false,
          "Plans": [
            {
              "Node Type": "Aggregate",
              "Strategy": "Plain",
              "Partial Mode": "Partial",
              "Parent Relationship": "Outer",
              "Parallel Aware": false,
              "Startup Cost": 40598.77,
              "Total Cost": 40598.78,
              "Plan Rows": 1,
              "Plan Width": 8,
              "Actual Startup Time": 39.654,
              "Actual Total Time": 39.656,
              "Actual Rows": 1,
              "Actual Loops": 5,
              "Plans": [
                {
                  "Node Type": "Nested Loop",
                  "Parent Relationship": "Outer",
                  "Parallel Aware": false,
                  "Join Type": "Inner",
                  "Startup Cost": 1801.08,
                  "Total Cost": 40597.65,
                  "Plan Rows": 451,
                  "Plan Width": 0,
                  "Actual Startup Time": 11.869,
                  "Actual Total Time": 39.565,
                  "Actual Rows": 1070,
                  "Actual Loops": 5,
                  "Inner Unique": false,
                  "Plans": [
                    {
                      "Node Type": "Bitmap Heap Scan",
                      "Parent Relationship": "Outer",
                      "Parallel Aware": true,
                      "Relation Name": "title",
                      "Alias": "t",
                      "Startup Cost": 1800.65,
                      "Total Cost": 38176.64,
                      "Plan Rows": 252,
                      "Plan Width": 4,
                      "Actual Startup Time": 11.38,
                      "Actual Total Time": 33.87,
                      "Actual Rows": 319,
                      "Actual Loops": 5,
                      "Recheck Cond": "(kind_id = 3)",
                      "Rows Removed by Index Recheck": 0,
                      "Filter": "(production_year = 1993)",
                      "Rows Removed by Filter": 19788,
                      "Exact Heap Blocks": 6461,
                      "Lossy Heap Blocks": 0,
                      "Plans": [
                        {
                          "Node Type": "Bitmap Index Scan",
                          "Parent Relationship": "Outer",
                          "Parallel Aware": false,
                          "Index Name": "kind_id_title",
                          "Startup Cost": 0.0,
                          "Total Cost": 1800.4,
                          "Plan Rows": 100796,
                          "Plan Width": 0,
                          "Actual Startup Time": 11.504,
                          "Actual Total Time": 11.504,
                          "Actual Rows": 100537,
                          "Actual Loops": 1,
                          "Index Cond": "(kind_id = 3)"
                        }
                      ]
                    },
                    {
                      "Node Type": "Index Only Scan",
                      "Parent Relationship": "Inner",
                      "Parallel Aware": false,
                      "Scan Direction": "Forward",
                      "Index Name": "movie_id_movie_keyword",
                      "Relation Name": "movie_keyword",
                      "Alias": "mk",
                      "Startup Cost": 0.43,
                      "Total Cost": 9.15,
                      "Plan Rows": 46,
                      "Plan Width": 4,
                      "Actual Startup Time": 0.016,
                      "Actual Total Time": 0.017,
                      "Actual Rows": 3,
                      "Actual Loops": 1597,
                      "Index Cond": "(movie_id = t.id)",
                      "Rows Removed by Index Recheck": 0,
                      "Heap Fetches": 5352
                    }
                  ]
                }
              ]
            }
          ]
        }
      ]
    },
    "Planning Time": 0.323,
    "Triggers": [],
    "Execution Time": 48.946
  }
]