[
  {
    "Plan": {
      "Node Type": "Aggregate",
      "Strategy": "Plain",
      "Partial Mode": "Finalize",
      "Parallel Aware": false,
      "Startup Cost": 161679.24,
      "Total Cost": 161679.25,
      "Plan Rows": 1,
      "Plan Width": 8,
      "Actual Startup Time": 603.197,
      "Actual Total Time": 621.869,
      "Actual Rows": 1,
      "Actual Loops": 1,
      "Plans": [
        {
          "Node Type": "Gather",
          "Parent Relationship": "Outer",
          "Parallel Aware": false,
          "Startup Cost": 161678.72,
          "Total Cost": 161679.23,
          "Plan Rows": 5,
          "Plan Width": 8,
          "Actual Startup Time": 595.044,
          "Actual Total Time": 621.859,
          "Actual Rows": 6,
          "Actual Loops": 1,
          "Workers Planned": 5,
          "Workers Launched": 5,
          "Single Copy": false,
          "Plans": [
            {
              "Node Type": "Aggregate",
              "Strategy": "Plain",
              "Partial Mode": "Partial",
              "Parent Relationship": "Outer",
              "Parallel Aware": false,
              "Startup Cost": 160678.72,
              "Total Cost": 160678.73,
              "Plan Rows": 1,
              "Plan Width": 8,
              "Actual Startup Time": 579.335,
              "Actual Total Time": 579.338,
              "Actual Rows": 1,
              "Actual Loops": 6,
              "Plans": [
                {
                  "Node Type": "Hash Join",
                  "Parent Relationship": "Outer",
                  "Parallel Aware": true,
                  "Join Type": "Inner",
                  "Startup Cost": 49197.71,
                  "Total Cost": 159726.57,
                  "Plan Rows": 380859,
                  "Plan Width": 0,
                  "Actual Startup Time": 194.411,
                  "Actual Total Time": 561.263,
                  "Actual Rows": 402248,
                  "Actual Loops": 6,
                  "Inner Unique": true,
                  "Hash Cond": "(ci.movie_id = t.id)",
                  "Plans": [
                    {
                      "Node Type": "Index Scan",
                      "Parent Relationship": "Outer",
                      "Parallel Aware": true,
                      "Scan Direction": "Forward",
                      "Index Name": "role_id_cast_info",
                      "Relation Name": "cast_info",
                      "Alias": "ci",
                      "Startup Cost": 0.56,
                      "Total Cost": 108404.92,
                      "Plan Rows": 809334,
                      "Plan Width": 4,
                      "Actual Startup Time": 0.441,
                      "Actual Total Time": 123.998,
                      "Actual Rows": 668006,
                      "Actual Loops": 6,
                      "Index Cond": "(role_id = 3)",
                      "Rows Removed by Index Recheck": 0
                    },
                    {
                      "Node Type": "Hash",
                      "Parent Relationship": "Inner",
                      "Parallel Aware": true,
                      "Startup Cost": 45479.1,
                      "Total Cost": 45479.1,
                      "Plan Rows": 297444,
                      "Plan Width": 4,
                      "Actual Startup Time": 188.304,
                      "Actual Total Time": 188.305,
                      "Actual Rows": 212780,
                      "Actual Loops": 6,
                      "Hash Buckets": 2097152,
                      "Original Hash Buckets": 2097152,
                      "Hash Batches": 1,
                      "Original Hash Batches": 1,
                      "Peak Memory Usage": 66432,
                      "Plans": [
                        {
                          "Node Type": "Seq Scan",
                          "Parent Relationship": "Outer",
                          "Parallel Aware": true,
                          "Relation Name": "title",
                          "Alias": "t",
                          "Startup Cost": 0.0,
                          "Total Cost": 45479.1,
                          "Plan Rows": 297444,
                          "Plan Width": 4,
                          "Actual Startup Time": 0.04,
                          "Actual Total Time": 88.205,
                          "Actual Rows": 212780,
                          "Actual Loops": 6,
                          "Filter": "((production_year > 1979) AND (kind_id = 7))",
                          "Rows Removed by Filter": 208606
                        }
                      ]
                    }
                  ]
                }
              ]
            }
          ]
        }
      ]
    },
    "Planning Time": 0.619,
    "Triggers": [],
    "Execution Time": 621.951
  }
]