{
  "Plan": {
    "Node Type": "Aggregate",
    "Strategy": "Plain",
    "Partial Mode": "Finalize",
    "Parallel Aware": false,
    "Startup Cost": 503781.57,
    "Total Cost": 503781.58,
    "Plan Rows": 1,
    "Plan Width": 8,
    "Actual Startup Time": 1270.815,
    "Actual Total Time": 1291.167,
    "Actual Rows": 1,
    "Actual Loops": 1,
    "Plans": [
      {
        "Node Type": "Gather",
        "Parent Relationship": "Outer",
        "Parallel Aware": false,
        "Startup Cost": 503781.45,
        "Total Cost": 503781.56,
        "Plan Rows": 1,
        "Plan Width": 8,
        "Actual Startup Time": 1270.122,
        "Actual Total Time": 1291.159,
        "Actual Rows": 2,
        "Actual Loops": 1,
        "Workers Planned": 1,
        "Workers Launched": 1,
        "Single Copy": false,
        "Plans": [
          {
            "Node Type": "Aggregate",
            "Strategy": "Plain",
            "Partial Mode": "Partial",
            "Parent Relationship": "Outer",
            "Parallel Aware": false,
            "Startup Cost": 502781.45,
            "Total Cost": 502781.46,
            "Plan Rows": 1,
            "Plan Width": 8,
            "Actual Startup Time": 1263.92,
            "Actual Total Time": 1263.925,
            "Actual Rows": 1,
            "Actual Loops": 2,
            "Plans": [
              {
                "Node Type": "Hash Join",
                "Parent Relationship": "Outer",
                "Parallel Aware": true,
                "Join Type": "Inner",
                "Startup Cost": 189424.39,
                "Total Cost": 502300.6,
                "Plan Rows": 192341,
                "Plan Width": 0,
                "Actual Startup Time": 414.79,
                "Actual Total Time": 1257.664,
                "Actual Rows": 131872,
                "Actual Loops": 2,
                "Inner Unique": true,
                "Hash Cond": "(ci.movie_id = t.id)",
                "Plans": [
                  {
                    "Node Type": "Bitmap Heap Scan",
                    "Parent Relationship": "Outer",
                    "Parallel Aware": true,
                    "Relation Name": "cast_info",
                    "Alias": "ci",
                    "Startup Cost": 149417.83,
                    "Total Cost": 451847.96,
                    "Plan Rows": 3979451,
                    "Plan Width": 4,
                    "Actual Startup Time": 341.443,
                    "Actual Total Time": 724.185,
                    "Actual Rows": 3477332,
                    "Actual Loops": 2,
                    "Recheck Cond": "(person_id < 672131)",
                    "Rows Removed by Index Recheck": 0,
                    "Exact Heap Blocks": 41610,
                    "Lossy Heap Blocks": 0,
                    "Plans": [
                      {
                        "Node Type": "Bitmap Index Scan",
                        "Parent Relationship": "Outer",
                        "Parallel Aware": false,
                        "Index Name": "person_id_cast_info",
                        "Startup Cost": 0.0,
                        "Total Cost": 147726.56,
                        "Plan Rows": 6765066,
                        "Plan Width": 0,
                        "Actual Startup Time": 328.307,
                        "Actual Total Time": 328.307,
                        "Actual Rows": 6954665,
                        "Actual Loops": 1,
                        "Index Cond": "(person_id < 672131)"
                      }
                    ]
                  },
                  {
                    "Node Type": "Hash",
                    "Parent Relationship": "Inner",
                    "Parallel Aware": true,
                    "Startup Cost": 39108.02,
                    "Total Cost": 39108.02,
                    "Plan Rows": 71883,
                    "Plan Width": 4,
                    "Actual Startup Time": 70.703,
                    "Actual Total Time": 70.704,
                    "Actual Rows": 59117,
                    "Actual Loops": 2,
                    "Hash Buckets": 131072,
                    "Original Hash Buckets": 131072,
                    "Hash Batches": 1,
                    "Original Hash Batches": 1,
                    "Peak Memory Usage": 5664,
                    "Plans": [
                      {
                        "Node Type": "Bitmap Heap Scan",
                        "Parent Relationship": "Outer",
                        "Parallel Aware": true,
                        "Relation Name": "title",
                        "Alias": "t",
                        "Startup Cost": 2211.49,
                        "Total Cost": 39108.02,
                        "Plan Rows": 71883,
                        "Plan Width": 4,
                        "Actual Startup Time": 15.335,
                        "Actual Total Time": 54.061,
                        "Actual Rows": 59117,
                        "Actual Loops": 2,
                        "Recheck Cond": "(kind_id = 4)",
                        "Rows Removed by Index Recheck": 0,
                        "Exact Heap Blocks": 9580,
                        "Lossy Heap Blocks": 0,
                        "Plans": [
                          {
                            "Node Type": "Bitmap Index Scan",
                            "Parent Relationship": "Outer",
                            "Parallel Aware": false,
                            "Index Name": "kind_id_title",
                            "Startup Cost": 0.0,
                            "Total Cost": 2180.94,
                            "Plan Rows": 122201,
                            "Plan Width": 0,
                            "Actual Startup Time": 14.558,
                            "Actual Total Time": 14.558,
                            "Actual Rows": 118234,
                            "Actual Loops": 1,
                            "Index Cond": "(kind_id = 4)"
                          }
                        ]
                      }
                    ]
                  }
                ]
              }
            ]
          }
        ]
      }
    ]
  },
  "Planning Time": 0.597,
  "Triggers": [],
  "Execution Time": 1291.272
}