[
  {
    "Plan": {
      "Node Type": "Aggregate",
      "Strategy": "Plain",
      "Partial Mode": "Finalize",
      "Parallel Aware": false,
      "Startup Cost": 340494.5,
      "Total Cost": 340494.51,
      "Plan Rows": 1,
      "Plan Width": 8,
      "Actual Startup Time": 897.627,
      "Actual Total Time": 944.051,
      "Actual Rows": 1,
      "Actual Loops": 1,
      "Plans": [
        {
          "Node Type": "Gather",
          "Parent Relationship": "Outer",
          "Parallel Aware": false,
          "Startup Cost": 340493.88,
          "Total Cost": 340494.49,
          "Plan Rows": 6,
          "Plan Width": 8,
          "Actual Startup Time": 897.423,
          "Actual Total Time": 944.035,
          "Actual Rows": 7,
          "Actual Loops": 1,
          "Workers Planned": 6,
          "Workers Launched": 6,
          "Single Copy": false,
          "Plans": [
            {
              "Node Type": "Aggregate",
              "Strategy": "Plain",
              "Partial Mode": "Partial",
              "Parent Relationship": "Outer",
              "Parallel Aware": false,
              "Startup Cost": 339493.88,
              "Total Cost": 339493.89,
              "Plan Rows": 1,
              "Plan Width": 8,
              "Actual Startup Time": 890.298,
              "Actual Total Time": 890.299,
              "Actual Rows": 1,
              "Actual Loops": 7,
              "Plans": [
                {
                  "Node Type": "Seq Scan",
                  "Parent Relationship": "Outer",
                  "Parallel Aware": true,
                  "Relation Name": "cast_info",
                  "Alias": "ci",
                  "Startup Cost": 0.0,
                  "Total Cost": 328211.39,
                  "Plan Rows": 4512994,
                  "Plan Width": 0,
                  "Actual Startup Time": 0.043,
                  "Actual Total Time": 679.161,
                  "Actual Rows": 3883956,
                  "Actual Loops": 7,
                  "Filter": "(person_id < 2791573)",
                  "Rows Removed by Filter": 1293807
                }
              ]
            }
          ]
        }
      ]
    },
    "Planning Time": 0.09,
    "Triggers": [],
    "Execution Time": 944.092
  }
]