[
    {
        "Bao": {
            "Bao prediction": "NaN",
            "Bao recommended hint": "(no hint)"
        }
    },
    {
        "Plan": {
            "Node Type": "Aggregate",
            "Strategy": "Plain",
            "Partial Mode": "Finalize",
            "Parallel Aware": false,
            "Startup Cost": 335833.09,
            "Total Cost": 335833.1,
            "Plan Rows": 1,
            "Plan Width": 8,
            "Actual Startup Time": 671.13,
            "Actual Total Time": 699.708,
            "Actual Rows": 1,
            "Actual Loops": 1,
            "Output": [
                "count(*)"
            ],
            "Plans": [
                {
                    "Node Type": "Gather",
                    "Parent Relationship": "Outer",
                    "Parallel Aware": false,
                    "Startup Cost": 335832.46,
                    "Total Cost": 335833.07,
                    "Plan Rows": 6,
                    "Plan Width": 8,
                    "Actual Startup Time": 671.049,
                    "Actual Total Time": 699.701,
                    "Actual Rows": 7,
                    "Actual Loops": 1,
                    "Output": [
                        "(PARTIAL count(*))"
                    ],
                    "Workers Planned": 6,
                    "Workers Launched": 6,
                    "Single Copy": false,
                    "Plans": [
                        {
                            "Node Type": "Aggregate",
                            "Strategy": "Plain",
                            "Partial Mode": "Partial",
                            "Parent Relationship": "Outer",
                            "Parallel Aware": false,
                            "Startup Cost": 334832.46,
                            "Total Cost": 334832.47,
                            "Plan Rows": 1,
                            "Plan Width": 8,
                            "Actual Startup Time": 661.318,
                            "Actual Total Time": 661.318,
                            "Actual Rows": 1,
                            "Actual Loops": 7,
                            "Output": [
                                "PARTIAL count(*)"
                            ],
                            "Workers": [
                                {
                                    "Worker Number": 0,
                                    "Actual Startup Time": 659.03,
                                    "Actual Total Time": 659.031,
                                    "Actual Rows": 1,
                                    "Actual Loops": 1
                                },
                                {
                                    "Worker Number": 1,
                                    "Actual Startup Time": 659.306,
                                    "Actual Total Time": 659.307,
                                    "Actual Rows": 1,
                                    "Actual Loops": 1
                                },
                                {
                                    "Worker Number": 2,
                                    "Actual Startup Time": 659.379,
                                    "Actual Total Time": 659.38,
                                    "Actual Rows": 1,
                                    "Actual Loops": 1
                                },
                                {
                                    "Worker Number": 3,
                                    "Actual Startup Time": 659.955,
                                    "Actual Total Time": 659.956,
                                    "Actual Rows": 1,
                                    "Actual Loops": 1
                                },
                                {
                                    "Worker Number": 4,
                                    "Actual Startup Time": 660.327,
                                    "Actual Total Time": 660.327,
                                    "Actual Rows": 1,
                                    "Actual Loops": 1
                                },
                                {
                                    "Worker Number": 5,
                                    "Actual Startup Time": 660.697,
                                    "Actual Total Time": 660.698,
                                    "Actual Rows": 1,
                                    "Actual Loops": 1
                                }
                            ],
                            "Plans": [
                                {
                                    "Node Type": "Seq Scan",
                                    "Parent Relationship": "Outer",
                                    "Parallel Aware": true,
                                    "Relation Name": "cast_info",
                                    "Schema": "public",
                                    "Alias": "ci",
                                    "Startup Cost": 0.0,
                                    "Total Cost": 328213.62,
                                    "Plan Rows": 2647538,
                                    "Plan Width": 0,
                                    "Actual Startup Time": 214.957,
                                    "Actual Total Time": 556.374,
                                    "Actual Rows": 2278976,
                                    "Actual Loops": 7,
                                    "Output": [
                                        "id",
                                        "person_id",
                                        "movie_id",
                                        "person_role_id",
                                        "note",
                                        "nr_order",
                                        "role_id"
                                    ],
                                    "Filter": "(ci.person_id > 2038740)",
                                    "Rows Removed by Filter": 2898788,
                                    "Workers": [
                                        {
                                            "Worker Number": 0,
                                            "Actual Startup Time": 212.689,
                                            "Actual Total Time": 553.3,
                                            "Actual Rows": 1601670,
                                            "Actual Loops": 1
                                        },
                                        {
                                            "Worker Number": 1,
                                            "Actual Startup Time": 212.94,
                                            "Actual Total Time": 555.236,
                                            "Actual Rows": 1558825,
                                            "Actual Loops": 1
                                        },
                                        {
                                            "Worker Number": 2,
                                            "Actual Startup Time": 213.027,
                                            "Actual Total Time": 557.091,
                                            "Actual Rows": 2429687,
                                            "Actual Loops": 1
                                        },
                                        {
                                            "Worker Number": 3,
                                            "Actual Startup Time": 213.594,
                                            "Actual Total Time": 560.941,
                                            "Actual Rows": 2440005,
                                            "Actual Loops": 1
                                        },
                                        {
                                            "Worker Number": 4,
                                            "Actual Startup Time": 213.959,
                                            "Actual Total Time": 561.391,
                                            "Actual Rows": 2437387,
                                            "Actual Loops": 1
                                        },
                                        {
                                            "Worker Number": 5,
                                            "Actual Startup Time": 214.329,
                                            "Actual Total Time": 559.174,
                                            "Actual Rows": 2412471,
                                            "Actual Loops": 1
                                        }
                                    ]
                                }
                            ]
                        }
                    ]
                }
            ]
        },
        "Planning Time": 217.549,
        "Triggers": [],
        "Execution Time": 699.771
    }
]