[
    {
        "Bao": {
            "Bao prediction": "NaN",
            "Bao recommended hint": "(no hint)"
        }
    },
    {
        "Plan": {
            "Node Type": "Aggregate",
            "Strategy": "Plain",
            "Partial Mode": "Finalize",
            "Parallel Aware": false,
            "Startup Cost": 33032.01,
            "Total Cost": 33032.02,
            "Plan Rows": 1,
            "Plan Width": 8,
            "Actual Startup Time": 122.936,
            "Actual Total Time": 128.53,
            "Actual Rows": 1,
            "Actual Loops": 1,
            "Output": [
                "count(*)"
            ],
            "Plans": [
                {
                    "Node Type": "Gather",
                    "Parent Relationship": "Outer",
                    "Parallel Aware": false,
                    "Startup Cost": 33031.69,
                    "Total Cost": 33032.0,
                    "Plan Rows": 3,
                    "Plan Width": 8,
                    "Actual Startup Time": 122.577,
                    "Actual Total Time": 128.52,
                    "Actual Rows": 4,
                    "Actual Loops": 1,
                    "Output": [
                        "(PARTIAL count(*))"
                    ],
                    "Workers Planned": 3,
                    "Workers Launched": 3,
                    "Single Copy": false,
                    "Plans": [
                        {
                            "Node Type": "Aggregate",
                            "Strategy": "Plain",
                            "Partial Mode": "Partial",
                            "Parent Relationship": "Outer",
                            "Parallel Aware": false,
                            "Startup Cost": 32031.69,
                            "Total Cost": 32031.7,
                            "Plan Rows": 1,
                            "Plan Width": 8,
                            "Actual Startup Time": 112.919,
                            "Actual Total Time": 112.921,
                            "Actual Rows": 1,
                            "Actual Loops": 4,
                            "Output": [
                                "PARTIAL count(*)"
                            ],
                            "Workers": [
                                {
                                    "Worker Number": 0,
                                    "Actual Startup Time": 109.448,
                                    "Actual Total Time": 109.45,
                                    "Actual Rows": 1,
                                    "Actual Loops": 1
                                },
                                {
                                    "Worker Number": 1,
                                    "Actual Startup Time": 109.902,
                                    "Actual Total Time": 109.904,
                                    "Actual Rows": 1,
                                    "Actual Loops": 1
                                },
                                {
                                    "Worker Number": 2,
                                    "Actual Startup Time": 110.432,
                                    "Actual Total Time": 110.433,
                                    "Actual Rows": 1,
                                    "Actual Loops": 1
                                }
                            ],
                            "Plans": [
                                {
                                    "Node Type": "Bitmap Heap Scan",
                                    "Parent Relationship": "Outer",
                                    "Parallel Aware": true,
                                    "Relation Name": "movie_keyword",
                                    "Schema": "public",
                                    "Alias": "mk",
                                    "Startup Cost": 6170.42,
                                    "Total Cost": 31797.15,
                                    "Plan Rows": 93818,
                                    "Plan Width": 0,
                                    "Actual Startup Time": 28.968,
                                    "Actual Total Time": 107.617,
                                    "Actual Rows": 71826,
                                    "Actual Loops": 4,
                                    "Recheck Cond": "(mk.keyword_id > 55641)",
                                    "Rows Removed by Index Recheck": 0,
                                    "Exact Heap Blocks": 8288,
                                    "Lossy Heap Blocks": 0,
                                    "Workers": [
                                        {
                                            "Worker Number": 0,
                                            "Actual Startup Time": 25.745,
                                            "Actual Total Time": 104.966,
                                            "Actual Rows": 63909,
                                            "Actual Loops": 1
                                        },
                                        {
                                            "Worker Number": 1,
                                            "Actual Startup Time": 26.01,
                                            "Actual Total Time": 105.475,
                                            "Actual Rows": 62577,
                                            "Actual Loops": 1
                                        },
                                        {
                                            "Worker Number": 2,
                                            "Actual Startup Time": 26.555,
                                            "Actual Total Time": 105.581,
                                            "Actual Rows": 50584,
                                            "Actual Loops": 1
                                        }
                                    ],
                                    "Plans": [
                                        {
                                            "Node Type": "Bitmap Index Scan",
                                            "Parent Relationship": "Outer",
                                            "Parallel Aware": false,
                                            "Index Name": "keyword_id_movie_keyword",
                                            "Startup Cost": 0.0,
                                            "Total Cost": 6097.71,
                                            "Plan Rows": 290837,
                                            "Plan Width": 0,
                                            "Actual Startup Time": 32.441,
                                            "Actual Total Time": 32.442,
                                            "Actual Rows": 287302,
                                            "Actual Loops": 1,
                                            "Index Cond": "(mk.keyword_id > 55641)"
                                        }
                                    ]
                                }
                            ]
                        }
                    ]
                }
            ]
        },
        "Planning Time": 282.664,
        "Triggers": [],
        "Execution Time": 128.651
    }
]