{
  "Plan": {
    "Node Type": "Aggregate",
    "Strategy": "Plain",
    "Partial Mode": "Finalize",
    "Parallel Aware": false,
    "Startup Cost": 29635.19,
    "Total Cost": 29635.2,
    "Plan Rows": 1,
    "Plan Width": 8,
    "Actual Startup Time": 33.783,
    "Actual Total Time": 38.597,
    "Actual Rows": 1,
    "Actual Loops": 1,
    "Plans": [
      {
        "Node Type": "Gather",
        "Parent Relationship": "Outer",
        "Parallel Aware": false,
        "Startup Cost": 29635.08,
        "Total Cost": 29635.19,
        "Plan Rows": 1,
        "Plan Width": 8,
        "Actual Startup Time": 33.537,
        "Actual Total Time": 38.59,
        "Actual Rows": 2,
        "Actual Loops": 1,
        "Workers Planned": 1,
        "Workers Launched": 1,
        "Single Copy": false,
        "Plans": [
          {
            "Node Type": "Aggregate",
            "Strategy": "Plain",
            "Partial Mode": "Partial",
            "Parent Relationship": "Outer",
            "Parallel Aware": false,
            "Startup Cost": 28635.08,
            "Total Cost": 28635.09,
            "Plan Rows": 1,
            "Plan Width": 8,
            "Actual Startup Time": 27.41,
            "Actual Total Time": 27.412,
            "Actual Rows": 1,
            "Actual Loops": 2,
            "Plans": [
              {
                "Node Type": "Nested Loop",
                "Parent Relationship": "Outer",
                "Parallel Aware": false,
                "Join Type": "Inner",
                "Startup Cost": 234.96,
                "Total Cost": 28634.67,
                "Plan Rows": 162,
                "Plan Width": 0,
                "Actual Startup Time": 6.761,
                "Actual Total Time": 27.331,
                "Actual Rows": 489,
                "Actual Loops": 2,
                "Inner Unique": false,
                "Plans": [
                  {
                    "Node Type": "Bitmap Heap Scan",
                    "Parent Relationship": "Outer",
                    "Parallel Aware": true,
                    "Relation Name": "title",
                    "Alias": "t",
                    "Startup Cost": 234.53,
                    "Total Cost": 26193.87,
                    "Plan Rows": 296,
                    "Plan Width": 4,
                    "Actual Startup Time": 6.594,
                    "Actual Total Time": 23.556,
                    "Actual Rows": 224,
                    "Actual Loops": 2,
                    "Recheck Cond": "(kind_id = 6)",
                    "Rows Removed by Index Recheck": 0,
                    "Filter": "(production_year = 2005)",
                    "Rows Removed by Filter": 6076,
                    "Exact Heap Blocks": 7145,
                    "Lossy Heap Blocks": 0,
                    "Plans": [
                      {
                        "Node Type": "Bitmap Index Scan",
                        "Parent Relationship": "Outer",
                        "Parallel Aware": false,
                        "Index Name": "kind_id_title",
                        "Startup Cost": 0.0,
                        "Total Cost": 234.4,
                        "Plan Rows": 13063,
                        "Plan Width": 0,
                        "Actual Startup Time": 7.712,
                        "Actual Total Time": 7.712,
                        "Actual Rows": 12600,
                        "Actual Loops": 1,
                        "Index Cond": "(kind_id = 6)"
                      }
                    ]
                  },
                  {
                    "Node Type": "Index Only Scan",
                    "Parent Relationship": "Inner",
                    "Parallel Aware": false,
                    "Scan Direction": "Forward",
                    "Index Name": "movie_id_movie_info_idx",
                    "Relation Name": "movie_info_idx",
                    "Alias": "mi_idx",
                    "Startup Cost": 0.43,
                    "Total Cost": 8.22,
                    "Plan Rows": 3,
                    "Plan Width": 4,
                    "Actual Startup Time": 0.015,
                    "Actual Total Time": 0.016,
                    "Actual Rows": 2,
                    "Actual Loops": 448,
                    "Index Cond": "(movie_id = t.id)",
                    "Rows Removed by Index Recheck": 0,
                    "Heap Fetches": 978
                  }
                ]
              }
            ]
          }
        ]
      }
    ]
  },
  "Planning Time": 0.444,
  "Triggers": [],
  "Execution Time": 38.685
}