[
  {
    "Plan": {
      "Node Type": "Aggregate",
      "Strategy": "Plain",
      "Partial Mode": "Finalize",
      "Parallel Aware": false,
      "Startup Cost": 382524.76,
      "Total Cost": 382524.77,
      "Plan Rows": 1,
      "Plan Width": 8,
      "Actual Startup Time": 1055.231,
      "Actual Total Time": 1105.686,
      "Actual Rows": 1,
      "Actual Loops": 1,
      "Plans": [
        {
          "Node Type": "Gather",
          "Parent Relationship": "Outer",
          "Parallel Aware": false,
          "Startup Cost": 382524.13,
          "Total Cost": 382524.74,
          "Plan Rows": 6,
          "Plan Width": 8,
          "Actual Startup Time": 1052.253,
          "Actual Total Time": 1105.673,
          "Actual Rows": 7,
          "Actual Loops": 1,
          "Workers Planned": 6,
          "Workers Launched": 6,
          "Single Copy": false,
          "Plans": [
            {
              "Node Type": "Aggregate",
              "Strategy": "Plain",
              "Partial Mode": "Partial",
              "Parent Relationship": "Outer",
              "Parallel Aware": false,
              "Startup Cost": 381524.13,
              "Total Cost": 381524.14,
              "Plan Rows": 1,
              "Plan Width": 8,
              "Actual Startup Time": 1043.585,
              "Actual Total Time": 1043.589,
              "Actual Rows": 1,
              "Actual Loops": 7,
              "Plans": [
                {
                  "Node Type": "Hash Join",
                  "Parent Relationship": "Outer",
                  "Parallel Aware": true,
                  "Join Type": "Inner",
                  "Startup Cost": 45557.71,
                  "Total Cost": 380232.21,
                  "Plan Rows": 516771,
                  "Plan Width": 0,
                  "Actual Startup Time": 318.968,
                  "Actual Total Time": 1020.958,
                  "Actual Rows": 536654,
                  "Actual Loops": 7,
                  "Inner Unique": true,
                  "Hash Cond": "(ci.movie_id = t.id)",
                  "Plans": [
                    {
                      "Node Type": "Seq Scan",
                      "Parent Relationship": "Outer",
                      "Parallel Aware": true,
                      "Relation Name": "cast_info",
                      "Alias": "ci",
                      "Startup Cost": 0.0,
                      "Total Cost": 328211.39,
                      "Plan Rows": 2462131,
                      "Plan Width": 4,
                      "Actual Startup Time": 211.499,
                      "Actual Total Time": 527.211,
                      "Actual Rows": 2075108,
                      "Actual Loops": 7,
                      "Filter": "(person_id > 2206967)",
                      "Rows Removed by Filter": 3102656
                    },
                    {
                      "Node Type": "Hash",
                      "Parent Relationship": "Inner",
                      "Parallel Aware": true,
                      "Startup Cost": 43899.32,
                      "Total Cost": 43899.32,
                      "Plan Rows": 132671,
                      "Plan Width": 4,
                      "Actual Startup Time": 105.067,
                      "Actual Total Time": 105.068,
                      "Actual Rows": 76196,
                      "Actual Loops": 7,
                      "Hash Buckets": 1048576,
                      "Original Hash Buckets": 1048576,
                      "Hash Batches": 1,
                      "Original Hash Batches": 1,
                      "Peak Memory Usage": 29152,
                      "Plans": [
                        {
                          "Node Type": "Seq Scan",
                          "Parent Relationship": "Outer",
                          "Parallel Aware": true,
                          "Relation Name": "title",
                          "Alias": "t",
                          "Startup Cost": 0.0,
                          "Total Cost": 43899.32,
                          "Plan Rows": 132671,
                          "Plan Width": 4,
                          "Actual Startup Time": 0.033,
                          "Actual Total Time": 70.064,
                          "Actual Rows": 76196,
                          "Actual Loops": 7,
                          "Filter": "(production_year > 2009)",
                          "Rows Removed by Filter": 284992
                        }
                      ]
                    }
                  ]
                }
              ]
            }
          ]
        }
      ]
    },
    "Planning Time": 0.346,
    "Triggers": [],
    "Execution Time": 1105.741
  }
]