[
    {
        "Bao": {
            "Bao prediction": "NaN",
            "Bao recommended hint": "(no hint)"
        }
    },
    {
        "Plan": {
            "Node Type": "Aggregate",
            "Strategy": "Plain",
            "Partial Mode": "Finalize",
            "Parallel Aware": false,
            "Startup Cost": 44788.26,
            "Total Cost": 44788.27,
            "Plan Rows": 1,
            "Plan Width": 8,
            "Actual Startup Time": 135.341,
            "Actual Total Time": 141.906,
            "Actual Rows": 1,
            "Actual Loops": 1,
            "Output": [
                "count(*)"
            ],
            "Plans": [
                {
                    "Node Type": "Gather",
                    "Parent Relationship": "Outer",
                    "Parallel Aware": false,
                    "Startup Cost": 44787.94,
                    "Total Cost": 44788.25,
                    "Plan Rows": 3,
                    "Plan Width": 8,
                    "Actual Startup Time": 135.236,
                    "Actual Total Time": 141.899,
                    "Actual Rows": 4,
                    "Actual Loops": 1,
                    "Output": [
                        "(PARTIAL count(*))"
                    ],
                    "Workers Planned": 3,
                    "Workers Launched": 3,
                    "Single Copy": false,
                    "Plans": [
                        {
                            "Node Type": "Aggregate",
                            "Strategy": "Plain",
                            "Partial Mode": "Partial",
                            "Parent Relationship": "Outer",
                            "Parallel Aware": false,
                            "Startup Cost": 43787.94,
                            "Total Cost": 43787.95,
                            "Plan Rows": 1,
                            "Plan Width": 8,
                            "Actual Startup Time": 127.262,
                            "Actual Total Time": 127.263,
                            "Actual Rows": 1,
                            "Actual Loops": 4,
                            "Output": [
                                "PARTIAL count(*)"
                            ],
                            "Workers": [
                                {
                                    "Worker Number": 0,
                                    "Actual Startup Time": 124.278,
                                    "Actual Total Time": 124.279,
                                    "Actual Rows": 1,
                                    "Actual Loops": 1
                                },
                                {
                                    "Worker Number": 1,
                                    "Actual Startup Time": 124.777,
                                    "Actual Total Time": 124.778,
                                    "Actual Rows": 1,
                                    "Actual Loops": 1
                                },
                                {
                                    "Worker Number": 2,
                                    "Actual Startup Time": 125.181,
                                    "Actual Total Time": 125.182,
                                    "Actual Rows": 1,
                                    "Actual Loops": 1
                                }
                            ],
                            "Plans": [
                                {
                                    "Node Type": "Seq Scan",
                                    "Parent Relationship": "Outer",
                                    "Parallel Aware": true,
                                    "Relation Name": "movie_keyword",
                                    "Schema": "public",
                                    "Alias": "mk",
                                    "Startup Cost": 0.0,
                                    "Total Cost": 42695.65,
                                    "Plan Rows": 436914,
                                    "Plan Width": 0,
                                    "Actual Startup Time": 0.05,
                                    "Actual Total Time": 108.671,
                                    "Actual Rows": 340015,
                                    "Actual Loops": 4,
                                    "Output": [
                                        "id",
                                        "movie_id",
                                        "keyword_id"
                                    ],
                                    "Filter": "(mk.keyword_id < 1772)",
                                    "Rows Removed by Filter": 790968,
                                    "Workers": [
                                        {
                                            "Worker Number": 0,
                                            "Actual Startup Time": 0.059,
                                            "Actual Total Time": 106.558,
                                            "Actual Rows": 225060,
                                            "Actual Loops": 1
                                        },
                                        {
                                            "Worker Number": 1,
                                            "Actual Startup Time": 0.067,
                                            "Actual Total Time": 107.058,
                                            "Actual Rows": 347621,
                                            "Actual Loops": 1
                                        },
                                        {
                                            "Worker Number": 2,
                                            "Actual Startup Time": 0.059,
                                            "Actual Total Time": 107.541,
                                            "Actual Rows": 278623,
                                            "Actual Loops": 1
                                        }
                                    ]
                                }
                            ]
                        }
                    ]
                }
            ]
        },
        "Planning Time": 201.477,
        "Triggers": [],
        "Execution Time": 142.034
    }
]