{
  "Plan": {
    "Node Type": "Aggregate",
    "Strategy": "Plain",
    "Partial Mode": "Finalize",
    "Parallel Aware": false,
    "Startup Cost": 791650.27,
    "Total Cost": 791650.28,
    "Plan Rows": 1,
    "Plan Width": 8,
    "Actual Startup Time": 7681.107,
    "Actual Total Time": 7735.347,
    "Actual Rows": 1,
    "Actual Loops": 1,
    "Plans": [
      {
        "Node Type": "Gather",
        "Parent Relationship": "Outer",
        "Parallel Aware": false,
        "Startup Cost": 791650.16,
        "Total Cost": 791650.27,
        "Plan Rows": 1,
        "Plan Width": 8,
        "Actual Startup Time": 7673.606,
        "Actual Total Time": 7735.339,
        "Actual Rows": 2,
        "Actual Loops": 1,
        "Workers Planned": 1,
        "Workers Launched": 1,
        "Single Copy": false,
        "Plans": [
          {
            "Node Type": "Aggregate",
            "Strategy": "Plain",
            "Partial Mode": "Partial",
            "Parent Relationship": "Outer",
            "Parallel Aware": false,
            "Startup Cost": 790650.16,
            "Total Cost": 790650.17,
            "Plan Rows": 1,
            "Plan Width": 8,
            "Actual Startup Time": 7666.007,
            "Actual Total Time": 7666.016,
            "Actual Rows": 1,
            "Actual Loops": 2,
            "Plans": [
              {
                "Node Type": "Hash Join",
                "Parent Relationship": "Outer",
                "Parallel Aware": true,
                "Join Type": "Inner",
                "Startup Cost": 138495.91,
                "Total Cost": 769640.4,
                "Plan Rows": 8403903,
                "Plan Width": 0,
                "Actual Startup Time": 1129.072,
                "Actual Total Time": 6779.896,
                "Actual Rows": 22849670,
                "Actual Loops": 2,
                "Inner Unique": false,
                "Hash Cond": "(ci.movie_id = t.id)",
                "Plans": [
                  {
                    "Node Type": "Seq Scan",
                    "Parent Relationship": "Outer",
                    "Parallel Aware": true,
                    "Relation Name": "cast_info",
                    "Alias": "ci",
                    "Startup Cost": 0.0,
                    "Total Cost": 519069.44,
                    "Plan Rows": 16704085,
                    "Plan Width": 4,
                    "Actual Startup Time": 171.843,
                    "Actual Total Time": 1534.724,
                    "Actual Rows": 14126996,
                    "Actual Loops": 2,
                    "Filter": "(person_id > 781248)",
                    "Rows Removed by Filter": 3995176
                  },
                  {
                    "Node Type": "Hash",
                    "Parent Relationship": "Inner",
                    "Parallel Aware": true,
                    "Startup Cost": 129143.0,
                    "Total Cost": 129143.0,
                    "Plan Rows": 748233,
                    "Plan Width": 8,
                    "Actual Startup Time": 943.076,
                    "Actual Total Time": 943.084,
                    "Actual Rows": 638638,
                    "Actual Loops": 2,
                    "Hash Buckets": 2097152,
                    "Original Hash Buckets": 2097152,
                    "Hash Batches": 1,
                    "Original Hash Batches": 1,
                    "Peak Memory Usage": 66400,
                    "Plans": [
                      {
                        "Node Type": "Hash Join",
                        "Parent Relationship": "Outer",
                        "Parallel Aware": true,
                        "Join Type": "Inner",
                        "Startup Cost": 69460.7,
                        "Total Cost": 129143.0,
                        "Plan Rows": 748233,
                        "Plan Width": 8,
                        "Actual Startup Time": 506.738,
                        "Actual Total Time": 812.057,
                        "Actual Rows": 638638,
                        "Actual Loops": 2,
                        "Inner Unique": true,
                        "Hash Cond": "(mk.movie_id = t.id)",
                        "Plans": [
                          {
                            "Node Type": "Seq Scan",
                            "Parent Relationship": "Outer",
                            "Parallel Aware": true,
                            "Relation Name": "movie_keyword",
                            "Alias": "mk",
                            "Startup Cost": 0.0,
                            "Total Cost": 57718.19,
                            "Plan Rows": 748233,
                            "Plan Width": 4,
                            "Actual Startup Time": 1.36,
                            "Actual Total Time": 166.025,
                            "Actual Rows": 638638,
                            "Actual Loops": 2,
                            "Filter": "(keyword_id > 13886)",
                            "Rows Removed by Filter": 1623327
                          },
                          {
                            "Node Type": "Hash",
                            "Parent Relationship": "Inner",
                            "Parallel Aware": true,
                            "Startup Cost": 50870.31,
                            "Total Cost": 50870.31,
                            "Plan Rows": 1487231,
                            "Plan Width": 4,
                            "Actual Startup Time": 492.759,
                            "Actual Total Time": 492.76,
                            "Actual Rows": 1264156,
                            "Actual Loops": 2,
                            "Hash Buckets": 4194304,
                            "Original Hash Buckets": 4194304,
                            "Hash Batches": 1,
                            "Original Hash Batches": 1,
                            "Peak Memory Usage": 131712,
                            "Plans": [
                              {
                                "Node Type": "Seq Scan",
                                "Parent Relationship": "Outer",
                                "Parallel Aware": true,
                                "Relation Name": "title",
                                "Alias": "t",
                                "Startup Cost": 0.0,
                                "Total Cost": 50870.31,
                                "Plan Rows": 1487231,
                                "Plan Width": 4,
                                "Actual Startup Time": 0.028,
                                "Actual Total Time": 146.742,
                                "Actual Rows": 1264156,
                                "Actual Loops": 2
                              }
                            ]
                          }
                        ]
                      }
                    ]
                  }
                ]
              }
            ]
          }
        ]
      }
    ]
  },
  "Planning Time": 0.985,
  "Triggers": [],
  "Execution Time": 7735.433
}