[
  {
    "Plan": {
      "Node Type": "Aggregate",
      "Strategy": "Plain",
      "Partial Mode": "Finalize",
      "Parallel Aware": false,
      "Startup Cost": 392509.11,
      "Total Cost": 392509.12,
      "Plan Rows": 1,
      "Plan Width": 8,
      "Actual Startup Time": 741.587,
      "Actual Total Time": 797.884,
      "Actual Rows": 1,
      "Actual Loops": 1,
      "Plans": [
        {
          "Node Type": "Gather",
          "Parent Relationship": "Outer",
          "Parallel Aware": false,
          "Startup Cost": 392508.48,
          "Total Cost": 392509.09,
          "Plan Rows": 6,
          "Plan Width": 8,
          "Actual Startup Time": 740.756,
          "Actual Total Time": 797.873,
          "Actual Rows": 7,
          "Actual Loops": 1,
          "Workers Planned": 6,
          "Workers Launched": 6,
          "Single Copy": false,
          "Plans": [
            {
              "Node Type": "Aggregate",
              "Strategy": "Plain",
              "Partial Mode": "Partial",
              "Parent Relationship": "Outer",
              "Parallel Aware": false,
              "Startup Cost": 391508.48,
              "Total Cost": 391508.49,
              "Plan Rows": 1,
              "Plan Width": 8,
              "Actual Startup Time": 734.405,
              "Actual Total Time": 734.408,
              "Actual Rows": 1,
              "Actual Loops": 7,
              "Plans": [
                {
                  "Node Type": "Hash Join",
                  "Parent Relationship": "Outer",
                  "Parallel Aware": true,
                  "Join Type": "Inner",
                  "Startup Cost": 46042.69,
                  "Total Cost": 391371.86,
                  "Plan Rows": 54649,
                  "Plan Width": 0,
                  "Actual Startup Time": 408.052,
                  "Actual Total Time": 733.86,
                  "Actual Rows": 10260,
                  "Actual Loops": 7,
                  "Inner Unique": true,
                  "Hash Cond": "(ci.movie_id = t.id)",
                  "Plans": [
                    {
                      "Node Type": "Seq Scan",
                      "Parent Relationship": "Outer",
                      "Parallel Aware": true,
                      "Relation Name": "cast_info",
                      "Alias": "ci",
                      "Startup Cost": 0.0,
                      "Total Cost": 343316.27,
                      "Plan Rows": 766821,
                      "Plan Width": 4,
                      "Actual Startup Time": 327.28,
                      "Actual Total Time": 595.959,
                      "Actual Rows": 416610,
                      "Actual Loops": 7,
                      "Filter": "((person_id < 1022858) AND (role_id > 2))",
                      "Rows Removed by Filter": 4761153
                    },
                    {
                      "Node Type": "Hash",
                      "Parent Relationship": "Inner",
                      "Parallel Aware": true,
                      "Startup Cost": 45479.59,
                      "Total Cost": 45479.59,
                      "Plan Rows": 45048,
                      "Plan Width": 4,
                      "Actual Startup Time": 78.744,
                      "Actual Total Time": 78.745,
                      "Actual Rows": 12417,
                      "Actual Loops": 7,
                      "Hash Buckets": 262144,
                      "Original Hash Buckets": 262144,
                      "Hash Batches": 1,
                      "Original Hash Batches": 1,
                      "Peak Memory Usage": 5536,
                      "Plans": [
                        {
                          "Node Type": "Seq Scan",
                          "Parent Relationship": "Outer",
                          "Parallel Aware": true,
                          "Relation Name": "title",
                          "Alias": "t",
                          "Startup Cost": 0.0,
                          "Total Cost": 45479.59,
                          "Plan Rows": 45048,
                          "Plan Width": 4,
                          "Actual Startup Time": 0.033,
                          "Actual Total Time": 71.822,
                          "Actual Rows": 12417,
                          "Actual Loops": 7,
                          "Filter": "((kind_id > 4) AND (production_year < 1966))",
                          "Rows Removed by Filter": 348771
                        }
                      ]
                    }
                  ]
                }
              ]
            }
          ]
        }
      ]
    },
    "Planning Time": 0.442,
    "Triggers": [],
    "Execution Time": 797.953
  }
]