[
  {
    "Plan": {
      "Node Type": "Aggregate",
      "Strategy": "Plain",
      "Partial Mode": "Finalize",
      "Parallel Aware": false,
      "Startup Cost": 224883.97,
      "Total Cost": 224883.98,
      "Plan Rows": 1,
      "Plan Width": 8,
      "Actual Startup Time": 3470.368,
      "Actual Total Time": 3572.766,
      "Actual Rows": 1,
      "Actual Loops": 1,
      "Plans": [
        {
          "Node Type": "Gather",
          "Parent Relationship": "Outer",
          "Parallel Aware": false,
          "Startup Cost": 224883.55,
          "Total Cost": 224883.96,
          "Plan Rows": 4,
          "Plan Width": 8,
          "Actual Startup Time": 3468.9,
          "Actual Total Time": 3572.757,
          "Actual Rows": 5,
          "Actual Loops": 1,
          "Workers Planned": 4,
          "Workers Launched": 4,
          "Single Copy": false,
          "Plans": [
            {
              "Node Type": "Aggregate",
              "Strategy": "Plain",
              "Partial Mode": "Partial",
              "Parent Relationship": "Outer",
              "Parallel Aware": false,
              "Startup Cost": 223883.55,
              "Total Cost": 223883.56,
              "Plan Rows": 1,
              "Plan Width": 8,
              "Actual Startup Time": 3457.733,
              "Actual Total Time": 3457.737,
              "Actual Rows": 1,
              "Actual Loops": 5,
              "Plans": [
                {
                  "Node Type": "Nested Loop",
                  "Parent Relationship": "Outer",
                  "Parallel Aware": false,
                  "Join Type": "Inner",
                  "Startup Cost": 32529.58,
                  "Total Cost": 222649.32,
                  "Plan Rows": 493691,
                  "Plan Width": 0,
                  "Actual Startup Time": 110.028,
                  "Actual Total Time": 3392.21,
                  "Actual Rows": 1471087,
                  "Actual Loops": 5,
                  "Inner Unique": false,
                  "Plans": [
                    {
                      "Node Type": "Hash Join",
                      "Parent Relationship": "Outer",
                      "Parallel Aware": true,
                      "Join Type": "Inner",
                      "Startup Cost": 32529.02,
                      "Total Cost": 78230.96,
                      "Plan Rows": 69080,
                      "Plan Width": 8,
                      "Actual Startup Time": 109.828,
                      "Actual Total Time": 381.089,
                      "Actual Rows": 111544,
                      "Actual Loops": 5,
                      "Inner Unique": false,
                      "Hash Cond": "(t.id = mc.movie_id)",
                      "Plans": [
                        {
                          "Node Type": "Seq Scan",
                          "Parent Relationship": "Outer",
                          "Parallel Aware": true,
                          "Relation Name": "title",
                          "Alias": "t",
                          "Startup Cost": 0.0,
                          "Total Cost": 42318.73,
                          "Plan Rows": 632073,
                          "Plan Width": 4,
                          "Actual Startup Time": 0.011,
                          "Actual Total Time": 62.471,
                          "Actual Rows": 505662,
                          "Actual Loops": 5
                        },
                        {
                          "Node Type": "Hash",
                          "Parent Relationship": "Inner",
                          "Parallel Aware": true,
                          "Startup Cost": 31414.82,
                          "Total Cost": 31414.82,
                          "Plan Rows": 89136,
                          "Plan Width": 4,
                          "Actual Startup Time": 106.935,
                          "Actual Total Time": 106.937,
                          "Actual Rows": 111544,
                          "Actual Loops": 5,
                          "Hash Buckets": 1048576,
                          "Original Hash Buckets": 524288,
                          "Hash Batches": 1,
                          "Original Hash Batches": 1,
                          "Peak Memory Usage": 34176,
                          "Plans": [
                            {
                              "Node Type": "Seq Scan",
                              "Parent Relationship": "Outer",
                              "Parallel Aware": true,
                              "Relation Name": "movie_companies",
                              "Alias": "mc",
                              "Startup Cost": 0.0,
                              "Total Cost": 31414.82,
                              "Plan Rows": 89136,
                              "Plan Width": 4,
                              "Actual Startup Time": 39.299,
                              "Actual Total Time": 67.665,
                              "Actual Rows": 111544,
                              "Actual Loops": 5,
                              "Filter": "((company_id > 71696) AND (company_type_id = 2))",
                              "Rows Removed by Filter": 410282
                            }
                          ]
                        }
                      ]
                    },
                    {
                      "Node Type": "Index Scan",
                      "Parent Relationship": "Inner",
                      "Parallel Aware": false,
                      "Scan Direction": "Forward",
                      "Index Name": "movie_id_cast_info",
                      "Relation Name": "cast_info",
                      "Alias": "ci",
                      "Startup Cost": 0.56,
                      "Total Cost": 1.91,
                      "Plan Rows": 18,
                      "Plan Width": 4,
                      "Actual Startup Time": 0.012,
                      "Actual Total Time": 0.026,
                      "Actual Rows": 13,
                      "Actual Loops": 557721,
                      "Index Cond": "(movie_id = t.id)",
                      "Rows Removed by Index Recheck": 0,
                      "Filter": "(person_id > 1803427)",
                      "Rows Removed by Filter": 13
                    }
                  ]
                }
              ]
            }
          ]
        }
      ]
    },
    "Planning Time": 1.491,
    "Triggers": [],
    "Execution Time": 3572.874
  }
]