[
  {
    "Plan": {
      "Node Type": "Aggregate",
      "Strategy": "Plain",
      "Partial Mode": "Finalize",
      "Parallel Aware": false,
      "Startup Cost": 80238.77,
      "Total Cost": 80238.78,
      "Plan Rows": 1,
      "Plan Width": 8,
      "Actual Startup Time": 239.045,
      "Actual Total Time": 255.533,
      "Actual Rows": 1,
      "Actual Loops": 1,
      "Plans": [
        {
          "Node Type": "Gather",
          "Parent Relationship": "Outer",
          "Parallel Aware": false,
          "Startup Cost": 80238.55,
          "Total Cost": 80238.76,
          "Plan Rows": 2,
          "Plan Width": 8,
          "Actual Startup Time": 239.036,
          "Actual Total Time": 255.527,
          "Actual Rows": 3,
          "Actual Loops": 1,
          "Workers Planned": 2,
          "Workers Launched": 2,
          "Single Copy": false,
          "Plans": [
            {
              "Node Type": "Aggregate",
              "Strategy": "Plain",
              "Partial Mode": "Partial",
              "Parent Relationship": "Outer",
              "Parallel Aware": false,
              "Startup Cost": 79238.55,
              "Total Cost": 79238.56,
              "Plan Rows": 1,
              "Plan Width": 8,
              "Actual Startup Time": 230.475,
              "Actual Total Time": 230.478,
              "Actual Rows": 1,
              "Actual Loops": 3,
              "Plans": [
                {
                  "Node Type": "Nested Loop",
                  "Parent Relationship": "Outer",
                  "Parallel Aware": false,
                  "Join Type": "Inner",
                  "Startup Cost": 45611.49,
                  "Total Cost": 79195.59,
                  "Plan Rows": 17184,
                  "Plan Width": 0,
                  "Actual Startup Time": 143.927,
                  "Actual Total Time": 228.659,
                  "Actual Rows": 42148,
                  "Actual Loops": 3,
                  "Inner Unique": false,
                  "Join Filter": "(t.id = mk.movie_id)",
                  "Rows Removed by Join Filter": 0,
                  "Plans": [
                    {
                      "Node Type": "Hash Join",
                      "Parent Relationship": "Outer",
                      "Parallel Aware": true,
                      "Join Type": "Inner",
                      "Startup Cost": 45611.06,
                      "Total Cost": 60805.62,
                      "Plan Rows": 9604,
                      "Plan Width": 8,
                      "Actual Startup Time": 143.641,
                      "Actual Total Time": 188.454,
                      "Actual Rows": 7465,
                      "Actual Loops": 3,
                      "Inner Unique": true,
                      "Hash Cond": "(mi_idx.movie_id = t.id)",
                      "Plans": [
                        {
                          "Node Type": "Seq Scan",
                          "Parent Relationship": "Outer",
                          "Parallel Aware": true,
                          "Relation Name": "movie_info_idx",
                          "Alias": "mi_idx",
                          "Startup Cost": 0.0,
                          "Total Cost": 13685.15,
                          "Plan Rows": 575015,
                          "Plan Width": 4,
                          "Actual Startup Time": 0.023,
                          "Actual Total Time": 35.145,
                          "Actual Rows": 460012,
                          "Actual Loops": 3
                        },
                        {
                          "Node Type": "Hash",
                          "Parent Relationship": "Inner",
                          "Parallel Aware": true,
                          "Startup Cost": 45479.1,
                          "Total Cost": 45479.1,
                          "Plan Rows": 10557,
                          "Plan Width": 4,
                          "Actual Startup Time": 113.25,
                          "Actual Total Time": 113.25,
                          "Actual Rows": 13187,
                          "Actual Loops": 3,
                          "Hash Buckets": 65536,
                          "Original Hash Buckets": 65536,
                          "Hash Batches": 1,
                          "Original Hash Batches": 1,
                          "Peak Memory Usage": 2112,
                          "Plans": [
                            {
                              "Node Type": "Seq Scan",
                              "Parent Relationship": "Outer",
                              "Parallel Aware": true,
                              "Relation Name": "title",
                              "Alias": "t",
                              "Startup Cost": 0.0,
                              "Total Cost": 45479.1,
                              "Plan Rows": 10557,
                              "Plan Width": 4,
                              "Actual Startup Time": 47.778,
                              "Actual Total Time": 109.076,
                              "Actual Rows": 13187,
                              "Actual Loops": 3,
                              "Filter": "((kind_id = 1) AND (production_year = 2012))",
                              "Rows Removed by Filter": 829584
                            }
                          ]
                        }
                      ]
                    },
                    {
                      "Node Type": "Index Only Scan",
                      "Parent Relationship": "Inner",
                      "Parallel Aware": false,
                      "Scan Direction": "Forward",
                      "Index Name": "movie_id_movie_keyword",
                      "Relation Name": "movie_keyword",
                      "Alias": "mk",
                      "Startup Cost": 0.43,
                      "Total Cost": 1.35,
                      "Plan Rows": 45,
                      "Plan Width": 4,
                      "Actual Startup Time": 0.004,
                      "Actual Total Time": 0.005,
                      "Actual Rows": 6,
                      "Actual Loops": 22395,
                      "Index Cond": "(movie_id = mi_idx.movie_id)",
                      "Rows Removed by Index Recheck": 0,
                      "Heap Fetches": 126445
                    }
                  ]
                }
              ]
            }
          ]
        }
      ]
    },
    "Planning Time": 1.313,
    "Triggers": [],
    "Execution Time": 255.617
  }
]