{
    "Plan": {
        "Node Type": "Aggregate",
        "Strategy": "Plain",
        "Partial Mode": "Simple",
        "Parallel Aware": false,
        "Startup Cost": 30001243294.78,
        "Total Cost": 30001243294.79,
        "Plan Rows": 1,
        "Plan Width": 64,
        "Actual Startup Time": 3437.45,
        "Actual Total Time": 3437.765,
        "Actual Rows": 1,
        "Actual Loops": 1,
        "Output": [
            "min((kt.kind)::text)",
            "min(t.title)"
        ],
        "Plans": [
            {
                "Node Type": "Nested Loop",
                "Parent Relationship": "Outer",
                "Parallel Aware": false,
                "Join Type": "Inner",
                "Startup Cost": 30001220670.24,
                "Total Cost": 30001243294.78,
                "Plan Rows": 1,
                "Plan Width": 27,
                "Actual Startup Time": 3430.477,
                "Actual Total Time": 3437.516,
                "Actual Rows": 618,
                "Actual Loops": 1,
                "Output": [
                    "kt.kind",
                    "t.title"
                ],
                "Inner Unique": true,
                "Plans": [
                    {
                        "Node Type": "Nested Loop",
                        "Parent Relationship": "Outer",
                        "Parallel Aware": false,
                        "Join Type": "Inner",
                        "Startup Cost": 20001220669.82,
                        "Total Cost": 20001243290.34,
                        "Plan Rows": 1,
                        "Plan Width": 31,
                        "Actual Startup Time": 3430.433,
                        "Actual Total Time": 3434.038,
                        "Actual Rows": 618,
                        "Actual Loops": 1,
                        "Output": [
                            "mk.keyword_id",
                            "t.title",
                            "kt.kind"
                        ],
                        "Inner Unique": true,
                        "Plans": [
                            {
                                "Node Type": "Hash Join",
                                "Parent Relationship": "Outer",
                                "Parallel Aware": false,
                                "Join Type": "Inner",
                                "Startup Cost": 20001220669.68,
                                "Total Cost": 20001243289.41,
                                "Plan Rows": 6,
                                "Plan Width": 25,
                                "Actual Startup Time": 3430.404,
                                "Actual Total Time": 3433.314,
                                "Actual Rows": 618,
                                "Actual Loops": 1,
                                "Output": [
                                    "mk.keyword_id",
                                    "t.title",
                                    "t.kind_id"
                                ],
                                "Inner Unique": false,
                                "Hash Cond": "(t.id = mc.movie_id)",
                                "Plans": [
                                    {
                                        "Node Type": "Merge Join",
                                        "Parent Relationship": "Outer",
                                        "Parallel Aware": false,
                                        "Join Type": "Inner",
                                        "Startup Cost": 20000833239.72,
                                        "Total Cost": 20000855859.4,
                                        "Plan Rows": 6,
                                        "Plan Width": 41,
                                        "Actual Startup Time": 2226.85,
                                        "Actual Total Time": 2229.553,
                                        "Actual Rows": 615,
                                        "Actual Loops": 1,
                                        "Output": [
                                            "cc.movie_id",
                                            "mi.movie_id",
                                            "mk.movie_id",
                                            "mk.keyword_id",
                                            "t.title",
                                            "t.kind_id",
                                            "t.id"
                                        ],
                                        "Inner Unique": false,
                                        "Merge Cond": "(t.id = mk.movie_id)",
                                        "Plans": [
                                            {
                                                "Node Type": "Sort",
                                                "Parent Relationship": "Outer",
                                                "Parallel Aware": false,
                                                "Startup Cost": 10000263445.3,
                                                "Total Cost": 10000263445.3,
                                                "Plan Rows": 1,
                                                "Plan Width": 33,
                                                "Actual Startup Time": 863.033,
                                                "Actual Total Time": 863.3,
                                                "Actual Rows": 5,
                                                "Actual Loops": 1,
                                                "Output": [
                                                    "cc.movie_id",
                                                    "mi.movie_id",
                                                    "t.title",
                                                    "t.kind_id",
                                                    "t.id"
                                                ],
                                                "Sort Key": [
                                                    "cc.movie_id"
                                                ],
                                                "Sort Method": "quicksort",
                                                "Sort Space Used": 25,
                                                "Sort Space Type": "Memory",
                                                "Plans": [
                                                    {
                                                        "Node Type": "Merge Join",
                                                        "Parent Relationship": "Outer",
                                                        "Parallel Aware": false,
                                                        "Join Type": "Inner",
                                                        "Startup Cost": 10000263431.22,
                                                        "Total Cost": 10000263445.29,
                                                        "Plan Rows": 1,
                                                        "Plan Width": 33,
                                                        "Actual Startup Time": 862.978,
                                                        "Actual Total Time": 863.274,
                                                        "Actual Rows": 5,
                                                        "Actual Loops": 1,
                                                        "Output": [
                                                            "cc.movie_id",
                                                            "mi.movie_id",
                                                            "t.title",
                                                            "t.kind_id",
                                                            "t.id"
                                                        ],
                                                        "Inner Unique": false,
                                                        "Merge Cond": "(it1.id = mi.info_type_id)",
                                                        "Plans": [
                                                            {
                                                                "Node Type": "Index Scan",
                                                                "Parent Relationship": "Outer",
                                                                "Parallel Aware": false,
                                                                "Scan Direction": "Forward",
                                                                "Index Name": "info_type_pkey",
                                                                "Relation Name": "info_type",
                                                                "Schema": "public",
                                                                "Alias": "it1",
                                                                "Startup Cost": 0.14,
                                                                "Total Cost": 14.12,
                                                                "Plan Rows": 1,
                                                                "Plan Width": 4,
                                                                "Actual Startup Time": 0.027,
                                                                "Actual Total Time": 0.057,
                                                                "Actual Rows": 1,
                                                                "Actual Loops": 1,
                                                                "Output": [
                                                                    "it1.id",
                                                                    "it1.info"
                                                                ],
                                                                "Filter": "((it1.info)::text = 'release dates'::text)",
                                                                "Rows Removed by Filter": 112
                                                            },
                                                            {
                                                                "Node Type": "Sort",
                                                                "Parent Relationship": "Inner",
                                                                "Parallel Aware": false,
                                                                "Startup Cost": 10000263431.08,
                                                                "Total Cost": 10000263431.12,
                                                                "Plan Rows": 15,
                                                                "Plan Width": 37,
                                                                "Actual Startup Time": 862.943,
                                                                "Actual Total Time": 863.208,
                                                                "Actual Rows": 5,
                                                                "Actual Loops": 1,
                                                                "Output": [
                                                                    "cc.movie_id",
                                                                    "mi.movie_id",
                                                                    "mi.info_type_id",
                                                                    "t.title",
                                                                    "t.kind_id",
                                                                    "t.id"
                                                                ],
                                                                "Sort Key": [
                                                                    "mi.info_type_id"
                                                                ],
                                                                "Sort Method": "quicksort",
                                                                "Sort Space Used": 25,
                                                                "Sort Space Type": "Memory",
                                                                "Plans": [
                                                                    {
                                                                        "Node Type": "Gather",
                                                                        "Parent Relationship": "Outer",
                                                                        "Parallel Aware": false,
                                                                        "Startup Cost": 10000217883.17,
                                                                        "Total Cost": 10000263430.79,
                                                                        "Plan Rows": 15,
                                                                        "Plan Width": 37,
                                                                        "Actual Startup Time": 852.453,
                                                                        "Actual Total Time": 863.195,
                                                                        "Actual Rows": 5,
                                                                        "Actual Loops": 1,
                                                                        "Output": [
                                                                            "cc.movie_id",
                                                                            "mi.movie_id",
                                                                            "mi.info_type_id",
                                                                            "t.title",
                                                                            "t.kind_id",
                                                                            "t.id"
                                                                        ],
                                                                        "Workers Planned": 4,
                                                                        "Workers Launched": 4,
                                                                        "Single Copy": false,
                                                                        "Plans": [
                                                                            {
                                                                                "Node Type": "Hash Join",
                                                                                "Parent Relationship": "Outer",
                                                                                "Parallel Aware": true,
                                                                                "Join Type": "Inner",
                                                                                "Startup Cost": 10000216883.17,
                                                                                "Total Cost": 10000262429.29,
                                                                                "Plan Rows": 4,
                                                                                "Plan Width": 37,
                                                                                "Actual Startup Time": 848.144,
                                                                                "Actual Total Time": 850.135,
                                                                                "Actual Rows": 1,
                                                                                "Actual Loops": 5,
                                                                                "Output": [
                                                                                    "cc.movie_id",
                                                                                    "mi.movie_id",
                                                                                    "mi.info_type_id",
                                                                                    "t.title",
                                                                                    "t.kind_id",
                                                                                    "t.id"
                                                                                ],
                                                                                "Inner Unique": false,
                                                                                "Hash Cond": "(t.id = mi.movie_id)",
                                                                                "Workers": [
                                                                                    {
                                                                                        "Worker Number": 0,
                                                                                        "Actual Startup Time": 845.683,
                                                                                        "Actual Total Time": 845.691,
                                                                                        "Actual Rows": 0,
                                                                                        "Actual Loops": 1
                                                                                    },
                                                                                    {
                                                                                        "Worker Number": 1,
                                                                                        "Actual Startup Time": 847.504,
                                                                                        "Actual Total Time": 847.512,
                                                                                        "Actual Rows": 0,
                                                                                        "Actual Loops": 1
                                                                                    },
                                                                                    {
                                                                                        "Worker Number": 2,
                                                                                        "Actual Startup Time": 850.498,
                                                                                        "Actual Total Time": 850.504,
                                                                                        "Actual Rows": 0,
                                                                                        "Actual Loops": 1
                                                                                    },
                                                                                    {
                                                                                        "Worker Number": 3,
                                                                                        "Actual Startup Time": 845.173,
                                                                                        "Actual Total Time": 845.179,
                                                                                        "Actual Rows": 0,
                                                                                        "Actual Loops": 1
                                                                                    }
                                                                                ],
                                                                                "Plans": [
                                                                                    {
                                                                                        "Node Type": "Hash Join",
                                                                                        "Parent Relationship": "Outer",
                                                                                        "Parallel Aware": false,
                                                                                        "Join Type": "Inner",
                                                                                        "Startup Cost": 10000003246.54,
                                                                                        "Total Cost": 10000048428.57,
                                                                                        "Plan Rows": 4413,
                                                                                        "Plan Width": 29,
                                                                                        "Actual Startup Time": 35.525,
                                                                                        "Actual Total Time": 164.057,
                                                                                        "Actual Rows": 373,
                                                                                        "Actual Loops": 5,
                                                                                        "Output": [
                                                                                            "cc.movie_id",
                                                                                            "t.title",
                                                                                            "t.kind_id",
                                                                                            "t.id"
                                                                                        ],
                                                                                        "Inner Unique": false,
                                                                                        "Hash Cond": "(t.id = cc.movie_id)",
                                                                                        "Workers": [
                                                                                            {
                                                                                                "Worker Number": 0,
                                                                                                "Actual Startup Time": 37.712,
                                                                                                "Actual Total Time": 164.057,
                                                                                                "Actual Rows": 334,
                                                                                                "Actual Loops": 1
                                                                                            },
                                                                                            {
                                                                                                "Worker Number": 1,
                                                                                                "Actual Startup Time": 38.105,
                                                                                                "Actual Total Time": 164.041,
                                                                                                "Actual Rows": 275,
                                                                                                "Actual Loops": 1
                                                                                            },
                                                                                            {
                                                                                                "Worker Number": 2,
                                                                                                "Actual Startup Time": 39.428,
                                                                                                "Actual Total Time": 164.071,
                                                                                                "Actual Rows": 311,
                                                                                                "Actual Loops": 1
                                                                                            },
                                                                                            {
                                                                                                "Worker Number": 3,
                                                                                                "Actual Startup Time": 37.708,
                                                                                                "Actual Total Time": 164.097,
                                                                                                "Actual Rows": 326,
                                                                                                "Actual Loops": 1
                                                                                            }
                                                                                        ],
                                                                                        "Plans": [
                                                                                            {
                                                                                                "Node Type": "Seq Scan",
                                                                                                "Parent Relationship": "Outer",
                                                                                                "Parallel Aware": true,
                                                                                                "Relation Name": "title",
                                                                                                "Schema": "public",
                                                                                                "Alias": "t",
                                                                                                "Startup Cost": 0.0,
                                                                                                "Total Cost": 43899.01,
                                                                                                "Plan Rows": 330373,
                                                                                                "Plan Width": 25,
                                                                                                "Actual Startup Time": 0.032,
                                                                                                "Actual Total Time": 91.258,
                                                                                                "Actual Rows": 264573,
                                                                                                "Actual Loops": 5,
                                                                                                "Output": [
                                                                                                    "t.id",
                                                                                                    "t.title",
                                                                                                    "t.imdb_index",
                                                                                                    "t.kind_id",
                                                                                                    "t.production_year",
                                                                                                    "t.imdb_id",
                                                                                                    "t.phonetic_code",
                                                                                                    "t.episode_of_id",
                                                                                                    "t.season_nr",
                                                                                                    "t.episode_nr",
                                                                                                    "t.series_years",
                                                                                                    "t.md5sum"
                                                                                                ],
                                                                                                "Filter": "(t.production_year > 2001)",
                                                                                                "Rows Removed by Filter": 241090,
                                                                                                "Workers": [
                                                                                                    {
                                                                                                        "Worker Number": 0,
                                                                                                        "Actual Startup Time": 0.047,
                                                                                                        "Actual Total Time": 89.517,
                                                                                                        "Actual Rows": 218389,
                                                                                                        "Actual Loops": 1
                                                                                                    },
                                                                                                    {
                                                                                                        "Worker Number": 1,
                                                                                                        "Actual Startup Time": 0.035,
                                                                                                        "Actual Total Time": 91.095,
                                                                                                        "Actual Rows": 200645,
                                                                                                        "Actual Loops": 1
                                                                                                    },
                                                                                                    {
                                                                                                        "Worker Number": 2,
                                                                                                        "Actual Startup Time": 0.029,
                                                                                                        "Actual Total Time": 89.549,
                                                                                                        "Actual Rows": 220133,
                                                                                                        "Actual Loops": 1
                                                                                                    },
                                                                                                    {
                                                                                                        "Worker Number": 3,
                                                                                                        "Actual Startup Time": 0.043,
                                                                                                        "Actual Total Time": 89.481,
                                                                                                        "Actual Rows": 217524,
                                                                                                        "Actual Loops": 1
                                                                                                    }
                                                                                                ]
                                                                                            },
                                                                                            {
                                                                                                "Node Type": "Hash",
                                                                                                "Parent Relationship": "Inner",
                                                                                                "Parallel Aware": false,
                                                                                                "Startup Cost": 10000002824.39,
                                                                                                "Total Cost": 10000002824.39,
                                                                                                "Plan Rows": 33772,
                                                                                                "Plan Width": 4,
                                                                                                "Actual Startup Time": 34.455,
                                                                                                "Actual Total Time": 34.458,
                                                                                                "Actual Rows": 24592,
                                                                                                "Actual Loops": 5,
                                                                                                "Output": [
                                                                                                    "cc.movie_id"
                                                                                                ],
                                                                                                "Hash Buckets": 65536,
                                                                                                "Original Hash Buckets": 65536,
                                                                                                "Hash Batches": 1,
                                                                                                "Original Hash Batches": 1,
                                                                                                "Peak Memory Usage": 1377,
                                                                                                "Workers": [
                                                                                                    {
                                                                                                        "Worker Number": 0,
                                                                                                        "Actual Startup Time": 36.727,
                                                                                                        "Actual Total Time": 36.73,
                                                                                                        "Actual Rows": 24592,
                                                                                                        "Actual Loops": 1
                                                                                                    },
                                                                                                    {
                                                                                                        "Worker Number": 1,
                                                                                                        "Actual Startup Time": 37.487,
                                                                                                        "Actual Total Time": 37.491,
                                                                                                        "Actual Rows": 24592,
                                                                                                        "Actual Loops": 1
                                                                                                    },
                                                                                                    {
                                                                                                        "Worker Number": 2,
                                                                                                        "Actual Startup Time": 36.786,
                                                                                                        "Actual Total Time": 36.789,
                                                                                                        "Actual Rows": 24592,
                                                                                                        "Actual Loops": 1
                                                                                                    },
                                                                                                    {
                                                                                                        "Worker Number": 3,
                                                                                                        "Actual Startup Time": 36.758,
                                                                                                        "Actual Total Time": 36.761,
                                                                                                        "Actual Rows": 24592,
                                                                                                        "Actual Loops": 1
                                                                                                    }
                                                                                                ],
                                                                                                "Plans": [
                                                                                                    {
                                                                                                        "Node Type": "Hash Join",
                                                                                                        "Parent Relationship": "Outer",
                                                                                                        "Parallel Aware": false,
                                                                                                        "Join Type": "Inner",
                                                                                                        "Startup Cost": 10000000012.21,
                                                                                                        "Total Cost": 10000002824.39,
                                                                                                        "Plan Rows": 33772,
                                                                                                        "Plan Width": 4,
                                                                                                        "Actual Startup Time": 0.151,
                                                                                                        "Actual Total Time": 29.34,
                                                                                                        "Actual Rows": 24592,
                                                                                                        "Actual Loops": 5,
                                                                                                        "Output": [
                                                                                                            "cc.movie_id"
                                                                                                        ],
                                                                                                        "Inner Unique": true,
                                                                                                        "Hash Cond": "(cc.status_id = cct1.id)",
                                                                                                        "Workers": [
                                                                                                            {
                                                                                                                "Worker Number": 0,
                                                                                                                "Actual Startup Time": 0.153,
                                                                                                                "Actual Total Time": 31.104,
                                                                                                                "Actual Rows": 24592,
                                                                                                                "Actual Loops": 1
                                                                                                            },
                                                                                                            {
                                                                                                                "Worker Number": 1,
                                                                                                                "Actual Startup Time": 0.18,
                                                                                                                "Actual Total Time": 31.56,
                                                                                                                "Actual Rows": 24592,
                                                                                                                "Actual Loops": 1
                                                                                                            },
                                                                                                            {
                                                                                                                "Worker Number": 2,
                                                                                                                "Actual Startup Time": 0.189,
                                                                                                                "Actual Total Time": 31.299,
                                                                                                                "Actual Rows": 24592,
                                                                                                                "Actual Loops": 1
                                                                                                            },
                                                                                                            {
                                                                                                                "Worker Number": 3,
                                                                                                                "Actual Startup Time": 0.173,
                                                                                                                "Actual Total Time": 31.005,
                                                                                                                "Actual Rows": 24592,
                                                                                                                "Actual Loops": 1
                                                                                                            }
                                                                                                        ],
                                                                                                        "Plans": [
                                                                                                            {
                                                                                                                "Node Type": "Seq Scan",
                                                                                                                "Parent Relationship": "Outer",
                                                                                                                "Parallel Aware": false,
                                                                                                                "Relation Name": "complete_cast",
                                                                                                                "Schema": "public",
                                                                                                                "Alias": "cc",
                                                                                                                "Startup Cost": 10000000000.0,
                                                                                                                "Total Cost": 10000002081.86,
                                                                                                                "Plan Rows": 135086,
                                                                                                                "Plan Width": 8,
                                                                                                                "Actual Startup Time": 0.033,
                                                                                                                "Actual Total Time": 13.336,
                                                                                                                "Actual Rows": 135086,
                                                                                                                "Actual Loops": 5,
                                                                                                                "Output": [
                                                                                                                    "cc.id",
                                                                                                                    "cc.movie_id",
                                                                                                                    "cc.subject_id",
                                                                                                                    "cc.status_id"
                                                                                                                ],
                                                                                                                "Workers": [
                                                                                                                    {
                                                                                                                        "Worker Number": 0,
                                                                                                                        "Actual Startup Time": 0.026,
                                                                                                                        "Actual Total Time": 13.953,
                                                                                                                        "Actual Rows": 135086,
                                                                                                                        "Actual Loops": 1
                                                                                                                    },
                                                                                                                    {
                                                                                                                        "Worker Number": 1,
                                                                                                                        "Actual Startup Time": 0.041,
                                                                                                                        "Actual Total Time": 14.201,
                                                                                                                        "Actual Rows": 135086,
                                                                                                                        "Actual Loops": 1
                                                                                                                    },
                                                                                                                    {
                                                                                                                        "Worker Number": 2,
                                                                                                                        "Actual Startup Time": 0.039,
                                                                                                                        "Actual Total Time": 13.87,
                                                                                                                        "Actual Rows": 135086,
                                                                                                                        "Actual Loops": 1
                                                                                                                    },
                                                                                                                    {
                                                                                                                        "Worker Number": 3,
                                                                                                                        "Actual Startup Time": 0.033,
                                                                                                                        "Actual Total Time": 13.598,
                                                                                                                        "Actual Rows": 135086,
                                                                                                                        "Actual Loops": 1
                                                                                                                    }
                                                                                                                ]
                                                                                                            },
                                                                                                            {
                                                                                                                "Node Type": "Hash",
                                                                                                                "Parent Relationship": "Inner",
                                                                                                                "Parallel Aware": false,
                                                                                                                "Startup Cost": 12.2,
                                                                                                                "Total Cost": 12.2,
                                                                                                                "Plan Rows": 1,
                                                                                                                "Plan Width": 4,
                                                                                                                "Actual Startup Time": 0.096,
                                                                                                                "Actual Total Time": 0.097,
                                                                                                                "Actual Rows": 1,
                                                                                                                "Actual Loops": 5,
                                                                                                                "Output": [
                                                                                                                    "cct1.id"
                                                                                                                ],
                                                                                                                "Hash Buckets": 1024,
                                                                                                                "Original Hash Buckets": 1024,
                                                                                                                "Hash Batches": 1,
                                                                                                                "Original Hash Batches": 1,
                                                                                                                "Peak Memory Usage": 9,
                                                                                                                "Workers": [
                                                                                                                    {
                                                                                                                        "Worker Number": 0,
                                                                                                                        "Actual Startup Time": 0.103,
                                                                                                                        "Actual Total Time": 0.105,
                                                                                                                        "Actual Rows": 1,
                                                                                                                        "Actual Loops": 1
                                                                                                                    },
                                                                                                                    {
                                                                                                                        "Worker Number": 1,
                                                                                                                        "Actual Startup Time": 0.114,
                                                                                                                        "Actual Total Time": 0.116,
                                                                                                                        "Actual Rows": 1,
                                                                                                                        "Actual Loops": 1
                                                                                                                    },
                                                                                                                    {
                                                                                                                        "Worker Number": 2,
                                                                                                                        "Actual Startup Time": 0.125,
                                                                                                                        "Actual Total Time": 0.126,
                                                                                                                        "Actual Rows": 1,
                                                                                                                        "Actual Loops": 1
                                                                                                                    },
                                                                                                                    {
                                                                                                                        "Worker Number": 3,
                                                                                                                        "Actual Startup Time": 0.118,
                                                                                                                        "Actual Total Time": 0.119,
                                                                                                                        "Actual Rows": 1,
                                                                                                                        "Actual Loops": 1
                                                                                                                    }
                                                                                                                ],
                                                                                                                "Plans": [
                                                                                                                    {
                                                                                                                        "Node Type": "Index Scan",
                                                                                                                        "Parent Relationship": "Outer",
                                                                                                                        "Parallel Aware": false,
                                                                                                                        "Scan Direction": "Forward",
                                                                                                                        "Index Name": "comp_cast_type_pkey",
                                                                                                                        "Relation Name": "comp_cast_type",
                                                                                                                        "Schema": "public",
                                                                                                                        "Alias": "cct1",
                                                                                                                        "Startup Cost": 0.13,
                                                                                                                        "Total Cost": 12.2,
                                                                                                                        "Plan Rows": 1,
                                                                                                                        "Plan Width": 4,
                                                                                                                        "Actual Startup Time": 0.087,
                                                                                                                        "Actual Total Time": 0.089,
                                                                                                                        "Actual Rows": 1,
                                                                                                                        "Actual Loops": 5,
                                                                                                                        "Output": [
                                                                                                                            "cct1.id"
                                                                                                                        ],
                                                                                                                        "Filter": "((cct1.kind)::text = 'complete+verified'::text)",
                                                                                                                        "Rows Removed by Filter": 3,
                                                                                                                        "Workers": [
                                                                                                                            {
                                                                                                                                "Worker Number": 0,
                                                                                                                                "Actual Startup Time": 0.093,
                                                                                                                                "Actual Total Time": 0.095,
                                                                                                                                "Actual Rows": 1,
                                                                                                                                "Actual Loops": 1
                                                                                                                            },
                                                                                                                            {
                                                                                                                                "Worker Number": 1,
                                                                                                                                "Actual Startup Time": 0.102,
                                                                                                                                "Actual Total Time": 0.104,
                                                                                                                                "Actual Rows": 1,
                                                                                                                                "Actual Loops": 1
                                                                                                                            },
                                                                                                                            {
                                                                                                                                "Worker Number": 2,
                                                                                                                                "Actual Startup Time": 0.117,
                                                                                                                                "Actual Total Time": 0.118,
                                                                                                                                "Actual Rows": 1,
                                                                                                                                "Actual Loops": 1
                                                                                                                            },
                                                                                                                            {
                                                                                                                                "Worker Number": 3,
                                                                                                                                "Actual Startup Time": 0.107,
                                                                                                                                "Actual Total Time": 0.109,
                                                                                                                                "Actual Rows": 1,
                                                                                                                                "Actual Loops": 1
                                                                                                                            }
                                                                                                                        ]
                                                                                                                    }
                                                                                                                ]
                                                                                                            }
                                                                                                        ]
                                                                                                    }
                                                                                                ]
                                                                                            }
                                                                                        ]
                                                                                    },
                                                                                    {
                                                                                        "Node Type": "Hash",
                                                                                        "Parent Relationship": "Inner",
                                                                                        "Parallel Aware": true,
                                                                                        "Startup Cost": 213635.83,
                                                                                        "Total Cost": 213635.83,
                                                                                        "Plan Rows": 64,
                                                                                        "Plan Width": 8,
                                                                                        "Actual Startup Time": 685.067,
                                                                                        "Actual Total Time": 685.068,
                                                                                        "Actual Rows": 357,
                                                                                        "Actual Loops": 5,
                                                                                        "Output": [
                                                                                            "mi.movie_id",
                                                                                            "mi.info_type_id"
                                                                                        ],
                                                                                        "Hash Buckets": 1024,
                                                                                        "Original Hash Buckets": 1024,
                                                                                        "Hash Batches": 1,
                                                                                        "Original Hash Batches": 1,
                                                                                        "Peak Memory Usage": 168,
                                                                                        "Workers": [
                                                                                            {
                                                                                                "Worker Number": 0,
                                                                                                "Actual Startup Time": 680.36,
                                                                                                "Actual Total Time": 680.361,
                                                                                                "Actual Rows": 293,
                                                                                                "Actual Loops": 1
                                                                                            },
                                                                                            {
                                                                                                "Worker Number": 1,
                                                                                                "Actual Startup Time": 682.562,
                                                                                                "Actual Total Time": 682.563,
                                                                                                "Actual Rows": 340,
                                                                                                "Actual Loops": 1
                                                                                            },
                                                                                            {
                                                                                                "Worker Number": 2,
                                                                                                "Actual Startup Time": 685.474,
                                                                                                "Actual Total Time": 685.475,
                                                                                                "Actual Rows": 340,
                                                                                                "Actual Loops": 1
                                                                                            },
                                                                                            {
                                                                                                "Worker Number": 3,
                                                                                                "Actual Startup Time": 679.908,
                                                                                                "Actual Total Time": 679.909,
                                                                                                "Actual Rows": 311,
                                                                                                "Actual Loops": 1
                                                                                            }
                                                                                        ],
                                                                                        "Plans": [
                                                                                            {
                                                                                                "Node Type": "Seq Scan",
                                                                                                "Parent Relationship": "Outer",
                                                                                                "Parallel Aware": true,
                                                                                                "Relation Name": "movie_info",
                                                                                                "Schema": "public",
                                                                                                "Alias": "mi",
                                                                                                "Startup Cost": 0.0,
                                                                                                "Total Cost": 213635.83,
                                                                                                "Plan Rows": 64,
                                                                                                "Plan Width": 8,
                                                                                                "Actual Startup Time": 208.115,
                                                                                                "Actual Total Time": 684.661,
                                                                                                "Actual Rows": 357,
                                                                                                "Actual Loops": 5,
                                                                                                "Output": [
                                                                                                    "mi.movie_id",
                                                                                                    "mi.info_type_id"
                                                                                                ],
                                                                                                "Filter": "((mi.info IS NOT NULL) AND (mi.note ~~ '%internet%'::text) AND ((mi.info ~~ 'USA:% 199%'::text) OR (mi.info ~~ 'USA:% 200%'::text)))",
                                                                                                "Rows Removed by Filter": 2966787,
                                                                                                "Workers": [
                                                                                                    {
                                                                                                        "Worker Number": 0,
                                                                                                        "Actual Startup Time": 203.407,
                                                                                                        "Actual Total Time": 679.947,
                                                                                                        "Actual Rows": 293,
                                                                                                        "Actual Loops": 1
                                                                                                    },
                                                                                                    {
                                                                                                        "Worker Number": 1,
                                                                                                        "Actual Startup Time": 206.11,
                                                                                                        "Actual Total Time": 682.111,
                                                                                                        "Actual Rows": 340,
                                                                                                        "Actual Loops": 1
                                                                                                    },
                                                                                                    {
                                                                                                        "Worker Number": 2,
                                                                                                        "Actual Startup Time": 208.115,
                                                                                                        "Actual Total Time": 685.046,
                                                                                                        "Actual Rows": 340,
                                                                                                        "Actual Loops": 1
                                                                                                    },
                                                                                                    {
                                                                                                        "Worker Number": 3,
                                                                                                        "Actual Startup Time": 202.713,
                                                                                                        "Actual Total Time": 679.482,
                                                                                                        "Actual Rows": 311,
                                                                                                        "Actual Loops": 1
                                                                                                    }
                                                                                                ]
                                                                                            }
                                                                                        ]
                                                                                    }
                                                                                ]
                                                                            }
                                                                        ]
                                                                    }
                                                                ]
                                                            }
                                                        ]
                                                    }
                                                ]
                                            },
                                            {
                                                "Node Type": "Sort",
                                                "Parent Relationship": "Inner",
                                                "Parallel Aware": false,
                                                "Startup Cost": 10000569794.43,
                                                "Total Cost": 10000581104.25,
                                                "Plan Rows": 4523930,
                                                "Plan Width": 8,
                                                "Actual Startup Time": 1060.909,
                                                "Actual Total Time": 1188.114,
                                                "Actual Rows": 3689832,
                                                "Actual Loops": 1,
                                                "Output": [
                                                    "mk.movie_id",
                                                    "mk.keyword_id"
                                                ],
                                                "Sort Key": [
                                                    "mk.movie_id"
                                                ],
                                                "Sort Method": "quicksort",
                                                "Sort Space Used": 408668,
                                                "Sort Space Type": "Memory",
                                                "Plans": [
                                                    {
                                                        "Node Type": "Seq Scan",
                                                        "Parent Relationship": "Outer",
                                                        "Parallel Aware": false,
                                                        "Relation Name": "movie_keyword",
                                                        "Schema": "public",
                                                        "Alias": "mk",
                                                        "Startup Cost": 10000000000.0,
                                                        "Total Cost": 10000069693.3,
                                                        "Plan Rows": 4523930,
                                                        "Plan Width": 8,
                                                        "Actual Startup Time": 0.013,
                                                        "Actual Total Time": 403.722,
                                                        "Actual Rows": 4523930,
                                                        "Actual Loops": 1,
                                                        "Output": [
                                                            "mk.movie_id",
                                                            "mk.keyword_id"
                                                        ]
                                                    }
                                                ]
                                            }
                                        ]
                                    },
                                    {
                                        "Node Type": "Hash",
                                        "Parent Relationship": "Inner",
                                        "Parallel Aware": false,
                                        "Startup Cost": 375730.22,
                                        "Total Cost": 375730.22,
                                        "Plan Rows": 935979,
                                        "Plan Width": 4,
                                        "Actual Startup Time": 1202.189,
                                        "Actual Total Time": 1202.235,
                                        "Actual Rows": 1153798,
                                        "Actual Loops": 1,
                                        "Output": [
                                            "mc.movie_id"
                                        ],
                                        "Hash Buckets": 2097152,
                                        "Original Hash Buckets": 1048576,
                                        "Hash Batches": 1,
                                        "Original Hash Batches": 1,
                                        "Peak Memory Usage": 56948,
                                        "Plans": [
                                            {
                                                "Node Type": "Gather",
                                                "Parent Relationship": "Outer",
                                                "Parallel Aware": false,
                                                "Startup Cost": 1013.09,
                                                "Total Cost": 375730.22,
                                                "Plan Rows": 935979,
                                                "Plan Width": 4,
                                                "Actual Startup Time": 0.537,
                                                "Actual Total Time": 894.979,
                                                "Actual Rows": 1153798,
                                                "Actual Loops": 1,
                                                "Output": [
                                                    "mc.movie_id"
                                                ],
                                                "Workers Planned": 1,
                                                "Workers Launched": 1,
                                                "Single Copy": false,
                                                "Plans": [
                                                    {
                                                        "Node Type": "Hash Join",
                                                        "Parent Relationship": "Outer",
                                                        "Parallel Aware": false,
                                                        "Join Type": "Inner",
                                                        "Startup Cost": 13.09,
                                                        "Total Cost": 281132.32,
                                                        "Plan Rows": 550576,
                                                        "Plan Width": 4,
                                                        "Actual Startup Time": 0.88,
                                                        "Actual Total Time": 838.596,
                                                        "Actual Rows": 576899,
                                                        "Actual Loops": 2,
                                                        "Output": [
                                                            "mc.movie_id"
                                                        ],
                                                        "Inner Unique": true,
                                                        "Hash Cond": "(mc.company_type_id = ct.id)",
                                                        "Workers": [
                                                            {
                                                                "Worker Number": 0,
                                                                "Actual Startup Time": 1.652,
                                                                "Actual Total Time": 990.285,
                                                                "Actual Rows": 602697,
                                                                "Actual Loops": 1
                                                            }
                                                        ],
                                                        "Plans": [
                                                            {
                                                                "Node Type": "Nested Loop",
                                                                "Parent Relationship": "Outer",
                                                                "Parallel Aware": false,
                                                                "Join Type": "Inner",
                                                                "Startup Cost": 0.85,
                                                                "Total Cost": 278143.53,
                                                                "Plan Rows": 550576,
                                                                "Plan Width": 8,
                                                                "Actual Startup Time": 0.471,
                                                                "Actual Total Time": 719.027,
                                                                "Actual Rows": 576899,
                                                                "Actual Loops": 2,
                                                                "Output": [
                                                                    "mc.movie_id",
                                                                    "mc.company_type_id"
                                                                ],
                                                                "Inner Unique": false,
                                                                "Workers": [
                                                                    {
                                                                        "Worker Number": 0,
                                                                        "Actual Startup Time": 0.858,
                                                                        "Actual Total Time": 862.055,
                                                                        "Actual Rows": 602697,
                                                                        "Actual Loops": 1
                                                                    }
                                                                ],
                                                                "Plans": [
                                                                    {
                                                                        "Node Type": "Index Scan",
                                                                        "Parent Relationship": "Outer",
                                                                        "Parallel Aware": true,
                                                                        "Scan Direction": "Forward",
                                                                        "Index Name": "company_name_pkey",
                                                                        "Relation Name": "company_name",
                                                                        "Schema": "public",
                                                                        "Alias": "cn",
                                                                        "Startup Cost": 0.42,
                                                                        "Total Cost": 11244.9,
                                                                        "Plan Rows": 49589,
                                                                        "Plan Width": 4,
                                                                        "Actual Startup Time": 0.178,
                                                                        "Actual Total Time": 90.266,
                                                                        "Actual Rows": 42422,
                                                                        "Actual Loops": 2,
                                                                        "Output": [
                                                                            "cn.id",
                                                                            "cn.name",
                                                                            "cn.country_code",
                                                                            "cn.imdb_id",
                                                                            "cn.name_pcode_nf",
                                                                            "cn.name_pcode_sf",
                                                                            "cn.md5sum"
                                                                        ],
                                                                        "Filter": "((cn.country_code)::text = '[us]'::text)",
                                                                        "Rows Removed by Filter": 75077,
                                                                        "Workers": [
                                                                            {
                                                                                "Worker Number": 0,
                                                                                "Actual Startup Time": 0.326,
                                                                                "Actual Total Time": 103.673,
                                                                                "Actual Rows": 47705,
                                                                                "Actual Loops": 1
                                                                            }
                                                                        ]
                                                                    },
                                                                    {
                                                                        "Node Type": "Index Scan",
                                                                        "Parent Relationship": "Inner",
                                                                        "Parallel Aware": false,
                                                                        "Scan Direction": "Forward",
                                                                        "Index Name": "company_id_movie_companies",
                                                                        "Relation Name": "movie_companies",
                                                                        "Schema": "public",
                                                                        "Alias": "mc",
                                                                        "Startup Cost": 0.43,
                                                                        "Total Cost": 4.06,
                                                                        "Plan Rows": 132,
                                                                        "Plan Width": 12,
                                                                        "Actual Startup Time": 0.003,
                                                                        "Actual Total Time": 0.013,
                                                                        "Actual Rows": 14,
                                                                        "Actual Loops": 84843,
                                                                        "Output": [
                                                                            "mc.id",
                                                                            "mc.movie_id",
                                                                            "mc.company_id",
                                                                            "mc.company_type_id",
                                                                            "mc.note"
                                                                        ],
                                                                        "Index Cond": "(mc.company_id = cn.id)",
                                                                        "Rows Removed by Index Recheck": 0,
                                                                        "Workers": [
                                                                            {
                                                                                "Worker Number": 0,
                                                                                "Actual Startup Time": 0.003,
                                                                                "Actual Total Time": 0.014,
                                                                                "Actual Rows": 13,
                                                                                "Actual Loops": 47705
                                                                            }
                                                                        ]
                                                                    }
                                                                ]
                                                            },
                                                            {
                                                                "Node Type": "Hash",
                                                                "Parent Relationship": "Inner",
                                                                "Parallel Aware": false,
                                                                "Startup Cost": 12.19,
                                                                "Total Cost": 12.19,
                                                                "Plan Rows": 4,
                                                                "Plan Width": 4,
                                                                "Actual Startup Time": 0.117,
                                                                "Actual Total Time": 0.118,
                                                                "Actual Rows": 4,
                                                                "Actual Loops": 2,
                                                                "Output": [
                                                                    "ct.id"
                                                                ],
                                                                "Hash Buckets": 1024,
                                                                "Original Hash Buckets": 1024,
                                                                "Hash Batches": 1,
                                                                "Original Hash Batches": 1,
                                                                "Peak Memory Usage": 9,
                                                                "Workers": [
                                                                    {
                                                                        "Worker Number": 0,
                                                                        "Actual Startup Time": 0.221,
                                                                        "Actual Total Time": 0.222,
                                                                        "Actual Rows": 4,
                                                                        "Actual Loops": 1
                                                                    }
                                                                ],
                                                                "Plans": [
                                                                    {
                                                                        "Node Type": "Index Scan",
                                                                        "Parent Relationship": "Outer",
                                                                        "Parallel Aware": false,
                                                                        "Scan Direction": "Forward",
                                                                        "Index Name": "company_type_pkey",
                                                                        "Relation Name": "company_type",
                                                                        "Schema": "public",
                                                                        "Alias": "ct",
                                                                        "Startup Cost": 0.13,
                                                                        "Total Cost": 12.19,
                                                                        "Plan Rows": 4,
                                                                        "Plan Width": 4,
                                                                        "Actual Startup Time": 0.098,
                                                                        "Actual Total Time": 0.102,
                                                                        "Actual Rows": 4,
                                                                        "Actual Loops": 2,
                                                                        "Output": [
                                                                            "ct.id"
                                                                        ],
                                                                        "Workers": [
                                                                            {
                                                                                "Worker Number": 0,
                                                                                "Actual Startup Time": 0.188,
                                                                                "Actual Total Time": 0.194,
                                                                                "Actual Rows": 4,
                                                                                "Actual Loops": 1
                                                                            }
                                                                        ]
                                                                    }
                                                                ]
                                                            }
                                                        ]
                                                    }
                                                ]
                                            }
                                        ]
                                    }
                                ]
                            },
                            {
                                "Node Type": "Index Scan",
                                "Parent Relationship": "Inner",
                                "Parallel Aware": false,
                                "Scan Direction": "Forward",
                                "Index Name": "kind_type_pkey",
                                "Relation Name": "kind_type",
                                "Schema": "public",
                                "Alias": "kt",
                                "Startup Cost": 0.13,
                                "Total Cost": 0.15,
                                "Plan Rows": 1,
                                "Plan Width": 14,
                                "Actual Startup Time": 0.001,
                                "Actual Total Time": 0.001,
                                "Actual Rows": 1,
                                "Actual Loops": 618,
                                "Output": [
                                    "kt.id",
                                    "kt.kind"
                                ],
                                "Index Cond": "(kt.id = t.kind_id)",
                                "Rows Removed by Index Recheck": 0,
                                "Filter": "((kt.kind)::text = 'movie'::text)",
                                "Rows Removed by Filter": 0
                            }
                        ]
                    },
                    {
                        "Node Type": "Bitmap Heap Scan",
                        "Parent Relationship": "Inner",
                        "Parallel Aware": false,
                        "Relation Name": "keyword",
                        "Schema": "public",
                        "Alias": "k",
                        "Startup Cost": 0.43,
                        "Total Cost": 4.44,
                        "Plan Rows": 1,
                        "Plan Width": 4,
                        "Actual Startup Time": 0.004,
                        "Actual Total Time": 0.004,
                        "Actual Rows": 1,
                        "Actual Loops": 618,
                        "Output": [
                            "k.id",
                            "k.keyword",
                            "k.phonetic_code"
                        ],
                        "Recheck Cond": "(k.id = mk.keyword_id)",
                        "Rows Removed by Index Recheck": 0,
                        "Exact Heap Blocks": 618,
                        "Lossy Heap Blocks": 0,
                        "Plans": [
                            {
                                "Node Type": "Bitmap Index Scan",
                                "Parent Relationship": "Outer",
                                "Parallel Aware": false,
                                "Index Name": "keyword_pkey",
                                "Startup Cost": 0.0,
                                "Total Cost": 0.43,
                                "Plan Rows": 1,
                                "Plan Width": 0,
                                "Actual Startup Time": 0.002,
                                "Actual Total Time": 0.002,
                                "Actual Rows": 1,
                                "Actual Loops": 618,
                                "Index Cond": "(k.id = mk.keyword_id)"
                            }
                        ]
                    }
                ]
            }
        ]
    },
    "Planning Time": 24.393,
    "Triggers": [],
    "Execution Time": 3438.336
}