[
  {
    "Plan": {
      "Node Type": "Aggregate",
      "Strategy": "Plain",
      "Partial Mode": "Finalize",
      "Parallel Aware": false,
      "Startup Cost": 79767.19,
      "Total Cost": 79767.2,
      "Plan Rows": 1,
      "Plan Width": 8,
      "Actual Startup Time": 293.448,
      "Actual Total Time": 310.247,
      "Actual Rows": 1,
      "Actual Loops": 1,
      "Plans": [
        {
          "Node Type": "Gather",
          "Parent Relationship": "Outer",
          "Parallel Aware": false,
          "Startup Cost": 79766.77,
          "Total Cost": 79767.18,
          "Plan Rows": 4,
          "Plan Width": 8,
          "Actual Startup Time": 289.059,
          "Actual Total Time": 310.237,
          "Actual Rows": 5,
          "Actual Loops": 1,
          "Workers Planned": 4,
          "Workers Launched": 4,
          "Single Copy": false,
          "Plans": [
            {
              "Node Type": "Aggregate",
              "Strategy": "Plain",
              "Partial Mode": "Partial",
              "Parent Relationship": "Outer",
              "Parallel Aware": false,
              "Startup Cost": 78766.77,
              "Total Cost": 78766.78,
              "Plan Rows": 1,
              "Plan Width": 8,
              "Actual Startup Time": 279.695,
              "Actual Total Time": 279.699,
              "Actual Rows": 1,
              "Actual Loops": 5,
              "Plans": [
                {
                  "Node Type": "Hash Join",
                  "Parent Relationship": "Outer",
                  "Parallel Aware": true,
                  "Join Type": "Inner",
                  "Startup Cost": 31579.01,
                  "Total Cost": 78615.28,
                  "Plan Rows": 60596,
                  "Plan Width": 0,
                  "Actual Startup Time": 128.768,
                  "Actual Total Time": 277.087,
                  "Actual Rows": 48615,
                  "Actual Loops": 5,
                  "Inner Unique": false,
                  "Hash Cond": "(t.id = mc.movie_id)",
                  "Plans": [
                    {
                      "Node Type": "Seq Scan",
                      "Parent Relationship": "Outer",
                      "Parallel Aware": true,
                      "Relation Name": "title",
                      "Alias": "t",
                      "Startup Cost": 0.0,
                      "Total Cost": 45479.1,
                      "Plan Rows": 272340,
                      "Plan Width": 4,
                      "Actual Startup Time": 0.018,
                      "Actual Total Time": 85.387,
                      "Actual Rows": 208844,
                      "Actual Loops": 5,
                      "Filter": "((production_year < 2009) AND (kind_id = 7))",
                      "Rows Removed by Filter": 296818
                    },
                    {
                      "Node Type": "Hash",
                      "Parent Relationship": "Inner",
                      "Parallel Aware": true,
                      "Startup Cost": 29310.68,
                      "Total Cost": 29310.68,
                      "Plan Rows": 181466,
                      "Plan Width": 4,
                      "Actual Startup Time": 124.213,
                      "Actual Total Time": 124.214,
                      "Actual Rows": 111102,
                      "Actual Loops": 5,
                      "Hash Buckets": 1048576,
                      "Original Hash Buckets": 1048576,
                      "Hash Batches": 1,
                      "Original Hash Batches": 1,
                      "Peak Memory Usage": 29984,
                      "Plans": [
                        {
                          "Node Type": "Seq Scan",
                          "Parent Relationship": "Outer",
                          "Parallel Aware": true,
                          "Relation Name": "movie_companies",
                          "Alias": "mc",
                          "Startup Cost": 0.0,
                          "Total Cost": 29310.68,
                          "Plan Rows": 181466,
                          "Plan Width": 4,
                          "Actual Startup Time": 0.051,
                          "Actual Total Time": 69.895,
                          "Actual Rows": 111102,
                          "Actual Loops": 5,
                          "Filter": "(company_id < 578)",
                          "Rows Removed by Filter": 410724
                        }
                      ]
                    }
                  ]
                }
              ]
            }
          ]
        }
      ]
    },
    "Planning Time": 0.527,
    "Triggers": [],
    "Execution Time": 310.308
  }
]