[
    {
        "Bao": {
            "Bao prediction": 672.58,
            "Bao recommended hint": "(no hint)"
        }
    },
    {
        "Plan": {
            "Node Type": "Aggregate",
            "Strategy": "Plain",
            "Partial Mode": "Finalize",
            "Parallel Aware": false,
            "Startup Cost": 303389.42,
            "Total Cost": 303389.43,
            "Plan Rows": 1,
            "Plan Width": 8,
            "Actual Startup Time": 207.446,
            "Actual Total Time": 212.085,
            "Actual Rows": 1,
            "Actual Loops": 1,
            "Output": [
                "count(*)"
            ],
            "Plans": [
                {
                    "Node Type": "Gather",
                    "Parent Relationship": "Outer",
                    "Parallel Aware": false,
                    "Startup Cost": 303388.8,
                    "Total Cost": 303389.41,
                    "Plan Rows": 6,
                    "Plan Width": 8,
                    "Actual Startup Time": 206.994,
                    "Actual Total Time": 212.076,
                    "Actual Rows": 7,
                    "Actual Loops": 1,
                    "Output": [
                        "(PARTIAL count(*))"
                    ],
                    "Workers Planned": 6,
                    "Workers Launched": 6,
                    "Single Copy": false,
                    "Plans": [
                        {
                            "Node Type": "Aggregate",
                            "Strategy": "Plain",
                            "Partial Mode": "Partial",
                            "Parent Relationship": "Outer",
                            "Parallel Aware": false,
                            "Startup Cost": 302388.8,
                            "Total Cost": 302388.81,
                            "Plan Rows": 1,
                            "Plan Width": 8,
                            "Actual Startup Time": 197.393,
                            "Actual Total Time": 197.394,
                            "Actual Rows": 1,
                            "Actual Loops": 7,
                            "Output": [
                                "PARTIAL count(*)"
                            ],
                            "Workers": [
                                {
                                    "Worker Number": 0,
                                    "Actual Startup Time": 195.445,
                                    "Actual Total Time": 195.446,
                                    "Actual Rows": 1,
                                    "Actual Loops": 1
                                },
                                {
                                    "Worker Number": 1,
                                    "Actual Startup Time": 195.648,
                                    "Actual Total Time": 195.649,
                                    "Actual Rows": 1,
                                    "Actual Loops": 1
                                },
                                {
                                    "Worker Number": 2,
                                    "Actual Startup Time": 196.03,
                                    "Actual Total Time": 196.031,
                                    "Actual Rows": 1,
                                    "Actual Loops": 1
                                },
                                {
                                    "Worker Number": 3,
                                    "Actual Startup Time": 196.135,
                                    "Actual Total Time": 196.136,
                                    "Actual Rows": 1,
                                    "Actual Loops": 1
                                },
                                {
                                    "Worker Number": 4,
                                    "Actual Startup Time": 196.152,
                                    "Actual Total Time": 196.153,
                                    "Actual Rows": 1,
                                    "Actual Loops": 1
                                },
                                {
                                    "Worker Number": 5,
                                    "Actual Startup Time": 196.167,
                                    "Actual Total Time": 196.168,
                                    "Actual Rows": 1,
                                    "Actual Loops": 1
                                }
                            ],
                            "Plans": [
                                {
                                    "Node Type": "Bitmap Heap Scan",
                                    "Parent Relationship": "Outer",
                                    "Parallel Aware": true,
                                    "Relation Name": "cast_info",
                                    "Schema": "public",
                                    "Alias": "ci",
                                    "Startup Cost": 44360.82,
                                    "Total Cost": 302109.35,
                                    "Plan Rows": 111781,
                                    "Plan Width": 0,
                                    "Actual Startup Time": 168.942,
                                    "Actual Total Time": 193.325,
                                    "Actual Rows": 59586,
                                    "Actual Loops": 7,
                                    "Recheck Cond": "(ci.person_id < 199863)",
                                    "Rows Removed by Index Recheck": 0,
                                    "Filter": "(ci.role_id > 3)",
                                    "Rows Removed by Filter": 231657,
                                    "Exact Heap Blocks": 4078,
                                    "Lossy Heap Blocks": 0,
                                    "Workers": [
                                        {
                                            "Worker Number": 0,
                                            "Actual Startup Time": 166.995,
                                            "Actual Total Time": 191.467,
                                            "Actual Rows": 58124,
                                            "Actual Loops": 1
                                        },
                                        {
                                            "Worker Number": 1,
                                            "Actual Startup Time": 167.206,
                                            "Actual Total Time": 191.563,
                                            "Actual Rows": 59099,
                                            "Actual Loops": 1
                                        },
                                        {
                                            "Worker Number": 2,
                                            "Actual Startup Time": 167.588,
                                            "Actual Total Time": 192.03,
                                            "Actual Rows": 58289,
                                            "Actual Loops": 1
                                        },
                                        {
                                            "Worker Number": 3,
                                            "Actual Startup Time": 167.678,
                                            "Actual Total Time": 192.126,
                                            "Actual Rows": 58410,
                                            "Actual Loops": 1
                                        },
                                        {
                                            "Worker Number": 4,
                                            "Actual Startup Time": 167.685,
                                            "Actual Total Time": 192.065,
                                            "Actual Rows": 58973,
                                            "Actual Loops": 1
                                        },
                                        {
                                            "Worker Number": 5,
                                            "Actual Startup Time": 167.714,
                                            "Actual Total Time": 192.275,
                                            "Actual Rows": 56528,
                                            "Actual Loops": 1
                                        }
                                    ],
                                    "Plans": [
                                        {
                                            "Node Type": "Bitmap Index Scan",
                                            "Parent Relationship": "Outer",
                                            "Parallel Aware": false,
                                            "Index Name": "person_id_cast_info",
                                            "Startup Cost": 0.0,
                                            "Total Cost": 44193.15,
                                            "Plan Rows": 2024611,
                                            "Plan Width": 0,
                                            "Actual Startup Time": 111.022,
                                            "Actual Total Time": 111.023,
                                            "Actual Rows": 2038697,
                                            "Actual Loops": 1,
                                            "Index Cond": "(ci.person_id < 199863)"
                                        }
                                    ]
                                }
                            ]
                        }
                    ]
                }
            ]
        },
        "Planning Time": 2019.598,
        "Triggers": [],
        "Execution Time": 212.212
    }
]