[
  {
    "Plan": {
      "Node Type": "Aggregate",
      "Strategy": "Plain",
      "Partial Mode": "Finalize",
      "Parallel Aware": false,
      "Startup Cost": 46488.48,
      "Total Cost": 46488.49,
      "Plan Rows": 1,
      "Plan Width": 8,
      "Actual Startup Time": 180.364,
      "Actual Total Time": 191.301,
      "Actual Rows": 1,
      "Actual Loops": 1,
      "Plans": [
        {
          "Node Type": "Gather",
          "Parent Relationship": "Outer",
          "Parallel Aware": false,
          "Startup Cost": 46488.16,
          "Total Cost": 46488.47,
          "Plan Rows": 3,
          "Plan Width": 8,
          "Actual Startup Time": 180.23,
          "Actual Total Time": 191.292,
          "Actual Rows": 4,
          "Actual Loops": 1,
          "Workers Planned": 3,
          "Workers Launched": 3,
          "Single Copy": false,
          "Plans": [
            {
              "Node Type": "Aggregate",
              "Strategy": "Plain",
              "Partial Mode": "Partial",
              "Parent Relationship": "Outer",
              "Parallel Aware": false,
              "Startup Cost": 45488.16,
              "Total Cost": 45488.17,
              "Plan Rows": 1,
              "Plan Width": 8,
              "Actual Startup Time": 174.751,
              "Actual Total Time": 174.753,
              "Actual Rows": 1,
              "Actual Loops": 4,
              "Plans": [
                {
                  "Node Type": "Seq Scan",
                  "Parent Relationship": "Outer",
                  "Parallel Aware": true,
                  "Relation Name": "movie_keyword",
                  "Alias": "mk",
                  "Startup Cost": 0.0,
                  "Total Cost": 42695.65,
                  "Plan Rows": 1117002,
                  "Plan Width": 0,
                  "Actual Startup Time": 0.042,
                  "Actual Total Time": 131.333,
                  "Actual Rows": 866339,
                  "Actual Loops": 4,
                  "Filter": "(keyword_id < 16677)",
                  "Rows Removed by Filter": 264643
                }
              ]
            }
          ]
        }
      ]
    },
    "Planning Time": 0.099,
    "Triggers": [],
    "Execution Time": 191.332
  }
]