[
  {
    "Plan": {
      "Node Type": "Aggregate",
      "Strategy": "Plain",
      "Partial Mode": "Finalize",
      "Parallel Aware": false,
      "Startup Cost": 91626.51,
      "Total Cost": 91626.52,
      "Plan Rows": 1,
      "Plan Width": 8,
      "Actual Startup Time": 411.234,
      "Actual Total Time": 429.235,
      "Actual Rows": 1,
      "Actual Loops": 1,
      "Plans": [
        {
          "Node Type": "Gather",
          "Parent Relationship": "Outer",
          "Parallel Aware": false,
          "Startup Cost": 91626.19,
          "Total Cost": 91626.5,
          "Plan Rows": 3,
          "Plan Width": 8,
          "Actual Startup Time": 407.761,
          "Actual Total Time": 429.222,
          "Actual Rows": 4,
          "Actual Loops": 1,
          "Workers Planned": 3,
          "Workers Launched": 3,
          "Single Copy": false,
          "Plans": [
            {
              "Node Type": "Aggregate",
              "Strategy": "Plain",
              "Partial Mode": "Partial",
              "Parent Relationship": "Outer",
              "Parallel Aware": false,
              "Startup Cost": 90626.19,
              "Total Cost": 90626.2,
              "Plan Rows": 1,
              "Plan Width": 8,
              "Actual Startup Time": 400.68,
              "Actual Total Time": 400.684,
              "Actual Rows": 1,
              "Actual Loops": 4,
              "Plans": [
                {
                  "Node Type": "Hash Join",
                  "Parent Relationship": "Outer",
                  "Parallel Aware": true,
                  "Join Type": "Inner",
                  "Startup Cost": 47031.52,
                  "Total Cost": 89909.6,
                  "Plan Rows": 286634,
                  "Plan Width": 0,
                  "Actual Startup Time": 182.885,
                  "Actual Total Time": 381.245,
                  "Actual Rows": 419504,
                  "Actual Loops": 4,
                  "Inner Unique": true,
                  "Hash Cond": "(mk.movie_id = t.id)",
                  "Plans": [
                    {
                      "Node Type": "Seq Scan",
                      "Parent Relationship": "Outer",
                      "Parallel Aware": true,
                      "Relation Name": "movie_keyword",
                      "Alias": "mk",
                      "Startup Cost": 0.0,
                      "Total Cost": 39047.32,
                      "Plan Rows": 1459332,
                      "Plan Width": 4,
                      "Actual Startup Time": 0.035,
                      "Actual Total Time": 97.531,
                      "Actual Rows": 1130982,
                      "Actual Loops": 4
                    },
                    {
                      "Node Type": "Hash",
                      "Parent Relationship": "Inner",
                      "Parallel Aware": true,
                      "Startup Cost": 45479.59,
                      "Total Cost": 45479.59,
                      "Plan Rows": 124155,
                      "Plan Width": 4,
                      "Actual Startup Time": 140.983,
                      "Actual Total Time": 140.984,
                      "Actual Rows": 92294,
                      "Actual Loops": 4,
                      "Hash Buckets": 524288,
                      "Original Hash Buckets": 524288,
                      "Hash Batches": 1,
                      "Original Hash Batches": 1,
                      "Peak Memory Usage": 18624,
                      "Plans": [
                        {
                          "Node Type": "Seq Scan",
                          "Parent Relationship": "Outer",
                          "Parallel Aware": true,
                          "Relation Name": "title",
                          "Alias": "t",
                          "Startup Cost": 0.0,
                          "Total Cost": 45479.59,
                          "Plan Rows": 124155,
                          "Plan Width": 4,
                          "Actual Startup Time": 47.318,
                          "Actual Total Time": 108.977,
                          "Actual Rows": 92294,
                          "Actual Loops": 4,
                          "Filter": "((production_year > 1983) AND (kind_id = 1))",
                          "Rows Removed by Filter": 539784
                        }
                      ]
                    }
                  ]
                }
              ]
            }
          ]
        }
      ]
    },
    "Planning Time": 0.464,
    "Triggers": [],
    "Execution Time": 429.275
  }
]