[
    {
        "Bao": {
            "Bao prediction": "NaN",
            "Bao recommended hint": "(no hint)"
        }
    },
    {
        "Plan": {
            "Node Type": "Aggregate",
            "Strategy": "Plain",
            "Partial Mode": "Finalize",
            "Parallel Aware": false,
            "Startup Cost": 242128.13,
            "Total Cost": 242128.14,
            "Plan Rows": 1,
            "Plan Width": 8,
            "Actual Startup Time": 496.907,
            "Actual Total Time": 517.842,
            "Actual Rows": 1,
            "Actual Loops": 1,
            "Output": [
                "count(*)"
            ],
            "Plans": [
                {
                    "Node Type": "Gather",
                    "Parent Relationship": "Outer",
                    "Parallel Aware": false,
                    "Startup Cost": 242127.61,
                    "Total Cost": 242128.12,
                    "Plan Rows": 5,
                    "Plan Width": 8,
                    "Actual Startup Time": 483.051,
                    "Actual Total Time": 517.833,
                    "Actual Rows": 6,
                    "Actual Loops": 1,
                    "Output": [
                        "(PARTIAL count(*))"
                    ],
                    "Workers Planned": 5,
                    "Workers Launched": 5,
                    "Single Copy": false,
                    "Plans": [
                        {
                            "Node Type": "Aggregate",
                            "Strategy": "Plain",
                            "Partial Mode": "Partial",
                            "Parent Relationship": "Outer",
                            "Parallel Aware": false,
                            "Startup Cost": 241127.61,
                            "Total Cost": 241127.62,
                            "Plan Rows": 1,
                            "Plan Width": 8,
                            "Actual Startup Time": 468.433,
                            "Actual Total Time": 468.436,
                            "Actual Rows": 1,
                            "Actual Loops": 6,
                            "Output": [
                                "PARTIAL count(*)"
                            ],
                            "Workers": [
                                {
                                    "Worker Number": 0,
                                    "Actual Startup Time": 465.169,
                                    "Actual Total Time": 465.173,
                                    "Actual Rows": 1,
                                    "Actual Loops": 1
                                },
                                {
                                    "Worker Number": 1,
                                    "Actual Startup Time": 465.189,
                                    "Actual Total Time": 465.193,
                                    "Actual Rows": 1,
                                    "Actual Loops": 1
                                },
                                {
                                    "Worker Number": 2,
                                    "Actual Startup Time": 465.31,
                                    "Actual Total Time": 465.313,
                                    "Actual Rows": 1,
                                    "Actual Loops": 1
                                },
                                {
                                    "Worker Number": 3,
                                    "Actual Startup Time": 466.902,
                                    "Actual Total Time": 466.905,
                                    "Actual Rows": 1,
                                    "Actual Loops": 1
                                },
                                {
                                    "Worker Number": 4,
                                    "Actual Startup Time": 465.334,
                                    "Actual Total Time": 465.338,
                                    "Actual Rows": 1,
                                    "Actual Loops": 1
                                }
                            ],
                            "Plans": [
                                {
                                    "Node Type": "Hash Join",
                                    "Parent Relationship": "Outer",
                                    "Parallel Aware": true,
                                    "Join Type": "Inner",
                                    "Startup Cost": 74429.28,
                                    "Total Cost": 240460.18,
                                    "Plan Rows": 266969,
                                    "Plan Width": 0,
                                    "Actual Startup Time": 313.544,
                                    "Actual Total Time": 455.324,
                                    "Actual Rows": 220894,
                                    "Actual Loops": 6,
                                    "Inner Unique": true,
                                    "Hash Cond": "(mi.movie_id = t.id)",
                                    "Workers": [
                                        {
                                            "Worker Number": 0,
                                            "Actual Startup Time": 310.539,
                                            "Actual Total Time": 450.88,
                                            "Actual Rows": 190883,
                                            "Actual Loops": 1
                                        },
                                        {
                                            "Worker Number": 1,
                                            "Actual Startup Time": 310.669,
                                            "Actual Total Time": 450.872,
                                            "Actual Rows": 190497,
                                            "Actual Loops": 1
                                        },
                                        {
                                            "Worker Number": 2,
                                            "Actual Startup Time": 310.825,
                                            "Actual Total Time": 452.549,
                                            "Actual Rows": 233674,
                                            "Actual Loops": 1
                                        },
                                        {
                                            "Worker Number": 3,
                                            "Actual Startup Time": 310.516,
                                            "Actual Total Time": 455.348,
                                            "Actual Rows": 268693,
                                            "Actual Loops": 1
                                        },
                                        {
                                            "Worker Number": 4,
                                            "Actual Startup Time": 310.734,
                                            "Actual Total Time": 451.121,
                                            "Actual Rows": 189124,
                                            "Actual Loops": 1
                                        }
                                    ],
                                    "Plans": [
                                        {
                                            "Node Type": "Bitmap Heap Scan",
                                            "Parent Relationship": "Outer",
                                            "Parallel Aware": true,
                                            "Relation Name": "movie_info",
                                            "Schema": "public",
                                            "Alias": "mi",
                                            "Startup Cost": 24209.48,
                                            "Total Cost": 189539.59,
                                            "Plan Rows": 266969,
                                            "Plan Width": 4,
                                            "Actual Startup Time": 47.737,
                                            "Actual Total Time": 78.999,
                                            "Actual Rows": 220894,
                                            "Actual Loops": 6,
                                            "Output": [
                                                "mi.id",
                                                "mi.movie_id",
                                                "mi.info_type_id",
                                                "mi.info",
                                                "mi.note"
                                            ],
                                            "Recheck Cond": "(mi.info_type_id = 8)",
                                            "Rows Removed by Index Recheck": 0,
                                            "Exact Heap Blocks": 1496,
                                            "Lossy Heap Blocks": 0,
                                            "Workers": [
                                                {
                                                    "Worker Number": 0,
                                                    "Actual Startup Time": 47.687,
                                                    "Actual Total Time": 80.669,
                                                    "Actual Rows": 190883,
                                                    "Actual Loops": 1
                                                },
                                                {
                                                    "Worker Number": 1,
                                                    "Actual Startup Time": 47.794,
                                                    "Actual Total Time": 80.339,
                                                    "Actual Rows": 190497,
                                                    "Actual Loops": 1
                                                },
                                                {
                                                    "Worker Number": 2,
                                                    "Actual Startup Time": 47.87,
                                                    "Actual Total Time": 78.458,
                                                    "Actual Rows": 233674,
                                                    "Actual Loops": 1
                                                },
                                                {
                                                    "Worker Number": 3,
                                                    "Actual Startup Time": 47.561,
                                                    "Actual Total Time": 78.216,
                                                    "Actual Rows": 268693,
                                                    "Actual Loops": 1
                                                },
                                                {
                                                    "Worker Number": 4,
                                                    "Actual Startup Time": 47.769,
                                                    "Actual Total Time": 80.539,
                                                    "Actual Rows": 189124,
                                                    "Actual Loops": 1
                                                }
                                            ],
                                            "Plans": [
                                                {
                                                    "Node Type": "Bitmap Index Scan",
                                                    "Parent Relationship": "Outer",
                                                    "Parallel Aware": false,
                                                    "Index Name": "info_type_id_movie_info",
                                                    "Startup Cost": 0.0,
                                                    "Total Cost": 23875.77,
                                                    "Plan Rows": 1334844,
                                                    "Plan Width": 0,
                                                    "Actual Startup Time": 46.432,
                                                    "Actual Total Time": 46.433,
                                                    "Actual Rows": 1325361,
                                                    "Actual Loops": 1,
                                                    "Index Cond": "(mi.info_type_id = 8)",
                                                    "Workers": [
                                                        {
                                                            "Worker Number": 3,
                                                            "Actual Startup Time": 46.432,
                                                            "Actual Total Time": 46.433,
                                                            "Actual Rows": 1325361,
                                                            "Actual Loops": 1
                                                        }
                                                    ]
                                                }
                                            ]
                                        },
                                        {
                                            "Node Type": "Hash",
                                            "Parent Relationship": "Inner",
                                            "Parallel Aware": true,
                                            "Startup Cost": 42318.81,
                                            "Total Cost": 42318.81,
                                            "Plan Rows": 632080,
                                            "Plan Width": 4,
                                            "Actual Startup Time": 260.268,
                                            "Actual Total Time": 260.269,
                                            "Actual Rows": 421385,
                                            "Actual Loops": 6,
                                            "Output": [
                                                "t.id"
                                            ],
                                            "Hash Buckets": 4194304,
                                            "Original Hash Buckets": 4194304,
                                            "Hash Batches": 1,
                                            "Original Hash Batches": 1,
                                            "Peak Memory Usage": 131776,
                                            "Workers": [
                                                {
                                                    "Worker Number": 0,
                                                    "Actual Startup Time": 262.189,
                                                    "Actual Total Time": 262.19,
                                                    "Actual Rows": 347232,
                                                    "Actual Loops": 1
                                                },
                                                {
                                                    "Worker Number": 1,
                                                    "Actual Startup Time": 262.179,
                                                    "Actual Total Time": 262.181,
                                                    "Actual Rows": 345426,
                                                    "Actual Loops": 1
                                                },
                                                {
                                                    "Worker Number": 2,
                                                    "Actual Startup Time": 262.31,
                                                    "Actual Total Time": 262.311,
                                                    "Actual Rows": 454349,
                                                    "Actual Loops": 1
                                                },
                                                {
                                                    "Worker Number": 3,
                                                    "Actual Startup Time": 262.531,
                                                    "Actual Total Time": 262.531,
                                                    "Actual Rows": 444646,
                                                    "Actual Loops": 1
                                                },
                                                {
                                                    "Worker Number": 4,
                                                    "Actual Startup Time": 262.282,
                                                    "Actual Total Time": 262.283,
                                                    "Actual Rows": 344047,
                                                    "Actual Loops": 1
                                                }
                                            ],
                                            "Plans": [
                                                {
                                                    "Node Type": "Seq Scan",
                                                    "Parent Relationship": "Outer",
                                                    "Parallel Aware": true,
                                                    "Relation Name": "title",
                                                    "Schema": "public",
                                                    "Alias": "t",
                                                    "Startup Cost": 0.0,
                                                    "Total Cost": 42318.81,
                                                    "Plan Rows": 632080,
                                                    "Plan Width": 4,
                                                    "Actual Startup Time": 0.035,
                                                    "Actual Total Time": 77.7,
                                                    "Actual Rows": 421385,
                                                    "Actual Loops": 6,
                                                    "Output": [
                                                        "t.id"
                                                    ],
                                                    "Workers": [
                                                        {
                                                            "Worker Number": 0,
                                                            "Actual Startup Time": 0.055,
                                                            "Actual Total Time": 83.765,
                                                            "Actual Rows": 347232,
                                                            "Actual Loops": 1
                                                        },
                                                        {
                                                            "Worker Number": 1,
                                                            "Actual Startup Time": 0.044,
                                                            "Actual Total Time": 83.78,
                                                            "Actual Rows": 345426,
                                                            "Actual Loops": 1
                                                        },
                                                        {
                                                            "Worker Number": 2,
                                                            "Actual Startup Time": 0.025,
                                                            "Actual Total Time": 76.399,
                                                            "Actual Rows": 454349,
                                                            "Actual Loops": 1
                                                        },
                                                        {
                                                            "Worker Number": 3,
                                                            "Actual Startup Time": 0.045,
                                                            "Actual Total Time": 76.203,
                                                            "Actual Rows": 444646,
                                                            "Actual Loops": 1
                                                        },
                                                        {
                                                            "Worker Number": 4,
                                                            "Actual Startup Time": 0.033,
                                                            "Actual Total Time": 83.14,
                                                            "Actual Rows": 344047,
                                                            "Actual Loops": 1
                                                        }
                                                    ]
                                                }
                                            ]
                                        }
                                    ]
                                }
                            ]
                        }
                    ]
                }
            ]
        },
        "Planning Time": 183.12,
        "Triggers": [],
        "Execution Time": 517.898
    }
]