{
  "Plan": {
    "Node Type": "Aggregate",
    "Strategy": "Plain",
    "Partial Mode": "Finalize",
    "Parallel Aware": false,
    "Startup Cost": 708664.44,
    "Total Cost": 708664.45,
    "Plan Rows": 1,
    "Plan Width": 8,
    "Actual Startup Time": 6217.131,
    "Actual Total Time": 6273.285,
    "Actual Rows": 1,
    "Actual Loops": 1,
    "Plans": [
      {
        "Node Type": "Gather",
        "Parent Relationship": "Outer",
        "Parallel Aware": false,
        "Startup Cost": 708664.33,
        "Total Cost": 708664.44,
        "Plan Rows": 1,
        "Plan Width": 8,
        "Actual Startup Time": 6212.633,
        "Actual Total Time": 6273.276,
        "Actual Rows": 2,
        "Actual Loops": 1,
        "Workers Planned": 1,
        "Workers Launched": 1,
        "Single Copy": false,
        "Plans": [
          {
            "Node Type": "Aggregate",
            "Strategy": "Plain",
            "Partial Mode": "Partial",
            "Parent Relationship": "Outer",
            "Parallel Aware": false,
            "Startup Cost": 707664.33,
            "Total Cost": 707664.34,
            "Plan Rows": 1,
            "Plan Width": 8,
            "Actual Startup Time": 6201.441,
            "Actual Total Time": 6201.605,
            "Actual Rows": 1,
            "Actual Loops": 2,
            "Plans": [
              {
                "Node Type": "Hash Join",
                "Parent Relationship": "Outer",
                "Parallel Aware": true,
                "Join Type": "Inner",
                "Startup Cost": 597438.63,
                "Total Cost": 701151.3,
                "Plan Rows": 2605211,
                "Plan Width": 0,
                "Actual Startup Time": 4751.786,
                "Actual Total Time": 5808.331,
                "Actual Rows": 9444714,
                "Actual Loops": 2,
                "Inner Unique": false,
                "Hash Cond": "(mk.movie_id = t.id)",
                "Plans": [
                  {
                    "Node Type": "Seq Scan",
                    "Parent Relationship": "Outer",
                    "Parallel Aware": true,
                    "Relation Name": "movie_keyword",
                    "Alias": "mk",
                    "Startup Cost": 0.0,
                    "Total Cost": 57718.19,
                    "Plan Rows": 2453576,
                    "Plan Width": 4,
                    "Actual Startup Time": 0.01,
                    "Actual Total Time": 195.224,
                    "Actual Rows": 2090466,
                    "Actual Loops": 2,
                    "Filter": "(keyword_id < 48478)",
                    "Rows Removed by Filter": 171499
                  },
                  {
                    "Node Type": "Hash",
                    "Parent Relationship": "Inner",
                    "Parallel Aware": true,
                    "Startup Cost": 577699.32,
                    "Total Cost": 577699.32,
                    "Plan Rows": 1579145,
                    "Plan Width": 8,
                    "Actual Startup Time": 4729.649,
                    "Actual Total Time": 4729.811,
                    "Actual Rows": 928488,
                    "Actual Loops": 2,
                    "Hash Buckets": 4194304,
                    "Original Hash Buckets": 4194304,
                    "Hash Batches": 1,
                    "Original Hash Batches": 1,
                    "Peak Memory Usage": 105440,
                    "Plans": [
                      {
                        "Node Type": "Hash Join",
                        "Parent Relationship": "Outer",
                        "Parallel Aware": true,
                        "Join Type": "Inner",
                        "Startup Cost": 55965.96,
                        "Total Cost": 577699.32,
                        "Plan Rows": 1579145,
                        "Plan Width": 8,
                        "Actual Startup Time": 181.467,
                        "Actual Total Time": 4389.736,
                        "Actual Rows": 928488,
                        "Actual Loops": 2,
                        "Inner Unique": true,
                        "Hash Cond": "(ci.movie_id = t.id)",
                        "Plans": [
                          {
                            "Node Type": "Seq Scan",
                            "Parent Relationship": "Outer",
                            "Parallel Aware": true,
                            "Relation Name": "cast_info",
                            "Alias": "ci",
                            "Startup Cost": 0.0,
                            "Total Cost": 465792.95,
                            "Plan Rows": 21310595,
                            "Plan Width": 4,
                            "Actual Startup Time": 0.015,
                            "Actual Total Time": 1483.407,
                            "Actual Rows": 18122172,
                            "Actual Loops": 2
                          },
                          {
                            "Node Type": "Hash",
                            "Parent Relationship": "Inner",
                            "Parallel Aware": true,
                            "Startup Cost": 54588.39,
                            "Total Cost": 54588.39,
                            "Plan Rows": 110206,
                            "Plan Width": 4,
                            "Actual Startup Time": 180.146,
                            "Actual Total Time": 180.147,
                            "Actual Rows": 97494,
                            "Actual Loops": 2,
                            "Hash Buckets": 262144,
                            "Original Hash Buckets": 262144,
                            "Hash Batches": 1,
                            "Original Hash Batches": 1,
                            "Peak Memory Usage": 9696,
                            "Plans": [
                              {
                                "Node Type": "Seq Scan",
                                "Parent Relationship": "Outer",
                                "Parallel Aware": true,
                                "Relation Name": "title",
                                "Alias": "t",
                                "Startup Cost": 0.0,
                                "Total Cost": 54588.39,
                                "Plan Rows": 110206,
                                "Plan Width": 4,
                                "Actual Startup Time": 0.03,
                                "Actual Total Time": 152.52,
                                "Actual Rows": 97494,
                                "Actual Loops": 2,
                                "Filter": "(production_year < 1955)",
                                "Rows Removed by Filter": 1166662
                              }
                            ]
                          }
                        ]
                      }
                    ]
                  }
                ]
              }
            ]
          }
        ]
      }
    ]
  },
  "Planning Time": 0.928,
  "Triggers": [],
  "Execution Time": 6273.373
}