[
  {
    "Plan": {
      "Node Type": "Aggregate",
      "Strategy": "Plain",
      "Partial Mode": "Finalize",
      "Parallel Aware": false,
      "Startup Cost": 34844.1,
      "Total Cost": 34844.11,
      "Plan Rows": 1,
      "Plan Width": 8,
      "Actual Startup Time": 31.987,
      "Actual Total Time": 37.578,
      "Actual Rows": 1,
      "Actual Loops": 1,
      "Plans": [
        {
          "Node Type": "Gather",
          "Parent Relationship": "Outer",
          "Parallel Aware": false,
          "Startup Cost": 34843.88,
          "Total Cost": 34844.09,
          "Plan Rows": 2,
          "Plan Width": 8,
          "Actual Startup Time": 31.834,
          "Actual Total Time": 37.572,
          "Actual Rows": 3,
          "Actual Loops": 1,
          "Workers Planned": 2,
          "Workers Launched": 2,
          "Single Copy": false,
          "Plans": [
            {
              "Node Type": "Aggregate",
              "Strategy": "Plain",
              "Partial Mode": "Partial",
              "Parent Relationship": "Outer",
              "Parallel Aware": false,
              "Startup Cost": 33843.88,
              "Total Cost": 33843.89,
              "Plan Rows": 1,
              "Plan Width": 8,
              "Actual Startup Time": 26.013,
              "Actual Total Time": 26.015,
              "Actual Rows": 1,
              "Actual Loops": 3,
              "Plans": [
                {
                  "Node Type": "Nested Loop",
                  "Parent Relationship": "Outer",
                  "Parallel Aware": false,
                  "Join Type": "Inner",
                  "Startup Cost": 139.11,
                  "Total Cost": 33837.13,
                  "Plan Rows": 2702,
                  "Plan Width": 0,
                  "Actual Startup Time": 1.166,
                  "Actual Total Time": 25.748,
                  "Actual Rows": 1921,
                  "Actual Loops": 3,
                  "Inner Unique": true,
                  "Plans": [
                    {
                      "Node Type": "Bitmap Heap Scan",
                      "Parent Relationship": "Outer",
                      "Parallel Aware": true,
                      "Relation Name": "movie_keyword",
                      "Alias": "mk",
                      "Startup Cost": 138.68,
                      "Total Cost": 14764.11,
                      "Plan Rows": 2702,
                      "Plan Width": 4,
                      "Actual Startup Time": 1.018,
                      "Actual Total Time": 9.063,
                      "Actual Rows": 1921,
                      "Actual Loops": 3,
                      "Recheck Cond": "(keyword_id = 750)",
                      "Rows Removed by Index Recheck": 0,
                      "Exact Heap Blocks": 3296,
                      "Lossy Heap Blocks": 0,
                      "Plans": [
                        {
                          "Node Type": "Bitmap Index Scan",
                          "Parent Relationship": "Outer",
                          "Parallel Aware": false,
                          "Index Name": "keyword_id_movie_keyword",
                          "Startup Cost": 0.0,
                          "Total Cost": 137.06,
                          "Plan Rows": 6484,
                          "Plan Width": 0,
                          "Actual Startup Time": 1.876,
                          "Actual Total Time": 1.877,
                          "Actual Rows": 5762,
                          "Actual Loops": 1,
                          "Index Cond": "(keyword_id = 750)"
                        }
                      ]
                    },
                    {
                      "Node Type": "Index Only Scan",
                      "Parent Relationship": "Inner",
                      "Parallel Aware": false,
                      "Scan Direction": "Forward",
                      "Index Name": "title_pkey",
                      "Relation Name": "title",
                      "Alias": "t",
                      "Startup Cost": 0.43,
                      "Total Cost": 7.06,
                      "Plan Rows": 1,
                      "Plan Width": 4,
                      "Actual Startup Time": 0.008,
                      "Actual Total Time": 0.008,
                      "Actual Rows": 1,
                      "Actual Loops": 5762,
                      "Index Cond": "(id = mk.movie_id)",
                      "Rows Removed by Index Recheck": 0,
                      "Heap Fetches": 5762
                    }
                  ]
                }
              ]
            }
          ]
        }
      ]
    },
    "Planning Time": 0.396,
    "Triggers": [],
    "Execution Time": 37.622
  }
]