{
  "Plan": {
    "Node Type": "Aggregate",
    "Strategy": "Plain",
    "Partial Mode": "Finalize",
    "Parallel Aware": false,
    "Startup Cost": 573819.22,
    "Total Cost": 573819.23,
    "Plan Rows": 1,
    "Plan Width": 8,
    "Actual Startup Time": 1512.475,
    "Actual Total Time": 1544.241,
    "Actual Rows": 1,
    "Actual Loops": 1,
    "Plans": [
      {
        "Node Type": "Gather",
        "Parent Relationship": "Outer",
        "Parallel Aware": false,
        "Startup Cost": 573819.11,
        "Total Cost": 573819.22,
        "Plan Rows": 1,
        "Plan Width": 8,
        "Actual Startup Time": 1511.703,
        "Actual Total Time": 1544.232,
        "Actual Rows": 2,
        "Actual Loops": 1,
        "Workers Planned": 1,
        "Workers Launched": 1,
        "Single Copy": false,
        "Plans": [
          {
            "Node Type": "Aggregate",
            "Strategy": "Plain",
            "Partial Mode": "Partial",
            "Parent Relationship": "Outer",
            "Parallel Aware": false,
            "Startup Cost": 572819.11,
            "Total Cost": 572819.12,
            "Plan Rows": 1,
            "Plan Width": 8,
            "Actual Startup Time": 1505.722,
            "Actual Total Time": 1505.725,
            "Actual Rows": 1,
            "Actual Loops": 2,
            "Plans": [
              {
                "Node Type": "Hash Join",
                "Parent Relationship": "Outer",
                "Parallel Aware": true,
                "Join Type": "Inner",
                "Startup Cost": 244757.2,
                "Total Cost": 572136.87,
                "Plan Rows": 272898,
                "Plan Width": 0,
                "Actual Startup Time": 541.48,
                "Actual Total Time": 1496.092,
                "Actual Rows": 216095,
                "Actual Loops": 2,
                "Inner Unique": true,
                "Hash Cond": "(ci.movie_id = t.id)",
                "Plans": [
                  {
                    "Node Type": "Bitmap Heap Scan",
                    "Parent Relationship": "Outer",
                    "Parallel Aware": true,
                    "Relation Name": "cast_info",
                    "Alias": "ci",
                    "Startup Cost": 185423.41,
                    "Total Cost": 499839.87,
                    "Plan Rows": 4938356,
                    "Plan Width": 4,
                    "Actual Startup Time": 382.257,
                    "Actual Total Time": 803.316,
                    "Actual Rows": 4266091,
                    "Actual Loops": 2,
                    "Recheck Cond": "(person_id < 838413)",
                    "Rows Removed by Index Recheck": 0,
                    "Exact Heap Blocks": 50212,
                    "Lossy Heap Blocks": 0,
                    "Plans": [
                      {
                        "Node Type": "Bitmap Index Scan",
                        "Parent Relationship": "Outer",
                        "Parallel Aware": false,
                        "Index Name": "person_id_cast_info",
                        "Startup Cost": 0.0,
                        "Total Cost": 183324.61,
                        "Plan Rows": 8395206,
                        "Plan Width": 0,
                        "Actual Startup Time": 366.563,
                        "Actual Total Time": 366.564,
                        "Actual Rows": 8532182,
                        "Actual Loops": 1,
                        "Index Cond": "(person_id < 838413)"
                      }
                    ]
                  },
                  {
                    "Node Type": "Hash",
                    "Parent Relationship": "Inner",
                    "Parallel Aware": true,
                    "Startup Cost": 58306.47,
                    "Total Cost": 58306.47,
                    "Plan Rows": 82186,
                    "Plan Width": 4,
                    "Actual Startup Time": 155.653,
                    "Actual Total Time": 155.654,
                    "Actual Rows": 75330,
                    "Actual Loops": 2,
                    "Hash Buckets": 262144,
                    "Original Hash Buckets": 262144,
                    "Hash Batches": 1,
                    "Original Hash Batches": 1,
                    "Peak Memory Usage": 7968,
                    "Plans": [
                      {
                        "Node Type": "Seq Scan",
                        "Parent Relationship": "Outer",
                        "Parallel Aware": true,
                        "Relation Name": "title",
                        "Alias": "t",
                        "Startup Cost": 0.0,
                        "Total Cost": 58306.47,
                        "Plan Rows": 82186,
                        "Plan Width": 4,
                        "Actual Startup Time": 0.033,
                        "Actual Total Time": 135.783,
                        "Actual Rows": 75330,
                        "Actual Loops": 2,
                        "Filter": "((production_year > 2011) AND (kind_id = 7))",
                        "Rows Removed by Filter": 1188826
                      }
                    ]
                  }
                ]
              }
            ]
          }
        ]
      }
    ]
  },
  "Planning Time": 0.485,
  "Triggers": [],
  "Execution Time": 1544.341
}