[
  {
    "Plan": {
      "Node Type": "Aggregate",
      "Strategy": "Plain",
      "Partial Mode": "Finalize",
      "Parallel Aware": false,
      "Startup Cost": 313191.51,
      "Total Cost": 313191.52,
      "Plan Rows": 1,
      "Plan Width": 8,
      "Actual Startup Time": 244.911,
      "Actual Total Time": 258.806,
      "Actual Rows": 1,
      "Actual Loops": 1,
      "Plans": [
        {
          "Node Type": "Gather",
          "Parent Relationship": "Outer",
          "Parallel Aware": false,
          "Startup Cost": 313190.89,
          "Total Cost": 313191.5,
          "Plan Rows": 6,
          "Plan Width": 8,
          "Actual Startup Time": 244.1,
          "Actual Total Time": 258.784,
          "Actual Rows": 7,
          "Actual Loops": 1,
          "Workers Planned": 6,
          "Workers Launched": 6,
          "Single Copy": false,
          "Plans": [
            {
              "Node Type": "Aggregate",
              "Strategy": "Plain",
              "Partial Mode": "Partial",
              "Parent Relationship": "Outer",
              "Parallel Aware": false,
              "Startup Cost": 312190.89,
              "Total Cost": 312190.9,
              "Plan Rows": 1,
              "Plan Width": 8,
              "Actual Startup Time": 235.721,
              "Actual Total Time": 235.723,
              "Actual Rows": 1,
              "Actual Loops": 7,
              "Plans": [
                {
                  "Node Type": "Bitmap Heap Scan",
                  "Parent Relationship": "Outer",
                  "Parallel Aware": true,
                  "Relation Name": "cast_info",
                  "Alias": "ci",
                  "Startup Cost": 52921.16,
                  "Total Cost": 311631.06,
                  "Plan Rows": 223931,
                  "Plan Width": 0,
                  "Actual Startup Time": 99.74,
                  "Actual Total Time": 218.932,
                  "Actual Rows": 254477,
                  "Actual Loops": 7,
                  "Recheck Cond": "(person_id < 241040)",
                  "Rows Removed by Index Recheck": 0,
                  "Filter": "(role_id < 3)",
                  "Rows Removed by Filter": 100496,
                  "Exact Heap Blocks": 6798,
                  "Lossy Heap Blocks": 0,
                  "Plans": [
                    {
                      "Node Type": "Bitmap Index Scan",
                      "Parent Relationship": "Outer",
                      "Parallel Aware": false,
                      "Index Name": "person_id_cast_info",
                      "Startup Cost": 0.0,
                      "Total Cost": 52585.26,
                      "Plan Rows": 2409160,
                      "Plan Width": 0,
                      "Actual Startup Time": 103.017,
                      "Actual Total Time": 103.018,
                      "Actual Rows": 2484810,
                      "Actual Loops": 1,
                      "Index Cond": "(person_id < 241040)"
                    }
                  ]
                }
              ]
            }
          ]
        }
      ]
    },
    "Planning Time": 0.239,
    "Triggers": [],
    "Execution Time": 258.939
  }
]