[
  {
    "Plan": {
      "Node Type": "Aggregate",
      "Strategy": "Plain",
      "Partial Mode": "Finalize",
      "Parallel Aware": false,
      "Startup Cost": 227123.67,
      "Total Cost": 227123.68,
      "Plan Rows": 1,
      "Plan Width": 8,
      "Actual Startup Time": 2460.756,
      "Actual Total Time": 2541.764,
      "Actual Rows": 1,
      "Actual Loops": 1,
      "Plans": [
        {
          "Node Type": "Gather",
          "Parent Relationship": "Outer",
          "Parallel Aware": false,
          "Startup Cost": 227123.35,
          "Total Cost": 227123.66,
          "Plan Rows": 3,
          "Plan Width": 8,
          "Actual Startup Time": 2445.72,
          "Actual Total Time": 2541.749,
          "Actual Rows": 4,
          "Actual Loops": 1,
          "Workers Planned": 3,
          "Workers Launched": 3,
          "Single Copy": false,
          "Plans": [
            {
              "Node Type": "Aggregate",
              "Strategy": "Plain",
              "Partial Mode": "Partial",
              "Parent Relationship": "Outer",
              "Parallel Aware": false,
              "Startup Cost": 226123.35,
              "Total Cost": 226123.36,
              "Plan Rows": 1,
              "Plan Width": 8,
              "Actual Startup Time": 2434.14,
              "Actual Total Time": 2434.144,
              "Actual Rows": 1,
              "Actual Loops": 4,
              "Plans": [
                {
                  "Node Type": "Nested Loop",
                  "Parent Relationship": "Outer",
                  "Parallel Aware": false,
                  "Join Type": "Inner",
                  "Startup Cost": 55081.04,
                  "Total Cost": 226110.06,
                  "Plan Rows": 5318,
                  "Plan Width": 0,
                  "Actual Startup Time": 390.419,
                  "Actual Total Time": 2432.542,
                  "Actual Rows": 14433,
                  "Actual Loops": 4,
                  "Inner Unique": false,
                  "Plans": [
                    {
                      "Node Type": "Hash Join",
                      "Parent Relationship": "Outer",
                      "Parallel Aware": true,
                      "Join Type": "Inner",
                      "Startup Cost": 55080.48,
                      "Total Cost": 80652.35,
                      "Plan Rows": 73909,
                      "Plan Width": 8,
                      "Actual Startup Time": 389.357,
                      "Actual Total Time": 473.219,
                      "Actual Rows": 56732,
                      "Actual Loops": 4,
                      "Inner Unique": true,
                      "Hash Cond": "(mk.movie_id = t.id)",
                      "Plans": [
                        {
                          "Node Type": "Bitmap Heap Scan",
                          "Parent Relationship": "Outer",
                          "Parallel Aware": true,
                          "Relation Name": "movie_keyword",
                          "Alias": "mk",
                          "Startup Cost": 4860.1,
                          "Total Cost": 30237.96,
                          "Plan Rows": 73909,
                          "Plan Width": 4,
                          "Actual Startup Time": 25.051,
                          "Actual Total Time": 61.382,
                          "Actual Rows": 56732,
                          "Actual Loops": 4,
                          "Recheck Cond": "(keyword_id < 186)",
                          "Rows Removed by Index Recheck": 0,
                          "Exact Heap Blocks": 7267,
                          "Lossy Heap Blocks": 0,
                          "Plans": [
                            {
                              "Node Type": "Bitmap Index Scan",
                              "Parent Relationship": "Outer",
                              "Parallel Aware": false,
                              "Index Name": "keyword_id_movie_keyword",
                              "Startup Cost": 0.0,
                              "Total Cost": 4802.82,
                              "Plan Rows": 229118,
                              "Plan Width": 0,
                              "Actual Startup Time": 19.547,
                              "Actual Total Time": 19.548,
                              "Actual Rows": 226927,
                              "Actual Loops": 1,
                              "Index Cond": "(keyword_id < 186)"
                            }
                          ]
                        },
                        {
                          "Node Type": "Hash",
                          "Parent Relationship": "Inner",
                          "Parallel Aware": true,
                          "Startup Cost": 42319.06,
                          "Total Cost": 42319.06,
                          "Plan Rows": 632106,
                          "Plan Width": 4,
                          "Actual Startup Time": 356.698,
                          "Actual Total Time": 356.699,
                          "Actual Rows": 632078,
                          "Actual Loops": 4,
                          "Hash Buckets": 4194304,
                          "Original Hash Buckets": 4194304,
                          "Hash Batches": 1,
                          "Original Hash Batches": 1,
                          "Peak Memory Usage": 131744,
                          "Plans": [
                            {
                              "Node Type": "Seq Scan",
                              "Parent Relationship": "Outer",
                              "Parallel Aware": true,
                              "Relation Name": "title",
                              "Alias": "t",
                              "Startup Cost": 0.0,
                              "Total Cost": 42319.06,
                              "Plan Rows": 632106,
                              "Plan Width": 4,
                              "Actual Startup Time": 0.042,
                              "Actual Total Time": 103.47,
                              "Actual Rows": 632078,
                              "Actual Loops": 4
                            }
                          ]
                        }
                      ]
                    },
                    {
                      "Node Type": "Index Scan",
                      "Parent Relationship": "Inner",
                      "Parallel Aware": false,
                      "Scan Direction": "Forward",
                      "Index Name": "movie_id_cast_info",
                      "Relation Name": "cast_info",
                      "Alias": "ci",
                      "Startup Cost": 0.56,
                      "Total Cost": 1.96,
                      "Plan Rows": 1,
                      "Plan Width": 4,
                      "Actual Startup Time": 0.025,
                      "Actual Total Time": 0.034,
                      "Actual Rows": 0,
                      "Actual Loops": 226927,
                      "Index Cond": "(movie_id = t.id)",
                      "Rows Removed by Index Recheck": 0,
                      "Filter": "((person_id < 33341) AND (role_id < 4))",
                      "Rows Removed by Filter": 39
                    }
                  ]
                }
              ]
            }
          ]
        }
      ]
    },
    "Planning Time": 0.451,
    "Triggers": [],
    "Execution Time": 2541.85
  }
]