{
  "Plan": {
    "Node Type": "Aggregate",
    "Strategy": "Plain",
    "Partial Mode": "Finalize",
    "Parallel Aware": false,
    "Startup Cost": 157731.26,
    "Total Cost": 157731.27,
    "Plan Rows": 1,
    "Plan Width": 8,
    "Actual Startup Time": 1069.584,
    "Actual Total Time": 1093.137,
    "Actual Rows": 1,
    "Actual Loops": 1,
    "Plans": [
      {
        "Node Type": "Gather",
        "Parent Relationship": "Outer",
        "Parallel Aware": false,
        "Startup Cost": 157731.15,
        "Total Cost": 157731.26,
        "Plan Rows": 1,
        "Plan Width": 8,
        "Actual Startup Time": 1064.154,
        "Actual Total Time": 1093.128,
        "Actual Rows": 2,
        "Actual Loops": 1,
        "Workers Planned": 1,
        "Workers Launched": 1,
        "Single Copy": false,
        "Plans": [
          {
            "Node Type": "Aggregate",
            "Strategy": "Plain",
            "Partial Mode": "Partial",
            "Parent Relationship": "Outer",
            "Parallel Aware": false,
            "Startup Cost": 156731.15,
            "Total Cost": 156731.16,
            "Plan Rows": 1,
            "Plan Width": 8,
            "Actual Startup Time": 1058.68,
            "Actual Total Time": 1059.179,
            "Actual Rows": 1,
            "Actual Loops": 2,
            "Plans": [
              {
                "Node Type": "Hash Join",
                "Parent Relationship": "Outer",
                "Parallel Aware": true,
                "Join Type": "Inner",
                "Startup Cost": 134772.53,
                "Total Cost": 156183.88,
                "Plan Rows": 218909,
                "Plan Width": 0,
                "Actual Startup Time": 882.258,
                "Actual Total Time": 1043.647,
                "Actual Rows": 276077,
                "Actual Loops": 2,
                "Inner Unique": false,
                "Hash Cond": "(mi_idx.movie_id = t.id)",
                "Plans": [
                  {
                    "Node Type": "Seq Scan",
                    "Parent Relationship": "Outer",
                    "Parallel Aware": true,
                    "Relation Name": "movie_info_idx",
                    "Alias": "mi_idx",
                    "Startup Cost": 0.0,
                    "Total Cost": 18082.32,
                    "Plan Rows": 544356,
                    "Plan Width": 4,
                    "Actual Startup Time": 0.028,
                    "Actual Total Time": 74.744,
                    "Actual Rows": 460055,
                    "Actual Loops": 2,
                    "Filter": "(info_type_id > 99)",
                    "Rows Removed by Filter": 229962
                  },
                  {
                    "Node Type": "Hash",
                    "Parent Relationship": "Inner",
                    "Parallel Aware": true,
                    "Startup Cost": 127296.54,
                    "Total Cost": 127296.54,
                    "Plan Rows": 598079,
                    "Plan Width": 8,
                    "Actual Startup Time": 870.968,
                    "Actual Total Time": 871.465,
                    "Actual Rows": 249036,
                    "Actual Loops": 2,
                    "Hash Buckets": 1048576,
                    "Original Hash Buckets": 1048576,
                    "Hash Batches": 1,
                    "Original Hash Batches": 1,
                    "Peak Memory Usage": 27712,
                    "Plans": [
                      {
                        "Node Type": "Hash Join",
                        "Parent Relationship": "Outer",
                        "Parallel Aware": true,
                        "Join Type": "Inner",
                        "Startup Cost": 65547.91,
                        "Total Cost": 127296.54,
                        "Plan Rows": 598079,
                        "Plan Width": 8,
                        "Actual Startup Time": 380.641,
                        "Actual Total Time": 805.418,
                        "Actual Rows": 249036,
                        "Actual Loops": 2,
                        "Inner Unique": true,
                        "Hash Cond": "(mk.movie_id = t.id)",
                        "Plans": [
                          {
                            "Node Type": "Seq Scan",
                            "Parent Relationship": "Outer",
                            "Parallel Aware": true,
                            "Relation Name": "movie_keyword",
                            "Alias": "mk",
                            "Startup Cost": 0.0,
                            "Total Cost": 57718.19,
                            "Plan Rows": 1535403,
                            "Plan Width": 4,
                            "Actual Startup Time": 0.367,
                            "Actual Total Time": 245.499,
                            "Actual Rows": 1302994,
                            "Actual Loops": 2,
                            "Filter": "(keyword_id > 3304)",
                            "Rows Removed by Filter": 958970
                          },
                          {
                            "Node Type": "Hash",
                            "Parent Relationship": "Inner",
                            "Parallel Aware": true,
                            "Startup Cost": 58306.47,
                            "Total Cost": 58306.47,
                            "Plan Rows": 579315,
                            "Plan Width": 4,
                            "Actual Startup Time": 374.542,
                            "Actual Total Time": 374.543,
                            "Actual Rows": 528794,
                            "Actual Loops": 2,
                            "Hash Buckets": 2097152,
                            "Original Hash Buckets": 1048576,
                            "Hash Batches": 1,
                            "Original Hash Batches": 1,
                            "Peak Memory Usage": 65984,
                            "Plans": [
                              {
                                "Node Type": "Seq Scan",
                                "Parent Relationship": "Outer",
                                "Parallel Aware": true,
                                "Relation Name": "title",
                                "Alias": "t",
                                "Startup Cost": 0.0,
                                "Total Cost": 58306.47,
                                "Plan Rows": 579315,
                                "Plan Width": 4,
                                "Actual Startup Time": 0.035,
                                "Actual Total Time": 198.156,
                                "Actual Rows": 528794,
                                "Actual Loops": 2,
                                "Filter": "((kind_id > 1) AND (production_year > 2001))",
                                "Rows Removed by Filter": 735362
                              }
                            ]
                          }
                        ]
                      }
                    ]
                  }
                ]
              }
            ]
          }
        ]
      }
    ]
  },
  "Planning Time": 0.951,
  "Triggers": [],
  "Execution Time": 1093.214
}