{
  "Plan": {
    "Node Type": "Aggregate",
    "Strategy": "Plain",
    "Partial Mode": "Finalize",
    "Parallel Aware": false,
    "Startup Cost": 106441.51,
    "Total Cost": 106441.52,
    "Plan Rows": 1,
    "Plan Width": 8,
    "Actual Startup Time": 772.125,
    "Actual Total Time": 787.58,
    "Actual Rows": 1,
    "Actual Loops": 1,
    "Plans": [
      {
        "Node Type": "Gather",
        "Parent Relationship": "Outer",
        "Parallel Aware": false,
        "Startup Cost": 106441.4,
        "Total Cost": 106441.51,
        "Plan Rows": 1,
        "Plan Width": 8,
        "Actual Startup Time": 771.218,
        "Actual Total Time": 787.572,
        "Actual Rows": 2,
        "Actual Loops": 1,
        "Workers Planned": 1,
        "Workers Launched": 1,
        "Single Copy": false,
        "Plans": [
          {
            "Node Type": "Aggregate",
            "Strategy": "Plain",
            "Partial Mode": "Partial",
            "Parent Relationship": "Outer",
            "Parallel Aware": false,
            "Startup Cost": 105441.4,
            "Total Cost": 105441.41,
            "Plan Rows": 1,
            "Plan Width": 8,
            "Actual Startup Time": 765.248,
            "Actual Total Time": 765.252,
            "Actual Rows": 1,
            "Actual Loops": 2,
            "Plans": [
              {
                "Node Type": "Hash Join",
                "Parent Relationship": "Outer",
                "Parallel Aware": true,
                "Join Type": "Inner",
                "Startup Cost": 43510.33,
                "Total Cost": 104914.83,
                "Plan Rows": 210629,
                "Plan Width": 0,
                "Actual Startup Time": 220.493,
                "Actual Total Time": 750.998,
                "Actual Rows": 256410,
                "Actual Loops": 2,
                "Inner Unique": false,
                "Hash Cond": "(t.id = mc.movie_id)",
                "Plans": [
                  {
                    "Node Type": "Seq Scan",
                    "Parent Relationship": "Outer",
                    "Parallel Aware": true,
                    "Relation Name": "title",
                    "Alias": "t",
                    "Startup Cost": 0.0,
                    "Total Cost": 50870.31,
                    "Plan Rows": 1487231,
                    "Plan Width": 4,
                    "Actual Startup Time": 0.01,
                    "Actual Total Time": 145.149,
                    "Actual Rows": 1264156,
                    "Actual Loops": 2
                  },
                  {
                    "Node Type": "Hash",
                    "Parent Relationship": "Inner",
                    "Parallel Aware": true,
                    "Startup Cost": 40877.47,
                    "Total Cost": 40877.47,
                    "Plan Rows": 210629,
                    "Plan Width": 4,
                    "Actual Startup Time": 217.532,
                    "Actual Total Time": 217.533,
                    "Actual Rows": 256410,
                    "Actual Loops": 2,
                    "Hash Buckets": 524288,
                    "Original Hash Buckets": 524288,
                    "Hash Batches": 1,
                    "Original Hash Batches": 1,
                    "Peak Memory Usage": 24192,
                    "Plans": [
                      {
                        "Node Type": "Bitmap Heap Scan",
                        "Parent Relationship": "Outer",
                        "Parallel Aware": true,
                        "Relation Name": "movie_companies",
                        "Alias": "mc",
                        "Startup Cost": 15669.35,
                        "Total Cost": 40877.47,
                        "Plan Rows": 210629,
                        "Plan Width": 4,
                        "Actual Startup Time": 45.401,
                        "Actual Total Time": 143.457,
                        "Actual Rows": 256410,
                        "Actual Loops": 2,
                        "Recheck Cond": "(company_id < 1405)",
                        "Rows Removed by Index Recheck": 0,
                        "Filter": "(company_type_id = 1)",
                        "Rows Removed by Filter": 105042,
                        "Exact Heap Blocks": 8649,
                        "Lossy Heap Blocks": 0,
                        "Plans": [
                          {
                            "Node Type": "Bitmap Index Scan",
                            "Parent Relationship": "Outer",
                            "Parallel Aware": false,
                            "Index Name": "company_id_movie_companies",
                            "Startup Cost": 0.0,
                            "Total Cost": 15579.83,
                            "Plan Rows": 727387,
                            "Plan Width": 0,
                            "Actual Startup Time": 43.922,
                            "Actual Total Time": 43.922,
                            "Actual Rows": 722902,
                            "Actual Loops": 1,
                            "Index Cond": "(company_id < 1405)"
                          }
                        ]
                      }
                    ]
                  }
                ]
              }
            ]
          }
        ]
      }
    ]
  },
  "Planning Time": 0.374,
  "Triggers": [],
  "Execution Time": 787.64
}