[
  {
    "Plan": {
      "Node Type": "Aggregate",
      "Strategy": "Plain",
      "Partial Mode": "Finalize",
      "Parallel Aware": false,
      "Startup Cost": 44366.12,
      "Total Cost": 44366.13,
      "Plan Rows": 1,
      "Plan Width": 8,
      "Actual Startup Time": 124.181,
      "Actual Total Time": 132.93,
      "Actual Rows": 1,
      "Actual Loops": 1,
      "Plans": [
        {
          "Node Type": "Gather",
          "Parent Relationship": "Outer",
          "Parallel Aware": false,
          "Startup Cost": 44365.8,
          "Total Cost": 44366.11,
          "Plan Rows": 3,
          "Plan Width": 8,
          "Actual Startup Time": 124.0,
          "Actual Total Time": 132.918,
          "Actual Rows": 4,
          "Actual Loops": 1,
          "Workers Planned": 3,
          "Workers Launched": 3,
          "Single Copy": false,
          "Plans": [
            {
              "Node Type": "Aggregate",
              "Strategy": "Plain",
              "Partial Mode": "Partial",
              "Parent Relationship": "Outer",
              "Parallel Aware": false,
              "Startup Cost": 43365.8,
              "Total Cost": 43365.81,
              "Plan Rows": 1,
              "Plan Width": 8,
              "Actual Startup Time": 118.683,
              "Actual Total Time": 118.685,
              "Actual Rows": 1,
              "Actual Loops": 4,
              "Plans": [
                {
                  "Node Type": "Seq Scan",
                  "Parent Relationship": "Outer",
                  "Parallel Aware": true,
                  "Relation Name": "movie_keyword",
                  "Alias": "mk",
                  "Startup Cost": 0.0,
                  "Total Cost": 42695.65,
                  "Plan Rows": 268060,
                  "Plan Width": 0,
                  "Actual Startup Time": 2.002,
                  "Actual Total Time": 107.309,
                  "Actual Rows": 207605,
                  "Actual Loops": 4,
                  "Filter": "(keyword_id > 22164)",
                  "Rows Removed by Filter": 923378
                }
              ]
            }
          ]
        }
      ]
    },
    "Planning Time": 0.192,
    "Triggers": [],
    "Execution Time": 132.995
  }
]