[
  {
    "Plan": {
      "Node Type": "Aggregate",
      "Strategy": "Plain",
      "Partial Mode": "Finalize",
      "Parallel Aware": false,
      "Startup Cost": 33051.06,
      "Total Cost": 33051.07,
      "Plan Rows": 1,
      "Plan Width": 8,
      "Actual Startup Time": 100.647,
      "Actual Total Time": 106.385,
      "Actual Rows": 1,
      "Actual Loops": 1,
      "Plans": [
        {
          "Node Type": "Gather",
          "Parent Relationship": "Outer",
          "Parallel Aware": false,
          "Startup Cost": 33050.74,
          "Total Cost": 33051.05,
          "Plan Rows": 3,
          "Plan Width": 8,
          "Actual Startup Time": 100.436,
          "Actual Total Time": 106.376,
          "Actual Rows": 4,
          "Actual Loops": 1,
          "Workers Planned": 3,
          "Workers Launched": 3,
          "Single Copy": false,
          "Plans": [
            {
              "Node Type": "Aggregate",
              "Strategy": "Plain",
              "Partial Mode": "Partial",
              "Parent Relationship": "Outer",
              "Parallel Aware": false,
              "Startup Cost": 32050.74,
              "Total Cost": 32050.75,
              "Plan Rows": 1,
              "Plan Width": 8,
              "Actual Startup Time": 92.254,
              "Actual Total Time": 92.255,
              "Actual Rows": 1,
              "Actual Loops": 4,
              "Plans": [
                {
                  "Node Type": "Seq Scan",
                  "Parent Relationship": "Outer",
                  "Parallel Aware": true,
                  "Relation Name": "movie_companies",
                  "Alias": "mc",
                  "Startup Cost": 0.0,
                  "Total Cost": 31414.82,
                  "Plan Rows": 254368,
                  "Plan Width": 0,
                  "Actual Startup Time": 6.901,
                  "Actual Total Time": 84.576,
                  "Actual Rows": 143016,
                  "Actual Loops": 4,
                  "Filter": "((company_id > 4828) AND (company_type_id = 1))",
                  "Rows Removed by Filter": 509266
                }
              ]
            }
          ]
        }
      ]
    },
    "Planning Time": 0.217,
    "Triggers": [],
    "Execution Time": 106.449
  }
]