{
  "Plan": {
    "Node Type": "Aggregate",
    "Strategy": "Plain",
    "Partial Mode": "Finalize",
    "Parallel Aware": false,
    "Startup Cost": 162230.88,
    "Total Cost": 162230.89,
    "Plan Rows": 1,
    "Plan Width": 8,
    "Actual Startup Time": 430.636,
    "Actual Total Time": 450.784,
    "Actual Rows": 1,
    "Actual Loops": 1,
    "Plans": [
      {
        "Node Type": "Gather",
        "Parent Relationship": "Outer",
        "Parallel Aware": false,
        "Startup Cost": 162230.77,
        "Total Cost": 162230.88,
        "Plan Rows": 1,
        "Plan Width": 8,
        "Actual Startup Time": 430.461,
        "Actual Total Time": 450.778,
        "Actual Rows": 2,
        "Actual Loops": 1,
        "Workers Planned": 1,
        "Workers Launched": 1,
        "Single Copy": false,
        "Plans": [
          {
            "Node Type": "Aggregate",
            "Strategy": "Plain",
            "Partial Mode": "Partial",
            "Parent Relationship": "Outer",
            "Parallel Aware": false,
            "Startup Cost": 161230.77,
            "Total Cost": 161230.78,
            "Plan Rows": 1,
            "Plan Width": 8,
            "Actual Startup Time": 424.41,
            "Actual Total Time": 424.414,
            "Actual Rows": 1,
            "Actual Loops": 2,
            "Plans": [
              {
                "Node Type": "Nested Loop",
                "Parent Relationship": "Outer",
                "Parallel Aware": false,
                "Join Type": "Inner",
                "Startup Cost": 58680.35,
                "Total Cost": 160955.81,
                "Plan Rows": 109984,
                "Plan Width": 0,
                "Actual Startup Time": 156.553,
                "Actual Total Time": 423.395,
                "Actual Rows": 18582,
                "Actual Loops": 2,
                "Inner Unique": false,
                "Join Filter": "(t.id = mi.movie_id)",
                "Rows Removed by Join Filter": 0,
                "Plans": [
                  {
                    "Node Type": "Hash Join",
                    "Parent Relationship": "Outer",
                    "Parallel Aware": true,
                    "Join Type": "Inner",
                    "Startup Cost": 58679.92,
                    "Total Cost": 118855.92,
                    "Plan Rows": 18809,
                    "Plan Width": 8,
                    "Actual Startup Time": 156.488,
                    "Actual Total Time": 394.924,
                    "Actual Rows": 2457,
                    "Actual Loops": 2,
                    "Inner Unique": true,
                    "Hash Cond": "(mk.movie_id = t.id)",
                    "Plans": [
                      {
                        "Node Type": "Seq Scan",
                        "Parent Relationship": "Outer",
                        "Parallel Aware": true,
                        "Relation Name": "movie_keyword",
                        "Alias": "mk",
                        "Startup Cost": 0.0,
                        "Total Cost": 57718.19,
                        "Plan Rows": 936309,
                        "Plan Width": 4,
                        "Actual Startup Time": 0.014,
                        "Actual Total Time": 175.192,
                        "Actual Rows": 803094,
                        "Actual Loops": 2,
                        "Filter": "(keyword_id < 2488)",
                        "Rows Removed by Filter": 1458870
                      },
                      {
                        "Node Type": "Hash",
                        "Parent Relationship": "Inner",
                        "Parallel Aware": true,
                        "Startup Cost": 58306.47,
                        "Total Cost": 58306.47,
                        "Plan Rows": 29876,
                        "Plan Width": 4,
                        "Actual Startup Time": 155.1,
                        "Actual Total Time": 155.101,
                        "Actual Rows": 22660,
                        "Actual Loops": 2,
                        "Hash Buckets": 65536,
                        "Original Hash Buckets": 65536,
                        "Hash Batches": 1,
                        "Original Hash Batches": 1,
                        "Peak Memory Usage": 2304,
                        "Plans": [
                          {
                            "Node Type": "Seq Scan",
                            "Parent Relationship": "Outer",
                            "Parallel Aware": true,
                            "Relation Name": "title",
                            "Alias": "t",
                            "Startup Cost": 0.0,
                            "Total Cost": 58306.47,
                            "Plan Rows": 29876,
                            "Plan Width": 4,
                            "Actual Startup Time": 0.061,
                            "Actual Total Time": 146.74,
                            "Actual Rows": 22660,
                            "Actual Loops": 2,
                            "Filter": "((kind_id > 1) AND (production_year > 2012))",
                            "Rows Removed by Filter": 1241496
                          }
                        ]
                      }
                    ]
                  },
                  {
                    "Node Type": "Index Only Scan",
                    "Parent Relationship": "Inner",
                    "Parallel Aware": false,
                    "Scan Direction": "Forward",
                    "Index Name": "movie_id_movie_info",
                    "Relation Name": "movie_info",
                    "Alias": "mi",
                    "Startup Cost": 0.43,
                    "Total Cost": 1.71,
                    "Plan Rows": 42,
                    "Plan Width": 4,
                    "Actual Startup Time": 0.005,
                    "Actual Total Time": 0.011,
                    "Actual Rows": 8,
                    "Actual Loops": 4914,
                    "Index Cond": "(movie_id = mk.movie_id)",
                    "Rows Removed by Index Recheck": 0,
                    "Heap Fetches": 37164
                  }
                ]
              }
            ]
          }
        ]
      }
    ]
  },
  "Planning Time": 0.949,
  "Triggers": [],
  "Execution Time": 450.867
}