[
  {
    "Plan": {
      "Node Type": "Aggregate",
      "Strategy": "Plain",
      "Partial Mode": "Finalize",
      "Parallel Aware": false,
      "Startup Cost": 44161.69,
      "Total Cost": 44161.7,
      "Plan Rows": 1,
      "Plan Width": 8,
      "Actual Startup Time": 133.189,
      "Actual Total Time": 139.655,
      "Actual Rows": 1,
      "Actual Loops": 1,
      "Plans": [
        {
          "Node Type": "Gather",
          "Parent Relationship": "Outer",
          "Parallel Aware": false,
          "Startup Cost": 44161.38,
          "Total Cost": 44161.69,
          "Plan Rows": 3,
          "Plan Width": 8,
          "Actual Startup Time": 132.965,
          "Actual Total Time": 139.645,
          "Actual Rows": 4,
          "Actual Loops": 1,
          "Workers Planned": 3,
          "Workers Launched": 3,
          "Single Copy": false,
          "Plans": [
            {
              "Node Type": "Aggregate",
              "Strategy": "Plain",
              "Partial Mode": "Partial",
              "Parent Relationship": "Outer",
              "Parallel Aware": false,
              "Startup Cost": 43161.38,
              "Total Cost": 43161.39,
              "Plan Rows": 1,
              "Plan Width": 8,
              "Actual Startup Time": 129.365,
              "Actual Total Time": 129.366,
              "Actual Rows": 1,
              "Actual Loops": 4,
              "Plans": [
                {
                  "Node Type": "Bitmap Heap Scan",
                  "Parent Relationship": "Outer",
                  "Parallel Aware": true,
                  "Relation Name": "movie_keyword",
                  "Alias": "mk",
                  "Startup Cost": 15233.09,
                  "Total Cost": 42582.33,
                  "Plan Rows": 231619,
                  "Plan Width": 0,
                  "Actual Startup Time": 43.323,
                  "Actual Total Time": 119.762,
                  "Actual Rows": 179648,
                  "Actual Loops": 4,
                  "Recheck Cond": "(keyword_id < 634)",
                  "Rows Removed by Index Recheck": 0,
                  "Exact Heap Blocks": 8945,
                  "Lossy Heap Blocks": 0,
                  "Plans": [
                    {
                      "Node Type": "Bitmap Index Scan",
                      "Parent Relationship": "Outer",
                      "Parallel Aware": false,
                      "Index Name": "keyword_id_movie_keyword",
                      "Startup Cost": 0.0,
                      "Total Cost": 15053.58,
                      "Plan Rows": 718020,
                      "Plan Width": 0,
                      "Actual Startup Time": 42.425,
                      "Actual Total Time": 42.426,
                      "Actual Rows": 718593,
                      "Actual Loops": 1,
                      "Index Cond": "(keyword_id < 634)"
                    }
                  ]
                }
              ]
            }
          ]
        }
      ]
    },
    "Planning Time": 0.199,
    "Triggers": [],
    "Execution Time": 139.734
  }
]