[
  {
    "Plan": {
      "Node Type": "Aggregate",
      "Strategy": "Plain",
      "Partial Mode": "Finalize",
      "Parallel Aware": false,
      "Startup Cost": 44023.0,
      "Total Cost": 44023.01,
      "Plan Rows": 1,
      "Plan Width": 8,
      "Actual Startup Time": 142.732,
      "Actual Total Time": 151.273,
      "Actual Rows": 1,
      "Actual Loops": 1,
      "Plans": [
        {
          "Node Type": "Gather",
          "Parent Relationship": "Outer",
          "Parallel Aware": false,
          "Startup Cost": 44022.68,
          "Total Cost": 44022.99,
          "Plan Rows": 3,
          "Plan Width": 8,
          "Actual Startup Time": 142.515,
          "Actual Total Time": 151.263,
          "Actual Rows": 4,
          "Actual Loops": 1,
          "Workers Planned": 3,
          "Workers Launched": 3,
          "Single Copy": false,
          "Plans": [
            {
              "Node Type": "Aggregate",
              "Strategy": "Plain",
              "Partial Mode": "Partial",
              "Parent Relationship": "Outer",
              "Parallel Aware": false,
              "Startup Cost": 43022.68,
              "Total Cost": 43022.69,
              "Plan Rows": 1,
              "Plan Width": 8,
              "Actual Startup Time": 136.976,
              "Actual Total Time": 136.977,
              "Actual Rows": 1,
              "Actual Loops": 4,
              "Plans": [
                {
                  "Node Type": "Bitmap Heap Scan",
                  "Parent Relationship": "Outer",
                  "Parallel Aware": true,
                  "Relation Name": "movie_keyword",
                  "Alias": "mk",
                  "Startup Cost": 15120.03,
                  "Total Cost": 42447.91,
                  "Plan Rows": 229910,
                  "Plan Width": 0,
                  "Actual Startup Time": 50.122,
                  "Actual Total Time": 127.519,
                  "Actual Rows": 179648,
                  "Actual Loops": 4,
                  "Recheck Cond": "(keyword_id < 634)",
                  "Rows Removed by Index Recheck": 0,
                  "Exact Heap Blocks": 10038,
                  "Lossy Heap Blocks": 0,
                  "Plans": [
                    {
                      "Node Type": "Bitmap Index Scan",
                      "Parent Relationship": "Outer",
                      "Parallel Aware": false,
                      "Index Name": "keyword_id_movie_keyword",
                      "Startup Cost": 0.0,
                      "Total Cost": 14941.85,
                      "Plan Rows": 712722,
                      "Plan Width": 0,
                      "Actual Startup Time": 51.256,
                      "Actual Total Time": 51.256,
                      "Actual Rows": 718593,
                      "Actual Loops": 1,
                      "Index Cond": "(keyword_id < 634)"
                    }
                  ]
                }
              ]
            }
          ]
        }
      ]
    },
    "Planning Time": 0.146,
    "Triggers": [],
    "Execution Time": 151.333
  }
]