[
  {
    "Plan": {
      "Node Type": "Aggregate",
      "Strategy": "Plain",
      "Partial Mode": "Finalize",
      "Parallel Aware": false,
      "Startup Cost": 44539.35,
      "Total Cost": 44539.36,
      "Plan Rows": 1,
      "Plan Width": 8,
      "Actual Startup Time": 124.945,
      "Actual Total Time": 136.89,
      "Actual Rows": 1,
      "Actual Loops": 1,
      "Plans": [
        {
          "Node Type": "Gather",
          "Parent Relationship": "Outer",
          "Parallel Aware": false,
          "Startup Cost": 44539.03,
          "Total Cost": 44539.34,
          "Plan Rows": 3,
          "Plan Width": 8,
          "Actual Startup Time": 124.796,
          "Actual Total Time": 136.883,
          "Actual Rows": 4,
          "Actual Loops": 1,
          "Workers Planned": 3,
          "Workers Launched": 3,
          "Single Copy": false,
          "Plans": [
            {
              "Node Type": "Aggregate",
              "Strategy": "Plain",
              "Partial Mode": "Partial",
              "Parent Relationship": "Outer",
              "Parallel Aware": false,
              "Startup Cost": 43539.03,
              "Total Cost": 43539.04,
              "Plan Rows": 1,
              "Plan Width": 8,
              "Actual Startup Time": 119.411,
              "Actual Total Time": 119.413,
              "Actual Rows": 1,
              "Actual Loops": 4,
              "Plans": [
                {
                  "Node Type": "Seq Scan",
                  "Parent Relationship": "Outer",
                  "Parallel Aware": true,
                  "Relation Name": "movie_keyword",
                  "Alias": "mk",
                  "Startup Cost": 0.0,
                  "Total Cost": 42695.65,
                  "Plan Rows": 337351,
                  "Plan Width": 0,
                  "Actual Startup Time": 1.9,
                  "Actual Total Time": 106.311,
                  "Actual Rows": 260599,
                  "Actual Loops": 4,
                  "Filter": "(keyword_id > 16999)",
                  "Rows Removed by Filter": 870384
                }
              ]
            }
          ]
        }
      ]
    },
    "Planning Time": 0.111,
    "Triggers": [],
    "Execution Time": 136.932
  }
]