[
  {
    "Plan": {
      "Node Type": "Aggregate",
      "Strategy": "Plain",
      "Partial Mode": "Finalize",
      "Parallel Aware": false,
      "Startup Cost": 601560.63,
      "Total Cost": 601560.64,
      "Plan Rows": 1,
      "Plan Width": 8,
      "Actual Startup Time": 3103.835,
      "Actual Total Time": 3166.893,
      "Actual Rows": 1,
      "Actual Loops": 1,
      "Plans": [
        {
          "Node Type": "Gather",
          "Parent Relationship": "Outer",
          "Parallel Aware": false,
          "Startup Cost": 601560.11,
          "Total Cost": 601560.62,
          "Plan Rows": 5,
          "Plan Width": 8,
          "Actual Startup Time": 3095.978,
          "Actual Total Time": 3166.883,
          "Actual Rows": 6,
          "Actual Loops": 1,
          "Workers Planned": 5,
          "Workers Launched": 5,
          "Single Copy": false,
          "Plans": [
            {
              "Node Type": "Aggregate",
              "Strategy": "Plain",
              "Partial Mode": "Partial",
              "Parent Relationship": "Outer",
              "Parallel Aware": false,
              "Startup Cost": 600560.11,
              "Total Cost": 600560.12,
              "Plan Rows": 1,
              "Plan Width": 8,
              "Actual Startup Time": 3085.112,
              "Actual Total Time": 3085.289,
              "Actual Rows": 1,
              "Actual Loops": 6,
              "Plans": [
                {
                  "Node Type": "Hash Join",
                  "Parent Relationship": "Outer",
                  "Parallel Aware": true,
                  "Join Type": "Inner",
                  "Startup Cost": 392636.09,
                  "Total Cost": 597497.56,
                  "Plan Rows": 1225021,
                  "Plan Width": 0,
                  "Actual Startup Time": 1341.037,
                  "Actual Total Time": 2861.805,
                  "Actual Rows": 3933239,
                  "Actual Loops": 6,
                  "Inner Unique": false,
                  "Hash Cond": "(mi.movie_id = t.id)",
                  "Plans": [
                    {
                      "Node Type": "Seq Scan",
                      "Parent Relationship": "Outer",
                      "Parallel Aware": true,
                      "Relation Name": "movie_info",
                      "Alias": "mi",
                      "Startup Cost": 0.0,
                      "Total Cost": 191685.19,
                      "Plan Rows": 2969219,
                      "Plan Width": 4,
                      "Actual Startup Time": 0.044,
                      "Actual Total Time": 364.893,
                      "Actual Rows": 2472620,
                      "Actual Loops": 6
                    },
                    {
                      "Node Type": "Hash",
                      "Parent Relationship": "Inner",
                      "Parallel Aware": true,
                      "Startup Cost": 390462.84,
                      "Total Cost": 390462.84,
                      "Plan Rows": 173860,
                      "Plan Width": 8,
                      "Actual Startup Time": 1334.898,
                      "Actual Total Time": 1335.074,
                      "Actual Rows": 213140,
                      "Actual Loops": 6,
                      "Hash Buckets": 2097152,
                      "Original Hash Buckets": 1048576,
                      "Hash Batches": 1,
                      "Original Hash Batches": 1,
                      "Peak Memory Usage": 74688,
                      "Plans": [
                        {
                          "Node Type": "Hash Join",
                          "Parent Relationship": "Outer",
                          "Parallel Aware": true,
                          "Join Type": "Inner",
                          "Startup Cost": 44678.84,
                          "Total Cost": 390462.84,
                          "Plan Rows": 173860,
                          "Plan Width": 8,
                          "Actual Startup Time": 131.901,
                          "Actual Total Time": 1187.366,
                          "Actual Rows": 213140,
                          "Actual Loops": 6,
                          "Inner Unique": true,
                          "Hash Cond": "(ci.movie_id = t.id)",
                          "Plans": [
                            {
                              "Node Type": "Index Scan",
                              "Parent Relationship": "Outer",
                              "Parallel Aware": true,
                              "Scan Direction": "Forward",
                              "Index Name": "role_id_cast_info",
                              "Relation Name": "cast_info",
                              "Alias": "ci",
                              "Startup Cost": 0.56,
                              "Total Cost": 341155.22,
                              "Plan Rows": 1763558,
                              "Plan Width": 4,
                              "Actual Startup Time": 0.396,
                              "Actual Total Time": 598.769,
                              "Actual Rows": 2111781,
                              "Actual Loops": 6,
                              "Index Cond": "(role_id < 2)",
                              "Rows Removed by Index Recheck": 0,
                              "Filter": "(person_id < 3047668)",
                              "Rows Removed by Filter": 0
                            },
                            {
                              "Node Type": "Hash",
                              "Parent Relationship": "Inner",
                              "Parallel Aware": true,
                              "Startup Cost": 43899.32,
                              "Total Cost": 43899.32,
                              "Plan Rows": 62316,
                              "Plan Width": 4,
                              "Actual Startup Time": 130.347,
                              "Actual Total Time": 130.348,
                              "Actual Rows": 43932,
                              "Actual Loops": 6,
                              "Hash Buckets": 524288,
                              "Original Hash Buckets": 262144,
                              "Hash Batches": 1,
                              "Original Hash Batches": 1,
                              "Peak Memory Usage": 16608,
                              "Plans": [
                                {
                                  "Node Type": "Seq Scan",
                                  "Parent Relationship": "Outer",
                                  "Parallel Aware": true,
                                  "Relation Name": "title",
                                  "Alias": "t",
                                  "Startup Cost": 0.0,
                                  "Total Cost": 43899.32,
                                  "Plan Rows": 62316,
                                  "Plan Width": 4,
                                  "Actual Startup Time": 0.05,
                                  "Actual Total Time": 94.906,
                                  "Actual Rows": 43932,
                                  "Actual Loops": 6,
                                  "Filter": "(production_year < 1962)",
                                  "Rows Removed by Filter": 377453
                                }
                              ]
                            }
                          ]
                        }
                      ]
                    }
                  ]
                }
              ]
            }
          ]
        }
      ]
    },
    "Planning Time": 1.397,
    "Triggers": [],
    "Execution Time": 3167.001
  }
]