{
  "Plan": {
    "Node Type": "Aggregate",
    "Strategy": "Plain",
    "Partial Mode": "Finalize",
    "Parallel Aware": false,
    "Startup Cost": 547257.42,
    "Total Cost": 547257.43,
    "Plan Rows": 1,
    "Plan Width": 8,
    "Actual Startup Time": 1604.879,
    "Actual Total Time": 1629.561,
    "Actual Rows": 1,
    "Actual Loops": 1,
    "Plans": [
      {
        "Node Type": "Gather",
        "Parent Relationship": "Outer",
        "Parallel Aware": false,
        "Startup Cost": 547257.3,
        "Total Cost": 547257.41,
        "Plan Rows": 1,
        "Plan Width": 8,
        "Actual Startup Time": 1601.482,
        "Actual Total Time": 1629.551,
        "Actual Rows": 2,
        "Actual Loops": 1,
        "Workers Planned": 1,
        "Workers Launched": 1,
        "Single Copy": false,
        "Plans": [
          {
            "Node Type": "Aggregate",
            "Strategy": "Plain",
            "Partial Mode": "Partial",
            "Parent Relationship": "Outer",
            "Parallel Aware": false,
            "Startup Cost": 546257.3,
            "Total Cost": 546257.31,
            "Plan Rows": 1,
            "Plan Width": 8,
            "Actual Startup Time": 1594.266,
            "Actual Total Time": 1594.271,
            "Actual Rows": 1,
            "Actual Loops": 2,
            "Plans": [
              {
                "Node Type": "Hash Join",
                "Parent Relationship": "Outer",
                "Parallel Aware": true,
                "Join Type": "Inner",
                "Startup Cost": 219550.78,
                "Total Cost": 541810.1,
                "Plan Rows": 1778882,
                "Plan Width": 0,
                "Actual Startup Time": 678.683,
                "Actual Total Time": 1566.58,
                "Actual Rows": 658546,
                "Actual Loops": 2,
                "Inner Unique": true,
                "Hash Cond": "(ci.movie_id = t.id)",
                "Plans": [
                  {
                    "Node Type": "Bitmap Heap Scan",
                    "Parent Relationship": "Outer",
                    "Parallel Aware": true,
                    "Relation Name": "cast_info",
                    "Alias": "ci",
                    "Startup Cost": 151523.92,
                    "Total Cost": 464852.62,
                    "Plan Rows": 3402134,
                    "Plan Width": 4,
                    "Actual Startup Time": 317.478,
                    "Actual Total Time": 722.919,
                    "Actual Rows": 1539244,
                    "Actual Loops": 2,
                    "Recheck Cond": "(person_id > 2989078)",
                    "Rows Removed by Index Recheck": 0,
                    "Filter": "(role_id < 9)",
                    "Rows Removed by Filter": 1819590,
                    "Exact Heap Blocks": 45738,
                    "Lossy Heap Blocks": 0,
                    "Plans": [
                      {
                        "Node Type": "Bitmap Index Scan",
                        "Parent Relationship": "Outer",
                        "Parallel Aware": false,
                        "Index Name": "person_id_cast_info",
                        "Startup Cost": 0.0,
                        "Total Cost": 150078.01,
                        "Plan Rows": 6872726,
                        "Plan Width": 0,
                        "Actual Startup Time": 302.614,
                        "Actual Total Time": 302.614,
                        "Actual Rows": 6717666,
                        "Actual Loops": 1,
                        "Index Cond": "(person_id > 2989078)"
                      }
                    ]
                  },
                  {
                    "Node Type": "Hash",
                    "Parent Relationship": "Inner",
                    "Parallel Aware": true,
                    "Startup Cost": 58306.47,
                    "Total Cost": 58306.47,
                    "Plan Rows": 777632,
                    "Plan Width": 4,
                    "Actual Startup Time": 346.804,
                    "Actual Total Time": 346.805,
                    "Actual Rows": 649064,
                    "Actual Loops": 2,
                    "Hash Buckets": 2097152,
                    "Original Hash Buckets": 2097152,
                    "Hash Batches": 1,
                    "Original Hash Batches": 1,
                    "Peak Memory Usage": 67200,
                    "Plans": [
                      {
                        "Node Type": "Seq Scan",
                        "Parent Relationship": "Outer",
                        "Parallel Aware": true,
                        "Relation Name": "title",
                        "Alias": "t",
                        "Startup Cost": 0.0,
                        "Total Cost": 58306.47,
                        "Plan Rows": 777632,
                        "Plan Width": 4,
                        "Actual Startup Time": 0.032,
                        "Actual Total Time": 164.901,
                        "Actual Rows": 649064,
                        "Actual Loops": 2,
                        "Filter": "((kind_id > 1) AND (production_year < 2009))",
                        "Rows Removed by Filter": 615092
                      }
                    ]
                  }
                ]
              }
            ]
          }
        ]
      }
    ]
  },
  "Planning Time": 0.666,
  "Triggers": [],
  "Execution Time": 1629.656
}