[
  {
    "Plan": {
      "Node Type": "Aggregate",
      "Strategy": "Plain",
      "Partial Mode": "Finalize",
      "Parallel Aware": false,
      "Startup Cost": 46519.05,
      "Total Cost": 46519.06,
      "Plan Rows": 1,
      "Plan Width": 8,
      "Actual Startup Time": 177.757,
      "Actual Total Time": 186.195,
      "Actual Rows": 1,
      "Actual Loops": 1,
      "Plans": [
        {
          "Node Type": "Gather",
          "Parent Relationship": "Outer",
          "Parallel Aware": false,
          "Startup Cost": 46518.73,
          "Total Cost": 46519.04,
          "Plan Rows": 3,
          "Plan Width": 8,
          "Actual Startup Time": 177.613,
          "Actual Total Time": 186.184,
          "Actual Rows": 4,
          "Actual Loops": 1,
          "Workers Planned": 3,
          "Workers Launched": 3,
          "Single Copy": false,
          "Plans": [
            {
              "Node Type": "Aggregate",
              "Strategy": "Plain",
              "Partial Mode": "Partial",
              "Parent Relationship": "Outer",
              "Parallel Aware": false,
              "Startup Cost": 45518.73,
              "Total Cost": 45518.74,
              "Plan Rows": 1,
              "Plan Width": 8,
              "Actual Startup Time": 169.327,
              "Actual Total Time": 169.329,
              "Actual Rows": 1,
              "Actual Loops": 4,
              "Plans": [
                {
                  "Node Type": "Seq Scan",
                  "Parent Relationship": "Outer",
                  "Parallel Aware": true,
                  "Relation Name": "movie_keyword",
                  "Alias": "mk",
                  "Startup Cost": 0.0,
                  "Total Cost": 42695.65,
                  "Plan Rows": 1129230,
                  "Plan Width": 0,
                  "Actual Startup Time": 0.06,
                  "Actual Total Time": 127.002,
                  "Actual Rows": 876398,
                  "Actual Loops": 4,
                  "Filter": "(keyword_id < 17712)",
                  "Rows Removed by Filter": 254584
                }
              ]
            }
          ]
        }
      ]
    },
    "Planning Time": 0.168,
    "Triggers": [],
    "Execution Time": 186.25
  }
]