{
  "Plan": {
    "Node Type": "Aggregate",
    "Strategy": "Plain",
    "Partial Mode": "Finalize",
    "Parallel Aware": false,
    "Startup Cost": 111177.27,
    "Total Cost": 111177.28,
    "Plan Rows": 1,
    "Plan Width": 8,
    "Actual Startup Time": 329.166,
    "Actual Total Time": 342.631,
    "Actual Rows": 1,
    "Actual Loops": 1,
    "Plans": [
      {
        "Node Type": "Gather",
        "Parent Relationship": "Outer",
        "Parallel Aware": false,
        "Startup Cost": 111177.16,
        "Total Cost": 111177.27,
        "Plan Rows": 1,
        "Plan Width": 8,
        "Actual Startup Time": 328.991,
        "Actual Total Time": 342.624,
        "Actual Rows": 2,
        "Actual Loops": 1,
        "Workers Planned": 1,
        "Workers Launched": 1,
        "Single Copy": false,
        "Plans": [
          {
            "Node Type": "Aggregate",
            "Strategy": "Plain",
            "Partial Mode": "Partial",
            "Parent Relationship": "Outer",
            "Parallel Aware": false,
            "Startup Cost": 110177.16,
            "Total Cost": 110177.17,
            "Plan Rows": 1,
            "Plan Width": 8,
            "Actual Startup Time": 323.115,
            "Actual Total Time": 323.118,
            "Actual Rows": 1,
            "Actual Loops": 2,
            "Plans": [
              {
                "Node Type": "Hash Join",
                "Parent Relationship": "Outer",
                "Parallel Aware": true,
                "Join Type": "Inner",
                "Startup Cost": 77644.39,
                "Total Cost": 110170.4,
                "Plan Rows": 2704,
                "Plan Width": 0,
                "Actual Startup Time": 190.723,
                "Actual Total Time": 323.069,
                "Actual Rows": 442,
                "Actual Loops": 2,
                "Inner Unique": true,
                "Hash Cond": "(mk.movie_id = t.id)",
                "Plans": [
                  {
                    "Node Type": "Bitmap Heap Scan",
                    "Parent Relationship": "Outer",
                    "Parallel Aware": true,
                    "Relation Name": "movie_keyword",
                    "Alias": "mk",
                    "Startup Cost": 19243.75,
                    "Total Cost": 50368.83,
                    "Plan Rows": 533686,
                    "Plan Width": 4,
                    "Actual Startup Time": 52.463,
                    "Actual Total Time": 143.869,
                    "Actual Rows": 457176,
                    "Actual Loops": 2,
                    "Recheck Cond": "(keyword_id < 866)",
                    "Rows Removed by Index Recheck": 0,
                    "Exact Heap Blocks": 14853,
                    "Lossy Heap Blocks": 0,
                    "Plans": [
                      {
                        "Node Type": "Bitmap Index Scan",
                        "Parent Relationship": "Outer",
                        "Parallel Aware": false,
                        "Index Name": "keyword_id_movie_keyword",
                        "Startup Cost": 0.0,
                        "Total Cost": 19016.93,
                        "Plan Rows": 907267,
                        "Plan Width": 0,
                        "Actual Startup Time": 48.735,
                        "Actual Total Time": 48.735,
                        "Actual Rows": 914351,
                        "Actual Loops": 1,
                        "Index Cond": "(keyword_id < 866)"
                      }
                    ]
                  },
                  {
                    "Node Type": "Hash",
                    "Parent Relationship": "Inner",
                    "Parallel Aware": true,
                    "Startup Cost": 58306.47,
                    "Total Cost": 58306.47,
                    "Plan Rows": 7534,
                    "Plan Width": 4,
                    "Actual Startup Time": 136.514,
                    "Actual Total Time": 136.514,
                    "Actual Rows": 5794,
                    "Actual Loops": 2,
                    "Hash Buckets": 16384,
                    "Original Hash Buckets": 16384,
                    "Hash Batches": 1,
                    "Original Hash Batches": 1,
                    "Peak Memory Usage": 608,
                    "Plans": [
                      {
                        "Node Type": "Seq Scan",
                        "Parent Relationship": "Outer",
                        "Parallel Aware": true,
                        "Relation Name": "title",
                        "Alias": "t",
                        "Startup Cost": 0.0,
                        "Total Cost": 58306.47,
                        "Plan Rows": 7534,
                        "Plan Width": 4,
                        "Actual Startup Time": 0.104,
                        "Actual Total Time": 134.207,
                        "Actual Rows": 5794,
                        "Actual Loops": 2,
                        "Filter": "((kind_id = 7) AND (production_year = 1986))",
                        "Rows Removed by Filter": 1258362
                      }
                    ]
                  }
                ]
              }
            ]
          }
        ]
      }
    ]
  },
  "Planning Time": 0.49,
  "Triggers": [],
  "Execution Time": 342.722
}