[
  {
    "Plan": {
      "Node Type": "Aggregate",
      "Strategy": "Plain",
      "Partial Mode": "Finalize",
      "Parallel Aware": false,
      "Startup Cost": 96250.8,
      "Total Cost": 96250.81,
      "Plan Rows": 1,
      "Plan Width": 8,
      "Actual Startup Time": 251.071,
      "Actual Total Time": 270.119,
      "Actual Rows": 1,
      "Actual Loops": 1,
      "Plans": [
        {
          "Node Type": "Gather",
          "Parent Relationship": "Outer",
          "Parallel Aware": false,
          "Startup Cost": 96250.49,
          "Total Cost": 96250.8,
          "Plan Rows": 3,
          "Plan Width": 8,
          "Actual Startup Time": 250.574,
          "Actual Total Time": 270.112,
          "Actual Rows": 4,
          "Actual Loops": 1,
          "Workers Planned": 3,
          "Workers Launched": 3,
          "Single Copy": false,
          "Plans": [
            {
              "Node Type": "Aggregate",
              "Strategy": "Plain",
              "Partial Mode": "Partial",
              "Parent Relationship": "Outer",
              "Parallel Aware": false,
              "Startup Cost": 95250.49,
              "Total Cost": 95250.5,
              "Plan Rows": 1,
              "Plan Width": 8,
              "Actual Startup Time": 242.173,
              "Actual Total Time": 242.177,
              "Actual Rows": 1,
              "Actual Loops": 4,
              "Plans": [
                {
                  "Node Type": "Nested Loop",
                  "Parent Relationship": "Outer",
                  "Parallel Aware": false,
                  "Join Type": "Inner",
                  "Startup Cost": 60276.14,
                  "Total Cost": 95215.2,
                  "Plan Rows": 14115,
                  "Plan Width": 0,
                  "Actual Startup Time": 143.051,
                  "Actual Total Time": 241.478,
                  "Actual Rows": 8636,
                  "Actual Loops": 4,
                  "Inner Unique": false,
                  "Join Filter": "(t.id = mi.movie_id)",
                  "Rows Removed by Join Filter": 0,
                  "Plans": [
                    {
                      "Node Type": "Hash Join",
                      "Parent Relationship": "Outer",
                      "Parallel Aware": true,
                      "Join Type": "Inner",
                      "Startup Cost": 60275.7,
                      "Total Cost": 88113.5,
                      "Plan Rows": 2414,
                      "Plan Width": 8,
                      "Actual Startup Time": 142.894,
                      "Actual Total Time": 227.463,
                      "Actual Rows": 778,
                      "Actual Loops": 4,
                      "Inner Unique": true,
                      "Hash Cond": "(mk.movie_id = t.id)",
                      "Plans": [
                        {
                          "Node Type": "Bitmap Heap Scan",
                          "Parent Relationship": "Outer",
                          "Parallel Aware": true,
                          "Relation Name": "movie_keyword",
                          "Alias": "mk",
                          "Startup Cost": 14711.35,
                          "Total Cost": 41961.88,
                          "Plan Rows": 223722,
                          "Plan Width": 4,
                          "Actual Startup Time": 43.199,
                          "Actual Total Time": 108.878,
                          "Actual Rows": 169808,
                          "Actual Loops": 4,
                          "Recheck Cond": "(keyword_id > 27572)",
                          "Rows Removed by Index Recheck": 0,
                          "Exact Heap Blocks": 8981,
                          "Lossy Heap Blocks": 0,
                          "Plans": [
                            {
                              "Node Type": "Bitmap Index Scan",
                              "Parent Relationship": "Outer",
                              "Parallel Aware": false,
                              "Index Name": "keyword_id_movie_keyword",
                              "Startup Cost": 0.0,
                              "Total Cost": 14537.97,
                              "Plan Rows": 693538,
                              "Plan Width": 0,
                              "Actual Startup Time": 39.562,
                              "Actual Total Time": 39.563,
                              "Actual Rows": 679233,
                              "Actual Loops": 1,
                              "Index Cond": "(keyword_id > 27572)"
                            }
                          ]
                        },
                        {
                          "Node Type": "Hash",
                          "Parent Relationship": "Inner",
                          "Parallel Aware": true,
                          "Startup Cost": 45479.1,
                          "Total Cost": 45479.1,
                          "Plan Rows": 6820,
                          "Plan Width": 4,
                          "Actual Startup Time": 97.319,
                          "Actual Total Time": 97.319,
                          "Actual Rows": 8116,
                          "Actual Loops": 4,
                          "Hash Buckets": 32768,
                          "Original Hash Buckets": 32768,
                          "Hash Batches": 1,
                          "Original Hash Batches": 1,
                          "Peak Memory Usage": 1600,
                          "Plans": [
                            {
                              "Node Type": "Seq Scan",
                              "Parent Relationship": "Outer",
                              "Parallel Aware": true,
                              "Relation Name": "title",
                              "Alias": "t",
                              "Startup Cost": 0.0,
                              "Total Cost": 45479.1,
                              "Plan Rows": 6820,
                              "Plan Width": 4,
                              "Actual Startup Time": 0.04,
                              "Actual Total Time": 93.251,
                              "Actual Rows": 8116,
                              "Actual Loops": 4,
                              "Filter": "((kind_id > 4) AND (production_year = 1998))",
                              "Rows Removed by Filter": 623962
                            }
                          ]
                        }
                      ]
                    },
                    {
                      "Node Type": "Index Only Scan",
                      "Parent Relationship": "Inner",
                      "Parallel Aware": false,
                      "Scan Direction": "Forward",
                      "Index Name": "movie_id_movie_info",
                      "Relation Name": "movie_info",
                      "Alias": "mi",
                      "Startup Cost": 0.43,
                      "Total Cost": 2.42,
                      "Plan Rows": 42,
                      "Plan Width": 4,
                      "Actual Startup Time": 0.007,
                      "Actual Total Time": 0.016,
                      "Actual Rows": 11,
                      "Actual Loops": 3111,
                      "Index Cond": "(movie_id = mk.movie_id)",
                      "Rows Removed by Index Recheck": 0,
                      "Heap Fetches": 34544
                    }
                  ]
                }
              ]
            }
          ]
        }
      ]
    },
    "Planning Time": 1.531,
    "Triggers": [],
    "Execution Time": 270.227
  }
]