[
  {
    "Plan": {
      "Node Type": "Aggregate",
      "Strategy": "Plain",
      "Partial Mode": "Finalize",
      "Parallel Aware": false,
      "Startup Cost": 46560.76,
      "Total Cost": 46560.77,
      "Plan Rows": 1,
      "Plan Width": 8,
      "Actual Startup Time": 180.622,
      "Actual Total Time": 190.166,
      "Actual Rows": 1,
      "Actual Loops": 1,
      "Plans": [
        {
          "Node Type": "Gather",
          "Parent Relationship": "Outer",
          "Parallel Aware": false,
          "Startup Cost": 46560.45,
          "Total Cost": 46560.76,
          "Plan Rows": 3,
          "Plan Width": 8,
          "Actual Startup Time": 180.525,
          "Actual Total Time": 190.156,
          "Actual Rows": 4,
          "Actual Loops": 1,
          "Workers Planned": 3,
          "Workers Launched": 3,
          "Single Copy": false,
          "Plans": [
            {
              "Node Type": "Aggregate",
              "Strategy": "Plain",
              "Partial Mode": "Partial",
              "Parent Relationship": "Outer",
              "Parallel Aware": false,
              "Startup Cost": 45560.45,
              "Total Cost": 45560.46,
              "Plan Rows": 1,
              "Plan Width": 8,
              "Actual Startup Time": 171.564,
              "Actual Total Time": 171.565,
              "Actual Rows": 1,
              "Actual Loops": 4,
              "Plans": [
                {
                  "Node Type": "Seq Scan",
                  "Parent Relationship": "Outer",
                  "Parallel Aware": true,
                  "Relation Name": "movie_keyword",
                  "Alias": "mk",
                  "Startup Cost": 0.0,
                  "Total Cost": 42695.65,
                  "Plan Rows": 1145917,
                  "Plan Width": 0,
                  "Actual Startup Time": 0.061,
                  "Actual Total Time": 128.758,
                  "Actual Rows": 888570,
                  "Actual Loops": 4,
                  "Filter": "(keyword_id < 19543)",
                  "Rows Removed by Filter": 242413
                }
              ]
            }
          ]
        }
      ]
    },
    "Planning Time": 0.191,
    "Triggers": [],
    "Execution Time": 190.227
  }
]