[
  {
    "Plan": {
      "Node Type": "Aggregate",
      "Strategy": "Plain",
      "Partial Mode": "Finalize",
      "Parallel Aware": false,
      "Startup Cost": 46557.98,
      "Total Cost": 46557.99,
      "Plan Rows": 1,
      "Plan Width": 8,
      "Actual Startup Time": 178.629,
      "Actual Total Time": 188.252,
      "Actual Rows": 1,
      "Actual Loops": 1,
      "Plans": [
        {
          "Node Type": "Gather",
          "Parent Relationship": "Outer",
          "Parallel Aware": false,
          "Startup Cost": 46557.66,
          "Total Cost": 46557.97,
          "Plan Rows": 3,
          "Plan Width": 8,
          "Actual Startup Time": 178.508,
          "Actual Total Time": 188.238,
          "Actual Rows": 4,
          "Actual Loops": 1,
          "Workers Planned": 3,
          "Workers Launched": 3,
          "Single Copy": false,
          "Plans": [
            {
              "Node Type": "Aggregate",
              "Strategy": "Plain",
              "Partial Mode": "Partial",
              "Parent Relationship": "Outer",
              "Parallel Aware": false,
              "Startup Cost": 45557.66,
              "Total Cost": 45557.67,
              "Plan Rows": 1,
              "Plan Width": 8,
              "Actual Startup Time": 171.475,
              "Actual Total Time": 171.477,
              "Actual Rows": 1,
              "Actual Loops": 4,
              "Plans": [
                {
                  "Node Type": "Seq Scan",
                  "Parent Relationship": "Outer",
                  "Parallel Aware": true,
                  "Relation Name": "movie_keyword",
                  "Alias": "mk",
                  "Startup Cost": 0.0,
                  "Total Cost": 42695.65,
                  "Plan Rows": 1144802,
                  "Plan Width": 0,
                  "Actual Startup Time": 0.051,
                  "Actual Total Time": 129.119,
                  "Actual Rows": 888570,
                  "Actual Loops": 4,
                  "Filter": "(keyword_id < 19543)",
                  "Rows Removed by Filter": 242413
                }
              ]
            }
          ]
        }
      ]
    },
    "Planning Time": 0.186,
    "Triggers": [],
    "Execution Time": 188.307
  }
]