[
  {
    "Plan": {
      "Node Type": "Aggregate",
      "Strategy": "Plain",
      "Partial Mode": "Finalize",
      "Parallel Aware": false,
      "Startup Cost": 324020.47,
      "Total Cost": 324020.48,
      "Plan Rows": 1,
      "Plan Width": 8,
      "Actual Startup Time": 296.387,
      "Actual Total Time": 310.255,
      "Actual Rows": 1,
      "Actual Loops": 1,
      "Plans": [
        {
          "Node Type": "Gather",
          "Parent Relationship": "Outer",
          "Parallel Aware": false,
          "Startup Cost": 324019.85,
          "Total Cost": 324020.46,
          "Plan Rows": 6,
          "Plan Width": 8,
          "Actual Startup Time": 295.117,
          "Actual Total Time": 310.243,
          "Actual Rows": 7,
          "Actual Loops": 1,
          "Workers Planned": 6,
          "Workers Launched": 6,
          "Single Copy": false,
          "Plans": [
            {
              "Node Type": "Aggregate",
              "Strategy": "Plain",
              "Partial Mode": "Partial",
              "Parent Relationship": "Outer",
              "Parallel Aware": false,
              "Startup Cost": 323019.85,
              "Total Cost": 323019.86,
              "Plan Rows": 1,
              "Plan Width": 8,
              "Actual Startup Time": 285.648,
              "Actual Total Time": 285.65,
              "Actual Rows": 1,
              "Actual Loops": 7,
              "Plans": [
                {
                  "Node Type": "Bitmap Heap Scan",
                  "Parent Relationship": "Outer",
                  "Parallel Aware": true,
                  "Relation Name": "cast_info",
                  "Alias": "ci",
                  "Startup Cost": 63178.63,
                  "Total Cost": 321827.48,
                  "Plan Rows": 476948,
                  "Plan Width": 0,
                  "Actual Startup Time": 139.511,
                  "Actual Total Time": 258.007,
                  "Actual Rows": 421604,
                  "Actual Loops": 7,
                  "Recheck Cond": "(person_id < 287414)",
                  "Rows Removed by Index Recheck": 0,
                  "Exact Heap Blocks": 8260,
                  "Lossy Heap Blocks": 0,
                  "Plans": [
                    {
                      "Node Type": "Bitmap Index Scan",
                      "Parent Relationship": "Outer",
                      "Parallel Aware": false,
                      "Index Name": "person_id_cast_info",
                      "Startup Cost": 0.0,
                      "Total Cost": 62463.21,
                      "Plan Rows": 2861686,
                      "Plan Width": 0,
                      "Actual Startup Time": 141.43,
                      "Actual Total Time": 141.431,
                      "Actual Rows": 2951228,
                      "Actual Loops": 1,
                      "Index Cond": "(person_id < 287414)"
                    }
                  ]
                }
              ]
            }
          ]
        }
      ]
    },
    "Planning Time": 0.211,
    "Triggers": [],
    "Execution Time": 310.336
  }
]