[
  {
    "Plan": {
      "Node Type": "Aggregate",
      "Strategy": "Plain",
      "Partial Mode": "Finalize",
      "Parallel Aware": false,
      "Startup Cost": 334637.55,
      "Total Cost": 334637.56,
      "Plan Rows": 1,
      "Plan Width": 8,
      "Actual Startup Time": 623.836,
      "Actual Total Time": 678.86,
      "Actual Rows": 1,
      "Actual Loops": 1,
      "Plans": [
        {
          "Node Type": "Gather",
          "Parent Relationship": "Outer",
          "Parallel Aware": false,
          "Startup Cost": 334636.92,
          "Total Cost": 334637.53,
          "Plan Rows": 6,
          "Plan Width": 8,
          "Actual Startup Time": 623.703,
          "Actual Total Time": 678.851,
          "Actual Rows": 7,
          "Actual Loops": 1,
          "Workers Planned": 6,
          "Workers Launched": 6,
          "Single Copy": false,
          "Plans": [
            {
              "Node Type": "Aggregate",
              "Strategy": "Plain",
              "Partial Mode": "Partial",
              "Parent Relationship": "Outer",
              "Parallel Aware": false,
              "Startup Cost": 333636.92,
              "Total Cost": 333636.93,
              "Plan Rows": 1,
              "Plan Width": 8,
              "Actual Startup Time": 615.712,
              "Actual Total Time": 615.713,
              "Actual Rows": 1,
              "Actual Loops": 7,
              "Plans": [
                {
                  "Node Type": "Seq Scan",
                  "Parent Relationship": "Outer",
                  "Parallel Aware": true,
                  "Relation Name": "cast_info",
                  "Alias": "ci",
                  "Startup Cost": 0.0,
                  "Total Cost": 328162.03,
                  "Plan Rows": 2189958,
                  "Plan Width": 0,
                  "Actual Startup Time": 242.88,
                  "Actual Total Time": 541.891,
                  "Actual Rows": 1872646,
                  "Actual Loops": 7,
                  "Filter": "(person_id > 2365582)",
                  "Rows Removed by Filter": 3305117
                }
              ]
            }
          ]
        }
      ]
    },
    "Planning Time": 0.238,
    "Triggers": [],
    "Execution Time": 678.935
  }
]