[
  {
    "Plan": {
      "Node Type": "Aggregate",
      "Strategy": "Plain",
      "Partial Mode": "Finalize",
      "Parallel Aware": false,
      "Startup Cost": 462333.33,
      "Total Cost": 462333.34,
      "Plan Rows": 1,
      "Plan Width": 8,
      "Actual Startup Time": 4645.152,
      "Actual Total Time": 4704.627,
      "Actual Rows": 1,
      "Actual Loops": 1,
      "Plans": [
        {
          "Node Type": "Gather",
          "Parent Relationship": "Outer",
          "Parallel Aware": false,
          "Startup Cost": 462332.71,
          "Total Cost": 462333.32,
          "Plan Rows": 6,
          "Plan Width": 8,
          "Actual Startup Time": 4635.665,
          "Actual Total Time": 4704.616,
          "Actual Rows": 7,
          "Actual Loops": 1,
          "Workers Planned": 6,
          "Workers Launched": 6,
          "Single Copy": false,
          "Plans": [
            {
              "Node Type": "Aggregate",
              "Strategy": "Plain",
              "Partial Mode": "Partial",
              "Parent Relationship": "Outer",
              "Parallel Aware": false,
              "Startup Cost": 461332.71,
              "Total Cost": 461332.72,
              "Plan Rows": 1,
              "Plan Width": 8,
              "Actual Startup Time": 4620.858,
              "Actual Total Time": 4621.281,
              "Actual Rows": 1,
              "Actual Loops": 7,
              "Plans": [
                {
                  "Node Type": "Hash Join",
                  "Parent Relationship": "Outer",
                  "Parallel Aware": true,
                  "Join Type": "Inner",
                  "Startup Cost": 95221.62,
                  "Total Cost": 454411.41,
                  "Plan Rows": 2768520,
                  "Plan Width": 0,
                  "Actual Startup Time": 423.425,
                  "Actual Total Time": 3759.075,
                  "Actual Rows": 20025460,
                  "Actual Loops": 7,
                  "Inner Unique": false,
                  "Hash Cond": "(ci.movie_id = t.id)",
                  "Plans": [
                    {
                      "Node Type": "Seq Scan",
                      "Parent Relationship": "Outer",
                      "Parallel Aware": true,
                      "Relation Name": "cast_info",
                      "Alias": "ci",
                      "Startup Cost": 0.0,
                      "Total Cost": 328162.03,
                      "Plan Rows": 5892546,
                      "Plan Width": 4,
                      "Actual Startup Time": 0.021,
                      "Actual Total Time": 658.639,
                      "Actual Rows": 5057816,
                      "Actual Loops": 7,
                      "Filter": "(person_id < 3900397)",
                      "Rows Removed by Filter": 119947
                    },
                    {
                      "Node Type": "Hash",
                      "Parent Relationship": "Inner",
                      "Parallel Aware": true,
                      "Startup Cost": 90431.78,
                      "Total Cost": 90431.78,
                      "Plan Rows": 383187,
                      "Plan Width": 8,
                      "Actual Startup Time": 418.554,
                      "Actual Total Time": 418.976,
                      "Actual Rows": 338864,
                      "Actual Loops": 7,
                      "Hash Buckets": 4194304,
                      "Original Hash Buckets": 2097152,
                      "Hash Batches": 1,
                      "Original Hash Batches": 1,
                      "Peak Memory Usage": 142048,
                      "Plans": [
                        {
                          "Node Type": "Hash Join",
                          "Parent Relationship": "Outer",
                          "Parallel Aware": true,
                          "Join Type": "Inner",
                          "Startup Cost": 47553.7,
                          "Total Cost": 90431.78,
                          "Plan Rows": 383187,
                          "Plan Width": 8,
                          "Actual Startup Time": 116.514,
                          "Actual Total Time": 269.054,
                          "Actual Rows": 338864,
                          "Actual Loops": 7,
                          "Inner Unique": true,
                          "Hash Cond": "(mk.movie_id = t.id)",
                          "Plans": [
                            {
                              "Node Type": "Seq Scan",
                              "Parent Relationship": "Outer",
                              "Parallel Aware": true,
                              "Relation Name": "movie_keyword",
                              "Alias": "mk",
                              "Startup Cost": 0.0,
                              "Total Cost": 39047.32,
                              "Plan Rows": 1459332,
                              "Plan Width": 4,
                              "Actual Startup Time": 0.022,
                              "Actual Total Time": 59.265,
                              "Actual Rows": 646276,
                              "Actual Loops": 7
                            },
                            {
                              "Node Type": "Hash",
                              "Parent Relationship": "Inner",
                              "Parallel Aware": true,
                              "Startup Cost": 45479.1,
                              "Total Cost": 45479.1,
                              "Plan Rows": 165968,
                              "Plan Width": 4,
                              "Actual Startup Time": 115.314,
                              "Actual Total Time": 115.315,
                              "Actual Rows": 79241,
                              "Actual Loops": 7,
                              "Hash Buckets": 1048576,
                              "Original Hash Buckets": 1048576,
                              "Hash Batches": 1,
                              "Original Hash Batches": 1,
                              "Peak Memory Usage": 29984,
                              "Plans": [
                                {
                                  "Node Type": "Seq Scan",
                                  "Parent Relationship": "Outer",
                                  "Parallel Aware": true,
                                  "Relation Name": "title",
                                  "Alias": "t",
                                  "Startup Cost": 0.0,
                                  "Total Cost": 45479.1,
                                  "Plan Rows": 165968,
                                  "Plan Width": 4,
                                  "Actual Startup Time": 0.044,
                                  "Actual Total Time": 75.988,
                                  "Actual Rows": 79241,
                                  "Actual Loops": 7,
                                  "Filter": "((kind_id < 3) AND (production_year > 1959))",
                                  "Rows Removed by Filter": 281947
                                }
                              ]
                            }
                          ]
                        }
                      ]
                    }
                  ]
                }
              ]
            }
          ]
        }
      ]
    },
    "Planning Time": 1.298,
    "Triggers": [],
    "Execution Time": 4704.721
  }
]