[
  {
    "Plan": {
      "Node Type": "Aggregate",
      "Strategy": "Plain",
      "Partial Mode": "Finalize",
      "Parallel Aware": false,
      "Startup Cost": 44572.94,
      "Total Cost": 44572.95,
      "Plan Rows": 1,
      "Plan Width": 8,
      "Actual Startup Time": 111.985,
      "Actual Total Time": 120.864,
      "Actual Rows": 1,
      "Actual Loops": 1,
      "Plans": [
        {
          "Node Type": "Gather",
          "Parent Relationship": "Outer",
          "Parallel Aware": false,
          "Startup Cost": 44572.62,
          "Total Cost": 44572.93,
          "Plan Rows": 3,
          "Plan Width": 8,
          "Actual Startup Time": 111.863,
          "Actual Total Time": 120.854,
          "Actual Rows": 4,
          "Actual Loops": 1,
          "Workers Planned": 3,
          "Workers Launched": 3,
          "Single Copy": false,
          "Plans": [
            {
              "Node Type": "Aggregate",
              "Strategy": "Plain",
              "Partial Mode": "Partial",
              "Parent Relationship": "Outer",
              "Parallel Aware": false,
              "Startup Cost": 43572.62,
              "Total Cost": 43572.63,
              "Plan Rows": 1,
              "Plan Width": 8,
              "Actual Startup Time": 108.145,
              "Actual Total Time": 108.146,
              "Actual Rows": 1,
              "Actual Loops": 4,
              "Plans": [
                {
                  "Node Type": "Seq Scan",
                  "Parent Relationship": "Outer",
                  "Parallel Aware": true,
                  "Relation Name": "movie_keyword",
                  "Alias": "mk",
                  "Startup Cost": 0.0,
                  "Total Cost": 42695.65,
                  "Plan Rows": 350788,
                  "Plan Width": 0,
                  "Actual Startup Time": 2.329,
                  "Actual Total Time": 95.895,
                  "Actual Rows": 271693,
                  "Actual Loops": 4,
                  "Filter": "(keyword_id > 16270)",
                  "Rows Removed by Filter": 859290
                }
              ]
            }
          ]
        }
      ]
    },
    "Planning Time": 0.19,
    "Triggers": [],
    "Execution Time": 120.921
  }
]