[
  {
    "Plan": {
      "Node Type": "Aggregate",
      "Strategy": "Plain",
      "Partial Mode": "Finalize",
      "Parallel Aware": false,
      "Startup Cost": 164586.39,
      "Total Cost": 164586.4,
      "Plan Rows": 1,
      "Plan Width": 8,
      "Actual Startup Time": 1297.331,
      "Actual Total Time": 1360.213,
      "Actual Rows": 1,
      "Actual Loops": 1,
      "Plans": [
        {
          "Node Type": "Gather",
          "Parent Relationship": "Outer",
          "Parallel Aware": false,
          "Startup Cost": 164585.97,
          "Total Cost": 164586.38,
          "Plan Rows": 4,
          "Plan Width": 8,
          "Actual Startup Time": 1292.765,
          "Actual Total Time": 1360.203,
          "Actual Rows": 5,
          "Actual Loops": 1,
          "Workers Planned": 4,
          "Workers Launched": 4,
          "Single Copy": false,
          "Plans": [
            {
              "Node Type": "Aggregate",
              "Strategy": "Plain",
              "Partial Mode": "Partial",
              "Parent Relationship": "Outer",
              "Parallel Aware": false,
              "Startup Cost": 163585.97,
              "Total Cost": 163585.98,
              "Plan Rows": 1,
              "Plan Width": 8,
              "Actual Startup Time": 1282.85,
              "Actual Total Time": 1282.969,
              "Actual Rows": 1,
              "Actual Loops": 5,
              "Plans": [
                {
                  "Node Type": "Nested Loop",
                  "Parent Relationship": "Outer",
                  "Parallel Aware": false,
                  "Join Type": "Inner",
                  "Startup Cost": 33063.49,
                  "Total Cost": 163502.93,
                  "Plan Rows": 33217,
                  "Plan Width": 0,
                  "Actual Startup Time": 129.352,
                  "Actual Total Time": 1233.055,
                  "Actual Rows": 1094836,
                  "Actual Loops": 5,
                  "Inner Unique": false,
                  "Plans": [
                    {
                      "Node Type": "Hash Join",
                      "Parent Relationship": "Outer",
                      "Parallel Aware": true,
                      "Join Type": "Inner",
                      "Startup Cost": 33063.06,
                      "Total Cost": 79780.5,
                      "Plan Rows": 36260,
                      "Plan Width": 8,
                      "Actual Startup Time": 129.099,
                      "Actual Total Time": 274.12,
                      "Actual Rows": 52114,
                      "Actual Loops": 5,
                      "Inner Unique": false,
                      "Hash Cond": "(t.id = mc.movie_id)",
                      "Plans": [
                        {
                          "Node Type": "Seq Scan",
                          "Parent Relationship": "Outer",
                          "Parallel Aware": true,
                          "Relation Name": "title",
                          "Alias": "t",
                          "Startup Cost": 0.0,
                          "Total Cost": 45479.1,
                          "Plan Rows": 224276,
                          "Plan Width": 4,
                          "Actual Startup Time": 0.019,
                          "Actual Total Time": 72.748,
                          "Actual Rows": 162020,
                          "Actual Loops": 5,
                          "Filter": "((kind_id < 7) AND (production_year > 1951))",
                          "Rows Removed by Filter": 343643
                        },
                        {
                          "Node Type": "Hash",
                          "Parent Relationship": "Inner",
                          "Parallel Aware": true,
                          "Startup Cost": 31414.82,
                          "Total Cost": 31414.82,
                          "Plan Rows": 131859,
                          "Plan Width": 4,
                          "Actual Startup Time": 126.398,
                          "Actual Total Time": 126.399,
                          "Actual Rows": 117124,
                          "Actual Loops": 5,
                          "Hash Buckets": 1048576,
                          "Original Hash Buckets": 524288,
                          "Hash Batches": 1,
                          "Original Hash Batches": 1,
                          "Peak Memory Usage": 35264,
                          "Plans": [
                            {
                              "Node Type": "Seq Scan",
                              "Parent Relationship": "Outer",
                              "Parallel Aware": true,
                              "Relation Name": "movie_companies",
                              "Alias": "mc",
                              "Startup Cost": 0.0,
                              "Total Cost": 31414.82,
                              "Plan Rows": 131859,
                              "Plan Width": 4,
                              "Actual Startup Time": 0.043,
                              "Actual Total Time": 67.239,
                              "Actual Rows": 117124,
                              "Actual Loops": 5,
                              "Filter": "((company_id < 2023) AND (company_type_id < 2))",
                              "Rows Removed by Filter": 404702
                            }
                          ]
                        }
                      ]
                    },
                    {
                      "Node Type": "Index Scan",
                      "Parent Relationship": "Inner",
                      "Parallel Aware": false,
                      "Scan Direction": "Forward",
                      "Index Name": "movie_id_movie_info",
                      "Relation Name": "movie_info",
                      "Alias": "mi",
                      "Startup Cost": 0.43,
                      "Total Cost": 2.24,
                      "Plan Rows": 7,
                      "Plan Width": 4,
                      "Actual Startup Time": 0.007,
                      "Actual Total Time": 0.017,
                      "Actual Rows": 21,
                      "Actual Loops": 260569,
                      "Index Cond": "(movie_id = t.id)",
                      "Rows Removed by Index Recheck": 0,
                      "Filter": "(info_type_id > 16)",
                      "Rows Removed by Filter": 34
                    }
                  ]
                }
              ]
            }
          ]
        }
      ]
    },
    "Planning Time": 1.605,
    "Triggers": [],
    "Execution Time": 1360.321
  }
]