{
  "Plan": {
    "Node Type": "Aggregate",
    "Strategy": "Plain",
    "Partial Mode": "Simple",
    "Parallel Aware": false,
    "Startup Cost": 58471.62,
    "Total Cost": 58471.63,
    "Plan Rows": 1,
    "Plan Width": 96,
    "Actual Startup Time": 89.263,
    "Actual Total Time": 89.27,
    "Actual Rows": 1,
    "Actual Loops": 1,
    "Plans": [
      {
        "Node Type": "Nested Loop",
        "Parent Relationship": "Outer",
        "Parallel Aware": false,
        "Join Type": "Inner",
        "Startup Cost": 13485.98,
        "Total Cost": 58471.61,
        "Plan Rows": 1,
        "Plan Width": 42,
        "Actual Startup Time": 80.115,
        "Actual Total Time": 89.256,
        "Actual Rows": 4,
        "Actual Loops": 1,
        "Inner Unique": true,
        "Plans": [
          {
            "Node Type": "Nested Loop",
            "Parent Relationship": "Outer",
            "Parallel Aware": false,
            "Join Type": "Inner",
            "Startup Cost": 13485.84,
            "Total Cost": 58470.62,
            "Plan Rows": 6,
            "Plan Width": 46,
            "Actual Startup Time": 67.888,
            "Actual Total Time": 89.222,
            "Actual Rows": 25,
            "Actual Loops": 1,
            "Inner Unique": false,
            "Join Filter": "(miidx.movie_id = mi.movie_id)",
            "Rows Removed by Join Filter": 0,
            "Plans": [
              {
                "Node Type": "Hash Join",
                "Parent Relationship": "Outer",
                "Parallel Aware": false,
                "Join Type": "Inner",
                "Startup Cost": 13485.41,
                "Total Cost": 58468.68,
                "Plan Rows": 1,
                "Plan Width": 54,
                "Actual Startup Time": 67.87,
                "Actual Total Time": 89.139,
                "Actual Rows": 2,
                "Actual Loops": 1,
                "Inner Unique": true,
                "Hash Cond": "(mc.company_id = cn.id)",
                "Plans": [
                  {
                    "Node Type": "Nested Loop",
                    "Parent Relationship": "Outer",
                    "Parallel Aware": false,
                    "Join Type": "Inner",
                    "Startup Cost": 7513.68,
                    "Total Cost": 52496.95,
                    "Plan Rows": 1,
                    "Plan Width": 39,
                    "Actual Startup Time": 6.515,
                    "Actual Total Time": 53.206,
                    "Actual Rows": 63,
                    "Actual Loops": 1,
                    "Inner Unique": true,
                    "Plans": [
                      {
                        "Node Type": "Nested Loop",
                        "Parent Relationship": "Outer",
                        "Parallel Aware": false,
                        "Join Type": "Inner",
                        "Startup Cost": 7513.55,
                        "Total Cost": 52496.78,
                        "Plan Rows": 1,
                        "Plan Width": 43,
                        "Actual Startup Time": 6.505,
                        "Actual Total Time": 53.055,
                        "Actual Rows": 109,
                        "Actual Loops": 1,
                        "Inner Unique": false,
                        "Plans": [
                          {
                            "Node Type": "Nested Loop",
                            "Parent Relationship": "Outer",
                            "Parallel Aware": false,
                            "Join Type": "Inner",
                            "Startup Cost": 7513.12,
                            "Total Cost": 52496.13,
                            "Plan Rows": 1,
                            "Plan Width": 31,
                            "Actual Startup Time": 6.489,
                            "Actual Total Time": 52.624,
                            "Actual Rows": 54,
                            "Actual Loops": 1,
                            "Inner Unique": false,
                            "Join Filter": "(miidx.info_type_id = it.id)",
                            "Rows Removed by Join Filter": 108,
                            "Plans": [
                              {
                                "Node Type": "Seq Scan",
                                "Parent Relationship": "Outer",
                                "Parallel Aware": false,
                                "Relation Name": "info_type",
                                "Alias": "it",
                                "Startup Cost": 0.0,
                                "Total Cost": 2.41,
                                "Plan Rows": 1,
                                "Plan Width": 4,
                                "Actual Startup Time": 0.018,
                                "Actual Total Time": 0.02,
                                "Actual Rows": 1,
                                "Actual Loops": 1,
                                "Filter": "((info)::text = 'rating'::text)",
                                "Rows Removed by Filter": 112
                              },
                              {
                                "Node Type": "Nested Loop",
                                "Parent Relationship": "Inner",
                                "Parallel Aware": false,
                                "Join Type": "Inner",
                                "Startup Cost": 7513.12,
                                "Total Cost": 52493.26,
                                "Plan Rows": 37,
                                "Plan Width": 35,
                                "Actual Startup Time": 6.466,
                                "Actual Total Time": 52.581,
                                "Actual Rows": 162,
                                "Actual Loops": 1,
                                "Inner Unique": false,
                                "Plans": [
                                  {
                                    "Node Type": "Nested Loop",
                                    "Parent Relationship": "Outer",
                                    "Parallel Aware": false,
                                    "Join Type": "Inner",
                                    "Startup Cost": 7512.69,
                                    "Total Cost": 51939.88,
                                    "Plan Rows": 67,
                                    "Plan Width": 21,
                                    "Actual Startup Time": 5.479,
                                    "Actual Total Time": 51.598,
                                    "Actual Rows": 318,
                                    "Actual Loops": 1,
                                    "Inner Unique": false,
                                    "Plans": [
                                      {
                                        "Node Type": "Seq Scan",
                                        "Parent Relationship": "Outer",
                                        "Parallel Aware": false,
                                        "Relation Name": "kind_type",
                                        "Alias": "kt",
                                        "Startup Cost": 0.0,
                                        "Total Cost": 1.09,
                                        "Plan Rows": 1,
                                        "Plan Width": 4,
                                        "Actual Startup Time": 0.006,
                                        "Actual Total Time": 0.009,
                                        "Actual Rows": 1,
                                        "Actual Loops": 1,
                                        "Filter": "((kind)::text = 'tv movie'::text)",
                                        "Rows Removed by Filter": 6
                                      },
                                      {
                                        "Node Type": "Bitmap Heap Scan",
                                        "Parent Relationship": "Inner",
                                        "Parallel Aware": false,
                                        "Relation Name": "title",
                                        "Alias": "t",
                                        "Startup Cost": 7512.69,
                                        "Total Cost": 51938.01,
                                        "Plan Rows": 78,
                                        "Plan Width": 25,
                                        "Actual Startup Time": 5.466,
                                        "Actual Total Time": 51.55,
                                        "Actual Rows": 318,
                                        "Actual Loops": 1,
                                        "Recheck Cond": "(kind_id = kt.id)",
                                        "Rows Removed by Index Recheck": 0,
                                        "Filter": "((title <> ''::text) AND ((title ~~ '%Champion%'::text) OR (title ~~ '%Loser%'::text)))",
                                        "Rows Removed by Filter": 100219,
                                        "Exact Heap Blocks": 12707,
                                        "Lossy Heap Blocks": 0,
                                        "Plans": [
                                          {
                                            "Node Type": "Bitmap Index Scan",
                                            "Parent Relationship": "Outer",
                                            "Parallel Aware": false,
                                            "Index Name": "kind_id_title",
                                            "Startup Cost": 0.0,
                                            "Total Cost": 7512.68,
                                            "Plan Rows": 421366,
                                            "Plan Width": 0,
                                            "Actual Startup Time": 4.017,
                                            "Actual Total Time": 4.018,
                                            "Actual Rows": 100537,
                                            "Actual Loops": 1,
                                            "Index Cond": "(kind_id = kt.id)"
                                          }
                                        ]
                                      }
                                    ]
                                  },
                                  {
                                    "Node Type": "Index Scan",
                                    "Parent Relationship": "Inner",
                                    "Parallel Aware": false,
                                    "Scan Direction": "Forward",
                                    "Index Name": "movie_id_movie_info_idx",
                                    "Relation Name": "movie_info_idx",
                                    "Alias": "miidx",
                                    "Startup Cost": 0.43,
                                    "Total Cost": 8.23,
                                    "Plan Rows": 3,
                                    "Plan Width": 14,
                                    "Actual Startup Time": 0.003,
                                    "Actual Total Time": 0.003,
                                    "Actual Rows": 1,
                                    "Actual Loops": 318,
                                    "Index Cond": "(movie_id = t.id)",
                                    "Rows Removed by Index Recheck": 0
                                  }
                                ]
                              }
                            ]
                          },
                          {
                            "Node Type": "Index Scan",
                            "Parent Relationship": "Inner",
                            "Parallel Aware": false,
                            "Scan Direction": "Forward",
                            "Index Name": "movie_id_movie_companies",
                            "Relation Name": "movie_companies",
                            "Alias": "mc",
                            "Startup Cost": 0.43,
                            "Total Cost": 0.6,
                            "Plan Rows": 5,
                            "Plan Width": 12,
                            "Actual Startup Time": 0.006,
                            "Actual Total Time": 0.007,
                            "Actual Rows": 2,
                            "Actual Loops": 54,
                            "Index Cond": "(movie_id = miidx.movie_id)",
                            "Rows Removed by Index Recheck": 0
                          }
                        ]
                      },
                      {
                        "Node Type": "Index Scan",
                        "Parent Relationship": "Inner",
                        "Parallel Aware": false,
                        "Scan Direction": "Forward",
                        "Index Name": "company_type_pkey",
                        "Relation Name": "company_type",
                        "Alias": "ct",
                        "Startup Cost": 0.13,
                        "Total Cost": 0.15,
                        "Plan Rows": 1,
                        "Plan Width": 4,
                        "Actual Startup Time": 0.001,
                        "Actual Total Time": 0.001,
                        "Actual Rows": 1,
                        "Actual Loops": 109,
                        "Index Cond": "(id = mc.company_type_id)",
                        "Rows Removed by Index Recheck": 0,
                        "Filter": "((kind)::text = 'distributors'::text)",
                        "Rows Removed by Filter": 0
                      }
                    ]
                  },
                  {
                    "Node Type": "Hash",
                    "Parent Relationship": "Inner",
                    "Parallel Aware": false,
                    "Startup Cost": 5932.46,
                    "Total Cost": 5932.46,
                    "Plan Rows": 3141,
                    "Plan Width": 23,
                    "Actual Startup Time": 35.885,
                    "Actual Total Time": 35.885,
                    "Actual Rows": 3235,
                    "Actual Loops": 1,
                    "Hash Buckets": 4096,
                    "Original Hash Buckets": 4096,
                    "Hash Batches": 1,
                    "Original Hash Batches": 1,
                    "Peak Memory Usage": 215,
                    "Plans": [
                      {
                        "Node Type": "Seq Scan",
                        "Parent Relationship": "Outer",
                        "Parallel Aware": false,
                        "Relation Name": "company_name",
                        "Alias": "cn",
                        "Startup Cost": 0.0,
                        "Total Cost": 5932.46,
                        "Plan Rows": 3141,
                        "Plan Width": 23,
                        "Actual Startup Time": 0.028,
                        "Actual Total Time": 34.725,
                        "Actual Rows": 3235,
                        "Actual Loops": 1,
                        "Filter": "((country_code)::text = '[br]'::text)",
                        "Rows Removed by Filter": 231762
                      }
                    ]
                  }
                ]
              },
              {
                "Node Type": "Index Scan",
                "Parent Relationship": "Inner",
                "Parallel Aware": false,
                "Scan Direction": "Forward",
                "Index Name": "movie_id_movie_info",
                "Relation Name": "movie_info",
                "Alias": "mi",
                "Startup Cost": 0.43,
                "Total Cost": 1.45,
                "Plan Rows": 39,
                "Plan Width": 8,
                "Actual Startup Time": 0.016,
                "Actual Total Time": 0.037,
                "Actual Rows": 12,
                "Actual Loops": 2,
                "Index Cond": "(movie_id = mc.movie_id)",
                "Rows Removed by Index Recheck": 0
              }
            ]
          },
          {
            "Node Type": "Index Scan",
            "Parent Relationship": "Inner",
            "Parallel Aware": false,
            "Scan Direction": "Forward",
            "Index Name": "info_type_pkey",
            "Relation Name": "info_type",
            "Alias": "it2",
            "Startup Cost": 0.14,
            "Total Cost": 0.16,
            "Plan Rows": 1,
            "Plan Width": 4,
            "Actual Startup Time": 0.001,
            "Actual Total Time": 0.001,
            "Actual Rows": 0,
            "Actual Loops": 25,
            "Index Cond": "(id = mi.info_type_id)",
            "Rows Removed by Index Recheck": 0,
            "Filter": "((info)::text = 'release dates'::text)",
            "Rows Removed by Filter": 1
          }
        ]
      }
    ]
  },
  "Planning Time": 2.033,
  "Triggers": [],
  "Execution Time": 89.422
}