[
  {
    "Plan": {
      "Node Type": "Aggregate",
      "Strategy": "Plain",
      "Partial Mode": "Finalize",
      "Parallel Aware": false,
      "Startup Cost": 357641.45,
      "Total Cost": 357641.46,
      "Plan Rows": 1,
      "Plan Width": 8,
      "Actual Startup Time": 634.303,
      "Actual Total Time": 657.405,
      "Actual Rows": 1,
      "Actual Loops": 1,
      "Plans": [
        {
          "Node Type": "Gather",
          "Parent Relationship": "Outer",
          "Parallel Aware": false,
          "Startup Cost": 357640.83,
          "Total Cost": 357641.44,
          "Plan Rows": 6,
          "Plan Width": 8,
          "Actual Startup Time": 612.824,
          "Actual Total Time": 657.391,
          "Actual Rows": 7,
          "Actual Loops": 1,
          "Workers Planned": 6,
          "Workers Launched": 6,
          "Single Copy": false,
          "Plans": [
            {
              "Node Type": "Aggregate",
              "Strategy": "Plain",
              "Partial Mode": "Partial",
              "Parent Relationship": "Outer",
              "Parallel Aware": false,
              "Startup Cost": 356640.83,
              "Total Cost": 356640.84,
              "Plan Rows": 1,
              "Plan Width": 8,
              "Actual Startup Time": 599.519,
              "Actual Total Time": 599.524,
              "Actual Rows": 1,
              "Actual Loops": 7,
              "Plans": [
                {
                  "Node Type": "Hash Join",
                  "Parent Relationship": "Outer",
                  "Parallel Aware": true,
                  "Join Type": "Inner",
                  "Startup Cost": 97644.04,
                  "Total Cost": 355745.82,
                  "Plan Rows": 358002,
                  "Plan Width": 0,
                  "Actual Startup Time": 341.621,
                  "Actual Total Time": 582.79,
                  "Actual Rows": 316087,
                  "Actual Loops": 7,
                  "Inner Unique": true,
                  "Hash Cond": "(ci.movie_id = t.id)",
                  "Plans": [
                    {
                      "Node Type": "Bitmap Heap Scan",
                      "Parent Relationship": "Outer",
                      "Parallel Aware": true,
                      "Relation Name": "cast_info",
                      "Alias": "ci",
                      "Startup Cost": 47423.66,
                      "Total Cost": 304585.68,
                      "Plan Rows": 358002,
                      "Plan Width": 4,
                      "Actual Startup Time": 86.607,
                      "Actual Total Time": 153.978,
                      "Actual Rows": 316087,
                      "Actual Loops": 7,
                      "Recheck Cond": "(person_id < 215756)",
                      "Rows Removed by Index Recheck": 0,
                      "Exact Heap Blocks": 4394,
                      "Lossy Heap Blocks": 0,
                      "Plans": [
                        {
                          "Node Type": "Bitmap Index Scan",
                          "Parent Relationship": "Outer",
                          "Parallel Aware": false,
                          "Index Name": "person_id_cast_info",
                          "Startup Cost": 0.0,
                          "Total Cost": 46886.65,
                          "Plan Rows": 2148012,
                          "Plan Width": 0,
                          "Actual Startup Time": 82.611,
                          "Actual Total Time": 82.612,
                          "Actual Rows": 2212606,
                          "Actual Loops": 1,
                          "Index Cond": "(person_id < 215756)"
                        }
                      ]
                    },
                    {
                      "Node Type": "Hash",
                      "Parent Relationship": "Inner",
                      "Parallel Aware": true,
                      "Startup Cost": 42319.06,
                      "Total Cost": 42319.06,
                      "Plan Rows": 632106,
                      "Plan Width": 4,
                      "Actual Startup Time": 250.526,
                      "Actual Total Time": 250.527,
                      "Actual Rows": 361187,
                      "Actual Loops": 7,
                      "Hash Buckets": 4194304,
                      "Original Hash Buckets": 4194304,
                      "Hash Batches": 1,
                      "Original Hash Batches": 1,
                      "Peak Memory Usage": 131776,
                      "Plans": [
                        {
                          "Node Type": "Seq Scan",
                          "Parent Relationship": "Outer",
                          "Parallel Aware": true,
                          "Relation Name": "title",
                          "Alias": "t",
                          "Startup Cost": 0.0,
                          "Total Cost": 42319.06,
                          "Plan Rows": 632106,
                          "Plan Width": 4,
                          "Actual Startup Time": 0.034,
                          "Actual Total Time": 75.574,
                          "Actual Rows": 361187,
                          "Actual Loops": 7
                        }
                      ]
                    }
                  ]
                }
              ]
            }
          ]
        }
      ]
    },
    "Planning Time": 0.452,
    "Triggers": [],
    "Execution Time": 657.45
  }
]