[
  {
    "Plan": {
      "Node Type": "Aggregate",
      "Strategy": "Plain",
      "Partial Mode": "Finalize",
      "Parallel Aware": false,
      "Startup Cost": 205823.92,
      "Total Cost": 205823.93,
      "Plan Rows": 1,
      "Plan Width": 8,
      "Actual Startup Time": 2212.601,
      "Actual Total Time": 2256.19,
      "Actual Rows": 1,
      "Actual Loops": 1,
      "Plans": [
        {
          "Node Type": "Gather",
          "Parent Relationship": "Outer",
          "Parallel Aware": false,
          "Startup Cost": 205823.6,
          "Total Cost": 205823.91,
          "Plan Rows": 3,
          "Plan Width": 8,
          "Actual Startup Time": 2210.32,
          "Actual Total Time": 2256.18,
          "Actual Rows": 4,
          "Actual Loops": 1,
          "Workers Planned": 3,
          "Workers Launched": 3,
          "Single Copy": false,
          "Plans": [
            {
              "Node Type": "Aggregate",
              "Strategy": "Plain",
              "Partial Mode": "Partial",
              "Parent Relationship": "Outer",
              "Parallel Aware": false,
              "Startup Cost": 204823.6,
              "Total Cost": 204823.61,
              "Plan Rows": 1,
              "Plan Width": 8,
              "Actual Startup Time": 2205.323,
              "Actual Total Time": 2205.328,
              "Actual Rows": 1,
              "Actual Loops": 4,
              "Plans": [
                {
                  "Node Type": "Nested Loop",
                  "Parent Relationship": "Outer",
                  "Parallel Aware": false,
                  "Join Type": "Inner",
                  "Startup Cost": 58045.38,
                  "Total Cost": 204217.19,
                  "Plan Rows": 242565,
                  "Plan Width": 0,
                  "Actual Startup Time": 178.193,
                  "Actual Total Time": 1970.493,
                  "Actual Rows": 5474690,
                  "Actual Loops": 4,
                  "Inner Unique": false,
                  "Plans": [
                    {
                      "Node Type": "Hash Join",
                      "Parent Relationship": "Outer",
                      "Parallel Aware": true,
                      "Join Type": "Inner",
                      "Startup Cost": 58044.95,
                      "Total Cost": 84920.1,
                      "Plan Rows": 41311,
                      "Plan Width": 8,
                      "Actual Startup Time": 178.048,
                      "Actual Total Time": 254.577,
                      "Actual Rows": 86694,
                      "Actual Loops": 4,
                      "Inner Unique": true,
                      "Hash Cond": "(mk.movie_id = t.id)",
                      "Plans": [
                        {
                          "Node Type": "Bitmap Heap Scan",
                          "Parent Relationship": "Outer",
                          "Parallel Aware": true,
                          "Relation Name": "movie_keyword",
                          "Alias": "mk",
                          "Startup Cost": 10526.26,
                          "Total Cost": 36981.21,
                          "Plan Rows": 160076,
                          "Plan Width": 4,
                          "Actual Startup Time": 28.041,
                          "Actual Total Time": 65.803,
                          "Actual Rows": 123878,
                          "Actual Loops": 4,
                          "Recheck Cond": "(keyword_id > 36404)",
                          "Rows Removed by Index Recheck": 0,
                          "Exact Heap Blocks": 6723,
                          "Lossy Heap Blocks": 0,
                          "Plans": [
                            {
                              "Node Type": "Bitmap Index Scan",
                              "Parent Relationship": "Outer",
                              "Parallel Aware": false,
                              "Index Name": "keyword_id_movie_keyword",
                              "Startup Cost": 0.0,
                              "Total Cost": 10402.2,
                              "Plan Rows": 496236,
                              "Plan Width": 0,
                              "Actual Startup Time": 24.656,
                              "Actual Total Time": 24.657,
                              "Actual Rows": 495512,
                              "Actual Loops": 1,
                              "Index Cond": "(keyword_id > 36404)"
                            }
                          ]
                        },
                        {
                          "Node Type": "Hash",
                          "Parent Relationship": "Inner",
                          "Parallel Aware": true,
                          "Startup Cost": 45479.59,
                          "Total Cost": 45479.59,
                          "Plan Rows": 163128,
                          "Plan Width": 4,
                          "Actual Startup Time": 146.819,
                          "Actual Total Time": 146.822,
                          "Actual Rows": 177795,
                          "Actual Loops": 4,
                          "Hash Buckets": 1048576,
                          "Original Hash Buckets": 1048576,
                          "Hash Batches": 1,
                          "Original Hash Batches": 1,
                          "Peak Memory Usage": 36064,
                          "Plans": [
                            {
                              "Node Type": "Seq Scan",
                              "Parent Relationship": "Outer",
                              "Parallel Aware": true,
                              "Relation Name": "title",
                              "Alias": "t",
                              "Startup Cost": 0.0,
                              "Total Cost": 45479.59,
                              "Plan Rows": 163128,
                              "Plan Width": 4,
                              "Actual Startup Time": 0.027,
                              "Actual Total Time": 91.558,
                              "Actual Rows": 177795,
                              "Actual Loops": 4,
                              "Filter": "((kind_id < 7) AND (production_year < 2008))",
                              "Rows Removed by Filter": 454283
                            }
                          ]
                        }
                      ]
                    },
                    {
                      "Node Type": "Index Only Scan",
                      "Parent Relationship": "Inner",
                      "Parallel Aware": false,
                      "Scan Direction": "Forward",
                      "Index Name": "movie_id_movie_info",
                      "Relation Name": "movie_info",
                      "Alias": "mi",
                      "Startup Cost": 0.43,
                      "Total Cost": 2.48,
                      "Plan Rows": 41,
                      "Plan Width": 4,
                      "Actual Startup Time": 0.003,
                      "Actual Total Time": 0.015,
                      "Actual Rows": 63,
                      "Actual Loops": 346777,
                      "Index Cond": "(movie_id = t.id)",
                      "Rows Removed by Index Recheck": 0,
                      "Heap Fetches": 21898762
                    }
                  ]
                }
              ]
            }
          ]
        }
      ]
    },
    "Planning Time": 0.644,
    "Triggers": [],
    "Execution Time": 2256.267
  }
]