[
  {
    "Plan": {
      "Node Type": "Aggregate",
      "Strategy": "Plain",
      "Partial Mode": "Finalize",
      "Parallel Aware": false,
      "Startup Cost": 210361.07,
      "Total Cost": 210361.08,
      "Plan Rows": 1,
      "Plan Width": 8,
      "Actual Startup Time": 3044.04,
      "Actual Total Time": 3103.648,
      "Actual Rows": 1,
      "Actual Loops": 1,
      "Plans": [
        {
          "Node Type": "Gather",
          "Parent Relationship": "Outer",
          "Parallel Aware": false,
          "Startup Cost": 210360.75,
          "Total Cost": 210361.06,
          "Plan Rows": 3,
          "Plan Width": 8,
          "Actual Startup Time": 3040.547,
          "Actual Total Time": 3103.637,
          "Actual Rows": 4,
          "Actual Loops": 1,
          "Workers Planned": 3,
          "Workers Launched": 3,
          "Single Copy": false,
          "Plans": [
            {
              "Node Type": "Aggregate",
              "Strategy": "Plain",
              "Partial Mode": "Partial",
              "Parent Relationship": "Outer",
              "Parallel Aware": false,
              "Startup Cost": 209360.75,
              "Total Cost": 209360.76,
              "Plan Rows": 1,
              "Plan Width": 8,
              "Actual Startup Time": 3031.554,
              "Actual Total Time": 3031.558,
              "Actual Rows": 1,
              "Actual Loops": 4,
              "Plans": [
                {
                  "Node Type": "Nested Loop",
                  "Parent Relationship": "Outer",
                  "Parallel Aware": false,
                  "Join Type": "Inner",
                  "Startup Cost": 58302.5,
                  "Total Cost": 208740.48,
                  "Plan Rows": 248108,
                  "Plan Width": 0,
                  "Actual Startup Time": 255.482,
                  "Actual Total Time": 2730.246,
                  "Actual Rows": 5474690,
                  "Actual Loops": 4,
                  "Inner Unique": false,
                  "Plans": [
                    {
                      "Node Type": "Hash Join",
                      "Parent Relationship": "Outer",
                      "Parallel Aware": true,
                      "Join Type": "Inner",
                      "Startup Cost": 58302.06,
                      "Total Cost": 85234.26,
                      "Plan Rows": 42431,
                      "Plan Width": 8,
                      "Actual Startup Time": 255.308,
                      "Actual Total Time": 359.15,
                      "Actual Rows": 86694,
                      "Actual Loops": 4,
                      "Inner Unique": true,
                      "Hash Cond": "(mk.movie_id = t.id)",
                      "Plans": [
                        {
                          "Node Type": "Bitmap Heap Scan",
                          "Parent Relationship": "Outer",
                          "Parallel Aware": true,
                          "Relation Name": "movie_keyword",
                          "Alias": "mk",
                          "Startup Cost": 10776.87,
                          "Total Cost": 37278.97,
                          "Plan Rows": 163848,
                          "Plan Width": 4,
                          "Actual Startup Time": 51.504,
                          "Actual Total Time": 103.719,
                          "Actual Rows": 123878,
                          "Actual Loops": 4,
                          "Recheck Cond": "(keyword_id > 36404)",
                          "Rows Removed by Index Recheck": 0,
                          "Exact Heap Blocks": 8483,
                          "Lossy Heap Blocks": 0,
                          "Plans": [
                            {
                              "Node Type": "Bitmap Index Scan",
                              "Parent Relationship": "Outer",
                              "Parallel Aware": false,
                              "Index Name": "keyword_id_movie_keyword",
                              "Startup Cost": 0.0,
                              "Total Cost": 10649.89,
                              "Plan Rows": 507928,
                              "Plan Width": 0,
                              "Actual Startup Time": 45.927,
                              "Actual Total Time": 45.927,
                              "Actual Rows": 495512,
                              "Actual Loops": 1,
                              "Index Cond": "(keyword_id > 36404)"
                            }
                          ]
                        },
                        {
                          "Node Type": "Hash",
                          "Parent Relationship": "Inner",
                          "Parallel Aware": true,
                          "Startup Cost": 45479.1,
                          "Total Cost": 45479.1,
                          "Plan Rows": 163687,
                          "Plan Width": 4,
                          "Actual Startup Time": 198.807,
                          "Actual Total Time": 198.808,
                          "Actual Rows": 177795,
                          "Actual Loops": 4,
                          "Hash Buckets": 1048576,
                          "Original Hash Buckets": 1048576,
                          "Hash Batches": 1,
                          "Original Hash Batches": 1,
                          "Peak Memory Usage": 36064,
                          "Plans": [
                            {
                              "Node Type": "Seq Scan",
                              "Parent Relationship": "Outer",
                              "Parallel Aware": true,
                              "Relation Name": "title",
                              "Alias": "t",
                              "Startup Cost": 0.0,
                              "Total Cost": 45479.1,
                              "Plan Rows": 163687,
                              "Plan Width": 4,
                              "Actual Startup Time": 0.043,
                              "Actual Total Time": 122.403,
                              "Actual Rows": 177795,
                              "Actual Loops": 4,
                              "Filter": "((kind_id < 7) AND (production_year < 2008))",
                              "Rows Removed by Filter": 454283
                            }
                          ]
                        }
                      ]
                    },
                    {
                      "Node Type": "Index Only Scan",
                      "Parent Relationship": "Inner",
                      "Parallel Aware": false,
                      "Scan Direction": "Forward",
                      "Index Name": "movie_id_movie_info",
                      "Relation Name": "movie_info",
                      "Alias": "mi",
                      "Startup Cost": 0.43,
                      "Total Cost": 2.49,
                      "Plan Rows": 42,
                      "Plan Width": 4,
                      "Actual Startup Time": 0.005,
                      "Actual Total Time": 0.022,
                      "Actual Rows": 63,
                      "Actual Loops": 346777,
                      "Index Cond": "(movie_id = t.id)",
                      "Rows Removed by Index Recheck": 0,
                      "Heap Fetches": 21898762
                    }
                  ]
                }
              ]
            }
          ]
        }
      ]
    },
    "Planning Time": 1.399,
    "Triggers": [],
    "Execution Time": 3103.783
  }
]