[
  {
    "Plan": {
      "Node Type": "Aggregate",
      "Strategy": "Plain",
      "Partial Mode": "Finalize",
      "Parallel Aware": false,
      "Startup Cost": 109743.54,
      "Total Cost": 109743.55,
      "Plan Rows": 1,
      "Plan Width": 8,
      "Actual Startup Time": 399.665,
      "Actual Total Time": 418.986,
      "Actual Rows": 1,
      "Actual Loops": 1,
      "Plans": [
        {
          "Node Type": "Gather",
          "Parent Relationship": "Outer",
          "Parallel Aware": false,
          "Startup Cost": 109743.22,
          "Total Cost": 109743.53,
          "Plan Rows": 3,
          "Plan Width": 8,
          "Actual Startup Time": 397.562,
          "Actual Total Time": 418.978,
          "Actual Rows": 4,
          "Actual Loops": 1,
          "Workers Planned": 3,
          "Workers Launched": 3,
          "Single Copy": false,
          "Plans": [
            {
              "Node Type": "Aggregate",
              "Strategy": "Plain",
              "Partial Mode": "Partial",
              "Parent Relationship": "Outer",
              "Parallel Aware": false,
              "Startup Cost": 108743.22,
              "Total Cost": 108743.23,
              "Plan Rows": 1,
              "Plan Width": 8,
              "Actual Startup Time": 388.536,
              "Actual Total Time": 388.542,
              "Actual Rows": 1,
              "Actual Loops": 4,
              "Plans": [
                {
                  "Node Type": "Hash Join",
                  "Parent Relationship": "Outer",
                  "Parallel Aware": true,
                  "Join Type": "Inner",
                  "Startup Cost": 61449.23,
                  "Total Cost": 108626.73,
                  "Plan Rows": 46596,
                  "Plan Width": 0,
                  "Actual Startup Time": 197.149,
                  "Actual Total Time": 378.436,
                  "Actual Rows": 257645,
                  "Actual Loops": 4,
                  "Inner Unique": false,
                  "Hash Cond": "(mk.movie_id = t.id)",
                  "Plans": [
                    {
                      "Node Type": "Seq Scan",
                      "Parent Relationship": "Outer",
                      "Parallel Aware": true,
                      "Relation Name": "movie_keyword",
                      "Alias": "mk",
                      "Startup Cost": 0.0,
                      "Total Cost": 42695.65,
                      "Plan Rows": 1143386,
                      "Plan Width": 4,
                      "Actual Startup Time": 0.078,
                      "Actual Total Time": 106.243,
                      "Actual Rows": 885983,
                      "Actual Loops": 4,
                      "Filter": "(keyword_id > 917)",
                      "Rows Removed by Filter": 245000
                    },
                    {
                      "Node Type": "Hash",
                      "Parent Relationship": "Inner",
                      "Parallel Aware": true,
                      "Startup Cost": 60912.59,
                      "Total Cost": 60912.59,
                      "Plan Rows": 42931,
                      "Plan Width": 8,
                      "Actual Startup Time": 194.846,
                      "Actual Total Time": 194.85,
                      "Actual Rows": 28346,
                      "Actual Loops": 4,
                      "Hash Buckets": 131072,
                      "Original Hash Buckets": 131072,
                      "Hash Batches": 1,
                      "Original Hash Batches": 1,
                      "Peak Memory Usage": 5568,
                      "Plans": [
                        {
                          "Node Type": "Hash Join",
                          "Parent Relationship": "Outer",
                          "Parallel Aware": true,
                          "Join Type": "Inner",
                          "Startup Cost": 44784.69,
                          "Total Cost": 60912.59,
                          "Plan Rows": 42931,
                          "Plan Width": 8,
                          "Actual Startup Time": 122.409,
                          "Actual Total Time": 187.856,
                          "Actual Rows": 28346,
                          "Actual Loops": 4,
                          "Inner Unique": true,
                          "Hash Cond": "(mi_idx.movie_id = t.id)",
                          "Plans": [
                            {
                              "Node Type": "Seq Scan",
                              "Parent Relationship": "Outer",
                              "Parallel Aware": true,
                              "Relation Name": "movie_info_idx",
                              "Alias": "mi_idx",
                              "Startup Cost": 0.0,
                              "Total Cost": 15122.68,
                              "Plan Rows": 382940,
                              "Plan Width": 4,
                              "Actual Startup Time": 0.024,
                              "Actual Total Time": 33.804,
                              "Actual Rows": 229962,
                              "Actual Loops": 4,
                              "Filter": "(info_type_id < 101)",
                              "Rows Removed by Filter": 115046
                            },
                            {
                              "Node Type": "Hash",
                              "Parent Relationship": "Inner",
                              "Parallel Aware": true,
                              "Startup Cost": 43898.92,
                              "Total Cost": 43898.92,
                              "Plan Rows": 70862,
                              "Plan Width": 4,
                              "Actual Startup Time": 119.839,
                              "Actual Total Time": 119.84,
                              "Actual Rows": 74118,
                              "Actual Loops": 4,
                              "Hash Buckets": 524288,
                              "Original Hash Buckets": 524288,
                              "Hash Batches": 1,
                              "Original Hash Batches": 1,
                              "Peak Memory Usage": 15776,
                              "Plans": [
                                {
                                  "Node Type": "Seq Scan",
                                  "Parent Relationship": "Outer",
                                  "Parallel Aware": true,
                                  "Relation Name": "title",
                                  "Alias": "t",
                                  "Startup Cost": 0.0,
                                  "Total Cost": 43898.92,
                                  "Plan Rows": 70862,
                                  "Plan Width": 4,
                                  "Actual Startup Time": 0.04,
                                  "Actual Total Time": 93.623,
                                  "Actual Rows": 74118,
                                  "Actual Loops": 4,
                                  "Filter": "(production_year < 1965)",
                                  "Rows Removed by Filter": 557960
                                }
                              ]
                            }
                          ]
                        }
                      ]
                    }
                  ]
                }
              ]
            }
          ]
        }
      ]
    },
    "Planning Time": 1.341,
    "Triggers": [],
    "Execution Time": 419.066
  }
]