[
  {
    "Plan": {
      "Node Type": "Aggregate",
      "Strategy": "Plain",
      "Partial Mode": "Simple",
      "Parallel Aware": false,
      "Startup Cost": 28801.07,
      "Total Cost": 28801.08,
      "Plan Rows": 1,
      "Plan Width": 8,
      "Actual Startup Time": 62.016,
      "Actual Total Time": 62.018,
      "Actual Rows": 1,
      "Actual Loops": 1,
      "Plans": [
        {
          "Node Type": "Bitmap Heap Scan",
          "Parent Relationship": "Outer",
          "Parallel Aware": false,
          "Relation Name": "movie_keyword",
          "Alias": "mk",
          "Startup Cost": 2546.65,
          "Total Cost": 28501.0,
          "Plan Rows": 120028,
          "Plan Width": 0,
          "Actual Startup Time": 11.783,
          "Actual Total Time": 56.8,
          "Actual Rows": 118453,
          "Actual Loops": 1,
          "Recheck Cond": "(keyword_id > 78372)",
          "Rows Removed by Index Recheck": 0,
          "Exact Heap Blocks": 18205,
          "Lossy Heap Blocks": 0,
          "Plans": [
            {
              "Node Type": "Bitmap Index Scan",
              "Parent Relationship": "Outer",
              "Parallel Aware": false,
              "Index Name": "keyword_id_movie_keyword",
              "Startup Cost": 0.0,
              "Total Cost": 2516.64,
              "Plan Rows": 120028,
              "Plan Width": 0,
              "Actual Startup Time": 8.245,
              "Actual Total Time": 8.246,
              "Actual Rows": 118453,
              "Actual Loops": 1,
              "Index Cond": "(keyword_id > 78372)"
            }
          ]
        }
      ]
    },
    "Planning Time": 0.086,
    "Triggers": [],
    "Execution Time": 62.051
  }
]