[
  {
    "Plan": {
      "Node Type": "Aggregate",
      "Strategy": "Plain",
      "Partial Mode": "Simple",
      "Parallel Aware": false,
      "Startup Cost": 28833.84,
      "Total Cost": 28833.85,
      "Plan Rows": 1,
      "Plan Width": 8,
      "Actual Startup Time": 73.398,
      "Actual Total Time": 73.4,
      "Actual Rows": 1,
      "Actual Loops": 1,
      "Plans": [
        {
          "Node Type": "Bitmap Heap Scan",
          "Parent Relationship": "Outer",
          "Parallel Aware": false,
          "Relation Name": "movie_keyword",
          "Alias": "mk",
          "Startup Cost": 2565.73,
          "Total Cost": 28531.49,
          "Plan Rows": 120941,
          "Plan Width": 0,
          "Actual Startup Time": 27.876,
          "Actual Total Time": 68.174,
          "Actual Rows": 118453,
          "Actual Loops": 1,
          "Recheck Cond": "(keyword_id > 78372)",
          "Rows Removed by Index Recheck": 0,
          "Exact Heap Blocks": 18205,
          "Lossy Heap Blocks": 0,
          "Plans": [
            {
              "Node Type": "Bitmap Index Scan",
              "Parent Relationship": "Outer",
              "Parallel Aware": false,
              "Index Name": "keyword_id_movie_keyword",
              "Startup Cost": 0.0,
              "Total Cost": 2535.49,
              "Plan Rows": 120941,
              "Plan Width": 0,
              "Actual Startup Time": 22.946,
              "Actual Total Time": 22.947,
              "Actual Rows": 118453,
              "Actual Loops": 1,
              "Index Cond": "(keyword_id > 78372)"
            }
          ]
        }
      ]
    },
    "Planning Time": 0.178,
    "Triggers": [],
    "Execution Time": 73.452
  }
]