[
  {
    "Plan": {
      "Node Type": "Aggregate",
      "Strategy": "Plain",
      "Partial Mode": "Finalize",
      "Parallel Aware": false,
      "Startup Cost": 94331.96,
      "Total Cost": 94331.97,
      "Plan Rows": 1,
      "Plan Width": 8,
      "Actual Startup Time": 487.205,
      "Actual Total Time": 504.419,
      "Actual Rows": 1,
      "Actual Loops": 1,
      "Plans": [
        {
          "Node Type": "Gather",
          "Parent Relationship": "Outer",
          "Parallel Aware": false,
          "Startup Cost": 94331.75,
          "Total Cost": 94331.96,
          "Plan Rows": 2,
          "Plan Width": 8,
          "Actual Startup Time": 484.802,
          "Actual Total Time": 504.408,
          "Actual Rows": 3,
          "Actual Loops": 1,
          "Workers Planned": 2,
          "Workers Launched": 2,
          "Single Copy": false,
          "Plans": [
            {
              "Node Type": "Aggregate",
              "Strategy": "Plain",
              "Partial Mode": "Partial",
              "Parent Relationship": "Outer",
              "Parallel Aware": false,
              "Startup Cost": 93331.75,
              "Total Cost": 93331.76,
              "Plan Rows": 1,
              "Plan Width": 8,
              "Actual Startup Time": 479.401,
              "Actual Total Time": 479.853,
              "Actual Rows": 1,
              "Actual Loops": 3,
              "Plans": [
                {
                  "Node Type": "Hash Join",
                  "Parent Relationship": "Outer",
                  "Parallel Aware": true,
                  "Join Type": "Inner",
                  "Startup Cost": 77310.17,
                  "Total Cost": 93253.1,
                  "Plan Rows": 31459,
                  "Plan Width": 0,
                  "Actual Startup Time": 403.49,
                  "Actual Total Time": 472.402,
                  "Actual Rows": 189021,
                  "Actual Loops": 3,
                  "Inner Unique": false,
                  "Hash Cond": "(mi_idx.movie_id = t.id)",
                  "Plans": [
                    {
                      "Node Type": "Seq Scan",
                      "Parent Relationship": "Outer",
                      "Parallel Aware": true,
                      "Relation Name": "movie_info_idx",
                      "Alias": "mi_idx",
                      "Startup Cost": 0.0,
                      "Total Cost": 13685.15,
                      "Plan Rows": 575015,
                      "Plan Width": 4,
                      "Actual Startup Time": 0.029,
                      "Actual Total Time": 34.645,
                      "Actual Rows": 460012,
                      "Actual Loops": 3
                    },
                    {
                      "Node Type": "Hash",
                      "Parent Relationship": "Inner",
                      "Parallel Aware": true,
                      "Startup Cost": 76752.42,
                      "Total Cost": 76752.42,
                      "Plan Rows": 44620,
                      "Plan Width": 8,
                      "Actual Startup Time": 365.504,
                      "Actual Total Time": 365.955,
                      "Actual Rows": 118866,
                      "Actual Loops": 3,
                      "Hash Buckets": 524288,
                      "Original Hash Buckets": 262144,
                      "Hash Batches": 1,
                      "Original Hash Batches": 1,
                      "Peak Memory Usage": 20160,
                      "Plans": [
                        {
                          "Node Type": "Hash Join",
                          "Parent Relationship": "Outer",
                          "Parallel Aware": true,
                          "Join Type": "Inner",
                          "Startup Cost": 46654.27,
                          "Total Cost": 76752.42,
                          "Plan Rows": 44620,
                          "Plan Width": 8,
                          "Actual Startup Time": 181.094,
                          "Actual Total Time": 326.923,
                          "Actual Rows": 118866,
                          "Actual Loops": 3,
                          "Inner Unique": true,
                          "Hash Cond": "(mc.movie_id = t.id)",
                          "Plans": [
                            {
                              "Node Type": "Seq Scan",
                              "Parent Relationship": "Outer",
                              "Parallel Aware": true,
                              "Relation Name": "movie_companies",
                              "Alias": "mc",
                              "Startup Cost": 0.0,
                              "Total Cost": 29310.68,
                              "Plan Rows": 299985,
                              "Plan Width": 4,
                              "Actual Startup Time": 11.879,
                              "Actual Total Time": 79.172,
                              "Actual Rows": 313937,
                              "Actual Loops": 3,
                              "Filter": "(company_id > 18949)",
                              "Rows Removed by Filter": 555772
                            },
                            {
                              "Node Type": "Hash",
                              "Parent Relationship": "Inner",
                              "Parallel Aware": true,
                              "Startup Cost": 45479.1,
                              "Total Cost": 45479.1,
                              "Plan Rows": 94014,
                              "Plan Width": 4,
                              "Actual Startup Time": 166.612,
                              "Actual Total Time": 166.613,
                              "Actual Rows": 146676,
                              "Actual Loops": 3,
                              "Hash Buckets": 524288,
                              "Original Hash Buckets": 524288,
                              "Hash Batches": 1,
                              "Original Hash Batches": 1,
                              "Peak Memory Usage": 21376,
                              "Plans": [
                                {
                                  "Node Type": "Seq Scan",
                                  "Parent Relationship": "Outer",
                                  "Parallel Aware": true,
                                  "Relation Name": "title",
                                  "Alias": "t",
                                  "Startup Cost": 0.0,
                                  "Total Cost": 45479.1,
                                  "Plan Rows": 94014,
                                  "Plan Width": 4,
                                  "Actual Startup Time": 69.807,
                                  "Actual Total Time": 120.66,
                                  "Actual Rows": 146676,
                                  "Actual Loops": 3,
                                  "Filter": "((production_year < 2006) AND (kind_id = 1))",
                                  "Rows Removed by Filter": 696094
                                }
                              ]
                            }
                          ]
                        }
                      ]
                    }
                  ]
                }
              ]
            }
          ]
        }
      ]
    },
    "Planning Time": 1.398,
    "Triggers": [],
    "Execution Time": 504.5
  }
]