[
  {
    "Plan": {
      "Node Type": "Aggregate",
      "Strategy": "Plain",
      "Partial Mode": "Finalize",
      "Parallel Aware": false,
      "Startup Cost": 427205.0,
      "Total Cost": 427205.01,
      "Plan Rows": 1,
      "Plan Width": 8,
      "Actual Startup Time": 1739.368,
      "Actual Total Time": 1801.338,
      "Actual Rows": 1,
      "Actual Loops": 1,
      "Plans": [
        {
          "Node Type": "Gather",
          "Parent Relationship": "Outer",
          "Parallel Aware": false,
          "Startup Cost": 427204.38,
          "Total Cost": 427204.99,
          "Plan Rows": 6,
          "Plan Width": 8,
          "Actual Startup Time": 1716.423,
          "Actual Total Time": 1801.321,
          "Actual Rows": 7,
          "Actual Loops": 1,
          "Workers Planned": 6,
          "Workers Launched": 6,
          "Single Copy": false,
          "Plans": [
            {
              "Node Type": "Aggregate",
              "Strategy": "Plain",
              "Partial Mode": "Partial",
              "Parent Relationship": "Outer",
              "Parallel Aware": false,
              "Startup Cost": 426204.38,
              "Total Cost": 426204.39,
              "Plan Rows": 1,
              "Plan Width": 8,
              "Actual Startup Time": 1708.383,
              "Actual Total Time": 1708.788,
              "Actual Rows": 1,
              "Actual Loops": 7,
              "Plans": [
                {
                  "Node Type": "Hash Join",
                  "Parent Relationship": "Outer",
                  "Parallel Aware": true,
                  "Join Type": "Inner",
                  "Startup Cost": 85851.78,
                  "Total Cost": 424386.51,
                  "Plan Rows": 727149,
                  "Plan Width": 0,
                  "Actual Startup Time": 802.652,
                  "Actual Total Time": 1668.757,
                  "Actual Rows": 685938,
                  "Actual Loops": 7,
                  "Inner Unique": false,
                  "Hash Cond": "(ci.movie_id = t.id)",
                  "Plans": [
                    {
                      "Node Type": "Seq Scan",
                      "Parent Relationship": "Outer",
                      "Parallel Aware": true,
                      "Relation Name": "cast_info",
                      "Alias": "ci",
                      "Startup Cost": 0.0,
                      "Total Cost": 328211.39,
                      "Plan Rows": 2127386,
                      "Plan Width": 4,
                      "Actual Startup Time": 315.023,
                      "Actual Total Time": 688.485,
                      "Actual Rows": 1802251,
                      "Actual Loops": 7,
                      "Filter": "(person_id > 2420799)",
                      "Rows Removed by Filter": 3375513
                    },
                    {
                      "Node Type": "Hash",
                      "Parent Relationship": "Inner",
                      "Parallel Aware": true,
                      "Startup Cost": 82367.0,
                      "Total Cost": 82367.0,
                      "Plan Rows": 278782,
                      "Plan Width": 8,
                      "Actual Startup Time": 485.511,
                      "Actual Total Time": 485.914,
                      "Actual Rows": 78649,
                      "Actual Loops": 7,
                      "Hash Buckets": 1048576,
                      "Original Hash Buckets": 1048576,
                      "Hash Batches": 1,
                      "Original Hash Batches": 1,
                      "Peak Memory Usage": 29824,
                      "Plans": [
                        {
                          "Node Type": "Hash Join",
                          "Parent Relationship": "Outer",
                          "Parallel Aware": true,
                          "Join Type": "Inner",
                          "Startup Cost": 50220.38,
                          "Total Cost": 82367.0,
                          "Plan Rows": 278782,
                          "Plan Width": 8,
                          "Actual Startup Time": 368.349,
                          "Actual Total Time": 447.413,
                          "Actual Rows": 78649,
                          "Actual Loops": 7,
                          "Inner Unique": true,
                          "Hash Cond": "(mc.movie_id = t.id)",
                          "Plans": [
                            {
                              "Node Type": "Seq Scan",
                              "Parent Relationship": "Outer",
                              "Parallel Aware": true,
                              "Relation Name": "movie_companies",
                              "Alias": "mc",
                              "Startup Cost": 0.0,
                              "Total Cost": 31414.82,
                              "Plan Rows": 278782,
                              "Plan Width": 4,
                              "Actual Startup Time": 31.095,
                              "Actual Total Time": 59.485,
                              "Actual Rows": 78649,
                              "Actual Loops": 7,
                              "Filter": "((company_id < 20821) AND (company_type_id > 1))",
                              "Rows Removed by Filter": 294084
                            },
                            {
                              "Node Type": "Hash",
                              "Parent Relationship": "Inner",
                              "Parallel Aware": true,
                              "Startup Cost": 42319.06,
                              "Total Cost": 42319.06,
                              "Plan Rows": 632106,
                              "Plan Width": 4,
                              "Actual Startup Time": 332.83,
                              "Actual Total Time": 332.832,
                              "Actual Rows": 361187,
                              "Actual Loops": 7,
                              "Hash Buckets": 4194304,
                              "Original Hash Buckets": 4194304,
                              "Hash Batches": 1,
                              "Original Hash Batches": 1,
                              "Peak Memory Usage": 131776,
                              "Plans": [
                                {
                                  "Node Type": "Seq Scan",
                                  "Parent Relationship": "Outer",
                                  "Parallel Aware": true,
                                  "Relation Name": "title",
                                  "Alias": "t",
                                  "Startup Cost": 0.0,
                                  "Total Cost": 42319.06,
                                  "Plan Rows": 632106,
                                  "Plan Width": 4,
                                  "Actual Startup Time": 0.059,
                                  "Actual Total Time": 98.447,
                                  "Actual Rows": 361187,
                                  "Actual Loops": 7
                                }
                              ]
                            }
                          ]
                        }
                      ]
                    }
                  ]
                }
              ]
            }
          ]
        }
      ]
    },
    "Planning Time": 0.532,
    "Triggers": [],
    "Execution Time": 1801.395
  }
]