[
  {
    "Plan": {
      "Node Type": "Aggregate",
      "Strategy": "Plain",
      "Partial Mode": "Finalize",
      "Parallel Aware": false,
      "Startup Cost": 424501.14,
      "Total Cost": 424501.15,
      "Plan Rows": 1,
      "Plan Width": 8,
      "Actual Startup Time": 1340.508,
      "Actual Total Time": 1417.211,
      "Actual Rows": 1,
      "Actual Loops": 1,
      "Plans": [
        {
          "Node Type": "Gather",
          "Parent Relationship": "Outer",
          "Parallel Aware": false,
          "Startup Cost": 424500.52,
          "Total Cost": 424501.13,
          "Plan Rows": 6,
          "Plan Width": 8,
          "Actual Startup Time": 1334.318,
          "Actual Total Time": 1417.198,
          "Actual Rows": 7,
          "Actual Loops": 1,
          "Workers Planned": 6,
          "Workers Launched": 6,
          "Single Copy": false,
          "Plans": [
            {
              "Node Type": "Aggregate",
              "Strategy": "Plain",
              "Partial Mode": "Partial",
              "Parent Relationship": "Outer",
              "Parallel Aware": false,
              "Startup Cost": 423500.52,
              "Total Cost": 423500.53,
              "Plan Rows": 1,
              "Plan Width": 8,
              "Actual Startup Time": 1323.517,
              "Actual Total Time": 1323.651,
              "Actual Rows": 1,
              "Actual Loops": 7,
              "Plans": [
                {
                  "Node Type": "Hash Join",
                  "Parent Relationship": "Outer",
                  "Parallel Aware": true,
                  "Join Type": "Inner",
                  "Startup Cost": 83818.58,
                  "Total Cost": 421689.64,
                  "Plan Rows": 724353,
                  "Plan Width": 0,
                  "Actual Startup Time": 549.454,
                  "Actual Total Time": 1291.983,
                  "Actual Rows": 685938,
                  "Actual Loops": 7,
                  "Inner Unique": false,
                  "Hash Cond": "(ci.movie_id = t.id)",
                  "Plans": [
                    {
                      "Node Type": "Seq Scan",
                      "Parent Relationship": "Outer",
                      "Parallel Aware": true,
                      "Relation Name": "cast_info",
                      "Alias": "ci",
                      "Startup Cost": 0.0,
                      "Total Cost": 328162.03,
                      "Plan Rows": 2106173,
                      "Plan Width": 4,
                      "Actual Startup Time": 247.472,
                      "Actual Total Time": 565.514,
                      "Actual Rows": 1802251,
                      "Actual Loops": 7,
                      "Filter": "(person_id > 2420799)",
                      "Rows Removed by Filter": 3375513
                    },
                    {
                      "Node Type": "Hash",
                      "Parent Relationship": "Inner",
                      "Parallel Aware": true,
                      "Startup Cost": 81101.31,
                      "Total Cost": 81101.31,
                      "Plan Rows": 217382,
                      "Plan Width": 8,
                      "Actual Startup Time": 298.68,
                      "Actual Total Time": 298.813,
                      "Actual Rows": 78649,
                      "Actual Loops": 7,
                      "Hash Buckets": 1048576,
                      "Original Hash Buckets": 1048576,
                      "Hash Batches": 1,
                      "Original Hash Batches": 1,
                      "Peak Memory Usage": 29856,
                      "Plans": [
                        {
                          "Node Type": "Hash Join",
                          "Parent Relationship": "Outer",
                          "Parallel Aware": true,
                          "Join Type": "Inner",
                          "Startup Cost": 34920.98,
                          "Total Cost": 81101.31,
                          "Plan Rows": 217382,
                          "Plan Width": 8,
                          "Actual Startup Time": 107.565,
                          "Actual Total Time": 260.521,
                          "Actual Rows": 78649,
                          "Actual Loops": 7,
                          "Inner Unique": false,
                          "Hash Cond": "(t.id = mc.movie_id)",
                          "Plans": [
                            {
                              "Node Type": "Seq Scan",
                              "Parent Relationship": "Outer",
                              "Parallel Aware": true,
                              "Relation Name": "title",
                              "Alias": "t",
                              "Startup Cost": 0.0,
                              "Total Cost": 42318.73,
                              "Plan Rows": 632073,
                              "Plan Width": 4,
                              "Actual Startup Time": 0.012,
                              "Actual Total Time": 57.322,
                              "Actual Rows": 361187,
                              "Actual Loops": 7
                            },
                            {
                              "Node Type": "Hash",
                              "Parent Relationship": "Inner",
                              "Parallel Aware": true,
                              "Startup Cost": 31414.82,
                              "Total Cost": 31414.82,
                              "Plan Rows": 280493,
                              "Plan Width": 4,
                              "Actual Startup Time": 105.921,
                              "Actual Total Time": 105.922,
                              "Actual Rows": 78649,
                              "Actual Loops": 7,
                              "Hash Buckets": 1048576,
                              "Original Hash Buckets": 1048576,
                              "Hash Batches": 1,
                              "Original Hash Batches": 1,
                              "Peak Memory Usage": 29856,
                              "Plans": [
                                {
                                  "Node Type": "Seq Scan",
                                  "Parent Relationship": "Outer",
                                  "Parallel Aware": true,
                                  "Relation Name": "movie_companies",
                                  "Alias": "mc",
                                  "Startup Cost": 0.0,
                                  "Total Cost": 31414.82,
                                  "Plan Rows": 280493,
                                  "Plan Width": 4,
                                  "Actual Startup Time": 41.921,
                                  "Actual Total Time": 67.337,
                                  "Actual Rows": 78649,
                                  "Actual Loops": 7,
                                  "Filter": "((company_id < 20821) AND (company_type_id > 1))",
                                  "Rows Removed by Filter": 294084
                                }
                              ]
                            }
                          ]
                        }
                      ]
                    }
                  ]
                }
              ]
            }
          ]
        }
      ]
    },
    "Planning Time": 1.397,
    "Triggers": [],
    "Execution Time": 1417.315
  }
]