[
  {
    "Plan": {
      "Node Type": "Aggregate",
      "Strategy": "Plain",
      "Partial Mode": "Finalize",
      "Parallel Aware": false,
      "Startup Cost": 167839.86,
      "Total Cost": 167839.87,
      "Plan Rows": 1,
      "Plan Width": 8,
      "Actual Startup Time": 183.46,
      "Actual Total Time": 197.891,
      "Actual Rows": 1,
      "Actual Loops": 1,
      "Plans": [
        {
          "Node Type": "Gather",
          "Parent Relationship": "Outer",
          "Parallel Aware": false,
          "Startup Cost": 167839.44,
          "Total Cost": 167839.85,
          "Plan Rows": 4,
          "Plan Width": 8,
          "Actual Startup Time": 179.161,
          "Actual Total Time": 197.88,
          "Actual Rows": 5,
          "Actual Loops": 1,
          "Workers Planned": 4,
          "Workers Launched": 4,
          "Single Copy": false,
          "Plans": [
            {
              "Node Type": "Aggregate",
              "Strategy": "Plain",
              "Partial Mode": "Partial",
              "Parent Relationship": "Outer",
              "Parallel Aware": false,
              "Startup Cost": 166839.44,
              "Total Cost": 166839.45,
              "Plan Rows": 1,
              "Plan Width": 8,
              "Actual Startup Time": 171.72,
              "Actual Total Time": 171.724,
              "Actual Rows": 1,
              "Actual Loops": 5,
              "Plans": [
                {
                  "Node Type": "Nested Loop",
                  "Parent Relationship": "Outer",
                  "Parallel Aware": false,
                  "Join Type": "Inner",
                  "Startup Cost": 32508.01,
                  "Total Cost": 166831.63,
                  "Plan Rows": 3124,
                  "Plan Width": 0,
                  "Actual Startup Time": 107.194,
                  "Actual Total Time": 170.91,
                  "Actual Rows": 9163,
                  "Actual Loops": 5,
                  "Inner Unique": true,
                  "Plans": [
                    {
                      "Node Type": "Hash Join",
                      "Parent Relationship": "Outer",
                      "Parallel Aware": true,
                      "Join Type": "Inner",
                      "Startup Cost": 32507.58,
                      "Total Cost": 154490.12,
                      "Plan Rows": 15537,
                      "Plan Width": 8,
                      "Actual Startup Time": 107.052,
                      "Actual Total Time": 122.715,
                      "Actual Rows": 9163,
                      "Actual Loops": 5,
                      "Inner Unique": false,
                      "Hash Cond": "(mi.movie_id = mc.movie_id)",
                      "Plans": [
                        {
                          "Node Type": "Bitmap Heap Scan",
                          "Parent Relationship": "Outer",
                          "Parallel Aware": true,
                          "Relation Name": "movie_info",
                          "Alias": "mi",
                          "Startup Cost": 1104.17,
                          "Total Cost": 119802.98,
                          "Plan Rows": 15217,
                          "Plan Width": 4,
                          "Actual Startup Time": 4.613,
                          "Actual Total Time": 11.963,
                          "Actual Rows": 12226,
                          "Actual Loops": 5,
                          "Recheck Cond": "(info_type_id = 103)",
                          "Rows Removed by Index Recheck": 0,
                          "Exact Heap Blocks": 1529,
                          "Lossy Heap Blocks": 0,
                          "Plans": [
                            {
                              "Node Type": "Bitmap Index Scan",
                              "Parent Relationship": "Outer",
                              "Parallel Aware": false,
                              "Index Name": "info_type_id_movie_info",
                              "Startup Cost": 0.0,
                              "Total Cost": 1088.95,
                              "Plan Rows": 60869,
                              "Plan Width": 0,
                              "Actual Startup Time": 3.814,
                              "Actual Total Time": 3.814,
                              "Actual Rows": 61128,
                              "Actual Loops": 1,
                              "Index Cond": "(info_type_id = 103)"
                            }
                          ]
                        },
                        {
                          "Node Type": "Hash",
                          "Parent Relationship": "Inner",
                          "Parallel Aware": true,
                          "Startup Cost": 29310.68,
                          "Total Cost": 29310.68,
                          "Plan Rows": 167418,
                          "Plan Width": 4,
                          "Actual Startup Time": 99.746,
                          "Actual Total Time": 99.747,
                          "Actual Rows": 103435,
                          "Actual Loops": 5,
                          "Hash Buckets": 524288,
                          "Original Hash Buckets": 524288,
                          "Hash Batches": 1,
                          "Original Hash Batches": 1,
                          "Peak Memory Usage": 24384,
                          "Plans": [
                            {
                              "Node Type": "Seq Scan",
                              "Parent Relationship": "Outer",
                              "Parallel Aware": true,
                              "Relation Name": "movie_companies",
                              "Alias": "mc",
                              "Startup Cost": 0.0,
                              "Total Cost": 29310.68,
                              "Plan Rows": 167418,
                              "Plan Width": 4,
                              "Actual Startup Time": 38.0,
                              "Actual Total Time": 64.742,
                              "Actual Rows": 103435,
                              "Actual Loops": 5,
                              "Filter": "(company_id > 73505)",
                              "Rows Removed by Filter": 418391
                            }
                          ]
                        }
                      ]
                    },
                    {
                      "Node Type": "Index Only Scan",
                      "Parent Relationship": "Inner",
                      "Parallel Aware": false,
                      "Scan Direction": "Forward",
                      "Index Name": "title_pkey",
                      "Relation Name": "title",
                      "Alias": "t",
                      "Startup Cost": 0.43,
                      "Total Cost": 0.79,
                      "Plan Rows": 1,
                      "Plan Width": 4,
                      "Actual Startup Time": 0.005,
                      "Actual Total Time": 0.005,
                      "Actual Rows": 1,
                      "Actual Loops": 45816,
                      "Index Cond": "(id = mc.movie_id)",
                      "Rows Removed by Index Recheck": 0,
                      "Heap Fetches": 45816
                    }
                  ]
                }
              ]
            }
          ]
        }
      ]
    },
    "Planning Time": 1.568,
    "Triggers": [],
    "Execution Time": 198.027
  }
]