[
  {
    "Plan": {
      "Node Type": "Aggregate",
      "Strategy": "Plain",
      "Partial Mode": "Finalize",
      "Parallel Aware": false,
      "Startup Cost": 168395.72,
      "Total Cost": 168395.73,
      "Plan Rows": 1,
      "Plan Width": 8,
      "Actual Startup Time": 190.52,
      "Actual Total Time": 206.511,
      "Actual Rows": 1,
      "Actual Loops": 1,
      "Plans": [
        {
          "Node Type": "Gather",
          "Parent Relationship": "Outer",
          "Parallel Aware": false,
          "Startup Cost": 168395.3,
          "Total Cost": 168395.71,
          "Plan Rows": 4,
          "Plan Width": 8,
          "Actual Startup Time": 186.584,
          "Actual Total Time": 206.5,
          "Actual Rows": 5,
          "Actual Loops": 1,
          "Workers Planned": 4,
          "Workers Launched": 4,
          "Single Copy": false,
          "Plans": [
            {
              "Node Type": "Aggregate",
              "Strategy": "Plain",
              "Partial Mode": "Partial",
              "Parent Relationship": "Outer",
              "Parallel Aware": false,
              "Startup Cost": 167395.3,
              "Total Cost": 167395.31,
              "Plan Rows": 1,
              "Plan Width": 8,
              "Actual Startup Time": 176.116,
              "Actual Total Time": 176.119,
              "Actual Rows": 1,
              "Actual Loops": 5,
              "Plans": [
                {
                  "Node Type": "Nested Loop",
                  "Parent Relationship": "Outer",
                  "Parallel Aware": false,
                  "Join Type": "Inner",
                  "Startup Cost": 32503.49,
                  "Total Cost": 167387.35,
                  "Plan Rows": 3179,
                  "Plan Width": 0,
                  "Actual Startup Time": 109.184,
                  "Actual Total Time": 175.18,
                  "Actual Rows": 9163,
                  "Actual Loops": 5,
                  "Inner Unique": true,
                  "Plans": [
                    {
                      "Node Type": "Hash Join",
                      "Parent Relationship": "Outer",
                      "Parallel Aware": true,
                      "Join Type": "Inner",
                      "Startup Cost": 32503.06,
                      "Total Cost": 154091.53,
                      "Plan Rows": 16549,
                      "Plan Width": 8,
                      "Actual Startup Time": 109.107,
                      "Actual Total Time": 125.432,
                      "Actual Rows": 9163,
                      "Actual Loops": 5,
                      "Inner Unique": false,
                      "Hash Cond": "(mi.movie_id = mc.movie_id)",
                      "Plans": [
                        {
                          "Node Type": "Bitmap Heap Scan",
                          "Parent Relationship": "Outer",
                          "Parallel Aware": true,
                          "Relation Name": "movie_info",
                          "Alias": "mi",
                          "Startup Cost": 1153.1,
                          "Total Cost": 122608.74,
                          "Plan Rows": 15892,
                          "Plan Width": 4,
                          "Actual Startup Time": 3.406,
                          "Actual Total Time": 10.982,
                          "Actual Rows": 12226,
                          "Actual Loops": 5,
                          "Recheck Cond": "(info_type_id = 103)",
                          "Rows Removed by Index Recheck": 0,
                          "Exact Heap Blocks": 1483,
                          "Lossy Heap Blocks": 0,
                          "Plans": [
                            {
                              "Node Type": "Bitmap Index Scan",
                              "Parent Relationship": "Outer",
                              "Parallel Aware": false,
                              "Index Name": "info_type_id_movie_info",
                              "Startup Cost": 0.0,
                              "Total Cost": 1137.21,
                              "Plan Rows": 63570,
                              "Plan Width": 0,
                              "Actual Startup Time": 2.678,
                              "Actual Total Time": 2.679,
                              "Actual Rows": 61128,
                              "Actual Loops": 1,
                              "Index Cond": "(info_type_id = 103)"
                            }
                          ]
                        },
                        {
                          "Node Type": "Hash",
                          "Parent Relationship": "Inner",
                          "Parallel Aware": true,
                          "Startup Cost": 29310.68,
                          "Total Cost": 29310.68,
                          "Plan Rows": 163142,
                          "Plan Width": 4,
                          "Actual Startup Time": 102.69,
                          "Actual Total Time": 102.69,
                          "Actual Rows": 103435,
                          "Actual Loops": 5,
                          "Hash Buckets": 524288,
                          "Original Hash Buckets": 524288,
                          "Hash Batches": 1,
                          "Original Hash Batches": 1,
                          "Peak Memory Usage": 24384,
                          "Plans": [
                            {
                              "Node Type": "Seq Scan",
                              "Parent Relationship": "Outer",
                              "Parallel Aware": true,
                              "Relation Name": "movie_companies",
                              "Alias": "mc",
                              "Startup Cost": 0.0,
                              "Total Cost": 29310.68,
                              "Plan Rows": 163142,
                              "Plan Width": 4,
                              "Actual Startup Time": 40.704,
                              "Actual Total Time": 69.709,
                              "Actual Rows": 103435,
                              "Actual Loops": 5,
                              "Filter": "(company_id > 73505)",
                              "Rows Removed by Filter": 418391
                            }
                          ]
                        }
                      ]
                    },
                    {
                      "Node Type": "Index Only Scan",
                      "Parent Relationship": "Inner",
                      "Parallel Aware": false,
                      "Scan Direction": "Forward",
                      "Index Name": "title_pkey",
                      "Relation Name": "title",
                      "Alias": "t",
                      "Startup Cost": 0.43,
                      "Total Cost": 0.8,
                      "Plan Rows": 1,
                      "Plan Width": 4,
                      "Actual Startup Time": 0.005,
                      "Actual Total Time": 0.005,
                      "Actual Rows": 1,
                      "Actual Loops": 45816,
                      "Index Cond": "(id = mc.movie_id)",
                      "Rows Removed by Index Recheck": 0,
                      "Heap Fetches": 45816
                    }
                  ]
                }
              ]
            }
          ]
        }
      ]
    },
    "Planning Time": 1.426,
    "Triggers": [],
    "Execution Time": 206.669
  }
]