[
  {
    "Plan": {
      "Node Type": "Aggregate",
      "Strategy": "Plain",
      "Partial Mode": "Finalize",
      "Parallel Aware": false,
      "Startup Cost": 246687.15,
      "Total Cost": 246687.16,
      "Plan Rows": 1,
      "Plan Width": 8,
      "Actual Startup Time": 841.899,
      "Actual Total Time": 892.452,
      "Actual Rows": 1,
      "Actual Loops": 1,
      "Plans": [
        {
          "Node Type": "Gather",
          "Parent Relationship": "Outer",
          "Parallel Aware": false,
          "Startup Cost": 246686.63,
          "Total Cost": 246687.14,
          "Plan Rows": 5,
          "Plan Width": 8,
          "Actual Startup Time": 840.37,
          "Actual Total Time": 892.44,
          "Actual Rows": 6,
          "Actual Loops": 1,
          "Workers Planned": 5,
          "Workers Launched": 5,
          "Single Copy": false,
          "Plans": [
            {
              "Node Type": "Aggregate",
              "Strategy": "Plain",
              "Partial Mode": "Partial",
              "Parent Relationship": "Outer",
              "Parallel Aware": false,
              "Startup Cost": 245686.63,
              "Total Cost": 245686.64,
              "Plan Rows": 1,
              "Plan Width": 8,
              "Actual Startup Time": 833.431,
              "Actual Total Time": 833.48,
              "Actual Rows": 1,
              "Actual Loops": 6,
              "Plans": [
                {
                  "Node Type": "Hash Join",
                  "Parent Relationship": "Outer",
                  "Parallel Aware": true,
                  "Join Type": "Inner",
                  "Startup Cost": 45854.76,
                  "Total Cost": 245334.17,
                  "Plan Rows": 140985,
                  "Plan Width": 0,
                  "Actual Startup Time": 101.53,
                  "Actual Total Time": 811.643,
                  "Actual Rows": 443464,
                  "Actual Loops": 6,
                  "Inner Unique": true,
                  "Hash Cond": "(mi.movie_id = t.id)",
                  "Plans": [
                    {
                      "Node Type": "Seq Scan",
                      "Parent Relationship": "Outer",
                      "Parallel Aware": true,
                      "Relation Name": "movie_info",
                      "Alias": "mi",
                      "Startup Cost": 0.0,
                      "Total Cost": 191685.19,
                      "Plan Rows": 2969219,
                      "Plan Width": 4,
                      "Actual Startup Time": 0.029,
                      "Actual Total Time": 321.885,
                      "Actual Rows": 2472620,
                      "Actual Loops": 6
                    },
                    {
                      "Node Type": "Hash",
                      "Parent Relationship": "Inner",
                      "Parallel Aware": true,
                      "Startup Cost": 45479.59,
                      "Total Cost": 45479.59,
                      "Plan Rows": 30014,
                      "Plan Width": 4,
                      "Actual Startup Time": 99.953,
                      "Actual Total Time": 99.954,
                      "Actual Rows": 37985,
                      "Actual Loops": 6,
                      "Hash Buckets": 262144,
                      "Original Hash Buckets": 131072,
                      "Hash Batches": 1,
                      "Original Hash Batches": 1,
                      "Peak Memory Usage": 12096,
                      "Plans": [
                        {
                          "Node Type": "Seq Scan",
                          "Parent Relationship": "Outer",
                          "Parallel Aware": true,
                          "Relation Name": "title",
                          "Alias": "t",
                          "Startup Cost": 0.0,
                          "Total Cost": 45479.59,
                          "Plan Rows": 30014,
                          "Plan Width": 4,
                          "Actual Startup Time": 0.111,
                          "Actual Total Time": 78.118,
                          "Actual Rows": 37985,
                          "Actual Loops": 6,
                          "Filter": "((kind_id < 7) AND (production_year < 1967))",
                          "Rows Removed by Filter": 383400
                        }
                      ]
                    }
                  ]
                }
              ]
            }
          ]
        }
      ]
    },
    "Planning Time": 0.253,
    "Triggers": [],
    "Execution Time": 892.5
  }
]