[
  {
    "Plan": {
      "Node Type": "Aggregate",
      "Strategy": "Plain",
      "Partial Mode": "Finalize",
      "Parallel Aware": false,
      "Startup Cost": 96780.55,
      "Total Cost": 96780.56,
      "Plan Rows": 1,
      "Plan Width": 8,
      "Actual Startup Time": 550.606,
      "Actual Total Time": 568.734,
      "Actual Rows": 1,
      "Actual Loops": 1,
      "Plans": [
        {
          "Node Type": "Gather",
          "Parent Relationship": "Outer",
          "Parallel Aware": false,
          "Startup Cost": 96780.23,
          "Total Cost": 96780.54,
          "Plan Rows": 3,
          "Plan Width": 8,
          "Actual Startup Time": 543.287,
          "Actual Total Time": 568.724,
          "Actual Rows": 4,
          "Actual Loops": 1,
          "Workers Planned": 3,
          "Workers Launched": 3,
          "Single Copy": false,
          "Plans": [
            {
              "Node Type": "Aggregate",
              "Strategy": "Plain",
              "Partial Mode": "Partial",
              "Parent Relationship": "Outer",
              "Parallel Aware": false,
              "Startup Cost": 95780.23,
              "Total Cost": 95780.24,
              "Plan Rows": 1,
              "Plan Width": 8,
              "Actual Startup Time": 524.249,
              "Actual Total Time": 524.252,
              "Actual Rows": 1,
              "Actual Loops": 4,
              "Plans": [
                {
                  "Node Type": "Hash Join",
                  "Parent Relationship": "Outer",
                  "Parallel Aware": true,
                  "Join Type": "Inner",
                  "Startup Cost": 50820.62,
                  "Total Cost": 94750.48,
                  "Plan Rows": 411902,
                  "Plan Width": 0,
                  "Actual Startup Time": 334.946,
                  "Actual Total Time": 510.375,
                  "Actual Rows": 306301,
                  "Actual Loops": 4,
                  "Inner Unique": true,
                  "Hash Cond": "(mk.movie_id = t.id)",
                  "Plans": [
                    {
                      "Node Type": "Seq Scan",
                      "Parent Relationship": "Outer",
                      "Parallel Aware": true,
                      "Relation Name": "movie_keyword",
                      "Alias": "mk",
                      "Startup Cost": 0.0,
                      "Total Cost": 42695.65,
                      "Plan Rows": 470175,
                      "Plan Width": 4,
                      "Actual Startup Time": 0.759,
                      "Actual Total Time": 101.526,
                      "Actual Rows": 366064,
                      "Actual Loops": 4,
                      "Filter": "(keyword_id > 11304)",
                      "Rows Removed by Filter": 764919
                    },
                    {
                      "Node Type": "Hash",
                      "Parent Relationship": "Inner",
                      "Parallel Aware": true,
                      "Startup Cost": 43898.92,
                      "Total Cost": 43898.92,
                      "Plan Rows": 553736,
                      "Plan Width": 4,
                      "Actual Startup Time": 322.654,
                      "Actual Total Time": 322.655,
                      "Actual Rows": 550924,
                      "Actual Loops": 4,
                      "Hash Buckets": 4194304,
                      "Original Hash Buckets": 4194304,
                      "Hash Batches": 1,
                      "Original Hash Batches": 1,
                      "Peak Memory Usage": 119008,
                      "Plans": [
                        {
                          "Node Type": "Seq Scan",
                          "Parent Relationship": "Outer",
                          "Parallel Aware": true,
                          "Relation Name": "title",
                          "Alias": "t",
                          "Startup Cost": 0.0,
                          "Total Cost": 43898.92,
                          "Plan Rows": 553736,
                          "Plan Width": 4,
                          "Actual Startup Time": 0.04,
                          "Actual Total Time": 115.03,
                          "Actual Rows": 550924,
                          "Actual Loops": 4,
                          "Filter": "(production_year > 1960)",
                          "Rows Removed by Filter": 81154
                        }
                      ]
                    }
                  ]
                }
              ]
            }
          ]
        }
      ]
    },
    "Planning Time": 0.601,
    "Triggers": [],
    "Execution Time": 568.802
  }
]