[
  {
    "Plan": {
      "Node Type": "Aggregate",
      "Strategy": "Plain",
      "Partial Mode": "Finalize",
      "Parallel Aware": false,
      "Startup Cost": 108482.66,
      "Total Cost": 108482.67,
      "Plan Rows": 1,
      "Plan Width": 8,
      "Actual Startup Time": 690.452,
      "Actual Total Time": 710.119,
      "Actual Rows": 1,
      "Actual Loops": 1,
      "Plans": [
        {
          "Node Type": "Gather",
          "Parent Relationship": "Outer",
          "Parallel Aware": false,
          "Startup Cost": 108482.45,
          "Total Cost": 108482.66,
          "Plan Rows": 2,
          "Plan Width": 8,
          "Actual Startup Time": 682.721,
          "Actual Total Time": 710.113,
          "Actual Rows": 3,
          "Actual Loops": 1,
          "Workers Planned": 2,
          "Workers Launched": 2,
          "Single Copy": false,
          "Plans": [
            {
              "Node Type": "Aggregate",
              "Strategy": "Plain",
              "Partial Mode": "Partial",
              "Parent Relationship": "Outer",
              "Parallel Aware": false,
              "Startup Cost": 107482.45,
              "Total Cost": 107482.46,
              "Plan Rows": 1,
              "Plan Width": 8,
              "Actual Startup Time": 679.191,
              "Actual Total Time": 679.197,
              "Actual Rows": 1,
              "Actual Loops": 3,
              "Plans": [
                {
                  "Node Type": "Hash Join",
                  "Parent Relationship": "Outer",
                  "Parallel Aware": true,
                  "Join Type": "Inner",
                  "Startup Cost": 90937.92,
                  "Total Cost": 107175.47,
                  "Plan Rows": 122792,
                  "Plan Width": 0,
                  "Actual Startup Time": 557.046,
                  "Actual Total Time": 662.111,
                  "Actual Rows": 416486,
                  "Actual Loops": 3,
                  "Inner Unique": false,
                  "Hash Cond": "(mi_idx.movie_id = t.id)",
                  "Plans": [
                    {
                      "Node Type": "Seq Scan",
                      "Parent Relationship": "Outer",
                      "Parallel Aware": true,
                      "Relation Name": "movie_info_idx",
                      "Alias": "mi_idx",
                      "Startup Cost": 0.0,
                      "Total Cost": 13685.15,
                      "Plan Rows": 575015,
                      "Plan Width": 4,
                      "Actual Startup Time": 0.018,
                      "Actual Total Time": 33.608,
                      "Actual Rows": 460012,
                      "Actual Loops": 3
                    },
                    {
                      "Node Type": "Hash",
                      "Parent Relationship": "Inner",
                      "Parallel Aware": true,
                      "Startup Cost": 88760.84,
                      "Total Cost": 88760.84,
                      "Plan Rows": 174166,
                      "Plan Width": 8,
                      "Actual Startup Time": 545.766,
                      "Actual Total Time": 545.771,
                      "Actual Rows": 178277,
                      "Actual Loops": 3,
                      "Hash Buckets": 1048576,
                      "Original Hash Buckets": 1048576,
                      "Hash Batches": 1,
                      "Original Hash Batches": 1,
                      "Peak Memory Usage": 29152,
                      "Plans": [
                        {
                          "Node Type": "Hash Join",
                          "Parent Relationship": "Outer",
                          "Parallel Aware": true,
                          "Join Type": "Inner",
                          "Startup Cost": 61672.58,
                          "Total Cost": 88760.84,
                          "Plan Rows": 174166,
                          "Plan Width": 8,
                          "Actual Startup Time": 398.1,
                          "Actual Total Time": 504.442,
                          "Actual Rows": 178277,
                          "Actual Loops": 3,
                          "Inner Unique": true,
                          "Hash Cond": "(mk.movie_id = t.id)",
                          "Plans": [
                            {
                              "Node Type": "Bitmap Heap Scan",
                              "Parent Relationship": "Outer",
                              "Parallel Aware": true,
                              "Relation Name": "movie_keyword",
                              "Alias": "mk",
                              "Startup Cost": 11452.77,
                              "Total Cost": 38083.85,
                              "Plan Rows": 174166,
                              "Plan Width": 4,
                              "Actual Startup Time": 31.328,
                              "Actual Total Time": 87.457,
                              "Actual Rows": 178277,
                              "Actual Loops": 3,
                              "Recheck Cond": "(keyword_id > 34307)",
                              "Rows Removed by Index Recheck": 0,
                              "Exact Heap Blocks": 8981,
                              "Lossy Heap Blocks": 0,
                              "Plans": [
                                {
                                  "Node Type": "Bitmap Index Scan",
                                  "Parent Relationship": "Outer",
                                  "Parallel Aware": false,
                                  "Index Name": "keyword_id_movie_keyword",
                                  "Startup Cost": 0.0,
                                  "Total Cost": 11317.8,
                                  "Plan Rows": 539915,
                                  "Plan Width": 0,
                                  "Actual Startup Time": 27.923,
                                  "Actual Total Time": 27.923,
                                  "Actual Rows": 534830,
                                  "Actual Loops": 1,
                                  "Index Cond": "(keyword_id > 34307)"
                                }
                              ]
                            },
                            {
                              "Node Type": "Hash",
                              "Parent Relationship": "Inner",
                              "Parallel Aware": true,
                              "Startup Cost": 42318.81,
                              "Total Cost": 42318.81,
                              "Plan Rows": 632080,
                              "Plan Width": 4,
                              "Actual Startup Time": 358.951,
                              "Actual Total Time": 358.952,
                              "Actual Rows": 842771,
                              "Actual Loops": 3,
                              "Hash Buckets": 4194304,
                              "Original Hash Buckets": 4194304,
                              "Hash Batches": 1,
                              "Original Hash Batches": 1,
                              "Peak Memory Usage": 131744,
                              "Plans": [
                                {
                                  "Node Type": "Seq Scan",
                                  "Parent Relationship": "Outer",
                                  "Parallel Aware": true,
                                  "Relation Name": "title",
                                  "Alias": "t",
                                  "Startup Cost": 0.0,
                                  "Total Cost": 42318.81,
                                  "Plan Rows": 632080,
                                  "Plan Width": 4,
                                  "Actual Startup Time": 0.012,
                                  "Actual Total Time": 103.981,
                                  "Actual Rows": 842771,
                                  "Actual Loops": 3
                                }
                              ]
                            }
                          ]
                        }
                      ]
                    }
                  ]
                }
              ]
            }
          ]
        }
      ]
    },
    "Planning Time": 0.447,
    "Triggers": [],
    "Execution Time": 710.162
  }
]