{
  "Plan": {
    "Node Type": "Aggregate",
    "Strategy": "Plain",
    "Partial Mode": "Finalize",
    "Parallel Aware": false,
    "Startup Cost": 443738.31,
    "Total Cost": 443738.32,
    "Plan Rows": 1,
    "Plan Width": 8,
    "Actual Startup Time": 5742.217,
    "Actual Total Time": 5784.338,
    "Actual Rows": 1,
    "Actual Loops": 1,
    "Plans": [
      {
        "Node Type": "Gather",
        "Parent Relationship": "Outer",
        "Parallel Aware": false,
        "Startup Cost": 443738.2,
        "Total Cost": 443738.31,
        "Plan Rows": 1,
        "Plan Width": 8,
        "Actual Startup Time": 5736.171,
        "Actual Total Time": 5784.327,
        "Actual Rows": 2,
        "Actual Loops": 1,
        "Workers Planned": 1,
        "Workers Launched": 1,
        "Single Copy": false,
        "Plans": [
          {
            "Node Type": "Aggregate",
            "Strategy": "Plain",
            "Partial Mode": "Partial",
            "Parent Relationship": "Outer",
            "Parallel Aware": false,
            "Startup Cost": 442738.2,
            "Total Cost": 442738.21,
            "Plan Rows": 1,
            "Plan Width": 8,
            "Actual Startup Time": 5730.209,
            "Actual Total Time": 5730.506,
            "Actual Rows": 1,
            "Actual Loops": 2,
            "Plans": [
              {
                "Node Type": "Hash Join",
                "Parent Relationship": "Outer",
                "Parallel Aware": true,
                "Join Type": "Inner",
                "Startup Cost": 131920.24,
                "Total Cost": 434014.16,
                "Plan Rows": 3489615,
                "Plan Width": 0,
                "Actual Startup Time": 1067.07,
                "Actual Total Time": 4782.31,
                "Actual Rows": 21843051,
                "Actual Loops": 2,
                "Inner Unique": false,
                "Hash Cond": "(mi.movie_id = t.id)",
                "Plans": [
                  {
                    "Node Type": "Seq Scan",
                    "Parent Relationship": "Outer",
                    "Parallel Aware": true,
                    "Relation Name": "movie_info",
                    "Alias": "mi",
                    "Startup Cost": 0.0,
                    "Total Cost": 248955.74,
                    "Plan Rows": 8696274,
                    "Plan Width": 4,
                    "Actual Startup Time": 0.018,
                    "Actual Total Time": 665.117,
                    "Actual Rows": 7417860,
                    "Actual Loops": 2
                  },
                  {
                    "Node Type": "Hash",
                    "Parent Relationship": "Inner",
                    "Parallel Aware": true,
                    "Startup Cost": 124460.34,
                    "Total Cost": 124460.34,
                    "Plan Rows": 596792,
                    "Plan Width": 8,
                    "Actual Startup Time": 1057.32,
                    "Actual Total Time": 1057.616,
                    "Actual Rows": 508492,
                    "Actual Loops": 2,
                    "Hash Buckets": 1048576,
                    "Original Hash Buckets": 1048576,
                    "Hash Batches": 1,
                    "Original Hash Batches": 1,
                    "Peak Memory Usage": 48000,
                    "Plans": [
                      {
                        "Node Type": "Hash Join",
                        "Parent Relationship": "Outer",
                        "Parallel Aware": true,
                        "Join Type": "Inner",
                        "Startup Cost": 90979.86,
                        "Total Cost": 124460.34,
                        "Plan Rows": 596792,
                        "Plan Width": 8,
                        "Actual Startup Time": 658.713,
                        "Actual Total Time": 933.507,
                        "Actual Rows": 508492,
                        "Actual Loops": 2,
                        "Inner Unique": true,
                        "Hash Cond": "(mk.movie_id = t.id)",
                        "Plans": [
                          {
                            "Node Type": "Bitmap Heap Scan",
                            "Parent Relationship": "Outer",
                            "Parallel Aware": true,
                            "Relation Name": "movie_keyword",
                            "Alias": "mk",
                            "Startup Cost": 21519.16,
                            "Total Cost": 53433.06,
                            "Plan Rows": 596792,
                            "Plan Width": 4,
                            "Actual Startup Time": 56.141,
                            "Actual Total Time": 165.791,
                            "Actual Rows": 508492,
                            "Actual Loops": 2,
                            "Recheck Cond": "(keyword_id < 992)",
                            "Rows Removed by Index Recheck": 0,
                            "Exact Heap Blocks": 15047,
                            "Lossy Heap Blocks": 0,
                            "Plans": [
                              {
                                "Node Type": "Bitmap Index Scan",
                                "Parent Relationship": "Outer",
                                "Parallel Aware": false,
                                "Index Name": "keyword_id_movie_keyword",
                                "Startup Cost": 0.0,
                                "Total Cost": 21265.53,
                                "Plan Rows": 1014546,
                                "Plan Width": 0,
                                "Actual Startup Time": 52.482,
                                "Actual Total Time": 52.482,
                                "Actual Rows": 1016985,
                                "Actual Loops": 1,
                                "Index Cond": "(keyword_id < 992)"
                              }
                            ]
                          },
                          {
                            "Node Type": "Hash",
                            "Parent Relationship": "Inner",
                            "Parallel Aware": true,
                            "Startup Cost": 50870.31,
                            "Total Cost": 50870.31,
                            "Plan Rows": 1487231,
                            "Plan Width": 4,
                            "Actual Startup Time": 587.129,
                            "Actual Total Time": 587.13,
                            "Actual Rows": 1264156,
                            "Actual Loops": 2,
                            "Hash Buckets": 4194304,
                            "Original Hash Buckets": 4194304,
                            "Hash Batches": 1,
                            "Original Hash Batches": 1,
                            "Peak Memory Usage": 131712,
                            "Plans": [
                              {
                                "Node Type": "Seq Scan",
                                "Parent Relationship": "Outer",
                                "Parallel Aware": true,
                                "Relation Name": "title",
                                "Alias": "t",
                                "Startup Cost": 0.0,
                                "Total Cost": 50870.31,
                                "Plan Rows": 1487231,
                                "Plan Width": 4,
                                "Actual Startup Time": 0.037,
                                "Actual Total Time": 180.606,
                                "Actual Rows": 1264156,
                                "Actual Loops": 2
                              }
                            ]
                          }
                        ]
                      }
                    ]
                  }
                ]
              }
            ]
          }
        ]
      }
    ]
  },
  "Planning Time": 0.896,
  "Triggers": [],
  "Execution Time": 5784.439
}