[
  {
    "Plan": {
      "Node Type": "Aggregate",
      "Strategy": "Plain",
      "Partial Mode": "Finalize",
      "Parallel Aware": false,
      "Startup Cost": 76997.35,
      "Total Cost": 76997.36,
      "Plan Rows": 1,
      "Plan Width": 8,
      "Actual Startup Time": 451.087,
      "Actual Total Time": 472.419,
      "Actual Rows": 1,
      "Actual Loops": 1,
      "Plans": [
        {
          "Node Type": "Gather",
          "Parent Relationship": "Outer",
          "Parallel Aware": false,
          "Startup Cost": 76997.03,
          "Total Cost": 76997.34,
          "Plan Rows": 3,
          "Plan Width": 8,
          "Actual Startup Time": 442.71,
          "Actual Total Time": 472.41,
          "Actual Rows": 4,
          "Actual Loops": 1,
          "Workers Planned": 3,
          "Workers Launched": 3,
          "Single Copy": false,
          "Plans": [
            {
              "Node Type": "Aggregate",
              "Strategy": "Plain",
              "Partial Mode": "Partial",
              "Parent Relationship": "Outer",
              "Parallel Aware": false,
              "Startup Cost": 75997.03,
              "Total Cost": 75997.04,
              "Plan Rows": 1,
              "Plan Width": 8,
              "Actual Startup Time": 426.088,
              "Actual Total Time": 426.093,
              "Actual Rows": 1,
              "Actual Loops": 4,
              "Plans": [
                {
                  "Node Type": "Hash Join",
                  "Parent Relationship": "Outer",
                  "Parallel Aware": true,
                  "Join Type": "Inner",
                  "Startup Cost": 51264.18,
                  "Total Cost": 75957.48,
                  "Plan Rows": 15821,
                  "Plan Width": 0,
                  "Actual Startup Time": 397.865,
                  "Actual Total Time": 425.226,
                  "Actual Rows": 12023,
                  "Actual Loops": 4,
                  "Inner Unique": true,
                  "Hash Cond": "(mk.movie_id = t.id)",
                  "Plans": [
                    {
                      "Node Type": "Bitmap Heap Scan",
                      "Parent Relationship": "Outer",
                      "Parallel Aware": true,
                      "Relation Name": "movie_keyword",
                      "Alias": "mk",
                      "Startup Cost": 1044.54,
                      "Total Cost": 25696.31,
                      "Plan Rows": 15821,
                      "Plan Width": 4,
                      "Actual Startup Time": 7.31,
                      "Actual Total Time": 27.523,
                      "Actual Rows": 12023,
                      "Actual Loops": 4,
                      "Recheck Cond": "(keyword_id > 100468)",
                      "Rows Removed by Index Recheck": 0,
                      "Exact Heap Blocks": 4112,
                      "Lossy Heap Blocks": 0,
                      "Plans": [
                        {
                          "Node Type": "Bitmap Index Scan",
                          "Parent Relationship": "Outer",
                          "Parallel Aware": false,
                          "Index Name": "keyword_id_movie_keyword",
                          "Startup Cost": 0.0,
                          "Total Cost": 1032.28,
                          "Plan Rows": 49046,
                          "Plan Width": 0,
                          "Actual Startup Time": 4.651,
                          "Actual Total Time": 4.652,
                          "Actual Rows": 48091,
                          "Actual Loops": 1,
                          "Index Cond": "(keyword_id > 100468)"
                        }
                      ]
                    },
                    {
                      "Node Type": "Hash",
                      "Parent Relationship": "Inner",
                      "Parallel Aware": true,
                      "Startup Cost": 42318.73,
                      "Total Cost": 42318.73,
                      "Plan Rows": 632073,
                      "Plan Width": 4,
                      "Actual Startup Time": 379.365,
                      "Actual Total Time": 379.368,
                      "Actual Rows": 632078,
                      "Actual Loops": 4,
                      "Hash Buckets": 4194304,
                      "Original Hash Buckets": 4194304,
                      "Hash Batches": 1,
                      "Original Hash Batches": 1,
                      "Peak Memory Usage": 131744,
                      "Plans": [
                        {
                          "Node Type": "Seq Scan",
                          "Parent Relationship": "Outer",
                          "Parallel Aware": true,
                          "Relation Name": "title",
                          "Alias": "t",
                          "Startup Cost": 0.0,
                          "Total Cost": 42318.73,
                          "Plan Rows": 632073,
                          "Plan Width": 4,
                          "Actual Startup Time": 0.046,
                          "Actual Total Time": 111.594,
                          "Actual Rows": 632078,
                          "Actual Loops": 4
                        }
                      ]
                    }
                  ]
                }
              ]
            }
          ]
        }
      ]
    },
    "Planning Time": 0.513,
    "Triggers": [],
    "Execution Time": 472.49
  }
]