[
  {
    "Plan": {
      "Node Type": "Aggregate",
      "Strategy": "Plain",
      "Partial Mode": "Finalize",
      "Parallel Aware": false,
      "Startup Cost": 45342.03,
      "Total Cost": 45342.04,
      "Plan Rows": 1,
      "Plan Width": 8,
      "Actual Startup Time": 143.23,
      "Actual Total Time": 148.865,
      "Actual Rows": 1,
      "Actual Loops": 1,
      "Plans": [
        {
          "Node Type": "Gather",
          "Parent Relationship": "Outer",
          "Parallel Aware": false,
          "Startup Cost": 45341.71,
          "Total Cost": 45342.02,
          "Plan Rows": 3,
          "Plan Width": 8,
          "Actual Startup Time": 143.151,
          "Actual Total Time": 148.859,
          "Actual Rows": 4,
          "Actual Loops": 1,
          "Workers Planned": 3,
          "Workers Launched": 3,
          "Single Copy": false,
          "Plans": [
            {
              "Node Type": "Aggregate",
              "Strategy": "Plain",
              "Partial Mode": "Partial",
              "Parent Relationship": "Outer",
              "Parallel Aware": false,
              "Startup Cost": 44341.71,
              "Total Cost": 44341.72,
              "Plan Rows": 1,
              "Plan Width": 8,
              "Actual Startup Time": 136.057,
              "Actual Total Time": 136.058,
              "Actual Rows": 1,
              "Actual Loops": 4,
              "Plans": [
                {
                  "Node Type": "Seq Scan",
                  "Parent Relationship": "Outer",
                  "Parallel Aware": true,
                  "Relation Name": "movie_keyword",
                  "Alias": "mk",
                  "Startup Cost": 0.0,
                  "Total Cost": 42695.65,
                  "Plan Rows": 658423,
                  "Plan Width": 0,
                  "Actual Startup Time": 0.282,
                  "Actual Total Time": 110.476,
                  "Actual Rows": 506176,
                  "Actual Loops": 4,
                  "Filter": "(keyword_id > 6105)",
                  "Rows Removed by Filter": 624806
                }
              ]
            }
          ]
        }
      ]
    },
    "Planning Time": 0.072,
    "Triggers": [],
    "Execution Time": 148.888
  }
]