[
  {
    "Plan": {
      "Node Type": "Aggregate",
      "Strategy": "Plain",
      "Partial Mode": "Finalize",
      "Parallel Aware": false,
      "Startup Cost": 33235.63,
      "Total Cost": 33235.64,
      "Plan Rows": 1,
      "Plan Width": 8,
      "Actual Startup Time": 88.438,
      "Actual Total Time": 96.203,
      "Actual Rows": 1,
      "Actual Loops": 1,
      "Plans": [
        {
          "Node Type": "Gather",
          "Parent Relationship": "Outer",
          "Parallel Aware": false,
          "Startup Cost": 33235.32,
          "Total Cost": 33235.63,
          "Plan Rows": 3,
          "Plan Width": 8,
          "Actual Startup Time": 88.297,
          "Actual Total Time": 96.192,
          "Actual Rows": 4,
          "Actual Loops": 1,
          "Workers Planned": 3,
          "Workers Launched": 3,
          "Single Copy": false,
          "Plans": [
            {
              "Node Type": "Aggregate",
              "Strategy": "Plain",
              "Partial Mode": "Partial",
              "Parent Relationship": "Outer",
              "Parallel Aware": false,
              "Startup Cost": 32235.32,
              "Total Cost": 32235.33,
              "Plan Rows": 1,
              "Plan Width": 8,
              "Actual Startup Time": 82.895,
              "Actual Total Time": 82.896,
              "Actual Rows": 1,
              "Actual Loops": 4,
              "Plans": [
                {
                  "Node Type": "Seq Scan",
                  "Parent Relationship": "Outer",
                  "Parallel Aware": true,
                  "Relation Name": "movie_companies",
                  "Alias": "mc",
                  "Startup Cost": 0.0,
                  "Total Cost": 31414.82,
                  "Plan Rows": 328199,
                  "Plan Width": 0,
                  "Actual Startup Time": 0.108,
                  "Actual Total Time": 72.197,
                  "Actual Rows": 223163,
                  "Actual Loops": 4,
                  "Filter": "((company_id > 477) AND (company_type_id < 2))",
                  "Rows Removed by Filter": 429120
                }
              ]
            }
          ]
        }
      ]
    },
    "Planning Time": 0.091,
    "Triggers": [],
    "Execution Time": 96.229
  }
]