[
    {
        "Bao": {
            "Bao prediction": "NaN",
            "Bao recommended hint": "(no hint)"
        }
    },
    {
        "Plan": {
            "Node Type": "Aggregate",
            "Strategy": "Plain",
            "Partial Mode": "Finalize",
            "Parallel Aware": false,
            "Startup Cost": 388975.32,
            "Total Cost": 388975.33,
            "Plan Rows": 1,
            "Plan Width": 8,
            "Actual Startup Time": 383.262,
            "Actual Total Time": 394.196,
            "Actual Rows": 1,
            "Actual Loops": 1,
            "Output": [
                "count(*)"
            ],
            "Plans": [
                {
                    "Node Type": "Gather",
                    "Parent Relationship": "Outer",
                    "Parallel Aware": false,
                    "Startup Cost": 388974.69,
                    "Total Cost": 388975.3,
                    "Plan Rows": 6,
                    "Plan Width": 8,
                    "Actual Startup Time": 380.526,
                    "Actual Total Time": 394.188,
                    "Actual Rows": 7,
                    "Actual Loops": 1,
                    "Output": [
                        "(PARTIAL count(*))"
                    ],
                    "Workers Planned": 6,
                    "Workers Launched": 6,
                    "Single Copy": false,
                    "Plans": [
                        {
                            "Node Type": "Aggregate",
                            "Strategy": "Plain",
                            "Partial Mode": "Partial",
                            "Parent Relationship": "Outer",
                            "Parallel Aware": false,
                            "Startup Cost": 387974.69,
                            "Total Cost": 387974.7,
                            "Plan Rows": 1,
                            "Plan Width": 8,
                            "Actual Startup Time": 370.304,
                            "Actual Total Time": 370.307,
                            "Actual Rows": 1,
                            "Actual Loops": 7,
                            "Output": [
                                "PARTIAL count(*)"
                            ],
                            "Workers": [
                                {
                                    "Worker Number": 0,
                                    "Actual Startup Time": 367.758,
                                    "Actual Total Time": 367.762,
                                    "Actual Rows": 1,
                                    "Actual Loops": 1
                                },
                                {
                                    "Worker Number": 1,
                                    "Actual Startup Time": 368.49,
                                    "Actual Total Time": 368.493,
                                    "Actual Rows": 1,
                                    "Actual Loops": 1
                                },
                                {
                                    "Worker Number": 2,
                                    "Actual Startup Time": 368.543,
                                    "Actual Total Time": 368.546,
                                    "Actual Rows": 1,
                                    "Actual Loops": 1
                                },
                                {
                                    "Worker Number": 3,
                                    "Actual Startup Time": 368.812,
                                    "Actual Total Time": 368.814,
                                    "Actual Rows": 1,
                                    "Actual Loops": 1
                                },
                                {
                                    "Worker Number": 4,
                                    "Actual Startup Time": 369.115,
                                    "Actual Total Time": 369.118,
                                    "Actual Rows": 1,
                                    "Actual Loops": 1
                                },
                                {
                                    "Worker Number": 5,
                                    "Actual Startup Time": 369.306,
                                    "Actual Total Time": 369.31,
                                    "Actual Rows": 1,
                                    "Actual Loops": 1
                                }
                            ],
                            "Plans": [
                                {
                                    "Node Type": "Hash Join",
                                    "Parent Relationship": "Outer",
                                    "Parallel Aware": true,
                                    "Join Type": "Inner",
                                    "Startup Cost": 125021.91,
                                    "Total Cost": 387823.03,
                                    "Plan Rows": 60663,
                                    "Plan Width": 0,
                                    "Actual Startup Time": 294.493,
                                    "Actual Total Time": 368.97,
                                    "Actual Rows": 23735,
                                    "Actual Loops": 7,
                                    "Inner Unique": true,
                                    "Hash Cond": "(ci.movie_id = t.id)",
                                    "Workers": [
                                        {
                                            "Worker Number": 0,
                                            "Actual Startup Time": 292.024,
                                            "Actual Total Time": 366.275,
                                            "Actual Rows": 17958,
                                            "Actual Loops": 1
                                        },
                                        {
                                            "Worker Number": 1,
                                            "Actual Startup Time": 292.355,
                                            "Actual Total Time": 366.997,
                                            "Actual Rows": 18014,
                                            "Actual Loops": 1
                                        },
                                        {
                                            "Worker Number": 2,
                                            "Actual Startup Time": 292.789,
                                            "Actual Total Time": 367.183,
                                            "Actual Rows": 27179,
                                            "Actual Loops": 1
                                        },
                                        {
                                            "Worker Number": 3,
                                            "Actual Startup Time": 293.036,
                                            "Actual Total Time": 367.475,
                                            "Actual Rows": 26638,
                                            "Actual Loops": 1
                                        },
                                        {
                                            "Worker Number": 4,
                                            "Actual Startup Time": 293.379,
                                            "Actual Total Time": 367.888,
                                            "Actual Rows": 24022,
                                            "Actual Loops": 1
                                        },
                                        {
                                            "Worker Number": 5,
                                            "Actual Startup Time": 293.552,
                                            "Actual Total Time": 368.095,
                                            "Actual Rows": 23746,
                                            "Actual Loops": 1
                                        }
                                    ],
                                    "Plans": [
                                        {
                                            "Node Type": "Bitmap Heap Scan",
                                            "Parent Relationship": "Outer",
                                            "Parallel Aware": true,
                                            "Relation Name": "cast_info",
                                            "Schema": "public",
                                            "Alias": "ci",
                                            "Startup Cost": 79901.43,
                                            "Total Cost": 341672.52,
                                            "Plan Rows": 392392,
                                            "Plan Width": 4,
                                            "Actual Startup Time": 200.21,
                                            "Actual Total Time": 243.306,
                                            "Actual Rows": 147526,
                                            "Actual Loops": 7,
                                            "Output": [
                                                "ci.id",
                                                "ci.person_id",
                                                "ci.movie_id",
                                                "ci.person_role_id",
                                                "ci.note",
                                                "ci.nr_order",
                                                "ci.role_id"
                                            ],
                                            "Recheck Cond": "(ci.person_id < 353348)",
                                            "Rows Removed by Index Recheck": 0,
                                            "Filter": "(ci.role_id > 1)",
                                            "Rows Removed by Filter": 379498,
                                            "Exact Heap Blocks": 8318,
                                            "Lossy Heap Blocks": 0,
                                            "Workers": [
                                                {
                                                    "Worker Number": 0,
                                                    "Actual Startup Time": 200.218,
                                                    "Actual Total Time": 244.911,
                                                    "Actual Rows": 111724,
                                                    "Actual Loops": 1
                                                },
                                                {
                                                    "Worker Number": 1,
                                                    "Actual Startup Time": 200.19,
                                                    "Actual Total Time": 244.605,
                                                    "Actual Rows": 112438,
                                                    "Actual Loops": 1
                                                },
                                                {
                                                    "Worker Number": 2,
                                                    "Actual Startup Time": 200.21,
                                                    "Actual Total Time": 243.769,
                                                    "Actual Rows": 158570,
                                                    "Actual Loops": 1
                                                },
                                                {
                                                    "Worker Number": 3,
                                                    "Actual Startup Time": 200.219,
                                                    "Actual Total Time": 243.901,
                                                    "Actual Rows": 158640,
                                                    "Actual Loops": 1
                                                },
                                                {
                                                    "Worker Number": 4,
                                                    "Actual Startup Time": 200.208,
                                                    "Actual Total Time": 242.65,
                                                    "Actual Rows": 152064,
                                                    "Actual Loops": 1
                                                },
                                                {
                                                    "Worker Number": 5,
                                                    "Actual Startup Time": 200.222,
                                                    "Actual Total Time": 242.705,
                                                    "Actual Rows": 151442,
                                                    "Actual Loops": 1
                                                }
                                            ],
                                            "Plans": [
                                                {
                                                    "Node Type": "Bitmap Index Scan",
                                                    "Parent Relationship": "Outer",
                                                    "Parallel Aware": false,
                                                    "Index Name": "person_id_cast_info",
                                                    "Startup Cost": 0.0,
                                                    "Total Cost": 79312.84,
                                                    "Plan Rows": 3633637,
                                                    "Plan Width": 0,
                                                    "Actual Startup Time": 119.173,
                                                    "Actual Total Time": 119.174,
                                                    "Actual Rows": 3689167,
                                                    "Actual Loops": 1,
                                                    "Index Cond": "(ci.person_id < 353348)"
                                                }
                                            ]
                                        },
                                        {
                                            "Node Type": "Hash",
                                            "Parent Relationship": "Inner",
                                            "Parallel Aware": true,
                                            "Startup Cost": 43899.01,
                                            "Total Cost": 43899.01,
                                            "Plan Rows": 97718,
                                            "Plan Width": 4,
                                            "Actual Startup Time": 92.864,
                                            "Actual Total Time": 92.865,
                                            "Actual Rows": 55952,
                                            "Actual Loops": 7,
                                            "Output": [
                                                "t.id"
                                            ],
                                            "Hash Buckets": 524288,
                                            "Original Hash Buckets": 524288,
                                            "Hash Batches": 1,
                                            "Original Hash Batches": 1,
                                            "Peak Memory Usage": 19520,
                                            "Workers": [
                                                {
                                                    "Worker Number": 0,
                                                    "Actual Startup Time": 91.337,
                                                    "Actual Total Time": 91.338,
                                                    "Actual Rows": 39875,
                                                    "Actual Loops": 1
                                                },
                                                {
                                                    "Worker Number": 1,
                                                    "Actual Startup Time": 91.759,
                                                    "Actual Total Time": 91.76,
                                                    "Actual Rows": 39766,
                                                    "Actual Loops": 1
                                                },
                                                {
                                                    "Worker Number": 2,
                                                    "Actual Startup Time": 92.109,
                                                    "Actual Total Time": 92.11,
                                                    "Actual Rows": 51476,
                                                    "Actual Loops": 1
                                                },
                                                {
                                                    "Worker Number": 3,
                                                    "Actual Startup Time": 92.362,
                                                    "Actual Total Time": 92.363,
                                                    "Actual Rows": 52221,
                                                    "Actual Loops": 1
                                                },
                                                {
                                                    "Worker Number": 4,
                                                    "Actual Startup Time": 92.71,
                                                    "Actual Total Time": 92.711,
                                                    "Actual Rows": 49304,
                                                    "Actual Loops": 1
                                                },
                                                {
                                                    "Worker Number": 5,
                                                    "Actual Startup Time": 92.864,
                                                    "Actual Total Time": 92.865,
                                                    "Actual Rows": 49127,
                                                    "Actual Loops": 1
                                                }
                                            ],
                                            "Plans": [
                                                {
                                                    "Node Type": "Seq Scan",
                                                    "Parent Relationship": "Outer",
                                                    "Parallel Aware": true,
                                                    "Relation Name": "title",
                                                    "Schema": "public",
                                                    "Alias": "t",
                                                    "Startup Cost": 0.0,
                                                    "Total Cost": 43899.01,
                                                    "Plan Rows": 97718,
                                                    "Plan Width": 4,
                                                    "Actual Startup Time": 0.041,
                                                    "Actual Total Time": 69.467,
                                                    "Actual Rows": 55952,
                                                    "Actual Loops": 7,
                                                    "Output": [
                                                        "t.id"
                                                    ],
                                                    "Filter": "(t.production_year > 2010)",
                                                    "Rows Removed by Filter": 305235,
                                                    "Workers": [
                                                        {
                                                            "Worker Number": 0,
                                                            "Actual Startup Time": 0.048,
                                                            "Actual Total Time": 69.962,
                                                            "Actual Rows": 39875,
                                                            "Actual Loops": 1
                                                        },
                                                        {
                                                            "Worker Number": 1,
                                                            "Actual Startup Time": 0.044,
                                                            "Actual Total Time": 71.012,
                                                            "Actual Rows": 39766,
                                                            "Actual Loops": 1
                                                        },
                                                        {
                                                            "Worker Number": 2,
                                                            "Actual Startup Time": 0.054,
                                                            "Actual Total Time": 70.257,
                                                            "Actual Rows": 51476,
                                                            "Actual Loops": 1
                                                        },
                                                        {
                                                            "Worker Number": 3,
                                                            "Actual Startup Time": 0.037,
                                                            "Actual Total Time": 69.994,
                                                            "Actual Rows": 52221,
                                                            "Actual Loops": 1
                                                        },
                                                        {
                                                            "Worker Number": 4,
                                                            "Actual Startup Time": 0.045,
                                                            "Actual Total Time": 68.983,
                                                            "Actual Rows": 49304,
                                                            "Actual Loops": 1
                                                        },
                                                        {
                                                            "Worker Number": 5,
                                                            "Actual Startup Time": 0.046,
                                                            "Actual Total Time": 69.295,
                                                            "Actual Rows": 49127,
                                                            "Actual Loops": 1
                                                        }
                                                    ]
                                                }
                                            ]
                                        }
                                    ]
                                }
                            ]
                        }
                    ]
                }
            ]
        },
        "Planning Time": 188.429,
        "Triggers": [],
        "Execution Time": 394.289
    }
]