[
  {
    "Plan": {
      "Node Type": "Aggregate",
      "Strategy": "Plain",
      "Partial Mode": "Finalize",
      "Parallel Aware": false,
      "Startup Cost": 386309.03,
      "Total Cost": 386309.04,
      "Plan Rows": 1,
      "Plan Width": 8,
      "Actual Startup Time": 1358.765,
      "Actual Total Time": 1425.12,
      "Actual Rows": 1,
      "Actual Loops": 1,
      "Plans": [
        {
          "Node Type": "Gather",
          "Parent Relationship": "Outer",
          "Parallel Aware": false,
          "Startup Cost": 386308.4,
          "Total Cost": 386309.01,
          "Plan Rows": 6,
          "Plan Width": 8,
          "Actual Startup Time": 1355.016,
          "Actual Total Time": 1425.109,
          "Actual Rows": 7,
          "Actual Loops": 1,
          "Workers Planned": 6,
          "Workers Launched": 6,
          "Single Copy": false,
          "Plans": [
            {
              "Node Type": "Aggregate",
              "Strategy": "Plain",
              "Partial Mode": "Partial",
              "Parent Relationship": "Outer",
              "Parallel Aware": false,
              "Startup Cost": 385308.4,
              "Total Cost": 385308.41,
              "Plan Rows": 1,
              "Plan Width": 8,
              "Actual Startup Time": 1343.963,
              "Actual Total Time": 1343.966,
              "Actual Rows": 1,
              "Actual Loops": 7,
              "Plans": [
                {
                  "Node Type": "Hash Join",
                  "Parent Relationship": "Outer",
                  "Parallel Aware": true,
                  "Join Type": "Inner",
                  "Startup Cost": 45572.84,
                  "Total Cost": 383365.23,
                  "Plan Rows": 777270,
                  "Plan Width": 0,
                  "Actual Startup Time": 257.528,
                  "Actual Total Time": 1310.515,
                  "Actual Rows": 764242,
                  "Actual Loops": 7,
                  "Inner Unique": true,
                  "Hash Cond": "(ci.movie_id = t.id)",
                  "Plans": [
                    {
                      "Node Type": "Seq Scan",
                      "Parent Relationship": "Outer",
                      "Parallel Aware": true,
                      "Relation Name": "cast_info",
                      "Alias": "ci",
                      "Startup Cost": 0.0,
                      "Total Cost": 328162.03,
                      "Plan Rows": 3668705,
                      "Plan Width": 4,
                      "Actual Startup Time": 136.751,
                      "Actual Total Time": 580.186,
                      "Actual Rows": 3147969,
                      "Actual Loops": 7,
                      "Filter": "(person_id > 1399192)",
                      "Rows Removed by Filter": 2029795
                    },
                    {
                      "Node Type": "Hash",
                      "Parent Relationship": "Inner",
                      "Parallel Aware": true,
                      "Startup Cost": 43898.92,
                      "Total Cost": 43898.92,
                      "Plan Rows": 133914,
                      "Plan Width": 4,
                      "Actual Startup Time": 117.03,
                      "Actual Total Time": 117.031,
                      "Actual Rows": 76196,
                      "Actual Loops": 7,
                      "Hash Buckets": 1048576,
                      "Original Hash Buckets": 1048576,
                      "Hash Batches": 1,
                      "Original Hash Batches": 1,
                      "Peak Memory Usage": 29184,
                      "Plans": [
                        {
                          "Node Type": "Seq Scan",
                          "Parent Relationship": "Outer",
                          "Parallel Aware": true,
                          "Relation Name": "title",
                          "Alias": "t",
                          "Startup Cost": 0.0,
                          "Total Cost": 43898.92,
                          "Plan Rows": 133914,
                          "Plan Width": 4,
                          "Actual Startup Time": 0.04,
                          "Actual Total Time": 75.378,
                          "Actual Rows": 76196,
                          "Actual Loops": 7,
                          "Filter": "(production_year > 2009)",
                          "Rows Removed by Filter": 284992
                        }
                      ]
                    }
                  ]
                }
              ]
            }
          ]
        }
      ]
    },
    "Planning Time": 0.615,
    "Triggers": [],
    "Execution Time": 1425.209
  }
]