[
  {
    "Plan": {
      "Node Type": "Aggregate",
      "Strategy": "Plain",
      "Partial Mode": "Simple",
      "Parallel Aware": false,
      "Startup Cost": 258219.71,
      "Total Cost": 258219.72,
      "Plan Rows": 1,
      "Plan Width": 8,
      "Actual Startup Time": 46.8,
      "Actual Total Time": 46.801,
      "Actual Rows": 1,
      "Actual Loops": 1,
      "Plans": [
        {
          "Node Type": "Bitmap Heap Scan",
          "Parent Relationship": "Outer",
          "Parallel Aware": false,
          "Relation Name": "cast_info",
          "Alias": "ci",
          "Startup Cost": 4464.13,
          "Total Cost": 257994.86,
          "Plan Rows": 89939,
          "Plan Width": 0,
          "Actual Startup Time": 36.373,
          "Actual Total Time": 44.698,
          "Actual Rows": 52315,
          "Actual Loops": 1,
          "Recheck Cond": "(person_id < 24822)",
          "Rows Removed by Index Recheck": 0,
          "Filter": "(role_id > 2)",
          "Rows Removed by Filter": 158318,
          "Exact Heap Blocks": 2259,
          "Lossy Heap Blocks": 0,
          "Plans": [
            {
              "Node Type": "Bitmap Index Scan",
              "Parent Relationship": "Outer",
              "Parallel Aware": false,
              "Index Name": "person_id_cast_info",
              "Startup Cost": 0.0,
              "Total Cost": 4441.64,
              "Plan Rows": 203344,
              "Plan Width": 0,
              "Actual Startup Time": 16.257,
              "Actual Total Time": 16.257,
              "Actual Rows": 210633,
              "Actual Loops": 1,
              "Index Cond": "(person_id < 24822)"
            }
          ]
        }
      ]
    },
    "Planning Time": 0.178,
    "Triggers": [],
    "Execution Time": 46.836
  }
]