[
  {
    "Plan": {
      "Node Type": "Aggregate",
      "Strategy": "Plain",
      "Partial Mode": "Simple",
      "Parallel Aware": false,
      "Startup Cost": 261481.32,
      "Total Cost": 261481.33,
      "Plan Rows": 1,
      "Plan Width": 8,
      "Actual Startup Time": 50.568,
      "Actual Total Time": 50.568,
      "Actual Rows": 1,
      "Actual Loops": 1,
      "Plans": [
        {
          "Node Type": "Bitmap Heap Scan",
          "Parent Relationship": "Outer",
          "Parallel Aware": false,
          "Relation Name": "cast_info",
          "Alias": "ci",
          "Startup Cost": 4690.19,
          "Total Cost": 261239.83,
          "Plan Rows": 96594,
          "Plan Width": 0,
          "Actual Startup Time": 40.26,
          "Actual Total Time": 48.4,
          "Actual Rows": 52315,
          "Actual Loops": 1,
          "Recheck Cond": "(person_id < 24822)",
          "Rows Removed by Index Recheck": 0,
          "Filter": "(role_id > 2)",
          "Rows Removed by Filter": 158318,
          "Exact Heap Blocks": 2259,
          "Lossy Heap Blocks": 0,
          "Plans": [
            {
              "Node Type": "Bitmap Index Scan",
              "Parent Relationship": "Outer",
              "Parallel Aware": false,
              "Index Name": "person_id_cast_info",
              "Startup Cost": 0.0,
              "Total Cost": 4666.04,
              "Plan Rows": 213530,
              "Plan Width": 0,
              "Actual Startup Time": 20.194,
              "Actual Total Time": 20.194,
              "Actual Rows": 210633,
              "Actual Loops": 1,
              "Index Cond": "(person_id < 24822)"
            }
          ]
        }
      ]
    },
    "Planning Time": 0.246,
    "Triggers": [],
    "Execution Time": 50.616
  }
]