[
  {
    "Plan": {
      "Node Type": "Aggregate",
      "Strategy": "Plain",
      "Partial Mode": "Finalize",
      "Parallel Aware": false,
      "Startup Cost": 57249.85,
      "Total Cost": 57249.86,
      "Plan Rows": 1,
      "Plan Width": 8,
      "Actual Startup Time": 151.656,
      "Actual Total Time": 165.91,
      "Actual Rows": 1,
      "Actual Loops": 1,
      "Plans": [
        {
          "Node Type": "Gather",
          "Parent Relationship": "Outer",
          "Parallel Aware": false,
          "Startup Cost": 57249.53,
          "Total Cost": 57249.84,
          "Plan Rows": 3,
          "Plan Width": 8,
          "Actual Startup Time": 151.223,
          "Actual Total Time": 165.899,
          "Actual Rows": 4,
          "Actual Loops": 1,
          "Workers Planned": 3,
          "Workers Launched": 3,
          "Single Copy": false,
          "Plans": [
            {
              "Node Type": "Aggregate",
              "Strategy": "Plain",
              "Partial Mode": "Partial",
              "Parent Relationship": "Outer",
              "Parallel Aware": false,
              "Startup Cost": 56249.53,
              "Total Cost": 56249.54,
              "Plan Rows": 1,
              "Plan Width": 8,
              "Actual Startup Time": 143.795,
              "Actual Total Time": 143.799,
              "Actual Rows": 1,
              "Actual Loops": 4,
              "Plans": [
                {
                  "Node Type": "Nested Loop",
                  "Parent Relationship": "Outer",
                  "Parallel Aware": false,
                  "Join Type": "Inner",
                  "Startup Cost": 45607.47,
                  "Total Cost": 56245.32,
                  "Plan Rows": 1686,
                  "Plan Width": 0,
                  "Actual Startup Time": 107.758,
                  "Actual Total Time": 143.639,
                  "Actual Rows": 2068,
                  "Actual Loops": 4,
                  "Inner Unique": false,
                  "Join Filter": "(t.id = mc.movie_id)",
                  "Rows Removed by Join Filter": 0,
                  "Plans": [
                    {
                      "Node Type": "Hash Join",
                      "Parent Relationship": "Outer",
                      "Parallel Aware": true,
                      "Join Type": "Inner",
                      "Startup Cost": 45607.04,
                      "Total Cost": 54710.92,
                      "Plan Rows": 1634,
                      "Plan Width": 8,
                      "Actual Startup Time": 107.682,
                      "Actual Total Time": 135.389,
                      "Actual Rows": 1206,
                      "Actual Loops": 4,
                      "Inner Unique": true,
                      "Hash Cond": "(ci.movie_id = t.id)",
                      "Plans": [
                        {
                          "Node Type": "Index Scan",
                          "Parent Relationship": "Outer",
                          "Parallel Aware": true,
                          "Scan Direction": "Forward",
                          "Index Name": "role_id_cast_info",
                          "Relation Name": "cast_info",
                          "Alias": "ci",
                          "Startup Cost": 0.56,
                          "Total Cost": 8837.38,
                          "Plan Rows": 101739,
                          "Plan Width": 4,
                          "Actual Startup Time": 0.314,
                          "Actual Total Time": 15.603,
                          "Actual Rows": 79030,
                          "Actual Loops": 4,
                          "Index Cond": "(role_id > 10)",
                          "Rows Removed by Index Recheck": 0
                        },
                        {
                          "Node Type": "Hash",
                          "Parent Relationship": "Inner",
                          "Parallel Aware": true,
                          "Startup Cost": 45479.59,
                          "Total Cost": 45479.59,
                          "Plan Rows": 10151,
                          "Plan Width": 4,
                          "Actual Startup Time": 105.872,
                          "Actual Total Time": 105.872,
                          "Actual Rows": 11228,
                          "Actual Loops": 4,
                          "Hash Buckets": 65536,
                          "Original Hash Buckets": 65536,
                          "Hash Batches": 1,
                          "Original Hash Batches": 1,
                          "Peak Memory Usage": 2336,
                          "Plans": [
                            {
                              "Node Type": "Seq Scan",
                              "Parent Relationship": "Outer",
                              "Parallel Aware": true,
                              "Relation Name": "title",
                              "Alias": "t",
                              "Startup Cost": 0.0,
                              "Total Cost": 45479.59,
                              "Plan Rows": 10151,
                              "Plan Width": 4,
                              "Actual Startup Time": 0.056,
                              "Actual Total Time": 100.242,
                              "Actual Rows": 11228,
                              "Actual Loops": 4,
                              "Filter": "((kind_id > 1) AND (production_year = 2000))",
                              "Rows Removed by Filter": 620850
                            }
                          ]
                        }
                      ]
                    },
                    {
                      "Node Type": "Index Only Scan",
                      "Parent Relationship": "Inner",
                      "Parallel Aware": false,
                      "Scan Direction": "Forward",
                      "Index Name": "movie_id_movie_companies",
                      "Relation Name": "movie_companies",
                      "Alias": "mc",
                      "Startup Cost": 0.43,
                      "Total Cost": 0.88,
                      "Plan Rows": 5,
                      "Plan Width": 4,
                      "Actual Startup Time": 0.005,
                      "Actual Total Time": 0.006,
                      "Actual Rows": 2,
                      "Actual Loops": 4825,
                      "Index Cond": "(movie_id = ci.movie_id)",
                      "Rows Removed by Index Recheck": 0,
                      "Heap Fetches": 8272
                    }
                  ]
                }
              ]
            }
          ]
        }
      ]
    },
    "Planning Time": 1.186,
    "Triggers": [],
    "Execution Time": 165.984
  }
]