[
  {
    "Plan": {
      "Node Type": "Aggregate",
      "Strategy": "Plain",
      "Partial Mode": "Finalize",
      "Parallel Aware": false,
      "Startup Cost": 192871.58,
      "Total Cost": 192871.59,
      "Plan Rows": 1,
      "Plan Width": 8,
      "Actual Startup Time": 97.321,
      "Actual Total Time": 111.631,
      "Actual Rows": 1,
      "Actual Loops": 1,
      "Plans": [
        {
          "Node Type": "Gather",
          "Parent Relationship": "Outer",
          "Parallel Aware": false,
          "Startup Cost": 192871.16,
          "Total Cost": 192871.57,
          "Plan Rows": 4,
          "Plan Width": 8,
          "Actual Startup Time": 97.027,
          "Actual Total Time": 111.622,
          "Actual Rows": 5,
          "Actual Loops": 1,
          "Workers Planned": 4,
          "Workers Launched": 4,
          "Single Copy": false,
          "Plans": [
            {
              "Node Type": "Aggregate",
              "Strategy": "Plain",
              "Partial Mode": "Partial",
              "Parent Relationship": "Outer",
              "Parallel Aware": false,
              "Startup Cost": 191871.16,
              "Total Cost": 191871.17,
              "Plan Rows": 1,
              "Plan Width": 8,
              "Actual Startup Time": 91.812,
              "Actual Total Time": 91.813,
              "Actual Rows": 1,
              "Actual Loops": 5,
              "Plans": [
                {
                  "Node Type": "Nested Loop",
                  "Parent Relationship": "Outer",
                  "Parallel Aware": false,
                  "Join Type": "Inner",
                  "Startup Cost": 0.43,
                  "Total Cost": 191849.09,
                  "Plan Rows": 8826,
                  "Plan Width": 0,
                  "Actual Startup Time": 0.259,
                  "Actual Total Time": 91.297,
                  "Actual Rows": 6804,
                  "Actual Loops": 5,
                  "Inner Unique": false,
                  "Plans": [
                    {
                      "Node Type": "Seq Scan",
                      "Parent Relationship": "Outer",
                      "Parallel Aware": true,
                      "Relation Name": "title",
                      "Alias": "t",
                      "Startup Cost": 0.0,
                      "Total Cost": 45479.59,
                      "Plan Rows": 1503,
                      "Plan Width": 4,
                      "Actual Startup Time": 0.13,
                      "Actual Total Time": 71.24,
                      "Actual Rows": 1184,
                      "Actual Loops": 5,
                      "Filter": "((kind_id = 7) AND (production_year = 1962))",
                      "Rows Removed by Filter": 504479
                    },
                    {
                      "Node Type": "Index Only Scan",
                      "Parent Relationship": "Inner",
                      "Parallel Aware": false,
                      "Scan Direction": "Forward",
                      "Index Name": "movie_id_movie_info",
                      "Relation Name": "movie_info",
                      "Alias": "mi",
                      "Startup Cost": 0.43,
                      "Total Cost": 96.97,
                      "Plan Rows": 41,
                      "Plan Width": 4,
                      "Actual Startup Time": 0.008,
                      "Actual Total Time": 0.016,
                      "Actual Rows": 6,
                      "Actual Loops": 5918,
                      "Index Cond": "(movie_id = t.id)",
                      "Rows Removed by Index Recheck": 0,
                      "Heap Fetches": 34019
                    }
                  ]
                }
              ]
            }
          ]
        }
      ]
    },
    "Planning Time": 0.276,
    "Triggers": [],
    "Execution Time": 111.671
  }
]