[
  {
    "Plan": {
      "Node Type": "Aggregate",
      "Strategy": "Plain",
      "Partial Mode": "Finalize",
      "Parallel Aware": false,
      "Startup Cost": 32752.34,
      "Total Cost": 32752.35,
      "Plan Rows": 1,
      "Plan Width": 8,
      "Actual Startup Time": 86.788,
      "Actual Total Time": 94.883,
      "Actual Rows": 1,
      "Actual Loops": 1,
      "Plans": [
        {
          "Node Type": "Gather",
          "Parent Relationship": "Outer",
          "Parallel Aware": false,
          "Startup Cost": 32752.03,
          "Total Cost": 32752.34,
          "Plan Rows": 3,
          "Plan Width": 8,
          "Actual Startup Time": 86.689,
          "Actual Total Time": 94.873,
          "Actual Rows": 4,
          "Actual Loops": 1,
          "Workers Planned": 3,
          "Workers Launched": 3,
          "Single Copy": false,
          "Plans": [
            {
              "Node Type": "Aggregate",
              "Strategy": "Plain",
              "Partial Mode": "Partial",
              "Parent Relationship": "Outer",
              "Parallel Aware": false,
              "Startup Cost": 31752.03,
              "Total Cost": 31752.04,
              "Plan Rows": 1,
              "Plan Width": 8,
              "Actual Startup Time": 81.269,
              "Actual Total Time": 81.271,
              "Actual Rows": 1,
              "Actual Loops": 4,
              "Plans": [
                {
                  "Node Type": "Seq Scan",
                  "Parent Relationship": "Outer",
                  "Parallel Aware": true,
                  "Relation Name": "movie_companies",
                  "Alias": "mc",
                  "Startup Cost": 0.0,
                  "Total Cost": 31414.82,
                  "Plan Rows": 134883,
                  "Plan Width": 0,
                  "Actual Startup Time": 17.61,
                  "Actual Total Time": 79.702,
                  "Actual Rows": 23020,
                  "Actual Loops": 4,
                  "Filter": "((company_id > 25734) AND (company_type_id = 1))",
                  "Rows Removed by Filter": 629263
                }
              ]
            }
          ]
        }
      ]
    },
    "Planning Time": 0.13,
    "Triggers": [],
    "Execution Time": 94.932
  }
]