[
  {
    "Plan": {
      "Node Type": "Aggregate",
      "Strategy": "Plain",
      "Partial Mode": "Finalize",
      "Parallel Aware": false,
      "Startup Cost": 227669.49,
      "Total Cost": 227669.5,
      "Plan Rows": 1,
      "Plan Width": 8,
      "Actual Startup Time": 154.139,
      "Actual Total Time": 178.495,
      "Actual Rows": 1,
      "Actual Loops": 1,
      "Plans": [
        {
          "Node Type": "Gather",
          "Parent Relationship": "Outer",
          "Parallel Aware": false,
          "Startup Cost": 227669.07,
          "Total Cost": 227669.48,
          "Plan Rows": 4,
          "Plan Width": 8,
          "Actual Startup Time": 154.024,
          "Actual Total Time": 178.487,
          "Actual Rows": 5,
          "Actual Loops": 1,
          "Workers Planned": 4,
          "Workers Launched": 4,
          "Single Copy": false,
          "Plans": [
            {
              "Node Type": "Aggregate",
              "Strategy": "Plain",
              "Partial Mode": "Partial",
              "Parent Relationship": "Outer",
              "Parallel Aware": false,
              "Startup Cost": 226669.07,
              "Total Cost": 226669.08,
              "Plan Rows": 1,
              "Plan Width": 8,
              "Actual Startup Time": 143.925,
              "Actual Total Time": 143.926,
              "Actual Rows": 1,
              "Actual Loops": 5,
              "Plans": [
                {
                  "Node Type": "Nested Loop",
                  "Parent Relationship": "Outer",
                  "Parallel Aware": false,
                  "Join Type": "Inner",
                  "Startup Cost": 0.43,
                  "Total Cost": 226607.0,
                  "Plan Rows": 24828,
                  "Plan Width": 0,
                  "Actual Startup Time": 0.266,
                  "Actual Total Time": 142.291,
                  "Actual Rows": 20831,
                  "Actual Loops": 5,
                  "Inner Unique": false,
                  "Plans": [
                    {
                      "Node Type": "Seq Scan",
                      "Parent Relationship": "Outer",
                      "Parallel Aware": true,
                      "Relation Name": "title",
                      "Alias": "t",
                      "Startup Cost": 0.0,
                      "Total Cost": 43898.92,
                      "Plan Rows": 4488,
                      "Plan Width": 4,
                      "Actual Startup Time": 0.085,
                      "Actual Total Time": 69.939,
                      "Actual Rows": 3314,
                      "Actual Loops": 5,
                      "Filter": "(production_year = 1984)",
                      "Rows Removed by Filter": 502348
                    },
                    {
                      "Node Type": "Index Scan",
                      "Parent Relationship": "Inner",
                      "Parallel Aware": false,
                      "Scan Direction": "Forward",
                      "Index Name": "movie_id_movie_info",
                      "Relation Name": "movie_info",
                      "Alias": "mi",
                      "Startup Cost": 0.43,
                      "Total Cost": 40.31,
                      "Plan Rows": 40,
                      "Plan Width": 4,
                      "Actual Startup Time": 0.01,
                      "Actual Total Time": 0.021,
                      "Actual Rows": 6,
                      "Actual Loops": 16571,
                      "Index Cond": "(movie_id = t.id)",
                      "Rows Removed by Index Recheck": 0,
                      "Filter": "(info_type_id > 1)",
                      "Rows Removed by Filter": 0
                    }
                  ]
                }
              ]
            }
          ]
        }
      ]
    },
    "Planning Time": 0.603,
    "Triggers": [],
    "Execution Time": 178.568
  }
]