[
  {
    "Plan": {
      "Node Type": "Aggregate",
      "Strategy": "Plain",
      "Partial Mode": "Finalize",
      "Parallel Aware": false,
      "Startup Cost": 351785.89,
      "Total Cost": 351785.9,
      "Plan Rows": 1,
      "Plan Width": 8,
      "Actual Startup Time": 921.184,
      "Actual Total Time": 968.56,
      "Actual Rows": 1,
      "Actual Loops": 1,
      "Plans": [
        {
          "Node Type": "Gather",
          "Parent Relationship": "Outer",
          "Parallel Aware": false,
          "Startup Cost": 351785.26,
          "Total Cost": 351785.87,
          "Plan Rows": 6,
          "Plan Width": 8,
          "Actual Startup Time": 920.902,
          "Actual Total Time": 968.538,
          "Actual Rows": 7,
          "Actual Loops": 1,
          "Workers Planned": 6,
          "Workers Launched": 6,
          "Single Copy": false,
          "Plans": [
            {
              "Node Type": "Aggregate",
              "Strategy": "Plain",
              "Partial Mode": "Partial",
              "Parent Relationship": "Outer",
              "Parallel Aware": false,
              "Startup Cost": 350785.26,
              "Total Cost": 350785.27,
              "Plan Rows": 1,
              "Plan Width": 8,
              "Actual Startup Time": 910.203,
              "Actual Total Time": 910.205,
              "Actual Rows": 1,
              "Actual Loops": 7,
              "Plans": [
                {
                  "Node Type": "Seq Scan",
                  "Parent Relationship": "Outer",
                  "Parallel Aware": true,
                  "Relation Name": "cast_info",
                  "Alias": "ci",
                  "Startup Cost": 0.0,
                  "Total Cost": 343316.27,
                  "Plan Rows": 2987596,
                  "Plan Width": 0,
                  "Actual Startup Time": 0.067,
                  "Actual Total Time": 752.55,
                  "Actual Rows": 3183563,
                  "Actual Loops": 7,
                  "Filter": "((person_id < 2777332) AND (role_id < 4))",
                  "Rows Removed by Filter": 1994200
                }
              ]
            }
          ]
        }
      ]
    },
    "Planning Time": 0.2,
    "Triggers": [],
    "Execution Time": 968.626
  }
]