{
    "Plan": {
        "Node Type": "Aggregate",
        "Strategy": "Plain",
        "Partial Mode": "Finalize",
        "Parallel Aware": false,
        "Startup Cost": 394582.94,
        "Total Cost": 394582.95,
        "Plan Rows": 1,
        "Plan Width": 8,
        "Actual Startup Time": 797.002,
        "Actual Total Time": 844.266,
        "Actual Rows": 1,
        "Actual Loops": 1,
        "Output": [
            "count(*)"
        ],
        "Plans": [
            {
                "Node Type": "Gather",
                "Parent Relationship": "Outer",
                "Parallel Aware": false,
                "Startup Cost": 394582.31,
                "Total Cost": 394582.92,
                "Plan Rows": 6,
                "Plan Width": 8,
                "Actual Startup Time": 783.013,
                "Actual Total Time": 844.253,
                "Actual Rows": 7,
                "Actual Loops": 1,
                "Output": [
                    "(PARTIAL count(*))"
                ],
                "Workers Planned": 6,
                "Workers Launched": 6,
                "Single Copy": false,
                "Plans": [
                    {
                        "Node Type": "Aggregate",
                        "Strategy": "Plain",
                        "Partial Mode": "Partial",
                        "Parent Relationship": "Outer",
                        "Parallel Aware": false,
                        "Startup Cost": 393582.31,
                        "Total Cost": 393582.32,
                        "Plan Rows": 1,
                        "Plan Width": 8,
                        "Actual Startup Time": 768.605,
                        "Actual Total Time": 768.608,
                        "Actual Rows": 1,
                        "Actual Loops": 7,
                        "Output": [
                            "PARTIAL count(*)"
                        ],
                        "Workers": [
                            {
                                "Worker Number": 0,
                                "Actual Startup Time": 765.952,
                                "Actual Total Time": 765.955,
                                "Actual Rows": 1,
                                "Actual Loops": 1
                            },
                            {
                                "Worker Number": 1,
                                "Actual Startup Time": 765.98,
                                "Actual Total Time": 765.982,
                                "Actual Rows": 1,
                                "Actual Loops": 1
                            },
                            {
                                "Worker Number": 2,
                                "Actual Startup Time": 766.008,
                                "Actual Total Time": 766.011,
                                "Actual Rows": 1,
                                "Actual Loops": 1
                            },
                            {
                                "Worker Number": 3,
                                "Actual Startup Time": 766.15,
                                "Actual Total Time": 766.153,
                                "Actual Rows": 1,
                                "Actual Loops": 1
                            },
                            {
                                "Worker Number": 4,
                                "Actual Startup Time": 767.877,
                                "Actual Total Time": 767.88,
                                "Actual Rows": 1,
                                "Actual Loops": 1
                            },
                            {
                                "Worker Number": 5,
                                "Actual Startup Time": 766.115,
                                "Actual Total Time": 766.119,
                                "Actual Rows": 1,
                                "Actual Loops": 1
                            }
                        ],
                        "Plans": [
                            {
                                "Node Type": "Hash Join",
                                "Parent Relationship": "Outer",
                                "Parallel Aware": true,
                                "Join Type": "Inner",
                                "Startup Cost": 48727.04,
                                "Total Cost": 393017.13,
                                "Plan Rows": 226071,
                                "Plan Width": 0,
                                "Actual Startup Time": 374.056,
                                "Actual Total Time": 765.102,
                                "Actual Rows": 83765,
                                "Actual Loops": 7,
                                "Inner Unique": true,
                                "Hash Cond": "(ci.movie_id = t.id)",
                                "Workers": [
                                    {
                                        "Worker Number": 0,
                                        "Actual Startup Time": 374.444,
                                        "Actual Total Time": 762.364,
                                        "Actual Rows": 88736,
                                        "Actual Loops": 1
                                    },
                                    {
                                        "Worker Number": 1,
                                        "Actual Startup Time": 374.63,
                                        "Actual Total Time": 762.45,
                                        "Actual Rows": 85868,
                                        "Actual Loops": 1
                                    },
                                    {
                                        "Worker Number": 2,
                                        "Actual Startup Time": 368.774,
                                        "Actual Total Time": 762.568,
                                        "Actual Rows": 84088,
                                        "Actual Loops": 1
                                    },
                                    {
                                        "Worker Number": 3,
                                        "Actual Startup Time": 375.149,
                                        "Actual Total Time": 762.807,
                                        "Actual Rows": 77399,
                                        "Actual Loops": 1
                                    },
                                    {
                                        "Worker Number": 4,
                                        "Actual Startup Time": 369.927,
                                        "Actual Total Time": 764.531,
                                        "Actual Rows": 76863,
                                        "Actual Loops": 1
                                    },
                                    {
                                        "Worker Number": 5,
                                        "Actual Startup Time": 370.372,
                                        "Actual Total Time": 762.752,
                                        "Actual Rows": 77464,
                                        "Actual Loops": 1
                                    }
                                ],
                                "Plans": [
                                    {
                                        "Node Type": "Seq Scan",
                                        "Parent Relationship": "Outer",
                                        "Parallel Aware": true,
                                        "Relation Name": "cast_info",
                                        "Schema": "public",
                                        "Alias": "ci",
                                        "Startup Cost": 0.0,
                                        "Total Cost": 343318.94,
                                        "Plan Rows": 369962,
                                        "Plan Width": 4,
                                        "Actual Startup Time": 195.139,
                                        "Actual Total Time": 526.208,
                                        "Actual Rows": 139776,
                                        "Actual Loops": 7,
                                        "Output": [
                                            "ci.id",
                                            "ci.person_id",
                                            "ci.movie_id",
                                            "ci.person_role_id",
                                            "ci.note",
                                            "ci.nr_order",
                                            "ci.role_id"
                                        ],
                                        "Filter": "((ci.person_id < 333656) AND (ci.role_id > 1))",
                                        "Rows Removed by Filter": 5037987,
                                        "Workers": [
                                            {
                                                "Worker Number": 0,
                                                "Actual Startup Time": 194.857,
                                                "Actual Total Time": 527.432,
                                                "Actual Rows": 147650,
                                                "Actual Loops": 1
                                            },
                                            {
                                                "Worker Number": 1,
                                                "Actual Startup Time": 199.391,
                                                "Actual Total Time": 527.735,
                                                "Actual Rows": 142638,
                                                "Actual Loops": 1
                                            },
                                            {
                                                "Worker Number": 2,
                                                "Actual Startup Time": 193.486,
                                                "Actual Total Time": 528.018,
                                                "Actual Rows": 144176,
                                                "Actual Loops": 1
                                            },
                                            {
                                                "Worker Number": 3,
                                                "Actual Startup Time": 195.751,
                                                "Actual Total Time": 525.666,
                                                "Actual Rows": 128474,
                                                "Actual Loops": 1
                                            },
                                            {
                                                "Worker Number": 4,
                                                "Actual Startup Time": 193.774,
                                                "Actual Total Time": 526.474,
                                                "Actual Rows": 127431,
                                                "Actual Loops": 1
                                            },
                                            {
                                                "Worker Number": 5,
                                                "Actual Startup Time": 194.974,
                                                "Actual Total Time": 525.834,
                                                "Actual Rows": 128270,
                                                "Actual Loops": 1
                                            }
                                        ]
                                    },
                                    {
                                        "Node Type": "Hash",
                                        "Parent Relationship": "Inner",
                                        "Parallel Aware": true,
                                        "Startup Cost": 43899.01,
                                        "Total Cost": 43899.01,
                                        "Plan Rows": 386243,
                                        "Plan Width": 4,
                                        "Actual Startup Time": 172.743,
                                        "Actual Total Time": 172.744,
                                        "Actual Rows": 222266,
                                        "Actual Loops": 7,
                                        "Output": [
                                            "t.id"
                                        ],
                                        "Hash Buckets": 2097152,
                                        "Original Hash Buckets": 2097152,
                                        "Hash Batches": 1,
                                        "Original Hash Batches": 1,
                                        "Peak Memory Usage": 77312,
                                        "Workers": [
                                            {
                                                "Worker Number": 0,
                                                "Actual Startup Time": 174.323,
                                                "Actual Total Time": 174.324,
                                                "Actual Rows": 210907,
                                                "Actual Loops": 1
                                            },
                                            {
                                                "Worker Number": 1,
                                                "Actual Startup Time": 174.375,
                                                "Actual Total Time": 174.376,
                                                "Actual Rows": 215743,
                                                "Actual Loops": 1
                                            },
                                            {
                                                "Worker Number": 2,
                                                "Actual Startup Time": 174.42,
                                                "Actual Total Time": 174.421,
                                                "Actual Rows": 213174,
                                                "Actual Loops": 1
                                            },
                                            {
                                                "Worker Number": 3,
                                                "Actual Startup Time": 174.571,
                                                "Actual Total Time": 174.572,
                                                "Actual Rows": 196039,
                                                "Actual Loops": 1
                                            },
                                            {
                                                "Worker Number": 4,
                                                "Actual Startup Time": 175.538,
                                                "Actual Total Time": 175.539,
                                                "Actual Rows": 206706,
                                                "Actual Loops": 1
                                            },
                                            {
                                                "Worker Number": 5,
                                                "Actual Startup Time": 174.538,
                                                "Actual Total Time": 174.539,
                                                "Actual Rows": 200383,
                                                "Actual Loops": 1
                                            }
                                        ],
                                        "Plans": [
                                            {
                                                "Node Type": "Seq Scan",
                                                "Parent Relationship": "Outer",
                                                "Parallel Aware": true,
                                                "Relation Name": "title",
                                                "Schema": "public",
                                                "Alias": "t",
                                                "Startup Cost": 0.0,
                                                "Total Cost": 43899.01,
                                                "Plan Rows": 386243,
                                                "Plan Width": 4,
                                                "Actual Startup Time": 0.058,
                                                "Actual Total Time": 71.85,
                                                "Actual Rows": 222266,
                                                "Actual Loops": 7,
                                                "Output": [
                                                    "t.id"
                                                ],
                                                "Filter": "(t.kind_id > 4)",
                                                "Rows Removed by Filter": 138921,
                                                "Workers": [
                                                    {
                                                        "Worker Number": 0,
                                                        "Actual Startup Time": 0.062,
                                                        "Actual Total Time": 74.027,
                                                        "Actual Rows": 210907,
                                                        "Actual Loops": 1
                                                    },
                                                    {
                                                        "Worker Number": 1,
                                                        "Actual Startup Time": 0.065,
                                                        "Actual Total Time": 73.889,
                                                        "Actual Rows": 215743,
                                                        "Actual Loops": 1
                                                    },
                                                    {
                                                        "Worker Number": 2,
                                                        "Actual Startup Time": 0.073,
                                                        "Actual Total Time": 73.646,
                                                        "Actual Rows": 213174,
                                                        "Actual Loops": 1
                                                    },
                                                    {
                                                        "Worker Number": 3,
                                                        "Actual Startup Time": 0.071,
                                                        "Actual Total Time": 72.995,
                                                        "Actual Rows": 196039,
                                                        "Actual Loops": 1
                                                    },
                                                    {
                                                        "Worker Number": 4,
                                                        "Actual Startup Time": 0.049,
                                                        "Actual Total Time": 73.162,
                                                        "Actual Rows": 206706,
                                                        "Actual Loops": 1
                                                    },
                                                    {
                                                        "Worker Number": 5,
                                                        "Actual Startup Time": 0.068,
                                                        "Actual Total Time": 73.363,
                                                        "Actual Rows": 200383,
                                                        "Actual Loops": 1
                                                    }
                                                ]
                                            }
                                        ]
                                    }
                                ]
                            }
                        ]
                    }
                ]
            }
        ]
    },
    "Planning Time": 0.792,
    "Triggers": [],
    "Execution Time": 844.355
}