[
  {
    "Plan": {
      "Node Type": "Aggregate",
      "Strategy": "Plain",
      "Partial Mode": "Finalize",
      "Parallel Aware": false,
      "Startup Cost": 250950.48,
      "Total Cost": 250950.49,
      "Plan Rows": 1,
      "Plan Width": 8,
      "Actual Startup Time": 709.78,
      "Actual Total Time": 756.563,
      "Actual Rows": 1,
      "Actual Loops": 1,
      "Plans": [
        {
          "Node Type": "Gather",
          "Parent Relationship": "Outer",
          "Parallel Aware": false,
          "Startup Cost": 250949.95,
          "Total Cost": 250950.46,
          "Plan Rows": 5,
          "Plan Width": 8,
          "Actual Startup Time": 709.155,
          "Actual Total Time": 756.55,
          "Actual Rows": 6,
          "Actual Loops": 1,
          "Workers Planned": 5,
          "Workers Launched": 5,
          "Single Copy": false,
          "Plans": [
            {
              "Node Type": "Aggregate",
              "Strategy": "Plain",
              "Partial Mode": "Partial",
              "Parent Relationship": "Outer",
              "Parallel Aware": false,
              "Startup Cost": 249949.95,
              "Total Cost": 249949.96,
              "Plan Rows": 1,
              "Plan Width": 8,
              "Actual Startup Time": 697.897,
              "Actual Total Time": 697.899,
              "Actual Rows": 1,
              "Actual Loops": 6,
              "Plans": [
                {
                  "Node Type": "Hash Join",
                  "Parent Relationship": "Outer",
                  "Parallel Aware": true,
                  "Join Type": "Inner",
                  "Startup Cost": 44130.07,
                  "Total Cost": 249763.79,
                  "Plan Rows": 74465,
                  "Plan Width": 0,
                  "Actual Startup Time": 95.702,
                  "Actual Total Time": 691.066,
                  "Actual Rows": 128482,
                  "Actual Loops": 6,
                  "Inner Unique": true,
                  "Hash Cond": "(mi.movie_id = t.id)",
                  "Plans": [
                    {
                      "Node Type": "Seq Scan",
                      "Parent Relationship": "Outer",
                      "Parallel Aware": true,
                      "Relation Name": "movie_info",
                      "Alias": "mi",
                      "Startup Cost": 0.0,
                      "Total Cost": 198952.16,
                      "Plan Rows": 2545353,
                      "Plan Width": 4,
                      "Actual Startup Time": 0.029,
                      "Actual Total Time": 371.19,
                      "Actual Rows": 2124109,
                      "Actual Loops": 6,
                      "Filter": "(info_type_id > 2)",
                      "Rows Removed by Filter": 348511
                    },
                    {
                      "Node Type": "Hash",
                      "Parent Relationship": "Inner",
                      "Parallel Aware": true,
                      "Startup Cost": 43898.92,
                      "Total Cost": 43898.92,
                      "Plan Rows": 18492,
                      "Plan Width": 4,
                      "Actual Startup Time": 83.71,
                      "Actual Total Time": 83.711,
                      "Actual Rows": 12978,
                      "Actual Loops": 6,
                      "Hash Buckets": 131072,
                      "Original Hash Buckets": 131072,
                      "Hash Batches": 1,
                      "Original Hash Batches": 1,
                      "Peak Memory Usage": 4160,
                      "Plans": [
                        {
                          "Node Type": "Seq Scan",
                          "Parent Relationship": "Outer",
                          "Parallel Aware": true,
                          "Relation Name": "title",
                          "Alias": "t",
                          "Startup Cost": 0.0,
                          "Total Cost": 43898.92,
                          "Plan Rows": 18492,
                          "Plan Width": 4,
                          "Actual Startup Time": 47.501,
                          "Actual Total Time": 78.494,
                          "Actual Rows": 12978,
                          "Actual Loops": 6,
                          "Filter": "(production_year < 1918)",
                          "Rows Removed by Filter": 408408
                        }
                      ]
                    }
                  ]
                }
              ]
            }
          ]
        }
      ]
    },
    "Planning Time": 0.661,
    "Triggers": [],
    "Execution Time": 756.646
  }
]