{
  "Plan": {
    "Node Type": "Aggregate",
    "Strategy": "Plain",
    "Partial Mode": "Finalize",
    "Parallel Aware": false,
    "Startup Cost": 112546.95,
    "Total Cost": 112546.96,
    "Plan Rows": 1,
    "Plan Width": 8,
    "Actual Startup Time": 607.232,
    "Actual Total Time": 622.529,
    "Actual Rows": 1,
    "Actual Loops": 1,
    "Plans": [
      {
        "Node Type": "Gather",
        "Parent Relationship": "Outer",
        "Parallel Aware": false,
        "Startup Cost": 112546.84,
        "Total Cost": 112546.95,
        "Plan Rows": 1,
        "Plan Width": 8,
        "Actual Startup Time": 604.73,
        "Actual Total Time": 622.52,
        "Actual Rows": 2,
        "Actual Loops": 1,
        "Workers Planned": 1,
        "Workers Launched": 1,
        "Single Copy": false,
        "Plans": [
          {
            "Node Type": "Aggregate",
            "Strategy": "Plain",
            "Partial Mode": "Partial",
            "Parent Relationship": "Outer",
            "Parallel Aware": false,
            "Startup Cost": 111546.84,
            "Total Cost": 111546.85,
            "Plan Rows": 1,
            "Plan Width": 8,
            "Actual Startup Time": 601.191,
            "Actual Total Time": 601.195,
            "Actual Rows": 1,
            "Actual Loops": 2,
            "Plans": [
              {
                "Node Type": "Hash Join",
                "Parent Relationship": "Outer",
                "Parallel Aware": true,
                "Join Type": "Inner",
                "Startup Cost": 46559.78,
                "Total Cost": 111038.48,
                "Plan Rows": 203345,
                "Plan Width": 0,
                "Actual Startup Time": 260.999,
                "Actual Total Time": 597.039,
                "Actual Rows": 86706,
                "Actual Loops": 2,
                "Inner Unique": false,
                "Hash Cond": "(t.id = mc.movie_id)",
                "Plans": [
                  {
                    "Node Type": "Seq Scan",
                    "Parent Relationship": "Outer",
                    "Parallel Aware": true,
                    "Relation Name": "title",
                    "Alias": "t",
                    "Startup Cost": 0.0,
                    "Total Cost": 58306.47,
                    "Plan Rows": 796173,
                    "Plan Width": 4,
                    "Actual Startup Time": 0.011,
                    "Actual Total Time": 150.517,
                    "Actual Rows": 663890,
                    "Actual Loops": 2,
                    "Filter": "((production_year < 2012) AND (kind_id = 7))",
                    "Rows Removed by Filter": 600266
                  },
                  {
                    "Node Type": "Hash",
                    "Parent Relationship": "Inner",
                    "Parallel Aware": true,
                    "Startup Cost": 41811.73,
                    "Total Cost": 41811.73,
                    "Plan Rows": 379844,
                    "Plan Width": 4,
                    "Actual Startup Time": 253.413,
                    "Actual Total Time": 253.414,
                    "Actual Rows": 449149,
                    "Actual Loops": 2,
                    "Hash Buckets": 1048576,
                    "Original Hash Buckets": 1048576,
                    "Hash Batches": 1,
                    "Original Hash Batches": 1,
                    "Peak Memory Usage": 43392,
                    "Plans": [
                      {
                        "Node Type": "Seq Scan",
                        "Parent Relationship": "Outer",
                        "Parallel Aware": true,
                        "Relation Name": "movie_companies",
                        "Alias": "mc",
                        "Startup Cost": 0.0,
                        "Total Cost": 41811.73,
                        "Plan Rows": 379844,
                        "Plan Width": 4,
                        "Actual Startup Time": 62.495,
                        "Actual Total Time": 135.696,
                        "Actual Rows": 449149,
                        "Actual Loops": 2,
                        "Filter": "((company_id > 11427) AND (company_type_id > 1))",
                        "Rows Removed by Filter": 855416
                      }
                    ]
                  }
                ]
              }
            ]
          }
        ]
      }
    ]
  },
  "Planning Time": 0.453,
  "Triggers": [],
  "Execution Time": 622.578
}