[
  {
    "Plan": {
      "Node Type": "Aggregate",
      "Strategy": "Plain",
      "Partial Mode": "Finalize",
      "Parallel Aware": false,
      "Startup Cost": 30067.99,
      "Total Cost": 30068.0,
      "Plan Rows": 1,
      "Plan Width": 8,
      "Actual Startup Time": 47.693,
      "Actual Total Time": 55.337,
      "Actual Rows": 1,
      "Actual Loops": 1,
      "Plans": [
        {
          "Node Type": "Gather",
          "Parent Relationship": "Outer",
          "Parallel Aware": false,
          "Startup Cost": 30067.78,
          "Total Cost": 30067.99,
          "Plan Rows": 2,
          "Plan Width": 8,
          "Actual Startup Time": 47.471,
          "Actual Total Time": 55.329,
          "Actual Rows": 3,
          "Actual Loops": 1,
          "Workers Planned": 2,
          "Workers Launched": 2,
          "Single Copy": false,
          "Plans": [
            {
              "Node Type": "Aggregate",
              "Strategy": "Plain",
              "Partial Mode": "Partial",
              "Parent Relationship": "Outer",
              "Parallel Aware": false,
              "Startup Cost": 29067.78,
              "Total Cost": 29067.79,
              "Plan Rows": 1,
              "Plan Width": 8,
              "Actual Startup Time": 43.924,
              "Actual Total Time": 43.926,
              "Actual Rows": 1,
              "Actual Loops": 3,
              "Plans": [
                {
                  "Node Type": "Nested Loop",
                  "Parent Relationship": "Outer",
                  "Parallel Aware": false,
                  "Join Type": "Inner",
                  "Startup Cost": 185.59,
                  "Total Cost": 29065.43,
                  "Plan Rows": 938,
                  "Plan Width": 0,
                  "Actual Startup Time": 6.465,
                  "Actual Total Time": 43.898,
                  "Actual Rows": 162,
                  "Actual Loops": 3,
                  "Inner Unique": false,
                  "Plans": [
                    {
                      "Node Type": "Nested Loop",
                      "Parent Relationship": "Outer",
                      "Parallel Aware": false,
                      "Join Type": "Inner",
                      "Startup Cost": 185.16,
                      "Total Cost": 28150.19,
                      "Plan Rows": 1719,
                      "Plan Width": 8,
                      "Actual Startup Time": 6.347,
                      "Actual Total Time": 32.523,
                      "Actual Rows": 2335,
                      "Actual Loops": 3,
                      "Inner Unique": true,
                      "Plans": [
                        {
                          "Node Type": "Bitmap Heap Scan",
                          "Parent Relationship": "Outer",
                          "Parallel Aware": true,
                          "Relation Name": "movie_companies",
                          "Alias": "mc",
                          "Startup Cost": 184.73,
                          "Total Cost": 15280.85,
                          "Plan Rows": 1719,
                          "Plan Width": 4,
                          "Actual Startup Time": 6.24,
                          "Actual Total Time": 14.318,
                          "Actual Rows": 2335,
                          "Actual Loops": 3,
                          "Recheck Cond": "(company_id = 11141)",
                          "Rows Removed by Index Recheck": 0,
                          "Filter": "(company_type_id = 1)",
                          "Rows Removed by Filter": 742,
                          "Exact Heap Blocks": 2170,
                          "Lossy Heap Blocks": 0,
                          "Plans": [
                            {
                              "Node Type": "Bitmap Index Scan",
                              "Parent Relationship": "Outer",
                              "Parallel Aware": false,
                              "Index Name": "company_id_movie_companies",
                              "Startup Cost": 0.0,
                              "Total Cost": 183.7,
                              "Plan Rows": 8436,
                              "Plan Width": 0,
                              "Actual Startup Time": 6.813,
                              "Actual Total Time": 6.813,
                              "Actual Rows": 9230,
                              "Actual Loops": 1,
                              "Index Cond": "(company_id = 11141)"
                            }
                          ]
                        },
                        {
                          "Node Type": "Index Only Scan",
                          "Parent Relationship": "Inner",
                          "Parallel Aware": false,
                          "Scan Direction": "Forward",
                          "Index Name": "title_pkey",
                          "Relation Name": "title",
                          "Alias": "t",
                          "Startup Cost": 0.43,
                          "Total Cost": 7.49,
                          "Plan Rows": 1,
                          "Plan Width": 4,
                          "Actual Startup Time": 0.007,
                          "Actual Total Time": 0.007,
                          "Actual Rows": 1,
                          "Actual Loops": 7005,
                          "Index Cond": "(id = mc.movie_id)",
                          "Rows Removed by Index Recheck": 0,
                          "Heap Fetches": 7005
                        }
                      ]
                    },
                    {
                      "Node Type": "Index Only Scan",
                      "Parent Relationship": "Inner",
                      "Parallel Aware": false,
                      "Scan Direction": "Forward",
                      "Index Name": "movie_id_movie_info_idx",
                      "Relation Name": "movie_info_idx",
                      "Alias": "mi_idx",
                      "Startup Cost": 0.43,
                      "Total Cost": 0.5,
                      "Plan Rows": 3,
                      "Plan Width": 4,
                      "Actual Startup Time": 0.004,
                      "Actual Total Time": 0.004,
                      "Actual Rows": 0,
                      "Actual Loops": 7005,
                      "Index Cond": "(movie_id = t.id)",
                      "Rows Removed by Index Recheck": 0,
                      "Heap Fetches": 486
                    }
                  ]
                }
              ]
            }
          ]
        }
      ]
    },
    "Planning Time": 1.465,
    "Triggers": [],
    "Execution Time": 55.437
  }
]