[
    {
        "Bao": {
            "Bao prediction": "NaN",
            "Bao recommended hint": "(no hint)"
        }
    },
    {
        "Plan": {
            "Node Type": "Aggregate",
            "Strategy": "Plain",
            "Partial Mode": "Finalize",
            "Parallel Aware": false,
            "Startup Cost": 148677.94,
            "Total Cost": 148677.95,
            "Plan Rows": 1,
            "Plan Width": 8,
            "Actual Startup Time": 323.131,
            "Actual Total Time": 337.153,
            "Actual Rows": 1,
            "Actual Loops": 1,
            "Output": [
                "count(*)"
            ],
            "Plans": [
                {
                    "Node Type": "Gather",
                    "Parent Relationship": "Outer",
                    "Parallel Aware": false,
                    "Startup Cost": 148677.41,
                    "Total Cost": 148677.92,
                    "Plan Rows": 5,
                    "Plan Width": 8,
                    "Actual Startup Time": 322.001,
                    "Actual Total Time": 337.144,
                    "Actual Rows": 6,
                    "Actual Loops": 1,
                    "Output": [
                        "(PARTIAL count(*))"
                    ],
                    "Workers Planned": 5,
                    "Workers Launched": 5,
                    "Single Copy": false,
                    "Plans": [
                        {
                            "Node Type": "Aggregate",
                            "Strategy": "Plain",
                            "Partial Mode": "Partial",
                            "Parent Relationship": "Outer",
                            "Parallel Aware": false,
                            "Startup Cost": 147677.41,
                            "Total Cost": 147677.42,
                            "Plan Rows": 1,
                            "Plan Width": 8,
                            "Actual Startup Time": 311.321,
                            "Actual Total Time": 311.325,
                            "Actual Rows": 1,
                            "Actual Loops": 6,
                            "Output": [
                                "PARTIAL count(*)"
                            ],
                            "Workers": [
                                {
                                    "Worker Number": 0,
                                    "Actual Startup Time": 309.709,
                                    "Actual Total Time": 309.711,
                                    "Actual Rows": 1,
                                    "Actual Loops": 1
                                },
                                {
                                    "Worker Number": 1,
                                    "Actual Startup Time": 309.708,
                                    "Actual Total Time": 309.711,
                                    "Actual Rows": 1,
                                    "Actual Loops": 1
                                },
                                {
                                    "Worker Number": 2,
                                    "Actual Startup Time": 309.419,
                                    "Actual Total Time": 309.423,
                                    "Actual Rows": 1,
                                    "Actual Loops": 1
                                },
                                {
                                    "Worker Number": 3,
                                    "Actual Startup Time": 309.595,
                                    "Actual Total Time": 309.598,
                                    "Actual Rows": 1,
                                    "Actual Loops": 1
                                },
                                {
                                    "Worker Number": 4,
                                    "Actual Startup Time": 309.45,
                                    "Actual Total Time": 309.455,
                                    "Actual Rows": 1,
                                    "Actual Loops": 1
                                }
                            ],
                            "Plans": [
                                {
                                    "Node Type": "Hash Join",
                                    "Parent Relationship": "Outer",
                                    "Parallel Aware": true,
                                    "Join Type": "Inner",
                                    "Startup Cost": 38304.11,
                                    "Total Cost": 147608.35,
                                    "Plan Rows": 27625,
                                    "Plan Width": 0,
                                    "Actual Startup Time": 72.014,
                                    "Actual Total Time": 310.092,
                                    "Actual Rows": 18222,
                                    "Actual Loops": 6,
                                    "Inner Unique": true,
                                    "Hash Cond": "(ci.movie_id = t.id)",
                                    "Workers": [
                                        {
                                            "Worker Number": 0,
                                            "Actual Startup Time": 70.127,
                                            "Actual Total Time": 308.528,
                                            "Actual Rows": 21545,
                                            "Actual Loops": 1
                                        },
                                        {
                                            "Worker Number": 1,
                                            "Actual Startup Time": 70.203,
                                            "Actual Total Time": 308.528,
                                            "Actual Rows": 21495,
                                            "Actual Loops": 1
                                        },
                                        {
                                            "Worker Number": 2,
                                            "Actual Startup Time": 69.794,
                                            "Actual Total Time": 308.139,
                                            "Actual Rows": 14563,
                                            "Actual Loops": 1
                                        },
                                        {
                                            "Worker Number": 3,
                                            "Actual Startup Time": 70.593,
                                            "Actual Total Time": 308.367,
                                            "Actual Rows": 13773,
                                            "Actual Loops": 1
                                        },
                                        {
                                            "Worker Number": 4,
                                            "Actual Startup Time": 70.566,
                                            "Actual Total Time": 308.24,
                                            "Actual Rows": 13836,
                                            "Actual Loops": 1
                                        }
                                    ],
                                    "Plans": [
                                        {
                                            "Node Type": "Index Scan",
                                            "Parent Relationship": "Outer",
                                            "Parallel Aware": true,
                                            "Scan Direction": "Forward",
                                            "Index Name": "role_id_cast_info",
                                            "Relation Name": "cast_info",
                                            "Schema": "public",
                                            "Alias": "ci",
                                            "Startup Cost": 0.56,
                                            "Total Cost": 107202.96,
                                            "Plan Rows": 800703,
                                            "Plan Width": 4,
                                            "Actual Startup Time": 0.285,
                                            "Actual Total Time": 128.741,
                                            "Actual Rows": 668006,
                                            "Actual Loops": 6,
                                            "Output": [
                                                "ci.id",
                                                "ci.person_id",
                                                "ci.movie_id",
                                                "ci.person_role_id",
                                                "ci.note",
                                                "ci.nr_order",
                                                "ci.role_id"
                                            ],
                                            "Index Cond": "(ci.role_id = 3)",
                                            "Rows Removed by Index Recheck": 0,
                                            "Workers": [
                                                {
                                                    "Worker Number": 0,
                                                    "Actual Startup Time": 0.176,
                                                    "Actual Total Time": 129.887,
                                                    "Actual Rows": 783928,
                                                    "Actual Loops": 1
                                                },
                                                {
                                                    "Worker Number": 1,
                                                    "Actual Startup Time": 0.148,
                                                    "Actual Total Time": 129.69,
                                                    "Actual Rows": 787687,
                                                    "Actual Loops": 1
                                                },
                                                {
                                                    "Worker Number": 2,
                                                    "Actual Startup Time": 0.12,
                                                    "Actual Total Time": 129.083,
                                                    "Actual Rows": 521848,
                                                    "Actual Loops": 1
                                                },
                                                {
                                                    "Worker Number": 3,
                                                    "Actual Startup Time": 0.528,
                                                    "Actual Total Time": 129.016,
                                                    "Actual Rows": 518329,
                                                    "Actual Loops": 1
                                                },
                                                {
                                                    "Worker Number": 4,
                                                    "Actual Startup Time": 0.369,
                                                    "Actual Total Time": 128.913,
                                                    "Actual Rows": 519499,
                                                    "Actual Loops": 1
                                                }
                                            ]
                                        },
                                        {
                                            "Node Type": "Hash",
                                            "Parent Relationship": "Inner",
                                            "Parallel Aware": true,
                                            "Startup Cost": 38030.96,
                                            "Total Cost": 38030.96,
                                            "Plan Rows": 21807,
                                            "Plan Width": 4,
                                            "Actual Startup Time": 70.567,
                                            "Actual Total Time": 70.569,
                                            "Actual Rows": 15109,
                                            "Actual Loops": 6,
                                            "Output": [
                                                "t.id"
                                            ],
                                            "Hash Buckets": 131072,
                                            "Original Hash Buckets": 131072,
                                            "Hash Batches": 1,
                                            "Original Hash Batches": 1,
                                            "Peak Memory Usage": 4672,
                                            "Workers": [
                                                {
                                                    "Worker Number": 0,
                                                    "Actual Startup Time": 69.368,
                                                    "Actual Total Time": 69.369,
                                                    "Actual Rows": 10659,
                                                    "Actual Loops": 1
                                                },
                                                {
                                                    "Worker Number": 1,
                                                    "Actual Startup Time": 69.523,
                                                    "Actual Total Time": 69.524,
                                                    "Actual Rows": 10389,
                                                    "Actual Loops": 1
                                                },
                                                {
                                                    "Worker Number": 2,
                                                    "Actual Startup Time": 69.18,
                                                    "Actual Total Time": 69.181,
                                                    "Actual Rows": 8609,
                                                    "Actual Loops": 1
                                                },
                                                {
                                                    "Worker Number": 3,
                                                    "Actual Startup Time": 69.347,
                                                    "Actual Total Time": 69.348,
                                                    "Actual Rows": 8591,
                                                    "Actual Loops": 1
                                                },
                                                {
                                                    "Worker Number": 4,
                                                    "Actual Startup Time": 69.291,
                                                    "Actual Total Time": 69.293,
                                                    "Actual Rows": 8466,
                                                    "Actual Loops": 1
                                                }
                                            ],
                                            "Plans": [
                                                {
                                                    "Node Type": "Bitmap Heap Scan",
                                                    "Parent Relationship": "Outer",
                                                    "Parallel Aware": true,
                                                    "Relation Name": "title",
                                                    "Schema": "public",
                                                    "Alias": "t",
                                                    "Startup Cost": 1684.05,
                                                    "Total Cost": 38030.96,
                                                    "Plan Rows": 21807,
                                                    "Plan Width": 4,
                                                    "Actual Startup Time": 15.937,
                                                    "Actual Total Time": 63.504,
                                                    "Actual Rows": 15109,
                                                    "Actual Loops": 6,
                                                    "Output": [
                                                        "t.id"
                                                    ],
                                                    "Recheck Cond": "(t.kind_id = 2)",
                                                    "Rows Removed by Index Recheck": 0,
                                                    "Filter": "(t.production_year > 1918)",
                                                    "Rows Removed by Filter": 33,
                                                    "Exact Heap Blocks": 11499,
                                                    "Lossy Heap Blocks": 0,
                                                    "Workers": [
                                                        {
                                                            "Worker Number": 0,
                                                            "Actual Startup Time": 15.064,
                                                            "Actual Total Time": 63.173,
                                                            "Actual Rows": 10659,
                                                            "Actual Loops": 1
                                                        },
                                                        {
                                                            "Worker Number": 1,
                                                            "Actual Startup Time": 14.543,
                                                            "Actual Total Time": 63.371,
                                                            "Actual Rows": 10389,
                                                            "Actual Loops": 1
                                                        },
                                                        {
                                                            "Worker Number": 2,
                                                            "Actual Startup Time": 14.364,
                                                            "Actual Total Time": 62.444,
                                                            "Actual Rows": 8609,
                                                            "Actual Loops": 1
                                                        },
                                                        {
                                                            "Worker Number": 3,
                                                            "Actual Startup Time": 14.851,
                                                            "Actual Total Time": 62.859,
                                                            "Actual Rows": 8591,
                                                            "Actual Loops": 1
                                                        },
                                                        {
                                                            "Worker Number": 4,
                                                            "Actual Startup Time": 15.272,
                                                            "Actual Total Time": 63.11,
                                                            "Actual Rows": 8466,
                                                            "Actual Loops": 1
                                                        }
                                                    ],
                                                    "Plans": [
                                                        {
                                                            "Node Type": "Bitmap Index Scan",
                                                            "Parent Relationship": "Outer",
                                                            "Parallel Aware": false,
                                                            "Index Name": "kind_id_title",
                                                            "Startup Cost": 0.0,
                                                            "Total Cost": 1662.25,
                                                            "Plan Rows": 93042,
                                                            "Plan Width": 0,
                                                            "Actual Startup Time": 15.033,
                                                            "Actual Total Time": 15.033,
                                                            "Actual Rows": 90852,
                                                            "Actual Loops": 1,
                                                            "Index Cond": "(t.kind_id = 2)"
                                                        }
                                                    ]
                                                }
                                            ]
                                        }
                                    ]
                                }
                            ]
                        }
                    ]
                }
            ]
        },
        "Planning Time": 187.387,
        "Triggers": [],
        "Execution Time": 337.253
    }
]