[
  {
    "Plan": {
      "Node Type": "Aggregate",
      "Strategy": "Plain",
      "Partial Mode": "Finalize",
      "Parallel Aware": false,
      "Startup Cost": 221493.89,
      "Total Cost": 221493.9,
      "Plan Rows": 1,
      "Plan Width": 8,
      "Actual Startup Time": 242.005,
      "Actual Total Time": 253.473,
      "Actual Rows": 1,
      "Actual Loops": 1,
      "Plans": [
        {
          "Node Type": "Gather",
          "Parent Relationship": "Outer",
          "Parallel Aware": false,
          "Startup Cost": 221493.37,
          "Total Cost": 221493.88,
          "Plan Rows": 5,
          "Plan Width": 8,
          "Actual Startup Time": 238.951,
          "Actual Total Time": 253.46,
          "Actual Rows": 6,
          "Actual Loops": 1,
          "Workers Planned": 5,
          "Workers Launched": 5,
          "Single Copy": false,
          "Plans": [
            {
              "Node Type": "Aggregate",
              "Strategy": "Plain",
              "Partial Mode": "Partial",
              "Parent Relationship": "Outer",
              "Parallel Aware": false,
              "Startup Cost": 220493.37,
              "Total Cost": 220493.38,
              "Plan Rows": 1,
              "Plan Width": 8,
              "Actual Startup Time": 228.136,
              "Actual Total Time": 228.14,
              "Actual Rows": 1,
              "Actual Loops": 6,
              "Plans": [
                {
                  "Node Type": "Hash Join",
                  "Parent Relationship": "Outer",
                  "Parallel Aware": true,
                  "Join Type": "Inner",
                  "Startup Cost": 56986.67,
                  "Total Cost": 220404.76,
                  "Plan Rows": 35443,
                  "Plan Width": 0,
                  "Actual Startup Time": 178.202,
                  "Actual Total Time": 225.47,
                  "Actual Rows": 52044,
                  "Actual Loops": 6,
                  "Inner Unique": true,
                  "Hash Cond": "(mi.movie_id = t.id)",
                  "Plans": [
                    {
                      "Node Type": "Bitmap Heap Scan",
                      "Parent Relationship": "Outer",
                      "Parallel Aware": true,
                      "Relation Name": "movie_info",
                      "Alias": "mi",
                      "Startup Cost": 8535.51,
                      "Total Cost": 171706.27,
                      "Plan Rows": 94221,
                      "Plan Width": 4,
                      "Actual Startup Time": 18.94,
                      "Actual Total Time": 32.032,
                      "Actual Rows": 79074,
                      "Actual Loops": 6,
                      "Recheck Cond": "(info_type_id = 6)",
                      "Rows Removed by Index Recheck": 0,
                      "Exact Heap Blocks": 611,
                      "Lossy Heap Blocks": 0,
                      "Plans": [
                        {
                          "Node Type": "Bitmap Index Scan",
                          "Parent Relationship": "Outer",
                          "Parallel Aware": false,
                          "Index Name": "info_type_id_movie_info",
                          "Startup Cost": 0.0,
                          "Total Cost": 8417.73,
                          "Plan Rows": 471106,
                          "Plan Width": 0,
                          "Actual Startup Time": 18.405,
                          "Actual Total Time": 18.406,
                          "Actual Rows": 474443,
                          "Actual Loops": 1,
                          "Index Cond": "(info_type_id = 6)"
                        }
                      ]
                    },
                    {
                      "Node Type": "Hash",
                      "Parent Relationship": "Inner",
                      "Parallel Aware": true,
                      "Startup Cost": 45479.1,
                      "Total Cost": 45479.1,
                      "Plan Rows": 237765,
                      "Plan Width": 4,
                      "Actual Startup Time": 155.747,
                      "Actual Total Time": 155.748,
                      "Actual Rows": 157122,
                      "Actual Loops": 6,
                      "Hash Buckets": 1048576,
                      "Original Hash Buckets": 1048576,
                      "Hash Batches": 1,
                      "Original Hash Batches": 1,
                      "Peak Memory Usage": 45184,
                      "Plans": [
                        {
                          "Node Type": "Seq Scan",
                          "Parent Relationship": "Outer",
                          "Parallel Aware": true,
                          "Relation Name": "title",
                          "Alias": "t",
                          "Startup Cost": 0.0,
                          "Total Cost": 45479.1,
                          "Plan Rows": 237765,
                          "Plan Width": 4,
                          "Actual Startup Time": 0.041,
                          "Actual Total Time": 89.636,
                          "Actual Rows": 157122,
                          "Actual Loops": 6,
                          "Filter": "((kind_id < 7) AND (production_year > 1911))",
                          "Rows Removed by Filter": 264264
                        }
                      ]
                    }
                  ]
                }
              ]
            }
          ]
        }
      ]
    },
    "Planning Time": 0.615,
    "Triggers": [],
    "Execution Time": 253.559
  }
]