[
  {
    "Plan": {
      "Node Type": "Aggregate",
      "Strategy": "Plain",
      "Partial Mode": "Finalize",
      "Parallel Aware": false,
      "Startup Cost": 343752.55,
      "Total Cost": 343752.56,
      "Plan Rows": 1,
      "Plan Width": 8,
      "Actual Startup Time": 909.057,
      "Actual Total Time": 961.393,
      "Actual Rows": 1,
      "Actual Loops": 1,
      "Plans": [
        {
          "Node Type": "Gather",
          "Parent Relationship": "Outer",
          "Parallel Aware": false,
          "Startup Cost": 343751.92,
          "Total Cost": 343752.53,
          "Plan Rows": 6,
          "Plan Width": 8,
          "Actual Startup Time": 908.584,
          "Actual Total Time": 961.38,
          "Actual Rows": 7,
          "Actual Loops": 1,
          "Workers Planned": 6,
          "Workers Launched": 6,
          "Single Copy": false,
          "Plans": [
            {
              "Node Type": "Aggregate",
              "Strategy": "Plain",
              "Partial Mode": "Partial",
              "Parent Relationship": "Outer",
              "Parallel Aware": false,
              "Startup Cost": 342751.92,
              "Total Cost": 342751.93,
              "Plan Rows": 1,
              "Plan Width": 8,
              "Actual Startup Time": 902.892,
              "Actual Total Time": 902.893,
              "Actual Rows": 1,
              "Actual Loops": 7,
              "Plans": [
                {
                  "Node Type": "Seq Scan",
                  "Parent Relationship": "Outer",
                  "Parallel Aware": true,
                  "Relation Name": "cast_info",
                  "Alias": "ci",
                  "Startup Cost": 0.0,
                  "Total Cost": 328211.39,
                  "Plan Rows": 5816213,
                  "Plan Width": 0,
                  "Actual Startup Time": 0.035,
                  "Actual Total Time": 664.294,
                  "Actual Rows": 4994430,
                  "Actual Loops": 7,
                  "Filter": "(person_id < 3813446)",
                  "Rows Removed by Filter": 183333
                }
              ]
            }
          ]
        }
      ]
    },
    "Planning Time": 0.091,
    "Triggers": [],
    "Execution Time": 961.436
  }
]