[
  {
    "Plan": {
      "Node Type": "Aggregate",
      "Strategy": "Plain",
      "Partial Mode": "Finalize",
      "Parallel Aware": false,
      "Startup Cost": 30726.62,
      "Total Cost": 30726.63,
      "Plan Rows": 1,
      "Plan Width": 8,
      "Actual Startup Time": 86.185,
      "Actual Total Time": 92.808,
      "Actual Rows": 1,
      "Actual Loops": 1,
      "Plans": [
        {
          "Node Type": "Gather",
          "Parent Relationship": "Outer",
          "Parallel Aware": false,
          "Startup Cost": 30726.31,
          "Total Cost": 30726.62,
          "Plan Rows": 3,
          "Plan Width": 8,
          "Actual Startup Time": 86.067,
          "Actual Total Time": 92.795,
          "Actual Rows": 4,
          "Actual Loops": 1,
          "Workers Planned": 3,
          "Workers Launched": 3,
          "Single Copy": false,
          "Plans": [
            {
              "Node Type": "Aggregate",
              "Strategy": "Plain",
              "Partial Mode": "Partial",
              "Parent Relationship": "Outer",
              "Parallel Aware": false,
              "Startup Cost": 29726.31,
              "Total Cost": 29726.32,
              "Plan Rows": 1,
              "Plan Width": 8,
              "Actual Startup Time": 80.203,
              "Actual Total Time": 80.205,
              "Actual Rows": 1,
              "Actual Loops": 4,
              "Plans": [
                {
                  "Node Type": "Seq Scan",
                  "Parent Relationship": "Outer",
                  "Parallel Aware": true,
                  "Relation Name": "movie_companies",
                  "Alias": "mc",
                  "Startup Cost": 0.0,
                  "Total Cost": 29310.68,
                  "Plan Rows": 166250,
                  "Plan Width": 0,
                  "Actual Startup Time": 0.031,
                  "Actual Total Time": 72.348,
                  "Actual Rows": 126903,
                  "Actual Loops": 4,
                  "Filter": "(company_id < 463)",
                  "Rows Removed by Filter": 525379
                }
              ]
            }
          ]
        }
      ]
    },
    "Planning Time": 0.164,
    "Triggers": [],
    "Execution Time": 92.86
  }
]