[
  {
    "Plan": {
      "Node Type": "Aggregate",
      "Strategy": "Plain",
      "Partial Mode": "Finalize",
      "Parallel Aware": false,
      "Startup Cost": 30722.35,
      "Total Cost": 30722.36,
      "Plan Rows": 1,
      "Plan Width": 8,
      "Actual Startup Time": 87.642,
      "Actual Total Time": 95.575,
      "Actual Rows": 1,
      "Actual Loops": 1,
      "Plans": [
        {
          "Node Type": "Gather",
          "Parent Relationship": "Outer",
          "Parallel Aware": false,
          "Startup Cost": 30722.03,
          "Total Cost": 30722.34,
          "Plan Rows": 3,
          "Plan Width": 8,
          "Actual Startup Time": 87.55,
          "Actual Total Time": 95.567,
          "Actual Rows": 4,
          "Actual Loops": 1,
          "Workers Planned": 3,
          "Workers Launched": 3,
          "Single Copy": false,
          "Plans": [
            {
              "Node Type": "Aggregate",
              "Strategy": "Plain",
              "Partial Mode": "Partial",
              "Parent Relationship": "Outer",
              "Parallel Aware": false,
              "Startup Cost": 29722.03,
              "Total Cost": 29722.04,
              "Plan Rows": 1,
              "Plan Width": 8,
              "Actual Startup Time": 80.067,
              "Actual Total Time": 80.068,
              "Actual Rows": 1,
              "Actual Loops": 4,
              "Plans": [
                {
                  "Node Type": "Seq Scan",
                  "Parent Relationship": "Outer",
                  "Parallel Aware": true,
                  "Relation Name": "movie_companies",
                  "Alias": "mc",
                  "Startup Cost": 0.0,
                  "Total Cost": 29310.68,
                  "Plan Rows": 164541,
                  "Plan Width": 0,
                  "Actual Startup Time": 0.057,
                  "Actual Total Time": 71.609,
                  "Actual Rows": 126903,
                  "Actual Loops": 4,
                  "Filter": "(company_id < 463)",
                  "Rows Removed by Filter": 525379
                }
              ]
            }
          ]
        }
      ]
    },
    "Planning Time": 0.135,
    "Triggers": [],
    "Execution Time": 95.619
  }
]