[
  {
    "Plan": {
      "Node Type": "Aggregate",
      "Strategy": "Plain",
      "Partial Mode": "Finalize",
      "Parallel Aware": false,
      "Startup Cost": 33152.8,
      "Total Cost": 33152.81,
      "Plan Rows": 1,
      "Plan Width": 8,
      "Actual Startup Time": 85.735,
      "Actual Total Time": 93.526,
      "Actual Rows": 1,
      "Actual Loops": 1,
      "Plans": [
        {
          "Node Type": "Gather",
          "Parent Relationship": "Outer",
          "Parallel Aware": false,
          "Startup Cost": 33152.48,
          "Total Cost": 33152.79,
          "Plan Rows": 3,
          "Plan Width": 8,
          "Actual Startup Time": 85.569,
          "Actual Total Time": 93.519,
          "Actual Rows": 4,
          "Actual Loops": 1,
          "Workers Planned": 3,
          "Workers Launched": 3,
          "Single Copy": false,
          "Plans": [
            {
              "Node Type": "Aggregate",
              "Strategy": "Plain",
              "Partial Mode": "Partial",
              "Parent Relationship": "Outer",
              "Parallel Aware": false,
              "Startup Cost": 32152.48,
              "Total Cost": 32152.49,
              "Plan Rows": 1,
              "Plan Width": 8,
              "Actual Startup Time": 81.058,
              "Actual Total Time": 81.059,
              "Actual Rows": 1,
              "Actual Loops": 4,
              "Plans": [
                {
                  "Node Type": "Seq Scan",
                  "Parent Relationship": "Outer",
                  "Parallel Aware": true,
                  "Relation Name": "movie_companies",
                  "Alias": "mc",
                  "Startup Cost": 0.0,
                  "Total Cost": 31414.82,
                  "Plan Rows": 295066,
                  "Plan Width": 0,
                  "Actual Startup Time": 39.704,
                  "Actual Total Time": 74.112,
                  "Actual Rows": 150465,
                  "Actual Loops": 4,
                  "Filter": "((company_id < 29448) AND (company_type_id > 1))",
                  "Rows Removed by Filter": 501817
                }
              ]
            }
          ]
        }
      ]
    },
    "Planning Time": 0.182,
    "Triggers": [],
    "Execution Time": 93.576
  }
]