[
  {
    "Plan": {
      "Node Type": "Aggregate",
      "Strategy": "Plain",
      "Partial Mode": "Finalize",
      "Parallel Aware": false,
      "Startup Cost": 152676.71,
      "Total Cost": 152676.72,
      "Plan Rows": 1,
      "Plan Width": 8,
      "Actual Startup Time": 218.401,
      "Actual Total Time": 235.693,
      "Actual Rows": 1,
      "Actual Loops": 1,
      "Plans": [
        {
          "Node Type": "Gather",
          "Parent Relationship": "Outer",
          "Parallel Aware": false,
          "Startup Cost": 152676.19,
          "Total Cost": 152676.7,
          "Plan Rows": 5,
          "Plan Width": 8,
          "Actual Startup Time": 217.572,
          "Actual Total Time": 235.684,
          "Actual Rows": 6,
          "Actual Loops": 1,
          "Workers Planned": 5,
          "Workers Launched": 5,
          "Single Copy": false,
          "Plans": [
            {
              "Node Type": "Aggregate",
              "Strategy": "Plain",
              "Partial Mode": "Partial",
              "Parent Relationship": "Outer",
              "Parallel Aware": false,
              "Startup Cost": 151676.19,
              "Total Cost": 151676.2,
              "Plan Rows": 1,
              "Plan Width": 8,
              "Actual Startup Time": 210.597,
              "Actual Total Time": 210.601,
              "Actual Rows": 1,
              "Actual Loops": 6,
              "Plans": [
                {
                  "Node Type": "Hash Join",
                  "Parent Relationship": "Outer",
                  "Parallel Aware": true,
                  "Join Type": "Inner",
                  "Startup Cost": 44396.61,
                  "Total Cost": 151669.36,
                  "Plan Rows": 2730,
                  "Plan Width": 0,
                  "Actual Startup Time": 86.415,
                  "Actual Total Time": 210.481,
                  "Actual Rows": 1991,
                  "Actual Loops": 6,
                  "Inner Unique": true,
                  "Hash Cond": "(ci.movie_id = t.id)",
                  "Plans": [
                    {
                      "Node Type": "Index Scan",
                      "Parent Relationship": "Outer",
                      "Parallel Aware": true,
                      "Scan Direction": "Forward",
                      "Index Name": "role_id_cast_info",
                      "Relation Name": "cast_info",
                      "Alias": "ci",
                      "Startup Cost": 0.56,
                      "Total Cost": 107159.34,
                      "Plan Rows": 43422,
                      "Plan Width": 4,
                      "Actual Startup Time": 0.352,
                      "Actual Total Time": 117.933,
                      "Actual Rows": 27592,
                      "Actual Loops": 6,
                      "Index Cond": "(role_id = 3)",
                      "Rows Removed by Index Recheck": 0,
                      "Filter": "(person_id < 201876)",
                      "Rows Removed by Filter": 640414
                    },
                    {
                      "Node Type": "Hash",
                      "Parent Relationship": "Inner",
                      "Parallel Aware": true,
                      "Startup Cost": 43899.32,
                      "Total Cost": 43899.32,
                      "Plan Rows": 39738,
                      "Plan Width": 4,
                      "Actual Startup Time": 84.969,
                      "Actual Total Time": 84.971,
                      "Actual Rows": 26670,
                      "Actual Loops": 6,
                      "Hash Buckets": 262144,
                      "Original Hash Buckets": 262144,
                      "Hash Batches": 1,
                      "Original Hash Batches": 1,
                      "Peak Memory Usage": 8416,
                      "Plans": [
                        {
                          "Node Type": "Seq Scan",
                          "Parent Relationship": "Outer",
                          "Parallel Aware": true,
                          "Relation Name": "title",
                          "Alias": "t",
                          "Startup Cost": 0.0,
                          "Total Cost": 43899.32,
                          "Plan Rows": 39738,
                          "Plan Width": 4,
                          "Actual Startup Time": 0.032,
                          "Actual Total Time": 73.402,
                          "Actual Rows": 26670,
                          "Actual Loops": 6,
                          "Filter": "(production_year = 2011)",
                          "Rows Removed by Filter": 394716
                        }
                      ]
                    }
                  ]
                }
              ]
            }
          ]
        }
      ]
    },
    "Planning Time": 0.212,
    "Triggers": [],
    "Execution Time": 235.73
  }
]