[
  {
    "Plan": {
      "Node Type": "Aggregate",
      "Strategy": "Plain",
      "Partial Mode": "Finalize",
      "Parallel Aware": false,
      "Startup Cost": 63529.0,
      "Total Cost": 63529.01,
      "Plan Rows": 1,
      "Plan Width": 8,
      "Actual Startup Time": 273.792,
      "Actual Total Time": 289.915,
      "Actual Rows": 1,
      "Actual Loops": 1,
      "Plans": [
        {
          "Node Type": "Gather",
          "Parent Relationship": "Outer",
          "Parallel Aware": false,
          "Startup Cost": 63528.78,
          "Total Cost": 63528.99,
          "Plan Rows": 2,
          "Plan Width": 8,
          "Actual Startup Time": 271.364,
          "Actual Total Time": 289.906,
          "Actual Rows": 3,
          "Actual Loops": 1,
          "Workers Planned": 2,
          "Workers Launched": 2,
          "Single Copy": false,
          "Plans": [
            {
              "Node Type": "Aggregate",
              "Strategy": "Plain",
              "Partial Mode": "Partial",
              "Parent Relationship": "Outer",
              "Parallel Aware": false,
              "Startup Cost": 62528.78,
              "Total Cost": 62528.79,
              "Plan Rows": 1,
              "Plan Width": 8,
              "Actual Startup Time": 267.912,
              "Actual Total Time": 267.916,
              "Actual Rows": 1,
              "Actual Loops": 3,
              "Plans": [
                {
                  "Node Type": "Hash Join",
                  "Parent Relationship": "Outer",
                  "Parallel Aware": true,
                  "Join Type": "Inner",
                  "Startup Cost": 46304.72,
                  "Total Cost": 62429.15,
                  "Plan Rows": 39852,
                  "Plan Width": 0,
                  "Actual Startup Time": 199.761,
                  "Actual Total Time": 264.147,
                  "Actual Rows": 79405,
                  "Actual Loops": 3,
                  "Inner Unique": true,
                  "Hash Cond": "(mi_idx.movie_id = t.id)",
                  "Plans": [
                    {
                      "Node Type": "Seq Scan",
                      "Parent Relationship": "Outer",
                      "Parallel Aware": true,
                      "Relation Name": "movie_info_idx",
                      "Alias": "mi_idx",
                      "Startup Cost": 0.0,
                      "Total Cost": 15122.68,
                      "Plan Rows": 381618,
                      "Plan Width": 4,
                      "Actual Startup Time": 0.012,
                      "Actual Total Time": 50.039,
                      "Actual Rows": 306617,
                      "Actual Loops": 3,
                      "Filter": "(info_type_id < 101)",
                      "Rows Removed by Filter": 153395
                    },
                    {
                      "Node Type": "Hash",
                      "Parent Relationship": "Inner",
                      "Parallel Aware": true,
                      "Startup Cost": 45479.59,
                      "Total Cost": 45479.59,
                      "Plan Rows": 66011,
                      "Plan Width": 4,
                      "Actual Startup Time": 160.005,
                      "Actual Total Time": 160.006,
                      "Actual Rows": 124732,
                      "Actual Loops": 3,
                      "Hash Buckets": 524288,
                      "Original Hash Buckets": 524288,
                      "Hash Batches": 1,
                      "Original Hash Batches": 1,
                      "Peak Memory Usage": 18784,
                      "Plans": [
                        {
                          "Node Type": "Seq Scan",
                          "Parent Relationship": "Outer",
                          "Parallel Aware": true,
                          "Relation Name": "title",
                          "Alias": "t",
                          "Startup Cost": 0.0,
                          "Total Cost": 45479.59,
                          "Plan Rows": 66011,
                          "Plan Width": 4,
                          "Actual Startup Time": 63.516,
                          "Actual Total Time": 119.144,
                          "Actual Rows": 124732,
                          "Actual Loops": 3,
                          "Filter": "((production_year < 2000) AND (kind_id = 1))",
                          "Rows Removed by Filter": 718039
                        }
                      ]
                    }
                  ]
                }
              ]
            }
          ]
        }
      ]
    },
    "Planning Time": 0.23,
    "Triggers": [],
    "Execution Time": 289.949
  }
]