[
    {
        "Bao": {
            "Bao prediction": "NaN",
            "Bao recommended hint": "(no hint)"
        }
    },
    {
        "Plan": {
            "Node Type": "Aggregate",
            "Strategy": "Plain",
            "Partial Mode": "Finalize",
            "Parallel Aware": false,
            "Startup Cost": 219340.89,
            "Total Cost": 219340.9,
            "Plan Rows": 1,
            "Plan Width": 8,
            "Actual Startup Time": 150.644,
            "Actual Total Time": 157.931,
            "Actual Rows": 1,
            "Actual Loops": 1,
            "Output": [
                "count(*)"
            ],
            "Plans": [
                {
                    "Node Type": "Gather",
                    "Parent Relationship": "Outer",
                    "Parallel Aware": false,
                    "Startup Cost": 219340.37,
                    "Total Cost": 219340.88,
                    "Plan Rows": 5,
                    "Plan Width": 8,
                    "Actual Startup Time": 150.179,
                    "Actual Total Time": 157.922,
                    "Actual Rows": 6,
                    "Actual Loops": 1,
                    "Output": [
                        "(PARTIAL count(*))"
                    ],
                    "Workers Planned": 5,
                    "Workers Launched": 5,
                    "Single Copy": false,
                    "Plans": [
                        {
                            "Node Type": "Aggregate",
                            "Strategy": "Plain",
                            "Partial Mode": "Partial",
                            "Parent Relationship": "Outer",
                            "Parallel Aware": false,
                            "Startup Cost": 218340.37,
                            "Total Cost": 218340.38,
                            "Plan Rows": 1,
                            "Plan Width": 8,
                            "Actual Startup Time": 138.696,
                            "Actual Total Time": 138.699,
                            "Actual Rows": 1,
                            "Actual Loops": 6,
                            "Output": [
                                "PARTIAL count(*)"
                            ],
                            "Workers": [
                                {
                                    "Worker Number": 0,
                                    "Actual Startup Time": 135.866,
                                    "Actual Total Time": 135.868,
                                    "Actual Rows": 1,
                                    "Actual Loops": 1
                                },
                                {
                                    "Worker Number": 1,
                                    "Actual Startup Time": 136.628,
                                    "Actual Total Time": 136.631,
                                    "Actual Rows": 1,
                                    "Actual Loops": 1
                                },
                                {
                                    "Worker Number": 2,
                                    "Actual Startup Time": 135.811,
                                    "Actual Total Time": 135.814,
                                    "Actual Rows": 1,
                                    "Actual Loops": 1
                                },
                                {
                                    "Worker Number": 3,
                                    "Actual Startup Time": 137.047,
                                    "Actual Total Time": 137.05,
                                    "Actual Rows": 1,
                                    "Actual Loops": 1
                                },
                                {
                                    "Worker Number": 4,
                                    "Actual Startup Time": 137.452,
                                    "Actual Total Time": 137.455,
                                    "Actual Rows": 1,
                                    "Actual Loops": 1
                                }
                            ],
                            "Plans": [
                                {
                                    "Node Type": "Hash Join",
                                    "Parent Relationship": "Outer",
                                    "Parallel Aware": true,
                                    "Join Type": "Inner",
                                    "Startup Cost": 54812.7,
                                    "Total Cost": 218335.17,
                                    "Plan Rows": 2081,
                                    "Plan Width": 0,
                                    "Actual Startup Time": 109.252,
                                    "Actual Total Time": 138.555,
                                    "Actual Rows": 1398,
                                    "Actual Loops": 6,
                                    "Inner Unique": true,
                                    "Hash Cond": "(mi.movie_id = t.id)",
                                    "Workers": [
                                        {
                                            "Worker Number": 0,
                                            "Actual Startup Time": 107.274,
                                            "Actual Total Time": 135.722,
                                            "Actual Rows": 1333,
                                            "Actual Loops": 1
                                        },
                                        {
                                            "Worker Number": 1,
                                            "Actual Startup Time": 107.022,
                                            "Actual Total Time": 136.477,
                                            "Actual Rows": 1362,
                                            "Actual Loops": 1
                                        },
                                        {
                                            "Worker Number": 2,
                                            "Actual Startup Time": 106.499,
                                            "Actual Total Time": 135.678,
                                            "Actual Rows": 1363,
                                            "Actual Loops": 1
                                        },
                                        {
                                            "Worker Number": 3,
                                            "Actual Startup Time": 107.446,
                                            "Actual Total Time": 136.897,
                                            "Actual Rows": 1388,
                                            "Actual Loops": 1
                                        },
                                        {
                                            "Worker Number": 4,
                                            "Actual Startup Time": 107.8,
                                            "Actual Total Time": 137.304,
                                            "Actual Rows": 1344,
                                            "Actual Loops": 1
                                        }
                                    ],
                                    "Plans": [
                                        {
                                            "Node Type": "Bitmap Heap Scan",
                                            "Parent Relationship": "Outer",
                                            "Parallel Aware": true,
                                            "Relation Name": "movie_info",
                                            "Schema": "public",
                                            "Alias": "mi",
                                            "Startup Cost": 9170.9,
                                            "Total Cost": 172427.92,
                                            "Plan Rows": 101122,
                                            "Plan Width": 4,
                                            "Actual Startup Time": 21.964,
                                            "Actual Total Time": 36.424,
                                            "Actual Rows": 79074,
                                            "Actual Loops": 6,
                                            "Output": [
                                                "mi.id",
                                                "mi.movie_id",
                                                "mi.info_type_id",
                                                "mi.info",
                                                "mi.note"
                                            ],
                                            "Recheck Cond": "(mi.info_type_id = 6)",
                                            "Rows Removed by Index Recheck": 0,
                                            "Exact Heap Blocks": 635,
                                            "Lossy Heap Blocks": 0,
                                            "Workers": [
                                                {
                                                    "Worker Number": 0,
                                                    "Actual Startup Time": 22.075,
                                                    "Actual Total Time": 36.743,
                                                    "Actual Rows": 77029,
                                                    "Actual Loops": 1
                                                },
                                                {
                                                    "Worker Number": 1,
                                                    "Actual Startup Time": 21.888,
                                                    "Actual Total Time": 36.453,
                                                    "Actual Rows": 76943,
                                                    "Actual Loops": 1
                                                },
                                                {
                                                    "Worker Number": 2,
                                                    "Actual Startup Time": 22.093,
                                                    "Actual Total Time": 36.253,
                                                    "Actual Rows": 73950,
                                                    "Actual Loops": 1
                                                },
                                                {
                                                    "Worker Number": 3,
                                                    "Actual Startup Time": 21.998,
                                                    "Actual Total Time": 36.648,
                                                    "Actual Rows": 76738,
                                                    "Actual Loops": 1
                                                },
                                                {
                                                    "Worker Number": 4,
                                                    "Actual Startup Time": 21.873,
                                                    "Actual Total Time": 36.36,
                                                    "Actual Rows": 76155,
                                                    "Actual Loops": 1
                                                }
                                            ],
                                            "Plans": [
                                                {
                                                    "Node Type": "Bitmap Index Scan",
                                                    "Parent Relationship": "Outer",
                                                    "Parallel Aware": false,
                                                    "Index Name": "info_type_id_movie_info",
                                                    "Startup Cost": 0.0,
                                                    "Total Cost": 9044.49,
                                                    "Plan Rows": 505608,
                                                    "Plan Width": 0,
                                                    "Actual Startup Time": 21.193,
                                                    "Actual Total Time": 21.194,
                                                    "Actual Rows": 474443,
                                                    "Actual Loops": 1,
                                                    "Index Cond": "(mi.info_type_id = 6)"
                                                }
                                            ]
                                        },
                                        {
                                            "Node Type": "Hash",
                                            "Parent Relationship": "Inner",
                                            "Parallel Aware": true,
                                            "Startup Cost": 45479.21,
                                            "Total Cost": 45479.21,
                                            "Plan Rows": 13008,
                                            "Plan Width": 4,
                                            "Actual Startup Time": 86.413,
                                            "Actual Total Time": 86.414,
                                            "Actual Rows": 7335,
                                            "Actual Loops": 6,
                                            "Output": [
                                                "t.id"
                                            ],
                                            "Hash Buckets": 65536,
                                            "Original Hash Buckets": 65536,
                                            "Hash Batches": 1,
                                            "Original Hash Batches": 1,
                                            "Peak Memory Usage": 2304,
                                            "Workers": [
                                                {
                                                    "Worker Number": 0,
                                                    "Actual Startup Time": 83.758,
                                                    "Actual Total Time": 83.759,
                                                    "Actual Rows": 7311,
                                                    "Actual Loops": 1
                                                },
                                                {
                                                    "Worker Number": 1,
                                                    "Actual Startup Time": 84.451,
                                                    "Actual Total Time": 84.452,
                                                    "Actual Rows": 7251,
                                                    "Actual Loops": 1
                                                },
                                                {
                                                    "Worker Number": 2,
                                                    "Actual Startup Time": 83.577,
                                                    "Actual Total Time": 83.578,
                                                    "Actual Rows": 6208,
                                                    "Actual Loops": 1
                                                },
                                                {
                                                    "Worker Number": 3,
                                                    "Actual Startup Time": 84.858,
                                                    "Actual Total Time": 84.859,
                                                    "Actual Rows": 7186,
                                                    "Actual Loops": 1
                                                },
                                                {
                                                    "Worker Number": 4,
                                                    "Actual Startup Time": 85.233,
                                                    "Actual Total Time": 85.234,
                                                    "Actual Rows": 7039,
                                                    "Actual Loops": 1
                                                }
                                            ],
                                            "Plans": [
                                                {
                                                    "Node Type": "Seq Scan",
                                                    "Parent Relationship": "Outer",
                                                    "Parallel Aware": true,
                                                    "Relation Name": "title",
                                                    "Schema": "public",
                                                    "Alias": "t",
                                                    "Startup Cost": 0.0,
                                                    "Total Cost": 45479.21,
                                                    "Plan Rows": 13008,
                                                    "Plan Width": 4,
                                                    "Actual Startup Time": 0.222,
                                                    "Actual Total Time": 82.521,
                                                    "Actual Rows": 7335,
                                                    "Actual Loops": 6,
                                                    "Output": [
                                                        "t.id"
                                                    ],
                                                    "Filter": "((t.kind_id < 7) AND (t.production_year = 2009))",
                                                    "Rows Removed by Filter": 414050,
                                                    "Workers": [
                                                        {
                                                            "Worker Number": 0,
                                                            "Actual Startup Time": 0.087,
                                                            "Actual Total Time": 79.8,
                                                            "Actual Rows": 7311,
                                                            "Actual Loops": 1
                                                        },
                                                        {
                                                            "Worker Number": 1,
                                                            "Actual Startup Time": 0.334,
                                                            "Actual Total Time": 80.327,
                                                            "Actual Rows": 7251,
                                                            "Actual Loops": 1
                                                        },
                                                        {
                                                            "Worker Number": 2,
                                                            "Actual Startup Time": 0.159,
                                                            "Actual Total Time": 80.259,
                                                            "Actual Rows": 6208,
                                                            "Actual Loops": 1
                                                        },
                                                        {
                                                            "Worker Number": 3,
                                                            "Actual Startup Time": 0.507,
                                                            "Actual Total Time": 81.128,
                                                            "Actual Rows": 7186,
                                                            "Actual Loops": 1
                                                        },
                                                        {
                                                            "Worker Number": 4,
                                                            "Actual Startup Time": 0.151,
                                                            "Actual Total Time": 81.297,
                                                            "Actual Rows": 7039,
                                                            "Actual Loops": 1
                                                        }
                                                    ]
                                                }
                                            ]
                                        }
                                    ]
                                }
                            ]
                        }
                    ]
                }
            ]
        },
        "Planning Time": 286.217,
        "Triggers": [],
        "Execution Time": 158.086
    }
]