{
  "Plan": {
    "Node Type": "Aggregate",
    "Strategy": "Plain",
    "Partial Mode": "Finalize",
    "Parallel Aware": false,
    "Startup Cost": 101355.21,
    "Total Cost": 101355.22,
    "Plan Rows": 1,
    "Plan Width": 8,
    "Actual Startup Time": 525.26,
    "Actual Total Time": 541.144,
    "Actual Rows": 1,
    "Actual Loops": 1,
    "Plans": [
      {
        "Node Type": "Gather",
        "Parent Relationship": "Outer",
        "Parallel Aware": false,
        "Startup Cost": 101355.1,
        "Total Cost": 101355.21,
        "Plan Rows": 1,
        "Plan Width": 8,
        "Actual Startup Time": 524.003,
        "Actual Total Time": 541.134,
        "Actual Rows": 2,
        "Actual Loops": 1,
        "Workers Planned": 1,
        "Workers Launched": 1,
        "Single Copy": false,
        "Plans": [
          {
            "Node Type": "Aggregate",
            "Strategy": "Plain",
            "Partial Mode": "Partial",
            "Parent Relationship": "Outer",
            "Parallel Aware": false,
            "Startup Cost": 100355.1,
            "Total Cost": 100355.11,
            "Plan Rows": 1,
            "Plan Width": 8,
            "Actual Startup Time": 517.786,
            "Actual Total Time": 517.79,
            "Actual Rows": 1,
            "Actual Loops": 2,
            "Plans": [
              {
                "Node Type": "Hash Join",
                "Parent Relationship": "Outer",
                "Parallel Aware": true,
                "Join Type": "Inner",
                "Startup Cost": 38763.11,
                "Total Cost": 99929.66,
                "Plan Rows": 170176,
                "Plan Width": 0,
                "Actual Startup Time": 160.874,
                "Actual Total Time": 508.815,
                "Actual Rows": 210458,
                "Actual Loops": 2,
                "Inner Unique": false,
                "Hash Cond": "(t.id = mc.movie_id)",
                "Plans": [
                  {
                    "Node Type": "Seq Scan",
                    "Parent Relationship": "Outer",
                    "Parallel Aware": true,
                    "Relation Name": "title",
                    "Alias": "t",
                    "Startup Cost": 0.0,
                    "Total Cost": 50870.31,
                    "Plan Rows": 1487231,
                    "Plan Width": 4,
                    "Actual Startup Time": 0.01,
                    "Actual Total Time": 120.095,
                    "Actual Rows": 1264156,
                    "Actual Loops": 2
                  },
                  {
                    "Node Type": "Hash",
                    "Parent Relationship": "Inner",
                    "Parallel Aware": true,
                    "Startup Cost": 36635.91,
                    "Total Cost": 36635.91,
                    "Plan Rows": 170176,
                    "Plan Width": 4,
                    "Actual Startup Time": 154.884,
                    "Actual Total Time": 154.885,
                    "Actual Rows": 210458,
                    "Actual Loops": 2,
                    "Hash Buckets": 524288,
                    "Original Hash Buckets": 524288,
                    "Hash Batches": 1,
                    "Original Hash Batches": 1,
                    "Peak Memory Usage": 20608,
                    "Plans": [
                      {
                        "Node Type": "Bitmap Heap Scan",
                        "Parent Relationship": "Outer",
                        "Parallel Aware": true,
                        "Relation Name": "movie_companies",
                        "Alias": "mc",
                        "Startup Cost": 12660.42,
                        "Total Cost": 36635.91,
                        "Plan Rows": 170176,
                        "Plan Width": 4,
                        "Actual Startup Time": 39.546,
                        "Actual Total Time": 111.022,
                        "Actual Rows": 210458,
                        "Actual Loops": 2,
                        "Recheck Cond": "(company_id < 656)",
                        "Rows Removed by Index Recheck": 0,
                        "Filter": "(company_type_id = 1)",
                        "Rows Removed by Filter": 80496,
                        "Exact Heap Blocks": 11284,
                        "Lossy Heap Blocks": 0,
                        "Plans": [
                          {
                            "Node Type": "Bitmap Index Scan",
                            "Parent Relationship": "Outer",
                            "Parallel Aware": false,
                            "Index Name": "company_id_movie_companies",
                            "Startup Cost": 0.0,
                            "Total Cost": 12588.1,
                            "Plan Rows": 587689,
                            "Plan Width": 0,
                            "Actual Startup Time": 36.956,
                            "Actual Total Time": 36.956,
                            "Actual Rows": 581908,
                            "Actual Loops": 1,
                            "Index Cond": "(company_id < 656)"
                          }
                        ]
                      }
                    ]
                  }
                ]
              }
            ]
          }
        ]
      }
    ]
  },
  "Planning Time": 0.797,
  "Triggers": [],
  "Execution Time": 541.238
}