[
  {
    "Plan": {
      "Node Type": "Aggregate",
      "Strategy": "Plain",
      "Partial Mode": "Finalize",
      "Parallel Aware": false,
      "Startup Cost": 34322.42,
      "Total Cost": 34322.43,
      "Plan Rows": 1,
      "Plan Width": 8,
      "Actual Startup Time": 110.464,
      "Actual Total Time": 118.47,
      "Actual Rows": 1,
      "Actual Loops": 1,
      "Plans": [
        {
          "Node Type": "Gather",
          "Parent Relationship": "Outer",
          "Parallel Aware": false,
          "Startup Cost": 34322.1,
          "Total Cost": 34322.41,
          "Plan Rows": 3,
          "Plan Width": 8,
          "Actual Startup Time": 110.194,
          "Actual Total Time": 118.461,
          "Actual Rows": 4,
          "Actual Loops": 1,
          "Workers Planned": 3,
          "Workers Launched": 3,
          "Single Copy": false,
          "Plans": [
            {
              "Node Type": "Aggregate",
              "Strategy": "Plain",
              "Partial Mode": "Partial",
              "Parent Relationship": "Outer",
              "Parallel Aware": false,
              "Startup Cost": 33322.1,
              "Total Cost": 33322.11,
              "Plan Rows": 1,
              "Plan Width": 8,
              "Actual Startup Time": 103.003,
              "Actual Total Time": 103.005,
              "Actual Rows": 1,
              "Actual Loops": 4,
              "Plans": [
                {
                  "Node Type": "Bitmap Heap Scan",
                  "Parent Relationship": "Outer",
                  "Parallel Aware": true,
                  "Relation Name": "movie_keyword",
                  "Alias": "mk",
                  "Startup Cost": 7221.59,
                  "Total Cost": 33047.69,
                  "Plan Rows": 109767,
                  "Plan Width": 0,
                  "Actual Startup Time": 36.441,
                  "Actual Total Time": 97.801,
                  "Actual Rows": 84930,
                  "Actual Loops": 4,
                  "Recheck Cond": "(keyword_id > 48763)",
                  "Rows Removed by Index Recheck": 0,
                  "Exact Heap Blocks": 11671,
                  "Lossy Heap Blocks": 0,
                  "Plans": [
                    {
                      "Node Type": "Bitmap Index Scan",
                      "Parent Relationship": "Outer",
                      "Parallel Aware": false,
                      "Index Name": "keyword_id_movie_keyword",
                      "Startup Cost": 0.0,
                      "Total Cost": 7136.52,
                      "Plan Rows": 340279,
                      "Plan Width": 0,
                      "Actual Startup Time": 38.827,
                      "Actual Total Time": 38.827,
                      "Actual Rows": 339722,
                      "Actual Loops": 1,
                      "Index Cond": "(keyword_id > 48763)"
                    }
                  ]
                }
              ]
            }
          ]
        }
      ]
    },
    "Planning Time": 0.148,
    "Triggers": [],
    "Execution Time": 118.539
  }
]