[
  {
    "Plan": {
      "Node Type": "Aggregate",
      "Strategy": "Plain",
      "Partial Mode": "Finalize",
      "Parallel Aware": false,
      "Startup Cost": 34570.49,
      "Total Cost": 34570.5,
      "Plan Rows": 1,
      "Plan Width": 8,
      "Actual Startup Time": 116.442,
      "Actual Total Time": 123.981,
      "Actual Rows": 1,
      "Actual Loops": 1,
      "Plans": [
        {
          "Node Type": "Gather",
          "Parent Relationship": "Outer",
          "Parallel Aware": false,
          "Startup Cost": 34570.18,
          "Total Cost": 34570.49,
          "Plan Rows": 3,
          "Plan Width": 8,
          "Actual Startup Time": 116.233,
          "Actual Total Time": 123.974,
          "Actual Rows": 4,
          "Actual Loops": 1,
          "Workers Planned": 3,
          "Workers Launched": 3,
          "Single Copy": false,
          "Plans": [
            {
              "Node Type": "Aggregate",
              "Strategy": "Plain",
              "Partial Mode": "Partial",
              "Parent Relationship": "Outer",
              "Parallel Aware": false,
              "Startup Cost": 33570.18,
              "Total Cost": 33570.19,
              "Plan Rows": 1,
              "Plan Width": 8,
              "Actual Startup Time": 107.44,
              "Actual Total Time": 107.441,
              "Actual Rows": 1,
              "Actual Loops": 4,
              "Plans": [
                {
                  "Node Type": "Bitmap Heap Scan",
                  "Parent Relationship": "Outer",
                  "Parallel Aware": true,
                  "Relation Name": "movie_keyword",
                  "Alias": "mk",
                  "Startup Cost": 7423.51,
                  "Total Cost": 33288.07,
                  "Plan Rows": 112844,
                  "Plan Width": 0,
                  "Actual Startup Time": 38.226,
                  "Actual Total Time": 102.524,
                  "Actual Rows": 84930,
                  "Actual Loops": 4,
                  "Recheck Cond": "(keyword_id > 48763)",
                  "Rows Removed by Index Recheck": 0,
                  "Exact Heap Blocks": 10315,
                  "Lossy Heap Blocks": 0,
                  "Plans": [
                    {
                      "Node Type": "Bitmap Index Scan",
                      "Parent Relationship": "Outer",
                      "Parallel Aware": false,
                      "Index Name": "keyword_id_movie_keyword",
                      "Startup Cost": 0.0,
                      "Total Cost": 7336.06,
                      "Plan Rows": 349817,
                      "Plan Width": 0,
                      "Actual Startup Time": 42.212,
                      "Actual Total Time": 42.212,
                      "Actual Rows": 339722,
                      "Actual Loops": 1,
                      "Index Cond": "(keyword_id > 48763)"
                    }
                  ]
                }
              ]
            }
          ]
        }
      ]
    },
    "Planning Time": 0.167,
    "Triggers": [],
    "Execution Time": 124.056
  }
]