[
    {
        "Bao": {
            "Bao prediction": "NaN",
            "Bao recommended hint": "(no hint)"
        }
    },
    {
        "Plan": {
            "Node Type": "Aggregate",
            "Strategy": "Plain",
            "Partial Mode": "Finalize",
            "Parallel Aware": false,
            "Startup Cost": 40494.43,
            "Total Cost": 40494.44,
            "Plan Rows": 1,
            "Plan Width": 8,
            "Actual Startup Time": 128.506,
            "Actual Total Time": 134.673,
            "Actual Rows": 1,
            "Actual Loops": 1,
            "Output": [
                "count(*)"
            ],
            "Plans": [
                {
                    "Node Type": "Gather",
                    "Parent Relationship": "Outer",
                    "Parallel Aware": false,
                    "Startup Cost": 40494.11,
                    "Total Cost": 40494.42,
                    "Plan Rows": 3,
                    "Plan Width": 8,
                    "Actual Startup Time": 128.185,
                    "Actual Total Time": 134.665,
                    "Actual Rows": 4,
                    "Actual Loops": 1,
                    "Output": [
                        "(PARTIAL count(*))"
                    ],
                    "Workers Planned": 3,
                    "Workers Launched": 3,
                    "Single Copy": false,
                    "Plans": [
                        {
                            "Node Type": "Aggregate",
                            "Strategy": "Plain",
                            "Partial Mode": "Partial",
                            "Parent Relationship": "Outer",
                            "Parallel Aware": false,
                            "Startup Cost": 39494.11,
                            "Total Cost": 39494.12,
                            "Plan Rows": 1,
                            "Plan Width": 8,
                            "Actual Startup Time": 119.407,
                            "Actual Total Time": 119.409,
                            "Actual Rows": 1,
                            "Actual Loops": 4,
                            "Output": [
                                "PARTIAL count(*)"
                            ],
                            "Workers": [
                                {
                                    "Worker Number": 0,
                                    "Actual Startup Time": 116.058,
                                    "Actual Total Time": 116.06,
                                    "Actual Rows": 1,
                                    "Actual Loops": 1
                                },
                                {
                                    "Worker Number": 1,
                                    "Actual Startup Time": 116.634,
                                    "Actual Total Time": 116.636,
                                    "Actual Rows": 1,
                                    "Actual Loops": 1
                                },
                                {
                                    "Worker Number": 2,
                                    "Actual Startup Time": 116.978,
                                    "Actual Total Time": 116.98,
                                    "Actual Rows": 1,
                                    "Actual Loops": 1
                                }
                            ],
                            "Plans": [
                                {
                                    "Node Type": "Bitmap Heap Scan",
                                    "Parent Relationship": "Outer",
                                    "Parallel Aware": true,
                                    "Relation Name": "movie_keyword",
                                    "Schema": "public",
                                    "Alias": "mk",
                                    "Startup Cost": 12246.64,
                                    "Total Cost": 39028.53,
                                    "Plan Rows": 186231,
                                    "Plan Width": 0,
                                    "Actual Startup Time": 34.373,
                                    "Actual Total Time": 111.004,
                                    "Actual Rows": 143299,
                                    "Actual Loops": 4,
                                    "Recheck Cond": "(mk.keyword_id > 32069)",
                                    "Rows Removed by Index Recheck": 0,
                                    "Exact Heap Blocks": 10444,
                                    "Lossy Heap Blocks": 0,
                                    "Workers": [
                                        {
                                            "Worker Number": 0,
                                            "Actual Startup Time": 31.081,
                                            "Actual Total Time": 108.478,
                                            "Actual Rows": 81598,
                                            "Actual Loops": 1
                                        },
                                        {
                                            "Worker Number": 1,
                                            "Actual Startup Time": 31.793,
                                            "Actual Total Time": 109.059,
                                            "Actual Rows": 121198,
                                            "Actual Loops": 1
                                        },
                                        {
                                            "Worker Number": 2,
                                            "Actual Startup Time": 31.996,
                                            "Actual Total Time": 109.556,
                                            "Actual Rows": 114763,
                                            "Actual Loops": 1
                                        }
                                    ],
                                    "Plans": [
                                        {
                                            "Node Type": "Bitmap Index Scan",
                                            "Parent Relationship": "Outer",
                                            "Parallel Aware": false,
                                            "Index Name": "keyword_id_movie_keyword",
                                            "Startup Cost": 0.0,
                                            "Total Cost": 12102.31,
                                            "Plan Rows": 577317,
                                            "Plan Width": 0,
                                            "Actual Startup Time": 39.214,
                                            "Actual Total Time": 39.215,
                                            "Actual Rows": 573197,
                                            "Actual Loops": 1,
                                            "Index Cond": "(mk.keyword_id > 32069)"
                                        }
                                    ]
                                }
                            ]
                        }
                    ]
                }
            ]
        },
        "Planning Time": 200.142,
        "Triggers": [],
        "Execution Time": 134.72
    }
]