{
  "Plan": {
    "Node Type": "Aggregate",
    "Strategy": "Plain",
    "Partial Mode": "Finalize",
    "Parallel Aware": false,
    "Startup Cost": 328381.18,
    "Total Cost": 328381.19,
    "Plan Rows": 1,
    "Plan Width": 8,
    "Actual Startup Time": 2215.66,
    "Actual Total Time": 2305.787,
    "Actual Rows": 1,
    "Actual Loops": 1,
    "Plans": [
      {
        "Node Type": "Gather",
        "Parent Relationship": "Outer",
        "Parallel Aware": false,
        "Startup Cost": 328381.07,
        "Total Cost": 328381.18,
        "Plan Rows": 1,
        "Plan Width": 8,
        "Actual Startup Time": 2214.763,
        "Actual Total Time": 2305.779,
        "Actual Rows": 2,
        "Actual Loops": 1,
        "Workers Planned": 1,
        "Workers Launched": 1,
        "Single Copy": false,
        "Plans": [
          {
            "Node Type": "Aggregate",
            "Strategy": "Plain",
            "Partial Mode": "Partial",
            "Parent Relationship": "Outer",
            "Parallel Aware": false,
            "Startup Cost": 327381.07,
            "Total Cost": 327381.08,
            "Plan Rows": 1,
            "Plan Width": 8,
            "Actual Startup Time": 2208.32,
            "Actual Total Time": 2208.324,
            "Actual Rows": 1,
            "Actual Loops": 2,
            "Plans": [
              {
                "Node Type": "Nested Loop",
                "Parent Relationship": "Outer",
                "Parallel Aware": false,
                "Join Type": "Inner",
                "Startup Cost": 32021.82,
                "Total Cost": 325720.36,
                "Plan Rows": 664281,
                "Plan Width": 0,
                "Actual Startup Time": 125.374,
                "Actual Total Time": 2153.83,
                "Actual Rows": 1159454,
                "Actual Loops": 2,
                "Inner Unique": false,
                "Plans": [
                  {
                    "Node Type": "Hash Join",
                    "Parent Relationship": "Outer",
                    "Parallel Aware": true,
                    "Join Type": "Inner",
                    "Startup Cost": 32021.25,
                    "Total Cost": 89978.37,
                    "Plan Rows": 68287,
                    "Plan Width": 8,
                    "Actual Startup Time": 125.24,
                    "Actual Total Time": 413.814,
                    "Actual Rows": 92874,
                    "Actual Loops": 2,
                    "Inner Unique": false,
                    "Hash Cond": "(t.id = mc.movie_id)",
                    "Plans": [
                      {
                        "Node Type": "Seq Scan",
                        "Parent Relationship": "Outer",
                        "Parallel Aware": true,
                        "Relation Name": "title",
                        "Alias": "t",
                        "Startup Cost": 0.0,
                        "Total Cost": 54588.39,
                        "Plan Rows": 474726,
                        "Plan Width": 4,
                        "Actual Startup Time": 0.012,
                        "Actual Total Time": 138.26,
                        "Actual Rows": 406352,
                        "Actual Loops": 2,
                        "Filter": "(production_year < 1995)",
                        "Rows Removed by Filter": 857804
                      },
                      {
                        "Node Type": "Hash",
                        "Parent Relationship": "Inner",
                        "Parallel Aware": true,
                        "Startup Cost": 29347.11,
                        "Total Cost": 29347.11,
                        "Plan Rows": 213931,
                        "Plan Width": 4,
                        "Actual Startup Time": 119.588,
                        "Actual Total Time": 119.589,
                        "Actual Rows": 179032,
                        "Actual Loops": 2,
                        "Hash Buckets": 524288,
                        "Original Hash Buckets": 524288,
                        "Hash Batches": 1,
                        "Original Hash Batches": 1,
                        "Peak Memory Usage": 18144,
                        "Plans": [
                          {
                            "Node Type": "Bitmap Heap Scan",
                            "Parent Relationship": "Outer",
                            "Parallel Aware": true,
                            "Relation Name": "movie_companies",
                            "Alias": "mc",
                            "Startup Cost": 7882.97,
                            "Total Cost": 29347.11,
                            "Plan Rows": 213931,
                            "Plan Width": 4,
                            "Actual Startup Time": 29.395,
                            "Actual Total Time": 82.588,
                            "Actual Rows": 179032,
                            "Actual Loops": 2,
                            "Recheck Cond": "(company_id < 181)",
                            "Rows Removed by Index Recheck": 0,
                            "Exact Heap Blocks": 11426,
                            "Lossy Heap Blocks": 0,
                            "Plans": [
                              {
                                "Node Type": "Bitmap Index Scan",
                                "Parent Relationship": "Outer",
                                "Parallel Aware": false,
                                "Index Name": "company_id_movie_companies",
                                "Startup Cost": 0.0,
                                "Total Cost": 7792.05,
                                "Plan Rows": 363683,
                                "Plan Width": 0,
                                "Actual Startup Time": 26.154,
                                "Actual Total Time": 26.155,
                                "Actual Rows": 358065,
                                "Actual Loops": 1,
                                "Index Cond": "(company_id < 181)"
                              }
                            ]
                          }
                        ]
                      }
                    ]
                  },
                  {
                    "Node Type": "Index Scan",
                    "Parent Relationship": "Inner",
                    "Parallel Aware": false,
                    "Scan Direction": "Forward",
                    "Index Name": "movie_id_cast_info",
                    "Relation Name": "cast_info",
                    "Alias": "ci",
                    "Startup Cost": 0.56,
                    "Total Cost": 3.2,
                    "Plan Rows": 25,
                    "Plan Width": 4,
                    "Actual Startup Time": 0.008,
                    "Actual Total Time": 0.018,
                    "Actual Rows": 12,
                    "Actual Loops": 185748,
                    "Index Cond": "(movie_id = t.id)",
                    "Rows Removed by Index Recheck": 0,
                    "Filter": "(person_id > 1144044)",
                    "Rows Removed by Filter": 8
                  }
                ]
              }
            ]
          }
        ]
      }
    ]
  },
  "Planning Time": 1.004,
  "Triggers": [],
  "Execution Time": 2305.918
}