[
  {
    "Plan": {
      "Node Type": "Aggregate",
      "Strategy": "Plain",
      "Partial Mode": "Finalize",
      "Parallel Aware": false,
      "Startup Cost": 46014.51,
      "Total Cost": 46014.52,
      "Plan Rows": 1,
      "Plan Width": 8,
      "Actual Startup Time": 154.201,
      "Actual Total Time": 163.147,
      "Actual Rows": 1,
      "Actual Loops": 1,
      "Plans": [
        {
          "Node Type": "Gather",
          "Parent Relationship": "Outer",
          "Parallel Aware": false,
          "Startup Cost": 46014.19,
          "Total Cost": 46014.5,
          "Plan Rows": 3,
          "Plan Width": 8,
          "Actual Startup Time": 154.101,
          "Actual Total Time": 163.138,
          "Actual Rows": 4,
          "Actual Loops": 1,
          "Workers Planned": 3,
          "Workers Launched": 3,
          "Single Copy": false,
          "Plans": [
            {
              "Node Type": "Aggregate",
              "Strategy": "Plain",
              "Partial Mode": "Partial",
              "Parent Relationship": "Outer",
              "Parallel Aware": false,
              "Startup Cost": 45014.19,
              "Total Cost": 45014.2,
              "Plan Rows": 1,
              "Plan Width": 8,
              "Actual Startup Time": 150.171,
              "Actual Total Time": 150.172,
              "Actual Rows": 1,
              "Actual Loops": 4,
              "Plans": [
                {
                  "Node Type": "Seq Scan",
                  "Parent Relationship": "Outer",
                  "Parallel Aware": true,
                  "Relation Name": "movie_keyword",
                  "Alias": "mk",
                  "Startup Cost": 0.0,
                  "Total Cost": 42695.65,
                  "Plan Rows": 927414,
                  "Plan Width": 0,
                  "Actual Startup Time": 0.031,
                  "Actual Total Time": 117.217,
                  "Actual Rows": 722005,
                  "Actual Loops": 4,
                  "Filter": "(keyword_id < 9077)",
                  "Rows Removed by Filter": 408978
                }
              ]
            }
          ]
        }
      ]
    },
    "Planning Time": 0.139,
    "Triggers": [],
    "Execution Time": 163.189
  }
]