[
    {
        "Bao": {
            "Bao prediction": "NaN",
            "Bao recommended hint": "(no hint)"
        }
    },
    {
        "Plan": {
            "Node Type": "Aggregate",
            "Strategy": "Plain",
            "Partial Mode": "Finalize",
            "Parallel Aware": false,
            "Startup Cost": 703977.32,
            "Total Cost": 703977.33,
            "Plan Rows": 1,
            "Plan Width": 8,
            "Actual Startup Time": 11395.781,
            "Actual Total Time": 11511.271,
            "Actual Rows": 1,
            "Actual Loops": 1,
            "Output": [
                "count(*)"
            ],
            "Plans": [
                {
                    "Node Type": "Gather",
                    "Parent Relationship": "Outer",
                    "Parallel Aware": false,
                    "Startup Cost": 703976.8,
                    "Total Cost": 703977.31,
                    "Plan Rows": 5,
                    "Plan Width": 8,
                    "Actual Startup Time": 11269.83,
                    "Actual Total Time": 11511.256,
                    "Actual Rows": 6,
                    "Actual Loops": 1,
                    "Output": [
                        "(PARTIAL count(*))"
                    ],
                    "Workers Planned": 5,
                    "Workers Launched": 5,
                    "Single Copy": false,
                    "Plans": [
                        {
                            "Node Type": "Aggregate",
                            "Strategy": "Plain",
                            "Partial Mode": "Partial",
                            "Parent Relationship": "Outer",
                            "Parallel Aware": false,
                            "Startup Cost": 702976.8,
                            "Total Cost": 702976.81,
                            "Plan Rows": 1,
                            "Plan Width": 8,
                            "Actual Startup Time": 11223.29,
                            "Actual Total Time": 11225.791,
                            "Actual Rows": 1,
                            "Actual Loops": 6,
                            "Output": [
                                "PARTIAL count(*)"
                            ],
                            "Workers": [
                                {
                                    "Worker Number": 0,
                                    "Actual Startup Time": 11210.158,
                                    "Actual Total Time": 11210.162,
                                    "Actual Rows": 1,
                                    "Actual Loops": 1
                                },
                                {
                                    "Worker Number": 1,
                                    "Actual Startup Time": 11210.129,
                                    "Actual Total Time": 11210.134,
                                    "Actual Rows": 1,
                                    "Actual Loops": 1
                                },
                                {
                                    "Worker Number": 2,
                                    "Actual Startup Time": 11210.255,
                                    "Actual Total Time": 11210.26,
                                    "Actual Rows": 1,
                                    "Actual Loops": 1
                                },
                                {
                                    "Worker Number": 3,
                                    "Actual Startup Time": 11229.551,
                                    "Actual Total Time": 11229.557,
                                    "Actual Rows": 1,
                                    "Actual Loops": 1
                                },
                                {
                                    "Worker Number": 4,
                                    "Actual Startup Time": 11210.271,
                                    "Actual Total Time": 11210.276,
                                    "Actual Rows": 1,
                                    "Actual Loops": 1
                                }
                            ],
                            "Plans": [
                                {
                                    "Node Type": "Hash Join",
                                    "Parent Relationship": "Outer",
                                    "Parallel Aware": true,
                                    "Join Type": "Inner",
                                    "Startup Cost": 418566.04,
                                    "Total Cost": 658298.58,
                                    "Plan Rows": 17871290,
                                    "Plan Width": 0,
                                    "Actual Startup Time": 4129.712,
                                    "Actual Total Time": 9789.837,
                                    "Actual Rows": 33518260,
                                    "Actual Loops": 6,
                                    "Inner Unique": false,
                                    "Hash Cond": "(mi.movie_id = t.id)",
                                    "Workers": [
                                        {
                                            "Worker Number": 0,
                                            "Actual Startup Time": 4119.685,
                                            "Actual Total Time": 9765.427,
                                            "Actual Rows": 33435099,
                                            "Actual Loops": 1
                                        },
                                        {
                                            "Worker Number": 1,
                                            "Actual Startup Time": 4119.893,
                                            "Actual Total Time": 9818.066,
                                            "Actual Rows": 35259119,
                                            "Actual Loops": 1
                                        },
                                        {
                                            "Worker Number": 2,
                                            "Actual Startup Time": 4120.007,
                                            "Actual Total Time": 9806.103,
                                            "Actual Rows": 34867807,
                                            "Actual Loops": 1
                                        },
                                        {
                                            "Worker Number": 3,
                                            "Actual Startup Time": 4119.714,
                                            "Actual Total Time": 9752.013,
                                            "Actual Rows": 29897554,
                                            "Actual Loops": 1
                                        },
                                        {
                                            "Worker Number": 4,
                                            "Actual Startup Time": 4120.094,
                                            "Actual Total Time": 9788.218,
                                            "Actual Rows": 34148421,
                                            "Actual Loops": 1
                                        }
                                    ],
                                    "Plans": [
                                        {
                                            "Node Type": "Seq Scan",
                                            "Parent Relationship": "Outer",
                                            "Parallel Aware": true,
                                            "Relation Name": "movie_info",
                                            "Schema": "public",
                                            "Alias": "mi",
                                            "Startup Cost": 0.0,
                                            "Total Cost": 191503.19,
                                            "Plan Rows": 2951019,
                                            "Plan Width": 4,
                                            "Actual Startup Time": 0.038,
                                            "Actual Total Time": 284.439,
                                            "Actual Rows": 2472620,
                                            "Actual Loops": 6,
                                            "Output": [
                                                "mi.id",
                                                "mi.movie_id",
                                                "mi.info_type_id",
                                                "mi.info",
                                                "mi.note"
                                            ],
                                            "Workers": [
                                                {
                                                    "Worker Number": 0,
                                                    "Actual Startup Time": 0.037,
                                                    "Actual Total Time": 298.974,
                                                    "Actual Rows": 2384725,
                                                    "Actual Loops": 1
                                                },
                                                {
                                                    "Worker Number": 1,
                                                    "Actual Startup Time": 0.038,
                                                    "Actual Total Time": 293.979,
                                                    "Actual Rows": 2578773,
                                                    "Actual Loops": 1
                                                },
                                                {
                                                    "Worker Number": 2,
                                                    "Actual Startup Time": 0.037,
                                                    "Actual Total Time": 293.629,
                                                    "Actual Rows": 2558277,
                                                    "Actual Loops": 1
                                                },
                                                {
                                                    "Worker Number": 3,
                                                    "Actual Startup Time": 0.057,
                                                    "Actual Total Time": 304.144,
                                                    "Actual Rows": 2355085,
                                                    "Actual Loops": 1
                                                },
                                                {
                                                    "Worker Number": 4,
                                                    "Actual Startup Time": 0.041,
                                                    "Actual Total Time": 297.917,
                                                    "Actual Rows": 2488815,
                                                    "Actual Loops": 1
                                                }
                                            ]
                                        },
                                        {
                                            "Node Type": "Hash",
                                            "Parent Relationship": "Inner",
                                            "Parallel Aware": true,
                                            "Startup Cost": 386667.19,
                                            "Total Cost": 386667.19,
                                            "Plan Rows": 2551908,
                                            "Plan Width": 8,
                                            "Actual Startup Time": 4105.393,
                                            "Actual Total Time": 4107.892,
                                            "Actual Rows": 2602071,
                                            "Actual Loops": 6,
                                            "Output": [
                                                "t.id",
                                                "ci.movie_id"
                                            ],
                                            "Hash Buckets": 16777216,
                                            "Original Hash Buckets": 16777216,
                                            "Hash Batches": 1,
                                            "Original Hash Batches": 1,
                                            "Peak Memory Usage": 741920,
                                            "Workers": [
                                                {
                                                    "Worker Number": 0,
                                                    "Actual Startup Time": 4118.906,
                                                    "Actual Total Time": 4118.909,
                                                    "Actual Rows": 2569570,
                                                    "Actual Loops": 1
                                                },
                                                {
                                                    "Worker Number": 1,
                                                    "Actual Startup Time": 4118.94,
                                                    "Actual Total Time": 4118.943,
                                                    "Actual Rows": 2604527,
                                                    "Actual Loops": 1
                                                },
                                                {
                                                    "Worker Number": 2,
                                                    "Actual Startup Time": 4119.039,
                                                    "Actual Total Time": 4119.042,
                                                    "Actual Rows": 2615115,
                                                    "Actual Loops": 1
                                                },
                                                {
                                                    "Worker Number": 3,
                                                    "Actual Startup Time": 4118.753,
                                                    "Actual Total Time": 4118.757,
                                                    "Actual Rows": 2550474,
                                                    "Actual Loops": 1
                                                },
                                                {
                                                    "Worker Number": 4,
                                                    "Actual Startup Time": 4118.976,
                                                    "Actual Total Time": 4118.98,
                                                    "Actual Rows": 2601093,
                                                    "Actual Loops": 1
                                                }
                                            ],
                                            "Plans": [
                                                {
                                                    "Node Type": "Hash Join",
                                                    "Parent Relationship": "Outer",
                                                    "Parallel Aware": true,
                                                    "Join Type": "Inner",
                                                    "Startup Cost": 51354.73,
                                                    "Total Cost": 386667.19,
                                                    "Plan Rows": 2551908,
                                                    "Plan Width": 8,
                                                    "Actual Startup Time": 612.115,
                                                    "Actual Total Time": 2754.656,
                                                    "Actual Rows": 2602071,
                                                    "Actual Loops": 6,
                                                    "Output": [
                                                        "t.id",
                                                        "ci.movie_id"
                                                    ],
                                                    "Inner Unique": true,
                                                    "Hash Cond": "(ci.movie_id = t.id)",
                                                    "Workers": [
                                                        {
                                                            "Worker Number": 0,
                                                            "Actual Startup Time": 612.119,
                                                            "Actual Total Time": 2758.674,
                                                            "Actual Rows": 2569570,
                                                            "Actual Loops": 1
                                                        },
                                                        {
                                                            "Worker Number": 1,
                                                            "Actual Startup Time": 612.054,
                                                            "Actual Total Time": 2757.512,
                                                            "Actual Rows": 2604527,
                                                            "Actual Loops": 1
                                                        },
                                                        {
                                                            "Worker Number": 2,
                                                            "Actual Startup Time": 612.027,
                                                            "Actual Total Time": 2754.337,
                                                            "Actual Rows": 2615115,
                                                            "Actual Loops": 1
                                                        },
                                                        {
                                                            "Worker Number": 3,
                                                            "Actual Startup Time": 612.136,
                                                            "Actual Total Time": 2757.671,
                                                            "Actual Rows": 2550474,
                                                            "Actual Loops": 1
                                                        },
                                                        {
                                                            "Worker Number": 4,
                                                            "Actual Startup Time": 612.037,
                                                            "Actual Total Time": 2757.464,
                                                            "Actual Rows": 2601093,
                                                            "Actual Loops": 1
                                                        }
                                                    ],
                                                    "Plans": [
                                                        {
                                                            "Node Type": "Seq Scan",
                                                            "Parent Relationship": "Outer",
                                                            "Parallel Aware": true,
                                                            "Relation Name": "cast_info",
                                                            "Schema": "public",
                                                            "Alias": "ci",
                                                            "Startup Cost": 0.0,
                                                            "Total Cost": 328213.62,
                                                            "Plan Rows": 2704316,
                                                            "Plan Width": 4,
                                                            "Actual Startup Time": 285.883,
                                                            "Actual Total Time": 870.012,
                                                            "Actual Rows": 2716951,
                                                            "Actual Loops": 6,
                                                            "Output": [
                                                                "ci.id",
                                                                "ci.person_id",
                                                                "ci.movie_id",
                                                                "ci.person_role_id",
                                                                "ci.note",
                                                                "ci.nr_order",
                                                                "ci.role_id"
                                                            ],
                                                            "Filter": "(ci.person_id > 2003092)",
                                                            "Rows Removed by Filter": 3323773,
                                                            "Workers": [
                                                                {
                                                                    "Worker Number": 0,
                                                                    "Actual Startup Time": 285.875,
                                                                    "Actual Total Time": 881.447,
                                                                    "Actual Rows": 2682830,
                                                                    "Actual Loops": 1
                                                                },
                                                                {
                                                                    "Worker Number": 1,
                                                                    "Actual Startup Time": 285.88,
                                                                    "Actual Total Time": 883.971,
                                                                    "Actual Rows": 2720926,
                                                                    "Actual Loops": 1
                                                                },
                                                                {
                                                                    "Worker Number": 2,
                                                                    "Actual Startup Time": 285.895,
                                                                    "Actual Total Time": 886.612,
                                                                    "Actual Rows": 2729426,
                                                                    "Actual Loops": 1
                                                                },
                                                                {
                                                                    "Worker Number": 3,
                                                                    "Actual Startup Time": 285.872,
                                                                    "Actual Total Time": 884.214,
                                                                    "Actual Rows": 2664924,
                                                                    "Actual Loops": 1
                                                                },
                                                                {
                                                                    "Worker Number": 4,
                                                                    "Actual Startup Time": 285.899,
                                                                    "Actual Total Time": 884.109,
                                                                    "Actual Rows": 2716702,
                                                                    "Actual Loops": 1
                                                                }
                                                            ]
                                                        },
                                                        {
                                                            "Node Type": "Hash",
                                                            "Parent Relationship": "Inner",
                                                            "Parallel Aware": true,
                                                            "Startup Cost": 43899.01,
                                                            "Total Cost": 43899.01,
                                                            "Plan Rows": 596458,
                                                            "Plan Width": 4,
                                                            "Actual Startup Time": 320.995,
                                                            "Actual Total Time": 320.997,
                                                            "Actual Rows": 398146,
                                                            "Actual Loops": 6,
                                                            "Output": [
                                                                "t.id"
                                                            ],
                                                            "Hash Buckets": 4194304,
                                                            "Original Hash Buckets": 4194304,
                                                            "Hash Batches": 1,
                                                            "Original Hash Batches": 1,
                                                            "Peak Memory Usage": 126304,
                                                            "Workers": [
                                                                {
                                                                    "Worker Number": 0,
                                                                    "Actual Startup Time": 326.136,
                                                                    "Actual Total Time": 326.137,
                                                                    "Actual Rows": 387426,
                                                                    "Actual Loops": 1
                                                                },
                                                                {
                                                                    "Worker Number": 1,
                                                                    "Actual Startup Time": 326.033,
                                                                    "Actual Total Time": 326.034,
                                                                    "Actual Rows": 386722,
                                                                    "Actual Loops": 1
                                                                },
                                                                {
                                                                    "Worker Number": 2,
                                                                    "Actual Startup Time": 326.047,
                                                                    "Actual Total Time": 326.048,
                                                                    "Actual Rows": 387067,
                                                                    "Actual Loops": 1
                                                                },
                                                                {
                                                                    "Worker Number": 3,
                                                                    "Actual Startup Time": 326.153,
                                                                    "Actual Total Time": 326.155,
                                                                    "Actual Rows": 373492,
                                                                    "Actual Loops": 1
                                                                },
                                                                {
                                                                    "Worker Number": 4,
                                                                    "Actual Startup Time": 326.02,
                                                                    "Actual Total Time": 326.021,
                                                                    "Actual Rows": 386388,
                                                                    "Actual Loops": 1
                                                                }
                                                            ],
                                                            "Plans": [
                                                                {
                                                                    "Node Type": "Seq Scan",
                                                                    "Parent Relationship": "Outer",
                                                                    "Parallel Aware": true,
                                                                    "Relation Name": "title",
                                                                    "Schema": "public",
                                                                    "Alias": "t",
                                                                    "Startup Cost": 0.0,
                                                                    "Total Cost": 43899.01,
                                                                    "Plan Rows": 596458,
                                                                    "Plan Width": 4,
                                                                    "Actual Startup Time": 0.061,
                                                                    "Actual Total Time": 108.618,
                                                                    "Actual Rows": 398146,
                                                                    "Actual Loops": 6,
                                                                    "Output": [
                                                                        "t.id"
                                                                    ],
                                                                    "Filter": "(t.production_year < 2013)",
                                                                    "Rows Removed by Filter": 23239,
                                                                    "Workers": [
                                                                        {
                                                                            "Worker Number": 0,
                                                                            "Actual Startup Time": 0.071,
                                                                            "Actual Total Time": 111.319,
                                                                            "Actual Rows": 387426,
                                                                            "Actual Loops": 1
                                                                        },
                                                                        {
                                                                            "Worker Number": 1,
                                                                            "Actual Startup Time": 0.069,
                                                                            "Actual Total Time": 111.678,
                                                                            "Actual Rows": 386722,
                                                                            "Actual Loops": 1
                                                                        },
                                                                        {
                                                                            "Worker Number": 2,
                                                                            "Actual Startup Time": 0.076,
                                                                            "Actual Total Time": 111.787,
                                                                            "Actual Rows": 387067,
                                                                            "Actual Loops": 1
                                                                        },
                                                                        {
                                                                            "Worker Number": 3,
                                                                            "Actual Startup Time": 0.083,
                                                                            "Actual Total Time": 111.261,
                                                                            "Actual Rows": 373492,
                                                                            "Actual Loops": 1
                                                                        },
                                                                        {
                                                                            "Worker Number": 4,
                                                                            "Actual Startup Time": 0.045,
                                                                            "Actual Total Time": 111.341,
                                                                            "Actual Rows": 386388,
                                                                            "Actual Loops": 1
                                                                        }
                                                                    ]
                                                                }
                                                            ]
                                                        }
                                                    ]
                                                }
                                            ]
                                        }
                                    ]
                                }
                            ]
                        }
                    ]
                }
            ]
        },
        "Planning Time": 177.37,
        "Triggers": [],
        "Execution Time": 11511.349
    }
]