[
    {
        "Bao": {
            "Bao prediction": "NaN",
            "Bao recommended hint": "(no hint)"
        }
    },
    {
        "Plan": {
            "Node Type": "Aggregate",
            "Strategy": "Plain",
            "Partial Mode": "Finalize",
            "Parallel Aware": false,
            "Startup Cost": 69058.86,
            "Total Cost": 69058.87,
            "Plan Rows": 1,
            "Plan Width": 8,
            "Actual Startup Time": 164.31,
            "Actual Total Time": 173.278,
            "Actual Rows": 1,
            "Actual Loops": 1,
            "Output": [
                "count(*)"
            ],
            "Plans": [
                {
                    "Node Type": "Gather",
                    "Parent Relationship": "Outer",
                    "Parallel Aware": false,
                    "Startup Cost": 69058.44,
                    "Total Cost": 69058.85,
                    "Plan Rows": 4,
                    "Plan Width": 8,
                    "Actual Startup Time": 163.641,
                    "Actual Total Time": 173.269,
                    "Actual Rows": 5,
                    "Actual Loops": 1,
                    "Output": [
                        "(PARTIAL count(*))"
                    ],
                    "Workers Planned": 4,
                    "Workers Launched": 4,
                    "Single Copy": false,
                    "Plans": [
                        {
                            "Node Type": "Aggregate",
                            "Strategy": "Plain",
                            "Partial Mode": "Partial",
                            "Parent Relationship": "Outer",
                            "Parallel Aware": false,
                            "Startup Cost": 68058.44,
                            "Total Cost": 68058.45,
                            "Plan Rows": 1,
                            "Plan Width": 8,
                            "Actual Startup Time": 153.781,
                            "Actual Total Time": 153.785,
                            "Actual Rows": 1,
                            "Actual Loops": 5,
                            "Output": [
                                "PARTIAL count(*)"
                            ],
                            "Workers": [
                                {
                                    "Worker Number": 0,
                                    "Actual Startup Time": 150.994,
                                    "Actual Total Time": 150.997,
                                    "Actual Rows": 1,
                                    "Actual Loops": 1
                                },
                                {
                                    "Worker Number": 1,
                                    "Actual Startup Time": 151.178,
                                    "Actual Total Time": 151.181,
                                    "Actual Rows": 1,
                                    "Actual Loops": 1
                                },
                                {
                                    "Worker Number": 2,
                                    "Actual Startup Time": 151.174,
                                    "Actual Total Time": 151.178,
                                    "Actual Rows": 1,
                                    "Actual Loops": 1
                                },
                                {
                                    "Worker Number": 3,
                                    "Actual Startup Time": 152.239,
                                    "Actual Total Time": 152.243,
                                    "Actual Rows": 1,
                                    "Actual Loops": 1
                                }
                            ],
                            "Plans": [
                                {
                                    "Node Type": "Hash Join",
                                    "Parent Relationship": "Outer",
                                    "Parallel Aware": true,
                                    "Join Type": "Inner",
                                    "Startup Cost": 22484.45,
                                    "Total Cost": 68017.05,
                                    "Plan Rows": 16554,
                                    "Plan Width": 0,
                                    "Actual Startup Time": 28.475,
                                    "Actual Total Time": 153.334,
                                    "Actual Rows": 4708,
                                    "Actual Loops": 5,
                                    "Inner Unique": false,
                                    "Hash Cond": "(t.id = mc.movie_id)",
                                    "Workers": [
                                        {
                                            "Worker Number": 0,
                                            "Actual Startup Time": 25.694,
                                            "Actual Total Time": 150.499,
                                            "Actual Rows": 3207,
                                            "Actual Loops": 1
                                        },
                                        {
                                            "Worker Number": 1,
                                            "Actual Startup Time": 25.813,
                                            "Actual Total Time": 150.724,
                                            "Actual Rows": 5023,
                                            "Actual Loops": 1
                                        },
                                        {
                                            "Worker Number": 2,
                                            "Actual Startup Time": 25.929,
                                            "Actual Total Time": 150.685,
                                            "Actual Rows": 3241,
                                            "Actual Loops": 1
                                        },
                                        {
                                            "Worker Number": 3,
                                            "Actual Startup Time": 26.956,
                                            "Actual Total Time": 151.784,
                                            "Actual Rows": 5026,
                                            "Actual Loops": 1
                                        }
                                    ],
                                    "Plans": [
                                        {
                                            "Node Type": "Seq Scan",
                                            "Parent Relationship": "Outer",
                                            "Parallel Aware": true,
                                            "Relation Name": "title",
                                            "Schema": "public",
                                            "Alias": "t",
                                            "Startup Cost": 0.0,
                                            "Total Cost": 42318.81,
                                            "Plan Rows": 632080,
                                            "Plan Width": 4,
                                            "Actual Startup Time": 0.009,
                                            "Actual Total Time": 68.464,
                                            "Actual Rows": 505662,
                                            "Actual Loops": 5,
                                            "Output": [
                                                "t.id",
                                                "t.title",
                                                "t.imdb_index",
                                                "t.kind_id",
                                                "t.production_year",
                                                "t.imdb_id",
                                                "t.phonetic_code",
                                                "t.episode_of_id",
                                                "t.season_nr",
                                                "t.episode_nr",
                                                "t.series_years",
                                                "t.md5sum"
                                            ],
                                            "Workers": [
                                                {
                                                    "Worker Number": 0,
                                                    "Actual Startup Time": 0.014,
                                                    "Actual Total Time": 69.328,
                                                    "Actual Rows": 344296,
                                                    "Actual Loops": 1
                                                },
                                                {
                                                    "Worker Number": 1,
                                                    "Actual Startup Time": 0.008,
                                                    "Actual Total Time": 70.337,
                                                    "Actual Rows": 544302,
                                                    "Actual Loops": 1
                                                },
                                                {
                                                    "Worker Number": 2,
                                                    "Actual Startup Time": 0.009,
                                                    "Actual Total Time": 70.231,
                                                    "Actual Rows": 346588,
                                                    "Actual Loops": 1
                                                },
                                                {
                                                    "Worker Number": 3,
                                                    "Actual Startup Time": 0.008,
                                                    "Actual Total Time": 68.279,
                                                    "Actual Rows": 544356,
                                                    "Actual Loops": 1
                                                }
                                            ]
                                        },
                                        {
                                            "Node Type": "Hash",
                                            "Parent Relationship": "Inner",
                                            "Parallel Aware": true,
                                            "Startup Cost": 22217.46,
                                            "Total Cost": 22217.46,
                                            "Plan Rows": 21359,
                                            "Plan Width": 4,
                                            "Actual Startup Time": 27.78,
                                            "Actual Total Time": 27.781,
                                            "Actual Rows": 4708,
                                            "Actual Loops": 5,
                                            "Output": [
                                                "mc.movie_id"
                                            ],
                                            "Hash Buckets": 131072,
                                            "Original Hash Buckets": 131072,
                                            "Hash Batches": 1,
                                            "Original Hash Batches": 1,
                                            "Peak Memory Usage": 1984,
                                            "Workers": [
                                                {
                                                    "Worker Number": 0,
                                                    "Actual Startup Time": 25.092,
                                                    "Actual Total Time": 25.093,
                                                    "Actual Rows": 3032,
                                                    "Actual Loops": 1
                                                },
                                                {
                                                    "Worker Number": 1,
                                                    "Actual Startup Time": 25.277,
                                                    "Actual Total Time": 25.279,
                                                    "Actual Rows": 3899,
                                                    "Actual Loops": 1
                                                },
                                                {
                                                    "Worker Number": 2,
                                                    "Actual Startup Time": 25.27,
                                                    "Actual Total Time": 25.272,
                                                    "Actual Rows": 3589,
                                                    "Actual Loops": 1
                                                },
                                                {
                                                    "Worker Number": 3,
                                                    "Actual Startup Time": 26.492,
                                                    "Actual Total Time": 26.493,
                                                    "Actual Rows": 3248,
                                                    "Actual Loops": 1
                                                }
                                            ],
                                            "Plans": [
                                                {
                                                    "Node Type": "Bitmap Heap Scan",
                                                    "Parent Relationship": "Outer",
                                                    "Parallel Aware": true,
                                                    "Relation Name": "movie_companies",
                                                    "Schema": "public",
                                                    "Alias": "mc",
                                                    "Startup Cost": 2799.04,
                                                    "Total Cost": 22217.46,
                                                    "Plan Rows": 21359,
                                                    "Plan Width": 4,
                                                    "Actual Startup Time": 21.018,
                                                    "Actual Total Time": 25.969,
                                                    "Actual Rows": 4708,
                                                    "Actual Loops": 5,
                                                    "Output": [
                                                        "mc.movie_id"
                                                    ],
                                                    "Recheck Cond": "(mc.company_id < 27)",
                                                    "Rows Removed by Index Recheck": 0,
                                                    "Filter": "(mc.company_type_id > 1)",
                                                    "Rows Removed by Filter": 22253,
                                                    "Exact Heap Blocks": 6813,
                                                    "Lossy Heap Blocks": 0,
                                                    "Workers": [
                                                        {
                                                            "Worker Number": 0,
                                                            "Actual Startup Time": 18.319,
                                                            "Actual Total Time": 23.432,
                                                            "Actual Rows": 3032,
                                                            "Actual Loops": 1
                                                        },
                                                        {
                                                            "Worker Number": 1,
                                                            "Actual Startup Time": 18.524,
                                                            "Actual Total Time": 23.548,
                                                            "Actual Rows": 3899,
                                                            "Actual Loops": 1
                                                        },
                                                        {
                                                            "Worker Number": 2,
                                                            "Actual Startup Time": 18.496,
                                                            "Actual Total Time": 23.516,
                                                            "Actual Rows": 3589,
                                                            "Actual Loops": 1
                                                        },
                                                        {
                                                            "Worker Number": 3,
                                                            "Actual Startup Time": 19.709,
                                                            "Actual Total Time": 24.748,
                                                            "Actual Rows": 3248,
                                                            "Actual Loops": 1
                                                        }
                                                    ],
                                                    "Plans": [
                                                        {
                                                            "Node Type": "Bitmap Index Scan",
                                                            "Parent Relationship": "Outer",
                                                            "Parallel Aware": false,
                                                            "Index Name": "company_id_movie_companies",
                                                            "Startup Cost": 0.0,
                                                            "Total Cost": 2782.48,
                                                            "Plan Rows": 129874,
                                                            "Plan Width": 0,
                                                            "Actual Startup Time": 7.376,
                                                            "Actual Total Time": 7.377,
                                                            "Actual Rows": 134807,
                                                            "Actual Loops": 1,
                                                            "Index Cond": "(mc.company_id < 27)"
                                                        }
                                                    ]
                                                }
                                            ]
                                        }
                                    ]
                                }
                            ]
                        }
                    ]
                }
            ]
        },
        "Planning Time": 206.568,
        "Triggers": [],
        "Execution Time": 173.347
    }
]