[
    {
        "Bao": {
            "Bao prediction": 628.631,
            "Bao recommended hint": "(no hint)"
        }
    },
    {
        "Plan": {
            "Node Type": "Aggregate",
            "Strategy": "Plain",
            "Partial Mode": "Finalize",
            "Parallel Aware": false,
            "Startup Cost": 79917.16,
            "Total Cost": 79917.17,
            "Plan Rows": 1,
            "Plan Width": 8,
            "Actual Startup Time": 266.362,
            "Actual Total Time": 276.98,
            "Actual Rows": 1,
            "Actual Loops": 1,
            "Output": [
                "count(*)"
            ],
            "Plans": [
                {
                    "Node Type": "Gather",
                    "Parent Relationship": "Outer",
                    "Parallel Aware": false,
                    "Startup Cost": 79916.84,
                    "Total Cost": 79917.15,
                    "Plan Rows": 3,
                    "Plan Width": 8,
                    "Actual Startup Time": 262.193,
                    "Actual Total Time": 276.96,
                    "Actual Rows": 4,
                    "Actual Loops": 1,
                    "Output": [
                        "(PARTIAL count(*))"
                    ],
                    "Workers Planned": 3,
                    "Workers Launched": 3,
                    "Single Copy": false,
                    "Plans": [
                        {
                            "Node Type": "Aggregate",
                            "Strategy": "Plain",
                            "Partial Mode": "Partial",
                            "Parent Relationship": "Outer",
                            "Parallel Aware": false,
                            "Startup Cost": 78916.84,
                            "Total Cost": 78916.85,
                            "Plan Rows": 1,
                            "Plan Width": 8,
                            "Actual Startup Time": 253.543,
                            "Actual Total Time": 253.547,
                            "Actual Rows": 1,
                            "Actual Loops": 4,
                            "Output": [
                                "PARTIAL count(*)"
                            ],
                            "Workers": [
                                {
                                    "Worker Number": 0,
                                    "Actual Startup Time": 251.033,
                                    "Actual Total Time": 251.037,
                                    "Actual Rows": 1,
                                    "Actual Loops": 1
                                },
                                {
                                    "Worker Number": 1,
                                    "Actual Startup Time": 251.378,
                                    "Actual Total Time": 251.381,
                                    "Actual Rows": 1,
                                    "Actual Loops": 1
                                },
                                {
                                    "Worker Number": 2,
                                    "Actual Startup Time": 250.224,
                                    "Actual Total Time": 250.226,
                                    "Actual Rows": 1,
                                    "Actual Loops": 1
                                }
                            ],
                            "Plans": [
                                {
                                    "Node Type": "Hash Join",
                                    "Parent Relationship": "Outer",
                                    "Parallel Aware": true,
                                    "Join Type": "Inner",
                                    "Startup Cost": 53100.77,
                                    "Total Cost": 78864.1,
                                    "Plan Rows": 21095,
                                    "Plan Width": 0,
                                    "Actual Startup Time": 189.163,
                                    "Actual Total Time": 251.382,
                                    "Actual Rows": 30985,
                                    "Actual Loops": 4,
                                    "Inner Unique": true,
                                    "Hash Cond": "(mk.movie_id = t.id)",
                                    "Workers": [
                                        {
                                            "Worker Number": 0,
                                            "Actual Startup Time": 186.712,
                                            "Actual Total Time": 248.919,
                                            "Actual Rows": 31311,
                                            "Actual Loops": 1
                                        },
                                        {
                                            "Worker Number": 1,
                                            "Actual Startup Time": 186.762,
                                            "Actual Total Time": 249.449,
                                            "Actual Rows": 38461,
                                            "Actual Loops": 1
                                        },
                                        {
                                            "Worker Number": 2,
                                            "Actual Startup Time": 185.849,
                                            "Actual Total Time": 248.225,
                                            "Actual Rows": 21121,
                                            "Actual Loops": 1
                                        }
                                    ],
                                    "Plans": [
                                        {
                                            "Node Type": "Bitmap Heap Scan",
                                            "Parent Relationship": "Outer",
                                            "Parallel Aware": true,
                                            "Relation Name": "movie_keyword",
                                            "Schema": "public",
                                            "Alias": "mk",
                                            "Startup Cost": 5696.21,
                                            "Total Cost": 31232.31,
                                            "Plan Rows": 86567,
                                            "Plan Width": 4,
                                            "Actual Startup Time": 26.954,
                                            "Actual Total Time": 71.107,
                                            "Actual Rows": 66986,
                                            "Actual Loops": 4,
                                            "Output": [
                                                "mk.id",
                                                "mk.movie_id",
                                                "mk.keyword_id"
                                            ],
                                            "Recheck Cond": "(mk.keyword_id > 58638)",
                                            "Rows Removed by Index Recheck": 0,
                                            "Exact Heap Blocks": 5788,
                                            "Lossy Heap Blocks": 0,
                                            "Workers": [
                                                {
                                                    "Worker Number": 0,
                                                    "Actual Startup Time": 27.009,
                                                    "Actual Total Time": 72.044,
                                                    "Actual Rows": 66376,
                                                    "Actual Loops": 1
                                                },
                                                {
                                                    "Worker Number": 1,
                                                    "Actual Startup Time": 26.863,
                                                    "Actual Total Time": 71.986,
                                                    "Actual Rows": 84012,
                                                    "Actual Loops": 1
                                                },
                                                {
                                                    "Worker Number": 2,
                                                    "Actual Startup Time": 26.939,
                                                    "Actual Total Time": 73.23,
                                                    "Actual Rows": 44983,
                                                    "Actual Loops": 1
                                                }
                                            ],
                                            "Plans": [
                                                {
                                                    "Node Type": "Bitmap Index Scan",
                                                    "Parent Relationship": "Outer",
                                                    "Parallel Aware": false,
                                                    "Index Name": "keyword_id_movie_keyword",
                                                    "Startup Cost": 0.0,
                                                    "Total Cost": 5629.12,
                                                    "Plan Rows": 268359,
                                                    "Plan Width": 0,
                                                    "Actual Startup Time": 23.733,
                                                    "Actual Total Time": 23.734,
                                                    "Actual Rows": 267942,
                                                    "Actual Loops": 1,
                                                    "Index Cond": "(mk.keyword_id > 58638)",
                                                    "Workers": [
                                                        {
                                                            "Worker Number": 1,
                                                            "Actual Startup Time": 23.733,
                                                            "Actual Total Time": 23.734,
                                                            "Actual Rows": 267942,
                                                            "Actual Loops": 1
                                                        }
                                                    ]
                                                }
                                            ]
                                        },
                                        {
                                            "Node Type": "Hash",
                                            "Parent Relationship": "Inner",
                                            "Parallel Aware": true,
                                            "Startup Cost": 45479.21,
                                            "Total Cost": 45479.21,
                                            "Plan Rows": 154028,
                                            "Plan Width": 4,
                                            "Actual Startup Time": 157.159,
                                            "Actual Total Time": 157.16,
                                            "Actual Rows": 130094,
                                            "Actual Loops": 4,
                                            "Output": [
                                                "t.id"
                                            ],
                                            "Hash Buckets": 1048576,
                                            "Original Hash Buckets": 1048576,
                                            "Hash Batches": 1,
                                            "Original Hash Batches": 1,
                                            "Peak Memory Usage": 28640,
                                            "Workers": [
                                                {
                                                    "Worker Number": 0,
                                                    "Actual Startup Time": 159.322,
                                                    "Actual Total Time": 159.323,
                                                    "Actual Rows": 149750,
                                                    "Actual Loops": 1
                                                },
                                                {
                                                    "Worker Number": 1,
                                                    "Actual Startup Time": 159.446,
                                                    "Actual Total Time": 159.447,
                                                    "Actual Rows": 147730,
                                                    "Actual Loops": 1
                                                },
                                                {
                                                    "Worker Number": 2,
                                                    "Actual Startup Time": 158.521,
                                                    "Actual Total Time": 158.522,
                                                    "Actual Rows": 95195,
                                                    "Actual Loops": 1
                                                }
                                            ],
                                            "Plans": [
                                                {
                                                    "Node Type": "Seq Scan",
                                                    "Parent Relationship": "Outer",
                                                    "Parallel Aware": true,
                                                    "Relation Name": "title",
                                                    "Schema": "public",
                                                    "Alias": "t",
                                                    "Startup Cost": 0.0,
                                                    "Total Cost": 45479.21,
                                                    "Plan Rows": 154028,
                                                    "Plan Width": 4,
                                                    "Actual Startup Time": 0.047,
                                                    "Actual Total Time": 108.413,
                                                    "Actual Rows": 130094,
                                                    "Actual Loops": 4,
                                                    "Output": [
                                                        "t.id"
                                                    ],
                                                    "Filter": "((t.kind_id < 7) AND (t.production_year > 1996))",
                                                    "Rows Removed by Filter": 501984,
                                                    "Workers": [
                                                        {
                                                            "Worker Number": 0,
                                                            "Actual Startup Time": 0.069,
                                                            "Actual Total Time": 108.874,
                                                            "Actual Rows": 149750,
                                                            "Actual Loops": 1
                                                        },
                                                        {
                                                            "Worker Number": 1,
                                                            "Actual Startup Time": 0.053,
                                                            "Actual Total Time": 107.98,
                                                            "Actual Rows": 147730,
                                                            "Actual Loops": 1
                                                        },
                                                        {
                                                            "Worker Number": 2,
                                                            "Actual Startup Time": 0.049,
                                                            "Actual Total Time": 107.853,
                                                            "Actual Rows": 95195,
                                                            "Actual Loops": 1
                                                        }
                                                    ]
                                                }
                                            ]
                                        }
                                    ]
                                }
                            ]
                        }
                    ]
                }
            ]
        },
        "Planning Time": 570.777,
        "Triggers": [],
        "Execution Time": 277.098
    }
]