[
  {
    "Plan": {
      "Node Type": "Aggregate",
      "Strategy": "Plain",
      "Partial Mode": "Finalize",
      "Parallel Aware": false,
      "Startup Cost": 430118.92,
      "Total Cost": 430118.93,
      "Plan Rows": 1,
      "Plan Width": 8,
      "Actual Startup Time": 1737.713,
      "Actual Total Time": 1811.094,
      "Actual Rows": 1,
      "Actual Loops": 1,
      "Plans": [
        {
          "Node Type": "Gather",
          "Parent Relationship": "Outer",
          "Parallel Aware": false,
          "Startup Cost": 430118.6,
          "Total Cost": 430118.91,
          "Plan Rows": 3,
          "Plan Width": 8,
          "Actual Startup Time": 1732.828,
          "Actual Total Time": 1811.083,
          "Actual Rows": 4,
          "Actual Loops": 1,
          "Workers Planned": 3,
          "Workers Launched": 3,
          "Single Copy": false,
          "Plans": [
            {
              "Node Type": "Aggregate",
              "Strategy": "Plain",
              "Partial Mode": "Partial",
              "Parent Relationship": "Outer",
              "Parallel Aware": false,
              "Startup Cost": 429118.6,
              "Total Cost": 429118.61,
              "Plan Rows": 1,
              "Plan Width": 8,
              "Actual Startup Time": 1723.699,
              "Actual Total Time": 1723.817,
              "Actual Rows": 1,
              "Actual Loops": 4,
              "Plans": [
                {
                  "Node Type": "Hash Join",
                  "Parent Relationship": "Outer",
                  "Parallel Aware": true,
                  "Join Type": "Inner",
                  "Startup Cost": 379354.95,
                  "Total Cost": 427844.03,
                  "Plan Rows": 509827,
                  "Plan Width": 0,
                  "Actual Startup Time": 1214.384,
                  "Actual Total Time": 1615.586,
                  "Actual Rows": 2767764,
                  "Actual Loops": 4,
                  "Inner Unique": false,
                  "Hash Cond": "(mk.movie_id = t.id)",
                  "Plans": [
                    {
                      "Node Type": "Seq Scan",
                      "Parent Relationship": "Outer",
                      "Parallel Aware": true,
                      "Relation Name": "movie_keyword",
                      "Alias": "mk",
                      "Startup Cost": 0.0,
                      "Total Cost": 42695.65,
                      "Plan Rows": 1318324,
                      "Plan Width": 4,
                      "Actual Startup Time": 0.085,
                      "Actual Total Time": 107.771,
                      "Actual Rows": 1017650,
                      "Actual Loops": 4,
                      "Filter": "(keyword_id > 347)",
                      "Rows Removed by Filter": 113332
                    },
                    {
                      "Node Type": "Hash",
                      "Parent Relationship": "Inner",
                      "Parallel Aware": true,
                      "Startup Cost": 377317.98,
                      "Total Cost": 377317.98,
                      "Plan Rows": 162958,
                      "Plan Width": 8,
                      "Actual Startup Time": 1208.74,
                      "Actual Total Time": 1208.857,
                      "Actual Rows": 226186,
                      "Actual Loops": 4,
                      "Hash Buckets": 1048576,
                      "Original Hash Buckets": 1048576,
                      "Hash Batches": 1,
                      "Original Hash Batches": 1,
                      "Peak Memory Usage": 43680,
                      "Plans": [
                        {
                          "Node Type": "Hash Join",
                          "Parent Relationship": "Outer",
                          "Parallel Aware": true,
                          "Join Type": "Inner",
                          "Startup Cost": 47309.06,
                          "Total Cost": 377317.98,
                          "Plan Rows": 162958,
                          "Plan Width": 8,
                          "Actual Startup Time": 152.838,
                          "Actual Total Time": 1128.706,
                          "Actual Rows": 226186,
                          "Actual Loops": 4,
                          "Inner Unique": true,
                          "Hash Cond": "(ci.movie_id = t.id)",
                          "Plans": [
                            {
                              "Node Type": "Seq Scan",
                              "Parent Relationship": "Outer",
                              "Parallel Aware": true,
                              "Relation Name": "cast_info",
                              "Alias": "ci",
                              "Startup Cost": 0.0,
                              "Total Cost": 328162.03,
                              "Plan Rows": 703578,
                              "Plan Width": 4,
                              "Actual Startup Time": 0.017,
                              "Actual Total Time": 728.709,
                              "Actual Rows": 1082715,
                              "Actual Loops": 4,
                              "Filter": "(person_id < 417817)",
                              "Rows Removed by Filter": 7978371
                            },
                            {
                              "Node Type": "Hash",
                              "Parent Relationship": "Inner",
                              "Parallel Aware": true,
                              "Startup Cost": 45479.1,
                              "Total Cost": 45479.1,
                              "Plan Rows": 146397,
                              "Plan Width": 4,
                              "Actual Startup Time": 150.121,
                              "Actual Total Time": 150.122,
                              "Actual Rows": 123240,
                              "Actual Loops": 4,
                              "Hash Buckets": 1048576,
                              "Original Hash Buckets": 1048576,
                              "Hash Batches": 1,
                              "Original Hash Batches": 1,
                              "Peak Memory Usage": 27520,
                              "Plans": [
                                {
                                  "Node Type": "Seq Scan",
                                  "Parent Relationship": "Outer",
                                  "Parallel Aware": true,
                                  "Relation Name": "title",
                                  "Alias": "t",
                                  "Startup Cost": 0.0,
                                  "Total Cost": 45479.1,
                                  "Plan Rows": 146397,
                                  "Plan Width": 4,
                                  "Actual Startup Time": 0.044,
                                  "Actual Total Time": 99.73,
                                  "Actual Rows": 123240,
                                  "Actual Loops": 4,
                                  "Filter": "((kind_id < 7) AND (production_year > 1998))",
                                  "Rows Removed by Filter": 508838
                                }
                              ]
                            }
                          ]
                        }
                      ]
                    }
                  ]
                }
              ]
            }
          ]
        }
      ]
    },
    "Planning Time": 1.339,
    "Triggers": [],
    "Execution Time": 1811.204
  }
]