[
    {
        "Bao": {
            "Bao prediction": "NaN",
            "Bao recommended hint": "(no hint)"
        }
    },
    {
        "Plan": {
            "Node Type": "Aggregate",
            "Strategy": "Plain",
            "Partial Mode": "Finalize",
            "Parallel Aware": false,
            "Startup Cost": 34106.16,
            "Total Cost": 34106.17,
            "Plan Rows": 1,
            "Plan Width": 8,
            "Actual Startup Time": 102.801,
            "Actual Total Time": 108.829,
            "Actual Rows": 1,
            "Actual Loops": 1,
            "Output": [
                "count(*)"
            ],
            "Plans": [
                {
                    "Node Type": "Gather",
                    "Parent Relationship": "Outer",
                    "Parallel Aware": false,
                    "Startup Cost": 34105.85,
                    "Total Cost": 34106.16,
                    "Plan Rows": 3,
                    "Plan Width": 8,
                    "Actual Startup Time": 102.533,
                    "Actual Total Time": 108.821,
                    "Actual Rows": 4,
                    "Actual Loops": 1,
                    "Output": [
                        "(PARTIAL count(*))"
                    ],
                    "Workers Planned": 3,
                    "Workers Launched": 3,
                    "Single Copy": false,
                    "Plans": [
                        {
                            "Node Type": "Aggregate",
                            "Strategy": "Plain",
                            "Partial Mode": "Partial",
                            "Parent Relationship": "Outer",
                            "Parallel Aware": false,
                            "Startup Cost": 33105.85,
                            "Total Cost": 33105.86,
                            "Plan Rows": 1,
                            "Plan Width": 8,
                            "Actual Startup Time": 94.012,
                            "Actual Total Time": 94.014,
                            "Actual Rows": 1,
                            "Actual Loops": 4,
                            "Output": [
                                "PARTIAL count(*)"
                            ],
                            "Workers": [
                                {
                                    "Worker Number": 0,
                                    "Actual Startup Time": 91.039,
                                    "Actual Total Time": 91.041,
                                    "Actual Rows": 1,
                                    "Actual Loops": 1
                                },
                                {
                                    "Worker Number": 1,
                                    "Actual Startup Time": 91.234,
                                    "Actual Total Time": 91.236,
                                    "Actual Rows": 1,
                                    "Actual Loops": 1
                                },
                                {
                                    "Worker Number": 2,
                                    "Actual Startup Time": 91.513,
                                    "Actual Total Time": 91.514,
                                    "Actual Rows": 1,
                                    "Actual Loops": 1
                                }
                            ],
                            "Plans": [
                                {
                                    "Node Type": "Bitmap Heap Scan",
                                    "Parent Relationship": "Outer",
                                    "Parallel Aware": true,
                                    "Relation Name": "movie_keyword",
                                    "Schema": "public",
                                    "Alias": "mk",
                                    "Startup Cost": 7045.41,
                                    "Total Cost": 32838.11,
                                    "Plan Rows": 107096,
                                    "Plan Width": 0,
                                    "Actual Startup Time": 26.695,
                                    "Actual Total Time": 89.11,
                                    "Actual Rows": 82750,
                                    "Actual Loops": 4,
                                    "Recheck Cond": "(mk.keyword_id > 49903)",
                                    "Rows Removed by Index Recheck": 0,
                                    "Exact Heap Blocks": 10543,
                                    "Lossy Heap Blocks": 0,
                                    "Workers": [
                                        {
                                            "Worker Number": 0,
                                            "Actual Startup Time": 23.856,
                                            "Actual Total Time": 86.699,
                                            "Actual Rows": 57398,
                                            "Actual Loops": 1
                                        },
                                        {
                                            "Worker Number": 1,
                                            "Actual Startup Time": 23.918,
                                            "Actual Total Time": 86.851,
                                            "Actual Rows": 57177,
                                            "Actual Loops": 1
                                        },
                                        {
                                            "Worker Number": 2,
                                            "Actual Startup Time": 24.366,
                                            "Actual Total Time": 87.291,
                                            "Actual Rows": 59138,
                                            "Actual Loops": 1
                                        }
                                    ],
                                    "Plans": [
                                        {
                                            "Node Type": "Bitmap Index Scan",
                                            "Parent Relationship": "Outer",
                                            "Parallel Aware": false,
                                            "Index Name": "keyword_id_movie_keyword",
                                            "Startup Cost": 0.0,
                                            "Total Cost": 6962.41,
                                            "Plan Rows": 331997,
                                            "Plan Width": 0,
                                            "Actual Startup Time": 31.432,
                                            "Actual Total Time": 31.433,
                                            "Actual Rows": 331002,
                                            "Actual Loops": 1,
                                            "Index Cond": "(mk.keyword_id > 49903)"
                                        }
                                    ]
                                }
                            ]
                        }
                    ]
                }
            ]
        },
        "Planning Time": 199.345,
        "Triggers": [],
        "Execution Time": 108.889
    }
]