[
    {
        "Bao": {
            "Bao prediction": "NaN",
            "Bao recommended hint": "(no hint)"
        }
    },
    {
        "Plan": {
            "Node Type": "Aggregate",
            "Strategy": "Plain",
            "Partial Mode": "Simple",
            "Parallel Aware": false,
            "Startup Cost": 22306.7,
            "Total Cost": 22306.71,
            "Plan Rows": 1,
            "Plan Width": 8,
            "Actual Startup Time": 8.07,
            "Actual Total Time": 8.071,
            "Actual Rows": 1,
            "Actual Loops": 1,
            "Output": [
                "count(*)"
            ],
            "Plans": [
                {
                    "Node Type": "Bitmap Heap Scan",
                    "Parent Relationship": "Outer",
                    "Parallel Aware": false,
                    "Relation Name": "movie_keyword",
                    "Schema": "public",
                    "Alias": "mk",
                    "Startup Cost": 301.46,
                    "Total Cost": 22271.53,
                    "Plan Rows": 14068,
                    "Plan Width": 0,
                    "Actual Startup Time": 1.002,
                    "Actual Total Time": 7.381,
                    "Actual Rows": 11150,
                    "Actual Loops": 1,
                    "Recheck Cond": "(mk.keyword_id > 124115)",
                    "Rows Removed by Index Recheck": 0,
                    "Exact Heap Blocks": 3509,
                    "Lossy Heap Blocks": 0,
                    "Plans": [
                        {
                            "Node Type": "Bitmap Index Scan",
                            "Parent Relationship": "Outer",
                            "Parallel Aware": false,
                            "Index Name": "keyword_id_movie_keyword",
                            "Startup Cost": 0.0,
                            "Total Cost": 297.94,
                            "Plan Rows": 14068,
                            "Plan Width": 0,
                            "Actual Startup Time": 0.663,
                            "Actual Total Time": 0.663,
                            "Actual Rows": 11150,
                            "Actual Loops": 1,
                            "Index Cond": "(mk.keyword_id > 124115)"
                        }
                    ]
                }
            ]
        },
        "Planning Time": 191.608,
        "Triggers": [],
        "Execution Time": 8.11
    }
]