[
  {
    "Plan": {
      "Node Type": "Aggregate",
      "Strategy": "Plain",
      "Partial Mode": "Finalize",
      "Parallel Aware": false,
      "Startup Cost": 33206.57,
      "Total Cost": 33206.58,
      "Plan Rows": 1,
      "Plan Width": 8,
      "Actual Startup Time": 103.159,
      "Actual Total Time": 111.404,
      "Actual Rows": 1,
      "Actual Loops": 1,
      "Plans": [
        {
          "Node Type": "Gather",
          "Parent Relationship": "Outer",
          "Parallel Aware": false,
          "Startup Cost": 33206.25,
          "Total Cost": 33206.56,
          "Plan Rows": 3,
          "Plan Width": 8,
          "Actual Startup Time": 103.072,
          "Actual Total Time": 111.395,
          "Actual Rows": 4,
          "Actual Loops": 1,
          "Workers Planned": 3,
          "Workers Launched": 3,
          "Single Copy": false,
          "Plans": [
            {
              "Node Type": "Aggregate",
              "Strategy": "Plain",
              "Partial Mode": "Partial",
              "Parent Relationship": "Outer",
              "Parallel Aware": false,
              "Startup Cost": 32206.25,
              "Total Cost": 32206.26,
              "Plan Rows": 1,
              "Plan Width": 8,
              "Actual Startup Time": 94.728,
              "Actual Total Time": 94.729,
              "Actual Rows": 1,
              "Actual Loops": 4,
              "Plans": [
                {
                  "Node Type": "Seq Scan",
                  "Parent Relationship": "Outer",
                  "Parallel Aware": true,
                  "Relation Name": "movie_companies",
                  "Alias": "mc",
                  "Startup Cost": 0.0,
                  "Total Cost": 31414.82,
                  "Plan Rows": 316573,
                  "Plan Width": 0,
                  "Actual Startup Time": 51.479,
                  "Actual Total Time": 87.166,
                  "Actual Rows": 168969,
                  "Actual Loops": 4,
                  "Filter": "((company_id < 47123) AND (company_type_id > 1))",
                  "Rows Removed by Filter": 483313
                }
              ]
            }
          ]
        }
      ]
    },
    "Planning Time": 0.219,
    "Triggers": [],
    "Execution Time": 111.465
  }
]