[
  {
    "Plan": {
      "Node Type": "Aggregate",
      "Strategy": "Plain",
      "Partial Mode": "Finalize",
      "Parallel Aware": false,
      "Startup Cost": 44748.48,
      "Total Cost": 44748.49,
      "Plan Rows": 1,
      "Plan Width": 8,
      "Actual Startup Time": 121.953,
      "Actual Total Time": 131.001,
      "Actual Rows": 1,
      "Actual Loops": 1,
      "Plans": [
        {
          "Node Type": "Gather",
          "Parent Relationship": "Outer",
          "Parallel Aware": false,
          "Startup Cost": 44748.17,
          "Total Cost": 44748.48,
          "Plan Rows": 3,
          "Plan Width": 8,
          "Actual Startup Time": 121.842,
          "Actual Total Time": 130.995,
          "Actual Rows": 4,
          "Actual Loops": 1,
          "Workers Planned": 3,
          "Workers Launched": 3,
          "Single Copy": false,
          "Plans": [
            {
              "Node Type": "Aggregate",
              "Strategy": "Plain",
              "Partial Mode": "Partial",
              "Parent Relationship": "Outer",
              "Parallel Aware": false,
              "Startup Cost": 43748.17,
              "Total Cost": 43748.18,
              "Plan Rows": 1,
              "Plan Width": 8,
              "Actual Startup Time": 116.825,
              "Actual Total Time": 116.826,
              "Actual Rows": 1,
              "Actual Loops": 4,
              "Plans": [
                {
                  "Node Type": "Seq Scan",
                  "Parent Relationship": "Outer",
                  "Parallel Aware": true,
                  "Relation Name": "movie_keyword",
                  "Alias": "mk",
                  "Startup Cost": 0.0,
                  "Total Cost": 42695.65,
                  "Plan Rows": 421005,
                  "Plan Width": 0,
                  "Actual Startup Time": 1.018,
                  "Actual Total Time": 101.448,
                  "Actual Rows": 326490,
                  "Actual Loops": 4,
                  "Filter": "(keyword_id > 13451)",
                  "Rows Removed by Filter": 804493
                }
              ]
            }
          ]
        }
      ]
    },
    "Planning Time": 0.092,
    "Triggers": [],
    "Execution Time": 131.029
  }
]