{
  "Plan": {
    "Node Type": "Aggregate",
    "Strategy": "Plain",
    "Partial Mode": "Finalize",
    "Parallel Aware": false,
    "Startup Cost": 137825.99,
    "Total Cost": 137826.0,
    "Plan Rows": 1,
    "Plan Width": 8,
    "Actual Startup Time": 670.302,
    "Actual Total Time": 681.033,
    "Actual Rows": 1,
    "Actual Loops": 1,
    "Plans": [
      {
        "Node Type": "Gather",
        "Parent Relationship": "Outer",
        "Parallel Aware": false,
        "Startup Cost": 137825.88,
        "Total Cost": 137825.99,
        "Plan Rows": 1,
        "Plan Width": 8,
        "Actual Startup Time": 667.864,
        "Actual Total Time": 681.025,
        "Actual Rows": 2,
        "Actual Loops": 1,
        "Workers Planned": 1,
        "Workers Launched": 1,
        "Single Copy": false,
        "Plans": [
          {
            "Node Type": "Aggregate",
            "Strategy": "Plain",
            "Partial Mode": "Partial",
            "Parent Relationship": "Outer",
            "Parallel Aware": false,
            "Startup Cost": 136825.88,
            "Total Cost": 136825.89,
            "Plan Rows": 1,
            "Plan Width": 8,
            "Actual Startup Time": 661.83,
            "Actual Total Time": 662.386,
            "Actual Rows": 1,
            "Actual Loops": 2,
            "Plans": [
              {
                "Node Type": "Hash Join",
                "Parent Relationship": "Outer",
                "Parallel Aware": true,
                "Join Type": "Inner",
                "Startup Cost": 117295.0,
                "Total Cost": 136697.13,
                "Plan Rows": 51500,
                "Plan Width": 0,
                "Actual Startup Time": 580.542,
                "Actual Total Time": 651.705,
                "Actual Rows": 277490,
                "Actual Loops": 2,
                "Inner Unique": false,
                "Hash Cond": "(mi_idx.movie_id = t.id)",
                "Plans": [
                  {
                    "Node Type": "Seq Scan",
                    "Parent Relationship": "Outer",
                    "Parallel Aware": true,
                    "Relation Name": "movie_info_idx",
                    "Alias": "mi_idx",
                    "Startup Cost": 0.0,
                    "Total Cost": 18082.32,
                    "Plan Rows": 271164,
                    "Plan Width": 4,
                    "Actual Startup Time": 0.024,
                    "Actual Total Time": 48.93,
                    "Actual Rows": 230092,
                    "Actual Loops": 2,
                    "Filter": "(info_type_id > 100)",
                    "Rows Removed by Filter": 459925
                  },
                  {
                    "Node Type": "Hash",
                    "Parent Relationship": "Inner",
                    "Parallel Aware": true,
                    "Startup Cost": 113764.27,
                    "Total Cost": 113764.27,
                    "Plan Rows": 282459,
                    "Plan Width": 8,
                    "Actual Startup Time": 540.984,
                    "Actual Total Time": 541.538,
                    "Actual Rows": 341178,
                    "Actual Loops": 2,
                    "Hash Buckets": 1048576,
                    "Original Hash Buckets": 524288,
                    "Hash Batches": 1,
                    "Original Hash Batches": 1,
                    "Peak Memory Usage": 39008,
                    "Plans": [
                      {
                        "Node Type": "Hash Join",
                        "Parent Relationship": "Outer",
                        "Parallel Aware": true,
                        "Join Type": "Inner",
                        "Startup Cost": 55713.42,
                        "Total Cost": 113764.27,
                        "Plan Rows": 282459,
                        "Plan Width": 8,
                        "Actual Startup Time": 182.479,
                        "Actual Total Time": 473.717,
                        "Actual Rows": 341178,
                        "Actual Loops": 2,
                        "Inner Unique": true,
                        "Hash Cond": "(mk.movie_id = t.id)",
                        "Plans": [
                          {
                            "Node Type": "Seq Scan",
                            "Parent Relationship": "Outer",
                            "Parallel Aware": true,
                            "Relation Name": "movie_keyword",
                            "Alias": "mk",
                            "Startup Cost": 0.0,
                            "Total Cost": 51065.35,
                            "Plan Rows": 2661135,
                            "Plan Width": 4,
                            "Actual Startup Time": 0.013,
                            "Actual Total Time": 149.587,
                            "Actual Rows": 2261965,
                            "Actual Loops": 2
                          },
                          {
                            "Node Type": "Hash",
                            "Parent Relationship": "Inner",
                            "Parallel Aware": true,
                            "Startup Cost": 53740.2,
                            "Total Cost": 53740.2,
                            "Plan Rows": 157858,
                            "Plan Width": 4,
                            "Actual Startup Time": 120.056,
                            "Actual Total Time": 120.057,
                            "Actual Rows": 108141,
                            "Actual Loops": 2,
                            "Hash Buckets": 524288,
                            "Original Hash Buckets": 524288,
                            "Hash Batches": 1,
                            "Original Hash Batches": 1,
                            "Peak Memory Usage": 12576,
                            "Plans": [
                              {
                                "Node Type": "Bitmap Heap Scan",
                                "Parent Relationship": "Outer",
                                "Parallel Aware": true,
                                "Relation Name": "title",
                                "Alias": "t",
                                "Startup Cost": 11889.94,
                                "Total Cost": 53740.2,
                                "Plan Rows": 157858,
                                "Plan Width": 4,
                                "Actual Startup Time": 31.248,
                                "Actual Total Time": 91.156,
                                "Actual Rows": 108141,
                                "Actual Loops": 2,
                                "Recheck Cond": "(kind_id < 2)",
                                "Rows Removed by Index Recheck": 0,
                                "Filter": "(production_year > 2005)",
                                "Rows Removed by Filter": 223272,
                                "Exact Heap Blocks": 8514,
                                "Lossy Heap Blocks": 0,
                                "Plans": [
                                  {
                                    "Node Type": "Bitmap Index Scan",
                                    "Parent Relationship": "Outer",
                                    "Parallel Aware": false,
                                    "Index Name": "kind_id_title",
                                    "Startup Cost": 0.0,
                                    "Total Cost": 11822.85,
                                    "Plan Rows": 663256,
                                    "Plan Width": 0,
                                    "Actual Startup Time": 29.379,
                                    "Actual Total Time": 29.379,
                                    "Actual Rows": 662825,
                                    "Actual Loops": 1,
                                    "Index Cond": "(kind_id < 2)"
                                  }
                                ]
                              }
                            ]
                          }
                        ]
                      }
                    ]
                  }
                ]
              }
            ]
          }
        ]
      }
    ]
  },
  "Planning Time": 0.962,
  "Triggers": [],
  "Execution Time": 681.134
}