[
  {
    "Plan": {
      "Node Type": "Aggregate",
      "Strategy": "Plain",
      "Partial Mode": "Finalize",
      "Parallel Aware": false,
      "Startup Cost": 33402.61,
      "Total Cost": 33402.62,
      "Plan Rows": 1,
      "Plan Width": 8,
      "Actual Startup Time": 110.339,
      "Actual Total Time": 118.189,
      "Actual Rows": 1,
      "Actual Loops": 1,
      "Plans": [
        {
          "Node Type": "Gather",
          "Parent Relationship": "Outer",
          "Parallel Aware": false,
          "Startup Cost": 33402.29,
          "Total Cost": 33402.6,
          "Plan Rows": 3,
          "Plan Width": 8,
          "Actual Startup Time": 110.254,
          "Actual Total Time": 118.177,
          "Actual Rows": 4,
          "Actual Loops": 1,
          "Workers Planned": 3,
          "Workers Launched": 3,
          "Single Copy": false,
          "Plans": [
            {
              "Node Type": "Aggregate",
              "Strategy": "Plain",
              "Partial Mode": "Partial",
              "Parent Relationship": "Outer",
              "Parallel Aware": false,
              "Startup Cost": 32402.29,
              "Total Cost": 32402.3,
              "Plan Rows": 1,
              "Plan Width": 8,
              "Actual Startup Time": 104.98,
              "Actual Total Time": 104.982,
              "Actual Rows": 1,
              "Actual Loops": 4,
              "Plans": [
                {
                  "Node Type": "Seq Scan",
                  "Parent Relationship": "Outer",
                  "Parallel Aware": true,
                  "Relation Name": "movie_companies",
                  "Alias": "mc",
                  "Startup Cost": 0.0,
                  "Total Cost": 31414.82,
                  "Plan Rows": 394989,
                  "Plan Width": 0,
                  "Actual Startup Time": 44.494,
                  "Actual Total Time": 89.864,
                  "Actual Rows": 281285,
                  "Actual Loops": 4,
                  "Filter": "((company_id < 110599) AND (company_type_id > 1))",
                  "Rows Removed by Filter": 370997
                }
              ]
            }
          ]
        }
      ]
    },
    "Planning Time": 0.109,
    "Triggers": [],
    "Execution Time": 118.223
  }
]