{
    "Plan": {
        "Node Type": "Aggregate",
        "Strategy": "Plain",
        "Partial Mode": "Finalize",
        "Parallel Aware": false,
        "Startup Cost": 561322.52,
        "Total Cost": 561322.53,
        "Plan Rows": 1,
        "Plan Width": 8,
        "Actual Startup Time": 4816.725,
        "Actual Total Time": 4894.629,
        "Actual Rows": 1,
        "Actual Loops": 1,
        "Output": [
            "count(*)"
        ],
        "Plans": [
            {
                "Node Type": "Gather",
                "Parent Relationship": "Outer",
                "Parallel Aware": false,
                "Startup Cost": 561321.89,
                "Total Cost": 561322.5,
                "Plan Rows": 6,
                "Plan Width": 8,
                "Actual Startup Time": 4812.487,
                "Actual Total Time": 4894.619,
                "Actual Rows": 7,
                "Actual Loops": 1,
                "Output": [
                    "(PARTIAL count(*))"
                ],
                "Workers Planned": 6,
                "Workers Launched": 6,
                "Single Copy": false,
                "Plans": [
                    {
                        "Node Type": "Aggregate",
                        "Strategy": "Plain",
                        "Partial Mode": "Partial",
                        "Parent Relationship": "Outer",
                        "Parallel Aware": false,
                        "Startup Cost": 560321.89,
                        "Total Cost": 560321.9,
                        "Plan Rows": 1,
                        "Plan Width": 8,
                        "Actual Startup Time": 4797.378,
                        "Actual Total Time": 4797.382,
                        "Actual Rows": 1,
                        "Actual Loops": 7,
                        "Output": [
                            "PARTIAL count(*)"
                        ],
                        "Workers": [
                            {
                                "Worker Number": 0,
                                "Actual Startup Time": 4796.724,
                                "Actual Total Time": 4796.728,
                                "Actual Rows": 1,
                                "Actual Loops": 1
                            },
                            {
                                "Worker Number": 1,
                                "Actual Startup Time": 4794.301,
                                "Actual Total Time": 4794.303,
                                "Actual Rows": 1,
                                "Actual Loops": 1
                            },
                            {
                                "Worker Number": 2,
                                "Actual Startup Time": 4794.86,
                                "Actual Total Time": 4794.864,
                                "Actual Rows": 1,
                                "Actual Loops": 1
                            },
                            {
                                "Worker Number": 3,
                                "Actual Startup Time": 4794.654,
                                "Actual Total Time": 4794.656,
                                "Actual Rows": 1,
                                "Actual Loops": 1
                            },
                            {
                                "Worker Number": 4,
                                "Actual Startup Time": 4795.229,
                                "Actual Total Time": 4795.232,
                                "Actual Rows": 1,
                                "Actual Loops": 1
                            },
                            {
                                "Worker Number": 5,
                                "Actual Startup Time": 4794.395,
                                "Actual Total Time": 4794.398,
                                "Actual Rows": 1,
                                "Actual Loops": 1
                            }
                        ],
                        "Plans": [
                            {
                                "Node Type": "Nested Loop",
                                "Parent Relationship": "Outer",
                                "Parallel Aware": false,
                                "Join Type": "Inner",
                                "Startup Cost": 48029.67,
                                "Total Cost": 559052.95,
                                "Plan Rows": 507575,
                                "Plan Width": 0,
                                "Actual Startup Time": 350.234,
                                "Actual Total Time": 4546.679,
                                "Actual Rows": 6032739,
                                "Actual Loops": 7,
                                "Inner Unique": false,
                                "Workers": [
                                    {
                                        "Worker Number": 0,
                                        "Actual Startup Time": 347.62,
                                        "Actual Total Time": 4556.197,
                                        "Actual Rows": 5610417,
                                        "Actual Loops": 1
                                    },
                                    {
                                        "Worker Number": 1,
                                        "Actual Startup Time": 347.939,
                                        "Actual Total Time": 4534.884,
                                        "Actual Rows": 6340453,
                                        "Actual Loops": 1
                                    },
                                    {
                                        "Worker Number": 2,
                                        "Actual Startup Time": 347.559,
                                        "Actual Total Time": 4555.685,
                                        "Actual Rows": 5570562,
                                        "Actual Loops": 1
                                    },
                                    {
                                        "Worker Number": 3,
                                        "Actual Startup Time": 347.936,
                                        "Actual Total Time": 4534.627,
                                        "Actual Rows": 6345496,
                                        "Actual Loops": 1
                                    },
                                    {
                                        "Worker Number": 4,
                                        "Actual Startup Time": 347.856,
                                        "Actual Total Time": 4556.332,
                                        "Actual Rows": 5568651,
                                        "Actual Loops": 1
                                    },
                                    {
                                        "Worker Number": 5,
                                        "Actual Startup Time": 348.039,
                                        "Actual Total Time": 4535.385,
                                        "Actual Rows": 6320690,
                                        "Actual Loops": 1
                                    }
                                ],
                                "Plans": [
                                    {
                                        "Node Type": "Hash Join",
                                        "Parent Relationship": "Outer",
                                        "Parallel Aware": true,
                                        "Join Type": "Inner",
                                        "Startup Cost": 48029.23,
                                        "Total Cost": 371025.51,
                                        "Plan Rows": 86974,
                                        "Plan Width": 8,
                                        "Actual Startup Time": 350.129,
                                        "Actual Total Time": 815.442,
                                        "Actual Rows": 299331,
                                        "Actual Loops": 7,
                                        "Output": [
                                            "t.id",
                                            "ci.movie_id"
                                        ],
                                        "Inner Unique": true,
                                        "Hash Cond": "(ci.movie_id = t.id)",
                                        "Workers": [
                                            {
                                                "Worker Number": 0,
                                                "Actual Startup Time": 347.488,
                                                "Actual Total Time": 813.045,
                                                "Actual Rows": 278171,
                                                "Actual Loops": 1
                                            },
                                            {
                                                "Worker Number": 1,
                                                "Actual Startup Time": 347.835,
                                                "Actual Total Time": 812.528,
                                                "Actual Rows": 304826,
                                                "Actual Loops": 1
                                            },
                                            {
                                                "Worker Number": 2,
                                                "Actual Startup Time": 347.427,
                                                "Actual Total Time": 821.755,
                                                "Actual Rows": 283539,
                                                "Actual Loops": 1
                                            },
                                            {
                                                "Worker Number": 3,
                                                "Actual Startup Time": 347.831,
                                                "Actual Total Time": 820.944,
                                                "Actual Rows": 316193,
                                                "Actual Loops": 1
                                            },
                                            {
                                                "Worker Number": 4,
                                                "Actual Startup Time": 347.734,
                                                "Actual Total Time": 813.236,
                                                "Actual Rows": 276648,
                                                "Actual Loops": 1
                                            },
                                            {
                                                "Worker Number": 5,
                                                "Actual Startup Time": 347.934,
                                                "Actual Total Time": 812.634,
                                                "Actual Rows": 305256,
                                                "Actual Loops": 1
                                            }
                                        ],
                                        "Plans": [
                                            {
                                                "Node Type": "Index Scan",
                                                "Parent Relationship": "Outer",
                                                "Parallel Aware": true,
                                                "Scan Direction": "Forward",
                                                "Index Name": "role_id_cast_info",
                                                "Relation Name": "cast_info",
                                                "Schema": "public",
                                                "Alias": "ci",
                                                "Startup Cost": 0.56,
                                                "Total Cost": 322560.04,
                                                "Plan Rows": 166402,
                                                "Plan Width": 4,
                                                "Actual Startup Time": 180.767,
                                                "Actual Total Time": 375.636,
                                                "Actual Rows": 442521,
                                                "Actual Loops": 7,
                                                "Output": [
                                                    "ci.id",
                                                    "ci.person_id",
                                                    "ci.movie_id",
                                                    "ci.person_role_id",
                                                    "ci.note",
                                                    "ci.nr_order",
                                                    "ci.role_id"
                                                ],
                                                "Index Cond": "(ci.role_id > 3)",
                                                "Rows Removed by Index Recheck": 0,
                                                "Filter": "(ci.person_id > 3491337)",
                                                "Rows Removed by Filter": 1288000,
                                                "Workers": [
                                                    {
                                                        "Worker Number": 0,
                                                        "Actual Startup Time": 180.803,
                                                        "Actual Total Time": 378.738,
                                                        "Actual Rows": 409305,
                                                        "Actual Loops": 1
                                                    },
                                                    {
                                                        "Worker Number": 1,
                                                        "Actual Startup Time": 180.777,
                                                        "Actual Total Time": 379.029,
                                                        "Actual Rows": 454379,
                                                        "Actual Loops": 1
                                                    },
                                                    {
                                                        "Worker Number": 2,
                                                        "Actual Startup Time": 180.718,
                                                        "Actual Total Time": 380.52,
                                                        "Actual Rows": 420344,
                                                        "Actual Loops": 1
                                                    },
                                                    {
                                                        "Worker Number": 3,
                                                        "Actual Startup Time": 180.758,
                                                        "Actual Total Time": 384.293,
                                                        "Actual Rows": 467042,
                                                        "Actual Loops": 1
                                                    },
                                                    {
                                                        "Worker Number": 4,
                                                        "Actual Startup Time": 180.736,
                                                        "Actual Total Time": 376.852,
                                                        "Actual Rows": 404133,
                                                        "Actual Loops": 1
                                                    },
                                                    {
                                                        "Worker Number": 5,
                                                        "Actual Startup Time": 180.812,
                                                        "Actual Total Time": 381.545,
                                                        "Actual Rows": 452952,
                                                        "Actual Loops": 1
                                                    }
                                                ]
                                            },
                                            {
                                                "Node Type": "Hash",
                                                "Parent Relationship": "Inner",
                                                "Parallel Aware": true,
                                                "Startup Cost": 43899.01,
                                                "Total Cost": 43899.01,
                                                "Plan Rows": 330373,
                                                "Plan Width": 4,
                                                "Actual Startup Time": 164.665,
                                                "Actual Total Time": 164.665,
                                                "Actual Rows": 188980,
                                                "Actual Loops": 7,
                                                "Output": [
                                                    "t.id"
                                                ],
                                                "Hash Buckets": 2097152,
                                                "Original Hash Buckets": 2097152,
                                                "Hash Batches": 1,
                                                "Original Hash Batches": 1,
                                                "Peak Memory Usage": 68256,
                                                "Workers": [
                                                    {
                                                        "Worker Number": 0,
                                                        "Actual Startup Time": 166.152,
                                                        "Actual Total Time": 166.154,
                                                        "Actual Rows": 168710,
                                                        "Actual Loops": 1
                                                    },
                                                    {
                                                        "Worker Number": 1,
                                                        "Actual Startup Time": 166.494,
                                                        "Actual Total Time": 166.494,
                                                        "Actual Rows": 183143,
                                                        "Actual Loops": 1
                                                    },
                                                    {
                                                        "Worker Number": 2,
                                                        "Actual Startup Time": 166.18,
                                                        "Actual Total Time": 166.181,
                                                        "Actual Rows": 165677,
                                                        "Actual Loops": 1
                                                    },
                                                    {
                                                        "Worker Number": 3,
                                                        "Actual Startup Time": 166.559,
                                                        "Actual Total Time": 166.559,
                                                        "Actual Rows": 181079,
                                                        "Actual Loops": 1
                                                    },
                                                    {
                                                        "Worker Number": 4,
                                                        "Actual Startup Time": 166.459,
                                                        "Actual Total Time": 166.46,
                                                        "Actual Rows": 165804,
                                                        "Actual Loops": 1
                                                    },
                                                    {
                                                        "Worker Number": 5,
                                                        "Actual Startup Time": 166.563,
                                                        "Actual Total Time": 166.564,
                                                        "Actual Rows": 179971,
                                                        "Actual Loops": 1
                                                    }
                                                ],
                                                "Plans": [
                                                    {
                                                        "Node Type": "Seq Scan",
                                                        "Parent Relationship": "Outer",
                                                        "Parallel Aware": true,
                                                        "Relation Name": "title",
                                                        "Schema": "public",
                                                        "Alias": "t",
                                                        "Startup Cost": 0.0,
                                                        "Total Cost": 43899.01,
                                                        "Plan Rows": 330373,
                                                        "Plan Width": 4,
                                                        "Actual Startup Time": 0.062,
                                                        "Actual Total Time": 73.867,
                                                        "Actual Rows": 188980,
                                                        "Actual Loops": 7,
                                                        "Output": [
                                                            "t.id"
                                                        ],
                                                        "Filter": "(t.production_year > 2001)",
                                                        "Rows Removed by Filter": 172207,
                                                        "Workers": [
                                                            {
                                                                "Worker Number": 0,
                                                                "Actual Startup Time": 0.066,
                                                                "Actual Total Time": 75.188,
                                                                "Actual Rows": 168710,
                                                                "Actual Loops": 1
                                                            },
                                                            {
                                                                "Worker Number": 1,
                                                                "Actual Startup Time": 0.073,
                                                                "Actual Total Time": 76.376,
                                                                "Actual Rows": 183143,
                                                                "Actual Loops": 1
                                                            },
                                                            {
                                                                "Worker Number": 2,
                                                                "Actual Startup Time": 0.065,
                                                                "Actual Total Time": 75.094,
                                                                "Actual Rows": 165677,
                                                                "Actual Loops": 1
                                                            },
                                                            {
                                                                "Worker Number": 3,
                                                                "Actual Startup Time": 0.072,
                                                                "Actual Total Time": 76.167,
                                                                "Actual Rows": 181079,
                                                                "Actual Loops": 1
                                                            },
                                                            {
                                                                "Worker Number": 4,
                                                                "Actual Startup Time": 0.069,
                                                                "Actual Total Time": 73.775,
                                                                "Actual Rows": 165804,
                                                                "Actual Loops": 1
                                                            },
                                                            {
                                                                "Worker Number": 5,
                                                                "Actual Startup Time": 0.071,
                                                                "Actual Total Time": 75.562,
                                                                "Actual Rows": 179971,
                                                                "Actual Loops": 1
                                                            }
                                                        ]
                                                    }
                                                ]
                                            }
                                        ]
                                    },
                                    {
                                        "Node Type": "Index Only Scan",
                                        "Parent Relationship": "Inner",
                                        "Parallel Aware": false,
                                        "Scan Direction": "Forward",
                                        "Index Name": "movie_id_movie_info",
                                        "Relation Name": "movie_info",
                                        "Schema": "public",
                                        "Alias": "mi",
                                        "Startup Cost": 0.43,
                                        "Total Cost": 1.77,
                                        "Plan Rows": 39,
                                        "Plan Width": 4,
                                        "Actual Startup Time": 0.004,
                                        "Actual Total Time": 0.011,
                                        "Actual Rows": 20,
                                        "Actual Loops": 2095320,
                                        "Output": [
                                            "mi.movie_id"
                                        ],
                                        "Index Cond": "(mi.movie_id = t.id)",
                                        "Rows Removed by Index Recheck": 0,
                                        "Heap Fetches": 42229175,
                                        "Workers": [
                                            {
                                                "Worker Number": 0,
                                                "Actual Startup Time": 0.004,
                                                "Actual Total Time": 0.012,
                                                "Actual Rows": 20,
                                                "Actual Loops": 278171
                                            },
                                            {
                                                "Worker Number": 1,
                                                "Actual Startup Time": 0.003,
                                                "Actual Total Time": 0.011,
                                                "Actual Rows": 21,
                                                "Actual Loops": 304826
                                            },
                                            {
                                                "Worker Number": 2,
                                                "Actual Startup Time": 0.004,
                                                "Actual Total Time": 0.012,
                                                "Actual Rows": 20,
                                                "Actual Loops": 283539
                                            },
                                            {
                                                "Worker Number": 3,
                                                "Actual Startup Time": 0.003,
                                                "Actual Total Time": 0.01,
                                                "Actual Rows": 20,
                                                "Actual Loops": 316193
                                            },
                                            {
                                                "Worker Number": 4,
                                                "Actual Startup Time": 0.004,
                                                "Actual Total Time": 0.012,
                                                "Actual Rows": 20,
                                                "Actual Loops": 276648
                                            },
                                            {
                                                "Worker Number": 5,
                                                "Actual Startup Time": 0.003,
                                                "Actual Total Time": 0.011,
                                                "Actual Rows": 21,
                                                "Actual Loops": 305256
                                            }
                                        ]
                                    }
                                ]
                            }
                        ]
                    }
                ]
            }
        ]
    },
    "Planning Time": 1.563,
    "Triggers": [],
    "Execution Time": 4894.743
}