[
  {
    "Plan": {
      "Node Type": "Aggregate",
      "Strategy": "Plain",
      "Partial Mode": "Finalize",
      "Parallel Aware": false,
      "Startup Cost": 333563.23,
      "Total Cost": 333563.24,
      "Plan Rows": 1,
      "Plan Width": 8,
      "Actual Startup Time": 668.973,
      "Actual Total Time": 714.794,
      "Actual Rows": 1,
      "Actual Loops": 1,
      "Plans": [
        {
          "Node Type": "Gather",
          "Parent Relationship": "Outer",
          "Parallel Aware": false,
          "Startup Cost": 333562.6,
          "Total Cost": 333563.21,
          "Plan Rows": 6,
          "Plan Width": 8,
          "Actual Startup Time": 668.797,
          "Actual Total Time": 714.78,
          "Actual Rows": 7,
          "Actual Loops": 1,
          "Workers Planned": 6,
          "Workers Launched": 6,
          "Single Copy": false,
          "Plans": [
            {
              "Node Type": "Aggregate",
              "Strategy": "Plain",
              "Partial Mode": "Partial",
              "Parent Relationship": "Outer",
              "Parallel Aware": false,
              "Startup Cost": 332562.6,
              "Total Cost": 332562.61,
              "Plan Rows": 1,
              "Plan Width": 8,
              "Actual Startup Time": 661.342,
              "Actual Total Time": 661.344,
              "Actual Rows": 1,
              "Actual Loops": 7,
              "Plans": [
                {
                  "Node Type": "Seq Scan",
                  "Parent Relationship": "Outer",
                  "Parallel Aware": true,
                  "Relation Name": "cast_info",
                  "Alias": "ci",
                  "Startup Cost": 0.0,
                  "Total Cost": 328211.39,
                  "Plan Rows": 1740485,
                  "Plan Width": 0,
                  "Actual Startup Time": 0.048,
                  "Actual Total Time": 585.069,
                  "Actual Rows": 1493469,
                  "Actual Loops": 7,
                  "Filter": "(person_id < 1026270)",
                  "Rows Removed by Filter": 3684294
                }
              ]
            }
          ]
        }
      ]
    },
    "Planning Time": 0.236,
    "Triggers": [],
    "Execution Time": 714.865
  }
]