[
    {
        "Bao": {
            "Bao prediction": "NaN",
            "Bao recommended hint": "(no hint)"
        }
    },
    {
        "Plan": {
            "Node Type": "Aggregate",
            "Strategy": "Plain",
            "Partial Mode": "Finalize",
            "Parallel Aware": false,
            "Startup Cost": 44141.31,
            "Total Cost": 44141.32,
            "Plan Rows": 1,
            "Plan Width": 8,
            "Actual Startup Time": 134.927,
            "Actual Total Time": 142.061,
            "Actual Rows": 1,
            "Actual Loops": 1,
            "Output": [
                "count(*)"
            ],
            "Plans": [
                {
                    "Node Type": "Gather",
                    "Parent Relationship": "Outer",
                    "Parallel Aware": false,
                    "Startup Cost": 44140.99,
                    "Total Cost": 44141.3,
                    "Plan Rows": 3,
                    "Plan Width": 8,
                    "Actual Startup Time": 134.703,
                    "Actual Total Time": 142.053,
                    "Actual Rows": 4,
                    "Actual Loops": 1,
                    "Output": [
                        "(PARTIAL count(*))"
                    ],
                    "Workers Planned": 3,
                    "Workers Launched": 3,
                    "Single Copy": false,
                    "Plans": [
                        {
                            "Node Type": "Aggregate",
                            "Strategy": "Plain",
                            "Partial Mode": "Partial",
                            "Parent Relationship": "Outer",
                            "Parallel Aware": false,
                            "Startup Cost": 43140.99,
                            "Total Cost": 43141.0,
                            "Plan Rows": 1,
                            "Plan Width": 8,
                            "Actual Startup Time": 126.015,
                            "Actual Total Time": 126.017,
                            "Actual Rows": 1,
                            "Actual Loops": 4,
                            "Output": [
                                "PARTIAL count(*)"
                            ],
                            "Workers": [
                                {
                                    "Worker Number": 0,
                                    "Actual Startup Time": 122.98,
                                    "Actual Total Time": 122.982,
                                    "Actual Rows": 1,
                                    "Actual Loops": 1
                                },
                                {
                                    "Worker Number": 1,
                                    "Actual Startup Time": 123.141,
                                    "Actual Total Time": 123.143,
                                    "Actual Rows": 1,
                                    "Actual Loops": 1
                                },
                                {
                                    "Worker Number": 2,
                                    "Actual Startup Time": 123.497,
                                    "Actual Total Time": 123.499,
                                    "Actual Rows": 1,
                                    "Actual Loops": 1
                                }
                            ],
                            "Plans": [
                                {
                                    "Node Type": "Bitmap Heap Scan",
                                    "Parent Relationship": "Outer",
                                    "Parallel Aware": true,
                                    "Relation Name": "movie_keyword",
                                    "Schema": "public",
                                    "Alias": "mk",
                                    "Startup Cost": 15215.93,
                                    "Total Cost": 42562.48,
                                    "Plan Rows": 231405,
                                    "Plan Width": 0,
                                    "Actual Startup Time": 38.387,
                                    "Actual Total Time": 116.112,
                                    "Actual Rows": 176265,
                                    "Actual Loops": 4,
                                    "Recheck Cond": "(mk.keyword_id > 26760)",
                                    "Rows Removed by Index Recheck": 0,
                                    "Exact Heap Blocks": 10321,
                                    "Lossy Heap Blocks": 0,
                                    "Workers": [
                                        {
                                            "Worker Number": 0,
                                            "Actual Startup Time": 35.419,
                                            "Actual Total Time": 113.763,
                                            "Actual Rows": 148553,
                                            "Actual Loops": 1
                                        },
                                        {
                                            "Worker Number": 1,
                                            "Actual Startup Time": 35.588,
                                            "Actual Total Time": 114.036,
                                            "Actual Rows": 148273,
                                            "Actual Loops": 1
                                        },
                                        {
                                            "Worker Number": 2,
                                            "Actual Startup Time": 36.07,
                                            "Actual Total Time": 115.034,
                                            "Actual Rows": 98497,
                                            "Actual Loops": 1
                                        }
                                    ],
                                    "Plans": [
                                        {
                                            "Node Type": "Bitmap Index Scan",
                                            "Parent Relationship": "Outer",
                                            "Parallel Aware": false,
                                            "Index Name": "keyword_id_movie_keyword",
                                            "Startup Cost": 0.0,
                                            "Total Cost": 15036.59,
                                            "Plan Rows": 717354,
                                            "Plan Width": 0,
                                            "Actual Startup Time": 43.065,
                                            "Actual Total Time": 43.065,
                                            "Actual Rows": 705061,
                                            "Actual Loops": 1,
                                            "Index Cond": "(mk.keyword_id > 26760)"
                                        }
                                    ]
                                }
                            ]
                        }
                    ]
                }
            ]
        },
        "Planning Time": 209.921,
        "Triggers": [],
        "Execution Time": 142.124
    }
]