[
  {
    "Plan": {
      "Node Type": "Aggregate",
      "Strategy": "Plain",
      "Partial Mode": "Finalize",
      "Parallel Aware": false,
      "Startup Cost": 208446.9,
      "Total Cost": 208446.91,
      "Plan Rows": 1,
      "Plan Width": 8,
      "Actual Startup Time": 1556.427,
      "Actual Total Time": 1628.03,
      "Actual Rows": 1,
      "Actual Loops": 1,
      "Plans": [
        {
          "Node Type": "Gather",
          "Parent Relationship": "Outer",
          "Parallel Aware": false,
          "Startup Cost": 208446.58,
          "Total Cost": 208446.89,
          "Plan Rows": 3,
          "Plan Width": 8,
          "Actual Startup Time": 1555.832,
          "Actual Total Time": 1628.022,
          "Actual Rows": 4,
          "Actual Loops": 1,
          "Workers Planned": 3,
          "Workers Launched": 3,
          "Single Copy": false,
          "Plans": [
            {
              "Node Type": "Aggregate",
              "Strategy": "Plain",
              "Partial Mode": "Partial",
              "Parent Relationship": "Outer",
              "Parallel Aware": false,
              "Startup Cost": 207446.58,
              "Total Cost": 207446.59,
              "Plan Rows": 1,
              "Plan Width": 8,
              "Actual Startup Time": 1546.273,
              "Actual Total Time": 1546.277,
              "Actual Rows": 1,
              "Actual Loops": 4,
              "Plans": [
                {
                  "Node Type": "Nested Loop",
                  "Parent Relationship": "Outer",
                  "Parallel Aware": false,
                  "Join Type": "Inner",
                  "Startup Cost": 45958.91,
                  "Total Cost": 205632.43,
                  "Plan Rows": 725661,
                  "Plan Width": 0,
                  "Actual Startup Time": 107.574,
                  "Actual Total Time": 1456.222,
                  "Actual Rows": 2093509,
                  "Actual Loops": 4,
                  "Inner Unique": false,
                  "Join Filter": "(t.id = ci.movie_id)",
                  "Rows Removed by Join Filter": 0,
                  "Plans": [
                    {
                      "Node Type": "Hash Join",
                      "Parent Relationship": "Outer",
                      "Parallel Aware": true,
                      "Join Type": "Inner",
                      "Startup Cost": 45958.35,
                      "Total Cost": 90845.59,
                      "Plan Rows": 50643,
                      "Plan Width": 8,
                      "Actual Startup Time": 107.398,
                      "Actual Total Time": 262.299,
                      "Actual Rows": 31324,
                      "Actual Loops": 4,
                      "Inner Unique": true,
                      "Hash Cond": "(mk.movie_id = t.id)",
                      "Plans": [
                        {
                          "Node Type": "Seq Scan",
                          "Parent Relationship": "Outer",
                          "Parallel Aware": true,
                          "Relation Name": "movie_keyword",
                          "Alias": "mk",
                          "Startup Cost": 0.0,
                          "Total Cost": 42695.65,
                          "Plan Rows": 834889,
                          "Plan Width": 4,
                          "Actual Startup Time": 0.216,
                          "Actual Total Time": 96.772,
                          "Actual Rows": 644974,
                          "Actual Loops": 4,
                          "Filter": "(keyword_id > 3346)",
                          "Rows Removed by Filter": 486009
                        },
                        {
                          "Node Type": "Hash",
                          "Parent Relationship": "Inner",
                          "Parallel Aware": true,
                          "Startup Cost": 45479.1,
                          "Total Cost": 45479.1,
                          "Plan Rows": 38340,
                          "Plan Width": 4,
                          "Actual Startup Time": 104.71,
                          "Actual Total Time": 104.711,
                          "Actual Rows": 33690,
                          "Actual Loops": 4,
                          "Hash Buckets": 262144,
                          "Original Hash Buckets": 262144,
                          "Hash Batches": 1,
                          "Original Hash Batches": 1,
                          "Peak Memory Usage": 7360,
                          "Plans": [
                            {
                              "Node Type": "Seq Scan",
                              "Parent Relationship": "Outer",
                              "Parallel Aware": true,
                              "Relation Name": "title",
                              "Alias": "t",
                              "Startup Cost": 0.0,
                              "Total Cost": 45479.1,
                              "Plan Rows": 38340,
                              "Plan Width": 4,
                              "Actual Startup Time": 0.095,
                              "Actual Total Time": 93.635,
                              "Actual Rows": 33690,
                              "Actual Loops": 4,
                              "Filter": "((kind_id < 7) AND (production_year > 2010))",
                              "Rows Removed by Filter": 598388
                            }
                          ]
                        }
                      ]
                    },
                    {
                      "Node Type": "Index Only Scan",
                      "Parent Relationship": "Inner",
                      "Parallel Aware": false,
                      "Scan Direction": "Forward",
                      "Index Name": "movie_id_cast_info",
                      "Relation Name": "cast_info",
                      "Alias": "ci",
                      "Startup Cost": 0.56,
                      "Total Cost": 1.8,
                      "Plan Rows": 37,
                      "Plan Width": 4,
                      "Actual Startup Time": 0.004,
                      "Actual Total Time": 0.032,
                      "Actual Rows": 67,
                      "Actual Loops": 125294,
                      "Index Cond": "(movie_id = mk.movie_id)",
                      "Rows Removed by Index Recheck": 0,
                      "Heap Fetches": 8374036
                    }
                  ]
                }
              ]
            }
          ]
        }
      ]
    },
    "Planning Time": 1.405,
    "Triggers": [],
    "Execution Time": 1628.141
  }
]