[
  {
    "Plan": {
      "Node Type": "Aggregate",
      "Strategy": "Plain",
      "Partial Mode": "Finalize",
      "Parallel Aware": false,
      "Startup Cost": 246091.63,
      "Total Cost": 246091.64,
      "Plan Rows": 1,
      "Plan Width": 8,
      "Actual Startup Time": 658.704,
      "Actual Total Time": 709.328,
      "Actual Rows": 1,
      "Actual Loops": 1,
      "Plans": [
        {
          "Node Type": "Gather",
          "Parent Relationship": "Outer",
          "Parallel Aware": false,
          "Startup Cost": 246091.1,
          "Total Cost": 246091.61,
          "Plan Rows": 5,
          "Plan Width": 8,
          "Actual Startup Time": 658.377,
          "Actual Total Time": 709.296,
          "Actual Rows": 6,
          "Actual Loops": 1,
          "Workers Planned": 5,
          "Workers Launched": 5,
          "Single Copy": false,
          "Plans": [
            {
              "Node Type": "Aggregate",
              "Strategy": "Plain",
              "Partial Mode": "Partial",
              "Parent Relationship": "Outer",
              "Parallel Aware": false,
              "Startup Cost": 245091.1,
              "Total Cost": 245091.11,
              "Plan Rows": 1,
              "Plan Width": 8,
              "Actual Startup Time": 648.086,
              "Actual Total Time": 648.088,
              "Actual Rows": 1,
              "Actual Loops": 6,
              "Plans": [
                {
                  "Node Type": "Hash Join",
                  "Parent Relationship": "Outer",
                  "Parallel Aware": true,
                  "Join Type": "Inner",
                  "Startup Cost": 45629.05,
                  "Total Cost": 244950.81,
                  "Plan Rows": 56116,
                  "Plan Width": 0,
                  "Actual Startup Time": 85.215,
                  "Actual Total Time": 643.814,
                  "Actual Rows": 74274,
                  "Actual Loops": 6,
                  "Inner Unique": true,
                  "Hash Cond": "(mi.movie_id = t.id)",
                  "Plans": [
                    {
                      "Node Type": "Seq Scan",
                      "Parent Relationship": "Outer",
                      "Parallel Aware": true,
                      "Relation Name": "movie_info",
                      "Alias": "mi",
                      "Startup Cost": 0.0,
                      "Total Cost": 191560.33,
                      "Plan Rows": 2956733,
                      "Plan Width": 4,
                      "Actual Startup Time": 0.028,
                      "Actual Total Time": 300.233,
                      "Actual Rows": 2472620,
                      "Actual Loops": 6
                    },
                    {
                      "Node Type": "Hash",
                      "Parent Relationship": "Inner",
                      "Parallel Aware": true,
                      "Startup Cost": 45479.1,
                      "Total Cost": 45479.1,
                      "Plan Rows": 11996,
                      "Plan Width": 4,
                      "Actual Startup Time": 83.313,
                      "Actual Total Time": 83.314,
                      "Actual Rows": 6459,
                      "Actual Loops": 6,
                      "Hash Buckets": 65536,
                      "Original Hash Buckets": 65536,
                      "Hash Batches": 1,
                      "Original Hash Batches": 1,
                      "Peak Memory Usage": 2144,
                      "Plans": [
                        {
                          "Node Type": "Seq Scan",
                          "Parent Relationship": "Outer",
                          "Parallel Aware": true,
                          "Relation Name": "title",
                          "Alias": "t",
                          "Startup Cost": 0.0,
                          "Total Cost": 45479.1,
                          "Plan Rows": 11996,
                          "Plan Width": 4,
                          "Actual Startup Time": 0.197,
                          "Actual Total Time": 80.034,
                          "Actual Rows": 6459,
                          "Actual Loops": 6,
                          "Filter": "((kind_id < 7) AND (production_year = 2008))",
                          "Rows Removed by Filter": 414927
                        }
                      ]
                    }
                  ]
                }
              ]
            }
          ]
        }
      ]
    },
    "Planning Time": 0.603,
    "Triggers": [],
    "Execution Time": 709.411
  }
]