{
  "Plan": {
    "Node Type": "Aggregate",
    "Strategy": "Plain",
    "Partial Mode": "Finalize",
    "Parallel Aware": false,
    "Startup Cost": 445878.54,
    "Total Cost": 445878.55,
    "Plan Rows": 1,
    "Plan Width": 8,
    "Actual Startup Time": 5749.115,
    "Actual Total Time": 5802.868,
    "Actual Rows": 1,
    "Actual Loops": 1,
    "Plans": [
      {
        "Node Type": "Gather",
        "Parent Relationship": "Outer",
        "Parallel Aware": false,
        "Startup Cost": 445878.43,
        "Total Cost": 445878.54,
        "Plan Rows": 1,
        "Plan Width": 8,
        "Actual Startup Time": 5741.956,
        "Actual Total Time": 5802.86,
        "Actual Rows": 2,
        "Actual Loops": 1,
        "Workers Planned": 1,
        "Workers Launched": 1,
        "Single Copy": false,
        "Plans": [
          {
            "Node Type": "Aggregate",
            "Strategy": "Plain",
            "Partial Mode": "Partial",
            "Parent Relationship": "Outer",
            "Parallel Aware": false,
            "Startup Cost": 444878.43,
            "Total Cost": 444878.44,
            "Plan Rows": 1,
            "Plan Width": 8,
            "Actual Startup Time": 5735.533,
            "Actual Total Time": 5735.539,
            "Actual Rows": 1,
            "Actual Loops": 2,
            "Plans": [
              {
                "Node Type": "Hash Join",
                "Parent Relationship": "Outer",
                "Parallel Aware": true,
                "Join Type": "Inner",
                "Startup Cost": 133130.43,
                "Total Cost": 435877.01,
                "Plan Rows": 3600569,
                "Plan Width": 0,
                "Actual Startup Time": 955.247,
                "Actual Total Time": 4603.099,
                "Actual Rows": 28470712,
                "Actual Loops": 2,
                "Inner Unique": false,
                "Hash Cond": "(mi.movie_id = t.id)",
                "Plans": [
                  {
                    "Node Type": "Seq Scan",
                    "Parent Relationship": "Outer",
                    "Parallel Aware": true,
                    "Relation Name": "movie_info",
                    "Alias": "mi",
                    "Startup Cost": 0.0,
                    "Total Cost": 248955.74,
                    "Plan Rows": 8696274,
                    "Plan Width": 4,
                    "Actual Startup Time": 0.018,
                    "Actual Total Time": 633.623,
                    "Actual Rows": 7417860,
                    "Actual Loops": 2
                  },
                  {
                    "Node Type": "Hash",
                    "Parent Relationship": "Inner",
                    "Parallel Aware": true,
                    "Startup Cost": 125433.34,
                    "Total Cost": 125433.34,
                    "Plan Rows": 615767,
                    "Plan Width": 8,
                    "Actual Startup Time": 945.478,
                    "Actual Total Time": 945.482,
                    "Actual Rows": 524876,
                    "Actual Loops": 2,
                    "Hash Buckets": 2097152,
                    "Original Hash Buckets": 1048576,
                    "Hash Batches": 1,
                    "Original Hash Batches": 1,
                    "Peak Memory Usage": 65696,
                    "Plans": [
                      {
                        "Node Type": "Hash Join",
                        "Parent Relationship": "Outer",
                        "Parallel Aware": true,
                        "Join Type": "Inner",
                        "Startup Cost": 91665.86,
                        "Total Cost": 125433.34,
                        "Plan Rows": 615767,
                        "Plan Width": 8,
                        "Actual Startup Time": 598.809,
                        "Actual Total Time": 816.93,
                        "Actual Rows": 524876,
                        "Actual Loops": 2,
                        "Inner Unique": true,
                        "Hash Cond": "(mk.movie_id = t.id)",
                        "Plans": [
                          {
                            "Node Type": "Bitmap Heap Scan",
                            "Parent Relationship": "Outer",
                            "Parallel Aware": true,
                            "Relation Name": "movie_keyword",
                            "Alias": "mk",
                            "Startup Cost": 22205.16,
                            "Total Cost": 54356.25,
                            "Plan Rows": 615767,
                            "Plan Width": 4,
                            "Actual Startup Time": 76.608,
                            "Actual Total Time": 170.363,
                            "Actual Rows": 524876,
                            "Actual Loops": 2,
                            "Recheck Cond": "(keyword_id > 16892)",
                            "Rows Removed by Index Recheck": 0,
                            "Exact Heap Blocks": 12753,
                            "Lossy Heap Blocks": 0,
                            "Plans": [
                              {
                                "Node Type": "Bitmap Index Scan",
                                "Parent Relationship": "Outer",
                                "Parallel Aware": false,
                                "Index Name": "keyword_id_movie_keyword",
                                "Startup Cost": 0.0,
                                "Total Cost": 21943.46,
                                "Plan Rows": 1046804,
                                "Plan Width": 0,
                                "Actual Startup Time": 73.027,
                                "Actual Total Time": 73.027,
                                "Actual Rows": 1049752,
                                "Actual Loops": 1,
                                "Index Cond": "(keyword_id > 16892)"
                              }
                            ]
                          },
                          {
                            "Node Type": "Hash",
                            "Parent Relationship": "Inner",
                            "Parallel Aware": true,
                            "Startup Cost": 50870.31,
                            "Total Cost": 50870.31,
                            "Plan Rows": 1487231,
                            "Plan Width": 4,
                            "Actual Startup Time": 506.791,
                            "Actual Total Time": 506.792,
                            "Actual Rows": 1264156,
                            "Actual Loops": 2,
                            "Hash Buckets": 4194304,
                            "Original Hash Buckets": 4194304,
                            "Hash Batches": 1,
                            "Original Hash Batches": 1,
                            "Peak Memory Usage": 131712,
                            "Plans": [
                              {
                                "Node Type": "Seq Scan",
                                "Parent Relationship": "Outer",
                                "Parallel Aware": true,
                                "Relation Name": "title",
                                "Alias": "t",
                                "Startup Cost": 0.0,
                                "Total Cost": 50870.31,
                                "Plan Rows": 1487231,
                                "Plan Width": 4,
                                "Actual Startup Time": 0.034,
                                "Actual Total Time": 154.125,
                                "Actual Rows": 1264156,
                                "Actual Loops": 2
                              }
                            ]
                          }
                        ]
                      }
                    ]
                  }
                ]
              }
            ]
          }
        ]
      }
    ]
  },
  "Planning Time": 0.902,
  "Triggers": [],
  "Execution Time": 5802.976
}