{
  "Plan": {
    "Node Type": "Aggregate",
    "Strategy": "Plain",
    "Partial Mode": "Finalize",
    "Parallel Aware": false,
    "Startup Cost": 1156705.04,
    "Total Cost": 1156705.05,
    "Plan Rows": 1,
    "Plan Width": 64,
    "Actual Startup Time": 5987.127,
    "Actual Total Time": 6093.1,
    "Actual Rows": 1,
    "Actual Loops": 1,
    "Plans": [
      {
        "Node Type": "Gather",
        "Parent Relationship": "Outer",
        "Parallel Aware": false,
        "Startup Cost": 1156704.92,
        "Total Cost": 1156705.03,
        "Plan Rows": 1,
        "Plan Width": 64,
        "Actual Startup Time": 5975.881,
        "Actual Total Time": 6093.087,
        "Actual Rows": 2,
        "Actual Loops": 1,
        "Workers Planned": 1,
        "Workers Launched": 1,
        "Single Copy": false,
        "Plans": [
          {
            "Node Type": "Aggregate",
            "Strategy": "Plain",
            "Partial Mode": "Partial",
            "Parent Relationship": "Outer",
            "Parallel Aware": false,
            "Startup Cost": 1155704.92,
            "Total Cost": 1155704.93,
            "Plan Rows": 1,
            "Plan Width": 64,
            "Actual Startup Time": 5958.286,
            "Actual Total Time": 5958.314,
            "Actual Rows": 1,
            "Actual Loops": 2,
            "Plans": [
              {
                "Node Type": "Hash Join",
                "Parent Relationship": "Outer",
                "Parallel Aware": true,
                "Join Type": "Inner",
                "Startup Cost": 1137018.33,
                "Total Cost": 1155704.8,
                "Plan Rows": 24,
                "Plan Width": 32,
                "Actual Startup Time": 5520.812,
                "Actual Total Time": 5891.579,
                "Actual Rows": 880322,
                "Actual Loops": 2,
                "Inner Unique": true,
                "Hash Cond": "(ci.person_role_id = chn.id)",
                "Plans": [
                  {
                    "Node Type": "Hash Join",
                    "Parent Relationship": "Outer",
                    "Parallel Aware": true,
                    "Join Type": "Inner",
                    "Startup Cost": 1059008.17,
                    "Total Cost": 1077694.58,
                    "Plan Rows": 24,
                    "Plan Width": 36,
                    "Actual Startup Time": 4824.835,
                    "Actual Total Time": 5072.51,
                    "Actual Rows": 954690,
                    "Actual Loops": 2,
                    "Inner Unique": false,
                    "Hash Cond": "(an.person_id = n.id)",
                    "Plans": [
                      {
                        "Node Type": "Seq Scan",
                        "Parent Relationship": "Outer",
                        "Parallel Aware": true,
                        "Relation Name": "aka_name",
                        "Alias": "an",
                        "Startup Cost": 0.0,
                        "Total Cost": 16698.02,
                        "Plan Rows": 530202,
                        "Plan Width": 4,
                        "Actual Startup Time": 0.021,
                        "Actual Total Time": 41.359,
                        "Actual Rows": 450672,
                        "Actual Loops": 2
                      },
                      {
                        "Node Type": "Hash",
                        "Parent Relationship": "Inner",
                        "Parallel Aware": true,
                        "Startup Cost": 1059006.78,
                        "Total Cost": 1059006.78,
                        "Plan Rows": 111,
                        "Plan Width": 44,
                        "Actual Startup Time": 4824.528,
                        "Actual Total Time": 4824.551,
                        "Actual Rows": 440316,
                        "Actual Loops": 2,
                        "Hash Buckets": 1048576,
                        "Original Hash Buckets": 1024,
                        "Hash Batches": 1,
                        "Original Hash Batches": 1,
                        "Peak Memory Usage": 87640,
                        "Plans": [
                          {
                            "Node Type": "Hash Join",
                            "Parent Relationship": "Outer",
                            "Parallel Aware": false,
                            "Join Type": "Inner",
                            "Startup Cost": 776645.76,
                            "Total Cost": 1059006.78,
                            "Plan Rows": 111,
                            "Plan Width": 44,
                            "Actual Startup Time": 3352.074,
                            "Actual Total Time": 4655.27,
                            "Actual Rows": 440316,
                            "Actual Loops": 2,
                            "Inner Unique": true,
                            "Hash Cond": "(mi.info_type_id = it.id)",
                            "Plans": [
                              {
                                "Node Type": "Hash Join",
                                "Parent Relationship": "Outer",
                                "Parallel Aware": true,
                                "Join Type": "Inner",
                                "Startup Cost": 776643.34,
                                "Total Cost": 1058970.16,
                                "Plan Rows": 12556,
                                "Plan Width": 48,
                                "Actual Startup Time": 2921.595,
                                "Actual Total Time": 4500.877,
                                "Actual Rows": 2460988,
                                "Actual Loops": 2,
                                "Inner Unique": false,
                                "Hash Cond": "(mi.movie_id = t.id)",
                                "Plans": [
                                  {
                                    "Node Type": "Seq Scan",
                                    "Parent Relationship": "Outer",
                                    "Parallel Aware": true,
                                    "Relation Name": "movie_info",
                                    "Alias": "mi",
                                    "Startup Cost": 0.0,
                                    "Total Cost": 249454.8,
                                    "Plan Rows": 8746180,
                                    "Plan Width": 8,
                                    "Actual Startup Time": 0.019,
                                    "Actual Total Time": 633.055,
                                    "Actual Rows": 7417860,
                                    "Actual Loops": 2
                                  },
                                  {
                                    "Node Type": "Hash",
                                    "Parent Relationship": "Inner",
                                    "Parallel Aware": true,
                                    "Startup Cost": 776616.65,
                                    "Total Cost": 776616.65,
                                    "Plan Rows": 2135,
                                    "Plan Width": 56,
                                    "Actual Startup Time": 2920.218,
                                    "Actual Total Time": 2920.236,
                                    "Actual Rows": 52162,
                                    "Actual Loops": 2,
                                    "Hash Buckets": 131072,
                                    "Original Hash Buckets": 4096,
                                    "Hash Batches": 1,
                                    "Original Hash Batches": 1,
                                    "Peak Memory Usage": 12192,
                                    "Plans": [
                                      {
                                        "Node Type": "Hash Join",
                                        "Parent Relationship": "Outer",
                                        "Parallel Aware": true,
                                        "Join Type": "Inner",
                                        "Startup Cost": 736673.72,
                                        "Total Cost": 776616.65,
                                        "Plan Rows": 2135,
                                        "Plan Width": 56,
                                        "Actual Startup Time": 2599.677,
                                        "Actual Total Time": 2896.005,
                                        "Actual Rows": 52162,
                                        "Actual Loops": 2,
                                        "Inner Unique": true,
                                        "Hash Cond": "(mc.company_id = cn.id)",
                                        "Plans": [
                                          {
                                            "Node Type": "Hash Join",
                                            "Parent Relationship": "Outer",
                                            "Parallel Aware": true,
                                            "Join Type": "Inner",
                                            "Startup Cost": 731318.95,
                                            "Total Cost": 771246.55,
                                            "Plan Rows": 5839,
                                            "Plan Width": 60,
                                            "Actual Startup Time": 2561.796,
                                            "Actual Total Time": 2839.959,
                                            "Actual Rows": 144564,
                                            "Actual Loops": 2,
                                            "Inner Unique": false,
                                            "Hash Cond": "(mc.movie_id = t.id)",
                                            "Plans": [
                                              {
                                                "Node Type": "Seq Scan",
                                                "Parent Relationship": "Outer",
                                                "Parallel Aware": true,
                                                "Relation Name": "movie_companies",
                                                "Alias": "mc",
                                                "Startup Cost": 0.0,
                                                "Total Cost": 34137.82,
                                                "Plan Rows": 1534782,
                                                "Plan Width": 8,
                                                "Actual Startup Time": 0.019,
                                                "Actual Total Time": 102.922,
                                                "Actual Rows": 1304564,
                                                "Actual Loops": 2
                                              },
                                              {
                                                "Node Type": "Hash",
                                                "Parent Relationship": "Inner",
                                                "Parallel Aware": true,
                                                "Startup Cost": 731248.21,
                                                "Total Cost": 731248.21,
                                                "Plan Rows": 5659,
                                                "Plan Width": 52,
                                                "Actual Startup Time": 2559.533,
                                                "Actual Total Time": 2559.545,
                                                "Actual Rows": 84132,
                                                "Actual Loops": 2,
                                                "Hash Buckets": 262144,
                                                "Original Hash Buckets": 16384,
                                                "Hash Batches": 1,
                                                "Original Hash Batches": 1,
                                                "Peak Memory Usage": 19840,
                                                "Plans": [
                                                  {
                                                    "Node Type": "Hash Join",
                                                    "Parent Relationship": "Outer",
                                                    "Parallel Aware": false,
                                                    "Join Type": "Inner",
                                                    "Startup Cost": 668863.24,
                                                    "Total Cost": 731248.21,
                                                    "Plan Rows": 5659,
                                                    "Plan Width": 52,
                                                    "Actual Startup Time": 2157.692,
                                                    "Actual Total Time": 2508.223,
                                                    "Actual Rows": 84132,
                                                    "Actual Loops": 2,
                                                    "Inner Unique": true,
                                                    "Hash Cond": "(ci.role_id = rt.id)",
                                                    "Plans": [
                                                      {
                                                        "Node Type": "Hash Join",
                                                        "Parent Relationship": "Outer",
                                                        "Parallel Aware": true,
                                                        "Join Type": "Inner",
                                                        "Startup Cost": 668862.07,
                                                        "Total Cost": 731005.84,
                                                        "Plan Rows": 67906,
                                                        "Plan Width": 56,
                                                        "Actual Startup Time": 2157.645,
                                                        "Actual Total Time": 2494.782,
                                                        "Actual Rows": 84152,
                                                        "Actual Loops": 2,
                                                        "Inner Unique": false,
                                                        "Hash Cond": "(t.id = ci.movie_id)",
                                                        "Plans": [
                                                          {
                                                            "Node Type": "Seq Scan",
                                                            "Parent Relationship": "Outer",
                                                            "Parallel Aware": true,
                                                            "Relation Name": "title",
                                                            "Alias": "t",
                                                            "Startup Cost": 0.0,
                                                            "Total Cost": 54589.98,
                                                            "Plan Rows": 817639,
                                                            "Plan Width": 21,
                                                            "Actual Startup Time": 0.014,
                                                            "Actual Total Time": 166.838,
                                                            "Actual Rows": 690726,
                                                            "Actual Loops": 2,
                                                            "Filter": "(production_year > 2000)",
                                                            "Rows Removed by Filter": 573430
                                                          },
                                                          {
                                                            "Node Type": "Hash",
                                                            "Parent Relationship": "Inner",
                                                            "Parallel Aware": true,
                                                            "Startup Cost": 667317.97,
                                                            "Total Cost": 667317.97,
                                                            "Plan Rows": 123528,
                                                            "Plan Width": 35,
                                                            "Actual Startup Time": 2157.002,
                                                            "Actual Total Time": 2157.009,
                                                            "Actual Rows": 138045,
                                                            "Actual Loops": 2,
                                                            "Hash Buckets": 524288,
                                                            "Original Hash Buckets": 262144,
                                                            "Hash Batches": 1,
                                                            "Original Hash Batches": 1,
                                                            "Peak Memory Usage": 25344,
                                                            "Plans": [
                                                              {
                                                                "Node Type": "Hash Join",
                                                                "Parent Relationship": "Outer",
                                                                "Parallel Aware": true,
                                                                "Join Type": "Inner",
                                                                "Startup Cost": 93298.14,
                                                                "Total Cost": 667317.97,
                                                                "Plan Rows": 123528,
                                                                "Plan Width": 35,
                                                                "Actual Startup Time": 923.955,
                                                                "Actual Total Time": 2107.458,
                                                                "Actual Rows": 138045,
                                                                "Actual Loops": 2,
                                                                "Inner Unique": true,
                                                                "Hash Cond": "(ci.person_id = n.id)",
                                                                "Plans": [
                                                                  {
                                                                    "Node Type": "Seq Scan",
                                                                    "Parent Relationship": "Outer",
                                                                    "Parallel Aware": true,
                                                                    "Relation Name": "cast_info",
                                                                    "Alias": "ci",
                                                                    "Startup Cost": 0.0,
                                                                    "Total Cost": 572608.98,
                                                                    "Plan Rows": 537469,
                                                                    "Plan Width": 16,
                                                                    "Actual Startup Time": 0.025,
                                                                    "Actual Total Time": 1661.613,
                                                                    "Actual Rows": 433738,
                                                                    "Actual Loops": 2,
                                                                    "Filter": "(note = ANY ('{(voice),\"(voice: Japanese version)\",\"(voice) (uncredited)\",\"(voice: English version)\"}'::text[]))",
                                                                    "Rows Removed by Filter": 17688434
                                                                  },
                                                                  {
                                                                    "Node Type": "Hash",
                                                                    "Parent Relationship": "Inner",
                                                                    "Parallel Aware": true,
                                                                    "Startup Cost": 86255.48,
                                                                    "Total Cost": 86255.48,
                                                                    "Plan Rows": 563413,
                                                                    "Plan Width": 19,
                                                                    "Actual Startup Time": 374.013,
                                                                    "Actual Total Time": 374.014,
                                                                    "Actual Rows": 480778,
                                                                    "Actual Loops": 2,
                                                                    "Hash Buckets": 1048576,
                                                                    "Original Hash Buckets": 1048576,
                                                                    "Hash Batches": 1,
                                                                    "Original Hash Batches": 1,
                                                                    "Peak Memory Usage": 60544,
                                                                    "Plans": [
                                                                      {
                                                                        "Node Type": "Seq Scan",
                                                                        "Parent Relationship": "Outer",
                                                                        "Parallel Aware": true,
                                                                        "Relation Name": "name",
                                                                        "Alias": "n",
                                                                        "Startup Cost": 0.0,
                                                                        "Total Cost": 86255.48,
                                                                        "Plan Rows": 563413,
                                                                        "Plan Width": 19,
                                                                        "Actual Startup Time": 89.259,
                                                                        "Actual Total Time": 231.504,
                                                                        "Actual Rows": 480778,
                                                                        "Actual Loops": 2,
                                                                        "Filter": "((gender)::text = 'f'::text)",
                                                                        "Rows Removed by Filter": 1602968
                                                                      }
                                                                    ]
                                                                  }
                                                                ]
                                                              }
                                                            ]
                                                          }
                                                        ]
                                                      },
                                                      {
                                                        "Node Type": "Hash",
                                                        "Parent Relationship": "Inner",
                                                        "Parallel Aware": false,
                                                        "Startup Cost": 1.15,
                                                        "Total Cost": 1.15,
                                                        "Plan Rows": 1,
                                                        "Plan Width": 4,
                                                        "Actual Startup Time": 0.029,
                                                        "Actual Total Time": 0.031,
                                                        "Actual Rows": 1,
                                                        "Actual Loops": 2,
                                                        "Hash Buckets": 1024,
                                                        "Original Hash Buckets": 1024,
                                                        "Hash Batches": 1,
                                                        "Original Hash Batches": 1,
                                                        "Peak Memory Usage": 9,
                                                        "Plans": [
                                                          {
                                                            "Node Type": "Seq Scan",
                                                            "Parent Relationship": "Outer",
                                                            "Parallel Aware": false,
                                                            "Relation Name": "role_type",
                                                            "Alias": "rt",
                                                            "Startup Cost": 0.0,
                                                            "Total Cost": 1.15,
                                                            "Plan Rows": 1,
                                                            "Plan Width": 4,
                                                            "Actual Startup Time": 0.024,
                                                            "Actual Total Time": 0.026,
                                                            "Actual Rows": 1,
                                                            "Actual Loops": 2,
                                                            "Filter": "((role)::text = 'actress'::text)",
                                                            "Rows Removed by Filter": 11
                                                          }
                                                        ]
                                                      }
                                                    ]
                                                  }
                                                ]
                                              }
                                            ]
                                          },
                                          {
                                            "Node Type": "Hash",
                                            "Parent Relationship": "Inner",
                                            "Parallel Aware": true,
                                            "Startup Cost": 4722.92,
                                            "Total Cost": 4722.92,
                                            "Plan Rows": 50548,
                                            "Plan Width": 4,
                                            "Actual Startup Time": 37.548,
                                            "Actual Total Time": 37.549,
                                            "Actual Rows": 42422,
                                            "Actual Loops": 2,
                                            "Hash Buckets": 131072,
                                            "Original Hash Buckets": 131072,
                                            "Hash Batches": 1,
                                            "Original Hash Batches": 1,
                                            "Peak Memory Usage": 4384,
                                            "Plans": [
                                              {
                                                "Node Type": "Seq Scan",
                                                "Parent Relationship": "Outer",
                                                "Parallel Aware": true,
                                                "Relation Name": "company_name",
                                                "Alias": "cn",
                                                "Startup Cost": 0.0,
                                                "Total Cost": 4722.92,
                                                "Plan Rows": 50548,
                                                "Plan Width": 4,
                                                "Actual Startup Time": 0.023,
                                                "Actual Total Time": 17.107,
                                                "Actual Rows": 42422,
                                                "Actual Loops": 2,
                                                "Filter": "((country_code)::text = '[us]'::text)",
                                                "Rows Removed by Filter": 75077
                                              }
                                            ]
                                          }
                                        ]
                                      }
                                    ]
                                  }
                                ]
                              },
                              {
                                "Node Type": "Hash",
                                "Parent Relationship": "Inner",
                                "Parallel Aware": false,
                                "Startup Cost": 2.41,
                                "Total Cost": 2.41,
                                "Plan Rows": 1,
                                "Plan Width": 4,
                                "Actual Startup Time": 0.043,
                                "Actual Total Time": 0.044,
                                "Actual Rows": 1,
                                "Actual Loops": 2,
                                "Hash Buckets": 1024,
                                "Original Hash Buckets": 1024,
                                "Hash Batches": 1,
                                "Original Hash Batches": 1,
                                "Peak Memory Usage": 9,
                                "Plans": [
                                  {
                                    "Node Type": "Seq Scan",
                                    "Parent Relationship": "Outer",
                                    "Parallel Aware": false,
                                    "Relation Name": "info_type",
                                    "Alias": "it",
                                    "Startup Cost": 0.0,
                                    "Total Cost": 2.41,
                                    "Plan Rows": 1,
                                    "Plan Width": 4,
                                    "Actual Startup Time": 0.033,
                                    "Actual Total Time": 0.038,
                                    "Actual Rows": 1,
                                    "Actual Loops": 2,
                                    "Filter": "((info)::text = 'release dates'::text)",
                                    "Rows Removed by Filter": 112
                                  }
                                ]
                              }
                            ]
                          }
                        ]
                      }
                    ]
                  },
                  {
                    "Node Type": "Hash",
                    "Parent Relationship": "Inner",
                    "Parallel Aware": true,
                    "Startup Cost": 54920.07,
                    "Total Cost": 54920.07,
                    "Plan Rows": 1847207,
                    "Plan Width": 4,
                    "Actual Startup Time": 671.69,
                    "Actual Total Time": 671.691,
                    "Actual Rows": 1570170,
                    "Actual Loops": 2,
                    "Hash Buckets": 4194304,
                    "Original Hash Buckets": 4194304,
                    "Hash Batches": 1,
                    "Original Hash Batches": 1,
                    "Peak Memory Usage": 155648,
                    "Plans": [
                      {
                        "Node Type": "Seq Scan",
                        "Parent Relationship": "Outer",
                        "Parallel Aware": true,
                        "Relation Name": "char_name",
                        "Alias": "chn",
                        "Startup Cost": 0.0,
                        "Total Cost": 54920.07,
                        "Plan Rows": 1847207,
                        "Plan Width": 4,
                        "Actual Startup Time": 0.054,
                        "Actual Total Time": 188.192,
                        "Actual Rows": 1570170,
                        "Actual Loops": 2
                      }
                    ]
                  }
                ]
              }
            ]
          }
        ]
      }
    ]
  },
  "Planning Time": 2.351,
  "Triggers": [],
  "Execution Time": 6093.355
}