[
  {
    "Plan": {
      "Node Type": "Aggregate",
      "Strategy": "Plain",
      "Partial Mode": "Finalize",
      "Parallel Aware": false,
      "Startup Cost": 45960.33,
      "Total Cost": 45960.34,
      "Plan Rows": 1,
      "Plan Width": 8,
      "Actual Startup Time": 158.059,
      "Actual Total Time": 167.591,
      "Actual Rows": 1,
      "Actual Loops": 1,
      "Plans": [
        {
          "Node Type": "Gather",
          "Parent Relationship": "Outer",
          "Parallel Aware": false,
          "Startup Cost": 45960.01,
          "Total Cost": 45960.32,
          "Plan Rows": 3,
          "Plan Width": 8,
          "Actual Startup Time": 157.955,
          "Actual Total Time": 167.584,
          "Actual Rows": 4,
          "Actual Loops": 1,
          "Workers Planned": 3,
          "Workers Launched": 3,
          "Single Copy": false,
          "Plans": [
            {
              "Node Type": "Aggregate",
              "Strategy": "Plain",
              "Partial Mode": "Partial",
              "Parent Relationship": "Outer",
              "Parallel Aware": false,
              "Startup Cost": 44960.01,
              "Total Cost": 44960.02,
              "Plan Rows": 1,
              "Plan Width": 8,
              "Actual Startup Time": 151.116,
              "Actual Total Time": 151.117,
              "Actual Rows": 1,
              "Actual Loops": 4,
              "Plans": [
                {
                  "Node Type": "Seq Scan",
                  "Parent Relationship": "Outer",
                  "Parallel Aware": true,
                  "Relation Name": "movie_keyword",
                  "Alias": "mk",
                  "Startup Cost": 0.0,
                  "Total Cost": 42695.65,
                  "Plan Rows": 905744,
                  "Plan Width": 0,
                  "Actual Startup Time": 0.452,
                  "Actual Total Time": 119.458,
                  "Actual Rows": 699384,
                  "Actual Loops": 4,
                  "Filter": "(keyword_id > 2799)",
                  "Rows Removed by Filter": 431598
                }
              ]
            }
          ]
        }
      ]
    },
    "Planning Time": 0.207,
    "Triggers": [],
    "Execution Time": 167.647
  }
]