[
  {
    "Plan": {
      "Node Type": "Aggregate",
      "Strategy": "Plain",
      "Partial Mode": "Finalize",
      "Parallel Aware": false,
      "Startup Cost": 46482.62,
      "Total Cost": 46482.63,
      "Plan Rows": 1,
      "Plan Width": 8,
      "Actual Startup Time": 93.105,
      "Actual Total Time": 103.542,
      "Actual Rows": 1,
      "Actual Loops": 1,
      "Plans": [
        {
          "Node Type": "Gather",
          "Parent Relationship": "Outer",
          "Parallel Aware": false,
          "Startup Cost": 46482.2,
          "Total Cost": 46482.61,
          "Plan Rows": 4,
          "Plan Width": 8,
          "Actual Startup Time": 92.943,
          "Actual Total Time": 103.532,
          "Actual Rows": 5,
          "Actual Loops": 1,
          "Workers Planned": 4,
          "Workers Launched": 4,
          "Single Copy": false,
          "Plans": [
            {
              "Node Type": "Aggregate",
              "Strategy": "Plain",
              "Partial Mode": "Partial",
              "Parent Relationship": "Outer",
              "Parallel Aware": false,
              "Startup Cost": 45482.2,
              "Total Cost": 45482.21,
              "Plan Rows": 1,
              "Plan Width": 8,
              "Actual Startup Time": 85.668,
              "Actual Total Time": 85.669,
              "Actual Rows": 1,
              "Actual Loops": 5,
              "Plans": [
                {
                  "Node Type": "Seq Scan",
                  "Parent Relationship": "Outer",
                  "Parallel Aware": true,
                  "Relation Name": "title",
                  "Alias": "t",
                  "Startup Cost": 0.0,
                  "Total Cost": 45479.1,
                  "Plan Rows": 1242,
                  "Plan Width": 0,
                  "Actual Startup Time": 2.527,
                  "Actual Total Time": 85.503,
                  "Actual Rows": 1156,
                  "Actual Loops": 5,
                  "Filter": "((kind_id < 4) AND (production_year = 1967))",
                  "Rows Removed by Filter": 504506
                }
              ]
            }
          ]
        }
      ]
    },
    "Planning Time": 0.124,
    "Triggers": [],
    "Execution Time": 103.587
  }
]