[
  {
    "Plan": {
      "Node Type": "Aggregate",
      "Strategy": "Plain",
      "Partial Mode": "Finalize",
      "Parallel Aware": false,
      "Startup Cost": 357118.06,
      "Total Cost": 357118.07,
      "Plan Rows": 1,
      "Plan Width": 8,
      "Actual Startup Time": 885.151,
      "Actual Total Time": 945.548,
      "Actual Rows": 1,
      "Actual Loops": 1,
      "Plans": [
        {
          "Node Type": "Gather",
          "Parent Relationship": "Outer",
          "Parallel Aware": false,
          "Startup Cost": 357117.44,
          "Total Cost": 357118.05,
          "Plan Rows": 6,
          "Plan Width": 8,
          "Actual Startup Time": 885.014,
          "Actual Total Time": 945.536,
          "Actual Rows": 7,
          "Actual Loops": 1,
          "Workers Planned": 6,
          "Workers Launched": 6,
          "Single Copy": false,
          "Plans": [
            {
              "Node Type": "Aggregate",
              "Strategy": "Plain",
              "Partial Mode": "Partial",
              "Parent Relationship": "Outer",
              "Parallel Aware": false,
              "Startup Cost": 356117.44,
              "Total Cost": 356117.45,
              "Plan Rows": 1,
              "Plan Width": 8,
              "Actual Startup Time": 874.529,
              "Actual Total Time": 874.53,
              "Actual Rows": 1,
              "Actual Loops": 7,
              "Plans": [
                {
                  "Node Type": "Seq Scan",
                  "Parent Relationship": "Outer",
                  "Parallel Aware": true,
                  "Relation Name": "cast_info",
                  "Alias": "ci",
                  "Startup Cost": 0.0,
                  "Total Cost": 343257.03,
                  "Plan Rows": 5144164,
                  "Plan Width": 0,
                  "Actual Startup Time": 21.38,
                  "Actual Total Time": 703.032,
                  "Actual Rows": 4411007,
                  "Actual Loops": 7,
                  "Filter": "((person_id > 80718) AND (role_id < 10))",
                  "Rows Removed by Filter": 766756
                }
              ]
            }
          ]
        }
      ]
    },
    "Planning Time": 0.195,
    "Triggers": [],
    "Execution Time": 945.616
  }
]