[
    {
        "Bao": {
            "Bao prediction": "NaN",
            "Bao recommended hint": "(no hint)"
        }
    },
    {
        "Plan": {
            "Node Type": "Aggregate",
            "Strategy": "Plain",
            "Partial Mode": "Finalize",
            "Parallel Aware": false,
            "Startup Cost": 32870.11,
            "Total Cost": 32870.12,
            "Plan Rows": 1,
            "Plan Width": 8,
            "Actual Startup Time": 92.115,
            "Actual Total Time": 98.347,
            "Actual Rows": 1,
            "Actual Loops": 1,
            "Output": [
                "count(*)"
            ],
            "Plans": [
                {
                    "Node Type": "Gather",
                    "Parent Relationship": "Outer",
                    "Parallel Aware": false,
                    "Startup Cost": 32869.8,
                    "Total Cost": 32870.11,
                    "Plan Rows": 3,
                    "Plan Width": 8,
                    "Actual Startup Time": 92.011,
                    "Actual Total Time": 98.341,
                    "Actual Rows": 4,
                    "Actual Loops": 1,
                    "Output": [
                        "(PARTIAL count(*))"
                    ],
                    "Workers Planned": 3,
                    "Workers Launched": 3,
                    "Single Copy": false,
                    "Plans": [
                        {
                            "Node Type": "Aggregate",
                            "Strategy": "Plain",
                            "Partial Mode": "Partial",
                            "Parent Relationship": "Outer",
                            "Parallel Aware": false,
                            "Startup Cost": 31869.8,
                            "Total Cost": 31869.81,
                            "Plan Rows": 1,
                            "Plan Width": 8,
                            "Actual Startup Time": 83.54,
                            "Actual Total Time": 83.541,
                            "Actual Rows": 1,
                            "Actual Loops": 4,
                            "Output": [
                                "PARTIAL count(*)"
                            ],
                            "Workers": [
                                {
                                    "Worker Number": 0,
                                    "Actual Startup Time": 80.601,
                                    "Actual Total Time": 80.603,
                                    "Actual Rows": 1,
                                    "Actual Loops": 1
                                },
                                {
                                    "Worker Number": 1,
                                    "Actual Startup Time": 80.73,
                                    "Actual Total Time": 80.73,
                                    "Actual Rows": 1,
                                    "Actual Loops": 1
                                },
                                {
                                    "Worker Number": 2,
                                    "Actual Startup Time": 81.132,
                                    "Actual Total Time": 81.133,
                                    "Actual Rows": 1,
                                    "Actual Loops": 1
                                }
                            ],
                            "Plans": [
                                {
                                    "Node Type": "Seq Scan",
                                    "Parent Relationship": "Outer",
                                    "Parallel Aware": true,
                                    "Relation Name": "movie_companies",
                                    "Schema": "public",
                                    "Alias": "mc",
                                    "Startup Cost": 0.0,
                                    "Total Cost": 31414.82,
                                    "Plan Rows": 181991,
                                    "Plan Width": 0,
                                    "Actual Startup Time": 42.811,
                                    "Actual Total Time": 74.911,
                                    "Actual Rows": 214380,
                                    "Actual Loops": 4,
                                    "Output": [
                                        "id",
                                        "movie_id",
                                        "company_id",
                                        "company_type_id",
                                        "note"
                                    ],
                                    "Filter": "((mc.company_id > 13909) AND (mc.company_type_id = 2))",
                                    "Rows Removed by Filter": 437902,
                                    "Workers": [
                                        {
                                            "Worker Number": 0,
                                            "Actual Startup Time": 39.868,
                                            "Actual Total Time": 72.159,
                                            "Actual Rows": 207642,
                                            "Actual Loops": 1
                                        },
                                        {
                                            "Worker Number": 1,
                                            "Actual Startup Time": 39.99,
                                            "Actual Total Time": 72.294,
                                            "Actual Rows": 206851,
                                            "Actual Loops": 1
                                        },
                                        {
                                            "Worker Number": 2,
                                            "Actual Startup Time": 40.413,
                                            "Actual Total Time": 73.046,
                                            "Actual Rows": 198844,
                                            "Actual Loops": 1
                                        }
                                    ]
                                }
                            ]
                        }
                    ]
                }
            ]
        },
        "Planning Time": 178.572,
        "Triggers": [],
        "Execution Time": 98.397
    }
]