{
  "Plan": {
    "Node Type": "Aggregate",
    "Strategy": "Plain",
    "Partial Mode": "Finalize",
    "Parallel Aware": false,
    "Startup Cost": 151356.74,
    "Total Cost": 151356.75,
    "Plan Rows": 1,
    "Plan Width": 8,
    "Actual Startup Time": 2243.678,
    "Actual Total Time": 2318.01,
    "Actual Rows": 1,
    "Actual Loops": 1,
    "Plans": [
      {
        "Node Type": "Gather",
        "Parent Relationship": "Outer",
        "Parallel Aware": false,
        "Startup Cost": 151356.62,
        "Total Cost": 151356.73,
        "Plan Rows": 1,
        "Plan Width": 8,
        "Actual Startup Time": 2242.423,
        "Actual Total Time": 2318.002,
        "Actual Rows": 2,
        "Actual Loops": 1,
        "Workers Planned": 1,
        "Workers Launched": 1,
        "Single Copy": false,
        "Plans": [
          {
            "Node Type": "Aggregate",
            "Strategy": "Plain",
            "Partial Mode": "Partial",
            "Parent Relationship": "Outer",
            "Parallel Aware": false,
            "Startup Cost": 150356.62,
            "Total Cost": 150356.63,
            "Plan Rows": 1,
            "Plan Width": 8,
            "Actual Startup Time": 2235.665,
            "Actual Total Time": 2235.669,
            "Actual Rows": 1,
            "Actual Loops": 2,
            "Plans": [
              {
                "Node Type": "Nested Loop",
                "Parent Relationship": "Outer",
                "Parallel Aware": false,
                "Join Type": "Inner",
                "Startup Cost": 60015.91,
                "Total Cost": 149764.26,
                "Plan Rows": 236944,
                "Plan Width": 0,
                "Actual Startup Time": 189.261,
                "Actual Total Time": 2111.277,
                "Actual Rows": 2800708,
                "Actual Loops": 2,
                "Inner Unique": false,
                "Plans": [
                  {
                    "Node Type": "Hash Join",
                    "Parent Relationship": "Outer",
                    "Parallel Aware": true,
                    "Join Type": "Inner",
                    "Startup Cost": 60015.35,
                    "Total Cost": 85422.75,
                    "Plan Rows": 16536,
                    "Plan Width": 8,
                    "Actual Startup Time": 189.161,
                    "Actual Total Time": 246.533,
                    "Actual Rows": 45918,
                    "Actual Loops": 2,
                    "Inner Unique": true,
                    "Hash Cond": "(mk.movie_id = t.id)",
                    "Plans": [
                      {
                        "Node Type": "Bitmap Heap Scan",
                        "Parent Relationship": "Outer",
                        "Parallel Aware": true,
                        "Relation Name": "movie_keyword",
                        "Alias": "mk",
                        "Startup Cost": 2274.91,
                        "Total Cost": 27516.85,
                        "Plan Rows": 63035,
                        "Plan Width": 4,
                        "Actual Startup Time": 9.278,
                        "Actual Total Time": 41.445,
                        "Actual Rows": 53368,
                        "Actual Loops": 2,
                        "Recheck Cond": "(keyword_id > 80801)",
                        "Rows Removed by Index Recheck": 0,
                        "Exact Heap Blocks": 9398,
                        "Lossy Heap Blocks": 0,
                        "Plans": [
                          {
                            "Node Type": "Bitmap Index Scan",
                            "Parent Relationship": "Outer",
                            "Parallel Aware": false,
                            "Index Name": "keyword_id_movie_keyword",
                            "Startup Cost": 0.0,
                            "Total Cost": 2248.12,
                            "Plan Rows": 107159,
                            "Plan Width": 0,
                            "Actual Startup Time": 6.614,
                            "Actual Total Time": 6.614,
                            "Actual Rows": 106737,
                            "Actual Loops": 1,
                            "Index Cond": "(keyword_id > 80801)"
                          }
                        ]
                      },
                      {
                        "Node Type": "Hash",
                        "Parent Relationship": "Inner",
                        "Parallel Aware": true,
                        "Startup Cost": 52863.55,
                        "Total Cost": 52863.55,
                        "Plan Rows": 390151,
                        "Plan Width": 4,
                        "Actual Startup Time": 170.211,
                        "Actual Total Time": 170.212,
                        "Actual Rows": 331412,
                        "Actual Loops": 2,
                        "Hash Buckets": 1048576,
                        "Original Hash Buckets": 1048576,
                        "Hash Batches": 1,
                        "Original Hash Batches": 1,
                        "Peak Memory Usage": 34176,
                        "Plans": [
                          {
                            "Node Type": "Bitmap Heap Scan",
                            "Parent Relationship": "Outer",
                            "Parallel Aware": true,
                            "Relation Name": "title",
                            "Alias": "t",
                            "Startup Cost": 11988.66,
                            "Total Cost": 52863.55,
                            "Plan Rows": 390151,
                            "Plan Width": 4,
                            "Actual Startup Time": 32.227,
                            "Actual Total Time": 93.861,
                            "Actual Rows": 331412,
                            "Actual Loops": 2,
                            "Recheck Cond": "(kind_id = 1)",
                            "Rows Removed by Index Recheck": 0,
                            "Exact Heap Blocks": 7707,
                            "Lossy Heap Blocks": 0,
                            "Plans": [
                              {
                                "Node Type": "Bitmap Index Scan",
                                "Parent Relationship": "Outer",
                                "Parallel Aware": false,
                                "Index Name": "kind_id_title",
                                "Startup Cost": 0.0,
                                "Total Cost": 11822.85,
                                "Plan Rows": 663256,
                                "Plan Width": 0,
                                "Actual Startup Time": 30.341,
                                "Actual Total Time": 30.342,
                                "Actual Rows": 662825,
                                "Actual Loops": 1,
                                "Index Cond": "(kind_id = 1)"
                              }
                            ]
                          }
                        ]
                      }
                    ]
                  },
                  {
                    "Node Type": "Index Only Scan",
                    "Parent Relationship": "Inner",
                    "Parallel Aware": false,
                    "Scan Direction": "Forward",
                    "Index Name": "movie_id_cast_info",
                    "Relation Name": "cast_info",
                    "Alias": "ci",
                    "Startup Cost": 0.56,
                    "Total Cost": 3.52,
                    "Plan Rows": 37,
                    "Plan Width": 4,
                    "Actual Startup Time": 0.004,
                    "Actual Total Time": 0.036,
                    "Actual Rows": 61,
                    "Actual Loops": 91836,
                    "Index Cond": "(movie_id = t.id)",
                    "Rows Removed by Index Recheck": 0,
                    "Heap Fetches": 5601417
                  }
                ]
              }
            ]
          }
        ]
      }
    ]
  },
  "Planning Time": 0.988,
  "Triggers": [],
  "Execution Time": 2318.178
}