[
  {
    "Plan": {
      "Node Type": "Aggregate",
      "Strategy": "Plain",
      "Partial Mode": "Finalize",
      "Parallel Aware": false,
      "Startup Cost": 33039.15,
      "Total Cost": 33039.16,
      "Plan Rows": 1,
      "Plan Width": 8,
      "Actual Startup Time": 91.332,
      "Actual Total Time": 98.46,
      "Actual Rows": 1,
      "Actual Loops": 1,
      "Plans": [
        {
          "Node Type": "Gather",
          "Parent Relationship": "Outer",
          "Parallel Aware": false,
          "Startup Cost": 33038.83,
          "Total Cost": 33039.14,
          "Plan Rows": 3,
          "Plan Width": 8,
          "Actual Startup Time": 91.187,
          "Actual Total Time": 98.453,
          "Actual Rows": 4,
          "Actual Loops": 1,
          "Workers Planned": 3,
          "Workers Launched": 3,
          "Single Copy": false,
          "Plans": [
            {
              "Node Type": "Aggregate",
              "Strategy": "Plain",
              "Partial Mode": "Partial",
              "Parent Relationship": "Outer",
              "Parallel Aware": false,
              "Startup Cost": 32038.83,
              "Total Cost": 32038.84,
              "Plan Rows": 1,
              "Plan Width": 8,
              "Actual Startup Time": 82.48,
              "Actual Total Time": 82.481,
              "Actual Rows": 1,
              "Actual Loops": 4,
              "Plans": [
                {
                  "Node Type": "Seq Scan",
                  "Parent Relationship": "Outer",
                  "Parallel Aware": true,
                  "Relation Name": "movie_companies",
                  "Alias": "mc",
                  "Startup Cost": 0.0,
                  "Total Cost": 31414.82,
                  "Plan Rows": 249605,
                  "Plan Width": 0,
                  "Actual Startup Time": 2.03,
                  "Actual Total Time": 75.109,
                  "Actual Rows": 139785,
                  "Actual Loops": 4,
                  "Filter": "((company_id > 5690) AND (company_type_id < 2))",
                  "Rows Removed by Filter": 512498
                }
              ]
            }
          ]
        }
      ]
    },
    "Planning Time": 0.21,
    "Triggers": [],
    "Execution Time": 98.491
  }
]