{
  "Plan": {
    "Node Type": "Aggregate",
    "Strategy": "Plain",
    "Partial Mode": "Finalize",
    "Parallel Aware": false,
    "Startup Cost": 134223.29,
    "Total Cost": 134223.3,
    "Plan Rows": 1,
    "Plan Width": 8,
    "Actual Startup Time": 1034.011,
    "Actual Total Time": 1054.02,
    "Actual Rows": 1,
    "Actual Loops": 1,
    "Plans": [
      {
        "Node Type": "Gather",
        "Parent Relationship": "Outer",
        "Parallel Aware": false,
        "Startup Cost": 134223.17,
        "Total Cost": 134223.28,
        "Plan Rows": 1,
        "Plan Width": 8,
        "Actual Startup Time": 1026.525,
        "Actual Total Time": 1054.011,
        "Actual Rows": 2,
        "Actual Loops": 1,
        "Workers Planned": 1,
        "Workers Launched": 1,
        "Single Copy": false,
        "Plans": [
          {
            "Node Type": "Aggregate",
            "Strategy": "Plain",
            "Partial Mode": "Partial",
            "Parent Relationship": "Outer",
            "Parallel Aware": false,
            "Startup Cost": 133223.17,
            "Total Cost": 133223.18,
            "Plan Rows": 1,
            "Plan Width": 8,
            "Actual Startup Time": 1015.187,
            "Actual Total Time": 1015.19,
            "Actual Rows": 1,
            "Actual Loops": 2,
            "Plans": [
              {
                "Node Type": "Hash Join",
                "Parent Relationship": "Outer",
                "Parallel Aware": true,
                "Join Type": "Inner",
                "Startup Cost": 71947.94,
                "Total Cost": 131548.84,
                "Plan Rows": 669735,
                "Plan Width": 0,
                "Actual Startup Time": 636.125,
                "Actual Total Time": 986.702,
                "Actual Rows": 599397,
                "Actual Loops": 2,
                "Inner Unique": true,
                "Hash Cond": "(mk.movie_id = t.id)",
                "Plans": [
                  {
                    "Node Type": "Seq Scan",
                    "Parent Relationship": "Outer",
                    "Parallel Aware": true,
                    "Relation Name": "movie_keyword",
                    "Alias": "mk",
                    "Startup Cost": 0.0,
                    "Total Cost": 57718.19,
                    "Plan Rows": 717221,
                    "Plan Width": 4,
                    "Actual Startup Time": 0.016,
                    "Actual Total Time": 195.469,
                    "Actual Rows": 614438,
                    "Actual Loops": 2,
                    "Filter": "(keyword_id < 1559)",
                    "Rows Removed by Filter": 1647527
                  },
                  {
                    "Node Type": "Hash",
                    "Parent Relationship": "Inner",
                    "Parallel Aware": true,
                    "Startup Cost": 54588.39,
                    "Total Cost": 54588.39,
                    "Plan Rows": 1388764,
                    "Plan Width": 4,
                    "Actual Startup Time": 614.269,
                    "Actual Total Time": 614.27,
                    "Actual Rows": 1178820,
                    "Actual Loops": 2,
                    "Hash Buckets": 4194304,
                    "Original Hash Buckets": 4194304,
                    "Hash Batches": 1,
                    "Original Hash Batches": 1,
                    "Peak Memory Usage": 125024,
                    "Plans": [
                      {
                        "Node Type": "Seq Scan",
                        "Parent Relationship": "Outer",
                        "Parallel Aware": true,
                        "Relation Name": "title",
                        "Alias": "t",
                        "Startup Cost": 0.0,
                        "Total Cost": 54588.39,
                        "Plan Rows": 1388764,
                        "Plan Width": 4,
                        "Actual Startup Time": 0.028,
                        "Actual Total Time": 223.633,
                        "Actual Rows": 1178820,
                        "Actual Loops": 2,
                        "Filter": "(production_year > 1923)",
                        "Rows Removed by Filter": 85336
                      }
                    ]
                  }
                ]
              }
            ]
          }
        ]
      }
    ]
  },
  "Planning Time": 0.44,
  "Triggers": [],
  "Execution Time": 1054.092
}