{
  "Plan": {
    "Node Type": "Aggregate",
    "Strategy": "Plain",
    "Partial Mode": "Finalize",
    "Parallel Aware": false,
    "Startup Cost": 117478.35,
    "Total Cost": 117478.36,
    "Plan Rows": 1,
    "Plan Width": 8,
    "Actual Startup Time": 656.221,
    "Actual Total Time": 670.697,
    "Actual Rows": 1,
    "Actual Loops": 1,
    "Plans": [
      {
        "Node Type": "Gather",
        "Parent Relationship": "Outer",
        "Parallel Aware": false,
        "Startup Cost": 117478.23,
        "Total Cost": 117478.34,
        "Plan Rows": 1,
        "Plan Width": 8,
        "Actual Startup Time": 654.187,
        "Actual Total Time": 670.688,
        "Actual Rows": 2,
        "Actual Loops": 1,
        "Workers Planned": 1,
        "Workers Launched": 1,
        "Single Copy": false,
        "Plans": [
          {
            "Node Type": "Aggregate",
            "Strategy": "Plain",
            "Partial Mode": "Partial",
            "Parent Relationship": "Outer",
            "Parallel Aware": false,
            "Startup Cost": 116478.23,
            "Total Cost": 116478.24,
            "Plan Rows": 1,
            "Plan Width": 8,
            "Actual Startup Time": 648.161,
            "Actual Total Time": 648.471,
            "Actual Rows": 1,
            "Actual Loops": 2,
            "Plans": [
              {
                "Node Type": "Hash Join",
                "Parent Relationship": "Outer",
                "Parallel Aware": true,
                "Join Type": "Inner",
                "Startup Cost": 96073.55,
                "Total Cost": 116390.24,
                "Plan Rows": 35197,
                "Plan Width": 0,
                "Actual Startup Time": 542.19,
                "Actual Total Time": 641.786,
                "Actual Rows": 154479,
                "Actual Loops": 2,
                "Inner Unique": false,
                "Hash Cond": "(mi_idx.movie_id = t.id)",
                "Plans": [
                  {
                    "Node Type": "Seq Scan",
                    "Parent Relationship": "Outer",
                    "Parallel Aware": true,
                    "Relation Name": "movie_info_idx",
                    "Alias": "mi_idx",
                    "Startup Cost": 0.0,
                    "Total Cost": 18082.32,
                    "Plan Rows": 540622,
                    "Plan Width": 4,
                    "Actual Startup Time": 0.033,
                    "Actual Total Time": 57.37,
                    "Actual Rows": 459925,
                    "Actual Loops": 2,
                    "Filter": "(info_type_id < 101)",
                    "Rows Removed by Filter": 230092
                  },
                  {
                    "Node Type": "Hash",
                    "Parent Relationship": "Inner",
                    "Parallel Aware": true,
                    "Startup Cost": 94863.24,
                    "Total Cost": 94863.24,
                    "Plan Rows": 96825,
                    "Plan Width": 8,
                    "Actual Startup Time": 516.605,
                    "Actual Total Time": 516.914,
                    "Actual Rows": 148638,
                    "Actual Loops": 2,
                    "Hash Buckets": 524288,
                    "Original Hash Buckets": 262144,
                    "Hash Batches": 1,
                    "Original Hash Batches": 1,
                    "Peak Memory Usage": 17824,
                    "Plans": [
                      {
                        "Node Type": "Hash Join",
                        "Parent Relationship": "Outer",
                        "Parallel Aware": true,
                        "Join Type": "Inner",
                        "Startup Cost": 31813.38,
                        "Total Cost": 94863.24,
                        "Plan Rows": 96825,
                        "Plan Width": 8,
                        "Actual Startup Time": 128.853,
                        "Actual Total Time": 477.019,
                        "Actual Rows": 148638,
                        "Actual Loops": 2,
                        "Inner Unique": false,
                        "Hash Cond": "(t.id = mc.movie_id)",
                        "Plans": [
                          {
                            "Node Type": "Seq Scan",
                            "Parent Relationship": "Outer",
                            "Parallel Aware": true,
                            "Relation Name": "title",
                            "Alias": "t",
                            "Startup Cost": 0.0,
                            "Total Cost": 54588.39,
                            "Plan Rows": 1262705,
                            "Plan Width": 4,
                            "Actual Startup Time": 0.012,
                            "Actual Total Time": 153.527,
                            "Actual Rows": 1066486,
                            "Actual Loops": 2,
                            "Filter": "(production_year > 1966)",
                            "Rows Removed by Filter": 197670
                          },
                          {
                            "Node Type": "Hash",
                            "Parent Relationship": "Inner",
                            "Parallel Aware": true,
                            "Startup Cost": 30387.86,
                            "Total Cost": 30387.86,
                            "Plan Rows": 114042,
                            "Plan Width": 4,
                            "Actual Startup Time": 118.787,
                            "Actual Total Time": 118.788,
                            "Actual Rows": 194175,
                            "Actual Loops": 2,
                            "Hash Buckets": 524288,
                            "Original Hash Buckets": 262144,
                            "Hash Batches": 1,
                            "Original Hash Batches": 1,
                            "Peak Memory Usage": 21344,
                            "Plans": [
                              {
                                "Node Type": "Bitmap Heap Scan",
                                "Parent Relationship": "Outer",
                                "Parallel Aware": true,
                                "Relation Name": "movie_companies",
                                "Alias": "mc",
                                "Startup Cost": 8228.69,
                                "Total Cost": 30387.86,
                                "Plan Rows": 114042,
                                "Plan Width": 4,
                                "Actual Startup Time": 30.812,
                                "Actual Total Time": 75.097,
                                "Actual Rows": 194175,
                                "Actual Loops": 2,
                                "Recheck Cond": "(company_id > 83400)",
                                "Rows Removed by Index Recheck": 0,
                                "Filter": "(company_type_id = 2)",
                                "Rows Removed by Filter": 0,
                                "Exact Heap Blocks": 4064,
                                "Lossy Heap Blocks": 0,
                                "Plans": [
                                  {
                                    "Node Type": "Bitmap Index Scan",
                                    "Parent Relationship": "Outer",
                                    "Parallel Aware": false,
                                    "Index Name": "company_id_movie_companies",
                                    "Startup Cost": 0.0,
                                    "Total Cost": 8180.22,
                                    "Plan Rows": 381839,
                                    "Plan Width": 0,
                                    "Actual Startup Time": 30.305,
                                    "Actual Total Time": 30.305,
                                    "Actual Rows": 388350,
                                    "Actual Loops": 1,
                                    "Index Cond": "(company_id > 83400)"
                                  }
                                ]
                              }
                            ]
                          }
                        ]
                      }
                    ]
                  }
                ]
              }
            ]
          }
        ]
      }
    ]
  },
  "Planning Time": 0.93,
  "Triggers": [],
  "Execution Time": 670.802
}