[
  {
    "Plan": {
      "Node Type": "Aggregate",
      "Strategy": "Plain",
      "Partial Mode": "Simple",
      "Parallel Aware": false,
      "Startup Cost": 72614.68,
      "Total Cost": 72614.69,
      "Plan Rows": 1,
      "Plan Width": 64,
      "Actual Startup Time": 378.886,
      "Actual Total Time": 379.042,
      "Actual Rows": 1,
      "Actual Loops": 1,
      "Plans": [
        {
          "Node Type": "Nested Loop",
          "Parent Relationship": "Outer",
          "Parallel Aware": false,
          "Join Type": "Inner",
          "Startup Cost": 1004.44,
          "Total Cost": 72614.67,
          "Plan Rows": 1,
          "Plan Width": 32,
          "Actual Startup Time": 224.917,
          "Actual Total Time": 377.512,
          "Actual Rows": 6000,
          "Actual Loops": 1,
          "Inner Unique": true,
          "Plans": [
            {
              "Node Type": "Nested Loop",
              "Parent Relationship": "Outer",
              "Parallel Aware": false,
              "Join Type": "Inner",
              "Startup Cost": 1004.3,
              "Total Cost": 72614.49,
              "Plan Rows": 1,
              "Plan Width": 36,
              "Actual Startup Time": 224.899,
              "Actual Total Time": 369.784,
              "Actual Rows": 6000,
              "Actual Loops": 1,
              "Inner Unique": false,
              "Join Filter": "(t.id = mi.movie_id)",
              "Rows Removed by Join Filter": 0,
              "Plans": [
                {
                  "Node Type": "Nested Loop",
                  "Parent Relationship": "Outer",
                  "Parallel Aware": false,
                  "Join Type": "Inner",
                  "Startup Cost": 1003.86,
                  "Total Cost": 72612.83,
                  "Plan Rows": 1,
                  "Plan Width": 44,
                  "Actual Startup Time": 224.477,
                  "Actual Total Time": 251.739,
                  "Actual Rows": 5457,
                  "Actual Loops": 1,
                  "Inner Unique": true,
                  "Plans": [
                    {
                      "Node Type": "Nested Loop",
                      "Parent Relationship": "Outer",
                      "Parallel Aware": false,
                      "Join Type": "Inner",
                      "Startup Cost": 1003.44,
                      "Total Cost": 72612.34,
                      "Plan Rows": 1,
                      "Plan Width": 48,
                      "Actual Startup Time": 224.396,
                      "Actual Total Time": 240.506,
                      "Actual Rows": 5457,
                      "Actual Loops": 1,
                      "Inner Unique": true,
                      "Plans": [
                        {
                          "Node Type": "Gather",
                          "Parent Relationship": "Outer",
                          "Parallel Aware": false,
                          "Startup Cost": 1003.01,
                          "Total Cost": 72611.83,
                          "Plan Rows": 1,
                          "Plan Width": 52,
                          "Actual Startup Time": 224.255,
                          "Actual Total Time": 226.467,
                          "Actual Rows": 5457,
                          "Actual Loops": 1,
                          "Workers Planned": 4,
                          "Workers Launched": 4,
                          "Single Copy": false,
                          "Plans": [
                            {
                              "Node Type": "Nested Loop",
                              "Parent Relationship": "Outer",
                              "Parallel Aware": false,
                              "Join Type": "Inner",
                              "Startup Cost": 3.01,
                              "Total Cost": 71611.73,
                              "Plan Rows": 1,
                              "Plan Width": 52,
                              "Actual Startup Time": 168.151,
                              "Actual Total Time": 221.538,
                              "Actual Rows": 1091,
                              "Actual Loops": 5,
                              "Inner Unique": false,
                              "Join Filter": "(t.id = mc.movie_id)",
                              "Rows Removed by Join Filter": 0,
                              "Plans": [
                                {
                                  "Node Type": "Nested Loop",
                                  "Parent Relationship": "Outer",
                                  "Parallel Aware": false,
                                  "Join Type": "Inner",
                                  "Startup Cost": 2.58,
                                  "Total Cost": 71611.14,
                                  "Plan Rows": 1,
                                  "Plan Width": 44,
                                  "Actual Startup Time": 145.137,
                                  "Actual Total Time": 214.551,
                                  "Actual Rows": 1761,
                                  "Actual Loops": 5,
                                  "Inner Unique": true,
                                  "Plans": [
                                    {
                                      "Node Type": "Hash Join",
                                      "Parent Relationship": "Outer",
                                      "Parallel Aware": false,
                                      "Join Type": "Inner",
                                      "Startup Cost": 2.15,
                                      "Total Cost": 71609.09,
                                      "Plan Rows": 4,
                                      "Plan Width": 23,
                                      "Actual Startup Time": 145.016,
                                      "Actual Total Time": 196.89,
                                      "Actual Rows": 6356,
                                      "Actual Loops": 5,
                                      "Inner Unique": true,
                                      "Hash Cond": "(ci.role_id = rt.id)",
                                      "Plans": [
                                        {
                                          "Node Type": "Nested Loop",
                                          "Parent Relationship": "Outer",
                                          "Parallel Aware": false,
                                          "Join Type": "Inner",
                                          "Startup Cost": 0.99,
                                          "Total Cost": 71607.78,
                                          "Plan Rows": 42,
                                          "Plan Width": 27,
                                          "Actual Startup Time": 144.863,
                                          "Actual Total Time": 195.013,
                                          "Actual Rows": 6356,
                                          "Actual Loops": 5,
                                          "Inner Unique": false,
                                          "Join Filter": "(n.id = ci.person_id)",
                                          "Rows Removed by Join Filter": 0,
                                          "Plans": [
                                            {
                                              "Node Type": "Nested Loop",
                                              "Parent Relationship": "Outer",
                                              "Parallel Aware": false,
                                              "Join Type": "Inner",
                                              "Startup Cost": 0.42,
                                              "Total Cost": 71538.77,
                                              "Plan Rows": 5,
                                              "Plan Width": 23,
                                              "Actual Startup Time": 98.04,
                                              "Actual Total Time": 190.476,
                                              "Actual Rows": 6,
                                              "Actual Loops": 5,
                                              "Inner Unique": false,
                                              "Plans": [
                                                {
                                                  "Node Type": "Seq Scan",
                                                  "Parent Relationship": "Outer",
                                                  "Parallel Aware": true,
                                                  "Relation Name": "name",
                                                  "Alias": "n",
                                                  "Startup Cost": 0.0,
                                                  "Total Cost": 71241.41,
                                                  "Plan Rows": 24,
                                                  "Plan Width": 19,
                                                  "Actual Startup Time": 97.844,
                                                  "Actual Total Time": 190.263,
                                                  "Actual Rows": 13,
                                                  "Actual Loops": 5,
                                                  "Filter": "((name ~~ '%Cartwright,%'::text) AND ((gender)::text = 'f'::text))",
                                                  "Rows Removed by Filter": 833486
                                                },
                                                {
                                                  "Node Type": "Index Only Scan",
                                                  "Parent Relationship": "Inner",
                                                  "Parallel Aware": false,
                                                  "Scan Direction": "Forward",
                                                  "Index Name": "person_id_aka_name",
                                                  "Relation Name": "aka_name",
                                                  "Alias": "an",
                                                  "Startup Cost": 0.42,
                                                  "Total Cost": 12.37,
                                                  "Plan Rows": 2,
                                                  "Plan Width": 4,
                                                  "Actual Startup Time": 0.014,
                                                  "Actual Total Time": 0.016,
                                                  "Actual Rows": 0,
                                                  "Actual Loops": 63,
                                                  "Index Cond": "(person_id = n.id)",
                                                  "Rows Removed by Index Recheck": 0,
                                                  "Heap Fetches": 30
                                                }
                                              ]
                                            },
                                            {
                                              "Node Type": "Index Scan",
                                              "Parent Relationship": "Inner",
                                              "Parallel Aware": false,
                                              "Scan Direction": "Forward",
                                              "Index Name": "person_id_cast_info",
                                              "Relation Name": "cast_info",
                                              "Alias": "ci",
                                              "Startup Cost": 0.56,
                                              "Total Cost": 13.29,
                                              "Plan Rows": 41,
                                              "Plan Width": 16,
                                              "Actual Startup Time": 0.049,
                                              "Actual Total Time": 0.528,
                                              "Actual Rows": 1059,
                                              "Actual Loops": 30,
                                              "Index Cond": "(person_id = an.person_id)",
                                              "Rows Removed by Index Recheck": 0,
                                              "Filter": "(note = ANY ('{\"(executive producer)\",(writer),(voice),(voice)}'::text[]))",
                                              "Rows Removed by Filter": 124
                                            }
                                          ]
                                        },
                                        {
                                          "Node Type": "Hash",
                                          "Parent Relationship": "Inner",
                                          "Parallel Aware": false,
                                          "Startup Cost": 1.15,
                                          "Total Cost": 1.15,
                                          "Plan Rows": 1,
                                          "Plan Width": 4,
                                          "Actual Startup Time": 0.046,
                                          "Actual Total Time": 0.047,
                                          "Actual Rows": 1,
                                          "Actual Loops": 3,
                                          "Hash Buckets": 1024,
                                          "Original Hash Buckets": 1024,
                                          "Hash Batches": 1,
                                          "Original Hash Batches": 1,
                                          "Peak Memory Usage": 9,
                                          "Plans": [
                                            {
                                              "Node Type": "Seq Scan",
                                              "Parent Relationship": "Outer",
                                              "Parallel Aware": false,
                                              "Relation Name": "role_type",
                                              "Alias": "rt",
                                              "Startup Cost": 0.0,
                                              "Total Cost": 1.15,
                                              "Plan Rows": 1,
                                              "Plan Width": 4,
                                              "Actual Startup Time": 0.032,
                                              "Actual Total Time": 0.034,
                                              "Actual Rows": 1,
                                              "Actual Loops": 3,
                                              "Filter": "((role)::text = 'actress'::text)",
                                              "Rows Removed by Filter": 11
                                            }
                                          ]
                                        }
                                      ]
                                    },
                                    {
                                      "Node Type": "Index Scan",
                                      "Parent Relationship": "Inner",
                                      "Parallel Aware": false,
                                      "Scan Direction": "Forward",
                                      "Index Name": "title_pkey",
                                      "Relation Name": "title",
                                      "Alias": "t",
                                      "Startup Cost": 0.43,
                                      "Total Cost": 0.51,
                                      "Plan Rows": 1,
                                      "Plan Width": 21,
                                      "Actual Startup Time": 0.002,
                                      "Actual Total Time": 0.002,
                                      "Actual Rows": 0,
                                      "Actual Loops": 31780,
                                      "Index Cond": "(id = ci.movie_id)",
                                      "Rows Removed by Index Recheck": 0,
                                      "Filter": "((production_year >= 2005) AND (production_year <= 2010))",
                                      "Rows Removed by Filter": 1
                                    }
                                  ]
                                },
                                {
                                  "Node Type": "Index Scan",
                                  "Parent Relationship": "Inner",
                                  "Parallel Aware": false,
                                  "Scan Direction": "Forward",
                                  "Index Name": "movie_id_movie_companies",
                                  "Relation Name": "movie_companies",
                                  "Alias": "mc",
                                  "Startup Cost": 0.43,
                                  "Total Cost": 0.58,
                                  "Plan Rows": 1,
                                  "Plan Width": 8,
                                  "Actual Startup Time": 0.002,
                                  "Actual Total Time": 0.004,
                                  "Actual Rows": 1,
                                  "Actual Loops": 8803,
                                  "Index Cond": "(movie_id = ci.movie_id)",
                                  "Rows Removed by Index Recheck": 0,
                                  "Filter": "((note IS NOT NULL) AND ((note ~~ '%(USA)%'::text) OR (note ~~ '%(worldwide)%'::text)))",
                                  "Rows Removed by Filter": 3
                                }
                              ]
                            }
                          ]
                        },
                        {
                          "Node Type": "Index Only Scan",
                          "Parent Relationship": "Inner",
                          "Parallel Aware": false,
                          "Scan Direction": "Forward",
                          "Index Name": "char_name_pkey",
                          "Relation Name": "char_name",
                          "Alias": "chn",
                          "Startup Cost": 0.43,
                          "Total Cost": 0.51,
                          "Plan Rows": 1,
                          "Plan Width": 4,
                          "Actual Startup Time": 0.002,
                          "Actual Total Time": 0.002,
                          "Actual Rows": 1,
                          "Actual Loops": 5457,
                          "Index Cond": "(id = ci.person_role_id)",
                          "Rows Removed by Index Recheck": 0,
                          "Heap Fetches": 5457
                        }
                      ]
                    },
                    {
                      "Node Type": "Index Scan",
                      "Parent Relationship": "Inner",
                      "Parallel Aware": false,
                      "Scan Direction": "Forward",
                      "Index Name": "company_name_pkey",
                      "Relation Name": "company_name",
                      "Alias": "cn",
                      "Startup Cost": 0.42,
                      "Total Cost": 0.49,
                      "Plan Rows": 1,
                      "Plan Width": 4,
                      "Actual Startup Time": 0.002,
                      "Actual Total Time": 0.002,
                      "Actual Rows": 1,
                      "Actual Loops": 5457,
                      "Index Cond": "(id = mc.company_id)",
                      "Rows Removed by Index Recheck": 0,
                      "Filter": "((country_code)::text = '[us]'::text)",
                      "Rows Removed by Filter": 0
                    }
                  ]
                },
                {
                  "Node Type": "Index Scan",
                  "Parent Relationship": "Inner",
                  "Parallel Aware": false,
                  "Scan Direction": "Forward",
                  "Index Name": "movie_id_movie_info",
                  "Relation Name": "movie_info",
                  "Alias": "mi",
                  "Startup Cost": 0.43,
                  "Total Cost": 1.64,
                  "Plan Rows": 1,
                  "Plan Width": 8,
                  "Actual Startup Time": 0.006,
                  "Actual Total Time": 0.021,
                  "Actual Rows": 1,
                  "Actual Loops": 5457,
                  "Index Cond": "(movie_id = ci.movie_id)",
                  "Rows Removed by Index Recheck": 0,
                  "Filter": "((info IS NOT NULL) AND ((info ~~ 'Japan:%200%'::text) OR (info ~~ 'USA:%200%'::text)))",
                  "Rows Removed by Filter": 64
                }
              ]
            },
            {
              "Node Type": "Index Scan",
              "Parent Relationship": "Inner",
              "Parallel Aware": false,
              "Scan Direction": "Forward",
              "Index Name": "info_type_pkey",
              "Relation Name": "info_type",
              "Alias": "it",
              "Startup Cost": 0.14,
              "Total Cost": 0.16,
              "Plan Rows": 1,
              "Plan Width": 4,
              "Actual Startup Time": 0.001,
              "Actual Total Time": 0.001,
              "Actual Rows": 1,
              "Actual Loops": 6000,
              "Index Cond": "(id = mi.info_type_id)",
              "Rows Removed by Index Recheck": 0,
              "Filter": "((info)::text = 'release dates'::text)",
              "Rows Removed by Filter": 0
            }
          ]
        }
      ]
    },
    "Planning Time": 41.085,
    "Triggers": [],
    "Execution Time": 379.444
  }
]