[
    {
        "Bao": {
            "Bao prediction": "NaN",
            "Bao recommended hint": "(no hint)"
        }
    },
    {
        "Plan": {
            "Node Type": "Aggregate",
            "Strategy": "Plain",
            "Partial Mode": "Finalize",
            "Parallel Aware": false,
            "Startup Cost": 253333.66,
            "Total Cost": 253333.67,
            "Plan Rows": 1,
            "Plan Width": 8,
            "Actual Startup Time": 854.582,
            "Actual Total Time": 880.557,
            "Actual Rows": 1,
            "Actual Loops": 1,
            "Output": [
                "count(*)"
            ],
            "Plans": [
                {
                    "Node Type": "Gather",
                    "Parent Relationship": "Outer",
                    "Parallel Aware": false,
                    "Startup Cost": 253333.14,
                    "Total Cost": 253333.65,
                    "Plan Rows": 5,
                    "Plan Width": 8,
                    "Actual Startup Time": 849.453,
                    "Actual Total Time": 880.544,
                    "Actual Rows": 6,
                    "Actual Loops": 1,
                    "Output": [
                        "(PARTIAL count(*))"
                    ],
                    "Workers Planned": 5,
                    "Workers Launched": 5,
                    "Single Copy": false,
                    "Plans": [
                        {
                            "Node Type": "Aggregate",
                            "Strategy": "Plain",
                            "Partial Mode": "Partial",
                            "Parent Relationship": "Outer",
                            "Parallel Aware": false,
                            "Startup Cost": 252333.14,
                            "Total Cost": 252333.15,
                            "Plan Rows": 1,
                            "Plan Width": 8,
                            "Actual Startup Time": 839.607,
                            "Actual Total Time": 839.611,
                            "Actual Rows": 1,
                            "Actual Loops": 6,
                            "Output": [
                                "PARTIAL count(*)"
                            ],
                            "Workers": [
                                {
                                    "Worker Number": 0,
                                    "Actual Startup Time": 837.267,
                                    "Actual Total Time": 837.27,
                                    "Actual Rows": 1,
                                    "Actual Loops": 1
                                },
                                {
                                    "Worker Number": 1,
                                    "Actual Startup Time": 837.939,
                                    "Actual Total Time": 837.942,
                                    "Actual Rows": 1,
                                    "Actual Loops": 1
                                },
                                {
                                    "Worker Number": 2,
                                    "Actual Startup Time": 837.788,
                                    "Actual Total Time": 837.792,
                                    "Actual Rows": 1,
                                    "Actual Loops": 1
                                },
                                {
                                    "Worker Number": 3,
                                    "Actual Startup Time": 837.814,
                                    "Actual Total Time": 837.816,
                                    "Actual Rows": 1,
                                    "Actual Loops": 1
                                },
                                {
                                    "Worker Number": 4,
                                    "Actual Startup Time": 838.115,
                                    "Actual Total Time": 838.117,
                                    "Actual Rows": 1,
                                    "Actual Loops": 1
                                }
                            ],
                            "Plans": [
                                {
                                    "Node Type": "Hash Join",
                                    "Parent Relationship": "Outer",
                                    "Parallel Aware": true,
                                    "Join Type": "Inner",
                                    "Startup Cost": 47358.8,
                                    "Total Cost": 251207.56,
                                    "Plan Rows": 450229,
                                    "Plan Width": 0,
                                    "Actual Startup Time": 164.517,
                                    "Actual Total Time": 804.851,
                                    "Actual Rows": 627954,
                                    "Actual Loops": 6,
                                    "Inner Unique": true,
                                    "Hash Cond": "(mi.movie_id = t.id)",
                                    "Workers": [
                                        {
                                            "Worker Number": 0,
                                            "Actual Startup Time": 162.269,
                                            "Actual Total Time": 801.364,
                                            "Actual Rows": 492478,
                                            "Actual Loops": 1
                                        },
                                        {
                                            "Worker Number": 1,
                                            "Actual Startup Time": 162.458,
                                            "Actual Total Time": 802.366,
                                            "Actual Rows": 487396,
                                            "Actual Loops": 1
                                        },
                                        {
                                            "Worker Number": 2,
                                            "Actual Startup Time": 162.795,
                                            "Actual Total Time": 804.997,
                                            "Actual Rows": 718147,
                                            "Actual Loops": 1
                                        },
                                        {
                                            "Worker Number": 3,
                                            "Actual Startup Time": 162.782,
                                            "Actual Total Time": 804.788,
                                            "Actual Rows": 724895,
                                            "Actual Loops": 1
                                        },
                                        {
                                            "Worker Number": 4,
                                            "Actual Startup Time": 163.099,
                                            "Actual Total Time": 805.074,
                                            "Actual Rows": 741642,
                                            "Actual Loops": 1
                                        }
                                    ],
                                    "Plans": [
                                        {
                                            "Node Type": "Seq Scan",
                                            "Parent Relationship": "Outer",
                                            "Parallel Aware": true,
                                            "Relation Name": "movie_info",
                                            "Schema": "public",
                                            "Alias": "mi",
                                            "Startup Cost": 0.0,
                                            "Total Cost": 198880.74,
                                            "Plan Rows": 1892579,
                                            "Plan Width": 4,
                                            "Actual Startup Time": 16.649,
                                            "Actual Total Time": 358.73,
                                            "Actual Rows": 1570867,
                                            "Actual Loops": 6,
                                            "Output": [
                                                "mi.id",
                                                "mi.movie_id",
                                                "mi.info_type_id",
                                                "mi.info",
                                                "mi.note"
                                            ],
                                            "Filter": "(mi.info_type_id > 5)",
                                            "Rows Removed by Filter": 901753,
                                            "Workers": [
                                                {
                                                    "Worker Number": 0,
                                                    "Actual Startup Time": 16.662,
                                                    "Actual Total Time": 371.87,
                                                    "Actual Rows": 1234617,
                                                    "Actual Loops": 1
                                                },
                                                {
                                                    "Worker Number": 1,
                                                    "Actual Startup Time": 16.649,
                                                    "Actual Total Time": 372.16,
                                                    "Actual Rows": 1226440,
                                                    "Actual Loops": 1
                                                },
                                                {
                                                    "Worker Number": 2,
                                                    "Actual Startup Time": 16.649,
                                                    "Actual Total Time": 362.163,
                                                    "Actual Rows": 1788806,
                                                    "Actual Loops": 1
                                                },
                                                {
                                                    "Worker Number": 3,
                                                    "Actual Startup Time": 16.641,
                                                    "Actual Total Time": 362.065,
                                                    "Actual Rows": 1801287,
                                                    "Actual Loops": 1
                                                },
                                                {
                                                    "Worker Number": 4,
                                                    "Actual Startup Time": 16.667,
                                                    "Actual Total Time": 355.175,
                                                    "Actual Rows": 1847755,
                                                    "Actual Loops": 1
                                                }
                                            ]
                                        },
                                        {
                                            "Node Type": "Hash",
                                            "Parent Relationship": "Inner",
                                            "Parallel Aware": true,
                                            "Startup Cost": 45479.21,
                                            "Total Cost": 45479.21,
                                            "Plan Rows": 150367,
                                            "Plan Width": 4,
                                            "Actual Startup Time": 129.156,
                                            "Actual Total Time": 129.157,
                                            "Actual Rows": 80771,
                                            "Actual Loops": 6,
                                            "Output": [
                                                "t.id"
                                            ],
                                            "Hash Buckets": 1048576,
                                            "Original Hash Buckets": 1048576,
                                            "Hash Batches": 1,
                                            "Original Hash Batches": 1,
                                            "Peak Memory Usage": 27264,
                                            "Workers": [
                                                {
                                                    "Worker Number": 0,
                                                    "Actual Startup Time": 130.021,
                                                    "Actual Total Time": 130.022,
                                                    "Actual Rows": 64841,
                                                    "Actual Loops": 1
                                                },
                                                {
                                                    "Worker Number": 1,
                                                    "Actual Startup Time": 130.179,
                                                    "Actual Total Time": 130.18,
                                                    "Actual Rows": 64179,
                                                    "Actual Loops": 1
                                                },
                                                {
                                                    "Worker Number": 2,
                                                    "Actual Startup Time": 130.333,
                                                    "Actual Total Time": 130.335,
                                                    "Actual Rows": 90760,
                                                    "Actual Loops": 1
                                                },
                                                {
                                                    "Worker Number": 3,
                                                    "Actual Startup Time": 130.324,
                                                    "Actual Total Time": 130.325,
                                                    "Actual Rows": 90477,
                                                    "Actual Loops": 1
                                                },
                                                {
                                                    "Worker Number": 4,
                                                    "Actual Startup Time": 130.701,
                                                    "Actual Total Time": 130.702,
                                                    "Actual Rows": 95000,
                                                    "Actual Loops": 1
                                                }
                                            ],
                                            "Plans": [
                                                {
                                                    "Node Type": "Seq Scan",
                                                    "Parent Relationship": "Outer",
                                                    "Parallel Aware": true,
                                                    "Relation Name": "title",
                                                    "Schema": "public",
                                                    "Alias": "t",
                                                    "Startup Cost": 0.0,
                                                    "Total Cost": 45479.21,
                                                    "Plan Rows": 150367,
                                                    "Plan Width": 4,
                                                    "Actual Startup Time": 46.693,
                                                    "Actual Total Time": 90.124,
                                                    "Actual Rows": 80771,
                                                    "Actual Loops": 6,
                                                    "Output": [
                                                        "t.id"
                                                    ],
                                                    "Filter": "((t.kind_id < 2) AND (t.production_year > 1953))",
                                                    "Rows Removed by Filter": 340614,
                                                    "Workers": [
                                                        {
                                                            "Worker Number": 0,
                                                            "Actual Startup Time": 55.02,
                                                            "Actual Total Time": 91.677,
                                                            "Actual Rows": 64841,
                                                            "Actual Loops": 1
                                                        },
                                                        {
                                                            "Worker Number": 1,
                                                            "Actual Startup Time": 54.724,
                                                            "Actual Total Time": 91.436,
                                                            "Actual Rows": 64179,
                                                            "Actual Loops": 1
                                                        },
                                                        {
                                                            "Worker Number": 2,
                                                            "Actual Startup Time": 54.672,
                                                            "Actual Total Time": 89.963,
                                                            "Actual Rows": 90760,
                                                            "Actual Loops": 1
                                                        },
                                                        {
                                                            "Worker Number": 3,
                                                            "Actual Startup Time": 54.583,
                                                            "Actual Total Time": 90.089,
                                                            "Actual Rows": 90477,
                                                            "Actual Loops": 1
                                                        },
                                                        {
                                                            "Worker Number": 4,
                                                            "Actual Startup Time": 54.891,
                                                            "Actual Total Time": 89.495,
                                                            "Actual Rows": 95000,
                                                            "Actual Loops": 1
                                                        }
                                                    ]
                                                }
                                            ]
                                        }
                                    ]
                                }
                            ]
                        }
                    ]
                }
            ]
        },
        "Planning Time": 275.507,
        "Triggers": [],
        "Execution Time": 880.678
    }
]