[
  {
    "Plan": {
      "Node Type": "Aggregate",
      "Strategy": "Plain",
      "Partial Mode": "Finalize",
      "Parallel Aware": false,
      "Startup Cost": 335588.13,
      "Total Cost": 335588.14,
      "Plan Rows": 1,
      "Plan Width": 8,
      "Actual Startup Time": 739.691,
      "Actual Total Time": 788.215,
      "Actual Rows": 1,
      "Actual Loops": 1,
      "Plans": [
        {
          "Node Type": "Gather",
          "Parent Relationship": "Outer",
          "Parallel Aware": false,
          "Startup Cost": 335587.51,
          "Total Cost": 335588.12,
          "Plan Rows": 6,
          "Plan Width": 8,
          "Actual Startup Time": 739.462,
          "Actual Total Time": 788.201,
          "Actual Rows": 7,
          "Actual Loops": 1,
          "Workers Planned": 6,
          "Workers Launched": 6,
          "Single Copy": false,
          "Plans": [
            {
              "Node Type": "Aggregate",
              "Strategy": "Plain",
              "Partial Mode": "Partial",
              "Parent Relationship": "Outer",
              "Parallel Aware": false,
              "Startup Cost": 334587.51,
              "Total Cost": 334587.52,
              "Plan Rows": 1,
              "Plan Width": 8,
              "Actual Startup Time": 732.508,
              "Actual Total Time": 732.51,
              "Actual Rows": 1,
              "Actual Loops": 7,
              "Plans": [
                {
                  "Node Type": "Seq Scan",
                  "Parent Relationship": "Outer",
                  "Parallel Aware": true,
                  "Relation Name": "cast_info",
                  "Alias": "ci",
                  "Startup Cost": 0.0,
                  "Total Cost": 328211.39,
                  "Plan Rows": 2550446,
                  "Plan Width": 0,
                  "Actual Startup Time": 0.046,
                  "Actual Total Time": 622.455,
                  "Actual Rows": 2204246,
                  "Actual Loops": 7,
                  "Filter": "(person_id < 1521522)",
                  "Rows Removed by Filter": 2973518
                }
              ]
            }
          ]
        }
      ]
    },
    "Planning Time": 0.202,
    "Triggers": [],
    "Execution Time": 788.285
  }
]