[
  {
    "Plan": {
      "Node Type": "Aggregate",
      "Strategy": "Plain",
      "Partial Mode": "Finalize",
      "Parallel Aware": false,
      "Startup Cost": 335610.23,
      "Total Cost": 335610.24,
      "Plan Rows": 1,
      "Plan Width": 8,
      "Actual Startup Time": 669.755,
      "Actual Total Time": 728.289,
      "Actual Rows": 1,
      "Actual Loops": 1,
      "Plans": [
        {
          "Node Type": "Gather",
          "Parent Relationship": "Outer",
          "Parallel Aware": false,
          "Startup Cost": 335609.61,
          "Total Cost": 335610.22,
          "Plan Rows": 6,
          "Plan Width": 8,
          "Actual Startup Time": 669.652,
          "Actual Total Time": 728.281,
          "Actual Rows": 7,
          "Actual Loops": 1,
          "Workers Planned": 6,
          "Workers Launched": 6,
          "Single Copy": false,
          "Plans": [
            {
              "Node Type": "Aggregate",
              "Strategy": "Plain",
              "Partial Mode": "Partial",
              "Parent Relationship": "Outer",
              "Parallel Aware": false,
              "Startup Cost": 334609.61,
              "Total Cost": 334609.62,
              "Plan Rows": 1,
              "Plan Width": 8,
              "Actual Startup Time": 661.601,
              "Actual Total Time": 661.602,
              "Actual Rows": 1,
              "Actual Loops": 7,
              "Plans": [
                {
                  "Node Type": "Seq Scan",
                  "Parent Relationship": "Outer",
                  "Parallel Aware": true,
                  "Relation Name": "cast_info",
                  "Alias": "ci",
                  "Startup Cost": 0.0,
                  "Total Cost": 328162.03,
                  "Plan Rows": 2579033,
                  "Plan Width": 0,
                  "Actual Startup Time": 0.046,
                  "Actual Total Time": 565.975,
                  "Actual Rows": 2204246,
                  "Actual Loops": 7,
                  "Filter": "(person_id < 1521522)",
                  "Rows Removed by Filter": 2973518
                }
              ]
            }
          ]
        }
      ]
    },
    "Planning Time": 0.166,
    "Triggers": [],
    "Execution Time": 728.356
  }
]