{
  "Plan": {
    "Node Type": "Aggregate",
    "Strategy": "Plain",
    "Partial Mode": "Finalize",
    "Parallel Aware": false,
    "Startup Cost": 757153.26,
    "Total Cost": 757153.27,
    "Plan Rows": 1,
    "Plan Width": 8,
    "Actual Startup Time": 9567.429,
    "Actual Total Time": 9639.071,
    "Actual Rows": 1,
    "Actual Loops": 1,
    "Plans": [
      {
        "Node Type": "Gather",
        "Parent Relationship": "Outer",
        "Parallel Aware": false,
        "Startup Cost": 757153.14,
        "Total Cost": 757153.25,
        "Plan Rows": 1,
        "Plan Width": 8,
        "Actual Startup Time": 9561.966,
        "Actual Total Time": 9639.062,
        "Actual Rows": 2,
        "Actual Loops": 1,
        "Workers Planned": 1,
        "Workers Launched": 1,
        "Single Copy": false,
        "Plans": [
          {
            "Node Type": "Aggregate",
            "Strategy": "Plain",
            "Partial Mode": "Partial",
            "Parent Relationship": "Outer",
            "Parallel Aware": false,
            "Startup Cost": 756153.14,
            "Total Cost": 756153.15,
            "Plan Rows": 1,
            "Plan Width": 8,
            "Actual Startup Time": 9554.963,
            "Actual Total Time": 9554.968,
            "Actual Rows": 1,
            "Actual Loops": 2,
            "Plans": [
              {
                "Node Type": "Hash Join",
                "Parent Relationship": "Outer",
                "Parallel Aware": true,
                "Join Type": "Inner",
                "Startup Cost": 110181.62,
                "Total Cost": 749195.88,
                "Plan Rows": 2782905,
                "Plan Width": 0,
                "Actual Startup Time": 711.764,
                "Actual Total Time": 9374.819,
                "Actual Rows": 4563254,
                "Actual Loops": 2,
                "Inner Unique": false,
                "Hash Cond": "(t.id = mc.movie_id)",
                "Plans": [
                  {
                    "Node Type": "Hash Join",
                    "Parent Relationship": "Outer",
                    "Parallel Aware": true,
                    "Join Type": "Inner",
                    "Startup Cost": 69460.7,
                    "Total Cost": 619164.98,
                    "Plan Rows": 11670392,
                    "Plan Width": 8,
                    "Actual Startup Time": 517.458,
                    "Actual Total Time": 6569.444,
                    "Actual Rows": 10061330,
                    "Actual Loops": 2,
                    "Inner Unique": true,
                    "Hash Cond": "(ci.movie_id = t.id)",
                    "Plans": [
                      {
                        "Node Type": "Seq Scan",
                        "Parent Relationship": "Outer",
                        "Parallel Aware": true,
                        "Relation Name": "cast_info",
                        "Alias": "ci",
                        "Startup Cost": 0.0,
                        "Total Cost": 519069.44,
                        "Plan Rows": 11670392,
                        "Plan Width": 4,
                        "Actual Startup Time": 0.017,
                        "Actual Total Time": 1779.708,
                        "Actual Rows": 10061330,
                        "Actual Loops": 2,
                        "Filter": "(role_id < 3)",
                        "Rows Removed by Filter": 8060842
                      },
                      {
                        "Node Type": "Hash",
                        "Parent Relationship": "Inner",
                        "Parallel Aware": true,
                        "Startup Cost": 50870.31,
                        "Total Cost": 50870.31,
                        "Plan Rows": 1487231,
                        "Plan Width": 4,
                        "Actual Startup Time": 501.738,
                        "Actual Total Time": 501.738,
                        "Actual Rows": 1264156,
                        "Actual Loops": 2,
                        "Hash Buckets": 4194304,
                        "Original Hash Buckets": 4194304,
                        "Hash Batches": 1,
                        "Original Hash Batches": 1,
                        "Peak Memory Usage": 131680,
                        "Plans": [
                          {
                            "Node Type": "Seq Scan",
                            "Parent Relationship": "Outer",
                            "Parallel Aware": true,
                            "Relation Name": "title",
                            "Alias": "t",
                            "Startup Cost": 0.0,
                            "Total Cost": 50870.31,
                            "Plan Rows": 1487231,
                            "Plan Width": 4,
                            "Actual Startup Time": 0.021,
                            "Actual Total Time": 149.89,
                            "Actual Rows": 1264156,
                            "Actual Loops": 2
                          }
                        ]
                      }
                    ]
                  },
                  {
                    "Node Type": "Hash",
                    "Parent Relationship": "Inner",
                    "Parallel Aware": true,
                    "Startup Cost": 36287.89,
                    "Total Cost": 36287.89,
                    "Plan Rows": 354643,
                    "Plan Width": 4,
                    "Actual Startup Time": 184.95,
                    "Actual Total Time": 184.951,
                    "Actual Rows": 297956,
                    "Actual Loops": 2,
                    "Hash Buckets": 1048576,
                    "Original Hash Buckets": 1048576,
                    "Hash Batches": 1,
                    "Original Hash Batches": 1,
                    "Peak Memory Usage": 31520,
                    "Plans": [
                      {
                        "Node Type": "Bitmap Heap Scan",
                        "Parent Relationship": "Outer",
                        "Parallel Aware": true,
                        "Relation Name": "movie_companies",
                        "Alias": "mc",
                        "Startup Cost": 13064.85,
                        "Total Cost": 36287.89,
                        "Plan Rows": 354643,
                        "Plan Width": 4,
                        "Actual Startup Time": 40.177,
                        "Actual Total Time": 116.65,
                        "Actual Rows": 297956,
                        "Actual Loops": 2,
                        "Recheck Cond": "(company_id < 687)",
                        "Rows Removed by Index Recheck": 0,
                        "Exact Heap Blocks": 10755,
                        "Lossy Heap Blocks": 0,
                        "Plans": [
                          {
                            "Node Type": "Bitmap Index Scan",
                            "Parent Relationship": "Outer",
                            "Parallel Aware": false,
                            "Index Name": "company_id_movie_companies",
                            "Startup Cost": 0.0,
                            "Total Cost": 12914.13,
                            "Plan Rows": 602893,
                            "Plan Width": 0,
                            "Actual Startup Time": 37.333,
                            "Actual Total Time": 37.333,
                            "Actual Rows": 595912,
                            "Actual Loops": 1,
                            "Index Cond": "(company_id < 687)"
                          }
                        ]
                      }
                    ]
                  }
                ]
              }
            ]
          }
        ]
      }
    ]
  },
  "Planning Time": 1.082,
  "Triggers": [],
  "Execution Time": 9639.187
}