[
  {
    "Plan": {
      "Node Type": "Aggregate",
      "Strategy": "Plain",
      "Partial Mode": "Finalize",
      "Parallel Aware": false,
      "Startup Cost": 345800.36,
      "Total Cost": 345800.37,
      "Plan Rows": 1,
      "Plan Width": 8,
      "Actual Startup Time": 454.559,
      "Actual Total Time": 493.804,
      "Actual Rows": 1,
      "Actual Loops": 1,
      "Plans": [
        {
          "Node Type": "Gather",
          "Parent Relationship": "Outer",
          "Parallel Aware": false,
          "Startup Cost": 345799.74,
          "Total Cost": 345800.35,
          "Plan Rows": 6,
          "Plan Width": 8,
          "Actual Startup Time": 454.475,
          "Actual Total Time": 493.791,
          "Actual Rows": 7,
          "Actual Loops": 1,
          "Workers Planned": 6,
          "Workers Launched": 6,
          "Single Copy": false,
          "Plans": [
            {
              "Node Type": "Aggregate",
              "Strategy": "Plain",
              "Partial Mode": "Partial",
              "Parent Relationship": "Outer",
              "Parallel Aware": false,
              "Startup Cost": 344799.74,
              "Total Cost": 344799.75,
              "Plan Rows": 1,
              "Plan Width": 8,
              "Actual Startup Time": 445.364,
              "Actual Total Time": 445.365,
              "Actual Rows": 1,
              "Actual Loops": 7,
              "Plans": [
                {
                  "Node Type": "Index Scan",
                  "Parent Relationship": "Outer",
                  "Parallel Aware": true,
                  "Scan Direction": "Forward",
                  "Index Name": "role_id_cast_info",
                  "Relation Name": "cast_info",
                  "Alias": "ci",
                  "Startup Cost": 0.56,
                  "Total Cost": 341155.22,
                  "Plan Rows": 1457808,
                  "Plan Width": 0,
                  "Actual Startup Time": 263.122,
                  "Actual Total Time": 411.701,
                  "Actual Rows": 639139,
                  "Actual Loops": 7,
                  "Index Cond": "(role_id = 1)",
                  "Rows Removed by Index Recheck": 0,
                  "Filter": "(person_id > 1117582)",
                  "Rows Removed by Filter": 1170960
                }
              ]
            }
          ]
        }
      ]
    },
    "Planning Time": 0.237,
    "Triggers": [],
    "Execution Time": 493.878
  }
]