{
  "Plan": {
    "Node Type": "Aggregate",
    "Strategy": "Plain",
    "Partial Mode": "Finalize",
    "Parallel Aware": false,
    "Startup Cost": 107661.04,
    "Total Cost": 107661.05,
    "Plan Rows": 1,
    "Plan Width": 8,
    "Actual Startup Time": 496.207,
    "Actual Total Time": 538.933,
    "Actual Rows": 1,
    "Actual Loops": 1,
    "Plans": [
      {
        "Node Type": "Gather",
        "Parent Relationship": "Outer",
        "Parallel Aware": false,
        "Startup Cost": 107660.93,
        "Total Cost": 107661.04,
        "Plan Rows": 1,
        "Plan Width": 8,
        "Actual Startup Time": 496.052,
        "Actual Total Time": 538.925,
        "Actual Rows": 2,
        "Actual Loops": 1,
        "Workers Planned": 1,
        "Workers Launched": 1,
        "Single Copy": false,
        "Plans": [
          {
            "Node Type": "Aggregate",
            "Strategy": "Plain",
            "Partial Mode": "Partial",
            "Parent Relationship": "Outer",
            "Parallel Aware": false,
            "Startup Cost": 106660.93,
            "Total Cost": 106660.94,
            "Plan Rows": 1,
            "Plan Width": 8,
            "Actual Startup Time": 489.966,
            "Actual Total Time": 489.969,
            "Actual Rows": 1,
            "Actual Loops": 2,
            "Plans": [
              {
                "Node Type": "Nested Loop",
                "Parent Relationship": "Outer",
                "Parallel Aware": false,
                "Join Type": "Inner",
                "Startup Cost": 58378.59,
                "Total Cost": 106643.48,
                "Plan Rows": 6981,
                "Plan Width": 0,
                "Actual Startup Time": 136.864,
                "Actual Total Time": 488.127,
                "Actual Rows": 36492,
                "Actual Loops": 2,
                "Inner Unique": false,
                "Join Filter": "(t.id = mi.movie_id)",
                "Rows Removed by Join Filter": 0,
                "Plans": [
                  {
                    "Node Type": "Hash Join",
                    "Parent Relationship": "Outer",
                    "Parallel Aware": true,
                    "Join Type": "Inner",
                    "Startup Cost": 58378.16,
                    "Total Cost": 96544.79,
                    "Plan Rows": 5918,
                    "Plan Width": 8,
                    "Actual Startup Time": 136.555,
                    "Actual Total Time": 334.451,
                    "Actual Rows": 9414,
                    "Actual Loops": 2,
                    "Inner Unique": true,
                    "Hash Cond": "(mc.movie_id = t.id)",
                    "Plans": [
                      {
                        "Node Type": "Seq Scan",
                        "Parent Relationship": "Outer",
                        "Parallel Aware": true,
                        "Relation Name": "movie_companies",
                        "Alias": "mc",
                        "Startup Cost": 0.0,
                        "Total Cost": 34137.82,
                        "Plan Rows": 1534782,
                        "Plan Width": 4,
                        "Actual Startup Time": 0.012,
                        "Actual Total Time": 95.87,
                        "Actual Rows": 1304564,
                        "Actual Loops": 2
                      },
                      {
                        "Node Type": "Hash",
                        "Parent Relationship": "Inner",
                        "Parallel Aware": true,
                        "Startup Cost": 58306.47,
                        "Total Cost": 58306.47,
                        "Plan Rows": 5735,
                        "Plan Width": 4,
                        "Actual Startup Time": 135.396,
                        "Actual Total Time": 135.397,
                        "Actual Rows": 4737,
                        "Actual Loops": 2,
                        "Hash Buckets": 16384,
                        "Original Hash Buckets": 16384,
                        "Hash Batches": 1,
                        "Original Hash Batches": 1,
                        "Peak Memory Usage": 544,
                        "Plans": [
                          {
                            "Node Type": "Seq Scan",
                            "Parent Relationship": "Outer",
                            "Parallel Aware": true,
                            "Relation Name": "title",
                            "Alias": "t",
                            "Startup Cost": 0.0,
                            "Total Cost": 58306.47,
                            "Plan Rows": 5735,
                            "Plan Width": 4,
                            "Actual Startup Time": 0.13,
                            "Actual Total Time": 133.88,
                            "Actual Rows": 4737,
                            "Actual Loops": 2,
                            "Filter": "((kind_id < 7) AND (production_year = 1991))",
                            "Rows Removed by Filter": 1259419
                          }
                        ]
                      }
                    ]
                  },
                  {
                    "Node Type": "Index Scan",
                    "Parent Relationship": "Inner",
                    "Parallel Aware": false,
                    "Scan Direction": "Forward",
                    "Index Name": "movie_id_movie_info",
                    "Relation Name": "movie_info",
                    "Alias": "mi",
                    "Startup Cost": 0.43,
                    "Total Cost": 1.61,
                    "Plan Rows": 8,
                    "Plan Width": 4,
                    "Actual Startup Time": 0.009,
                    "Actual Total Time": 0.016,
                    "Actual Rows": 4,
                    "Actual Loops": 18829,
                    "Index Cond": "(movie_id = mc.movie_id)",
                    "Rows Removed by Index Recheck": 0,
                    "Filter": "(info_type_id = 16)",
                    "Rows Removed by Filter": 37
                  }
                ]
              }
            ]
          }
        ]
      }
    ]
  },
  "Planning Time": 1.002,
  "Triggers": [],
  "Execution Time": 539.03
}