{
  "Plan": {
    "Node Type": "Aggregate",
    "Strategy": "Plain",
    "Partial Mode": "Finalize",
    "Parallel Aware": false,
    "Startup Cost": 94852.05,
    "Total Cost": 94852.06,
    "Plan Rows": 1,
    "Plan Width": 8,
    "Actual Startup Time": 451.574,
    "Actual Total Time": 462.156,
    "Actual Rows": 1,
    "Actual Loops": 1,
    "Plans": [
      {
        "Node Type": "Gather",
        "Parent Relationship": "Outer",
        "Parallel Aware": false,
        "Startup Cost": 94851.94,
        "Total Cost": 94852.05,
        "Plan Rows": 1,
        "Plan Width": 8,
        "Actual Startup Time": 450.488,
        "Actual Total Time": 462.146,
        "Actual Rows": 2,
        "Actual Loops": 1,
        "Workers Planned": 1,
        "Workers Launched": 1,
        "Single Copy": false,
        "Plans": [
          {
            "Node Type": "Aggregate",
            "Strategy": "Plain",
            "Partial Mode": "Partial",
            "Parent Relationship": "Outer",
            "Parallel Aware": false,
            "Startup Cost": 93851.94,
            "Total Cost": 93851.95,
            "Plan Rows": 1,
            "Plan Width": 8,
            "Actual Startup Time": 444.739,
            "Actual Total Time": 444.891,
            "Actual Rows": 1,
            "Actual Loops": 2,
            "Plans": [
              {
                "Node Type": "Hash Join",
                "Parent Relationship": "Outer",
                "Parallel Aware": true,
                "Join Type": "Inner",
                "Startup Cost": 30941.58,
                "Total Cost": 93634.62,
                "Plan Rows": 86927,
                "Plan Width": 0,
                "Actual Startup Time": 126.662,
                "Actual Total Time": 438.698,
                "Actual Rows": 150812,
                "Actual Loops": 2,
                "Inner Unique": false,
                "Hash Cond": "(t.id = mc.movie_id)",
                "Plans": [
                  {
                    "Node Type": "Seq Scan",
                    "Parent Relationship": "Outer",
                    "Parallel Aware": true,
                    "Relation Name": "title",
                    "Alias": "t",
                    "Startup Cost": 0.0,
                    "Total Cost": 54588.39,
                    "Plan Rows": 1214931,
                    "Plan Width": 4,
                    "Actual Startup Time": 0.011,
                    "Actual Total Time": 145.207,
                    "Actual Rows": 1032276,
                    "Actual Loops": 2,
                    "Filter": "(production_year < 2011)",
                    "Rows Removed by Filter": 231880
                  },
                  {
                    "Node Type": "Hash",
                    "Parent Relationship": "Inner",
                    "Parallel Aware": true,
                    "Startup Cost": 29611.45,
                    "Total Cost": 29611.45,
                    "Plan Rows": 106410,
                    "Plan Width": 4,
                    "Actual Startup Time": 114.6,
                    "Actual Total Time": 114.602,
                    "Actual Rows": 179136,
                    "Actual Loops": 2,
                    "Hash Buckets": 524288,
                    "Original Hash Buckets": 262144,
                    "Hash Batches": 1,
                    "Original Hash Batches": 1,
                    "Peak Memory Usage": 20192,
                    "Plans": [
                      {
                        "Node Type": "Bitmap Heap Scan",
                        "Parent Relationship": "Outer",
                        "Parallel Aware": true,
                        "Relation Name": "movie_companies",
                        "Alias": "mc",
                        "Startup Cost": 7677.78,
                        "Total Cost": 29611.45,
                        "Plan Rows": 106410,
                        "Plan Width": 4,
                        "Actual Startup Time": 32.099,
                        "Actual Total Time": 73.149,
                        "Actual Rows": 179136,
                        "Actual Loops": 2,
                        "Recheck Cond": "(company_id > 87245)",
                        "Rows Removed by Index Recheck": 0,
                        "Filter": "(company_type_id > 1)",
                        "Rows Removed by Filter": 0,
                        "Exact Heap Blocks": 3627,
                        "Lossy Heap Blocks": 0,
                        "Plans": [
                          {
                            "Node Type": "Bitmap Index Scan",
                            "Parent Relationship": "Outer",
                            "Parallel Aware": false,
                            "Index Name": "company_id_movie_companies",
                            "Startup Cost": 0.0,
                            "Total Cost": 7632.55,
                            "Plan Rows": 356283,
                            "Plan Width": 0,
                            "Actual Startup Time": 33.397,
                            "Actual Total Time": 33.397,
                            "Actual Rows": 358271,
                            "Actual Loops": 1,
                            "Index Cond": "(company_id > 87245)"
                          }
                        ]
                      }
                    ]
                  }
                ]
              }
            ]
          }
        ]
      }
    ]
  },
  "Planning Time": 0.445,
  "Triggers": [],
  "Execution Time": 462.248
}