{
  "Plan": {
    "Node Type": "Aggregate",
    "Strategy": "Plain",
    "Partial Mode": "Finalize",
    "Parallel Aware": false,
    "Startup Cost": 651965.35,
    "Total Cost": 651965.36,
    "Plan Rows": 1,
    "Plan Width": 8,
    "Actual Startup Time": 567.549,
    "Actual Total Time": 612.107,
    "Actual Rows": 1,
    "Actual Loops": 1,
    "Plans": [
      {
        "Node Type": "Gather",
        "Parent Relationship": "Outer",
        "Parallel Aware": false,
        "Startup Cost": 651965.24,
        "Total Cost": 651965.35,
        "Plan Rows": 1,
        "Plan Width": 8,
        "Actual Startup Time": 567.245,
        "Actual Total Time": 612.099,
        "Actual Rows": 2,
        "Actual Loops": 1,
        "Workers Planned": 1,
        "Workers Launched": 1,
        "Single Copy": false,
        "Plans": [
          {
            "Node Type": "Aggregate",
            "Strategy": "Plain",
            "Partial Mode": "Partial",
            "Parent Relationship": "Outer",
            "Parallel Aware": false,
            "Startup Cost": 650965.24,
            "Total Cost": 650965.25,
            "Plan Rows": 1,
            "Plan Width": 8,
            "Actual Startup Time": 560.992,
            "Actual Total Time": 560.995,
            "Actual Rows": 1,
            "Actual Loops": 2,
            "Plans": [
              {
                "Node Type": "Hash Join",
                "Parent Relationship": "Outer",
                "Parallel Aware": true,
                "Join Type": "Inner",
                "Startup Cost": 567319.53,
                "Total Cost": 650703.97,
                "Plan Rows": 104507,
                "Plan Width": 0,
                "Actual Startup Time": 270.862,
                "Actual Total Time": 558.173,
                "Actual Rows": 66744,
                "Actual Loops": 2,
                "Inner Unique": false,
                "Hash Cond": "(mk.movie_id = t.id)",
                "Plans": [
                  {
                    "Node Type": "Seq Scan",
                    "Parent Relationship": "Outer",
                    "Parallel Aware": true,
                    "Relation Name": "movie_keyword",
                    "Alias": "mk",
                    "Startup Cost": 0.0,
                    "Total Cost": 57718.19,
                    "Plan Rows": 2004120,
                    "Plan Width": 4,
                    "Actual Startup Time": 0.068,
                    "Actual Total Time": 186.438,
                    "Actual Rows": 1699190,
                    "Actual Loops": 2,
                    "Filter": "(keyword_id > 1215)",
                    "Rows Removed by Filter": 562775
                  },
                  {
                    "Node Type": "Hash",
                    "Parent Relationship": "Inner",
                    "Parallel Aware": true,
                    "Startup Cost": 566350.1,
                    "Total Cost": 566350.1,
                    "Plan Rows": 77554,
                    "Plan Width": 8,
                    "Actual Startup Time": 266.835,
                    "Actual Total Time": 266.836,
                    "Actual Rows": 53844,
                    "Actual Loops": 2,
                    "Hash Buckets": 262144,
                    "Original Hash Buckets": 262144,
                    "Hash Batches": 1,
                    "Original Hash Batches": 1,
                    "Peak Memory Usage": 6304,
                    "Plans": [
                      {
                        "Node Type": "Nested Loop",
                        "Parent Relationship": "Outer",
                        "Parallel Aware": false,
                        "Join Type": "Inner",
                        "Startup Cost": 0.56,
                        "Total Cost": 566350.1,
                        "Plan Rows": 77554,
                        "Plan Width": 8,
                        "Actual Startup Time": 0.283,
                        "Actual Total Time": 254.046,
                        "Actual Rows": 53844,
                        "Actual Loops": 2,
                        "Inner Unique": false,
                        "Plans": [
                          {
                            "Node Type": "Seq Scan",
                            "Parent Relationship": "Outer",
                            "Parallel Aware": true,
                            "Relation Name": "title",
                            "Alias": "t",
                            "Startup Cost": 0.0,
                            "Total Cost": 58306.47,
                            "Plan Rows": 5412,
                            "Plan Width": 4,
                            "Actual Startup Time": 0.09,
                            "Actual Total Time": 126.887,
                            "Actual Rows": 4960,
                            "Actual Loops": 2,
                            "Filter": "((kind_id > 1) AND (production_year = 1966))",
                            "Rows Removed by Filter": 1259196
                          },
                          {
                            "Node Type": "Index Only Scan",
                            "Parent Relationship": "Inner",
                            "Parallel Aware": false,
                            "Scan Direction": "Forward",
                            "Index Name": "movie_id_cast_info",
                            "Relation Name": "cast_info",
                            "Alias": "ci",
                            "Startup Cost": 0.56,
                            "Total Cost": 93.5,
                            "Plan Rows": 37,
                            "Plan Width": 4,
                            "Actual Startup Time": 0.007,
                            "Actual Total Time": 0.024,
                            "Actual Rows": 11,
                            "Actual Loops": 9919,
                            "Index Cond": "(movie_id = t.id)",
                            "Rows Removed by Index Recheck": 0,
                            "Heap Fetches": 107687
                          }
                        ]
                      }
                    ]
                  }
                ]
              }
            ]
          }
        ]
      }
    ]
  },
  "Planning Time": 1.043,
  "Triggers": [],
  "Execution Time": 612.205
}