[
  {
    "Plan": {
      "Node Type": "Aggregate",
      "Strategy": "Plain",
      "Partial Mode": "Finalize",
      "Parallel Aware": false,
      "Startup Cost": 93352.23,
      "Total Cost": 93352.24,
      "Plan Rows": 1,
      "Plan Width": 8,
      "Actual Startup Time": 183.69,
      "Actual Total Time": 204.465,
      "Actual Rows": 1,
      "Actual Loops": 1,
      "Plans": [
        {
          "Node Type": "Gather",
          "Parent Relationship": "Outer",
          "Parallel Aware": false,
          "Startup Cost": 93351.91,
          "Total Cost": 93352.22,
          "Plan Rows": 3,
          "Plan Width": 8,
          "Actual Startup Time": 182.766,
          "Actual Total Time": 204.458,
          "Actual Rows": 4,
          "Actual Loops": 1,
          "Workers Planned": 3,
          "Workers Launched": 3,
          "Single Copy": false,
          "Plans": [
            {
              "Node Type": "Aggregate",
              "Strategy": "Plain",
              "Partial Mode": "Partial",
              "Parent Relationship": "Outer",
              "Parallel Aware": false,
              "Startup Cost": 92351.91,
              "Total Cost": 92351.92,
              "Plan Rows": 1,
              "Plan Width": 8,
              "Actual Startup Time": 173.189,
              "Actual Total Time": 173.194,
              "Actual Rows": 1,
              "Actual Loops": 4,
              "Plans": [
                {
                  "Node Type": "Nested Loop",
                  "Parent Relationship": "Outer",
                  "Parallel Aware": false,
                  "Join Type": "Inner",
                  "Startup Cost": 49837.76,
                  "Total Cost": 92300.74,
                  "Plan Rows": 20469,
                  "Plan Width": 0,
                  "Actual Startup Time": 118.843,
                  "Actual Total Time": 172.497,
                  "Actual Rows": 11357,
                  "Actual Loops": 4,
                  "Inner Unique": false,
                  "Join Filter": "(t.id = mi.movie_id)",
                  "Rows Removed by Join Filter": 0,
                  "Plans": [
                    {
                      "Node Type": "Hash Join",
                      "Parent Relationship": "Outer",
                      "Parallel Aware": true,
                      "Join Type": "Inner",
                      "Startup Cost": 49837.32,
                      "Total Cost": 69500.23,
                      "Plan Rows": 3501,
                      "Plan Width": 8,
                      "Actual Startup Time": 118.765,
                      "Actual Total Time": 147.017,
                      "Actual Rows": 686,
                      "Actual Loops": 4,
                      "Inner Unique": true,
                      "Hash Cond": "(mc.movie_id = t.id)",
                      "Plans": [
                        {
                          "Node Type": "Bitmap Heap Scan",
                          "Parent Relationship": "Outer",
                          "Parallel Aware": true,
                          "Relation Name": "movie_companies",
                          "Alias": "mc",
                          "Startup Cost": 3878.97,
                          "Total Cost": 23390.38,
                          "Plan Rows": 57713,
                          "Plan Width": 4,
                          "Actual Startup Time": 9.88,
                          "Actual Total Time": 28.576,
                          "Actual Rows": 45158,
                          "Actual Loops": 4,
                          "Recheck Cond": "(company_id < 36)",
                          "Rows Removed by Index Recheck": 0,
                          "Exact Heap Blocks": 6161,
                          "Lossy Heap Blocks": 0,
                          "Plans": [
                            {
                              "Node Type": "Bitmap Index Scan",
                              "Parent Relationship": "Outer",
                              "Parallel Aware": false,
                              "Index Name": "company_id_movie_companies",
                              "Startup Cost": 0.0,
                              "Total Cost": 3834.25,
                              "Plan Rows": 178909,
                              "Plan Width": 0,
                              "Actual Startup Time": 7.893,
                              "Actual Total Time": 7.894,
                              "Actual Rows": 180633,
                              "Actual Loops": 1,
                              "Index Cond": "(company_id < 36)"
                            }
                          ]
                        },
                        {
                          "Node Type": "Hash",
                          "Parent Relationship": "Inner",
                          "Parallel Aware": true,
                          "Startup Cost": 45479.1,
                          "Total Cost": 45479.1,
                          "Plan Rows": 38340,
                          "Plan Width": 4,
                          "Actual Startup Time": 106.339,
                          "Actual Total Time": 106.34,
                          "Actual Rows": 33690,
                          "Actual Loops": 4,
                          "Hash Buckets": 262144,
                          "Original Hash Buckets": 262144,
                          "Hash Batches": 1,
                          "Original Hash Batches": 1,
                          "Peak Memory Usage": 7360,
                          "Plans": [
                            {
                              "Node Type": "Seq Scan",
                              "Parent Relationship": "Outer",
                              "Parallel Aware": true,
                              "Relation Name": "title",
                              "Alias": "t",
                              "Startup Cost": 0.0,
                              "Total Cost": 45479.1,
                              "Plan Rows": 38340,
                              "Plan Width": 4,
                              "Actual Startup Time": 0.105,
                              "Actual Total Time": 94.825,
                              "Actual Rows": 33690,
                              "Actual Loops": 4,
                              "Filter": "((kind_id < 7) AND (production_year > 2010))",
                              "Rows Removed by Filter": 598388
                            }
                          ]
                        }
                      ]
                    },
                    {
                      "Node Type": "Index Only Scan",
                      "Parent Relationship": "Inner",
                      "Parallel Aware": false,
                      "Scan Direction": "Forward",
                      "Index Name": "movie_id_movie_info",
                      "Relation Name": "movie_info",
                      "Alias": "mi",
                      "Startup Cost": 0.43,
                      "Total Cost": 5.99,
                      "Plan Rows": 42,
                      "Plan Width": 4,
                      "Actual Startup Time": 0.013,
                      "Actual Total Time": 0.035,
                      "Actual Rows": 17,
                      "Actual Loops": 2746,
                      "Index Cond": "(movie_id = mc.movie_id)",
                      "Rows Removed by Index Recheck": 0,
                      "Heap Fetches": 45428
                    }
                  ]
                }
              ]
            }
          ]
        }
      ]
    },
    "Planning Time": 1.501,
    "Triggers": [],
    "Execution Time": 204.619
  }
]