{
  "Plan": {
    "Node Type": "Aggregate",
    "Strategy": "Plain",
    "Partial Mode": "Finalize",
    "Parallel Aware": false,
    "Startup Cost": 31574.66,
    "Total Cost": 31574.67,
    "Plan Rows": 1,
    "Plan Width": 8,
    "Actual Startup Time": 38.376,
    "Actual Total Time": 43.063,
    "Actual Rows": 1,
    "Actual Loops": 1,
    "Plans": [
      {
        "Node Type": "Gather",
        "Parent Relationship": "Outer",
        "Parallel Aware": false,
        "Startup Cost": 31574.55,
        "Total Cost": 31574.66,
        "Plan Rows": 1,
        "Plan Width": 8,
        "Actual Startup Time": 38.066,
        "Actual Total Time": 43.056,
        "Actual Rows": 2,
        "Actual Loops": 1,
        "Workers Planned": 1,
        "Workers Launched": 1,
        "Single Copy": false,
        "Plans": [
          {
            "Node Type": "Aggregate",
            "Strategy": "Plain",
            "Partial Mode": "Partial",
            "Parent Relationship": "Outer",
            "Parallel Aware": false,
            "Startup Cost": 30574.55,
            "Total Cost": 30574.56,
            "Plan Rows": 1,
            "Plan Width": 8,
            "Actual Startup Time": 31.906,
            "Actual Total Time": 31.908,
            "Actual Rows": 1,
            "Actual Loops": 2,
            "Plans": [
              {
                "Node Type": "Nested Loop",
                "Parent Relationship": "Outer",
                "Parallel Aware": false,
                "Join Type": "Inner",
                "Startup Cost": 92.98,
                "Total Cost": 30573.91,
                "Plan Rows": 254,
                "Plan Width": 0,
                "Actual Startup Time": 1.848,
                "Actual Total Time": 31.847,
                "Actual Rows": 214,
                "Actual Loops": 2,
                "Inner Unique": false,
                "Plans": [
                  {
                    "Node Type": "Nested Loop",
                    "Parent Relationship": "Outer",
                    "Parallel Aware": false,
                    "Join Type": "Inner",
                    "Startup Cost": 92.54,
                    "Total Cost": 27998.34,
                    "Plan Rows": 1364,
                    "Plan Width": 8,
                    "Actual Startup Time": 1.685,
                    "Actual Total Time": 16.701,
                    "Actual Rows": 638,
                    "Actual Loops": 2,
                    "Inner Unique": true,
                    "Plans": [
                      {
                        "Node Type": "Bitmap Heap Scan",
                        "Parent Relationship": "Outer",
                        "Parallel Aware": true,
                        "Relation Name": "movie_companies",
                        "Alias": "mc",
                        "Startup Cost": 92.11,
                        "Total Cost": 9970.49,
                        "Plan Rows": 2405,
                        "Plan Width": 4,
                        "Actual Startup Time": 1.162,
                        "Actual Total Time": 2.724,
                        "Actual Rows": 1861,
                        "Actual Loops": 2,
                        "Recheck Cond": "(company_id = 164)",
                        "Rows Removed by Index Recheck": 0,
                        "Exact Heap Blocks": 390,
                        "Lossy Heap Blocks": 0,
                        "Plans": [
                          {
                            "Node Type": "Bitmap Index Scan",
                            "Parent Relationship": "Outer",
                            "Parallel Aware": false,
                            "Index Name": "company_id_movie_companies",
                            "Startup Cost": 0.0,
                            "Total Cost": 91.09,
                            "Plan Rows": 4088,
                            "Plan Width": 0,
                            "Actual Startup Time": 1.986,
                            "Actual Total Time": 1.986,
                            "Actual Rows": 3722,
                            "Actual Loops": 1,
                            "Index Cond": "(company_id = 164)"
                          }
                        ]
                      },
                      {
                        "Node Type": "Index Scan",
                        "Parent Relationship": "Inner",
                        "Parallel Aware": false,
                        "Scan Direction": "Forward",
                        "Index Name": "title_pkey",
                        "Relation Name": "title",
                        "Alias": "t",
                        "Startup Cost": 0.43,
                        "Total Cost": 7.5,
                        "Plan Rows": 1,
                        "Plan Width": 4,
                        "Actual Startup Time": 0.007,
                        "Actual Total Time": 0.007,
                        "Actual Rows": 0,
                        "Actual Loops": 3722,
                        "Index Cond": "(id = mc.movie_id)",
                        "Rows Removed by Index Recheck": 0,
                        "Filter": "(production_year < 2006)",
                        "Rows Removed by Filter": 1
                      }
                    ]
                  },
                  {
                    "Node Type": "Index Scan",
                    "Parent Relationship": "Inner",
                    "Parallel Aware": false,
                    "Scan Direction": "Forward",
                    "Index Name": "movie_id_movie_info",
                    "Relation Name": "movie_info",
                    "Alias": "mi",
                    "Startup Cost": 0.43,
                    "Total Cost": 1.88,
                    "Plan Rows": 1,
                    "Plan Width": 4,
                    "Actual Startup Time": 0.016,
                    "Actual Total Time": 0.023,
                    "Actual Rows": 0,
                    "Actual Loops": 1277,
                    "Index Cond": "(movie_id = t.id)",
                    "Rows Removed by Index Recheck": 0,
                    "Filter": "(info_type_id = 6)",
                    "Rows Removed by Filter": 17
                  }
                ]
              }
            ]
          }
        ]
      }
    ]
  },
  "Planning Time": 1.081,
  "Triggers": [],
  "Execution Time": 43.159
}