[
  {
    "Plan": {
      "Node Type": "Aggregate",
      "Strategy": "Plain",
      "Partial Mode": "Finalize",
      "Parallel Aware": false,
      "Startup Cost": 258295.92,
      "Total Cost": 258295.93,
      "Plan Rows": 1,
      "Plan Width": 8,
      "Actual Startup Time": 1191.307,
      "Actual Total Time": 1228.245,
      "Actual Rows": 1,
      "Actual Loops": 1,
      "Plans": [
        {
          "Node Type": "Gather",
          "Parent Relationship": "Outer",
          "Parallel Aware": false,
          "Startup Cost": 258295.4,
          "Total Cost": 258295.91,
          "Plan Rows": 5,
          "Plan Width": 8,
          "Actual Startup Time": 1186.502,
          "Actual Total Time": 1228.232,
          "Actual Rows": 6,
          "Actual Loops": 1,
          "Workers Planned": 5,
          "Workers Launched": 5,
          "Single Copy": false,
          "Plans": [
            {
              "Node Type": "Aggregate",
              "Strategy": "Plain",
              "Partial Mode": "Partial",
              "Parent Relationship": "Outer",
              "Parallel Aware": false,
              "Startup Cost": 257295.4,
              "Total Cost": 257295.41,
              "Plan Rows": 1,
              "Plan Width": 8,
              "Actual Startup Time": 1178.279,
              "Actual Total Time": 1178.282,
              "Actual Rows": 1,
              "Actual Loops": 6,
              "Plans": [
                {
                  "Node Type": "Hash Join",
                  "Parent Relationship": "Outer",
                  "Parallel Aware": true,
                  "Join Type": "Inner",
                  "Startup Cost": 48436.19,
                  "Total Cost": 254733.44,
                  "Plan Rows": 1024783,
                  "Plan Width": 0,
                  "Actual Startup Time": 176.301,
                  "Actual Total Time": 1152.233,
                  "Actual Rows": 436223,
                  "Actual Loops": 6,
                  "Inner Unique": true,
                  "Hash Cond": "(mi.movie_id = t.id)",
                  "Plans": [
                    {
                      "Node Type": "Seq Scan",
                      "Parent Relationship": "Outer",
                      "Parallel Aware": true,
                      "Relation Name": "movie_info",
                      "Alias": "mi",
                      "Startup Cost": 0.0,
                      "Total Cost": 199108.24,
                      "Plan Rows": 2738668,
                      "Plan Width": 4,
                      "Actual Startup Time": 0.041,
                      "Actual Total Time": 448.559,
                      "Actual Rows": 2282414,
                      "Actual Loops": 6,
                      "Filter": "(info_type_id < 57)",
                      "Rows Removed by Filter": 190206
                    },
                    {
                      "Node Type": "Hash",
                      "Parent Relationship": "Inner",
                      "Parallel Aware": true,
                      "Startup Cost": 45479.59,
                      "Total Cost": 45479.59,
                      "Plan Rows": 236528,
                      "Plan Width": 4,
                      "Actual Startup Time": 172.806,
                      "Actual Total Time": 172.807,
                      "Actual Rows": 146006,
                      "Actual Loops": 6,
                      "Hash Buckets": 1048576,
                      "Original Hash Buckets": 1048576,
                      "Hash Batches": 1,
                      "Original Hash Batches": 1,
                      "Peak Memory Usage": 42528,
                      "Plans": [
                        {
                          "Node Type": "Seq Scan",
                          "Parent Relationship": "Outer",
                          "Parallel Aware": true,
                          "Relation Name": "title",
                          "Alias": "t",
                          "Startup Cost": 0.0,
                          "Total Cost": 45479.59,
                          "Plan Rows": 236528,
                          "Plan Width": 4,
                          "Actual Startup Time": 0.025,
                          "Actual Total Time": 102.437,
                          "Actual Rows": 146006,
                          "Actual Loops": 6,
                          "Filter": "((production_year < 2007) AND (kind_id = 7))",
                          "Rows Removed by Filter": 275379
                        }
                      ]
                    }
                  ]
                }
              ]
            }
          ]
        }
      ]
    },
    "Planning Time": 0.585,
    "Triggers": [],
    "Execution Time": 1228.318
  }
]