[
  {
    "Plan": {
      "Node Type": "Aggregate",
      "Strategy": "Plain",
      "Partial Mode": "Finalize",
      "Parallel Aware": false,
      "Startup Cost": 330921.58,
      "Total Cost": 330921.59,
      "Plan Rows": 1,
      "Plan Width": 8,
      "Actual Startup Time": 4588.685,
      "Actual Total Time": 4638.864,
      "Actual Rows": 1,
      "Actual Loops": 1,
      "Plans": [
        {
          "Node Type": "Gather",
          "Parent Relationship": "Outer",
          "Parallel Aware": false,
          "Startup Cost": 330921.06,
          "Total Cost": 330921.57,
          "Plan Rows": 5,
          "Plan Width": 8,
          "Actual Startup Time": 4559.187,
          "Actual Total Time": 4638.85,
          "Actual Rows": 6,
          "Actual Loops": 1,
          "Workers Planned": 5,
          "Workers Launched": 5,
          "Single Copy": false,
          "Plans": [
            {
              "Node Type": "Aggregate",
              "Strategy": "Plain",
              "Partial Mode": "Partial",
              "Parent Relationship": "Outer",
              "Parallel Aware": false,
              "Startup Cost": 329921.06,
              "Total Cost": 329921.07,
              "Plan Rows": 1,
              "Plan Width": 8,
              "Actual Startup Time": 4538.132,
              "Actual Total Time": 4538.144,
              "Actual Rows": 1,
              "Actual Loops": 6,
              "Plans": [
                {
                  "Node Type": "Hash Join",
                  "Parent Relationship": "Outer",
                  "Parallel Aware": true,
                  "Join Type": "Inner",
                  "Startup Cost": 107993.17,
                  "Total Cost": 321578.08,
                  "Plan Rows": 3337193,
                  "Plan Width": 0,
                  "Actual Startup Time": 696.301,
                  "Actual Total Time": 3395.069,
                  "Actual Rows": 27287113,
                  "Actual Loops": 6,
                  "Inner Unique": false,
                  "Hash Cond": "(mi.movie_id = t.id)",
                  "Plans": [
                    {
                      "Node Type": "Seq Scan",
                      "Parent Relationship": "Outer",
                      "Parallel Aware": true,
                      "Relation Name": "movie_info",
                      "Alias": "mi",
                      "Startup Cost": 0.0,
                      "Total Cost": 191685.19,
                      "Plan Rows": 2969219,
                      "Plan Width": 4,
                      "Actual Startup Time": 0.033,
                      "Actual Total Time": 289.613,
                      "Actual Rows": 2472620,
                      "Actual Loops": 6
                    },
                    {
                      "Node Type": "Hash",
                      "Parent Relationship": "Inner",
                      "Parallel Aware": true,
                      "Startup Cost": 96534.42,
                      "Total Cost": 96534.42,
                      "Plan Rows": 916700,
                      "Plan Width": 8,
                      "Actual Startup Time": 687.909,
                      "Actual Total Time": 687.919,
                      "Actual Rows": 498196,
                      "Actual Loops": 6,
                      "Hash Buckets": 4194304,
                      "Original Hash Buckets": 4194304,
                      "Hash Batches": 1,
                      "Original Hash Batches": 1,
                      "Peak Memory Usage": 149824,
                      "Plans": [
                        {
                          "Node Type": "Hash Join",
                          "Parent Relationship": "Outer",
                          "Parallel Aware": true,
                          "Join Type": "Inner",
                          "Startup Cost": 51253.35,
                          "Total Cost": 96534.42,
                          "Plan Rows": 916700,
                          "Plan Width": 8,
                          "Actual Startup Time": 316.255,
                          "Actual Total Time": 514.006,
                          "Actual Rows": 498196,
                          "Actual Loops": 6,
                          "Inner Unique": true,
                          "Hash Cond": "(mk.movie_id = t.id)",
                          "Plans": [
                            {
                              "Node Type": "Seq Scan",
                              "Parent Relationship": "Outer",
                              "Parallel Aware": true,
                              "Relation Name": "movie_keyword",
                              "Alias": "mk",
                              "Startup Cost": 0.0,
                              "Total Cost": 42695.65,
                              "Plan Rows": 984922,
                              "Plan Width": 4,
                              "Actual Startup Time": 0.138,
                              "Actual Total Time": 93.364,
                              "Actual Rows": 509453,
                              "Actual Loops": 6,
                              "Filter": "(keyword_id > 2085)",
                              "Rows Removed by Filter": 244536
                            },
                            {
                              "Node Type": "Hash",
                              "Parent Relationship": "Inner",
                              "Parallel Aware": true,
                              "Startup Cost": 43899.32,
                              "Total Cost": 43899.32,
                              "Plan Rows": 588322,
                              "Plan Width": 4,
                              "Actual Startup Time": 311.337,
                              "Actual Total Time": 311.338,
                              "Actual Rows": 391079,
                              "Actual Loops": 6,
                              "Hash Buckets": 4194304,
                              "Original Hash Buckets": 4194304,
                              "Hash Batches": 1,
                              "Original Hash Batches": 1,
                              "Peak Memory Usage": 124704,
                              "Plans": [
                                {
                                  "Node Type": "Seq Scan",
                                  "Parent Relationship": "Outer",
                                  "Parallel Aware": true,
                                  "Relation Name": "title",
                                  "Alias": "t",
                                  "Startup Cost": 0.0,
                                  "Total Cost": 43899.32,
                                  "Plan Rows": 588322,
                                  "Plan Width": 4,
                                  "Actual Startup Time": 0.072,
                                  "Actual Total Time": 102.476,
                                  "Actual Rows": 391079,
                                  "Actual Loops": 6,
                                  "Filter": "(production_year > 1927)",
                                  "Rows Removed by Filter": 30306
                                }
                              ]
                            }
                          ]
                        }
                      ]
                    }
                  ]
                }
              ]
            }
          ]
        }
      ]
    },
    "Planning Time": 1.438,
    "Triggers": [],
    "Execution Time": 4638.949
  }
]