[
    {
        "Bao": {
            "Bao prediction": "NaN",
            "Bao recommended hint": "(no hint)"
        }
    },
    {
        "Plan": {
            "Node Type": "Aggregate",
            "Strategy": "Plain",
            "Partial Mode": "Finalize",
            "Parallel Aware": false,
            "Startup Cost": 241097.22,
            "Total Cost": 241097.23,
            "Plan Rows": 1,
            "Plan Width": 8,
            "Actual Startup Time": 1183.306,
            "Actual Total Time": 1214.089,
            "Actual Rows": 1,
            "Actual Loops": 1,
            "Output": [
                "count(*)"
            ],
            "Plans": [
                {
                    "Node Type": "Gather",
                    "Parent Relationship": "Outer",
                    "Parallel Aware": false,
                    "Startup Cost": 241096.8,
                    "Total Cost": 241097.21,
                    "Plan Rows": 4,
                    "Plan Width": 8,
                    "Actual Startup Time": 1183.293,
                    "Actual Total Time": 1214.082,
                    "Actual Rows": 5,
                    "Actual Loops": 1,
                    "Output": [
                        "(PARTIAL count(*))"
                    ],
                    "Workers Planned": 4,
                    "Workers Launched": 4,
                    "Single Copy": false,
                    "Plans": [
                        {
                            "Node Type": "Aggregate",
                            "Strategy": "Plain",
                            "Partial Mode": "Partial",
                            "Parent Relationship": "Outer",
                            "Parallel Aware": false,
                            "Startup Cost": 240096.8,
                            "Total Cost": 240096.81,
                            "Plan Rows": 1,
                            "Plan Width": 8,
                            "Actual Startup Time": 1089.197,
                            "Actual Total Time": 1089.201,
                            "Actual Rows": 1,
                            "Actual Loops": 5,
                            "Output": [
                                "PARTIAL count(*)"
                            ],
                            "Workers": [
                                {
                                    "Worker Number": 0,
                                    "Actual Startup Time": 1028.016,
                                    "Actual Total Time": 1028.019,
                                    "Actual Rows": 1,
                                    "Actual Loops": 1
                                },
                                {
                                    "Worker Number": 1,
                                    "Actual Startup Time": 1062.927,
                                    "Actual Total Time": 1062.931,
                                    "Actual Rows": 1,
                                    "Actual Loops": 1
                                },
                                {
                                    "Worker Number": 2,
                                    "Actual Startup Time": 1030.941,
                                    "Actual Total Time": 1030.944,
                                    "Actual Rows": 1,
                                    "Actual Loops": 1
                                },
                                {
                                    "Worker Number": 3,
                                    "Actual Startup Time": 1141.295,
                                    "Actual Total Time": 1141.298,
                                    "Actual Rows": 1,
                                    "Actual Loops": 1
                                }
                            ],
                            "Plans": [
                                {
                                    "Node Type": "Nested Loop",
                                    "Parent Relationship": "Outer",
                                    "Parallel Aware": false,
                                    "Join Type": "Inner",
                                    "Startup Cost": 123415.16,
                                    "Total Cost": 240018.03,
                                    "Plan Rows": 31509,
                                    "Plan Width": 0,
                                    "Actual Startup Time": 305.061,
                                    "Actual Total Time": 1085.879,
                                    "Actual Rows": 43143,
                                    "Actual Loops": 5,
                                    "Inner Unique": false,
                                    "Workers": [
                                        {
                                            "Worker Number": 0,
                                            "Actual Startup Time": 286.636,
                                            "Actual Total Time": 1024.917,
                                            "Actual Rows": 40504,
                                            "Actual Loops": 1
                                        },
                                        {
                                            "Worker Number": 1,
                                            "Actual Startup Time": 284.932,
                                            "Actual Total Time": 1059.853,
                                            "Actual Rows": 40001,
                                            "Actual Loops": 1
                                        },
                                        {
                                            "Worker Number": 2,
                                            "Actual Startup Time": 286.903,
                                            "Actual Total Time": 1027.792,
                                            "Actual Rows": 40367,
                                            "Actual Loops": 1
                                        },
                                        {
                                            "Worker Number": 3,
                                            "Actual Startup Time": 371.334,
                                            "Actual Total Time": 1137.53,
                                            "Actual Rows": 27880,
                                            "Actual Loops": 1
                                        }
                                    ],
                                    "Plans": [
                                        {
                                            "Node Type": "Merge Join",
                                            "Parent Relationship": "Outer",
                                            "Parallel Aware": false,
                                            "Join Type": "Inner",
                                            "Startup Cost": 123414.6,
                                            "Total Cost": 126839.92,
                                            "Plan Rows": 30152,
                                            "Plan Width": 8,
                                            "Actual Startup Time": 304.847,
                                            "Actual Total Time": 389.281,
                                            "Actual Rows": 16840,
                                            "Actual Loops": 5,
                                            "Output": [
                                                "t.id",
                                                "mi_idx.movie_id"
                                            ],
                                            "Inner Unique": false,
                                            "Merge Cond": "(t.id = mi_idx.movie_id)",
                                            "Workers": [
                                                {
                                                    "Worker Number": 0,
                                                    "Actual Startup Time": 286.096,
                                                    "Actual Total Time": 361.714,
                                                    "Actual Rows": 15699,
                                                    "Actual Loops": 1
                                                },
                                                {
                                                    "Worker Number": 1,
                                                    "Actual Startup Time": 284.784,
                                                    "Actual Total Time": 362.492,
                                                    "Actual Rows": 15784,
                                                    "Actual Loops": 1
                                                },
                                                {
                                                    "Worker Number": 2,
                                                    "Actual Startup Time": 286.83,
                                                    "Actual Total Time": 362.576,
                                                    "Actual Rows": 15882,
                                                    "Actual Loops": 1
                                                },
                                                {
                                                    "Worker Number": 3,
                                                    "Actual Startup Time": 371.109,
                                                    "Actual Total Time": 469.591,
                                                    "Actual Rows": 10888,
                                                    "Actual Loops": 1
                                                }
                                            ],
                                            "Plans": [
                                                {
                                                    "Node Type": "Sort",
                                                    "Parent Relationship": "Outer",
                                                    "Parallel Aware": false,
                                                    "Startup Cost": 58307.67,
                                                    "Total Cost": 58723.09,
                                                    "Plan Rows": 166168,
                                                    "Plan Width": 4,
                                                    "Actual Startup Time": 117.146,
                                                    "Actual Total Time": 138.174,
                                                    "Actual Rows": 132372,
                                                    "Actual Loops": 5,
                                                    "Output": [
                                                        "t.id"
                                                    ],
                                                    "Sort Key": [
                                                        "t.id"
                                                    ],
                                                    "Sort Method": "quicksort",
                                                    "Sort Space Used": 16259,
                                                    "Sort Space Type": "Memory",
                                                    "Workers": [
                                                        {
                                                            "Worker Number": 0,
                                                            "Actual Startup Time": 111.85,
                                                            "Actual Total Time": 130.687,
                                                            "Actual Rows": 120994,
                                                            "Actual Loops": 1
                                                        },
                                                        {
                                                            "Worker Number": 1,
                                                            "Actual Startup Time": 111.775,
                                                            "Actual Total Time": 130.449,
                                                            "Actual Rows": 118075,
                                                            "Actual Loops": 1
                                                        },
                                                        {
                                                            "Worker Number": 2,
                                                            "Actual Startup Time": 112.696,
                                                            "Actual Total Time": 131.602,
                                                            "Actual Rows": 121732,
                                                            "Actual Loops": 1
                                                        },
                                                        {
                                                            "Worker Number": 3,
                                                            "Actual Startup Time": 114.078,
                                                            "Actual Total Time": 130.367,
                                                            "Actual Rows": 85358,
                                                            "Actual Loops": 1
                                                        }
                                                    ],
                                                    "Plans": [
                                                        {
                                                            "Node Type": "Seq Scan",
                                                            "Parent Relationship": "Outer",
                                                            "Parallel Aware": true,
                                                            "Relation Name": "title",
                                                            "Schema": "public",
                                                            "Alias": "t",
                                                            "Startup Cost": 0.0,
                                                            "Total Cost": 43899.01,
                                                            "Plan Rows": 166168,
                                                            "Plan Width": 4,
                                                            "Actual Startup Time": 0.046,
                                                            "Actual Total Time": 81.388,
                                                            "Actual Rows": 132413,
                                                            "Actual Loops": 5,
                                                            "Output": [
                                                                "t.id"
                                                            ],
                                                            "Filter": "(t.production_year > 2008)",
                                                            "Rows Removed by Filter": 373249,
                                                            "Workers": [
                                                                {
                                                                    "Worker Number": 0,
                                                                    "Actual Startup Time": 0.056,
                                                                    "Actual Total Time": 80.843,
                                                                    "Actual Rows": 121041,
                                                                    "Actual Loops": 1
                                                                },
                                                                {
                                                                    "Worker Number": 1,
                                                                    "Actual Startup Time": 0.054,
                                                                    "Actual Total Time": 81.129,
                                                                    "Actual Rows": 118099,
                                                                    "Actual Loops": 1
                                                                },
                                                                {
                                                                    "Worker Number": 2,
                                                                    "Actual Startup Time": 0.054,
                                                                    "Actual Total Time": 81.216,
                                                                    "Actual Rows": 121749,
                                                                    "Actual Loops": 1
                                                                },
                                                                {
                                                                    "Worker Number": 3,
                                                                    "Actual Startup Time": 0.056,
                                                                    "Actual Total Time": 81.577,
                                                                    "Actual Rows": 85399,
                                                                    "Actual Loops": 1
                                                                }
                                                            ]
                                                        }
                                                    ]
                                                },
                                                {
                                                    "Node Type": "Sort",
                                                    "Parent Relationship": "Inner",
                                                    "Parallel Aware": false,
                                                    "Startup Cost": 65106.9,
                                                    "Total Cost": 66253.83,
                                                    "Plan Rows": 458770,
                                                    "Plan Width": 4,
                                                    "Actual Startup Time": 187.688,
                                                    "Actual Total Time": 209.02,
                                                    "Actual Rows": 460185,
                                                    "Actual Loops": 5,
                                                    "Output": [
                                                        "mi_idx.movie_id"
                                                    ],
                                                    "Sort Key": [
                                                        "mi_idx.movie_id"
                                                    ],
                                                    "Sort Method": "quicksort",
                                                    "Sort Space Used": 33860,
                                                    "Sort Space Type": "Memory",
                                                    "Workers": [
                                                        {
                                                            "Worker Number": 0,
                                                            "Actual Startup Time": 174.232,
                                                            "Actual Total Time": 193.211,
                                                            "Actual Rows": 460185,
                                                            "Actual Loops": 1
                                                        },
                                                        {
                                                            "Worker Number": 1,
                                                            "Actual Startup Time": 172.996,
                                                            "Actual Total Time": 194.503,
                                                            "Actual Rows": 460185,
                                                            "Actual Loops": 1
                                                        },
                                                        {
                                                            "Worker Number": 2,
                                                            "Actual Startup Time": 174.126,
                                                            "Actual Total Time": 193.052,
                                                            "Actual Rows": 460185,
                                                            "Actual Loops": 1
                                                        },
                                                        {
                                                            "Worker Number": 3,
                                                            "Actual Startup Time": 257.018,
                                                            "Actual Total Time": 285.687,
                                                            "Actual Rows": 460185,
                                                            "Actual Loops": 1
                                                        }
                                                    ],
                                                    "Plans": [
                                                        {
                                                            "Node Type": "Bitmap Heap Scan",
                                                            "Parent Relationship": "Outer",
                                                            "Parallel Aware": false,
                                                            "Relation Name": "movie_info_idx",
                                                            "Schema": "public",
                                                            "Alias": "mi_idx",
                                                            "Startup Cost": 8295.89,
                                                            "Total Cost": 21965.52,
                                                            "Plan Rows": 458770,
                                                            "Plan Width": 4,
                                                            "Actual Startup Time": 24.545,
                                                            "Actual Total Time": 88.334,
                                                            "Actual Rows": 460185,
                                                            "Actual Loops": 5,
                                                            "Output": [
                                                                "mi_idx.movie_id"
                                                            ],
                                                            "Recheck Cond": "(mi_idx.info_type_id > 100)",
                                                            "Rows Removed by Index Recheck": 0,
                                                            "Exact Heap Blocks": 7935,
                                                            "Lossy Heap Blocks": 0,
                                                            "Workers": [
                                                                {
                                                                    "Worker Number": 0,
                                                                    "Actual Startup Time": 26.23,
                                                                    "Actual Total Time": 86.073,
                                                                    "Actual Rows": 460185,
                                                                    "Actual Loops": 1
                                                                },
                                                                {
                                                                    "Worker Number": 1,
                                                                    "Actual Startup Time": 26.628,
                                                                    "Actual Total Time": 84.48,
                                                                    "Actual Rows": 460185,
                                                                    "Actual Loops": 1
                                                                },
                                                                {
                                                                    "Worker Number": 2,
                                                                    "Actual Startup Time": 26.108,
                                                                    "Actual Total Time": 85.723,
                                                                    "Actual Rows": 460185,
                                                                    "Actual Loops": 1
                                                                },
                                                                {
                                                                    "Worker Number": 3,
                                                                    "Actual Startup Time": 29.025,
                                                                    "Actual Total Time": 118.199,
                                                                    "Actual Rows": 460185,
                                                                    "Actual Loops": 1
                                                                }
                                                            ],
                                                            "Plans": [
                                                                {
                                                                    "Node Type": "Bitmap Index Scan",
                                                                    "Parent Relationship": "Outer",
                                                                    "Parallel Aware": false,
                                                                    "Index Name": "info_type_id_movie_info_idx",
                                                                    "Startup Cost": 0.0,
                                                                    "Total Cost": 8181.2,
                                                                    "Plan Rows": 458770,
                                                                    "Plan Width": 0,
                                                                    "Actual Startup Time": 23.49,
                                                                    "Actual Total Time": 23.49,
                                                                    "Actual Rows": 460185,
                                                                    "Actual Loops": 5,
                                                                    "Index Cond": "(mi_idx.info_type_id > 100)",
                                                                    "Workers": [
                                                                        {
                                                                            "Worker Number": 0,
                                                                            "Actual Startup Time": 25.289,
                                                                            "Actual Total Time": 25.29,
                                                                            "Actual Rows": 460185,
                                                                            "Actual Loops": 1
                                                                        },
                                                                        {
                                                                            "Worker Number": 1,
                                                                            "Actual Startup Time": 25.686,
                                                                            "Actual Total Time": 25.687,
                                                                            "Actual Rows": 460185,
                                                                            "Actual Loops": 1
                                                                        },
                                                                        {
                                                                            "Worker Number": 2,
                                                                            "Actual Startup Time": 25.165,
                                                                            "Actual Total Time": 25.165,
                                                                            "Actual Rows": 460185,
                                                                            "Actual Loops": 1
                                                                        },
                                                                        {
                                                                            "Worker Number": 3,
                                                                            "Actual Startup Time": 27.508,
                                                                            "Actual Total Time": 27.508,
                                                                            "Actual Rows": 460185,
                                                                            "Actual Loops": 1
                                                                        }
                                                                    ]
                                                                }
                                                            ]
                                                        }
                                                    ]
                                                }
                                            ]
                                        },
                                        {
                                            "Node Type": "Index Scan",
                                            "Parent Relationship": "Inner",
                                            "Parallel Aware": false,
                                            "Scan Direction": "Forward",
                                            "Index Name": "movie_id_cast_info",
                                            "Relation Name": "cast_info",
                                            "Schema": "public",
                                            "Alias": "ci",
                                            "Startup Cost": 0.56,
                                            "Total Cost": 3.72,
                                            "Plan Rows": 3,
                                            "Plan Width": 4,
                                            "Actual Startup Time": 0.012,
                                            "Actual Total Time": 0.041,
                                            "Actual Rows": 3,
                                            "Actual Loops": 84201,
                                            "Output": [
                                                "ci.id",
                                                "ci.person_id",
                                                "ci.movie_id",
                                                "ci.person_role_id",
                                                "ci.note",
                                                "ci.nr_order",
                                                "ci.role_id"
                                            ],
                                            "Index Cond": "(ci.movie_id = t.id)",
                                            "Rows Removed by Index Recheck": 0,
                                            "Filter": "((ci.person_id < 383261) AND (ci.role_id < 4))",
                                            "Rows Removed by Filter": 31,
                                            "Workers": [
                                                {
                                                    "Worker Number": 0,
                                                    "Actual Startup Time": 0.013,
                                                    "Actual Total Time": 0.042,
                                                    "Actual Rows": 3,
                                                    "Actual Loops": 15699
                                                },
                                                {
                                                    "Worker Number": 1,
                                                    "Actual Startup Time": 0.014,
                                                    "Actual Total Time": 0.044,
                                                    "Actual Rows": 3,
                                                    "Actual Loops": 15784
                                                },
                                                {
                                                    "Worker Number": 2,
                                                    "Actual Startup Time": 0.013,
                                                    "Actual Total Time": 0.041,
                                                    "Actual Rows": 3,
                                                    "Actual Loops": 15882
                                                },
                                                {
                                                    "Worker Number": 3,
                                                    "Actual Startup Time": 0.019,
                                                    "Actual Total Time": 0.06,
                                                    "Actual Rows": 3,
                                                    "Actual Loops": 10888
                                                }
                                            ]
                                        }
                                    ]
                                }
                            ]
                        }
                    ]
                }
            ]
        },
        "Planning Time": 208.951,
        "Triggers": [],
        "Execution Time": 1220.143
    }
]