{
  "Plan": {
    "Node Type": "Aggregate",
    "Strategy": "Plain",
    "Partial Mode": "Finalize",
    "Parallel Aware": false,
    "Startup Cost": 963806.69,
    "Total Cost": 963806.7,
    "Plan Rows": 1,
    "Plan Width": 8,
    "Actual Startup Time": 6410.392,
    "Actual Total Time": 6510.717,
    "Actual Rows": 1,
    "Actual Loops": 1,
    "Plans": [
      {
        "Node Type": "Gather",
        "Parent Relationship": "Outer",
        "Parallel Aware": false,
        "Startup Cost": 963806.57,
        "Total Cost": 963806.68,
        "Plan Rows": 1,
        "Plan Width": 8,
        "Actual Startup Time": 6406.845,
        "Actual Total Time": 6510.708,
        "Actual Rows": 2,
        "Actual Loops": 1,
        "Workers Planned": 1,
        "Workers Launched": 1,
        "Single Copy": false,
        "Plans": [
          {
            "Node Type": "Aggregate",
            "Strategy": "Plain",
            "Partial Mode": "Partial",
            "Parent Relationship": "Outer",
            "Parallel Aware": false,
            "Startup Cost": 962806.57,
            "Total Cost": 962806.58,
            "Plan Rows": 1,
            "Plan Width": 8,
            "Actual Startup Time": 6399.445,
            "Actual Total Time": 6399.452,
            "Actual Rows": 1,
            "Actual Loops": 2,
            "Plans": [
              {
                "Node Type": "Hash Join",
                "Parent Relationship": "Outer",
                "Parallel Aware": true,
                "Join Type": "Inner",
                "Startup Cost": 602770.83,
                "Total Cost": 955613.71,
                "Plan Rows": 2877146,
                "Plan Width": 0,
                "Actual Startup Time": 3320.86,
                "Actual Total Time": 6124.417,
                "Actual Rows": 6984722,
                "Actual Loops": 2,
                "Inner Unique": false,
                "Hash Cond": "(mi.movie_id = t.id)",
                "Plans": [
                  {
                    "Node Type": "Seq Scan",
                    "Parent Relationship": "Outer",
                    "Parallel Aware": true,
                    "Relation Name": "movie_info",
                    "Alias": "mi",
                    "Startup Cost": 0.0,
                    "Total Cost": 248955.74,
                    "Plan Rows": 8696274,
                    "Plan Width": 4,
                    "Actual Startup Time": 0.016,
                    "Actual Total Time": 617.819,
                    "Actual Rows": 7417860,
                    "Actual Loops": 2
                  },
                  {
                    "Node Type": "Hash",
                    "Parent Relationship": "Inner",
                    "Parallel Aware": true,
                    "Startup Cost": 596620.23,
                    "Total Cost": 596620.23,
                    "Plan Rows": 492048,
                    "Plan Width": 8,
                    "Actual Startup Time": 3274.033,
                    "Actual Total Time": 3274.038,
                    "Actual Rows": 629583,
                    "Actual Loops": 2,
                    "Hash Buckets": 2097152,
                    "Original Hash Buckets": 1048576,
                    "Hash Batches": 1,
                    "Original Hash Batches": 1,
                    "Peak Memory Usage": 73856,
                    "Plans": [
                      {
                        "Node Type": "Hash Join",
                        "Parent Relationship": "Outer",
                        "Parallel Aware": true,
                        "Join Type": "Inner",
                        "Startup Cost": 39373.47,
                        "Total Cost": 596620.23,
                        "Plan Rows": 492048,
                        "Plan Width": 8,
                        "Actual Startup Time": 58.524,
                        "Actual Total Time": 3069.273,
                        "Actual Rows": 629583,
                        "Actual Loops": 2,
                        "Inner Unique": true,
                        "Hash Cond": "(ci.movie_id = t.id)",
                        "Plans": [
                          {
                            "Node Type": "Seq Scan",
                            "Parent Relationship": "Outer",
                            "Parallel Aware": true,
                            "Relation Name": "cast_info",
                            "Alias": "ci",
                            "Startup Cost": 0.0,
                            "Total Cost": 519069.44,
                            "Plan Rows": 14543716,
                            "Plan Width": 4,
                            "Actual Startup Time": 0.014,
                            "Actual Total Time": 1541.187,
                            "Actual Rows": 12403752,
                            "Actual Loops": 2,
                            "Filter": "(person_id < 2554940)",
                            "Rows Removed by Filter": 5718420
                          },
                          {
                            "Node Type": "Hash",
                            "Parent Relationship": "Inner",
                            "Parallel Aware": true,
                            "Startup Cost": 38744.52,
                            "Total Cost": 38744.52,
                            "Plan Rows": 50316,
                            "Plan Width": 4,
                            "Actual Startup Time": 57.671,
                            "Actual Total Time": 57.673,
                            "Actual Rows": 45034,
                            "Actual Loops": 2,
                            "Hash Buckets": 131072,
                            "Original Hash Buckets": 131072,
                            "Hash Batches": 1,
                            "Original Hash Batches": 1,
                            "Peak Memory Usage": 4576,
                            "Plans": [
                              {
                                "Node Type": "Bitmap Heap Scan",
                                "Parent Relationship": "Outer",
                                "Parallel Aware": true,
                                "Relation Name": "title",
                                "Alias": "t",
                                "Startup Cost": 1844.52,
                                "Total Cost": 38744.52,
                                "Plan Rows": 50316,
                                "Plan Width": 4,
                                "Actual Startup Time": 12.065,
                                "Actual Total Time": 46.829,
                                "Actual Rows": 45034,
                                "Actual Loops": 2,
                                "Recheck Cond": "(kind_id = 3)",
                                "Rows Removed by Index Recheck": 0,
                                "Filter": "(production_year > 1968)",
                                "Rows Removed by Filter": 5235,
                                "Exact Heap Blocks": 10501,
                                "Lossy Heap Blocks": 0,
                                "Plans": [
                                  {
                                    "Node Type": "Bitmap Index Scan",
                                    "Parent Relationship": "Outer",
                                    "Parallel Aware": false,
                                    "Index Name": "kind_id_title",
                                    "Startup Cost": 0.0,
                                    "Total Cost": 1823.13,
                                    "Plan Rows": 102227,
                                    "Plan Width": 0,
                                    "Actual Startup Time": 9.102,
                                    "Actual Total Time": 9.102,
                                    "Actual Rows": 100537,
                                    "Actual Loops": 1,
                                    "Index Cond": "(kind_id = 3)"
                                  }
                                ]
                              }
                            ]
                          }
                        ]
                      }
                    ]
                  }
                ]
              }
            ]
          }
        ]
      }
    ]
  },
  "Planning Time": 0.95,
  "Triggers": [],
  "Execution Time": 6510.842
}