[
  {
    "Plan": {
      "Node Type": "Aggregate",
      "Strategy": "Plain",
      "Partial Mode": "Finalize",
      "Parallel Aware": false,
      "Startup Cost": 41614.76,
      "Total Cost": 41614.77,
      "Plan Rows": 1,
      "Plan Width": 8,
      "Actual Startup Time": 148.821,
      "Actual Total Time": 156.922,
      "Actual Rows": 1,
      "Actual Loops": 1,
      "Plans": [
        {
          "Node Type": "Gather",
          "Parent Relationship": "Outer",
          "Parallel Aware": false,
          "Startup Cost": 41614.44,
          "Total Cost": 41614.75,
          "Plan Rows": 3,
          "Plan Width": 8,
          "Actual Startup Time": 148.329,
          "Actual Total Time": 156.909,
          "Actual Rows": 4,
          "Actual Loops": 1,
          "Workers Planned": 3,
          "Workers Launched": 3,
          "Single Copy": false,
          "Plans": [
            {
              "Node Type": "Aggregate",
              "Strategy": "Plain",
              "Partial Mode": "Partial",
              "Parent Relationship": "Outer",
              "Parallel Aware": false,
              "Startup Cost": 40614.44,
              "Total Cost": 40614.45,
              "Plan Rows": 1,
              "Plan Width": 8,
              "Actual Startup Time": 143.963,
              "Actual Total Time": 143.97,
              "Actual Rows": 1,
              "Actual Loops": 4,
              "Plans": [
                {
                  "Node Type": "Bitmap Heap Scan",
                  "Parent Relationship": "Outer",
                  "Parallel Aware": true,
                  "Relation Name": "movie_keyword",
                  "Alias": "mk",
                  "Startup Cost": 13159.28,
                  "Total Cost": 40114.25,
                  "Plan Rows": 200077,
                  "Plan Width": 0,
                  "Actual Startup Time": 43.659,
                  "Actual Total Time": 133.706,
                  "Actual Rows": 157387,
                  "Actual Loops": 4,
                  "Recheck Cond": "(keyword_id < 491)",
                  "Rows Removed by Index Recheck": 0,
                  "Exact Heap Blocks": 9457,
                  "Lossy Heap Blocks": 0,
                  "Plans": [
                    {
                      "Node Type": "Bitmap Index Scan",
                      "Parent Relationship": "Outer",
                      "Parallel Aware": false,
                      "Index Name": "keyword_id_movie_keyword",
                      "Startup Cost": 0.0,
                      "Total Cost": 13004.23,
                      "Plan Rows": 620239,
                      "Plan Width": 0,
                      "Actual Startup Time": 43.235,
                      "Actual Total Time": 43.235,
                      "Actual Rows": 629547,
                      "Actual Loops": 1,
                      "Index Cond": "(keyword_id < 491)"
                    }
                  ]
                }
              ]
            }
          ]
        }
      ]
    },
    "Planning Time": 0.133,
    "Triggers": [],
    "Execution Time": 156.972
  }
]