{
  "Plan": {
    "Node Type": "Aggregate",
    "Strategy": "Plain",
    "Partial Mode": "Finalize",
    "Parallel Aware": false,
    "Startup Cost": 84121.8,
    "Total Cost": 84121.81,
    "Plan Rows": 1,
    "Plan Width": 8,
    "Actual Startup Time": 61.646,
    "Actual Total Time": 66.336,
    "Actual Rows": 1,
    "Actual Loops": 1,
    "Plans": [
      {
        "Node Type": "Gather",
        "Parent Relationship": "Outer",
        "Parallel Aware": false,
        "Startup Cost": 84121.69,
        "Total Cost": 84121.8,
        "Plan Rows": 1,
        "Plan Width": 8,
        "Actual Startup Time": 61.504,
        "Actual Total Time": 66.33,
        "Actual Rows": 2,
        "Actual Loops": 1,
        "Workers Planned": 1,
        "Workers Launched": 1,
        "Single Copy": false,
        "Plans": [
          {
            "Node Type": "Aggregate",
            "Strategy": "Plain",
            "Partial Mode": "Partial",
            "Parent Relationship": "Outer",
            "Parallel Aware": false,
            "Startup Cost": 83121.69,
            "Total Cost": 83121.7,
            "Plan Rows": 1,
            "Plan Width": 8,
            "Actual Startup Time": 55.337,
            "Actual Total Time": 55.341,
            "Actual Rows": 1,
            "Actual Loops": 2,
            "Plans": [
              {
                "Node Type": "Nested Loop",
                "Parent Relationship": "Outer",
                "Parallel Aware": false,
                "Join Type": "Inner",
                "Startup Cost": 39045.72,
                "Total Cost": 83120.62,
                "Plan Rows": 430,
                "Plan Width": 0,
                "Actual Startup Time": 53.248,
                "Actual Total Time": 55.331,
                "Actual Rows": 18,
                "Actual Loops": 2,
                "Inner Unique": false,
                "Join Filter": "(t.id = ci.movie_id)",
                "Rows Removed by Join Filter": 0,
                "Plans": [
                  {
                    "Node Type": "Hash Join",
                    "Parent Relationship": "Outer",
                    "Parallel Aware": true,
                    "Join Type": "Inner",
                    "Startup Cost": 39045.15,
                    "Total Cost": 80758.88,
                    "Plan Rows": 30,
                    "Plan Width": 8,
                    "Actual Startup Time": 53.165,
                    "Actual Total Time": 55.122,
                    "Actual Rows": 2,
                    "Actual Loops": 2,
                    "Inner Unique": true,
                    "Hash Cond": "(mi.movie_id = t.id)",
                    "Plans": [
                      {
                        "Node Type": "Bitmap Heap Scan",
                        "Parent Relationship": "Outer",
                        "Parallel Aware": true,
                        "Relation Name": "movie_info",
                        "Alias": "mi",
                        "Startup Cost": 251.37,
                        "Total Cost": 41943.79,
                        "Plan Rows": 8116,
                        "Plan Width": 4,
                        "Actual Startup Time": 1.419,
                        "Actual Total Time": 3.356,
                        "Actual Rows": 9102,
                        "Actual Loops": 2,
                        "Recheck Cond": "(info_type_id = 11)",
                        "Rows Removed by Index Recheck": 0,
                        "Exact Heap Blocks": 458,
                        "Lossy Heap Blocks": 0,
                        "Plans": [
                          {
                            "Node Type": "Bitmap Index Scan",
                            "Parent Relationship": "Outer",
                            "Parallel Aware": false,
                            "Index Name": "info_type_id_movie_info",
                            "Startup Cost": 0.0,
                            "Total Cost": 247.92,
                            "Plan Rows": 13798,
                            "Plan Width": 0,
                            "Actual Startup Time": 1.267,
                            "Actual Total Time": 1.268,
                            "Actual Rows": 18205,
                            "Actual Loops": 1,
                            "Index Cond": "(info_type_id = 11)"
                          }
                        ]
                      },
                      {
                        "Node Type": "Hash",
                        "Parent Relationship": "Inner",
                        "Parallel Aware": true,
                        "Startup Cost": 38725.46,
                        "Total Cost": 38725.46,
                        "Plan Rows": 5466,
                        "Plan Width": 4,
                        "Actual Startup Time": 49.722,
                        "Actual Total Time": 49.723,
                        "Actual Rows": 2348,
                        "Actual Loops": 2,
                        "Hash Buckets": 16384,
                        "Original Hash Buckets": 16384,
                        "Hash Batches": 1,
                        "Original Hash Batches": 1,
                        "Peak Memory Usage": 352,
                        "Plans": [
                          {
                            "Node Type": "Bitmap Heap Scan",
                            "Parent Relationship": "Outer",
                            "Parallel Aware": true,
                            "Relation Name": "title",
                            "Alias": "t",
                            "Startup Cost": 1825.46,
                            "Total Cost": 38725.46,
                            "Plan Rows": 5466,
                            "Plan Width": 4,
                            "Actual Startup Time": 14.42,
                            "Actual Total Time": 48.749,
                            "Actual Rows": 2348,
                            "Actual Loops": 2,
                            "Recheck Cond": "(kind_id = 3)",
                            "Rows Removed by Index Recheck": 0,
                            "Filter": "(production_year > 2011)",
                            "Rows Removed by Filter": 47920,
                            "Exact Heap Blocks": 11097,
                            "Lossy Heap Blocks": 0,
                            "Plans": [
                              {
                                "Node Type": "Bitmap Index Scan",
                                "Parent Relationship": "Outer",
                                "Parallel Aware": false,
                                "Index Name": "kind_id_title",
                                "Startup Cost": 0.0,
                                "Total Cost": 1823.13,
                                "Plan Rows": 102227,
                                "Plan Width": 0,
                                "Actual Startup Time": 14.38,
                                "Actual Total Time": 14.38,
                                "Actual Rows": 100537,
                                "Actual Loops": 1,
                                "Index Cond": "(kind_id = 3)"
                              }
                            ]
                          }
                        ]
                      }
                    ]
                  },
                  {
                    "Node Type": "Index Only Scan",
                    "Parent Relationship": "Inner",
                    "Parallel Aware": false,
                    "Scan Direction": "Forward",
                    "Index Name": "movie_id_cast_info",
                    "Relation Name": "cast_info",
                    "Alias": "ci",
                    "Startup Cost": 0.56,
                    "Total Cost": 78.26,
                    "Plan Rows": 37,
                    "Plan Width": 4,
                    "Actual Startup Time": 0.056,
                    "Actual Total Time": 0.132,
                    "Actual Rows": 12,
                    "Actual Loops": 3,
                    "Index Cond": "(movie_id = mi.movie_id)",
                    "Rows Removed by Index Recheck": 0,
                    "Heap Fetches": 36
                  }
                ]
              }
            ]
          }
        ]
      }
    ]
  },
  "Planning Time": 0.998,
  "Triggers": [],
  "Execution Time": 66.451
}