[
    {
        "Bao": {
            "Bao prediction": "NaN",
            "Bao recommended hint": "(no hint)"
        }
    },
    {
        "Plan": {
            "Node Type": "Aggregate",
            "Strategy": "Plain",
            "Partial Mode": "Finalize",
            "Parallel Aware": false,
            "Startup Cost": 28128.51,
            "Total Cost": 28128.52,
            "Plan Rows": 1,
            "Plan Width": 8,
            "Actual Startup Time": 57.175,
            "Actual Total Time": 60.866,
            "Actual Rows": 1,
            "Actual Loops": 1,
            "Output": [
                "count(*)"
            ],
            "Plans": [
                {
                    "Node Type": "Gather",
                    "Parent Relationship": "Outer",
                    "Parallel Aware": false,
                    "Startup Cost": 28128.19,
                    "Total Cost": 28128.5,
                    "Plan Rows": 3,
                    "Plan Width": 8,
                    "Actual Startup Time": 57.028,
                    "Actual Total Time": 60.859,
                    "Actual Rows": 4,
                    "Actual Loops": 1,
                    "Output": [
                        "(PARTIAL count(*))"
                    ],
                    "Workers Planned": 3,
                    "Workers Launched": 3,
                    "Single Copy": false,
                    "Plans": [
                        {
                            "Node Type": "Aggregate",
                            "Strategy": "Plain",
                            "Partial Mode": "Partial",
                            "Parent Relationship": "Outer",
                            "Parallel Aware": false,
                            "Startup Cost": 27128.19,
                            "Total Cost": 27128.2,
                            "Plan Rows": 1,
                            "Plan Width": 8,
                            "Actual Startup Time": 47.131,
                            "Actual Total Time": 47.135,
                            "Actual Rows": 1,
                            "Actual Loops": 4,
                            "Output": [
                                "PARTIAL count(*)"
                            ],
                            "Workers": [
                                {
                                    "Worker Number": 0,
                                    "Actual Startup Time": 43.877,
                                    "Actual Total Time": 43.886,
                                    "Actual Rows": 1,
                                    "Actual Loops": 1
                                },
                                {
                                    "Worker Number": 1,
                                    "Actual Startup Time": 43.916,
                                    "Actual Total Time": 43.917,
                                    "Actual Rows": 1,
                                    "Actual Loops": 1
                                },
                                {
                                    "Worker Number": 2,
                                    "Actual Startup Time": 43.958,
                                    "Actual Total Time": 43.959,
                                    "Actual Rows": 1,
                                    "Actual Loops": 1
                                }
                            ],
                            "Plans": [
                                {
                                    "Node Type": "Bitmap Heap Scan",
                                    "Parent Relationship": "Outer",
                                    "Parallel Aware": true,
                                    "Relation Name": "movie_companies",
                                    "Schema": "public",
                                    "Alias": "mc",
                                    "Startup Cost": 6705.11,
                                    "Total Cost": 27000.29,
                                    "Plan Rows": 51159,
                                    "Plan Width": 0,
                                    "Actual Startup Time": 8.351,
                                    "Actual Total Time": 41.704,
                                    "Actual Rows": 77987,
                                    "Actual Loops": 4,
                                    "Recheck Cond": "(mc.company_id > 92396)",
                                    "Rows Removed by Index Recheck": 0,
                                    "Filter": "(mc.company_type_id = 2)",
                                    "Rows Removed by Filter": 0,
                                    "Exact Heap Blocks": 2571,
                                    "Lossy Heap Blocks": 0,
                                    "Workers": [
                                        {
                                            "Worker Number": 0,
                                            "Actual Startup Time": 5.13,
                                            "Actual Total Time": 38.96,
                                            "Actual Rows": 48217,
                                            "Actual Loops": 1
                                        },
                                        {
                                            "Worker Number": 1,
                                            "Actual Startup Time": 5.254,
                                            "Actual Total Time": 38.955,
                                            "Actual Rows": 46817,
                                            "Actual Loops": 1
                                        },
                                        {
                                            "Worker Number": 2,
                                            "Actual Startup Time": 5.216,
                                            "Actual Total Time": 38.943,
                                            "Actual Rows": 48696,
                                            "Actual Loops": 1
                                        }
                                    ],
                                    "Plans": [
                                        {
                                            "Node Type": "Bitmap Index Scan",
                                            "Parent Relationship": "Outer",
                                            "Parallel Aware": false,
                                            "Index Name": "company_id_movie_companies",
                                            "Startup Cost": 0.0,
                                            "Total Cost": 6665.46,
                                            "Plan Rows": 311071,
                                            "Plan Width": 0,
                                            "Actual Startup Time": 17.176,
                                            "Actual Total Time": 17.177,
                                            "Actual Rows": 311948,
                                            "Actual Loops": 1,
                                            "Index Cond": "(mc.company_id > 92396)"
                                        }
                                    ]
                                }
                            ]
                        }
                    ]
                }
            ]
        },
        "Planning Time": 209.989,
        "Triggers": [],
        "Execution Time": 60.924
    }
]