[
  {
    "Plan": {
      "Node Type": "Aggregate",
      "Strategy": "Plain",
      "Partial Mode": "Finalize",
      "Parallel Aware": false,
      "Startup Cost": 29293.69,
      "Total Cost": 29293.7,
      "Plan Rows": 1,
      "Plan Width": 8,
      "Actual Startup Time": 56.069,
      "Actual Total Time": 59.977,
      "Actual Rows": 1,
      "Actual Loops": 1,
      "Plans": [
        {
          "Node Type": "Gather",
          "Parent Relationship": "Outer",
          "Parallel Aware": false,
          "Startup Cost": 29293.37,
          "Total Cost": 29293.68,
          "Plan Rows": 3,
          "Plan Width": 8,
          "Actual Startup Time": 55.924,
          "Actual Total Time": 59.971,
          "Actual Rows": 4,
          "Actual Loops": 1,
          "Workers Planned": 3,
          "Workers Launched": 3,
          "Single Copy": false,
          "Plans": [
            {
              "Node Type": "Aggregate",
              "Strategy": "Plain",
              "Partial Mode": "Partial",
              "Parent Relationship": "Outer",
              "Parallel Aware": false,
              "Startup Cost": 28293.37,
              "Total Cost": 28293.38,
              "Plan Rows": 1,
              "Plan Width": 8,
              "Actual Startup Time": 51.405,
              "Actual Total Time": 51.406,
              "Actual Rows": 1,
              "Actual Loops": 4,
              "Plans": [
                {
                  "Node Type": "Bitmap Heap Scan",
                  "Parent Relationship": "Outer",
                  "Parallel Aware": true,
                  "Relation Name": "movie_companies",
                  "Alias": "mc",
                  "Startup Cost": 7641.34,
                  "Total Cost": 28147.22,
                  "Plan Rows": 58462,
                  "Plan Width": 0,
                  "Actual Startup Time": 12.868,
                  "Actual Total Time": 45.919,
                  "Actual Rows": 88514,
                  "Actual Loops": 4,
                  "Recheck Cond": "(company_id > 87847)",
                  "Rows Removed by Index Recheck": 0,
                  "Filter": "(company_type_id = 2)",
                  "Rows Removed by Filter": 0,
                  "Exact Heap Blocks": 2508,
                  "Lossy Heap Blocks": 0,
                  "Plans": [
                    {
                      "Node Type": "Bitmap Index Scan",
                      "Parent Relationship": "Outer",
                      "Parallel Aware": false,
                      "Index Name": "company_id_movie_companies",
                      "Startup Cost": 0.0,
                      "Total Cost": 7596.03,
                      "Plan Rows": 354614,
                      "Plan Width": 0,
                      "Actual Startup Time": 16.166,
                      "Actual Total Time": 16.166,
                      "Actual Rows": 354055,
                      "Actual Loops": 1,
                      "Index Cond": "(company_id > 87847)"
                    }
                  ]
                }
              ]
            }
          ]
        }
      ]
    },
    "Planning Time": 0.061,
    "Triggers": [],
    "Execution Time": 60.004
  }
]