[
  {
    "Plan": {
      "Node Type": "Aggregate",
      "Strategy": "Plain",
      "Partial Mode": "Finalize",
      "Parallel Aware": false,
      "Startup Cost": 246564.05,
      "Total Cost": 246564.06,
      "Plan Rows": 1,
      "Plan Width": 8,
      "Actual Startup Time": 292.623,
      "Actual Total Time": 312.247,
      "Actual Rows": 1,
      "Actual Loops": 1,
      "Plans": [
        {
          "Node Type": "Gather",
          "Parent Relationship": "Outer",
          "Parallel Aware": false,
          "Startup Cost": 246563.42,
          "Total Cost": 246564.03,
          "Plan Rows": 6,
          "Plan Width": 8,
          "Actual Startup Time": 290.196,
          "Actual Total Time": 312.235,
          "Actual Rows": 7,
          "Actual Loops": 1,
          "Workers Planned": 6,
          "Workers Launched": 6,
          "Single Copy": false,
          "Plans": [
            {
              "Node Type": "Aggregate",
              "Strategy": "Plain",
              "Partial Mode": "Partial",
              "Parent Relationship": "Outer",
              "Parallel Aware": false,
              "Startup Cost": 245563.42,
              "Total Cost": 245563.43,
              "Plan Rows": 1,
              "Plan Width": 8,
              "Actual Startup Time": 279.668,
              "Actual Total Time": 279.702,
              "Actual Rows": 1,
              "Actual Loops": 7,
              "Plans": [
                {
                  "Node Type": "Hash Join",
                  "Parent Relationship": "Outer",
                  "Parallel Aware": true,
                  "Join Type": "Inner",
                  "Startup Cost": 46247.36,
                  "Total Cost": 245441.55,
                  "Plan Rows": 48750,
                  "Plan Width": 0,
                  "Actual Startup Time": 140.369,
                  "Actual Total Time": 279.689,
                  "Actual Rows": 37,
                  "Actual Loops": 7,
                  "Inner Unique": true,
                  "Hash Cond": "(ci.movie_id = t.id)",
                  "Plans": [
                    {
                      "Node Type": "Index Scan",
                      "Parent Relationship": "Outer",
                      "Parallel Aware": true,
                      "Scan Direction": "Forward",
                      "Index Name": "role_id_cast_info",
                      "Relation Name": "cast_info",
                      "Alias": "ci",
                      "Startup Cost": 0.56,
                      "Total Cost": 197877.72,
                      "Plan Rows": 501723,
                      "Plan Width": 4,
                      "Actual Startup Time": 2.232,
                      "Actual Total Time": 178.701,
                      "Actual Rows": 380,
                      "Actual Loops": 7,
                      "Index Cond": "(role_id = 2)",
                      "Rows Removed by Index Recheck": 0,
                      "Filter": "(person_id < 1459803)",
                      "Rows Removed by Filter": 1064188
                    },
                    {
                      "Node Type": "Hash",
                      "Parent Relationship": "Inner",
                      "Parallel Aware": true,
                      "Startup Cost": 45479.1,
                      "Total Cost": 45479.1,
                      "Plan Rows": 61416,
                      "Plan Width": 4,
                      "Actual Startup Time": 98.635,
                      "Actual Total Time": 98.636,
                      "Actual Rows": 55702,
                      "Actual Loops": 7,
                      "Hash Buckets": 524288,
                      "Original Hash Buckets": 262144,
                      "Hash Batches": 1,
                      "Original Hash Batches": 1,
                      "Peak Memory Usage": 21536,
                      "Plans": [
                        {
                          "Node Type": "Seq Scan",
                          "Parent Relationship": "Outer",
                          "Parallel Aware": true,
                          "Relation Name": "title",
                          "Alias": "t",
                          "Startup Cost": 0.0,
                          "Total Cost": 45479.1,
                          "Plan Rows": 61416,
                          "Plan Width": 4,
                          "Actual Startup Time": 0.087,
                          "Actual Total Time": 72.725,
                          "Actual Rows": 55702,
                          "Actual Loops": 7,
                          "Filter": "((kind_id < 4) AND (production_year < 1992))",
                          "Rows Removed by Filter": 305485
                        }
                      ]
                    }
                  ]
                }
              ]
            }
          ]
        }
      ]
    },
    "Planning Time": 0.631,
    "Triggers": [],
    "Execution Time": 312.327
  }
]