[
  {
    "Plan": {
      "Node Type": "Aggregate",
      "Strategy": "Plain",
      "Partial Mode": "Finalize",
      "Parallel Aware": false,
      "Startup Cost": 79698.67,
      "Total Cost": 79698.68,
      "Plan Rows": 1,
      "Plan Width": 8,
      "Actual Startup Time": 246.972,
      "Actual Total Time": 263.822,
      "Actual Rows": 1,
      "Actual Loops": 1,
      "Plans": [
        {
          "Node Type": "Gather",
          "Parent Relationship": "Outer",
          "Parallel Aware": false,
          "Startup Cost": 79698.25,
          "Total Cost": 79698.66,
          "Plan Rows": 4,
          "Plan Width": 8,
          "Actual Startup Time": 245.936,
          "Actual Total Time": 263.815,
          "Actual Rows": 5,
          "Actual Loops": 1,
          "Workers Planned": 4,
          "Workers Launched": 4,
          "Single Copy": false,
          "Plans": [
            {
              "Node Type": "Aggregate",
              "Strategy": "Plain",
              "Partial Mode": "Partial",
              "Parent Relationship": "Outer",
              "Parallel Aware": false,
              "Startup Cost": 78698.25,
              "Total Cost": 78698.26,
              "Plan Rows": 1,
              "Plan Width": 8,
              "Actual Startup Time": 237.038,
              "Actual Total Time": 237.04,
              "Actual Rows": 1,
              "Actual Loops": 5,
              "Plans": [
                {
                  "Node Type": "Hash Join",
                  "Parent Relationship": "Outer",
                  "Parallel Aware": true,
                  "Join Type": "Inner",
                  "Startup Cost": 32746.43,
                  "Total Cost": 78491.85,
                  "Plan Rows": 82560,
                  "Plan Width": 0,
                  "Actual Startup Time": 87.371,
                  "Actual Total Time": 234.861,
                  "Actual Rows": 36473,
                  "Actual Loops": 5,
                  "Inner Unique": false,
                  "Hash Cond": "(t.id = mc.movie_id)",
                  "Plans": [
                    {
                      "Node Type": "Seq Scan",
                      "Parent Relationship": "Outer",
                      "Parallel Aware": true,
                      "Relation Name": "title",
                      "Alias": "t",
                      "Startup Cost": 0.0,
                      "Total Cost": 42318.73,
                      "Plan Rows": 632073,
                      "Plan Width": 4,
                      "Actual Startup Time": 0.013,
                      "Actual Total Time": 67.614,
                      "Actual Rows": 505662,
                      "Actual Loops": 5
                    },
                    {
                      "Node Type": "Hash",
                      "Parent Relationship": "Inner",
                      "Parallel Aware": true,
                      "Startup Cost": 31414.82,
                      "Total Cost": 31414.82,
                      "Plan Rows": 106529,
                      "Plan Width": 4,
                      "Actual Startup Time": 84.401,
                      "Actual Total Time": 84.402,
                      "Actual Rows": 36473,
                      "Actual Loops": 5,
                      "Hash Buckets": 524288,
                      "Original Hash Buckets": 524288,
                      "Hash Batches": 1,
                      "Original Hash Batches": 1,
                      "Peak Memory Usage": 11296,
                      "Plans": [
                        {
                          "Node Type": "Seq Scan",
                          "Parent Relationship": "Outer",
                          "Parallel Aware": true,
                          "Relation Name": "movie_companies",
                          "Alias": "mc",
                          "Startup Cost": 0.0,
                          "Total Cost": 31414.82,
                          "Plan Rows": 106529,
                          "Plan Width": 4,
                          "Actual Startup Time": 45.917,
                          "Actual Total Time": 71.489,
                          "Actual Rows": 36473,
                          "Actual Loops": 5,
                          "Filter": "((company_id < 874) AND (company_type_id > 1))",
                          "Rows Removed by Filter": 485353
                        }
                      ]
                    }
                  ]
                }
              ]
            }
          ]
        }
      ]
    },
    "Planning Time": 0.628,
    "Triggers": [],
    "Execution Time": 263.89
  }
]