[
  {
    "Plan": {
      "Node Type": "Aggregate",
      "Strategy": "Plain",
      "Partial Mode": "Finalize",
      "Parallel Aware": false,
      "Startup Cost": 79504.55,
      "Total Cost": 79504.56,
      "Plan Rows": 1,
      "Plan Width": 8,
      "Actual Startup Time": 195.664,
      "Actual Total Time": 215.126,
      "Actual Rows": 1,
      "Actual Loops": 1,
      "Plans": [
        {
          "Node Type": "Gather",
          "Parent Relationship": "Outer",
          "Parallel Aware": false,
          "Startup Cost": 79504.13,
          "Total Cost": 79504.54,
          "Plan Rows": 4,
          "Plan Width": 8,
          "Actual Startup Time": 195.221,
          "Actual Total Time": 215.117,
          "Actual Rows": 5,
          "Actual Loops": 1,
          "Workers Planned": 4,
          "Workers Launched": 4,
          "Single Copy": false,
          "Plans": [
            {
              "Node Type": "Aggregate",
              "Strategy": "Plain",
              "Partial Mode": "Partial",
              "Parent Relationship": "Outer",
              "Parallel Aware": false,
              "Startup Cost": 78504.13,
              "Total Cost": 78504.14,
              "Plan Rows": 1,
              "Plan Width": 8,
              "Actual Startup Time": 186.094,
              "Actual Total Time": 186.097,
              "Actual Rows": 1,
              "Actual Loops": 5,
              "Plans": [
                {
                  "Node Type": "Hash Join",
                  "Parent Relationship": "Outer",
                  "Parallel Aware": true,
                  "Join Type": "Inner",
                  "Startup Cost": 32603.17,
                  "Total Cost": 78319.94,
                  "Plan Rows": 73678,
                  "Plan Width": 0,
                  "Actual Startup Time": 153.99,
                  "Actual Total Time": 185.993,
                  "Actual Rows": 1491,
                  "Actual Loops": 5,
                  "Inner Unique": false,
                  "Hash Cond": "(t.id = mc.movie_id)",
                  "Plans": [
                    {
                      "Node Type": "Seq Scan",
                      "Parent Relationship": "Outer",
                      "Parallel Aware": true,
                      "Relation Name": "title",
                      "Alias": "t",
                      "Startup Cost": 0.0,
                      "Total Cost": 42318.73,
                      "Plan Rows": 632073,
                      "Plan Width": 4,
                      "Actual Startup Time": 0.01,
                      "Actual Total Time": 64.542,
                      "Actual Rows": 505662,
                      "Actual Loops": 5
                    },
                    {
                      "Node Type": "Hash",
                      "Parent Relationship": "Inner",
                      "Parallel Aware": true,
                      "Startup Cost": 31414.82,
                      "Total Cost": 31414.82,
                      "Plan Rows": 95068,
                      "Plan Width": 4,
                      "Actual Startup Time": 67.164,
                      "Actual Total Time": 67.166,
                      "Actual Rows": 1491,
                      "Actual Loops": 5,
                      "Hash Buckets": 524288,
                      "Original Hash Buckets": 524288,
                      "Hash Batches": 1,
                      "Original Hash Batches": 1,
                      "Peak Memory Usage": 4448,
                      "Plans": [
                        {
                          "Node Type": "Seq Scan",
                          "Parent Relationship": "Outer",
                          "Parallel Aware": true,
                          "Relation Name": "movie_companies",
                          "Alias": "mc",
                          "Startup Cost": 0.0,
                          "Total Cost": 31414.82,
                          "Plan Rows": 95068,
                          "Plan Width": 4,
                          "Actual Startup Time": 37.826,
                          "Actual Total Time": 64.5,
                          "Actual Rows": 1491,
                          "Actual Loops": 5,
                          "Filter": "((company_id > 64161) AND (company_type_id < 2))",
                          "Rows Removed by Filter": 520335
                        }
                      ]
                    }
                  ]
                }
              ]
            }
          ]
        }
      ]
    },
    "Planning Time": 0.613,
    "Triggers": [],
    "Execution Time": 215.193
  }
]