[
  {
    "Plan": {
      "Node Type": "Aggregate",
      "Strategy": "Plain",
      "Partial Mode": "Finalize",
      "Parallel Aware": false,
      "Startup Cost": 45042.28,
      "Total Cost": 45042.29,
      "Plan Rows": 1,
      "Plan Width": 8,
      "Actual Startup Time": 88.793,
      "Actual Total Time": 100.289,
      "Actual Rows": 1,
      "Actual Loops": 1,
      "Plans": [
        {
          "Node Type": "Gather",
          "Parent Relationship": "Outer",
          "Parallel Aware": false,
          "Startup Cost": 45041.86,
          "Total Cost": 45042.27,
          "Plan Rows": 4,
          "Plan Width": 8,
          "Actual Startup Time": 88.442,
          "Actual Total Time": 100.277,
          "Actual Rows": 5,
          "Actual Loops": 1,
          "Workers Planned": 4,
          "Workers Launched": 4,
          "Single Copy": false,
          "Plans": [
            {
              "Node Type": "Aggregate",
              "Strategy": "Plain",
              "Partial Mode": "Partial",
              "Parent Relationship": "Outer",
              "Parallel Aware": false,
              "Startup Cost": 44041.86,
              "Total Cost": 44041.87,
              "Plan Rows": 1,
              "Plan Width": 8,
              "Actual Startup Time": 82.799,
              "Actual Total Time": 82.8,
              "Actual Rows": 1,
              "Actual Loops": 5,
              "Plans": [
                {
                  "Node Type": "Seq Scan",
                  "Parent Relationship": "Outer",
                  "Parallel Aware": true,
                  "Relation Name": "title",
                  "Alias": "t",
                  "Startup Cost": 0.0,
                  "Total Cost": 43899.32,
                  "Plan Rows": 57016,
                  "Plan Width": 0,
                  "Actual Startup Time": 0.042,
                  "Actual Total Time": 80.131,
                  "Actual Rows": 48280,
                  "Actual Loops": 5,
                  "Filter": "(production_year < 1960)",
                  "Rows Removed by Filter": 457382
                }
              ]
            }
          ]
        }
      ]
    },
    "Planning Time": 0.156,
    "Triggers": [],
    "Execution Time": 100.345
  }
]