[
  {
    "Plan": {
      "Node Type": "Aggregate",
      "Strategy": "Plain",
      "Partial Mode": "Finalize",
      "Parallel Aware": false,
      "Startup Cost": 32286.5,
      "Total Cost": 32286.51,
      "Plan Rows": 1,
      "Plan Width": 8,
      "Actual Startup Time": 100.128,
      "Actual Total Time": 106.949,
      "Actual Rows": 1,
      "Actual Loops": 1,
      "Plans": [
        {
          "Node Type": "Gather",
          "Parent Relationship": "Outer",
          "Parallel Aware": false,
          "Startup Cost": 32286.19,
          "Total Cost": 32286.5,
          "Plan Rows": 3,
          "Plan Width": 8,
          "Actual Startup Time": 99.761,
          "Actual Total Time": 106.929,
          "Actual Rows": 4,
          "Actual Loops": 1,
          "Workers Planned": 3,
          "Workers Launched": 3,
          "Single Copy": false,
          "Plans": [
            {
              "Node Type": "Aggregate",
              "Strategy": "Plain",
              "Partial Mode": "Partial",
              "Parent Relationship": "Outer",
              "Parallel Aware": false,
              "Startup Cost": 31286.19,
              "Total Cost": 31286.2,
              "Plan Rows": 1,
              "Plan Width": 8,
              "Actual Startup Time": 92.864,
              "Actual Total Time": 92.866,
              "Actual Rows": 1,
              "Actual Loops": 4,
              "Plans": [
                {
                  "Node Type": "Bitmap Heap Scan",
                  "Parent Relationship": "Outer",
                  "Parallel Aware": true,
                  "Relation Name": "movie_keyword",
                  "Alias": "mk",
                  "Startup Cost": 5563.86,
                  "Total Cost": 31074.8,
                  "Plan Rows": 84555,
                  "Plan Width": 0,
                  "Actual Startup Time": 22.389,
                  "Actual Total Time": 88.451,
                  "Actual Rows": 64082,
                  "Actual Loops": 4,
                  "Recheck Cond": "(keyword_id < 228)",
                  "Rows Removed by Index Recheck": 0,
                  "Exact Heap Blocks": 13032,
                  "Lossy Heap Blocks": 0,
                  "Plans": [
                    {
                      "Node Type": "Bitmap Index Scan",
                      "Parent Relationship": "Outer",
                      "Parallel Aware": false,
                      "Index Name": "keyword_id_movie_keyword",
                      "Startup Cost": 0.0,
                      "Total Cost": 5498.33,
                      "Plan Rows": 262120,
                      "Plan Width": 0,
                      "Actual Startup Time": 24.922,
                      "Actual Total Time": 24.923,
                      "Actual Rows": 256327,
                      "Actual Loops": 1,
                      "Index Cond": "(keyword_id < 228)"
                    }
                  ]
                }
              ]
            }
          ]
        }
      ]
    },
    "Planning Time": 0.104,
    "Triggers": [],
    "Execution Time": 106.996
  }
]