[
  {
    "Plan": {
      "Node Type": "Aggregate",
      "Strategy": "Plain",
      "Partial Mode": "Finalize",
      "Parallel Aware": false,
      "Startup Cost": 31915.34,
      "Total Cost": 31915.35,
      "Plan Rows": 1,
      "Plan Width": 8,
      "Actual Startup Time": 102.437,
      "Actual Total Time": 110.631,
      "Actual Rows": 1,
      "Actual Loops": 1,
      "Plans": [
        {
          "Node Type": "Gather",
          "Parent Relationship": "Outer",
          "Parallel Aware": false,
          "Startup Cost": 31915.02,
          "Total Cost": 31915.33,
          "Plan Rows": 3,
          "Plan Width": 8,
          "Actual Startup Time": 102.206,
          "Actual Total Time": 110.623,
          "Actual Rows": 4,
          "Actual Loops": 1,
          "Workers Planned": 3,
          "Workers Launched": 3,
          "Single Copy": false,
          "Plans": [
            {
              "Node Type": "Aggregate",
              "Strategy": "Plain",
              "Partial Mode": "Partial",
              "Parent Relationship": "Outer",
              "Parallel Aware": false,
              "Startup Cost": 30915.02,
              "Total Cost": 30915.03,
              "Plan Rows": 1,
              "Plan Width": 8,
              "Actual Startup Time": 93.243,
              "Actual Total Time": 93.244,
              "Actual Rows": 1,
              "Actual Loops": 4,
              "Plans": [
                {
                  "Node Type": "Bitmap Heap Scan",
                  "Parent Relationship": "Outer",
                  "Parallel Aware": true,
                  "Relation Name": "movie_keyword",
                  "Alias": "mk",
                  "Startup Cost": 5261.56,
                  "Total Cost": 30715.11,
                  "Plan Rows": 79964,
                  "Plan Width": 0,
                  "Actual Startup Time": 30.254,
                  "Actual Total Time": 89.21,
                  "Actual Rows": 64082,
                  "Actual Loops": 4,
                  "Recheck Cond": "(keyword_id < 228)",
                  "Rows Removed by Index Recheck": 0,
                  "Exact Heap Blocks": 12166,
                  "Lossy Heap Blocks": 0,
                  "Plans": [
                    {
                      "Node Type": "Bitmap Index Scan",
                      "Parent Relationship": "Outer",
                      "Parallel Aware": false,
                      "Index Name": "keyword_id_movie_keyword",
                      "Startup Cost": 0.0,
                      "Total Cost": 5199.59,
                      "Plan Rows": 247888,
                      "Plan Width": 0,
                      "Actual Startup Time": 33.515,
                      "Actual Total Time": 33.516,
                      "Actual Rows": 256327,
                      "Actual Loops": 1,
                      "Index Cond": "(keyword_id < 228)"
                    }
                  ]
                }
              ]
            }
          ]
        }
      ]
    },
    "Planning Time": 0.207,
    "Triggers": [],
    "Execution Time": 110.704
  }
]