[
  {
    "Plan": {
      "Node Type": "Aggregate",
      "Strategy": "Plain",
      "Partial Mode": "Finalize",
      "Parallel Aware": false,
      "Startup Cost": 232626.88,
      "Total Cost": 232626.89,
      "Plan Rows": 1,
      "Plan Width": 8,
      "Actual Startup Time": 172.756,
      "Actual Total Time": 201.31,
      "Actual Rows": 1,
      "Actual Loops": 1,
      "Plans": [
        {
          "Node Type": "Gather",
          "Parent Relationship": "Outer",
          "Parallel Aware": false,
          "Startup Cost": 232626.46,
          "Total Cost": 232626.87,
          "Plan Rows": 4,
          "Plan Width": 8,
          "Actual Startup Time": 172.615,
          "Actual Total Time": 201.302,
          "Actual Rows": 5,
          "Actual Loops": 1,
          "Workers Planned": 4,
          "Workers Launched": 4,
          "Single Copy": false,
          "Plans": [
            {
              "Node Type": "Aggregate",
              "Strategy": "Plain",
              "Partial Mode": "Partial",
              "Parent Relationship": "Outer",
              "Parallel Aware": false,
              "Startup Cost": 231626.46,
              "Total Cost": 231626.47,
              "Plan Rows": 1,
              "Plan Width": 8,
              "Actual Startup Time": 164.446,
              "Actual Total Time": 164.448,
              "Actual Rows": 1,
              "Actual Loops": 5,
              "Plans": [
                {
                  "Node Type": "Nested Loop",
                  "Parent Relationship": "Outer",
                  "Parallel Aware": false,
                  "Join Type": "Inner",
                  "Startup Cost": 0.43,
                  "Total Cost": 231618.72,
                  "Plan Rows": 3096,
                  "Plan Width": 0,
                  "Actual Startup Time": 58.225,
                  "Actual Total Time": 164.224,
                  "Actual Rows": 2445,
                  "Actual Loops": 5,
                  "Inner Unique": false,
                  "Plans": [
                    {
                      "Node Type": "Seq Scan",
                      "Parent Relationship": "Outer",
                      "Parallel Aware": true,
                      "Relation Name": "title",
                      "Alias": "t",
                      "Startup Cost": 0.0,
                      "Total Cost": 45479.59,
                      "Plan Rows": 5617,
                      "Plan Width": 4,
                      "Actual Startup Time": 56.864,
                      "Actual Total Time": 83.838,
                      "Actual Rows": 2610,
                      "Actual Loops": 5,
                      "Filter": "((kind_id < 2) AND (production_year = 2004))",
                      "Rows Removed by Filter": 503052
                    },
                    {
                      "Node Type": "Index Scan",
                      "Parent Relationship": "Inner",
                      "Parallel Aware": false,
                      "Scan Direction": "Forward",
                      "Index Name": "movie_id_movie_info",
                      "Relation Name": "movie_info",
                      "Alias": "mi",
                      "Startup Cost": 0.43,
                      "Total Cost": 33.1,
                      "Plan Rows": 4,
                      "Plan Width": 4,
                      "Actual Startup Time": 0.022,
                      "Actual Total Time": 0.03,
                      "Actual Rows": 1,
                      "Actual Loops": 13050,
                      "Index Cond": "(movie_id = t.id)",
                      "Rows Removed by Index Recheck": 0,
                      "Filter": "(info_type_id = 7)",
                      "Rows Removed by Filter": 15
                    }
                  ]
                }
              ]
            }
          ]
        }
      ]
    },
    "Planning Time": 0.337,
    "Triggers": [],
    "Execution Time": 201.36
  }
]