[
  {
    "Plan": {
      "Node Type": "Aggregate",
      "Strategy": "Plain",
      "Partial Mode": "Finalize",
      "Parallel Aware": false,
      "Startup Cost": 232250.7,
      "Total Cost": 232250.71,
      "Plan Rows": 1,
      "Plan Width": 8,
      "Actual Startup Time": 165.824,
      "Actual Total Time": 195.6,
      "Actual Rows": 1,
      "Actual Loops": 1,
      "Plans": [
        {
          "Node Type": "Gather",
          "Parent Relationship": "Outer",
          "Parallel Aware": false,
          "Startup Cost": 232250.28,
          "Total Cost": 232250.69,
          "Plan Rows": 4,
          "Plan Width": 8,
          "Actual Startup Time": 165.699,
          "Actual Total Time": 195.592,
          "Actual Rows": 5,
          "Actual Loops": 1,
          "Workers Planned": 4,
          "Workers Launched": 4,
          "Single Copy": false,
          "Plans": [
            {
              "Node Type": "Aggregate",
              "Strategy": "Plain",
              "Partial Mode": "Partial",
              "Parent Relationship": "Outer",
              "Parallel Aware": false,
              "Startup Cost": 231250.28,
              "Total Cost": 231250.29,
              "Plan Rows": 1,
              "Plan Width": 8,
              "Actual Startup Time": 157.184,
              "Actual Total Time": 157.185,
              "Actual Rows": 1,
              "Actual Loops": 5,
              "Plans": [
                {
                  "Node Type": "Nested Loop",
                  "Parent Relationship": "Outer",
                  "Parallel Aware": false,
                  "Join Type": "Inner",
                  "Startup Cost": 0.43,
                  "Total Cost": 231242.83,
                  "Plan Rows": 2979,
                  "Plan Width": 0,
                  "Actual Startup Time": 58.628,
                  "Actual Total Time": 156.976,
                  "Actual Rows": 2445,
                  "Actual Loops": 5,
                  "Inner Unique": false,
                  "Plans": [
                    {
                      "Node Type": "Seq Scan",
                      "Parent Relationship": "Outer",
                      "Parallel Aware": true,
                      "Relation Name": "title",
                      "Alias": "t",
                      "Startup Cost": 0.0,
                      "Total Cost": 45479.1,
                      "Plan Rows": 5599,
                      "Plan Width": 4,
                      "Actual Startup Time": 57.55,
                      "Actual Total Time": 81.661,
                      "Actual Rows": 2610,
                      "Actual Loops": 5,
                      "Filter": "((kind_id < 2) AND (production_year = 2004))",
                      "Rows Removed by Filter": 503052
                    },
                    {
                      "Node Type": "Index Scan",
                      "Parent Relationship": "Inner",
                      "Parallel Aware": false,
                      "Scan Direction": "Forward",
                      "Index Name": "movie_id_movie_info",
                      "Relation Name": "movie_info",
                      "Alias": "mi",
                      "Startup Cost": 0.43,
                      "Total Cost": 33.14,
                      "Plan Rows": 4,
                      "Plan Width": 4,
                      "Actual Startup Time": 0.021,
                      "Actual Total Time": 0.028,
                      "Actual Rows": 1,
                      "Actual Loops": 13050,
                      "Index Cond": "(movie_id = t.id)",
                      "Rows Removed by Index Recheck": 0,
                      "Filter": "(info_type_id = 7)",
                      "Rows Removed by Filter": 15
                    }
                  ]
                }
              ]
            }
          ]
        }
      ]
    },
    "Planning Time": 0.621,
    "Triggers": [],
    "Execution Time": 195.676
  }
]