[
  {
    "Plan": {
      "Node Type": "Aggregate",
      "Strategy": "Plain",
      "Partial Mode": "Finalize",
      "Parallel Aware": false,
      "Startup Cost": 45541.4,
      "Total Cost": 45541.41,
      "Plan Rows": 1,
      "Plan Width": 8,
      "Actual Startup Time": 157.246,
      "Actual Total Time": 166.713,
      "Actual Rows": 1,
      "Actual Loops": 1,
      "Plans": [
        {
          "Node Type": "Gather",
          "Parent Relationship": "Outer",
          "Parallel Aware": false,
          "Startup Cost": 45541.08,
          "Total Cost": 45541.39,
          "Plan Rows": 3,
          "Plan Width": 8,
          "Actual Startup Time": 157.134,
          "Actual Total Time": 166.704,
          "Actual Rows": 4,
          "Actual Loops": 1,
          "Workers Planned": 3,
          "Workers Launched": 3,
          "Single Copy": false,
          "Plans": [
            {
              "Node Type": "Aggregate",
              "Strategy": "Plain",
              "Partial Mode": "Partial",
              "Parent Relationship": "Outer",
              "Parallel Aware": false,
              "Startup Cost": 44541.08,
              "Total Cost": 44541.09,
              "Plan Rows": 1,
              "Plan Width": 8,
              "Actual Startup Time": 148.446,
              "Actual Total Time": 148.447,
              "Actual Rows": 1,
              "Actual Loops": 4,
              "Plans": [
                {
                  "Node Type": "Seq Scan",
                  "Parent Relationship": "Outer",
                  "Parallel Aware": true,
                  "Relation Name": "movie_keyword",
                  "Alias": "mk",
                  "Startup Cost": 0.0,
                  "Total Cost": 42695.65,
                  "Plan Rows": 738170,
                  "Plan Width": 0,
                  "Actual Startup Time": 0.702,
                  "Actual Total Time": 120.321,
                  "Actual Rows": 566229,
                  "Actual Loops": 4,
                  "Filter": "(keyword_id > 4679)",
                  "Rows Removed by Filter": 564754
                }
              ]
            }
          ]
        }
      ]
    },
    "Planning Time": 0.186,
    "Triggers": [],
    "Execution Time": 166.767
  }
]