[
  {
    "Plan": {
      "Node Type": "Aggregate",
      "Strategy": "Plain",
      "Partial Mode": "Finalize",
      "Parallel Aware": false,
      "Startup Cost": 45529.92,
      "Total Cost": 45529.93,
      "Plan Rows": 1,
      "Plan Width": 8,
      "Actual Startup Time": 155.089,
      "Actual Total Time": 164.317,
      "Actual Rows": 1,
      "Actual Loops": 1,
      "Plans": [
        {
          "Node Type": "Gather",
          "Parent Relationship": "Outer",
          "Parallel Aware": false,
          "Startup Cost": 45529.61,
          "Total Cost": 45529.92,
          "Plan Rows": 3,
          "Plan Width": 8,
          "Actual Startup Time": 154.989,
          "Actual Total Time": 164.309,
          "Actual Rows": 4,
          "Actual Loops": 1,
          "Workers Planned": 3,
          "Workers Launched": 3,
          "Single Copy": false,
          "Plans": [
            {
              "Node Type": "Aggregate",
              "Strategy": "Plain",
              "Partial Mode": "Partial",
              "Parent Relationship": "Outer",
              "Parallel Aware": false,
              "Startup Cost": 44529.61,
              "Total Cost": 44529.62,
              "Plan Rows": 1,
              "Plan Width": 8,
              "Actual Startup Time": 146.737,
              "Actual Total Time": 146.738,
              "Actual Rows": 1,
              "Actual Loops": 4,
              "Plans": [
                {
                  "Node Type": "Seq Scan",
                  "Parent Relationship": "Outer",
                  "Parallel Aware": true,
                  "Relation Name": "movie_keyword",
                  "Alias": "mk",
                  "Startup Cost": 0.0,
                  "Total Cost": 42695.65,
                  "Plan Rows": 733581,
                  "Plan Width": 0,
                  "Actual Startup Time": 0.341,
                  "Actual Total Time": 119.452,
                  "Actual Rows": 566229,
                  "Actual Loops": 4,
                  "Filter": "(keyword_id > 4679)",
                  "Rows Removed by Filter": 564754
                }
              ]
            }
          ]
        }
      ]
    },
    "Planning Time": 0.092,
    "Triggers": [],
    "Execution Time": 164.347
  }
]