[
  {
    "Plan": {
      "Node Type": "Aggregate",
      "Strategy": "Plain",
      "Partial Mode": "Finalize",
      "Parallel Aware": false,
      "Startup Cost": 17008.42,
      "Total Cost": 17008.43,
      "Plan Rows": 1,
      "Plan Width": 8,
      "Actual Startup Time": 17.63,
      "Actual Total Time": 20.788,
      "Actual Rows": 1,
      "Actual Loops": 1,
      "Plans": [
        {
          "Node Type": "Gather",
          "Parent Relationship": "Outer",
          "Parallel Aware": false,
          "Startup Cost": 17008.2,
          "Total Cost": 17008.41,
          "Plan Rows": 2,
          "Plan Width": 8,
          "Actual Startup Time": 17.357,
          "Actual Total Time": 20.776,
          "Actual Rows": 3,
          "Actual Loops": 1,
          "Workers Planned": 2,
          "Workers Launched": 2,
          "Single Copy": false,
          "Plans": [
            {
              "Node Type": "Aggregate",
              "Strategy": "Plain",
              "Partial Mode": "Partial",
              "Parent Relationship": "Outer",
              "Parallel Aware": false,
              "Startup Cost": 16008.2,
              "Total Cost": 16008.21,
              "Plan Rows": 1,
              "Plan Width": 8,
              "Actual Startup Time": 11.155,
              "Actual Total Time": 11.157,
              "Actual Rows": 1,
              "Actual Loops": 3,
              "Plans": [
                {
                  "Node Type": "Nested Loop",
                  "Parent Relationship": "Outer",
                  "Parallel Aware": false,
                  "Join Type": "Inner",
                  "Startup Cost": 86.05,
                  "Total Cost": 16007.67,
                  "Plan Rows": 213,
                  "Plan Width": 0,
                  "Actual Startup Time": 8.497,
                  "Actual Total Time": 11.134,
                  "Actual Rows": 53,
                  "Actual Loops": 3,
                  "Inner Unique": true,
                  "Plans": [
                    {
                      "Node Type": "Bitmap Heap Scan",
                      "Parent Relationship": "Outer",
                      "Parallel Aware": true,
                      "Relation Name": "movie_companies",
                      "Alias": "mc",
                      "Startup Cost": 85.62,
                      "Total Cost": 9524.26,
                      "Plan Rows": 815,
                      "Plan Width": 4,
                      "Actual Startup Time": 2.569,
                      "Actual Total Time": 4.139,
                      "Actual Rows": 478,
                      "Actual Loops": 3,
                      "Recheck Cond": "(company_id = 181)",
                      "Rows Removed by Index Recheck": 0,
                      "Filter": "(company_type_id = 2)",
                      "Rows Removed by Filter": 649,
                      "Exact Heap Blocks": 940,
                      "Lossy Heap Blocks": 0,
                      "Plans": [
                        {
                          "Node Type": "Bitmap Index Scan",
                          "Parent Relationship": "Outer",
                          "Parallel Aware": false,
                          "Index Name": "company_id_movie_companies",
                          "Startup Cost": 0.0,
                          "Total Cost": 85.13,
                          "Plan Rows": 3827,
                          "Plan Width": 0,
                          "Actual Startup Time": 3.503,
                          "Actual Total Time": 3.504,
                          "Actual Rows": 3380,
                          "Actual Loops": 1,
                          "Index Cond": "(company_id = 181)"
                        }
                      ]
                    },
                    {
                      "Node Type": "Index Scan",
                      "Parent Relationship": "Inner",
                      "Parallel Aware": false,
                      "Scan Direction": "Forward",
                      "Index Name": "title_pkey",
                      "Relation Name": "title",
                      "Alias": "t",
                      "Startup Cost": 0.43,
                      "Total Cost": 7.96,
                      "Plan Rows": 1,
                      "Plan Width": 4,
                      "Actual Startup Time": 0.014,
                      "Actual Total Time": 0.014,
                      "Actual Rows": 0,
                      "Actual Loops": 1433,
                      "Index Cond": "(id = mc.movie_id)",
                      "Rows Removed by Index Recheck": 0,
                      "Filter": "(kind_id = 1)",
                      "Rows Removed by Filter": 1
                    }
                  ]
                }
              ]
            }
          ]
        }
      ]
    },
    "Planning Time": 0.74,
    "Triggers": [],
    "Execution Time": 20.882
  }
]