[
  {
    "Plan": {
      "Node Type": "Aggregate",
      "Strategy": "Plain",
      "Partial Mode": "Simple",
      "Parallel Aware": false,
      "Startup Cost": 3338.07,
      "Total Cost": 3338.08,
      "Plan Rows": 1,
      "Plan Width": 8,
      "Actual Startup Time": 31.225,
      "Actual Total Time": 31.227,
      "Actual Rows": 1,
      "Actual Loops": 1,
      "Plans": [
        {
          "Node Type": "Nested Loop",
          "Parent Relationship": "Outer",
          "Parallel Aware": false,
          "Join Type": "Inner",
          "Startup Cost": 0.99,
          "Total Cost": 3337.39,
          "Plan Rows": 272,
          "Plan Width": 0,
          "Actual Startup Time": 17.574,
          "Actual Total Time": 30.945,
          "Actual Rows": 1503,
          "Actual Loops": 1,
          "Inner Unique": true,
          "Plans": [
            {
              "Node Type": "Index Scan",
              "Parent Relationship": "Outer",
              "Parallel Aware": false,
              "Scan Direction": "Forward",
              "Index Name": "person_id_cast_info",
              "Relation Name": "cast_info",
              "Alias": "ci",
              "Startup Cost": 0.56,
              "Total Cost": 1059.67,
              "Plan Rows": 272,
              "Plan Width": 4,
              "Actual Startup Time": 17.539,
              "Actual Total Time": 19.605,
              "Actual Rows": 1503,
              "Actual Loops": 1,
              "Index Cond": "(person_id = 1554493)",
              "Rows Removed by Index Recheck": 0,
              "Filter": "(role_id < 3)",
              "Rows Removed by Filter": 59
            },
            {
              "Node Type": "Index Only Scan",
              "Parent Relationship": "Inner",
              "Parallel Aware": false,
              "Scan Direction": "Forward",
              "Index Name": "title_pkey",
              "Relation Name": "title",
              "Alias": "t",
              "Startup Cost": 0.43,
              "Total Cost": 8.37,
              "Plan Rows": 1,
              "Plan Width": 4,
              "Actual Startup Time": 0.007,
              "Actual Total Time": 0.007,
              "Actual Rows": 1,
              "Actual Loops": 1503,
              "Index Cond": "(id = ci.movie_id)",
              "Rows Removed by Index Recheck": 0,
              "Heap Fetches": 1503
            }
          ]
        }
      ]
    },
    "Planning Time": 0.703,
    "Triggers": [],
    "Execution Time": 31.286
  }
]