[
  {
    "Plan": {
      "Node Type": "Aggregate",
      "Strategy": "Plain",
      "Partial Mode": "Finalize",
      "Parallel Aware": false,
      "Startup Cost": 351897.17,
      "Total Cost": 351897.18,
      "Plan Rows": 1,
      "Plan Width": 8,
      "Actual Startup Time": 924.259,
      "Actual Total Time": 983.206,
      "Actual Rows": 1,
      "Actual Loops": 1,
      "Plans": [
        {
          "Node Type": "Gather",
          "Parent Relationship": "Outer",
          "Parallel Aware": false,
          "Startup Cost": 351896.54,
          "Total Cost": 351897.15,
          "Plan Rows": 6,
          "Plan Width": 8,
          "Actual Startup Time": 923.964,
          "Actual Total Time": 983.196,
          "Actual Rows": 7,
          "Actual Loops": 1,
          "Workers Planned": 6,
          "Workers Launched": 6,
          "Single Copy": false,
          "Plans": [
            {
              "Node Type": "Aggregate",
              "Strategy": "Plain",
              "Partial Mode": "Partial",
              "Parent Relationship": "Outer",
              "Parallel Aware": false,
              "Startup Cost": 350896.54,
              "Total Cost": 350896.55,
              "Plan Rows": 1,
              "Plan Width": 8,
              "Actual Startup Time": 913.516,
              "Actual Total Time": 913.519,
              "Actual Rows": 1,
              "Actual Loops": 7,
              "Plans": [
                {
                  "Node Type": "Seq Scan",
                  "Parent Relationship": "Outer",
                  "Parallel Aware": true,
                  "Relation Name": "cast_info",
                  "Alias": "ci",
                  "Startup Cost": 0.0,
                  "Total Cost": 343316.27,
                  "Plan Rows": 3032109,
                  "Plan Width": 0,
                  "Actual Startup Time": 0.058,
                  "Actual Total Time": 758.786,
                  "Actual Rows": 3004149,
                  "Actual Loops": 7,
                  "Filter": "((person_id < 2361204) AND (role_id < 8))",
                  "Rows Removed by Filter": 2173614
                }
              ]
            }
          ]
        }
      ]
    },
    "Planning Time": 0.119,
    "Triggers": [],
    "Execution Time": 983.256
  }
]