[
  {
    "Plan": {
      "Node Type": "Aggregate",
      "Strategy": "Plain",
      "Partial Mode": "Simple",
      "Parallel Aware": false,
      "Startup Cost": 11258.24,
      "Total Cost": 11258.25,
      "Plan Rows": 1,
      "Plan Width": 128,
      "Actual Startup Time": 4644.923,
      "Actual Total Time": 4644.93,
      "Actual Rows": 1,
      "Actual Loops": 1,
      "Plans": [
        {
          "Node Type": "Nested Loop",
          "Parent Relationship": "Outer",
          "Parallel Aware": false,
          "Join Type": "Inner",
          "Startup Cost": 13.5,
          "Total Cost": 11258.23,
          "Plan Rows": 1,
          "Plan Width": 80,
          "Actual Startup Time": 8.161,
          "Actual Total Time": 4616.305,
          "Actual Rows": 74366,
          "Actual Loops": 1,
          "Inner Unique": true,
          "Join Filter": "(mi.movie_id = t.id)",
          "Rows Removed by Join Filter": 0,
          "Plans": [
            {
              "Node Type": "Nested Loop",
              "Parent Relationship": "Outer",
              "Parallel Aware": false,
              "Join Type": "Inner",
              "Startup Cost": 13.07,
              "Total Cost": 11257.73,
              "Plan Rows": 1,
              "Plan Width": 83,
              "Actual Startup Time": 8.101,
              "Actual Total Time": 4435.987,
              "Actual Rows": 74366,
              "Actual Loops": 1,
              "Inner Unique": true,
              "Plans": [
                {
                  "Node Type": "Nested Loop",
                  "Parent Relationship": "Outer",
                  "Parallel Aware": false,
                  "Join Type": "Inner",
                  "Startup Cost": 12.64,
                  "Total Cost": 11257.19,
                  "Plan Rows": 1,
                  "Plan Width": 72,
                  "Actual Startup Time": 8.015,
                  "Actual Total Time": 3972.377,
                  "Actual Rows": 95385,
                  "Actual Loops": 1,
                  "Inner Unique": true,
                  "Join Filter": "(mi.info_type_id = it1.id)",
                  "Rows Removed by Join Filter": 20798,
                  "Plans": [
                    {
                      "Node Type": "Nested Loop",
                      "Parent Relationship": "Outer",
                      "Parallel Aware": false,
                      "Join Type": "Inner",
                      "Startup Cost": 12.64,
                      "Total Cost": 11254.77,
                      "Plan Rows": 1,
                      "Plan Width": 76,
                      "Actual Startup Time": 8.0,
                      "Actual Total Time": 3395.962,
                      "Actual Rows": 116183,
                      "Actual Loops": 1,
                      "Inner Unique": false,
                      "Join Filter": "(mi_idx.movie_id = mi.movie_id)",
                      "Rows Removed by Join Filter": 0,
                      "Plans": [
                        {
                          "Node Type": "Nested Loop",
                          "Parent Relationship": "Outer",
                          "Parallel Aware": false,
                          "Join Type": "Inner",
                          "Startup Cost": 12.21,
                          "Total Cost": 11253.11,
                          "Plan Rows": 1,
                          "Plan Width": 25,
                          "Actual Startup Time": 7.508,
                          "Actual Total Time": 984.55,
                          "Actual Rows": 63664,
                          "Actual Loops": 1,
                          "Inner Unique": false,
                          "Join Filter": "(mi_idx.movie_id = ci.movie_id)",
                          "Rows Removed by Join Filter": 0,
                          "Plans": [
                            {
                              "Node Type": "Nested Loop",
                              "Parent Relationship": "Outer",
                              "Parallel Aware": false,
                              "Join Type": "Inner",
                              "Startup Cost": 11.64,
                              "Total Cost": 11251.33,
                              "Plan Rows": 1,
                              "Plan Width": 17,
                              "Actual Startup Time": 1.52,
                              "Actual Total Time": 214.758,
                              "Actual Rows": 5026,
                              "Actual Loops": 1,
                              "Inner Unique": false,
                              "Join Filter": "(mi_idx.info_type_id = it2.id)",
                              "Rows Removed by Join Filter": 10179,
                              "Plans": [
                                {
                                  "Node Type": "Seq Scan",
                                  "Parent Relationship": "Outer",
                                  "Parallel Aware": false,
                                  "Relation Name": "info_type",
                                  "Alias": "it2",
                                  "Startup Cost": 0.0,
                                  "Total Cost": 2.41,
                                  "Plan Rows": 1,
                                  "Plan Width": 4,
                                  "Actual Startup Time": 0.019,
                                  "Actual Total Time": 0.021,
                                  "Actual Rows": 1,
                                  "Actual Loops": 1,
                                  "Filter": "((info)::text = 'votes'::text)",
                                  "Rows Removed by Filter": 112
                                },
                                {
                                  "Node Type": "Nested Loop",
                                  "Parent Relationship": "Inner",
                                  "Parallel Aware": false,
                                  "Join Type": "Inner",
                                  "Startup Cost": 11.64,
                                  "Total Cost": 11248.75,
                                  "Plan Rows": 14,
                                  "Plan Width": 21,
                                  "Actual Startup Time": 1.498,
                                  "Actual Total Time": 212.91,
                                  "Actual Rows": 15205,
                                  "Actual Loops": 1,
                                  "Inner Unique": false,
                                  "Plans": [
                                    {
                                      "Node Type": "Nested Loop",
                                      "Parent Relationship": "Outer",
                                      "Parallel Aware": false,
                                      "Join Type": "Inner",
                                      "Startup Cost": 11.22,
                                      "Total Cost": 11238.3,
                                      "Plan Rows": 20,
                                      "Plan Width": 8,
                                      "Actual Startup Time": 1.448,
                                      "Actual Total Time": 176.793,
                                      "Actual Rows": 5052,
                                      "Actual Loops": 1,
                                      "Inner Unique": false,
                                      "Join Filter": "(cc.status_id = cct2.id)",
                                      "Rows Removed by Join Filter": 5261,
                                      "Plans": [
                                        {
                                          "Node Type": "Seq Scan",
                                          "Parent Relationship": "Outer",
                                          "Parallel Aware": false,
                                          "Relation Name": "comp_cast_type",
                                          "Alias": "cct2",
                                          "Startup Cost": 0.0,
                                          "Total Cost": 1.05,
                                          "Plan Rows": 1,
                                          "Plan Width": 4,
                                          "Actual Startup Time": 0.006,
                                          "Actual Total Time": 0.007,
                                          "Actual Rows": 1,
                                          "Actual Loops": 1,
                                          "Filter": "((kind)::text = 'complete+verified'::text)",
                                          "Rows Removed by Filter": 3
                                        },
                                        {
                                          "Node Type": "Nested Loop",
                                          "Parent Relationship": "Inner",
                                          "Parallel Aware": false,
                                          "Join Type": "Inner",
                                          "Startup Cost": 11.22,
                                          "Total Cost": 11236.23,
                                          "Plan Rows": 81,
                                          "Plan Width": 12,
                                          "Actual Startup Time": 1.442,
                                          "Actual Total Time": 175.329,
                                          "Actual Rows": 10313,
                                          "Actual Loops": 1,
                                          "Inner Unique": false,
                                          "Join Filter": "(cc.subject_id = cct1.id)",
                                          "Rows Removed by Join Filter": 5132,
                                          "Plans": [
                                            {
                                              "Node Type": "Seq Scan",
                                              "Parent Relationship": "Outer",
                                              "Parallel Aware": false,
                                              "Relation Name": "comp_cast_type",
                                              "Alias": "cct1",
                                              "Startup Cost": 0.0,
                                              "Total Cost": 1.05,
                                              "Plan Rows": 1,
                                              "Plan Width": 4,
                                              "Actual Startup Time": 0.003,
                                              "Actual Total Time": 0.005,
                                              "Actual Rows": 1,
                                              "Actual Loops": 1,
                                              "Filter": "((kind)::text = 'cast'::text)",
                                              "Rows Removed by Filter": 3
                                            },
                                            {
                                              "Node Type": "Nested Loop",
                                              "Parent Relationship": "Inner",
                                              "Parallel Aware": false,
                                              "Join Type": "Inner",
                                              "Startup Cost": 11.22,
                                              "Total Cost": 11231.13,
                                              "Plan Rows": 324,
                                              "Plan Width": 16,
                                              "Actual Startup Time": 1.436,
                                              "Actual Total Time": 173.345,
                                              "Actual Rows": 15445,
                                              "Actual Loops": 1,
                                              "Inner Unique": false,
                                              "Plans": [
                                                {
                                                  "Node Type": "Nested Loop",
                                                  "Parent Relationship": "Outer",
                                                  "Parallel Aware": false,
                                                  "Join Type": "Inner",
                                                  "Startup Cost": 10.8,
                                                  "Total Cost": 11118.79,
                                                  "Plan Rows": 236,
                                                  "Plan Width": 4,
                                                  "Actual Startup Time": 0.847,
                                                  "Actual Total Time": 92.951,
                                                  "Actual Rows": 36981,
                                                  "Actual Loops": 1,
                                                  "Inner Unique": false,
                                                  "Plans": [
                                                    {
                                                      "Node Type": "Seq Scan",
                                                      "Parent Relationship": "Outer",
                                                      "Parallel Aware": false,
                                                      "Relation Name": "keyword",
                                                      "Alias": "k",
                                                      "Startup Cost": 0.0,
                                                      "Total Cost": 3464.69,
                                                      "Plan Rows": 7,
                                                      "Plan Width": 4,
                                                      "Actual Startup Time": 0.122,
                                                      "Actual Total Time": 18.718,
                                                      "Actual Rows": 6,
                                                      "Actual Loops": 1,
                                                      "Filter": "(keyword = ANY ('{murder,based-on-comic,sequel,tv-special,murder-in-title,magnet,sadomasochism}'::text[]))",
                                                      "Rows Removed by Filter": 134164
                                                    },
                                                    {
                                                      "Node Type": "Bitmap Heap Scan",
                                                      "Parent Relationship": "Inner",
                                                      "Parallel Aware": false,
                                                      "Relation Name": "movie_keyword",
                                                      "Alias": "mk",
                                                      "Startup Cost": 10.8,
                                                      "Total Cost": 1090.39,
                                                      "Plan Rows": 305,
                                                      "Plan Width": 8,
                                                      "Actual Startup Time": 1.589,
                                                      "Actual Total Time": 11.446,
                                                      "Actual Rows": 6164,
                                                      "Actual Loops": 6,
                                                      "Recheck Cond": "(keyword_id = k.id)",
                                                      "Rows Removed by Index Recheck": 0,
                                                      "Exact Heap Blocks": 21668,
                                                      "Lossy Heap Blocks": 0,
                                                      "Plans": [
                                                        {
                                                          "Node Type": "Bitmap Index Scan",
                                                          "Parent Relationship": "Outer",
                                                          "Parallel Aware": false,
                                                          "Index Name": "keyword_id_movie_keyword",
                                                          "Startup Cost": 0.0,
                                                          "Total Cost": 10.72,
                                                          "Plan Rows": 305,
                                                          "Plan Width": 0,
                                                          "Actual Startup Time": 0.977,
                                                          "Actual Total Time": 0.978,
                                                          "Actual Rows": 6164,
                                                          "Actual Loops": 6,
                                                          "Index Cond": "(keyword_id = k.id)"
                                                        }
                                                      ]
                                                    }
                                                  ]
                                                },
                                                {
                                                  "Node Type": "Index Scan",
                                                  "Parent Relationship": "Inner",
                                                  "Parallel Aware": false,
                                                  "Scan Direction": "Forward",
                                                  "Index Name": "movie_id_complete_cast",
                                                  "Relation Name": "complete_cast",
                                                  "Alias": "cc",
                                                  "Startup Cost": 0.42,
                                                  "Total Cost": 0.46,
                                                  "Plan Rows": 2,
                                                  "Plan Width": 12,
                                                  "Actual Startup Time": 0.002,
                                                  "Actual Total Time": 0.002,
                                                  "Actual Rows": 0,
                                                  "Actual Loops": 36981,
                                                  "Index Cond": "(movie_id = mk.movie_id)",
                                                  "Rows Removed by Index Recheck": 0
                                                }
                                              ]
                                            }
                                          ]
                                        }
                                      ]
                                    },
                                    {
                                      "Node Type": "Index Scan",
                                      "Parent Relationship": "Inner",
                                      "Parallel Aware": false,
                                      "Scan Direction": "Forward",
                                      "Index Name": "movie_id_movie_info_idx",
                                      "Relation Name": "movie_info_idx",
                                      "Alias": "mi_idx",
                                      "Startup Cost": 0.43,
                                      "Total Cost": 0.49,
                                      "Plan Rows": 3,
                                      "Plan Width": 13,
                                      "Actual Startup Time": 0.006,
                                      "Actual Total Time": 0.006,
                                      "Actual Rows": 3,
                                      "Actual Loops": 5052,
                                      "Index Cond": "(movie_id = mk.movie_id)",
                                      "Rows Removed by Index Recheck": 0
                                    }
                                  ]
                                }
                              ]
                            },
                            {
                              "Node Type": "Index Scan",
                              "Parent Relationship": "Inner",
                              "Parallel Aware": false,
                              "Scan Direction": "Forward",
                              "Index Name": "movie_id_cast_info",
                              "Relation Name": "cast_info",
                              "Alias": "ci",
                              "Startup Cost": 0.56,
                              "Total Cost": 1.73,
                              "Plan Rows": 3,
                              "Plan Width": 8,
                              "Actual Startup Time": 0.033,
                              "Actual Total Time": 0.15,
                              "Actual Rows": 13,
                              "Actual Loops": 5026,
                              "Index Cond": "(movie_id = mk.movie_id)",
                              "Rows Removed by Index Recheck": 0,
                              "Filter": "(note = ANY ('{(uncredited),(voice),\"(executive producer)\",(writer),\"(written by)\"}'::text[]))",
                              "Rows Removed by Filter": 56
                            }
                          ]
                        },
                        {
                          "Node Type": "Index Scan",
                          "Parent Relationship": "Inner",
                          "Parallel Aware": false,
                          "Scan Direction": "Forward",
                          "Index Name": "movie_id_movie_info",
                          "Relation Name": "movie_info",
                          "Alias": "mi",
                          "Startup Cost": 0.43,
                          "Total Cost": 1.65,
                          "Plan Rows": 1,
                          "Plan Width": 51,
                          "Actual Startup Time": 0.034,
                          "Actual Total Time": 0.037,
                          "Actual Rows": 2,
                          "Actual Loops": 63664,
                          "Index Cond": "(movie_id = mk.movie_id)",
                          "Rows Removed by Index Recheck": 0,
                          "Filter": "(info = ANY ('{Drama,War,Crime,Thriller,Action,Horror}'::text[]))",
                          "Rows Removed by Filter": 126
                        }
                      ]
                    },
                    {
                      "Node Type": "Seq Scan",
                      "Parent Relationship": "Inner",
                      "Parallel Aware": false,
                      "Relation Name": "info_type",
                      "Alias": "it1",
                      "Startup Cost": 0.0,
                      "Total Cost": 2.41,
                      "Plan Rows": 1,
                      "Plan Width": 4,
                      "Actual Startup Time": 0.002,
                      "Actual Total Time": 0.003,
                      "Actual Rows": 1,
                      "Actual Loops": 116183,
                      "Filter": "((info)::text = 'genres'::text)",
                      "Rows Removed by Filter": 22
                    }
                  ]
                },
                {
                  "Node Type": "Index Scan",
                  "Parent Relationship": "Inner",
                  "Parallel Aware": false,
                  "Scan Direction": "Forward",
                  "Index Name": "name_pkey",
                  "Relation Name": "name",
                  "Alias": "n",
                  "Startup Cost": 0.43,
                  "Total Cost": 0.54,
                  "Plan Rows": 1,
                  "Plan Width": 19,
                  "Actual Startup Time": 0.004,
                  "Actual Total Time": 0.004,
                  "Actual Rows": 1,
                  "Actual Loops": 95385,
                  "Index Cond": "(id = ci.person_id)",
                  "Rows Removed by Index Recheck": 0,
                  "Filter": "((gender)::text = 'm'::text)",
                  "Rows Removed by Filter": 0
                }
              ]
            },
            {
              "Node Type": "Index Scan",
              "Parent Relationship": "Inner",
              "Parallel Aware": false,
              "Scan Direction": "Forward",
              "Index Name": "title_pkey",
              "Relation Name": "title",
              "Alias": "t",
              "Startup Cost": 0.43,
              "Total Cost": 0.49,
              "Plan Rows": 1,
              "Plan Width": 21,
              "Actual Startup Time": 0.002,
              "Actual Total Time": 0.002,
              "Actual Rows": 1,
              "Actual Loops": 74366,
              "Index Cond": "(id = mk.movie_id)",
              "Rows Removed by Index Recheck": 0
            }
          ]
        }
      ]
    },
    "Planning Time": 139.914,
    "Triggers": [],
    "Execution Time": 4645.321
  }
]