[
  {
    "Plan": {
      "Node Type": "Aggregate",
      "Strategy": "Plain",
      "Partial Mode": "Finalize",
      "Parallel Aware": false,
      "Startup Cost": 350534.51,
      "Total Cost": 350534.52,
      "Plan Rows": 1,
      "Plan Width": 8,
      "Actual Startup Time": 1093.312,
      "Actual Total Time": 1118.661,
      "Actual Rows": 1,
      "Actual Loops": 1,
      "Plans": [
        {
          "Node Type": "Gather",
          "Parent Relationship": "Outer",
          "Parallel Aware": false,
          "Startup Cost": 350534.3,
          "Total Cost": 350534.51,
          "Plan Rows": 2,
          "Plan Width": 8,
          "Actual Startup Time": 1081.634,
          "Actual Total Time": 1118.65,
          "Actual Rows": 3,
          "Actual Loops": 1,
          "Workers Planned": 2,
          "Workers Launched": 2,
          "Single Copy": false,
          "Plans": [
            {
              "Node Type": "Aggregate",
              "Strategy": "Plain",
              "Partial Mode": "Partial",
              "Parent Relationship": "Outer",
              "Parallel Aware": false,
              "Startup Cost": 349534.3,
              "Total Cost": 349534.31,
              "Plan Rows": 1,
              "Plan Width": 8,
              "Actual Startup Time": 1070.096,
              "Actual Total Time": 1070.277,
              "Actual Rows": 1,
              "Actual Loops": 3,
              "Plans": [
                {
                  "Node Type": "Hash Join",
                  "Parent Relationship": "Outer",
                  "Parallel Aware": true,
                  "Join Type": "Inner",
                  "Startup Cost": 332637.04,
                  "Total Cost": 348900.82,
                  "Plan Rows": 253393,
                  "Plan Width": 0,
                  "Actual Startup Time": 898.478,
                  "Actual Total Time": 1052.02,
                  "Actual Rows": 438019,
                  "Actual Loops": 3,
                  "Inner Unique": false,
                  "Hash Cond": "(mi_idx.movie_id = t.id)",
                  "Plans": [
                    {
                      "Node Type": "Seq Scan",
                      "Parent Relationship": "Outer",
                      "Parallel Aware": true,
                      "Relation Name": "movie_info_idx",
                      "Alias": "mi_idx",
                      "Startup Cost": 0.0,
                      "Total Cost": 13685.15,
                      "Plan Rows": 575015,
                      "Plan Width": 4,
                      "Actual Startup Time": 0.017,
                      "Actual Total Time": 39.974,
                      "Actual Rows": 460012,
                      "Actual Loops": 3
                    },
                    {
                      "Node Type": "Hash",
                      "Parent Relationship": "Inner",
                      "Parallel Aware": true,
                      "Startup Cost": 330315.78,
                      "Total Cost": 330315.78,
                      "Plan Rows": 185701,
                      "Plan Width": 8,
                      "Actual Startup Time": 887.938,
                      "Actual Total Time": 888.118,
                      "Actual Rows": 384582,
                      "Actual Loops": 3,
                      "Hash Buckets": 2097152,
                      "Original Hash Buckets": 2097152,
                      "Hash Batches": 1,
                      "Original Hash Batches": 1,
                      "Peak Memory Usage": 61568,
                      "Plans": [
                        {
                          "Node Type": "Hash Join",
                          "Parent Relationship": "Outer",
                          "Parallel Aware": true,
                          "Join Type": "Inner",
                          "Startup Cost": 74820.05,
                          "Total Cost": 330315.78,
                          "Plan Rows": 185701,
                          "Plan Width": 8,
                          "Actual Startup Time": 476.365,
                          "Actual Total Time": 746.401,
                          "Actual Rows": 384582,
                          "Actual Loops": 3,
                          "Inner Unique": true,
                          "Hash Cond": "(ci.movie_id = t.id)",
                          "Plans": [
                            {
                              "Node Type": "Bitmap Heap Scan",
                              "Parent Relationship": "Outer",
                              "Parallel Aware": true,
                              "Relation Name": "cast_info",
                              "Alias": "ci",
                              "Startup Cost": 24599.67,
                              "Total Cost": 279607.93,
                              "Plan Rows": 185701,
                              "Plan Width": 4,
                              "Actual Startup Time": 48.07,
                              "Actual Total Time": 109.107,
                              "Actual Rows": 384582,
                              "Actual Loops": 3,
                              "Recheck Cond": "(person_id < 117565)",
                              "Rows Removed by Index Recheck": 0,
                              "Exact Heap Blocks": 4381,
                              "Lossy Heap Blocks": 0,
                              "Plans": [
                                {
                                  "Node Type": "Bitmap Index Scan",
                                  "Parent Relationship": "Outer",
                                  "Parallel Aware": false,
                                  "Index Name": "person_id_cast_info",
                                  "Startup Cost": 0.0,
                                  "Total Cost": 24321.12,
                                  "Plan Rows": 1114207,
                                  "Plan Width": 0,
                                  "Actual Startup Time": 46.301,
                                  "Actual Total Time": 46.304,
                                  "Actual Rows": 1153745,
                                  "Actual Loops": 1,
                                  "Index Cond": "(person_id < 117565)"
                                }
                              ]
                            },
                            {
                              "Node Type": "Hash",
                              "Parent Relationship": "Inner",
                              "Parallel Aware": true,
                              "Startup Cost": 42319.06,
                              "Total Cost": 42319.06,
                              "Plan Rows": 632106,
                              "Plan Width": 4,
                              "Actual Startup Time": 418.53,
                              "Actual Total Time": 418.531,
                              "Actual Rows": 842771,
                              "Actual Loops": 3,
                              "Hash Buckets": 4194304,
                              "Original Hash Buckets": 4194304,
                              "Hash Batches": 1,
                              "Original Hash Batches": 1,
                              "Peak Memory Usage": 131744,
                              "Plans": [
                                {
                                  "Node Type": "Seq Scan",
                                  "Parent Relationship": "Outer",
                                  "Parallel Aware": true,
                                  "Relation Name": "title",
                                  "Alias": "t",
                                  "Startup Cost": 0.0,
                                  "Total Cost": 42319.06,
                                  "Plan Rows": 632106,
                                  "Plan Width": 4,
                                  "Actual Startup Time": 0.051,
                                  "Actual Total Time": 120.105,
                                  "Actual Rows": 842771,
                                  "Actual Loops": 3
                                }
                              ]
                            }
                          ]
                        }
                      ]
                    }
                  ]
                }
              ]
            }
          ]
        }
      ]
    },
    "Planning Time": 1.254,
    "Triggers": [],
    "Execution Time": 1118.766
  }
]