[
  {
    "Plan": {
      "Node Type": "Aggregate",
      "Strategy": "Plain",
      "Partial Mode": "Finalize",
      "Parallel Aware": false,
      "Startup Cost": 45757.25,
      "Total Cost": 45757.26,
      "Plan Rows": 1,
      "Plan Width": 8,
      "Actual Startup Time": 168.406,
      "Actual Total Time": 178.09,
      "Actual Rows": 1,
      "Actual Loops": 1,
      "Plans": [
        {
          "Node Type": "Gather",
          "Parent Relationship": "Outer",
          "Parallel Aware": false,
          "Startup Cost": 45756.93,
          "Total Cost": 45757.24,
          "Plan Rows": 3,
          "Plan Width": 8,
          "Actual Startup Time": 168.246,
          "Actual Total Time": 178.079,
          "Actual Rows": 4,
          "Actual Loops": 1,
          "Workers Planned": 3,
          "Workers Launched": 3,
          "Single Copy": false,
          "Plans": [
            {
              "Node Type": "Aggregate",
              "Strategy": "Plain",
              "Partial Mode": "Partial",
              "Parent Relationship": "Outer",
              "Parallel Aware": false,
              "Startup Cost": 44756.93,
              "Total Cost": 44756.94,
              "Plan Rows": 1,
              "Plan Width": 8,
              "Actual Startup Time": 160.811,
              "Actual Total Time": 160.812,
              "Actual Rows": 1,
              "Actual Loops": 4,
              "Plans": [
                {
                  "Node Type": "Seq Scan",
                  "Parent Relationship": "Outer",
                  "Parallel Aware": true,
                  "Relation Name": "movie_keyword",
                  "Alias": "mk",
                  "Startup Cost": 0.0,
                  "Total Cost": 42695.65,
                  "Plan Rows": 824511,
                  "Plan Width": 0,
                  "Actual Startup Time": 0.548,
                  "Actual Total Time": 127.854,
                  "Actual Rows": 636166,
                  "Actual Loops": 4,
                  "Filter": "(keyword_id > 3483)",
                  "Rows Removed by Filter": 494817
                }
              ]
            }
          ]
        }
      ]
    },
    "Planning Time": 0.182,
    "Triggers": [],
    "Execution Time": 178.147
  }
]