[
  {
    "Plan": {
      "Node Type": "Aggregate",
      "Strategy": "Plain",
      "Partial Mode": "Finalize",
      "Parallel Aware": false,
      "Startup Cost": 340561.39,
      "Total Cost": 340561.4,
      "Plan Rows": 1,
      "Plan Width": 8,
      "Actual Startup Time": 790.949,
      "Actual Total Time": 848.62,
      "Actual Rows": 1,
      "Actual Loops": 1,
      "Plans": [
        {
          "Node Type": "Gather",
          "Parent Relationship": "Outer",
          "Parallel Aware": false,
          "Startup Cost": 340560.77,
          "Total Cost": 340561.38,
          "Plan Rows": 6,
          "Plan Width": 8,
          "Actual Startup Time": 790.806,
          "Actual Total Time": 848.608,
          "Actual Rows": 7,
          "Actual Loops": 1,
          "Workers Planned": 6,
          "Workers Launched": 6,
          "Single Copy": false,
          "Plans": [
            {
              "Node Type": "Aggregate",
              "Strategy": "Plain",
              "Partial Mode": "Partial",
              "Parent Relationship": "Outer",
              "Parallel Aware": false,
              "Startup Cost": 339560.77,
              "Total Cost": 339560.78,
              "Plan Rows": 1,
              "Plan Width": 8,
              "Actual Startup Time": 781.902,
              "Actual Total Time": 781.903,
              "Actual Rows": 1,
              "Actual Loops": 7,
              "Plans": [
                {
                  "Node Type": "Seq Scan",
                  "Parent Relationship": "Outer",
                  "Parallel Aware": true,
                  "Relation Name": "cast_info",
                  "Alias": "ci",
                  "Startup Cost": 0.0,
                  "Total Cost": 328162.03,
                  "Plan Rows": 4559496,
                  "Plan Width": 0,
                  "Actual Startup Time": 0.049,
                  "Actual Total Time": 616.551,
                  "Actual Rows": 3920961,
                  "Actual Loops": 7,
                  "Filter": "(person_id < 2811981)",
                  "Rows Removed by Filter": 1256802
                }
              ]
            }
          ]
        }
      ]
    },
    "Planning Time": 0.2,
    "Triggers": [],
    "Execution Time": 848.693
  }
]