[
  {
    "Plan": {
      "Node Type": "Aggregate",
      "Strategy": "Plain",
      "Partial Mode": "Simple",
      "Parallel Aware": false,
      "Startup Cost": 92088.79,
      "Total Cost": 92088.8,
      "Plan Rows": 1,
      "Plan Width": 64,
      "Actual Startup Time": 3922.216,
      "Actual Total Time": 3922.22,
      "Actual Rows": 1,
      "Actual Loops": 1,
      "Output": [
        "min(n.name)",
        "min(t.title)"
      ],
      "Plans": [
        {
          "Node Type": "Nested Loop",
          "Parent Relationship": "Outer",
          "Parallel Aware": false,
          "Join Type": "Inner",
          "Startup Cost": 1.85,
          "Total Cost": 92088.78,
          "Plan Rows": 1,
          "Plan Width": 32,
          "Actual Startup Time": 36.722,
          "Actual Total Time": 3920.71,
          "Actual Rows": 3504,
          "Actual Loops": 1,
          "Output": [
            "n.name",
            "t.title"
          ],
          "Inner Unique": true,
          "Join Filter": "(mii.movie_id = t.id)",
          "Rows Removed by Join Filter": 0,
          "Plans": [
            {
              "Node Type": "Nested Loop",
              "Parent Relationship": "Outer",
              "Parallel Aware": false,
              "Join Type": "Inner",
              "Startup Cost": 1.42,
              "Total Cost": 92088.32,
              "Plan Rows": 1,
              "Plan Width": 23,
              "Actual Startup Time": 36.621,
              "Actual Total Time": 3883.055,
              "Actual Rows": 3504,
              "Actual Loops": 1,
              "Output": [
                "mii.movie_id",
                "ci.movie_id",
                "n.name"
              ],
              "Inner Unique": false,
              "Join Filter": "(mii.info_type_id = it1.id)",
              "Rows Removed by Join Filter": 22742,
              "Plans": [
                {
                  "Node Type": "Seq Scan",
                  "Parent Relationship": "Outer",
                  "Parallel Aware": false,
                  "Relation Name": "info_type",
                  "Schema": "public",
                  "Alias": "it1",
                  "Startup Cost": 0.0,
                  "Total Cost": 2.41,
                  "Plan Rows": 1,
                  "Plan Width": 4,
                  "Actual Startup Time": 0.173,
                  "Actual Total Time": 0.178,
                  "Actual Rows": 1,
                  "Actual Loops": 1,
                  "Output": [
                    "it1.id",
                    "it1.info"
                  ],
                  "Filter": "((it1.info)::text ~~* 'rating'::text)",
                  "Rows Removed by Filter": 112
                },
                {
                  "Node Type": "Nested Loop",
                  "Parent Relationship": "Inner",
                  "Parallel Aware": false,
                  "Join Type": "Inner",
                  "Startup Cost": 1.42,
                  "Total Cost": 92083.72,
                  "Plan Rows": 175,
                  "Plan Width": 27,
                  "Actual Startup Time": 8.96,
                  "Actual Total Time": 3880.346,
                  "Actual Rows": 26246,
                  "Actual Loops": 1,
                  "Output": [
                    "ci.movie_id",
                    "mii.info_type_id",
                    "mii.movie_id",
                    "n.name"
                  ],
                  "Inner Unique": false,
                  "Plans": [
                    {
                      "Node Type": "Nested Loop",
                      "Parent Relationship": "Outer",
                      "Parallel Aware": false,
                      "Join Type": "Inner",
                      "Startup Cost": 0.99,
                      "Total Cost": 91315.19,
                      "Plan Rows": 1495,
                      "Plan Width": 19,
                      "Actual Startup Time": 7.615,
                      "Actual Total Time": 3021.513,
                      "Actual Rows": 209061,
                      "Actual Loops": 1,
                      "Output": [
                        "ci.movie_id",
                        "n.name"
                      ],
                      "Inner Unique": false,
                      "Plans": [
                        {
                          "Node Type": "Nested Loop",
                          "Parent Relationship": "Outer",
                          "Parallel Aware": false,
                          "Join Type": "Inner",
                          "Startup Cost": 0.43,
                          "Total Cost": 91241.37,
                          "Plan Rows": 5,
                          "Plan Width": 23,
                          "Actual Startup Time": 7.449,
                          "Actual Total Time": 2838.554,
                          "Actual Rows": 4668,
                          "Actual Loops": 1,
                          "Output": [
                            "pi.person_id",
                            "n.name",
                            "n.id"
                          ],
                          "Inner Unique": true,
                          "Join Filter": "(pi.info_type_id = it2.id)",
                          "Rows Removed by Join Filter": 35070,
                          "Plans": [
                            {
                              "Node Type": "Nested Loop",
                              "Parent Relationship": "Outer",
                              "Parallel Aware": false,
                              "Join Type": "Inner",
                              "Startup Cost": 0.43,
                              "Total Cost": 90425.36,
                              "Plan Rows": 27200,
                              "Plan Width": 27,
                              "Actual Startup Time": 2.309,
                              "Actual Total Time": 2828.344,
                              "Actual Rows": 16348,
                              "Actual Loops": 1,
                              "Output": [
                                "n.name",
                                "n.id",
                                "pi.person_id",
                                "pi.info_type_id"
                              ],
                              "Inner Unique": true,
                              "Plans": [
                                {
                                  "Node Type": "Seq Scan",
                                  "Parent Relationship": "Outer",
                                  "Parallel Aware": false,
                                  "Relation Name": "person_info",
                                  "Schema": "public",
                                  "Alias": "pi",
                                  "Startup Cost": 0.0,
                                  "Total Cost": 88135.64,
                                  "Plan Rows": 272,
                                  "Plan Width": 8,
                                  "Actual Startup Time": 2.195,
                                  "Actual Total Time": 2676.661,
                                  "Actual Rows": 16348,
                                  "Actual Loops": 1,
                                  "Output": [
                                    "pi.id",
                                    "pi.person_id",
                                    "pi.info_type_id",
                                    "pi.info",
                                    "pi.note"
                                  ],
                                  "Filter": "(pi.info ~~* '%india%'::text)",
                                  "Rows Removed by Filter": 2947316
                                },
                                {
                                  "Node Type": "Index Scan",
                                  "Parent Relationship": "Inner",
                                  "Parallel Aware": false,
                                  "Scan Direction": "Forward",
                                  "Index Name": "name_pkey",
                                  "Relation Name": "name",
                                  "Schema": "public",
                                  "Alias": "n",
                                  "Startup Cost": 0.43,
                                  "Total Cost": 8.42,
                                  "Plan Rows": 1,
                                  "Plan Width": 19,
                                  "Actual Startup Time": 0.009,
                                  "Actual Total Time": 0.009,
                                  "Actual Rows": 1,
                                  "Actual Loops": 16348,
                                  "Output": [
                                    "n.id",
                                    "n.name",
                                    "n.imdb_index",
                                    "n.imdb_id",
                                    "n.gender",
                                    "n.name_pcode_cf",
                                    "n.name_pcode_nf",
                                    "n.surname_pcode",
                                    "n.md5sum"
                                  ],
                                  "Index Cond": "(n.id = pi.person_id)",
                                  "Rows Removed by Index Recheck": 0
                                }
                              ]
                            },
                            {
                              "Node Type": "Materialize",
                              "Parent Relationship": "Inner",
                              "Parallel Aware": false,
                              "Startup Cost": 0.0,
                              "Total Cost": 2.42,
                              "Plan Rows": 2,
                              "Plan Width": 4,
                              "Actual Startup Time": 0.0,
                              "Actual Total Time": 0.0,
                              "Actual Rows": 2,
                              "Actual Loops": 16348,
                              "Output": [
                                "it2.id"
                              ],
                              "Plans": [
                                {
                                  "Node Type": "Seq Scan",
                                  "Parent Relationship": "Outer",
                                  "Parallel Aware": false,
                                  "Relation Name": "info_type",
                                  "Schema": "public",
                                  "Alias": "it2",
                                  "Startup Cost": 0.0,
                                  "Total Cost": 2.41,
                                  "Plan Rows": 2,
                                  "Plan Width": 4,
                                  "Actual Startup Time": 0.035,
                                  "Actual Total Time": 0.115,
                                  "Actual Rows": 3,
                                  "Actual Loops": 1,
                                  "Output": [
                                    "it2.id"
                                  ],
                                  "Filter": "((it2.info)::text ~~* '%birth%'::text)",
                                  "Rows Removed by Filter": 110
                                }
                              ]
                            }
                          ]
                        },
                        {
                          "Node Type": "Index Scan",
                          "Parent Relationship": "Inner",
                          "Parallel Aware": false,
                          "Scan Direction": "Forward",
                          "Index Name": "person_id_cast_info",
                          "Relation Name": "cast_info",
                          "Schema": "public",
                          "Alias": "ci",
                          "Startup Cost": 0.56,
                          "Total Cost": 9.73,
                          "Plan Rows": 503,
                          "Plan Width": 8,
                          "Actual Startup Time": 0.017,
                          "Actual Total Time": 0.033,
                          "Actual Rows": 45,
                          "Actual Loops": 4668,
                          "Output": [
                            "ci.id",
                            "ci.person_id",
                            "ci.movie_id",
                            "ci.person_role_id",
                            "ci.note",
                            "ci.nr_order",
                            "ci.role_id"
                          ],
                          "Index Cond": "(ci.person_id = n.id)",
                          "Rows Removed by Index Recheck": 0
                        }
                      ]
                    },
                    {
                      "Node Type": "Index Scan",
                      "Parent Relationship": "Inner",
                      "Parallel Aware": false,
                      "Scan Direction": "Forward",
                      "Index Name": "movie_id_movie_info_idx",
                      "Relation Name": "movie_info_idx",
                      "Schema": "public",
                      "Alias": "mii",
                      "Startup Cost": 0.43,
                      "Total Cost": 0.5,
                      "Plan Rows": 1,
                      "Plan Width": 8,
                      "Actual Startup Time": 0.004,
                      "Actual Total Time": 0.004,
                      "Actual Rows": 0,
                      "Actual Loops": 209061,
                      "Output": [
                        "mii.id",
                        "mii.movie_id",
                        "mii.info_type_id",
                        "mii.info",
                        "mii.note"
                      ],
                      "Index Cond": "(mii.movie_id = ci.movie_id)",
                      "Rows Removed by Index Recheck": 0,
                      "Filter": "((mii.info ~~* '8%'::text) OR (mii.info ~~* '9%'::text) OR (mii.info ~~* '10%'::text))",
                      "Rows Removed by Filter": 1
                    }
                  ]
                }
              ]
            },
            {
              "Node Type": "Index Scan",
              "Parent Relationship": "Inner",
              "Parallel Aware": false,
              "Scan Direction": "Forward",
              "Index Name": "title_pkey",
              "Relation Name": "title",
              "Schema": "public",
              "Alias": "t",
              "Startup Cost": 0.43,
              "Total Cost": 0.45,
              "Plan Rows": 1,
              "Plan Width": 21,
              "Actual Startup Time": 0.01,
              "Actual Total Time": 0.01,
              "Actual Rows": 1,
              "Actual Loops": 3504,
              "Output": [
                "t.id",
                "t.title",
                "t.imdb_index",
                "t.kind_id",
                "t.production_year",
                "t.imdb_id",
                "t.phonetic_code",
                "t.episode_of_id",
                "t.season_nr",
                "t.episode_nr",
                "t.series_years",
                "t.md5sum"
              ],
              "Index Cond": "(t.id = ci.movie_id)",
              "Rows Removed by Index Recheck": 0
            }
          ]
        }
      ]
    },
    "Planning Time": 14500.053,
    "Triggers": [],
    "Execution Time": 3922.576
  }
]