[
  {
    "Plan": {
      "Node Type": "Aggregate",
      "Strategy": "Plain",
      "Partial Mode": "Finalize",
      "Parallel Aware": false,
      "Startup Cost": 108953.03,
      "Total Cost": 108953.04,
      "Plan Rows": 1,
      "Plan Width": 8,
      "Actual Startup Time": 400.689,
      "Actual Total Time": 419.97,
      "Actual Rows": 1,
      "Actual Loops": 1,
      "Plans": [
        {
          "Node Type": "Gather",
          "Parent Relationship": "Outer",
          "Parallel Aware": false,
          "Startup Cost": 108952.71,
          "Total Cost": 108953.02,
          "Plan Rows": 3,
          "Plan Width": 8,
          "Actual Startup Time": 398.777,
          "Actual Total Time": 419.957,
          "Actual Rows": 4,
          "Actual Loops": 1,
          "Workers Planned": 3,
          "Workers Launched": 3,
          "Single Copy": false,
          "Plans": [
            {
              "Node Type": "Aggregate",
              "Strategy": "Plain",
              "Partial Mode": "Partial",
              "Parent Relationship": "Outer",
              "Parallel Aware": false,
              "Startup Cost": 107952.71,
              "Total Cost": 107952.72,
              "Plan Rows": 1,
              "Plan Width": 8,
              "Actual Startup Time": 392.999,
              "Actual Total Time": 393.007,
              "Actual Rows": 1,
              "Actual Loops": 4,
              "Plans": [
                {
                  "Node Type": "Hash Join",
                  "Parent Relationship": "Outer",
                  "Parallel Aware": true,
                  "Join Type": "Inner",
                  "Startup Cost": 63090.16,
                  "Total Cost": 107824.19,
                  "Plan Rows": 51410,
                  "Plan Width": 0,
                  "Actual Startup Time": 213.366,
                  "Actual Total Time": 391.735,
                  "Actual Rows": 27899,
                  "Actual Loops": 4,
                  "Inner Unique": false,
                  "Hash Cond": "(mk.movie_id = t.id)",
                  "Plans": [
                    {
                      "Node Type": "Seq Scan",
                      "Parent Relationship": "Outer",
                      "Parallel Aware": true,
                      "Relation Name": "movie_keyword",
                      "Alias": "mk",
                      "Startup Cost": 0.0,
                      "Total Cost": 39047.32,
                      "Plan Rows": 1459332,
                      "Plan Width": 4,
                      "Actual Startup Time": 0.036,
                      "Actual Total Time": 92.941,
                      "Actual Rows": 1130982,
                      "Actual Loops": 4
                    },
                    {
                      "Node Type": "Hash",
                      "Parent Relationship": "Inner",
                      "Parallel Aware": true,
                      "Startup Cost": 62626.24,
                      "Total Cost": 62626.24,
                      "Plan Rows": 37114,
                      "Plan Width": 8,
                      "Actual Startup Time": 211.433,
                      "Actual Total Time": 211.44,
                      "Actual Rows": 11774,
                      "Actual Loops": 4,
                      "Hash Buckets": 131072,
                      "Original Hash Buckets": 131072,
                      "Hash Batches": 1,
                      "Original Hash Batches": 1,
                      "Peak Memory Usage": 2912,
                      "Plans": [
                        {
                          "Node Type": "Hash Join",
                          "Parent Relationship": "Outer",
                          "Parallel Aware": true,
                          "Join Type": "Inner",
                          "Startup Cost": 46995.89,
                          "Total Cost": 62626.24,
                          "Plan Rows": 37114,
                          "Plan Width": 8,
                          "Actual Startup Time": 140.717,
                          "Actual Total Time": 207.776,
                          "Actual Rows": 11774,
                          "Actual Loops": 4,
                          "Inner Unique": true,
                          "Hash Cond": "(mi_idx.movie_id = t.id)",
                          "Plans": [
                            {
                              "Node Type": "Seq Scan",
                              "Parent Relationship": "Outer",
                              "Parallel Aware": true,
                              "Relation Name": "movie_info_idx",
                              "Alias": "mi_idx",
                              "Startup Cost": 0.0,
                              "Total Cost": 15122.68,
                              "Plan Rows": 193397,
                              "Plan Width": 4,
                              "Actual Startup Time": 0.015,
                              "Actual Total Time": 36.145,
                              "Actual Rows": 115046,
                              "Actual Loops": 4,
                              "Filter": "(info_type_id > 100)",
                              "Rows Removed by Filter": 229962
                            },
                            {
                              "Node Type": "Hash",
                              "Parent Relationship": "Inner",
                              "Parallel Aware": true,
                              "Startup Cost": 45479.59,
                              "Total Cost": 45479.59,
                              "Plan Rows": 121304,
                              "Plan Width": 4,
                              "Actual Startup Time": 138.417,
                              "Actual Total Time": 138.419,
                              "Actual Rows": 94836,
                              "Actual Loops": 4,
                              "Hash Buckets": 524288,
                              "Original Hash Buckets": 524288,
                              "Hash Batches": 1,
                              "Original Hash Batches": 1,
                              "Peak Memory Usage": 18976,
                              "Plans": [
                                {
                                  "Node Type": "Seq Scan",
                                  "Parent Relationship": "Outer",
                                  "Parallel Aware": true,
                                  "Relation Name": "title",
                                  "Alias": "t",
                                  "Startup Cost": 0.0,
                                  "Total Cost": 45479.59,
                                  "Plan Rows": 121304,
                                  "Plan Width": 4,
                                  "Actual Startup Time": 0.032,
                                  "Actual Total Time": 102.903,
                                  "Actual Rows": 94836,
                                  "Actual Loops": 4,
                                  "Filter": "((production_year < 1995) AND (kind_id = 7))",
                                  "Rows Removed by Filter": 537242
                                }
                              ]
                            }
                          ]
                        }
                      ]
                    }
                  ]
                }
              ]
            }
          ]
        }
      ]
    },
    "Planning Time": 1.362,
    "Triggers": [],
    "Execution Time": 420.058
  }
]