{
  "Plan": {
    "Node Type": "Aggregate",
    "Strategy": "Plain",
    "Partial Mode": "Finalize",
    "Parallel Aware": false,
    "Startup Cost": 259142.51,
    "Total Cost": 259142.52,
    "Plan Rows": 1,
    "Plan Width": 8,
    "Actual Startup Time": 592.632,
    "Actual Total Time": 613.363,
    "Actual Rows": 1,
    "Actual Loops": 1,
    "Plans": [
      {
        "Node Type": "Gather",
        "Parent Relationship": "Outer",
        "Parallel Aware": false,
        "Startup Cost": 259142.4,
        "Total Cost": 259142.51,
        "Plan Rows": 1,
        "Plan Width": 8,
        "Actual Startup Time": 589.627,
        "Actual Total Time": 613.354,
        "Actual Rows": 2,
        "Actual Loops": 1,
        "Workers Planned": 1,
        "Workers Launched": 1,
        "Single Copy": false,
        "Plans": [
          {
            "Node Type": "Aggregate",
            "Strategy": "Plain",
            "Partial Mode": "Partial",
            "Parent Relationship": "Outer",
            "Parallel Aware": false,
            "Startup Cost": 258142.4,
            "Total Cost": 258142.41,
            "Plan Rows": 1,
            "Plan Width": 8,
            "Actual Startup Time": 583.882,
            "Actual Total Time": 583.885,
            "Actual Rows": 1,
            "Actual Loops": 2,
            "Plans": [
              {
                "Node Type": "Hash Join",
                "Parent Relationship": "Outer",
                "Parallel Aware": true,
                "Join Type": "Inner",
                "Startup Cost": 84446.07,
                "Total Cost": 257408.77,
                "Plan Rows": 293450,
                "Plan Width": 0,
                "Actual Startup Time": 367.517,
                "Actual Total Time": 575.649,
                "Actual Rows": 199732,
                "Actual Loops": 2,
                "Inner Unique": true,
                "Hash Cond": "(mi.movie_id = t.id)",
                "Plans": [
                  {
                    "Node Type": "Bitmap Heap Scan",
                    "Parent Relationship": "Outer",
                    "Parallel Aware": true,
                    "Relation Name": "movie_info",
                    "Alias": "mi",
                    "Startup Cost": 22335.86,
                    "Total Cost": 193394.73,
                    "Plan Rows": 725269,
                    "Plan Width": 4,
                    "Actual Startup Time": 51.882,
                    "Actual Total Time": 148.005,
                    "Actual Rows": 596886,
                    "Actual Loops": 2,
                    "Recheck Cond": "(info_type_id > 40)",
                    "Rows Removed by Index Recheck": 0,
                    "Exact Heap Blocks": 18317,
                    "Lossy Heap Blocks": 0,
                    "Plans": [
                      {
                        "Node Type": "Bitmap Index Scan",
                        "Parent Relationship": "Outer",
                        "Parallel Aware": false,
                        "Index Name": "info_type_id_movie_info",
                        "Startup Cost": 0.0,
                        "Total Cost": 22027.62,
                        "Plan Rows": 1232958,
                        "Plan Width": 0,
                        "Actual Startup Time": 46.372,
                        "Actual Total Time": 46.373,
                        "Actual Rows": 1193772,
                        "Actual Loops": 1,
                        "Index Cond": "(info_type_id > 40)"
                      }
                    ]
                  },
                  {
                    "Node Type": "Hash",
                    "Parent Relationship": "Inner",
                    "Parallel Aware": true,
                    "Startup Cost": 54588.39,
                    "Total Cost": 54588.39,
                    "Plan Rows": 601746,
                    "Plan Width": 4,
                    "Actual Startup Time": 284.971,
                    "Actual Total Time": 284.972,
                    "Actual Rows": 506460,
                    "Actual Loops": 2,
                    "Hash Buckets": 1048576,
                    "Original Hash Buckets": 1048576,
                    "Hash Batches": 1,
                    "Original Hash Batches": 1,
                    "Peak Memory Usage": 47872,
                    "Plans": [
                      {
                        "Node Type": "Seq Scan",
                        "Parent Relationship": "Outer",
                        "Parallel Aware": true,
                        "Relation Name": "title",
                        "Alias": "t",
                        "Startup Cost": 0.0,
                        "Total Cost": 54588.39,
                        "Plan Rows": 601746,
                        "Plan Width": 4,
                        "Actual Startup Time": 0.035,
                        "Actual Total Time": 160.687,
                        "Actual Rows": 506460,
                        "Actual Loops": 2,
                        "Filter": "(production_year > 2005)",
                        "Rows Removed by Filter": 757696
                      }
                    ]
                  }
                ]
              }
            ]
          }
        ]
      }
    ]
  },
  "Planning Time": 0.647,
  "Triggers": [],
  "Execution Time": 613.454
}