[
  {
    "Plan": {
      "Node Type": "Aggregate",
      "Strategy": "Plain",
      "Partial Mode": "Finalize",
      "Parallel Aware": false,
      "Startup Cost": 408684.93,
      "Total Cost": 408684.94,
      "Plan Rows": 1,
      "Plan Width": 8,
      "Actual Startup Time": 3509.358,
      "Actual Total Time": 3558.628,
      "Actual Rows": 1,
      "Actual Loops": 1,
      "Plans": [
        {
          "Node Type": "Gather",
          "Parent Relationship": "Outer",
          "Parallel Aware": false,
          "Startup Cost": 408684.3,
          "Total Cost": 408684.91,
          "Plan Rows": 6,
          "Plan Width": 8,
          "Actual Startup Time": 3490.224,
          "Actual Total Time": 3558.612,
          "Actual Rows": 7,
          "Actual Loops": 1,
          "Workers Planned": 6,
          "Workers Launched": 6,
          "Single Copy": false,
          "Plans": [
            {
              "Node Type": "Aggregate",
              "Strategy": "Plain",
              "Partial Mode": "Partial",
              "Parent Relationship": "Outer",
              "Parallel Aware": false,
              "Startup Cost": 407684.3,
              "Total Cost": 407684.31,
              "Plan Rows": 1,
              "Plan Width": 8,
              "Actual Startup Time": 3474.065,
              "Actual Total Time": 3474.068,
              "Actual Rows": 1,
              "Actual Loops": 7,
              "Plans": [
                {
                  "Node Type": "Hash Join",
                  "Parent Relationship": "Outer",
                  "Parallel Aware": true,
                  "Join Type": "Inner",
                  "Startup Cost": 50220.38,
                  "Total Cost": 393414.79,
                  "Plan Rows": 5707806,
                  "Plan Width": 0,
                  "Actual Startup Time": 303.741,
                  "Actual Total Time": 3229.709,
                  "Actual Rows": 4883831,
                  "Actual Loops": 7,
                  "Inner Unique": true,
                  "Hash Cond": "(ci.movie_id = t.id)",
                  "Plans": [
                    {
                      "Node Type": "Seq Scan",
                      "Parent Relationship": "Outer",
                      "Parallel Aware": true,
                      "Relation Name": "cast_info",
                      "Alias": "ci",
                      "Startup Cost": 0.0,
                      "Total Cost": 328211.39,
                      "Plan Rows": 5707806,
                      "Plan Width": 4,
                      "Actual Startup Time": 25.889,
                      "Actual Total Time": 730.004,
                      "Actual Rows": 4883831,
                      "Actual Loops": 7,
                      "Filter": "(person_id > 201964)",
                      "Rows Removed by Filter": 293932
                    },
                    {
                      "Node Type": "Hash",
                      "Parent Relationship": "Inner",
                      "Parallel Aware": true,
                      "Startup Cost": 42319.06,
                      "Total Cost": 42319.06,
                      "Plan Rows": 632106,
                      "Plan Width": 4,
                      "Actual Startup Time": 272.51,
                      "Actual Total Time": 272.511,
                      "Actual Rows": 361187,
                      "Actual Loops": 7,
                      "Hash Buckets": 4194304,
                      "Original Hash Buckets": 4194304,
                      "Hash Batches": 1,
                      "Original Hash Batches": 1,
                      "Peak Memory Usage": 131808,
                      "Plans": [
                        {
                          "Node Type": "Seq Scan",
                          "Parent Relationship": "Outer",
                          "Parallel Aware": true,
                          "Relation Name": "title",
                          "Alias": "t",
                          "Startup Cost": 0.0,
                          "Total Cost": 42319.06,
                          "Plan Rows": 632106,
                          "Plan Width": 4,
                          "Actual Startup Time": 0.045,
                          "Actual Total Time": 83.053,
                          "Actual Rows": 361187,
                          "Actual Loops": 7
                        }
                      ]
                    }
                  ]
                }
              ]
            }
          ]
        }
      ]
    },
    "Planning Time": 0.478,
    "Triggers": [],
    "Execution Time": 3558.682
  }
]