{
  "Plan": {
    "Node Type": "Aggregate",
    "Strategy": "Plain",
    "Partial Mode": "Finalize",
    "Parallel Aware": false,
    "Startup Cost": 1775202.85,
    "Total Cost": 1775202.86,
    "Plan Rows": 1,
    "Plan Width": 8,
    "Actual Startup Time": 9417.31,
    "Actual Total Time": 9498.683,
    "Actual Rows": 1,
    "Actual Loops": 1,
    "Plans": [
      {
        "Node Type": "Gather",
        "Parent Relationship": "Outer",
        "Parallel Aware": false,
        "Startup Cost": 1775202.74,
        "Total Cost": 1775202.85,
        "Plan Rows": 1,
        "Plan Width": 8,
        "Actual Startup Time": 8924.068,
        "Actual Total Time": 9498.663,
        "Actual Rows": 2,
        "Actual Loops": 1,
        "Workers Planned": 1,
        "Workers Launched": 1,
        "Single Copy": false,
        "Plans": [
          {
            "Node Type": "Aggregate",
            "Strategy": "Plain",
            "Partial Mode": "Partial",
            "Parent Relationship": "Outer",
            "Parallel Aware": false,
            "Startup Cost": 1774202.74,
            "Total Cost": 1774202.75,
            "Plan Rows": 1,
            "Plan Width": 8,
            "Actual Startup Time": 9139.078,
            "Actual Total Time": 9139.09,
            "Actual Rows": 1,
            "Actual Loops": 2,
            "Plans": [
              {
                "Node Type": "Merge Join",
                "Parent Relationship": "Outer",
                "Parallel Aware": false,
                "Join Type": "Inner",
                "Startup Cost": 1683956.75,
                "Total Cost": 1765433.81,
                "Plan Rows": 3507572,
                "Plan Width": 0,
                "Actual Startup Time": 7882.774,
                "Actual Total Time": 9133.894,
                "Actual Rows": 89328,
                "Actual Loops": 2,
                "Inner Unique": false,
                "Merge Cond": "(t.id = mi.movie_id)",
                "Plans": [
                  {
                    "Node Type": "Sort",
                    "Parent Relationship": "Outer",
                    "Parallel Aware": false,
                    "Startup Cost": 1317242.39,
                    "Total Cost": 1331685.32,
                    "Plan Rows": 5777169,
                    "Plan Width": 8,
                    "Actual Startup Time": 7350.96,
                    "Actual Total Time": 7918.419,
                    "Actual Rows": 6220866,
                    "Actual Loops": 2,
                    "Sort Key": [
                      "t.id"
                    ],
                    "Sort Method": "quicksort",
                    "Sort Space Used": 493970,
                    "Sort Space Type": "Memory",
                    "Workers": [
                      {
                        "Worker Number": 0,
                        "Sort Method": "quicksort",
                        "Sort Space Used": 482453,
                        "Sort Space Type": "Memory"
                      }
                    ],
                    "Plans": [
                      {
                        "Node Type": "Hash Join",
                        "Parent Relationship": "Outer",
                        "Parallel Aware": true,
                        "Join Type": "Inner",
                        "Startup Cost": 68554.53,
                        "Total Cost": 668410.53,
                        "Plan Rows": 5777169,
                        "Plan Width": 8,
                        "Actual Startup Time": 876.794,
                        "Actual Total Time": 5805.279,
                        "Actual Rows": 6220866,
                        "Actual Loops": 2,
                        "Inner Unique": true,
                        "Hash Cond": "(ci.movie_id = t.id)",
                        "Plans": [
                          {
                            "Node Type": "Seq Scan",
                            "Parent Relationship": "Outer",
                            "Parallel Aware": true,
                            "Relation Name": "cast_info",
                            "Alias": "ci",
                            "Startup Cost": 0.0,
                            "Total Cost": 572345.93,
                            "Plan Rows": 10480009,
                            "Plan Width": 4,
                            "Actual Startup Time": 506.919,
                            "Actual Total Time": 1877.028,
                            "Actual Rows": 10493319,
                            "Actual Loops": 2,
                            "Filter": "((person_id > 905056) AND (role_id > 1))",
                            "Rows Removed by Filter": 7628853
                          },
                          {
                            "Node Type": "Hash",
                            "Parent Relationship": "Inner",
                            "Parallel Aware": true,
                            "Startup Cost": 58306.47,
                            "Total Cost": 58306.47,
                            "Plan Rows": 819845,
                            "Plan Width": 4,
                            "Actual Startup Time": 355.884,
                            "Actual Total Time": 355.887,
                            "Actual Rows": 737212,
                            "Actual Loops": 2,
                            "Hash Buckets": 2097152,
                            "Original Hash Buckets": 2097152,
                            "Hash Batches": 1,
                            "Original Hash Batches": 1,
                            "Peak Memory Usage": 74080,
                            "Plans": [
                              {
                                "Node Type": "Seq Scan",
                                "Parent Relationship": "Outer",
                                "Parallel Aware": true,
                                "Relation Name": "title",
                                "Alias": "t",
                                "Startup Cost": 0.0,
                                "Total Cost": 58306.47,
                                "Plan Rows": 819845,
                                "Plan Width": 4,
                                "Actual Startup Time": 0.03,
                                "Actual Total Time": 165.676,
                                "Actual Rows": 737212,
                                "Actual Loops": 2,
                                "Filter": "((production_year > 1950) AND (kind_id = 7))",
                                "Rows Removed by Filter": 526944
                              }
                            ]
                          }
                        ]
                      }
                    ]
                  },
                  {
                    "Node Type": "Sort",
                    "Parent Relationship": "Inner",
                    "Parallel Aware": false,
                    "Startup Cost": 366713.77,
                    "Total Cost": 370551.37,
                    "Plan Rows": 1535037,
                    "Plan Width": 4,
                    "Actual Startup Time": 531.662,
                    "Actual Total Time": 615.302,
                    "Actual Rows": 1610116,
                    "Actual Loops": 2,
                    "Sort Key": [
                      "mi.movie_id"
                    ],
                    "Sort Method": "quicksort",
                    "Sort Space Used": 121054,
                    "Sort Space Type": "Memory",
                    "Workers": [
                      {
                        "Worker Number": 0,
                        "Sort Method": "quicksort",
                        "Sort Space Used": 121054,
                        "Sort Space Type": "Memory"
                      }
                    ],
                    "Plans": [
                      {
                        "Node Type": "Bitmap Heap Scan",
                        "Parent Relationship": "Outer",
                        "Parallel Aware": false,
                        "Relation Name": "movie_info",
                        "Alias": "mi",
                        "Startup Cost": 27808.97,
                        "Total Cost": 208989.93,
                        "Plan Rows": 1535037,
                        "Plan Width": 4,
                        "Actual Startup Time": 43.779,
                        "Actual Total Time": 195.363,
                        "Actual Rows": 1533909,
                        "Actual Loops": 2,
                        "Recheck Cond": "(info_type_id = 3)",
                        "Rows Removed by Index Recheck": 0,
                        "Exact Heap Blocks": 9770,
                        "Lossy Heap Blocks": 0,
                        "Plans": [
                          {
                            "Node Type": "Bitmap Index Scan",
                            "Parent Relationship": "Outer",
                            "Parallel Aware": false,
                            "Index Name": "info_type_id_movie_info",
                            "Startup Cost": 0.0,
                            "Total Cost": 27425.21,
                            "Plan Rows": 1535037,
                            "Plan Width": 0,
                            "Actual Startup Time": 42.639,
                            "Actual Total Time": 42.639,
                            "Actual Rows": 1533909,
                            "Actual Loops": 2,
                            "Index Cond": "(info_type_id = 3)"
                          }
                        ]
                      }
                    ]
                  }
                ]
              }
            ]
          }
        ]
      }
    ]
  },
  "Planning Time": 1.091,
  "Triggers": [],
  "Execution Time": 9546.56
}