{
  "Plan": {
    "Node Type": "Aggregate",
    "Strategy": "Plain",
    "Partial Mode": "Finalize",
    "Parallel Aware": false,
    "Startup Cost": 176269.65,
    "Total Cost": 176269.66,
    "Plan Rows": 1,
    "Plan Width": 8,
    "Actual Startup Time": 1379.864,
    "Actual Total Time": 1407.86,
    "Actual Rows": 1,
    "Actual Loops": 1,
    "Plans": [
      {
        "Node Type": "Gather",
        "Parent Relationship": "Outer",
        "Parallel Aware": false,
        "Startup Cost": 176269.53,
        "Total Cost": 176269.64,
        "Plan Rows": 1,
        "Plan Width": 8,
        "Actual Startup Time": 1374.375,
        "Actual Total Time": 1407.851,
        "Actual Rows": 2,
        "Actual Loops": 1,
        "Workers Planned": 1,
        "Workers Launched": 1,
        "Single Copy": false,
        "Plans": [
          {
            "Node Type": "Aggregate",
            "Strategy": "Plain",
            "Partial Mode": "Partial",
            "Parent Relationship": "Outer",
            "Parallel Aware": false,
            "Startup Cost": 175269.53,
            "Total Cost": 175269.54,
            "Plan Rows": 1,
            "Plan Width": 8,
            "Actual Startup Time": 1367.26,
            "Actual Total Time": 1367.267,
            "Actual Rows": 1,
            "Actual Loops": 2,
            "Plans": [
              {
                "Node Type": "Hash Join",
                "Parent Relationship": "Outer",
                "Parallel Aware": true,
                "Join Type": "Inner",
                "Startup Cost": 131920.24,
                "Total Cost": 174511.6,
                "Plan Rows": 303174,
                "Plan Width": 0,
                "Actual Startup Time": 905.047,
                "Actual Total Time": 1272.007,
                "Actual Rows": 2454226,
                "Actual Loops": 2,
                "Inner Unique": false,
                "Hash Cond": "(mc.movie_id = t.id)",
                "Plans": [
                  {
                    "Node Type": "Seq Scan",
                    "Parent Relationship": "Outer",
                    "Parallel Aware": true,
                    "Relation Name": "movie_companies",
                    "Alias": "mc",
                    "Startup Cost": 0.0,
                    "Total Cost": 37974.77,
                    "Plan Rows": 755522,
                    "Plan Width": 4,
                    "Actual Startup Time": 0.018,
                    "Actual Total Time": 108.999,
                    "Actual Rows": 637123,
                    "Actual Loops": 2,
                    "Filter": "(company_type_id < 2)",
                    "Rows Removed by Filter": 667442
                  },
                  {
                    "Node Type": "Hash",
                    "Parent Relationship": "Inner",
                    "Parallel Aware": true,
                    "Startup Cost": 124460.34,
                    "Total Cost": 124460.34,
                    "Plan Rows": 596792,
                    "Plan Width": 8,
                    "Actual Startup Time": 895.681,
                    "Actual Total Time": 895.686,
                    "Actual Rows": 508492,
                    "Actual Loops": 2,
                    "Hash Buckets": 1048576,
                    "Original Hash Buckets": 1048576,
                    "Hash Batches": 1,
                    "Original Hash Batches": 1,
                    "Peak Memory Usage": 48000,
                    "Plans": [
                      {
                        "Node Type": "Hash Join",
                        "Parent Relationship": "Outer",
                        "Parallel Aware": true,
                        "Join Type": "Inner",
                        "Startup Cost": 90979.86,
                        "Total Cost": 124460.34,
                        "Plan Rows": 596792,
                        "Plan Width": 8,
                        "Actual Startup Time": 563.437,
                        "Actual Total Time": 792.393,
                        "Actual Rows": 508492,
                        "Actual Loops": 2,
                        "Inner Unique": true,
                        "Hash Cond": "(mk.movie_id = t.id)",
                        "Plans": [
                          {
                            "Node Type": "Bitmap Heap Scan",
                            "Parent Relationship": "Outer",
                            "Parallel Aware": true,
                            "Relation Name": "movie_keyword",
                            "Alias": "mk",
                            "Startup Cost": 21519.16,
                            "Total Cost": 53433.06,
                            "Plan Rows": 596792,
                            "Plan Width": 4,
                            "Actual Startup Time": 50.917,
                            "Actual Total Time": 141.831,
                            "Actual Rows": 508492,
                            "Actual Loops": 2,
                            "Recheck Cond": "(keyword_id < 992)",
                            "Rows Removed by Index Recheck": 0,
                            "Exact Heap Blocks": 12800,
                            "Lossy Heap Blocks": 0,
                            "Plans": [
                              {
                                "Node Type": "Bitmap Index Scan",
                                "Parent Relationship": "Outer",
                                "Parallel Aware": false,
                                "Index Name": "keyword_id_movie_keyword",
                                "Startup Cost": 0.0,
                                "Total Cost": 21265.53,
                                "Plan Rows": 1014546,
                                "Plan Width": 0,
                                "Actual Startup Time": 47.27,
                                "Actual Total Time": 47.27,
                                "Actual Rows": 1016985,
                                "Actual Loops": 1,
                                "Index Cond": "(keyword_id < 992)"
                              }
                            ]
                          },
                          {
                            "Node Type": "Hash",
                            "Parent Relationship": "Inner",
                            "Parallel Aware": true,
                            "Startup Cost": 50870.31,
                            "Total Cost": 50870.31,
                            "Plan Rows": 1487231,
                            "Plan Width": 4,
                            "Actual Startup Time": 496.274,
                            "Actual Total Time": 496.275,
                            "Actual Rows": 1264156,
                            "Actual Loops": 2,
                            "Hash Buckets": 4194304,
                            "Original Hash Buckets": 4194304,
                            "Hash Batches": 1,
                            "Original Hash Batches": 1,
                            "Peak Memory Usage": 131680,
                            "Plans": [
                              {
                                "Node Type": "Seq Scan",
                                "Parent Relationship": "Outer",
                                "Parallel Aware": true,
                                "Relation Name": "title",
                                "Alias": "t",
                                "Startup Cost": 0.0,
                                "Total Cost": 50870.31,
                                "Plan Rows": 1487231,
                                "Plan Width": 4,
                                "Actual Startup Time": 0.035,
                                "Actual Total Time": 148.285,
                                "Actual Rows": 1264156,
                                "Actual Loops": 2
                              }
                            ]
                          }
                        ]
                      }
                    ]
                  }
                ]
              }
            ]
          }
        ]
      }
    ]
  },
  "Planning Time": 0.863,
  "Triggers": [],
  "Execution Time": 1407.961
}