[
  {
    "Plan": {
      "Node Type": "Aggregate",
      "Strategy": "Plain",
      "Partial Mode": "Finalize",
      "Parallel Aware": false,
      "Startup Cost": 80059.23,
      "Total Cost": 80059.24,
      "Plan Rows": 1,
      "Plan Width": 8,
      "Actual Startup Time": 396.533,
      "Actual Total Time": 414.829,
      "Actual Rows": 1,
      "Actual Loops": 1,
      "Plans": [
        {
          "Node Type": "Gather",
          "Parent Relationship": "Outer",
          "Parallel Aware": false,
          "Startup Cost": 80058.91,
          "Total Cost": 80059.22,
          "Plan Rows": 3,
          "Plan Width": 8,
          "Actual Startup Time": 393.741,
          "Actual Total Time": 414.818,
          "Actual Rows": 4,
          "Actual Loops": 1,
          "Workers Planned": 3,
          "Workers Launched": 3,
          "Single Copy": false,
          "Plans": [
            {
              "Node Type": "Aggregate",
              "Strategy": "Plain",
              "Partial Mode": "Partial",
              "Parent Relationship": "Outer",
              "Parallel Aware": false,
              "Startup Cost": 79058.91,
              "Total Cost": 79058.92,
              "Plan Rows": 1,
              "Plan Width": 8,
              "Actual Startup Time": 388.04,
              "Actual Total Time": 388.044,
              "Actual Rows": 1,
              "Actual Loops": 4,
              "Plans": [
                {
                  "Node Type": "Hash Join",
                  "Parent Relationship": "Outer",
                  "Parallel Aware": true,
                  "Join Type": "Inner",
                  "Startup Cost": 48155.64,
                  "Total Cost": 78670.5,
                  "Plan Rows": 155366,
                  "Plan Width": 0,
                  "Actual Startup Time": 196.413,
                  "Actual Total Time": 379.002,
                  "Actual Rows": 171830,
                  "Actual Loops": 4,
                  "Inner Unique": true,
                  "Hash Cond": "(mc.movie_id = t.id)",
                  "Plans": [
                    {
                      "Node Type": "Seq Scan",
                      "Parent Relationship": "Outer",
                      "Parallel Aware": true,
                      "Relation Name": "movie_companies",
                      "Alias": "mc",
                      "Startup Cost": 0.0,
                      "Total Cost": 29310.68,
                      "Plan Rows": 458736,
                      "Plan Width": 4,
                      "Actual Startup Time": 0.013,
                      "Actual Total Time": 79.687,
                      "Actual Rows": 357726,
                      "Actual Loops": 4,
                      "Filter": "(company_id < 12667)",
                      "Rows Removed by Filter": 294556
                    },
                    {
                      "Node Type": "Hash",
                      "Parent Relationship": "Inner",
                      "Parallel Aware": true,
                      "Startup Cost": 45479.59,
                      "Total Cost": 45479.59,
                      "Plan Rows": 214084,
                      "Plan Width": 4,
                      "Actual Startup Time": 192.557,
                      "Actual Total Time": 192.558,
                      "Actual Rows": 192488,
                      "Actual Loops": 4,
                      "Hash Buckets": 1048576,
                      "Original Hash Buckets": 1048576,
                      "Hash Batches": 1,
                      "Original Hash Batches": 1,
                      "Peak Memory Usage": 38400,
                      "Plans": [
                        {
                          "Node Type": "Seq Scan",
                          "Parent Relationship": "Outer",
                          "Parallel Aware": true,
                          "Relation Name": "title",
                          "Alias": "t",
                          "Startup Cost": 0.0,
                          "Total Cost": 45479.59,
                          "Plan Rows": 214084,
                          "Plan Width": 4,
                          "Actual Startup Time": 0.038,
                          "Actual Total Time": 116.721,
                          "Actual Rows": 192488,
                          "Actual Loops": 4,
                          "Filter": "((kind_id < 7) AND (production_year > 1962))",
                          "Rows Removed by Filter": 439590
                        }
                      ]
                    }
                  ]
                }
              ]
            }
          ]
        }
      ]
    },
    "Planning Time": 0.427,
    "Triggers": [],
    "Execution Time": 414.888
  }
]