[
  {
    "Plan": {
      "Node Type": "Aggregate",
      "Strategy": "Plain",
      "Partial Mode": "Finalize",
      "Parallel Aware": false,
      "Startup Cost": 32920.51,
      "Total Cost": 32920.52,
      "Plan Rows": 1,
      "Plan Width": 8,
      "Actual Startup Time": 94.742,
      "Actual Total Time": 102.317,
      "Actual Rows": 1,
      "Actual Loops": 1,
      "Plans": [
        {
          "Node Type": "Gather",
          "Parent Relationship": "Outer",
          "Parallel Aware": false,
          "Startup Cost": 32920.2,
          "Total Cost": 32920.51,
          "Plan Rows": 3,
          "Plan Width": 8,
          "Actual Startup Time": 94.651,
          "Actual Total Time": 102.31,
          "Actual Rows": 4,
          "Actual Loops": 1,
          "Workers Planned": 3,
          "Workers Launched": 3,
          "Single Copy": false,
          "Plans": [
            {
              "Node Type": "Aggregate",
              "Strategy": "Plain",
              "Partial Mode": "Partial",
              "Parent Relationship": "Outer",
              "Parallel Aware": false,
              "Startup Cost": 31920.2,
              "Total Cost": 31920.21,
              "Plan Rows": 1,
              "Plan Width": 8,
              "Actual Startup Time": 87.005,
              "Actual Total Time": 87.006,
              "Actual Rows": 1,
              "Actual Loops": 4,
              "Plans": [
                {
                  "Node Type": "Seq Scan",
                  "Parent Relationship": "Outer",
                  "Parallel Aware": true,
                  "Relation Name": "movie_companies",
                  "Alias": "mc",
                  "Startup Cost": 0.0,
                  "Total Cost": 31414.82,
                  "Plan Rows": 202151,
                  "Plan Width": 0,
                  "Actual Startup Time": 23.801,
                  "Actual Total Time": 82.317,
                  "Actual Rows": 93857,
                  "Actual Loops": 4,
                  "Filter": "((company_id > 11418) AND (company_type_id < 2))",
                  "Rows Removed by Filter": 558425
                }
              ]
            }
          ]
        }
      ]
    },
    "Planning Time": 0.216,
    "Triggers": [],
    "Execution Time": 102.373
  }
]