[
  {
    "Plan": {
      "Node Type": "Aggregate",
      "Strategy": "Plain",
      "Partial Mode": "Finalize",
      "Parallel Aware": false,
      "Startup Cost": 80397.78,
      "Total Cost": 80397.79,
      "Plan Rows": 1,
      "Plan Width": 8,
      "Actual Startup Time": 245.639,
      "Actual Total Time": 263.574,
      "Actual Rows": 1,
      "Actual Loops": 1,
      "Plans": [
        {
          "Node Type": "Gather",
          "Parent Relationship": "Outer",
          "Parallel Aware": false,
          "Startup Cost": 80397.46,
          "Total Cost": 80397.77,
          "Plan Rows": 3,
          "Plan Width": 8,
          "Actual Startup Time": 244.696,
          "Actual Total Time": 263.559,
          "Actual Rows": 4,
          "Actual Loops": 1,
          "Workers Planned": 3,
          "Workers Launched": 3,
          "Single Copy": false,
          "Plans": [
            {
              "Node Type": "Aggregate",
              "Strategy": "Plain",
              "Partial Mode": "Partial",
              "Parent Relationship": "Outer",
              "Parallel Aware": false,
              "Startup Cost": 79397.46,
              "Total Cost": 79397.47,
              "Plan Rows": 1,
              "Plan Width": 8,
              "Actual Startup Time": 237.458,
              "Actual Total Time": 237.463,
              "Actual Rows": 1,
              "Actual Loops": 4,
              "Plans": [
                {
                  "Node Type": "Hash Join",
                  "Parent Relationship": "Outer",
                  "Parallel Aware": true,
                  "Join Type": "Inner",
                  "Startup Cost": 53211.62,
                  "Total Cost": 79388.87,
                  "Plan Rows": 3437,
                  "Plan Width": 0,
                  "Actual Startup Time": 157.624,
                  "Actual Total Time": 237.352,
                  "Actual Rows": 805,
                  "Actual Loops": 4,
                  "Inner Unique": true,
                  "Hash Cond": "(mk.movie_id = t.id)",
                  "Plans": [
                    {
                      "Node Type": "Bitmap Heap Scan",
                      "Parent Relationship": "Outer",
                      "Parallel Aware": true,
                      "Relation Name": "movie_keyword",
                      "Alias": "mk",
                      "Startup Cost": 7493.69,
                      "Total Cost": 33371.86,
                      "Plan Rows": 113934,
                      "Plan Width": 4,
                      "Actual Startup Time": 36.77,
                      "Actual Total Time": 97.826,
                      "Actual Rows": 87244,
                      "Actual Loops": 4,
                      "Recheck Cond": "(keyword_id < 309)",
                      "Rows Removed by Index Recheck": 0,
                      "Exact Heap Blocks": 7255,
                      "Lossy Heap Blocks": 0,
                      "Plans": [
                        {
                          "Node Type": "Bitmap Index Scan",
                          "Parent Relationship": "Outer",
                          "Parallel Aware": false,
                          "Index Name": "keyword_id_movie_keyword",
                          "Startup Cost": 0.0,
                          "Total Cost": 7405.39,
                          "Plan Rows": 353194,
                          "Plan Width": 0,
                          "Actual Startup Time": 30.951,
                          "Actual Total Time": 30.952,
                          "Actual Rows": 348976,
                          "Actual Loops": 1,
                          "Index Cond": "(keyword_id < 309)"
                        }
                      ]
                    },
                    {
                      "Node Type": "Hash",
                      "Parent Relationship": "Inner",
                      "Parallel Aware": true,
                      "Startup Cost": 45479.59,
                      "Total Cost": 45479.59,
                      "Plan Rows": 19068,
                      "Plan Width": 4,
                      "Actual Startup Time": 119.525,
                      "Actual Total Time": 119.526,
                      "Actual Rows": 21027,
                      "Actual Loops": 4,
                      "Hash Buckets": 131072,
                      "Original Hash Buckets": 131072,
                      "Hash Batches": 1,
                      "Original Hash Batches": 1,
                      "Peak Memory Usage": 4352,
                      "Plans": [
                        {
                          "Node Type": "Seq Scan",
                          "Parent Relationship": "Outer",
                          "Parallel Aware": true,
                          "Relation Name": "title",
                          "Alias": "t",
                          "Startup Cost": 0.0,
                          "Total Cost": 45479.59,
                          "Plan Rows": 19068,
                          "Plan Width": 4,
                          "Actual Startup Time": 0.047,
                          "Actual Total Time": 110.403,
                          "Actual Rows": 21027,
                          "Actual Loops": 4,
                          "Filter": "((kind_id = 7) AND (production_year = 2008))",
                          "Rows Removed by Filter": 611051
                        }
                      ]
                    }
                  ]
                }
              ]
            }
          ]
        }
      ]
    },
    "Planning Time": 0.283,
    "Triggers": [],
    "Execution Time": 263.63
  }
]