[
  {
    "Plan": {
      "Node Type": "Aggregate",
      "Strategy": "Plain",
      "Partial Mode": "Finalize",
      "Parallel Aware": false,
      "Startup Cost": 46136.17,
      "Total Cost": 46136.18,
      "Plan Rows": 1,
      "Plan Width": 8,
      "Actual Startup Time": 171.882,
      "Actual Total Time": 183.628,
      "Actual Rows": 1,
      "Actual Loops": 1,
      "Plans": [
        {
          "Node Type": "Gather",
          "Parent Relationship": "Outer",
          "Parallel Aware": false,
          "Startup Cost": 46135.85,
          "Total Cost": 46136.16,
          "Plan Rows": 3,
          "Plan Width": 8,
          "Actual Startup Time": 171.737,
          "Actual Total Time": 183.62,
          "Actual Rows": 4,
          "Actual Loops": 1,
          "Workers Planned": 3,
          "Workers Launched": 3,
          "Single Copy": false,
          "Plans": [
            {
              "Node Type": "Aggregate",
              "Strategy": "Plain",
              "Partial Mode": "Partial",
              "Parent Relationship": "Outer",
              "Parallel Aware": false,
              "Startup Cost": 45135.85,
              "Total Cost": 45135.86,
              "Plan Rows": 1,
              "Plan Width": 8,
              "Actual Startup Time": 165.253,
              "Actual Total Time": 165.254,
              "Actual Rows": 1,
              "Actual Loops": 4,
              "Plans": [
                {
                  "Node Type": "Seq Scan",
                  "Parent Relationship": "Outer",
                  "Parallel Aware": true,
                  "Relation Name": "movie_keyword",
                  "Alias": "mk",
                  "Startup Cost": 0.0,
                  "Total Cost": 42695.65,
                  "Plan Rows": 976079,
                  "Plan Width": 0,
                  "Actual Startup Time": 0.048,
                  "Actual Total Time": 126.955,
                  "Actual Rows": 759473,
                  "Actual Loops": 4,
                  "Filter": "(keyword_id < 10996)",
                  "Rows Removed by Filter": 371510
                }
              ]
            }
          ]
        }
      ]
    },
    "Planning Time": 0.088,
    "Triggers": [],
    "Execution Time": 183.656
  }
]