{
  "Plan": {
    "Node Type": "Aggregate",
    "Strategy": "Plain",
    "Partial Mode": "Finalize",
    "Parallel Aware": false,
    "Startup Cost": 342013.08,
    "Total Cost": 342013.09,
    "Plan Rows": 1,
    "Plan Width": 8,
    "Actual Startup Time": 1248.991,
    "Actual Total Time": 1261.389,
    "Actual Rows": 1,
    "Actual Loops": 1,
    "Plans": [
      {
        "Node Type": "Gather",
        "Parent Relationship": "Outer",
        "Parallel Aware": false,
        "Startup Cost": 342012.97,
        "Total Cost": 342013.08,
        "Plan Rows": 1,
        "Plan Width": 8,
        "Actual Startup Time": 1248.982,
        "Actual Total Time": 1261.383,
        "Actual Rows": 2,
        "Actual Loops": 1,
        "Workers Planned": 1,
        "Workers Launched": 1,
        "Single Copy": false,
        "Plans": [
          {
            "Node Type": "Aggregate",
            "Strategy": "Plain",
            "Partial Mode": "Partial",
            "Parent Relationship": "Outer",
            "Parallel Aware": false,
            "Startup Cost": 341012.97,
            "Total Cost": 341012.98,
            "Plan Rows": 1,
            "Plan Width": 8,
            "Actual Startup Time": 1238.343,
            "Actual Total Time": 1238.351,
            "Actual Rows": 1,
            "Actual Loops": 2,
            "Plans": [
              {
                "Node Type": "Merge Join",
                "Parent Relationship": "Outer",
                "Parallel Aware": false,
                "Join Type": "Inner",
                "Startup Cost": 336897.77,
                "Total Cost": 340930.27,
                "Plan Rows": 33079,
                "Plan Width": 0,
                "Actual Startup Time": 1103.355,
                "Actual Total Time": 1231.412,
                "Actual Rows": 179136,
                "Actual Loops": 2,
                "Inner Unique": false,
                "Merge Cond": "(t.id = mi.movie_id)",
                "Plans": [
                  {
                    "Node Type": "Sort",
                    "Parent Relationship": "Outer",
                    "Parallel Aware": false,
                    "Startup Cost": 157818.52,
                    "Total Cost": 159323.12,
                    "Plan Rows": 601839,
                    "Plan Width": 8,
                    "Actual Startup Time": 1049.927,
                    "Actual Total Time": 1087.133,
                    "Actual Rows": 945784,
                    "Actual Loops": 2,
                    "Sort Key": [
                      "t.id"
                    ],
                    "Sort Method": "quicksort",
                    "Sort Space Used": 71601,
                    "Sort Space Type": "Memory",
                    "Workers": [
                      {
                        "Worker Number": 0,
                        "Sort Method": "quicksort",
                        "Sort Space Used": 66231,
                        "Sort Space Type": "Memory"
                      }
                    ],
                    "Plans": [
                      {
                        "Node Type": "Hash Join",
                        "Parent Relationship": "Outer",
                        "Parallel Aware": true,
                        "Join Type": "Inner",
                        "Startup Cost": 61878.3,
                        "Total Cost": 100044.93,
                        "Plan Rows": 601839,
                        "Plan Width": 8,
                        "Actual Startup Time": 314.351,
                        "Actual Total Time": 842.469,
                        "Actual Rows": 945910,
                        "Actual Loops": 2,
                        "Inner Unique": true,
                        "Hash Cond": "(mc.movie_id = t.id)",
                        "Plans": [
                          {
                            "Node Type": "Seq Scan",
                            "Parent Relationship": "Outer",
                            "Parallel Aware": true,
                            "Relation Name": "movie_companies",
                            "Alias": "mc",
                            "Startup Cost": 0.0,
                            "Total Cost": 34137.82,
                            "Plan Rows": 1534782,
                            "Plan Width": 4,
                            "Actual Startup Time": 0.013,
                            "Actual Total Time": 109.341,
                            "Actual Rows": 1304564,
                            "Actual Loops": 2
                          },
                          {
                            "Node Type": "Hash",
                            "Parent Relationship": "Inner",
                            "Parallel Aware": true,
                            "Startup Cost": 54588.39,
                            "Total Cost": 54588.39,
                            "Plan Rows": 583193,
                            "Plan Width": 4,
                            "Actual Startup Time": 305.301,
                            "Actual Total Time": 305.303,
                            "Actual Rows": 492524,
                            "Actual Loops": 2,
                            "Hash Buckets": 1048576,
                            "Original Hash Buckets": 1048576,
                            "Hash Batches": 1,
                            "Original Hash Batches": 1,
                            "Peak Memory Usage": 46752,
                            "Plans": [
                              {
                                "Node Type": "Seq Scan",
                                "Parent Relationship": "Outer",
                                "Parallel Aware": true,
                                "Relation Name": "title",
                                "Alias": "t",
                                "Startup Cost": 0.0,
                                "Total Cost": 54588.39,
                                "Plan Rows": 583193,
                                "Plan Width": 4,
                                "Actual Startup Time": 0.038,
                                "Actual Total Time": 156.924,
                                "Actual Rows": 492524,
                                "Actual Loops": 2,
                                "Filter": "(kind_id < 7)",
                                "Rows Removed by Filter": 771632
                              }
                            ]
                          }
                        ]
                      }
                    ]
                  },
                  {
                    "Node Type": "Sort",
                    "Parent Relationship": "Inner",
                    "Parallel Aware": false,
                    "Startup Cost": 179079.19,
                    "Total Cost": 179426.61,
                    "Plan Rows": 138966,
                    "Plan Width": 4,
                    "Actual Startup Time": 53.414,
                    "Actual Total Time": 70.753,
                    "Actual Rows": 235640,
                    "Actual Loops": 2,
                    "Sort Key": [
                      "mi.movie_id"
                    ],
                    "Sort Method": "quicksort",
                    "Sort Space Used": 8785,
                    "Sort Space Type": "Memory",
                    "Workers": [
                      {
                        "Worker Number": 0,
                        "Sort Method": "quicksort",
                        "Sort Space Used": 8785,
                        "Sort Space Type": "Memory"
                      }
                    ],
                    "Plans": [
                      {
                        "Node Type": "Bitmap Heap Scan",
                        "Parent Relationship": "Outer",
                        "Parallel Aware": false,
                        "Relation Name": "movie_info",
                        "Alias": "mi",
                        "Startup Cost": 2521.42,
                        "Total Cost": 167208.46,
                        "Plan Rows": 138966,
                        "Plan Width": 4,
                        "Actual Startup Time": 4.877,
                        "Actual Total Time": 26.684,
                        "Actual Rows": 121863,
                        "Actual Loops": 2,
                        "Recheck Cond": "(info_type_id = 105)",
                        "Rows Removed by Index Recheck": 0,
                        "Exact Heap Blocks": 4741,
                        "Lossy Heap Blocks": 0,
                        "Plans": [
                          {
                            "Node Type": "Bitmap Index Scan",
                            "Parent Relationship": "Outer",
                            "Parallel Aware": false,
                            "Index Name": "info_type_id_movie_info",
                            "Startup Cost": 0.0,
                            "Total Cost": 2486.68,
                            "Plan Rows": 138966,
                            "Plan Width": 0,
                            "Actual Startup Time": 4.352,
                            "Actual Total Time": 4.353,
                            "Actual Rows": 121863,
                            "Actual Loops": 2,
                            "Index Cond": "(info_type_id = 105)"
                          }
                        ]
                      }
                    ]
                  }
                ]
              }
            ]
          }
        ]
      }
    ]
  },
  "Planning Time": 1.112,
  "Triggers": [],
  "Execution Time": 1267.122
}