[
  {
    "Plan": {
      "Node Type": "Aggregate",
      "Strategy": "Plain",
      "Partial Mode": "Finalize",
      "Parallel Aware": false,
      "Startup Cost": 75884.72,
      "Total Cost": 75884.73,
      "Plan Rows": 1,
      "Plan Width": 8,
      "Actual Startup Time": 226.039,
      "Actual Total Time": 243.862,
      "Actual Rows": 1,
      "Actual Loops": 1,
      "Plans": [
        {
          "Node Type": "Gather",
          "Parent Relationship": "Outer",
          "Parallel Aware": false,
          "Startup Cost": 75884.4,
          "Total Cost": 75884.71,
          "Plan Rows": 3,
          "Plan Width": 8,
          "Actual Startup Time": 225.634,
          "Actual Total Time": 243.853,
          "Actual Rows": 4,
          "Actual Loops": 1,
          "Workers Planned": 3,
          "Workers Launched": 3,
          "Single Copy": false,
          "Plans": [
            {
              "Node Type": "Aggregate",
              "Strategy": "Plain",
              "Partial Mode": "Partial",
              "Parent Relationship": "Outer",
              "Parallel Aware": false,
              "Startup Cost": 74884.4,
              "Total Cost": 74884.41,
              "Plan Rows": 1,
              "Plan Width": 8,
              "Actual Startup Time": 216.942,
              "Actual Total Time": 216.945,
              "Actual Rows": 1,
              "Actual Loops": 4,
              "Plans": [
                {
                  "Node Type": "Hash Join",
                  "Parent Relationship": "Outer",
                  "Parallel Aware": true,
                  "Join Type": "Inner",
                  "Startup Cost": 44062.2,
                  "Total Cost": 74855.23,
                  "Plan Rows": 11670,
                  "Plan Width": 0,
                  "Actual Startup Time": 103.662,
                  "Actual Total Time": 216.462,
                  "Actual Rows": 8847,
                  "Actual Loops": 4,
                  "Inner Unique": true,
                  "Hash Cond": "(mc.movie_id = t.id)",
                  "Plans": [
                    {
                      "Node Type": "Seq Scan",
                      "Parent Relationship": "Outer",
                      "Parallel Aware": true,
                      "Relation Name": "movie_companies",
                      "Alias": "mc",
                      "Startup Cost": 0.0,
                      "Total Cost": 29310.68,
                      "Plan Rows": 564702,
                      "Plan Width": 4,
                      "Actual Startup Time": 0.024,
                      "Actual Total Time": 67.813,
                      "Actual Rows": 434129,
                      "Actual Loops": 4,
                      "Filter": "(company_id < 23448)",
                      "Rows Removed by Filter": 218153
                    },
                    {
                      "Node Type": "Hash",
                      "Parent Relationship": "Inner",
                      "Parallel Aware": true,
                      "Startup Cost": 43898.92,
                      "Total Cost": 43898.92,
                      "Plan Rows": 13063,
                      "Plan Width": 4,
                      "Actual Startup Time": 101.76,
                      "Actual Total Time": 101.76,
                      "Actual Rows": 14648,
                      "Actual Loops": 4,
                      "Hash Buckets": 65536,
                      "Original Hash Buckets": 65536,
                      "Hash Batches": 1,
                      "Original Hash Batches": 1,
                      "Peak Memory Usage": 2880,
                      "Plans": [
                        {
                          "Node Type": "Seq Scan",
                          "Parent Relationship": "Outer",
                          "Parallel Aware": true,
                          "Relation Name": "title",
                          "Alias": "t",
                          "Startup Cost": 0.0,
                          "Total Cost": 43898.92,
                          "Plan Rows": 13063,
                          "Plan Width": 4,
                          "Actual Startup Time": 0.06,
                          "Actual Total Time": 94.928,
                          "Actual Rows": 14648,
                          "Actual Loops": 4,
                          "Filter": "(production_year = 2001)",
                          "Rows Removed by Filter": 617430
                        }
                      ]
                    }
                  ]
                }
              ]
            }
          ]
        }
      ]
    },
    "Planning Time": 0.628,
    "Triggers": [],
    "Execution Time": 243.93
  }
]