{
  "Plan": {
    "Node Type": "Aggregate",
    "Strategy": "Plain",
    "Partial Mode": "Finalize",
    "Parallel Aware": false,
    "Startup Cost": 74582.29,
    "Total Cost": 74582.3,
    "Plan Rows": 1,
    "Plan Width": 8,
    "Actual Startup Time": 166.853,
    "Actual Total Time": 182.664,
    "Actual Rows": 1,
    "Actual Loops": 1,
    "Plans": [
      {
        "Node Type": "Gather",
        "Parent Relationship": "Outer",
        "Parallel Aware": false,
        "Startup Cost": 74582.18,
        "Total Cost": 74582.29,
        "Plan Rows": 1,
        "Plan Width": 8,
        "Actual Startup Time": 166.739,
        "Actual Total Time": 182.656,
        "Actual Rows": 2,
        "Actual Loops": 1,
        "Workers Planned": 1,
        "Workers Launched": 1,
        "Single Copy": false,
        "Plans": [
          {
            "Node Type": "Aggregate",
            "Strategy": "Plain",
            "Partial Mode": "Partial",
            "Parent Relationship": "Outer",
            "Parallel Aware": false,
            "Startup Cost": 73582.18,
            "Total Cost": 73582.19,
            "Plan Rows": 1,
            "Plan Width": 8,
            "Actual Startup Time": 160.74,
            "Actual Total Time": 160.741,
            "Actual Rows": 1,
            "Actual Loops": 2,
            "Plans": [
              {
                "Node Type": "Nested Loop",
                "Parent Relationship": "Outer",
                "Parallel Aware": false,
                "Join Type": "Inner",
                "Startup Cost": 0.43,
                "Total Cost": 73572.87,
                "Plan Rows": 3726,
                "Plan Width": 0,
                "Actual Startup Time": 99.963,
                "Actual Total Time": 160.598,
                "Actual Rows": 1842,
                "Actual Loops": 2,
                "Inner Unique": false,
                "Plans": [
                  {
                    "Node Type": "Seq Scan",
                    "Parent Relationship": "Outer",
                    "Parallel Aware": true,
                    "Relation Name": "title",
                    "Alias": "t",
                    "Startup Cost": 0.0,
                    "Total Cost": 54588.39,
                    "Plan Rows": 2082,
                    "Plan Width": 4,
                    "Actual Startup Time": 99.829,
                    "Actual Total Time": 146.999,
                    "Actual Rows": 1307,
                    "Actual Loops": 2,
                    "Filter": "(production_year = 1923)",
                    "Rows Removed by Filter": 1262849
                  },
                  {
                    "Node Type": "Index Only Scan",
                    "Parent Relationship": "Inner",
                    "Parallel Aware": false,
                    "Scan Direction": "Forward",
                    "Index Name": "movie_id_movie_keyword",
                    "Relation Name": "movie_keyword",
                    "Alias": "mk",
                    "Startup Cost": 0.43,
                    "Total Cost": 8.67,
                    "Plan Rows": 45,
                    "Plan Width": 4,
                    "Actual Startup Time": 0.01,
                    "Actual Total Time": 0.01,
                    "Actual Rows": 1,
                    "Actual Loops": 2614,
                    "Index Cond": "(movie_id = t.id)",
                    "Rows Removed by Index Recheck": 0,
                    "Heap Fetches": 3685
                  }
                ]
              }
            ]
          }
        ]
      }
    ]
  },
  "Planning Time": 0.408,
  "Triggers": [],
  "Execution Time": 182.734
}