{
  "Plan": {
    "Node Type": "Aggregate",
    "Strategy": "Plain",
    "Partial Mode": "Finalize",
    "Parallel Aware": false,
    "Startup Cost": 36475.81,
    "Total Cost": 36475.82,
    "Plan Rows": 1,
    "Plan Width": 8,
    "Actual Startup Time": 36.47,
    "Actual Total Time": 41.485,
    "Actual Rows": 1,
    "Actual Loops": 1,
    "Plans": [
      {
        "Node Type": "Gather",
        "Parent Relationship": "Outer",
        "Parallel Aware": false,
        "Startup Cost": 36475.69,
        "Total Cost": 36475.8,
        "Plan Rows": 1,
        "Plan Width": 8,
        "Actual Startup Time": 36.34,
        "Actual Total Time": 41.478,
        "Actual Rows": 2,
        "Actual Loops": 1,
        "Workers Planned": 1,
        "Workers Launched": 1,
        "Single Copy": false,
        "Plans": [
          {
            "Node Type": "Aggregate",
            "Strategy": "Plain",
            "Partial Mode": "Partial",
            "Parent Relationship": "Outer",
            "Parallel Aware": false,
            "Startup Cost": 35475.69,
            "Total Cost": 35475.7,
            "Plan Rows": 1,
            "Plan Width": 8,
            "Actual Startup Time": 30.158,
            "Actual Total Time": 30.159,
            "Actual Rows": 1,
            "Actual Loops": 2,
            "Plans": [
              {
                "Node Type": "Nested Loop",
                "Parent Relationship": "Outer",
                "Parallel Aware": false,
                "Join Type": "Inner",
                "Startup Cost": 113.77,
                "Total Cost": 35467.93,
                "Plan Rows": 3105,
                "Plan Width": 0,
                "Actual Startup Time": 2.453,
                "Actual Total Time": 29.765,
                "Actual Rows": 2479,
                "Actual Loops": 2,
                "Inner Unique": true,
                "Plans": [
                  {
                    "Node Type": "Bitmap Heap Scan",
                    "Parent Relationship": "Outer",
                    "Parallel Aware": true,
                    "Relation Name": "movie_keyword",
                    "Alias": "mk",
                    "Startup Cost": 113.34,
                    "Total Cost": 12899.97,
                    "Plan Rows": 3105,
                    "Plan Width": 4,
                    "Actual Startup Time": 2.313,
                    "Actual Total Time": 8.768,
                    "Actual Rows": 2479,
                    "Actual Loops": 2,
                    "Recheck Cond": "(keyword_id = 2632)",
                    "Rows Removed by Index Recheck": 0,
                    "Exact Heap Blocks": 2474,
                    "Lossy Heap Blocks": 0,
                    "Plans": [
                      {
                        "Node Type": "Bitmap Index Scan",
                        "Parent Relationship": "Outer",
                        "Parallel Aware": false,
                        "Index Name": "keyword_id_movie_keyword",
                        "Startup Cost": 0.0,
                        "Total Cost": 112.02,
                        "Plan Rows": 5278,
                        "Plan Width": 0,
                        "Actual Startup Time": 3.133,
                        "Actual Total Time": 3.134,
                        "Actual Rows": 4958,
                        "Actual Loops": 1,
                        "Index Cond": "(keyword_id = 2632)"
                      }
                    ]
                  },
                  {
                    "Node Type": "Index Only Scan",
                    "Parent Relationship": "Inner",
                    "Parallel Aware": false,
                    "Scan Direction": "Forward",
                    "Index Name": "title_pkey",
                    "Relation Name": "title",
                    "Alias": "t",
                    "Startup Cost": 0.43,
                    "Total Cost": 7.27,
                    "Plan Rows": 1,
                    "Plan Width": 4,
                    "Actual Startup Time": 0.008,
                    "Actual Total Time": 0.008,
                    "Actual Rows": 1,
                    "Actual Loops": 4958,
                    "Index Cond": "(id = mk.movie_id)",
                    "Rows Removed by Index Recheck": 0,
                    "Heap Fetches": 4958
                  }
                ]
              }
            ]
          }
        ]
      }
    ]
  },
  "Planning Time": 0.632,
  "Triggers": [],
  "Execution Time": 41.571
}