{
  "Plan": {
    "Node Type": "Aggregate",
    "Strategy": "Plain",
    "Partial Mode": "Finalize",
    "Parallel Aware": false,
    "Startup Cost": 135964.05,
    "Total Cost": 135964.06,
    "Plan Rows": 1,
    "Plan Width": 8,
    "Actual Startup Time": 1104.272,
    "Actual Total Time": 1122.598,
    "Actual Rows": 1,
    "Actual Loops": 1,
    "Plans": [
      {
        "Node Type": "Gather",
        "Parent Relationship": "Outer",
        "Parallel Aware": false,
        "Startup Cost": 135963.93,
        "Total Cost": 135964.04,
        "Plan Rows": 1,
        "Plan Width": 8,
        "Actual Startup Time": 1098.506,
        "Actual Total Time": 1122.589,
        "Actual Rows": 2,
        "Actual Loops": 1,
        "Workers Planned": 1,
        "Workers Launched": 1,
        "Single Copy": false,
        "Plans": [
          {
            "Node Type": "Aggregate",
            "Strategy": "Plain",
            "Partial Mode": "Partial",
            "Parent Relationship": "Outer",
            "Parallel Aware": false,
            "Startup Cost": 134963.93,
            "Total Cost": 134963.94,
            "Plan Rows": 1,
            "Plan Width": 8,
            "Actual Startup Time": 1086.506,
            "Actual Total Time": 1086.51,
            "Actual Rows": 1,
            "Actual Loops": 2,
            "Plans": [
              {
                "Node Type": "Hash Join",
                "Parent Relationship": "Outer",
                "Parallel Aware": true,
                "Join Type": "Inner",
                "Startup Cost": 71029.43,
                "Total Cost": 129080.27,
                "Plan Rows": 2353465,
                "Plan Width": 0,
                "Actual Startup Time": 524.47,
                "Actual Total Time": 1012.627,
                "Actual Rows": 1898247,
                "Actual Loops": 2,
                "Inner Unique": true,
                "Hash Cond": "(mk.movie_id = t.id)",
                "Plans": [
                  {
                    "Node Type": "Seq Scan",
                    "Parent Relationship": "Outer",
                    "Parallel Aware": true,
                    "Relation Name": "movie_keyword",
                    "Alias": "mk",
                    "Startup Cost": 0.0,
                    "Total Cost": 51065.35,
                    "Plan Rows": 2661135,
                    "Plan Width": 4,
                    "Actual Startup Time": 0.012,
                    "Actual Total Time": 152.049,
                    "Actual Rows": 2261965,
                    "Actual Loops": 2
                  },
                  {
                    "Node Type": "Hash",
                    "Parent Relationship": "Inner",
                    "Parallel Aware": true,
                    "Startup Cost": 54588.39,
                    "Total Cost": 54588.39,
                    "Plan Rows": 1315283,
                    "Plan Width": 4,
                    "Actual Startup Time": 501.843,
                    "Actual Total Time": 501.843,
                    "Actual Rows": 1112668,
                    "Actual Loops": 2,
                    "Hash Buckets": 4194304,
                    "Original Hash Buckets": 4194304,
                    "Hash Batches": 1,
                    "Original Hash Batches": 1,
                    "Peak Memory Usage": 119840,
                    "Plans": [
                      {
                        "Node Type": "Seq Scan",
                        "Parent Relationship": "Outer",
                        "Parallel Aware": true,
                        "Relation Name": "title",
                        "Alias": "t",
                        "Startup Cost": 0.0,
                        "Total Cost": 54588.39,
                        "Plan Rows": 1315283,
                        "Plan Width": 4,
                        "Actual Startup Time": 0.026,
                        "Actual Total Time": 177.595,
                        "Actual Rows": 1112668,
                        "Actual Loops": 2,
                        "Filter": "(production_year > 1958)",
                        "Rows Removed by Filter": 151488
                      }
                    ]
                  }
                ]
              }
            ]
          }
        ]
      }
    ]
  },
  "Planning Time": 0.622,
  "Triggers": [],
  "Execution Time": 1122.662
}