[
  {
    "Plan": {
      "Node Type": "Aggregate",
      "Strategy": "Plain",
      "Partial Mode": "Finalize",
      "Parallel Aware": false,
      "Startup Cost": 250882.02,
      "Total Cost": 250882.03,
      "Plan Rows": 1,
      "Plan Width": 8,
      "Actual Startup Time": 840.104,
      "Actual Total Time": 906.03,
      "Actual Rows": 1,
      "Actual Loops": 1,
      "Plans": [
        {
          "Node Type": "Gather",
          "Parent Relationship": "Outer",
          "Parallel Aware": false,
          "Startup Cost": 250881.49,
          "Total Cost": 250882.0,
          "Plan Rows": 5,
          "Plan Width": 8,
          "Actual Startup Time": 838.812,
          "Actual Total Time": 906.005,
          "Actual Rows": 6,
          "Actual Loops": 1,
          "Workers Planned": 5,
          "Workers Launched": 5,
          "Single Copy": false,
          "Plans": [
            {
              "Node Type": "Aggregate",
              "Strategy": "Plain",
              "Partial Mode": "Partial",
              "Parent Relationship": "Outer",
              "Parallel Aware": false,
              "Startup Cost": 249881.49,
              "Total Cost": 249881.5,
              "Plan Rows": 1,
              "Plan Width": 8,
              "Actual Startup Time": 830.415,
              "Actual Total Time": 830.422,
              "Actual Rows": 1,
              "Actual Loops": 6,
              "Plans": [
                {
                  "Node Type": "Hash Join",
                  "Parent Relationship": "Outer",
                  "Parallel Aware": true,
                  "Join Type": "Inner",
                  "Startup Cost": 45888.52,
                  "Total Cost": 249652.03,
                  "Plan Rows": 91786,
                  "Plan Width": 0,
                  "Actual Startup Time": 143.902,
                  "Actual Total Time": 823.293,
                  "Actual Rows": 93767,
                  "Actual Loops": 6,
                  "Inner Unique": true,
                  "Hash Cond": "(mi.movie_id = t.id)",
                  "Plans": [
                    {
                      "Node Type": "Seq Scan",
                      "Parent Relationship": "Outer",
                      "Parallel Aware": true,
                      "Relation Name": "movie_info",
                      "Alias": "mi",
                      "Startup Cost": 0.0,
                      "Total Cost": 199108.24,
                      "Plan Rows": 1773429,
                      "Plan Width": 4,
                      "Actual Startup Time": 24.961,
                      "Actual Total Time": 464.514,
                      "Actual Rows": 1491793,
                      "Actual Loops": 6,
                      "Filter": "(info_type_id > 6)",
                      "Rows Removed by Filter": 980827
                    },
                    {
                      "Node Type": "Hash",
                      "Parent Relationship": "Inner",
                      "Parallel Aware": true,
                      "Startup Cost": 45479.59,
                      "Total Cost": 45479.59,
                      "Plan Rows": 32715,
                      "Plan Width": 4,
                      "Actual Startup Time": 117.421,
                      "Actual Total Time": 117.423,
                      "Actual Rows": 20078,
                      "Actual Loops": 6,
                      "Hash Buckets": 131072,
                      "Original Hash Buckets": 131072,
                      "Hash Batches": 1,
                      "Original Hash Batches": 1,
                      "Peak Memory Usage": 5792,
                      "Plans": [
                        {
                          "Node Type": "Seq Scan",
                          "Parent Relationship": "Outer",
                          "Parallel Aware": true,
                          "Relation Name": "title",
                          "Alias": "t",
                          "Startup Cost": 0.0,
                          "Total Cost": 45479.59,
                          "Plan Rows": 32715,
                          "Plan Width": 4,
                          "Actual Startup Time": 0.124,
                          "Actual Total Time": 106.398,
                          "Actual Rows": 20078,
                          "Actual Loops": 6,
                          "Filter": "((kind_id < 4) AND (production_year > 2010))",
                          "Rows Removed by Filter": 401307
                        }
                      ]
                    }
                  ]
                }
              ]
            }
          ]
        }
      ]
    },
    "Planning Time": 0.43,
    "Triggers": [],
    "Execution Time": 906.099
  }
]