[
  {
    "Plan": {
      "Node Type": "Aggregate",
      "Strategy": "Plain",
      "Partial Mode": "Finalize",
      "Parallel Aware": false,
      "Startup Cost": 250783.19,
      "Total Cost": 250783.2,
      "Plan Rows": 1,
      "Plan Width": 8,
      "Actual Startup Time": 575.942,
      "Actual Total Time": 622.745,
      "Actual Rows": 1,
      "Actual Loops": 1,
      "Plans": [
        {
          "Node Type": "Gather",
          "Parent Relationship": "Outer",
          "Parallel Aware": false,
          "Startup Cost": 250782.67,
          "Total Cost": 250783.18,
          "Plan Rows": 5,
          "Plan Width": 8,
          "Actual Startup Time": 574.533,
          "Actual Total Time": 622.735,
          "Actual Rows": 6,
          "Actual Loops": 1,
          "Workers Planned": 5,
          "Workers Launched": 5,
          "Single Copy": false,
          "Plans": [
            {
              "Node Type": "Aggregate",
              "Strategy": "Plain",
              "Partial Mode": "Partial",
              "Parent Relationship": "Outer",
              "Parallel Aware": false,
              "Startup Cost": 249782.67,
              "Total Cost": 249782.68,
              "Plan Rows": 1,
              "Plan Width": 8,
              "Actual Startup Time": 564.801,
              "Actual Total Time": 564.807,
              "Actual Rows": 1,
              "Actual Loops": 6,
              "Plans": [
                {
                  "Node Type": "Hash Join",
                  "Parent Relationship": "Outer",
                  "Parallel Aware": true,
                  "Join Type": "Inner",
                  "Startup Cost": 45892.97,
                  "Total Cost": 249548.05,
                  "Plan Rows": 93847,
                  "Plan Width": 0,
                  "Actual Startup Time": 104.289,
                  "Actual Total Time": 560.541,
                  "Actual Rows": 93767,
                  "Actual Loops": 6,
                  "Inner Unique": true,
                  "Hash Cond": "(mi.movie_id = t.id)",
                  "Plans": [
                    {
                      "Node Type": "Seq Scan",
                      "Parent Relationship": "Outer",
                      "Parallel Aware": true,
                      "Relation Name": "movie_info",
                      "Alias": "mi",
                      "Startup Cost": 0.0,
                      "Total Cost": 198952.16,
                      "Plan Rows": 1791583,
                      "Plan Width": 4,
                      "Actual Startup Time": 15.89,
                      "Actual Total Time": 319.553,
                      "Actual Rows": 1491793,
                      "Actual Loops": 6,
                      "Filter": "(info_type_id > 6)",
                      "Rows Removed by Filter": 980827
                    },
                    {
                      "Node Type": "Hash",
                      "Parent Relationship": "Inner",
                      "Parallel Aware": true,
                      "Startup Cost": 45479.1,
                      "Total Cost": 45479.1,
                      "Plan Rows": 33110,
                      "Plan Width": 4,
                      "Actual Startup Time": 86.343,
                      "Actual Total Time": 86.347,
                      "Actual Rows": 20078,
                      "Actual Loops": 6,
                      "Hash Buckets": 262144,
                      "Original Hash Buckets": 262144,
                      "Hash Batches": 1,
                      "Original Hash Batches": 1,
                      "Peak Memory Usage": 6848,
                      "Plans": [
                        {
                          "Node Type": "Seq Scan",
                          "Parent Relationship": "Outer",
                          "Parallel Aware": true,
                          "Relation Name": "title",
                          "Alias": "t",
                          "Startup Cost": 0.0,
                          "Total Cost": 45479.1,
                          "Plan Rows": 33110,
                          "Plan Width": 4,
                          "Actual Startup Time": 0.116,
                          "Actual Total Time": 77.684,
                          "Actual Rows": 20078,
                          "Actual Loops": 6,
                          "Filter": "((kind_id < 4) AND (production_year > 2010))",
                          "Rows Removed by Filter": 401307
                        }
                      ]
                    }
                  ]
                }
              ]
            }
          ]
        }
      ]
    },
    "Planning Time": 0.608,
    "Triggers": [],
    "Execution Time": 622.826
  }
]