[
  {
    "Plan": {
      "Node Type": "Aggregate",
      "Strategy": "Plain",
      "Partial Mode": "Finalize",
      "Parallel Aware": false,
      "Startup Cost": 261414.18,
      "Total Cost": 261414.19,
      "Plan Rows": 1,
      "Plan Width": 8,
      "Actual Startup Time": 754.456,
      "Actual Total Time": 775.4,
      "Actual Rows": 1,
      "Actual Loops": 1,
      "Plans": [
        {
          "Node Type": "Gather",
          "Parent Relationship": "Outer",
          "Parallel Aware": false,
          "Startup Cost": 261413.96,
          "Total Cost": 261414.17,
          "Plan Rows": 2,
          "Plan Width": 8,
          "Actual Startup Time": 744.717,
          "Actual Total Time": 775.391,
          "Actual Rows": 3,
          "Actual Loops": 1,
          "Workers Planned": 2,
          "Workers Launched": 2,
          "Single Copy": false,
          "Plans": [
            {
              "Node Type": "Aggregate",
              "Strategy": "Plain",
              "Partial Mode": "Partial",
              "Parent Relationship": "Outer",
              "Parallel Aware": false,
              "Startup Cost": 260413.96,
              "Total Cost": 260413.97,
              "Plan Rows": 1,
              "Plan Width": 8,
              "Actual Startup Time": 741.783,
              "Actual Total Time": 742.93,
              "Actual Rows": 1,
              "Actual Loops": 3,
              "Plans": [
                {
                  "Node Type": "Hash Join",
                  "Parent Relationship": "Outer",
                  "Parallel Aware": true,
                  "Join Type": "Inner",
                  "Startup Cost": 243662.11,
                  "Total Cost": 259908.18,
                  "Plan Rows": 202312,
                  "Plan Width": 0,
                  "Actual Startup Time": 596.384,
                  "Actual Total Time": 722.738,
                  "Actual Rows": 496681,
                  "Actual Loops": 3,
                  "Inner Unique": false,
                  "Hash Cond": "(mi_idx.movie_id = t.id)",
                  "Plans": [
                    {
                      "Node Type": "Seq Scan",
                      "Parent Relationship": "Outer",
                      "Parallel Aware": true,
                      "Relation Name": "movie_info_idx",
                      "Alias": "mi_idx",
                      "Startup Cost": 0.0,
                      "Total Cost": 13685.15,
                      "Plan Rows": 575015,
                      "Plan Width": 4,
                      "Actual Startup Time": 0.023,
                      "Actual Total Time": 34.125,
                      "Actual Rows": 460012,
                      "Actual Loops": 3
                    },
                    {
                      "Node Type": "Hash",
                      "Parent Relationship": "Inner",
                      "Parallel Aware": true,
                      "Startup Cost": 241438.21,
                      "Total Cost": 241438.21,
                      "Plan Rows": 177912,
                      "Plan Width": 8,
                      "Actual Startup Time": 593.895,
                      "Actual Total Time": 595.041,
                      "Actual Rows": 409678,
                      "Actual Loops": 3,
                      "Hash Buckets": 2097152,
                      "Original Hash Buckets": 1048576,
                      "Hash Batches": 1,
                      "Original Hash Batches": 1,
                      "Peak Memory Usage": 72704,
                      "Plans": [
                        {
                          "Node Type": "Hash Join",
                          "Parent Relationship": "Outer",
                          "Parallel Aware": true,
                          "Join Type": "Inner",
                          "Startup Cost": 75056.18,
                          "Total Cost": 241438.21,
                          "Plan Rows": 177912,
                          "Plan Width": 8,
                          "Actual Startup Time": 314.576,
                          "Actual Total Time": 484.866,
                          "Actual Rows": 409678,
                          "Actual Loops": 3,
                          "Inner Unique": true,
                          "Hash Cond": "(mi.movie_id = t.id)",
                          "Plans": [
                            {
                              "Node Type": "Bitmap Heap Scan",
                              "Parent Relationship": "Outer",
                              "Parallel Aware": true,
                              "Relation Name": "movie_info",
                              "Alias": "mi",
                              "Startup Cost": 26313.05,
                              "Total Cost": 191933.34,
                              "Plan Rows": 290184,
                              "Plan Width": 4,
                              "Actual Startup Time": 55.277,
                              "Actual Total Time": 103.449,
                              "Actual Rows": 467301,
                              "Actual Loops": 3,
                              "Recheck Cond": "(info_type_id = 7)",
                              "Rows Removed by Index Recheck": 0,
                              "Exact Heap Blocks": 3273,
                              "Lossy Heap Blocks": 0,
                              "Plans": [
                                {
                                  "Node Type": "Bitmap Index Scan",
                                  "Parent Relationship": "Outer",
                                  "Parallel Aware": false,
                                  "Index Name": "info_type_id_movie_info",
                                  "Startup Cost": 0.0,
                                  "Total Cost": 25950.32,
                                  "Plan Rows": 1450918,
                                  "Plan Width": 0,
                                  "Actual Startup Time": 53.68,
                                  "Actual Total Time": 53.68,
                                  "Actual Rows": 1401902,
                                  "Actual Loops": 1,
                                  "Index Cond": "(info_type_id = 7)"
                                }
                              ]
                            },
                            {
                              "Node Type": "Hash",
                              "Parent Relationship": "Inner",
                              "Parallel Aware": true,
                              "Startup Cost": 43899.01,
                              "Total Cost": 43899.01,
                              "Plan Rows": 387530,
                              "Plan Width": 4,
                              "Actual Startup Time": 255.114,
                              "Actual Total Time": 255.115,
                              "Actual Rows": 517242,
                              "Actual Loops": 3,
                              "Hash Buckets": 2097152,
                              "Original Hash Buckets": 2097152,
                              "Hash Batches": 1,
                              "Original Hash Batches": 1,
                              "Peak Memory Usage": 77152,
                              "Plans": [
                                {
                                  "Node Type": "Seq Scan",
                                  "Parent Relationship": "Outer",
                                  "Parallel Aware": true,
                                  "Relation Name": "title",
                                  "Alias": "t",
                                  "Startup Cost": 0.0,
                                  "Total Cost": 43899.01,
                                  "Plan Rows": 387530,
                                  "Plan Width": 4,
                                  "Actual Startup Time": 0.02,
                                  "Actual Total Time": 116.686,
                                  "Actual Rows": 517242,
                                  "Actual Loops": 3,
                                  "Filter": "(production_year < 2007)",
                                  "Rows Removed by Filter": 325528
                                }
                              ]
                            }
                          ]
                        }
                      ]
                    }
                  ]
                }
              ]
            }
          ]
        }
      ]
    },
    "Planning Time": 0.412,
    "Triggers": [],
    "Execution Time": 775.445
  }
]