[
  {
    "Plan": {
      "Node Type": "Aggregate",
      "Strategy": "Plain",
      "Partial Mode": "Finalize",
      "Parallel Aware": false,
      "Startup Cost": 110135.98,
      "Total Cost": 110135.99,
      "Plan Rows": 1,
      "Plan Width": 8,
      "Actual Startup Time": 105.51,
      "Actual Total Time": 117.02,
      "Actual Rows": 1,
      "Actual Loops": 1,
      "Plans": [
        {
          "Node Type": "Gather",
          "Parent Relationship": "Outer",
          "Parallel Aware": false,
          "Startup Cost": 110135.56,
          "Total Cost": 110135.97,
          "Plan Rows": 4,
          "Plan Width": 8,
          "Actual Startup Time": 105.326,
          "Actual Total Time": 117.005,
          "Actual Rows": 5,
          "Actual Loops": 1,
          "Workers Planned": 4,
          "Workers Launched": 4,
          "Single Copy": false,
          "Plans": [
            {
              "Node Type": "Aggregate",
              "Strategy": "Plain",
              "Partial Mode": "Partial",
              "Parent Relationship": "Outer",
              "Parallel Aware": false,
              "Startup Cost": 109135.56,
              "Total Cost": 109135.57,
              "Plan Rows": 1,
              "Plan Width": 8,
              "Actual Startup Time": 97.101,
              "Actual Total Time": 97.103,
              "Actual Rows": 1,
              "Actual Loops": 5,
              "Plans": [
                {
                  "Node Type": "Nested Loop",
                  "Parent Relationship": "Outer",
                  "Parallel Aware": false,
                  "Join Type": "Inner",
                  "Startup Cost": 0.43,
                  "Total Cost": 109134.57,
                  "Plan Rows": 395,
                  "Plan Width": 0,
                  "Actual Startup Time": 92.29,
                  "Actual Total Time": 97.095,
                  "Actual Rows": 0,
                  "Actual Loops": 5,
                  "Inner Unique": false,
                  "Plans": [
                    {
                      "Node Type": "Seq Scan",
                      "Parent Relationship": "Outer",
                      "Parallel Aware": true,
                      "Relation Name": "title",
                      "Alias": "t",
                      "Startup Cost": 0.0,
                      "Total Cost": 45479.59,
                      "Plan Rows": 467,
                      "Plan Width": 4,
                      "Actual Startup Time": 92.279,
                      "Actual Total Time": 97.082,
                      "Actual Rows": 0,
                      "Actual Loops": 5,
                      "Filter": "((kind_id > 1) AND (production_year = 1932))",
                      "Rows Removed by Filter": 505662
                    },
                    {
                      "Node Type": "Index Scan",
                      "Parent Relationship": "Inner",
                      "Parallel Aware": false,
                      "Scan Direction": "Forward",
                      "Index Name": "movie_id_movie_info",
                      "Relation Name": "movie_info",
                      "Alias": "mi",
                      "Startup Cost": 0.43,
                      "Total Cost": 136.25,
                      "Plan Rows": 6,
                      "Plan Width": 4,
                      "Actual Startup Time": 0.041,
                      "Actual Total Time": 0.047,
                      "Actual Rows": 1,
                      "Actual Loops": 1,
                      "Index Cond": "(movie_id = t.id)",
                      "Rows Removed by Index Recheck": 0,
                      "Filter": "(info_type_id < 3)",
                      "Rows Removed by Filter": 9
                    }
                  ]
                }
              ]
            }
          ]
        }
      ]
    },
    "Planning Time": 0.305,
    "Triggers": [],
    "Execution Time": 117.061
  }
]