[
  {
    "Plan": {
      "Node Type": "Aggregate",
      "Strategy": "Plain",
      "Partial Mode": "Simple",
      "Parallel Aware": false,
      "Startup Cost": 11140.45,
      "Total Cost": 11140.46,
      "Plan Rows": 1,
      "Plan Width": 96,
      "Actual Startup Time": 12169.01,
      "Actual Total Time": 12169.049,
      "Actual Rows": 1,
      "Actual Loops": 1,
      "Plans": [
        {
          "Node Type": "Nested Loop",
          "Parent Relationship": "Outer",
          "Parallel Aware": false,
          "Join Type": "Inner",
          "Startup Cost": 7.68,
          "Total Cost": 11140.44,
          "Plan Rows": 1,
          "Plan Width": 39,
          "Actual Startup Time": 78.823,
          "Actual Total Time": 12165.163,
          "Actual Rows": 7524,
          "Actual Loops": 1,
          "Inner Unique": true,
          "Plans": [
            {
              "Node Type": "Nested Loop",
              "Parent Relationship": "Outer",
              "Parallel Aware": false,
              "Join Type": "Inner",
              "Startup Cost": 7.25,
              "Total Cost": 11139.99,
              "Plan Rows": 1,
              "Plan Width": 43,
              "Actual Startup Time": 78.622,
              "Actual Total Time": 12025.095,
              "Actual Rows": 7524,
              "Actual Loops": 1,
              "Inner Unique": true,
              "Plans": [
                {
                  "Node Type": "Nested Loop",
                  "Parent Relationship": "Outer",
                  "Parallel Aware": false,
                  "Join Type": "Inner",
                  "Startup Cost": 6.83,
                  "Total Cost": 11125.99,
                  "Plan Rows": 31,
                  "Plan Width": 47,
                  "Actual Startup Time": 1.089,
                  "Actual Total Time": 8401.985,
                  "Actual Rows": 1908153,
                  "Actual Loops": 1,
                  "Inner Unique": false,
                  "Join Filter": "(t.id = mk.movie_id)",
                  "Rows Removed by Join Filter": 0,
                  "Plans": [
                    {
                      "Node Type": "Nested Loop",
                      "Parent Relationship": "Outer",
                      "Parallel Aware": false,
                      "Join Type": "Inner",
                      "Startup Cost": 6.4,
                      "Total Cost": 11113.27,
                      "Plan Rows": 7,
                      "Plan Width": 59,
                      "Actual Startup Time": 0.969,
                      "Actual Total Time": 7663.922,
                      "Actual Rows": 49244,
                      "Actual Loops": 1,
                      "Inner Unique": true,
                      "Plans": [
                        {
                          "Node Type": "Nested Loop",
                          "Parent Relationship": "Outer",
                          "Parallel Aware": false,
                          "Join Type": "Inner",
                          "Startup Cost": 5.97,
                          "Total Cost": 11062.92,
                          "Plan Rows": 110,
                          "Plan Width": 47,
                          "Actual Startup Time": 0.787,
                          "Actual Total Time": 3998.017,
                          "Actual Rows": 773204,
                          "Actual Loops": 1,
                          "Inner Unique": false,
                          "Join Filter": "(t.id = ci.movie_id)",
                          "Rows Removed by Join Filter": 0,
                          "Plans": [
                            {
                              "Node Type": "Nested Loop",
                              "Parent Relationship": "Outer",
                              "Parallel Aware": false,
                              "Join Type": "Inner",
                              "Startup Cost": 5.41,
                              "Total Cost": 11046.21,
                              "Plan Rows": 6,
                              "Plan Width": 35,
                              "Actual Startup Time": 0.617,
                              "Actual Total Time": 929.549,
                              "Actual Rows": 20006,
                              "Actual Loops": 1,
                              "Inner Unique": false,
                              "Join Filter": "(t.kind_id = kt.id)",
                              "Rows Removed by Join Filter": 6329,
                              "Plans": [
                                {
                                  "Node Type": "Seq Scan",
                                  "Parent Relationship": "Outer",
                                  "Parallel Aware": false,
                                  "Relation Name": "kind_type",
                                  "Alias": "kt",
                                  "Startup Cost": 0.0,
                                  "Total Cost": 1.09,
                                  "Plan Rows": 1,
                                  "Plan Width": 4,
                                  "Actual Startup Time": 0.028,
                                  "Actual Total Time": 0.041,
                                  "Actual Rows": 1,
                                  "Actual Loops": 1,
                                  "Filter": "((kind)::text = 'movie'::text)",
                                  "Rows Removed by Filter": 6
                                },
                                {
                                  "Node Type": "Nested Loop",
                                  "Parent Relationship": "Inner",
                                  "Parallel Aware": false,
                                  "Join Type": "Inner",
                                  "Startup Cost": 5.41,
                                  "Total Cost": 11044.6,
                                  "Plan Rows": 42,
                                  "Plan Width": 39,
                                  "Actual Startup Time": 0.582,
                                  "Actual Total Time": 924.738,
                                  "Actual Rows": 26335,
                                  "Actual Loops": 1,
                                  "Inner Unique": true,
                                  "Join Filter": "(cc.movie_id = t.id)",
                                  "Rows Removed by Join Filter": 0,
                                  "Plans": [
                                    {
                                      "Node Type": "Hash Join",
                                      "Parent Relationship": "Outer",
                                      "Parallel Aware": false,
                                      "Join Type": "Inner",
                                      "Startup Cost": 4.98,
                                      "Total Cost": 10915.93,
                                      "Plan Rows": 217,
                                      "Plan Width": 14,
                                      "Actual Startup Time": 0.479,
                                      "Actual Total Time": 405.114,
                                      "Actual Rows": 61559,
                                      "Actual Loops": 1,
                                      "Inner Unique": true,
                                      "Hash Cond": "(mi_idx.info_type_id = it2.id)",
                                      "Plans": [
                                        {
                                          "Node Type": "Nested Loop",
                                          "Parent Relationship": "Outer",
                                          "Parallel Aware": false,
                                          "Join Type": "Inner",
                                          "Startup Cost": 2.55,
                                          "Total Cost": 10846.61,
                                          "Plan Rows": 24564,
                                          "Plan Width": 18,
                                          "Actual Startup Time": 0.314,
                                          "Actual Total Time": 377.174,
                                          "Actual Rows": 184902,
                                          "Actual Loops": 1,
                                          "Inner Unique": false,
                                          "Plans": [
                                            {
                                              "Node Type": "Hash Join",
                                              "Parent Relationship": "Outer",
                                              "Parallel Aware": false,
                                              "Join Type": "Inner",
                                              "Startup Cost": 2.12,
                                              "Total Cost": 2996.88,
                                              "Plan Rows": 8443,
                                              "Plan Width": 4,
                                              "Actual Startup Time": 0.172,
                                              "Actual Total Time": 75.52,
                                              "Actual Rows": 85941,
                                              "Actual Loops": 1,
                                              "Inner Unique": true,
                                              "Hash Cond": "(cc.status_id = cct2.id)",
                                              "Plans": [
                                                {
                                                  "Node Type": "Hash Join",
                                                  "Parent Relationship": "Outer",
                                                  "Parallel Aware": false,
                                                  "Join Type": "Inner",
                                                  "Startup Cost": 1.06,
                                                  "Total Cost": 2813.24,
                                                  "Plan Rows": 33772,
                                                  "Plan Width": 8,
                                                  "Actual Startup Time": 0.095,
                                                  "Actual Total Time": 57.202,
                                                  "Actual Rows": 85941,
                                                  "Actual Loops": 1,
                                                  "Inner Unique": true,
                                                  "Hash Cond": "(cc.subject_id = cct1.id)",
                                                  "Plans": [
                                                    {
                                                      "Node Type": "Seq Scan",
                                                      "Parent Relationship": "Outer",
                                                      "Parallel Aware": false,
                                                      "Relation Name": "complete_cast",
                                                      "Alias": "cc",
                                                      "Startup Cost": 0.0,
                                                      "Total Cost": 2081.86,
                                                      "Plan Rows": 135086,
                                                      "Plan Width": 12,
                                                      "Actual Startup Time": 0.047,
                                                      "Actual Total Time": 27.616,
                                                      "Actual Rows": 135086,
                                                      "Actual Loops": 1
                                                    },
                                                    {
                                                      "Node Type": "Hash",
                                                      "Parent Relationship": "Inner",
                                                      "Parallel Aware": false,
                                                      "Startup Cost": 1.05,
                                                      "Total Cost": 1.05,
                                                      "Plan Rows": 1,
                                                      "Plan Width": 4,
                                                      "Actual Startup Time": 0.017,
                                                      "Actual Total Time": 0.028,
                                                      "Actual Rows": 1,
                                                      "Actual Loops": 1,
                                                      "Hash Buckets": 1024,
                                                      "Original Hash Buckets": 1024,
                                                      "Hash Batches": 1,
                                                      "Original Hash Batches": 1,
                                                      "Peak Memory Usage": 9,
                                                      "Plans": [
                                                        {
                                                          "Node Type": "Seq Scan",
                                                          "Parent Relationship": "Outer",
                                                          "Parallel Aware": false,
                                                          "Relation Name": "comp_cast_type",
                                                          "Alias": "cct1",
                                                          "Startup Cost": 0.0,
                                                          "Total Cost": 1.05,
                                                          "Plan Rows": 1,
                                                          "Plan Width": 4,
                                                          "Actual Startup Time": 0.005,
                                                          "Actual Total Time": 0.006,
                                                          "Actual Rows": 1,
                                                          "Actual Loops": 1,
                                                          "Filter": "((kind)::text = 'cast'::text)",
                                                          "Rows Removed by Filter": 3
                                                        }
                                                      ]
                                                    }
                                                  ]
                                                },
                                                {
                                                  "Node Type": "Hash",
                                                  "Parent Relationship": "Inner",
                                                  "Parallel Aware": false,
                                                  "Startup Cost": 1.05,
                                                  "Total Cost": 1.05,
                                                  "Plan Rows": 1,
                                                  "Plan Width": 4,
                                                  "Actual Startup Time": 0.02,
                                                  "Actual Total Time": 0.026,
                                                  "Actual Rows": 2,
                                                  "Actual Loops": 1,
                                                  "Hash Buckets": 1024,
                                                  "Original Hash Buckets": 1024,
                                                  "Hash Batches": 1,
                                                  "Original Hash Batches": 1,
                                                  "Peak Memory Usage": 9,
                                                  "Plans": [
                                                    {
                                                      "Node Type": "Seq Scan",
                                                      "Parent Relationship": "Outer",
                                                      "Parallel Aware": false,
                                                      "Relation Name": "comp_cast_type",
                                                      "Alias": "cct2",
                                                      "Startup Cost": 0.0,
                                                      "Total Cost": 1.05,
                                                      "Plan Rows": 1,
                                                      "Plan Width": 4,
                                                      "Actual Startup Time": 0.01,
                                                      "Actual Total Time": 0.013,
                                                      "Actual Rows": 2,
                                                      "Actual Loops": 1,
                                                      "Filter": "((kind)::text ~~ '%complete%'::text)",
                                                      "Rows Removed by Filter": 2
                                                    }
                                                  ]
                                                }
                                              ]
                                            },
                                            {
                                              "Node Type": "Index Scan",
                                              "Parent Relationship": "Inner",
                                              "Parallel Aware": false,
                                              "Scan Direction": "Forward",
                                              "Index Name": "movie_id_movie_info_idx",
                                              "Relation Name": "movie_info_idx",
                                              "Alias": "mi_idx",
                                              "Startup Cost": 0.43,
                                              "Total Cost": 0.9,
                                              "Plan Rows": 3,
                                              "Plan Width": 14,
                                              "Actual Startup Time": 0.003,
                                              "Actual Total Time": 0.003,
                                              "Actual Rows": 2,
                                              "Actual Loops": 85941,
                                              "Index Cond": "(movie_id = cc.movie_id)",
                                              "Rows Removed by Index Recheck": 0
                                            }
                                          ]
                                        },
                                        {
                                          "Node Type": "Hash",
                                          "Parent Relationship": "Inner",
                                          "Parallel Aware": false,
                                          "Startup Cost": 2.41,
                                          "Total Cost": 2.41,
                                          "Plan Rows": 1,
                                          "Plan Width": 4,
                                          "Actual Startup Time": 0.068,
                                          "Actual Total Time": 0.073,
                                          "Actual Rows": 1,
                                          "Actual Loops": 1,
                                          "Hash Buckets": 1024,
                                          "Original Hash Buckets": 1024,
                                          "Hash Batches": 1,
                                          "Original Hash Batches": 1,
                                          "Peak Memory Usage": 9,
                                          "Plans": [
                                            {
                                              "Node Type": "Seq Scan",
                                              "Parent Relationship": "Outer",
                                              "Parallel Aware": false,
                                              "Relation Name": "info_type",
                                              "Alias": "it2",
                                              "Startup Cost": 0.0,
                                              "Total Cost": 2.41,
                                              "Plan Rows": 1,
                                              "Plan Width": 4,
                                              "Actual Startup Time": 0.04,
                                              "Actual Total Time": 0.043,
                                              "Actual Rows": 1,
                                              "Actual Loops": 1,
                                              "Filter": "((info)::text = 'rating'::text)",
                                              "Rows Removed by Filter": 112
                                            }
                                          ]
                                        }
                                      ]
                                    },
                                    {
                                      "Node Type": "Index Scan",
                                      "Parent Relationship": "Inner",
                                      "Parallel Aware": false,
                                      "Scan Direction": "Forward",
                                      "Index Name": "title_pkey",
                                      "Relation Name": "title",
                                      "Alias": "t",
                                      "Startup Cost": 0.43,
                                      "Total Cost": 0.58,
                                      "Plan Rows": 1,
                                      "Plan Width": 25,
                                      "Actual Startup Time": 0.008,
                                      "Actual Total Time": 0.008,
                                      "Actual Rows": 0,
                                      "Actual Loops": 61559,
                                      "Index Cond": "(id = mi_idx.movie_id)",
                                      "Rows Removed by Index Recheck": 0,
                                      "Filter": "(production_year < 1978)",
                                      "Rows Removed by Filter": 1
                                    }
                                  ]
                                }
                              ]
                            },
                            {
                              "Node Type": "Index Scan",
                              "Parent Relationship": "Inner",
                              "Parallel Aware": false,
                              "Scan Direction": "Forward",
                              "Index Name": "movie_id_cast_info",
                              "Relation Name": "cast_info",
                              "Alias": "ci",
                              "Startup Cost": 0.56,
                              "Total Cost": 2.32,
                              "Plan Rows": 37,
                              "Plan Width": 12,
                              "Actual Startup Time": 0.015,
                              "Actual Total Time": 0.145,
                              "Actual Rows": 39,
                              "Actual Loops": 20006,
                              "Index Cond": "(movie_id = mi_idx.movie_id)",
                              "Rows Removed by Index Recheck": 0
                            }
                          ]
                        },
                        {
                          "Node Type": "Index Scan",
                          "Parent Relationship": "Inner",
                          "Parallel Aware": false,
                          "Scan Direction": "Forward",
                          "Index Name": "char_name_pkey",
                          "Relation Name": "char_name",
                          "Alias": "chn",
                          "Startup Cost": 0.43,
                          "Total Cost": 0.46,
                          "Plan Rows": 1,
                          "Plan Width": 20,
                          "Actual Startup Time": 0.004,
                          "Actual Total Time": 0.004,
                          "Actual Rows": 0,
                          "Actual Loops": 773204,
                          "Index Cond": "(id = ci.person_role_id)",
                          "Rows Removed by Index Recheck": 0,
                          "Filter": "((name IS NOT NULL) AND ((name ~~ '%man%'::text) OR (name ~~ '%Man%'::text)))",
                          "Rows Removed by Filter": 1
                        }
                      ]
                    },
                    {
                      "Node Type": "Index Scan",
                      "Parent Relationship": "Inner",
                      "Parallel Aware": false,
                      "Scan Direction": "Forward",
                      "Index Name": "movie_id_movie_keyword",
                      "Relation Name": "movie_keyword",
                      "Alias": "mk",
                      "Startup Cost": 0.43,
                      "Total Cost": 1.24,
                      "Plan Rows": 46,
                      "Plan Width": 8,
                      "Actual Startup Time": 0.004,
                      "Actual Total Time": 0.01,
                      "Actual Rows": 39,
                      "Actual Loops": 49244,
                      "Index Cond": "(movie_id = ci.movie_id)",
                      "Rows Removed by Index Recheck": 0
                    }
                  ]
                },
                {
                  "Node Type": "Index Scan",
                  "Parent Relationship": "Inner",
                  "Parallel Aware": false,
                  "Scan Direction": "Forward",
                  "Index Name": "keyword_pkey",
                  "Relation Name": "keyword",
                  "Alias": "k",
                  "Startup Cost": 0.42,
                  "Total Cost": 0.45,
                  "Plan Rows": 1,
                  "Plan Width": 4,
                  "Actual Startup Time": 0.002,
                  "Actual Total Time": 0.002,
                  "Actual Rows": 0,
                  "Actual Loops": 1908153,
                  "Index Cond": "(id = mk.keyword_id)",
                  "Rows Removed by Index Recheck": 0,
                  "Filter": "(keyword = ANY ('{superhero,marvel-comics,based-on-comic,tv-special,fight,violence,magnet,web,claw,laser}'::text[]))",
                  "Rows Removed by Filter": 1
                }
              ]
            },
            {
              "Node Type": "Index Only Scan",
              "Parent Relationship": "Inner",
              "Parallel Aware": false,
              "Scan Direction": "Forward",
              "Index Name": "name_pkey",
              "Relation Name": "name",
              "Alias": "n",
              "Startup Cost": 0.43,
              "Total Cost": 0.46,
              "Plan Rows": 1,
              "Plan Width": 4,
              "Actual Startup Time": 0.018,
              "Actual Total Time": 0.018,
              "Actual Rows": 1,
              "Actual Loops": 7524,
              "Index Cond": "(id = ci.person_id)",
              "Rows Removed by Index Recheck": 0,
              "Heap Fetches": 7524
            }
          ]
        }
      ]
    },
    "Planning Time": 130.608,
    "Triggers": [],
    "Execution Time": 12169.99
  }
]