[
  {
    "Plan": {
      "Node Type": "Aggregate",
      "Strategy": "Plain",
      "Partial Mode": "Finalize",
      "Parallel Aware": false,
      "Startup Cost": 351315.28,
      "Total Cost": 351315.29,
      "Plan Rows": 1,
      "Plan Width": 8,
      "Actual Startup Time": 891.569,
      "Actual Total Time": 937.642,
      "Actual Rows": 1,
      "Actual Loops": 1,
      "Plans": [
        {
          "Node Type": "Gather",
          "Parent Relationship": "Outer",
          "Parallel Aware": false,
          "Startup Cost": 351314.65,
          "Total Cost": 351315.26,
          "Plan Rows": 6,
          "Plan Width": 8,
          "Actual Startup Time": 891.418,
          "Actual Total Time": 937.628,
          "Actual Rows": 7,
          "Actual Loops": 1,
          "Workers Planned": 6,
          "Workers Launched": 6,
          "Single Copy": false,
          "Plans": [
            {
              "Node Type": "Aggregate",
              "Strategy": "Plain",
              "Partial Mode": "Partial",
              "Parent Relationship": "Outer",
              "Parallel Aware": false,
              "Startup Cost": 350314.65,
              "Total Cost": 350314.66,
              "Plan Rows": 1,
              "Plan Width": 8,
              "Actual Startup Time": 884.728,
              "Actual Total Time": 884.73,
              "Actual Rows": 1,
              "Actual Loops": 7,
              "Plans": [
                {
                  "Node Type": "Seq Scan",
                  "Parent Relationship": "Outer",
                  "Parallel Aware": true,
                  "Relation Name": "cast_info",
                  "Alias": "ci",
                  "Startup Cost": 0.0,
                  "Total Cost": 343316.27,
                  "Plan Rows": 2799352,
                  "Plan Width": 0,
                  "Actual Startup Time": 202.7,
                  "Actual Total Time": 762.493,
                  "Actual Rows": 2158664,
                  "Actual Loops": 7,
                  "Filter": "((person_id > 1500372) AND (role_id < 8))",
                  "Rows Removed by Filter": 3019099
                }
              ]
            }
          ]
        }
      ]
    },
    "Planning Time": 0.1,
    "Triggers": [],
    "Execution Time": 937.688
  }
]