[
  {
    "Plan": {
      "Node Type": "Aggregate",
      "Strategy": "Plain",
      "Partial Mode": "Finalize",
      "Parallel Aware": false,
      "Startup Cost": 351192.74,
      "Total Cost": 351192.75,
      "Plan Rows": 1,
      "Plan Width": 8,
      "Actual Startup Time": 754.608,
      "Actual Total Time": 811.525,
      "Actual Rows": 1,
      "Actual Loops": 1,
      "Plans": [
        {
          "Node Type": "Gather",
          "Parent Relationship": "Outer",
          "Parallel Aware": false,
          "Startup Cost": 351192.11,
          "Total Cost": 351192.72,
          "Plan Rows": 6,
          "Plan Width": 8,
          "Actual Startup Time": 754.491,
          "Actual Total Time": 811.512,
          "Actual Rows": 7,
          "Actual Loops": 1,
          "Workers Planned": 6,
          "Workers Launched": 6,
          "Single Copy": false,
          "Plans": [
            {
              "Node Type": "Aggregate",
              "Strategy": "Plain",
              "Partial Mode": "Partial",
              "Parent Relationship": "Outer",
              "Parallel Aware": false,
              "Startup Cost": 350192.11,
              "Total Cost": 350192.12,
              "Plan Rows": 1,
              "Plan Width": 8,
              "Actual Startup Time": 744.275,
              "Actual Total Time": 744.276,
              "Actual Rows": 1,
              "Actual Loops": 7,
              "Plans": [
                {
                  "Node Type": "Seq Scan",
                  "Parent Relationship": "Outer",
                  "Parallel Aware": true,
                  "Relation Name": "cast_info",
                  "Alias": "ci",
                  "Startup Cost": 0.0,
                  "Total Cost": 343257.03,
                  "Plan Rows": 2774033,
                  "Plan Width": 0,
                  "Actual Startup Time": 188.757,
                  "Actual Total Time": 656.769,
                  "Actual Rows": 2158664,
                  "Actual Loops": 7,
                  "Filter": "((person_id > 1500372) AND (role_id < 8))",
                  "Rows Removed by Filter": 3019099
                }
              ]
            }
          ]
        }
      ]
    },
    "Planning Time": 0.22,
    "Triggers": [],
    "Execution Time": 811.594
  }
]