{
  "Plan": {
    "Node Type": "Aggregate",
    "Strategy": "Plain",
    "Partial Mode": "Finalize",
    "Parallel Aware": false,
    "Startup Cost": 393031.98,
    "Total Cost": 393031.99,
    "Plan Rows": 1,
    "Plan Width": 8,
    "Actual Startup Time": 1208.925,
    "Actual Total Time": 1226.928,
    "Actual Rows": 1,
    "Actual Loops": 1,
    "Plans": [
      {
        "Node Type": "Gather",
        "Parent Relationship": "Outer",
        "Parallel Aware": false,
        "Startup Cost": 393031.86,
        "Total Cost": 393031.97,
        "Plan Rows": 1,
        "Plan Width": 8,
        "Actual Startup Time": 1205.074,
        "Actual Total Time": 1226.922,
        "Actual Rows": 2,
        "Actual Loops": 1,
        "Workers Planned": 1,
        "Workers Launched": 1,
        "Single Copy": false,
        "Plans": [
          {
            "Node Type": "Aggregate",
            "Strategy": "Plain",
            "Partial Mode": "Partial",
            "Parent Relationship": "Outer",
            "Parallel Aware": false,
            "Startup Cost": 392031.86,
            "Total Cost": 392031.87,
            "Plan Rows": 1,
            "Plan Width": 8,
            "Actual Startup Time": 1193.221,
            "Actual Total Time": 1193.224,
            "Actual Rows": 1,
            "Actual Loops": 2,
            "Plans": [
              {
                "Node Type": "Hash Join",
                "Parent Relationship": "Outer",
                "Parallel Aware": true,
                "Join Type": "Inner",
                "Startup Cost": 117020.85,
                "Total Cost": 388865.34,
                "Plan Rows": 1266610,
                "Plan Width": 0,
                "Actual Startup Time": 585.236,
                "Actual Total Time": 1148.637,
                "Actual Rows": 1071972,
                "Actual Loops": 2,
                "Inner Unique": true,
                "Hash Cond": "(ci.movie_id = t.id)",
                "Plans": [
                  {
                    "Node Type": "Bitmap Heap Scan",
                    "Parent Relationship": "Outer",
                    "Parallel Aware": true,
                    "Relation Name": "cast_info",
                    "Alias": "ci",
                    "Startup Cost": 47560.15,
                    "Total Cost": 316079.78,
                    "Plan Rows": 1266610,
                    "Plan Width": 4,
                    "Actual Startup Time": 66.02,
                    "Actual Total Time": 168.743,
                    "Actual Rows": 1071972,
                    "Actual Loops": 2,
                    "Recheck Cond": "(person_id < 210565)",
                    "Rows Removed by Index Recheck": 0,
                    "Exact Heap Blocks": 11657,
                    "Lossy Heap Blocks": 0,
                    "Plans": [
                      {
                        "Node Type": "Bitmap Index Scan",
                        "Parent Relationship": "Outer",
                        "Parallel Aware": false,
                        "Index Name": "person_id_cast_info",
                        "Startup Cost": 0.0,
                        "Total Cost": 47021.84,
                        "Plan Rows": 2153237,
                        "Plan Width": 0,
                        "Actual Startup Time": 62.631,
                        "Actual Total Time": 62.631,
                        "Actual Rows": 2143945,
                        "Actual Loops": 1,
                        "Index Cond": "(person_id < 210565)"
                      }
                    ]
                  },
                  {
                    "Node Type": "Hash",
                    "Parent Relationship": "Inner",
                    "Parallel Aware": true,
                    "Startup Cost": 50870.31,
                    "Total Cost": 50870.31,
                    "Plan Rows": 1487231,
                    "Plan Width": 4,
                    "Actual Startup Time": 498.587,
                    "Actual Total Time": 498.587,
                    "Actual Rows": 1264156,
                    "Actual Loops": 2,
                    "Hash Buckets": 4194304,
                    "Original Hash Buckets": 4194304,
                    "Hash Batches": 1,
                    "Original Hash Batches": 1,
                    "Peak Memory Usage": 131712,
                    "Plans": [
                      {
                        "Node Type": "Seq Scan",
                        "Parent Relationship": "Outer",
                        "Parallel Aware": true,
                        "Relation Name": "title",
                        "Alias": "t",
                        "Startup Cost": 0.0,
                        "Total Cost": 50870.31,
                        "Plan Rows": 1487231,
                        "Plan Width": 4,
                        "Actual Startup Time": 0.024,
                        "Actual Total Time": 145.646,
                        "Actual Rows": 1264156,
                        "Actual Loops": 2
                      }
                    ]
                  }
                ]
              }
            ]
          }
        ]
      }
    ]
  },
  "Planning Time": 0.65,
  "Triggers": [],
  "Execution Time": 1227.024
}