[
    {
        "Bao": {
            "Bao prediction": "NaN",
            "Bao recommended hint": "(no hint)"
        }
    },
    {
        "Plan": {
            "Node Type": "Aggregate",
            "Strategy": "Plain",
            "Partial Mode": "Finalize",
            "Parallel Aware": false,
            "Startup Cost": 43613.01,
            "Total Cost": 43613.02,
            "Plan Rows": 1,
            "Plan Width": 8,
            "Actual Startup Time": 146.054,
            "Actual Total Time": 152.15,
            "Actual Rows": 1,
            "Actual Loops": 1,
            "Output": [
                "count(*)"
            ],
            "Plans": [
                {
                    "Node Type": "Gather",
                    "Parent Relationship": "Outer",
                    "Parallel Aware": false,
                    "Startup Cost": 43612.69,
                    "Total Cost": 43613.0,
                    "Plan Rows": 3,
                    "Plan Width": 8,
                    "Actual Startup Time": 145.655,
                    "Actual Total Time": 152.142,
                    "Actual Rows": 4,
                    "Actual Loops": 1,
                    "Output": [
                        "(PARTIAL count(*))"
                    ],
                    "Workers Planned": 3,
                    "Workers Launched": 3,
                    "Single Copy": false,
                    "Plans": [
                        {
                            "Node Type": "Aggregate",
                            "Strategy": "Plain",
                            "Partial Mode": "Partial",
                            "Parent Relationship": "Outer",
                            "Parallel Aware": false,
                            "Startup Cost": 42612.69,
                            "Total Cost": 42612.7,
                            "Plan Rows": 1,
                            "Plan Width": 8,
                            "Actual Startup Time": 135.784,
                            "Actual Total Time": 135.786,
                            "Actual Rows": 1,
                            "Actual Loops": 4,
                            "Output": [
                                "PARTIAL count(*)"
                            ],
                            "Workers": [
                                {
                                    "Worker Number": 0,
                                    "Actual Startup Time": 133.911,
                                    "Actual Total Time": 133.913,
                                    "Actual Rows": 1,
                                    "Actual Loops": 1
                                },
                                {
                                    "Worker Number": 1,
                                    "Actual Startup Time": 134.028,
                                    "Actual Total Time": 134.03,
                                    "Actual Rows": 1,
                                    "Actual Loops": 1
                                },
                                {
                                    "Worker Number": 2,
                                    "Actual Startup Time": 129.995,
                                    "Actual Total Time": 129.997,
                                    "Actual Rows": 1,
                                    "Actual Loops": 1
                                }
                            ],
                            "Plans": [
                                {
                                    "Node Type": "Bitmap Heap Scan",
                                    "Parent Relationship": "Outer",
                                    "Parallel Aware": true,
                                    "Relation Name": "movie_keyword",
                                    "Schema": "public",
                                    "Alias": "mk",
                                    "Startup Cost": 14786.14,
                                    "Total Cost": 42050.6,
                                    "Plan Rows": 224837,
                                    "Plan Width": 0,
                                    "Actual Startup Time": 49.1,
                                    "Actual Total Time": 126.04,
                                    "Actual Rows": 170926,
                                    "Actual Loops": 4,
                                    "Recheck Cond": "(mk.keyword_id > 27533)",
                                    "Rows Removed by Index Recheck": 0,
                                    "Exact Heap Blocks": 10649,
                                    "Lossy Heap Blocks": 0,
                                    "Workers": [
                                        {
                                            "Worker Number": 0,
                                            "Actual Startup Time": 47.421,
                                            "Actual Total Time": 124.883,
                                            "Actual Rows": 102082,
                                            "Actual Loops": 1
                                        },
                                        {
                                            "Worker Number": 1,
                                            "Actual Startup Time": 47.408,
                                            "Actual Total Time": 125.837,
                                            "Actual Rows": 130104,
                                            "Actual Loops": 1
                                        },
                                        {
                                            "Worker Number": 2,
                                            "Actual Startup Time": 43.389,
                                            "Actual Total Time": 121.101,
                                            "Actual Rows": 141928,
                                            "Actual Loops": 1
                                        }
                                    ],
                                    "Plans": [
                                        {
                                            "Node Type": "Bitmap Index Scan",
                                            "Parent Relationship": "Outer",
                                            "Parallel Aware": false,
                                            "Index Name": "keyword_id_movie_keyword",
                                            "Startup Cost": 0.0,
                                            "Total Cost": 14611.89,
                                            "Plan Rows": 696994,
                                            "Plan Width": 0,
                                            "Actual Startup Time": 54.747,
                                            "Actual Total Time": 54.747,
                                            "Actual Rows": 683702,
                                            "Actual Loops": 1,
                                            "Index Cond": "(mk.keyword_id > 27533)"
                                        }
                                    ]
                                }
                            ]
                        }
                    ]
                }
            ]
        },
        "Planning Time": 178.184,
        "Triggers": [],
        "Execution Time": 152.252
    }
]