{
    "Plan": {
        "Node Type": "Aggregate",
        "Strategy": "Plain",
        "Partial Mode": "Finalize",
        "Parallel Aware": false,
        "Startup Cost": 692465.84,
        "Total Cost": 692465.85,
        "Plan Rows": 1,
        "Plan Width": 8,
        "Actual Startup Time": 9087.915,
        "Actual Total Time": 9203.012,
        "Actual Rows": 1,
        "Actual Loops": 1,
        "Output": [
            "count(*)"
        ],
        "Plans": [
            {
                "Node Type": "Gather",
                "Parent Relationship": "Outer",
                "Parallel Aware": false,
                "Startup Cost": 692465.32,
                "Total Cost": 692465.83,
                "Plan Rows": 5,
                "Plan Width": 8,
                "Actual Startup Time": 9033.412,
                "Actual Total Time": 9202.996,
                "Actual Rows": 6,
                "Actual Loops": 1,
                "Output": [
                    "(PARTIAL count(*))"
                ],
                "Workers Planned": 5,
                "Workers Launched": 5,
                "Single Copy": false,
                "Plans": [
                    {
                        "Node Type": "Aggregate",
                        "Strategy": "Plain",
                        "Partial Mode": "Partial",
                        "Parent Relationship": "Outer",
                        "Parallel Aware": false,
                        "Startup Cost": 691465.32,
                        "Total Cost": 691465.33,
                        "Plan Rows": 1,
                        "Plan Width": 8,
                        "Actual Startup Time": 8982.766,
                        "Actual Total Time": 8984.379,
                        "Actual Rows": 1,
                        "Actual Loops": 6,
                        "Output": [
                            "PARTIAL count(*)"
                        ],
                        "Workers": [
                            {
                                "Worker Number": 0,
                                "Actual Startup Time": 8971.299,
                                "Actual Total Time": 8971.304,
                                "Actual Rows": 1,
                                "Actual Loops": 1
                            },
                            {
                                "Worker Number": 1,
                                "Actual Startup Time": 8971.264,
                                "Actual Total Time": 8971.269,
                                "Actual Rows": 1,
                                "Actual Loops": 1
                            },
                            {
                                "Worker Number": 2,
                                "Actual Startup Time": 8978.868,
                                "Actual Total Time": 8978.873,
                                "Actual Rows": 1,
                                "Actual Loops": 1
                            },
                            {
                                "Worker Number": 3,
                                "Actual Startup Time": 8971.388,
                                "Actual Total Time": 8971.394,
                                "Actual Rows": 1,
                                "Actual Loops": 1
                            },
                            {
                                "Worker Number": 4,
                                "Actual Startup Time": 8971.303,
                                "Actual Total Time": 8971.308,
                                "Actual Rows": 1,
                                "Actual Loops": 1
                            }
                        ],
                        "Plans": [
                            {
                                "Node Type": "Hash Join",
                                "Parent Relationship": "Outer",
                                "Parallel Aware": true,
                                "Join Type": "Inner",
                                "Startup Cost": 424500.79,
                                "Total Cost": 655041.57,
                                "Plan Rows": 14569497,
                                "Plan Width": 0,
                                "Actual Startup Time": 3296.139,
                                "Actual Total Time": 7903.545,
                                "Actual Rows": 25468813,
                                "Actual Loops": 6,
                                "Inner Unique": false,
                                "Hash Cond": "(mi.movie_id = t.id)",
                                "Workers": [
                                    {
                                        "Worker Number": 0,
                                        "Actual Startup Time": 3285.928,
                                        "Actual Total Time": 7870.165,
                                        "Actual Rows": 25430683,
                                        "Actual Loops": 1
                                    },
                                    {
                                        "Worker Number": 1,
                                        "Actual Startup Time": 3285.896,
                                        "Actual Total Time": 7852.887,
                                        "Actual Rows": 24407249,
                                        "Actual Loops": 1
                                    },
                                    {
                                        "Worker Number": 2,
                                        "Actual Startup Time": 3286.053,
                                        "Actual Total Time": 7862.494,
                                        "Actual Rows": 25244406,
                                        "Actual Loops": 1
                                    },
                                    {
                                        "Worker Number": 3,
                                        "Actual Startup Time": 3285.959,
                                        "Actual Total Time": 8000.381,
                                        "Actual Rows": 24717364,
                                        "Actual Loops": 1
                                    },
                                    {
                                        "Worker Number": 4,
                                        "Actual Startup Time": 3285.973,
                                        "Actual Total Time": 7857.952,
                                        "Actual Rows": 25211497,
                                        "Actual Loops": 1
                                    }
                                ],
                                "Plans": [
                                    {
                                        "Node Type": "Seq Scan",
                                        "Parent Relationship": "Outer",
                                        "Parallel Aware": true,
                                        "Relation Name": "movie_info",
                                        "Schema": "public",
                                        "Alias": "mi",
                                        "Startup Cost": 0.0,
                                        "Total Cost": 191503.19,
                                        "Plan Rows": 2951019,
                                        "Plan Width": 4,
                                        "Actual Startup Time": 0.035,
                                        "Actual Total Time": 301.997,
                                        "Actual Rows": 2472620,
                                        "Actual Loops": 6,
                                        "Output": [
                                            "mi.id",
                                            "mi.movie_id",
                                            "mi.info_type_id",
                                            "mi.info",
                                            "mi.note"
                                        ],
                                        "Workers": [
                                            {
                                                "Worker Number": 0,
                                                "Actual Startup Time": 0.042,
                                                "Actual Total Time": 315.305,
                                                "Actual Rows": 2481050,
                                                "Actual Loops": 1
                                            },
                                            {
                                                "Worker Number": 1,
                                                "Actual Startup Time": 0.035,
                                                "Actual Total Time": 318.442,
                                                "Actual Rows": 2332657,
                                                "Actual Loops": 1
                                            },
                                            {
                                                "Worker Number": 2,
                                                "Actual Startup Time": 0.033,
                                                "Actual Total Time": 316.863,
                                                "Actual Rows": 2430443,
                                                "Actual Loops": 1
                                            },
                                            {
                                                "Worker Number": 3,
                                                "Actual Startup Time": 0.049,
                                                "Actual Total Time": 320.168,
                                                "Actual Rows": 2392408,
                                                "Actual Loops": 1
                                            },
                                            {
                                                "Worker Number": 4,
                                                "Actual Startup Time": 0.039,
                                                "Actual Total Time": 316.002,
                                                "Actual Rows": 2430856,
                                                "Actual Loops": 1
                                            }
                                        ]
                                    },
                                    {
                                        "Node Type": "Hash",
                                        "Parent Relationship": "Inner",
                                        "Parallel Aware": true,
                                        "Startup Cost": 398495.38,
                                        "Total Cost": 398495.38,
                                        "Plan Rows": 2080433,
                                        "Plan Width": 8,
                                        "Actual Startup Time": 3276.235,
                                        "Actual Total Time": 3277.843,
                                        "Actual Rows": 2010938,
                                        "Actual Loops": 6,
                                        "Output": [
                                            "t.id",
                                            "ci.movie_id"
                                        ],
                                        "Hash Buckets": 16777216,
                                        "Original Hash Buckets": 16777216,
                                        "Hash Batches": 1,
                                        "Original Hash Batches": 1,
                                        "Peak Memory Usage": 603168,
                                        "Workers": [
                                            {
                                                "Worker Number": 0,
                                                "Actual Startup Time": 3285.487,
                                                "Actual Total Time": 3285.49,
                                                "Actual Rows": 1909050,
                                                "Actual Loops": 1
                                            },
                                            {
                                                "Worker Number": 1,
                                                "Actual Startup Time": 3285.419,
                                                "Actual Total Time": 3285.422,
                                                "Actual Rows": 1899301,
                                                "Actual Loops": 1
                                            },
                                            {
                                                "Worker Number": 2,
                                                "Actual Startup Time": 3285.431,
                                                "Actual Total Time": 3285.435,
                                                "Actual Rows": 1920750,
                                                "Actual Loops": 1
                                            },
                                            {
                                                "Worker Number": 3,
                                                "Actual Startup Time": 3285.485,
                                                "Actual Total Time": 3285.488,
                                                "Actual Rows": 1763193,
                                                "Actual Loops": 1
                                            },
                                            {
                                                "Worker Number": 4,
                                                "Actual Startup Time": 3285.547,
                                                "Actual Total Time": 3285.55,
                                                "Actual Rows": 1916289,
                                                "Actual Loops": 1
                                            }
                                        ],
                                        "Plans": [
                                            {
                                                "Node Type": "Hash Join",
                                                "Parent Relationship": "Outer",
                                                "Parallel Aware": true,
                                                "Join Type": "Inner",
                                                "Startup Cost": 50220.37,
                                                "Total Cost": 398495.38,
                                                "Plan Rows": 2080433,
                                                "Plan Width": 8,
                                                "Actual Startup Time": 334.351,
                                                "Actual Total Time": 2182.716,
                                                "Actual Rows": 2010938,
                                                "Actual Loops": 6,
                                                "Output": [
                                                    "t.id",
                                                    "ci.movie_id"
                                                ],
                                                "Inner Unique": true,
                                                "Hash Cond": "(ci.movie_id = t.id)",
                                                "Workers": [
                                                    {
                                                        "Worker Number": 0,
                                                        "Actual Startup Time": 334.29,
                                                        "Actual Total Time": 2187.336,
                                                        "Actual Rows": 1909050,
                                                        "Actual Loops": 1
                                                    },
                                                    {
                                                        "Worker Number": 1,
                                                        "Actual Startup Time": 334.464,
                                                        "Actual Total Time": 2190.792,
                                                        "Actual Rows": 1899301,
                                                        "Actual Loops": 1
                                                    },
                                                    {
                                                        "Worker Number": 2,
                                                        "Actual Startup Time": 334.375,
                                                        "Actual Total Time": 2189.562,
                                                        "Actual Rows": 1920750,
                                                        "Actual Loops": 1
                                                    },
                                                    {
                                                        "Worker Number": 3,
                                                        "Actual Startup Time": 334.221,
                                                        "Actual Total Time": 2175.811,
                                                        "Actual Rows": 1763193,
                                                        "Actual Loops": 1
                                                    },
                                                    {
                                                        "Worker Number": 4,
                                                        "Actual Startup Time": 334.234,
                                                        "Actual Total Time": 2189.534,
                                                        "Actual Rows": 1916289,
                                                        "Actual Loops": 1
                                                    }
                                                ],
                                                "Plans": [
                                                    {
                                                        "Node Type": "Index Scan",
                                                        "Parent Relationship": "Outer",
                                                        "Parallel Aware": true,
                                                        "Scan Direction": "Forward",
                                                        "Index Name": "role_id_cast_info",
                                                        "Relation Name": "cast_info",
                                                        "Schema": "public",
                                                        "Alias": "ci",
                                                        "Startup Cost": 0.56,
                                                        "Total Cost": 342814.42,
                                                        "Plan Rows": 2080433,
                                                        "Plan Width": 4,
                                                        "Actual Startup Time": 26.998,
                                                        "Actual Total Time": 647.788,
                                                        "Actual Rows": 2010938,
                                                        "Actual Loops": 6,
                                                        "Output": [
                                                            "ci.id",
                                                            "ci.person_id",
                                                            "ci.movie_id",
                                                            "ci.person_role_id",
                                                            "ci.note",
                                                            "ci.nr_order",
                                                            "ci.role_id"
                                                        ],
                                                        "Index Cond": "(ci.role_id = 1)",
                                                        "Rows Removed by Index Recheck": 0,
                                                        "Filter": "(ci.person_id > 86017)",
                                                        "Rows Removed by Filter": 100844,
                                                        "Workers": [
                                                            {
                                                                "Worker Number": 0,
                                                                "Actual Startup Time": 26.925,
                                                                "Actual Total Time": 676.452,
                                                                "Actual Rows": 1909050,
                                                                "Actual Loops": 1
                                                            },
                                                            {
                                                                "Worker Number": 1,
                                                                "Actual Startup Time": 27.04,
                                                                "Actual Total Time": 676.464,
                                                                "Actual Rows": 1899301,
                                                                "Actual Loops": 1
                                                            },
                                                            {
                                                                "Worker Number": 2,
                                                                "Actual Startup Time": 26.99,
                                                                "Actual Total Time": 677.806,
                                                                "Actual Rows": 1920750,
                                                                "Actual Loops": 1
                                                            },
                                                            {
                                                                "Worker Number": 3,
                                                                "Actual Startup Time": 26.994,
                                                                "Actual Total Time": 650.604,
                                                                "Actual Rows": 1763193,
                                                                "Actual Loops": 1
                                                            },
                                                            {
                                                                "Worker Number": 4,
                                                                "Actual Startup Time": 27.027,
                                                                "Actual Total Time": 680.013,
                                                                "Actual Rows": 1916289,
                                                                "Actual Loops": 1
                                                            }
                                                        ]
                                                    },
                                                    {
                                                        "Node Type": "Hash",
                                                        "Parent Relationship": "Inner",
                                                        "Parallel Aware": true,
                                                        "Startup Cost": 42318.81,
                                                        "Total Cost": 42318.81,
                                                        "Plan Rows": 632080,
                                                        "Plan Width": 4,
                                                        "Actual Startup Time": 303.2,
                                                        "Actual Total Time": 303.201,
                                                        "Actual Rows": 421385,
                                                        "Actual Loops": 6,
                                                        "Output": [
                                                            "t.id"
                                                        ],
                                                        "Hash Buckets": 4194304,
                                                        "Original Hash Buckets": 4194304,
                                                        "Hash Batches": 1,
                                                        "Original Hash Batches": 1,
                                                        "Peak Memory Usage": 131776,
                                                        "Workers": [
                                                            {
                                                                "Worker Number": 0,
                                                                "Actual Startup Time": 307.134,
                                                                "Actual Total Time": 307.135,
                                                                "Actual Rows": 384695,
                                                                "Actual Loops": 1
                                                            },
                                                            {
                                                                "Worker Number": 1,
                                                                "Actual Startup Time": 307.296,
                                                                "Actual Total Time": 307.297,
                                                                "Actual Rows": 380389,
                                                                "Actual Loops": 1
                                                            },
                                                            {
                                                                "Worker Number": 2,
                                                                "Actual Startup Time": 307.303,
                                                                "Actual Total Time": 307.305,
                                                                "Actual Rows": 385608,
                                                                "Actual Loops": 1
                                                            },
                                                            {
                                                                "Worker Number": 3,
                                                                "Actual Startup Time": 307.067,
                                                                "Actual Total Time": 307.068,
                                                                "Actual Rows": 330724,
                                                                "Actual Loops": 1
                                                            },
                                                            {
                                                                "Worker Number": 4,
                                                                "Actual Startup Time": 307.129,
                                                                "Actual Total Time": 307.13,
                                                                "Actual Rows": 387671,
                                                                "Actual Loops": 1
                                                            }
                                                        ],
                                                        "Plans": [
                                                            {
                                                                "Node Type": "Seq Scan",
                                                                "Parent Relationship": "Outer",
                                                                "Parallel Aware": true,
                                                                "Relation Name": "title",
                                                                "Schema": "public",
                                                                "Alias": "t",
                                                                "Startup Cost": 0.0,
                                                                "Total Cost": 42318.81,
                                                                "Plan Rows": 632080,
                                                                "Plan Width": 4,
                                                                "Actual Startup Time": 0.079,
                                                                "Actual Total Time": 91.568,
                                                                "Actual Rows": 421385,
                                                                "Actual Loops": 6,
                                                                "Output": [
                                                                    "t.id"
                                                                ],
                                                                "Workers": [
                                                                    {
                                                                        "Worker Number": 0,
                                                                        "Actual Startup Time": 0.095,
                                                                        "Actual Total Time": 95.493,
                                                                        "Actual Rows": 384695,
                                                                        "Actual Loops": 1
                                                                    },
                                                                    {
                                                                        "Worker Number": 1,
                                                                        "Actual Startup Time": 0.083,
                                                                        "Actual Total Time": 95.771,
                                                                        "Actual Rows": 380389,
                                                                        "Actual Loops": 1
                                                                    },
                                                                    {
                                                                        "Worker Number": 2,
                                                                        "Actual Startup Time": 0.079,
                                                                        "Actual Total Time": 95.817,
                                                                        "Actual Rows": 385608,
                                                                        "Actual Loops": 1
                                                                    },
                                                                    {
                                                                        "Worker Number": 3,
                                                                        "Actual Startup Time": 0.106,
                                                                        "Actual Total Time": 93.361,
                                                                        "Actual Rows": 330724,
                                                                        "Actual Loops": 1
                                                                    },
                                                                    {
                                                                        "Worker Number": 4,
                                                                        "Actual Startup Time": 0.094,
                                                                        "Actual Total Time": 95.704,
                                                                        "Actual Rows": 387671,
                                                                        "Actual Loops": 1
                                                                    }
                                                                ]
                                                            }
                                                        ]
                                                    }
                                                ]
                                            }
                                        ]
                                    }
                                ]
                            }
                        ]
                    }
                ]
            }
        ]
    },
    "Planning Time": 1.545,
    "Triggers": [],
    "Execution Time": 9203.109
}