[
  {
    "Plan": {
      "Node Type": "Aggregate",
      "Strategy": "Plain",
      "Partial Mode": "Finalize",
      "Parallel Aware": false,
      "Startup Cost": 332794.63,
      "Total Cost": 332794.64,
      "Plan Rows": 1,
      "Plan Width": 8,
      "Actual Startup Time": 775.961,
      "Actual Total Time": 864.378,
      "Actual Rows": 1,
      "Actual Loops": 1,
      "Plans": [
        {
          "Node Type": "Gather",
          "Parent Relationship": "Outer",
          "Parallel Aware": false,
          "Startup Cost": 332794.01,
          "Total Cost": 332794.62,
          "Plan Rows": 6,
          "Plan Width": 8,
          "Actual Startup Time": 775.493,
          "Actual Total Time": 864.348,
          "Actual Rows": 7,
          "Actual Loops": 1,
          "Workers Planned": 6,
          "Workers Launched": 6,
          "Single Copy": false,
          "Plans": [
            {
              "Node Type": "Aggregate",
              "Strategy": "Plain",
              "Partial Mode": "Partial",
              "Parent Relationship": "Outer",
              "Parallel Aware": false,
              "Startup Cost": 331794.01,
              "Total Cost": 331794.02,
              "Plan Rows": 1,
              "Plan Width": 8,
              "Actual Startup Time": 768.194,
              "Actual Total Time": 768.201,
              "Actual Rows": 1,
              "Actual Loops": 7,
              "Plans": [
                {
                  "Node Type": "Seq Scan",
                  "Parent Relationship": "Outer",
                  "Parallel Aware": true,
                  "Relation Name": "cast_info",
                  "Alias": "ci",
                  "Startup Cost": 0.0,
                  "Total Cost": 328211.39,
                  "Plan Rows": 1433046,
                  "Plan Width": 0,
                  "Actual Startup Time": 365.799,
                  "Actual Total Time": 702.841,
                  "Actual Rows": 1214808,
                  "Actual Loops": 7,
                  "Filter": "(person_id > 2835917)",
                  "Rows Removed by Filter": 3962956
                }
              ]
            }
          ]
        }
      ]
    },
    "Planning Time": 0.213,
    "Triggers": [],
    "Execution Time": 864.466
  }
]