{
  "Plan": {
    "Node Type": "Aggregate",
    "Strategy": "Plain",
    "Partial Mode": "Finalize",
    "Parallel Aware": false,
    "Startup Cost": 571551.76,
    "Total Cost": 571551.77,
    "Plan Rows": 1,
    "Plan Width": 8,
    "Actual Startup Time": 3213.526,
    "Actual Total Time": 3238.181,
    "Actual Rows": 1,
    "Actual Loops": 1,
    "Plans": [
      {
        "Node Type": "Gather",
        "Parent Relationship": "Outer",
        "Parallel Aware": false,
        "Startup Cost": 571551.65,
        "Total Cost": 571551.76,
        "Plan Rows": 1,
        "Plan Width": 8,
        "Actual Startup Time": 3208.326,
        "Actual Total Time": 3238.171,
        "Actual Rows": 2,
        "Actual Loops": 1,
        "Workers Planned": 1,
        "Workers Launched": 1,
        "Single Copy": false,
        "Plans": [
          {
            "Node Type": "Aggregate",
            "Strategy": "Plain",
            "Partial Mode": "Partial",
            "Parent Relationship": "Outer",
            "Parallel Aware": false,
            "Startup Cost": 570551.65,
            "Total Cost": 570551.66,
            "Plan Rows": 1,
            "Plan Width": 8,
            "Actual Startup Time": 3196.43,
            "Actual Total Time": 3196.434,
            "Actual Rows": 1,
            "Actual Loops": 2,
            "Plans": [
              {
                "Node Type": "Hash Join",
                "Parent Relationship": "Outer",
                "Parallel Aware": true,
                "Join Type": "Inner",
                "Startup Cost": 238511.29,
                "Total Cost": 559295.86,
                "Plan Rows": 4502317,
                "Plan Width": 0,
                "Actual Startup Time": 891.796,
                "Actual Total Time": 3039.531,
                "Actual Rows": 3787316,
                "Actual Loops": 2,
                "Inner Unique": true,
                "Hash Cond": "(ci.movie_id = t.id)",
                "Plans": [
                  {
                    "Node Type": "Bitmap Heap Scan",
                    "Parent Relationship": "Outer",
                    "Parallel Aware": true,
                    "Relation Name": "cast_info",
                    "Alias": "ci",
                    "Startup Cost": 169050.59,
                    "Total Cost": 478016.56,
                    "Plan Rows": 4502317,
                    "Plan Width": 4,
                    "Actual Startup Time": 306.02,
                    "Actual Total Time": 761.54,
                    "Actual Rows": 3787316,
                    "Actual Loops": 2,
                    "Recheck Cond": "(person_id > 2916286)",
                    "Rows Removed by Index Recheck": 0,
                    "Exact Heap Blocks": 45439,
                    "Lossy Heap Blocks": 0,
                    "Plans": [
                      {
                        "Node Type": "Bitmap Index Scan",
                        "Parent Relationship": "Outer",
                        "Parallel Aware": false,
                        "Index Name": "person_id_cast_info",
                        "Startup Cost": 0.0,
                        "Total Cost": 167137.11,
                        "Plan Rows": 7653939,
                        "Plan Width": 0,
                        "Actual Startup Time": 290.244,
                        "Actual Total Time": 290.245,
                        "Actual Rows": 7574633,
                        "Actual Loops": 1,
                        "Index Cond": "(person_id > 2916286)"
                      }
                    ]
                  },
                  {
                    "Node Type": "Hash",
                    "Parent Relationship": "Inner",
                    "Parallel Aware": true,
                    "Startup Cost": 50870.31,
                    "Total Cost": 50870.31,
                    "Plan Rows": 1487231,
                    "Plan Width": 4,
                    "Actual Startup Time": 564.099,
                    "Actual Total Time": 564.1,
                    "Actual Rows": 1264156,
                    "Actual Loops": 2,
                    "Hash Buckets": 4194304,
                    "Original Hash Buckets": 4194304,
                    "Hash Batches": 1,
                    "Original Hash Batches": 1,
                    "Peak Memory Usage": 131680,
                    "Plans": [
                      {
                        "Node Type": "Seq Scan",
                        "Parent Relationship": "Outer",
                        "Parallel Aware": true,
                        "Relation Name": "title",
                        "Alias": "t",
                        "Startup Cost": 0.0,
                        "Total Cost": 50870.31,
                        "Plan Rows": 1487231,
                        "Plan Width": 4,
                        "Actual Startup Time": 0.029,
                        "Actual Total Time": 158.476,
                        "Actual Rows": 1264156,
                        "Actual Loops": 2
                      }
                    ]
                  }
                ]
              }
            ]
          }
        ]
      }
    ]
  },
  "Planning Time": 0.644,
  "Triggers": [],
  "Execution Time": 3238.273
}