[
  {
    "Plan": {
      "Node Type": "Aggregate",
      "Strategy": "Plain",
      "Partial Mode": "Finalize",
      "Parallel Aware": false,
      "Startup Cost": 217309.2,
      "Total Cost": 217309.21,
      "Plan Rows": 1,
      "Plan Width": 8,
      "Actual Startup Time": 144.487,
      "Actual Total Time": 166.063,
      "Actual Rows": 1,
      "Actual Loops": 1,
      "Plans": [
        {
          "Node Type": "Gather",
          "Parent Relationship": "Outer",
          "Parallel Aware": false,
          "Startup Cost": 217308.78,
          "Total Cost": 217309.19,
          "Plan Rows": 4,
          "Plan Width": 8,
          "Actual Startup Time": 144.336,
          "Actual Total Time": 166.053,
          "Actual Rows": 5,
          "Actual Loops": 1,
          "Workers Planned": 4,
          "Workers Launched": 4,
          "Single Copy": false,
          "Plans": [
            {
              "Node Type": "Aggregate",
              "Strategy": "Plain",
              "Partial Mode": "Partial",
              "Parent Relationship": "Outer",
              "Parallel Aware": false,
              "Startup Cost": 216308.78,
              "Total Cost": 216308.79,
              "Plan Rows": 1,
              "Plan Width": 8,
              "Actual Startup Time": 134.444,
              "Actual Total Time": 134.446,
              "Actual Rows": 1,
              "Actual Loops": 5,
              "Plans": [
                {
                  "Node Type": "Nested Loop",
                  "Parent Relationship": "Outer",
                  "Parallel Aware": false,
                  "Join Type": "Inner",
                  "Startup Cost": 0.43,
                  "Total Cost": 216302.94,
                  "Plan Rows": 2335,
                  "Plan Width": 0,
                  "Actual Startup Time": 0.809,
                  "Actual Total Time": 134.193,
                  "Actual Rows": 2319,
                  "Actual Loops": 5,
                  "Inner Unique": false,
                  "Plans": [
                    {
                      "Node Type": "Seq Scan",
                      "Parent Relationship": "Outer",
                      "Parallel Aware": true,
                      "Relation Name": "title",
                      "Alias": "t",
                      "Startup Cost": 0.0,
                      "Total Cost": 43898.92,
                      "Plan Rows": 2549,
                      "Plan Width": 4,
                      "Actual Startup Time": 0.157,
                      "Actual Total Time": 78.0,
                      "Actual Rows": 2231,
                      "Actual Loops": 5,
                      "Filter": "(production_year = 1963)",
                      "Rows Removed by Filter": 503432
                    },
                    {
                      "Node Type": "Index Scan",
                      "Parent Relationship": "Inner",
                      "Parallel Aware": false,
                      "Scan Direction": "Forward",
                      "Index Name": "movie_id_movie_info",
                      "Relation Name": "movie_info",
                      "Alias": "mi",
                      "Startup Cost": 0.43,
                      "Total Cost": 67.57,
                      "Plan Rows": 7,
                      "Plan Width": 4,
                      "Actual Startup Time": 0.018,
                      "Actual Total Time": 0.024,
                      "Actual Rows": 1,
                      "Actual Loops": 11153,
                      "Index Cond": "(movie_id = t.id)",
                      "Rows Removed by Index Recheck": 0,
                      "Filter": "(info_type_id > 16)",
                      "Rows Removed by Filter": 6
                    }
                  ]
                }
              ]
            }
          ]
        }
      ]
    },
    "Planning Time": 0.473,
    "Triggers": [],
    "Execution Time": 166.123
  }
]