[
  {
    "Plan": {
      "Node Type": "Aggregate",
      "Strategy": "Plain",
      "Partial Mode": "Finalize",
      "Parallel Aware": false,
      "Startup Cost": 20798.58,
      "Total Cost": 20798.59,
      "Plan Rows": 1,
      "Plan Width": 8,
      "Actual Startup Time": 32.379,
      "Actual Total Time": 37.774,
      "Actual Rows": 1,
      "Actual Loops": 1,
      "Plans": [
        {
          "Node Type": "Gather",
          "Parent Relationship": "Outer",
          "Parallel Aware": false,
          "Startup Cost": 20798.36,
          "Total Cost": 20798.57,
          "Plan Rows": 2,
          "Plan Width": 8,
          "Actual Startup Time": 32.24,
          "Actual Total Time": 37.767,
          "Actual Rows": 3,
          "Actual Loops": 1,
          "Workers Planned": 2,
          "Workers Launched": 2,
          "Single Copy": false,
          "Plans": [
            {
              "Node Type": "Aggregate",
              "Strategy": "Plain",
              "Partial Mode": "Partial",
              "Parent Relationship": "Outer",
              "Parallel Aware": false,
              "Startup Cost": 19798.36,
              "Total Cost": 19798.37,
              "Plan Rows": 1,
              "Plan Width": 8,
              "Actual Startup Time": 25.847,
              "Actual Total Time": 25.849,
              "Actual Rows": 1,
              "Actual Loops": 3,
              "Plans": [
                {
                  "Node Type": "Nested Loop",
                  "Parent Relationship": "Outer",
                  "Parallel Aware": false,
                  "Join Type": "Inner",
                  "Startup Cost": 111.97,
                  "Total Cost": 19797.98,
                  "Plan Rows": 152,
                  "Plan Width": 0,
                  "Actual Startup Time": 3.885,
                  "Actual Total Time": 25.812,
                  "Actual Rows": 107,
                  "Actual Loops": 3,
                  "Inner Unique": true,
                  "Plans": [
                    {
                      "Node Type": "Bitmap Heap Scan",
                      "Parent Relationship": "Outer",
                      "Parallel Aware": true,
                      "Relation Name": "movie_companies",
                      "Alias": "mc",
                      "Startup Cost": 111.54,
                      "Total Cost": 11563.97,
                      "Plan Rows": 1052,
                      "Plan Width": 4,
                      "Actual Startup Time": 2.574,
                      "Actual Total Time": 10.782,
                      "Actual Rows": 1151,
                      "Actual Loops": 3,
                      "Recheck Cond": "(company_id = 475)",
                      "Rows Removed by Index Recheck": 0,
                      "Filter": "(company_type_id < 2)",
                      "Rows Removed by Filter": 542,
                      "Exact Heap Blocks": 2709,
                      "Lossy Heap Blocks": 0,
                      "Plans": [
                        {
                          "Node Type": "Bitmap Index Scan",
                          "Parent Relationship": "Outer",
                          "Parallel Aware": false,
                          "Index Name": "company_id_movie_companies",
                          "Startup Cost": 0.0,
                          "Total Cost": 110.91,
                          "Plan Rows": 5131,
                          "Plan Width": 0,
                          "Actual Startup Time": 5.493,
                          "Actual Total Time": 5.494,
                          "Actual Rows": 5080,
                          "Actual Loops": 1,
                          "Index Cond": "(company_id = 475)"
                        }
                      ]
                    },
                    {
                      "Node Type": "Index Scan",
                      "Parent Relationship": "Inner",
                      "Parallel Aware": false,
                      "Scan Direction": "Forward",
                      "Index Name": "title_pkey",
                      "Relation Name": "title",
                      "Alias": "t",
                      "Startup Cost": 0.43,
                      "Total Cost": 7.83,
                      "Plan Rows": 1,
                      "Plan Width": 4,
                      "Actual Startup Time": 0.012,
                      "Actual Total Time": 0.012,
                      "Actual Rows": 0,
                      "Actual Loops": 3454,
                      "Index Cond": "(id = mc.movie_id)",
                      "Rows Removed by Index Recheck": 0,
                      "Filter": "((production_year > 2000) AND (kind_id = 1))",
                      "Rows Removed by Filter": 1
                    }
                  ]
                }
              ]
            }
          ]
        }
      ]
    },
    "Planning Time": 0.556,
    "Triggers": [],
    "Execution Time": 37.851
  }
]