{
  "Plan": {
    "Node Type": "Aggregate",
    "Strategy": "Plain",
    "Partial Mode": "Finalize",
    "Parallel Aware": false,
    "Startup Cost": 254916.97,
    "Total Cost": 254916.98,
    "Plan Rows": 1,
    "Plan Width": 8,
    "Actual Startup Time": 393.434,
    "Actual Total Time": 408.968,
    "Actual Rows": 1,
    "Actual Loops": 1,
    "Plans": [
      {
        "Node Type": "Gather",
        "Parent Relationship": "Outer",
        "Parallel Aware": false,
        "Startup Cost": 254916.86,
        "Total Cost": 254916.97,
        "Plan Rows": 1,
        "Plan Width": 8,
        "Actual Startup Time": 392.725,
        "Actual Total Time": 408.959,
        "Actual Rows": 2,
        "Actual Loops": 1,
        "Workers Planned": 1,
        "Workers Launched": 1,
        "Single Copy": false,
        "Plans": [
          {
            "Node Type": "Aggregate",
            "Strategy": "Plain",
            "Partial Mode": "Partial",
            "Parent Relationship": "Outer",
            "Parallel Aware": false,
            "Startup Cost": 253916.86,
            "Total Cost": 253916.87,
            "Plan Rows": 1,
            "Plan Width": 8,
            "Actual Startup Time": 386.344,
            "Actual Total Time": 386.349,
            "Actual Rows": 1,
            "Actual Loops": 2,
            "Plans": [
              {
                "Node Type": "Hash Join",
                "Parent Relationship": "Outer",
                "Parallel Aware": true,
                "Join Type": "Inner",
                "Startup Cost": 79858.78,
                "Total Cost": 253821.11,
                "Plan Rows": 38302,
                "Plan Width": 0,
                "Actual Startup Time": 225.886,
                "Actual Total Time": 385.519,
                "Actual Rows": 13360,
                "Actual Loops": 2,
                "Inner Unique": true,
                "Hash Cond": "(mi.movie_id = t.id)",
                "Plans": [
                  {
                    "Node Type": "Bitmap Heap Scan",
                    "Parent Relationship": "Outer",
                    "Parallel Aware": true,
                    "Relation Name": "movie_info",
                    "Alias": "mi",
                    "Startup Cost": 24370.61,
                    "Total Cost": 196255.62,
                    "Plan Rows": 791361,
                    "Plan Width": 4,
                    "Actual Startup Time": 47.183,
                    "Actual Total Time": 121.878,
                    "Actual Rows": 700951,
                    "Actual Loops": 2,
                    "Recheck Cond": "(info_type_id = 7)",
                    "Rows Removed by Index Recheck": 0,
                    "Exact Heap Blocks": 6532,
                    "Lossy Heap Blocks": 0,
                    "Plans": [
                      {
                        "Node Type": "Bitmap Index Scan",
                        "Parent Relationship": "Outer",
                        "Parallel Aware": false,
                        "Index Name": "info_type_id_movie_info",
                        "Startup Cost": 0.0,
                        "Total Cost": 24034.28,
                        "Plan Rows": 1345313,
                        "Plan Width": 0,
                        "Actual Startup Time": 45.657,
                        "Actual Total Time": 45.658,
                        "Actual Rows": 1401902,
                        "Actual Loops": 1,
                        "Index Cond": "(info_type_id = 7)"
                      }
                    ]
                  },
                  {
                    "Node Type": "Hash",
                    "Parent Relationship": "Inner",
                    "Parallel Aware": true,
                    "Startup Cost": 54588.39,
                    "Total Cost": 54588.39,
                    "Plan Rows": 71982,
                    "Plan Width": 4,
                    "Actual Startup Time": 176.115,
                    "Actual Total Time": 176.116,
                    "Actual Rows": 61430,
                    "Actual Loops": 2,
                    "Hash Buckets": 131072,
                    "Original Hash Buckets": 131072,
                    "Hash Batches": 1,
                    "Original Hash Batches": 1,
                    "Peak Memory Usage": 5856,
                    "Plans": [
                      {
                        "Node Type": "Seq Scan",
                        "Parent Relationship": "Outer",
                        "Parallel Aware": true,
                        "Relation Name": "title",
                        "Alias": "t",
                        "Startup Cost": 0.0,
                        "Total Cost": 54588.39,
                        "Plan Rows": 71982,
                        "Plan Width": 4,
                        "Actual Startup Time": 0.039,
                        "Actual Total Time": 157.279,
                        "Actual Rows": 61430,
                        "Actual Loops": 2,
                        "Filter": "(production_year = 2008)",
                        "Rows Removed by Filter": 1202726
                      }
                    ]
                  }
                ]
              }
            ]
          }
        ]
      }
    ]
  },
  "Planning Time": 0.658,
  "Triggers": [],
  "Execution Time": 409.06
}