{
    "Plan": {
        "Node Type": "Aggregate",
        "Strategy": "Plain",
        "Partial Mode": "Finalize",
        "Parallel Aware": false,
        "Startup Cost": 420678.76,
        "Total Cost": 420678.77,
        "Plan Rows": 1,
        "Plan Width": 8,
        "Actual Startup Time": 2346.732,
        "Actual Total Time": 2401.628,
        "Actual Rows": 1,
        "Actual Loops": 1,
        "Output": [
            "count(*)"
        ],
        "Plans": [
            {
                "Node Type": "Gather",
                "Parent Relationship": "Outer",
                "Parallel Aware": false,
                "Startup Cost": 420678.44,
                "Total Cost": 420678.75,
                "Plan Rows": 3,
                "Plan Width": 8,
                "Actual Startup Time": 2331.439,
                "Actual Total Time": 2401.615,
                "Actual Rows": 4,
                "Actual Loops": 1,
                "Output": [
                    "(PARTIAL count(*))"
                ],
                "Workers Planned": 3,
                "Workers Launched": 3,
                "Single Copy": false,
                "Plans": [
                    {
                        "Node Type": "Aggregate",
                        "Strategy": "Plain",
                        "Partial Mode": "Partial",
                        "Parent Relationship": "Outer",
                        "Parallel Aware": false,
                        "Startup Cost": 419678.44,
                        "Total Cost": 419678.45,
                        "Plan Rows": 1,
                        "Plan Width": 8,
                        "Actual Startup Time": 2322.496,
                        "Actual Total Time": 2323.068,
                        "Actual Rows": 1,
                        "Actual Loops": 4,
                        "Output": [
                            "PARTIAL count(*)"
                        ],
                        "Workers": [
                            {
                                "Worker Number": 0,
                                "Actual Startup Time": 2318.959,
                                "Actual Total Time": 2318.963,
                                "Actual Rows": 1,
                                "Actual Loops": 1
                            },
                            {
                                "Worker Number": 1,
                                "Actual Startup Time": 2320.893,
                                "Actual Total Time": 2320.898,
                                "Actual Rows": 1,
                                "Actual Loops": 1
                            },
                            {
                                "Worker Number": 2,
                                "Actual Startup Time": 2319.456,
                                "Actual Total Time": 2319.462,
                                "Actual Rows": 1,
                                "Actual Loops": 1
                            }
                        ],
                        "Plans": [
                            {
                                "Node Type": "Hash Join",
                                "Parent Relationship": "Outer",
                                "Parallel Aware": true,
                                "Join Type": "Inner",
                                "Startup Cost": 371370.49,
                                "Total Cost": 419009.93,
                                "Plan Rows": 267406,
                                "Plan Width": 0,
                                "Actual Startup Time": 1251.115,
                                "Actual Total Time": 2009.619,
                                "Actual Rows": 7792767,
                                "Actual Loops": 4,
                                "Inner Unique": false,
                                "Hash Cond": "(mk.movie_id = t.id)",
                                "Workers": [
                                    {
                                        "Worker Number": 0,
                                        "Actual Startup Time": 1248.062,
                                        "Actual Total Time": 2000.718,
                                        "Actual Rows": 7814120,
                                        "Actual Loops": 1
                                    },
                                    {
                                        "Worker Number": 1,
                                        "Actual Startup Time": 1248.146,
                                        "Actual Total Time": 2003.769,
                                        "Actual Rows": 7799315,
                                        "Actual Loops": 1
                                    },
                                    {
                                        "Worker Number": 2,
                                        "Actual Startup Time": 1248.439,
                                        "Actual Total Time": 2008.046,
                                        "Actual Rows": 7563261,
                                        "Actual Loops": 1
                                    }
                                ],
                                "Plans": [
                                    {
                                        "Node Type": "Seq Scan",
                                        "Parent Relationship": "Outer",
                                        "Parallel Aware": true,
                                        "Relation Name": "movie_keyword",
                                        "Schema": "public",
                                        "Alias": "mk",
                                        "Startup Cost": 0.0,
                                        "Total Cost": 42695.65,
                                        "Plan Rows": 1199495,
                                        "Plan Width": 4,
                                        "Actual Startup Time": 0.044,
                                        "Actual Total Time": 116.733,
                                        "Actual Rows": 928904,
                                        "Actual Loops": 4,
                                        "Output": [
                                            "mk.id",
                                            "mk.movie_id",
                                            "mk.keyword_id"
                                        ],
                                        "Filter": "(mk.keyword_id > 782)",
                                        "Rows Removed by Filter": 202078,
                                        "Workers": [
                                            {
                                                "Worker Number": 0,
                                                "Actual Startup Time": 0.057,
                                                "Actual Total Time": 118.71,
                                                "Actual Rows": 917199,
                                                "Actual Loops": 1
                                            },
                                            {
                                                "Worker Number": 1,
                                                "Actual Startup Time": 0.03,
                                                "Actual Total Time": 119.026,
                                                "Actual Rows": 919835,
                                                "Actual Loops": 1
                                            },
                                            {
                                                "Worker Number": 2,
                                                "Actual Startup Time": 0.046,
                                                "Actual Total Time": 124.159,
                                                "Actual Rows": 907977,
                                                "Actual Loops": 1
                                            }
                                        ]
                                    },
                                    {
                                        "Node Type": "Hash",
                                        "Parent Relationship": "Inner",
                                        "Parallel Aware": true,
                                        "Startup Cost": 370196.23,
                                        "Total Cost": 370196.23,
                                        "Plan Rows": 93941,
                                        "Plan Width": 8,
                                        "Actual Startup Time": 1246.299,
                                        "Actual Total Time": 1246.869,
                                        "Actual Rows": 429494,
                                        "Actual Loops": 4,
                                        "Output": [
                                            "t.id",
                                            "ci.movie_id"
                                        ],
                                        "Hash Buckets": 2097152,
                                        "Original Hash Buckets": 1048576,
                                        "Hash Batches": 1,
                                        "Original Hash Batches": 1,
                                        "Peak Memory Usage": 91872,
                                        "Workers": [
                                            {
                                                "Worker Number": 0,
                                                "Actual Startup Time": 1247.642,
                                                "Actual Total Time": 1247.645,
                                                "Actual Rows": 428292,
                                                "Actual Loops": 1
                                            },
                                            {
                                                "Worker Number": 1,
                                                "Actual Startup Time": 1247.554,
                                                "Actual Total Time": 1247.558,
                                                "Actual Rows": 422967,
                                                "Actual Loops": 1
                                            },
                                            {
                                                "Worker Number": 2,
                                                "Actual Startup Time": 1248.005,
                                                "Actual Total Time": 1248.008,
                                                "Actual Rows": 392921,
                                                "Actual Loops": 1
                                            }
                                        ],
                                        "Plans": [
                                            {
                                                "Node Type": "Hash Join",
                                                "Parent Relationship": "Outer",
                                                "Parallel Aware": true,
                                                "Join Type": "Inner",
                                                "Startup Cost": 47010.46,
                                                "Total Cost": 370196.23,
                                                "Plan Rows": 93941,
                                                "Plan Width": 8,
                                                "Actual Startup Time": 318.128,
                                                "Actual Total Time": 1087.03,
                                                "Actual Rows": 429494,
                                                "Actual Loops": 4,
                                                "Output": [
                                                    "t.id",
                                                    "ci.movie_id"
                                                ],
                                                "Inner Unique": true,
                                                "Hash Cond": "(ci.movie_id = t.id)",
                                                "Workers": [
                                                    {
                                                        "Worker Number": 0,
                                                        "Actual Startup Time": 318.09,
                                                        "Actual Total Time": 1090.413,
                                                        "Actual Rows": 428292,
                                                        "Actual Loops": 1
                                                    },
                                                    {
                                                        "Worker Number": 1,
                                                        "Actual Startup Time": 318.096,
                                                        "Actual Total Time": 1093.77,
                                                        "Actual Rows": 422967,
                                                        "Actual Loops": 1
                                                    },
                                                    {
                                                        "Worker Number": 2,
                                                        "Actual Startup Time": 318.065,
                                                        "Actual Total Time": 1083.273,
                                                        "Actual Rows": 392921,
                                                        "Actual Loops": 1
                                                    }
                                                ],
                                                "Plans": [
                                                    {
                                                        "Node Type": "Index Scan",
                                                        "Parent Relationship": "Outer",
                                                        "Parallel Aware": true,
                                                        "Scan Direction": "Forward",
                                                        "Index Name": "role_id_cast_info",
                                                        "Relation Name": "cast_info",
                                                        "Schema": "public",
                                                        "Alias": "ci",
                                                        "Startup Cost": 0.56,
                                                        "Total Cost": 322560.04,
                                                        "Plan Rows": 238590,
                                                        "Plan Width": 4,
                                                        "Actual Startup Time": 136.148,
                                                        "Actual Total Time": 535.569,
                                                        "Actual Rows": 1078891,
                                                        "Actual Loops": 4,
                                                        "Output": [
                                                            "ci.id",
                                                            "ci.person_id",
                                                            "ci.movie_id",
                                                            "ci.person_role_id",
                                                            "ci.note",
                                                            "ci.nr_order",
                                                            "ci.role_id"
                                                        ],
                                                        "Index Cond": "(ci.role_id > 3)",
                                                        "Rows Removed by Index Recheck": 0,
                                                        "Filter": "(ci.person_id > 3271338)",
                                                        "Rows Removed by Filter": 1949520,
                                                        "Workers": [
                                                            {
                                                                "Worker Number": 0,
                                                                "Actual Startup Time": 136.104,
                                                                "Actual Total Time": 548.371,
                                                                "Actual Rows": 1075988,
                                                                "Actual Loops": 1
                                                            },
                                                            {
                                                                "Worker Number": 1,
                                                                "Actual Startup Time": 136.13,
                                                                "Actual Total Time": 549.305,
                                                                "Actual Rows": 1074705,
                                                                "Actual Loops": 1
                                                            },
                                                            {
                                                                "Worker Number": 2,
                                                                "Actual Startup Time": 136.191,
                                                                "Actual Total Time": 536.426,
                                                                "Actual Rows": 979981,
                                                                "Actual Loops": 1
                                                            }
                                                        ]
                                                    },
                                                    {
                                                        "Node Type": "Hash",
                                                        "Parent Relationship": "Inner",
                                                        "Parallel Aware": true,
                                                        "Startup Cost": 43899.01,
                                                        "Total Cost": 43899.01,
                                                        "Plan Rows": 248871,
                                                        "Plan Width": 4,
                                                        "Actual Startup Time": 179.385,
                                                        "Actual Total Time": 179.386,
                                                        "Actual Rows": 246262,
                                                        "Actual Loops": 4,
                                                        "Output": [
                                                            "t.id"
                                                        ],
                                                        "Hash Buckets": 1048576,
                                                        "Original Hash Buckets": 1048576,
                                                        "Hash Batches": 1,
                                                        "Original Hash Batches": 1,
                                                        "Peak Memory Usage": 46784,
                                                        "Workers": [
                                                            {
                                                                "Worker Number": 0,
                                                                "Actual Startup Time": 181.884,
                                                                "Actual Total Time": 181.885,
                                                                "Actual Rows": 243065,
                                                                "Actual Loops": 1
                                                            },
                                                            {
                                                                "Worker Number": 1,
                                                                "Actual Startup Time": 181.851,
                                                                "Actual Total Time": 181.853,
                                                                "Actual Rows": 241207,
                                                                "Actual Loops": 1
                                                            },
                                                            {
                                                                "Worker Number": 2,
                                                                "Actual Startup Time": 181.815,
                                                                "Actual Total Time": 181.816,
                                                                "Actual Rows": 213368,
                                                                "Actual Loops": 1
                                                            }
                                                        ],
                                                        "Plans": [
                                                            {
                                                                "Node Type": "Seq Scan",
                                                                "Parent Relationship": "Outer",
                                                                "Parallel Aware": true,
                                                                "Relation Name": "title",
                                                                "Schema": "public",
                                                                "Alias": "t",
                                                                "Startup Cost": 0.0,
                                                                "Total Cost": 43899.01,
                                                                "Plan Rows": 248871,
                                                                "Plan Width": 4,
                                                                "Actual Startup Time": 0.07,
                                                                "Actual Total Time": 100.729,
                                                                "Actual Rows": 246262,
                                                                "Actual Loops": 4,
                                                                "Output": [
                                                                    "t.id"
                                                                ],
                                                                "Filter": "(t.kind_id < 7)",
                                                                "Rows Removed by Filter": 385816,
                                                                "Workers": [
                                                                    {
                                                                        "Worker Number": 0,
                                                                        "Actual Startup Time": 0.094,
                                                                        "Actual Total Time": 102.726,
                                                                        "Actual Rows": 243065,
                                                                        "Actual Loops": 1
                                                                    },
                                                                    {
                                                                        "Worker Number": 1,
                                                                        "Actual Startup Time": 0.09,
                                                                        "Actual Total Time": 102.44,
                                                                        "Actual Rows": 241207,
                                                                        "Actual Loops": 1
                                                                    },
                                                                    {
                                                                        "Worker Number": 2,
                                                                        "Actual Startup Time": 0.078,
                                                                        "Actual Total Time": 100.214,
                                                                        "Actual Rows": 213368,
                                                                        "Actual Loops": 1
                                                                    }
                                                                ]
                                                            }
                                                        ]
                                                    }
                                                ]
                                            }
                                        ]
                                    }
                                ]
                            }
                        ]
                    }
                ]
            }
        ]
    },
    "Planning Time": 1.461,
    "Triggers": [],
    "Execution Time": 2401.734
}