[
  {
    "Plan": {
      "Node Type": "Aggregate",
      "Strategy": "Plain",
      "Partial Mode": "Finalize",
      "Parallel Aware": false,
      "Startup Cost": 346350.58,
      "Total Cost": 346350.59,
      "Plan Rows": 1,
      "Plan Width": 8,
      "Actual Startup Time": 609.767,
      "Actual Total Time": 669.433,
      "Actual Rows": 1,
      "Actual Loops": 1,
      "Plans": [
        {
          "Node Type": "Gather",
          "Parent Relationship": "Outer",
          "Parallel Aware": false,
          "Startup Cost": 346349.96,
          "Total Cost": 346350.57,
          "Plan Rows": 6,
          "Plan Width": 8,
          "Actual Startup Time": 609.506,
          "Actual Total Time": 669.425,
          "Actual Rows": 7,
          "Actual Loops": 1,
          "Workers Planned": 6,
          "Workers Launched": 6,
          "Single Copy": false,
          "Plans": [
            {
              "Node Type": "Aggregate",
              "Strategy": "Plain",
              "Partial Mode": "Partial",
              "Parent Relationship": "Outer",
              "Parallel Aware": false,
              "Startup Cost": 345349.96,
              "Total Cost": 345349.97,
              "Plan Rows": 1,
              "Plan Width": 8,
              "Actual Startup Time": 598.714,
              "Actual Total Time": 598.715,
              "Actual Rows": 1,
              "Actual Loops": 7,
              "Plans": [
                {
                  "Node Type": "Seq Scan",
                  "Parent Relationship": "Outer",
                  "Parallel Aware": true,
                  "Relation Name": "cast_info",
                  "Alias": "ci",
                  "Startup Cost": 0.0,
                  "Total Cost": 343257.03,
                  "Plan Rows": 837172,
                  "Plan Width": 0,
                  "Actual Startup Time": 389.962,
                  "Actual Total Time": 582.461,
                  "Actual Rows": 398890,
                  "Actual Loops": 7,
                  "Filter": "((person_id > 3093428) AND (role_id < 10))",
                  "Rows Removed by Filter": 4778874
                }
              ]
            }
          ]
        }
      ]
    },
    "Planning Time": 0.268,
    "Triggers": [],
    "Execution Time": 669.508
  }
]