{
  "Plan": {
    "Node Type": "Aggregate",
    "Strategy": "Plain",
    "Partial Mode": "Finalize",
    "Parallel Aware": false,
    "Startup Cost": 477069.94,
    "Total Cost": 477069.95,
    "Plan Rows": 1,
    "Plan Width": 8,
    "Actual Startup Time": 3273.223,
    "Actual Total Time": 3298.739,
    "Actual Rows": 1,
    "Actual Loops": 1,
    "Plans": [
      {
        "Node Type": "Gather",
        "Parent Relationship": "Outer",
        "Parallel Aware": false,
        "Startup Cost": 477069.83,
        "Total Cost": 477069.94,
        "Plan Rows": 1,
        "Plan Width": 8,
        "Actual Startup Time": 3272.49,
        "Actual Total Time": 3298.732,
        "Actual Rows": 2,
        "Actual Loops": 1,
        "Workers Planned": 1,
        "Workers Launched": 1,
        "Single Copy": false,
        "Plans": [
          {
            "Node Type": "Aggregate",
            "Strategy": "Plain",
            "Partial Mode": "Partial",
            "Parent Relationship": "Outer",
            "Parallel Aware": false,
            "Startup Cost": 476069.83,
            "Total Cost": 476069.84,
            "Plan Rows": 1,
            "Plan Width": 8,
            "Actual Startup Time": 3266.396,
            "Actual Total Time": 3266.401,
            "Actual Rows": 1,
            "Actual Loops": 2,
            "Plans": [
              {
                "Node Type": "Hash Join",
                "Parent Relationship": "Outer",
                "Parallel Aware": true,
                "Join Type": "Inner",
                "Startup Cost": 413676.61,
                "Total Cost": 475667.61,
                "Plan Rows": 160888,
                "Plan Width": 0,
                "Actual Startup Time": 2893.434,
                "Actual Total Time": 3257.91,
                "Actual Rows": 214260,
                "Actual Loops": 2,
                "Inner Unique": false,
                "Hash Cond": "(mk.movie_id = t.id)",
                "Plans": [
                  {
                    "Node Type": "Seq Scan",
                    "Parent Relationship": "Outer",
                    "Parallel Aware": true,
                    "Relation Name": "movie_keyword",
                    "Alias": "mk",
                    "Startup Cost": 0.0,
                    "Total Cost": 51065.35,
                    "Plan Rows": 2661135,
                    "Plan Width": 4,
                    "Actual Startup Time": 0.015,
                    "Actual Total Time": 160.538,
                    "Actual Rows": 2261965,
                    "Actual Loops": 2
                  },
                  {
                    "Node Type": "Hash",
                    "Parent Relationship": "Inner",
                    "Parallel Aware": true,
                    "Startup Cost": 412552.67,
                    "Total Cost": 412552.67,
                    "Plan Rows": 89915,
                    "Plan Width": 8,
                    "Actual Startup Time": 2889.815,
                    "Actual Total Time": 2889.819,
                    "Actual Rows": 121715,
                    "Actual Loops": 2,
                    "Hash Buckets": 262144,
                    "Original Hash Buckets": 262144,
                    "Hash Batches": 1,
                    "Original Hash Batches": 1,
                    "Peak Memory Usage": 11584,
                    "Plans": [
                      {
                        "Node Type": "Hash Join",
                        "Parent Relationship": "Outer",
                        "Parallel Aware": true,
                        "Join Type": "Inner",
                        "Startup Cost": 130953.84,
                        "Total Cost": 412552.67,
                        "Plan Rows": 89915,
                        "Plan Width": 8,
                        "Actual Startup Time": 2449.33,
                        "Actual Total Time": 2860.414,
                        "Actual Rows": 121715,
                        "Actual Loops": 2,
                        "Inner Unique": true,
                        "Hash Cond": "(ci.movie_id = t.id)",
                        "Plans": [
                          {
                            "Node Type": "Bitmap Heap Scan",
                            "Parent Relationship": "Outer",
                            "Parallel Aware": true,
                            "Relation Name": "cast_info",
                            "Alias": "ci",
                            "Startup Cost": 71772.91,
                            "Total Cost": 348353.98,
                            "Plan Rows": 1911525,
                            "Plan Width": 4,
                            "Actual Startup Time": 2296.14,
                            "Actual Total Time": 2485.833,
                            "Actual Rows": 1567093,
                            "Actual Loops": 2,
                            "Recheck Cond": "(person_id > 3484327)",
                            "Rows Removed by Index Recheck": 0,
                            "Exact Heap Blocks": 24585,
                            "Lossy Heap Blocks": 0,
                            "Plans": [
                              {
                                "Node Type": "Bitmap Index Scan",
                                "Parent Relationship": "Outer",
                                "Parallel Aware": false,
                                "Index Name": "person_id_cast_info",
                                "Startup Cost": 0.0,
                                "Total Cost": 70960.51,
                                "Plan Rows": 3249593,
                                "Plan Width": 0,
                                "Actual Startup Time": 2280.528,
                                "Actual Total Time": 2280.528,
                                "Actual Rows": 3134186,
                                "Actual Loops": 1,
                                "Index Cond": "(person_id > 3484327)"
                              }
                            ]
                          },
                          {
                            "Node Type": "Hash",
                            "Parent Relationship": "Inner",
                            "Parallel Aware": true,
                            "Startup Cost": 58306.47,
                            "Total Cost": 58306.47,
                            "Plan Rows": 69957,
                            "Plan Width": 4,
                            "Actual Startup Time": 151.551,
                            "Actual Total Time": 151.552,
                            "Actual Rows": 61303,
                            "Actual Loops": 2,
                            "Hash Buckets": 131072,
                            "Original Hash Buckets": 131072,
                            "Hash Batches": 1,
                            "Original Hash Batches": 1,
                            "Peak Memory Usage": 5856,
                            "Plans": [
                              {
                                "Node Type": "Seq Scan",
                                "Parent Relationship": "Outer",
                                "Parallel Aware": true,
                                "Relation Name": "title",
                                "Alias": "t",
                                "Startup Cost": 0.0,
                                "Total Cost": 58306.47,
                                "Plan Rows": 69957,
                                "Plan Width": 4,
                                "Actual Startup Time": 0.036,
                                "Actual Total Time": 137.076,
                                "Actual Rows": 61303,
                                "Actual Loops": 2,
                                "Filter": "((kind_id > 1) AND (production_year = 2011))",
                                "Rows Removed by Filter": 1202853
                              }
                            ]
                          }
                        ]
                      }
                    ]
                  }
                ]
              }
            ]
          }
        ]
      }
    ]
  },
  "Planning Time": 1.04,
  "Triggers": [],
  "Execution Time": 3298.845
}