{
  "Plan": {
    "Node Type": "Aggregate",
    "Strategy": "Plain",
    "Partial Mode": "Finalize",
    "Parallel Aware": false,
    "Startup Cost": 75288.17,
    "Total Cost": 75288.18,
    "Plan Rows": 1,
    "Plan Width": 8,
    "Actual Startup Time": 235.364,
    "Actual Total Time": 248.327,
    "Actual Rows": 1,
    "Actual Loops": 1,
    "Plans": [
      {
        "Node Type": "Gather",
        "Parent Relationship": "Outer",
        "Parallel Aware": false,
        "Startup Cost": 75288.06,
        "Total Cost": 75288.17,
        "Plan Rows": 1,
        "Plan Width": 8,
        "Actual Startup Time": 234.844,
        "Actual Total Time": 248.319,
        "Actual Rows": 2,
        "Actual Loops": 1,
        "Workers Planned": 1,
        "Workers Launched": 1,
        "Single Copy": false,
        "Plans": [
          {
            "Node Type": "Aggregate",
            "Strategy": "Plain",
            "Partial Mode": "Partial",
            "Parent Relationship": "Outer",
            "Parallel Aware": false,
            "Startup Cost": 74288.06,
            "Total Cost": 74288.07,
            "Plan Rows": 1,
            "Plan Width": 8,
            "Actual Startup Time": 231.275,
            "Actual Total Time": 231.278,
            "Actual Rows": 1,
            "Actual Loops": 2,
            "Plans": [
              {
                "Node Type": "Hash Join",
                "Parent Relationship": "Outer",
                "Parallel Aware": true,
                "Join Type": "Inner",
                "Startup Cost": 55462.08,
                "Total Cost": 74256.2,
                "Plan Rows": 12744,
                "Plan Width": 0,
                "Actual Startup Time": 177.393,
                "Actual Total Time": 230.983,
                "Actual Rows": 5163,
                "Actual Loops": 2,
                "Inner Unique": true,
                "Hash Cond": "(mi_idx.movie_id = t.id)",
                "Plans": [
                  {
                    "Node Type": "Seq Scan",
                    "Parent Relationship": "Outer",
                    "Parallel Aware": true,
                    "Relation Name": "movie_info_idx",
                    "Alias": "mi_idx",
                    "Startup Cost": 0.0,
                    "Total Cost": 18082.32,
                    "Plan Rows": 271164,
                    "Plan Width": 4,
                    "Actual Startup Time": 0.02,
                    "Actual Total Time": 52.513,
                    "Actual Rows": 230092,
                    "Actual Loops": 2,
                    "Filter": "(info_type_id > 100)",
                    "Rows Removed by Filter": 459925
                  },
                  {
                    "Node Type": "Hash",
                    "Parent Relationship": "Inner",
                    "Parallel Aware": true,
                    "Startup Cost": 54588.39,
                    "Total Cost": 54588.39,
                    "Plan Rows": 69895,
                    "Plan Width": 4,
                    "Actual Startup Time": 144.984,
                    "Actual Total Time": 144.985,
                    "Actual Rows": 60182,
                    "Actual Loops": 2,
                    "Hash Buckets": 131072,
                    "Original Hash Buckets": 131072,
                    "Hash Batches": 1,
                    "Original Hash Batches": 1,
                    "Peak Memory Usage": 5760,
                    "Plans": [
                      {
                        "Node Type": "Seq Scan",
                        "Parent Relationship": "Outer",
                        "Parallel Aware": true,
                        "Relation Name": "title",
                        "Alias": "t",
                        "Startup Cost": 0.0,
                        "Total Cost": 54588.39,
                        "Plan Rows": 69895,
                        "Plan Width": 4,
                        "Actual Startup Time": 52.938,
                        "Actual Total Time": 132.509,
                        "Actual Rows": 60182,
                        "Actual Loops": 2,
                        "Filter": "(production_year < 1932)",
                        "Rows Removed by Filter": 1203974
                      }
                    ]
                  }
                ]
              }
            ]
          }
        ]
      }
    ]
  },
  "Planning Time": 0.444,
  "Triggers": [],
  "Execution Time": 248.388
}