[
  {
    "Plan": {
      "Node Type": "Aggregate",
      "Strategy": "Plain",
      "Partial Mode": "Finalize",
      "Parallel Aware": false,
      "Startup Cost": 45039.43,
      "Total Cost": 45039.44,
      "Plan Rows": 1,
      "Plan Width": 8,
      "Actual Startup Time": 159.136,
      "Actual Total Time": 168.806,
      "Actual Rows": 1,
      "Actual Loops": 1,
      "Plans": [
        {
          "Node Type": "Gather",
          "Parent Relationship": "Outer",
          "Parallel Aware": false,
          "Startup Cost": 45039.11,
          "Total Cost": 45039.42,
          "Plan Rows": 3,
          "Plan Width": 8,
          "Actual Startup Time": 159.007,
          "Actual Total Time": 168.795,
          "Actual Rows": 4,
          "Actual Loops": 1,
          "Workers Planned": 3,
          "Workers Launched": 3,
          "Single Copy": false,
          "Plans": [
            {
              "Node Type": "Aggregate",
              "Strategy": "Plain",
              "Partial Mode": "Partial",
              "Parent Relationship": "Outer",
              "Parallel Aware": false,
              "Startup Cost": 44039.11,
              "Total Cost": 44039.12,
              "Plan Rows": 1,
              "Plan Width": 8,
              "Actual Startup Time": 152.118,
              "Actual Total Time": 152.119,
              "Actual Rows": 1,
              "Actual Loops": 4,
              "Plans": [
                {
                  "Node Type": "Seq Scan",
                  "Parent Relationship": "Outer",
                  "Parallel Aware": true,
                  "Relation Name": "movie_keyword",
                  "Alias": "mk",
                  "Startup Cost": 0.0,
                  "Total Cost": 42695.65,
                  "Plan Rows": 537382,
                  "Plan Width": 0,
                  "Actual Startup Time": 0.064,
                  "Actual Total Time": 127.546,
                  "Actual Rows": 420934,
                  "Actual Loops": 4,
                  "Filter": "(keyword_id < 2614)",
                  "Rows Removed by Filter": 710048
                }
              ]
            }
          ]
        }
      ]
    },
    "Planning Time": 0.17,
    "Triggers": [],
    "Execution Time": 168.863
  }
]