[
  {
    "Plan": {
      "Node Type": "Aggregate",
      "Strategy": "Plain",
      "Partial Mode": "Finalize",
      "Parallel Aware": false,
      "Startup Cost": 339375.47,
      "Total Cost": 339375.48,
      "Plan Rows": 1,
      "Plan Width": 8,
      "Actual Startup Time": 835.126,
      "Actual Total Time": 881.524,
      "Actual Rows": 1,
      "Actual Loops": 1,
      "Plans": [
        {
          "Node Type": "Gather",
          "Parent Relationship": "Outer",
          "Parallel Aware": false,
          "Startup Cost": 339374.85,
          "Total Cost": 339375.46,
          "Plan Rows": 6,
          "Plan Width": 8,
          "Actual Startup Time": 834.99,
          "Actual Total Time": 881.517,
          "Actual Rows": 7,
          "Actual Loops": 1,
          "Workers Planned": 6,
          "Workers Launched": 6,
          "Single Copy": false,
          "Plans": [
            {
              "Node Type": "Aggregate",
              "Strategy": "Plain",
              "Partial Mode": "Partial",
              "Parent Relationship": "Outer",
              "Parallel Aware": false,
              "Startup Cost": 338374.85,
              "Total Cost": 338374.86,
              "Plan Rows": 1,
              "Plan Width": 8,
              "Actual Startup Time": 825.574,
              "Actual Total Time": 825.575,
              "Actual Rows": 1,
              "Actual Loops": 7,
              "Plans": [
                {
                  "Node Type": "Seq Scan",
                  "Parent Relationship": "Outer",
                  "Parallel Aware": true,
                  "Relation Name": "cast_info",
                  "Alias": "ci",
                  "Startup Cost": 0.0,
                  "Total Cost": 328211.39,
                  "Plan Rows": 4065382,
                  "Plan Width": 0,
                  "Actual Startup Time": 143.721,
                  "Actual Total Time": 646.271,
                  "Actual Rows": 3467198,
                  "Actual Loops": 7,
                  "Filter": "(person_id > 1178288)",
                  "Rows Removed by Filter": 1710565
                }
              ]
            }
          ]
        }
      ]
    },
    "Planning Time": 0.117,
    "Triggers": [],
    "Execution Time": 881.567
  }
]