[
  {
    "Plan": {
      "Node Type": "Aggregate",
      "Strategy": "Plain",
      "Partial Mode": "Simple",
      "Parallel Aware": false,
      "Startup Cost": 21921.26,
      "Total Cost": 21921.27,
      "Plan Rows": 1,
      "Plan Width": 8,
      "Actual Startup Time": 50.505,
      "Actual Total Time": 50.506,
      "Actual Rows": 1,
      "Actual Loops": 1,
      "Plans": [
        {
          "Node Type": "Bitmap Heap Scan",
          "Parent Relationship": "Outer",
          "Parallel Aware": false,
          "Relation Name": "movie_companies",
          "Alias": "mc",
          "Startup Cost": 1787.71,
          "Total Cost": 21820.03,
          "Plan Rows": 40494,
          "Plan Width": 0,
          "Actual Startup Time": 16.358,
          "Actual Total Time": 44.882,
          "Actual Rows": 66520,
          "Actual Loops": 1,
          "Recheck Cond": "(company_id < 19)",
          "Rows Removed by Index Recheck": 0,
          "Filter": "(company_type_id < 2)",
          "Rows Removed by Filter": 17551,
          "Exact Heap Blocks": 7968,
          "Lossy Heap Blocks": 0,
          "Plans": [
            {
              "Node Type": "Bitmap Index Scan",
              "Parent Relationship": "Outer",
              "Parallel Aware": false,
              "Index Name": "company_id_movie_companies",
              "Startup Cost": 0.0,
              "Total Cost": 1777.59,
              "Plan Rows": 82821,
              "Plan Width": 0,
              "Actual Startup Time": 12.543,
              "Actual Total Time": 12.544,
              "Actual Rows": 84071,
              "Actual Loops": 1,
              "Index Cond": "(company_id < 19)"
            }
          ]
        }
      ]
    },
    "Planning Time": 0.255,
    "Triggers": [],
    "Execution Time": 50.559
  }
]