[
  {
    "Plan": {
      "Node Type": "Aggregate",
      "Strategy": "Plain",
      "Partial Mode": "Simple",
      "Parallel Aware": false,
      "Startup Cost": 21840.36,
      "Total Cost": 21840.37,
      "Plan Rows": 1,
      "Plan Width": 8,
      "Actual Startup Time": 43.576,
      "Actual Total Time": 43.577,
      "Actual Rows": 1,
      "Actual Loops": 1,
      "Plans": [
        {
          "Node Type": "Bitmap Heap Scan",
          "Parent Relationship": "Outer",
          "Parallel Aware": false,
          "Relation Name": "movie_companies",
          "Alias": "mc",
          "Startup Cost": 1739.91,
          "Total Cost": 21740.99,
          "Plan Rows": 39745,
          "Plan Width": 0,
          "Actual Startup Time": 11.594,
          "Actual Total Time": 38.789,
          "Actual Rows": 66520,
          "Actual Loops": 1,
          "Recheck Cond": "(company_id < 19)",
          "Rows Removed by Index Recheck": 0,
          "Filter": "(company_type_id < 2)",
          "Rows Removed by Filter": 17551,
          "Exact Heap Blocks": 7968,
          "Lossy Heap Blocks": 0,
          "Plans": [
            {
              "Node Type": "Bitmap Index Scan",
              "Parent Relationship": "Outer",
              "Parallel Aware": false,
              "Index Name": "company_id_movie_companies",
              "Startup Cost": 0.0,
              "Total Cost": 1729.97,
              "Plan Rows": 80739,
              "Plan Width": 0,
              "Actual Startup Time": 9.173,
              "Actual Total Time": 9.173,
              "Actual Rows": 84071,
              "Actual Loops": 1,
              "Index Cond": "(company_id < 19)"
            }
          ]
        }
      ]
    },
    "Planning Time": 0.26,
    "Triggers": [],
    "Execution Time": 43.624
  }
]