[
  {
    "Plan": {
      "Node Type": "Aggregate",
      "Strategy": "Plain",
      "Partial Mode": "Simple",
      "Parallel Aware": false,
      "Startup Cost": 1060.49,
      "Total Cost": 1060.5,
      "Plan Rows": 1,
      "Plan Width": 8,
      "Actual Startup Time": 15.603,
      "Actual Total Time": 15.605,
      "Actual Rows": 1,
      "Actual Loops": 1,
      "Plans": [
        {
          "Node Type": "Index Scan",
          "Parent Relationship": "Outer",
          "Parallel Aware": false,
          "Scan Direction": "Forward",
          "Index Name": "person_id_cast_info",
          "Relation Name": "cast_info",
          "Alias": "ci",
          "Startup Cost": 0.56,
          "Total Cost": 1059.67,
          "Plan Rows": 328,
          "Plan Width": 0,
          "Actual Startup Time": 15.585,
          "Actual Total Time": 15.595,
          "Actual Rows": 2,
          "Actual Loops": 1,
          "Index Cond": "(person_id = 1169913)",
          "Rows Removed by Index Recheck": 0,
          "Filter": "(role_id < 4)",
          "Rows Removed by Filter": 0
        }
      ]
    },
    "Planning Time": 0.219,
    "Triggers": [],
    "Execution Time": 15.659
  }
]