[
    {
        "Bao": {
            "Bao prediction": "NaN",
            "Bao recommended hint": "(no hint)"
        }
    },
    {
        "Plan": {
            "Node Type": "Aggregate",
            "Strategy": "Plain",
            "Partial Mode": "Finalize",
            "Parallel Aware": false,
            "Startup Cost": 33108.88,
            "Total Cost": 33108.89,
            "Plan Rows": 1,
            "Plan Width": 8,
            "Actual Startup Time": 93.616,
            "Actual Total Time": 100.124,
            "Actual Rows": 1,
            "Actual Loops": 1,
            "Output": [
                "count(*)"
            ],
            "Plans": [
                {
                    "Node Type": "Gather",
                    "Parent Relationship": "Outer",
                    "Parallel Aware": false,
                    "Startup Cost": 33108.57,
                    "Total Cost": 33108.88,
                    "Plan Rows": 3,
                    "Plan Width": 8,
                    "Actual Startup Time": 93.338,
                    "Actual Total Time": 100.117,
                    "Actual Rows": 4,
                    "Actual Loops": 1,
                    "Output": [
                        "(PARTIAL count(*))"
                    ],
                    "Workers Planned": 3,
                    "Workers Launched": 3,
                    "Single Copy": false,
                    "Plans": [
                        {
                            "Node Type": "Aggregate",
                            "Strategy": "Plain",
                            "Partial Mode": "Partial",
                            "Parent Relationship": "Outer",
                            "Parallel Aware": false,
                            "Startup Cost": 32108.57,
                            "Total Cost": 32108.58,
                            "Plan Rows": 1,
                            "Plan Width": 8,
                            "Actual Startup Time": 84.811,
                            "Actual Total Time": 84.812,
                            "Actual Rows": 1,
                            "Actual Loops": 4,
                            "Output": [
                                "PARTIAL count(*)"
                            ],
                            "Workers": [
                                {
                                    "Worker Number": 0,
                                    "Actual Startup Time": 81.974,
                                    "Actual Total Time": 81.975,
                                    "Actual Rows": 1,
                                    "Actual Loops": 1
                                },
                                {
                                    "Worker Number": 1,
                                    "Actual Startup Time": 81.855,
                                    "Actual Total Time": 81.857,
                                    "Actual Rows": 1,
                                    "Actual Loops": 1
                                },
                                {
                                    "Worker Number": 2,
                                    "Actual Startup Time": 82.389,
                                    "Actual Total Time": 82.39,
                                    "Actual Rows": 1,
                                    "Actual Loops": 1
                                }
                            ],
                            "Plans": [
                                {
                                    "Node Type": "Bitmap Heap Scan",
                                    "Parent Relationship": "Outer",
                                    "Parallel Aware": true,
                                    "Relation Name": "movie_keyword",
                                    "Schema": "public",
                                    "Alias": "mk",
                                    "Startup Cost": 6233.12,
                                    "Total Cost": 31871.66,
                                    "Plan Rows": 94763,
                                    "Plan Width": 0,
                                    "Actual Startup Time": 23.349,
                                    "Actual Total Time": 80.3,
                                    "Actual Rows": 72925,
                                    "Actual Loops": 4,
                                    "Recheck Cond": "(mk.keyword_id > 55237)",
                                    "Rows Removed by Index Recheck": 0,
                                    "Exact Heap Blocks": 11216,
                                    "Lossy Heap Blocks": 0,
                                    "Workers": [
                                        {
                                            "Worker Number": 0,
                                            "Actual Startup Time": 20.559,
                                            "Actual Total Time": 78.002,
                                            "Actual Rows": 48289,
                                            "Actual Loops": 1
                                        },
                                        {
                                            "Worker Number": 1,
                                            "Actual Startup Time": 20.597,
                                            "Actual Total Time": 78.27,
                                            "Actual Rows": 42724,
                                            "Actual Loops": 1
                                        },
                                        {
                                            "Worker Number": 2,
                                            "Actual Startup Time": 20.943,
                                            "Actual Total Time": 78.548,
                                            "Actual Rows": 50802,
                                            "Actual Loops": 1
                                        }
                                    ],
                                    "Plans": [
                                        {
                                            "Node Type": "Bitmap Index Scan",
                                            "Parent Relationship": "Outer",
                                            "Parallel Aware": false,
                                            "Index Name": "keyword_id_movie_keyword",
                                            "Startup Cost": 0.0,
                                            "Total Cost": 6159.68,
                                            "Plan Rows": 293766,
                                            "Plan Width": 0,
                                            "Actual Startup Time": 27.536,
                                            "Actual Total Time": 27.537,
                                            "Actual Rows": 291701,
                                            "Actual Loops": 1,
                                            "Index Cond": "(mk.keyword_id > 55237)"
                                        }
                                    ]
                                }
                            ]
                        }
                    ]
                }
            ]
        },
        "Planning Time": 175.343,
        "Triggers": [],
        "Execution Time": 100.185
    }
]