[
  {
    "Plan": {
      "Node Type": "Aggregate",
      "Strategy": "Plain",
      "Partial Mode": "Finalize",
      "Parallel Aware": false,
      "Startup Cost": 45188.03,
      "Total Cost": 45188.04,
      "Plan Rows": 1,
      "Plan Width": 8,
      "Actual Startup Time": 174.626,
      "Actual Total Time": 188.952,
      "Actual Rows": 1,
      "Actual Loops": 1,
      "Plans": [
        {
          "Node Type": "Gather",
          "Parent Relationship": "Outer",
          "Parallel Aware": false,
          "Startup Cost": 45187.71,
          "Total Cost": 45188.02,
          "Plan Rows": 3,
          "Plan Width": 8,
          "Actual Startup Time": 174.507,
          "Actual Total Time": 188.943,
          "Actual Rows": 4,
          "Actual Loops": 1,
          "Workers Planned": 3,
          "Workers Launched": 3,
          "Single Copy": false,
          "Plans": [
            {
              "Node Type": "Aggregate",
              "Strategy": "Plain",
              "Partial Mode": "Partial",
              "Parent Relationship": "Outer",
              "Parallel Aware": false,
              "Startup Cost": 44187.71,
              "Total Cost": 44187.72,
              "Plan Rows": 1,
              "Plan Width": 8,
              "Actual Startup Time": 167.23,
              "Actual Total Time": 167.231,
              "Actual Rows": 1,
              "Actual Loops": 4,
              "Plans": [
                {
                  "Node Type": "Seq Scan",
                  "Parent Relationship": "Outer",
                  "Parallel Aware": true,
                  "Relation Name": "movie_keyword",
                  "Alias": "mk",
                  "Startup Cost": 0.0,
                  "Total Cost": 42695.65,
                  "Plan Rows": 596822,
                  "Plan Width": 0,
                  "Actual Startup Time": 0.051,
                  "Actual Total Time": 138.159,
                  "Actual Rows": 463961,
                  "Actual Loops": 4,
                  "Filter": "(keyword_id < 3089)",
                  "Rows Removed by Filter": 667022
                }
              ]
            }
          ]
        }
      ]
    },
    "Planning Time": 0.122,
    "Triggers": [],
    "Execution Time": 188.995
  }
]