[
  {
    "Plan": {
      "Node Type": "Aggregate",
      "Strategy": "Plain",
      "Partial Mode": "Finalize",
      "Parallel Aware": false,
      "Startup Cost": 45098.88,
      "Total Cost": 45098.89,
      "Plan Rows": 1,
      "Plan Width": 8,
      "Actual Startup Time": 130.596,
      "Actual Total Time": 140.425,
      "Actual Rows": 1,
      "Actual Loops": 1,
      "Plans": [
        {
          "Node Type": "Gather",
          "Parent Relationship": "Outer",
          "Parallel Aware": false,
          "Startup Cost": 45098.56,
          "Total Cost": 45098.87,
          "Plan Rows": 3,
          "Plan Width": 8,
          "Actual Startup Time": 130.489,
          "Actual Total Time": 140.418,
          "Actual Rows": 4,
          "Actual Loops": 1,
          "Workers Planned": 3,
          "Workers Launched": 3,
          "Single Copy": false,
          "Plans": [
            {
              "Node Type": "Aggregate",
              "Strategy": "Plain",
              "Partial Mode": "Partial",
              "Parent Relationship": "Outer",
              "Parallel Aware": false,
              "Startup Cost": 44098.56,
              "Total Cost": 44098.57,
              "Plan Rows": 1,
              "Plan Width": 8,
              "Actual Startup Time": 123.971,
              "Actual Total Time": 123.972,
              "Actual Rows": 1,
              "Actual Loops": 4,
              "Plans": [
                {
                  "Node Type": "Seq Scan",
                  "Parent Relationship": "Outer",
                  "Parallel Aware": true,
                  "Relation Name": "movie_keyword",
                  "Alias": "mk",
                  "Startup Cost": 0.0,
                  "Total Cost": 42695.65,
                  "Plan Rows": 561163,
                  "Plan Width": 0,
                  "Actual Startup Time": 0.045,
                  "Actual Total Time": 104.089,
                  "Actual Rows": 435250,
                  "Actual Loops": 4,
                  "Filter": "(keyword_id < 2845)",
                  "Rows Removed by Filter": 695732
                }
              ]
            }
          ]
        }
      ]
    },
    "Planning Time": 0.086,
    "Triggers": [],
    "Execution Time": 140.454
  }
]