[
  {
    "Plan": {
      "Node Type": "Aggregate",
      "Strategy": "Plain",
      "Partial Mode": "Finalize",
      "Parallel Aware": false,
      "Startup Cost": 45090.75,
      "Total Cost": 45090.76,
      "Plan Rows": 1,
      "Plan Width": 8,
      "Actual Startup Time": 154.445,
      "Actual Total Time": 165.628,
      "Actual Rows": 1,
      "Actual Loops": 1,
      "Plans": [
        {
          "Node Type": "Gather",
          "Parent Relationship": "Outer",
          "Parallel Aware": false,
          "Startup Cost": 45090.44,
          "Total Cost": 45090.75,
          "Plan Rows": 3,
          "Plan Width": 8,
          "Actual Startup Time": 154.197,
          "Actual Total Time": 165.619,
          "Actual Rows": 4,
          "Actual Loops": 1,
          "Workers Planned": 3,
          "Workers Launched": 3,
          "Single Copy": false,
          "Plans": [
            {
              "Node Type": "Aggregate",
              "Strategy": "Plain",
              "Partial Mode": "Partial",
              "Parent Relationship": "Outer",
              "Parallel Aware": false,
              "Startup Cost": 44090.44,
              "Total Cost": 44090.45,
              "Plan Rows": 1,
              "Plan Width": 8,
              "Actual Startup Time": 145.591,
              "Actual Total Time": 145.592,
              "Actual Rows": 1,
              "Actual Loops": 4,
              "Plans": [
                {
                  "Node Type": "Seq Scan",
                  "Parent Relationship": "Outer",
                  "Parallel Aware": true,
                  "Relation Name": "movie_keyword",
                  "Alias": "mk",
                  "Startup Cost": 0.0,
                  "Total Cost": 42695.65,
                  "Plan Rows": 557913,
                  "Plan Width": 0,
                  "Actual Startup Time": 0.062,
                  "Actual Total Time": 122.404,
                  "Actual Rows": 435250,
                  "Actual Loops": 4,
                  "Filter": "(keyword_id < 2845)",
                  "Rows Removed by Filter": 695732
                }
              ]
            }
          ]
        }
      ]
    },
    "Planning Time": 0.181,
    "Triggers": [],
    "Execution Time": 165.686
  }
]