[
  {
    "Plan": {
      "Node Type": "Aggregate",
      "Strategy": "Plain",
      "Partial Mode": "Finalize",
      "Parallel Aware": false,
      "Startup Cost": 44452.78,
      "Total Cost": 44452.79,
      "Plan Rows": 1,
      "Plan Width": 8,
      "Actual Startup Time": 114.319,
      "Actual Total Time": 123.199,
      "Actual Rows": 1,
      "Actual Loops": 1,
      "Plans": [
        {
          "Node Type": "Gather",
          "Parent Relationship": "Outer",
          "Parallel Aware": false,
          "Startup Cost": 44452.46,
          "Total Cost": 44452.77,
          "Plan Rows": 3,
          "Plan Width": 8,
          "Actual Startup Time": 114.189,
          "Actual Total Time": 123.19,
          "Actual Rows": 4,
          "Actual Loops": 1,
          "Workers Planned": 3,
          "Workers Launched": 3,
          "Single Copy": false,
          "Plans": [
            {
              "Node Type": "Aggregate",
              "Strategy": "Plain",
              "Partial Mode": "Partial",
              "Parent Relationship": "Outer",
              "Parallel Aware": false,
              "Startup Cost": 43452.46,
              "Total Cost": 43452.47,
              "Plan Rows": 1,
              "Plan Width": 8,
              "Actual Startup Time": 108.995,
              "Actual Total Time": 108.996,
              "Actual Rows": 1,
              "Actual Loops": 4,
              "Plans": [
                {
                  "Node Type": "Seq Scan",
                  "Parent Relationship": "Outer",
                  "Parallel Aware": true,
                  "Relation Name": "movie_keyword",
                  "Alias": "mk",
                  "Startup Cost": 0.0,
                  "Total Cost": 42695.65,
                  "Plan Rows": 302722,
                  "Plan Width": 0,
                  "Actual Startup Time": 0.04,
                  "Actual Total Time": 97.761,
                  "Actual Rows": 236130,
                  "Actual Loops": 4,
                  "Filter": "(keyword_id < 884)",
                  "Rows Removed by Filter": 894853
                }
              ]
            }
          ]
        }
      ]
    },
    "Planning Time": 0.161,
    "Triggers": [],
    "Execution Time": 123.245
  }
]