[
  {
    "Plan": {
      "Node Type": "Aggregate",
      "Strategy": "Plain",
      "Partial Mode": "Finalize",
      "Parallel Aware": false,
      "Startup Cost": 83206.38,
      "Total Cost": 83206.39,
      "Plan Rows": 1,
      "Plan Width": 8,
      "Actual Startup Time": 331.296,
      "Actual Total Time": 340.331,
      "Actual Rows": 1,
      "Actual Loops": 1,
      "Plans": [
        {
          "Node Type": "Gather",
          "Parent Relationship": "Outer",
          "Parallel Aware": false,
          "Startup Cost": 83206.06,
          "Total Cost": 83206.37,
          "Plan Rows": 3,
          "Plan Width": 8,
          "Actual Startup Time": 327.866,
          "Actual Total Time": 340.326,
          "Actual Rows": 4,
          "Actual Loops": 1,
          "Workers Planned": 3,
          "Workers Launched": 3,
          "Single Copy": false,
          "Plans": [
            {
              "Node Type": "Aggregate",
              "Strategy": "Plain",
              "Partial Mode": "Partial",
              "Parent Relationship": "Outer",
              "Parallel Aware": false,
              "Startup Cost": 82206.06,
              "Total Cost": 82206.07,
              "Plan Rows": 1,
              "Plan Width": 8,
              "Actual Startup Time": 322.597,
              "Actual Total Time": 322.6,
              "Actual Rows": 1,
              "Actual Loops": 4,
              "Plans": [
                {
                  "Node Type": "Hash Join",
                  "Parent Relationship": "Outer",
                  "Parallel Aware": true,
                  "Join Type": "Inner",
                  "Startup Cost": 49395.88,
                  "Total Cost": 81758.56,
                  "Plan Rows": 178999,
                  "Plan Width": 0,
                  "Actual Startup Time": 215.439,
                  "Actual Total Time": 319.758,
                  "Actual Rows": 67360,
                  "Actual Loops": 4,
                  "Inner Unique": true,
                  "Hash Cond": "(mc.movie_id = t.id)",
                  "Plans": [
                    {
                      "Node Type": "Seq Scan",
                      "Parent Relationship": "Outer",
                      "Parallel Aware": true,
                      "Relation Name": "movie_companies",
                      "Alias": "mc",
                      "Startup Cost": 0.0,
                      "Total Cost": 31414.82,
                      "Plan Rows": 361090,
                      "Plan Width": 4,
                      "Actual Startup Time": 25.435,
                      "Actual Total Time": 60.312,
                      "Actual Rows": 310018,
                      "Actual Loops": 4,
                      "Filter": "((company_id > 258) AND (company_type_id = 2))",
                      "Rows Removed by Filter": 342264
                    },
                    {
                      "Node Type": "Hash",
                      "Parent Relationship": "Inner",
                      "Parallel Aware": true,
                      "Startup Cost": 45479.21,
                      "Total Cost": 45479.21,
                      "Plan Rows": 313334,
                      "Plan Width": 4,
                      "Actual Startup Time": 186.578,
                      "Actual Total Time": 186.579,
                      "Actual Rows": 337221,
                      "Actual Loops": 4,
                      "Hash Buckets": 2097152,
                      "Original Hash Buckets": 2097152,
                      "Hash Batches": 1,
                      "Original Hash Batches": 1,
                      "Peak Memory Usage": 69216,
                      "Plans": [
                        {
                          "Node Type": "Seq Scan",
                          "Parent Relationship": "Outer",
                          "Parallel Aware": true,
                          "Relation Name": "title",
                          "Alias": "t",
                          "Startup Cost": 0.0,
                          "Total Cost": 45479.21,
                          "Plan Rows": 313334,
                          "Plan Width": 4,
                          "Actual Startup Time": 0.014,
                          "Actual Total Time": 85.157,
                          "Actual Rows": 337221,
                          "Actual Loops": 4,
                          "Filter": "((production_year > 1970) AND (kind_id = 7))",
                          "Rows Removed by Filter": 294857
                        }
                      ]
                    }
                  ]
                }
              ]
            }
          ]
        }
      ]
    },
    "Planning Time": 0.217,
    "Triggers": [],
    "Execution Time": 340.359
  }
]