[
  {
    "Plan": {
      "Node Type": "Aggregate",
      "Strategy": "Plain",
      "Partial Mode": "Finalize",
      "Parallel Aware": false,
      "Startup Cost": 74433.45,
      "Total Cost": 74433.46,
      "Plan Rows": 1,
      "Plan Width": 8,
      "Actual Startup Time": 247.759,
      "Actual Total Time": 259.687,
      "Actual Rows": 1,
      "Actual Loops": 1,
      "Plans": [
        {
          "Node Type": "Gather",
          "Parent Relationship": "Outer",
          "Parallel Aware": false,
          "Startup Cost": 74433.03,
          "Total Cost": 74433.44,
          "Plan Rows": 4,
          "Plan Width": 8,
          "Actual Startup Time": 245.368,
          "Actual Total Time": 259.678,
          "Actual Rows": 5,
          "Actual Loops": 1,
          "Workers Planned": 4,
          "Workers Launched": 4,
          "Single Copy": false,
          "Plans": [
            {
              "Node Type": "Aggregate",
              "Strategy": "Plain",
              "Partial Mode": "Partial",
              "Parent Relationship": "Outer",
              "Parallel Aware": false,
              "Startup Cost": 73433.03,
              "Total Cost": 73433.04,
              "Plan Rows": 1,
              "Plan Width": 8,
              "Actual Startup Time": 236.153,
              "Actual Total Time": 236.156,
              "Actual Rows": 1,
              "Actual Loops": 5,
              "Plans": [
                {
                  "Node Type": "Hash Join",
                  "Parent Relationship": "Outer",
                  "Parallel Aware": true,
                  "Join Type": "Inner",
                  "Startup Cost": 27532.99,
                  "Total Cost": 73249.24,
                  "Plan Rows": 73517,
                  "Plan Width": 0,
                  "Actual Startup Time": 164.842,
                  "Actual Total Time": 233.622,
                  "Actual Rows": 58576,
                  "Actual Loops": 5,
                  "Inner Unique": false,
                  "Hash Cond": "(t.id = mc.movie_id)",
                  "Plans": [
                    {
                      "Node Type": "Seq Scan",
                      "Parent Relationship": "Outer",
                      "Parallel Aware": true,
                      "Relation Name": "title",
                      "Alias": "t",
                      "Startup Cost": 0.0,
                      "Total Cost": 42318.73,
                      "Plan Rows": 632073,
                      "Plan Width": 4,
                      "Actual Startup Time": 0.011,
                      "Actual Total Time": 63.119,
                      "Actual Rows": 505662,
                      "Actual Loops": 5
                    },
                    {
                      "Node Type": "Hash",
                      "Parent Relationship": "Inner",
                      "Parallel Aware": true,
                      "Startup Cost": 26347.23,
                      "Total Cost": 26347.23,
                      "Plan Rows": 94861,
                      "Plan Width": 4,
                      "Actual Startup Time": 77.545,
                      "Actual Total Time": 77.547,
                      "Actual Rows": 58576,
                      "Actual Loops": 5,
                      "Hash Buckets": 524288,
                      "Original Hash Buckets": 524288,
                      "Hash Batches": 1,
                      "Original Hash Batches": 1,
                      "Peak Memory Usage": 15616,
                      "Plans": [
                        {
                          "Node Type": "Bitmap Heap Scan",
                          "Parent Relationship": "Outer",
                          "Parallel Aware": true,
                          "Relation Name": "movie_companies",
                          "Alias": "mc",
                          "Startup Cost": 6371.46,
                          "Total Cost": 26347.23,
                          "Plan Rows": 94861,
                          "Plan Width": 4,
                          "Actual Startup Time": 25.796,
                          "Actual Total Time": 52.991,
                          "Actual Rows": 58576,
                          "Actual Loops": 5,
                          "Recheck Cond": "(company_id > 94803)",
                          "Rows Removed by Index Recheck": 0,
                          "Exact Heap Blocks": 2000,
                          "Lossy Heap Blocks": 0,
                          "Plans": [
                            {
                              "Node Type": "Bitmap Index Scan",
                              "Parent Relationship": "Outer",
                              "Parallel Aware": false,
                              "Index Name": "company_id_movie_companies",
                              "Startup Cost": 0.0,
                              "Total Cost": 6297.95,
                              "Plan Rows": 294069,
                              "Plan Width": 0,
                              "Actual Startup Time": 24.819,
                              "Actual Total Time": 24.819,
                              "Actual Rows": 292878,
                              "Actual Loops": 1,
                              "Index Cond": "(company_id > 94803)"
                            }
                          ]
                        }
                      ]
                    }
                  ]
                }
              ]
            }
          ]
        }
      ]
    },
    "Planning Time": 0.501,
    "Triggers": [],
    "Execution Time": 259.764
  }
]