[
  {
    "Plan": {
      "Node Type": "Aggregate",
      "Strategy": "Plain",
      "Partial Mode": "Finalize",
      "Parallel Aware": false,
      "Startup Cost": 79495.52,
      "Total Cost": 79495.53,
      "Plan Rows": 1,
      "Plan Width": 8,
      "Actual Startup Time": 210.319,
      "Actual Total Time": 226.28,
      "Actual Rows": 1,
      "Actual Loops": 1,
      "Plans": [
        {
          "Node Type": "Gather",
          "Parent Relationship": "Outer",
          "Parallel Aware": false,
          "Startup Cost": 79495.1,
          "Total Cost": 79495.51,
          "Plan Rows": 4,
          "Plan Width": 8,
          "Actual Startup Time": 208.682,
          "Actual Total Time": 226.271,
          "Actual Rows": 5,
          "Actual Loops": 1,
          "Workers Planned": 4,
          "Workers Launched": 4,
          "Single Copy": false,
          "Plans": [
            {
              "Node Type": "Aggregate",
              "Strategy": "Plain",
              "Partial Mode": "Partial",
              "Parent Relationship": "Outer",
              "Parallel Aware": false,
              "Startup Cost": 78495.1,
              "Total Cost": 78495.11,
              "Plan Rows": 1,
              "Plan Width": 8,
              "Actual Startup Time": 201.871,
              "Actual Total Time": 201.874,
              "Actual Rows": 1,
              "Actual Loops": 5,
              "Plans": [
                {
                  "Node Type": "Hash Join",
                  "Parent Relationship": "Outer",
                  "Parallel Aware": true,
                  "Join Type": "Inner",
                  "Startup Cost": 32441.66,
                  "Total Cost": 78397.82,
                  "Plan Rows": 38914,
                  "Plan Width": 0,
                  "Actual Startup Time": 74.231,
                  "Actual Total Time": 200.524,
                  "Actual Rows": 19781,
                  "Actual Loops": 5,
                  "Inner Unique": false,
                  "Hash Cond": "(t.id = mc.movie_id)",
                  "Plans": [
                    {
                      "Node Type": "Seq Scan",
                      "Parent Relationship": "Outer",
                      "Parallel Aware": true,
                      "Relation Name": "title",
                      "Alias": "t",
                      "Startup Cost": 0.0,
                      "Total Cost": 43898.92,
                      "Plan Rows": 386343,
                      "Plan Width": 4,
                      "Actual Startup Time": 0.015,
                      "Actual Total Time": 79.569,
                      "Actual Rows": 310345,
                      "Actual Loops": 5,
                      "Filter": "(production_year < 2007)",
                      "Rows Removed by Filter": 195317
                    },
                    {
                      "Node Type": "Hash",
                      "Parent Relationship": "Inner",
                      "Parallel Aware": true,
                      "Startup Cost": 31414.82,
                      "Total Cost": 31414.82,
                      "Plan Rows": 82147,
                      "Plan Width": 4,
                      "Actual Startup Time": 72.426,
                      "Actual Total Time": 72.427,
                      "Actual Rows": 27084,
                      "Actual Loops": 5,
                      "Hash Buckets": 262144,
                      "Original Hash Buckets": 262144,
                      "Hash Batches": 1,
                      "Original Hash Batches": 1,
                      "Peak Memory Usage": 7424,
                      "Plans": [
                        {
                          "Node Type": "Seq Scan",
                          "Parent Relationship": "Outer",
                          "Parallel Aware": true,
                          "Relation Name": "movie_companies",
                          "Alias": "mc",
                          "Startup Cost": 0.0,
                          "Total Cost": 31414.82,
                          "Plan Rows": 82147,
                          "Plan Width": 4,
                          "Actual Startup Time": 39.759,
                          "Actual Total Time": 64.291,
                          "Actual Rows": 27084,
                          "Actual Loops": 5,
                          "Filter": "((company_id < 448) AND (company_type_id = 2))",
                          "Rows Removed by Filter": 494742
                        }
                      ]
                    }
                  ]
                }
              ]
            }
          ]
        }
      ]
    },
    "Planning Time": 0.557,
    "Triggers": [],
    "Execution Time": 226.343
  }
]