{
    "Plan": {
        "Node Type": "Sort",
        "Parallel Aware": false,
        "Startup Cost": 60001217868.37,
        "Total Cost": 60001217868.97,
        "Plan Rows": 240,
        "Plan Width": 23,
        "Actual Startup Time": 857535.52,
        "Actual Total Time": 857596.047,
        "Actual Rows": 65120,
        "Actual Loops": 1,
        "Output": [
            "n.name",
            "(count(*))"
        ],
        "Sort Key": [
            "(count(*)) DESC"
        ],
        "Sort Method": "quicksort",
        "Sort Space Used": 6616,
        "Sort Space Type": "Memory",
        "Plans": [
            {
                "Node Type": "Aggregate",
                "Strategy": "Sorted",
                "Partial Mode": "Simple",
                "Parent Relationship": "Outer",
                "Parallel Aware": false,
                "Startup Cost": 60001217854.68,
                "Total Cost": 60001217858.88,
                "Plan Rows": 240,
                "Plan Width": 23,
                "Actual Startup Time": 855214.007,
                "Actual Total Time": 857395.455,
                "Actual Rows": 65120,
                "Actual Loops": 1,
                "Output": [
                    "n.name",
                    "count(*)"
                ],
                "Group Key": [
                    "n.name"
                ],
                "Plans": [
                    {
                        "Node Type": "Sort",
                        "Parent Relationship": "Outer",
                        "Parallel Aware": false,
                        "Startup Cost": 60001217854.68,
                        "Total Cost": 60001217855.28,
                        "Plan Rows": 240,
                        "Plan Width": 15,
                        "Actual Startup Time": 855213.56,
                        "Actual Total Time": 857258.622,
                        "Actual Rows": 450299,
                        "Actual Loops": 1,
                        "Output": [
                            "n.name"
                        ],
                        "Sort Key": [
                            "n.name COLLATE \"C\""
                        ],
                        "Sort Method": "quicksort",
                        "Sort Space Used": 37016,
                        "Sort Space Type": "Memory",
                        "Plans": [
                            {
                                "Node Type": "Hash Join",
                                "Parent Relationship": "Outer",
                                "Parallel Aware": false,
                                "Join Type": "Inner",
                                "Startup Cost": 60000547563.96,
                                "Total Cost": 60001217845.19,
                                "Plan Rows": 240,
                                "Plan Width": 15,
                                "Actual Startup Time": 76610.051,
                                "Actual Total Time": 849069.398,
                                "Actual Rows": 450299,
                                "Actual Loops": 1,
                                "Output": [
                                    "n.name"
                                ],
                                "Inner Unique": true,
                                "Hash Cond": "(pi.info_type_id = it2.id)",
                                "Plans": [
                                    {
                                        "Node Type": "Hash Join",
                                        "Parent Relationship": "Outer",
                                        "Parallel Aware": false,
                                        "Join Type": "Inner",
                                        "Startup Cost": 50000547549.81,
                                        "Total Cost": 50001217794.11,
                                        "Plan Rows": 13562,
                                        "Plan Width": 19,
                                        "Actual Startup Time": 76600.258,
                                        "Actual Total Time": 847207.593,
                                        "Actual Rows": 2479115,
                                        "Actual Loops": 1,
                                        "Output": [
                                            "n.name",
                                            "pi.info_type_id"
                                        ],
                                        "Inner Unique": false,
                                        "Hash Cond": "(ci.person_id = pi.person_id)",
                                        "Plans": [
                                            {
                                                "Node Type": "Hash Join",
                                                "Parent Relationship": "Outer",
                                                "Parallel Aware": false,
                                                "Join Type": "Inner",
                                                "Startup Cost": 40000257724.34,
                                                "Total Cost": 40000579090.4,
                                                "Plan Rows": 146498,
                                                "Plan Width": 23,
                                                "Actual Startup Time": 39318.568,
                                                "Actual Total Time": 754905.281,
                                                "Actual Rows": 2625133,
                                                "Actual Loops": 1,
                                                "Output": [
                                                    "ci.person_id",
                                                    "n.name",
                                                    "n.id"
                                                ],
                                                "Inner Unique": true,
                                                "Hash Cond": "(ci.person_id = n.id)",
                                                "Plans": [
                                                    {
                                                        "Node Type": "Nested Loop",
                                                        "Parent Relationship": "Outer",
                                                        "Parallel Aware": false,
                                                        "Join Type": "Inner",
                                                        "Startup Cost": 30000027456.17,
                                                        "Total Cost": 30000348437.67,
                                                        "Plan Rows": 146498,
                                                        "Plan Width": 4,
                                                        "Actual Startup Time": 278.772,
                                                        "Actual Total Time": 625208.293,
                                                        "Actual Rows": 2625133,
                                                        "Actual Loops": 1,
                                                        "Output": [
                                                            "ci.person_id"
                                                        ],
                                                        "Inner Unique": false,
                                                        "Plans": [
                                                            {
                                                                "Node Type": "Nested Loop",
                                                                "Parent Relationship": "Outer",
                                                                "Parallel Aware": false,
                                                                "Join Type": "Inner",
                                                                "Startup Cost": 20000027455.1,
                                                                "Total Cost": 20000287949.78,
                                                                "Plan Rows": 10217,
                                                                "Plan Width": 8,
                                                                "Actual Startup Time": 277.752,
                                                                "Actual Total Time": 23971.137,
                                                                "Actual Rows": 94144,
                                                                "Actual Loops": 1,
                                                                "Output": [
                                                                    "t.id",
                                                                    "mi.movie_id"
                                                                ],
                                                                "Inner Unique": false,
                                                                "Plans": [
                                                                    {
                                                                        "Node Type": "Bitmap Heap Scan",
                                                                        "Parent Relationship": "Outer",
                                                                        "Parallel Aware": false,
                                                                        "Relation Name": "info_type",
                                                                        "Schema": "public",
                                                                        "Alias": "it1",
                                                                        "Startup Cost": 4.15,
                                                                        "Total Cost": 8.16,
                                                                        "Plan Rows": 1,
                                                                        "Plan Width": 4,
                                                                        "Actual Startup Time": 0.575,
                                                                        "Actual Total Time": 0.683,
                                                                        "Actual Rows": 1,
                                                                        "Actual Loops": 1,
                                                                        "Output": [
                                                                            "it1.id",
                                                                            "it1.info"
                                                                        ],
                                                                        "Recheck Cond": "(it1.id = 3)",
                                                                        "Rows Removed by Index Recheck": 0,
                                                                        "Exact Heap Blocks": 1,
                                                                        "Lossy Heap Blocks": 0,
                                                                        "Plans": [
                                                                            {
                                                                                "Node Type": "Bitmap Index Scan",
                                                                                "Parent Relationship": "Outer",
                                                                                "Parallel Aware": false,
                                                                                "Index Name": "info_type_pkey",
                                                                                "Startup Cost": 0.0,
                                                                                "Total Cost": 4.15,
                                                                                "Plan Rows": 1,
                                                                                "Plan Width": 0,
                                                                                "Actual Startup Time": 0.501,
                                                                                "Actual Total Time": 0.531,
                                                                                "Actual Rows": 1,
                                                                                "Actual Loops": 1,
                                                                                "Index Cond": "(it1.id = 3)"
                                                                            }
                                                                        ]
                                                                    },
                                                                    {
                                                                        "Node Type": "Nested Loop",
                                                                        "Parent Relationship": "Inner",
                                                                        "Parallel Aware": false,
                                                                        "Join Type": "Inner",
                                                                        "Startup Cost": 10000027450.95,
                                                                        "Total Cost": 10000287839.44,
                                                                        "Plan Rows": 10217,
                                                                        "Plan Width": 12,
                                                                        "Actual Startup Time": 277.055,
                                                                        "Actual Total Time": 23545.743,
                                                                        "Actual Rows": 94144,
                                                                        "Actual Loops": 1,
                                                                        "Output": [
                                                                            "t.id",
                                                                            "mi.movie_id",
                                                                            "mi.info_type_id"
                                                                        ],
                                                                        "Inner Unique": true,
                                                                        "Plans": [
                                                                            {
                                                                                "Node Type": "Bitmap Heap Scan",
                                                                                "Parent Relationship": "Outer",
                                                                                "Parallel Aware": false,
                                                                                "Relation Name": "movie_info",
                                                                                "Schema": "public",
                                                                                "Alias": "mi",
                                                                                "Startup Cost": 27447.96,
                                                                                "Total Cost": 216295.24,
                                                                                "Plan Rows": 10217,
                                                                                "Plan Width": 8,
                                                                                "Actual Startup Time": 276.42,
                                                                                "Actual Total Time": 6633.432,
                                                                                "Actual Rows": 94144,
                                                                                "Actual Loops": 1,
                                                                                "Output": [
                                                                                    "mi.id",
                                                                                    "mi.movie_id",
                                                                                    "mi.info_type_id",
                                                                                    "mi.info",
                                                                                    "mi.note"
                                                                                ],
                                                                                "Recheck Cond": "(mi.info_type_id = 3)",
                                                                                "Rows Removed by Index Recheck": 0,
                                                                                "Filter": "((mi.info ~~* '%romance%'::text) OR (mi.info ~~* '%action%'::text))",
                                                                                "Rows Removed by Filter": 1439765,
                                                                                "Exact Heap Blocks": 9770,
                                                                                "Lossy Heap Blocks": 0,
                                                                                "Plans": [
                                                                                    {
                                                                                        "Node Type": "Bitmap Index Scan",
                                                                                        "Parent Relationship": "Outer",
                                                                                        "Parallel Aware": false,
                                                                                        "Index Name": "info_type_id_movie_info",
                                                                                        "Startup Cost": 0.0,
                                                                                        "Total Cost": 27445.41,
                                                                                        "Plan Rows": 1534530,
                                                                                        "Plan Width": 0,
                                                                                        "Actual Startup Time": 273.547,
                                                                                        "Actual Total Time": 273.557,
                                                                                        "Actual Rows": 1533909,
                                                                                        "Actual Loops": 1,
                                                                                        "Index Cond": "(mi.info_type_id = 3)"
                                                                                    }
                                                                                ]
                                                                            },
                                                                            {
                                                                                "Node Type": "Bitmap Heap Scan",
                                                                                "Parent Relationship": "Inner",
                                                                                "Parallel Aware": false,
                                                                                "Relation Name": "title",
                                                                                "Schema": "public",
                                                                                "Alias": "t",
                                                                                "Startup Cost": 2.99,
                                                                                "Total Cost": 7.0,
                                                                                "Plan Rows": 1,
                                                                                "Plan Width": 4,
                                                                                "Actual Startup Time": 0.151,
                                                                                "Actual Total Time": 0.151,
                                                                                "Actual Rows": 1,
                                                                                "Actual Loops": 94144,
                                                                                "Output": [
                                                                                    "t.id",
                                                                                    "t.title",
                                                                                    "t.imdb_index",
                                                                                    "t.kind_id",
                                                                                    "t.production_year",
                                                                                    "t.imdb_id",
                                                                                    "t.phonetic_code",
                                                                                    "t.episode_of_id",
                                                                                    "t.season_nr",
                                                                                    "t.episode_nr",
                                                                                    "t.series_years",
                                                                                    "t.md5sum"
                                                                                ],
                                                                                "Recheck Cond": "(t.id = mi.movie_id)",
                                                                                "Rows Removed by Index Recheck": 0,
                                                                                "Exact Heap Blocks": 94144,
                                                                                "Lossy Heap Blocks": 0,
                                                                                "Plans": [
                                                                                    {
                                                                                        "Node Type": "Bitmap Index Scan",
                                                                                        "Parent Relationship": "Outer",
                                                                                        "Parallel Aware": false,
                                                                                        "Index Name": "title_pkey",
                                                                                        "Startup Cost": 0.0,
                                                                                        "Total Cost": 2.99,
                                                                                        "Plan Rows": 1,
                                                                                        "Plan Width": 0,
                                                                                        "Actual Startup Time": 0.055,
                                                                                        "Actual Total Time": 0.055,
                                                                                        "Actual Rows": 1,
                                                                                        "Actual Loops": 94144,
                                                                                        "Index Cond": "(t.id = mi.movie_id)"
                                                                                    }
                                                                                ]
                                                                            }
                                                                        ]
                                                                    }
                                                                ]
                                                            },
                                                            {
                                                                "Node Type": "Bitmap Heap Scan",
                                                                "Parent Relationship": "Inner",
                                                                "Parallel Aware": false,
                                                                "Relation Name": "cast_info",
                                                                "Schema": "public",
                                                                "Alias": "ci",
                                                                "Startup Cost": 1.07,
                                                                "Total Cost": 5.54,
                                                                "Plan Rows": 38,
                                                                "Plan Width": 8,
                                                                "Actual Startup Time": 3.054,
                                                                "Actual Total Time": 6.344,
                                                                "Actual Rows": 28,
                                                                "Actual Loops": 94144,
                                                                "Output": [
                                                                    "ci.id",
                                                                    "ci.person_id",
                                                                    "ci.movie_id",
                                                                    "ci.person_role_id",
                                                                    "ci.note",
                                                                    "ci.nr_order",
                                                                    "ci.role_id"
                                                                ],
                                                                "Recheck Cond": "(ci.movie_id = t.id)",
                                                                "Rows Removed by Index Recheck": 0,
                                                                "Exact Heap Blocks": 2536939,
                                                                "Lossy Heap Blocks": 0,
                                                                "Plans": [
                                                                    {
                                                                        "Node Type": "Bitmap Index Scan",
                                                                        "Parent Relationship": "Outer",
                                                                        "Parallel Aware": false,
                                                                        "Index Name": "movie_id_cast_info",
                                                                        "Startup Cost": 0.0,
                                                                        "Total Cost": 1.06,
                                                                        "Plan Rows": 38,
                                                                        "Plan Width": 0,
                                                                        "Actual Startup Time": 2.922,
                                                                        "Actual Total Time": 2.922,
                                                                        "Actual Rows": 28,
                                                                        "Actual Loops": 94144,
                                                                        "Index Cond": "(ci.movie_id = t.id)"
                                                                    }
                                                                ]
                                                            }
                                                        ]
                                                    },
                                                    {
                                                        "Node Type": "Hash",
                                                        "Parent Relationship": "Inner",
                                                        "Parallel Aware": false,
                                                        "Startup Cost": 10000178173.8,
                                                        "Total Cost": 10000178173.8,
                                                        "Plan Rows": 4167549,
                                                        "Plan Width": 19,
                                                        "Actual Startup Time": 38869.76,
                                                        "Actual Total Time": 38869.799,
                                                        "Actual Rows": 4167491,
                                                        "Actual Loops": 1,
                                                        "Output": [
                                                            "n.name",
                                                            "n.id"
                                                        ],
                                                        "Hash Buckets": 4194304,
                                                        "Original Hash Buckets": 4194304,
                                                        "Hash Batches": 1,
                                                        "Original Hash Batches": 1,
                                                        "Peak Memory Usage": 248744,
                                                        "Plans": [
                                                            {
                                                                "Node Type": "Index Scan",
                                                                "Parent Relationship": "Outer",
                                                                "Parallel Aware": false,
                                                                "Scan Direction": "Forward",
                                                                "Index Name": "name_pkey",
                                                                "Relation Name": "name",
                                                                "Schema": "public",
                                                                "Alias": "n",
                                                                "Startup Cost": 10000000000.43,
                                                                "Total Cost": 10000178173.8,
                                                                "Plan Rows": 4167549,
                                                                "Plan Width": 19,
                                                                "Actual Startup Time": 1.422,
                                                                "Actual Total Time": 11596.316,
                                                                "Actual Rows": 4167491,
                                                                "Actual Loops": 1,
                                                                "Output": [
                                                                    "n.name",
                                                                    "n.id"
                                                                ]
                                                            }
                                                        ]
                                                    }
                                                ]
                                            },
                                            {
                                                "Node Type": "Hash",
                                                "Parent Relationship": "Inner",
                                                "Parallel Aware": false,
                                                "Startup Cost": 10000285002.84,
                                                "Total Cost": 10000285002.84,
                                                "Plan Rows": 385811,
                                                "Plan Width": 8,
                                                "Actual Startup Time": 37240.144,
                                                "Actual Total Time": 37240.157,
                                                "Actual Rows": 395457,
                                                "Actual Loops": 1,
                                                "Output": [
                                                    "pi.person_id",
                                                    "pi.info_type_id"
                                                ],
                                                "Hash Buckets": 524288,
                                                "Original Hash Buckets": 524288,
                                                "Hash Batches": 1,
                                                "Original Hash Batches": 1,
                                                "Peak Memory Usage": 19544,
                                                "Plans": [
                                                    {
                                                        "Node Type": "Index Scan",
                                                        "Parent Relationship": "Outer",
                                                        "Parallel Aware": false,
                                                        "Scan Direction": "Forward",
                                                        "Index Name": "info_type_id_person_info",
                                                        "Relation Name": "person_info",
                                                        "Schema": "public",
                                                        "Alias": "pi",
                                                        "Startup Cost": 10000000000.43,
                                                        "Total Cost": 10000285002.84,
                                                        "Plan Rows": 385811,
                                                        "Plan Width": 8,
                                                        "Actual Startup Time": 3.614,
                                                        "Actual Total Time": 35375.439,
                                                        "Actual Rows": 395457,
                                                        "Actual Loops": 1,
                                                        "Output": [
                                                            "pi.person_id",
                                                            "pi.info_type_id"
                                                        ],
                                                        "Filter": "(pi.info ~~* '%usa%'::text)",
                                                        "Rows Removed by Filter": 2568207
                                                    }
                                                ]
                                            }
                                        ]
                                    },
                                    {
                                        "Node Type": "Hash",
                                        "Parent Relationship": "Inner",
                                        "Parallel Aware": false,
                                        "Startup Cost": 10000000014.12,
                                        "Total Cost": 10000000014.12,
                                        "Plan Rows": 2,
                                        "Plan Width": 4,
                                        "Actual Startup Time": 9.245,
                                        "Actual Total Time": 9.246,
                                        "Actual Rows": 3,
                                        "Actual Loops": 1,
                                        "Output": [
                                            "it2.id"
                                        ],
                                        "Hash Buckets": 1024,
                                        "Original Hash Buckets": 1024,
                                        "Hash Batches": 1,
                                        "Original Hash Batches": 1,
                                        "Peak Memory Usage": 9,
                                        "Plans": [
                                            {
                                                "Node Type": "Index Scan",
                                                "Parent Relationship": "Outer",
                                                "Parallel Aware": false,
                                                "Scan Direction": "Forward",
                                                "Index Name": "info_type_pkey",
                                                "Relation Name": "info_type",
                                                "Schema": "public",
                                                "Alias": "it2",
                                                "Startup Cost": 10000000000.14,
                                                "Total Cost": 10000000014.12,
                                                "Plan Rows": 2,
                                                "Plan Width": 4,
                                                "Actual Startup Time": 8.945,
                                                "Actual Total Time": 9.0,
                                                "Actual Rows": 3,
                                                "Actual Loops": 1,
                                                "Output": [
                                                    "it2.id"
                                                ],
                                                "Filter": "((it2.info)::text ~~* '%birth%'::text)",
                                                "Rows Removed by Filter": 110
                                            }
                                        ]
                                    }
                                ]
                            }
                        ]
                    }
                ]
            }
        ]
    },
    "Planning Time": 15.005,
    "Triggers": [],
    "Execution Time": 857855.912
}