{
  "Plan": {
    "Node Type": "Aggregate",
    "Strategy": "Plain",
    "Partial Mode": "Finalize",
    "Parallel Aware": false,
    "Startup Cost": 162838.92,
    "Total Cost": 162838.93,
    "Plan Rows": 1,
    "Plan Width": 8,
    "Actual Startup Time": 912.19,
    "Actual Total Time": 927.444,
    "Actual Rows": 1,
    "Actual Loops": 1,
    "Plans": [
      {
        "Node Type": "Gather",
        "Parent Relationship": "Outer",
        "Parallel Aware": false,
        "Startup Cost": 162838.81,
        "Total Cost": 162838.92,
        "Plan Rows": 1,
        "Plan Width": 8,
        "Actual Startup Time": 909.041,
        "Actual Total Time": 927.435,
        "Actual Rows": 2,
        "Actual Loops": 1,
        "Workers Planned": 1,
        "Workers Launched": 1,
        "Single Copy": false,
        "Plans": [
          {
            "Node Type": "Aggregate",
            "Strategy": "Plain",
            "Partial Mode": "Partial",
            "Parent Relationship": "Outer",
            "Parallel Aware": false,
            "Startup Cost": 161838.81,
            "Total Cost": 161838.82,
            "Plan Rows": 1,
            "Plan Width": 8,
            "Actual Startup Time": 902.666,
            "Actual Total Time": 902.838,
            "Actual Rows": 1,
            "Actual Loops": 2,
            "Plans": [
              {
                "Node Type": "Hash Join",
                "Parent Relationship": "Outer",
                "Parallel Aware": true,
                "Join Type": "Inner",
                "Startup Cost": 117295.93,
                "Total Cost": 161743.62,
                "Plan Rows": 38075,
                "Plan Width": 0,
                "Actual Startup Time": 588.37,
                "Actual Total Time": 830.639,
                "Actual Rows": 1860666,
                "Actual Loops": 2,
                "Inner Unique": false,
                "Hash Cond": "(mc.movie_id = t.id)",
                "Plans": [
                  {
                    "Node Type": "Index Scan",
                    "Parent Relationship": "Outer",
                    "Parallel Aware": true,
                    "Scan Direction": "Forward",
                    "Index Name": "company_type_id_movie_companies",
                    "Relation Name": "movie_companies",
                    "Alias": "mc",
                    "Startup Cost": 0.43,
                    "Total Cost": 41574.35,
                    "Plan Rows": 706612,
                    "Plan Width": 4,
                    "Actual Startup Time": 0.054,
                    "Actual Total Time": 106.96,
                    "Actual Rows": 637123,
                    "Actual Loops": 2,
                    "Index Cond": "(company_type_id < 2)",
                    "Rows Removed by Index Recheck": 0,
                    "Filter": "(company_id < 125945)",
                    "Rows Removed by Filter": 0
                  },
                  {
                    "Node Type": "Hash",
                    "Parent Relationship": "Inner",
                    "Parallel Aware": true,
                    "Startup Cost": 116293.77,
                    "Total Cost": 116293.77,
                    "Plan Rows": 80139,
                    "Plan Width": 8,
                    "Actual Startup Time": 525.311,
                    "Actual Total Time": 525.481,
                    "Actual Rows": 311174,
                    "Actual Loops": 2,
                    "Hash Buckets": 1048576,
                    "Original Hash Buckets": 262144,
                    "Hash Batches": 1,
                    "Original Hash Batches": 1,
                    "Peak Memory Usage": 38720,
                    "Plans": [
                      {
                        "Node Type": "Hash Join",
                        "Parent Relationship": "Outer",
                        "Parallel Aware": true,
                        "Join Type": "Inner",
                        "Startup Cost": 54722.63,
                        "Total Cost": 116293.77,
                        "Plan Rows": 80139,
                        "Plan Width": 8,
                        "Actual Startup Time": 186.869,
                        "Actual Total Time": 454.991,
                        "Actual Rows": 311174,
                        "Actual Loops": 2,
                        "Inner Unique": true,
                        "Hash Cond": "(mk.movie_id = t.id)",
                        "Plans": [
                          {
                            "Node Type": "Seq Scan",
                            "Parent Relationship": "Outer",
                            "Parallel Aware": true,
                            "Relation Name": "movie_keyword",
                            "Alias": "mk",
                            "Startup Cost": 0.0,
                            "Total Cost": 57718.19,
                            "Plan Rows": 1467784,
                            "Plan Width": 4,
                            "Actual Startup Time": 0.012,
                            "Actual Total Time": 189.084,
                            "Actual Rows": 1249199,
                            "Actual Loops": 2,
                            "Filter": "(keyword_id < 6104)",
                            "Rows Removed by Filter": 1012766
                          },
                          {
                            "Node Type": "Hash",
                            "Parent Relationship": "Inner",
                            "Parallel Aware": true,
                            "Startup Cost": 53707.62,
                            "Total Cost": 53707.62,
                            "Plan Rows": 81201,
                            "Plan Width": 4,
                            "Actual Startup Time": 133.594,
                            "Actual Total Time": 133.596,
                            "Actual Rows": 139196,
                            "Actual Loops": 2,
                            "Hash Buckets": 524288,
                            "Original Hash Buckets": 262144,
                            "Hash Batches": 1,
                            "Original Hash Batches": 1,
                            "Peak Memory Usage": 17056,
                            "Plans": [
                              {
                                "Node Type": "Bitmap Heap Scan",
                                "Parent Relationship": "Outer",
                                "Parallel Aware": true,
                                "Relation Name": "title",
                                "Alias": "t",
                                "Startup Cost": 11857.36,
                                "Total Cost": 53707.62,
                                "Plan Rows": 81201,
                                "Plan Width": 4,
                                "Actual Startup Time": 36.078,
                                "Actual Total Time": 100.336,
                                "Actual Rows": 139196,
                                "Actual Loops": 2,
                                "Recheck Cond": "(kind_id = 1)",
                                "Rows Removed by Index Recheck": 0,
                                "Filter": "(production_year < 1982)",
                                "Rows Removed by Filter": 192217,
                                "Exact Heap Blocks": 8503,
                                "Lossy Heap Blocks": 0,
                                "Plans": [
                                  {
                                    "Node Type": "Bitmap Index Scan",
                                    "Parent Relationship": "Outer",
                                    "Parallel Aware": false,
                                    "Index Name": "kind_id_title",
                                    "Startup Cost": 0.0,
                                    "Total Cost": 11822.85,
                                    "Plan Rows": 663256,
                                    "Plan Width": 0,
                                    "Actual Startup Time": 34.766,
                                    "Actual Total Time": 34.766,
                                    "Actual Rows": 662825,
                                    "Actual Loops": 1,
                                    "Index Cond": "(kind_id = 1)"
                                  }
                                ]
                              }
                            ]
                          }
                        ]
                      }
                    ]
                  }
                ]
              }
            ]
          }
        ]
      }
    ]
  },
  "Planning Time": 1.138,
  "Triggers": [],
  "Execution Time": 927.545
}