{
  "Plan": {
    "Node Type": "Aggregate",
    "Strategy": "Plain",
    "Partial Mode": "Finalize",
    "Parallel Aware": false,
    "Startup Cost": 327905.84,
    "Total Cost": 327905.85,
    "Plan Rows": 1,
    "Plan Width": 8,
    "Actual Startup Time": 2151.378,
    "Actual Total Time": 2186.589,
    "Actual Rows": 1,
    "Actual Loops": 1,
    "Plans": [
      {
        "Node Type": "Gather",
        "Parent Relationship": "Outer",
        "Parallel Aware": false,
        "Startup Cost": 327905.73,
        "Total Cost": 327905.84,
        "Plan Rows": 1,
        "Plan Width": 8,
        "Actual Startup Time": 2150.612,
        "Actual Total Time": 2186.578,
        "Actual Rows": 2,
        "Actual Loops": 1,
        "Workers Planned": 1,
        "Workers Launched": 1,
        "Single Copy": false,
        "Plans": [
          {
            "Node Type": "Aggregate",
            "Strategy": "Plain",
            "Partial Mode": "Partial",
            "Parent Relationship": "Outer",
            "Parallel Aware": false,
            "Startup Cost": 326905.73,
            "Total Cost": 326905.74,
            "Plan Rows": 1,
            "Plan Width": 8,
            "Actual Startup Time": 2144.812,
            "Actual Total Time": 2144.993,
            "Actual Rows": 1,
            "Actual Loops": 2,
            "Plans": [
              {
                "Node Type": "Hash Join",
                "Parent Relationship": "Outer",
                "Parallel Aware": true,
                "Join Type": "Inner",
                "Startup Cost": 54353.13,
                "Total Cost": 326136.62,
                "Plan Rows": 307643,
                "Plan Width": 0,
                "Actual Startup Time": 182.619,
                "Actual Total Time": 2080.87,
                "Actual Rows": 1322020,
                "Actual Loops": 2,
                "Inner Unique": true,
                "Hash Cond": "(mi.movie_id = t.id)",
                "Plans": [
                  {
                    "Node Type": "Seq Scan",
                    "Parent Relationship": "Outer",
                    "Parallel Aware": true,
                    "Relation Name": "movie_info",
                    "Alias": "mi",
                    "Startup Cost": 0.0,
                    "Total Cost": 248955.74,
                    "Plan Rows": 8696274,
                    "Plan Width": 4,
                    "Actual Startup Time": 0.023,
                    "Actual Total Time": 793.241,
                    "Actual Rows": 7417860,
                    "Actual Loops": 2
                  },
                  {
                    "Node Type": "Hash",
                    "Parent Relationship": "Inner",
                    "Parallel Aware": true,
                    "Startup Cost": 53695.47,
                    "Total Cost": 53695.47,
                    "Plan Rows": 52613,
                    "Plan Width": 4,
                    "Actual Startup Time": 146.973,
                    "Actual Total Time": 146.975,
                    "Actual Rows": 111077,
                    "Actual Loops": 2,
                    "Hash Buckets": 262144,
                    "Original Hash Buckets": 131072,
                    "Hash Batches": 1,
                    "Original Hash Batches": 1,
                    "Peak Memory Usage": 11808,
                    "Plans": [
                      {
                        "Node Type": "Bitmap Heap Scan",
                        "Parent Relationship": "Outer",
                        "Parallel Aware": true,
                        "Relation Name": "title",
                        "Alias": "t",
                        "Startup Cost": 11845.21,
                        "Total Cost": 53695.47,
                        "Plan Rows": 52613,
                        "Plan Width": 4,
                        "Actual Startup Time": 37.406,
                        "Actual Total Time": 111.206,
                        "Actual Rows": 111077,
                        "Actual Loops": 2,
                        "Recheck Cond": "(kind_id = 1)",
                        "Rows Removed by Index Recheck": 0,
                        "Filter": "(production_year < 1969)",
                        "Rows Removed by Filter": 220336,
                        "Exact Heap Blocks": 9147,
                        "Lossy Heap Blocks": 0,
                        "Plans": [
                          {
                            "Node Type": "Bitmap Index Scan",
                            "Parent Relationship": "Outer",
                            "Parallel Aware": false,
                            "Index Name": "kind_id_title",
                            "Startup Cost": 0.0,
                            "Total Cost": 11822.85,
                            "Plan Rows": 663256,
                            "Plan Width": 0,
                            "Actual Startup Time": 39.038,
                            "Actual Total Time": 39.038,
                            "Actual Rows": 662825,
                            "Actual Loops": 1,
                            "Index Cond": "(kind_id = 1)"
                          }
                        ]
                      }
                    ]
                  }
                ]
              }
            ]
          }
        ]
      }
    ]
  },
  "Planning Time": 0.593,
  "Triggers": [],
  "Execution Time": 2186.682
}