{
  "Plan": {
    "Node Type": "Aggregate",
    "Strategy": "Plain",
    "Partial Mode": "Finalize",
    "Parallel Aware": false,
    "Startup Cost": 180465.43,
    "Total Cost": 180465.44,
    "Plan Rows": 1,
    "Plan Width": 8,
    "Actual Startup Time": 1437.93,
    "Actual Total Time": 1456.658,
    "Actual Rows": 1,
    "Actual Loops": 1,
    "Plans": [
      {
        "Node Type": "Gather",
        "Parent Relationship": "Outer",
        "Parallel Aware": false,
        "Startup Cost": 180465.31,
        "Total Cost": 180465.42,
        "Plan Rows": 1,
        "Plan Width": 8,
        "Actual Startup Time": 1433.929,
        "Actual Total Time": 1456.651,
        "Actual Rows": 2,
        "Actual Loops": 1,
        "Workers Planned": 1,
        "Workers Launched": 1,
        "Single Copy": false,
        "Plans": [
          {
            "Node Type": "Aggregate",
            "Strategy": "Plain",
            "Partial Mode": "Partial",
            "Parent Relationship": "Outer",
            "Parallel Aware": false,
            "Startup Cost": 179465.31,
            "Total Cost": 179465.32,
            "Plan Rows": 1,
            "Plan Width": 8,
            "Actual Startup Time": 1427.494,
            "Actual Total Time": 1427.5,
            "Actual Rows": 1,
            "Actual Loops": 2,
            "Plans": [
              {
                "Node Type": "Hash Join",
                "Parent Relationship": "Outer",
                "Parallel Aware": true,
                "Join Type": "Inner",
                "Startup Cost": 109953.37,
                "Total Cost": 178481.72,
                "Plan Rows": 393439,
                "Plan Width": 0,
                "Actual Startup Time": 817.52,
                "Actual Total Time": 1336.724,
                "Actual Rows": 2197607,
                "Actual Loops": 2,
                "Inner Unique": false,
                "Hash Cond": "(mk.movie_id = t.id)",
                "Plans": [
                  {
                    "Node Type": "Seq Scan",
                    "Parent Relationship": "Outer",
                    "Parallel Aware": true,
                    "Relation Name": "movie_keyword",
                    "Alias": "mk",
                    "Startup Cost": 0.0,
                    "Total Cost": 57718.19,
                    "Plan Rows": 2265549,
                    "Plan Width": 4,
                    "Actual Startup Time": 0.013,
                    "Actual Total Time": 193.633,
                    "Actual Rows": 1931130,
                    "Actual Loops": 2,
                    "Filter": "(keyword_id < 28424)",
                    "Rows Removed by Filter": 330836
                  },
                  {
                    "Node Type": "Hash",
                    "Parent Relationship": "Inner",
                    "Parallel Aware": true,
                    "Startup Cost": 106724.93,
                    "Total Cost": 106724.93,
                    "Plan Rows": 258275,
                    "Plan Width": 8,
                    "Actual Startup Time": 811.394,
                    "Actual Total Time": 811.399,
                    "Actual Rows": 384872,
                    "Actual Loops": 2,
                    "Hash Buckets": 1048576,
                    "Original Hash Buckets": 524288,
                    "Hash Batches": 1,
                    "Original Hash Batches": 1,
                    "Peak Memory Usage": 42432,
                    "Plans": [
                      {
                        "Node Type": "Hash Join",
                        "Parent Relationship": "Outer",
                        "Parallel Aware": true,
                        "Join Type": "Inner",
                        "Startup Cost": 45040.16,
                        "Total Cost": 106724.93,
                        "Plan Rows": 258275,
                        "Plan Width": 8,
                        "Actual Startup Time": 219.434,
                        "Actual Total Time": 708.184,
                        "Actual Rows": 384872,
                        "Actual Loops": 2,
                        "Inner Unique": false,
                        "Hash Cond": "(t.id = mc.movie_id)",
                        "Plans": [
                          {
                            "Node Type": "Seq Scan",
                            "Parent Relationship": "Outer",
                            "Parallel Aware": true,
                            "Relation Name": "title",
                            "Alias": "t",
                            "Startup Cost": 0.0,
                            "Total Cost": 50870.31,
                            "Plan Rows": 1487231,
                            "Plan Width": 4,
                            "Actual Startup Time": 0.009,
                            "Actual Total Time": 119.204,
                            "Actual Rows": 1264156,
                            "Actual Loops": 2
                          },
                          {
                            "Node Type": "Hash",
                            "Parent Relationship": "Inner",
                            "Parallel Aware": true,
                            "Startup Cost": 41811.73,
                            "Total Cost": 41811.73,
                            "Plan Rows": 258275,
                            "Plan Width": 4,
                            "Actual Startup Time": 215.843,
                            "Actual Total Time": 215.844,
                            "Actual Rows": 384872,
                            "Actual Loops": 2,
                            "Hash Buckets": 1048576,
                            "Original Hash Buckets": 524288,
                            "Hash Batches": 1,
                            "Original Hash Batches": 1,
                            "Peak Memory Usage": 42432,
                            "Plans": [
                              {
                                "Node Type": "Seq Scan",
                                "Parent Relationship": "Outer",
                                "Parallel Aware": true,
                                "Relation Name": "movie_companies",
                                "Alias": "mc",
                                "Startup Cost": 0.0,
                                "Total Cost": 41811.73,
                                "Plan Rows": 258275,
                                "Plan Width": 4,
                                "Actual Startup Time": 60.778,
                                "Actual Total Time": 129.294,
                                "Actual Rows": 384872,
                                "Actual Loops": 2,
                                "Filter": "((company_id > 22982) AND (company_type_id > 1))",
                                "Rows Removed by Filter": 919693
                              }
                            ]
                          }
                        ]
                      }
                    ]
                  }
                ]
              }
            ]
          }
        ]
      }
    ]
  },
  "Planning Time": 0.946,
  "Triggers": [],
  "Execution Time": 1456.741
}