[
  {
    "Plan": {
      "Node Type": "Aggregate",
      "Strategy": "Plain",
      "Partial Mode": "Simple",
      "Parallel Aware": false,
      "Startup Cost": 21514.84,
      "Total Cost": 21514.85,
      "Plan Rows": 1,
      "Plan Width": 8,
      "Actual Startup Time": 28.715,
      "Actual Total Time": 28.716,
      "Actual Rows": 1,
      "Actual Loops": 1,
      "Plans": [
        {
          "Node Type": "Bitmap Heap Scan",
          "Parent Relationship": "Outer",
          "Parallel Aware": false,
          "Relation Name": "movie_companies",
          "Alias": "mc",
          "Startup Cost": 1611.6,
          "Total Cost": 21329.3,
          "Plan Rows": 74216,
          "Plan Width": 0,
          "Actual Startup Time": 4.483,
          "Actual Total Time": 24.204,
          "Actual Rows": 73563,
          "Actual Loops": 1,
          "Recheck Cond": "(company_id > 174240)",
          "Rows Removed by Index Recheck": 0,
          "Exact Heap Blocks": 2538,
          "Lossy Heap Blocks": 0,
          "Plans": [
            {
              "Node Type": "Bitmap Index Scan",
              "Parent Relationship": "Outer",
              "Parallel Aware": false,
              "Index Name": "company_id_movie_companies",
              "Startup Cost": 0.0,
              "Total Cost": 1593.05,
              "Plan Rows": 74216,
              "Plan Width": 0,
              "Actual Startup Time": 4.073,
              "Actual Total Time": 4.074,
              "Actual Rows": 73563,
              "Actual Loops": 1,
              "Index Cond": "(company_id > 174240)"
            }
          ]
        }
      ]
    },
    "Planning Time": 0.188,
    "Triggers": [],
    "Execution Time": 28.756
  }
]