[
  {
    "Plan": {
      "Node Type": "Aggregate",
      "Strategy": "Plain",
      "Partial Mode": "Finalize",
      "Parallel Aware": false,
      "Startup Cost": 437814.64,
      "Total Cost": 437814.65,
      "Plan Rows": 1,
      "Plan Width": 8,
      "Actual Startup Time": 3317.885,
      "Actual Total Time": 3390.571,
      "Actual Rows": 1,
      "Actual Loops": 1,
      "Plans": [
        {
          "Node Type": "Gather",
          "Parent Relationship": "Outer",
          "Parallel Aware": false,
          "Startup Cost": 437814.32,
          "Total Cost": 437814.63,
          "Plan Rows": 3,
          "Plan Width": 8,
          "Actual Startup Time": 3274.956,
          "Actual Total Time": 3390.553,
          "Actual Rows": 4,
          "Actual Loops": 1,
          "Workers Planned": 3,
          "Workers Launched": 3,
          "Single Copy": false,
          "Plans": [
            {
              "Node Type": "Aggregate",
              "Strategy": "Plain",
              "Partial Mode": "Partial",
              "Parent Relationship": "Outer",
              "Parallel Aware": false,
              "Startup Cost": 436814.32,
              "Total Cost": 436814.33,
              "Plan Rows": 1,
              "Plan Width": 8,
              "Actual Startup Time": 3263.74,
              "Actual Total Time": 3268.946,
              "Actual Rows": 1,
              "Actual Loops": 4,
              "Plans": [
                {
                  "Node Type": "Hash Join",
                  "Parent Relationship": "Outer",
                  "Parallel Aware": true,
                  "Join Type": "Inner",
                  "Startup Cost": 402361.25,
                  "Total Cost": 434360.13,
                  "Plan Rows": 981678,
                  "Plan Width": 0,
                  "Actual Startup Time": 2498.223,
                  "Actual Total Time": 3123.182,
                  "Actual Rows": 3556824,
                  "Actual Loops": 4,
                  "Inner Unique": false,
                  "Hash Cond": "(mc.movie_id = t.id)",
                  "Plans": [
                    {
                      "Node Type": "Seq Scan",
                      "Parent Relationship": "Outer",
                      "Parallel Aware": true,
                      "Relation Name": "movie_companies",
                      "Alias": "mc",
                      "Startup Cost": 0.0,
                      "Total Cost": 27206.55,
                      "Plan Rows": 841655,
                      "Plan Width": 4,
                      "Actual Startup Time": 0.013,
                      "Actual Total Time": 60.243,
                      "Actual Rows": 652282,
                      "Actual Loops": 4
                    },
                    {
                      "Node Type": "Hash",
                      "Parent Relationship": "Inner",
                      "Parallel Aware": true,
                      "Startup Cost": 396217.36,
                      "Total Cost": 396217.36,
                      "Plan Rows": 491511,
                      "Plan Width": 8,
                      "Actual Startup Time": 2489.949,
                      "Actual Total Time": 2495.151,
                      "Actual Rows": 1143847,
                      "Actual Loops": 4,
                      "Hash Buckets": 8388608,
                      "Original Hash Buckets": 4194304,
                      "Hash Batches": 1,
                      "Original Hash Batches": 1,
                      "Peak Memory Usage": 277376,
                      "Plans": [
                        {
                          "Node Type": "Hash Join",
                          "Parent Relationship": "Outer",
                          "Parallel Aware": true,
                          "Join Type": "Inner",
                          "Startup Cost": 51572.51,
                          "Total Cost": 396217.36,
                          "Plan Rows": 491511,
                          "Plan Width": 8,
                          "Actual Startup Time": 1014.691,
                          "Actual Total Time": 1877.587,
                          "Actual Rows": 1143847,
                          "Actual Loops": 4,
                          "Inner Unique": true,
                          "Hash Cond": "(ci.movie_id = t.id)",
                          "Plans": [
                            {
                              "Node Type": "Seq Scan",
                              "Parent Relationship": "Outer",
                              "Parallel Aware": true,
                              "Relation Name": "cast_info",
                              "Alias": "ci",
                              "Startup Cost": 0.0,
                              "Total Cost": 343316.27,
                              "Plan Rows": 506125,
                              "Plan Width": 4,
                              "Actual Startup Time": 638.59,
                              "Actual Total Time": 922.777,
                              "Actual Rows": 1159502,
                              "Actual Loops": 4,
                              "Filter": "((person_id > 3219421) AND (role_id > 1))",
                              "Rows Removed by Filter": 7901584
                            },
                            {
                              "Node Type": "Hash",
                              "Parent Relationship": "Inner",
                              "Parallel Aware": true,
                              "Startup Cost": 43899.32,
                              "Total Cost": 43899.32,
                              "Plan Rows": 613855,
                              "Plan Width": 4,
                              "Actual Startup Time": 368.81,
                              "Actual Total Time": 368.812,
                              "Actual Rows": 614054,
                              "Actual Loops": 4,
                              "Hash Buckets": 4194304,
                              "Original Hash Buckets": 4194304,
                              "Hash Batches": 1,
                              "Original Hash Batches": 1,
                              "Peak Memory Usage": 128928,
                              "Plans": [
                                {
                                  "Node Type": "Seq Scan",
                                  "Parent Relationship": "Outer",
                                  "Parallel Aware": true,
                                  "Relation Name": "title",
                                  "Alias": "t",
                                  "Startup Cost": 0.0,
                                  "Total Cost": 43899.32,
                                  "Plan Rows": 613855,
                                  "Plan Width": 4,
                                  "Actual Startup Time": 0.063,
                                  "Actual Total Time": 118.113,
                                  "Actual Rows": 614054,
                                  "Actual Loops": 4,
                                  "Filter": "(production_year > 0)",
                                  "Rows Removed by Filter": 18024
                                }
                              ]
                            }
                          ]
                        }
                      ]
                    }
                  ]
                }
              ]
            }
          ]
        }
      ]
    },
    "Planning Time": 0.511,
    "Triggers": [],
    "Execution Time": 3390.622
  }
]