[
  {
    "Plan": {
      "Node Type": "Aggregate",
      "Strategy": "Plain",
      "Partial Mode": "Finalize",
      "Parallel Aware": false,
      "Startup Cost": 376277.78,
      "Total Cost": 376277.79,
      "Plan Rows": 1,
      "Plan Width": 8,
      "Actual Startup Time": 1575.731,
      "Actual Total Time": 1629.157,
      "Actual Rows": 1,
      "Actual Loops": 1,
      "Plans": [
        {
          "Node Type": "Gather",
          "Parent Relationship": "Outer",
          "Parallel Aware": false,
          "Startup Cost": 376277.16,
          "Total Cost": 376277.77,
          "Plan Rows": 6,
          "Plan Width": 8,
          "Actual Startup Time": 1574.477,
          "Actual Total Time": 1629.146,
          "Actual Rows": 7,
          "Actual Loops": 1,
          "Workers Planned": 6,
          "Workers Launched": 6,
          "Single Copy": false,
          "Plans": [
            {
              "Node Type": "Aggregate",
              "Strategy": "Plain",
              "Partial Mode": "Partial",
              "Parent Relationship": "Outer",
              "Parallel Aware": false,
              "Startup Cost": 375277.16,
              "Total Cost": 375277.17,
              "Plan Rows": 1,
              "Plan Width": 8,
              "Actual Startup Time": 1565.795,
              "Actual Total Time": 1565.837,
              "Actual Rows": 1,
              "Actual Loops": 7,
              "Plans": [
                {
                  "Node Type": "Hash Join",
                  "Parent Relationship": "Outer",
                  "Parallel Aware": true,
                  "Join Type": "Inner",
                  "Startup Cost": 45764.96,
                  "Total Cost": 374731.62,
                  "Plan Rows": 218215,
                  "Plan Width": 0,
                  "Actual Startup Time": 98.462,
                  "Actual Total Time": 1545.69,
                  "Actual Rows": 366376,
                  "Actual Loops": 7,
                  "Inner Unique": true,
                  "Hash Cond": "(ci.movie_id = t.id)",
                  "Plans": [
                    {
                      "Node Type": "Seq Scan",
                      "Parent Relationship": "Outer",
                      "Parallel Aware": true,
                      "Relation Name": "cast_info",
                      "Alias": "ci",
                      "Startup Cost": 0.0,
                      "Total Cost": 313106.51,
                      "Plan Rows": 6041951,
                      "Plan Width": 4,
                      "Actual Startup Time": 0.034,
                      "Actual Total Time": 570.232,
                      "Actual Rows": 5177763,
                      "Actual Loops": 7
                    },
                    {
                      "Node Type": "Hash",
                      "Parent Relationship": "Inner",
                      "Parallel Aware": true,
                      "Startup Cost": 45479.59,
                      "Total Cost": 45479.59,
                      "Plan Rows": 22830,
                      "Plan Width": 4,
                      "Actual Startup Time": 97.375,
                      "Actual Total Time": 97.376,
                      "Actual Rows": 32351,
                      "Actual Loops": 7,
                      "Hash Buckets": 262144,
                      "Original Hash Buckets": 131072,
                      "Hash Batches": 1,
                      "Original Hash Batches": 1,
                      "Peak Memory Usage": 12032,
                      "Plans": [
                        {
                          "Node Type": "Seq Scan",
                          "Parent Relationship": "Outer",
                          "Parallel Aware": true,
                          "Relation Name": "title",
                          "Alias": "t",
                          "Startup Cost": 0.0,
                          "Total Cost": 45479.59,
                          "Plan Rows": 22830,
                          "Plan Width": 4,
                          "Actual Startup Time": 46.858,
                          "Actual Total Time": 78.089,
                          "Actual Rows": 32351,
                          "Actual Loops": 7,
                          "Filter": "((kind_id < 2) AND (production_year < 1970))",
                          "Rows Removed by Filter": 328837
                        }
                      ]
                    }
                  ]
                }
              ]
            }
          ]
        }
      ]
    },
    "Planning Time": 0.197,
    "Triggers": [],
    "Execution Time": 1629.202
  }
]