[
  {
    "Plan": {
      "Node Type": "Aggregate",
      "Strategy": "Plain",
      "Partial Mode": "Finalize",
      "Parallel Aware": false,
      "Startup Cost": 40573.03,
      "Total Cost": 40573.04,
      "Plan Rows": 1,
      "Plan Width": 8,
      "Actual Startup Time": 56.639,
      "Actual Total Time": 62.369,
      "Actual Rows": 1,
      "Actual Loops": 1,
      "Plans": [
        {
          "Node Type": "Gather",
          "Parent Relationship": "Outer",
          "Parallel Aware": false,
          "Startup Cost": 40572.82,
          "Total Cost": 40573.03,
          "Plan Rows": 2,
          "Plan Width": 8,
          "Actual Startup Time": 56.045,
          "Actual Total Time": 62.363,
          "Actual Rows": 3,
          "Actual Loops": 1,
          "Workers Planned": 2,
          "Workers Launched": 2,
          "Single Copy": false,
          "Plans": [
            {
              "Node Type": "Aggregate",
              "Strategy": "Plain",
              "Partial Mode": "Partial",
              "Parent Relationship": "Outer",
              "Parallel Aware": false,
              "Startup Cost": 39572.82,
              "Total Cost": 39572.83,
              "Plan Rows": 1,
              "Plan Width": 8,
              "Actual Startup Time": 47.143,
              "Actual Total Time": 47.146,
              "Actual Rows": 1,
              "Actual Loops": 3,
              "Plans": [
                {
                  "Node Type": "Nested Loop",
                  "Parent Relationship": "Outer",
                  "Parallel Aware": false,
                  "Join Type": "Inner",
                  "Startup Cost": 21850.74,
                  "Total Cost": 39572.51,
                  "Plan Rows": 123,
                  "Plan Width": 0,
                  "Actual Startup Time": 39.788,
                  "Actual Total Time": 47.114,
                  "Actual Rows": 261,
                  "Actual Loops": 3,
                  "Inner Unique": true,
                  "Plans": [
                    {
                      "Node Type": "Hash Join",
                      "Parent Relationship": "Outer",
                      "Parallel Aware": true,
                      "Join Type": "Inner",
                      "Startup Cost": 21850.31,
                      "Total Cost": 38098.36,
                      "Plan Rows": 642,
                      "Plan Width": 8,
                      "Actual Startup Time": 39.703,
                      "Actual Total Time": 44.304,
                      "Actual Rows": 261,
                      "Actual Loops": 3,
                      "Inner Unique": false,
                      "Hash Cond": "(mk.movie_id = mc.movie_id)",
                      "Plans": [
                        {
                          "Node Type": "Bitmap Heap Scan",
                          "Parent Relationship": "Outer",
                          "Parallel Aware": true,
                          "Relation Name": "movie_keyword",
                          "Alias": "mk",
                          "Startup Cost": 164.04,
                          "Total Cost": 16394.0,
                          "Plan Rows": 3205,
                          "Plan Width": 4,
                          "Actual Startup Time": 2.777,
                          "Actual Total Time": 10.246,
                          "Actual Rows": 2187,
                          "Actual Loops": 3,
                          "Recheck Cond": "(keyword_id = 12015)",
                          "Rows Removed by Index Recheck": 0,
                          "Exact Heap Blocks": 3274,
                          "Lossy Heap Blocks": 0,
                          "Plans": [
                            {
                              "Node Type": "Bitmap Index Scan",
                              "Parent Relationship": "Outer",
                              "Parallel Aware": false,
                              "Index Name": "keyword_id_movie_keyword",
                              "Startup Cost": 0.0,
                              "Total Cost": 162.12,
                              "Plan Rows": 7691,
                              "Plan Width": 0,
                              "Actual Startup Time": 2.026,
                              "Actual Total Time": 2.027,
                              "Actual Rows": 6560,
                              "Actual Loops": 1,
                              "Index Cond": "(keyword_id = 12015)"
                            }
                          ]
                        },
                        {
                          "Node Type": "Hash",
                          "Parent Relationship": "Inner",
                          "Parallel Aware": true,
                          "Startup Cost": 21293.66,
                          "Total Cost": 21293.66,
                          "Plan Rows": 31409,
                          "Plan Width": 4,
                          "Actual Startup Time": 32.057,
                          "Actual Total Time": 32.057,
                          "Actual Rows": 30740,
                          "Actual Loops": 3,
                          "Hash Buckets": 131072,
                          "Original Hash Buckets": 131072,
                          "Hash Batches": 1,
                          "Original Hash Batches": 1,
                          "Peak Memory Usage": 4672,
                          "Plans": [
                            {
                              "Node Type": "Bitmap Heap Scan",
                              "Parent Relationship": "Outer",
                              "Parallel Aware": true,
                              "Relation Name": "movie_companies",
                              "Alias": "mc",
                              "Startup Cost": 2111.04,
                              "Total Cost": 21293.66,
                              "Plan Rows": 31409,
                              "Plan Width": 4,
                              "Actual Startup Time": 3.072,
                              "Actual Total Time": 21.242,
                              "Actual Rows": 30740,
                              "Actual Loops": 3,
                              "Recheck Cond": "(company_id > 162297)",
                              "Rows Removed by Index Recheck": 0,
                              "Exact Heap Blocks": 1810,
                              "Lossy Heap Blocks": 0,
                              "Plans": [
                                {
                                  "Node Type": "Bitmap Index Scan",
                                  "Parent Relationship": "Outer",
                                  "Parallel Aware": false,
                                  "Index Name": "company_id_movie_companies",
                                  "Startup Cost": 0.0,
                                  "Total Cost": 2086.7,
                                  "Plan Rows": 97369,
                                  "Plan Width": 0,
                                  "Actual Startup Time": 8.114,
                                  "Actual Total Time": 8.114,
                                  "Actual Rows": 92221,
                                  "Actual Loops": 1,
                                  "Index Cond": "(company_id > 162297)"
                                }
                              ]
                            }
                          ]
                        }
                      ]
                    },
                    {
                      "Node Type": "Index Only Scan",
                      "Parent Relationship": "Inner",
                      "Parallel Aware": false,
                      "Scan Direction": "Forward",
                      "Index Name": "title_pkey",
                      "Relation Name": "title",
                      "Alias": "t",
                      "Startup Cost": 0.43,
                      "Total Cost": 2.3,
                      "Plan Rows": 1,
                      "Plan Width": 4,
                      "Actual Startup Time": 0.01,
                      "Actual Total Time": 0.01,
                      "Actual Rows": 1,
                      "Actual Loops": 782,
                      "Index Cond": "(id = mc.movie_id)",
                      "Rows Removed by Index Recheck": 0,
                      "Heap Fetches": 782
                    }
                  ]
                }
              ]
            }
          ]
        }
      ]
    },
    "Planning Time": 0.693,
    "Triggers": [],
    "Execution Time": 62.43
  }
]