[
  {
    "Plan": {
      "Node Type": "Aggregate",
      "Strategy": "Plain",
      "Partial Mode": "Finalize",
      "Parallel Aware": false,
      "Startup Cost": 46319.01,
      "Total Cost": 46319.02,
      "Plan Rows": 1,
      "Plan Width": 8,
      "Actual Startup Time": 159.903,
      "Actual Total Time": 169.62,
      "Actual Rows": 1,
      "Actual Loops": 1,
      "Plans": [
        {
          "Node Type": "Gather",
          "Parent Relationship": "Outer",
          "Parallel Aware": false,
          "Startup Cost": 46318.69,
          "Total Cost": 46319.0,
          "Plan Rows": 3,
          "Plan Width": 8,
          "Actual Startup Time": 159.766,
          "Actual Total Time": 169.611,
          "Actual Rows": 4,
          "Actual Loops": 1,
          "Workers Planned": 3,
          "Workers Launched": 3,
          "Single Copy": false,
          "Plans": [
            {
              "Node Type": "Aggregate",
              "Strategy": "Plain",
              "Partial Mode": "Partial",
              "Parent Relationship": "Outer",
              "Parallel Aware": false,
              "Startup Cost": 45318.69,
              "Total Cost": 45318.7,
              "Plan Rows": 1,
              "Plan Width": 8,
              "Actual Startup Time": 153.866,
              "Actual Total Time": 153.867,
              "Actual Rows": 1,
              "Actual Loops": 4,
              "Plans": [
                {
                  "Node Type": "Seq Scan",
                  "Parent Relationship": "Outer",
                  "Parallel Aware": true,
                  "Relation Name": "movie_keyword",
                  "Alias": "mk",
                  "Startup Cost": 0.0,
                  "Total Cost": 42695.65,
                  "Plan Rows": 1049216,
                  "Plan Width": 0,
                  "Actual Startup Time": 0.193,
                  "Actual Total Time": 119.077,
                  "Actual Rows": 811680,
                  "Actual Loops": 4,
                  "Filter": "(keyword_id > 1640)",
                  "Rows Removed by Filter": 319303
                }
              ]
            }
          ]
        }
      ]
    },
    "Planning Time": 0.15,
    "Triggers": [],
    "Execution Time": 169.665
  }
]