[
  {
    "Plan": {
      "Node Type": "Aggregate",
      "Strategy": "Plain",
      "Partial Mode": "Finalize",
      "Parallel Aware": false,
      "Startup Cost": 47383.09,
      "Total Cost": 47383.1,
      "Plan Rows": 1,
      "Plan Width": 8,
      "Actual Startup Time": 109.149,
      "Actual Total Time": 120.623,
      "Actual Rows": 1,
      "Actual Loops": 1,
      "Plans": [
        {
          "Node Type": "Gather",
          "Parent Relationship": "Outer",
          "Parallel Aware": false,
          "Startup Cost": 47382.67,
          "Total Cost": 47383.08,
          "Plan Rows": 4,
          "Plan Width": 8,
          "Actual Startup Time": 108.84,
          "Actual Total Time": 120.615,
          "Actual Rows": 5,
          "Actual Loops": 1,
          "Workers Planned": 4,
          "Workers Launched": 4,
          "Single Copy": false,
          "Plans": [
            {
              "Node Type": "Aggregate",
              "Strategy": "Plain",
              "Partial Mode": "Partial",
              "Parent Relationship": "Outer",
              "Parallel Aware": false,
              "Startup Cost": 46382.67,
              "Total Cost": 46382.68,
              "Plan Rows": 1,
              "Plan Width": 8,
              "Actual Startup Time": 101.672,
              "Actual Total Time": 101.673,
              "Actual Rows": 1,
              "Actual Loops": 5,
              "Plans": [
                {
                  "Node Type": "Seq Scan",
                  "Parent Relationship": "Outer",
                  "Parallel Aware": true,
                  "Relation Name": "title",
                  "Alias": "t",
                  "Startup Cost": 0.0,
                  "Total Cost": 45479.1,
                  "Plan Rows": 361430,
                  "Plan Width": 0,
                  "Actual Startup Time": 0.033,
                  "Actual Total Time": 86.861,
                  "Actual Rows": 295688,
                  "Actual Loops": 5,
                  "Filter": "((production_year > 1918) AND (kind_id = 7))",
                  "Rows Removed by Filter": 209975
                }
              ]
            }
          ]
        }
      ]
    },
    "Planning Time": 0.185,
    "Triggers": [],
    "Execution Time": 120.68
  }
]