[
  {
    "Plan": {
      "Node Type": "Aggregate",
      "Strategy": "Plain",
      "Partial Mode": "Finalize",
      "Parallel Aware": false,
      "Startup Cost": 52310.12,
      "Total Cost": 52310.13,
      "Plan Rows": 1,
      "Plan Width": 8,
      "Actual Startup Time": 93.245,
      "Actual Total Time": 105.393,
      "Actual Rows": 1,
      "Actual Loops": 1,
      "Plans": [
        {
          "Node Type": "Gather",
          "Parent Relationship": "Outer",
          "Parallel Aware": false,
          "Startup Cost": 52309.7,
          "Total Cost": 52310.11,
          "Plan Rows": 4,
          "Plan Width": 8,
          "Actual Startup Time": 93.06,
          "Actual Total Time": 105.381,
          "Actual Rows": 5,
          "Actual Loops": 1,
          "Workers Planned": 4,
          "Workers Launched": 4,
          "Single Copy": false,
          "Plans": [
            {
              "Node Type": "Aggregate",
              "Strategy": "Plain",
              "Partial Mode": "Partial",
              "Parent Relationship": "Outer",
              "Parallel Aware": false,
              "Startup Cost": 51309.7,
              "Total Cost": 51309.71,
              "Plan Rows": 1,
              "Plan Width": 8,
              "Actual Startup Time": 86.009,
              "Actual Total Time": 86.01,
              "Actual Rows": 1,
              "Actual Loops": 5,
              "Plans": [
                {
                  "Node Type": "Nested Loop",
                  "Parent Relationship": "Outer",
                  "Parallel Aware": false,
                  "Join Type": "Inner",
                  "Startup Cost": 0.43,
                  "Total Cost": 51308.56,
                  "Plan Rows": 456,
                  "Plan Width": 0,
                  "Actual Startup Time": 53.717,
                  "Actual Total Time": 85.921,
                  "Actual Rows": 1078,
                  "Actual Loops": 5,
                  "Inner Unique": false,
                  "Plans": [
                    {
                      "Node Type": "Seq Scan",
                      "Parent Relationship": "Outer",
                      "Parallel Aware": true,
                      "Relation Name": "title",
                      "Alias": "t",
                      "Startup Cost": 0.0,
                      "Total Cost": 45479.59,
                      "Plan Rows": 836,
                      "Plan Width": 4,
                      "Actual Startup Time": 53.466,
                      "Actual Total Time": 78.93,
                      "Actual Rows": 834,
                      "Actual Loops": 5,
                      "Filter": "((kind_id = 1) AND (production_year = 1974))",
                      "Rows Removed by Filter": 504829
                    },
                    {
                      "Node Type": "Index Only Scan",
                      "Parent Relationship": "Inner",
                      "Parallel Aware": false,
                      "Scan Direction": "Forward",
                      "Index Name": "movie_id_movie_info_idx",
                      "Relation Name": "movie_info_idx",
                      "Alias": "mi_idx",
                      "Startup Cost": 0.43,
                      "Total Cost": 6.94,
                      "Plan Rows": 3,
                      "Plan Width": 4,
                      "Actual Startup Time": 0.008,
                      "Actual Total Time": 0.008,
                      "Actual Rows": 1,
                      "Actual Loops": 4169,
                      "Index Cond": "(movie_id = t.id)",
                      "Rows Removed by Index Recheck": 0,
                      "Heap Fetches": 5390
                    }
                  ]
                }
              ]
            }
          ]
        }
      ]
    },
    "Planning Time": 0.389,
    "Triggers": [],
    "Execution Time": 105.442
  }
]