[
  {
    "Plan": {
      "Node Type": "Aggregate",
      "Strategy": "Plain",
      "Partial Mode": "Finalize",
      "Parallel Aware": false,
      "Startup Cost": 53073.86,
      "Total Cost": 53073.87,
      "Plan Rows": 1,
      "Plan Width": 8,
      "Actual Startup Time": 98.625,
      "Actual Total Time": 111.693,
      "Actual Rows": 1,
      "Actual Loops": 1,
      "Plans": [
        {
          "Node Type": "Gather",
          "Parent Relationship": "Outer",
          "Parallel Aware": false,
          "Startup Cost": 53073.44,
          "Total Cost": 53073.85,
          "Plan Rows": 4,
          "Plan Width": 8,
          "Actual Startup Time": 98.528,
          "Actual Total Time": 111.686,
          "Actual Rows": 5,
          "Actual Loops": 1,
          "Workers Planned": 4,
          "Workers Launched": 4,
          "Single Copy": false,
          "Plans": [
            {
              "Node Type": "Aggregate",
              "Strategy": "Plain",
              "Partial Mode": "Partial",
              "Parent Relationship": "Outer",
              "Parallel Aware": false,
              "Startup Cost": 52073.44,
              "Total Cost": 52073.45,
              "Plan Rows": 1,
              "Plan Width": 8,
              "Actual Startup Time": 88.796,
              "Actual Total Time": 88.797,
              "Actual Rows": 1,
              "Actual Loops": 5,
              "Plans": [
                {
                  "Node Type": "Nested Loop",
                  "Parent Relationship": "Outer",
                  "Parallel Aware": false,
                  "Join Type": "Inner",
                  "Startup Cost": 0.43,
                  "Total Cost": 52072.11,
                  "Plan Rows": 531,
                  "Plan Width": 0,
                  "Actual Startup Time": 57.688,
                  "Actual Total Time": 88.706,
                  "Actual Rows": 1078,
                  "Actual Loops": 5,
                  "Inner Unique": false,
                  "Plans": [
                    {
                      "Node Type": "Seq Scan",
                      "Parent Relationship": "Outer",
                      "Parallel Aware": true,
                      "Relation Name": "title",
                      "Alias": "t",
                      "Startup Cost": 0.0,
                      "Total Cost": 45479.1,
                      "Plan Rows": 973,
                      "Plan Width": 4,
                      "Actual Startup Time": 57.44,
                      "Actual Total Time": 82.159,
                      "Actual Rows": 834,
                      "Actual Loops": 5,
                      "Filter": "((kind_id = 1) AND (production_year = 1974))",
                      "Rows Removed by Filter": 504829
                    },
                    {
                      "Node Type": "Index Only Scan",
                      "Parent Relationship": "Inner",
                      "Parallel Aware": false,
                      "Scan Direction": "Forward",
                      "Index Name": "movie_id_movie_info_idx",
                      "Relation Name": "movie_info_idx",
                      "Alias": "mi_idx",
                      "Startup Cost": 0.43,
                      "Total Cost": 6.75,
                      "Plan Rows": 3,
                      "Plan Width": 4,
                      "Actual Startup Time": 0.007,
                      "Actual Total Time": 0.007,
                      "Actual Rows": 1,
                      "Actual Loops": 4169,
                      "Index Cond": "(movie_id = t.id)",
                      "Rows Removed by Index Recheck": 0,
                      "Heap Fetches": 5390
                    }
                  ]
                }
              ]
            }
          ]
        }
      ]
    },
    "Planning Time": 0.554,
    "Triggers": [],
    "Execution Time": 111.768
  }
]