{
  "Plan": {
    "Node Type": "Aggregate",
    "Strategy": "Plain",
    "Partial Mode": "Simple",
    "Parallel Aware": false,
    "Startup Cost": 464043.18,
    "Total Cost": 464043.19,
    "Plan Rows": 1,
    "Plan Width": 96,
    "Actual Startup Time": 1589.256,
    "Actual Total Time": 1640.654,
    "Actual Rows": 1,
    "Actual Loops": 1,
    "Plans": [
      {
        "Node Type": "Gather",
        "Parent Relationship": "Outer",
        "Parallel Aware": false,
        "Startup Cost": 170547.1,
        "Total Cost": 464043.17,
        "Plan Rows": 1,
        "Plan Width": 48,
        "Actual Startup Time": 1588.742,
        "Actual Total Time": 1640.603,
        "Actual Rows": 247,
        "Actual Loops": 1,
        "Workers Planned": 1,
        "Workers Launched": 1,
        "Single Copy": false,
        "Plans": [
          {
            "Node Type": "Hash Join",
            "Parent Relationship": "Outer",
            "Parallel Aware": false,
            "Join Type": "Inner",
            "Startup Cost": 169547.1,
            "Total Cost": 463043.07,
            "Plan Rows": 1,
            "Plan Width": 48,
            "Actual Startup Time": 1489.878,
            "Actual Total Time": 1580.442,
            "Actual Rows": 124,
            "Actual Loops": 2,
            "Inner Unique": true,
            "Hash Cond": "(mc.company_type_id = ct.id)",
            "Plans": [
              {
                "Node Type": "Hash Join",
                "Parent Relationship": "Outer",
                "Parallel Aware": false,
                "Join Type": "Inner",
                "Startup Cost": 169546.03,
                "Total Cost": 463042.0,
                "Plan Rows": 1,
                "Plan Width": 52,
                "Actual Startup Time": 1489.299,
                "Actual Total Time": 1579.842,
                "Actual Rows": 124,
                "Actual Loops": 2,
                "Inner Unique": true,
                "Hash Cond": "(cc.status_id = cct2.id)",
                "Plans": [
                  {
                    "Node Type": "Hash Join",
                    "Parent Relationship": "Outer",
                    "Parallel Aware": false,
                    "Join Type": "Inner",
                    "Startup Cost": 169544.97,
                    "Total Cost": 463040.94,
                    "Plan Rows": 1,
                    "Plan Width": 56,
                    "Actual Startup Time": 1489.225,
                    "Actual Total Time": 1579.745,
                    "Actual Rows": 209,
                    "Actual Loops": 2,
                    "Inner Unique": true,
                    "Hash Cond": "(cc.subject_id = cct1.id)",
                    "Plans": [
                      {
                        "Node Type": "Hash Join",
                        "Parent Relationship": "Outer",
                        "Parallel Aware": false,
                        "Join Type": "Inner",
                        "Startup Cost": 169543.9,
                        "Total Cost": 463039.86,
                        "Plan Rows": 1,
                        "Plan Width": 60,
                        "Actual Startup Time": 1489.171,
                        "Actual Total Time": 1579.662,
                        "Actual Rows": 209,
                        "Actual Loops": 2,
                        "Inner Unique": false,
                        "Hash Cond": "(ml.movie_id = cc.movie_id)",
                        "Plans": [
                          {
                            "Node Type": "Hash Join",
                            "Parent Relationship": "Outer",
                            "Parallel Aware": true,
                            "Join Type": "Inner",
                            "Startup Cost": 165773.46,
                            "Total Cost": 459269.4,
                            "Plan Rows": 1,
                            "Plan Width": 72,
                            "Actual Startup Time": 1435.931,
                            "Actual Total Time": 1526.401,
                            "Actual Rows": 238,
                            "Actual Loops": 2,
                            "Inner Unique": false,
                            "Hash Cond": "(mi.movie_id = ml.movie_id)",
                            "Plans": [
                              {
                                "Node Type": "Seq Scan",
                                "Parent Relationship": "Outer",
                                "Parallel Aware": true,
                                "Relation Name": "movie_info",
                                "Alias": "mi",
                                "Startup Cost": 0.0,
                                "Total Cost": 293185.7,
                                "Plan Rows": 82728,
                                "Plan Width": 4,
                                "Actual Startup Time": 0.382,
                                "Actual Total Time": 931.257,
                                "Actual Rows": 67120,
                                "Actual Loops": 2,
                                "Filter": "(info = ANY ('{Sweden,Germany,Swedish,German}'::text[]))",
                                "Rows Removed by Filter": 7350740
                              },
                              {
                                "Node Type": "Hash",
                                "Parent Relationship": "Inner",
                                "Parallel Aware": true,
                                "Startup Cost": 165773.45,
                                "Total Cost": 165773.45,
                                "Plan Rows": 1,
                                "Plan Width": 68,
                                "Actual Startup Time": 590.535,
                                "Actual Total Time": 590.555,
                                "Actual Rows": 86,
                                "Actual Loops": 2,
                                "Hash Buckets": 1024,
                                "Original Hash Buckets": 1024,
                                "Hash Batches": 1,
                                "Original Hash Batches": 1,
                                "Peak Memory Usage": 72,
                                "Plans": [
                                  {
                                    "Node Type": "Hash Join",
                                    "Parent Relationship": "Outer",
                                    "Parallel Aware": false,
                                    "Join Type": "Inner",
                                    "Startup Cost": 104728.28,
                                    "Total Cost": 165773.45,
                                    "Plan Rows": 1,
                                    "Plan Width": 68,
                                    "Actual Startup Time": 303.832,
                                    "Actual Total Time": 590.495,
                                    "Actual Rows": 86,
                                    "Actual Loops": 2,
                                    "Inner Unique": true,
                                    "Hash Cond": "(mk.keyword_id = k.id)",
                                    "Plans": [
                                      {
                                        "Node Type": "Hash Join",
                                        "Parent Relationship": "Outer",
                                        "Parallel Aware": true,
                                        "Join Type": "Inner",
                                        "Startup Cost": 102102.14,
                                        "Total Cost": 163147.3,
                                        "Plan Rows": 4,
                                        "Plan Width": 72,
                                        "Actual Startup Time": 290.119,
                                        "Actual Total Time": 578.758,
                                        "Actual Rows": 1531,
                                        "Actual Loops": 2,
                                        "Inner Unique": false,
                                        "Hash Cond": "(mk.movie_id = ml.movie_id)",
                                        "Plans": [
                                          {
                                            "Node Type": "Seq Scan",
                                            "Parent Relationship": "Outer",
                                            "Parallel Aware": true,
                                            "Relation Name": "movie_keyword",
                                            "Alias": "mk",
                                            "Startup Cost": 0.0,
                                            "Total Cost": 51065.35,
                                            "Plan Rows": 2661135,
                                            "Plan Width": 8,
                                            "Actual Startup Time": 0.013,
                                            "Actual Total Time": 155.74,
                                            "Actual Rows": 2261965,
                                            "Actual Loops": 2
                                          },
                                          {
                                            "Node Type": "Hash",
                                            "Parent Relationship": "Inner",
                                            "Parallel Aware": true,
                                            "Startup Cost": 102102.12,
                                            "Total Cost": 102102.12,
                                            "Plan Rows": 2,
                                            "Plan Width": 64,
                                            "Actual Startup Time": 287.506,
                                            "Actual Total Time": 287.521,
                                            "Actual Rows": 136,
                                            "Actual Loops": 2,
                                            "Hash Buckets": 1024,
                                            "Original Hash Buckets": 1024,
                                            "Hash Batches": 1,
                                            "Original Hash Batches": 1,
                                            "Peak Memory Usage": 72,
                                            "Plans": [
                                              {
                                                "Node Type": "Hash Join",
                                                "Parent Relationship": "Outer",
                                                "Parallel Aware": true,
                                                "Join Type": "Inner",
                                                "Startup Cost": 96444.55,
                                                "Total Cost": 102102.12,
                                                "Plan Rows": 2,
                                                "Plan Width": 64,
                                                "Actual Startup Time": 263.166,
                                                "Actual Total Time": 287.445,
                                                "Actual Rows": 136,
                                                "Actual Loops": 2,
                                                "Inner Unique": false,
                                                "Hash Cond": "(cn.id = mc.company_id)",
                                                "Plans": [
                                                  {
                                                    "Node Type": "Seq Scan",
                                                    "Parent Relationship": "Outer",
                                                    "Parallel Aware": true,
                                                    "Relation Name": "company_name",
                                                    "Alias": "cn",
                                                    "Startup Cost": 0.0,
                                                    "Total Cost": 5414.09,
                                                    "Plan Rows": 32463,
                                                    "Plan Width": 23,
                                                    "Actual Startup Time": 0.023,
                                                    "Actual Total Time": 23.662,
                                                    "Actual Rows": 24151,
                                                    "Actual Loops": 2,
                                                    "Filter": "(((country_code)::text <> '[pl]'::text) AND ((name ~~ '%Film%'::text) OR (name ~~ '%Warner%'::text)))",
                                                    "Rows Removed by Filter": 93348
                                                  },
                                                  {
                                                    "Node Type": "Hash",
                                                    "Parent Relationship": "Inner",
                                                    "Parallel Aware": true,
                                                    "Startup Cost": 96444.44,
                                                    "Total Cost": 96444.44,
                                                    "Plan Rows": 9,
                                                    "Plan Width": 49,
                                                    "Actual Startup Time": 262.035,
                                                    "Actual Total Time": 262.045,
                                                    "Actual Rows": 288,
                                                    "Actual Loops": 2,
                                                    "Hash Buckets": 1024,
                                                    "Original Hash Buckets": 1024,
                                                    "Hash Batches": 1,
                                                    "Original Hash Batches": 1,
                                                    "Peak Memory Usage": 72,
                                                    "Plans": [
                                                      {
                                                        "Node Type": "Hash Join",
                                                        "Parent Relationship": "Outer",
                                                        "Parallel Aware": true,
                                                        "Join Type": "Inner",
                                                        "Startup Cost": 58571.47,
                                                        "Total Cost": 96444.44,
                                                        "Plan Rows": 9,
                                                        "Plan Width": 49,
                                                        "Actual Startup Time": 125.441,
                                                        "Actual Total Time": 261.886,
                                                        "Actual Rows": 288,
                                                        "Actual Loops": 2,
                                                        "Inner Unique": false,
                                                        "Hash Cond": "(mc.movie_id = ml.movie_id)",
                                                        "Plans": [
                                                          {
                                                            "Node Type": "Seq Scan",
                                                            "Parent Relationship": "Outer",
                                                            "Parallel Aware": true,
                                                            "Relation Name": "movie_companies",
                                                            "Alias": "mc",
                                                            "Startup Cost": 0.0,
                                                            "Total Cost": 34137.82,
                                                            "Plan Rows": 746978,
                                                            "Plan Width": 12,
                                                            "Actual Startup Time": 0.031,
                                                            "Actual Total Time": 105.51,
                                                            "Actual Rows": 635994,
                                                            "Actual Loops": 2,
                                                            "Filter": "(note IS NULL)",
                                                            "Rows Removed by Filter": 668570
                                                          },
                                                          {
                                                            "Node Type": "Hash",
                                                            "Parent Relationship": "Inner",
                                                            "Parallel Aware": true,
                                                            "Startup Cost": 58571.24,
                                                            "Total Cost": 58571.24,
                                                            "Plan Rows": 18,
                                                            "Plan Width": 37,
                                                            "Actual Startup Time": 124.549,
                                                            "Actual Total Time": 124.556,
                                                            "Actual Rows": 70,
                                                            "Actual Loops": 2,
                                                            "Hash Buckets": 1024,
                                                            "Original Hash Buckets": 1024,
                                                            "Hash Batches": 1,
                                                            "Original Hash Batches": 1,
                                                            "Peak Memory Usage": 40,
                                                            "Plans": [
                                                              {
                                                                "Node Type": "Hash Join",
                                                                "Parent Relationship": "Outer",
                                                                "Parallel Aware": false,
                                                                "Join Type": "Inner",
                                                                "Startup Cost": 582.31,
                                                                "Total Cost": 58571.24,
                                                                "Plan Rows": 18,
                                                                "Plan Width": 37,
                                                                "Actual Startup Time": 60.86,
                                                                "Actual Total Time": 124.49,
                                                                "Actual Rows": 70,
                                                                "Actual Loops": 2,
                                                                "Inner Unique": false,
                                                                "Hash Cond": "(t.id = ml.movie_id)",
                                                                "Plans": [
                                                                  {
                                                                    "Node Type": "Seq Scan",
                                                                    "Parent Relationship": "Outer",
                                                                    "Parallel Aware": true,
                                                                    "Relation Name": "title",
                                                                    "Alias": "t",
                                                                    "Startup Cost": 0.0,
                                                                    "Total Cost": 54589.98,
                                                                    "Plan Rows": 26921,
                                                                    "Plan Width": 21,
                                                                    "Actual Startup Time": 0.022,
                                                                    "Actual Total Time": 116.905,
                                                                    "Actual Rows": 23292,
                                                                    "Actual Loops": 2,
                                                                    "Filter": "(production_year = 1998)",
                                                                    "Rows Removed by Filter": 1240864
                                                                  },
                                                                  {
                                                                    "Node Type": "Hash",
                                                                    "Parent Relationship": "Inner",
                                                                    "Parallel Aware": false,
                                                                    "Startup Cost": 561.48,
                                                                    "Total Cost": 561.48,
                                                                    "Plan Rows": 1666,
                                                                    "Plan Width": 16,
                                                                    "Actual Startup Time": 4.787,
                                                                    "Actual Total Time": 4.791,
                                                                    "Actual Rows": 2315,
                                                                    "Actual Loops": 2,
                                                                    "Hash Buckets": 4096,
                                                                    "Original Hash Buckets": 2048,
                                                                    "Hash Batches": 1,
                                                                    "Original Hash Batches": 1,
                                                                    "Peak Memory Usage": 136,
                                                                    "Plans": [
                                                                      {
                                                                        "Node Type": "Hash Join",
                                                                        "Parent Relationship": "Outer",
                                                                        "Parallel Aware": false,
                                                                        "Join Type": "Inner",
                                                                        "Startup Cost": 1.24,
                                                                        "Total Cost": 561.48,
                                                                        "Plan Rows": 1666,
                                                                        "Plan Width": 16,
                                                                        "Actual Startup Time": 0.063,
                                                                        "Actual Total Time": 4.402,
                                                                        "Actual Rows": 2315,
                                                                        "Actual Loops": 2,
                                                                        "Inner Unique": true,
                                                                        "Hash Cond": "(ml.link_type_id = lt.id)",
                                                                        "Plans": [
                                                                          {
                                                                            "Node Type": "Seq Scan",
                                                                            "Parent Relationship": "Outer",
                                                                            "Parallel Aware": false,
                                                                            "Relation Name": "movie_link",
                                                                            "Alias": "ml",
                                                                            "Startup Cost": 0.0,
                                                                            "Total Cost": 462.97,
                                                                            "Plan Rows": 29997,
                                                                            "Plan Width": 8,
                                                                            "Actual Startup Time": 0.021,
                                                                            "Actual Total Time": 2.325,
                                                                            "Actual Rows": 29997,
                                                                            "Actual Loops": 2
                                                                          },
                                                                          {
                                                                            "Node Type": "Hash",
                                                                            "Parent Relationship": "Inner",
                                                                            "Parallel Aware": false,
                                                                            "Startup Cost": 1.23,
                                                                            "Total Cost": 1.23,
                                                                            "Plan Rows": 1,
                                                                            "Plan Width": 16,
                                                                            "Actual Startup Time": 0.022,
                                                                            "Actual Total Time": 0.023,
                                                                            "Actual Rows": 2,
                                                                            "Actual Loops": 2,
                                                                            "Hash Buckets": 1024,
                                                                            "Original Hash Buckets": 1024,
                                                                            "Hash Batches": 1,
                                                                            "Original Hash Batches": 1,
                                                                            "Peak Memory Usage": 9,
                                                                            "Plans": [
                                                                              {
                                                                                "Node Type": "Seq Scan",
                                                                                "Parent Relationship": "Outer",
                                                                                "Parallel Aware": false,
                                                                                "Relation Name": "link_type",
                                                                                "Alias": "lt",
                                                                                "Startup Cost": 0.0,
                                                                                "Total Cost": 1.23,
                                                                                "Plan Rows": 1,
                                                                                "Plan Width": 16,
                                                                                "Actual Startup Time": 0.014,
                                                                                "Actual Total Time": 0.017,
                                                                                "Actual Rows": 2,
                                                                                "Actual Loops": 2,
                                                                                "Filter": "((link)::text ~~ '%follow%'::text)",
                                                                                "Rows Removed by Filter": 16
                                                                              }
                                                                            ]
                                                                          }
                                                                        ]
                                                                      }
                                                                    ]
                                                                  }
                                                                ]
                                                              }
                                                            ]
                                                          }
                                                        ]
                                                      }
                                                    ]
                                                  }
                                                ]
                                              }
                                            ]
                                          }
                                        ]
                                      },
                                      {
                                        "Node Type": "Hash",
                                        "Parent Relationship": "Inner",
                                        "Parallel Aware": false,
                                        "Startup Cost": 2626.12,
                                        "Total Cost": 2626.12,
                                        "Plan Rows": 1,
                                        "Plan Width": 4,
                                        "Actual Startup Time": 11.627,
                                        "Actual Total Time": 11.628,
                                        "Actual Rows": 1,
                                        "Actual Loops": 2,
                                        "Hash Buckets": 1024,
                                        "Original Hash Buckets": 1024,
                                        "Hash Batches": 1,
                                        "Original Hash Batches": 1,
                                        "Peak Memory Usage": 9,
                                        "Plans": [
                                          {
                                            "Node Type": "Seq Scan",
                                            "Parent Relationship": "Outer",
                                            "Parallel Aware": false,
                                            "Relation Name": "keyword",
                                            "Alias": "k",
                                            "Startup Cost": 0.0,
                                            "Total Cost": 2626.12,
                                            "Plan Rows": 1,
                                            "Plan Width": 4,
                                            "Actual Startup Time": 0.674,
                                            "Actual Total Time": 11.623,
                                            "Actual Rows": 1,
                                            "Actual Loops": 2,
                                            "Filter": "(keyword = 'sequel'::text)",
                                            "Rows Removed by Filter": 134169
                                          }
                                        ]
                                      }
                                    ]
                                  }
                                ]
                              }
                            ]
                          },
                          {
                            "Node Type": "Hash",
                            "Parent Relationship": "Inner",
                            "Parallel Aware": false,
                            "Startup Cost": 2081.86,
                            "Total Cost": 2081.86,
                            "Plan Rows": 135086,
                            "Plan Width": 12,
                            "Actual Startup Time": 51.402,
                            "Actual Total Time": 51.403,
                            "Actual Rows": 135086,
                            "Actual Loops": 2,
                            "Hash Buckets": 262144,
                            "Original Hash Buckets": 262144,
                            "Hash Batches": 1,
                            "Original Hash Batches": 1,
                            "Peak Memory Usage": 7853,
                            "Plans": [
                              {
                                "Node Type": "Seq Scan",
                                "Parent Relationship": "Outer",
                                "Parallel Aware": false,
                                "Relation Name": "complete_cast",
                                "Alias": "cc",
                                "Startup Cost": 0.0,
                                "Total Cost": 2081.86,
                                "Plan Rows": 135086,
                                "Plan Width": 12,
                                "Actual Startup Time": 0.067,
                                "Actual Total Time": 22.259,
                                "Actual Rows": 135086,
                                "Actual Loops": 2
                              }
                            ]
                          }
                        ]
                      },
                      {
                        "Node Type": "Hash",
                        "Parent Relationship": "Inner",
                        "Parallel Aware": false,
                        "Startup Cost": 1.05,
                        "Total Cost": 1.05,
                        "Plan Rows": 2,
                        "Plan Width": 4,
                        "Actual Startup Time": 0.026,
                        "Actual Total Time": 0.027,
                        "Actual Rows": 2,
                        "Actual Loops": 2,
                        "Hash Buckets": 1024,
                        "Original Hash Buckets": 1024,
                        "Hash Batches": 1,
                        "Original Hash Batches": 1,
                        "Peak Memory Usage": 9,
                        "Plans": [
                          {
                            "Node Type": "Seq Scan",
                            "Parent Relationship": "Outer",
                            "Parallel Aware": false,
                            "Relation Name": "comp_cast_type",
                            "Alias": "cct1",
                            "Startup Cost": 0.0,
                            "Total Cost": 1.05,
                            "Plan Rows": 2,
                            "Plan Width": 4,
                            "Actual Startup Time": 0.014,
                            "Actual Total Time": 0.018,
                            "Actual Rows": 2,
                            "Actual Loops": 2,
                            "Filter": "((kind)::text = ANY ('{cast,crew}'::text[]))",
                            "Rows Removed by Filter": 2
                          }
                        ]
                      }
                    ]
                  },
                  {
                    "Node Type": "Hash",
                    "Parent Relationship": "Inner",
                    "Parallel Aware": false,
                    "Startup Cost": 1.05,
                    "Total Cost": 1.05,
                    "Plan Rows": 1,
                    "Plan Width": 4,
                    "Actual Startup Time": 0.04,
                    "Actual Total Time": 0.041,
                    "Actual Rows": 1,
                    "Actual Loops": 2,
                    "Hash Buckets": 1024,
                    "Original Hash Buckets": 1024,
                    "Hash Batches": 1,
                    "Original Hash Batches": 1,
                    "Peak Memory Usage": 9,
                    "Plans": [
                      {
                        "Node Type": "Seq Scan",
                        "Parent Relationship": "Outer",
                        "Parallel Aware": false,
                        "Relation Name": "comp_cast_type",
                        "Alias": "cct2",
                        "Startup Cost": 0.0,
                        "Total Cost": 1.05,
                        "Plan Rows": 1,
                        "Plan Width": 4,
                        "Actual Startup Time": 0.028,
                        "Actual Total Time": 0.03,
                        "Actual Rows": 1,
                        "Actual Loops": 2,
                        "Filter": "((kind)::text = 'complete'::text)",
                        "Rows Removed by Filter": 3
                      }
                    ]
                  }
                ]
              },
              {
                "Node Type": "Hash",
                "Parent Relationship": "Inner",
                "Parallel Aware": false,
                "Startup Cost": 1.05,
                "Total Cost": 1.05,
                "Plan Rows": 1,
                "Plan Width": 4,
                "Actual Startup Time": 0.08,
                "Actual Total Time": 0.081,
                "Actual Rows": 1,
                "Actual Loops": 2,
                "Hash Buckets": 1024,
                "Original Hash Buckets": 1024,
                "Hash Batches": 1,
                "Original Hash Batches": 1,
                "Peak Memory Usage": 9,
                "Plans": [
                  {
                    "Node Type": "Seq Scan",
                    "Parent Relationship": "Outer",
                    "Parallel Aware": false,
                    "Relation Name": "company_type",
                    "Alias": "ct",
                    "Startup Cost": 0.0,
                    "Total Cost": 1.05,
                    "Plan Rows": 1,
                    "Plan Width": 4,
                    "Actual Startup Time": 0.06,
                    "Actual Total Time": 0.062,
                    "Actual Rows": 1,
                    "Actual Loops": 2,
                    "Filter": "((kind)::text = 'production companies'::text)",
                    "Rows Removed by Filter": 3
                  }
                ]
              }
            ]
          }
        ]
      }
    ]
  },
  "Planning Time": 3.014,
  "Triggers": [],
  "Execution Time": 1641.008
}