[
  {
    "Plan": {
      "Node Type": "Aggregate",
      "Strategy": "Plain",
      "Partial Mode": "Finalize",
      "Parallel Aware": false,
      "Startup Cost": 335000.49,
      "Total Cost": 335000.5,
      "Plan Rows": 1,
      "Plan Width": 8,
      "Actual Startup Time": 628.783,
      "Actual Total Time": 684.2,
      "Actual Rows": 1,
      "Actual Loops": 1,
      "Plans": [
        {
          "Node Type": "Gather",
          "Parent Relationship": "Outer",
          "Parallel Aware": false,
          "Startup Cost": 334999.87,
          "Total Cost": 335000.48,
          "Plan Rows": 6,
          "Plan Width": 8,
          "Actual Startup Time": 628.647,
          "Actual Total Time": 684.19,
          "Actual Rows": 7,
          "Actual Loops": 1,
          "Workers Planned": 6,
          "Workers Launched": 6,
          "Single Copy": false,
          "Plans": [
            {
              "Node Type": "Aggregate",
              "Strategy": "Plain",
              "Partial Mode": "Partial",
              "Parent Relationship": "Outer",
              "Parallel Aware": false,
              "Startup Cost": 333999.87,
              "Total Cost": 333999.88,
              "Plan Rows": 1,
              "Plan Width": 8,
              "Actual Startup Time": 620.92,
              "Actual Total Time": 620.921,
              "Actual Rows": 1,
              "Actual Loops": 7,
              "Plans": [
                {
                  "Node Type": "Seq Scan",
                  "Parent Relationship": "Outer",
                  "Parallel Aware": true,
                  "Relation Name": "cast_info",
                  "Alias": "ci",
                  "Startup Cost": 0.0,
                  "Total Cost": 328162.03,
                  "Plan Rows": 2335136,
                  "Plan Width": 0,
                  "Actual Startup Time": 232.775,
                  "Actual Total Time": 543.092,
                  "Actual Rows": 1996200,
                  "Actual Loops": 7,
                  "Filter": "(person_id > 2268343)",
                  "Rows Removed by Filter": 3181563
                }
              ]
            }
          ]
        }
      ]
    },
    "Planning Time": 0.161,
    "Triggers": [],
    "Execution Time": 684.263
  }
]