[
  {
    "Plan": {
      "Node Type": "Aggregate",
      "Strategy": "Plain",
      "Partial Mode": "Finalize",
      "Parallel Aware": false,
      "Startup Cost": 510301.49,
      "Total Cost": 510301.5,
      "Plan Rows": 1,
      "Plan Width": 8,
      "Actual Startup Time": 4726.109,
      "Actual Total Time": 4792.301,
      "Actual Rows": 1,
      "Actual Loops": 1,
      "Plans": [
        {
          "Node Type": "Gather",
          "Parent Relationship": "Outer",
          "Parallel Aware": false,
          "Startup Cost": 510300.87,
          "Total Cost": 510301.48,
          "Plan Rows": 6,
          "Plan Width": 8,
          "Actual Startup Time": 4671.843,
          "Actual Total Time": 4792.287,
          "Actual Rows": 7,
          "Actual Loops": 1,
          "Workers Planned": 6,
          "Workers Launched": 6,
          "Single Copy": false,
          "Plans": [
            {
              "Node Type": "Aggregate",
              "Strategy": "Plain",
              "Partial Mode": "Partial",
              "Parent Relationship": "Outer",
              "Parallel Aware": false,
              "Startup Cost": 509300.87,
              "Total Cost": 509300.88,
              "Plan Rows": 1,
              "Plan Width": 8,
              "Actual Startup Time": 4637.813,
              "Actual Total Time": 4639.141,
              "Actual Rows": 1,
              "Actual Loops": 7,
              "Plans": [
                {
                  "Node Type": "Hash Join",
                  "Parent Relationship": "Outer",
                  "Parallel Aware": true,
                  "Join Type": "Inner",
                  "Startup Cost": 111339.38,
                  "Total Cost": 491815.75,
                  "Plan Rows": 6994049,
                  "Plan Width": 0,
                  "Actual Startup Time": 884.206,
                  "Actual Total Time": 3812.893,
                  "Actual Rows": 18932698,
                  "Actual Loops": 7,
                  "Inner Unique": false,
                  "Hash Cond": "(ci.movie_id = t.id)",
                  "Plans": [
                    {
                      "Node Type": "Seq Scan",
                      "Parent Relationship": "Outer",
                      "Parallel Aware": true,
                      "Relation Name": "cast_info",
                      "Alias": "ci",
                      "Startup Cost": 0.0,
                      "Total Cost": 343257.03,
                      "Plan Rows": 3908771,
                      "Plan Width": 4,
                      "Actual Startup Time": 213.527,
                      "Actual Total Time": 704.544,
                      "Actual Rows": 3305148,
                      "Actual Loops": 7,
                      "Filter": "((person_id < 3979096) AND (role_id > 1))",
                      "Rows Removed by Filter": 1872616
                    },
                    {
                      "Node Type": "Hash",
                      "Parent Relationship": "Inner",
                      "Parallel Aware": true,
                      "Startup Cost": 93097.73,
                      "Total Cost": 93097.73,
                      "Plan Rows": 1459332,
                      "Plan Width": 8,
                      "Actual Startup Time": 660.015,
                      "Actual Total Time": 661.342,
                      "Actual Rows": 646276,
                      "Actual Loops": 7,
                      "Hash Buckets": 8388608,
                      "Original Hash Buckets": 8388608,
                      "Hash Batches": 1,
                      "Original Hash Batches": 1,
                      "Peak Memory Usage": 242624,
                      "Plans": [
                        {
                          "Node Type": "Hash Join",
                          "Parent Relationship": "Outer",
                          "Parallel Aware": true,
                          "Join Type": "Inner",
                          "Startup Cost": 50219.64,
                          "Total Cost": 93097.73,
                          "Plan Rows": 1459332,
                          "Plan Width": 8,
                          "Actual Startup Time": 252.219,
                          "Actual Total Time": 457.464,
                          "Actual Rows": 646276,
                          "Actual Loops": 7,
                          "Inner Unique": true,
                          "Hash Cond": "(mk.movie_id = t.id)",
                          "Plans": [
                            {
                              "Node Type": "Seq Scan",
                              "Parent Relationship": "Outer",
                              "Parallel Aware": true,
                              "Relation Name": "movie_keyword",
                              "Alias": "mk",
                              "Startup Cost": 0.0,
                              "Total Cost": 39047.32,
                              "Plan Rows": 1459332,
                              "Plan Width": 4,
                              "Actual Startup Time": 0.029,
                              "Actual Total Time": 64.705,
                              "Actual Rows": 646276,
                              "Actual Loops": 7
                            },
                            {
                              "Node Type": "Hash",
                              "Parent Relationship": "Inner",
                              "Parallel Aware": true,
                              "Startup Cost": 42318.73,
                              "Total Cost": 42318.73,
                              "Plan Rows": 632073,
                              "Plan Width": 4,
                              "Actual Startup Time": 248.874,
                              "Actual Total Time": 248.875,
                              "Actual Rows": 361187,
                              "Actual Loops": 7,
                              "Hash Buckets": 4194304,
                              "Original Hash Buckets": 4194304,
                              "Hash Batches": 1,
                              "Original Hash Batches": 1,
                              "Peak Memory Usage": 131808,
                              "Plans": [
                                {
                                  "Node Type": "Seq Scan",
                                  "Parent Relationship": "Outer",
                                  "Parallel Aware": true,
                                  "Relation Name": "title",
                                  "Alias": "t",
                                  "Startup Cost": 0.0,
                                  "Total Cost": 42318.73,
                                  "Plan Rows": 632073,
                                  "Plan Width": 4,
                                  "Actual Startup Time": 0.038,
                                  "Actual Total Time": 74.088,
                                  "Actual Rows": 361187,
                                  "Actual Loops": 7
                                }
                              ]
                            }
                          ]
                        }
                      ]
                    }
                  ]
                }
              ]
            }
          ]
        }
      ]
    },
    "Planning Time": 1.356,
    "Triggers": [],
    "Execution Time": 4792.393
  }
]