[
  {
    "Plan": {
      "Node Type": "Aggregate",
      "Strategy": "Plain",
      "Partial Mode": "Finalize",
      "Parallel Aware": false,
      "Startup Cost": 37126.25,
      "Total Cost": 37126.26,
      "Plan Rows": 1,
      "Plan Width": 8,
      "Actual Startup Time": 124.301,
      "Actual Total Time": 129.367,
      "Actual Rows": 1,
      "Actual Loops": 1,
      "Plans": [
        {
          "Node Type": "Gather",
          "Parent Relationship": "Outer",
          "Parallel Aware": false,
          "Startup Cost": 37125.94,
          "Total Cost": 37126.25,
          "Plan Rows": 3,
          "Plan Width": 8,
          "Actual Startup Time": 124.098,
          "Actual Total Time": 129.359,
          "Actual Rows": 4,
          "Actual Loops": 1,
          "Workers Planned": 3,
          "Workers Launched": 3,
          "Single Copy": false,
          "Plans": [
            {
              "Node Type": "Aggregate",
              "Strategy": "Plain",
              "Partial Mode": "Partial",
              "Parent Relationship": "Outer",
              "Parallel Aware": false,
              "Startup Cost": 36125.94,
              "Total Cost": 36125.95,
              "Plan Rows": 1,
              "Plan Width": 8,
              "Actual Startup Time": 118.202,
              "Actual Total Time": 118.205,
              "Actual Rows": 1,
              "Actual Loops": 4,
              "Plans": [
                {
                  "Node Type": "Bitmap Heap Scan",
                  "Parent Relationship": "Outer",
                  "Parallel Aware": true,
                  "Relation Name": "movie_keyword",
                  "Alias": "mk",
                  "Startup Cost": 9504.29,
                  "Total Cost": 35764.66,
                  "Plan Rows": 144510,
                  "Plan Width": 0,
                  "Actual Startup Time": 46.38,
                  "Actual Total Time": 111.989,
                  "Actual Rows": 109287,
                  "Actual Loops": 4,
                  "Recheck Cond": "(keyword_id > 40208)",
                  "Rows Removed by Index Recheck": 0,
                  "Exact Heap Blocks": 10142,
                  "Lossy Heap Blocks": 0,
                  "Plans": [
                    {
                      "Node Type": "Bitmap Index Scan",
                      "Parent Relationship": "Outer",
                      "Parallel Aware": false,
                      "Index Name": "keyword_id_movie_keyword",
                      "Startup Cost": 0.0,
                      "Total Cost": 9392.29,
                      "Plan Rows": 447981,
                      "Plan Width": 0,
                      "Actual Startup Time": 48.092,
                      "Actual Total Time": 48.093,
                      "Actual Rows": 437147,
                      "Actual Loops": 1,
                      "Index Cond": "(keyword_id > 40208)"
                    }
                  ]
                }
              ]
            }
          ]
        }
      ]
    },
    "Planning Time": 0.2,
    "Triggers": [],
    "Execution Time": 129.441
  }
]