{
  "Plan": {
    "Node Type": "Aggregate",
    "Strategy": "Plain",
    "Partial Mode": "Simple",
    "Parallel Aware": false,
    "Startup Cost": 185815.18,
    "Total Cost": 185815.19,
    "Plan Rows": 1,
    "Plan Width": 64,
    "Actual Startup Time": 552.686,
    "Actual Total Time": 552.699,
    "Actual Rows": 1,
    "Actual Loops": 1,
    "Plans": [
      {
        "Node Type": "Hash Join",
        "Parent Relationship": "Outer",
        "Parallel Aware": false,
        "Join Type": "Inner",
        "Startup Cost": 10795.31,
        "Total Cost": 185815.06,
        "Plan Rows": 25,
        "Plan Width": 60,
        "Actual Startup Time": 206.202,
        "Actual Total Time": 552.397,
        "Actual Rows": 2271,
        "Actual Loops": 1,
        "Inner Unique": true,
        "Hash Cond": "(mc.company_id = cn.id)",
        "Plans": [
          {
            "Node Type": "Hash Join",
            "Parent Relationship": "Outer",
            "Parallel Aware": false,
            "Join Type": "Inner",
            "Startup Cost": 3788.71,
            "Total Cost": 178808.28,
            "Plan Rows": 69,
            "Plan Width": 64,
            "Actual Startup Time": 170.805,
            "Actual Total Time": 516.462,
            "Actual Rows": 3123,
            "Actual Loops": 1,
            "Inner Unique": true,
            "Hash Cond": "(mc.company_type_id = ct.id)",
            "Plans": [
              {
                "Node Type": "Nested Loop",
                "Parent Relationship": "Outer",
                "Parallel Aware": false,
                "Join Type": "Inner",
                "Startup Cost": 3787.62,
                "Total Cost": 178806.82,
                "Plan Rows": 69,
                "Plan Width": 68,
                "Actual Startup Time": 170.697,
                "Actual Total Time": 515.849,
                "Actual Rows": 3123,
                "Actual Loops": 1,
                "Inner Unique": false,
                "Plans": [
                  {
                    "Node Type": "Nested Loop",
                    "Parent Relationship": "Outer",
                    "Parallel Aware": false,
                    "Join Type": "Inner",
                    "Startup Cost": 3787.19,
                    "Total Cost": 178767.12,
                    "Plan Rows": 67,
                    "Plan Width": 76,
                    "Actual Startup Time": 170.669,
                    "Actual Total Time": 512.59,
                    "Actual Rows": 1150,
                    "Actual Loops": 1,
                    "Inner Unique": false,
                    "Plans": [
                      {
                        "Node Type": "Nested Loop",
                        "Parent Relationship": "Outer",
                        "Parallel Aware": false,
                        "Join Type": "Inner",
                        "Startup Cost": 3786.77,
                        "Total Cost": 178753.82,
                        "Plan Rows": 26,
                        "Plan Width": 72,
                        "Actual Startup Time": 169.633,
                        "Actual Total Time": 503.71,
                        "Actual Rows": 4453,
                        "Actual Loops": 1,
                        "Inner Unique": true,
                        "Plans": [
                          {
                            "Node Type": "Nested Loop",
                            "Parent Relationship": "Outer",
                            "Parallel Aware": false,
                            "Join Type": "Inner",
                            "Startup Cost": 3786.35,
                            "Total Cost": 178742.41,
                            "Plan Rows": 26,
                            "Plan Width": 76,
                            "Actual Startup Time": 169.618,
                            "Actual Total Time": 490.673,
                            "Actual Rows": 4453,
                            "Actual Loops": 1,
                            "Inner Unique": true,
                            "Plans": [
                              {
                                "Node Type": "Nested Loop",
                                "Parent Relationship": "Outer",
                                "Parallel Aware": false,
                                "Join Type": "Inner",
                                "Startup Cost": 3785.92,
                                "Total Cost": 178723.8,
                                "Plan Rows": 38,
                                "Plan Width": 55,
                                "Actual Startup Time": 169.59,
                                "Actual Total Time": 477.589,
                                "Actual Rows": 4463,
                                "Actual Loops": 1,
                                "Inner Unique": false,
                                "Plans": [
                                  {
                                    "Node Type": "Nested Loop",
                                    "Parent Relationship": "Outer",
                                    "Parallel Aware": false,
                                    "Join Type": "Inner",
                                    "Startup Cost": 3785.49,
                                    "Total Cost": 178694.67,
                                    "Plan Rows": 3,
                                    "Plan Width": 47,
                                    "Actual Startup Time": 169.55,
                                    "Actual Total Time": 455.739,
                                    "Actual Rows": 1783,
                                    "Actual Loops": 1,
                                    "Inner Unique": false,
                                    "Plans": [
                                      {
                                        "Node Type": "Seq Scan",
                                        "Parent Relationship": "Outer",
                                        "Parallel Aware": false,
                                        "Relation Name": "info_type",
                                        "Alias": "it1",
                                        "Startup Cost": 0.0,
                                        "Total Cost": 2.41,
                                        "Plan Rows": 1,
                                        "Plan Width": 4,
                                        "Actual Startup Time": 0.025,
                                        "Actual Total Time": 0.035,
                                        "Actual Rows": 1,
                                        "Actual Loops": 1,
                                        "Filter": "((info)::text = 'release dates'::text)",
                                        "Rows Removed by Filter": 112
                                      },
                                      {
                                        "Node Type": "Bitmap Heap Scan",
                                        "Parent Relationship": "Inner",
                                        "Parallel Aware": false,
                                        "Relation Name": "movie_info",
                                        "Alias": "mi",
                                        "Startup Cost": 3785.49,
                                        "Total Cost": 178692.21,
                                        "Plan Rows": 5,
                                        "Plan Width": 51,
                                        "Actual Startup Time": 169.513,
                                        "Actual Total Time": 455.444,
                                        "Actual Rows": 1783,
                                        "Actual Loops": 1,
                                        "Recheck Cond": "(info_type_id = it1.id)",
                                        "Rows Removed by Index Recheck": 0,
                                        "Filter": "((info IS NOT NULL) AND (note ~~ '%internet%'::text) AND ((info ~~ 'USA:% 199%'::text) OR (info ~~ 'USA:% 200%'::text)))",
                                        "Rows Removed by Filter": 3034936,
                                        "Exact Heap Blocks": 25448,
                                        "Lossy Heap Blocks": 0,
                                        "Plans": [
                                          {
                                            "Node Type": "Bitmap Index Scan",
                                            "Parent Relationship": "Outer",
                                            "Parallel Aware": false,
                                            "Index Name": "info_type_id_movie_info",
                                            "Startup Cost": 0.0,
                                            "Total Cost": 3785.49,
                                            "Plan Rows": 212407,
                                            "Plan Width": 0,
                                            "Actual Startup Time": 166.025,
                                            "Actual Total Time": 166.025,
                                            "Actual Rows": 3036719,
                                            "Actual Loops": 1,
                                            "Index Cond": "(info_type_id = it1.id)"
                                          }
                                        ]
                                      }
                                    ]
                                  },
                                  {
                                    "Node Type": "Index Scan",
                                    "Parent Relationship": "Inner",
                                    "Parallel Aware": false,
                                    "Scan Direction": "Forward",
                                    "Index Name": "movie_id_movie_keyword",
                                    "Relation Name": "movie_keyword",
                                    "Alias": "mk",
                                    "Startup Cost": 0.43,
                                    "Total Cost": 9.25,
                                    "Plan Rows": 46,
                                    "Plan Width": 8,
                                    "Actual Startup Time": 0.011,
                                    "Actual Total Time": 0.012,
                                    "Actual Rows": 3,
                                    "Actual Loops": 1783,
                                    "Index Cond": "(movie_id = mi.movie_id)",
                                    "Rows Removed by Index Recheck": 0
                                  }
                                ]
                              },
                              {
                                "Node Type": "Index Scan",
                                "Parent Relationship": "Inner",
                                "Parallel Aware": false,
                                "Scan Direction": "Forward",
                                "Index Name": "title_pkey",
                                "Relation Name": "title",
                                "Alias": "t",
                                "Startup Cost": 0.43,
                                "Total Cost": 0.49,
                                "Plan Rows": 1,
                                "Plan Width": 21,
                                "Actual Startup Time": 0.003,
                                "Actual Total Time": 0.003,
                                "Actual Rows": 1,
                                "Actual Loops": 4463,
                                "Index Cond": "(id = mk.movie_id)",
                                "Rows Removed by Index Recheck": 0,
                                "Filter": "(production_year > 1990)",
                                "Rows Removed by Filter": 0
                              }
                            ]
                          },
                          {
                            "Node Type": "Index Only Scan",
                            "Parent Relationship": "Inner",
                            "Parallel Aware": false,
                            "Scan Direction": "Forward",
                            "Index Name": "keyword_pkey",
                            "Relation Name": "keyword",
                            "Alias": "k",
                            "Startup Cost": 0.42,
                            "Total Cost": 0.44,
                            "Plan Rows": 1,
                            "Plan Width": 4,
                            "Actual Startup Time": 0.003,
                            "Actual Total Time": 0.003,
                            "Actual Rows": 1,
                            "Actual Loops": 4453,
                            "Index Cond": "(id = mk.keyword_id)",
                            "Rows Removed by Index Recheck": 0,
                            "Heap Fetches": 4453
                          }
                        ]
                      },
                      {
                        "Node Type": "Index Only Scan",
                        "Parent Relationship": "Inner",
                        "Parallel Aware": false,
                        "Scan Direction": "Forward",
                        "Index Name": "movie_id_aka_title",
                        "Relation Name": "aka_title",
                        "Alias": "at",
                        "Startup Cost": 0.42,
                        "Total Cost": 0.48,
                        "Plan Rows": 3,
                        "Plan Width": 4,
                        "Actual Startup Time": 0.002,
                        "Actual Total Time": 0.002,
                        "Actual Rows": 0,
                        "Actual Loops": 4453,
                        "Index Cond": "(movie_id = mk.movie_id)",
                        "Rows Removed by Index Recheck": 0,
                        "Heap Fetches": 1150
                      }
                    ]
                  },
                  {
                    "Node Type": "Index Scan",
                    "Parent Relationship": "Inner",
                    "Parallel Aware": false,
                    "Scan Direction": "Forward",
                    "Index Name": "movie_id_movie_companies",
                    "Relation Name": "movie_companies",
                    "Alias": "mc",
                    "Startup Cost": 0.43,
                    "Total Cost": 0.54,
                    "Plan Rows": 5,
                    "Plan Width": 12,
                    "Actual Startup Time": 0.002,
                    "Actual Total Time": 0.002,
                    "Actual Rows": 3,
                    "Actual Loops": 1150,
                    "Index Cond": "(movie_id = mk.movie_id)",
                    "Rows Removed by Index Recheck": 0
                  }
                ]
              },
              {
                "Node Type": "Hash",
                "Parent Relationship": "Inner",
                "Parallel Aware": false,
                "Startup Cost": 1.04,
                "Total Cost": 1.04,
                "Plan Rows": 4,
                "Plan Width": 4,
                "Actual Startup Time": 0.029,
                "Actual Total Time": 0.029,
                "Actual Rows": 4,
                "Actual Loops": 1,
                "Hash Buckets": 1024,
                "Original Hash Buckets": 1024,
                "Hash Batches": 1,
                "Original Hash Batches": 1,
                "Peak Memory Usage": 9,
                "Plans": [
                  {
                    "Node Type": "Seq Scan",
                    "Parent Relationship": "Outer",
                    "Parallel Aware": false,
                    "Relation Name": "company_type",
                    "Alias": "ct",
                    "Startup Cost": 0.0,
                    "Total Cost": 1.04,
                    "Plan Rows": 4,
                    "Plan Width": 4,
                    "Actual Startup Time": 0.016,
                    "Actual Total Time": 0.019,
                    "Actual Rows": 4,
                    "Actual Loops": 1
                  }
                ]
              }
            ]
          },
          {
            "Node Type": "Hash",
            "Parent Relationship": "Inner",
            "Parallel Aware": false,
            "Startup Cost": 5932.46,
            "Total Cost": 5932.46,
            "Plan Rows": 85931,
            "Plan Width": 4,
            "Actual Startup Time": 35.261,
            "Actual Total Time": 35.261,
            "Actual Rows": 84843,
            "Actual Loops": 1,
            "Hash Buckets": 131072,
            "Original Hash Buckets": 131072,
            "Hash Batches": 1,
            "Original Hash Batches": 1,
            "Peak Memory Usage": 4007,
            "Plans": [
              {
                "Node Type": "Seq Scan",
                "Parent Relationship": "Outer",
                "Parallel Aware": false,
                "Relation Name": "company_name",
                "Alias": "cn",
                "Startup Cost": 0.0,
                "Total Cost": 5932.46,
                "Plan Rows": 85931,
                "Plan Width": 4,
                "Actual Startup Time": 0.016,
                "Actual Total Time": 26.443,
                "Actual Rows": 84843,
                "Actual Loops": 1,
                "Filter": "((country_code)::text = '[us]'::text)",
                "Rows Removed by Filter": 150154
              }
            ]
          }
        ]
      }
    ]
  },
  "Planning Time": 3.351,
  "Triggers": [],
  "Execution Time": 552.906
}