[
  {
    "Plan": {
      "Node Type": "Aggregate",
      "Strategy": "Plain",
      "Partial Mode": "Finalize",
      "Parallel Aware": false,
      "Startup Cost": 343502.48,
      "Total Cost": 343502.49,
      "Plan Rows": 1,
      "Plan Width": 8,
      "Actual Startup Time": 1004.263,
      "Actual Total Time": 1064.316,
      "Actual Rows": 1,
      "Actual Loops": 1,
      "Plans": [
        {
          "Node Type": "Gather",
          "Parent Relationship": "Outer",
          "Parallel Aware": false,
          "Startup Cost": 343501.86,
          "Total Cost": 343502.47,
          "Plan Rows": 6,
          "Plan Width": 8,
          "Actual Startup Time": 1004.162,
          "Actual Total Time": 1064.303,
          "Actual Rows": 7,
          "Actual Loops": 1,
          "Workers Planned": 6,
          "Workers Launched": 6,
          "Single Copy": false,
          "Plans": [
            {
              "Node Type": "Aggregate",
              "Strategy": "Plain",
              "Partial Mode": "Partial",
              "Parent Relationship": "Outer",
              "Parallel Aware": false,
              "Startup Cost": 342501.86,
              "Total Cost": 342501.87,
              "Plan Rows": 1,
              "Plan Width": 8,
              "Actual Startup Time": 995.128,
              "Actual Total Time": 995.129,
              "Actual Rows": 1,
              "Actual Loops": 7,
              "Plans": [
                {
                  "Node Type": "Seq Scan",
                  "Parent Relationship": "Outer",
                  "Parallel Aware": true,
                  "Relation Name": "cast_info",
                  "Alias": "ci",
                  "Startup Cost": 0.0,
                  "Total Cost": 328162.03,
                  "Plan Rows": 5735932,
                  "Plan Width": 0,
                  "Actual Startup Time": 33.067,
                  "Actual Total Time": 753.846,
                  "Actual Rows": 4915250,
                  "Actual Loops": 7,
                  "Filter": "(person_id > 181191)",
                  "Rows Removed by Filter": 262514
                }
              ]
            }
          ]
        }
      ]
    },
    "Planning Time": 0.212,
    "Triggers": [],
    "Execution Time": 1064.398
  }
]