[
    {
        "Bao": {
            "Bao prediction": "NaN",
            "Bao recommended hint": "(no hint)"
        }
    },
    {
        "Plan": {
            "Node Type": "Aggregate",
            "Strategy": "Plain",
            "Partial Mode": "Finalize",
            "Parallel Aware": false,
            "Startup Cost": 274478.46,
            "Total Cost": 274478.47,
            "Plan Rows": 1,
            "Plan Width": 8,
            "Actual Startup Time": 49.014,
            "Actual Total Time": 52.219,
            "Actual Rows": 1,
            "Actual Loops": 1,
            "Output": [
                "count(*)"
            ],
            "Plans": [
                {
                    "Node Type": "Gather",
                    "Parent Relationship": "Outer",
                    "Parallel Aware": false,
                    "Startup Cost": 274477.94,
                    "Total Cost": 274478.45,
                    "Plan Rows": 5,
                    "Plan Width": 8,
                    "Actual Startup Time": 48.744,
                    "Actual Total Time": 52.212,
                    "Actual Rows": 6,
                    "Actual Loops": 1,
                    "Output": [
                        "(PARTIAL count(*))"
                    ],
                    "Workers Planned": 5,
                    "Workers Launched": 5,
                    "Single Copy": false,
                    "Plans": [
                        {
                            "Node Type": "Aggregate",
                            "Strategy": "Plain",
                            "Partial Mode": "Partial",
                            "Parent Relationship": "Outer",
                            "Parallel Aware": false,
                            "Startup Cost": 273477.94,
                            "Total Cost": 273477.95,
                            "Plan Rows": 1,
                            "Plan Width": 8,
                            "Actual Startup Time": 38.995,
                            "Actual Total Time": 38.997,
                            "Actual Rows": 1,
                            "Actual Loops": 6,
                            "Output": [
                                "PARTIAL count(*)"
                            ],
                            "Workers": [
                                {
                                    "Worker Number": 0,
                                    "Actual Startup Time": 36.394,
                                    "Actual Total Time": 36.395,
                                    "Actual Rows": 1,
                                    "Actual Loops": 1
                                },
                                {
                                    "Worker Number": 1,
                                    "Actual Startup Time": 36.659,
                                    "Actual Total Time": 36.66,
                                    "Actual Rows": 1,
                                    "Actual Loops": 1
                                },
                                {
                                    "Worker Number": 2,
                                    "Actual Startup Time": 37.167,
                                    "Actual Total Time": 37.168,
                                    "Actual Rows": 1,
                                    "Actual Loops": 1
                                },
                                {
                                    "Worker Number": 3,
                                    "Actual Startup Time": 37.549,
                                    "Actual Total Time": 37.551,
                                    "Actual Rows": 1,
                                    "Actual Loops": 1
                                },
                                {
                                    "Worker Number": 4,
                                    "Actual Startup Time": 37.75,
                                    "Actual Total Time": 37.752,
                                    "Actual Rows": 1,
                                    "Actual Loops": 1
                                }
                            ],
                            "Plans": [
                                {
                                    "Node Type": "Bitmap Heap Scan",
                                    "Parent Relationship": "Outer",
                                    "Parallel Aware": true,
                                    "Relation Name": "cast_info",
                                    "Schema": "public",
                                    "Alias": "ci",
                                    "Startup Cost": 8839.29,
                                    "Total Cost": 273277.76,
                                    "Plan Rows": 80070,
                                    "Plan Width": 0,
                                    "Actual Startup Time": 9.603,
                                    "Actual Total Time": 32.932,
                                    "Actual Rows": 67712,
                                    "Actual Loops": 6,
                                    "Recheck Cond": "(ci.person_id < 46208)",
                                    "Rows Removed by Index Recheck": 0,
                                    "Exact Heap Blocks": 2136,
                                    "Lossy Heap Blocks": 0,
                                    "Workers": [
                                        {
                                            "Worker Number": 0,
                                            "Actual Startup Time": 7.118,
                                            "Actual Total Time": 30.719,
                                            "Actual Rows": 40777,
                                            "Actual Loops": 1
                                        },
                                        {
                                            "Worker Number": 1,
                                            "Actual Startup Time": 7.326,
                                            "Actual Total Time": 30.898,
                                            "Actual Rows": 41044,
                                            "Actual Loops": 1
                                        },
                                        {
                                            "Worker Number": 2,
                                            "Actual Startup Time": 7.723,
                                            "Actual Total Time": 31.32,
                                            "Actual Rows": 43788,
                                            "Actual Loops": 1
                                        },
                                        {
                                            "Worker Number": 3,
                                            "Actual Startup Time": 8.349,
                                            "Actual Total Time": 31.838,
                                            "Actual Rows": 42087,
                                            "Actual Loops": 1
                                        },
                                        {
                                            "Worker Number": 4,
                                            "Actual Startup Time": 8.314,
                                            "Actual Total Time": 32.072,
                                            "Actual Rows": 43157,
                                            "Actual Loops": 1
                                        }
                                    ],
                                    "Plans": [
                                        {
                                            "Node Type": "Bitmap Index Scan",
                                            "Parent Relationship": "Outer",
                                            "Parallel Aware": false,
                                            "Index Name": "person_id_cast_info",
                                            "Startup Cost": 0.0,
                                            "Total Cost": 8739.2,
                                            "Plan Rows": 400351,
                                            "Plan Width": 0,
                                            "Actual Startup Time": 18.186,
                                            "Actual Total Time": 18.186,
                                            "Actual Rows": 406274,
                                            "Actual Loops": 1,
                                            "Index Cond": "(ci.person_id < 46208)"
                                        }
                                    ]
                                }
                            ]
                        }
                    ]
                }
            ]
        },
        "Planning Time": 191.232,
        "Triggers": [],
        "Execution Time": 52.269
    }
]