{
  "Plan": {
    "Node Type": "Aggregate",
    "Strategy": "Plain",
    "Partial Mode": "Finalize",
    "Parallel Aware": false,
    "Startup Cost": 109022.93,
    "Total Cost": 109022.94,
    "Plan Rows": 1,
    "Plan Width": 8,
    "Actual Startup Time": 648.479,
    "Actual Total Time": 662.015,
    "Actual Rows": 1,
    "Actual Loops": 1,
    "Plans": [
      {
        "Node Type": "Gather",
        "Parent Relationship": "Outer",
        "Parallel Aware": false,
        "Startup Cost": 109022.82,
        "Total Cost": 109022.93,
        "Plan Rows": 1,
        "Plan Width": 8,
        "Actual Startup Time": 645.821,
        "Actual Total Time": 662.004,
        "Actual Rows": 2,
        "Actual Loops": 1,
        "Workers Planned": 1,
        "Workers Launched": 1,
        "Single Copy": false,
        "Plans": [
          {
            "Node Type": "Aggregate",
            "Strategy": "Plain",
            "Partial Mode": "Partial",
            "Parent Relationship": "Outer",
            "Parallel Aware": false,
            "Startup Cost": 108022.82,
            "Total Cost": 108022.83,
            "Plan Rows": 1,
            "Plan Width": 8,
            "Actual Startup Time": 638.22,
            "Actual Total Time": 638.224,
            "Actual Rows": 1,
            "Actual Loops": 2,
            "Plans": [
              {
                "Node Type": "Hash Join",
                "Parent Relationship": "Outer",
                "Parallel Aware": true,
                "Join Type": "Inner",
                "Startup Cost": 68206.39,
                "Total Cost": 107403.09,
                "Plan Rows": 247890,
                "Plan Width": 0,
                "Actual Startup Time": 402.117,
                "Actual Total Time": 631.314,
                "Actual Rows": 179369,
                "Actual Loops": 2,
                "Inner Unique": true,
                "Hash Cond": "(mc.movie_id = t.id)",
                "Plans": [
                  {
                    "Node Type": "Seq Scan",
                    "Parent Relationship": "Outer",
                    "Parallel Aware": true,
                    "Relation Name": "movie_companies",
                    "Alias": "mc",
                    "Startup Cost": 0.0,
                    "Total Cost": 37974.77,
                    "Plan Rows": 465496,
                    "Plan Width": 4,
                    "Actual Startup Time": 0.02,
                    "Actual Total Time": 104.374,
                    "Actual Rows": 389770,
                    "Actual Loops": 2,
                    "Filter": "(company_id < 1685)",
                    "Rows Removed by Filter": 914794
                  },
                  {
                    "Node Type": "Hash",
                    "Parent Relationship": "Inner",
                    "Parallel Aware": true,
                    "Startup Cost": 58306.47,
                    "Total Cost": 58306.47,
                    "Plan Rows": 791994,
                    "Plan Width": 4,
                    "Actual Startup Time": 387.513,
                    "Actual Total Time": 387.514,
                    "Actual Rows": 712507,
                    "Actual Loops": 2,
                    "Hash Buckets": 2097152,
                    "Original Hash Buckets": 2097152,
                    "Hash Batches": 1,
                    "Original Hash Batches": 1,
                    "Peak Memory Usage": 72160,
                    "Plans": [
                      {
                        "Node Type": "Seq Scan",
                        "Parent Relationship": "Outer",
                        "Parallel Aware": true,
                        "Relation Name": "title",
                        "Alias": "t",
                        "Startup Cost": 0.0,
                        "Total Cost": 58306.47,
                        "Plan Rows": 791994,
                        "Plan Width": 4,
                        "Actual Startup Time": 0.049,
                        "Actual Total Time": 174.033,
                        "Actual Rows": 712507,
                        "Actual Loops": 2,
                        "Filter": "((production_year > 1960) AND (kind_id = 7))",
                        "Rows Removed by Filter": 551649
                      }
                    ]
                  }
                ]
              }
            ]
          }
        ]
      }
    ]
  },
  "Planning Time": 0.497,
  "Triggers": [],
  "Execution Time": 662.091
}