[
  {
    "Plan": {
      "Node Type": "Aggregate",
      "Strategy": "Plain",
      "Partial Mode": "Finalize",
      "Parallel Aware": false,
      "Startup Cost": 46102.8,
      "Total Cost": 46102.81,
      "Plan Rows": 1,
      "Plan Width": 8,
      "Actual Startup Time": 161.115,
      "Actual Total Time": 170.233,
      "Actual Rows": 1,
      "Actual Loops": 1,
      "Plans": [
        {
          "Node Type": "Gather",
          "Parent Relationship": "Outer",
          "Parallel Aware": false,
          "Startup Cost": 46102.48,
          "Total Cost": 46102.79,
          "Plan Rows": 3,
          "Plan Width": 8,
          "Actual Startup Time": 160.987,
          "Actual Total Time": 170.226,
          "Actual Rows": 4,
          "Actual Loops": 1,
          "Workers Planned": 3,
          "Workers Launched": 3,
          "Single Copy": false,
          "Plans": [
            {
              "Node Type": "Aggregate",
              "Strategy": "Plain",
              "Partial Mode": "Partial",
              "Parent Relationship": "Outer",
              "Parallel Aware": false,
              "Startup Cost": 45102.48,
              "Total Cost": 45102.49,
              "Plan Rows": 1,
              "Plan Width": 8,
              "Actual Startup Time": 156.152,
              "Actual Total Time": 156.154,
              "Actual Rows": 1,
              "Actual Loops": 4,
              "Plans": [
                {
                  "Node Type": "Seq Scan",
                  "Parent Relationship": "Outer",
                  "Parallel Aware": true,
                  "Relation Name": "movie_keyword",
                  "Alias": "mk",
                  "Startup Cost": 0.0,
                  "Total Cost": 42695.65,
                  "Plan Rows": 962732,
                  "Plan Width": 0,
                  "Actual Startup Time": 0.036,
                  "Actual Total Time": 122.063,
                  "Actual Rows": 745215,
                  "Actual Loops": 4,
                  "Filter": "(keyword_id < 10260)",
                  "Rows Removed by Filter": 385768
                }
              ]
            }
          ]
        }
      ]
    },
    "Planning Time": 0.117,
    "Triggers": [],
    "Execution Time": 170.287
  }
]