[
  {
    "Plan": {
      "Node Type": "Aggregate",
      "Strategy": "Plain",
      "Partial Mode": "Finalize",
      "Parallel Aware": false,
      "Startup Cost": 71592.74,
      "Total Cost": 71592.75,
      "Plan Rows": 1,
      "Plan Width": 8,
      "Actual Startup Time": 150.225,
      "Actual Total Time": 163.617,
      "Actual Rows": 1,
      "Actual Loops": 1,
      "Plans": [
        {
          "Node Type": "Gather",
          "Parent Relationship": "Outer",
          "Parallel Aware": false,
          "Startup Cost": 71592.42,
          "Total Cost": 71592.73,
          "Plan Rows": 3,
          "Plan Width": 8,
          "Actual Startup Time": 149.703,
          "Actual Total Time": 163.606,
          "Actual Rows": 4,
          "Actual Loops": 1,
          "Workers Planned": 3,
          "Workers Launched": 3,
          "Single Copy": false,
          "Plans": [
            {
              "Node Type": "Aggregate",
              "Strategy": "Plain",
              "Partial Mode": "Partial",
              "Parent Relationship": "Outer",
              "Parallel Aware": false,
              "Startup Cost": 70592.42,
              "Total Cost": 70592.43,
              "Plan Rows": 1,
              "Plan Width": 8,
              "Actual Startup Time": 139.207,
              "Actual Total Time": 139.211,
              "Actual Rows": 1,
              "Actual Loops": 4,
              "Plans": [
                {
                  "Node Type": "Hash Join",
                  "Parent Relationship": "Outer",
                  "Parallel Aware": true,
                  "Join Type": "Inner",
                  "Startup Cost": 38838.65,
                  "Total Cost": 70584.37,
                  "Plan Rows": 3219,
                  "Plan Width": 0,
                  "Actual Startup Time": 73.195,
                  "Actual Total Time": 139.101,
                  "Actual Rows": 1210,
                  "Actual Loops": 4,
                  "Inner Unique": true,
                  "Hash Cond": "(mc.movie_id = t.id)",
                  "Plans": [
                    {
                      "Node Type": "Seq Scan",
                      "Parent Relationship": "Outer",
                      "Parallel Aware": true,
                      "Relation Name": "movie_companies",
                      "Alias": "mc",
                      "Startup Cost": 0.0,
                      "Total Cost": 31414.82,
                      "Plan Rows": 126059,
                      "Plan Width": 4,
                      "Actual Startup Time": 0.01,
                      "Actual Total Time": 73.954,
                      "Actual Rows": 141522,
                      "Actual Loops": 4,
                      "Filter": "((company_id < 1736) AND (company_type_id = 1))",
                      "Rows Removed by Filter": 510760
                    },
                    {
                      "Node Type": "Hash",
                      "Parent Relationship": "Inner",
                      "Parallel Aware": true,
                      "Startup Cost": 38636.87,
                      "Total Cost": 38636.87,
                      "Plan Rows": 16142,
                      "Plan Width": 4,
                      "Actual Startup Time": 45.72,
                      "Actual Total Time": 45.721,
                      "Actual Rows": 13344,
                      "Actual Loops": 4,
                      "Hash Buckets": 65536,
                      "Original Hash Buckets": 65536,
                      "Hash Batches": 1,
                      "Original Hash Batches": 1,
                      "Peak Memory Usage": 2656,
                      "Plans": [
                        {
                          "Node Type": "Bitmap Heap Scan",
                          "Parent Relationship": "Outer",
                          "Parallel Aware": true,
                          "Relation Name": "title",
                          "Alias": "t",
                          "Startup Cost": 2183.44,
                          "Total Cost": 38636.87,
                          "Plan Rows": 16142,
                          "Plan Width": 4,
                          "Actual Startup Time": 6.091,
                          "Actual Total Time": 40.521,
                          "Actual Rows": 13344,
                          "Actual Loops": 4,
                          "Recheck Cond": "(kind_id = 4)",
                          "Rows Removed by Index Recheck": 0,
                          "Filter": "(production_year < 2005)",
                          "Rows Removed by Filter": 16214,
                          "Exact Heap Blocks": 7772,
                          "Lossy Heap Blocks": 0,
                          "Plans": [
                            {
                              "Node Type": "Bitmap Index Scan",
                              "Parent Relationship": "Outer",
                              "Parallel Aware": false,
                              "Index Name": "kind_id_title",
                              "Startup Cost": 0.0,
                              "Total Cost": 2167.3,
                              "Plan Rows": 121449,
                              "Plan Width": 0,
                              "Actual Startup Time": 9.529,
                              "Actual Total Time": 9.53,
                              "Actual Rows": 118234,
                              "Actual Loops": 1,
                              "Index Cond": "(kind_id = 4)"
                            }
                          ]
                        }
                      ]
                    }
                  ]
                }
              ]
            }
          ]
        }
      ]
    },
    "Planning Time": 0.46,
    "Triggers": [],
    "Execution Time": 163.685
  }
]