[
  {
    "Plan": {
      "Node Type": "Aggregate",
      "Strategy": "Plain",
      "Partial Mode": "Finalize",
      "Parallel Aware": false,
      "Startup Cost": 47059.03,
      "Total Cost": 47059.04,
      "Plan Rows": 1,
      "Plan Width": 8,
      "Actual Startup Time": 100.327,
      "Actual Total Time": 112.286,
      "Actual Rows": 1,
      "Actual Loops": 1,
      "Plans": [
        {
          "Node Type": "Gather",
          "Parent Relationship": "Outer",
          "Parallel Aware": false,
          "Startup Cost": 47058.61,
          "Total Cost": 47059.02,
          "Plan Rows": 4,
          "Plan Width": 8,
          "Actual Startup Time": 100.008,
          "Actual Total Time": 112.277,
          "Actual Rows": 5,
          "Actual Loops": 1,
          "Workers Planned": 4,
          "Workers Launched": 4,
          "Single Copy": false,
          "Plans": [
            {
              "Node Type": "Aggregate",
              "Strategy": "Plain",
              "Partial Mode": "Partial",
              "Parent Relationship": "Outer",
              "Parallel Aware": false,
              "Startup Cost": 46058.61,
              "Total Cost": 46058.62,
              "Plan Rows": 1,
              "Plan Width": 8,
              "Actual Startup Time": 92.156,
              "Actual Total Time": 92.158,
              "Actual Rows": 1,
              "Actual Loops": 5,
              "Plans": [
                {
                  "Node Type": "Seq Scan",
                  "Parent Relationship": "Outer",
                  "Parallel Aware": true,
                  "Relation Name": "title",
                  "Alias": "t",
                  "Startup Cost": 0.0,
                  "Total Cost": 45479.1,
                  "Plan Rows": 231804,
                  "Plan Width": 0,
                  "Actual Startup Time": 0.041,
                  "Actual Total Time": 84.638,
                  "Actual Rows": 176363,
                  "Actual Loops": 5,
                  "Filter": "((kind_id < 7) AND (production_year > 1922))",
                  "Rows Removed by Filter": 329299
                }
              ]
            }
          ]
        }
      ]
    },
    "Planning Time": 0.182,
    "Triggers": [],
    "Execution Time": 112.344
  }
]