[
  {
    "Plan": {
      "Node Type": "Aggregate",
      "Strategy": "Plain",
      "Partial Mode": "Finalize",
      "Parallel Aware": false,
      "Startup Cost": 33056.02,
      "Total Cost": 33056.03,
      "Plan Rows": 1,
      "Plan Width": 8,
      "Actual Startup Time": 91.245,
      "Actual Total Time": 100.258,
      "Actual Rows": 1,
      "Actual Loops": 1,
      "Plans": [
        {
          "Node Type": "Gather",
          "Parent Relationship": "Outer",
          "Parallel Aware": false,
          "Startup Cost": 33055.7,
          "Total Cost": 33056.01,
          "Plan Rows": 3,
          "Plan Width": 8,
          "Actual Startup Time": 90.973,
          "Actual Total Time": 100.25,
          "Actual Rows": 4,
          "Actual Loops": 1,
          "Workers Planned": 3,
          "Workers Launched": 3,
          "Single Copy": false,
          "Plans": [
            {
              "Node Type": "Aggregate",
              "Strategy": "Plain",
              "Partial Mode": "Partial",
              "Parent Relationship": "Outer",
              "Parallel Aware": false,
              "Startup Cost": 32055.7,
              "Total Cost": 32055.71,
              "Plan Rows": 1,
              "Plan Width": 8,
              "Actual Startup Time": 87.119,
              "Actual Total Time": 87.12,
              "Actual Rows": 1,
              "Actual Loops": 4,
              "Plans": [
                {
                  "Node Type": "Seq Scan",
                  "Parent Relationship": "Outer",
                  "Parallel Aware": true,
                  "Relation Name": "movie_companies",
                  "Alias": "mc",
                  "Startup Cost": 0.0,
                  "Total Cost": 31414.82,
                  "Plan Rows": 256354,
                  "Plan Width": 0,
                  "Actual Startup Time": 37.185,
                  "Actual Total Time": 75.788,
                  "Actual Rows": 251133,
                  "Actual Loops": 4,
                  "Filter": "((company_id > 6372) AND (company_type_id = 2))",
                  "Rows Removed by Filter": 401150
                }
              ]
            }
          ]
        }
      ]
    },
    "Planning Time": 0.087,
    "Triggers": [],
    "Execution Time": 100.285
  }
]