[
  {
    "Plan": {
      "Node Type": "Aggregate",
      "Strategy": "Plain",
      "Partial Mode": "Finalize",
      "Parallel Aware": false,
      "Startup Cost": 33047.9,
      "Total Cost": 33047.91,
      "Plan Rows": 1,
      "Plan Width": 8,
      "Actual Startup Time": 106.531,
      "Actual Total Time": 114.365,
      "Actual Rows": 1,
      "Actual Loops": 1,
      "Plans": [
        {
          "Node Type": "Gather",
          "Parent Relationship": "Outer",
          "Parallel Aware": false,
          "Startup Cost": 33047.58,
          "Total Cost": 33047.89,
          "Plan Rows": 3,
          "Plan Width": 8,
          "Actual Startup Time": 106.463,
          "Actual Total Time": 114.356,
          "Actual Rows": 4,
          "Actual Loops": 1,
          "Workers Planned": 3,
          "Workers Launched": 3,
          "Single Copy": false,
          "Plans": [
            {
              "Node Type": "Aggregate",
              "Strategy": "Plain",
              "Partial Mode": "Partial",
              "Parent Relationship": "Outer",
              "Parallel Aware": false,
              "Startup Cost": 32047.58,
              "Total Cost": 32047.59,
              "Plan Rows": 1,
              "Plan Width": 8,
              "Actual Startup Time": 98.581,
              "Actual Total Time": 98.582,
              "Actual Rows": 1,
              "Actual Loops": 4,
              "Plans": [
                {
                  "Node Type": "Seq Scan",
                  "Parent Relationship": "Outer",
                  "Parallel Aware": true,
                  "Relation Name": "movie_companies",
                  "Alias": "mc",
                  "Startup Cost": 0.0,
                  "Total Cost": 31414.82,
                  "Plan Rows": 253106,
                  "Plan Width": 0,
                  "Actual Startup Time": 50.889,
                  "Actual Total Time": 87.76,
                  "Actual Rows": 251133,
                  "Actual Loops": 4,
                  "Filter": "((company_id > 6372) AND (company_type_id = 2))",
                  "Rows Removed by Filter": 401150
                }
              ]
            }
          ]
        }
      ]
    },
    "Planning Time": 0.218,
    "Triggers": [],
    "Execution Time": 114.429
  }
]