[
  {
    "Plan": {
      "Node Type": "Aggregate",
      "Strategy": "Plain",
      "Partial Mode": "Finalize",
      "Parallel Aware": false,
      "Startup Cost": 229726.79,
      "Total Cost": 229726.8,
      "Plan Rows": 1,
      "Plan Width": 8,
      "Actual Startup Time": 236.206,
      "Actual Total Time": 256.292,
      "Actual Rows": 1,
      "Actual Loops": 1,
      "Plans": [
        {
          "Node Type": "Gather",
          "Parent Relationship": "Outer",
          "Parallel Aware": false,
          "Startup Cost": 229726.26,
          "Total Cost": 229726.77,
          "Plan Rows": 5,
          "Plan Width": 8,
          "Actual Startup Time": 234.753,
          "Actual Total Time": 256.272,
          "Actual Rows": 6,
          "Actual Loops": 1,
          "Workers Planned": 5,
          "Workers Launched": 5,
          "Single Copy": false,
          "Plans": [
            {
              "Node Type": "Aggregate",
              "Strategy": "Plain",
              "Partial Mode": "Partial",
              "Parent Relationship": "Outer",
              "Parallel Aware": false,
              "Startup Cost": 228726.26,
              "Total Cost": 228726.27,
              "Plan Rows": 1,
              "Plan Width": 8,
              "Actual Startup Time": 226.936,
              "Actual Total Time": 226.94,
              "Actual Rows": 1,
              "Actual Loops": 6,
              "Plans": [
                {
                  "Node Type": "Hash Join",
                  "Parent Relationship": "Outer",
                  "Parallel Aware": true,
                  "Join Type": "Inner",
                  "Startup Cost": 63728.39,
                  "Total Cost": 228696.79,
                  "Plan Rows": 11788,
                  "Plan Width": 0,
                  "Actual Startup Time": 147.069,
                  "Actual Total Time": 225.879,
                  "Actual Rows": 18566,
                  "Actual Loops": 6,
                  "Inner Unique": true,
                  "Hash Cond": "(mi.movie_id = t.id)",
                  "Plans": [
                    {
                      "Node Type": "Bitmap Heap Scan",
                      "Parent Relationship": "Outer",
                      "Parallel Aware": true,
                      "Relation Name": "movie_info",
                      "Alias": "mi",
                      "Startup Cost": 17775.36,
                      "Total Cost": 182227.37,
                      "Plan Rows": 196721,
                      "Plan Width": 4,
                      "Actual Startup Time": 46.151,
                      "Actual Total Time": 114.109,
                      "Actual Rows": 163120,
                      "Actual Loops": 6,
                      "Recheck Cond": "(info_type_id > 90)",
                      "Rows Removed by Index Recheck": 0,
                      "Exact Heap Blocks": 8723,
                      "Lossy Heap Blocks": 0,
                      "Plans": [
                        {
                          "Node Type": "Bitmap Index Scan",
                          "Parent Relationship": "Outer",
                          "Parallel Aware": false,
                          "Index Name": "info_type_id_movie_info",
                          "Startup Cost": 0.0,
                          "Total Cost": 17529.46,
                          "Plan Rows": 983603,
                          "Plan Width": 0,
                          "Actual Startup Time": 40.751,
                          "Actual Total Time": 40.752,
                          "Actual Rows": 978723,
                          "Actual Loops": 1,
                          "Index Cond": "(info_type_id > 90)"
                        }
                      ]
                    },
                    {
                      "Node Type": "Hash",
                      "Parent Relationship": "Inner",
                      "Parallel Aware": true,
                      "Startup Cost": 45479.59,
                      "Total Cost": 45479.59,
                      "Plan Rows": 37876,
                      "Plan Width": 4,
                      "Actual Startup Time": 82.456,
                      "Actual Total Time": 82.457,
                      "Actual Rows": 22460,
                      "Actual Loops": 6,
                      "Hash Buckets": 262144,
                      "Original Hash Buckets": 262144,
                      "Hash Batches": 1,
                      "Original Hash Batches": 1,
                      "Peak Memory Usage": 7456,
                      "Plans": [
                        {
                          "Node Type": "Seq Scan",
                          "Parent Relationship": "Outer",
                          "Parallel Aware": true,
                          "Relation Name": "title",
                          "Alias": "t",
                          "Startup Cost": 0.0,
                          "Total Cost": 45479.59,
                          "Plan Rows": 37876,
                          "Plan Width": 4,
                          "Actual Startup Time": 0.082,
                          "Actual Total Time": 73.595,
                          "Actual Rows": 22460,
                          "Actual Loops": 6,
                          "Filter": "((kind_id < 7) AND (production_year > 2010))",
                          "Rows Removed by Filter": 398925
                        }
                      ]
                    }
                  ]
                }
              ]
            }
          ]
        }
      ]
    },
    "Planning Time": 0.353,
    "Triggers": [],
    "Execution Time": 256.353
  }
]