{
  "Plan": {
    "Node Type": "Aggregate",
    "Strategy": "Plain",
    "Partial Mode": "Finalize",
    "Parallel Aware": false,
    "Startup Cost": 263625.44,
    "Total Cost": 263625.45,
    "Plan Rows": 1,
    "Plan Width": 8,
    "Actual Startup Time": 1457.785,
    "Actual Total Time": 1507.578,
    "Actual Rows": 1,
    "Actual Loops": 1,
    "Plans": [
      {
        "Node Type": "Gather",
        "Parent Relationship": "Outer",
        "Parallel Aware": false,
        "Startup Cost": 263625.33,
        "Total Cost": 263625.44,
        "Plan Rows": 1,
        "Plan Width": 8,
        "Actual Startup Time": 1457.271,
        "Actual Total Time": 1507.57,
        "Actual Rows": 2,
        "Actual Loops": 1,
        "Workers Planned": 1,
        "Workers Launched": 1,
        "Single Copy": false,
        "Plans": [
          {
            "Node Type": "Aggregate",
            "Strategy": "Plain",
            "Partial Mode": "Partial",
            "Parent Relationship": "Outer",
            "Parallel Aware": false,
            "Startup Cost": 262625.33,
            "Total Cost": 262625.34,
            "Plan Rows": 1,
            "Plan Width": 8,
            "Actual Startup Time": 1451.423,
            "Actual Total Time": 1451.427,
            "Actual Rows": 1,
            "Actual Loops": 2,
            "Plans": [
              {
                "Node Type": "Nested Loop",
                "Parent Relationship": "Outer",
                "Parallel Aware": false,
                "Join Type": "Inner",
                "Startup Cost": 55502.85,
                "Total Cost": 261593.9,
                "Plan Rows": 412571,
                "Plan Width": 0,
                "Actual Startup Time": 153.628,
                "Actual Total Time": 1332.875,
                "Actual Rows": 2787424,
                "Actual Loops": 2,
                "Inner Unique": false,
                "Join Filter": "(t.id = mi.movie_id)",
                "Rows Removed by Join Filter": 0,
                "Plans": [
                  {
                    "Node Type": "Hash Join",
                    "Parent Relationship": "Outer",
                    "Parallel Aware": true,
                    "Join Type": "Inner",
                    "Startup Cost": 55502.41,
                    "Total Cost": 116987.67,
                    "Plan Rows": 70558,
                    "Plan Width": 8,
                    "Actual Startup Time": 153.56,
                    "Actual Total Time": 436.262,
                    "Actual Rows": 50600,
                    "Actual Loops": 2,
                    "Inner Unique": true,
                    "Hash Cond": "(mk.movie_id = t.id)",
                    "Plans": [
                      {
                        "Node Type": "Seq Scan",
                        "Parent Relationship": "Outer",
                        "Parallel Aware": true,
                        "Relation Name": "movie_keyword",
                        "Alias": "mk",
                        "Startup Cost": 0.0,
                        "Total Cost": 57718.19,
                        "Plan Rows": 1435066,
                        "Plan Width": 4,
                        "Actual Startup Time": 0.011,
                        "Actual Total Time": 180.145,
                        "Actual Rows": 1219595,
                        "Actual Loops": 2,
                        "Filter": "(keyword_id < 5810)",
                        "Rows Removed by Filter": 1042370
                      },
                      {
                        "Node Type": "Hash",
                        "Parent Relationship": "Inner",
                        "Parallel Aware": true,
                        "Startup Cost": 54588.39,
                        "Total Cost": 54588.39,
                        "Plan Rows": 73122,
                        "Plan Width": 4,
                        "Actual Startup Time": 151.262,
                        "Actual Total Time": 151.263,
                        "Actual Rows": 59782,
                        "Actual Loops": 2,
                        "Hash Buckets": 131072,
                        "Original Hash Buckets": 131072,
                        "Hash Batches": 1,
                        "Original Hash Batches": 1,
                        "Peak Memory Usage": 5728,
                        "Plans": [
                          {
                            "Node Type": "Seq Scan",
                            "Parent Relationship": "Outer",
                            "Parallel Aware": true,
                            "Relation Name": "title",
                            "Alias": "t",
                            "Startup Cost": 0.0,
                            "Total Cost": 54588.39,
                            "Plan Rows": 73122,
                            "Plan Width": 4,
                            "Actual Startup Time": 0.043,
                            "Actual Total Time": 135.773,
                            "Actual Rows": 59782,
                            "Actual Loops": 2,
                            "Filter": "(production_year = 2007)",
                            "Rows Removed by Filter": 1204374
                          }
                        ]
                      }
                    ]
                  },
                  {
                    "Node Type": "Index Only Scan",
                    "Parent Relationship": "Inner",
                    "Parallel Aware": false,
                    "Scan Direction": "Forward",
                    "Index Name": "movie_id_movie_info",
                    "Relation Name": "movie_info",
                    "Alias": "mi",
                    "Startup Cost": 0.43,
                    "Total Cost": 1.52,
                    "Plan Rows": 42,
                    "Plan Width": 4,
                    "Actual Startup Time": 0.003,
                    "Actual Total Time": 0.013,
                    "Actual Rows": 55,
                    "Actual Loops": 101200,
                    "Index Cond": "(movie_id = mk.movie_id)",
                    "Rows Removed by Index Recheck": 0,
                    "Heap Fetches": 5574849
                  }
                ]
              }
            ]
          }
        ]
      }
    ]
  },
  "Planning Time": 0.892,
  "Triggers": [],
  "Execution Time": 1507.67
}