{
  "Plan": {
    "Node Type": "Aggregate",
    "Strategy": "Plain",
    "Partial Mode": "Finalize",
    "Parallel Aware": false,
    "Startup Cost": 242023.07,
    "Total Cost": 242023.08,
    "Plan Rows": 1,
    "Plan Width": 8,
    "Actual Startup Time": 2184.416,
    "Actual Total Time": 2210.639,
    "Actual Rows": 1,
    "Actual Loops": 1,
    "Plans": [
      {
        "Node Type": "Gather",
        "Parent Relationship": "Outer",
        "Parallel Aware": false,
        "Startup Cost": 242022.96,
        "Total Cost": 242023.07,
        "Plan Rows": 1,
        "Plan Width": 8,
        "Actual Startup Time": 2182.607,
        "Actual Total Time": 2210.627,
        "Actual Rows": 2,
        "Actual Loops": 1,
        "Workers Planned": 1,
        "Workers Launched": 1,
        "Single Copy": false,
        "Plans": [
          {
            "Node Type": "Aggregate",
            "Strategy": "Plain",
            "Partial Mode": "Partial",
            "Parent Relationship": "Outer",
            "Parallel Aware": false,
            "Startup Cost": 241022.96,
            "Total Cost": 241022.97,
            "Plan Rows": 1,
            "Plan Width": 8,
            "Actual Startup Time": 2177.34,
            "Actual Total Time": 2177.348,
            "Actual Rows": 1,
            "Actual Loops": 2,
            "Plans": [
              {
                "Node Type": "Hash Join",
                "Parent Relationship": "Outer",
                "Parallel Aware": true,
                "Join Type": "Inner",
                "Startup Cost": 173074.85,
                "Total Cost": 238964.02,
                "Plan Rows": 823574,
                "Plan Width": 0,
                "Actual Startup Time": 1363.487,
                "Actual Total Time": 2016.175,
                "Actual Rows": 3932278,
                "Actual Loops": 2,
                "Inner Unique": false,
                "Hash Cond": "(mk.movie_id = t.id)",
                "Plans": [
                  {
                    "Node Type": "Seq Scan",
                    "Parent Relationship": "Outer",
                    "Parallel Aware": true,
                    "Relation Name": "movie_keyword",
                    "Alias": "mk",
                    "Startup Cost": 0.0,
                    "Total Cost": 51065.35,
                    "Plan Rows": 2661135,
                    "Plan Width": 4,
                    "Actual Startup Time": 0.018,
                    "Actual Total Time": 158.62,
                    "Actual Rows": 2261965,
                    "Actual Loops": 2
                  },
                  {
                    "Node Type": "Hash",
                    "Parent Relationship": "Inner",
                    "Parallel Aware": true,
                    "Startup Cost": 167321.45,
                    "Total Cost": 167321.45,
                    "Plan Rows": 460272,
                    "Plan Width": 8,
                    "Actual Startup Time": 1354.714,
                    "Actual Total Time": 1354.717,
                    "Actual Rows": 474554,
                    "Actual Loops": 2,
                    "Hash Buckets": 1048576,
                    "Original Hash Buckets": 1048576,
                    "Hash Batches": 1,
                    "Original Hash Batches": 1,
                    "Peak Memory Usage": 45344,
                    "Plans": [
                      {
                        "Node Type": "Merge Join",
                        "Parent Relationship": "Outer",
                        "Parallel Aware": false,
                        "Join Type": "Inner",
                        "Startup Cost": 2.99,
                        "Total Cost": 167321.45,
                        "Plan Rows": 460272,
                        "Plan Width": 8,
                        "Actual Startup Time": 0.525,
                        "Actual Total Time": 1239.343,
                        "Actual Rows": 474554,
                        "Actual Loops": 2,
                        "Inner Unique": false,
                        "Merge Cond": "(t.id = mi_idx.movie_id)",
                        "Plans": [
                          {
                            "Node Type": "Index Scan",
                            "Parent Relationship": "Outer",
                            "Parallel Aware": true,
                            "Scan Direction": "Forward",
                            "Index Name": "title_pkey",
                            "Relation Name": "title",
                            "Alias": "t",
                            "Startup Cost": 0.43,
                            "Total Cost": 103647.43,
                            "Plan Rows": 843241,
                            "Plan Width": 4,
                            "Actual Startup Time": 0.078,
                            "Actual Total Time": 812.704,
                            "Actual Rows": 721196,
                            "Actual Loops": 2,
                            "Filter": "(production_year < 2006)",
                            "Rows Removed by Filter": 541770
                          },
                          {
                            "Node Type": "Index Only Scan",
                            "Parent Relationship": "Inner",
                            "Parallel Aware": false,
                            "Scan Direction": "Forward",
                            "Index Name": "movie_id_movie_info_idx",
                            "Relation Name": "movie_info_idx",
                            "Alias": "mi_idx",
                            "Startup Cost": 0.43,
                            "Total Cost": 53620.22,
                            "Plan Rows": 1380035,
                            "Plan Width": 4,
                            "Actual Startup Time": 0.158,
                            "Actual Total Time": 292.161,
                            "Actual Rows": 1380035,
                            "Actual Loops": 2,
                            "Heap Fetches": 2760070
                          }
                        ]
                      }
                    ]
                  }
                ]
              }
            ]
          }
        ]
      }
    ]
  },
  "Planning Time": 0.998,
  "Triggers": [],
  "Execution Time": 2210.756
}