{
  "Plan": {
    "Node Type": "Aggregate",
    "Strategy": "Plain",
    "Partial Mode": "Finalize",
    "Parallel Aware": false,
    "Startup Cost": 118346.73,
    "Total Cost": 118346.74,
    "Plan Rows": 1,
    "Plan Width": 8,
    "Actual Startup Time": 652.958,
    "Actual Total Time": 670.448,
    "Actual Rows": 1,
    "Actual Loops": 1,
    "Plans": [
      {
        "Node Type": "Gather",
        "Parent Relationship": "Outer",
        "Parallel Aware": false,
        "Startup Cost": 118346.62,
        "Total Cost": 118346.73,
        "Plan Rows": 1,
        "Plan Width": 8,
        "Actual Startup Time": 652.321,
        "Actual Total Time": 670.44,
        "Actual Rows": 2,
        "Actual Loops": 1,
        "Workers Planned": 1,
        "Workers Launched": 1,
        "Single Copy": false,
        "Plans": [
          {
            "Node Type": "Aggregate",
            "Strategy": "Plain",
            "Partial Mode": "Partial",
            "Parent Relationship": "Outer",
            "Parallel Aware": false,
            "Startup Cost": 117346.62,
            "Total Cost": 117346.63,
            "Plan Rows": 1,
            "Plan Width": 8,
            "Actual Startup Time": 646.627,
            "Actual Total Time": 646.63,
            "Actual Rows": 1,
            "Actual Loops": 2,
            "Plans": [
              {
                "Node Type": "Hash Join",
                "Parent Relationship": "Outer",
                "Parallel Aware": true,
                "Join Type": "Inner",
                "Startup Cost": 59035.04,
                "Total Cost": 117085.89,
                "Plan Rows": 104294,
                "Plan Width": 0,
                "Actual Startup Time": 193.434,
                "Actual Total Time": 628.503,
                "Actual Rows": 360205,
                "Actual Loops": 2,
                "Inner Unique": true,
                "Hash Cond": "(mk.movie_id = t.id)",
                "Plans": [
                  {
                    "Node Type": "Seq Scan",
                    "Parent Relationship": "Outer",
                    "Parallel Aware": true,
                    "Relation Name": "movie_keyword",
                    "Alias": "mk",
                    "Startup Cost": 0.0,
                    "Total Cost": 51065.35,
                    "Plan Rows": 2661135,
                    "Plan Width": 4,
                    "Actual Startup Time": 0.018,
                    "Actual Total Time": 186.659,
                    "Actual Rows": 2261965,
                    "Actual Loops": 2
                  },
                  {
                    "Node Type": "Hash",
                    "Parent Relationship": "Inner",
                    "Parallel Aware": true,
                    "Startup Cost": 58306.47,
                    "Total Cost": 58306.47,
                    "Plan Rows": 58286,
                    "Plan Width": 4,
                    "Actual Startup Time": 190.93,
                    "Actual Total Time": 190.931,
                    "Actual Rows": 101717,
                    "Actual Loops": 2,
                    "Hash Buckets": 262144,
                    "Original Hash Buckets": 131072,
                    "Hash Batches": 1,
                    "Original Hash Batches": 1,
                    "Peak Memory Usage": 11072,
                    "Plans": [
                      {
                        "Node Type": "Seq Scan",
                        "Parent Relationship": "Outer",
                        "Parallel Aware": true,
                        "Relation Name": "title",
                        "Alias": "t",
                        "Startup Cost": 0.0,
                        "Total Cost": 58306.47,
                        "Plan Rows": 58286,
                        "Plan Width": 4,
                        "Actual Startup Time": 0.341,
                        "Actual Total Time": 162.156,
                        "Actual Rows": 101717,
                        "Actual Loops": 2,
                        "Filter": "((kind_id < 7) AND (production_year < 1962))",
                        "Rows Removed by Filter": 1162439
                      }
                    ]
                  }
                ]
              }
            ]
          }
        ]
      }
    ]
  },
  "Planning Time": 0.443,
  "Triggers": [],
  "Execution Time": 670.52
}