{
  "Plan": {
    "Node Type": "Aggregate",
    "Strategy": "Plain",
    "Partial Mode": "Finalize",
    "Parallel Aware": false,
    "Startup Cost": 929090.15,
    "Total Cost": 929090.16,
    "Plan Rows": 1,
    "Plan Width": 64,
    "Actual Startup Time": 14147.331,
    "Actual Total Time": 14162.871,
    "Actual Rows": 1,
    "Actual Loops": 1,
    "Plans": [
      {
        "Node Type": "Gather",
        "Parent Relationship": "Outer",
        "Parallel Aware": false,
        "Startup Cost": 929090.03,
        "Total Cost": 929090.14,
        "Plan Rows": 1,
        "Plan Width": 64,
        "Actual Startup Time": 14147.322,
        "Actual Total Time": 14162.862,
        "Actual Rows": 1,
        "Actual Loops": 1,
        "Workers Planned": 1,
        "Workers Launched": 0,
        "Single Copy": false,
        "Plans": [
          {
            "Node Type": "Aggregate",
            "Strategy": "Plain",
            "Partial Mode": "Partial",
            "Parent Relationship": "Outer",
            "Parallel Aware": false,
            "Startup Cost": 928090.03,
            "Total Cost": 928090.04,
            "Plan Rows": 1,
            "Plan Width": 64,
            "Actual Startup Time": 14146.196,
            "Actual Total Time": 14146.213,
            "Actual Rows": 1,
            "Actual Loops": 1,
            "Plans": [
              {
                "Node Type": "Hash Join",
                "Parent Relationship": "Outer",
                "Parallel Aware": false,
                "Join Type": "Inner",
                "Startup Cost": 419627.96,
                "Total Cost": 928084.6,
                "Plan Rows": 1086,
                "Plan Width": 32,
                "Actual Startup Time": 3361.223,
                "Actual Total Time": 14018.494,
                "Actual Rows": 987702,
                "Actual Loops": 1,
                "Inner Unique": true,
                "Hash Cond": "(mi.info_type_id = it.id)",
                "Plans": [
                  {
                    "Node Type": "Hash Join",
                    "Parent Relationship": "Outer",
                    "Parallel Aware": true,
                    "Join Type": "Inner",
                    "Startup Cost": 419625.53,
                    "Total Cost": 927747.91,
                    "Plan Rows": 122738,
                    "Plan Width": 36,
                    "Actual Startup Time": 3361.161,
                    "Actual Total Time": 13578.528,
                    "Actual Rows": 5761270,
                    "Actual Loops": 1,
                    "Inner Unique": true,
                    "Hash Cond": "(ci.person_id = n.id)",
                    "Plans": [
                      {
                        "Node Type": "Nested Loop",
                        "Parent Relationship": "Outer",
                        "Parallel Aware": false,
                        "Join Type": "Inner",
                        "Startup Cost": 326363.47,
                        "Total Cost": 833077.08,
                        "Plan Rows": 536674,
                        "Plan Width": 29,
                        "Actual Startup Time": 2510.288,
                        "Actual Total Time": 11865.059,
                        "Actual Rows": 5762310,
                        "Actual Loops": 1,
                        "Inner Unique": true,
                        "Plans": [
                          {
                            "Node Type": "Nested Loop",
                            "Parent Relationship": "Outer",
                            "Parallel Aware": false,
                            "Join Type": "Inner",
                            "Startup Cost": 326363.04,
                            "Total Cost": 551629.72,
                            "Plan Rows": 536674,
                            "Plan Width": 33,
                            "Actual Startup Time": 2510.258,
                            "Actual Total Time": 4775.947,
                            "Actual Rows": 6141546,
                            "Actual Loops": 1,
                            "Inner Unique": false,
                            "Plans": [
                              {
                                "Node Type": "Hash Join",
                                "Parent Relationship": "Outer",
                                "Parallel Aware": true,
                                "Join Type": "Inner",
                                "Startup Cost": 326362.6,
                                "Total Cost": 383484.74,
                                "Plan Rows": 91436,
                                "Plan Width": 41,
                                "Actual Startup Time": 2510.221,
                                "Actual Total Time": 3045.931,
                                "Actual Rows": 133017,
                                "Actual Loops": 1,
                                "Inner Unique": false,
                                "Hash Cond": "(t.id = mc.movie_id)",
                                "Plans": [
                                  {
                                    "Node Type": "Seq Scan",
                                    "Parent Relationship": "Outer",
                                    "Parallel Aware": true,
                                    "Relation Name": "title",
                                    "Alias": "t",
                                    "Startup Cost": 0.0,
                                    "Total Cost": 54587.68,
                                    "Plan Rows": 532425,
                                    "Plan Width": 21,
                                    "Actual Startup Time": 0.019,
                                    "Actual Total Time": 276.46,
                                    "Actual Rows": 904491,
                                    "Actual Loops": 1,
                                    "Filter": "(production_year > 2006)",
                                    "Rows Removed by Filter": 1623821
                                  },
                                  {
                                    "Node Type": "Hash",
                                    "Parent Relationship": "Inner",
                                    "Parallel Aware": true,
                                    "Startup Cost": 323170.09,
                                    "Total Cost": 323170.09,
                                    "Plan Rows": 255401,
                                    "Plan Width": 20,
                                    "Actual Startup Time": 2507.603,
                                    "Actual Total Time": 2507.614,
                                    "Actual Rows": 444136,
                                    "Actual Loops": 1,
                                    "Hash Buckets": 524288,
                                    "Original Hash Buckets": 524288,
                                    "Hash Batches": 1,
                                    "Original Hash Batches": 1,
                                    "Peak Memory Usage": 28288,
                                    "Plans": [
                                      {
                                        "Node Type": "Merge Join",
                                        "Parent Relationship": "Outer",
                                        "Parallel Aware": false,
                                        "Join Type": "Inner",
                                        "Startup Cost": 316669.52,
                                        "Total Cost": 323170.09,
                                        "Plan Rows": 255401,
                                        "Plan Width": 20,
                                        "Actual Startup Time": 2270.543,
                                        "Actual Total Time": 2417.971,
                                        "Actual Rows": 444136,
                                        "Actual Loops": 1,
                                        "Inner Unique": true,
                                        "Merge Cond": "(mc.company_id = cn.id)",
                                        "Plans": [
                                          {
                                            "Node Type": "Sort",
                                            "Parent Relationship": "Outer",
                                            "Parallel Aware": false,
                                            "Startup Cost": 303756.84,
                                            "Total Cost": 305517.27,
                                            "Plan Rows": 704169,
                                            "Plan Width": 24,
                                            "Actual Startup Time": 2224.0,
                                            "Actual Total Time": 2273.652,
                                            "Actual Rows": 781709,
                                            "Actual Loops": 1,
                                            "Sort Key": [
                                              "mc.company_id"
                                            ],
                                            "Sort Method": "quicksort",
                                            "Sort Space Used": 85648,
                                            "Sort Space Type": "Memory",
                                            "Plans": [
                                              {
                                                "Node Type": "Hash Join",
                                                "Parent Relationship": "Outer",
                                                "Parallel Aware": false,
                                                "Join Type": "Inner",
                                                "Startup Cost": 176916.64,
                                                "Total Cost": 235362.45,
                                                "Plan Rows": 704169,
                                                "Plan Width": 24,
                                                "Actual Startup Time": 1401.724,
                                                "Actual Total Time": 2088.662,
                                                "Actual Rows": 781709,
                                                "Actual Loops": 1,
                                                "Inner Unique": false,
                                                "Hash Cond": "(mc.movie_id = ci.movie_id)",
                                                "Plans": [
                                                  {
                                                    "Node Type": "Seq Scan",
                                                    "Parent Relationship": "Outer",
                                                    "Parallel Aware": true,
                                                    "Relation Name": "movie_companies",
                                                    "Alias": "mc",
                                                    "Startup Cost": 0.0,
                                                    "Total Cost": 34137.82,
                                                    "Plan Rows": 1534782,
                                                    "Plan Width": 8,
                                                    "Actual Startup Time": 0.008,
                                                    "Actual Total Time": 204.147,
                                                    "Actual Rows": 2609129,
                                                    "Actual Loops": 1
                                                  },
                                                  {
                                                    "Node Type": "Hash",
                                                    "Parent Relationship": "Inner",
                                                    "Parallel Aware": false,
                                                    "Startup Cost": 170857.49,
                                                    "Total Cost": 170857.49,
                                                    "Plan Rows": 484732,
                                                    "Plan Width": 16,
                                                    "Actual Startup Time": 1400.235,
                                                    "Actual Total Time": 1400.241,
                                                    "Actual Rows": 408491,
                                                    "Actual Loops": 1,
                                                    "Hash Buckets": 524288,
                                                    "Original Hash Buckets": 524288,
                                                    "Hash Batches": 1,
                                                    "Original Hash Batches": 1,
                                                    "Peak Memory Usage": 23170,
                                                    "Plans": [
                                                      {
                                                        "Node Type": "Hash Join",
                                                        "Parent Relationship": "Outer",
                                                        "Parallel Aware": false,
                                                        "Join Type": "Inner",
                                                        "Startup Cost": 31676.78,
                                                        "Total Cost": 170857.49,
                                                        "Plan Rows": 484732,
                                                        "Plan Width": 16,
                                                        "Actual Startup Time": 272.739,
                                                        "Actual Total Time": 1333.145,
                                                        "Actual Rows": 408491,
                                                        "Actual Loops": 1,
                                                        "Inner Unique": false,
                                                        "Hash Cond": "(ci.person_id = an.person_id)",
                                                        "Plans": [
                                                          {
                                                            "Node Type": "Nested Loop",
                                                            "Parent Relationship": "Outer",
                                                            "Parallel Aware": false,
                                                            "Join Type": "Inner",
                                                            "Startup Cost": 0.56,
                                                            "Total Cost": 133300.41,
                                                            "Plan Rows": 206710,
                                                            "Plan Width": 12,
                                                            "Actual Startup Time": 0.158,
                                                            "Actual Total Time": 990.12,
                                                            "Actual Rows": 222710,
                                                            "Actual Loops": 1,
                                                            "Inner Unique": false,
                                                            "Plans": [
                                                              {
                                                                "Node Type": "Seq Scan",
                                                                "Parent Relationship": "Outer",
                                                                "Parallel Aware": false,
                                                                "Relation Name": "role_type",
                                                                "Alias": "rt",
                                                                "Startup Cost": 0.0,
                                                                "Total Cost": 1.15,
                                                                "Plan Rows": 1,
                                                                "Plan Width": 4,
                                                                "Actual Startup Time": 0.02,
                                                                "Actual Total Time": 0.025,
                                                                "Actual Rows": 1,
                                                                "Actual Loops": 1,
                                                                "Filter": "((role)::text = 'actress'::text)",
                                                                "Rows Removed by Filter": 11
                                                              },
                                                              {
                                                                "Node Type": "Index Scan",
                                                                "Parent Relationship": "Inner",
                                                                "Parallel Aware": false,
                                                                "Scan Direction": "Forward",
                                                                "Index Name": "role_id_cast_info",
                                                                "Relation Name": "cast_info",
                                                                "Alias": "ci",
                                                                "Startup Cost": 0.56,
                                                                "Total Cost": 131044.24,
                                                                "Plan Rows": 225502,
                                                                "Plan Width": 16,
                                                                "Actual Startup Time": 0.131,
                                                                "Actual Total Time": 972.934,
                                                                "Actual Rows": 222710,
                                                                "Actual Loops": 1,
                                                                "Index Cond": "(role_id = rt.id)",
                                                                "Rows Removed by Index Recheck": 0,
                                                                "Filter": "(note = ANY ('{(voice),\"(executive producer)\",(writer),\"(as Fatima)\"}'::text[]))",
                                                                "Rows Removed by Filter": 7229263
                                                              }
                                                            ]
                                                          },
                                                          {
                                                            "Node Type": "Hash",
                                                            "Parent Relationship": "Inner",
                                                            "Parallel Aware": false,
                                                            "Startup Cost": 20409.43,
                                                            "Total Cost": 20409.43,
                                                            "Plan Rows": 901343,
                                                            "Plan Width": 4,
                                                            "Actual Startup Time": 270.4,
                                                            "Actual Total Time": 270.401,
                                                            "Actual Rows": 901343,
                                                            "Actual Loops": 1,
                                                            "Hash Buckets": 1048576,
                                                            "Original Hash Buckets": 1048576,
                                                            "Hash Batches": 1,
                                                            "Original Hash Batches": 1,
                                                            "Peak Memory Usage": 39880,
                                                            "Plans": [
                                                              {
                                                                "Node Type": "Seq Scan",
                                                                "Parent Relationship": "Outer",
                                                                "Parallel Aware": false,
                                                                "Relation Name": "aka_name",
                                                                "Alias": "an",
                                                                "Startup Cost": 0.0,
                                                                "Total Cost": 20409.43,
                                                                "Plan Rows": 901343,
                                                                "Plan Width": 4,
                                                                "Actual Startup Time": 0.014,
                                                                "Actual Total Time": 114.964,
                                                                "Actual Rows": 901343,
                                                                "Actual Loops": 1
                                                              }
                                                            ]
                                                          }
                                                        ]
                                                      }
                                                    ]
                                                  }
                                                ]
                                              }
                                            ]
                                          },
                                          {
                                            "Node Type": "Sort",
                                            "Parent Relationship": "Inner",
                                            "Parallel Aware": false,
                                            "Startup Cost": 12912.67,
                                            "Total Cost": 13125.75,
                                            "Plan Rows": 85233,
                                            "Plan Width": 4,
                                            "Actual Startup Time": 46.529,
                                            "Actual Total Time": 59.03,
                                            "Actual Rows": 84843,
                                            "Actual Loops": 1,
                                            "Sort Key": [
                                              "cn.id"
                                            ],
                                            "Sort Method": "quicksort",
                                            "Sort Space Used": 7050,
                                            "Sort Space Type": "Memory",
                                            "Plans": [
                                              {
                                                "Node Type": "Seq Scan",
                                                "Parent Relationship": "Outer",
                                                "Parallel Aware": false,
                                                "Relation Name": "company_name",
                                                "Alias": "cn",
                                                "Startup Cost": 0.0,
                                                "Total Cost": 5932.46,
                                                "Plan Rows": 85233,
                                                "Plan Width": 4,
                                                "Actual Startup Time": 0.029,
                                                "Actual Total Time": 27.522,
                                                "Actual Rows": 84843,
                                                "Actual Loops": 1,
                                                "Filter": "((country_code)::text = '[us]'::text)",
                                                "Rows Removed by Filter": 150154
                                              }
                                            ]
                                          }
                                        ]
                                      }
                                    ]
                                  }
                                ]
                              },
                              {
                                "Node Type": "Index Scan",
                                "Parent Relationship": "Inner",
                                "Parallel Aware": false,
                                "Scan Direction": "Forward",
                                "Index Name": "movie_id_movie_info",
                                "Relation Name": "movie_info",
                                "Alias": "mi",
                                "Startup Cost": 0.43,
                                "Total Cost": 1.45,
                                "Plan Rows": 39,
                                "Plan Width": 8,
                                "Actual Startup Time": 0.002,
                                "Actual Total Time": 0.008,
                                "Actual Rows": 46,
                                "Actual Loops": 133017,
                                "Index Cond": "(movie_id = mc.movie_id)",
                                "Rows Removed by Index Recheck": 0
                              }
                            ]
                          },
                          {
                            "Node Type": "Index Only Scan",
                            "Parent Relationship": "Inner",
                            "Parallel Aware": false,
                            "Scan Direction": "Forward",
                            "Index Name": "char_name_pkey",
                            "Relation Name": "char_name",
                            "Alias": "chn",
                            "Startup Cost": 0.43,
                            "Total Cost": 0.52,
                            "Plan Rows": 1,
                            "Plan Width": 4,
                            "Actual Startup Time": 0.001,
                            "Actual Total Time": 0.001,
                            "Actual Rows": 1,
                            "Actual Loops": 6141546,
                            "Index Cond": "(id = ci.person_role_id)",
                            "Rows Removed by Index Recheck": 0,
                            "Heap Fetches": 5762310
                          }
                        ]
                      },
                      {
                        "Node Type": "Hash",
                        "Parent Relationship": "Inner",
                        "Parallel Aware": true,
                        "Startup Cost": 86254.38,
                        "Total Cost": 86254.38,
                        "Plan Rows": 560615,
                        "Plan Width": 19,
                        "Actual Startup Time": 834.197,
                        "Actual Total Time": 834.198,
                        "Actual Rows": 961555,
                        "Actual Loops": 1,
                        "Hash Buckets": 1048576,
                        "Original Hash Buckets": 1048576,
                        "Hash Batches": 1,
                        "Original Hash Batches": 1,
                        "Peak Memory Usage": 60512,
                        "Plans": [
                          {
                            "Node Type": "Seq Scan",
                            "Parent Relationship": "Outer",
                            "Parallel Aware": true,
                            "Relation Name": "name",
                            "Alias": "n",
                            "Startup Cost": 0.0,
                            "Total Cost": 86254.38,
                            "Plan Rows": 560615,
                            "Plan Width": 19,
                            "Actual Startup Time": 189.572,
                            "Actual Total Time": 511.165,
                            "Actual Rows": 961555,
                            "Actual Loops": 1,
                            "Filter": "((gender)::text = 'f'::text)",
                            "Rows Removed by Filter": 3205936
                          }
                        ]
                      }
                    ]
                  },
                  {
                    "Node Type": "Hash",
                    "Parent Relationship": "Inner",
                    "Parallel Aware": false,
                    "Startup Cost": 2.41,
                    "Total Cost": 2.41,
                    "Plan Rows": 1,
                    "Plan Width": 4,
                    "Actual Startup Time": 0.048,
                    "Actual Total Time": 0.049,
                    "Actual Rows": 1,
                    "Actual Loops": 1,
                    "Hash Buckets": 1024,
                    "Original Hash Buckets": 1024,
                    "Hash Batches": 1,
                    "Original Hash Batches": 1,
                    "Peak Memory Usage": 9,
                    "Plans": [
                      {
                        "Node Type": "Seq Scan",
                        "Parent Relationship": "Outer",
                        "Parallel Aware": false,
                        "Relation Name": "info_type",
                        "Alias": "it",
                        "Startup Cost": 0.0,
                        "Total Cost": 2.41,
                        "Plan Rows": 1,
                        "Plan Width": 4,
                        "Actual Startup Time": 0.027,
                        "Actual Total Time": 0.042,
                        "Actual Rows": 1,
                        "Actual Loops": 1,
                        "Filter": "((info)::text = 'release dates'::text)",
                        "Rows Removed by Filter": 112
                      }
                    ]
                  }
                ]
              }
            ]
          }
        ]
      }
    ]
  },
  "Planning Time": 2.245,
  "Triggers": [],
  "Execution Time": 14163.757
}