[
    {
        "Bao": {
            "Bao prediction": 846.843,
            "Bao recommended hint": "SET enable_nestloop TO off; "
        }
    },
    {
        "Plan": {
            "Node Type": "Aggregate",
            "Strategy": "Plain",
            "Partial Mode": "Finalize",
            "Parallel Aware": false,
            "Startup Cost": 85602.87,
            "Total Cost": 85602.88,
            "Plan Rows": 1,
            "Plan Width": 8,
            "Actual Startup Time": 659.736,
            "Actual Total Time": 671.805,
            "Actual Rows": 1,
            "Actual Loops": 1,
            "Output": [
                "count(*)"
            ],
            "Plans": [
                {
                    "Node Type": "Gather",
                    "Parent Relationship": "Outer",
                    "Parallel Aware": false,
                    "Startup Cost": 85602.45,
                    "Total Cost": 85602.86,
                    "Plan Rows": 4,
                    "Plan Width": 8,
                    "Actual Startup Time": 643.32,
                    "Actual Total Time": 671.795,
                    "Actual Rows": 5,
                    "Actual Loops": 1,
                    "Output": [
                        "(PARTIAL count(*))"
                    ],
                    "Workers Planned": 4,
                    "Workers Launched": 4,
                    "Single Copy": false,
                    "Plans": [
                        {
                            "Node Type": "Aggregate",
                            "Strategy": "Plain",
                            "Partial Mode": "Partial",
                            "Parent Relationship": "Outer",
                            "Parallel Aware": false,
                            "Startup Cost": 84602.45,
                            "Total Cost": 84602.46,
                            "Plan Rows": 1,
                            "Plan Width": 8,
                            "Actual Startup Time": 633.9,
                            "Actual Total Time": 633.905,
                            "Actual Rows": 1,
                            "Actual Loops": 5,
                            "Output": [
                                "PARTIAL count(*)"
                            ],
                            "Workers": [
                                {
                                    "Worker Number": 0,
                                    "Actual Startup Time": 631.389,
                                    "Actual Total Time": 631.395,
                                    "Actual Rows": 1,
                                    "Actual Loops": 1
                                },
                                {
                                    "Worker Number": 1,
                                    "Actual Startup Time": 631.39,
                                    "Actual Total Time": 631.395,
                                    "Actual Rows": 1,
                                    "Actual Loops": 1
                                },
                                {
                                    "Worker Number": 2,
                                    "Actual Startup Time": 632.07,
                                    "Actual Total Time": 632.074,
                                    "Actual Rows": 1,
                                    "Actual Loops": 1
                                },
                                {
                                    "Worker Number": 3,
                                    "Actual Startup Time": 632.177,
                                    "Actual Total Time": 632.181,
                                    "Actual Rows": 1,
                                    "Actual Loops": 1
                                }
                            ],
                            "Plans": [
                                {
                                    "Node Type": "Hash Join",
                                    "Parent Relationship": "Outer",
                                    "Parallel Aware": false,
                                    "Join Type": "Inner",
                                    "Startup Cost": 39911.54,
                                    "Total Cost": 84602.37,
                                    "Plan Rows": 33,
                                    "Plan Width": 0,
                                    "Actual Startup Time": 516.921,
                                    "Actual Total Time": 633.878,
                                    "Actual Rows": 131,
                                    "Actual Loops": 5,
                                    "Inner Unique": false,
                                    "Hash Cond": "(t.id = mi_idx.movie_id)",
                                    "Workers": [
                                        {
                                            "Worker Number": 0,
                                            "Actual Startup Time": 510.804,
                                            "Actual Total Time": 631.369,
                                            "Actual Rows": 108,
                                            "Actual Loops": 1
                                        },
                                        {
                                            "Worker Number": 1,
                                            "Actual Startup Time": 508.834,
                                            "Actual Total Time": 631.366,
                                            "Actual Rows": 141,
                                            "Actual Loops": 1
                                        },
                                        {
                                            "Worker Number": 2,
                                            "Actual Startup Time": 509.344,
                                            "Actual Total Time": 632.048,
                                            "Actual Rows": 126,
                                            "Actual Loops": 1
                                        },
                                        {
                                            "Worker Number": 3,
                                            "Actual Startup Time": 548.127,
                                            "Actual Total Time": 632.158,
                                            "Actual Rows": 87,
                                            "Actual Loops": 1
                                        }
                                    ],
                                    "Plans": [
                                        {
                                            "Node Type": "Seq Scan",
                                            "Parent Relationship": "Outer",
                                            "Parallel Aware": true,
                                            "Relation Name": "title",
                                            "Schema": "public",
                                            "Alias": "t",
                                            "Startup Cost": 0.0,
                                            "Total Cost": 42318.81,
                                            "Plan Rows": 632080,
                                            "Plan Width": 4,
                                            "Actual Startup Time": 0.025,
                                            "Actual Total Time": 79.982,
                                            "Actual Rows": 505662,
                                            "Actual Loops": 5,
                                            "Output": [
                                                "t.id",
                                                "t.title",
                                                "t.imdb_index",
                                                "t.kind_id",
                                                "t.production_year",
                                                "t.imdb_id",
                                                "t.phonetic_code",
                                                "t.episode_of_id",
                                                "t.season_nr",
                                                "t.episode_nr",
                                                "t.series_years",
                                                "t.md5sum"
                                            ],
                                            "Workers": [
                                                {
                                                    "Worker Number": 0,
                                                    "Actual Startup Time": 0.03,
                                                    "Actual Total Time": 79.561,
                                                    "Actual Rows": 455466,
                                                    "Actual Loops": 1
                                                },
                                                {
                                                    "Worker Number": 1,
                                                    "Actual Startup Time": 0.031,
                                                    "Actual Total Time": 83.515,
                                                    "Actual Rows": 484334,
                                                    "Actual Loops": 1
                                                },
                                                {
                                                    "Worker Number": 2,
                                                    "Actual Startup Time": 0.031,
                                                    "Actual Total Time": 79.37,
                                                    "Actual Rows": 458113,
                                                    "Actual Loops": 1
                                                },
                                                {
                                                    "Worker Number": 3,
                                                    "Actual Startup Time": 0.02,
                                                    "Actual Total Time": 79.537,
                                                    "Actual Rows": 454240,
                                                    "Actual Loops": 1
                                                }
                                            ]
                                        },
                                        {
                                            "Node Type": "Hash",
                                            "Parent Relationship": "Inner",
                                            "Parallel Aware": false,
                                            "Startup Cost": 39902.92,
                                            "Total Cost": 39902.92,
                                            "Plan Rows": 690,
                                            "Plan Width": 8,
                                            "Actual Startup Time": 502.598,
                                            "Actual Total Time": 502.602,
                                            "Actual Rows": 654,
                                            "Actual Loops": 5,
                                            "Output": [
                                                "mi_idx.movie_id",
                                                "mk.movie_id"
                                            ],
                                            "Hash Buckets": 1024,
                                            "Original Hash Buckets": 1024,
                                            "Hash Batches": 1,
                                            "Original Hash Batches": 1,
                                            "Peak Memory Usage": 34,
                                            "Workers": [
                                                {
                                                    "Worker Number": 0,
                                                    "Actual Startup Time": 504.814,
                                                    "Actual Total Time": 504.818,
                                                    "Actual Rows": 654,
                                                    "Actual Loops": 1
                                                },
                                                {
                                                    "Worker Number": 1,
                                                    "Actual Startup Time": 497.994,
                                                    "Actual Total Time": 497.998,
                                                    "Actual Rows": 654,
                                                    "Actual Loops": 1
                                                },
                                                {
                                                    "Worker Number": 2,
                                                    "Actual Startup Time": 505.477,
                                                    "Actual Total Time": 505.48,
                                                    "Actual Rows": 654,
                                                    "Actual Loops": 1
                                                },
                                                {
                                                    "Worker Number": 3,
                                                    "Actual Startup Time": 505.586,
                                                    "Actual Total Time": 505.589,
                                                    "Actual Rows": 654,
                                                    "Actual Loops": 1
                                                }
                                            ],
                                            "Plans": [
                                                {
                                                    "Node Type": "Hash Join",
                                                    "Parent Relationship": "Outer",
                                                    "Parallel Aware": false,
                                                    "Join Type": "Inner",
                                                    "Startup Cost": 38992.11,
                                                    "Total Cost": 39902.92,
                                                    "Plan Rows": 690,
                                                    "Plan Width": 8,
                                                    "Actual Startup Time": 500.817,
                                                    "Actual Total Time": 502.425,
                                                    "Actual Rows": 654,
                                                    "Actual Loops": 5,
                                                    "Output": [
                                                        "mi_idx.movie_id",
                                                        "mk.movie_id"
                                                    ],
                                                    "Inner Unique": false,
                                                    "Hash Cond": "(mk.movie_id = mi_idx.movie_id)",
                                                    "Workers": [
                                                        {
                                                            "Worker Number": 0,
                                                            "Actual Startup Time": 502.877,
                                                            "Actual Total Time": 504.632,
                                                            "Actual Rows": 654,
                                                            "Actual Loops": 1
                                                        },
                                                        {
                                                            "Worker Number": 1,
                                                            "Actual Startup Time": 496.082,
                                                            "Actual Total Time": 497.81,
                                                            "Actual Rows": 654,
                                                            "Actual Loops": 1
                                                        },
                                                        {
                                                            "Worker Number": 2,
                                                            "Actual Startup Time": 503.329,
                                                            "Actual Total Time": 505.288,
                                                            "Actual Rows": 654,
                                                            "Actual Loops": 1
                                                        },
                                                        {
                                                            "Worker Number": 3,
                                                            "Actual Startup Time": 503.44,
                                                            "Actual Total Time": 505.405,
                                                            "Actual Rows": 654,
                                                            "Actual Loops": 1
                                                        }
                                                    ],
                                                    "Plans": [
                                                        {
                                                            "Node Type": "Bitmap Heap Scan",
                                                            "Parent Relationship": "Outer",
                                                            "Parallel Aware": false,
                                                            "Relation Name": "movie_keyword",
                                                            "Schema": "public",
                                                            "Alias": "mk",
                                                            "Startup Cost": 6.32,
                                                            "Total Cost": 908.7,
                                                            "Plan Rows": 244,
                                                            "Plan Width": 4,
                                                            "Actual Startup Time": 0.32,
                                                            "Actual Total Time": 1.656,
                                                            "Actual Rows": 250,
                                                            "Actual Loops": 5,
                                                            "Output": [
                                                                "mk.id",
                                                                "mk.movie_id",
                                                                "mk.keyword_id"
                                                            ],
                                                            "Recheck Cond": "(mk.keyword_id = 399)",
                                                            "Rows Removed by Index Recheck": 0,
                                                            "Exact Heap Blocks": 210,
                                                            "Lossy Heap Blocks": 0,
                                                            "Workers": [
                                                                {
                                                                    "Worker Number": 0,
                                                                    "Actual Startup Time": 0.358,
                                                                    "Actual Total Time": 1.815,
                                                                    "Actual Rows": 250,
                                                                    "Actual Loops": 1
                                                                },
                                                                {
                                                                    "Worker Number": 1,
                                                                    "Actual Startup Time": 0.382,
                                                                    "Actual Total Time": 1.874,
                                                                    "Actual Rows": 250,
                                                                    "Actual Loops": 1
                                                                },
                                                                {
                                                                    "Worker Number": 2,
                                                                    "Actual Startup Time": 0.318,
                                                                    "Actual Total Time": 1.982,
                                                                    "Actual Rows": 250,
                                                                    "Actual Loops": 1
                                                                },
                                                                {
                                                                    "Worker Number": 3,
                                                                    "Actual Startup Time": 0.333,
                                                                    "Actual Total Time": 2.001,
                                                                    "Actual Rows": 250,
                                                                    "Actual Loops": 1
                                                                }
                                                            ],
                                                            "Plans": [
                                                                {
                                                                    "Node Type": "Bitmap Index Scan",
                                                                    "Parent Relationship": "Outer",
                                                                    "Parallel Aware": false,
                                                                    "Index Name": "keyword_id_movie_keyword",
                                                                    "Startup Cost": 0.0,
                                                                    "Total Cost": 6.26,
                                                                    "Plan Rows": 244,
                                                                    "Plan Width": 0,
                                                                    "Actual Startup Time": 0.233,
                                                                    "Actual Total Time": 0.234,
                                                                    "Actual Rows": 250,
                                                                    "Actual Loops": 5,
                                                                    "Index Cond": "(mk.keyword_id = 399)",
                                                                    "Workers": [
                                                                        {
                                                                            "Worker Number": 0,
                                                                            "Actual Startup Time": 0.269,
                                                                            "Actual Total Time": 0.269,
                                                                            "Actual Rows": 250,
                                                                            "Actual Loops": 1
                                                                        },
                                                                        {
                                                                            "Worker Number": 1,
                                                                            "Actual Startup Time": 0.292,
                                                                            "Actual Total Time": 0.292,
                                                                            "Actual Rows": 250,
                                                                            "Actual Loops": 1
                                                                        },
                                                                        {
                                                                            "Worker Number": 2,
                                                                            "Actual Startup Time": 0.228,
                                                                            "Actual Total Time": 0.229,
                                                                            "Actual Rows": 250,
                                                                            "Actual Loops": 1
                                                                        },
                                                                        {
                                                                            "Worker Number": 3,
                                                                            "Actual Startup Time": 0.242,
                                                                            "Actual Total Time": 0.243,
                                                                            "Actual Rows": 250,
                                                                            "Actual Loops": 1
                                                                        }
                                                                    ]
                                                                }
                                                            ]
                                                        },
                                                        {
                                                            "Node Type": "Hash",
                                                            "Parent Relationship": "Inner",
                                                            "Parallel Aware": false,
                                                            "Startup Cost": 21735.35,
                                                            "Total Cost": 21735.35,
                                                            "Plan Rows": 1380035,
                                                            "Plan Width": 4,
                                                            "Actual Startup Time": 481.248,
                                                            "Actual Total Time": 481.25,
                                                            "Actual Rows": 1380035,
                                                            "Actual Loops": 5,
                                                            "Output": [
                                                                "mi_idx.movie_id"
                                                            ],
                                                            "Hash Buckets": 2097152,
                                                            "Original Hash Buckets": 2097152,
                                                            "Hash Batches": 1,
                                                            "Original Hash Batches": 1,
                                                            "Peak Memory Usage": 64901,
                                                            "Workers": [
                                                                {
                                                                    "Worker Number": 0,
                                                                    "Actual Startup Time": 484.672,
                                                                    "Actual Total Time": 484.674,
                                                                    "Actual Rows": 1380035,
                                                                    "Actual Loops": 1
                                                                },
                                                                {
                                                                    "Worker Number": 1,
                                                                    "Actual Startup Time": 476.015,
                                                                    "Actual Total Time": 476.016,
                                                                    "Actual Rows": 1380035,
                                                                    "Actual Loops": 1
                                                                },
                                                                {
                                                                    "Worker Number": 2,
                                                                    "Actual Startup Time": 484.873,
                                                                    "Actual Total Time": 484.874,
                                                                    "Actual Rows": 1380035,
                                                                    "Actual Loops": 1
                                                                },
                                                                {
                                                                    "Worker Number": 3,
                                                                    "Actual Startup Time": 484.905,
                                                                    "Actual Total Time": 484.906,
                                                                    "Actual Rows": 1380035,
                                                                    "Actual Loops": 1
                                                                }
                                                            ],
                                                            "Plans": [
                                                                {
                                                                    "Node Type": "Seq Scan",
                                                                    "Parent Relationship": "Outer",
                                                                    "Parallel Aware": false,
                                                                    "Relation Name": "movie_info_idx",
                                                                    "Schema": "public",
                                                                    "Alias": "mi_idx",
                                                                    "Startup Cost": 0.0,
                                                                    "Total Cost": 21735.35,
                                                                    "Plan Rows": 1380035,
                                                                    "Plan Width": 4,
                                                                    "Actual Startup Time": 0.053,
                                                                    "Actual Total Time": 185.862,
                                                                    "Actual Rows": 1380035,
                                                                    "Actual Loops": 5,
                                                                    "Output": [
                                                                        "mi_idx.movie_id"
                                                                    ],
                                                                    "Workers": [
                                                                        {
                                                                            "Worker Number": 0,
                                                                            "Actual Startup Time": 0.053,
                                                                            "Actual Total Time": 184.238,
                                                                            "Actual Rows": 1380035,
                                                                            "Actual Loops": 1
                                                                        },
                                                                        {
                                                                            "Worker Number": 1,
                                                                            "Actual Startup Time": 0.071,
                                                                            "Actual Total Time": 191.629,
                                                                            "Actual Rows": 1380035,
                                                                            "Actual Loops": 1
                                                                        },
                                                                        {
                                                                            "Worker Number": 2,
                                                                            "Actual Startup Time": 0.054,
                                                                            "Actual Total Time": 186.201,
                                                                            "Actual Rows": 1380035,
                                                                            "Actual Loops": 1
                                                                        },
                                                                        {
                                                                            "Worker Number": 3,
                                                                            "Actual Startup Time": 0.061,
                                                                            "Actual Total Time": 186.631,
                                                                            "Actual Rows": 1380035,
                                                                            "Actual Loops": 1
                                                                        }
                                                                    ]
                                                                }
                                                            ]
                                                        }
                                                    ]
                                                }
                                            ]
                                        }
                                    ]
                                }
                            ]
                        }
                    ]
                }
            ]
        },
        "Planning Time": 3387.482,
        "Triggers": [],
        "Execution Time": 673.748
    }
]