{
    "Plan": {
        "Node Type": "Aggregate",
        "Strategy": "Plain",
        "Partial Mode": "Simple",
        "Parallel Aware": false,
        "Startup Cost": 70016722578.65,
        "Total Cost": 70016722578.66,
        "Plan Rows": 1,
        "Plan Width": 128,
        "Actual Startup Time": 171154.699,
        "Actual Total Time": 171154.751,
        "Actual Rows": 1,
        "Actual Loops": 1,
        "Output": [
            "min(chn.name)",
            "min(mi_idx.info)",
            "min(n.name)",
            "min(t.title)"
        ],
        "Plans": [
            {
                "Node Type": "Nested Loop",
                "Parent Relationship": "Outer",
                "Parallel Aware": false,
                "Join Type": "Inner",
                "Startup Cost": 70016722553.6,
                "Total Cost": 70016722578.64,
                "Plan Rows": 1,
                "Plan Width": 53,
                "Actual Startup Time": 170733.983,
                "Actual Total Time": 171153.347,
                "Actual Rows": 4617,
                "Actual Loops": 1,
                "Output": [
                    "chn.name",
                    "mi_idx.info",
                    "n.name",
                    "t.title"
                ],
                "Inner Unique": true,
                "Plans": [
                    {
                        "Node Type": "Hash Join",
                        "Parent Relationship": "Outer",
                        "Parallel Aware": false,
                        "Join Type": "Inner",
                        "Startup Cost": 60016722553.46,
                        "Total Cost": 60016722570.47,
                        "Plan Rows": 1,
                        "Plan Width": 57,
                        "Actual Startup Time": 170733.921,
                        "Actual Total Time": 171132.436,
                        "Actual Rows": 5138,
                        "Actual Loops": 1,
                        "Output": [
                            "chn.name",
                            "mi_idx.info",
                            "n.name",
                            "t.title",
                            "t.kind_id"
                        ],
                        "Inner Unique": false,
                        "Hash Cond": "(mk.keyword_id = k.id)",
                        "Plans": [
                            {
                                "Node Type": "Hash Join",
                                "Parent Relationship": "Outer",
                                "Parallel Aware": false,
                                "Join Type": "Inner",
                                "Startup Cost": 50016718585.51,
                                "Total Cost": 50016718602.25,
                                "Plan Rows": 71,
                                "Plan Width": 61,
                                "Actual Startup Time": 170707.228,
                                "Actual Total Time": 171080.286,
                                "Actual Rows": 516428,
                                "Actual Loops": 1,
                                "Output": [
                                    "chn.name",
                                    "mi_idx.info",
                                    "mk.keyword_id",
                                    "n.name",
                                    "t.title",
                                    "t.kind_id"
                                ],
                                "Inner Unique": false,
                                "Hash Cond": "(mk.movie_id = t.id)",
                                "Plans": [
                                    {
                                        "Node Type": "Merge Join",
                                        "Parent Relationship": "Outer",
                                        "Parallel Aware": false,
                                        "Join Type": "Inner",
                                        "Startup Cost": 40016631423.61,
                                        "Total Cost": 40016631439.06,
                                        "Plan Rows": 115,
                                        "Plan Width": 56,
                                        "Actual Startup Time": 169935.711,
                                        "Actual Total Time": 170173.993,
                                        "Actual Rows": 1446489,
                                        "Actual Loops": 1,
                                        "Output": [
                                            "cc.movie_id",
                                            "ci.movie_id",
                                            "chn.name",
                                            "mi_idx.info",
                                            "mi_idx.movie_id",
                                            "mk.movie_id",
                                            "mk.keyword_id",
                                            "n.name"
                                        ],
                                        "Inner Unique": false,
                                        "Merge Cond": "(cct2.id = cc.status_id)",
                                        "Plans": [
                                            {
                                                "Node Type": "Index Scan",
                                                "Parent Relationship": "Outer",
                                                "Parallel Aware": false,
                                                "Scan Direction": "Forward",
                                                "Index Name": "comp_cast_type_pkey",
                                                "Relation Name": "comp_cast_type",
                                                "Schema": "public",
                                                "Alias": "cct2",
                                                "Startup Cost": 0.13,
                                                "Total Cost": 12.2,
                                                "Plan Rows": 1,
                                                "Plan Width": 4,
                                                "Actual Startup Time": 0.02,
                                                "Actual Total Time": 0.045,
                                                "Actual Rows": 2,
                                                "Actual Loops": 1,
                                                "Output": [
                                                    "cct2.id",
                                                    "cct2.kind"
                                                ],
                                                "Filter": "((cct2.kind)::text ~~ '%complete%'::text)",
                                                "Rows Removed by Filter": 2
                                            },
                                            {
                                                "Node Type": "Sort",
                                                "Parent Relationship": "Inner",
                                                "Parallel Aware": false,
                                                "Startup Cost": 40016631423.48,
                                                "Total Cost": 40016631424.6,
                                                "Plan Rows": 451,
                                                "Plan Width": 60,
                                                "Actual Startup Time": 169935.682,
                                                "Actual Total Time": 169988.834,
                                                "Actual Rows": 1446489,
                                                "Actual Loops": 1,
                                                "Output": [
                                                    "cc.movie_id",
                                                    "cc.status_id",
                                                    "ci.movie_id",
                                                    "chn.name",
                                                    "mi_idx.info",
                                                    "mi_idx.movie_id",
                                                    "mk.movie_id",
                                                    "mk.keyword_id",
                                                    "n.name"
                                                ],
                                                "Sort Key": [
                                                    "cc.status_id"
                                                ],
                                                "Sort Method": "quicksort",
                                                "Sort Space Used": 250067,
                                                "Sort Space Type": "Memory",
                                                "Plans": [
                                                    {
                                                        "Node Type": "Merge Join",
                                                        "Parent Relationship": "Outer",
                                                        "Parallel Aware": false,
                                                        "Join Type": "Inner",
                                                        "Startup Cost": 40016611153.24,
                                                        "Total Cost": 40016631403.59,
                                                        "Plan Rows": 451,
                                                        "Plan Width": 60,
                                                        "Actual Startup Time": 168666.655,
                                                        "Actual Total Time": 169616.488,
                                                        "Actual Rows": 1446489,
                                                        "Actual Loops": 1,
                                                        "Output": [
                                                            "cc.movie_id",
                                                            "cc.status_id",
                                                            "ci.movie_id",
                                                            "chn.name",
                                                            "mi_idx.info",
                                                            "mi_idx.movie_id",
                                                            "mk.movie_id",
                                                            "mk.keyword_id",
                                                            "n.name"
                                                        ],
                                                        "Inner Unique": false,
                                                        "Merge Cond": "(ci.person_id = n.id)",
                                                        "Plans": [
                                                            {
                                                                "Node Type": "Sort",
                                                                "Parent Relationship": "Outer",
                                                                "Parallel Aware": false,
                                                                "Startup Cost": 30016055624.65,
                                                                "Total Cost": 30016055625.78,
                                                                "Plan Rows": 451,
                                                                "Plan Width": 49,
                                                                "Actual Startup Time": 167038.953,
                                                                "Actual Total Time": 167178.768,
                                                                "Actual Rows": 1446489,
                                                                "Actual Loops": 1,
                                                                "Output": [
                                                                    "cc.movie_id",
                                                                    "cc.status_id",
                                                                    "ci.movie_id",
                                                                    "ci.person_id",
                                                                    "chn.name",
                                                                    "mi_idx.info",
                                                                    "mi_idx.movie_id",
                                                                    "mk.movie_id",
                                                                    "mk.keyword_id"
                                                                ],
                                                                "Sort Key": [
                                                                    "ci.person_id"
                                                                ],
                                                                "Sort Method": "quicksort",
                                                                "Sort Space Used": 198932,
                                                                "Sort Space Type": "Memory",
                                                                "Plans": [
                                                                    {
                                                                        "Node Type": "Hash Join",
                                                                        "Parent Relationship": "Outer",
                                                                        "Parallel Aware": false,
                                                                        "Join Type": "Inner",
                                                                        "Startup Cost": 30015910756.94,
                                                                        "Total Cost": 30016055604.77,
                                                                        "Plan Rows": 451,
                                                                        "Plan Width": 49,
                                                                        "Actual Startup Time": 160991.851,
                                                                        "Actual Total Time": 166662.526,
                                                                        "Actual Rows": 1446489,
                                                                        "Actual Loops": 1,
                                                                        "Output": [
                                                                            "cc.movie_id",
                                                                            "cc.status_id",
                                                                            "ci.movie_id",
                                                                            "ci.person_id",
                                                                            "chn.name",
                                                                            "mi_idx.info",
                                                                            "mi_idx.movie_id",
                                                                            "mk.movie_id",
                                                                            "mk.keyword_id"
                                                                        ],
                                                                        "Inner Unique": true,
                                                                        "Hash Cond": "(cc.subject_id = cct1.id)",
                                                                        "Plans": [
                                                                            {
                                                                                "Node Type": "Merge Join",
                                                                                "Parent Relationship": "Outer",
                                                                                "Parallel Aware": false,
                                                                                "Join Type": "Inner",
                                                                                "Startup Cost": 20015910744.73,
                                                                                "Total Cost": 20016055582.76,
                                                                                "Plan Rows": 1812,
                                                                                "Plan Width": 53,
                                                                                "Actual Startup Time": 160991.825,
                                                                                "Actual Total Time": 166402.445,
                                                                                "Actual Rows": 2429739,
                                                                                "Actual Loops": 1,
                                                                                "Output": [
                                                                                    "cc.movie_id",
                                                                                    "cc.subject_id",
                                                                                    "cc.status_id",
                                                                                    "ci.movie_id",
                                                                                    "ci.person_id",
                                                                                    "chn.name",
                                                                                    "mi_idx.info",
                                                                                    "mi_idx.movie_id",
                                                                                    "mk.movie_id",
                                                                                    "mk.keyword_id"
                                                                                ],
                                                                                "Inner Unique": true,
                                                                                "Merge Cond": "(ci.person_role_id = chn.id)",
                                                                                "Plans": [
                                                                                    {
                                                                                        "Node Type": "Sort",
                                                                                        "Parent Relationship": "Outer",
                                                                                        "Parallel Aware": false,
                                                                                        "Startup Cost": 10015910732.87,
                                                                                        "Total Cost": 10015910846.04,
                                                                                        "Plan Rows": 45270,
                                                                                        "Plan Width": 41,
                                                                                        "Actual Startup Time": 160962.51,
                                                                                        "Actual Total Time": 162725.705,
                                                                                        "Actual Rows": 28241335,
                                                                                        "Actual Loops": 1,
                                                                                        "Output": [
                                                                                            "cc.movie_id",
                                                                                            "cc.subject_id",
                                                                                            "cc.status_id",
                                                                                            "ci.movie_id",
                                                                                            "ci.person_role_id",
                                                                                            "ci.person_id",
                                                                                            "mi_idx.info",
                                                                                            "mi_idx.movie_id",
                                                                                            "mk.movie_id",
                                                                                            "mk.keyword_id"
                                                                                        ],
                                                                                        "Sort Key": [
                                                                                            "ci.person_role_id"
                                                                                        ],
                                                                                        "Sort Method": "external merge",
                                                                                        "Sort Space Used": 2776480,
                                                                                        "Sort Space Type": "Disk",
                                                                                        "Plans": [
                                                                                            {
                                                                                                "Node Type": "Hash Join",
                                                                                                "Parent Relationship": "Outer",
                                                                                                "Parallel Aware": false,
                                                                                                "Join Type": "Inner",
                                                                                                "Startup Cost": 10005441646.61,
                                                                                                "Total Cost": 10015907232.08,
                                                                                                "Plan Rows": 45270,
                                                                                                "Plan Width": 41,
                                                                                                "Actual Startup Time": 81793.065,
                                                                                                "Actual Total Time": 132925.515,
                                                                                                "Actual Rows": 54639204,
                                                                                                "Actual Loops": 1,
                                                                                                "Output": [
                                                                                                    "cc.movie_id",
                                                                                                    "cc.subject_id",
                                                                                                    "cc.status_id",
                                                                                                    "ci.movie_id",
                                                                                                    "ci.person_role_id",
                                                                                                    "ci.person_id",
                                                                                                    "mi_idx.info",
                                                                                                    "mi_idx.movie_id",
                                                                                                    "mk.movie_id",
                                                                                                    "mk.keyword_id"
                                                                                                ],
                                                                                                "Inner Unique": false,
                                                                                                "Hash Cond": "(mi_idx.info_type_id = it2.id)",
                                                                                                "Plans": [
                                                                                                    {
                                                                                                        "Node Type": "Hash Join",
                                                                                                        "Parent Relationship": "Outer",
                                                                                                        "Parallel Aware": false,
                                                                                                        "Join Type": "Inner",
                                                                                                        "Startup Cost": 10005441644.19,
                                                                                                        "Total Cost": 10015887594.52,
                                                                                                        "Plan Rows": 5115320,
                                                                                                        "Plan Width": 45,
                                                                                                        "Actual Startup Time": 81793.023,
                                                                                                        "Actual Total Time": 124600.035,
                                                                                                        "Actual Rows": 79136862,
                                                                                                        "Actual Loops": 1,
                                                                                                        "Output": [
                                                                                                            "cc.movie_id",
                                                                                                            "cc.subject_id",
                                                                                                            "cc.status_id",
                                                                                                            "ci.movie_id",
                                                                                                            "ci.person_role_id",
                                                                                                            "ci.person_id",
                                                                                                            "mi_idx.info",
                                                                                                            "mi_idx.movie_id",
                                                                                                            "mi_idx.info_type_id",
                                                                                                            "mk.movie_id",
                                                                                                            "mk.keyword_id"
                                                                                                        ],
                                                                                                        "Inner Unique": false,
                                                                                                        "Hash Cond": "(mk.movie_id = mi_idx.movie_id)",
                                                                                                        "Plans": [
                                                                                                            {
                                                                                                                "Node Type": "Hash Join",
                                                                                                                "Parent Relationship": "Outer",
                                                                                                                "Parallel Aware": false,
                                                                                                                "Join Type": "Inner",
                                                                                                                "Startup Cost": 10005382137.94,
                                                                                                                "Total Cost": 10015573646.38,
                                                                                                                "Plan Rows": 24878727,
                                                                                                                "Plan Width": 32,
                                                                                                                "Actual Startup Time": 81553.386,
                                                                                                                "Actual Total Time": 108732.597,
                                                                                                                "Actual Rows": 157283028,
                                                                                                                "Actual Loops": 1,
                                                                                                                "Output": [
                                                                                                                    "cc.movie_id",
                                                                                                                    "cc.subject_id",
                                                                                                                    "cc.status_id",
                                                                                                                    "ci.movie_id",
                                                                                                                    "ci.person_role_id",
                                                                                                                    "ci.person_id",
                                                                                                                    "mk.movie_id",
                                                                                                                    "mk.keyword_id"
                                                                                                                ],
                                                                                                                "Inner Unique": false,
                                                                                                                "Hash Cond": "(cc.movie_id = mk.movie_id)",
                                                                                                                "Plans": [
                                                                                                                    {
                                                                                                                        "Node Type": "Index Scan",
                                                                                                                        "Parent Relationship": "Outer",
                                                                                                                        "Parallel Aware": false,
                                                                                                                        "Scan Direction": "Forward",
                                                                                                                        "Index Name": "subject_id_complete_cast",
                                                                                                                        "Relation Name": "complete_cast",
                                                                                                                        "Schema": "public",
                                                                                                                        "Alias": "cc",
                                                                                                                        "Startup Cost": 10000000000.42,
                                                                                                                        "Total Cost": 10000004164.71,
                                                                                                                        "Plan Rows": 135086,
                                                                                                                        "Plan Width": 12,
                                                                                                                        "Actual Startup Time": 0.037,
                                                                                                                        "Actual Total Time": 29.073,
                                                                                                                        "Actual Rows": 135086,
                                                                                                                        "Actual Loops": 1,
                                                                                                                        "Output": [
                                                                                                                            "cc.id",
                                                                                                                            "cc.movie_id",
                                                                                                                            "cc.subject_id",
                                                                                                                            "cc.status_id"
                                                                                                                        ]
                                                                                                                    },
                                                                                                                    {
                                                                                                                        "Node Type": "Hash",
                                                                                                                        "Parent Relationship": "Inner",
                                                                                                                        "Parallel Aware": false,
                                                                                                                        "Startup Cost": 3209699.13,
                                                                                                                        "Total Cost": 3209699.13,
                                                                                                                        "Plan Rows": 173795071,
                                                                                                                        "Plan Width": 20,
                                                                                                                        "Actual Startup Time": 81271.359,
                                                                                                                        "Actual Total Time": 81271.375,
                                                                                                                        "Actual Rows": 215765477,
                                                                                                                        "Actual Loops": 1,
                                                                                                                        "Output": [
                                                                                                                            "ci.movie_id",
                                                                                                                            "ci.person_role_id",
                                                                                                                            "ci.person_id",
                                                                                                                            "mk.movie_id",
                                                                                                                            "mk.keyword_id"
                                                                                                                        ],
                                                                                                                        "Hash Buckets": 67108864,
                                                                                                                        "Original Hash Buckets": 67108864,
                                                                                                                        "Hash Batches": 4,
                                                                                                                        "Original Hash Batches": 4,
                                                                                                                        "Peak Memory Usage": 3130506,
                                                                                                                        "Plans": [
                                                                                                                            {
                                                                                                                                "Node Type": "Hash Join",
                                                                                                                                "Parent Relationship": "Outer",
                                                                                                                                "Parallel Aware": false,
                                                                                                                                "Join Type": "Inner",
                                                                                                                                "Startup Cost": 1068374.89,
                                                                                                                                "Total Cost": 3209699.13,
                                                                                                                                "Plan Rows": 173795071,
                                                                                                                                "Plan Width": 20,
                                                                                                                                "Actual Startup Time": 16165.339,
                                                                                                                                "Actual Total Time": 44323.402,
                                                                                                                                "Actual Rows": 215765477,
                                                                                                                                "Actual Loops": 1,
                                                                                                                                "Output": [
                                                                                                                                    "ci.movie_id",
                                                                                                                                    "ci.person_role_id",
                                                                                                                                    "ci.person_id",
                                                                                                                                    "mk.movie_id",
                                                                                                                                    "mk.keyword_id"
                                                                                                                                ],
                                                                                                                                "Inner Unique": false,
                                                                                                                                "Hash Cond": "(mk.movie_id = ci.movie_id)",
                                                                                                                                "Plans": [
                                                                                                                                    {
                                                                                                                                        "Node Type": "Index Scan",
                                                                                                                                        "Parent Relationship": "Outer",
                                                                                                                                        "Parallel Aware": false,
                                                                                                                                        "Scan Direction": "Forward",
                                                                                                                                        "Index Name": "movie_id_movie_keyword",
                                                                                                                                        "Relation Name": "movie_keyword",
                                                                                                                                        "Schema": "public",
                                                                                                                                        "Alias": "mk",
                                                                                                                                        "Startup Cost": 0.43,
                                                                                                                                        "Total Cost": 177177.46,
                                                                                                                                        "Plan Rows": 4523930,
                                                                                                                                        "Plan Width": 8,
                                                                                                                                        "Actual Startup Time": 0.032,
                                                                                                                                        "Actual Total Time": 1348.219,
                                                                                                                                        "Actual Rows": 4523930,
                                                                                                                                        "Actual Loops": 1,
                                                                                                                                        "Output": [
                                                                                                                                            "mk.id",
                                                                                                                                            "mk.movie_id",
                                                                                                                                            "mk.keyword_id"
                                                                                                                                        ]
                                                                                                                                    },
                                                                                                                                    {
                                                                                                                                        "Node Type": "Hash",
                                                                                                                                        "Parent Relationship": "Inner",
                                                                                                                                        "Parallel Aware": false,
                                                                                                                                        "Startup Cost": 615214.76,
                                                                                                                                        "Total Cost": 615214.76,
                                                                                                                                        "Plan Rows": 36252776,
                                                                                                                                        "Plan Width": 12,
                                                                                                                                        "Actual Startup Time": 15866.499,
                                                                                                                                        "Actual Total Time": 15866.513,
                                                                                                                                        "Actual Rows": 36244344,
                                                                                                                                        "Actual Loops": 1,
                                                                                                                                        "Output": [
                                                                                                                                            "ci.movie_id",
                                                                                                                                            "ci.person_role_id",
                                                                                                                                            "ci.person_id"
                                                                                                                                        ],
                                                                                                                                        "Hash Buckets": 67108864,
                                                                                                                                        "Original Hash Buckets": 67108864,
                                                                                                                                        "Hash Batches": 1,
                                                                                                                                        "Original Hash Batches": 1,
                                                                                                                                        "Peak Memory Usage": 2008722,
                                                                                                                                        "Plans": [
                                                                                                                                            {
                                                                                                                                                "Node Type": "Seq Scan",
                                                                                                                                                "Parent Relationship": "Outer",
                                                                                                                                                "Parallel Aware": false,
                                                                                                                                                "Relation Name": "cast_info",
                                                                                                                                                "Schema": "public",
                                                                                                                                                "Alias": "ci",
                                                                                                                                                "Startup Cost": 0.0,
                                                                                                                                                "Total Cost": 615214.76,
                                                                                                                                                "Plan Rows": 36252776,
                                                                                                                                                "Plan Width": 12,
                                                                                                                                                "Actual Startup Time": 0.029,
                                                                                                                                                "Actual Total Time": 4074.262,
                                                                                                                                                "Actual Rows": 36244344,
                                                                                                                                                "Actual Loops": 1,
                                                                                                                                                "Output": [
                                                                                                                                                    "ci.movie_id",
                                                                                                                                                    "ci.person_role_id",
                                                                                                                                                    "ci.person_id"
                                                                                                                                                ]
                                                                                                                                            }
                                                                                                                                        ]
                                                                                                                                    }
                                                                                                                                ]
                                                                                                                            }
                                                                                                                        ]
                                                                                                                    }
                                                                                                                ]
                                                                                                            },
                                                                                                            {
                                                                                                                "Node Type": "Hash",
                                                                                                                "Parent Relationship": "Inner",
                                                                                                                "Parallel Aware": false,
                                                                                                                "Startup Cost": 57080.9,
                                                                                                                "Total Cost": 57080.9,
                                                                                                                "Plan Rows": 194028,
                                                                                                                "Plan Width": 13,
                                                                                                                "Actual Startup Time": 238.336,
                                                                                                                "Actual Total Time": 238.342,
                                                                                                                "Actual Rows": 192839,
                                                                                                                "Actual Loops": 1,
                                                                                                                "Output": [
                                                                                                                    "mi_idx.info",
                                                                                                                    "mi_idx.movie_id",
                                                                                                                    "mi_idx.info_type_id"
                                                                                                                ],
                                                                                                                "Hash Buckets": 262144,
                                                                                                                "Original Hash Buckets": 262144,
                                                                                                                "Hash Batches": 1,
                                                                                                                "Original Hash Batches": 1,
                                                                                                                "Peak Memory Usage": 10355,
                                                                                                                "Plans": [
                                                                                                                    {
                                                                                                                        "Node Type": "Index Scan",
                                                                                                                        "Parent Relationship": "Outer",
                                                                                                                        "Parallel Aware": false,
                                                                                                                        "Scan Direction": "Forward",
                                                                                                                        "Index Name": "movie_id_movie_info_idx",
                                                                                                                        "Relation Name": "movie_info_idx",
                                                                                                                        "Schema": "public",
                                                                                                                        "Alias": "mi_idx",
                                                                                                                        "Startup Cost": 0.43,
                                                                                                                        "Total Cost": 57080.9,
                                                                                                                        "Plan Rows": 194028,
                                                                                                                        "Plan Width": 13,
                                                                                                                        "Actual Startup Time": 0.029,
                                                                                                                        "Actual Total Time": 207.373,
                                                                                                                        "Actual Rows": 192839,
                                                                                                                        "Actual Loops": 1,
                                                                                                                        "Output": [
                                                                                                                            "mi_idx.info",
                                                                                                                            "mi_idx.movie_id",
                                                                                                                            "mi_idx.info_type_id"
                                                                                                                        ],
                                                                                                                        "Filter": "(mi_idx.info > '7.0'::text)",
                                                                                                                        "Rows Removed by Filter": 1187196
                                                                                                                    }
                                                                                                                ]
                                                                                                            }
                                                                                                        ]
                                                                                                    },
                                                                                                    {
                                                                                                        "Node Type": "Hash",
                                                                                                        "Parent Relationship": "Inner",
                                                                                                        "Parallel Aware": false,
                                                                                                        "Startup Cost": 2.41,
                                                                                                        "Total Cost": 2.41,
                                                                                                        "Plan Rows": 1,
                                                                                                        "Plan Width": 4,
                                                                                                        "Actual Startup Time": 0.022,
                                                                                                        "Actual Total Time": 0.022,
                                                                                                        "Actual Rows": 1,
                                                                                                        "Actual Loops": 1,
                                                                                                        "Output": [
                                                                                                            "it2.id"
                                                                                                        ],
                                                                                                        "Hash Buckets": 1024,
                                                                                                        "Original Hash Buckets": 1024,
                                                                                                        "Hash Batches": 1,
                                                                                                        "Original Hash Batches": 1,
                                                                                                        "Peak Memory Usage": 9,
                                                                                                        "Plans": [
                                                                                                            {
                                                                                                                "Node Type": "Seq Scan",
                                                                                                                "Parent Relationship": "Outer",
                                                                                                                "Parallel Aware": false,
                                                                                                                "Relation Name": "info_type",
                                                                                                                "Schema": "public",
                                                                                                                "Alias": "it2",
                                                                                                                "Startup Cost": 0.0,
                                                                                                                "Total Cost": 2.41,
                                                                                                                "Plan Rows": 1,
                                                                                                                "Plan Width": 4,
                                                                                                                "Actual Startup Time": 0.019,
                                                                                                                "Actual Total Time": 0.02,
                                                                                                                "Actual Rows": 1,
                                                                                                                "Actual Loops": 1,
                                                                                                                "Output": [
                                                                                                                    "it2.id"
                                                                                                                ],
                                                                                                                "Filter": "((it2.info)::text = 'rating'::text)",
                                                                                                                "Rows Removed by Filter": 112
                                                                                                            }
                                                                                                        ]
                                                                                                    }
                                                                                                ]
                                                                                            }
                                                                                        ]
                                                                                    },
                                                                                    {
                                                                                        "Node Type": "Index Scan",
                                                                                        "Parent Relationship": "Inner",
                                                                                        "Parallel Aware": false,
                                                                                        "Scan Direction": "Forward",
                                                                                        "Index Name": "char_name_pkey",
                                                                                        "Relation Name": "char_name",
                                                                                        "Schema": "public",
                                                                                        "Alias": "chn",
                                                                                        "Startup Cost": 10000000000.43,
                                                                                        "Total Cost": 10000144416.77,
                                                                                        "Plan Rows": 125596,
                                                                                        "Plan Width": 20,
                                                                                        "Actual Startup Time": 0.187,
                                                                                        "Actual Total Time": 1873.329,
                                                                                        "Actual Rows": 180148,
                                                                                        "Actual Loops": 1,
                                                                                        "Output": [
                                                                                            "chn.id",
                                                                                            "chn.name",
                                                                                            "chn.imdb_index",
                                                                                            "chn.imdb_id",
                                                                                            "chn.name_pcode_nf",
                                                                                            "chn.surname_pcode",
                                                                                            "chn.md5sum"
                                                                                        ],
                                                                                        "Filter": "((chn.name IS NOT NULL) AND ((chn.name ~~ '%man%'::text) OR (chn.name ~~ '%Man%'::text)))",
                                                                                        "Rows Removed by Filter": 2960143
                                                                                    }
                                                                                ]
                                                                            },
                                                                            {
                                                                                "Node Type": "Hash",
                                                                                "Parent Relationship": "Inner",
                                                                                "Parallel Aware": false,
                                                                                "Startup Cost": 10000000012.2,
                                                                                "Total Cost": 10000000012.2,
                                                                                "Plan Rows": 1,
                                                                                "Plan Width": 4,
                                                                                "Actual Startup Time": 0.011,
                                                                                "Actual Total Time": 0.012,
                                                                                "Actual Rows": 1,
                                                                                "Actual Loops": 1,
                                                                                "Output": [
                                                                                    "cct1.id"
                                                                                ],
                                                                                "Hash Buckets": 1024,
                                                                                "Original Hash Buckets": 1024,
                                                                                "Hash Batches": 1,
                                                                                "Original Hash Batches": 1,
                                                                                "Peak Memory Usage": 9,
                                                                                "Plans": [
                                                                                    {
                                                                                        "Node Type": "Index Scan",
                                                                                        "Parent Relationship": "Outer",
                                                                                        "Parallel Aware": false,
                                                                                        "Scan Direction": "Forward",
                                                                                        "Index Name": "comp_cast_type_pkey",
                                                                                        "Relation Name": "comp_cast_type",
                                                                                        "Schema": "public",
                                                                                        "Alias": "cct1",
                                                                                        "Startup Cost": 10000000000.13,
                                                                                        "Total Cost": 10000000012.2,
                                                                                        "Plan Rows": 1,
                                                                                        "Plan Width": 4,
                                                                                        "Actual Startup Time": 0.005,
                                                                                        "Actual Total Time": 0.007,
                                                                                        "Actual Rows": 1,
                                                                                        "Actual Loops": 1,
                                                                                        "Output": [
                                                                                            "cct1.id"
                                                                                        ],
                                                                                        "Filter": "((cct1.kind)::text = 'cast'::text)",
                                                                                        "Rows Removed by Filter": 3
                                                                                    }
                                                                                ]
                                                                            }
                                                                        ]
                                                                    }
                                                                ]
                                                            },
                                                            {
                                                                "Node Type": "Sort",
                                                                "Parent Relationship": "Inner",
                                                                "Parallel Aware": false,
                                                                "Startup Cost": 10000555526.5,
                                                                "Total Cost": 10000565945.37,
                                                                "Plan Rows": 4167549,
                                                                "Plan Width": 19,
                                                                "Actual Startup Time": 1627.574,
                                                                "Actual Total Time": 1935.086,
                                                                "Actual Rows": 4131974,
                                                                "Actual Loops": 1,
                                                                "Output": [
                                                                    "n.name",
                                                                    "n.id"
                                                                ],
                                                                "Sort Key": [
                                                                    "n.id"
                                                                ],
                                                                "Sort Method": "quicksort",
                                                                "Sort Space Used": 405945,
                                                                "Sort Space Type": "Memory",
                                                                "Plans": [
                                                                    {
                                                                        "Node Type": "Seq Scan",
                                                                        "Parent Relationship": "Outer",
                                                                        "Parallel Aware": false,
                                                                        "Relation Name": "name",
                                                                        "Schema": "public",
                                                                        "Alias": "n",
                                                                        "Startup Cost": 10000000000.0,
                                                                        "Total Cost": 10000097288.49,
                                                                        "Plan Rows": 4167549,
                                                                        "Plan Width": 19,
                                                                        "Actual Startup Time": 0.05,
                                                                        "Actual Total Time": 586.061,
                                                                        "Actual Rows": 4167491,
                                                                        "Actual Loops": 1,
                                                                        "Output": [
                                                                            "n.name",
                                                                            "n.id"
                                                                        ]
                                                                    }
                                                                ]
                                                            }
                                                        ]
                                                    }
                                                ]
                                            }
                                        ]
                                    },
                                    {
                                        "Node Type": "Hash",
                                        "Parent Relationship": "Inner",
                                        "Parallel Aware": false,
                                        "Startup Cost": 10000067602.02,
                                        "Total Cost": 10000067602.02,
                                        "Plan Rows": 1564790,
                                        "Plan Width": 25,
                                        "Actual Startup Time": 768.741,
                                        "Actual Total Time": 768.742,
                                        "Actual Rows": 1570568,
                                        "Actual Loops": 1,
                                        "Output": [
                                            "t.title",
                                            "t.kind_id",
                                            "t.id"
                                        ],
                                        "Hash Buckets": 2097152,
                                        "Original Hash Buckets": 2097152,
                                        "Hash Batches": 1,
                                        "Original Hash Batches": 1,
                                        "Peak Memory Usage": 106585,
                                        "Plans": [
                                            {
                                                "Node Type": "Seq Scan",
                                                "Parent Relationship": "Outer",
                                                "Parallel Aware": false,
                                                "Relation Name": "title",
                                                "Schema": "public",
                                                "Alias": "t",
                                                "Startup Cost": 10000000000.0,
                                                "Total Cost": 10000067602.02,
                                                "Plan Rows": 1564790,
                                                "Plan Width": 25,
                                                "Actual Startup Time": 0.021,
                                                "Actual Total Time": 331.615,
                                                "Actual Rows": 1570568,
                                                "Actual Loops": 1,
                                                "Output": [
                                                    "t.title",
                                                    "t.kind_id",
                                                    "t.id"
                                                ],
                                                "Filter": "(t.production_year > 1996)",
                                                "Rows Removed by Filter": 957744
                                            }
                                        ]
                                    }
                                ]
                            },
                            {
                                "Node Type": "Hash",
                                "Parent Relationship": "Inner",
                                "Parallel Aware": false,
                                "Startup Cost": 10000003967.83,
                                "Total Cost": 10000003967.83,
                                "Plan Rows": 10,
                                "Plan Width": 4,
                                "Actual Startup Time": 26.49,
                                "Actual Total Time": 26.491,
                                "Actual Rows": 9,
                                "Actual Loops": 1,
                                "Output": [
                                    "k.id"
                                ],
                                "Hash Buckets": 1024,
                                "Original Hash Buckets": 1024,
                                "Hash Batches": 1,
                                "Original Hash Batches": 1,
                                "Peak Memory Usage": 9,
                                "Plans": [
                                    {
                                        "Node Type": "Seq Scan",
                                        "Parent Relationship": "Outer",
                                        "Parallel Aware": false,
                                        "Relation Name": "keyword",
                                        "Schema": "public",
                                        "Alias": "k",
                                        "Startup Cost": 10000000000.0,
                                        "Total Cost": 10000003967.83,
                                        "Plan Rows": 10,
                                        "Plan Width": 4,
                                        "Actual Startup Time": 0.069,
                                        "Actual Total Time": 26.484,
                                        "Actual Rows": 9,
                                        "Actual Loops": 1,
                                        "Output": [
                                            "k.id"
                                        ],
                                        "Filter": "(k.keyword = ANY ('{fight,female-nudity,marvel-comics,violence,superhero,murder,fight,hand-to-hand-combat,martial-arts,tv-special}'::text[]))",
                                        "Rows Removed by Filter": 134161
                                    }
                                ]
                            }
                        ]
                    },
                    {
                        "Node Type": "Bitmap Heap Scan",
                        "Parent Relationship": "Inner",
                        "Parallel Aware": false,
                        "Relation Name": "kind_type",
                        "Schema": "public",
                        "Alias": "kt",
                        "Startup Cost": 0.14,
                        "Total Cost": 4.16,
                        "Plan Rows": 1,
                        "Plan Width": 4,
                        "Actual Startup Time": 0.002,
                        "Actual Total Time": 0.002,
                        "Actual Rows": 1,
                        "Actual Loops": 5138,
                        "Output": [
                            "kt.id",
                            "kt.kind"
                        ],
                        "Recheck Cond": "(kt.id = t.kind_id)",
                        "Rows Removed by Index Recheck": 0,
                        "Filter": "((kt.kind)::text = 'movie'::text)",
                        "Rows Removed by Filter": 0,
                        "Exact Heap Blocks": 5138,
                        "Lossy Heap Blocks": 0,
                        "Plans": [
                            {
                                "Node Type": "Bitmap Index Scan",
                                "Parent Relationship": "Outer",
                                "Parallel Aware": false,
                                "Index Name": "kind_type_pkey",
                                "Startup Cost": 0.0,
                                "Total Cost": 0.14,
                                "Plan Rows": 1,
                                "Plan Width": 0,
                                "Actual Startup Time": 0.001,
                                "Actual Total Time": 0.001,
                                "Actual Rows": 1,
                                "Actual Loops": 5138,
                                "Index Cond": "(kt.id = t.kind_id)"
                            }
                        ]
                    }
                ]
            }
        ]
    },
    "Planning Time": 39.459,
    "Triggers": [],
    "Execution Time": 171898.178
}