[
  {
    "Plan": {
      "Node Type": "Aggregate",
      "Strategy": "Plain",
      "Partial Mode": "Finalize",
      "Parallel Aware": false,
      "Startup Cost": 79130.65,
      "Total Cost": 79130.66,
      "Plan Rows": 1,
      "Plan Width": 8,
      "Actual Startup Time": 293.588,
      "Actual Total Time": 309.6,
      "Actual Rows": 1,
      "Actual Loops": 1,
      "Plans": [
        {
          "Node Type": "Gather",
          "Parent Relationship": "Outer",
          "Parallel Aware": false,
          "Startup Cost": 79130.33,
          "Total Cost": 79130.64,
          "Plan Rows": 3,
          "Plan Width": 8,
          "Actual Startup Time": 292.029,
          "Actual Total Time": 309.588,
          "Actual Rows": 4,
          "Actual Loops": 1,
          "Workers Planned": 3,
          "Workers Launched": 3,
          "Single Copy": false,
          "Plans": [
            {
              "Node Type": "Aggregate",
              "Strategy": "Plain",
              "Partial Mode": "Partial",
              "Parent Relationship": "Outer",
              "Parallel Aware": false,
              "Startup Cost": 78130.33,
              "Total Cost": 78130.34,
              "Plan Rows": 1,
              "Plan Width": 8,
              "Actual Startup Time": 283.491,
              "Actual Total Time": 283.496,
              "Actual Rows": 1,
              "Actual Loops": 4,
              "Plans": [
                {
                  "Node Type": "Hash Join",
                  "Parent Relationship": "Outer",
                  "Parallel Aware": true,
                  "Join Type": "Inner",
                  "Startup Cost": 46956.62,
                  "Total Cost": 77848.68,
                  "Plan Rows": 112659,
                  "Plan Width": 0,
                  "Actual Startup Time": 134.616,
                  "Actual Total Time": 279.147,
                  "Actual Rows": 106826,
                  "Actual Loops": 4,
                  "Inner Unique": true,
                  "Hash Cond": "(mc.movie_id = t.id)",
                  "Plans": [
                    {
                      "Node Type": "Seq Scan",
                      "Parent Relationship": "Outer",
                      "Parallel Aware": true,
                      "Relation Name": "movie_companies",
                      "Alias": "mc",
                      "Startup Cost": 0.0,
                      "Total Cost": 29310.68,
                      "Plan Rows": 602429,
                      "Plan Width": 4,
                      "Actual Startup Time": 0.018,
                      "Actual Total Time": 67.821,
                      "Actual Rows": 463190,
                      "Actual Loops": 4,
                      "Filter": "(company_id < 35991)",
                      "Rows Removed by Filter": 189092
                    },
                    {
                      "Node Type": "Hash",
                      "Parent Relationship": "Inner",
                      "Parallel Aware": true,
                      "Startup Cost": 45479.1,
                      "Total Cost": 45479.1,
                      "Plan Rows": 118202,
                      "Plan Width": 4,
                      "Actual Startup Time": 131.042,
                      "Actual Total Time": 131.045,
                      "Actual Rows": 99090,
                      "Actual Loops": 4,
                      "Hash Buckets": 524288,
                      "Original Hash Buckets": 524288,
                      "Hash Batches": 1,
                      "Original Hash Batches": 1,
                      "Peak Memory Usage": 19648,
                      "Plans": [
                        {
                          "Node Type": "Seq Scan",
                          "Parent Relationship": "Outer",
                          "Parallel Aware": true,
                          "Relation Name": "title",
                          "Alias": "t",
                          "Startup Cost": 0.0,
                          "Total Cost": 45479.1,
                          "Plan Rows": 118202,
                          "Plan Width": 4,
                          "Actual Startup Time": 0.062,
                          "Actual Total Time": 99.337,
                          "Actual Rows": 99090,
                          "Actual Loops": 4,
                          "Filter": "((kind_id < 7) AND (production_year > 2003))",
                          "Rows Removed by Filter": 532988
                        }
                      ]
                    }
                  ]
                }
              ]
            }
          ]
        }
      ]
    },
    "Planning Time": 0.613,
    "Triggers": [],
    "Execution Time": 309.668
  }
]