[
  {
    "Plan": {
      "Node Type": "Aggregate",
      "Strategy": "Plain",
      "Partial Mode": "Finalize",
      "Parallel Aware": false,
      "Startup Cost": 46583.4,
      "Total Cost": 46583.41,
      "Plan Rows": 1,
      "Plan Width": 8,
      "Actual Startup Time": 177.257,
      "Actual Total Time": 186.884,
      "Actual Rows": 1,
      "Actual Loops": 1,
      "Plans": [
        {
          "Node Type": "Gather",
          "Parent Relationship": "Outer",
          "Parallel Aware": false,
          "Startup Cost": 46583.09,
          "Total Cost": 46583.4,
          "Plan Rows": 3,
          "Plan Width": 8,
          "Actual Startup Time": 177.089,
          "Actual Total Time": 186.875,
          "Actual Rows": 4,
          "Actual Loops": 1,
          "Workers Planned": 3,
          "Workers Launched": 3,
          "Single Copy": false,
          "Plans": [
            {
              "Node Type": "Aggregate",
              "Strategy": "Plain",
              "Partial Mode": "Partial",
              "Parent Relationship": "Outer",
              "Parallel Aware": false,
              "Startup Cost": 45583.09,
              "Total Cost": 45583.1,
              "Plan Rows": 1,
              "Plan Width": 8,
              "Actual Startup Time": 171.375,
              "Actual Total Time": 171.376,
              "Actual Rows": 1,
              "Actual Loops": 4,
              "Plans": [
                {
                  "Node Type": "Seq Scan",
                  "Parent Relationship": "Outer",
                  "Parallel Aware": true,
                  "Relation Name": "movie_keyword",
                  "Alias": "mk",
                  "Startup Cost": 0.0,
                  "Total Cost": 42695.65,
                  "Plan Rows": 1154973,
                  "Plan Width": 0,
                  "Actual Startup Time": 0.042,
                  "Actual Total Time": 127.804,
                  "Actual Rows": 895754,
                  "Actual Loops": 4,
                  "Filter": "(keyword_id < 20158)",
                  "Rows Removed by Filter": 235228
                }
              ]
            }
          ]
        }
      ]
    },
    "Planning Time": 0.189,
    "Triggers": [],
    "Execution Time": 186.94
  }
]