[
    {
        "Bao": {
            "Bao prediction": "NaN",
            "Bao recommended hint": "(no hint)"
        }
    },
    {
        "Plan": {
            "Node Type": "Aggregate",
            "Strategy": "Plain",
            "Partial Mode": "Finalize",
            "Parallel Aware": false,
            "Startup Cost": 391606.42,
            "Total Cost": 391606.43,
            "Plan Rows": 1,
            "Plan Width": 8,
            "Actual Startup Time": 558.054,
            "Actual Total Time": 578.687,
            "Actual Rows": 1,
            "Actual Loops": 1,
            "Output": [
                "count(*)"
            ],
            "Plans": [
                {
                    "Node Type": "Gather",
                    "Parent Relationship": "Outer",
                    "Parallel Aware": false,
                    "Startup Cost": 391605.8,
                    "Total Cost": 391606.41,
                    "Plan Rows": 6,
                    "Plan Width": 8,
                    "Actual Startup Time": 549.783,
                    "Actual Total Time": 578.674,
                    "Actual Rows": 7,
                    "Actual Loops": 1,
                    "Output": [
                        "(PARTIAL count(*))"
                    ],
                    "Workers Planned": 6,
                    "Workers Launched": 6,
                    "Single Copy": false,
                    "Plans": [
                        {
                            "Node Type": "Aggregate",
                            "Strategy": "Plain",
                            "Partial Mode": "Partial",
                            "Parent Relationship": "Outer",
                            "Parallel Aware": false,
                            "Startup Cost": 390605.8,
                            "Total Cost": 390605.81,
                            "Plan Rows": 1,
                            "Plan Width": 8,
                            "Actual Startup Time": 539.576,
                            "Actual Total Time": 539.58,
                            "Actual Rows": 1,
                            "Actual Loops": 7,
                            "Output": [
                                "PARTIAL count(*)"
                            ],
                            "Workers": [
                                {
                                    "Worker Number": 0,
                                    "Actual Startup Time": 536.326,
                                    "Actual Total Time": 536.33,
                                    "Actual Rows": 1,
                                    "Actual Loops": 1
                                },
                                {
                                    "Worker Number": 1,
                                    "Actual Startup Time": 537.496,
                                    "Actual Total Time": 537.499,
                                    "Actual Rows": 1,
                                    "Actual Loops": 1
                                },
                                {
                                    "Worker Number": 2,
                                    "Actual Startup Time": 537.04,
                                    "Actual Total Time": 537.044,
                                    "Actual Rows": 1,
                                    "Actual Loops": 1
                                },
                                {
                                    "Worker Number": 3,
                                    "Actual Startup Time": 540.283,
                                    "Actual Total Time": 540.287,
                                    "Actual Rows": 1,
                                    "Actual Loops": 1
                                },
                                {
                                    "Worker Number": 4,
                                    "Actual Startup Time": 538.056,
                                    "Actual Total Time": 538.06,
                                    "Actual Rows": 1,
                                    "Actual Loops": 1
                                },
                                {
                                    "Worker Number": 5,
                                    "Actual Startup Time": 538.557,
                                    "Actual Total Time": 538.561,
                                    "Actual Rows": 1,
                                    "Actual Loops": 1
                                }
                            ],
                            "Plans": [
                                {
                                    "Node Type": "Hash Join",
                                    "Parent Relationship": "Outer",
                                    "Parallel Aware": true,
                                    "Join Type": "Inner",
                                    "Startup Cost": 127358.05,
                                    "Total Cost": 390252.28,
                                    "Plan Rows": 141406,
                                    "Plan Width": 0,
                                    "Actual Startup Time": 426.983,
                                    "Actual Total Time": 535.84,
                                    "Actual Rows": 57004,
                                    "Actual Loops": 7,
                                    "Inner Unique": true,
                                    "Hash Cond": "(ci.movie_id = t.id)",
                                    "Workers": [
                                        {
                                            "Worker Number": 0,
                                            "Actual Startup Time": 423.859,
                                            "Actual Total Time": 532.375,
                                            "Actual Rows": 51918,
                                            "Actual Loops": 1
                                        },
                                        {
                                            "Worker Number": 1,
                                            "Actual Startup Time": 424.314,
                                            "Actual Total Time": 533.777,
                                            "Actual Rows": 49011,
                                            "Actual Loops": 1
                                        },
                                        {
                                            "Worker Number": 2,
                                            "Actual Startup Time": 424.534,
                                            "Actual Total Time": 533.364,
                                            "Actual Rows": 48082,
                                            "Actual Loops": 1
                                        },
                                        {
                                            "Worker Number": 3,
                                            "Actual Startup Time": 427.777,
                                            "Actual Total Time": 536.298,
                                            "Actual Rows": 52284,
                                            "Actual Loops": 1
                                        },
                                        {
                                            "Worker Number": 4,
                                            "Actual Startup Time": 425.567,
                                            "Actual Total Time": 534.56,
                                            "Actual Rows": 68946,
                                            "Actual Loops": 1
                                        },
                                        {
                                            "Worker Number": 5,
                                            "Actual Startup Time": 426.051,
                                            "Actual Total Time": 535.086,
                                            "Actual Rows": 68256,
                                            "Actual Loops": 1
                                        }
                                    ],
                                    "Plans": [
                                        {
                                            "Node Type": "Bitmap Heap Scan",
                                            "Parent Relationship": "Outer",
                                            "Parallel Aware": true,
                                            "Relation Name": "cast_info",
                                            "Schema": "public",
                                            "Alias": "ci",
                                            "Startup Cost": 80637.74,
                                            "Total Cost": 342492.46,
                                            "Plan Rows": 396005,
                                            "Plan Width": 4,
                                            "Actual Startup Time": 266.994,
                                            "Actual Total Time": 318.849,
                                            "Actual Rows": 148479,
                                            "Actual Loops": 7,
                                            "Output": [
                                                "ci.id",
                                                "ci.person_id",
                                                "ci.movie_id",
                                                "ci.person_role_id",
                                                "ci.note",
                                                "ci.nr_order",
                                                "ci.role_id"
                                            ],
                                            "Recheck Cond": "(ci.person_id < 356575)",
                                            "Rows Removed by Index Recheck": 0,
                                            "Filter": "(ci.role_id > 1)",
                                            "Rows Removed by Filter": 382462,
                                            "Exact Heap Blocks": 5920,
                                            "Lossy Heap Blocks": 0,
                                            "Workers": [
                                                {
                                                    "Worker Number": 0,
                                                    "Actual Startup Time": 267.03,
                                                    "Actual Total Time": 320.579,
                                                    "Actual Rows": 136424,
                                                    "Actual Loops": 1
                                                },
                                                {
                                                    "Worker Number": 1,
                                                    "Actual Startup Time": 266.99,
                                                    "Actual Total Time": 321.118,
                                                    "Actual Rows": 127750,
                                                    "Actual Loops": 1
                                                },
                                                {
                                                    "Worker Number": 2,
                                                    "Actual Startup Time": 266.976,
                                                    "Actual Total Time": 321.266,
                                                    "Actual Rows": 127359,
                                                    "Actual Loops": 1
                                                },
                                                {
                                                    "Worker Number": 3,
                                                    "Actual Startup Time": 266.981,
                                                    "Actual Total Time": 320.023,
                                                    "Actual Rows": 135188,
                                                    "Actual Loops": 1
                                                },
                                                {
                                                    "Worker Number": 4,
                                                    "Actual Startup Time": 266.999,
                                                    "Actual Total Time": 317.749,
                                                    "Actual Rows": 177801,
                                                    "Actual Loops": 1
                                                },
                                                {
                                                    "Worker Number": 5,
                                                    "Actual Startup Time": 267.014,
                                                    "Actual Total Time": 317.685,
                                                    "Actual Rows": 178338,
                                                    "Actual Loops": 1
                                                }
                                            ],
                                            "Plans": [
                                                {
                                                    "Node Type": "Bitmap Index Scan",
                                                    "Parent Relationship": "Outer",
                                                    "Parallel Aware": false,
                                                    "Index Name": "person_id_cast_info",
                                                    "Startup Cost": 0.0,
                                                    "Total Cost": 80043.73,
                                                    "Plan Rows": 3667089,
                                                    "Plan Width": 0,
                                                    "Actual Startup Time": 175.8,
                                                    "Actual Total Time": 175.8,
                                                    "Actual Rows": 3716586,
                                                    "Actual Loops": 1,
                                                    "Index Cond": "(ci.person_id < 356575)",
                                                    "Workers": [
                                                        {
                                                            "Worker Number": 5,
                                                            "Actual Startup Time": 175.8,
                                                            "Actual Total Time": 175.8,
                                                            "Actual Rows": 3716586,
                                                            "Actual Loops": 1
                                                        }
                                                    ]
                                                }
                                            ]
                                        },
                                        {
                                            "Node Type": "Hash",
                                            "Parent Relationship": "Inner",
                                            "Parallel Aware": true,
                                            "Startup Cost": 43899.01,
                                            "Total Cost": 43899.01,
                                            "Plan Rows": 225704,
                                            "Plan Width": 4,
                                            "Actual Startup Time": 157.651,
                                            "Actual Total Time": 157.652,
                                            "Actual Rows": 129213,
                                            "Actual Loops": 7,
                                            "Output": [
                                                "t.id"
                                            ],
                                            "Hash Buckets": 1048576,
                                            "Original Hash Buckets": 1048576,
                                            "Hash Batches": 1,
                                            "Original Hash Batches": 1,
                                            "Peak Memory Usage": 43680,
                                            "Workers": [
                                                {
                                                    "Worker Number": 0,
                                                    "Actual Startup Time": 156.253,
                                                    "Actual Total Time": 156.254,
                                                    "Actual Rows": 127478,
                                                    "Actual Loops": 1
                                                },
                                                {
                                                    "Worker Number": 1,
                                                    "Actual Startup Time": 156.807,
                                                    "Actual Total Time": 156.808,
                                                    "Actual Rows": 120440,
                                                    "Actual Loops": 1
                                                },
                                                {
                                                    "Worker Number": 2,
                                                    "Actual Startup Time": 157.028,
                                                    "Actual Total Time": 157.029,
                                                    "Actual Rows": 120605,
                                                    "Actual Loops": 1
                                                },
                                                {
                                                    "Worker Number": 3,
                                                    "Actual Startup Time": 160.404,
                                                    "Actual Total Time": 160.406,
                                                    "Actual Rows": 86786,
                                                    "Actual Loops": 1
                                                },
                                                {
                                                    "Worker Number": 4,
                                                    "Actual Startup Time": 158.047,
                                                    "Actual Total Time": 158.048,
                                                    "Actual Rows": 166712,
                                                    "Actual Loops": 1
                                                },
                                                {
                                                    "Worker Number": 5,
                                                    "Actual Startup Time": 158.535,
                                                    "Actual Total Time": 158.537,
                                                    "Actual Rows": 165953,
                                                    "Actual Loops": 1
                                                }
                                            ],
                                            "Plans": [
                                                {
                                                    "Node Type": "Seq Scan",
                                                    "Parent Relationship": "Outer",
                                                    "Parallel Aware": true,
                                                    "Relation Name": "title",
                                                    "Schema": "public",
                                                    "Alias": "t",
                                                    "Startup Cost": 0.0,
                                                    "Total Cost": 43899.01,
                                                    "Plan Rows": 225704,
                                                    "Plan Width": 4,
                                                    "Actual Startup Time": 0.043,
                                                    "Actual Total Time": 90.735,
                                                    "Actual Rows": 129213,
                                                    "Actual Loops": 7,
                                                    "Output": [
                                                        "t.id"
                                                    ],
                                                    "Filter": "(t.production_year > 2006)",
                                                    "Rows Removed by Filter": 231974,
                                                    "Workers": [
                                                        {
                                                            "Worker Number": 0,
                                                            "Actual Startup Time": 0.042,
                                                            "Actual Total Time": 92.042,
                                                            "Actual Rows": 127478,
                                                            "Actual Loops": 1
                                                        },
                                                        {
                                                            "Worker Number": 1,
                                                            "Actual Startup Time": 0.055,
                                                            "Actual Total Time": 90.536,
                                                            "Actual Rows": 120440,
                                                            "Actual Loops": 1
                                                        },
                                                        {
                                                            "Worker Number": 2,
                                                            "Actual Startup Time": 0.066,
                                                            "Actual Total Time": 90.687,
                                                            "Actual Rows": 120605,
                                                            "Actual Loops": 1
                                                        },
                                                        {
                                                            "Worker Number": 3,
                                                            "Actual Startup Time": 0.024,
                                                            "Actual Total Time": 97.999,
                                                            "Actual Rows": 86786,
                                                            "Actual Loops": 1
                                                        },
                                                        {
                                                            "Worker Number": 4,
                                                            "Actual Startup Time": 0.054,
                                                            "Actual Total Time": 88.511,
                                                            "Actual Rows": 166712,
                                                            "Actual Loops": 1
                                                        },
                                                        {
                                                            "Worker Number": 5,
                                                            "Actual Startup Time": 0.048,
                                                            "Actual Total Time": 89.739,
                                                            "Actual Rows": 165953,
                                                            "Actual Loops": 1
                                                        }
                                                    ]
                                                }
                                            ]
                                        }
                                    ]
                                }
                            ]
                        }
                    ]
                }
            ]
        },
        "Planning Time": 291.723,
        "Triggers": [],
        "Execution Time": 578.769
    }
]