[
  {
    "Plan": {
      "Node Type": "Aggregate",
      "Strategy": "Plain",
      "Partial Mode": "Finalize",
      "Parallel Aware": false,
      "Startup Cost": 177832.16,
      "Total Cost": 177832.17,
      "Plan Rows": 1,
      "Plan Width": 8,
      "Actual Startup Time": 96.18,
      "Actual Total Time": 100.447,
      "Actual Rows": 1,
      "Actual Loops": 1,
      "Plans": [
        {
          "Node Type": "Gather",
          "Parent Relationship": "Outer",
          "Parallel Aware": false,
          "Startup Cost": 177831.64,
          "Total Cost": 177832.15,
          "Plan Rows": 5,
          "Plan Width": 8,
          "Actual Startup Time": 95.982,
          "Actual Total Time": 100.439,
          "Actual Rows": 6,
          "Actual Loops": 1,
          "Workers Planned": 5,
          "Workers Launched": 5,
          "Single Copy": false,
          "Plans": [
            {
              "Node Type": "Aggregate",
              "Strategy": "Plain",
              "Partial Mode": "Partial",
              "Parent Relationship": "Outer",
              "Parallel Aware": false,
              "Startup Cost": 176831.64,
              "Total Cost": 176831.65,
              "Plan Rows": 1,
              "Plan Width": 8,
              "Actual Startup Time": 85.801,
              "Actual Total Time": 85.802,
              "Actual Rows": 1,
              "Actual Loops": 6,
              "Plans": [
                {
                  "Node Type": "Bitmap Heap Scan",
                  "Parent Relationship": "Outer",
                  "Parallel Aware": true,
                  "Relation Name": "movie_info",
                  "Alias": "mi",
                  "Startup Cost": 12730.49,
                  "Total Cost": 176480.28,
                  "Plan Rows": 140543,
                  "Plan Width": 0,
                  "Actual Startup Time": 38.531,
                  "Actual Total Time": 76.587,
                  "Actual Rows": 110154,
                  "Actual Loops": 6,
                  "Recheck Cond": "(info_type_id = 18)",
                  "Rows Removed by Index Recheck": 0,
                  "Exact Heap Blocks": 2189,
                  "Lossy Heap Blocks": 0,
                  "Plans": [
                    {
                      "Node Type": "Bitmap Index Scan",
                      "Parent Relationship": "Outer",
                      "Parallel Aware": false,
                      "Index Name": "info_type_id_movie_info",
                      "Startup Cost": 0.0,
                      "Total Cost": 12554.81,
                      "Plan Rows": 702717,
                      "Plan Width": 0,
                      "Actual Startup Time": 46.044,
                      "Actual Total Time": 46.044,
                      "Actual Rows": 660923,
                      "Actual Loops": 1,
                      "Index Cond": "(info_type_id = 18)"
                    }
                  ]
                }
              ]
            }
          ]
        }
      ]
    },
    "Planning Time": 0.177,
    "Triggers": [],
    "Execution Time": 100.523
  }
]