[
    {
        "Bao": {
            "Bao prediction": "NaN",
            "Bao recommended hint": "(no hint)"
        }
    },
    {
        "Plan": {
            "Node Type": "Aggregate",
            "Strategy": "Plain",
            "Partial Mode": "Simple",
            "Parallel Aware": false,
            "Startup Cost": 2958.5,
            "Total Cost": 2958.51,
            "Plan Rows": 1,
            "Plan Width": 8,
            "Actual Startup Time": 4.391,
            "Actual Total Time": 4.394,
            "Actual Rows": 1,
            "Actual Loops": 1,
            "Output": [
                "count(*)"
            ],
            "Plans": [
                {
                    "Node Type": "Nested Loop",
                    "Parent Relationship": "Outer",
                    "Parallel Aware": false,
                    "Join Type": "Inner",
                    "Startup Cost": 6.75,
                    "Total Cost": 2957.89,
                    "Plan Rows": 244,
                    "Plan Width": 0,
                    "Actual Startup Time": 0.191,
                    "Actual Total Time": 4.343,
                    "Actual Rows": 342,
                    "Actual Loops": 1,
                    "Inner Unique": true,
                    "Plans": [
                        {
                            "Node Type": "Bitmap Heap Scan",
                            "Parent Relationship": "Outer",
                            "Parallel Aware": false,
                            "Relation Name": "movie_keyword",
                            "Schema": "public",
                            "Alias": "mk",
                            "Startup Cost": 6.32,
                            "Total Cost": 908.7,
                            "Plan Rows": 244,
                            "Plan Width": 4,
                            "Actual Startup Time": 0.171,
                            "Actual Total Time": 1.088,
                            "Actual Rows": 342,
                            "Actual Loops": 1,
                            "Output": [
                                "mk.id",
                                "mk.movie_id",
                                "mk.keyword_id"
                            ],
                            "Recheck Cond": "(mk.keyword_id = 7679)",
                            "Rows Removed by Index Recheck": 0,
                            "Exact Heap Blocks": 328,
                            "Lossy Heap Blocks": 0,
                            "Plans": [
                                {
                                    "Node Type": "Bitmap Index Scan",
                                    "Parent Relationship": "Outer",
                                    "Parallel Aware": false,
                                    "Index Name": "keyword_id_movie_keyword",
                                    "Startup Cost": 0.0,
                                    "Total Cost": 6.26,
                                    "Plan Rows": 244,
                                    "Plan Width": 0,
                                    "Actual Startup Time": 0.104,
                                    "Actual Total Time": 0.105,
                                    "Actual Rows": 342,
                                    "Actual Loops": 1,
                                    "Index Cond": "(mk.keyword_id = 7679)"
                                }
                            ]
                        },
                        {
                            "Node Type": "Index Only Scan",
                            "Parent Relationship": "Inner",
                            "Parallel Aware": false,
                            "Scan Direction": "Forward",
                            "Index Name": "title_pkey",
                            "Relation Name": "title",
                            "Schema": "public",
                            "Alias": "t",
                            "Startup Cost": 0.43,
                            "Total Cost": 8.4,
                            "Plan Rows": 1,
                            "Plan Width": 4,
                            "Actual Startup Time": 0.009,
                            "Actual Total Time": 0.009,
                            "Actual Rows": 1,
                            "Actual Loops": 342,
                            "Output": [
                                "t.id"
                            ],
                            "Index Cond": "(t.id = mk.movie_id)",
                            "Rows Removed by Index Recheck": 0,
                            "Heap Fetches": 342
                        }
                    ]
                }
            ]
        },
        "Planning Time": 289.446,
        "Triggers": [],
        "Execution Time": 4.461
    }
]