[
  {
    "Plan": {
      "Node Type": "Aggregate",
      "Strategy": "Plain",
      "Partial Mode": "Finalize",
      "Parallel Aware": false,
      "Startup Cost": 50217.84,
      "Total Cost": 50217.85,
      "Plan Rows": 1,
      "Plan Width": 8,
      "Actual Startup Time": 77.259,
      "Actual Total Time": 86.762,
      "Actual Rows": 1,
      "Actual Loops": 1,
      "Plans": [
        {
          "Node Type": "Gather",
          "Parent Relationship": "Outer",
          "Parallel Aware": false,
          "Startup Cost": 50217.42,
          "Total Cost": 50217.83,
          "Plan Rows": 4,
          "Plan Width": 8,
          "Actual Startup Time": 77.136,
          "Actual Total Time": 86.749,
          "Actual Rows": 5,
          "Actual Loops": 1,
          "Workers Planned": 4,
          "Workers Launched": 4,
          "Single Copy": false,
          "Plans": [
            {
              "Node Type": "Aggregate",
              "Strategy": "Plain",
              "Partial Mode": "Partial",
              "Parent Relationship": "Outer",
              "Parallel Aware": false,
              "Startup Cost": 49217.42,
              "Total Cost": 49217.43,
              "Plan Rows": 1,
              "Plan Width": 8,
              "Actual Startup Time": 71.961,
              "Actual Total Time": 71.962,
              "Actual Rows": 1,
              "Actual Loops": 5,
              "Plans": [
                {
                  "Node Type": "Index Scan",
                  "Parent Relationship": "Outer",
                  "Parallel Aware": true,
                  "Scan Direction": "Forward",
                  "Index Name": "role_id_cast_info",
                  "Relation Name": "cast_info",
                  "Alias": "ci",
                  "Startup Cost": 0.56,
                  "Total Cost": 49093.36,
                  "Plan Rows": 49622,
                  "Plan Width": 0,
                  "Actual Startup Time": 0.099,
                  "Actual Total Time": 69.639,
                  "Actual Rows": 39769,
                  "Actual Loops": 5,
                  "Index Cond": "(role_id = 8)",
                  "Rows Removed by Index Recheck": 0,
                  "Filter": "(person_id < 409483)",
                  "Rows Removed by Filter": 300940
                }
              ]
            }
          ]
        }
      ]
    },
    "Planning Time": 0.118,
    "Triggers": [],
    "Execution Time": 86.796
  }
]