[
  {
    "Plan": {
      "Node Type": "Aggregate",
      "Strategy": "Plain",
      "Partial Mode": "Finalize",
      "Parallel Aware": false,
      "Startup Cost": 48958.0,
      "Total Cost": 48958.01,
      "Plan Rows": 1,
      "Plan Width": 8,
      "Actual Startup Time": 87.303,
      "Actual Total Time": 93.614,
      "Actual Rows": 1,
      "Actual Loops": 1,
      "Plans": [
        {
          "Node Type": "Gather",
          "Parent Relationship": "Outer",
          "Parallel Aware": false,
          "Startup Cost": 48957.58,
          "Total Cost": 48957.99,
          "Plan Rows": 4,
          "Plan Width": 8,
          "Actual Startup Time": 87.191,
          "Actual Total Time": 93.606,
          "Actual Rows": 5,
          "Actual Loops": 1,
          "Workers Planned": 4,
          "Workers Launched": 4,
          "Single Copy": false,
          "Plans": [
            {
              "Node Type": "Aggregate",
              "Strategy": "Plain",
              "Partial Mode": "Partial",
              "Parent Relationship": "Outer",
              "Parallel Aware": false,
              "Startup Cost": 47957.58,
              "Total Cost": 47957.59,
              "Plan Rows": 1,
              "Plan Width": 8,
              "Actual Startup Time": 77.892,
              "Actual Total Time": 77.893,
              "Actual Rows": 1,
              "Actual Loops": 5,
              "Plans": [
                {
                  "Node Type": "Index Scan",
                  "Parent Relationship": "Outer",
                  "Parallel Aware": true,
                  "Scan Direction": "Forward",
                  "Index Name": "role_id_cast_info",
                  "Relation Name": "cast_info",
                  "Alias": "ci",
                  "Startup Cost": 0.56,
                  "Total Cost": 47835.41,
                  "Plan Rows": 48871,
                  "Plan Width": 0,
                  "Actual Startup Time": 0.195,
                  "Actual Total Time": 74.098,
                  "Actual Rows": 39769,
                  "Actual Loops": 5,
                  "Index Cond": "(role_id = 8)",
                  "Rows Removed by Index Recheck": 0,
                  "Filter": "(person_id < 409483)",
                  "Rows Removed by Filter": 300940
                }
              ]
            }
          ]
        }
      ]
    },
    "Planning Time": 0.217,
    "Triggers": [],
    "Execution Time": 93.672
  }
]