{
  "Plan": {
    "Node Type": "Aggregate",
    "Strategy": "Plain",
    "Partial Mode": "Finalize",
    "Parallel Aware": false,
    "Startup Cost": 582830.03,
    "Total Cost": 582830.04,
    "Plan Rows": 1,
    "Plan Width": 8,
    "Actual Startup Time": 3616.707,
    "Actual Total Time": 3681.576,
    "Actual Rows": 1,
    "Actual Loops": 1,
    "Plans": [
      {
        "Node Type": "Gather",
        "Parent Relationship": "Outer",
        "Parallel Aware": false,
        "Startup Cost": 582829.92,
        "Total Cost": 582830.03,
        "Plan Rows": 1,
        "Plan Width": 8,
        "Actual Startup Time": 3616.336,
        "Actual Total Time": 3681.569,
        "Actual Rows": 2,
        "Actual Loops": 1,
        "Workers Planned": 1,
        "Workers Launched": 1,
        "Single Copy": false,
        "Plans": [
          {
            "Node Type": "Aggregate",
            "Strategy": "Plain",
            "Partial Mode": "Partial",
            "Parent Relationship": "Outer",
            "Parallel Aware": false,
            "Startup Cost": 581829.92,
            "Total Cost": 581829.93,
            "Plan Rows": 1,
            "Plan Width": 8,
            "Actual Startup Time": 3610.937,
            "Actual Total Time": 3610.94,
            "Actual Rows": 1,
            "Actual Loops": 2,
            "Plans": [
              {
                "Node Type": "Hash Join",
                "Parent Relationship": "Outer",
                "Parallel Aware": true,
                "Join Type": "Inner",
                "Startup Cost": 58769.53,
                "Total Cost": 580502.88,
                "Plan Rows": 530815,
                "Plan Width": 0,
                "Actual Startup Time": 166.456,
                "Actual Total Time": 3587.689,
                "Actual Rows": 464461,
                "Actual Loops": 2,
                "Inner Unique": true,
                "Hash Cond": "(ci.movie_id = t.id)",
                "Plans": [
                  {
                    "Node Type": "Seq Scan",
                    "Parent Relationship": "Outer",
                    "Parallel Aware": true,
                    "Relation Name": "cast_info",
                    "Alias": "ci",
                    "Startup Cost": 0.0,
                    "Total Cost": 465792.95,
                    "Plan Rows": 21310595,
                    "Plan Width": 4,
                    "Actual Startup Time": 0.015,
                    "Actual Total Time": 1403.648,
                    "Actual Rows": 18122172,
                    "Actual Loops": 2
                  },
                  {
                    "Node Type": "Hash",
                    "Parent Relationship": "Inner",
                    "Parallel Aware": true,
                    "Startup Cost": 58306.47,
                    "Total Cost": 58306.47,
                    "Plan Rows": 37045,
                    "Plan Width": 4,
                    "Actual Startup Time": 165.706,
                    "Actual Total Time": 165.707,
                    "Actual Rows": 35772,
                    "Actual Loops": 2,
                    "Hash Buckets": 131072,
                    "Original Hash Buckets": 65536,
                    "Hash Batches": 1,
                    "Original Hash Batches": 1,
                    "Peak Memory Usage": 4352,
                    "Plans": [
                      {
                        "Node Type": "Seq Scan",
                        "Parent Relationship": "Outer",
                        "Parallel Aware": true,
                        "Relation Name": "title",
                        "Alias": "t",
                        "Startup Cost": 0.0,
                        "Total Cost": 58306.47,
                        "Plan Rows": 37045,
                        "Plan Width": 4,
                        "Actual Startup Time": 0.035,
                        "Actual Total Time": 153.402,
                        "Actual Rows": 35772,
                        "Actual Loops": 2,
                        "Filter": "((kind_id > 1) AND (production_year = 2004))",
                        "Rows Removed by Filter": 1228384
                      }
                    ]
                  }
                ]
              }
            ]
          }
        ]
      }
    ]
  },
  "Planning Time": 0.191,
  "Triggers": [],
  "Execution Time": 3681.629
}