[
  {
    "Plan": {
      "Node Type": "Aggregate",
      "Strategy": "Plain",
      "Partial Mode": "Finalize",
      "Parallel Aware": false,
      "Startup Cost": 624847.85,
      "Total Cost": 624847.86,
      "Plan Rows": 1,
      "Plan Width": 8,
      "Actual Startup Time": 3410.648,
      "Actual Total Time": 3474.685,
      "Actual Rows": 1,
      "Actual Loops": 1,
      "Plans": [
        {
          "Node Type": "Gather",
          "Parent Relationship": "Outer",
          "Parallel Aware": false,
          "Startup Cost": 624847.33,
          "Total Cost": 624847.84,
          "Plan Rows": 5,
          "Plan Width": 8,
          "Actual Startup Time": 3364.242,
          "Actual Total Time": 3474.669,
          "Actual Rows": 6,
          "Actual Loops": 1,
          "Workers Planned": 5,
          "Workers Launched": 5,
          "Single Copy": false,
          "Plans": [
            {
              "Node Type": "Aggregate",
              "Strategy": "Plain",
              "Partial Mode": "Partial",
              "Parent Relationship": "Outer",
              "Parallel Aware": false,
              "Startup Cost": 623847.33,
              "Total Cost": 623847.34,
              "Plan Rows": 1,
              "Plan Width": 8,
              "Actual Startup Time": 3333.226,
              "Actual Total Time": 3335.347,
              "Actual Rows": 1,
              "Actual Loops": 6,
              "Plans": [
                {
                  "Node Type": "Hash Join",
                  "Parent Relationship": "Outer",
                  "Parallel Aware": true,
                  "Join Type": "Inner",
                  "Startup Cost": 393083.75,
                  "Total Cost": 606978.03,
                  "Plan Rows": 6747719,
                  "Plan Width": 0,
                  "Actual Startup Time": 1648.37,
                  "Actual Total Time": 3147.748,
                  "Actual Rows": 4794340,
                  "Actual Loops": 6,
                  "Inner Unique": false,
                  "Hash Cond": "(mi.movie_id = t.id)",
                  "Plans": [
                    {
                      "Node Type": "Seq Scan",
                      "Parent Relationship": "Outer",
                      "Parallel Aware": true,
                      "Relation Name": "movie_info",
                      "Alias": "mi",
                      "Startup Cost": 0.0,
                      "Total Cost": 191560.33,
                      "Plan Rows": 2956733,
                      "Plan Width": 4,
                      "Actual Startup Time": 0.028,
                      "Actual Total Time": 287.249,
                      "Actual Rows": 2472620,
                      "Actual Loops": 6
                    },
                    {
                      "Node Type": "Hash",
                      "Parent Relationship": "Inner",
                      "Parallel Aware": true,
                      "Startup Cost": 381063.01,
                      "Total Cost": 381063.01,
                      "Plan Rows": 961659,
                      "Plan Width": 8,
                      "Actual Startup Time": 1635.075,
                      "Actual Total Time": 1637.194,
                      "Actual Rows": 1023748,
                      "Actual Loops": 6,
                      "Hash Buckets": 8388608,
                      "Original Hash Buckets": 8388608,
                      "Hash Batches": 1,
                      "Original Hash Batches": 1,
                      "Peak Memory Usage": 305888,
                      "Plans": [
                        {
                          "Node Type": "Hash Join",
                          "Parent Relationship": "Outer",
                          "Parallel Aware": true,
                          "Join Type": "Inner",
                          "Startup Cost": 49173.49,
                          "Total Cost": 381063.01,
                          "Plan Rows": 961659,
                          "Plan Width": 8,
                          "Actual Startup Time": 185.511,
                          "Actual Total Time": 1208.14,
                          "Actual Rows": 1023748,
                          "Actual Loops": 6,
                          "Inner Unique": true,
                          "Hash Cond": "(ci.movie_id = t.id)",
                          "Plans": [
                            {
                              "Node Type": "Index Scan",
                              "Parent Relationship": "Outer",
                              "Parallel Aware": true,
                              "Scan Direction": "Forward",
                              "Index Name": "role_id_cast_info",
                              "Relation Name": "cast_info",
                              "Alias": "ci",
                              "Startup Cost": 0.56,
                              "Total Cost": 326490.6,
                              "Plan Rows": 2056946,
                              "Plan Width": 4,
                              "Actual Startup Time": 0.114,
                              "Actual Total Time": 354.663,
                              "Actual Rows": 2018941,
                              "Actual Loops": 6,
                              "Index Cond": "(role_id > 3)",
                              "Rows Removed by Index Recheck": 0
                            },
                            {
                              "Node Type": "Hash",
                              "Parent Relationship": "Inner",
                              "Parallel Aware": true,
                              "Startup Cost": 45479.1,
                              "Total Cost": 45479.1,
                              "Plan Rows": 295506,
                              "Plan Width": 4,
                              "Actual Startup Time": 182.629,
                              "Actual Total Time": 182.63,
                              "Actual Rows": 211439,
                              "Actual Loops": 6,
                              "Hash Buckets": 2097152,
                              "Original Hash Buckets": 2097152,
                              "Hash Batches": 1,
                              "Original Hash Batches": 1,
                              "Peak Memory Usage": 66112,
                              "Plans": [
                                {
                                  "Node Type": "Seq Scan",
                                  "Parent Relationship": "Outer",
                                  "Parallel Aware": true,
                                  "Relation Name": "title",
                                  "Alias": "t",
                                  "Startup Cost": 0.0,
                                  "Total Cost": 45479.1,
                                  "Plan Rows": 295506,
                                  "Plan Width": 4,
                                  "Actual Startup Time": 0.054,
                                  "Actual Total Time": 88.004,
                                  "Actual Rows": 211439,
                                  "Actual Loops": 6,
                                  "Filter": "((production_year > 1980) AND (kind_id = 7))",
                                  "Rows Removed by Filter": 209946
                                }
                              ]
                            }
                          ]
                        }
                      ]
                    }
                  ]
                }
              ]
            }
          ]
        }
      ]
    },
    "Planning Time": 1.379,
    "Triggers": [],
    "Execution Time": 3474.79
  }
]