[
  {
    "Plan": {
      "Node Type": "Aggregate",
      "Strategy": "Plain",
      "Partial Mode": "Finalize",
      "Parallel Aware": false,
      "Startup Cost": 54723.53,
      "Total Cost": 54723.54,
      "Plan Rows": 1,
      "Plan Width": 8,
      "Actual Startup Time": 111.129,
      "Actual Total Time": 125.189,
      "Actual Rows": 1,
      "Actual Loops": 1,
      "Plans": [
        {
          "Node Type": "Gather",
          "Parent Relationship": "Outer",
          "Parallel Aware": false,
          "Startup Cost": 54723.11,
          "Total Cost": 54723.52,
          "Plan Rows": 4,
          "Plan Width": 8,
          "Actual Startup Time": 110.903,
          "Actual Total Time": 125.181,
          "Actual Rows": 5,
          "Actual Loops": 1,
          "Workers Planned": 4,
          "Workers Launched": 4,
          "Single Copy": false,
          "Plans": [
            {
              "Node Type": "Aggregate",
              "Strategy": "Plain",
              "Partial Mode": "Partial",
              "Parent Relationship": "Outer",
              "Parallel Aware": false,
              "Startup Cost": 53723.11,
              "Total Cost": 53723.12,
              "Plan Rows": 1,
              "Plan Width": 8,
              "Actual Startup Time": 101.125,
              "Actual Total Time": 101.126,
              "Actual Rows": 1,
              "Actual Loops": 5,
              "Plans": [
                {
                  "Node Type": "Nested Loop",
                  "Parent Relationship": "Outer",
                  "Parallel Aware": false,
                  "Join Type": "Inner",
                  "Startup Cost": 0.43,
                  "Total Cost": 53719.06,
                  "Plan Rows": 1619,
                  "Plan Width": 0,
                  "Actual Startup Time": 2.368,
                  "Actual Total Time": 100.789,
                  "Actual Rows": 5743,
                  "Actual Loops": 5,
                  "Inner Unique": false,
                  "Plans": [
                    {
                      "Node Type": "Seq Scan",
                      "Parent Relationship": "Outer",
                      "Parallel Aware": true,
                      "Relation Name": "title",
                      "Alias": "t",
                      "Startup Cost": 0.0,
                      "Total Cost": 45479.1,
                      "Plan Rows": 905,
                      "Plan Width": 4,
                      "Actual Startup Time": 0.955,
                      "Actual Total Time": 86.512,
                      "Actual Rows": 983,
                      "Actual Loops": 5,
                      "Filter": "((kind_id < 3) AND (production_year = 1972))",
                      "Rows Removed by Filter": 504680
                    },
                    {
                      "Node Type": "Index Only Scan",
                      "Parent Relationship": "Inner",
                      "Parallel Aware": false,
                      "Scan Direction": "Forward",
                      "Index Name": "movie_id_movie_keyword",
                      "Relation Name": "movie_keyword",
                      "Alias": "mk",
                      "Startup Cost": 0.43,
                      "Total Cost": 8.65,
                      "Plan Rows": 45,
                      "Plan Width": 4,
                      "Actual Startup Time": 0.012,
                      "Actual Total Time": 0.014,
                      "Actual Rows": 6,
                      "Actual Loops": 4913,
                      "Index Cond": "(movie_id = t.id)",
                      "Rows Removed by Index Recheck": 0,
                      "Heap Fetches": 28717
                    }
                  ]
                }
              ]
            }
          ]
        }
      ]
    },
    "Planning Time": 0.528,
    "Triggers": [],
    "Execution Time": 125.253
  }
]