[
  {
    "Plan": {
      "Node Type": "Aggregate",
      "Strategy": "Plain",
      "Partial Mode": "Finalize",
      "Parallel Aware": false,
      "Startup Cost": 79478.31,
      "Total Cost": 79478.32,
      "Plan Rows": 1,
      "Plan Width": 8,
      "Actual Startup Time": 324.093,
      "Actual Total Time": 339.626,
      "Actual Rows": 1,
      "Actual Loops": 1,
      "Plans": [
        {
          "Node Type": "Gather",
          "Parent Relationship": "Outer",
          "Parallel Aware": false,
          "Startup Cost": 79477.99,
          "Total Cost": 79478.3,
          "Plan Rows": 3,
          "Plan Width": 8,
          "Actual Startup Time": 321.374,
          "Actual Total Time": 339.617,
          "Actual Rows": 4,
          "Actual Loops": 1,
          "Workers Planned": 3,
          "Workers Launched": 3,
          "Single Copy": false,
          "Plans": [
            {
              "Node Type": "Aggregate",
              "Strategy": "Plain",
              "Partial Mode": "Partial",
              "Parent Relationship": "Outer",
              "Parallel Aware": false,
              "Startup Cost": 78477.99,
              "Total Cost": 78478.0,
              "Plan Rows": 1,
              "Plan Width": 8,
              "Actual Startup Time": 312.807,
              "Actual Total Time": 312.81,
              "Actual Rows": 1,
              "Actual Loops": 4,
              "Plans": [
                {
                  "Node Type": "Hash Join",
                  "Parent Relationship": "Outer",
                  "Parallel Aware": true,
                  "Join Type": "Inner",
                  "Startup Cost": 46016.99,
                  "Total Cost": 78265.21,
                  "Plan Rows": 85112,
                  "Plan Width": 0,
                  "Actual Startup Time": 204.147,
                  "Actual Total Time": 308.136,
                  "Actual Rows": 108376,
                  "Actual Loops": 4,
                  "Inner Unique": true,
                  "Hash Cond": "(mc.movie_id = t.id)",
                  "Plans": [
                    {
                      "Node Type": "Seq Scan",
                      "Parent Relationship": "Outer",
                      "Parallel Aware": true,
                      "Relation Name": "movie_companies",
                      "Alias": "mc",
                      "Startup Cost": 0.0,
                      "Total Cost": 31414.82,
                      "Plan Rows": 317488,
                      "Plan Width": 4,
                      "Actual Startup Time": 30.571,
                      "Actual Total Time": 68.843,
                      "Actual Rows": 286517,
                      "Actual Loops": 4,
                      "Filter": "((company_id > 1013) AND (company_type_id = 2))",
                      "Rows Removed by Filter": 365765
                    },
                    {
                      "Node Type": "Hash",
                      "Parent Relationship": "Inner",
                      "Parallel Aware": true,
                      "Startup Cost": 43898.92,
                      "Total Cost": 43898.92,
                      "Plan Rows": 169446,
                      "Plan Width": 4,
                      "Actual Startup Time": 168.345,
                      "Actual Total Time": 168.346,
                      "Actual Rows": 171036,
                      "Actual Loops": 4,
                      "Hash Buckets": 1048576,
                      "Original Hash Buckets": 1048576,
                      "Hash Batches": 1,
                      "Original Hash Batches": 1,
                      "Peak Memory Usage": 35008,
                      "Plans": [
                        {
                          "Node Type": "Seq Scan",
                          "Parent Relationship": "Outer",
                          "Parallel Aware": true,
                          "Relation Name": "title",
                          "Alias": "t",
                          "Startup Cost": 0.0,
                          "Total Cost": 43898.92,
                          "Plan Rows": 169446,
                          "Plan Width": 4,
                          "Actual Startup Time": 0.043,
                          "Actual Total Time": 103.264,
                          "Actual Rows": 171036,
                          "Actual Loops": 4,
                          "Filter": "(production_year < 1990)",
                          "Rows Removed by Filter": 461042
                        }
                      ]
                    }
                  ]
                }
              ]
            }
          ]
        }
      ]
    },
    "Planning Time": 0.671,
    "Triggers": [],
    "Execution Time": 339.701
  }
]