{
  "Plan": {
    "Node Type": "Aggregate",
    "Strategy": "Plain",
    "Partial Mode": "Finalize",
    "Parallel Aware": false,
    "Startup Cost": 442326.99,
    "Total Cost": 442327.0,
    "Plan Rows": 1,
    "Plan Width": 8,
    "Actual Startup Time": 976.503,
    "Actual Total Time": 1003.088,
    "Actual Rows": 1,
    "Actual Loops": 1,
    "Plans": [
      {
        "Node Type": "Gather",
        "Parent Relationship": "Outer",
        "Parallel Aware": false,
        "Startup Cost": 442326.87,
        "Total Cost": 442326.98,
        "Plan Rows": 1,
        "Plan Width": 8,
        "Actual Startup Time": 975.166,
        "Actual Total Time": 1003.077,
        "Actual Rows": 2,
        "Actual Loops": 1,
        "Workers Planned": 1,
        "Workers Launched": 1,
        "Single Copy": false,
        "Plans": [
          {
            "Node Type": "Aggregate",
            "Strategy": "Plain",
            "Partial Mode": "Partial",
            "Parent Relationship": "Outer",
            "Parallel Aware": false,
            "Startup Cost": 441326.87,
            "Total Cost": 441326.88,
            "Plan Rows": 1,
            "Plan Width": 8,
            "Actual Startup Time": 968.896,
            "Actual Total Time": 968.902,
            "Actual Rows": 1,
            "Actual Loops": 2,
            "Plans": [
              {
                "Node Type": "Hash Join",
                "Parent Relationship": "Outer",
                "Parallel Aware": true,
                "Join Type": "Inner",
                "Startup Cost": 379022.04,
                "Total Cost": 440951.02,
                "Plan Rows": 150343,
                "Plan Width": 0,
                "Actual Startup Time": 583.47,
                "Actual Total Time": 945.849,
                "Actual Rows": 580485,
                "Actual Loops": 2,
                "Inner Unique": false,
                "Hash Cond": "(mk.movie_id = t.id)",
                "Plans": [
                  {
                    "Node Type": "Seq Scan",
                    "Parent Relationship": "Outer",
                    "Parallel Aware": true,
                    "Relation Name": "movie_keyword",
                    "Alias": "mk",
                    "Startup Cost": 0.0,
                    "Total Cost": 51065.35,
                    "Plan Rows": 2661135,
                    "Plan Width": 4,
                    "Actual Startup Time": 0.016,
                    "Actual Total Time": 150.84,
                    "Actual Rows": 2261965,
                    "Actual Loops": 2
                  },
                  {
                    "Node Type": "Hash",
                    "Parent Relationship": "Inner",
                    "Parallel Aware": true,
                    "Startup Cost": 377971.76,
                    "Total Cost": 377971.76,
                    "Plan Rows": 84022,
                    "Plan Width": 8,
                    "Actual Startup Time": 579.263,
                    "Actual Total Time": 579.268,
                    "Actual Rows": 109582,
                    "Actual Loops": 2,
                    "Hash Buckets": 262144,
                    "Original Hash Buckets": 262144,
                    "Hash Batches": 1,
                    "Original Hash Batches": 1,
                    "Peak Memory Usage": 10656,
                    "Plans": [
                      {
                        "Node Type": "Hash Join",
                        "Parent Relationship": "Outer",
                        "Parallel Aware": true,
                        "Join Type": "Inner",
                        "Startup Cost": 105323.92,
                        "Total Cost": 377971.76,
                        "Plan Rows": 84022,
                        "Plan Width": 8,
                        "Actual Startup Time": 262.06,
                        "Actual Total Time": 553.742,
                        "Actual Rows": 109582,
                        "Actual Loops": 2,
                        "Inner Unique": true,
                        "Hash Cond": "(ci.movie_id = t.id)",
                        "Plans": [
                          {
                            "Node Type": "Bitmap Heap Scan",
                            "Parent Relationship": "Outer",
                            "Parallel Aware": true,
                            "Relation Name": "cast_info",
                            "Alias": "ci",
                            "Startup Cost": 49551.94,
                            "Total Cost": 318735.5,
                            "Plan Rows": 1319725,
                            "Plan Width": 4,
                            "Actual Startup Time": 102.008,
                            "Actual Total Time": 228.419,
                            "Actual Rows": 1077548,
                            "Actual Loops": 2,
                            "Recheck Cond": "(person_id > 3641427)",
                            "Rows Removed by Index Recheck": 0,
                            "Exact Heap Blocks": 16124,
                            "Lossy Heap Blocks": 0,
                            "Plans": [
                              {
                                "Node Type": "Bitmap Index Scan",
                                "Parent Relationship": "Outer",
                                "Parallel Aware": false,
                                "Index Name": "person_id_cast_info",
                                "Startup Cost": 0.0,
                                "Total Cost": 48991.06,
                                "Plan Rows": 2243532,
                                "Plan Width": 0,
                                "Actual Startup Time": 96.922,
                                "Actual Total Time": 96.922,
                                "Actual Rows": 2155095,
                                "Actual Loops": 1,
                                "Index Cond": "(person_id > 3641427)"
                              }
                            ]
                          },
                          {
                            "Node Type": "Hash",
                            "Parent Relationship": "Inner",
                            "Parallel Aware": true,
                            "Startup Cost": 54588.39,
                            "Total Cost": 54588.39,
                            "Plan Rows": 94687,
                            "Plan Width": 4,
                            "Actual Startup Time": 157.681,
                            "Actual Total Time": 157.682,
                            "Actual Rows": 82154,
                            "Actual Loops": 2,
                            "Hash Buckets": 262144,
                            "Original Hash Buckets": 262144,
                            "Hash Batches": 1,
                            "Original Hash Batches": 1,
                            "Peak Memory Usage": 8512,
                            "Plans": [
                              {
                                "Node Type": "Seq Scan",
                                "Parent Relationship": "Outer",
                                "Parallel Aware": true,
                                "Relation Name": "title",
                                "Alias": "t",
                                "Startup Cost": 0.0,
                                "Total Cost": 54588.39,
                                "Plan Rows": 94687,
                                "Plan Width": 4,
                                "Actual Startup Time": 0.032,
                                "Actual Total Time": 136.327,
                                "Actual Rows": 82154,
                                "Actual Loops": 2,
                                "Filter": "(production_year = 2012)",
                                "Rows Removed by Filter": 1182002
                              }
                            ]
                          }
                        ]
                      }
                    ]
                  }
                ]
              }
            ]
          }
        ]
      }
    ]
  },
  "Planning Time": 0.98,
  "Triggers": [],
  "Execution Time": 1003.192
}