{
  "Plan": {
    "Node Type": "Aggregate",
    "Strategy": "Plain",
    "Partial Mode": "Finalize",
    "Parallel Aware": false,
    "Startup Cost": 544163.0,
    "Total Cost": 544163.01,
    "Plan Rows": 1,
    "Plan Width": 8,
    "Actual Startup Time": 4677.246,
    "Actual Total Time": 4693.465,
    "Actual Rows": 1,
    "Actual Loops": 1,
    "Plans": [
      {
        "Node Type": "Gather",
        "Parent Relationship": "Outer",
        "Parallel Aware": false,
        "Startup Cost": 544162.89,
        "Total Cost": 544163.0,
        "Plan Rows": 1,
        "Plan Width": 8,
        "Actual Startup Time": 4677.235,
        "Actual Total Time": 4693.458,
        "Actual Rows": 2,
        "Actual Loops": 1,
        "Workers Planned": 1,
        "Workers Launched": 1,
        "Single Copy": false,
        "Plans": [
          {
            "Node Type": "Aggregate",
            "Strategy": "Plain",
            "Partial Mode": "Partial",
            "Parent Relationship": "Outer",
            "Parallel Aware": false,
            "Startup Cost": 543162.89,
            "Total Cost": 543162.9,
            "Plan Rows": 1,
            "Plan Width": 8,
            "Actual Startup Time": 4338.56,
            "Actual Total Time": 4338.567,
            "Actual Rows": 1,
            "Actual Loops": 2,
            "Plans": [
              {
                "Node Type": "Merge Join",
                "Parent Relationship": "Outer",
                "Parallel Aware": false,
                "Join Type": "Inner",
                "Startup Cost": 513804.45,
                "Total Cost": 540595.25,
                "Plan Rows": 1027057,
                "Plan Width": 0,
                "Actual Startup Time": 2188.666,
                "Actual Total Time": 3861.285,
                "Actual Rows": 11893022,
                "Actual Loops": 2,
                "Inner Unique": false,
                "Merge Cond": "(t.id = mc.movie_id)",
                "Plans": [
                  {
                    "Node Type": "Sort",
                    "Parent Relationship": "Outer",
                    "Parallel Aware": false,
                    "Startup Cost": 338511.97,
                    "Total Cost": 343566.33,
                    "Plan Rows": 2021744,
                    "Plan Width": 8,
                    "Actual Startup Time": 1606.68,
                    "Actual Total Time": 1692.223,
                    "Actual Rows": 2012040,
                    "Actual Loops": 2,
                    "Sort Key": [
                      "mk.movie_id"
                    ],
                    "Sort Method": "quicksort",
                    "Sort Space Used": 214164,
                    "Sort Space Type": "Memory",
                    "Workers": [
                      {
                        "Worker Number": 0,
                        "Sort Method": "quicksort",
                        "Sort Space Used": 121922,
                        "Sort Space Type": "Memory"
                      }
                    ],
                    "Plans": [
                      {
                        "Node Type": "Hash Join",
                        "Parent Relationship": "Outer",
                        "Parallel Aware": true,
                        "Join Type": "Inner",
                        "Startup Cost": 68712.06,
                        "Total Cost": 126762.91,
                        "Plan Rows": 2021744,
                        "Plan Width": 8,
                        "Actual Startup Time": 487.911,
                        "Actual Total Time": 1146.325,
                        "Actual Rows": 2012047,
                        "Actual Loops": 2,
                        "Inner Unique": true,
                        "Hash Cond": "(mk.movie_id = t.id)",
                        "Plans": [
                          {
                            "Node Type": "Seq Scan",
                            "Parent Relationship": "Outer",
                            "Parallel Aware": true,
                            "Relation Name": "movie_keyword",
                            "Alias": "mk",
                            "Startup Cost": 0.0,
                            "Total Cost": 51065.35,
                            "Plan Rows": 2661135,
                            "Plan Width": 4,
                            "Actual Startup Time": 0.016,
                            "Actual Total Time": 194.333,
                            "Actual Rows": 2261965,
                            "Actual Loops": 2
                          },
                          {
                            "Node Type": "Hash",
                            "Parent Relationship": "Inner",
                            "Parallel Aware": true,
                            "Startup Cost": 54588.39,
                            "Total Cost": 54588.39,
                            "Plan Rows": 1129894,
                            "Plan Width": 4,
                            "Actual Startup Time": 473.399,
                            "Actual Total Time": 473.401,
                            "Actual Rows": 961424,
                            "Actual Loops": 2,
                            "Hash Buckets": 2097152,
                            "Original Hash Buckets": 2097152,
                            "Hash Batches": 1,
                            "Original Hash Batches": 1,
                            "Peak Memory Usage": 91648,
                            "Plans": [
                              {
                                "Node Type": "Seq Scan",
                                "Parent Relationship": "Outer",
                                "Parallel Aware": true,
                                "Relation Name": "title",
                                "Alias": "t",
                                "Startup Cost": 0.0,
                                "Total Cost": 54588.39,
                                "Plan Rows": 1129894,
                                "Plan Width": 4,
                                "Actual Startup Time": 0.03,
                                "Actual Total Time": 203.921,
                                "Actual Rows": 961424,
                                "Actual Loops": 2,
                                "Filter": "(production_year < 2010)",
                                "Rows Removed by Filter": 302732
                              }
                            ]
                          }
                        ]
                      }
                    ]
                  },
                  {
                    "Node Type": "Sort",
                    "Parent Relationship": "Inner",
                    "Parallel Aware": false,
                    "Startup Cost": 175292.27,
                    "Total Cost": 178503.24,
                    "Plan Rows": 1284387,
                    "Plan Width": 4,
                    "Actual Startup Time": 581.961,
                    "Actual Total Time": 994.88,
                    "Actual Rows": 12790138,
                    "Actual Loops": 2,
                    "Sort Key": [
                      "mc.movie_id"
                    ],
                    "Sort Method": "quicksort",
                    "Sort Space Used": 108883,
                    "Sort Space Type": "Memory",
                    "Workers": [
                      {
                        "Worker Number": 0,
                        "Sort Method": "quicksort",
                        "Sort Space Used": 108883,
                        "Sort Space Type": "Memory"
                      }
                    ],
                    "Plans": [
                      {
                        "Node Type": "Index Scan",
                        "Parent Relationship": "Outer",
                        "Parallel Aware": false,
                        "Scan Direction": "Forward",
                        "Index Name": "company_type_id_movie_companies",
                        "Relation Name": "movie_companies",
                        "Alias": "mc",
                        "Startup Cost": 0.43,
                        "Total Cost": 44974.2,
                        "Plan Rows": 1284387,
                        "Plan Width": 4,
                        "Actual Startup Time": 0.077,
                        "Actual Total Time": 258.202,
                        "Actual Rows": 1274246,
                        "Actual Loops": 2,
                        "Index Cond": "(company_type_id = 1)",
                        "Rows Removed by Index Recheck": 0
                      }
                    ]
                  }
                ]
              }
            ]
          }
        ]
      }
    ]
  },
  "Planning Time": 0.949,
  "Triggers": [],
  "Execution Time": 4709.615
}