{
  "Plan": {
    "Node Type": "Aggregate",
    "Strategy": "Plain",
    "Partial Mode": "Finalize",
    "Parallel Aware": false,
    "Startup Cost": 370039.56,
    "Total Cost": 370039.57,
    "Plan Rows": 1,
    "Plan Width": 8,
    "Actual Startup Time": 1738.205,
    "Actual Total Time": 1826.734,
    "Actual Rows": 1,
    "Actual Loops": 1,
    "Plans": [
      {
        "Node Type": "Gather",
        "Parent Relationship": "Outer",
        "Parallel Aware": false,
        "Startup Cost": 370039.45,
        "Total Cost": 370039.56,
        "Plan Rows": 1,
        "Plan Width": 8,
        "Actual Startup Time": 1736.256,
        "Actual Total Time": 1826.724,
        "Actual Rows": 2,
        "Actual Loops": 1,
        "Workers Planned": 1,
        "Workers Launched": 1,
        "Single Copy": false,
        "Plans": [
          {
            "Node Type": "Aggregate",
            "Strategy": "Plain",
            "Partial Mode": "Partial",
            "Parent Relationship": "Outer",
            "Parallel Aware": false,
            "Startup Cost": 369039.45,
            "Total Cost": 369039.46,
            "Plan Rows": 1,
            "Plan Width": 8,
            "Actual Startup Time": 1730.306,
            "Actual Total Time": 1730.31,
            "Actual Rows": 1,
            "Actual Loops": 2,
            "Plans": [
              {
                "Node Type": "Nested Loop",
                "Parent Relationship": "Outer",
                "Parallel Aware": false,
                "Join Type": "Inner",
                "Startup Cost": 62574.5,
                "Total Cost": 366818.09,
                "Plan Rows": 888544,
                "Plan Width": 0,
                "Actual Startup Time": 293.059,
                "Actual Total Time": 1665.885,
                "Actual Rows": 1407074,
                "Actual Loops": 2,
                "Inner Unique": false,
                "Plans": [
                  {
                    "Node Type": "Hash Join",
                    "Parent Relationship": "Outer",
                    "Parallel Aware": true,
                    "Join Type": "Inner",
                    "Startup Cost": 62573.93,
                    "Total Cost": 105094.76,
                    "Plan Rows": 62010,
                    "Plan Width": 8,
                    "Actual Startup Time": 292.989,
                    "Actual Total Time": 472.5,
                    "Actual Rows": 52372,
                    "Actual Loops": 2,
                    "Inner Unique": true,
                    "Hash Cond": "(mc.movie_id = t.id)",
                    "Plans": [
                      {
                        "Node Type": "Seq Scan",
                        "Parent Relationship": "Outer",
                        "Parallel Aware": true,
                        "Relation Name": "movie_companies",
                        "Alias": "mc",
                        "Startup Cost": 0.0,
                        "Total Cost": 41811.73,
                        "Plan Rows": 270134,
                        "Plan Width": 4,
                        "Actual Startup Time": 46.837,
                        "Actual Total Time": 110.469,
                        "Actual Rows": 393483,
                        "Actual Loops": 2,
                        "Filter": "((company_id > 20392) AND (company_type_id > 1))",
                        "Rows Removed by Filter": 911082
                      },
                      {
                        "Node Type": "Hash",
                        "Parent Relationship": "Inner",
                        "Parallel Aware": true,
                        "Startup Cost": 58306.47,
                        "Total Cost": 58306.47,
                        "Plan Rows": 341397,
                        "Plan Width": 4,
                        "Actual Startup Time": 236.874,
                        "Actual Total Time": 236.875,
                        "Actual Rows": 301266,
                        "Actual Loops": 2,
                        "Hash Buckets": 1048576,
                        "Original Hash Buckets": 1048576,
                        "Hash Batches": 1,
                        "Original Hash Batches": 1,
                        "Peak Memory Usage": 31776,
                        "Plans": [
                          {
                            "Node Type": "Seq Scan",
                            "Parent Relationship": "Outer",
                            "Parallel Aware": true,
                            "Relation Name": "title",
                            "Alias": "t",
                            "Startup Cost": 0.0,
                            "Total Cost": 58306.47,
                            "Plan Rows": 341397,
                            "Plan Width": 4,
                            "Actual Startup Time": 0.036,
                            "Actual Total Time": 153.168,
                            "Actual Rows": 301266,
                            "Actual Loops": 2,
                            "Filter": "((kind_id > 1) AND (production_year > 2007))",
                            "Rows Removed by Filter": 962890
                          }
                        ]
                      }
                    ]
                  },
                  {
                    "Node Type": "Index Only Scan",
                    "Parent Relationship": "Inner",
                    "Parallel Aware": false,
                    "Scan Direction": "Forward",
                    "Index Name": "movie_id_cast_info",
                    "Relation Name": "cast_info",
                    "Alias": "ci",
                    "Startup Cost": 0.56,
                    "Total Cost": 3.85,
                    "Plan Rows": 37,
                    "Plan Width": 4,
                    "Actual Startup Time": 0.004,
                    "Actual Total Time": 0.021,
                    "Actual Rows": 27,
                    "Actual Loops": 104743,
                    "Index Cond": "(movie_id = t.id)",
                    "Rows Removed by Index Recheck": 0,
                    "Heap Fetches": 2814149
                  }
                ]
              }
            ]
          }
        ]
      }
    ]
  },
  "Planning Time": 1.047,
  "Triggers": [],
  "Execution Time": 1826.842
}