[
  {
    "Plan": {
      "Node Type": "Aggregate",
      "Strategy": "Plain",
      "Partial Mode": "Finalize",
      "Parallel Aware": false,
      "Startup Cost": 31154.32,
      "Total Cost": 31154.33,
      "Plan Rows": 1,
      "Plan Width": 8,
      "Actual Startup Time": 88.553,
      "Actual Total Time": 97.434,
      "Actual Rows": 1,
      "Actual Loops": 1,
      "Plans": [
        {
          "Node Type": "Gather",
          "Parent Relationship": "Outer",
          "Parallel Aware": false,
          "Startup Cost": 31154.0,
          "Total Cost": 31154.31,
          "Plan Rows": 3,
          "Plan Width": 8,
          "Actual Startup Time": 88.443,
          "Actual Total Time": 97.421,
          "Actual Rows": 4,
          "Actual Loops": 1,
          "Workers Planned": 3,
          "Workers Launched": 3,
          "Single Copy": false,
          "Plans": [
            {
              "Node Type": "Aggregate",
              "Strategy": "Plain",
              "Partial Mode": "Partial",
              "Parent Relationship": "Outer",
              "Parallel Aware": false,
              "Startup Cost": 30154.0,
              "Total Cost": 30154.01,
              "Plan Rows": 1,
              "Plan Width": 8,
              "Actual Startup Time": 85.126,
              "Actual Total Time": 85.128,
              "Actual Rows": 1,
              "Actual Loops": 4,
              "Plans": [
                {
                  "Node Type": "Seq Scan",
                  "Parent Relationship": "Outer",
                  "Parallel Aware": true,
                  "Relation Name": "movie_companies",
                  "Alias": "mc",
                  "Startup Cost": 0.0,
                  "Total Cost": 29310.68,
                  "Plan Rows": 337328,
                  "Plan Width": 0,
                  "Actual Startup Time": 13.696,
                  "Actual Total Time": 73.142,
                  "Actual Rows": 259832,
                  "Actual Loops": 4,
                  "Filter": "(company_id > 15240)",
                  "Rows Removed by Filter": 392451
                }
              ]
            }
          ]
        }
      ]
    },
    "Planning Time": 0.095,
    "Triggers": [],
    "Execution Time": 97.468
  }
]