{
  "Plan": {
    "Node Type": "Aggregate",
    "Strategy": "Plain",
    "Partial Mode": "Finalize",
    "Parallel Aware": false,
    "Startup Cost": 115932.44,
    "Total Cost": 115932.45,
    "Plan Rows": 1,
    "Plan Width": 8,
    "Actual Startup Time": 361.38,
    "Actual Total Time": 381.307,
    "Actual Rows": 1,
    "Actual Loops": 1,
    "Plans": [
      {
        "Node Type": "Gather",
        "Parent Relationship": "Outer",
        "Parallel Aware": false,
        "Startup Cost": 115932.33,
        "Total Cost": 115932.44,
        "Plan Rows": 1,
        "Plan Width": 8,
        "Actual Startup Time": 360.914,
        "Actual Total Time": 381.3,
        "Actual Rows": 2,
        "Actual Loops": 1,
        "Workers Planned": 1,
        "Workers Launched": 1,
        "Single Copy": false,
        "Plans": [
          {
            "Node Type": "Aggregate",
            "Strategy": "Plain",
            "Partial Mode": "Partial",
            "Parent Relationship": "Outer",
            "Parallel Aware": false,
            "Startup Cost": 114932.33,
            "Total Cost": 114932.34,
            "Plan Rows": 1,
            "Plan Width": 8,
            "Actual Startup Time": 354.694,
            "Actual Total Time": 354.698,
            "Actual Rows": 1,
            "Actual Loops": 2,
            "Plans": [
              {
                "Node Type": "Nested Loop",
                "Parent Relationship": "Outer",
                "Parallel Aware": false,
                "Join Type": "Inner",
                "Startup Cost": 78238.98,
                "Total Cost": 114929.14,
                "Plan Rows": 1275,
                "Plan Width": 0,
                "Actual Startup Time": 210.252,
                "Actual Total Time": 354.435,
                "Actual Rows": 2350,
                "Actual Loops": 2,
                "Inner Unique": false,
                "Join Filter": "(t.id = mi_idx.movie_id)",
                "Rows Removed by Join Filter": 0,
                "Plans": [
                  {
                    "Node Type": "Hash Join",
                    "Parent Relationship": "Outer",
                    "Parallel Aware": true,
                    "Join Type": "Inner",
                    "Startup Cost": 78238.55,
                    "Total Cost": 110951.64,
                    "Plan Rows": 7089,
                    "Plan Width": 8,
                    "Actual Startup Time": 210.169,
                    "Actual Total Time": 340.929,
                    "Actual Rows": 3982,
                    "Actual Loops": 2,
                    "Inner Unique": true,
                    "Hash Cond": "(mk.movie_id = t.id)",
                    "Plans": [
                      {
                        "Node Type": "Bitmap Heap Scan",
                        "Parent Relationship": "Outer",
                        "Parallel Aware": true,
                        "Relation Name": "movie_keyword",
                        "Alias": "mk",
                        "Startup Cost": 19690.72,
                        "Total Cost": 50970.42,
                        "Plan Rows": 546056,
                        "Plan Width": 4,
                        "Actual Startup Time": 60.383,
                        "Actual Total Time": 148.379,
                        "Actual Rows": 461052,
                        "Actual Loops": 2,
                        "Recheck Cond": "(keyword_id > 20325)",
                        "Rows Removed by Index Recheck": 0,
                        "Exact Heap Blocks": 12109,
                        "Lossy Heap Blocks": 0,
                        "Plans": [
                          {
                            "Node Type": "Bitmap Index Scan",
                            "Parent Relationship": "Outer",
                            "Parallel Aware": false,
                            "Index Name": "keyword_id_movie_keyword",
                            "Startup Cost": 0.0,
                            "Total Cost": 19458.65,
                            "Plan Rows": 928295,
                            "Plan Width": 0,
                            "Actual Startup Time": 56.782,
                            "Actual Total Time": 56.782,
                            "Actual Rows": 922105,
                            "Actual Loops": 1,
                            "Index Cond": "(keyword_id > 20325)"
                          }
                        ]
                      },
                      {
                        "Node Type": "Hash",
                        "Parent Relationship": "Inner",
                        "Parallel Aware": true,
                        "Startup Cost": 58306.47,
                        "Total Cost": 58306.47,
                        "Plan Rows": 19309,
                        "Plan Width": 4,
                        "Actual Startup Time": 148.309,
                        "Actual Total Time": 148.309,
                        "Actual Rows": 19754,
                        "Actual Loops": 2,
                        "Hash Buckets": 65536,
                        "Original Hash Buckets": 65536,
                        "Hash Batches": 1,
                        "Original Hash Batches": 1,
                        "Peak Memory Usage": 2080,
                        "Plans": [
                          {
                            "Node Type": "Seq Scan",
                            "Parent Relationship": "Outer",
                            "Parallel Aware": true,
                            "Relation Name": "title",
                            "Alias": "t",
                            "Startup Cost": 0.0,
                            "Total Cost": 58306.47,
                            "Plan Rows": 19309,
                            "Plan Width": 4,
                            "Actual Startup Time": 0.059,
                            "Actual Total Time": 141.744,
                            "Actual Rows": 19754,
                            "Actual Loops": 2,
                            "Filter": "((kind_id > 1) AND (production_year = 1998))",
                            "Rows Removed by Filter": 1244402
                          }
                        ]
                      }
                    ]
                  },
                  {
                    "Node Type": "Index Scan",
                    "Parent Relationship": "Inner",
                    "Parallel Aware": false,
                    "Scan Direction": "Forward",
                    "Index Name": "movie_id_movie_info_idx",
                    "Relation Name": "movie_info_idx",
                    "Alias": "mi_idx",
                    "Startup Cost": 0.43,
                    "Total Cost": 0.55,
                    "Plan Rows": 1,
                    "Plan Width": 4,
                    "Actual Startup Time": 0.003,
                    "Actual Total Time": 0.003,
                    "Actual Rows": 1,
                    "Actual Loops": 7963,
                    "Index Cond": "(movie_id = mk.movie_id)",
                    "Rows Removed by Index Recheck": 0,
                    "Filter": "(info_type_id < 100)",
                    "Rows Removed by Filter": 1
                  }
                ]
              }
            ]
          }
        ]
      }
    ]
  },
  "Planning Time": 1.008,
  "Triggers": [],
  "Execution Time": 381.414
}