[
  {
    "Plan": {
      "Node Type": "Aggregate",
      "Strategy": "Plain",
      "Partial Mode": "Finalize",
      "Parallel Aware": false,
      "Startup Cost": 384847.93,
      "Total Cost": 384847.94,
      "Plan Rows": 1,
      "Plan Width": 8,
      "Actual Startup Time": 1094.31,
      "Actual Total Time": 1142.771,
      "Actual Rows": 1,
      "Actual Loops": 1,
      "Plans": [
        {
          "Node Type": "Gather",
          "Parent Relationship": "Outer",
          "Parallel Aware": false,
          "Startup Cost": 384847.3,
          "Total Cost": 384847.91,
          "Plan Rows": 6,
          "Plan Width": 8,
          "Actual Startup Time": 1092.731,
          "Actual Total Time": 1142.759,
          "Actual Rows": 7,
          "Actual Loops": 1,
          "Workers Planned": 6,
          "Workers Launched": 6,
          "Single Copy": false,
          "Plans": [
            {
              "Node Type": "Aggregate",
              "Strategy": "Plain",
              "Partial Mode": "Partial",
              "Parent Relationship": "Outer",
              "Parallel Aware": false,
              "Startup Cost": 383847.3,
              "Total Cost": 383847.31,
              "Plan Rows": 1,
              "Plan Width": 8,
              "Actual Startup Time": 1084.306,
              "Actual Total Time": 1084.309,
              "Actual Rows": 1,
              "Actual Loops": 7,
              "Plans": [
                {
                  "Node Type": "Hash Join",
                  "Parent Relationship": "Outer",
                  "Parallel Aware": true,
                  "Join Type": "Inner",
                  "Startup Cost": 44344.17,
                  "Total Cost": 383272.66,
                  "Plan Rows": 229856,
                  "Plan Width": 0,
                  "Actual Startup Time": 190.398,
                  "Actual Total Time": 1073.327,
                  "Actual Rows": 230841,
                  "Actual Loops": 7,
                  "Inner Unique": true,
                  "Hash Cond": "(ci.movie_id = t.id)",
                  "Plans": [
                    {
                      "Node Type": "Seq Scan",
                      "Parent Relationship": "Outer",
                      "Parallel Aware": true,
                      "Relation Name": "cast_info",
                      "Alias": "ci",
                      "Startup Cost": 0.0,
                      "Total Cost": 328211.39,
                      "Plan Rows": 4082696,
                      "Plan Width": 4,
                      "Actual Startup Time": 113.482,
                      "Actual Total Time": 560.078,
                      "Actual Rows": 3481515,
                      "Actual Loops": 7,
                      "Filter": "(person_id > 1166703)",
                      "Rows Removed by Filter": 1696249
                    },
                    {
                      "Node Type": "Hash",
                      "Parent Relationship": "Inner",
                      "Parallel Aware": true,
                      "Startup Cost": 43899.32,
                      "Total Cost": 43899.32,
                      "Plan Rows": 35588,
                      "Plan Width": 4,
                      "Actual Startup Time": 75.433,
                      "Actual Total Time": 75.434,
                      "Actual Rows": 20243,
                      "Actual Loops": 7,
                      "Hash Buckets": 262144,
                      "Original Hash Buckets": 262144,
                      "Hash Batches": 1,
                      "Original Hash Batches": 1,
                      "Peak Memory Usage": 7680,
                      "Plans": [
                        {
                          "Node Type": "Seq Scan",
                          "Parent Relationship": "Outer",
                          "Parallel Aware": true,
                          "Relation Name": "title",
                          "Alias": "t",
                          "Startup Cost": 0.0,
                          "Total Cost": 43899.32,
                          "Plan Rows": 35588,
                          "Plan Width": 4,
                          "Actual Startup Time": 0.051,
                          "Actual Total Time": 66.711,
                          "Actual Rows": 20243,
                          "Actual Loops": 7,
                          "Filter": "(production_year = 2010)",
                          "Rows Removed by Filter": 340944
                        }
                      ]
                    }
                  ]
                }
              ]
            }
          ]
        }
      ]
    },
    "Planning Time": 0.263,
    "Triggers": [],
    "Execution Time": 1142.822
  }
]