[
  {
    "Plan": {
      "Node Type": "Aggregate",
      "Strategy": "Plain",
      "Partial Mode": "Finalize",
      "Parallel Aware": false,
      "Startup Cost": 47183.79,
      "Total Cost": 47183.8,
      "Plan Rows": 1,
      "Plan Width": 8,
      "Actual Startup Time": 124.153,
      "Actual Total Time": 136.901,
      "Actual Rows": 1,
      "Actual Loops": 1,
      "Plans": [
        {
          "Node Type": "Gather",
          "Parent Relationship": "Outer",
          "Parallel Aware": false,
          "Startup Cost": 47183.37,
          "Total Cost": 47183.78,
          "Plan Rows": 4,
          "Plan Width": 8,
          "Actual Startup Time": 123.87,
          "Actual Total Time": 136.891,
          "Actual Rows": 5,
          "Actual Loops": 1,
          "Workers Planned": 4,
          "Workers Launched": 4,
          "Single Copy": false,
          "Plans": [
            {
              "Node Type": "Aggregate",
              "Strategy": "Plain",
              "Partial Mode": "Partial",
              "Parent Relationship": "Outer",
              "Parallel Aware": false,
              "Startup Cost": 46183.37,
              "Total Cost": 46183.38,
              "Plan Rows": 1,
              "Plan Width": 8,
              "Actual Startup Time": 114.868,
              "Actual Total Time": 114.869,
              "Actual Rows": 1,
              "Actual Loops": 5,
              "Plans": [
                {
                  "Node Type": "Seq Scan",
                  "Parent Relationship": "Outer",
                  "Parallel Aware": true,
                  "Relation Name": "title",
                  "Alias": "t",
                  "Startup Cost": 0.0,
                  "Total Cost": 45479.59,
                  "Plan Rows": 281514,
                  "Plan Width": 0,
                  "Actual Startup Time": 0.052,
                  "Actual Total Time": 100.966,
                  "Actual Rows": 242617,
                  "Actual Loops": 5,
                  "Filter": "((production_year > 1986) AND (kind_id = 7))",
                  "Rows Removed by Filter": 263045
                }
              ]
            }
          ]
        }
      ]
    },
    "Planning Time": 0.118,
    "Triggers": [],
    "Execution Time": 136.941
  }
]