[
  {
    "Plan": {
      "Node Type": "Aggregate",
      "Strategy": "Plain",
      "Partial Mode": "Finalize",
      "Parallel Aware": false,
      "Startup Cost": 47178.04,
      "Total Cost": 47178.05,
      "Plan Rows": 1,
      "Plan Width": 8,
      "Actual Startup Time": 121.7,
      "Actual Total Time": 134.565,
      "Actual Rows": 1,
      "Actual Loops": 1,
      "Plans": [
        {
          "Node Type": "Gather",
          "Parent Relationship": "Outer",
          "Parallel Aware": false,
          "Startup Cost": 47177.62,
          "Total Cost": 47178.03,
          "Plan Rows": 4,
          "Plan Width": 8,
          "Actual Startup Time": 121.446,
          "Actual Total Time": 134.555,
          "Actual Rows": 5,
          "Actual Loops": 1,
          "Workers Planned": 4,
          "Workers Launched": 4,
          "Single Copy": false,
          "Plans": [
            {
              "Node Type": "Aggregate",
              "Strategy": "Plain",
              "Partial Mode": "Partial",
              "Parent Relationship": "Outer",
              "Parallel Aware": false,
              "Startup Cost": 46177.62,
              "Total Cost": 46177.63,
              "Plan Rows": 1,
              "Plan Width": 8,
              "Actual Startup Time": 112.203,
              "Actual Total Time": 112.204,
              "Actual Rows": 1,
              "Actual Loops": 5,
              "Plans": [
                {
                  "Node Type": "Seq Scan",
                  "Parent Relationship": "Outer",
                  "Parallel Aware": true,
                  "Relation Name": "title",
                  "Alias": "t",
                  "Startup Cost": 0.0,
                  "Total Cost": 45479.1,
                  "Plan Rows": 279408,
                  "Plan Width": 0,
                  "Actual Startup Time": 0.039,
                  "Actual Total Time": 97.877,
                  "Actual Rows": 242617,
                  "Actual Loops": 5,
                  "Filter": "((production_year > 1986) AND (kind_id = 7))",
                  "Rows Removed by Filter": 263045
                }
              ]
            }
          ]
        }
      ]
    },
    "Planning Time": 0.164,
    "Triggers": [],
    "Execution Time": 134.621
  }
]