{
    "Plan": {
        "Node Type": "Aggregate",
        "Strategy": "Plain",
        "Partial Mode": "Simple",
        "Parallel Aware": false,
        "Startup Cost": 10001199434.28,
        "Total Cost": 10001199434.29,
        "Plan Rows": 1,
        "Plan Width": 8,
        "Actual Startup Time": 7248.462,
        "Actual Total Time": 7248.468,
        "Actual Rows": 1,
        "Actual Loops": 1,
        "Output": [
            "count(*)"
        ],
        "Plans": [
            {
                "Node Type": "Hash Join",
                "Parent Relationship": "Outer",
                "Parallel Aware": false,
                "Join Type": "Inner",
                "Startup Cost": 10000075016.08,
                "Total Cost": 10001192176.21,
                "Plan Rows": 2903226,
                "Plan Width": 0,
                "Actual Startup Time": 453.911,
                "Actual Total Time": 6972.175,
                "Actual Rows": 6611605,
                "Actual Loops": 1,
                "Inner Unique": true,
                "Hash Cond": "(mi.movie_id = t.id)",
                "Plans": [
                    {
                        "Node Type": "Index Scan",
                        "Parent Relationship": "Outer",
                        "Parallel Aware": false,
                        "Scan Direction": "Forward",
                        "Index Name": "movie_id_movie_info",
                        "Relation Name": "movie_info",
                        "Schema": "public",
                        "Alias": "mi",
                        "Startup Cost": 10000000000.43,
                        "Total Cost": 10001078428.37,
                        "Plan Rows": 14755095,
                        "Plan Width": 4,
                        "Actual Startup Time": 0.044,
                        "Actual Total Time": 4295.151,
                        "Actual Rows": 14835720,
                        "Actual Loops": 1,
                        "Output": [
                            "mi.id",
                            "mi.movie_id",
                            "mi.info_type_id",
                            "mi.info",
                            "mi.note"
                        ]
                    },
                    {
                        "Node Type": "Hash",
                        "Parent Relationship": "Inner",
                        "Parallel Aware": false,
                        "Startup Cost": 68797.21,
                        "Total Cost": 68797.21,
                        "Plan Rows": 497475,
                        "Plan Width": 4,
                        "Actual Startup Time": 448.376,
                        "Actual Total Time": 448.378,
                        "Actual Rows": 581419,
                        "Actual Loops": 1,
                        "Output": [
                            "t.id"
                        ],
                        "Hash Buckets": 1048576,
                        "Original Hash Buckets": 524288,
                        "Hash Batches": 1,
                        "Original Hash Batches": 1,
                        "Peak Memory Usage": 28633,
                        "Plans": [
                            {
                                "Node Type": "Bitmap Heap Scan",
                                "Parent Relationship": "Outer",
                                "Parallel Aware": false,
                                "Relation Name": "title",
                                "Schema": "public",
                                "Alias": "t",
                                "Startup Cost": 17866.94,
                                "Total Cost": 68797.21,
                                "Plan Rows": 497475,
                                "Plan Width": 4,
                                "Actual Startup Time": 57.386,
                                "Actual Total Time": 321.324,
                                "Actual Rows": 581419,
                                "Actual Loops": 1,
                                "Output": [
                                    "t.id"
                                ],
                                "Recheck Cond": "(t.kind_id < 7)",
                                "Rows Removed by Index Recheck": 0,
                                "Filter": "(t.production_year < 2004)",
                                "Rows Removed by Filter": 403629,
                                "Exact Heap Blocks": 35472,
                                "Lossy Heap Blocks": 0,
                                "Plans": [
                                    {
                                        "Node Type": "Bitmap Index Scan",
                                        "Parent Relationship": "Outer",
                                        "Parallel Aware": false,
                                        "Index Name": "kind_id_title",
                                        "Startup Cost": 0.0,
                                        "Total Cost": 17742.57,
                                        "Plan Rows": 995485,
                                        "Plan Width": 0,
                                        "Actual Startup Time": 52.444,
                                        "Actual Total Time": 52.445,
                                        "Actual Rows": 985048,
                                        "Actual Loops": 1,
                                        "Index Cond": "(t.kind_id < 7)"
                                    }
                                ]
                            }
                        ]
                    }
                ]
            }
        ]
    },
    "Planning Time": 2.474,
    "Triggers": [],
    "Execution Time": 7249.666
}