[
  {
    "Plan": {
      "Node Type": "Aggregate",
      "Strategy": "Plain",
      "Partial Mode": "Finalize",
      "Parallel Aware": false,
      "Startup Cost": 85156.56,
      "Total Cost": 85156.57,
      "Plan Rows": 1,
      "Plan Width": 8,
      "Actual Startup Time": 241.864,
      "Actual Total Time": 259.763,
      "Actual Rows": 1,
      "Actual Loops": 1,
      "Plans": [
        {
          "Node Type": "Gather",
          "Parent Relationship": "Outer",
          "Parallel Aware": false,
          "Startup Cost": 85156.24,
          "Total Cost": 85156.55,
          "Plan Rows": 3,
          "Plan Width": 8,
          "Actual Startup Time": 241.429,
          "Actual Total Time": 259.753,
          "Actual Rows": 4,
          "Actual Loops": 1,
          "Workers Planned": 3,
          "Workers Launched": 3,
          "Single Copy": false,
          "Plans": [
            {
              "Node Type": "Aggregate",
              "Strategy": "Plain",
              "Partial Mode": "Partial",
              "Parent Relationship": "Outer",
              "Parallel Aware": false,
              "Startup Cost": 84156.24,
              "Total Cost": 84156.25,
              "Plan Rows": 1,
              "Plan Width": 8,
              "Actual Startup Time": 233.675,
              "Actual Total Time": 233.678,
              "Actual Rows": 1,
              "Actual Loops": 4,
              "Plans": [
                {
                  "Node Type": "Hash Join",
                  "Parent Relationship": "Outer",
                  "Parallel Aware": true,
                  "Join Type": "Inner",
                  "Startup Cost": 57055.43,
                  "Total Cost": 84151.17,
                  "Plan Rows": 2027,
                  "Plan Width": 0,
                  "Actual Startup Time": 166.831,
                  "Actual Total Time": 233.433,
                  "Actual Rows": 2840,
                  "Actual Loops": 4,
                  "Inner Unique": true,
                  "Hash Cond": "(mk.movie_id = t.id)",
                  "Plans": [
                    {
                      "Node Type": "Bitmap Heap Scan",
                      "Parent Relationship": "Outer",
                      "Parallel Aware": true,
                      "Relation Name": "movie_keyword",
                      "Alias": "mk",
                      "Startup Cost": 11484.65,
                      "Total Cost": 38121.91,
                      "Plan Rows": 174661,
                      "Plan Width": 4,
                      "Actual Startup Time": 46.629,
                      "Actual Total Time": 115.822,
                      "Actual Rows": 130998,
                      "Actual Loops": 4,
                      "Recheck Cond": "(keyword_id > 34630)",
                      "Rows Removed by Index Recheck": 0,
                      "Exact Heap Blocks": 6819,
                      "Lossy Heap Blocks": 0,
                      "Plans": [
                        {
                          "Node Type": "Bitmap Index Scan",
                          "Parent Relationship": "Outer",
                          "Parallel Aware": false,
                          "Index Name": "keyword_id_movie_keyword",
                          "Startup Cost": 0.0,
                          "Total Cost": 11349.29,
                          "Plan Rows": 541448,
                          "Plan Width": 0,
                          "Actual Startup Time": 40.841,
                          "Actual Total Time": 40.842,
                          "Actual Rows": 523991,
                          "Actual Loops": 1,
                          "Index Cond": "(keyword_id > 34630)"
                        }
                      ]
                    },
                    {
                      "Node Type": "Hash",
                      "Parent Relationship": "Inner",
                      "Parallel Aware": true,
                      "Startup Cost": 45479.1,
                      "Total Cost": 45479.1,
                      "Plan Rows": 7334,
                      "Plan Width": 4,
                      "Actual Startup Time": 99.054,
                      "Actual Total Time": 99.055,
                      "Actual Rows": 4029,
                      "Actual Loops": 4,
                      "Hash Buckets": 32768,
                      "Original Hash Buckets": 32768,
                      "Hash Batches": 1,
                      "Original Hash Batches": 1,
                      "Peak Memory Usage": 960,
                      "Plans": [
                        {
                          "Node Type": "Seq Scan",
                          "Parent Relationship": "Outer",
                          "Parallel Aware": true,
                          "Relation Name": "title",
                          "Alias": "t",
                          "Startup Cost": 0.0,
                          "Total Cost": 45479.1,
                          "Plan Rows": 7334,
                          "Plan Width": 4,
                          "Actual Startup Time": 59.902,
                          "Actual Total Time": 97.279,
                          "Actual Rows": 4029,
                          "Actual Loops": 4,
                          "Filter": "((kind_id < 2) AND (production_year = 2006))",
                          "Rows Removed by Filter": 628049
                        }
                      ]
                    }
                  ]
                }
              ]
            }
          ]
        }
      ]
    },
    "Planning Time": 0.632,
    "Triggers": [],
    "Execution Time": 259.853
  }
]