[
  {
    "Plan": {
      "Node Type": "Aggregate",
      "Strategy": "Plain",
      "Partial Mode": "Finalize",
      "Parallel Aware": false,
      "Startup Cost": 336367.35,
      "Total Cost": 336367.36,
      "Plan Rows": 1,
      "Plan Width": 8,
      "Actual Startup Time": 1084.437,
      "Actual Total Time": 1170.724,
      "Actual Rows": 1,
      "Actual Loops": 1,
      "Plans": [
        {
          "Node Type": "Gather",
          "Parent Relationship": "Outer",
          "Parallel Aware": false,
          "Startup Cost": 336366.73,
          "Total Cost": 336367.34,
          "Plan Rows": 6,
          "Plan Width": 8,
          "Actual Startup Time": 1084.206,
          "Actual Total Time": 1170.705,
          "Actual Rows": 7,
          "Actual Loops": 1,
          "Workers Planned": 6,
          "Workers Launched": 6,
          "Single Copy": false,
          "Plans": [
            {
              "Node Type": "Aggregate",
              "Strategy": "Plain",
              "Partial Mode": "Partial",
              "Parent Relationship": "Outer",
              "Parallel Aware": false,
              "Startup Cost": 335366.73,
              "Total Cost": 335366.74,
              "Plan Rows": 1,
              "Plan Width": 8,
              "Actual Startup Time": 1075.026,
              "Actual Total Time": 1075.028,
              "Actual Rows": 1,
              "Actual Loops": 7,
              "Plans": [
                {
                  "Node Type": "Seq Scan",
                  "Parent Relationship": "Outer",
                  "Parallel Aware": true,
                  "Relation Name": "cast_info",
                  "Alias": "ci",
                  "Startup Cost": 0.0,
                  "Total Cost": 328211.39,
                  "Plan Rows": 2862134,
                  "Plan Width": 0,
                  "Actual Startup Time": 333.481,
                  "Actual Total Time": 906.271,
                  "Actual Rows": 2423362,
                  "Actual Loops": 7,
                  "Filter": "(person_id > 1926927)",
                  "Rows Removed by Filter": 2754401
                }
              ]
            }
          ]
        }
      ]
    },
    "Planning Time": 0.233,
    "Triggers": [],
    "Execution Time": 1170.855
  }
]