[
  {
    "Plan": {
      "Node Type": "Aggregate",
      "Strategy": "Plain",
      "Partial Mode": "Finalize",
      "Parallel Aware": false,
      "Startup Cost": 336264.38,
      "Total Cost": 336264.39,
      "Plan Rows": 1,
      "Plan Width": 8,
      "Actual Startup Time": 697.755,
      "Actual Total Time": 756.157,
      "Actual Rows": 1,
      "Actual Loops": 1,
      "Plans": [
        {
          "Node Type": "Gather",
          "Parent Relationship": "Outer",
          "Parallel Aware": false,
          "Startup Cost": 336263.75,
          "Total Cost": 336264.36,
          "Plan Rows": 6,
          "Plan Width": 8,
          "Actual Startup Time": 697.621,
          "Actual Total Time": 756.147,
          "Actual Rows": 7,
          "Actual Loops": 1,
          "Workers Planned": 6,
          "Workers Launched": 6,
          "Single Copy": false,
          "Plans": [
            {
              "Node Type": "Aggregate",
              "Strategy": "Plain",
              "Partial Mode": "Partial",
              "Parent Relationship": "Outer",
              "Parallel Aware": false,
              "Startup Cost": 335263.75,
              "Total Cost": 335263.76,
              "Plan Rows": 1,
              "Plan Width": 8,
              "Actual Startup Time": 687.287,
              "Actual Total Time": 687.289,
              "Actual Rows": 1,
              "Actual Loops": 7,
              "Plans": [
                {
                  "Node Type": "Seq Scan",
                  "Parent Relationship": "Outer",
                  "Parallel Aware": true,
                  "Relation Name": "cast_info",
                  "Alias": "ci",
                  "Startup Cost": 0.0,
                  "Total Cost": 328162.03,
                  "Plan Rows": 2840690,
                  "Plan Width": 0,
                  "Actual Startup Time": 209.051,
                  "Actual Total Time": 583.701,
                  "Actual Rows": 2423362,
                  "Actual Loops": 7,
                  "Filter": "(person_id > 1926927)",
                  "Rows Removed by Filter": 2754401
                }
              ]
            }
          ]
        }
      ]
    },
    "Planning Time": 0.174,
    "Triggers": [],
    "Execution Time": 756.261
  }
]