{
  "Plan": {
    "Node Type": "Aggregate",
    "Strategy": "Plain",
    "Partial Mode": "Finalize",
    "Parallel Aware": false,
    "Startup Cost": 825112.43,
    "Total Cost": 825112.44,
    "Plan Rows": 1,
    "Plan Width": 8,
    "Actual Startup Time": 8064.377,
    "Actual Total Time": 8131.589,
    "Actual Rows": 1,
    "Actual Loops": 1,
    "Plans": [
      {
        "Node Type": "Gather",
        "Parent Relationship": "Outer",
        "Parallel Aware": false,
        "Startup Cost": 825112.32,
        "Total Cost": 825112.43,
        "Plan Rows": 1,
        "Plan Width": 8,
        "Actual Startup Time": 8053.562,
        "Actual Total Time": 8131.581,
        "Actual Rows": 2,
        "Actual Loops": 1,
        "Workers Planned": 1,
        "Workers Launched": 1,
        "Single Copy": false,
        "Plans": [
          {
            "Node Type": "Aggregate",
            "Strategy": "Plain",
            "Partial Mode": "Partial",
            "Parent Relationship": "Outer",
            "Parallel Aware": false,
            "Startup Cost": 824112.32,
            "Total Cost": 824112.33,
            "Plan Rows": 1,
            "Plan Width": 8,
            "Actual Startup Time": 8039.691,
            "Actual Total Time": 8039.698,
            "Actual Rows": 1,
            "Actual Loops": 2,
            "Plans": [
              {
                "Node Type": "Hash Join",
                "Parent Relationship": "Outer",
                "Parallel Aware": true,
                "Join Type": "Inner",
                "Startup Cost": 478282.88,
                "Total Cost": 809562.05,
                "Plan Rows": 5820109,
                "Plan Width": 0,
                "Actual Startup Time": 2479.829,
                "Actual Total Time": 6853.886,
                "Actual Rows": 30444424,
                "Actual Loops": 2,
                "Inner Unique": false,
                "Hash Cond": "(mi.movie_id = t.id)",
                "Plans": [
                  {
                    "Node Type": "Seq Scan",
                    "Parent Relationship": "Outer",
                    "Parallel Aware": true,
                    "Relation Name": "movie_info",
                    "Alias": "mi",
                    "Startup Cost": 0.0,
                    "Total Cost": 270696.42,
                    "Plan Rows": 5269362,
                    "Plan Width": 4,
                    "Actual Startup Time": 34.096,
                    "Actual Total Time": 720.588,
                    "Actual Rows": 4475378,
                    "Actual Loops": 2,
                    "Filter": "(info_type_id > 6)",
                    "Rows Removed by Filter": 2942482
                  },
                  {
                    "Node Type": "Hash",
                    "Parent Relationship": "Inner",
                    "Parallel Aware": true,
                    "Startup Cost": 457749.44,
                    "Total Cost": 457749.44,
                    "Plan Rows": 1642675,
                    "Plan Width": 8,
                    "Actual Startup Time": 2423.107,
                    "Actual Total Time": 2423.111,
                    "Actual Rows": 2022920,
                    "Actual Loops": 2,
                    "Hash Buckets": 4194304,
                    "Original Hash Buckets": 4194304,
                    "Hash Batches": 1,
                    "Original Hash Batches": 1,
                    "Peak Memory Usage": 191072,
                    "Plans": [
                      {
                        "Node Type": "Hash Join",
                        "Parent Relationship": "Outer",
                        "Parallel Aware": true,
                        "Join Type": "Inner",
                        "Startup Cost": 163168.24,
                        "Total Cost": 457749.44,
                        "Plan Rows": 1642675,
                        "Plan Width": 8,
                        "Actual Startup Time": 666.659,
                        "Actual Total Time": 1854.644,
                        "Actual Rows": 2022920,
                        "Actual Loops": 2,
                        "Inner Unique": true,
                        "Hash Cond": "(ci.movie_id = t.id)",
                        "Plans": [
                          {
                            "Node Type": "Bitmap Heap Scan",
                            "Parent Relationship": "Outer",
                            "Parallel Aware": true,
                            "Relation Name": "cast_info",
                            "Alias": "ci",
                            "Startup Cost": 93707.54,
                            "Total Cost": 383976.71,
                            "Plan Rows": 1642675,
                            "Plan Width": 4,
                            "Actual Startup Time": 152.735,
                            "Actual Total Time": 474.841,
                            "Actual Rows": 2022920,
                            "Actual Loops": 2,
                            "Recheck Cond": "(person_id > 3314582)",
                            "Rows Removed by Index Recheck": 0,
                            "Filter": "(role_id > 1)",
                            "Rows Removed by Filter": 0,
                            "Exact Heap Blocks": 28915,
                            "Lossy Heap Blocks": 0,
                            "Plans": [
                              {
                                "Node Type": "Bitmap Index Scan",
                                "Parent Relationship": "Outer",
                                "Parallel Aware": false,
                                "Index Name": "person_id_cast_info",
                                "Startup Cost": 0.0,
                                "Total Cost": 93009.4,
                                "Plan Rows": 4259312,
                                "Plan Width": 0,
                                "Actual Startup Time": 142.822,
                                "Actual Total Time": 142.822,
                                "Actual Rows": 4045840,
                                "Actual Loops": 1,
                                "Index Cond": "(person_id > 3314582)"
                              }
                            ]
                          },
                          {
                            "Node Type": "Hash",
                            "Parent Relationship": "Inner",
                            "Parallel Aware": true,
                            "Startup Cost": 50870.31,
                            "Total Cost": 50870.31,
                            "Plan Rows": 1487231,
                            "Plan Width": 4,
                            "Actual Startup Time": 500.656,
                            "Actual Total Time": 500.657,
                            "Actual Rows": 1264156,
                            "Actual Loops": 2,
                            "Hash Buckets": 4194304,
                            "Original Hash Buckets": 4194304,
                            "Hash Batches": 1,
                            "Original Hash Batches": 1,
                            "Peak Memory Usage": 131712,
                            "Plans": [
                              {
                                "Node Type": "Seq Scan",
                                "Parent Relationship": "Outer",
                                "Parallel Aware": true,
                                "Relation Name": "title",
                                "Alias": "t",
                                "Startup Cost": 0.0,
                                "Total Cost": 50870.31,
                                "Plan Rows": 1487231,
                                "Plan Width": 4,
                                "Actual Startup Time": 0.03,
                                "Actual Total Time": 155.249,
                                "Actual Rows": 1264156,
                                "Actual Loops": 2
                              }
                            ]
                          }
                        ]
                      }
                    ]
                  }
                ]
              }
            ]
          }
        ]
      }
    ]
  },
  "Planning Time": 0.962,
  "Triggers": [],
  "Execution Time": 8131.693
}