[
  {
    "Plan": {
      "Node Type": "Aggregate",
      "Strategy": "Plain",
      "Partial Mode": "Finalize",
      "Parallel Aware": false,
      "Startup Cost": 29878.07,
      "Total Cost": 29878.08,
      "Plan Rows": 1,
      "Plan Width": 8,
      "Actual Startup Time": 24.837,
      "Actual Total Time": 29.202,
      "Actual Rows": 1,
      "Actual Loops": 1,
      "Plans": [
        {
          "Node Type": "Gather",
          "Parent Relationship": "Outer",
          "Parallel Aware": false,
          "Startup Cost": 29877.86,
          "Total Cost": 29878.07,
          "Plan Rows": 2,
          "Plan Width": 8,
          "Actual Startup Time": 24.684,
          "Actual Total Time": 29.197,
          "Actual Rows": 3,
          "Actual Loops": 1,
          "Workers Planned": 2,
          "Workers Launched": 2,
          "Single Copy": false,
          "Plans": [
            {
              "Node Type": "Aggregate",
              "Strategy": "Plain",
              "Partial Mode": "Partial",
              "Parent Relationship": "Outer",
              "Parallel Aware": false,
              "Startup Cost": 28877.86,
              "Total Cost": 28877.87,
              "Plan Rows": 1,
              "Plan Width": 8,
              "Actual Startup Time": 21.341,
              "Actual Total Time": 21.343,
              "Actual Rows": 1,
              "Actual Loops": 3,
              "Plans": [
                {
                  "Node Type": "Nested Loop",
                  "Parent Relationship": "Outer",
                  "Parallel Aware": false,
                  "Join Type": "Inner",
                  "Startup Cost": 113.77,
                  "Total Cost": 28877.06,
                  "Plan Rows": 318,
                  "Plan Width": 0,
                  "Actual Startup Time": 1.413,
                  "Actual Total Time": 21.284,
                  "Actual Rows": 297,
                  "Actual Loops": 3,
                  "Inner Unique": true,
                  "Plans": [
                    {
                      "Node Type": "Bitmap Heap Scan",
                      "Parent Relationship": "Outer",
                      "Parallel Aware": true,
                      "Relation Name": "movie_keyword",
                      "Alias": "mk",
                      "Startup Cost": 113.34,
                      "Total Cost": 12888.65,
                      "Plan Rows": 2199,
                      "Plan Width": 4,
                      "Actual Startup Time": 0.82,
                      "Actual Total Time": 7.064,
                      "Actual Rows": 1542,
                      "Actual Loops": 3,
                      "Recheck Cond": "(keyword_id = 465)",
                      "Rows Removed by Index Recheck": 0,
                      "Exact Heap Blocks": 2791,
                      "Lossy Heap Blocks": 0,
                      "Plans": [
                        {
                          "Node Type": "Bitmap Index Scan",
                          "Parent Relationship": "Outer",
                          "Parallel Aware": false,
                          "Index Name": "keyword_id_movie_keyword",
                          "Startup Cost": 0.0,
                          "Total Cost": 112.02,
                          "Plan Rows": 5278,
                          "Plan Width": 0,
                          "Actual Startup Time": 1.499,
                          "Actual Total Time": 1.499,
                          "Actual Rows": 4626,
                          "Actual Loops": 1,
                          "Index Cond": "(keyword_id = 465)"
                        }
                      ]
                    },
                    {
                      "Node Type": "Index Scan",
                      "Parent Relationship": "Inner",
                      "Parallel Aware": false,
                      "Scan Direction": "Forward",
                      "Index Name": "title_pkey",
                      "Relation Name": "title",
                      "Alias": "t",
                      "Startup Cost": 0.43,
                      "Total Cost": 7.27,
                      "Plan Rows": 1,
                      "Plan Width": 4,
                      "Actual Startup Time": 0.009,
                      "Actual Total Time": 0.009,
                      "Actual Rows": 0,
                      "Actual Loops": 4626,
                      "Index Cond": "(id = mk.movie_id)",
                      "Rows Removed by Index Recheck": 0,
                      "Filter": "(production_year < 1971)",
                      "Rows Removed by Filter": 1
                    }
                  ]
                }
              ]
            }
          ]
        }
      ]
    },
    "Planning Time": 0.275,
    "Triggers": [],
    "Execution Time": 29.244
  }
]