[
  {
    "Plan": {
      "Node Type": "Aggregate",
      "Strategy": "Plain",
      "Partial Mode": "Finalize",
      "Parallel Aware": false,
      "Startup Cost": 44440.71,
      "Total Cost": 44440.72,
      "Plan Rows": 1,
      "Plan Width": 8,
      "Actual Startup Time": 119.504,
      "Actual Total Time": 128.781,
      "Actual Rows": 1,
      "Actual Loops": 1,
      "Plans": [
        {
          "Node Type": "Gather",
          "Parent Relationship": "Outer",
          "Parallel Aware": false,
          "Startup Cost": 44440.39,
          "Total Cost": 44440.7,
          "Plan Rows": 3,
          "Plan Width": 8,
          "Actual Startup Time": 119.392,
          "Actual Total Time": 128.774,
          "Actual Rows": 4,
          "Actual Loops": 1,
          "Workers Planned": 3,
          "Workers Launched": 3,
          "Single Copy": false,
          "Plans": [
            {
              "Node Type": "Aggregate",
              "Strategy": "Plain",
              "Partial Mode": "Partial",
              "Parent Relationship": "Outer",
              "Parallel Aware": false,
              "Startup Cost": 43440.39,
              "Total Cost": 43440.4,
              "Plan Rows": 1,
              "Plan Width": 8,
              "Actual Startup Time": 113.674,
              "Actual Total Time": 113.675,
              "Actual Rows": 1,
              "Actual Loops": 4,
              "Plans": [
                {
                  "Node Type": "Seq Scan",
                  "Parent Relationship": "Outer",
                  "Parallel Aware": true,
                  "Relation Name": "movie_keyword",
                  "Alias": "mk",
                  "Startup Cost": 0.0,
                  "Total Cost": 42695.65,
                  "Plan Rows": 297894,
                  "Plan Width": 0,
                  "Actual Startup Time": 4.117,
                  "Actual Total Time": 102.282,
                  "Actual Rows": 226188,
                  "Actual Loops": 4,
                  "Filter": "(keyword_id > 20378)",
                  "Rows Removed by Filter": 904795
                }
              ]
            }
          ]
        }
      ]
    },
    "Planning Time": 0.15,
    "Triggers": [],
    "Execution Time": 128.85
  }
]