{
  "Plan": {
    "Node Type": "Aggregate",
    "Strategy": "Plain",
    "Partial Mode": "Finalize",
    "Parallel Aware": false,
    "Startup Cost": 660527.33,
    "Total Cost": 660527.34,
    "Plan Rows": 1,
    "Plan Width": 8,
    "Actual Startup Time": 3427.022,
    "Actual Total Time": 3488.563,
    "Actual Rows": 1,
    "Actual Loops": 1,
    "Plans": [
      {
        "Node Type": "Gather",
        "Parent Relationship": "Outer",
        "Parallel Aware": false,
        "Startup Cost": 660527.22,
        "Total Cost": 660527.33,
        "Plan Rows": 1,
        "Plan Width": 8,
        "Actual Startup Time": 3426.558,
        "Actual Total Time": 3488.553,
        "Actual Rows": 2,
        "Actual Loops": 1,
        "Workers Planned": 1,
        "Workers Launched": 1,
        "Single Copy": false,
        "Plans": [
          {
            "Node Type": "Aggregate",
            "Strategy": "Plain",
            "Partial Mode": "Partial",
            "Parent Relationship": "Outer",
            "Parallel Aware": false,
            "Startup Cost": 659527.22,
            "Total Cost": 659527.23,
            "Plan Rows": 1,
            "Plan Width": 8,
            "Actual Startup Time": 3423.525,
            "Actual Total Time": 3423.528,
            "Actual Rows": 1,
            "Actual Loops": 2,
            "Plans": [
              {
                "Node Type": "Hash Join",
                "Parent Relationship": "Outer",
                "Parallel Aware": true,
                "Join Type": "Inner",
                "Startup Cost": 55242.32,
                "Total Cost": 657223.19,
                "Plan Rows": 921612,
                "Plan Width": 0,
                "Actual Startup Time": 158.728,
                "Actual Total Time": 3387.566,
                "Actual Rows": 681211,
                "Actual Loops": 2,
                "Inner Unique": true,
                "Hash Cond": "(ci.movie_id = t.id)",
                "Plans": [
                  {
                    "Node Type": "Seq Scan",
                    "Parent Relationship": "Outer",
                    "Parallel Aware": true,
                    "Relation Name": "cast_info",
                    "Alias": "ci",
                    "Startup Cost": 0.0,
                    "Total Cost": 572345.93,
                    "Plan Rows": 11289485,
                    "Plan Width": 4,
                    "Actual Startup Time": 38.93,
                    "Actual Total Time": 1962.511,
                    "Actual Rows": 9628198,
                    "Actual Loops": 2,
                    "Filter": "((person_id > 121380) AND (role_id < 3))",
                    "Rows Removed by Filter": 8493974
                  },
                  {
                    "Node Type": "Hash",
                    "Parent Relationship": "Inner",
                    "Parallel Aware": true,
                    "Startup Cost": 53724.71,
                    "Total Cost": 53724.71,
                    "Plan Rows": 121409,
                    "Plan Width": 4,
                    "Actual Startup Time": 117.98,
                    "Actual Total Time": 117.982,
                    "Actual Rows": 91196,
                    "Actual Loops": 2,
                    "Hash Buckets": 262144,
                    "Original Hash Buckets": 262144,
                    "Hash Batches": 1,
                    "Original Hash Batches": 1,
                    "Peak Memory Usage": 9216,
                    "Plans": [
                      {
                        "Node Type": "Bitmap Heap Scan",
                        "Parent Relationship": "Outer",
                        "Parallel Aware": true,
                        "Relation Name": "title",
                        "Alias": "t",
                        "Startup Cost": 11874.45,
                        "Total Cost": 53724.71,
                        "Plan Rows": 121409,
                        "Plan Width": 4,
                        "Actual Startup Time": 31.19,
                        "Actual Total Time": 96.742,
                        "Actual Rows": 91196,
                        "Actual Loops": 2,
                        "Recheck Cond": "(kind_id = 1)",
                        "Rows Removed by Index Recheck": 0,
                        "Filter": "(production_year > 2007)",
                        "Rows Removed by Filter": 240216,
                        "Exact Heap Blocks": 9365,
                        "Lossy Heap Blocks": 0,
                        "Plans": [
                          {
                            "Node Type": "Bitmap Index Scan",
                            "Parent Relationship": "Outer",
                            "Parallel Aware": false,
                            "Index Name": "kind_id_title",
                            "Startup Cost": 0.0,
                            "Total Cost": 11822.85,
                            "Plan Rows": 663256,
                            "Plan Width": 0,
                            "Actual Startup Time": 30.029,
                            "Actual Total Time": 30.029,
                            "Actual Rows": 662825,
                            "Actual Loops": 1,
                            "Index Cond": "(kind_id = 1)"
                          }
                        ]
                      }
                    ]
                  }
                ]
              }
            ]
          }
        ]
      }
    ]
  },
  "Planning Time": 0.499,
  "Triggers": [],
  "Execution Time": 3488.649
}