[
    {
        "Bao": {
            "Bao prediction": 454.044,
            "Bao recommended hint": "(no hint)"
        }
    },
    {
        "Plan": {
            "Node Type": "Aggregate",
            "Strategy": "Plain",
            "Partial Mode": "Finalize",
            "Parallel Aware": false,
            "Startup Cost": 31012.07,
            "Total Cost": 31012.08,
            "Plan Rows": 1,
            "Plan Width": 8,
            "Actual Startup Time": 108.148,
            "Actual Total Time": 115.542,
            "Actual Rows": 1,
            "Actual Loops": 1,
            "Output": [
                "count(*)"
            ],
            "Plans": [
                {
                    "Node Type": "Gather",
                    "Parent Relationship": "Outer",
                    "Parallel Aware": false,
                    "Startup Cost": 31011.75,
                    "Total Cost": 31012.06,
                    "Plan Rows": 3,
                    "Plan Width": 8,
                    "Actual Startup Time": 108.07,
                    "Actual Total Time": 115.535,
                    "Actual Rows": 4,
                    "Actual Loops": 1,
                    "Output": [
                        "(PARTIAL count(*))"
                    ],
                    "Workers Planned": 3,
                    "Workers Launched": 3,
                    "Single Copy": false,
                    "Plans": [
                        {
                            "Node Type": "Aggregate",
                            "Strategy": "Plain",
                            "Partial Mode": "Partial",
                            "Parent Relationship": "Outer",
                            "Parallel Aware": false,
                            "Startup Cost": 30011.75,
                            "Total Cost": 30011.76,
                            "Plan Rows": 1,
                            "Plan Width": 8,
                            "Actual Startup Time": 100.436,
                            "Actual Total Time": 100.438,
                            "Actual Rows": 1,
                            "Actual Loops": 4,
                            "Output": [
                                "PARTIAL count(*)"
                            ],
                            "Workers": [
                                {
                                    "Worker Number": 0,
                                    "Actual Startup Time": 97.613,
                                    "Actual Total Time": 97.614,
                                    "Actual Rows": 1,
                                    "Actual Loops": 1
                                },
                                {
                                    "Worker Number": 1,
                                    "Actual Startup Time": 98.092,
                                    "Actual Total Time": 98.093,
                                    "Actual Rows": 1,
                                    "Actual Loops": 1
                                },
                                {
                                    "Worker Number": 2,
                                    "Actual Startup Time": 98.522,
                                    "Actual Total Time": 98.523,
                                    "Actual Rows": 1,
                                    "Actual Loops": 1
                                }
                            ],
                            "Plans": [
                                {
                                    "Node Type": "Seq Scan",
                                    "Parent Relationship": "Outer",
                                    "Parallel Aware": true,
                                    "Relation Name": "movie_companies",
                                    "Schema": "public",
                                    "Alias": "mc",
                                    "Startup Cost": 0.0,
                                    "Total Cost": 29310.68,
                                    "Plan Rows": 280427,
                                    "Plan Width": 0,
                                    "Actual Startup Time": 24.794,
                                    "Actual Total Time": 88.006,
                                    "Actual Rows": 218154,
                                    "Actual Loops": 4,
                                    "Output": [
                                        "id",
                                        "movie_id",
                                        "company_id",
                                        "company_type_id",
                                        "note"
                                    ],
                                    "Filter": "(mc.company_id > 23446)",
                                    "Rows Removed by Filter": 434129,
                                    "Workers": [
                                        {
                                            "Worker Number": 0,
                                            "Actual Startup Time": 21.982,
                                            "Actual Total Time": 85.441,
                                            "Actual Rows": 177732,
                                            "Actual Loops": 1
                                        },
                                        {
                                            "Worker Number": 1,
                                            "Actual Startup Time": 22.44,
                                            "Actual Total Time": 85.834,
                                            "Actual Rows": 177925,
                                            "Actual Loops": 1
                                        },
                                        {
                                            "Worker Number": 2,
                                            "Actual Startup Time": 22.88,
                                            "Actual Total Time": 86.323,
                                            "Actual Rows": 177652,
                                            "Actual Loops": 1
                                        }
                                    ]
                                }
                            ]
                        }
                    ]
                }
            ]
        },
        "Planning Time": 1359.407,
        "Triggers": [],
        "Execution Time": 115.619
    }
]