[
  {
    "Plan": {
      "Node Type": "Aggregate",
      "Strategy": "Plain",
      "Partial Mode": "Finalize",
      "Parallel Aware": false,
      "Startup Cost": 46969.06,
      "Total Cost": 46969.07,
      "Plan Rows": 1,
      "Plan Width": 8,
      "Actual Startup Time": 97.307,
      "Actual Total Time": 108.547,
      "Actual Rows": 1,
      "Actual Loops": 1,
      "Plans": [
        {
          "Node Type": "Gather",
          "Parent Relationship": "Outer",
          "Parallel Aware": false,
          "Startup Cost": 46968.64,
          "Total Cost": 46969.05,
          "Plan Rows": 4,
          "Plan Width": 8,
          "Actual Startup Time": 97.007,
          "Actual Total Time": 108.533,
          "Actual Rows": 5,
          "Actual Loops": 1,
          "Workers Planned": 4,
          "Workers Launched": 4,
          "Single Copy": false,
          "Plans": [
            {
              "Node Type": "Aggregate",
              "Strategy": "Plain",
              "Partial Mode": "Partial",
              "Parent Relationship": "Outer",
              "Parallel Aware": false,
              "Startup Cost": 45968.64,
              "Total Cost": 45968.65,
              "Plan Rows": 1,
              "Plan Width": 8,
              "Actual Startup Time": 91.596,
              "Actual Total Time": 91.597,
              "Actual Rows": 1,
              "Actual Loops": 5,
              "Plans": [
                {
                  "Node Type": "Seq Scan",
                  "Parent Relationship": "Outer",
                  "Parallel Aware": true,
                  "Relation Name": "title",
                  "Alias": "t",
                  "Startup Cost": 0.0,
                  "Total Cost": 45479.59,
                  "Plan Rows": 195621,
                  "Plan Width": 0,
                  "Actual Startup Time": 0.036,
                  "Actual Total Time": 84.915,
                  "Actual Rows": 137911,
                  "Actual Loops": 5,
                  "Filter": "((kind_id < 7) AND (production_year > 1976))",
                  "Rows Removed by Filter": 367751
                }
              ]
            }
          ]
        }
      ]
    },
    "Planning Time": 0.1,
    "Triggers": [],
    "Execution Time": 108.579
  }
]