[
  {
    "Plan": {
      "Node Type": "Aggregate",
      "Strategy": "Plain",
      "Partial Mode": "Finalize",
      "Parallel Aware": false,
      "Startup Cost": 352354.19,
      "Total Cost": 352354.2,
      "Plan Rows": 1,
      "Plan Width": 8,
      "Actual Startup Time": 809.545,
      "Actual Total Time": 866.344,
      "Actual Rows": 1,
      "Actual Loops": 1,
      "Plans": [
        {
          "Node Type": "Gather",
          "Parent Relationship": "Outer",
          "Parallel Aware": false,
          "Startup Cost": 352353.57,
          "Total Cost": 352354.18,
          "Plan Rows": 6,
          "Plan Width": 8,
          "Actual Startup Time": 809.431,
          "Actual Total Time": 866.334,
          "Actual Rows": 7,
          "Actual Loops": 1,
          "Workers Planned": 6,
          "Workers Launched": 6,
          "Single Copy": false,
          "Plans": [
            {
              "Node Type": "Aggregate",
              "Strategy": "Plain",
              "Partial Mode": "Partial",
              "Parent Relationship": "Outer",
              "Parallel Aware": false,
              "Startup Cost": 351353.57,
              "Total Cost": 351353.58,
              "Plan Rows": 1,
              "Plan Width": 8,
              "Actual Startup Time": 799.222,
              "Actual Total Time": 799.223,
              "Actual Rows": 1,
              "Actual Loops": 7,
              "Plans": [
                {
                  "Node Type": "Seq Scan",
                  "Parent Relationship": "Outer",
                  "Parallel Aware": true,
                  "Relation Name": "cast_info",
                  "Alias": "ci",
                  "Startup Cost": 0.0,
                  "Total Cost": 343257.03,
                  "Plan Rows": 3238616,
                  "Plan Width": 0,
                  "Actual Startup Time": 230.585,
                  "Actual Total Time": 692.793,
                  "Actual Rows": 2450618,
                  "Actual Loops": 7,
                  "Filter": "((person_id < 3012891) AND (role_id > 1))",
                  "Rows Removed by Filter": 2727146
                }
              ]
            }
          ]
        }
      ]
    },
    "Planning Time": 0.198,
    "Triggers": [],
    "Execution Time": 866.413
  }
]