[
  {
    "Plan": {
      "Node Type": "Aggregate",
      "Strategy": "Plain",
      "Partial Mode": "Finalize",
      "Parallel Aware": false,
      "Startup Cost": 258706.66,
      "Total Cost": 258706.67,
      "Plan Rows": 1,
      "Plan Width": 8,
      "Actual Startup Time": 300.972,
      "Actual Total Time": 316.643,
      "Actual Rows": 1,
      "Actual Loops": 1,
      "Plans": [
        {
          "Node Type": "Gather",
          "Parent Relationship": "Outer",
          "Parallel Aware": false,
          "Startup Cost": 258706.03,
          "Total Cost": 258706.64,
          "Plan Rows": 6,
          "Plan Width": 8,
          "Actual Startup Time": 300.853,
          "Actual Total Time": 316.634,
          "Actual Rows": 7,
          "Actual Loops": 1,
          "Workers Planned": 6,
          "Workers Launched": 6,
          "Single Copy": false,
          "Plans": [
            {
              "Node Type": "Aggregate",
              "Strategy": "Plain",
              "Partial Mode": "Partial",
              "Parent Relationship": "Outer",
              "Parallel Aware": false,
              "Startup Cost": 257706.03,
              "Total Cost": 257706.04,
              "Plan Rows": 1,
              "Plan Width": 8,
              "Actual Startup Time": 291.899,
              "Actual Total Time": 291.914,
              "Actual Rows": 1,
              "Actual Loops": 7,
              "Plans": [
                {
                  "Node Type": "Index Scan",
                  "Parent Relationship": "Outer",
                  "Parallel Aware": true,
                  "Scan Direction": "Forward",
                  "Index Name": "role_id_cast_info",
                  "Relation Name": "cast_info",
                  "Alias": "ci",
                  "Startup Cost": 0.56,
                  "Total Cost": 255086.64,
                  "Plan Rows": 1047756,
                  "Plan Width": 0,
                  "Actual Startup Time": 0.136,
                  "Actual Total Time": 272.631,
                  "Actual Rows": 389850,
                  "Actual Loops": 7,
                  "Index Cond": "(role_id > 4)",
                  "Rows Removed by Index Recheck": 0,
                  "Filter": "(person_id < 2466014)",
                  "Rows Removed by Filter": 950821
                }
              ]
            }
          ]
        }
      ]
    },
    "Planning Time": 0.289,
    "Triggers": [],
    "Execution Time": 316.745
  }
]