[
  {
    "Plan": {
      "Node Type": "Aggregate",
      "Strategy": "Plain",
      "Partial Mode": "Finalize",
      "Parallel Aware": false,
      "Startup Cost": 237239.71,
      "Total Cost": 237239.72,
      "Plan Rows": 1,
      "Plan Width": 8,
      "Actual Startup Time": 534.966,
      "Actual Total Time": 554.913,
      "Actual Rows": 1,
      "Actual Loops": 1,
      "Plans": [
        {
          "Node Type": "Gather",
          "Parent Relationship": "Outer",
          "Parallel Aware": false,
          "Startup Cost": 237239.18,
          "Total Cost": 237239.69,
          "Plan Rows": 5,
          "Plan Width": 8,
          "Actual Startup Time": 520.225,
          "Actual Total Time": 554.901,
          "Actual Rows": 6,
          "Actual Loops": 1,
          "Workers Planned": 5,
          "Workers Launched": 5,
          "Single Copy": false,
          "Plans": [
            {
              "Node Type": "Aggregate",
              "Strategy": "Plain",
              "Partial Mode": "Partial",
              "Parent Relationship": "Outer",
              "Parallel Aware": false,
              "Startup Cost": 236239.18,
              "Total Cost": 236239.19,
              "Plan Rows": 1,
              "Plan Width": 8,
              "Actual Startup Time": 497.685,
              "Actual Total Time": 497.69,
              "Actual Rows": 1,
              "Actual Loops": 6,
              "Plans": [
                {
                  "Node Type": "Hash Join",
                  "Parent Relationship": "Outer",
                  "Parallel Aware": true,
                  "Join Type": "Inner",
                  "Startup Cost": 70332.54,
                  "Total Cost": 235684.06,
                  "Plan Rows": 222051,
                  "Plan Width": 0,
                  "Actual Startup Time": 345.912,
                  "Actual Total Time": 487.28,
                  "Actual Rows": 176577,
                  "Actual Loops": 6,
                  "Inner Unique": true,
                  "Hash Cond": "(mi.movie_id = t.id)",
                  "Plans": [
                    {
                      "Node Type": "Bitmap Heap Scan",
                      "Parent Relationship": "Outer",
                      "Parallel Aware": true,
                      "Relation Name": "movie_info",
                      "Alias": "mi",
                      "Startup Cost": 20112.9,
                      "Total Cost": 184881.53,
                      "Plan Rows": 222051,
                      "Plan Width": 4,
                      "Actual Startup Time": 69.039,
                      "Actual Total Time": 130.568,
                      "Actual Rows": 176577,
                      "Actual Loops": 6,
                      "Recheck Cond": "(info_type_id > 76)",
                      "Rows Removed by Index Recheck": 0,
                      "Exact Heap Blocks": 5923,
                      "Lossy Heap Blocks": 0,
                      "Plans": [
                        {
                          "Node Type": "Bitmap Index Scan",
                          "Parent Relationship": "Outer",
                          "Parallel Aware": false,
                          "Index Name": "info_type_id_movie_info",
                          "Startup Cost": 0.0,
                          "Total Cost": 19835.33,
                          "Plan Rows": 1110253,
                          "Plan Width": 0,
                          "Actual Startup Time": 59.541,
                          "Actual Total Time": 59.542,
                          "Actual Rows": 1059463,
                          "Actual Loops": 1,
                          "Index Cond": "(info_type_id > 76)"
                        }
                      ]
                    },
                    {
                      "Node Type": "Hash",
                      "Parent Relationship": "Inner",
                      "Parallel Aware": true,
                      "Startup Cost": 42318.73,
                      "Total Cost": 42318.73,
                      "Plan Rows": 632073,
                      "Plan Width": 4,
                      "Actual Startup Time": 268.534,
                      "Actual Total Time": 268.535,
                      "Actual Rows": 421385,
                      "Actual Loops": 6,
                      "Hash Buckets": 4194304,
                      "Original Hash Buckets": 4194304,
                      "Hash Batches": 1,
                      "Original Hash Batches": 1,
                      "Peak Memory Usage": 131776,
                      "Plans": [
                        {
                          "Node Type": "Seq Scan",
                          "Parent Relationship": "Outer",
                          "Parallel Aware": true,
                          "Relation Name": "title",
                          "Alias": "t",
                          "Startup Cost": 0.0,
                          "Total Cost": 42318.73,
                          "Plan Rows": 632073,
                          "Plan Width": 4,
                          "Actual Startup Time": 0.034,
                          "Actual Total Time": 78.839,
                          "Actual Rows": 421385,
                          "Actual Loops": 6
                        }
                      ]
                    }
                  ]
                }
              ]
            }
          ]
        }
      ]
    },
    "Planning Time": 0.556,
    "Triggers": [],
    "Execution Time": 555.007
  }
]