{
  "Plan": {
    "Node Type": "Aggregate",
    "Strategy": "Plain",
    "Partial Mode": "Finalize",
    "Parallel Aware": false,
    "Startup Cost": 127293.26,
    "Total Cost": 127293.27,
    "Plan Rows": 1,
    "Plan Width": 8,
    "Actual Startup Time": 575.883,
    "Actual Total Time": 589.13,
    "Actual Rows": 1,
    "Actual Loops": 1,
    "Plans": [
      {
        "Node Type": "Gather",
        "Parent Relationship": "Outer",
        "Parallel Aware": false,
        "Startup Cost": 127293.15,
        "Total Cost": 127293.26,
        "Plan Rows": 1,
        "Plan Width": 8,
        "Actual Startup Time": 573.193,
        "Actual Total Time": 589.123,
        "Actual Rows": 2,
        "Actual Loops": 1,
        "Workers Planned": 1,
        "Workers Launched": 1,
        "Single Copy": false,
        "Plans": [
          {
            "Node Type": "Aggregate",
            "Strategy": "Plain",
            "Partial Mode": "Partial",
            "Parent Relationship": "Outer",
            "Parallel Aware": false,
            "Startup Cost": 126293.15,
            "Total Cost": 126293.16,
            "Plan Rows": 1,
            "Plan Width": 8,
            "Actual Startup Time": 567.188,
            "Actual Total Time": 567.192,
            "Actual Rows": 1,
            "Actual Loops": 2,
            "Plans": [
              {
                "Node Type": "Hash Join",
                "Parent Relationship": "Outer",
                "Parallel Aware": true,
                "Join Type": "Inner",
                "Startup Cost": 65807.03,
                "Total Cost": 125524.8,
                "Plan Rows": 307337,
                "Plan Width": 0,
                "Actual Startup Time": 325.662,
                "Actual Total Time": 564.389,
                "Actual Rows": 71478,
                "Actual Loops": 2,
                "Inner Unique": true,
                "Hash Cond": "(mk.movie_id = t.id)",
                "Plans": [
                  {
                    "Node Type": "Seq Scan",
                    "Parent Relationship": "Outer",
                    "Parallel Aware": true,
                    "Relation Name": "movie_keyword",
                    "Alias": "mk",
                    "Startup Cost": 0.0,
                    "Total Cost": 57718.19,
                    "Plan Rows": 761746,
                    "Plan Width": 4,
                    "Actual Startup Time": 1.315,
                    "Actual Total Time": 158.635,
                    "Actual Rows": 652119,
                    "Actual Loops": 2,
                    "Filter": "(keyword_id > 13476)",
                    "Rows Removed by Filter": 1609846
                  },
                  {
                    "Node Type": "Hash",
                    "Parent Relationship": "Inner",
                    "Parallel Aware": true,
                    "Startup Cost": 58306.47,
                    "Total Cost": 58306.47,
                    "Plan Rows": 600045,
                    "Plan Width": 4,
                    "Actual Startup Time": 314.912,
                    "Actual Total Time": 314.913,
                    "Actual Rows": 558990,
                    "Actual Loops": 2,
                    "Hash Buckets": 2097152,
                    "Original Hash Buckets": 1048576,
                    "Hash Batches": 1,
                    "Original Hash Batches": 1,
                    "Peak Memory Usage": 68320,
                    "Plans": [
                      {
                        "Node Type": "Seq Scan",
                        "Parent Relationship": "Outer",
                        "Parallel Aware": true,
                        "Relation Name": "title",
                        "Alias": "t",
                        "Startup Cost": 0.0,
                        "Total Cost": 58306.47,
                        "Plan Rows": 600045,
                        "Plan Width": 4,
                        "Actual Startup Time": 0.028,
                        "Actual Total Time": 160.587,
                        "Actual Rows": 558990,
                        "Actual Loops": 2,
                        "Filter": "((production_year > 1993) AND (kind_id = 7))",
                        "Rows Removed by Filter": 705166
                      }
                    ]
                  }
                ]
              }
            ]
          }
        ]
      }
    ]
  },
  "Planning Time": 0.725,
  "Triggers": [],
  "Execution Time": 589.227
}