[
  {
    "Plan": {
      "Node Type": "Aggregate",
      "Strategy": "Plain",
      "Partial Mode": "Finalize",
      "Parallel Aware": false,
      "Startup Cost": 60104.69,
      "Total Cost": 60104.7,
      "Plan Rows": 1,
      "Plan Width": 8,
      "Actual Startup Time": 118.3,
      "Actual Total Time": 133.778,
      "Actual Rows": 1,
      "Actual Loops": 1,
      "Plans": [
        {
          "Node Type": "Gather",
          "Parent Relationship": "Outer",
          "Parallel Aware": false,
          "Startup Cost": 60104.27,
          "Total Cost": 60104.68,
          "Plan Rows": 4,
          "Plan Width": 8,
          "Actual Startup Time": 118.152,
          "Actual Total Time": 133.769,
          "Actual Rows": 5,
          "Actual Loops": 1,
          "Workers Planned": 4,
          "Workers Launched": 4,
          "Single Copy": false,
          "Plans": [
            {
              "Node Type": "Aggregate",
              "Strategy": "Plain",
              "Partial Mode": "Partial",
              "Parent Relationship": "Outer",
              "Parallel Aware": false,
              "Startup Cost": 59104.27,
              "Total Cost": 59104.28,
              "Plan Rows": 1,
              "Plan Width": 8,
              "Actual Startup Time": 108.384,
              "Actual Total Time": 108.386,
              "Actual Rows": 1,
              "Actual Loops": 5,
              "Plans": [
                {
                  "Node Type": "Nested Loop",
                  "Parent Relationship": "Outer",
                  "Parallel Aware": false,
                  "Join Type": "Inner",
                  "Startup Cost": 0.43,
                  "Total Cost": 59102.0,
                  "Plan Rows": 908,
                  "Plan Width": 0,
                  "Actual Startup Time": 63.911,
                  "Actual Total Time": 108.164,
                  "Actual Rows": 1786,
                  "Actual Loops": 5,
                  "Inner Unique": false,
                  "Plans": [
                    {
                      "Node Type": "Seq Scan",
                      "Parent Relationship": "Outer",
                      "Parallel Aware": true,
                      "Relation Name": "title",
                      "Alias": "t",
                      "Startup Cost": 0.0,
                      "Total Cost": 45479.59,
                      "Plan Rows": 880,
                      "Plan Width": 4,
                      "Actual Startup Time": 63.821,
                      "Actual Total Time": 95.847,
                      "Actual Rows": 828,
                      "Actual Loops": 5,
                      "Filter": "((kind_id = 1) AND (production_year = 1973))",
                      "Rows Removed by Filter": 504834
                    },
                    {
                      "Node Type": "Index Only Scan",
                      "Parent Relationship": "Inner",
                      "Parallel Aware": false,
                      "Scan Direction": "Forward",
                      "Index Name": "movie_id_movie_companies",
                      "Relation Name": "movie_companies",
                      "Alias": "mc",
                      "Startup Cost": 0.43,
                      "Total Cost": 15.43,
                      "Plan Rows": 5,
                      "Plan Width": 4,
                      "Actual Startup Time": 0.012,
                      "Actual Total Time": 0.014,
                      "Actual Rows": 2,
                      "Actual Loops": 4142,
                      "Index Cond": "(movie_id = t.id)",
                      "Rows Removed by Index Recheck": 0,
                      "Heap Fetches": 8928
                    }
                  ]
                }
              ]
            }
          ]
        }
      ]
    },
    "Planning Time": 0.24,
    "Triggers": [],
    "Execution Time": 133.824
  }
]