{
  "Plan": {
    "Node Type": "Aggregate",
    "Strategy": "Plain",
    "Partial Mode": "Finalize",
    "Parallel Aware": false,
    "Startup Cost": 89765.78,
    "Total Cost": 89765.79,
    "Plan Rows": 1,
    "Plan Width": 8,
    "Actual Startup Time": 254.215,
    "Actual Total Time": 269.531,
    "Actual Rows": 1,
    "Actual Loops": 1,
    "Plans": [
      {
        "Node Type": "Gather",
        "Parent Relationship": "Outer",
        "Parallel Aware": false,
        "Startup Cost": 89765.67,
        "Total Cost": 89765.78,
        "Plan Rows": 1,
        "Plan Width": 8,
        "Actual Startup Time": 253.667,
        "Actual Total Time": 269.523,
        "Actual Rows": 2,
        "Actual Loops": 1,
        "Workers Planned": 1,
        "Workers Launched": 1,
        "Single Copy": false,
        "Plans": [
          {
            "Node Type": "Aggregate",
            "Strategy": "Plain",
            "Partial Mode": "Partial",
            "Parent Relationship": "Outer",
            "Parallel Aware": false,
            "Startup Cost": 88765.67,
            "Total Cost": 88765.68,
            "Plan Rows": 1,
            "Plan Width": 8,
            "Actual Startup Time": 247.833,
            "Actual Total Time": 247.838,
            "Actual Rows": 1,
            "Actual Loops": 2,
            "Plans": [
              {
                "Node Type": "Hash Join",
                "Parent Relationship": "Outer",
                "Parallel Aware": true,
                "Join Type": "Inner",
                "Startup Cost": 62744.19,
                "Total Cost": 88755.69,
                "Plan Rows": 3992,
                "Plan Width": 0,
                "Actual Startup Time": 183.738,
                "Actual Total Time": 247.789,
                "Actual Rows": 524,
                "Actual Loops": 2,
                "Inner Unique": true,
                "Hash Cond": "(mk.movie_id = t.id)",
                "Plans": [
                  {
                    "Node Type": "Bitmap Heap Scan",
                    "Parent Relationship": "Outer",
                    "Parallel Aware": true,
                    "Relation Name": "movie_keyword",
                    "Alias": "mk",
                    "Startup Cost": 3717.12,
                    "Total Cost": 29458.31,
                    "Plan Rows": 102975,
                    "Plan Width": 4,
                    "Actual Startup Time": 13.385,
                    "Actual Total Time": 59.631,
                    "Actual Rows": 94388,
                    "Actual Loops": 2,
                    "Recheck Cond": "(keyword_id < 137)",
                    "Rows Removed by Index Recheck": 0,
                    "Exact Heap Blocks": 17245,
                    "Lossy Heap Blocks": 0,
                    "Plans": [
                      {
                        "Node Type": "Bitmap Index Scan",
                        "Parent Relationship": "Outer",
                        "Parallel Aware": false,
                        "Index Name": "keyword_id_movie_keyword",
                        "Startup Cost": 0.0,
                        "Total Cost": 3673.36,
                        "Plan Rows": 175057,
                        "Plan Width": 0,
                        "Actual Startup Time": 9.934,
                        "Actual Total Time": 9.934,
                        "Actual Rows": 188777,
                        "Actual Loops": 1,
                        "Index Cond": "(keyword_id < 137)"
                      }
                    ]
                  },
                  {
                    "Node Type": "Hash",
                    "Parent Relationship": "Inner",
                    "Parallel Aware": true,
                    "Startup Cost": 58306.47,
                    "Total Cost": 58306.47,
                    "Plan Rows": 57648,
                    "Plan Width": 4,
                    "Actual Startup Time": 167.368,
                    "Actual Total Time": 167.369,
                    "Actual Rows": 53124,
                    "Actual Loops": 2,
                    "Hash Buckets": 131072,
                    "Original Hash Buckets": 131072,
                    "Hash Batches": 1,
                    "Original Hash Batches": 1,
                    "Peak Memory Usage": 5216,
                    "Plans": [
                      {
                        "Node Type": "Seq Scan",
                        "Parent Relationship": "Outer",
                        "Parallel Aware": true,
                        "Relation Name": "title",
                        "Alias": "t",
                        "Startup Cost": 0.0,
                        "Total Cost": 58306.47,
                        "Plan Rows": 57648,
                        "Plan Width": 4,
                        "Actual Startup Time": 0.041,
                        "Actual Total Time": 151.863,
                        "Actual Rows": 53124,
                        "Actual Loops": 2,
                        "Filter": "((kind_id = 7) AND (production_year = 2011))",
                        "Rows Removed by Filter": 1211032
                      }
                    ]
                  }
                ]
              }
            ]
          }
        ]
      }
    ]
  },
  "Planning Time": 0.47,
  "Triggers": [],
  "Execution Time": 269.624
}