{
  "Plan": {
    "Node Type": "Aggregate",
    "Strategy": "Plain",
    "Partial Mode": "Finalize",
    "Parallel Aware": false,
    "Startup Cost": 145956.01,
    "Total Cost": 145956.02,
    "Plan Rows": 1,
    "Plan Width": 8,
    "Actual Startup Time": 792.088,
    "Actual Total Time": 822.457,
    "Actual Rows": 1,
    "Actual Loops": 1,
    "Plans": [
      {
        "Node Type": "Gather",
        "Parent Relationship": "Outer",
        "Parallel Aware": false,
        "Startup Cost": 145955.9,
        "Total Cost": 145956.01,
        "Plan Rows": 1,
        "Plan Width": 8,
        "Actual Startup Time": 791.278,
        "Actual Total Time": 822.441,
        "Actual Rows": 2,
        "Actual Loops": 1,
        "Workers Planned": 1,
        "Workers Launched": 1,
        "Single Copy": false,
        "Plans": [
          {
            "Node Type": "Aggregate",
            "Strategy": "Plain",
            "Partial Mode": "Partial",
            "Parent Relationship": "Outer",
            "Parallel Aware": false,
            "Startup Cost": 144955.9,
            "Total Cost": 144955.91,
            "Plan Rows": 1,
            "Plan Width": 8,
            "Actual Startup Time": 784.985,
            "Actual Total Time": 785.147,
            "Actual Rows": 1,
            "Actual Loops": 2,
            "Plans": [
              {
                "Node Type": "Hash Join",
                "Parent Relationship": "Outer",
                "Parallel Aware": true,
                "Join Type": "Inner",
                "Startup Cost": 113570.21,
                "Total Cost": 144955.52,
                "Plan Rows": 150,
                "Plan Width": 0,
                "Actual Startup Time": 778.128,
                "Actual Total Time": 784.467,
                "Actual Rows": 10192,
                "Actual Loops": 2,
                "Inner Unique": false,
                "Hash Cond": "(mi.movie_id = t.id)",
                "Plans": [
                  {
                    "Node Type": "Bitmap Heap Scan",
                    "Parent Relationship": "Outer",
                    "Parallel Aware": true,
                    "Relation Name": "movie_info",
                    "Alias": "mi",
                    "Startup Cost": 180.82,
                    "Total Cost": 31543.5,
                    "Plan Rows": 5798,
                    "Plan Width": 4,
                    "Actual Startup Time": 1.221,
                    "Actual Total Time": 5.766,
                    "Actual Rows": 3268,
                    "Actual Loops": 2,
                    "Recheck Cond": "(info_type_id = 66)",
                    "Rows Removed by Index Recheck": 0,
                    "Exact Heap Blocks": 722,
                    "Lossy Heap Blocks": 0,
                    "Plans": [
                      {
                        "Node Type": "Bitmap Index Scan",
                        "Parent Relationship": "Outer",
                        "Parallel Aware": false,
                        "Index Name": "info_type_id_movie_info",
                        "Startup Cost": 0.0,
                        "Total Cost": 178.36,
                        "Plan Rows": 9856,
                        "Plan Width": 0,
                        "Actual Startup Time": 0.929,
                        "Actual Total Time": 0.93,
                        "Actual Rows": 6536,
                        "Actual Loops": 1,
                        "Index Cond": "(info_type_id = 66)"
                      }
                    ]
                  },
                  {
                    "Node Type": "Hash",
                    "Parent Relationship": "Inner",
                    "Parallel Aware": true,
                    "Startup Cost": 112908.17,
                    "Total Cost": 112908.17,
                    "Plan Rows": 38498,
                    "Plan Width": 8,
                    "Actual Startup Time": 774.928,
                    "Actual Total Time": 775.086,
                    "Actual Rows": 38261,
                    "Actual Loops": 2,
                    "Hash Buckets": 131072,
                    "Original Hash Buckets": 65536,
                    "Hash Batches": 1,
                    "Original Hash Batches": 1,
                    "Peak Memory Usage": 4576,
                    "Plans": [
                      {
                        "Node Type": "Hash Join",
                        "Parent Relationship": "Outer",
                        "Parallel Aware": true,
                        "Join Type": "Inner",
                        "Startup Cost": 54857.33,
                        "Total Cost": 112908.17,
                        "Plan Rows": 38498,
                        "Plan Width": 8,
                        "Actual Startup Time": 201.523,
                        "Actual Total Time": 757.539,
                        "Actual Rows": 38261,
                        "Actual Loops": 2,
                        "Inner Unique": true,
                        "Hash Cond": "(mk.movie_id = t.id)",
                        "Plans": [
                          {
                            "Node Type": "Seq Scan",
                            "Parent Relationship": "Outer",
                            "Parallel Aware": true,
                            "Relation Name": "movie_keyword",
                            "Alias": "mk",
                            "Startup Cost": 0.0,
                            "Total Cost": 51065.35,
                            "Plan Rows": 2661135,
                            "Plan Width": 4,
                            "Actual Startup Time": 0.018,
                            "Actual Total Time": 297.843,
                            "Actual Rows": 2261965,
                            "Actual Loops": 2
                          },
                          {
                            "Node Type": "Hash",
                            "Parent Relationship": "Inner",
                            "Parallel Aware": true,
                            "Startup Cost": 54588.39,
                            "Total Cost": 54588.39,
                            "Plan Rows": 21515,
                            "Plan Width": 4,
                            "Actual Startup Time": 200.192,
                            "Actual Total Time": 200.194,
                            "Actual Rows": 18254,
                            "Actual Loops": 2,
                            "Hash Buckets": 65536,
                            "Original Hash Buckets": 65536,
                            "Hash Batches": 1,
                            "Original Hash Batches": 1,
                            "Peak Memory Usage": 1984,
                            "Plans": [
                              {
                                "Node Type": "Seq Scan",
                                "Parent Relationship": "Outer",
                                "Parallel Aware": true,
                                "Relation Name": "title",
                                "Alias": "t",
                                "Startup Cost": 0.0,
                                "Total Cost": 54588.39,
                                "Plan Rows": 21515,
                                "Plan Width": 4,
                                "Actual Startup Time": 0.045,
                                "Actual Total Time": 191.338,
                                "Actual Rows": 18254,
                                "Actual Loops": 2,
                                "Filter": "(production_year = 1996)",
                                "Rows Removed by Filter": 1245902
                              }
                            ]
                          }
                        ]
                      }
                    ]
                  }
                ]
              }
            ]
          }
        ]
      }
    ]
  },
  "Planning Time": 1.028,
  "Triggers": [],
  "Execution Time": 822.571
}