[
    {
        "Bao": {
            "Bao prediction": "NaN",
            "Bao recommended hint": "(no hint)"
        }
    },
    {
        "Plan": {
            "Node Type": "Aggregate",
            "Strategy": "Plain",
            "Partial Mode": "Simple",
            "Parallel Aware": false,
            "Startup Cost": 19092.77,
            "Total Cost": 19092.78,
            "Plan Rows": 1,
            "Plan Width": 8,
            "Actual Startup Time": 4.83,
            "Actual Total Time": 4.831,
            "Actual Rows": 1,
            "Actual Loops": 1,
            "Output": [
                "count(*)"
            ],
            "Plans": [
                {
                    "Node Type": "Bitmap Heap Scan",
                    "Parent Relationship": "Outer",
                    "Parallel Aware": false,
                    "Relation Name": "movie_companies",
                    "Schema": "public",
                    "Alias": "mc",
                    "Startup Cost": 323.59,
                    "Total Cost": 19055.62,
                    "Plan Rows": 14860,
                    "Plan Width": 0,
                    "Actual Startup Time": 1.13,
                    "Actual Total Time": 4.173,
                    "Actual Rows": 16138,
                    "Actual Loops": 1,
                    "Recheck Cond": "(mc.company_id > 219790)",
                    "Rows Removed by Index Recheck": 0,
                    "Exact Heap Blocks": 711,
                    "Lossy Heap Blocks": 0,
                    "Plans": [
                        {
                            "Node Type": "Bitmap Index Scan",
                            "Parent Relationship": "Outer",
                            "Parallel Aware": false,
                            "Index Name": "company_id_movie_companies",
                            "Startup Cost": 0.0,
                            "Total Cost": 319.88,
                            "Plan Rows": 14860,
                            "Plan Width": 0,
                            "Actual Startup Time": 1.064,
                            "Actual Total Time": 1.065,
                            "Actual Rows": 16138,
                            "Actual Loops": 1,
                            "Index Cond": "(mc.company_id > 219790)"
                        }
                    ]
                }
            ]
        },
        "Planning Time": 198.744,
        "Triggers": [],
        "Execution Time": 4.868
    }
]