[
  {
    "Plan": {
      "Node Type": "Aggregate",
      "Strategy": "Plain",
      "Partial Mode": "Finalize",
      "Parallel Aware": false,
      "Startup Cost": 23915.06,
      "Total Cost": 23915.07,
      "Plan Rows": 1,
      "Plan Width": 8,
      "Actual Startup Time": 53.667,
      "Actual Total Time": 56.699,
      "Actual Rows": 1,
      "Actual Loops": 1,
      "Plans": [
        {
          "Node Type": "Gather",
          "Parent Relationship": "Outer",
          "Parallel Aware": false,
          "Startup Cost": 23914.74,
          "Total Cost": 23915.05,
          "Plan Rows": 3,
          "Plan Width": 8,
          "Actual Startup Time": 53.388,
          "Actual Total Time": 56.692,
          "Actual Rows": 4,
          "Actual Loops": 1,
          "Workers Planned": 3,
          "Workers Launched": 3,
          "Single Copy": false,
          "Plans": [
            {
              "Node Type": "Aggregate",
              "Strategy": "Plain",
              "Partial Mode": "Partial",
              "Parent Relationship": "Outer",
              "Parallel Aware": false,
              "Startup Cost": 22914.74,
              "Total Cost": 22914.75,
              "Plan Rows": 1,
              "Plan Width": 8,
              "Actual Startup Time": 45.058,
              "Actual Total Time": 45.059,
              "Actual Rows": 1,
              "Actual Loops": 4,
              "Plans": [
                {
                  "Node Type": "Bitmap Heap Scan",
                  "Parent Relationship": "Outer",
                  "Parallel Aware": true,
                  "Relation Name": "movie_companies",
                  "Alias": "mc",
                  "Startup Cost": 3317.52,
                  "Total Cost": 22851.76,
                  "Plan Rows": 25192,
                  "Plan Width": 0,
                  "Actual Startup Time": 15.74,
                  "Actual Total Time": 41.507,
                  "Actual Rows": 37618,
                  "Actual Loops": 4,
                  "Recheck Cond": "(company_id > 131884)",
                  "Rows Removed by Index Recheck": 0,
                  "Filter": "(company_type_id = 2)",
                  "Rows Removed by Filter": 0,
                  "Exact Heap Blocks": 2175,
                  "Lossy Heap Blocks": 0,
                  "Plans": [
                    {
                      "Node Type": "Bitmap Index Scan",
                      "Parent Relationship": "Outer",
                      "Parallel Aware": false,
                      "Index Name": "company_id_movie_companies",
                      "Startup Cost": 0.0,
                      "Total Cost": 3298.0,
                      "Plan Rows": 153809,
                      "Plan Width": 0,
                      "Actual Startup Time": 21.751,
                      "Actual Total Time": 21.751,
                      "Actual Rows": 150471,
                      "Actual Loops": 1,
                      "Index Cond": "(company_id > 131884)"
                    }
                  ]
                }
              ]
            }
          ]
        }
      ]
    },
    "Planning Time": 0.22,
    "Triggers": [],
    "Execution Time": 56.771
  }
]