{
  "Plan": {
    "Node Type": "Aggregate",
    "Strategy": "Plain",
    "Partial Mode": "Finalize",
    "Parallel Aware": false,
    "Startup Cost": 146362.49,
    "Total Cost": 146362.5,
    "Plan Rows": 1,
    "Plan Width": 8,
    "Actual Startup Time": 912.519,
    "Actual Total Time": 932.925,
    "Actual Rows": 1,
    "Actual Loops": 1,
    "Plans": [
      {
        "Node Type": "Gather",
        "Parent Relationship": "Outer",
        "Parallel Aware": false,
        "Startup Cost": 146362.38,
        "Total Cost": 146362.49,
        "Plan Rows": 1,
        "Plan Width": 8,
        "Actual Startup Time": 911.16,
        "Actual Total Time": 932.917,
        "Actual Rows": 2,
        "Actual Loops": 1,
        "Workers Planned": 1,
        "Workers Launched": 1,
        "Single Copy": false,
        "Plans": [
          {
            "Node Type": "Aggregate",
            "Strategy": "Plain",
            "Partial Mode": "Partial",
            "Parent Relationship": "Outer",
            "Parallel Aware": false,
            "Startup Cost": 145362.38,
            "Total Cost": 145362.39,
            "Plan Rows": 1,
            "Plan Width": 8,
            "Actual Startup Time": 904.644,
            "Actual Total Time": 904.651,
            "Actual Rows": 1,
            "Actual Loops": 2,
            "Plans": [
              {
                "Node Type": "Hash Join",
                "Parent Relationship": "Outer",
                "Parallel Aware": true,
                "Join Type": "Inner",
                "Startup Cost": 83745.29,
                "Total Cost": 145191.64,
                "Plan Rows": 68298,
                "Plan Width": 0,
                "Actual Startup Time": 523.556,
                "Actual Total Time": 871.869,
                "Actual Rows": 654186,
                "Actual Loops": 2,
                "Inner Unique": false,
                "Hash Cond": "(mk.movie_id = t.id)",
                "Plans": [
                  {
                    "Node Type": "Seq Scan",
                    "Parent Relationship": "Outer",
                    "Parallel Aware": true,
                    "Relation Name": "movie_keyword",
                    "Alias": "mk",
                    "Startup Cost": 0.0,
                    "Total Cost": 51065.35,
                    "Plan Rows": 2661135,
                    "Plan Width": 4,
                    "Actual Startup Time": 0.019,
                    "Actual Total Time": 199.504,
                    "Actual Rows": 2261965,
                    "Actual Loops": 2
                  },
                  {
                    "Node Type": "Hash",
                    "Parent Relationship": "Inner",
                    "Parallel Aware": true,
                    "Startup Cost": 83268.18,
                    "Total Cost": 83268.18,
                    "Plan Rows": 38169,
                    "Plan Width": 8,
                    "Actual Startup Time": 383.035,
                    "Actual Total Time": 383.04,
                    "Actual Rows": 80706,
                    "Actual Loops": 2,
                    "Hash Buckets": 262144,
                    "Original Hash Buckets": 65536,
                    "Hash Batches": 1,
                    "Original Hash Batches": 1,
                    "Peak Memory Usage": 9920,
                    "Plans": [
                      {
                        "Node Type": "Hash Join",
                        "Parent Relationship": "Outer",
                        "Parallel Aware": true,
                        "Join Type": "Inner",
                        "Startup Cost": 24810.3,
                        "Total Cost": 83268.18,
                        "Plan Rows": 38169,
                        "Plan Width": 8,
                        "Actual Startup Time": 184.473,
                        "Actual Total Time": 351.101,
                        "Actual Rows": 80706,
                        "Actual Loops": 2,
                        "Inner Unique": false,
                        "Hash Cond": "(t.id = mc.movie_id)",
                        "Plans": [
                          {
                            "Node Type": "Seq Scan",
                            "Parent Relationship": "Outer",
                            "Parallel Aware": true,
                            "Relation Name": "title",
                            "Alias": "t",
                            "Startup Cost": 0.0,
                            "Total Cost": 54588.39,
                            "Plan Rows": 583193,
                            "Plan Width": 4,
                            "Actual Startup Time": 0.027,
                            "Actual Total Time": 161.529,
                            "Actual Rows": 492524,
                            "Actual Loops": 2,
                            "Filter": "(kind_id < 7)",
                            "Rows Removed by Filter": 771632
                          },
                          {
                            "Node Type": "Hash",
                            "Parent Relationship": "Inner",
                            "Parallel Aware": true,
                            "Startup Cost": 23593.57,
                            "Total Cost": 23593.57,
                            "Plan Rows": 97338,
                            "Plan Width": 4,
                            "Actual Startup Time": 69.127,
                            "Actual Total Time": 69.129,
                            "Actual Rows": 80706,
                            "Actual Loops": 2,
                            "Hash Buckets": 262144,
                            "Original Hash Buckets": 262144,
                            "Hash Batches": 1,
                            "Original Hash Batches": 1,
                            "Peak Memory Usage": 8384,
                            "Plans": [
                              {
                                "Node Type": "Bitmap Heap Scan",
                                "Parent Relationship": "Outer",
                                "Parallel Aware": true,
                                "Relation Name": "movie_companies",
                                "Alias": "mc",
                                "Startup Cost": 3586.85,
                                "Total Cost": 23593.57,
                                "Plan Rows": 97338,
                                "Plan Width": 4,
                                "Actual Startup Time": 17.23,
                                "Actual Total Time": 46.614,
                                "Actual Rows": 80706,
                                "Actual Loops": 2,
                                "Recheck Cond": "(company_id > 127192)",
                                "Rows Removed by Index Recheck": 0,
                                "Exact Heap Blocks": 2995,
                                "Lossy Heap Blocks": 0,
                                "Plans": [
                                  {
                                    "Node Type": "Bitmap Index Scan",
                                    "Parent Relationship": "Outer",
                                    "Parallel Aware": false,
                                    "Index Name": "company_id_movie_companies",
                                    "Startup Cost": 0.0,
                                    "Total Cost": 3545.49,
                                    "Plan Rows": 165474,
                                    "Plan Width": 0,
                                    "Actual Startup Time": 18.486,
                                    "Actual Total Time": 18.487,
                                    "Actual Rows": 161411,
                                    "Actual Loops": 1,
                                    "Index Cond": "(company_id > 127192)"
                                  }
                                ]
                              }
                            ]
                          }
                        ]
                      }
                    ]
                  }
                ]
              }
            ]
          }
        ]
      }
    ]
  },
  "Planning Time": 0.9,
  "Triggers": [],
  "Execution Time": 933.04
}