[
  {
    "Plan": {
      "Node Type": "Aggregate",
      "Strategy": "Plain",
      "Partial Mode": "Finalize",
      "Parallel Aware": false,
      "Startup Cost": 45097.72,
      "Total Cost": 45097.73,
      "Plan Rows": 1,
      "Plan Width": 8,
      "Actual Startup Time": 124.385,
      "Actual Total Time": 131.352,
      "Actual Rows": 1,
      "Actual Loops": 1,
      "Plans": [
        {
          "Node Type": "Gather",
          "Parent Relationship": "Outer",
          "Parallel Aware": false,
          "Startup Cost": 45097.41,
          "Total Cost": 45097.72,
          "Plan Rows": 3,
          "Plan Width": 8,
          "Actual Startup Time": 124.243,
          "Actual Total Time": 131.343,
          "Actual Rows": 4,
          "Actual Loops": 1,
          "Workers Planned": 3,
          "Workers Launched": 3,
          "Single Copy": false,
          "Plans": [
            {
              "Node Type": "Aggregate",
              "Strategy": "Plain",
              "Partial Mode": "Partial",
              "Parent Relationship": "Outer",
              "Parallel Aware": false,
              "Startup Cost": 44097.41,
              "Total Cost": 44097.42,
              "Plan Rows": 1,
              "Plan Width": 8,
              "Actual Startup Time": 119.42,
              "Actual Total Time": 119.421,
              "Actual Rows": 1,
              "Actual Loops": 4,
              "Plans": [
                {
                  "Node Type": "Seq Scan",
                  "Parent Relationship": "Outer",
                  "Parallel Aware": true,
                  "Relation Name": "movie_keyword",
                  "Alias": "mk",
                  "Startup Cost": 0.0,
                  "Total Cost": 42695.65,
                  "Plan Rows": 560701,
                  "Plan Width": 0,
                  "Actual Startup Time": 0.112,
                  "Actual Total Time": 99.904,
                  "Actual Rows": 433958,
                  "Actual Loops": 4,
                  "Filter": "(keyword_id < 2837)",
                  "Rows Removed by Filter": 697025
                }
              ]
            }
          ]
        }
      ]
    },
    "Planning Time": 0.114,
    "Triggers": [],
    "Execution Time": 131.421
  }
]