{
  "Plan": {
    "Node Type": "Aggregate",
    "Strategy": "Plain",
    "Partial Mode": "Finalize",
    "Parallel Aware": false,
    "Startup Cost": 1112453.25,
    "Total Cost": 1112453.26,
    "Plan Rows": 1,
    "Plan Width": 8,
    "Actual Startup Time": 12933.894,
    "Actual Total Time": 13002.353,
    "Actual Rows": 1,
    "Actual Loops": 1,
    "Plans": [
      {
        "Node Type": "Gather",
        "Parent Relationship": "Outer",
        "Parallel Aware": false,
        "Startup Cost": 1112453.14,
        "Total Cost": 1112453.25,
        "Plan Rows": 1,
        "Plan Width": 8,
        "Actual Startup Time": 12922.94,
        "Actual Total Time": 13002.336,
        "Actual Rows": 2,
        "Actual Loops": 1,
        "Workers Planned": 1,
        "Workers Launched": 1,
        "Single Copy": false,
        "Plans": [
          {
            "Node Type": "Aggregate",
            "Strategy": "Plain",
            "Partial Mode": "Partial",
            "Parent Relationship": "Outer",
            "Parallel Aware": false,
            "Startup Cost": 1111453.14,
            "Total Cost": 1111453.15,
            "Plan Rows": 1,
            "Plan Width": 8,
            "Actual Startup Time": 12902.964,
            "Actual Total Time": 12902.974,
            "Actual Rows": 1,
            "Actual Loops": 2,
            "Plans": [
              {
                "Node Type": "Hash Join",
                "Parent Relationship": "Outer",
                "Parallel Aware": true,
                "Join Type": "Inner",
                "Startup Cost": 607394.53,
                "Total Cost": 1060258.26,
                "Plan Rows": 20477952,
                "Plan Width": 0,
                "Actual Startup Time": 3638.01,
                "Actual Total Time": 11089.07,
                "Actual Rows": 47601012,
                "Actual Loops": 2,
                "Inner Unique": false,
                "Hash Cond": "(mi.movie_id = t.id)",
                "Plans": [
                  {
                    "Node Type": "Seq Scan",
                    "Parent Relationship": "Outer",
                    "Parallel Aware": true,
                    "Relation Name": "movie_info",
                    "Alias": "mi",
                    "Startup Cost": 0.0,
                    "Total Cost": 270696.42,
                    "Plan Rows": 8227834,
                    "Plan Width": 4,
                    "Actual Startup Time": 0.019,
                    "Actual Total Time": 816.706,
                    "Actual Rows": 7016790,
                    "Actual Loops": 2,
                    "Filter": "(info_type_id > 1)",
                    "Rows Removed by Filter": 401070
                  },
                  {
                    "Node Type": "Hash",
                    "Parent Relationship": "Inner",
                    "Parallel Aware": true,
                    "Startup Cost": 561125.59,
                    "Total Cost": 561125.59,
                    "Plan Rows": 3701515,
                    "Plan Width": 8,
                    "Actual Startup Time": 3604.673,
                    "Actual Total Time": 3604.681,
                    "Actual Rows": 3003906,
                    "Actual Loops": 2,
                    "Hash Buckets": 8388608,
                    "Original Hash Buckets": 8388608,
                    "Hash Batches": 1,
                    "Original Hash Batches": 1,
                    "Peak Memory Usage": 300576,
                    "Plans": [
                      {
                        "Node Type": "Hash Join",
                        "Parent Relationship": "Outer",
                        "Parallel Aware": true,
                        "Join Type": "Inner",
                        "Startup Cost": 239905.23,
                        "Total Cost": 561125.59,
                        "Plan Rows": 3701515,
                        "Plan Width": 8,
                        "Actual Startup Time": 676.626,
                        "Actual Total Time": 2676.047,
                        "Actual Rows": 3003906,
                        "Actual Loops": 2,
                        "Inner Unique": true,
                        "Hash Cond": "(ci.movie_id = t.id)",
                        "Plans": [
                          {
                            "Node Type": "Bitmap Heap Scan",
                            "Parent Relationship": "Outer",
                            "Parallel Aware": true,
                            "Relation Name": "cast_info",
                            "Alias": "ci",
                            "Startup Cost": 170130.2,
                            "Total Cost": 479456.33,
                            "Plan Rows": 4531130,
                            "Plan Width": 4,
                            "Actual Startup Time": 255.857,
                            "Actual Total Time": 676.231,
                            "Actual Rows": 3816657,
                            "Actual Loops": 2,
                            "Recheck Cond": "(person_id > 2912054)",
                            "Rows Removed by Index Recheck": 0,
                            "Exact Heap Blocks": 47089,
                            "Lossy Heap Blocks": 0,
                            "Plans": [
                              {
                                "Node Type": "Bitmap Index Scan",
                                "Parent Relationship": "Outer",
                                "Parallel Aware": false,
                                "Index Name": "person_id_cast_info",
                                "Startup Cost": 0.0,
                                "Total Cost": 168204.47,
                                "Plan Rows": 7702921,
                                "Plan Width": 0,
                                "Actual Startup Time": 240.228,
                                "Actual Total Time": 240.229,
                                "Actual Rows": 7633314,
                                "Actual Loops": 1,
                                "Index Cond": "(person_id > 2912054)"
                              }
                            ]
                          },
                          {
                            "Node Type": "Hash",
                            "Parent Relationship": "Inner",
                            "Parallel Aware": true,
                            "Startup Cost": 54588.39,
                            "Total Cost": 54588.39,
                            "Plan Rows": 1214931,
                            "Plan Width": 4,
                            "Actual Startup Time": 415.152,
                            "Actual Total Time": 415.153,
                            "Actual Rows": 1032276,
                            "Actual Loops": 2,
                            "Hash Buckets": 2097152,
                            "Original Hash Buckets": 2097152,
                            "Hash Batches": 1,
                            "Original Hash Batches": 1,
                            "Peak Memory Usage": 97184,
                            "Plans": [
                              {
                                "Node Type": "Seq Scan",
                                "Parent Relationship": "Outer",
                                "Parallel Aware": true,
                                "Relation Name": "title",
                                "Alias": "t",
                                "Startup Cost": 0.0,
                                "Total Cost": 54588.39,
                                "Plan Rows": 1214931,
                                "Plan Width": 4,
                                "Actual Startup Time": 0.03,
                                "Actual Total Time": 177.18,
                                "Actual Rows": 1032276,
                                "Actual Loops": 2,
                                "Filter": "(production_year < 2011)",
                                "Rows Removed by Filter": 231880
                              }
                            ]
                          }
                        ]
                      }
                    ]
                  }
                ]
              }
            ]
          }
        ]
      }
    ]
  },
  "Planning Time": 0.973,
  "Triggers": [],
  "Execution Time": 13002.477
}