[
    {
        "Bao": {
            "Bao prediction": "NaN",
            "Bao recommended hint": "(no hint)"
        }
    },
    {
        "Plan": {
            "Node Type": "Aggregate",
            "Strategy": "Plain",
            "Partial Mode": "Finalize",
            "Parallel Aware": false,
            "Startup Cost": 287721.12,
            "Total Cost": 287721.13,
            "Plan Rows": 1,
            "Plan Width": 8,
            "Actual Startup Time": 167.954,
            "Actual Total Time": 173.085,
            "Actual Rows": 1,
            "Actual Loops": 1,
            "Output": [
                "count(*)"
            ],
            "Plans": [
                {
                    "Node Type": "Gather",
                    "Parent Relationship": "Outer",
                    "Parallel Aware": false,
                    "Startup Cost": 287720.49,
                    "Total Cost": 287721.1,
                    "Plan Rows": 6,
                    "Plan Width": 8,
                    "Actual Startup Time": 167.409,
                    "Actual Total Time": 173.074,
                    "Actual Rows": 7,
                    "Actual Loops": 1,
                    "Output": [
                        "(PARTIAL count(*))"
                    ],
                    "Workers Planned": 6,
                    "Workers Launched": 6,
                    "Single Copy": false,
                    "Plans": [
                        {
                            "Node Type": "Aggregate",
                            "Strategy": "Plain",
                            "Partial Mode": "Partial",
                            "Parent Relationship": "Outer",
                            "Parallel Aware": false,
                            "Startup Cost": 286720.49,
                            "Total Cost": 286720.5,
                            "Plan Rows": 1,
                            "Plan Width": 8,
                            "Actual Startup Time": 156.338,
                            "Actual Total Time": 156.34,
                            "Actual Rows": 1,
                            "Actual Loops": 7,
                            "Output": [
                                "PARTIAL count(*)"
                            ],
                            "Workers": [
                                {
                                    "Worker Number": 0,
                                    "Actual Startup Time": 153.979,
                                    "Actual Total Time": 153.98,
                                    "Actual Rows": 1,
                                    "Actual Loops": 1
                                },
                                {
                                    "Worker Number": 1,
                                    "Actual Startup Time": 154.288,
                                    "Actual Total Time": 154.289,
                                    "Actual Rows": 1,
                                    "Actual Loops": 1
                                },
                                {
                                    "Worker Number": 2,
                                    "Actual Startup Time": 154.252,
                                    "Actual Total Time": 154.253,
                                    "Actual Rows": 1,
                                    "Actual Loops": 1
                                },
                                {
                                    "Worker Number": 3,
                                    "Actual Startup Time": 154.321,
                                    "Actual Total Time": 154.323,
                                    "Actual Rows": 1,
                                    "Actual Loops": 1
                                },
                                {
                                    "Worker Number": 4,
                                    "Actual Startup Time": 155.228,
                                    "Actual Total Time": 155.229,
                                    "Actual Rows": 1,
                                    "Actual Loops": 1
                                },
                                {
                                    "Worker Number": 5,
                                    "Actual Startup Time": 155.531,
                                    "Actual Total Time": 155.532,
                                    "Actual Rows": 1,
                                    "Actual Loops": 1
                                }
                            ],
                            "Plans": [
                                {
                                    "Node Type": "Bitmap Heap Scan",
                                    "Parent Relationship": "Outer",
                                    "Parallel Aware": true,
                                    "Relation Name": "cast_info",
                                    "Schema": "public",
                                    "Alias": "ci",
                                    "Startup Cost": 30571.8,
                                    "Total Cost": 286143.55,
                                    "Plan Rows": 230779,
                                    "Plan Width": 0,
                                    "Actual Startup Time": 72.851,
                                    "Actual Total Time": 140.574,
                                    "Actual Rows": 200895,
                                    "Actual Loops": 7,
                                    "Recheck Cond": "(ci.person_id < 141169)",
                                    "Rows Removed by Index Recheck": 0,
                                    "Exact Heap Blocks": 3108,
                                    "Lossy Heap Blocks": 0,
                                    "Workers": [
                                        {
                                            "Worker Number": 0,
                                            "Actual Startup Time": 71.123,
                                            "Actual Total Time": 139.069,
                                            "Actual Rows": 224510,
                                            "Actual Loops": 1
                                        },
                                        {
                                            "Worker Number": 1,
                                            "Actual Startup Time": 70.986,
                                            "Actual Total Time": 138.962,
                                            "Actual Rows": 175914,
                                            "Actual Loops": 1
                                        },
                                        {
                                            "Worker Number": 2,
                                            "Actual Startup Time": 71.134,
                                            "Actual Total Time": 138.819,
                                            "Actual Rows": 175537,
                                            "Actual Loops": 1
                                        },
                                        {
                                            "Worker Number": 3,
                                            "Actual Startup Time": 70.628,
                                            "Actual Total Time": 139.217,
                                            "Actual Rows": 171696,
                                            "Actual Loops": 1
                                        },
                                        {
                                            "Worker Number": 4,
                                            "Actual Startup Time": 71.595,
                                            "Actual Total Time": 140.056,
                                            "Actual Rows": 178113,
                                            "Actual Loops": 1
                                        },
                                        {
                                            "Worker Number": 5,
                                            "Actual Startup Time": 71.854,
                                            "Actual Total Time": 140.43,
                                            "Actual Rows": 177650,
                                            "Actual Loops": 1
                                        }
                                    ],
                                    "Plans": [
                                        {
                                            "Node Type": "Bitmap Index Scan",
                                            "Parent Relationship": "Outer",
                                            "Parallel Aware": false,
                                            "Index Name": "person_id_cast_info",
                                            "Startup Cost": 0.0,
                                            "Total Cost": 30225.63,
                                            "Plan Rows": 1384676,
                                            "Plan Width": 0,
                                            "Actual Startup Time": 79.047,
                                            "Actual Total Time": 79.048,
                                            "Actual Rows": 1406264,
                                            "Actual Loops": 1,
                                            "Index Cond": "(ci.person_id < 141169)"
                                        }
                                    ]
                                }
                            ]
                        }
                    ]
                }
            ]
        },
        "Planning Time": 284.697,
        "Triggers": [],
        "Execution Time": 173.221
    }
]