[
  {
    "Plan": {
      "Node Type": "Aggregate",
      "Strategy": "Plain",
      "Partial Mode": "Finalize",
      "Parallel Aware": false,
      "Startup Cost": 81736.32,
      "Total Cost": 81736.33,
      "Plan Rows": 1,
      "Plan Width": 8,
      "Actual Startup Time": 306.401,
      "Actual Total Time": 321.361,
      "Actual Rows": 1,
      "Actual Loops": 1,
      "Plans": [
        {
          "Node Type": "Gather",
          "Parent Relationship": "Outer",
          "Parallel Aware": false,
          "Startup Cost": 81735.9,
          "Total Cost": 81736.31,
          "Plan Rows": 4,
          "Plan Width": 8,
          "Actual Startup Time": 303.508,
          "Actual Total Time": 321.349,
          "Actual Rows": 5,
          "Actual Loops": 1,
          "Workers Planned": 4,
          "Workers Launched": 4,
          "Single Copy": false,
          "Plans": [
            {
              "Node Type": "Aggregate",
              "Strategy": "Plain",
              "Partial Mode": "Partial",
              "Parent Relationship": "Outer",
              "Parallel Aware": false,
              "Startup Cost": 80735.9,
              "Total Cost": 80735.91,
              "Plan Rows": 1,
              "Plan Width": 8,
              "Actual Startup Time": 294.494,
              "Actual Total Time": 294.497,
              "Actual Rows": 1,
              "Actual Loops": 5,
              "Plans": [
                {
                  "Node Type": "Hash Join",
                  "Parent Relationship": "Outer",
                  "Parallel Aware": true,
                  "Join Type": "Inner",
                  "Startup Cost": 34250.23,
                  "Total Cost": 80296.41,
                  "Plan Rows": 175795,
                  "Plan Width": 0,
                  "Actual Startup Time": 112.401,
                  "Actual Total Time": 289.935,
                  "Actual Rows": 89357,
                  "Actual Loops": 5,
                  "Inner Unique": false,
                  "Hash Cond": "(t.id = mc.movie_id)",
                  "Plans": [
                    {
                      "Node Type": "Seq Scan",
                      "Parent Relationship": "Outer",
                      "Parallel Aware": true,
                      "Relation Name": "title",
                      "Alias": "t",
                      "Startup Cost": 0.0,
                      "Total Cost": 42318.73,
                      "Plan Rows": 632073,
                      "Plan Width": 4,
                      "Actual Startup Time": 0.012,
                      "Actual Total Time": 67.321,
                      "Actual Rows": 505662,
                      "Actual Loops": 5
                    },
                    {
                      "Node Type": "Hash",
                      "Parent Relationship": "Inner",
                      "Parallel Aware": true,
                      "Startup Cost": 31414.82,
                      "Total Cost": 31414.82,
                      "Plan Rows": 226833,
                      "Plan Width": 4,
                      "Actual Startup Time": 108.353,
                      "Actual Total Time": 108.354,
                      "Actual Rows": 89357,
                      "Actual Loops": 5,
                      "Hash Buckets": 1048576,
                      "Original Hash Buckets": 1048576,
                      "Hash Batches": 1,
                      "Original Hash Batches": 1,
                      "Peak Memory Usage": 25728,
                      "Plans": [
                        {
                          "Node Type": "Seq Scan",
                          "Parent Relationship": "Outer",
                          "Parallel Aware": true,
                          "Relation Name": "movie_companies",
                          "Alias": "mc",
                          "Startup Cost": 0.0,
                          "Total Cost": 31414.82,
                          "Plan Rows": 226833,
                          "Plan Width": 4,
                          "Actual Startup Time": 45.884,
                          "Actual Total Time": 75.184,
                          "Actual Rows": 89357,
                          "Actual Loops": 5,
                          "Filter": "((company_id < 11961) AND (company_type_id = 2))",
                          "Rows Removed by Filter": 432469
                        }
                      ]
                    }
                  ]
                }
              ]
            }
          ]
        }
      ]
    },
    "Planning Time": 0.638,
    "Triggers": [],
    "Execution Time": 321.435
  }
]