[
    {
        "Bao": {
            "Bao prediction": "NaN",
            "Bao recommended hint": "(no hint)"
        }
    },
    {
        "Plan": {
            "Node Type": "Aggregate",
            "Strategy": "Plain",
            "Partial Mode": "Finalize",
            "Parallel Aware": false,
            "Startup Cost": 316129.39,
            "Total Cost": 316129.4,
            "Plan Rows": 1,
            "Plan Width": 8,
            "Actual Startup Time": 280.566,
            "Actual Total Time": 290.789,
            "Actual Rows": 1,
            "Actual Loops": 1,
            "Output": [
                "count(*)"
            ],
            "Plans": [
                {
                    "Node Type": "Gather",
                    "Parent Relationship": "Outer",
                    "Parallel Aware": false,
                    "Startup Cost": 316128.97,
                    "Total Cost": 316129.38,
                    "Plan Rows": 4,
                    "Plan Width": 8,
                    "Actual Startup Time": 277.675,
                    "Actual Total Time": 290.78,
                    "Actual Rows": 5,
                    "Actual Loops": 1,
                    "Output": [
                        "(PARTIAL count(*))"
                    ],
                    "Workers Planned": 4,
                    "Workers Launched": 4,
                    "Single Copy": false,
                    "Plans": [
                        {
                            "Node Type": "Aggregate",
                            "Strategy": "Plain",
                            "Partial Mode": "Partial",
                            "Parent Relationship": "Outer",
                            "Parallel Aware": false,
                            "Startup Cost": 315128.97,
                            "Total Cost": 315128.98,
                            "Plan Rows": 1,
                            "Plan Width": 8,
                            "Actual Startup Time": 268.163,
                            "Actual Total Time": 268.167,
                            "Actual Rows": 1,
                            "Actual Loops": 5,
                            "Output": [
                                "PARTIAL count(*)"
                            ],
                            "Workers": [
                                {
                                    "Worker Number": 0,
                                    "Actual Startup Time": 265.556,
                                    "Actual Total Time": 265.56,
                                    "Actual Rows": 1,
                                    "Actual Loops": 1
                                },
                                {
                                    "Worker Number": 1,
                                    "Actual Startup Time": 265.744,
                                    "Actual Total Time": 265.747,
                                    "Actual Rows": 1,
                                    "Actual Loops": 1
                                },
                                {
                                    "Worker Number": 2,
                                    "Actual Startup Time": 266.015,
                                    "Actual Total Time": 266.017,
                                    "Actual Rows": 1,
                                    "Actual Loops": 1
                                },
                                {
                                    "Worker Number": 3,
                                    "Actual Startup Time": 266.181,
                                    "Actual Total Time": 266.184,
                                    "Actual Rows": 1,
                                    "Actual Loops": 1
                                }
                            ],
                            "Plans": [
                                {
                                    "Node Type": "Hash Join",
                                    "Parent Relationship": "Outer",
                                    "Parallel Aware": true,
                                    "Join Type": "Inner",
                                    "Startup Cost": 265962.53,
                                    "Total Cost": 314812.87,
                                    "Plan Rows": 126440,
                                    "Plan Width": 0,
                                    "Actual Startup Time": 97.248,
                                    "Actual Total Time": 263.303,
                                    "Actual Rows": 106975,
                                    "Actual Loops": 5,
                                    "Inner Unique": false,
                                    "Hash Cond": "(t.id = ci.movie_id)",
                                    "Workers": [
                                        {
                                            "Worker Number": 0,
                                            "Actual Startup Time": 94.32,
                                            "Actual Total Time": 261.301,
                                            "Actual Rows": 84873,
                                            "Actual Loops": 1
                                        },
                                        {
                                            "Worker Number": 1,
                                            "Actual Startup Time": 94.903,
                                            "Actual Total Time": 260.82,
                                            "Actual Rows": 106116,
                                            "Actual Loops": 1
                                        },
                                        {
                                            "Worker Number": 2,
                                            "Actual Startup Time": 95.182,
                                            "Actual Total Time": 261.044,
                                            "Actual Rows": 106776,
                                            "Actual Loops": 1
                                        },
                                        {
                                            "Worker Number": 3,
                                            "Actual Startup Time": 95.344,
                                            "Actual Total Time": 261.179,
                                            "Actual Rows": 108269,
                                            "Actual Loops": 1
                                        }
                                    ],
                                    "Plans": [
                                        {
                                            "Node Type": "Seq Scan",
                                            "Parent Relationship": "Outer",
                                            "Parallel Aware": true,
                                            "Relation Name": "title",
                                            "Schema": "public",
                                            "Alias": "t",
                                            "Startup Cost": 0.0,
                                            "Total Cost": 42318.81,
                                            "Plan Rows": 632080,
                                            "Plan Width": 4,
                                            "Actual Startup Time": 0.008,
                                            "Actual Total Time": 56.807,
                                            "Actual Rows": 505662,
                                            "Actual Loops": 5,
                                            "Output": [
                                                "t.id",
                                                "t.title",
                                                "t.imdb_index",
                                                "t.kind_id",
                                                "t.production_year",
                                                "t.imdb_id",
                                                "t.phonetic_code",
                                                "t.episode_of_id",
                                                "t.season_nr",
                                                "t.episode_nr",
                                                "t.series_years",
                                                "t.md5sum"
                                            ],
                                            "Workers": [
                                                {
                                                    "Worker Number": 0,
                                                    "Actual Startup Time": 0.01,
                                                    "Actual Total Time": 55.142,
                                                    "Actual Rows": 402283,
                                                    "Actual Loops": 1
                                                },
                                                {
                                                    "Worker Number": 1,
                                                    "Actual Startup Time": 0.007,
                                                    "Actual Total Time": 59.891,
                                                    "Actual Rows": 502736,
                                                    "Actual Loops": 1
                                                },
                                                {
                                                    "Worker Number": 2,
                                                    "Actual Startup Time": 0.006,
                                                    "Actual Total Time": 59.684,
                                                    "Actual Rows": 501336,
                                                    "Actual Loops": 1
                                                },
                                                {
                                                    "Worker Number": 3,
                                                    "Actual Startup Time": 0.008,
                                                    "Actual Total Time": 60.431,
                                                    "Actual Rows": 511147,
                                                    "Actual Loops": 1
                                                }
                                            ]
                                        },
                                        {
                                            "Node Type": "Hash",
                                            "Parent Relationship": "Inner",
                                            "Parallel Aware": true,
                                            "Startup Cost": 264908.87,
                                            "Total Cost": 264908.87,
                                            "Plan Rows": 84293,
                                            "Plan Width": 4,
                                            "Actual Startup Time": 95.655,
                                            "Actual Total Time": 95.656,
                                            "Actual Rows": 106975,
                                            "Actual Loops": 5,
                                            "Output": [
                                                "ci.movie_id"
                                            ],
                                            "Hash Buckets": 1048576,
                                            "Original Hash Buckets": 524288,
                                            "Hash Batches": 1,
                                            "Original Hash Batches": 1,
                                            "Peak Memory Usage": 33248,
                                            "Workers": [
                                                {
                                                    "Worker Number": 0,
                                                    "Actual Startup Time": 93.917,
                                                    "Actual Total Time": 93.918,
                                                    "Actual Rows": 70692,
                                                    "Actual Loops": 1
                                                },
                                                {
                                                    "Worker Number": 1,
                                                    "Actual Startup Time": 94.514,
                                                    "Actual Total Time": 94.516,
                                                    "Actual Rows": 93059,
                                                    "Actual Loops": 1
                                                },
                                                {
                                                    "Worker Number": 2,
                                                    "Actual Startup Time": 94.784,
                                                    "Actual Total Time": 94.785,
                                                    "Actual Rows": 89886,
                                                    "Actual Loops": 1
                                                },
                                                {
                                                    "Worker Number": 3,
                                                    "Actual Startup Time": 94.949,
                                                    "Actual Total Time": 94.95,
                                                    "Actual Rows": 89056,
                                                    "Actual Loops": 1
                                                }
                                            ],
                                            "Plans": [
                                                {
                                                    "Node Type": "Bitmap Heap Scan",
                                                    "Parent Relationship": "Outer",
                                                    "Parallel Aware": true,
                                                    "Relation Name": "cast_info",
                                                    "Schema": "public",
                                                    "Alias": "ci",
                                                    "Startup Cost": 11168.21,
                                                    "Total Cost": 264908.87,
                                                    "Plan Rows": 84293,
                                                    "Plan Width": 4,
                                                    "Actual Startup Time": 16.766,
                                                    "Actual Total Time": 49.315,
                                                    "Actual Rows": 106975,
                                                    "Actual Loops": 5,
                                                    "Output": [
                                                        "ci.movie_id"
                                                    ],
                                                    "Recheck Cond": "(ci.person_id > 3959511)",
                                                    "Rows Removed by Index Recheck": 0,
                                                    "Exact Heap Blocks": 2709,
                                                    "Lossy Heap Blocks": 0,
                                                    "Workers": [
                                                        {
                                                            "Worker Number": 0,
                                                            "Actual Startup Time": 15.179,
                                                            "Actual Total Time": 47.828,
                                                            "Actual Rows": 70692,
                                                            "Actual Loops": 1
                                                        },
                                                        {
                                                            "Worker Number": 1,
                                                            "Actual Startup Time": 15.709,
                                                            "Actual Total Time": 49.83,
                                                            "Actual Rows": 93059,
                                                            "Actual Loops": 1
                                                        },
                                                        {
                                                            "Worker Number": 2,
                                                            "Actual Startup Time": 15.879,
                                                            "Actual Total Time": 49.77,
                                                            "Actual Rows": 89886,
                                                            "Actual Loops": 1
                                                        },
                                                        {
                                                            "Worker Number": 3,
                                                            "Actual Startup Time": 16.002,
                                                            "Actual Total Time": 50.326,
                                                            "Actual Rows": 89056,
                                                            "Actual Loops": 1
                                                        }
                                                    ],
                                                    "Plans": [
                                                        {
                                                            "Node Type": "Bitmap Index Scan",
                                                            "Parent Relationship": "Outer",
                                                            "Parallel Aware": false,
                                                            "Index Name": "person_id_cast_info",
                                                            "Startup Cost": 0.0,
                                                            "Total Cost": 11041.77,
                                                            "Plan Rows": 505760,
                                                            "Plan Width": 0,
                                                            "Actual Startup Time": 20.046,
                                                            "Actual Total Time": 20.047,
                                                            "Actual Rows": 534877,
                                                            "Actual Loops": 1,
                                                            "Index Cond": "(ci.person_id > 3959511)"
                                                        }
                                                    ]
                                                }
                                            ]
                                        }
                                    ]
                                }
                            ]
                        }
                    ]
                }
            ]
        },
        "Planning Time": 187.113,
        "Triggers": [],
        "Execution Time": 290.861
    }
]