[
  {
    "Plan": {
      "Node Type": "Aggregate",
      "Strategy": "Plain",
      "Partial Mode": "Finalize",
      "Parallel Aware": false,
      "Startup Cost": 126537.34,
      "Total Cost": 126537.35,
      "Plan Rows": 1,
      "Plan Width": 8,
      "Actual Startup Time": 401.65,
      "Actual Total Time": 420.637,
      "Actual Rows": 1,
      "Actual Loops": 1,
      "Plans": [
        {
          "Node Type": "Gather",
          "Parent Relationship": "Outer",
          "Parallel Aware": false,
          "Startup Cost": 126536.92,
          "Total Cost": 126537.33,
          "Plan Rows": 4,
          "Plan Width": 8,
          "Actual Startup Time": 398.799,
          "Actual Total Time": 420.623,
          "Actual Rows": 5,
          "Actual Loops": 1,
          "Workers Planned": 4,
          "Workers Launched": 4,
          "Single Copy": false,
          "Plans": [
            {
              "Node Type": "Aggregate",
              "Strategy": "Plain",
              "Partial Mode": "Partial",
              "Parent Relationship": "Outer",
              "Parallel Aware": false,
              "Startup Cost": 125536.92,
              "Total Cost": 125536.93,
              "Plan Rows": 1,
              "Plan Width": 8,
              "Actual Startup Time": 388.473,
              "Actual Total Time": 388.605,
              "Actual Rows": 1,
              "Actual Loops": 5,
              "Plans": [
                {
                  "Node Type": "Hash Join",
                  "Parent Relationship": "Outer",
                  "Parallel Aware": true,
                  "Join Type": "Inner",
                  "Startup Cost": 80634.51,
                  "Total Cost": 125476.99,
                  "Plan Rows": 23970,
                  "Plan Width": 0,
                  "Actual Startup Time": 242.448,
                  "Actual Total Time": 386.442,
                  "Actual Rows": 40287,
                  "Actual Loops": 5,
                  "Inner Unique": false,
                  "Hash Cond": "(t.id = mc.movie_id)",
                  "Plans": [
                    {
                      "Node Type": "Seq Scan",
                      "Parent Relationship": "Outer",
                      "Parallel Aware": true,
                      "Relation Name": "title",
                      "Alias": "t",
                      "Startup Cost": 0.0,
                      "Total Cost": 42318.73,
                      "Plan Rows": 632073,
                      "Plan Width": 4,
                      "Actual Startup Time": 0.034,
                      "Actual Total Time": 68.663,
                      "Actual Rows": 505662,
                      "Actual Loops": 5
                    },
                    {
                      "Node Type": "Hash",
                      "Parent Relationship": "Inner",
                      "Parallel Aware": true,
                      "Startup Cost": 79867.16,
                      "Total Cost": 79867.16,
                      "Plan Rows": 61388,
                      "Plan Width": 8,
                      "Actual Startup Time": 227.61,
                      "Actual Total Time": 227.74,
                      "Actual Rows": 40287,
                      "Actual Loops": 5,
                      "Hash Buckets": 262144,
                      "Original Hash Buckets": 262144,
                      "Hash Batches": 1,
                      "Original Hash Batches": 1,
                      "Peak Memory Usage": 10016,
                      "Plans": [
                        {
                          "Node Type": "Hash Join",
                          "Parent Relationship": "Outer",
                          "Parallel Aware": true,
                          "Join Type": "Inner",
                          "Startup Cost": 31180.73,
                          "Total Cost": 79867.16,
                          "Plan Rows": 61388,
                          "Plan Width": 8,
                          "Actual Startup Time": 104.732,
                          "Actual Total Time": 214.573,
                          "Actual Rows": 40287,
                          "Actual Loops": 5,
                          "Inner Unique": false,
                          "Hash Cond": "(ci.movie_id = mc.movie_id)",
                          "Plans": [
                            {
                              "Node Type": "Index Scan",
                              "Parent Relationship": "Outer",
                              "Parallel Aware": true,
                              "Scan Direction": "Forward",
                              "Index Name": "role_id_cast_info",
                              "Relation Name": "cast_info",
                              "Alias": "ci",
                              "Startup Cost": 0.56,
                              "Total Cost": 47835.41,
                              "Plan Rows": 130712,
                              "Plan Width": 4,
                              "Actual Startup Time": 0.18,
                              "Actual Total Time": 60.255,
                              "Actual Rows": 165741,
                              "Actual Loops": 5,
                              "Index Cond": "(role_id = 8)",
                              "Rows Removed by Index Recheck": 0,
                              "Filter": "(person_id > 2609521)",
                              "Rows Removed by Filter": 174967
                            },
                            {
                              "Node Type": "Hash",
                              "Parent Relationship": "Inner",
                              "Parallel Aware": true,
                              "Startup Cost": 29310.68,
                              "Total Cost": 29310.68,
                              "Plan Rows": 149559,
                              "Plan Width": 4,
                              "Actual Startup Time": 103.047,
                              "Actual Total Time": 103.048,
                              "Actual Rows": 94368,
                              "Actual Loops": 5,
                              "Hash Buckets": 524288,
                              "Original Hash Buckets": 524288,
                              "Hash Batches": 1,
                              "Original Hash Batches": 1,
                              "Peak Memory Usage": 22624,
                              "Plans": [
                                {
                                  "Node Type": "Seq Scan",
                                  "Parent Relationship": "Outer",
                                  "Parallel Aware": true,
                                  "Relation Name": "movie_companies",
                                  "Alias": "mc",
                                  "Startup Cost": 0.0,
                                  "Total Cost": 29310.68,
                                  "Plan Rows": 149559,
                                  "Plan Width": 4,
                                  "Actual Startup Time": 44.355,
                                  "Actual Total Time": 71.868,
                                  "Actual Rows": 94368,
                                  "Actual Loops": 5,
                                  "Filter": "(company_id > 75913)",
                                  "Rows Removed by Filter": 427458
                                }
                              ]
                            }
                          ]
                        }
                      ]
                    }
                  ]
                }
              ]
            }
          ]
        }
      ]
    },
    "Planning Time": 1.466,
    "Triggers": [],
    "Execution Time": 420.732
  }
]