{
  "Plan": {
    "Node Type": "Aggregate",
    "Strategy": "Plain",
    "Partial Mode": "Finalize",
    "Parallel Aware": false,
    "Startup Cost": 83236.17,
    "Total Cost": 83236.18,
    "Plan Rows": 1,
    "Plan Width": 8,
    "Actual Startup Time": 285.639,
    "Actual Total Time": 298.281,
    "Actual Rows": 1,
    "Actual Loops": 1,
    "Plans": [
      {
        "Node Type": "Gather",
        "Parent Relationship": "Outer",
        "Parallel Aware": false,
        "Startup Cost": 83236.06,
        "Total Cost": 83236.17,
        "Plan Rows": 1,
        "Plan Width": 8,
        "Actual Startup Time": 284.672,
        "Actual Total Time": 298.273,
        "Actual Rows": 2,
        "Actual Loops": 1,
        "Workers Planned": 1,
        "Workers Launched": 1,
        "Single Copy": false,
        "Plans": [
          {
            "Node Type": "Aggregate",
            "Strategy": "Plain",
            "Partial Mode": "Partial",
            "Parent Relationship": "Outer",
            "Parallel Aware": false,
            "Startup Cost": 82236.06,
            "Total Cost": 82236.07,
            "Plan Rows": 1,
            "Plan Width": 8,
            "Actual Startup Time": 278.668,
            "Actual Total Time": 278.672,
            "Actual Rows": 1,
            "Actual Loops": 2,
            "Plans": [
              {
                "Node Type": "Hash Join",
                "Parent Relationship": "Outer",
                "Parallel Aware": false,
                "Join Type": "Inner",
                "Startup Cost": 61765.28,
                "Total Cost": 82236.04,
                "Plan Rows": 7,
                "Plan Width": 0,
                "Actual Startup Time": 185.834,
                "Actual Total Time": 278.657,
                "Actual Rows": 120,
                "Actual Loops": 2,
                "Inner Unique": false,
                "Hash Cond": "(t.id = ci.movie_id)",
                "Plans": [
                  {
                    "Node Type": "Hash Join",
                    "Parent Relationship": "Outer",
                    "Parallel Aware": true,
                    "Join Type": "Inner",
                    "Startup Cost": 60700.64,
                    "Total Cost": 79500.09,
                    "Plan Rows": 35184,
                    "Plan Width": 8,
                    "Actual Startup Time": 184.207,
                    "Actual Total Time": 276.011,
                    "Actual Rows": 12708,
                    "Actual Loops": 2,
                    "Inner Unique": true,
                    "Hash Cond": "(mi_idx.movie_id = t.id)",
                    "Plans": [
                      {
                        "Node Type": "Seq Scan",
                        "Parent Relationship": "Outer",
                        "Parallel Aware": true,
                        "Relation Name": "movie_info_idx",
                        "Alias": "mi_idx",
                        "Startup Cost": 0.0,
                        "Total Cost": 18082.32,
                        "Plan Rows": 273193,
                        "Plan Width": 4,
                        "Actual Startup Time": 0.022,
                        "Actual Total Time": 49.269,
                        "Actual Rows": 229962,
                        "Actual Loops": 2,
                        "Filter": "(info_type_id = 100)",
                        "Rows Removed by Filter": 460055
                      },
                      {
                        "Node Type": "Hash",
                        "Parent Relationship": "Inner",
                        "Parallel Aware": true,
                        "Startup Cost": 58306.47,
                        "Total Cost": 58306.47,
                        "Plan Rows": 191534,
                        "Plan Width": 4,
                        "Actual Startup Time": 179.591,
                        "Actual Total Time": 179.591,
                        "Actual Rows": 174767,
                        "Actual Loops": 2,
                        "Hash Buckets": 524288,
                        "Original Hash Buckets": 524288,
                        "Hash Batches": 1,
                        "Original Hash Batches": 1,
                        "Peak Memory Usage": 17792,
                        "Plans": [
                          {
                            "Node Type": "Seq Scan",
                            "Parent Relationship": "Outer",
                            "Parallel Aware": true,
                            "Relation Name": "title",
                            "Alias": "t",
                            "Startup Cost": 0.0,
                            "Total Cost": 58306.47,
                            "Plan Rows": 191534,
                            "Plan Width": 4,
                            "Actual Startup Time": 0.023,
                            "Actual Total Time": 139.837,
                            "Actual Rows": 174767,
                            "Actual Loops": 2,
                            "Filter": "((production_year > 2009) AND (kind_id = 7))",
                            "Rows Removed by Filter": 1089389
                          }
                        ]
                      }
                    ]
                  },
                  {
                    "Node Type": "Hash",
                    "Parent Relationship": "Inner",
                    "Parallel Aware": false,
                    "Startup Cost": 1058.43,
                    "Total Cost": 1058.43,
                    "Plan Rows": 497,
                    "Plan Width": 4,
                    "Actual Startup Time": 1.327,
                    "Actual Total Time": 1.327,
                    "Actual Rows": 898,
                    "Actual Loops": 2,
                    "Hash Buckets": 1024,
                    "Original Hash Buckets": 1024,
                    "Hash Batches": 1,
                    "Original Hash Batches": 1,
                    "Peak Memory Usage": 40,
                    "Plans": [
                      {
                        "Node Type": "Index Scan",
                        "Parent Relationship": "Outer",
                        "Parallel Aware": false,
                        "Scan Direction": "Forward",
                        "Index Name": "person_id_cast_info",
                        "Relation Name": "cast_info",
                        "Alias": "ci",
                        "Startup Cost": 0.56,
                        "Total Cost": 1058.43,
                        "Plan Rows": 497,
                        "Plan Width": 4,
                        "Actual Startup Time": 0.205,
                        "Actual Total Time": 0.916,
                        "Actual Rows": 898,
                        "Actual Loops": 2,
                        "Index Cond": "(person_id = 1417425)",
                        "Rows Removed by Index Recheck": 0
                      }
                    ]
                  }
                ]
              }
            ]
          }
        ]
      }
    ]
  },
  "Planning Time": 0.855,
  "Triggers": [],
  "Execution Time": 298.362
}