[
  {
    "Plan": {
      "Node Type": "Aggregate",
      "Strategy": "Plain",
      "Partial Mode": "Finalize",
      "Parallel Aware": false,
      "Startup Cost": 126093.32,
      "Total Cost": 126093.33,
      "Plan Rows": 1,
      "Plan Width": 8,
      "Actual Startup Time": 677.047,
      "Actual Total Time": 697.458,
      "Actual Rows": 1,
      "Actual Loops": 1,
      "Plans": [
        {
          "Node Type": "Gather",
          "Parent Relationship": "Outer",
          "Parallel Aware": false,
          "Startup Cost": 126093.01,
          "Total Cost": 126093.32,
          "Plan Rows": 3,
          "Plan Width": 8,
          "Actual Startup Time": 670.488,
          "Actual Total Time": 697.448,
          "Actual Rows": 4,
          "Actual Loops": 1,
          "Workers Planned": 3,
          "Workers Launched": 3,
          "Single Copy": false,
          "Plans": [
            {
              "Node Type": "Aggregate",
              "Strategy": "Plain",
              "Partial Mode": "Partial",
              "Parent Relationship": "Outer",
              "Parallel Aware": false,
              "Startup Cost": 125093.01,
              "Total Cost": 125093.02,
              "Plan Rows": 1,
              "Plan Width": 8,
              "Actual Startup Time": 661.382,
              "Actual Total Time": 661.388,
              "Actual Rows": 1,
              "Actual Loops": 4,
              "Plans": [
                {
                  "Node Type": "Hash Join",
                  "Parent Relationship": "Outer",
                  "Parallel Aware": true,
                  "Join Type": "Inner",
                  "Startup Cost": 80886.46,
                  "Total Cost": 124875.73,
                  "Plan Rows": 86910,
                  "Plan Width": 0,
                  "Actual Startup Time": 481.45,
                  "Actual Total Time": 642.326,
                  "Actual Rows": 418311,
                  "Actual Loops": 4,
                  "Inner Unique": false,
                  "Hash Cond": "(mk.movie_id = t.id)",
                  "Plans": [
                    {
                      "Node Type": "Seq Scan",
                      "Parent Relationship": "Outer",
                      "Parallel Aware": true,
                      "Relation Name": "movie_keyword",
                      "Alias": "mk",
                      "Startup Cost": 0.0,
                      "Total Cost": 42695.65,
                      "Plan Rows": 287024,
                      "Plan Width": 4,
                      "Actual Startup Time": 1.665,
                      "Actual Total Time": 95.168,
                      "Actual Rows": 222005,
                      "Actual Loops": 4,
                      "Filter": "(keyword_id > 20778)",
                      "Rows Removed by Filter": 908977
                    },
                    {
                      "Node Type": "Hash",
                      "Parent Relationship": "Inner",
                      "Parallel Aware": true,
                      "Startup Cost": 78494.08,
                      "Total Cost": 78494.08,
                      "Plan Rows": 191390,
                      "Plan Width": 8,
                      "Actual Startup Time": 474.537,
                      "Actual Total Time": 474.541,
                      "Actual Rows": 189523,
                      "Actual Loops": 4,
                      "Hash Buckets": 1048576,
                      "Original Hash Buckets": 1048576,
                      "Hash Batches": 1,
                      "Original Hash Batches": 1,
                      "Peak Memory Usage": 37920,
                      "Plans": [
                        {
                          "Node Type": "Hash Join",
                          "Parent Relationship": "Outer",
                          "Parallel Aware": true,
                          "Join Type": "Inner",
                          "Startup Cost": 32397.61,
                          "Total Cost": 78494.08,
                          "Plan Rows": 191390,
                          "Plan Width": 8,
                          "Actual Startup Time": 148.374,
                          "Actual Total Time": 409.9,
                          "Actual Rows": 189523,
                          "Actual Loops": 4,
                          "Inner Unique": false,
                          "Hash Cond": "(t.id = mc.movie_id)",
                          "Plans": [
                            {
                              "Node Type": "Seq Scan",
                              "Parent Relationship": "Outer",
                              "Parallel Aware": true,
                              "Relation Name": "title",
                              "Alias": "t",
                              "Startup Cost": 0.0,
                              "Total Cost": 42318.73,
                              "Plan Rows": 632073,
                              "Plan Width": 4,
                              "Actual Startup Time": 0.01,
                              "Actual Total Time": 77.976,
                              "Actual Rows": 632078,
                              "Actual Loops": 4
                            },
                            {
                              "Node Type": "Hash",
                              "Parent Relationship": "Inner",
                              "Parallel Aware": true,
                              "Startup Cost": 29310.68,
                              "Total Cost": 29310.68,
                              "Plan Rows": 246954,
                              "Plan Width": 4,
                              "Actual Startup Time": 145.597,
                              "Actual Total Time": 145.599,
                              "Actual Rows": 189523,
                              "Actual Loops": 4,
                              "Hash Buckets": 1048576,
                              "Original Hash Buckets": 1048576,
                              "Hash Batches": 1,
                              "Original Hash Batches": 1,
                              "Peak Memory Usage": 37920,
                              "Plans": [
                                {
                                  "Node Type": "Seq Scan",
                                  "Parent Relationship": "Outer",
                                  "Parallel Aware": true,
                                  "Relation Name": "movie_companies",
                                  "Alias": "mc",
                                  "Startup Cost": 0.0,
                                  "Total Cost": 29310.68,
                                  "Plan Rows": 246954,
                                  "Plan Width": 4,
                                  "Actual Startup Time": 0.058,
                                  "Actual Total Time": 75.73,
                                  "Actual Rows": 189523,
                                  "Actual Loops": 4,
                                  "Filter": "(company_id < 1527)",
                                  "Rows Removed by Filter": 462760
                                }
                              ]
                            }
                          ]
                        }
                      ]
                    }
                  ]
                }
              ]
            }
          ]
        }
      ]
    },
    "Planning Time": 1.389,
    "Triggers": [],
    "Execution Time": 697.542
  }
]