{
  "Plan": {
    "Node Type": "Aggregate",
    "Strategy": "Plain",
    "Partial Mode": "Finalize",
    "Parallel Aware": false,
    "Startup Cost": 684076.08,
    "Total Cost": 684076.09,
    "Plan Rows": 1,
    "Plan Width": 8,
    "Actual Startup Time": 4502.1,
    "Actual Total Time": 4575.247,
    "Actual Rows": 1,
    "Actual Loops": 1,
    "Plans": [
      {
        "Node Type": "Gather",
        "Parent Relationship": "Outer",
        "Parallel Aware": false,
        "Startup Cost": 684075.97,
        "Total Cost": 684076.08,
        "Plan Rows": 1,
        "Plan Width": 8,
        "Actual Startup Time": 4498.907,
        "Actual Total Time": 4575.238,
        "Actual Rows": 2,
        "Actual Loops": 1,
        "Workers Planned": 1,
        "Workers Launched": 1,
        "Single Copy": false,
        "Plans": [
          {
            "Node Type": "Aggregate",
            "Strategy": "Plain",
            "Partial Mode": "Partial",
            "Parent Relationship": "Outer",
            "Parallel Aware": false,
            "Startup Cost": 683075.97,
            "Total Cost": 683075.98,
            "Plan Rows": 1,
            "Plan Width": 8,
            "Actual Startup Time": 4490.742,
            "Actual Total Time": 4490.747,
            "Actual Rows": 1,
            "Actual Loops": 2,
            "Plans": [
              {
                "Node Type": "Hash Join",
                "Parent Relationship": "Outer",
                "Parallel Aware": true,
                "Join Type": "Inner",
                "Startup Cost": 588856.95,
                "Total Cost": 680126.48,
                "Plan Rows": 1179798,
                "Plan Width": 0,
                "Actual Startup Time": 4026.557,
                "Actual Total Time": 4452.836,
                "Actual Rows": 957661,
                "Actual Loops": 2,
                "Inner Unique": false,
                "Hash Cond": "(mk.movie_id = t.id)",
                "Plans": [
                  {
                    "Node Type": "Seq Scan",
                    "Parent Relationship": "Outer",
                    "Parallel Aware": true,
                    "Relation Name": "movie_keyword",
                    "Alias": "mk",
                    "Startup Cost": 0.0,
                    "Total Cost": 51065.35,
                    "Plan Rows": 2661135,
                    "Plan Width": 4,
                    "Actual Startup Time": 0.014,
                    "Actual Total Time": 151.243,
                    "Actual Rows": 2261965,
                    "Actual Loops": 2
                  },
                  {
                    "Node Type": "Hash",
                    "Parent Relationship": "Inner",
                    "Parallel Aware": true,
                    "Startup Cost": 580615.01,
                    "Total Cost": 580615.01,
                    "Plan Rows": 659355,
                    "Plan Width": 8,
                    "Actual Startup Time": 4011.312,
                    "Actual Total Time": 4011.315,
                    "Actual Rows": 747878,
                    "Actual Loops": 2,
                    "Hash Buckets": 2097152,
                    "Original Hash Buckets": 2097152,
                    "Hash Batches": 1,
                    "Original Hash Batches": 1,
                    "Peak Memory Usage": 74912,
                    "Plans": [
                      {
                        "Node Type": "Hash Join",
                        "Parent Relationship": "Outer",
                        "Parallel Aware": true,
                        "Join Type": "Inner",
                        "Startup Cost": 58881.66,
                        "Total Cost": 580615.01,
                        "Plan Rows": 659355,
                        "Plan Width": 8,
                        "Actual Startup Time": 164.9,
                        "Actual Total Time": 3781.573,
                        "Actual Rows": 747878,
                        "Actual Loops": 2,
                        "Inner Unique": true,
                        "Hash Cond": "(ci.movie_id = t.id)",
                        "Plans": [
                          {
                            "Node Type": "Seq Scan",
                            "Parent Relationship": "Outer",
                            "Parallel Aware": true,
                            "Relation Name": "cast_info",
                            "Alias": "ci",
                            "Startup Cost": 0.0,
                            "Total Cost": 465792.95,
                            "Plan Rows": 21310595,
                            "Plan Width": 4,
                            "Actual Startup Time": 0.017,
                            "Actual Total Time": 1391.866,
                            "Actual Rows": 18122172,
                            "Actual Loops": 2
                          },
                          {
                            "Node Type": "Hash",
                            "Parent Relationship": "Inner",
                            "Parallel Aware": true,
                            "Startup Cost": 58306.47,
                            "Total Cost": 58306.47,
                            "Plan Rows": 46015,
                            "Plan Width": 4,
                            "Actual Startup Time": 164.217,
                            "Actual Total Time": 164.218,
                            "Actual Rows": 42342,
                            "Actual Loops": 2,
                            "Hash Buckets": 131072,
                            "Original Hash Buckets": 131072,
                            "Hash Batches": 1,
                            "Original Hash Batches": 1,
                            "Peak Memory Usage": 4352,
                            "Plans": [
                              {
                                "Node Type": "Seq Scan",
                                "Parent Relationship": "Outer",
                                "Parallel Aware": true,
                                "Relation Name": "title",
                                "Alias": "t",
                                "Startup Cost": 0.0,
                                "Total Cost": 58306.47,
                                "Plan Rows": 46015,
                                "Plan Width": 4,
                                "Actual Startup Time": 0.034,
                                "Actual Total Time": 151.282,
                                "Actual Rows": 42342,
                                "Actual Loops": 2,
                                "Filter": "((kind_id = 7) AND (production_year = 2009))",
                                "Rows Removed by Filter": 1221814
                              }
                            ]
                          }
                        ]
                      }
                    ]
                  }
                ]
              }
            ]
          }
        ]
      }
    ]
  },
  "Planning Time": 0.989,
  "Triggers": [],
  "Execution Time": 4575.341
}