{
  "Plan": {
    "Node Type": "Aggregate",
    "Strategy": "Plain",
    "Partial Mode": "Finalize",
    "Parallel Aware": false,
    "Startup Cost": 67880.84,
    "Total Cost": 67880.85,
    "Plan Rows": 1,
    "Plan Width": 8,
    "Actual Startup Time": 111.707,
    "Actual Total Time": 118.107,
    "Actual Rows": 1,
    "Actual Loops": 1,
    "Plans": [
      {
        "Node Type": "Gather",
        "Parent Relationship": "Outer",
        "Parallel Aware": false,
        "Startup Cost": 67880.72,
        "Total Cost": 67880.83,
        "Plan Rows": 1,
        "Plan Width": 8,
        "Actual Startup Time": 111.611,
        "Actual Total Time": 118.1,
        "Actual Rows": 2,
        "Actual Loops": 1,
        "Workers Planned": 1,
        "Workers Launched": 1,
        "Single Copy": false,
        "Plans": [
          {
            "Node Type": "Aggregate",
            "Strategy": "Plain",
            "Partial Mode": "Partial",
            "Parent Relationship": "Outer",
            "Parallel Aware": false,
            "Startup Cost": 66880.72,
            "Total Cost": 66880.73,
            "Plan Rows": 1,
            "Plan Width": 8,
            "Actual Startup Time": 105.505,
            "Actual Total Time": 105.508,
            "Actual Rows": 1,
            "Actual Loops": 2,
            "Plans": [
              {
                "Node Type": "Nested Loop",
                "Parent Relationship": "Outer",
                "Parallel Aware": false,
                "Join Type": "Inner",
                "Startup Cost": 1.42,
                "Total Cost": 66878.3,
                "Plan Rows": 969,
                "Plan Width": 0,
                "Actual Startup Time": 1.63,
                "Actual Total Time": 105.295,
                "Actual Rows": 1588,
                "Actual Loops": 2,
                "Inner Unique": false,
                "Plans": [
                  {
                    "Node Type": "Nested Loop",
                    "Parent Relationship": "Outer",
                    "Parallel Aware": false,
                    "Join Type": "Inner",
                    "Startup Cost": 0.99,
                    "Total Cost": 65868.65,
                    "Plan Rows": 1775,
                    "Plan Width": 8,
                    "Actual Startup Time": 1.264,
                    "Actual Total Time": 89.807,
                    "Actual Rows": 1094,
                    "Actual Loops": 2,
                    "Inner Unique": true,
                    "Plans": [
                      {
                        "Node Type": "Index Scan",
                        "Parent Relationship": "Outer",
                        "Parallel Aware": true,
                        "Scan Direction": "Forward",
                        "Index Name": "role_id_cast_info",
                        "Relation Name": "cast_info",
                        "Alias": "ci",
                        "Startup Cost": 0.56,
                        "Total Cost": 34044.81,
                        "Plan Rows": 4656,
                        "Plan Width": 4,
                        "Actual Startup Time": 0.155,
                        "Actual Total Time": 71.255,
                        "Actual Rows": 1540,
                        "Actual Loops": 2,
                        "Index Cond": "(role_id = 9)",
                        "Rows Removed by Index Recheck": 0,
                        "Filter": "(person_id < 31752)",
                        "Rows Removed by Filter": 545240
                      },
                      {
                        "Node Type": "Index Scan",
                        "Parent Relationship": "Inner",
                        "Parallel Aware": false,
                        "Scan Direction": "Forward",
                        "Index Name": "title_pkey",
                        "Relation Name": "title",
                        "Alias": "t",
                        "Startup Cost": 0.43,
                        "Total Cost": 6.84,
                        "Plan Rows": 1,
                        "Plan Width": 4,
                        "Actual Startup Time": 0.011,
                        "Actual Total Time": 0.011,
                        "Actual Rows": 1,
                        "Actual Loops": 3079,
                        "Index Cond": "(id = ci.movie_id)",
                        "Rows Removed by Index Recheck": 0,
                        "Filter": "((kind_id < 7) AND (production_year > 0))",
                        "Rows Removed by Filter": 0
                      }
                    ]
                  },
                  {
                    "Node Type": "Index Only Scan",
                    "Parent Relationship": "Inner",
                    "Parallel Aware": false,
                    "Scan Direction": "Forward",
                    "Index Name": "movie_id_movie_info_idx",
                    "Relation Name": "movie_info_idx",
                    "Alias": "mi_idx",
                    "Startup Cost": 0.43,
                    "Total Cost": 0.54,
                    "Plan Rows": 3,
                    "Plan Width": 4,
                    "Actual Startup Time": 0.013,
                    "Actual Total Time": 0.013,
                    "Actual Rows": 1,
                    "Actual Loops": 2189,
                    "Index Cond": "(movie_id = t.id)",
                    "Rows Removed by Index Recheck": 0,
                    "Heap Fetches": 3176
                  }
                ]
              }
            ]
          }
        ]
      }
    ]
  },
  "Planning Time": 1.12,
  "Triggers": [],
  "Execution Time": 118.19
}