[
    {
        "Bao": {
            "Bao prediction": 1935.772,
            "Bao recommended hint": "SET enable_nestloop TO off; "
        }
    },
    {
        "Plan": {
            "Node Type": "Aggregate",
            "Strategy": "Plain",
            "Partial Mode": "Simple",
            "Parallel Aware": false,
            "Startup Cost": 559489.04,
            "Total Cost": 559489.05,
            "Plan Rows": 1,
            "Plan Width": 96,
            "Actual Startup Time": 3024.416,
            "Actual Total Time": 3172.693,
            "Actual Rows": 1,
            "Actual Loops": 1,
            "Output": [
                "min(chn.name)",
                "min(mi_idx.info)",
                "min(t.title)"
            ],
            "Plans": [
                {
                    "Node Type": "Hash Join",
                    "Parent Relationship": "Outer",
                    "Parallel Aware": false,
                    "Join Type": "Inner",
                    "Startup Cost": 489549.87,
                    "Total Cost": 559489.04,
                    "Plan Rows": 1,
                    "Plan Width": 38,
                    "Actual Startup Time": 2751.732,
                    "Actual Total Time": 3172.328,
                    "Actual Rows": 914,
                    "Actual Loops": 1,
                    "Output": [
                        "chn.name",
                        "mi_idx.info",
                        "t.title"
                    ],
                    "Inner Unique": false,
                    "Hash Cond": "(t.id = cc.movie_id)",
                    "Plans": [
                        {
                            "Node Type": "Gather",
                            "Parent Relationship": "Outer",
                            "Parallel Aware": false,
                            "Startup Cost": 486447.45,
                            "Total Cost": 556386.61,
                            "Plan Rows": 1,
                            "Plan Width": 54,
                            "Actual Startup Time": 2660.864,
                            "Actual Total Time": 3078.978,
                            "Actual Rows": 5677,
                            "Actual Loops": 1,
                            "Output": [
                                "chn.name",
                                "ci.movie_id",
                                "mi_idx.info",
                                "mi_idx.movie_id",
                                "mk.movie_id",
                                "t.title",
                                "t.id"
                            ],
                            "Workers Planned": 4,
                            "Workers Launched": 4,
                            "Single Copy": false,
                            "Plans": [
                                {
                                    "Node Type": "Hash Join",
                                    "Parent Relationship": "Outer",
                                    "Parallel Aware": false,
                                    "Join Type": "Inner",
                                    "Startup Cost": 485447.45,
                                    "Total Cost": 555386.51,
                                    "Plan Rows": 1,
                                    "Plan Width": 54,
                                    "Actual Startup Time": 2649.461,
                                    "Actual Total Time": 2917.195,
                                    "Actual Rows": 1135,
                                    "Actual Loops": 5,
                                    "Output": [
                                        "chn.name",
                                        "ci.movie_id",
                                        "mi_idx.info",
                                        "mi_idx.movie_id",
                                        "mk.movie_id",
                                        "t.title",
                                        "t.id"
                                    ],
                                    "Inner Unique": true,
                                    "Hash Cond": "(t.kind_id = kt.id)",
                                    "Workers": [
                                        {
                                            "Worker Number": 0,
                                            "Actual Startup Time": 2644.706,
                                            "Actual Total Time": 2914.65,
                                            "Actual Rows": 1674,
                                            "Actual Loops": 1
                                        },
                                        {
                                            "Worker Number": 1,
                                            "Actual Startup Time": 2649.244,
                                            "Actual Total Time": 2915.28,
                                            "Actual Rows": 1052,
                                            "Actual Loops": 1
                                        },
                                        {
                                            "Worker Number": 2,
                                            "Actual Startup Time": 2646.831,
                                            "Actual Total Time": 2915.809,
                                            "Actual Rows": 1004,
                                            "Actual Loops": 1
                                        },
                                        {
                                            "Worker Number": 3,
                                            "Actual Startup Time": 2646.72,
                                            "Actual Total Time": 2915.709,
                                            "Actual Rows": 921,
                                            "Actual Loops": 1
                                        }
                                    ],
                                    "Plans": [
                                        {
                                            "Node Type": "Hash Join",
                                            "Parent Relationship": "Outer",
                                            "Parallel Aware": true,
                                            "Join Type": "Inner",
                                            "Startup Cost": 485446.35,
                                            "Total Cost": 555385.4,
                                            "Plan Rows": 1,
                                            "Plan Width": 58,
                                            "Actual Startup Time": 2648.482,
                                            "Actual Total Time": 2915.957,
                                            "Actual Rows": 1468,
                                            "Actual Loops": 5,
                                            "Output": [
                                                "chn.name",
                                                "ci.movie_id",
                                                "mi_idx.info",
                                                "mi_idx.movie_id",
                                                "mk.movie_id",
                                                "t.title",
                                                "t.kind_id",
                                                "t.id"
                                            ],
                                            "Inner Unique": false,
                                            "Hash Cond": "(n.id = ci.person_id)",
                                            "Workers": [
                                                {
                                                    "Worker Number": 0,
                                                    "Actual Startup Time": 2643.792,
                                                    "Actual Total Time": 2913.214,
                                                    "Actual Rows": 2149,
                                                    "Actual Loops": 1
                                                },
                                                {
                                                    "Worker Number": 1,
                                                    "Actual Startup Time": 2647.138,
                                                    "Actual Total Time": 2913.83,
                                                    "Actual Rows": 1350,
                                                    "Actual Loops": 1
                                                },
                                                {
                                                    "Worker Number": 2,
                                                    "Actual Startup Time": 2645.911,
                                                    "Actual Total Time": 2914.377,
                                                    "Actual Rows": 1300,
                                                    "Actual Loops": 1
                                                },
                                                {
                                                    "Worker Number": 3,
                                                    "Actual Startup Time": 2645.825,
                                                    "Actual Total Time": 2914.361,
                                                    "Actual Rows": 1189,
                                                    "Actual Loops": 1
                                                }
                                            ],
                                            "Plans": [
                                                {
                                                    "Node Type": "Seq Scan",
                                                    "Parent Relationship": "Outer",
                                                    "Parallel Aware": true,
                                                    "Relation Name": "name",
                                                    "Schema": "public",
                                                    "Alias": "n",
                                                    "Startup Cost": 0.0,
                                                    "Total Cost": 66031.94,
                                                    "Plan Rows": 1041894,
                                                    "Plan Width": 4,
                                                    "Actual Startup Time": 0.029,
                                                    "Actual Total Time": 149.089,
                                                    "Actual Rows": 833498,
                                                    "Actual Loops": 5,
                                                    "Output": [
                                                        "n.id",
                                                        "n.name",
                                                        "n.imdb_index",
                                                        "n.imdb_id",
                                                        "n.gender",
                                                        "n.name_pcode_cf",
                                                        "n.name_pcode_nf",
                                                        "n.surname_pcode",
                                                        "n.md5sum"
                                                    ],
                                                    "Workers": [
                                                        {
                                                            "Worker Number": 0,
                                                            "Actual Startup Time": 0.023,
                                                            "Actual Total Time": 153.69,
                                                            "Actual Rows": 1123557,
                                                            "Actual Loops": 1
                                                        },
                                                        {
                                                            "Worker Number": 1,
                                                            "Actual Startup Time": 0.033,
                                                            "Actual Total Time": 147.605,
                                                            "Actual Rows": 768727,
                                                            "Actual Loops": 1
                                                        },
                                                        {
                                                            "Worker Number": 2,
                                                            "Actual Startup Time": 0.031,
                                                            "Actual Total Time": 148.583,
                                                            "Actual Rows": 757898,
                                                            "Actual Loops": 1
                                                        },
                                                        {
                                                            "Worker Number": 3,
                                                            "Actual Startup Time": 0.04,
                                                            "Actual Total Time": 149.418,
                                                            "Actual Rows": 735021,
                                                            "Actual Loops": 1
                                                        }
                                                    ]
                                                },
                                                {
                                                    "Node Type": "Hash",
                                                    "Parent Relationship": "Inner",
                                                    "Parallel Aware": true,
                                                    "Startup Cost": 485446.34,
                                                    "Total Cost": 485446.34,
                                                    "Plan Rows": 1,
                                                    "Plan Width": 62,
                                                    "Actual Startup Time": 2646.635,
                                                    "Actual Total Time": 2646.655,
                                                    "Actual Rows": 1468,
                                                    "Actual Loops": 5,
                                                    "Output": [
                                                        "chn.name",
                                                        "ci.movie_id",
                                                        "ci.person_id",
                                                        "mi_idx.info",
                                                        "mi_idx.movie_id",
                                                        "mk.movie_id",
                                                        "t.title",
                                                        "t.kind_id",
                                                        "t.id"
                                                    ],
                                                    "Hash Buckets": 8192,
                                                    "Original Hash Buckets": 1024,
                                                    "Hash Batches": 1,
                                                    "Original Hash Batches": 1,
                                                    "Peak Memory Usage": 856,
                                                    "Workers": [
                                                        {
                                                            "Worker Number": 0,
                                                            "Actual Startup Time": 2643.392,
                                                            "Actual Total Time": 2643.41,
                                                            "Actual Rows": 2355,
                                                            "Actual Loops": 1
                                                        },
                                                        {
                                                            "Worker Number": 1,
                                                            "Actual Startup Time": 2643.831,
                                                            "Actual Total Time": 2643.851,
                                                            "Actual Rows": 1392,
                                                            "Actual Loops": 1
                                                        },
                                                        {
                                                            "Worker Number": 2,
                                                            "Actual Startup Time": 2644.383,
                                                            "Actual Total Time": 2644.403,
                                                            "Actual Rows": 1682,
                                                            "Actual Loops": 1
                                                        },
                                                        {
                                                            "Worker Number": 3,
                                                            "Actual Startup Time": 2644.339,
                                                            "Actual Total Time": 2644.36,
                                                            "Actual Rows": 939,
                                                            "Actual Loops": 1
                                                        }
                                                    ],
                                                    "Plans": [
                                                        {
                                                            "Node Type": "Hash Join",
                                                            "Parent Relationship": "Outer",
                                                            "Parallel Aware": true,
                                                            "Join Type": "Inner",
                                                            "Startup Cost": 440931.58,
                                                            "Total Cost": 485446.34,
                                                            "Plan Rows": 1,
                                                            "Plan Width": 62,
                                                            "Actual Startup Time": 2495.637,
                                                            "Actual Total Time": 2624.643,
                                                            "Actual Rows": 1468,
                                                            "Actual Loops": 5,
                                                            "Output": [
                                                                "chn.name",
                                                                "ci.movie_id",
                                                                "ci.person_id",
                                                                "mi_idx.info",
                                                                "mi_idx.movie_id",
                                                                "mk.movie_id",
                                                                "t.title",
                                                                "t.kind_id",
                                                                "t.id"
                                                            ],
                                                            "Inner Unique": false,
                                                            "Hash Cond": "(t.id = mk.movie_id)",
                                                            "Workers": [
                                                                {
                                                                    "Worker Number": 0,
                                                                    "Actual Startup Time": 2491.813,
                                                                    "Actual Total Time": 2630.083,
                                                                    "Actual Rows": 2355,
                                                                    "Actual Loops": 1
                                                                },
                                                                {
                                                                    "Worker Number": 1,
                                                                    "Actual Startup Time": 2492.206,
                                                                    "Actual Total Time": 2619.506,
                                                                    "Actual Rows": 1392,
                                                                    "Actual Loops": 1
                                                                },
                                                                {
                                                                    "Worker Number": 2,
                                                                    "Actual Startup Time": 2494.411,
                                                                    "Actual Total Time": 2630.093,
                                                                    "Actual Rows": 1682,
                                                                    "Actual Loops": 1
                                                                },
                                                                {
                                                                    "Worker Number": 3,
                                                                    "Actual Startup Time": 2492.465,
                                                                    "Actual Total Time": 2614.029,
                                                                    "Actual Rows": 939,
                                                                    "Actual Loops": 1
                                                                }
                                                            ],
                                                            "Plans": [
                                                                {
                                                                    "Node Type": "Seq Scan",
                                                                    "Parent Relationship": "Outer",
                                                                    "Parallel Aware": true,
                                                                    "Relation Name": "title",
                                                                    "Schema": "public",
                                                                    "Alias": "t",
                                                                    "Startup Cost": 0.0,
                                                                    "Total Cost": 43899.32,
                                                                    "Plan Rows": 164114,
                                                                    "Plan Width": 25,
                                                                    "Actual Startup Time": 0.032,
                                                                    "Actual Total Time": 101.061,
                                                                    "Actual Rows": 132413,
                                                                    "Actual Loops": 5,
                                                                    "Output": [
                                                                        "t.id",
                                                                        "t.title",
                                                                        "t.imdb_index",
                                                                        "t.kind_id",
                                                                        "t.production_year",
                                                                        "t.imdb_id",
                                                                        "t.phonetic_code",
                                                                        "t.episode_of_id",
                                                                        "t.season_nr",
                                                                        "t.episode_nr",
                                                                        "t.series_years",
                                                                        "t.md5sum"
                                                                    ],
                                                                    "Filter": "(t.production_year > 2008)",
                                                                    "Rows Removed by Filter": 373249,
                                                                    "Workers": [
                                                                        {
                                                                            "Worker Number": 0,
                                                                            "Actual Startup Time": 0.036,
                                                                            "Actual Total Time": 106.13,
                                                                            "Actual Rows": 187338,
                                                                            "Actual Loops": 1
                                                                        },
                                                                        {
                                                                            "Worker Number": 1,
                                                                            "Actual Startup Time": 0.033,
                                                                            "Actual Total Time": 99.868,
                                                                            "Actual Rows": 119046,
                                                                            "Actual Loops": 1
                                                                        },
                                                                        {
                                                                            "Worker Number": 2,
                                                                            "Actual Startup Time": 0.039,
                                                                            "Actual Total Time": 107.215,
                                                                            "Actual Rows": 131408,
                                                                            "Actual Loops": 1
                                                                        },
                                                                        {
                                                                            "Worker Number": 3,
                                                                            "Actual Startup Time": 0.034,
                                                                            "Actual Total Time": 95.019,
                                                                            "Actual Rows": 109431,
                                                                            "Actual Loops": 1
                                                                        }
                                                                    ]
                                                                },
                                                                {
                                                                    "Node Type": "Hash",
                                                                    "Parent Relationship": "Inner",
                                                                    "Parallel Aware": true,
                                                                    "Startup Cost": 440931.57,
                                                                    "Total Cost": 440931.57,
                                                                    "Plan Rows": 1,
                                                                    "Plan Width": 37,
                                                                    "Actual Startup Time": 2493.653,
                                                                    "Actual Total Time": 2493.669,
                                                                    "Actual Rows": 16109,
                                                                    "Actual Loops": 5,
                                                                    "Output": [
                                                                        "chn.name",
                                                                        "ci.movie_id",
                                                                        "ci.person_id",
                                                                        "mi_idx.info",
                                                                        "mi_idx.movie_id",
                                                                        "mk.movie_id"
                                                                    ],
                                                                    "Hash Buckets": 131072,
                                                                    "Original Hash Buckets": 1024,
                                                                    "Hash Batches": 1,
                                                                    "Original Hash Batches": 1,
                                                                    "Peak Memory Usage": 7736,
                                                                    "Workers": [
                                                                        {
                                                                            "Worker Number": 0,
                                                                            "Actual Startup Time": 2490.473,
                                                                            "Actual Total Time": 2490.489,
                                                                            "Actual Rows": 20579,
                                                                            "Actual Loops": 1
                                                                        },
                                                                        {
                                                                            "Worker Number": 1,
                                                                            "Actual Startup Time": 2490.78,
                                                                            "Actual Total Time": 2490.797,
                                                                            "Actual Rows": 16252,
                                                                            "Actual Loops": 1
                                                                        },
                                                                        {
                                                                            "Worker Number": 2,
                                                                            "Actual Startup Time": 2491.366,
                                                                            "Actual Total Time": 2491.382,
                                                                            "Actual Rows": 14388,
                                                                            "Actual Loops": 1
                                                                        },
                                                                        {
                                                                            "Worker Number": 3,
                                                                            "Actual Startup Time": 2491.361,
                                                                            "Actual Total Time": 2491.377,
                                                                            "Actual Rows": 15119,
                                                                            "Actual Loops": 1
                                                                        }
                                                                    ],
                                                                    "Plans": [
                                                                        {
                                                                            "Node Type": "Hash Join",
                                                                            "Parent Relationship": "Outer",
                                                                            "Parallel Aware": true,
                                                                            "Join Type": "Inner",
                                                                            "Startup Cost": 110834.47,
                                                                            "Total Cost": 440931.57,
                                                                            "Plan Rows": 1,
                                                                            "Plan Width": 37,
                                                                            "Actual Startup Time": 590.019,
                                                                            "Actual Total Time": 2353.954,
                                                                            "Actual Rows": 16109,
                                                                            "Actual Loops": 5,
                                                                            "Output": [
                                                                                "chn.name",
                                                                                "ci.movie_id",
                                                                                "ci.person_id",
                                                                                "mi_idx.info",
                                                                                "mi_idx.movie_id",
                                                                                "mk.movie_id"
                                                                            ],
                                                                            "Inner Unique": false,
                                                                            "Hash Cond": "(ci.movie_id = mk.movie_id)",
                                                                            "Workers": [
                                                                                {
                                                                                    "Worker Number": 0,
                                                                                    "Actual Startup Time": 586.331,
                                                                                    "Actual Total Time": 2302.753,
                                                                                    "Actual Rows": 20579,
                                                                                    "Actual Loops": 1
                                                                                },
                                                                                {
                                                                                    "Worker Number": 1,
                                                                                    "Actual Startup Time": 587.458,
                                                                                    "Actual Total Time": 2433.482,
                                                                                    "Actual Rows": 16252,
                                                                                    "Actual Loops": 1
                                                                                },
                                                                                {
                                                                                    "Worker Number": 2,
                                                                                    "Actual Startup Time": 588.425,
                                                                                    "Actual Total Time": 2338.788,
                                                                                    "Actual Rows": 14388,
                                                                                    "Actual Loops": 1
                                                                                },
                                                                                {
                                                                                    "Worker Number": 3,
                                                                                    "Actual Startup Time": 587.648,
                                                                                    "Actual Total Time": 2359.883,
                                                                                    "Actual Rows": 15119,
                                                                                    "Actual Loops": 1
                                                                                }
                                                                            ],
                                                                            "Plans": [
                                                                                {
                                                                                    "Node Type": "Hash Join",
                                                                                    "Parent Relationship": "Outer",
                                                                                    "Parallel Aware": true,
                                                                                    "Join Type": "Inner",
                                                                                    "Startup Cost": 48714.22,
                                                                                    "Total Cost": 377680.87,
                                                                                    "Plan Rows": 301451,
                                                                                    "Plan Width": 24,
                                                                                    "Actual Startup Time": 205.829,
                                                                                    "Actual Total Time": 1929.836,
                                                                                    "Actual Rows": 124717,
                                                                                    "Actual Loops": 5,
                                                                                    "Output": [
                                                                                        "chn.name",
                                                                                        "ci.movie_id",
                                                                                        "ci.person_id"
                                                                                    ],
                                                                                    "Inner Unique": true,
                                                                                    "Hash Cond": "(ci.person_role_id = chn.id)",
                                                                                    "Workers": [
                                                                                        {
                                                                                            "Worker Number": 0,
                                                                                            "Actual Startup Time": 205.666,
                                                                                            "Actual Total Time": 1880.017,
                                                                                            "Actual Rows": 157286,
                                                                                            "Actual Loops": 1
                                                                                        },
                                                                                        {
                                                                                            "Worker Number": 1,
                                                                                            "Actual Startup Time": 206.011,
                                                                                            "Actual Total Time": 2009.253,
                                                                                            "Actual Rows": 127417,
                                                                                            "Actual Loops": 1
                                                                                        },
                                                                                        {
                                                                                            "Worker Number": 2,
                                                                                            "Actual Startup Time": 205.647,
                                                                                            "Actual Total Time": 1918.694,
                                                                                            "Actual Rows": 111423,
                                                                                            "Actual Loops": 1
                                                                                        },
                                                                                        {
                                                                                            "Worker Number": 3,
                                                                                            "Actual Startup Time": 205.986,
                                                                                            "Actual Total Time": 1937.844,
                                                                                            "Actual Rows": 116291,
                                                                                            "Actual Loops": 1
                                                                                        }
                                                                                    ],
                                                                                    "Plans": [
                                                                                        {
                                                                                            "Node Type": "Seq Scan",
                                                                                            "Parent Relationship": "Outer",
                                                                                            "Parallel Aware": true,
                                                                                            "Relation Name": "cast_info",
                                                                                            "Schema": "public",
                                                                                            "Alias": "ci",
                                                                                            "Startup Cost": 0.0,
                                                                                            "Total Cost": 313106.51,
                                                                                            "Plan Rows": 6041951,
                                                                                            "Plan Width": 12,
                                                                                            "Actual Startup Time": 0.016,
                                                                                            "Actual Total Time": 883.789,
                                                                                            "Actual Rows": 7248869,
                                                                                            "Actual Loops": 5,
                                                                                            "Output": [
                                                                                                "ci.id",
                                                                                                "ci.person_id",
                                                                                                "ci.movie_id",
                                                                                                "ci.person_role_id",
                                                                                                "ci.note",
                                                                                                "ci.nr_order",
                                                                                                "ci.role_id"
                                                                                            ],
                                                                                            "Workers": [
                                                                                                {
                                                                                                    "Worker Number": 0,
                                                                                                    "Actual Startup Time": 0.009,
                                                                                                    "Actual Total Time": 871.009,
                                                                                                    "Actual Rows": 9747992,
                                                                                                    "Actual Loops": 1
                                                                                                },
                                                                                                {
                                                                                                    "Worker Number": 1,
                                                                                                    "Actual Startup Time": 0.012,
                                                                                                    "Actual Total Time": 910.868,
                                                                                                    "Actual Rows": 6992759,
                                                                                                    "Actual Loops": 1
                                                                                                },
                                                                                                {
                                                                                                    "Worker Number": 2,
                                                                                                    "Actual Startup Time": 0.01,
                                                                                                    "Actual Total Time": 881.728,
                                                                                                    "Actual Rows": 6440267,
                                                                                                    "Actual Loops": 1
                                                                                                },
                                                                                                {
                                                                                                    "Worker Number": 3,
                                                                                                    "Actual Startup Time": 0.025,
                                                                                                    "Actual Total Time": 889.23,
                                                                                                    "Actual Rows": 6514575,
                                                                                                    "Actual Loops": 1
                                                                                                }
                                                                                            ]
                                                                                        },
                                                                                        {
                                                                                            "Node Type": "Hash",
                                                                                            "Parent Relationship": "Inner",
                                                                                            "Parallel Aware": true,
                                                                                            "Startup Cost": 48224.58,
                                                                                            "Total Cost": 48224.58,
                                                                                            "Plan Rows": 39171,
                                                                                            "Plan Width": 20,
                                                                                            "Actual Startup Time": 204.996,
                                                                                            "Actual Total Time": 204.998,
                                                                                            "Actual Rows": 36030,
                                                                                            "Actual Loops": 5,
                                                                                            "Output": [
                                                                                                "chn.name",
                                                                                                "chn.id"
                                                                                            ],
                                                                                            "Hash Buckets": 262144,
                                                                                            "Original Hash Buckets": 262144,
                                                                                            "Hash Batches": 1,
                                                                                            "Original Hash Batches": 1,
                                                                                            "Peak Memory Usage": 12448,
                                                                                            "Workers": [
                                                                                                {
                                                                                                    "Worker Number": 0,
                                                                                                    "Actual Startup Time": 205.539,
                                                                                                    "Actual Total Time": 205.541,
                                                                                                    "Actual Rows": 49739,
                                                                                                    "Actual Loops": 1
                                                                                                },
                                                                                                {
                                                                                                    "Worker Number": 1,
                                                                                                    "Actual Startup Time": 205.422,
                                                                                                    "Actual Total Time": 205.424,
                                                                                                    "Actual Rows": 32518,
                                                                                                    "Actual Loops": 1
                                                                                                },
                                                                                                {
                                                                                                    "Worker Number": 2,
                                                                                                    "Actual Startup Time": 205.408,
                                                                                                    "Actual Total Time": 205.41,
                                                                                                    "Actual Rows": 32291,
                                                                                                    "Actual Loops": 1
                                                                                                },
                                                                                                {
                                                                                                    "Worker Number": 3,
                                                                                                    "Actual Startup Time": 203.134,
                                                                                                    "Actual Total Time": 203.136,
                                                                                                    "Actual Rows": 32765,
                                                                                                    "Actual Loops": 1
                                                                                                }
                                                                                            ],
                                                                                            "Plans": [
                                                                                                {
                                                                                                    "Node Type": "Seq Scan",
                                                                                                    "Parent Relationship": "Outer",
                                                                                                    "Parallel Aware": true,
                                                                                                    "Relation Name": "char_name",
                                                                                                    "Schema": "public",
                                                                                                    "Alias": "chn",
                                                                                                    "Startup Cost": 0.0,
                                                                                                    "Total Cost": 48224.58,
                                                                                                    "Plan Rows": 39171,
                                                                                                    "Plan Width": 20,
                                                                                                    "Actual Startup Time": 0.042,
                                                                                                    "Actual Total Time": 181.826,
                                                                                                    "Actual Rows": 36030,
                                                                                                    "Actual Loops": 5,
                                                                                                    "Output": [
                                                                                                        "chn.name",
                                                                                                        "chn.id"
                                                                                                    ],
                                                                                                    "Filter": "((chn.name IS NOT NULL) AND ((chn.name ~~ '%man%'::text) OR (chn.name ~~ '%Man%'::text)))",
                                                                                                    "Rows Removed by Filter": 592037,
                                                                                                    "Workers": [
                                                                                                        {
                                                                                                            "Worker Number": 0,
                                                                                                            "Actual Startup Time": 0.04,
                                                                                                            "Actual Total Time": 180.943,
                                                                                                            "Actual Rows": 49739,
                                                                                                            "Actual Loops": 1
                                                                                                        },
                                                                                                        {
                                                                                                            "Worker Number": 1,
                                                                                                            "Actual Startup Time": 0.051,
                                                                                                            "Actual Total Time": 182.438,
                                                                                                            "Actual Rows": 32518,
                                                                                                            "Actual Loops": 1
                                                                                                        },
                                                                                                        {
                                                                                                            "Worker Number": 2,
                                                                                                            "Actual Startup Time": 0.041,
                                                                                                            "Actual Total Time": 179.904,
                                                                                                            "Actual Rows": 32291,
                                                                                                            "Actual Loops": 1
                                                                                                        },
                                                                                                        {
                                                                                                            "Worker Number": 3,
                                                                                                            "Actual Startup Time": 0.046,
                                                                                                            "Actual Total Time": 182.758,
                                                                                                            "Actual Rows": 32765,
                                                                                                            "Actual Loops": 1
                                                                                                        }
                                                                                                    ]
                                                                                                }
                                                                                            ]
                                                                                        }
                                                                                    ]
                                                                                },
                                                                                {
                                                                                    "Node Type": "Hash",
                                                                                    "Parent Relationship": "Inner",
                                                                                    "Parallel Aware": true,
                                                                                    "Startup Cost": 62120.2,
                                                                                    "Total Cost": 62120.2,
                                                                                    "Plan Rows": 4,
                                                                                    "Plan Width": 13,
                                                                                    "Actual Startup Time": 383.615,
                                                                                    "Actual Total Time": 383.624,
                                                                                    "Actual Rows": 9738,
                                                                                    "Actual Loops": 5,
                                                                                    "Output": [
                                                                                        "mi_idx.info",
                                                                                        "mi_idx.movie_id",
                                                                                        "mk.movie_id"
                                                                                    ],
                                                                                    "Hash Buckets": 65536,
                                                                                    "Original Hash Buckets": 1024,
                                                                                    "Hash Batches": 1,
                                                                                    "Original Hash Batches": 1,
                                                                                    "Peak Memory Usage": 3416,
                                                                                    "Workers": [
                                                                                        {
                                                                                            "Worker Number": 0,
                                                                                            "Actual Startup Time": 380.465,
                                                                                            "Actual Total Time": 380.475,
                                                                                            "Actual Rows": 13076,
                                                                                            "Actual Loops": 1
                                                                                        },
                                                                                        {
                                                                                            "Worker Number": 1,
                                                                                            "Actual Startup Time": 380.769,
                                                                                            "Actual Total Time": 380.778,
                                                                                            "Actual Rows": 9639,
                                                                                            "Actual Loops": 1
                                                                                        },
                                                                                        {
                                                                                            "Worker Number": 2,
                                                                                            "Actual Startup Time": 381.207,
                                                                                            "Actual Total Time": 381.216,
                                                                                            "Actual Rows": 9796,
                                                                                            "Actual Loops": 1
                                                                                        },
                                                                                        {
                                                                                            "Worker Number": 3,
                                                                                            "Actual Startup Time": 381.372,
                                                                                            "Actual Total Time": 381.381,
                                                                                            "Actual Rows": 7746,
                                                                                            "Actual Loops": 1
                                                                                        }
                                                                                    ],
                                                                                    "Plans": [
                                                                                        {
                                                                                            "Node Type": "Hash Join",
                                                                                            "Parent Relationship": "Outer",
                                                                                            "Parallel Aware": true,
                                                                                            "Join Type": "Inner",
                                                                                            "Startup Cost": 46849.93,
                                                                                            "Total Cost": 62120.2,
                                                                                            "Plan Rows": 4,
                                                                                            "Plan Width": 13,
                                                                                            "Actual Startup Time": 259.409,
                                                                                            "Actual Total Time": 350.889,
                                                                                            "Actual Rows": 9738,
                                                                                            "Actual Loops": 5,
                                                                                            "Output": [
                                                                                                "mi_idx.info",
                                                                                                "mi_idx.movie_id",
                                                                                                "mk.movie_id"
                                                                                            ],
                                                                                            "Inner Unique": false,
                                                                                            "Hash Cond": "(mi_idx.movie_id = mk.movie_id)",
                                                                                            "Workers": [
                                                                                                {
                                                                                                    "Worker Number": 0,
                                                                                                    "Actual Startup Time": 255.949,
                                                                                                    "Actual Total Time": 356.442,
                                                                                                    "Actual Rows": 13076,
                                                                                                    "Actual Loops": 1
                                                                                                },
                                                                                                {
                                                                                                    "Worker Number": 1,
                                                                                                    "Actual Startup Time": 256.869,
                                                                                                    "Actual Total Time": 352.469,
                                                                                                    "Actual Rows": 9639,
                                                                                                    "Actual Loops": 1
                                                                                                },
                                                                                                {
                                                                                                    "Worker Number": 2,
                                                                                                    "Actual Startup Time": 256.856,
                                                                                                    "Actual Total Time": 348.044,
                                                                                                    "Actual Rows": 9796,
                                                                                                    "Actual Loops": 1
                                                                                                },
                                                                                                {
                                                                                                    "Worker Number": 3,
                                                                                                    "Actual Startup Time": 257.393,
                                                                                                    "Actual Total Time": 342.964,
                                                                                                    "Actual Rows": 7746,
                                                                                                    "Actual Loops": 1
                                                                                                }
                                                                                            ],
                                                                                            "Plans": [
                                                                                                {
                                                                                                    "Node Type": "Hash Join",
                                                                                                    "Parent Relationship": "Outer",
                                                                                                    "Parallel Aware": false,
                                                                                                    "Join Type": "Inner",
                                                                                                    "Startup Cost": 2.43,
                                                                                                    "Total Cost": 15253.6,
                                                                                                    "Plan Rows": 5089,
                                                                                                    "Plan Width": 9,
                                                                                                    "Actual Startup Time": 0.122,
                                                                                                    "Actual Total Time": 71.953,
                                                                                                    "Actual Rows": 91985,
                                                                                                    "Actual Loops": 5,
                                                                                                    "Output": [
                                                                                                        "mi_idx.info",
                                                                                                        "mi_idx.movie_id"
                                                                                                    ],
                                                                                                    "Inner Unique": true,
                                                                                                    "Hash Cond": "(mi_idx.info_type_id = it2.id)",
                                                                                                    "Workers": [
                                                                                                        {
                                                                                                            "Worker Number": 0,
                                                                                                            "Actual Startup Time": 0.12,
                                                                                                            "Actual Total Time": 78.662,
                                                                                                            "Actual Rows": 138689,
                                                                                                            "Actual Loops": 1
                                                                                                        },
                                                                                                        {
                                                                                                            "Worker Number": 1,
                                                                                                            "Actual Startup Time": 0.14,
                                                                                                            "Actual Total Time": 75.221,
                                                                                                            "Actual Rows": 88864,
                                                                                                            "Actual Loops": 1
                                                                                                        },
                                                                                                        {
                                                                                                            "Worker Number": 2,
                                                                                                            "Actual Startup Time": 0.125,
                                                                                                            "Actual Total Time": 72.021,
                                                                                                            "Actual Rows": 83489,
                                                                                                            "Actual Loops": 1
                                                                                                        },
                                                                                                        {
                                                                                                            "Worker Number": 3,
                                                                                                            "Actual Startup Time": 0.127,
                                                                                                            "Actual Total Time": 68.082,
                                                                                                            "Actual Rows": 73741,
                                                                                                            "Actual Loops": 1
                                                                                                        }
                                                                                                    ],
                                                                                                    "Plans": [
                                                                                                        {
                                                                                                            "Node Type": "Seq Scan",
                                                                                                            "Parent Relationship": "Outer",
                                                                                                            "Parallel Aware": true,
                                                                                                            "Relation Name": "movie_info_idx",
                                                                                                            "Schema": "public",
                                                                                                            "Alias": "mi_idx",
                                                                                                            "Startup Cost": 0.0,
                                                                                                            "Total Cost": 13685.15,
                                                                                                            "Plan Rows": 575015,
                                                                                                            "Plan Width": 13,
                                                                                                            "Actual Startup Time": 0.033,
                                                                                                            "Actual Total Time": 33.209,
                                                                                                            "Actual Rows": 276007,
                                                                                                            "Actual Loops": 5,
                                                                                                            "Output": [
                                                                                                                "mi_idx.id",
                                                                                                                "mi_idx.movie_id",
                                                                                                                "mi_idx.info_type_id",
                                                                                                                "mi_idx.info",
                                                                                                                "mi_idx.note"
                                                                                                            ],
                                                                                                            "Workers": [
                                                                                                                {
                                                                                                                    "Worker Number": 0,
                                                                                                                    "Actual Startup Time": 0.038,
                                                                                                                    "Actual Total Time": 36.999,
                                                                                                                    "Actual Rows": 416228,
                                                                                                                    "Actual Loops": 1
                                                                                                                },
                                                                                                                {
                                                                                                                    "Worker Number": 1,
                                                                                                                    "Actual Startup Time": 0.044,
                                                                                                                    "Actual Total Time": 34.595,
                                                                                                                    "Actual Rows": 266616,
                                                                                                                    "Actual Loops": 1
                                                                                                                },
                                                                                                                {
                                                                                                                    "Worker Number": 2,
                                                                                                                    "Actual Startup Time": 0.033,
                                                                                                                    "Actual Total Time": 33.419,
                                                                                                                    "Actual Rows": 250457,
                                                                                                                    "Actual Loops": 1
                                                                                                                },
                                                                                                                {
                                                                                                                    "Worker Number": 3,
                                                                                                                    "Actual Startup Time": 0.033,
                                                                                                                    "Actual Total Time": 31.3,
                                                                                                                    "Actual Rows": 221225,
                                                                                                                    "Actual Loops": 1
                                                                                                                }
                                                                                                            ]
                                                                                                        },
                                                                                                        {
                                                                                                            "Node Type": "Hash",
                                                                                                            "Parent Relationship": "Inner",
                                                                                                            "Parallel Aware": false,
                                                                                                            "Startup Cost": 2.41,
                                                                                                            "Total Cost": 2.41,
                                                                                                            "Plan Rows": 1,
                                                                                                            "Plan Width": 4,
                                                                                                            "Actual Startup Time": 0.047,
                                                                                                            "Actual Total Time": 0.048,
                                                                                                            "Actual Rows": 1,
                                                                                                            "Actual Loops": 5,
                                                                                                            "Output": [
                                                                                                                "it2.id"
                                                                                                            ],
                                                                                                            "Hash Buckets": 1024,
                                                                                                            "Original Hash Buckets": 1024,
                                                                                                            "Hash Batches": 1,
                                                                                                            "Original Hash Batches": 1,
                                                                                                            "Peak Memory Usage": 9,
                                                                                                            "Workers": [
                                                                                                                {
                                                                                                                    "Worker Number": 0,
                                                                                                                    "Actual Startup Time": 0.046,
                                                                                                                    "Actual Total Time": 0.047,
                                                                                                                    "Actual Rows": 1,
                                                                                                                    "Actual Loops": 1
                                                                                                                },
                                                                                                                {
                                                                                                                    "Worker Number": 1,
                                                                                                                    "Actual Startup Time": 0.055,
                                                                                                                    "Actual Total Time": 0.055,
                                                                                                                    "Actual Rows": 1,
                                                                                                                    "Actual Loops": 1
                                                                                                                },
                                                                                                                {
                                                                                                                    "Worker Number": 2,
                                                                                                                    "Actual Startup Time": 0.053,
                                                                                                                    "Actual Total Time": 0.054,
                                                                                                                    "Actual Rows": 1,
                                                                                                                    "Actual Loops": 1
                                                                                                                },
                                                                                                                {
                                                                                                                    "Worker Number": 3,
                                                                                                                    "Actual Startup Time": 0.05,
                                                                                                                    "Actual Total Time": 0.05,
                                                                                                                    "Actual Rows": 1,
                                                                                                                    "Actual Loops": 1
                                                                                                                }
                                                                                                            ],
                                                                                                            "Plans": [
                                                                                                                {
                                                                                                                    "Node Type": "Seq Scan",
                                                                                                                    "Parent Relationship": "Outer",
                                                                                                                    "Parallel Aware": false,
                                                                                                                    "Relation Name": "info_type",
                                                                                                                    "Schema": "public",
                                                                                                                    "Alias": "it2",
                                                                                                                    "Startup Cost": 0.0,
                                                                                                                    "Total Cost": 2.41,
                                                                                                                    "Plan Rows": 1,
                                                                                                                    "Plan Width": 4,
                                                                                                                    "Actual Startup Time": 0.034,
                                                                                                                    "Actual Total Time": 0.036,
                                                                                                                    "Actual Rows": 1,
                                                                                                                    "Actual Loops": 5,
                                                                                                                    "Output": [
                                                                                                                        "it2.id"
                                                                                                                    ],
                                                                                                                    "Filter": "((it2.info)::text = 'rating'::text)",
                                                                                                                    "Rows Removed by Filter": 112,
                                                                                                                    "Workers": [
                                                                                                                        {
                                                                                                                            "Worker Number": 0,
                                                                                                                            "Actual Startup Time": 0.033,
                                                                                                                            "Actual Total Time": 0.035,
                                                                                                                            "Actual Rows": 1,
                                                                                                                            "Actual Loops": 1
                                                                                                                        },
                                                                                                                        {
                                                                                                                            "Worker Number": 1,
                                                                                                                            "Actual Startup Time": 0.04,
                                                                                                                            "Actual Total Time": 0.043,
                                                                                                                            "Actual Rows": 1,
                                                                                                                            "Actual Loops": 1
                                                                                                                        },
                                                                                                                        {
                                                                                                                            "Worker Number": 2,
                                                                                                                            "Actual Startup Time": 0.038,
                                                                                                                            "Actual Total Time": 0.041,
                                                                                                                            "Actual Rows": 1,
                                                                                                                            "Actual Loops": 1
                                                                                                                        },
                                                                                                                        {
                                                                                                                            "Worker Number": 3,
                                                                                                                            "Actual Startup Time": 0.035,
                                                                                                                            "Actual Total Time": 0.038,
                                                                                                                            "Actual Rows": 1,
                                                                                                                            "Actual Loops": 1
                                                                                                                        }
                                                                                                                    ]
                                                                                                                }
                                                                                                            ]
                                                                                                        }
                                                                                                    ]
                                                                                                },
                                                                                                {
                                                                                                    "Node Type": "Hash",
                                                                                                    "Parent Relationship": "Inner",
                                                                                                    "Parallel Aware": true,
                                                                                                    "Startup Cost": 46846.14,
                                                                                                    "Total Cost": 46846.14,
                                                                                                    "Plan Rows": 109,
                                                                                                    "Plan Width": 4,
                                                                                                    "Actual Startup Time": 258.765,
                                                                                                    "Actual Total Time": 258.768,
                                                                                                    "Actual Rows": 12977,
                                                                                                    "Actual Loops": 5,
                                                                                                    "Output": [
                                                                                                        "mk.movie_id"
                                                                                                    ],
                                                                                                    "Hash Buckets": 65536,
                                                                                                    "Original Hash Buckets": 1024,
                                                                                                    "Hash Batches": 1,
                                                                                                    "Original Hash Batches": 1,
                                                                                                    "Peak Memory Usage": 3672,
                                                                                                    "Workers": [
                                                                                                        {
                                                                                                            "Worker Number": 0,
                                                                                                            "Actual Startup Time": 255.542,
                                                                                                            "Actual Total Time": 255.545,
                                                                                                            "Actual Rows": 15987,
                                                                                                            "Actual Loops": 1
                                                                                                        },
                                                                                                        {
                                                                                                            "Worker Number": 1,
                                                                                                            "Actual Startup Time": 256.019,
                                                                                                            "Actual Total Time": 256.023,
                                                                                                            "Actual Rows": 12539,
                                                                                                            "Actual Loops": 1
                                                                                                        },
                                                                                                        {
                                                                                                            "Worker Number": 2,
                                                                                                            "Actual Startup Time": 256.406,
                                                                                                            "Actual Total Time": 256.409,
                                                                                                            "Actual Rows": 12484,
                                                                                                            "Actual Loops": 1
                                                                                                        },
                                                                                                        {
                                                                                                            "Worker Number": 3,
                                                                                                            "Actual Startup Time": 256.416,
                                                                                                            "Actual Total Time": 256.419,
                                                                                                            "Actual Rows": 11528,
                                                                                                            "Actual Loops": 1
                                                                                                        }
                                                                                                    ],
                                                                                                    "Plans": [
                                                                                                        {
                                                                                                            "Node Type": "Hash Join",
                                                                                                            "Parent Relationship": "Outer",
                                                                                                            "Parallel Aware": false,
                                                                                                            "Join Type": "Inner",
                                                                                                            "Startup Cost": 3967.95,
                                                                                                            "Total Cost": 46846.14,
                                                                                                            "Plan Rows": 109,
                                                                                                            "Plan Width": 4,
                                                                                                            "Actual Startup Time": 47.571,
                                                                                                            "Actual Total Time": 232.101,
                                                                                                            "Actual Rows": 12977,
                                                                                                            "Actual Loops": 5,
                                                                                                            "Output": [
                                                                                                                "mk.movie_id"
                                                                                                            ],
                                                                                                            "Inner Unique": true,
                                                                                                            "Hash Cond": "(mk.keyword_id = k.id)",
                                                                                                            "Workers": [
                                                                                                                {
                                                                                                                    "Worker Number": 0,
                                                                                                                    "Actual Startup Time": 44.362,
                                                                                                                    "Actual Total Time": 211.379,
                                                                                                                    "Actual Rows": 15987,
                                                                                                                    "Actual Loops": 1
                                                                                                                },
                                                                                                                {
                                                                                                                    "Worker Number": 1,
                                                                                                                    "Actual Startup Time": 50.9,
                                                                                                                    "Actual Total Time": 238.902,
                                                                                                                    "Actual Rows": 12539,
                                                                                                                    "Actual Loops": 1
                                                                                                                },
                                                                                                                {
                                                                                                                    "Worker Number": 2,
                                                                                                                    "Actual Startup Time": 50.644,
                                                                                                                    "Actual Total Time": 241.314,
                                                                                                                    "Actual Rows": 12484,
                                                                                                                    "Actual Loops": 1
                                                                                                                },
                                                                                                                {
                                                                                                                    "Worker Number": 3,
                                                                                                                    "Actual Startup Time": 51.28,
                                                                                                                    "Actual Total Time": 225.567,
                                                                                                                    "Actual Rows": 11528,
                                                                                                                    "Actual Loops": 1
                                                                                                                }
                                                                                                            ],
                                                                                                            "Plans": [
                                                                                                                {
                                                                                                                    "Node Type": "Seq Scan",
                                                                                                                    "Parent Relationship": "Outer",
                                                                                                                    "Parallel Aware": true,
                                                                                                                    "Relation Name": "movie_keyword",
                                                                                                                    "Schema": "public",
                                                                                                                    "Alias": "mk",
                                                                                                                    "Startup Cost": 0.0,
                                                                                                                    "Total Cost": 39047.32,
                                                                                                                    "Plan Rows": 1459332,
                                                                                                                    "Plan Width": 8,
                                                                                                                    "Actual Startup Time": 0.06,
                                                                                                                    "Actual Total Time": 100.506,
                                                                                                                    "Actual Rows": 904786,
                                                                                                                    "Actual Loops": 5,
                                                                                                                    "Output": [
                                                                                                                        "mk.id",
                                                                                                                        "mk.movie_id",
                                                                                                                        "mk.keyword_id"
                                                                                                                    ],
                                                                                                                    "Workers": [
                                                                                                                        {
                                                                                                                            "Worker Number": 0,
                                                                                                                            "Actual Startup Time": 0.087,
                                                                                                                            "Actual Total Time": 92.369,
                                                                                                                            "Actual Rows": 1092980,
                                                                                                                            "Actual Loops": 1
                                                                                                                        },
                                                                                                                        {
                                                                                                                            "Worker Number": 1,
                                                                                                                            "Actual Startup Time": 0.067,
                                                                                                                            "Actual Total Time": 102.392,
                                                                                                                            "Actual Rows": 848410,
                                                                                                                            "Actual Loops": 1
                                                                                                                        },
                                                                                                                        {
                                                                                                                            "Worker Number": 2,
                                                                                                                            "Actual Startup Time": 0.069,
                                                                                                                            "Actual Total Time": 103.521,
                                                                                                                            "Actual Rows": 861300,
                                                                                                                            "Actual Loops": 1
                                                                                                                        },
                                                                                                                        {
                                                                                                                            "Worker Number": 3,
                                                                                                                            "Actual Startup Time": 0.069,
                                                                                                                            "Actual Total Time": 95.044,
                                                                                                                            "Actual Rows": 778295,
                                                                                                                            "Actual Loops": 1
                                                                                                                        }
                                                                                                                    ]
                                                                                                                },
                                                                                                                {
                                                                                                                    "Node Type": "Hash",
                                                                                                                    "Parent Relationship": "Inner",
                                                                                                                    "Parallel Aware": false,
                                                                                                                    "Startup Cost": 3967.82,
                                                                                                                    "Total Cost": 3967.82,
                                                                                                                    "Plan Rows": 10,
                                                                                                                    "Plan Width": 4,
                                                                                                                    "Actual Startup Time": 47.286,
                                                                                                                    "Actual Total Time": 47.287,
                                                                                                                    "Actual Rows": 8,
                                                                                                                    "Actual Loops": 5,
                                                                                                                    "Output": [
                                                                                                                        "k.id"
                                                                                                                    ],
                                                                                                                    "Hash Buckets": 1024,
                                                                                                                    "Original Hash Buckets": 1024,
                                                                                                                    "Hash Batches": 1,
                                                                                                                    "Original Hash Batches": 1,
                                                                                                                    "Peak Memory Usage": 9,
                                                                                                                    "Workers": [
                                                                                                                        {
                                                                                                                            "Worker Number": 0,
                                                                                                                            "Actual Startup Time": 44.165,
                                                                                                                            "Actual Total Time": 44.166,
                                                                                                                            "Actual Rows": 8,
                                                                                                                            "Actual Loops": 1
                                                                                                                        },
                                                                                                                        {
                                                                                                                            "Worker Number": 1,
                                                                                                                            "Actual Startup Time": 50.774,
                                                                                                                            "Actual Total Time": 50.776,
                                                                                                                            "Actual Rows": 8,
                                                                                                                            "Actual Loops": 1
                                                                                                                        },
                                                                                                                        {
                                                                                                                            "Worker Number": 2,
                                                                                                                            "Actual Startup Time": 50.448,
                                                                                                                            "Actual Total Time": 50.449,
                                                                                                                            "Actual Rows": 8,
                                                                                                                            "Actual Loops": 1
                                                                                                                        },
                                                                                                                        {
                                                                                                                            "Worker Number": 3,
                                                                                                                            "Actual Startup Time": 50.45,
                                                                                                                            "Actual Total Time": 50.451,
                                                                                                                            "Actual Rows": 8,
                                                                                                                            "Actual Loops": 1
                                                                                                                        }
                                                                                                                    ],
                                                                                                                    "Plans": [
                                                                                                                        {
                                                                                                                            "Node Type": "Seq Scan",
                                                                                                                            "Parent Relationship": "Outer",
                                                                                                                            "Parallel Aware": false,
                                                                                                                            "Relation Name": "keyword",
                                                                                                                            "Schema": "public",
                                                                                                                            "Alias": "k",
                                                                                                                            "Startup Cost": 0.0,
                                                                                                                            "Total Cost": 3967.82,
                                                                                                                            "Plan Rows": 10,
                                                                                                                            "Plan Width": 4,
                                                                                                                            "Actual Startup Time": 0.405,
                                                                                                                            "Actual Total Time": 47.264,
                                                                                                                            "Actual Rows": 8,
                                                                                                                            "Actual Loops": 5,
                                                                                                                            "Output": [
                                                                                                                                "k.id"
                                                                                                                            ],
                                                                                                                            "Filter": "(k.keyword = ANY ('{fight,female-nudity,tv-special,superhero,tv-special,sequel,murder,laser,sequel,based-on-comic}'::text[]))",
                                                                                                                            "Rows Removed by Filter": 134162,
                                                                                                                            "Workers": [
                                                                                                                                {
                                                                                                                                    "Worker Number": 0,
                                                                                                                                    "Actual Startup Time": 0.449,
                                                                                                                                    "Actual Total Time": 44.142,
                                                                                                                                    "Actual Rows": 8,
                                                                                                                                    "Actual Loops": 1
                                                                                                                                },
                                                                                                                                {
                                                                                                                                    "Worker Number": 1,
                                                                                                                                    "Actual Startup Time": 0.469,
                                                                                                                                    "Actual Total Time": 50.751,
                                                                                                                                    "Actual Rows": 8,
                                                                                                                                    "Actual Loops": 1
                                                                                                                                },
                                                                                                                                {
                                                                                                                                    "Worker Number": 2,
                                                                                                                                    "Actual Startup Time": 0.471,
                                                                                                                                    "Actual Total Time": 50.423,
                                                                                                                                    "Actual Rows": 8,
                                                                                                                                    "Actual Loops": 1
                                                                                                                                },
                                                                                                                                {
                                                                                                                                    "Worker Number": 3,
                                                                                                                                    "Actual Startup Time": 0.473,
                                                                                                                                    "Actual Total Time": 50.425,
                                                                                                                                    "Actual Rows": 8,
                                                                                                                                    "Actual Loops": 1
                                                                                                                                }
                                                                                                                            ]
                                                                                                                        }
                                                                                                                    ]
                                                                                                                }
                                                                                                            ]
                                                                                                        }
                                                                                                    ]
                                                                                                }
                                                                                            ]
                                                                                        }
                                                                                    ]
                                                                                }
                                                                            ]
                                                                        }
                                                                    ]
                                                                }
                                                            ]
                                                        }
                                                    ]
                                                }
                                            ]
                                        },
                                        {
                                            "Node Type": "Hash",
                                            "Parent Relationship": "Inner",
                                            "Parallel Aware": false,
                                            "Startup Cost": 1.09,
                                            "Total Cost": 1.09,
                                            "Plan Rows": 1,
                                            "Plan Width": 4,
                                            "Actual Startup Time": 0.091,
                                            "Actual Total Time": 0.092,
                                            "Actual Rows": 1,
                                            "Actual Loops": 5,
                                            "Output": [
                                                "kt.id"
                                            ],
                                            "Hash Buckets": 1024,
                                            "Original Hash Buckets": 1024,
                                            "Hash Batches": 1,
                                            "Original Hash Batches": 1,
                                            "Peak Memory Usage": 9,
                                            "Workers": [
                                                {
                                                    "Worker Number": 0,
                                                    "Actual Startup Time": 0.099,
                                                    "Actual Total Time": 0.1,
                                                    "Actual Rows": 1,
                                                    "Actual Loops": 1
                                                },
                                                {
                                                    "Worker Number": 1,
                                                    "Actual Startup Time": 0.098,
                                                    "Actual Total Time": 0.099,
                                                    "Actual Rows": 1,
                                                    "Actual Loops": 1
                                                },
                                                {
                                                    "Worker Number": 2,
                                                    "Actual Startup Time": 0.119,
                                                    "Actual Total Time": 0.12,
                                                    "Actual Rows": 1,
                                                    "Actual Loops": 1
                                                },
                                                {
                                                    "Worker Number": 3,
                                                    "Actual Startup Time": 0.119,
                                                    "Actual Total Time": 0.12,
                                                    "Actual Rows": 1,
                                                    "Actual Loops": 1
                                                }
                                            ],
                                            "Plans": [
                                                {
                                                    "Node Type": "Seq Scan",
                                                    "Parent Relationship": "Outer",
                                                    "Parallel Aware": false,
                                                    "Relation Name": "kind_type",
                                                    "Schema": "public",
                                                    "Alias": "kt",
                                                    "Startup Cost": 0.0,
                                                    "Total Cost": 1.09,
                                                    "Plan Rows": 1,
                                                    "Plan Width": 4,
                                                    "Actual Startup Time": 0.067,
                                                    "Actual Total Time": 0.072,
                                                    "Actual Rows": 1,
                                                    "Actual Loops": 5,
                                                    "Output": [
                                                        "kt.id"
                                                    ],
                                                    "Filter": "((kt.kind)::text = 'movie'::text)",
                                                    "Rows Removed by Filter": 6,
                                                    "Workers": [
                                                        {
                                                            "Worker Number": 0,
                                                            "Actual Startup Time": 0.071,
                                                            "Actual Total Time": 0.076,
                                                            "Actual Rows": 1,
                                                            "Actual Loops": 1
                                                        },
                                                        {
                                                            "Worker Number": 1,
                                                            "Actual Startup Time": 0.07,
                                                            "Actual Total Time": 0.076,
                                                            "Actual Rows": 1,
                                                            "Actual Loops": 1
                                                        },
                                                        {
                                                            "Worker Number": 2,
                                                            "Actual Startup Time": 0.091,
                                                            "Actual Total Time": 0.097,
                                                            "Actual Rows": 1,
                                                            "Actual Loops": 1
                                                        },
                                                        {
                                                            "Worker Number": 3,
                                                            "Actual Startup Time": 0.091,
                                                            "Actual Total Time": 0.097,
                                                            "Actual Rows": 1,
                                                            "Actual Loops": 1
                                                        }
                                                    ]
                                                }
                                            ]
                                        }
                                    ]
                                }
                            ]
                        },
                        {
                            "Node Type": "Hash",
                            "Parent Relationship": "Inner",
                            "Parallel Aware": false,
                            "Startup Cost": 2996.88,
                            "Total Cost": 2996.88,
                            "Plan Rows": 8443,
                            "Plan Width": 4,
                            "Actual Startup Time": 90.547,
                            "Actual Total Time": 90.558,
                            "Actual Rows": 85941,
                            "Actual Loops": 1,
                            "Output": [
                                "cc.movie_id"
                            ],
                            "Hash Buckets": 131072,
                            "Original Hash Buckets": 16384,
                            "Hash Batches": 1,
                            "Original Hash Batches": 1,
                            "Peak Memory Usage": 4046,
                            "Plans": [
                                {
                                    "Node Type": "Hash Join",
                                    "Parent Relationship": "Outer",
                                    "Parallel Aware": false,
                                    "Join Type": "Inner",
                                    "Startup Cost": 2.12,
                                    "Total Cost": 2996.88,
                                    "Plan Rows": 8443,
                                    "Plan Width": 4,
                                    "Actual Startup Time": 0.263,
                                    "Actual Total Time": 68.563,
                                    "Actual Rows": 85941,
                                    "Actual Loops": 1,
                                    "Output": [
                                        "cc.movie_id"
                                    ],
                                    "Inner Unique": true,
                                    "Hash Cond": "(cc.status_id = cct2.id)",
                                    "Plans": [
                                        {
                                            "Node Type": "Hash Join",
                                            "Parent Relationship": "Outer",
                                            "Parallel Aware": false,
                                            "Join Type": "Inner",
                                            "Startup Cost": 1.06,
                                            "Total Cost": 2813.24,
                                            "Plan Rows": 33772,
                                            "Plan Width": 8,
                                            "Actual Startup Time": 0.162,
                                            "Actual Total Time": 48.63,
                                            "Actual Rows": 85941,
                                            "Actual Loops": 1,
                                            "Output": [
                                                "cc.movie_id",
                                                "cc.status_id"
                                            ],
                                            "Inner Unique": true,
                                            "Hash Cond": "(cc.subject_id = cct1.id)",
                                            "Plans": [
                                                {
                                                    "Node Type": "Seq Scan",
                                                    "Parent Relationship": "Outer",
                                                    "Parallel Aware": false,
                                                    "Relation Name": "complete_cast",
                                                    "Schema": "public",
                                                    "Alias": "cc",
                                                    "Startup Cost": 0.0,
                                                    "Total Cost": 2081.86,
                                                    "Plan Rows": 135086,
                                                    "Plan Width": 12,
                                                    "Actual Startup Time": 0.048,
                                                    "Actual Total Time": 18.877,
                                                    "Actual Rows": 135086,
                                                    "Actual Loops": 1,
                                                    "Output": [
                                                        "cc.id",
                                                        "cc.movie_id",
                                                        "cc.subject_id",
                                                        "cc.status_id"
                                                    ]
                                                },
                                                {
                                                    "Node Type": "Hash",
                                                    "Parent Relationship": "Inner",
                                                    "Parallel Aware": false,
                                                    "Startup Cost": 1.05,
                                                    "Total Cost": 1.05,
                                                    "Plan Rows": 1,
                                                    "Plan Width": 4,
                                                    "Actual Startup Time": 0.042,
                                                    "Actual Total Time": 0.044,
                                                    "Actual Rows": 1,
                                                    "Actual Loops": 1,
                                                    "Output": [
                                                        "cct1.id"
                                                    ],
                                                    "Hash Buckets": 1024,
                                                    "Original Hash Buckets": 1024,
                                                    "Hash Batches": 1,
                                                    "Original Hash Batches": 1,
                                                    "Peak Memory Usage": 9,
                                                    "Plans": [
                                                        {
                                                            "Node Type": "Seq Scan",
                                                            "Parent Relationship": "Outer",
                                                            "Parallel Aware": false,
                                                            "Relation Name": "comp_cast_type",
                                                            "Schema": "public",
                                                            "Alias": "cct1",
                                                            "Startup Cost": 0.0,
                                                            "Total Cost": 1.05,
                                                            "Plan Rows": 1,
                                                            "Plan Width": 4,
                                                            "Actual Startup Time": 0.021,
                                                            "Actual Total Time": 0.025,
                                                            "Actual Rows": 1,
                                                            "Actual Loops": 1,
                                                            "Output": [
                                                                "cct1.id"
                                                            ],
                                                            "Filter": "((cct1.kind)::text = 'cast'::text)",
                                                            "Rows Removed by Filter": 3
                                                        }
                                                    ]
                                                }
                                            ]
                                        },
                                        {
                                            "Node Type": "Hash",
                                            "Parent Relationship": "Inner",
                                            "Parallel Aware": false,
                                            "Startup Cost": 1.05,
                                            "Total Cost": 1.05,
                                            "Plan Rows": 1,
                                            "Plan Width": 4,
                                            "Actual Startup Time": 0.052,
                                            "Actual Total Time": 0.053,
                                            "Actual Rows": 2,
                                            "Actual Loops": 1,
                                            "Output": [
                                                "cct2.id"
                                            ],
                                            "Hash Buckets": 1024,
                                            "Original Hash Buckets": 1024,
                                            "Hash Batches": 1,
                                            "Original Hash Batches": 1,
                                            "Peak Memory Usage": 9,
                                            "Plans": [
                                                {
                                                    "Node Type": "Seq Scan",
                                                    "Parent Relationship": "Outer",
                                                    "Parallel Aware": false,
                                                    "Relation Name": "comp_cast_type",
                                                    "Schema": "public",
                                                    "Alias": "cct2",
                                                    "Startup Cost": 0.0,
                                                    "Total Cost": 1.05,
                                                    "Plan Rows": 1,
                                                    "Plan Width": 4,
                                                    "Actual Startup Time": 0.031,
                                                    "Actual Total Time": 0.035,
                                                    "Actual Rows": 2,
                                                    "Actual Loops": 1,
                                                    "Output": [
                                                        "cct2.id"
                                                    ],
                                                    "Filter": "((cct2.kind)::text ~~ '%complete%'::text)",
                                                    "Rows Removed by Filter": 2
                                                }
                                            ]
                                        }
                                    ]
                                }
                            ]
                        }
                    ]
                }
            ]
        },
        "Planning Time": 1730.976,
        "Triggers": [],
        "Execution Time": 3174.223
    }
]