[
  {
    "Plan": {
      "Node Type": "Aggregate",
      "Strategy": "Plain",
      "Partial Mode": "Finalize",
      "Parallel Aware": false,
      "Startup Cost": 338023.51,
      "Total Cost": 338023.52,
      "Plan Rows": 1,
      "Plan Width": 8,
      "Actual Startup Time": 751.428,
      "Actual Total Time": 797.053,
      "Actual Rows": 1,
      "Actual Loops": 1,
      "Plans": [
        {
          "Node Type": "Gather",
          "Parent Relationship": "Outer",
          "Parallel Aware": false,
          "Startup Cost": 338022.88,
          "Total Cost": 338023.49,
          "Plan Rows": 6,
          "Plan Width": 8,
          "Actual Startup Time": 751.154,
          "Actual Total Time": 797.038,
          "Actual Rows": 7,
          "Actual Loops": 1,
          "Workers Planned": 6,
          "Workers Launched": 6,
          "Single Copy": false,
          "Plans": [
            {
              "Node Type": "Aggregate",
              "Strategy": "Plain",
              "Partial Mode": "Partial",
              "Parent Relationship": "Outer",
              "Parallel Aware": false,
              "Startup Cost": 337022.88,
              "Total Cost": 337022.89,
              "Plan Rows": 1,
              "Plan Width": 8,
              "Actual Startup Time": 743.723,
              "Actual Total Time": 743.724,
              "Actual Rows": 1,
              "Actual Loops": 7,
              "Plans": [
                {
                  "Node Type": "Seq Scan",
                  "Parent Relationship": "Outer",
                  "Parallel Aware": true,
                  "Relation Name": "cast_info",
                  "Alias": "ci",
                  "Startup Cost": 0.0,
                  "Total Cost": 328211.39,
                  "Plan Rows": 3524596,
                  "Plan Width": 0,
                  "Actual Startup Time": 162.072,
                  "Actual Total Time": 604.285,
                  "Actual Rows": 2999788,
                  "Actual Loops": 7,
                  "Filter": "(person_id > 1501418)",
                  "Rows Removed by Filter": 2177975
                }
              ]
            }
          ]
        }
      ]
    },
    "Planning Time": 0.102,
    "Triggers": [],
    "Execution Time": 797.098
  }
]