{
  "Plan": {
    "Node Type": "Aggregate",
    "Strategy": "Plain",
    "Partial Mode": "Finalize",
    "Parallel Aware": false,
    "Startup Cost": 114785.84,
    "Total Cost": 114785.85,
    "Plan Rows": 1,
    "Plan Width": 8,
    "Actual Startup Time": 146.162,
    "Actual Total Time": 156.547,
    "Actual Rows": 1,
    "Actual Loops": 1,
    "Plans": [
      {
        "Node Type": "Gather",
        "Parent Relationship": "Outer",
        "Parallel Aware": false,
        "Startup Cost": 114785.72,
        "Total Cost": 114785.83,
        "Plan Rows": 1,
        "Plan Width": 8,
        "Actual Startup Time": 146.056,
        "Actual Total Time": 156.541,
        "Actual Rows": 2,
        "Actual Loops": 1,
        "Workers Planned": 1,
        "Workers Launched": 1,
        "Single Copy": false,
        "Plans": [
          {
            "Node Type": "Aggregate",
            "Strategy": "Plain",
            "Partial Mode": "Partial",
            "Parent Relationship": "Outer",
            "Parallel Aware": false,
            "Startup Cost": 113785.72,
            "Total Cost": 113785.73,
            "Plan Rows": 1,
            "Plan Width": 8,
            "Actual Startup Time": 140.445,
            "Actual Total Time": 140.447,
            "Actual Rows": 1,
            "Actual Loops": 2,
            "Plans": [
              {
                "Node Type": "Nested Loop",
                "Parent Relationship": "Outer",
                "Parallel Aware": false,
                "Join Type": "Inner",
                "Startup Cost": 0.43,
                "Total Cost": 113754.85,
                "Plan Rows": 12348,
                "Plan Width": 0,
                "Actual Startup Time": 1.012,
                "Actual Total Time": 140.273,
                "Actual Rows": 2778,
                "Actual Loops": 2,
                "Inner Unique": false,
                "Plans": [
                  {
                    "Node Type": "Seq Scan",
                    "Parent Relationship": "Outer",
                    "Parallel Aware": true,
                    "Relation Name": "title",
                    "Alias": "t",
                    "Startup Cost": 0.0,
                    "Total Cost": 58306.47,
                    "Plan Rows": 6901,
                    "Plan Width": 4,
                    "Actual Startup Time": 0.114,
                    "Actual Total Time": 124.999,
                    "Actual Rows": 5307,
                    "Actual Loops": 2,
                    "Filter": "((kind_id = 7) AND (production_year = 1985))",
                    "Rows Removed by Filter": 1258849
                  },
                  {
                    "Node Type": "Index Only Scan",
                    "Parent Relationship": "Inner",
                    "Parallel Aware": false,
                    "Scan Direction": "Forward",
                    "Index Name": "movie_id_movie_keyword",
                    "Relation Name": "movie_keyword",
                    "Alias": "mk",
                    "Startup Cost": 0.43,
                    "Total Cost": 7.58,
                    "Plan Rows": 45,
                    "Plan Width": 4,
                    "Actual Startup Time": 0.002,
                    "Actual Total Time": 0.003,
                    "Actual Rows": 1,
                    "Actual Loops": 10614,
                    "Index Cond": "(movie_id = t.id)",
                    "Rows Removed by Index Recheck": 0,
                    "Heap Fetches": 5557
                  }
                ]
              }
            ]
          }
        ]
      }
    ]
  },
  "Planning Time": 0.217,
  "Triggers": [],
  "Execution Time": 156.589
}