{
  "Plan": {
    "Node Type": "Aggregate",
    "Strategy": "Plain",
    "Partial Mode": "Finalize",
    "Parallel Aware": false,
    "Startup Cost": 1036136.41,
    "Total Cost": 1036136.42,
    "Plan Rows": 1,
    "Plan Width": 8,
    "Actual Startup Time": 8939.262,
    "Actual Total Time": 9026.164,
    "Actual Rows": 1,
    "Actual Loops": 1,
    "Plans": [
      {
        "Node Type": "Gather",
        "Parent Relationship": "Outer",
        "Parallel Aware": false,
        "Startup Cost": 1036136.3,
        "Total Cost": 1036136.41,
        "Plan Rows": 1,
        "Plan Width": 8,
        "Actual Startup Time": 8934.309,
        "Actual Total Time": 9026.153,
        "Actual Rows": 2,
        "Actual Loops": 1,
        "Workers Planned": 1,
        "Workers Launched": 1,
        "Single Copy": false,
        "Plans": [
          {
            "Node Type": "Aggregate",
            "Strategy": "Plain",
            "Partial Mode": "Partial",
            "Parent Relationship": "Outer",
            "Parallel Aware": false,
            "Startup Cost": 1035136.3,
            "Total Cost": 1035136.31,
            "Plan Rows": 1,
            "Plan Width": 8,
            "Actual Startup Time": 8923.141,
            "Actual Total Time": 8923.793,
            "Actual Rows": 1,
            "Actual Loops": 2,
            "Plans": [
              {
                "Node Type": "Hash Join",
                "Parent Relationship": "Outer",
                "Parallel Aware": true,
                "Join Type": "Inner",
                "Startup Cost": 669163.35,
                "Total Cost": 1016446.59,
                "Plan Rows": 7475885,
                "Plan Width": 0,
                "Actual Startup Time": 3540.626,
                "Actual Total Time": 8095.127,
                "Actual Rows": 19381452,
                "Actual Loops": 2,
                "Inner Unique": false,
                "Hash Cond": "(mi.movie_id = t.id)",
                "Plans": [
                  {
                    "Node Type": "Seq Scan",
                    "Parent Relationship": "Outer",
                    "Parallel Aware": true,
                    "Relation Name": "movie_info",
                    "Alias": "mi",
                    "Startup Cost": 0.0,
                    "Total Cost": 248955.74,
                    "Plan Rows": 8696274,
                    "Plan Width": 4,
                    "Actual Startup Time": 0.019,
                    "Actual Total Time": 647.502,
                    "Actual Rows": 7417860,
                    "Actual Loops": 2
                  },
                  {
                    "Node Type": "Hash",
                    "Parent Relationship": "Inner",
                    "Parallel Aware": true,
                    "Startup Cost": 653181.84,
                    "Total Cost": 653181.84,
                    "Plan Rows": 1278521,
                    "Plan Width": 8,
                    "Actual Startup Time": 3515.772,
                    "Actual Total Time": 3516.422,
                    "Actual Rows": 937252,
                    "Actual Loops": 2,
                    "Hash Buckets": 4194304,
                    "Original Hash Buckets": 4194304,
                    "Hash Batches": 1,
                    "Original Hash Batches": 1,
                    "Peak Memory Usage": 106112,
                    "Plans": [
                      {
                        "Node Type": "Hash Join",
                        "Parent Relationship": "Outer",
                        "Parallel Aware": true,
                        "Join Type": "Inner",
                        "Startup Cost": 61539.86,
                        "Total Cost": 653181.84,
                        "Plan Rows": 1278521,
                        "Plan Width": 8,
                        "Actual Startup Time": 826.21,
                        "Actual Total Time": 3183.707,
                        "Actual Rows": 937252,
                        "Actual Loops": 2,
                        "Inner Unique": true,
                        "Hash Cond": "(ci.movie_id = t.id)",
                        "Plans": [
                          {
                            "Node Type": "Seq Scan",
                            "Parent Relationship": "Outer",
                            "Parallel Aware": true,
                            "Relation Name": "cast_info",
                            "Alias": "ci",
                            "Startup Cost": 0.0,
                            "Total Cost": 572345.93,
                            "Plan Rows": 7350864,
                            "Plan Width": 4,
                            "Actual Startup Time": 578.31,
                            "Actual Total Time": 1755.682,
                            "Actual Rows": 5142772,
                            "Actual Loops": 2,
                            "Filter": "((person_id > 1714298) AND (role_id < 4))",
                            "Rows Removed by Filter": 12979400
                          },
                          {
                            "Node Type": "Hash",
                            "Parent Relationship": "Inner",
                            "Parallel Aware": true,
                            "Startup Cost": 58306.47,
                            "Total Cost": 58306.47,
                            "Plan Rows": 258671,
                            "Plan Width": 4,
                            "Actual Startup Time": 246.193,
                            "Actual Total Time": 246.194,
                            "Actual Rows": 268430,
                            "Actual Loops": 2,
                            "Hash Buckets": 1048576,
                            "Original Hash Buckets": 524288,
                            "Hash Batches": 1,
                            "Original Hash Batches": 1,
                            "Peak Memory Usage": 33312,
                            "Plans": [
                              {
                                "Node Type": "Seq Scan",
                                "Parent Relationship": "Outer",
                                "Parallel Aware": true,
                                "Relation Name": "title",
                                "Alias": "t",
                                "Startup Cost": 0.0,
                                "Total Cost": 58306.47,
                                "Plan Rows": 258671,
                                "Plan Width": 4,
                                "Actual Startup Time": 0.034,
                                "Actual Total Time": 163.073,
                                "Actual Rows": 268430,
                                "Actual Loops": 2,
                                "Filter": "((kind_id < 7) AND (production_year < 2002))",
                                "Rows Removed by Filter": 995726
                              }
                            ]
                          }
                        ]
                      }
                    ]
                  }
                ]
              }
            ]
          }
        ]
      }
    ]
  },
  "Planning Time": 1.021,
  "Triggers": [],
  "Execution Time": 9026.269
}