{
  "Plan": {
    "Node Type": "Aggregate",
    "Strategy": "Plain",
    "Partial Mode": "Finalize",
    "Parallel Aware": false,
    "Startup Cost": 65703.33,
    "Total Cost": 65703.34,
    "Plan Rows": 1,
    "Plan Width": 8,
    "Actual Startup Time": 295.818,
    "Actual Total Time": 306.893,
    "Actual Rows": 1,
    "Actual Loops": 1,
    "Plans": [
      {
        "Node Type": "Gather",
        "Parent Relationship": "Outer",
        "Parallel Aware": false,
        "Startup Cost": 65703.22,
        "Total Cost": 65703.33,
        "Plan Rows": 1,
        "Plan Width": 8,
        "Actual Startup Time": 295.676,
        "Actual Total Time": 306.884,
        "Actual Rows": 2,
        "Actual Loops": 1,
        "Workers Planned": 1,
        "Workers Launched": 1,
        "Single Copy": false,
        "Plans": [
          {
            "Node Type": "Aggregate",
            "Strategy": "Plain",
            "Partial Mode": "Partial",
            "Parent Relationship": "Outer",
            "Parallel Aware": false,
            "Startup Cost": 64703.22,
            "Total Cost": 64703.23,
            "Plan Rows": 1,
            "Plan Width": 8,
            "Actual Startup Time": 289.609,
            "Actual Total Time": 289.613,
            "Actual Rows": 1,
            "Actual Loops": 2,
            "Plans": [
              {
                "Node Type": "Hash Join",
                "Parent Relationship": "Outer",
                "Parallel Aware": false,
                "Join Type": "Inner",
                "Startup Cost": 2739.7,
                "Total Cost": 64702.96,
                "Plan Rows": 103,
                "Plan Width": 0,
                "Actual Startup Time": 69.717,
                "Actual Total Time": 289.128,
                "Actual Rows": 9644,
                "Actual Loops": 2,
                "Inner Unique": false,
                "Hash Cond": "(mk.movie_id = t.id)",
                "Plans": [
                  {
                    "Node Type": "Seq Scan",
                    "Parent Relationship": "Outer",
                    "Parallel Aware": true,
                    "Relation Name": "movie_keyword",
                    "Alias": "mk",
                    "Startup Cost": 0.0,
                    "Total Cost": 57718.19,
                    "Plan Rows": 1131744,
                    "Plan Width": 4,
                    "Actual Startup Time": 1.977,
                    "Actual Total Time": 216.761,
                    "Actual Rows": 963549,
                    "Actual Loops": 2,
                    "Filter": "(keyword_id > 6941)",
                    "Rows Removed by Filter": 1298416
                  },
                  {
                    "Node Type": "Hash",
                    "Parent Relationship": "Inner",
                    "Parallel Aware": false,
                    "Startup Cost": 2736.83,
                    "Total Cost": 2736.83,
                    "Plan Rows": 230,
                    "Plan Width": 8,
                    "Actual Startup Time": 8.576,
                    "Actual Total Time": 8.579,
                    "Actual Rows": 260,
                    "Actual Loops": 2,
                    "Hash Buckets": 1024,
                    "Original Hash Buckets": 1024,
                    "Hash Batches": 1,
                    "Original Hash Batches": 1,
                    "Peak Memory Usage": 19,
                    "Plans": [
                      {
                        "Node Type": "Nested Loop",
                        "Parent Relationship": "Outer",
                        "Parallel Aware": false,
                        "Join Type": "Inner",
                        "Startup Cost": 6.64,
                        "Total Cost": 2736.83,
                        "Plan Rows": 230,
                        "Plan Width": 8,
                        "Actual Startup Time": 0.34,
                        "Actual Total Time": 8.261,
                        "Actual Rows": 260,
                        "Actual Loops": 2,
                        "Inner Unique": true,
                        "Plans": [
                          {
                            "Node Type": "Bitmap Heap Scan",
                            "Parent Relationship": "Outer",
                            "Parallel Aware": false,
                            "Relation Name": "movie_info_idx",
                            "Alias": "mi_idx",
                            "Startup Cost": 6.21,
                            "Total Cost": 801.9,
                            "Plan Rows": 230,
                            "Plan Width": 4,
                            "Actual Startup Time": 0.189,
                            "Actual Total Time": 0.298,
                            "Actual Rows": 260,
                            "Actual Loops": 2,
                            "Recheck Cond": "(info_type_id > 101)",
                            "Rows Removed by Index Recheck": 0,
                            "Exact Heap Blocks": 2,
                            "Lossy Heap Blocks": 0,
                            "Plans": [
                              {
                                "Node Type": "Bitmap Index Scan",
                                "Parent Relationship": "Outer",
                                "Parallel Aware": false,
                                "Index Name": "info_type_id_movie_info_idx",
                                "Startup Cost": 0.0,
                                "Total Cost": 6.15,
                                "Plan Rows": 230,
                                "Plan Width": 0,
                                "Actual Startup Time": 0.14,
                                "Actual Total Time": 0.141,
                                "Actual Rows": 260,
                                "Actual Loops": 2,
                                "Index Cond": "(info_type_id > 101)"
                              }
                            ]
                          },
                          {
                            "Node Type": "Index Only Scan",
                            "Parent Relationship": "Inner",
                            "Parallel Aware": false,
                            "Scan Direction": "Forward",
                            "Index Name": "title_pkey",
                            "Relation Name": "title",
                            "Alias": "t",
                            "Startup Cost": 0.43,
                            "Total Cost": 8.41,
                            "Plan Rows": 1,
                            "Plan Width": 4,
                            "Actual Startup Time": 0.029,
                            "Actual Total Time": 0.029,
                            "Actual Rows": 1,
                            "Actual Loops": 520,
                            "Index Cond": "(id = mi_idx.movie_id)",
                            "Rows Removed by Index Recheck": 0,
                            "Heap Fetches": 520
                          }
                        ]
                      }
                    ]
                  }
                ]
              }
            ]
          }
        ]
      }
    ]
  },
  "Planning Time": 1.089,
  "Triggers": [],
  "Execution Time": 306.998
}