[
  {
    "Plan": {
      "Node Type": "Aggregate",
      "Strategy": "Plain",
      "Partial Mode": "Finalize",
      "Parallel Aware": false,
      "Startup Cost": 436781.43,
      "Total Cost": 436781.44,
      "Plan Rows": 1,
      "Plan Width": 8,
      "Actual Startup Time": 2553.846,
      "Actual Total Time": 2621.282,
      "Actual Rows": 1,
      "Actual Loops": 1,
      "Plans": [
        {
          "Node Type": "Gather",
          "Parent Relationship": "Outer",
          "Parallel Aware": false,
          "Startup Cost": 436780.81,
          "Total Cost": 436781.42,
          "Plan Rows": 6,
          "Plan Width": 8,
          "Actual Startup Time": 2530.19,
          "Actual Total Time": 2621.271,
          "Actual Rows": 7,
          "Actual Loops": 1,
          "Workers Planned": 6,
          "Workers Launched": 6,
          "Single Copy": false,
          "Plans": [
            {
              "Node Type": "Aggregate",
              "Strategy": "Plain",
              "Partial Mode": "Partial",
              "Parent Relationship": "Outer",
              "Parallel Aware": false,
              "Startup Cost": 435780.81,
              "Total Cost": 435780.82,
              "Plan Rows": 1,
              "Plan Width": 8,
              "Actual Startup Time": 2520.085,
              "Actual Total Time": 2520.093,
              "Actual Rows": 1,
              "Actual Loops": 7,
              "Plans": [
                {
                  "Node Type": "Hash Join",
                  "Parent Relationship": "Outer",
                  "Parallel Aware": true,
                  "Join Type": "Inner",
                  "Startup Cost": 92717.13,
                  "Total Cost": 432593.55,
                  "Plan Rows": 1274902,
                  "Plan Width": 0,
                  "Actual Startup Time": 468.556,
                  "Actual Total Time": 2329.588,
                  "Actual Rows": 3881340,
                  "Actual Loops": 7,
                  "Inner Unique": false,
                  "Hash Cond": "(ci.movie_id = t.id)",
                  "Plans": [
                    {
                      "Node Type": "Seq Scan",
                      "Parent Relationship": "Outer",
                      "Parallel Aware": true,
                      "Relation Name": "cast_info",
                      "Alias": "ci",
                      "Startup Cost": 0.0,
                      "Total Cost": 313106.51,
                      "Plan Rows": 6041951,
                      "Plan Width": 4,
                      "Actual Startup Time": 0.053,
                      "Actual Total Time": 616.104,
                      "Actual Rows": 5177763,
                      "Actual Loops": 7
                    },
                    {
                      "Node Type": "Hash",
                      "Parent Relationship": "Inner",
                      "Parallel Aware": true,
                      "Startup Cost": 90565.85,
                      "Total Cost": 90565.85,
                      "Plan Rows": 172103,
                      "Plan Width": 8,
                      "Actual Startup Time": 466.246,
                      "Actual Total Time": 466.252,
                      "Actual Rows": 79305,
                      "Actual Loops": 7,
                      "Hash Buckets": 1048576,
                      "Original Hash Buckets": 1048576,
                      "Hash Batches": 1,
                      "Original Hash Batches": 1,
                      "Peak Memory Usage": 30048,
                      "Plans": [
                        {
                          "Node Type": "Hash Join",
                          "Parent Relationship": "Outer",
                          "Parallel Aware": true,
                          "Join Type": "Inner",
                          "Startup Cost": 63351.88,
                          "Total Cost": 90565.85,
                          "Plan Rows": 172103,
                          "Plan Width": 8,
                          "Actual Startup Time": 346.252,
                          "Actual Total Time": 434.006,
                          "Actual Rows": 79305,
                          "Actual Loops": 7,
                          "Inner Unique": true,
                          "Hash Cond": "(mk.movie_id = t.id)",
                          "Plans": [
                            {
                              "Node Type": "Bitmap Heap Scan",
                              "Parent Relationship": "Outer",
                              "Parallel Aware": true,
                              "Relation Name": "movie_keyword",
                              "Alias": "mk",
                              "Startup Cost": 12000.44,
                              "Total Cost": 38735.4,
                              "Plan Rows": 182477,
                              "Plan Width": 4,
                              "Actual Startup Time": 41.384,
                              "Actual Total Time": 91.516,
                              "Actual Rows": 80727,
                              "Actual Loops": 7,
                              "Recheck Cond": "(keyword_id > 32530)",
                              "Rows Removed by Index Recheck": 0,
                              "Exact Heap Blocks": 3419,
                              "Lossy Heap Blocks": 0,
                              "Plans": [
                                {
                                  "Node Type": "Bitmap Index Scan",
                                  "Parent Relationship": "Outer",
                                  "Parallel Aware": false,
                                  "Index Name": "keyword_id_movie_keyword",
                                  "Startup Cost": 0.0,
                                  "Total Cost": 11859.02,
                                  "Plan Rows": 565678,
                                  "Plan Width": 0,
                                  "Actual Startup Time": 37.743,
                                  "Actual Total Time": 37.743,
                                  "Actual Rows": 565087,
                                  "Actual Loops": 1,
                                  "Index Cond": "(keyword_id > 32530)"
                                }
                              ]
                            },
                            {
                              "Node Type": "Hash",
                              "Parent Relationship": "Inner",
                              "Parallel Aware": true,
                              "Startup Cost": 43899.32,
                              "Total Cost": 43899.32,
                              "Plan Rows": 596170,
                              "Plan Width": 4,
                              "Actual Startup Time": 299.549,
                              "Actual Total Time": 299.551,
                              "Actual Rows": 341268,
                              "Actual Loops": 7,
                              "Hash Buckets": 4194304,
                              "Original Hash Buckets": 4194304,
                              "Hash Batches": 1,
                              "Original Hash Batches": 1,
                              "Peak Memory Usage": 126336,
                              "Plans": [
                                {
                                  "Node Type": "Seq Scan",
                                  "Parent Relationship": "Outer",
                                  "Parallel Aware": true,
                                  "Relation Name": "title",
                                  "Alias": "t",
                                  "Startup Cost": 0.0,
                                  "Total Cost": 43899.32,
                                  "Plan Rows": 596170,
                                  "Plan Width": 4,
                                  "Actual Startup Time": 0.067,
                                  "Actual Total Time": 93.839,
                                  "Actual Rows": 341268,
                                  "Actual Loops": 7,
                                  "Filter": "(production_year < 2013)",
                                  "Rows Removed by Filter": 19919
                                }
                              ]
                            }
                          ]
                        }
                      ]
                    }
                  ]
                }
              ]
            }
          ]
        }
      ]
    },
    "Planning Time": 0.588,
    "Triggers": [],
    "Execution Time": 2621.399
  }
]