[
  {
    "Plan": {
      "Node Type": "Aggregate",
      "Strategy": "Plain",
      "Partial Mode": "Finalize",
      "Parallel Aware": false,
      "Startup Cost": 437178.65,
      "Total Cost": 437178.66,
      "Plan Rows": 1,
      "Plan Width": 8,
      "Actual Startup Time": 2382.901,
      "Actual Total Time": 2450.706,
      "Actual Rows": 1,
      "Actual Loops": 1,
      "Plans": [
        {
          "Node Type": "Gather",
          "Parent Relationship": "Outer",
          "Parallel Aware": false,
          "Startup Cost": 437178.03,
          "Total Cost": 437178.64,
          "Plan Rows": 6,
          "Plan Width": 8,
          "Actual Startup Time": 2353.197,
          "Actual Total Time": 2450.694,
          "Actual Rows": 7,
          "Actual Loops": 1,
          "Workers Planned": 6,
          "Workers Launched": 6,
          "Single Copy": false,
          "Plans": [
            {
              "Node Type": "Aggregate",
              "Strategy": "Plain",
              "Partial Mode": "Partial",
              "Parent Relationship": "Outer",
              "Parallel Aware": false,
              "Startup Cost": 436178.03,
              "Total Cost": 436178.04,
              "Plan Rows": 1,
              "Plan Width": 8,
              "Actual Startup Time": 2341.547,
              "Actual Total Time": 2341.655,
              "Actual Rows": 1,
              "Actual Loops": 7,
              "Plans": [
                {
                  "Node Type": "Hash Join",
                  "Parent Relationship": "Outer",
                  "Parallel Aware": true,
                  "Join Type": "Inner",
                  "Startup Cost": 93032.13,
                  "Total Cost": 432931.16,
                  "Plan Rows": 1298749,
                  "Plan Width": 0,
                  "Actual Startup Time": 425.706,
                  "Actual Total Time": 2159.44,
                  "Actual Rows": 3881340,
                  "Actual Loops": 7,
                  "Inner Unique": false,
                  "Hash Cond": "(ci.movie_id = t.id)",
                  "Plans": [
                    {
                      "Node Type": "Seq Scan",
                      "Parent Relationship": "Outer",
                      "Parallel Aware": true,
                      "Relation Name": "cast_info",
                      "Alias": "ci",
                      "Startup Cost": 0.0,
                      "Total Cost": 313067.02,
                      "Plan Rows": 6038002,
                      "Plan Width": 4,
                      "Actual Startup Time": 0.026,
                      "Actual Total Time": 579.251,
                      "Actual Rows": 5177763,
                      "Actual Loops": 7
                    },
                    {
                      "Node Type": "Hash",
                      "Parent Relationship": "Inner",
                      "Parallel Aware": true,
                      "Startup Cost": 90839.29,
                      "Total Cost": 90839.29,
                      "Plan Rows": 175427,
                      "Plan Width": 8,
                      "Actual Startup Time": 422.399,
                      "Actual Total Time": 422.505,
                      "Actual Rows": 79305,
                      "Actual Loops": 7,
                      "Hash Buckets": 1048576,
                      "Original Hash Buckets": 1048576,
                      "Hash Batches": 1,
                      "Original Hash Batches": 1,
                      "Peak Memory Usage": 30048,
                      "Plans": [
                        {
                          "Node Type": "Hash Join",
                          "Parent Relationship": "Outer",
                          "Parallel Aware": true,
                          "Join Type": "Inner",
                          "Startup Cost": 63575.63,
                          "Total Cost": 90839.29,
                          "Plan Rows": 175427,
                          "Plan Width": 8,
                          "Actual Startup Time": 304.521,
                          "Actual Total Time": 388.943,
                          "Actual Rows": 79305,
                          "Actual Loops": 7,
                          "Inner Unique": true,
                          "Hash Cond": "(mk.movie_id = t.id)",
                          "Plans": [
                            {
                              "Node Type": "Bitmap Heap Scan",
                              "Parent Relationship": "Outer",
                              "Parallel Aware": true,
                              "Relation Name": "movie_keyword",
                              "Alias": "mk",
                              "Startup Cost": 12215.39,
                              "Total Cost": 38991.42,
                              "Plan Rows": 185763,
                              "Plan Width": 4,
                              "Actual Startup Time": 35.013,
                              "Actual Total Time": 84.397,
                              "Actual Rows": 80727,
                              "Actual Loops": 7,
                              "Recheck Cond": "(keyword_id > 32530)",
                              "Rows Removed by Index Recheck": 0,
                              "Exact Heap Blocks": 4562,
                              "Lossy Heap Blocks": 0,
                              "Plans": [
                                {
                                  "Node Type": "Bitmap Index Scan",
                                  "Parent Relationship": "Outer",
                                  "Parallel Aware": false,
                                  "Index Name": "keyword_id_movie_keyword",
                                  "Startup Cost": 0.0,
                                  "Total Cost": 12071.42,
                                  "Plan Rows": 575865,
                                  "Plan Width": 0,
                                  "Actual Startup Time": 31.401,
                                  "Actual Total Time": 31.401,
                                  "Actual Rows": 565087,
                                  "Actual Loops": 1,
                                  "Index Cond": "(keyword_id > 32530)"
                                }
                              ]
                            },
                            {
                              "Node Type": "Hash",
                              "Parent Relationship": "Inner",
                              "Parallel Aware": true,
                              "Startup Cost": 43898.92,
                              "Total Cost": 43898.92,
                              "Plan Rows": 596906,
                              "Plan Width": 4,
                              "Actual Startup Time": 265.221,
                              "Actual Total Time": 265.222,
                              "Actual Rows": 341268,
                              "Actual Loops": 7,
                              "Hash Buckets": 4194304,
                              "Original Hash Buckets": 4194304,
                              "Hash Batches": 1,
                              "Original Hash Batches": 1,
                              "Peak Memory Usage": 126272,
                              "Plans": [
                                {
                                  "Node Type": "Seq Scan",
                                  "Parent Relationship": "Outer",
                                  "Parallel Aware": true,
                                  "Relation Name": "title",
                                  "Alias": "t",
                                  "Startup Cost": 0.0,
                                  "Total Cost": 43898.92,
                                  "Plan Rows": 596906,
                                  "Plan Width": 4,
                                  "Actual Startup Time": 0.05,
                                  "Actual Total Time": 87.316,
                                  "Actual Rows": 341268,
                                  "Actual Loops": 7,
                                  "Filter": "(production_year < 2013)",
                                  "Rows Removed by Filter": 19919
                                }
                              ]
                            }
                          ]
                        }
                      ]
                    }
                  ]
                }
              ]
            }
          ]
        }
      ]
    },
    "Planning Time": 1.265,
    "Triggers": [],
    "Execution Time": 2450.827
  }
]