[
  {
    "Plan": {
      "Node Type": "Aggregate",
      "Strategy": "Plain",
      "Partial Mode": "Finalize",
      "Parallel Aware": false,
      "Startup Cost": 46473.52,
      "Total Cost": 46473.53,
      "Plan Rows": 1,
      "Plan Width": 8,
      "Actual Startup Time": 148.149,
      "Actual Total Time": 159.852,
      "Actual Rows": 1,
      "Actual Loops": 1,
      "Plans": [
        {
          "Node Type": "Gather",
          "Parent Relationship": "Outer",
          "Parallel Aware": false,
          "Startup Cost": 46473.2,
          "Total Cost": 46473.51,
          "Plan Rows": 3,
          "Plan Width": 8,
          "Actual Startup Time": 147.904,
          "Actual Total Time": 159.843,
          "Actual Rows": 4,
          "Actual Loops": 1,
          "Workers Planned": 3,
          "Workers Launched": 3,
          "Single Copy": false,
          "Plans": [
            {
              "Node Type": "Aggregate",
              "Strategy": "Plain",
              "Partial Mode": "Partial",
              "Parent Relationship": "Outer",
              "Parallel Aware": false,
              "Startup Cost": 45473.2,
              "Total Cost": 45473.21,
              "Plan Rows": 1,
              "Plan Width": 8,
              "Actual Startup Time": 144.305,
              "Actual Total Time": 144.306,
              "Actual Rows": 1,
              "Actual Loops": 4,
              "Plans": [
                {
                  "Node Type": "Seq Scan",
                  "Parent Relationship": "Outer",
                  "Parallel Aware": true,
                  "Relation Name": "movie_keyword",
                  "Alias": "mk",
                  "Startup Cost": 0.0,
                  "Total Cost": 42695.65,
                  "Plan Rows": 1111019,
                  "Plan Width": 0,
                  "Actual Startup Time": 0.03,
                  "Actual Total Time": 109.558,
                  "Actual Rows": 861908,
                  "Actual Loops": 4,
                  "Filter": "(keyword_id < 16420)",
                  "Rows Removed by Filter": 269074
                }
              ]
            }
          ]
        }
      ]
    },
    "Planning Time": 0.101,
    "Triggers": [],
    "Execution Time": 159.884
  }
]