[
  {
    "Plan": {
      "Node Type": "Aggregate",
      "Strategy": "Plain",
      "Partial Mode": "Finalize",
      "Parallel Aware": false,
      "Startup Cost": 309594.69,
      "Total Cost": 309594.7,
      "Plan Rows": 1,
      "Plan Width": 8,
      "Actual Startup Time": 1734.872,
      "Actual Total Time": 1777.526,
      "Actual Rows": 1,
      "Actual Loops": 1,
      "Plans": [
        {
          "Node Type": "Gather",
          "Parent Relationship": "Outer",
          "Parallel Aware": false,
          "Startup Cost": 309594.17,
          "Total Cost": 309594.68,
          "Plan Rows": 5,
          "Plan Width": 8,
          "Actual Startup Time": 1723.221,
          "Actual Total Time": 1777.512,
          "Actual Rows": 6,
          "Actual Loops": 1,
          "Workers Planned": 5,
          "Workers Launched": 5,
          "Single Copy": false,
          "Plans": [
            {
              "Node Type": "Aggregate",
              "Strategy": "Plain",
              "Partial Mode": "Partial",
              "Parent Relationship": "Outer",
              "Parallel Aware": false,
              "Startup Cost": 308594.17,
              "Total Cost": 308594.18,
              "Plan Rows": 1,
              "Plan Width": 8,
              "Actual Startup Time": 1714.933,
              "Actual Total Time": 1715.027,
              "Actual Rows": 1,
              "Actual Loops": 6,
              "Plans": [
                {
                  "Node Type": "Hash Join",
                  "Parent Relationship": "Outer",
                  "Parallel Aware": true,
                  "Join Type": "Inner",
                  "Startup Cost": 95626.45,
                  "Total Cost": 306804.36,
                  "Plan Rows": 715923,
                  "Plan Width": 0,
                  "Actual Startup Time": 488.342,
                  "Actual Total Time": 1515.023,
                  "Actual Rows": 4461546,
                  "Actual Loops": 6,
                  "Inner Unique": false,
                  "Hash Cond": "(mi.movie_id = t.id)",
                  "Plans": [
                    {
                      "Node Type": "Seq Scan",
                      "Parent Relationship": "Outer",
                      "Parallel Aware": true,
                      "Relation Name": "movie_info",
                      "Alias": "mi",
                      "Startup Cost": 0.0,
                      "Total Cost": 199108.24,
                      "Plan Rows": 2602732,
                      "Plan Width": 4,
                      "Actual Startup Time": 0.034,
                      "Actual Total Time": 389.464,
                      "Actual Rows": 2161681,
                      "Actual Loops": 6,
                      "Filter": "(info_type_id < 18)",
                      "Rows Removed by Filter": 310939
                    },
                    {
                      "Node Type": "Hash",
                      "Parent Relationship": "Inner",
                      "Parallel Aware": true,
                      "Startup Cost": 92822.09,
                      "Total Cost": 92822.09,
                      "Plan Rows": 224349,
                      "Plan Width": 8,
                      "Actual Startup Time": 485.429,
                      "Actual Total Time": 485.521,
                      "Actual Rows": 115538,
                      "Actual Loops": 6,
                      "Hash Buckets": 1048576,
                      "Original Hash Buckets": 1048576,
                      "Hash Batches": 1,
                      "Original Hash Batches": 1,
                      "Peak Memory Usage": 35392,
                      "Plans": [
                        {
                          "Node Type": "Hash Join",
                          "Parent Relationship": "Outer",
                          "Parallel Aware": true,
                          "Join Type": "Inner",
                          "Startup Cost": 64974.81,
                          "Total Cost": 92822.09,
                          "Plan Rows": 224349,
                          "Plan Width": 8,
                          "Actual Startup Time": 339.992,
                          "Actual Total Time": 436.325,
                          "Actual Rows": 115538,
                          "Actual Loops": 6,
                          "Inner Unique": true,
                          "Hash Cond": "(mk.movie_id = t.id)",
                          "Plans": [
                            {
                              "Node Type": "Bitmap Heap Scan",
                              "Parent Relationship": "Outer",
                              "Parallel Aware": true,
                              "Relation Name": "movie_keyword",
                              "Alias": "mk",
                              "Startup Cost": 14754.43,
                              "Total Cost": 42012.79,
                              "Plan Rows": 224349,
                              "Plan Width": 4,
                              "Actual Startup Time": 42.282,
                              "Actual Total Time": 94.807,
                              "Actual Rows": 115538,
                              "Actual Loops": 6,
                              "Recheck Cond": "(keyword_id > 27159)",
                              "Rows Removed by Index Recheck": 0,
                              "Exact Heap Blocks": 5305,
                              "Lossy Heap Blocks": 0,
                              "Plans": [
                                {
                                  "Node Type": "Bitmap Index Scan",
                                  "Parent Relationship": "Outer",
                                  "Parallel Aware": false,
                                  "Index Name": "keyword_id_movie_keyword",
                                  "Startup Cost": 0.0,
                                  "Total Cost": 14580.56,
                                  "Plan Rows": 695483,
                                  "Plan Width": 0,
                                  "Actual Startup Time": 38.751,
                                  "Actual Total Time": 38.752,
                                  "Actual Rows": 693230,
                                  "Actual Loops": 1,
                                  "Index Cond": "(keyword_id > 27159)"
                                }
                              ]
                            },
                            {
                              "Node Type": "Hash",
                              "Parent Relationship": "Inner",
                              "Parallel Aware": true,
                              "Startup Cost": 42319.06,
                              "Total Cost": 42319.06,
                              "Plan Rows": 632106,
                              "Plan Width": 4,
                              "Actual Startup Time": 292.484,
                              "Actual Total Time": 292.485,
                              "Actual Rows": 421385,
                              "Actual Loops": 6,
                              "Hash Buckets": 4194304,
                              "Original Hash Buckets": 4194304,
                              "Hash Batches": 1,
                              "Original Hash Batches": 1,
                              "Peak Memory Usage": 131744,
                              "Plans": [
                                {
                                  "Node Type": "Seq Scan",
                                  "Parent Relationship": "Outer",
                                  "Parallel Aware": true,
                                  "Relation Name": "title",
                                  "Alias": "t",
                                  "Startup Cost": 0.0,
                                  "Total Cost": 42319.06,
                                  "Plan Rows": 632106,
                                  "Plan Width": 4,
                                  "Actual Startup Time": 0.047,
                                  "Actual Total Time": 83.689,
                                  "Actual Rows": 421385,
                                  "Actual Loops": 6
                                }
                              ]
                            }
                          ]
                        }
                      ]
                    }
                  ]
                }
              ]
            }
          ]
        }
      ]
    },
    "Planning Time": 0.451,
    "Triggers": [],
    "Execution Time": 1777.649
  }
]