[
  {
    "Plan": {
      "Node Type": "Aggregate",
      "Strategy": "Plain",
      "Partial Mode": "Finalize",
      "Parallel Aware": false,
      "Startup Cost": 298619.47,
      "Total Cost": 298619.48,
      "Plan Rows": 1,
      "Plan Width": 8,
      "Actual Startup Time": 696.739,
      "Actual Total Time": 776.014,
      "Actual Rows": 1,
      "Actual Loops": 1,
      "Plans": [
        {
          "Node Type": "Gather",
          "Parent Relationship": "Outer",
          "Parallel Aware": false,
          "Startup Cost": 298618.95,
          "Total Cost": 298619.46,
          "Plan Rows": 5,
          "Plan Width": 8,
          "Actual Startup Time": 695.264,
          "Actual Total Time": 776.004,
          "Actual Rows": 6,
          "Actual Loops": 1,
          "Workers Planned": 5,
          "Workers Launched": 5,
          "Single Copy": false,
          "Plans": [
            {
              "Node Type": "Aggregate",
              "Strategy": "Plain",
              "Partial Mode": "Partial",
              "Parent Relationship": "Outer",
              "Parallel Aware": false,
              "Startup Cost": 297618.95,
              "Total Cost": 297618.96,
              "Plan Rows": 1,
              "Plan Width": 8,
              "Actual Startup Time": 684.554,
              "Actual Total Time": 684.558,
              "Actual Rows": 1,
              "Actual Loops": 6,
              "Plans": [
                {
                  "Node Type": "Nested Loop",
                  "Parent Relationship": "Outer",
                  "Parallel Aware": false,
                  "Join Type": "Inner",
                  "Startup Cost": 45850.73,
                  "Total Cost": 296839.62,
                  "Plan Rows": 311730,
                  "Plan Width": 0,
                  "Actual Startup Time": 106.577,
                  "Actual Total Time": 676.674,
                  "Actual Rows": 137004,
                  "Actual Loops": 6,
                  "Inner Unique": false,
                  "Join Filter": "(t.id = ci.movie_id)",
                  "Rows Removed by Join Filter": 0,
                  "Plans": [
                    {
                      "Node Type": "Hash Join",
                      "Parent Relationship": "Outer",
                      "Parallel Aware": true,
                      "Join Type": "Inner",
                      "Startup Cost": 45850.16,
                      "Total Cost": 246018.28,
                      "Plan Rows": 21755,
                      "Plan Width": 8,
                      "Actual Startup Time": 106.467,
                      "Actual Total Time": 417.515,
                      "Actual Rows": 4904,
                      "Actual Loops": 6,
                      "Inner Unique": true,
                      "Hash Cond": "(mi.movie_id = t.id)",
                      "Plans": [
                        {
                          "Node Type": "Seq Scan",
                          "Parent Relationship": "Outer",
                          "Parallel Aware": true,
                          "Relation Name": "movie_info",
                          "Alias": "mi",
                          "Startup Cost": 0.0,
                          "Total Cost": 198952.16,
                          "Plan Rows": 463221,
                          "Plan Width": 4,
                          "Actual Startup Time": 16.174,
                          "Actual Total Time": 280.468,
                          "Actual Rows": 372308,
                          "Actual Loops": 6,
                          "Filter": "(info_type_id > 16)",
                          "Rows Removed by Filter": 2100312
                        },
                        {
                          "Node Type": "Hash",
                          "Parent Relationship": "Inner",
                          "Parallel Aware": true,
                          "Startup Cost": 45479.1,
                          "Total Cost": 45479.1,
                          "Plan Rows": 29685,
                          "Plan Width": 4,
                          "Actual Startup Time": 88.735,
                          "Actual Total Time": 88.736,
                          "Actual Rows": 20791,
                          "Actual Loops": 6,
                          "Hash Buckets": 131072,
                          "Original Hash Buckets": 131072,
                          "Hash Batches": 1,
                          "Original Hash Batches": 1,
                          "Peak Memory Usage": 6016,
                          "Plans": [
                            {
                              "Node Type": "Seq Scan",
                              "Parent Relationship": "Outer",
                              "Parallel Aware": true,
                              "Relation Name": "title",
                              "Alias": "t",
                              "Startup Cost": 0.0,
                              "Total Cost": 45479.1,
                              "Plan Rows": 29685,
                              "Plan Width": 4,
                              "Actual Startup Time": 0.043,
                              "Actual Total Time": 79.766,
                              "Actual Rows": 20791,
                              "Actual Loops": 6,
                              "Filter": "((kind_id > 1) AND (production_year = 2012))",
                              "Rows Removed by Filter": 400594
                            }
                          ]
                        }
                      ]
                    },
                    {
                      "Node Type": "Index Only Scan",
                      "Parent Relationship": "Inner",
                      "Parallel Aware": false,
                      "Scan Direction": "Forward",
                      "Index Name": "movie_id_cast_info",
                      "Relation Name": "cast_info",
                      "Alias": "ci",
                      "Startup Cost": 0.56,
                      "Total Cost": 1.87,
                      "Plan Rows": 37,
                      "Plan Width": 4,
                      "Actual Startup Time": 0.009,
                      "Actual Total Time": 0.05,
                      "Actual Rows": 28,
                      "Actual Loops": 29425,
                      "Index Cond": "(movie_id = mi.movie_id)",
                      "Rows Removed by Index Recheck": 0,
                      "Heap Fetches": 822022
                    }
                  ]
                }
              ]
            }
          ]
        }
      ]
    },
    "Planning Time": 1.416,
    "Triggers": [],
    "Execution Time": 776.124
  }
]