[
  {
    "Plan": {
      "Node Type": "Aggregate",
      "Strategy": "Plain",
      "Partial Mode": "Finalize",
      "Parallel Aware": false,
      "Startup Cost": 318311.04,
      "Total Cost": 318311.05,
      "Plan Rows": 1,
      "Plan Width": 8,
      "Actual Startup Time": 1320.375,
      "Actual Total Time": 1362.73,
      "Actual Rows": 1,
      "Actual Loops": 1,
      "Plans": [
        {
          "Node Type": "Gather",
          "Parent Relationship": "Outer",
          "Parallel Aware": false,
          "Startup Cost": 318310.52,
          "Total Cost": 318311.03,
          "Plan Rows": 5,
          "Plan Width": 8,
          "Actual Startup Time": 1308.242,
          "Actual Total Time": 1362.72,
          "Actual Rows": 6,
          "Actual Loops": 1,
          "Workers Planned": 5,
          "Workers Launched": 5,
          "Single Copy": false,
          "Plans": [
            {
              "Node Type": "Aggregate",
              "Strategy": "Plain",
              "Partial Mode": "Partial",
              "Parent Relationship": "Outer",
              "Parallel Aware": false,
              "Startup Cost": 317310.52,
              "Total Cost": 317310.53,
              "Plan Rows": 1,
              "Plan Width": 8,
              "Actual Startup Time": 1293.648,
              "Actual Total Time": 1294.108,
              "Actual Rows": 1,
              "Actual Loops": 6,
              "Plans": [
                {
                  "Node Type": "Hash Join",
                  "Parent Relationship": "Outer",
                  "Parallel Aware": true,
                  "Join Type": "Inner",
                  "Startup Cost": 102484.96,
                  "Total Cost": 311993.59,
                  "Plan Rows": 2126771,
                  "Plan Width": 0,
                  "Actual Startup Time": 395.725,
                  "Actual Total Time": 1203.199,
                  "Actual Rows": 2307531,
                  "Actual Loops": 6,
                  "Inner Unique": false,
                  "Hash Cond": "(mi.movie_id = t.id)",
                  "Plans": [
                    {
                      "Node Type": "Seq Scan",
                      "Parent Relationship": "Outer",
                      "Parallel Aware": true,
                      "Relation Name": "movie_info",
                      "Alias": "mi",
                      "Startup Cost": 0.0,
                      "Total Cost": 191560.33,
                      "Plan Rows": 2956733,
                      "Plan Width": 4,
                      "Actual Startup Time": 0.032,
                      "Actual Total Time": 281.168,
                      "Actual Rows": 2472620,
                      "Actual Loops": 6
                    },
                    {
                      "Node Type": "Hash",
                      "Parent Relationship": "Inner",
                      "Parallel Aware": true,
                      "Startup Cost": 95151.91,
                      "Total Cost": 95151.91,
                      "Plan Rows": 586644,
                      "Plan Width": 8,
                      "Actual Startup Time": 389.827,
                      "Actual Total Time": 390.285,
                      "Actual Rows": 161874,
                      "Actual Loops": 6,
                      "Hash Buckets": 2097152,
                      "Original Hash Buckets": 2097152,
                      "Hash Batches": 1,
                      "Original Hash Batches": 1,
                      "Peak Memory Usage": 54496,
                      "Plans": [
                        {
                          "Node Type": "Hash Join",
                          "Parent Relationship": "Outer",
                          "Parallel Aware": true,
                          "Join Type": "Inner",
                          "Startup Cost": 49024.2,
                          "Total Cost": 95151.91,
                          "Plan Rows": 586644,
                          "Plan Width": 8,
                          "Actual Startup Time": 182.982,
                          "Actual Total Time": 339.804,
                          "Actual Rows": 161874,
                          "Actual Loops": 6,
                          "Inner Unique": true,
                          "Hash Cond": "(mk.movie_id = t.id)",
                          "Plans": [
                            {
                              "Node Type": "Seq Scan",
                              "Parent Relationship": "Outer",
                              "Parallel Aware": true,
                              "Relation Name": "movie_keyword",
                              "Alias": "mk",
                              "Startup Cost": 0.0,
                              "Total Cost": 42695.65,
                              "Plan Rows": 1307445,
                              "Plan Width": 4,
                              "Actual Startup Time": 0.034,
                              "Actual Total Time": 80.794,
                              "Actual Rows": 677414,
                              "Actual Loops": 6,
                              "Filter": "(keyword_id < 38638)",
                              "Rows Removed by Filter": 76574
                            },
                            {
                              "Node Type": "Hash",
                              "Parent Relationship": "Inner",
                              "Parallel Aware": true,
                              "Startup Cost": 45479.1,
                              "Total Cost": 45479.1,
                              "Plan Rows": 283608,
                              "Plan Width": 4,
                              "Actual Startup Time": 180.292,
                              "Actual Total Time": 180.293,
                              "Actual Rows": 205808,
                              "Actual Loops": 6,
                              "Hash Buckets": 2097152,
                              "Original Hash Buckets": 2097152,
                              "Hash Batches": 1,
                              "Original Hash Batches": 1,
                              "Peak Memory Usage": 64800,
                              "Plans": [
                                {
                                  "Node Type": "Seq Scan",
                                  "Parent Relationship": "Outer",
                                  "Parallel Aware": true,
                                  "Relation Name": "title",
                                  "Alias": "t",
                                  "Startup Cost": 0.0,
                                  "Total Cost": 45479.1,
                                  "Plan Rows": 283608,
                                  "Plan Width": 4,
                                  "Actual Startup Time": 0.059,
                                  "Actual Total Time": 83.101,
                                  "Actual Rows": 205808,
                                  "Actual Loops": 6,
                                  "Filter": "((kind_id > 1) AND (production_year > 1997))",
                                  "Rows Removed by Filter": 215578
                                }
                              ]
                            }
                          ]
                        }
                      ]
                    }
                  ]
                }
              ]
            }
          ]
        }
      ]
    },
    "Planning Time": 1.422,
    "Triggers": [],
    "Execution Time": 1362.826
  }
]