[
  {
    "Plan": {
      "Node Type": "Aggregate",
      "Strategy": "Plain",
      "Partial Mode": "Finalize",
      "Parallel Aware": false,
      "Startup Cost": 99209.08,
      "Total Cost": 99209.09,
      "Plan Rows": 1,
      "Plan Width": 8,
      "Actual Startup Time": 593.924,
      "Actual Total Time": 612.21,
      "Actual Rows": 1,
      "Actual Loops": 1,
      "Plans": [
        {
          "Node Type": "Gather",
          "Parent Relationship": "Outer",
          "Parallel Aware": false,
          "Startup Cost": 99208.86,
          "Total Cost": 99209.07,
          "Plan Rows": 2,
          "Plan Width": 8,
          "Actual Startup Time": 589.223,
          "Actual Total Time": 612.201,
          "Actual Rows": 3,
          "Actual Loops": 1,
          "Workers Planned": 2,
          "Workers Launched": 2,
          "Single Copy": false,
          "Plans": [
            {
              "Node Type": "Aggregate",
              "Strategy": "Plain",
              "Partial Mode": "Partial",
              "Parent Relationship": "Outer",
              "Parallel Aware": false,
              "Startup Cost": 98208.86,
              "Total Cost": 98208.87,
              "Plan Rows": 1,
              "Plan Width": 8,
              "Actual Startup Time": 581.177,
              "Actual Total Time": 581.423,
              "Actual Rows": 1,
              "Actual Loops": 3,
              "Plans": [
                {
                  "Node Type": "Hash Join",
                  "Parent Relationship": "Outer",
                  "Parallel Aware": true,
                  "Join Type": "Inner",
                  "Startup Cost": 81237.14,
                  "Total Cost": 98002.35,
                  "Plan Rows": 82604,
                  "Plan Width": 0,
                  "Actual Startup Time": 475.766,
                  "Actual Total Time": 576.714,
                  "Actual Rows": 99075,
                  "Actual Loops": 3,
                  "Inner Unique": false,
                  "Hash Cond": "(mi_idx.movie_id = t.id)",
                  "Plans": [
                    {
                      "Node Type": "Seq Scan",
                      "Parent Relationship": "Outer",
                      "Parallel Aware": true,
                      "Relation Name": "movie_info_idx",
                      "Alias": "mi_idx",
                      "Startup Cost": 0.0,
                      "Total Cost": 15122.68,
                      "Plan Rows": 382940,
                      "Plan Width": 4,
                      "Actual Startup Time": 0.035,
                      "Actual Total Time": 46.214,
                      "Actual Rows": 306617,
                      "Actual Loops": 3,
                      "Filter": "(info_type_id < 101)",
                      "Rows Removed by Filter": 153395
                    },
                    {
                      "Node Type": "Hash",
                      "Parent Relationship": "Inner",
                      "Parallel Aware": true,
                      "Startup Cost": 79532.84,
                      "Total Cost": 79532.84,
                      "Plan Rows": 136344,
                      "Plan Width": 8,
                      "Actual Startup Time": 469.454,
                      "Actual Total Time": 469.697,
                      "Actual Rows": 111454,
                      "Actual Loops": 3,
                      "Hash Buckets": 1048576,
                      "Original Hash Buckets": 1048576,
                      "Hash Batches": 1,
                      "Original Hash Batches": 1,
                      "Peak Memory Usage": 21344,
                      "Plans": [
                        {
                          "Node Type": "Hash Join",
                          "Parent Relationship": "Outer",
                          "Parallel Aware": true,
                          "Join Type": "Inner",
                          "Startup Cost": 33613.92,
                          "Total Cost": 79532.84,
                          "Plan Rows": 136344,
                          "Plan Width": 8,
                          "Actual Startup Time": 146.266,
                          "Actual Total Time": 424.713,
                          "Actual Rows": 111454,
                          "Actual Loops": 3,
                          "Inner Unique": false,
                          "Hash Cond": "(t.id = mc.movie_id)",
                          "Plans": [
                            {
                              "Node Type": "Seq Scan",
                              "Parent Relationship": "Outer",
                              "Parallel Aware": true,
                              "Relation Name": "title",
                              "Alias": "t",
                              "Startup Cost": 0.0,
                              "Total Cost": 42318.73,
                              "Plan Rows": 632073,
                              "Plan Width": 4,
                              "Actual Startup Time": 0.01,
                              "Actual Total Time": 100.037,
                              "Actual Rows": 842771,
                              "Actual Loops": 3
                            },
                            {
                              "Node Type": "Hash",
                              "Parent Relationship": "Inner",
                              "Parallel Aware": true,
                              "Startup Cost": 31414.82,
                              "Total Cost": 31414.82,
                              "Plan Rows": 175928,
                              "Plan Width": 4,
                              "Actual Startup Time": 142.662,
                              "Actual Total Time": 142.662,
                              "Actual Rows": 111454,
                              "Actual Loops": 3,
                              "Hash Buckets": 1048576,
                              "Original Hash Buckets": 1048576,
                              "Hash Batches": 1,
                              "Original Hash Batches": 1,
                              "Peak Memory Usage": 21344,
                              "Plans": [
                                {
                                  "Node Type": "Seq Scan",
                                  "Parent Relationship": "Outer",
                                  "Parallel Aware": true,
                                  "Relation Name": "movie_companies",
                                  "Alias": "mc",
                                  "Startup Cost": 0.0,
                                  "Total Cost": 31414.82,
                                  "Plan Rows": 175928,
                                  "Plan Width": 4,
                                  "Actual Startup Time": 56.187,
                                  "Actual Total Time": 100.945,
                                  "Actual Rows": 111454,
                                  "Actual Loops": 3,
                                  "Filter": "((company_id < 6691) AND (company_type_id > 1))",
                                  "Rows Removed by Filter": 758256
                                }
                              ]
                            }
                          ]
                        }
                      ]
                    }
                  ]
                }
              ]
            }
          ]
        }
      ]
    },
    "Planning Time": 1.419,
    "Triggers": [],
    "Execution Time": 612.3
  }
]