[
  {
    "Plan": {
      "Node Type": "Aggregate",
      "Strategy": "Plain",
      "Partial Mode": "Finalize",
      "Parallel Aware": false,
      "Startup Cost": 46976.17,
      "Total Cost": 46976.18,
      "Plan Rows": 1,
      "Plan Width": 8,
      "Actual Startup Time": 211.534,
      "Actual Total Time": 222.909,
      "Actual Rows": 1,
      "Actual Loops": 1,
      "Plans": [
        {
          "Node Type": "Gather",
          "Parent Relationship": "Outer",
          "Parallel Aware": false,
          "Startup Cost": 46975.85,
          "Total Cost": 46976.16,
          "Plan Rows": 3,
          "Plan Width": 8,
          "Actual Startup Time": 211.327,
          "Actual Total Time": 222.899,
          "Actual Rows": 4,
          "Actual Loops": 1,
          "Workers Planned": 3,
          "Workers Launched": 3,
          "Single Copy": false,
          "Plans": [
            {
              "Node Type": "Aggregate",
              "Strategy": "Plain",
              "Partial Mode": "Partial",
              "Parent Relationship": "Outer",
              "Parallel Aware": false,
              "Startup Cost": 45975.85,
              "Total Cost": 45975.86,
              "Plan Rows": 1,
              "Plan Width": 8,
              "Actual Startup Time": 205.718,
              "Actual Total Time": 205.719,
              "Actual Rows": 1,
              "Actual Loops": 4,
              "Plans": [
                {
                  "Node Type": "Seq Scan",
                  "Parent Relationship": "Outer",
                  "Parallel Aware": true,
                  "Relation Name": "movie_keyword",
                  "Alias": "mk",
                  "Startup Cost": 0.0,
                  "Total Cost": 42695.65,
                  "Plan Rows": 1312079,
                  "Plan Width": 0,
                  "Actual Startup Time": 0.041,
                  "Actual Total Time": 149.091,
                  "Actual Rows": 1017952,
                  "Actual Loops": 4,
                  "Filter": "(keyword_id < 39170)",
                  "Rows Removed by Filter": 113031
                }
              ]
            }
          ]
        }
      ]
    },
    "Planning Time": 0.133,
    "Triggers": [],
    "Execution Time": 222.952
  }
]