[
    {
        "Bao": {
            "Bao prediction": "NaN",
            "Bao recommended hint": "(no hint)"
        }
    },
    {
        "Plan": {
            "Node Type": "Aggregate",
            "Strategy": "Plain",
            "Partial Mode": "Finalize",
            "Parallel Aware": false,
            "Startup Cost": 40464.43,
            "Total Cost": 40464.44,
            "Plan Rows": 1,
            "Plan Width": 8,
            "Actual Startup Time": 175.747,
            "Actual Total Time": 184.067,
            "Actual Rows": 1,
            "Actual Loops": 1,
            "Output": [
                "count(*)"
            ],
            "Plans": [
                {
                    "Node Type": "Gather",
                    "Parent Relationship": "Outer",
                    "Parallel Aware": false,
                    "Startup Cost": 40464.11,
                    "Total Cost": 40464.42,
                    "Plan Rows": 3,
                    "Plan Width": 8,
                    "Actual Startup Time": 175.327,
                    "Actual Total Time": 184.056,
                    "Actual Rows": 4,
                    "Actual Loops": 1,
                    "Output": [
                        "(PARTIAL count(*))"
                    ],
                    "Workers Planned": 3,
                    "Workers Launched": 3,
                    "Single Copy": false,
                    "Plans": [
                        {
                            "Node Type": "Aggregate",
                            "Strategy": "Plain",
                            "Partial Mode": "Partial",
                            "Parent Relationship": "Outer",
                            "Parallel Aware": false,
                            "Startup Cost": 39464.11,
                            "Total Cost": 39464.12,
                            "Plan Rows": 1,
                            "Plan Width": 8,
                            "Actual Startup Time": 166.279,
                            "Actual Total Time": 166.281,
                            "Actual Rows": 1,
                            "Actual Loops": 4,
                            "Output": [
                                "PARTIAL count(*)"
                            ],
                            "Workers": [
                                {
                                    "Worker Number": 0,
                                    "Actual Startup Time": 163.067,
                                    "Actual Total Time": 163.069,
                                    "Actual Rows": 1,
                                    "Actual Loops": 1
                                },
                                {
                                    "Worker Number": 1,
                                    "Actual Startup Time": 163.265,
                                    "Actual Total Time": 163.267,
                                    "Actual Rows": 1,
                                    "Actual Loops": 1
                                },
                                {
                                    "Worker Number": 2,
                                    "Actual Startup Time": 164.066,
                                    "Actual Total Time": 164.068,
                                    "Actual Rows": 1,
                                    "Actual Loops": 1
                                }
                            ],
                            "Plans": [
                                {
                                    "Node Type": "Bitmap Heap Scan",
                                    "Parent Relationship": "Outer",
                                    "Parallel Aware": true,
                                    "Relation Name": "movie_keyword",
                                    "Schema": "public",
                                    "Alias": "mk",
                                    "Startup Cost": 12222.02,
                                    "Total Cost": 38999.43,
                                    "Plan Rows": 185873,
                                    "Plan Width": 0,
                                    "Actual Startup Time": 71.183,
                                    "Actual Total Time": 156.023,
                                    "Actual Rows": 142946,
                                    "Actual Loops": 4,
                                    "Recheck Cond": "(mk.keyword_id > 32136)",
                                    "Rows Removed by Index Recheck": 0,
                                    "Exact Heap Blocks": 8867,
                                    "Lossy Heap Blocks": 0,
                                    "Workers": [
                                        {
                                            "Worker Number": 0,
                                            "Actual Startup Time": 68.057,
                                            "Actual Total Time": 153.673,
                                            "Actual Rows": 109169,
                                            "Actual Loops": 1
                                        },
                                        {
                                            "Worker Number": 1,
                                            "Actual Startup Time": 68.188,
                                            "Actual Total Time": 153.87,
                                            "Actual Rows": 108912,
                                            "Actual Loops": 1
                                        },
                                        {
                                            "Worker Number": 2,
                                            "Actual Startup Time": 69.241,
                                            "Actual Total Time": 155.668,
                                            "Actual Rows": 136208,
                                            "Actual Loops": 1
                                        }
                                    ],
                                    "Plans": [
                                        {
                                            "Node Type": "Bitmap Index Scan",
                                            "Parent Relationship": "Outer",
                                            "Parallel Aware": false,
                                            "Index Name": "keyword_id_movie_keyword",
                                            "Startup Cost": 0.0,
                                            "Total Cost": 12077.97,
                                            "Plan Rows": 576205,
                                            "Plan Width": 0,
                                            "Actual Startup Time": 73.79,
                                            "Actual Total Time": 73.791,
                                            "Actual Rows": 571784,
                                            "Actual Loops": 1,
                                            "Index Cond": "(mk.keyword_id > 32136)"
                                        }
                                    ]
                                }
                            ]
                        }
                    ]
                }
            ]
        },
        "Planning Time": 275.192,
        "Triggers": [],
        "Execution Time": 184.172
    }
]