{
  "Plan": {
    "Node Type": "Aggregate",
    "Strategy": "Plain",
    "Partial Mode": "Simple",
    "Parallel Aware": false,
    "Startup Cost": 159509.99,
    "Total Cost": 159510.0,
    "Plan Rows": 1,
    "Plan Width": 8,
    "Actual Startup Time": 1901.383,
    "Actual Total Time": 1901.387,
    "Actual Rows": 1,
    "Actual Loops": 1,
    "Plans": [
      {
        "Node Type": "Hash Join",
        "Parent Relationship": "Outer",
        "Parallel Aware": false,
        "Join Type": "Inner",
        "Startup Cost": 158590.17,
        "Total Cost": 159509.6,
        "Plan Rows": 156,
        "Plan Width": 0,
        "Actual Startup Time": 1900.798,
        "Actual Total Time": 1901.336,
        "Actual Rows": 1173,
        "Actual Loops": 1,
        "Inner Unique": false,
        "Hash Cond": "(mk.movie_id = t.id)",
        "Plans": [
          {
            "Node Type": "Bitmap Heap Scan",
            "Parent Relationship": "Outer",
            "Parallel Aware": false,
            "Relation Name": "movie_keyword",
            "Alias": "mk",
            "Startup Cost": 6.35,
            "Total Cost": 922.98,
            "Plan Rows": 248,
            "Plan Width": 4,
            "Actual Startup Time": 0.252,
            "Actual Total Time": 0.574,
            "Actual Rows": 176,
            "Actual Loops": 1,
            "Recheck Cond": "(keyword_id = 24036)",
            "Rows Removed by Index Recheck": 0,
            "Exact Heap Blocks": 171,
            "Lossy Heap Blocks": 0,
            "Plans": [
              {
                "Node Type": "Bitmap Index Scan",
                "Parent Relationship": "Outer",
                "Parallel Aware": false,
                "Index Name": "keyword_id_movie_keyword",
                "Startup Cost": 0.0,
                "Total Cost": 6.29,
                "Plan Rows": 248,
                "Plan Width": 0,
                "Actual Startup Time": 0.188,
                "Actual Total Time": 0.189,
                "Actual Rows": 176,
                "Actual Loops": 1,
                "Index Cond": "(keyword_id = 24036)"
              }
            ]
          },
          {
            "Node Type": "Hash",
            "Parent Relationship": "Inner",
            "Parallel Aware": false,
            "Startup Cost": 138649.06,
            "Total Cost": 138649.06,
            "Plan Rows": 1594780,
            "Plan Width": 8,
            "Actual Startup Time": 1878.424,
            "Actual Total Time": 1878.426,
            "Actual Rows": 1853708,
            "Actual Loops": 1,
            "Hash Buckets": 2097152,
            "Original Hash Buckets": 2097152,
            "Hash Batches": 1,
            "Original Hash Batches": 1,
            "Peak Memory Usage": 88795,
            "Plans": [
              {
                "Node Type": "Hash Join",
                "Parent Relationship": "Outer",
                "Parallel Aware": false,
                "Join Type": "Inner",
                "Startup Cost": 86918.8,
                "Total Cost": 138649.06,
                "Plan Rows": 1594780,
                "Plan Width": 8,
                "Actual Startup Time": 626.841,
                "Actual Total Time": 1512.14,
                "Actual Rows": 1853708,
                "Actual Loops": 1,
                "Inner Unique": true,
                "Hash Cond": "(mc.movie_id = t.id)",
                "Plans": [
                  {
                    "Node Type": "Seq Scan",
                    "Parent Relationship": "Outer",
                    "Parallel Aware": false,
                    "Relation Name": "movie_companies",
                    "Alias": "mc",
                    "Startup Cost": 0.0,
                    "Total Cost": 44881.29,
                    "Plan Rows": 2609129,
                    "Plan Width": 4,
                    "Actual Startup Time": 0.021,
                    "Actual Total Time": 186.738,
                    "Actual Rows": 2609129,
                    "Actual Loops": 1
                  },
                  {
                    "Node Type": "Hash",
                    "Parent Relationship": "Inner",
                    "Parallel Aware": false,
                    "Startup Cost": 67601.66,
                    "Total Cost": 67601.66,
                    "Plan Rows": 1545371,
                    "Plan Width": 4,
                    "Actual Startup Time": 612.914,
                    "Actual Total Time": 612.915,
                    "Actual Rows": 1551727,
                    "Actual Loops": 1,
                    "Hash Buckets": 2097152,
                    "Original Hash Buckets": 2097152,
                    "Hash Batches": 1,
                    "Original Hash Batches": 1,
                    "Peak Memory Usage": 70937,
                    "Plans": [
                      {
                        "Node Type": "Seq Scan",
                        "Parent Relationship": "Outer",
                        "Parallel Aware": false,
                        "Relation Name": "title",
                        "Alias": "t",
                        "Startup Cost": 0.0,
                        "Total Cost": 67601.66,
                        "Plan Rows": 1545371,
                        "Plan Width": 4,
                        "Actual Startup Time": 0.018,
                        "Actual Total Time": 287.639,
                        "Actual Rows": 1551727,
                        "Actual Loops": 1,
                        "Filter": "(production_year < 2007)",
                        "Rows Removed by Filter": 976585
                      }
                    ]
                  }
                ]
              }
            ]
          }
        ]
      }
    ]
  },
  "Planning Time": 0.868,
  "Triggers": [],
  "Execution Time": 1913.374
}