[
  {
    "Plan": {
      "Node Type": "Aggregate",
      "Strategy": "Plain",
      "Partial Mode": "Finalize",
      "Parallel Aware": false,
      "Startup Cost": 395377.55,
      "Total Cost": 395377.56,
      "Plan Rows": 1,
      "Plan Width": 8,
      "Actual Startup Time": 1007.698,
      "Actual Total Time": 1047.12,
      "Actual Rows": 1,
      "Actual Loops": 1,
      "Plans": [
        {
          "Node Type": "Gather",
          "Parent Relationship": "Outer",
          "Parallel Aware": false,
          "Startup Cost": 395376.92,
          "Total Cost": 395377.53,
          "Plan Rows": 6,
          "Plan Width": 8,
          "Actual Startup Time": 1002.397,
          "Actual Total Time": 1047.109,
          "Actual Rows": 7,
          "Actual Loops": 1,
          "Workers Planned": 6,
          "Workers Launched": 6,
          "Single Copy": false,
          "Plans": [
            {
              "Node Type": "Aggregate",
              "Strategy": "Plain",
              "Partial Mode": "Partial",
              "Parent Relationship": "Outer",
              "Parallel Aware": false,
              "Startup Cost": 394376.92,
              "Total Cost": 394376.93,
              "Plan Rows": 1,
              "Plan Width": 8,
              "Actual Startup Time": 991.639,
              "Actual Total Time": 991.642,
              "Actual Rows": 1,
              "Actual Loops": 7,
              "Plans": [
                {
                  "Node Type": "Hash Join",
                  "Parent Relationship": "Outer",
                  "Parallel Aware": true,
                  "Join Type": "Inner",
                  "Startup Cost": 47295.29,
                  "Total Cost": 393312.96,
                  "Plan Rows": 425585,
                  "Plan Width": 0,
                  "Actual Startup Time": 126.892,
                  "Actual Total Time": 967.283,
                  "Actual Rows": 497891,
                  "Actual Loops": 7,
                  "Inner Unique": true,
                  "Hash Cond": "(ci.movie_id = t.id)",
                  "Plans": [
                    {
                      "Node Type": "Index Scan",
                      "Parent Relationship": "Outer",
                      "Parallel Aware": true,
                      "Scan Direction": "Forward",
                      "Index Name": "role_id_cast_info",
                      "Relation Name": "cast_info",
                      "Alias": "ci",
                      "Startup Cost": 0.56,
                      "Total Cost": 341155.22,
                      "Plan Rows": 1852574,
                      "Plan Width": 4,
                      "Actual Startup Time": 0.301,
                      "Actual Total Time": 422.276,
                      "Actual Rows": 1810098,
                      "Actual Loops": 7,
                      "Index Cond": "(role_id = 1)",
                      "Rows Removed by Index Recheck": 0,
                      "Filter": "(person_id < 3243727)",
                      "Rows Removed by Filter": 0
                    },
                    {
                      "Node Type": "Hash",
                      "Parent Relationship": "Inner",
                      "Parallel Aware": true,
                      "Startup Cost": 45479.59,
                      "Total Cost": 45479.59,
                      "Plan Rows": 145211,
                      "Plan Width": 4,
                      "Actual Startup Time": 123.228,
                      "Actual Total Time": 123.229,
                      "Actual Rows": 84961,
                      "Actual Loops": 7,
                      "Hash Buckets": 1048576,
                      "Original Hash Buckets": 1048576,
                      "Hash Batches": 1,
                      "Original Hash Batches": 1,
                      "Peak Memory Usage": 31552,
                      "Plans": [
                        {
                          "Node Type": "Seq Scan",
                          "Parent Relationship": "Outer",
                          "Parallel Aware": true,
                          "Relation Name": "title",
                          "Alias": "t",
                          "Startup Cost": 0.0,
                          "Total Cost": 45479.59,
                          "Plan Rows": 145211,
                          "Plan Width": 4,
                          "Actual Startup Time": 46.092,
                          "Actual Total Time": 78.526,
                          "Actual Rows": 84961,
                          "Actual Loops": 7,
                          "Filter": "((kind_id < 2) AND (production_year < 2012))",
                          "Rows Removed by Filter": 276226
                        }
                      ]
                    }
                  ]
                }
              ]
            }
          ]
        }
      ]
    },
    "Planning Time": 0.669,
    "Triggers": [],
    "Execution Time": 1047.214
  }
]