[
  {
    "Plan": {
      "Node Type": "Aggregate",
      "Strategy": "Plain",
      "Partial Mode": "Finalize",
      "Parallel Aware": false,
      "Startup Cost": 172158.31,
      "Total Cost": 172158.32,
      "Plan Rows": 1,
      "Plan Width": 8,
      "Actual Startup Time": 266.298,
      "Actual Total Time": 282.905,
      "Actual Rows": 1,
      "Actual Loops": 1,
      "Plans": [
        {
          "Node Type": "Gather",
          "Parent Relationship": "Outer",
          "Parallel Aware": false,
          "Startup Cost": 172157.79,
          "Total Cost": 172158.3,
          "Plan Rows": 5,
          "Plan Width": 8,
          "Actual Startup Time": 263.022,
          "Actual Total Time": 282.896,
          "Actual Rows": 6,
          "Actual Loops": 1,
          "Workers Planned": 5,
          "Workers Launched": 5,
          "Single Copy": false,
          "Plans": [
            {
              "Node Type": "Aggregate",
              "Strategy": "Plain",
              "Partial Mode": "Partial",
              "Parent Relationship": "Outer",
              "Parallel Aware": false,
              "Startup Cost": 171157.79,
              "Total Cost": 171157.8,
              "Plan Rows": 1,
              "Plan Width": 8,
              "Actual Startup Time": 251.944,
              "Actual Total Time": 251.948,
              "Actual Rows": 1,
              "Actual Loops": 6,
              "Plans": [
                {
                  "Node Type": "Nested Loop",
                  "Parent Relationship": "Outer",
                  "Parallel Aware": false,
                  "Join Type": "Inner",
                  "Startup Cost": 47373.82,
                  "Total Cost": 171148.57,
                  "Plan Rows": 3688,
                  "Plan Width": 0,
                  "Actual Startup Time": 124.107,
                  "Actual Total Time": 251.614,
                  "Actual Rows": 4342,
                  "Actual Loops": 6,
                  "Inner Unique": false,
                  "Plans": [
                    {
                      "Node Type": "Hash Join",
                      "Parent Relationship": "Outer",
                      "Parallel Aware": true,
                      "Join Type": "Inner",
                      "Startup Cost": 47373.39,
                      "Total Cost": 167070.28,
                      "Plan Rows": 6757,
                      "Plan Width": 8,
                      "Actual Startup Time": 124.0,
                      "Actual Total Time": 239.988,
                      "Actual Rows": 1599,
                      "Actual Loops": 6,
                      "Inner Unique": true,
                      "Hash Cond": "(ci.movie_id = t.id)",
                      "Plans": [
                        {
                          "Node Type": "Index Scan",
                          "Parent Relationship": "Outer",
                          "Parallel Aware": true,
                          "Scan Direction": "Forward",
                          "Index Name": "role_id_cast_info",
                          "Relation Name": "cast_info",
                          "Alias": "ci",
                          "Startup Cost": 0.56,
                          "Total Cost": 119623.46,
                          "Plan Rows": 28190,
                          "Plan Width": 4,
                          "Actual Startup Time": 0.259,
                          "Actual Total Time": 112.738,
                          "Actual Rows": 7234,
                          "Actual Loops": 6,
                          "Index Cond": "(role_id = 10)",
                          "Rows Removed by Index Recheck": 0,
                          "Filter": "(person_id < 119561)",
                          "Rows Removed by Filter": 713270
                        },
                        {
                          "Node Type": "Hash",
                          "Parent Relationship": "Inner",
                          "Parallel Aware": true,
                          "Startup Cost": 45479.1,
                          "Total Cost": 45479.1,
                          "Plan Rows": 151498,
                          "Plan Width": 4,
                          "Actual Startup Time": 120.179,
                          "Actual Total Time": 120.18,
                          "Actual Rows": 112615,
                          "Actual Loops": 6,
                          "Hash Buckets": 1048576,
                          "Original Hash Buckets": 1048576,
                          "Hash Batches": 1,
                          "Original Hash Batches": 1,
                          "Peak Memory Usage": 34720,
                          "Plans": [
                            {
                              "Node Type": "Seq Scan",
                              "Parent Relationship": "Outer",
                              "Parallel Aware": true,
                              "Relation Name": "title",
                              "Alias": "t",
                              "Startup Cost": 0.0,
                              "Total Cost": 45479.1,
                              "Plan Rows": 151498,
                              "Plan Width": 4,
                              "Actual Startup Time": 0.053,
                              "Actual Total Time": 80.3,
                              "Actual Rows": 112615,
                              "Actual Loops": 6,
                              "Filter": "((kind_id < 7) AND (production_year < 2007))",
                              "Rows Removed by Filter": 308770
                            }
                          ]
                        }
                      ]
                    },
                    {
                      "Node Type": "Index Only Scan",
                      "Parent Relationship": "Inner",
                      "Parallel Aware": false,
                      "Scan Direction": "Forward",
                      "Index Name": "movie_id_movie_info_idx",
                      "Relation Name": "movie_info_idx",
                      "Alias": "mi_idx",
                      "Startup Cost": 0.43,
                      "Total Cost": 0.57,
                      "Plan Rows": 3,
                      "Plan Width": 4,
                      "Actual Startup Time": 0.006,
                      "Actual Total Time": 0.007,
                      "Actual Rows": 3,
                      "Actual Loops": 9596,
                      "Index Cond": "(movie_id = t.id)",
                      "Rows Removed by Index Recheck": 0,
                      "Heap Fetches": 26055
                    }
                  ]
                }
              ]
            }
          ]
        }
      ]
    },
    "Planning Time": 1.374,
    "Triggers": [],
    "Execution Time": 283.001
  }
]