{
  "Plan": {
    "Node Type": "Aggregate",
    "Strategy": "Plain",
    "Partial Mode": "Finalize",
    "Parallel Aware": false,
    "Startup Cost": 417157.46,
    "Total Cost": 417157.47,
    "Plan Rows": 1,
    "Plan Width": 8,
    "Actual Startup Time": 1699.814,
    "Actual Total Time": 1744.701,
    "Actual Rows": 1,
    "Actual Loops": 1,
    "Plans": [
      {
        "Node Type": "Gather",
        "Parent Relationship": "Outer",
        "Parallel Aware": false,
        "Startup Cost": 417157.35,
        "Total Cost": 417157.46,
        "Plan Rows": 1,
        "Plan Width": 8,
        "Actual Startup Time": 1699.082,
        "Actual Total Time": 1744.693,
        "Actual Rows": 2,
        "Actual Loops": 1,
        "Workers Planned": 1,
        "Workers Launched": 1,
        "Single Copy": false,
        "Plans": [
          {
            "Node Type": "Aggregate",
            "Strategy": "Plain",
            "Partial Mode": "Partial",
            "Parent Relationship": "Outer",
            "Parallel Aware": false,
            "Startup Cost": 416157.35,
            "Total Cost": 416157.36,
            "Plan Rows": 1,
            "Plan Width": 8,
            "Actual Startup Time": 1693.277,
            "Actual Total Time": 1693.283,
            "Actual Rows": 1,
            "Actual Loops": 2,
            "Plans": [
              {
                "Node Type": "Hash Join",
                "Parent Relationship": "Outer",
                "Parallel Aware": true,
                "Join Type": "Inner",
                "Startup Cost": 125404.07,
                "Total Cost": 413417.5,
                "Plan Rows": 1095937,
                "Plan Width": 0,
                "Actual Startup Time": 461.491,
                "Actual Total Time": 1677.124,
                "Actual Rows": 398933,
                "Actual Loops": 2,
                "Inner Unique": false,
                "Hash Cond": "(mi.movie_id = t.id)",
                "Plans": [
                  {
                    "Node Type": "Seq Scan",
                    "Parent Relationship": "Outer",
                    "Parallel Aware": true,
                    "Relation Name": "movie_info",
                    "Alias": "mi",
                    "Startup Cost": 0.0,
                    "Total Cost": 248955.74,
                    "Plan Rows": 8696274,
                    "Plan Width": 4,
                    "Actual Startup Time": 0.025,
                    "Actual Total Time": 585.437,
                    "Actual Rows": 7417860,
                    "Actual Loops": 2
                  },
                  {
                    "Node Type": "Hash",
                    "Parent Relationship": "Inner",
                    "Parallel Aware": true,
                    "Startup Cost": 123061.25,
                    "Total Cost": 123061.25,
                    "Plan Rows": 187426,
                    "Plan Width": 8,
                    "Actual Startup Time": 455.137,
                    "Actual Total Time": 455.141,
                    "Actual Rows": 30542,
                    "Actual Loops": 2,
                    "Hash Buckets": 524288,
                    "Original Hash Buckets": 524288,
                    "Hash Batches": 1,
                    "Original Hash Batches": 1,
                    "Peak Memory Usage": 6528,
                    "Plans": [
                      {
                        "Node Type": "Hash Join",
                        "Parent Relationship": "Outer",
                        "Parallel Aware": true,
                        "Join Type": "Inner",
                        "Startup Cost": 60026.99,
                        "Total Cost": 123061.25,
                        "Plan Rows": 187426,
                        "Plan Width": 8,
                        "Actual Startup Time": 152.529,
                        "Actual Total Time": 449.765,
                        "Actual Rows": 30542,
                        "Actual Loops": 2,
                        "Inner Unique": true,
                        "Hash Cond": "(mk.movie_id = t.id)",
                        "Plans": [
                          {
                            "Node Type": "Seq Scan",
                            "Parent Relationship": "Outer",
                            "Parallel Aware": true,
                            "Relation Name": "movie_keyword",
                            "Alias": "mk",
                            "Startup Cost": 0.0,
                            "Total Cost": 57718.19,
                            "Plan Rows": 2025162,
                            "Plan Width": 4,
                            "Actual Startup Time": 0.076,
                            "Actual Total Time": 184.662,
                            "Actual Rows": 1714900,
                            "Actual Loops": 2,
                            "Filter": "(keyword_id > 1116)",
                            "Rows Removed by Filter": 547066
                          },
                          {
                            "Node Type": "Hash",
                            "Parent Relationship": "Inner",
                            "Parallel Aware": true,
                            "Startup Cost": 58306.47,
                            "Total Cost": 58306.47,
                            "Plan Rows": 137642,
                            "Plan Width": 4,
                            "Actual Startup Time": 150.358,
                            "Actual Total Time": 150.358,
                            "Actual Rows": 68912,
                            "Actual Loops": 2,
                            "Hash Buckets": 262144,
                            "Original Hash Buckets": 262144,
                            "Hash Batches": 1,
                            "Original Hash Batches": 1,
                            "Peak Memory Usage": 7488,
                            "Plans": [
                              {
                                "Node Type": "Seq Scan",
                                "Parent Relationship": "Outer",
                                "Parallel Aware": true,
                                "Relation Name": "title",
                                "Alias": "t",
                                "Startup Cost": 0.0,
                                "Total Cost": 58306.47,
                                "Plan Rows": 137642,
                                "Plan Width": 4,
                                "Actual Startup Time": 0.043,
                                "Actual Total Time": 131.725,
                                "Actual Rows": 68912,
                                "Actual Loops": 2,
                                "Filter": "((production_year < 1972) AND (kind_id = 7))",
                                "Rows Removed by Filter": 1195244
                              }
                            ]
                          }
                        ]
                      }
                    ]
                  }
                ]
              }
            ]
          }
        ]
      }
    ]
  },
  "Planning Time": 1.017,
  "Triggers": [],
  "Execution Time": 1744.796
}