{
  "Plan": {
    "Node Type": "Aggregate",
    "Strategy": "Plain",
    "Partial Mode": "Finalize",
    "Parallel Aware": false,
    "Startup Cost": 768650.15,
    "Total Cost": 768650.16,
    "Plan Rows": 1,
    "Plan Width": 8,
    "Actual Startup Time": 5031.976,
    "Actual Total Time": 5089.82,
    "Actual Rows": 1,
    "Actual Loops": 1,
    "Plans": [
      {
        "Node Type": "Gather",
        "Parent Relationship": "Outer",
        "Parallel Aware": false,
        "Startup Cost": 768650.03,
        "Total Cost": 768650.14,
        "Plan Rows": 1,
        "Plan Width": 8,
        "Actual Startup Time": 5029.603,
        "Actual Total Time": 5089.812,
        "Actual Rows": 2,
        "Actual Loops": 1,
        "Workers Planned": 1,
        "Workers Launched": 1,
        "Single Copy": false,
        "Plans": [
          {
            "Node Type": "Aggregate",
            "Strategy": "Plain",
            "Partial Mode": "Partial",
            "Parent Relationship": "Outer",
            "Parallel Aware": false,
            "Startup Cost": 767650.03,
            "Total Cost": 767650.04,
            "Plan Rows": 1,
            "Plan Width": 8,
            "Actual Startup Time": 5021.38,
            "Actual Total Time": 5021.39,
            "Actual Rows": 1,
            "Actual Loops": 2,
            "Plans": [
              {
                "Node Type": "Hash Join",
                "Parent Relationship": "Outer",
                "Parallel Aware": true,
                "Join Type": "Inner",
                "Startup Cost": 676838.88,
                "Total Cost": 762740.65,
                "Plan Rows": 1963754,
                "Plan Width": 0,
                "Actual Startup Time": 4066.202,
                "Actual Total Time": 4815.745,
                "Actual Rows": 4758510,
                "Actual Loops": 2,
                "Inner Unique": false,
                "Hash Cond": "(mk.movie_id = t.id)",
                "Plans": [
                  {
                    "Node Type": "Seq Scan",
                    "Parent Relationship": "Outer",
                    "Parallel Aware": true,
                    "Relation Name": "movie_keyword",
                    "Alias": "mk",
                    "Startup Cost": 0.0,
                    "Total Cost": 51065.35,
                    "Plan Rows": 2661135,
                    "Plan Width": 4,
                    "Actual Startup Time": 0.016,
                    "Actual Total Time": 173.048,
                    "Actual Rows": 2261965,
                    "Actual Loops": 2
                  },
                  {
                    "Node Type": "Hash",
                    "Parent Relationship": "Inner",
                    "Parallel Aware": true,
                    "Startup Cost": 663120.31,
                    "Total Cost": 663120.31,
                    "Plan Rows": 1097485,
                    "Plan Width": 8,
                    "Actual Startup Time": 4051.004,
                    "Actual Total Time": 4051.008,
                    "Actual Rows": 557773,
                    "Actual Loops": 2,
                    "Hash Buckets": 2097152,
                    "Original Hash Buckets": 2097152,
                    "Hash Batches": 1,
                    "Original Hash Batches": 1,
                    "Peak Memory Usage": 60064,
                    "Plans": [
                      {
                        "Node Type": "Hash Join",
                        "Parent Relationship": "Outer",
                        "Parallel Aware": true,
                        "Join Type": "Inner",
                        "Startup Cost": 56134.5,
                        "Total Cost": 663120.31,
                        "Plan Rows": 1097485,
                        "Plan Width": 8,
                        "Actual Startup Time": 812.194,
                        "Actual Total Time": 3842.597,
                        "Actual Rows": 557773,
                        "Actual Loops": 2,
                        "Inner Unique": true,
                        "Hash Cond": "(ci.movie_id = t.id)",
                        "Plans": [
                          {
                            "Node Type": "Seq Scan",
                            "Parent Relationship": "Outer",
                            "Parallel Aware": true,
                            "Relation Name": "cast_info",
                            "Alias": "ci",
                            "Startup Cost": 0.0,
                            "Total Cost": 572345.93,
                            "Plan Rows": 13196124,
                            "Plan Width": 4,
                            "Actual Startup Time": 610.781,
                            "Actual Total Time": 2032.444,
                            "Actual Rows": 11499388,
                            "Actual Loops": 2,
                            "Filter": "((person_id > 198300) AND (role_id > 1))",
                            "Rows Removed by Filter": 6622784
                          },
                          {
                            "Node Type": "Hash",
                            "Parent Relationship": "Inner",
                            "Parallel Aware": true,
                            "Startup Cost": 54588.39,
                            "Total Cost": 54588.39,
                            "Plan Rows": 123689,
                            "Plan Width": 4,
                            "Actual Startup Time": 200.057,
                            "Actual Total Time": 200.058,
                            "Actual Rows": 110558,
                            "Actual Loops": 2,
                            "Hash Buckets": 262144,
                            "Original Hash Buckets": 262144,
                            "Hash Batches": 1,
                            "Original Hash Batches": 1,
                            "Peak Memory Usage": 10720,
                            "Plans": [
                              {
                                "Node Type": "Seq Scan",
                                "Parent Relationship": "Outer",
                                "Parallel Aware": true,
                                "Relation Name": "title",
                                "Alias": "t",
                                "Startup Cost": 0.0,
                                "Total Cost": 54588.39,
                                "Plan Rows": 123689,
                                "Plan Width": 4,
                                "Actual Startup Time": 0.038,
                                "Actual Total Time": 163.03,
                                "Actual Rows": 110558,
                                "Actual Loops": 2,
                                "Filter": "(production_year < 1958)",
                                "Rows Removed by Filter": 1153598
                              }
                            ]
                          }
                        ]
                      }
                    ]
                  }
                ]
              }
            ]
          }
        ]
      }
    ]
  },
  "Planning Time": 1.015,
  "Triggers": [],
  "Execution Time": 5089.915
}