{
  "Plan": {
    "Node Type": "Aggregate",
    "Strategy": "Plain",
    "Partial Mode": "Finalize",
    "Parallel Aware": false,
    "Startup Cost": 115303.82,
    "Total Cost": 115303.83,
    "Plan Rows": 1,
    "Plan Width": 8,
    "Actual Startup Time": 370.304,
    "Actual Total Time": 385.473,
    "Actual Rows": 1,
    "Actual Loops": 1,
    "Plans": [
      {
        "Node Type": "Gather",
        "Parent Relationship": "Outer",
        "Parallel Aware": false,
        "Startup Cost": 115303.71,
        "Total Cost": 115303.82,
        "Plan Rows": 1,
        "Plan Width": 8,
        "Actual Startup Time": 369.869,
        "Actual Total Time": 385.464,
        "Actual Rows": 2,
        "Actual Loops": 1,
        "Workers Planned": 1,
        "Workers Launched": 1,
        "Single Copy": false,
        "Plans": [
          {
            "Node Type": "Aggregate",
            "Strategy": "Plain",
            "Partial Mode": "Partial",
            "Parent Relationship": "Outer",
            "Parallel Aware": false,
            "Startup Cost": 114303.71,
            "Total Cost": 114303.72,
            "Plan Rows": 1,
            "Plan Width": 8,
            "Actual Startup Time": 363.79,
            "Actual Total Time": 363.794,
            "Actual Rows": 1,
            "Actual Loops": 2,
            "Plans": [
              {
                "Node Type": "Nested Loop",
                "Parent Relationship": "Outer",
                "Parallel Aware": false,
                "Join Type": "Inner",
                "Startup Cost": 78491.24,
                "Total Cost": 114299.01,
                "Plan Rows": 1880,
                "Plan Width": 0,
                "Actual Startup Time": 208.926,
                "Actual Total Time": 363.669,
                "Actual Rows": 1126,
                "Actual Loops": 2,
                "Inner Unique": false,
                "Join Filter": "(t.id = mi_idx.movie_id)",
                "Rows Removed by Join Filter": 0,
                "Plans": [
                  {
                    "Node Type": "Hash Join",
                    "Parent Relationship": "Outer",
                    "Parallel Aware": true,
                    "Join Type": "Inner",
                    "Startup Cost": 78490.81,
                    "Total Cost": 111337.48,
                    "Plan Rows": 5172,
                    "Plan Width": 8,
                    "Actual Startup Time": 208.866,
                    "Actual Total Time": 359.585,
                    "Actual Rows": 822,
                    "Actual Loops": 2,
                    "Inner Unique": true,
                    "Hash Cond": "(mk.movie_id = t.id)",
                    "Plans": [
                      {
                        "Node Type": "Bitmap Heap Scan",
                        "Parent Relationship": "Outer",
                        "Parallel Aware": true,
                        "Relation Name": "movie_keyword",
                        "Alias": "mk",
                        "Startup Cost": 20011.07,
                        "Total Cost": 51401.16,
                        "Plan Rows": 554887,
                        "Plan Width": 4,
                        "Actual Startup Time": 58.765,
                        "Actual Total Time": 161.834,
                        "Actual Rows": 473162,
                        "Actual Loops": 2,
                        "Recheck Cond": "(keyword_id < 889)",
                        "Rows Removed by Index Recheck": 0,
                        "Exact Heap Blocks": 12119,
                        "Lossy Heap Blocks": 0,
                        "Plans": [
                          {
                            "Node Type": "Bitmap Index Scan",
                            "Parent Relationship": "Outer",
                            "Parallel Aware": false,
                            "Index Name": "keyword_id_movie_keyword",
                            "Startup Cost": 0.0,
                            "Total Cost": 19775.24,
                            "Plan Rows": 943308,
                            "Plan Width": 0,
                            "Actual Startup Time": 54.876,
                            "Actual Total Time": 54.876,
                            "Actual Rows": 946324,
                            "Actual Loops": 1,
                            "Index Cond": "(keyword_id < 889)"
                          }
                        ]
                      },
                      {
                        "Node Type": "Hash",
                        "Parent Relationship": "Inner",
                        "Parallel Aware": true,
                        "Startup Cost": 58306.47,
                        "Total Cost": 58306.47,
                        "Plan Rows": 13862,
                        "Plan Width": 4,
                        "Actual Startup Time": 148.124,
                        "Actual Total Time": 148.125,
                        "Actual Rows": 12993,
                        "Actual Loops": 2,
                        "Hash Buckets": 32768,
                        "Original Hash Buckets": 32768,
                        "Hash Batches": 1,
                        "Original Hash Batches": 1,
                        "Peak Memory Usage": 1312,
                        "Plans": [
                          {
                            "Node Type": "Seq Scan",
                            "Parent Relationship": "Outer",
                            "Parallel Aware": true,
                            "Relation Name": "title",
                            "Alias": "t",
                            "Startup Cost": 0.0,
                            "Total Cost": 58306.47,
                            "Plan Rows": 13862,
                            "Plan Width": 4,
                            "Actual Startup Time": 0.053,
                            "Actual Total Time": 142.694,
                            "Actual Rows": 12993,
                            "Actual Loops": 2,
                            "Filter": "((kind_id = 7) AND (production_year = 1997))",
                            "Rows Removed by Filter": 1251163
                          }
                        ]
                      }
                    ]
                  },
                  {
                    "Node Type": "Index Scan",
                    "Parent Relationship": "Inner",
                    "Parallel Aware": false,
                    "Scan Direction": "Forward",
                    "Index Name": "movie_id_movie_info_idx",
                    "Relation Name": "movie_info_idx",
                    "Alias": "mi_idx",
                    "Startup Cost": 0.43,
                    "Total Cost": 0.55,
                    "Plan Rows": 2,
                    "Plan Width": 4,
                    "Actual Startup Time": 0.004,
                    "Actual Total Time": 0.004,
                    "Actual Rows": 1,
                    "Actual Loops": 1644,
                    "Index Cond": "(movie_id = mk.movie_id)",
                    "Rows Removed by Index Recheck": 0,
                    "Filter": "(info_type_id < 101)",
                    "Rows Removed by Filter": 1
                  }
                ]
              }
            ]
          }
        ]
      }
    ]
  },
  "Planning Time": 1.01,
  "Triggers": [],
  "Execution Time": 385.583
}