{
  "Plan": {
    "Node Type": "Aggregate",
    "Strategy": "Plain",
    "Partial Mode": "Finalize",
    "Parallel Aware": false,
    "Startup Cost": 112573.84,
    "Total Cost": 112573.85,
    "Plan Rows": 1,
    "Plan Width": 8,
    "Actual Startup Time": 520.318,
    "Actual Total Time": 536.146,
    "Actual Rows": 1,
    "Actual Loops": 1,
    "Plans": [
      {
        "Node Type": "Gather",
        "Parent Relationship": "Outer",
        "Parallel Aware": false,
        "Startup Cost": 112573.73,
        "Total Cost": 112573.84,
        "Plan Rows": 1,
        "Plan Width": 8,
        "Actual Startup Time": 518.944,
        "Actual Total Time": 536.139,
        "Actual Rows": 2,
        "Actual Loops": 1,
        "Workers Planned": 1,
        "Workers Launched": 1,
        "Single Copy": false,
        "Plans": [
          {
            "Node Type": "Aggregate",
            "Strategy": "Plain",
            "Partial Mode": "Partial",
            "Parent Relationship": "Outer",
            "Parallel Aware": false,
            "Startup Cost": 111573.73,
            "Total Cost": 111573.74,
            "Plan Rows": 1,
            "Plan Width": 8,
            "Actual Startup Time": 513.098,
            "Actual Total Time": 513.101,
            "Actual Rows": 1,
            "Actual Loops": 2,
            "Plans": [
              {
                "Node Type": "Hash Join",
                "Parent Relationship": "Outer",
                "Parallel Aware": true,
                "Join Type": "Inner",
                "Startup Cost": 47604.81,
                "Total Cost": 110749.11,
                "Plan Rows": 329847,
                "Plan Width": 0,
                "Actual Startup Time": 190.184,
                "Actual Total Time": 507.059,
                "Actual Rows": 138441,
                "Actual Loops": 2,
                "Inner Unique": false,
                "Hash Cond": "(t.id = mc.movie_id)",
                "Plans": [
                  {
                    "Node Type": "Seq Scan",
                    "Parent Relationship": "Outer",
                    "Parallel Aware": true,
                    "Relation Name": "title",
                    "Alias": "t",
                    "Startup Cost": 0.0,
                    "Total Cost": 54588.39,
                    "Plan Rows": 1058501,
                    "Plan Width": 4,
                    "Actual Startup Time": 0.01,
                    "Actual Total Time": 146.948,
                    "Actual Rows": 896692,
                    "Actual Loops": 2,
                    "Filter": "(production_year > 1988)",
                    "Rows Removed by Filter": 367464
                  },
                  {
                    "Node Type": "Hash",
                    "Parent Relationship": "Inner",
                    "Parallel Aware": true,
                    "Startup Cost": 41811.73,
                    "Total Cost": 41811.73,
                    "Plan Rows": 463447,
                    "Plan Width": 4,
                    "Actual Startup Time": 180.6,
                    "Actual Total Time": 180.601,
                    "Actual Rows": 247590,
                    "Actual Loops": 2,
                    "Hash Buckets": 1048576,
                    "Original Hash Buckets": 1048576,
                    "Hash Batches": 1,
                    "Original Hash Batches": 1,
                    "Peak Memory Usage": 27584,
                    "Plans": [
                      {
                        "Node Type": "Seq Scan",
                        "Parent Relationship": "Outer",
                        "Parallel Aware": true,
                        "Relation Name": "movie_companies",
                        "Alias": "mc",
                        "Startup Cost": 0.0,
                        "Total Cost": 41811.73,
                        "Plan Rows": 463447,
                        "Plan Width": 4,
                        "Actual Startup Time": 65.735,
                        "Actual Total Time": 124.569,
                        "Actual Rows": 247590,
                        "Actual Loops": 2,
                        "Filter": "((company_id < 14586) AND (company_type_id = 2))",
                        "Rows Removed by Filter": 1056974
                      }
                    ]
                  }
                ]
              }
            ]
          }
        ]
      }
    ]
  },
  "Planning Time": 0.469,
  "Triggers": [],
  "Execution Time": 536.216
}