{
  "Plan": {
    "Node Type": "Aggregate",
    "Strategy": "Plain",
    "Partial Mode": "Finalize",
    "Parallel Aware": false,
    "Startup Cost": 318036.37,
    "Total Cost": 318036.38,
    "Plan Rows": 1,
    "Plan Width": 8,
    "Actual Startup Time": 835.948,
    "Actual Total Time": 854.531,
    "Actual Rows": 1,
    "Actual Loops": 1,
    "Plans": [
      {
        "Node Type": "Gather",
        "Parent Relationship": "Outer",
        "Parallel Aware": false,
        "Startup Cost": 318036.25,
        "Total Cost": 318036.36,
        "Plan Rows": 1,
        "Plan Width": 8,
        "Actual Startup Time": 834.823,
        "Actual Total Time": 854.523,
        "Actual Rows": 2,
        "Actual Loops": 1,
        "Workers Planned": 1,
        "Workers Launched": 1,
        "Single Copy": false,
        "Plans": [
          {
            "Node Type": "Aggregate",
            "Strategy": "Plain",
            "Partial Mode": "Partial",
            "Parent Relationship": "Outer",
            "Parallel Aware": false,
            "Startup Cost": 317036.25,
            "Total Cost": 317036.26,
            "Plan Rows": 1,
            "Plan Width": 8,
            "Actual Startup Time": 828.58,
            "Actual Total Time": 828.587,
            "Actual Rows": 1,
            "Actual Loops": 2,
            "Plans": [
              {
                "Node Type": "Hash Join",
                "Parent Relationship": "Outer",
                "Parallel Aware": true,
                "Join Type": "Inner",
                "Startup Cost": 254927.89,
                "Total Cost": 316718.99,
                "Plan Rows": 126904,
                "Plan Width": 0,
                "Actual Startup Time": 446.374,
                "Actual Total Time": 813.622,
                "Actual Rows": 357884,
                "Actual Loops": 2,
                "Inner Unique": false,
                "Hash Cond": "(mk.movie_id = t.id)",
                "Plans": [
                  {
                    "Node Type": "Seq Scan",
                    "Parent Relationship": "Outer",
                    "Parallel Aware": true,
                    "Relation Name": "movie_keyword",
                    "Alias": "mk",
                    "Startup Cost": 0.0,
                    "Total Cost": 51065.35,
                    "Plan Rows": 2661135,
                    "Plan Width": 4,
                    "Actual Startup Time": 0.02,
                    "Actual Total Time": 159.737,
                    "Actual Rows": 2261965,
                    "Actual Loops": 2
                  },
                  {
                    "Node Type": "Hash",
                    "Parent Relationship": "Inner",
                    "Parallel Aware": true,
                    "Startup Cost": 254041.36,
                    "Total Cost": 254041.36,
                    "Plan Rows": 70923,
                    "Plan Width": 8,
                    "Actual Startup Time": 443.671,
                    "Actual Total Time": 443.676,
                    "Actual Rows": 101111,
                    "Actual Loops": 2,
                    "Hash Buckets": 262144,
                    "Original Hash Buckets": 131072,
                    "Hash Batches": 1,
                    "Original Hash Batches": 1,
                    "Peak Memory Usage": 11008,
                    "Plans": [
                      {
                        "Node Type": "Hash Join",
                        "Parent Relationship": "Outer",
                        "Parallel Aware": true,
                        "Join Type": "Inner",
                        "Startup Cost": 80267.55,
                        "Total Cost": 254041.36,
                        "Plan Rows": 70923,
                        "Plan Width": 8,
                        "Actual Startup Time": 227.064,
                        "Actual Total Time": 412.53,
                        "Actual Rows": 101111,
                        "Actual Loops": 2,
                        "Inner Unique": true,
                        "Hash Cond": "(mi.movie_id = t.id)",
                        "Plans": [
                          {
                            "Node Type": "Bitmap Heap Scan",
                            "Parent Relationship": "Outer",
                            "Parallel Aware": true,
                            "Relation Name": "movie_info",
                            "Alias": "mi",
                            "Startup Cost": 23986.4,
                            "Total Cost": 195715.6,
                            "Plan Rows": 778896,
                            "Plan Width": 4,
                            "Actual Startup Time": 42.188,
                            "Actual Total Time": 106.236,
                            "Actual Rows": 662680,
                            "Actual Loops": 2,
                            "Recheck Cond": "(info_type_id = 8)",
                            "Rows Removed by Index Recheck": 0,
                            "Exact Heap Blocks": 4292,
                            "Lossy Heap Blocks": 0,
                            "Plans": [
                              {
                                "Node Type": "Bitmap Index Scan",
                                "Parent Relationship": "Outer",
                                "Parallel Aware": false,
                                "Index Name": "info_type_id_movie_info",
                                "Startup Cost": 0.0,
                                "Total Cost": 23655.37,
                                "Plan Rows": 1324124,
                                "Plan Width": 0,
                                "Actual Startup Time": 40.971,
                                "Actual Total Time": 40.971,
                                "Actual Rows": 1325361,
                                "Actual Loops": 1,
                                "Index Cond": "(info_type_id = 8)"
                              }
                            ]
                          },
                          {
                            "Node Type": "Hash",
                            "Parent Relationship": "Inner",
                            "Parallel Aware": true,
                            "Startup Cost": 54588.39,
                            "Total Cost": 54588.39,
                            "Plan Rows": 135421,
                            "Plan Width": 4,
                            "Actual Startup Time": 182.061,
                            "Actual Total Time": 182.062,
                            "Actual Rows": 120700,
                            "Actual Loops": 2,
                            "Hash Buckets": 262144,
                            "Original Hash Buckets": 262144,
                            "Hash Batches": 1,
                            "Original Hash Batches": 1,
                            "Peak Memory Usage": 11520,
                            "Plans": [
                              {
                                "Node Type": "Seq Scan",
                                "Parent Relationship": "Outer",
                                "Parallel Aware": true,
                                "Relation Name": "title",
                                "Alias": "t",
                                "Startup Cost": 0.0,
                                "Total Cost": 54588.39,
                                "Plan Rows": 135421,
                                "Plan Width": 4,
                                "Actual Startup Time": 0.031,
                                "Actual Total Time": 146.581,
                                "Actual Rows": 120700,
                                "Actual Loops": 2,
                                "Filter": "(production_year < 1960)",
                                "Rows Removed by Filter": 1143456
                              }
                            ]
                          }
                        ]
                      }
                    ]
                  }
                ]
              }
            ]
          }
        ]
      }
    ]
  },
  "Planning Time": 0.969,
  "Triggers": [],
  "Execution Time": 854.634
}