[
  {
    "Plan": {
      "Node Type": "Aggregate",
      "Strategy": "Plain",
      "Partial Mode": "Finalize",
      "Parallel Aware": false,
      "Startup Cost": 72070.03,
      "Total Cost": 72070.04,
      "Plan Rows": 1,
      "Plan Width": 8,
      "Actual Startup Time": 37.639,
      "Actual Total Time": 40.975,
      "Actual Rows": 1,
      "Actual Loops": 1,
      "Plans": [
        {
          "Node Type": "Gather",
          "Parent Relationship": "Outer",
          "Parallel Aware": false,
          "Startup Cost": 72069.72,
          "Total Cost": 72070.03,
          "Plan Rows": 3,
          "Plan Width": 8,
          "Actual Startup Time": 34.494,
          "Actual Total Time": 40.963,
          "Actual Rows": 4,
          "Actual Loops": 1,
          "Workers Planned": 3,
          "Workers Launched": 3,
          "Single Copy": false,
          "Plans": [
            {
              "Node Type": "Aggregate",
              "Strategy": "Plain",
              "Partial Mode": "Partial",
              "Parent Relationship": "Outer",
              "Parallel Aware": false,
              "Startup Cost": 71069.72,
              "Total Cost": 71069.73,
              "Plan Rows": 1,
              "Plan Width": 8,
              "Actual Startup Time": 25.752,
              "Actual Total Time": 25.754,
              "Actual Rows": 1,
              "Actual Loops": 4,
              "Plans": [
                {
                  "Node Type": "Nested Loop",
                  "Parent Relationship": "Outer",
                  "Parallel Aware": false,
                  "Join Type": "Inner",
                  "Startup Cost": 271.02,
                  "Total Cost": 71052.29,
                  "Plan Rows": 6970,
                  "Plan Width": 0,
                  "Actual Startup Time": 16.207,
                  "Actual Total Time": 25.736,
                  "Actual Rows": 56,
                  "Actual Loops": 4,
                  "Inner Unique": false,
                  "Plans": [
                    {
                      "Node Type": "Nested Loop",
                      "Parent Relationship": "Outer",
                      "Parallel Aware": false,
                      "Join Type": "Inner",
                      "Startup Cost": 270.58,
                      "Total Cost": 64266.32,
                      "Plan Rows": 3895,
                      "Plan Width": 8,
                      "Actual Startup Time": 6.281,
                      "Actual Total Time": 19.502,
                      "Actual Rows": 1176,
                      "Actual Loops": 4,
                      "Inner Unique": true,
                      "Plans": [
                        {
                          "Node Type": "Bitmap Heap Scan",
                          "Parent Relationship": "Outer",
                          "Parallel Aware": true,
                          "Relation Name": "cast_info",
                          "Alias": "ci",
                          "Startup Cost": 270.15,
                          "Total Cost": 39853.86,
                          "Plan Rows": 3895,
                          "Plan Width": 4,
                          "Actual Startup Time": 6.064,
                          "Actual Total Time": 6.574,
                          "Actual Rows": 1176,
                          "Actual Loops": 4,
                          "Recheck Cond": "(person_id = 559241)",
                          "Rows Removed by Index Recheck": 0,
                          "Exact Heap Blocks": 12,
                          "Lossy Heap Blocks": 0,
                          "Plans": [
                            {
                              "Node Type": "Bitmap Index Scan",
                              "Parent Relationship": "Outer",
                              "Parallel Aware": false,
                              "Index Name": "person_id_cast_info",
                              "Startup Cost": 0.0,
                              "Total Cost": 267.13,
                              "Plan Rows": 12076,
                              "Plan Width": 0,
                              "Actual Startup Time": 14.319,
                              "Actual Total Time": 14.319,
                              "Actual Rows": 4703,
                              "Actual Loops": 1,
                              "Index Cond": "(person_id = 559241)"
                            }
                          ]
                        },
                        {
                          "Node Type": "Index Only Scan",
                          "Parent Relationship": "Inner",
                          "Parallel Aware": false,
                          "Scan Direction": "Forward",
                          "Index Name": "title_pkey",
                          "Relation Name": "title",
                          "Alias": "t",
                          "Startup Cost": 0.43,
                          "Total Cost": 6.27,
                          "Plan Rows": 1,
                          "Plan Width": 4,
                          "Actual Startup Time": 0.01,
                          "Actual Total Time": 0.01,
                          "Actual Rows": 1,
                          "Actual Loops": 4703,
                          "Index Cond": "(id = ci.movie_id)",
                          "Rows Removed by Index Recheck": 0,
                          "Heap Fetches": 4703
                        }
                      ]
                    },
                    {
                      "Node Type": "Index Only Scan",
                      "Parent Relationship": "Inner",
                      "Parallel Aware": false,
                      "Scan Direction": "Forward",
                      "Index Name": "movie_id_movie_keyword",
                      "Relation Name": "movie_keyword",
                      "Alias": "mk",
                      "Startup Cost": 0.43,
                      "Total Cost": 1.29,
                      "Plan Rows": 45,
                      "Plan Width": 4,
                      "Actual Startup Time": 0.004,
                      "Actual Total Time": 0.004,
                      "Actual Rows": 0,
                      "Actual Loops": 4703,
                      "Index Cond": "(movie_id = t.id)",
                      "Rows Removed by Index Recheck": 0,
                      "Heap Fetches": 225
                    }
                  ]
                }
              ]
            }
          ]
        }
      ]
    },
    "Planning Time": 1.268,
    "Triggers": [],
    "Execution Time": 41.07
  }
]