{
    "Plan": {
        "Node Type": "Aggregate",
        "Strategy": "Plain",
        "Partial Mode": "Finalize",
        "Parallel Aware": false,
        "Startup Cost": 249365.25,
        "Total Cost": 249365.26,
        "Plan Rows": 1,
        "Plan Width": 8,
        "Actual Startup Time": 651.046,
        "Actual Total Time": 690.708,
        "Actual Rows": 1,
        "Actual Loops": 1,
        "Output": [
            "count(*)"
        ],
        "Plans": [
            {
                "Node Type": "Gather",
                "Parent Relationship": "Outer",
                "Parallel Aware": false,
                "Startup Cost": 249364.73,
                "Total Cost": 249365.24,
                "Plan Rows": 5,
                "Plan Width": 8,
                "Actual Startup Time": 639.202,
                "Actual Total Time": 690.692,
                "Actual Rows": 6,
                "Actual Loops": 1,
                "Output": [
                    "(PARTIAL count(*))"
                ],
                "Workers Planned": 5,
                "Workers Launched": 5,
                "Single Copy": false,
                "Plans": [
                    {
                        "Node Type": "Aggregate",
                        "Strategy": "Plain",
                        "Partial Mode": "Partial",
                        "Parent Relationship": "Outer",
                        "Parallel Aware": false,
                        "Startup Cost": 248364.73,
                        "Total Cost": 248364.74,
                        "Plan Rows": 1,
                        "Plan Width": 8,
                        "Actual Startup Time": 625.712,
                        "Actual Total Time": 625.716,
                        "Actual Rows": 1,
                        "Actual Loops": 6,
                        "Output": [
                            "PARTIAL count(*)"
                        ],
                        "Workers": [
                            {
                                "Worker Number": 0,
                                "Actual Startup Time": 622.742,
                                "Actual Total Time": 622.745,
                                "Actual Rows": 1,
                                "Actual Loops": 1
                            },
                            {
                                "Worker Number": 1,
                                "Actual Startup Time": 623.952,
                                "Actual Total Time": 623.955,
                                "Actual Rows": 1,
                                "Actual Loops": 1
                            },
                            {
                                "Worker Number": 2,
                                "Actual Startup Time": 623.14,
                                "Actual Total Time": 623.143,
                                "Actual Rows": 1,
                                "Actual Loops": 1
                            },
                            {
                                "Worker Number": 3,
                                "Actual Startup Time": 623.003,
                                "Actual Total Time": 623.007,
                                "Actual Rows": 1,
                                "Actual Loops": 1
                            },
                            {
                                "Worker Number": 4,
                                "Actual Startup Time": 623.143,
                                "Actual Total Time": 623.146,
                                "Actual Rows": 1,
                                "Actual Loops": 1
                            }
                        ],
                        "Plans": [
                            {
                                "Node Type": "Hash Join",
                                "Parent Relationship": "Outer",
                                "Parallel Aware": true,
                                "Join Type": "Inner",
                                "Startup Cost": 48402.76,
                                "Total Cost": 247984.29,
                                "Plan Rows": 152178,
                                "Plan Width": 0,
                                "Actual Startup Time": 477.209,
                                "Actual Total Time": 618.564,
                                "Actual Rows": 143281,
                                "Actual Loops": 6,
                                "Inner Unique": true,
                                "Hash Cond": "(mi.movie_id = t.id)",
                                "Workers": [
                                    {
                                        "Worker Number": 0,
                                        "Actual Startup Time": 474.446,
                                        "Actual Total Time": 615.051,
                                        "Actual Rows": 122458,
                                        "Actual Loops": 1
                                    },
                                    {
                                        "Worker Number": 1,
                                        "Actual Startup Time": 474.436,
                                        "Actual Total Time": 616.262,
                                        "Actual Rows": 121934,
                                        "Actual Loops": 1
                                    },
                                    {
                                        "Worker Number": 2,
                                        "Actual Startup Time": 474.85,
                                        "Actual Total Time": 616.516,
                                        "Actual Rows": 171362,
                                        "Actual Loops": 1
                                    },
                                    {
                                        "Worker Number": 3,
                                        "Actual Startup Time": 474.69,
                                        "Actual Total Time": 617.061,
                                        "Actual Rows": 152747,
                                        "Actual Loops": 1
                                    },
                                    {
                                        "Worker Number": 4,
                                        "Actual Startup Time": 474.831,
                                        "Actual Total Time": 616.548,
                                        "Actual Rows": 169510,
                                        "Actual Loops": 1
                                    }
                                ],
                                "Plans": [
                                    {
                                        "Node Type": "Seq Scan",
                                        "Parent Relationship": "Outer",
                                        "Parallel Aware": true,
                                        "Relation Name": "movie_info",
                                        "Schema": "public",
                                        "Alias": "mi",
                                        "Startup Cost": 0.0,
                                        "Total Cost": 198880.74,
                                        "Plan Rows": 266969,
                                        "Plan Width": 4,
                                        "Actual Startup Time": 266.476,
                                        "Actual Total Time": 325.053,
                                        "Actual Rows": 220894,
                                        "Actual Loops": 6,
                                        "Output": [
                                            "mi.id",
                                            "mi.movie_id",
                                            "mi.info_type_id",
                                            "mi.info",
                                            "mi.note"
                                        ],
                                        "Filter": "(mi.info_type_id = 8)",
                                        "Rows Removed by Filter": 2251726,
                                        "Workers": [
                                            {
                                                "Worker Number": 0,
                                                "Actual Startup Time": 266.407,
                                                "Actual Total Time": 327.925,
                                                "Actual Rows": 188340,
                                                "Actual Loops": 1
                                            },
                                            {
                                                "Worker Number": 1,
                                                "Actual Startup Time": 266.42,
                                                "Actual Total Time": 327.751,
                                                "Actual Rows": 187520,
                                                "Actual Loops": 1
                                            },
                                            {
                                                "Worker Number": 2,
                                                "Actual Startup Time": 266.523,
                                                "Actual Total Time": 324.331,
                                                "Actual Rows": 264929,
                                                "Actual Loops": 1
                                            },
                                            {
                                                "Worker Number": 3,
                                                "Actual Startup Time": 266.556,
                                                "Actual Total Time": 323.312,
                                                "Actual Rows": 234872,
                                                "Actual Loops": 1
                                            },
                                            {
                                                "Worker Number": 4,
                                                "Actual Startup Time": 266.394,
                                                "Actual Total Time": 324.121,
                                                "Actual Rows": 261332,
                                                "Actual Loops": 1
                                            }
                                        ]
                                    },
                                    {
                                        "Node Type": "Hash",
                                        "Parent Relationship": "Inner",
                                        "Parallel Aware": true,
                                        "Startup Cost": 43899.01,
                                        "Total Cost": 43899.01,
                                        "Plan Rows": 360300,
                                        "Plan Width": 4,
                                        "Actual Startup Time": 205.076,
                                        "Actual Total Time": 205.077,
                                        "Actual Rows": 240550,
                                        "Actual Loops": 6,
                                        "Output": [
                                            "t.id"
                                        ],
                                        "Hash Buckets": 2097152,
                                        "Original Hash Buckets": 2097152,
                                        "Hash Batches": 1,
                                        "Original Hash Batches": 1,
                                        "Peak Memory Usage": 72928,
                                        "Workers": [
                                            {
                                                "Worker Number": 0,
                                                "Actual Startup Time": 207.154,
                                                "Actual Total Time": 207.155,
                                                "Actual Rows": 199027,
                                                "Actual Loops": 1
                                            },
                                            {
                                                "Worker Number": 1,
                                                "Actual Startup Time": 207.15,
                                                "Actual Total Time": 207.151,
                                                "Actual Rows": 198395,
                                                "Actual Loops": 1
                                            },
                                            {
                                                "Worker Number": 2,
                                                "Actual Startup Time": 207.609,
                                                "Actual Total Time": 207.61,
                                                "Actual Rows": 271693,
                                                "Actual Loops": 1
                                            },
                                            {
                                                "Worker Number": 3,
                                                "Actual Startup Time": 207.464,
                                                "Actual Total Time": 207.465,
                                                "Actual Rows": 248569,
                                                "Actual Loops": 1
                                            },
                                            {
                                                "Worker Number": 4,
                                                "Actual Startup Time": 207.588,
                                                "Actual Total Time": 207.589,
                                                "Actual Rows": 268856,
                                                "Actual Loops": 1
                                            }
                                        ],
                                        "Plans": [
                                            {
                                                "Node Type": "Seq Scan",
                                                "Parent Relationship": "Outer",
                                                "Parallel Aware": true,
                                                "Relation Name": "title",
                                                "Schema": "public",
                                                "Alias": "t",
                                                "Startup Cost": 0.0,
                                                "Total Cost": 43899.01,
                                                "Plan Rows": 360300,
                                                "Plan Width": 4,
                                                "Actual Startup Time": 0.06,
                                                "Actual Total Time": 94.608,
                                                "Actual Rows": 240550,
                                                "Actual Loops": 6,
                                                "Output": [
                                                    "t.id"
                                                ],
                                                "Filter": "(t.production_year < 2006)",
                                                "Rows Removed by Filter": 180836,
                                                "Workers": [
                                                    {
                                                        "Worker Number": 0,
                                                        "Actual Startup Time": 0.064,
                                                        "Actual Total Time": 98.504,
                                                        "Actual Rows": 199027,
                                                        "Actual Loops": 1
                                                    },
                                                    {
                                                        "Worker Number": 1,
                                                        "Actual Startup Time": 0.075,
                                                        "Actual Total Time": 98.663,
                                                        "Actual Rows": 198395,
                                                        "Actual Loops": 1
                                                    },
                                                    {
                                                        "Worker Number": 2,
                                                        "Actual Startup Time": 0.065,
                                                        "Actual Total Time": 95.356,
                                                        "Actual Rows": 271693,
                                                        "Actual Loops": 1
                                                    },
                                                    {
                                                        "Worker Number": 3,
                                                        "Actual Startup Time": 0.07,
                                                        "Actual Total Time": 94.505,
                                                        "Actual Rows": 248569,
                                                        "Actual Loops": 1
                                                    },
                                                    {
                                                        "Worker Number": 4,
                                                        "Actual Startup Time": 0.07,
                                                        "Actual Total Time": 94.526,
                                                        "Actual Rows": 268856,
                                                        "Actual Loops": 1
                                                    }
                                                ]
                                            }
                                        ]
                                    }
                                ]
                            }
                        ]
                    }
                ]
            }
        ]
    },
    "Planning Time": 0.72,
    "Triggers": [],
    "Execution Time": 690.798
}