{
  "Plan": {
    "Node Type": "Aggregate",
    "Strategy": "Plain",
    "Partial Mode": "Finalize",
    "Parallel Aware": false,
    "Startup Cost": 406658.28,
    "Total Cost": 406658.29,
    "Plan Rows": 1,
    "Plan Width": 8,
    "Actual Startup Time": 872.103,
    "Actual Total Time": 892.842,
    "Actual Rows": 1,
    "Actual Loops": 1,
    "Plans": [
      {
        "Node Type": "Gather",
        "Parent Relationship": "Outer",
        "Parallel Aware": false,
        "Startup Cost": 406658.17,
        "Total Cost": 406658.28,
        "Plan Rows": 1,
        "Plan Width": 8,
        "Actual Startup Time": 870.564,
        "Actual Total Time": 892.834,
        "Actual Rows": 2,
        "Actual Loops": 1,
        "Workers Planned": 1,
        "Workers Launched": 1,
        "Single Copy": false,
        "Plans": [
          {
            "Node Type": "Aggregate",
            "Strategy": "Plain",
            "Partial Mode": "Partial",
            "Parent Relationship": "Outer",
            "Parallel Aware": false,
            "Startup Cost": 405658.17,
            "Total Cost": 405658.18,
            "Plan Rows": 1,
            "Plan Width": 8,
            "Actual Startup Time": 863.895,
            "Actual Total Time": 863.901,
            "Actual Rows": 1,
            "Actual Loops": 2,
            "Plans": [
              {
                "Node Type": "Hash Join",
                "Parent Relationship": "Outer",
                "Parallel Aware": true,
                "Join Type": "Inner",
                "Startup Cost": 139225.87,
                "Total Cost": 405314.38,
                "Plan Rows": 137515,
                "Plan Width": 0,
                "Actual Startup Time": 629.756,
                "Actual Total Time": 853.763,
                "Actual Rows": 193006,
                "Actual Loops": 2,
                "Inner Unique": false,
                "Hash Cond": "(ci.movie_id = t.id)",
                "Plans": [
                  {
                    "Node Type": "Bitmap Heap Scan",
                    "Parent Relationship": "Outer",
                    "Parallel Aware": true,
                    "Relation Name": "cast_info",
                    "Alias": "ci",
                    "Startup Cost": 29098.26,
                    "Total Cost": 291471.88,
                    "Plan Rows": 774929,
                    "Plan Width": 4,
                    "Actual Startup Time": 44.537,
                    "Actual Total Time": 130.656,
                    "Actual Rows": 652542,
                    "Actual Loops": 2,
                    "Recheck Cond": "(person_id > 3809742)",
                    "Rows Removed by Index Recheck": 0,
                    "Exact Heap Blocks": 7707,
                    "Lossy Heap Blocks": 0,
                    "Plans": [
                      {
                        "Node Type": "Bitmap Index Scan",
                        "Parent Relationship": "Outer",
                        "Parallel Aware": false,
                        "Index Name": "person_id_cast_info",
                        "Startup Cost": 0.0,
                        "Total Cost": 28768.91,
                        "Plan Rows": 1317380,
                        "Plan Width": 0,
                        "Actual Startup Time": 41.709,
                        "Actual Total Time": 41.71,
                        "Actual Rows": 1305083,
                        "Actual Loops": 1,
                        "Index Cond": "(person_id > 3809742)"
                      }
                    ]
                  },
                  {
                    "Node Type": "Hash",
                    "Parent Relationship": "Inner",
                    "Parallel Aware": true,
                    "Startup Cost": 106828.64,
                    "Total Cost": 106828.64,
                    "Plan Rows": 263917,
                    "Plan Width": 8,
                    "Actual Startup Time": 580.099,
                    "Actual Total Time": 580.103,
                    "Actual Rows": 128447,
                    "Actual Loops": 2,
                    "Hash Buckets": 524288,
                    "Original Hash Buckets": 524288,
                    "Hash Batches": 1,
                    "Original Hash Batches": 1,
                    "Peak Memory Usage": 14176,
                    "Plans": [
                      {
                        "Node Type": "Hash Join",
                        "Parent Relationship": "Outer",
                        "Parallel Aware": true,
                        "Join Type": "Inner",
                        "Startup Cost": 45110.69,
                        "Total Cost": 106828.64,
                        "Plan Rows": 263917,
                        "Plan Width": 8,
                        "Actual Startup Time": 174.538,
                        "Actual Total Time": 540.237,
                        "Actual Rows": 128447,
                        "Actual Loops": 2,
                        "Inner Unique": false,
                        "Hash Cond": "(t.id = mc.movie_id)",
                        "Plans": [
                          {
                            "Node Type": "Seq Scan",
                            "Parent Relationship": "Outer",
                            "Parallel Aware": true,
                            "Relation Name": "title",
                            "Alias": "t",
                            "Startup Cost": 0.0,
                            "Total Cost": 50870.31,
                            "Plan Rows": 1487231,
                            "Plan Width": 4,
                            "Actual Startup Time": 0.009,
                            "Actual Total Time": 134.814,
                            "Actual Rows": 1264156,
                            "Actual Loops": 2
                          },
                          {
                            "Node Type": "Hash",
                            "Parent Relationship": "Inner",
                            "Parallel Aware": true,
                            "Startup Cost": 41811.73,
                            "Total Cost": 41811.73,
                            "Plan Rows": 263917,
                            "Plan Width": 4,
                            "Actual Startup Time": 170.802,
                            "Actual Total Time": 170.803,
                            "Actual Rows": 128447,
                            "Actual Loops": 2,
                            "Hash Buckets": 524288,
                            "Original Hash Buckets": 524288,
                            "Hash Batches": 1,
                            "Original Hash Batches": 1,
                            "Peak Memory Usage": 14176,
                            "Plans": [
                              {
                                "Node Type": "Seq Scan",
                                "Parent Relationship": "Outer",
                                "Parallel Aware": true,
                                "Relation Name": "movie_companies",
                                "Alias": "mc",
                                "Startup Cost": 0.0,
                                "Total Cost": 41811.73,
                                "Plan Rows": 263917,
                                "Plan Width": 4,
                                "Actual Startup Time": 73.426,
                                "Actual Total Time": 136.101,
                                "Actual Rows": 128447,
                                "Actual Loops": 2,
                                "Filter": "((company_id < 2609) AND (company_type_id > 1))",
                                "Rows Removed by Filter": 1176118
                              }
                            ]
                          }
                        ]
                      }
                    ]
                  }
                ]
              }
            ]
          }
        ]
      }
    ]
  },
  "Planning Time": 0.936,
  "Triggers": [],
  "Execution Time": 892.951
}