[
  {
    "Plan": {
      "Node Type": "Aggregate",
      "Strategy": "Plain",
      "Partial Mode": "Finalize",
      "Parallel Aware": false,
      "Startup Cost": 45746.28,
      "Total Cost": 45746.29,
      "Plan Rows": 1,
      "Plan Width": 8,
      "Actual Startup Time": 140.185,
      "Actual Total Time": 147.891,
      "Actual Rows": 1,
      "Actual Loops": 1,
      "Plans": [
        {
          "Node Type": "Gather",
          "Parent Relationship": "Outer",
          "Parallel Aware": false,
          "Startup Cost": 45745.96,
          "Total Cost": 45746.27,
          "Plan Rows": 3,
          "Plan Width": 8,
          "Actual Startup Time": 140.089,
          "Actual Total Time": 147.883,
          "Actual Rows": 4,
          "Actual Loops": 1,
          "Workers Planned": 3,
          "Workers Launched": 3,
          "Single Copy": false,
          "Plans": [
            {
              "Node Type": "Aggregate",
              "Strategy": "Plain",
              "Partial Mode": "Partial",
              "Parent Relationship": "Outer",
              "Parallel Aware": false,
              "Startup Cost": 44745.96,
              "Total Cost": 44745.97,
              "Plan Rows": 1,
              "Plan Width": 8,
              "Actual Startup Time": 135.281,
              "Actual Total Time": 135.282,
              "Actual Rows": 1,
              "Actual Loops": 4,
              "Plans": [
                {
                  "Node Type": "Seq Scan",
                  "Parent Relationship": "Outer",
                  "Parallel Aware": true,
                  "Relation Name": "movie_keyword",
                  "Alias": "mk",
                  "Startup Cost": 0.0,
                  "Total Cost": 42695.65,
                  "Plan Rows": 820124,
                  "Plan Width": 0,
                  "Actual Startup Time": 0.042,
                  "Actual Total Time": 108.232,
                  "Actual Rows": 635376,
                  "Actual Loops": 4,
                  "Filter": "(keyword_id < 6369)",
                  "Rows Removed by Filter": 495606
                }
              ]
            }
          ]
        }
      ]
    },
    "Planning Time": 0.097,
    "Triggers": [],
    "Execution Time": 147.924
  }
]