[
  {
    "Plan": {
      "Node Type": "Aggregate",
      "Strategy": "Plain",
      "Partial Mode": "Simple",
      "Parallel Aware": false,
      "Startup Cost": 3307.02,
      "Total Cost": 3307.03,
      "Plan Rows": 1,
      "Plan Width": 8,
      "Actual Startup Time": 88.249,
      "Actual Total Time": 88.252,
      "Actual Rows": 1,
      "Actual Loops": 1,
      "Plans": [
        {
          "Node Type": "Nested Loop",
          "Parent Relationship": "Outer",
          "Parallel Aware": false,
          "Join Type": "Inner",
          "Startup Cost": 7.36,
          "Total Cost": 3303.85,
          "Plan Rows": 1267,
          "Plan Width": 0,
          "Actual Startup Time": 17.393,
          "Actual Total Time": 85.802,
          "Actual Rows": 29059,
          "Actual Loops": 1,
          "Inner Unique": false,
          "Plans": [
            {
              "Node Type": "Nested Loop",
              "Parent Relationship": "Outer",
              "Parallel Aware": false,
              "Join Type": "Inner",
              "Startup Cost": 6.79,
              "Total Cost": 3019.22,
              "Plan Rows": 88,
              "Plan Width": 8,
              "Actual Startup Time": 17.36,
              "Actual Total Time": 24.125,
              "Actual Rows": 518,
              "Actual Loops": 1,
              "Inner Unique": true,
              "Plans": [
                {
                  "Node Type": "Bitmap Heap Scan",
                  "Parent Relationship": "Outer",
                  "Parallel Aware": false,
                  "Relation Name": "movie_keyword",
                  "Alias": "mk",
                  "Startup Cost": 6.36,
                  "Total Cost": 926.55,
                  "Plan Rows": 249,
                  "Plan Width": 4,
                  "Actual Startup Time": 17.226,
                  "Actual Total Time": 18.892,
                  "Actual Rows": 724,
                  "Actual Loops": 1,
                  "Recheck Cond": "(keyword_id = 5363)",
                  "Rows Removed by Index Recheck": 0,
                  "Exact Heap Blocks": 692,
                  "Lossy Heap Blocks": 0,
                  "Plans": [
                    {
                      "Node Type": "Bitmap Index Scan",
                      "Parent Relationship": "Outer",
                      "Parallel Aware": false,
                      "Index Name": "keyword_id_movie_keyword",
                      "Startup Cost": 0.0,
                      "Total Cost": 6.3,
                      "Plan Rows": 249,
                      "Plan Width": 0,
                      "Actual Startup Time": 16.977,
                      "Actual Total Time": 16.977,
                      "Actual Rows": 724,
                      "Actual Loops": 1,
                      "Index Cond": "(keyword_id = 5363)"
                    }
                  ]
                },
                {
                  "Node Type": "Index Scan",
                  "Parent Relationship": "Inner",
                  "Parallel Aware": false,
                  "Scan Direction": "Forward",
                  "Index Name": "title_pkey",
                  "Relation Name": "title",
                  "Alias": "t",
                  "Startup Cost": 0.43,
                  "Total Cost": 8.4,
                  "Plan Rows": 1,
                  "Plan Width": 4,
                  "Actual Startup Time": 0.007,
                  "Actual Total Time": 0.007,
                  "Actual Rows": 1,
                  "Actual Loops": 724,
                  "Index Cond": "(id = mk.movie_id)",
                  "Rows Removed by Index Recheck": 0,
                  "Filter": "((kind_id < 7) AND (production_year > 1950))",
                  "Rows Removed by Filter": 0
                }
              ]
            },
            {
              "Node Type": "Index Only Scan",
              "Parent Relationship": "Inner",
              "Parallel Aware": false,
              "Scan Direction": "Forward",
              "Index Name": "movie_id_cast_info",
              "Relation Name": "cast_info",
              "Alias": "ci",
              "Startup Cost": 0.56,
              "Total Cost": 2.88,
              "Plan Rows": 35,
              "Plan Width": 4,
              "Actual Startup Time": 0.011,
              "Actual Total Time": 0.112,
              "Actual Rows": 56,
              "Actual Loops": 518,
              "Index Cond": "(movie_id = t.id)",
              "Rows Removed by Index Recheck": 0,
              "Heap Fetches": 29059
            }
          ]
        }
      ]
    },
    "Planning Time": 1.152,
    "Triggers": [],
    "Execution Time": 88.349
  }
]