[
  {
    "Plan": {
      "Node Type": "Aggregate",
      "Strategy": "Plain",
      "Partial Mode": "Finalize",
      "Parallel Aware": false,
      "Startup Cost": 42670.74,
      "Total Cost": 42670.75,
      "Plan Rows": 1,
      "Plan Width": 8,
      "Actual Startup Time": 138.607,
      "Actual Total Time": 145.029,
      "Actual Rows": 1,
      "Actual Loops": 1,
      "Plans": [
        {
          "Node Type": "Gather",
          "Parent Relationship": "Outer",
          "Parallel Aware": false,
          "Startup Cost": 42670.42,
          "Total Cost": 42670.73,
          "Plan Rows": 3,
          "Plan Width": 8,
          "Actual Startup Time": 138.425,
          "Actual Total Time": 145.02,
          "Actual Rows": 4,
          "Actual Loops": 1,
          "Workers Planned": 3,
          "Workers Launched": 3,
          "Single Copy": false,
          "Plans": [
            {
              "Node Type": "Aggregate",
              "Strategy": "Plain",
              "Partial Mode": "Partial",
              "Parent Relationship": "Outer",
              "Parallel Aware": false,
              "Startup Cost": 41670.42,
              "Total Cost": 41670.43,
              "Plan Rows": 1,
              "Plan Width": 8,
              "Actual Startup Time": 130.924,
              "Actual Total Time": 130.925,
              "Actual Rows": 1,
              "Actual Loops": 4,
              "Plans": [
                {
                  "Node Type": "Bitmap Heap Scan",
                  "Parent Relationship": "Outer",
                  "Parallel Aware": true,
                  "Relation Name": "movie_keyword",
                  "Alias": "mk",
                  "Startup Cost": 14018.48,
                  "Total Cost": 41137.43,
                  "Plan Rows": 213196,
                  "Plan Width": 0,
                  "Actual Startup Time": 55.086,
                  "Actual Total Time": 122.27,
                  "Actual Rows": 162632,
                  "Actual Loops": 4,
                  "Recheck Cond": "(keyword_id > 28900)",
                  "Rows Removed by Index Recheck": 0,
                  "Exact Heap Blocks": 9734,
                  "Lossy Heap Blocks": 0,
                  "Plans": [
                    {
                      "Node Type": "Bitmap Index Scan",
                      "Parent Relationship": "Outer",
                      "Parallel Aware": false,
                      "Index Name": "keyword_id_movie_keyword",
                      "Startup Cost": 0.0,
                      "Total Cost": 13853.25,
                      "Plan Rows": 660909,
                      "Plan Width": 0,
                      "Actual Startup Time": 58.325,
                      "Actual Total Time": 58.325,
                      "Actual Rows": 650527,
                      "Actual Loops": 1,
                      "Index Cond": "(keyword_id > 28900)"
                    }
                  ]
                }
              ]
            }
          ]
        }
      ]
    },
    "Planning Time": 0.196,
    "Triggers": [],
    "Execution Time": 145.097
  }
]