[
  {
    "Plan": {
      "Node Type": "Aggregate",
      "Strategy": "Plain",
      "Partial Mode": "Simple",
      "Parallel Aware": false,
      "Startup Cost": 72616.2,
      "Total Cost": 72616.21,
      "Plan Rows": 1,
      "Plan Width": 64,
      "Actual Startup Time": 213.12,
      "Actual Total Time": 232.501,
      "Actual Rows": 1,
      "Actual Loops": 1,
      "Plans": [
        {
          "Node Type": "Nested Loop",
          "Parent Relationship": "Outer",
          "Parallel Aware": false,
          "Join Type": "Inner",
          "Startup Cost": 1004.44,
          "Total Cost": 72616.2,
          "Plan Rows": 1,
          "Plan Width": 32,
          "Actual Startup Time": 127.991,
          "Actual Total Time": 232.403,
          "Actual Rows": 253,
          "Actual Loops": 1,
          "Inner Unique": true,
          "Plans": [
            {
              "Node Type": "Nested Loop",
              "Parent Relationship": "Outer",
              "Parallel Aware": false,
              "Join Type": "Inner",
              "Startup Cost": 1004.02,
              "Total Cost": 72615.75,
              "Plan Rows": 1,
              "Plan Width": 36,
              "Actual Startup Time": 127.443,
              "Actual Total Time": 230.709,
              "Actual Rows": 429,
              "Actual Loops": 1,
              "Inner Unique": false,
              "Join Filter": "(t.id = mc.movie_id)",
              "Rows Removed by Join Filter": 0,
              "Plans": [
                {
                  "Node Type": "Nested Loop",
                  "Parent Relationship": "Outer",
                  "Parallel Aware": false,
                  "Join Type": "Inner",
                  "Startup Cost": 1003.59,
                  "Total Cost": 72615.13,
                  "Plan Rows": 1,
                  "Plan Width": 44,
                  "Actual Startup Time": 127.378,
                  "Actual Total Time": 228.953,
                  "Actual Rows": 264,
                  "Actual Loops": 1,
                  "Inner Unique": true,
                  "Plans": [
                    {
                      "Node Type": "Gather",
                      "Parent Relationship": "Outer",
                      "Parallel Aware": false,
                      "Startup Cost": 1003.16,
                      "Total Cost": 72614.62,
                      "Plan Rows": 1,
                      "Plan Width": 48,
                      "Actual Startup Time": 127.314,
                      "Actual Total Time": 228.25,
                      "Actual Rows": 264,
                      "Actual Loops": 1,
                      "Workers Planned": 4,
                      "Workers Launched": 4,
                      "Single Copy": false,
                      "Plans": [
                        {
                          "Node Type": "Nested Loop",
                          "Parent Relationship": "Outer",
                          "Parallel Aware": false,
                          "Join Type": "Inner",
                          "Startup Cost": 3.16,
                          "Total Cost": 71614.52,
                          "Plan Rows": 1,
                          "Plan Width": 48,
                          "Actual Startup Time": 185.088,
                          "Actual Total Time": 201.359,
                          "Actual Rows": 53,
                          "Actual Loops": 5,
                          "Inner Unique": true,
                          "Plans": [
                            {
                              "Node Type": "Nested Loop",
                              "Parent Relationship": "Outer",
                              "Parallel Aware": false,
                              "Join Type": "Inner",
                              "Startup Cost": 3.02,
                              "Total Cost": 71614.34,
                              "Plan Rows": 1,
                              "Plan Width": 52,
                              "Actual Startup Time": 185.083,
                              "Actual Total Time": 201.267,
                              "Actual Rows": 53,
                              "Actual Loops": 5,
                              "Inner Unique": false,
                              "Join Filter": "(t.id = mi.movie_id)",
                              "Rows Removed by Join Filter": 0,
                              "Plans": [
                                {
                                  "Node Type": "Nested Loop",
                                  "Parent Relationship": "Outer",
                                  "Parallel Aware": false,
                                  "Join Type": "Inner",
                                  "Startup Cost": 2.58,
                                  "Total Cost": 71611.0,
                                  "Plan Rows": 2,
                                  "Plan Width": 44,
                                  "Actual Startup Time": 184.711,
                                  "Actual Total Time": 198.682,
                                  "Actual Rows": 216,
                                  "Actual Loops": 5,
                                  "Inner Unique": true,
                                  "Plans": [
                                    {
                                      "Node Type": "Hash Join",
                                      "Parent Relationship": "Outer",
                                      "Parallel Aware": false,
                                      "Join Type": "Inner",
                                      "Startup Cost": 2.15,
                                      "Total Cost": 71608.95,
                                      "Plan Rows": 4,
                                      "Plan Width": 23,
                                      "Actual Startup Time": 166.874,
                                      "Actual Total Time": 196.558,
                                      "Actual Rows": 410,
                                      "Actual Loops": 5,
                                      "Inner Unique": true,
                                      "Hash Cond": "(ci.role_id = rt.id)",
                                      "Plans": [
                                        {
                                          "Node Type": "Nested Loop",
                                          "Parent Relationship": "Outer",
                                          "Parallel Aware": false,
                                          "Join Type": "Inner",
                                          "Startup Cost": 0.99,
                                          "Total Cost": 71607.65,
                                          "Plan Rows": 40,
                                          "Plan Width": 27,
                                          "Actual Startup Time": 166.799,
                                          "Actual Total Time": 196.372,
                                          "Actual Rows": 416,
                                          "Actual Loops": 5,
                                          "Inner Unique": false,
                                          "Join Filter": "(n.id = ci.person_id)",
                                          "Rows Removed by Join Filter": 0,
                                          "Plans": [
                                            {
                                              "Node Type": "Nested Loop",
                                              "Parent Relationship": "Outer",
                                              "Parallel Aware": false,
                                              "Join Type": "Inner",
                                              "Startup Cost": 0.42,
                                              "Total Cost": 71538.77,
                                              "Plan Rows": 5,
                                              "Plan Width": 23,
                                              "Actual Startup Time": 136.542,
                                              "Actual Total Time": 195.687,
                                              "Actual Rows": 4,
                                              "Actual Loops": 5,
                                              "Inner Unique": false,
                                              "Plans": [
                                                {
                                                  "Node Type": "Seq Scan",
                                                  "Parent Relationship": "Outer",
                                                  "Parallel Aware": true,
                                                  "Relation Name": "name",
                                                  "Alias": "n",
                                                  "Startup Cost": 0.0,
                                                  "Total Cost": 71241.41,
                                                  "Plan Rows": 24,
                                                  "Plan Width": 19,
                                                  "Actual Startup Time": 99.561,
                                                  "Actual Total Time": 195.378,
                                                  "Actual Rows": 7,
                                                  "Actual Loops": 5,
                                                  "Filter": "((name ~~ '%Madonna%'::text) AND ((gender)::text = 'f'::text))",
                                                  "Rows Removed by Filter": 833491
                                                },
                                                {
                                                  "Node Type": "Index Only Scan",
                                                  "Parent Relationship": "Inner",
                                                  "Parallel Aware": false,
                                                  "Scan Direction": "Forward",
                                                  "Index Name": "person_id_aka_name",
                                                  "Relation Name": "aka_name",
                                                  "Alias": "an",
                                                  "Startup Cost": 0.42,
                                                  "Total Cost": 12.37,
                                                  "Plan Rows": 2,
                                                  "Plan Width": 4,
                                                  "Actual Startup Time": 0.04,
                                                  "Actual Total Time": 0.041,
                                                  "Actual Rows": 1,
                                                  "Actual Loops": 35,
                                                  "Index Cond": "(person_id = n.id)",
                                                  "Rows Removed by Index Recheck": 0,
                                                  "Heap Fetches": 19
                                                }
                                              ]
                                            },
                                            {
                                              "Node Type": "Index Scan",
                                              "Parent Relationship": "Inner",
                                              "Parallel Aware": false,
                                              "Scan Direction": "Forward",
                                              "Index Name": "person_id_cast_info",
                                              "Relation Name": "cast_info",
                                              "Alias": "ci",
                                              "Startup Cost": 0.56,
                                              "Total Cost": 13.29,
                                              "Plan Rows": 39,
                                              "Plan Width": 16,
                                              "Actual Startup Time": 0.043,
                                              "Actual Total Time": 0.158,
                                              "Actual Rows": 110,
                                              "Actual Loops": 19,
                                              "Index Cond": "(person_id = an.person_id)",
                                              "Rows Removed by Index Recheck": 0,
                                              "Filter": "(note = ANY ('{(uncredited),(writer),(producer),\"(archive footage)\"}'::text[]))",
                                              "Rows Removed by Filter": 228
                                            }
                                          ]
                                        },
                                        {
                                          "Node Type": "Hash",
                                          "Parent Relationship": "Inner",
                                          "Parallel Aware": false,
                                          "Startup Cost": 1.15,
                                          "Total Cost": 1.15,
                                          "Plan Rows": 1,
                                          "Plan Width": 4,
                                          "Actual Startup Time": 0.038,
                                          "Actual Total Time": 0.039,
                                          "Actual Rows": 1,
                                          "Actual Loops": 2,
                                          "Hash Buckets": 1024,
                                          "Original Hash Buckets": 1024,
                                          "Hash Batches": 1,
                                          "Original Hash Batches": 1,
                                          "Peak Memory Usage": 9,
                                          "Plans": [
                                            {
                                              "Node Type": "Seq Scan",
                                              "Parent Relationship": "Outer",
                                              "Parallel Aware": false,
                                              "Relation Name": "role_type",
                                              "Alias": "rt",
                                              "Startup Cost": 0.0,
                                              "Total Cost": 1.15,
                                              "Plan Rows": 1,
                                              "Plan Width": 4,
                                              "Actual Startup Time": 0.025,
                                              "Actual Total Time": 0.027,
                                              "Actual Rows": 1,
                                              "Actual Loops": 2,
                                              "Filter": "((role)::text = 'actress'::text)",
                                              "Rows Removed by Filter": 11
                                            }
                                          ]
                                        }
                                      ]
                                    },
                                    {
                                      "Node Type": "Index Scan",
                                      "Parent Relationship": "Inner",
                                      "Parallel Aware": false,
                                      "Scan Direction": "Forward",
                                      "Index Name": "title_pkey",
                                      "Relation Name": "title",
                                      "Alias": "t",
                                      "Startup Cost": 0.43,
                                      "Total Cost": 0.51,
                                      "Plan Rows": 1,
                                      "Plan Width": 21,
                                      "Actual Startup Time": 0.005,
                                      "Actual Total Time": 0.005,
                                      "Actual Rows": 1,
                                      "Actual Loops": 2048,
                                      "Index Cond": "(id = ci.movie_id)",
                                      "Rows Removed by Index Recheck": 0,
                                      "Filter": "(production_year > 2005)",
                                      "Rows Removed by Filter": 0
                                    }
                                  ]
                                },
                                {
                                  "Node Type": "Index Scan",
                                  "Parent Relationship": "Inner",
                                  "Parallel Aware": false,
                                  "Scan Direction": "Forward",
                                  "Index Name": "movie_id_movie_info",
                                  "Relation Name": "movie_info",
                                  "Alias": "mi",
                                  "Startup Cost": 0.43,
                                  "Total Cost": 1.66,
                                  "Plan Rows": 1,
                                  "Plan Width": 8,
                                  "Actual Startup Time": 0.01,
                                  "Actual Total Time": 0.012,
                                  "Actual Rows": 0,
                                  "Actual Loops": 1078,
                                  "Index Cond": "(movie_id = ci.movie_id)",
                                  "Rows Removed by Index Recheck": 0,
                                  "Filter": "((info IS NOT NULL) AND ((info ~~ 'Japan:%200%'::text) OR (info ~~ 'USA:%200%'::text)))",
                                  "Rows Removed by Filter": 4
                                }
                              ]
                            },
                            {
                              "Node Type": "Index Scan",
                              "Parent Relationship": "Inner",
                              "Parallel Aware": false,
                              "Scan Direction": "Forward",
                              "Index Name": "info_type_pkey",
                              "Relation Name": "info_type",
                              "Alias": "it",
                              "Startup Cost": 0.14,
                              "Total Cost": 0.16,
                              "Plan Rows": 1,
                              "Plan Width": 4,
                              "Actual Startup Time": 0.001,
                              "Actual Total Time": 0.001,
                              "Actual Rows": 1,
                              "Actual Loops": 264,
                              "Index Cond": "(id = mi.info_type_id)",
                              "Rows Removed by Index Recheck": 0,
                              "Filter": "((info)::text = 'release dates'::text)",
                              "Rows Removed by Filter": 0
                            }
                          ]
                        }
                      ]
                    },
                    {
                      "Node Type": "Index Only Scan",
                      "Parent Relationship": "Inner",
                      "Parallel Aware": false,
                      "Scan Direction": "Forward",
                      "Index Name": "char_name_pkey",
                      "Relation Name": "char_name",
                      "Alias": "chn",
                      "Startup Cost": 0.43,
                      "Total Cost": 0.51,
                      "Plan Rows": 1,
                      "Plan Width": 4,
                      "Actual Startup Time": 0.002,
                      "Actual Total Time": 0.002,
                      "Actual Rows": 1,
                      "Actual Loops": 264,
                      "Index Cond": "(id = ci.person_role_id)",
                      "Rows Removed by Index Recheck": 0,
                      "Heap Fetches": 264
                    }
                  ]
                },
                {
                  "Node Type": "Index Scan",
                  "Parent Relationship": "Inner",
                  "Parallel Aware": false,
                  "Scan Direction": "Forward",
                  "Index Name": "movie_id_movie_companies",
                  "Relation Name": "movie_companies",
                  "Alias": "mc",
                  "Startup Cost": 0.43,
                  "Total Cost": 0.56,
                  "Plan Rows": 5,
                  "Plan Width": 8,
                  "Actual Startup Time": 0.005,
                  "Actual Total Time": 0.006,
                  "Actual Rows": 2,
                  "Actual Loops": 264,
                  "Index Cond": "(movie_id = ci.movie_id)",
                  "Rows Removed by Index Recheck": 0
                }
              ]
            },
            {
              "Node Type": "Index Scan",
              "Parent Relationship": "Inner",
              "Parallel Aware": false,
              "Scan Direction": "Forward",
              "Index Name": "company_name_pkey",
              "Relation Name": "company_name",
              "Alias": "cn",
              "Startup Cost": 0.42,
              "Total Cost": 0.45,
              "Plan Rows": 1,
              "Plan Width": 4,
              "Actual Startup Time": 0.004,
              "Actual Total Time": 0.004,
              "Actual Rows": 1,
              "Actual Loops": 429,
              "Index Cond": "(id = mc.company_id)",
              "Rows Removed by Index Recheck": 0,
              "Filter": "((country_code)::text = '[us]'::text)",
              "Rows Removed by Filter": 0
            }
          ]
        }
      ]
    },
    "Planning Time": 41.613,
    "Triggers": [],
    "Execution Time": 232.906
  }
]