[
  {
    "Plan": {
      "Node Type": "Aggregate",
      "Strategy": "Plain",
      "Partial Mode": "Finalize",
      "Parallel Aware": false,
      "Startup Cost": 46480.35,
      "Total Cost": 46480.36,
      "Plan Rows": 1,
      "Plan Width": 8,
      "Actual Startup Time": 98.523,
      "Actual Total Time": 110.033,
      "Actual Rows": 1,
      "Actual Loops": 1,
      "Plans": [
        {
          "Node Type": "Gather",
          "Parent Relationship": "Outer",
          "Parallel Aware": false,
          "Startup Cost": 46479.93,
          "Total Cost": 46480.34,
          "Plan Rows": 4,
          "Plan Width": 8,
          "Actual Startup Time": 98.324,
          "Actual Total Time": 110.024,
          "Actual Rows": 5,
          "Actual Loops": 1,
          "Workers Planned": 4,
          "Workers Launched": 4,
          "Single Copy": false,
          "Plans": [
            {
              "Node Type": "Aggregate",
              "Strategy": "Plain",
              "Partial Mode": "Partial",
              "Parent Relationship": "Outer",
              "Parallel Aware": false,
              "Startup Cost": 45479.93,
              "Total Cost": 45479.94,
              "Plan Rows": 1,
              "Plan Width": 8,
              "Actual Startup Time": 89.254,
              "Actual Total Time": 89.257,
              "Actual Rows": 1,
              "Actual Loops": 5,
              "Plans": [
                {
                  "Node Type": "Seq Scan",
                  "Parent Relationship": "Outer",
                  "Parallel Aware": true,
                  "Relation Name": "title",
                  "Alias": "t",
                  "Startup Cost": 0.0,
                  "Total Cost": 45479.1,
                  "Plan Rows": 332,
                  "Plan Width": 0,
                  "Actual Startup Time": 61.985,
                  "Actual Total Time": 89.186,
                  "Actual Rows": 493,
                  "Actual Loops": 5,
                  "Filter": "((kind_id = 1) AND (production_year = 1951))",
                  "Rows Removed by Filter": 505169
                }
              ]
            }
          ]
        }
      ]
    },
    "Planning Time": 0.168,
    "Triggers": [],
    "Execution Time": 110.089
  }
]