[
  {
    "Plan": {
      "Node Type": "Aggregate",
      "Strategy": "Plain",
      "Partial Mode": "Finalize",
      "Parallel Aware": false,
      "Startup Cost": 46814.81,
      "Total Cost": 46814.82,
      "Plan Rows": 1,
      "Plan Width": 8,
      "Actual Startup Time": 158.939,
      "Actual Total Time": 165.96,
      "Actual Rows": 1,
      "Actual Loops": 1,
      "Plans": [
        {
          "Node Type": "Gather",
          "Parent Relationship": "Outer",
          "Parallel Aware": false,
          "Startup Cost": 46814.49,
          "Total Cost": 46814.8,
          "Plan Rows": 3,
          "Plan Width": 8,
          "Actual Startup Time": 158.809,
          "Actual Total Time": 165.939,
          "Actual Rows": 4,
          "Actual Loops": 1,
          "Workers Planned": 3,
          "Workers Launched": 3,
          "Single Copy": false,
          "Plans": [
            {
              "Node Type": "Aggregate",
              "Strategy": "Plain",
              "Partial Mode": "Partial",
              "Parent Relationship": "Outer",
              "Parallel Aware": false,
              "Startup Cost": 45814.49,
              "Total Cost": 45814.5,
              "Plan Rows": 1,
              "Plan Width": 8,
              "Actual Startup Time": 155.313,
              "Actual Total Time": 155.314,
              "Actual Rows": 1,
              "Actual Loops": 4,
              "Plans": [
                {
                  "Node Type": "Seq Scan",
                  "Parent Relationship": "Outer",
                  "Parallel Aware": true,
                  "Relation Name": "movie_keyword",
                  "Alias": "mk",
                  "Startup Cost": 0.0,
                  "Total Cost": 42695.65,
                  "Plan Rows": 1247536,
                  "Plan Width": 0,
                  "Actual Startup Time": 0.022,
                  "Actual Total Time": 113.812,
                  "Actual Rows": 965740,
                  "Actual Loops": 4,
                  "Filter": "(keyword_id < 28444)",
                  "Rows Removed by Filter": 165242
                }
              ]
            }
          ]
        }
      ]
    },
    "Planning Time": 0.186,
    "Triggers": [],
    "Execution Time": 166.062
  }
]