{
  "Plan": {
    "Node Type": "Aggregate",
    "Strategy": "Plain",
    "Partial Mode": "Finalize",
    "Parallel Aware": false,
    "Startup Cost": 30276.21,
    "Total Cost": 30276.22,
    "Plan Rows": 1,
    "Plan Width": 8,
    "Actual Startup Time": 50.025,
    "Actual Total Time": 57.192,
    "Actual Rows": 1,
    "Actual Loops": 1,
    "Plans": [
      {
        "Node Type": "Gather",
        "Parent Relationship": "Outer",
        "Parallel Aware": false,
        "Startup Cost": 30276.1,
        "Total Cost": 30276.21,
        "Plan Rows": 1,
        "Plan Width": 8,
        "Actual Startup Time": 49.882,
        "Actual Total Time": 57.184,
        "Actual Rows": 2,
        "Actual Loops": 1,
        "Workers Planned": 1,
        "Workers Launched": 1,
        "Single Copy": false,
        "Plans": [
          {
            "Node Type": "Aggregate",
            "Strategy": "Plain",
            "Partial Mode": "Partial",
            "Parent Relationship": "Outer",
            "Parallel Aware": false,
            "Startup Cost": 29276.1,
            "Total Cost": 29276.11,
            "Plan Rows": 1,
            "Plan Width": 8,
            "Actual Startup Time": 43.16,
            "Actual Total Time": 43.161,
            "Actual Rows": 1,
            "Actual Loops": 2,
            "Plans": [
              {
                "Node Type": "Nested Loop",
                "Parent Relationship": "Outer",
                "Parallel Aware": false,
                "Join Type": "Inner",
                "Startup Cost": 92.97,
                "Total Cost": 29272.82,
                "Plan Rows": 1312,
                "Plan Width": 0,
                "Actual Startup Time": 2.47,
                "Actual Total Time": 42.992,
                "Actual Rows": 1468,
                "Actual Loops": 2,
                "Inner Unique": false,
                "Plans": [
                  {
                    "Node Type": "Nested Loop",
                    "Parent Relationship": "Outer",
                    "Parallel Aware": false,
                    "Join Type": "Inner",
                    "Startup Cost": 92.54,
                    "Total Cost": 27992.33,
                    "Plan Rows": 2405,
                    "Plan Width": 8,
                    "Actual Startup Time": 1.967,
                    "Actual Total Time": 30.965,
                    "Actual Rows": 2140,
                    "Actual Loops": 2,
                    "Inner Unique": true,
                    "Plans": [
                      {
                        "Node Type": "Bitmap Heap Scan",
                        "Parent Relationship": "Outer",
                        "Parallel Aware": true,
                        "Relation Name": "movie_companies",
                        "Alias": "mc",
                        "Startup Cost": 92.11,
                        "Total Cost": 9970.49,
                        "Plan Rows": 2405,
                        "Plan Width": 4,
                        "Actual Startup Time": 1.76,
                        "Actual Total Time": 6.768,
                        "Actual Rows": 2140,
                        "Actual Loops": 2,
                        "Recheck Cond": "(company_id = 69)",
                        "Rows Removed by Index Recheck": 0,
                        "Exact Heap Blocks": 1533,
                        "Lossy Heap Blocks": 0,
                        "Plans": [
                          {
                            "Node Type": "Bitmap Index Scan",
                            "Parent Relationship": "Outer",
                            "Parallel Aware": false,
                            "Index Name": "company_id_movie_companies",
                            "Startup Cost": 0.0,
                            "Total Cost": 91.09,
                            "Plan Rows": 4088,
                            "Plan Width": 0,
                            "Actual Startup Time": 2.539,
                            "Actual Total Time": 2.54,
                            "Actual Rows": 4279,
                            "Actual Loops": 1,
                            "Index Cond": "(company_id = 69)"
                          }
                        ]
                      },
                      {
                        "Node Type": "Index Only Scan",
                        "Parent Relationship": "Inner",
                        "Parallel Aware": false,
                        "Scan Direction": "Forward",
                        "Index Name": "title_pkey",
                        "Relation Name": "title",
                        "Alias": "t",
                        "Startup Cost": 0.43,
                        "Total Cost": 7.49,
                        "Plan Rows": 1,
                        "Plan Width": 4,
                        "Actual Startup Time": 0.011,
                        "Actual Total Time": 0.011,
                        "Actual Rows": 1,
                        "Actual Loops": 4279,
                        "Index Cond": "(id = mc.movie_id)",
                        "Rows Removed by Index Recheck": 0,
                        "Heap Fetches": 4279
                      }
                    ]
                  },
                  {
                    "Node Type": "Index Only Scan",
                    "Parent Relationship": "Inner",
                    "Parallel Aware": false,
                    "Scan Direction": "Forward",
                    "Index Name": "movie_id_movie_info_idx",
                    "Relation Name": "movie_info_idx",
                    "Alias": "mi_idx",
                    "Startup Cost": 0.43,
                    "Total Cost": 0.5,
                    "Plan Rows": 3,
                    "Plan Width": 4,
                    "Actual Startup Time": 0.005,
                    "Actual Total Time": 0.005,
                    "Actual Rows": 1,
                    "Actual Loops": 4279,
                    "Index Cond": "(movie_id = t.id)",
                    "Rows Removed by Index Recheck": 0,
                    "Heap Fetches": 2935
                  }
                ]
              }
            ]
          }
        ]
      }
    ]
  },
  "Planning Time": 0.922,
  "Triggers": [],
  "Execution Time": 57.292
}