[
    {
        "Bao": {
            "Bao prediction": 674.445,
            "Bao recommended hint": "(no hint)"
        }
    },
    {
        "Plan": {
            "Node Type": "Aggregate",
            "Strategy": "Plain",
            "Partial Mode": "Finalize",
            "Parallel Aware": false,
            "Startup Cost": 44169.08,
            "Total Cost": 44169.09,
            "Plan Rows": 1,
            "Plan Width": 8,
            "Actual Startup Time": 185.094,
            "Actual Total Time": 193.562,
            "Actual Rows": 1,
            "Actual Loops": 1,
            "Output": [
                "count(*)"
            ],
            "Plans": [
                {
                    "Node Type": "Gather",
                    "Parent Relationship": "Outer",
                    "Parallel Aware": false,
                    "Startup Cost": 44168.76,
                    "Total Cost": 44169.07,
                    "Plan Rows": 3,
                    "Plan Width": 8,
                    "Actual Startup Time": 184.722,
                    "Actual Total Time": 193.553,
                    "Actual Rows": 4,
                    "Actual Loops": 1,
                    "Output": [
                        "(PARTIAL count(*))"
                    ],
                    "Workers Planned": 3,
                    "Workers Launched": 3,
                    "Single Copy": false,
                    "Plans": [
                        {
                            "Node Type": "Aggregate",
                            "Strategy": "Plain",
                            "Partial Mode": "Partial",
                            "Parent Relationship": "Outer",
                            "Parallel Aware": false,
                            "Startup Cost": 43168.76,
                            "Total Cost": 43168.77,
                            "Plan Rows": 1,
                            "Plan Width": 8,
                            "Actual Startup Time": 176.549,
                            "Actual Total Time": 176.551,
                            "Actual Rows": 1,
                            "Actual Loops": 4,
                            "Output": [
                                "PARTIAL count(*)"
                            ],
                            "Workers": [
                                {
                                    "Worker Number": 0,
                                    "Actual Startup Time": 173.756,
                                    "Actual Total Time": 173.758,
                                    "Actual Rows": 1,
                                    "Actual Loops": 1
                                },
                                {
                                    "Worker Number": 1,
                                    "Actual Startup Time": 174.154,
                                    "Actual Total Time": 174.156,
                                    "Actual Rows": 1,
                                    "Actual Loops": 1
                                },
                                {
                                    "Worker Number": 2,
                                    "Actual Startup Time": 174.158,
                                    "Actual Total Time": 174.159,
                                    "Actual Rows": 1,
                                    "Actual Loops": 1
                                }
                            ],
                            "Plans": [
                                {
                                    "Node Type": "Bitmap Heap Scan",
                                    "Parent Relationship": "Outer",
                                    "Parallel Aware": true,
                                    "Relation Name": "movie_keyword",
                                    "Schema": "public",
                                    "Alias": "mk",
                                    "Startup Cost": 15239.17,
                                    "Total Cost": 42589.5,
                                    "Plan Rows": 231706,
                                    "Plan Width": 0,
                                    "Actual Startup Time": 70.179,
                                    "Actual Total Time": 162.705,
                                    "Actual Rows": 176508,
                                    "Actual Loops": 4,
                                    "Recheck Cond": "(mk.keyword_id > 26724)",
                                    "Rows Removed by Index Recheck": 0,
                                    "Exact Heap Blocks": 8950,
                                    "Lossy Heap Blocks": 0,
                                    "Workers": [
                                        {
                                            "Worker Number": 0,
                                            "Actual Startup Time": 67.455,
                                            "Actual Total Time": 161.272,
                                            "Actual Rows": 148604,
                                            "Actual Loops": 1
                                        },
                                        {
                                            "Worker Number": 1,
                                            "Actual Startup Time": 67.931,
                                            "Actual Total Time": 161.663,
                                            "Actual Rows": 149465,
                                            "Actual Loops": 1
                                        },
                                        {
                                            "Worker Number": 2,
                                            "Actual Startup Time": 67.795,
                                            "Actual Total Time": 161.59,
                                            "Actual Rows": 139816,
                                            "Actual Loops": 1
                                        }
                                    ],
                                    "Plans": [
                                        {
                                            "Node Type": "Bitmap Index Scan",
                                            "Parent Relationship": "Outer",
                                            "Parallel Aware": false,
                                            "Index Name": "keyword_id_movie_keyword",
                                            "Startup Cost": 0.0,
                                            "Total Cost": 15059.6,
                                            "Plan Rows": 718289,
                                            "Plan Width": 0,
                                            "Actual Startup Time": 72.041,
                                            "Actual Total Time": 72.041,
                                            "Actual Rows": 706034,
                                            "Actual Loops": 1,
                                            "Index Cond": "(mk.keyword_id > 26724)"
                                        }
                                    ]
                                }
                            ]
                        }
                    ]
                }
            ]
        },
        "Planning Time": 3470.222,
        "Triggers": [],
        "Execution Time": 193.675
    }
]