[
  {
    "Plan": {
      "Node Type": "Aggregate",
      "Strategy": "Plain",
      "Partial Mode": "Finalize",
      "Parallel Aware": false,
      "Startup Cost": 397242.51,
      "Total Cost": 397242.52,
      "Plan Rows": 1,
      "Plan Width": 8,
      "Actual Startup Time": 2155.95,
      "Actual Total Time": 2226.998,
      "Actual Rows": 1,
      "Actual Loops": 1,
      "Plans": [
        {
          "Node Type": "Gather",
          "Parent Relationship": "Outer",
          "Parallel Aware": false,
          "Startup Cost": 397241.89,
          "Total Cost": 397242.5,
          "Plan Rows": 6,
          "Plan Width": 8,
          "Actual Startup Time": 2150.521,
          "Actual Total Time": 2226.988,
          "Actual Rows": 7,
          "Actual Loops": 1,
          "Workers Planned": 6,
          "Workers Launched": 6,
          "Single Copy": false,
          "Plans": [
            {
              "Node Type": "Aggregate",
              "Strategy": "Plain",
              "Partial Mode": "Partial",
              "Parent Relationship": "Outer",
              "Parallel Aware": false,
              "Startup Cost": 396241.89,
              "Total Cost": 396241.9,
              "Plan Rows": 1,
              "Plan Width": 8,
              "Actual Startup Time": 2138.551,
              "Actual Total Time": 2138.554,
              "Actual Rows": 1,
              "Actual Loops": 7,
              "Plans": [
                {
                  "Node Type": "Hash Join",
                  "Parent Relationship": "Outer",
                  "Parallel Aware": true,
                  "Join Type": "Inner",
                  "Startup Cost": 48124.9,
                  "Total Cost": 391416.64,
                  "Plan Rows": 1930098,
                  "Plan Width": 0,
                  "Actual Startup Time": 138.257,
                  "Actual Total Time": 2061.73,
                  "Actual Rows": 1686471,
                  "Actual Loops": 7,
                  "Inner Unique": true,
                  "Hash Cond": "(ci.movie_id = t.id)",
                  "Plans": [
                    {
                      "Node Type": "Seq Scan",
                      "Parent Relationship": "Outer",
                      "Parallel Aware": true,
                      "Relation Name": "cast_info",
                      "Alias": "ci",
                      "Startup Cost": 0.0,
                      "Total Cost": 328162.03,
                      "Plan Rows": 5763694,
                      "Plan Width": 4,
                      "Actual Startup Time": 0.024,
                      "Actual Total Time": 669.606,
                      "Actual Rows": 4949317,
                      "Actual Loops": 7,
                      "Filter": "(person_id < 3745410)",
                      "Rows Removed by Filter": 228446
                    },
                    {
                      "Node Type": "Hash",
                      "Parent Relationship": "Inner",
                      "Parallel Aware": true,
                      "Startup Cost": 45479.1,
                      "Total Cost": 45479.1,
                      "Plan Rows": 211664,
                      "Plan Width": 4,
                      "Actual Startup Time": 134.698,
                      "Actual Total Time": 134.699,
                      "Actual Rows": 107880,
                      "Actual Loops": 7,
                      "Hash Buckets": 1048576,
                      "Original Hash Buckets": 1048576,
                      "Hash Batches": 1,
                      "Original Hash Batches": 1,
                      "Peak Memory Usage": 37856,
                      "Plans": [
                        {
                          "Node Type": "Seq Scan",
                          "Parent Relationship": "Outer",
                          "Parallel Aware": true,
                          "Relation Name": "title",
                          "Alias": "t",
                          "Startup Cost": 0.0,
                          "Total Cost": 45479.1,
                          "Plan Rows": 211664,
                          "Plan Width": 4,
                          "Actual Startup Time": 0.046,
                          "Actual Total Time": 82.298,
                          "Actual Rows": 107880,
                          "Actual Loops": 7,
                          "Filter": "((kind_id < 7) AND (production_year > 1965))",
                          "Rows Removed by Filter": 253307
                        }
                      ]
                    }
                  ]
                }
              ]
            }
          ]
        }
      ]
    },
    "Planning Time": 0.58,
    "Triggers": [],
    "Execution Time": 2227.084
  }
]