[
  {
    "Plan": {
      "Node Type": "Aggregate",
      "Strategy": "Plain",
      "Partial Mode": "Finalize",
      "Parallel Aware": false,
      "Startup Cost": 266618.34,
      "Total Cost": 266618.35,
      "Plan Rows": 1,
      "Plan Width": 8,
      "Actual Startup Time": 1296.967,
      "Actual Total Time": 1335.455,
      "Actual Rows": 1,
      "Actual Loops": 1,
      "Plans": [
        {
          "Node Type": "Gather",
          "Parent Relationship": "Outer",
          "Parallel Aware": false,
          "Startup Cost": 266618.02,
          "Total Cost": 266618.33,
          "Plan Rows": 3,
          "Plan Width": 8,
          "Actual Startup Time": 1279.703,
          "Actual Total Time": 1335.432,
          "Actual Rows": 4,
          "Actual Loops": 1,
          "Workers Planned": 3,
          "Workers Launched": 3,
          "Single Copy": false,
          "Plans": [
            {
              "Node Type": "Aggregate",
              "Strategy": "Plain",
              "Partial Mode": "Partial",
              "Parent Relationship": "Outer",
              "Parallel Aware": false,
              "Startup Cost": 265618.02,
              "Total Cost": 265618.03,
              "Plan Rows": 1,
              "Plan Width": 8,
              "Actual Startup Time": 1262.685,
              "Actual Total Time": 1263.451,
              "Actual Rows": 1,
              "Actual Loops": 4,
              "Plans": [
                {
                  "Node Type": "Hash Join",
                  "Parent Relationship": "Outer",
                  "Parallel Aware": true,
                  "Join Type": "Inner",
                  "Startup Cost": 214444.61,
                  "Total Cost": 261921.58,
                  "Plan Rows": 1478577,
                  "Plan Width": 0,
                  "Actual Startup Time": 973.197,
                  "Actual Total Time": 1234.046,
                  "Actual Rows": 641696,
                  "Actual Loops": 4,
                  "Inner Unique": false,
                  "Hash Cond": "(mk.movie_id = t.id)",
                  "Plans": [
                    {
                      "Node Type": "Seq Scan",
                      "Parent Relationship": "Outer",
                      "Parallel Aware": true,
                      "Relation Name": "movie_keyword",
                      "Alias": "mk",
                      "Startup Cost": 0.0,
                      "Total Cost": 39047.32,
                      "Plan Rows": 1459332,
                      "Plan Width": 4,
                      "Actual Startup Time": 0.017,
                      "Actual Total Time": 92.304,
                      "Actual Rows": 1130982,
                      "Actual Loops": 4
                    },
                    {
                      "Node Type": "Hash",
                      "Parent Relationship": "Inner",
                      "Parallel Aware": true,
                      "Startup Cost": 208040.2,
                      "Total Cost": 208040.2,
                      "Plan Rows": 512353,
                      "Plan Width": 8,
                      "Actual Startup Time": 962.438,
                      "Actual Total Time": 963.203,
                      "Actual Rows": 366216,
                      "Actual Loops": 4,
                      "Hash Buckets": 4194304,
                      "Original Hash Buckets": 4194304,
                      "Hash Batches": 1,
                      "Original Hash Batches": 1,
                      "Peak Memory Usage": 90144,
                      "Plans": [
                        {
                          "Node Type": "Hash Join",
                          "Parent Relationship": "Outer",
                          "Parallel Aware": true,
                          "Join Type": "Inner",
                          "Startup Cost": 49570.3,
                          "Total Cost": 208040.2,
                          "Plan Rows": 512353,
                          "Plan Width": 8,
                          "Actual Startup Time": 250.909,
                          "Actual Total Time": 802.976,
                          "Actual Rows": 366216,
                          "Actual Loops": 4,
                          "Inner Unique": true,
                          "Hash Cond": "(ci.movie_id = t.id)",
                          "Plans": [
                            {
                              "Node Type": "Index Scan",
                              "Parent Relationship": "Outer",
                              "Parallel Aware": true,
                              "Scan Direction": "Forward",
                              "Index Name": "role_id_cast_info",
                              "Relation Name": "cast_info",
                              "Alias": "ci",
                              "Startup Cost": 0.56,
                              "Total Cost": 155872.35,
                              "Plan Rows": 989760,
                              "Plan Width": 4,
                              "Actual Startup Time": 0.359,
                              "Actual Total Time": 287.477,
                              "Actual Rows": 614753,
                              "Actual Loops": 4,
                              "Index Cond": "(role_id > 8)",
                              "Rows Removed by Index Recheck": 0,
                              "Filter": "(person_id < 3193543)",
                              "Rows Removed by Filter": 818420
                            },
                            {
                              "Node Type": "Hash",
                              "Parent Relationship": "Inner",
                              "Parallel Aware": true,
                              "Startup Cost": 45479.59,
                              "Total Cost": 45479.59,
                              "Plan Rows": 327212,
                              "Plan Width": 4,
                              "Actual Startup Time": 246.928,
                              "Actual Total Time": 246.929,
                              "Actual Rows": 345776,
                              "Actual Loops": 4,
                              "Hash Buckets": 2097152,
                              "Original Hash Buckets": 2097152,
                              "Hash Batches": 1,
                              "Original Hash Batches": 1,
                              "Peak Memory Usage": 70560,
                              "Plans": [
                                {
                                  "Node Type": "Seq Scan",
                                  "Parent Relationship": "Outer",
                                  "Parallel Aware": true,
                                  "Relation Name": "title",
                                  "Alias": "t",
                                  "Startup Cost": 0.0,
                                  "Total Cost": 45479.59,
                                  "Plan Rows": 327212,
                                  "Plan Width": 4,
                                  "Actual Startup Time": 0.059,
                                  "Actual Total Time": 115.898,
                                  "Actual Rows": 345776,
                                  "Actual Loops": 4,
                                  "Filter": "((production_year > 1966) AND (kind_id = 7))",
                                  "Rows Removed by Filter": 286302
                                }
                              ]
                            }
                          ]
                        }
                      ]
                    }
                  ]
                }
              ]
            }
          ]
        }
      ]
    },
    "Planning Time": 1.105,
    "Triggers": [],
    "Execution Time": 1335.537
  }
]