[
  {
    "Plan": {
      "Node Type": "Aggregate",
      "Strategy": "Plain",
      "Partial Mode": "Finalize",
      "Parallel Aware": false,
      "Startup Cost": 32671.96,
      "Total Cost": 32671.97,
      "Plan Rows": 1,
      "Plan Width": 8,
      "Actual Startup Time": 91.041,
      "Actual Total Time": 100.931,
      "Actual Rows": 1,
      "Actual Loops": 1,
      "Plans": [
        {
          "Node Type": "Gather",
          "Parent Relationship": "Outer",
          "Parallel Aware": false,
          "Startup Cost": 32671.64,
          "Total Cost": 32671.95,
          "Plan Rows": 3,
          "Plan Width": 8,
          "Actual Startup Time": 90.919,
          "Actual Total Time": 100.923,
          "Actual Rows": 4,
          "Actual Loops": 1,
          "Workers Planned": 3,
          "Workers Launched": 3,
          "Single Copy": false,
          "Plans": [
            {
              "Node Type": "Aggregate",
              "Strategy": "Plain",
              "Partial Mode": "Partial",
              "Parent Relationship": "Outer",
              "Parallel Aware": false,
              "Startup Cost": 31671.64,
              "Total Cost": 31671.65,
              "Plan Rows": 1,
              "Plan Width": 8,
              "Actual Startup Time": 82.508,
              "Actual Total Time": 82.509,
              "Actual Rows": 1,
              "Actual Loops": 4,
              "Plans": [
                {
                  "Node Type": "Seq Scan",
                  "Parent Relationship": "Outer",
                  "Parallel Aware": true,
                  "Relation Name": "movie_companies",
                  "Alias": "mc",
                  "Startup Cost": 0.0,
                  "Total Cost": 31414.82,
                  "Plan Rows": 102728,
                  "Plan Width": 0,
                  "Actual Startup Time": 38.724,
                  "Actual Total Time": 82.154,
                  "Actual Rows": 5629,
                  "Actual Loops": 4,
                  "Filter": "((company_id > 52703) AND (company_type_id < 2))",
                  "Rows Removed by Filter": 646653
                }
              ]
            }
          ]
        }
      ]
    },
    "Planning Time": 0.212,
    "Triggers": [],
    "Execution Time": 100.987
  }
]