[
  {
    "Plan": {
      "Node Type": "Aggregate",
      "Strategy": "Plain",
      "Partial Mode": "Finalize",
      "Parallel Aware": false,
      "Startup Cost": 130838.54,
      "Total Cost": 130838.55,
      "Plan Rows": 1,
      "Plan Width": 8,
      "Actual Startup Time": 875.444,
      "Actual Total Time": 896.283,
      "Actual Rows": 1,
      "Actual Loops": 1,
      "Plans": [
        {
          "Node Type": "Gather",
          "Parent Relationship": "Outer",
          "Parallel Aware": false,
          "Startup Cost": 130838.23,
          "Total Cost": 130838.54,
          "Plan Rows": 3,
          "Plan Width": 8,
          "Actual Startup Time": 871.449,
          "Actual Total Time": 896.273,
          "Actual Rows": 4,
          "Actual Loops": 1,
          "Workers Planned": 3,
          "Workers Launched": 3,
          "Single Copy": false,
          "Plans": [
            {
              "Node Type": "Aggregate",
              "Strategy": "Plain",
              "Partial Mode": "Partial",
              "Parent Relationship": "Outer",
              "Parallel Aware": false,
              "Startup Cost": 129838.23,
              "Total Cost": 129838.24,
              "Plan Rows": 1,
              "Plan Width": 8,
              "Actual Startup Time": 861.208,
              "Actual Total Time": 861.215,
              "Actual Rows": 1,
              "Actual Loops": 4,
              "Plans": [
                {
                  "Node Type": "Hash Join",
                  "Parent Relationship": "Outer",
                  "Parallel Aware": true,
                  "Join Type": "Inner",
                  "Startup Cost": 80866.06,
                  "Total Cost": 129262.53,
                  "Plan Rows": 230280,
                  "Plan Width": 0,
                  "Actual Startup Time": 446.214,
                  "Actual Total Time": 790.789,
                  "Actual Rows": 1552342,
                  "Actual Loops": 4,
                  "Inner Unique": false,
                  "Hash Cond": "(mk.movie_id = t.id)",
                  "Plans": [
                    {
                      "Node Type": "Seq Scan",
                      "Parent Relationship": "Outer",
                      "Parallel Aware": true,
                      "Relation Name": "movie_keyword",
                      "Alias": "mk",
                      "Startup Cost": 0.0,
                      "Total Cost": 42695.65,
                      "Plan Rows": 1322125,
                      "Plan Width": 4,
                      "Actual Startup Time": 0.036,
                      "Actual Total Time": 122.826,
                      "Actual Rows": 1028115,
                      "Actual Loops": 4,
                      "Filter": "(keyword_id < 42035)",
                      "Rows Removed by Filter": 102867
                    },
                    {
                      "Node Type": "Hash",
                      "Parent Relationship": "Inner",
                      "Parallel Aware": true,
                      "Startup Cost": 79090.4,
                      "Total Cost": 79090.4,
                      "Plan Rows": 142053,
                      "Plan Width": 8,
                      "Actual Startup Time": 442.731,
                      "Actual Total Time": 442.735,
                      "Actual Rows": 202528,
                      "Actual Loops": 4,
                      "Hash Buckets": 1048576,
                      "Original Hash Buckets": 524288,
                      "Hash Batches": 1,
                      "Original Hash Batches": 1,
                      "Peak Memory Usage": 44064,
                      "Plans": [
                        {
                          "Node Type": "Hash Join",
                          "Parent Relationship": "Outer",
                          "Parallel Aware": true,
                          "Join Type": "Inner",
                          "Startup Cost": 46574.43,
                          "Total Cost": 79090.4,
                          "Plan Rows": 142053,
                          "Plan Width": 8,
                          "Actual Startup Time": 229.866,
                          "Actual Total Time": 375.865,
                          "Actual Rows": 202528,
                          "Actual Loops": 4,
                          "Inner Unique": true,
                          "Hash Cond": "(mc.movie_id = t.id)",
                          "Plans": [
                            {
                              "Node Type": "Seq Scan",
                              "Parent Relationship": "Outer",
                              "Parallel Aware": true,
                              "Relation Name": "movie_companies",
                              "Alias": "mc",
                              "Startup Cost": 0.0,
                              "Total Cost": 31414.82,
                              "Plan Rows": 419488,
                              "Plan Width": 4,
                              "Actual Startup Time": 33.542,
                              "Actual Total Time": 77.535,
                              "Actual Rows": 322420,
                              "Actual Loops": 4,
                              "Filter": "((company_id < 195249) AND (company_type_id = 2))",
                              "Rows Removed by Filter": 329862
                            },
                            {
                              "Node Type": "Hash",
                              "Parent Relationship": "Inner",
                              "Parallel Aware": true,
                              "Startup Cost": 43898.92,
                              "Total Cost": 43898.92,
                              "Plan Rows": 214041,
                              "Plan Width": 4,
                              "Actual Startup Time": 193.143,
                              "Actual Total Time": 193.144,
                              "Actual Rows": 213554,
                              "Actual Loops": 4,
                              "Hash Buckets": 1048576,
                              "Original Hash Buckets": 1048576,
                              "Hash Batches": 1,
                              "Original Hash Batches": 1,
                              "Peak Memory Usage": 41728,
                              "Plans": [
                                {
                                  "Node Type": "Seq Scan",
                                  "Parent Relationship": "Outer",
                                  "Parallel Aware": true,
                                  "Relation Name": "title",
                                  "Alias": "t",
                                  "Startup Cost": 0.0,
                                  "Total Cost": 43898.92,
                                  "Plan Rows": 214041,
                                  "Plan Width": 4,
                                  "Actual Startup Time": 0.046,
                                  "Actual Total Time": 108.138,
                                  "Actual Rows": 213554,
                                  "Actual Loops": 4,
                                  "Filter": "(kind_id < 4)",
                                  "Rows Removed by Filter": 418524
                                }
                              ]
                            }
                          ]
                        }
                      ]
                    }
                  ]
                }
              ]
            }
          ]
        }
      ]
    },
    "Planning Time": 1.506,
    "Triggers": [],
    "Execution Time": 896.375
  }
]