[
  {
    "Plan": {
      "Node Type": "Aggregate",
      "Strategy": "Plain",
      "Partial Mode": "Finalize",
      "Parallel Aware": false,
      "Startup Cost": 150158.26,
      "Total Cost": 150158.27,
      "Plan Rows": 1,
      "Plan Width": 8,
      "Actual Startup Time": 109.24,
      "Actual Total Time": 126.766,
      "Actual Rows": 1,
      "Actual Loops": 1,
      "Plans": [
        {
          "Node Type": "Gather",
          "Parent Relationship": "Outer",
          "Parallel Aware": false,
          "Startup Cost": 150157.84,
          "Total Cost": 150158.25,
          "Plan Rows": 4,
          "Plan Width": 8,
          "Actual Startup Time": 109.131,
          "Actual Total Time": 126.759,
          "Actual Rows": 5,
          "Actual Loops": 1,
          "Workers Planned": 4,
          "Workers Launched": 4,
          "Single Copy": false,
          "Plans": [
            {
              "Node Type": "Aggregate",
              "Strategy": "Plain",
              "Partial Mode": "Partial",
              "Parent Relationship": "Outer",
              "Parallel Aware": false,
              "Startup Cost": 149157.84,
              "Total Cost": 149157.85,
              "Plan Rows": 1,
              "Plan Width": 8,
              "Actual Startup Time": 99.374,
              "Actual Total Time": 99.375,
              "Actual Rows": 1,
              "Actual Loops": 5,
              "Plans": [
                {
                  "Node Type": "Nested Loop",
                  "Parent Relationship": "Outer",
                  "Parallel Aware": false,
                  "Join Type": "Inner",
                  "Startup Cost": 0.43,
                  "Total Cost": 149144.91,
                  "Plan Rows": 5175,
                  "Plan Width": 0,
                  "Actual Startup Time": 57.963,
                  "Actual Total Time": 98.919,
                  "Actual Rows": 6054,
                  "Actual Loops": 5,
                  "Inner Unique": false,
                  "Plans": [
                    {
                      "Node Type": "Seq Scan",
                      "Parent Relationship": "Outer",
                      "Parallel Aware": true,
                      "Relation Name": "title",
                      "Alias": "t",
                      "Startup Cost": 0.0,
                      "Total Cost": 43898.92,
                      "Plan Rows": 885,
                      "Plan Width": 4,
                      "Actual Startup Time": 57.867,
                      "Actual Total Time": 78.205,
                      "Actual Rows": 557,
                      "Actual Loops": 5,
                      "Filter": "(production_year = 1925)",
                      "Rows Removed by Filter": 505105
                    },
                    {
                      "Node Type": "Index Only Scan",
                      "Parent Relationship": "Inner",
                      "Parallel Aware": false,
                      "Scan Direction": "Forward",
                      "Index Name": "movie_id_movie_info",
                      "Relation Name": "movie_info",
                      "Alias": "mi",
                      "Startup Cost": 0.43,
                      "Total Cost": 118.5,
                      "Plan Rows": 42,
                      "Plan Width": 4,
                      "Actual Startup Time": 0.014,
                      "Actual Total Time": 0.036,
                      "Actual Rows": 11,
                      "Actual Loops": 2786,
                      "Index Cond": "(movie_id = t.id)",
                      "Rows Removed by Index Recheck": 0,
                      "Heap Fetches": 30270
                    }
                  ]
                }
              ]
            }
          ]
        }
      ]
    },
    "Planning Time": 0.519,
    "Triggers": [],
    "Execution Time": 126.828
  }
]