[
  {
    "Plan": {
      "Node Type": "Aggregate",
      "Strategy": "Plain",
      "Partial Mode": "Finalize",
      "Parallel Aware": false,
      "Startup Cost": 95370.05,
      "Total Cost": 95370.06,
      "Plan Rows": 1,
      "Plan Width": 8,
      "Actual Startup Time": 100.224,
      "Actual Total Time": 112.542,
      "Actual Rows": 1,
      "Actual Loops": 1,
      "Plans": [
        {
          "Node Type": "Gather",
          "Parent Relationship": "Outer",
          "Parallel Aware": false,
          "Startup Cost": 95369.63,
          "Total Cost": 95370.04,
          "Plan Rows": 4,
          "Plan Width": 8,
          "Actual Startup Time": 99.91,
          "Actual Total Time": 112.534,
          "Actual Rows": 5,
          "Actual Loops": 1,
          "Workers Planned": 4,
          "Workers Launched": 4,
          "Single Copy": false,
          "Plans": [
            {
              "Node Type": "Aggregate",
              "Strategy": "Plain",
              "Partial Mode": "Partial",
              "Parent Relationship": "Outer",
              "Parallel Aware": false,
              "Startup Cost": 94369.63,
              "Total Cost": 94369.64,
              "Plan Rows": 1,
              "Plan Width": 8,
              "Actual Startup Time": 91.181,
              "Actual Total Time": 91.184,
              "Actual Rows": 1,
              "Actual Loops": 5,
              "Plans": [
                {
                  "Node Type": "Nested Loop",
                  "Parent Relationship": "Outer",
                  "Parallel Aware": false,
                  "Join Type": "Inner",
                  "Startup Cost": 0.43,
                  "Total Cost": 94368.95,
                  "Plan Rows": 272,
                  "Plan Width": 0,
                  "Actual Startup Time": 87.199,
                  "Actual Total Time": 91.177,
                  "Actual Rows": 0,
                  "Actual Loops": 5,
                  "Inner Unique": false,
                  "Plans": [
                    {
                      "Node Type": "Seq Scan",
                      "Parent Relationship": "Outer",
                      "Parallel Aware": true,
                      "Relation Name": "title",
                      "Alias": "t",
                      "Startup Cost": 0.0,
                      "Total Cost": 45479.1,
                      "Plan Rows": 334,
                      "Plan Width": 4,
                      "Actual Startup Time": 87.19,
                      "Actual Total Time": 91.166,
                      "Actual Rows": 0,
                      "Actual Loops": 5,
                      "Filter": "((kind_id > 1) AND (production_year = 1932))",
                      "Rows Removed by Filter": 505662
                    },
                    {
                      "Node Type": "Index Scan",
                      "Parent Relationship": "Inner",
                      "Parallel Aware": false,
                      "Scan Direction": "Forward",
                      "Index Name": "movie_id_movie_info",
                      "Relation Name": "movie_info",
                      "Alias": "mi",
                      "Startup Cost": 0.43,
                      "Total Cost": 146.32,
                      "Plan Rows": 6,
                      "Plan Width": 4,
                      "Actual Startup Time": 0.033,
                      "Actual Total Time": 0.039,
                      "Actual Rows": 1,
                      "Actual Loops": 1,
                      "Index Cond": "(movie_id = t.id)",
                      "Rows Removed by Index Recheck": 0,
                      "Filter": "(info_type_id < 3)",
                      "Rows Removed by Filter": 9
                    }
                  ]
                }
              ]
            }
          ]
        }
      ]
    },
    "Planning Time": 0.634,
    "Triggers": [],
    "Execution Time": 112.612
  }
]