[
  {
    "Plan": {
      "Node Type": "Aggregate",
      "Strategy": "Plain",
      "Partial Mode": "Simple",
      "Parallel Aware": false,
      "Startup Cost": 21003.42,
      "Total Cost": 21003.43,
      "Plan Rows": 1,
      "Plan Width": 8,
      "Actual Startup Time": 35.618,
      "Actual Total Time": 35.62,
      "Actual Rows": 1,
      "Actual Loops": 1,
      "Plans": [
        {
          "Node Type": "Bitmap Heap Scan",
          "Parent Relationship": "Outer",
          "Parallel Aware": false,
          "Relation Name": "movie_companies",
          "Alias": "mc",
          "Startup Cost": 1308.15,
          "Total Cost": 20852.54,
          "Plan Rows": 60351,
          "Plan Width": 0,
          "Actual Startup Time": 8.613,
          "Actual Total Time": 30.396,
          "Actual Rows": 57940,
          "Actual Loops": 1,
          "Recheck Cond": "(company_id > 185348)",
          "Rows Removed by Index Recheck": 0,
          "Exact Heap Blocks": 2098,
          "Lossy Heap Blocks": 0,
          "Plans": [
            {
              "Node Type": "Bitmap Index Scan",
              "Parent Relationship": "Outer",
              "Parallel Aware": false,
              "Index Name": "company_id_movie_companies",
              "Startup Cost": 0.0,
              "Total Cost": 1293.06,
              "Plan Rows": 60351,
              "Plan Width": 0,
              "Actual Startup Time": 7.676,
              "Actual Total Time": 7.676,
              "Actual Rows": 57940,
              "Actual Loops": 1,
              "Index Cond": "(company_id > 185348)"
            }
          ]
        }
      ]
    },
    "Planning Time": 0.217,
    "Triggers": [],
    "Execution Time": 35.693
  }
]