[
  {
    "Plan": {
      "Node Type": "Aggregate",
      "Strategy": "Plain",
      "Partial Mode": "Finalize",
      "Parallel Aware": false,
      "Startup Cost": 562619.85,
      "Total Cost": 562619.86,
      "Plan Rows": 1,
      "Plan Width": 8,
      "Actual Startup Time": 1363.001,
      "Actual Total Time": 1414.751,
      "Actual Rows": 1,
      "Actual Loops": 1,
      "Plans": [
        {
          "Node Type": "Gather",
          "Parent Relationship": "Outer",
          "Parallel Aware": false,
          "Startup Cost": 562619.33,
          "Total Cost": 562619.84,
          "Plan Rows": 5,
          "Plan Width": 8,
          "Actual Startup Time": 1342.606,
          "Actual Total Time": 1414.738,
          "Actual Rows": 6,
          "Actual Loops": 1,
          "Workers Planned": 5,
          "Workers Launched": 5,
          "Single Copy": false,
          "Plans": [
            {
              "Node Type": "Aggregate",
              "Strategy": "Plain",
              "Partial Mode": "Partial",
              "Parent Relationship": "Outer",
              "Parallel Aware": false,
              "Startup Cost": 561619.33,
              "Total Cost": 561619.34,
              "Plan Rows": 1,
              "Plan Width": 8,
              "Actual Startup Time": 1327.856,
              "Actual Total Time": 1328.116,
              "Actual Rows": 1,
              "Actual Loops": 6,
              "Plans": [
                {
                  "Node Type": "Hash Join",
                  "Parent Relationship": "Outer",
                  "Parallel Aware": true,
                  "Join Type": "Inner",
                  "Startup Cost": 351906.95,
                  "Total Cost": 559406.25,
                  "Plan Rows": 885230,
                  "Plan Width": 0,
                  "Actual Startup Time": 592.169,
                  "Actual Total Time": 1289.7,
                  "Actual Rows": 818302,
                  "Actual Loops": 6,
                  "Inner Unique": false,
                  "Hash Cond": "(mi.movie_id = t.id)",
                  "Plans": [
                    {
                      "Node Type": "Seq Scan",
                      "Parent Relationship": "Outer",
                      "Parallel Aware": true,
                      "Relation Name": "movie_info",
                      "Alias": "mi",
                      "Startup Cost": 0.0,
                      "Total Cost": 198952.16,
                      "Plan Rows": 1885804,
                      "Plan Width": 4,
                      "Actual Startup Time": 16.637,
                      "Actual Total Time": 336.457,
                      "Actual Rows": 1570867,
                      "Actual Loops": 6,
                      "Filter": "(info_type_id > 5)",
                      "Rows Removed by Filter": 901753
                    },
                    {
                      "Node Type": "Hash",
                      "Parent Relationship": "Inner",
                      "Parallel Aware": true,
                      "Startup Cost": 349434.4,
                      "Total Cost": 349434.4,
                      "Plan Rows": 197804,
                      "Plan Width": 8,
                      "Actual Startup Time": 570.278,
                      "Actual Total Time": 570.537,
                      "Actual Rows": 202198,
                      "Actual Loops": 6,
                      "Hash Buckets": 2097152,
                      "Original Hash Buckets": 2097152,
                      "Hash Batches": 1,
                      "Original Hash Batches": 1,
                      "Peak Memory Usage": 63936,
                      "Plans": [
                        {
                          "Node Type": "Hash Join",
                          "Parent Relationship": "Outer",
                          "Parallel Aware": true,
                          "Join Type": "Inner",
                          "Startup Cost": 91825.61,
                          "Total Cost": 349434.4,
                          "Plan Rows": 197804,
                          "Plan Width": 8,
                          "Actual Startup Time": 276.885,
                          "Actual Total Time": 480.718,
                          "Actual Rows": 202198,
                          "Actual Loops": 6,
                          "Inner Unique": true,
                          "Hash Cond": "(ci.movie_id = t.id)",
                          "Plans": [
                            {
                              "Node Type": "Bitmap Heap Scan",
                              "Parent Relationship": "Outer",
                              "Parallel Aware": true,
                              "Relation Name": "cast_info",
                              "Alias": "ci",
                              "Startup Cost": 43124.0,
                              "Total Cost": 299878.59,
                              "Plan Rows": 325407,
                              "Plan Width": 4,
                              "Actual Startup Time": 78.855,
                              "Actual Total Time": 143.136,
                              "Actual Rows": 314026,
                              "Actual Loops": 6,
                              "Recheck Cond": "(person_id > 3690841)",
                              "Rows Removed by Index Recheck": 0,
                              "Exact Heap Blocks": 5193,
                              "Lossy Heap Blocks": 0,
                              "Plans": [
                                {
                                  "Node Type": "Bitmap Index Scan",
                                  "Parent Relationship": "Outer",
                                  "Parallel Aware": false,
                                  "Index Name": "person_id_cast_info",
                                  "Startup Cost": 0.0,
                                  "Total Cost": 42635.89,
                                  "Plan Rows": 1952443,
                                  "Plan Width": 0,
                                  "Actual Startup Time": 74.3,
                                  "Actual Total Time": 74.3,
                                  "Actual Rows": 1884154,
                                  "Actual Loops": 1,
                                  "Index Cond": "(person_id > 3690841)"
                                }
                              ]
                            },
                            {
                              "Node Type": "Hash",
                              "Parent Relationship": "Inner",
                              "Parallel Aware": true,
                              "Startup Cost": 43898.92,
                              "Total Cost": 43898.92,
                              "Plan Rows": 384216,
                              "Plan Width": 4,
                              "Actual Startup Time": 195.339,
                              "Actual Total Time": 195.34,
                              "Actual Rows": 257211,
                              "Actual Loops": 6,
                              "Hash Buckets": 2097152,
                              "Original Hash Buckets": 2097152,
                              "Hash Batches": 1,
                              "Original Hash Batches": 1,
                              "Peak Memory Usage": 76864,
                              "Plans": [
                                {
                                  "Node Type": "Seq Scan",
                                  "Parent Relationship": "Outer",
                                  "Parallel Aware": true,
                                  "Relation Name": "title",
                                  "Alias": "t",
                                  "Startup Cost": 0.0,
                                  "Total Cost": 43898.92,
                                  "Plan Rows": 384216,
                                  "Plan Width": 4,
                                  "Actual Startup Time": 0.048,
                                  "Actual Total Time": 82.216,
                                  "Actual Rows": 257211,
                                  "Actual Loops": 6,
                                  "Filter": "(kind_id = 7)",
                                  "Rows Removed by Filter": 164175
                                }
                              ]
                            }
                          ]
                        }
                      ]
                    }
                  ]
                }
              ]
            }
          ]
        }
      ]
    },
    "Planning Time": 1.318,
    "Triggers": [],
    "Execution Time": 1414.874
  }
]