{
  "Plan": {
    "Node Type": "Aggregate",
    "Strategy": "Plain",
    "Partial Mode": "Simple",
    "Parallel Aware": false,
    "Startup Cost": 78128.54,
    "Total Cost": 78128.55,
    "Plan Rows": 1,
    "Plan Width": 64,
    "Actual Startup Time": 2426.596,
    "Actual Total Time": 2452.358,
    "Actual Rows": 1,
    "Actual Loops": 1,
    "Plans": [
      {
        "Node Type": "Gather",
        "Parent Relationship": "Outer",
        "Parallel Aware": false,
        "Startup Cost": 33766.55,
        "Total Cost": 78128.53,
        "Plan Rows": 1,
        "Plan Width": 23,
        "Actual Startup Time": 1600.103,
        "Actual Total Time": 2451.773,
        "Actual Rows": 1582,
        "Actual Loops": 1,
        "Workers Planned": 4,
        "Workers Launched": 4,
        "Single Copy": false,
        "Plans": [
          {
            "Node Type": "Hash Join",
            "Parent Relationship": "Outer",
            "Parallel Aware": false,
            "Join Type": "Inner",
            "Startup Cost": 32766.55,
            "Total Cost": 77128.43,
            "Plan Rows": 1,
            "Plan Width": 23,
            "Actual Startup Time": 2076.43,
            "Actual Total Time": 2194.077,
            "Actual Rows": 316,
            "Actual Loops": 5,
            "Inner Unique": false,
            "Hash Cond": "(t.id = mi_idx.movie_id)",
            "Plans": [
              {
                "Node Type": "Seq Scan",
                "Parent Relationship": "Outer",
                "Parallel Aware": true,
                "Relation Name": "title",
                "Alias": "t",
                "Startup Cost": 0.0,
                "Total Cost": 43898.97,
                "Plan Rows": 123438,
                "Plan Width": 21,
                "Actual Startup Time": 0.031,
                "Actual Total Time": 106.195,
                "Actual Rows": 95920,
                "Actual Loops": 5,
                "Filter": "(production_year < 1978)",
                "Rows Removed by Filter": 409742
              },
              {
                "Node Type": "Hash",
                "Parent Relationship": "Inner",
                "Parallel Aware": false,
                "Startup Cost": 32766.5,
                "Total Cost": 32766.5,
                "Plan Rows": 4,
                "Plan Width": 14,
                "Actual Startup Time": 2074.195,
                "Actual Total Time": 2074.201,
                "Actual Rows": 5820,
                "Actual Loops": 5,
                "Hash Buckets": 8192,
                "Original Hash Buckets": 1024,
                "Hash Batches": 1,
                "Original Hash Batches": 1,
                "Peak Memory Usage": 315,
                "Plans": [
                  {
                    "Node Type": "Hash Join",
                    "Parent Relationship": "Outer",
                    "Parallel Aware": false,
                    "Join Type": "Inner",
                    "Startup Cost": 8815.2,
                    "Total Cost": 32766.5,
                    "Plan Rows": 4,
                    "Plan Width": 14,
                    "Actual Startup Time": 48.305,
                    "Actual Total Time": 2071.498,
                    "Actual Rows": 5820,
                    "Actual Loops": 5,
                    "Inner Unique": true,
                    "Hash Cond": "(mk.keyword_id = k.id)",
                    "Plans": [
                      {
                        "Node Type": "Nested Loop",
                        "Parent Relationship": "Outer",
                        "Parallel Aware": false,
                        "Join Type": "Inner",
                        "Startup Cost": 6188.92,
                        "Total Cost": 30025.05,
                        "Plan Rows": 43872,
                        "Plan Width": 18,
                        "Actual Startup Time": 21.987,
                        "Actual Total Time": 1838.509,
                        "Actual Rows": 2881657,
                        "Actual Loops": 5,
                        "Inner Unique": false,
                        "Plans": [
                          {
                            "Node Type": "Nested Loop",
                            "Parent Relationship": "Outer",
                            "Parallel Aware": false,
                            "Join Type": "Inner",
                            "Startup Cost": 6188.48,
                            "Total Cost": 20600.59,
                            "Plan Rows": 4600,
                            "Plan Width": 10,
                            "Actual Startup Time": 21.941,
                            "Actual Total Time": 169.795,
                            "Actual Rows": 352990,
                            "Actual Loops": 5,
                            "Inner Unique": false,
                            "Plans": [
                              {
                                "Node Type": "Seq Scan",
                                "Parent Relationship": "Outer",
                                "Parallel Aware": false,
                                "Relation Name": "info_type",
                                "Alias": "it",
                                "Startup Cost": 0.0,
                                "Total Cost": 2.41,
                                "Plan Rows": 1,
                                "Plan Width": 4,
                                "Actual Startup Time": 0.057,
                                "Actual Total Time": 0.061,
                                "Actual Rows": 1,
                                "Actual Loops": 5,
                                "Filter": "((info)::text = 'rating'::text)",
                                "Rows Removed by Filter": 112
                              },
                              {
                                "Node Type": "Bitmap Heap Scan",
                                "Parent Relationship": "Inner",
                                "Parallel Aware": false,
                                "Relation Name": "movie_info_idx",
                                "Alias": "mi_idx",
                                "Startup Cost": 6188.48,
                                "Total Cost": 19298.62,
                                "Plan Rows": 129956,
                                "Plan Width": 14,
                                "Actual Startup Time": 21.874,
                                "Actual Total Time": 138.057,
                                "Actual Rows": 352990,
                                "Actual Loops": 5,
                                "Recheck Cond": "(info_type_id = it.id)",
                                "Rows Removed by Index Recheck": 0,
                                "Filter": "(info > '5.0'::text)",
                                "Rows Removed by Filter": 106935,
                                "Exact Heap Blocks": 7934,
                                "Lossy Heap Blocks": 0,
                                "Plans": [
                                  {
                                    "Node Type": "Bitmap Index Scan",
                                    "Parent Relationship": "Outer",
                                    "Parallel Aware": false,
                                    "Index Name": "info_type_id_movie_info_idx",
                                    "Startup Cost": 0.0,
                                    "Total Cost": 6155.99,
                                    "Plan Rows": 345009,
                                    "Plan Width": 0,
                                    "Actual Startup Time": 20.668,
                                    "Actual Total Time": 20.668,
                                    "Actual Rows": 459925,
                                    "Actual Loops": 5,
                                    "Index Cond": "(info_type_id = it.id)"
                                  }
                                ]
                              }
                            ]
                          },
                          {
                            "Node Type": "Index Scan",
                            "Parent Relationship": "Inner",
                            "Parallel Aware": false,
                            "Scan Direction": "Forward",
                            "Index Name": "movie_id_movie_keyword",
                            "Relation Name": "movie_keyword",
                            "Alias": "mk",
                            "Startup Cost": 0.43,
                            "Total Cost": 1.59,
                            "Plan Rows": 46,
                            "Plan Width": 8,
                            "Actual Startup Time": 0.002,
                            "Actual Total Time": 0.004,
                            "Actual Rows": 8,
                            "Actual Loops": 1764950,
                            "Index Cond": "(movie_id = mi_idx.movie_id)",
                            "Rows Removed by Index Recheck": 0
                          }
                        ]
                      },
                      {
                        "Node Type": "Hash",
                        "Parent Relationship": "Inner",
                        "Parallel Aware": false,
                        "Startup Cost": 2626.12,
                        "Total Cost": 2626.12,
                        "Plan Rows": 13,
                        "Plan Width": 4,
                        "Actual Startup Time": 25.61,
                        "Actual Total Time": 25.611,
                        "Actual Rows": 30,
                        "Actual Loops": 5,
                        "Hash Buckets": 1024,
                        "Original Hash Buckets": 1024,
                        "Hash Batches": 1,
                        "Original Hash Batches": 1,
                        "Peak Memory Usage": 10,
                        "Plans": [
                          {
                            "Node Type": "Seq Scan",
                            "Parent Relationship": "Outer",
                            "Parallel Aware": false,
                            "Relation Name": "keyword",
                            "Alias": "k",
                            "Startup Cost": 0.0,
                            "Total Cost": 2626.12,
                            "Plan Rows": 13,
                            "Plan Width": 4,
                            "Actual Startup Time": 1.513,
                            "Actual Total Time": 25.578,
                            "Actual Rows": 30,
                            "Actual Loops": 5,
                            "Filter": "(keyword ~~ '%sequel%'::text)",
                            "Rows Removed by Filter": 134140
                          }
                        ]
                      }
                    ]
                  }
                ]
              }
            ]
          }
        ]
      }
    ]
  },
  "Planning Time": 0.812,
  "Triggers": [],
  "Execution Time": 2452.522
}