{
  "Plan": {
    "Node Type": "Aggregate",
    "Strategy": "Plain",
    "Partial Mode": "Finalize",
    "Parallel Aware": false,
    "Startup Cost": 73719.66,
    "Total Cost": 73719.67,
    "Plan Rows": 1,
    "Plan Width": 8,
    "Actual Startup Time": 175.899,
    "Actual Total Time": 183.262,
    "Actual Rows": 1,
    "Actual Loops": 1,
    "Plans": [
      {
        "Node Type": "Gather",
        "Parent Relationship": "Outer",
        "Parallel Aware": false,
        "Startup Cost": 73719.55,
        "Total Cost": 73719.66,
        "Plan Rows": 1,
        "Plan Width": 8,
        "Actual Startup Time": 175.617,
        "Actual Total Time": 183.255,
        "Actual Rows": 2,
        "Actual Loops": 1,
        "Workers Planned": 1,
        "Workers Launched": 1,
        "Single Copy": false,
        "Plans": [
          {
            "Node Type": "Aggregate",
            "Strategy": "Plain",
            "Partial Mode": "Partial",
            "Parent Relationship": "Outer",
            "Parallel Aware": false,
            "Startup Cost": 72719.55,
            "Total Cost": 72719.56,
            "Plan Rows": 1,
            "Plan Width": 8,
            "Actual Startup Time": 170.666,
            "Actual Total Time": 170.669,
            "Actual Rows": 1,
            "Actual Loops": 2,
            "Plans": [
              {
                "Node Type": "Hash Join",
                "Parent Relationship": "Outer",
                "Parallel Aware": true,
                "Join Type": "Inner",
                "Startup Cost": 53917.18,
                "Total Cost": 72710.95,
                "Plan Rows": 3441,
                "Plan Width": 0,
                "Actual Startup Time": 127.378,
                "Actual Total Time": 170.442,
                "Actual Rows": 4100,
                "Actual Loops": 2,
                "Inner Unique": true,
                "Hash Cond": "(mi_idx.movie_id = t.id)",
                "Plans": [
                  {
                    "Node Type": "Seq Scan",
                    "Parent Relationship": "Outer",
                    "Parallel Aware": true,
                    "Relation Name": "movie_info_idx",
                    "Alias": "mi_idx",
                    "Startup Cost": 0.0,
                    "Total Cost": 18082.32,
                    "Plan Rows": 271028,
                    "Plan Width": 4,
                    "Actual Startup Time": 0.024,
                    "Actual Total Time": 50.502,
                    "Actual Rows": 229962,
                    "Actual Loops": 2,
                    "Filter": "(info_type_id = 101)",
                    "Rows Removed by Filter": 460055
                  },
                  {
                    "Node Type": "Hash",
                    "Parent Relationship": "Inner",
                    "Parallel Aware": true,
                    "Startup Cost": 53681.13,
                    "Total Cost": 53681.13,
                    "Plan Rows": 18884,
                    "Plan Width": 4,
                    "Actual Startup Time": 98.07,
                    "Actual Total Time": 98.071,
                    "Actual Rows": 11054,
                    "Actual Loops": 2,
                    "Hash Buckets": 32768,
                    "Original Hash Buckets": 32768,
                    "Hash Batches": 1,
                    "Original Hash Batches": 1,
                    "Peak Memory Usage": 1152,
                    "Plans": [
                      {
                        "Node Type": "Bitmap Heap Scan",
                        "Parent Relationship": "Outer",
                        "Parallel Aware": true,
                        "Relation Name": "title",
                        "Alias": "t",
                        "Startup Cost": 11830.88,
                        "Total Cost": 53681.13,
                        "Plan Rows": 18884,
                        "Plan Width": 4,
                        "Actual Startup Time": 37.942,
                        "Actual Total Time": 95.009,
                        "Actual Rows": 11054,
                        "Actual Loops": 2,
                        "Recheck Cond": "(kind_id = 1)",
                        "Rows Removed by Index Recheck": 0,
                        "Filter": "(production_year = 2008)",
                        "Rows Removed by Filter": 320359,
                        "Exact Heap Blocks": 9582,
                        "Lossy Heap Blocks": 0,
                        "Plans": [
                          {
                            "Node Type": "Bitmap Index Scan",
                            "Parent Relationship": "Outer",
                            "Parallel Aware": false,
                            "Index Name": "kind_id_title",
                            "Startup Cost": 0.0,
                            "Total Cost": 11822.85,
                            "Plan Rows": 663256,
                            "Plan Width": 0,
                            "Actual Startup Time": 39.467,
                            "Actual Total Time": 39.467,
                            "Actual Rows": 662825,
                            "Actual Loops": 1,
                            "Index Cond": "(kind_id = 1)"
                          }
                        ]
                      }
                    ]
                  }
                ]
              }
            ]
          }
        ]
      }
    ]
  },
  "Planning Time": 0.408,
  "Triggers": [],
  "Execution Time": 183.353
}