[
  {
    "Plan": {
      "Node Type": "Aggregate",
      "Strategy": "Plain",
      "Partial Mode": "Finalize",
      "Parallel Aware": false,
      "Startup Cost": 33845.86,
      "Total Cost": 33845.87,
      "Plan Rows": 1,
      "Plan Width": 8,
      "Actual Startup Time": 31.547,
      "Actual Total Time": 38.185,
      "Actual Rows": 1,
      "Actual Loops": 1,
      "Plans": [
        {
          "Node Type": "Gather",
          "Parent Relationship": "Outer",
          "Parallel Aware": false,
          "Startup Cost": 33845.65,
          "Total Cost": 33845.86,
          "Plan Rows": 2,
          "Plan Width": 8,
          "Actual Startup Time": 31.401,
          "Actual Total Time": 38.178,
          "Actual Rows": 3,
          "Actual Loops": 1,
          "Workers Planned": 2,
          "Workers Launched": 2,
          "Single Copy": false,
          "Plans": [
            {
              "Node Type": "Aggregate",
              "Strategy": "Plain",
              "Partial Mode": "Partial",
              "Parent Relationship": "Outer",
              "Parallel Aware": false,
              "Startup Cost": 32845.65,
              "Total Cost": 32845.66,
              "Plan Rows": 1,
              "Plan Width": 8,
              "Actual Startup Time": 27.445,
              "Actual Total Time": 27.446,
              "Actual Rows": 1,
              "Actual Loops": 3,
              "Plans": [
                {
                  "Node Type": "Nested Loop",
                  "Parent Relationship": "Outer",
                  "Parallel Aware": false,
                  "Join Type": "Inner",
                  "Startup Cost": 234.4,
                  "Total Cost": 32845.41,
                  "Plan Rows": 97,
                  "Plan Width": 0,
                  "Actual Startup Time": 18.448,
                  "Actual Total Time": 27.442,
                  "Actual Rows": 1,
                  "Actual Loops": 3,
                  "Inner Unique": true,
                  "Plans": [
                    {
                      "Node Type": "Bitmap Heap Scan",
                      "Parent Relationship": "Outer",
                      "Parallel Aware": true,
                      "Relation Name": "movie_companies",
                      "Alias": "mc",
                      "Startup Cost": 233.97,
                      "Total Cost": 16978.88,
                      "Plan Rows": 2179,
                      "Plan Width": 4,
                      "Actual Startup Time": 1.092,
                      "Actual Total Time": 11.245,
                      "Actual Rows": 2003,
                      "Actual Loops": 3,
                      "Recheck Cond": "(company_id = 846)",
                      "Rows Removed by Index Recheck": 0,
                      "Filter": "(company_type_id < 2)",
                      "Rows Removed by Filter": 1385,
                      "Exact Heap Blocks": 3848,
                      "Lossy Heap Blocks": 0,
                      "Plans": [
                        {
                          "Node Type": "Bitmap Index Scan",
                          "Parent Relationship": "Outer",
                          "Parallel Aware": false,
                          "Index Name": "company_id_movie_companies",
                          "Startup Cost": 0.0,
                          "Total Cost": 232.66,
                          "Plan Rows": 10697,
                          "Plan Width": 0,
                          "Actual Startup Time": 1.907,
                          "Actual Total Time": 1.907,
                          "Actual Rows": 10163,
                          "Actual Loops": 1,
                          "Index Cond": "(company_id = 846)"
                        }
                      ]
                    },
                    {
                      "Node Type": "Index Scan",
                      "Parent Relationship": "Inner",
                      "Parallel Aware": false,
                      "Scan Direction": "Forward",
                      "Index Name": "title_pkey",
                      "Relation Name": "title",
                      "Alias": "t",
                      "Startup Cost": 0.43,
                      "Total Cost": 7.28,
                      "Plan Rows": 1,
                      "Plan Width": 4,
                      "Actual Startup Time": 0.008,
                      "Actual Total Time": 0.008,
                      "Actual Rows": 0,
                      "Actual Loops": 6008,
                      "Index Cond": "(id = mc.movie_id)",
                      "Rows Removed by Index Recheck": 0,
                      "Filter": "((kind_id > 2) AND (production_year = 2012))",
                      "Rows Removed by Filter": 1
                    }
                  ]
                }
              ]
            }
          ]
        }
      ]
    },
    "Planning Time": 0.656,
    "Triggers": [],
    "Execution Time": 38.248
  }
]