[
  {
    "Plan": {
      "Node Type": "Aggregate",
      "Strategy": "Plain",
      "Partial Mode": "Finalize",
      "Parallel Aware": false,
      "Startup Cost": 46483.75,
      "Total Cost": 46483.76,
      "Plan Rows": 1,
      "Plan Width": 8,
      "Actual Startup Time": 80.865,
      "Actual Total Time": 92.865,
      "Actual Rows": 1,
      "Actual Loops": 1,
      "Plans": [
        {
          "Node Type": "Gather",
          "Parent Relationship": "Outer",
          "Parallel Aware": false,
          "Startup Cost": 46483.33,
          "Total Cost": 46483.74,
          "Plan Rows": 4,
          "Plan Width": 8,
          "Actual Startup Time": 80.681,
          "Actual Total Time": 92.851,
          "Actual Rows": 5,
          "Actual Loops": 1,
          "Workers Planned": 4,
          "Workers Launched": 4,
          "Single Copy": false,
          "Plans": [
            {
              "Node Type": "Aggregate",
              "Strategy": "Plain",
              "Partial Mode": "Partial",
              "Parent Relationship": "Outer",
              "Parallel Aware": false,
              "Startup Cost": 45483.33,
              "Total Cost": 45483.34,
              "Plan Rows": 1,
              "Plan Width": 8,
              "Actual Startup Time": 75.421,
              "Actual Total Time": 75.422,
              "Actual Rows": 1,
              "Actual Loops": 5,
              "Plans": [
                {
                  "Node Type": "Seq Scan",
                  "Parent Relationship": "Outer",
                  "Parallel Aware": true,
                  "Relation Name": "title",
                  "Alias": "t",
                  "Startup Cost": 0.0,
                  "Total Cost": 45479.59,
                  "Plan Rows": 1496,
                  "Plan Width": 0,
                  "Actual Startup Time": 0.594,
                  "Actual Total Time": 75.263,
                  "Actual Rows": 1310,
                  "Actual Loops": 5,
                  "Filter": "((kind_id < 7) AND (production_year = 1979))",
                  "Rows Removed by Filter": 504353
                }
              ]
            }
          ]
        }
      ]
    },
    "Planning Time": 0.191,
    "Triggers": [],
    "Execution Time": 92.924
  }
]