[
  {
    "Plan": {
      "Node Type": "Aggregate",
      "Strategy": "Plain",
      "Partial Mode": "Finalize",
      "Parallel Aware": false,
      "Startup Cost": 41862.22,
      "Total Cost": 41862.23,
      "Plan Rows": 1,
      "Plan Width": 8,
      "Actual Startup Time": 128.643,
      "Actual Total Time": 137.356,
      "Actual Rows": 1,
      "Actual Loops": 1,
      "Plans": [
        {
          "Node Type": "Gather",
          "Parent Relationship": "Outer",
          "Parallel Aware": false,
          "Startup Cost": 41861.91,
          "Total Cost": 41862.22,
          "Plan Rows": 3,
          "Plan Width": 8,
          "Actual Startup Time": 128.294,
          "Actual Total Time": 137.344,
          "Actual Rows": 4,
          "Actual Loops": 1,
          "Workers Planned": 3,
          "Workers Launched": 3,
          "Single Copy": false,
          "Plans": [
            {
              "Node Type": "Aggregate",
              "Strategy": "Plain",
              "Partial Mode": "Partial",
              "Parent Relationship": "Outer",
              "Parallel Aware": false,
              "Startup Cost": 40861.91,
              "Total Cost": 40861.92,
              "Plan Rows": 1,
              "Plan Width": 8,
              "Actual Startup Time": 124.836,
              "Actual Total Time": 124.837,
              "Actual Rows": 1,
              "Actual Loops": 4,
              "Plans": [
                {
                  "Node Type": "Bitmap Heap Scan",
                  "Parent Relationship": "Outer",
                  "Parallel Aware": true,
                  "Relation Name": "movie_keyword",
                  "Alias": "mk",
                  "Startup Cost": 13360.83,
                  "Total Cost": 40354.06,
                  "Plan Rows": 203138,
                  "Plan Width": 0,
                  "Actual Startup Time": 40.356,
                  "Actual Total Time": 116.586,
                  "Actual Rows": 157626,
                  "Actual Loops": 4,
                  "Recheck Cond": "(keyword_id > 29097)",
                  "Rows Removed by Index Recheck": 0,
                  "Exact Heap Blocks": 9420,
                  "Lossy Heap Blocks": 0,
                  "Plans": [
                    {
                      "Node Type": "Bitmap Index Scan",
                      "Parent Relationship": "Outer",
                      "Parallel Aware": false,
                      "Index Name": "keyword_id_movie_keyword",
                      "Startup Cost": 0.0,
                      "Total Cost": 13203.4,
                      "Plan Rows": 629729,
                      "Plan Width": 0,
                      "Actual Startup Time": 39.842,
                      "Actual Total Time": 39.843,
                      "Actual Rows": 630505,
                      "Actual Loops": 1,
                      "Index Cond": "(keyword_id > 29097)"
                    }
                  ]
                }
              ]
            }
          ]
        }
      ]
    },
    "Planning Time": 0.19,
    "Triggers": [],
    "Execution Time": 137.433
  }
]