[
  {
    "Plan": {
      "Node Type": "Aggregate",
      "Strategy": "Plain",
      "Partial Mode": "Finalize",
      "Parallel Aware": false,
      "Startup Cost": 46655.3,
      "Total Cost": 46655.31,
      "Plan Rows": 1,
      "Plan Width": 8,
      "Actual Startup Time": 108.829,
      "Actual Total Time": 120.333,
      "Actual Rows": 1,
      "Actual Loops": 1,
      "Plans": [
        {
          "Node Type": "Gather",
          "Parent Relationship": "Outer",
          "Parallel Aware": false,
          "Startup Cost": 46654.88,
          "Total Cost": 46655.29,
          "Plan Rows": 4,
          "Plan Width": 8,
          "Actual Startup Time": 108.672,
          "Actual Total Time": 120.325,
          "Actual Rows": 5,
          "Actual Loops": 1,
          "Workers Planned": 4,
          "Workers Launched": 4,
          "Single Copy": false,
          "Plans": [
            {
              "Node Type": "Aggregate",
              "Strategy": "Plain",
              "Partial Mode": "Partial",
              "Parent Relationship": "Outer",
              "Parallel Aware": false,
              "Startup Cost": 45654.88,
              "Total Cost": 45654.89,
              "Plan Rows": 1,
              "Plan Width": 8,
              "Actual Startup Time": 99.509,
              "Actual Total Time": 99.51,
              "Actual Rows": 1,
              "Actual Loops": 5,
              "Plans": [
                {
                  "Node Type": "Seq Scan",
                  "Parent Relationship": "Outer",
                  "Parallel Aware": true,
                  "Relation Name": "title",
                  "Alias": "t",
                  "Startup Cost": 0.0,
                  "Total Cost": 45479.59,
                  "Plan Rows": 70118,
                  "Plan Width": 0,
                  "Actual Startup Time": 0.062,
                  "Actual Total Time": 94.7,
                  "Actual Rows": 84709,
                  "Actual Loops": 5,
                  "Filter": "((kind_id < 4) AND (production_year < 1996))",
                  "Rows Removed by Filter": 420953
                }
              ]
            }
          ]
        }
      ]
    },
    "Planning Time": 0.24,
    "Triggers": [],
    "Execution Time": 120.399
  }
]