[
  {
    "Plan": {
      "Node Type": "Aggregate",
      "Strategy": "Plain",
      "Partial Mode": "Finalize",
      "Parallel Aware": false,
      "Startup Cost": 349349.38,
      "Total Cost": 349349.39,
      "Plan Rows": 1,
      "Plan Width": 8,
      "Actual Startup Time": 716.473,
      "Actual Total Time": 761.159,
      "Actual Rows": 1,
      "Actual Loops": 1,
      "Plans": [
        {
          "Node Type": "Gather",
          "Parent Relationship": "Outer",
          "Parallel Aware": false,
          "Startup Cost": 349348.75,
          "Total Cost": 349349.36,
          "Plan Rows": 6,
          "Plan Width": 8,
          "Actual Startup Time": 716.251,
          "Actual Total Time": 761.148,
          "Actual Rows": 7,
          "Actual Loops": 1,
          "Workers Planned": 6,
          "Workers Launched": 6,
          "Single Copy": false,
          "Plans": [
            {
              "Node Type": "Aggregate",
              "Strategy": "Plain",
              "Partial Mode": "Partial",
              "Parent Relationship": "Outer",
              "Parallel Aware": false,
              "Startup Cost": 348348.75,
              "Total Cost": 348348.76,
              "Plan Rows": 1,
              "Plan Width": 8,
              "Actual Startup Time": 709.276,
              "Actual Total Time": 709.277,
              "Actual Rows": 1,
              "Actual Loops": 7,
              "Plans": [
                {
                  "Node Type": "Seq Scan",
                  "Parent Relationship": "Outer",
                  "Parallel Aware": true,
                  "Relation Name": "cast_info",
                  "Alias": "ci",
                  "Startup Cost": 0.0,
                  "Total Cost": 343316.27,
                  "Plan Rows": 2012992,
                  "Plan Width": 0,
                  "Actual Startup Time": 321.758,
                  "Actual Total Time": 621.572,
                  "Actual Rows": 1945315,
                  "Actual Loops": 7,
                  "Filter": "((person_id > 883585) AND (role_id > 2))",
                  "Rows Removed by Filter": 3232448
                }
              ]
            }
          ]
        }
      ]
    },
    "Planning Time": 0.211,
    "Triggers": [],
    "Execution Time": 761.227
  }
]