[
  {
    "Plan": {
      "Node Type": "Aggregate",
      "Strategy": "Plain",
      "Partial Mode": "Finalize",
      "Parallel Aware": false,
      "Startup Cost": 32819.99,
      "Total Cost": 32820.0,
      "Plan Rows": 1,
      "Plan Width": 8,
      "Actual Startup Time": 95.823,
      "Actual Total Time": 103.762,
      "Actual Rows": 1,
      "Actual Loops": 1,
      "Plans": [
        {
          "Node Type": "Gather",
          "Parent Relationship": "Outer",
          "Parallel Aware": false,
          "Startup Cost": 32819.67,
          "Total Cost": 32819.98,
          "Plan Rows": 3,
          "Plan Width": 8,
          "Actual Startup Time": 95.717,
          "Actual Total Time": 103.755,
          "Actual Rows": 4,
          "Actual Loops": 1,
          "Workers Planned": 3,
          "Workers Launched": 3,
          "Single Copy": false,
          "Plans": [
            {
              "Node Type": "Aggregate",
              "Strategy": "Plain",
              "Partial Mode": "Partial",
              "Parent Relationship": "Outer",
              "Parallel Aware": false,
              "Startup Cost": 31819.67,
              "Total Cost": 31819.68,
              "Plan Rows": 1,
              "Plan Width": 8,
              "Actual Startup Time": 88.398,
              "Actual Total Time": 88.399,
              "Actual Rows": 1,
              "Actual Loops": 4,
              "Plans": [
                {
                  "Node Type": "Seq Scan",
                  "Parent Relationship": "Outer",
                  "Parallel Aware": true,
                  "Relation Name": "movie_companies",
                  "Alias": "mc",
                  "Startup Cost": 0.0,
                  "Total Cost": 31414.82,
                  "Plan Rows": 161940,
                  "Plan Width": 0,
                  "Actual Startup Time": 47.615,
                  "Actual Total Time": 80.449,
                  "Actual Rows": 204792,
                  "Actual Loops": 4,
                  "Filter": "((company_id > 16653) AND (company_type_id > 1))",
                  "Rows Removed by Filter": 447490
                }
              ]
            }
          ]
        }
      ]
    },
    "Planning Time": 0.219,
    "Triggers": [],
    "Execution Time": 103.82
  }
]