[
  {
    "Plan": {
      "Node Type": "Aggregate",
      "Strategy": "Plain",
      "Partial Mode": "Finalize",
      "Parallel Aware": false,
      "Startup Cost": 128817.04,
      "Total Cost": 128817.05,
      "Plan Rows": 1,
      "Plan Width": 8,
      "Actual Startup Time": 92.133,
      "Actual Total Time": 104.494,
      "Actual Rows": 1,
      "Actual Loops": 1,
      "Plans": [
        {
          "Node Type": "Gather",
          "Parent Relationship": "Outer",
          "Parallel Aware": false,
          "Startup Cost": 128816.62,
          "Total Cost": 128817.03,
          "Plan Rows": 4,
          "Plan Width": 8,
          "Actual Startup Time": 91.951,
          "Actual Total Time": 104.485,
          "Actual Rows": 5,
          "Actual Loops": 1,
          "Workers Planned": 4,
          "Workers Launched": 4,
          "Single Copy": false,
          "Plans": [
            {
              "Node Type": "Aggregate",
              "Strategy": "Plain",
              "Partial Mode": "Partial",
              "Parent Relationship": "Outer",
              "Parallel Aware": false,
              "Startup Cost": 127816.62,
              "Total Cost": 127816.63,
              "Plan Rows": 1,
              "Plan Width": 8,
              "Actual Startup Time": 86.291,
              "Actual Total Time": 86.293,
              "Actual Rows": 1,
              "Actual Loops": 5,
              "Plans": [
                {
                  "Node Type": "Nested Loop",
                  "Parent Relationship": "Outer",
                  "Parallel Aware": false,
                  "Join Type": "Inner",
                  "Startup Cost": 0.43,
                  "Total Cost": 127816.09,
                  "Plan Rows": 211,
                  "Plan Width": 0,
                  "Actual Startup Time": 8.705,
                  "Actual Total Time": 86.279,
                  "Actual Rows": 8,
                  "Actual Loops": 5,
                  "Inner Unique": false,
                  "Plans": [
                    {
                      "Node Type": "Seq Scan",
                      "Parent Relationship": "Outer",
                      "Parallel Aware": true,
                      "Relation Name": "title",
                      "Alias": "t",
                      "Startup Cost": 0.0,
                      "Total Cost": 45479.59,
                      "Plan Rows": 647,
                      "Plan Width": 4,
                      "Actual Startup Time": 2.778,
                      "Actual Total Time": 83.276,
                      "Actual Rows": 60,
                      "Actual Loops": 5,
                      "Filter": "((kind_id > 1) AND (production_year > 2013))",
                      "Rows Removed by Filter": 505603
                    },
                    {
                      "Node Type": "Index Scan",
                      "Parent Relationship": "Inner",
                      "Parallel Aware": false,
                      "Scan Direction": "Forward",
                      "Index Name": "movie_id_movie_info",
                      "Relation Name": "movie_info",
                      "Alias": "mi",
                      "Startup Cost": 0.43,
                      "Total Cost": 127.24,
                      "Plan Rows": 2,
                      "Plan Width": 4,
                      "Actual Startup Time": 0.042,
                      "Actual Total Time": 0.049,
                      "Actual Rows": 0,
                      "Actual Loops": 298,
                      "Index Cond": "(movie_id = t.id)",
                      "Rows Removed by Index Recheck": 0,
                      "Filter": "(info_type_id < 2)",
                      "Rows Removed by Filter": 4
                    }
                  ]
                }
              ]
            }
          ]
        }
      ]
    },
    "Planning Time": 0.376,
    "Triggers": [],
    "Execution Time": 104.538
  }
]