[
  {
    "Plan": {
      "Node Type": "Aggregate",
      "Strategy": "Plain",
      "Partial Mode": "Finalize",
      "Parallel Aware": false,
      "Startup Cost": 68536.36,
      "Total Cost": 68536.37,
      "Plan Rows": 1,
      "Plan Width": 8,
      "Actual Startup Time": 190.243,
      "Actual Total Time": 204.586,
      "Actual Rows": 1,
      "Actual Loops": 1,
      "Plans": [
        {
          "Node Type": "Gather",
          "Parent Relationship": "Outer",
          "Parallel Aware": false,
          "Startup Cost": 68535.94,
          "Total Cost": 68536.35,
          "Plan Rows": 4,
          "Plan Width": 8,
          "Actual Startup Time": 189.719,
          "Actual Total Time": 204.576,
          "Actual Rows": 5,
          "Actual Loops": 1,
          "Workers Planned": 4,
          "Workers Launched": 4,
          "Single Copy": false,
          "Plans": [
            {
              "Node Type": "Aggregate",
              "Strategy": "Plain",
              "Partial Mode": "Partial",
              "Parent Relationship": "Outer",
              "Parallel Aware": false,
              "Startup Cost": 67535.94,
              "Total Cost": 67535.95,
              "Plan Rows": 1,
              "Plan Width": 8,
              "Actual Startup Time": 180.062,
              "Actual Total Time": 180.078,
              "Actual Rows": 1,
              "Actual Loops": 5,
              "Plans": [
                {
                  "Node Type": "Hash Join",
                  "Parent Relationship": "Outer",
                  "Parallel Aware": true,
                  "Join Type": "Inner",
                  "Startup Cost": 21975.46,
                  "Total Cost": 67500.41,
                  "Plan Rows": 14213,
                  "Plan Width": 0,
                  "Actual Startup Time": 136.232,
                  "Actual Total Time": 179.161,
                  "Actual Rows": 21349,
                  "Actual Loops": 5,
                  "Inner Unique": false,
                  "Hash Cond": "(t.id = mc.movie_id)",
                  "Plans": [
                    {
                      "Node Type": "Seq Scan",
                      "Parent Relationship": "Outer",
                      "Parallel Aware": true,
                      "Relation Name": "title",
                      "Alias": "t",
                      "Startup Cost": 0.0,
                      "Total Cost": 42318.73,
                      "Plan Rows": 632073,
                      "Plan Width": 4,
                      "Actual Startup Time": 0.014,
                      "Actual Total Time": 64.923,
                      "Actual Rows": 505662,
                      "Actual Loops": 5
                    },
                    {
                      "Node Type": "Hash",
                      "Parent Relationship": "Inner",
                      "Parallel Aware": true,
                      "Startup Cost": 21746.22,
                      "Total Cost": 21746.22,
                      "Plan Rows": 18339,
                      "Plan Width": 4,
                      "Actual Startup Time": 41.507,
                      "Actual Total Time": 41.508,
                      "Actual Rows": 21349,
                      "Actual Loops": 5,
                      "Hash Buckets": 131072,
                      "Original Hash Buckets": 65536,
                      "Hash Batches": 1,
                      "Original Hash Batches": 1,
                      "Peak Memory Usage": 5760,
                      "Plans": [
                        {
                          "Node Type": "Bitmap Heap Scan",
                          "Parent Relationship": "Outer",
                          "Parallel Aware": true,
                          "Relation Name": "movie_companies",
                          "Alias": "mc",
                          "Startup Cost": 2414.43,
                          "Total Cost": 21746.22,
                          "Plan Rows": 18339,
                          "Plan Width": 4,
                          "Actual Startup Time": 8.799,
                          "Actual Total Time": 28.579,
                          "Actual Rows": 21349,
                          "Actual Loops": 5,
                          "Recheck Cond": "(company_id > 153678)",
                          "Rows Removed by Index Recheck": 0,
                          "Filter": "(company_type_id = 2)",
                          "Rows Removed by Filter": 0,
                          "Exact Heap Blocks": 1392,
                          "Lossy Heap Blocks": 0,
                          "Plans": [
                            {
                              "Node Type": "Bitmap Index Scan",
                              "Parent Relationship": "Outer",
                              "Parallel Aware": false,
                              "Index Name": "company_id_movie_companies",
                              "Startup Cost": 0.0,
                              "Total Cost": 2400.21,
                              "Plan Rows": 111971,
                              "Plan Width": 0,
                              "Actual Startup Time": 13.33,
                              "Actual Total Time": 13.331,
                              "Actual Rows": 106746,
                              "Actual Loops": 1,
                              "Index Cond": "(company_id > 153678)"
                            }
                          ]
                        }
                      ]
                    }
                  ]
                }
              ]
            }
          ]
        }
      ]
    },
    "Planning Time": 0.642,
    "Triggers": [],
    "Execution Time": 204.694
  }
]