[
  {
    "Plan": {
      "Node Type": "Aggregate",
      "Strategy": "Plain",
      "Partial Mode": "Finalize",
      "Parallel Aware": false,
      "Startup Cost": 332925.93,
      "Total Cost": 332925.94,
      "Plan Rows": 1,
      "Plan Width": 8,
      "Actual Startup Time": 716.189,
      "Actual Total Time": 777.791,
      "Actual Rows": 1,
      "Actual Loops": 1,
      "Plans": [
        {
          "Node Type": "Gather",
          "Parent Relationship": "Outer",
          "Parallel Aware": false,
          "Startup Cost": 332925.31,
          "Total Cost": 332925.92,
          "Plan Rows": 6,
          "Plan Width": 8,
          "Actual Startup Time": 715.971,
          "Actual Total Time": 777.775,
          "Actual Rows": 7,
          "Actual Loops": 1,
          "Workers Planned": 6,
          "Workers Launched": 6,
          "Single Copy": false,
          "Plans": [
            {
              "Node Type": "Aggregate",
              "Strategy": "Plain",
              "Partial Mode": "Partial",
              "Parent Relationship": "Outer",
              "Parallel Aware": false,
              "Startup Cost": 331925.31,
              "Total Cost": 331925.32,
              "Plan Rows": 1,
              "Plan Width": 8,
              "Actual Startup Time": 710.081,
              "Actual Total Time": 710.083,
              "Actual Rows": 1,
              "Actual Loops": 7,
              "Plans": [
                {
                  "Node Type": "Seq Scan",
                  "Parent Relationship": "Outer",
                  "Parallel Aware": true,
                  "Relation Name": "cast_info",
                  "Alias": "ci",
                  "Startup Cost": 0.0,
                  "Total Cost": 328211.39,
                  "Plan Rows": 1485566,
                  "Plan Width": 0,
                  "Actual Startup Time": 0.036,
                  "Actual Total Time": 648.106,
                  "Actual Rows": 1278645,
                  "Actual Loops": 7,
                  "Filter": "(person_id < 880747)",
                  "Rows Removed by Filter": 3899119
                }
              ]
            }
          ]
        }
      ]
    },
    "Planning Time": 0.236,
    "Triggers": [],
    "Execution Time": 777.862
  }
]