[
  {
    "Plan": {
      "Node Type": "Aggregate",
      "Strategy": "Plain",
      "Partial Mode": "Finalize",
      "Parallel Aware": false,
      "Startup Cost": 332834.05,
      "Total Cost": 332834.06,
      "Plan Rows": 1,
      "Plan Width": 8,
      "Actual Startup Time": 644.217,
      "Actual Total Time": 704.006,
      "Actual Rows": 1,
      "Actual Loops": 1,
      "Plans": [
        {
          "Node Type": "Gather",
          "Parent Relationship": "Outer",
          "Parallel Aware": false,
          "Startup Cost": 332833.43,
          "Total Cost": 332834.04,
          "Plan Rows": 6,
          "Plan Width": 8,
          "Actual Startup Time": 644.072,
          "Actual Total Time": 703.994,
          "Actual Rows": 7,
          "Actual Loops": 1,
          "Workers Planned": 6,
          "Workers Launched": 6,
          "Single Copy": false,
          "Plans": [
            {
              "Node Type": "Aggregate",
              "Strategy": "Plain",
              "Partial Mode": "Partial",
              "Parent Relationship": "Outer",
              "Parallel Aware": false,
              "Startup Cost": 331833.43,
              "Total Cost": 331833.44,
              "Plan Rows": 1,
              "Plan Width": 8,
              "Actual Startup Time": 634.963,
              "Actual Total Time": 634.965,
              "Actual Rows": 1,
              "Actual Loops": 7,
              "Plans": [
                {
                  "Node Type": "Seq Scan",
                  "Parent Relationship": "Outer",
                  "Parallel Aware": true,
                  "Relation Name": "cast_info",
                  "Alias": "ci",
                  "Startup Cost": 0.0,
                  "Total Cost": 328162.03,
                  "Plan Rows": 1468561,
                  "Plan Width": 0,
                  "Actual Startup Time": 0.063,
                  "Actual Total Time": 574.664,
                  "Actual Rows": 1278645,
                  "Actual Loops": 7,
                  "Filter": "(person_id < 880747)",
                  "Rows Removed by Filter": 3899119
                }
              ]
            }
          ]
        }
      ]
    },
    "Planning Time": 0.135,
    "Triggers": [],
    "Execution Time": 704.059
  }
]