[
  {
    "Plan": {
      "Node Type": "Aggregate",
      "Strategy": "Plain",
      "Partial Mode": "Finalize",
      "Parallel Aware": false,
      "Startup Cost": 220870.31,
      "Total Cost": 220870.32,
      "Plan Rows": 1,
      "Plan Width": 8,
      "Actual Startup Time": 118.243,
      "Actual Total Time": 134.981,
      "Actual Rows": 1,
      "Actual Loops": 1,
      "Plans": [
        {
          "Node Type": "Gather",
          "Parent Relationship": "Outer",
          "Parallel Aware": false,
          "Startup Cost": 220869.89,
          "Total Cost": 220870.3,
          "Plan Rows": 4,
          "Plan Width": 8,
          "Actual Startup Time": 118.11,
          "Actual Total Time": 134.973,
          "Actual Rows": 5,
          "Actual Loops": 1,
          "Workers Planned": 4,
          "Workers Launched": 4,
          "Single Copy": false,
          "Plans": [
            {
              "Node Type": "Aggregate",
              "Strategy": "Plain",
              "Partial Mode": "Partial",
              "Parent Relationship": "Outer",
              "Parallel Aware": false,
              "Startup Cost": 219869.89,
              "Total Cost": 219869.9,
              "Plan Rows": 1,
              "Plan Width": 8,
              "Actual Startup Time": 108.422,
              "Actual Total Time": 108.423,
              "Actual Rows": 1,
              "Actual Loops": 5,
              "Plans": [
                {
                  "Node Type": "Nested Loop",
                  "Parent Relationship": "Outer",
                  "Parallel Aware": false,
                  "Join Type": "Inner",
                  "Startup Cost": 0.43,
                  "Total Cost": 219843.21,
                  "Plan Rows": 10670,
                  "Plan Width": 0,
                  "Actual Startup Time": 0.738,
                  "Actual Total Time": 107.942,
                  "Actual Rows": 4899,
                  "Actual Loops": 5,
                  "Inner Unique": false,
                  "Plans": [
                    {
                      "Node Type": "Seq Scan",
                      "Parent Relationship": "Outer",
                      "Parallel Aware": true,
                      "Relation Name": "title",
                      "Alias": "t",
                      "Startup Cost": 0.0,
                      "Total Cost": 45479.1,
                      "Plan Rows": 2844,
                      "Plan Width": 4,
                      "Actual Startup Time": 0.129,
                      "Actual Total Time": 72.639,
                      "Actual Rows": 1971,
                      "Actual Loops": 5,
                      "Filter": "((kind_id > 1) AND (production_year = 1971))",
                      "Rows Removed by Filter": 503691
                    },
                    {
                      "Node Type": "Index Scan",
                      "Parent Relationship": "Inner",
                      "Parallel Aware": false,
                      "Scan Direction": "Forward",
                      "Index Name": "movie_id_movie_info",
                      "Relation Name": "movie_info",
                      "Alias": "mi",
                      "Startup Cost": 0.43,
                      "Total Cost": 61.04,
                      "Plan Rows": 27,
                      "Plan Width": 4,
                      "Actual Startup Time": 0.009,
                      "Actual Total Time": 0.017,
                      "Actual Rows": 2,
                      "Actual Loops": 9857,
                      "Index Cond": "(movie_id = t.id)",
                      "Rows Removed by Index Recheck": 0,
                      "Filter": "(info_type_id < 16)",
                      "Rows Removed by Filter": 1
                    }
                  ]
                }
              ]
            }
          ]
        }
      ]
    },
    "Planning Time": 0.683,
    "Triggers": [],
    "Execution Time": 135.055
  }
]