[
  {
    "Plan": {
      "Node Type": "Aggregate",
      "Strategy": "Plain",
      "Partial Mode": "Finalize",
      "Parallel Aware": false,
      "Startup Cost": 27362.88,
      "Total Cost": 27362.89,
      "Plan Rows": 1,
      "Plan Width": 8,
      "Actual Startup Time": 50.033,
      "Actual Total Time": 55.441,
      "Actual Rows": 1,
      "Actual Loops": 1,
      "Plans": [
        {
          "Node Type": "Gather",
          "Parent Relationship": "Outer",
          "Parallel Aware": false,
          "Startup Cost": 27362.67,
          "Total Cost": 27362.88,
          "Plan Rows": 2,
          "Plan Width": 8,
          "Actual Startup Time": 49.832,
          "Actual Total Time": 55.433,
          "Actual Rows": 3,
          "Actual Loops": 1,
          "Workers Planned": 2,
          "Workers Launched": 2,
          "Single Copy": false,
          "Plans": [
            {
              "Node Type": "Aggregate",
              "Strategy": "Plain",
              "Partial Mode": "Partial",
              "Parent Relationship": "Outer",
              "Parallel Aware": false,
              "Startup Cost": 26362.67,
              "Total Cost": 26362.68,
              "Plan Rows": 1,
              "Plan Width": 8,
              "Actual Startup Time": 44.113,
              "Actual Total Time": 44.115,
              "Actual Rows": 1,
              "Actual Loops": 3,
              "Plans": [
                {
                  "Node Type": "Nested Loop",
                  "Parent Relationship": "Outer",
                  "Parallel Aware": false,
                  "Join Type": "Inner",
                  "Startup Cost": 101.52,
                  "Total Cost": 26362.43,
                  "Plan Rows": 96,
                  "Plan Width": 0,
                  "Actual Startup Time": 14.344,
                  "Actual Total Time": 44.06,
                  "Actual Rows": 189,
                  "Actual Loops": 3,
                  "Inner Unique": false,
                  "Plans": [
                    {
                      "Node Type": "Nested Loop",
                      "Parent Relationship": "Outer",
                      "Parallel Aware": false,
                      "Join Type": "Inner",
                      "Startup Cost": 101.09,
                      "Total Cost": 26228.4,
                      "Plan Rows": 177,
                      "Plan Width": 8,
                      "Actual Startup Time": 14.158,
                      "Actual Total Time": 42.599,
                      "Actual Rows": 68,
                      "Actual Loops": 3,
                      "Inner Unique": true,
                      "Plans": [
                        {
                          "Node Type": "Bitmap Heap Scan",
                          "Parent Relationship": "Outer",
                          "Parallel Aware": true,
                          "Relation Name": "movie_keyword",
                          "Alias": "mk",
                          "Startup Cost": 100.66,
                          "Total Cost": 11847.89,
                          "Plan Rows": 1948,
                          "Plan Width": 4,
                          "Actual Startup Time": 13.894,
                          "Actual Total Time": 23.053,
                          "Actual Rows": 1350,
                          "Actual Loops": 3,
                          "Recheck Cond": "(keyword_id = 1749)",
                          "Rows Removed by Index Recheck": 0,
                          "Exact Heap Blocks": 2298,
                          "Lossy Heap Blocks": 0,
                          "Plans": [
                            {
                              "Node Type": "Bitmap Index Scan",
                              "Parent Relationship": "Outer",
                              "Parallel Aware": false,
                              "Index Name": "keyword_id_movie_keyword",
                              "Startup Cost": 0.0,
                              "Total Cost": 99.5,
                              "Plan Rows": 4675,
                              "Plan Width": 0,
                              "Actual Startup Time": 17.297,
                              "Actual Total Time": 17.298,
                              "Actual Rows": 4049,
                              "Actual Loops": 1,
                              "Index Cond": "(keyword_id = 1749)"
                            }
                          ]
                        },
                        {
                          "Node Type": "Index Scan",
                          "Parent Relationship": "Inner",
                          "Parallel Aware": false,
                          "Scan Direction": "Forward",
                          "Index Name": "title_pkey",
                          "Relation Name": "title",
                          "Alias": "t",
                          "Startup Cost": 0.43,
                          "Total Cost": 7.38,
                          "Plan Rows": 1,
                          "Plan Width": 4,
                          "Actual Startup Time": 0.014,
                          "Actual Total Time": 0.014,
                          "Actual Rows": 0,
                          "Actual Loops": 4049,
                          "Index Cond": "(id = mk.movie_id)",
                          "Rows Removed by Index Recheck": 0,
                          "Filter": "(production_year > 2011)",
                          "Rows Removed by Filter": 1
                        }
                      ]
                    },
                    {
                      "Node Type": "Index Only Scan",
                      "Parent Relationship": "Inner",
                      "Parallel Aware": false,
                      "Scan Direction": "Forward",
                      "Index Name": "movie_id_movie_info_idx",
                      "Relation Name": "movie_info_idx",
                      "Alias": "mi_idx",
                      "Startup Cost": 0.43,
                      "Total Cost": 0.73,
                      "Plan Rows": 3,
                      "Plan Width": 4,
                      "Actual Startup Time": 0.018,
                      "Actual Total Time": 0.02,
                      "Actual Rows": 3,
                      "Actual Loops": 205,
                      "Index Cond": "(movie_id = t.id)",
                      "Rows Removed by Index Recheck": 0,
                      "Heap Fetches": 566
                    }
                  ]
                }
              ]
            }
          ]
        }
      ]
    },
    "Planning Time": 0.873,
    "Triggers": [],
    "Execution Time": 55.516
  }
]