[
  {
    "Plan": {
      "Node Type": "Aggregate",
      "Strategy": "Plain",
      "Partial Mode": "Finalize",
      "Parallel Aware": false,
      "Startup Cost": 39379.45,
      "Total Cost": 39379.46,
      "Plan Rows": 1,
      "Plan Width": 8,
      "Actual Startup Time": 152.397,
      "Actual Total Time": 163.145,
      "Actual Rows": 1,
      "Actual Loops": 1,
      "Plans": [
        {
          "Node Type": "Gather",
          "Parent Relationship": "Outer",
          "Parallel Aware": false,
          "Startup Cost": 39379.13,
          "Total Cost": 39379.44,
          "Plan Rows": 3,
          "Plan Width": 8,
          "Actual Startup Time": 152.012,
          "Actual Total Time": 163.136,
          "Actual Rows": 4,
          "Actual Loops": 1,
          "Workers Planned": 3,
          "Workers Launched": 3,
          "Single Copy": false,
          "Plans": [
            {
              "Node Type": "Aggregate",
              "Strategy": "Plain",
              "Partial Mode": "Partial",
              "Parent Relationship": "Outer",
              "Parallel Aware": false,
              "Startup Cost": 38379.13,
              "Total Cost": 38379.14,
              "Plan Rows": 1,
              "Plan Width": 8,
              "Actual Startup Time": 147.406,
              "Actual Total Time": 147.408,
              "Actual Rows": 1,
              "Actual Loops": 4,
              "Plans": [
                {
                  "Node Type": "Bitmap Heap Scan",
                  "Parent Relationship": "Outer",
                  "Parallel Aware": true,
                  "Relation Name": "movie_keyword",
                  "Alias": "mk",
                  "Startup Cost": 11338.83,
                  "Total Cost": 37948.08,
                  "Plan Rows": 172420,
                  "Plan Width": 0,
                  "Actual Startup Time": 58.001,
                  "Actual Total Time": 138.584,
                  "Actual Rows": 134128,
                  "Actual Loops": 4,
                  "Recheck Cond": "(keyword_id > 34238)",
                  "Rows Removed by Index Recheck": 0,
                  "Exact Heap Blocks": 10629,
                  "Lossy Heap Blocks": 0,
                  "Plans": [
                    {
                      "Node Type": "Bitmap Index Scan",
                      "Parent Relationship": "Outer",
                      "Parallel Aware": false,
                      "Index Name": "keyword_id_movie_keyword",
                      "Startup Cost": 0.0,
                      "Total Cost": 11205.2,
                      "Plan Rows": 534503,
                      "Plan Width": 0,
                      "Actual Startup Time": 58.338,
                      "Actual Total Time": 58.339,
                      "Actual Rows": 536511,
                      "Actual Loops": 1,
                      "Index Cond": "(keyword_id > 34238)"
                    }
                  ]
                }
              ]
            }
          ]
        }
      ]
    },
    "Planning Time": 0.189,
    "Triggers": [],
    "Execution Time": 163.221
  }
]