[
  {
    "Plan": {
      "Node Type": "Aggregate",
      "Strategy": "Plain",
      "Partial Mode": "Finalize",
      "Parallel Aware": false,
      "Startup Cost": 89589.69,
      "Total Cost": 89589.7,
      "Plan Rows": 1,
      "Plan Width": 8,
      "Actual Startup Time": 276.955,
      "Actual Total Time": 295.281,
      "Actual Rows": 1,
      "Actual Loops": 1,
      "Plans": [
        {
          "Node Type": "Gather",
          "Parent Relationship": "Outer",
          "Parallel Aware": false,
          "Startup Cost": 89589.37,
          "Total Cost": 89589.68,
          "Plan Rows": 3,
          "Plan Width": 8,
          "Actual Startup Time": 275.714,
          "Actual Total Time": 295.272,
          "Actual Rows": 4,
          "Actual Loops": 1,
          "Workers Planned": 3,
          "Workers Launched": 3,
          "Single Copy": false,
          "Plans": [
            {
              "Node Type": "Aggregate",
              "Strategy": "Plain",
              "Partial Mode": "Partial",
              "Parent Relationship": "Outer",
              "Parallel Aware": false,
              "Startup Cost": 88589.37,
              "Total Cost": 88589.38,
              "Plan Rows": 1,
              "Plan Width": 8,
              "Actual Startup Time": 272.487,
              "Actual Total Time": 272.489,
              "Actual Rows": 1,
              "Actual Loops": 4,
              "Plans": [
                {
                  "Node Type": "Hash Join",
                  "Parent Relationship": "Outer",
                  "Parallel Aware": true,
                  "Join Type": "Inner",
                  "Startup Cost": 45638.1,
                  "Total Cost": 88516.18,
                  "Plan Rows": 29276,
                  "Plan Width": 0,
                  "Actual Startup Time": 110.386,
                  "Actual Total Time": 269.449,
                  "Actual Rows": 72260,
                  "Actual Loops": 4,
                  "Inner Unique": true,
                  "Hash Cond": "(mk.movie_id = t.id)",
                  "Plans": [
                    {
                      "Node Type": "Seq Scan",
                      "Parent Relationship": "Outer",
                      "Parallel Aware": true,
                      "Relation Name": "movie_keyword",
                      "Alias": "mk",
                      "Startup Cost": 0.0,
                      "Total Cost": 39047.32,
                      "Plan Rows": 1459332,
                      "Plan Width": 4,
                      "Actual Startup Time": 0.037,
                      "Actual Total Time": 81.921,
                      "Actual Rows": 1130982,
                      "Actual Loops": 4
                    },
                    {
                      "Node Type": "Hash",
                      "Parent Relationship": "Inner",
                      "Parallel Aware": true,
                      "Startup Cost": 45479.59,
                      "Total Cost": 45479.59,
                      "Plan Rows": 12681,
                      "Plan Width": 4,
                      "Actual Startup Time": 99.581,
                      "Actual Total Time": 99.581,
                      "Actual Rows": 34655,
                      "Actual Loops": 4,
                      "Hash Buckets": 262144,
                      "Original Hash Buckets": 65536,
                      "Hash Batches": 1,
                      "Original Hash Batches": 1,
                      "Peak Memory Usage": 9120,
                      "Plans": [
                        {
                          "Node Type": "Seq Scan",
                          "Parent Relationship": "Outer",
                          "Parallel Aware": true,
                          "Relation Name": "title",
                          "Alias": "t",
                          "Startup Cost": 0.0,
                          "Total Cost": 45479.59,
                          "Plan Rows": 12681,
                          "Plan Width": 4,
                          "Actual Startup Time": 12.209,
                          "Actual Total Time": 84.214,
                          "Actual Rows": 34655,
                          "Actual Loops": 4,
                          "Filter": "((kind_id < 7) AND (production_year < 1939))",
                          "Rows Removed by Filter": 597423
                        }
                      ]
                    }
                  ]
                }
              ]
            }
          ]
        }
      ]
    },
    "Planning Time": 0.396,
    "Triggers": [],
    "Execution Time": 295.328
  }
]