[
  {
    "Plan": {
      "Node Type": "Aggregate",
      "Strategy": "Plain",
      "Partial Mode": "Finalize",
      "Parallel Aware": false,
      "Startup Cost": 356781.63,
      "Total Cost": 356781.64,
      "Plan Rows": 1,
      "Plan Width": 8,
      "Actual Startup Time": 954.466,
      "Actual Total Time": 1015.557,
      "Actual Rows": 1,
      "Actual Loops": 1,
      "Plans": [
        {
          "Node Type": "Gather",
          "Parent Relationship": "Outer",
          "Parallel Aware": false,
          "Startup Cost": 356781.01,
          "Total Cost": 356781.62,
          "Plan Rows": 6,
          "Plan Width": 8,
          "Actual Startup Time": 954.349,
          "Actual Total Time": 1015.545,
          "Actual Rows": 7,
          "Actual Loops": 1,
          "Workers Planned": 6,
          "Workers Launched": 6,
          "Single Copy": false,
          "Plans": [
            {
              "Node Type": "Aggregate",
              "Strategy": "Plain",
              "Partial Mode": "Partial",
              "Parent Relationship": "Outer",
              "Parallel Aware": false,
              "Startup Cost": 355781.01,
              "Total Cost": 355781.02,
              "Plan Rows": 1,
              "Plan Width": 8,
              "Actual Startup Time": 944.009,
              "Actual Total Time": 944.011,
              "Actual Rows": 1,
              "Actual Loops": 7,
              "Plans": [
                {
                  "Node Type": "Seq Scan",
                  "Parent Relationship": "Outer",
                  "Parallel Aware": true,
                  "Relation Name": "cast_info",
                  "Alias": "ci",
                  "Startup Cost": 0.0,
                  "Total Cost": 343257.03,
                  "Plan Rows": 5009592,
                  "Plan Width": 0,
                  "Actual Startup Time": 37.244,
                  "Actual Total Time": 758.405,
                  "Actual Rows": 4277819,
                  "Actual Loops": 7,
                  "Filter": "((person_id > 172553) AND (role_id < 10))",
                  "Rows Removed by Filter": 899944
                }
              ]
            }
          ]
        }
      ]
    },
    "Planning Time": 0.2,
    "Triggers": [],
    "Execution Time": 1015.625
  }
]