[
  {
    "Plan": {
      "Node Type": "Aggregate",
      "Strategy": "Plain",
      "Partial Mode": "Simple",
      "Parallel Aware": false,
      "Startup Cost": 320903.32,
      "Total Cost": 320903.33,
      "Plan Rows": 1,
      "Plan Width": 64,
      "Actual Startup Time": 15925.604,
      "Actual Total Time": 15925.611,
      "Actual Rows": 1,
      "Actual Loops": 1,
      "Output": [
        "min(n.name)",
        "min(t.title)"
      ],
      "Plans": [
        {
          "Node Type": "Nested Loop",
          "Parent Relationship": "Outer",
          "Parallel Aware": false,
          "Join Type": "Inner",
          "Startup Cost": 144094.23,
          "Total Cost": 320840.95,
          "Plan Rows": 12474,
          "Plan Width": 32,
          "Actual Startup Time": 2609.234,
          "Actual Total Time": 15718.153,
          "Actual Rows": 1690417,
          "Actual Loops": 1,
          "Output": [
            "n.name",
            "t.title"
          ],
          "Inner Unique": false,
          "Join Filter": "(n.id = an.person_id)",
          "Rows Removed by Join Filter": 0,
          "Plans": [
            {
              "Node Type": "Hash Join",
              "Parent Relationship": "Outer",
              "Parallel Aware": false,
              "Join Type": "Inner",
              "Startup Cost": 144093.8,
              "Total Cost": 318151.53,
              "Plan Rows": 5338,
              "Plan Width": 40,
              "Actual Startup Time": 2607.794,
              "Actual Total Time": 11811.215,
              "Actual Rows": 2628080,
              "Actual Loops": 1,
              "Output": [
                "ci.person_id",
                "n.name",
                "n.id",
                "t.title"
              ],
              "Inner Unique": true,
              "Hash Cond": "(mc.company_id = cn.id)",
              "Plans": [
                {
                  "Node Type": "Nested Loop",
                  "Parent Relationship": "Outer",
                  "Parallel Aware": false,
                  "Join Type": "Inner",
                  "Startup Cost": 137113.74,
                  "Total Cost": 307242.3,
                  "Plan Rows": 1496800,
                  "Plan Width": 44,
                  "Actual Startup Time": 2495.24,
                  "Actual Total Time": 10529.595,
                  "Actual Rows": 10280777,
                  "Actual Loops": 1,
                  "Output": [
                    "ci.person_id",
                    "mc.company_id",
                    "n.name",
                    "n.id",
                    "t.title"
                  ],
                  "Inner Unique": false,
                  "Join Filter": "(t.id = mc.movie_id)",
                  "Rows Removed by Join Filter": 0,
                  "Plans": [
                    {
                      "Node Type": "Nested Loop",
                      "Parent Relationship": "Outer",
                      "Parallel Aware": false,
                      "Join Type": "Inner",
                      "Startup Cost": 137113.31,
                      "Total Cost": 305605.08,
                      "Plan Rows": 2786,
                      "Plan Width": 52,
                      "Actual Startup Time": 2494.283,
                      "Actual Total Time": 6777.722,
                      "Actual Rows": 447796,
                      "Actual Loops": 1,
                      "Output": [
                        "ci.movie_id",
                        "ci.person_id",
                        "mi.movie_id",
                        "n.name",
                        "n.id",
                        "t.title",
                        "t.id"
                      ],
                      "Inner Unique": true,
                      "Plans": [
                        {
                          "Node Type": "Hash Join",
                          "Parent Relationship": "Outer",
                          "Parallel Aware": false,
                          "Join Type": "Inner",
                          "Startup Cost": 137112.88,
                          "Total Cost": 304187.46,
                          "Plan Rows": 2786,
                          "Plan Width": 56,
                          "Actual Startup Time": 2494.187,
                          "Actual Total Time": 5758.843,
                          "Actual Rows": 452770,
                          "Actual Loops": 1,
                          "Output": [
                            "ci.movie_id",
                            "ci.person_id",
                            "ci.person_role_id",
                            "mi.movie_id",
                            "n.name",
                            "n.id",
                            "t.title",
                            "t.id"
                          ],
                          "Inner Unique": true,
                          "Hash Cond": "(mi.info_type_id = it.id)",
                          "Plans": [
                            {
                              "Node Type": "Nested Loop",
                              "Parent Relationship": "Outer",
                              "Parallel Aware": false,
                              "Join Type": "Inner",
                              "Startup Cost": 137110.46,
                              "Total Cost": 303327.6,
                              "Plan Rows": 314837,
                              "Plan Width": 60,
                              "Actual Startup Time": 2494.12,
                              "Actual Total Time": 5541.399,
                              "Actual Rows": 2024866,
                              "Actual Loops": 1,
                              "Output": [
                                "ci.movie_id",
                                "ci.person_id",
                                "ci.person_role_id",
                                "mi.movie_id",
                                "mi.info_type_id",
                                "n.name",
                                "n.id",
                                "t.title",
                                "t.id"
                              ],
                              "Inner Unique": false,
                              "Join Filter": "(t.id = mi.movie_id)",
                              "Rows Removed by Join Filter": 0,
                              "Plans": [
                                {
                                  "Node Type": "Nested Loop",
                                  "Parent Relationship": "Outer",
                                  "Parallel Aware": false,
                                  "Join Type": "Inner",
                                  "Startup Cost": 137110.02,
                                  "Total Cost": 261845.31,
                                  "Plan Rows": 21024,
                                  "Plan Width": 52,
                                  "Actual Startup Time": 2494.011,
                                  "Actual Total Time": 3858.031,
                                  "Actual Rows": 45129,
                                  "Actual Loops": 1,
                                  "Output": [
                                    "ci.movie_id",
                                    "ci.person_id",
                                    "ci.person_role_id",
                                    "n.name",
                                    "n.id",
                                    "t.title",
                                    "t.id"
                                  ],
                                  "Inner Unique": true,
                                  "Plans": [
                                    {
                                      "Node Type": "Hash Join",
                                      "Parent Relationship": "Outer",
                                      "Parallel Aware": false,
                                      "Join Type": "Inner",
                                      "Startup Cost": 137109.59,
                                      "Total Cost": 211339.5,
                                      "Plan Rows": 93383,
                                      "Plan Width": 33,
                                      "Actual Startup Time": 2493.867,
                                      "Actual Total Time": 3428.981,
                                      "Actual Rows": 45149,
                                      "Actual Loops": 1,
                                      "Output": [
                                        "ci.movie_id",
                                        "ci.person_id",
                                        "ci.person_role_id",
                                        "t.title",
                                        "t.id"
                                      ],
                                      "Inner Unique": false,
                                      "Hash Cond": "(t.id = ci.movie_id)",
                                      "Plans": [
                                        {
                                          "Node Type": "Seq Scan",
                                          "Parent Relationship": "Outer",
                                          "Parallel Aware": false,
                                          "Relation Name": "title",
                                          "Schema": "public",
                                          "Alias": "t",
                                          "Startup Cost": 0.0,
                                          "Total Cost": 67601.66,
                                          "Plan Rows": 911106,
                                          "Plan Width": 21,
                                          "Actual Startup Time": 0.042,
                                          "Actual Total Time": 610.505,
                                          "Actual Rows": 904491,
                                          "Actual Loops": 1,
                                          "Output": [
                                            "t.id",
                                            "t.title",
                                            "t.imdb_index",
                                            "t.kind_id",
                                            "t.production_year",
                                            "t.imdb_id",
                                            "t.phonetic_code",
                                            "t.episode_of_id",
                                            "t.season_nr",
                                            "t.episode_nr",
                                            "t.series_years",
                                            "t.md5sum"
                                          ],
                                          "Filter": "(t.production_year > 2006)",
                                          "Rows Removed by Filter": 1623821
                                        },
                                        {
                                          "Node Type": "Hash",
                                          "Parent Relationship": "Inner",
                                          "Parallel Aware": false,
                                          "Startup Cost": 133870.4,
                                          "Total Cost": 133870.4,
                                          "Plan Rows": 259135,
                                          "Plan Width": 12,
                                          "Actual Startup Time": 2492.304,
                                          "Actual Total Time": 2492.306,
                                          "Actual Rows": 167887,
                                          "Actual Loops": 1,
                                          "Output": [
                                            "ci.movie_id",
                                            "ci.person_id",
                                            "ci.person_role_id"
                                          ],
                                          "Hash Buckets": 262144,
                                          "Original Hash Buckets": 262144,
                                          "Hash Batches": 1,
                                          "Original Hash Batches": 1,
                                          "Peak Memory Usage": 9226,
                                          "Plans": [
                                            {
                                              "Node Type": "Nested Loop",
                                              "Parent Relationship": "Outer",
                                              "Parallel Aware": false,
                                              "Join Type": "Inner",
                                              "Startup Cost": 0.56,
                                              "Total Cost": 133870.4,
                                              "Plan Rows": 259135,
                                              "Plan Width": 12,
                                              "Actual Startup Time": 0.172,
                                              "Actual Total Time": 2416.295,
                                              "Actual Rows": 167887,
                                              "Actual Loops": 1,
                                              "Output": [
                                                "ci.movie_id",
                                                "ci.person_id",
                                                "ci.person_role_id"
                                              ],
                                              "Inner Unique": false,
                                              "Plans": [
                                                {
                                                  "Node Type": "Seq Scan",
                                                  "Parent Relationship": "Outer",
                                                  "Parallel Aware": false,
                                                  "Relation Name": "role_type",
                                                  "Schema": "public",
                                                  "Alias": "rt",
                                                  "Startup Cost": 0.0,
                                                  "Total Cost": 1.15,
                                                  "Plan Rows": 1,
                                                  "Plan Width": 4,
                                                  "Actual Startup Time": 0.012,
                                                  "Actual Total Time": 0.017,
                                                  "Actual Rows": 1,
                                                  "Actual Loops": 1,
                                                  "Output": [
                                                    "rt.id",
                                                    "rt.role"
                                                  ],
                                                  "Filter": "((rt.role)::text = 'actress'::text)",
                                                  "Rows Removed by Filter": 11
                                                },
                                                {
                                                  "Node Type": "Index Scan",
                                                  "Parent Relationship": "Inner",
                                                  "Parallel Aware": false,
                                                  "Scan Direction": "Forward",
                                                  "Index Name": "role_id_cast_info",
                                                  "Relation Name": "cast_info",
                                                  "Schema": "public",
                                                  "Alias": "ci",
                                                  "Startup Cost": 0.56,
                                                  "Total Cost": 131042.32,
                                                  "Plan Rows": 282693,
                                                  "Plan Width": 16,
                                                  "Actual Startup Time": 0.154,
                                                  "Actual Total Time": 2392.139,
                                                  "Actual Rows": 167887,
                                                  "Actual Loops": 1,
                                                  "Output": [
                                                    "ci.id",
                                                    "ci.person_id",
                                                    "ci.movie_id",
                                                    "ci.person_role_id",
                                                    "ci.note",
                                                    "ci.nr_order",
                                                    "ci.role_id"
                                                  ],
                                                  "Index Cond": "(ci.role_id = rt.id)",
                                                  "Rows Removed by Index Recheck": 0,
                                                  "Filter": "(ci.note = ANY ('{(uncredited),\"(executive producer)\",(producer),\"(as Dominique)\"}'::text[]))",
                                                  "Rows Removed by Filter": 7284086
                                                }
                                              ]
                                            }
                                          ]
                                        }
                                      ]
                                    },
                                    {
                                      "Node Type": "Index Scan",
                                      "Parent Relationship": "Inner",
                                      "Parallel Aware": false,
                                      "Scan Direction": "Forward",
                                      "Index Name": "name_pkey",
                                      "Relation Name": "name",
                                      "Schema": "public",
                                      "Alias": "n",
                                      "Startup Cost": 0.43,
                                      "Total Cost": 0.54,
                                      "Plan Rows": 1,
                                      "Plan Width": 19,
                                      "Actual Startup Time": 0.009,
                                      "Actual Total Time": 0.009,
                                      "Actual Rows": 1,
                                      "Actual Loops": 45149,
                                      "Output": [
                                        "n.id",
                                        "n.name",
                                        "n.imdb_index",
                                        "n.imdb_id",
                                        "n.gender",
                                        "n.name_pcode_cf",
                                        "n.name_pcode_nf",
                                        "n.surname_pcode",
                                        "n.md5sum"
                                      ],
                                      "Index Cond": "(n.id = ci.person_id)",
                                      "Rows Removed by Index Recheck": 0,
                                      "Filter": "((n.gender)::text = 'f'::text)",
                                      "Rows Removed by Filter": 0
                                    }
                                  ]
                                },
                                {
                                  "Node Type": "Index Scan",
                                  "Parent Relationship": "Inner",
                                  "Parallel Aware": false,
                                  "Scan Direction": "Forward",
                                  "Index Name": "movie_id_movie_info",
                                  "Relation Name": "movie_info",
                                  "Schema": "public",
                                  "Alias": "mi",
                                  "Startup Cost": 0.43,
                                  "Total Cost": 1.45,
                                  "Plan Rows": 42,
                                  "Plan Width": 8,
                                  "Actual Startup Time": 0.008,
                                  "Actual Total Time": 0.03,
                                  "Actual Rows": 45,
                                  "Actual Loops": 45129,
                                  "Output": [
                                    "mi.id",
                                    "mi.movie_id",
                                    "mi.info_type_id",
                                    "mi.info",
                                    "mi.note"
                                  ],
                                  "Index Cond": "(mi.movie_id = ci.movie_id)",
                                  "Rows Removed by Index Recheck": 0
                                }
                              ]
                            },
                            {
                              "Node Type": "Hash",
                              "Parent Relationship": "Inner",
                              "Parallel Aware": false,
                              "Startup Cost": 2.41,
                              "Total Cost": 2.41,
                              "Plan Rows": 1,
                              "Plan Width": 4,
                              "Actual Startup Time": 0.036,
                              "Actual Total Time": 0.037,
                              "Actual Rows": 1,
                              "Actual Loops": 1,
                              "Output": [
                                "it.id"
                              ],
                              "Hash Buckets": 1024,
                              "Original Hash Buckets": 1024,
                              "Hash Batches": 1,
                              "Original Hash Batches": 1,
                              "Peak Memory Usage": 9,
                              "Plans": [
                                {
                                  "Node Type": "Seq Scan",
                                  "Parent Relationship": "Outer",
                                  "Parallel Aware": false,
                                  "Relation Name": "info_type",
                                  "Schema": "public",
                                  "Alias": "it",
                                  "Startup Cost": 0.0,
                                  "Total Cost": 2.41,
                                  "Plan Rows": 1,
                                  "Plan Width": 4,
                                  "Actual Startup Time": 0.023,
                                  "Actual Total Time": 0.031,
                                  "Actual Rows": 1,
                                  "Actual Loops": 1,
                                  "Output": [
                                    "it.id"
                                  ],
                                  "Filter": "((it.info)::text = 'release dates'::text)",
                                  "Rows Removed by Filter": 112
                                }
                              ]
                            }
                          ]
                        },
                        {
                          "Node Type": "Index Only Scan",
                          "Parent Relationship": "Inner",
                          "Parallel Aware": false,
                          "Scan Direction": "Forward",
                          "Index Name": "char_name_pkey",
                          "Relation Name": "char_name",
                          "Schema": "public",
                          "Alias": "chn",
                          "Startup Cost": 0.43,
                          "Total Cost": 0.51,
                          "Plan Rows": 1,
                          "Plan Width": 4,
                          "Actual Startup Time": 0.002,
                          "Actual Total Time": 0.002,
                          "Actual Rows": 1,
                          "Actual Loops": 452770,
                          "Output": [
                            "chn.id"
                          ],
                          "Index Cond": "(chn.id = ci.person_role_id)",
                          "Rows Removed by Index Recheck": 0,
                          "Heap Fetches": 447796
                        }
                      ]
                    },
                    {
                      "Node Type": "Index Scan",
                      "Parent Relationship": "Inner",
                      "Parallel Aware": false,
                      "Scan Direction": "Forward",
                      "Index Name": "movie_id_movie_companies",
                      "Relation Name": "movie_companies",
                      "Schema": "public",
                      "Alias": "mc",
                      "Startup Cost": 0.43,
                      "Total Cost": 0.53,
                      "Plan Rows": 5,
                      "Plan Width": 8,
                      "Actual Startup Time": 0.002,
                      "Actual Total Time": 0.005,
                      "Actual Rows": 23,
                      "Actual Loops": 447796,
                      "Output": [
                        "mc.id",
                        "mc.movie_id",
                        "mc.company_id",
                        "mc.company_type_id",
                        "mc.note"
                      ],
                      "Index Cond": "(mc.movie_id = mi.movie_id)",
                      "Rows Removed by Index Recheck": 0
                    }
                  ]
                },
                {
                  "Node Type": "Hash",
                  "Parent Relationship": "Inner",
                  "Parallel Aware": false,
                  "Startup Cost": 5932.46,
                  "Total Cost": 5932.46,
                  "Plan Rows": 83808,
                  "Plan Width": 4,
                  "Actual Startup Time": 110.743,
                  "Actual Total Time": 110.743,
                  "Actual Rows": 84843,
                  "Actual Loops": 1,
                  "Output": [
                    "cn.id"
                  ],
                  "Hash Buckets": 131072,
                  "Original Hash Buckets": 131072,
                  "Hash Batches": 1,
                  "Original Hash Batches": 1,
                  "Peak Memory Usage": 4007,
                  "Plans": [
                    {
                      "Node Type": "Seq Scan",
                      "Parent Relationship": "Outer",
                      "Parallel Aware": false,
                      "Relation Name": "company_name",
                      "Schema": "public",
                      "Alias": "cn",
                      "Startup Cost": 0.0,
                      "Total Cost": 5932.46,
                      "Plan Rows": 83808,
                      "Plan Width": 4,
                      "Actual Startup Time": 0.135,
                      "Actual Total Time": 87.213,
                      "Actual Rows": 84843,
                      "Actual Loops": 1,
                      "Output": [
                        "cn.id"
                      ],
                      "Filter": "((cn.country_code)::text = '[us]'::text)",
                      "Rows Removed by Filter": 150154
                    }
                  ]
                }
              ]
            },
            {
              "Node Type": "Index Only Scan",
              "Parent Relationship": "Inner",
              "Parallel Aware": false,
              "Scan Direction": "Forward",
              "Index Name": "person_id_aka_name",
              "Relation Name": "aka_name",
              "Schema": "public",
              "Alias": "an",
              "Startup Cost": 0.42,
              "Total Cost": 0.48,
              "Plan Rows": 2,
              "Plan Width": 4,
              "Actual Startup Time": 0.001,
              "Actual Total Time": 0.001,
              "Actual Rows": 1,
              "Actual Loops": 2628080,
              "Output": [
                "an.person_id"
              ],
              "Index Cond": "(an.person_id = ci.person_id)",
              "Rows Removed by Index Recheck": 0,
              "Heap Fetches": 1690417
            }
          ]
        }
      ]
    },
    "Planning Time": 117858.972,
    "Triggers": [],
    "Execution Time": 15926.437
  }
]