[
  {
    "Plan": {
      "Node Type": "Aggregate",
      "Strategy": "Plain",
      "Partial Mode": "Finalize",
      "Parallel Aware": false,
      "Startup Cost": 92282.41,
      "Total Cost": 92282.42,
      "Plan Rows": 1,
      "Plan Width": 8,
      "Actual Startup Time": 405.132,
      "Actual Total Time": 423.094,
      "Actual Rows": 1,
      "Actual Loops": 1,
      "Plans": [
        {
          "Node Type": "Gather",
          "Parent Relationship": "Outer",
          "Parallel Aware": false,
          "Startup Cost": 92282.09,
          "Total Cost": 92282.4,
          "Plan Rows": 3,
          "Plan Width": 8,
          "Actual Startup Time": 404.072,
          "Actual Total Time": 423.084,
          "Actual Rows": 4,
          "Actual Loops": 1,
          "Workers Planned": 3,
          "Workers Launched": 3,
          "Single Copy": false,
          "Plans": [
            {
              "Node Type": "Aggregate",
              "Strategy": "Plain",
              "Partial Mode": "Partial",
              "Parent Relationship": "Outer",
              "Parallel Aware": false,
              "Startup Cost": 91282.09,
              "Total Cost": 91282.1,
              "Plan Rows": 1,
              "Plan Width": 8,
              "Actual Startup Time": 394.512,
              "Actual Total Time": 394.516,
              "Actual Rows": 1,
              "Actual Loops": 4,
              "Plans": [
                {
                  "Node Type": "Hash Join",
                  "Parent Relationship": "Outer",
                  "Parallel Aware": true,
                  "Join Type": "Inner",
                  "Startup Cost": 45811.17,
                  "Total Cost": 91175.43,
                  "Plan Rows": 42663,
                  "Plan Width": 0,
                  "Actual Startup Time": 191.896,
                  "Actual Total Time": 385.057,
                  "Actual Rows": 166122,
                  "Actual Loops": 4,
                  "Inner Unique": true,
                  "Hash Cond": "(mk.movie_id = t.id)",
                  "Plans": [
                    {
                      "Node Type": "Seq Scan",
                      "Parent Relationship": "Outer",
                      "Parallel Aware": true,
                      "Relation Name": "movie_keyword",
                      "Alias": "mk",
                      "Startup Cost": 0.0,
                      "Total Cost": 42695.65,
                      "Plan Rows": 1016612,
                      "Plan Width": 4,
                      "Actual Startup Time": 0.034,
                      "Actual Total Time": 137.85,
                      "Actual Rows": 787986,
                      "Actual Loops": 4,
                      "Filter": "(keyword_id < 12173)",
                      "Rows Removed by Filter": 342997
                    },
                    {
                      "Node Type": "Hash",
                      "Parent Relationship": "Inner",
                      "Parallel Aware": true,
                      "Startup Cost": 45479.59,
                      "Total Cost": 45479.59,
                      "Plan Rows": 26527,
                      "Plan Width": 4,
                      "Actual Startup Time": 146.158,
                      "Actual Total Time": 146.159,
                      "Actual Rows": 61010,
                      "Actual Loops": 4,
                      "Hash Buckets": 262144,
                      "Original Hash Buckets": 131072,
                      "Hash Batches": 1,
                      "Original Hash Batches": 1,
                      "Peak Memory Usage": 12704,
                      "Plans": [
                        {
                          "Node Type": "Seq Scan",
                          "Parent Relationship": "Outer",
                          "Parallel Aware": true,
                          "Relation Name": "title",
                          "Alias": "t",
                          "Startup Cost": 0.0,
                          "Total Cost": 45479.59,
                          "Plan Rows": 26527,
                          "Plan Width": 4,
                          "Actual Startup Time": 70.341,
                          "Actual Total Time": 118.344,
                          "Actual Rows": 61010,
                          "Actual Loops": 4,
                          "Filter": "((production_year < 1974) AND (kind_id = 1))",
                          "Rows Removed by Filter": 571068
                        }
                      ]
                    }
                  ]
                }
              ]
            }
          ]
        }
      ]
    },
    "Planning Time": 0.648,
    "Triggers": [],
    "Execution Time": 423.174
  }
]