[
  {
    "Plan": {
      "Node Type": "Aggregate",
      "Strategy": "Plain",
      "Partial Mode": "Finalize",
      "Parallel Aware": false,
      "Startup Cost": 138182.07,
      "Total Cost": 138182.08,
      "Plan Rows": 1,
      "Plan Width": 8,
      "Actual Startup Time": 943.503,
      "Actual Total Time": 953.513,
      "Actual Rows": 1,
      "Actual Loops": 1,
      "Plans": [
        {
          "Node Type": "Gather",
          "Parent Relationship": "Outer",
          "Parallel Aware": false,
          "Startup Cost": 138181.76,
          "Total Cost": 138182.07,
          "Plan Rows": 3,
          "Plan Width": 8,
          "Actual Startup Time": 938.249,
          "Actual Total Time": 953.507,
          "Actual Rows": 4,
          "Actual Loops": 1,
          "Workers Planned": 3,
          "Workers Launched": 3,
          "Single Copy": false,
          "Plans": [
            {
              "Node Type": "Aggregate",
              "Strategy": "Plain",
              "Partial Mode": "Partial",
              "Parent Relationship": "Outer",
              "Parallel Aware": false,
              "Startup Cost": 137181.76,
              "Total Cost": 137181.77,
              "Plan Rows": 1,
              "Plan Width": 8,
              "Actual Startup Time": 930.407,
              "Actual Total Time": 930.412,
              "Actual Rows": 1,
              "Actual Loops": 4,
              "Plans": [
                {
                  "Node Type": "Hash Join",
                  "Parent Relationship": "Outer",
                  "Parallel Aware": true,
                  "Join Type": "Inner",
                  "Startup Cost": 86309.0,
                  "Total Cost": 135611.62,
                  "Plan Rows": 628055,
                  "Plan Width": 0,
                  "Actual Startup Time": 530.52,
                  "Actual Total Time": 853.463,
                  "Actual Rows": 1897195,
                  "Actual Loops": 4,
                  "Inner Unique": false,
                  "Hash Cond": "(mk.movie_id = t.id)",
                  "Plans": [
                    {
                      "Node Type": "Seq Scan",
                      "Parent Relationship": "Outer",
                      "Parallel Aware": true,
                      "Relation Name": "movie_keyword",
                      "Alias": "mk",
                      "Startup Cost": 0.0,
                      "Total Cost": 42695.65,
                      "Plan Rows": 1343155,
                      "Plan Width": 4,
                      "Actual Startup Time": 0.026,
                      "Actual Total Time": 103.34,
                      "Actual Rows": 1040161,
                      "Actual Loops": 4,
                      "Filter": "(keyword_id > 333)",
                      "Rows Removed by Filter": 90821
                    },
                    {
                      "Node Type": "Hash",
                      "Parent Relationship": "Inner",
                      "Parallel Aware": true,
                      "Startup Cost": 82614.51,
                      "Total Cost": 82614.51,
                      "Plan Rows": 295559,
                      "Plan Width": 8,
                      "Actual Startup Time": 526.089,
                      "Actual Total Time": 526.092,
                      "Actual Rows": 317602,
                      "Actual Loops": 4,
                      "Hash Buckets": 2097152,
                      "Original Hash Buckets": 2097152,
                      "Hash Batches": 1,
                      "Original Hash Batches": 1,
                      "Peak Memory Usage": 66112,
                      "Plans": [
                        {
                          "Node Type": "Hash Join",
                          "Parent Relationship": "Outer",
                          "Parallel Aware": true,
                          "Join Type": "Inner",
                          "Startup Cost": 36181.89,
                          "Total Cost": 82614.51,
                          "Plan Rows": 295559,
                          "Plan Width": 8,
                          "Actual Startup Time": 163.97,
                          "Actual Total Time": 436.193,
                          "Actual Rows": 317602,
                          "Actual Loops": 4,
                          "Inner Unique": false,
                          "Hash Cond": "(t.id = mc.movie_id)",
                          "Plans": [
                            {
                              "Node Type": "Seq Scan",
                              "Parent Relationship": "Outer",
                              "Parallel Aware": true,
                              "Relation Name": "title",
                              "Alias": "t",
                              "Startup Cost": 0.0,
                              "Total Cost": 42318.81,
                              "Plan Rows": 632080,
                              "Plan Width": 4,
                              "Actual Startup Time": 0.013,
                              "Actual Total Time": 64.328,
                              "Actual Rows": 632078,
                              "Actual Loops": 4
                            },
                            {
                              "Node Type": "Hash",
                              "Parent Relationship": "Inner",
                              "Parallel Aware": true,
                              "Startup Cost": 31414.82,
                              "Total Cost": 31414.82,
                              "Plan Rows": 381366,
                              "Plan Width": 4,
                              "Actual Startup Time": 160.865,
                              "Actual Total Time": 160.866,
                              "Actual Rows": 317602,
                              "Actual Loops": 4,
                              "Hash Buckets": 2097152,
                              "Original Hash Buckets": 2097152,
                              "Hash Batches": 1,
                              "Original Hash Batches": 1,
                              "Peak Memory Usage": 66176,
                              "Plans": [
                                {
                                  "Node Type": "Seq Scan",
                                  "Parent Relationship": "Outer",
                                  "Parallel Aware": true,
                                  "Relation Name": "movie_companies",
                                  "Alias": "mc",
                                  "Startup Cost": 0.0,
                                  "Total Cost": 31414.82,
                                  "Plan Rows": 381366,
                                  "Plan Width": 4,
                                  "Actual Startup Time": 39.053,
                                  "Actual Total Time": 79.796,
                                  "Actual Rows": 317602,
                                  "Actual Loops": 4,
                                  "Filter": "((company_id > 154) AND (company_type_id = 2))",
                                  "Rows Removed by Filter": 334680
                                }
                              ]
                            }
                          ]
                        }
                      ]
                    }
                  ]
                }
              ]
            }
          ]
        }
      ]
    },
    "Planning Time": 0.527,
    "Triggers": [],
    "Execution Time": 953.555
  }
]