[
  {
    "Plan": {
      "Node Type": "Aggregate",
      "Strategy": "Plain",
      "Partial Mode": "Finalize",
      "Parallel Aware": false,
      "Startup Cost": 127853.96,
      "Total Cost": 127853.97,
      "Plan Rows": 1,
      "Plan Width": 8,
      "Actual Startup Time": 1057.175,
      "Actual Total Time": 1086.297,
      "Actual Rows": 1,
      "Actual Loops": 1,
      "Plans": [
        {
          "Node Type": "Gather",
          "Parent Relationship": "Outer",
          "Parallel Aware": false,
          "Startup Cost": 127853.64,
          "Total Cost": 127853.95,
          "Plan Rows": 3,
          "Plan Width": 8,
          "Actual Startup Time": 1047.885,
          "Actual Total Time": 1086.283,
          "Actual Rows": 4,
          "Actual Loops": 1,
          "Workers Planned": 3,
          "Workers Launched": 3,
          "Single Copy": false,
          "Plans": [
            {
              "Node Type": "Aggregate",
              "Strategy": "Plain",
              "Partial Mode": "Partial",
              "Parent Relationship": "Outer",
              "Parallel Aware": false,
              "Startup Cost": 126853.64,
              "Total Cost": 126853.65,
              "Plan Rows": 1,
              "Plan Width": 8,
              "Actual Startup Time": 1036.866,
              "Actual Total Time": 1037.37,
              "Actual Rows": 1,
              "Actual Loops": 4,
              "Plans": [
                {
                  "Node Type": "Hash Join",
                  "Parent Relationship": "Outer",
                  "Parallel Aware": true,
                  "Join Type": "Inner",
                  "Startup Cost": 81510.58,
                  "Total Cost": 126494.19,
                  "Plan Rows": 143778,
                  "Plan Width": 0,
                  "Actual Startup Time": 520.993,
                  "Actual Total Time": 936.564,
                  "Actual Rows": 1774737,
                  "Actual Loops": 4,
                  "Inner Unique": false,
                  "Hash Cond": "(mk.movie_id = t.id)",
                  "Plans": [
                    {
                      "Node Type": "Seq Scan",
                      "Parent Relationship": "Outer",
                      "Parallel Aware": true,
                      "Relation Name": "movie_keyword",
                      "Alias": "mk",
                      "Startup Cost": 0.0,
                      "Total Cost": 39047.32,
                      "Plan Rows": 1459332,
                      "Plan Width": 4,
                      "Actual Startup Time": 0.059,
                      "Actual Total Time": 111.314,
                      "Actual Rows": 1130982,
                      "Actual Loops": 4
                    },
                    {
                      "Node Type": "Hash",
                      "Parent Relationship": "Inner",
                      "Parallel Aware": true,
                      "Startup Cost": 80506.11,
                      "Total Cost": 80506.11,
                      "Plan Rows": 80357,
                      "Plan Width": 8,
                      "Actual Startup Time": 518.707,
                      "Actual Total Time": 519.21,
                      "Actual Rows": 106716,
                      "Actual Loops": 4,
                      "Hash Buckets": 524288,
                      "Original Hash Buckets": 262144,
                      "Hash Batches": 1,
                      "Original Hash Batches": 1,
                      "Peak Memory Usage": 22912,
                      "Plans": [
                        {
                          "Node Type": "Hash Join",
                          "Parent Relationship": "Outer",
                          "Parallel Aware": true,
                          "Join Type": "Inner",
                          "Startup Cost": 48747.52,
                          "Total Cost": 80506.11,
                          "Plan Rows": 80357,
                          "Plan Width": 8,
                          "Actual Startup Time": 324.452,
                          "Actual Total Time": 474.372,
                          "Actual Rows": 106716,
                          "Actual Loops": 4,
                          "Inner Unique": true,
                          "Hash Cond": "(mc.movie_id = t.id)",
                          "Plans": [
                            {
                              "Node Type": "Seq Scan",
                              "Parent Relationship": "Outer",
                              "Parallel Aware": true,
                              "Relation Name": "movie_companies",
                              "Alias": "mc",
                              "Startup Cost": 0.0,
                              "Total Cost": 31414.82,
                              "Plan Rows": 130962,
                              "Plan Width": 4,
                              "Actual Startup Time": 0.016,
                              "Actual Total Time": 84.247,
                              "Actual Rows": 147066,
                              "Actual Loops": 4,
                              "Filter": "((company_id < 2064) AND (company_type_id = 1))",
                              "Rows Removed by Filter": 505217
                            },
                            {
                              "Node Type": "Hash",
                              "Parent Relationship": "Inner",
                              "Parallel Aware": true,
                              "Startup Cost": 43899.32,
                              "Total Cost": 43899.32,
                              "Plan Rows": 387856,
                              "Plan Width": 4,
                              "Actual Startup Time": 318.298,
                              "Actual Total Time": 318.299,
                              "Actual Rows": 387932,
                              "Actual Loops": 4,
                              "Hash Buckets": 2097152,
                              "Original Hash Buckets": 2097152,
                              "Hash Batches": 1,
                              "Original Hash Batches": 1,
                              "Peak Memory Usage": 77152,
                              "Plans": [
                                {
                                  "Node Type": "Seq Scan",
                                  "Parent Relationship": "Outer",
                                  "Parallel Aware": true,
                                  "Relation Name": "title",
                                  "Alias": "t",
                                  "Startup Cost": 0.0,
                                  "Total Cost": 43899.32,
                                  "Plan Rows": 387856,
                                  "Plan Width": 4,
                                  "Actual Startup Time": 0.051,
                                  "Actual Total Time": 138.516,
                                  "Actual Rows": 387932,
                                  "Actual Loops": 4,
                                  "Filter": "(production_year < 2007)",
                                  "Rows Removed by Filter": 244146
                                }
                              ]
                            }
                          ]
                        }
                      ]
                    }
                  ]
                }
              ]
            }
          ]
        }
      ]
    },
    "Planning Time": 1.152,
    "Triggers": [],
    "Execution Time": 1086.367
  }
]