[
  {
    "Plan": {
      "Node Type": "Aggregate",
      "Strategy": "Plain",
      "Partial Mode": "Finalize",
      "Parallel Aware": false,
      "Startup Cost": 85557.32,
      "Total Cost": 85557.33,
      "Plan Rows": 1,
      "Plan Width": 8,
      "Actual Startup Time": 475.463,
      "Actual Total Time": 490.395,
      "Actual Rows": 1,
      "Actual Loops": 1,
      "Plans": [
        {
          "Node Type": "Gather",
          "Parent Relationship": "Outer",
          "Parallel Aware": false,
          "Startup Cost": 85557.0,
          "Total Cost": 85557.31,
          "Plan Rows": 3,
          "Plan Width": 8,
          "Actual Startup Time": 462.62,
          "Actual Total Time": 490.385,
          "Actual Rows": 4,
          "Actual Loops": 1,
          "Workers Planned": 3,
          "Workers Launched": 3,
          "Single Copy": false,
          "Plans": [
            {
              "Node Type": "Aggregate",
              "Strategy": "Plain",
              "Partial Mode": "Partial",
              "Parent Relationship": "Outer",
              "Parallel Aware": false,
              "Startup Cost": 84557.0,
              "Total Cost": 84557.01,
              "Plan Rows": 1,
              "Plan Width": 8,
              "Actual Startup Time": 443.635,
              "Actual Total Time": 443.639,
              "Actual Rows": 1,
              "Actual Loops": 4,
              "Plans": [
                {
                  "Node Type": "Hash Join",
                  "Parent Relationship": "Outer",
                  "Parallel Aware": true,
                  "Join Type": "Inner",
                  "Startup Cost": 58174.97,
                  "Total Cost": 84312.01,
                  "Plan Rows": 97999,
                  "Plan Width": 0,
                  "Actual Startup Time": 350.901,
                  "Actual Total Time": 439.259,
                  "Actual Rows": 87889,
                  "Actual Loops": 4,
                  "Inner Unique": true,
                  "Hash Cond": "(mk.movie_id = t.id)",
                  "Plans": [
                    {
                      "Node Type": "Bitmap Heap Scan",
                      "Parent Relationship": "Outer",
                      "Parallel Aware": true,
                      "Relation Name": "movie_keyword",
                      "Alias": "mk",
                      "Startup Cost": 7317.83,
                      "Total Cost": 33162.77,
                      "Plan Rows": 111275,
                      "Plan Width": 4,
                      "Actual Startup Time": 23.209,
                      "Actual Total Time": 73.814,
                      "Actual Rows": 90923,
                      "Actual Loops": 4,
                      "Recheck Cond": "(keyword_id < 335)",
                      "Rows Removed by Index Recheck": 0,
                      "Exact Heap Blocks": 7234,
                      "Lossy Heap Blocks": 0,
                      "Plans": [
                        {
                          "Node Type": "Bitmap Index Scan",
                          "Parent Relationship": "Outer",
                          "Parallel Aware": false,
                          "Index Name": "keyword_id_movie_keyword",
                          "Startup Cost": 0.0,
                          "Total Cost": 7231.59,
                          "Plan Rows": 344954,
                          "Plan Width": 0,
                          "Actual Startup Time": 19.568,
                          "Actual Total Time": 19.569,
                          "Actual Rows": 363692,
                          "Actual Loops": 1,
                          "Index Cond": "(keyword_id < 335)"
                        }
                      ]
                    },
                    {
                      "Node Type": "Hash",
                      "Parent Relationship": "Inner",
                      "Parallel Aware": true,
                      "Startup Cost": 43898.92,
                      "Total Cost": 43898.92,
                      "Plan Rows": 556658,
                      "Plan Width": 4,
                      "Actual Startup Time": 316.486,
                      "Actual Total Time": 316.487,
                      "Actual Rows": 556142,
                      "Actual Loops": 4,
                      "Hash Buckets": 4194304,
                      "Original Hash Buckets": 4194304,
                      "Hash Batches": 1,
                      "Original Hash Batches": 1,
                      "Peak Memory Usage": 119840,
                      "Plans": [
                        {
                          "Node Type": "Seq Scan",
                          "Parent Relationship": "Outer",
                          "Parallel Aware": true,
                          "Relation Name": "title",
                          "Alias": "t",
                          "Startup Cost": 0.0,
                          "Total Cost": 43898.92,
                          "Plan Rows": 556658,
                          "Plan Width": 4,
                          "Actual Startup Time": 0.047,
                          "Actual Total Time": 111.401,
                          "Actual Rows": 556142,
                          "Actual Loops": 4,
                          "Filter": "(production_year < 2012)",
                          "Rows Removed by Filter": 75936
                        }
                      ]
                    }
                  ]
                }
              ]
            }
          ]
        }
      ]
    },
    "Planning Time": 0.607,
    "Triggers": [],
    "Execution Time": 490.488
  }
]