{
    "Plan": {
        "Node Type": "Aggregate",
        "Strategy": "Plain",
        "Partial Mode": "Finalize",
        "Parallel Aware": false,
        "Startup Cost": 219676.87,
        "Total Cost": 219676.88,
        "Plan Rows": 1,
        "Plan Width": 8,
        "Actual Startup Time": 193.568,
        "Actual Total Time": 225.223,
        "Actual Rows": 1,
        "Actual Loops": 1,
        "Output": [
            "count(*)"
        ],
        "Plans": [
            {
                "Node Type": "Gather",
                "Parent Relationship": "Outer",
                "Parallel Aware": false,
                "Startup Cost": 219676.45,
                "Total Cost": 219676.86,
                "Plan Rows": 4,
                "Plan Width": 8,
                "Actual Startup Time": 193.066,
                "Actual Total Time": 225.213,
                "Actual Rows": 5,
                "Actual Loops": 1,
                "Output": [
                    "(PARTIAL count(*))"
                ],
                "Workers Planned": 4,
                "Workers Launched": 4,
                "Single Copy": false,
                "Plans": [
                    {
                        "Node Type": "Aggregate",
                        "Strategy": "Plain",
                        "Partial Mode": "Partial",
                        "Parent Relationship": "Outer",
                        "Parallel Aware": false,
                        "Startup Cost": 218676.45,
                        "Total Cost": 218676.46,
                        "Plan Rows": 1,
                        "Plan Width": 8,
                        "Actual Startup Time": 182.927,
                        "Actual Total Time": 182.928,
                        "Actual Rows": 1,
                        "Actual Loops": 5,
                        "Output": [
                            "PARTIAL count(*)"
                        ],
                        "Workers": [
                            {
                                "Worker Number": 0,
                                "Actual Startup Time": 180.455,
                                "Actual Total Time": 180.457,
                                "Actual Rows": 1,
                                "Actual Loops": 1
                            },
                            {
                                "Worker Number": 1,
                                "Actual Startup Time": 180.094,
                                "Actual Total Time": 180.095,
                                "Actual Rows": 1,
                                "Actual Loops": 1
                            },
                            {
                                "Worker Number": 2,
                                "Actual Startup Time": 180.923,
                                "Actual Total Time": 180.925,
                                "Actual Rows": 1,
                                "Actual Loops": 1
                            },
                            {
                                "Worker Number": 3,
                                "Actual Startup Time": 180.942,
                                "Actual Total Time": 180.944,
                                "Actual Rows": 1,
                                "Actual Loops": 1
                            }
                        ],
                        "Plans": [
                            {
                                "Node Type": "Nested Loop",
                                "Parent Relationship": "Outer",
                                "Parallel Aware": false,
                                "Join Type": "Inner",
                                "Startup Cost": 0.56,
                                "Total Cost": 218673.09,
                                "Plan Rows": 1344,
                                "Plan Width": 0,
                                "Actual Startup Time": 62.066,
                                "Actual Total Time": 182.689,
                                "Actual Rows": 1858,
                                "Actual Loops": 5,
                                "Inner Unique": false,
                                "Workers": [
                                    {
                                        "Worker Number": 0,
                                        "Actual Startup Time": 59.47,
                                        "Actual Total Time": 180.181,
                                        "Actual Rows": 1176,
                                        "Actual Loops": 1
                                    },
                                    {
                                        "Worker Number": 1,
                                        "Actual Startup Time": 59.092,
                                        "Actual Total Time": 179.875,
                                        "Actual Rows": 1652,
                                        "Actual Loops": 1
                                    },
                                    {
                                        "Worker Number": 2,
                                        "Actual Startup Time": 61.019,
                                        "Actual Total Time": 180.708,
                                        "Actual Rows": 1552,
                                        "Actual Loops": 1
                                    },
                                    {
                                        "Worker Number": 3,
                                        "Actual Startup Time": 59.817,
                                        "Actual Total Time": 180.707,
                                        "Actual Rows": 1046,
                                        "Actual Loops": 1
                                    }
                                ],
                                "Plans": [
                                    {
                                        "Node Type": "Seq Scan",
                                        "Parent Relationship": "Outer",
                                        "Parallel Aware": true,
                                        "Relation Name": "title",
                                        "Schema": "public",
                                        "Alias": "t",
                                        "Startup Cost": 0.0,
                                        "Total Cost": 45479.21,
                                        "Plan Rows": 1606,
                                        "Plan Width": 4,
                                        "Actual Startup Time": 61.486,
                                        "Actual Total Time": 87.312,
                                        "Actual Rows": 1092,
                                        "Actual Loops": 5,
                                        "Output": [
                                            "t.id",
                                            "t.title",
                                            "t.imdb_index",
                                            "t.kind_id",
                                            "t.production_year",
                                            "t.imdb_id",
                                            "t.phonetic_code",
                                            "t.episode_of_id",
                                            "t.season_nr",
                                            "t.episode_nr",
                                            "t.series_years",
                                            "t.md5sum"
                                        ],
                                        "Filter": "((t.kind_id = 1) AND (t.production_year = 1990))",
                                        "Rows Removed by Filter": 504570,
                                        "Workers": [
                                            {
                                                "Worker Number": 0,
                                                "Actual Startup Time": 58.695,
                                                "Actual Total Time": 78.865,
                                                "Actual Rows": 638,
                                                "Actual Loops": 1
                                            },
                                            {
                                                "Worker Number": 1,
                                                "Actual Startup Time": 58.685,
                                                "Actual Total Time": 80.81,
                                                "Actual Rows": 966,
                                                "Actual Loops": 1
                                            },
                                            {
                                                "Worker Number": 2,
                                                "Actual Startup Time": 59.62,
                                                "Actual Total Time": 81.222,
                                                "Actual Rows": 898,
                                                "Actual Loops": 1
                                            },
                                            {
                                                "Worker Number": 3,
                                                "Actual Startup Time": 59.614,
                                                "Actual Total Time": 83.208,
                                                "Actual Rows": 690,
                                                "Actual Loops": 1
                                            }
                                        ]
                                    },
                                    {
                                        "Node Type": "Index Scan",
                                        "Parent Relationship": "Inner",
                                        "Parallel Aware": false,
                                        "Scan Direction": "Forward",
                                        "Index Name": "movie_id_cast_info",
                                        "Relation Name": "cast_info",
                                        "Schema": "public",
                                        "Alias": "ci",
                                        "Startup Cost": 0.56,
                                        "Total Cost": 107.82,
                                        "Plan Rows": 2,
                                        "Plan Width": 4,
                                        "Actual Startup Time": 0.077,
                                        "Actual Total Time": 0.087,
                                        "Actual Rows": 2,
                                        "Actual Loops": 5461,
                                        "Output": [
                                            "ci.id",
                                            "ci.person_id",
                                            "ci.movie_id",
                                            "ci.person_role_id",
                                            "ci.note",
                                            "ci.nr_order",
                                            "ci.role_id"
                                        ],
                                        "Index Cond": "(ci.movie_id = t.id)",
                                        "Rows Removed by Index Recheck": 0,
                                        "Filter": "((ci.person_id > 3453565) AND (ci.role_id > 1))",
                                        "Rows Removed by Filter": 16,
                                        "Workers": [
                                            {
                                                "Worker Number": 0,
                                                "Actual Startup Time": 0.14,
                                                "Actual Total Time": 0.157,
                                                "Actual Rows": 2,
                                                "Actual Loops": 638
                                            },
                                            {
                                                "Worker Number": 1,
                                                "Actual Startup Time": 0.091,
                                                "Actual Total Time": 0.102,
                                                "Actual Rows": 2,
                                                "Actual Loops": 966
                                            },
                                            {
                                                "Worker Number": 2,
                                                "Actual Startup Time": 0.097,
                                                "Actual Total Time": 0.11,
                                                "Actual Rows": 2,
                                                "Actual Loops": 898
                                            },
                                            {
                                                "Worker Number": 3,
                                                "Actual Startup Time": 0.126,
                                                "Actual Total Time": 0.14,
                                                "Actual Rows": 2,
                                                "Actual Loops": 690
                                            }
                                        ]
                                    }
                                ]
                            }
                        ]
                    }
                ]
            }
        ]
    },
    "Planning Time": 0.791,
    "Triggers": [],
    "Execution Time": 225.31
}