[
  {
    "Plan": {
      "Node Type": "Aggregate",
      "Strategy": "Plain",
      "Partial Mode": "Simple",
      "Parallel Aware": false,
      "Startup Cost": 571190.3,
      "Total Cost": 571190.31,
      "Plan Rows": 1,
      "Plan Width": 96,
      "Actual Startup Time": 3106.883,
      "Actual Total Time": 3107.254,
      "Actual Rows": 1,
      "Actual Loops": 1,
      "Plans": [
        {
          "Node Type": "Merge Join",
          "Parent Relationship": "Outer",
          "Parallel Aware": false,
          "Join Type": "Inner",
          "Startup Cost": 558404.52,
          "Total Cost": 571190.29,
          "Plan Rows": 1,
          "Plan Width": 42,
          "Actual Startup Time": 3066.077,
          "Actual Total Time": 3107.207,
          "Actual Rows": 148,
          "Actual Loops": 1,
          "Inner Unique": false,
          "Merge Cond": "(cn.id = mc.company_id)",
          "Plans": [
            {
              "Node Type": "Index Scan",
              "Parent Relationship": "Outer",
              "Parallel Aware": false,
              "Scan Direction": "Forward",
              "Index Name": "company_name_pkey",
              "Relation Name": "company_name",
              "Alias": "cn",
              "Startup Cost": 0.42,
              "Total Cost": 12474.79,
              "Plan Rows": 126217,
              "Plan Width": 23,
              "Actual Startup Time": 0.123,
              "Actual Total Time": 39.398,
              "Actual Rows": 31536,
              "Actual Loops": 1,
              "Filter": "((country_code)::text <> '[us]'::text)",
              "Rows Removed by Filter": 23837
            },
            {
              "Node Type": "Sort",
              "Parent Relationship": "Inner",
              "Parallel Aware": false,
              "Startup Cost": 558404.1,
              "Total Cost": 558404.1,
              "Plan Rows": 1,
              "Plan Width": 27,
              "Actual Startup Time": 3065.62,
              "Actual Total Time": 3066.011,
              "Actual Rows": 150,
              "Actual Loops": 1,
              "Sort Key": [
                "mc.company_id"
              ],
              "Sort Method": "quicksort",
              "Sort Space Used": 34,
              "Sort Space Type": "Memory",
              "Plans": [
                {
                  "Node Type": "Merge Join",
                  "Parent Relationship": "Outer",
                  "Parallel Aware": false,
                  "Join Type": "Inner",
                  "Startup Cost": 558404.05,
                  "Total Cost": 558404.09,
                  "Plan Rows": 1,
                  "Plan Width": 27,
                  "Actual Startup Time": 3065.519,
                  "Actual Total Time": 3065.914,
                  "Actual Rows": 150,
                  "Actual Loops": 1,
                  "Inner Unique": true,
                  "Merge Cond": "(mc.company_type_id = ct.id)",
                  "Plans": [
                    {
                      "Node Type": "Sort",
                      "Parent Relationship": "Outer",
                      "Parallel Aware": false,
                      "Startup Cost": 558402.97,
                      "Total Cost": 558402.97,
                      "Plan Rows": 1,
                      "Plan Width": 31,
                      "Actual Startup Time": 3065.474,
                      "Actual Total Time": 3065.847,
                      "Actual Rows": 150,
                      "Actual Loops": 1,
                      "Sort Key": [
                        "mc.company_type_id"
                      ],
                      "Sort Method": "quicksort",
                      "Sort Space Used": 36,
                      "Sort Space Type": "Memory",
                      "Plans": [
                        {
                          "Node Type": "Merge Join",
                          "Parent Relationship": "Outer",
                          "Parallel Aware": false,
                          "Join Type": "Inner",
                          "Startup Cost": 557613.62,
                          "Total Cost": 558402.96,
                          "Plan Rows": 1,
                          "Plan Width": 31,
                          "Actual Startup Time": 3031.783,
                          "Actual Total Time": 3065.794,
                          "Actual Rows": 150,
                          "Actual Loops": 1,
                          "Inner Unique": false,
                          "Merge Cond": "(t.id = mc.movie_id)",
                          "Plans": [
                            {
                              "Node Type": "Merge Join",
                              "Parent Relationship": "Outer",
                              "Parallel Aware": false,
                              "Join Type": "Inner",
                              "Startup Cost": 496567.24,
                              "Total Cost": 496587.53,
                              "Plan Rows": 1,
                              "Plan Width": 43,
                              "Actual Startup Time": 2756.662,
                              "Actual Total Time": 2765.425,
                              "Actual Rows": 13,
                              "Actual Loops": 1,
                              "Inner Unique": false,
                              "Merge Cond": "(mi.movie_id = t.id)",
                              "Plans": [
                                {
                                  "Node Type": "Merge Join",
                                  "Parent Relationship": "Outer",
                                  "Parallel Aware": false,
                                  "Join Type": "Inner",
                                  "Startup Cost": 419846.21,
                                  "Total Cost": 419852.29,
                                  "Plan Rows": 1,
                                  "Plan Width": 18,
                                  "Actual Startup Time": 2342.821,
                                  "Actual Total Time": 2350.935,
                                  "Actual Rows": 722,
                                  "Actual Loops": 1,
                                  "Inner Unique": false,
                                  "Merge Cond": "(mi.movie_id = mk.movie_id)",
                                  "Plans": [
                                    {
                                      "Node Type": "Sort",
                                      "Parent Relationship": "Outer",
                                      "Parallel Aware": false,
                                      "Startup Cost": 209859.39,
                                      "Total Cost": 209862.42,
                                      "Plan Rows": 1212,
                                      "Plan Width": 4,
                                      "Actual Startup Time": 837.4,
                                      "Actual Total Time": 839.828,
                                      "Actual Rows": 59113,
                                      "Actual Loops": 1,
                                      "Sort Key": [
                                        "mi.movie_id"
                                      ],
                                      "Sort Method": "quicksort",
                                      "Sort Space Used": 4308,
                                      "Sort Space Type": "Memory",
                                      "Plans": [
                                        {
                                          "Node Type": "Gather",
                                          "Parent Relationship": "Outer",
                                          "Parallel Aware": false,
                                          "Startup Cost": 209536.76,
                                          "Total Cost": 209797.32,
                                          "Plan Rows": 1212,
                                          "Plan Width": 4,
                                          "Actual Startup Time": 808.114,
                                          "Actual Total Time": 820.332,
                                          "Actual Rows": 59116,
                                          "Actual Loops": 1,
                                          "Workers Planned": 5,
                                          "Workers Launched": 5,
                                          "Single Copy": false,
                                          "Plans": [
                                            {
                                              "Node Type": "Merge Join",
                                              "Parent Relationship": "Outer",
                                              "Parallel Aware": false,
                                              "Join Type": "Inner",
                                              "Startup Cost": 208536.76,
                                              "Total Cost": 208676.12,
                                              "Plan Rows": 242,
                                              "Plan Width": 4,
                                              "Actual Startup Time": 796.094,
                                              "Actual Total Time": 798.085,
                                              "Actual Rows": 9853,
                                              "Actual Loops": 6,
                                              "Inner Unique": true,
                                              "Merge Cond": "(mi.info_type_id = it1.id)",
                                              "Plans": [
                                                {
                                                  "Node Type": "Sort",
                                                  "Parent Relationship": "Outer",
                                                  "Parallel Aware": false,
                                                  "Startup Cost": 208534.34,
                                                  "Total Cost": 208602.8,
                                                  "Plan Rows": 27385,
                                                  "Plan Width": 8,
                                                  "Actual Startup Time": 794.508,
                                                  "Actual Total Time": 795.609,
                                                  "Actual Rows": 22067,
                                                  "Actual Loops": 6,
                                                  "Sort Key": [
                                                    "mi.info_type_id"
                                                  ],
                                                  "Sort Method": "quicksort",
                                                  "Sort Space Used": 1861,
                                                  "Sort Space Type": "Memory",
                                                  "Workers": [
                                                    {
                                                      "Worker Number": 0,
                                                      "Sort Method": "quicksort",
                                                      "Sort Space Used": 1717,
                                                      "Sort Space Type": "Memory"
                                                    },
                                                    {
                                                      "Worker Number": 1,
                                                      "Sort Method": "quicksort",
                                                      "Sort Space Used": 1791,
                                                      "Sort Space Type": "Memory"
                                                    },
                                                    {
                                                      "Worker Number": 2,
                                                      "Sort Method": "quicksort",
                                                      "Sort Space Used": 1702,
                                                      "Sort Space Type": "Memory"
                                                    },
                                                    {
                                                      "Worker Number": 3,
                                                      "Sort Method": "quicksort",
                                                      "Sort Space Used": 2084,
                                                      "Sort Space Type": "Memory"
                                                    },
                                                    {
                                                      "Worker Number": 4,
                                                      "Sort Method": "quicksort",
                                                      "Sort Space Used": 1748,
                                                      "Sort Space Type": "Memory"
                                                    }
                                                  ],
                                                  "Plans": [
                                                    {
                                                      "Node Type": "Seq Scan",
                                                      "Parent Relationship": "Outer",
                                                      "Parallel Aware": true,
                                                      "Relation Name": "movie_info",
                                                      "Alias": "mi",
                                                      "Startup Cost": 0.0,
                                                      "Total Cost": 206515.92,
                                                      "Plan Rows": 27385,
                                                      "Plan Width": 8,
                                                      "Actual Startup Time": 0.441,
                                                      "Actual Total Time": 787.894,
                                                      "Actual Rows": 22373,
                                                      "Actual Loops": 6,
                                                      "Filter": "(info = ANY ('{Sweden,Germany,Swedish,German}'::text[]))",
                                                      "Rows Removed by Filter": 2450247
                                                    }
                                                  ]
                                                },
                                                {
                                                  "Node Type": "Sort",
                                                  "Parent Relationship": "Inner",
                                                  "Parallel Aware": false,
                                                  "Startup Cost": 2.42,
                                                  "Total Cost": 2.43,
                                                  "Plan Rows": 1,
                                                  "Plan Width": 4,
                                                  "Actual Startup Time": 0.087,
                                                  "Actual Total Time": 0.088,
                                                  "Actual Rows": 1,
                                                  "Actual Loops": 6,
                                                  "Sort Key": [
                                                    "it1.id"
                                                  ],
                                                  "Sort Method": "quicksort",
                                                  "Sort Space Used": 25,
                                                  "Sort Space Type": "Memory",
                                                  "Workers": [
                                                    {
                                                      "Worker Number": 0,
                                                      "Sort Method": "quicksort",
                                                      "Sort Space Used": 25,
                                                      "Sort Space Type": "Memory"
                                                    },
                                                    {
                                                      "Worker Number": 1,
                                                      "Sort Method": "quicksort",
                                                      "Sort Space Used": 25,
                                                      "Sort Space Type": "Memory"
                                                    },
                                                    {
                                                      "Worker Number": 2,
                                                      "Sort Method": "quicksort",
                                                      "Sort Space Used": 25,
                                                      "Sort Space Type": "Memory"
                                                    },
                                                    {
                                                      "Worker Number": 3,
                                                      "Sort Method": "quicksort",
                                                      "Sort Space Used": 25,
                                                      "Sort Space Type": "Memory"
                                                    },
                                                    {
                                                      "Worker Number": 4,
                                                      "Sort Method": "quicksort",
                                                      "Sort Space Used": 25,
                                                      "Sort Space Type": "Memory"
                                                    }
                                                  ],
                                                  "Plans": [
                                                    {
                                                      "Node Type": "Seq Scan",
                                                      "Parent Relationship": "Outer",
                                                      "Parallel Aware": false,
                                                      "Relation Name": "info_type",
                                                      "Alias": "it1",
                                                      "Startup Cost": 0.0,
                                                      "Total Cost": 2.41,
                                                      "Plan Rows": 1,
                                                      "Plan Width": 4,
                                                      "Actual Startup Time": 0.062,
                                                      "Actual Total Time": 0.07,
                                                      "Actual Rows": 1,
                                                      "Actual Loops": 6,
                                                      "Filter": "((info)::text = 'countries'::text)",
                                                      "Rows Removed by Filter": 112
                                                    }
                                                  ]
                                                }
                                              ]
                                            }
                                          ]
                                        }
                                      ]
                                    },
                                    {
                                      "Node Type": "Sort",
                                      "Parent Relationship": "Inner",
                                      "Parallel Aware": false,
                                      "Startup Cost": 209986.82,
                                      "Total Cost": 209986.83,
                                      "Plan Rows": 1,
                                      "Plan Width": 14,
                                      "Actual Startup Time": 1505.224,
                                      "Actual Total Time": 1506.731,
                                      "Actual Rows": 11743,
                                      "Actual Loops": 1,
                                      "Sort Key": [
                                        "mi_idx.movie_id"
                                      ],
                                      "Sort Method": "quicksort",
                                      "Sort Space Used": 933,
                                      "Sort Space Type": "Memory",
                                      "Plans": [
                                        {
                                          "Node Type": "Gather",
                                          "Parent Relationship": "Outer",
                                          "Parallel Aware": false,
                                          "Startup Cost": 209944.62,
                                          "Total Cost": 209986.81,
                                          "Plan Rows": 1,
                                          "Plan Width": 14,
                                          "Actual Startup Time": 1465.391,
                                          "Actual Total Time": 1502.148,
                                          "Actual Rows": 11708,
                                          "Actual Loops": 1,
                                          "Workers Planned": 3,
                                          "Workers Launched": 2,
                                          "Single Copy": false,
                                          "Plans": [
                                            {
                                              "Node Type": "Merge Join",
                                              "Parent Relationship": "Outer",
                                              "Parallel Aware": false,
                                              "Join Type": "Inner",
                                              "Startup Cost": 208944.62,
                                              "Total Cost": 208986.71,
                                              "Plan Rows": 1,
                                              "Plan Width": 14,
                                              "Actual Startup Time": 1453.333,
                                              "Actual Total Time": 1476.977,
                                              "Actual Rows": 3903,
                                              "Actual Loops": 3,
                                              "Inner Unique": true,
                                              "Merge Cond": "(mk.keyword_id = k.id)",
                                              "Plans": [
                                                {
                                                  "Node Type": "Sort",
                                                  "Parent Relationship": "Outer",
                                                  "Parallel Aware": false,
                                                  "Startup Cost": 205982.91,
                                                  "Total Cost": 206004.0,
                                                  "Plan Rows": 8436,
                                                  "Plan Width": 18,
                                                  "Actual Startup Time": 1421.016,
                                                  "Actual Total Time": 1438.136,
                                                  "Actual Rows": 99029,
                                                  "Actual Loops": 3,
                                                  "Sort Key": [
                                                    "mk.keyword_id"
                                                  ],
                                                  "Sort Method": "quicksort",
                                                  "Sort Space Used": 58595,
                                                  "Sort Space Type": "Memory",
                                                  "Workers": [
                                                    {
                                                      "Worker Number": 0,
                                                      "Sort Method": "quicksort",
                                                      "Sort Space Used": 32745,
                                                      "Sort Space Type": "Memory"
                                                    },
                                                    {
                                                      "Worker Number": 1,
                                                      "Sort Method": "quicksort",
                                                      "Sort Space Used": 33292,
                                                      "Sort Space Type": "Memory"
                                                    }
                                                  ],
                                                  "Plans": [
                                                    {
                                                      "Node Type": "Merge Join",
                                                      "Parent Relationship": "Outer",
                                                      "Parallel Aware": false,
                                                      "Join Type": "Inner",
                                                      "Startup Cost": 55187.02,
                                                      "Total Cost": 205432.79,
                                                      "Plan Rows": 8436,
                                                      "Plan Width": 18,
                                                      "Actual Startup Time": 467.383,
                                                      "Actual Total Time": 1221.164,
                                                      "Actual Rows": 536733,
                                                      "Actual Loops": 3,
                                                      "Inner Unique": false,
                                                      "Merge Cond": "(mk.movie_id = mi_idx.movie_id)",
                                                      "Plans": [
                                                        {
                                                          "Node Type": "Index Scan",
                                                          "Parent Relationship": "Outer",
                                                          "Parallel Aware": true,
                                                          "Scan Direction": "Forward",
                                                          "Index Name": "movie_id_movie_keyword",
                                                          "Relation Name": "movie_keyword",
                                                          "Alias": "mk",
                                                          "Startup Cost": 0.43,
                                                          "Total Cost": 146510.84,
                                                          "Plan Rows": 1459332,
                                                          "Plan Width": 8,
                                                          "Actual Startup Time": 0.132,
                                                          "Actual Total Time": 462.917,
                                                          "Actual Rows": 1507975,
                                                          "Actual Loops": 3
                                                        },
                                                        {
                                                          "Node Type": "Sort",
                                                          "Parent Relationship": "Inner",
                                                          "Parallel Aware": false,
                                                          "Startup Cost": 55186.59,
                                                          "Total Cost": 55193.44,
                                                          "Plan Rows": 2742,
                                                          "Plan Width": 10,
                                                          "Actual Startup Time": 467.148,
                                                          "Actual Total Time": 515.598,
                                                          "Actual Rows": 699353,
                                                          "Actual Loops": 3,
                                                          "Sort Key": [
                                                            "mi_idx.movie_id"
                                                          ],
                                                          "Sort Method": "quicksort",
                                                          "Sort Space Used": 15281,
                                                          "Sort Space Type": "Memory",
                                                          "Workers": [
                                                            {
                                                              "Worker Number": 0,
                                                              "Sort Method": "quicksort",
                                                              "Sort Space Used": 15281,
                                                              "Sort Space Type": "Memory"
                                                            },
                                                            {
                                                              "Worker Number": 1,
                                                              "Sort Method": "quicksort",
                                                              "Sort Space Used": 15281,
                                                              "Sort Space Type": "Memory"
                                                            }
                                                          ],
                                                          "Plans": [
                                                            {
                                                              "Node Type": "Merge Join",
                                                              "Parent Relationship": "Outer",
                                                              "Parallel Aware": false,
                                                              "Join Type": "Inner",
                                                              "Startup Cost": 53453.08,
                                                              "Total Cost": 55030.01,
                                                              "Plan Rows": 2742,
                                                              "Plan Width": 10,
                                                              "Actual Startup Time": 357.133,
                                                              "Actual Total Time": 399.326,
                                                              "Actual Rows": 194914,
                                                              "Actual Loops": 3,
                                                              "Inner Unique": false,
                                                              "Merge Cond": "(it2.id = mi_idx.info_type_id)",
                                                              "Plans": [
                                                                {
                                                                  "Node Type": "Sort",
                                                                  "Parent Relationship": "Outer",
                                                                  "Parallel Aware": false,
                                                                  "Startup Cost": 2.42,
                                                                  "Total Cost": 2.43,
                                                                  "Plan Rows": 1,
                                                                  "Plan Width": 4,
                                                                  "Actual Startup Time": 0.123,
                                                                  "Actual Total Time": 0.125,
                                                                  "Actual Rows": 1,
                                                                  "Actual Loops": 3,
                                                                  "Sort Key": [
                                                                    "it2.id"
                                                                  ],
                                                                  "Sort Method": "quicksort",
                                                                  "Sort Space Used": 25,
                                                                  "Sort Space Type": "Memory",
                                                                  "Workers": [
                                                                    {
                                                                      "Worker Number": 0,
                                                                      "Sort Method": "quicksort",
                                                                      "Sort Space Used": 25,
                                                                      "Sort Space Type": "Memory"
                                                                    },
                                                                    {
                                                                      "Worker Number": 1,
                                                                      "Sort Method": "quicksort",
                                                                      "Sort Space Used": 25,
                                                                      "Sort Space Type": "Memory"
                                                                    }
                                                                  ],
                                                                  "Plans": [
                                                                    {
                                                                      "Node Type": "Seq Scan",
                                                                      "Parent Relationship": "Outer",
                                                                      "Parallel Aware": false,
                                                                      "Relation Name": "info_type",
                                                                      "Alias": "it2",
                                                                      "Startup Cost": 0.0,
                                                                      "Total Cost": 2.41,
                                                                      "Plan Rows": 1,
                                                                      "Plan Width": 4,
                                                                      "Actual Startup Time": 0.077,
                                                                      "Actual Total Time": 0.08,
                                                                      "Actual Rows": 1,
                                                                      "Actual Loops": 3,
                                                                      "Filter": "((info)::text = 'rating'::text)",
                                                                      "Rows Removed by Filter": 112
                                                                    }
                                                                  ]
                                                                },
                                                                {
                                                                  "Node Type": "Sort",
                                                                  "Parent Relationship": "Inner",
                                                                  "Parallel Aware": false,
                                                                  "Startup Cost": 53450.65,
                                                                  "Total Cost": 54225.4,
                                                                  "Plan Rows": 309901,
                                                                  "Plan Width": 14,
                                                                  "Actual Startup Time": 339.083,
                                                                  "Actual Total Time": 358.875,
                                                                  "Actual Rows": 308222,
                                                                  "Actual Loops": 3,
                                                                  "Sort Key": [
                                                                    "mi_idx.info_type_id"
                                                                  ],
                                                                  "Sort Method": "quicksort",
                                                                  "Sort Space Used": 26846,
                                                                  "Sort Space Type": "Memory",
                                                                  "Workers": [
                                                                    {
                                                                      "Worker Number": 0,
                                                                      "Sort Method": "quicksort",
                                                                      "Sort Space Used": 26846,
                                                                      "Sort Space Type": "Memory"
                                                                    },
                                                                    {
                                                                      "Worker Number": 1,
                                                                      "Sort Method": "quicksort",
                                                                      "Sort Space Used": 26846,
                                                                      "Sort Space Type": "Memory"
                                                                    }
                                                                  ],
                                                                  "Plans": [
                                                                    {
                                                                      "Node Type": "Seq Scan",
                                                                      "Parent Relationship": "Outer",
                                                                      "Parallel Aware": false,
                                                                      "Relation Name": "movie_info_idx",
                                                                      "Alias": "mi_idx",
                                                                      "Startup Cost": 0.0,
                                                                      "Total Cost": 25185.44,
                                                                      "Plan Rows": 309901,
                                                                      "Plan Width": 14,
                                                                      "Actual Startup Time": 0.064,
                                                                      "Actual Total Time": 256.639,
                                                                      "Actual Rows": 308267,
                                                                      "Actual Loops": 3,
                                                                      "Filter": "(info > '6.5'::text)",
                                                                      "Rows Removed by Filter": 1071768
                                                                    }
                                                                  ]
                                                                }
                                                              ]
                                                            }
                                                          ]
                                                        }
                                                      ]
                                                    }
                                                  ]
                                                },
                                                {
                                                  "Node Type": "Sort",
                                                  "Parent Relationship": "Inner",
                                                  "Parallel Aware": false,
                                                  "Startup Cost": 2961.59,
                                                  "Total Cost": 2961.6,
                                                  "Plan Rows": 4,
                                                  "Plan Width": 4,
                                                  "Actual Startup Time": 26.108,
                                                  "Actual Total Time": 26.109,
                                                  "Actual Rows": 3,
                                                  "Actual Loops": 3,
                                                  "Sort Key": [
                                                    "k.id"
                                                  ],
                                                  "Sort Method": "quicksort",
                                                  "Sort Space Used": 25,
                                                  "Sort Space Type": "Memory",
                                                  "Workers": [
                                                    {
                                                      "Worker Number": 0,
                                                      "Sort Method": "quicksort",
                                                      "Sort Space Used": 25,
                                                      "Sort Space Type": "Memory"
                                                    },
                                                    {
                                                      "Worker Number": 1,
                                                      "Sort Method": "quicksort",
                                                      "Sort Space Used": 25,
                                                      "Sort Space Type": "Memory"
                                                    }
                                                  ],
                                                  "Plans": [
                                                    {
                                                      "Node Type": "Seq Scan",
                                                      "Parent Relationship": "Outer",
                                                      "Parallel Aware": false,
                                                      "Relation Name": "keyword",
                                                      "Alias": "k",
                                                      "Startup Cost": 0.0,
                                                      "Total Cost": 2961.55,
                                                      "Plan Rows": 4,
                                                      "Plan Width": 4,
                                                      "Actual Startup Time": 1.227,
                                                      "Actual Total Time": 26.089,
                                                      "Actual Rows": 3,
                                                      "Actual Loops": 3,
                                                      "Filter": "(keyword = ANY ('{murder,murder-in-title,blood,violence}'::text[]))",
                                                      "Rows Removed by Filter": 134167
                                                    }
                                                  ]
                                                }
                                              ]
                                            }
                                          ]
                                        }
                                      ]
                                    }
                                  ]
                                },
                                {
                                  "Node Type": "Sort",
                                  "Parent Relationship": "Inner",
                                  "Parallel Aware": false,
                                  "Startup Cost": 76721.03,
                                  "Total Cost": 76728.14,
                                  "Plan Rows": 2844,
                                  "Plan Width": 25,
                                  "Actual Startup Time": 413.103,
                                  "Actual Total Time": 413.715,
                                  "Actual Rows": 10541,
                                  "Actual Loops": 1,
                                  "Sort Key": [
                                    "cc.movie_id"
                                  ],
                                  "Sort Method": "quicksort",
                                  "Sort Space Used": 1146,
                                  "Sort Space Type": "Memory",
                                  "Plans": [
                                    {
                                      "Node Type": "Gather",
                                      "Parent Relationship": "Outer",
                                      "Parallel Aware": false,
                                      "Startup Cost": 76261.61,
                                      "Total Cost": 76557.87,
                                      "Plan Rows": 2844,
                                      "Plan Width": 25,
                                      "Actual Startup Time": 399.451,
                                      "Actual Total Time": 409.841,
                                      "Actual Rows": 10566,
                                      "Actual Loops": 1,
                                      "Workers Planned": 4,
                                      "Workers Launched": 4,
                                      "Single Copy": false,
                                      "Plans": [
                                        {
                                          "Node Type": "Merge Join",
                                          "Parent Relationship": "Outer",
                                          "Parallel Aware": false,
                                          "Join Type": "Inner",
                                          "Startup Cost": 75261.61,
                                          "Total Cost": 75273.47,
                                          "Plan Rows": 711,
                                          "Plan Width": 25,
                                          "Actual Startup Time": 388.659,
                                          "Actual Total Time": 389.171,
                                          "Actual Rows": 2113,
                                          "Actual Loops": 5,
                                          "Inner Unique": true,
                                          "Merge Cond": "(cc.status_id = cct2.id)",
                                          "Plans": [
                                            {
                                              "Node Type": "Sort",
                                              "Parent Relationship": "Outer",
                                              "Parallel Aware": false,
                                              "Startup Cost": 75260.53,
                                              "Total Cost": 75262.9,
                                              "Plan Rows": 948,
                                              "Plan Width": 29,
                                              "Actual Startup Time": 388.628,
                                              "Actual Total Time": 388.749,
                                              "Actual Rows": 2114,
                                              "Actual Loops": 5,
                                              "Sort Key": [
                                                "cc.status_id"
                                              ],
                                              "Sort Method": "quicksort",
                                              "Sort Space Used": 325,
                                              "Sort Space Type": "Memory",
                                              "Workers": [
                                                {
                                                  "Worker Number": 0,
                                                  "Sort Method": "quicksort",
                                                  "Sort Space Used": 196,
                                                  "Sort Space Type": "Memory"
                                                },
                                                {
                                                  "Worker Number": 1,
                                                  "Sort Method": "quicksort",
                                                  "Sort Space Used": 194,
                                                  "Sort Space Type": "Memory"
                                                },
                                                {
                                                  "Worker Number": 2,
                                                  "Sort Method": "quicksort",
                                                  "Sort Space Used": 190,
                                                  "Sort Space Type": "Memory"
                                                },
                                                {
                                                  "Worker Number": 3,
                                                  "Sort Method": "quicksort",
                                                  "Sort Space Used": 302,
                                                  "Sort Space Type": "Memory"
                                                }
                                              ],
                                              "Plans": [
                                                {
                                                  "Node Type": "Merge Join",
                                                  "Parent Relationship": "Outer",
                                                  "Parallel Aware": false,
                                                  "Join Type": "Inner",
                                                  "Startup Cost": 75187.58,
                                                  "Total Cost": 75213.66,
                                                  "Plan Rows": 948,
                                                  "Plan Width": 29,
                                                  "Actual Startup Time": 387.47,
                                                  "Actual Total Time": 387.96,
                                                  "Actual Rows": 2137,
                                                  "Actual Loops": 5,
                                                  "Inner Unique": true,
                                                  "Merge Cond": "(t.kind_id = kt.id)",
                                                  "Plans": [
                                                    {
                                                      "Node Type": "Sort",
                                                      "Parent Relationship": "Outer",
                                                      "Parallel Aware": false,
                                                      "Startup Cost": 75186.48,
                                                      "Total Cost": 75194.78,
                                                      "Plan Rows": 3318,
                                                      "Plan Width": 33,
                                                      "Actual Startup Time": 387.389,
                                                      "Actual Total Time": 387.509,
                                                      "Actual Rows": 2263,
                                                      "Actual Loops": 5,
                                                      "Sort Key": [
                                                        "t.kind_id"
                                                      ],
                                                      "Sort Method": "quicksort",
                                                      "Sort Space Used": 342,
                                                      "Sort Space Type": "Memory",
                                                      "Workers": [
                                                        {
                                                          "Worker Number": 0,
                                                          "Sort Method": "quicksort",
                                                          "Sort Space Used": 207,
                                                          "Sort Space Type": "Memory"
                                                        },
                                                        {
                                                          "Worker Number": 1,
                                                          "Sort Method": "quicksort",
                                                          "Sort Space Used": 206,
                                                          "Sort Space Type": "Memory"
                                                        },
                                                        {
                                                          "Worker Number": 2,
                                                          "Sort Method": "quicksort",
                                                          "Sort Space Used": 203,
                                                          "Sort Space Type": "Memory"
                                                        },
                                                        {
                                                          "Worker Number": 3,
                                                          "Sort Method": "quicksort",
                                                          "Sort Space Used": 321,
                                                          "Sort Space Type": "Memory"
                                                        }
                                                      ],
                                                      "Plans": [
                                                        {
                                                          "Node Type": "Merge Join",
                                                          "Parent Relationship": "Outer",
                                                          "Parallel Aware": false,
                                                          "Join Type": "Inner",
                                                          "Startup Cost": 73548.7,
                                                          "Total Cost": 74992.44,
                                                          "Plan Rows": 3318,
                                                          "Plan Width": 33,
                                                          "Actual Startup Time": 328.87,
                                                          "Actual Total Time": 386.622,
                                                          "Actual Rows": 2263,
                                                          "Actual Loops": 5,
                                                          "Inner Unique": false,
                                                          "Merge Cond": "(t.id = cc.movie_id)",
                                                          "Plans": [
                                                            {
                                                              "Node Type": "Sort",
                                                              "Parent Relationship": "Outer",
                                                              "Parallel Aware": false,
                                                              "Startup Cost": 66155.97,
                                                              "Total Cost": 66776.91,
                                                              "Plan Rows": 248376,
                                                              "Plan Width": 25,
                                                              "Actual Startup Time": 269.611,
                                                              "Actual Total Time": 296.363,
                                                              "Actual Rows": 202584,
                                                              "Actual Loops": 5,
                                                              "Sort Key": [
                                                                "t.id"
                                                              ],
                                                              "Sort Method": "quicksort",
                                                              "Sort Space Used": 25853,
                                                              "Sort Space Type": "Memory",
                                                              "Workers": [
                                                                {
                                                                  "Worker Number": 0,
                                                                  "Sort Method": "quicksort",
                                                                  "Sort Space Used": 19116,
                                                                  "Sort Space Type": "Memory"
                                                                },
                                                                {
                                                                  "Worker Number": 1,
                                                                  "Sort Method": "quicksort",
                                                                  "Sort Space Used": 19091,
                                                                  "Sort Space Type": "Memory"
                                                                },
                                                                {
                                                                  "Worker Number": 2,
                                                                  "Sort Method": "quicksort",
                                                                  "Sort Space Used": 18984,
                                                                  "Sort Space Type": "Memory"
                                                                },
                                                                {
                                                                  "Worker Number": 3,
                                                                  "Sort Method": "quicksort",
                                                                  "Sort Space Used": 24296,
                                                                  "Sort Space Type": "Memory"
                                                                }
                                                              ],
                                                              "Plans": [
                                                                {
                                                                  "Node Type": "Seq Scan",
                                                                  "Parent Relationship": "Outer",
                                                                  "Parallel Aware": true,
                                                                  "Relation Name": "title",
                                                                  "Alias": "t",
                                                                  "Startup Cost": 0.0,
                                                                  "Total Cost": 43898.79,
                                                                  "Plan Rows": 248376,
                                                                  "Plan Width": 25,
                                                                  "Actual Startup Time": 0.078,
                                                                  "Actual Total Time": 172.734,
                                                                  "Actual Rows": 202584,
                                                                  "Actual Loops": 5,
                                                                  "Filter": "(production_year > 2005)",
                                                                  "Rows Removed by Filter": 303078
                                                                }
                                                              ]
                                                            },
                                                            {
                                                              "Node Type": "Sort",
                                                              "Parent Relationship": "Inner",
                                                              "Parallel Aware": false,
                                                              "Startup Cost": 7392.6,
                                                              "Total Cost": 7477.03,
                                                              "Plan Rows": 33772,
                                                              "Plan Width": 8,
                                                              "Actual Startup Time": 59.191,
                                                              "Actual Total Time": 62.483,
                                                              "Actual Rows": 49016,
                                                              "Actual Loops": 5,
                                                              "Sort Key": [
                                                                "cc.movie_id"
                                                              ],
                                                              "Sort Method": "quicksort",
                                                              "Sort Space Used": 3840,
                                                              "Sort Space Type": "Memory",
                                                              "Workers": [
                                                                {
                                                                  "Worker Number": 0,
                                                                  "Sort Method": "quicksort",
                                                                  "Sort Space Used": 3840,
                                                                  "Sort Space Type": "Memory"
                                                                },
                                                                {
                                                                  "Worker Number": 1,
                                                                  "Sort Method": "quicksort",
                                                                  "Sort Space Used": 3840,
                                                                  "Sort Space Type": "Memory"
                                                                },
                                                                {
                                                                  "Worker Number": 2,
                                                                  "Sort Method": "quicksort",
                                                                  "Sort Space Used": 3840,
                                                                  "Sort Space Type": "Memory"
                                                                },
                                                                {
                                                                  "Worker Number": 3,
                                                                  "Sort Method": "quicksort",
                                                                  "Sort Space Used": 3840,
                                                                  "Sort Space Type": "Memory"
                                                                }
                                                              ],
                                                              "Plans": [
                                                                {
                                                                  "Node Type": "Merge Join",
                                                                  "Parent Relationship": "Outer",
                                                                  "Parallel Aware": false,
                                                                  "Join Type": "Inner",
                                                                  "Startup Cost": 0.55,
                                                                  "Total Cost": 4852.35,
                                                                  "Plan Rows": 33772,
                                                                  "Plan Width": 8,
                                                                  "Actual Startup Time": 24.408,
                                                                  "Actual Total Time": 44.125,
                                                                  "Actual Rows": 49145,
                                                                  "Actual Loops": 5,
                                                                  "Inner Unique": true,
                                                                  "Merge Cond": "(cc.subject_id = cct1.id)",
                                                                  "Plans": [
                                                                    {
                                                                      "Node Type": "Index Scan",
                                                                      "Parent Relationship": "Outer",
                                                                      "Parallel Aware": false,
                                                                      "Scan Direction": "Forward",
                                                                      "Index Name": "subject_id_complete_cast",
                                                                      "Relation Name": "complete_cast",
                                                                      "Alias": "cc",
                                                                      "Startup Cost": 0.42,
                                                                      "Total Cost": 4164.71,
                                                                      "Plan Rows": 135086,
                                                                      "Plan Width": 12,
                                                                      "Actual Startup Time": 0.084,
                                                                      "Actual Total Time": 28.33,
                                                                      "Actual Rows": 135086,
                                                                      "Actual Loops": 5
                                                                    },
                                                                    {
                                                                      "Node Type": "Index Scan",
                                                                      "Parent Relationship": "Inner",
                                                                      "Parallel Aware": false,
                                                                      "Scan Direction": "Forward",
                                                                      "Index Name": "comp_cast_type_pkey",
                                                                      "Relation Name": "comp_cast_type",
                                                                      "Alias": "cct1",
                                                                      "Startup Cost": 0.13,
                                                                      "Total Cost": 12.2,
                                                                      "Plan Rows": 1,
                                                                      "Plan Width": 4,
                                                                      "Actual Startup Time": 0.024,
                                                                      "Actual Total Time": 0.024,
                                                                      "Actual Rows": 1,
                                                                      "Actual Loops": 5,
                                                                      "Filter": "((kind)::text = 'crew'::text)",
                                                                      "Rows Removed by Filter": 1
                                                                    }
                                                                  ]
                                                                }
                                                              ]
                                                            }
                                                          ]
                                                        }
                                                      ]
                                                    },
                                                    {
                                                      "Node Type": "Sort",
                                                      "Parent Relationship": "Inner",
                                                      "Parallel Aware": false,
                                                      "Startup Cost": 1.1,
                                                      "Total Cost": 1.1,
                                                      "Plan Rows": 2,
                                                      "Plan Width": 4,
                                                      "Actual Startup Time": 0.077,
                                                      "Actual Total Time": 0.078,
                                                      "Actual Rows": 2,
                                                      "Actual Loops": 5,
                                                      "Sort Key": [
                                                        "kt.id"
                                                      ],
                                                      "Sort Method": "quicksort",
                                                      "Sort Space Used": 25,
                                                      "Sort Space Type": "Memory",
                                                      "Workers": [
                                                        {
                                                          "Worker Number": 0,
                                                          "Sort Method": "quicksort",
                                                          "Sort Space Used": 25,
                                                          "Sort Space Type": "Memory"
                                                        },
                                                        {
                                                          "Worker Number": 1,
                                                          "Sort Method": "quicksort",
                                                          "Sort Space Used": 25,
                                                          "Sort Space Type": "Memory"
                                                        },
                                                        {
                                                          "Worker Number": 2,
                                                          "Sort Method": "quicksort",
                                                          "Sort Space Used": 25,
                                                          "Sort Space Type": "Memory"
                                                        },
                                                        {
                                                          "Worker Number": 3,
                                                          "Sort Method": "quicksort",
                                                          "Sort Space Used": 25,
                                                          "Sort Space Type": "Memory"
                                                        }
                                                      ],
                                                      "Plans": [
                                                        {
                                                          "Node Type": "Seq Scan",
                                                          "Parent Relationship": "Outer",
                                                          "Parallel Aware": false,
                                                          "Relation Name": "kind_type",
                                                          "Alias": "kt",
                                                          "Startup Cost": 0.0,
                                                          "Total Cost": 1.09,
                                                          "Plan Rows": 2,
                                                          "Plan Width": 4,
                                                          "Actual Startup Time": 0.066,
                                                          "Actual Total Time": 0.067,
                                                          "Actual Rows": 2,
                                                          "Actual Loops": 5,
                                                          "Filter": "((kind)::text = ANY ('{movie,episode}'::text[]))",
                                                          "Rows Removed by Filter": 5
                                                        }
                                                      ]
                                                    }
                                                  ]
                                                }
                                              ]
                                            },
                                            {
                                              "Node Type": "Sort",
                                              "Parent Relationship": "Inner",
                                              "Parallel Aware": false,
                                              "Startup Cost": 1.07,
                                              "Total Cost": 1.08,
                                              "Plan Rows": 3,
                                              "Plan Width": 4,
                                              "Actual Startup Time": 0.026,
                                              "Actual Total Time": 0.027,
                                              "Actual Rows": 3,
                                              "Actual Loops": 5,
                                              "Sort Key": [
                                                "cct2.id"
                                              ],
                                              "Sort Method": "quicksort",
                                              "Sort Space Used": 25,
                                              "Sort Space Type": "Memory",
                                              "Workers": [
                                                {
                                                  "Worker Number": 0,
                                                  "Sort Method": "quicksort",
                                                  "Sort Space Used": 25,
                                                  "Sort Space Type": "Memory"
                                                },
                                                {
                                                  "Worker Number": 1,
                                                  "Sort Method": "quicksort",
                                                  "Sort Space Used": 25,
                                                  "Sort Space Type": "Memory"
                                                },
                                                {
                                                  "Worker Number": 2,
                                                  "Sort Method": "quicksort",
                                                  "Sort Space Used": 25,
                                                  "Sort Space Type": "Memory"
                                                },
                                                {
                                                  "Worker Number": 3,
                                                  "Sort Method": "quicksort",
                                                  "Sort Space Used": 25,
                                                  "Sort Space Type": "Memory"
                                                }
                                              ],
                                              "Plans": [
                                                {
                                                  "Node Type": "Seq Scan",
                                                  "Parent Relationship": "Outer",
                                                  "Parallel Aware": false,
                                                  "Relation Name": "comp_cast_type",
                                                  "Alias": "cct2",
                                                  "Startup Cost": 0.0,
                                                  "Total Cost": 1.05,
                                                  "Plan Rows": 3,
                                                  "Plan Width": 4,
                                                  "Actual Startup Time": 0.017,
                                                  "Actual Total Time": 0.018,
                                                  "Actual Rows": 3,
                                                  "Actual Loops": 5,
                                                  "Filter": "((kind)::text <> 'complete+verified'::text)",
                                                  "Rows Removed by Filter": 1
                                                }
                                              ]
                                            }
                                          ]
                                        }
                                      ]
                                    }
                                  ]
                                }
                              ]
                            },
                            {
                              "Node Type": "Sort",
                              "Parent Relationship": "Inner",
                              "Parallel Aware": false,
                              "Startup Cost": 61046.38,
                              "Total Cost": 61430.9,
                              "Plan Rows": 153806,
                              "Plan Width": 12,
                              "Actual Startup Time": 272.839,
                              "Actual Total Time": 285.123,
                              "Actual Rows": 287091,
                              "Actual Loops": 1,
                              "Sort Key": [
                                "mc.movie_id"
                              ],
                              "Sort Method": "quicksort",
                              "Sort Space Used": 26504,
                              "Sort Space Type": "Memory",
                              "Plans": [
                                {
                                  "Node Type": "Gather",
                                  "Parent Relationship": "Outer",
                                  "Parallel Aware": false,
                                  "Startup Cost": 1000.0,
                                  "Total Cost": 47795.42,
                                  "Plan Rows": 153806,
                                  "Plan Width": 12,
                                  "Actual Startup Time": 0.59,
                                  "Actual Total Time": 205.197,
                                  "Actual Rows": 303271,
                                  "Actual Loops": 1,
                                  "Workers Planned": 3,
                                  "Workers Launched": 3,
                                  "Single Copy": false,
                                  "Plans": [
                                    {
                                      "Node Type": "Seq Scan",
                                      "Parent Relationship": "Outer",
                                      "Parallel Aware": true,
                                      "Relation Name": "movie_companies",
                                      "Alias": "mc",
                                      "Startup Cost": 0.0,
                                      "Total Cost": 31414.82,
                                      "Plan Rows": 49615,
                                      "Plan Width": 12,
                                      "Actual Startup Time": 0.075,
                                      "Actual Total Time": 178.188,
                                      "Actual Rows": 75818,
                                      "Actual Loops": 4,
                                      "Filter": "((note !~~ '%(USA)%'::text) AND (note ~~ '%(200%)%'::text))",
                                      "Rows Removed by Filter": 576464
                                    }
                                  ]
                                }
                              ]
                            }
                          ]
                        }
                      ]
                    },
                    {
                      "Node Type": "Sort",
                      "Parent Relationship": "Inner",
                      "Parallel Aware": false,
                      "Startup Cost": 1.08,
                      "Total Cost": 1.09,
                      "Plan Rows": 4,
                      "Plan Width": 4,
                      "Actual Startup Time": 0.042,
                      "Actual Total Time": 0.042,
                      "Actual Rows": 1,
                      "Actual Loops": 1,
                      "Sort Key": [
                        "ct.id"
                      ],
                      "Sort Method": "quicksort",
                      "Sort Space Used": 25,
                      "Sort Space Type": "Memory",
                      "Plans": [
                        {
                          "Node Type": "Seq Scan",
                          "Parent Relationship": "Outer",
                          "Parallel Aware": false,
                          "Relation Name": "company_type",
                          "Alias": "ct",
                          "Startup Cost": 0.0,
                          "Total Cost": 1.04,
                          "Plan Rows": 4,
                          "Plan Width": 4,
                          "Actual Startup Time": 0.028,
                          "Actual Total Time": 0.029,
                          "Actual Rows": 4,
                          "Actual Loops": 1
                        }
                      ]
                    }
                  ]
                }
              ]
            }
          ]
        }
      ]
    },
    "Planning Time": 394.368,
    "Triggers": [],
    "Execution Time": 3115.679
  }
]