{
  "Plan": {
    "Node Type": "Aggregate",
    "Strategy": "Plain",
    "Partial Mode": "Simple",
    "Parallel Aware": false,
    "Startup Cost": 75428.23,
    "Total Cost": 75428.24,
    "Plan Rows": 1,
    "Plan Width": 96,
    "Actual Startup Time": 422.847,
    "Actual Total Time": 437.687,
    "Actual Rows": 1,
    "Actual Loops": 1,
    "Plans": [
      {
        "Node Type": "Gather",
        "Parent Relationship": "Outer",
        "Parallel Aware": false,
        "Startup Cost": 75428.1,
        "Total Cost": 75428.22,
        "Plan Rows": 1,
        "Plan Width": 48,
        "Actual Startup Time": 384.351,
        "Actual Total Time": 437.406,
        "Actual Rows": 1874,
        "Actual Loops": 1,
        "Workers Planned": 1,
        "Workers Launched": 1,
        "Single Copy": false,
        "Plans": [
          {
            "Node Type": "Merge Join",
            "Parent Relationship": "Outer",
            "Parallel Aware": false,
            "Join Type": "Inner",
            "Startup Cost": 74428.1,
            "Total Cost": 74428.12,
            "Plan Rows": 1,
            "Plan Width": 48,
            "Actual Startup Time": 395.74,
            "Actual Total Time": 395.945,
            "Actual Rows": 937,
            "Actual Loops": 2,
            "Inner Unique": true,
            "Merge Cond": "(mc.company_type_id = ct.id)",
            "Plans": [
              {
                "Node Type": "Sort",
                "Parent Relationship": "Outer",
                "Parallel Aware": false,
                "Startup Cost": 74427.04,
                "Total Cost": 74427.04,
                "Plan Rows": 1,
                "Plan Width": 52,
                "Actual Startup Time": 395.722,
                "Actual Total Time": 395.784,
                "Actual Rows": 985,
                "Actual Loops": 2,
                "Sort Key": [
                  "mc.company_type_id"
                ],
                "Sort Method": "quicksort",
                "Sort Space Used": 319,
                "Sort Space Type": "Memory",
                "Workers": [
                  {
                    "Worker Number": 0,
                    "Sort Method": "quicksort",
                    "Sort Space Used": 25,
                    "Sort Space Type": "Memory"
                  }
                ],
                "Plans": [
                  {
                    "Node Type": "Merge Join",
                    "Parent Relationship": "Outer",
                    "Parallel Aware": false,
                    "Join Type": "Inner",
                    "Startup Cost": 74151.25,
                    "Total Cost": 74427.03,
                    "Plan Rows": 1,
                    "Plan Width": 52,
                    "Actual Startup Time": 393.363,
                    "Actual Total Time": 395.455,
                    "Actual Rows": 985,
                    "Actual Loops": 2,
                    "Inner Unique": true,
                    "Merge Cond": "(mc.company_id = cn.id)",
                    "Plans": [
                      {
                        "Node Type": "Sort",
                        "Parent Relationship": "Outer",
                        "Parallel Aware": false,
                        "Startup Cost": 62697.26,
                        "Total Cost": 62697.27,
                        "Plan Rows": 1,
                        "Plan Width": 37,
                        "Actual Startup Time": 313.954,
                        "Actual Total Time": 314.177,
                        "Actual Rows": 2301,
                        "Actual Loops": 2,
                        "Sort Key": [
                          "mc.company_id"
                        ],
                        "Sort Method": "quicksort",
                        "Sort Space Used": 554,
                        "Sort Space Type": "Memory",
                        "Workers": [
                          {
                            "Worker Number": 0,
                            "Sort Method": "quicksort",
                            "Sort Space Used": 26,
                            "Sort Space Type": "Memory"
                          }
                        ],
                        "Plans": [
                          {
                            "Node Type": "Merge Join",
                            "Parent Relationship": "Outer",
                            "Parallel Aware": false,
                            "Join Type": "Inner",
                            "Startup Cost": 18643.97,
                            "Total Cost": 62697.25,
                            "Plan Rows": 1,
                            "Plan Width": 37,
                            "Actual Startup Time": 222.981,
                            "Actual Total Time": 313.413,
                            "Actual Rows": 2301,
                            "Actual Loops": 2,
                            "Inner Unique": false,
                            "Merge Cond": "(ml.movie_id = mc.movie_id)",
                            "Plans": [
                              {
                                "Node Type": "Merge Join",
                                "Parent Relationship": "Outer",
                                "Parallel Aware": false,
                                "Join Type": "Inner",
                                "Startup Cost": 18643.54,
                                "Total Cost": 57089.38,
                                "Plan Rows": 1,
                                "Plan Width": 45,
                                "Actual Startup Time": 210.164,
                                "Actual Total Time": 286.384,
                                "Actual Rows": 373,
                                "Actual Loops": 2,
                                "Inner Unique": false,
                                "Merge Cond": "(mi.movie_id = ml.movie_id)",
                                "Plans": [
                                  {
                                    "Node Type": "Index Scan",
                                    "Parent Relationship": "Outer",
                                    "Parallel Aware": true,
                                    "Scan Direction": "Forward",
                                    "Index Name": "movie_id_movie_info",
                                    "Relation Name": "movie_info",
                                    "Alias": "mi",
                                    "Startup Cost": 0.43,
                                    "Total Cost": 1118593.34,
                                    "Plan Rows": 542499,
                                    "Plan Width": 4,
                                    "Actual Startup Time": 0.275,
                                    "Actual Total Time": 97.793,
                                    "Actual Rows": 14132,
                                    "Actual Loops": 2,
                                    "Filter": "(info = ANY ('{Sweden,Norway,Germany,Denmark,Swedish,Denish,Norwegian,German,English}'::text[]))",
                                    "Rows Removed by Filter": 204568
                                  },
                                  {
                                    "Node Type": "Materialize",
                                    "Parent Relationship": "Inner",
                                    "Parallel Aware": false,
                                    "Startup Cost": 18643.1,
                                    "Total Cost": 18643.11,
                                    "Plan Rows": 1,
                                    "Plan Width": 41,
                                    "Actual Startup Time": 187.574,
                                    "Actual Total Time": 187.657,
                                    "Actual Rows": 474,
                                    "Actual Loops": 2,
                                    "Plans": [
                                      {
                                        "Node Type": "Sort",
                                        "Parent Relationship": "Outer",
                                        "Parallel Aware": false,
                                        "Startup Cost": 18643.1,
                                        "Total Cost": 18643.11,
                                        "Plan Rows": 1,
                                        "Plan Width": 41,
                                        "Actual Startup Time": 187.563,
                                        "Actual Total Time": 187.598,
                                        "Actual Rows": 199,
                                        "Actual Loops": 2,
                                        "Sort Key": [
                                          "ml.movie_id"
                                        ],
                                        "Sort Method": "quicksort",
                                        "Sort Space Used": 41,
                                        "Sort Space Type": "Memory",
                                        "Workers": [
                                          {
                                            "Worker Number": 0,
                                            "Sort Method": "quicksort",
                                            "Sort Space Used": 41,
                                            "Sort Space Type": "Memory"
                                          }
                                        ],
                                        "Plans": [
                                          {
                                            "Node Type": "Merge Join",
                                            "Parent Relationship": "Outer",
                                            "Parallel Aware": false,
                                            "Join Type": "Inner",
                                            "Startup Cost": 18631.89,
                                            "Total Cost": 18643.09,
                                            "Plan Rows": 1,
                                            "Plan Width": 41,
                                            "Actual Startup Time": 187.438,
                                            "Actual Total Time": 187.499,
                                            "Actual Rows": 199,
                                            "Actual Loops": 2,
                                            "Inner Unique": true,
                                            "Merge Cond": "(mk.keyword_id = k.id)",
                                            "Plans": [
                                              {
                                                "Node Type": "Sort",
                                                "Parent Relationship": "Outer",
                                                "Parallel Aware": false,
                                                "Startup Cost": 16005.72,
                                                "Total Cost": 16011.33,
                                                "Plan Rows": 2244,
                                                "Plan Width": 45,
                                                "Actual Startup Time": 174.501,
                                                "Actual Total Time": 174.98,
                                                "Actual Rows": 4178,
                                                "Actual Loops": 2,
                                                "Sort Key": [
                                                  "mk.keyword_id"
                                                ],
                                                "Sort Method": "quicksort",
                                                "Sort Space Used": 2476,
                                                "Sort Space Type": "Memory",
                                                "Workers": [
                                                  {
                                                    "Worker Number": 0,
                                                    "Sort Method": "quicksort",
                                                    "Sort Space Used": 2476,
                                                    "Sort Space Type": "Memory"
                                                  }
                                                ],
                                                "Plans": [
                                                  {
                                                    "Node Type": "Merge Join",
                                                    "Parent Relationship": "Outer",
                                                    "Parallel Aware": false,
                                                    "Join Type": "Inner",
                                                    "Startup Cost": 1634.76,
                                                    "Total Cost": 15880.82,
                                                    "Plan Rows": 2244,
                                                    "Plan Width": 45,
                                                    "Actual Startup Time": 8.245,
                                                    "Actual Total Time": 167.353,
                                                    "Actual Rows": 17328,
                                                    "Actual Loops": 2,
                                                    "Inner Unique": false,
                                                    "Merge Cond": "(ml.movie_id = mk.movie_id)",
                                                    "Plans": [
                                                      {
                                                        "Node Type": "Merge Join",
                                                        "Parent Relationship": "Outer",
                                                        "Parallel Aware": false,
                                                        "Join Type": "Inner",
                                                        "Startup Cost": 1618.85,
                                                        "Total Cost": 11324.68,
                                                        "Plan Rows": 1254,
                                                        "Plan Width": 37,
                                                        "Actual Startup Time": 8.139,
                                                        "Actual Total Time": 137.629,
                                                        "Actual Rows": 2248,
                                                        "Actual Loops": 2,
                                                        "Inner Unique": false,
                                                        "Merge Cond": "(t.id = ml.movie_id)",
                                                        "Plans": [
                                                          {
                                                            "Node Type": "Index Scan",
                                                            "Parent Relationship": "Outer",
                                                            "Parallel Aware": false,
                                                            "Scan Direction": "Forward",
                                                            "Index Name": "title_pkey",
                                                            "Relation Name": "title",
                                                            "Alias": "t",
                                                            "Startup Cost": 0.43,
                                                            "Total Cost": 123001.61,
                                                            "Plan Rows": 1903094,
                                                            "Plan Width": 21,
                                                            "Actual Startup Time": 0.103,
                                                            "Actual Total Time": 121.771,
                                                            "Actual Rows": 145332,
                                                            "Actual Loops": 2,
                                                            "Filter": "((production_year >= 1950) AND (production_year <= 2010))",
                                                            "Rows Removed by Filter": 40844
                                                          },
                                                          {
                                                            "Node Type": "Sort",
                                                            "Parent Relationship": "Inner",
                                                            "Parallel Aware": false,
                                                            "Startup Cost": 1618.42,
                                                            "Total Cost": 1622.58,
                                                            "Plan Rows": 1666,
                                                            "Plan Width": 16,
                                                            "Actual Startup Time": 5.557,
                                                            "Actual Total Time": 5.777,
                                                            "Actual Rows": 2315,
                                                            "Actual Loops": 2,
                                                            "Sort Key": [
                                                              "ml.movie_id"
                                                            ],
                                                            "Sort Method": "quicksort",
                                                            "Sort Space Used": 205,
                                                            "Sort Space Type": "Memory",
                                                            "Workers": [
                                                              {
                                                                "Worker Number": 0,
                                                                "Sort Method": "quicksort",
                                                                "Sort Space Used": 205,
                                                                "Sort Space Type": "Memory"
                                                              }
                                                            ],
                                                            "Plans": [
                                                              {
                                                                "Node Type": "Merge Join",
                                                                "Parent Relationship": "Outer",
                                                                "Parallel Aware": false,
                                                                "Join Type": "Inner",
                                                                "Startup Cost": 0.42,
                                                                "Total Cost": 1529.27,
                                                                "Plan Rows": 1666,
                                                                "Plan Width": 16,
                                                                "Actual Startup Time": 0.131,
                                                                "Actual Total Time": 3.961,
                                                                "Actual Rows": 2315,
                                                                "Actual Loops": 2,
                                                                "Inner Unique": true,
                                                                "Merge Cond": "(ml.link_type_id = lt.id)",
                                                                "Plans": [
                                                                  {
                                                                    "Node Type": "Index Scan",
                                                                    "Parent Relationship": "Outer",
                                                                    "Parallel Aware": false,
                                                                    "Scan Direction": "Forward",
                                                                    "Index Name": "link_type_id_movie_link",
                                                                    "Relation Name": "movie_link",
                                                                    "Alias": "ml",
                                                                    "Startup Cost": 0.29,
                                                                    "Total Cost": 1425.16,
                                                                    "Plan Rows": 29997,
                                                                    "Plan Width": 8,
                                                                    "Actual Startup Time": 0.077,
                                                                    "Actual Total Time": 2.697,
                                                                    "Actual Rows": 2316,
                                                                    "Actual Loops": 2
                                                                  },
                                                                  {
                                                                    "Node Type": "Index Scan",
                                                                    "Parent Relationship": "Inner",
                                                                    "Parallel Aware": false,
                                                                    "Scan Direction": "Forward",
                                                                    "Index Name": "link_type_pkey",
                                                                    "Relation Name": "link_type",
                                                                    "Alias": "lt",
                                                                    "Startup Cost": 0.14,
                                                                    "Total Cost": 12.45,
                                                                    "Plan Rows": 1,
                                                                    "Plan Width": 16,
                                                                    "Actual Startup Time": 0.048,
                                                                    "Actual Total Time": 0.064,
                                                                    "Actual Rows": 2,
                                                                    "Actual Loops": 2,
                                                                    "Filter": "((link)::text ~~ '%follow%'::text)",
                                                                    "Rows Removed by Filter": 16
                                                                  }
                                                                ]
                                                              }
                                                            ]
                                                          }
                                                        ]
                                                      },
                                                      {
                                                        "Node Type": "Index Scan",
                                                        "Parent Relationship": "Inner",
                                                        "Parallel Aware": false,
                                                        "Scan Direction": "Forward",
                                                        "Index Name": "movie_id_movie_keyword",
                                                        "Relation Name": "movie_keyword",
                                                        "Alias": "mk",
                                                        "Startup Cost": 0.43,
                                                        "Total Cost": 177148.48,
                                                        "Plan Rows": 4523930,
                                                        "Plan Width": 8,
                                                        "Actual Startup Time": 0.054,
                                                        "Actual Total Time": 18.918,
                                                        "Actual Rows": 110627,
                                                        "Actual Loops": 2
                                                      }
                                                    ]
                                                  }
                                                ]
                                              },
                                              {
                                                "Node Type": "Sort",
                                                "Parent Relationship": "Inner",
                                                "Parallel Aware": false,
                                                "Startup Cost": 2626.14,
                                                "Total Cost": 2626.14,
                                                "Plan Rows": 1,
                                                "Plan Width": 4,
                                                "Actual Startup Time": 11.972,
                                                "Actual Total Time": 11.973,
                                                "Actual Rows": 1,
                                                "Actual Loops": 2,
                                                "Sort Key": [
                                                  "k.id"
                                                ],
                                                "Sort Method": "quicksort",
                                                "Sort Space Used": 25,
                                                "Sort Space Type": "Memory",
                                                "Workers": [
                                                  {
                                                    "Worker Number": 0,
                                                    "Sort Method": "quicksort",
                                                    "Sort Space Used": 25,
                                                    "Sort Space Type": "Memory"
                                                  }
                                                ],
                                                "Plans": [
                                                  {
                                                    "Node Type": "Seq Scan",
                                                    "Parent Relationship": "Outer",
                                                    "Parallel Aware": false,
                                                    "Relation Name": "keyword",
                                                    "Alias": "k",
                                                    "Startup Cost": 0.0,
                                                    "Total Cost": 2626.12,
                                                    "Plan Rows": 1,
                                                    "Plan Width": 4,
                                                    "Actual Startup Time": 0.704,
                                                    "Actual Total Time": 11.964,
                                                    "Actual Rows": 1,
                                                    "Actual Loops": 2,
                                                    "Filter": "(keyword = 'sequel'::text)",
                                                    "Rows Removed by Filter": 134169
                                                  }
                                                ]
                                              }
                                            ]
                                          }
                                        ]
                                      }
                                    ]
                                  }
                                ]
                              },
                              {
                                "Node Type": "Index Scan",
                                "Parent Relationship": "Inner",
                                "Parallel Aware": false,
                                "Scan Direction": "Forward",
                                "Index Name": "movie_id_movie_companies",
                                "Relation Name": "movie_companies",
                                "Alias": "mc",
                                "Startup Cost": 0.43,
                                "Total Cost": 140404.76,
                                "Plan Rows": 1269863,
                                "Plan Width": 12,
                                "Actual Startup Time": 0.044,
                                "Actual Total Time": 24.181,
                                "Actual Rows": 43212,
                                "Actual Loops": 2,
                                "Filter": "(note IS NULL)",
                                "Rows Removed by Filter": 42250
                              }
                            ]
                          }
                        ]
                      },
                      {
                        "Node Type": "Sort",
                        "Parent Relationship": "Inner",
                        "Parallel Aware": false,
                        "Startup Cost": 11453.99,
                        "Total Cost": 11591.95,
                        "Plan Rows": 55187,
                        "Plan Width": 23,
                        "Actual Startup Time": 77.482,
                        "Actual Total Time": 79.337,
                        "Actual Rows": 14120,
                        "Actual Loops": 2,
                        "Sort Key": [
                          "cn.id"
                        ],
                        "Sort Method": "quicksort",
                        "Sort Space Used": 5023,
                        "Sort Space Type": "Memory",
                        "Workers": [
                          {
                            "Worker Number": 0,
                            "Sort Method": "quicksort",
                            "Sort Space Used": 5023,
                            "Sort Space Type": "Memory"
                          }
                        ],
                        "Plans": [
                          {
                            "Node Type": "Seq Scan",
                            "Parent Relationship": "Outer",
                            "Parallel Aware": false,
                            "Relation Name": "company_name",
                            "Alias": "cn",
                            "Startup Cost": 0.0,
                            "Total Cost": 7107.45,
                            "Plan Rows": 55187,
                            "Plan Width": 23,
                            "Actual Startup Time": 0.03,
                            "Actual Total Time": 59.088,
                            "Actual Rows": 48302,
                            "Actual Loops": 2,
                            "Filter": "(((country_code)::text <> '[pl]'::text) AND ((name ~~ '%Film%'::text) OR (name ~~ '%Warner%'::text)))",
                            "Rows Removed by Filter": 186695
                          }
                        ]
                      }
                    ]
                  }
                ]
              },
              {
                "Node Type": "Sort",
                "Parent Relationship": "Inner",
                "Parallel Aware": false,
                "Startup Cost": 1.06,
                "Total Cost": 1.06,
                "Plan Rows": 1,
                "Plan Width": 4,
                "Actual Startup Time": 0.019,
                "Actual Total Time": 0.02,
                "Actual Rows": 1,
                "Actual Loops": 1,
                "Sort Key": [
                  "ct.id"
                ],
                "Sort Method": "quicksort",
                "Sort Space Used": 25,
                "Sort Space Type": "Memory",
                "Plans": [
                  {
                    "Node Type": "Seq Scan",
                    "Parent Relationship": "Outer",
                    "Parallel Aware": false,
                    "Relation Name": "company_type",
                    "Alias": "ct",
                    "Startup Cost": 0.0,
                    "Total Cost": 1.05,
                    "Plan Rows": 1,
                    "Plan Width": 4,
                    "Actual Startup Time": 0.012,
                    "Actual Total Time": 0.013,
                    "Actual Rows": 1,
                    "Actual Loops": 1,
                    "Filter": "((kind)::text = 'production companies'::text)",
                    "Rows Removed by Filter": 3
                  }
                ]
              }
            ]
          }
        ]
      }
    ]
  },
  "Planning Time": 3.065,
  "Triggers": [],
  "Execution Time": 437.986
}