[
  {
    "Plan": {
      "Node Type": "Aggregate",
      "Strategy": "Plain",
      "Partial Mode": "Finalize",
      "Parallel Aware": false,
      "Startup Cost": 354051.87,
      "Total Cost": 354051.88,
      "Plan Rows": 1,
      "Plan Width": 8,
      "Actual Startup Time": 954.076,
      "Actual Total Time": 1012.579,
      "Actual Rows": 1,
      "Actual Loops": 1,
      "Plans": [
        {
          "Node Type": "Gather",
          "Parent Relationship": "Outer",
          "Parallel Aware": false,
          "Startup Cost": 354051.24,
          "Total Cost": 354051.85,
          "Plan Rows": 6,
          "Plan Width": 8,
          "Actual Startup Time": 953.931,
          "Actual Total Time": 1012.568,
          "Actual Rows": 7,
          "Actual Loops": 1,
          "Workers Planned": 6,
          "Workers Launched": 6,
          "Single Copy": false,
          "Plans": [
            {
              "Node Type": "Aggregate",
              "Strategy": "Plain",
              "Partial Mode": "Partial",
              "Parent Relationship": "Outer",
              "Parallel Aware": false,
              "Startup Cost": 353051.24,
              "Total Cost": 353051.25,
              "Plan Rows": 1,
              "Plan Width": 8,
              "Actual Startup Time": 943.799,
              "Actual Total Time": 943.8,
              "Actual Rows": 1,
              "Actual Loops": 7,
              "Plans": [
                {
                  "Node Type": "Seq Scan",
                  "Parent Relationship": "Outer",
                  "Parallel Aware": true,
                  "Relation Name": "cast_info",
                  "Alias": "ci",
                  "Startup Cost": 0.0,
                  "Total Cost": 343257.03,
                  "Plan Rows": 3917685,
                  "Plan Width": 0,
                  "Actual Startup Time": 0.055,
                  "Actual Total Time": 768.224,
                  "Actual Rows": 3691334,
                  "Actual Loops": 7,
                  "Filter": "((person_id < 2783928) AND (role_id < 10))",
                  "Rows Removed by Filter": 1486429
                }
              ]
            }
          ]
        }
      ]
    },
    "Planning Time": 0.23,
    "Triggers": [],
    "Execution Time": 1012.651
  }
]