[
  {
    "Plan": {
      "Node Type": "Aggregate",
      "Strategy": "Plain",
      "Partial Mode": "Finalize",
      "Parallel Aware": false,
      "Startup Cost": 343236.85,
      "Total Cost": 343236.86,
      "Plan Rows": 1,
      "Plan Width": 8,
      "Actual Startup Time": 908.741,
      "Actual Total Time": 967.655,
      "Actual Rows": 1,
      "Actual Loops": 1,
      "Plans": [
        {
          "Node Type": "Gather",
          "Parent Relationship": "Outer",
          "Parallel Aware": false,
          "Startup Cost": 343236.22,
          "Total Cost": 343236.83,
          "Plan Rows": 6,
          "Plan Width": 8,
          "Actual Startup Time": 908.485,
          "Actual Total Time": 967.645,
          "Actual Rows": 7,
          "Actual Loops": 1,
          "Workers Planned": 6,
          "Workers Launched": 6,
          "Single Copy": false,
          "Plans": [
            {
              "Node Type": "Aggregate",
              "Strategy": "Plain",
              "Partial Mode": "Partial",
              "Parent Relationship": "Outer",
              "Parallel Aware": false,
              "Startup Cost": 342236.22,
              "Total Cost": 342236.23,
              "Plan Rows": 1,
              "Plan Width": 8,
              "Actual Startup Time": 899.964,
              "Actual Total Time": 899.965,
              "Actual Rows": 1,
              "Actual Loops": 7,
              "Plans": [
                {
                  "Node Type": "Seq Scan",
                  "Parent Relationship": "Outer",
                  "Parallel Aware": true,
                  "Relation Name": "cast_info",
                  "Alias": "ci",
                  "Startup Cost": 0.0,
                  "Total Cost": 328162.03,
                  "Plan Rows": 5629679,
                  "Plan Width": 0,
                  "Actual Startup Time": 36.177,
                  "Actual Total Time": 679.996,
                  "Actual Rows": 4823747,
                  "Actual Loops": 7,
                  "Filter": "(person_id > 240470)",
                  "Rows Removed by Filter": 354016
                }
              ]
            }
          ]
        }
      ]
    },
    "Planning Time": 0.16,
    "Triggers": [],
    "Execution Time": 967.716
  }
]