[
  {
    "Plan": {
      "Node Type": "Aggregate",
      "Strategy": "Plain",
      "Partial Mode": "Finalize",
      "Parallel Aware": false,
      "Startup Cost": 27927.5,
      "Total Cost": 27927.51,
      "Plan Rows": 1,
      "Plan Width": 8,
      "Actual Startup Time": 38.173,
      "Actual Total Time": 43.886,
      "Actual Rows": 1,
      "Actual Loops": 1,
      "Plans": [
        {
          "Node Type": "Gather",
          "Parent Relationship": "Outer",
          "Parallel Aware": false,
          "Startup Cost": 27927.28,
          "Total Cost": 27927.49,
          "Plan Rows": 2,
          "Plan Width": 8,
          "Actual Startup Time": 38.05,
          "Actual Total Time": 43.88,
          "Actual Rows": 3,
          "Actual Loops": 1,
          "Workers Planned": 2,
          "Workers Launched": 2,
          "Single Copy": false,
          "Plans": [
            {
              "Node Type": "Aggregate",
              "Strategy": "Plain",
              "Partial Mode": "Partial",
              "Parent Relationship": "Outer",
              "Parallel Aware": false,
              "Startup Cost": 26927.28,
              "Total Cost": 26927.29,
              "Plan Rows": 1,
              "Plan Width": 8,
              "Actual Startup Time": 29.419,
              "Actual Total Time": 29.422,
              "Actual Rows": 1,
              "Actual Loops": 3,
              "Plans": [
                {
                  "Node Type": "Nested Loop",
                  "Parent Relationship": "Outer",
                  "Parallel Aware": false,
                  "Join Type": "Inner",
                  "Startup Cost": 100.49,
                  "Total Cost": 26925.13,
                  "Plan Rows": 861,
                  "Plan Width": 0,
                  "Actual Startup Time": 2.938,
                  "Actual Total Time": 29.359,
                  "Actual Rows": 265,
                  "Actual Loops": 3,
                  "Inner Unique": false,
                  "Plans": [
                    {
                      "Node Type": "Nested Loop",
                      "Parent Relationship": "Outer",
                      "Parallel Aware": false,
                      "Join Type": "Inner",
                      "Startup Cost": 99.92,
                      "Total Cost": 25549.53,
                      "Plan Rows": 175,
                      "Plan Width": 8,
                      "Actual Startup Time": 2.755,
                      "Actual Total Time": 25.15,
                      "Actual Rows": 28,
                      "Actual Loops": 3,
                      "Inner Unique": true,
                      "Plans": [
                        {
                          "Node Type": "Bitmap Heap Scan",
                          "Parent Relationship": "Outer",
                          "Parallel Aware": true,
                          "Relation Name": "movie_keyword",
                          "Alias": "mk",
                          "Startup Cost": 99.49,
                          "Total Cost": 11574.9,
                          "Plan Rows": 1885,
                          "Plan Width": 4,
                          "Actual Startup Time": 1.799,
                          "Actual Total Time": 7.741,
                          "Actual Rows": 1353,
                          "Actual Loops": 3,
                          "Recheck Cond": "(keyword_id = 648)",
                          "Rows Removed by Index Recheck": 0,
                          "Exact Heap Blocks": 2238,
                          "Lossy Heap Blocks": 0,
                          "Plans": [
                            {
                              "Node Type": "Bitmap Index Scan",
                              "Parent Relationship": "Outer",
                              "Parallel Aware": false,
                              "Index Name": "keyword_id_movie_keyword",
                              "Startup Cost": 0.0,
                              "Total Cost": 98.36,
                              "Plan Rows": 4524,
                              "Plan Width": 0,
                              "Actual Startup Time": 3.684,
                              "Actual Total Time": 3.684,
                              "Actual Rows": 4059,
                              "Actual Loops": 1,
                              "Index Cond": "(keyword_id = 648)"
                            }
                          ]
                        },
                        {
                          "Node Type": "Index Scan",
                          "Parent Relationship": "Inner",
                          "Parallel Aware": false,
                          "Scan Direction": "Forward",
                          "Index Name": "title_pkey",
                          "Relation Name": "title",
                          "Alias": "t",
                          "Startup Cost": 0.43,
                          "Total Cost": 7.41,
                          "Plan Rows": 1,
                          "Plan Width": 4,
                          "Actual Startup Time": 0.012,
                          "Actual Total Time": 0.012,
                          "Actual Rows": 0,
                          "Actual Loops": 4059,
                          "Index Cond": "(id = mk.movie_id)",
                          "Rows Removed by Index Recheck": 0,
                          "Filter": "((production_year < 1972) AND (kind_id = 7))",
                          "Rows Removed by Filter": 1
                        }
                      ]
                    },
                    {
                      "Node Type": "Index Scan",
                      "Parent Relationship": "Inner",
                      "Parallel Aware": false,
                      "Scan Direction": "Forward",
                      "Index Name": "movie_id_cast_info",
                      "Relation Name": "cast_info",
                      "Alias": "ci",
                      "Startup Cost": 0.56,
                      "Total Cost": 7.73,
                      "Plan Rows": 13,
                      "Plan Width": 4,
                      "Actual Startup Time": 0.028,
                      "Actual Total Time": 0.147,
                      "Actual Rows": 9,
                      "Actual Loops": 84,
                      "Index Cond": "(movie_id = t.id)",
                      "Rows Removed by Index Recheck": 0,
                      "Filter": "(role_id = 1)",
                      "Rows Removed by Filter": 11
                    }
                  ]
                }
              ]
            }
          ]
        }
      ]
    },
    "Planning Time": 1.399,
    "Triggers": [],
    "Execution Time": 43.989
  }
]