[
    {
        "Bao": {
            "Bao prediction": "NaN",
            "Bao recommended hint": "(no hint)"
        }
    },
    {
        "Plan": {
            "Node Type": "Aggregate",
            "Strategy": "Plain",
            "Partial Mode": "Finalize",
            "Parallel Aware": false,
            "Startup Cost": 351692.2,
            "Total Cost": 351692.21,
            "Plan Rows": 1,
            "Plan Width": 8,
            "Actual Startup Time": 753.808,
            "Actual Total Time": 780.479,
            "Actual Rows": 1,
            "Actual Loops": 1,
            "Output": [
                "count(*)"
            ],
            "Plans": [
                {
                    "Node Type": "Gather",
                    "Parent Relationship": "Outer",
                    "Parallel Aware": false,
                    "Startup Cost": 351691.57,
                    "Total Cost": 351692.18,
                    "Plan Rows": 6,
                    "Plan Width": 8,
                    "Actual Startup Time": 753.67,
                    "Actual Total Time": 780.471,
                    "Actual Rows": 7,
                    "Actual Loops": 1,
                    "Output": [
                        "(PARTIAL count(*))"
                    ],
                    "Workers Planned": 6,
                    "Workers Launched": 6,
                    "Single Copy": false,
                    "Plans": [
                        {
                            "Node Type": "Aggregate",
                            "Strategy": "Plain",
                            "Partial Mode": "Partial",
                            "Parent Relationship": "Outer",
                            "Parallel Aware": false,
                            "Startup Cost": 350691.57,
                            "Total Cost": 350691.58,
                            "Plan Rows": 1,
                            "Plan Width": 8,
                            "Actual Startup Time": 744.022,
                            "Actual Total Time": 744.023,
                            "Actual Rows": 1,
                            "Actual Loops": 7,
                            "Output": [
                                "PARTIAL count(*)"
                            ],
                            "Workers": [
                                {
                                    "Worker Number": 0,
                                    "Actual Startup Time": 741.771,
                                    "Actual Total Time": 741.772,
                                    "Actual Rows": 1,
                                    "Actual Loops": 1
                                },
                                {
                                    "Worker Number": 1,
                                    "Actual Startup Time": 742.017,
                                    "Actual Total Time": 742.018,
                                    "Actual Rows": 1,
                                    "Actual Loops": 1
                                },
                                {
                                    "Worker Number": 2,
                                    "Actual Startup Time": 742.01,
                                    "Actual Total Time": 742.011,
                                    "Actual Rows": 1,
                                    "Actual Loops": 1
                                },
                                {
                                    "Worker Number": 3,
                                    "Actual Startup Time": 742.844,
                                    "Actual Total Time": 742.844,
                                    "Actual Rows": 1,
                                    "Actual Loops": 1
                                },
                                {
                                    "Worker Number": 4,
                                    "Actual Startup Time": 743.022,
                                    "Actual Total Time": 743.022,
                                    "Actual Rows": 1,
                                    "Actual Loops": 1
                                },
                                {
                                    "Worker Number": 5,
                                    "Actual Startup Time": 743.39,
                                    "Actual Total Time": 743.391,
                                    "Actual Rows": 1,
                                    "Actual Loops": 1
                                }
                            ],
                            "Plans": [
                                {
                                    "Node Type": "Seq Scan",
                                    "Parent Relationship": "Outer",
                                    "Parallel Aware": true,
                                    "Relation Name": "cast_info",
                                    "Schema": "public",
                                    "Alias": "ci",
                                    "Startup Cost": 0.0,
                                    "Total Cost": 343318.94,
                                    "Plan Rows": 2949052,
                                    "Plan Width": 0,
                                    "Actual Startup Time": 220.584,
                                    "Actual Total Time": 647.412,
                                    "Actual Rows": 2092590,
                                    "Actual Loops": 7,
                                    "Output": [
                                        "id",
                                        "person_id",
                                        "movie_id",
                                        "person_role_id",
                                        "note",
                                        "nr_order",
                                        "role_id"
                                    ],
                                    "Filter": "((ci.person_id < 2802169) AND (ci.role_id > 1))",
                                    "Rows Removed by Filter": 3085173,
                                    "Workers": [
                                        {
                                            "Worker Number": 0,
                                            "Actual Startup Time": 218.341,
                                            "Actual Total Time": 644.926,
                                            "Actual Rows": 1452890,
                                            "Actual Loops": 1
                                        },
                                        {
                                            "Worker Number": 1,
                                            "Actual Startup Time": 218.589,
                                            "Actual Total Time": 645.371,
                                            "Actual Rows": 1450489,
                                            "Actual Loops": 1
                                        },
                                        {
                                            "Worker Number": 2,
                                            "Actual Startup Time": 218.561,
                                            "Actual Total Time": 647.686,
                                            "Actual Rows": 2271241,
                                            "Actual Loops": 1
                                        },
                                        {
                                            "Worker Number": 3,
                                            "Actual Startup Time": 219.406,
                                            "Actual Total Time": 648.708,
                                            "Actual Rows": 2217628,
                                            "Actual Loops": 1
                                        },
                                        {
                                            "Worker Number": 4,
                                            "Actual Startup Time": 219.58,
                                            "Actual Total Time": 648.467,
                                            "Actual Rows": 2224923,
                                            "Actual Loops": 1
                                        },
                                        {
                                            "Worker Number": 5,
                                            "Actual Startup Time": 219.948,
                                            "Actual Total Time": 648.977,
                                            "Actual Rows": 2224705,
                                            "Actual Loops": 1
                                        }
                                    ]
                                }
                            ]
                        }
                    ]
                }
            ]
        },
        "Planning Time": 206.285,
        "Triggers": [],
        "Execution Time": 780.544
    }
]