[
  {
    "Plan": {
      "Node Type": "Aggregate",
      "Strategy": "Plain",
      "Partial Mode": "Finalize",
      "Parallel Aware": false,
      "Startup Cost": 88175.95,
      "Total Cost": 88175.96,
      "Plan Rows": 1,
      "Plan Width": 8,
      "Actual Startup Time": 264.113,
      "Actual Total Time": 280.496,
      "Actual Rows": 1,
      "Actual Loops": 1,
      "Plans": [
        {
          "Node Type": "Gather",
          "Parent Relationship": "Outer",
          "Parallel Aware": false,
          "Startup Cost": 88175.63,
          "Total Cost": 88175.94,
          "Plan Rows": 3,
          "Plan Width": 8,
          "Actual Startup Time": 263.193,
          "Actual Total Time": 280.487,
          "Actual Rows": 4,
          "Actual Loops": 1,
          "Workers Planned": 3,
          "Workers Launched": 3,
          "Single Copy": false,
          "Plans": [
            {
              "Node Type": "Aggregate",
              "Strategy": "Plain",
              "Partial Mode": "Partial",
              "Parent Relationship": "Outer",
              "Parallel Aware": false,
              "Startup Cost": 87175.63,
              "Total Cost": 87175.64,
              "Plan Rows": 1,
              "Plan Width": 8,
              "Actual Startup Time": 257.969,
              "Actual Total Time": 258.036,
              "Actual Rows": 1,
              "Actual Loops": 4,
              "Plans": [
                {
                  "Node Type": "Nested Loop",
                  "Parent Relationship": "Outer",
                  "Parallel Aware": false,
                  "Join Type": "Inner",
                  "Startup Cost": 55703.47,
                  "Total Cost": 87165.51,
                  "Plan Rows": 4050,
                  "Plan Width": 0,
                  "Actual Startup Time": 133.092,
                  "Actual Total Time": 255.857,
                  "Actual Rows": 41864,
                  "Actual Loops": 4,
                  "Inner Unique": false,
                  "Join Filter": "(t.id = mi_idx.movie_id)",
                  "Rows Removed by Join Filter": 0,
                  "Plans": [
                    {
                      "Node Type": "Hash Join",
                      "Parent Relationship": "Outer",
                      "Parallel Aware": true,
                      "Join Type": "Inner",
                      "Startup Cost": 55703.05,
                      "Total Cost": 82417.63,
                      "Plan Rows": 7420,
                      "Plan Width": 8,
                      "Actual Startup Time": 132.989,
                      "Actual Total Time": 200.076,
                      "Actual Rows": 19832,
                      "Actual Loops": 4,
                      "Inner Unique": true,
                      "Hash Cond": "(mk.movie_id = t.id)",
                      "Plans": [
                        {
                          "Node Type": "Bitmap Heap Scan",
                          "Parent Relationship": "Outer",
                          "Parallel Aware": true,
                          "Relation Name": "movie_keyword",
                          "Alias": "mk",
                          "Startup Cost": 9831.21,
                          "Total Cost": 36153.46,
                          "Plan Rows": 149460,
                          "Plan Width": 4,
                          "Actual Startup Time": 28.811,
                          "Actual Total Time": 72.179,
                          "Actual Rows": 116350,
                          "Actual Loops": 4,
                          "Recheck Cond": "(keyword_id < 355)",
                          "Rows Removed by Index Recheck": 0,
                          "Exact Heap Blocks": 7334,
                          "Lossy Heap Blocks": 0,
                          "Plans": [
                            {
                              "Node Type": "Bitmap Index Scan",
                              "Parent Relationship": "Outer",
                              "Parallel Aware": false,
                              "Index Name": "keyword_id_movie_keyword",
                              "Startup Cost": 0.0,
                              "Total Cost": 9715.38,
                              "Plan Rows": 463326,
                              "Plan Width": 0,
                              "Actual Startup Time": 25.222,
                              "Actual Total Time": 25.223,
                              "Actual Rows": 465401,
                              "Actual Loops": 1,
                              "Index Cond": "(keyword_id < 355)"
                            }
                          ]
                        },
                        {
                          "Node Type": "Hash",
                          "Parent Relationship": "Inner",
                          "Parallel Aware": true,
                          "Startup Cost": 45479.59,
                          "Total Cost": 45479.59,
                          "Plan Rows": 31380,
                          "Plan Width": 4,
                          "Actual Startup Time": 103.324,
                          "Actual Total Time": 103.325,
                          "Actual Rows": 58423,
                          "Actual Loops": 4,
                          "Hash Buckets": 262144,
                          "Original Hash Buckets": 131072,
                          "Hash Batches": 1,
                          "Original Hash Batches": 1,
                          "Peak Memory Usage": 12288,
                          "Plans": [
                            {
                              "Node Type": "Seq Scan",
                              "Parent Relationship": "Outer",
                              "Parallel Aware": true,
                              "Relation Name": "title",
                              "Alias": "t",
                              "Startup Cost": 0.0,
                              "Total Cost": 45479.59,
                              "Plan Rows": 31380,
                              "Plan Width": 4,
                              "Actual Startup Time": 0.118,
                              "Actual Total Time": 85.659,
                              "Actual Rows": 58423,
                              "Actual Loops": 4,
                              "Filter": "((kind_id < 7) AND (production_year < 1968))",
                              "Rows Removed by Filter": 573655
                            }
                          ]
                        }
                      ]
                    },
                    {
                      "Node Type": "Index Only Scan",
                      "Parent Relationship": "Inner",
                      "Parallel Aware": false,
                      "Scan Direction": "Forward",
                      "Index Name": "movie_id_movie_info_idx",
                      "Relation Name": "movie_info_idx",
                      "Alias": "mi_idx",
                      "Startup Cost": 0.43,
                      "Total Cost": 0.6,
                      "Plan Rows": 3,
                      "Plan Width": 4,
                      "Actual Startup Time": 0.002,
                      "Actual Total Time": 0.002,
                      "Actual Rows": 2,
                      "Actual Loops": 79328,
                      "Index Cond": "(movie_id = mk.movie_id)",
                      "Rows Removed by Index Recheck": 0,
                      "Heap Fetches": 167457
                    }
                  ]
                }
              ]
            }
          ]
        }
      ]
    },
    "Planning Time": 0.779,
    "Triggers": [],
    "Execution Time": 280.558
  }
]