[
  {
    "Plan": {
      "Node Type": "Aggregate",
      "Strategy": "Plain",
      "Partial Mode": "Finalize",
      "Parallel Aware": false,
      "Startup Cost": 87726.05,
      "Total Cost": 87726.06,
      "Plan Rows": 1,
      "Plan Width": 8,
      "Actual Startup Time": 298.326,
      "Actual Total Time": 320.051,
      "Actual Rows": 1,
      "Actual Loops": 1,
      "Plans": [
        {
          "Node Type": "Gather",
          "Parent Relationship": "Outer",
          "Parallel Aware": false,
          "Startup Cost": 87725.73,
          "Total Cost": 87726.04,
          "Plan Rows": 3,
          "Plan Width": 8,
          "Actual Startup Time": 297.264,
          "Actual Total Time": 320.043,
          "Actual Rows": 4,
          "Actual Loops": 1,
          "Workers Planned": 3,
          "Workers Launched": 3,
          "Single Copy": false,
          "Plans": [
            {
              "Node Type": "Aggregate",
              "Strategy": "Plain",
              "Partial Mode": "Partial",
              "Parent Relationship": "Outer",
              "Parallel Aware": false,
              "Startup Cost": 86725.73,
              "Total Cost": 86725.74,
              "Plan Rows": 1,
              "Plan Width": 8,
              "Actual Startup Time": 288.026,
              "Actual Total Time": 288.079,
              "Actual Rows": 1,
              "Actual Loops": 4,
              "Plans": [
                {
                  "Node Type": "Nested Loop",
                  "Parent Relationship": "Outer",
                  "Parallel Aware": false,
                  "Join Type": "Inner",
                  "Startup Cost": 55387.6,
                  "Total Cost": 86715.8,
                  "Plan Rows": 3973,
                  "Plan Width": 0,
                  "Actual Startup Time": 144.163,
                  "Actual Total Time": 285.782,
                  "Actual Rows": 41864,
                  "Actual Loops": 4,
                  "Inner Unique": false,
                  "Join Filter": "(t.id = mi_idx.movie_id)",
                  "Rows Removed by Join Filter": 0,
                  "Plans": [
                    {
                      "Node Type": "Hash Join",
                      "Parent Relationship": "Outer",
                      "Parallel Aware": true,
                      "Join Type": "Inner",
                      "Startup Cost": 55387.17,
                      "Total Cost": 82028.17,
                      "Plan Rows": 7279,
                      "Plan Width": 8,
                      "Actual Startup Time": 143.886,
                      "Actual Total Time": 221.507,
                      "Actual Rows": 19832,
                      "Actual Loops": 4,
                      "Inner Unique": true,
                      "Hash Cond": "(mk.movie_id = t.id)",
                      "Plans": [
                        {
                          "Node Type": "Bitmap Heap Scan",
                          "Parent Relationship": "Outer",
                          "Parallel Aware": true,
                          "Relation Name": "movie_keyword",
                          "Alias": "mk",
                          "Startup Cost": 9510.33,
                          "Total Cost": 35771.77,
                          "Plan Rows": 144595,
                          "Plan Width": 4,
                          "Actual Startup Time": 25.64,
                          "Actual Total Time": 76.251,
                          "Actual Rows": 116350,
                          "Actual Loops": 4,
                          "Recheck Cond": "(keyword_id < 355)",
                          "Rows Removed by Index Recheck": 0,
                          "Exact Heap Blocks": 8611,
                          "Lossy Heap Blocks": 0,
                          "Plans": [
                            {
                              "Node Type": "Bitmap Index Scan",
                              "Parent Relationship": "Outer",
                              "Parallel Aware": false,
                              "Index Name": "keyword_id_movie_keyword",
                              "Startup Cost": 0.0,
                              "Total Cost": 9398.27,
                              "Plan Rows": 448245,
                              "Plan Width": 0,
                              "Actual Startup Time": 21.996,
                              "Actual Total Time": 21.997,
                              "Actual Rows": 465401,
                              "Actual Loops": 1,
                              "Index Cond": "(keyword_id < 355)"
                            }
                          ]
                        },
                        {
                          "Node Type": "Hash",
                          "Parent Relationship": "Inner",
                          "Parallel Aware": true,
                          "Startup Cost": 45479.1,
                          "Total Cost": 45479.1,
                          "Plan Rows": 31819,
                          "Plan Width": 4,
                          "Actual Startup Time": 116.437,
                          "Actual Total Time": 116.438,
                          "Actual Rows": 58423,
                          "Actual Loops": 4,
                          "Hash Buckets": 262144,
                          "Original Hash Buckets": 131072,
                          "Hash Batches": 1,
                          "Original Hash Batches": 1,
                          "Peak Memory Usage": 12288,
                          "Plans": [
                            {
                              "Node Type": "Seq Scan",
                              "Parent Relationship": "Outer",
                              "Parallel Aware": true,
                              "Relation Name": "title",
                              "Alias": "t",
                              "Startup Cost": 0.0,
                              "Total Cost": 45479.1,
                              "Plan Rows": 31819,
                              "Plan Width": 4,
                              "Actual Startup Time": 0.145,
                              "Actual Total Time": 97.364,
                              "Actual Rows": 58423,
                              "Actual Loops": 4,
                              "Filter": "((kind_id < 7) AND (production_year < 1968))",
                              "Rows Removed by Filter": 573655
                            }
                          ]
                        }
                      ]
                    },
                    {
                      "Node Type": "Index Only Scan",
                      "Parent Relationship": "Inner",
                      "Parallel Aware": false,
                      "Scan Direction": "Forward",
                      "Index Name": "movie_id_movie_info_idx",
                      "Relation Name": "movie_info_idx",
                      "Alias": "mi_idx",
                      "Startup Cost": 0.43,
                      "Total Cost": 0.61,
                      "Plan Rows": 3,
                      "Plan Width": 4,
                      "Actual Startup Time": 0.002,
                      "Actual Total Time": 0.003,
                      "Actual Rows": 2,
                      "Actual Loops": 79328,
                      "Index Cond": "(movie_id = mk.movie_id)",
                      "Rows Removed by Index Recheck": 0,
                      "Heap Fetches": 167457
                    }
                  ]
                }
              ]
            }
          ]
        }
      ]
    },
    "Planning Time": 1.424,
    "Triggers": [],
    "Execution Time": 320.163
  }
]