[
  {
    "Plan": {
      "Node Type": "Aggregate",
      "Strategy": "Plain",
      "Partial Mode": "Finalize",
      "Parallel Aware": false,
      "Startup Cost": 44412.78,
      "Total Cost": 44412.79,
      "Plan Rows": 1,
      "Plan Width": 8,
      "Actual Startup Time": 122.102,
      "Actual Total Time": 133.238,
      "Actual Rows": 1,
      "Actual Loops": 1,
      "Plans": [
        {
          "Node Type": "Gather",
          "Parent Relationship": "Outer",
          "Parallel Aware": false,
          "Startup Cost": 44412.47,
          "Total Cost": 44412.78,
          "Plan Rows": 3,
          "Plan Width": 8,
          "Actual Startup Time": 121.945,
          "Actual Total Time": 133.228,
          "Actual Rows": 4,
          "Actual Loops": 1,
          "Workers Planned": 3,
          "Workers Launched": 3,
          "Single Copy": false,
          "Plans": [
            {
              "Node Type": "Aggregate",
              "Strategy": "Plain",
              "Partial Mode": "Partial",
              "Parent Relationship": "Outer",
              "Parallel Aware": false,
              "Startup Cost": 43412.47,
              "Total Cost": 43412.48,
              "Plan Rows": 1,
              "Plan Width": 8,
              "Actual Startup Time": 116.277,
              "Actual Total Time": 116.278,
              "Actual Rows": 1,
              "Actual Loops": 4,
              "Plans": [
                {
                  "Node Type": "Seq Scan",
                  "Parent Relationship": "Outer",
                  "Parallel Aware": true,
                  "Relation Name": "movie_keyword",
                  "Alias": "mk",
                  "Startup Cost": 0.0,
                  "Total Cost": 42695.65,
                  "Plan Rows": 286725,
                  "Plan Width": 0,
                  "Actual Startup Time": 2.791,
                  "Actual Total Time": 104.639,
                  "Actual Rows": 221138,
                  "Actual Loops": 4,
                  "Filter": "(keyword_id > 20848)",
                  "Rows Removed by Filter": 909845
                }
              ]
            }
          ]
        }
      ]
    },
    "Planning Time": 0.267,
    "Triggers": [],
    "Execution Time": 133.289
  }
]