{
    "Plan": {
        "Node Type": "Aggregate",
        "Strategy": "Plain",
        "Partial Mode": "Finalize",
        "Parallel Aware": false,
        "Startup Cost": 445897.99,
        "Total Cost": 445898.0,
        "Plan Rows": 1,
        "Plan Width": 8,
        "Actual Startup Time": 4138.741,
        "Actual Total Time": 4193.731,
        "Actual Rows": 1,
        "Actual Loops": 1,
        "Output": [
            "count(*)"
        ],
        "Plans": [
            {
                "Node Type": "Gather",
                "Parent Relationship": "Outer",
                "Parallel Aware": false,
                "Startup Cost": 445897.36,
                "Total Cost": 445897.97,
                "Plan Rows": 6,
                "Plan Width": 8,
                "Actual Startup Time": 4126.595,
                "Actual Total Time": 4193.719,
                "Actual Rows": 7,
                "Actual Loops": 1,
                "Output": [
                    "(PARTIAL count(*))"
                ],
                "Workers Planned": 6,
                "Workers Launched": 6,
                "Single Copy": false,
                "Plans": [
                    {
                        "Node Type": "Aggregate",
                        "Strategy": "Plain",
                        "Partial Mode": "Partial",
                        "Parent Relationship": "Outer",
                        "Parallel Aware": false,
                        "Startup Cost": 444897.36,
                        "Total Cost": 444897.37,
                        "Plan Rows": 1,
                        "Plan Width": 8,
                        "Actual Startup Time": 4115.376,
                        "Actual Total Time": 4115.513,
                        "Actual Rows": 1,
                        "Actual Loops": 7,
                        "Output": [
                            "PARTIAL count(*)"
                        ],
                        "Workers": [
                            {
                                "Worker Number": 0,
                                "Actual Startup Time": 4113.144,
                                "Actual Total Time": 4113.149,
                                "Actual Rows": 1,
                                "Actual Loops": 1
                            },
                            {
                                "Worker Number": 1,
                                "Actual Startup Time": 4114.837,
                                "Actual Total Time": 4114.843,
                                "Actual Rows": 1,
                                "Actual Loops": 1
                            },
                            {
                                "Worker Number": 2,
                                "Actual Startup Time": 4113.567,
                                "Actual Total Time": 4113.573,
                                "Actual Rows": 1,
                                "Actual Loops": 1
                            },
                            {
                                "Worker Number": 3,
                                "Actual Startup Time": 4113.52,
                                "Actual Total Time": 4113.527,
                                "Actual Rows": 1,
                                "Actual Loops": 1
                            },
                            {
                                "Worker Number": 4,
                                "Actual Startup Time": 4113.526,
                                "Actual Total Time": 4113.531,
                                "Actual Rows": 1,
                                "Actual Loops": 1
                            },
                            {
                                "Worker Number": 5,
                                "Actual Startup Time": 4113.45,
                                "Actual Total Time": 4113.455,
                                "Actual Rows": 1,
                                "Actual Loops": 1
                            }
                        ],
                        "Plans": [
                            {
                                "Node Type": "Hash Join",
                                "Parent Relationship": "Outer",
                                "Parallel Aware": true,
                                "Join Type": "Inner",
                                "Startup Cost": 96883.14,
                                "Total Cost": 439549.66,
                                "Plan Rows": 2139080,
                                "Plan Width": 0,
                                "Actual Startup Time": 382.252,
                                "Actual Total Time": 3406.007,
                                "Actual Rows": 17694033,
                                "Actual Loops": 7,
                                "Inner Unique": false,
                                "Hash Cond": "(ci.movie_id = t.id)",
                                "Workers": [
                                    {
                                        "Worker Number": 0,
                                        "Actual Startup Time": 380.191,
                                        "Actual Total Time": 3404.249,
                                        "Actual Rows": 18584308,
                                        "Actual Loops": 1
                                    },
                                    {
                                        "Worker Number": 1,
                                        "Actual Startup Time": 380.31,
                                        "Actual Total Time": 3412.591,
                                        "Actual Rows": 18418966,
                                        "Actual Loops": 1
                                    },
                                    {
                                        "Worker Number": 2,
                                        "Actual Startup Time": 380.673,
                                        "Actual Total Time": 3431.214,
                                        "Actual Rows": 17436724,
                                        "Actual Loops": 1
                                    },
                                    {
                                        "Worker Number": 3,
                                        "Actual Startup Time": 380.694,
                                        "Actual Total Time": 3386.109,
                                        "Actual Rows": 14262278,
                                        "Actual Loops": 1
                                    },
                                    {
                                        "Worker Number": 4,
                                        "Actual Startup Time": 380.638,
                                        "Actual Total Time": 3427.879,
                                        "Actual Rows": 17510924,
                                        "Actual Loops": 1
                                    },
                                    {
                                        "Worker Number": 5,
                                        "Actual Startup Time": 380.6,
                                        "Actual Total Time": 3405.834,
                                        "Actual Rows": 18560009,
                                        "Actual Loops": 1
                                    }
                                ],
                                "Plans": [
                                    {
                                        "Node Type": "Seq Scan",
                                        "Parent Relationship": "Outer",
                                        "Parallel Aware": true,
                                        "Relation Name": "cast_info",
                                        "Schema": "public",
                                        "Alias": "ci",
                                        "Startup Cost": 0.0,
                                        "Total Cost": 313108.29,
                                        "Plan Rows": 6042129,
                                        "Plan Width": 4,
                                        "Actual Startup Time": 0.018,
                                        "Actual Total Time": 534.831,
                                        "Actual Rows": 5177763,
                                        "Actual Loops": 7,
                                        "Output": [
                                            "ci.id",
                                            "ci.person_id",
                                            "ci.movie_id",
                                            "ci.person_role_id",
                                            "ci.note",
                                            "ci.nr_order",
                                            "ci.role_id"
                                        ],
                                        "Workers": [
                                            {
                                                "Worker Number": 0,
                                                "Actual Startup Time": 0.019,
                                                "Actual Total Time": 545.823,
                                                "Actual Rows": 5451563,
                                                "Actual Loops": 1
                                            },
                                            {
                                                "Worker Number": 1,
                                                "Actual Startup Time": 0.021,
                                                "Actual Total Time": 548.787,
                                                "Actual Rows": 5440097,
                                                "Actual Loops": 1
                                            },
                                            {
                                                "Worker Number": 2,
                                                "Actual Startup Time": 0.015,
                                                "Actual Total Time": 559.901,
                                                "Actual Rows": 5151939,
                                                "Actual Loops": 1
                                            },
                                            {
                                                "Worker Number": 3,
                                                "Actual Startup Time": 0.032,
                                                "Actual Total Time": 557.247,
                                                "Actual Rows": 3945446,
                                                "Actual Loops": 1
                                            },
                                            {
                                                "Worker Number": 4,
                                                "Actual Startup Time": 0.018,
                                                "Actual Total Time": 559.821,
                                                "Actual Rows": 5101957,
                                                "Actual Loops": 1
                                            },
                                            {
                                                "Worker Number": 5,
                                                "Actual Startup Time": 0.015,
                                                "Actual Total Time": 546.077,
                                                "Actual Rows": 5447036,
                                                "Actual Loops": 1
                                            }
                                        ]
                                    },
                                    {
                                        "Node Type": "Hash",
                                        "Parent Relationship": "Inner",
                                        "Parallel Aware": true,
                                        "Startup Cost": 93273.89,
                                        "Total Cost": 93273.89,
                                        "Plan Rows": 288740,
                                        "Plan Width": 8,
                                        "Actual Startup Time": 378.869,
                                        "Actual Total Time": 379.004,
                                        "Actual Rows": 267032,
                                        "Actual Loops": 7,
                                        "Output": [
                                            "t.id",
                                            "mk.movie_id"
                                        ],
                                        "Hash Buckets": 2097152,
                                        "Original Hash Buckets": 1048576,
                                        "Hash Batches": 1,
                                        "Original Hash Batches": 1,
                                        "Peak Memory Usage": 97792,
                                        "Workers": [
                                            {
                                                "Worker Number": 0,
                                                "Actual Startup Time": 379.475,
                                                "Actual Total Time": 379.478,
                                                "Actual Rows": 276431,
                                                "Actual Loops": 1
                                            },
                                            {
                                                "Worker Number": 1,
                                                "Actual Startup Time": 379.594,
                                                "Actual Total Time": 379.598,
                                                "Actual Rows": 280364,
                                                "Actual Loops": 1
                                            },
                                            {
                                                "Worker Number": 2,
                                                "Actual Startup Time": 379.932,
                                                "Actual Total Time": 379.937,
                                                "Actual Rows": 263479,
                                                "Actual Loops": 1
                                            },
                                            {
                                                "Worker Number": 3,
                                                "Actual Startup Time": 380.001,
                                                "Actual Total Time": 380.006,
                                                "Actual Rows": 187038,
                                                "Actual Loops": 1
                                            },
                                            {
                                                "Worker Number": 4,
                                                "Actual Startup Time": 379.907,
                                                "Actual Total Time": 379.911,
                                                "Actual Rows": 266105,
                                                "Actual Loops": 1
                                            },
                                            {
                                                "Worker Number": 5,
                                                "Actual Startup Time": 379.868,
                                                "Actual Total Time": 379.872,
                                                "Actual Rows": 278655,
                                                "Actual Loops": 1
                                            }
                                        ],
                                        "Plans": [
                                            {
                                                "Node Type": "Hash Join",
                                                "Parent Relationship": "Outer",
                                                "Parallel Aware": true,
                                                "Join Type": "Inner",
                                                "Startup Cost": 47313.53,
                                                "Total Cost": 93273.89,
                                                "Plan Rows": 288740,
                                                "Plan Width": 8,
                                                "Actual Startup Time": 141.364,
                                                "Actual Total Time": 272.175,
                                                "Actual Rows": 267032,
                                                "Actual Loops": 7,
                                                "Output": [
                                                    "t.id",
                                                    "mk.movie_id"
                                                ],
                                                "Inner Unique": true,
                                                "Hash Cond": "(mk.movie_id = t.id)",
                                                "Workers": [
                                                    {
                                                        "Worker Number": 0,
                                                        "Actual Startup Time": 141.359,
                                                        "Actual Total Time": 272.276,
                                                        "Actual Rows": 276431,
                                                        "Actual Loops": 1
                                                    },
                                                    {
                                                        "Worker Number": 1,
                                                        "Actual Startup Time": 141.321,
                                                        "Actual Total Time": 272.603,
                                                        "Actual Rows": 280364,
                                                        "Actual Loops": 1
                                                    },
                                                    {
                                                        "Worker Number": 2,
                                                        "Actual Startup Time": 141.358,
                                                        "Actual Total Time": 272.146,
                                                        "Actual Rows": 263479,
                                                        "Actual Loops": 1
                                                    },
                                                    {
                                                        "Worker Number": 3,
                                                        "Actual Startup Time": 141.376,
                                                        "Actual Total Time": 272.519,
                                                        "Actual Rows": 187038,
                                                        "Actual Loops": 1
                                                    },
                                                    {
                                                        "Worker Number": 4,
                                                        "Actual Startup Time": 141.327,
                                                        "Actual Total Time": 273.587,
                                                        "Actual Rows": 266105,
                                                        "Actual Loops": 1
                                                    },
                                                    {
                                                        "Worker Number": 5,
                                                        "Actual Startup Time": 141.34,
                                                        "Actual Total Time": 272.377,
                                                        "Actual Rows": 278655,
                                                        "Actual Loops": 1
                                                    }
                                                ],
                                                "Plans": [
                                                    {
                                                        "Node Type": "Seq Scan",
                                                        "Parent Relationship": "Outer",
                                                        "Parallel Aware": true,
                                                        "Relation Name": "movie_keyword",
                                                        "Schema": "public",
                                                        "Alias": "mk",
                                                        "Startup Cost": 0.0,
                                                        "Total Cost": 42695.65,
                                                        "Plan Rows": 1243695,
                                                        "Plan Width": 4,
                                                        "Actual Startup Time": 0.015,
                                                        "Actual Total Time": 83.109,
                                                        "Actual Rows": 552558,
                                                        "Actual Loops": 7,
                                                        "Output": [
                                                            "mk.id",
                                                            "mk.movie_id",
                                                            "mk.keyword_id"
                                                        ],
                                                        "Filter": "(mk.keyword_id < 28636)",
                                                        "Rows Removed by Filter": 93718,
                                                        "Workers": [
                                                            {
                                                                "Worker Number": 0,
                                                                "Actual Startup Time": 0.014,
                                                                "Actual Total Time": 84.953,
                                                                "Actual Rows": 582554,
                                                                "Actual Loops": 1
                                                            },
                                                            {
                                                                "Worker Number": 1,
                                                                "Actual Startup Time": 0.017,
                                                                "Actual Total Time": 84.957,
                                                                "Actual Rows": 581672,
                                                                "Actual Loops": 1
                                                            },
                                                            {
                                                                "Worker Number": 2,
                                                                "Actual Startup Time": 0.022,
                                                                "Actual Total Time": 84.227,
                                                                "Actual Rows": 540932,
                                                                "Actual Loops": 1
                                                            },
                                                            {
                                                                "Worker Number": 3,
                                                                "Actual Startup Time": 0.021,
                                                                "Actual Total Time": 84.456,
                                                                "Actual Rows": 376826,
                                                                "Actual Loops": 1
                                                            },
                                                            {
                                                                "Worker Number": 4,
                                                                "Actual Startup Time": 0.009,
                                                                "Actual Total Time": 85.205,
                                                                "Actual Rows": 556007,
                                                                "Actual Loops": 1
                                                            },
                                                            {
                                                                "Worker Number": 5,
                                                                "Actual Startup Time": 0.013,
                                                                "Actual Total Time": 84.856,
                                                                "Actual Rows": 581498,
                                                                "Actual Loops": 1
                                                            }
                                                        ]
                                                    },
                                                    {
                                                        "Node Type": "Hash",
                                                        "Parent Relationship": "Inner",
                                                        "Parallel Aware": true,
                                                        "Startup Cost": 45479.21,
                                                        "Total Cost": 45479.21,
                                                        "Plan Rows": 146746,
                                                        "Plan Width": 4,
                                                        "Actual Startup Time": 112.838,
                                                        "Actual Total Time": 112.839,
                                                        "Actual Rows": 66734,
                                                        "Actual Loops": 7,
                                                        "Output": [
                                                            "t.id"
                                                        ],
                                                        "Hash Buckets": 1048576,
                                                        "Original Hash Buckets": 1048576,
                                                        "Hash Batches": 1,
                                                        "Original Hash Batches": 1,
                                                        "Peak Memory Usage": 26624,
                                                        "Workers": [
                                                            {
                                                                "Worker Number": 0,
                                                                "Actual Startup Time": 114.228,
                                                                "Actual Total Time": 114.229,
                                                                "Actual Rows": 72524,
                                                                "Actual Loops": 1
                                                            },
                                                            {
                                                                "Worker Number": 1,
                                                                "Actual Startup Time": 114.226,
                                                                "Actual Total Time": 114.227,
                                                                "Actual Rows": 69560,
                                                                "Actual Loops": 1
                                                            },
                                                            {
                                                                "Worker Number": 2,
                                                                "Actual Startup Time": 114.244,
                                                                "Actual Total Time": 114.245,
                                                                "Actual Rows": 64939,
                                                                "Actual Loops": 1
                                                            },
                                                            {
                                                                "Worker Number": 3,
                                                                "Actual Startup Time": 114.245,
                                                                "Actual Total Time": 114.247,
                                                                "Actual Rows": 47232,
                                                                "Actual Loops": 1
                                                            },
                                                            {
                                                                "Worker Number": 4,
                                                                "Actual Startup Time": 114.226,
                                                                "Actual Total Time": 114.227,
                                                                "Actual Rows": 64747,
                                                                "Actual Loops": 1
                                                            },
                                                            {
                                                                "Worker Number": 5,
                                                                "Actual Startup Time": 114.225,
                                                                "Actual Total Time": 114.226,
                                                                "Actual Rows": 72057,
                                                                "Actual Loops": 1
                                                            }
                                                        ],
                                                        "Plans": [
                                                            {
                                                                "Node Type": "Seq Scan",
                                                                "Parent Relationship": "Outer",
                                                                "Parallel Aware": true,
                                                                "Relation Name": "title",
                                                                "Schema": "public",
                                                                "Alias": "t",
                                                                "Startup Cost": 0.0,
                                                                "Total Cost": 45479.21,
                                                                "Plan Rows": 146746,
                                                                "Plan Width": 4,
                                                                "Actual Startup Time": 42.51,
                                                                "Actual Total Time": 77.006,
                                                                "Actual Rows": 66734,
                                                                "Actual Loops": 7,
                                                                "Output": [
                                                                    "t.id"
                                                                ],
                                                                "Filter": "((t.production_year > 1959) AND (t.kind_id = 1))",
                                                                "Rows Removed by Filter": 294453,
                                                                "Workers": [
                                                                    {
                                                                        "Worker Number": 0,
                                                                        "Actual Startup Time": 48.721,
                                                                        "Actual Total Time": 77.315,
                                                                        "Actual Rows": 72524,
                                                                        "Actual Loops": 1
                                                                    },
                                                                    {
                                                                        "Worker Number": 1,
                                                                        "Actual Startup Time": 48.704,
                                                                        "Actual Total Time": 76.919,
                                                                        "Actual Rows": 69560,
                                                                        "Actual Loops": 1
                                                                    },
                                                                    {
                                                                        "Worker Number": 2,
                                                                        "Actual Startup Time": 5.419,
                                                                        "Actual Total Time": 77.297,
                                                                        "Actual Rows": 64939,
                                                                        "Actual Loops": 1
                                                                    },
                                                                    {
                                                                        "Worker Number": 3,
                                                                        "Actual Startup Time": 48.673,
                                                                        "Actual Total Time": 77.868,
                                                                        "Actual Rows": 47232,
                                                                        "Actual Loops": 1
                                                                    },
                                                                    {
                                                                        "Worker Number": 4,
                                                                        "Actual Startup Time": 48.58,
                                                                        "Actual Total Time": 77.203,
                                                                        "Actual Rows": 64747,
                                                                        "Actual Loops": 1
                                                                    },
                                                                    {
                                                                        "Worker Number": 5,
                                                                        "Actual Startup Time": 48.813,
                                                                        "Actual Total Time": 77.364,
                                                                        "Actual Rows": 72057,
                                                                        "Actual Loops": 1
                                                                    }
                                                                ]
                                                            }
                                                        ]
                                                    }
                                                ]
                                            }
                                        ]
                                    }
                                ]
                            }
                        ]
                    }
                ]
            }
        ]
    },
    "Planning Time": 1.478,
    "Triggers": [],
    "Execution Time": 4193.825
}