[
  {
    "Plan": {
      "Node Type": "Aggregate",
      "Strategy": "Plain",
      "Partial Mode": "Finalize",
      "Parallel Aware": false,
      "Startup Cost": 355631.22,
      "Total Cost": 355631.23,
      "Plan Rows": 1,
      "Plan Width": 8,
      "Actual Startup Time": 337.789,
      "Actual Total Time": 353.961,
      "Actual Rows": 1,
      "Actual Loops": 1,
      "Plans": [
        {
          "Node Type": "Gather",
          "Parent Relationship": "Outer",
          "Parallel Aware": false,
          "Startup Cost": 355630.6,
          "Total Cost": 355631.21,
          "Plan Rows": 6,
          "Plan Width": 8,
          "Actual Startup Time": 334.967,
          "Actual Total Time": 353.953,
          "Actual Rows": 7,
          "Actual Loops": 1,
          "Workers Planned": 6,
          "Workers Launched": 6,
          "Single Copy": false,
          "Plans": [
            {
              "Node Type": "Aggregate",
              "Strategy": "Plain",
              "Partial Mode": "Partial",
              "Parent Relationship": "Outer",
              "Parallel Aware": false,
              "Startup Cost": 354630.6,
              "Total Cost": 354630.61,
              "Plan Rows": 1,
              "Plan Width": 8,
              "Actual Startup Time": 324.005,
              "Actual Total Time": 324.009,
              "Actual Rows": 1,
              "Actual Loops": 7,
              "Plans": [
                {
                  "Node Type": "Hash Join",
                  "Parent Relationship": "Outer",
                  "Parallel Aware": true,
                  "Join Type": "Inner",
                  "Startup Cost": 95993.46,
                  "Total Cost": 354568.54,
                  "Plan Rows": 24824,
                  "Plan Width": 0,
                  "Actual Startup Time": 171.215,
                  "Actual Total Time": 321.966,
                  "Actual Rows": 30311,
                  "Actual Loops": 7,
                  "Inner Unique": true,
                  "Hash Cond": "(ci.movie_id = t.id)",
                  "Plans": [
                    {
                      "Node Type": "Bitmap Heap Scan",
                      "Parent Relationship": "Outer",
                      "Parallel Aware": true,
                      "Relation Name": "cast_info",
                      "Alias": "ci",
                      "Startup Cost": 51590.74,
                      "Total Cost": 309143.91,
                      "Plan Rows": 389294,
                      "Plan Width": 4,
                      "Actual Startup Time": 85.469,
                      "Actual Total Time": 173.531,
                      "Actual Rows": 320176,
                      "Actual Loops": 7,
                      "Recheck Cond": "(person_id > 3623891)",
                      "Rows Removed by Index Recheck": 0,
                      "Exact Heap Blocks": 5846,
                      "Lossy Heap Blocks": 0,
                      "Plans": [
                        {
                          "Node Type": "Bitmap Index Scan",
                          "Parent Relationship": "Outer",
                          "Parallel Aware": false,
                          "Index Name": "person_id_cast_info",
                          "Startup Cost": 0.0,
                          "Total Cost": 51006.79,
                          "Plan Rows": 2335764,
                          "Plan Width": 0,
                          "Actual Startup Time": 79.791,
                          "Actual Total Time": 79.791,
                          "Actual Rows": 2241234,
                          "Actual Loops": 1,
                          "Index Cond": "(person_id > 3623891)"
                        }
                      ]
                    },
                    {
                      "Node Type": "Hash",
                      "Parent Relationship": "Inner",
                      "Parallel Aware": true,
                      "Startup Cost": 43898.92,
                      "Total Cost": 43898.92,
                      "Plan Rows": 40305,
                      "Plan Width": 4,
                      "Actual Startup Time": 83.51,
                      "Actual Total Time": 83.511,
                      "Actual Rows": 22860,
                      "Actual Loops": 7,
                      "Hash Buckets": 262144,
                      "Original Hash Buckets": 262144,
                      "Hash Batches": 1,
                      "Original Hash Batches": 1,
                      "Peak Memory Usage": 8416,
                      "Plans": [
                        {
                          "Node Type": "Seq Scan",
                          "Parent Relationship": "Outer",
                          "Parallel Aware": true,
                          "Relation Name": "title",
                          "Alias": "t",
                          "Startup Cost": 0.0,
                          "Total Cost": 43898.92,
                          "Plan Rows": 40305,
                          "Plan Width": 4,
                          "Actual Startup Time": 0.049,
                          "Actual Total Time": 73.0,
                          "Actual Rows": 22860,
                          "Actual Loops": 7,
                          "Filter": "(production_year = 2011)",
                          "Rows Removed by Filter": 338328
                        }
                      ]
                    }
                  ]
                }
              ]
            }
          ]
        }
      ]
    },
    "Planning Time": 0.545,
    "Triggers": [],
    "Execution Time": 354.054
  }
]