[
  {
    "Plan": {
      "Node Type": "Aggregate",
      "Strategy": "Plain",
      "Partial Mode": "Finalize",
      "Parallel Aware": false,
      "Startup Cost": 35577.98,
      "Total Cost": 35577.99,
      "Plan Rows": 1,
      "Plan Width": 8,
      "Actual Startup Time": 114.265,
      "Actual Total Time": 121.968,
      "Actual Rows": 1,
      "Actual Loops": 1,
      "Plans": [
        {
          "Node Type": "Gather",
          "Parent Relationship": "Outer",
          "Parallel Aware": false,
          "Startup Cost": 35577.66,
          "Total Cost": 35577.97,
          "Plan Rows": 3,
          "Plan Width": 8,
          "Actual Startup Time": 113.963,
          "Actual Total Time": 121.959,
          "Actual Rows": 4,
          "Actual Loops": 1,
          "Workers Planned": 3,
          "Workers Launched": 3,
          "Single Copy": false,
          "Plans": [
            {
              "Node Type": "Aggregate",
              "Strategy": "Plain",
              "Partial Mode": "Partial",
              "Parent Relationship": "Outer",
              "Parallel Aware": false,
              "Startup Cost": 34577.66,
              "Total Cost": 34577.67,
              "Plan Rows": 1,
              "Plan Width": 8,
              "Actual Startup Time": 107.405,
              "Actual Total Time": 107.406,
              "Actual Rows": 1,
              "Actual Loops": 4,
              "Plans": [
                {
                  "Node Type": "Bitmap Heap Scan",
                  "Parent Relationship": "Outer",
                  "Parallel Aware": true,
                  "Relation Name": "movie_keyword",
                  "Alias": "mk",
                  "Startup Cost": 8243.63,
                  "Total Cost": 34264.32,
                  "Plan Rows": 125336,
                  "Plan Width": 0,
                  "Actual Startup Time": 37.362,
                  "Actual Total Time": 101.794,
                  "Actual Rows": 94072,
                  "Actual Loops": 4,
                  "Recheck Cond": "(keyword_id > 45207)",
                  "Rows Removed by Index Recheck": 0,
                  "Exact Heap Blocks": 10754,
                  "Lossy Heap Blocks": 0,
                  "Plans": [
                    {
                      "Node Type": "Bitmap Index Scan",
                      "Parent Relationship": "Outer",
                      "Parallel Aware": false,
                      "Index Name": "keyword_id_movie_keyword",
                      "Startup Cost": 0.0,
                      "Total Cost": 8146.49,
                      "Plan Rows": 388541,
                      "Plan Width": 0,
                      "Actual Startup Time": 39.75,
                      "Actual Total Time": 39.751,
                      "Actual Rows": 376286,
                      "Actual Loops": 1,
                      "Index Cond": "(keyword_id > 45207)"
                    }
                  ]
                }
              ]
            }
          ]
        }
      ]
    },
    "Planning Time": 0.153,
    "Triggers": [],
    "Execution Time": 122.032
  }
]