{
  "Plan": {
    "Node Type": "Aggregate",
    "Strategy": "Plain",
    "Partial Mode": "Finalize",
    "Parallel Aware": false,
    "Startup Cost": 487285.06,
    "Total Cost": 487285.07,
    "Plan Rows": 1,
    "Plan Width": 8,
    "Actual Startup Time": 6528.438,
    "Actual Total Time": 6599.861,
    "Actual Rows": 1,
    "Actual Loops": 1,
    "Plans": [
      {
        "Node Type": "Gather",
        "Parent Relationship": "Outer",
        "Parallel Aware": false,
        "Startup Cost": 487284.95,
        "Total Cost": 487285.06,
        "Plan Rows": 1,
        "Plan Width": 8,
        "Actual Startup Time": 6525.952,
        "Actual Total Time": 6599.852,
        "Actual Rows": 2,
        "Actual Loops": 1,
        "Workers Planned": 1,
        "Workers Launched": 1,
        "Single Copy": false,
        "Plans": [
          {
            "Node Type": "Aggregate",
            "Strategy": "Plain",
            "Partial Mode": "Partial",
            "Parent Relationship": "Outer",
            "Parallel Aware": false,
            "Startup Cost": 486284.95,
            "Total Cost": 486284.96,
            "Plan Rows": 1,
            "Plan Width": 8,
            "Actual Startup Time": 6520.182,
            "Actual Total Time": 6520.187,
            "Actual Rows": 1,
            "Actual Loops": 2,
            "Plans": [
              {
                "Node Type": "Nested Loop",
                "Parent Relationship": "Outer",
                "Parallel Aware": false,
                "Join Type": "Inner",
                "Startup Cost": 73352.08,
                "Total Cost": 485417.58,
                "Plan Rows": 346950,
                "Plan Width": 0,
                "Actual Startup Time": 316.871,
                "Actual Total Time": 6477.651,
                "Actual Rows": 831037,
                "Actual Loops": 2,
                "Inner Unique": false,
                "Plans": [
                  {
                    "Node Type": "Hash Join",
                    "Parent Relationship": "Outer",
                    "Parallel Aware": true,
                    "Join Type": "Inner",
                    "Startup Cost": 73351.51,
                    "Total Cost": 103035.1,
                    "Plan Rows": 117085,
                    "Plan Width": 8,
                    "Actual Startup Time": 316.543,
                    "Actual Total Time": 488.674,
                    "Actual Rows": 220549,
                    "Actual Loops": 2,
                    "Inner Unique": true,
                    "Hash Cond": "(mk.movie_id = t.id)",
                    "Plans": [
                      {
                        "Node Type": "Bitmap Heap Scan",
                        "Parent Relationship": "Outer",
                        "Parallel Aware": true,
                        "Relation Name": "movie_keyword",
                        "Alias": "mk",
                        "Startup Cost": 12467.8,
                        "Total Cost": 41243.78,
                        "Plan Rows": 345758,
                        "Plan Width": 4,
                        "Actual Startup Time": 35.098,
                        "Actual Total Time": 113.887,
                        "Actual Rows": 288174,
                        "Actual Loops": 2,
                        "Recheck Cond": "(keyword_id > 31829)",
                        "Rows Removed by Index Recheck": 0,
                        "Exact Heap Blocks": 13170,
                        "Lossy Heap Blocks": 0,
                        "Plans": [
                          {
                            "Node Type": "Bitmap Index Scan",
                            "Parent Relationship": "Outer",
                            "Parallel Aware": false,
                            "Index Name": "keyword_id_movie_keyword",
                            "Startup Cost": 0.0,
                            "Total Cost": 12320.85,
                            "Plan Rows": 587789,
                            "Plan Width": 0,
                            "Actual Startup Time": 31.686,
                            "Actual Total Time": 31.686,
                            "Actual Rows": 576348,
                            "Actual Loops": 1,
                            "Index Cond": "(keyword_id > 31829)"
                          }
                        ]
                      },
                      {
                        "Node Type": "Hash",
                        "Parent Relationship": "Inner",
                        "Parallel Aware": true,
                        "Startup Cost": 54588.39,
                        "Total Cost": 54588.39,
                        "Plan Rows": 503626,
                        "Plan Width": 4,
                        "Actual Startup Time": 272.564,
                        "Actual Total Time": 272.565,
                        "Actual Rows": 427107,
                        "Actual Loops": 2,
                        "Hash Buckets": 1048576,
                        "Original Hash Buckets": 1048576,
                        "Hash Batches": 1,
                        "Original Hash Batches": 1,
                        "Peak Memory Usage": 41632,
                        "Plans": [
                          {
                            "Node Type": "Seq Scan",
                            "Parent Relationship": "Outer",
                            "Parallel Aware": true,
                            "Relation Name": "title",
                            "Alias": "t",
                            "Startup Cost": 0.0,
                            "Total Cost": 54588.39,
                            "Plan Rows": 503626,
                            "Plan Width": 4,
                            "Actual Startup Time": 0.031,
                            "Actual Total Time": 149.417,
                            "Actual Rows": 427107,
                            "Actual Loops": 2,
                            "Filter": "(kind_id < 4)",
                            "Rows Removed by Filter": 837049
                          }
                        ]
                      }
                    ]
                  },
                  {
                    "Node Type": "Index Scan",
                    "Parent Relationship": "Inner",
                    "Parallel Aware": false,
                    "Scan Direction": "Forward",
                    "Index Name": "movie_id_cast_info",
                    "Relation Name": "cast_info",
                    "Alias": "ci",
                    "Startup Cost": 0.56,
                    "Total Cost": 3.19,
                    "Plan Rows": 8,
                    "Plan Width": 4,
                    "Actual Startup Time": 0.017,
                    "Actual Total Time": 0.027,
                    "Actual Rows": 4,
                    "Actual Loops": 441098,
                    "Index Cond": "(movie_id = t.id)",
                    "Rows Removed by Index Recheck": 0,
                    "Filter": "((person_id > 2834278) AND (role_id < 10))",
                    "Rows Removed by Filter": 51
                  }
                ]
              }
            ]
          }
        ]
      }
    ]
  },
  "Planning Time": 0.981,
  "Triggers": [],
  "Execution Time": 6599.985
}