[
    {
        "Bao": {
            "Bao prediction": 621.633,
            "Bao recommended hint": "(no hint)"
        }
    },
    {
        "Plan": {
            "Node Type": "Aggregate",
            "Strategy": "Plain",
            "Partial Mode": "Finalize",
            "Parallel Aware": false,
            "Startup Cost": 236858.77,
            "Total Cost": 236858.78,
            "Plan Rows": 1,
            "Plan Width": 8,
            "Actual Startup Time": 352.806,
            "Actual Total Time": 363.432,
            "Actual Rows": 1,
            "Actual Loops": 1,
            "Output": [
                "count(*)"
            ],
            "Plans": [
                {
                    "Node Type": "Gather",
                    "Parent Relationship": "Outer",
                    "Parallel Aware": false,
                    "Startup Cost": 236858.25,
                    "Total Cost": 236858.76,
                    "Plan Rows": 5,
                    "Plan Width": 8,
                    "Actual Startup Time": 348.573,
                    "Actual Total Time": 363.421,
                    "Actual Rows": 6,
                    "Actual Loops": 1,
                    "Output": [
                        "(PARTIAL count(*))"
                    ],
                    "Workers Planned": 5,
                    "Workers Launched": 5,
                    "Single Copy": false,
                    "Plans": [
                        {
                            "Node Type": "Aggregate",
                            "Strategy": "Plain",
                            "Partial Mode": "Partial",
                            "Parent Relationship": "Outer",
                            "Parallel Aware": false,
                            "Startup Cost": 235858.25,
                            "Total Cost": 235858.26,
                            "Plan Rows": 1,
                            "Plan Width": 8,
                            "Actual Startup Time": 338.403,
                            "Actual Total Time": 338.407,
                            "Actual Rows": 1,
                            "Actual Loops": 6,
                            "Output": [
                                "PARTIAL count(*)"
                            ],
                            "Workers": [
                                {
                                    "Worker Number": 0,
                                    "Actual Startup Time": 336.407,
                                    "Actual Total Time": 336.411,
                                    "Actual Rows": 1,
                                    "Actual Loops": 1
                                },
                                {
                                    "Worker Number": 1,
                                    "Actual Startup Time": 336.391,
                                    "Actual Total Time": 336.396,
                                    "Actual Rows": 1,
                                    "Actual Loops": 1
                                },
                                {
                                    "Worker Number": 2,
                                    "Actual Startup Time": 336.422,
                                    "Actual Total Time": 336.425,
                                    "Actual Rows": 1,
                                    "Actual Loops": 1
                                },
                                {
                                    "Worker Number": 3,
                                    "Actual Startup Time": 336.385,
                                    "Actual Total Time": 336.388,
                                    "Actual Rows": 1,
                                    "Actual Loops": 1
                                },
                                {
                                    "Worker Number": 4,
                                    "Actual Startup Time": 337.042,
                                    "Actual Total Time": 337.046,
                                    "Actual Rows": 1,
                                    "Actual Loops": 1
                                }
                            ],
                            "Plans": [
                                {
                                    "Node Type": "Hash Join",
                                    "Parent Relationship": "Outer",
                                    "Parallel Aware": true,
                                    "Join Type": "Inner",
                                    "Startup Cost": 69732.44,
                                    "Total Cost": 235684.49,
                                    "Plan Rows": 69505,
                                    "Plan Width": 0,
                                    "Actual Startup Time": 254.624,
                                    "Actual Total Time": 331.012,
                                    "Actual Rows": 104185,
                                    "Actual Loops": 6,
                                    "Inner Unique": true,
                                    "Hash Cond": "(mi.movie_id = t.id)",
                                    "Workers": [
                                        {
                                            "Worker Number": 0,
                                            "Actual Startup Time": 258.531,
                                            "Actual Total Time": 328.867,
                                            "Actual Rows": 103854,
                                            "Actual Loops": 1
                                        },
                                        {
                                            "Worker Number": 1,
                                            "Actual Startup Time": 258.476,
                                            "Actual Total Time": 328.834,
                                            "Actual Rows": 103873,
                                            "Actual Loops": 1
                                        },
                                        {
                                            "Worker Number": 2,
                                            "Actual Startup Time": 258.509,
                                            "Actual Total Time": 328.756,
                                            "Actual Rows": 105481,
                                            "Actual Loops": 1
                                        },
                                        {
                                            "Worker Number": 3,
                                            "Actual Startup Time": 258.43,
                                            "Actual Total Time": 328.715,
                                            "Actual Rows": 105142,
                                            "Actual Loops": 1
                                        },
                                        {
                                            "Worker Number": 4,
                                            "Actual Startup Time": 258.528,
                                            "Actual Total Time": 330.393,
                                            "Actual Rows": 91621,
                                            "Actual Loops": 1
                                        }
                                    ],
                                    "Plans": [
                                        {
                                            "Node Type": "Bitmap Heap Scan",
                                            "Parent Relationship": "Outer",
                                            "Parallel Aware": true,
                                            "Relation Name": "movie_info",
                                            "Schema": "public",
                                            "Alias": "mi",
                                            "Startup Cost": 23735.46,
                                            "Total Cost": 189000.4,
                                            "Plan Rows": 261755,
                                            "Plan Width": 4,
                                            "Actual Startup Time": 71.689,
                                            "Actual Total Time": 109.001,
                                            "Actual Rows": 214821,
                                            "Actual Loops": 6,
                                            "Output": [
                                                "mi.id",
                                                "mi.movie_id",
                                                "mi.info_type_id",
                                                "mi.info",
                                                "mi.note"
                                            ],
                                            "Recheck Cond": "(mi.info_type_id = 2)",
                                            "Rows Removed by Index Recheck": 0,
                                            "Exact Heap Blocks": 1561,
                                            "Lossy Heap Blocks": 0,
                                            "Workers": [
                                                {
                                                    "Worker Number": 0,
                                                    "Actual Startup Time": 71.628,
                                                    "Actual Total Time": 109.572,
                                                    "Actual Rows": 211357,
                                                    "Actual Loops": 1
                                                },
                                                {
                                                    "Worker Number": 1,
                                                    "Actual Startup Time": 71.566,
                                                    "Actual Total Time": 109.757,
                                                    "Actual Rows": 211246,
                                                    "Actual Loops": 1
                                                },
                                                {
                                                    "Worker Number": 2,
                                                    "Actual Startup Time": 71.808,
                                                    "Actual Total Time": 110.018,
                                                    "Actual Rows": 212593,
                                                    "Actual Loops": 1
                                                },
                                                {
                                                    "Worker Number": 3,
                                                    "Actual Startup Time": 71.805,
                                                    "Actual Total Time": 110.1,
                                                    "Actual Rows": 210074,
                                                    "Actual Loops": 1
                                                },
                                                {
                                                    "Worker Number": 4,
                                                    "Actual Startup Time": 71.489,
                                                    "Actual Total Time": 108.18,
                                                    "Actual Rows": 209281,
                                                    "Actual Loops": 1
                                                }
                                            ],
                                            "Plans": [
                                                {
                                                    "Node Type": "Bitmap Index Scan",
                                                    "Parent Relationship": "Outer",
                                                    "Parallel Aware": false,
                                                    "Index Name": "info_type_id_movie_info",
                                                    "Startup Cost": 0.0,
                                                    "Total Cost": 23408.26,
                                                    "Plan Rows": 1308777,
                                                    "Plan Width": 0,
                                                    "Actual Startup Time": 69.538,
                                                    "Actual Total Time": 69.538,
                                                    "Actual Rows": 1288928,
                                                    "Actual Loops": 1,
                                                    "Index Cond": "(mi.info_type_id = 2)",
                                                    "Workers": [
                                                        {
                                                            "Worker Number": 4,
                                                            "Actual Startup Time": 69.538,
                                                            "Actual Total Time": 69.538,
                                                            "Actual Rows": 1288928,
                                                            "Actual Loops": 1
                                                        }
                                                    ]
                                                }
                                            ]
                                        },
                                        {
                                            "Node Type": "Hash",
                                            "Parent Relationship": "Inner",
                                            "Parallel Aware": true,
                                            "Startup Cost": 43899.01,
                                            "Total Cost": 43899.01,
                                            "Plan Rows": 167838,
                                            "Plan Width": 4,
                                            "Actual Startup Time": 141.226,
                                            "Actual Total Time": 141.227,
                                            "Actual Rows": 110471,
                                            "Actual Loops": 6,
                                            "Output": [
                                                "t.id"
                                            ],
                                            "Hash Buckets": 1048576,
                                            "Original Hash Buckets": 1048576,
                                            "Hash Batches": 1,
                                            "Original Hash Batches": 1,
                                            "Peak Memory Usage": 34208,
                                            "Workers": [
                                                {
                                                    "Worker Number": 0,
                                                    "Actual Startup Time": 142.356,
                                                    "Actual Total Time": 142.357,
                                                    "Actual Rows": 108611,
                                                    "Actual Loops": 1
                                                },
                                                {
                                                    "Worker Number": 1,
                                                    "Actual Startup Time": 142.357,
                                                    "Actual Total Time": 142.358,
                                                    "Actual Rows": 109374,
                                                    "Actual Loops": 1
                                                },
                                                {
                                                    "Worker Number": 2,
                                                    "Actual Startup Time": 142.392,
                                                    "Actual Total Time": 142.393,
                                                    "Actual Rows": 110060,
                                                    "Actual Loops": 1
                                                },
                                                {
                                                    "Worker Number": 3,
                                                    "Actual Startup Time": 142.37,
                                                    "Actual Total Time": 142.372,
                                                    "Actual Rows": 108374,
                                                    "Actual Loops": 1
                                                },
                                                {
                                                    "Worker Number": 4,
                                                    "Actual Startup Time": 142.413,
                                                    "Actual Total Time": 142.414,
                                                    "Actual Rows": 96630,
                                                    "Actual Loops": 1
                                                }
                                            ],
                                            "Plans": [
                                                {
                                                    "Node Type": "Seq Scan",
                                                    "Parent Relationship": "Outer",
                                                    "Parallel Aware": true,
                                                    "Relation Name": "title",
                                                    "Schema": "public",
                                                    "Alias": "t",
                                                    "Startup Cost": 0.0,
                                                    "Total Cost": 43899.01,
                                                    "Plan Rows": 167838,
                                                    "Plan Width": 4,
                                                    "Actual Startup Time": 45.502,
                                                    "Actual Total Time": 93.049,
                                                    "Actual Rows": 110471,
                                                    "Actual Loops": 6,
                                                    "Output": [
                                                        "t.id"
                                                    ],
                                                    "Filter": "(t.kind_id = 1)",
                                                    "Rows Removed by Filter": 310914,
                                                    "Workers": [
                                                        {
                                                            "Worker Number": 0,
                                                            "Actual Startup Time": 53.397,
                                                            "Actual Total Time": 94.102,
                                                            "Actual Rows": 108611,
                                                            "Actual Loops": 1
                                                        },
                                                        {
                                                            "Worker Number": 1,
                                                            "Actual Startup Time": 5.557,
                                                            "Actual Total Time": 94.032,
                                                            "Actual Rows": 109374,
                                                            "Actual Loops": 1
                                                        },
                                                        {
                                                            "Worker Number": 2,
                                                            "Actual Startup Time": 53.394,
                                                            "Actual Total Time": 94.117,
                                                            "Actual Rows": 110060,
                                                            "Actual Loops": 1
                                                        },
                                                        {
                                                            "Worker Number": 3,
                                                            "Actual Startup Time": 53.525,
                                                            "Actual Total Time": 94.131,
                                                            "Actual Rows": 108374,
                                                            "Actual Loops": 1
                                                        },
                                                        {
                                                            "Worker Number": 4,
                                                            "Actual Startup Time": 53.667,
                                                            "Actual Total Time": 92.14,
                                                            "Actual Rows": 96630,
                                                            "Actual Loops": 1
                                                        }
                                                    ]
                                                }
                                            ]
                                        }
                                    ]
                                }
                            ]
                        }
                    ]
                }
            ]
        },
        "Planning Time": 1030.571,
        "Triggers": [],
        "Execution Time": 363.587
    }
]