[
  {
    "Plan": {
      "Node Type": "Aggregate",
      "Strategy": "Plain",
      "Partial Mode": "Finalize",
      "Parallel Aware": false,
      "Startup Cost": 46131.51,
      "Total Cost": 46131.52,
      "Plan Rows": 1,
      "Plan Width": 8,
      "Actual Startup Time": 127.485,
      "Actual Total Time": 142.914,
      "Actual Rows": 1,
      "Actual Loops": 1,
      "Plans": [
        {
          "Node Type": "Gather",
          "Parent Relationship": "Outer",
          "Parallel Aware": false,
          "Startup Cost": 46131.09,
          "Total Cost": 46131.5,
          "Plan Rows": 4,
          "Plan Width": 8,
          "Actual Startup Time": 127.224,
          "Actual Total Time": 142.905,
          "Actual Rows": 5,
          "Actual Loops": 1,
          "Workers Planned": 4,
          "Workers Launched": 4,
          "Single Copy": false,
          "Plans": [
            {
              "Node Type": "Aggregate",
              "Strategy": "Plain",
              "Partial Mode": "Partial",
              "Parent Relationship": "Outer",
              "Parallel Aware": false,
              "Startup Cost": 45131.09,
              "Total Cost": 45131.1,
              "Plan Rows": 1,
              "Plan Width": 8,
              "Actual Startup Time": 118.889,
              "Actual Total Time": 118.89,
              "Actual Rows": 1,
              "Actual Loops": 5,
              "Plans": [
                {
                  "Node Type": "Seq Scan",
                  "Parent Relationship": "Outer",
                  "Parallel Aware": true,
                  "Relation Name": "title",
                  "Alias": "t",
                  "Startup Cost": 0.0,
                  "Total Cost": 43898.92,
                  "Plan Rows": 492870,
                  "Plan Width": 0,
                  "Actual Startup Time": 0.036,
                  "Actual Total Time": 97.624,
                  "Actual Rows": 392438,
                  "Actual Loops": 5,
                  "Filter": "(production_year > 1978)",
                  "Rows Removed by Filter": 113225
                }
              ]
            }
          ]
        }
      ]
    },
    "Planning Time": 0.147,
    "Triggers": [],
    "Execution Time": 142.971
  }
]