[
  {
    "Plan": {
      "Node Type": "Aggregate",
      "Strategy": "Plain",
      "Partial Mode": "Finalize",
      "Parallel Aware": false,
      "Startup Cost": 99194.88,
      "Total Cost": 99194.89,
      "Plan Rows": 1,
      "Plan Width": 8,
      "Actual Startup Time": 551.26,
      "Actual Total Time": 573.305,
      "Actual Rows": 1,
      "Actual Loops": 1,
      "Plans": [
        {
          "Node Type": "Gather",
          "Parent Relationship": "Outer",
          "Parallel Aware": false,
          "Startup Cost": 99194.66,
          "Total Cost": 99194.87,
          "Plan Rows": 2,
          "Plan Width": 8,
          "Actual Startup Time": 543.115,
          "Actual Total Time": 573.296,
          "Actual Rows": 3,
          "Actual Loops": 1,
          "Workers Planned": 2,
          "Workers Launched": 2,
          "Single Copy": false,
          "Plans": [
            {
              "Node Type": "Aggregate",
              "Strategy": "Plain",
              "Partial Mode": "Partial",
              "Parent Relationship": "Outer",
              "Parallel Aware": false,
              "Startup Cost": 98194.66,
              "Total Cost": 98194.67,
              "Plan Rows": 1,
              "Plan Width": 8,
              "Actual Startup Time": 536.473,
              "Actual Total Time": 536.484,
              "Actual Rows": 1,
              "Actual Loops": 3,
              "Plans": [
                {
                  "Node Type": "Hash Join",
                  "Parent Relationship": "Outer",
                  "Parallel Aware": true,
                  "Join Type": "Inner",
                  "Startup Cost": 82104.76,
                  "Total Cost": 98086.18,
                  "Plan Rows": 43391,
                  "Plan Width": 0,
                  "Actual Startup Time": 473.067,
                  "Actual Total Time": 535.712,
                  "Actual Rows": 16503,
                  "Actual Loops": 3,
                  "Inner Unique": false,
                  "Hash Cond": "(mi_idx.movie_id = t.id)",
                  "Plans": [
                    {
                      "Node Type": "Seq Scan",
                      "Parent Relationship": "Outer",
                      "Parallel Aware": true,
                      "Relation Name": "movie_info_idx",
                      "Alias": "mi_idx",
                      "Startup Cost": 0.0,
                      "Total Cost": 13685.15,
                      "Plan Rows": 575015,
                      "Plan Width": 4,
                      "Actual Startup Time": 0.076,
                      "Actual Total Time": 39.988,
                      "Actual Rows": 460012,
                      "Actual Loops": 3
                    },
                    {
                      "Node Type": "Hash",
                      "Parent Relationship": "Inner",
                      "Parallel Aware": true,
                      "Startup Cost": 81335.42,
                      "Total Cost": 81335.42,
                      "Plan Rows": 61547,
                      "Plan Width": 8,
                      "Actual Startup Time": 452.964,
                      "Actual Total Time": 452.972,
                      "Actual Rows": 8640,
                      "Actual Loops": 3,
                      "Hash Buckets": 262144,
                      "Original Hash Buckets": 262144,
                      "Hash Batches": 1,
                      "Original Hash Batches": 1,
                      "Peak Memory Usage": 3136,
                      "Plans": [
                        {
                          "Node Type": "Hash Join",
                          "Parent Relationship": "Outer",
                          "Parallel Aware": true,
                          "Join Type": "Inner",
                          "Startup Cost": 55354.95,
                          "Total Cost": 81335.42,
                          "Plan Rows": 61547,
                          "Plan Width": 8,
                          "Actual Startup Time": 357.734,
                          "Actual Total Time": 448.563,
                          "Actual Rows": 8640,
                          "Actual Loops": 3,
                          "Inner Unique": true,
                          "Hash Cond": "(mk.movie_id = t.id)",
                          "Plans": [
                            {
                              "Node Type": "Bitmap Heap Scan",
                              "Parent Relationship": "Outer",
                              "Parallel Aware": true,
                              "Relation Name": "movie_keyword",
                              "Alias": "mk",
                              "Startup Cost": 6637.14,
                              "Total Cost": 32352.69,
                              "Plan Rows": 100924,
                              "Plan Width": 4,
                              "Actual Startup Time": 32.277,
                              "Actual Total Time": 89.649,
                              "Actual Rows": 104831,
                              "Actual Loops": 3,
                              "Recheck Cond": "(keyword_id > 51906)",
                              "Rows Removed by Index Recheck": 0,
                              "Exact Heap Blocks": 9355,
                              "Lossy Heap Blocks": 0,
                              "Plans": [
                                {
                                  "Node Type": "Bitmap Index Scan",
                                  "Parent Relationship": "Outer",
                                  "Parallel Aware": false,
                                  "Index Name": "keyword_id_movie_keyword",
                                  "Startup Cost": 0.0,
                                  "Total Cost": 6558.92,
                                  "Plan Rows": 312865,
                                  "Plan Width": 0,
                                  "Actual Startup Time": 27.079,
                                  "Actual Total Time": 27.079,
                                  "Actual Rows": 314493,
                                  "Actual Loops": 1,
                                  "Index Cond": "(keyword_id > 51906)"
                                }
                              ]
                            },
                            {
                              "Node Type": "Hash",
                              "Parent Relationship": "Inner",
                              "Parallel Aware": true,
                              "Startup Cost": 43899.32,
                              "Total Cost": 43899.32,
                              "Plan Rows": 385479,
                              "Plan Width": 4,
                              "Actual Startup Time": 319.833,
                              "Actual Total Time": 319.834,
                              "Actual Rows": 514421,
                              "Actual Loops": 3,
                              "Hash Buckets": 2097152,
                              "Original Hash Buckets": 2097152,
                              "Hash Batches": 1,
                              "Original Hash Batches": 1,
                              "Peak Memory Usage": 76800,
                              "Plans": [
                                {
                                  "Node Type": "Seq Scan",
                                  "Parent Relationship": "Outer",
                                  "Parallel Aware": true,
                                  "Relation Name": "title",
                                  "Alias": "t",
                                  "Startup Cost": 0.0,
                                  "Total Cost": 43899.32,
                                  "Plan Rows": 385479,
                                  "Plan Width": 4,
                                  "Actual Startup Time": 0.041,
                                  "Actual Total Time": 136.246,
                                  "Actual Rows": 514421,
                                  "Actual Loops": 3,
                                  "Filter": "(kind_id = 7)",
                                  "Rows Removed by Filter": 328349
                                }
                              ]
                            }
                          ]
                        }
                      ]
                    }
                  ]
                }
              ]
            }
          ]
        }
      ]
    },
    "Planning Time": 0.437,
    "Triggers": [],
    "Execution Time": 573.383
  }
]