{
    "Plan": {
        "Node Type": "Aggregate",
        "Strategy": "Plain",
        "Partial Mode": "Finalize",
        "Parallel Aware": false,
        "Startup Cost": 78463.94,
        "Total Cost": 78463.95,
        "Plan Rows": 1,
        "Plan Width": 8,
        "Actual Startup Time": 214.38,
        "Actual Total Time": 231.07,
        "Actual Rows": 1,
        "Actual Loops": 1,
        "Output": [
            "count(*)"
        ],
        "Plans": [
            {
                "Node Type": "Gather",
                "Parent Relationship": "Outer",
                "Parallel Aware": false,
                "Startup Cost": 78463.62,
                "Total Cost": 78463.93,
                "Plan Rows": 3,
                "Plan Width": 8,
                "Actual Startup Time": 213.542,
                "Actual Total Time": 231.061,
                "Actual Rows": 4,
                "Actual Loops": 1,
                "Output": [
                    "(PARTIAL count(*))"
                ],
                "Workers Planned": 3,
                "Workers Launched": 3,
                "Single Copy": false,
                "Plans": [
                    {
                        "Node Type": "Aggregate",
                        "Strategy": "Plain",
                        "Partial Mode": "Partial",
                        "Parent Relationship": "Outer",
                        "Parallel Aware": false,
                        "Startup Cost": 77463.62,
                        "Total Cost": 77463.63,
                        "Plan Rows": 1,
                        "Plan Width": 8,
                        "Actual Startup Time": 204.358,
                        "Actual Total Time": 204.362,
                        "Actual Rows": 1,
                        "Actual Loops": 4,
                        "Output": [
                            "PARTIAL count(*)"
                        ],
                        "Workers": [
                            {
                                "Worker Number": 0,
                                "Actual Startup Time": 201.4,
                                "Actual Total Time": 201.402,
                                "Actual Rows": 1,
                                "Actual Loops": 1
                            },
                            {
                                "Worker Number": 1,
                                "Actual Startup Time": 201.462,
                                "Actual Total Time": 201.466,
                                "Actual Rows": 1,
                                "Actual Loops": 1
                            },
                            {
                                "Worker Number": 2,
                                "Actual Startup Time": 201.779,
                                "Actual Total Time": 201.782,
                                "Actual Rows": 1,
                                "Actual Loops": 1
                            }
                        ],
                        "Plans": [
                            {
                                "Node Type": "Hash Join",
                                "Parent Relationship": "Outer",
                                "Parallel Aware": true,
                                "Join Type": "Inner",
                                "Startup Cost": 45953.7,
                                "Total Cost": 77458.48,
                                "Plan Rows": 2058,
                                "Plan Width": 0,
                                "Actual Startup Time": 169.898,
                                "Actual Total Time": 203.915,
                                "Actual Rows": 8572,
                                "Actual Loops": 4,
                                "Inner Unique": true,
                                "Hash Cond": "(mc.movie_id = t.id)",
                                "Workers": [
                                    {
                                        "Worker Number": 0,
                                        "Actual Startup Time": 166.988,
                                        "Actual Total Time": 200.968,
                                        "Actual Rows": 9318,
                                        "Actual Loops": 1
                                    },
                                    {
                                        "Worker Number": 1,
                                        "Actual Startup Time": 167.032,
                                        "Actual Total Time": 201.034,
                                        "Actual Rows": 9181,
                                        "Actual Loops": 1
                                    },
                                    {
                                        "Worker Number": 2,
                                        "Actual Startup Time": 167.39,
                                        "Actual Total Time": 201.345,
                                        "Actual Rows": 8643,
                                        "Actual Loops": 1
                                    }
                                ],
                                "Plans": [
                                    {
                                        "Node Type": "Seq Scan",
                                        "Parent Relationship": "Outer",
                                        "Parallel Aware": true,
                                        "Relation Name": "movie_companies",
                                        "Schema": "public",
                                        "Alias": "mc",
                                        "Startup Cost": 0.0,
                                        "Total Cost": 31414.82,
                                        "Plan Rows": 34273,
                                        "Plan Width": 4,
                                        "Actual Startup Time": 42.586,
                                        "Actual Total Time": 61.691,
                                        "Actual Rows": 53069,
                                        "Actual Loops": 4,
                                        "Output": [
                                            "mc.id",
                                            "mc.movie_id",
                                            "mc.company_id",
                                            "mc.company_type_id",
                                            "mc.note"
                                        ],
                                        "Filter": "((mc.company_id > 109940) AND (mc.company_type_id = 2))",
                                        "Rows Removed by Filter": 599214,
                                        "Workers": [
                                            {
                                                "Worker Number": 0,
                                                "Actual Startup Time": 42.566,
                                                "Actual Total Time": 61.63,
                                                "Actual Rows": 56602,
                                                "Actual Loops": 1
                                            },
                                            {
                                                "Worker Number": 1,
                                                "Actual Startup Time": 42.588,
                                                "Actual Total Time": 61.774,
                                                "Actual Rows": 56806,
                                                "Actual Loops": 1
                                            },
                                            {
                                                "Worker Number": 2,
                                                "Actual Startup Time": 42.611,
                                                "Actual Total Time": 61.14,
                                                "Actual Rows": 53669,
                                                "Actual Loops": 1
                                            }
                                        ]
                                    },
                                    {
                                        "Node Type": "Hash",
                                        "Parent Relationship": "Inner",
                                        "Parallel Aware": true,
                                        "Startup Cost": 45479.21,
                                        "Total Cost": 45479.21,
                                        "Plan Rows": 37959,
                                        "Plan Width": 4,
                                        "Actual Startup Time": 124.68,
                                        "Actual Total Time": 124.681,
                                        "Actual Rows": 62969,
                                        "Actual Loops": 4,
                                        "Output": [
                                            "t.id"
                                        ],
                                        "Hash Buckets": 262144,
                                        "Original Hash Buckets": 262144,
                                        "Hash Batches": 1,
                                        "Original Hash Batches": 1,
                                        "Peak Memory Usage": 11968,
                                        "Workers": [
                                            {
                                                "Worker Number": 0,
                                                "Actual Startup Time": 123.7,
                                                "Actual Total Time": 123.701,
                                                "Actual Rows": 65401,
                                                "Actual Loops": 1
                                            },
                                            {
                                                "Worker Number": 1,
                                                "Actual Startup Time": 123.725,
                                                "Actual Total Time": 123.726,
                                                "Actual Rows": 65817,
                                                "Actual Loops": 1
                                            },
                                            {
                                                "Worker Number": 2,
                                                "Actual Startup Time": 124.067,
                                                "Actual Total Time": 124.068,
                                                "Actual Rows": 64091,
                                                "Actual Loops": 1
                                            }
                                        ],
                                        "Plans": [
                                            {
                                                "Node Type": "Seq Scan",
                                                "Parent Relationship": "Outer",
                                                "Parallel Aware": true,
                                                "Relation Name": "title",
                                                "Schema": "public",
                                                "Alias": "t",
                                                "Startup Cost": 0.0,
                                                "Total Cost": 45479.21,
                                                "Plan Rows": 37959,
                                                "Plan Width": 4,
                                                "Actual Startup Time": 0.346,
                                                "Actual Total Time": 104.028,
                                                "Actual Rows": 62969,
                                                "Actual Loops": 4,
                                                "Output": [
                                                    "t.id"
                                                ],
                                                "Filter": "((t.kind_id < 7) AND (t.production_year < 1971))",
                                                "Rows Removed by Filter": 569109,
                                                "Workers": [
                                                    {
                                                        "Worker Number": 0,
                                                        "Actual Startup Time": 0.579,
                                                        "Actual Total Time": 103.939,
                                                        "Actual Rows": 65401,
                                                        "Actual Loops": 1
                                                    },
                                                    {
                                                        "Worker Number": 1,
                                                        "Actual Startup Time": 0.309,
                                                        "Actual Total Time": 103.728,
                                                        "Actual Rows": 65817,
                                                        "Actual Loops": 1
                                                    },
                                                    {
                                                        "Worker Number": 2,
                                                        "Actual Startup Time": 0.32,
                                                        "Actual Total Time": 101.669,
                                                        "Actual Rows": 64091,
                                                        "Actual Loops": 1
                                                    }
                                                ]
                                            }
                                        ]
                                    }
                                ]
                            }
                        ]
                    }
                ]
            }
        ]
    },
    "Planning Time": 0.924,
    "Triggers": [],
    "Execution Time": 231.154
}