[
  {
    "Plan": {
      "Node Type": "Aggregate",
      "Strategy": "Plain",
      "Partial Mode": "Simple",
      "Parallel Aware": false,
      "Startup Cost": 21828.63,
      "Total Cost": 21828.64,
      "Plan Rows": 1,
      "Plan Width": 8,
      "Actual Startup Time": 23.236,
      "Actual Total Time": 23.237,
      "Actual Rows": 1,
      "Actual Loops": 1,
      "Plans": [
        {
          "Node Type": "Bitmap Heap Scan",
          "Parent Relationship": "Outer",
          "Parallel Aware": false,
          "Relation Name": "movie_companies",
          "Alias": "mc",
          "Startup Cost": 1732.49,
          "Total Cost": 21726.1,
          "Plan Rows": 41009,
          "Plan Width": 0,
          "Actual Startup Time": 17.587,
          "Actual Total Time": 22.56,
          "Actual Rows": 16546,
          "Actual Loops": 1,
          "Recheck Cond": "(company_id < 12)",
          "Rows Removed by Index Recheck": 0,
          "Filter": "(company_type_id = 2)",
          "Rows Removed by Filter": 64049,
          "Exact Heap Blocks": 7265,
          "Lossy Heap Blocks": 0,
          "Plans": [
            {
              "Node Type": "Bitmap Index Scan",
              "Parent Relationship": "Outer",
              "Parallel Aware": false,
              "Index Name": "company_id_movie_companies",
              "Startup Cost": 0.0,
              "Total Cost": 1722.24,
              "Plan Rows": 80241,
              "Plan Width": 0,
              "Actual Startup Time": 3.304,
              "Actual Total Time": 3.304,
              "Actual Rows": 80595,
              "Actual Loops": 1,
              "Index Cond": "(company_id < 12)"
            }
          ]
        }
      ]
    },
    "Planning Time": 0.299,
    "Triggers": [],
    "Execution Time": 23.295
  }
]