[
  {
    "Plan": {
      "Node Type": "Aggregate",
      "Strategy": "Plain",
      "Partial Mode": "Simple",
      "Parallel Aware": false,
      "Startup Cost": 21741.24,
      "Total Cost": 21741.25,
      "Plan Rows": 1,
      "Plan Width": 8,
      "Actual Startup Time": 36.683,
      "Actual Total Time": 36.685,
      "Actual Rows": 1,
      "Actual Loops": 1,
      "Plans": [
        {
          "Node Type": "Bitmap Heap Scan",
          "Parent Relationship": "Outer",
          "Parallel Aware": false,
          "Relation Name": "movie_companies",
          "Alias": "mc",
          "Startup Cost": 1682.98,
          "Total Cost": 21642.29,
          "Plan Rows": 39580,
          "Plan Width": 0,
          "Actual Startup Time": 30.91,
          "Actual Total Time": 35.783,
          "Actual Rows": 16546,
          "Actual Loops": 1,
          "Recheck Cond": "(company_id < 12)",
          "Rows Removed by Index Recheck": 0,
          "Filter": "(company_type_id = 2)",
          "Rows Removed by Filter": 64049,
          "Exact Heap Blocks": 7265,
          "Lossy Heap Blocks": 0,
          "Plans": [
            {
              "Node Type": "Bitmap Index Scan",
              "Parent Relationship": "Outer",
              "Parallel Aware": false,
              "Index Name": "company_id_movie_companies",
              "Startup Cost": 0.0,
              "Total Cost": 1673.09,
              "Plan Rows": 77954,
              "Plan Width": 0,
              "Actual Startup Time": 8.828,
              "Actual Total Time": 8.829,
              "Actual Rows": 80595,
              "Actual Loops": 1,
              "Index Cond": "(company_id < 12)"
            }
          ]
        }
      ]
    },
    "Planning Time": 0.262,
    "Triggers": [],
    "Execution Time": 36.733
  }
]