[
  {
    "Plan": {
      "Node Type": "Aggregate",
      "Strategy": "Plain",
      "Partial Mode": "Finalize",
      "Parallel Aware": false,
      "Startup Cost": 45490.38,
      "Total Cost": 45490.39,
      "Plan Rows": 1,
      "Plan Width": 8,
      "Actual Startup Time": 157.74,
      "Actual Total Time": 164.866,
      "Actual Rows": 1,
      "Actual Loops": 1,
      "Plans": [
        {
          "Node Type": "Gather",
          "Parent Relationship": "Outer",
          "Parallel Aware": false,
          "Startup Cost": 45490.07,
          "Total Cost": 45490.38,
          "Plan Rows": 3,
          "Plan Width": 8,
          "Actual Startup Time": 157.602,
          "Actual Total Time": 164.857,
          "Actual Rows": 4,
          "Actual Loops": 1,
          "Workers Planned": 3,
          "Workers Launched": 3,
          "Single Copy": false,
          "Plans": [
            {
              "Node Type": "Aggregate",
              "Strategy": "Plain",
              "Partial Mode": "Partial",
              "Parent Relationship": "Outer",
              "Parallel Aware": false,
              "Startup Cost": 44490.07,
              "Total Cost": 44490.08,
              "Plan Rows": 1,
              "Plan Width": 8,
              "Actual Startup Time": 149.367,
              "Actual Total Time": 149.368,
              "Actual Rows": 1,
              "Actual Loops": 4,
              "Plans": [
                {
                  "Node Type": "Seq Scan",
                  "Parent Relationship": "Outer",
                  "Parallel Aware": true,
                  "Relation Name": "movie_keyword",
                  "Alias": "mk",
                  "Startup Cost": 0.0,
                  "Total Cost": 42695.65,
                  "Plan Rows": 717765,
                  "Plan Width": 0,
                  "Actual Startup Time": 0.057,
                  "Actual Total Time": 121.456,
                  "Actual Rows": 557151,
                  "Actual Loops": 4,
                  "Filter": "(keyword_id < 4583)",
                  "Rows Removed by Filter": 573832
                }
              ]
            }
          ]
        }
      ]
    },
    "Planning Time": 0.16,
    "Triggers": [],
    "Execution Time": 164.917
  }
]