[
  {
    "Plan": {
      "Node Type": "Aggregate",
      "Strategy": "Plain",
      "Partial Mode": "Simple",
      "Parallel Aware": false,
      "Startup Cost": 177066.1,
      "Total Cost": 177066.11,
      "Plan Rows": 1,
      "Plan Width": 32,
      "Actual Startup Time": 2484.474,
      "Actual Total Time": 2484.526,
      "Actual Rows": 1,
      "Actual Loops": 1,
      "Output": [
        "min(t.title)"
      ],
      "Plans": [
        {
          "Node Type": "Hash Join",
          "Parent Relationship": "Outer",
          "Parallel Aware": false,
          "Join Type": "Inner",
          "Startup Cost": 4.84,
          "Total Cost": 176965.85,
          "Plan Rows": 40099,
          "Plan Width": 17,
          "Actual Startup Time": 22.238,
          "Actual Total Time": 2482.631,
          "Actual Rows": 669,
          "Actual Loops": 1,
          "Output": [
            "t.title"
          ],
          "Inner Unique": true,
          "Hash Cond": "(mi.info_type_id = it.id)",
          "Plans": [
            {
              "Node Type": "Nested Loop",
              "Parent Relationship": "Outer",
              "Parallel Aware": false,
              "Join Type": "Inner",
              "Startup Cost": 1.29,
              "Total Cost": 176853.1,
              "Plan Rows": 40099,
              "Plan Width": 21,
              "Actual Startup Time": 21.635,
              "Actual Total Time": 2475.079,
              "Actual Rows": 669,
              "Actual Loops": 1,
              "Output": [
                "mi.info_type_id",
                "t.title"
              ],
              "Inner Unique": false,
              "Plans": [
                {
                  "Node Type": "Nested Loop",
                  "Parent Relationship": "Outer",
                  "Parallel Aware": false,
                  "Join Type": "Inner",
                  "Startup Cost": 0.86,
                  "Total Cost": 116579.51,
                  "Plan Rows": 28415,
                  "Plan Width": 25,
                  "Actual Startup Time": 21.253,
                  "Actual Total Time": 1846.292,
                  "Actual Rows": 767,
                  "Actual Loops": 1,
                  "Output": [
                    "mc.movie_id",
                    "t.title",
                    "t.id"
                  ],
                  "Inner Unique": true,
                  "Plans": [
                    {
                      "Node Type": "Nested Loop",
                      "Parent Relationship": "Outer",
                      "Parallel Aware": false,
                      "Join Type": "Inner",
                      "Startup Cost": 0.43,
                      "Total Cost": 53028.61,
                      "Plan Rows": 41222,
                      "Plan Width": 4,
                      "Actual Startup Time": 20.558,
                      "Actual Total Time": 1670.08,
                      "Actual Rows": 798,
                      "Actual Loops": 1,
                      "Output": [
                        "mc.movie_id"
                      ],
                      "Inner Unique": false,
                      "Plans": [
                        {
                          "Node Type": "Seq Scan",
                          "Parent Relationship": "Outer",
                          "Parallel Aware": false,
                          "Relation Name": "company_type",
                          "Schema": "public",
                          "Alias": "ct",
                          "Startup Cost": 0.0,
                          "Total Cost": 1.05,
                          "Plan Rows": 1,
                          "Plan Width": 4,
                          "Actual Startup Time": 0.024,
                          "Actual Total Time": 0.08,
                          "Actual Rows": 1,
                          "Actual Loops": 1,
                          "Output": [
                            "ct.id",
                            "ct.kind"
                          ],
                          "Filter": "((ct.kind)::text = 'production companies'::text)",
                          "Rows Removed by Filter": 3
                        },
                        {
                          "Node Type": "Index Scan",
                          "Parent Relationship": "Inner",
                          "Parallel Aware": false,
                          "Scan Direction": "Forward",
                          "Index Name": "company_type_id_movie_companies",
                          "Relation Name": "movie_companies",
                          "Schema": "public",
                          "Alias": "mc",
                          "Startup Cost": 0.43,
                          "Total Cost": 52203.12,
                          "Plan Rows": 82444,
                          "Plan Width": 8,
                          "Actual Startup Time": 20.523,
                          "Actual Total Time": 1667.543,
                          "Actual Rows": 798,
                          "Actual Loops": 1,
                          "Output": [
                            "mc.id",
                            "mc.movie_id",
                            "mc.company_id",
                            "mc.company_type_id",
                            "mc.note"
                          ],
                          "Index Cond": "(mc.company_type_id = ct.id)",
                          "Rows Removed by Index Recheck": 0,
                          "Filter": "((mc.note !~~ '%(TV)%'::text) AND (mc.note ~~ '%(USA)%'::text))",
                          "Rows Removed by Filter": 1334085
                        }
                      ]
                    },
                    {
                      "Node Type": "Index Scan",
                      "Parent Relationship": "Inner",
                      "Parallel Aware": false,
                      "Scan Direction": "Forward",
                      "Index Name": "title_pkey",
                      "Relation Name": "title",
                      "Schema": "public",
                      "Alias": "t",
                      "Startup Cost": 0.43,
                      "Total Cost": 1.54,
                      "Plan Rows": 1,
                      "Plan Width": 21,
                      "Actual Startup Time": 0.209,
                      "Actual Total Time": 0.209,
                      "Actual Rows": 1,
                      "Actual Loops": 798,
                      "Output": [
                        "t.id",
                        "t.title",
                        "t.imdb_index",
                        "t.kind_id",
                        "t.production_year",
                        "t.imdb_id",
                        "t.phonetic_code",
                        "t.episode_of_id",
                        "t.season_nr",
                        "t.episode_nr",
                        "t.series_years",
                        "t.md5sum"
                      ],
                      "Index Cond": "(t.id = mc.movie_id)",
                      "Rows Removed by Index Recheck": 0,
                      "Filter": "(t.production_year > 1990)",
                      "Rows Removed by Filter": 0
                    }
                  ]
                },
                {
                  "Node Type": "Index Scan",
                  "Parent Relationship": "Inner",
                  "Parallel Aware": false,
                  "Scan Direction": "Forward",
                  "Index Name": "movie_id_movie_info",
                  "Relation Name": "movie_info",
                  "Schema": "public",
                  "Alias": "mi",
                  "Startup Cost": 0.43,
                  "Total Cost": 2.1,
                  "Plan Rows": 2,
                  "Plan Width": 8,
                  "Actual Startup Time": 0.742,
                  "Actual Total Time": 0.813,
                  "Actual Rows": 1,
                  "Actual Loops": 767,
                  "Output": [
                    "mi.id",
                    "mi.movie_id",
                    "mi.info_type_id",
                    "mi.info",
                    "mi.note"
                  ],
                  "Index Cond": "(mi.movie_id = t.id)",
                  "Rows Removed by Index Recheck": 0,
                  "Filter": "(mi.info = ANY ('{Sweden,Norway,Germany,Denmark,Swedish,Denish,Norwegian,German,USA,American}'::text[]))",
                  "Rows Removed by Filter": 10
                }
              ]
            },
            {
              "Node Type": "Hash",
              "Parent Relationship": "Inner",
              "Parallel Aware": false,
              "Startup Cost": 2.13,
              "Total Cost": 2.13,
              "Plan Rows": 113,
              "Plan Width": 4,
              "Actual Startup Time": 0.449,
              "Actual Total Time": 0.45,
              "Actual Rows": 113,
              "Actual Loops": 1,
              "Output": [
                "it.id"
              ],
              "Hash Buckets": 1024,
              "Original Hash Buckets": 1024,
              "Hash Batches": 1,
              "Original Hash Batches": 1,
              "Peak Memory Usage": 12,
              "Plans": [
                {
                  "Node Type": "Seq Scan",
                  "Parent Relationship": "Outer",
                  "Parallel Aware": false,
                  "Relation Name": "info_type",
                  "Schema": "public",
                  "Alias": "it",
                  "Startup Cost": 0.0,
                  "Total Cost": 2.13,
                  "Plan Rows": 113,
                  "Plan Width": 4,
                  "Actual Startup Time": 0.017,
                  "Actual Total Time": 0.029,
                  "Actual Rows": 113,
                  "Actual Loops": 1,
                  "Output": [
                    "it.id"
                  ]
                }
              ]
            }
          ]
        }
      ]
    },
    "Planning Time": 12.257,
    "Triggers": [],
    "Execution Time": 2485.813
  }
]