[
  {
    "Plan": {
      "Node Type": "Aggregate",
      "Strategy": "Plain",
      "Partial Mode": "Finalize",
      "Parallel Aware": false,
      "Startup Cost": 24881.22,
      "Total Cost": 24881.23,
      "Plan Rows": 1,
      "Plan Width": 8,
      "Actual Startup Time": 22.726,
      "Actual Total Time": 25.667,
      "Actual Rows": 1,
      "Actual Loops": 1,
      "Plans": [
        {
          "Node Type": "Gather",
          "Parent Relationship": "Outer",
          "Parallel Aware": false,
          "Startup Cost": 24881.01,
          "Total Cost": 24881.22,
          "Plan Rows": 2,
          "Plan Width": 8,
          "Actual Startup Time": 22.433,
          "Actual Total Time": 25.659,
          "Actual Rows": 3,
          "Actual Loops": 1,
          "Workers Planned": 2,
          "Workers Launched": 2,
          "Single Copy": false,
          "Plans": [
            {
              "Node Type": "Aggregate",
              "Strategy": "Plain",
              "Partial Mode": "Partial",
              "Parent Relationship": "Outer",
              "Parallel Aware": false,
              "Startup Cost": 23881.01,
              "Total Cost": 23881.02,
              "Plan Rows": 1,
              "Plan Width": 8,
              "Actual Startup Time": 14.236,
              "Actual Total Time": 14.238,
              "Actual Rows": 1,
              "Actual Loops": 3,
              "Plans": [
                {
                  "Node Type": "Nested Loop",
                  "Parent Relationship": "Outer",
                  "Parallel Aware": false,
                  "Join Type": "Inner",
                  "Startup Cost": 98.56,
                  "Total Cost": 23880.89,
                  "Plan Rows": 45,
                  "Plan Width": 0,
                  "Actual Startup Time": 7.545,
                  "Actual Total Time": 14.223,
                  "Actual Rows": 27,
                  "Actual Loops": 3,
                  "Inner Unique": true,
                  "Plans": [
                    {
                      "Node Type": "Bitmap Heap Scan",
                      "Parent Relationship": "Outer",
                      "Parallel Aware": true,
                      "Relation Name": "movie_companies",
                      "Alias": "mc",
                      "Startup Cost": 98.13,
                      "Total Cost": 10386.55,
                      "Plan Rows": 1812,
                      "Plan Width": 4,
                      "Actual Startup Time": 0.901,
                      "Actual Total Time": 2.542,
                      "Actual Rows": 1184,
                      "Actual Loops": 3,
                      "Recheck Cond": "(company_id = 82)",
                      "Rows Removed by Index Recheck": 0,
                      "Exact Heap Blocks": 852,
                      "Lossy Heap Blocks": 0,
                      "Plans": [
                        {
                          "Node Type": "Bitmap Index Scan",
                          "Parent Relationship": "Outer",
                          "Parallel Aware": false,
                          "Index Name": "company_id_movie_companies",
                          "Startup Cost": 0.0,
                          "Total Cost": 97.05,
                          "Plan Rows": 4349,
                          "Plan Width": 0,
                          "Actual Startup Time": 2.128,
                          "Actual Total Time": 2.128,
                          "Actual Rows": 3552,
                          "Actual Loops": 1,
                          "Index Cond": "(company_id = 82)"
                        }
                      ]
                    },
                    {
                      "Node Type": "Index Scan",
                      "Parent Relationship": "Inner",
                      "Parallel Aware": false,
                      "Scan Direction": "Forward",
                      "Index Name": "title_pkey",
                      "Relation Name": "title",
                      "Alias": "t",
                      "Startup Cost": 0.43,
                      "Total Cost": 7.45,
                      "Plan Rows": 1,
                      "Plan Width": 4,
                      "Actual Startup Time": 0.009,
                      "Actual Total Time": 0.009,
                      "Actual Rows": 0,
                      "Actual Loops": 3552,
                      "Index Cond": "(id = mc.movie_id)",
                      "Rows Removed by Index Recheck": 0,
                      "Filter": "((kind_id < 7) AND (production_year = 2012))",
                      "Rows Removed by Filter": 1
                    }
                  ]
                }
              ]
            }
          ]
        }
      ]
    },
    "Planning Time": 0.68,
    "Triggers": [],
    "Execution Time": 25.754
  }
]