[
  {
    "Plan": {
      "Node Type": "Aggregate",
      "Strategy": "Plain",
      "Partial Mode": "Finalize",
      "Parallel Aware": false,
      "Startup Cost": 45756.44,
      "Total Cost": 45756.45,
      "Plan Rows": 1,
      "Plan Width": 8,
      "Actual Startup Time": 143.713,
      "Actual Total Time": 150.454,
      "Actual Rows": 1,
      "Actual Loops": 1,
      "Plans": [
        {
          "Node Type": "Gather",
          "Parent Relationship": "Outer",
          "Parallel Aware": false,
          "Startup Cost": 45756.13,
          "Total Cost": 45756.44,
          "Plan Rows": 3,
          "Plan Width": 8,
          "Actual Startup Time": 143.609,
          "Actual Total Time": 150.445,
          "Actual Rows": 4,
          "Actual Loops": 1,
          "Workers Planned": 3,
          "Workers Launched": 3,
          "Single Copy": false,
          "Plans": [
            {
              "Node Type": "Aggregate",
              "Strategy": "Plain",
              "Partial Mode": "Partial",
              "Parent Relationship": "Outer",
              "Parallel Aware": false,
              "Startup Cost": 44756.13,
              "Total Cost": 44756.14,
              "Plan Rows": 1,
              "Plan Width": 8,
              "Actual Startup Time": 139.161,
              "Actual Total Time": 139.162,
              "Actual Rows": 1,
              "Actual Loops": 4,
              "Plans": [
                {
                  "Node Type": "Seq Scan",
                  "Parent Relationship": "Outer",
                  "Parallel Aware": true,
                  "Relation Name": "movie_keyword",
                  "Alias": "mk",
                  "Startup Cost": 0.0,
                  "Total Cost": 42695.65,
                  "Plan Rows": 824189,
                  "Plan Width": 0,
                  "Actual Startup Time": 0.228,
                  "Actual Total Time": 108.528,
                  "Actual Rows": 637245,
                  "Actual Loops": 4,
                  "Filter": "(keyword_id > 3465)",
                  "Rows Removed by Filter": 493738
                }
              ]
            }
          ]
        }
      ]
    },
    "Planning Time": 0.092,
    "Triggers": [],
    "Execution Time": 150.484
  }
]