[
    {
        "Bao": {
            "Bao prediction": "NaN",
            "Bao recommended hint": "(no hint)"
        }
    },
    {
        "Plan": {
            "Node Type": "Aggregate",
            "Strategy": "Plain",
            "Partial Mode": "Finalize",
            "Parallel Aware": false,
            "Startup Cost": 436773.35,
            "Total Cost": 436773.36,
            "Plan Rows": 1,
            "Plan Width": 8,
            "Actual Startup Time": 2742.586,
            "Actual Total Time": 2771.633,
            "Actual Rows": 1,
            "Actual Loops": 1,
            "Output": [
                "count(*)"
            ],
            "Plans": [
                {
                    "Node Type": "Gather",
                    "Parent Relationship": "Outer",
                    "Parallel Aware": false,
                    "Startup Cost": 436772.73,
                    "Total Cost": 436773.34,
                    "Plan Rows": 6,
                    "Plan Width": 8,
                    "Actual Startup Time": 2735.183,
                    "Actual Total Time": 2771.623,
                    "Actual Rows": 7,
                    "Actual Loops": 1,
                    "Output": [
                        "(PARTIAL count(*))"
                    ],
                    "Workers Planned": 6,
                    "Workers Launched": 6,
                    "Single Copy": false,
                    "Plans": [
                        {
                            "Node Type": "Aggregate",
                            "Strategy": "Plain",
                            "Partial Mode": "Partial",
                            "Parent Relationship": "Outer",
                            "Parallel Aware": false,
                            "Startup Cost": 435772.73,
                            "Total Cost": 435772.74,
                            "Plan Rows": 1,
                            "Plan Width": 8,
                            "Actual Startup Time": 2722.492,
                            "Actual Total Time": 2722.497,
                            "Actual Rows": 1,
                            "Actual Loops": 7,
                            "Output": [
                                "PARTIAL count(*)"
                            ],
                            "Workers": [
                                {
                                    "Worker Number": 0,
                                    "Actual Startup Time": 2718.566,
                                    "Actual Total Time": 2718.569,
                                    "Actual Rows": 1,
                                    "Actual Loops": 1
                                },
                                {
                                    "Worker Number": 1,
                                    "Actual Startup Time": 2718.56,
                                    "Actual Total Time": 2718.564,
                                    "Actual Rows": 1,
                                    "Actual Loops": 1
                                },
                                {
                                    "Worker Number": 2,
                                    "Actual Startup Time": 2718.636,
                                    "Actual Total Time": 2718.64,
                                    "Actual Rows": 1,
                                    "Actual Loops": 1
                                },
                                {
                                    "Worker Number": 3,
                                    "Actual Startup Time": 2722.29,
                                    "Actual Total Time": 2722.295,
                                    "Actual Rows": 1,
                                    "Actual Loops": 1
                                },
                                {
                                    "Worker Number": 4,
                                    "Actual Startup Time": 2722.501,
                                    "Actual Total Time": 2722.505,
                                    "Actual Rows": 1,
                                    "Actual Loops": 1
                                },
                                {
                                    "Worker Number": 5,
                                    "Actual Startup Time": 2722.447,
                                    "Actual Total Time": 2722.451,
                                    "Actual Rows": 1,
                                    "Actual Loops": 1
                                }
                            ],
                            "Plans": [
                                {
                                    "Node Type": "Hash Join",
                                    "Parent Relationship": "Outer",
                                    "Parallel Aware": true,
                                    "Join Type": "Inner",
                                    "Startup Cost": 93604.81,
                                    "Total Cost": 432977.65,
                                    "Plan Rows": 1118031,
                                    "Plan Width": 0,
                                    "Actual Startup Time": 275.656,
                                    "Actual Total Time": 2316.892,
                                    "Actual Rows": 9309753,
                                    "Actual Loops": 7,
                                    "Inner Unique": false,
                                    "Hash Cond": "(ci.movie_id = t.id)",
                                    "Workers": [
                                        {
                                            "Worker Number": 0,
                                            "Actual Startup Time": 271.904,
                                            "Actual Total Time": 2319.629,
                                            "Actual Rows": 9610957,
                                            "Actual Loops": 1
                                        },
                                        {
                                            "Worker Number": 1,
                                            "Actual Startup Time": 271.919,
                                            "Actual Total Time": 2315.275,
                                            "Actual Rows": 9749180,
                                            "Actual Loops": 1
                                        },
                                        {
                                            "Worker Number": 2,
                                            "Actual Startup Time": 272.029,
                                            "Actual Total Time": 2336.955,
                                            "Actual Rows": 9829642,
                                            "Actual Loops": 1
                                        },
                                        {
                                            "Worker Number": 3,
                                            "Actual Startup Time": 275.687,
                                            "Actual Total Time": 2324.446,
                                            "Actual Rows": 9554360,
                                            "Actual Loops": 1
                                        },
                                        {
                                            "Worker Number": 4,
                                            "Actual Startup Time": 275.88,
                                            "Actual Total Time": 2320.385,
                                            "Actual Rows": 9725236,
                                            "Actual Loops": 1
                                        },
                                        {
                                            "Worker Number": 5,
                                            "Actual Startup Time": 275.748,
                                            "Actual Total Time": 2321.474,
                                            "Actual Rows": 9693482,
                                            "Actual Loops": 1
                                        }
                                    ],
                                    "Plans": [
                                        {
                                            "Node Type": "Seq Scan",
                                            "Parent Relationship": "Outer",
                                            "Parallel Aware": true,
                                            "Relation Name": "cast_info",
                                            "Schema": "public",
                                            "Alias": "ci",
                                            "Startup Cost": 0.0,
                                            "Total Cost": 313108.29,
                                            "Plan Rows": 6042129,
                                            "Plan Width": 4,
                                            "Actual Startup Time": 0.022,
                                            "Actual Total Time": 471.838,
                                            "Actual Rows": 5177763,
                                            "Actual Loops": 7,
                                            "Output": [
                                                "ci.id",
                                                "ci.person_id",
                                                "ci.movie_id",
                                                "ci.person_role_id",
                                                "ci.note",
                                                "ci.nr_order",
                                                "ci.role_id"
                                            ],
                                            "Workers": [
                                                {
                                                    "Worker Number": 0,
                                                    "Actual Startup Time": 0.024,
                                                    "Actual Total Time": 479.831,
                                                    "Actual Rows": 5372343,
                                                    "Actual Loops": 1
                                                },
                                                {
                                                    "Worker Number": 1,
                                                    "Actual Startup Time": 0.022,
                                                    "Actual Total Time": 478.883,
                                                    "Actual Rows": 5393529,
                                                    "Actual Loops": 1
                                                },
                                                {
                                                    "Worker Number": 2,
                                                    "Actual Startup Time": 0.027,
                                                    "Actual Total Time": 500.198,
                                                    "Actual Rows": 5441527,
                                                    "Actual Loops": 1
                                                },
                                                {
                                                    "Worker Number": 3,
                                                    "Actual Startup Time": 0.021,
                                                    "Actual Total Time": 481.513,
                                                    "Actual Rows": 5369394,
                                                    "Actual Loops": 1
                                                },
                                                {
                                                    "Worker Number": 4,
                                                    "Actual Startup Time": 0.024,
                                                    "Actual Total Time": 479.73,
                                                    "Actual Rows": 5407847,
                                                    "Actual Loops": 1
                                                },
                                                {
                                                    "Worker Number": 5,
                                                    "Actual Startup Time": 0.027,
                                                    "Actual Total Time": 479.512,
                                                    "Actual Rows": 5328393,
                                                    "Actual Loops": 1
                                                }
                                            ]
                                        },
                                        {
                                            "Node Type": "Hash",
                                            "Parent Relationship": "Inner",
                                            "Parallel Aware": true,
                                            "Startup Cost": 91718.36,
                                            "Total Cost": 91718.36,
                                            "Plan Rows": 150916,
                                            "Plan Width": 8,
                                            "Actual Startup Time": 273.614,
                                            "Actual Total Time": 273.617,
                                            "Actual Rows": 137851,
                                            "Actual Loops": 7,
                                            "Output": [
                                                "t.id",
                                                "mk.movie_id"
                                            ],
                                            "Hash Buckets": 1048576,
                                            "Original Hash Buckets": 524288,
                                            "Hash Batches": 1,
                                            "Original Hash Batches": 1,
                                            "Peak Memory Usage": 50144,
                                            "Workers": [
                                                {
                                                    "Worker Number": 0,
                                                    "Actual Startup Time": 271.092,
                                                    "Actual Total Time": 271.094,
                                                    "Actual Rows": 141157,
                                                    "Actual Loops": 1
                                                },
                                                {
                                                    "Worker Number": 1,
                                                    "Actual Startup Time": 271.047,
                                                    "Actual Total Time": 271.05,
                                                    "Actual Rows": 140823,
                                                    "Actual Loops": 1
                                                },
                                                {
                                                    "Worker Number": 2,
                                                    "Actual Startup Time": 271.194,
                                                    "Actual Total Time": 271.197,
                                                    "Actual Rows": 145389,
                                                    "Actual Loops": 1
                                                },
                                                {
                                                    "Worker Number": 3,
                                                    "Actual Startup Time": 274.91,
                                                    "Actual Total Time": 274.914,
                                                    "Actual Rows": 139212,
                                                    "Actual Loops": 1
                                                },
                                                {
                                                    "Worker Number": 4,
                                                    "Actual Startup Time": 274.724,
                                                    "Actual Total Time": 274.727,
                                                    "Actual Rows": 143899,
                                                    "Actual Loops": 1
                                                },
                                                {
                                                    "Worker Number": 5,
                                                    "Actual Startup Time": 274.919,
                                                    "Actual Total Time": 274.922,
                                                    "Actual Rows": 142040,
                                                    "Actual Loops": 1
                                                }
                                            ],
                                            "Plans": [
                                                {
                                                    "Node Type": "Hash Join",
                                                    "Parent Relationship": "Outer",
                                                    "Parallel Aware": true,
                                                    "Join Type": "Inner",
                                                    "Startup Cost": 47346.36,
                                                    "Total Cost": 91718.36,
                                                    "Plan Rows": 150916,
                                                    "Plan Width": 8,
                                                    "Actual Startup Time": 132.045,
                                                    "Actual Total Time": 222.979,
                                                    "Actual Rows": 137851,
                                                    "Actual Loops": 7,
                                                    "Output": [
                                                        "t.id",
                                                        "mk.movie_id"
                                                    ],
                                                    "Inner Unique": true,
                                                    "Hash Cond": "(mk.movie_id = t.id)",
                                                    "Workers": [
                                                        {
                                                            "Worker Number": 0,
                                                            "Actual Startup Time": 129.476,
                                                            "Actual Total Time": 220.737,
                                                            "Actual Rows": 141157,
                                                            "Actual Loops": 1
                                                        },
                                                        {
                                                            "Worker Number": 1,
                                                            "Actual Startup Time": 129.497,
                                                            "Actual Total Time": 221.014,
                                                            "Actual Rows": 140823,
                                                            "Actual Loops": 1
                                                        },
                                                        {
                                                            "Worker Number": 2,
                                                            "Actual Startup Time": 129.622,
                                                            "Actual Total Time": 220.132,
                                                            "Actual Rows": 145389,
                                                            "Actual Loops": 1
                                                        },
                                                        {
                                                            "Worker Number": 3,
                                                            "Actual Startup Time": 133.296,
                                                            "Actual Total Time": 223.938,
                                                            "Actual Rows": 139212,
                                                            "Actual Loops": 1
                                                        },
                                                        {
                                                            "Worker Number": 4,
                                                            "Actual Startup Time": 133.235,
                                                            "Actual Total Time": 225.218,
                                                            "Actual Rows": 143899,
                                                            "Actual Loops": 1
                                                        },
                                                        {
                                                            "Worker Number": 5,
                                                            "Actual Startup Time": 133.303,
                                                            "Actual Total Time": 224.302,
                                                            "Actual Rows": 142040,
                                                            "Actual Loops": 1
                                                        }
                                                    ],
                                                    "Plans": [
                                                        {
                                                            "Node Type": "Seq Scan",
                                                            "Parent Relationship": "Outer",
                                                            "Parallel Aware": true,
                                                            "Relation Name": "movie_keyword",
                                                            "Schema": "public",
                                                            "Alias": "mk",
                                                            "Startup Cost": 0.0,
                                                            "Total Cost": 42695.65,
                                                            "Plan Rows": 638611,
                                                            "Plan Width": 4,
                                                            "Actual Startup Time": 0.272,
                                                            "Actual Total Time": 67.098,
                                                            "Actual Rows": 280187,
                                                            "Actual Loops": 7,
                                                            "Output": [
                                                                "mk.id",
                                                                "mk.movie_id",
                                                                "mk.keyword_id"
                                                            ],
                                                            "Filter": "(mk.keyword_id > 6498)",
                                                            "Rows Removed by Filter": 366089,
                                                            "Workers": [
                                                                {
                                                                    "Worker Number": 0,
                                                                    "Actual Startup Time": 0.271,
                                                                    "Actual Total Time": 67.933,
                                                                    "Actual Rows": 287132,
                                                                    "Actual Loops": 1
                                                                },
                                                                {
                                                                    "Worker Number": 1,
                                                                    "Actual Startup Time": 0.266,
                                                                    "Actual Total Time": 68.034,
                                                                    "Actual Rows": 288847,
                                                                    "Actual Loops": 1
                                                                },
                                                                {
                                                                    "Worker Number": 2,
                                                                    "Actual Startup Time": 0.286,
                                                                    "Actual Total Time": 67.373,
                                                                    "Actual Rows": 296056,
                                                                    "Actual Loops": 1
                                                                },
                                                                {
                                                                    "Worker Number": 3,
                                                                    "Actual Startup Time": 0.276,
                                                                    "Actual Total Time": 67.471,
                                                                    "Actual Rows": 284260,
                                                                    "Actual Loops": 1
                                                                },
                                                                {
                                                                    "Worker Number": 4,
                                                                    "Actual Startup Time": 0.273,
                                                                    "Actual Total Time": 68.207,
                                                                    "Actual Rows": 290165,
                                                                    "Actual Loops": 1
                                                                },
                                                                {
                                                                    "Worker Number": 5,
                                                                    "Actual Startup Time": 0.264,
                                                                    "Actual Total Time": 67.847,
                                                                    "Actual Rows": 286859,
                                                                    "Actual Loops": 1
                                                                }
                                                            ]
                                                        },
                                                        {
                                                            "Node Type": "Hash",
                                                            "Parent Relationship": "Inner",
                                                            "Parallel Aware": true,
                                                            "Startup Cost": 45479.21,
                                                            "Total Cost": 45479.21,
                                                            "Plan Rows": 149372,
                                                            "Plan Width": 4,
                                                            "Actual Startup Time": 111.037,
                                                            "Actual Total Time": 111.038,
                                                            "Actual Rows": 68445,
                                                            "Actual Loops": 7,
                                                            "Output": [
                                                                "t.id"
                                                            ],
                                                            "Hash Buckets": 1048576,
                                                            "Original Hash Buckets": 1048576,
                                                            "Hash Batches": 1,
                                                            "Original Hash Batches": 1,
                                                            "Peak Memory Usage": 27040,
                                                            "Workers": [
                                                                {
                                                                    "Worker Number": 0,
                                                                    "Actual Startup Time": 109.89,
                                                                    "Actual Total Time": 109.891,
                                                                    "Actual Rows": 68227,
                                                                    "Actual Loops": 1
                                                                },
                                                                {
                                                                    "Worker Number": 1,
                                                                    "Actual Startup Time": 109.892,
                                                                    "Actual Total Time": 109.893,
                                                                    "Actual Rows": 69530,
                                                                    "Actual Loops": 1
                                                                },
                                                                {
                                                                    "Worker Number": 2,
                                                                    "Actual Startup Time": 110.039,
                                                                    "Actual Total Time": 110.04,
                                                                    "Actual Rows": 70872,
                                                                    "Actual Loops": 1
                                                                },
                                                                {
                                                                    "Worker Number": 3,
                                                                    "Actual Startup Time": 113.744,
                                                                    "Actual Total Time": 113.746,
                                                                    "Actual Rows": 68273,
                                                                    "Actual Loops": 1
                                                                },
                                                                {
                                                                    "Worker Number": 4,
                                                                    "Actual Startup Time": 113.672,
                                                                    "Actual Total Time": 113.673,
                                                                    "Actual Rows": 69885,
                                                                    "Actual Loops": 1
                                                                },
                                                                {
                                                                    "Worker Number": 5,
                                                                    "Actual Startup Time": 113.729,
                                                                    "Actual Total Time": 113.73,
                                                                    "Actual Rows": 68388,
                                                                    "Actual Loops": 1
                                                                }
                                                            ],
                                                            "Plans": [
                                                                {
                                                                    "Node Type": "Seq Scan",
                                                                    "Parent Relationship": "Outer",
                                                                    "Parallel Aware": true,
                                                                    "Relation Name": "title",
                                                                    "Schema": "public",
                                                                    "Alias": "t",
                                                                    "Startup Cost": 0.0,
                                                                    "Total Cost": 45479.21,
                                                                    "Plan Rows": 149372,
                                                                    "Plan Width": 4,
                                                                    "Actual Startup Time": 43.877,
                                                                    "Actual Total Time": 79.242,
                                                                    "Actual Rows": 68445,
                                                                    "Actual Loops": 7,
                                                                    "Output": [
                                                                        "t.id"
                                                                    ],
                                                                    "Filter": "((t.production_year > 1955) AND (t.kind_id = 1))",
                                                                    "Rows Removed by Filter": 292743,
                                                                    "Workers": [
                                                                        {
                                                                            "Worker Number": 0,
                                                                            "Actual Startup Time": 50.391,
                                                                            "Actual Total Time": 79.508,
                                                                            "Actual Rows": 68227,
                                                                            "Actual Loops": 1
                                                                        },
                                                                        {
                                                                            "Worker Number": 1,
                                                                            "Actual Startup Time": 50.265,
                                                                            "Actual Total Time": 79.755,
                                                                            "Actual Rows": 69530,
                                                                            "Actual Loops": 1
                                                                        },
                                                                        {
                                                                            "Worker Number": 2,
                                                                            "Actual Startup Time": 50.412,
                                                                            "Actual Total Time": 79.003,
                                                                            "Actual Rows": 70872,
                                                                            "Actual Loops": 1
                                                                        },
                                                                        {
                                                                            "Worker Number": 3,
                                                                            "Actual Startup Time": 5.072,
                                                                            "Actual Total Time": 80.016,
                                                                            "Actual Rows": 68273,
                                                                            "Actual Loops": 1
                                                                        },
                                                                        {
                                                                            "Worker Number": 4,
                                                                            "Actual Startup Time": 50.189,
                                                                            "Actual Total Time": 79.894,
                                                                            "Actual Rows": 69885,
                                                                            "Actual Loops": 1
                                                                        },
                                                                        {
                                                                            "Worker Number": 5,
                                                                            "Actual Startup Time": 50.505,
                                                                            "Actual Total Time": 79.675,
                                                                            "Actual Rows": 68388,
                                                                            "Actual Loops": 1
                                                                        }
                                                                    ]
                                                                }
                                                            ]
                                                        }
                                                    ]
                                                }
                                            ]
                                        }
                                    ]
                                }
                            ]
                        }
                    ]
                }
            ]
        },
        "Planning Time": 266.369,
        "Triggers": [],
        "Execution Time": 2771.75
    }
]