{
    "Plan": {
        "Node Type": "Aggregate",
        "Strategy": "Plain",
        "Partial Mode": "Finalize",
        "Parallel Aware": false,
        "Startup Cost": 109314.53,
        "Total Cost": 109314.54,
        "Plan Rows": 1,
        "Plan Width": 8,
        "Actual Startup Time": 484.888,
        "Actual Total Time": 506.629,
        "Actual Rows": 1,
        "Actual Loops": 1,
        "Output": [
            "count(*)"
        ],
        "Plans": [
            {
                "Node Type": "Gather",
                "Parent Relationship": "Outer",
                "Parallel Aware": false,
                "Startup Cost": 109314.21,
                "Total Cost": 109314.52,
                "Plan Rows": 3,
                "Plan Width": 8,
                "Actual Startup Time": 482.718,
                "Actual Total Time": 506.618,
                "Actual Rows": 4,
                "Actual Loops": 1,
                "Output": [
                    "(PARTIAL count(*))"
                ],
                "Workers Planned": 3,
                "Workers Launched": 3,
                "Single Copy": false,
                "Plans": [
                    {
                        "Node Type": "Aggregate",
                        "Strategy": "Plain",
                        "Partial Mode": "Partial",
                        "Parent Relationship": "Outer",
                        "Parallel Aware": false,
                        "Startup Cost": 108314.21,
                        "Total Cost": 108314.22,
                        "Plan Rows": 1,
                        "Plan Width": 8,
                        "Actual Startup Time": 473.078,
                        "Actual Total Time": 473.082,
                        "Actual Rows": 1,
                        "Actual Loops": 4,
                        "Output": [
                            "PARTIAL count(*)"
                        ],
                        "Workers": [
                            {
                                "Worker Number": 0,
                                "Actual Startup Time": 470.368,
                                "Actual Total Time": 470.372,
                                "Actual Rows": 1,
                                "Actual Loops": 1
                            },
                            {
                                "Worker Number": 1,
                                "Actual Startup Time": 470.161,
                                "Actual Total Time": 470.165,
                                "Actual Rows": 1,
                                "Actual Loops": 1
                            },
                            {
                                "Worker Number": 2,
                                "Actual Startup Time": 470.167,
                                "Actual Total Time": 470.17,
                                "Actual Rows": 1,
                                "Actual Loops": 1
                            }
                        ],
                        "Plans": [
                            {
                                "Node Type": "Hash Join",
                                "Parent Relationship": "Outer",
                                "Parallel Aware": true,
                                "Join Type": "Inner",
                                "Startup Cost": 82421.92,
                                "Total Cost": 108242.61,
                                "Plan Rows": 28641,
                                "Plan Width": 0,
                                "Actual Startup Time": 323.887,
                                "Actual Total Time": 467.497,
                                "Actual Rows": 79899,
                                "Actual Loops": 4,
                                "Inner Unique": true,
                                "Hash Cond": "(mc.movie_id = t.id)",
                                "Workers": [
                                    {
                                        "Worker Number": 0,
                                        "Actual Startup Time": 320.994,
                                        "Actual Total Time": 464.844,
                                        "Actual Rows": 80126,
                                        "Actual Loops": 1
                                    },
                                    {
                                        "Worker Number": 1,
                                        "Actual Startup Time": 321.337,
                                        "Actual Total Time": 464.625,
                                        "Actual Rows": 80158,
                                        "Actual Loops": 1
                                    },
                                    {
                                        "Worker Number": 2,
                                        "Actual Startup Time": 320.583,
                                        "Actual Total Time": 464.728,
                                        "Actual Rows": 80842,
                                        "Actual Loops": 1
                                    }
                                ],
                                "Plans": [
                                    {
                                        "Node Type": "Bitmap Heap Scan",
                                        "Parent Relationship": "Outer",
                                        "Parallel Aware": true,
                                        "Relation Name": "movie_companies",
                                        "Schema": "public",
                                        "Alias": "mc",
                                        "Startup Cost": 23868.5,
                                        "Total Cost": 49095.05,
                                        "Plan Rows": 226338,
                                        "Plan Width": 4,
                                        "Actual Startup Time": 73.035,
                                        "Actual Total Time": 145.105,
                                        "Actual Rows": 233897,
                                        "Actual Loops": 4,
                                        "Output": [
                                            "mc.id",
                                            "mc.movie_id",
                                            "mc.company_id",
                                            "mc.company_type_id",
                                            "mc.note"
                                        ],
                                        "Recheck Cond": "(mc.company_type_id > 1)",
                                        "Rows Removed by Index Recheck": 0,
                                        "Filter": "(mc.company_id > 11137)",
                                        "Rows Removed by Filter": 99824,
                                        "Exact Heap Blocks": 1826,
                                        "Lossy Heap Blocks": 0,
                                        "Workers": [
                                            {
                                                "Worker Number": 0,
                                                "Actual Startup Time": 73.113,
                                                "Actual Total Time": 145.472,
                                                "Actual Rows": 231367,
                                                "Actual Loops": 1
                                            },
                                            {
                                                "Worker Number": 1,
                                                "Actual Startup Time": 73.101,
                                                "Actual Total Time": 145.773,
                                                "Actual Rows": 229383,
                                                "Actual Loops": 1
                                            },
                                            {
                                                "Worker Number": 2,
                                                "Actual Startup Time": 72.836,
                                                "Actual Total Time": 144.909,
                                                "Actual Rows": 247369,
                                                "Actual Loops": 1
                                            }
                                        ],
                                        "Plans": [
                                            {
                                                "Node Type": "Bitmap Index Scan",
                                                "Parent Relationship": "Outer",
                                                "Parallel Aware": false,
                                                "Index Name": "company_type_id_movie_companies",
                                                "Startup Cost": 0.0,
                                                "Total Cost": 23693.09,
                                                "Plan Rows": 1330221,
                                                "Plan Width": 0,
                                                "Actual Startup Time": 71.139,
                                                "Actual Total Time": 71.139,
                                                "Actual Rows": 1334883,
                                                "Actual Loops": 1,
                                                "Index Cond": "(mc.company_type_id > 1)",
                                                "Workers": [
                                                    {
                                                        "Worker Number": 2,
                                                        "Actual Startup Time": 71.139,
                                                        "Actual Total Time": 71.139,
                                                        "Actual Rows": 1334883,
                                                        "Actual Loops": 1
                                                    }
                                                ]
                                            }
                                        ]
                                    },
                                    {
                                        "Node Type": "Hash",
                                        "Parent Relationship": "Inner",
                                        "Parallel Aware": true,
                                        "Startup Cost": 57553.62,
                                        "Total Cost": 57553.62,
                                        "Plan Rows": 79984,
                                        "Plan Width": 4,
                                        "Actual Startup Time": 247.942,
                                        "Actual Total Time": 247.943,
                                        "Actual Rows": 108340,
                                        "Actual Loops": 4,
                                        "Output": [
                                            "t.id"
                                        ],
                                        "Hash Buckets": 524288,
                                        "Original Hash Buckets": 524288,
                                        "Hash Batches": 1,
                                        "Original Hash Batches": 1,
                                        "Peak Memory Usage": 21120,
                                        "Workers": [
                                            {
                                                "Worker Number": 0,
                                                "Actual Startup Time": 247.228,
                                                "Actual Total Time": 247.23,
                                                "Actual Rows": 107688,
                                                "Actual Loops": 1
                                            },
                                            {
                                                "Worker Number": 1,
                                                "Actual Startup Time": 247.284,
                                                "Actual Total Time": 247.285,
                                                "Actual Rows": 108046,
                                                "Actual Loops": 1
                                            },
                                            {
                                                "Worker Number": 2,
                                                "Actual Startup Time": 247.284,
                                                "Actual Total Time": 247.284,
                                                "Actual Rows": 106548,
                                                "Actual Loops": 1
                                            }
                                        ],
                                        "Plans": [
                                            {
                                                "Node Type": "Bitmap Heap Scan",
                                                "Parent Relationship": "Outer",
                                                "Parallel Aware": true,
                                                "Relation Name": "title",
                                                "Schema": "public",
                                                "Alias": "t",
                                                "Startup Cost": 17822.55,
                                                "Total Cost": 57553.62,
                                                "Plan Rows": 79984,
                                                "Plan Width": 4,
                                                "Actual Startup Time": 73.447,
                                                "Actual Total Time": 206.892,
                                                "Actual Rows": 108340,
                                                "Actual Loops": 4,
                                                "Output": [
                                                    "t.id"
                                                ],
                                                "Recheck Cond": "(t.kind_id < 7)",
                                                "Rows Removed by Index Recheck": 0,
                                                "Filter": "(t.production_year < 1995)",
                                                "Rows Removed by Filter": 137922,
                                                "Exact Heap Blocks": 10563,
                                                "Lossy Heap Blocks": 0,
                                                "Workers": [
                                                    {
                                                        "Worker Number": 0,
                                                        "Actual Startup Time": 72.736,
                                                        "Actual Total Time": 205.893,
                                                        "Actual Rows": 107688,
                                                        "Actual Loops": 1
                                                    },
                                                    {
                                                        "Worker Number": 1,
                                                        "Actual Startup Time": 72.739,
                                                        "Actual Total Time": 206.144,
                                                        "Actual Rows": 108046,
                                                        "Actual Loops": 1
                                                    },
                                                    {
                                                        "Worker Number": 2,
                                                        "Actual Startup Time": 73.122,
                                                        "Actual Total Time": 206.059,
                                                        "Actual Rows": 106548,
                                                        "Actual Loops": 1
                                                    }
                                                ],
                                                "Plans": [
                                                    {
                                                        "Node Type": "Bitmap Index Scan",
                                                        "Parent Relationship": "Outer",
                                                        "Parallel Aware": false,
                                                        "Index Name": "kind_id_title",
                                                        "Startup Cost": 0.0,
                                                        "Total Cost": 17742.57,
                                                        "Plan Rows": 995485,
                                                        "Plan Width": 0,
                                                        "Actual Startup Time": 65.98,
                                                        "Actual Total Time": 65.98,
                                                        "Actual Rows": 985048,
                                                        "Actual Loops": 1,
                                                        "Index Cond": "(t.kind_id < 7)"
                                                    }
                                                ]
                                            }
                                        ]
                                    }
                                ]
                            }
                        ]
                    }
                ]
            }
        ]
    },
    "Planning Time": 2.531,
    "Triggers": [],
    "Execution Time": 507.034
}