[
  {
    "Plan": {
      "Node Type": "Aggregate",
      "Strategy": "Plain",
      "Partial Mode": "Finalize",
      "Parallel Aware": false,
      "Startup Cost": 160971.24,
      "Total Cost": 160971.25,
      "Plan Rows": 1,
      "Plan Width": 8,
      "Actual Startup Time": 119.536,
      "Actual Total Time": 138.059,
      "Actual Rows": 1,
      "Actual Loops": 1,
      "Plans": [
        {
          "Node Type": "Gather",
          "Parent Relationship": "Outer",
          "Parallel Aware": false,
          "Startup Cost": 160970.82,
          "Total Cost": 160971.23,
          "Plan Rows": 4,
          "Plan Width": 8,
          "Actual Startup Time": 119.371,
          "Actual Total Time": 138.046,
          "Actual Rows": 5,
          "Actual Loops": 1,
          "Workers Planned": 4,
          "Workers Launched": 4,
          "Single Copy": false,
          "Plans": [
            {
              "Node Type": "Aggregate",
              "Strategy": "Plain",
              "Partial Mode": "Partial",
              "Parent Relationship": "Outer",
              "Parallel Aware": false,
              "Startup Cost": 159970.82,
              "Total Cost": 159970.83,
              "Plan Rows": 1,
              "Plan Width": 8,
              "Actual Startup Time": 112.723,
              "Actual Total Time": 112.725,
              "Actual Rows": 1,
              "Actual Loops": 5,
              "Plans": [
                {
                  "Node Type": "Nested Loop",
                  "Parent Relationship": "Outer",
                  "Parallel Aware": false,
                  "Join Type": "Inner",
                  "Startup Cost": 0.43,
                  "Total Cost": 159956.77,
                  "Plan Rows": 5619,
                  "Plan Width": 0,
                  "Actual Startup Time": 56.587,
                  "Actual Total Time": 111.954,
                  "Actual Rows": 9838,
                  "Actual Loops": 5,
                  "Inner Unique": false,
                  "Plans": [
                    {
                      "Node Type": "Seq Scan",
                      "Parent Relationship": "Outer",
                      "Parallel Aware": true,
                      "Relation Name": "title",
                      "Alias": "t",
                      "Startup Cost": 0.0,
                      "Total Cost": 45479.59,
                      "Plan Rows": 1018,
                      "Plan Width": 4,
                      "Actual Startup Time": 56.48,
                      "Actual Total Time": 79.375,
                      "Actual Rows": 921,
                      "Actual Loops": 5,
                      "Filter": "((kind_id = 1) AND (production_year = 1970))",
                      "Rows Removed by Filter": 504741
                    },
                    {
                      "Node Type": "Index Scan",
                      "Parent Relationship": "Inner",
                      "Parallel Aware": false,
                      "Scan Direction": "Forward",
                      "Index Name": "movie_id_movie_info",
                      "Relation Name": "movie_info",
                      "Alias": "mi",
                      "Startup Cost": 0.43,
                      "Total Cost": 112.06,
                      "Plan Rows": 39,
                      "Plan Width": 4,
                      "Actual Startup Time": 0.011,
                      "Actual Total Time": 0.034,
                      "Actual Rows": 11,
                      "Actual Loops": 4606,
                      "Index Cond": "(movie_id = t.id)",
                      "Rows Removed by Index Recheck": 0,
                      "Filter": "(info_type_id < 98)",
                      "Rows Removed by Filter": 0
                    }
                  ]
                }
              ]
            }
          ]
        }
      ]
    },
    "Planning Time": 0.613,
    "Triggers": [],
    "Execution Time": 138.139
  }
]