[
  {
    "Plan": {
      "Node Type": "Aggregate",
      "Strategy": "Plain",
      "Partial Mode": "Finalize",
      "Parallel Aware": false,
      "Startup Cost": 392308.92,
      "Total Cost": 392308.93,
      "Plan Rows": 1,
      "Plan Width": 8,
      "Actual Startup Time": 2055.076,
      "Actual Total Time": 2106.061,
      "Actual Rows": 1,
      "Actual Loops": 1,
      "Plans": [
        {
          "Node Type": "Gather",
          "Parent Relationship": "Outer",
          "Parallel Aware": false,
          "Startup Cost": 392308.7,
          "Total Cost": 392308.91,
          "Plan Rows": 2,
          "Plan Width": 8,
          "Actual Startup Time": 2027.905,
          "Actual Total Time": 2106.048,
          "Actual Rows": 3,
          "Actual Loops": 1,
          "Workers Planned": 2,
          "Workers Launched": 2,
          "Single Copy": false,
          "Plans": [
            {
              "Node Type": "Aggregate",
              "Strategy": "Plain",
              "Partial Mode": "Partial",
              "Parent Relationship": "Outer",
              "Parallel Aware": false,
              "Startup Cost": 391308.7,
              "Total Cost": 391308.71,
              "Plan Rows": 1,
              "Plan Width": 8,
              "Actual Startup Time": 2019.398,
              "Actual Total Time": 2020.021,
              "Actual Rows": 1,
              "Actual Loops": 3,
              "Plans": [
                {
                  "Node Type": "Hash Join",
                  "Parent Relationship": "Outer",
                  "Parallel Aware": true,
                  "Join Type": "Inner",
                  "Startup Cost": 373292.81,
                  "Total Cost": 390004.04,
                  "Plan Rows": 521865,
                  "Plan Width": 0,
                  "Actual Startup Time": 1692.507,
                  "Actual Total Time": 1964.301,
                  "Actual Rows": 990816,
                  "Actual Loops": 3,
                  "Inner Unique": false,
                  "Hash Cond": "(mi_idx.movie_id = t.id)",
                  "Plans": [
                    {
                      "Node Type": "Seq Scan",
                      "Parent Relationship": "Outer",
                      "Parallel Aware": true,
                      "Relation Name": "movie_info_idx",
                      "Alias": "mi_idx",
                      "Startup Cost": 0.0,
                      "Total Cost": 13685.15,
                      "Plan Rows": 575015,
                      "Plan Width": 4,
                      "Actual Startup Time": 0.018,
                      "Actual Total Time": 46.854,
                      "Actual Rows": 460012,
                      "Actual Loops": 3
                    },
                    {
                      "Node Type": "Hash",
                      "Parent Relationship": "Inner",
                      "Parallel Aware": true,
                      "Startup Cost": 368512.15,
                      "Total Cost": 368512.15,
                      "Plan Rows": 382453,
                      "Plan Width": 8,
                      "Actual Startup Time": 1682.874,
                      "Actual Total Time": 1683.495,
                      "Actual Rows": 872326,
                      "Actual Loops": 3,
                      "Hash Buckets": 4194304,
                      "Original Hash Buckets": 4194304,
                      "Hash Batches": 1,
                      "Original Hash Batches": 1,
                      "Peak Memory Usage": 135200,
                      "Plans": [
                        {
                          "Node Type": "Hash Join",
                          "Parent Relationship": "Outer",
                          "Parallel Aware": true,
                          "Join Type": "Inner",
                          "Startup Cost": 108241.56,
                          "Total Cost": 368512.15,
                          "Plan Rows": 382453,
                          "Plan Width": 8,
                          "Actual Startup Time": 617.227,
                          "Actual Total Time": 1319.448,
                          "Actual Rows": 872326,
                          "Actual Loops": 3,
                          "Inner Unique": true,
                          "Hash Cond": "(ci.movie_id = t.id)",
                          "Plans": [
                            {
                              "Node Type": "Bitmap Heap Scan",
                              "Parent Relationship": "Outer",
                              "Parallel Aware": true,
                              "Relation Name": "cast_info",
                              "Alias": "ci",
                              "Startup Cost": 58021.18,
                              "Total Cost": 317287.82,
                              "Plan Rows": 382453,
                              "Plan Width": 4,
                              "Actual Startup Time": 142.768,
                              "Actual Total Time": 354.271,
                              "Actual Rows": 872326,
                              "Actual Loops": 3,
                              "Recheck Cond": "(person_id < 262196)",
                              "Rows Removed by Index Recheck": 0,
                              "Filter": "(role_id < 10)",
                              "Rows Removed by Filter": 38812,
                              "Exact Heap Blocks": 9456,
                              "Lossy Heap Blocks": 0,
                              "Plans": [
                                {
                                  "Node Type": "Bitmap Index Scan",
                                  "Parent Relationship": "Outer",
                                  "Parallel Aware": false,
                                  "Index Name": "person_id_cast_info",
                                  "Startup Cost": 0.0,
                                  "Total Cost": 57447.5,
                                  "Plan Rows": 2631858,
                                  "Plan Width": 0,
                                  "Actual Startup Time": 135.226,
                                  "Actual Total Time": 135.226,
                                  "Actual Rows": 2733415,
                                  "Actual Loops": 1,
                                  "Index Cond": "(person_id < 262196)"
                                }
                              ]
                            },
                            {
                              "Node Type": "Hash",
                              "Parent Relationship": "Inner",
                              "Parallel Aware": true,
                              "Startup Cost": 42319.06,
                              "Total Cost": 42319.06,
                              "Plan Rows": 632106,
                              "Plan Width": 4,
                              "Actual Startup Time": 464.968,
                              "Actual Total Time": 464.969,
                              "Actual Rows": 842771,
                              "Actual Loops": 3,
                              "Hash Buckets": 4194304,
                              "Original Hash Buckets": 4194304,
                              "Hash Batches": 1,
                              "Original Hash Batches": 1,
                              "Peak Memory Usage": 131744,
                              "Plans": [
                                {
                                  "Node Type": "Seq Scan",
                                  "Parent Relationship": "Outer",
                                  "Parallel Aware": true,
                                  "Relation Name": "title",
                                  "Alias": "t",
                                  "Startup Cost": 0.0,
                                  "Total Cost": 42319.06,
                                  "Plan Rows": 632106,
                                  "Plan Width": 4,
                                  "Actual Startup Time": 0.036,
                                  "Actual Total Time": 137.103,
                                  "Actual Rows": 842771,
                                  "Actual Loops": 3
                                }
                              ]
                            }
                          ]
                        }
                      ]
                    }
                  ]
                }
              ]
            }
          ]
        }
      ]
    },
    "Planning Time": 0.517,
    "Triggers": [],
    "Execution Time": 2106.125
  }
]