[
  {
    "Plan": {
      "Node Type": "Aggregate",
      "Strategy": "Plain",
      "Partial Mode": "Finalize",
      "Parallel Aware": false,
      "Startup Cost": 33333.77,
      "Total Cost": 33333.78,
      "Plan Rows": 1,
      "Plan Width": 8,
      "Actual Startup Time": 81.385,
      "Actual Total Time": 87.739,
      "Actual Rows": 1,
      "Actual Loops": 1,
      "Plans": [
        {
          "Node Type": "Gather",
          "Parent Relationship": "Outer",
          "Parallel Aware": false,
          "Startup Cost": 33333.45,
          "Total Cost": 33333.76,
          "Plan Rows": 3,
          "Plan Width": 8,
          "Actual Startup Time": 81.303,
          "Actual Total Time": 87.734,
          "Actual Rows": 4,
          "Actual Loops": 1,
          "Workers Planned": 3,
          "Workers Launched": 3,
          "Single Copy": false,
          "Plans": [
            {
              "Node Type": "Aggregate",
              "Strategy": "Plain",
              "Partial Mode": "Partial",
              "Parent Relationship": "Outer",
              "Parallel Aware": false,
              "Startup Cost": 32333.45,
              "Total Cost": 32333.46,
              "Plan Rows": 1,
              "Plan Width": 8,
              "Actual Startup Time": 78.311,
              "Actual Total Time": 78.311,
              "Actual Rows": 1,
              "Actual Loops": 4,
              "Plans": [
                {
                  "Node Type": "Seq Scan",
                  "Parent Relationship": "Outer",
                  "Parallel Aware": true,
                  "Relation Name": "movie_companies",
                  "Alias": "mc",
                  "Startup Cost": 0.0,
                  "Total Cost": 31414.82,
                  "Plan Rows": 367453,
                  "Plan Width": 0,
                  "Actual Startup Time": 34.418,
                  "Actual Total Time": 68.349,
                  "Actual Rows": 238912,
                  "Actual Loops": 4,
                  "Filter": "((company_id < 84378) AND (company_type_id > 1))",
                  "Rows Removed by Filter": 413371
                }
              ]
            }
          ]
        }
      ]
    },
    "Planning Time": 0.1,
    "Triggers": [],
    "Execution Time": 87.769
  }
]