[
  {
    "Plan": {
      "Node Type": "Aggregate",
      "Strategy": "Plain",
      "Partial Mode": "Finalize",
      "Parallel Aware": false,
      "Startup Cost": 297031.59,
      "Total Cost": 297031.6,
      "Plan Rows": 1,
      "Plan Width": 8,
      "Actual Startup Time": 181.738,
      "Actual Total Time": 193.364,
      "Actual Rows": 1,
      "Actual Loops": 1,
      "Plans": [
        {
          "Node Type": "Gather",
          "Parent Relationship": "Outer",
          "Parallel Aware": false,
          "Startup Cost": 297030.97,
          "Total Cost": 297031.58,
          "Plan Rows": 6,
          "Plan Width": 8,
          "Actual Startup Time": 181.358,
          "Actual Total Time": 193.34,
          "Actual Rows": 7,
          "Actual Loops": 1,
          "Workers Planned": 6,
          "Workers Launched": 6,
          "Single Copy": false,
          "Plans": [
            {
              "Node Type": "Aggregate",
              "Strategy": "Plain",
              "Partial Mode": "Partial",
              "Parent Relationship": "Outer",
              "Parallel Aware": false,
              "Startup Cost": 296030.97,
              "Total Cost": 296030.98,
              "Plan Rows": 1,
              "Plan Width": 8,
              "Actual Startup Time": 171.543,
              "Actual Total Time": 171.546,
              "Actual Rows": 1,
              "Actual Loops": 7,
              "Plans": [
                {
                  "Node Type": "Bitmap Heap Scan",
                  "Parent Relationship": "Outer",
                  "Parallel Aware": true,
                  "Relation Name": "cast_info",
                  "Alias": "ci",
                  "Startup Cost": 38935.33,
                  "Total Cost": 295296.2,
                  "Plan Rows": 293909,
                  "Plan Width": 0,
                  "Actual Startup Time": 77.792,
                  "Actual Total Time": 157.797,
                  "Actual Rows": 240356,
                  "Actual Loops": 7,
                  "Recheck Cond": "(person_id > 3728294)",
                  "Rows Removed by Index Recheck": 0,
                  "Exact Heap Blocks": 6089,
                  "Lossy Heap Blocks": 0,
                  "Plans": [
                    {
                      "Node Type": "Bitmap Index Scan",
                      "Parent Relationship": "Outer",
                      "Parallel Aware": false,
                      "Index Name": "person_id_cast_info",
                      "Startup Cost": 0.0,
                      "Total Cost": 38494.47,
                      "Plan Rows": 1763454,
                      "Plan Width": 0,
                      "Actual Startup Time": 82.779,
                      "Actual Total Time": 82.78,
                      "Actual Rows": 1682494,
                      "Actual Loops": 1,
                      "Index Cond": "(person_id > 3728294)"
                    }
                  ]
                }
              ]
            }
          ]
        }
      ]
    },
    "Planning Time": 0.21,
    "Triggers": [],
    "Execution Time": 193.438
  }
]