[
  {
    "Plan": {
      "Node Type": "Aggregate",
      "Strategy": "Plain",
      "Partial Mode": "Finalize",
      "Parallel Aware": false,
      "Startup Cost": 91499.57,
      "Total Cost": 91499.58,
      "Plan Rows": 1,
      "Plan Width": 8,
      "Actual Startup Time": 279.471,
      "Actual Total Time": 296.535,
      "Actual Rows": 1,
      "Actual Loops": 1,
      "Plans": [
        {
          "Node Type": "Gather",
          "Parent Relationship": "Outer",
          "Parallel Aware": false,
          "Startup Cost": 91499.25,
          "Total Cost": 91499.56,
          "Plan Rows": 3,
          "Plan Width": 8,
          "Actual Startup Time": 279.031,
          "Actual Total Time": 296.526,
          "Actual Rows": 4,
          "Actual Loops": 1,
          "Workers Planned": 3,
          "Workers Launched": 3,
          "Single Copy": false,
          "Plans": [
            {
              "Node Type": "Aggregate",
              "Strategy": "Plain",
              "Partial Mode": "Partial",
              "Parent Relationship": "Outer",
              "Parallel Aware": false,
              "Startup Cost": 90499.25,
              "Total Cost": 90499.26,
              "Plan Rows": 1,
              "Plan Width": 8,
              "Actual Startup Time": 270.556,
              "Actual Total Time": 270.559,
              "Actual Rows": 1,
              "Actual Loops": 4,
              "Plans": [
                {
                  "Node Type": "Hash Join",
                  "Parent Relationship": "Outer",
                  "Parallel Aware": true,
                  "Join Type": "Inner",
                  "Startup Cost": 45581.3,
                  "Total Cost": 90472.34,
                  "Plan Rows": 10766,
                  "Plan Width": 0,
                  "Actual Startup Time": 121.807,
                  "Actual Total Time": 270.423,
                  "Actual Rows": 1889,
                  "Actual Loops": 4,
                  "Inner Unique": true,
                  "Hash Cond": "(mk.movie_id = t.id)",
                  "Plans": [
                    {
                      "Node Type": "Seq Scan",
                      "Parent Relationship": "Outer",
                      "Parallel Aware": true,
                      "Relation Name": "movie_keyword",
                      "Alias": "mk",
                      "Startup Cost": 0.0,
                      "Total Cost": 42695.65,
                      "Plan Rows": 836338,
                      "Plan Width": 4,
                      "Actual Startup Time": 0.042,
                      "Actual Total Time": 104.493,
                      "Actual Rows": 650973,
                      "Actual Loops": 4,
                      "Filter": "(keyword_id < 7028)",
                      "Rows Removed by Filter": 480010
                    },
                    {
                      "Node Type": "Hash",
                      "Parent Relationship": "Inner",
                      "Parallel Aware": true,
                      "Startup Cost": 45479.59,
                      "Total Cost": 45479.59,
                      "Plan Rows": 8137,
                      "Plan Width": 4,
                      "Actual Startup Time": 119.676,
                      "Actual Total Time": 119.677,
                      "Actual Rows": 8792,
                      "Actual Loops": 4,
                      "Hash Buckets": 65536,
                      "Original Hash Buckets": 32768,
                      "Hash Batches": 1,
                      "Original Hash Batches": 1,
                      "Peak Memory Usage": 2240,
                      "Plans": [
                        {
                          "Node Type": "Seq Scan",
                          "Parent Relationship": "Outer",
                          "Parallel Aware": true,
                          "Relation Name": "title",
                          "Alias": "t",
                          "Startup Cost": 0.0,
                          "Total Cost": 45479.59,
                          "Plan Rows": 8137,
                          "Plan Width": 4,
                          "Actual Startup Time": 0.08,
                          "Actual Total Time": 92.435,
                          "Actual Rows": 8792,
                          "Actual Loops": 4,
                          "Filter": "((kind_id > 4) AND (production_year = 1999))",
                          "Rows Removed by Filter": 623286
                        }
                      ]
                    }
                  ]
                }
              ]
            }
          ]
        }
      ]
    },
    "Planning Time": 0.657,
    "Triggers": [],
    "Execution Time": 296.602
  }
]