[
    {
        "Bao": {
            "Bao prediction": "NaN",
            "Bao recommended hint": "(no hint)"
        }
    },
    {
        "Plan": {
            "Node Type": "Aggregate",
            "Strategy": "Plain",
            "Partial Mode": "Finalize",
            "Parallel Aware": false,
            "Startup Cost": 67745.03,
            "Total Cost": 67745.04,
            "Plan Rows": 1,
            "Plan Width": 8,
            "Actual Startup Time": 130.758,
            "Actual Total Time": 138.406,
            "Actual Rows": 1,
            "Actual Loops": 1,
            "Output": [
                "count(*)"
            ],
            "Plans": [
                {
                    "Node Type": "Gather",
                    "Parent Relationship": "Outer",
                    "Parallel Aware": false,
                    "Startup Cost": 67744.61,
                    "Total Cost": 67745.02,
                    "Plan Rows": 4,
                    "Plan Width": 8,
                    "Actual Startup Time": 129.807,
                    "Actual Total Time": 138.398,
                    "Actual Rows": 5,
                    "Actual Loops": 1,
                    "Output": [
                        "(PARTIAL count(*))"
                    ],
                    "Workers Planned": 4,
                    "Workers Launched": 4,
                    "Single Copy": false,
                    "Plans": [
                        {
                            "Node Type": "Aggregate",
                            "Strategy": "Plain",
                            "Partial Mode": "Partial",
                            "Parent Relationship": "Outer",
                            "Parallel Aware": false,
                            "Startup Cost": 66744.61,
                            "Total Cost": 66744.62,
                            "Plan Rows": 1,
                            "Plan Width": 8,
                            "Actual Startup Time": 119.921,
                            "Actual Total Time": 119.927,
                            "Actual Rows": 1,
                            "Actual Loops": 5,
                            "Output": [
                                "PARTIAL count(*)"
                            ],
                            "Workers": [
                                {
                                    "Worker Number": 0,
                                    "Actual Startup Time": 117.356,
                                    "Actual Total Time": 117.359,
                                    "Actual Rows": 1,
                                    "Actual Loops": 1
                                },
                                {
                                    "Worker Number": 1,
                                    "Actual Startup Time": 117.315,
                                    "Actual Total Time": 117.328,
                                    "Actual Rows": 1,
                                    "Actual Loops": 1
                                },
                                {
                                    "Worker Number": 2,
                                    "Actual Startup Time": 117.346,
                                    "Actual Total Time": 117.348,
                                    "Actual Rows": 1,
                                    "Actual Loops": 1
                                },
                                {
                                    "Worker Number": 3,
                                    "Actual Startup Time": 118.196,
                                    "Actual Total Time": 118.2,
                                    "Actual Rows": 1,
                                    "Actual Loops": 1
                                }
                            ],
                            "Plans": [
                                {
                                    "Node Type": "Hash Join",
                                    "Parent Relationship": "Outer",
                                    "Parallel Aware": true,
                                    "Join Type": "Inner",
                                    "Startup Cost": 20772.6,
                                    "Total Cost": 66738.31,
                                    "Plan Rows": 2522,
                                    "Plan Width": 0,
                                    "Actual Startup Time": 85.731,
                                    "Actual Total Time": 119.481,
                                    "Actual Rows": 5937,
                                    "Actual Loops": 5,
                                    "Inner Unique": false,
                                    "Hash Cond": "(t.id = mc.movie_id)",
                                    "Workers": [
                                        {
                                            "Worker Number": 0,
                                            "Actual Startup Time": 73.616,
                                            "Actual Total Time": 116.9,
                                            "Actual Rows": 4323,
                                            "Actual Loops": 1
                                        },
                                        {
                                            "Worker Number": 1,
                                            "Actual Startup Time": 89.429,
                                            "Actual Total Time": 116.86,
                                            "Actual Rows": 4422,
                                            "Actual Loops": 1
                                        },
                                        {
                                            "Worker Number": 2,
                                            "Actual Startup Time": 82.546,
                                            "Actual Total Time": 116.931,
                                            "Actual Rows": 7035,
                                            "Actual Loops": 1
                                        },
                                        {
                                            "Worker Number": 3,
                                            "Actual Startup Time": 90.292,
                                            "Actual Total Time": 117.722,
                                            "Actual Rows": 4382,
                                            "Actual Loops": 1
                                        }
                                    ],
                                    "Plans": [
                                        {
                                            "Node Type": "Seq Scan",
                                            "Parent Relationship": "Outer",
                                            "Parallel Aware": true,
                                            "Relation Name": "title",
                                            "Schema": "public",
                                            "Alias": "t",
                                            "Startup Cost": 0.0,
                                            "Total Cost": 45479.21,
                                            "Plan Rows": 95672,
                                            "Plan Width": 4,
                                            "Actual Startup Time": 46.85,
                                            "Actual Total Time": 85.019,
                                            "Actual Rows": 88006,
                                            "Actual Loops": 5,
                                            "Output": [
                                                "t.id",
                                                "t.title",
                                                "t.imdb_index",
                                                "t.kind_id",
                                                "t.production_year",
                                                "t.imdb_id",
                                                "t.phonetic_code",
                                                "t.episode_of_id",
                                                "t.season_nr",
                                                "t.episode_nr",
                                                "t.series_years",
                                                "t.md5sum"
                                            ],
                                            "Filter": "((t.production_year < 2006) AND (t.kind_id = 1))",
                                            "Rows Removed by Filter": 417657,
                                            "Workers": [
                                                {
                                                    "Worker Number": 0,
                                                    "Actual Startup Time": 46.894,
                                                    "Actual Total Time": 86.049,
                                                    "Actual Rows": 65758,
                                                    "Actual Loops": 1
                                                },
                                                {
                                                    "Worker Number": 1,
                                                    "Actual Startup Time": 46.975,
                                                    "Actual Total Time": 85.719,
                                                    "Actual Rows": 66124,
                                                    "Actual Loops": 1
                                                },
                                                {
                                                    "Worker Number": 2,
                                                    "Actual Startup Time": 46.767,
                                                    "Actual Total Time": 85.137,
                                                    "Actual Rows": 102928,
                                                    "Actual Loops": 1
                                                },
                                                {
                                                    "Worker Number": 3,
                                                    "Actual Startup Time": 46.778,
                                                    "Actual Total Time": 85.24,
                                                    "Actual Rows": 66529,
                                                    "Actual Loops": 1
                                                }
                                            ]
                                        },
                                        {
                                            "Node Type": "Hash",
                                            "Parent Relationship": "Inner",
                                            "Parallel Aware": true,
                                            "Startup Cost": 20503.81,
                                            "Total Cost": 20503.81,
                                            "Plan Rows": 21503,
                                            "Plan Width": 4,
                                            "Actual Startup Time": 18.148,
                                            "Actual Total Time": 18.152,
                                            "Actual Rows": 13733,
                                            "Actual Loops": 5,
                                            "Output": [
                                                "mc.movie_id"
                                            ],
                                            "Hash Buckets": 131072,
                                            "Original Hash Buckets": 131072,
                                            "Hash Batches": 1,
                                            "Original Hash Batches": 1,
                                            "Peak Memory Usage": 3776,
                                            "Workers": [
                                                {
                                                    "Worker Number": 0,
                                                    "Actual Startup Time": 15.699,
                                                    "Actual Total Time": 15.7,
                                                    "Actual Rows": 5654,
                                                    "Actual Loops": 1
                                                },
                                                {
                                                    "Worker Number": 1,
                                                    "Actual Startup Time": 15.783,
                                                    "Actual Total Time": 15.794,
                                                    "Actual Rows": 5474,
                                                    "Actual Loops": 1
                                                },
                                                {
                                                    "Worker Number": 2,
                                                    "Actual Startup Time": 15.802,
                                                    "Actual Total Time": 15.803,
                                                    "Actual Rows": 5572,
                                                    "Actual Loops": 1
                                                },
                                                {
                                                    "Worker Number": 3,
                                                    "Actual Startup Time": 16.641,
                                                    "Actual Total Time": 16.642,
                                                    "Actual Rows": 6547,
                                                    "Actual Loops": 1
                                                }
                                            ],
                                            "Plans": [
                                                {
                                                    "Node Type": "Bitmap Heap Scan",
                                                    "Parent Relationship": "Outer",
                                                    "Parallel Aware": true,
                                                    "Relation Name": "movie_companies",
                                                    "Schema": "public",
                                                    "Alias": "mc",
                                                    "Startup Cost": 1445.03,
                                                    "Total Cost": 20503.81,
                                                    "Plan Rows": 21503,
                                                    "Plan Width": 4,
                                                    "Actual Startup Time": 0.906,
                                                    "Actual Total Time": 12.377,
                                                    "Actual Rows": 13733,
                                                    "Actual Loops": 5,
                                                    "Output": [
                                                        "mc.movie_id"
                                                    ],
                                                    "Recheck Cond": "(mc.company_id > 177739)",
                                                    "Rows Removed by Index Recheck": 0,
                                                    "Exact Heap Blocks": 1579,
                                                    "Lossy Heap Blocks": 0,
                                                    "Workers": [
                                                        {
                                                            "Worker Number": 0,
                                                            "Actual Startup Time": 0.126,
                                                            "Actual Total Time": 10.985,
                                                            "Actual Rows": 5654,
                                                            "Actual Loops": 1
                                                        },
                                                        {
                                                            "Worker Number": 1,
                                                            "Actual Startup Time": 0.122,
                                                            "Actual Total Time": 10.952,
                                                            "Actual Rows": 5474,
                                                            "Actual Loops": 1
                                                        },
                                                        {
                                                            "Worker Number": 2,
                                                            "Actual Startup Time": 0.246,
                                                            "Actual Total Time": 10.847,
                                                            "Actual Rows": 5572,
                                                            "Actual Loops": 1
                                                        },
                                                        {
                                                            "Worker Number": 3,
                                                            "Actual Startup Time": 0.192,
                                                            "Actual Total Time": 12.342,
                                                            "Actual Rows": 6547,
                                                            "Actual Loops": 1
                                                        }
                                                    ],
                                                    "Plans": [
                                                        {
                                                            "Node Type": "Bitmap Index Scan",
                                                            "Parent Relationship": "Outer",
                                                            "Parallel Aware": false,
                                                            "Index Name": "company_id_movie_companies",
                                                            "Startup Cost": 0.0,
                                                            "Total Cost": 1428.37,
                                                            "Plan Rows": 66658,
                                                            "Plan Width": 0,
                                                            "Actual Startup Time": 3.457,
                                                            "Actual Total Time": 3.457,
                                                            "Actual Rows": 68665,
                                                            "Actual Loops": 1,
                                                            "Index Cond": "(mc.company_id > 177739)"
                                                        }
                                                    ]
                                                }
                                            ]
                                        }
                                    ]
                                }
                            ]
                        }
                    ]
                }
            ]
        },
        "Planning Time": 179.877,
        "Triggers": [],
        "Execution Time": 138.471
    }
]