{
  "Plan": {
    "Node Type": "Aggregate",
    "Strategy": "Plain",
    "Partial Mode": "Finalize",
    "Parallel Aware": false,
    "Startup Cost": 34611.99,
    "Total Cost": 34612.0,
    "Plan Rows": 1,
    "Plan Width": 8,
    "Actual Startup Time": 49.749,
    "Actual Total Time": 55.712,
    "Actual Rows": 1,
    "Actual Loops": 1,
    "Plans": [
      {
        "Node Type": "Gather",
        "Parent Relationship": "Outer",
        "Parallel Aware": false,
        "Startup Cost": 34611.88,
        "Total Cost": 34611.99,
        "Plan Rows": 1,
        "Plan Width": 8,
        "Actual Startup Time": 49.641,
        "Actual Total Time": 55.706,
        "Actual Rows": 2,
        "Actual Loops": 1,
        "Workers Planned": 1,
        "Workers Launched": 1,
        "Single Copy": false,
        "Plans": [
          {
            "Node Type": "Aggregate",
            "Strategy": "Plain",
            "Partial Mode": "Partial",
            "Parent Relationship": "Outer",
            "Parallel Aware": false,
            "Startup Cost": 33611.88,
            "Total Cost": 33611.89,
            "Plan Rows": 1,
            "Plan Width": 8,
            "Actual Startup Time": 43.393,
            "Actual Total Time": 43.394,
            "Actual Rows": 1,
            "Actual Loops": 2,
            "Plans": [
              {
                "Node Type": "Nested Loop",
                "Parent Relationship": "Outer",
                "Parallel Aware": false,
                "Join Type": "Inner",
                "Startup Cost": 101.52,
                "Total Cost": 33609.36,
                "Plan Rows": 1006,
                "Plan Width": 0,
                "Actual Startup Time": 3.366,
                "Actual Total Time": 42.99,
                "Actual Rows": 3468,
                "Actual Loops": 2,
                "Inner Unique": false,
                "Plans": [
                  {
                    "Node Type": "Nested Loop",
                    "Parent Relationship": "Outer",
                    "Parallel Aware": false,
                    "Join Type": "Inner",
                    "Startup Cost": 101.09,
                    "Total Cost": 32152.07,
                    "Plan Rows": 2750,
                    "Plan Width": 8,
                    "Actual Startup Time": 3.209,
                    "Actual Total Time": 26.974,
                    "Actual Rows": 2258,
                    "Actual Loops": 2,
                    "Inner Unique": true,
                    "Plans": [
                      {
                        "Node Type": "Bitmap Heap Scan",
                        "Parent Relationship": "Outer",
                        "Parallel Aware": true,
                        "Relation Name": "movie_keyword",
                        "Alias": "mk",
                        "Startup Cost": 100.66,
                        "Total Cost": 11857.91,
                        "Plan Rows": 2750,
                        "Plan Width": 4,
                        "Actual Startup Time": 3.069,
                        "Actual Total Time": 9.764,
                        "Actual Rows": 2258,
                        "Actual Loops": 2,
                        "Recheck Cond": "(keyword_id = 115)",
                        "Rows Removed by Index Recheck": 0,
                        "Exact Heap Blocks": 3030,
                        "Lossy Heap Blocks": 0,
                        "Plans": [
                          {
                            "Node Type": "Bitmap Index Scan",
                            "Parent Relationship": "Outer",
                            "Parallel Aware": false,
                            "Index Name": "keyword_id_movie_keyword",
                            "Startup Cost": 0.0,
                            "Total Cost": 99.5,
                            "Plan Rows": 4675,
                            "Plan Width": 0,
                            "Actual Startup Time": 4.086,
                            "Actual Total Time": 4.086,
                            "Actual Rows": 4517,
                            "Actual Loops": 1,
                            "Index Cond": "(keyword_id = 115)"
                          }
                        ]
                      },
                      {
                        "Node Type": "Index Only Scan",
                        "Parent Relationship": "Inner",
                        "Parallel Aware": false,
                        "Scan Direction": "Forward",
                        "Index Name": "title_pkey",
                        "Relation Name": "title",
                        "Alias": "t",
                        "Startup Cost": 0.43,
                        "Total Cost": 7.38,
                        "Plan Rows": 1,
                        "Plan Width": 4,
                        "Actual Startup Time": 0.007,
                        "Actual Total Time": 0.007,
                        "Actual Rows": 1,
                        "Actual Loops": 4517,
                        "Index Cond": "(id = mk.movie_id)",
                        "Rows Removed by Index Recheck": 0,
                        "Heap Fetches": 4517
                      }
                    ]
                  },
                  {
                    "Node Type": "Index Scan",
                    "Parent Relationship": "Inner",
                    "Parallel Aware": false,
                    "Scan Direction": "Forward",
                    "Index Name": "movie_id_movie_info_idx",
                    "Relation Name": "movie_info_idx",
                    "Alias": "mi_idx",
                    "Startup Cost": 0.43,
                    "Total Cost": 0.51,
                    "Plan Rows": 2,
                    "Plan Width": 4,
                    "Actual Startup Time": 0.006,
                    "Actual Total Time": 0.006,
                    "Actual Rows": 2,
                    "Actual Loops": 4517,
                    "Index Cond": "(movie_id = t.id)",
                    "Rows Removed by Index Recheck": 0,
                    "Filter": "(info_type_id > 99)",
                    "Rows Removed by Filter": 1
                  }
                ]
              }
            ]
          }
        ]
      }
    ]
  },
  "Planning Time": 0.969,
  "Triggers": [],
  "Execution Time": 55.807
}