{
  "Plan": {
    "Node Type": "Aggregate",
    "Strategy": "Plain",
    "Partial Mode": "Finalize",
    "Parallel Aware": false,
    "Startup Cost": 362586.72,
    "Total Cost": 362586.73,
    "Plan Rows": 1,
    "Plan Width": 8,
    "Actual Startup Time": 2094.585,
    "Actual Total Time": 2143.043,
    "Actual Rows": 1,
    "Actual Loops": 1,
    "Plans": [
      {
        "Node Type": "Gather",
        "Parent Relationship": "Outer",
        "Parallel Aware": false,
        "Startup Cost": 362586.61,
        "Total Cost": 362586.72,
        "Plan Rows": 1,
        "Plan Width": 8,
        "Actual Startup Time": 2091.537,
        "Actual Total Time": 2143.036,
        "Actual Rows": 2,
        "Actual Loops": 1,
        "Workers Planned": 1,
        "Workers Launched": 1,
        "Single Copy": false,
        "Plans": [
          {
            "Node Type": "Aggregate",
            "Strategy": "Plain",
            "Partial Mode": "Partial",
            "Parent Relationship": "Outer",
            "Parallel Aware": false,
            "Startup Cost": 361586.61,
            "Total Cost": 361586.62,
            "Plan Rows": 1,
            "Plan Width": 8,
            "Actual Startup Time": 2083.296,
            "Actual Total Time": 2083.299,
            "Actual Rows": 1,
            "Actual Loops": 2,
            "Plans": [
              {
                "Node Type": "Hash Join",
                "Parent Relationship": "Outer",
                "Parallel Aware": true,
                "Join Type": "Inner",
                "Startup Cost": 68554.53,
                "Total Cost": 353897.24,
                "Plan Rows": 3075749,
                "Plan Width": 0,
                "Actual Startup Time": 365.819,
                "Actual Total Time": 2045.174,
                "Actual Rows": 960140,
                "Actual Loops": 2,
                "Inner Unique": true,
                "Hash Cond": "(mi.movie_id = t.id)",
                "Plans": [
                  {
                    "Node Type": "Seq Scan",
                    "Parent Relationship": "Outer",
                    "Parallel Aware": true,
                    "Relation Name": "movie_info",
                    "Alias": "mi",
                    "Startup Cost": 0.0,
                    "Total Cost": 270696.42,
                    "Plan Rows": 5579529,
                    "Plan Width": 4,
                    "Actual Startup Time": 0.011,
                    "Actual Total Time": 678.403,
                    "Actual Rows": 4782576,
                    "Actual Loops": 2,
                    "Filter": "(info_type_id < 16)",
                    "Rows Removed by Filter": 2635284
                  },
                  {
                    "Node Type": "Hash",
                    "Parent Relationship": "Inner",
                    "Parallel Aware": true,
                    "Startup Cost": 58306.47,
                    "Total Cost": 58306.47,
                    "Plan Rows": 819845,
                    "Plan Width": 4,
                    "Actual Startup Time": 350.751,
                    "Actual Total Time": 350.752,
                    "Actual Rows": 737212,
                    "Actual Loops": 2,
                    "Hash Buckets": 2097152,
                    "Original Hash Buckets": 2097152,
                    "Hash Batches": 1,
                    "Original Hash Batches": 1,
                    "Peak Memory Usage": 74112,
                    "Plans": [
                      {
                        "Node Type": "Seq Scan",
                        "Parent Relationship": "Outer",
                        "Parallel Aware": true,
                        "Relation Name": "title",
                        "Alias": "t",
                        "Startup Cost": 0.0,
                        "Total Cost": 58306.47,
                        "Plan Rows": 819845,
                        "Plan Width": 4,
                        "Actual Startup Time": 0.03,
                        "Actual Total Time": 165.36,
                        "Actual Rows": 737212,
                        "Actual Loops": 2,
                        "Filter": "((production_year > 1950) AND (kind_id = 7))",
                        "Rows Removed by Filter": 526944
                      }
                    ]
                  }
                ]
              }
            ]
          }
        ]
      }
    ]
  },
  "Planning Time": 0.725,
  "Triggers": [],
  "Execution Time": 2143.123
}