{
    "Plan": {
        "Node Type": "Aggregate",
        "Strategy": "Plain",
        "Partial Mode": "Finalize",
        "Parallel Aware": false,
        "Startup Cost": 277702.01,
        "Total Cost": 277702.02,
        "Plan Rows": 1,
        "Plan Width": 8,
        "Actual Startup Time": 1552.297,
        "Actual Total Time": 1608.384,
        "Actual Rows": 1,
        "Actual Loops": 1,
        "Output": [
            "count(*)"
        ],
        "Plans": [
            {
                "Node Type": "Gather",
                "Parent Relationship": "Outer",
                "Parallel Aware": false,
                "Startup Cost": 277701.49,
                "Total Cost": 277702.0,
                "Plan Rows": 5,
                "Plan Width": 8,
                "Actual Startup Time": 1545.641,
                "Actual Total Time": 1608.373,
                "Actual Rows": 6,
                "Actual Loops": 1,
                "Output": [
                    "(PARTIAL count(*))"
                ],
                "Workers Planned": 5,
                "Workers Launched": 5,
                "Single Copy": false,
                "Plans": [
                    {
                        "Node Type": "Aggregate",
                        "Strategy": "Plain",
                        "Partial Mode": "Partial",
                        "Parent Relationship": "Outer",
                        "Parallel Aware": false,
                        "Startup Cost": 276701.49,
                        "Total Cost": 276701.5,
                        "Plan Rows": 1,
                        "Plan Width": 8,
                        "Actual Startup Time": 1534.58,
                        "Actual Total Time": 1534.585,
                        "Actual Rows": 1,
                        "Actual Loops": 6,
                        "Output": [
                            "PARTIAL count(*)"
                        ],
                        "Workers": [
                            {
                                "Worker Number": 0,
                                "Actual Startup Time": 1532.277,
                                "Actual Total Time": 1532.281,
                                "Actual Rows": 1,
                                "Actual Loops": 1
                            },
                            {
                                "Worker Number": 1,
                                "Actual Startup Time": 1532.774,
                                "Actual Total Time": 1532.779,
                                "Actual Rows": 1,
                                "Actual Loops": 1
                            },
                            {
                                "Worker Number": 2,
                                "Actual Startup Time": 1531.886,
                                "Actual Total Time": 1531.892,
                                "Actual Rows": 1,
                                "Actual Loops": 1
                            },
                            {
                                "Worker Number": 3,
                                "Actual Startup Time": 1532.622,
                                "Actual Total Time": 1532.626,
                                "Actual Rows": 1,
                                "Actual Loops": 1
                            },
                            {
                                "Worker Number": 4,
                                "Actual Startup Time": 1533.241,
                                "Actual Total Time": 1533.246,
                                "Actual Rows": 1,
                                "Actual Loops": 1
                            }
                        ],
                        "Plans": [
                            {
                                "Node Type": "Nested Loop",
                                "Parent Relationship": "Outer",
                                "Parallel Aware": false,
                                "Join Type": "Inner",
                                "Startup Cost": 46953.84,
                                "Total Cost": 276586.29,
                                "Plan Rows": 46079,
                                "Plan Width": 0,
                                "Actual Startup Time": 359.894,
                                "Actual Total Time": 1453.072,
                                "Actual Rows": 1405874,
                                "Actual Loops": 6,
                                "Inner Unique": false,
                                "Join Filter": "(t.id = mc.movie_id)",
                                "Rows Removed by Join Filter": 0,
                                "Workers": [
                                    {
                                        "Worker Number": 0,
                                        "Actual Startup Time": 357.671,
                                        "Actual Total Time": 1449.966,
                                        "Actual Rows": 1300147,
                                        "Actual Loops": 1
                                    },
                                    {
                                        "Worker Number": 1,
                                        "Actual Startup Time": 357.71,
                                        "Actual Total Time": 1450.707,
                                        "Actual Rows": 1298342,
                                        "Actual Loops": 1
                                    },
                                    {
                                        "Worker Number": 2,
                                        "Actual Startup Time": 357.283,
                                        "Actual Total Time": 1451.995,
                                        "Actual Rows": 1258891,
                                        "Actual Loops": 1
                                    },
                                    {
                                        "Worker Number": 3,
                                        "Actual Startup Time": 358.072,
                                        "Actual Total Time": 1449.94,
                                        "Actual Rows": 1307903,
                                        "Actual Loops": 1
                                    },
                                    {
                                        "Worker Number": 4,
                                        "Actual Startup Time": 358.657,
                                        "Actual Total Time": 1453.294,
                                        "Actual Rows": 1264319,
                                        "Actual Loops": 1
                                    }
                                ],
                                "Plans": [
                                    {
                                        "Node Type": "Hash Join",
                                        "Parent Relationship": "Outer",
                                        "Parallel Aware": true,
                                        "Join Type": "Inner",
                                        "Startup Cost": 46953.41,
                                        "Total Cost": 246462.34,
                                        "Plan Rows": 44652,
                                        "Plan Width": 8,
                                        "Actual Startup Time": 359.772,
                                        "Actual Total Time": 581.207,
                                        "Actual Rows": 101068,
                                        "Actual Loops": 6,
                                        "Output": [
                                            "t.id",
                                            "mi.movie_id"
                                        ],
                                        "Inner Unique": true,
                                        "Hash Cond": "(mi.movie_id = t.id)",
                                        "Workers": [
                                            {
                                                "Worker Number": 0,
                                                "Actual Startup Time": 357.503,
                                                "Actual Total Time": 581.01,
                                                "Actual Rows": 94488,
                                                "Actual Loops": 1
                                            },
                                            {
                                                "Worker Number": 1,
                                                "Actual Startup Time": 357.572,
                                                "Actual Total Time": 580.682,
                                                "Actual Rows": 93840,
                                                "Actual Loops": 1
                                            },
                                            {
                                                "Worker Number": 2,
                                                "Actual Startup Time": 357.134,
                                                "Actual Total Time": 581.305,
                                                "Actual Rows": 88536,
                                                "Actual Loops": 1
                                            },
                                            {
                                                "Worker Number": 3,
                                                "Actual Startup Time": 357.957,
                                                "Actual Total Time": 580.406,
                                                "Actual Rows": 92780,
                                                "Actual Loops": 1
                                            },
                                            {
                                                "Worker Number": 4,
                                                "Actual Startup Time": 358.527,
                                                "Actual Total Time": 581.081,
                                                "Actual Rows": 90368,
                                                "Actual Loops": 1
                                            }
                                        ],
                                        "Plans": [
                                            {
                                                "Node Type": "Seq Scan",
                                                "Parent Relationship": "Outer",
                                                "Parallel Aware": true,
                                                "Relation Name": "movie_info",
                                                "Schema": "public",
                                                "Alias": "mi",
                                                "Startup Cost": 0.0,
                                                "Total Cost": 198880.74,
                                                "Plan Rows": 239311,
                                                "Plan Width": 4,
                                                "Actual Startup Time": 211.34,
                                                "Actual Total Time": 366.09,
                                                "Actual Rows": 200785,
                                                "Actual Loops": 6,
                                                "Output": [
                                                    "mi.id",
                                                    "mi.movie_id",
                                                    "mi.info_type_id",
                                                    "mi.info",
                                                    "mi.note"
                                                ],
                                                "Filter": "(mi.info_type_id > 18)",
                                                "Rows Removed by Filter": 2271835,
                                                "Workers": [
                                                    {
                                                        "Worker Number": 0,
                                                        "Actual Startup Time": 211.308,
                                                        "Actual Total Time": 369.731,
                                                        "Actual Rows": 184923,
                                                        "Actual Loops": 1
                                                    },
                                                    {
                                                        "Worker Number": 1,
                                                        "Actual Startup Time": 211.325,
                                                        "Actual Total Time": 369.751,
                                                        "Actual Rows": 185662,
                                                        "Actual Loops": 1
                                                    },
                                                    {
                                                        "Worker Number": 2,
                                                        "Actual Startup Time": 211.313,
                                                        "Actual Total Time": 370.216,
                                                        "Actual Rows": 172964,
                                                        "Actual Loops": 1
                                                    },
                                                    {
                                                        "Worker Number": 3,
                                                        "Actual Startup Time": 211.398,
                                                        "Actual Total Time": 369.504,
                                                        "Actual Rows": 184366,
                                                        "Actual Loops": 1
                                                    },
                                                    {
                                                        "Worker Number": 4,
                                                        "Actual Startup Time": 211.37,
                                                        "Actual Total Time": 369.059,
                                                        "Actual Rows": 171419,
                                                        "Actual Loops": 1
                                                    }
                                                ]
                                            },
                                            {
                                                "Node Type": "Hash",
                                                "Parent Relationship": "Inner",
                                                "Parallel Aware": true,
                                                "Startup Cost": 45479.21,
                                                "Total Cost": 45479.21,
                                                "Plan Rows": 117936,
                                                "Plan Width": 4,
                                                "Actual Startup Time": 146.104,
                                                "Actual Total Time": 146.105,
                                                "Actual Rows": 92916,
                                                "Actual Loops": 6,
                                                "Output": [
                                                    "t.id"
                                                ],
                                                "Hash Buckets": 1048576,
                                                "Original Hash Buckets": 524288,
                                                "Hash Batches": 1,
                                                "Original Hash Batches": 1,
                                                "Peak Memory Usage": 34176,
                                                "Workers": [
                                                    {
                                                        "Worker Number": 0,
                                                        "Actual Startup Time": 145.827,
                                                        "Actual Total Time": 145.828,
                                                        "Actual Rows": 84125,
                                                        "Actual Loops": 1
                                                    },
                                                    {
                                                        "Worker Number": 1,
                                                        "Actual Startup Time": 145.851,
                                                        "Actual Total Time": 145.852,
                                                        "Actual Rows": 86698,
                                                        "Actual Loops": 1
                                                    },
                                                    {
                                                        "Worker Number": 2,
                                                        "Actual Startup Time": 145.413,
                                                        "Actual Total Time": 145.415,
                                                        "Actual Rows": 78660,
                                                        "Actual Loops": 1
                                                    },
                                                    {
                                                        "Worker Number": 3,
                                                        "Actual Startup Time": 146.162,
                                                        "Actual Total Time": 146.163,
                                                        "Actual Rows": 85646,
                                                        "Actual Loops": 1
                                                    },
                                                    {
                                                        "Worker Number": 4,
                                                        "Actual Startup Time": 146.745,
                                                        "Actual Total Time": 146.747,
                                                        "Actual Rows": 78794,
                                                        "Actual Loops": 1
                                                    }
                                                ],
                                                "Plans": [
                                                    {
                                                        "Node Type": "Seq Scan",
                                                        "Parent Relationship": "Outer",
                                                        "Parallel Aware": true,
                                                        "Relation Name": "title",
                                                        "Schema": "public",
                                                        "Alias": "t",
                                                        "Startup Cost": 0.0,
                                                        "Total Cost": 45479.21,
                                                        "Plan Rows": 117936,
                                                        "Plan Width": 4,
                                                        "Actual Startup Time": 0.07,
                                                        "Actual Total Time": 90.654,
                                                        "Actual Rows": 92916,
                                                        "Actual Loops": 6,
                                                        "Output": [
                                                            "t.id"
                                                        ],
                                                        "Filter": "((t.kind_id < 7) AND (t.production_year < 2003))",
                                                        "Rows Removed by Filter": 328470,
                                                        "Workers": [
                                                            {
                                                                "Worker Number": 0,
                                                                "Actual Startup Time": 0.07,
                                                                "Actual Total Time": 91.198,
                                                                "Actual Rows": 84125,
                                                                "Actual Loops": 1
                                                            },
                                                            {
                                                                "Worker Number": 1,
                                                                "Actual Startup Time": 0.065,
                                                                "Actual Total Time": 91.873,
                                                                "Actual Rows": 86698,
                                                                "Actual Loops": 1
                                                            },
                                                            {
                                                                "Worker Number": 2,
                                                                "Actual Startup Time": 0.077,
                                                                "Actual Total Time": 90.106,
                                                                "Actual Rows": 78660,
                                                                "Actual Loops": 1
                                                            },
                                                            {
                                                                "Worker Number": 3,
                                                                "Actual Startup Time": 0.08,
                                                                "Actual Total Time": 91.972,
                                                                "Actual Rows": 85646,
                                                                "Actual Loops": 1
                                                            },
                                                            {
                                                                "Worker Number": 4,
                                                                "Actual Startup Time": 0.091,
                                                                "Actual Total Time": 91.101,
                                                                "Actual Rows": 78794,
                                                                "Actual Loops": 1
                                                            }
                                                        ]
                                                    }
                                                ]
                                            }
                                        ]
                                    },
                                    {
                                        "Node Type": "Index Only Scan",
                                        "Parent Relationship": "Inner",
                                        "Parallel Aware": false,
                                        "Scan Direction": "Forward",
                                        "Index Name": "movie_id_movie_companies",
                                        "Relation Name": "movie_companies",
                                        "Schema": "public",
                                        "Alias": "mc",
                                        "Startup Cost": 0.43,
                                        "Total Cost": 0.61,
                                        "Plan Rows": 5,
                                        "Plan Width": 4,
                                        "Actual Startup Time": 0.003,
                                        "Actual Total Time": 0.007,
                                        "Actual Rows": 14,
                                        "Actual Loops": 606405,
                                        "Output": [
                                            "mc.movie_id"
                                        ],
                                        "Index Cond": "(mc.movie_id = mi.movie_id)",
                                        "Rows Removed by Index Recheck": 0,
                                        "Heap Fetches": 8435247,
                                        "Workers": [
                                            {
                                                "Worker Number": 0,
                                                "Actual Startup Time": 0.003,
                                                "Actual Total Time": 0.007,
                                                "Actual Rows": 14,
                                                "Actual Loops": 94488
                                            },
                                            {
                                                "Worker Number": 1,
                                                "Actual Startup Time": 0.003,
                                                "Actual Total Time": 0.007,
                                                "Actual Rows": 14,
                                                "Actual Loops": 93840
                                            },
                                            {
                                                "Worker Number": 2,
                                                "Actual Startup Time": 0.004,
                                                "Actual Total Time": 0.008,
                                                "Actual Rows": 14,
                                                "Actual Loops": 88536
                                            },
                                            {
                                                "Worker Number": 3,
                                                "Actual Startup Time": 0.003,
                                                "Actual Total Time": 0.007,
                                                "Actual Rows": 14,
                                                "Actual Loops": 92780
                                            },
                                            {
                                                "Worker Number": 4,
                                                "Actual Startup Time": 0.004,
                                                "Actual Total Time": 0.008,
                                                "Actual Rows": 14,
                                                "Actual Loops": 90368
                                            }
                                        ]
                                    }
                                ]
                            }
                        ]
                    }
                ]
            }
        ]
    },
    "Planning Time": 1.66,
    "Triggers": [],
    "Execution Time": 1608.493
}