{
    "Plan": {
        "Node Type": "Aggregate",
        "Strategy": "Plain",
        "Partial Mode": "Simple",
        "Parallel Aware": false,
        "Startup Cost": 70009653984.87,
        "Total Cost": 70009653984.88,
        "Plan Rows": 1,
        "Plan Width": 8,
        "Actual Startup Time": 15585.685,
        "Actual Total Time": 15758.046,
        "Actual Rows": 1,
        "Actual Loops": 1,
        "Output": [
            "count(*)"
        ],
        "Plans": [
            {
                "Node Type": "Hash Join",
                "Parent Relationship": "Outer",
                "Parallel Aware": false,
                "Join Type": "Inner",
                "Startup Cost": 70009647736.27,
                "Total Cost": 70009653984.87,
                "Plan Rows": 1,
                "Plan Width": 0,
                "Actual Startup Time": 15585.679,
                "Actual Total Time": 15758.039,
                "Actual Rows": 0,
                "Actual Loops": 1,
                "Inner Unique": false,
                "Hash Cond": "(cn.id = mc.company_id)",
                "Plans": [
                    {
                        "Node Type": "Seq Scan",
                        "Parent Relationship": "Outer",
                        "Parallel Aware": false,
                        "Relation Name": "company_name",
                        "Schema": "public",
                        "Alias": "cn",
                        "Startup Cost": 0.0,
                        "Total Cost": 5932.46,
                        "Plan Rows": 84301,
                        "Plan Width": 4,
                        "Actual Startup Time": 0.021,
                        "Actual Total Time": 0.022,
                        "Actual Rows": 1,
                        "Actual Loops": 1,
                        "Output": [
                            "cn.id",
                            "cn.name",
                            "cn.country_code",
                            "cn.imdb_id",
                            "cn.name_pcode_nf",
                            "cn.name_pcode_sf",
                            "cn.md5sum"
                        ],
                        "Filter": "((cn.country_code)::text = '[us]'::text)",
                        "Rows Removed by Filter": 1
                    },
                    {
                        "Node Type": "Hash",
                        "Parent Relationship": "Inner",
                        "Parallel Aware": false,
                        "Startup Cost": 70009647736.25,
                        "Total Cost": 70009647736.25,
                        "Plan Rows": 1,
                        "Plan Width": 4,
                        "Actual Startup Time": 15585.653,
                        "Actual Total Time": 15758.009,
                        "Actual Rows": 0,
                        "Actual Loops": 1,
                        "Output": [
                            "mc.company_id"
                        ],
                        "Hash Buckets": 1024,
                        "Original Hash Buckets": 1024,
                        "Hash Batches": 1,
                        "Original Hash Batches": 1,
                        "Peak Memory Usage": 8,
                        "Plans": [
                            {
                                "Node Type": "Hash Join",
                                "Parent Relationship": "Outer",
                                "Parallel Aware": false,
                                "Join Type": "Inner",
                                "Startup Cost": 70009647733.81,
                                "Total Cost": 70009647736.25,
                                "Plan Rows": 1,
                                "Plan Width": 4,
                                "Actual Startup Time": 15585.652,
                                "Actual Total Time": 15758.007,
                                "Actual Rows": 0,
                                "Actual Loops": 1,
                                "Output": [
                                    "mc.company_id"
                                ],
                                "Inner Unique": false,
                                "Hash Cond": "(t.id = mk.movie_id)",
                                "Plans": [
                                    {
                                        "Node Type": "Hash Join",
                                        "Parent Relationship": "Outer",
                                        "Parallel Aware": false,
                                        "Join Type": "Inner",
                                        "Startup Cost": 50002591214.44,
                                        "Total Cost": 50002591216.87,
                                        "Plan Rows": 1,
                                        "Plan Width": 20,
                                        "Actual Startup Time": 7260.189,
                                        "Actual Total Time": 7432.526,
                                        "Actual Rows": 0,
                                        "Actual Loops": 1,
                                        "Output": [
                                            "ci.movie_id",
                                            "mc.movie_id",
                                            "mc.company_id",
                                            "mi.movie_id",
                                            "t.id"
                                        ],
                                        "Inner Unique": false,
                                        "Hash Cond": "(it.id = mi.info_type_id)",
                                        "Plans": [
                                            {
                                                "Node Type": "Seq Scan",
                                                "Parent Relationship": "Outer",
                                                "Parallel Aware": false,
                                                "Relation Name": "info_type",
                                                "Schema": "public",
                                                "Alias": "it",
                                                "Startup Cost": 0.0,
                                                "Total Cost": 2.41,
                                                "Plan Rows": 1,
                                                "Plan Width": 4,
                                                "Actual Startup Time": 0.021,
                                                "Actual Total Time": 0.022,
                                                "Actual Rows": 1,
                                                "Actual Loops": 1,
                                                "Output": [
                                                    "it.id",
                                                    "it.info"
                                                ],
                                                "Filter": "((it.info)::text = 'release dates'::text)",
                                                "Rows Removed by Filter": 15
                                            },
                                            {
                                                "Node Type": "Hash",
                                                "Parent Relationship": "Inner",
                                                "Parallel Aware": false,
                                                "Startup Cost": 50002591214.43,
                                                "Total Cost": 50002591214.43,
                                                "Plan Rows": 1,
                                                "Plan Width": 24,
                                                "Actual Startup Time": 7260.154,
                                                "Actual Total Time": 7432.488,
                                                "Actual Rows": 0,
                                                "Actual Loops": 1,
                                                "Output": [
                                                    "ci.movie_id",
                                                    "mc.movie_id",
                                                    "mc.company_id",
                                                    "mi.movie_id",
                                                    "mi.info_type_id",
                                                    "t.id"
                                                ],
                                                "Hash Buckets": 1024,
                                                "Original Hash Buckets": 1024,
                                                "Hash Batches": 1,
                                                "Original Hash Batches": 1,
                                                "Peak Memory Usage": 8,
                                                "Plans": [
                                                    {
                                                        "Node Type": "Gather",
                                                        "Parent Relationship": "Outer",
                                                        "Parallel Aware": false,
                                                        "Startup Cost": 50002474717.08,
                                                        "Total Cost": 50002591214.43,
                                                        "Plan Rows": 1,
                                                        "Plan Width": 24,
                                                        "Actual Startup Time": 7260.153,
                                                        "Actual Total Time": 7432.485,
                                                        "Actual Rows": 0,
                                                        "Actual Loops": 1,
                                                        "Output": [
                                                            "ci.movie_id",
                                                            "mc.movie_id",
                                                            "mc.company_id",
                                                            "mi.movie_id",
                                                            "mi.info_type_id",
                                                            "t.id"
                                                        ],
                                                        "Workers Planned": 3,
                                                        "Workers Launched": 3,
                                                        "Single Copy": false,
                                                        "Plans": [
                                                            {
                                                                "Node Type": "Hash Join",
                                                                "Parent Relationship": "Outer",
                                                                "Parallel Aware": true,
                                                                "Join Type": "Inner",
                                                                "Startup Cost": 50002473717.08,
                                                                "Total Cost": 50002590214.33,
                                                                "Plan Rows": 1,
                                                                "Plan Width": 24,
                                                                "Actual Startup Time": 7239.383,
                                                                "Actual Total Time": 7239.4,
                                                                "Actual Rows": 0,
                                                                "Actual Loops": 4,
                                                                "Output": [
                                                                    "ci.movie_id",
                                                                    "mc.movie_id",
                                                                    "mc.company_id",
                                                                    "mi.movie_id",
                                                                    "mi.info_type_id",
                                                                    "t.id"
                                                                ],
                                                                "Inner Unique": false,
                                                                "Hash Cond": "(mc.movie_id = t.id)",
                                                                "Workers": [
                                                                    {
                                                                        "Worker Number": 0,
                                                                        "Actual Startup Time": 7235.21,
                                                                        "Actual Total Time": 7235.226,
                                                                        "Actual Rows": 0,
                                                                        "Actual Loops": 1
                                                                    },
                                                                    {
                                                                        "Worker Number": 1,
                                                                        "Actual Startup Time": 7235.358,
                                                                        "Actual Total Time": 7235.374,
                                                                        "Actual Rows": 0,
                                                                        "Actual Loops": 1
                                                                    },
                                                                    {
                                                                        "Worker Number": 2,
                                                                        "Actual Startup Time": 7235.367,
                                                                        "Actual Total Time": 7235.381,
                                                                        "Actual Rows": 0,
                                                                        "Actual Loops": 1
                                                                    }
                                                                ],
                                                                "Plans": [
                                                                    {
                                                                        "Node Type": "Index Scan",
                                                                        "Parent Relationship": "Outer",
                                                                        "Parallel Aware": true,
                                                                        "Scan Direction": "Forward",
                                                                        "Index Name": "company_id_movie_companies",
                                                                        "Relation Name": "movie_companies",
                                                                        "Schema": "public",
                                                                        "Alias": "mc",
                                                                        "Startup Cost": 0.43,
                                                                        "Total Cost": 113341.46,
                                                                        "Plan Rows": 841655,
                                                                        "Plan Width": 8,
                                                                        "Actual Startup Time": 0.0,
                                                                        "Actual Total Time": 0.0,
                                                                        "Actual Rows": 0,
                                                                        "Actual Loops": 0,
                                                                        "Output": [
                                                                            "mc.id",
                                                                            "mc.movie_id",
                                                                            "mc.company_id",
                                                                            "mc.company_type_id",
                                                                            "mc.note"
                                                                        ]
                                                                    },
                                                                    {
                                                                        "Node Type": "Hash",
                                                                        "Parent Relationship": "Inner",
                                                                        "Parallel Aware": true,
                                                                        "Startup Cost": 50002473716.64,
                                                                        "Total Cost": 50002473716.64,
                                                                        "Plan Rows": 1,
                                                                        "Plan Width": 16,
                                                                        "Actual Startup Time": 7238.871,
                                                                        "Actual Total Time": 7238.886,
                                                                        "Actual Rows": 0,
                                                                        "Actual Loops": 4,
                                                                        "Output": [
                                                                            "ci.movie_id",
                                                                            "mi.movie_id",
                                                                            "mi.info_type_id",
                                                                            "t.id"
                                                                        ],
                                                                        "Hash Buckets": 1024,
                                                                        "Original Hash Buckets": 1024,
                                                                        "Hash Batches": 1,
                                                                        "Original Hash Batches": 1,
                                                                        "Peak Memory Usage": 0,
                                                                        "Workers": [
                                                                            {
                                                                                "Worker Number": 0,
                                                                                "Actual Startup Time": 7234.653,
                                                                                "Actual Total Time": 7234.666,
                                                                                "Actual Rows": 0,
                                                                                "Actual Loops": 1
                                                                            },
                                                                            {
                                                                                "Worker Number": 1,
                                                                                "Actual Startup Time": 7234.802,
                                                                                "Actual Total Time": 7234.816,
                                                                                "Actual Rows": 0,
                                                                                "Actual Loops": 1
                                                                            },
                                                                            {
                                                                                "Worker Number": 2,
                                                                                "Actual Startup Time": 7234.828,
                                                                                "Actual Total Time": 7234.841,
                                                                                "Actual Rows": 0,
                                                                                "Actual Loops": 1
                                                                            }
                                                                        ],
                                                                        "Plans": [
                                                                            {
                                                                                "Node Type": "Nested Loop",
                                                                                "Parent Relationship": "Outer",
                                                                                "Parallel Aware": false,
                                                                                "Join Type": "Inner",
                                                                                "Startup Cost": 50002471410.07,
                                                                                "Total Cost": 50002473716.64,
                                                                                "Plan Rows": 1,
                                                                                "Plan Width": 16,
                                                                                "Actual Startup Time": 7237.545,
                                                                                "Actual Total Time": 7237.559,
                                                                                "Actual Rows": 0,
                                                                                "Actual Loops": 4,
                                                                                "Output": [
                                                                                    "ci.movie_id",
                                                                                    "mi.movie_id",
                                                                                    "mi.info_type_id",
                                                                                    "t.id"
                                                                                ],
                                                                                "Inner Unique": true,
                                                                                "Workers": [
                                                                                    {
                                                                                        "Worker Number": 0,
                                                                                        "Actual Startup Time": 7234.566,
                                                                                        "Actual Total Time": 7234.579,
                                                                                        "Actual Rows": 0,
                                                                                        "Actual Loops": 1
                                                                                    },
                                                                                    {
                                                                                        "Worker Number": 1,
                                                                                        "Actual Startup Time": 7234.373,
                                                                                        "Actual Total Time": 7234.387,
                                                                                        "Actual Rows": 0,
                                                                                        "Actual Loops": 1
                                                                                    },
                                                                                    {
                                                                                        "Worker Number": 2,
                                                                                        "Actual Startup Time": 7230.936,
                                                                                        "Actual Total Time": 7230.949,
                                                                                        "Actual Rows": 0,
                                                                                        "Actual Loops": 1
                                                                                    }
                                                                                ],
                                                                                "Plans": [
                                                                                    {
                                                                                        "Node Type": "Nested Loop",
                                                                                        "Parent Relationship": "Outer",
                                                                                        "Parallel Aware": false,
                                                                                        "Join Type": "Inner",
                                                                                        "Startup Cost": 40002471409.92,
                                                                                        "Total Cost": 40002473708.46,
                                                                                        "Plan Rows": 1,
                                                                                        "Plan Width": 20,
                                                                                        "Actual Startup Time": 7237.543,
                                                                                        "Actual Total Time": 7237.556,
                                                                                        "Actual Rows": 0,
                                                                                        "Actual Loops": 4,
                                                                                        "Output": [
                                                                                            "ci.movie_id",
                                                                                            "mi.movie_id",
                                                                                            "mi.info_type_id",
                                                                                            "pi.info_type_id",
                                                                                            "t.id"
                                                                                        ],
                                                                                        "Inner Unique": true,
                                                                                        "Workers": [
                                                                                            {
                                                                                                "Worker Number": 0,
                                                                                                "Actual Startup Time": 7234.564,
                                                                                                "Actual Total Time": 7234.576,
                                                                                                "Actual Rows": 0,
                                                                                                "Actual Loops": 1
                                                                                            },
                                                                                            {
                                                                                                "Worker Number": 1,
                                                                                                "Actual Startup Time": 7234.372,
                                                                                                "Actual Total Time": 7234.384,
                                                                                                "Actual Rows": 0,
                                                                                                "Actual Loops": 1
                                                                                            },
                                                                                            {
                                                                                                "Worker Number": 2,
                                                                                                "Actual Startup Time": 7230.935,
                                                                                                "Actual Total Time": 7230.946,
                                                                                                "Actual Rows": 0,
                                                                                                "Actual Loops": 1
                                                                                            }
                                                                                        ],
                                                                                        "Plans": [
                                                                                            {
                                                                                                "Node Type": "Hash Join",
                                                                                                "Parent Relationship": "Outer",
                                                                                                "Parallel Aware": true,
                                                                                                "Join Type": "Inner",
                                                                                                "Startup Cost": 40002471409.49,
                                                                                                "Total Cost": 40002473707.51,
                                                                                                "Plan Rows": 1,
                                                                                                "Plan Width": 24,
                                                                                                "Actual Startup Time": 7237.542,
                                                                                                "Actual Total Time": 7237.554,
                                                                                                "Actual Rows": 0,
                                                                                                "Actual Loops": 4,
                                                                                                "Output": [
                                                                                                    "ci.movie_id",
                                                                                                    "ci.person_role_id",
                                                                                                    "mi.movie_id",
                                                                                                    "mi.info_type_id",
                                                                                                    "pi.info_type_id",
                                                                                                    "t.id"
                                                                                                ],
                                                                                                "Inner Unique": false,
                                                                                                "Hash Cond": "(ci.person_id = n.id)",
                                                                                                "Workers": [
                                                                                                    {
                                                                                                        "Worker Number": 0,
                                                                                                        "Actual Startup Time": 7234.563,
                                                                                                        "Actual Total Time": 7234.574,
                                                                                                        "Actual Rows": 0,
                                                                                                        "Actual Loops": 1
                                                                                                    },
                                                                                                    {
                                                                                                        "Worker Number": 1,
                                                                                                        "Actual Startup Time": 7234.371,
                                                                                                        "Actual Total Time": 7234.382,
                                                                                                        "Actual Rows": 0,
                                                                                                        "Actual Loops": 1
                                                                                                    },
                                                                                                    {
                                                                                                        "Worker Number": 2,
                                                                                                        "Actual Startup Time": 7230.934,
                                                                                                        "Actual Total Time": 7230.945,
                                                                                                        "Actual Rows": 0,
                                                                                                        "Actual Loops": 1
                                                                                                    }
                                                                                                ],
                                                                                                "Plans": [
                                                                                                    {
                                                                                                        "Node Type": "Nested Loop",
                                                                                                        "Parent Relationship": "Outer",
                                                                                                        "Parallel Aware": false,
                                                                                                        "Join Type": "Inner",
                                                                                                        "Startup Cost": 30002399949.28,
                                                                                                        "Total Cost": 30002402247.29,
                                                                                                        "Plan Rows": 1,
                                                                                                        "Plan Width": 36,
                                                                                                        "Actual Startup Time": 7004.459,
                                                                                                        "Actual Total Time": 7004.946,
                                                                                                        "Actual Rows": 613,
                                                                                                        "Actual Loops": 4,
                                                                                                        "Output": [
                                                                                                            "an.person_id",
                                                                                                            "ci.movie_id",
                                                                                                            "ci.person_id",
                                                                                                            "ci.person_role_id",
                                                                                                            "mi.movie_id",
                                                                                                            "mi.info_type_id",
                                                                                                            "pi.person_id",
                                                                                                            "pi.info_type_id",
                                                                                                            "t.id"
                                                                                                        ],
                                                                                                        "Inner Unique": false,
                                                                                                        "Join Filter": "(ci.person_id = pi.person_id)",
                                                                                                        "Rows Removed by Join Filter": 0,
                                                                                                        "Workers": [
                                                                                                            {
                                                                                                                "Worker Number": 0,
                                                                                                                "Actual Startup Time": 7005.504,
                                                                                                                "Actual Total Time": 7005.982,
                                                                                                                "Actual Rows": 800,
                                                                                                                "Actual Loops": 1
                                                                                                            },
                                                                                                            {
                                                                                                                "Worker Number": 1,
                                                                                                                "Actual Startup Time": 7005.482,
                                                                                                                "Actual Total Time": 7005.943,
                                                                                                                "Actual Rows": 294,
                                                                                                                "Actual Loops": 1
                                                                                                            },
                                                                                                            {
                                                                                                                "Worker Number": 2,
                                                                                                                "Actual Startup Time": 7001.781,
                                                                                                                "Actual Total Time": 7002.409,
                                                                                                                "Actual Rows": 591,
                                                                                                                "Actual Loops": 1
                                                                                                            }
                                                                                                        ],
                                                                                                        "Plans": [
                                                                                                            {
                                                                                                                "Node Type": "Merge Join",
                                                                                                                "Parent Relationship": "Outer",
                                                                                                                "Parallel Aware": false,
                                                                                                                "Join Type": "Inner",
                                                                                                                "Startup Cost": 20002399948.59,
                                                                                                                "Total Cost": 20002402241.98,
                                                                                                                "Plan Rows": 1,
                                                                                                                "Plan Width": 28,
                                                                                                                "Actual Startup Time": 7004.144,
                                                                                                                "Actual Total Time": 7004.162,
                                                                                                                "Actual Rows": 8,
                                                                                                                "Actual Loops": 4,
                                                                                                                "Output": [
                                                                                                                    "an.person_id",
                                                                                                                    "ci.movie_id",
                                                                                                                    "ci.person_id",
                                                                                                                    "ci.person_role_id",
                                                                                                                    "mi.movie_id",
                                                                                                                    "mi.info_type_id",
                                                                                                                    "t.id"
                                                                                                                ],
                                                                                                                "Inner Unique": false,
                                                                                                                "Merge Cond": "(t.id = mi.movie_id)",
                                                                                                                "Workers": [
                                                                                                                    {
                                                                                                                        "Worker Number": 0,
                                                                                                                        "Actual Startup Time": 7005.202,
                                                                                                                        "Actual Total Time": 7005.22,
                                                                                                                        "Actual Rows": 10,
                                                                                                                        "Actual Loops": 1
                                                                                                                    },
                                                                                                                    {
                                                                                                                        "Worker Number": 1,
                                                                                                                        "Actual Startup Time": 7005.149,
                                                                                                                        "Actual Total Time": 7005.172,
                                                                                                                        "Actual Rows": 13,
                                                                                                                        "Actual Loops": 1
                                                                                                                    },
                                                                                                                    {
                                                                                                                        "Worker Number": 2,
                                                                                                                        "Actual Startup Time": 7001.398,
                                                                                                                        "Actual Total Time": 7001.413,
                                                                                                                        "Actual Rows": 5,
                                                                                                                        "Actual Loops": 1
                                                                                                                    }
                                                                                                                ],
                                                                                                                "Plans": [
                                                                                                                    {
                                                                                                                        "Node Type": "Sort",
                                                                                                                        "Parent Relationship": "Outer",
                                                                                                                        "Parallel Aware": false,
                                                                                                                        "Startup Cost": 20002010380.35,
                                                                                                                        "Total Cost": 20002010380.36,
                                                                                                                        "Plan Rows": 1,
                                                                                                                        "Plan Width": 20,
                                                                                                                        "Actual Startup Time": 4160.379,
                                                                                                                        "Actual Total Time": 4160.389,
                                                                                                                        "Actual Rows": 8,
                                                                                                                        "Actual Loops": 4,
                                                                                                                        "Output": [
                                                                                                                            "an.person_id",
                                                                                                                            "ci.movie_id",
                                                                                                                            "ci.person_id",
                                                                                                                            "ci.person_role_id",
                                                                                                                            "t.id"
                                                                                                                        ],
                                                                                                                        "Sort Key": [
                                                                                                                            "ci.movie_id"
                                                                                                                        ],
                                                                                                                        "Sort Method": "quicksort",
                                                                                                                        "Sort Space Used": 25,
                                                                                                                        "Sort Space Type": "Memory",
                                                                                                                        "Workers": [
                                                                                                                            {
                                                                                                                                "Worker Number": 0,
                                                                                                                                "Actual Startup Time": 4160.213,
                                                                                                                                "Actual Total Time": 4160.222,
                                                                                                                                "Actual Rows": 10,
                                                                                                                                "Actual Loops": 1
                                                                                                                            },
                                                                                                                            {
                                                                                                                                "Worker Number": 1,
                                                                                                                                "Actual Startup Time": 4160.194,
                                                                                                                                "Actual Total Time": 4160.205,
                                                                                                                                "Actual Rows": 13,
                                                                                                                                "Actual Loops": 1
                                                                                                                            },
                                                                                                                            {
                                                                                                                                "Worker Number": 2,
                                                                                                                                "Actual Startup Time": 4160.848,
                                                                                                                                "Actual Total Time": 4160.857,
                                                                                                                                "Actual Rows": 5,
                                                                                                                                "Actual Loops": 1
                                                                                                                            }
                                                                                                                        ],
                                                                                                                        "Plans": [
                                                                                                                            {
                                                                                                                                "Node Type": "Nested Loop",
                                                                                                                                "Parent Relationship": "Outer",
                                                                                                                                "Parallel Aware": false,
                                                                                                                                "Join Type": "Inner",
                                                                                                                                "Startup Cost": 20000017939.15,
                                                                                                                                "Total Cost": 20002010380.34,
                                                                                                                                "Plan Rows": 1,
                                                                                                                                "Plan Width": 20,
                                                                                                                                "Actual Startup Time": 2801.122,
                                                                                                                                "Actual Total Time": 4160.303,
                                                                                                                                "Actual Rows": 8,
                                                                                                                                "Actual Loops": 4,
                                                                                                                                "Output": [
                                                                                                                                    "an.person_id",
                                                                                                                                    "ci.movie_id",
                                                                                                                                    "ci.person_id",
                                                                                                                                    "ci.person_role_id",
                                                                                                                                    "t.id"
                                                                                                                                ],
                                                                                                                                "Inner Unique": true,
                                                                                                                                "Workers": [
                                                                                                                                    {
                                                                                                                                        "Worker Number": 0,
                                                                                                                                        "Actual Startup Time": 3202.436,
                                                                                                                                        "Actual Total Time": 4160.114,
                                                                                                                                        "Actual Rows": 10,
                                                                                                                                        "Actual Loops": 1
                                                                                                                                    },
                                                                                                                                    {
                                                                                                                                        "Worker Number": 1,
                                                                                                                                        "Actual Startup Time": 3016.753,
                                                                                                                                        "Actual Total Time": 4160.101,
                                                                                                                                        "Actual Rows": 13,
                                                                                                                                        "Actual Loops": 1
                                                                                                                                    },
                                                                                                                                    {
                                                                                                                                        "Worker Number": 2,
                                                                                                                                        "Actual Startup Time": 2404.811,
                                                                                                                                        "Actual Total Time": 4160.761,
                                                                                                                                        "Actual Rows": 5,
                                                                                                                                        "Actual Loops": 1
                                                                                                                                    }
                                                                                                                                ],
                                                                                                                                "Plans": [
                                                                                                                                    {
                                                                                                                                        "Node Type": "Hash Join",
                                                                                                                                        "Parent Relationship": "Outer",
                                                                                                                                        "Parallel Aware": true,
                                                                                                                                        "Join Type": "Inner",
                                                                                                                                        "Startup Cost": 20000017938.72,
                                                                                                                                        "Total Cost": 20001992185.24,
                                                                                                                                        "Plan Rows": 26757,
                                                                                                                                        "Plan Width": 16,
                                                                                                                                        "Actual Startup Time": 903.993,
                                                                                                                                        "Actual Total Time": 3869.362,
                                                                                                                                        "Actual Rows": 123817,
                                                                                                                                        "Actual Loops": 4,
                                                                                                                                        "Output": [
                                                                                                                                            "an.person_id",
                                                                                                                                            "ci.movie_id",
                                                                                                                                            "ci.person_id",
                                                                                                                                            "ci.person_role_id"
                                                                                                                                        ],
                                                                                                                                        "Inner Unique": false,
                                                                                                                                        "Hash Cond": "(ci.person_id = an.person_id)",
                                                                                                                                        "Workers": [
                                                                                                                                            {
                                                                                                                                                "Worker Number": 0,
                                                                                                                                                "Actual Startup Time": 176.83,
                                                                                                                                                "Actual Total Time": 3856.142,
                                                                                                                                                "Actual Rows": 128630,
                                                                                                                                                "Actual Loops": 1
                                                                                                                                            },
                                                                                                                                            {
                                                                                                                                                "Worker Number": 1,
                                                                                                                                                "Actual Startup Time": 1808.767,
                                                                                                                                                "Actual Total Time": 3856.77,
                                                                                                                                                "Actual Rows": 128827,
                                                                                                                                                "Actual Loops": 1
                                                                                                                                            },
                                                                                                                                            {
                                                                                                                                                "Worker Number": 2,
                                                                                                                                                "Actual Startup Time": 415.775,
                                                                                                                                                "Actual Total Time": 3877.915,
                                                                                                                                                "Actual Rows": 110145,
                                                                                                                                                "Actual Loops": 1
                                                                                                                                            }
                                                                                                                                        ],
                                                                                                                                        "Plans": [
                                                                                                                                            {
                                                                                                                                                "Node Type": "Nested Loop",
                                                                                                                                                "Parent Relationship": "Outer",
                                                                                                                                                "Parallel Aware": false,
                                                                                                                                                "Join Type": "Inner",
                                                                                                                                                "Startup Cost": 20000000000.71,
                                                                                                                                                "Total Cost": 20001973466.47,
                                                                                                                                                "Plan Rows": 11111,
                                                                                                                                                "Plan Width": 12,
                                                                                                                                                "Actual Startup Time": 319.611,
                                                                                                                                                "Actual Total Time": 3659.189,
                                                                                                                                                "Actual Rows": 65896,
                                                                                                                                                "Actual Loops": 4,
                                                                                                                                                "Output": [
                                                                                                                                                    "ci.movie_id",
                                                                                                                                                    "ci.person_id",
                                                                                                                                                    "ci.person_role_id"
                                                                                                                                                ],
                                                                                                                                                "Inner Unique": true,
                                                                                                                                                "Workers": [
                                                                                                                                                    {
                                                                                                                                                        "Worker Number": 0,
                                                                                                                                                        "Actual Startup Time": 5.282,
                                                                                                                                                        "Actual Total Time": 3645.96,
                                                                                                                                                        "Actual Rows": 63927,
                                                                                                                                                        "Actual Loops": 1
                                                                                                                                                    },
                                                                                                                                                    {
                                                                                                                                                        "Worker Number": 1,
                                                                                                                                                        "Actual Startup Time": 519.583,
                                                                                                                                                        "Actual Total Time": 3646.79,
                                                                                                                                                        "Actual Rows": 65706,
                                                                                                                                                        "Actual Loops": 1
                                                                                                                                                    },
                                                                                                                                                    {
                                                                                                                                                        "Worker Number": 2,
                                                                                                                                                        "Actual Startup Time": 128.009,
                                                                                                                                                        "Actual Total Time": 3670.478,
                                                                                                                                                        "Actual Rows": 63013,
                                                                                                                                                        "Actual Loops": 1
                                                                                                                                                    }
                                                                                                                                                ],
                                                                                                                                                "Plans": [
                                                                                                                                                    {
                                                                                                                                                        "Node Type": "Index Scan",
                                                                                                                                                        "Parent Relationship": "Outer",
                                                                                                                                                        "Parallel Aware": true,
                                                                                                                                                        "Scan Direction": "Forward",
                                                                                                                                                        "Index Name": "person_id_cast_info",
                                                                                                                                                        "Relation Name": "cast_info",
                                                                                                                                                        "Schema": "public",
                                                                                                                                                        "Alias": "ci",
                                                                                                                                                        "Startup Cost": 10000000000.57,
                                                                                                                                                        "Total Cost": 10001419001.22,
                                                                                                                                                        "Plan Rows": 133330,
                                                                                                                                                        "Plan Width": 16,
                                                                                                                                                        "Actual Startup Time": 0.233,
                                                                                                                                                        "Actual Total Time": 2758.743,
                                                                                                                                                        "Actual Rows": 209175,
                                                                                                                                                        "Actual Loops": 4,
                                                                                                                                                        "Output": [
                                                                                                                                                            "ci.id",
                                                                                                                                                            "ci.person_id",
                                                                                                                                                            "ci.movie_id",
                                                                                                                                                            "ci.person_role_id",
                                                                                                                                                            "ci.note",
                                                                                                                                                            "ci.nr_order",
                                                                                                                                                            "ci.role_id"
                                                                                                                                                        ],
                                                                                                                                                        "Filter": "(ci.note = ANY ('{(voice),\"(voice) (uncredited)\",\"(voice: English version)\"}'::text[]))",
                                                                                                                                                        "Rows Removed by Filter": 8851911,
                                                                                                                                                        "Workers": [
                                                                                                                                                            {
                                                                                                                                                                "Worker Number": 0,
                                                                                                                                                                "Actual Startup Time": 0.312,
                                                                                                                                                                "Actual Total Time": 2764.034,
                                                                                                                                                                "Actual Rows": 192841,
                                                                                                                                                                "Actual Loops": 1
                                                                                                                                                            },
                                                                                                                                                            {
                                                                                                                                                                "Worker Number": 1,
                                                                                                                                                                "Actual Startup Time": 0.291,
                                                                                                                                                                "Actual Total Time": 2764.765,
                                                                                                                                                                "Actual Rows": 204856,
                                                                                                                                                                "Actual Loops": 1
                                                                                                                                                            },
                                                                                                                                                            {
                                                                                                                                                                "Worker Number": 2,
                                                                                                                                                                "Actual Startup Time": 0.14,
                                                                                                                                                                "Actual Total Time": 2787.166,
                                                                                                                                                                "Actual Rows": 195254,
                                                                                                                                                                "Actual Loops": 1
                                                                                                                                                            }
                                                                                                                                                        ]
                                                                                                                                                    },
                                                                                                                                                    {
                                                                                                                                                        "Node Type": "Bitmap Heap Scan",
                                                                                                                                                        "Parent Relationship": "Inner",
                                                                                                                                                        "Parallel Aware": false,
                                                                                                                                                        "Relation Name": "role_type",
                                                                                                                                                        "Schema": "public",
                                                                                                                                                        "Alias": "rt",
                                                                                                                                                        "Startup Cost": 0.14,
                                                                                                                                                        "Total Cost": 4.16,
                                                                                                                                                        "Plan Rows": 1,
                                                                                                                                                        "Plan Width": 4,
                                                                                                                                                        "Actual Startup Time": 0.002,
                                                                                                                                                        "Actual Total Time": 0.002,
                                                                                                                                                        "Actual Rows": 0,
                                                                                                                                                        "Actual Loops": 836701,
                                                                                                                                                        "Output": [
                                                                                                                                                            "rt.id",
                                                                                                                                                            "rt.role"
                                                                                                                                                        ],
                                                                                                                                                        "Recheck Cond": "(rt.id = ci.role_id)",
                                                                                                                                                        "Rows Removed by Index Recheck": 0,
                                                                                                                                                        "Filter": "((rt.role)::text = 'actress'::text)",
                                                                                                                                                        "Rows Removed by Filter": 1,
                                                                                                                                                        "Exact Heap Blocks": 243750,
                                                                                                                                                        "Lossy Heap Blocks": 0,
                                                                                                                                                        "Workers": [
                                                                                                                                                            {
                                                                                                                                                                "Worker Number": 0,
                                                                                                                                                                "Actual Startup Time": 0.003,
                                                                                                                                                                "Actual Total Time": 0.003,
                                                                                                                                                                "Actual Rows": 0,
                                                                                                                                                                "Actual Loops": 192841
                                                                                                                                                            },
                                                                                                                                                            {
                                                                                                                                                                "Worker Number": 1,
                                                                                                                                                                "Actual Startup Time": 0.002,
                                                                                                                                                                "Actual Total Time": 0.002,
                                                                                                                                                                "Actual Rows": 0,
                                                                                                                                                                "Actual Loops": 204856
                                                                                                                                                            },
                                                                                                                                                            {
                                                                                                                                                                "Worker Number": 2,
                                                                                                                                                                "Actual Startup Time": 0.003,
                                                                                                                                                                "Actual Total Time": 0.003,
                                                                                                                                                                "Actual Rows": 0,
                                                                                                                                                                "Actual Loops": 195254
                                                                                                                                                            }
                                                                                                                                                        ],
                                                                                                                                                        "Plans": [
                                                                                                                                                            {
                                                                                                                                                                "Node Type": "Bitmap Index Scan",
                                                                                                                                                                "Parent Relationship": "Outer",
                                                                                                                                                                "Parallel Aware": false,
                                                                                                                                                                "Index Name": "role_type_pkey",
                                                                                                                                                                "Startup Cost": 0.0,
                                                                                                                                                                "Total Cost": 0.14,
                                                                                                                                                                "Plan Rows": 1,
                                                                                                                                                                "Plan Width": 0,
                                                                                                                                                                "Actual Startup Time": 0.001,
                                                                                                                                                                "Actual Total Time": 0.001,
                                                                                                                                                                "Actual Rows": 1,
                                                                                                                                                                "Actual Loops": 836701,
                                                                                                                                                                "Index Cond": "(rt.id = ci.role_id)",
                                                                                                                                                                "Workers": [
                                                                                                                                                                    {
                                                                                                                                                                        "Worker Number": 0,
                                                                                                                                                                        "Actual Startup Time": 0.001,
                                                                                                                                                                        "Actual Total Time": 0.001,
                                                                                                                                                                        "Actual Rows": 1,
                                                                                                                                                                        "Actual Loops": 192841
                                                                                                                                                                    },
                                                                                                                                                                    {
                                                                                                                                                                        "Worker Number": 1,
                                                                                                                                                                        "Actual Startup Time": 0.001,
                                                                                                                                                                        "Actual Total Time": 0.001,
                                                                                                                                                                        "Actual Rows": 1,
                                                                                                                                                                        "Actual Loops": 204856
                                                                                                                                                                    },
                                                                                                                                                                    {
                                                                                                                                                                        "Worker Number": 2,
                                                                                                                                                                        "Actual Startup Time": 0.001,
                                                                                                                                                                        "Actual Total Time": 0.001,
                                                                                                                                                                        "Actual Rows": 1,
                                                                                                                                                                        "Actual Loops": 195254
                                                                                                                                                                    }
                                                                                                                                                                ]
                                                                                                                                                            }
                                                                                                                                                        ]
                                                                                                                                                    }
                                                                                                                                                ]
                                                                                                                                            },
                                                                                                                                            {
                                                                                                                                                "Node Type": "Hash",
                                                                                                                                                "Parent Relationship": "Inner",
                                                                                                                                                "Parallel Aware": true,
                                                                                                                                                "Startup Cost": 14303.56,
                                                                                                                                                "Total Cost": 14303.56,
                                                                                                                                                "Plan Rows": 290756,
                                                                                                                                                "Plan Width": 4,
                                                                                                                                                "Actual Startup Time": 169.624,
                                                                                                                                                "Actual Total Time": 169.625,
                                                                                                                                                "Actual Rows": 225336,
                                                                                                                                                "Actual Loops": 4,
                                                                                                                                                "Output": [
                                                                                                                                                    "an.person_id"
                                                                                                                                                ],
                                                                                                                                                "Hash Buckets": 1048576,
                                                                                                                                                "Original Hash Buckets": 1048576,
                                                                                                                                                "Hash Batches": 1,
                                                                                                                                                "Original Hash Batches": 1,
                                                                                                                                                "Peak Memory Usage": 43520,
                                                                                                                                                "Workers": [
                                                                                                                                                    {
                                                                                                                                                        "Worker Number": 0,
                                                                                                                                                        "Actual Startup Time": 171.273,
                                                                                                                                                        "Actual Total Time": 171.275,
                                                                                                                                                        "Actual Rows": 206339,
                                                                                                                                                        "Actual Loops": 1
                                                                                                                                                    },
                                                                                                                                                    {
                                                                                                                                                        "Worker Number": 1,
                                                                                                                                                        "Actual Startup Time": 171.241,
                                                                                                                                                        "Actual Total Time": 171.243,
                                                                                                                                                        "Actual Rows": 206615,
                                                                                                                                                        "Actual Loops": 1
                                                                                                                                                    },
                                                                                                                                                    {
                                                                                                                                                        "Worker Number": 2,
                                                                                                                                                        "Actual Startup Time": 171.316,
                                                                                                                                                        "Actual Total Time": 171.317,
                                                                                                                                                        "Actual Rows": 193610,
                                                                                                                                                        "Actual Loops": 1
                                                                                                                                                    }
                                                                                                                                                ],
                                                                                                                                                "Plans": [
                                                                                                                                                    {
                                                                                                                                                        "Node Type": "Seq Scan",
                                                                                                                                                        "Parent Relationship": "Outer",
                                                                                                                                                        "Parallel Aware": true,
                                                                                                                                                        "Relation Name": "aka_name",
                                                                                                                                                        "Schema": "public",
                                                                                                                                                        "Alias": "an",
                                                                                                                                                        "Startup Cost": 0.0,
                                                                                                                                                        "Total Cost": 14303.56,
                                                                                                                                                        "Plan Rows": 290756,
                                                                                                                                                        "Plan Width": 4,
                                                                                                                                                        "Actual Startup Time": 0.059,
                                                                                                                                                        "Actual Total Time": 85.475,
                                                                                                                                                        "Actual Rows": 225336,
                                                                                                                                                        "Actual Loops": 4,
                                                                                                                                                        "Output": [
                                                                                                                                                            "an.person_id"
                                                                                                                                                        ],
                                                                                                                                                        "Workers": [
                                                                                                                                                            {
                                                                                                                                                                "Worker Number": 0,
                                                                                                                                                                "Actual Startup Time": 0.062,
                                                                                                                                                                "Actual Total Time": 86.628,
                                                                                                                                                                "Actual Rows": 206339,
                                                                                                                                                                "Actual Loops": 1
                                                                                                                                                            },
                                                                                                                                                            {
                                                                                                                                                                "Worker Number": 1,
                                                                                                                                                                "Actual Startup Time": 0.07,
                                                                                                                                                                "Actual Total Time": 86.506,
                                                                                                                                                                "Actual Rows": 206615,
                                                                                                                                                                "Actual Loops": 1
                                                                                                                                                            },
                                                                                                                                                            {
                                                                                                                                                                "Worker Number": 2,
                                                                                                                                                                "Actual Startup Time": 0.081,
                                                                                                                                                                "Actual Total Time": 82.724,
                                                                                                                                                                "Actual Rows": 193610,
                                                                                                                                                                "Actual Loops": 1
                                                                                                                                                            }
                                                                                                                                                        ]
                                                                                                                                                    }
                                                                                                                                                ]
                                                                                                                                            }
                                                                                                                                        ]
                                                                                                                                    },
                                                                                                                                    {
                                                                                                                                        "Node Type": "Index Scan",
                                                                                                                                        "Parent Relationship": "Inner",
                                                                                                                                        "Parallel Aware": false,
                                                                                                                                        "Scan Direction": "Forward",
                                                                                                                                        "Index Name": "title_pkey",
                                                                                                                                        "Relation Name": "title",
                                                                                                                                        "Schema": "public",
                                                                                                                                        "Alias": "t",
                                                                                                                                        "Startup Cost": 0.43,
                                                                                                                                        "Total Cost": 0.68,
                                                                                                                                        "Plan Rows": 1,
                                                                                                                                        "Plan Width": 4,
                                                                                                                                        "Actual Startup Time": 0.002,
                                                                                                                                        "Actual Total Time": 0.002,
                                                                                                                                        "Actual Rows": 0,
                                                                                                                                        "Actual Loops": 495267,
                                                                                                                                        "Output": [
                                                                                                                                            "t.id",
                                                                                                                                            "t.title",
                                                                                                                                            "t.imdb_index",
                                                                                                                                            "t.kind_id",
                                                                                                                                            "t.production_year",
                                                                                                                                            "t.imdb_id",
                                                                                                                                            "t.phonetic_code",
                                                                                                                                            "t.episode_of_id",
                                                                                                                                            "t.season_nr",
                                                                                                                                            "t.episode_nr",
                                                                                                                                            "t.series_years",
                                                                                                                                            "t.md5sum"
                                                                                                                                        ],
                                                                                                                                        "Index Cond": "(t.id = ci.movie_id)",
                                                                                                                                        "Rows Removed by Index Recheck": 0,
                                                                                                                                        "Filter": "((t.production_year >= 1996) AND (t.production_year <= 2013) AND (t.title = 'Shrek 2'::text))",
                                                                                                                                        "Rows Removed by Filter": 1,
                                                                                                                                        "Workers": [
                                                                                                                                            {
                                                                                                                                                "Worker Number": 0,
                                                                                                                                                "Actual Startup Time": 0.002,
                                                                                                                                                "Actual Total Time": 0.002,
                                                                                                                                                "Actual Rows": 0,
                                                                                                                                                "Actual Loops": 128630
                                                                                                                                            },
                                                                                                                                            {
                                                                                                                                                "Worker Number": 1,
                                                                                                                                                "Actual Startup Time": 0.002,
                                                                                                                                                "Actual Total Time": 0.002,
                                                                                                                                                "Actual Rows": 0,
                                                                                                                                                "Actual Loops": 128827
                                                                                                                                            },
                                                                                                                                            {
                                                                                                                                                "Worker Number": 2,
                                                                                                                                                "Actual Startup Time": 0.002,
                                                                                                                                                "Actual Total Time": 0.002,
                                                                                                                                                "Actual Rows": 0,
                                                                                                                                                "Actual Loops": 110145
                                                                                                                                            }
                                                                                                                                        ]
                                                                                                                                    }
                                                                                                                                ]
                                                                                                                            }
                                                                                                                        ]
                                                                                                                    },
                                                                                                                    {
                                                                                                                        "Node Type": "Sort",
                                                                                                                        "Parent Relationship": "Inner",
                                                                                                                        "Parallel Aware": false,
                                                                                                                        "Startup Cost": 389568.01,
                                                                                                                        "Total Cost": 390714.81,
                                                                                                                        "Plan Rows": 458720,
                                                                                                                        "Plan Width": 8,
                                                                                                                        "Actual Startup Time": 2814.668,
                                                                                                                        "Actual Total Time": 2826.458,
                                                                                                                        "Actual Rows": 338864,
                                                                                                                        "Actual Loops": 4,
                                                                                                                        "Output": [
                                                                                                                            "mi.movie_id",
                                                                                                                            "mi.info_type_id"
                                                                                                                        ],
                                                                                                                        "Sort Key": [
                                                                                                                            "mi.movie_id"
                                                                                                                        ],
                                                                                                                        "Sort Method": "quicksort",
                                                                                                                        "Sort Space Used": 30461,
                                                                                                                        "Sort Space Type": "Memory",
                                                                                                                        "Workers": [
                                                                                                                            {
                                                                                                                                "Worker Number": 0,
                                                                                                                                "Actual Startup Time": 2815.319,
                                                                                                                                "Actual Total Time": 2827.348,
                                                                                                                                "Actual Rows": 338866,
                                                                                                                                "Actual Loops": 1
                                                                                                                            },
                                                                                                                            {
                                                                                                                                "Worker Number": 1,
                                                                                                                                "Actual Startup Time": 2815.229,
                                                                                                                                "Actual Total Time": 2827.262,
                                                                                                                                "Actual Rows": 338870,
                                                                                                                                "Actual Loops": 1
                                                                                                                            },
                                                                                                                            {
                                                                                                                                "Worker Number": 2,
                                                                                                                                "Actual Startup Time": 2813.163,
                                                                                                                                "Actual Total Time": 2824.24,
                                                                                                                                "Actual Rows": 338861,
                                                                                                                                "Actual Loops": 1
                                                                                                                            }
                                                                                                                        ],
                                                                                                                        "Plans": [
                                                                                                                            {
                                                                                                                                "Node Type": "Seq Scan",
                                                                                                                                "Parent Relationship": "Outer",
                                                                                                                                "Parallel Aware": false,
                                                                                                                                "Relation Name": "movie_info",
                                                                                                                                "Schema": "public",
                                                                                                                                "Alias": "mi",
                                                                                                                                "Startup Cost": 0.0,
                                                                                                                                "Total Cost": 346431.69,
                                                                                                                                "Plan Rows": 458720,
                                                                                                                                "Plan Width": 8,
                                                                                                                                "Actual Startup Time": 291.646,
                                                                                                                                "Actual Total Time": 2730.988,
                                                                                                                                "Actual Rows": 387683,
                                                                                                                                "Actual Loops": 4,
                                                                                                                                "Output": [
                                                                                                                                    "mi.movie_id",
                                                                                                                                    "mi.info_type_id"
                                                                                                                                ],
                                                                                                                                "Filter": "(mi.info ~~ 'USA:%200%'::text)",
                                                                                                                                "Rows Removed by Filter": 14448037,
                                                                                                                                "Workers": [
                                                                                                                                    {
                                                                                                                                        "Worker Number": 0,
                                                                                                                                        "Actual Startup Time": 291.811,
                                                                                                                                        "Actual Total Time": 2724.253,
                                                                                                                                        "Actual Rows": 387683,
                                                                                                                                        "Actual Loops": 1
                                                                                                                                    },
                                                                                                                                    {
                                                                                                                                        "Worker Number": 1,
                                                                                                                                        "Actual Startup Time": 291.809,
                                                                                                                                        "Actual Total Time": 2724.634,
                                                                                                                                        "Actual Rows": 387683,
                                                                                                                                        "Actual Loops": 1
                                                                                                                                    },
                                                                                                                                    {
                                                                                                                                        "Worker Number": 2,
                                                                                                                                        "Actual Startup Time": 291.163,
                                                                                                                                        "Actual Total Time": 2726.978,
                                                                                                                                        "Actual Rows": 387683,
                                                                                                                                        "Actual Loops": 1
                                                                                                                                    }
                                                                                                                                ]
                                                                                                                            }
                                                                                                                        ]
                                                                                                                    }
                                                                                                                ]
                                                                                                            },
                                                                                                            {
                                                                                                                "Node Type": "Bitmap Heap Scan",
                                                                                                                "Parent Relationship": "Inner",
                                                                                                                "Parallel Aware": false,
                                                                                                                "Relation Name": "person_info",
                                                                                                                "Schema": "public",
                                                                                                                "Alias": "pi",
                                                                                                                "Startup Cost": 0.69,
                                                                                                                "Total Cost": 5.0,
                                                                                                                "Plan Rows": 25,
                                                                                                                "Plan Width": 8,
                                                                                                                "Actual Startup Time": 0.06,
                                                                                                                "Actual Total Time": 0.088,
                                                                                                                "Actual Rows": 79,
                                                                                                                "Actual Loops": 31,
                                                                                                                "Output": [
                                                                                                                    "pi.id",
                                                                                                                    "pi.person_id",
                                                                                                                    "pi.info_type_id",
                                                                                                                    "pi.info",
                                                                                                                    "pi.note"
                                                                                                                ],
                                                                                                                "Recheck Cond": "(pi.person_id = an.person_id)",
                                                                                                                "Rows Removed by Index Recheck": 0,
                                                                                                                "Exact Heap Blocks": 16,
                                                                                                                "Lossy Heap Blocks": 0,
                                                                                                                "Workers": [
                                                                                                                    {
                                                                                                                        "Worker Number": 0,
                                                                                                                        "Actual Startup Time": 0.05,
                                                                                                                        "Actual Total Time": 0.063,
                                                                                                                        "Actual Rows": 80,
                                                                                                                        "Actual Loops": 10
                                                                                                                    },
                                                                                                                    {
                                                                                                                        "Worker Number": 1,
                                                                                                                        "Actual Startup Time": 0.044,
                                                                                                                        "Actual Total Time": 0.053,
                                                                                                                        "Actual Rows": 23,
                                                                                                                        "Actual Loops": 13
                                                                                                                    },
                                                                                                                    {
                                                                                                                        "Worker Number": 2,
                                                                                                                        "Actual Startup Time": 0.113,
                                                                                                                        "Actual Total Time": 0.18,
                                                                                                                        "Actual Rows": 118,
                                                                                                                        "Actual Loops": 5
                                                                                                                    }
                                                                                                                ],
                                                                                                                "Plans": [
                                                                                                                    {
                                                                                                                        "Node Type": "Bitmap Index Scan",
                                                                                                                        "Parent Relationship": "Outer",
                                                                                                                        "Parallel Aware": false,
                                                                                                                        "Index Name": "person_id_person_info",
                                                                                                                        "Startup Cost": 0.0,
                                                                                                                        "Total Cost": 0.68,
                                                                                                                        "Plan Rows": 25,
                                                                                                                        "Plan Width": 0,
                                                                                                                        "Actual Startup Time": 0.043,
                                                                                                                        "Actual Total Time": 0.043,
                                                                                                                        "Actual Rows": 79,
                                                                                                                        "Actual Loops": 31,
                                                                                                                        "Index Cond": "(pi.person_id = an.person_id)",
                                                                                                                        "Workers": [
                                                                                                                            {
                                                                                                                                "Worker Number": 0,
                                                                                                                                "Actual Startup Time": 0.035,
                                                                                                                                "Actual Total Time": 0.035,
                                                                                                                                "Actual Rows": 80,
                                                                                                                                "Actual Loops": 10
                                                                                                                            },
                                                                                                                            {
                                                                                                                                "Worker Number": 1,
                                                                                                                                "Actual Startup Time": 0.031,
                                                                                                                                "Actual Total Time": 0.031,
                                                                                                                                "Actual Rows": 23,
                                                                                                                                "Actual Loops": 13
                                                                                                                            },
                                                                                                                            {
                                                                                                                                "Worker Number": 2,
                                                                                                                                "Actual Startup Time": 0.085,
                                                                                                                                "Actual Total Time": 0.085,
                                                                                                                                "Actual Rows": 118,
                                                                                                                                "Actual Loops": 5
                                                                                                                            }
                                                                                                                        ]
                                                                                                                    }
                                                                                                                ]
                                                                                                            }
                                                                                                        ]
                                                                                                    },
                                                                                                    {
                                                                                                        "Node Type": "Hash",
                                                                                                        "Parent Relationship": "Inner",
                                                                                                        "Parallel Aware": true,
                                                                                                        "Startup Cost": 10000071241.31,
                                                                                                        "Total Cost": 10000071241.31,
                                                                                                        "Plan Rows": 17512,
                                                                                                        "Plan Width": 4,
                                                                                                        "Actual Startup Time": 232.234,
                                                                                                        "Actual Total Time": 232.235,
                                                                                                        "Actual Rows": 13998,
                                                                                                        "Actual Loops": 4,
                                                                                                        "Output": [
                                                                                                            "n.id"
                                                                                                        ],
                                                                                                        "Hash Buckets": 131072,
                                                                                                        "Original Hash Buckets": 131072,
                                                                                                        "Hash Batches": 1,
                                                                                                        "Original Hash Batches": 1,
                                                                                                        "Peak Memory Usage": 3264,
                                                                                                        "Workers": [
                                                                                                            {
                                                                                                                "Worker Number": 0,
                                                                                                                "Actual Startup Time": 228.278,
                                                                                                                "Actual Total Time": 228.279,
                                                                                                                "Actual Rows": 7923,
                                                                                                                "Actual Loops": 1
                                                                                                            },
                                                                                                            {
                                                                                                                "Worker Number": 1,
                                                                                                                "Actual Startup Time": 228.279,
                                                                                                                "Actual Total Time": 228.28,
                                                                                                                "Actual Rows": 7996,
                                                                                                                "Actual Loops": 1
                                                                                                            },
                                                                                                            {
                                                                                                                "Worker Number": 2,
                                                                                                                "Actual Startup Time": 228.372,
                                                                                                                "Actual Total Time": 228.373,
                                                                                                                "Actual Rows": 8005,
                                                                                                                "Actual Loops": 1
                                                                                                            }
                                                                                                        ],
                                                                                                        "Plans": [
                                                                                                            {
                                                                                                                "Node Type": "Seq Scan",
                                                                                                                "Parent Relationship": "Outer",
                                                                                                                "Parallel Aware": true,
                                                                                                                "Relation Name": "name",
                                                                                                                "Schema": "public",
                                                                                                                "Alias": "n",
                                                                                                                "Startup Cost": 10000000000.0,
                                                                                                                "Total Cost": 10000071241.31,
                                                                                                                "Plan Rows": 17512,
                                                                                                                "Plan Width": 4,
                                                                                                                "Actual Startup Time": 0.095,
                                                                                                                "Actual Total Time": 226.186,
                                                                                                                "Actual Rows": 13998,
                                                                                                                "Actual Loops": 4,
                                                                                                                "Output": [
                                                                                                                    "n.id"
                                                                                                                ],
                                                                                                                "Filter": "((n.name ~~ '%An%'::text) AND ((n.gender)::text = 'm'::text))",
                                                                                                                "Rows Removed by Filter": 1027875,
                                                                                                                "Workers": [
                                                                                                                    {
                                                                                                                        "Worker Number": 0,
                                                                                                                        "Actual Startup Time": 0.118,
                                                                                                                        "Actual Total Time": 223.144,
                                                                                                                        "Actual Rows": 7923,
                                                                                                                        "Actual Loops": 1
                                                                                                                    },
                                                                                                                    {
                                                                                                                        "Worker Number": 1,
                                                                                                                        "Actual Startup Time": 0.116,
                                                                                                                        "Actual Total Time": 223.194,
                                                                                                                        "Actual Rows": 7996,
                                                                                                                        "Actual Loops": 1
                                                                                                                    },
                                                                                                                    {
                                                                                                                        "Worker Number": 2,
                                                                                                                        "Actual Startup Time": 0.13,
                                                                                                                        "Actual Total Time": 222.54,
                                                                                                                        "Actual Rows": 8005,
                                                                                                                        "Actual Loops": 1
                                                                                                                    }
                                                                                                                ]
                                                                                                            }
                                                                                                        ]
                                                                                                    }
                                                                                                ]
                                                                                            },
                                                                                            {
                                                                                                "Node Type": "Index Scan",
                                                                                                "Parent Relationship": "Inner",
                                                                                                "Parallel Aware": false,
                                                                                                "Scan Direction": "Forward",
                                                                                                "Index Name": "char_name_pkey",
                                                                                                "Relation Name": "char_name",
                                                                                                "Schema": "public",
                                                                                                "Alias": "chn",
                                                                                                "Startup Cost": 0.43,
                                                                                                "Total Cost": 0.69,
                                                                                                "Plan Rows": 1,
                                                                                                "Plan Width": 4,
                                                                                                "Actual Startup Time": 0.0,
                                                                                                "Actual Total Time": 0.0,
                                                                                                "Actual Rows": 0,
                                                                                                "Actual Loops": 0,
                                                                                                "Output": [
                                                                                                    "chn.id",
                                                                                                    "chn.name",
                                                                                                    "chn.imdb_index",
                                                                                                    "chn.imdb_id",
                                                                                                    "chn.name_pcode_nf",
                                                                                                    "chn.surname_pcode",
                                                                                                    "chn.md5sum"
                                                                                                ],
                                                                                                "Index Cond": "(chn.id = ci.person_role_id)",
                                                                                                "Rows Removed by Index Recheck": 0,
                                                                                                "Filter": "(chn.name = 'Queen'::text)",
                                                                                                "Rows Removed by Filter": 0
                                                                                            }
                                                                                        ]
                                                                                    },
                                                                                    {
                                                                                        "Node Type": "Bitmap Heap Scan",
                                                                                        "Parent Relationship": "Inner",
                                                                                        "Parallel Aware": false,
                                                                                        "Relation Name": "info_type",
                                                                                        "Schema": "public",
                                                                                        "Alias": "it3",
                                                                                        "Startup Cost": 0.15,
                                                                                        "Total Cost": 4.17,
                                                                                        "Plan Rows": 1,
                                                                                        "Plan Width": 4,
                                                                                        "Actual Startup Time": 0.0,
                                                                                        "Actual Total Time": 0.0,
                                                                                        "Actual Rows": 0,
                                                                                        "Actual Loops": 0,
                                                                                        "Output": [
                                                                                            "it3.id",
                                                                                            "it3.info"
                                                                                        ],
                                                                                        "Recheck Cond": "(it3.id = pi.info_type_id)",
                                                                                        "Rows Removed by Index Recheck": 0,
                                                                                        "Filter": "((it3.info)::text = 'height'::text)",
                                                                                        "Rows Removed by Filter": 0,
                                                                                        "Exact Heap Blocks": 0,
                                                                                        "Lossy Heap Blocks": 0,
                                                                                        "Plans": [
                                                                                            {
                                                                                                "Node Type": "Bitmap Index Scan",
                                                                                                "Parent Relationship": "Outer",
                                                                                                "Parallel Aware": false,
                                                                                                "Index Name": "info_type_pkey",
                                                                                                "Startup Cost": 0.0,
                                                                                                "Total Cost": 0.15,
                                                                                                "Plan Rows": 1,
                                                                                                "Plan Width": 0,
                                                                                                "Actual Startup Time": 0.0,
                                                                                                "Actual Total Time": 0.0,
                                                                                                "Actual Rows": 0,
                                                                                                "Actual Loops": 0,
                                                                                                "Index Cond": "(it3.id = pi.info_type_id)"
                                                                                            }
                                                                                        ]
                                                                                    }
                                                                                ]
                                                                            }
                                                                        ]
                                                                    }
                                                                ]
                                                            }
                                                        ]
                                                    }
                                                ]
                                            }
                                        ]
                                    },
                                    {
                                        "Node Type": "Hash",
                                        "Parent Relationship": "Inner",
                                        "Parallel Aware": false,
                                        "Startup Cost": 20007056519.33,
                                        "Total Cost": 20007056519.33,
                                        "Plan Rows": 3,
                                        "Plan Width": 8,
                                        "Actual Startup Time": 8325.456,
                                        "Actual Total Time": 8325.472,
                                        "Actual Rows": 23,
                                        "Actual Loops": 1,
                                        "Output": [
                                            "cc.movie_id",
                                            "mk.movie_id"
                                        ],
                                        "Hash Buckets": 1024,
                                        "Original Hash Buckets": 1024,
                                        "Hash Batches": 1,
                                        "Original Hash Batches": 1,
                                        "Peak Memory Usage": 9,
                                        "Plans": [
                                            {
                                                "Node Type": "Nested Loop",
                                                "Parent Relationship": "Outer",
                                                "Parallel Aware": false,
                                                "Join Type": "Inner",
                                                "Startup Cost": 20000017318.24,
                                                "Total Cost": 20007056519.33,
                                                "Plan Rows": 3,
                                                "Plan Width": 8,
                                                "Actual Startup Time": 889.521,
                                                "Actual Total Time": 8325.404,
                                                "Actual Rows": 23,
                                                "Actual Loops": 1,
                                                "Output": [
                                                    "cc.movie_id",
                                                    "mk.movie_id"
                                                ],
                                                "Inner Unique": true,
                                                "Plans": [
                                                    {
                                                        "Node Type": "Nested Loop",
                                                        "Parent Relationship": "Outer",
                                                        "Parallel Aware": false,
                                                        "Join Type": "Inner",
                                                        "Startup Cost": 20000017318.11,
                                                        "Total Cost": 20007056517.65,
                                                        "Plan Rows": 11,
                                                        "Plan Width": 12,
                                                        "Actual Startup Time": 225.831,
                                                        "Actual Total Time": 8325.085,
                                                        "Actual Rows": 74,
                                                        "Actual Loops": 1,
                                                        "Output": [
                                                            "cc.movie_id",
                                                            "cc.status_id",
                                                            "mk.movie_id"
                                                        ],
                                                        "Inner Unique": true,
                                                        "Plans": [
                                                            {
                                                                "Node Type": "Merge Join",
                                                                "Parent Relationship": "Outer",
                                                                "Parallel Aware": false,
                                                                "Join Type": "Inner",
                                                                "Startup Cost": 10000017317.68,
                                                                "Total Cost": 10000228851.23,
                                                                "Plan Rows": 1536657,
                                                                "Plan Width": 16,
                                                                "Actual Startup Time": 58.286,
                                                                "Actual Total Time": 1691.901,
                                                                "Actual Rows": 1436647,
                                                                "Actual Loops": 1,
                                                                "Output": [
                                                                    "cc.movie_id",
                                                                    "cc.status_id",
                                                                    "mk.movie_id",
                                                                    "mk.keyword_id"
                                                                ],
                                                                "Inner Unique": false,
                                                                "Merge Cond": "(mk.movie_id = cc.movie_id)",
                                                                "Plans": [
                                                                    {
                                                                        "Node Type": "Index Scan",
                                                                        "Parent Relationship": "Outer",
                                                                        "Parallel Aware": false,
                                                                        "Scan Direction": "Forward",
                                                                        "Index Name": "movie_id_movie_keyword",
                                                                        "Relation Name": "movie_keyword",
                                                                        "Schema": "public",
                                                                        "Alias": "mk",
                                                                        "Startup Cost": 10000000000.43,
                                                                        "Total Cost": 10000177177.46,
                                                                        "Plan Rows": 4523930,
                                                                        "Plan Width": 8,
                                                                        "Actual Startup Time": 0.027,
                                                                        "Actual Total Time": 776.927,
                                                                        "Actual Rows": 4523930,
                                                                        "Actual Loops": 1,
                                                                        "Output": [
                                                                            "mk.id",
                                                                            "mk.movie_id",
                                                                            "mk.keyword_id"
                                                                        ]
                                                                    },
                                                                    {
                                                                        "Node Type": "Sort",
                                                                        "Parent Relationship": "Inner",
                                                                        "Parallel Aware": false,
                                                                        "Startup Cost": 17316.89,
                                                                        "Total Cost": 17401.32,
                                                                        "Plan Rows": 33772,
                                                                        "Plan Width": 8,
                                                                        "Actual Startup Time": 58.222,
                                                                        "Actual Total Time": 264.76,
                                                                        "Actual Rows": 1469547,
                                                                        "Actual Loops": 1,
                                                                        "Output": [
                                                                            "cc.movie_id",
                                                                            "cc.status_id"
                                                                        ],
                                                                        "Sort Key": [
                                                                            "cc.movie_id"
                                                                        ],
                                                                        "Sort Method": "quicksort",
                                                                        "Sort Space Used": 7101,
                                                                        "Sort Space Type": "Memory",
                                                                        "Plans": [
                                                                            {
                                                                                "Node Type": "Merge Join",
                                                                                "Parent Relationship": "Outer",
                                                                                "Parallel Aware": false,
                                                                                "Join Type": "Inner",
                                                                                "Startup Cost": 13594.62,
                                                                                "Total Cost": 14776.64,
                                                                                "Plan Rows": 33772,
                                                                                "Plan Width": 8,
                                                                                "Actual Startup Time": 25.686,
                                                                                "Actual Total Time": 43.447,
                                                                                "Actual Rows": 85941,
                                                                                "Actual Loops": 1,
                                                                                "Output": [
                                                                                    "cc.movie_id",
                                                                                    "cc.status_id"
                                                                                ],
                                                                                "Inner Unique": false,
                                                                                "Merge Cond": "(cc.subject_id = cct1.id)",
                                                                                "Plans": [
                                                                                    {
                                                                                        "Node Type": "Sort",
                                                                                        "Parent Relationship": "Outer",
                                                                                        "Parallel Aware": false,
                                                                                        "Startup Cost": 13593.56,
                                                                                        "Total Cost": 13931.28,
                                                                                        "Plan Rows": 135086,
                                                                                        "Plan Width": 12,
                                                                                        "Actual Startup Time": 25.658,
                                                                                        "Actual Total Time": 28.535,
                                                                                        "Actual Rows": 85942,
                                                                                        "Actual Loops": 1,
                                                                                        "Output": [
                                                                                            "cc.movie_id",
                                                                                            "cc.subject_id",
                                                                                            "cc.status_id"
                                                                                        ],
                                                                                        "Sort Key": [
                                                                                            "cc.subject_id"
                                                                                        ],
                                                                                        "Sort Method": "quicksort",
                                                                                        "Sort Space Used": 12477,
                                                                                        "Sort Space Type": "Memory",
                                                                                        "Plans": [
                                                                                            {
                                                                                                "Node Type": "Seq Scan",
                                                                                                "Parent Relationship": "Outer",
                                                                                                "Parallel Aware": false,
                                                                                                "Relation Name": "complete_cast",
                                                                                                "Schema": "public",
                                                                                                "Alias": "cc",
                                                                                                "Startup Cost": 0.0,
                                                                                                "Total Cost": 2081.86,
                                                                                                "Plan Rows": 135086,
                                                                                                "Plan Width": 12,
                                                                                                "Actual Startup Time": 0.021,
                                                                                                "Actual Total Time": 13.516,
                                                                                                "Actual Rows": 135086,
                                                                                                "Actual Loops": 1,
                                                                                                "Output": [
                                                                                                    "cc.movie_id",
                                                                                                    "cc.subject_id",
                                                                                                    "cc.status_id"
                                                                                                ]
                                                                                            }
                                                                                        ]
                                                                                    },
                                                                                    {
                                                                                        "Node Type": "Materialize",
                                                                                        "Parent Relationship": "Inner",
                                                                                        "Parallel Aware": false,
                                                                                        "Startup Cost": 1.06,
                                                                                        "Total Cost": 1.07,
                                                                                        "Plan Rows": 1,
                                                                                        "Plan Width": 4,
                                                                                        "Actual Startup Time": 0.023,
                                                                                        "Actual Total Time": 2.58,
                                                                                        "Actual Rows": 1,
                                                                                        "Actual Loops": 1,
                                                                                        "Output": [
                                                                                            "cct1.id"
                                                                                        ],
                                                                                        "Plans": [
                                                                                            {
                                                                                                "Node Type": "Sort",
                                                                                                "Parent Relationship": "Outer",
                                                                                                "Parallel Aware": false,
                                                                                                "Startup Cost": 1.06,
                                                                                                "Total Cost": 1.06,
                                                                                                "Plan Rows": 1,
                                                                                                "Plan Width": 4,
                                                                                                "Actual Startup Time": 0.02,
                                                                                                "Actual Total Time": 0.021,
                                                                                                "Actual Rows": 1,
                                                                                                "Actual Loops": 1,
                                                                                                "Output": [
                                                                                                    "cct1.id"
                                                                                                ],
                                                                                                "Sort Key": [
                                                                                                    "cct1.id"
                                                                                                ],
                                                                                                "Sort Method": "quicksort",
                                                                                                "Sort Space Used": 25,
                                                                                                "Sort Space Type": "Memory",
                                                                                                "Plans": [
                                                                                                    {
                                                                                                        "Node Type": "Seq Scan",
                                                                                                        "Parent Relationship": "Outer",
                                                                                                        "Parallel Aware": false,
                                                                                                        "Relation Name": "comp_cast_type",
                                                                                                        "Schema": "public",
                                                                                                        "Alias": "cct1",
                                                                                                        "Startup Cost": 0.0,
                                                                                                        "Total Cost": 1.05,
                                                                                                        "Plan Rows": 1,
                                                                                                        "Plan Width": 4,
                                                                                                        "Actual Startup Time": 0.013,
                                                                                                        "Actual Total Time": 0.014,
                                                                                                        "Actual Rows": 1,
                                                                                                        "Actual Loops": 1,
                                                                                                        "Output": [
                                                                                                            "cct1.id"
                                                                                                        ],
                                                                                                        "Filter": "((cct1.kind)::text = 'cast'::text)",
                                                                                                        "Rows Removed by Filter": 3
                                                                                                    }
                                                                                                ]
                                                                                            }
                                                                                        ]
                                                                                    }
                                                                                ]
                                                                            }
                                                                        ]
                                                                    }
                                                                ]
                                                            },
                                                            {
                                                                "Node Type": "Bitmap Heap Scan",
                                                                "Parent Relationship": "Inner",
                                                                "Parallel Aware": false,
                                                                "Relation Name": "keyword",
                                                                "Schema": "public",
                                                                "Alias": "k",
                                                                "Startup Cost": 0.43,
                                                                "Total Cost": 4.44,
                                                                "Plan Rows": 1,
                                                                "Plan Width": 4,
                                                                "Actual Startup Time": 0.003,
                                                                "Actual Total Time": 0.003,
                                                                "Actual Rows": 0,
                                                                "Actual Loops": 1436647,
                                                                "Output": [
                                                                    "k.id",
                                                                    "k.keyword",
                                                                    "k.phonetic_code"
                                                                ],
                                                                "Recheck Cond": "(k.id = mk.keyword_id)",
                                                                "Rows Removed by Index Recheck": 0,
                                                                "Filter": "(k.keyword = 'computer-animation'::text)",
                                                                "Rows Removed by Filter": 1,
                                                                "Exact Heap Blocks": 1436647,
                                                                "Lossy Heap Blocks": 0,
                                                                "Plans": [
                                                                    {
                                                                        "Node Type": "Bitmap Index Scan",
                                                                        "Parent Relationship": "Outer",
                                                                        "Parallel Aware": false,
                                                                        "Index Name": "keyword_pkey",
                                                                        "Startup Cost": 0.0,
                                                                        "Total Cost": 0.43,
                                                                        "Plan Rows": 1,
                                                                        "Plan Width": 0,
                                                                        "Actual Startup Time": 0.002,
                                                                        "Actual Total Time": 0.002,
                                                                        "Actual Rows": 1,
                                                                        "Actual Loops": 1436647,
                                                                        "Index Cond": "(k.id = mk.keyword_id)"
                                                                    }
                                                                ]
                                                            }
                                                        ]
                                                    },
                                                    {
                                                        "Node Type": "Index Scan",
                                                        "Parent Relationship": "Inner",
                                                        "Parallel Aware": false,
                                                        "Scan Direction": "Forward",
                                                        "Index Name": "comp_cast_type_pkey",
                                                        "Relation Name": "comp_cast_type",
                                                        "Schema": "public",
                                                        "Alias": "cct2",
                                                        "Startup Cost": 0.13,
                                                        "Total Cost": 0.15,
                                                        "Plan Rows": 1,
                                                        "Plan Width": 4,
                                                        "Actual Startup Time": 0.003,
                                                        "Actual Total Time": 0.003,
                                                        "Actual Rows": 0,
                                                        "Actual Loops": 74,
                                                        "Output": [
                                                            "cct2.id",
                                                            "cct2.kind"
                                                        ],
                                                        "Index Cond": "(cct2.id = cc.status_id)",
                                                        "Rows Removed by Index Recheck": 0,
                                                        "Filter": "((cct2.kind)::text = 'complete+verified'::text)",
                                                        "Rows Removed by Filter": 1
                                                    }
                                                ]
                                            }
                                        ]
                                    }
                                ]
                            }
                        ]
                    }
                ]
            }
        ]
    },
    "Planning Time": 2337.916,
    "Triggers": [],
    "Execution Time": 15758.39
}