[
  {
    "Plan": {
      "Node Type": "Aggregate",
      "Strategy": "Plain",
      "Partial Mode": "Finalize",
      "Parallel Aware": false,
      "Startup Cost": 39234.12,
      "Total Cost": 39234.13,
      "Plan Rows": 1,
      "Plan Width": 8,
      "Actual Startup Time": 100.035,
      "Actual Total Time": 119.37,
      "Actual Rows": 1,
      "Actual Loops": 1,
      "Plans": [
        {
          "Node Type": "Gather",
          "Parent Relationship": "Outer",
          "Parallel Aware": false,
          "Startup Cost": 39233.91,
          "Total Cost": 39234.12,
          "Plan Rows": 2,
          "Plan Width": 8,
          "Actual Startup Time": 99.758,
          "Actual Total Time": 119.358,
          "Actual Rows": 3,
          "Actual Loops": 1,
          "Workers Planned": 2,
          "Workers Launched": 2,
          "Single Copy": false,
          "Plans": [
            {
              "Node Type": "Aggregate",
              "Strategy": "Plain",
              "Partial Mode": "Partial",
              "Parent Relationship": "Outer",
              "Parallel Aware": false,
              "Startup Cost": 38233.91,
              "Total Cost": 38233.92,
              "Plan Rows": 1,
              "Plan Width": 8,
              "Actual Startup Time": 91.441,
              "Actual Total Time": 91.442,
              "Actual Rows": 1,
              "Actual Loops": 3,
              "Plans": [
                {
                  "Node Type": "Nested Loop",
                  "Parent Relationship": "Outer",
                  "Parallel Aware": false,
                  "Join Type": "Inner",
                  "Startup Cost": 139.55,
                  "Total Cost": 38233.37,
                  "Plan Rows": 213,
                  "Plan Width": 0,
                  "Actual Startup Time": 9.496,
                  "Actual Total Time": 91.347,
                  "Actual Rows": 1571,
                  "Actual Loops": 3,
                  "Inner Unique": false,
                  "Plans": [
                    {
                      "Node Type": "Nested Loop",
                      "Parent Relationship": "Outer",
                      "Parallel Aware": false,
                      "Join Type": "Inner",
                      "Startup Cost": 139.11,
                      "Total Cost": 33837.13,
                      "Plan Rows": 2702,
                      "Plan Width": 8,
                      "Actual Startup Time": 2.511,
                      "Actual Total Time": 29.396,
                      "Actual Rows": 2167,
                      "Actual Loops": 3,
                      "Inner Unique": true,
                      "Plans": [
                        {
                          "Node Type": "Bitmap Heap Scan",
                          "Parent Relationship": "Outer",
                          "Parallel Aware": true,
                          "Relation Name": "movie_keyword",
                          "Alias": "mk",
                          "Startup Cost": 138.68,
                          "Total Cost": 14764.11,
                          "Plan Rows": 2702,
                          "Plan Width": 4,
                          "Actual Startup Time": 2.349,
                          "Actual Total Time": 9.275,
                          "Actual Rows": 2167,
                          "Actual Loops": 3,
                          "Recheck Cond": "(keyword_id = 355)",
                          "Rows Removed by Index Recheck": 0,
                          "Exact Heap Blocks": 2774,
                          "Lossy Heap Blocks": 0,
                          "Plans": [
                            {
                              "Node Type": "Bitmap Index Scan",
                              "Parent Relationship": "Outer",
                              "Parallel Aware": false,
                              "Index Name": "keyword_id_movie_keyword",
                              "Startup Cost": 0.0,
                              "Total Cost": 137.06,
                              "Plan Rows": 6484,
                              "Plan Width": 0,
                              "Actual Startup Time": 4.45,
                              "Actual Total Time": 4.45,
                              "Actual Rows": 6501,
                              "Actual Loops": 1,
                              "Index Cond": "(keyword_id = 355)"
                            }
                          ]
                        },
                        {
                          "Node Type": "Index Only Scan",
                          "Parent Relationship": "Inner",
                          "Parallel Aware": false,
                          "Scan Direction": "Forward",
                          "Index Name": "title_pkey",
                          "Relation Name": "title",
                          "Alias": "t",
                          "Startup Cost": 0.43,
                          "Total Cost": 7.06,
                          "Plan Rows": 1,
                          "Plan Width": 4,
                          "Actual Startup Time": 0.009,
                          "Actual Total Time": 0.009,
                          "Actual Rows": 1,
                          "Actual Loops": 6501,
                          "Index Cond": "(id = mk.movie_id)",
                          "Rows Removed by Index Recheck": 0,
                          "Heap Fetches": 6501
                        }
                      ]
                    },
                    {
                      "Node Type": "Index Scan",
                      "Parent Relationship": "Inner",
                      "Parallel Aware": false,
                      "Scan Direction": "Forward",
                      "Index Name": "movie_id_movie_info",
                      "Relation Name": "movie_info",
                      "Alias": "mi",
                      "Startup Cost": 0.43,
                      "Total Cost": 1.62,
                      "Plan Rows": 1,
                      "Plan Width": 4,
                      "Actual Startup Time": 0.025,
                      "Actual Total Time": 0.028,
                      "Actual Rows": 1,
                      "Actual Loops": 6501,
                      "Index Cond": "(movie_id = t.id)",
                      "Rows Removed by Index Recheck": 0,
                      "Filter": "(info_type_id = 13)",
                      "Rows Removed by Filter": 20
                    }
                  ]
                }
              ]
            }
          ]
        }
      ]
    },
    "Planning Time": 1.131,
    "Triggers": [],
    "Execution Time": 119.468
  }
]