[
  {
    "Plan": {
      "Node Type": "Aggregate",
      "Strategy": "Plain",
      "Partial Mode": "Finalize",
      "Parallel Aware": false,
      "Startup Cost": 46628.01,
      "Total Cost": 46628.02,
      "Plan Rows": 1,
      "Plan Width": 8,
      "Actual Startup Time": 92.265,
      "Actual Total Time": 105.308,
      "Actual Rows": 1,
      "Actual Loops": 1,
      "Plans": [
        {
          "Node Type": "Gather",
          "Parent Relationship": "Outer",
          "Parallel Aware": false,
          "Startup Cost": 46627.59,
          "Total Cost": 46628.0,
          "Plan Rows": 4,
          "Plan Width": 8,
          "Actual Startup Time": 92.048,
          "Actual Total Time": 105.298,
          "Actual Rows": 5,
          "Actual Loops": 1,
          "Workers Planned": 4,
          "Workers Launched": 4,
          "Single Copy": false,
          "Plans": [
            {
              "Node Type": "Aggregate",
              "Strategy": "Plain",
              "Partial Mode": "Partial",
              "Parent Relationship": "Outer",
              "Parallel Aware": false,
              "Startup Cost": 45627.59,
              "Total Cost": 45627.6,
              "Plan Rows": 1,
              "Plan Width": 8,
              "Actual Startup Time": 86.823,
              "Actual Total Time": 86.824,
              "Actual Rows": 1,
              "Actual Loops": 5,
              "Plans": [
                {
                  "Node Type": "Seq Scan",
                  "Parent Relationship": "Outer",
                  "Parallel Aware": true,
                  "Relation Name": "title",
                  "Alias": "t",
                  "Startup Cost": 0.0,
                  "Total Cost": 45479.59,
                  "Plan Rows": 59202,
                  "Plan Width": 0,
                  "Actual Startup Time": 0.03,
                  "Actual Total Time": 83.644,
                  "Actual Rows": 51381,
                  "Actual Loops": 5,
                  "Filter": "((kind_id > 6) AND (production_year > 2010))",
                  "Rows Removed by Filter": 454281
                }
              ]
            }
          ]
        }
      ]
    },
    "Planning Time": 0.211,
    "Triggers": [],
    "Execution Time": 105.373
  }
]