[
    {
        "Bao": {
            "Bao prediction": "NaN",
            "Bao recommended hint": "(no hint)"
        }
    },
    {
        "Plan": {
            "Node Type": "Aggregate",
            "Strategy": "Plain",
            "Partial Mode": "Finalize",
            "Parallel Aware": false,
            "Startup Cost": 34833.51,
            "Total Cost": 34833.52,
            "Plan Rows": 1,
            "Plan Width": 8,
            "Actual Startup Time": 95.281,
            "Actual Total Time": 101.072,
            "Actual Rows": 1,
            "Actual Loops": 1,
            "Output": [
                "count(*)"
            ],
            "Plans": [
                {
                    "Node Type": "Gather",
                    "Parent Relationship": "Outer",
                    "Parallel Aware": false,
                    "Startup Cost": 34833.2,
                    "Total Cost": 34833.51,
                    "Plan Rows": 3,
                    "Plan Width": 8,
                    "Actual Startup Time": 95.031,
                    "Actual Total Time": 101.063,
                    "Actual Rows": 4,
                    "Actual Loops": 1,
                    "Output": [
                        "(PARTIAL count(*))"
                    ],
                    "Workers Planned": 3,
                    "Workers Launched": 3,
                    "Single Copy": false,
                    "Plans": [
                        {
                            "Node Type": "Aggregate",
                            "Strategy": "Plain",
                            "Partial Mode": "Partial",
                            "Parent Relationship": "Outer",
                            "Parallel Aware": false,
                            "Startup Cost": 33833.2,
                            "Total Cost": 33833.21,
                            "Plan Rows": 1,
                            "Plan Width": 8,
                            "Actual Startup Time": 86.542,
                            "Actual Total Time": 86.543,
                            "Actual Rows": 1,
                            "Actual Loops": 4,
                            "Output": [
                                "PARTIAL count(*)"
                            ],
                            "Workers": [
                                {
                                    "Worker Number": 0,
                                    "Actual Startup Time": 83.384,
                                    "Actual Total Time": 83.386,
                                    "Actual Rows": 1,
                                    "Actual Loops": 1
                                },
                                {
                                    "Worker Number": 1,
                                    "Actual Startup Time": 83.912,
                                    "Actual Total Time": 83.914,
                                    "Actual Rows": 1,
                                    "Actual Loops": 1
                                },
                                {
                                    "Worker Number": 2,
                                    "Actual Startup Time": 84.342,
                                    "Actual Total Time": 84.343,
                                    "Actual Rows": 1,
                                    "Actual Loops": 1
                                }
                            ],
                            "Plans": [
                                {
                                    "Node Type": "Bitmap Heap Scan",
                                    "Parent Relationship": "Outer",
                                    "Parallel Aware": true,
                                    "Relation Name": "movie_keyword",
                                    "Schema": "public",
                                    "Alias": "mk",
                                    "Startup Cost": 7637.71,
                                    "Total Cost": 33542.95,
                                    "Plan Rows": 116099,
                                    "Plan Width": 0,
                                    "Actual Startup Time": 16.784,
                                    "Actual Total Time": 81.17,
                                    "Actual Rows": 90524,
                                    "Actual Loops": 4,
                                    "Recheck Cond": "(mk.keyword_id < 333)",
                                    "Rows Removed by Index Recheck": 0,
                                    "Exact Heap Blocks": 11350,
                                    "Lossy Heap Blocks": 0,
                                    "Workers": [
                                        {
                                            "Worker Number": 0,
                                            "Actual Startup Time": 13.589,
                                            "Actual Total Time": 78.612,
                                            "Actual Rows": 64672,
                                            "Actual Loops": 1
                                        },
                                        {
                                            "Worker Number": 1,
                                            "Actual Startup Time": 14.303,
                                            "Actual Total Time": 79.126,
                                            "Actual Rows": 62939,
                                            "Actual Loops": 1
                                        },
                                        {
                                            "Worker Number": 2,
                                            "Actual Startup Time": 14.791,
                                            "Actual Total Time": 79.747,
                                            "Actual Rows": 60577,
                                            "Actual Loops": 1
                                        }
                                    ],
                                    "Plans": [
                                        {
                                            "Node Type": "Bitmap Index Scan",
                                            "Parent Relationship": "Outer",
                                            "Parallel Aware": false,
                                            "Index Name": "keyword_id_movie_keyword",
                                            "Startup Cost": 0.0,
                                            "Total Cost": 7547.73,
                                            "Plan Rows": 359907,
                                            "Plan Width": 0,
                                            "Actual Startup Time": 20.941,
                                            "Actual Total Time": 20.941,
                                            "Actual Rows": 362095,
                                            "Actual Loops": 1,
                                            "Index Cond": "(mk.keyword_id < 333)"
                                        }
                                    ]
                                }
                            ]
                        }
                    ]
                }
            ]
        },
        "Planning Time": 187.735,
        "Triggers": [],
        "Execution Time": 101.196
    }
]