[
    {
        "Bao": {
            "Bao prediction": "NaN",
            "Bao recommended hint": "(no hint)"
        }
    },
    {
        "Plan": {
            "Node Type": "Aggregate",
            "Strategy": "Plain",
            "Partial Mode": "Finalize",
            "Parallel Aware": false,
            "Startup Cost": 339558.81,
            "Total Cost": 339558.82,
            "Plan Rows": 1,
            "Plan Width": 8,
            "Actual Startup Time": 266.281,
            "Actual Total Time": 273.99,
            "Actual Rows": 1,
            "Actual Loops": 1,
            "Output": [
                "count(*)"
            ],
            "Plans": [
                {
                    "Node Type": "Gather",
                    "Parent Relationship": "Outer",
                    "Parallel Aware": false,
                    "Startup Cost": 339558.19,
                    "Total Cost": 339558.8,
                    "Plan Rows": 6,
                    "Plan Width": 8,
                    "Actual Startup Time": 265.251,
                    "Actual Total Time": 273.983,
                    "Actual Rows": 7,
                    "Actual Loops": 1,
                    "Output": [
                        "(PARTIAL count(*))"
                    ],
                    "Workers Planned": 6,
                    "Workers Launched": 6,
                    "Single Copy": false,
                    "Plans": [
                        {
                            "Node Type": "Aggregate",
                            "Strategy": "Plain",
                            "Partial Mode": "Partial",
                            "Parent Relationship": "Outer",
                            "Parallel Aware": false,
                            "Startup Cost": 338558.19,
                            "Total Cost": 338558.2,
                            "Plan Rows": 1,
                            "Plan Width": 8,
                            "Actual Startup Time": 254.715,
                            "Actual Total Time": 254.717,
                            "Actual Rows": 1,
                            "Actual Loops": 7,
                            "Output": [
                                "PARTIAL count(*)"
                            ],
                            "Workers": [
                                {
                                    "Worker Number": 0,
                                    "Actual Startup Time": 252.296,
                                    "Actual Total Time": 252.297,
                                    "Actual Rows": 1,
                                    "Actual Loops": 1
                                },
                                {
                                    "Worker Number": 1,
                                    "Actual Startup Time": 252.337,
                                    "Actual Total Time": 252.338,
                                    "Actual Rows": 1,
                                    "Actual Loops": 1
                                },
                                {
                                    "Worker Number": 2,
                                    "Actual Startup Time": 253.161,
                                    "Actual Total Time": 253.162,
                                    "Actual Rows": 1,
                                    "Actual Loops": 1
                                },
                                {
                                    "Worker Number": 3,
                                    "Actual Startup Time": 253.353,
                                    "Actual Total Time": 253.354,
                                    "Actual Rows": 1,
                                    "Actual Loops": 1
                                },
                                {
                                    "Worker Number": 4,
                                    "Actual Startup Time": 253.268,
                                    "Actual Total Time": 253.269,
                                    "Actual Rows": 1,
                                    "Actual Loops": 1
                                },
                                {
                                    "Worker Number": 5,
                                    "Actual Startup Time": 253.94,
                                    "Actual Total Time": 253.941,
                                    "Actual Rows": 1,
                                    "Actual Loops": 1
                                }
                            ],
                            "Plans": [
                                {
                                    "Node Type": "Bitmap Heap Scan",
                                    "Parent Relationship": "Outer",
                                    "Parallel Aware": true,
                                    "Relation Name": "cast_info",
                                    "Schema": "public",
                                    "Alias": "ci",
                                    "Startup Cost": 76510.42,
                                    "Total Cost": 337916.33,
                                    "Plan Rows": 256743,
                                    "Plan Width": 0,
                                    "Actual Startup Time": 204.969,
                                    "Actual Total Time": 248.31,
                                    "Actual Rows": 142694,
                                    "Actual Loops": 7,
                                    "Recheck Cond": "(ci.person_id < 339499)",
                                    "Rows Removed by Index Recheck": 0,
                                    "Filter": "(ci.role_id > 2)",
                                    "Rows Removed by Filter": 364730,
                                    "Exact Heap Blocks": 8288,
                                    "Lossy Heap Blocks": 0,
                                    "Workers": [
                                        {
                                            "Worker Number": 0,
                                            "Actual Startup Time": 202.566,
                                            "Actual Total Time": 245.646,
                                            "Actual Rows": 95556,
                                            "Actual Loops": 1
                                        },
                                        {
                                            "Worker Number": 1,
                                            "Actual Startup Time": 202.609,
                                            "Actual Total Time": 246.098,
                                            "Actual Rows": 140004,
                                            "Actual Loops": 1
                                        },
                                        {
                                            "Worker Number": 2,
                                            "Actual Startup Time": 203.4,
                                            "Actual Total Time": 246.98,
                                            "Actual Rows": 146235,
                                            "Actual Loops": 1
                                        },
                                        {
                                            "Worker Number": 3,
                                            "Actual Startup Time": 203.593,
                                            "Actual Total Time": 247.169,
                                            "Actual Rows": 145391,
                                            "Actual Loops": 1
                                        },
                                        {
                                            "Worker Number": 4,
                                            "Actual Startup Time": 203.54,
                                            "Actual Total Time": 246.946,
                                            "Actual Rows": 141689,
                                            "Actual Loops": 1
                                        },
                                        {
                                            "Worker Number": 5,
                                            "Actual Startup Time": 204.189,
                                            "Actual Total Time": 247.833,
                                            "Actual Rows": 143968,
                                            "Actual Loops": 1
                                        }
                                    ],
                                    "Plans": [
                                        {
                                            "Node Type": "Bitmap Index Scan",
                                            "Parent Relationship": "Outer",
                                            "Parallel Aware": false,
                                            "Index Name": "person_id_cast_info",
                                            "Startup Cost": 0.0,
                                            "Total Cost": 76125.3,
                                            "Plan Rows": 3487565,
                                            "Plan Width": 0,
                                            "Actual Startup Time": 135.84,
                                            "Actual Total Time": 135.84,
                                            "Actual Rows": 3551964,
                                            "Actual Loops": 1,
                                            "Index Cond": "(ci.person_id < 339499)"
                                        }
                                    ]
                                }
                            ]
                        }
                    ]
                }
            ]
        },
        "Planning Time": 215.459,
        "Triggers": [],
        "Execution Time": 274.092
    }
]