[
  {
    "Plan": {
      "Node Type": "Aggregate",
      "Strategy": "Plain",
      "Partial Mode": "Finalize",
      "Parallel Aware": false,
      "Startup Cost": 101033.31,
      "Total Cost": 101033.32,
      "Plan Rows": 1,
      "Plan Width": 8,
      "Actual Startup Time": 73.295,
      "Actual Total Time": 80.945,
      "Actual Rows": 1,
      "Actual Loops": 1,
      "Plans": [
        {
          "Node Type": "Gather",
          "Parent Relationship": "Outer",
          "Parallel Aware": false,
          "Startup Cost": 101032.89,
          "Total Cost": 101033.3,
          "Plan Rows": 4,
          "Plan Width": 8,
          "Actual Startup Time": 73.021,
          "Actual Total Time": 80.937,
          "Actual Rows": 5,
          "Actual Loops": 1,
          "Workers Planned": 4,
          "Workers Launched": 4,
          "Single Copy": false,
          "Plans": [
            {
              "Node Type": "Aggregate",
              "Strategy": "Plain",
              "Partial Mode": "Partial",
              "Parent Relationship": "Outer",
              "Parallel Aware": false,
              "Startup Cost": 100032.89,
              "Total Cost": 100032.9,
              "Plan Rows": 1,
              "Plan Width": 8,
              "Actual Startup Time": 63.07,
              "Actual Total Time": 63.071,
              "Actual Rows": 1,
              "Actual Loops": 5,
              "Plans": [
                {
                  "Node Type": "Nested Loop",
                  "Parent Relationship": "Outer",
                  "Parallel Aware": false,
                  "Join Type": "Inner",
                  "Startup Cost": 2181.81,
                  "Total Cost": 100026.51,
                  "Plan Rows": 2554,
                  "Plan Width": 0,
                  "Actual Startup Time": 16.907,
                  "Actual Total Time": 62.57,
                  "Actual Rows": 3351,
                  "Actual Loops": 5,
                  "Inner Unique": false,
                  "Plans": [
                    {
                      "Node Type": "Bitmap Heap Scan",
                      "Parent Relationship": "Outer",
                      "Parallel Aware": true,
                      "Relation Name": "title",
                      "Alias": "t",
                      "Startup Cost": 2181.37,
                      "Total Cost": 38637.63,
                      "Plan Rows": 437,
                      "Plan Width": 4,
                      "Actual Startup Time": 16.683,
                      "Actual Total Time": 39.846,
                      "Actual Rows": 480,
                      "Actual Loops": 5,
                      "Recheck Cond": "(kind_id = 4)",
                      "Rows Removed by Index Recheck": 0,
                      "Filter": "(production_year = 1995)",
                      "Rows Removed by Filter": 23167,
                      "Exact Heap Blocks": 7281,
                      "Lossy Heap Blocks": 0,
                      "Plans": [
                        {
                          "Node Type": "Bitmap Index Scan",
                          "Parent Relationship": "Outer",
                          "Parallel Aware": false,
                          "Index Name": "kind_id_title",
                          "Startup Cost": 0.0,
                          "Total Cost": 2180.94,
                          "Plan Rows": 122201,
                          "Plan Width": 0,
                          "Actual Startup Time": 19.72,
                          "Actual Total Time": 19.72,
                          "Actual Rows": 118234,
                          "Actual Loops": 1,
                          "Index Cond": "(kind_id = 4)"
                        }
                      ]
                    },
                    {
                      "Node Type": "Index Only Scan",
                      "Parent Relationship": "Inner",
                      "Parallel Aware": false,
                      "Scan Direction": "Forward",
                      "Index Name": "movie_id_movie_info",
                      "Relation Name": "movie_info",
                      "Alias": "mi",
                      "Startup Cost": 0.43,
                      "Total Cost": 140.06,
                      "Plan Rows": 42,
                      "Plan Width": 4,
                      "Actual Startup Time": 0.02,
                      "Actual Total Time": 0.046,
                      "Actual Rows": 7,
                      "Actual Loops": 2400,
                      "Index Cond": "(movie_id = t.id)",
                      "Rows Removed by Index Recheck": 0,
                      "Heap Fetches": 16756
                    }
                  ]
                }
              ]
            }
          ]
        }
      ]
    },
    "Planning Time": 0.634,
    "Triggers": [],
    "Execution Time": 81.069
  }
]