[
    {
        "Bao": {
            "Bao prediction": "NaN",
            "Bao recommended hint": "(no hint)"
        }
    },
    {
        "Plan": {
            "Node Type": "Aggregate",
            "Strategy": "Plain",
            "Partial Mode": "Finalize",
            "Parallel Aware": false,
            "Startup Cost": 32884.66,
            "Total Cost": 32884.67,
            "Plan Rows": 1,
            "Plan Width": 8,
            "Actual Startup Time": 94.962,
            "Actual Total Time": 100.088,
            "Actual Rows": 1,
            "Actual Loops": 1,
            "Output": [
                "count(*)"
            ],
            "Plans": [
                {
                    "Node Type": "Gather",
                    "Parent Relationship": "Outer",
                    "Parallel Aware": false,
                    "Startup Cost": 32884.34,
                    "Total Cost": 32884.65,
                    "Plan Rows": 3,
                    "Plan Width": 8,
                    "Actual Startup Time": 94.864,
                    "Actual Total Time": 100.082,
                    "Actual Rows": 4,
                    "Actual Loops": 1,
                    "Output": [
                        "(PARTIAL count(*))"
                    ],
                    "Workers Planned": 3,
                    "Workers Launched": 3,
                    "Single Copy": false,
                    "Plans": [
                        {
                            "Node Type": "Aggregate",
                            "Strategy": "Plain",
                            "Partial Mode": "Partial",
                            "Parent Relationship": "Outer",
                            "Parallel Aware": false,
                            "Startup Cost": 31884.34,
                            "Total Cost": 31884.35,
                            "Plan Rows": 1,
                            "Plan Width": 8,
                            "Actual Startup Time": 86.737,
                            "Actual Total Time": 86.738,
                            "Actual Rows": 1,
                            "Actual Loops": 4,
                            "Output": [
                                "PARTIAL count(*)"
                            ],
                            "Workers": [
                                {
                                    "Worker Number": 0,
                                    "Actual Startup Time": 83.843,
                                    "Actual Total Time": 83.844,
                                    "Actual Rows": 1,
                                    "Actual Loops": 1
                                },
                                {
                                    "Worker Number": 1,
                                    "Actual Startup Time": 84.183,
                                    "Actual Total Time": 84.184,
                                    "Actual Rows": 1,
                                    "Actual Loops": 1
                                },
                                {
                                    "Worker Number": 2,
                                    "Actual Startup Time": 84.293,
                                    "Actual Total Time": 84.294,
                                    "Actual Rows": 1,
                                    "Actual Loops": 1
                                }
                            ],
                            "Plans": [
                                {
                                    "Node Type": "Seq Scan",
                                    "Parent Relationship": "Outer",
                                    "Parallel Aware": true,
                                    "Relation Name": "movie_companies",
                                    "Schema": "public",
                                    "Alias": "mc",
                                    "Startup Cost": 0.0,
                                    "Total Cost": 31414.82,
                                    "Plan Rows": 187809,
                                    "Plan Width": 0,
                                    "Actual Startup Time": 41.051,
                                    "Actual Total Time": 76.994,
                                    "Actual Rows": 216640,
                                    "Actual Loops": 4,
                                    "Output": [
                                        "id",
                                        "movie_id",
                                        "company_id",
                                        "company_type_id",
                                        "note"
                                    ],
                                    "Filter": "((mc.company_id > 13165) AND (mc.company_type_id > 1))",
                                    "Rows Removed by Filter": 435642,
                                    "Workers": [
                                        {
                                            "Worker Number": 0,
                                            "Actual Startup Time": 38.162,
                                            "Actual Total Time": 74.394,
                                            "Actual Rows": 232079,
                                            "Actual Loops": 1
                                        },
                                        {
                                            "Worker Number": 1,
                                            "Actual Startup Time": 38.488,
                                            "Actual Total Time": 74.761,
                                            "Actual Rows": 141978,
                                            "Actual Loops": 1
                                        },
                                        {
                                            "Worker Number": 2,
                                            "Actual Startup Time": 38.621,
                                            "Actual Total Time": 75.008,
                                            "Actual Rows": 221675,
                                            "Actual Loops": 1
                                        }
                                    ]
                                }
                            ]
                        }
                    ]
                }
            ]
        },
        "Planning Time": 177.479,
        "Triggers": [],
        "Execution Time": 100.128
    }
]