[
  {
    "Plan": {
      "Node Type": "Aggregate",
      "Strategy": "Plain",
      "Partial Mode": "Finalize",
      "Parallel Aware": false,
      "Startup Cost": 44908.64,
      "Total Cost": 44908.65,
      "Plan Rows": 1,
      "Plan Width": 8,
      "Actual Startup Time": 76.239,
      "Actual Total Time": 87.535,
      "Actual Rows": 1,
      "Actual Loops": 1,
      "Plans": [
        {
          "Node Type": "Gather",
          "Parent Relationship": "Outer",
          "Parallel Aware": false,
          "Startup Cost": 44908.22,
          "Total Cost": 44908.63,
          "Plan Rows": 4,
          "Plan Width": 8,
          "Actual Startup Time": 76.076,
          "Actual Total Time": 87.523,
          "Actual Rows": 5,
          "Actual Loops": 1,
          "Workers Planned": 4,
          "Workers Launched": 4,
          "Single Copy": false,
          "Plans": [
            {
              "Node Type": "Aggregate",
              "Strategy": "Plain",
              "Partial Mode": "Partial",
              "Parent Relationship": "Outer",
              "Parallel Aware": false,
              "Startup Cost": 43908.22,
              "Total Cost": 43908.23,
              "Plan Rows": 1,
              "Plan Width": 8,
              "Actual Startup Time": 72.388,
              "Actual Total Time": 72.389,
              "Actual Rows": 1,
              "Actual Loops": 5,
              "Plans": [
                {
                  "Node Type": "Seq Scan",
                  "Parent Relationship": "Outer",
                  "Parallel Aware": true,
                  "Relation Name": "title",
                  "Alias": "t",
                  "Startup Cost": 0.0,
                  "Total Cost": 43899.32,
                  "Plan Rows": 3561,
                  "Plan Width": 0,
                  "Actual Startup Time": 0.065,
                  "Actual Total Time": 72.066,
                  "Actual Rows": 2954,
                  "Actual Loops": 5,
                  "Filter": "(production_year = 1982)",
                  "Rows Removed by Filter": 502708
                }
              ]
            }
          ]
        }
      ]
    },
    "Planning Time": 0.115,
    "Triggers": [],
    "Execution Time": 87.582
  }
]