[
  {
    "Plan": {
      "Node Type": "Aggregate",
      "Strategy": "Plain",
      "Partial Mode": "Finalize",
      "Parallel Aware": false,
      "Startup Cost": 156930.42,
      "Total Cost": 156930.43,
      "Plan Rows": 1,
      "Plan Width": 8,
      "Actual Startup Time": 233.375,
      "Actual Total Time": 267.919,
      "Actual Rows": 1,
      "Actual Loops": 1,
      "Plans": [
        {
          "Node Type": "Gather",
          "Parent Relationship": "Outer",
          "Parallel Aware": false,
          "Startup Cost": 156930.0,
          "Total Cost": 156930.41,
          "Plan Rows": 4,
          "Plan Width": 8,
          "Actual Startup Time": 232.585,
          "Actual Total Time": 267.903,
          "Actual Rows": 5,
          "Actual Loops": 1,
          "Workers Planned": 4,
          "Workers Launched": 4,
          "Single Copy": false,
          "Plans": [
            {
              "Node Type": "Aggregate",
              "Strategy": "Plain",
              "Partial Mode": "Partial",
              "Parent Relationship": "Outer",
              "Parallel Aware": false,
              "Startup Cost": 155930.0,
              "Total Cost": 155930.01,
              "Plan Rows": 1,
              "Plan Width": 8,
              "Actual Startup Time": 227.222,
              "Actual Total Time": 227.224,
              "Actual Rows": 1,
              "Actual Loops": 5,
              "Plans": [
                {
                  "Node Type": "Nested Loop",
                  "Parent Relationship": "Outer",
                  "Parallel Aware": false,
                  "Join Type": "Inner",
                  "Startup Cost": 1.0,
                  "Total Cost": 155745.79,
                  "Plan Rows": 73684,
                  "Plan Width": 0,
                  "Actual Startup Time": 2.208,
                  "Actual Total Time": 221.296,
                  "Actual Rows": 75719,
                  "Actual Loops": 5,
                  "Inner Unique": false,
                  "Join Filter": "(t.id = ci.movie_id)",
                  "Rows Removed by Join Filter": 0,
                  "Plans": [
                    {
                      "Node Type": "Nested Loop",
                      "Parent Relationship": "Outer",
                      "Parallel Aware": false,
                      "Join Type": "Inner",
                      "Startup Cost": 0.43,
                      "Total Cost": 146916.31,
                      "Plan Rows": 5139,
                      "Plan Width": 8,
                      "Actual Startup Time": 1.757,
                      "Actual Total Time": 112.292,
                      "Actual Rows": 4627,
                      "Actual Loops": 5,
                      "Inner Unique": false,
                      "Plans": [
                        {
                          "Node Type": "Seq Scan",
                          "Parent Relationship": "Outer",
                          "Parallel Aware": true,
                          "Relation Name": "title",
                          "Alias": "t",
                          "Startup Cost": 0.0,
                          "Total Cost": 43899.32,
                          "Plan Rows": 875,
                          "Plan Width": 4,
                          "Actual Startup Time": 1.65,
                          "Actual Total Time": 84.168,
                          "Actual Rows": 703,
                          "Actual Loops": 5,
                          "Filter": "(production_year > 2013)",
                          "Rows Removed by Filter": 504959
                        },
                        {
                          "Node Type": "Index Only Scan",
                          "Parent Relationship": "Inner",
                          "Parallel Aware": false,
                          "Scan Direction": "Forward",
                          "Index Name": "movie_id_movie_info",
                          "Relation Name": "movie_info",
                          "Alias": "mi",
                          "Startup Cost": 0.43,
                          "Total Cost": 117.32,
                          "Plan Rows": 41,
                          "Plan Width": 4,
                          "Actual Startup Time": 0.016,
                          "Actual Total Time": 0.038,
                          "Actual Rows": 7,
                          "Actual Loops": 3515,
                          "Index Cond": "(movie_id = t.id)",
                          "Rows Removed by Index Recheck": 0,
                          "Heap Fetches": 23133
                        }
                      ]
                    },
                    {
                      "Node Type": "Index Only Scan",
                      "Parent Relationship": "Inner",
                      "Parallel Aware": false,
                      "Scan Direction": "Forward",
                      "Index Name": "movie_id_cast_info",
                      "Relation Name": "cast_info",
                      "Alias": "ci",
                      "Startup Cost": 0.56,
                      "Total Cost": 1.28,
                      "Plan Rows": 35,
                      "Plan Width": 4,
                      "Actual Startup Time": 0.006,
                      "Actual Total Time": 0.021,
                      "Actual Rows": 16,
                      "Actual Loops": 23133,
                      "Index Cond": "(movie_id = mi.movie_id)",
                      "Rows Removed by Index Recheck": 0,
                      "Heap Fetches": 378594
                    }
                  ]
                }
              ]
            }
          ]
        }
      ]
    },
    "Planning Time": 1.269,
    "Triggers": [],
    "Execution Time": 268.013
  }
]