[
    {
        "Bao": {
            "Bao prediction": 528.265,
            "Bao recommended hint": "(no hint)"
        }
    },
    {
        "Plan": {
            "Node Type": "Aggregate",
            "Strategy": "Plain",
            "Partial Mode": "Finalize",
            "Parallel Aware": false,
            "Startup Cost": 251280.62,
            "Total Cost": 251280.63,
            "Plan Rows": 1,
            "Plan Width": 8,
            "Actual Startup Time": 697.009,
            "Actual Total Time": 714.674,
            "Actual Rows": 1,
            "Actual Loops": 1,
            "Output": [
                "count(*)"
            ],
            "Plans": [
                {
                    "Node Type": "Gather",
                    "Parent Relationship": "Outer",
                    "Parallel Aware": false,
                    "Startup Cost": 251279.99,
                    "Total Cost": 251280.6,
                    "Plan Rows": 6,
                    "Plan Width": 8,
                    "Actual Startup Time": 693.579,
                    "Actual Total Time": 714.661,
                    "Actual Rows": 7,
                    "Actual Loops": 1,
                    "Output": [
                        "(PARTIAL count(*))"
                    ],
                    "Workers Planned": 6,
                    "Workers Launched": 6,
                    "Single Copy": false,
                    "Plans": [
                        {
                            "Node Type": "Aggregate",
                            "Strategy": "Plain",
                            "Partial Mode": "Partial",
                            "Parent Relationship": "Outer",
                            "Parallel Aware": false,
                            "Startup Cost": 250279.99,
                            "Total Cost": 250280.0,
                            "Plan Rows": 1,
                            "Plan Width": 8,
                            "Actual Startup Time": 683.484,
                            "Actual Total Time": 683.487,
                            "Actual Rows": 1,
                            "Actual Loops": 7,
                            "Output": [
                                "PARTIAL count(*)"
                            ],
                            "Workers": [
                                {
                                    "Worker Number": 0,
                                    "Actual Startup Time": 681.293,
                                    "Actual Total Time": 681.296,
                                    "Actual Rows": 1,
                                    "Actual Loops": 1
                                },
                                {
                                    "Worker Number": 1,
                                    "Actual Startup Time": 681.579,
                                    "Actual Total Time": 681.583,
                                    "Actual Rows": 1,
                                    "Actual Loops": 1
                                },
                                {
                                    "Worker Number": 2,
                                    "Actual Startup Time": 682.031,
                                    "Actual Total Time": 682.034,
                                    "Actual Rows": 1,
                                    "Actual Loops": 1
                                },
                                {
                                    "Worker Number": 3,
                                    "Actual Startup Time": 681.989,
                                    "Actual Total Time": 681.992,
                                    "Actual Rows": 1,
                                    "Actual Loops": 1
                                },
                                {
                                    "Worker Number": 4,
                                    "Actual Startup Time": 682.38,
                                    "Actual Total Time": 682.383,
                                    "Actual Rows": 1,
                                    "Actual Loops": 1
                                },
                                {
                                    "Worker Number": 5,
                                    "Actual Startup Time": 682.52,
                                    "Actual Total Time": 682.523,
                                    "Actual Rows": 1,
                                    "Actual Loops": 1
                                }
                            ],
                            "Plans": [
                                {
                                    "Node Type": "Hash Join",
                                    "Parent Relationship": "Outer",
                                    "Parallel Aware": true,
                                    "Join Type": "Inner",
                                    "Startup Cost": 46980.85,
                                    "Total Cost": 249899.24,
                                    "Plan Rows": 152299,
                                    "Plan Width": 0,
                                    "Actual Startup Time": 119.85,
                                    "Actual Total Time": 672.417,
                                    "Actual Rows": 150410,
                                    "Actual Loops": 7,
                                    "Inner Unique": true,
                                    "Hash Cond": "(ci.movie_id = t.id)",
                                    "Workers": [
                                        {
                                            "Worker Number": 0,
                                            "Actual Startup Time": 117.599,
                                            "Actual Total Time": 669.892,
                                            "Actual Rows": 153011,
                                            "Actual Loops": 1
                                        },
                                        {
                                            "Worker Number": 1,
                                            "Actual Startup Time": 117.803,
                                            "Actual Total Time": 670.709,
                                            "Actual Rows": 146343,
                                            "Actual Loops": 1
                                        },
                                        {
                                            "Worker Number": 2,
                                            "Actual Startup Time": 118.397,
                                            "Actual Total Time": 670.651,
                                            "Actual Rows": 151153,
                                            "Actual Loops": 1
                                        },
                                        {
                                            "Worker Number": 3,
                                            "Actual Startup Time": 118.333,
                                            "Actual Total Time": 670.679,
                                            "Actual Rows": 151529,
                                            "Actual Loops": 1
                                        },
                                        {
                                            "Worker Number": 4,
                                            "Actual Startup Time": 118.836,
                                            "Actual Total Time": 671.106,
                                            "Actual Rows": 150576,
                                            "Actual Loops": 1
                                        },
                                        {
                                            "Worker Number": 5,
                                            "Actual Startup Time": 119.017,
                                            "Actual Total Time": 671.661,
                                            "Actual Rows": 144932,
                                            "Actual Loops": 1
                                        }
                                    ],
                                    "Plans": [
                                        {
                                            "Node Type": "Index Scan",
                                            "Parent Relationship": "Outer",
                                            "Parallel Aware": true,
                                            "Scan Direction": "Forward",
                                            "Index Name": "role_id_cast_info",
                                            "Relation Name": "cast_info",
                                            "Schema": "public",
                                            "Alias": "ci",
                                            "Startup Cost": 0.56,
                                            "Total Cost": 200814.65,
                                            "Plan Rows": 801641,
                                            "Plan Width": 4,
                                            "Actual Startup Time": 0.107,
                                            "Actual Total Time": 297.447,
                                            "Actual Rows": 1064249,
                                            "Actual Loops": 7,
                                            "Output": [
                                                "ci.id",
                                                "ci.person_id",
                                                "ci.movie_id",
                                                "ci.person_role_id",
                                                "ci.note",
                                                "ci.nr_order",
                                                "ci.role_id"
                                            ],
                                            "Index Cond": "(ci.role_id = 2)",
                                            "Rows Removed by Index Recheck": 0,
                                            "Filter": "(ci.person_id > 1275957)",
                                            "Rows Removed by Filter": 319,
                                            "Workers": [
                                                {
                                                    "Worker Number": 0,
                                                    "Actual Startup Time": 0.074,
                                                    "Actual Total Time": 301.413,
                                                    "Actual Rows": 1076128,
                                                    "Actual Loops": 1
                                                },
                                                {
                                                    "Worker Number": 1,
                                                    "Actual Startup Time": 0.125,
                                                    "Actual Total Time": 292.854,
                                                    "Actual Rows": 1028708,
                                                    "Actual Loops": 1
                                                },
                                                {
                                                    "Worker Number": 2,
                                                    "Actual Startup Time": 0.146,
                                                    "Actual Total Time": 301.08,
                                                    "Actual Rows": 1070864,
                                                    "Actual Loops": 1
                                                },
                                                {
                                                    "Worker Number": 3,
                                                    "Actual Startup Time": 0.065,
                                                    "Actual Total Time": 298.904,
                                                    "Actual Rows": 1070642,
                                                    "Actual Loops": 1
                                                },
                                                {
                                                    "Worker Number": 4,
                                                    "Actual Startup Time": 0.186,
                                                    "Actual Total Time": 300.28,
                                                    "Actual Rows": 1071985,
                                                    "Actual Loops": 1
                                                },
                                                {
                                                    "Worker Number": 5,
                                                    "Actual Startup Time": 0.106,
                                                    "Actual Total Time": 295.026,
                                                    "Actual Rows": 1029992,
                                                    "Actual Loops": 1
                                                }
                                            ]
                                        },
                                        {
                                            "Node Type": "Hash",
                                            "Parent Relationship": "Inner",
                                            "Parallel Aware": true,
                                            "Startup Cost": 45479.21,
                                            "Total Cost": 45479.21,
                                            "Plan Rows": 120086,
                                            "Plan Width": 4,
                                            "Actual Startup Time": 117.331,
                                            "Actual Total Time": 117.332,
                                            "Actual Rows": 50078,
                                            "Actual Loops": 7,
                                            "Output": [
                                                "t.id"
                                            ],
                                            "Hash Buckets": 524288,
                                            "Original Hash Buckets": 524288,
                                            "Hash Batches": 1,
                                            "Original Hash Batches": 1,
                                            "Peak Memory Usage": 17888,
                                            "Workers": [
                                                {
                                                    "Worker Number": 0,
                                                    "Actual Startup Time": 116.801,
                                                    "Actual Total Time": 116.802,
                                                    "Actual Rows": 50898,
                                                    "Actual Loops": 1
                                                },
                                                {
                                                    "Worker Number": 1,
                                                    "Actual Startup Time": 117.261,
                                                    "Actual Total Time": 117.262,
                                                    "Actual Rows": 48109,
                                                    "Actual Loops": 1
                                                },
                                                {
                                                    "Worker Number": 2,
                                                    "Actual Startup Time": 117.63,
                                                    "Actual Total Time": 117.631,
                                                    "Actual Rows": 51631,
                                                    "Actual Loops": 1
                                                },
                                                {
                                                    "Worker Number": 3,
                                                    "Actual Startup Time": 117.564,
                                                    "Actual Total Time": 117.565,
                                                    "Actual Rows": 51458,
                                                    "Actual Loops": 1
                                                },
                                                {
                                                    "Worker Number": 4,
                                                    "Actual Startup Time": 117.55,
                                                    "Actual Total Time": 117.551,
                                                    "Actual Rows": 50651,
                                                    "Actual Loops": 1
                                                },
                                                {
                                                    "Worker Number": 5,
                                                    "Actual Startup Time": 118.118,
                                                    "Actual Total Time": 118.119,
                                                    "Actual Rows": 48237,
                                                    "Actual Loops": 1
                                                }
                                            ],
                                            "Plans": [
                                                {
                                                    "Node Type": "Seq Scan",
                                                    "Parent Relationship": "Outer",
                                                    "Parallel Aware": true,
                                                    "Relation Name": "title",
                                                    "Schema": "public",
                                                    "Alias": "t",
                                                    "Startup Cost": 0.0,
                                                    "Total Cost": 45479.21,
                                                    "Plan Rows": 120086,
                                                    "Plan Width": 4,
                                                    "Actual Startup Time": 48.38,
                                                    "Actual Total Time": 94.184,
                                                    "Actual Rows": 50078,
                                                    "Actual Loops": 7,
                                                    "Output": [
                                                        "t.id"
                                                    ],
                                                    "Filter": "((t.production_year > 1987) AND (t.kind_id = 1))",
                                                    "Rows Removed by Filter": 311110,
                                                    "Workers": [
                                                        {
                                                            "Worker Number": 0,
                                                            "Actual Startup Time": 55.542,
                                                            "Actual Total Time": 94.683,
                                                            "Actual Rows": 50898,
                                                            "Actual Loops": 1
                                                        },
                                                        {
                                                            "Worker Number": 1,
                                                            "Actual Startup Time": 55.418,
                                                            "Actual Total Time": 94.033,
                                                            "Actual Rows": 48109,
                                                            "Actual Loops": 1
                                                        },
                                                        {
                                                            "Worker Number": 2,
                                                            "Actual Startup Time": 55.285,
                                                            "Actual Total Time": 94.822,
                                                            "Actual Rows": 51631,
                                                            "Actual Loops": 1
                                                        },
                                                        {
                                                            "Worker Number": 3,
                                                            "Actual Startup Time": 6.211,
                                                            "Actual Total Time": 94.582,
                                                            "Actual Rows": 51458,
                                                            "Actual Loops": 1
                                                        },
                                                        {
                                                            "Worker Number": 4,
                                                            "Actual Startup Time": 55.362,
                                                            "Actual Total Time": 94.564,
                                                            "Actual Rows": 50651,
                                                            "Actual Loops": 1
                                                        },
                                                        {
                                                            "Worker Number": 5,
                                                            "Actual Startup Time": 55.244,
                                                            "Actual Total Time": 94.315,
                                                            "Actual Rows": 48237,
                                                            "Actual Loops": 1
                                                        }
                                                    ]
                                                }
                                            ]
                                        }
                                    ]
                                }
                            ]
                        }
                    ]
                }
            ]
        },
        "Planning Time": 2485.468,
        "Triggers": [],
        "Execution Time": 714.805
    }
]