[
    {
        "Bao": {
            "Bao prediction": "NaN",
            "Bao recommended hint": "(no hint)"
        }
    },
    {
        "Plan": {
            "Node Type": "Aggregate",
            "Strategy": "Plain",
            "Partial Mode": "Finalize",
            "Parallel Aware": false,
            "Startup Cost": 23141.07,
            "Total Cost": 23141.08,
            "Plan Rows": 1,
            "Plan Width": 8,
            "Actual Startup Time": 54.117,
            "Actual Total Time": 58.837,
            "Actual Rows": 1,
            "Actual Loops": 1,
            "Output": [
                "count(*)"
            ],
            "Plans": [
                {
                    "Node Type": "Gather",
                    "Parent Relationship": "Outer",
                    "Parallel Aware": false,
                    "Startup Cost": 23140.75,
                    "Total Cost": 23141.06,
                    "Plan Rows": 3,
                    "Plan Width": 8,
                    "Actual Startup Time": 53.863,
                    "Actual Total Time": 58.829,
                    "Actual Rows": 4,
                    "Actual Loops": 1,
                    "Output": [
                        "(PARTIAL count(*))"
                    ],
                    "Workers Planned": 3,
                    "Workers Launched": 3,
                    "Single Copy": false,
                    "Plans": [
                        {
                            "Node Type": "Aggregate",
                            "Strategy": "Plain",
                            "Partial Mode": "Partial",
                            "Parent Relationship": "Outer",
                            "Parallel Aware": false,
                            "Startup Cost": 22140.75,
                            "Total Cost": 22140.76,
                            "Plan Rows": 1,
                            "Plan Width": 8,
                            "Actual Startup Time": 45.177,
                            "Actual Total Time": 45.181,
                            "Actual Rows": 1,
                            "Actual Loops": 4,
                            "Output": [
                                "PARTIAL count(*)"
                            ],
                            "Workers": [
                                {
                                    "Worker Number": 0,
                                    "Actual Startup Time": 42.089,
                                    "Actual Total Time": 42.091,
                                    "Actual Rows": 1,
                                    "Actual Loops": 1
                                },
                                {
                                    "Worker Number": 1,
                                    "Actual Startup Time": 42.315,
                                    "Actual Total Time": 42.324,
                                    "Actual Rows": 1,
                                    "Actual Loops": 1
                                },
                                {
                                    "Worker Number": 2,
                                    "Actual Startup Time": 42.999,
                                    "Actual Total Time": 43.001,
                                    "Actual Rows": 1,
                                    "Actual Loops": 1
                                }
                            ],
                            "Plans": [
                                {
                                    "Node Type": "Bitmap Heap Scan",
                                    "Parent Relationship": "Outer",
                                    "Parallel Aware": true,
                                    "Relation Name": "movie_companies",
                                    "Schema": "public",
                                    "Alias": "mc",
                                    "Startup Cost": 2694.25,
                                    "Total Cost": 22089.34,
                                    "Plan Rows": 20566,
                                    "Plan Width": 0,
                                    "Actual Startup Time": 39.658,
                                    "Actual Total Time": 44.754,
                                    "Actual Rows": 5742,
                                    "Actual Loops": 4,
                                    "Recheck Cond": "(mc.company_id < 21)",
                                    "Rows Removed by Index Recheck": 0,
                                    "Filter": "(mc.company_type_id = 2)",
                                    "Rows Removed by Filter": 27296,
                                    "Exact Heap Blocks": 7505,
                                    "Lossy Heap Blocks": 0,
                                    "Workers": [
                                        {
                                            "Worker Number": 0,
                                            "Actual Startup Time": 36.567,
                                            "Actual Total Time": 41.684,
                                            "Actual Rows": 3673,
                                            "Actual Loops": 1
                                        },
                                        {
                                            "Worker Number": 1,
                                            "Actual Startup Time": 36.804,
                                            "Actual Total Time": 41.955,
                                            "Actual Rows": 2798,
                                            "Actual Loops": 1
                                        },
                                        {
                                            "Worker Number": 2,
                                            "Actual Startup Time": 37.468,
                                            "Actual Total Time": 42.599,
                                            "Actual Rows": 3573,
                                            "Actual Loops": 1
                                        }
                                    ],
                                    "Plans": [
                                        {
                                            "Node Type": "Bitmap Index Scan",
                                            "Parent Relationship": "Outer",
                                            "Parallel Aware": false,
                                            "Index Name": "company_id_movie_companies",
                                            "Startup Cost": 0.0,
                                            "Total Cost": 2678.31,
                                            "Plan Rows": 125051,
                                            "Plan Width": 0,
                                            "Actual Startup Time": 21.146,
                                            "Actual Total Time": 21.146,
                                            "Actual Rows": 132152,
                                            "Actual Loops": 1,
                                            "Index Cond": "(mc.company_id < 21)"
                                        }
                                    ]
                                }
                            ]
                        }
                    ]
                }
            ]
        },
        "Planning Time": 214.201,
        "Triggers": [],
        "Execution Time": 58.947
    }
]