{
  "Plan": {
    "Node Type": "Aggregate",
    "Strategy": "Plain",
    "Partial Mode": "Finalize",
    "Parallel Aware": false,
    "Startup Cost": 339859.08,
    "Total Cost": 339859.09,
    "Plan Rows": 1,
    "Plan Width": 8,
    "Actual Startup Time": 1020.8,
    "Actual Total Time": 1070.615,
    "Actual Rows": 1,
    "Actual Loops": 1,
    "Plans": [
      {
        "Node Type": "Gather",
        "Parent Relationship": "Outer",
        "Parallel Aware": false,
        "Startup Cost": 339858.97,
        "Total Cost": 339859.08,
        "Plan Rows": 1,
        "Plan Width": 8,
        "Actual Startup Time": 1020.555,
        "Actual Total Time": 1070.607,
        "Actual Rows": 2,
        "Actual Loops": 1,
        "Workers Planned": 1,
        "Workers Launched": 1,
        "Single Copy": false,
        "Plans": [
          {
            "Node Type": "Aggregate",
            "Strategy": "Plain",
            "Partial Mode": "Partial",
            "Parent Relationship": "Outer",
            "Parallel Aware": false,
            "Startup Cost": 338858.97,
            "Total Cost": 338858.98,
            "Plan Rows": 1,
            "Plan Width": 8,
            "Actual Startup Time": 1017.071,
            "Actual Total Time": 1017.074,
            "Actual Rows": 1,
            "Actual Loops": 2,
            "Plans": [
              {
                "Node Type": "Hash Join",
                "Parent Relationship": "Outer",
                "Parallel Aware": true,
                "Join Type": "Inner",
                "Startup Cost": 58552.62,
                "Total Cost": 338739.29,
                "Plan Rows": 47871,
                "Plan Width": 0,
                "Actual Startup Time": 171.327,
                "Actual Total Time": 1013.662,
                "Actual Rows": 73340,
                "Actual Loops": 2,
                "Inner Unique": true,
                "Hash Cond": "(mi.movie_id = t.id)",
                "Plans": [
                  {
                    "Node Type": "Seq Scan",
                    "Parent Relationship": "Outer",
                    "Parallel Aware": true,
                    "Relation Name": "movie_info",
                    "Alias": "mi",
                    "Startup Cost": 0.0,
                    "Total Cost": 270696.42,
                    "Plan Rows": 3615331,
                    "Plan Width": 4,
                    "Actual Startup Time": 33.924,
                    "Actual Total Time": 652.904,
                    "Actual Rows": 3041714,
                    "Actual Loops": 2,
                    "Filter": "(info_type_id > 9)",
                    "Rows Removed by Filter": 4376146
                  },
                  {
                    "Node Type": "Hash",
                    "Parent Relationship": "Inner",
                    "Parallel Aware": true,
                    "Startup Cost": 58306.47,
                    "Total Cost": 58306.47,
                    "Plan Rows": 19692,
                    "Plan Width": 4,
                    "Actual Startup Time": 136.395,
                    "Actual Total Time": 136.396,
                    "Actual Rows": 14056,
                    "Actual Loops": 2,
                    "Hash Buckets": 65536,
                    "Original Hash Buckets": 65536,
                    "Hash Batches": 1,
                    "Original Hash Batches": 1,
                    "Peak Memory Usage": 1664,
                    "Plans": [
                      {
                        "Node Type": "Seq Scan",
                        "Parent Relationship": "Outer",
                        "Parallel Aware": true,
                        "Relation Name": "title",
                        "Alias": "t",
                        "Startup Cost": 0.0,
                        "Total Cost": 58306.47,
                        "Plan Rows": 19692,
                        "Plan Width": 4,
                        "Actual Startup Time": 0.11,
                        "Actual Total Time": 132.416,
                        "Actual Rows": 14056,
                        "Actual Loops": 2,
                        "Filter": "((kind_id < 7) AND (production_year = 2004))",
                        "Rows Removed by Filter": 1250100
                      }
                    ]
                  }
                ]
              }
            ]
          }
        ]
      }
    ]
  },
  "Planning Time": 0.286,
  "Triggers": [],
  "Execution Time": 1070.674
}