{
  "Plan": {
    "Node Type": "Aggregate",
    "Strategy": "Plain",
    "Partial Mode": "Finalize",
    "Parallel Aware": false,
    "Startup Cost": 614378.29,
    "Total Cost": 614378.3,
    "Plan Rows": 1,
    "Plan Width": 8,
    "Actual Startup Time": 3297.665,
    "Actual Total Time": 3352.701,
    "Actual Rows": 1,
    "Actual Loops": 1,
    "Plans": [
      {
        "Node Type": "Gather",
        "Parent Relationship": "Outer",
        "Parallel Aware": false,
        "Startup Cost": 614378.17,
        "Total Cost": 614378.28,
        "Plan Rows": 1,
        "Plan Width": 8,
        "Actual Startup Time": 3296.958,
        "Actual Total Time": 3352.691,
        "Actual Rows": 2,
        "Actual Loops": 1,
        "Workers Planned": 1,
        "Workers Launched": 1,
        "Single Copy": false,
        "Plans": [
          {
            "Node Type": "Aggregate",
            "Strategy": "Plain",
            "Partial Mode": "Partial",
            "Parent Relationship": "Outer",
            "Parallel Aware": false,
            "Startup Cost": 613378.17,
            "Total Cost": 613378.18,
            "Plan Rows": 1,
            "Plan Width": 8,
            "Actual Startup Time": 3293.13,
            "Actual Total Time": 3293.134,
            "Actual Rows": 1,
            "Actual Loops": 2,
            "Plans": [
              {
                "Node Type": "Hash Join",
                "Parent Relationship": "Outer",
                "Parallel Aware": true,
                "Join Type": "Inner",
                "Startup Cost": 59416.37,
                "Total Cost": 611500.93,
                "Plan Rows": 750896,
                "Plan Width": 0,
                "Actual Startup Time": 545.175,
                "Actual Total Time": 3262.162,
                "Actual Rows": 729850,
                "Actual Loops": 2,
                "Inner Unique": true,
                "Hash Cond": "(ci.movie_id = t.id)",
                "Plans": [
                  {
                    "Node Type": "Seq Scan",
                    "Parent Relationship": "Outer",
                    "Parallel Aware": true,
                    "Relation Name": "cast_info",
                    "Alias": "ci",
                    "Startup Cost": 0.0,
                    "Total Cost": 519069.44,
                    "Plan Rows": 12577169,
                    "Plan Width": 4,
                    "Actual Startup Time": 353.612,
                    "Actual Total Time": 1529.876,
                    "Actual Rows": 10706106,
                    "Actual Loops": 2,
                    "Filter": "(person_id > 1463411)",
                    "Rows Removed by Filter": 7416066
                  },
                  {
                    "Node Type": "Hash",
                    "Parent Relationship": "Inner",
                    "Parallel Aware": true,
                    "Startup Cost": 58306.47,
                    "Total Cost": 58306.47,
                    "Plan Rows": 88792,
                    "Plan Width": 4,
                    "Actual Startup Time": 188.107,
                    "Actual Total Time": 188.109,
                    "Actual Rows": 129024,
                    "Actual Loops": 2,
                    "Hash Buckets": 262144,
                    "Original Hash Buckets": 262144,
                    "Hash Batches": 1,
                    "Original Hash Batches": 1,
                    "Peak Memory Usage": 12160,
                    "Plans": [
                      {
                        "Node Type": "Seq Scan",
                        "Parent Relationship": "Outer",
                        "Parallel Aware": true,
                        "Relation Name": "title",
                        "Alias": "t",
                        "Startup Cost": 0.0,
                        "Total Cost": 58306.47,
                        "Plan Rows": 88792,
                        "Plan Width": 4,
                        "Actual Startup Time": 0.165,
                        "Actual Total Time": 150.578,
                        "Actual Rows": 129024,
                        "Actual Loops": 2,
                        "Filter": "((kind_id < 7) AND (production_year < 1972))",
                        "Rows Removed by Filter": 1135132
                      }
                    ]
                  }
                ]
              }
            ]
          }
        ]
      }
    ]
  },
  "Planning Time": 0.534,
  "Triggers": [],
  "Execution Time": 3352.782
}