[
  {
    "Plan": {
      "Node Type": "Aggregate",
      "Strategy": "Plain",
      "Partial Mode": "Finalize",
      "Parallel Aware": false,
      "Startup Cost": 64033.26,
      "Total Cost": 64033.27,
      "Plan Rows": 1,
      "Plan Width": 8,
      "Actual Startup Time": 226.237,
      "Actual Total Time": 242.517,
      "Actual Rows": 1,
      "Actual Loops": 1,
      "Plans": [
        {
          "Node Type": "Gather",
          "Parent Relationship": "Outer",
          "Parallel Aware": false,
          "Startup Cost": 64033.05,
          "Total Cost": 64033.26,
          "Plan Rows": 2,
          "Plan Width": 8,
          "Actual Startup Time": 225.954,
          "Actual Total Time": 242.509,
          "Actual Rows": 3,
          "Actual Loops": 1,
          "Workers Planned": 2,
          "Workers Launched": 2,
          "Single Copy": false,
          "Plans": [
            {
              "Node Type": "Aggregate",
              "Strategy": "Plain",
              "Partial Mode": "Partial",
              "Parent Relationship": "Outer",
              "Parallel Aware": false,
              "Startup Cost": 63033.05,
              "Total Cost": 63033.06,
              "Plan Rows": 1,
              "Plan Width": 8,
              "Actual Startup Time": 217.725,
              "Actual Total Time": 217.729,
              "Actual Rows": 1,
              "Actual Loops": 3,
              "Plans": [
                {
                  "Node Type": "Nested Loop",
                  "Parent Relationship": "Outer",
                  "Parallel Aware": false,
                  "Join Type": "Inner",
                  "Startup Cost": 45527.32,
                  "Total Cost": 63024.08,
                  "Plan Rows": 3589,
                  "Plan Width": 0,
                  "Actual Startup Time": 124.225,
                  "Actual Total Time": 217.35,
                  "Actual Rows": 5819,
                  "Actual Loops": 3,
                  "Inner Unique": false,
                  "Join Filter": "(t.id = mc.movie_id)",
                  "Rows Removed by Join Filter": 0,
                  "Plans": [
                    {
                      "Node Type": "Hash Join",
                      "Parent Relationship": "Outer",
                      "Parallel Aware": true,
                      "Join Type": "Inner",
                      "Startup Cost": 45526.89,
                      "Total Cost": 60721.45,
                      "Plan Rows": 3478,
                      "Plan Width": 8,
                      "Actual Startup Time": 123.906,
                      "Actual Total Time": 202.63,
                      "Actual Rows": 2735,
                      "Actual Loops": 3,
                      "Inner Unique": true,
                      "Hash Cond": "(mi_idx.movie_id = t.id)",
                      "Plans": [
                        {
                          "Node Type": "Seq Scan",
                          "Parent Relationship": "Outer",
                          "Parallel Aware": true,
                          "Relation Name": "movie_info_idx",
                          "Alias": "mi_idx",
                          "Startup Cost": 0.0,
                          "Total Cost": 13685.15,
                          "Plan Rows": 575015,
                          "Plan Width": 4,
                          "Actual Startup Time": 0.026,
                          "Actual Total Time": 38.708,
                          "Actual Rows": 460012,
                          "Actual Loops": 3
                        },
                        {
                          "Node Type": "Hash",
                          "Parent Relationship": "Inner",
                          "Parallel Aware": true,
                          "Startup Cost": 45479.1,
                          "Total Cost": 45479.1,
                          "Plan Rows": 3823,
                          "Plan Width": 4,
                          "Actual Startup Time": 122.818,
                          "Actual Total Time": 122.819,
                          "Actual Rows": 5000,
                          "Actual Loops": 3,
                          "Hash Buckets": 16384,
                          "Original Hash Buckets": 16384,
                          "Hash Batches": 1,
                          "Original Hash Batches": 1,
                          "Peak Memory Usage": 768,
                          "Plans": [
                            {
                              "Node Type": "Seq Scan",
                              "Parent Relationship": "Outer",
                              "Parallel Aware": true,
                              "Relation Name": "title",
                              "Alias": "t",
                              "Startup Cost": 0.0,
                              "Total Cost": 45479.1,
                              "Plan Rows": 3823,
                              "Plan Width": 4,
                              "Actual Startup Time": 0.08,
                              "Actual Total Time": 120.071,
                              "Actual Rows": 5000,
                              "Actual Loops": 3,
                              "Filter": "((kind_id > 1) AND (production_year = 1988))",
                              "Rows Removed by Filter": 837770
                            }
                          ]
                        }
                      ]
                    },
                    {
                      "Node Type": "Index Only Scan",
                      "Parent Relationship": "Inner",
                      "Parallel Aware": false,
                      "Scan Direction": "Forward",
                      "Index Name": "movie_id_movie_companies",
                      "Relation Name": "movie_companies",
                      "Alias": "mc",
                      "Startup Cost": 0.43,
                      "Total Cost": 0.6,
                      "Plan Rows": 5,
                      "Plan Width": 4,
                      "Actual Startup Time": 0.004,
                      "Actual Total Time": 0.005,
                      "Actual Rows": 2,
                      "Actual Loops": 8205,
                      "Index Cond": "(movie_id = mi_idx.movie_id)",
                      "Rows Removed by Index Recheck": 0,
                      "Heap Fetches": 17457
                    }
                  ]
                }
              ]
            }
          ]
        }
      ]
    },
    "Planning Time": 1.387,
    "Triggers": [],
    "Execution Time": 242.606
  }
]