[
  {
    "Plan": {
      "Node Type": "Aggregate",
      "Strategy": "Plain",
      "Partial Mode": "Finalize",
      "Parallel Aware": false,
      "Startup Cost": 44965.18,
      "Total Cost": 44965.19,
      "Plan Rows": 1,
      "Plan Width": 8,
      "Actual Startup Time": 142.082,
      "Actual Total Time": 150.709,
      "Actual Rows": 1,
      "Actual Loops": 1,
      "Plans": [
        {
          "Node Type": "Gather",
          "Parent Relationship": "Outer",
          "Parallel Aware": false,
          "Startup Cost": 44964.87,
          "Total Cost": 44965.18,
          "Plan Rows": 3,
          "Plan Width": 8,
          "Actual Startup Time": 141.94,
          "Actual Total Time": 150.7,
          "Actual Rows": 4,
          "Actual Loops": 1,
          "Workers Planned": 3,
          "Workers Launched": 3,
          "Single Copy": false,
          "Plans": [
            {
              "Node Type": "Aggregate",
              "Strategy": "Plain",
              "Partial Mode": "Partial",
              "Parent Relationship": "Outer",
              "Parallel Aware": false,
              "Startup Cost": 43964.87,
              "Total Cost": 43964.88,
              "Plan Rows": 1,
              "Plan Width": 8,
              "Actual Startup Time": 134.861,
              "Actual Total Time": 134.862,
              "Actual Rows": 1,
              "Actual Loops": 4,
              "Plans": [
                {
                  "Node Type": "Seq Scan",
                  "Parent Relationship": "Outer",
                  "Parallel Aware": true,
                  "Relation Name": "movie_keyword",
                  "Alias": "mk",
                  "Startup Cost": 0.0,
                  "Total Cost": 42695.65,
                  "Plan Rows": 507685,
                  "Plan Width": 0,
                  "Actual Startup Time": 0.056,
                  "Actual Total Time": 114.561,
                  "Actual Rows": 393093,
                  "Actual Loops": 4,
                  "Filter": "(keyword_id < 2375)",
                  "Rows Removed by Filter": 737890
                }
              ]
            }
          ]
        }
      ]
    },
    "Planning Time": 0.166,
    "Triggers": [],
    "Execution Time": 150.762
  }
]