[
  {
    "Plan": {
      "Node Type": "Aggregate",
      "Strategy": "Plain",
      "Partial Mode": "Finalize",
      "Parallel Aware": false,
      "Startup Cost": 333858.78,
      "Total Cost": 333858.79,
      "Plan Rows": 1,
      "Plan Width": 8,
      "Actual Startup Time": 366.482,
      "Actual Total Time": 378.525,
      "Actual Rows": 1,
      "Actual Loops": 1,
      "Plans": [
        {
          "Node Type": "Gather",
          "Parent Relationship": "Outer",
          "Parallel Aware": false,
          "Startup Cost": 333858.16,
          "Total Cost": 333858.77,
          "Plan Rows": 6,
          "Plan Width": 8,
          "Actual Startup Time": 365.335,
          "Actual Total Time": 378.516,
          "Actual Rows": 7,
          "Actual Loops": 1,
          "Workers Planned": 6,
          "Workers Launched": 6,
          "Single Copy": false,
          "Plans": [
            {
              "Node Type": "Aggregate",
              "Strategy": "Plain",
              "Partial Mode": "Partial",
              "Parent Relationship": "Outer",
              "Parallel Aware": false,
              "Startup Cost": 332858.16,
              "Total Cost": 332858.17,
              "Plan Rows": 1,
              "Plan Width": 8,
              "Actual Startup Time": 354.393,
              "Actual Total Time": 354.395,
              "Actual Rows": 1,
              "Actual Loops": 7,
              "Plans": [
                {
                  "Node Type": "Bitmap Heap Scan",
                  "Parent Relationship": "Outer",
                  "Parallel Aware": true,
                  "Relation Name": "cast_info",
                  "Alias": "ci",
                  "Startup Cost": 71544.56,
                  "Total Cost": 332389.91,
                  "Plan Rows": 187298,
                  "Plan Width": 0,
                  "Actual Startup Time": 203.652,
                  "Actual Total Time": 335.4,
                  "Actual Rows": 345609,
                  "Actual Loops": 7,
                  "Recheck Cond": "(person_id < 323214)",
                  "Rows Removed by Index Recheck": 0,
                  "Filter": "(role_id = 1)",
                  "Rows Removed by Filter": 134098,
                  "Exact Heap Blocks": 5630,
                  "Lossy Heap Blocks": 0,
                  "Plans": [
                    {
                      "Node Type": "Bitmap Index Scan",
                      "Parent Relationship": "Outer",
                      "Parallel Aware": false,
                      "Index Name": "person_id_cast_info",
                      "Startup Cost": 0.0,
                      "Total Cost": 71263.62,
                      "Plan Rows": 3263340,
                      "Plan Width": 0,
                      "Actual Startup Time": 204.246,
                      "Actual Total Time": 204.247,
                      "Actual Rows": 3357951,
                      "Actual Loops": 1,
                      "Index Cond": "(person_id < 323214)"
                    }
                  ]
                }
              ]
            }
          ]
        }
      ]
    },
    "Planning Time": 0.231,
    "Triggers": [],
    "Execution Time": 378.602
  }
]