{
  "Plan": {
    "Node Type": "Aggregate",
    "Strategy": "Plain",
    "Partial Mode": "Finalize",
    "Parallel Aware": false,
    "Startup Cost": 309579.57,
    "Total Cost": 309579.58,
    "Plan Rows": 1,
    "Plan Width": 8,
    "Actual Startup Time": 765.526,
    "Actual Total Time": 784.834,
    "Actual Rows": 1,
    "Actual Loops": 1,
    "Plans": [
      {
        "Node Type": "Gather",
        "Parent Relationship": "Outer",
        "Parallel Aware": false,
        "Startup Cost": 309579.46,
        "Total Cost": 309579.57,
        "Plan Rows": 1,
        "Plan Width": 8,
        "Actual Startup Time": 762.078,
        "Actual Total Time": 784.827,
        "Actual Rows": 2,
        "Actual Loops": 1,
        "Workers Planned": 1,
        "Workers Launched": 1,
        "Single Copy": false,
        "Plans": [
          {
            "Node Type": "Aggregate",
            "Strategy": "Plain",
            "Partial Mode": "Partial",
            "Parent Relationship": "Outer",
            "Parallel Aware": false,
            "Startup Cost": 308579.46,
            "Total Cost": 308579.47,
            "Plan Rows": 1,
            "Plan Width": 8,
            "Actual Startup Time": 752.295,
            "Actual Total Time": 752.301,
            "Actual Rows": 1,
            "Actual Loops": 2,
            "Plans": [
              {
                "Node Type": "Hash Join",
                "Parent Relationship": "Outer",
                "Parallel Aware": true,
                "Join Type": "Inner",
                "Startup Cost": 245246.88,
                "Total Cost": 307897.08,
                "Plan Rows": 272949,
                "Plan Width": 0,
                "Actual Startup Time": 445.157,
                "Actual Total Time": 748.004,
                "Actual Rows": 112686,
                "Actual Loops": 2,
                "Inner Unique": false,
                "Hash Cond": "(mk.movie_id = t.id)",
                "Plans": [
                  {
                    "Node Type": "Seq Scan",
                    "Parent Relationship": "Outer",
                    "Parallel Aware": true,
                    "Relation Name": "movie_keyword",
                    "Alias": "mk",
                    "Startup Cost": 0.0,
                    "Total Cost": 51065.35,
                    "Plan Rows": 2661135,
                    "Plan Width": 4,
                    "Actual Startup Time": 0.016,
                    "Actual Total Time": 148.579,
                    "Actual Rows": 2261965,
                    "Actual Loops": 2
                  },
                  {
                    "Node Type": "Hash",
                    "Parent Relationship": "Inner",
                    "Parallel Aware": true,
                    "Startup Cost": 243340.08,
                    "Total Cost": 243340.08,
                    "Plan Rows": 152544,
                    "Plan Width": 8,
                    "Actual Startup Time": 441.538,
                    "Actual Total Time": 441.543,
                    "Actual Rows": 27060,
                    "Actual Loops": 2,
                    "Hash Buckets": 262144,
                    "Original Hash Buckets": 262144,
                    "Hash Batches": 1,
                    "Original Hash Batches": 1,
                    "Peak Memory Usage": 4192,
                    "Plans": [
                      {
                        "Node Type": "Hash Join",
                        "Parent Relationship": "Outer",
                        "Parallel Aware": true,
                        "Join Type": "Inner",
                        "Startup Cost": 77037.25,
                        "Total Cost": 243340.08,
                        "Plan Rows": 152544,
                        "Plan Width": 8,
                        "Actual Startup Time": 362.164,
                        "Actual Total Time": 434.913,
                        "Actual Rows": 27060,
                        "Actual Loops": 2,
                        "Inner Unique": true,
                        "Hash Cond": "(mi.movie_id = t.id)",
                        "Plans": [
                          {
                            "Node Type": "Bitmap Heap Scan",
                            "Parent Relationship": "Outer",
                            "Parallel Aware": true,
                            "Relation Name": "movie_info",
                            "Alias": "mi",
                            "Startup Cost": 8778.62,
                            "Total Cost": 174333.47,
                            "Plan Rows": 284948,
                            "Plan Width": 4,
                            "Actual Startup Time": 19.773,
                            "Actual Total Time": 43.882,
                            "Actual Rows": 243277,
                            "Actual Loops": 2,
                            "Recheck Cond": "(info_type_id = 5)",
                            "Rows Removed by Index Recheck": 0,
                            "Exact Heap Blocks": 2659,
                            "Lossy Heap Blocks": 0,
                            "Plans": [
                              {
                                "Node Type": "Bitmap Index Scan",
                                "Parent Relationship": "Outer",
                                "Parallel Aware": false,
                                "Index Name": "info_type_id_movie_info",
                                "Startup Cost": 0.0,
                                "Total Cost": 8657.52,
                                "Plan Rows": 484411,
                                "Plan Width": 0,
                                "Actual Startup Time": 19.041,
                                "Actual Total Time": 19.041,
                                "Actual Rows": 486554,
                                "Actual Loops": 1,
                                "Index Cond": "(info_type_id = 5)"
                              }
                            ]
                          },
                          {
                            "Node Type": "Hash",
                            "Parent Relationship": "Inner",
                            "Parallel Aware": true,
                            "Startup Cost": 58306.47,
                            "Total Cost": 58306.47,
                            "Plan Rows": 796173,
                            "Plan Width": 4,
                            "Actual Startup Time": 330.706,
                            "Actual Total Time": 330.707,
                            "Actual Rows": 663890,
                            "Actual Loops": 2,
                            "Hash Buckets": 2097152,
                            "Original Hash Buckets": 2097152,
                            "Hash Batches": 1,
                            "Original Hash Batches": 1,
                            "Peak Memory Usage": 68384,
                            "Plans": [
                              {
                                "Node Type": "Seq Scan",
                                "Parent Relationship": "Outer",
                                "Parallel Aware": true,
                                "Relation Name": "title",
                                "Alias": "t",
                                "Startup Cost": 0.0,
                                "Total Cost": 58306.47,
                                "Plan Rows": 796173,
                                "Plan Width": 4,
                                "Actual Startup Time": 0.03,
                                "Actual Total Time": 166.365,
                                "Actual Rows": 663890,
                                "Actual Loops": 2,
                                "Filter": "((production_year < 2012) AND (kind_id = 7))",
                                "Rows Removed by Filter": 600266
                              }
                            ]
                          }
                        ]
                      }
                    ]
                  }
                ]
              }
            ]
          }
        ]
      }
    ]
  },
  "Planning Time": 1.093,
  "Triggers": [],
  "Execution Time": 784.936
}