[
  {
    "Plan": {
      "Node Type": "Aggregate",
      "Strategy": "Plain",
      "Partial Mode": "Finalize",
      "Parallel Aware": false,
      "Startup Cost": 244838.96,
      "Total Cost": 244838.97,
      "Plan Rows": 1,
      "Plan Width": 8,
      "Actual Startup Time": 453.423,
      "Actual Total Time": 471.892,
      "Actual Rows": 1,
      "Actual Loops": 1,
      "Plans": [
        {
          "Node Type": "Gather",
          "Parent Relationship": "Outer",
          "Parallel Aware": false,
          "Startup Cost": 244838.44,
          "Total Cost": 244838.95,
          "Plan Rows": 5,
          "Plan Width": 8,
          "Actual Startup Time": 435.306,
          "Actual Total Time": 471.88,
          "Actual Rows": 6,
          "Actual Loops": 1,
          "Workers Planned": 5,
          "Workers Launched": 5,
          "Single Copy": false,
          "Plans": [
            {
              "Node Type": "Aggregate",
              "Strategy": "Plain",
              "Partial Mode": "Partial",
              "Parent Relationship": "Outer",
              "Parallel Aware": false,
              "Startup Cost": 243838.44,
              "Total Cost": 243838.45,
              "Plan Rows": 1,
              "Plan Width": 8,
              "Actual Startup Time": 425.166,
              "Actual Total Time": 425.171,
              "Actual Rows": 1,
              "Actual Loops": 6,
              "Plans": [
                {
                  "Node Type": "Hash Join",
                  "Parent Relationship": "Outer",
                  "Parallel Aware": true,
                  "Join Type": "Inner",
                  "Startup Cost": 76690.88,
                  "Total Cost": 243366.44,
                  "Plan Rows": 188799,
                  "Plan Width": 0,
                  "Actual Startup Time": 302.146,
                  "Actual Total Time": 424.812,
                  "Actual Rows": 2390,
                  "Actual Loops": 6,
                  "Inner Unique": true,
                  "Hash Cond": "(mi.movie_id = t.id)",
                  "Plans": [
                    {
                      "Node Type": "Bitmap Heap Scan",
                      "Parent Relationship": "Outer",
                      "Parallel Aware": true,
                      "Relation Name": "movie_info",
                      "Alias": "mi",
                      "Startup Cost": 27973.07,
                      "Total Cost": 193835.95,
                      "Plan Rows": 309591,
                      "Plan Width": 4,
                      "Actual Startup Time": 72.974,
                      "Actual Total Time": 117.787,
                      "Actual Rows": 255652,
                      "Actual Loops": 6,
                      "Recheck Cond": "(info_type_id = 3)",
                      "Rows Removed by Index Recheck": 0,
                      "Exact Heap Blocks": 1927,
                      "Lossy Heap Blocks": 0,
                      "Plans": [
                        {
                          "Node Type": "Bitmap Index Scan",
                          "Parent Relationship": "Outer",
                          "Parallel Aware": false,
                          "Index Name": "info_type_id_movie_info",
                          "Startup Cost": 0.0,
                          "Total Cost": 27586.08,
                          "Plan Rows": 1547953,
                          "Plan Width": 0,
                          "Actual Startup Time": 70.51,
                          "Actual Total Time": 70.511,
                          "Actual Rows": 1533909,
                          "Actual Loops": 1,
                          "Index Cond": "(info_type_id = 3)"
                        }
                      ]
                    },
                    {
                      "Node Type": "Hash",
                      "Parent Relationship": "Inner",
                      "Parallel Aware": true,
                      "Startup Cost": 43899.32,
                      "Total Cost": 43899.32,
                      "Plan Rows": 385479,
                      "Plan Width": 4,
                      "Actual Startup Time": 225.209,
                      "Actual Total Time": 225.21,
                      "Actual Rows": 257211,
                      "Actual Loops": 6,
                      "Hash Buckets": 2097152,
                      "Original Hash Buckets": 2097152,
                      "Hash Batches": 1,
                      "Original Hash Batches": 1,
                      "Peak Memory Usage": 76832,
                      "Plans": [
                        {
                          "Node Type": "Seq Scan",
                          "Parent Relationship": "Outer",
                          "Parallel Aware": true,
                          "Relation Name": "title",
                          "Alias": "t",
                          "Startup Cost": 0.0,
                          "Total Cost": 43899.32,
                          "Plan Rows": 385479,
                          "Plan Width": 4,
                          "Actual Startup Time": 0.049,
                          "Actual Total Time": 99.875,
                          "Actual Rows": 257211,
                          "Actual Loops": 6,
                          "Filter": "(kind_id = 7)",
                          "Rows Removed by Filter": 164175
                        }
                      ]
                    }
                  ]
                }
              ]
            }
          ]
        }
      ]
    },
    "Planning Time": 0.449,
    "Triggers": [],
    "Execution Time": 471.945
  }
]