[
  {
    "Plan": {
      "Node Type": "Aggregate",
      "Strategy": "Plain",
      "Partial Mode": "Finalize",
      "Parallel Aware": false,
      "Startup Cost": 45298.2,
      "Total Cost": 45298.21,
      "Plan Rows": 1,
      "Plan Width": 8,
      "Actual Startup Time": 145.281,
      "Actual Total Time": 154.629,
      "Actual Rows": 1,
      "Actual Loops": 1,
      "Plans": [
        {
          "Node Type": "Gather",
          "Parent Relationship": "Outer",
          "Parallel Aware": false,
          "Startup Cost": 45297.88,
          "Total Cost": 45298.19,
          "Plan Rows": 3,
          "Plan Width": 8,
          "Actual Startup Time": 145.141,
          "Actual Total Time": 154.621,
          "Actual Rows": 4,
          "Actual Loops": 1,
          "Workers Planned": 3,
          "Workers Launched": 3,
          "Single Copy": false,
          "Plans": [
            {
              "Node Type": "Aggregate",
              "Strategy": "Plain",
              "Partial Mode": "Partial",
              "Parent Relationship": "Outer",
              "Parallel Aware": false,
              "Startup Cost": 44297.88,
              "Total Cost": 44297.89,
              "Plan Rows": 1,
              "Plan Width": 8,
              "Actual Startup Time": 136.774,
              "Actual Total Time": 136.775,
              "Actual Rows": 1,
              "Actual Loops": 4,
              "Plans": [
                {
                  "Node Type": "Seq Scan",
                  "Parent Relationship": "Outer",
                  "Parallel Aware": true,
                  "Relation Name": "movie_keyword",
                  "Alias": "mk",
                  "Startup Cost": 0.0,
                  "Total Cost": 42695.65,
                  "Plan Rows": 640890,
                  "Plan Width": 0,
                  "Actual Startup Time": 0.058,
                  "Actual Total Time": 113.158,
                  "Actual Rows": 497247,
                  "Actual Loops": 4,
                  "Filter": "(keyword_id < 3518)",
                  "Rows Removed by Filter": 633736
                }
              ]
            }
          ]
        }
      ]
    },
    "Planning Time": 0.164,
    "Triggers": [],
    "Execution Time": 154.687
  }
]