[
  {
    "Plan": {
      "Node Type": "Aggregate",
      "Strategy": "Plain",
      "Partial Mode": "Finalize",
      "Parallel Aware": false,
      "Startup Cost": 397571.88,
      "Total Cost": 397571.89,
      "Plan Rows": 1,
      "Plan Width": 8,
      "Actual Startup Time": 1086.789,
      "Actual Total Time": 1148.263,
      "Actual Rows": 1,
      "Actual Loops": 1,
      "Plans": [
        {
          "Node Type": "Gather",
          "Parent Relationship": "Outer",
          "Parallel Aware": false,
          "Startup Cost": 397571.26,
          "Total Cost": 397571.87,
          "Plan Rows": 6,
          "Plan Width": 8,
          "Actual Startup Time": 1083.472,
          "Actual Total Time": 1148.209,
          "Actual Rows": 7,
          "Actual Loops": 1,
          "Workers Planned": 6,
          "Workers Launched": 6,
          "Single Copy": false,
          "Plans": [
            {
              "Node Type": "Aggregate",
              "Strategy": "Plain",
              "Partial Mode": "Partial",
              "Parent Relationship": "Outer",
              "Parallel Aware": false,
              "Startup Cost": 396571.26,
              "Total Cost": 396571.27,
              "Plan Rows": 1,
              "Plan Width": 8,
              "Actual Startup Time": 1075.273,
              "Actual Total Time": 1075.276,
              "Actual Rows": 1,
              "Actual Loops": 7,
              "Plans": [
                {
                  "Node Type": "Hash Join",
                  "Parent Relationship": "Outer",
                  "Parallel Aware": true,
                  "Join Type": "Inner",
                  "Startup Cost": 46323.81,
                  "Total Cost": 395931.09,
                  "Plan Rows": 256065,
                  "Plan Width": 0,
                  "Actual Startup Time": 337.344,
                  "Actual Total Time": 1064.951,
                  "Actual Rows": 188963,
                  "Actual Loops": 7,
                  "Inner Unique": true,
                  "Hash Cond": "(ci.movie_id = t.id)",
                  "Plans": [
                    {
                      "Node Type": "Seq Scan",
                      "Parent Relationship": "Outer",
                      "Parallel Aware": true,
                      "Relation Name": "cast_info",
                      "Alias": "ci",
                      "Startup Cost": 0.0,
                      "Total Cost": 343316.27,
                      "Plan Rows": 2396572,
                      "Plan Width": 4,
                      "Actual Startup Time": 230.851,
                      "Actual Total Time": 691.542,
                      "Actual Rows": 1394217,
                      "Actual Loops": 7,
                      "Filter": "((person_id < 2286942) AND (role_id > 1))",
                      "Rows Removed by Filter": 3783546
                    },
                    {
                      "Node Type": "Hash",
                      "Parent Relationship": "Inner",
                      "Parallel Aware": true,
                      "Startup Cost": 45479.59,
                      "Total Cost": 45479.59,
                      "Plan Rows": 67538,
                      "Plan Width": 4,
                      "Actual Startup Time": 104.23,
                      "Actual Total Time": 104.231,
                      "Actual Rows": 56003,
                      "Actual Loops": 7,
                      "Hash Buckets": 524288,
                      "Original Hash Buckets": 524288,
                      "Hash Batches": 1,
                      "Original Hash Batches": 1,
                      "Peak Memory Usage": 19552,
                      "Plans": [
                        {
                          "Node Type": "Seq Scan",
                          "Parent Relationship": "Outer",
                          "Parallel Aware": true,
                          "Relation Name": "title",
                          "Alias": "t",
                          "Startup Cost": 0.0,
                          "Total Cost": 45479.59,
                          "Plan Rows": 67538,
                          "Plan Width": 4,
                          "Actual Startup Time": 0.074,
                          "Actual Total Time": 78.651,
                          "Actual Rows": 56003,
                          "Actual Loops": 7,
                          "Filter": "((kind_id < 7) AND (production_year < 1991))",
                          "Rows Removed by Filter": 305185
                        }
                      ]
                    }
                  ]
                }
              ]
            }
          ]
        }
      ]
    },
    "Planning Time": 0.599,
    "Triggers": [],
    "Execution Time": 1148.341
  }
]