[
  {
    "Plan": {
      "Node Type": "Aggregate",
      "Strategy": "Plain",
      "Partial Mode": "Finalize",
      "Parallel Aware": false,
      "Startup Cost": 397680.03,
      "Total Cost": 397680.04,
      "Plan Rows": 1,
      "Plan Width": 8,
      "Actual Startup Time": 1085.908,
      "Actual Total Time": 1149.707,
      "Actual Rows": 1,
      "Actual Loops": 1,
      "Plans": [
        {
          "Node Type": "Gather",
          "Parent Relationship": "Outer",
          "Parallel Aware": false,
          "Startup Cost": 397679.41,
          "Total Cost": 397680.02,
          "Plan Rows": 6,
          "Plan Width": 8,
          "Actual Startup Time": 1082.267,
          "Actual Total Time": 1149.695,
          "Actual Rows": 7,
          "Actual Loops": 1,
          "Workers Planned": 6,
          "Workers Launched": 6,
          "Single Copy": false,
          "Plans": [
            {
              "Node Type": "Aggregate",
              "Strategy": "Plain",
              "Partial Mode": "Partial",
              "Parent Relationship": "Outer",
              "Parallel Aware": false,
              "Startup Cost": 396679.41,
              "Total Cost": 396679.42,
              "Plan Rows": 1,
              "Plan Width": 8,
              "Actual Startup Time": 1071.31,
              "Actual Total Time": 1071.314,
              "Actual Rows": 1,
              "Actual Loops": 7,
              "Plans": [
                {
                  "Node Type": "Hash Join",
                  "Parent Relationship": "Outer",
                  "Parallel Aware": true,
                  "Join Type": "Inner",
                  "Startup Cost": 46337.59,
                  "Total Cost": 396015.01,
                  "Plan Rows": 265759,
                  "Plan Width": 0,
                  "Actual Startup Time": 336.341,
                  "Actual Total Time": 1060.571,
                  "Actual Rows": 188963,
                  "Actual Loops": 7,
                  "Inner Unique": true,
                  "Hash Cond": "(ci.movie_id = t.id)",
                  "Plans": [
                    {
                      "Node Type": "Seq Scan",
                      "Parent Relationship": "Outer",
                      "Parallel Aware": true,
                      "Relation Name": "cast_info",
                      "Alias": "ci",
                      "Startup Cost": 0.0,
                      "Total Cost": 343257.03,
                      "Plan Rows": 2445860,
                      "Plan Width": 4,
                      "Actual Startup Time": 223.046,
                      "Actual Total Time": 678.182,
                      "Actual Rows": 1394217,
                      "Actual Loops": 7,
                      "Filter": "((person_id < 2286942) AND (role_id > 1))",
                      "Rows Removed by Filter": 3783546
                    },
                    {
                      "Node Type": "Hash",
                      "Parent Relationship": "Inner",
                      "Parallel Aware": true,
                      "Startup Cost": 45479.1,
                      "Total Cost": 45479.1,
                      "Plan Rows": 68679,
                      "Plan Width": 4,
                      "Actual Startup Time": 110.55,
                      "Actual Total Time": 110.553,
                      "Actual Rows": 56003,
                      "Actual Loops": 7,
                      "Hash Buckets": 524288,
                      "Original Hash Buckets": 524288,
                      "Hash Batches": 1,
                      "Original Hash Batches": 1,
                      "Peak Memory Usage": 19520,
                      "Plans": [
                        {
                          "Node Type": "Seq Scan",
                          "Parent Relationship": "Outer",
                          "Parallel Aware": true,
                          "Relation Name": "title",
                          "Alias": "t",
                          "Startup Cost": 0.0,
                          "Total Cost": 45479.1,
                          "Plan Rows": 68679,
                          "Plan Width": 4,
                          "Actual Startup Time": 0.077,
                          "Actual Total Time": 85.306,
                          "Actual Rows": 56003,
                          "Actual Loops": 7,
                          "Filter": "((kind_id < 7) AND (production_year < 1991))",
                          "Rows Removed by Filter": 305185
                        }
                      ]
                    }
                  ]
                }
              ]
            }
          ]
        }
      ]
    },
    "Planning Time": 0.667,
    "Triggers": [],
    "Execution Time": 1149.799
  }
]