[
  {
    "Plan": {
      "Node Type": "Aggregate",
      "Strategy": "Plain",
      "Partial Mode": "Finalize",
      "Parallel Aware": false,
      "Startup Cost": 85177.1,
      "Total Cost": 85177.11,
      "Plan Rows": 1,
      "Plan Width": 8,
      "Actual Startup Time": 540.949,
      "Actual Total Time": 562.581,
      "Actual Rows": 1,
      "Actual Loops": 1,
      "Plans": [
        {
          "Node Type": "Gather",
          "Parent Relationship": "Outer",
          "Parallel Aware": false,
          "Startup Cost": 85176.78,
          "Total Cost": 85177.09,
          "Plan Rows": 3,
          "Plan Width": 8,
          "Actual Startup Time": 530.529,
          "Actual Total Time": 562.569,
          "Actual Rows": 4,
          "Actual Loops": 1,
          "Workers Planned": 3,
          "Workers Launched": 3,
          "Single Copy": false,
          "Plans": [
            {
              "Node Type": "Aggregate",
              "Strategy": "Plain",
              "Partial Mode": "Partial",
              "Parent Relationship": "Outer",
              "Parallel Aware": false,
              "Startup Cost": 84176.78,
              "Total Cost": 84176.79,
              "Plan Rows": 1,
              "Plan Width": 8,
              "Actual Startup Time": 516.054,
              "Actual Total Time": 516.059,
              "Actual Rows": 1,
              "Actual Loops": 4,
              "Plans": [
                {
                  "Node Type": "Hash Join",
                  "Parent Relationship": "Outer",
                  "Parallel Aware": true,
                  "Join Type": "Inner",
                  "Startup Cost": 57714.43,
                  "Total Cost": 83891.91,
                  "Plan Rows": 113949,
                  "Plan Width": 0,
                  "Actual Startup Time": 422.234,
                  "Actual Total Time": 510.453,
                  "Actual Rows": 87901,
                  "Actual Loops": 4,
                  "Inner Unique": true,
                  "Hash Cond": "(mk.movie_id = t.id)",
                  "Plans": [
                    {
                      "Node Type": "Bitmap Heap Scan",
                      "Parent Relationship": "Outer",
                      "Parallel Aware": true,
                      "Relation Name": "movie_keyword",
                      "Alias": "mk",
                      "Startup Cost": 7494.05,
                      "Total Cost": 33372.41,
                      "Plan Rows": 113949,
                      "Plan Width": 4,
                      "Actual Startup Time": 35.854,
                      "Actual Total Time": 86.634,
                      "Actual Rows": 87901,
                      "Actual Loops": 4,
                      "Recheck Cond": "(keyword_id > 47358)",
                      "Rows Removed by Index Recheck": 0,
                      "Exact Heap Blocks": 5928,
                      "Lossy Heap Blocks": 0,
                      "Plans": [
                        {
                          "Node Type": "Bitmap Index Scan",
                          "Parent Relationship": "Outer",
                          "Parallel Aware": false,
                          "Index Name": "keyword_id_movie_keyword",
                          "Startup Cost": 0.0,
                          "Total Cost": 7405.74,
                          "Plan Rows": 353241,
                          "Plan Width": 0,
                          "Actual Startup Time": 30.719,
                          "Actual Total Time": 30.72,
                          "Actual Rows": 351603,
                          "Actual Loops": 1,
                          "Index Cond": "(keyword_id > 47358)"
                        }
                      ]
                    },
                    {
                      "Node Type": "Hash",
                      "Parent Relationship": "Inner",
                      "Parallel Aware": true,
                      "Startup Cost": 42319.06,
                      "Total Cost": 42319.06,
                      "Plan Rows": 632106,
                      "Plan Width": 4,
                      "Actual Startup Time": 376.268,
                      "Actual Total Time": 376.269,
                      "Actual Rows": 632078,
                      "Actual Loops": 4,
                      "Hash Buckets": 4194304,
                      "Original Hash Buckets": 4194304,
                      "Hash Batches": 1,
                      "Original Hash Batches": 1,
                      "Peak Memory Usage": 131744,
                      "Plans": [
                        {
                          "Node Type": "Seq Scan",
                          "Parent Relationship": "Outer",
                          "Parallel Aware": true,
                          "Relation Name": "title",
                          "Alias": "t",
                          "Startup Cost": 0.0,
                          "Total Cost": 42319.06,
                          "Plan Rows": 632106,
                          "Plan Width": 4,
                          "Actual Startup Time": 0.054,
                          "Actual Total Time": 110.373,
                          "Actual Rows": 632078,
                          "Actual Loops": 4
                        }
                      ]
                    }
                  ]
                }
              ]
            }
          ]
        }
      ]
    },
    "Planning Time": 0.562,
    "Triggers": [],
    "Execution Time": 562.658
  }
]