[
  {
    "Plan": {
      "Node Type": "Aggregate",
      "Strategy": "Plain",
      "Partial Mode": "Finalize",
      "Parallel Aware": false,
      "Startup Cost": 343668.26,
      "Total Cost": 343668.27,
      "Plan Rows": 1,
      "Plan Width": 8,
      "Actual Startup Time": 862.765,
      "Actual Total Time": 918.539,
      "Actual Rows": 1,
      "Actual Loops": 1,
      "Plans": [
        {
          "Node Type": "Gather",
          "Parent Relationship": "Outer",
          "Parallel Aware": false,
          "Startup Cost": 343667.64,
          "Total Cost": 343668.24,
          "Plan Rows": 6,
          "Plan Width": 8,
          "Actual Startup Time": 862.65,
          "Actual Total Time": 918.528,
          "Actual Rows": 7,
          "Actual Loops": 1,
          "Workers Planned": 6,
          "Workers Launched": 6,
          "Single Copy": false,
          "Plans": [
            {
              "Node Type": "Aggregate",
              "Strategy": "Plain",
              "Partial Mode": "Partial",
              "Parent Relationship": "Outer",
              "Parallel Aware": false,
              "Startup Cost": 342667.64,
              "Total Cost": 342667.65,
              "Plan Rows": 1,
              "Plan Width": 8,
              "Actual Startup Time": 854.012,
              "Actual Total Time": 854.013,
              "Actual Rows": 1,
              "Actual Loops": 7,
              "Plans": [
                {
                  "Node Type": "Seq Scan",
                  "Parent Relationship": "Outer",
                  "Parallel Aware": true,
                  "Relation Name": "cast_info",
                  "Alias": "ci",
                  "Startup Cost": 0.0,
                  "Total Cost": 328162.03,
                  "Plan Rows": 5802244,
                  "Plan Width": 0,
                  "Actual Startup Time": 29.308,
                  "Actual Total Time": 648.878,
                  "Actual Rows": 4970197,
                  "Actual Loops": 7,
                  "Filter": "(person_id > 146109)",
                  "Rows Removed by Filter": 207567
                }
              ]
            }
          ]
        }
      ]
    },
    "Planning Time": 0.208,
    "Triggers": [],
    "Execution Time": 918.619
  }
]