{
  "Plan": {
    "Node Type": "Aggregate",
    "Strategy": "Plain",
    "Partial Mode": "Finalize",
    "Parallel Aware": false,
    "Startup Cost": 380039.78,
    "Total Cost": 380039.79,
    "Plan Rows": 1,
    "Plan Width": 8,
    "Actual Startup Time": 226.866,
    "Actual Total Time": 256.293,
    "Actual Rows": 1,
    "Actual Loops": 1,
    "Plans": [
      {
        "Node Type": "Gather",
        "Parent Relationship": "Outer",
        "Parallel Aware": false,
        "Startup Cost": 380039.66,
        "Total Cost": 380039.77,
        "Plan Rows": 1,
        "Plan Width": 8,
        "Actual Startup Time": 226.705,
        "Actual Total Time": 256.286,
        "Actual Rows": 2,
        "Actual Loops": 1,
        "Workers Planned": 1,
        "Workers Launched": 1,
        "Single Copy": false,
        "Plans": [
          {
            "Node Type": "Aggregate",
            "Strategy": "Plain",
            "Partial Mode": "Partial",
            "Parent Relationship": "Outer",
            "Parallel Aware": false,
            "Startup Cost": 379039.66,
            "Total Cost": 379039.67,
            "Plan Rows": 1,
            "Plan Width": 8,
            "Actual Startup Time": 220.728,
            "Actual Total Time": 220.73,
            "Actual Rows": 1,
            "Actual Loops": 2,
            "Plans": [
              {
                "Node Type": "Nested Loop",
                "Parent Relationship": "Outer",
                "Parallel Aware": false,
                "Join Type": "Inner",
                "Startup Cost": 11824.62,
                "Total Cost": 379005.06,
                "Plan Rows": 13840,
                "Plan Width": 0,
                "Actual Startup Time": 37.778,
                "Actual Total Time": 219.55,
                "Actual Rows": 12773,
                "Actual Loops": 2,
                "Inner Unique": false,
                "Plans": [
                  {
                    "Node Type": "Bitmap Heap Scan",
                    "Parent Relationship": "Outer",
                    "Parallel Aware": true,
                    "Relation Name": "title",
                    "Alias": "t",
                    "Startup Cost": 11824.06,
                    "Total Cost": 53674.31,
                    "Plan Rows": 2835,
                    "Plan Width": 4,
                    "Actual Startup Time": 37.519,
                    "Actual Total Time": 94.425,
                    "Actual Rows": 2228,
                    "Actual Loops": 2,
                    "Recheck Cond": "(kind_id = 1)",
                    "Rows Removed by Index Recheck": 0,
                    "Filter": "(production_year = 1983)",
                    "Rows Removed by Filter": 329185,
                    "Exact Heap Blocks": 8695,
                    "Lossy Heap Blocks": 0,
                    "Plans": [
                      {
                        "Node Type": "Bitmap Index Scan",
                        "Parent Relationship": "Outer",
                        "Parallel Aware": false,
                        "Index Name": "kind_id_title",
                        "Startup Cost": 0.0,
                        "Total Cost": 11822.85,
                        "Plan Rows": 663256,
                        "Plan Width": 0,
                        "Actual Startup Time": 39.863,
                        "Actual Total Time": 39.864,
                        "Actual Rows": 662825,
                        "Actual Loops": 1,
                        "Index Cond": "(kind_id = 1)"
                      }
                    ]
                  },
                  {
                    "Node Type": "Index Scan",
                    "Parent Relationship": "Inner",
                    "Parallel Aware": false,
                    "Scan Direction": "Forward",
                    "Index Name": "movie_id_cast_info",
                    "Relation Name": "cast_info",
                    "Alias": "ci",
                    "Startup Cost": 0.56,
                    "Total Cost": 114.63,
                    "Plan Rows": 13,
                    "Plan Width": 4,
                    "Actual Startup Time": 0.043,
                    "Actual Total Time": 0.055,
                    "Actual Rows": 6,
                    "Actual Loops": 4455,
                    "Index Cond": "(movie_id = t.id)",
                    "Rows Removed by Index Recheck": 0,
                    "Filter": "(role_id > 3)",
                    "Rows Removed by Filter": 12
                  }
                ]
              }
            ]
          }
        ]
      }
    ]
  },
  "Planning Time": 0.414,
  "Triggers": [],
  "Execution Time": 256.38
}