{
    "Plan": {
        "Node Type": "Aggregate",
        "Strategy": "Plain",
        "Partial Mode": "Finalize",
        "Parallel Aware": false,
        "Startup Cost": 305540.66,
        "Total Cost": 305540.67,
        "Plan Rows": 1,
        "Plan Width": 8,
        "Actual Startup Time": 2172.767,
        "Actual Total Time": 2210.048,
        "Actual Rows": 1,
        "Actual Loops": 1,
        "Output": [
            "count(*)"
        ],
        "Plans": [
            {
                "Node Type": "Gather",
                "Parent Relationship": "Outer",
                "Parallel Aware": false,
                "Startup Cost": 305540.35,
                "Total Cost": 305540.66,
                "Plan Rows": 3,
                "Plan Width": 8,
                "Actual Startup Time": 2163.155,
                "Actual Total Time": 2210.036,
                "Actual Rows": 4,
                "Actual Loops": 1,
                "Output": [
                    "(PARTIAL count(*))"
                ],
                "Workers Planned": 3,
                "Workers Launched": 3,
                "Single Copy": false,
                "Plans": [
                    {
                        "Node Type": "Aggregate",
                        "Strategy": "Plain",
                        "Partial Mode": "Partial",
                        "Parent Relationship": "Outer",
                        "Parallel Aware": false,
                        "Startup Cost": 304540.35,
                        "Total Cost": 304540.36,
                        "Plan Rows": 1,
                        "Plan Width": 8,
                        "Actual Startup Time": 2144.428,
                        "Actual Total Time": 2145.164,
                        "Actual Rows": 1,
                        "Actual Loops": 4,
                        "Output": [
                            "PARTIAL count(*)"
                        ],
                        "Workers": [
                            {
                                "Worker Number": 0,
                                "Actual Startup Time": 2137.738,
                                "Actual Total Time": 2137.754,
                                "Actual Rows": 1,
                                "Actual Loops": 1
                            },
                            {
                                "Worker Number": 1,
                                "Actual Startup Time": 2139.851,
                                "Actual Total Time": 2139.857,
                                "Actual Rows": 1,
                                "Actual Loops": 1
                            },
                            {
                                "Worker Number": 2,
                                "Actual Startup Time": 2137.746,
                                "Actual Total Time": 2137.752,
                                "Actual Rows": 1,
                                "Actual Loops": 1
                            }
                        ],
                        "Plans": [
                            {
                                "Node Type": "Hash Join",
                                "Parent Relationship": "Outer",
                                "Parallel Aware": true,
                                "Join Type": "Inner",
                                "Startup Cost": 253449.29,
                                "Total Cost": 300597.6,
                                "Plan Rows": 1577098,
                                "Plan Width": 0,
                                "Actual Startup Time": 1456.112,
                                "Actual Total Time": 1989.629,
                                "Actual Rows": 3751293,
                                "Actual Loops": 4,
                                "Inner Unique": false,
                                "Hash Cond": "(mk.movie_id = t.id)",
                                "Workers": [
                                    {
                                        "Worker Number": 0,
                                        "Actual Startup Time": 1450.009,
                                        "Actual Total Time": 1984.64,
                                        "Actual Rows": 3724035,
                                        "Actual Loops": 1
                                    },
                                    {
                                        "Worker Number": 1,
                                        "Actual Startup Time": 1449.924,
                                        "Actual Total Time": 1985.587,
                                        "Actual Rows": 3796899,
                                        "Actual Loops": 1
                                    },
                                    {
                                        "Worker Number": 2,
                                        "Actual Startup Time": 1449.914,
                                        "Actual Total Time": 1986.328,
                                        "Actual Rows": 3726701,
                                        "Actual Loops": 1
                                    }
                                ],
                                "Plans": [
                                    {
                                        "Node Type": "Seq Scan",
                                        "Parent Relationship": "Outer",
                                        "Parallel Aware": true,
                                        "Relation Name": "movie_keyword",
                                        "Schema": "public",
                                        "Alias": "mk",
                                        "Startup Cost": 0.0,
                                        "Total Cost": 39047.32,
                                        "Plan Rows": 1459332,
                                        "Plan Width": 4,
                                        "Actual Startup Time": 0.016,
                                        "Actual Total Time": 98.426,
                                        "Actual Rows": 1130982,
                                        "Actual Loops": 4,
                                        "Output": [
                                            "mk.id",
                                            "mk.movie_id",
                                            "mk.keyword_id"
                                        ],
                                        "Workers": [
                                            {
                                                "Worker Number": 0,
                                                "Actual Startup Time": 0.021,
                                                "Actual Total Time": 103.485,
                                                "Actual Rows": 1117770,
                                                "Actual Loops": 1
                                            },
                                            {
                                                "Worker Number": 1,
                                                "Actual Startup Time": 0.014,
                                                "Actual Total Time": 103.053,
                                                "Actual Rows": 1120175,
                                                "Actual Loops": 1
                                            },
                                            {
                                                "Worker Number": 2,
                                                "Actual Startup Time": 0.016,
                                                "Actual Total Time": 105.621,
                                                "Actual Rows": 1150700,
                                                "Actual Loops": 1
                                            }
                                        ]
                                    },
                                    {
                                        "Node Type": "Hash",
                                        "Parent Relationship": "Inner",
                                        "Parallel Aware": true,
                                        "Startup Cost": 247756.89,
                                        "Total Cost": 247756.89,
                                        "Plan Rows": 455392,
                                        "Plan Width": 8,
                                        "Actual Startup Time": 1444.745,
                                        "Actual Total Time": 1445.479,
                                        "Actual Rows": 627819,
                                        "Actual Loops": 4,
                                        "Output": [
                                            "t.id",
                                            "ci.movie_id"
                                        ],
                                        "Hash Buckets": 4194304,
                                        "Original Hash Buckets": 4194304,
                                        "Hash Batches": 1,
                                        "Original Hash Batches": 1,
                                        "Peak Memory Usage": 131072,
                                        "Workers": [
                                            {
                                                "Worker Number": 0,
                                                "Actual Startup Time": 1449.334,
                                                "Actual Total Time": 1449.348,
                                                "Actual Rows": 605608,
                                                "Actual Loops": 1
                                            },
                                            {
                                                "Worker Number": 1,
                                                "Actual Startup Time": 1449.432,
                                                "Actual Total Time": 1449.436,
                                                "Actual Rows": 618988,
                                                "Actual Loops": 1
                                            },
                                            {
                                                "Worker Number": 2,
                                                "Actual Startup Time": 1449.514,
                                                "Actual Total Time": 1449.519,
                                                "Actual Rows": 602943,
                                                "Actual Loops": 1
                                            }
                                        ],
                                        "Plans": [
                                            {
                                                "Node Type": "Hash Join",
                                                "Parent Relationship": "Outer",
                                                "Parallel Aware": true,
                                                "Join Type": "Inner",
                                                "Startup Cost": 46787.05,
                                                "Total Cost": 247756.89,
                                                "Plan Rows": 455392,
                                                "Plan Width": 8,
                                                "Actual Startup Time": 192.116,
                                                "Actual Total Time": 1180.349,
                                                "Actual Rows": 627819,
                                                "Actual Loops": 4,
                                                "Output": [
                                                    "t.id",
                                                    "ci.movie_id"
                                                ],
                                                "Inner Unique": true,
                                                "Hash Cond": "(ci.movie_id = t.id)",
                                                "Workers": [
                                                    {
                                                        "Worker Number": 0,
                                                        "Actual Startup Time": 192.169,
                                                        "Actual Total Time": 1179.837,
                                                        "Actual Rows": 605608,
                                                        "Actual Loops": 1
                                                    },
                                                    {
                                                        "Worker Number": 1,
                                                        "Actual Startup Time": 192.106,
                                                        "Actual Total Time": 1183.407,
                                                        "Actual Rows": 618988,
                                                        "Actual Loops": 1
                                                    },
                                                    {
                                                        "Worker Number": 2,
                                                        "Actual Startup Time": 192.135,
                                                        "Actual Total Time": 1181.297,
                                                        "Actual Rows": 602943,
                                                        "Actual Loops": 1
                                                    }
                                                ],
                                                "Plans": [
                                                    {
                                                        "Node Type": "Index Scan",
                                                        "Parent Relationship": "Outer",
                                                        "Parallel Aware": true,
                                                        "Scan Direction": "Forward",
                                                        "Index Name": "role_id_cast_info",
                                                        "Relation Name": "cast_info",
                                                        "Schema": "public",
                                                        "Alias": "ci",
                                                        "Startup Cost": 0.56,
                                                        "Total Cost": 197699.43,
                                                        "Plan Rows": 1246088,
                                                        "Plan Width": 4,
                                                        "Actual Startup Time": 0.065,
                                                        "Actual Total Time": 330.304,
                                                        "Actual Rows": 1862993,
                                                        "Actual Loops": 4,
                                                        "Output": [
                                                            "ci.id",
                                                            "ci.person_id",
                                                            "ci.movie_id",
                                                            "ci.person_role_id",
                                                            "ci.note",
                                                            "ci.nr_order",
                                                            "ci.role_id"
                                                        ],
                                                        "Index Cond": "(ci.role_id = 2)",
                                                        "Rows Removed by Index Recheck": 0,
                                                        "Workers": [
                                                            {
                                                                "Worker Number": 0,
                                                                "Actual Startup Time": 0.073,
                                                                "Actual Total Time": 342.297,
                                                                "Actual Rows": 1790881,
                                                                "Actual Loops": 1
                                                            },
                                                            {
                                                                "Worker Number": 1,
                                                                "Actual Startup Time": 0.07,
                                                                "Actual Total Time": 342.1,
                                                                "Actual Rows": 1812330,
                                                                "Actual Loops": 1
                                                            },
                                                            {
                                                                "Worker Number": 2,
                                                                "Actual Startup Time": 0.081,
                                                                "Actual Total Time": 339.933,
                                                                "Actual Rows": 1807260,
                                                                "Actual Loops": 1
                                                            }
                                                        ]
                                                    },
                                                    {
                                                        "Node Type": "Hash",
                                                        "Parent Relationship": "Inner",
                                                        "Parallel Aware": true,
                                                        "Startup Cost": 43899.01,
                                                        "Total Cost": 43899.01,
                                                        "Plan Rows": 230998,
                                                        "Plan Width": 4,
                                                        "Actual Startup Time": 190.174,
                                                        "Actual Total Time": 190.175,
                                                        "Actual Rows": 231151,
                                                        "Actual Loops": 4,
                                                        "Output": [
                                                            "t.id"
                                                        ],
                                                        "Hash Buckets": 1048576,
                                                        "Original Hash Buckets": 1048576,
                                                        "Hash Batches": 1,
                                                        "Original Hash Batches": 1,
                                                        "Peak Memory Usage": 44448,
                                                        "Workers": [
                                                            {
                                                                "Worker Number": 0,
                                                                "Actual Startup Time": 191.764,
                                                                "Actual Total Time": 191.765,
                                                                "Actual Rows": 209891,
                                                                "Actual Loops": 1
                                                            },
                                                            {
                                                                "Worker Number": 1,
                                                                "Actual Startup Time": 191.768,
                                                                "Actual Total Time": 191.769,
                                                                "Actual Rows": 213664,
                                                                "Actual Loops": 1
                                                            },
                                                            {
                                                                "Worker Number": 2,
                                                                "Actual Startup Time": 191.777,
                                                                "Actual Total Time": 191.778,
                                                                "Actual Rows": 211263,
                                                                "Actual Loops": 1
                                                            }
                                                        ],
                                                        "Plans": [
                                                            {
                                                                "Node Type": "Seq Scan",
                                                                "Parent Relationship": "Outer",
                                                                "Parallel Aware": true,
                                                                "Relation Name": "title",
                                                                "Schema": "public",
                                                                "Alias": "t",
                                                                "Startup Cost": 0.0,
                                                                "Total Cost": 43899.01,
                                                                "Plan Rows": 230998,
                                                                "Plan Width": 4,
                                                                "Actual Startup Time": 0.058,
                                                                "Actual Total Time": 103.882,
                                                                "Actual Rows": 231151,
                                                                "Actual Loops": 4,
                                                                "Output": [
                                                                    "t.id"
                                                                ],
                                                                "Filter": "(t.production_year < 1998)",
                                                                "Rows Removed by Filter": 400927,
                                                                "Workers": [
                                                                    {
                                                                        "Worker Number": 0,
                                                                        "Actual Startup Time": 0.073,
                                                                        "Actual Total Time": 106.886,
                                                                        "Actual Rows": 209891,
                                                                        "Actual Loops": 1
                                                                    },
                                                                    {
                                                                        "Worker Number": 1,
                                                                        "Actual Startup Time": 0.068,
                                                                        "Actual Total Time": 107.217,
                                                                        "Actual Rows": 213664,
                                                                        "Actual Loops": 1
                                                                    },
                                                                    {
                                                                        "Worker Number": 2,
                                                                        "Actual Startup Time": 0.076,
                                                                        "Actual Total Time": 106.604,
                                                                        "Actual Rows": 211263,
                                                                        "Actual Loops": 1
                                                                    }
                                                                ]
                                                            }
                                                        ]
                                                    }
                                                ]
                                            }
                                        ]
                                    }
                                ]
                            }
                        ]
                    }
                ]
            }
        ]
    },
    "Planning Time": 1.412,
    "Triggers": [],
    "Execution Time": 2210.142
}