[
  {
    "Plan": {
      "Node Type": "Aggregate",
      "Strategy": "Plain",
      "Partial Mode": "Finalize",
      "Parallel Aware": false,
      "Startup Cost": 45376.67,
      "Total Cost": 45376.68,
      "Plan Rows": 1,
      "Plan Width": 8,
      "Actual Startup Time": 143.41,
      "Actual Total Time": 153.314,
      "Actual Rows": 1,
      "Actual Loops": 1,
      "Plans": [
        {
          "Node Type": "Gather",
          "Parent Relationship": "Outer",
          "Parallel Aware": false,
          "Startup Cost": 45376.36,
          "Total Cost": 45376.67,
          "Plan Rows": 3,
          "Plan Width": 8,
          "Actual Startup Time": 143.296,
          "Actual Total Time": 153.305,
          "Actual Rows": 4,
          "Actual Loops": 1,
          "Workers Planned": 3,
          "Workers Launched": 3,
          "Single Copy": false,
          "Plans": [
            {
              "Node Type": "Aggregate",
              "Strategy": "Plain",
              "Partial Mode": "Partial",
              "Parent Relationship": "Outer",
              "Parallel Aware": false,
              "Startup Cost": 44376.36,
              "Total Cost": 44376.37,
              "Plan Rows": 1,
              "Plan Width": 8,
              "Actual Startup Time": 136.974,
              "Actual Total Time": 136.975,
              "Actual Rows": 1,
              "Actual Loops": 4,
              "Plans": [
                {
                  "Node Type": "Seq Scan",
                  "Parent Relationship": "Outer",
                  "Parallel Aware": true,
                  "Relation Name": "movie_keyword",
                  "Alias": "mk",
                  "Startup Cost": 0.0,
                  "Total Cost": 42695.65,
                  "Plan Rows": 672281,
                  "Plan Width": 0,
                  "Actual Startup Time": 0.871,
                  "Actual Total Time": 113.0,
                  "Actual Rows": 520496,
                  "Actual Loops": 4,
                  "Filter": "(keyword_id > 5810)",
                  "Rows Removed by Filter": 610486
                }
              ]
            }
          ]
        }
      ]
    },
    "Planning Time": 0.206,
    "Triggers": [],
    "Execution Time": 153.368
  }
]