[
  {
    "Plan": {
      "Node Type": "Aggregate",
      "Strategy": "Plain",
      "Partial Mode": "Finalize",
      "Parallel Aware": false,
      "Startup Cost": 143218.11,
      "Total Cost": 143218.12,
      "Plan Rows": 1,
      "Plan Width": 8,
      "Actual Startup Time": 518.157,
      "Actual Total Time": 579.755,
      "Actual Rows": 1,
      "Actual Loops": 1,
      "Plans": [
        {
          "Node Type": "Gather",
          "Parent Relationship": "Outer",
          "Parallel Aware": false,
          "Startup Cost": 143217.79,
          "Total Cost": 143218.1,
          "Plan Rows": 3,
          "Plan Width": 8,
          "Actual Startup Time": 516.924,
          "Actual Total Time": 579.743,
          "Actual Rows": 4,
          "Actual Loops": 1,
          "Workers Planned": 3,
          "Workers Launched": 3,
          "Single Copy": false,
          "Plans": [
            {
              "Node Type": "Aggregate",
              "Strategy": "Plain",
              "Partial Mode": "Partial",
              "Parent Relationship": "Outer",
              "Parallel Aware": false,
              "Startup Cost": 142217.79,
              "Total Cost": 142217.8,
              "Plan Rows": 1,
              "Plan Width": 8,
              "Actual Startup Time": 513.59,
              "Actual Total Time": 513.594,
              "Actual Rows": 1,
              "Actual Loops": 4,
              "Plans": [
                {
                  "Node Type": "Nested Loop",
                  "Parent Relationship": "Outer",
                  "Parallel Aware": false,
                  "Join Type": "Inner",
                  "Startup Cost": 59466.56,
                  "Total Cost": 141701.41,
                  "Plan Rows": 206555,
                  "Plan Width": 0,
                  "Actual Startup Time": 144.689,
                  "Actual Total Time": 500.926,
                  "Actual Rows": 230858,
                  "Actual Loops": 4,
                  "Inner Unique": false,
                  "Join Filter": "(t.id = ci.movie_id)",
                  "Rows Removed by Join Filter": 0,
                  "Plans": [
                    {
                      "Node Type": "Hash Join",
                      "Parent Relationship": "Outer",
                      "Parallel Aware": true,
                      "Join Type": "Inner",
                      "Startup Cost": 59465.99,
                      "Total Cost": 87386.01,
                      "Plan Rows": 14406,
                      "Plan Width": 8,
                      "Actual Startup Time": 144.516,
                      "Actual Total Time": 219.464,
                      "Actual Rows": 4769,
                      "Actual Loops": 4,
                      "Inner Unique": true,
                      "Hash Cond": "(mk.movie_id = t.id)",
                      "Plans": [
                        {
                          "Node Type": "Bitmap Heap Scan",
                          "Parent Relationship": "Outer",
                          "Parallel Aware": true,
                          "Relation Name": "movie_keyword",
                          "Alias": "mk",
                          "Startup Cost": 15069.95,
                          "Total Cost": 42388.42,
                          "Plan Rows": 229158,
                          "Plan Width": 4,
                          "Actual Startup Time": 44.301,
                          "Actual Total Time": 87.751,
                          "Actual Rows": 177914,
                          "Actual Loops": 4,
                          "Recheck Cond": "(keyword_id < 613)",
                          "Rows Removed by Index Recheck": 0,
                          "Exact Heap Blocks": 9058,
                          "Lossy Heap Blocks": 0,
                          "Plans": [
                            {
                              "Node Type": "Bitmap Index Scan",
                              "Parent Relationship": "Outer",
                              "Parallel Aware": false,
                              "Index Name": "keyword_id_movie_keyword",
                              "Startup Cost": 0.0,
                              "Total Cost": 14892.35,
                              "Plan Rows": 710389,
                              "Plan Width": 0,
                              "Actual Startup Time": 40.544,
                              "Actual Total Time": 40.545,
                              "Actual Rows": 711658,
                              "Actual Loops": 1,
                              "Index Cond": "(keyword_id < 613)"
                            }
                          ]
                        },
                        {
                          "Node Type": "Hash",
                          "Parent Relationship": "Inner",
                          "Parallel Aware": true,
                          "Startup Cost": 43899.32,
                          "Total Cost": 43899.32,
                          "Plan Rows": 39738,
                          "Plan Width": 4,
                          "Actual Startup Time": 98.928,
                          "Actual Total Time": 98.929,
                          "Actual Rows": 40004,
                          "Actual Loops": 4,
                          "Hash Buckets": 262144,
                          "Original Hash Buckets": 262144,
                          "Hash Batches": 1,
                          "Original Hash Batches": 1,
                          "Peak Memory Usage": 8416,
                          "Plans": [
                            {
                              "Node Type": "Seq Scan",
                              "Parent Relationship": "Outer",
                              "Parallel Aware": true,
                              "Relation Name": "title",
                              "Alias": "t",
                              "Startup Cost": 0.0,
                              "Total Cost": 43899.32,
                              "Plan Rows": 39738,
                              "Plan Width": 4,
                              "Actual Startup Time": 0.016,
                              "Actual Total Time": 84.781,
                              "Actual Rows": 40004,
                              "Actual Loops": 4,
                              "Filter": "(production_year = 2011)",
                              "Rows Removed by Filter": 592074
                            }
                          ]
                        }
                      ]
                    },
                    {
                      "Node Type": "Index Only Scan",
                      "Parent Relationship": "Inner",
                      "Parallel Aware": false,
                      "Scan Direction": "Forward",
                      "Index Name": "movie_id_cast_info",
                      "Relation Name": "cast_info",
                      "Alias": "ci",
                      "Startup Cost": 0.56,
                      "Total Cost": 3.33,
                      "Plan Rows": 35,
                      "Plan Width": 4,
                      "Actual Startup Time": 0.007,
                      "Actual Total Time": 0.054,
                      "Actual Rows": 48,
                      "Actual Loops": 19075,
                      "Index Cond": "(movie_id = mk.movie_id)",
                      "Rows Removed by Index Recheck": 0,
                      "Heap Fetches": 923431
                    }
                  ]
                }
              ]
            }
          ]
        }
      ]
    },
    "Planning Time": 0.494,
    "Triggers": [],
    "Execution Time": 579.832
  }
]