[
  {
    "Plan": {
      "Node Type": "Aggregate",
      "Strategy": "Plain",
      "Partial Mode": "Finalize",
      "Parallel Aware": false,
      "Startup Cost": 349250.63,
      "Total Cost": 349250.64,
      "Plan Rows": 1,
      "Plan Width": 8,
      "Actual Startup Time": 679.008,
      "Actual Total Time": 736.722,
      "Actual Rows": 1,
      "Actual Loops": 1,
      "Plans": [
        {
          "Node Type": "Gather",
          "Parent Relationship": "Outer",
          "Parallel Aware": false,
          "Startup Cost": 349250.0,
          "Total Cost": 349250.61,
          "Plan Rows": 6,
          "Plan Width": 8,
          "Actual Startup Time": 678.891,
          "Actual Total Time": 736.712,
          "Actual Rows": 7,
          "Actual Loops": 1,
          "Workers Planned": 6,
          "Workers Launched": 6,
          "Single Copy": false,
          "Plans": [
            {
              "Node Type": "Aggregate",
              "Strategy": "Plain",
              "Partial Mode": "Partial",
              "Parent Relationship": "Outer",
              "Parallel Aware": false,
              "Startup Cost": 348250.0,
              "Total Cost": 348250.01,
              "Plan Rows": 1,
              "Plan Width": 8,
              "Actual Startup Time": 669.101,
              "Actual Total Time": 669.102,
              "Actual Rows": 1,
              "Actual Loops": 7,
              "Plans": [
                {
                  "Node Type": "Seq Scan",
                  "Parent Relationship": "Outer",
                  "Parallel Aware": true,
                  "Relation Name": "cast_info",
                  "Alias": "ci",
                  "Startup Cost": 0.0,
                  "Total Cost": 343257.03,
                  "Plan Rows": 1997190,
                  "Plan Width": 0,
                  "Actual Startup Time": 231.435,
                  "Actual Total Time": 633.057,
                  "Actual Rows": 801549,
                  "Actual Loops": 7,
                  "Filter": "((person_id < 1817117) AND (role_id > 1))",
                  "Rows Removed by Filter": 4376214
                }
              ]
            }
          ]
        }
      ]
    },
    "Planning Time": 0.22,
    "Triggers": [],
    "Execution Time": 736.793
  }
]