[
  {
    "Plan": {
      "Node Type": "Aggregate",
      "Strategy": "Plain",
      "Partial Mode": "Finalize",
      "Parallel Aware": false,
      "Startup Cost": 46654.8,
      "Total Cost": 46654.81,
      "Plan Rows": 1,
      "Plan Width": 8,
      "Actual Startup Time": 162.353,
      "Actual Total Time": 171.933,
      "Actual Rows": 1,
      "Actual Loops": 1,
      "Plans": [
        {
          "Node Type": "Gather",
          "Parent Relationship": "Outer",
          "Parallel Aware": false,
          "Startup Cost": 46654.48,
          "Total Cost": 46654.79,
          "Plan Rows": 3,
          "Plan Width": 8,
          "Actual Startup Time": 162.213,
          "Actual Total Time": 171.92,
          "Actual Rows": 4,
          "Actual Loops": 1,
          "Workers Planned": 3,
          "Workers Launched": 3,
          "Single Copy": false,
          "Plans": [
            {
              "Node Type": "Aggregate",
              "Strategy": "Plain",
              "Partial Mode": "Partial",
              "Parent Relationship": "Outer",
              "Parallel Aware": false,
              "Startup Cost": 45654.48,
              "Total Cost": 45654.49,
              "Plan Rows": 1,
              "Plan Width": 8,
              "Actual Startup Time": 156.405,
              "Actual Total Time": 156.406,
              "Actual Rows": 1,
              "Actual Loops": 4,
              "Plans": [
                {
                  "Node Type": "Seq Scan",
                  "Parent Relationship": "Outer",
                  "Parallel Aware": true,
                  "Relation Name": "movie_keyword",
                  "Alias": "mk",
                  "Startup Cost": 0.0,
                  "Total Cost": 42695.65,
                  "Plan Rows": 1183532,
                  "Plan Width": 0,
                  "Actual Startup Time": 0.083,
                  "Actual Total Time": 116.122,
                  "Actual Rows": 917693,
                  "Actual Loops": 4,
                  "Filter": "(keyword_id > 813)",
                  "Rows Removed by Filter": 213290
                }
              ]
            }
          ]
        }
      ]
    },
    "Planning Time": 0.159,
    "Triggers": [],
    "Execution Time": 171.988
  }
]