[
  {
    "Plan": {
      "Node Type": "Aggregate",
      "Strategy": "Plain",
      "Partial Mode": "Finalize",
      "Parallel Aware": false,
      "Startup Cost": 46661.86,
      "Total Cost": 46661.87,
      "Plan Rows": 1,
      "Plan Width": 8,
      "Actual Startup Time": 168.485,
      "Actual Total Time": 177.96,
      "Actual Rows": 1,
      "Actual Loops": 1,
      "Plans": [
        {
          "Node Type": "Gather",
          "Parent Relationship": "Outer",
          "Parallel Aware": false,
          "Startup Cost": 46661.54,
          "Total Cost": 46661.85,
          "Plan Rows": 3,
          "Plan Width": 8,
          "Actual Startup Time": 168.291,
          "Actual Total Time": 177.95,
          "Actual Rows": 4,
          "Actual Loops": 1,
          "Workers Planned": 3,
          "Workers Launched": 3,
          "Single Copy": false,
          "Plans": [
            {
              "Node Type": "Aggregate",
              "Strategy": "Plain",
              "Partial Mode": "Partial",
              "Parent Relationship": "Outer",
              "Parallel Aware": false,
              "Startup Cost": 45661.54,
              "Total Cost": 45661.55,
              "Plan Rows": 1,
              "Plan Width": 8,
              "Actual Startup Time": 162.3,
              "Actual Total Time": 162.301,
              "Actual Rows": 1,
              "Actual Loops": 4,
              "Plans": [
                {
                  "Node Type": "Seq Scan",
                  "Parent Relationship": "Outer",
                  "Parallel Aware": true,
                  "Relation Name": "movie_keyword",
                  "Alias": "mk",
                  "Startup Cost": 0.0,
                  "Total Cost": 42695.65,
                  "Plan Rows": 1186356,
                  "Plan Width": 0,
                  "Actual Startup Time": 0.128,
                  "Actual Total Time": 122.397,
                  "Actual Rows": 917693,
                  "Actual Loops": 4,
                  "Filter": "(keyword_id > 813)",
                  "Rows Removed by Filter": 213290
                }
              ]
            }
          ]
        }
      ]
    },
    "Planning Time": 0.185,
    "Triggers": [],
    "Execution Time": 178.026
  }
]