[
  {
    "Plan": {
      "Node Type": "Aggregate",
      "Strategy": "Plain",
      "Partial Mode": "Finalize",
      "Parallel Aware": false,
      "Startup Cost": 332017.52,
      "Total Cost": 332017.53,
      "Plan Rows": 1,
      "Plan Width": 8,
      "Actual Startup Time": 643.267,
      "Actual Total Time": 694.278,
      "Actual Rows": 1,
      "Actual Loops": 1,
      "Plans": [
        {
          "Node Type": "Gather",
          "Parent Relationship": "Outer",
          "Parallel Aware": false,
          "Startup Cost": 332016.9,
          "Total Cost": 332017.51,
          "Plan Rows": 6,
          "Plan Width": 8,
          "Actual Startup Time": 643.136,
          "Actual Total Time": 694.267,
          "Actual Rows": 7,
          "Actual Loops": 1,
          "Workers Planned": 6,
          "Workers Launched": 6,
          "Single Copy": false,
          "Plans": [
            {
              "Node Type": "Aggregate",
              "Strategy": "Plain",
              "Partial Mode": "Partial",
              "Parent Relationship": "Outer",
              "Parallel Aware": false,
              "Startup Cost": 331016.9,
              "Total Cost": 331016.91,
              "Plan Rows": 1,
              "Plan Width": 8,
              "Actual Startup Time": 631.48,
              "Actual Total Time": 631.482,
              "Actual Rows": 1,
              "Actual Loops": 7,
              "Plans": [
                {
                  "Node Type": "Seq Scan",
                  "Parent Relationship": "Outer",
                  "Parallel Aware": true,
                  "Relation Name": "cast_info",
                  "Alias": "ci",
                  "Startup Cost": 0.0,
                  "Total Cost": 328162.03,
                  "Plan Rows": 1141948,
                  "Plan Width": 0,
                  "Actual Startup Time": 365.177,
                  "Actual Total Time": 586.547,
                  "Actual Rows": 955760,
                  "Actual Loops": 7,
                  "Filter": "(person_id > 2990994)",
                  "Rows Removed by Filter": 4222004
                }
              ]
            }
          ]
        }
      ]
    },
    "Planning Time": 0.17,
    "Triggers": [],
    "Execution Time": 694.348
  }
]