[
  {
    "Plan": {
      "Node Type": "Aggregate",
      "Strategy": "Plain",
      "Partial Mode": "Finalize",
      "Parallel Aware": false,
      "Startup Cost": 54090.64,
      "Total Cost": 54090.65,
      "Plan Rows": 1,
      "Plan Width": 8,
      "Actual Startup Time": 39.167,
      "Actual Total Time": 44.51,
      "Actual Rows": 1,
      "Actual Loops": 1,
      "Plans": [
        {
          "Node Type": "Gather",
          "Parent Relationship": "Outer",
          "Parallel Aware": false,
          "Startup Cost": 54090.22,
          "Total Cost": 54090.63,
          "Plan Rows": 4,
          "Plan Width": 8,
          "Actual Startup Time": 38.973,
          "Actual Total Time": 44.505,
          "Actual Rows": 5,
          "Actual Loops": 1,
          "Workers Planned": 4,
          "Workers Launched": 4,
          "Single Copy": false,
          "Plans": [
            {
              "Node Type": "Aggregate",
              "Strategy": "Plain",
              "Partial Mode": "Partial",
              "Parent Relationship": "Outer",
              "Parallel Aware": false,
              "Startup Cost": 53090.22,
              "Total Cost": 53090.23,
              "Plan Rows": 1,
              "Plan Width": 8,
              "Actual Startup Time": 33.775,
              "Actual Total Time": 33.777,
              "Actual Rows": 1,
              "Actual Loops": 5,
              "Plans": [
                {
                  "Node Type": "Nested Loop",
                  "Parent Relationship": "Outer",
                  "Parallel Aware": false,
                  "Join Type": "Inner",
                  "Startup Cost": 2170.72,
                  "Total Cost": 53086.13,
                  "Plan Rows": 1634,
                  "Plan Width": 0,
                  "Actual Startup Time": 32.952,
                  "Actual Total Time": 33.773,
                  "Actual Rows": 1,
                  "Actual Loops": 5,
                  "Inner Unique": false,
                  "Plans": [
                    {
                      "Node Type": "Bitmap Heap Scan",
                      "Parent Relationship": "Outer",
                      "Parallel Aware": true,
                      "Relation Name": "title",
                      "Alias": "t",
                      "Startup Cost": 2170.29,
                      "Total Cost": 38623.72,
                      "Plan Rows": 2993,
                      "Plan Width": 4,
                      "Actual Startup Time": 26.221,
                      "Actual Total Time": 33.747,
                      "Actual Rows": 1,
                      "Actual Loops": 5,
                      "Recheck Cond": "(kind_id = 4)",
                      "Rows Removed by Index Recheck": 0,
                      "Filter": "(production_year < 1962)",
                      "Rows Removed by Filter": 23646,
                      "Exact Heap Blocks": 5635,
                      "Lossy Heap Blocks": 0,
                      "Plans": [
                        {
                          "Node Type": "Bitmap Index Scan",
                          "Parent Relationship": "Outer",
                          "Parallel Aware": false,
                          "Index Name": "kind_id_title",
                          "Startup Cost": 0.0,
                          "Total Cost": 2167.3,
                          "Plan Rows": 121449,
                          "Plan Width": 0,
                          "Actual Startup Time": 8.406,
                          "Actual Total Time": 8.406,
                          "Actual Rows": 118234,
                          "Actual Loops": 1,
                          "Index Cond": "(kind_id = 4)"
                        }
                      ]
                    },
                    {
                      "Node Type": "Index Only Scan",
                      "Parent Relationship": "Inner",
                      "Parallel Aware": false,
                      "Scan Direction": "Forward",
                      "Index Name": "movie_id_movie_info_idx",
                      "Relation Name": "movie_info_idx",
                      "Alias": "mi_idx",
                      "Startup Cost": 0.43,
                      "Total Cost": 4.8,
                      "Plan Rows": 3,
                      "Plan Width": 4,
                      "Actual Startup Time": 0.036,
                      "Actual Total Time": 0.036,
                      "Actual Rows": 1,
                      "Actual Loops": 3,
                      "Index Cond": "(movie_id = t.id)",
                      "Rows Removed by Index Recheck": 0,
                      "Heap Fetches": 3
                    }
                  ]
                }
              ]
            }
          ]
        }
      ]
    },
    "Planning Time": 0.597,
    "Triggers": [],
    "Execution Time": 44.553
  }
]