[
    {
        "Bao": {
            "Bao prediction": "NaN",
            "Bao recommended hint": "(no hint)"
        }
    },
    {
        "Plan": {
            "Node Type": "Aggregate",
            "Strategy": "Plain",
            "Partial Mode": "Finalize",
            "Parallel Aware": false,
            "Startup Cost": 209981.73,
            "Total Cost": 209981.74,
            "Plan Rows": 1,
            "Plan Width": 8,
            "Actual Startup Time": 82.192,
            "Actual Total Time": 87.748,
            "Actual Rows": 1,
            "Actual Loops": 1,
            "Output": [
                "count(*)"
            ],
            "Plans": [
                {
                    "Node Type": "Gather",
                    "Parent Relationship": "Outer",
                    "Parallel Aware": false,
                    "Startup Cost": 209981.2,
                    "Total Cost": 209981.71,
                    "Plan Rows": 5,
                    "Plan Width": 8,
                    "Actual Startup Time": 81.522,
                    "Actual Total Time": 87.742,
                    "Actual Rows": 6,
                    "Actual Loops": 1,
                    "Output": [
                        "(PARTIAL count(*))"
                    ],
                    "Workers Planned": 5,
                    "Workers Launched": 5,
                    "Single Copy": false,
                    "Plans": [
                        {
                            "Node Type": "Aggregate",
                            "Strategy": "Plain",
                            "Partial Mode": "Partial",
                            "Parent Relationship": "Outer",
                            "Parallel Aware": false,
                            "Startup Cost": 208981.2,
                            "Total Cost": 208981.21,
                            "Plan Rows": 1,
                            "Plan Width": 8,
                            "Actual Startup Time": 71.32,
                            "Actual Total Time": 71.324,
                            "Actual Rows": 1,
                            "Actual Loops": 6,
                            "Output": [
                                "PARTIAL count(*)"
                            ],
                            "Workers": [
                                {
                                    "Worker Number": 0,
                                    "Actual Startup Time": 68.742,
                                    "Actual Total Time": 68.746,
                                    "Actual Rows": 1,
                                    "Actual Loops": 1
                                },
                                {
                                    "Worker Number": 1,
                                    "Actual Startup Time": 69.095,
                                    "Actual Total Time": 69.098,
                                    "Actual Rows": 1,
                                    "Actual Loops": 1
                                },
                                {
                                    "Worker Number": 2,
                                    "Actual Startup Time": 69.256,
                                    "Actual Total Time": 69.259,
                                    "Actual Rows": 1,
                                    "Actual Loops": 1
                                },
                                {
                                    "Worker Number": 3,
                                    "Actual Startup Time": 69.742,
                                    "Actual Total Time": 69.745,
                                    "Actual Rows": 1,
                                    "Actual Loops": 1
                                },
                                {
                                    "Worker Number": 4,
                                    "Actual Startup Time": 69.885,
                                    "Actual Total Time": 69.888,
                                    "Actual Rows": 1,
                                    "Actual Loops": 1
                                }
                            ],
                            "Plans": [
                                {
                                    "Node Type": "Hash Join",
                                    "Parent Relationship": "Outer",
                                    "Parallel Aware": true,
                                    "Join Type": "Inner",
                                    "Startup Cost": 45794.34,
                                    "Total Cost": 208978.86,
                                    "Plan Rows": 938,
                                    "Plan Width": 0,
                                    "Actual Startup Time": 50.193,
                                    "Actual Total Time": 71.312,
                                    "Actual Rows": 17,
                                    "Actual Loops": 6,
                                    "Inner Unique": true,
                                    "Hash Cond": "(mi.movie_id = t.id)",
                                    "Workers": [
                                        {
                                            "Worker Number": 0,
                                            "Actual Startup Time": 45.572,
                                            "Actual Total Time": 68.733,
                                            "Actual Rows": 14,
                                            "Actual Loops": 1
                                        },
                                        {
                                            "Worker Number": 1,
                                            "Actual Startup Time": 52.229,
                                            "Actual Total Time": 69.086,
                                            "Actual Rows": 10,
                                            "Actual Loops": 1
                                        },
                                        {
                                            "Worker Number": 2,
                                            "Actual Startup Time": 49.344,
                                            "Actual Total Time": 69.247,
                                            "Actual Rows": 22,
                                            "Actual Loops": 1
                                        },
                                        {
                                            "Worker Number": 3,
                                            "Actual Startup Time": 49.493,
                                            "Actual Total Time": 69.732,
                                            "Actual Rows": 16,
                                            "Actual Loops": 1
                                        },
                                        {
                                            "Worker Number": 4,
                                            "Actual Startup Time": 46.931,
                                            "Actual Total Time": 69.877,
                                            "Actual Rows": 9,
                                            "Actual Loops": 1
                                        }
                                    ],
                                    "Plans": [
                                        {
                                            "Node Type": "Bitmap Heap Scan",
                                            "Parent Relationship": "Outer",
                                            "Parallel Aware": true,
                                            "Relation Name": "movie_info",
                                            "Schema": "public",
                                            "Alias": "mi",
                                            "Startup Cost": 7145.07,
                                            "Total Cost": 170122.8,
                                            "Plan Rows": 78778,
                                            "Plan Width": 4,
                                            "Actual Startup Time": 12.862,
                                            "Actual Total Time": 31.176,
                                            "Actual Rows": 71442,
                                            "Actual Loops": 6,
                                            "Output": [
                                                "mi.id",
                                                "mi.movie_id",
                                                "mi.info_type_id",
                                                "mi.info",
                                                "mi.note"
                                            ],
                                            "Recheck Cond": "(mi.info_type_id > 104)",
                                            "Rows Removed by Index Recheck": 0,
                                            "Exact Heap Blocks": 1676,
                                            "Lossy Heap Blocks": 0,
                                            "Workers": [
                                                {
                                                    "Worker Number": 0,
                                                    "Actual Startup Time": 12.883,
                                                    "Actual Total Time": 31.263,
                                                    "Actual Rows": 56165,
                                                    "Actual Loops": 1
                                                },
                                                {
                                                    "Worker Number": 1,
                                                    "Actual Startup Time": 12.783,
                                                    "Actual Total Time": 31.304,
                                                    "Actual Rows": 67954,
                                                    "Actual Loops": 1
                                                },
                                                {
                                                    "Worker Number": 2,
                                                    "Actual Startup Time": 12.835,
                                                    "Actual Total Time": 31.349,
                                                    "Actual Rows": 67237,
                                                    "Actual Loops": 1
                                                },
                                                {
                                                    "Worker Number": 3,
                                                    "Actual Startup Time": 13.031,
                                                    "Actual Total Time": 31.293,
                                                    "Actual Rows": 56222,
                                                    "Actual Loops": 1
                                                },
                                                {
                                                    "Worker Number": 4,
                                                    "Actual Startup Time": 12.969,
                                                    "Actual Total Time": 31.234,
                                                    "Actual Rows": 56860,
                                                    "Actual Loops": 1
                                                }
                                            ],
                                            "Plans": [
                                                {
                                                    "Node Type": "Bitmap Index Scan",
                                                    "Parent Relationship": "Outer",
                                                    "Parallel Aware": false,
                                                    "Index Name": "info_type_id_movie_info",
                                                    "Startup Cost": 0.0,
                                                    "Total Cost": 7046.6,
                                                    "Plan Rows": 393889,
                                                    "Plan Width": 0,
                                                    "Actual Startup Time": 11.978,
                                                    "Actual Total Time": 11.979,
                                                    "Actual Rows": 428651,
                                                    "Actual Loops": 1,
                                                    "Index Cond": "(mi.info_type_id > 104)"
                                                }
                                            ]
                                        },
                                        {
                                            "Node Type": "Hash",
                                            "Parent Relationship": "Inner",
                                            "Parallel Aware": true,
                                            "Startup Cost": 38555.22,
                                            "Total Cost": 38555.22,
                                            "Plan Rows": 7524,
                                            "Plan Width": 4,
                                            "Actual Startup Time": 32.095,
                                            "Actual Total Time": 32.096,
                                            "Actual Rows": 521,
                                            "Actual Loops": 6,
                                            "Output": [
                                                "t.id"
                                            ],
                                            "Hash Buckets": 32768,
                                            "Original Hash Buckets": 32768,
                                            "Hash Batches": 1,
                                            "Original Hash Batches": 1,
                                            "Peak Memory Usage": 480,
                                            "Workers": [
                                                {
                                                    "Worker Number": 0,
                                                    "Actual Startup Time": 29.52,
                                                    "Actual Total Time": 29.522,
                                                    "Actual Rows": 293,
                                                    "Actual Loops": 1
                                                },
                                                {
                                                    "Worker Number": 1,
                                                    "Actual Startup Time": 29.885,
                                                    "Actual Total Time": 29.886,
                                                    "Actual Rows": 296,
                                                    "Actual Loops": 1
                                                },
                                                {
                                                    "Worker Number": 2,
                                                    "Actual Startup Time": 30.029,
                                                    "Actual Total Time": 30.03,
                                                    "Actual Rows": 319,
                                                    "Actual Loops": 1
                                                },
                                                {
                                                    "Worker Number": 3,
                                                    "Actual Startup Time": 30.512,
                                                    "Actual Total Time": 30.513,
                                                    "Actual Rows": 303,
                                                    "Actual Loops": 1
                                                },
                                                {
                                                    "Worker Number": 4,
                                                    "Actual Startup Time": 30.651,
                                                    "Actual Total Time": 30.652,
                                                    "Actual Rows": 280,
                                                    "Actual Loops": 1
                                                }
                                            ],
                                            "Plans": [
                                                {
                                                    "Node Type": "Bitmap Heap Scan",
                                                    "Parent Relationship": "Outer",
                                                    "Parallel Aware": true,
                                                    "Relation Name": "title",
                                                    "Schema": "public",
                                                    "Alias": "t",
                                                    "Startup Cost": 2114.13,
                                                    "Total Cost": 38555.22,
                                                    "Plan Rows": 7524,
                                                    "Plan Width": 4,
                                                    "Actual Startup Time": 2.062,
                                                    "Actual Total Time": 31.623,
                                                    "Actual Rows": 521,
                                                    "Actual Loops": 6,
                                                    "Output": [
                                                        "t.id"
                                                    ],
                                                    "Recheck Cond": "(t.kind_id = 4)",
                                                    "Rows Removed by Index Recheck": 0,
                                                    "Filter": "(t.production_year < 1988)",
                                                    "Rows Removed by Filter": 19185,
                                                    "Exact Heap Blocks": 6782,
                                                    "Lossy Heap Blocks": 0,
                                                    "Workers": [
                                                        {
                                                            "Worker Number": 0,
                                                            "Actual Startup Time": 0.15,
                                                            "Actual Total Time": 29.029,
                                                            "Actual Rows": 293,
                                                            "Actual Loops": 1
                                                        },
                                                        {
                                                            "Worker Number": 1,
                                                            "Actual Startup Time": 0.989,
                                                            "Actual Total Time": 29.47,
                                                            "Actual Rows": 296,
                                                            "Actual Loops": 1
                                                        },
                                                        {
                                                            "Worker Number": 2,
                                                            "Actual Startup Time": 0.118,
                                                            "Actual Total Time": 29.596,
                                                            "Actual Rows": 319,
                                                            "Actual Loops": 1
                                                        },
                                                        {
                                                            "Worker Number": 3,
                                                            "Actual Startup Time": 1.75,
                                                            "Actual Total Time": 30.05,
                                                            "Actual Rows": 303,
                                                            "Actual Loops": 1
                                                        },
                                                        {
                                                            "Worker Number": 4,
                                                            "Actual Startup Time": 0.399,
                                                            "Actual Total Time": 30.19,
                                                            "Actual Rows": 280,
                                                            "Actual Loops": 1
                                                        }
                                                    ],
                                                    "Plans": [
                                                        {
                                                            "Node Type": "Bitmap Index Scan",
                                                            "Parent Relationship": "Outer",
                                                            "Parallel Aware": false,
                                                            "Index Name": "kind_id_title",
                                                            "Startup Cost": 0.0,
                                                            "Total Cost": 2106.61,
                                                            "Plan Rows": 118157,
                                                            "Plan Width": 0,
                                                            "Actual Startup Time": 6.61,
                                                            "Actual Total Time": 6.61,
                                                            "Actual Rows": 118234,
                                                            "Actual Loops": 1,
                                                            "Index Cond": "(t.kind_id = 4)"
                                                        }
                                                    ]
                                                }
                                            ]
                                        }
                                    ]
                                }
                            ]
                        }
                    ]
                }
            ]
        },
        "Planning Time": 177.549,
        "Triggers": [],
        "Execution Time": 87.81
    }
]