[
  {
    "Plan": {
      "Node Type": "Aggregate",
      "Strategy": "Plain",
      "Partial Mode": "Finalize",
      "Parallel Aware": false,
      "Startup Cost": 245142.73,
      "Total Cost": 245142.74,
      "Plan Rows": 1,
      "Plan Width": 8,
      "Actual Startup Time": 842.935,
      "Actual Total Time": 887.772,
      "Actual Rows": 1,
      "Actual Loops": 1,
      "Plans": [
        {
          "Node Type": "Gather",
          "Parent Relationship": "Outer",
          "Parallel Aware": false,
          "Startup Cost": 245142.2,
          "Total Cost": 245142.71,
          "Plan Rows": 5,
          "Plan Width": 8,
          "Actual Startup Time": 841.25,
          "Actual Total Time": 887.742,
          "Actual Rows": 6,
          "Actual Loops": 1,
          "Workers Planned": 5,
          "Workers Launched": 5,
          "Single Copy": false,
          "Plans": [
            {
              "Node Type": "Aggregate",
              "Strategy": "Plain",
              "Partial Mode": "Partial",
              "Parent Relationship": "Outer",
              "Parallel Aware": false,
              "Startup Cost": 244142.2,
              "Total Cost": 244142.21,
              "Plan Rows": 1,
              "Plan Width": 8,
              "Actual Startup Time": 831.196,
              "Actual Total Time": 831.2,
              "Actual Rows": 1,
              "Actual Loops": 6,
              "Plans": [
                {
                  "Node Type": "Hash Join",
                  "Parent Relationship": "Outer",
                  "Parallel Aware": true,
                  "Join Type": "Inner",
                  "Startup Cost": 44375.02,
                  "Total Cost": 243696.78,
                  "Plan Rows": 178169,
                  "Plan Width": 0,
                  "Actual Startup Time": 103.481,
                  "Actual Total Time": 814.605,
                  "Actual Rows": 306582,
                  "Actual Loops": 6,
                  "Inner Unique": true,
                  "Hash Cond": "(mi.movie_id = t.id)",
                  "Plans": [
                    {
                      "Node Type": "Seq Scan",
                      "Parent Relationship": "Outer",
                      "Parallel Aware": true,
                      "Relation Name": "movie_info",
                      "Alias": "mi",
                      "Startup Cost": 0.0,
                      "Total Cost": 191560.33,
                      "Plan Rows": 2956733,
                      "Plan Width": 4,
                      "Actual Startup Time": 0.028,
                      "Actual Total Time": 347.065,
                      "Actual Rows": 2472620,
                      "Actual Loops": 6
                    },
                    {
                      "Node Type": "Hash",
                      "Parent Relationship": "Inner",
                      "Parallel Aware": true,
                      "Startup Cost": 43898.92,
                      "Total Cost": 43898.92,
                      "Plan Rows": 38088,
                      "Plan Width": 4,
                      "Actual Startup Time": 98.461,
                      "Actual Total Time": 98.462,
                      "Actual Rows": 26250,
                      "Actual Loops": 6,
                      "Hash Buckets": 262144,
                      "Original Hash Buckets": 262144,
                      "Hash Batches": 1,
                      "Original Hash Batches": 1,
                      "Peak Memory Usage": 8288,
                      "Plans": [
                        {
                          "Node Type": "Seq Scan",
                          "Parent Relationship": "Outer",
                          "Parallel Aware": true,
                          "Relation Name": "title",
                          "Alias": "t",
                          "Startup Cost": 0.0,
                          "Total Cost": 43898.92,
                          "Plan Rows": 38088,
                          "Plan Width": 4,
                          "Actual Startup Time": 3.821,
                          "Actual Total Time": 86.113,
                          "Actual Rows": 26250,
                          "Actual Loops": 6,
                          "Filter": "(production_year < 1948)",
                          "Rows Removed by Filter": 395136
                        }
                      ]
                    }
                  ]
                }
              ]
            }
          ]
        }
      ]
    },
    "Planning Time": 0.611,
    "Triggers": [],
    "Execution Time": 887.858
  }
]