[
  {
    "Plan": {
      "Node Type": "Aggregate",
      "Strategy": "Plain",
      "Partial Mode": "Finalize",
      "Parallel Aware": false,
      "Startup Cost": 72445.38,
      "Total Cost": 72445.39,
      "Plan Rows": 1,
      "Plan Width": 8,
      "Actual Startup Time": 104.033,
      "Actual Total Time": 117.605,
      "Actual Rows": 1,
      "Actual Loops": 1,
      "Plans": [
        {
          "Node Type": "Gather",
          "Parent Relationship": "Outer",
          "Parallel Aware": false,
          "Startup Cost": 72444.96,
          "Total Cost": 72445.37,
          "Plan Rows": 4,
          "Plan Width": 8,
          "Actual Startup Time": 103.835,
          "Actual Total Time": 117.589,
          "Actual Rows": 5,
          "Actual Loops": 1,
          "Workers Planned": 4,
          "Workers Launched": 4,
          "Single Copy": false,
          "Plans": [
            {
              "Node Type": "Aggregate",
              "Strategy": "Plain",
              "Partial Mode": "Partial",
              "Parent Relationship": "Outer",
              "Parallel Aware": false,
              "Startup Cost": 71444.96,
              "Total Cost": 71444.97,
              "Plan Rows": 1,
              "Plan Width": 8,
              "Actual Startup Time": 96.703,
              "Actual Total Time": 96.705,
              "Actual Rows": 1,
              "Actual Loops": 5,
              "Plans": [
                {
                  "Node Type": "Nested Loop",
                  "Parent Relationship": "Outer",
                  "Parallel Aware": false,
                  "Join Type": "Inner",
                  "Startup Cost": 0.43,
                  "Total Cost": 71443.48,
                  "Plan Rows": 592,
                  "Plan Width": 0,
                  "Actual Startup Time": 30.112,
                  "Actual Total Time": 96.655,
                  "Actual Rows": 491,
                  "Actual Loops": 5,
                  "Inner Unique": false,
                  "Plans": [
                    {
                      "Node Type": "Seq Scan",
                      "Parent Relationship": "Outer",
                      "Parallel Aware": true,
                      "Relation Name": "title",
                      "Alias": "t",
                      "Startup Cost": 0.0,
                      "Total Cost": 43899.32,
                      "Plan Rows": 3708,
                      "Plan Width": 4,
                      "Actual Startup Time": 0.262,
                      "Actual Total Time": 77.359,
                      "Actual Rows": 2847,
                      "Actual Loops": 5,
                      "Filter": "(production_year = 1968)",
                      "Rows Removed by Filter": 502815
                    },
                    {
                      "Node Type": "Index Scan",
                      "Parent Relationship": "Inner",
                      "Parallel Aware": false,
                      "Scan Direction": "Forward",
                      "Index Name": "movie_id_movie_keyword",
                      "Relation Name": "movie_keyword",
                      "Alias": "mk",
                      "Startup Cost": 0.43,
                      "Total Cost": 7.39,
                      "Plan Rows": 4,
                      "Plan Width": 4,
                      "Actual Startup Time": 0.006,
                      "Actual Total Time": 0.006,
                      "Actual Rows": 0,
                      "Actual Loops": 14235,
                      "Index Cond": "(movie_id = t.id)",
                      "Rows Removed by Index Recheck": 0,
                      "Filter": "(keyword_id > 43067)",
                      "Rows Removed by Filter": 2
                    }
                  ]
                }
              ]
            }
          ]
        }
      ]
    },
    "Planning Time": 0.259,
    "Triggers": [],
    "Execution Time": 117.643
  }
]