{
  "Plan": {
    "Node Type": "Aggregate",
    "Strategy": "Plain",
    "Partial Mode": "Finalize",
    "Parallel Aware": false,
    "Startup Cost": 126544.1,
    "Total Cost": 126544.11,
    "Plan Rows": 1,
    "Plan Width": 8,
    "Actual Startup Time": 334.394,
    "Actual Total Time": 355.874,
    "Actual Rows": 1,
    "Actual Loops": 1,
    "Plans": [
      {
        "Node Type": "Gather",
        "Parent Relationship": "Outer",
        "Parallel Aware": false,
        "Startup Cost": 126543.99,
        "Total Cost": 126544.1,
        "Plan Rows": 1,
        "Plan Width": 8,
        "Actual Startup Time": 334.108,
        "Actual Total Time": 355.867,
        "Actual Rows": 2,
        "Actual Loops": 1,
        "Workers Planned": 1,
        "Workers Launched": 1,
        "Single Copy": false,
        "Plans": [
          {
            "Node Type": "Aggregate",
            "Strategy": "Plain",
            "Partial Mode": "Partial",
            "Parent Relationship": "Outer",
            "Parallel Aware": false,
            "Startup Cost": 125543.99,
            "Total Cost": 125544.0,
            "Plan Rows": 1,
            "Plan Width": 8,
            "Actual Startup Time": 330.962,
            "Actual Total Time": 330.966,
            "Actual Rows": 1,
            "Actual Loops": 2,
            "Plans": [
              {
                "Node Type": "Nested Loop",
                "Parent Relationship": "Outer",
                "Parallel Aware": false,
                "Join Type": "Inner",
                "Startup Cost": 21629.39,
                "Total Cost": 125272.77,
                "Plan Rows": 108488,
                "Plan Width": 0,
                "Actual Startup Time": 43.529,
                "Actual Total Time": 325.956,
                "Actual Rows": 107158,
                "Actual Loops": 2,
                "Inner Unique": false,
                "Plans": [
                  {
                    "Node Type": "Hash Join",
                    "Parent Relationship": "Outer",
                    "Parallel Aware": true,
                    "Join Type": "Inner",
                    "Startup Cost": 21628.95,
                    "Total Cost": 80087.39,
                    "Plan Rows": 18554,
                    "Plan Width": 8,
                    "Actual Startup Time": 43.464,
                    "Actual Total Time": 237.277,
                    "Actual Rows": 6866,
                    "Actual Loops": 2,
                    "Inner Unique": false,
                    "Hash Cond": "(t.id = mc.movie_id)",
                    "Plans": [
                      {
                        "Node Type": "Seq Scan",
                        "Parent Relationship": "Outer",
                        "Parallel Aware": true,
                        "Relation Name": "title",
                        "Alias": "t",
                        "Startup Cost": 0.0,
                        "Total Cost": 54588.39,
                        "Plan Rows": 601746,
                        "Plan Width": 4,
                        "Actual Startup Time": 0.01,
                        "Actual Total Time": 131.97,
                        "Actual Rows": 506460,
                        "Actual Loops": 2,
                        "Filter": "(production_year > 2005)",
                        "Rows Removed by Filter": 757696
                      },
                      {
                        "Node Type": "Hash",
                        "Parent Relationship": "Inner",
                        "Parallel Aware": true,
                        "Startup Cost": 21055.76,
                        "Total Cost": 21055.76,
                        "Plan Rows": 45855,
                        "Plan Width": 4,
                        "Actual Startup Time": 42.071,
                        "Actual Total Time": 42.073,
                        "Actual Rows": 40298,
                        "Actual Loops": 2,
                        "Hash Buckets": 131072,
                        "Original Hash Buckets": 131072,
                        "Hash Batches": 1,
                        "Original Hash Batches": 1,
                        "Peak Memory Usage": 4224,
                        "Plans": [
                          {
                            "Node Type": "Bitmap Heap Scan",
                            "Parent Relationship": "Outer",
                            "Parallel Aware": true,
                            "Relation Name": "movie_companies",
                            "Alias": "mc",
                            "Startup Cost": 1692.57,
                            "Total Cost": 21055.76,
                            "Plan Rows": 45855,
                            "Plan Width": 4,
                            "Actual Startup Time": 9.731,
                            "Actual Total Time": 30.86,
                            "Actual Rows": 40298,
                            "Actual Loops": 2,
                            "Recheck Cond": "(company_id < 12)",
                            "Rows Removed by Index Recheck": 0,
                            "Exact Heap Blocks": 6170,
                            "Lossy Heap Blocks": 0,
                            "Plans": [
                              {
                                "Node Type": "Bitmap Index Scan",
                                "Parent Relationship": "Outer",
                                "Parallel Aware": false,
                                "Index Name": "company_id_movie_companies",
                                "Startup Cost": 0.0,
                                "Total Cost": 1673.09,
                                "Plan Rows": 77954,
                                "Plan Width": 0,
                                "Actual Startup Time": 8.817,
                                "Actual Total Time": 8.818,
                                "Actual Rows": 80595,
                                "Actual Loops": 1,
                                "Index Cond": "(company_id < 12)"
                              }
                            ]
                          }
                        ]
                      }
                    ]
                  },
                  {
                    "Node Type": "Index Only Scan",
                    "Parent Relationship": "Inner",
                    "Parallel Aware": false,
                    "Scan Direction": "Forward",
                    "Index Name": "movie_id_movie_info",
                    "Relation Name": "movie_info",
                    "Alias": "mi",
                    "Startup Cost": 0.43,
                    "Total Cost": 2.02,
                    "Plan Rows": 42,
                    "Plan Width": 4,
                    "Actual Startup Time": 0.004,
                    "Actual Total Time": 0.012,
                    "Actual Rows": 16,
                    "Actual Loops": 13732,
                    "Index Cond": "(movie_id = t.id)",
                    "Rows Removed by Index Recheck": 0,
                    "Heap Fetches": 214316
                  }
                ]
              }
            ]
          }
        ]
      }
    ]
  },
  "Planning Time": 0.644,
  "Triggers": [],
  "Execution Time": 355.947
}