[
  {
    "Plan": {
      "Node Type": "Aggregate",
      "Strategy": "Plain",
      "Partial Mode": "Finalize",
      "Parallel Aware": false,
      "Startup Cost": 270643.01,
      "Total Cost": 270643.02,
      "Plan Rows": 1,
      "Plan Width": 8,
      "Actual Startup Time": 1066.127,
      "Actual Total Time": 1111.474,
      "Actual Rows": 1,
      "Actual Loops": 1,
      "Plans": [
        {
          "Node Type": "Gather",
          "Parent Relationship": "Outer",
          "Parallel Aware": false,
          "Startup Cost": 270642.49,
          "Total Cost": 270643.0,
          "Plan Rows": 5,
          "Plan Width": 8,
          "Actual Startup Time": 1060.92,
          "Actual Total Time": 1111.463,
          "Actual Rows": 6,
          "Actual Loops": 1,
          "Workers Planned": 5,
          "Workers Launched": 5,
          "Single Copy": false,
          "Plans": [
            {
              "Node Type": "Aggregate",
              "Strategy": "Plain",
              "Partial Mode": "Partial",
              "Parent Relationship": "Outer",
              "Parallel Aware": false,
              "Startup Cost": 269642.49,
              "Total Cost": 269642.5,
              "Plan Rows": 1,
              "Plan Width": 8,
              "Actual Startup Time": 1050.597,
              "Actual Total Time": 1050.671,
              "Actual Rows": 1,
              "Actual Loops": 6,
              "Plans": [
                {
                  "Node Type": "Hash Join",
                  "Parent Relationship": "Outer",
                  "Parallel Aware": true,
                  "Join Type": "Inner",
                  "Startup Cost": 64363.37,
                  "Total Cost": 268655.85,
                  "Plan Rows": 394656,
                  "Plan Width": 0,
                  "Actual Startup Time": 223.515,
                  "Actual Total Time": 986.101,
                  "Actual Rows": 1522155,
                  "Actual Loops": 6,
                  "Inner Unique": false,
                  "Hash Cond": "(mi.movie_id = t.id)",
                  "Plans": [
                    {
                      "Node Type": "Seq Scan",
                      "Parent Relationship": "Outer",
                      "Parallel Aware": true,
                      "Relation Name": "movie_info",
                      "Alias": "mi",
                      "Startup Cost": 0.0,
                      "Total Cost": 191560.33,
                      "Plan Rows": 2956733,
                      "Plan Width": 4,
                      "Actual Startup Time": 0.032,
                      "Actual Total Time": 302.59,
                      "Actual Rows": 2472620,
                      "Actual Loops": 6
                    },
                    {
                      "Node Type": "Hash",
                      "Parent Relationship": "Inner",
                      "Parallel Aware": true,
                      "Startup Cost": 62605.72,
                      "Total Cost": 62605.72,
                      "Plan Rows": 140612,
                      "Plan Width": 8,
                      "Actual Startup Time": 219.853,
                      "Actual Total Time": 219.925,
                      "Actual Rows": 86344,
                      "Actual Loops": 6,
                      "Hash Buckets": 524288,
                      "Original Hash Buckets": 524288,
                      "Hash Batches": 1,
                      "Original Hash Batches": 1,
                      "Peak Memory Usage": 24480,
                      "Plans": [
                        {
                          "Node Type": "Hash Join",
                          "Parent Relationship": "Outer",
                          "Parallel Aware": true,
                          "Join Type": "Inner",
                          "Startup Cost": 47411.16,
                          "Total Cost": 62605.72,
                          "Plan Rows": 140612,
                          "Plan Width": 8,
                          "Actual Startup Time": 132.329,
                          "Actual Total Time": 195.868,
                          "Actual Rows": 86344,
                          "Actual Loops": 6,
                          "Inner Unique": true,
                          "Hash Cond": "(mi_idx.movie_id = t.id)",
                          "Plans": [
                            {
                              "Node Type": "Seq Scan",
                              "Parent Relationship": "Outer",
                              "Parallel Aware": true,
                              "Relation Name": "movie_info_idx",
                              "Alias": "mi_idx",
                              "Startup Cost": 0.0,
                              "Total Cost": 13685.15,
                              "Plan Rows": 575015,
                              "Plan Width": 4,
                              "Actual Startup Time": 0.029,
                              "Actual Total Time": 22.207,
                              "Actual Rows": 230006,
                              "Actual Loops": 6
                            },
                            {
                              "Node Type": "Hash",
                              "Parent Relationship": "Inner",
                              "Parallel Aware": true,
                              "Startup Cost": 45479.1,
                              "Total Cost": 45479.1,
                              "Plan Rows": 154565,
                              "Plan Width": 4,
                              "Actual Startup Time": 130.126,
                              "Actual Total Time": 130.127,
                              "Actual Rows": 86729,
                              "Actual Loops": 6,
                              "Hash Buckets": 1048576,
                              "Original Hash Buckets": 1048576,
                              "Hash Batches": 1,
                              "Original Hash Batches": 1,
                              "Peak Memory Usage": 28608,
                              "Plans": [
                                {
                                  "Node Type": "Seq Scan",
                                  "Parent Relationship": "Outer",
                                  "Parallel Aware": true,
                                  "Relation Name": "title",
                                  "Alias": "t",
                                  "Startup Cost": 0.0,
                                  "Total Cost": 45479.1,
                                  "Plan Rows": 154565,
                                  "Plan Width": 4,
                                  "Actual Startup Time": 0.063,
                                  "Actual Total Time": 84.147,
                                  "Actual Rows": 86729,
                                  "Actual Loops": 6,
                                  "Filter": "((kind_id < 7) AND (production_year > 1996))",
                                  "Rows Removed by Filter": 334656
                                }
                              ]
                            }
                          ]
                        }
                      ]
                    }
                  ]
                }
              ]
            }
          ]
        }
      ]
    },
    "Planning Time": 1.38,
    "Triggers": [],
    "Execution Time": 1111.568
  }
]