{
  "Plan": {
    "Node Type": "Aggregate",
    "Strategy": "Plain",
    "Partial Mode": "Finalize",
    "Parallel Aware": false,
    "Startup Cost": 75946.02,
    "Total Cost": 75946.03,
    "Plan Rows": 1,
    "Plan Width": 8,
    "Actual Startup Time": 268.834,
    "Actual Total Time": 276.37,
    "Actual Rows": 1,
    "Actual Loops": 1,
    "Plans": [
      {
        "Node Type": "Gather",
        "Parent Relationship": "Outer",
        "Parallel Aware": false,
        "Startup Cost": 75945.91,
        "Total Cost": 75946.02,
        "Plan Rows": 1,
        "Plan Width": 8,
        "Actual Startup Time": 267.925,
        "Actual Total Time": 276.359,
        "Actual Rows": 2,
        "Actual Loops": 1,
        "Workers Planned": 1,
        "Workers Launched": 1,
        "Single Copy": false,
        "Plans": [
          {
            "Node Type": "Aggregate",
            "Strategy": "Plain",
            "Partial Mode": "Partial",
            "Parent Relationship": "Outer",
            "Parallel Aware": false,
            "Startup Cost": 74945.91,
            "Total Cost": 74945.92,
            "Plan Rows": 1,
            "Plan Width": 8,
            "Actual Startup Time": 261.186,
            "Actual Total Time": 261.19,
            "Actual Rows": 1,
            "Actual Loops": 2,
            "Plans": [
              {
                "Node Type": "Hash Join",
                "Parent Relationship": "Outer",
                "Parallel Aware": true,
                "Join Type": "Inner",
                "Startup Cost": 56077.95,
                "Total Cost": 74862.26,
                "Plan Rows": 33457,
                "Plan Width": 0,
                "Actual Startup Time": 194.874,
                "Actual Total Time": 259.32,
                "Actual Rows": 35846,
                "Actual Loops": 2,
                "Inner Unique": true,
                "Hash Cond": "(mi_idx.movie_id = t.id)",
                "Plans": [
                  {
                    "Node Type": "Seq Scan",
                    "Parent Relationship": "Outer",
                    "Parallel Aware": true,
                    "Relation Name": "movie_info_idx",
                    "Alias": "mi_idx",
                    "Startup Cost": 0.0,
                    "Total Cost": 18082.32,
                    "Plan Rows": 267429,
                    "Plan Width": 4,
                    "Actual Startup Time": 0.024,
                    "Actual Total Time": 60.663,
                    "Actual Rows": 229962,
                    "Actual Loops": 2,
                    "Filter": "(info_type_id < 100)",
                    "Rows Removed by Filter": 460055
                  },
                  {
                    "Node Type": "Hash",
                    "Parent Relationship": "Inner",
                    "Parallel Aware": true,
                    "Startup Cost": 53752.18,
                    "Total Cost": 53752.18,
                    "Plan Rows": 186061,
                    "Plan Width": 4,
                    "Actual Startup Time": 148.949,
                    "Actual Total Time": 148.951,
                    "Actual Rows": 122394,
                    "Actual Loops": 2,
                    "Hash Buckets": 524288,
                    "Original Hash Buckets": 524288,
                    "Hash Batches": 1,
                    "Original Hash Batches": 1,
                    "Peak Memory Usage": 13696,
                    "Plans": [
                      {
                        "Node Type": "Bitmap Heap Scan",
                        "Parent Relationship": "Outer",
                        "Parallel Aware": true,
                        "Relation Name": "title",
                        "Alias": "t",
                        "Startup Cost": 11901.93,
                        "Total Cost": 53752.18,
                        "Plan Rows": 186061,
                        "Plan Width": 4,
                        "Actual Startup Time": 39.733,
                        "Actual Total Time": 114.165,
                        "Actual Rows": 122394,
                        "Actual Loops": 2,
                        "Recheck Cond": "(kind_id = 1)",
                        "Rows Removed by Index Recheck": 0,
                        "Filter": "(production_year > 2003)",
                        "Rows Removed by Filter": 209018,
                        "Exact Heap Blocks": 6831,
                        "Lossy Heap Blocks": 0,
                        "Plans": [
                          {
                            "Node Type": "Bitmap Index Scan",
                            "Parent Relationship": "Outer",
                            "Parallel Aware": false,
                            "Index Name": "kind_id_title",
                            "Startup Cost": 0.0,
                            "Total Cost": 11822.85,
                            "Plan Rows": 663256,
                            "Plan Width": 0,
                            "Actual Startup Time": 36.77,
                            "Actual Total Time": 36.77,
                            "Actual Rows": 662825,
                            "Actual Loops": 1,
                            "Index Cond": "(kind_id = 1)"
                          }
                        ]
                      }
                    ]
                  }
                ]
              }
            ]
          }
        ]
      }
    ]
  },
  "Planning Time": 1.093,
  "Triggers": [],
  "Execution Time": 276.467
}