[
  {
    "Plan": {
      "Node Type": "Aggregate",
      "Strategy": "Plain",
      "Partial Mode": "Finalize",
      "Parallel Aware": false,
      "Startup Cost": 266155.08,
      "Total Cost": 266155.09,
      "Plan Rows": 1,
      "Plan Width": 8,
      "Actual Startup Time": 2729.291,
      "Actual Total Time": 2729.412,
      "Actual Rows": 1,
      "Actual Loops": 1,
      "Plans": [
        {
          "Node Type": "Gather",
          "Parent Relationship": "Outer",
          "Parallel Aware": false,
          "Startup Cost": 266154.66,
          "Total Cost": 266155.07,
          "Plan Rows": 4,
          "Plan Width": 8,
          "Actual Startup Time": 2729.277,
          "Actual Total Time": 2729.405,
          "Actual Rows": 5,
          "Actual Loops": 1,
          "Workers Planned": 4,
          "Workers Launched": 4,
          "Single Copy": false,
          "Plans": [
            {
              "Node Type": "Aggregate",
              "Strategy": "Plain",
              "Partial Mode": "Partial",
              "Parent Relationship": "Outer",
              "Parallel Aware": false,
              "Startup Cost": 265154.66,
              "Total Cost": 265154.67,
              "Plan Rows": 1,
              "Plan Width": 8,
              "Actual Startup Time": 2534.382,
              "Actual Total Time": 2534.385,
              "Actual Rows": 1,
              "Actual Loops": 5,
              "Plans": [
                {
                  "Node Type": "Nested Loop",
                  "Parent Relationship": "Outer",
                  "Parallel Aware": false,
                  "Join Type": "Inner",
                  "Startup Cost": 130779.49,
                  "Total Cost": 264809.09,
                  "Plan Rows": 138230,
                  "Plan Width": 0,
                  "Actual Startup Time": 309.493,
                  "Actual Total Time": 2510.797,
                  "Actual Rows": 463958,
                  "Actual Loops": 5,
                  "Inner Unique": false,
                  "Plans": [
                    {
                      "Node Type": "Merge Join",
                      "Parent Relationship": "Outer",
                      "Parallel Aware": false,
                      "Join Type": "Inner",
                      "Startup Cost": 130778.93,
                      "Total Cost": 134598.6,
                      "Plan Rows": 40266,
                      "Plan Width": 8,
                      "Actual Startup Time": 309.329,
                      "Actual Total Time": 420.894,
                      "Actual Rows": 55830,
                      "Actual Loops": 5,
                      "Inner Unique": false,
                      "Merge Cond": "(t.id = mi_idx.movie_id)",
                      "Plans": [
                        {
                          "Node Type": "Sort",
                          "Parent Relationship": "Outer",
                          "Parallel Aware": false,
                          "Startup Cost": 64924.3,
                          "Total Cost": 65472.31,
                          "Plan Rows": 219201,
                          "Plan Width": 4,
                          "Actual Startup Time": 126.816,
                          "Actual Total Time": 159.409,
                          "Actual Rows": 157130,
                          "Actual Loops": 5,
                          "Sort Key": [
                            "t.id"
                          ],
                          "Sort Method": "quicksort",
                          "Sort Space Used": 15226,
                          "Sort Space Type": "Memory",
                          "Workers": [
                            {
                              "Worker Number": 0,
                              "Sort Method": "quicksort",
                              "Sort Space Used": 13182,
                              "Sort Space Type": "Memory"
                            },
                            {
                              "Worker Number": 1,
                              "Sort Method": "quicksort",
                              "Sort Space Used": 12723,
                              "Sort Space Type": "Memory"
                            },
                            {
                              "Worker Number": 2,
                              "Sort Method": "quicksort",
                              "Sort Space Used": 13221,
                              "Sort Space Type": "Memory"
                            },
                            {
                              "Worker Number": 3,
                              "Sort Method": "quicksort",
                              "Sort Space Used": 13244,
                              "Sort Space Type": "Memory"
                            }
                          ],
                          "Plans": [
                            {
                              "Node Type": "Seq Scan",
                              "Parent Relationship": "Outer",
                              "Parallel Aware": true,
                              "Relation Name": "title",
                              "Alias": "t",
                              "Startup Cost": 0.0,
                              "Total Cost": 45479.1,
                              "Plan Rows": 219201,
                              "Plan Width": 4,
                              "Actual Startup Time": 0.043,
                              "Actual Total Time": 89.036,
                              "Actual Rows": 157328,
                              "Actual Loops": 5,
                              "Filter": "((kind_id < 7) AND (production_year > 1958))",
                              "Rows Removed by Filter": 348334
                            }
                          ]
                        },
                        {
                          "Node Type": "Sort",
                          "Parent Relationship": "Inner",
                          "Parallel Aware": false,
                          "Startup Cost": 65854.6,
                          "Total Cost": 67015.67,
                          "Plan Rows": 464428,
                          "Plan Width": 4,
                          "Actual Startup Time": 182.496,
                          "Actual Total Time": 211.019,
                          "Actual Rows": 459925,
                          "Actual Loops": 5,
                          "Sort Key": [
                            "mi_idx.movie_id"
                          ],
                          "Sort Method": "quicksort",
                          "Sort Space Used": 33847,
                          "Sort Space Type": "Memory",
                          "Workers": [
                            {
                              "Worker Number": 0,
                              "Sort Method": "quicksort",
                              "Sort Space Used": 33847,
                              "Sort Space Type": "Memory"
                            },
                            {
                              "Worker Number": 1,
                              "Sort Method": "quicksort",
                              "Sort Space Used": 33847,
                              "Sort Space Type": "Memory"
                            },
                            {
                              "Worker Number": 2,
                              "Sort Method": "quicksort",
                              "Sort Space Used": 33847,
                              "Sort Space Type": "Memory"
                            },
                            {
                              "Worker Number": 3,
                              "Sort Method": "quicksort",
                              "Sort Space Used": 33847,
                              "Sort Space Type": "Memory"
                            }
                          ],
                          "Plans": [
                            {
                              "Node Type": "Bitmap Heap Scan",
                              "Parent Relationship": "Outer",
                              "Parallel Aware": false,
                              "Relation Name": "movie_info_idx",
                              "Alias": "mi_idx",
                              "Startup Cost": 8399.74,
                              "Total Cost": 22140.09,
                              "Plan Rows": 464428,
                              "Plan Width": 4,
                              "Actual Startup Time": 29.51,
                              "Actual Total Time": 89.713,
                              "Actual Rows": 459925,
                              "Actual Loops": 5,
                              "Recheck Cond": "(info_type_id = 100)",
                              "Rows Removed by Index Recheck": 0,
                              "Exact Heap Blocks": 7934,
                              "Lossy Heap Blocks": 0,
                              "Plans": [
                                {
                                  "Node Type": "Bitmap Index Scan",
                                  "Parent Relationship": "Outer",
                                  "Parallel Aware": false,
                                  "Index Name": "info_type_id_movie_info_idx",
                                  "Startup Cost": 0.0,
                                  "Total Cost": 8283.64,
                                  "Plan Rows": 464428,
                                  "Plan Width": 0,
                                  "Actual Startup Time": 28.566,
                                  "Actual Total Time": 28.566,
                                  "Actual Rows": 459925,
                                  "Actual Loops": 5,
                                  "Index Cond": "(info_type_id = 100)"
                                }
                              ]
                            }
                          ]
                        }
                      ]
                    },
                    {
                      "Node Type": "Index Scan",
                      "Parent Relationship": "Inner",
                      "Parallel Aware": false,
                      "Scan Direction": "Forward",
                      "Index Name": "movie_id_cast_info",
                      "Relation Name": "cast_info",
                      "Alias": "ci",
                      "Startup Cost": 0.56,
                      "Total Cost": 3.14,
                      "Plan Rows": 9,
                      "Plan Width": 4,
                      "Actual Startup Time": 0.024,
                      "Actual Total Time": 0.037,
                      "Actual Rows": 8,
                      "Actual Loops": 279148,
                      "Index Cond": "(movie_id = t.id)",
                      "Rows Removed by Index Recheck": 0,
                      "Filter": "((person_id > 1690027) AND (role_id > 2))",
                      "Rows Removed by Filter": 19
                    }
                  ]
                }
              ]
            }
          ]
        }
      ]
    },
    "Planning Time": 1.385,
    "Triggers": [],
    "Execution Time": 2732.165
  }
]