[
  {
    "Plan": {
      "Node Type": "Aggregate",
      "Strategy": "Plain",
      "Partial Mode": "Finalize",
      "Parallel Aware": false,
      "Startup Cost": 390806.73,
      "Total Cost": 390806.74,
      "Plan Rows": 1,
      "Plan Width": 8,
      "Actual Startup Time": 644.56,
      "Actual Total Time": 687.446,
      "Actual Rows": 1,
      "Actual Loops": 1,
      "Plans": [
        {
          "Node Type": "Gather",
          "Parent Relationship": "Outer",
          "Parallel Aware": false,
          "Startup Cost": 390806.11,
          "Total Cost": 390806.72,
          "Plan Rows": 6,
          "Plan Width": 8,
          "Actual Startup Time": 643.935,
          "Actual Total Time": 687.429,
          "Actual Rows": 7,
          "Actual Loops": 1,
          "Workers Planned": 6,
          "Workers Launched": 6,
          "Single Copy": false,
          "Plans": [
            {
              "Node Type": "Aggregate",
              "Strategy": "Plain",
              "Partial Mode": "Partial",
              "Parent Relationship": "Outer",
              "Parallel Aware": false,
              "Startup Cost": 389806.11,
              "Total Cost": 389806.12,
              "Plan Rows": 1,
              "Plan Width": 8,
              "Actual Startup Time": 635.842,
              "Actual Total Time": 635.847,
              "Actual Rows": 1,
              "Actual Loops": 7,
              "Plans": [
                {
                  "Node Type": "Hash Join",
                  "Parent Relationship": "Outer",
                  "Parallel Aware": true,
                  "Join Type": "Inner",
                  "Startup Cost": 44290.74,
                  "Total Cost": 389609.91,
                  "Plan Rows": 78478,
                  "Plan Width": 0,
                  "Actual Startup Time": 284.598,
                  "Actual Total Time": 633.259,
                  "Actual Rows": 43368,
                  "Actual Loops": 7,
                  "Inner Unique": true,
                  "Hash Cond": "(ci.movie_id = t.id)",
                  "Plans": [
                    {
                      "Node Type": "Index Scan",
                      "Parent Relationship": "Outer",
                      "Parallel Aware": true,
                      "Scan Direction": "Forward",
                      "Index Name": "role_id_cast_info",
                      "Relation Name": "cast_info",
                      "Alias": "ci",
                      "Startup Cost": 0.56,
                      "Total Cost": 341155.22,
                      "Plan Rows": 1586481,
                      "Plan Width": 4,
                      "Actual Startup Time": 201.972,
                      "Actual Total Time": 406.515,
                      "Actual Rows": 873189,
                      "Actual Loops": 7,
                      "Index Cond": "(role_id = 1)",
                      "Rows Removed by Index Recheck": 0,
                      "Filter": "(person_id > 896422)",
                      "Rows Removed by Filter": 936910
                    },
                    {
                      "Node Type": "Hash",
                      "Parent Relationship": "Inner",
                      "Parallel Aware": true,
                      "Startup Cost": 43899.32,
                      "Total Cost": 43899.32,
                      "Plan Rows": 31268,
                      "Plan Width": 4,
                      "Actual Startup Time": 81.689,
                      "Actual Total Time": 81.691,
                      "Actual Rows": 17552,
                      "Actual Loops": 7,
                      "Hash Buckets": 131072,
                      "Original Hash Buckets": 131072,
                      "Hash Batches": 1,
                      "Original Hash Batches": 1,
                      "Peak Memory Usage": 5952,
                      "Plans": [
                        {
                          "Node Type": "Seq Scan",
                          "Parent Relationship": "Outer",
                          "Parallel Aware": true,
                          "Relation Name": "title",
                          "Alias": "t",
                          "Startup Cost": 0.0,
                          "Total Cost": 43899.32,
                          "Plan Rows": 31268,
                          "Plan Width": 4,
                          "Actual Startup Time": 0.039,
                          "Actual Total Time": 72.79,
                          "Actual Rows": 17552,
                          "Actual Loops": 7,
                          "Filter": "(production_year = 2008)",
                          "Rows Removed by Filter": 343636
                        }
                      ]
                    }
                  ]
                }
              ]
            }
          ]
        }
      ]
    },
    "Planning Time": 0.64,
    "Triggers": [],
    "Execution Time": 687.548
  }
]