[
  {
    "Plan": {
      "Node Type": "Aggregate",
      "Strategy": "Plain",
      "Partial Mode": "Finalize",
      "Parallel Aware": false,
      "Startup Cost": 384813.25,
      "Total Cost": 384813.26,
      "Plan Rows": 1,
      "Plan Width": 8,
      "Actual Startup Time": 661.512,
      "Actual Total Time": 691.271,
      "Actual Rows": 1,
      "Actual Loops": 1,
      "Plans": [
        {
          "Node Type": "Gather",
          "Parent Relationship": "Outer",
          "Parallel Aware": false,
          "Startup Cost": 384812.63,
          "Total Cost": 384813.24,
          "Plan Rows": 6,
          "Plan Width": 8,
          "Actual Startup Time": 660.218,
          "Actual Total Time": 691.258,
          "Actual Rows": 7,
          "Actual Loops": 1,
          "Workers Planned": 6,
          "Workers Launched": 6,
          "Single Copy": false,
          "Plans": [
            {
              "Node Type": "Aggregate",
              "Strategy": "Plain",
              "Partial Mode": "Partial",
              "Parent Relationship": "Outer",
              "Parallel Aware": false,
              "Startup Cost": 383812.63,
              "Total Cost": 383812.64,
              "Plan Rows": 1,
              "Plan Width": 8,
              "Actual Startup Time": 649.2,
              "Actual Total Time": 649.204,
              "Actual Rows": 1,
              "Actual Loops": 7,
              "Plans": [
                {
                  "Node Type": "Hash Join",
                  "Parent Relationship": "Outer",
                  "Parallel Aware": true,
                  "Join Type": "Inner",
                  "Startup Cost": 44281.88,
                  "Total Cost": 383623.34,
                  "Plan Rows": 75715,
                  "Plan Width": 0,
                  "Actual Startup Time": 290.896,
                  "Actual Total Time": 646.59,
                  "Actual Rows": 43368,
                  "Actual Loops": 7,
                  "Inner Unique": true,
                  "Hash Cond": "(ci.movie_id = t.id)",
                  "Plans": [
                    {
                      "Node Type": "Index Scan",
                      "Parent Relationship": "Outer",
                      "Parallel Aware": true,
                      "Scan Direction": "Forward",
                      "Index Name": "role_id_cast_info",
                      "Relation Name": "cast_info",
                      "Alias": "ci",
                      "Startup Cost": 0.56,
                      "Total Cost": 335235.55,
                      "Plan Rows": 1564367,
                      "Plan Width": 4,
                      "Actual Startup Time": 202.788,
                      "Actual Total Time": 408.406,
                      "Actual Rows": 873189,
                      "Actual Loops": 7,
                      "Index Cond": "(role_id = 1)",
                      "Rows Removed by Index Recheck": 0,
                      "Filter": "(person_id > 896422)",
                      "Rows Removed by Filter": 936910
                    },
                    {
                      "Node Type": "Hash",
                      "Parent Relationship": "Inner",
                      "Parallel Aware": true,
                      "Startup Cost": 43898.92,
                      "Total Cost": 43898.92,
                      "Plan Rows": 30592,
                      "Plan Width": 4,
                      "Actual Startup Time": 86.51,
                      "Actual Total Time": 86.512,
                      "Actual Rows": 17552,
                      "Actual Loops": 7,
                      "Hash Buckets": 131072,
                      "Original Hash Buckets": 131072,
                      "Hash Batches": 1,
                      "Original Hash Batches": 1,
                      "Peak Memory Usage": 5952,
                      "Plans": [
                        {
                          "Node Type": "Seq Scan",
                          "Parent Relationship": "Outer",
                          "Parallel Aware": true,
                          "Relation Name": "title",
                          "Alias": "t",
                          "Startup Cost": 0.0,
                          "Total Cost": 43898.92,
                          "Plan Rows": 30592,
                          "Plan Width": 4,
                          "Actual Startup Time": 0.046,
                          "Actual Total Time": 77.61,
                          "Actual Rows": 17552,
                          "Actual Loops": 7,
                          "Filter": "(production_year = 2008)",
                          "Rows Removed by Filter": 343636
                        }
                      ]
                    }
                  ]
                }
              ]
            }
          ]
        }
      ]
    },
    "Planning Time": 0.636,
    "Triggers": [],
    "Execution Time": 691.361
  }
]