[
  {
    "Plan": {
      "Node Type": "Aggregate",
      "Strategy": "Plain",
      "Partial Mode": "Finalize",
      "Parallel Aware": false,
      "Startup Cost": 33425.35,
      "Total Cost": 33425.36,
      "Plan Rows": 1,
      "Plan Width": 8,
      "Actual Startup Time": 99.983,
      "Actual Total Time": 108.277,
      "Actual Rows": 1,
      "Actual Loops": 1,
      "Plans": [
        {
          "Node Type": "Gather",
          "Parent Relationship": "Outer",
          "Parallel Aware": false,
          "Startup Cost": 33425.03,
          "Total Cost": 33425.34,
          "Plan Rows": 3,
          "Plan Width": 8,
          "Actual Startup Time": 99.866,
          "Actual Total Time": 108.269,
          "Actual Rows": 4,
          "Actual Loops": 1,
          "Workers Planned": 3,
          "Workers Launched": 3,
          "Single Copy": false,
          "Plans": [
            {
              "Node Type": "Aggregate",
              "Strategy": "Plain",
              "Partial Mode": "Partial",
              "Parent Relationship": "Outer",
              "Parallel Aware": false,
              "Startup Cost": 32425.03,
              "Total Cost": 32425.04,
              "Plan Rows": 1,
              "Plan Width": 8,
              "Actual Startup Time": 93.958,
              "Actual Total Time": 93.959,
              "Actual Rows": 1,
              "Actual Loops": 4,
              "Plans": [
                {
                  "Node Type": "Seq Scan",
                  "Parent Relationship": "Outer",
                  "Parallel Aware": true,
                  "Relation Name": "movie_companies",
                  "Alias": "mc",
                  "Startup Cost": 0.0,
                  "Total Cost": 31414.82,
                  "Plan Rows": 404084,
                  "Plan Width": 0,
                  "Actual Startup Time": 0.038,
                  "Actual Total Time": 78.09,
                  "Actual Rows": 303695,
                  "Actual Loops": 4,
                  "Filter": "((company_id > 6) AND (company_type_id = 1))",
                  "Rows Removed by Filter": 348587
                }
              ]
            }
          ]
        }
      ]
    },
    "Planning Time": 0.324,
    "Triggers": [],
    "Execution Time": 108.34
  }
]