[
  {
    "Plan": {
      "Node Type": "Aggregate",
      "Strategy": "Plain",
      "Partial Mode": "Finalize",
      "Parallel Aware": false,
      "Startup Cost": 63343.15,
      "Total Cost": 63343.16,
      "Plan Rows": 1,
      "Plan Width": 8,
      "Actual Startup Time": 229.508,
      "Actual Total Time": 243.189,
      "Actual Rows": 1,
      "Actual Loops": 1,
      "Plans": [
        {
          "Node Type": "Gather",
          "Parent Relationship": "Outer",
          "Parallel Aware": false,
          "Startup Cost": 63342.94,
          "Total Cost": 63343.15,
          "Plan Rows": 2,
          "Plan Width": 8,
          "Actual Startup Time": 229.016,
          "Actual Total Time": 243.18,
          "Actual Rows": 3,
          "Actual Loops": 1,
          "Workers Planned": 2,
          "Workers Launched": 2,
          "Single Copy": false,
          "Plans": [
            {
              "Node Type": "Aggregate",
              "Strategy": "Plain",
              "Partial Mode": "Partial",
              "Parent Relationship": "Outer",
              "Parallel Aware": false,
              "Startup Cost": 62342.94,
              "Total Cost": 62342.95,
              "Plan Rows": 1,
              "Plan Width": 8,
              "Actual Startup Time": 221.893,
              "Actual Total Time": 221.896,
              "Actual Rows": 1,
              "Actual Loops": 3,
              "Plans": [
                {
                  "Node Type": "Hash Join",
                  "Parent Relationship": "Outer",
                  "Parallel Aware": true,
                  "Join Type": "Inner",
                  "Startup Cost": 46135.5,
                  "Total Cost": 62263.4,
                  "Plan Rows": 31815,
                  "Plan Width": 0,
                  "Actual Startup Time": 140.336,
                  "Actual Total Time": 220.709,
                  "Actual Rows": 25765,
                  "Actual Loops": 3,
                  "Inner Unique": true,
                  "Hash Cond": "(mi_idx.movie_id = t.id)",
                  "Plans": [
                    {
                      "Node Type": "Seq Scan",
                      "Parent Relationship": "Outer",
                      "Parallel Aware": true,
                      "Relation Name": "movie_info_idx",
                      "Alias": "mi_idx",
                      "Startup Cost": 0.0,
                      "Total Cost": 15122.68,
                      "Plan Rows": 382940,
                      "Plan Width": 4,
                      "Actual Startup Time": 0.026,
                      "Actual Total Time": 42.452,
                      "Actual Rows": 306617,
                      "Actual Loops": 3,
                      "Filter": "(info_type_id < 101)",
                      "Rows Removed by Filter": 153395
                    },
                    {
                      "Node Type": "Hash",
                      "Parent Relationship": "Inner",
                      "Parallel Aware": true,
                      "Startup Cost": 45479.1,
                      "Total Cost": 45479.1,
                      "Plan Rows": 52512,
                      "Plan Width": 4,
                      "Actual Startup Time": 137.541,
                      "Actual Total Time": 137.542,
                      "Actual Rows": 61278,
                      "Actual Loops": 3,
                      "Hash Buckets": 262144,
                      "Original Hash Buckets": 262144,
                      "Hash Batches": 1,
                      "Original Hash Batches": 1,
                      "Peak Memory Usage": 9280,
                      "Plans": [
                        {
                          "Node Type": "Seq Scan",
                          "Parent Relationship": "Outer",
                          "Parallel Aware": true,
                          "Relation Name": "title",
                          "Alias": "t",
                          "Startup Cost": 0.0,
                          "Total Cost": 45479.1,
                          "Plan Rows": 52512,
                          "Plan Width": 4,
                          "Actual Startup Time": 0.132,
                          "Actual Total Time": 116.489,
                          "Actual Rows": 61278,
                          "Actual Loops": 3,
                          "Filter": "((kind_id < 7) AND (production_year > 2009))",
                          "Rows Removed by Filter": 781492
                        }
                      ]
                    }
                  ]
                }
              ]
            }
          ]
        }
      ]
    },
    "Planning Time": 0.535,
    "Triggers": [],
    "Execution Time": 243.257
  }
]