[
  {
    "Plan": {
      "Node Type": "Aggregate",
      "Strategy": "Plain",
      "Partial Mode": "Simple",
      "Parallel Aware": false,
      "Startup Cost": 26792.53,
      "Total Cost": 26792.54,
      "Plan Rows": 1,
      "Plan Width": 8,
      "Actual Startup Time": 46.574,
      "Actual Total Time": 46.575,
      "Actual Rows": 1,
      "Actual Loops": 1,
      "Plans": [
        {
          "Node Type": "Bitmap Heap Scan",
          "Parent Relationship": "Outer",
          "Parallel Aware": false,
          "Relation Name": "movie_keyword",
          "Alias": "mk",
          "Startup Cost": 875.35,
          "Total Cost": 26689.65,
          "Plan Rows": 41150,
          "Plan Width": 0,
          "Actual Startup Time": 13.474,
          "Actual Total Time": 43.362,
          "Actual Rows": 36407,
          "Actual Loops": 1,
          "Recheck Cond": "(keyword_id < 43)",
          "Rows Removed by Index Recheck": 0,
          "Exact Heap Blocks": 13092,
          "Lossy Heap Blocks": 0,
          "Plans": [
            {
              "Node Type": "Bitmap Index Scan",
              "Parent Relationship": "Outer",
              "Parallel Aware": false,
              "Index Name": "keyword_id_movie_keyword",
              "Startup Cost": 0.0,
              "Total Cost": 865.06,
              "Plan Rows": 41150,
              "Plan Width": 0,
              "Actual Startup Time": 8.268,
              "Actual Total Time": 8.269,
              "Actual Rows": 36407,
              "Actual Loops": 1,
              "Index Cond": "(keyword_id < 43)"
            }
          ]
        }
      ]
    },
    "Planning Time": 0.299,
    "Triggers": [],
    "Execution Time": 46.634
  }
]