[
  {
    "Plan": {
      "Node Type": "Aggregate",
      "Strategy": "Plain",
      "Partial Mode": "Finalize",
      "Parallel Aware": false,
      "Startup Cost": 342831.0,
      "Total Cost": 342831.01,
      "Plan Rows": 1,
      "Plan Width": 8,
      "Actual Startup Time": 828.406,
      "Actual Total Time": 891.473,
      "Actual Rows": 1,
      "Actual Loops": 1,
      "Plans": [
        {
          "Node Type": "Gather",
          "Parent Relationship": "Outer",
          "Parallel Aware": false,
          "Startup Cost": 342830.37,
          "Total Cost": 342830.98,
          "Plan Rows": 6,
          "Plan Width": 8,
          "Actual Startup Time": 828.318,
          "Actual Total Time": 891.464,
          "Actual Rows": 7,
          "Actual Loops": 1,
          "Workers Planned": 6,
          "Workers Launched": 6,
          "Single Copy": false,
          "Plans": [
            {
              "Node Type": "Aggregate",
              "Strategy": "Plain",
              "Partial Mode": "Partial",
              "Parent Relationship": "Outer",
              "Parallel Aware": false,
              "Startup Cost": 341830.37,
              "Total Cost": 341830.38,
              "Plan Rows": 1,
              "Plan Width": 8,
              "Actual Startup Time": 819.089,
              "Actual Total Time": 819.09,
              "Actual Rows": 1,
              "Actual Loops": 7,
              "Plans": [
                {
                  "Node Type": "Seq Scan",
                  "Parent Relationship": "Outer",
                  "Parallel Aware": true,
                  "Relation Name": "cast_info",
                  "Alias": "ci",
                  "Startup Cost": 0.0,
                  "Total Cost": 328162.03,
                  "Plan Rows": 5467339,
                  "Plan Width": 0,
                  "Actual Startup Time": 0.053,
                  "Actual Total Time": 625.596,
                  "Actual Rows": 4709884,
                  "Actual Loops": 7,
                  "Filter": "(person_id < 3458669)",
                  "Rows Removed by Filter": 467879
                }
              ]
            }
          ]
        }
      ]
    },
    "Planning Time": 0.204,
    "Triggers": [],
    "Execution Time": 891.549
  }
]