[
  {
    "Plan": {
      "Node Type": "Aggregate",
      "Strategy": "Plain",
      "Partial Mode": "Finalize",
      "Parallel Aware": false,
      "Startup Cost": 83836.14,
      "Total Cost": 83836.15,
      "Plan Rows": 1,
      "Plan Width": 8,
      "Actual Startup Time": 219.491,
      "Actual Total Time": 248.688,
      "Actual Rows": 1,
      "Actual Loops": 1,
      "Plans": [
        {
          "Node Type": "Gather",
          "Parent Relationship": "Outer",
          "Parallel Aware": false,
          "Startup Cost": 83835.82,
          "Total Cost": 83836.13,
          "Plan Rows": 3,
          "Plan Width": 8,
          "Actual Startup Time": 218.296,
          "Actual Total Time": 248.68,
          "Actual Rows": 4,
          "Actual Loops": 1,
          "Workers Planned": 3,
          "Workers Launched": 3,
          "Single Copy": false,
          "Plans": [
            {
              "Node Type": "Aggregate",
              "Strategy": "Plain",
              "Partial Mode": "Partial",
              "Parent Relationship": "Outer",
              "Parallel Aware": false,
              "Startup Cost": 82835.82,
              "Total Cost": 82835.83,
              "Plan Rows": 1,
              "Plan Width": 8,
              "Actual Startup Time": 210.854,
              "Actual Total Time": 210.858,
              "Actual Rows": 1,
              "Actual Loops": 4,
              "Plans": [
                {
                  "Node Type": "Nested Loop",
                  "Parent Relationship": "Outer",
                  "Parallel Aware": false,
                  "Join Type": "Inner",
                  "Startup Cost": 45650.1,
                  "Total Cost": 82792.95,
                  "Plan Rows": 17148,
                  "Plan Width": 0,
                  "Actual Startup Time": 119.178,
                  "Actual Total Time": 207.853,
                  "Actual Rows": 43264,
                  "Actual Loops": 4,
                  "Inner Unique": false,
                  "Plans": [
                    {
                      "Node Type": "Hash Join",
                      "Parent Relationship": "Outer",
                      "Parallel Aware": true,
                      "Join Type": "Inner",
                      "Startup Cost": 45649.54,
                      "Total Cost": 70391.28,
                      "Plan Rows": 1196,
                      "Plan Width": 8,
                      "Actual Startup Time": 119.06,
                      "Actual Total Time": 133.378,
                      "Actual Rows": 550,
                      "Actual Loops": 4,
                      "Inner Unique": true,
                      "Hash Cond": "(mk.movie_id = t.id)",
                      "Plans": [
                        {
                          "Node Type": "Bitmap Heap Scan",
                          "Parent Relationship": "Outer",
                          "Parallel Aware": true,
                          "Relation Name": "movie_keyword",
                          "Alias": "mk",
                          "Startup Cost": 1253.49,
                          "Total Cost": 25945.29,
                          "Plan Rows": 19024,
                          "Plan Width": 4,
                          "Actual Startup Time": 7.148,
                          "Actual Total Time": 18.164,
                          "Actual Rows": 14650,
                          "Actual Loops": 4,
                          "Recheck Cond": "(keyword_id > 95727)",
                          "Rows Removed by Index Recheck": 0,
                          "Exact Heap Blocks": 7483,
                          "Lossy Heap Blocks": 0,
                          "Plans": [
                            {
                              "Node Type": "Bitmap Index Scan",
                              "Parent Relationship": "Outer",
                              "Parallel Aware": false,
                              "Index Name": "keyword_id_movie_keyword",
                              "Startup Cost": 0.0,
                              "Total Cost": 1238.74,
                              "Plan Rows": 58975,
                              "Plan Width": 0,
                              "Actual Startup Time": 5.217,
                              "Actual Total Time": 5.218,
                              "Actual Rows": 58599,
                              "Actual Loops": 1,
                              "Index Cond": "(keyword_id > 95727)"
                            }
                          ]
                        },
                        {
                          "Node Type": "Hash",
                          "Parent Relationship": "Inner",
                          "Parallel Aware": true,
                          "Startup Cost": 43899.32,
                          "Total Cost": 43899.32,
                          "Plan Rows": 39738,
                          "Plan Width": 4,
                          "Actual Startup Time": 110.401,
                          "Actual Total Time": 110.402,
                          "Actual Rows": 40004,
                          "Actual Loops": 4,
                          "Hash Buckets": 262144,
                          "Original Hash Buckets": 262144,
                          "Hash Batches": 1,
                          "Original Hash Batches": 1,
                          "Peak Memory Usage": 8384,
                          "Plans": [
                            {
                              "Node Type": "Seq Scan",
                              "Parent Relationship": "Outer",
                              "Parallel Aware": true,
                              "Relation Name": "title",
                              "Alias": "t",
                              "Startup Cost": 0.0,
                              "Total Cost": 43899.32,
                              "Plan Rows": 39738,
                              "Plan Width": 4,
                              "Actual Startup Time": 0.037,
                              "Actual Total Time": 94.612,
                              "Actual Rows": 40004,
                              "Actual Loops": 4,
                              "Filter": "(production_year = 2011)",
                              "Rows Removed by Filter": 592074
                            }
                          ]
                        }
                      ]
                    },
                    {
                      "Node Type": "Index Only Scan",
                      "Parent Relationship": "Inner",
                      "Parallel Aware": false,
                      "Scan Direction": "Forward",
                      "Index Name": "movie_id_cast_info",
                      "Relation Name": "cast_info",
                      "Alias": "ci",
                      "Startup Cost": 0.56,
                      "Total Cost": 10.02,
                      "Plan Rows": 35,
                      "Plan Width": 4,
                      "Actual Startup Time": 0.011,
                      "Actual Total Time": 0.128,
                      "Actual Rows": 79,
                      "Actual Loops": 2198,
                      "Index Cond": "(movie_id = t.id)",
                      "Rows Removed by Index Recheck": 0,
                      "Heap Fetches": 173056
                    }
                  ]
                }
              ]
            }
          ]
        }
      ]
    },
    "Planning Time": 0.541,
    "Triggers": [],
    "Execution Time": 248.747
  }
]