{
  "Plan": {
    "Node Type": "Aggregate",
    "Strategy": "Plain",
    "Partial Mode": "Finalize",
    "Parallel Aware": false,
    "Startup Cost": 107914.38,
    "Total Cost": 107914.39,
    "Plan Rows": 1,
    "Plan Width": 8,
    "Actual Startup Time": 404.297,
    "Actual Total Time": 422.644,
    "Actual Rows": 1,
    "Actual Loops": 1,
    "Plans": [
      {
        "Node Type": "Gather",
        "Parent Relationship": "Outer",
        "Parallel Aware": false,
        "Startup Cost": 107914.27,
        "Total Cost": 107914.38,
        "Plan Rows": 1,
        "Plan Width": 8,
        "Actual Startup Time": 403.235,
        "Actual Total Time": 422.635,
        "Actual Rows": 2,
        "Actual Loops": 1,
        "Workers Planned": 1,
        "Workers Launched": 1,
        "Single Copy": false,
        "Plans": [
          {
            "Node Type": "Aggregate",
            "Strategy": "Plain",
            "Partial Mode": "Partial",
            "Parent Relationship": "Outer",
            "Parallel Aware": false,
            "Startup Cost": 106914.27,
            "Total Cost": 106914.28,
            "Plan Rows": 1,
            "Plan Width": 8,
            "Actual Startup Time": 397.06,
            "Actual Total Time": 397.065,
            "Actual Rows": 1,
            "Actual Loops": 2,
            "Plans": [
              {
                "Node Type": "Nested Loop",
                "Parent Relationship": "Outer",
                "Parallel Aware": false,
                "Join Type": "Inner",
                "Startup Cost": 71323.36,
                "Total Cost": 106906.35,
                "Plan Rows": 3170,
                "Plan Width": 0,
                "Actual Startup Time": 238.881,
                "Actual Total Time": 396.338,
                "Actual Rows": 7490,
                "Actual Loops": 2,
                "Inner Unique": false,
                "Plans": [
                  {
                    "Node Type": "Hash Join",
                    "Parent Relationship": "Outer",
                    "Parallel Aware": true,
                    "Join Type": "Inner",
                    "Startup Cost": 71322.94,
                    "Total Cost": 94894.68,
                    "Plan Rows": 17631,
                    "Plan Width": 8,
                    "Actual Startup Time": 238.817,
                    "Actual Total Time": 348.819,
                    "Actual Rows": 13266,
                    "Actual Loops": 2,
                    "Inner Unique": true,
                    "Hash Cond": "(mc.movie_id = t.id)",
                    "Plans": [
                      {
                        "Node Type": "Bitmap Heap Scan",
                        "Parent Relationship": "Outer",
                        "Parallel Aware": true,
                        "Relation Name": "movie_companies",
                        "Alias": "mc",
                        "Startup Cost": 10747.94,
                        "Total Cost": 33940.43,
                        "Plan Rows": 144479,
                        "Plan Width": 4,
                        "Actual Startup Time": 22.124,
                        "Actual Total Time": 89.425,
                        "Actual Rows": 180888,
                        "Actual Loops": 2,
                        "Recheck Cond": "(company_id < 439)",
                        "Rows Removed by Index Recheck": 0,
                        "Filter": "(company_type_id < 2)",
                        "Rows Removed by Filter": 67084,
                        "Exact Heap Blocks": 12595,
                        "Lossy Heap Blocks": 0,
                        "Plans": [
                          {
                            "Node Type": "Bitmap Index Scan",
                            "Parent Relationship": "Outer",
                            "Parallel Aware": false,
                            "Index Name": "company_id_movie_companies",
                            "Startup Cost": 0.0,
                            "Total Cost": 10686.54,
                            "Plan Rows": 498948,
                            "Plan Width": 0,
                            "Actual Startup Time": 19.344,
                            "Actual Total Time": 19.345,
                            "Actual Rows": 495944,
                            "Actual Loops": 1,
                            "Index Cond": "(company_id < 439)"
                          }
                        ]
                      },
                      {
                        "Node Type": "Hash",
                        "Parent Relationship": "Inner",
                        "Parallel Aware": true,
                        "Startup Cost": 58306.47,
                        "Total Cost": 58306.47,
                        "Plan Rows": 181482,
                        "Plan Width": 4,
                        "Actual Startup Time": 211.116,
                        "Actual Total Time": 211.117,
                        "Actual Rows": 133300,
                        "Actual Loops": 2,
                        "Hash Buckets": 524288,
                        "Original Hash Buckets": 524288,
                        "Hash Batches": 1,
                        "Original Hash Batches": 1,
                        "Peak Memory Usage": 14560,
                        "Plans": [
                          {
                            "Node Type": "Seq Scan",
                            "Parent Relationship": "Outer",
                            "Parallel Aware": true,
                            "Relation Name": "title",
                            "Alias": "t",
                            "Startup Cost": 0.0,
                            "Total Cost": 58306.47,
                            "Plan Rows": 181482,
                            "Plan Width": 4,
                            "Actual Startup Time": 0.042,
                            "Actual Total Time": 166.54,
                            "Actual Rows": 133300,
                            "Actual Loops": 2,
                            "Filter": "((kind_id < 7) AND (production_year > 2007))",
                            "Rows Removed by Filter": 1130856
                          }
                        ]
                      }
                    ]
                  },
                  {
                    "Node Type": "Index Scan",
                    "Parent Relationship": "Inner",
                    "Parallel Aware": false,
                    "Scan Direction": "Forward",
                    "Index Name": "movie_id_movie_info_idx",
                    "Relation Name": "movie_info_idx",
                    "Alias": "mi_idx",
                    "Startup Cost": 0.43,
                    "Total Cost": 0.67,
                    "Plan Rows": 1,
                    "Plan Width": 4,
                    "Actual Startup Time": 0.003,
                    "Actual Total Time": 0.003,
                    "Actual Rows": 1,
                    "Actual Loops": 26533,
                    "Index Cond": "(movie_id = t.id)",
                    "Rows Removed by Index Recheck": 0,
                    "Filter": "(info_type_id = 99)",
                    "Rows Removed by Filter": 1
                  }
                ]
              }
            ]
          }
        ]
      }
    ]
  },
  "Planning Time": 1.015,
  "Triggers": [],
  "Execution Time": 422.75
}