[
  {
    "Plan": {
      "Node Type": "Aggregate",
      "Strategy": "Plain",
      "Partial Mode": "Finalize",
      "Parallel Aware": false,
      "Startup Cost": 46173.19,
      "Total Cost": 46173.2,
      "Plan Rows": 1,
      "Plan Width": 8,
      "Actual Startup Time": 159.871,
      "Actual Total Time": 169.565,
      "Actual Rows": 1,
      "Actual Loops": 1,
      "Plans": [
        {
          "Node Type": "Gather",
          "Parent Relationship": "Outer",
          "Parallel Aware": false,
          "Startup Cost": 46172.87,
          "Total Cost": 46173.18,
          "Plan Rows": 3,
          "Plan Width": 8,
          "Actual Startup Time": 159.774,
          "Actual Total Time": 169.556,
          "Actual Rows": 4,
          "Actual Loops": 1,
          "Workers Planned": 3,
          "Workers Launched": 3,
          "Single Copy": false,
          "Plans": [
            {
              "Node Type": "Aggregate",
              "Strategy": "Plain",
              "Partial Mode": "Partial",
              "Parent Relationship": "Outer",
              "Parallel Aware": false,
              "Startup Cost": 45172.87,
              "Total Cost": 45172.88,
              "Plan Rows": 1,
              "Plan Width": 8,
              "Actual Startup Time": 152.605,
              "Actual Total Time": 152.606,
              "Actual Rows": 1,
              "Actual Loops": 4,
              "Plans": [
                {
                  "Node Type": "Seq Scan",
                  "Parent Relationship": "Outer",
                  "Parallel Aware": true,
                  "Relation Name": "movie_keyword",
                  "Alias": "mk",
                  "Startup Cost": 0.0,
                  "Total Cost": 42695.65,
                  "Plan Rows": 990888,
                  "Plan Width": 0,
                  "Actual Startup Time": 0.056,
                  "Actual Total Time": 119.662,
                  "Actual Rows": 766024,
                  "Actual Loops": 4,
                  "Filter": "(keyword_id < 11393)",
                  "Rows Removed by Filter": 364958
                }
              ]
            }
          ]
        }
      ]
    },
    "Planning Time": 0.116,
    "Triggers": [],
    "Execution Time": 169.604
  }
]