[
  {
    "Plan": {
      "Node Type": "Aggregate",
      "Strategy": "Plain",
      "Partial Mode": "Finalize",
      "Parallel Aware": false,
      "Startup Cost": 91611.85,
      "Total Cost": 91611.86,
      "Plan Rows": 1,
      "Plan Width": 8,
      "Actual Startup Time": 339.498,
      "Actual Total Time": 355.528,
      "Actual Rows": 1,
      "Actual Loops": 1,
      "Plans": [
        {
          "Node Type": "Gather",
          "Parent Relationship": "Outer",
          "Parallel Aware": false,
          "Startup Cost": 91611.54,
          "Total Cost": 91611.85,
          "Plan Rows": 3,
          "Plan Width": 8,
          "Actual Startup Time": 337.026,
          "Actual Total Time": 355.501,
          "Actual Rows": 4,
          "Actual Loops": 1,
          "Workers Planned": 3,
          "Workers Launched": 3,
          "Single Copy": false,
          "Plans": [
            {
              "Node Type": "Aggregate",
              "Strategy": "Plain",
              "Partial Mode": "Partial",
              "Parent Relationship": "Outer",
              "Parallel Aware": false,
              "Startup Cost": 90611.54,
              "Total Cost": 90611.55,
              "Plan Rows": 1,
              "Plan Width": 8,
              "Actual Startup Time": 328.639,
              "Actual Total Time": 328.643,
              "Actual Rows": 1,
              "Actual Loops": 4,
              "Plans": [
                {
                  "Node Type": "Hash Join",
                  "Parent Relationship": "Outer",
                  "Parallel Aware": true,
                  "Join Type": "Inner",
                  "Startup Cost": 46420.89,
                  "Total Cost": 90263.01,
                  "Plan Rows": 139411,
                  "Plan Width": 0,
                  "Actual Startup Time": 178.194,
                  "Actual Total Time": 322.398,
                  "Actual Rows": 148627,
                  "Actual Loops": 4,
                  "Inner Unique": true,
                  "Hash Cond": "(mk.movie_id = t.id)",
                  "Plans": [
                    {
                      "Node Type": "Seq Scan",
                      "Parent Relationship": "Outer",
                      "Parallel Aware": true,
                      "Relation Name": "movie_keyword",
                      "Alias": "mk",
                      "Startup Cost": 0.0,
                      "Total Cost": 42695.65,
                      "Plan Rows": 436749,
                      "Plan Width": 4,
                      "Actual Startup Time": 0.808,
                      "Actual Total Time": 92.033,
                      "Actual Rows": 339433,
                      "Actual Loops": 4,
                      "Filter": "(keyword_id > 12364)",
                      "Rows Removed by Filter": 791550
                    },
                    {
                      "Node Type": "Hash",
                      "Parent Relationship": "Inner",
                      "Parallel Aware": true,
                      "Startup Cost": 43898.92,
                      "Total Cost": 43898.92,
                      "Plan Rows": 201758,
                      "Plan Width": 4,
                      "Actual Startup Time": 172.246,
                      "Actual Total Time": 172.247,
                      "Actual Rows": 203176,
                      "Actual Loops": 4,
                      "Hash Buckets": 1048576,
                      "Original Hash Buckets": 1048576,
                      "Hash Batches": 1,
                      "Original Hash Batches": 1,
                      "Peak Memory Usage": 40064,
                      "Plans": [
                        {
                          "Node Type": "Seq Scan",
                          "Parent Relationship": "Outer",
                          "Parallel Aware": true,
                          "Relation Name": "title",
                          "Alias": "t",
                          "Startup Cost": 0.0,
                          "Total Cost": 43898.92,
                          "Plan Rows": 201758,
                          "Plan Width": 4,
                          "Actual Startup Time": 0.033,
                          "Actual Total Time": 99.008,
                          "Actual Rows": 203176,
                          "Actual Loops": 4,
                          "Filter": "(production_year < 1995)",
                          "Rows Removed by Filter": 428902
                        }
                      ]
                    }
                  ]
                }
              ]
            }
          ]
        }
      ]
    },
    "Planning Time": 0.597,
    "Triggers": [],
    "Execution Time": 355.611
  }
]