[
  {
    "Plan": {
      "Node Type": "Aggregate",
      "Strategy": "Plain",
      "Partial Mode": "Finalize",
      "Parallel Aware": false,
      "Startup Cost": 31158.36,
      "Total Cost": 31158.37,
      "Plan Rows": 1,
      "Plan Width": 8,
      "Actual Startup Time": 104.286,
      "Actual Total Time": 113.007,
      "Actual Rows": 1,
      "Actual Loops": 1,
      "Plans": [
        {
          "Node Type": "Gather",
          "Parent Relationship": "Outer",
          "Parallel Aware": false,
          "Startup Cost": 31158.04,
          "Total Cost": 31158.35,
          "Plan Rows": 3,
          "Plan Width": 8,
          "Actual Startup Time": 104.159,
          "Actual Total Time": 112.998,
          "Actual Rows": 4,
          "Actual Loops": 1,
          "Workers Planned": 3,
          "Workers Launched": 3,
          "Single Copy": false,
          "Plans": [
            {
              "Node Type": "Aggregate",
              "Strategy": "Plain",
              "Partial Mode": "Partial",
              "Parent Relationship": "Outer",
              "Parallel Aware": false,
              "Startup Cost": 30158.04,
              "Total Cost": 30158.05,
              "Plan Rows": 1,
              "Plan Width": 8,
              "Actual Startup Time": 96.693,
              "Actual Total Time": 96.694,
              "Actual Rows": 1,
              "Actual Loops": 4,
              "Plans": [
                {
                  "Node Type": "Seq Scan",
                  "Parent Relationship": "Outer",
                  "Parallel Aware": true,
                  "Relation Name": "movie_companies",
                  "Alias": "mc",
                  "Startup Cost": 0.0,
                  "Total Cost": 29310.68,
                  "Plan Rows": 338943,
                  "Plan Width": 0,
                  "Actual Startup Time": 0.048,
                  "Actual Total Time": 79.979,
                  "Actual Rows": 262413,
                  "Actual Loops": 4,
                  "Filter": "(company_id < 6158)",
                  "Rows Removed by Filter": 389869
                }
              ]
            }
          ]
        }
      ]
    },
    "Planning Time": 0.189,
    "Triggers": [],
    "Execution Time": 113.062
  }
]