{
  "Plan": {
    "Node Type": "Aggregate",
    "Strategy": "Plain",
    "Partial Mode": "Finalize",
    "Parallel Aware": false,
    "Startup Cost": 224989.83,
    "Total Cost": 224989.84,
    "Plan Rows": 1,
    "Plan Width": 8,
    "Actual Startup Time": 1000.251,
    "Actual Total Time": 1013.267,
    "Actual Rows": 1,
    "Actual Loops": 1,
    "Plans": [
      {
        "Node Type": "Gather",
        "Parent Relationship": "Outer",
        "Parallel Aware": false,
        "Startup Cost": 224989.72,
        "Total Cost": 224989.83,
        "Plan Rows": 1,
        "Plan Width": 8,
        "Actual Startup Time": 996.142,
        "Actual Total Time": 1013.26,
        "Actual Rows": 2,
        "Actual Loops": 1,
        "Workers Planned": 1,
        "Workers Launched": 1,
        "Single Copy": false,
        "Plans": [
          {
            "Node Type": "Aggregate",
            "Strategy": "Plain",
            "Partial Mode": "Partial",
            "Parent Relationship": "Outer",
            "Parallel Aware": false,
            "Startup Cost": 223989.72,
            "Total Cost": 223989.73,
            "Plan Rows": 1,
            "Plan Width": 8,
            "Actual Startup Time": 990.462,
            "Actual Total Time": 990.469,
            "Actual Rows": 1,
            "Actual Loops": 2,
            "Plans": [
              {
                "Node Type": "Merge Join",
                "Parent Relationship": "Outer",
                "Parallel Aware": false,
                "Join Type": "Inner",
                "Startup Cost": 219660.13,
                "Total Cost": 223858.52,
                "Plan Rows": 52478,
                "Plan Width": 0,
                "Actual Startup Time": 850.049,
                "Actual Total Time": 973.398,
                "Actual Rows": 420436,
                "Actual Loops": 2,
                "Inner Unique": false,
                "Merge Cond": "(t.id = mc.movie_id)",
                "Plans": [
                  {
                    "Node Type": "Sort",
                    "Parent Relationship": "Outer",
                    "Parallel Aware": false,
                    "Startup Cost": 147765.1,
                    "Total Cost": 148561.51,
                    "Plan Rows": 318565,
                    "Plan Width": 8,
                    "Actual Startup Time": 644.233,
                    "Actual Total Time": 673.222,
                    "Actual Rows": 654784,
                    "Actual Loops": 2,
                    "Sort Key": [
                      "t.id"
                    ],
                    "Sort Method": "quicksort",
                    "Sort Space Used": 56029,
                    "Sort Space Type": "Memory",
                    "Workers": [
                      {
                        "Worker Number": 0,
                        "Sort Method": "quicksort",
                        "Sort Space Used": 54510,
                        "Sort Space Type": "Memory"
                      }
                    ],
                    "Plans": [
                      {
                        "Node Type": "Hash Join",
                        "Parent Relationship": "Outer",
                        "Parallel Aware": true,
                        "Join Type": "Inner",
                        "Startup Cost": 57740.43,
                        "Total Cost": 118646.3,
                        "Plan Rows": 318565,
                        "Plan Width": 8,
                        "Actual Startup Time": 229.473,
                        "Actual Total Time": 522.614,
                        "Actual Rows": 654788,
                        "Actual Loops": 2,
                        "Inner Unique": true,
                        "Hash Cond": "(mk.movie_id = t.id)",
                        "Plans": [
                          {
                            "Node Type": "Seq Scan",
                            "Parent Relationship": "Outer",
                            "Parallel Aware": true,
                            "Relation Name": "movie_keyword",
                            "Alias": "mk",
                            "Startup Cost": 0.0,
                            "Total Cost": 57718.19,
                            "Plan Rows": 1214352,
                            "Plan Width": 4,
                            "Actual Startup Time": 0.495,
                            "Actual Total Time": 185.803,
                            "Actual Rows": 1030717,
                            "Actual Loops": 2,
                            "Filter": "(keyword_id > 5907)",
                            "Rows Removed by Filter": 1231248
                          },
                          {
                            "Node Type": "Hash",
                            "Parent Relationship": "Inner",
                            "Parallel Aware": true,
                            "Startup Cost": 52863.55,
                            "Total Cost": 52863.55,
                            "Plan Rows": 390151,
                            "Plan Width": 4,
                            "Actual Startup Time": 170.144,
                            "Actual Total Time": 170.146,
                            "Actual Rows": 331412,
                            "Actual Loops": 2,
                            "Hash Buckets": 1048576,
                            "Original Hash Buckets": 1048576,
                            "Hash Batches": 1,
                            "Original Hash Batches": 1,
                            "Peak Memory Usage": 34144,
                            "Plans": [
                              {
                                "Node Type": "Bitmap Heap Scan",
                                "Parent Relationship": "Outer",
                                "Parallel Aware": true,
                                "Relation Name": "title",
                                "Alias": "t",
                                "Startup Cost": 11988.66,
                                "Total Cost": 52863.55,
                                "Plan Rows": 390151,
                                "Plan Width": 4,
                                "Actual Startup Time": 31.251,
                                "Actual Total Time": 91.409,
                                "Actual Rows": 331412,
                                "Actual Loops": 2,
                                "Recheck Cond": "(kind_id = 1)",
                                "Rows Removed by Index Recheck": 0,
                                "Exact Heap Blocks": 7697,
                                "Lossy Heap Blocks": 0,
                                "Plans": [
                                  {
                                    "Node Type": "Bitmap Index Scan",
                                    "Parent Relationship": "Outer",
                                    "Parallel Aware": false,
                                    "Index Name": "kind_id_title",
                                    "Startup Cost": 0.0,
                                    "Total Cost": 11822.85,
                                    "Plan Rows": 663256,
                                    "Plan Width": 0,
                                    "Actual Startup Time": 29.477,
                                    "Actual Total Time": 29.478,
                                    "Actual Rows": 662825,
                                    "Actual Loops": 1,
                                    "Index Cond": "(kind_id = 1)"
                                  }
                                ]
                              }
                            ]
                          }
                        ]
                      }
                    ]
                  },
                  {
                    "Node Type": "Sort",
                    "Parent Relationship": "Inner",
                    "Parallel Aware": false,
                    "Startup Cost": 71895.0,
                    "Total Cost": 72936.22,
                    "Plan Rows": 416487,
                    "Plan Width": 4,
                    "Actual Startup Time": 180.185,
                    "Actual Total Time": 207.676,
                    "Actual Rows": 814148,
                    "Actual Loops": 2,
                    "Sort Key": [
                      "mc.movie_id"
                    ],
                    "Sort Method": "quicksort",
                    "Sort Space Used": 31701,
                    "Sort Space Type": "Memory",
                    "Workers": [
                      {
                        "Worker Number": 0,
                        "Sort Method": "quicksort",
                        "Sort Space Used": 31701,
                        "Sort Space Type": "Memory"
                      }
                    ],
                    "Plans": [
                      {
                        "Node Type": "Bitmap Heap Scan",
                        "Parent Relationship": "Outer",
                        "Parallel Aware": false,
                        "Relation Name": "movie_companies",
                        "Alias": "mc",
                        "Startup Cost": 9024.2,
                        "Total Cost": 33020.29,
                        "Plan Rows": 416487,
                        "Plan Width": 4,
                        "Actual Startup Time": 26.791,
                        "Actual Total Time": 97.527,
                        "Actual Rows": 414124,
                        "Actual Loops": 2,
                        "Recheck Cond": "(company_id < 284)",
                        "Rows Removed by Index Recheck": 0,
                        "Exact Heap Blocks": 18084,
                        "Lossy Heap Blocks": 0,
                        "Plans": [
                          {
                            "Node Type": "Bitmap Index Scan",
                            "Parent Relationship": "Outer",
                            "Parallel Aware": false,
                            "Index Name": "company_id_movie_companies",
                            "Startup Cost": 0.0,
                            "Total Cost": 8920.08,
                            "Plan Rows": 416487,
                            "Plan Width": 0,
                            "Actual Startup Time": 24.495,
                            "Actual Total Time": 24.495,
                            "Actual Rows": 414124,
                            "Actual Loops": 2,
                            "Index Cond": "(company_id < 284)"
                          }
                        ]
                      }
                    ]
                  }
                ]
              }
            ]
          }
        ]
      }
    ]
  },
  "Planning Time": 1.084,
  "Triggers": [],
  "Execution Time": 1017.918
}