[
    {
        "Bao": {
            "Bao prediction": "NaN",
            "Bao recommended hint": "(no hint)"
        }
    },
    {
        "Plan": {
            "Node Type": "Aggregate",
            "Strategy": "Plain",
            "Partial Mode": "Finalize",
            "Parallel Aware": false,
            "Startup Cost": 51830.08,
            "Total Cost": 51830.09,
            "Plan Rows": 1,
            "Plan Width": 8,
            "Actual Startup Time": 138.311,
            "Actual Total Time": 153.346,
            "Actual Rows": 1,
            "Actual Loops": 1,
            "Output": [
                "count(*)"
            ],
            "Plans": [
                {
                    "Node Type": "Gather",
                    "Parent Relationship": "Outer",
                    "Parallel Aware": false,
                    "Startup Cost": 51829.66,
                    "Total Cost": 51830.07,
                    "Plan Rows": 4,
                    "Plan Width": 8,
                    "Actual Startup Time": 138.139,
                    "Actual Total Time": 153.335,
                    "Actual Rows": 5,
                    "Actual Loops": 1,
                    "Output": [
                        "(PARTIAL count(*))"
                    ],
                    "Workers Planned": 4,
                    "Workers Launched": 4,
                    "Single Copy": false,
                    "Plans": [
                        {
                            "Node Type": "Aggregate",
                            "Strategy": "Plain",
                            "Partial Mode": "Partial",
                            "Parent Relationship": "Outer",
                            "Parallel Aware": false,
                            "Startup Cost": 50829.66,
                            "Total Cost": 50829.67,
                            "Plan Rows": 1,
                            "Plan Width": 8,
                            "Actual Startup Time": 127.973,
                            "Actual Total Time": 127.976,
                            "Actual Rows": 1,
                            "Actual Loops": 5,
                            "Output": [
                                "PARTIAL count(*)"
                            ],
                            "Workers": [
                                {
                                    "Worker Number": 0,
                                    "Actual Startup Time": 125.184,
                                    "Actual Total Time": 125.187,
                                    "Actual Rows": 1,
                                    "Actual Loops": 1
                                },
                                {
                                    "Worker Number": 1,
                                    "Actual Startup Time": 125.118,
                                    "Actual Total Time": 125.121,
                                    "Actual Rows": 1,
                                    "Actual Loops": 1
                                },
                                {
                                    "Worker Number": 2,
                                    "Actual Startup Time": 125.106,
                                    "Actual Total Time": 125.109,
                                    "Actual Rows": 1,
                                    "Actual Loops": 1
                                },
                                {
                                    "Worker Number": 3,
                                    "Actual Startup Time": 126.829,
                                    "Actual Total Time": 126.831,
                                    "Actual Rows": 1,
                                    "Actual Loops": 1
                                }
                            ],
                            "Plans": [
                                {
                                    "Node Type": "Nested Loop",
                                    "Parent Relationship": "Outer",
                                    "Parallel Aware": false,
                                    "Join Type": "Inner",
                                    "Startup Cost": 0.43,
                                    "Total Cost": 50827.1,
                                    "Plan Rows": 1024,
                                    "Plan Width": 0,
                                    "Actual Startup Time": 7.964,
                                    "Actual Total Time": 127.654,
                                    "Actual Rows": 3750,
                                    "Actual Loops": 5,
                                    "Inner Unique": false,
                                    "Workers": [
                                        {
                                            "Worker Number": 0,
                                            "Actual Startup Time": 7.94,
                                            "Actual Total Time": 124.883,
                                            "Actual Rows": 3258,
                                            "Actual Loops": 1
                                        },
                                        {
                                            "Worker Number": 1,
                                            "Actual Startup Time": 2.301,
                                            "Actual Total Time": 124.816,
                                            "Actual Rows": 3516,
                                            "Actual Loops": 1
                                        },
                                        {
                                            "Worker Number": 2,
                                            "Actual Startup Time": 16.676,
                                            "Actual Total Time": 124.839,
                                            "Actual Rows": 2963,
                                            "Actual Loops": 1
                                        },
                                        {
                                            "Worker Number": 3,
                                            "Actual Startup Time": 9.84,
                                            "Actual Total Time": 126.547,
                                            "Actual Rows": 3166,
                                            "Actual Loops": 1
                                        }
                                    ],
                                    "Plans": [
                                        {
                                            "Node Type": "Seq Scan",
                                            "Parent Relationship": "Outer",
                                            "Parallel Aware": true,
                                            "Relation Name": "title",
                                            "Schema": "public",
                                            "Alias": "t",
                                            "Startup Cost": 0.0,
                                            "Total Cost": 45479.21,
                                            "Plan Rows": 572,
                                            "Plan Width": 4,
                                            "Actual Startup Time": 4.959,
                                            "Actual Total Time": 113.965,
                                            "Actual Rows": 550,
                                            "Actual Loops": 5,
                                            "Output": [
                                                "t.id",
                                                "t.title",
                                                "t.imdb_index",
                                                "t.kind_id",
                                                "t.production_year",
                                                "t.imdb_id",
                                                "t.phonetic_code",
                                                "t.episode_of_id",
                                                "t.season_nr",
                                                "t.episode_nr",
                                                "t.series_years",
                                                "t.md5sum"
                                            ],
                                            "Filter": "((t.kind_id < 7) AND (t.production_year = 1951))",
                                            "Rows Removed by Filter": 505113,
                                            "Workers": [
                                                {
                                                    "Worker Number": 0,
                                                    "Actual Startup Time": 7.702,
                                                    "Actual Total Time": 109.804,
                                                    "Actual Rows": 488,
                                                    "Actual Loops": 1
                                                },
                                                {
                                                    "Worker Number": 1,
                                                    "Actual Startup Time": 2.081,
                                                    "Actual Total Time": 110.005,
                                                    "Actual Rows": 447,
                                                    "Actual Loops": 1
                                                },
                                                {
                                                    "Worker Number": 2,
                                                    "Actual Startup Time": 2.488,
                                                    "Actual Total Time": 109.982,
                                                    "Actual Rows": 466,
                                                    "Actual Loops": 1
                                                },
                                                {
                                                    "Worker Number": 3,
                                                    "Actual Startup Time": 9.488,
                                                    "Actual Total Time": 111.903,
                                                    "Actual Rows": 465,
                                                    "Actual Loops": 1
                                                }
                                            ]
                                        },
                                        {
                                            "Node Type": "Index Only Scan",
                                            "Parent Relationship": "Inner",
                                            "Parallel Aware": false,
                                            "Scan Direction": "Forward",
                                            "Index Name": "movie_id_movie_keyword",
                                            "Relation Name": "movie_keyword",
                                            "Schema": "public",
                                            "Alias": "mk",
                                            "Startup Cost": 0.43,
                                            "Total Cost": 8.89,
                                            "Plan Rows": 46,
                                            "Plan Width": 4,
                                            "Actual Startup Time": 0.022,
                                            "Actual Total Time": 0.023,
                                            "Actual Rows": 7,
                                            "Actual Loops": 2748,
                                            "Output": [
                                                "mk.movie_id"
                                            ],
                                            "Index Cond": "(mk.movie_id = t.id)",
                                            "Rows Removed by Index Recheck": 0,
                                            "Heap Fetches": 18749,
                                            "Workers": [
                                                {
                                                    "Worker Number": 0,
                                                    "Actual Startup Time": 0.028,
                                                    "Actual Total Time": 0.029,
                                                    "Actual Rows": 7,
                                                    "Actual Loops": 488
                                                },
                                                {
                                                    "Worker Number": 1,
                                                    "Actual Startup Time": 0.029,
                                                    "Actual Total Time": 0.031,
                                                    "Actual Rows": 8,
                                                    "Actual Loops": 447
                                                },
                                                {
                                                    "Worker Number": 2,
                                                    "Actual Startup Time": 0.029,
                                                    "Actual Total Time": 0.03,
                                                    "Actual Rows": 6,
                                                    "Actual Loops": 466
                                                },
                                                {
                                                    "Worker Number": 3,
                                                    "Actual Startup Time": 0.028,
                                                    "Actual Total Time": 0.03,
                                                    "Actual Rows": 7,
                                                    "Actual Loops": 465
                                                }
                                            ]
                                        }
                                    ]
                                }
                            ]
                        }
                    ]
                }
            ]
        },
        "Planning Time": 334.064,
        "Triggers": [],
        "Execution Time": 153.436
    }
]