{
    "Plan": {
        "Node Type": "Aggregate",
        "Strategy": "Plain",
        "Partial Mode": "Simple",
        "Parallel Aware": false,
        "Startup Cost": 79786.15,
        "Total Cost": 79786.16,
        "Plan Rows": 1,
        "Plan Width": 8,
        "Actual Startup Time": 528.062,
        "Actual Total Time": 528.066,
        "Actual Rows": 1,
        "Actual Loops": 1,
        "Output": [
            "count(*)"
        ],
        "Plans": [
            {
                "Node Type": "Hash Join",
                "Parent Relationship": "Outer",
                "Parallel Aware": false,
                "Join Type": "Inner",
                "Startup Cost": 78882.89,
                "Total Cost": 79785.91,
                "Plan Rows": 96,
                "Plan Width": 0,
                "Actual Startup Time": 514.504,
                "Actual Total Time": 527.855,
                "Actual Rows": 2030,
                "Actual Loops": 1,
                "Inner Unique": true,
                "Hash Cond": "(mk.movie_id = t.id)",
                "Plans": [
                    {
                        "Node Type": "Bitmap Heap Scan",
                        "Parent Relationship": "Outer",
                        "Parallel Aware": false,
                        "Relation Name": "movie_keyword",
                        "Schema": "public",
                        "Alias": "mk",
                        "Startup Cost": 6.32,
                        "Total Cost": 908.7,
                        "Plan Rows": 244,
                        "Plan Width": 4,
                        "Actual Startup Time": 2.844,
                        "Actual Total Time": 14.29,
                        "Actual Rows": 2535,
                        "Actual Loops": 1,
                        "Output": [
                            "mk.id",
                            "mk.movie_id",
                            "mk.keyword_id"
                        ],
                        "Recheck Cond": "(mk.keyword_id = 1078)",
                        "Rows Removed by Index Recheck": 0,
                        "Exact Heap Blocks": 2136,
                        "Lossy Heap Blocks": 0,
                        "Plans": [
                            {
                                "Node Type": "Bitmap Index Scan",
                                "Parent Relationship": "Outer",
                                "Parallel Aware": false,
                                "Index Name": "keyword_id_movie_keyword",
                                "Startup Cost": 0.0,
                                "Total Cost": 6.26,
                                "Plan Rows": 244,
                                "Plan Width": 0,
                                "Actual Startup Time": 1.932,
                                "Actual Total Time": 1.932,
                                "Actual Rows": 2535,
                                "Actual Loops": 1,
                                "Index Cond": "(mk.keyword_id = 1078)"
                            }
                        ]
                    },
                    {
                        "Node Type": "Hash",
                        "Parent Relationship": "Inner",
                        "Parallel Aware": false,
                        "Startup Cost": 66433.0,
                        "Total Cost": 66433.0,
                        "Plan Rows": 995485,
                        "Plan Width": 4,
                        "Actual Startup Time": 501.481,
                        "Actual Total Time": 501.483,
                        "Actual Rows": 985048,
                        "Actual Loops": 1,
                        "Output": [
                            "t.id"
                        ],
                        "Hash Buckets": 1048576,
                        "Original Hash Buckets": 1048576,
                        "Hash Batches": 1,
                        "Original Hash Batches": 1,
                        "Peak Memory Usage": 42823,
                        "Plans": [
                            {
                                "Node Type": "Bitmap Heap Scan",
                                "Parent Relationship": "Outer",
                                "Parallel Aware": false,
                                "Relation Name": "title",
                                "Schema": "public",
                                "Alias": "t",
                                "Startup Cost": 17991.44,
                                "Total Cost": 66433.0,
                                "Plan Rows": 995485,
                                "Plan Width": 4,
                                "Actual Startup Time": 53.191,
                                "Actual Total Time": 296.08,
                                "Actual Rows": 985048,
                                "Actual Loops": 1,
                                "Output": [
                                    "t.id"
                                ],
                                "Recheck Cond": "(t.kind_id < 7)",
                                "Rows Removed by Index Recheck": 0,
                                "Exact Heap Blocks": 35472,
                                "Lossy Heap Blocks": 0,
                                "Plans": [
                                    {
                                        "Node Type": "Bitmap Index Scan",
                                        "Parent Relationship": "Outer",
                                        "Parallel Aware": false,
                                        "Index Name": "kind_id_title",
                                        "Startup Cost": 0.0,
                                        "Total Cost": 17742.57,
                                        "Plan Rows": 995485,
                                        "Plan Width": 0,
                                        "Actual Startup Time": 48.268,
                                        "Actual Total Time": 48.268,
                                        "Actual Rows": 985048,
                                        "Actual Loops": 1,
                                        "Index Cond": "(t.kind_id < 7)"
                                    }
                                ]
                            }
                        ]
                    }
                ]
            }
        ]
    },
    "Planning Time": 2.802,
    "Triggers": [],
    "Execution Time": 529.429
}