[
  {
    "Plan": {
      "Node Type": "Aggregate",
      "Strategy": "Plain",
      "Partial Mode": "Finalize",
      "Parallel Aware": false,
      "Startup Cost": 337293.86,
      "Total Cost": 337293.87,
      "Plan Rows": 1,
      "Plan Width": 8,
      "Actual Startup Time": 761.357,
      "Actual Total Time": 816.394,
      "Actual Rows": 1,
      "Actual Loops": 1,
      "Plans": [
        {
          "Node Type": "Gather",
          "Parent Relationship": "Outer",
          "Parallel Aware": false,
          "Startup Cost": 337293.24,
          "Total Cost": 337293.85,
          "Plan Rows": 6,
          "Plan Width": 8,
          "Actual Startup Time": 761.222,
          "Actual Total Time": 816.384,
          "Actual Rows": 7,
          "Actual Loops": 1,
          "Workers Planned": 6,
          "Workers Launched": 6,
          "Single Copy": false,
          "Plans": [
            {
              "Node Type": "Aggregate",
              "Strategy": "Plain",
              "Partial Mode": "Partial",
              "Parent Relationship": "Outer",
              "Parallel Aware": false,
              "Startup Cost": 336293.24,
              "Total Cost": 336293.25,
              "Plan Rows": 1,
              "Plan Width": 8,
              "Actual Startup Time": 751.486,
              "Actual Total Time": 751.487,
              "Actual Rows": 1,
              "Actual Loops": 7,
              "Plans": [
                {
                  "Node Type": "Seq Scan",
                  "Parent Relationship": "Outer",
                  "Parallel Aware": true,
                  "Relation Name": "cast_info",
                  "Alias": "ci",
                  "Startup Cost": 0.0,
                  "Total Cost": 328162.03,
                  "Plan Rows": 3252485,
                  "Plan Width": 0,
                  "Actual Startup Time": 188.449,
                  "Actual Total Time": 624.297,
                  "Actual Rows": 2789972,
                  "Actual Loops": 7,
                  "Filter": "(person_id > 1654689)",
                  "Rows Removed by Filter": 2387792
                }
              ]
            }
          ]
        }
      ]
    },
    "Planning Time": 0.184,
    "Triggers": [],
    "Execution Time": 816.458
  }
]