{
    "Plan": {
        "Node Type": "Aggregate",
        "Strategy": "Plain",
        "Partial Mode": "Finalize",
        "Parallel Aware": false,
        "Startup Cost": 80321.7,
        "Total Cost": 80321.71,
        "Plan Rows": 1,
        "Plan Width": 8,
        "Actual Startup Time": 294.502,
        "Actual Total Time": 310.33,
        "Actual Rows": 1,
        "Actual Loops": 1,
        "Output": [
            "count(*)"
        ],
        "Plans": [
            {
                "Node Type": "Gather",
                "Parent Relationship": "Outer",
                "Parallel Aware": false,
                "Startup Cost": 80321.39,
                "Total Cost": 80321.7,
                "Plan Rows": 3,
                "Plan Width": 8,
                "Actual Startup Time": 292.235,
                "Actual Total Time": 310.321,
                "Actual Rows": 4,
                "Actual Loops": 1,
                "Output": [
                    "(PARTIAL count(*))"
                ],
                "Workers Planned": 3,
                "Workers Launched": 3,
                "Single Copy": false,
                "Plans": [
                    {
                        "Node Type": "Aggregate",
                        "Strategy": "Plain",
                        "Partial Mode": "Partial",
                        "Parent Relationship": "Outer",
                        "Parallel Aware": false,
                        "Startup Cost": 79321.39,
                        "Total Cost": 79321.4,
                        "Plan Rows": 1,
                        "Plan Width": 8,
                        "Actual Startup Time": 283.17,
                        "Actual Total Time": 283.174,
                        "Actual Rows": 1,
                        "Actual Loops": 4,
                        "Output": [
                            "PARTIAL count(*)"
                        ],
                        "Workers": [
                            {
                                "Worker Number": 0,
                                "Actual Startup Time": 280.258,
                                "Actual Total Time": 280.261,
                                "Actual Rows": 1,
                                "Actual Loops": 1
                            },
                            {
                                "Worker Number": 1,
                                "Actual Startup Time": 280.255,
                                "Actual Total Time": 280.258,
                                "Actual Rows": 1,
                                "Actual Loops": 1
                            },
                            {
                                "Worker Number": 2,
                                "Actual Startup Time": 280.752,
                                "Actual Total Time": 280.755,
                                "Actual Rows": 1,
                                "Actual Loops": 1
                            }
                        ],
                        "Plans": [
                            {
                                "Node Type": "Hash Join",
                                "Parent Relationship": "Outer",
                                "Parallel Aware": true,
                                "Join Type": "Inner",
                                "Startup Cost": 47190.28,
                                "Total Cost": 79198.91,
                                "Plan Rows": 48990,
                                "Plan Width": 0,
                                "Actual Startup Time": 194.969,
                                "Actual Total Time": 279.121,
                                "Actual Rows": 99134,
                                "Actual Loops": 4,
                                "Inner Unique": true,
                                "Hash Cond": "(mc.movie_id = t.id)",
                                "Workers": [
                                    {
                                        "Worker Number": 0,
                                        "Actual Startup Time": 191.808,
                                        "Actual Total Time": 276.345,
                                        "Actual Rows": 100249,
                                        "Actual Loops": 1
                                    },
                                    {
                                        "Worker Number": 1,
                                        "Actual Startup Time": 192.137,
                                        "Actual Total Time": 276.29,
                                        "Actual Rows": 84757,
                                        "Actual Loops": 1
                                    },
                                    {
                                        "Worker Number": 2,
                                        "Actual Startup Time": 192.623,
                                        "Actual Total Time": 276.847,
                                        "Actual Rows": 99761,
                                        "Actual Loops": 1
                                    }
                                ],
                                "Plans": [
                                    {
                                        "Node Type": "Seq Scan",
                                        "Parent Relationship": "Outer",
                                        "Parallel Aware": true,
                                        "Relation Name": "movie_companies",
                                        "Schema": "public",
                                        "Alias": "mc",
                                        "Startup Cost": 0.0,
                                        "Total Cost": 31414.82,
                                        "Plan Rows": 226214,
                                        "Plan Width": 4,
                                        "Actual Startup Time": 0.019,
                                        "Actual Total Time": 65.127,
                                        "Actual Rows": 241883,
                                        "Actual Loops": 4,
                                        "Output": [
                                            "mc.id",
                                            "mc.movie_id",
                                            "mc.company_id",
                                            "mc.company_type_id",
                                            "mc.note"
                                        ],
                                        "Filter": "((mc.company_id < 12539) AND (mc.company_type_id = 1))",
                                        "Rows Removed by Filter": 410400,
                                        "Workers": [
                                            {
                                                "Worker Number": 0,
                                                "Actual Startup Time": 0.023,
                                                "Actual Total Time": 66.322,
                                                "Actual Rows": 245331,
                                                "Actual Loops": 1
                                            },
                                            {
                                                "Worker Number": 1,
                                                "Actual Startup Time": 0.021,
                                                "Actual Total Time": 65.671,
                                                "Actual Rows": 210604,
                                                "Actual Loops": 1
                                            },
                                            {
                                                "Worker Number": 2,
                                                "Actual Startup Time": 0.022,
                                                "Actual Total Time": 65.947,
                                                "Actual Rows": 243281,
                                                "Actual Loops": 1
                                            }
                                        ]
                                    },
                                    {
                                        "Node Type": "Hash",
                                        "Parent Relationship": "Inner",
                                        "Parallel Aware": true,
                                        "Startup Cost": 45479.21,
                                        "Total Cost": 45479.21,
                                        "Plan Rows": 136886,
                                        "Plan Width": 4,
                                        "Actual Startup Time": 156.698,
                                        "Actual Total Time": 156.699,
                                        "Actual Rows": 139330,
                                        "Actual Loops": 4,
                                        "Output": [
                                            "t.id"
                                        ],
                                        "Hash Buckets": 1048576,
                                        "Original Hash Buckets": 1048576,
                                        "Hash Batches": 1,
                                        "Original Hash Batches": 1,
                                        "Peak Memory Usage": 30048,
                                        "Workers": [
                                            {
                                                "Worker Number": 0,
                                                "Actual Startup Time": 158.135,
                                                "Actual Total Time": 158.136,
                                                "Actual Rows": 137780,
                                                "Actual Loops": 1
                                            },
                                            {
                                                "Worker Number": 1,
                                                "Actual Startup Time": 158.42,
                                                "Actual Total Time": 158.421,
                                                "Actual Rows": 124502,
                                                "Actual Loops": 1
                                            },
                                            {
                                                "Worker Number": 2,
                                                "Actual Startup Time": 158.967,
                                                "Actual Total Time": 158.968,
                                                "Actual Rows": 138181,
                                                "Actual Loops": 1
                                            }
                                        ],
                                        "Plans": [
                                            {
                                                "Node Type": "Seq Scan",
                                                "Parent Relationship": "Outer",
                                                "Parallel Aware": true,
                                                "Relation Name": "title",
                                                "Schema": "public",
                                                "Alias": "t",
                                                "Startup Cost": 0.0,
                                                "Total Cost": 45479.21,
                                                "Plan Rows": 136886,
                                                "Plan Width": 4,
                                                "Actual Startup Time": 64.356,
                                                "Actual Total Time": 108.138,
                                                "Actual Rows": 139330,
                                                "Actual Loops": 4,
                                                "Output": [
                                                    "t.id"
                                                ],
                                                "Filter": "((t.production_year < 2011) AND (t.kind_id = 1))",
                                                "Rows Removed by Filter": 492748,
                                                "Workers": [
                                                    {
                                                        "Worker Number": 0,
                                                        "Actual Startup Time": 64.164,
                                                        "Actual Total Time": 109.702,
                                                        "Actual Rows": 137780,
                                                        "Actual Loops": 1
                                                    },
                                                    {
                                                        "Worker Number": 1,
                                                        "Actual Startup Time": 64.214,
                                                        "Actual Total Time": 106.894,
                                                        "Actual Rows": 124502,
                                                        "Actual Loops": 1
                                                    },
                                                    {
                                                        "Worker Number": 2,
                                                        "Actual Startup Time": 64.334,
                                                        "Actual Total Time": 109.439,
                                                        "Actual Rows": 138181,
                                                        "Actual Loops": 1
                                                    }
                                                ]
                                            }
                                        ]
                                    }
                                ]
                            }
                        ]
                    }
                ]
            }
        ]
    },
    "Planning Time": 0.785,
    "Triggers": [],
    "Execution Time": 310.408
}