[
  {
    "Plan": {
      "Node Type": "Aggregate",
      "Strategy": "Plain",
      "Partial Mode": "Finalize",
      "Parallel Aware": false,
      "Startup Cost": 610301.23,
      "Total Cost": 610301.24,
      "Plan Rows": 1,
      "Plan Width": 8,
      "Actual Startup Time": 5560.376,
      "Actual Total Time": 5648.301,
      "Actual Rows": 1,
      "Actual Loops": 1,
      "Plans": [
        {
          "Node Type": "Gather",
          "Parent Relationship": "Outer",
          "Parallel Aware": false,
          "Startup Cost": 610300.6,
          "Total Cost": 610301.21,
          "Plan Rows": 6,
          "Plan Width": 8,
          "Actual Startup Time": 5550.868,
          "Actual Total Time": 5648.29,
          "Actual Rows": 7,
          "Actual Loops": 1,
          "Workers Planned": 6,
          "Workers Launched": 6,
          "Single Copy": false,
          "Plans": [
            {
              "Node Type": "Aggregate",
              "Strategy": "Plain",
              "Partial Mode": "Partial",
              "Parent Relationship": "Outer",
              "Parallel Aware": false,
              "Startup Cost": 609300.6,
              "Total Cost": 609300.61,
              "Plan Rows": 1,
              "Plan Width": 8,
              "Actual Startup Time": 5535.578,
              "Actual Total Time": 5535.906,
              "Actual Rows": 1,
              "Actual Loops": 7,
              "Plans": [
                {
                  "Node Type": "Hash Join",
                  "Parent Relationship": "Outer",
                  "Parallel Aware": true,
                  "Join Type": "Inner",
                  "Startup Cost": 251140.08,
                  "Total Cost": 596827.82,
                  "Plan Rows": 4989112,
                  "Plan Width": 0,
                  "Actual Startup Time": 950.397,
                  "Actual Total Time": 4932.631,
                  "Actual Rows": 15174292,
                  "Actual Loops": 7,
                  "Inner Unique": false,
                  "Hash Cond": "(ci.movie_id = t.id)",
                  "Plans": [
                    {
                      "Node Type": "Seq Scan",
                      "Parent Relationship": "Outer",
                      "Parallel Aware": true,
                      "Relation Name": "cast_info",
                      "Alias": "ci",
                      "Startup Cost": 0.0,
                      "Total Cost": 313067.02,
                      "Plan Rows": 6038002,
                      "Plan Width": 4,
                      "Actual Startup Time": 0.02,
                      "Actual Total Time": 512.985,
                      "Actual Rows": 5177763,
                      "Actual Loops": 7
                    },
                    {
                      "Node Type": "Hash",
                      "Parent Relationship": "Inner",
                      "Parallel Aware": true,
                      "Startup Cost": 245917.35,
                      "Total Cost": 245917.35,
                      "Plan Rows": 417818,
                      "Plan Width": 8,
                      "Actual Startup Time": 945.48,
                      "Actual Total Time": 945.806,
                      "Actual Rows": 445421,
                      "Actual Loops": 7,
                      "Hash Buckets": 4194304,
                      "Original Hash Buckets": 2097152,
                      "Hash Batches": 1,
                      "Original Hash Batches": 1,
                      "Peak Memory Usage": 171200,
                      "Plans": [
                        {
                          "Node Type": "Hash Join",
                          "Parent Relationship": "Outer",
                          "Parallel Aware": true,
                          "Join Type": "Inner",
                          "Startup Cost": 46595.59,
                          "Total Cost": 245917.35,
                          "Plan Rows": 417818,
                          "Plan Width": 8,
                          "Actual Startup Time": 101.675,
                          "Actual Total Time": 721.181,
                          "Actual Rows": 445421,
                          "Actual Loops": 7,
                          "Inner Unique": true,
                          "Hash Cond": "(mi.movie_id = t.id)",
                          "Plans": [
                            {
                              "Node Type": "Seq Scan",
                              "Parent Relationship": "Outer",
                              "Parallel Aware": true,
                              "Relation Name": "movie_info",
                              "Alias": "mi",
                              "Startup Cost": 0.0,
                              "Total Cost": 191560.33,
                              "Plan Rows": 2956733,
                              "Plan Width": 4,
                              "Actual Startup Time": 0.024,
                              "Actual Total Time": 270.768,
                              "Actual Rows": 2119389,
                              "Actual Loops": 7
                            },
                            {
                              "Node Type": "Hash",
                              "Parent Relationship": "Inner",
                              "Parallel Aware": true,
                              "Startup Cost": 45479.1,
                              "Total Cost": 45479.1,
                              "Plan Rows": 89319,
                              "Plan Width": 4,
                              "Actual Startup Time": 100.127,
                              "Actual Total Time": 100.128,
                              "Actual Rows": 43155,
                              "Actual Loops": 7,
                              "Hash Buckets": 524288,
                              "Original Hash Buckets": 524288,
                              "Hash Batches": 1,
                              "Original Hash Batches": 1,
                              "Peak Memory Usage": 16032,
                              "Plans": [
                                {
                                  "Node Type": "Seq Scan",
                                  "Parent Relationship": "Outer",
                                  "Parallel Aware": true,
                                  "Relation Name": "title",
                                  "Alias": "t",
                                  "Startup Cost": 0.0,
                                  "Total Cost": 45479.1,
                                  "Plan Rows": 89319,
                                  "Plan Width": 4,
                                  "Actual Startup Time": 0.055,
                                  "Actual Total Time": 77.145,
                                  "Actual Rows": 43155,
                                  "Actual Loops": 7,
                                  "Filter": "((kind_id < 7) AND (production_year > 2006))",
                                  "Rows Removed by Filter": 318032
                                }
                              ]
                            }
                          ]
                        }
                      ]
                    }
                  ]
                }
              ]
            }
          ]
        }
      ]
    },
    "Planning Time": 1.299,
    "Triggers": [],
    "Execution Time": 5648.436
  }
]