[
  {
    "Plan": {
      "Node Type": "Aggregate",
      "Strategy": "Plain",
      "Partial Mode": "Finalize",
      "Parallel Aware": false,
      "Startup Cost": 59976.35,
      "Total Cost": 59976.36,
      "Plan Rows": 1,
      "Plan Width": 8,
      "Actual Startup Time": 106.865,
      "Actual Total Time": 122.094,
      "Actual Rows": 1,
      "Actual Loops": 1,
      "Plans": [
        {
          "Node Type": "Gather",
          "Parent Relationship": "Outer",
          "Parallel Aware": false,
          "Startup Cost": 59975.93,
          "Total Cost": 59976.34,
          "Plan Rows": 4,
          "Plan Width": 8,
          "Actual Startup Time": 106.754,
          "Actual Total Time": 122.086,
          "Actual Rows": 5,
          "Actual Loops": 1,
          "Workers Planned": 4,
          "Workers Launched": 4,
          "Single Copy": false,
          "Plans": [
            {
              "Node Type": "Aggregate",
              "Strategy": "Plain",
              "Partial Mode": "Partial",
              "Parent Relationship": "Outer",
              "Parallel Aware": false,
              "Startup Cost": 58975.93,
              "Total Cost": 58975.94,
              "Plan Rows": 1,
              "Plan Width": 8,
              "Actual Startup Time": 97.411,
              "Actual Total Time": 97.413,
              "Actual Rows": 1,
              "Actual Loops": 5,
              "Plans": [
                {
                  "Node Type": "Nested Loop",
                  "Parent Relationship": "Outer",
                  "Parallel Aware": false,
                  "Join Type": "Inner",
                  "Startup Cost": 0.43,
                  "Total Cost": 58969.01,
                  "Plan Rows": 2766,
                  "Plan Width": 0,
                  "Actual Startup Time": 1.432,
                  "Actual Total Time": 97.038,
                  "Actual Rows": 6923,
                  "Actual Loops": 5,
                  "Inner Unique": false,
                  "Plans": [
                    {
                      "Node Type": "Seq Scan",
                      "Parent Relationship": "Outer",
                      "Parallel Aware": true,
                      "Relation Name": "title",
                      "Alias": "t",
                      "Startup Cost": 0.0,
                      "Total Cost": 45479.1,
                      "Plan Rows": 1546,
                      "Plan Width": 4,
                      "Actual Startup Time": 0.526,
                      "Actual Total Time": 81.677,
                      "Actual Rows": 1209,
                      "Actual Loops": 5,
                      "Filter": "((kind_id < 3) AND (production_year = 1989))",
                      "Rows Removed by Filter": 504453
                    },
                    {
                      "Node Type": "Index Only Scan",
                      "Parent Relationship": "Inner",
                      "Parallel Aware": false,
                      "Scan Direction": "Forward",
                      "Index Name": "movie_id_movie_keyword",
                      "Relation Name": "movie_keyword",
                      "Alias": "mk",
                      "Startup Cost": 0.43,
                      "Total Cost": 8.28,
                      "Plan Rows": 45,
                      "Plan Width": 4,
                      "Actual Startup Time": 0.011,
                      "Actual Total Time": 0.012,
                      "Actual Rows": 6,
                      "Actual Loops": 6046,
                      "Index Cond": "(movie_id = t.id)",
                      "Rows Removed by Index Recheck": 0,
                      "Heap Fetches": 34616
                    }
                  ]
                }
              ]
            }
          ]
        }
      ]
    },
    "Planning Time": 0.582,
    "Triggers": [],
    "Execution Time": 122.174
  }
]