[
  {
    "Plan": {
      "Node Type": "Aggregate",
      "Strategy": "Plain",
      "Partial Mode": "Finalize",
      "Parallel Aware": false,
      "Startup Cost": 44327.27,
      "Total Cost": 44327.28,
      "Plan Rows": 1,
      "Plan Width": 8,
      "Actual Startup Time": 147.433,
      "Actual Total Time": 160.417,
      "Actual Rows": 1,
      "Actual Loops": 1,
      "Plans": [
        {
          "Node Type": "Gather",
          "Parent Relationship": "Outer",
          "Parallel Aware": false,
          "Startup Cost": 44326.95,
          "Total Cost": 44327.26,
          "Plan Rows": 3,
          "Plan Width": 8,
          "Actual Startup Time": 147.14,
          "Actual Total Time": 160.407,
          "Actual Rows": 4,
          "Actual Loops": 1,
          "Workers Planned": 3,
          "Workers Launched": 3,
          "Single Copy": false,
          "Plans": [
            {
              "Node Type": "Aggregate",
              "Strategy": "Plain",
              "Partial Mode": "Partial",
              "Parent Relationship": "Outer",
              "Parallel Aware": false,
              "Startup Cost": 43326.95,
              "Total Cost": 43326.96,
              "Plan Rows": 1,
              "Plan Width": 8,
              "Actual Startup Time": 138.619,
              "Actual Total Time": 138.621,
              "Actual Rows": 1,
              "Actual Loops": 4,
              "Plans": [
                {
                  "Node Type": "Seq Scan",
                  "Parent Relationship": "Outer",
                  "Parallel Aware": true,
                  "Relation Name": "movie_keyword",
                  "Alias": "mk",
                  "Startup Cost": 0.0,
                  "Total Cost": 42695.65,
                  "Plan Rows": 252519,
                  "Plan Width": 0,
                  "Actual Startup Time": 4.542,
                  "Actual Total Time": 125.714,
                  "Actual Rows": 194651,
                  "Actual Loops": 4,
                  "Filter": "(keyword_id > 24213)",
                  "Rows Removed by Filter": 936331
                }
              ]
            }
          ]
        }
      ]
    },
    "Planning Time": 0.153,
    "Triggers": [],
    "Execution Time": 160.472
  }
]