{
  "Plan": {
    "Node Type": "Aggregate",
    "Strategy": "Plain",
    "Partial Mode": "Finalize",
    "Parallel Aware": false,
    "Startup Cost": 260178.45,
    "Total Cost": 260178.46,
    "Plan Rows": 1,
    "Plan Width": 8,
    "Actual Startup Time": 1208.822,
    "Actual Total Time": 1266.071,
    "Actual Rows": 1,
    "Actual Loops": 1,
    "Plans": [
      {
        "Node Type": "Gather",
        "Parent Relationship": "Outer",
        "Parallel Aware": false,
        "Startup Cost": 260178.33,
        "Total Cost": 260178.44,
        "Plan Rows": 1,
        "Plan Width": 8,
        "Actual Startup Time": 1207.442,
        "Actual Total Time": 1266.06,
        "Actual Rows": 2,
        "Actual Loops": 1,
        "Workers Planned": 1,
        "Workers Launched": 1,
        "Single Copy": false,
        "Plans": [
          {
            "Node Type": "Aggregate",
            "Strategy": "Plain",
            "Partial Mode": "Partial",
            "Parent Relationship": "Outer",
            "Parallel Aware": false,
            "Startup Cost": 259178.33,
            "Total Cost": 259178.34,
            "Plan Rows": 1,
            "Plan Width": 8,
            "Actual Startup Time": 1203.149,
            "Actual Total Time": 1203.153,
            "Actual Rows": 1,
            "Actual Loops": 2,
            "Plans": [
              {
                "Node Type": "Nested Loop",
                "Parent Relationship": "Outer",
                "Parallel Aware": false,
                "Join Type": "Inner",
                "Startup Cost": 57729.69,
                "Total Cost": 258538.04,
                "Plan Rows": 256118,
                "Plan Width": 0,
                "Actual Startup Time": 253.726,
                "Actual Total Time": 1151.996,
                "Actual Rows": 1127370,
                "Actual Loops": 2,
                "Inner Unique": false,
                "Plans": [
                  {
                    "Node Type": "Hash Join",
                    "Parent Relationship": "Outer",
                    "Parallel Aware": true,
                    "Join Type": "Inner",
                    "Startup Cost": 57729.25,
                    "Total Cost": 100221.52,
                    "Plan Rows": 43801,
                    "Plan Width": 8,
                    "Actual Startup Time": 253.659,
                    "Actual Total Time": 439.668,
                    "Actual Rows": 90538,
                    "Actual Loops": 2,
                    "Inner Unique": true,
                    "Hash Cond": "(mc.movie_id = t.id)",
                    "Plans": [
                      {
                        "Node Type": "Seq Scan",
                        "Parent Relationship": "Outer",
                        "Parallel Aware": true,
                        "Relation Name": "movie_companies",
                        "Alias": "mc",
                        "Startup Cost": 0.0,
                        "Total Cost": 41811.73,
                        "Plan Rows": 259252,
                        "Plan Width": 4,
                        "Actual Startup Time": 48.474,
                        "Actual Total Time": 114.299,
                        "Actual Rows": 385854,
                        "Actual Loops": 2,
                        "Filter": "((company_id > 22733) AND (company_type_id > 1))",
                        "Rows Removed by Filter": 918711
                      },
                      {
                        "Node Type": "Hash",
                        "Parent Relationship": "Inner",
                        "Parallel Aware": true,
                        "Startup Cost": 54588.39,
                        "Total Cost": 54588.39,
                        "Plan Rows": 251269,
                        "Plan Width": 4,
                        "Actual Startup Time": 199.491,
                        "Actual Total Time": 199.491,
                        "Actual Rows": 218758,
                        "Actual Loops": 2,
                        "Hash Buckets": 524288,
                        "Original Hash Buckets": 524288,
                        "Hash Batches": 1,
                        "Original Hash Batches": 1,
                        "Peak Memory Usage": 21248,
                        "Plans": [
                          {
                            "Node Type": "Seq Scan",
                            "Parent Relationship": "Outer",
                            "Parallel Aware": true,
                            "Relation Name": "title",
                            "Alias": "t",
                            "Startup Cost": 0.0,
                            "Total Cost": 54588.39,
                            "Plan Rows": 251269,
                            "Plan Width": 4,
                            "Actual Startup Time": 0.029,
                            "Actual Total Time": 145.362,
                            "Actual Rows": 218758,
                            "Actual Loops": 2,
                            "Filter": "(production_year < 1975)",
                            "Rows Removed by Filter": 1045398
                          }
                        ]
                      }
                    ]
                  },
                  {
                    "Node Type": "Index Only Scan",
                    "Parent Relationship": "Inner",
                    "Parallel Aware": false,
                    "Scan Direction": "Forward",
                    "Index Name": "movie_id_movie_info",
                    "Relation Name": "movie_info",
                    "Alias": "mi",
                    "Startup Cost": 0.43,
                    "Total Cost": 3.19,
                    "Plan Rows": 42,
                    "Plan Width": 4,
                    "Actual Startup Time": 0.003,
                    "Actual Total Time": 0.007,
                    "Actual Rows": 12,
                    "Actual Loops": 181077,
                    "Index Cond": "(movie_id = t.id)",
                    "Rows Removed by Index Recheck": 0,
                    "Heap Fetches": 2254740
                  }
                ]
              }
            ]
          }
        ]
      }
    ]
  },
  "Planning Time": 0.975,
  "Triggers": [],
  "Execution Time": 1266.202
}