[
  {
    "Plan": {
      "Node Type": "Aggregate",
      "Strategy": "Plain",
      "Partial Mode": "Finalize",
      "Parallel Aware": false,
      "Startup Cost": 541084.55,
      "Total Cost": 541084.56,
      "Plan Rows": 1,
      "Plan Width": 8,
      "Actual Startup Time": 1390.338,
      "Actual Total Time": 1435.755,
      "Actual Rows": 1,
      "Actual Loops": 1,
      "Plans": [
        {
          "Node Type": "Gather",
          "Parent Relationship": "Outer",
          "Parallel Aware": false,
          "Startup Cost": 541084.03,
          "Total Cost": 541084.54,
          "Plan Rows": 5,
          "Plan Width": 8,
          "Actual Startup Time": 1370.61,
          "Actual Total Time": 1435.743,
          "Actual Rows": 6,
          "Actual Loops": 1,
          "Workers Planned": 5,
          "Workers Launched": 5,
          "Single Copy": false,
          "Plans": [
            {
              "Node Type": "Aggregate",
              "Strategy": "Plain",
              "Partial Mode": "Partial",
              "Parent Relationship": "Outer",
              "Parallel Aware": false,
              "Startup Cost": 540084.03,
              "Total Cost": 540084.04,
              "Plan Rows": 1,
              "Plan Width": 8,
              "Actual Startup Time": 1359.508,
              "Actual Total Time": 1359.705,
              "Actual Rows": 1,
              "Actual Loops": 6,
              "Plans": [
                {
                  "Node Type": "Hash Join",
                  "Parent Relationship": "Outer",
                  "Parallel Aware": true,
                  "Join Type": "Inner",
                  "Startup Cost": 333203.18,
                  "Total Cost": 537544.37,
                  "Plan Rows": 1015865,
                  "Plan Width": 0,
                  "Actual Startup Time": 460.218,
                  "Actual Total Time": 1314.196,
                  "Actual Rows": 1017278,
                  "Actual Loops": 6,
                  "Inner Unique": false,
                  "Hash Cond": "(mi.movie_id = t.id)",
                  "Plans": [
                    {
                      "Node Type": "Seq Scan",
                      "Parent Relationship": "Outer",
                      "Parallel Aware": true,
                      "Relation Name": "movie_info",
                      "Alias": "mi",
                      "Startup Cost": 0.0,
                      "Total Cost": 191560.33,
                      "Plan Rows": 2956733,
                      "Plan Width": 4,
                      "Actual Startup Time": 0.029,
                      "Actual Total Time": 306.369,
                      "Actual Rows": 2472620,
                      "Actual Loops": 6
                    },
                    {
                      "Node Type": "Hash",
                      "Parent Relationship": "Inner",
                      "Parallel Aware": true,
                      "Startup Cost": 331393.47,
                      "Total Cost": 331393.47,
                      "Plan Rows": 144777,
                      "Plan Width": 8,
                      "Actual Startup Time": 456.569,
                      "Actual Total Time": 456.763,
                      "Actual Rows": 144770,
                      "Actual Loops": 6,
                      "Hash Buckets": 1048576,
                      "Original Hash Buckets": 1048576,
                      "Hash Batches": 1,
                      "Original Hash Batches": 1,
                      "Peak Memory Usage": 42304,
                      "Plans": [
                        {
                          "Node Type": "Hash Join",
                          "Parent Relationship": "Outer",
                          "Parallel Aware": true,
                          "Join Type": "Inner",
                          "Startup Cost": 75737.98,
                          "Total Cost": 331393.47,
                          "Plan Rows": 144777,
                          "Plan Width": 8,
                          "Actual Startup Time": 267.253,
                          "Actual Total Time": 398.239,
                          "Actual Rows": 144770,
                          "Actual Loops": 6,
                          "Inner Unique": true,
                          "Hash Cond": "(ci.movie_id = t.id)",
                          "Plans": [
                            {
                              "Node Type": "Bitmap Heap Scan",
                              "Parent Relationship": "Outer",
                              "Parallel Aware": true,
                              "Relation Name": "cast_info",
                              "Alias": "ci",
                              "Startup Cost": 26010.83,
                              "Total Cost": 281151.12,
                              "Plan Rows": 196264,
                              "Plan Width": 4,
                              "Actual Startup Time": 45.588,
                              "Actual Total Time": 85.395,
                              "Actual Rows": 191297,
                              "Actual Loops": 6,
                              "Recheck Cond": "(person_id > 3839153)",
                              "Rows Removed by Index Recheck": 0,
                              "Exact Heap Blocks": 2443,
                              "Lossy Heap Blocks": 0,
                              "Plans": [
                                {
                                  "Node Type": "Bitmap Index Scan",
                                  "Parent Relationship": "Outer",
                                  "Parallel Aware": false,
                                  "Index Name": "person_id_cast_info",
                                  "Startup Cost": 0.0,
                                  "Total Cost": 25716.43,
                                  "Plan Rows": 1177582,
                                  "Plan Width": 0,
                                  "Actual Startup Time": 42.91,
                                  "Actual Total Time": 42.91,
                                  "Actual Rows": 1147781,
                                  "Actual Loops": 1,
                                  "Index Cond": "(person_id > 3839153)"
                                }
                              ]
                            },
                            {
                              "Node Type": "Hash",
                              "Parent Relationship": "Inner",
                              "Parallel Aware": true,
                              "Startup Cost": 43898.92,
                              "Total Cost": 43898.92,
                              "Plan Rows": 466259,
                              "Plan Width": 4,
                              "Actual Startup Time": 218.494,
                              "Actual Total Time": 218.495,
                              "Actual Rows": 310914,
                              "Actual Loops": 6,
                              "Hash Buckets": 2097152,
                              "Original Hash Buckets": 2097152,
                              "Hash Batches": 1,
                              "Original Hash Batches": 1,
                              "Peak Memory Usage": 89440,
                              "Plans": [
                                {
                                  "Node Type": "Seq Scan",
                                  "Parent Relationship": "Outer",
                                  "Parallel Aware": true,
                                  "Relation Name": "title",
                                  "Alias": "t",
                                  "Startup Cost": 0.0,
                                  "Total Cost": 43898.92,
                                  "Plan Rows": 466259,
                                  "Plan Width": 4,
                                  "Actual Startup Time": 0.045,
                                  "Actual Total Time": 86.23,
                                  "Actual Rows": 310914,
                                  "Actual Loops": 6,
                                  "Filter": "(kind_id > 1)",
                                  "Rows Removed by Filter": 110471
                                }
                              ]
                            }
                          ]
                        }
                      ]
                    }
                  ]
                }
              ]
            }
          ]
        }
      ]
    },
    "Planning Time": 1.373,
    "Triggers": [],
    "Execution Time": 1435.869
  }
]