[
  {
    "Plan": {
      "Node Type": "Aggregate",
      "Strategy": "Plain",
      "Partial Mode": "Finalize",
      "Parallel Aware": false,
      "Startup Cost": 349889.68,
      "Total Cost": 349889.69,
      "Plan Rows": 1,
      "Plan Width": 8,
      "Actual Startup Time": 829.731,
      "Actual Total Time": 887.953,
      "Actual Rows": 1,
      "Actual Loops": 1,
      "Plans": [
        {
          "Node Type": "Gather",
          "Parent Relationship": "Outer",
          "Parallel Aware": false,
          "Startup Cost": 349889.05,
          "Total Cost": 349889.66,
          "Plan Rows": 6,
          "Plan Width": 8,
          "Actual Startup Time": 829.432,
          "Actual Total Time": 887.937,
          "Actual Rows": 7,
          "Actual Loops": 1,
          "Workers Planned": 6,
          "Workers Launched": 6,
          "Single Copy": false,
          "Plans": [
            {
              "Node Type": "Aggregate",
              "Strategy": "Plain",
              "Partial Mode": "Partial",
              "Parent Relationship": "Outer",
              "Parallel Aware": false,
              "Startup Cost": 348889.05,
              "Total Cost": 348889.06,
              "Plan Rows": 1,
              "Plan Width": 8,
              "Actual Startup Time": 818.262,
              "Actual Total Time": 818.264,
              "Actual Rows": 1,
              "Actual Loops": 7,
              "Plans": [
                {
                  "Node Type": "Seq Scan",
                  "Parent Relationship": "Outer",
                  "Parallel Aware": true,
                  "Relation Name": "cast_info",
                  "Alias": "ci",
                  "Startup Cost": 0.0,
                  "Total Cost": 343316.27,
                  "Plan Rows": 2229112,
                  "Plan Width": 0,
                  "Actual Startup Time": 222.04,
                  "Actual Total Time": 701.187,
                  "Actual Rows": 2735568,
                  "Actual Loops": 7,
                  "Filter": "((person_id > 1564344) AND (role_id > 1))",
                  "Rows Removed by Filter": 2442196
                }
              ]
            }
          ]
        }
      ]
    },
    "Planning Time": 0.241,
    "Triggers": [],
    "Execution Time": 888.027
  }
]