[
  {
    "Plan": {
      "Node Type": "Aggregate",
      "Strategy": "Plain",
      "Partial Mode": "Finalize",
      "Parallel Aware": false,
      "Startup Cost": 345931.62,
      "Total Cost": 345931.63,
      "Plan Rows": 1,
      "Plan Width": 8,
      "Actual Startup Time": 858.342,
      "Actual Total Time": 904.609,
      "Actual Rows": 1,
      "Actual Loops": 1,
      "Plans": [
        {
          "Node Type": "Gather",
          "Parent Relationship": "Outer",
          "Parallel Aware": false,
          "Startup Cost": 345931.0,
          "Total Cost": 345931.61,
          "Plan Rows": 6,
          "Plan Width": 8,
          "Actual Startup Time": 858.101,
          "Actual Total Time": 904.596,
          "Actual Rows": 7,
          "Actual Loops": 1,
          "Workers Planned": 6,
          "Workers Launched": 6,
          "Single Copy": false,
          "Plans": [
            {
              "Node Type": "Aggregate",
              "Strategy": "Plain",
              "Partial Mode": "Partial",
              "Parent Relationship": "Outer",
              "Parallel Aware": false,
              "Startup Cost": 344931.0,
              "Total Cost": 344931.01,
              "Plan Rows": 1,
              "Plan Width": 8,
              "Actual Startup Time": 850.339,
              "Actual Total Time": 850.341,
              "Actual Rows": 1,
              "Actual Loops": 7,
              "Plans": [
                {
                  "Node Type": "Seq Scan",
                  "Parent Relationship": "Outer",
                  "Parallel Aware": true,
                  "Relation Name": "cast_info",
                  "Alias": "ci",
                  "Startup Cost": 0.0,
                  "Total Cost": 343316.27,
                  "Plan Rows": 645891,
                  "Plan Width": 0,
                  "Actual Startup Time": 438.376,
                  "Actual Total Time": 772.654,
                  "Actual Rows": 1235351,
                  "Actual Loops": 7,
                  "Filter": "((person_id > 2824211) AND (role_id > 2))",
                  "Rows Removed by Filter": 3942413
                }
              ]
            }
          ]
        }
      ]
    },
    "Planning Time": 0.114,
    "Triggers": [],
    "Execution Time": 904.656
  }
]