{
  "Plan": {
    "Node Type": "Aggregate",
    "Strategy": "Plain",
    "Partial Mode": "Finalize",
    "Parallel Aware": false,
    "Startup Cost": 122968.66,
    "Total Cost": 122968.67,
    "Plan Rows": 1,
    "Plan Width": 8,
    "Actual Startup Time": 543.072,
    "Actual Total Time": 560.212,
    "Actual Rows": 1,
    "Actual Loops": 1,
    "Plans": [
      {
        "Node Type": "Gather",
        "Parent Relationship": "Outer",
        "Parallel Aware": false,
        "Startup Cost": 122968.55,
        "Total Cost": 122968.66,
        "Plan Rows": 1,
        "Plan Width": 8,
        "Actual Startup Time": 542.087,
        "Actual Total Time": 560.205,
        "Actual Rows": 2,
        "Actual Loops": 1,
        "Workers Planned": 1,
        "Workers Launched": 1,
        "Single Copy": false,
        "Plans": [
          {
            "Node Type": "Aggregate",
            "Strategy": "Plain",
            "Partial Mode": "Partial",
            "Parent Relationship": "Outer",
            "Parallel Aware": false,
            "Startup Cost": 121968.55,
            "Total Cost": 121968.56,
            "Plan Rows": 1,
            "Plan Width": 8,
            "Actual Startup Time": 535.944,
            "Actual Total Time": 535.948,
            "Actual Rows": 1,
            "Actual Loops": 2,
            "Plans": [
              {
                "Node Type": "Hash Join",
                "Parent Relationship": "Outer",
                "Parallel Aware": true,
                "Join Type": "Inner",
                "Startup Cost": 59704.87,
                "Total Cost": 121664.68,
                "Plan Rows": 121547,
                "Plan Width": 0,
                "Actual Startup Time": 194.81,
                "Actual Total Time": 522.437,
                "Actual Rows": 345493,
                "Actual Loops": 2,
                "Inner Unique": true,
                "Hash Cond": "(mk.movie_id = t.id)",
                "Plans": [
                  {
                    "Node Type": "Seq Scan",
                    "Parent Relationship": "Outer",
                    "Parallel Aware": true,
                    "Relation Name": "movie_keyword",
                    "Alias": "mk",
                    "Startup Cost": 0.0,
                    "Total Cost": 57718.19,
                    "Plan Rows": 1615851,
                    "Plan Width": 4,
                    "Actual Startup Time": 0.017,
                    "Actual Total Time": 196.921,
                    "Actual Rows": 1366180,
                    "Actual Loops": 2,
                    "Filter": "(keyword_id < 7766)",
                    "Rows Removed by Filter": 895784
                  },
                  {
                    "Node Type": "Hash",
                    "Parent Relationship": "Inner",
                    "Parallel Aware": true,
                    "Startup Cost": 58306.47,
                    "Total Cost": 58306.47,
                    "Plan Rows": 111872,
                    "Plan Width": 4,
                    "Actual Startup Time": 191.005,
                    "Actual Total Time": 191.006,
                    "Actual Rows": 150323,
                    "Actual Loops": 2,
                    "Hash Buckets": 524288,
                    "Original Hash Buckets": 262144,
                    "Hash Batches": 1,
                    "Original Hash Batches": 1,
                    "Peak Memory Usage": 17952,
                    "Plans": [
                      {
                        "Node Type": "Seq Scan",
                        "Parent Relationship": "Outer",
                        "Parallel Aware": true,
                        "Relation Name": "title",
                        "Alias": "t",
                        "Startup Cost": 0.0,
                        "Total Cost": 58306.47,
                        "Plan Rows": 111872,
                        "Plan Width": 4,
                        "Actual Startup Time": 0.094,
                        "Actual Total Time": 154.082,
                        "Actual Rows": 150323,
                        "Actual Loops": 2,
                        "Filter": "((kind_id < 7) AND (production_year < 1979))",
                        "Rows Removed by Filter": 1113833
                      }
                    ]
                  }
                ]
              }
            ]
          }
        ]
      }
    ]
  },
  "Planning Time": 0.469,
  "Triggers": [],
  "Execution Time": 560.326
}