[
  {
    "Plan": {
      "Node Type": "Aggregate",
      "Strategy": "Plain",
      "Partial Mode": "Finalize",
      "Parallel Aware": false,
      "Startup Cost": 346269.57,
      "Total Cost": 346269.58,
      "Plan Rows": 1,
      "Plan Width": 8,
      "Actual Startup Time": 587.337,
      "Actual Total Time": 649.552,
      "Actual Rows": 1,
      "Actual Loops": 1,
      "Plans": [
        {
          "Node Type": "Gather",
          "Parent Relationship": "Outer",
          "Parallel Aware": false,
          "Startup Cost": 346268.95,
          "Total Cost": 346269.56,
          "Plan Rows": 6,
          "Plan Width": 8,
          "Actual Startup Time": 587.228,
          "Actual Total Time": 649.542,
          "Actual Rows": 7,
          "Actual Loops": 1,
          "Workers Planned": 6,
          "Workers Launched": 6,
          "Single Copy": false,
          "Plans": [
            {
              "Node Type": "Aggregate",
              "Strategy": "Plain",
              "Partial Mode": "Partial",
              "Parent Relationship": "Outer",
              "Parallel Aware": false,
              "Startup Cost": 345268.95,
              "Total Cost": 345268.96,
              "Plan Rows": 1,
              "Plan Width": 8,
              "Actual Startup Time": 577.02,
              "Actual Total Time": 577.021,
              "Actual Rows": 1,
              "Actual Loops": 7,
              "Plans": [
                {
                  "Node Type": "Seq Scan",
                  "Parent Relationship": "Outer",
                  "Parallel Aware": true,
                  "Relation Name": "cast_info",
                  "Alias": "ci",
                  "Startup Cost": 0.0,
                  "Total Cost": 343257.03,
                  "Plan Rows": 804767,
                  "Plan Width": 0,
                  "Actual Startup Time": 378.831,
                  "Actual Total Time": 565.405,
                  "Actual Rows": 287140,
                  "Actual Loops": 7,
                  "Filter": "((person_id > 3055204) AND (role_id < 8))",
                  "Rows Removed by Filter": 4890623
                }
              ]
            }
          ]
        }
      ]
    },
    "Planning Time": 0.237,
    "Triggers": [],
    "Execution Time": 649.631
  }
]