[
  {
    "Plan": {
      "Node Type": "Aggregate",
      "Strategy": "Plain",
      "Partial Mode": "Finalize",
      "Parallel Aware": false,
      "Startup Cost": 80339.26,
      "Total Cost": 80339.27,
      "Plan Rows": 1,
      "Plan Width": 8,
      "Actual Startup Time": 477.755,
      "Actual Total Time": 496.252,
      "Actual Rows": 1,
      "Actual Loops": 1,
      "Plans": [
        {
          "Node Type": "Gather",
          "Parent Relationship": "Outer",
          "Parallel Aware": false,
          "Startup Cost": 80338.94,
          "Total Cost": 80339.25,
          "Plan Rows": 3,
          "Plan Width": 8,
          "Actual Startup Time": 466.555,
          "Actual Total Time": 496.245,
          "Actual Rows": 4,
          "Actual Loops": 1,
          "Workers Planned": 3,
          "Workers Launched": 3,
          "Single Copy": false,
          "Plans": [
            {
              "Node Type": "Aggregate",
              "Strategy": "Plain",
              "Partial Mode": "Partial",
              "Parent Relationship": "Outer",
              "Parallel Aware": false,
              "Startup Cost": 79338.94,
              "Total Cost": 79338.95,
              "Plan Rows": 1,
              "Plan Width": 8,
              "Actual Startup Time": 451.304,
              "Actual Total Time": 451.308,
              "Actual Rows": 1,
              "Actual Loops": 4,
              "Plans": [
                {
                  "Node Type": "Hash Join",
                  "Parent Relationship": "Outer",
                  "Parallel Aware": true,
                  "Join Type": "Inner",
                  "Startup Cost": 58402.57,
                  "Total Cost": 79034.49,
                  "Plan Rows": 121780,
                  "Plan Width": 0,
                  "Actual Startup Time": 383.932,
                  "Actual Total Time": 446.836,
                  "Actual Rows": 94268,
                  "Actual Loops": 4,
                  "Inner Unique": true,
                  "Hash Cond": "(mc.movie_id = t.id)",
                  "Plans": [
                    {
                      "Node Type": "Bitmap Heap Scan",
                      "Parent Relationship": "Outer",
                      "Parallel Aware": true,
                      "Relation Name": "movie_companies",
                      "Alias": "mc",
                      "Startup Cost": 8182.19,
                      "Total Cost": 28494.43,
                      "Plan Rows": 121780,
                      "Plan Width": 4,
                      "Actual Startup Time": 19.1,
                      "Actual Total Time": 38.004,
                      "Actual Rows": 94268,
                      "Actual Loops": 4,
                      "Recheck Cond": "(company_id > 84725)",
                      "Rows Removed by Index Recheck": 0,
                      "Exact Heap Blocks": 1745,
                      "Lossy Heap Blocks": 0,
                      "Plans": [
                        {
                          "Node Type": "Bitmap Index Scan",
                          "Parent Relationship": "Outer",
                          "Parallel Aware": false,
                          "Index Name": "company_id_movie_companies",
                          "Startup Cost": 0.0,
                          "Total Cost": 8087.81,
                          "Plan Rows": 377517,
                          "Plan Width": 0,
                          "Actual Startup Time": 18.184,
                          "Actual Total Time": 18.185,
                          "Actual Rows": 377070,
                          "Actual Loops": 1,
                          "Index Cond": "(company_id > 84725)"
                        }
                      ]
                    },
                    {
                      "Node Type": "Hash",
                      "Parent Relationship": "Inner",
                      "Parallel Aware": true,
                      "Startup Cost": 42319.06,
                      "Total Cost": 42319.06,
                      "Plan Rows": 632106,
                      "Plan Width": 4,
                      "Actual Startup Time": 355.902,
                      "Actual Total Time": 355.903,
                      "Actual Rows": 632078,
                      "Actual Loops": 4,
                      "Hash Buckets": 4194304,
                      "Original Hash Buckets": 4194304,
                      "Hash Batches": 1,
                      "Original Hash Batches": 1,
                      "Peak Memory Usage": 131712,
                      "Plans": [
                        {
                          "Node Type": "Seq Scan",
                          "Parent Relationship": "Outer",
                          "Parallel Aware": true,
                          "Relation Name": "title",
                          "Alias": "t",
                          "Startup Cost": 0.0,
                          "Total Cost": 42319.06,
                          "Plan Rows": 632106,
                          "Plan Width": 4,
                          "Actual Startup Time": 0.037,
                          "Actual Total Time": 103.754,
                          "Actual Rows": 632078,
                          "Actual Loops": 4
                        }
                      ]
                    }
                  ]
                }
              ]
            }
          ]
        }
      ]
    },
    "Planning Time": 0.335,
    "Triggers": [],
    "Execution Time": 496.303
  }
]