[
  {
    "Plan": {
      "Node Type": "Aggregate",
      "Strategy": "Plain",
      "Partial Mode": "Finalize",
      "Parallel Aware": false,
      "Startup Cost": 344231.33,
      "Total Cost": 344231.34,
      "Plan Rows": 1,
      "Plan Width": 8,
      "Actual Startup Time": 1015.427,
      "Actual Total Time": 1067.505,
      "Actual Rows": 1,
      "Actual Loops": 1,
      "Plans": [
        {
          "Node Type": "Gather",
          "Parent Relationship": "Outer",
          "Parallel Aware": false,
          "Startup Cost": 344230.7,
          "Total Cost": 344231.31,
          "Plan Rows": 6,
          "Plan Width": 8,
          "Actual Startup Time": 1015.273,
          "Actual Total Time": 1067.488,
          "Actual Rows": 7,
          "Actual Loops": 1,
          "Workers Planned": 6,
          "Workers Launched": 6,
          "Single Copy": false,
          "Plans": [
            {
              "Node Type": "Aggregate",
              "Strategy": "Plain",
              "Partial Mode": "Partial",
              "Parent Relationship": "Outer",
              "Parallel Aware": false,
              "Startup Cost": 343230.7,
              "Total Cost": 343230.71,
              "Plan Rows": 1,
              "Plan Width": 8,
              "Actual Startup Time": 1008.724,
              "Actual Total Time": 1008.725,
              "Actual Rows": 1,
              "Actual Loops": 7,
              "Plans": [
                {
                  "Node Type": "Seq Scan",
                  "Parent Relationship": "Outer",
                  "Parallel Aware": true,
                  "Relation Name": "cast_info",
                  "Alias": "ci",
                  "Startup Cost": 0.0,
                  "Total Cost": 328211.39,
                  "Plan Rows": 6007724,
                  "Plan Width": 0,
                  "Actual Startup Time": 3.382,
                  "Actual Total Time": 727.988,
                  "Actual Rows": 5147240,
                  "Actual Loops": 7,
                  "Filter": "(person_id > 25009)",
                  "Rows Removed by Filter": 30524
                }
              ]
            }
          ]
        }
      ]
    },
    "Planning Time": 0.135,
    "Triggers": [],
    "Execution Time": 1067.551
  }
]