{
  "Plan": {
    "Node Type": "Aggregate",
    "Strategy": "Plain",
    "Partial Mode": "Finalize",
    "Parallel Aware": false,
    "Startup Cost": 98717.51,
    "Total Cost": 98717.52,
    "Plan Rows": 1,
    "Plan Width": 8,
    "Actual Startup Time": 431.395,
    "Actual Total Time": 447.164,
    "Actual Rows": 1,
    "Actual Loops": 1,
    "Plans": [
      {
        "Node Type": "Gather",
        "Parent Relationship": "Outer",
        "Parallel Aware": false,
        "Startup Cost": 98717.39,
        "Total Cost": 98717.5,
        "Plan Rows": 1,
        "Plan Width": 8,
        "Actual Startup Time": 429.033,
        "Actual Total Time": 447.154,
        "Actual Rows": 2,
        "Actual Loops": 1,
        "Workers Planned": 1,
        "Workers Launched": 1,
        "Single Copy": false,
        "Plans": [
          {
            "Node Type": "Aggregate",
            "Strategy": "Plain",
            "Partial Mode": "Partial",
            "Parent Relationship": "Outer",
            "Parallel Aware": false,
            "Startup Cost": 97717.39,
            "Total Cost": 97717.4,
            "Plan Rows": 1,
            "Plan Width": 8,
            "Actual Startup Time": 423.187,
            "Actual Total Time": 423.19,
            "Actual Rows": 1,
            "Actual Loops": 2,
            "Plans": [
              {
                "Node Type": "Hash Join",
                "Parent Relationship": "Outer",
                "Parallel Aware": true,
                "Join Type": "Inner",
                "Startup Cost": 73469.98,
                "Total Cost": 97428.12,
                "Plan Rows": 115709,
                "Plan Width": 0,
                "Actual Startup Time": 284.418,
                "Actual Total Time": 417.844,
                "Actual Rows": 121112,
                "Actual Loops": 2,
                "Inner Unique": true,
                "Hash Cond": "(mc.movie_id = t.id)",
                "Plans": [
                  {
                    "Node Type": "Bitmap Heap Scan",
                    "Parent Relationship": "Outer",
                    "Parallel Aware": true,
                    "Relation Name": "movie_companies",
                    "Alias": "mc",
                    "Startup Cost": 12586.27,
                    "Total Cost": 35647.46,
                    "Plan Rows": 341695,
                    "Plan Width": 4,
                    "Actual Startup Time": 27.157,
                    "Actual Total Time": 81.442,
                    "Actual Rows": 287364,
                    "Actual Loops": 2,
                    "Recheck Cond": "(company_id < 624)",
                    "Rows Removed by Index Recheck": 0,
                    "Exact Heap Blocks": 10210,
                    "Lossy Heap Blocks": 0,
                    "Plans": [
                      {
                        "Node Type": "Bitmap Index Scan",
                        "Parent Relationship": "Outer",
                        "Parallel Aware": false,
                        "Index Name": "company_id_movie_companies",
                        "Startup Cost": 0.0,
                        "Total Cost": 12441.05,
                        "Plan Rows": 580882,
                        "Plan Width": 0,
                        "Actual Startup Time": 24.395,
                        "Actual Total Time": 24.395,
                        "Actual Rows": 574727,
                        "Actual Loops": 1,
                        "Index Cond": "(company_id < 624)"
                      }
                    ]
                  },
                  {
                    "Node Type": "Hash",
                    "Parent Relationship": "Inner",
                    "Parallel Aware": true,
                    "Startup Cost": 54588.39,
                    "Total Cost": 54588.39,
                    "Plan Rows": 503626,
                    "Plan Width": 4,
                    "Actual Startup Time": 247.48,
                    "Actual Total Time": 247.481,
                    "Actual Rows": 427107,
                    "Actual Loops": 2,
                    "Hash Buckets": 1048576,
                    "Original Hash Buckets": 1048576,
                    "Hash Batches": 1,
                    "Original Hash Batches": 1,
                    "Peak Memory Usage": 41632,
                    "Plans": [
                      {
                        "Node Type": "Seq Scan",
                        "Parent Relationship": "Outer",
                        "Parallel Aware": true,
                        "Relation Name": "title",
                        "Alias": "t",
                        "Startup Cost": 0.0,
                        "Total Cost": 54588.39,
                        "Plan Rows": 503626,
                        "Plan Width": 4,
                        "Actual Startup Time": 0.037,
                        "Actual Total Time": 149.165,
                        "Actual Rows": 427107,
                        "Actual Loops": 2,
                        "Filter": "(kind_id < 4)",
                        "Rows Removed by Filter": 837049
                      }
                    ]
                  }
                ]
              }
            ]
          }
        ]
      }
    ]
  },
  "Planning Time": 0.46,
  "Triggers": [],
  "Execution Time": 447.257
}