{
  "Plan": {
    "Node Type": "Aggregate",
    "Strategy": "Plain",
    "Partial Mode": "Finalize",
    "Parallel Aware": false,
    "Startup Cost": 32453.35,
    "Total Cost": 32453.36,
    "Plan Rows": 1,
    "Plan Width": 8,
    "Actual Startup Time": 139.307,
    "Actual Total Time": 145.008,
    "Actual Rows": 1,
    "Actual Loops": 1,
    "Plans": [
      {
        "Node Type": "Gather",
        "Parent Relationship": "Outer",
        "Parallel Aware": false,
        "Startup Cost": 32453.23,
        "Total Cost": 32453.34,
        "Plan Rows": 1,
        "Plan Width": 8,
        "Actual Startup Time": 139.07,
        "Actual Total Time": 145.001,
        "Actual Rows": 2,
        "Actual Loops": 1,
        "Workers Planned": 1,
        "Workers Launched": 1,
        "Single Copy": false,
        "Plans": [
          {
            "Node Type": "Aggregate",
            "Strategy": "Plain",
            "Partial Mode": "Partial",
            "Parent Relationship": "Outer",
            "Parallel Aware": false,
            "Startup Cost": 31453.23,
            "Total Cost": 31453.24,
            "Plan Rows": 1,
            "Plan Width": 8,
            "Actual Startup Time": 132.847,
            "Actual Total Time": 132.858,
            "Actual Rows": 1,
            "Actual Loops": 2,
            "Plans": [
              {
                "Node Type": "Hash Join",
                "Parent Relationship": "Outer",
                "Parallel Aware": true,
                "Join Type": "Inner",
                "Startup Cost": 12352.98,
                "Total Cost": 31452.28,
                "Plan Rows": 383,
                "Plan Width": 0,
                "Actual Startup Time": 69.064,
                "Actual Total Time": 132.842,
                "Actual Rows": 48,
                "Actual Loops": 2,
                "Inner Unique": false,
                "Hash Cond": "(mi_idx.movie_id = t.id)",
                "Plans": [
                  {
                    "Node Type": "Seq Scan",
                    "Parent Relationship": "Outer",
                    "Parallel Aware": true,
                    "Relation Name": "movie_info_idx",
                    "Alias": "mi_idx",
                    "Startup Cost": 0.0,
                    "Total Cost": 16052.85,
                    "Plan Rows": 811785,
                    "Plan Width": 4,
                    "Actual Startup Time": 0.029,
                    "Actual Total Time": 61.68,
                    "Actual Rows": 690018,
                    "Actual Loops": 2
                  },
                  {
                    "Node Type": "Hash",
                    "Parent Relationship": "Inner",
                    "Parallel Aware": true,
                    "Startup Cost": 12344.22,
                    "Total Cost": 12344.22,
                    "Plan Rows": 701,
                    "Plan Width": 8,
                    "Actual Startup Time": 10.889,
                    "Actual Total Time": 10.891,
                    "Actual Rows": 550,
                    "Actual Loops": 2,
                    "Hash Buckets": 2048,
                    "Original Hash Buckets": 2048,
                    "Hash Batches": 1,
                    "Original Hash Batches": 1,
                    "Peak Memory Usage": 112,
                    "Plans": [
                      {
                        "Node Type": "Nested Loop",
                        "Parent Relationship": "Outer",
                        "Parallel Aware": false,
                        "Join Type": "Inner",
                        "Startup Cost": 54.77,
                        "Total Cost": 12344.22,
                        "Plan Rows": 701,
                        "Plan Width": 8,
                        "Actual Startup Time": 2.852,
                        "Actual Total Time": 10.472,
                        "Actual Rows": 550,
                        "Actual Loops": 2,
                        "Inner Unique": true,
                        "Plans": [
                          {
                            "Node Type": "Bitmap Heap Scan",
                            "Parent Relationship": "Outer",
                            "Parallel Aware": true,
                            "Relation Name": "movie_companies",
                            "Alias": "mc",
                            "Startup Cost": 54.34,
                            "Total Cost": 6641.29,
                            "Plan Rows": 701,
                            "Plan Width": 4,
                            "Actual Startup Time": 2.71,
                            "Actual Total Time": 4.562,
                            "Actual Rows": 550,
                            "Actual Loops": 2,
                            "Recheck Cond": "(company_id = 11961)",
                            "Rows Removed by Index Recheck": 0,
                            "Filter": "(company_type_id = 2)",
                            "Rows Removed by Filter": 683,
                            "Exact Heap Blocks": 1582,
                            "Lossy Heap Blocks": 0,
                            "Plans": [
                              {
                                "Node Type": "Bitmap Index Scan",
                                "Parent Relationship": "Outer",
                                "Parallel Aware": false,
                                "Index Name": "company_id_movie_companies",
                                "Startup Cost": 0.0,
                                "Total Cost": 54.04,
                                "Plan Rows": 2348,
                                "Plan Width": 0,
                                "Actual Startup Time": 1.448,
                                "Actual Total Time": 1.449,
                                "Actual Rows": 2467,
                                "Actual Loops": 1,
                                "Index Cond": "(company_id = 11961)"
                              }
                            ]
                          },
                          {
                            "Node Type": "Index Only Scan",
                            "Parent Relationship": "Inner",
                            "Parallel Aware": false,
                            "Scan Direction": "Forward",
                            "Index Name": "title_pkey",
                            "Relation Name": "title",
                            "Alias": "t",
                            "Startup Cost": 0.43,
                            "Total Cost": 8.14,
                            "Plan Rows": 1,
                            "Plan Width": 4,
                            "Actual Startup Time": 0.01,
                            "Actual Total Time": 0.01,
                            "Actual Rows": 1,
                            "Actual Loops": 1101,
                            "Index Cond": "(id = mc.movie_id)",
                            "Rows Removed by Index Recheck": 0,
                            "Heap Fetches": 1101
                          }
                        ]
                      }
                    ]
                  }
                ]
              }
            ]
          }
        ]
      }
    ]
  },
  "Planning Time": 1.061,
  "Triggers": [],
  "Execution Time": 145.11
}