[
  {
    "Plan": {
      "Node Type": "Aggregate",
      "Strategy": "Plain",
      "Partial Mode": "Finalize",
      "Parallel Aware": false,
      "Startup Cost": 9721.14,
      "Total Cost": 9721.15,
      "Plan Rows": 1,
      "Plan Width": 8,
      "Actual Startup Time": 36.088,
      "Actual Total Time": 37.947,
      "Actual Rows": 1,
      "Actual Loops": 1,
      "Plans": [
        {
          "Node Type": "Gather",
          "Parent Relationship": "Outer",
          "Parallel Aware": false,
          "Startup Cost": 9720.83,
          "Total Cost": 9721.14,
          "Plan Rows": 3,
          "Plan Width": 8,
          "Actual Startup Time": 35.954,
          "Actual Total Time": 37.94,
          "Actual Rows": 4,
          "Actual Loops": 1,
          "Workers Planned": 3,
          "Workers Launched": 3,
          "Single Copy": false,
          "Plans": [
            {
              "Node Type": "Aggregate",
              "Strategy": "Plain",
              "Partial Mode": "Partial",
              "Parent Relationship": "Outer",
              "Parallel Aware": false,
              "Startup Cost": 8720.83,
              "Total Cost": 8720.84,
              "Plan Rows": 1,
              "Plan Width": 8,
              "Actual Startup Time": 30.578,
              "Actual Total Time": 30.579,
              "Actual Rows": 1,
              "Actual Loops": 4,
              "Plans": [
                {
                  "Node Type": "Index Scan",
                  "Parent Relationship": "Outer",
                  "Parallel Aware": true,
                  "Scan Direction": "Forward",
                  "Index Name": "role_id_cast_info",
                  "Relation Name": "cast_info",
                  "Alias": "ci",
                  "Startup Cost": 0.56,
                  "Total Cost": 8600.37,
                  "Plan Rows": 48182,
                  "Plan Width": 0,
                  "Actual Startup Time": 0.084,
                  "Actual Total Time": 25.522,
                  "Actual Rows": 60975,
                  "Actual Loops": 4,
                  "Index Cond": "(role_id > 10)",
                  "Rows Removed by Index Recheck": 0,
                  "Filter": "(person_id > 1795894)",
                  "Rows Removed by Filter": 18054
                }
              ]
            }
          ]
        }
      ]
    },
    "Planning Time": 0.163,
    "Triggers": [],
    "Execution Time": 37.993
  }
]