{
  "Plan": {
    "Node Type": "Aggregate",
    "Strategy": "Plain",
    "Partial Mode": "Finalize",
    "Parallel Aware": false,
    "Startup Cost": 61187.46,
    "Total Cost": 61187.47,
    "Plan Rows": 1,
    "Plan Width": 8,
    "Actual Startup Time": 244.038,
    "Actual Total Time": 253.62,
    "Actual Rows": 1,
    "Actual Loops": 1,
    "Plans": [
      {
        "Node Type": "Gather",
        "Parent Relationship": "Outer",
        "Parallel Aware": false,
        "Startup Cost": 61187.35,
        "Total Cost": 61187.46,
        "Plan Rows": 1,
        "Plan Width": 8,
        "Actual Startup Time": 243.815,
        "Actual Total Time": 253.612,
        "Actual Rows": 2,
        "Actual Loops": 1,
        "Workers Planned": 1,
        "Workers Launched": 1,
        "Single Copy": false,
        "Plans": [
          {
            "Node Type": "Aggregate",
            "Strategy": "Plain",
            "Partial Mode": "Partial",
            "Parent Relationship": "Outer",
            "Parallel Aware": false,
            "Startup Cost": 60187.35,
            "Total Cost": 60187.36,
            "Plan Rows": 1,
            "Plan Width": 8,
            "Actual Startup Time": 237.497,
            "Actual Total Time": 237.502,
            "Actual Rows": 1,
            "Actual Loops": 2,
            "Plans": [
              {
                "Node Type": "Hash Join",
                "Parent Relationship": "Outer",
                "Parallel Aware": false,
                "Join Type": "Inner",
                "Startup Cost": 24849.4,
                "Total Cost": 60187.34,
                "Plan Rows": 4,
                "Plan Width": 0,
                "Actual Startup Time": 106.363,
                "Actual Total Time": 237.472,
                "Actual Rows": 242,
                "Actual Loops": 2,
                "Inner Unique": false,
                "Hash Cond": "(mk.movie_id = t.id)",
                "Plans": [
                  {
                    "Node Type": "Bitmap Heap Scan",
                    "Parent Relationship": "Outer",
                    "Parallel Aware": true,
                    "Relation Name": "movie_keyword",
                    "Alias": "mk",
                    "Startup Cost": 24152.76,
                    "Total Cost": 56978.99,
                    "Plan Rows": 669778,
                    "Plan Width": 4,
                    "Actual Startup Time": 59.709,
                    "Actual Total Time": 186.019,
                    "Actual Rows": 574384,
                    "Actual Loops": 2,
                    "Recheck Cond": "(keyword_id < 1322)",
                    "Rows Removed by Index Recheck": 0,
                    "Exact Heap Blocks": 17025,
                    "Lossy Heap Blocks": 0,
                    "Plans": [
                      {
                        "Node Type": "Bitmap Index Scan",
                        "Parent Relationship": "Outer",
                        "Parallel Aware": false,
                        "Index Name": "keyword_id_movie_keyword",
                        "Startup Cost": 0.0,
                        "Total Cost": 23868.1,
                        "Plan Rows": 1138623,
                        "Plan Width": 0,
                        "Actual Startup Time": 67.015,
                        "Actual Total Time": 67.016,
                        "Actual Rows": 1148769,
                        "Actual Loops": 1,
                        "Index Cond": "(keyword_id < 1322)"
                      }
                    ]
                  },
                  {
                    "Node Type": "Hash",
                    "Parent Relationship": "Inner",
                    "Parallel Aware": false,
                    "Startup Cost": 696.45,
                    "Total Cost": 696.45,
                    "Plan Rows": 15,
                    "Plan Width": 8,
                    "Actual Startup Time": 7.801,
                    "Actual Total Time": 7.804,
                    "Actual Rows": 120,
                    "Actual Loops": 2,
                    "Hash Buckets": 1024,
                    "Original Hash Buckets": 1024,
                    "Hash Batches": 1,
                    "Original Hash Batches": 1,
                    "Peak Memory Usage": 13,
                    "Plans": [
                      {
                        "Node Type": "Nested Loop",
                        "Parent Relationship": "Outer",
                        "Parallel Aware": false,
                        "Join Type": "Inner",
                        "Startup Cost": 0.86,
                        "Total Cost": 696.45,
                        "Plan Rows": 15,
                        "Plan Width": 8,
                        "Actual Startup Time": 0.891,
                        "Actual Total Time": 7.687,
                        "Actual Rows": 120,
                        "Actual Loops": 2,
                        "Inner Unique": true,
                        "Plans": [
                          {
                            "Node Type": "Index Scan",
                            "Parent Relationship": "Outer",
                            "Parallel Aware": false,
                            "Scan Direction": "Forward",
                            "Index Name": "company_id_movie_companies",
                            "Relation Name": "movie_companies",
                            "Alias": "mc",
                            "Startup Cost": 0.43,
                            "Total Cost": 273.83,
                            "Plan Rows": 50,
                            "Plan Width": 4,
                            "Actual Startup Time": 0.511,
                            "Actual Total Time": 2.654,
                            "Actual Rows": 171,
                            "Actual Loops": 2,
                            "Index Cond": "(company_id = 11128)",
                            "Rows Removed by Index Recheck": 0,
                            "Filter": "(company_type_id < 2)",
                            "Rows Removed by Filter": 8
                          },
                          {
                            "Node Type": "Index Scan",
                            "Parent Relationship": "Inner",
                            "Parallel Aware": false,
                            "Scan Direction": "Forward",
                            "Index Name": "title_pkey",
                            "Relation Name": "title",
                            "Alias": "t",
                            "Startup Cost": 0.43,
                            "Total Cost": 8.45,
                            "Plan Rows": 1,
                            "Plan Width": 4,
                            "Actual Startup Time": 0.028,
                            "Actual Total Time": 0.028,
                            "Actual Rows": 1,
                            "Actual Loops": 342,
                            "Index Cond": "(id = mc.movie_id)",
                            "Rows Removed by Index Recheck": 0,
                            "Filter": "((kind_id < 7) AND (production_year < 2010))",
                            "Rows Removed by Filter": 0
                          }
                        ]
                      }
                    ]
                  }
                ]
              }
            ]
          }
        ]
      }
    ]
  },
  "Planning Time": 0.708,
  "Triggers": [],
  "Execution Time": 253.715
}