[
  {
    "Plan": {
      "Node Type": "Aggregate",
      "Strategy": "Plain",
      "Partial Mode": "Finalize",
      "Parallel Aware": false,
      "Startup Cost": 32894.2,
      "Total Cost": 32894.21,
      "Plan Rows": 1,
      "Plan Width": 8,
      "Actual Startup Time": 110.924,
      "Actual Total Time": 121.063,
      "Actual Rows": 1,
      "Actual Loops": 1,
      "Plans": [
        {
          "Node Type": "Gather",
          "Parent Relationship": "Outer",
          "Parallel Aware": false,
          "Startup Cost": 32893.89,
          "Total Cost": 32894.2,
          "Plan Rows": 3,
          "Plan Width": 8,
          "Actual Startup Time": 110.655,
          "Actual Total Time": 121.053,
          "Actual Rows": 4,
          "Actual Loops": 1,
          "Workers Planned": 3,
          "Workers Launched": 3,
          "Single Copy": false,
          "Plans": [
            {
              "Node Type": "Aggregate",
              "Strategy": "Plain",
              "Partial Mode": "Partial",
              "Parent Relationship": "Outer",
              "Parallel Aware": false,
              "Startup Cost": 31893.89,
              "Total Cost": 31893.9,
              "Plan Rows": 1,
              "Plan Width": 8,
              "Actual Startup Time": 104.647,
              "Actual Total Time": 104.649,
              "Actual Rows": 1,
              "Actual Loops": 4,
              "Plans": [
                {
                  "Node Type": "Seq Scan",
                  "Parent Relationship": "Outer",
                  "Parallel Aware": true,
                  "Relation Name": "movie_companies",
                  "Alias": "mc",
                  "Startup Cost": 0.0,
                  "Total Cost": 31414.82,
                  "Plan Rows": 191627,
                  "Plan Width": 0,
                  "Actual Startup Time": 0.025,
                  "Actual Total Time": 90.326,
                  "Actual Rows": 206051,
                  "Actual Loops": 4,
                  "Filter": "((company_id < 11141) AND (company_type_id < 2))",
                  "Rows Removed by Filter": 446231
                }
              ]
            }
          ]
        }
      ]
    },
    "Planning Time": 0.214,
    "Triggers": [],
    "Execution Time": 121.116
  }
]