[
  {
    "Plan": {
      "Node Type": "Aggregate",
      "Strategy": "Plain",
      "Partial Mode": "Finalize",
      "Parallel Aware": false,
      "Startup Cost": 106479.52,
      "Total Cost": 106479.53,
      "Plan Rows": 1,
      "Plan Width": 8,
      "Actual Startup Time": 412.659,
      "Actual Total Time": 432.53,
      "Actual Rows": 1,
      "Actual Loops": 1,
      "Plans": [
        {
          "Node Type": "Gather",
          "Parent Relationship": "Outer",
          "Parallel Aware": false,
          "Startup Cost": 106479.3,
          "Total Cost": 106479.51,
          "Plan Rows": 2,
          "Plan Width": 8,
          "Actual Startup Time": 411.545,
          "Actual Total Time": 432.511,
          "Actual Rows": 3,
          "Actual Loops": 1,
          "Workers Planned": 2,
          "Workers Launched": 2,
          "Single Copy": false,
          "Plans": [
            {
              "Node Type": "Aggregate",
              "Strategy": "Plain",
              "Partial Mode": "Partial",
              "Parent Relationship": "Outer",
              "Parallel Aware": false,
              "Startup Cost": 105479.3,
              "Total Cost": 105479.31,
              "Plan Rows": 1,
              "Plan Width": 8,
              "Actual Startup Time": 403.584,
              "Actual Total Time": 403.745,
              "Actual Rows": 1,
              "Actual Loops": 3,
              "Plans": [
                {
                  "Node Type": "Hash Join",
                  "Parent Relationship": "Outer",
                  "Parallel Aware": true,
                  "Join Type": "Inner",
                  "Startup Cost": 89460.19,
                  "Total Cost": 105401.73,
                  "Plan Rows": 31028,
                  "Plan Width": 0,
                  "Actual Startup Time": 324.82,
                  "Actual Total Time": 401.537,
                  "Actual Rows": 52657,
                  "Actual Loops": 3,
                  "Inner Unique": false,
                  "Hash Cond": "(mi_idx.movie_id = t.id)",
                  "Plans": [
                    {
                      "Node Type": "Seq Scan",
                      "Parent Relationship": "Outer",
                      "Parallel Aware": true,
                      "Relation Name": "movie_info_idx",
                      "Alias": "mi_idx",
                      "Startup Cost": 0.0,
                      "Total Cost": 13685.15,
                      "Plan Rows": 575015,
                      "Plan Width": 4,
                      "Actual Startup Time": 0.026,
                      "Actual Total Time": 35.859,
                      "Actual Rows": 460012,
                      "Actual Loops": 3
                    },
                    {
                      "Node Type": "Hash",
                      "Parent Relationship": "Inner",
                      "Parallel Aware": true,
                      "Startup Cost": 88910.06,
                      "Total Cost": 88910.06,
                      "Plan Rows": 44010,
                      "Plan Width": 8,
                      "Actual Startup Time": 321.178,
                      "Actual Total Time": 321.337,
                      "Actual Rows": 24678,
                      "Actual Loops": 3,
                      "Hash Buckets": 262144,
                      "Original Hash Buckets": 262144,
                      "Hash Batches": 1,
                      "Original Hash Batches": 1,
                      "Peak Memory Usage": 5024,
                      "Plans": [
                        {
                          "Node Type": "Hash Join",
                          "Parent Relationship": "Outer",
                          "Parallel Aware": true,
                          "Join Type": "Inner",
                          "Startup Cost": 44402.73,
                          "Total Cost": 88910.06,
                          "Plan Rows": 44010,
                          "Plan Width": 8,
                          "Actual Startup Time": 129.34,
                          "Actual Total Time": 315.655,
                          "Actual Rows": 24678,
                          "Actual Loops": 3,
                          "Inner Unique": true,
                          "Hash Cond": "(mk.movie_id = t.id)",
                          "Plans": [
                            {
                              "Node Type": "Seq Scan",
                              "Parent Relationship": "Outer",
                              "Parallel Aware": true,
                              "Relation Name": "movie_keyword",
                              "Alias": "mk",
                              "Startup Cost": 0.0,
                              "Total Cost": 42695.65,
                              "Plan Rows": 690165,
                              "Plan Width": 4,
                              "Actual Startup Time": 0.404,
                              "Actual Total Time": 127.316,
                              "Actual Rows": 713295,
                              "Actual Loops": 3,
                              "Filter": "(keyword_id > 5478)",
                              "Rows Removed by Filter": 794681
                            },
                            {
                              "Node Type": "Hash",
                              "Parent Relationship": "Inner",
                              "Parallel Aware": true,
                              "Startup Cost": 43898.92,
                              "Total Cost": 43898.92,
                              "Plan Rows": 40305,
                              "Plan Width": 4,
                              "Actual Startup Time": 127.278,
                              "Actual Total Time": 127.279,
                              "Actual Rows": 53339,
                              "Actual Loops": 3,
                              "Hash Buckets": 262144,
                              "Original Hash Buckets": 262144,
                              "Hash Batches": 1,
                              "Original Hash Batches": 1,
                              "Peak Memory Usage": 8384,
                              "Plans": [
                                {
                                  "Node Type": "Seq Scan",
                                  "Parent Relationship": "Outer",
                                  "Parallel Aware": true,
                                  "Relation Name": "title",
                                  "Alias": "t",
                                  "Startup Cost": 0.0,
                                  "Total Cost": 43898.92,
                                  "Plan Rows": 40305,
                                  "Plan Width": 4,
                                  "Actual Startup Time": 0.032,
                                  "Actual Total Time": 109.008,
                                  "Actual Rows": 53339,
                                  "Actual Loops": 3,
                                  "Filter": "(production_year = 2011)",
                                  "Rows Removed by Filter": 789432
                                }
                              ]
                            }
                          ]
                        }
                      ]
                    }
                  ]
                }
              ]
            }
          ]
        }
      ]
    },
    "Planning Time": 1.447,
    "Triggers": [],
    "Execution Time": 432.632
  }
]