[
  {
    "Plan": {
      "Node Type": "Aggregate",
      "Strategy": "Plain",
      "Partial Mode": "Finalize",
      "Parallel Aware": false,
      "Startup Cost": 160488.31,
      "Total Cost": 160488.32,
      "Plan Rows": 1,
      "Plan Width": 8,
      "Actual Startup Time": 1144.694,
      "Actual Total Time": 1176.226,
      "Actual Rows": 1,
      "Actual Loops": 1,
      "Plans": [
        {
          "Node Type": "Gather",
          "Parent Relationship": "Outer",
          "Parallel Aware": false,
          "Startup Cost": 160488.0,
          "Total Cost": 160488.31,
          "Plan Rows": 3,
          "Plan Width": 8,
          "Actual Startup Time": 1142.339,
          "Actual Total Time": 1176.216,
          "Actual Rows": 4,
          "Actual Loops": 1,
          "Workers Planned": 3,
          "Workers Launched": 3,
          "Single Copy": false,
          "Plans": [
            {
              "Node Type": "Aggregate",
              "Strategy": "Plain",
              "Partial Mode": "Partial",
              "Parent Relationship": "Outer",
              "Parallel Aware": false,
              "Startup Cost": 159488.0,
              "Total Cost": 159488.01,
              "Plan Rows": 1,
              "Plan Width": 8,
              "Actual Startup Time": 1133.242,
              "Actual Total Time": 1133.245,
              "Actual Rows": 1,
              "Actual Loops": 4,
              "Plans": [
                {
                  "Node Type": "Nested Loop",
                  "Parent Relationship": "Outer",
                  "Parallel Aware": false,
                  "Join Type": "Inner",
                  "Startup Cost": 44108.46,
                  "Total Cost": 158960.26,
                  "Plan Rows": 211096,
                  "Plan Width": 0,
                  "Actual Startup Time": 99.969,
                  "Actual Total Time": 1037.917,
                  "Actual Rows": 2413266,
                  "Actual Loops": 4,
                  "Inner Unique": false,
                  "Join Filter": "(t.id = mi.movie_id)",
                  "Rows Removed by Join Filter": 0,
                  "Plans": [
                    {
                      "Node Type": "Hash Join",
                      "Parent Relationship": "Outer",
                      "Parallel Aware": true,
                      "Join Type": "Inner",
                      "Startup Cost": 44108.03,
                      "Total Cost": 90384.32,
                      "Plan Rows": 36102,
                      "Plan Width": 8,
                      "Actual Startup Time": 99.884,
                      "Actual Total Time": 271.48,
                      "Actual Rows": 33800,
                      "Actual Loops": 4,
                      "Inner Unique": true,
                      "Hash Cond": "(mk.movie_id = t.id)",
                      "Plans": [
                        {
                          "Node Type": "Seq Scan",
                          "Parent Relationship": "Outer",
                          "Parallel Aware": true,
                          "Relation Name": "movie_keyword",
                          "Alias": "mk",
                          "Startup Cost": 0.0,
                          "Total Cost": 42695.65,
                          "Plan Rows": 1364047,
                          "Plan Width": 4,
                          "Actual Startup Time": 0.03,
                          "Actual Total Time": 101.702,
                          "Actual Rows": 1053360,
                          "Actual Loops": 4,
                          "Filter": "(keyword_id > 245)",
                          "Rows Removed by Filter": 77622
                        },
                        {
                          "Node Type": "Hash",
                          "Parent Relationship": "Inner",
                          "Parallel Aware": true,
                          "Startup Cost": 43898.92,
                          "Total Cost": 43898.92,
                          "Plan Rows": 16729,
                          "Plan Width": 4,
                          "Actual Startup Time": 98.399,
                          "Actual Total Time": 98.4,
                          "Actual Rows": 16944,
                          "Actual Loops": 4,
                          "Hash Buckets": 131072,
                          "Original Hash Buckets": 131072,
                          "Hash Batches": 1,
                          "Original Hash Batches": 1,
                          "Peak Memory Usage": 3744,
                          "Plans": [
                            {
                              "Node Type": "Seq Scan",
                              "Parent Relationship": "Outer",
                              "Parallel Aware": true,
                              "Relation Name": "title",
                              "Alias": "t",
                              "Startup Cost": 0.0,
                              "Total Cost": 43898.92,
                              "Plan Rows": 16729,
                              "Plan Width": 4,
                              "Actual Startup Time": 0.045,
                              "Actual Total Time": 90.876,
                              "Actual Rows": 16944,
                              "Actual Loops": 4,
                              "Filter": "(production_year = 2003)",
                              "Rows Removed by Filter": 615134
                            }
                          ]
                        }
                      ]
                    },
                    {
                      "Node Type": "Index Only Scan",
                      "Parent Relationship": "Inner",
                      "Parallel Aware": false,
                      "Scan Direction": "Forward",
                      "Index Name": "movie_id_movie_info",
                      "Relation Name": "movie_info",
                      "Alias": "mi",
                      "Startup Cost": 0.43,
                      "Total Cost": 1.37,
                      "Plan Rows": 42,
                      "Plan Width": 4,
                      "Actual Startup Time": 0.004,
                      "Actual Total Time": 0.017,
                      "Actual Rows": 71,
                      "Actual Loops": 135202,
                      "Index Cond": "(movie_id = mk.movie_id)",
                      "Rows Removed by Index Recheck": 0,
                      "Heap Fetches": 9653064
                    }
                  ]
                }
              ]
            }
          ]
        }
      ]
    },
    "Planning Time": 1.435,
    "Triggers": [],
    "Execution Time": 1176.342
  }
]