[
  {
    "Plan": {
      "Node Type": "Aggregate",
      "Strategy": "Plain",
      "Partial Mode": "Finalize",
      "Parallel Aware": false,
      "Startup Cost": 390399.17,
      "Total Cost": 390399.18,
      "Plan Rows": 1,
      "Plan Width": 8,
      "Actual Startup Time": 1275.927,
      "Actual Total Time": 1307.693,
      "Actual Rows": 1,
      "Actual Loops": 1,
      "Plans": [
        {
          "Node Type": "Gather",
          "Parent Relationship": "Outer",
          "Parallel Aware": false,
          "Startup Cost": 390398.85,
          "Total Cost": 390399.16,
          "Plan Rows": 3,
          "Plan Width": 8,
          "Actual Startup Time": 1260.673,
          "Actual Total Time": 1307.685,
          "Actual Rows": 4,
          "Actual Loops": 1,
          "Workers Planned": 3,
          "Workers Launched": 3,
          "Single Copy": false,
          "Plans": [
            {
              "Node Type": "Aggregate",
              "Strategy": "Plain",
              "Partial Mode": "Partial",
              "Parent Relationship": "Outer",
              "Parallel Aware": false,
              "Startup Cost": 389398.85,
              "Total Cost": 389398.86,
              "Plan Rows": 1,
              "Plan Width": 8,
              "Actual Startup Time": 1249.534,
              "Actual Total Time": 1249.542,
              "Actual Rows": 1,
              "Actual Loops": 4,
              "Plans": [
                {
                  "Node Type": "Hash Join",
                  "Parent Relationship": "Outer",
                  "Parallel Aware": true,
                  "Join Type": "Inner",
                  "Startup Cost": 357114.44,
                  "Total Cost": 388981.19,
                  "Plan Rows": 167067,
                  "Plan Width": 0,
                  "Actual Startup Time": 969.066,
                  "Actual Total Time": 1221.678,
                  "Actual Rows": 551912,
                  "Actual Loops": 4,
                  "Inner Unique": false,
                  "Hash Cond": "(mc.movie_id = t.id)",
                  "Plans": [
                    {
                      "Node Type": "Seq Scan",
                      "Parent Relationship": "Outer",
                      "Parallel Aware": true,
                      "Relation Name": "movie_companies",
                      "Alias": "mc",
                      "Startup Cost": 0.0,
                      "Total Cost": 29310.68,
                      "Plan Rows": 570238,
                      "Plan Width": 4,
                      "Actual Startup Time": 0.629,
                      "Actual Total Time": 81.665,
                      "Actual Rows": 442059,
                      "Actual Loops": 4,
                      "Filter": "(company_id > 2215)",
                      "Rows Removed by Filter": 210223
                    },
                    {
                      "Node Type": "Hash",
                      "Parent Relationship": "Inner",
                      "Parallel Aware": true,
                      "Startup Cost": 354799.53,
                      "Total Cost": 354799.53,
                      "Plan Rows": 185193,
                      "Plan Width": 8,
                      "Actual Startup Time": 962.363,
                      "Actual Total Time": 962.369,
                      "Actual Rows": 387087,
                      "Actual Loops": 4,
                      "Hash Buckets": 2097152,
                      "Original Hash Buckets": 1048576,
                      "Hash Batches": 1,
                      "Original Hash Batches": 1,
                      "Peak Memory Usage": 85216,
                      "Plans": [
                        {
                          "Node Type": "Hash Join",
                          "Parent Relationship": "Outer",
                          "Parallel Aware": true,
                          "Join Type": "Inner",
                          "Startup Cost": 305850.75,
                          "Total Cost": 354799.53,
                          "Plan Rows": 185193,
                          "Plan Width": 8,
                          "Actual Startup Time": 379.318,
                          "Actual Total Time": 796.72,
                          "Actual Rows": 387087,
                          "Actual Loops": 4,
                          "Inner Unique": false,
                          "Hash Cond": "(t.id = ci.movie_id)",
                          "Plans": [
                            {
                              "Node Type": "Seq Scan",
                              "Parent Relationship": "Outer",
                              "Parallel Aware": true,
                              "Relation Name": "title",
                              "Alias": "t",
                              "Startup Cost": 0.0,
                              "Total Cost": 42319.06,
                              "Plan Rows": 632106,
                              "Plan Width": 4,
                              "Actual Startup Time": 0.016,
                              "Actual Total Time": 90.793,
                              "Actual Rows": 632078,
                              "Actual Loops": 4
                            },
                            {
                              "Node Type": "Hash",
                              "Parent Relationship": "Inner",
                              "Parallel Aware": true,
                              "Startup Cost": 304307.48,
                              "Total Cost": 304307.48,
                              "Plan Rows": 123462,
                              "Plan Width": 4,
                              "Actual Startup Time": 376.426,
                              "Actual Total Time": 376.429,
                              "Actual Rows": 387087,
                              "Actual Loops": 4,
                              "Hash Buckets": 2097152,
                              "Original Hash Buckets": 1048576,
                              "Hash Batches": 1,
                              "Original Hash Batches": 1,
                              "Peak Memory Usage": 85216,
                              "Plans": [
                                {
                                  "Node Type": "Bitmap Heap Scan",
                                  "Parent Relationship": "Outer",
                                  "Parallel Aware": true,
                                  "Relation Name": "cast_info",
                                  "Alias": "ci",
                                  "Startup Cost": 46334.8,
                                  "Total Cost": 304307.48,
                                  "Plan Rows": 123462,
                                  "Plan Width": 4,
                                  "Actual Startup Time": 72.568,
                                  "Actual Total Time": 201.696,
                                  "Actual Rows": 387087,
                                  "Actual Loops": 4,
                                  "Recheck Cond": "(person_id < 212516)",
                                  "Rows Removed by Index Recheck": 0,
                                  "Filter": "(role_id = 1)",
                                  "Rows Removed by Filter": 155694,
                                  "Exact Heap Blocks": 9257,
                                  "Lossy Heap Blocks": 0,
                                  "Plans": [
                                    {
                                      "Node Type": "Bitmap Index Scan",
                                      "Parent Relationship": "Outer",
                                      "Parallel Aware": false,
                                      "Index Name": "person_id_cast_info",
                                      "Startup Cost": 0.0,
                                      "Total Cost": 46149.61,
                                      "Plan Rows": 2114272,
                                      "Plan Width": 0,
                                      "Actual Startup Time": 69.051,
                                      "Actual Total Time": 69.052,
                                      "Actual Rows": 2171123,
                                      "Actual Loops": 1,
                                      "Index Cond": "(person_id < 212516)"
                                    }
                                  ]
                                }
                              ]
                            }
                          ]
                        }
                      ]
                    }
                  ]
                }
              ]
            }
          ]
        }
      ]
    },
    "Planning Time": 1.459,
    "Triggers": [],
    "Execution Time": 1307.801
  }
]