[
  {
    "Plan": {
      "Node Type": "Aggregate",
      "Strategy": "Plain",
      "Partial Mode": "Finalize",
      "Parallel Aware": false,
      "Startup Cost": 343731.9,
      "Total Cost": 343731.91,
      "Plan Rows": 1,
      "Plan Width": 8,
      "Actual Startup Time": 827.298,
      "Actual Total Time": 892.853,
      "Actual Rows": 1,
      "Actual Loops": 1,
      "Plans": [
        {
          "Node Type": "Gather",
          "Parent Relationship": "Outer",
          "Parallel Aware": false,
          "Startup Cost": 343731.27,
          "Total Cost": 343731.88,
          "Plan Rows": 6,
          "Plan Width": 8,
          "Actual Startup Time": 827.178,
          "Actual Total Time": 892.842,
          "Actual Rows": 7,
          "Actual Loops": 1,
          "Workers Planned": 6,
          "Workers Launched": 6,
          "Single Copy": false,
          "Plans": [
            {
              "Node Type": "Aggregate",
              "Strategy": "Plain",
              "Partial Mode": "Partial",
              "Parent Relationship": "Outer",
              "Parallel Aware": false,
              "Startup Cost": 342731.27,
              "Total Cost": 342731.28,
              "Plan Rows": 1,
              "Plan Width": 8,
              "Actual Startup Time": 816.935,
              "Actual Total Time": 816.937,
              "Actual Rows": 1,
              "Actual Loops": 7,
              "Plans": [
                {
                  "Node Type": "Seq Scan",
                  "Parent Relationship": "Outer",
                  "Parallel Aware": true,
                  "Relation Name": "cast_info",
                  "Alias": "ci",
                  "Startup Cost": 0.0,
                  "Total Cost": 328162.03,
                  "Plan Rows": 5827698,
                  "Plan Width": 0,
                  "Actual Startup Time": 0.051,
                  "Actual Total Time": 621.216,
                  "Actual Rows": 5000321,
                  "Actual Loops": 7,
                  "Filter": "(person_id < 3821535)",
                  "Rows Removed by Filter": 177443
                }
              ]
            }
          ]
        }
      ]
    },
    "Planning Time": 0.184,
    "Triggers": [],
    "Execution Time": 892.924
  }
]