[
  {
    "Plan": {
      "Node Type": "Aggregate",
      "Strategy": "Plain",
      "Partial Mode": "Finalize",
      "Parallel Aware": false,
      "Startup Cost": 9614.64,
      "Total Cost": 9614.65,
      "Plan Rows": 1,
      "Plan Width": 8,
      "Actual Startup Time": 38.461,
      "Actual Total Time": 40.904,
      "Actual Rows": 1,
      "Actual Loops": 1,
      "Plans": [
        {
          "Node Type": "Gather",
          "Parent Relationship": "Outer",
          "Parallel Aware": false,
          "Startup Cost": 9614.32,
          "Total Cost": 9614.63,
          "Plan Rows": 3,
          "Plan Width": 8,
          "Actual Startup Time": 38.294,
          "Actual Total Time": 40.896,
          "Actual Rows": 4,
          "Actual Loops": 1,
          "Workers Planned": 3,
          "Workers Launched": 3,
          "Single Copy": false,
          "Plans": [
            {
              "Node Type": "Aggregate",
              "Strategy": "Plain",
              "Partial Mode": "Partial",
              "Parent Relationship": "Outer",
              "Parallel Aware": false,
              "Startup Cost": 8614.32,
              "Total Cost": 8614.33,
              "Plan Rows": 1,
              "Plan Width": 8,
              "Actual Startup Time": 30.877,
              "Actual Total Time": 30.877,
              "Actual Rows": 1,
              "Actual Loops": 4,
              "Plans": [
                {
                  "Node Type": "Index Scan",
                  "Parent Relationship": "Outer",
                  "Parallel Aware": true,
                  "Scan Direction": "Forward",
                  "Index Name": "role_id_cast_info",
                  "Relation Name": "cast_info",
                  "Alias": "ci",
                  "Startup Cost": 0.56,
                  "Total Cost": 8600.37,
                  "Plan Rows": 5580,
                  "Plan Width": 0,
                  "Actual Startup Time": 0.147,
                  "Actual Total Time": 27.083,
                  "Actual Rows": 44161,
                  "Actual Loops": 4,
                  "Index Cond": "(role_id > 10)",
                  "Rows Removed by Index Recheck": 0,
                  "Filter": "(person_id > 3665895)",
                  "Rows Removed by Filter": 34869
                }
              ]
            }
          ]
        }
      ]
    },
    "Planning Time": 0.235,
    "Triggers": [],
    "Execution Time": 40.968
  }
]