[
    {
        "Bao": {
            "Bao prediction": "NaN",
            "Bao recommended hint": "(no hint)"
        }
    },
    {
        "Plan": {
            "Node Type": "Aggregate",
            "Strategy": "Plain",
            "Partial Mode": "Finalize",
            "Parallel Aware": false,
            "Startup Cost": 76913.38,
            "Total Cost": 76913.39,
            "Plan Rows": 1,
            "Plan Width": 8,
            "Actual Startup Time": 162.231,
            "Actual Total Time": 171.892,
            "Actual Rows": 1,
            "Actual Loops": 1,
            "Output": [
                "count(*)"
            ],
            "Plans": [
                {
                    "Node Type": "Gather",
                    "Parent Relationship": "Outer",
                    "Parallel Aware": false,
                    "Startup Cost": 76913.06,
                    "Total Cost": 76913.37,
                    "Plan Rows": 3,
                    "Plan Width": 8,
                    "Actual Startup Time": 161.756,
                    "Actual Total Time": 171.885,
                    "Actual Rows": 4,
                    "Actual Loops": 1,
                    "Output": [
                        "(PARTIAL count(*))"
                    ],
                    "Workers Planned": 3,
                    "Workers Launched": 3,
                    "Single Copy": false,
                    "Plans": [
                        {
                            "Node Type": "Aggregate",
                            "Strategy": "Plain",
                            "Partial Mode": "Partial",
                            "Parent Relationship": "Outer",
                            "Parallel Aware": false,
                            "Startup Cost": 75913.06,
                            "Total Cost": 75913.07,
                            "Plan Rows": 1,
                            "Plan Width": 8,
                            "Actual Startup Time": 153.139,
                            "Actual Total Time": 153.142,
                            "Actual Rows": 1,
                            "Actual Loops": 4,
                            "Output": [
                                "PARTIAL count(*)"
                            ],
                            "Workers": [
                                {
                                    "Worker Number": 0,
                                    "Actual Startup Time": 150.121,
                                    "Actual Total Time": 150.125,
                                    "Actual Rows": 1,
                                    "Actual Loops": 1
                                },
                                {
                                    "Worker Number": 1,
                                    "Actual Startup Time": 150.287,
                                    "Actual Total Time": 150.29,
                                    "Actual Rows": 1,
                                    "Actual Loops": 1
                                },
                                {
                                    "Worker Number": 2,
                                    "Actual Startup Time": 150.691,
                                    "Actual Total Time": 150.694,
                                    "Actual Rows": 1,
                                    "Actual Loops": 1
                                }
                            ],
                            "Plans": [
                                {
                                    "Node Type": "Hash Join",
                                    "Parent Relationship": "Outer",
                                    "Parallel Aware": true,
                                    "Join Type": "Inner",
                                    "Startup Cost": 50366.62,
                                    "Total Cost": 75909.67,
                                    "Plan Rows": 1359,
                                    "Plan Width": 0,
                                    "Actual Startup Time": 101.635,
                                    "Actual Total Time": 152.997,
                                    "Actual Rows": 1432,
                                    "Actual Loops": 4,
                                    "Inner Unique": true,
                                    "Hash Cond": "(mk.movie_id = t.id)",
                                    "Workers": [
                                        {
                                            "Worker Number": 0,
                                            "Actual Startup Time": 98.732,
                                            "Actual Total Time": 149.996,
                                            "Actual Rows": 1154,
                                            "Actual Loops": 1
                                        },
                                        {
                                            "Worker Number": 1,
                                            "Actual Startup Time": 98.779,
                                            "Actual Total Time": 150.155,
                                            "Actual Rows": 1265,
                                            "Actual Loops": 1
                                        },
                                        {
                                            "Worker Number": 2,
                                            "Actual Startup Time": 99.159,
                                            "Actual Total Time": 150.559,
                                            "Actual Rows": 1230,
                                            "Actual Loops": 1
                                        }
                                    ],
                                    "Plans": [
                                        {
                                            "Node Type": "Bitmap Heap Scan",
                                            "Parent Relationship": "Outer",
                                            "Parallel Aware": true,
                                            "Relation Name": "movie_keyword",
                                            "Schema": "public",
                                            "Alias": "mk",
                                            "Startup Cost": 4738.3,
                                            "Total Cost": 30092.34,
                                            "Plan Rows": 72003,
                                            "Plan Width": 4,
                                            "Actual Startup Time": 15.704,
                                            "Actual Total Time": 58.193,
                                            "Actual Rows": 54794,
                                            "Actual Loops": 4,
                                            "Output": [
                                                "mk.id",
                                                "mk.movie_id",
                                                "mk.keyword_id"
                                            ],
                                            "Recheck Cond": "(mk.keyword_id < 165)",
                                            "Rows Removed by Index Recheck": 0,
                                            "Exact Heap Blocks": 8877,
                                            "Lossy Heap Blocks": 0,
                                            "Workers": [
                                                {
                                                    "Worker Number": 0,
                                                    "Actual Startup Time": 15.777,
                                                    "Actual Total Time": 58.85,
                                                    "Actual Rows": 46569,
                                                    "Actual Loops": 1
                                                },
                                                {
                                                    "Worker Number": 1,
                                                    "Actual Startup Time": 15.708,
                                                    "Actual Total Time": 58.729,
                                                    "Actual Rows": 47522,
                                                    "Actual Loops": 1
                                                },
                                                {
                                                    "Worker Number": 2,
                                                    "Actual Startup Time": 15.675,
                                                    "Actual Total Time": 59.04,
                                                    "Actual Rows": 44796,
                                                    "Actual Loops": 1
                                                }
                                            ],
                                            "Plans": [
                                                {
                                                    "Node Type": "Bitmap Index Scan",
                                                    "Parent Relationship": "Outer",
                                                    "Parallel Aware": false,
                                                    "Index Name": "keyword_id_movie_keyword",
                                                    "Startup Cost": 0.0,
                                                    "Total Cost": 4682.5,
                                                    "Plan Rows": 223209,
                                                    "Plan Width": 0,
                                                    "Actual Startup Time": 12.211,
                                                    "Actual Total Time": 12.211,
                                                    "Actual Rows": 219176,
                                                    "Actual Loops": 1,
                                                    "Index Cond": "(mk.keyword_id < 165)"
                                                }
                                            ]
                                        },
                                        {
                                            "Node Type": "Hash",
                                            "Parent Relationship": "Inner",
                                            "Parallel Aware": true,
                                            "Startup Cost": 45479.21,
                                            "Total Cost": 45479.21,
                                            "Plan Rows": 11929,
                                            "Plan Width": 4,
                                            "Actual Startup Time": 85.317,
                                            "Actual Total Time": 85.318,
                                            "Actual Rows": 9688,
                                            "Actual Loops": 4,
                                            "Output": [
                                                "t.id"
                                            ],
                                            "Hash Buckets": 65536,
                                            "Original Hash Buckets": 65536,
                                            "Hash Batches": 1,
                                            "Original Hash Batches": 1,
                                            "Peak Memory Usage": 2080,
                                            "Workers": [
                                                {
                                                    "Worker Number": 0,
                                                    "Actual Startup Time": 82.364,
                                                    "Actual Total Time": 82.364,
                                                    "Actual Rows": 8652,
                                                    "Actual Loops": 1
                                                },
                                                {
                                                    "Worker Number": 1,
                                                    "Actual Startup Time": 82.522,
                                                    "Actual Total Time": 82.523,
                                                    "Actual Rows": 8760,
                                                    "Actual Loops": 1
                                                },
                                                {
                                                    "Worker Number": 2,
                                                    "Actual Startup Time": 82.928,
                                                    "Actual Total Time": 82.929,
                                                    "Actual Rows": 8502,
                                                    "Actual Loops": 1
                                                }
                                            ],
                                            "Plans": [
                                                {
                                                    "Node Type": "Seq Scan",
                                                    "Parent Relationship": "Outer",
                                                    "Parallel Aware": true,
                                                    "Relation Name": "title",
                                                    "Schema": "public",
                                                    "Alias": "t",
                                                    "Startup Cost": 0.0,
                                                    "Total Cost": 45479.21,
                                                    "Plan Rows": 11929,
                                                    "Plan Width": 4,
                                                    "Actual Startup Time": 0.213,
                                                    "Actual Total Time": 81.595,
                                                    "Actual Rows": 9688,
                                                    "Actual Loops": 4,
                                                    "Output": [
                                                        "t.id"
                                                    ],
                                                    "Filter": "((t.kind_id < 7) AND (t.production_year = 2008))",
                                                    "Rows Removed by Filter": 622390,
                                                    "Workers": [
                                                        {
                                                            "Worker Number": 0,
                                                            "Actual Startup Time": 0.332,
                                                            "Actual Total Time": 78.615,
                                                            "Actual Rows": 8652,
                                                            "Actual Loops": 1
                                                        },
                                                        {
                                                            "Worker Number": 1,
                                                            "Actual Startup Time": 0.253,
                                                            "Actual Total Time": 79.075,
                                                            "Actual Rows": 8760,
                                                            "Actual Loops": 1
                                                        },
                                                        {
                                                            "Worker Number": 2,
                                                            "Actual Startup Time": 0.2,
                                                            "Actual Total Time": 79.516,
                                                            "Actual Rows": 8502,
                                                            "Actual Loops": 1
                                                        }
                                                    ]
                                                }
                                            ]
                                        }
                                    ]
                                }
                            ]
                        }
                    ]
                }
            ]
        },
        "Planning Time": 179.546,
        "Triggers": [],
        "Execution Time": 171.946
    }
]