[
  {
    "Plan": {
      "Node Type": "Aggregate",
      "Strategy": "Plain",
      "Partial Mode": "Finalize",
      "Parallel Aware": false,
      "Startup Cost": 97387.62,
      "Total Cost": 97387.63,
      "Plan Rows": 1,
      "Plan Width": 8,
      "Actual Startup Time": 672.456,
      "Actual Total Time": 682.557,
      "Actual Rows": 1,
      "Actual Loops": 1,
      "Plans": [
        {
          "Node Type": "Gather",
          "Parent Relationship": "Outer",
          "Parallel Aware": false,
          "Startup Cost": 97387.4,
          "Total Cost": 97387.61,
          "Plan Rows": 2,
          "Plan Width": 8,
          "Actual Startup Time": 666.479,
          "Actual Total Time": 682.551,
          "Actual Rows": 3,
          "Actual Loops": 1,
          "Workers Planned": 2,
          "Workers Launched": 2,
          "Single Copy": false,
          "Plans": [
            {
              "Node Type": "Aggregate",
              "Strategy": "Plain",
              "Partial Mode": "Partial",
              "Parent Relationship": "Outer",
              "Parallel Aware": false,
              "Startup Cost": 96387.4,
              "Total Cost": 96387.41,
              "Plan Rows": 1,
              "Plan Width": 8,
              "Actual Startup Time": 659.44,
              "Actual Total Time": 659.9,
              "Actual Rows": 1,
              "Actual Loops": 3,
              "Plans": [
                {
                  "Node Type": "Hash Join",
                  "Parent Relationship": "Outer",
                  "Parallel Aware": true,
                  "Join Type": "Inner",
                  "Startup Cost": 80089.65,
                  "Total Cost": 96159.25,
                  "Plan Rows": 91262,
                  "Plan Width": 0,
                  "Actual Startup Time": 521.796,
                  "Actual Total Time": 646.226,
                  "Actual Rows": 333260,
                  "Actual Loops": 3,
                  "Inner Unique": false,
                  "Hash Cond": "(mi_idx.movie_id = t.id)",
                  "Plans": [
                    {
                      "Node Type": "Seq Scan",
                      "Parent Relationship": "Outer",
                      "Parallel Aware": true,
                      "Relation Name": "movie_info_idx",
                      "Alias": "mi_idx",
                      "Startup Cost": 0.0,
                      "Total Cost": 13685.15,
                      "Plan Rows": 575015,
                      "Plan Width": 4,
                      "Actual Startup Time": 0.019,
                      "Actual Total Time": 34.331,
                      "Actual Rows": 460012,
                      "Actual Loops": 3
                    },
                    {
                      "Node Type": "Hash",
                      "Parent Relationship": "Inner",
                      "Parallel Aware": true,
                      "Startup Cost": 78835.67,
                      "Total Cost": 78835.67,
                      "Plan Rows": 100318,
                      "Plan Width": 8,
                      "Actual Startup Time": 518.887,
                      "Actual Total Time": 519.346,
                      "Actual Rows": 241055,
                      "Actual Loops": 3,
                      "Hash Buckets": 1048576,
                      "Original Hash Buckets": 524288,
                      "Hash Batches": 1,
                      "Original Hash Batches": 1,
                      "Peak Memory Usage": 40640,
                      "Plans": [
                        {
                          "Node Type": "Hash Join",
                          "Parent Relationship": "Outer",
                          "Parallel Aware": true,
                          "Join Type": "Inner",
                          "Startup Cost": 33032.86,
                          "Total Cost": 78835.67,
                          "Plan Rows": 100318,
                          "Plan Width": 8,
                          "Actual Startup Time": 157.285,
                          "Actual Total Time": 444.288,
                          "Actual Rows": 241055,
                          "Actual Loops": 3,
                          "Inner Unique": false,
                          "Hash Cond": "(t.id = mc.movie_id)",
                          "Plans": [
                            {
                              "Node Type": "Seq Scan",
                              "Parent Relationship": "Outer",
                              "Parallel Aware": true,
                              "Relation Name": "title",
                              "Alias": "t",
                              "Startup Cost": 0.0,
                              "Total Cost": 42318.81,
                              "Plan Rows": 632080,
                              "Plan Width": 4,
                              "Actual Startup Time": 0.008,
                              "Actual Total Time": 80.216,
                              "Actual Rows": 842771,
                              "Actual Loops": 3
                            },
                            {
                              "Node Type": "Hash",
                              "Parent Relationship": "Inner",
                              "Parallel Aware": true,
                              "Startup Cost": 31414.82,
                              "Total Cost": 31414.82,
                              "Plan Rows": 129443,
                              "Plan Width": 4,
                              "Actual Startup Time": 155.905,
                              "Actual Total Time": 155.907,
                              "Actual Rows": 241055,
                              "Actual Loops": 3,
                              "Hash Buckets": 1048576,
                              "Original Hash Buckets": 524288,
                              "Hash Batches": 1,
                              "Original Hash Batches": 1,
                              "Peak Memory Usage": 40640,
                              "Plans": [
                                {
                                  "Node Type": "Seq Scan",
                                  "Parent Relationship": "Outer",
                                  "Parallel Aware": true,
                                  "Relation Name": "movie_companies",
                                  "Alias": "mc",
                                  "Startup Cost": 0.0,
                                  "Total Cost": 31414.82,
                                  "Plan Rows": 129443,
                                  "Plan Width": 4,
                                  "Actual Startup Time": 43.972,
                                  "Actual Total Time": 89.74,
                                  "Actual Rows": 241055,
                                  "Actual Loops": 3,
                                  "Filter": "((company_id > 31609) AND (company_type_id = 2))",
                                  "Rows Removed by Filter": 628655
                                }
                              ]
                            }
                          ]
                        }
                      ]
                    }
                  ]
                }
              ]
            }
          ]
        }
      ]
    },
    "Planning Time": 0.474,
    "Triggers": [],
    "Execution Time": 682.593
  }
]