[
  {
    "Plan": {
      "Node Type": "Aggregate",
      "Strategy": "Plain",
      "Partial Mode": "Finalize",
      "Parallel Aware": false,
      "Startup Cost": 379299.66,
      "Total Cost": 379299.67,
      "Plan Rows": 1,
      "Plan Width": 8,
      "Actual Startup Time": 898.763,
      "Actual Total Time": 963.411,
      "Actual Rows": 1,
      "Actual Loops": 1,
      "Plans": [
        {
          "Node Type": "Gather",
          "Parent Relationship": "Outer",
          "Parallel Aware": false,
          "Startup Cost": 379299.04,
          "Total Cost": 379299.65,
          "Plan Rows": 6,
          "Plan Width": 8,
          "Actual Startup Time": 895.591,
          "Actual Total Time": 963.399,
          "Actual Rows": 7,
          "Actual Loops": 1,
          "Workers Planned": 6,
          "Workers Launched": 6,
          "Single Copy": false,
          "Plans": [
            {
              "Node Type": "Aggregate",
              "Strategy": "Plain",
              "Partial Mode": "Partial",
              "Parent Relationship": "Outer",
              "Parallel Aware": false,
              "Startup Cost": 378299.04,
              "Total Cost": 378299.05,
              "Plan Rows": 1,
              "Plan Width": 8,
              "Actual Startup Time": 888.074,
              "Actual Total Time": 888.079,
              "Actual Rows": 1,
              "Actual Loops": 7,
              "Plans": [
                {
                  "Node Type": "Hash Join",
                  "Parent Relationship": "Outer",
                  "Parallel Aware": true,
                  "Join Type": "Inner",
                  "Startup Cost": 46279.99,
                  "Total Cost": 377964.02,
                  "Plan Rows": 134009,
                  "Plan Width": 0,
                  "Actual Startup Time": 435.16,
                  "Actual Total Time": 880.787,
                  "Actual Rows": 128045,
                  "Actual Loops": 7,
                  "Inner Unique": true,
                  "Hash Cond": "(ci.movie_id = t.id)",
                  "Plans": [
                    {
                      "Node Type": "Seq Scan",
                      "Parent Relationship": "Outer",
                      "Parallel Aware": true,
                      "Relation Name": "cast_info",
                      "Alias": "ci",
                      "Startup Cost": 0.0,
                      "Total Cost": 328211.39,
                      "Plan Rows": 1322906,
                      "Plan Width": 4,
                      "Actual Startup Time": 338.63,
                      "Actual Total Time": 593.461,
                      "Actual Rows": 1125593,
                      "Actual Loops": 7,
                      "Filter": "(person_id > 2890340)",
                      "Rows Removed by Filter": 4052171
                    },
                    {
                      "Node Type": "Hash",
                      "Parent Relationship": "Inner",
                      "Parallel Aware": true,
                      "Startup Cost": 45479.59,
                      "Total Cost": 45479.59,
                      "Plan Rows": 64032,
                      "Plan Width": 4,
                      "Actual Startup Time": 94.793,
                      "Actual Total Time": 94.794,
                      "Actual Rows": 32550,
                      "Actual Loops": 7,
                      "Hash Buckets": 262144,
                      "Original Hash Buckets": 262144,
                      "Hash Batches": 1,
                      "Original Hash Batches": 1,
                      "Peak Memory Usage": 11040,
                      "Plans": [
                        {
                          "Node Type": "Seq Scan",
                          "Parent Relationship": "Outer",
                          "Parallel Aware": true,
                          "Relation Name": "title",
                          "Alias": "t",
                          "Startup Cost": 0.0,
                          "Total Cost": 45479.59,
                          "Plan Rows": 64032,
                          "Plan Width": 4,
                          "Actual Startup Time": 0.049,
                          "Actual Total Time": 79.542,
                          "Actual Rows": 32550,
                          "Actual Loops": 7,
                          "Filter": "((kind_id < 7) AND (production_year > 2008))",
                          "Rows Removed by Filter": 328638
                        }
                      ]
                    }
                  ]
                }
              ]
            }
          ]
        }
      ]
    },
    "Planning Time": 0.552,
    "Triggers": [],
    "Execution Time": 963.49
  }
]