[
  {
    "Plan": {
      "Node Type": "Aggregate",
      "Strategy": "Plain",
      "Partial Mode": "Finalize",
      "Parallel Aware": false,
      "Startup Cost": 381179.05,
      "Total Cost": 381179.06,
      "Plan Rows": 1,
      "Plan Width": 8,
      "Actual Startup Time": 873.91,
      "Actual Total Time": 898.124,
      "Actual Rows": 1,
      "Actual Loops": 1,
      "Plans": [
        {
          "Node Type": "Gather",
          "Parent Relationship": "Outer",
          "Parallel Aware": false,
          "Startup Cost": 381178.73,
          "Total Cost": 381179.04,
          "Plan Rows": 3,
          "Plan Width": 8,
          "Actual Startup Time": 865.672,
          "Actual Total Time": 898.114,
          "Actual Rows": 4,
          "Actual Loops": 1,
          "Workers Planned": 3,
          "Workers Launched": 3,
          "Single Copy": false,
          "Plans": [
            {
              "Node Type": "Aggregate",
              "Strategy": "Plain",
              "Partial Mode": "Partial",
              "Parent Relationship": "Outer",
              "Parallel Aware": false,
              "Startup Cost": 380178.73,
              "Total Cost": 380178.74,
              "Plan Rows": 1,
              "Plan Width": 8,
              "Actual Startup Time": 859.658,
              "Actual Total Time": 859.951,
              "Actual Rows": 1,
              "Actual Loops": 4,
              "Plans": [
                {
                  "Node Type": "Hash Join",
                  "Parent Relationship": "Outer",
                  "Parallel Aware": true,
                  "Join Type": "Inner",
                  "Startup Cost": 334611.04,
                  "Total Cost": 379550.01,
                  "Plan Rows": 251487,
                  "Plan Width": 0,
                  "Actual Startup Time": 500.462,
                  "Actual Total Time": 801.502,
                  "Actual Rows": 1321456,
                  "Actual Loops": 4,
                  "Inner Unique": false,
                  "Hash Cond": "(mk.movie_id = t.id)",
                  "Plans": [
                    {
                      "Node Type": "Seq Scan",
                      "Parent Relationship": "Outer",
                      "Parallel Aware": true,
                      "Relation Name": "movie_keyword",
                      "Alias": "mk",
                      "Startup Cost": 0.0,
                      "Total Cost": 39047.32,
                      "Plan Rows": 1459332,
                      "Plan Width": 4,
                      "Actual Startup Time": 0.02,
                      "Actual Total Time": 94.575,
                      "Actual Rows": 1130982,
                      "Actual Loops": 4
                    },
                    {
                      "Node Type": "Hash",
                      "Parent Relationship": "Inner",
                      "Parallel Aware": true,
                      "Startup Cost": 333703.28,
                      "Total Cost": 333703.28,
                      "Plan Rows": 72621,
                      "Plan Width": 8,
                      "Actual Startup Time": 497.016,
                      "Actual Total Time": 497.307,
                      "Actual Rows": 147942,
                      "Actual Loops": 4,
                      "Hash Buckets": 1048576,
                      "Original Hash Buckets": 524288,
                      "Hash Batches": 1,
                      "Original Hash Batches": 1,
                      "Peak Memory Usage": 35488,
                      "Plans": [
                        {
                          "Node Type": "Hash Join",
                          "Parent Relationship": "Outer",
                          "Parallel Aware": true,
                          "Join Type": "Inner",
                          "Startup Cost": 77462.85,
                          "Total Cost": 333703.28,
                          "Plan Rows": 72621,
                          "Plan Width": 8,
                          "Actual Startup Time": 235.388,
                          "Actual Total Time": 424.537,
                          "Actual Rows": 147942,
                          "Actual Loops": 4,
                          "Inner Unique": true,
                          "Hash Cond": "(ci.movie_id = t.id)",
                          "Plans": [
                            {
                              "Node Type": "Bitmap Heap Scan",
                              "Parent Relationship": "Outer",
                              "Parallel Aware": true,
                              "Relation Name": "cast_info",
                              "Alias": "ci",
                              "Startup Cost": 31121.17,
                              "Total Cost": 286744.9,
                              "Plan Rows": 234938,
                              "Plan Width": 4,
                              "Actual Startup Time": 48.719,
                              "Actual Total Time": 117.582,
                              "Actual Rows": 333490,
                              "Actual Loops": 4,
                              "Recheck Cond": "(person_id > 3803448)",
                              "Rows Removed by Index Recheck": 0,
                              "Exact Heap Blocks": 5635,
                              "Lossy Heap Blocks": 0,
                              "Plans": [
                                {
                                  "Node Type": "Bitmap Index Scan",
                                  "Parent Relationship": "Outer",
                                  "Parallel Aware": false,
                                  "Index Name": "person_id_cast_info",
                                  "Startup Cost": 0.0,
                                  "Total Cost": 30768.77,
                                  "Plan Rows": 1409627,
                                  "Plan Width": 0,
                                  "Actual Startup Time": 45.733,
                                  "Actual Total Time": 45.733,
                                  "Actual Rows": 1333959,
                                  "Actual Loops": 1,
                                  "Index Cond": "(person_id > 3803448)"
                                }
                              ]
                            },
                            {
                              "Node Type": "Hash",
                              "Parent Relationship": "Inner",
                              "Parallel Aware": true,
                              "Startup Cost": 43899.32,
                              "Total Cost": 43899.32,
                              "Plan Rows": 195388,
                              "Plan Width": 4,
                              "Actual Startup Time": 183.276,
                              "Actual Total Time": 183.277,
                              "Actual Rows": 196232,
                              "Actual Loops": 4,
                              "Hash Buckets": 1048576,
                              "Original Hash Buckets": 1048576,
                              "Hash Batches": 1,
                              "Original Hash Batches": 1,
                              "Peak Memory Usage": 38976,
                              "Plans": [
                                {
                                  "Node Type": "Seq Scan",
                                  "Parent Relationship": "Outer",
                                  "Parallel Aware": true,
                                  "Relation Name": "title",
                                  "Alias": "t",
                                  "Startup Cost": 0.0,
                                  "Total Cost": 43899.32,
                                  "Plan Rows": 195388,
                                  "Plan Width": 4,
                                  "Actual Startup Time": 0.033,
                                  "Actual Total Time": 104.405,
                                  "Actual Rows": 196232,
                                  "Actual Loops": 4,
                                  "Filter": "(production_year > 2007)",
                                  "Rows Removed by Filter": 435846
                                }
                              ]
                            }
                          ]
                        }
                      ]
                    }
                  ]
                }
              ]
            }
          ]
        }
      ]
    },
    "Planning Time": 1.31,
    "Triggers": [],
    "Execution Time": 898.245
  }
]