[
  {
    "Plan": {
      "Node Type": "Aggregate",
      "Strategy": "Plain",
      "Partial Mode": "Finalize",
      "Parallel Aware": false,
      "Startup Cost": 379600.93,
      "Total Cost": 379600.94,
      "Plan Rows": 1,
      "Plan Width": 8,
      "Actual Startup Time": 802.077,
      "Actual Total Time": 821.085,
      "Actual Rows": 1,
      "Actual Loops": 1,
      "Plans": [
        {
          "Node Type": "Gather",
          "Parent Relationship": "Outer",
          "Parallel Aware": false,
          "Startup Cost": 379600.61,
          "Total Cost": 379600.92,
          "Plan Rows": 3,
          "Plan Width": 8,
          "Actual Startup Time": 795.082,
          "Actual Total Time": 821.075,
          "Actual Rows": 4,
          "Actual Loops": 1,
          "Workers Planned": 3,
          "Workers Launched": 3,
          "Single Copy": false,
          "Plans": [
            {
              "Node Type": "Aggregate",
              "Strategy": "Plain",
              "Partial Mode": "Partial",
              "Parent Relationship": "Outer",
              "Parallel Aware": false,
              "Startup Cost": 378600.61,
              "Total Cost": 378600.62,
              "Plan Rows": 1,
              "Plan Width": 8,
              "Actual Startup Time": 785.524,
              "Actual Total Time": 785.705,
              "Actual Rows": 1,
              "Actual Loops": 4,
              "Plans": [
                {
                  "Node Type": "Hash Join",
                  "Parent Relationship": "Outer",
                  "Parallel Aware": true,
                  "Join Type": "Inner",
                  "Startup Cost": 333072.47,
                  "Total Cost": 377995.62,
                  "Plan Rows": 241998,
                  "Plan Width": 0,
                  "Actual Startup Time": 462.693,
                  "Actual Total Time": 735.162,
                  "Actual Rows": 1321456,
                  "Actual Loops": 4,
                  "Inner Unique": false,
                  "Hash Cond": "(mk.movie_id = t.id)",
                  "Plans": [
                    {
                      "Node Type": "Seq Scan",
                      "Parent Relationship": "Outer",
                      "Parallel Aware": true,
                      "Relation Name": "movie_keyword",
                      "Alias": "mk",
                      "Startup Cost": 0.0,
                      "Total Cost": 39047.32,
                      "Plan Rows": 1459332,
                      "Plan Width": 4,
                      "Actual Startup Time": 0.027,
                      "Actual Total Time": 85.23,
                      "Actual Rows": 1130982,
                      "Actual Loops": 4
                    },
                    {
                      "Node Type": "Hash",
                      "Parent Relationship": "Inner",
                      "Parallel Aware": true,
                      "Startup Cost": 332199.01,
                      "Total Cost": 332199.01,
                      "Plan Rows": 69877,
                      "Plan Width": 8,
                      "Actual Startup Time": 459.289,
                      "Actual Total Time": 459.468,
                      "Actual Rows": 147942,
                      "Actual Loops": 4,
                      "Hash Buckets": 1048576,
                      "Original Hash Buckets": 524288,
                      "Hash Batches": 1,
                      "Original Hash Batches": 1,
                      "Peak Memory Usage": 35488,
                      "Plans": [
                        {
                          "Node Type": "Hash Join",
                          "Parent Relationship": "Outer",
                          "Parallel Aware": true,
                          "Join Type": "Inner",
                          "Startup Cost": 76115.69,
                          "Total Cost": 332199.01,
                          "Plan Rows": 69877,
                          "Plan Width": 8,
                          "Actual Startup Time": 230.117,
                          "Actual Total Time": 400.608,
                          "Actual Rows": 147942,
                          "Actual Loops": 4,
                          "Inner Unique": true,
                          "Hash Cond": "(ci.movie_id = t.id)",
                          "Plans": [
                            {
                              "Node Type": "Bitmap Heap Scan",
                              "Parent Relationship": "Outer",
                              "Parallel Aware": true,
                              "Relation Name": "cast_info",
                              "Alias": "ci",
                              "Startup Cost": 29758.12,
                              "Total Cost": 285251.99,
                              "Plan Rows": 224550,
                              "Plan Width": 4,
                              "Actual Startup Time": 54.034,
                              "Actual Total Time": 112.246,
                              "Actual Rows": 333490,
                              "Actual Loops": 4,
                              "Recheck Cond": "(person_id > 3803448)",
                              "Rows Removed by Index Recheck": 0,
                              "Exact Heap Blocks": 5171,
                              "Lossy Heap Blocks": 0,
                              "Plans": [
                                {
                                  "Node Type": "Bitmap Index Scan",
                                  "Parent Relationship": "Outer",
                                  "Parallel Aware": false,
                                  "Index Name": "person_id_cast_info",
                                  "Startup Cost": 0.0,
                                  "Total Cost": 29421.29,
                                  "Plan Rows": 1347297,
                                  "Plan Width": 0,
                                  "Actual Startup Time": 50.969,
                                  "Actual Total Time": 50.969,
                                  "Actual Rows": 1333959,
                                  "Actual Loops": 1,
                                  "Index Cond": "(person_id > 3803448)"
                                }
                              ]
                            },
                            {
                              "Node Type": "Hash",
                              "Parent Relationship": "Inner",
                              "Parallel Aware": true,
                              "Startup Cost": 43898.92,
                              "Total Cost": 43898.92,
                              "Plan Rows": 196693,
                              "Plan Width": 4,
                              "Actual Startup Time": 172.799,
                              "Actual Total Time": 172.8,
                              "Actual Rows": 196232,
                              "Actual Loops": 4,
                              "Hash Buckets": 1048576,
                              "Original Hash Buckets": 1048576,
                              "Hash Batches": 1,
                              "Original Hash Batches": 1,
                              "Peak Memory Usage": 38944,
                              "Plans": [
                                {
                                  "Node Type": "Seq Scan",
                                  "Parent Relationship": "Outer",
                                  "Parallel Aware": true,
                                  "Relation Name": "title",
                                  "Alias": "t",
                                  "Startup Cost": 0.0,
                                  "Total Cost": 43898.92,
                                  "Plan Rows": 196693,
                                  "Plan Width": 4,
                                  "Actual Startup Time": 0.048,
                                  "Actual Total Time": 99.134,
                                  "Actual Rows": 196232,
                                  "Actual Loops": 4,
                                  "Filter": "(production_year > 2007)",
                                  "Rows Removed by Filter": 435846
                                }
                              ]
                            }
                          ]
                        }
                      ]
                    }
                  ]
                }
              ]
            }
          ]
        }
      ]
    },
    "Planning Time": 1.267,
    "Triggers": [],
    "Execution Time": 821.188
  }
]