[
  {
    "Plan": {
      "Node Type": "Aggregate",
      "Strategy": "Plain",
      "Partial Mode": "Finalize",
      "Parallel Aware": false,
      "Startup Cost": 33391.86,
      "Total Cost": 33391.87,
      "Plan Rows": 1,
      "Plan Width": 8,
      "Actual Startup Time": 99.904,
      "Actual Total Time": 110.431,
      "Actual Rows": 1,
      "Actual Loops": 1,
      "Plans": [
        {
          "Node Type": "Gather",
          "Parent Relationship": "Outer",
          "Parallel Aware": false,
          "Startup Cost": 33391.54,
          "Total Cost": 33391.85,
          "Plan Rows": 3,
          "Plan Width": 8,
          "Actual Startup Time": 99.597,
          "Actual Total Time": 110.423,
          "Actual Rows": 4,
          "Actual Loops": 1,
          "Workers Planned": 3,
          "Workers Launched": 3,
          "Single Copy": false,
          "Plans": [
            {
              "Node Type": "Aggregate",
              "Strategy": "Plain",
              "Partial Mode": "Partial",
              "Parent Relationship": "Outer",
              "Parallel Aware": false,
              "Startup Cost": 32391.54,
              "Total Cost": 32391.55,
              "Plan Rows": 1,
              "Plan Width": 8,
              "Actual Startup Time": 95.697,
              "Actual Total Time": 95.698,
              "Actual Rows": 1,
              "Actual Loops": 4,
              "Plans": [
                {
                  "Node Type": "Seq Scan",
                  "Parent Relationship": "Outer",
                  "Parallel Aware": true,
                  "Relation Name": "movie_companies",
                  "Alias": "mc",
                  "Startup Cost": 0.0,
                  "Total Cost": 31414.82,
                  "Plan Rows": 390689,
                  "Plan Width": 0,
                  "Actual Startup Time": 39.638,
                  "Actual Total Time": 82.118,
                  "Actual Rows": 274569,
                  "Actual Loops": 4,
                  "Filter": "((company_id < 103844) AND (company_type_id = 2))",
                  "Rows Removed by Filter": 377713
                }
              ]
            }
          ]
        }
      ]
    },
    "Planning Time": 0.121,
    "Triggers": [],
    "Execution Time": 110.465
  }
]