[
  {
    "Plan": {
      "Node Type": "Aggregate",
      "Strategy": "Plain",
      "Partial Mode": "Finalize",
      "Parallel Aware": false,
      "Startup Cost": 45593.49,
      "Total Cost": 45593.5,
      "Plan Rows": 1,
      "Plan Width": 8,
      "Actual Startup Time": 145.516,
      "Actual Total Time": 155.882,
      "Actual Rows": 1,
      "Actual Loops": 1,
      "Plans": [
        {
          "Node Type": "Gather",
          "Parent Relationship": "Outer",
          "Parallel Aware": false,
          "Startup Cost": 45593.17,
          "Total Cost": 45593.48,
          "Plan Rows": 3,
          "Plan Width": 8,
          "Actual Startup Time": 145.388,
          "Actual Total Time": 155.875,
          "Actual Rows": 4,
          "Actual Loops": 1,
          "Workers Planned": 3,
          "Workers Launched": 3,
          "Single Copy": false,
          "Plans": [
            {
              "Node Type": "Aggregate",
              "Strategy": "Plain",
              "Partial Mode": "Partial",
              "Parent Relationship": "Outer",
              "Parallel Aware": false,
              "Startup Cost": 44593.17,
              "Total Cost": 44593.18,
              "Plan Rows": 1,
              "Plan Width": 8,
              "Actual Startup Time": 137.306,
              "Actual Total Time": 137.307,
              "Actual Rows": 1,
              "Actual Loops": 4,
              "Plans": [
                {
                  "Node Type": "Seq Scan",
                  "Parent Relationship": "Outer",
                  "Parallel Aware": true,
                  "Relation Name": "movie_keyword",
                  "Alias": "mk",
                  "Startup Cost": 0.0,
                  "Total Cost": 42695.65,
                  "Plan Rows": 759007,
                  "Plan Width": 0,
                  "Actual Startup Time": 0.056,
                  "Actual Total Time": 110.206,
                  "Actual Rows": 592182,
                  "Actual Loops": 4,
                  "Filter": "(keyword_id < 5366)",
                  "Rows Removed by Filter": 538801
                }
              ]
            }
          ]
        }
      ]
    },
    "Planning Time": 0.08,
    "Triggers": [],
    "Execution Time": 155.91
  }
]