[
  {
    "Plan": {
      "Node Type": "Aggregate",
      "Strategy": "Plain",
      "Partial Mode": "Finalize",
      "Parallel Aware": false,
      "Startup Cost": 45606.8,
      "Total Cost": 45606.81,
      "Plan Rows": 1,
      "Plan Width": 8,
      "Actual Startup Time": 158.796,
      "Actual Total Time": 169.504,
      "Actual Rows": 1,
      "Actual Loops": 1,
      "Plans": [
        {
          "Node Type": "Gather",
          "Parent Relationship": "Outer",
          "Parallel Aware": false,
          "Startup Cost": 45606.48,
          "Total Cost": 45606.79,
          "Plan Rows": 3,
          "Plan Width": 8,
          "Actual Startup Time": 158.639,
          "Actual Total Time": 169.494,
          "Actual Rows": 4,
          "Actual Loops": 1,
          "Workers Planned": 3,
          "Workers Launched": 3,
          "Single Copy": false,
          "Plans": [
            {
              "Node Type": "Aggregate",
              "Strategy": "Plain",
              "Partial Mode": "Partial",
              "Parent Relationship": "Outer",
              "Parallel Aware": false,
              "Startup Cost": 44606.48,
              "Total Cost": 44606.49,
              "Plan Rows": 1,
              "Plan Width": 8,
              "Actual Startup Time": 152.92,
              "Actual Total Time": 152.921,
              "Actual Rows": 1,
              "Actual Loops": 4,
              "Plans": [
                {
                  "Node Type": "Seq Scan",
                  "Parent Relationship": "Outer",
                  "Parallel Aware": true,
                  "Relation Name": "movie_keyword",
                  "Alias": "mk",
                  "Startup Cost": 0.0,
                  "Total Cost": 42695.65,
                  "Plan Rows": 764330,
                  "Plan Width": 0,
                  "Actual Startup Time": 0.045,
                  "Actual Total Time": 123.344,
                  "Actual Rows": 592182,
                  "Actual Loops": 4,
                  "Filter": "(keyword_id < 5366)",
                  "Rows Removed by Filter": 538801
                }
              ]
            }
          ]
        }
      ]
    },
    "Planning Time": 0.306,
    "Triggers": [],
    "Execution Time": 169.621
  }
]