{
  "Plan": {
    "Node Type": "Aggregate",
    "Strategy": "Plain",
    "Partial Mode": "Finalize",
    "Parallel Aware": false,
    "Startup Cost": 200492.17,
    "Total Cost": 200492.18,
    "Plan Rows": 1,
    "Plan Width": 8,
    "Actual Startup Time": 1071.247,
    "Actual Total Time": 1088.668,
    "Actual Rows": 1,
    "Actual Loops": 1,
    "Plans": [
      {
        "Node Type": "Gather",
        "Parent Relationship": "Outer",
        "Parallel Aware": false,
        "Startup Cost": 200492.05,
        "Total Cost": 200492.16,
        "Plan Rows": 1,
        "Plan Width": 8,
        "Actual Startup Time": 1069.71,
        "Actual Total Time": 1088.662,
        "Actual Rows": 2,
        "Actual Loops": 1,
        "Workers Planned": 1,
        "Workers Launched": 1,
        "Single Copy": false,
        "Plans": [
          {
            "Node Type": "Aggregate",
            "Strategy": "Plain",
            "Partial Mode": "Partial",
            "Parent Relationship": "Outer",
            "Parallel Aware": false,
            "Startup Cost": 199492.05,
            "Total Cost": 199492.06,
            "Plan Rows": 1,
            "Plan Width": 8,
            "Actual Startup Time": 1065.145,
            "Actual Total Time": 1065.148,
            "Actual Rows": 1,
            "Actual Loops": 2,
            "Plans": [
              {
                "Node Type": "Hash Join",
                "Parent Relationship": "Outer",
                "Parallel Aware": true,
                "Join Type": "Inner",
                "Startup Cost": 66998.37,
                "Total Cost": 198744.11,
                "Plan Rows": 299176,
                "Plan Width": 0,
                "Actual Startup Time": 371.684,
                "Actual Total Time": 1038.388,
                "Actual Rows": 626278,
                "Actual Loops": 2,
                "Inner Unique": true,
                "Hash Cond": "(ci.movie_id = t.id)",
                "Plans": [
                  {
                    "Node Type": "Index Scan",
                    "Parent Relationship": "Outer",
                    "Parallel Aware": true,
                    "Scan Direction": "Forward",
                    "Index Name": "role_id_cast_info",
                    "Relation Name": "cast_info",
                    "Alias": "ci",
                    "Startup Cost": 0.56,
                    "Total Cost": 130066.5,
                    "Plan Rows": 639926,
                    "Plan Width": 4,
                    "Actual Startup Time": 29.36,
                    "Actual Total Time": 293.662,
                    "Actual Rows": 1032964,
                    "Actual Loops": 2,
                    "Index Cond": "(role_id = 3)",
                    "Rows Removed by Index Recheck": 0,
                    "Filter": "(person_id > 2743242)",
                    "Rows Removed by Filter": 971054
                  },
                  {
                    "Node Type": "Hash",
                    "Parent Relationship": "Inner",
                    "Parallel Aware": true,
                    "Startup Cost": 58306.47,
                    "Total Cost": 58306.47,
                    "Plan Rows": 695307,
                    "Plan Width": 4,
                    "Actual Startup Time": 332.835,
                    "Actual Total Time": 332.836,
                    "Actual Rows": 634318,
                    "Actual Loops": 2,
                    "Hash Buckets": 2097152,
                    "Original Hash Buckets": 2097152,
                    "Hash Batches": 1,
                    "Original Hash Batches": 1,
                    "Peak Memory Usage": 66048,
                    "Plans": [
                      {
                        "Node Type": "Seq Scan",
                        "Parent Relationship": "Outer",
                        "Parallel Aware": true,
                        "Relation Name": "title",
                        "Alias": "t",
                        "Startup Cost": 0.0,
                        "Total Cost": 58306.47,
                        "Plan Rows": 695307,
                        "Plan Width": 4,
                        "Actual Startup Time": 0.026,
                        "Actual Total Time": 160.534,
                        "Actual Rows": 634318,
                        "Actual Loops": 2,
                        "Filter": "((production_year > 1980) AND (kind_id = 7))",
                        "Rows Removed by Filter": 629838
                      }
                    ]
                  }
                ]
              }
            ]
          }
        ]
      }
    ]
  },
  "Planning Time": 0.387,
  "Triggers": [],
  "Execution Time": 1088.715
}