{
  "Plan": {
    "Node Type": "Aggregate",
    "Strategy": "Plain",
    "Partial Mode": "Simple",
    "Parallel Aware": false,
    "Startup Cost": 539684.34,
    "Total Cost": 539684.35,
    "Plan Rows": 1,
    "Plan Width": 96,
    "Actual Startup Time": 6259.47,
    "Actual Total Time": 6259.657,
    "Actual Rows": 1,
    "Actual Loops": 1,
    "Plans": [
      {
        "Node Type": "Hash Join",
        "Parent Relationship": "Outer",
        "Parallel Aware": false,
        "Join Type": "Inner",
        "Startup Cost": 429647.7,
        "Total Cost": 539684.33,
        "Plan Rows": 1,
        "Plan Width": 66,
        "Actual Startup Time": 5835.568,
        "Actual Total Time": 6259.631,
        "Actual Rows": 11,
        "Actual Loops": 1,
        "Inner Unique": false,
        "Hash Cond": "(n.id = ci.person_id)",
        "Plans": [
          {
            "Node Type": "Seq Scan",
            "Parent Relationship": "Outer",
            "Parallel Aware": false,
            "Relation Name": "name",
            "Alias": "n",
            "Startup Cost": 0.0,
            "Total Cost": 107705.21,
            "Plan Rows": 621709,
            "Plan Width": 4,
            "Actual Startup Time": 486.129,
            "Actual Total Time": 865.704,
            "Actual Rows": 961555,
            "Actual Loops": 1,
            "Filter": "((gender IS NOT NULL) AND ((gender)::text = 'f'::text))",
            "Rows Removed by Filter": 3205936
          },
          {
            "Node Type": "Hash",
            "Parent Relationship": "Inner",
            "Parallel Aware": false,
            "Startup Cost": 429647.68,
            "Total Cost": 429647.68,
            "Plan Rows": 1,
            "Plan Width": 70,
            "Actual Startup Time": 5339.299,
            "Actual Total Time": 5339.485,
            "Actual Rows": 268,
            "Actual Loops": 1,
            "Hash Buckets": 1024,
            "Original Hash Buckets": 1024,
            "Hash Batches": 1,
            "Original Hash Batches": 1,
            "Peak Memory Usage": 25,
            "Plans": [
              {
                "Node Type": "Hash Join",
                "Parent Relationship": "Outer",
                "Parallel Aware": false,
                "Join Type": "Inner",
                "Startup Cost": 236410.55,
                "Total Cost": 429647.68,
                "Plan Rows": 1,
                "Plan Width": 70,
                "Actual Startup Time": 1370.066,
                "Actual Total Time": 5339.295,
                "Actual Rows": 268,
                "Actual Loops": 1,
                "Inner Unique": true,
                "Hash Cond": "(mi_idx.info_type_id = it2.id)",
                "Plans": [
                  {
                    "Node Type": "Merge Join",
                    "Parent Relationship": "Outer",
                    "Parallel Aware": false,
                    "Join Type": "Inner",
                    "Startup Cost": 236408.12,
                    "Total Cost": 429645.2,
                    "Plan Rows": 23,
                    "Plan Width": 74,
                    "Actual Startup Time": 1162.841,
                    "Actual Total Time": 5338.742,
                    "Actual Rows": 912,
                    "Actual Loops": 1,
                    "Inner Unique": false,
                    "Merge Cond": "(mi_idx.movie_id = t.id)",
                    "Plans": [
                      {
                        "Node Type": "Sort",
                        "Parent Relationship": "Outer",
                        "Parallel Aware": false,
                        "Startup Cost": 24822.87,
                        "Total Cost": 24945.14,
                        "Plan Rows": 48908,
                        "Plan Width": 14,
                        "Actual Startup Time": 109.178,
                        "Actual Total Time": 114.773,
                        "Actual Rows": 52629,
                        "Actual Loops": 1,
                        "Sort Key": [
                          "mi_idx.movie_id"
                        ],
                        "Sort Method": "quicksort",
                        "Sort Space Used": 4022,
                        "Sort Space Type": "Memory",
                        "Plans": [
                          {
                            "Node Type": "Gather",
                            "Parent Relationship": "Outer",
                            "Parallel Aware": false,
                            "Startup Cost": 1000.0,
                            "Total Cost": 21013.48,
                            "Plan Rows": 48908,
                            "Plan Width": 14,
                            "Actual Startup Time": 0.595,
                            "Actual Total Time": 91.201,
                            "Actual Rows": 52629,
                            "Actual Loops": 1,
                            "Workers Planned": 2,
                            "Workers Launched": 2,
                            "Single Copy": false,
                            "Plans": [
                              {
                                "Node Type": "Seq Scan",
                                "Parent Relationship": "Outer",
                                "Parallel Aware": true,
                                "Relation Name": "movie_info_idx",
                                "Alias": "mi_idx",
                                "Startup Cost": 0.0,
                                "Total Cost": 15122.68,
                                "Plan Rows": 20378,
                                "Plan Width": 14,
                                "Actual Startup Time": 0.08,
                                "Actual Total Time": 83.238,
                                "Actual Rows": 17543,
                                "Actual Loops": 3,
                                "Filter": "(info > '8.0'::text)",
                                "Rows Removed by Filter": 442469
                              }
                            ]
                          }
                        ]
                      },
                      {
                        "Node Type": "Materialize",
                        "Parent Relationship": "Inner",
                        "Parallel Aware": false,
                        "Startup Cost": 211585.25,
                        "Total Cost": 404577.22,
                        "Plan Rows": 211,
                        "Plan Width": 76,
                        "Actual Startup Time": 820.425,
                        "Actual Total Time": 5215.587,
                        "Actual Rows": 23130,
                        "Actual Loops": 1,
                        "Plans": [
                          {
                            "Node Type": "Nested Loop",
                            "Parent Relationship": "Outer",
                            "Parallel Aware": false,
                            "Join Type": "Inner",
                            "Startup Cost": 211585.25,
                            "Total Cost": 404576.69,
                            "Plan Rows": 211,
                            "Plan Width": 76,
                            "Actual Startup Time": 820.419,
                            "Actual Total Time": 5202.564,
                            "Actual Rows": 23109,
                            "Actual Loops": 1,
                            "Inner Unique": true,
                            "Join Filter": "(mi.info_type_id = it1.id)",
                            "Rows Removed by Join Filter": 0,
                            "Plans": [
                              {
                                "Node Type": "Nested Loop",
                                "Parent Relationship": "Outer",
                                "Parallel Aware": false,
                                "Join Type": "Inner",
                                "Startup Cost": 211585.25,
                                "Total Cost": 404216.38,
                                "Plan Rows": 23860,
                                "Plan Width": 80,
                                "Actual Startup Time": 820.388,
                                "Actual Total Time": 5194.418,
                                "Actual Rows": 23109,
                                "Actual Loops": 1,
                                "Inner Unique": false,
                                "Plans": [
                                  {
                                    "Node Type": "Merge Join",
                                    "Parent Relationship": "Outer",
                                    "Parallel Aware": false,
                                    "Join Type": "Inner",
                                    "Startup Cost": 211584.69,
                                    "Total Cost": 336946.93,
                                    "Plan Rows": 19820,
                                    "Plan Width": 72,
                                    "Actual Startup Time": 786.109,
                                    "Actual Total Time": 2725.85,
                                    "Actual Rows": 34899,
                                    "Actual Loops": 1,
                                    "Inner Unique": false,
                                    "Merge Cond": "(t.id = mi.movie_id)",
                                    "Plans": [
                                      {
                                        "Node Type": "Index Scan",
                                        "Parent Relationship": "Outer",
                                        "Parallel Aware": false,
                                        "Scan Direction": "Forward",
                                        "Index Name": "title_pkey",
                                        "Relation Name": "title",
                                        "Alias": "t",
                                        "Startup Cost": 0.43,
                                        "Total Cost": 123001.61,
                                        "Plan Rows": 789130,
                                        "Plan Width": 21,
                                        "Actual Startup Time": 0.143,
                                        "Actual Total Time": 1872.502,
                                        "Actual Rows": 784257,
                                        "Actual Loops": 1,
                                        "Filter": "((production_year >= 2008) AND (production_year <= 2014))",
                                        "Rows Removed by Filter": 1741509
                                      },
                                      {
                                        "Node Type": "Sort",
                                        "Parent Relationship": "Inner",
                                        "Parallel Aware": false,
                                        "Startup Cost": 211580.93,
                                        "Total Cost": 211739.7,
                                        "Plan Rows": 63506,
                                        "Plan Width": 51,
                                        "Actual Startup Time": 770.563,
                                        "Actual Total Time": 784.988,
                                        "Actual Rows": 73045,
                                        "Actual Loops": 1,
                                        "Sort Key": [
                                          "mi.movie_id"
                                        ],
                                        "Sort Method": "quicksort",
                                        "Sort Space Used": 7817,
                                        "Sort Space Type": "Memory",
                                        "Plans": [
                                          {
                                            "Node Type": "Gather",
                                            "Parent Relationship": "Outer",
                                            "Parallel Aware": false,
                                            "Startup Cost": 1000.0,
                                            "Total Cost": 206514.87,
                                            "Plan Rows": 63506,
                                            "Plan Width": 51,
                                            "Actual Startup Time": 482.839,
                                            "Actual Total Time": 744.551,
                                            "Actual Rows": 73047,
                                            "Actual Loops": 1,
                                            "Workers Planned": 5,
                                            "Workers Launched": 5,
                                            "Single Copy": false,
                                            "Plans": [
                                              {
                                                "Node Type": "Seq Scan",
                                                "Parent Relationship": "Outer",
                                                "Parallel Aware": true,
                                                "Relation Name": "movie_info",
                                                "Alias": "mi",
                                                "Startup Cost": 0.0,
                                                "Total Cost": 199164.27,
                                                "Plan Rows": 12701,
                                                "Plan Width": 51,
                                                "Actual Startup Time": 474.915,
                                                "Actual Total Time": 742.907,
                                                "Actual Rows": 12174,
                                                "Actual Loops": 6,
                                                "Filter": "((note IS NULL) AND (info = ANY ('{Horror,Thriller}'::text[])))",
                                                "Rows Removed by Filter": 2460446
                                              }
                                            ]
                                          }
                                        ]
                                      }
                                    ]
                                  },
                                  {
                                    "Node Type": "Index Scan",
                                    "Parent Relationship": "Inner",
                                    "Parallel Aware": false,
                                    "Scan Direction": "Forward",
                                    "Index Name": "movie_id_cast_info",
                                    "Relation Name": "cast_info",
                                    "Alias": "ci",
                                    "Startup Cost": 0.56,
                                    "Total Cost": 3.38,
                                    "Plan Rows": 1,
                                    "Plan Width": 8,
                                    "Actual Startup Time": 0.06,
                                    "Actual Total Time": 0.07,
                                    "Actual Rows": 1,
                                    "Actual Loops": 34899,
                                    "Index Cond": "(movie_id = t.id)",
                                    "Rows Removed by Index Recheck": 0,
                                    "Filter": "(note = ANY ('{(writer),\"(head writer)\",\"(written by)\",(story),\"(story editor)\"}'::text[]))",
                                    "Rows Removed by Filter": 23
                                  }
                                ]
                              },
                              {
                                "Node Type": "Materialize",
                                "Parent Relationship": "Inner",
                                "Parallel Aware": false,
                                "Startup Cost": 0.0,
                                "Total Cost": 2.42,
                                "Plan Rows": 1,
                                "Plan Width": 4,
                                "Actual Startup Time": 0.0,
                                "Actual Total Time": 0.0,
                                "Actual Rows": 1,
                                "Actual Loops": 23109,
                                "Plans": [
                                  {
                                    "Node Type": "Seq Scan",
                                    "Parent Relationship": "Outer",
                                    "Parallel Aware": false,
                                    "Relation Name": "info_type",
                                    "Alias": "it1",
                                    "Startup Cost": 0.0,
                                    "Total Cost": 2.41,
                                    "Plan Rows": 1,
                                    "Plan Width": 4,
                                    "Actual Startup Time": 0.019,
                                    "Actual Total Time": 0.019,
                                    "Actual Rows": 1,
                                    "Actual Loops": 1,
                                    "Filter": "((info)::text = 'genres'::text)",
                                    "Rows Removed by Filter": 2
                                  }
                                ]
                              }
                            ]
                          }
                        ]
                      }
                    ]
                  },
                  {
                    "Node Type": "Hash",
                    "Parent Relationship": "Inner",
                    "Parallel Aware": false,
                    "Startup Cost": 2.41,
                    "Total Cost": 2.41,
                    "Plan Rows": 1,
                    "Plan Width": 4,
                    "Actual Startup Time": 0.038,
                    "Actual Total Time": 0.039,
                    "Actual Rows": 1,
                    "Actual Loops": 1,
                    "Hash Buckets": 1024,
                    "Original Hash Buckets": 1024,
                    "Hash Batches": 1,
                    "Original Hash Batches": 1,
                    "Peak Memory Usage": 9,
                    "Plans": [
                      {
                        "Node Type": "Seq Scan",
                        "Parent Relationship": "Outer",
                        "Parallel Aware": false,
                        "Relation Name": "info_type",
                        "Alias": "it2",
                        "Startup Cost": 0.0,
                        "Total Cost": 2.41,
                        "Plan Rows": 1,
                        "Plan Width": 4,
                        "Actual Startup Time": 0.028,
                        "Actual Total Time": 0.03,
                        "Actual Rows": 1,
                        "Actual Loops": 1,
                        "Filter": "((info)::text = 'rating'::text)",
                        "Rows Removed by Filter": 112
                      }
                    ]
                  }
                ]
              }
            ]
          }
        ]
      }
    ]
  },
  "Planning Time": 13.026,
  "Triggers": [],
  "Execution Time": 6261.099
}