[
  {
    "Plan": {
      "Node Type": "Aggregate",
      "Strategy": "Plain",
      "Partial Mode": "Finalize",
      "Parallel Aware": false,
      "Startup Cost": 44768.26,
      "Total Cost": 44768.27,
      "Plan Rows": 1,
      "Plan Width": 8,
      "Actual Startup Time": 124.802,
      "Actual Total Time": 134.336,
      "Actual Rows": 1,
      "Actual Loops": 1,
      "Plans": [
        {
          "Node Type": "Gather",
          "Parent Relationship": "Outer",
          "Parallel Aware": false,
          "Startup Cost": 44767.94,
          "Total Cost": 44768.25,
          "Plan Rows": 3,
          "Plan Width": 8,
          "Actual Startup Time": 124.676,
          "Actual Total Time": 134.329,
          "Actual Rows": 4,
          "Actual Loops": 1,
          "Workers Planned": 3,
          "Workers Launched": 3,
          "Single Copy": false,
          "Plans": [
            {
              "Node Type": "Aggregate",
              "Strategy": "Plain",
              "Partial Mode": "Partial",
              "Parent Relationship": "Outer",
              "Parallel Aware": false,
              "Startup Cost": 43767.94,
              "Total Cost": 43767.95,
              "Plan Rows": 1,
              "Plan Width": 8,
              "Actual Startup Time": 119.071,
              "Actual Total Time": 119.072,
              "Actual Rows": 1,
              "Actual Loops": 4,
              "Plans": [
                {
                  "Node Type": "Seq Scan",
                  "Parent Relationship": "Outer",
                  "Parallel Aware": true,
                  "Relation Name": "movie_keyword",
                  "Alias": "mk",
                  "Startup Cost": 0.0,
                  "Total Cost": 42695.65,
                  "Plan Rows": 428916,
                  "Plan Width": 0,
                  "Actual Startup Time": 0.047,
                  "Actual Total Time": 103.15,
                  "Actual Rows": 336396,
                  "Actual Loops": 4,
                  "Filter": "(keyword_id < 1753)",
                  "Rows Removed by Filter": 794587
                }
              ]
            }
          ]
        }
      ]
    },
    "Planning Time": 0.112,
    "Triggers": [],
    "Execution Time": 134.374
  }
]