{
  "Plan": {
    "Node Type": "Aggregate",
    "Strategy": "Plain",
    "Partial Mode": "Finalize",
    "Parallel Aware": false,
    "Startup Cost": 138501.32,
    "Total Cost": 138501.33,
    "Plan Rows": 1,
    "Plan Width": 8,
    "Actual Startup Time": 1279.303,
    "Actual Total Time": 1307.203,
    "Actual Rows": 1,
    "Actual Loops": 1,
    "Plans": [
      {
        "Node Type": "Gather",
        "Parent Relationship": "Outer",
        "Parallel Aware": false,
        "Startup Cost": 138501.21,
        "Total Cost": 138501.32,
        "Plan Rows": 1,
        "Plan Width": 8,
        "Actual Startup Time": 1271.385,
        "Actual Total Time": 1307.186,
        "Actual Rows": 2,
        "Actual Loops": 1,
        "Workers Planned": 1,
        "Workers Launched": 1,
        "Single Copy": false,
        "Plans": [
          {
            "Node Type": "Aggregate",
            "Strategy": "Plain",
            "Partial Mode": "Partial",
            "Parent Relationship": "Outer",
            "Parallel Aware": false,
            "Startup Cost": 137501.21,
            "Total Cost": 137501.22,
            "Plan Rows": 1,
            "Plan Width": 8,
            "Actual Startup Time": 1267.149,
            "Actual Total Time": 1267.584,
            "Actual Rows": 1,
            "Actual Loops": 2,
            "Plans": [
              {
                "Node Type": "Hash Join",
                "Parent Relationship": "Outer",
                "Parallel Aware": true,
                "Join Type": "Inner",
                "Startup Cost": 116762.88,
                "Total Cost": 137011.7,
                "Plan Rows": 195802,
                "Plan Width": 0,
                "Actual Startup Time": 1024.191,
                "Actual Total Time": 1230.861,
                "Actual Rows": 700003,
                "Actual Loops": 2,
                "Inner Unique": false,
                "Hash Cond": "(mi_idx.movie_id = t.id)",
                "Plans": [
                  {
                    "Node Type": "Seq Scan",
                    "Parent Relationship": "Outer",
                    "Parallel Aware": true,
                    "Relation Name": "movie_info_idx",
                    "Alias": "mi_idx",
                    "Startup Cost": 0.0,
                    "Total Cost": 16052.85,
                    "Plan Rows": 811785,
                    "Plan Width": 4,
                    "Actual Startup Time": 0.028,
                    "Actual Total Time": 60.131,
                    "Actual Rows": 690018,
                    "Actual Loops": 2
                  },
                  {
                    "Node Type": "Hash",
                    "Parent Relationship": "Inner",
                    "Parallel Aware": true,
                    "Startup Cost": 112278.89,
                    "Total Cost": 112278.89,
                    "Plan Rows": 358719,
                    "Plan Width": 8,
                    "Actual Startup Time": 1003.396,
                    "Actual Total Time": 1003.828,
                    "Actual Rows": 298670,
                    "Actual Loops": 2,
                    "Hash Buckets": 1048576,
                    "Original Hash Buckets": 1048576,
                    "Hash Batches": 1,
                    "Original Hash Batches": 1,
                    "Peak Memory Usage": 31584,
                    "Plans": [
                      {
                        "Node Type": "Hash Join",
                        "Parent Relationship": "Outer",
                        "Parallel Aware": true,
                        "Join Type": "Inner",
                        "Startup Cost": 82399.26,
                        "Total Cost": 112278.89,
                        "Plan Rows": 358719,
                        "Plan Width": 8,
                        "Actual Startup Time": 721.343,
                        "Actual Total Time": 917.464,
                        "Actual Rows": 298670,
                        "Actual Loops": 2,
                        "Inner Unique": true,
                        "Hash Cond": "(mk.movie_id = t.id)",
                        "Plans": [
                          {
                            "Node Type": "Bitmap Heap Scan",
                            "Parent Relationship": "Outer",
                            "Parallel Aware": true,
                            "Relation Name": "movie_keyword",
                            "Alias": "mk",
                            "Startup Cost": 12938.56,
                            "Total Cost": 41876.55,
                            "Plan Rows": 358719,
                            "Plan Width": 4,
                            "Actual Startup Time": 56.124,
                            "Actual Total Time": 151.045,
                            "Actual Rows": 298670,
                            "Actual Loops": 2,
                            "Recheck Cond": "(keyword_id > 30739)",
                            "Rows Removed by Index Recheck": 0,
                            "Exact Heap Blocks": 13613,
                            "Lossy Heap Blocks": 0,
                            "Plans": [
                              {
                                "Node Type": "Bitmap Index Scan",
                                "Parent Relationship": "Outer",
                                "Parallel Aware": false,
                                "Index Name": "keyword_id_movie_keyword",
                                "Startup Cost": 0.0,
                                "Total Cost": 12786.11,
                                "Plan Rows": 609823,
                                "Plan Width": 0,
                                "Actual Startup Time": 50.618,
                                "Actual Total Time": 50.618,
                                "Actual Rows": 597341,
                                "Actual Loops": 1,
                                "Index Cond": "(keyword_id > 30739)"
                              }
                            ]
                          },
                          {
                            "Node Type": "Hash",
                            "Parent Relationship": "Inner",
                            "Parallel Aware": true,
                            "Startup Cost": 50870.31,
                            "Total Cost": 50870.31,
                            "Plan Rows": 1487231,
                            "Plan Width": 4,
                            "Actual Startup Time": 649.493,
                            "Actual Total Time": 649.495,
                            "Actual Rows": 1264156,
                            "Actual Loops": 2,
                            "Hash Buckets": 4194304,
                            "Original Hash Buckets": 4194304,
                            "Hash Batches": 1,
                            "Original Hash Batches": 1,
                            "Peak Memory Usage": 131712,
                            "Plans": [
                              {
                                "Node Type": "Seq Scan",
                                "Parent Relationship": "Outer",
                                "Parallel Aware": true,
                                "Relation Name": "title",
                                "Alias": "t",
                                "Startup Cost": 0.0,
                                "Total Cost": 50870.31,
                                "Plan Rows": 1487231,
                                "Plan Width": 4,
                                "Actual Startup Time": 0.027,
                                "Actual Total Time": 188.592,
                                "Actual Rows": 1264156,
                                "Actual Loops": 2
                              }
                            ]
                          }
                        ]
                      }
                    ]
                  }
                ]
              }
            ]
          }
        ]
      }
    ]
  },
  "Planning Time": 0.884,
  "Triggers": [],
  "Execution Time": 1307.299
}