[
  {
    "Plan": {
      "Node Type": "Aggregate",
      "Strategy": "Plain",
      "Partial Mode": "Finalize",
      "Parallel Aware": false,
      "Startup Cost": 31999.23,
      "Total Cost": 31999.24,
      "Plan Rows": 1,
      "Plan Width": 8,
      "Actual Startup Time": 152.04,
      "Actual Total Time": 165.662,
      "Actual Rows": 1,
      "Actual Loops": 1,
      "Plans": [
        {
          "Node Type": "Gather",
          "Parent Relationship": "Outer",
          "Parallel Aware": false,
          "Startup Cost": 31998.91,
          "Total Cost": 31999.22,
          "Plan Rows": 3,
          "Plan Width": 8,
          "Actual Startup Time": 151.668,
          "Actual Total Time": 165.65,
          "Actual Rows": 4,
          "Actual Loops": 1,
          "Workers Planned": 3,
          "Workers Launched": 3,
          "Single Copy": false,
          "Plans": [
            {
              "Node Type": "Aggregate",
              "Strategy": "Plain",
              "Partial Mode": "Partial",
              "Parent Relationship": "Outer",
              "Parallel Aware": false,
              "Startup Cost": 30998.91,
              "Total Cost": 30998.92,
              "Plan Rows": 1,
              "Plan Width": 8,
              "Actual Startup Time": 144.753,
              "Actual Total Time": 144.755,
              "Actual Rows": 1,
              "Actual Loops": 4,
              "Plans": [
                {
                  "Node Type": "Seq Scan",
                  "Parent Relationship": "Outer",
                  "Parallel Aware": true,
                  "Relation Name": "movie_companies",
                  "Alias": "mc",
                  "Startup Cost": 0.0,
                  "Total Cost": 29310.68,
                  "Plan Rows": 675292,
                  "Plan Width": 0,
                  "Actual Startup Time": 0.132,
                  "Actual Total Time": 110.165,
                  "Actual Rows": 525161,
                  "Actual Loops": 4,
                  "Filter": "(company_id > 464)",
                  "Rows Removed by Filter": 127122
                }
              ]
            }
          ]
        }
      ]
    },
    "Planning Time": 0.099,
    "Triggers": [],
    "Execution Time": 165.701
  }
]