[
    {
        "Bao": {
            "Bao prediction": "NaN",
            "Bao recommended hint": "(no hint)"
        }
    },
    {
        "Plan": {
            "Node Type": "Aggregate",
            "Strategy": "Plain",
            "Partial Mode": "Finalize",
            "Parallel Aware": false,
            "Startup Cost": 34681.86,
            "Total Cost": 34681.87,
            "Plan Rows": 1,
            "Plan Width": 8,
            "Actual Startup Time": 110.615,
            "Actual Total Time": 116.231,
            "Actual Rows": 1,
            "Actual Loops": 1,
            "Output": [
                "count(*)"
            ],
            "Plans": [
                {
                    "Node Type": "Gather",
                    "Parent Relationship": "Outer",
                    "Parallel Aware": false,
                    "Startup Cost": 34681.54,
                    "Total Cost": 34681.85,
                    "Plan Rows": 3,
                    "Plan Width": 8,
                    "Actual Startup Time": 110.357,
                    "Actual Total Time": 116.223,
                    "Actual Rows": 4,
                    "Actual Loops": 1,
                    "Output": [
                        "(PARTIAL count(*))"
                    ],
                    "Workers Planned": 3,
                    "Workers Launched": 3,
                    "Single Copy": false,
                    "Plans": [
                        {
                            "Node Type": "Aggregate",
                            "Strategy": "Plain",
                            "Partial Mode": "Partial",
                            "Parent Relationship": "Outer",
                            "Parallel Aware": false,
                            "Startup Cost": 33681.54,
                            "Total Cost": 33681.55,
                            "Plan Rows": 1,
                            "Plan Width": 8,
                            "Actual Startup Time": 101.274,
                            "Actual Total Time": 101.275,
                            "Actual Rows": 1,
                            "Actual Loops": 4,
                            "Output": [
                                "PARTIAL count(*)"
                            ],
                            "Workers": [
                                {
                                    "Worker Number": 0,
                                    "Actual Startup Time": 97.978,
                                    "Actual Total Time": 97.979,
                                    "Actual Rows": 1,
                                    "Actual Loops": 1
                                },
                                {
                                    "Worker Number": 1,
                                    "Actual Startup Time": 97.935,
                                    "Actual Total Time": 97.937,
                                    "Actual Rows": 1,
                                    "Actual Loops": 1
                                },
                                {
                                    "Worker Number": 2,
                                    "Actual Startup Time": 99.323,
                                    "Actual Total Time": 99.325,
                                    "Actual Rows": 1,
                                    "Actual Loops": 1
                                }
                            ],
                            "Plans": [
                                {
                                    "Node Type": "Bitmap Heap Scan",
                                    "Parent Relationship": "Outer",
                                    "Parallel Aware": true,
                                    "Relation Name": "movie_keyword",
                                    "Schema": "public",
                                    "Alias": "mk",
                                    "Startup Cost": 7513.6,
                                    "Total Cost": 33395.89,
                                    "Plan Rows": 114263,
                                    "Plan Width": 0,
                                    "Actual Startup Time": 34.36,
                                    "Actual Total Time": 95.964,
                                    "Actual Rows": 87825,
                                    "Actual Loops": 4,
                                    "Recheck Cond": "(mk.keyword_id > 47389)",
                                    "Rows Removed by Index Recheck": 0,
                                    "Exact Heap Blocks": 11184,
                                    "Lossy Heap Blocks": 0,
                                    "Workers": [
                                        {
                                            "Worker Number": 0,
                                            "Actual Startup Time": 31.121,
                                            "Actual Total Time": 93.134,
                                            "Actual Rows": 63267,
                                            "Actual Loops": 1
                                        },
                                        {
                                            "Worker Number": 1,
                                            "Actual Startup Time": 31.232,
                                            "Actual Total Time": 93.509,
                                            "Actual Rows": 60999,
                                            "Actual Loops": 1
                                        },
                                        {
                                            "Worker Number": 2,
                                            "Actual Startup Time": 32.474,
                                            "Actual Total Time": 94.453,
                                            "Actual Rows": 49705,
                                            "Actual Loops": 1
                                        }
                                    ],
                                    "Plans": [
                                        {
                                            "Node Type": "Bitmap Index Scan",
                                            "Parent Relationship": "Outer",
                                            "Parallel Aware": false,
                                            "Index Name": "keyword_id_movie_keyword",
                                            "Startup Cost": 0.0,
                                            "Total Cost": 7425.04,
                                            "Plan Rows": 354215,
                                            "Plan Width": 0,
                                            "Actual Startup Time": 39.321,
                                            "Actual Total Time": 39.321,
                                            "Actual Rows": 351300,
                                            "Actual Loops": 1,
                                            "Index Cond": "(mk.keyword_id > 47389)"
                                        }
                                    ]
                                }
                            ]
                        }
                    ]
                }
            ]
        },
        "Planning Time": 175.833,
        "Triggers": [],
        "Execution Time": 116.316
    }
]