{
  "Plan": {
    "Node Type": "Aggregate",
    "Strategy": "Plain",
    "Partial Mode": "Finalize",
    "Parallel Aware": false,
    "Startup Cost": 138950.14,
    "Total Cost": 138950.15,
    "Plan Rows": 1,
    "Plan Width": 8,
    "Actual Startup Time": 692.982,
    "Actual Total Time": 743.003,
    "Actual Rows": 1,
    "Actual Loops": 1,
    "Plans": [
      {
        "Node Type": "Gather",
        "Parent Relationship": "Outer",
        "Parallel Aware": false,
        "Startup Cost": 138950.03,
        "Total Cost": 138950.14,
        "Plan Rows": 1,
        "Plan Width": 8,
        "Actual Startup Time": 691.838,
        "Actual Total Time": 742.993,
        "Actual Rows": 2,
        "Actual Loops": 1,
        "Workers Planned": 1,
        "Workers Launched": 1,
        "Single Copy": false,
        "Plans": [
          {
            "Node Type": "Aggregate",
            "Strategy": "Plain",
            "Partial Mode": "Partial",
            "Parent Relationship": "Outer",
            "Parallel Aware": false,
            "Startup Cost": 137950.03,
            "Total Cost": 137950.04,
            "Plan Rows": 1,
            "Plan Width": 8,
            "Actual Startup Time": 685.494,
            "Actual Total Time": 685.499,
            "Actual Rows": 1,
            "Actual Loops": 2,
            "Plans": [
              {
                "Node Type": "Nested Loop",
                "Parent Relationship": "Outer",
                "Parallel Aware": false,
                "Join Type": "Inner",
                "Startup Cost": 60446.52,
                "Total Cost": 137880.0,
                "Plan Rows": 28011,
                "Plan Width": 0,
                "Actual Startup Time": 249.473,
                "Actual Total Time": 674.38,
                "Actual Rows": 193256,
                "Actual Loops": 2,
                "Inner Unique": false,
                "Plans": [
                  {
                    "Node Type": "Hash Join",
                    "Parent Relationship": "Outer",
                    "Parallel Aware": true,
                    "Join Type": "Inner",
                    "Startup Cost": 60446.08,
                    "Total Cost": 86400.22,
                    "Plan Rows": 12156,
                    "Plan Width": 8,
                    "Actual Startup Time": 249.396,
                    "Actual Total Time": 317.159,
                    "Actual Rows": 19670,
                    "Actual Loops": 2,
                    "Inner Unique": true,
                    "Hash Cond": "(mk.movie_id = t.id)",
                    "Plans": [
                      {
                        "Node Type": "Bitmap Heap Scan",
                        "Parent Relationship": "Outer",
                        "Parallel Aware": true,
                        "Relation Name": "movie_keyword",
                        "Alias": "mk",
                        "Startup Cost": 3579.17,
                        "Total Cost": 29272.95,
                        "Plan Rows": 99183,
                        "Plan Width": 4,
                        "Actual Startup Time": 20.844,
                        "Actual Total Time": 65.048,
                        "Actual Rows": 80200,
                        "Actual Loops": 2,
                        "Recheck Cond": "(keyword_id > 72811)",
                        "Rows Removed by Index Recheck": 0,
                        "Exact Heap Blocks": 13590,
                        "Lossy Heap Blocks": 0,
                        "Plans": [
                          {
                            "Node Type": "Bitmap Index Scan",
                            "Parent Relationship": "Outer",
                            "Parallel Aware": false,
                            "Index Name": "keyword_id_movie_keyword",
                            "Startup Cost": 0.0,
                            "Total Cost": 3537.01,
                            "Plan Rows": 168611,
                            "Plan Width": 0,
                            "Actual Startup Time": 16.173,
                            "Actual Total Time": 16.173,
                            "Actual Rows": 160399,
                            "Actual Loops": 1,
                            "Index Cond": "(keyword_id > 72811)"
                          }
                        ]
                      },
                      {
                        "Node Type": "Hash",
                        "Parent Relationship": "Inner",
                        "Parallel Aware": true,
                        "Startup Cost": 54588.39,
                        "Total Cost": 54588.39,
                        "Plan Rows": 182282,
                        "Plan Width": 4,
                        "Actual Startup Time": 223.212,
                        "Actual Total Time": 223.212,
                        "Actual Rows": 161622,
                        "Actual Loops": 2,
                        "Hash Buckets": 524288,
                        "Original Hash Buckets": 524288,
                        "Hash Batches": 1,
                        "Original Hash Batches": 1,
                        "Peak Memory Usage": 16768,
                        "Plans": [
                          {
                            "Node Type": "Seq Scan",
                            "Parent Relationship": "Outer",
                            "Parallel Aware": true,
                            "Relation Name": "title",
                            "Alias": "t",
                            "Startup Cost": 0.0,
                            "Total Cost": 54588.39,
                            "Plan Rows": 182282,
                            "Plan Width": 4,
                            "Actual Startup Time": 0.024,
                            "Actual Total Time": 168.038,
                            "Actual Rows": 161622,
                            "Actual Loops": 2,
                            "Filter": "(production_year < 1967)",
                            "Rows Removed by Filter": 1102534
                          }
                        ]
                      }
                    ]
                  },
                  {
                    "Node Type": "Index Scan",
                    "Parent Relationship": "Inner",
                    "Parallel Aware": false,
                    "Scan Direction": "Forward",
                    "Index Name": "movie_id_movie_info",
                    "Relation Name": "movie_info",
                    "Alias": "mi",
                    "Startup Cost": 0.43,
                    "Total Cost": 4.06,
                    "Plan Rows": 17,
                    "Plan Width": 4,
                    "Actual Startup Time": 0.004,
                    "Actual Total Time": 0.017,
                    "Actual Rows": 10,
                    "Actual Loops": 39339,
                    "Index Cond": "(movie_id = t.id)",
                    "Rows Removed by Index Recheck": 0,
                    "Filter": "(info_type_id < 7)",
                    "Rows Removed by Filter": 30
                  }
                ]
              }
            ]
          }
        ]
      }
    ]
  },
  "Planning Time": 0.977,
  "Triggers": [],
  "Execution Time": 743.13
}