[
  {
    "Plan": {
      "Node Type": "Aggregate",
      "Strategy": "Plain",
      "Partial Mode": "Finalize",
      "Parallel Aware": false,
      "Startup Cost": 46918.33,
      "Total Cost": 46918.34,
      "Plan Rows": 1,
      "Plan Width": 8,
      "Actual Startup Time": 106.867,
      "Actual Total Time": 117.771,
      "Actual Rows": 1,
      "Actual Loops": 1,
      "Plans": [
        {
          "Node Type": "Gather",
          "Parent Relationship": "Outer",
          "Parallel Aware": false,
          "Startup Cost": 46917.91,
          "Total Cost": 46918.32,
          "Plan Rows": 4,
          "Plan Width": 8,
          "Actual Startup Time": 106.668,
          "Actual Total Time": 117.761,
          "Actual Rows": 5,
          "Actual Loops": 1,
          "Workers Planned": 4,
          "Workers Launched": 4,
          "Single Copy": false,
          "Plans": [
            {
              "Node Type": "Aggregate",
              "Strategy": "Plain",
              "Partial Mode": "Partial",
              "Parent Relationship": "Outer",
              "Parallel Aware": false,
              "Startup Cost": 45917.91,
              "Total Cost": 45917.92,
              "Plan Rows": 1,
              "Plan Width": 8,
              "Actual Startup Time": 99.94,
              "Actual Total Time": 99.941,
              "Actual Rows": 1,
              "Actual Loops": 5,
              "Plans": [
                {
                  "Node Type": "Seq Scan",
                  "Parent Relationship": "Outer",
                  "Parallel Aware": true,
                  "Relation Name": "title",
                  "Alias": "t",
                  "Startup Cost": 0.0,
                  "Total Cost": 45479.59,
                  "Plan Rows": 175330,
                  "Plan Width": 0,
                  "Actual Startup Time": 0.055,
                  "Actual Total Time": 93.022,
                  "Actual Rows": 149986,
                  "Actual Loops": 5,
                  "Filter": "((kind_id < 7) AND (production_year < 2009))",
                  "Rows Removed by Filter": 355676
                }
              ]
            }
          ]
        }
      ]
    },
    "Planning Time": 0.114,
    "Triggers": [],
    "Execution Time": 117.809
  }
]