[
  {
    "Plan": {
      "Node Type": "Aggregate",
      "Strategy": "Plain",
      "Partial Mode": "Finalize",
      "Parallel Aware": false,
      "Startup Cost": 31966.49,
      "Total Cost": 31966.5,
      "Plan Rows": 1,
      "Plan Width": 8,
      "Actual Startup Time": 101.02,
      "Actual Total Time": 109.665,
      "Actual Rows": 1,
      "Actual Loops": 1,
      "Plans": [
        {
          "Node Type": "Gather",
          "Parent Relationship": "Outer",
          "Parallel Aware": false,
          "Startup Cost": 31966.17,
          "Total Cost": 31966.48,
          "Plan Rows": 3,
          "Plan Width": 8,
          "Actual Startup Time": 100.872,
          "Actual Total Time": 109.656,
          "Actual Rows": 4,
          "Actual Loops": 1,
          "Workers Planned": 3,
          "Workers Launched": 3,
          "Single Copy": false,
          "Plans": [
            {
              "Node Type": "Aggregate",
              "Strategy": "Plain",
              "Partial Mode": "Partial",
              "Parent Relationship": "Outer",
              "Parallel Aware": false,
              "Startup Cost": 30966.17,
              "Total Cost": 30966.18,
              "Plan Rows": 1,
              "Plan Width": 8,
              "Actual Startup Time": 97.461,
              "Actual Total Time": 97.462,
              "Actual Rows": 1,
              "Actual Loops": 4,
              "Plans": [
                {
                  "Node Type": "Seq Scan",
                  "Parent Relationship": "Outer",
                  "Parallel Aware": true,
                  "Relation Name": "movie_companies",
                  "Alias": "mc",
                  "Startup Cost": 0.0,
                  "Total Cost": 29310.68,
                  "Plan Rows": 662195,
                  "Plan Width": 0,
                  "Actual Startup Time": 0.014,
                  "Actual Total Time": 74.616,
                  "Actual Rows": 514392,
                  "Actual Loops": 4,
                  "Filter": "(company_id < 71838)",
                  "Rows Removed by Filter": 137890
                }
              ]
            }
          ]
        }
      ]
    },
    "Planning Time": 0.135,
    "Triggers": [],
    "Execution Time": 109.713
  }
]