[
  {
    "Plan": {
      "Node Type": "Aggregate",
      "Strategy": "Plain",
      "Partial Mode": "Finalize",
      "Parallel Aware": false,
      "Startup Cost": 45872.72,
      "Total Cost": 45872.73,
      "Plan Rows": 1,
      "Plan Width": 8,
      "Actual Startup Time": 141.022,
      "Actual Total Time": 150.316,
      "Actual Rows": 1,
      "Actual Loops": 1,
      "Plans": [
        {
          "Node Type": "Gather",
          "Parent Relationship": "Outer",
          "Parallel Aware": false,
          "Startup Cost": 45872.41,
          "Total Cost": 45872.72,
          "Plan Rows": 3,
          "Plan Width": 8,
          "Actual Startup Time": 140.909,
          "Actual Total Time": 150.309,
          "Actual Rows": 4,
          "Actual Loops": 1,
          "Workers Planned": 3,
          "Workers Launched": 3,
          "Single Copy": false,
          "Plans": [
            {
              "Node Type": "Aggregate",
              "Strategy": "Plain",
              "Partial Mode": "Partial",
              "Parent Relationship": "Outer",
              "Parallel Aware": false,
              "Startup Cost": 44872.41,
              "Total Cost": 44872.42,
              "Plan Rows": 1,
              "Plan Width": 8,
              "Actual Startup Time": 135.889,
              "Actual Total Time": 135.89,
              "Actual Rows": 1,
              "Actual Loops": 4,
              "Plans": [
                {
                  "Node Type": "Seq Scan",
                  "Parent Relationship": "Outer",
                  "Parallel Aware": true,
                  "Relation Name": "movie_keyword",
                  "Alias": "mk",
                  "Startup Cost": 0.0,
                  "Total Cost": 42695.65,
                  "Plan Rows": 870701,
                  "Plan Width": 0,
                  "Actual Startup Time": 0.441,
                  "Actual Total Time": 107.231,
                  "Actual Rows": 674687,
                  "Actual Loops": 4,
                  "Filter": "(keyword_id > 2992)",
                  "Rows Removed by Filter": 456295
                }
              ]
            }
          ]
        }
      ]
    },
    "Planning Time": 0.182,
    "Triggers": [],
    "Execution Time": 150.368
  }
]