[
  {
    "Plan": {
      "Node Type": "Aggregate",
      "Strategy": "Plain",
      "Partial Mode": "Finalize",
      "Parallel Aware": false,
      "Startup Cost": 31761.93,
      "Total Cost": 31761.94,
      "Plan Rows": 1,
      "Plan Width": 8,
      "Actual Startup Time": 91.051,
      "Actual Total Time": 97.168,
      "Actual Rows": 1,
      "Actual Loops": 1,
      "Plans": [
        {
          "Node Type": "Gather",
          "Parent Relationship": "Outer",
          "Parallel Aware": false,
          "Startup Cost": 31761.61,
          "Total Cost": 31761.92,
          "Plan Rows": 3,
          "Plan Width": 8,
          "Actual Startup Time": 90.943,
          "Actual Total Time": 97.16,
          "Actual Rows": 4,
          "Actual Loops": 1,
          "Workers Planned": 3,
          "Workers Launched": 3,
          "Single Copy": false,
          "Plans": [
            {
              "Node Type": "Aggregate",
              "Strategy": "Plain",
              "Partial Mode": "Partial",
              "Parent Relationship": "Outer",
              "Parallel Aware": false,
              "Startup Cost": 30761.61,
              "Total Cost": 30761.62,
              "Plan Rows": 1,
              "Plan Width": 8,
              "Actual Startup Time": 87.296,
              "Actual Total Time": 87.297,
              "Actual Rows": 1,
              "Actual Loops": 4,
              "Plans": [
                {
                  "Node Type": "Seq Scan",
                  "Parent Relationship": "Outer",
                  "Parallel Aware": true,
                  "Relation Name": "movie_companies",
                  "Alias": "mc",
                  "Startup Cost": 0.0,
                  "Total Cost": 29310.68,
                  "Plan Rows": 580371,
                  "Plan Width": 0,
                  "Actual Startup Time": 0.536,
                  "Actual Total Time": 68.39,
                  "Actual Rows": 449881,
                  "Actual Loops": 4,
                  "Filter": "(company_id > 1865)",
                  "Rows Removed by Filter": 202401
                }
              ]
            }
          ]
        }
      ]
    },
    "Planning Time": 0.1,
    "Triggers": [],
    "Execution Time": 97.201
  }
]