{
  "Plan": {
    "Node Type": "Aggregate",
    "Strategy": "Plain",
    "Partial Mode": "Finalize",
    "Parallel Aware": false,
    "Startup Cost": 502029.11,
    "Total Cost": 502029.12,
    "Plan Rows": 1,
    "Plan Width": 8,
    "Actual Startup Time": 1082.859,
    "Actual Total Time": 1109.523,
    "Actual Rows": 1,
    "Actual Loops": 1,
    "Plans": [
      {
        "Node Type": "Gather",
        "Parent Relationship": "Outer",
        "Parallel Aware": false,
        "Startup Cost": 502028.99,
        "Total Cost": 502029.1,
        "Plan Rows": 1,
        "Plan Width": 8,
        "Actual Startup Time": 1080.174,
        "Actual Total Time": 1109.514,
        "Actual Rows": 2,
        "Actual Loops": 1,
        "Workers Planned": 1,
        "Workers Launched": 1,
        "Single Copy": false,
        "Plans": [
          {
            "Node Type": "Aggregate",
            "Strategy": "Plain",
            "Partial Mode": "Partial",
            "Parent Relationship": "Outer",
            "Parallel Aware": false,
            "Startup Cost": 501028.99,
            "Total Cost": 501029.0,
            "Plan Rows": 1,
            "Plan Width": 8,
            "Actual Startup Time": 1076.729,
            "Actual Total Time": 1076.733,
            "Actual Rows": 1,
            "Actual Loops": 2,
            "Plans": [
              {
                "Node Type": "Hash Join",
                "Parent Relationship": "Outer",
                "Parallel Aware": true,
                "Join Type": "Inner",
                "Startup Cost": 190857.51,
                "Total Cost": 499496.15,
                "Plan Rows": 613138,
                "Plan Width": 0,
                "Actual Startup Time": 663.038,
                "Actual Total Time": 1061.345,
                "Actual Rows": 352316,
                "Actual Loops": 2,
                "Inner Unique": true,
                "Hash Cond": "(ci.movie_id = t.id)",
                "Plans": [
                  {
                    "Node Type": "Bitmap Heap Scan",
                    "Parent Relationship": "Outer",
                    "Parallel Aware": true,
                    "Relation Name": "cast_info",
                    "Alias": "ci",
                    "Startup Cost": 128979.21,
                    "Total Cost": 433513.4,
                    "Plan Rows": 1563596,
                    "Plan Width": 4,
                    "Actual Startup Time": 404.259,
                    "Actual Total Time": 549.706,
                    "Actual Rows": 838434,
                    "Actual Loops": 2,
                    "Recheck Cond": "(person_id < 583604)",
                    "Rows Removed by Index Recheck": 0,
                    "Filter": "(role_id > 2)",
                    "Rows Removed by Filter": 2183646,
                    "Exact Heap Blocks": 34504,
                    "Lossy Heap Blocks": 0,
                    "Plans": [
                      {
                        "Node Type": "Bitmap Index Scan",
                        "Parent Relationship": "Outer",
                        "Parallel Aware": false,
                        "Index Name": "person_id_cast_info",
                        "Startup Cost": 0.0,
                        "Total Cost": 128314.68,
                        "Plan Rows": 5876015,
                        "Plan Width": 0,
                        "Actual Startup Time": 189.969,
                        "Actual Total Time": 189.97,
                        "Actual Rows": 6044160,
                        "Actual Loops": 1,
                        "Index Cond": "(person_id < 583604)"
                      }
                    ]
                  },
                  {
                    "Node Type": "Hash",
                    "Parent Relationship": "Inner",
                    "Parallel Aware": true,
                    "Startup Cost": 54588.39,
                    "Total Cost": 54588.39,
                    "Plan Rows": 583193,
                    "Plan Width": 4,
                    "Actual Startup Time": 253.402,
                    "Actual Total Time": 253.403,
                    "Actual Rows": 492524,
                    "Actual Loops": 2,
                    "Hash Buckets": 1048576,
                    "Original Hash Buckets": 1048576,
                    "Hash Batches": 1,
                    "Original Hash Batches": 1,
                    "Peak Memory Usage": 46784,
                    "Plans": [
                      {
                        "Node Type": "Seq Scan",
                        "Parent Relationship": "Outer",
                        "Parallel Aware": true,
                        "Relation Name": "title",
                        "Alias": "t",
                        "Startup Cost": 0.0,
                        "Total Cost": 54588.39,
                        "Plan Rows": 583193,
                        "Plan Width": 4,
                        "Actual Startup Time": 0.019,
                        "Actual Total Time": 144.804,
                        "Actual Rows": 492524,
                        "Actual Loops": 2,
                        "Filter": "(kind_id < 7)",
                        "Rows Removed by Filter": 771632
                      }
                    ]
                  }
                ]
              }
            ]
          }
        ]
      }
    ]
  },
  "Planning Time": 0.317,
  "Triggers": [],
  "Execution Time": 1109.574
}