{
  "Plan": {
    "Node Type": "Aggregate",
    "Strategy": "Plain",
    "Partial Mode": "Finalize",
    "Parallel Aware": false,
    "Startup Cost": 35474.28,
    "Total Cost": 35474.29,
    "Plan Rows": 1,
    "Plan Width": 8,
    "Actual Startup Time": 53.643,
    "Actual Total Time": 61.517,
    "Actual Rows": 1,
    "Actual Loops": 1,
    "Plans": [
      {
        "Node Type": "Gather",
        "Parent Relationship": "Outer",
        "Parallel Aware": false,
        "Startup Cost": 35474.17,
        "Total Cost": 35474.28,
        "Plan Rows": 1,
        "Plan Width": 8,
        "Actual Startup Time": 53.551,
        "Actual Total Time": 61.511,
        "Actual Rows": 2,
        "Actual Loops": 1,
        "Workers Planned": 1,
        "Workers Launched": 1,
        "Single Copy": false,
        "Plans": [
          {
            "Node Type": "Aggregate",
            "Strategy": "Plain",
            "Partial Mode": "Partial",
            "Parent Relationship": "Outer",
            "Parallel Aware": false,
            "Startup Cost": 34474.17,
            "Total Cost": 34474.18,
            "Plan Rows": 1,
            "Plan Width": 8,
            "Actual Startup Time": 50.374,
            "Actual Total Time": 50.375,
            "Actual Rows": 1,
            "Actual Loops": 2,
            "Plans": [
              {
                "Node Type": "Nested Loop",
                "Parent Relationship": "Outer",
                "Parallel Aware": false,
                "Join Type": "Inner",
                "Startup Cost": 106.69,
                "Total Cost": 34472.87,
                "Plan Rows": 518,
                "Plan Width": 0,
                "Actual Startup Time": 2.716,
                "Actual Total Time": 50.109,
                "Actual Rows": 1864,
                "Actual Loops": 2,
                "Inner Unique": false,
                "Plans": [
                  {
                    "Node Type": "Nested Loop",
                    "Parent Relationship": "Outer",
                    "Parallel Aware": false,
                    "Join Type": "Inner",
                    "Startup Cost": 106.26,
                    "Total Cost": 32996.8,
                    "Plan Rows": 2839,
                    "Plan Width": 8,
                    "Actual Startup Time": 2.62,
                    "Actual Total Time": 31.741,
                    "Actual Rows": 2303,
                    "Actual Loops": 2,
                    "Inner Unique": true,
                    "Plans": [
                      {
                        "Node Type": "Bitmap Heap Scan",
                        "Parent Relationship": "Outer",
                        "Parallel Aware": true,
                        "Relation Name": "movie_keyword",
                        "Alias": "mk",
                        "Startup Cost": 105.83,
                        "Total Cost": 12127.48,
                        "Plan Rows": 2839,
                        "Plan Width": 4,
                        "Actual Startup Time": 2.514,
                        "Actual Total Time": 10.489,
                        "Actual Rows": 2303,
                        "Actual Loops": 2,
                        "Recheck Cond": "(keyword_id = 228)",
                        "Rows Removed by Index Recheck": 0,
                        "Exact Heap Blocks": 2800,
                        "Lossy Heap Blocks": 0,
                        "Plans": [
                          {
                            "Node Type": "Bitmap Index Scan",
                            "Parent Relationship": "Outer",
                            "Parallel Aware": false,
                            "Index Name": "keyword_id_movie_keyword",
                            "Startup Cost": 0.0,
                            "Total Cost": 104.63,
                            "Plan Rows": 4826,
                            "Plan Width": 0,
                            "Actual Startup Time": 3.266,
                            "Actual Total Time": 3.266,
                            "Actual Rows": 4606,
                            "Actual Loops": 1,
                            "Index Cond": "(keyword_id = 228)"
                          }
                        ]
                      },
                      {
                        "Node Type": "Index Only Scan",
                        "Parent Relationship": "Inner",
                        "Parallel Aware": false,
                        "Scan Direction": "Forward",
                        "Index Name": "title_pkey",
                        "Relation Name": "title",
                        "Alias": "t",
                        "Startup Cost": 0.43,
                        "Total Cost": 7.35,
                        "Plan Rows": 1,
                        "Plan Width": 4,
                        "Actual Startup Time": 0.009,
                        "Actual Total Time": 0.009,
                        "Actual Rows": 1,
                        "Actual Loops": 4606,
                        "Index Cond": "(id = mk.movie_id)",
                        "Rows Removed by Index Recheck": 0,
                        "Heap Fetches": 4606
                      }
                    ]
                  },
                  {
                    "Node Type": "Index Scan",
                    "Parent Relationship": "Inner",
                    "Parallel Aware": false,
                    "Scan Direction": "Forward",
                    "Index Name": "movie_id_movie_info_idx",
                    "Relation Name": "movie_info_idx",
                    "Alias": "mi_idx",
                    "Startup Cost": 0.43,
                    "Total Cost": 0.51,
                    "Plan Rows": 1,
                    "Plan Width": 4,
                    "Actual Startup Time": 0.007,
                    "Actual Total Time": 0.007,
                    "Actual Rows": 1,
                    "Actual Loops": 4606,
                    "Index Cond": "(movie_id = t.id)",
                    "Rows Removed by Index Recheck": 0,
                    "Filter": "(info_type_id > 100)",
                    "Rows Removed by Filter": 2
                  }
                ]
              }
            ]
          }
        ]
      }
    ]
  },
  "Planning Time": 0.752,
  "Triggers": [],
  "Execution Time": 61.6
}