[
  {
    "Plan": {
      "Node Type": "Aggregate",
      "Strategy": "Plain",
      "Partial Mode": "Finalize",
      "Parallel Aware": false,
      "Startup Cost": 32769.22,
      "Total Cost": 32769.23,
      "Plan Rows": 1,
      "Plan Width": 8,
      "Actual Startup Time": 92.76,
      "Actual Total Time": 100.74,
      "Actual Rows": 1,
      "Actual Loops": 1,
      "Plans": [
        {
          "Node Type": "Gather",
          "Parent Relationship": "Outer",
          "Parallel Aware": false,
          "Startup Cost": 32768.91,
          "Total Cost": 32769.22,
          "Plan Rows": 3,
          "Plan Width": 8,
          "Actual Startup Time": 92.631,
          "Actual Total Time": 100.733,
          "Actual Rows": 4,
          "Actual Loops": 1,
          "Workers Planned": 3,
          "Workers Launched": 3,
          "Single Copy": false,
          "Plans": [
            {
              "Node Type": "Aggregate",
              "Strategy": "Plain",
              "Partial Mode": "Partial",
              "Parent Relationship": "Outer",
              "Parallel Aware": false,
              "Startup Cost": 31768.91,
              "Total Cost": 31768.92,
              "Plan Rows": 1,
              "Plan Width": 8,
              "Actual Startup Time": 85.739,
              "Actual Total Time": 85.74,
              "Actual Rows": 1,
              "Actual Loops": 4,
              "Plans": [
                {
                  "Node Type": "Seq Scan",
                  "Parent Relationship": "Outer",
                  "Parallel Aware": true,
                  "Relation Name": "movie_companies",
                  "Alias": "mc",
                  "Startup Cost": 0.0,
                  "Total Cost": 31414.82,
                  "Plan Rows": 141635,
                  "Plan Width": 0,
                  "Actual Startup Time": 45.705,
                  "Actual Total Time": 78.155,
                  "Actual Rows": 192436,
                  "Actual Loops": 4,
                  "Filter": "((company_id > 22982) AND (company_type_id = 2))",
                  "Rows Removed by Filter": 459846
                }
              ]
            }
          ]
        }
      ]
    },
    "Planning Time": 0.217,
    "Triggers": [],
    "Execution Time": 100.793
  }
]