[
  {
    "Plan": {
      "Node Type": "Aggregate",
      "Strategy": "Plain",
      "Partial Mode": "Finalize",
      "Parallel Aware": false,
      "Startup Cost": 353194.65,
      "Total Cost": 353194.66,
      "Plan Rows": 1,
      "Plan Width": 8,
      "Actual Startup Time": 792.844,
      "Actual Total Time": 854.222,
      "Actual Rows": 1,
      "Actual Loops": 1,
      "Plans": [
        {
          "Node Type": "Gather",
          "Parent Relationship": "Outer",
          "Parallel Aware": false,
          "Startup Cost": 353194.03,
          "Total Cost": 353194.64,
          "Plan Rows": 6,
          "Plan Width": 8,
          "Actual Startup Time": 792.687,
          "Actual Total Time": 854.211,
          "Actual Rows": 7,
          "Actual Loops": 1,
          "Workers Planned": 6,
          "Workers Launched": 6,
          "Single Copy": false,
          "Plans": [
            {
              "Node Type": "Aggregate",
              "Strategy": "Plain",
              "Partial Mode": "Partial",
              "Parent Relationship": "Outer",
              "Parallel Aware": false,
              "Startup Cost": 352194.03,
              "Total Cost": 352194.04,
              "Plan Rows": 1,
              "Plan Width": 8,
              "Actual Startup Time": 782.815,
              "Actual Total Time": 782.816,
              "Actual Rows": 1,
              "Actual Loops": 7,
              "Plans": [
                {
                  "Node Type": "Seq Scan",
                  "Parent Relationship": "Outer",
                  "Parallel Aware": true,
                  "Relation Name": "cast_info",
                  "Alias": "ci",
                  "Startup Cost": 0.0,
                  "Total Cost": 343257.03,
                  "Plan Rows": 3574799,
                  "Plan Width": 0,
                  "Actual Startup Time": 59.25,
                  "Actual Total Time": 665.611,
                  "Actual Rows": 3011294,
                  "Actual Loops": 7,
                  "Filter": "((person_id > 366684) AND (role_id < 4))",
                  "Rows Removed by Filter": 2166470
                }
              ]
            }
          ]
        }
      ]
    },
    "Planning Time": 0.229,
    "Triggers": [],
    "Execution Time": 854.296
  }
]