[
  {
    "Plan": {
      "Node Type": "Aggregate",
      "Strategy": "Plain",
      "Partial Mode": "Finalize",
      "Parallel Aware": false,
      "Startup Cost": 125437.0,
      "Total Cost": 125437.01,
      "Plan Rows": 1,
      "Plan Width": 8,
      "Actual Startup Time": 898.66,
      "Actual Total Time": 920.553,
      "Actual Rows": 1,
      "Actual Loops": 1,
      "Plans": [
        {
          "Node Type": "Gather",
          "Parent Relationship": "Outer",
          "Parallel Aware": false,
          "Startup Cost": 125436.68,
          "Total Cost": 125436.99,
          "Plan Rows": 3,
          "Plan Width": 8,
          "Actual Startup Time": 893.486,
          "Actual Total Time": 920.529,
          "Actual Rows": 4,
          "Actual Loops": 1,
          "Workers Planned": 3,
          "Workers Launched": 3,
          "Single Copy": false,
          "Plans": [
            {
              "Node Type": "Aggregate",
              "Strategy": "Plain",
              "Partial Mode": "Partial",
              "Parent Relationship": "Outer",
              "Parallel Aware": false,
              "Startup Cost": 124436.68,
              "Total Cost": 124436.69,
              "Plan Rows": 1,
              "Plan Width": 8,
              "Actual Startup Time": 884.87,
              "Actual Total Time": 885.233,
              "Actual Rows": 1,
              "Actual Loops": 4,
              "Plans": [
                {
                  "Node Type": "Hash Join",
                  "Parent Relationship": "Outer",
                  "Parallel Aware": true,
                  "Join Type": "Inner",
                  "Startup Cost": 93325.82,
                  "Total Cost": 124110.04,
                  "Plan Rows": 130657,
                  "Plan Width": 0,
                  "Actual Startup Time": 468.546,
                  "Actual Total Time": 795.923,
                  "Actual Rows": 2094318,
                  "Actual Loops": 4,
                  "Inner Unique": false,
                  "Hash Cond": "(mc.movie_id = t.id)",
                  "Plans": [
                    {
                      "Node Type": "Seq Scan",
                      "Parent Relationship": "Outer",
                      "Parallel Aware": true,
                      "Relation Name": "movie_companies",
                      "Alias": "mc",
                      "Startup Cost": 0.0,
                      "Total Cost": 27206.55,
                      "Plan Rows": 841655,
                      "Plan Width": 4,
                      "Actual Startup Time": 0.023,
                      "Actual Total Time": 62.63,
                      "Actual Rows": 652282,
                      "Actual Loops": 4
                    },
                    {
                      "Node Type": "Hash",
                      "Parent Relationship": "Inner",
                      "Parallel Aware": true,
                      "Startup Cost": 91743.2,
                      "Total Cost": 91743.2,
                      "Plan Rows": 126609,
                      "Plan Width": 8,
                      "Actual Startup Time": 462.306,
                      "Actual Total Time": 462.667,
                      "Actual Rows": 242324,
                      "Actual Loops": 4,
                      "Hash Buckets": 1048576,
                      "Original Hash Buckets": 524288,
                      "Hash Batches": 1,
                      "Original Hash Batches": 1,
                      "Peak Memory Usage": 50272,
                      "Plans": [
                        {
                          "Node Type": "Hash Join",
                          "Parent Relationship": "Outer",
                          "Parallel Aware": true,
                          "Join Type": "Inner",
                          "Startup Cost": 48010.05,
                          "Total Cost": 91743.2,
                          "Plan Rows": 126609,
                          "Plan Width": 8,
                          "Actual Startup Time": 198.125,
                          "Actual Total Time": 378.947,
                          "Actual Rows": 242324,
                          "Actual Loops": 4,
                          "Inner Unique": true,
                          "Hash Cond": "(mk.movie_id = t.id)",
                          "Plans": [
                            {
                              "Node Type": "Seq Scan",
                              "Parent Relationship": "Outer",
                              "Parallel Aware": true,
                              "Relation Name": "movie_keyword",
                              "Alias": "mk",
                              "Startup Cost": 0.0,
                              "Total Cost": 42695.65,
                              "Plan Rows": 395239,
                              "Plan Width": 4,
                              "Actual Startup Time": 1.128,
                              "Actual Total Time": 110.462,
                              "Actual Rows": 307677,
                              "Actual Loops": 4,
                              "Filter": "(keyword_id > 14731)",
                              "Rows Removed by Filter": 823306
                            },
                            {
                              "Node Type": "Hash",
                              "Parent Relationship": "Inner",
                              "Parallel Aware": true,
                              "Startup Cost": 45479.1,
                              "Total Cost": 45479.1,
                              "Plan Rows": 202476,
                              "Plan Width": 4,
                              "Actual Startup Time": 193.811,
                              "Actual Total Time": 193.812,
                              "Actual Rows": 210754,
                              "Actual Loops": 4,
                              "Hash Buckets": 1048576,
                              "Original Hash Buckets": 1048576,
                              "Hash Batches": 1,
                              "Original Hash Batches": 1,
                              "Peak Memory Usage": 41248,
                              "Plans": [
                                {
                                  "Node Type": "Seq Scan",
                                  "Parent Relationship": "Outer",
                                  "Parallel Aware": true,
                                  "Relation Name": "title",
                                  "Alias": "t",
                                  "Startup Cost": 0.0,
                                  "Total Cost": 45479.1,
                                  "Plan Rows": 202476,
                                  "Plan Width": 4,
                                  "Actual Startup Time": 0.05,
                                  "Actual Total Time": 111.912,
                                  "Actual Rows": 210754,
                                  "Actual Loops": 4,
                                  "Filter": "((kind_id < 7) AND (production_year < 2011))",
                                  "Rows Removed by Filter": 421324
                                }
                              ]
                            }
                          ]
                        }
                      ]
                    }
                  ]
                }
              ]
            }
          ]
        }
      ]
    },
    "Planning Time": 1.433,
    "Triggers": [],
    "Execution Time": 920.636
  }
]