[
  {
    "Plan": {
      "Node Type": "Aggregate",
      "Strategy": "Plain",
      "Partial Mode": "Finalize",
      "Parallel Aware": false,
      "Startup Cost": 379965.62,
      "Total Cost": 379965.63,
      "Plan Rows": 1,
      "Plan Width": 8,
      "Actual Startup Time": 1612.296,
      "Actual Total Time": 1661.609,
      "Actual Rows": 1,
      "Actual Loops": 1,
      "Plans": [
        {
          "Node Type": "Gather",
          "Parent Relationship": "Outer",
          "Parallel Aware": false,
          "Startup Cost": 379965.0,
          "Total Cost": 379965.61,
          "Plan Rows": 6,
          "Plan Width": 8,
          "Actual Startup Time": 1608.619,
          "Actual Total Time": 1661.574,
          "Actual Rows": 7,
          "Actual Loops": 1,
          "Workers Planned": 6,
          "Workers Launched": 6,
          "Single Copy": false,
          "Plans": [
            {
              "Node Type": "Aggregate",
              "Strategy": "Plain",
              "Partial Mode": "Partial",
              "Parent Relationship": "Outer",
              "Parallel Aware": false,
              "Startup Cost": 378965.0,
              "Total Cost": 378965.01,
              "Plan Rows": 1,
              "Plan Width": 8,
              "Actual Startup Time": 1599.936,
              "Actual Total Time": 1599.94,
              "Actual Rows": 1,
              "Actual Loops": 7,
              "Plans": [
                {
                  "Node Type": "Hash Join",
                  "Parent Relationship": "Outer",
                  "Parallel Aware": true,
                  "Join Type": "Inner",
                  "Startup Cost": 47031.52,
                  "Total Cost": 375998.18,
                  "Plan Rows": 1186727,
                  "Plan Width": 0,
                  "Actual Startup Time": 113.986,
                  "Actual Total Time": 1556.128,
                  "Actual Rows": 966994,
                  "Actual Loops": 7,
                  "Inner Unique": true,
                  "Hash Cond": "(ci.movie_id = t.id)",
                  "Plans": [
                    {
                      "Node Type": "Seq Scan",
                      "Parent Relationship": "Outer",
                      "Parallel Aware": true,
                      "Relation Name": "cast_info",
                      "Alias": "ci",
                      "Startup Cost": 0.0,
                      "Total Cost": 313106.51,
                      "Plan Rows": 6041951,
                      "Plan Width": 4,
                      "Actual Startup Time": 0.03,
                      "Actual Total Time": 523.062,
                      "Actual Rows": 5177763,
                      "Actual Loops": 7
                    },
                    {
                      "Node Type": "Hash",
                      "Parent Relationship": "Inner",
                      "Parallel Aware": true,
                      "Startup Cost": 45479.59,
                      "Total Cost": 45479.59,
                      "Plan Rows": 124155,
                      "Plan Width": 4,
                      "Actual Startup Time": 111.629,
                      "Actual Total Time": 111.631,
                      "Actual Rows": 52740,
                      "Actual Loops": 7,
                      "Hash Buckets": 524288,
                      "Original Hash Buckets": 524288,
                      "Hash Batches": 1,
                      "Original Hash Batches": 1,
                      "Peak Memory Usage": 18656,
                      "Plans": [
                        {
                          "Node Type": "Seq Scan",
                          "Parent Relationship": "Outer",
                          "Parallel Aware": true,
                          "Relation Name": "title",
                          "Alias": "t",
                          "Startup Cost": 0.0,
                          "Total Cost": 45479.59,
                          "Plan Rows": 124155,
                          "Plan Width": 4,
                          "Actual Startup Time": 45.648,
                          "Actual Total Time": 85.753,
                          "Actual Rows": 52740,
                          "Actual Loops": 7,
                          "Filter": "((production_year > 1983) AND (kind_id = 1))",
                          "Rows Removed by Filter": 308448
                        }
                      ]
                    }
                  ]
                }
              ]
            }
          ]
        }
      ]
    },
    "Planning Time": 0.587,
    "Triggers": [],
    "Execution Time": 1661.687
  }
]