[
    {
        "Bao": {
            "Bao prediction": "NaN",
            "Bao recommended hint": "(no hint)"
        }
    },
    {
        "Plan": {
            "Node Type": "Aggregate",
            "Strategy": "Plain",
            "Partial Mode": "Finalize",
            "Parallel Aware": false,
            "Startup Cost": 269678.26,
            "Total Cost": 269678.27,
            "Plan Rows": 1,
            "Plan Width": 8,
            "Actual Startup Time": 53.388,
            "Actual Total Time": 56.749,
            "Actual Rows": 1,
            "Actual Loops": 1,
            "Output": [
                "count(*)"
            ],
            "Plans": [
                {
                    "Node Type": "Gather",
                    "Parent Relationship": "Outer",
                    "Parallel Aware": false,
                    "Startup Cost": 269677.73,
                    "Total Cost": 269678.24,
                    "Plan Rows": 5,
                    "Plan Width": 8,
                    "Actual Startup Time": 53.092,
                    "Actual Total Time": 56.742,
                    "Actual Rows": 6,
                    "Actual Loops": 1,
                    "Output": [
                        "(PARTIAL count(*))"
                    ],
                    "Workers Planned": 5,
                    "Workers Launched": 5,
                    "Single Copy": false,
                    "Plans": [
                        {
                            "Node Type": "Aggregate",
                            "Strategy": "Plain",
                            "Partial Mode": "Partial",
                            "Parent Relationship": "Outer",
                            "Parallel Aware": false,
                            "Startup Cost": 268677.73,
                            "Total Cost": 268677.74,
                            "Plan Rows": 1,
                            "Plan Width": 8,
                            "Actual Startup Time": 43.444,
                            "Actual Total Time": 43.445,
                            "Actual Rows": 1,
                            "Actual Loops": 6,
                            "Output": [
                                "PARTIAL count(*)"
                            ],
                            "Workers": [
                                {
                                    "Worker Number": 0,
                                    "Actual Startup Time": 40.955,
                                    "Actual Total Time": 40.957,
                                    "Actual Rows": 1,
                                    "Actual Loops": 1
                                },
                                {
                                    "Worker Number": 1,
                                    "Actual Startup Time": 41.516,
                                    "Actual Total Time": 41.517,
                                    "Actual Rows": 1,
                                    "Actual Loops": 1
                                },
                                {
                                    "Worker Number": 2,
                                    "Actual Startup Time": 41.532,
                                    "Actual Total Time": 41.533,
                                    "Actual Rows": 1,
                                    "Actual Loops": 1
                                },
                                {
                                    "Worker Number": 3,
                                    "Actual Startup Time": 41.875,
                                    "Actual Total Time": 41.876,
                                    "Actual Rows": 1,
                                    "Actual Loops": 1
                                },
                                {
                                    "Worker Number": 4,
                                    "Actual Startup Time": 42.07,
                                    "Actual Total Time": 42.071,
                                    "Actual Rows": 1,
                                    "Actual Loops": 1
                                }
                            ],
                            "Plans": [
                                {
                                    "Node Type": "Bitmap Heap Scan",
                                    "Parent Relationship": "Outer",
                                    "Parallel Aware": true,
                                    "Relation Name": "cast_info",
                                    "Schema": "public",
                                    "Alias": "ci",
                                    "Startup Cost": 10379.38,
                                    "Total Cost": 268442.71,
                                    "Plan Rows": 94008,
                                    "Plan Width": 0,
                                    "Actual Startup Time": 9.822,
                                    "Actual Total Time": 36.493,
                                    "Actual Rows": 78580,
                                    "Actual Loops": 6,
                                    "Recheck Cond": "(ci.person_id < 53203)",
                                    "Rows Removed by Index Recheck": 0,
                                    "Exact Heap Blocks": 2293,
                                    "Lossy Heap Blocks": 0,
                                    "Workers": [
                                        {
                                            "Worker Number": 0,
                                            "Actual Startup Time": 7.332,
                                            "Actual Total Time": 34.46,
                                            "Actual Rows": 49889,
                                            "Actual Loops": 1
                                        },
                                        {
                                            "Worker Number": 1,
                                            "Actual Startup Time": 8.094,
                                            "Actual Total Time": 34.881,
                                            "Actual Rows": 50816,
                                            "Actual Loops": 1
                                        },
                                        {
                                            "Worker Number": 2,
                                            "Actual Startup Time": 7.9,
                                            "Actual Total Time": 34.8,
                                            "Actual Rows": 48775,
                                            "Actual Loops": 1
                                        },
                                        {
                                            "Worker Number": 3,
                                            "Actual Startup Time": 8.218,
                                            "Actual Total Time": 35.143,
                                            "Actual Rows": 54662,
                                            "Actual Loops": 1
                                        },
                                        {
                                            "Worker Number": 4,
                                            "Actual Startup Time": 8.607,
                                            "Actual Total Time": 35.309,
                                            "Actual Rows": 48984,
                                            "Actual Loops": 1
                                        }
                                    ],
                                    "Plans": [
                                        {
                                            "Node Type": "Bitmap Index Scan",
                                            "Parent Relationship": "Outer",
                                            "Parallel Aware": false,
                                            "Index Name": "person_id_cast_info",
                                            "Startup Cost": 0.0,
                                            "Total Cost": 10261.87,
                                            "Plan Rows": 470041,
                                            "Plan Width": 0,
                                            "Actual Startup Time": 18.05,
                                            "Actual Total Time": 18.05,
                                            "Actual Rows": 471481,
                                            "Actual Loops": 1,
                                            "Index Cond": "(ci.person_id < 53203)"
                                        }
                                    ]
                                }
                            ]
                        }
                    ]
                }
            ]
        },
        "Planning Time": 183.038,
        "Triggers": [],
        "Execution Time": 56.807
    }
]