[
  {
    "Plan": {
      "Node Type": "Aggregate",
      "Strategy": "Plain",
      "Partial Mode": "Finalize",
      "Parallel Aware": false,
      "Startup Cost": 22045.37,
      "Total Cost": 22045.38,
      "Plan Rows": 1,
      "Plan Width": 8,
      "Actual Startup Time": 28.803,
      "Actual Total Time": 33.439,
      "Actual Rows": 1,
      "Actual Loops": 1,
      "Plans": [
        {
          "Node Type": "Gather",
          "Parent Relationship": "Outer",
          "Parallel Aware": false,
          "Startup Cost": 22045.15,
          "Total Cost": 22045.36,
          "Plan Rows": 2,
          "Plan Width": 8,
          "Actual Startup Time": 28.548,
          "Actual Total Time": 33.431,
          "Actual Rows": 3,
          "Actual Loops": 1,
          "Workers Planned": 2,
          "Workers Launched": 2,
          "Single Copy": false,
          "Plans": [
            {
              "Node Type": "Aggregate",
              "Strategy": "Plain",
              "Partial Mode": "Partial",
              "Parent Relationship": "Outer",
              "Parallel Aware": false,
              "Startup Cost": 21045.15,
              "Total Cost": 21045.16,
              "Plan Rows": 1,
              "Plan Width": 8,
              "Actual Startup Time": 20.635,
              "Actual Total Time": 20.637,
              "Actual Rows": 1,
              "Actual Loops": 3,
              "Plans": [
                {
                  "Node Type": "Nested Loop",
                  "Parent Relationship": "Outer",
                  "Parallel Aware": false,
                  "Join Type": "Inner",
                  "Startup Cost": 123.29,
                  "Total Cost": 21043.42,
                  "Plan Rows": 694,
                  "Plan Width": 0,
                  "Actual Startup Time": 3.437,
                  "Actual Total Time": 20.616,
                  "Actual Rows": 47,
                  "Actual Loops": 3,
                  "Inner Unique": true,
                  "Plans": [
                    {
                      "Node Type": "Bitmap Heap Scan",
                      "Parent Relationship": "Outer",
                      "Parallel Aware": true,
                      "Relation Name": "movie_companies",
                      "Alias": "mc",
                      "Startup Cost": 122.86,
                      "Total Cost": 12162.07,
                      "Plan Rows": 1142,
                      "Plan Width": 4,
                      "Actual Startup Time": 1.643,
                      "Actual Total Time": 7.279,
                      "Actual Rows": 1085,
                      "Actual Loops": 3,
                      "Recheck Cond": "(company_id = 73)",
                      "Rows Removed by Index Recheck": 0,
                      "Filter": "(company_type_id < 2)",
                      "Rows Removed by Filter": 808,
                      "Exact Heap Blocks": 2160,
                      "Lossy Heap Blocks": 0,
                      "Plans": [
                        {
                          "Node Type": "Bitmap Index Scan",
                          "Parent Relationship": "Outer",
                          "Parallel Aware": false,
                          "Index Name": "company_id_movie_companies",
                          "Startup Cost": 0.0,
                          "Total Cost": 122.18,
                          "Plan Rows": 5566,
                          "Plan Width": 0,
                          "Actual Startup Time": 3.386,
                          "Actual Total Time": 3.387,
                          "Actual Rows": 5677,
                          "Actual Loops": 1,
                          "Index Cond": "(company_id = 73)"
                        }
                      ]
                    },
                    {
                      "Node Type": "Index Scan",
                      "Parent Relationship": "Inner",
                      "Parallel Aware": false,
                      "Scan Direction": "Forward",
                      "Index Name": "title_pkey",
                      "Relation Name": "title",
                      "Alias": "t",
                      "Startup Cost": 0.43,
                      "Total Cost": 7.78,
                      "Plan Rows": 1,
                      "Plan Width": 4,
                      "Actual Startup Time": 0.012,
                      "Actual Total Time": 0.012,
                      "Actual Rows": 0,
                      "Actual Loops": 3254,
                      "Index Cond": "(id = mc.movie_id)",
                      "Rows Removed by Index Recheck": 0,
                      "Filter": "(kind_id = 7)",
                      "Rows Removed by Filter": 1
                    }
                  ]
                }
              ]
            }
          ]
        }
      ]
    },
    "Planning Time": 0.721,
    "Triggers": [],
    "Execution Time": 33.526
  }
]