[
  {
    "Plan": {
      "Node Type": "Aggregate",
      "Strategy": "Plain",
      "Partial Mode": "Finalize",
      "Parallel Aware": false,
      "Startup Cost": 348130.0,
      "Total Cost": 348130.01,
      "Plan Rows": 1,
      "Plan Width": 8,
      "Actual Startup Time": 638.401,
      "Actual Total Time": 681.601,
      "Actual Rows": 1,
      "Actual Loops": 1,
      "Plans": [
        {
          "Node Type": "Gather",
          "Parent Relationship": "Outer",
          "Parallel Aware": false,
          "Startup Cost": 348129.38,
          "Total Cost": 348129.99,
          "Plan Rows": 6,
          "Plan Width": 8,
          "Actual Startup Time": 638.218,
          "Actual Total Time": 681.59,
          "Actual Rows": 7,
          "Actual Loops": 1,
          "Workers Planned": 6,
          "Workers Launched": 6,
          "Single Copy": false,
          "Plans": [
            {
              "Node Type": "Aggregate",
              "Strategy": "Plain",
              "Partial Mode": "Partial",
              "Parent Relationship": "Outer",
              "Parallel Aware": false,
              "Startup Cost": 347129.38,
              "Total Cost": 347129.39,
              "Plan Rows": 1,
              "Plan Width": 8,
              "Actual Startup Time": 629.452,
              "Actual Total Time": 629.454,
              "Actual Rows": 1,
              "Actual Loops": 7,
              "Plans": [
                {
                  "Node Type": "Seq Scan",
                  "Parent Relationship": "Outer",
                  "Parallel Aware": true,
                  "Relation Name": "cast_info",
                  "Alias": "ci",
                  "Startup Cost": 0.0,
                  "Total Cost": 343316.27,
                  "Plan Rows": 1525243,
                  "Plan Width": 0,
                  "Actual Startup Time": 225.474,
                  "Actual Total Time": 602.961,
                  "Actual Rows": 564991,
                  "Actual Loops": 7,
                  "Filter": "((person_id < 1401037) AND (role_id > 1))",
                  "Rows Removed by Filter": 4612773
                }
              ]
            }
          ]
        }
      ]
    },
    "Planning Time": 0.195,
    "Triggers": [],
    "Execution Time": 681.668
  }
]