{
  "Plan": {
    "Node Type": "Aggregate",
    "Strategy": "Plain",
    "Partial Mode": "Finalize",
    "Parallel Aware": false,
    "Startup Cost": 203901.88,
    "Total Cost": 203901.89,
    "Plan Rows": 1,
    "Plan Width": 128,
    "Actual Startup Time": 605.351,
    "Actual Total Time": 639.613,
    "Actual Rows": 1,
    "Actual Loops": 1,
    "Plans": [
      {
        "Node Type": "Gather",
        "Parent Relationship": "Outer",
        "Parallel Aware": false,
        "Startup Cost": 203901.76,
        "Total Cost": 203901.87,
        "Plan Rows": 1,
        "Plan Width": 128,
        "Actual Startup Time": 605.088,
        "Actual Total Time": 639.601,
        "Actual Rows": 2,
        "Actual Loops": 1,
        "Workers Planned": 1,
        "Workers Launched": 1,
        "Single Copy": false,
        "Plans": [
          {
            "Node Type": "Aggregate",
            "Strategy": "Plain",
            "Partial Mode": "Partial",
            "Parent Relationship": "Outer",
            "Parallel Aware": false,
            "Startup Cost": 202901.76,
            "Total Cost": 202901.77,
            "Plan Rows": 1,
            "Plan Width": 128,
            "Actual Startup Time": 597.374,
            "Actual Total Time": 597.381,
            "Actual Rows": 1,
            "Actual Loops": 2,
            "Plans": [
              {
                "Node Type": "Nested Loop",
                "Parent Relationship": "Outer",
                "Parallel Aware": false,
                "Join Type": "Inner",
                "Startup Cost": 92598.44,
                "Total Cost": 202890.32,
                "Plan Rows": 1144,
                "Plan Width": 64,
                "Actual Startup Time": 366.936,
                "Actual Total Time": 596.735,
                "Actual Rows": 2741,
                "Actual Loops": 2,
                "Inner Unique": true,
                "Plans": [
                  {
                    "Node Type": "Nested Loop",
                    "Parent Relationship": "Outer",
                    "Parallel Aware": false,
                    "Join Type": "Inner",
                    "Startup Cost": 92598.02,
                    "Total Cost": 201483.81,
                    "Plan Rows": 3154,
                    "Plan Width": 68,
                    "Actual Startup Time": 366.877,
                    "Actual Total Time": 584.344,
                    "Actual Rows": 5274,
                    "Actual Loops": 2,
                    "Inner Unique": false,
                    "Plans": [
                      {
                        "Node Type": "Hash Join",
                        "Parent Relationship": "Outer",
                        "Parallel Aware": false,
                        "Join Type": "Inner",
                        "Startup Cost": 92597.59,
                        "Total Cost": 199659.33,
                        "Plan Rows": 3056,
                        "Plan Width": 72,
                        "Actual Startup Time": 366.827,
                        "Actual Total Time": 573.974,
                        "Actual Rows": 3464,
                        "Actual Loops": 2,
                        "Inner Unique": true,
                        "Hash Cond": "(ci.role_id = rt.id)",
                        "Plans": [
                          {
                            "Node Type": "Nested Loop",
                            "Parent Relationship": "Outer",
                            "Parallel Aware": false,
                            "Join Type": "Inner",
                            "Startup Cost": 92596.42,
                            "Total Cost": 199527.88,
                            "Plan Rows": 36679,
                            "Plan Width": 76,
                            "Actual Startup Time": 366.597,
                            "Actual Total Time": 572.788,
                            "Actual Rows": 3464,
                            "Actual Loops": 2,
                            "Inner Unique": true,
                            "Plans": [
                              {
                                "Node Type": "Nested Loop",
                                "Parent Relationship": "Outer",
                                "Parallel Aware": false,
                                "Join Type": "Inner",
                                "Startup Cost": 92595.99,
                                "Total Cost": 181289.72,
                                "Plan Rows": 36679,
                                "Plan Width": 64,
                                "Actual Startup Time": 366.537,
                                "Actual Total Time": 561.72,
                                "Actual Rows": 7018,
                                "Actual Loops": 2,
                                "Inner Unique": true,
                                "Plans": [
                                  {
                                    "Node Type": "Nested Loop",
                                    "Parent Relationship": "Outer",
                                    "Parallel Aware": false,
                                    "Join Type": "Inner",
                                    "Startup Cost": 92595.57,
                                    "Total Cost": 163154.99,
                                    "Plan Rows": 36679,
                                    "Plan Width": 43,
                                    "Actual Startup Time": 366.484,
                                    "Actual Total Time": 530.729,
                                    "Actual Rows": 7018,
                                    "Actual Loops": 2,
                                    "Inner Unique": false,
                                    "Plans": [
                                      {
                                        "Node Type": "Hash Join",
                                        "Parent Relationship": "Outer",
                                        "Parallel Aware": true,
                                        "Join Type": "Inner",
                                        "Startup Cost": 92595.0,
                                        "Total Cost": 110684.8,
                                        "Plan Rows": 3675,
                                        "Plan Width": 39,
                                        "Actual Startup Time": 365.956,
                                        "Actual Total Time": 474.491,
                                        "Actual Rows": 2565,
                                        "Actual Loops": 2,
                                        "Inner Unique": true,
                                        "Hash Cond": "(an.person_id = n.id)",
                                        "Plans": [
                                          {
                                            "Node Type": "Seq Scan",
                                            "Parent Relationship": "Outer",
                                            "Parallel Aware": true,
                                            "Relation Name": "aka_name",
                                            "Alias": "an",
                                            "Startup Cost": 0.0,
                                            "Total Cost": 16698.02,
                                            "Plan Rows": 530202,
                                            "Plan Width": 20,
                                            "Actual Startup Time": 0.016,
                                            "Actual Total Time": 50.363,
                                            "Actual Rows": 450672,
                                            "Actual Loops": 2
                                          },
                                          {
                                            "Node Type": "Hash",
                                            "Parent Relationship": "Inner",
                                            "Parallel Aware": true,
                                            "Startup Cost": 92382.65,
                                            "Total Cost": 92382.65,
                                            "Plan Rows": 16988,
                                            "Plan Width": 19,
                                            "Actual Startup Time": 364.397,
                                            "Actual Total Time": 364.399,
                                            "Actual Rows": 12242,
                                            "Actual Loops": 2,
                                            "Hash Buckets": 32768,
                                            "Original Hash Buckets": 32768,
                                            "Hash Batches": 1,
                                            "Original Hash Batches": 1,
                                            "Peak Memory Usage": 1632,
                                            "Plans": [
                                              {
                                                "Node Type": "Seq Scan",
                                                "Parent Relationship": "Outer",
                                                "Parallel Aware": true,
                                                "Relation Name": "name",
                                                "Alias": "n",
                                                "Startup Cost": 0.0,
                                                "Total Cost": 92382.65,
                                                "Plan Rows": 16988,
                                                "Plan Width": 19,
                                                "Actual Startup Time": 154.369,
                                                "Actual Total Time": 358.358,
                                                "Actual Rows": 12242,
                                                "Actual Loops": 2,
                                                "Filter": "((name ~~ '%Jo%'::text) AND ((gender)::text = 'f'::text))",
                                                "Rows Removed by Filter": 2071503
                                              }
                                            ]
                                          }
                                        ]
                                      },
                                      {
                                        "Node Type": "Index Scan",
                                        "Parent Relationship": "Inner",
                                        "Parallel Aware": false,
                                        "Scan Direction": "Forward",
                                        "Index Name": "person_id_cast_info",
                                        "Relation Name": "cast_info",
                                        "Alias": "ci",
                                        "Startup Cost": 0.56,
                                        "Total Cost": 13.74,
                                        "Plan Rows": 54,
                                        "Plan Width": 16,
                                        "Actual Startup Time": 0.018,
                                        "Actual Total Time": 0.021,
                                        "Actual Rows": 3,
                                        "Actual Loops": 5130,
                                        "Index Cond": "(person_id = an.person_id)",
                                        "Rows Removed by Index Recheck": 0,
                                        "Filter": "(note = ANY ('{(writer),(producer),(voice),\"(executive producer)\"}'::text[]))",
                                        "Rows Removed by Filter": 47
                                      }
                                    ]
                                  },
                                  {
                                    "Node Type": "Index Scan",
                                    "Parent Relationship": "Inner",
                                    "Parallel Aware": false,
                                    "Scan Direction": "Forward",
                                    "Index Name": "title_pkey",
                                    "Relation Name": "title",
                                    "Alias": "t",
                                    "Startup Cost": 0.43,
                                    "Total Cost": 0.49,
                                    "Plan Rows": 1,
                                    "Plan Width": 21,
                                    "Actual Startup Time": 0.004,
                                    "Actual Total Time": 0.004,
                                    "Actual Rows": 1,
                                    "Actual Loops": 14037,
                                    "Index Cond": "(id = ci.movie_id)",
                                    "Rows Removed by Index Recheck": 0
                                  }
                                ]
                              },
                              {
                                "Node Type": "Index Scan",
                                "Parent Relationship": "Inner",
                                "Parallel Aware": false,
                                "Scan Direction": "Forward",
                                "Index Name": "char_name_pkey",
                                "Relation Name": "char_name",
                                "Alias": "chn",
                                "Startup Cost": 0.43,
                                "Total Cost": 0.5,
                                "Plan Rows": 1,
                                "Plan Width": 20,
                                "Actual Startup Time": 0.001,
                                "Actual Total Time": 0.001,
                                "Actual Rows": 0,
                                "Actual Loops": 14037,
                                "Index Cond": "(id = ci.person_role_id)",
                                "Rows Removed by Index Recheck": 0
                              }
                            ]
                          },
                          {
                            "Node Type": "Hash",
                            "Parent Relationship": "Inner",
                            "Parallel Aware": false,
                            "Startup Cost": 1.15,
                            "Total Cost": 1.15,
                            "Plan Rows": 1,
                            "Plan Width": 4,
                            "Actual Startup Time": 0.054,
                            "Actual Total Time": 0.055,
                            "Actual Rows": 1,
                            "Actual Loops": 2,
                            "Hash Buckets": 1024,
                            "Original Hash Buckets": 1024,
                            "Hash Batches": 1,
                            "Original Hash Batches": 1,
                            "Peak Memory Usage": 9,
                            "Plans": [
                              {
                                "Node Type": "Seq Scan",
                                "Parent Relationship": "Outer",
                                "Parallel Aware": false,
                                "Relation Name": "role_type",
                                "Alias": "rt",
                                "Startup Cost": 0.0,
                                "Total Cost": 1.15,
                                "Plan Rows": 1,
                                "Plan Width": 4,
                                "Actual Startup Time": 0.037,
                                "Actual Total Time": 0.041,
                                "Actual Rows": 1,
                                "Actual Loops": 2,
                                "Filter": "((role)::text = 'actress'::text)",
                                "Rows Removed by Filter": 11
                              }
                            ]
                          }
                        ]
                      },
                      {
                        "Node Type": "Index Scan",
                        "Parent Relationship": "Inner",
                        "Parallel Aware": false,
                        "Scan Direction": "Forward",
                        "Index Name": "movie_id_movie_companies",
                        "Relation Name": "movie_companies",
                        "Alias": "mc",
                        "Startup Cost": 0.43,
                        "Total Cost": 0.55,
                        "Plan Rows": 5,
                        "Plan Width": 8,
                        "Actual Startup Time": 0.002,
                        "Actual Total Time": 0.003,
                        "Actual Rows": 2,
                        "Actual Loops": 6927,
                        "Index Cond": "(movie_id = ci.movie_id)",
                        "Rows Removed by Index Recheck": 0
                      }
                    ]
                  },
                  {
                    "Node Type": "Index Scan",
                    "Parent Relationship": "Inner",
                    "Parallel Aware": false,
                    "Scan Direction": "Forward",
                    "Index Name": "company_name_pkey",
                    "Relation Name": "company_name",
                    "Alias": "cn",
                    "Startup Cost": 0.42,
                    "Total Cost": 0.45,
                    "Plan Rows": 1,
                    "Plan Width": 4,
                    "Actual Startup Time": 0.002,
                    "Actual Total Time": 0.002,
                    "Actual Rows": 1,
                    "Actual Loops": 10549,
                    "Index Cond": "(id = mc.company_id)",
                    "Rows Removed by Index Recheck": 0,
                    "Filter": "((country_code)::text = '[us]'::text)",
                    "Rows Removed by Filter": 0
                  }
                ]
              }
            ]
          }
        ]
      }
    ]
  },
  "Planning Time": 2.295,
  "Triggers": [],
  "Execution Time": 639.792
}