{
  "Plan": {
    "Node Type": "Aggregate",
    "Strategy": "Plain",
    "Partial Mode": "Finalize",
    "Parallel Aware": false,
    "Startup Cost": 63300.45,
    "Total Cost": 63300.46,
    "Plan Rows": 1,
    "Plan Width": 8,
    "Actual Startup Time": 154.646,
    "Actual Total Time": 169.575,
    "Actual Rows": 1,
    "Actual Loops": 1,
    "Plans": [
      {
        "Node Type": "Gather",
        "Parent Relationship": "Outer",
        "Parallel Aware": false,
        "Startup Cost": 63300.33,
        "Total Cost": 63300.44,
        "Plan Rows": 1,
        "Plan Width": 8,
        "Actual Startup Time": 154.532,
        "Actual Total Time": 169.568,
        "Actual Rows": 2,
        "Actual Loops": 1,
        "Workers Planned": 1,
        "Workers Launched": 1,
        "Single Copy": false,
        "Plans": [
          {
            "Node Type": "Aggregate",
            "Strategy": "Plain",
            "Partial Mode": "Partial",
            "Parent Relationship": "Outer",
            "Parallel Aware": false,
            "Startup Cost": 62300.33,
            "Total Cost": 62300.34,
            "Plan Rows": 1,
            "Plan Width": 8,
            "Actual Startup Time": 148.684,
            "Actual Total Time": 148.686,
            "Actual Rows": 1,
            "Actual Loops": 2,
            "Plans": [
              {
                "Node Type": "Nested Loop",
                "Parent Relationship": "Outer",
                "Parallel Aware": false,
                "Join Type": "Inner",
                "Startup Cost": 0.43,
                "Total Cost": 62299.39,
                "Plan Rows": 378,
                "Plan Width": 0,
                "Actual Startup Time": 9.557,
                "Actual Total Time": 148.359,
                "Actual Rows": 6682,
                "Actual Loops": 2,
                "Inner Unique": false,
                "Plans": [
                  {
                    "Node Type": "Seq Scan",
                    "Parent Relationship": "Outer",
                    "Parallel Aware": true,
                    "Relation Name": "title",
                    "Alias": "t",
                    "Startup Cost": 0.0,
                    "Total Cost": 58306.47,
                    "Plan Rows": 418,
                    "Plan Width": 4,
                    "Actual Startup Time": 9.433,
                    "Actual Total Time": 134.595,
                    "Actual Rows": 1362,
                    "Actual Loops": 2,
                    "Filter": "((kind_id < 7) AND (production_year = 1938))",
                    "Rows Removed by Filter": 1262794
                  },
                  {
                    "Node Type": "Index Scan",
                    "Parent Relationship": "Inner",
                    "Parallel Aware": false,
                    "Scan Direction": "Forward",
                    "Index Name": "movie_id_movie_keyword",
                    "Relation Name": "movie_keyword",
                    "Alias": "mk",
                    "Startup Cost": 0.43,
                    "Total Cost": 9.32,
                    "Plan Rows": 23,
                    "Plan Width": 4,
                    "Actual Startup Time": 0.008,
                    "Actual Total Time": 0.009,
                    "Actual Rows": 5,
                    "Actual Loops": 2724,
                    "Index Cond": "(movie_id = t.id)",
                    "Rows Removed by Index Recheck": 0,
                    "Filter": "(keyword_id < 4885)",
                    "Rows Removed by Filter": 5
                  }
                ]
              }
            ]
          }
        ]
      }
    ]
  },
  "Planning Time": 0.474,
  "Triggers": [],
  "Execution Time": 169.649
}