{
  "Plan": {
    "Node Type": "Aggregate",
    "Strategy": "Plain",
    "Partial Mode": "Finalize",
    "Parallel Aware": false,
    "Startup Cost": 126633.35,
    "Total Cost": 126633.36,
    "Plan Rows": 1,
    "Plan Width": 8,
    "Actual Startup Time": 980.081,
    "Actual Total Time": 1003.883,
    "Actual Rows": 1,
    "Actual Loops": 1,
    "Plans": [
      {
        "Node Type": "Gather",
        "Parent Relationship": "Outer",
        "Parallel Aware": false,
        "Startup Cost": 126633.24,
        "Total Cost": 126633.35,
        "Plan Rows": 1,
        "Plan Width": 8,
        "Actual Startup Time": 974.711,
        "Actual Total Time": 1003.875,
        "Actual Rows": 2,
        "Actual Loops": 1,
        "Workers Planned": 1,
        "Workers Launched": 1,
        "Single Copy": false,
        "Plans": [
          {
            "Node Type": "Aggregate",
            "Strategy": "Plain",
            "Partial Mode": "Partial",
            "Parent Relationship": "Outer",
            "Parallel Aware": false,
            "Startup Cost": 125633.24,
            "Total Cost": 125633.25,
            "Plan Rows": 1,
            "Plan Width": 8,
            "Actual Startup Time": 968.138,
            "Actual Total Time": 968.145,
            "Actual Rows": 1,
            "Actual Loops": 2,
            "Plans": [
              {
                "Node Type": "Hash Join",
                "Parent Relationship": "Outer",
                "Parallel Aware": true,
                "Join Type": "Inner",
                "Startup Cost": 105690.28,
                "Total Cost": 125380.95,
                "Plan Rows": 100915,
                "Plan Width": 0,
                "Actual Startup Time": 799.96,
                "Actual Total Time": 953.308,
                "Actual Rows": 362759,
                "Actual Loops": 2,
                "Inner Unique": false,
                "Hash Cond": "(mi_idx.movie_id = t.id)",
                "Plans": [
                  {
                    "Node Type": "Seq Scan",
                    "Parent Relationship": "Outer",
                    "Parallel Aware": true,
                    "Relation Name": "movie_info_idx",
                    "Alias": "mi_idx",
                    "Startup Cost": 0.0,
                    "Total Cost": 16052.85,
                    "Plan Rows": 811785,
                    "Plan Width": 4,
                    "Actual Startup Time": 0.023,
                    "Actual Total Time": 49.584,
                    "Actual Rows": 690018,
                    "Actual Loops": 2
                  },
                  {
                    "Node Type": "Hash",
                    "Parent Relationship": "Inner",
                    "Parallel Aware": true,
                    "Startup Cost": 103379.27,
                    "Total Cost": 103379.27,
                    "Plan Rows": 184881,
                    "Plan Width": 8,
                    "Actual Startup Time": 794.041,
                    "Actual Total Time": 794.047,
                    "Actual Rows": 165654,
                    "Actual Loops": 2,
                    "Hash Buckets": 524288,
                    "Original Hash Buckets": 524288,
                    "Hash Batches": 1,
                    "Original Hash Batches": 1,
                    "Peak Memory Usage": 17088,
                    "Plans": [
                      {
                        "Node Type": "Hash Join",
                        "Parent Relationship": "Outer",
                        "Parallel Aware": true,
                        "Join Type": "Inner",
                        "Startup Cost": 76128.94,
                        "Total Cost": 103379.27,
                        "Plan Rows": 184881,
                        "Plan Width": 8,
                        "Actual Startup Time": 616.309,
                        "Actual Total Time": 751.252,
                        "Actual Rows": 165654,
                        "Actual Loops": 2,
                        "Inner Unique": true,
                        "Hash Cond": "(mk.movie_id = t.id)",
                        "Plans": [
                          {
                            "Node Type": "Bitmap Heap Scan",
                            "Parent Relationship": "Outer",
                            "Parallel Aware": true,
                            "Relation Name": "movie_keyword",
                            "Alias": "mk",
                            "Startup Cost": 6668.24,
                            "Total Cost": 33433.26,
                            "Plan Rows": 184881,
                            "Plan Width": 4,
                            "Actual Startup Time": 22.037,
                            "Actual Total Time": 90.959,
                            "Actual Rows": 165654,
                            "Actual Loops": 2,
                            "Recheck Cond": "(keyword_id < 267)",
                            "Rows Removed by Index Recheck": 0,
                            "Exact Heap Blocks": 13329,
                            "Lossy Heap Blocks": 0,
                            "Plans": [
                              {
                                "Node Type": "Bitmap Index Scan",
                                "Parent Relationship": "Outer",
                                "Parallel Aware": false,
                                "Index Name": "keyword_id_movie_keyword",
                                "Startup Cost": 0.0,
                                "Total Cost": 6589.67,
                                "Plan Rows": 314298,
                                "Plan Width": 0,
                                "Actual Startup Time": 18.539,
                                "Actual Total Time": 18.539,
                                "Actual Rows": 331308,
                                "Actual Loops": 1,
                                "Index Cond": "(keyword_id < 267)"
                              }
                            ]
                          },
                          {
                            "Node Type": "Hash",
                            "Parent Relationship": "Inner",
                            "Parallel Aware": true,
                            "Startup Cost": 50870.31,
                            "Total Cost": 50870.31,
                            "Plan Rows": 1487231,
                            "Plan Width": 4,
                            "Actual Startup Time": 576.802,
                            "Actual Total Time": 576.804,
                            "Actual Rows": 1264156,
                            "Actual Loops": 2,
                            "Hash Buckets": 4194304,
                            "Original Hash Buckets": 4194304,
                            "Hash Batches": 1,
                            "Original Hash Batches": 1,
                            "Peak Memory Usage": 131712,
                            "Plans": [
                              {
                                "Node Type": "Seq Scan",
                                "Parent Relationship": "Outer",
                                "Parallel Aware": true,
                                "Relation Name": "title",
                                "Alias": "t",
                                "Startup Cost": 0.0,
                                "Total Cost": 50870.31,
                                "Plan Rows": 1487231,
                                "Plan Width": 4,
                                "Actual Startup Time": 0.035,
                                "Actual Total Time": 164.361,
                                "Actual Rows": 1264156,
                                "Actual Loops": 2
                              }
                            ]
                          }
                        ]
                      }
                    ]
                  }
                ]
              }
            ]
          }
        ]
      }
    ]
  },
  "Planning Time": 0.961,
  "Triggers": [],
  "Execution Time": 1003.987
}