[
    {
        "Bao": {
            "Bao prediction": "NaN",
            "Bao recommended hint": "(no hint)"
        }
    },
    {
        "Plan": {
            "Node Type": "Aggregate",
            "Strategy": "Plain",
            "Partial Mode": "Finalize",
            "Parallel Aware": false,
            "Startup Cost": 325165.9,
            "Total Cost": 325165.91,
            "Plan Rows": 1,
            "Plan Width": 8,
            "Actual Startup Time": 402.56,
            "Actual Total Time": 421.225,
            "Actual Rows": 1,
            "Actual Loops": 1,
            "Output": [
                "count(*)"
            ],
            "Plans": [
                {
                    "Node Type": "Gather",
                    "Parent Relationship": "Outer",
                    "Parallel Aware": false,
                    "Startup Cost": 325165.27,
                    "Total Cost": 325165.88,
                    "Plan Rows": 6,
                    "Plan Width": 8,
                    "Actual Startup Time": 402.416,
                    "Actual Total Time": 421.211,
                    "Actual Rows": 7,
                    "Actual Loops": 1,
                    "Output": [
                        "(PARTIAL count(*))"
                    ],
                    "Workers Planned": 6,
                    "Workers Launched": 6,
                    "Single Copy": false,
                    "Plans": [
                        {
                            "Node Type": "Aggregate",
                            "Strategy": "Plain",
                            "Partial Mode": "Partial",
                            "Parent Relationship": "Outer",
                            "Parallel Aware": false,
                            "Startup Cost": 324165.27,
                            "Total Cost": 324165.28,
                            "Plan Rows": 1,
                            "Plan Width": 8,
                            "Actual Startup Time": 392.12,
                            "Actual Total Time": 392.122,
                            "Actual Rows": 1,
                            "Actual Loops": 7,
                            "Output": [
                                "PARTIAL count(*)"
                            ],
                            "Workers": [
                                {
                                    "Worker Number": 0,
                                    "Actual Startup Time": 389.357,
                                    "Actual Total Time": 389.358,
                                    "Actual Rows": 1,
                                    "Actual Loops": 1
                                },
                                {
                                    "Worker Number": 1,
                                    "Actual Startup Time": 390.221,
                                    "Actual Total Time": 390.222,
                                    "Actual Rows": 1,
                                    "Actual Loops": 1
                                },
                                {
                                    "Worker Number": 2,
                                    "Actual Startup Time": 390.558,
                                    "Actual Total Time": 390.559,
                                    "Actual Rows": 1,
                                    "Actual Loops": 1
                                },
                                {
                                    "Worker Number": 3,
                                    "Actual Startup Time": 390.853,
                                    "Actual Total Time": 390.853,
                                    "Actual Rows": 1,
                                    "Actual Loops": 1
                                },
                                {
                                    "Worker Number": 4,
                                    "Actual Startup Time": 390.873,
                                    "Actual Total Time": 390.875,
                                    "Actual Rows": 1,
                                    "Actual Loops": 1
                                },
                                {
                                    "Worker Number": 5,
                                    "Actual Startup Time": 390.953,
                                    "Actual Total Time": 390.954,
                                    "Actual Rows": 1,
                                    "Actual Loops": 1
                                }
                            ],
                            "Plans": [
                                {
                                    "Node Type": "Index Scan",
                                    "Parent Relationship": "Outer",
                                    "Parallel Aware": true,
                                    "Scan Direction": "Forward",
                                    "Index Name": "role_id_cast_info",
                                    "Relation Name": "cast_info",
                                    "Schema": "public",
                                    "Alias": "ci",
                                    "Startup Cost": 0.56,
                                    "Total Cost": 322560.04,
                                    "Plan Rows": 642094,
                                    "Plan Width": 0,
                                    "Actual Startup Time": 0.201,
                                    "Actual Total Time": 373.927,
                                    "Actual Rows": 336740,
                                    "Actual Loops": 7,
                                    "Output": [
                                        "id",
                                        "person_id",
                                        "movie_id",
                                        "person_role_id",
                                        "note",
                                        "nr_order",
                                        "role_id"
                                    ],
                                    "Index Cond": "(ci.role_id > 3)",
                                    "Rows Removed by Index Recheck": 0,
                                    "Filter": "(ci.person_id < 1148486)",
                                    "Rows Removed by Filter": 1393781,
                                    "Workers": [
                                        {
                                            "Worker Number": 0,
                                            "Actual Startup Time": 0.192,
                                            "Actual Total Time": 371.121,
                                            "Actual Rows": 238841,
                                            "Actual Loops": 1
                                        },
                                        {
                                            "Worker Number": 1,
                                            "Actual Startup Time": 0.118,
                                            "Actual Total Time": 371.408,
                                            "Actual Rows": 251828,
                                            "Actual Loops": 1
                                        },
                                        {
                                            "Worker Number": 2,
                                            "Actual Startup Time": 0.161,
                                            "Actual Total Time": 372.453,
                                            "Actual Rows": 360110,
                                            "Actual Loops": 1
                                        },
                                        {
                                            "Worker Number": 3,
                                            "Actual Startup Time": 0.637,
                                            "Actual Total Time": 373.442,
                                            "Actual Rows": 354834,
                                            "Actual Loops": 1
                                        },
                                        {
                                            "Worker Number": 4,
                                            "Actual Startup Time": 0.124,
                                            "Actual Total Time": 373.328,
                                            "Actual Rows": 358363,
                                            "Actual Loops": 1
                                        },
                                        {
                                            "Worker Number": 5,
                                            "Actual Startup Time": 0.137,
                                            "Actual Total Time": 373.419,
                                            "Actual Rows": 349450,
                                            "Actual Loops": 1
                                        }
                                    ]
                                }
                            ]
                        }
                    ]
                }
            ]
        },
        "Planning Time": 201.687,
        "Triggers": [],
        "Execution Time": 421.295
    }
]