{
    "Plan": {
        "Node Type": "Aggregate",
        "Strategy": "Plain",
        "Partial Mode": "Finalize",
        "Parallel Aware": false,
        "Startup Cost": 157696.39,
        "Total Cost": 157696.4,
        "Plan Rows": 1,
        "Plan Width": 8,
        "Actual Startup Time": 498.763,
        "Actual Total Time": 523.61,
        "Actual Rows": 1,
        "Actual Loops": 1,
        "Output": [
            "count(*)"
        ],
        "Plans": [
            {
                "Node Type": "Gather",
                "Parent Relationship": "Outer",
                "Parallel Aware": false,
                "Startup Cost": 157695.87,
                "Total Cost": 157696.38,
                "Plan Rows": 5,
                "Plan Width": 8,
                "Actual Startup Time": 494.728,
                "Actual Total Time": 523.6,
                "Actual Rows": 6,
                "Actual Loops": 1,
                "Output": [
                    "(PARTIAL count(*))"
                ],
                "Workers Planned": 5,
                "Workers Launched": 5,
                "Single Copy": false,
                "Plans": [
                    {
                        "Node Type": "Aggregate",
                        "Strategy": "Plain",
                        "Partial Mode": "Partial",
                        "Parent Relationship": "Outer",
                        "Parallel Aware": false,
                        "Startup Cost": 156695.87,
                        "Total Cost": 156695.88,
                        "Plan Rows": 1,
                        "Plan Width": 8,
                        "Actual Startup Time": 484.942,
                        "Actual Total Time": 484.945,
                        "Actual Rows": 1,
                        "Actual Loops": 6,
                        "Output": [
                            "PARTIAL count(*)"
                        ],
                        "Workers": [
                            {
                                "Worker Number": 0,
                                "Actual Startup Time": 482.025,
                                "Actual Total Time": 482.029,
                                "Actual Rows": 1,
                                "Actual Loops": 1
                            },
                            {
                                "Worker Number": 1,
                                "Actual Startup Time": 482.294,
                                "Actual Total Time": 482.298,
                                "Actual Rows": 1,
                                "Actual Loops": 1
                            },
                            {
                                "Worker Number": 2,
                                "Actual Startup Time": 483.895,
                                "Actual Total Time": 483.899,
                                "Actual Rows": 1,
                                "Actual Loops": 1
                            },
                            {
                                "Worker Number": 3,
                                "Actual Startup Time": 483.629,
                                "Actual Total Time": 483.632,
                                "Actual Rows": 1,
                                "Actual Loops": 1
                            },
                            {
                                "Worker Number": 4,
                                "Actual Startup Time": 483.784,
                                "Actual Total Time": 483.788,
                                "Actual Rows": 1,
                                "Actual Loops": 1
                            }
                        ],
                        "Plans": [
                            {
                                "Node Type": "Hash Join",
                                "Parent Relationship": "Outer",
                                "Parallel Aware": true,
                                "Join Type": "Inner",
                                "Startup Cost": 45997.55,
                                "Total Cost": 156394.28,
                                "Plan Rows": 120636,
                                "Plan Width": 0,
                                "Actual Startup Time": 143.177,
                                "Actual Total Time": 478.156,
                                "Actual Rows": 106826,
                                "Actual Loops": 6,
                                "Inner Unique": true,
                                "Hash Cond": "(ci.movie_id = t.id)",
                                "Workers": [
                                    {
                                        "Worker Number": 0,
                                        "Actual Startup Time": 140.6,
                                        "Actual Total Time": 475.255,
                                        "Actual Rows": 88475,
                                        "Actual Loops": 1
                                    },
                                    {
                                        "Worker Number": 1,
                                        "Actual Startup Time": 140.602,
                                        "Actual Total Time": 475.383,
                                        "Actual Rows": 90515,
                                        "Actual Loops": 1
                                    },
                                    {
                                        "Worker Number": 2,
                                        "Actual Startup Time": 141.395,
                                        "Actual Total Time": 476.699,
                                        "Actual Rows": 94116,
                                        "Actual Loops": 1
                                    },
                                    {
                                        "Worker Number": 3,
                                        "Actual Startup Time": 141.593,
                                        "Actual Total Time": 477.644,
                                        "Actual Rows": 127553,
                                        "Actual Loops": 1
                                    },
                                    {
                                        "Worker Number": 4,
                                        "Actual Startup Time": 142.829,
                                        "Actual Total Time": 476.479,
                                        "Actual Rows": 87870,
                                        "Actual Loops": 1
                                    }
                                ],
                                "Plans": [
                                    {
                                        "Node Type": "Index Scan",
                                        "Parent Relationship": "Outer",
                                        "Parallel Aware": true,
                                        "Scan Direction": "Forward",
                                        "Index Name": "role_id_cast_info",
                                        "Relation Name": "cast_info",
                                        "Schema": "public",
                                        "Alias": "ci",
                                        "Startup Cost": 0.56,
                                        "Total Cost": 109204.72,
                                        "Plan Rows": 454317,
                                        "Plan Width": 4,
                                        "Actual Startup Time": 0.239,
                                        "Actual Total Time": 179.052,
                                        "Actual Rows": 467879,
                                        "Actual Loops": 6,
                                        "Output": [
                                            "ci.id",
                                            "ci.person_id",
                                            "ci.movie_id",
                                            "ci.person_role_id",
                                            "ci.note",
                                            "ci.nr_order",
                                            "ci.role_id"
                                        ],
                                        "Index Cond": "(ci.role_id = 3)",
                                        "Rows Removed by Index Recheck": 0,
                                        "Filter": "(ci.person_id > 1540412)",
                                        "Rows Removed by Filter": 200127,
                                        "Workers": [
                                            {
                                                "Worker Number": 0,
                                                "Actual Startup Time": 0.317,
                                                "Actual Total Time": 185.672,
                                                "Actual Rows": 386894,
                                                "Actual Loops": 1
                                            },
                                            {
                                                "Worker Number": 1,
                                                "Actual Startup Time": 0.33,
                                                "Actual Total Time": 186.282,
                                                "Actual Rows": 383895,
                                                "Actual Loops": 1
                                            },
                                            {
                                                "Worker Number": 2,
                                                "Actual Startup Time": 0.193,
                                                "Actual Total Time": 187.293,
                                                "Actual Rows": 400788,
                                                "Actual Loops": 1
                                            },
                                            {
                                                "Worker Number": 3,
                                                "Actual Startup Time": 0.125,
                                                "Actual Total Time": 176.216,
                                                "Actual Rows": 573921,
                                                "Actual Loops": 1
                                            },
                                            {
                                                "Worker Number": 4,
                                                "Actual Startup Time": 0.277,
                                                "Actual Total Time": 183.795,
                                                "Actual Rows": 387287,
                                                "Actual Loops": 1
                                            }
                                        ]
                                    },
                                    {
                                        "Node Type": "Hash",
                                        "Parent Relationship": "Inner",
                                        "Parallel Aware": true,
                                        "Startup Cost": 43899.01,
                                        "Total Cost": 43899.01,
                                        "Plan Rows": 167838,
                                        "Plan Width": 4,
                                        "Actual Startup Time": 139.149,
                                        "Actual Total Time": 139.151,
                                        "Actual Rows": 110471,
                                        "Actual Loops": 6,
                                        "Output": [
                                            "t.id"
                                        ],
                                        "Hash Buckets": 1048576,
                                        "Original Hash Buckets": 1048576,
                                        "Hash Batches": 1,
                                        "Original Hash Batches": 1,
                                        "Peak Memory Usage": 34272,
                                        "Workers": [
                                            {
                                                "Worker Number": 0,
                                                "Actual Startup Time": 139.395,
                                                "Actual Total Time": 139.396,
                                                "Actual Rows": 92438,
                                                "Actual Loops": 1
                                            },
                                            {
                                                "Worker Number": 1,
                                                "Actual Startup Time": 139.668,
                                                "Actual Total Time": 139.669,
                                                "Actual Rows": 92340,
                                                "Actual Loops": 1
                                            },
                                            {
                                                "Worker Number": 2,
                                                "Actual Startup Time": 140.673,
                                                "Actual Total Time": 140.674,
                                                "Actual Rows": 95710,
                                                "Actual Loops": 1
                                            },
                                            {
                                                "Worker Number": 3,
                                                "Actual Startup Time": 141.198,
                                                "Actual Total Time": 141.199,
                                                "Actual Rows": 135220,
                                                "Actual Loops": 1
                                            },
                                            {
                                                "Worker Number": 4,
                                                "Actual Startup Time": 141.225,
                                                "Actual Total Time": 141.227,
                                                "Actual Rows": 91655,
                                                "Actual Loops": 1
                                            }
                                        ],
                                        "Plans": [
                                            {
                                                "Node Type": "Seq Scan",
                                                "Parent Relationship": "Outer",
                                                "Parallel Aware": true,
                                                "Relation Name": "title",
                                                "Schema": "public",
                                                "Alias": "t",
                                                "Startup Cost": 0.0,
                                                "Total Cost": 43899.01,
                                                "Plan Rows": 167838,
                                                "Plan Width": 4,
                                                "Actual Startup Time": 43.919,
                                                "Actual Total Time": 88.049,
                                                "Actual Rows": 110471,
                                                "Actual Loops": 6,
                                                "Output": [
                                                    "t.id"
                                                ],
                                                "Filter": "(t.kind_id = 1)",
                                                "Rows Removed by Filter": 310914,
                                                "Workers": [
                                                    {
                                                        "Worker Number": 0,
                                                        "Actual Startup Time": 51.384,
                                                        "Actual Total Time": 89.193,
                                                        "Actual Rows": 92438,
                                                        "Actual Loops": 1
                                                    },
                                                    {
                                                        "Worker Number": 1,
                                                        "Actual Startup Time": 51.728,
                                                        "Actual Total Time": 89.375,
                                                        "Actual Rows": 92340,
                                                        "Actual Loops": 1
                                                    },
                                                    {
                                                        "Worker Number": 2,
                                                        "Actual Startup Time": 51.347,
                                                        "Actual Total Time": 89.566,
                                                        "Actual Rows": 95710,
                                                        "Actual Loops": 1
                                                    },
                                                    {
                                                        "Worker Number": 3,
                                                        "Actual Startup Time": 51.347,
                                                        "Actual Total Time": 87.719,
                                                        "Actual Rows": 135220,
                                                        "Actual Loops": 1
                                                    },
                                                    {
                                                        "Worker Number": 4,
                                                        "Actual Startup Time": 51.505,
                                                        "Actual Total Time": 88.815,
                                                        "Actual Rows": 91655,
                                                        "Actual Loops": 1
                                                    }
                                                ]
                                            }
                                        ]
                                    }
                                ]
                            }
                        ]
                    }
                ]
            }
        ]
    },
    "Planning Time": 0.614,
    "Triggers": [],
    "Execution Time": 523.683
}