[
    {
        "Bao": {
            "Bao prediction": "NaN",
            "Bao recommended hint": "(no hint)"
        }
    },
    {
        "Plan": {
            "Node Type": "Aggregate",
            "Strategy": "Plain",
            "Partial Mode": "Finalize",
            "Parallel Aware": false,
            "Startup Cost": 31830.84,
            "Total Cost": 31830.85,
            "Plan Rows": 1,
            "Plan Width": 8,
            "Actual Startup Time": 91.273,
            "Actual Total Time": 96.55,
            "Actual Rows": 1,
            "Actual Loops": 1,
            "Output": [
                "count(*)"
            ],
            "Plans": [
                {
                    "Node Type": "Gather",
                    "Parent Relationship": "Outer",
                    "Parallel Aware": false,
                    "Startup Cost": 31830.52,
                    "Total Cost": 31830.83,
                    "Plan Rows": 3,
                    "Plan Width": 8,
                    "Actual Startup Time": 91.021,
                    "Actual Total Time": 96.54,
                    "Actual Rows": 4,
                    "Actual Loops": 1,
                    "Output": [
                        "(PARTIAL count(*))"
                    ],
                    "Workers Planned": 3,
                    "Workers Launched": 3,
                    "Single Copy": false,
                    "Plans": [
                        {
                            "Node Type": "Aggregate",
                            "Strategy": "Plain",
                            "Partial Mode": "Partial",
                            "Parent Relationship": "Outer",
                            "Parallel Aware": false,
                            "Startup Cost": 30830.52,
                            "Total Cost": 30830.53,
                            "Plan Rows": 1,
                            "Plan Width": 8,
                            "Actual Startup Time": 82.506,
                            "Actual Total Time": 82.508,
                            "Actual Rows": 1,
                            "Actual Loops": 4,
                            "Output": [
                                "PARTIAL count(*)"
                            ],
                            "Workers": [
                                {
                                    "Worker Number": 0,
                                    "Actual Startup Time": 80.183,
                                    "Actual Total Time": 80.185,
                                    "Actual Rows": 1,
                                    "Actual Loops": 1
                                },
                                {
                                    "Worker Number": 1,
                                    "Actual Startup Time": 79.839,
                                    "Actual Total Time": 79.841,
                                    "Actual Rows": 1,
                                    "Actual Loops": 1
                                },
                                {
                                    "Worker Number": 2,
                                    "Actual Startup Time": 80.091,
                                    "Actual Total Time": 80.093,
                                    "Actual Rows": 1,
                                    "Actual Loops": 1
                                }
                            ],
                            "Plans": [
                                {
                                    "Node Type": "Bitmap Heap Scan",
                                    "Parent Relationship": "Outer",
                                    "Parallel Aware": true,
                                    "Relation Name": "movie_keyword",
                                    "Schema": "public",
                                    "Alias": "mk",
                                    "Startup Cost": 5192.63,
                                    "Total Cost": 30633.21,
                                    "Plan Rows": 78926,
                                    "Plan Width": 0,
                                    "Actual Startup Time": 18.854,
                                    "Actual Total Time": 77.798,
                                    "Actual Rows": 60002,
                                    "Actual Loops": 4,
                                    "Recheck Cond": "(mk.keyword_id > 61900)",
                                    "Rows Removed by Index Recheck": 0,
                                    "Exact Heap Blocks": 9632,
                                    "Lossy Heap Blocks": 0,
                                    "Workers": [
                                        {
                                            "Worker Number": 0,
                                            "Actual Startup Time": 16.681,
                                            "Actual Total Time": 76.268,
                                            "Actual Rows": 49201,
                                            "Actual Loops": 1
                                        },
                                        {
                                            "Worker Number": 1,
                                            "Actual Startup Time": 16.384,
                                            "Actual Total Time": 76.204,
                                            "Actual Rows": 42853,
                                            "Actual Loops": 1
                                        },
                                        {
                                            "Worker Number": 2,
                                            "Actual Startup Time": 16.411,
                                            "Actual Total Time": 76.145,
                                            "Actual Rows": 38942,
                                            "Actual Loops": 1
                                        }
                                    ],
                                    "Plans": [
                                        {
                                            "Node Type": "Bitmap Index Scan",
                                            "Parent Relationship": "Outer",
                                            "Parallel Aware": false,
                                            "Index Name": "keyword_id_movie_keyword",
                                            "Startup Cost": 0.0,
                                            "Total Cost": 5131.47,
                                            "Plan Rows": 244671,
                                            "Plan Width": 0,
                                            "Actual Startup Time": 21.055,
                                            "Actual Total Time": 21.055,
                                            "Actual Rows": 240007,
                                            "Actual Loops": 1,
                                            "Index Cond": "(mk.keyword_id > 61900)"
                                        }
                                    ]
                                }
                            ]
                        }
                    ]
                }
            ]
        },
        "Planning Time": 298.212,
        "Triggers": [],
        "Execution Time": 96.614
    }
]