[
  {
    "Plan": {
      "Node Type": "Aggregate",
      "Strategy": "Plain",
      "Partial Mode": "Finalize",
      "Parallel Aware": false,
      "Startup Cost": 54829.5,
      "Total Cost": 54829.51,
      "Plan Rows": 1,
      "Plan Width": 8,
      "Actual Startup Time": 121.141,
      "Actual Total Time": 140.417,
      "Actual Rows": 1,
      "Actual Loops": 1,
      "Plans": [
        {
          "Node Type": "Gather",
          "Parent Relationship": "Outer",
          "Parallel Aware": false,
          "Startup Cost": 54829.08,
          "Total Cost": 54829.49,
          "Plan Rows": 4,
          "Plan Width": 8,
          "Actual Startup Time": 121.014,
          "Actual Total Time": 140.409,
          "Actual Rows": 5,
          "Actual Loops": 1,
          "Workers Planned": 4,
          "Workers Launched": 4,
          "Single Copy": false,
          "Plans": [
            {
              "Node Type": "Aggregate",
              "Strategy": "Plain",
              "Partial Mode": "Partial",
              "Parent Relationship": "Outer",
              "Parallel Aware": false,
              "Startup Cost": 53829.08,
              "Total Cost": 53829.09,
              "Plan Rows": 1,
              "Plan Width": 8,
              "Actual Startup Time": 111.964,
              "Actual Total Time": 111.966,
              "Actual Rows": 1,
              "Actual Loops": 5,
              "Plans": [
                {
                  "Node Type": "Nested Loop",
                  "Parent Relationship": "Outer",
                  "Parallel Aware": false,
                  "Join Type": "Inner",
                  "Startup Cost": 0.43,
                  "Total Cost": 53827.85,
                  "Plan Rows": 492,
                  "Plan Width": 0,
                  "Actual Startup Time": 66.231,
                  "Actual Total Time": 111.678,
                  "Actual Rows": 2135,
                  "Actual Loops": 5,
                  "Inner Unique": false,
                  "Plans": [
                    {
                      "Node Type": "Seq Scan",
                      "Parent Relationship": "Outer",
                      "Parallel Aware": true,
                      "Relation Name": "title",
                      "Alias": "t",
                      "Startup Cost": 0.0,
                      "Total Cost": 45479.1,
                      "Plan Rows": 477,
                      "Plan Width": 4,
                      "Actual Startup Time": 66.09,
                      "Actual Total Time": 95.966,
                      "Actual Rows": 1174,
                      "Actual Loops": 5,
                      "Filter": "((kind_id < 4) AND (production_year < 1900))",
                      "Rows Removed by Filter": 504488
                    },
                    {
                      "Node Type": "Index Only Scan",
                      "Parent Relationship": "Inner",
                      "Parallel Aware": false,
                      "Scan Direction": "Forward",
                      "Index Name": "movie_id_movie_companies",
                      "Relation Name": "movie_companies",
                      "Alias": "mc",
                      "Startup Cost": 0.43,
                      "Total Cost": 17.45,
                      "Plan Rows": 5,
                      "Plan Width": 4,
                      "Actual Startup Time": 0.01,
                      "Actual Total Time": 0.013,
                      "Actual Rows": 2,
                      "Actual Loops": 5872,
                      "Index Cond": "(movie_id = t.id)",
                      "Rows Removed by Index Recheck": 0,
                      "Heap Fetches": 10675
                    }
                  ]
                }
              ]
            }
          ]
        }
      ]
    },
    "Planning Time": 0.618,
    "Triggers": [],
    "Execution Time": 140.488
  }
]