[
  {
    "Plan": {
      "Node Type": "Aggregate",
      "Strategy": "Plain",
      "Partial Mode": "Finalize",
      "Parallel Aware": false,
      "Startup Cost": 47178.12,
      "Total Cost": 47178.13,
      "Plan Rows": 1,
      "Plan Width": 8,
      "Actual Startup Time": 213.668,
      "Actual Total Time": 224.105,
      "Actual Rows": 1,
      "Actual Loops": 1,
      "Plans": [
        {
          "Node Type": "Gather",
          "Parent Relationship": "Outer",
          "Parallel Aware": false,
          "Startup Cost": 47177.8,
          "Total Cost": 47178.11,
          "Plan Rows": 3,
          "Plan Width": 8,
          "Actual Startup Time": 213.497,
          "Actual Total Time": 224.093,
          "Actual Rows": 4,
          "Actual Loops": 1,
          "Workers Planned": 3,
          "Workers Launched": 3,
          "Single Copy": false,
          "Plans": [
            {
              "Node Type": "Aggregate",
              "Strategy": "Plain",
              "Partial Mode": "Partial",
              "Parent Relationship": "Outer",
              "Parallel Aware": false,
              "Startup Cost": 46177.8,
              "Total Cost": 46177.81,
              "Plan Rows": 1,
              "Plan Width": 8,
              "Actual Startup Time": 205.72,
              "Actual Total Time": 205.722,
              "Actual Rows": 1,
              "Actual Loops": 4,
              "Plans": [
                {
                  "Node Type": "Seq Scan",
                  "Parent Relationship": "Outer",
                  "Parallel Aware": true,
                  "Relation Name": "movie_keyword",
                  "Alias": "mk",
                  "Startup Cost": 0.0,
                  "Total Cost": 42695.65,
                  "Plan Rows": 1392860,
                  "Plan Width": 0,
                  "Actual Startup Time": 0.046,
                  "Actual Total Time": 146.877,
                  "Actual Rows": 1078548,
                  "Actual Loops": 4,
                  "Filter": "(keyword_id < 66739)",
                  "Rows Removed by Filter": 52434
                }
              ]
            }
          ]
        }
      ]
    },
    "Planning Time": 0.194,
    "Triggers": [],
    "Execution Time": 224.162
  }
]