[
    {
        "Bao": {
            "Bao prediction": "NaN",
            "Bao recommended hint": "(no hint)"
        }
    },
    {
        "Plan": {
            "Node Type": "Aggregate",
            "Strategy": "Plain",
            "Partial Mode": "Finalize",
            "Parallel Aware": false,
            "Startup Cost": 40835.7,
            "Total Cost": 40835.71,
            "Plan Rows": 1,
            "Plan Width": 8,
            "Actual Startup Time": 125.023,
            "Actual Total Time": 130.694,
            "Actual Rows": 1,
            "Actual Loops": 1,
            "Output": [
                "count(*)"
            ],
            "Plans": [
                {
                    "Node Type": "Gather",
                    "Parent Relationship": "Outer",
                    "Parallel Aware": false,
                    "Startup Cost": 40835.38,
                    "Total Cost": 40835.69,
                    "Plan Rows": 3,
                    "Plan Width": 8,
                    "Actual Startup Time": 124.736,
                    "Actual Total Time": 130.632,
                    "Actual Rows": 4,
                    "Actual Loops": 1,
                    "Output": [
                        "(PARTIAL count(*))"
                    ],
                    "Workers Planned": 3,
                    "Workers Launched": 3,
                    "Single Copy": false,
                    "Plans": [
                        {
                            "Node Type": "Aggregate",
                            "Strategy": "Plain",
                            "Partial Mode": "Partial",
                            "Parent Relationship": "Outer",
                            "Parallel Aware": false,
                            "Startup Cost": 39835.38,
                            "Total Cost": 39835.39,
                            "Plan Rows": 1,
                            "Plan Width": 8,
                            "Actual Startup Time": 116.028,
                            "Actual Total Time": 116.03,
                            "Actual Rows": 1,
                            "Actual Loops": 4,
                            "Output": [
                                "PARTIAL count(*)"
                            ],
                            "Workers": [
                                {
                                    "Worker Number": 0,
                                    "Actual Startup Time": 112.919,
                                    "Actual Total Time": 112.921,
                                    "Actual Rows": 1,
                                    "Actual Loops": 1
                                },
                                {
                                    "Worker Number": 1,
                                    "Actual Startup Time": 113.309,
                                    "Actual Total Time": 113.311,
                                    "Actual Rows": 1,
                                    "Actual Loops": 1
                                },
                                {
                                    "Worker Number": 2,
                                    "Actual Startup Time": 113.533,
                                    "Actual Total Time": 113.535,
                                    "Actual Rows": 1,
                                    "Actual Loops": 1
                                }
                            ],
                            "Plans": [
                                {
                                    "Node Type": "Bitmap Heap Scan",
                                    "Parent Relationship": "Outer",
                                    "Parallel Aware": true,
                                    "Relation Name": "movie_keyword",
                                    "Schema": "public",
                                    "Alias": "mk",
                                    "Startup Cost": 12524.39,
                                    "Total Cost": 39359.22,
                                    "Plan Rows": 190466,
                                    "Plan Width": 0,
                                    "Actual Startup Time": 33.761,
                                    "Actual Total Time": 108.02,
                                    "Actual Rows": 146160,
                                    "Actual Loops": 4,
                                    "Recheck Cond": "(mk.keyword_id > 31395)",
                                    "Rows Removed by Index Recheck": 0,
                                    "Exact Heap Blocks": 10246,
                                    "Lossy Heap Blocks": 0,
                                    "Workers": [
                                        {
                                            "Worker Number": 0,
                                            "Actual Startup Time": 30.913,
                                            "Actual Total Time": 105.863,
                                            "Actual Rows": 107835,
                                            "Actual Loops": 1
                                        },
                                        {
                                            "Worker Number": 1,
                                            "Actual Startup Time": 31.007,
                                            "Actual Total Time": 106.061,
                                            "Actual Rows": 114745,
                                            "Actual Loops": 1
                                        },
                                        {
                                            "Worker Number": 2,
                                            "Actual Startup Time": 31.418,
                                            "Actual Total Time": 106.496,
                                            "Actual Rows": 106487,
                                            "Actual Loops": 1
                                        }
                                    ],
                                    "Plans": [
                                        {
                                            "Node Type": "Bitmap Index Scan",
                                            "Parent Relationship": "Outer",
                                            "Parallel Aware": false,
                                            "Index Name": "keyword_id_movie_keyword",
                                            "Startup Cost": 0.0,
                                            "Total Cost": 12376.78,
                                            "Plan Rows": 590446,
                                            "Plan Width": 0,
                                            "Actual Startup Time": 38.391,
                                            "Actual Total Time": 38.392,
                                            "Actual Rows": 584640,
                                            "Actual Loops": 1,
                                            "Index Cond": "(mk.keyword_id > 31395)"
                                        }
                                    ]
                                }
                            ]
                        }
                    ]
                }
            ]
        },
        "Planning Time": 251.604,
        "Triggers": [],
        "Execution Time": 130.793
    }
]