[
  {
    "Plan": {
      "Node Type": "Aggregate",
      "Strategy": "Plain",
      "Partial Mode": "Finalize",
      "Parallel Aware": false,
      "Startup Cost": 39748.98,
      "Total Cost": 39748.99,
      "Plan Rows": 1,
      "Plan Width": 8,
      "Actual Startup Time": 114.736,
      "Actual Total Time": 124.019,
      "Actual Rows": 1,
      "Actual Loops": 1,
      "Plans": [
        {
          "Node Type": "Gather",
          "Parent Relationship": "Outer",
          "Parallel Aware": false,
          "Startup Cost": 39748.66,
          "Total Cost": 39748.97,
          "Plan Rows": 3,
          "Plan Width": 8,
          "Actual Startup Time": 114.333,
          "Actual Total Time": 124.004,
          "Actual Rows": 4,
          "Actual Loops": 1,
          "Workers Planned": 3,
          "Workers Launched": 3,
          "Single Copy": false,
          "Plans": [
            {
              "Node Type": "Aggregate",
              "Strategy": "Plain",
              "Partial Mode": "Partial",
              "Parent Relationship": "Outer",
              "Parallel Aware": false,
              "Startup Cost": 38748.66,
              "Total Cost": 38748.67,
              "Plan Rows": 1,
              "Plan Width": 8,
              "Actual Startup Time": 109.227,
              "Actual Total Time": 109.229,
              "Actual Rows": 1,
              "Actual Loops": 4,
              "Plans": [
                {
                  "Node Type": "Bitmap Heap Scan",
                  "Parent Relationship": "Outer",
                  "Parallel Aware": true,
                  "Relation Name": "movie_keyword",
                  "Alias": "mk",
                  "Startup Cost": 11640.12,
                  "Total Cost": 38306.24,
                  "Plan Rows": 176969,
                  "Plan Width": 0,
                  "Actual Startup Time": 32.584,
                  "Actual Total Time": 102.072,
                  "Actual Rows": 137931,
                  "Actual Loops": 4,
                  "Recheck Cond": "(keyword_id < 395)",
                  "Rows Removed by Index Recheck": 0,
                  "Exact Heap Blocks": 9920,
                  "Lossy Heap Blocks": 0,
                  "Plans": [
                    {
                      "Node Type": "Bitmap Index Scan",
                      "Parent Relationship": "Outer",
                      "Parallel Aware": false,
                      "Index Name": "keyword_id_movie_keyword",
                      "Startup Cost": 0.0,
                      "Total Cost": 11502.97,
                      "Plan Rows": 548605,
                      "Plan Width": 0,
                      "Actual Startup Time": 33.757,
                      "Actual Total Time": 33.758,
                      "Actual Rows": 551723,
                      "Actual Loops": 1,
                      "Index Cond": "(keyword_id < 395)"
                    }
                  ]
                }
              ]
            }
          ]
        }
      ]
    },
    "Planning Time": 0.099,
    "Triggers": [],
    "Execution Time": 124.061
  }
]