[
  {
    "Plan": {
      "Node Type": "Aggregate",
      "Strategy": "Plain",
      "Partial Mode": "Finalize",
      "Parallel Aware": false,
      "Startup Cost": 39454.97,
      "Total Cost": 39454.98,
      "Plan Rows": 1,
      "Plan Width": 8,
      "Actual Startup Time": 133.932,
      "Actual Total Time": 142.387,
      "Actual Rows": 1,
      "Actual Loops": 1,
      "Plans": [
        {
          "Node Type": "Gather",
          "Parent Relationship": "Outer",
          "Parallel Aware": false,
          "Startup Cost": 39454.65,
          "Total Cost": 39454.96,
          "Plan Rows": 3,
          "Plan Width": 8,
          "Actual Startup Time": 133.62,
          "Actual Total Time": 142.379,
          "Actual Rows": 4,
          "Actual Loops": 1,
          "Workers Planned": 3,
          "Workers Launched": 3,
          "Single Copy": false,
          "Plans": [
            {
              "Node Type": "Aggregate",
              "Strategy": "Plain",
              "Partial Mode": "Partial",
              "Parent Relationship": "Outer",
              "Parallel Aware": false,
              "Startup Cost": 38454.65,
              "Total Cost": 38454.66,
              "Plan Rows": 1,
              "Plan Width": 8,
              "Actual Startup Time": 127.186,
              "Actual Total Time": 127.187,
              "Actual Rows": 1,
              "Actual Loops": 4,
              "Plans": [
                {
                  "Node Type": "Bitmap Heap Scan",
                  "Parent Relationship": "Outer",
                  "Parallel Aware": true,
                  "Relation Name": "movie_keyword",
                  "Alias": "mk",
                  "Startup Cost": 11400.69,
                  "Total Cost": 38021.32,
                  "Plan Rows": 173330,
                  "Plan Width": 0,
                  "Actual Startup Time": 45.318,
                  "Actual Total Time": 119.471,
                  "Actual Rows": 137931,
                  "Actual Loops": 4,
                  "Recheck Cond": "(keyword_id < 395)",
                  "Rows Removed by Index Recheck": 0,
                  "Exact Heap Blocks": 10703,
                  "Lossy Heap Blocks": 0,
                  "Plans": [
                    {
                      "Node Type": "Bitmap Index Scan",
                      "Parent Relationship": "Outer",
                      "Parallel Aware": false,
                      "Index Name": "keyword_id_movie_keyword",
                      "Startup Cost": 0.0,
                      "Total Cost": 11266.36,
                      "Plan Rows": 537324,
                      "Plan Width": 0,
                      "Actual Startup Time": 47.423,
                      "Actual Total Time": 47.424,
                      "Actual Rows": 551723,
                      "Actual Loops": 1,
                      "Index Cond": "(keyword_id < 395)"
                    }
                  ]
                }
              ]
            }
          ]
        }
      ]
    },
    "Planning Time": 0.221,
    "Triggers": [],
    "Execution Time": 142.454
  }
]