[
    {
        "Bao": {
            "Bao prediction": 1398.48,
            "Bao recommended hint": "SET enable_nestloop TO off; "
        }
    },
    {
        "Plan": {
            "Node Type": "Aggregate",
            "Strategy": "Plain",
            "Partial Mode": "Finalize",
            "Parallel Aware": false,
            "Startup Cost": 546626.5,
            "Total Cost": 546626.51,
            "Plan Rows": 1,
            "Plan Width": 64,
            "Actual Startup Time": 3057.12,
            "Actual Total Time": 3255.712,
            "Actual Rows": 1,
            "Actual Loops": 1,
            "Output": [
                "min(an.name)",
                "min(t.title)"
            ],
            "Plans": [
                {
                    "Node Type": "Gather",
                    "Parent Relationship": "Outer",
                    "Parallel Aware": false,
                    "Startup Cost": 546626.18,
                    "Total Cost": 546626.49,
                    "Plan Rows": 3,
                    "Plan Width": 64,
                    "Actual Startup Time": 3051.365,
                    "Actual Total Time": 3255.684,
                    "Actual Rows": 4,
                    "Actual Loops": 1,
                    "Output": [
                        "(PARTIAL min(an.name))",
                        "(PARTIAL min(t.title))"
                    ],
                    "Workers Planned": 3,
                    "Workers Launched": 3,
                    "Single Copy": false,
                    "Plans": [
                        {
                            "Node Type": "Aggregate",
                            "Strategy": "Plain",
                            "Partial Mode": "Partial",
                            "Parent Relationship": "Outer",
                            "Parallel Aware": false,
                            "Startup Cost": 545626.18,
                            "Total Cost": 545626.19,
                            "Plan Rows": 1,
                            "Plan Width": 64,
                            "Actual Startup Time": 3040.44,
                            "Actual Total Time": 3040.823,
                            "Actual Rows": 1,
                            "Actual Loops": 4,
                            "Output": [
                                "PARTIAL min(an.name)",
                                "PARTIAL min(t.title)"
                            ],
                            "Workers": [
                                {
                                    "Worker Number": 0,
                                    "Actual Startup Time": 3036.704,
                                    "Actual Total Time": 3036.725,
                                    "Actual Rows": 1,
                                    "Actual Loops": 1
                                },
                                {
                                    "Worker Number": 1,
                                    "Actual Startup Time": 3038.163,
                                    "Actual Total Time": 3038.179,
                                    "Actual Rows": 1,
                                    "Actual Loops": 1
                                },
                                {
                                    "Worker Number": 2,
                                    "Actual Startup Time": 3037.399,
                                    "Actual Total Time": 3037.417,
                                    "Actual Rows": 1,
                                    "Actual Loops": 1
                                }
                            ],
                            "Plans": [
                                {
                                    "Node Type": "Hash Join",
                                    "Parent Relationship": "Outer",
                                    "Parallel Aware": true,
                                    "Join Type": "Inner",
                                    "Startup Cost": 530231.8,
                                    "Total Cost": 545625.72,
                                    "Plan Rows": 92,
                                    "Plan Width": 33,
                                    "Actual Startup Time": 2942.768,
                                    "Actual Total Time": 3031.5,
                                    "Actual Rows": 122611,
                                    "Actual Loops": 4,
                                    "Output": [
                                        "an.name",
                                        "t.title"
                                    ],
                                    "Inner Unique": false,
                                    "Hash Cond": "(an.person_id = n.id)",
                                    "Workers": [
                                        {
                                            "Worker Number": 0,
                                            "Actual Startup Time": 2939.328,
                                            "Actual Total Time": 3027.438,
                                            "Actual Rows": 124116,
                                            "Actual Loops": 1
                                        },
                                        {
                                            "Worker Number": 1,
                                            "Actual Startup Time": 2939.686,
                                            "Actual Total Time": 3029.218,
                                            "Actual Rows": 120338,
                                            "Actual Loops": 1
                                        },
                                        {
                                            "Worker Number": 2,
                                            "Actual Startup Time": 2939.998,
                                            "Actual Total Time": 3028.186,
                                            "Actual Rows": 122022,
                                            "Actual Loops": 1
                                        }
                                    ],
                                    "Plans": [
                                        {
                                            "Node Type": "Seq Scan",
                                            "Parent Relationship": "Outer",
                                            "Parallel Aware": true,
                                            "Relation Name": "aka_name",
                                            "Schema": "public",
                                            "Alias": "an",
                                            "Startup Cost": 0.0,
                                            "Total Cost": 14303.56,
                                            "Plan Rows": 290756,
                                            "Plan Width": 20,
                                            "Actual Startup Time": 0.019,
                                            "Actual Total Time": 27.438,
                                            "Actual Rows": 225336,
                                            "Actual Loops": 4,
                                            "Output": [
                                                "an.id",
                                                "an.person_id",
                                                "an.name",
                                                "an.imdb_index",
                                                "an.name_pcode_cf",
                                                "an.name_pcode_nf",
                                                "an.surname_pcode",
                                                "an.md5sum"
                                            ],
                                            "Workers": [
                                                {
                                                    "Worker Number": 0,
                                                    "Actual Startup Time": 0.026,
                                                    "Actual Total Time": 27.759,
                                                    "Actual Rows": 226164,
                                                    "Actual Loops": 1
                                                },
                                                {
                                                    "Worker Number": 1,
                                                    "Actual Startup Time": 0.023,
                                                    "Actual Total Time": 27.291,
                                                    "Actual Rows": 218899,
                                                    "Actual Loops": 1
                                                },
                                                {
                                                    "Worker Number": 2,
                                                    "Actual Startup Time": 0.018,
                                                    "Actual Total Time": 27.581,
                                                    "Actual Rows": 227511,
                                                    "Actual Loops": 1
                                                }
                                            ]
                                        },
                                        {
                                            "Node Type": "Hash",
                                            "Parent Relationship": "Inner",
                                            "Parallel Aware": true,
                                            "Startup Cost": 530231.43,
                                            "Total Cost": 530231.43,
                                            "Plan Rows": 30,
                                            "Plan Width": 25,
                                            "Actual Startup Time": 2941.342,
                                            "Actual Total Time": 2941.724,
                                            "Actual Rows": 119258,
                                            "Actual Loops": 4,
                                            "Output": [
                                                "ci.person_id",
                                                "n.id",
                                                "t.title"
                                            ],
                                            "Hash Buckets": 524288,
                                            "Original Hash Buckets": 1024,
                                            "Hash Batches": 1,
                                            "Original Hash Batches": 1,
                                            "Peak Memory Usage": 37336,
                                            "Workers": [
                                                {
                                                    "Worker Number": 0,
                                                    "Actual Startup Time": 2938.608,
                                                    "Actual Total Time": 2938.627,
                                                    "Actual Rows": 119150,
                                                    "Actual Loops": 1
                                                },
                                                {
                                                    "Worker Number": 1,
                                                    "Actual Startup Time": 2938.896,
                                                    "Actual Total Time": 2938.911,
                                                    "Actual Rows": 117082,
                                                    "Actual Loops": 1
                                                },
                                                {
                                                    "Worker Number": 2,
                                                    "Actual Startup Time": 2939.369,
                                                    "Actual Total Time": 2939.386,
                                                    "Actual Rows": 118095,
                                                    "Actual Loops": 1
                                                }
                                            ],
                                            "Plans": [
                                                {
                                                    "Node Type": "Hash Join",
                                                    "Parent Relationship": "Outer",
                                                    "Parallel Aware": true,
                                                    "Join Type": "Inner",
                                                    "Startup Cost": 460292.33,
                                                    "Total Cost": 530231.43,
                                                    "Plan Rows": 30,
                                                    "Plan Width": 25,
                                                    "Actual Startup Time": 2508.946,
                                                    "Actual Total Time": 2874.459,
                                                    "Actual Rows": 119258,
                                                    "Actual Loops": 4,
                                                    "Output": [
                                                        "ci.person_id",
                                                        "n.id",
                                                        "t.title"
                                                    ],
                                                    "Inner Unique": false,
                                                    "Hash Cond": "(n.id = ci.person_id)",
                                                    "Workers": [
                                                        {
                                                            "Worker Number": 0,
                                                            "Actual Startup Time": 2506.131,
                                                            "Actual Total Time": 2873.401,
                                                            "Actual Rows": 119150,
                                                            "Actual Loops": 1
                                                        },
                                                        {
                                                            "Worker Number": 1,
                                                            "Actual Startup Time": 2506.459,
                                                            "Actual Total Time": 2870.686,
                                                            "Actual Rows": 117082,
                                                            "Actual Loops": 1
                                                        },
                                                        {
                                                            "Worker Number": 2,
                                                            "Actual Startup Time": 2507.073,
                                                            "Actual Total Time": 2871.991,
                                                            "Actual Rows": 118095,
                                                            "Actual Loops": 1
                                                        }
                                                    ],
                                                    "Plans": [
                                                        {
                                                            "Node Type": "Seq Scan",
                                                            "Parent Relationship": "Outer",
                                                            "Parallel Aware": true,
                                                            "Relation Name": "name",
                                                            "Schema": "public",
                                                            "Alias": "n",
                                                            "Startup Cost": 0.0,
                                                            "Total Cost": 66031.94,
                                                            "Plan Rows": 1041894,
                                                            "Plan Width": 4,
                                                            "Actual Startup Time": 0.027,
                                                            "Actual Total Time": 130.487,
                                                            "Actual Rows": 1041873,
                                                            "Actual Loops": 4,
                                                            "Output": [
                                                                "n.id",
                                                                "n.name",
                                                                "n.imdb_index",
                                                                "n.imdb_id",
                                                                "n.gender",
                                                                "n.name_pcode_cf",
                                                                "n.name_pcode_nf",
                                                                "n.surname_pcode",
                                                                "n.md5sum"
                                                            ],
                                                            "Workers": [
                                                                {
                                                                    "Worker Number": 0,
                                                                    "Actual Startup Time": 0.026,
                                                                    "Actual Total Time": 132.292,
                                                                    "Actual Rows": 1046939,
                                                                    "Actual Loops": 1
                                                                },
                                                                {
                                                                    "Worker Number": 1,
                                                                    "Actual Startup Time": 0.026,
                                                                    "Actual Total Time": 130.05,
                                                                    "Actual Rows": 1026232,
                                                                    "Actual Loops": 1
                                                                },
                                                                {
                                                                    "Worker Number": 2,
                                                                    "Actual Startup Time": 0.037,
                                                                    "Actual Total Time": 130.859,
                                                                    "Actual Rows": 1039490,
                                                                    "Actual Loops": 1
                                                                }
                                                            ]
                                                        },
                                                        {
                                                            "Node Type": "Hash",
                                                            "Parent Relationship": "Inner",
                                                            "Parallel Aware": true,
                                                            "Startup Cost": 460292.08,
                                                            "Total Cost": 460292.08,
                                                            "Plan Rows": 20,
                                                            "Plan Width": 21,
                                                            "Actual Startup Time": 2508.626,
                                                            "Actual Total Time": 2509.006,
                                                            "Actual Rows": 119258,
                                                            "Actual Loops": 4,
                                                            "Output": [
                                                                "ci.person_id",
                                                                "t.title"
                                                            ],
                                                            "Hash Buckets": 524288,
                                                            "Original Hash Buckets": 1024,
                                                            "Hash Batches": 1,
                                                            "Original Hash Batches": 1,
                                                            "Peak Memory Usage": 35608,
                                                            "Workers": [
                                                                {
                                                                    "Worker Number": 0,
                                                                    "Actual Startup Time": 2505.819,
                                                                    "Actual Total Time": 2505.837,
                                                                    "Actual Rows": 128460,
                                                                    "Actual Loops": 1
                                                                },
                                                                {
                                                                    "Worker Number": 1,
                                                                    "Actual Startup Time": 2506.276,
                                                                    "Actual Total Time": 2506.289,
                                                                    "Actual Rows": 130449,
                                                                    "Actual Loops": 1
                                                                },
                                                                {
                                                                    "Worker Number": 2,
                                                                    "Actual Startup Time": 2506.592,
                                                                    "Actual Total Time": 2506.606,
                                                                    "Actual Rows": 130138,
                                                                    "Actual Loops": 1
                                                                }
                                                            ],
                                                            "Plans": [
                                                                {
                                                                    "Node Type": "Hash Join",
                                                                    "Parent Relationship": "Outer",
                                                                    "Parallel Aware": true,
                                                                    "Join Type": "Inner",
                                                                    "Startup Cost": 124528.2,
                                                                    "Total Cost": 460292.08,
                                                                    "Plan Rows": 20,
                                                                    "Plan Width": 21,
                                                                    "Actual Startup Time": 603.024,
                                                                    "Actual Total Time": 2402.028,
                                                                    "Actual Rows": 119258,
                                                                    "Actual Loops": 4,
                                                                    "Output": [
                                                                        "ci.person_id",
                                                                        "t.title"
                                                                    ],
                                                                    "Inner Unique": false,
                                                                    "Hash Cond": "(ci.movie_id = t.id)",
                                                                    "Workers": [
                                                                        {
                                                                            "Worker Number": 0,
                                                                            "Actual Startup Time": 600.152,
                                                                            "Actual Total Time": 2391.8,
                                                                            "Actual Rows": 128460,
                                                                            "Actual Loops": 1
                                                                        },
                                                                        {
                                                                            "Worker Number": 1,
                                                                            "Actual Startup Time": 600.593,
                                                                            "Actual Total Time": 2384.881,
                                                                            "Actual Rows": 130449,
                                                                            "Actual Loops": 1
                                                                        },
                                                                        {
                                                                            "Worker Number": 2,
                                                                            "Actual Startup Time": 601.132,
                                                                            "Actual Total Time": 2409.386,
                                                                            "Actual Rows": 130138,
                                                                            "Actual Loops": 1
                                                                        }
                                                                    ],
                                                                    "Plans": [
                                                                        {
                                                                            "Node Type": "Seq Scan",
                                                                            "Parent Relationship": "Outer",
                                                                            "Parallel Aware": true,
                                                                            "Relation Name": "cast_info",
                                                                            "Schema": "public",
                                                                            "Alias": "ci",
                                                                            "Startup Cost": 0.0,
                                                                            "Total Cost": 313106.51,
                                                                            "Plan Rows": 6041951,
                                                                            "Plan Width": 8,
                                                                            "Actual Startup Time": 0.018,
                                                                            "Actual Total Time": 852.841,
                                                                            "Actual Rows": 9061086,
                                                                            "Actual Loops": 4,
                                                                            "Output": [
                                                                                "ci.id",
                                                                                "ci.person_id",
                                                                                "ci.movie_id",
                                                                                "ci.person_role_id",
                                                                                "ci.note",
                                                                                "ci.nr_order",
                                                                                "ci.role_id"
                                                                            ],
                                                                            "Workers": [
                                                                                {
                                                                                    "Worker Number": 0,
                                                                                    "Actual Startup Time": 0.011,
                                                                                    "Actual Total Time": 859.113,
                                                                                    "Actual Rows": 9766536,
                                                                                    "Actual Loops": 1
                                                                                },
                                                                                {
                                                                                    "Worker Number": 1,
                                                                                    "Actual Startup Time": 0.007,
                                                                                    "Actual Total Time": 853.016,
                                                                                    "Actual Rows": 10037104,
                                                                                    "Actual Loops": 1
                                                                                },
                                                                                {
                                                                                    "Worker Number": 2,
                                                                                    "Actual Startup Time": 0.035,
                                                                                    "Actual Total Time": 859.452,
                                                                                    "Actual Rows": 9953771,
                                                                                    "Actual Loops": 1
                                                                                }
                                                                            ]
                                                                        },
                                                                        {
                                                                            "Node Type": "Hash",
                                                                            "Parent Relationship": "Inner",
                                                                            "Parallel Aware": true,
                                                                            "Startup Cost": 124528.18,
                                                                            "Total Cost": 124528.18,
                                                                            "Plan Rows": 2,
                                                                            "Plan Width": 29,
                                                                            "Actual Startup Time": 602.871,
                                                                            "Actual Total Time": 603.248,
                                                                            "Actual Rows": 1958,
                                                                            "Actual Loops": 4,
                                                                            "Output": [
                                                                                "mc.movie_id",
                                                                                "mk.movie_id",
                                                                                "t.title",
                                                                                "t.id"
                                                                            ],
                                                                            "Hash Buckets": 8192,
                                                                            "Original Hash Buckets": 1024,
                                                                            "Hash Batches": 1,
                                                                            "Original Hash Batches": 1,
                                                                            "Peak Memory Usage": 728,
                                                                            "Workers": [
                                                                                {
                                                                                    "Worker Number": 0,
                                                                                    "Actual Startup Time": 600.065,
                                                                                    "Actual Total Time": 600.079,
                                                                                    "Actual Rows": 2059,
                                                                                    "Actual Loops": 1
                                                                                },
                                                                                {
                                                                                    "Worker Number": 1,
                                                                                    "Actual Startup Time": 600.484,
                                                                                    "Actual Total Time": 600.496,
                                                                                    "Actual Rows": 2521,
                                                                                    "Actual Loops": 1
                                                                                },
                                                                                {
                                                                                    "Worker Number": 2,
                                                                                    "Actual Startup Time": 600.876,
                                                                                    "Actual Total Time": 600.888,
                                                                                    "Actual Rows": 1948,
                                                                                    "Actual Loops": 1
                                                                                }
                                                                            ],
                                                                            "Plans": [
                                                                                {
                                                                                    "Node Type": "Hash Join",
                                                                                    "Parent Relationship": "Outer",
                                                                                    "Parallel Aware": true,
                                                                                    "Join Type": "Inner",
                                                                                    "Startup Cost": 79838.71,
                                                                                    "Total Cost": 124528.18,
                                                                                    "Plan Rows": 2,
                                                                                    "Plan Width": 29,
                                                                                    "Actual Startup Time": 433.78,
                                                                                    "Actual Total Time": 587.89,
                                                                                    "Actual Rows": 1958,
                                                                                    "Actual Loops": 4,
                                                                                    "Output": [
                                                                                        "mc.movie_id",
                                                                                        "mk.movie_id",
                                                                                        "t.title",
                                                                                        "t.id"
                                                                                    ],
                                                                                    "Inner Unique": false,
                                                                                    "Hash Cond": "(t.id = mk.movie_id)",
                                                                                    "Workers": [
                                                                                        {
                                                                                            "Worker Number": 0,
                                                                                            "Actual Startup Time": 432.19,
                                                                                            "Actual Total Time": 583.536,
                                                                                            "Actual Rows": 2059,
                                                                                            "Actual Loops": 1
                                                                                        },
                                                                                        {
                                                                                            "Worker Number": 1,
                                                                                            "Actual Startup Time": 432.378,
                                                                                            "Actual Total Time": 592.616,
                                                                                            "Actual Rows": 2521,
                                                                                            "Actual Loops": 1
                                                                                        },
                                                                                        {
                                                                                            "Worker Number": 2,
                                                                                            "Actual Startup Time": 430.132,
                                                                                            "Actual Total Time": 583.77,
                                                                                            "Actual Rows": 1948,
                                                                                            "Actual Loops": 1
                                                                                        }
                                                                                    ],
                                                                                    "Plans": [
                                                                                        {
                                                                                            "Node Type": "Seq Scan",
                                                                                            "Parent Relationship": "Outer",
                                                                                            "Parallel Aware": true,
                                                                                            "Relation Name": "title",
                                                                                            "Schema": "public",
                                                                                            "Alias": "t",
                                                                                            "Startup Cost": 0.0,
                                                                                            "Total Cost": 42319.06,
                                                                                            "Plan Rows": 632106,
                                                                                            "Plan Width": 21,
                                                                                            "Actual Startup Time": 0.028,
                                                                                            "Actual Total Time": 87.187,
                                                                                            "Actual Rows": 632078,
                                                                                            "Actual Loops": 4,
                                                                                            "Output": [
                                                                                                "t.id",
                                                                                                "t.title",
                                                                                                "t.imdb_index",
                                                                                                "t.kind_id",
                                                                                                "t.production_year",
                                                                                                "t.imdb_id",
                                                                                                "t.phonetic_code",
                                                                                                "t.episode_of_id",
                                                                                                "t.season_nr",
                                                                                                "t.episode_nr",
                                                                                                "t.series_years",
                                                                                                "t.md5sum"
                                                                                            ],
                                                                                            "Workers": [
                                                                                                {
                                                                                                    "Worker Number": 0,
                                                                                                    "Actual Startup Time": 0.034,
                                                                                                    "Actual Total Time": 86.894,
                                                                                                    "Actual Rows": 679386,
                                                                                                    "Actual Loops": 1
                                                                                                },
                                                                                                {
                                                                                                    "Worker Number": 1,
                                                                                                    "Actual Startup Time": 0.031,
                                                                                                    "Actual Total Time": 92.299,
                                                                                                    "Actual Rows": 730561,
                                                                                                    "Actual Loops": 1
                                                                                                },
                                                                                                {
                                                                                                    "Worker Number": 2,
                                                                                                    "Actual Startup Time": 0.03,
                                                                                                    "Actual Total Time": 85.895,
                                                                                                    "Actual Rows": 679357,
                                                                                                    "Actual Loops": 1
                                                                                                }
                                                                                            ]
                                                                                        },
                                                                                        {
                                                                                            "Node Type": "Hash",
                                                                                            "Parent Relationship": "Inner",
                                                                                            "Parallel Aware": true,
                                                                                            "Startup Cost": 79838.69,
                                                                                            "Total Cost": 79838.69,
                                                                                            "Plan Rows": 2,
                                                                                            "Plan Width": 8,
                                                                                            "Actual Startup Time": 431.728,
                                                                                            "Actual Total Time": 432.102,
                                                                                            "Actual Rows": 1958,
                                                                                            "Actual Loops": 4,
                                                                                            "Output": [
                                                                                                "mc.movie_id",
                                                                                                "mk.movie_id"
                                                                                            ],
                                                                                            "Hash Buckets": 8192,
                                                                                            "Original Hash Buckets": 1024,
                                                                                            "Hash Batches": 1,
                                                                                            "Original Hash Batches": 1,
                                                                                            "Peak Memory Usage": 536,
                                                                                            "Workers": [
                                                                                                {
                                                                                                    "Worker Number": 0,
                                                                                                    "Actual Startup Time": 429.028,
                                                                                                    "Actual Total Time": 429.04,
                                                                                                    "Actual Rows": 2571,
                                                                                                    "Actual Loops": 1
                                                                                                },
                                                                                                {
                                                                                                    "Worker Number": 1,
                                                                                                    "Actual Startup Time": 429.252,
                                                                                                    "Actual Total Time": 429.261,
                                                                                                    "Actual Rows": 1774,
                                                                                                    "Actual Loops": 1
                                                                                                },
                                                                                                {
                                                                                                    "Worker Number": 2,
                                                                                                    "Actual Startup Time": 429.799,
                                                                                                    "Actual Total Time": 429.809,
                                                                                                    "Actual Rows": 1728,
                                                                                                    "Actual Loops": 1
                                                                                                }
                                                                                            ],
                                                                                            "Plans": [
                                                                                                {
                                                                                                    "Node Type": "Hash Join",
                                                                                                    "Parent Relationship": "Outer",
                                                                                                    "Parallel Aware": true,
                                                                                                    "Join Type": "Inner",
                                                                                                    "Startup Cost": 50296.5,
                                                                                                    "Total Cost": 79838.69,
                                                                                                    "Plan Rows": 2,
                                                                                                    "Plan Width": 8,
                                                                                                    "Actual Startup Time": 249.989,
                                                                                                    "Actual Total Time": 398.959,
                                                                                                    "Actual Rows": 1958,
                                                                                                    "Actual Loops": 4,
                                                                                                    "Output": [
                                                                                                        "mc.movie_id",
                                                                                                        "mk.movie_id"
                                                                                                    ],
                                                                                                    "Inner Unique": false,
                                                                                                    "Hash Cond": "(mc.movie_id = mk.movie_id)",
                                                                                                    "Workers": [
                                                                                                        {
                                                                                                            "Worker Number": 0,
                                                                                                            "Actual Startup Time": 247.41,
                                                                                                            "Actual Total Time": 406.605,
                                                                                                            "Actual Rows": 2571,
                                                                                                            "Actual Loops": 1
                                                                                                        },
                                                                                                        {
                                                                                                            "Worker Number": 1,
                                                                                                            "Actual Startup Time": 247.701,
                                                                                                            "Actual Total Time": 381.572,
                                                                                                            "Actual Rows": 1774,
                                                                                                            "Actual Loops": 1
                                                                                                        },
                                                                                                        {
                                                                                                            "Worker Number": 2,
                                                                                                            "Actual Startup Time": 247.831,
                                                                                                            "Actual Total Time": 382.567,
                                                                                                            "Actual Rows": 1728,
                                                                                                            "Actual Loops": 1
                                                                                                        }
                                                                                                    ],
                                                                                                    "Plans": [
                                                                                                        {
                                                                                                            "Node Type": "Hash Join",
                                                                                                            "Parent Relationship": "Outer",
                                                                                                            "Parallel Aware": true,
                                                                                                            "Join Type": "Inner",
                                                                                                            "Startup Cost": 4792.03,
                                                                                                            "Total Cost": 34207.97,
                                                                                                            "Plan Rows": 33666,
                                                                                                            "Plan Width": 4,
                                                                                                            "Actual Startup Time": 10.274,
                                                                                                            "Actual Total Time": 151.594,
                                                                                                            "Actual Rows": 37033,
                                                                                                            "Actual Loops": 4,
                                                                                                            "Output": [
                                                                                                                "mc.movie_id"
                                                                                                            ],
                                                                                                            "Inner Unique": true,
                                                                                                            "Hash Cond": "(mc.company_id = cn.id)",
                                                                                                            "Workers": [
                                                                                                                {
                                                                                                                    "Worker Number": 0,
                                                                                                                    "Actual Startup Time": 10.303,
                                                                                                                    "Actual Total Time": 161.538,
                                                                                                                    "Actual Rows": 42770,
                                                                                                                    "Actual Loops": 1
                                                                                                                },
                                                                                                                {
                                                                                                                    "Worker Number": 1,
                                                                                                                    "Actual Startup Time": 10.285,
                                                                                                                    "Actual Total Time": 136.775,
                                                                                                                    "Actual Rows": 35436,
                                                                                                                    "Actual Loops": 1
                                                                                                                },
                                                                                                                {
                                                                                                                    "Worker Number": 2,
                                                                                                                    "Actual Startup Time": 10.297,
                                                                                                                    "Actual Total Time": 137.819,
                                                                                                                    "Actual Rows": 36335,
                                                                                                                    "Actual Loops": 1
                                                                                                                }
                                                                                                            ],
                                                                                                            "Plans": [
                                                                                                                {
                                                                                                                    "Node Type": "Seq Scan",
                                                                                                                    "Parent Relationship": "Outer",
                                                                                                                    "Parallel Aware": true,
                                                                                                                    "Relation Name": "movie_companies",
                                                                                                                    "Schema": "public",
                                                                                                                    "Alias": "mc",
                                                                                                                    "Startup Cost": 0.0,
                                                                                                                    "Total Cost": 27206.55,
                                                                                                                    "Plan Rows": 841655,
                                                                                                                    "Plan Width": 8,
                                                                                                                    "Actual Startup Time": 0.018,
                                                                                                                    "Actual Total Time": 69.095,
                                                                                                                    "Actual Rows": 652282,
                                                                                                                    "Actual Loops": 4,
                                                                                                                    "Output": [
                                                                                                                        "mc.id",
                                                                                                                        "mc.movie_id",
                                                                                                                        "mc.company_id",
                                                                                                                        "mc.company_type_id",
                                                                                                                        "mc.note"
                                                                                                                    ],
                                                                                                                    "Workers": [
                                                                                                                        {
                                                                                                                            "Worker Number": 0,
                                                                                                                            "Actual Startup Time": 0.018,
                                                                                                                            "Actual Total Time": 77.177,
                                                                                                                            "Actual Rows": 773730,
                                                                                                                            "Actual Loops": 1
                                                                                                                        },
                                                                                                                        {
                                                                                                                            "Worker Number": 1,
                                                                                                                            "Actual Startup Time": 0.025,
                                                                                                                            "Actual Total Time": 61.834,
                                                                                                                            "Actual Rows": 616330,
                                                                                                                            "Actual Loops": 1
                                                                                                                        },
                                                                                                                        {
                                                                                                                            "Worker Number": 2,
                                                                                                                            "Actual Startup Time": 0.02,
                                                                                                                            "Actual Total Time": 62.461,
                                                                                                                            "Actual Rows": 626763,
                                                                                                                            "Actual Loops": 1
                                                                                                                        }
                                                                                                                    ]
                                                                                                                },
                                                                                                                {
                                                                                                                    "Node Type": "Hash",
                                                                                                                    "Parent Relationship": "Inner",
                                                                                                                    "Parallel Aware": true,
                                                                                                                    "Startup Cost": 4722.92,
                                                                                                                    "Total Cost": 4722.92,
                                                                                                                    "Plan Rows": 5529,
                                                                                                                    "Plan Width": 4,
                                                                                                                    "Actual Startup Time": 10.13,
                                                                                                                    "Actual Total Time": 10.131,
                                                                                                                    "Actual Rows": 2444,
                                                                                                                    "Actual Loops": 4,
                                                                                                                    "Output": [
                                                                                                                        "cn.id"
                                                                                                                    ],
                                                                                                                    "Hash Buckets": 16384,
                                                                                                                    "Original Hash Buckets": 16384,
                                                                                                                    "Hash Batches": 1,
                                                                                                                    "Original Hash Batches": 1,
                                                                                                                    "Peak Memory Usage": 608,
                                                                                                                    "Workers": [
                                                                                                                        {
                                                                                                                            "Worker Number": 0,
                                                                                                                            "Actual Startup Time": 10.12,
                                                                                                                            "Actual Total Time": 10.122,
                                                                                                                            "Actual Rows": 2592,
                                                                                                                            "Actual Loops": 1
                                                                                                                        },
                                                                                                                        {
                                                                                                                            "Worker Number": 1,
                                                                                                                            "Actual Startup Time": 10.16,
                                                                                                                            "Actual Total Time": 10.161,
                                                                                                                            "Actual Rows": 2522,
                                                                                                                            "Actual Loops": 1
                                                                                                                        },
                                                                                                                        {
                                                                                                                            "Worker Number": 2,
                                                                                                                            "Actual Startup Time": 10.085,
                                                                                                                            "Actual Total Time": 10.087,
                                                                                                                            "Actual Rows": 2942,
                                                                                                                            "Actual Loops": 1
                                                                                                                        }
                                                                                                                    ],
                                                                                                                    "Plans": [
                                                                                                                        {
                                                                                                                            "Node Type": "Seq Scan",
                                                                                                                            "Parent Relationship": "Outer",
                                                                                                                            "Parallel Aware": true,
                                                                                                                            "Relation Name": "company_name",
                                                                                                                            "Schema": "public",
                                                                                                                            "Alias": "cn",
                                                                                                                            "Startup Cost": 0.0,
                                                                                                                            "Total Cost": 4722.92,
                                                                                                                            "Plan Rows": 5529,
                                                                                                                            "Plan Width": 4,
                                                                                                                            "Actual Startup Time": 0.03,
                                                                                                                            "Actual Total Time": 8.407,
                                                                                                                            "Actual Rows": 2444,
                                                                                                                            "Actual Loops": 4,
                                                                                                                            "Output": [
                                                                                                                                "cn.id"
                                                                                                                            ],
                                                                                                                            "Filter": "((cn.country_code)::text = '[de]'::text)",
                                                                                                                            "Rows Removed by Filter": 56306,
                                                                                                                            "Workers": [
                                                                                                                                {
                                                                                                                                    "Worker Number": 0,
                                                                                                                                    "Actual Startup Time": 0.036,
                                                                                                                                    "Actual Total Time": 8.159,
                                                                                                                                    "Actual Rows": 2592,
                                                                                                                                    "Actual Loops": 1
                                                                                                                                },
                                                                                                                                {
                                                                                                                                    "Worker Number": 1,
                                                                                                                                    "Actual Startup Time": 0.023,
                                                                                                                                    "Actual Total Time": 8.151,
                                                                                                                                    "Actual Rows": 2522,
                                                                                                                                    "Actual Loops": 1
                                                                                                                                },
                                                                                                                                {
                                                                                                                                    "Worker Number": 2,
                                                                                                                                    "Actual Startup Time": 0.033,
                                                                                                                                    "Actual Total Time": 9.209,
                                                                                                                                    "Actual Rows": 2942,
                                                                                                                                    "Actual Loops": 1
                                                                                                                                }
                                                                                                                            ]
                                                                                                                        }
                                                                                                                    ]
                                                                                                                }
                                                                                                            ]
                                                                                                        },
                                                                                                        {
                                                                                                            "Node Type": "Hash",
                                                                                                            "Parent Relationship": "Inner",
                                                                                                            "Parallel Aware": true,
                                                                                                            "Startup Cost": 45504.33,
                                                                                                            "Total Cost": 45504.33,
                                                                                                            "Plan Rows": 11,
                                                                                                            "Plan Width": 4,
                                                                                                            "Actual Startup Time": 239.132,
                                                                                                            "Actual Total Time": 239.135,
                                                                                                            "Actual Rows": 10460,
                                                                                                            "Actual Loops": 4,
                                                                                                            "Output": [
                                                                                                                "mk.movie_id"
                                                                                                            ],
                                                                                                            "Hash Buckets": 65536,
                                                                                                            "Original Hash Buckets": 1024,
                                                                                                            "Hash Batches": 1,
                                                                                                            "Original Hash Batches": 1,
                                                                                                            "Peak Memory Usage": 2712,
                                                                                                            "Workers": [
                                                                                                                {
                                                                                                                    "Worker Number": 0,
                                                                                                                    "Actual Startup Time": 236.353,
                                                                                                                    "Actual Total Time": 236.357,
                                                                                                                    "Actual Rows": 10463,
                                                                                                                    "Actual Loops": 1
                                                                                                                },
                                                                                                                {
                                                                                                                    "Worker Number": 1,
                                                                                                                    "Actual Startup Time": 236.749,
                                                                                                                    "Actual Total Time": 236.751,
                                                                                                                    "Actual Rows": 12457,
                                                                                                                    "Actual Loops": 1
                                                                                                                },
                                                                                                                {
                                                                                                                    "Worker Number": 2,
                                                                                                                    "Actual Startup Time": 237.157,
                                                                                                                    "Actual Total Time": 237.16,
                                                                                                                    "Actual Rows": 9618,
                                                                                                                    "Actual Loops": 1
                                                                                                                }
                                                                                                            ],
                                                                                                            "Plans": [
                                                                                                                {
                                                                                                                    "Node Type": "Hash Join",
                                                                                                                    "Parent Relationship": "Outer",
                                                                                                                    "Parallel Aware": false,
                                                                                                                    "Join Type": "Inner",
                                                                                                                    "Startup Cost": 2626.14,
                                                                                                                    "Total Cost": 45504.33,
                                                                                                                    "Plan Rows": 11,
                                                                                                                    "Plan Width": 4,
                                                                                                                    "Actual Startup Time": 24.879,
                                                                                                                    "Actual Total Time": 212.604,
                                                                                                                    "Actual Rows": 10460,
                                                                                                                    "Actual Loops": 4,
                                                                                                                    "Output": [
                                                                                                                        "mk.movie_id"
                                                                                                                    ],
                                                                                                                    "Inner Unique": true,
                                                                                                                    "Hash Cond": "(mk.keyword_id = k.id)",
                                                                                                                    "Workers": [
                                                                                                                        {
                                                                                                                            "Worker Number": 0,
                                                                                                                            "Actual Startup Time": 24.141,
                                                                                                                            "Actual Total Time": 201.992,
                                                                                                                            "Actual Rows": 10463,
                                                                                                                            "Actual Loops": 1
                                                                                                                        },
                                                                                                                        {
                                                                                                                            "Worker Number": 1,
                                                                                                                            "Actual Startup Time": 24.092,
                                                                                                                            "Actual Total Time": 220.001,
                                                                                                                            "Actual Rows": 12457,
                                                                                                                            "Actual Loops": 1
                                                                                                                        },
                                                                                                                        {
                                                                                                                            "Worker Number": 2,
                                                                                                                            "Actual Startup Time": 23.001,
                                                                                                                            "Actual Total Time": 192.866,
                                                                                                                            "Actual Rows": 9618,
                                                                                                                            "Actual Loops": 1
                                                                                                                        }
                                                                                                                    ],
                                                                                                                    "Plans": [
                                                                                                                        {
                                                                                                                            "Node Type": "Seq Scan",
                                                                                                                            "Parent Relationship": "Outer",
                                                                                                                            "Parallel Aware": true,
                                                                                                                            "Relation Name": "movie_keyword",
                                                                                                                            "Schema": "public",
                                                                                                                            "Alias": "mk",
                                                                                                                            "Startup Cost": 0.0,
                                                                                                                            "Total Cost": 39047.32,
                                                                                                                            "Plan Rows": 1459332,
                                                                                                                            "Plan Width": 8,
                                                                                                                            "Actual Startup Time": 0.055,
                                                                                                                            "Actual Total Time": 102.871,
                                                                                                                            "Actual Rows": 1130982,
                                                                                                                            "Actual Loops": 4,
                                                                                                                            "Output": [
                                                                                                                                "mk.id",
                                                                                                                                "mk.movie_id",
                                                                                                                                "mk.keyword_id"
                                                                                                                            ],
                                                                                                                            "Workers": [
                                                                                                                                {
                                                                                                                                    "Worker Number": 0,
                                                                                                                                    "Actual Startup Time": 0.056,
                                                                                                                                    "Actual Total Time": 97.926,
                                                                                                                                    "Actual Rows": 1146075,
                                                                                                                                    "Actual Loops": 1
                                                                                                                                },
                                                                                                                                {
                                                                                                                                    "Worker Number": 1,
                                                                                                                                    "Actual Startup Time": 0.089,
                                                                                                                                    "Actual Total Time": 108.134,
                                                                                                                                    "Actual Rows": 1362155,
                                                                                                                                    "Actual Loops": 1
                                                                                                                                },
                                                                                                                                {
                                                                                                                                    "Worker Number": 2,
                                                                                                                                    "Actual Startup Time": 0.054,
                                                                                                                                    "Actual Total Time": 93.381,
                                                                                                                                    "Actual Rows": 1072940,
                                                                                                                                    "Actual Loops": 1
                                                                                                                                }
                                                                                                                            ]
                                                                                                                        },
                                                                                                                        {
                                                                                                                            "Node Type": "Hash",
                                                                                                                            "Parent Relationship": "Inner",
                                                                                                                            "Parallel Aware": false,
                                                                                                                            "Startup Cost": 2626.12,
                                                                                                                            "Total Cost": 2626.12,
                                                                                                                            "Plan Rows": 1,
                                                                                                                            "Plan Width": 4,
                                                                                                                            "Actual Startup Time": 24.713,
                                                                                                                            "Actual Total Time": 24.714,
                                                                                                                            "Actual Rows": 1,
                                                                                                                            "Actual Loops": 4,
                                                                                                                            "Output": [
                                                                                                                                "k.id"
                                                                                                                            ],
                                                                                                                            "Hash Buckets": 1024,
                                                                                                                            "Original Hash Buckets": 1024,
                                                                                                                            "Hash Batches": 1,
                                                                                                                            "Original Hash Batches": 1,
                                                                                                                            "Peak Memory Usage": 9,
                                                                                                                            "Workers": [
                                                                                                                                {
                                                                                                                                    "Worker Number": 0,
                                                                                                                                    "Actual Startup Time": 24.017,
                                                                                                                                    "Actual Total Time": 24.018,
                                                                                                                                    "Actual Rows": 1,
                                                                                                                                    "Actual Loops": 1
                                                                                                                                },
                                                                                                                                {
                                                                                                                                    "Worker Number": 1,
                                                                                                                                    "Actual Startup Time": 23.948,
                                                                                                                                    "Actual Total Time": 23.948,
                                                                                                                                    "Actual Rows": 1,
                                                                                                                                    "Actual Loops": 1
                                                                                                                                },
                                                                                                                                {
                                                                                                                                    "Worker Number": 2,
                                                                                                                                    "Actual Startup Time": 22.726,
                                                                                                                                    "Actual Total Time": 22.727,
                                                                                                                                    "Actual Rows": 1,
                                                                                                                                    "Actual Loops": 1
                                                                                                                                }
                                                                                                                            ],
                                                                                                                            "Plans": [
                                                                                                                                {
                                                                                                                                    "Node Type": "Seq Scan",
                                                                                                                                    "Parent Relationship": "Outer",
                                                                                                                                    "Parallel Aware": false,
                                                                                                                                    "Relation Name": "keyword",
                                                                                                                                    "Schema": "public",
                                                                                                                                    "Alias": "k",
                                                                                                                                    "Startup Cost": 0.0,
                                                                                                                                    "Total Cost": 2626.12,
                                                                                                                                    "Plan Rows": 1,
                                                                                                                                    "Plan Width": 4,
                                                                                                                                    "Actual Startup Time": 1.862,
                                                                                                                                    "Actual Total Time": 24.687,
                                                                                                                                    "Actual Rows": 1,
                                                                                                                                    "Actual Loops": 4,
                                                                                                                                    "Output": [
                                                                                                                                        "k.id"
                                                                                                                                    ],
                                                                                                                                    "Filter": "(k.keyword = 'character-name-in-title'::text)",
                                                                                                                                    "Rows Removed by Filter": 134169,
                                                                                                                                    "Workers": [
                                                                                                                                        {
                                                                                                                                            "Worker Number": 0,
                                                                                                                                            "Actual Startup Time": 1.92,
                                                                                                                                            "Actual Total Time": 23.993,
                                                                                                                                            "Actual Rows": 1,
                                                                                                                                            "Actual Loops": 1
                                                                                                                                        },
                                                                                                                                        {
                                                                                                                                            "Worker Number": 1,
                                                                                                                                            "Actual Startup Time": 1.777,
                                                                                                                                            "Actual Total Time": 23.926,
                                                                                                                                            "Actual Rows": 1,
                                                                                                                                            "Actual Loops": 1
                                                                                                                                        },
                                                                                                                                        {
                                                                                                                                            "Worker Number": 2,
                                                                                                                                            "Actual Startup Time": 1.721,
                                                                                                                                            "Actual Total Time": 22.704,
                                                                                                                                            "Actual Rows": 1,
                                                                                                                                            "Actual Loops": 1
                                                                                                                                        }
                                                                                                                                    ]
                                                                                                                                }
                                                                                                                            ]
                                                                                                                        }
                                                                                                                    ]
                                                                                                                }
                                                                                                            ]
                                                                                                        }
                                                                                                    ]
                                                                                                }
                                                                                            ]
                                                                                        }
                                                                                    ]
                                                                                }
                                                                            ]
                                                                        }
                                                                    ]
                                                                }
                                                            ]
                                                        }
                                                    ]
                                                }
                                            ]
                                        }
                                    ]
                                }
                            ]
                        }
                    ]
                }
            ]
        },
        "Planning Time": 325.965,
        "Triggers": [],
        "Execution Time": 3257.535
    }
]