[
  {
    "Plan": {
      "Node Type": "Aggregate",
      "Strategy": "Plain",
      "Partial Mode": "Finalize",
      "Parallel Aware": false,
      "Startup Cost": 46657.39,
      "Total Cost": 46657.4,
      "Plan Rows": 1,
      "Plan Width": 8,
      "Actual Startup Time": 90.21,
      "Actual Total Time": 101.25,
      "Actual Rows": 1,
      "Actual Loops": 1,
      "Plans": [
        {
          "Node Type": "Gather",
          "Parent Relationship": "Outer",
          "Parallel Aware": false,
          "Startup Cost": 46656.97,
          "Total Cost": 46657.38,
          "Plan Rows": 4,
          "Plan Width": 8,
          "Actual Startup Time": 89.901,
          "Actual Total Time": 101.237,
          "Actual Rows": 5,
          "Actual Loops": 1,
          "Workers Planned": 4,
          "Workers Launched": 4,
          "Single Copy": false,
          "Plans": [
            {
              "Node Type": "Aggregate",
              "Strategy": "Plain",
              "Partial Mode": "Partial",
              "Parent Relationship": "Outer",
              "Parallel Aware": false,
              "Startup Cost": 45656.97,
              "Total Cost": 45656.98,
              "Plan Rows": 1,
              "Plan Width": 8,
              "Actual Startup Time": 85.154,
              "Actual Total Time": 85.156,
              "Actual Rows": 1,
              "Actual Loops": 5,
              "Plans": [
                {
                  "Node Type": "Seq Scan",
                  "Parent Relationship": "Outer",
                  "Parallel Aware": true,
                  "Relation Name": "title",
                  "Alias": "t",
                  "Startup Cost": 0.0,
                  "Total Cost": 45479.59,
                  "Plan Rows": 70954,
                  "Plan Width": 0,
                  "Actual Startup Time": 0.029,
                  "Actual Total Time": 83.104,
                  "Actual Rows": 37177,
                  "Actual Loops": 5,
                  "Filter": "((kind_id > 4) AND (production_year < 1978))",
                  "Rows Removed by Filter": 468486
                }
              ]
            }
          ]
        }
      ]
    },
    "Planning Time": 0.07,
    "Triggers": [],
    "Execution Time": 101.274
  }
]