[
  {
    "Plan": {
      "Node Type": "Aggregate",
      "Strategy": "Plain",
      "Partial Mode": "Finalize",
      "Parallel Aware": false,
      "Startup Cost": 128728.08,
      "Total Cost": 128728.09,
      "Plan Rows": 1,
      "Plan Width": 8,
      "Actual Startup Time": 576.864,
      "Actual Total Time": 597.829,
      "Actual Rows": 1,
      "Actual Loops": 1,
      "Plans": [
        {
          "Node Type": "Gather",
          "Parent Relationship": "Outer",
          "Parallel Aware": false,
          "Startup Cost": 128727.77,
          "Total Cost": 128728.08,
          "Plan Rows": 3,
          "Plan Width": 8,
          "Actual Startup Time": 572.241,
          "Actual Total Time": 597.819,
          "Actual Rows": 4,
          "Actual Loops": 1,
          "Workers Planned": 3,
          "Workers Launched": 3,
          "Single Copy": false,
          "Plans": [
            {
              "Node Type": "Aggregate",
              "Strategy": "Plain",
              "Partial Mode": "Partial",
              "Parent Relationship": "Outer",
              "Parallel Aware": false,
              "Startup Cost": 127727.77,
              "Total Cost": 127727.78,
              "Plan Rows": 1,
              "Plan Width": 8,
              "Actual Startup Time": 566.628,
              "Actual Total Time": 566.848,
              "Actual Rows": 1,
              "Actual Loops": 4,
              "Plans": [
                {
                  "Node Type": "Hash Join",
                  "Parent Relationship": "Outer",
                  "Parallel Aware": true,
                  "Join Type": "Inner",
                  "Startup Cost": 80501.61,
                  "Total Cost": 127600.29,
                  "Plan Rows": 50991,
                  "Plan Width": 0,
                  "Actual Startup Time": 297.447,
                  "Actual Total Time": 530.653,
                  "Actual Rows": 885181,
                  "Actual Loops": 4,
                  "Inner Unique": false,
                  "Hash Cond": "(mk.movie_id = t.id)",
                  "Plans": [
                    {
                      "Node Type": "Seq Scan",
                      "Parent Relationship": "Outer",
                      "Parallel Aware": true,
                      "Relation Name": "movie_keyword",
                      "Alias": "mk",
                      "Startup Cost": 0.0,
                      "Total Cost": 42695.65,
                      "Plan Rows": 1130277,
                      "Plan Width": 4,
                      "Actual Startup Time": 0.043,
                      "Actual Total Time": 109.494,
                      "Actual Rows": 876220,
                      "Actual Loops": 4,
                      "Filter": "(keyword_id < 17686)",
                      "Rows Removed by Filter": 254762
                    },
                    {
                      "Node Type": "Hash",
                      "Parent Relationship": "Inner",
                      "Parallel Aware": true,
                      "Startup Cost": 80041.66,
                      "Total Cost": 80041.66,
                      "Plan Rows": 36796,
                      "Plan Width": 8,
                      "Actual Startup Time": 296.483,
                      "Actual Total Time": 296.701,
                      "Actual Rows": 48006,
                      "Actual Loops": 4,
                      "Hash Buckets": 262144,
                      "Original Hash Buckets": 131072,
                      "Hash Batches": 1,
                      "Original Hash Batches": 1,
                      "Peak Memory Usage": 10656,
                      "Plans": [
                        {
                          "Node Type": "Hash Join",
                          "Parent Relationship": "Outer",
                          "Parallel Aware": true,
                          "Join Type": "Inner",
                          "Startup Cost": 48362.07,
                          "Total Cost": 80041.66,
                          "Plan Rows": 36796,
                          "Plan Width": 8,
                          "Actual Startup Time": 180.554,
                          "Actual Total Time": 278.308,
                          "Actual Rows": 48006,
                          "Actual Loops": 4,
                          "Inner Unique": true,
                          "Hash Cond": "(mc.movie_id = t.id)",
                          "Plans": [
                            {
                              "Node Type": "Seq Scan",
                              "Parent Relationship": "Outer",
                              "Parallel Aware": true,
                              "Relation Name": "movie_companies",
                              "Alias": "mc",
                              "Startup Cost": 0.0,
                              "Total Cost": 31414.82,
                              "Plan Rows": 100863,
                              "Plan Width": 4,
                              "Actual Startup Time": 0.014,
                              "Actual Total Time": 62.184,
                              "Actual Rows": 113590,
                              "Actual Loops": 4,
                              "Filter": "((company_id < 846) AND (company_type_id < 2))",
                              "Rows Removed by Filter": 538692
                            },
                            {
                              "Node Type": "Hash",
                              "Parent Relationship": "Inner",
                              "Parallel Aware": true,
                              "Startup Cost": 45479.59,
                              "Total Cost": 45479.59,
                              "Plan Rows": 230599,
                              "Plan Width": 4,
                              "Actual Startup Time": 178.264,
                              "Actual Total Time": 178.266,
                              "Actual Rows": 220454,
                              "Actual Loops": 4,
                              "Hash Buckets": 1048576,
                              "Original Hash Buckets": 1048576,
                              "Hash Batches": 1,
                              "Original Hash Batches": 1,
                              "Peak Memory Usage": 42752,
                              "Plans": [
                                {
                                  "Node Type": "Seq Scan",
                                  "Parent Relationship": "Outer",
                                  "Parallel Aware": true,
                                  "Relation Name": "title",
                                  "Alias": "t",
                                  "Startup Cost": 0.0,
                                  "Total Cost": 45479.59,
                                  "Plan Rows": 230599,
                                  "Plan Width": 4,
                                  "Actual Startup Time": 0.022,
                                  "Actual Total Time": 101.829,
                                  "Actual Rows": 220454,
                                  "Actual Loops": 4,
                                  "Filter": "((kind_id < 7) AND (production_year > 1922))",
                                  "Rows Removed by Filter": 411624
                                }
                              ]
                            }
                          ]
                        }
                      ]
                    }
                  ]
                }
              ]
            }
          ]
        }
      ]
    },
    "Planning Time": 0.456,
    "Triggers": [],
    "Execution Time": 597.891
  }
]