[
    {
        "Bao": {
            "Bao prediction": "NaN",
            "Bao recommended hint": "(no hint)"
        }
    },
    {
        "Plan": {
            "Node Type": "Aggregate",
            "Strategy": "Plain",
            "Partial Mode": "Finalize",
            "Parallel Aware": false,
            "Startup Cost": 259848.94,
            "Total Cost": 259848.95,
            "Plan Rows": 1,
            "Plan Width": 8,
            "Actual Startup Time": 1124.3,
            "Actual Total Time": 1148.834,
            "Actual Rows": 1,
            "Actual Loops": 1,
            "Output": [
                "count(*)"
            ],
            "Plans": [
                {
                    "Node Type": "Gather",
                    "Parent Relationship": "Outer",
                    "Parallel Aware": false,
                    "Startup Cost": 259848.42,
                    "Total Cost": 259848.93,
                    "Plan Rows": 5,
                    "Plan Width": 8,
                    "Actual Startup Time": 1108.755,
                    "Actual Total Time": 1148.823,
                    "Actual Rows": 6,
                    "Actual Loops": 1,
                    "Output": [
                        "(PARTIAL count(*))"
                    ],
                    "Workers Planned": 5,
                    "Workers Launched": 5,
                    "Single Copy": false,
                    "Plans": [
                        {
                            "Node Type": "Aggregate",
                            "Strategy": "Plain",
                            "Partial Mode": "Partial",
                            "Parent Relationship": "Outer",
                            "Parallel Aware": false,
                            "Startup Cost": 258848.42,
                            "Total Cost": 258848.43,
                            "Plan Rows": 1,
                            "Plan Width": 8,
                            "Actual Startup Time": 1099.236,
                            "Actual Total Time": 1099.239,
                            "Actual Rows": 1,
                            "Actual Loops": 6,
                            "Output": [
                                "PARTIAL count(*)"
                            ],
                            "Workers": [
                                {
                                    "Worker Number": 0,
                                    "Actual Startup Time": 1097.679,
                                    "Actual Total Time": 1097.681,
                                    "Actual Rows": 1,
                                    "Actual Loops": 1
                                },
                                {
                                    "Worker Number": 1,
                                    "Actual Startup Time": 1097.019,
                                    "Actual Total Time": 1097.022,
                                    "Actual Rows": 1,
                                    "Actual Loops": 1
                                },
                                {
                                    "Worker Number": 2,
                                    "Actual Startup Time": 1097.455,
                                    "Actual Total Time": 1097.457,
                                    "Actual Rows": 1,
                                    "Actual Loops": 1
                                },
                                {
                                    "Worker Number": 3,
                                    "Actual Startup Time": 1097.292,
                                    "Actual Total Time": 1097.294,
                                    "Actual Rows": 1,
                                    "Actual Loops": 1
                                },
                                {
                                    "Worker Number": 4,
                                    "Actual Startup Time": 1097.595,
                                    "Actual Total Time": 1097.597,
                                    "Actual Rows": 1,
                                    "Actual Loops": 1
                                }
                            ],
                            "Plans": [
                                {
                                    "Node Type": "Hash Join",
                                    "Parent Relationship": "Outer",
                                    "Parallel Aware": true,
                                    "Join Type": "Inner",
                                    "Startup Cost": 49115.06,
                                    "Total Cost": 254659.01,
                                    "Plan Rows": 1675764,
                                    "Plan Width": 0,
                                    "Actual Startup Time": 189.835,
                                    "Actual Total Time": 1044.8,
                                    "Actual Rows": 1230601,
                                    "Actual Loops": 6,
                                    "Inner Unique": true,
                                    "Hash Cond": "(mi.movie_id = t.id)",
                                    "Workers": [
                                        {
                                            "Worker Number": 0,
                                            "Actual Startup Time": 187.517,
                                            "Actual Total Time": 1045.562,
                                            "Actual Rows": 1156483,
                                            "Actual Loops": 1
                                        },
                                        {
                                            "Worker Number": 1,
                                            "Actual Startup Time": 187.583,
                                            "Actual Total Time": 1041.491,
                                            "Actual Rows": 1204366,
                                            "Actual Loops": 1
                                        },
                                        {
                                            "Worker Number": 2,
                                            "Actual Startup Time": 188.412,
                                            "Actual Total Time": 1042.148,
                                            "Actual Rows": 1246753,
                                            "Actual Loops": 1
                                        },
                                        {
                                            "Worker Number": 3,
                                            "Actual Startup Time": 188.093,
                                            "Actual Total Time": 1045.676,
                                            "Actual Rows": 1126254,
                                            "Actual Loops": 1
                                        },
                                        {
                                            "Worker Number": 4,
                                            "Actual Startup Time": 188.149,
                                            "Actual Total Time": 1042.781,
                                            "Actual Rows": 1236208,
                                            "Actual Loops": 1
                                        }
                                    ],
                                    "Plans": [
                                        {
                                            "Node Type": "Seq Scan",
                                            "Parent Relationship": "Outer",
                                            "Parallel Aware": true,
                                            "Relation Name": "movie_info",
                                            "Schema": "public",
                                            "Alias": "mi",
                                            "Startup Cost": 0.0,
                                            "Total Cost": 198880.74,
                                            "Plan Rows": 2538363,
                                            "Plan Width": 4,
                                            "Actual Startup Time": 0.026,
                                            "Actual Total Time": 320.667,
                                            "Actual Rows": 2124109,
                                            "Actual Loops": 6,
                                            "Output": [
                                                "mi.id",
                                                "mi.movie_id",
                                                "mi.info_type_id",
                                                "mi.info",
                                                "mi.note"
                                            ],
                                            "Filter": "(mi.info_type_id > 2)",
                                            "Rows Removed by Filter": 348511,
                                            "Workers": [
                                                {
                                                    "Worker Number": 0,
                                                    "Actual Startup Time": 0.027,
                                                    "Actual Total Time": 319.186,
                                                    "Actual Rows": 1995146,
                                                    "Actual Loops": 1
                                                },
                                                {
                                                    "Worker Number": 1,
                                                    "Actual Startup Time": 0.032,
                                                    "Actual Total Time": 335.021,
                                                    "Actual Rows": 2075193,
                                                    "Actual Loops": 1
                                                },
                                                {
                                                    "Worker Number": 2,
                                                    "Actual Startup Time": 0.033,
                                                    "Actual Total Time": 334.984,
                                                    "Actual Rows": 2154536,
                                                    "Actual Loops": 1
                                                },
                                                {
                                                    "Worker Number": 3,
                                                    "Actual Startup Time": 0.024,
                                                    "Actual Total Time": 318.026,
                                                    "Actual Rows": 1942859,
                                                    "Actual Loops": 1
                                                },
                                                {
                                                    "Worker Number": 4,
                                                    "Actual Startup Time": 0.03,
                                                    "Actual Total Time": 332.44,
                                                    "Actual Rows": 2129023,
                                                    "Actual Loops": 1
                                                }
                                            ]
                                        },
                                        {
                                            "Node Type": "Hash",
                                            "Parent Relationship": "Inner",
                                            "Parallel Aware": true,
                                            "Startup Cost": 43899.01,
                                            "Total Cost": 43899.01,
                                            "Plan Rows": 417284,
                                            "Plan Width": 4,
                                            "Actual Startup Time": 185.797,
                                            "Actual Total Time": 185.798,
                                            "Actual Rows": 278924,
                                            "Actual Loops": 6,
                                            "Output": [
                                                "t.id"
                                            ],
                                            "Hash Buckets": 2097152,
                                            "Original Hash Buckets": 2097152,
                                            "Hash Batches": 1,
                                            "Original Hash Batches": 1,
                                            "Peak Memory Usage": 81920,
                                            "Workers": [
                                                {
                                                    "Worker Number": 0,
                                                    "Actual Startup Time": 186.15,
                                                    "Actual Total Time": 186.151,
                                                    "Actual Rows": 241980,
                                                    "Actual Loops": 1
                                                },
                                                {
                                                    "Worker Number": 1,
                                                    "Actual Startup Time": 186.638,
                                                    "Actual Total Time": 186.639,
                                                    "Actual Rows": 269455,
                                                    "Actual Loops": 1
                                                },
                                                {
                                                    "Worker Number": 2,
                                                    "Actual Startup Time": 187.064,
                                                    "Actual Total Time": 187.065,
                                                    "Actual Rows": 273735,
                                                    "Actual Loops": 1
                                                },
                                                {
                                                    "Worker Number": 3,
                                                    "Actual Startup Time": 186.863,
                                                    "Actual Total Time": 186.864,
                                                    "Actual Rows": 236239,
                                                    "Actual Loops": 1
                                                },
                                                {
                                                    "Worker Number": 4,
                                                    "Actual Startup Time": 187.226,
                                                    "Actual Total Time": 187.227,
                                                    "Actual Rows": 268283,
                                                    "Actual Loops": 1
                                                }
                                            ],
                                            "Plans": [
                                                {
                                                    "Node Type": "Seq Scan",
                                                    "Parent Relationship": "Outer",
                                                    "Parallel Aware": true,
                                                    "Relation Name": "title",
                                                    "Schema": "public",
                                                    "Alias": "t",
                                                    "Startup Cost": 0.0,
                                                    "Total Cost": 43899.01,
                                                    "Plan Rows": 417284,
                                                    "Plan Width": 4,
                                                    "Actual Startup Time": 0.043,
                                                    "Actual Total Time": 77.8,
                                                    "Actual Rows": 278924,
                                                    "Actual Loops": 6,
                                                    "Output": [
                                                        "t.id"
                                                    ],
                                                    "Filter": "(t.production_year > 1993)",
                                                    "Rows Removed by Filter": 142462,
                                                    "Workers": [
                                                        {
                                                            "Worker Number": 0,
                                                            "Actual Startup Time": 0.055,
                                                            "Actual Total Time": 78.126,
                                                            "Actual Rows": 241980,
                                                            "Actual Loops": 1
                                                        },
                                                        {
                                                            "Worker Number": 1,
                                                            "Actual Startup Time": 0.058,
                                                            "Actual Total Time": 80.404,
                                                            "Actual Rows": 269455,
                                                            "Actual Loops": 1
                                                        },
                                                        {
                                                            "Worker Number": 2,
                                                            "Actual Startup Time": 0.065,
                                                            "Actual Total Time": 80.564,
                                                            "Actual Rows": 273735,
                                                            "Actual Loops": 1
                                                        },
                                                        {
                                                            "Worker Number": 3,
                                                            "Actual Startup Time": 0.026,
                                                            "Actual Total Time": 77.623,
                                                            "Actual Rows": 236239,
                                                            "Actual Loops": 1
                                                        },
                                                        {
                                                            "Worker Number": 4,
                                                            "Actual Startup Time": 0.044,
                                                            "Actual Total Time": 80.541,
                                                            "Actual Rows": 268283,
                                                            "Actual Loops": 1
                                                        }
                                                    ]
                                                }
                                            ]
                                        }
                                    ]
                                }
                            ]
                        }
                    ]
                }
            ]
        },
        "Planning Time": 174.331,
        "Triggers": [],
        "Execution Time": 1148.892
    }
]