[
  {
    "Plan": {
      "Node Type": "Aggregate",
      "Strategy": "Plain",
      "Partial Mode": "Finalize",
      "Parallel Aware": false,
      "Startup Cost": 247412.91,
      "Total Cost": 247412.92,
      "Plan Rows": 1,
      "Plan Width": 8,
      "Actual Startup Time": 772.541,
      "Actual Total Time": 816.661,
      "Actual Rows": 1,
      "Actual Loops": 1,
      "Plans": [
        {
          "Node Type": "Gather",
          "Parent Relationship": "Outer",
          "Parallel Aware": false,
          "Startup Cost": 247412.39,
          "Total Cost": 247412.9,
          "Plan Rows": 5,
          "Plan Width": 8,
          "Actual Startup Time": 770.952,
          "Actual Total Time": 816.65,
          "Actual Rows": 6,
          "Actual Loops": 1,
          "Workers Planned": 5,
          "Workers Launched": 5,
          "Single Copy": false,
          "Plans": [
            {
              "Node Type": "Aggregate",
              "Strategy": "Plain",
              "Partial Mode": "Partial",
              "Parent Relationship": "Outer",
              "Parallel Aware": false,
              "Startup Cost": 246412.39,
              "Total Cost": 246412.4,
              "Plan Rows": 1,
              "Plan Width": 8,
              "Actual Startup Time": 761.367,
              "Actual Total Time": 761.37,
              "Actual Rows": 1,
              "Actual Loops": 6,
              "Plans": [
                {
                  "Node Type": "Hash Join",
                  "Parent Relationship": "Outer",
                  "Parallel Aware": true,
                  "Join Type": "Inner",
                  "Startup Cost": 46311.69,
                  "Total Cost": 245633.45,
                  "Plan Rows": 311575,
                  "Plan Width": 0,
                  "Actual Startup Time": 97.072,
                  "Actual Total Time": 742.021,
                  "Actual Rows": 400184,
                  "Actual Loops": 6,
                  "Inner Unique": true,
                  "Hash Cond": "(mi.movie_id = t.id)",
                  "Plans": [
                    {
                      "Node Type": "Seq Scan",
                      "Parent Relationship": "Outer",
                      "Parallel Aware": true,
                      "Relation Name": "movie_info",
                      "Alias": "mi",
                      "Startup Cost": 0.0,
                      "Total Cost": 191560.33,
                      "Plan Rows": 2956733,
                      "Plan Width": 4,
                      "Actual Startup Time": 0.025,
                      "Actual Total Time": 295.095,
                      "Actual Rows": 2472620,
                      "Actual Loops": 6
                    },
                    {
                      "Node Type": "Hash",
                      "Parent Relationship": "Inner",
                      "Parallel Aware": true,
                      "Startup Cost": 45479.1,
                      "Total Cost": 45479.1,
                      "Plan Rows": 66607,
                      "Plan Width": 4,
                      "Actual Startup Time": 93.645,
                      "Actual Total Time": 93.645,
                      "Actual Rows": 37831,
                      "Actual Loops": 6,
                      "Hash Buckets": 524288,
                      "Original Hash Buckets": 524288,
                      "Hash Batches": 1,
                      "Original Hash Batches": 1,
                      "Peak Memory Usage": 13088,
                      "Plans": [
                        {
                          "Node Type": "Seq Scan",
                          "Parent Relationship": "Outer",
                          "Parallel Aware": true,
                          "Relation Name": "title",
                          "Alias": "t",
                          "Startup Cost": 0.0,
                          "Total Cost": 45479.1,
                          "Plan Rows": 66607,
                          "Plan Width": 4,
                          "Actual Startup Time": 0.081,
                          "Actual Total Time": 77.889,
                          "Actual Rows": 37831,
                          "Actual Loops": 6,
                          "Filter": "((kind_id < 4) AND (production_year > 2007))",
                          "Rows Removed by Filter": 383554
                        }
                      ]
                    }
                  ]
                }
              ]
            }
          ]
        }
      ]
    },
    "Planning Time": 0.64,
    "Triggers": [],
    "Execution Time": 816.74
  }
]