[
  {
    "Plan": {
      "Node Type": "Aggregate",
      "Strategy": "Plain",
      "Partial Mode": "Finalize",
      "Parallel Aware": false,
      "Startup Cost": 249085.99,
      "Total Cost": 249086.0,
      "Plan Rows": 1,
      "Plan Width": 8,
      "Actual Startup Time": 350.737,
      "Actual Total Time": 376.03,
      "Actual Rows": 1,
      "Actual Loops": 1,
      "Plans": [
        {
          "Node Type": "Gather",
          "Parent Relationship": "Outer",
          "Parallel Aware": false,
          "Startup Cost": 249085.57,
          "Total Cost": 249085.98,
          "Plan Rows": 4,
          "Plan Width": 8,
          "Actual Startup Time": 349.896,
          "Actual Total Time": 376.022,
          "Actual Rows": 5,
          "Actual Loops": 1,
          "Workers Planned": 4,
          "Workers Launched": 4,
          "Single Copy": false,
          "Plans": [
            {
              "Node Type": "Aggregate",
              "Strategy": "Plain",
              "Partial Mode": "Partial",
              "Parent Relationship": "Outer",
              "Parallel Aware": false,
              "Startup Cost": 248085.57,
              "Total Cost": 248085.58,
              "Plan Rows": 1,
              "Plan Width": 8,
              "Actual Startup Time": 339.863,
              "Actual Total Time": 339.867,
              "Actual Rows": 1,
              "Actual Loops": 5,
              "Plans": [
                {
                  "Node Type": "Hash Join",
                  "Parent Relationship": "Outer",
                  "Parallel Aware": true,
                  "Join Type": "Inner",
                  "Startup Cost": 198644.24,
                  "Total Cost": 247949.66,
                  "Plan Rows": 54364,
                  "Plan Width": 0,
                  "Actual Startup Time": 238.275,
                  "Actual Total Time": 339.846,
                  "Actual Rows": 26,
                  "Actual Loops": 5,
                  "Inner Unique": false,
                  "Hash Cond": "(t.id = ci.movie_id)",
                  "Plans": [
                    {
                      "Node Type": "Seq Scan",
                      "Parent Relationship": "Outer",
                      "Parallel Aware": true,
                      "Relation Name": "title",
                      "Alias": "t",
                      "Startup Cost": 0.0,
                      "Total Cost": 45479.1,
                      "Plan Rows": 373571,
                      "Plan Width": 4,
                      "Actual Startup Time": 0.014,
                      "Actual Total Time": 75.023,
                      "Actual Rows": 295688,
                      "Actual Loops": 5,
                      "Filter": "((production_year > 0) AND (kind_id = 7))",
                      "Rows Removed by Filter": 209974
                    },
                    {
                      "Node Type": "Hash",
                      "Parent Relationship": "Inner",
                      "Parallel Aware": true,
                      "Startup Cost": 197877.72,
                      "Total Cost": 197877.72,
                      "Plan Rows": 61321,
                      "Plan Width": 4,
                      "Actual Startup Time": 233.764,
                      "Actual Total Time": 233.765,
                      "Actual Rows": 46,
                      "Actual Loops": 5,
                      "Hash Buckets": 524288,
                      "Original Hash Buckets": 524288,
                      "Hash Batches": 1,
                      "Original Hash Batches": 1,
                      "Peak Memory Usage": 4256,
                      "Plans": [
                        {
                          "Node Type": "Index Scan",
                          "Parent Relationship": "Outer",
                          "Parallel Aware": true,
                          "Scan Direction": "Forward",
                          "Index Name": "role_id_cast_info",
                          "Relation Name": "cast_info",
                          "Alias": "ci",
                          "Startup Cost": 0.56,
                          "Total Cost": 197877.72,
                          "Plan Rows": 61321,
                          "Plan Width": 4,
                          "Actual Startup Time": 5.892,
                          "Actual Total Time": 232.753,
                          "Actual Rows": 46,
                          "Actual Loops": 5,
                          "Index Cond": "(role_id = 2)",
                          "Rows Removed by Index Recheck": 0,
                          "Filter": "(person_id < 181036)",
                          "Rows Removed by Filter": 1490349
                        }
                      ]
                    }
                  ]
                }
              ]
            }
          ]
        }
      ]
    },
    "Planning Time": 0.615,
    "Triggers": [],
    "Execution Time": 376.107
  }
]