{
  "Plan": {
    "Node Type": "Aggregate",
    "Strategy": "Plain",
    "Partial Mode": "Finalize",
    "Parallel Aware": false,
    "Startup Cost": 97759.77,
    "Total Cost": 97759.78,
    "Plan Rows": 1,
    "Plan Width": 8,
    "Actual Startup Time": 497.844,
    "Actual Total Time": 507.832,
    "Actual Rows": 1,
    "Actual Loops": 1,
    "Plans": [
      {
        "Node Type": "Gather",
        "Parent Relationship": "Outer",
        "Parallel Aware": false,
        "Startup Cost": 97759.66,
        "Total Cost": 97759.77,
        "Plan Rows": 1,
        "Plan Width": 8,
        "Actual Startup Time": 497.072,
        "Actual Total Time": 507.825,
        "Actual Rows": 2,
        "Actual Loops": 1,
        "Workers Planned": 1,
        "Workers Launched": 1,
        "Single Copy": false,
        "Plans": [
          {
            "Node Type": "Aggregate",
            "Strategy": "Plain",
            "Partial Mode": "Partial",
            "Parent Relationship": "Outer",
            "Parallel Aware": false,
            "Startup Cost": 96759.66,
            "Total Cost": 96759.67,
            "Plan Rows": 1,
            "Plan Width": 8,
            "Actual Startup Time": 491.161,
            "Actual Total Time": 491.165,
            "Actual Rows": 1,
            "Actual Loops": 2,
            "Plans": [
              {
                "Node Type": "Hash Join",
                "Parent Relationship": "Outer",
                "Parallel Aware": true,
                "Join Type": "Inner",
                "Startup Cost": 34468.97,
                "Total Cost": 96125.83,
                "Plan Rows": 253531,
                "Plan Width": 0,
                "Actual Startup Time": 136.133,
                "Actual Total Time": 482.148,
                "Actual Rows": 219306,
                "Actual Loops": 2,
                "Inner Unique": false,
                "Hash Cond": "(t.id = mc.movie_id)",
                "Plans": [
                  {
                    "Node Type": "Seq Scan",
                    "Parent Relationship": "Outer",
                    "Parallel Aware": true,
                    "Relation Name": "title",
                    "Alias": "t",
                    "Startup Cost": 0.0,
                    "Total Cost": 50870.31,
                    "Plan Rows": 1487231,
                    "Plan Width": 4,
                    "Actual Startup Time": 0.01,
                    "Actual Total Time": 112.67,
                    "Actual Rows": 1264156,
                    "Actual Loops": 2
                  },
                  {
                    "Node Type": "Hash",
                    "Parent Relationship": "Inner",
                    "Parallel Aware": true,
                    "Startup Cost": 31299.83,
                    "Total Cost": 31299.83,
                    "Plan Rows": 253531,
                    "Plan Width": 4,
                    "Actual Startup Time": 119.984,
                    "Actual Total Time": 119.985,
                    "Actual Rows": 219306,
                    "Actual Loops": 2,
                    "Hash Buckets": 524288,
                    "Original Hash Buckets": 524288,
                    "Hash Batches": 1,
                    "Original Hash Batches": 1,
                    "Peak Memory Usage": 21312,
                    "Plans": [
                      {
                        "Node Type": "Bitmap Heap Scan",
                        "Parent Relationship": "Outer",
                        "Parallel Aware": true,
                        "Relation Name": "movie_companies",
                        "Alias": "mc",
                        "Startup Cost": 9340.7,
                        "Total Cost": 31299.83,
                        "Plan Rows": 253531,
                        "Plan Width": 4,
                        "Actual Startup Time": 33.859,
                        "Actual Total Time": 75.903,
                        "Actual Rows": 219306,
                        "Actual Loops": 2,
                        "Recheck Cond": "(company_id > 78328)",
                        "Rows Removed by Index Recheck": 0,
                        "Exact Heap Blocks": 4355,
                        "Lossy Heap Blocks": 0,
                        "Plans": [
                          {
                            "Node Type": "Bitmap Index Scan",
                            "Parent Relationship": "Outer",
                            "Parallel Aware": false,
                            "Index Name": "company_id_movie_companies",
                            "Startup Cost": 0.0,
                            "Total Cost": 9232.94,
                            "Plan Rows": 431002,
                            "Plan Width": 0,
                            "Actual Startup Time": 33.009,
                            "Actual Total Time": 33.009,
                            "Actual Rows": 438612,
                            "Actual Loops": 1,
                            "Index Cond": "(company_id > 78328)"
                          }
                        ]
                      }
                    ]
                  }
                ]
              }
            ]
          }
        ]
      }
    ]
  },
  "Planning Time": 0.616,
  "Triggers": [],
  "Execution Time": 507.967
}