[
  {
    "Plan": {
      "Node Type": "Aggregate",
      "Strategy": "Plain",
      "Partial Mode": "Finalize",
      "Parallel Aware": false,
      "Startup Cost": 56531.95,
      "Total Cost": 56531.96,
      "Plan Rows": 1,
      "Plan Width": 8,
      "Actual Startup Time": 195.504,
      "Actual Total Time": 209.665,
      "Actual Rows": 1,
      "Actual Loops": 1,
      "Plans": [
        {
          "Node Type": "Gather",
          "Parent Relationship": "Outer",
          "Parallel Aware": false,
          "Startup Cost": 56531.63,
          "Total Cost": 56531.94,
          "Plan Rows": 3,
          "Plan Width": 8,
          "Actual Startup Time": 193.337,
          "Actual Total Time": 209.65,
          "Actual Rows": 4,
          "Actual Loops": 1,
          "Workers Planned": 3,
          "Workers Launched": 3,
          "Single Copy": false,
          "Plans": [
            {
              "Node Type": "Aggregate",
              "Strategy": "Plain",
              "Partial Mode": "Partial",
              "Parent Relationship": "Outer",
              "Parallel Aware": false,
              "Startup Cost": 55531.63,
              "Total Cost": 55531.64,
              "Plan Rows": 1,
              "Plan Width": 8,
              "Actual Startup Time": 187.637,
              "Actual Total Time": 187.7,
              "Actual Rows": 1,
              "Actual Loops": 4,
              "Plans": [
                {
                  "Node Type": "Hash Join",
                  "Parent Relationship": "Outer",
                  "Parallel Aware": true,
                  "Join Type": "Inner",
                  "Startup Cost": 46220.19,
                  "Total Cost": 55513.59,
                  "Plan Rows": 7216,
                  "Plan Width": 0,
                  "Actual Startup Time": 147.574,
                  "Actual Total Time": 187.122,
                  "Actual Rows": 10110,
                  "Actual Loops": 4,
                  "Inner Unique": true,
                  "Hash Cond": "(ci.movie_id = t.id)",
                  "Plans": [
                    {
                      "Node Type": "Index Scan",
                      "Parent Relationship": "Outer",
                      "Parallel Aware": true,
                      "Scan Direction": "Forward",
                      "Index Name": "role_id_cast_info",
                      "Relation Name": "cast_info",
                      "Alias": "ci",
                      "Startup Cost": 0.56,
                      "Total Cost": 9091.72,
                      "Plan Rows": 77044,
                      "Plan Width": 4,
                      "Actual Startup Time": 0.397,
                      "Actual Total Time": 20.138,
                      "Actual Rows": 70124,
                      "Actual Loops": 4,
                      "Index Cond": "(role_id > 10)",
                      "Rows Removed by Index Recheck": 0,
                      "Filter": "(person_id > 871493)",
                      "Rows Removed by Filter": 8906
                    },
                    {
                      "Node Type": "Hash",
                      "Parent Relationship": "Inner",
                      "Parallel Aware": true,
                      "Startup Cost": 45479.59,
                      "Total Cost": 45479.59,
                      "Plan Rows": 59203,
                      "Plan Width": 4,
                      "Actual Startup Time": 145.666,
                      "Actual Total Time": 145.667,
                      "Actual Rows": 89886,
                      "Actual Loops": 4,
                      "Hash Buckets": 524288,
                      "Original Hash Buckets": 262144,
                      "Hash Batches": 1,
                      "Original Hash Batches": 1,
                      "Peak Memory Usage": 20320,
                      "Plans": [
                        {
                          "Node Type": "Seq Scan",
                          "Parent Relationship": "Outer",
                          "Parallel Aware": true,
                          "Relation Name": "title",
                          "Alias": "t",
                          "Startup Cost": 0.0,
                          "Total Cost": 45479.59,
                          "Plan Rows": 59203,
                          "Plan Width": 4,
                          "Actual Startup Time": 58.542,
                          "Actual Total Time": 106.714,
                          "Actual Rows": 89886,
                          "Actual Loops": 4,
                          "Filter": "((production_year < 1998) AND (kind_id = 1))",
                          "Rows Removed by Filter": 542192
                        }
                      ]
                    }
                  ]
                }
              ]
            }
          ]
        }
      ]
    },
    "Planning Time": 0.352,
    "Triggers": [],
    "Execution Time": 209.717
  }
]