[
  {
    "Plan": {
      "Node Type": "Aggregate",
      "Strategy": "Plain",
      "Partial Mode": "Finalize",
      "Parallel Aware": false,
      "Startup Cost": 83124.87,
      "Total Cost": 83124.88,
      "Plan Rows": 1,
      "Plan Width": 8,
      "Actual Startup Time": 275.651,
      "Actual Total Time": 288.718,
      "Actual Rows": 1,
      "Actual Loops": 1,
      "Plans": [
        {
          "Node Type": "Gather",
          "Parent Relationship": "Outer",
          "Parallel Aware": false,
          "Startup Cost": 83124.56,
          "Total Cost": 83124.87,
          "Plan Rows": 3,
          "Plan Width": 8,
          "Actual Startup Time": 273.563,
          "Actual Total Time": 288.709,
          "Actual Rows": 4,
          "Actual Loops": 1,
          "Workers Planned": 3,
          "Workers Launched": 3,
          "Single Copy": false,
          "Plans": [
            {
              "Node Type": "Aggregate",
              "Strategy": "Plain",
              "Partial Mode": "Partial",
              "Parent Relationship": "Outer",
              "Parallel Aware": false,
              "Startup Cost": 82124.56,
              "Total Cost": 82124.57,
              "Plan Rows": 1,
              "Plan Width": 8,
              "Actual Startup Time": 264.93,
              "Actual Total Time": 264.933,
              "Actual Rows": 1,
              "Actual Loops": 4,
              "Plans": [
                {
                  "Node Type": "Hash Join",
                  "Parent Relationship": "Outer",
                  "Parallel Aware": true,
                  "Join Type": "Inner",
                  "Startup Cost": 55406.64,
                  "Total Cost": 82030.47,
                  "Plan Rows": 37634,
                  "Plan Width": 0,
                  "Actual Startup Time": 196.318,
                  "Actual Total Time": 261.265,
                  "Actual Rows": 76784,
                  "Actual Loops": 4,
                  "Inner Unique": true,
                  "Hash Cond": "(mk.movie_id = t.id)",
                  "Plans": [
                    {
                      "Node Type": "Bitmap Heap Scan",
                      "Parent Relationship": "Outer",
                      "Parallel Aware": true,
                      "Relation Name": "movie_keyword",
                      "Alias": "mk",
                      "Startup Cost": 9435.05,
                      "Total Cost": 35682.3,
                      "Plan Rows": 143460,
                      "Plan Width": 4,
                      "Actual Startup Time": 28.568,
                      "Actual Total Time": 79.253,
                      "Actual Rows": 108349,
                      "Actual Loops": 4,
                      "Recheck Cond": "(keyword_id > 40434)",
                      "Rows Removed by Index Recheck": 0,
                      "Exact Heap Blocks": 6862,
                      "Lossy Heap Blocks": 0,
                      "Plans": [
                        {
                          "Node Type": "Bitmap Index Scan",
                          "Parent Relationship": "Outer",
                          "Parallel Aware": false,
                          "Index Name": "keyword_id_movie_keyword",
                          "Startup Cost": 0.0,
                          "Total Cost": 9323.87,
                          "Plan Rows": 444725,
                          "Plan Width": 0,
                          "Actual Startup Time": 25.107,
                          "Actual Total Time": 25.108,
                          "Actual Rows": 433395,
                          "Actual Loops": 1,
                          "Index Cond": "(keyword_id > 40434)"
                        }
                      ]
                    },
                    {
                      "Node Type": "Hash",
                      "Parent Relationship": "Inner",
                      "Parallel Aware": true,
                      "Startup Cost": 43898.92,
                      "Total Cost": 43898.92,
                      "Plan Rows": 165814,
                      "Plan Width": 4,
                      "Actual Startup Time": 149.203,
                      "Actual Total Time": 149.203,
                      "Actual Rows": 165706,
                      "Actual Loops": 4,
                      "Hash Buckets": 1048576,
                      "Original Hash Buckets": 1048576,
                      "Hash Batches": 1,
                      "Original Hash Batches": 1,
                      "Peak Memory Usage": 34208,
                      "Plans": [
                        {
                          "Node Type": "Seq Scan",
                          "Parent Relationship": "Outer",
                          "Parallel Aware": true,
                          "Relation Name": "title",
                          "Alias": "t",
                          "Startup Cost": 0.0,
                          "Total Cost": 43898.92,
                          "Plan Rows": 165814,
                          "Plan Width": 4,
                          "Actual Startup Time": 44.418,
                          "Actual Total Time": 96.355,
                          "Actual Rows": 165706,
                          "Actual Loops": 4,
                          "Filter": "(kind_id = 1)",
                          "Rows Removed by Filter": 466372
                        }
                      ]
                    }
                  ]
                }
              ]
            }
          ]
        }
      ]
    },
    "Planning Time": 0.53,
    "Triggers": [],
    "Execution Time": 288.799
  }
]