[
  {
    "Plan": {
      "Node Type": "Aggregate",
      "Strategy": "Plain",
      "Partial Mode": "Finalize",
      "Parallel Aware": false,
      "Startup Cost": 44698.35,
      "Total Cost": 44698.36,
      "Plan Rows": 1,
      "Plan Width": 8,
      "Actual Startup Time": 133.696,
      "Actual Total Time": 144.657,
      "Actual Rows": 1,
      "Actual Loops": 1,
      "Plans": [
        {
          "Node Type": "Gather",
          "Parent Relationship": "Outer",
          "Parallel Aware": false,
          "Startup Cost": 44698.03,
          "Total Cost": 44698.34,
          "Plan Rows": 3,
          "Plan Width": 8,
          "Actual Startup Time": 133.585,
          "Actual Total Time": 144.649,
          "Actual Rows": 4,
          "Actual Loops": 1,
          "Workers Planned": 3,
          "Workers Launched": 3,
          "Single Copy": false,
          "Plans": [
            {
              "Node Type": "Aggregate",
              "Strategy": "Plain",
              "Partial Mode": "Partial",
              "Parent Relationship": "Outer",
              "Parallel Aware": false,
              "Startup Cost": 43698.03,
              "Total Cost": 43698.04,
              "Plan Rows": 1,
              "Plan Width": 8,
              "Actual Startup Time": 128.211,
              "Actual Total Time": 128.213,
              "Actual Rows": 1,
              "Actual Loops": 4,
              "Plans": [
                {
                  "Node Type": "Seq Scan",
                  "Parent Relationship": "Outer",
                  "Parallel Aware": true,
                  "Relation Name": "movie_keyword",
                  "Alias": "mk",
                  "Startup Cost": 0.0,
                  "Total Cost": 42695.65,
                  "Plan Rows": 400951,
                  "Plan Width": 0,
                  "Actual Startup Time": 2.094,
                  "Actual Total Time": 112.008,
                  "Actual Rows": 312798,
                  "Actual Loops": 4,
                  "Filter": "(keyword_id > 14407)",
                  "Rows Removed by Filter": 818184
                }
              ]
            }
          ]
        }
      ]
    },
    "Planning Time": 0.176,
    "Triggers": [],
    "Execution Time": 144.712
  }
]