[
  {
    "Plan": {
      "Node Type": "Aggregate",
      "Strategy": "Plain",
      "Partial Mode": "Finalize",
      "Parallel Aware": false,
      "Startup Cost": 33205.13,
      "Total Cost": 33205.14,
      "Plan Rows": 1,
      "Plan Width": 8,
      "Actual Startup Time": 92.304,
      "Actual Total Time": 99.981,
      "Actual Rows": 1,
      "Actual Loops": 1,
      "Plans": [
        {
          "Node Type": "Gather",
          "Parent Relationship": "Outer",
          "Parallel Aware": false,
          "Startup Cost": 33204.81,
          "Total Cost": 33205.12,
          "Plan Rows": 3,
          "Plan Width": 8,
          "Actual Startup Time": 92.175,
          "Actual Total Time": 99.972,
          "Actual Rows": 4,
          "Actual Loops": 1,
          "Workers Planned": 3,
          "Workers Launched": 3,
          "Single Copy": false,
          "Plans": [
            {
              "Node Type": "Aggregate",
              "Strategy": "Plain",
              "Partial Mode": "Partial",
              "Parent Relationship": "Outer",
              "Parallel Aware": false,
              "Startup Cost": 32204.81,
              "Total Cost": 32204.82,
              "Plan Rows": 1,
              "Plan Width": 8,
              "Actual Startup Time": 85.153,
              "Actual Total Time": 85.154,
              "Actual Rows": 1,
              "Actual Loops": 4,
              "Plans": [
                {
                  "Node Type": "Seq Scan",
                  "Parent Relationship": "Outer",
                  "Parallel Aware": true,
                  "Relation Name": "movie_companies",
                  "Alias": "mc",
                  "Startup Cost": 0.0,
                  "Total Cost": 31414.82,
                  "Plan Rows": 315997,
                  "Plan Width": 0,
                  "Actual Startup Time": 46.913,
                  "Actual Total Time": 78.628,
                  "Actual Rows": 168209,
                  "Actual Loops": 4,
                  "Filter": "((company_id < 46481) AND (company_type_id > 1))",
                  "Rows Removed by Filter": 484074
                }
              ]
            }
          ]
        }
      ]
    },
    "Planning Time": 0.251,
    "Triggers": [],
    "Execution Time": 100.036
  }
]