[
  {
    "Plan": {
      "Node Type": "Aggregate",
      "Strategy": "Plain",
      "Partial Mode": "Finalize",
      "Parallel Aware": false,
      "Startup Cost": 92138.59,
      "Total Cost": 92138.6,
      "Plan Rows": 1,
      "Plan Width": 8,
      "Actual Startup Time": 387.22,
      "Actual Total Time": 403.827,
      "Actual Rows": 1,
      "Actual Loops": 1,
      "Plans": [
        {
          "Node Type": "Gather",
          "Parent Relationship": "Outer",
          "Parallel Aware": false,
          "Startup Cost": 92138.27,
          "Total Cost": 92138.58,
          "Plan Rows": 3,
          "Plan Width": 8,
          "Actual Startup Time": 384.427,
          "Actual Total Time": 403.799,
          "Actual Rows": 4,
          "Actual Loops": 1,
          "Workers Planned": 3,
          "Workers Launched": 3,
          "Single Copy": false,
          "Plans": [
            {
              "Node Type": "Aggregate",
              "Strategy": "Plain",
              "Partial Mode": "Partial",
              "Parent Relationship": "Outer",
              "Parallel Aware": false,
              "Startup Cost": 91138.27,
              "Total Cost": 91138.28,
              "Plan Rows": 1,
              "Plan Width": 8,
              "Actual Startup Time": 375.007,
              "Actual Total Time": 375.01,
              "Actual Rows": 1,
              "Actual Loops": 4,
              "Plans": [
                {
                  "Node Type": "Hash Join",
                  "Parent Relationship": "Outer",
                  "Parallel Aware": true,
                  "Join Type": "Inner",
                  "Startup Cost": 46357.58,
                  "Total Cost": 90661.6,
                  "Plan Rows": 190668,
                  "Plan Width": 0,
                  "Actual Startup Time": 197.62,
                  "Actual Total Time": 370.35,
                  "Actual Rows": 97616,
                  "Actual Loops": 4,
                  "Inner Unique": true,
                  "Hash Cond": "(mk.movie_id = t.id)",
                  "Plans": [
                    {
                      "Node Type": "Seq Scan",
                      "Parent Relationship": "Outer",
                      "Parallel Aware": true,
                      "Relation Name": "movie_keyword",
                      "Alias": "mk",
                      "Startup Cost": 0.0,
                      "Total Cost": 42695.65,
                      "Plan Rows": 612712,
                      "Plan Width": 4,
                      "Actual Startup Time": 0.495,
                      "Actual Total Time": 109.809,
                      "Actual Rows": 475116,
                      "Actual Loops": 4,
                      "Filter": "(keyword_id > 7105)",
                      "Rows Removed by Filter": 655866
                    },
                    {
                      "Node Type": "Hash",
                      "Parent Relationship": "Inner",
                      "Parallel Aware": true,
                      "Startup Cost": 43898.92,
                      "Total Cost": 43898.92,
                      "Plan Rows": 196693,
                      "Plan Width": 4,
                      "Actual Startup Time": 191.991,
                      "Actual Total Time": 191.992,
                      "Actual Rows": 196232,
                      "Actual Loops": 4,
                      "Hash Buckets": 1048576,
                      "Original Hash Buckets": 1048576,
                      "Hash Batches": 1,
                      "Original Hash Batches": 1,
                      "Peak Memory Usage": 38976,
                      "Plans": [
                        {
                          "Node Type": "Seq Scan",
                          "Parent Relationship": "Outer",
                          "Parallel Aware": true,
                          "Relation Name": "title",
                          "Alias": "t",
                          "Startup Cost": 0.0,
                          "Total Cost": 43898.92,
                          "Plan Rows": 196693,
                          "Plan Width": 4,
                          "Actual Startup Time": 0.049,
                          "Actual Total Time": 110.936,
                          "Actual Rows": 196232,
                          "Actual Loops": 4,
                          "Filter": "(production_year > 2007)",
                          "Rows Removed by Filter": 435846
                        }
                      ]
                    }
                  ]
                }
              ]
            }
          ]
        }
      ]
    },
    "Planning Time": 0.687,
    "Triggers": [],
    "Execution Time": 403.915
  }
]