[
    {
        "Bao": {
            "Bao prediction": "NaN",
            "Bao recommended hint": "(no hint)"
        }
    },
    {
        "Plan": {
            "Node Type": "Aggregate",
            "Strategy": "Plain",
            "Partial Mode": "Finalize",
            "Parallel Aware": false,
            "Startup Cost": 44442.59,
            "Total Cost": 44442.6,
            "Plan Rows": 1,
            "Plan Width": 8,
            "Actual Startup Time": 117.573,
            "Actual Total Time": 123.215,
            "Actual Rows": 1,
            "Actual Loops": 1,
            "Output": [
                "count(*)"
            ],
            "Plans": [
                {
                    "Node Type": "Gather",
                    "Parent Relationship": "Outer",
                    "Parallel Aware": false,
                    "Startup Cost": 44442.27,
                    "Total Cost": 44442.58,
                    "Plan Rows": 3,
                    "Plan Width": 8,
                    "Actual Startup Time": 117.478,
                    "Actual Total Time": 123.208,
                    "Actual Rows": 4,
                    "Actual Loops": 1,
                    "Output": [
                        "(PARTIAL count(*))"
                    ],
                    "Workers Planned": 3,
                    "Workers Launched": 3,
                    "Single Copy": false,
                    "Plans": [
                        {
                            "Node Type": "Aggregate",
                            "Strategy": "Plain",
                            "Partial Mode": "Partial",
                            "Parent Relationship": "Outer",
                            "Parallel Aware": false,
                            "Startup Cost": 43442.27,
                            "Total Cost": 43442.28,
                            "Plan Rows": 1,
                            "Plan Width": 8,
                            "Actual Startup Time": 109.21,
                            "Actual Total Time": 109.211,
                            "Actual Rows": 1,
                            "Actual Loops": 4,
                            "Output": [
                                "PARTIAL count(*)"
                            ],
                            "Workers": [
                                {
                                    "Worker Number": 0,
                                    "Actual Startup Time": 106.095,
                                    "Actual Total Time": 106.096,
                                    "Actual Rows": 1,
                                    "Actual Loops": 1
                                },
                                {
                                    "Worker Number": 1,
                                    "Actual Startup Time": 106.619,
                                    "Actual Total Time": 106.62,
                                    "Actual Rows": 1,
                                    "Actual Loops": 1
                                },
                                {
                                    "Worker Number": 2,
                                    "Actual Startup Time": 107.116,
                                    "Actual Total Time": 107.118,
                                    "Actual Rows": 1,
                                    "Actual Loops": 1
                                }
                            ],
                            "Plans": [
                                {
                                    "Node Type": "Seq Scan",
                                    "Parent Relationship": "Outer",
                                    "Parallel Aware": true,
                                    "Relation Name": "movie_keyword",
                                    "Schema": "public",
                                    "Alias": "mk",
                                    "Startup Cost": 0.0,
                                    "Total Cost": 42695.65,
                                    "Plan Rows": 298647,
                                    "Plan Width": 0,
                                    "Actual Startup Time": 2.801,
                                    "Actual Total Time": 97.352,
                                    "Actual Rows": 225498,
                                    "Actual Loops": 4,
                                    "Output": [
                                        "id",
                                        "movie_id",
                                        "keyword_id"
                                    ],
                                    "Filter": "(mk.keyword_id > 20468)",
                                    "Rows Removed by Filter": 905485,
                                    "Workers": [
                                        {
                                            "Worker Number": 0,
                                            "Actual Startup Time": 0.05,
                                            "Actual Total Time": 94.555,
                                            "Actual Rows": 204662,
                                            "Actual Loops": 1
                                        },
                                        {
                                            "Worker Number": 1,
                                            "Actual Startup Time": 0.153,
                                            "Actual Total Time": 95.243,
                                            "Actual Rows": 202751,
                                            "Actual Loops": 1
                                        },
                                        {
                                            "Worker Number": 2,
                                            "Actual Startup Time": 0.571,
                                            "Actual Total Time": 95.526,
                                            "Actual Rows": 210000,
                                            "Actual Loops": 1
                                        }
                                    ]
                                }
                            ]
                        }
                    ]
                }
            ]
        },
        "Planning Time": 235.208,
        "Triggers": [],
        "Execution Time": 123.293
    }
]