[
  {
    "Plan": {
      "Node Type": "Aggregate",
      "Strategy": "Plain",
      "Partial Mode": "Finalize",
      "Parallel Aware": false,
      "Startup Cost": 44905.34,
      "Total Cost": 44905.35,
      "Plan Rows": 1,
      "Plan Width": 8,
      "Actual Startup Time": 88.938,
      "Actual Total Time": 100.401,
      "Actual Rows": 1,
      "Actual Loops": 1,
      "Plans": [
        {
          "Node Type": "Gather",
          "Parent Relationship": "Outer",
          "Parallel Aware": false,
          "Startup Cost": 44904.92,
          "Total Cost": 44905.33,
          "Plan Rows": 4,
          "Plan Width": 8,
          "Actual Startup Time": 88.793,
          "Actual Total Time": 100.393,
          "Actual Rows": 5,
          "Actual Loops": 1,
          "Workers Planned": 4,
          "Workers Launched": 4,
          "Single Copy": false,
          "Plans": [
            {
              "Node Type": "Aggregate",
              "Strategy": "Plain",
              "Partial Mode": "Partial",
              "Parent Relationship": "Outer",
              "Parallel Aware": false,
              "Startup Cost": 43904.92,
              "Total Cost": 43904.93,
              "Plan Rows": 1,
              "Plan Width": 8,
              "Actual Startup Time": 80.963,
              "Actual Total Time": 80.964,
              "Actual Rows": 1,
              "Actual Loops": 5,
              "Plans": [
                {
                  "Node Type": "Seq Scan",
                  "Parent Relationship": "Outer",
                  "Parallel Aware": true,
                  "Relation Name": "title",
                  "Alias": "t",
                  "Startup Cost": 0.0,
                  "Total Cost": 43898.92,
                  "Plan Rows": 2402,
                  "Plan Width": 0,
                  "Actual Startup Time": 0.236,
                  "Actual Total Time": 80.685,
                  "Actual Rows": 2062,
                  "Actual Loops": 5,
                  "Filter": "(production_year = 1962)",
                  "Rows Removed by Filter": 503601
                }
              ]
            }
          ]
        }
      ]
    },
    "Planning Time": 0.17,
    "Triggers": [],
    "Execution Time": 100.458
  }
]