[
    {
        "Bao": {
            "Bao prediction": "NaN",
            "Bao recommended hint": "(no hint)"
        }
    },
    {
        "Plan": {
            "Node Type": "Aggregate",
            "Strategy": "Plain",
            "Partial Mode": "Finalize",
            "Parallel Aware": false,
            "Startup Cost": 47196.75,
            "Total Cost": 47196.76,
            "Plan Rows": 1,
            "Plan Width": 8,
            "Actual Startup Time": 187.777,
            "Actual Total Time": 195.744,
            "Actual Rows": 1,
            "Actual Loops": 1,
            "Output": [
                "count(*)"
            ],
            "Plans": [
                {
                    "Node Type": "Gather",
                    "Parent Relationship": "Outer",
                    "Parallel Aware": false,
                    "Startup Cost": 47196.44,
                    "Total Cost": 47196.75,
                    "Plan Rows": 3,
                    "Plan Width": 8,
                    "Actual Startup Time": 187.702,
                    "Actual Total Time": 195.735,
                    "Actual Rows": 4,
                    "Actual Loops": 1,
                    "Output": [
                        "(PARTIAL count(*))"
                    ],
                    "Workers Planned": 3,
                    "Workers Launched": 3,
                    "Single Copy": false,
                    "Plans": [
                        {
                            "Node Type": "Aggregate",
                            "Strategy": "Plain",
                            "Partial Mode": "Partial",
                            "Parent Relationship": "Outer",
                            "Parallel Aware": false,
                            "Startup Cost": 46196.44,
                            "Total Cost": 46196.45,
                            "Plan Rows": 1,
                            "Plan Width": 8,
                            "Actual Startup Time": 179.683,
                            "Actual Total Time": 179.684,
                            "Actual Rows": 1,
                            "Actual Loops": 4,
                            "Output": [
                                "PARTIAL count(*)"
                            ],
                            "Workers": [
                                {
                                    "Worker Number": 0,
                                    "Actual Startup Time": 176.753,
                                    "Actual Total Time": 176.755,
                                    "Actual Rows": 1,
                                    "Actual Loops": 1
                                },
                                {
                                    "Worker Number": 1,
                                    "Actual Startup Time": 177.186,
                                    "Actual Total Time": 177.187,
                                    "Actual Rows": 1,
                                    "Actual Loops": 1
                                },
                                {
                                    "Worker Number": 2,
                                    "Actual Startup Time": 177.497,
                                    "Actual Total Time": 177.498,
                                    "Actual Rows": 1,
                                    "Actual Loops": 1
                                }
                            ],
                            "Plans": [
                                {
                                    "Node Type": "Seq Scan",
                                    "Parent Relationship": "Outer",
                                    "Parallel Aware": true,
                                    "Relation Name": "movie_keyword",
                                    "Schema": "public",
                                    "Alias": "mk",
                                    "Startup Cost": 0.0,
                                    "Total Cost": 42695.65,
                                    "Plan Rows": 1400313,
                                    "Plan Width": 0,
                                    "Actual Startup Time": 0.047,
                                    "Actual Total Time": 125.486,
                                    "Actual Rows": 1085640,
                                    "Actual Loops": 4,
                                    "Output": [
                                        "id",
                                        "movie_id",
                                        "keyword_id"
                                    ],
                                    "Filter": "(mk.keyword_id < 71606)",
                                    "Rows Removed by Filter": 45343,
                                    "Workers": [
                                        {
                                            "Worker Number": 0,
                                            "Actual Startup Time": 0.055,
                                            "Actual Total Time": 123.919,
                                            "Actual Rows": 1112413,
                                            "Actual Loops": 1
                                        },
                                        {
                                            "Worker Number": 1,
                                            "Actual Startup Time": 0.059,
                                            "Actual Total Time": 124.917,
                                            "Actual Rows": 1115191,
                                            "Actual Loops": 1
                                        },
                                        {
                                            "Worker Number": 2,
                                            "Actual Startup Time": 0.057,
                                            "Actual Total Time": 124.511,
                                            "Actual Rows": 1111562,
                                            "Actual Loops": 1
                                        }
                                    ]
                                }
                            ]
                        }
                    ]
                }
            ]
        },
        "Planning Time": 204.171,
        "Triggers": [],
        "Execution Time": 195.804
    }
]