[
  {
    "Plan": {
      "Node Type": "Aggregate",
      "Strategy": "Plain",
      "Partial Mode": "Finalize",
      "Parallel Aware": false,
      "Startup Cost": 45442.37,
      "Total Cost": 45442.38,
      "Plan Rows": 1,
      "Plan Width": 8,
      "Actual Startup Time": 145.106,
      "Actual Total Time": 154.869,
      "Actual Rows": 1,
      "Actual Loops": 1,
      "Plans": [
        {
          "Node Type": "Gather",
          "Parent Relationship": "Outer",
          "Parallel Aware": false,
          "Startup Cost": 45442.05,
          "Total Cost": 45442.36,
          "Plan Rows": 3,
          "Plan Width": 8,
          "Actual Startup Time": 144.971,
          "Actual Total Time": 154.862,
          "Actual Rows": 4,
          "Actual Loops": 1,
          "Workers Planned": 3,
          "Workers Launched": 3,
          "Single Copy": false,
          "Plans": [
            {
              "Node Type": "Aggregate",
              "Strategy": "Plain",
              "Partial Mode": "Partial",
              "Parent Relationship": "Outer",
              "Parallel Aware": false,
              "Startup Cost": 44442.05,
              "Total Cost": 44442.06,
              "Plan Rows": 1,
              "Plan Width": 8,
              "Actual Startup Time": 137.921,
              "Actual Total Time": 137.922,
              "Actual Rows": 1,
              "Actual Loops": 4,
              "Plans": [
                {
                  "Node Type": "Seq Scan",
                  "Parent Relationship": "Outer",
                  "Parallel Aware": true,
                  "Relation Name": "movie_keyword",
                  "Alias": "mk",
                  "Startup Cost": 0.0,
                  "Total Cost": 42695.65,
                  "Plan Rows": 698558,
                  "Plan Width": 0,
                  "Actual Startup Time": 0.703,
                  "Actual Total Time": 113.279,
                  "Actual Rows": 541450,
                  "Actual Loops": 4,
                  "Filter": "(keyword_id > 5299)",
                  "Rows Removed by Filter": 589532
                }
              ]
            }
          ]
        }
      ]
    },
    "Planning Time": 0.15,
    "Triggers": [],
    "Execution Time": 154.914
  }
]