[
  {
    "Plan": {
      "Node Type": "Aggregate",
      "Strategy": "Plain",
      "Partial Mode": "Finalize",
      "Parallel Aware": false,
      "Startup Cost": 378573.05,
      "Total Cost": 378573.06,
      "Plan Rows": 1,
      "Plan Width": 8,
      "Actual Startup Time": 1109.312,
      "Actual Total Time": 1166.514,
      "Actual Rows": 1,
      "Actual Loops": 1,
      "Plans": [
        {
          "Node Type": "Gather",
          "Parent Relationship": "Outer",
          "Parallel Aware": false,
          "Startup Cost": 378572.42,
          "Total Cost": 378573.03,
          "Plan Rows": 6,
          "Plan Width": 8,
          "Actual Startup Time": 1108.188,
          "Actual Total Time": 1166.502,
          "Actual Rows": 7,
          "Actual Loops": 1,
          "Workers Planned": 6,
          "Workers Launched": 6,
          "Single Copy": false,
          "Plans": [
            {
              "Node Type": "Aggregate",
              "Strategy": "Plain",
              "Partial Mode": "Partial",
              "Parent Relationship": "Outer",
              "Parallel Aware": false,
              "Startup Cost": 377572.42,
              "Total Cost": 377572.43,
              "Plan Rows": 1,
              "Plan Width": 8,
              "Actual Startup Time": 1096.761,
              "Actual Total Time": 1096.764,
              "Actual Rows": 1,
              "Actual Loops": 7,
              "Plans": [
                {
                  "Node Type": "Hash Join",
                  "Parent Relationship": "Outer",
                  "Parallel Aware": true,
                  "Join Type": "Inner",
                  "Startup Cost": 38203.96,
                  "Total Cost": 377202.27,
                  "Plan Rows": 148060,
                  "Plan Width": 0,
                  "Actual Startup Time": 69.444,
                  "Actual Total Time": 1091.774,
                  "Actual Rows": 81692,
                  "Actual Loops": 7,
                  "Inner Unique": true,
                  "Hash Cond": "(ci.movie_id = t.id)",
                  "Plans": [
                    {
                      "Node Type": "Seq Scan",
                      "Parent Relationship": "Outer",
                      "Parallel Aware": true,
                      "Relation Name": "cast_info",
                      "Alias": "ci",
                      "Startup Cost": 0.0,
                      "Total Cost": 328162.03,
                      "Plan Rows": 4128101,
                      "Plan Width": 4,
                      "Actual Startup Time": 0.019,
                      "Actual Total Time": 572.825,
                      "Actual Rows": 3550995,
                      "Actual Loops": 7,
                      "Filter": "(person_id < 2560333)",
                      "Rows Removed by Filter": 1626769
                    },
                    {
                      "Node Type": "Hash",
                      "Parent Relationship": "Inner",
                      "Parallel Aware": true,
                      "Startup Cost": 37920.59,
                      "Total Cost": 37920.59,
                      "Plan Rows": 22670,
                      "Plan Width": 4,
                      "Actual Startup Time": 68.027,
                      "Actual Total Time": 68.028,
                      "Actual Rows": 12979,
                      "Actual Loops": 7,
                      "Hash Buckets": 131072,
                      "Original Hash Buckets": 131072,
                      "Hash Batches": 1,
                      "Original Hash Batches": 1,
                      "Peak Memory Usage": 4704,
                      "Plans": [
                        {
                          "Node Type": "Bitmap Heap Scan",
                          "Parent Relationship": "Outer",
                          "Parallel Aware": true,
                          "Relation Name": "title",
                          "Alias": "t",
                          "Startup Cost": 1639.21,
                          "Total Cost": 37920.59,
                          "Plan Rows": 22670,
                          "Plan Width": 4,
                          "Actual Startup Time": 18.746,
                          "Actual Total Time": 61.904,
                          "Actual Rows": 12979,
                          "Actual Loops": 7,
                          "Recheck Cond": "(kind_id = 2)",
                          "Rows Removed by Index Recheck": 0,
                          "Exact Heap Blocks": 10517,
                          "Lossy Heap Blocks": 0,
                          "Plans": [
                            {
                              "Node Type": "Bitmap Index Scan",
                              "Parent Relationship": "Outer",
                              "Parallel Aware": false,
                              "Index Name": "kind_id_title",
                              "Startup Cost": 0.0,
                              "Total Cost": 1616.54,
                              "Plan Rows": 90681,
                              "Plan Width": 0,
                              "Actual Startup Time": 16.281,
                              "Actual Total Time": 16.281,
                              "Actual Rows": 90852,
                              "Actual Loops": 1,
                              "Index Cond": "(kind_id = 2)"
                            }
                          ]
                        }
                      ]
                    }
                  ]
                }
              ]
            }
          ]
        }
      ]
    },
    "Planning Time": 0.578,
    "Triggers": [],
    "Execution Time": 1166.625
  }
]