{
  "Plan": {
    "Node Type": "Aggregate",
    "Strategy": "Plain",
    "Partial Mode": "Finalize",
    "Parallel Aware": false,
    "Startup Cost": 738805.82,
    "Total Cost": 738805.83,
    "Plan Rows": 1,
    "Plan Width": 64,
    "Actual Startup Time": 11880.862,
    "Actual Total Time": 11881.09,
    "Actual Rows": 1,
    "Actual Loops": 1,
    "Plans": [
      {
        "Node Type": "Gather",
        "Parent Relationship": "Outer",
        "Parallel Aware": false,
        "Startup Cost": 738805.71,
        "Total Cost": 738805.82,
        "Plan Rows": 1,
        "Plan Width": 64,
        "Actual Startup Time": 11880.856,
        "Actual Total Time": 11881.084,
        "Actual Rows": 1,
        "Actual Loops": 1,
        "Workers Planned": 1,
        "Workers Launched": 0,
        "Single Copy": false,
        "Plans": [
          {
            "Node Type": "Aggregate",
            "Strategy": "Plain",
            "Partial Mode": "Partial",
            "Parent Relationship": "Outer",
            "Parallel Aware": false,
            "Startup Cost": 737805.71,
            "Total Cost": 737805.72,
            "Plan Rows": 1,
            "Plan Width": 64,
            "Actual Startup Time": 11879.638,
            "Actual Total Time": 11879.649,
            "Actual Rows": 1,
            "Actual Loops": 1,
            "Plans": [
              {
                "Node Type": "Nested Loop",
                "Parent Relationship": "Outer",
                "Parallel Aware": false,
                "Join Type": "Inner",
                "Startup Cost": 474163.54,
                "Total Cost": 736817.18,
                "Plan Rows": 197705,
                "Plan Width": 33,
                "Actual Startup Time": 7501.785,
                "Actual Total Time": 11836.81,
                "Actual Rows": 339290,
                "Actual Loops": 1,
                "Inner Unique": true,
                "Join Filter": "(an1.person_id = n1.id)",
                "Rows Removed by Join Filter": 0,
                "Plans": [
                  {
                    "Node Type": "Hash Join",
                    "Parent Relationship": "Outer",
                    "Parallel Aware": true,
                    "Join Type": "Inner",
                    "Startup Cost": 474163.11,
                    "Total Cost": 644332.24,
                    "Plan Rows": 197705,
                    "Plan Width": 41,
                    "Actual Startup Time": 7501.754,
                    "Actual Total Time": 10805.006,
                    "Actual Rows": 339290,
                    "Actual Loops": 1,
                    "Inner Unique": true,
                    "Hash Cond": "(mc.company_id = cn.id)",
                    "Plans": [
                      {
                        "Node Type": "Hash Join",
                        "Parent Relationship": "Outer",
                        "Parallel Aware": false,
                        "Join Type": "Inner",
                        "Startup Cost": 469362.55,
                        "Total Cost": 627981.34,
                        "Plan Rows": 4400052,
                        "Plan Width": 45,
                        "Actual Startup Time": 7454.567,
                        "Actual Total Time": 9922.055,
                        "Actual Rows": 12406875,
                        "Actual Loops": 1,
                        "Inner Unique": false,
                        "Hash Cond": "(mc.movie_id = ci.movie_id)",
                        "Plans": [
                          {
                            "Node Type": "Seq Scan",
                            "Parent Relationship": "Outer",
                            "Parallel Aware": true,
                            "Relation Name": "movie_companies",
                            "Alias": "mc",
                            "Startup Cost": 0.0,
                            "Total Cost": 34137.82,
                            "Plan Rows": 1534782,
                            "Plan Width": 8,
                            "Actual Startup Time": 0.007,
                            "Actual Total Time": 224.859,
                            "Actual Rows": 2609129,
                            "Actual Loops": 1
                          },
                          {
                            "Node Type": "Hash",
                            "Parent Relationship": "Inner",
                            "Parallel Aware": false,
                            "Startup Cost": 378753.64,
                            "Total Cost": 378753.64,
                            "Plan Rows": 7248713,
                            "Plan Width": 49,
                            "Actual Startup Time": 7241.605,
                            "Actual Total Time": 7241.612,
                            "Actual Rows": 2547064,
                            "Actual Loops": 1,
                            "Hash Buckets": 8388608,
                            "Original Hash Buckets": 8388608,
                            "Hash Batches": 1,
                            "Original Hash Batches": 1,
                            "Peak Memory Usage": 288460,
                            "Plans": [
                              {
                                "Node Type": "Hash Join",
                                "Parent Relationship": "Outer",
                                "Parallel Aware": false,
                                "Join Type": "Inner",
                                "Startup Cost": 124564.3,
                                "Total Cost": 378753.64,
                                "Plan Rows": 7248713,
                                "Plan Width": 49,
                                "Actual Startup Time": 2731.318,
                                "Actual Total Time": 5721.747,
                                "Actual Rows": 2547064,
                                "Actual Loops": 1,
                                "Inner Unique": true,
                                "Hash Cond": "(ci.movie_id = t.id)",
                                "Plans": [
                                  {
                                    "Node Type": "Hash Join",
                                    "Parent Relationship": "Outer",
                                    "Parallel Aware": false,
                                    "Join Type": "Inner",
                                    "Startup Cost": 31676.78,
                                    "Total Cost": 266838.22,
                                    "Plan Rows": 7248713,
                                    "Plan Width": 28,
                                    "Actual Startup Time": 390.496,
                                    "Actual Total Time": 2380.418,
                                    "Actual Rows": 2547064,
                                    "Actual Loops": 1,
                                    "Inner Unique": false,
                                    "Hash Cond": "(ci.person_id = an1.person_id)",
                                    "Plans": [
                                      {
                                        "Node Type": "Nested Loop",
                                        "Parent Relationship": "Outer",
                                        "Parallel Aware": false,
                                        "Join Type": "Inner",
                                        "Startup Cost": 0.56,
                                        "Total Cost": 147569.99,
                                        "Plan Rows": 3020976,
                                        "Plan Width": 8,
                                        "Actual Startup Time": 0.085,
                                        "Actual Total Time": 1176.53,
                                        "Actual Rows": 4323018,
                                        "Actual Loops": 1,
                                        "Inner Unique": false,
                                        "Plans": [
                                          {
                                            "Node Type": "Seq Scan",
                                            "Parent Relationship": "Outer",
                                            "Parallel Aware": false,
                                            "Relation Name": "role_type",
                                            "Alias": "rt",
                                            "Startup Cost": 0.0,
                                            "Total Cost": 1.15,
                                            "Plan Rows": 1,
                                            "Plan Width": 4,
                                            "Actual Startup Time": 0.032,
                                            "Actual Total Time": 0.038,
                                            "Actual Rows": 1,
                                            "Actual Loops": 1,
                                            "Filter": "((role)::text = 'miscellaneous crew'::text)",
                                            "Rows Removed by Filter": 11
                                          },
                                          {
                                            "Node Type": "Index Scan",
                                            "Parent Relationship": "Inner",
                                            "Parallel Aware": false,
                                            "Scan Direction": "Forward",
                                            "Index Name": "role_id_cast_info",
                                            "Relation Name": "cast_info",
                                            "Alias": "ci",
                                            "Startup Cost": 0.56,
                                            "Total Cost": 114612.74,
                                            "Plan Rows": 3295610,
                                            "Plan Width": 12,
                                            "Actual Startup Time": 0.045,
                                            "Actual Total Time": 728.445,
                                            "Actual Rows": 4323018,
                                            "Actual Loops": 1,
                                            "Index Cond": "(role_id = rt.id)",
                                            "Rows Removed by Index Recheck": 0
                                          }
                                        ]
                                      },
                                      {
                                        "Node Type": "Hash",
                                        "Parent Relationship": "Inner",
                                        "Parallel Aware": false,
                                        "Startup Cost": 20409.43,
                                        "Total Cost": 20409.43,
                                        "Plan Rows": 901343,
                                        "Plan Width": 20,
                                        "Actual Startup Time": 387.365,
                                        "Actual Total Time": 387.366,
                                        "Actual Rows": 901343,
                                        "Actual Loops": 1,
                                        "Hash Buckets": 1048576,
                                        "Original Hash Buckets": 1048576,
                                        "Hash Batches": 1,
                                        "Original Hash Batches": 1,
                                        "Peak Memory Usage": 55917,
                                        "Plans": [
                                          {
                                            "Node Type": "Seq Scan",
                                            "Parent Relationship": "Outer",
                                            "Parallel Aware": false,
                                            "Relation Name": "aka_name",
                                            "Alias": "an1",
                                            "Startup Cost": 0.0,
                                            "Total Cost": 20409.43,
                                            "Plan Rows": 901343,
                                            "Plan Width": 20,
                                            "Actual Startup Time": 0.018,
                                            "Actual Total Time": 113.354,
                                            "Actual Rows": 901343,
                                            "Actual Loops": 1
                                          }
                                        ]
                                      }
                                    ]
                                  },
                                  {
                                    "Node Type": "Hash",
                                    "Parent Relationship": "Inner",
                                    "Parallel Aware": false,
                                    "Startup Cost": 61282.23,
                                    "Total Cost": 61282.23,
                                    "Plan Rows": 2528423,
                                    "Plan Width": 21,
                                    "Actual Startup Time": 2221.622,
                                    "Actual Total Time": 2221.623,
                                    "Actual Rows": 2528312,
                                    "Actual Loops": 1,
                                    "Hash Buckets": 4194304,
                                    "Original Hash Buckets": 4194304,
                                    "Hash Batches": 1,
                                    "Original Hash Batches": 1,
                                    "Peak Memory Usage": 168637,
                                    "Plans": [
                                      {
                                        "Node Type": "Seq Scan",
                                        "Parent Relationship": "Outer",
                                        "Parallel Aware": false,
                                        "Relation Name": "title",
                                        "Alias": "t",
                                        "Startup Cost": 0.0,
                                        "Total Cost": 61282.23,
                                        "Plan Rows": 2528423,
                                        "Plan Width": 21,
                                        "Actual Startup Time": 0.034,
                                        "Actual Total Time": 515.025,
                                        "Actual Rows": 2528312,
                                        "Actual Loops": 1
                                      }
                                    ]
                                  }
                                ]
                              }
                            ]
                          }
                        ]
                      },
                      {
                        "Node Type": "Hash",
                        "Parent Relationship": "Inner",
                        "Parallel Aware": true,
                        "Startup Cost": 4722.92,
                        "Total Cost": 4722.92,
                        "Plan Rows": 6211,
                        "Plan Width": 4,
                        "Actual Startup Time": 39.372,
                        "Actual Total Time": 39.373,
                        "Actual Rows": 10394,
                        "Actual Loops": 1,
                        "Hash Buckets": 16384,
                        "Original Hash Buckets": 16384,
                        "Hash Batches": 1,
                        "Original Hash Batches": 1,
                        "Peak Memory Usage": 544,
                        "Plans": [
                          {
                            "Node Type": "Seq Scan",
                            "Parent Relationship": "Outer",
                            "Parallel Aware": true,
                            "Relation Name": "company_name",
                            "Alias": "cn",
                            "Startup Cost": 0.0,
                            "Total Cost": 4722.92,
                            "Plan Rows": 6211,
                            "Plan Width": 4,
                            "Actual Startup Time": 0.029,
                            "Actual Total Time": 36.308,
                            "Actual Rows": 10394,
                            "Actual Loops": 1,
                            "Filter": "((country_code)::text = '[fr]'::text)",
                            "Rows Removed by Filter": 224603
                          }
                        ]
                      }
                    ]
                  },
                  {
                    "Node Type": "Index Only Scan",
                    "Parent Relationship": "Inner",
                    "Parallel Aware": false,
                    "Scan Direction": "Forward",
                    "Index Name": "name_pkey",
                    "Relation Name": "name",
                    "Alias": "n1",
                    "Startup Cost": 0.43,
                    "Total Cost": 0.46,
                    "Plan Rows": 1,
                    "Plan Width": 4,
                    "Actual Startup Time": 0.003,
                    "Actual Total Time": 0.003,
                    "Actual Rows": 1,
                    "Actual Loops": 339290,
                    "Index Cond": "(id = ci.person_id)",
                    "Rows Removed by Index Recheck": 0,
                    "Heap Fetches": 339290
                  }
                ]
              }
            ]
          }
        ]
      }
    ]
  },
  "Planning Time": 1.968,
  "Triggers": [],
  "Execution Time": 11899.879
}