[
  {
    "Plan": {
      "Node Type": "Aggregate",
      "Strategy": "Plain",
      "Partial Mode": "Finalize",
      "Parallel Aware": false,
      "Startup Cost": 436418.78,
      "Total Cost": 436418.79,
      "Plan Rows": 1,
      "Plan Width": 8,
      "Actual Startup Time": 2537.014,
      "Actual Total Time": 2592.017,
      "Actual Rows": 1,
      "Actual Loops": 1,
      "Plans": [
        {
          "Node Type": "Gather",
          "Parent Relationship": "Outer",
          "Parallel Aware": false,
          "Startup Cost": 436418.16,
          "Total Cost": 436418.77,
          "Plan Rows": 6,
          "Plan Width": 8,
          "Actual Startup Time": 2521.19,
          "Actual Total Time": 2591.981,
          "Actual Rows": 7,
          "Actual Loops": 1,
          "Workers Planned": 6,
          "Workers Launched": 6,
          "Single Copy": false,
          "Plans": [
            {
              "Node Type": "Aggregate",
              "Strategy": "Plain",
              "Partial Mode": "Partial",
              "Parent Relationship": "Outer",
              "Parallel Aware": false,
              "Startup Cost": 435418.16,
              "Total Cost": 435418.17,
              "Plan Rows": 1,
              "Plan Width": 8,
              "Actual Startup Time": 2510.403,
              "Actual Total Time": 2510.707,
              "Actual Rows": 1,
              "Actual Loops": 7,
              "Plans": [
                {
                  "Node Type": "Hash Join",
                  "Parent Relationship": "Outer",
                  "Parallel Aware": true,
                  "Join Type": "Inner",
                  "Startup Cost": 71558.04,
                  "Total Cost": 431990.55,
                  "Plan Rows": 1371044,
                  "Plan Width": 0,
                  "Actual Startup Time": 671.142,
                  "Actual Total Time": 2341.734,
                  "Actual Rows": 3021340,
                  "Actual Loops": 7,
                  "Inner Unique": false,
                  "Hash Cond": "(ci.movie_id = t.id)",
                  "Plans": [
                    {
                      "Node Type": "Seq Scan",
                      "Parent Relationship": "Outer",
                      "Parallel Aware": true,
                      "Relation Name": "cast_info",
                      "Alias": "ci",
                      "Startup Cost": 0.0,
                      "Total Cost": 343316.27,
                      "Plan Rows": 3040945,
                      "Plan Width": 4,
                      "Actual Startup Time": 244.399,
                      "Actual Total Time": 843.465,
                      "Actual Rows": 3038973,
                      "Actual Loops": 7,
                      "Filter": "((person_id > 809890) AND (role_id > 1))",
                      "Rows Removed by Filter": 2138791
                    },
                    {
                      "Node Type": "Hash",
                      "Parent Relationship": "Inner",
                      "Parallel Aware": true,
                      "Startup Cost": 65620.71,
                      "Total Cost": 65620.71,
                      "Plan Rows": 474987,
                      "Plan Width": 8,
                      "Actual Startup Time": 423.008,
                      "Actual Total Time": 423.309,
                      "Actual Rows": 164629,
                      "Actual Loops": 7,
                      "Hash Buckets": 2097152,
                      "Original Hash Buckets": 2097152,
                      "Hash Batches": 1,
                      "Original Hash Batches": 1,
                      "Peak Memory Usage": 61568,
                      "Plans": [
                        {
                          "Node Type": "Hash Join",
                          "Parent Relationship": "Outer",
                          "Parallel Aware": true,
                          "Join Type": "Inner",
                          "Startup Cost": 50426.15,
                          "Total Cost": 65620.71,
                          "Plan Rows": 474987,
                          "Plan Width": 8,
                          "Actual Startup Time": 252.735,
                          "Actual Total Time": 348.476,
                          "Actual Rows": 164629,
                          "Actual Loops": 7,
                          "Inner Unique": true,
                          "Hash Cond": "(mi_idx.movie_id = t.id)",
                          "Plans": [
                            {
                              "Node Type": "Seq Scan",
                              "Parent Relationship": "Outer",
                              "Parallel Aware": true,
                              "Relation Name": "movie_info_idx",
                              "Alias": "mi_idx",
                              "Startup Cost": 0.0,
                              "Total Cost": 13685.15,
                              "Plan Rows": 575015,
                              "Plan Width": 4,
                              "Actual Startup Time": 0.022,
                              "Actual Total Time": 25.523,
                              "Actual Rows": 197148,
                              "Actual Loops": 7
                            },
                            {
                              "Node Type": "Hash",
                              "Parent Relationship": "Inner",
                              "Parallel Aware": true,
                              "Startup Cost": 43899.32,
                              "Total Cost": 43899.32,
                              "Plan Rows": 522146,
                              "Plan Width": 4,
                              "Actual Startup Time": 250.522,
                              "Actual Total Time": 250.524,
                              "Actual Rows": 296398,
                              "Actual Loops": 7,
                              "Hash Buckets": 2097152,
                              "Original Hash Buckets": 2097152,
                              "Hash Batches": 1,
                              "Original Hash Batches": 1,
                              "Peak Memory Usage": 97696,
                              "Plans": [
                                {
                                  "Node Type": "Seq Scan",
                                  "Parent Relationship": "Outer",
                                  "Parallel Aware": true,
                                  "Relation Name": "title",
                                  "Alias": "t",
                                  "Startup Cost": 0.0,
                                  "Total Cost": 43899.32,
                                  "Plan Rows": 522146,
                                  "Plan Width": 4,
                                  "Actual Startup Time": 0.056,
                                  "Actual Total Time": 97.517,
                                  "Actual Rows": 296398,
                                  "Actual Loops": 7,
                                  "Filter": "(production_year > 1970)",
                                  "Rows Removed by Filter": 64789
                                }
                              ]
                            }
                          ]
                        }
                      ]
                    }
                  ]
                }
              ]
            }
          ]
        }
      ]
    },
    "Planning Time": 0.611,
    "Triggers": [],
    "Execution Time": 2592.095
  }
]