[
  {
    "Plan": {
      "Node Type": "Aggregate",
      "Strategy": "Plain",
      "Partial Mode": "Finalize",
      "Parallel Aware": false,
      "Startup Cost": 436546.21,
      "Total Cost": 436546.22,
      "Plan Rows": 1,
      "Plan Width": 8,
      "Actual Startup Time": 2313.787,
      "Actual Total Time": 2379.929,
      "Actual Rows": 1,
      "Actual Loops": 1,
      "Plans": [
        {
          "Node Type": "Gather",
          "Parent Relationship": "Outer",
          "Parallel Aware": false,
          "Startup Cost": 436545.59,
          "Total Cost": 436546.2,
          "Plan Rows": 6,
          "Plan Width": 8,
          "Actual Startup Time": 2293.246,
          "Actual Total Time": 2379.915,
          "Actual Rows": 7,
          "Actual Loops": 1,
          "Workers Planned": 6,
          "Workers Launched": 6,
          "Single Copy": false,
          "Plans": [
            {
              "Node Type": "Aggregate",
              "Strategy": "Plain",
              "Partial Mode": "Partial",
              "Parent Relationship": "Outer",
              "Parallel Aware": false,
              "Startup Cost": 435545.59,
              "Total Cost": 435545.6,
              "Plan Rows": 1,
              "Plan Width": 8,
              "Actual Startup Time": 2278.055,
              "Actual Total Time": 2278.352,
              "Actual Rows": 1,
              "Actual Loops": 7,
              "Plans": [
                {
                  "Node Type": "Hash Join",
                  "Parent Relationship": "Outer",
                  "Parallel Aware": true,
                  "Join Type": "Inner",
                  "Startup Cost": 71548.41,
                  "Total Cost": 432086.49,
                  "Plan Rows": 1383637,
                  "Plan Width": 0,
                  "Actual Startup Time": 629.17,
                  "Actual Total Time": 2132.974,
                  "Actual Rows": 3021340,
                  "Actual Loops": 7,
                  "Inner Unique": false,
                  "Hash Cond": "(ci.movie_id = t.id)",
                  "Plans": [
                    {
                      "Node Type": "Seq Scan",
                      "Parent Relationship": "Outer",
                      "Parallel Aware": true,
                      "Relation Name": "cast_info",
                      "Alias": "ci",
                      "Startup Cost": 0.0,
                      "Total Cost": 343257.03,
                      "Plan Rows": 3070907,
                      "Plan Width": 4,
                      "Actual Startup Time": 227.294,
                      "Actual Total Time": 760.574,
                      "Actual Rows": 3038973,
                      "Actual Loops": 7,
                      "Filter": "((person_id > 809890) AND (role_id > 1))",
                      "Rows Removed by Filter": 2138791
                    },
                    {
                      "Node Type": "Hash",
                      "Parent Relationship": "Inner",
                      "Parallel Aware": true,
                      "Startup Cost": 65615.31,
                      "Total Cost": 65615.31,
                      "Plan Rows": 474648,
                      "Plan Width": 8,
                      "Actual Startup Time": 397.026,
                      "Actual Total Time": 397.322,
                      "Actual Rows": 164629,
                      "Actual Loops": 7,
                      "Hash Buckets": 2097152,
                      "Original Hash Buckets": 2097152,
                      "Hash Batches": 1,
                      "Original Hash Batches": 1,
                      "Peak Memory Usage": 61568,
                      "Plans": [
                        {
                          "Node Type": "Hash Join",
                          "Parent Relationship": "Outer",
                          "Parallel Aware": true,
                          "Join Type": "Inner",
                          "Startup Cost": 50420.75,
                          "Total Cost": 65615.31,
                          "Plan Rows": 474648,
                          "Plan Width": 8,
                          "Actual Startup Time": 238.672,
                          "Actual Total Time": 324.876,
                          "Actual Rows": 164629,
                          "Actual Loops": 7,
                          "Inner Unique": true,
                          "Hash Cond": "(mi_idx.movie_id = t.id)",
                          "Plans": [
                            {
                              "Node Type": "Seq Scan",
                              "Parent Relationship": "Outer",
                              "Parallel Aware": true,
                              "Relation Name": "movie_info_idx",
                              "Alias": "mi_idx",
                              "Startup Cost": 0.0,
                              "Total Cost": 13685.15,
                              "Plan Rows": 575015,
                              "Plan Width": 4,
                              "Actual Startup Time": 0.034,
                              "Actual Total Time": 21.908,
                              "Actual Rows": 197148,
                              "Actual Loops": 7
                            },
                            {
                              "Node Type": "Hash",
                              "Parent Relationship": "Inner",
                              "Parallel Aware": true,
                              "Startup Cost": 43898.92,
                              "Total Cost": 43898.92,
                              "Plan Rows": 521747,
                              "Plan Width": 4,
                              "Actual Startup Time": 236.077,
                              "Actual Total Time": 236.079,
                              "Actual Rows": 296398,
                              "Actual Loops": 7,
                              "Hash Buckets": 2097152,
                              "Original Hash Buckets": 2097152,
                              "Hash Batches": 1,
                              "Original Hash Batches": 1,
                              "Peak Memory Usage": 97664,
                              "Plans": [
                                {
                                  "Node Type": "Seq Scan",
                                  "Parent Relationship": "Outer",
                                  "Parallel Aware": true,
                                  "Relation Name": "title",
                                  "Alias": "t",
                                  "Startup Cost": 0.0,
                                  "Total Cost": 43898.92,
                                  "Plan Rows": 521747,
                                  "Plan Width": 4,
                                  "Actual Startup Time": 0.054,
                                  "Actual Total Time": 89.443,
                                  "Actual Rows": 296398,
                                  "Actual Loops": 7,
                                  "Filter": "(production_year > 1970)",
                                  "Rows Removed by Filter": 64789
                                }
                              ]
                            }
                          ]
                        }
                      ]
                    }
                  ]
                }
              ]
            }
          ]
        }
      ]
    },
    "Planning Time": 1.373,
    "Triggers": [],
    "Execution Time": 2380.035
  }
]