[
  {
    "Plan": {
      "Node Type": "Aggregate",
      "Strategy": "Plain",
      "Partial Mode": "Finalize",
      "Parallel Aware": false,
      "Startup Cost": 62626.58,
      "Total Cost": 62626.59,
      "Plan Rows": 1,
      "Plan Width": 8,
      "Actual Startup Time": 296.195,
      "Actual Total Time": 308.325,
      "Actual Rows": 1,
      "Actual Loops": 1,
      "Plans": [
        {
          "Node Type": "Gather",
          "Parent Relationship": "Outer",
          "Parallel Aware": false,
          "Startup Cost": 62626.37,
          "Total Cost": 62626.58,
          "Plan Rows": 2,
          "Plan Width": 8,
          "Actual Startup Time": 293.355,
          "Actual Total Time": 308.317,
          "Actual Rows": 3,
          "Actual Loops": 1,
          "Workers Planned": 2,
          "Workers Launched": 2,
          "Single Copy": false,
          "Plans": [
            {
              "Node Type": "Aggregate",
              "Strategy": "Plain",
              "Partial Mode": "Partial",
              "Parent Relationship": "Outer",
              "Parallel Aware": false,
              "Startup Cost": 61626.37,
              "Total Cost": 61626.38,
              "Plan Rows": 1,
              "Plan Width": 8,
              "Actual Startup Time": 286.015,
              "Actual Total Time": 286.018,
              "Actual Rows": 1,
              "Actual Loops": 3,
              "Plans": [
                {
                  "Node Type": "Hash Join",
                  "Parent Relationship": "Outer",
                  "Parallel Aware": true,
                  "Join Type": "Inner",
                  "Startup Cost": 45887.25,
                  "Total Cost": 61507.19,
                  "Plan Rows": 47672,
                  "Plan Width": 0,
                  "Actual Startup Time": 198.435,
                  "Actual Total Time": 284.13,
                  "Actual Rows": 46661,
                  "Actual Loops": 3,
                  "Inner Unique": true,
                  "Hash Cond": "(mi_idx.movie_id = t.id)",
                  "Plans": [
                    {
                      "Node Type": "Seq Scan",
                      "Parent Relationship": "Outer",
                      "Parallel Aware": true,
                      "Relation Name": "movie_info_idx",
                      "Alias": "mi_idx",
                      "Startup Cost": 0.0,
                      "Total Cost": 15122.68,
                      "Plan Rows": 189429,
                      "Plan Width": 4,
                      "Actual Startup Time": 0.025,
                      "Actual Total Time": 36.951,
                      "Actual Rows": 153308,
                      "Actual Loops": 3,
                      "Filter": "(info_type_id < 100)",
                      "Rows Removed by Filter": 306703
                    },
                    {
                      "Node Type": "Hash",
                      "Parent Relationship": "Inner",
                      "Parallel Aware": true,
                      "Startup Cost": 43898.92,
                      "Total Cost": 43898.92,
                      "Plan Rows": 159067,
                      "Plan Width": 4,
                      "Actual Startup Time": 191.785,
                      "Actual Total Time": 191.786,
                      "Actual Rows": 214324,
                      "Actual Loops": 3,
                      "Hash Buckets": 1048576,
                      "Original Hash Buckets": 1048576,
                      "Hash Batches": 1,
                      "Original Hash Batches": 1,
                      "Peak Memory Usage": 33376,
                      "Plans": [
                        {
                          "Node Type": "Seq Scan",
                          "Parent Relationship": "Outer",
                          "Parallel Aware": true,
                          "Relation Name": "title",
                          "Alias": "t",
                          "Startup Cost": 0.0,
                          "Total Cost": 43898.92,
                          "Plan Rows": 159067,
                          "Plan Width": 4,
                          "Actual Startup Time": 0.034,
                          "Actual Total Time": 118.975,
                          "Actual Rows": 214324,
                          "Actual Loops": 3,
                          "Filter": "(production_year < 1988)",
                          "Rows Removed by Filter": 628446
                        }
                      ]
                    }
                  ]
                }
              ]
            }
          ]
        }
      ]
    },
    "Planning Time": 0.441,
    "Triggers": [],
    "Execution Time": 308.42
  }
]