{
  "Plan": {
    "Node Type": "Aggregate",
    "Strategy": "Plain",
    "Partial Mode": "Finalize",
    "Parallel Aware": false,
    "Startup Cost": 235844.98,
    "Total Cost": 235844.99,
    "Plan Rows": 1,
    "Plan Width": 8,
    "Actual Startup Time": 267.082,
    "Actual Total Time": 285.621,
    "Actual Rows": 1,
    "Actual Loops": 1,
    "Plans": [
      {
        "Node Type": "Gather",
        "Parent Relationship": "Outer",
        "Parallel Aware": false,
        "Startup Cost": 235844.86,
        "Total Cost": 235844.97,
        "Plan Rows": 1,
        "Plan Width": 8,
        "Actual Startup Time": 266.673,
        "Actual Total Time": 285.615,
        "Actual Rows": 2,
        "Actual Loops": 1,
        "Workers Planned": 1,
        "Workers Launched": 1,
        "Single Copy": false,
        "Plans": [
          {
            "Node Type": "Aggregate",
            "Strategy": "Plain",
            "Partial Mode": "Partial",
            "Parent Relationship": "Outer",
            "Parallel Aware": false,
            "Startup Cost": 234844.86,
            "Total Cost": 234844.87,
            "Plan Rows": 1,
            "Plan Width": 8,
            "Actual Startup Time": 260.424,
            "Actual Total Time": 260.427,
            "Actual Rows": 1,
            "Actual Loops": 2,
            "Plans": [
              {
                "Node Type": "Nested Loop",
                "Parent Relationship": "Outer",
                "Parallel Aware": false,
                "Join Type": "Inner",
                "Startup Cost": 62009.13,
                "Total Cost": 234824.56,
                "Plan Rows": 8122,
                "Plan Width": 0,
                "Actual Startup Time": 167.146,
                "Actual Total Time": 257.384,
                "Actual Rows": 70992,
                "Actual Loops": 2,
                "Inner Unique": false,
                "Join Filter": "(t.id = mc.movie_id)",
                "Rows Removed by Join Filter": 0,
                "Plans": [
                  {
                    "Node Type": "Hash Join",
                    "Parent Relationship": "Outer",
                    "Parallel Aware": true,
                    "Join Type": "Inner",
                    "Startup Cost": 62008.7,
                    "Total Cost": 227294.36,
                    "Plan Rows": 8381,
                    "Plan Width": 8,
                    "Actual Startup Time": 167.087,
                    "Actual Total Time": 217.33,
                    "Actual Rows": 6048,
                    "Actual Loops": 2,
                    "Inner Unique": true,
                    "Hash Cond": "(mi.movie_id = t.id)",
                    "Plans": [
                      {
                        "Node Type": "Bitmap Heap Scan",
                        "Parent Relationship": "Outer",
                        "Parallel Aware": true,
                        "Relation Name": "movie_info",
                        "Alias": "mi",
                        "Startup Cost": 6704.59,
                        "Total Cost": 171418.79,
                        "Plan Rows": 217696,
                        "Plan Width": 4,
                        "Actual Startup Time": 15.415,
                        "Actual Total Time": 44.718,
                        "Actual Rows": 184109,
                        "Actual Loops": 2,
                        "Recheck Cond": "(info_type_id = 17)",
                        "Rows Removed by Index Recheck": 0,
                        "Exact Heap Blocks": 6360,
                        "Lossy Heap Blocks": 0,
                        "Plans": [
                          {
                            "Node Type": "Bitmap Index Scan",
                            "Parent Relationship": "Outer",
                            "Parallel Aware": false,
                            "Index Name": "info_type_id_movie_info",
                            "Startup Cost": 0.0,
                            "Total Cost": 6612.07,
                            "Plan Rows": 370084,
                            "Plan Width": 0,
                            "Actual Startup Time": 13.867,
                            "Actual Total Time": 13.868,
                            "Actual Rows": 368218,
                            "Actual Loops": 1,
                            "Index Cond": "(info_type_id = 17)"
                          }
                        ]
                      },
                      {
                        "Node Type": "Hash",
                        "Parent Relationship": "Inner",
                        "Parallel Aware": true,
                        "Startup Cost": 54588.39,
                        "Total Cost": 54588.39,
                        "Plan Rows": 57258,
                        "Plan Width": 4,
                        "Actual Startup Time": 148.87,
                        "Actual Total Time": 148.871,
                        "Actual Rows": 47502,
                        "Actual Loops": 2,
                        "Hash Buckets": 131072,
                        "Original Hash Buckets": 131072,
                        "Hash Batches": 1,
                        "Original Hash Batches": 1,
                        "Peak Memory Usage": 4768,
                        "Plans": [
                          {
                            "Node Type": "Seq Scan",
                            "Parent Relationship": "Outer",
                            "Parallel Aware": true,
                            "Relation Name": "title",
                            "Alias": "t",
                            "Startup Cost": 0.0,
                            "Total Cost": 54588.39,
                            "Plan Rows": 57258,
                            "Plan Width": 4,
                            "Actual Startup Time": 0.038,
                            "Actual Total Time": 135.563,
                            "Actual Rows": 47502,
                            "Actual Loops": 2,
                            "Filter": "(production_year = 2005)",
                            "Rows Removed by Filter": 1216654
                          }
                        ]
                      }
                    ]
                  },
                  {
                    "Node Type": "Index Scan",
                    "Parent Relationship": "Inner",
                    "Parallel Aware": false,
                    "Scan Direction": "Forward",
                    "Index Name": "movie_id_movie_companies",
                    "Relation Name": "movie_companies",
                    "Alias": "mc",
                    "Startup Cost": 0.43,
                    "Total Cost": 0.84,
                    "Plan Rows": 5,
                    "Plan Width": 4,
                    "Actual Startup Time": 0.003,
                    "Actual Total Time": 0.005,
                    "Actual Rows": 12,
                    "Actual Loops": 12097,
                    "Index Cond": "(movie_id = mi.movie_id)",
                    "Rows Removed by Index Recheck": 0,
                    "Filter": "(company_id > 27)",
                    "Rows Removed by Filter": 0
                  }
                ]
              }
            ]
          }
        ]
      }
    ]
  },
  "Planning Time": 1.078,
  "Triggers": [],
  "Execution Time": 285.726
}