[
  {
    "Plan": {
      "Node Type": "Aggregate",
      "Strategy": "Plain",
      "Partial Mode": "Finalize",
      "Parallel Aware": false,
      "Startup Cost": 259574.45,
      "Total Cost": 259574.46,
      "Plan Rows": 1,
      "Plan Width": 8,
      "Actual Startup Time": 399.277,
      "Actual Total Time": 421.849,
      "Actual Rows": 1,
      "Actual Loops": 1,
      "Plans": [
        {
          "Node Type": "Gather",
          "Parent Relationship": "Outer",
          "Parallel Aware": false,
          "Startup Cost": 259574.13,
          "Total Cost": 259574.44,
          "Plan Rows": 3,
          "Plan Width": 8,
          "Actual Startup Time": 397.605,
          "Actual Total Time": 421.84,
          "Actual Rows": 4,
          "Actual Loops": 1,
          "Workers Planned": 3,
          "Workers Launched": 3,
          "Single Copy": false,
          "Plans": [
            {
              "Node Type": "Aggregate",
              "Strategy": "Plain",
              "Partial Mode": "Partial",
              "Parent Relationship": "Outer",
              "Parallel Aware": false,
              "Startup Cost": 258574.13,
              "Total Cost": 258574.14,
              "Plan Rows": 1,
              "Plan Width": 8,
              "Actual Startup Time": 388.905,
              "Actual Total Time": 388.908,
              "Actual Rows": 1,
              "Actual Loops": 4,
              "Plans": [
                {
                  "Node Type": "Nested Loop",
                  "Parent Relationship": "Outer",
                  "Parallel Aware": false,
                  "Join Type": "Inner",
                  "Startup Cost": 47306.33,
                  "Total Cost": 257877.2,
                  "Plan Rows": 278774,
                  "Plan Width": 0,
                  "Actual Startup Time": 174.591,
                  "Actual Total Time": 381.699,
                  "Actual Rows": 154668,
                  "Actual Loops": 4,
                  "Inner Unique": false,
                  "Join Filter": "(t.id = mi.movie_id)",
                  "Rows Removed by Join Filter": 0,
                  "Plans": [
                    {
                      "Node Type": "Hash Join",
                      "Parent Relationship": "Outer",
                      "Parallel Aware": true,
                      "Join Type": "Inner",
                      "Startup Cost": 47305.9,
                      "Total Cost": 79532.75,
                      "Plan Rows": 71502,
                      "Plan Width": 8,
                      "Actual Startup Time": 174.512,
                      "Actual Total Time": 244.569,
                      "Actual Rows": 26228,
                      "Actual Loops": 4,
                      "Inner Unique": true,
                      "Hash Cond": "(mc.movie_id = t.id)",
                      "Plans": [
                        {
                          "Node Type": "Seq Scan",
                          "Parent Relationship": "Outer",
                          "Parallel Aware": true,
                          "Relation Name": "movie_companies",
                          "Alias": "mc",
                          "Startup Cost": 0.0,
                          "Total Cost": 31414.82,
                          "Plan Rows": 309345,
                          "Plan Width": 4,
                          "Actual Startup Time": 27.749,
                          "Actual Total Time": 59.161,
                          "Actual Rows": 162746,
                          "Actual Loops": 4,
                          "Filter": "((company_id < 41215) AND (company_type_id = 2))",
                          "Rows Removed by Filter": 489536
                        },
                        {
                          "Node Type": "Hash",
                          "Parent Relationship": "Inner",
                          "Parallel Aware": true,
                          "Startup Cost": 45479.59,
                          "Total Cost": 45479.59,
                          "Plan Rows": 146105,
                          "Plan Width": 4,
                          "Actual Startup Time": 141.417,
                          "Actual Total Time": 141.418,
                          "Actual Rows": 121592,
                          "Actual Loops": 4,
                          "Hash Buckets": 1048576,
                          "Original Hash Buckets": 1048576,
                          "Hash Batches": 1,
                          "Original Hash Batches": 1,
                          "Peak Memory Usage": 27296,
                          "Plans": [
                            {
                              "Node Type": "Seq Scan",
                              "Parent Relationship": "Outer",
                              "Parallel Aware": true,
                              "Relation Name": "title",
                              "Alias": "t",
                              "Startup Cost": 0.0,
                              "Total Cost": 45479.59,
                              "Plan Rows": 146105,
                              "Plan Width": 4,
                              "Actual Startup Time": 0.039,
                              "Actual Total Time": 95.782,
                              "Actual Rows": 121592,
                              "Actual Loops": 4,
                              "Filter": "((production_year < 1999) AND (kind_id = 7))",
                              "Rows Removed by Filter": 510486
                            }
                          ]
                        }
                      ]
                    },
                    {
                      "Node Type": "Index Scan",
                      "Parent Relationship": "Inner",
                      "Parallel Aware": false,
                      "Scan Direction": "Forward",
                      "Index Name": "movie_id_movie_info",
                      "Relation Name": "movie_info",
                      "Alias": "mi",
                      "Startup Cost": 0.43,
                      "Total Cost": 2.16,
                      "Plan Rows": 27,
                      "Plan Width": 4,
                      "Actual Startup Time": 0.002,
                      "Actual Total Time": 0.005,
                      "Actual Rows": 6,
                      "Actual Loops": 104910,
                      "Index Cond": "(movie_id = mc.movie_id)",
                      "Rows Removed by Index Recheck": 0,
                      "Filter": "(info_type_id > 4)",
                      "Rows Removed by Filter": 2
                    }
                  ]
                }
              ]
            }
          ]
        }
      ]
    },
    "Planning Time": 1.65,
    "Triggers": [],
    "Execution Time": 421.945
  }
]