[
  {
    "Plan": {
      "Node Type": "Aggregate",
      "Strategy": "Plain",
      "Partial Mode": "Finalize",
      "Parallel Aware": false,
      "Startup Cost": 33041.06,
      "Total Cost": 33041.07,
      "Plan Rows": 1,
      "Plan Width": 8,
      "Actual Startup Time": 124.541,
      "Actual Total Time": 135.087,
      "Actual Rows": 1,
      "Actual Loops": 1,
      "Plans": [
        {
          "Node Type": "Gather",
          "Parent Relationship": "Outer",
          "Parallel Aware": false,
          "Startup Cost": 33040.74,
          "Total Cost": 33041.05,
          "Plan Rows": 3,
          "Plan Width": 8,
          "Actual Startup Time": 124.421,
          "Actual Total Time": 135.075,
          "Actual Rows": 4,
          "Actual Loops": 1,
          "Workers Planned": 3,
          "Workers Launched": 3,
          "Single Copy": false,
          "Plans": [
            {
              "Node Type": "Aggregate",
              "Strategy": "Plain",
              "Partial Mode": "Partial",
              "Parent Relationship": "Outer",
              "Parallel Aware": false,
              "Startup Cost": 32040.74,
              "Total Cost": 32040.75,
              "Plan Rows": 1,
              "Plan Width": 8,
              "Actual Startup Time": 115.843,
              "Actual Total Time": 115.845,
              "Actual Rows": 1,
              "Actual Loops": 4,
              "Plans": [
                {
                  "Node Type": "Seq Scan",
                  "Parent Relationship": "Outer",
                  "Parallel Aware": true,
                  "Relation Name": "movie_companies",
                  "Alias": "mc",
                  "Startup Cost": 0.0,
                  "Total Cost": 31414.82,
                  "Plan Rows": 250368,
                  "Plan Width": 0,
                  "Actual Startup Time": 0.061,
                  "Actual Total Time": 97.4,
                  "Actual Rows": 266047,
                  "Actual Loops": 4,
                  "Filter": "((company_id < 15159) AND (company_type_id < 2))",
                  "Rows Removed by Filter": 386236
                }
              ]
            }
          ]
        }
      ]
    },
    "Planning Time": 0.197,
    "Triggers": [],
    "Execution Time": 135.144
  }
]