[
  {
    "Plan": {
      "Node Type": "Aggregate",
      "Strategy": "Plain",
      "Partial Mode": "Finalize",
      "Parallel Aware": false,
      "Startup Cost": 97888.28,
      "Total Cost": 97888.29,
      "Plan Rows": 1,
      "Plan Width": 8,
      "Actual Startup Time": 556.358,
      "Actual Total Time": 574.473,
      "Actual Rows": 1,
      "Actual Loops": 1,
      "Plans": [
        {
          "Node Type": "Gather",
          "Parent Relationship": "Outer",
          "Parallel Aware": false,
          "Startup Cost": 97888.07,
          "Total Cost": 97888.28,
          "Plan Rows": 2,
          "Plan Width": 8,
          "Actual Startup Time": 554.519,
          "Actual Total Time": 574.463,
          "Actual Rows": 3,
          "Actual Loops": 1,
          "Workers Planned": 2,
          "Workers Launched": 2,
          "Single Copy": false,
          "Plans": [
            {
              "Node Type": "Aggregate",
              "Strategy": "Plain",
              "Partial Mode": "Partial",
              "Parent Relationship": "Outer",
              "Parallel Aware": false,
              "Startup Cost": 96888.07,
              "Total Cost": 96888.08,
              "Plan Rows": 1,
              "Plan Width": 8,
              "Actual Startup Time": 546.737,
              "Actual Total Time": 546.824,
              "Actual Rows": 1,
              "Actual Loops": 3,
              "Plans": [
                {
                  "Node Type": "Hash Join",
                  "Parent Relationship": "Outer",
                  "Parallel Aware": true,
                  "Join Type": "Inner",
                  "Startup Cost": 80527.73,
                  "Total Cost": 96628.62,
                  "Plan Rows": 103777,
                  "Plan Width": 0,
                  "Actual Startup Time": 433.046,
                  "Actual Total Time": 541.377,
                  "Actual Rows": 113961,
                  "Actual Loops": 3,
                  "Inner Unique": false,
                  "Hash Cond": "(mi_idx.movie_id = t.id)",
                  "Plans": [
                    {
                      "Node Type": "Seq Scan",
                      "Parent Relationship": "Outer",
                      "Parallel Aware": true,
                      "Relation Name": "movie_info_idx",
                      "Alias": "mi_idx",
                      "Startup Cost": 0.0,
                      "Total Cost": 13685.15,
                      "Plan Rows": 575015,
                      "Plan Width": 4,
                      "Actual Startup Time": 0.031,
                      "Actual Total Time": 39.048,
                      "Actual Rows": 460012,
                      "Actual Loops": 3
                    },
                    {
                      "Node Type": "Hash",
                      "Parent Relationship": "Inner",
                      "Parallel Aware": true,
                      "Startup Cost": 79101.81,
                      "Total Cost": 79101.81,
                      "Plan Rows": 114074,
                      "Plan Width": 8,
                      "Actual Startup Time": 428.865,
                      "Actual Total Time": 428.951,
                      "Actual Rows": 87148,
                      "Actual Loops": 3,
                      "Hash Buckets": 524288,
                      "Original Hash Buckets": 524288,
                      "Hash Batches": 1,
                      "Original Hash Batches": 1,
                      "Peak Memory Usage": 14368,
                      "Plans": [
                        {
                          "Node Type": "Hash Join",
                          "Parent Relationship": "Outer",
                          "Parallel Aware": true,
                          "Join Type": "Inner",
                          "Startup Cost": 33254.73,
                          "Total Cost": 79101.81,
                          "Plan Rows": 114074,
                          "Plan Width": 8,
                          "Actual Startup Time": 127.788,
                          "Actual Total Time": 400.794,
                          "Actual Rows": 87148,
                          "Actual Loops": 3,
                          "Inner Unique": false,
                          "Hash Cond": "(t.id = mc.movie_id)",
                          "Plans": [
                            {
                              "Node Type": "Seq Scan",
                              "Parent Relationship": "Outer",
                              "Parallel Aware": true,
                              "Relation Name": "title",
                              "Alias": "t",
                              "Startup Cost": 0.0,
                              "Total Cost": 42318.73,
                              "Plan Rows": 632073,
                              "Plan Width": 4,
                              "Actual Startup Time": 0.012,
                              "Actual Total Time": 97.333,
                              "Actual Rows": 842771,
                              "Actual Loops": 3
                            },
                            {
                              "Node Type": "Hash",
                              "Parent Relationship": "Inner",
                              "Parallel Aware": true,
                              "Startup Cost": 31414.82,
                              "Total Cost": 31414.82,
                              "Plan Rows": 147193,
                              "Plan Width": 4,
                              "Actual Startup Time": 125.37,
                              "Actual Total Time": 125.371,
                              "Actual Rows": 87148,
                              "Actual Loops": 3,
                              "Hash Buckets": 524288,
                              "Original Hash Buckets": 524288,
                              "Hash Batches": 1,
                              "Original Hash Batches": 1,
                              "Peak Memory Usage": 14400,
                              "Plans": [
                                {
                                  "Node Type": "Seq Scan",
                                  "Parent Relationship": "Outer",
                                  "Parallel Aware": true,
                                  "Relation Name": "movie_companies",
                                  "Alias": "mc",
                                  "Startup Cost": 0.0,
                                  "Total Cost": 31414.82,
                                  "Plan Rows": 147193,
                                  "Plan Width": 4,
                                  "Actual Startup Time": 55.614,
                                  "Actual Total Time": 97.055,
                                  "Actual Rows": 87148,
                                  "Actual Loops": 3,
                                  "Filter": "((company_id < 2809) AND (company_type_id > 1))",
                                  "Rows Removed by Filter": 782562
                                }
                              ]
                            }
                          ]
                        }
                      ]
                    }
                  ]
                }
              ]
            }
          ]
        }
      ]
    },
    "Planning Time": 1.442,
    "Triggers": [],
    "Execution Time": 574.564
  }
]