[
  {
    "Plan": {
      "Node Type": "Aggregate",
      "Strategy": "Plain",
      "Partial Mode": "Finalize",
      "Parallel Aware": false,
      "Startup Cost": 47298.56,
      "Total Cost": 47298.57,
      "Plan Rows": 1,
      "Plan Width": 8,
      "Actual Startup Time": 205.686,
      "Actual Total Time": 217.425,
      "Actual Rows": 1,
      "Actual Loops": 1,
      "Plans": [
        {
          "Node Type": "Gather",
          "Parent Relationship": "Outer",
          "Parallel Aware": false,
          "Startup Cost": 47298.25,
          "Total Cost": 47298.56,
          "Plan Rows": 3,
          "Plan Width": 8,
          "Actual Startup Time": 205.527,
          "Actual Total Time": 217.416,
          "Actual Rows": 4,
          "Actual Loops": 1,
          "Workers Planned": 3,
          "Workers Launched": 3,
          "Single Copy": false,
          "Plans": [
            {
              "Node Type": "Aggregate",
              "Strategy": "Plain",
              "Partial Mode": "Partial",
              "Parent Relationship": "Outer",
              "Parallel Aware": false,
              "Startup Cost": 46298.25,
              "Total Cost": 46298.26,
              "Plan Rows": 1,
              "Plan Width": 8,
              "Actual Startup Time": 198.971,
              "Actual Total Time": 198.972,
              "Actual Rows": 1,
              "Actual Loops": 4,
              "Plans": [
                {
                  "Node Type": "Seq Scan",
                  "Parent Relationship": "Outer",
                  "Parallel Aware": true,
                  "Relation Name": "movie_keyword",
                  "Alias": "mk",
                  "Startup Cost": 0.0,
                  "Total Cost": 42695.65,
                  "Plan Rows": 1441037,
                  "Plan Width": 0,
                  "Actual Startup Time": 0.056,
                  "Actual Total Time": 140.634,
                  "Actual Rows": 1116931,
                  "Actual Loops": 4,
                  "Filter": "(keyword_id < 96768)",
                  "Rows Removed by Filter": 14051
                }
              ]
            }
          ]
        }
      ]
    },
    "Planning Time": 0.136,
    "Triggers": [],
    "Execution Time": 217.455
  }
]