[
  {
    "Plan": {
      "Node Type": "Aggregate",
      "Strategy": "Plain",
      "Partial Mode": "Finalize",
      "Parallel Aware": false,
      "Startup Cost": 449027.41,
      "Total Cost": 449027.42,
      "Plan Rows": 1,
      "Plan Width": 64,
      "Actual Startup Time": 965.949,
      "Actual Total Time": 1047.603,
      "Actual Rows": 1,
      "Actual Loops": 1,
      "Plans": [
        {
          "Node Type": "Gather",
          "Parent Relationship": "Outer",
          "Parallel Aware": false,
          "Startup Cost": 449026.98,
          "Total Cost": 449027.39,
          "Plan Rows": 4,
          "Plan Width": 64,
          "Actual Startup Time": 965.616,
          "Actual Total Time": 1047.588,
          "Actual Rows": 5,
          "Actual Loops": 1,
          "Workers Planned": 4,
          "Workers Launched": 4,
          "Single Copy": false,
          "Plans": [
            {
              "Node Type": "Aggregate",
              "Strategy": "Plain",
              "Partial Mode": "Partial",
              "Parent Relationship": "Outer",
              "Parallel Aware": false,
              "Startup Cost": 448026.98,
              "Total Cost": 448026.99,
              "Plan Rows": 1,
              "Plan Width": 64,
              "Actual Startup Time": 953.254,
              "Actual Total Time": 953.265,
              "Actual Rows": 1,
              "Actual Loops": 5,
              "Plans": [
                {
                  "Node Type": "Hash Join",
                  "Parent Relationship": "Outer",
                  "Parallel Aware": false,
                  "Join Type": "Inner",
                  "Startup Cost": 396857.93,
                  "Total Cost": 448026.96,
                  "Plan Rows": 4,
                  "Plan Width": 33,
                  "Actual Startup Time": 953.248,
                  "Actual Total Time": 953.258,
                  "Actual Rows": 0,
                  "Actual Loops": 5,
                  "Inner Unique": true,
                  "Hash Cond": "(mc.company_type_id = ct.id)",
                  "Plans": [
                    {
                      "Node Type": "Hash Join",
                      "Parent Relationship": "Outer",
                      "Parallel Aware": true,
                      "Join Type": "Inner",
                      "Startup Cost": 396856.84,
                      "Total Cost": 448025.85,
                      "Plan Rows": 4,
                      "Plan Width": 37,
                      "Actual Startup Time": 952.798,
                      "Actual Total Time": 952.806,
                      "Actual Rows": 0,
                      "Actual Loops": 5,
                      "Inner Unique": false,
                      "Hash Cond": "(chn.id = ci.person_role_id)",
                      "Plans": [
                        {
                          "Node Type": "Seq Scan",
                          "Parent Relationship": "Outer",
                          "Parallel Aware": true,
                          "Relation Name": "char_name",
                          "Alias": "chn",
                          "Startup Cost": 0.0,
                          "Total Cost": 44299.2,
                          "Plan Rows": 785120,
                          "Plan Width": 20,
                          "Actual Startup Time": 0.0,
                          "Actual Total Time": 0.0,
                          "Actual Rows": 0,
                          "Actual Loops": 0
                        },
                        {
                          "Node Type": "Hash",
                          "Parent Relationship": "Inner",
                          "Parallel Aware": true,
                          "Startup Cost": 396856.78,
                          "Total Cost": 396856.78,
                          "Plan Rows": 5,
                          "Plan Width": 25,
                          "Actual Startup Time": 952.3,
                          "Actual Total Time": 952.307,
                          "Actual Rows": 0,
                          "Actual Loops": 5,
                          "Hash Buckets": 1024,
                          "Original Hash Buckets": 1024,
                          "Hash Batches": 1,
                          "Original Hash Batches": 1,
                          "Peak Memory Usage": 0,
                          "Plans": [
                            {
                              "Node Type": "Hash Join",
                              "Parent Relationship": "Outer",
                              "Parallel Aware": true,
                              "Join Type": "Inner",
                              "Startup Cost": 367423.05,
                              "Total Cost": 396856.78,
                              "Plan Rows": 5,
                              "Plan Width": 25,
                              "Actual Startup Time": 952.072,
                              "Actual Total Time": 952.079,
                              "Actual Rows": 0,
                              "Actual Loops": 5,
                              "Inner Unique": false,
                              "Hash Cond": "(mc.movie_id = t.id)",
                              "Plans": [
                                {
                                  "Node Type": "Hash Join",
                                  "Parent Relationship": "Outer",
                                  "Parallel Aware": true,
                                  "Join Type": "Inner",
                                  "Startup Cost": 4732.66,
                                  "Total Cost": 34148.59,
                                  "Plan Rows": 4742,
                                  "Plan Width": 8,
                                  "Actual Startup Time": 0.0,
                                  "Actual Total Time": 0.0,
                                  "Actual Rows": 0,
                                  "Actual Loops": 0,
                                  "Inner Unique": true,
                                  "Hash Cond": "(mc.company_id = cn.id)",
                                  "Plans": [
                                    {
                                      "Node Type": "Seq Scan",
                                      "Parent Relationship": "Outer",
                                      "Parallel Aware": true,
                                      "Relation Name": "movie_companies",
                                      "Alias": "mc",
                                      "Startup Cost": 0.0,
                                      "Total Cost": 27206.55,
                                      "Plan Rows": 841655,
                                      "Plan Width": 12,
                                      "Actual Startup Time": 0.0,
                                      "Actual Total Time": 0.0,
                                      "Actual Rows": 0,
                                      "Actual Loops": 0
                                    },
                                    {
                                      "Node Type": "Hash",
                                      "Parent Relationship": "Inner",
                                      "Parallel Aware": true,
                                      "Startup Cost": 4722.92,
                                      "Total Cost": 4722.92,
                                      "Plan Rows": 779,
                                      "Plan Width": 4,
                                      "Actual Startup Time": 0.0,
                                      "Actual Total Time": 0.0,
                                      "Actual Rows": 0,
                                      "Actual Loops": 0,
                                      "Plans": [
                                        {
                                          "Node Type": "Seq Scan",
                                          "Parent Relationship": "Outer",
                                          "Parallel Aware": true,
                                          "Relation Name": "company_name",
                                          "Alias": "cn",
                                          "Startup Cost": 0.0,
                                          "Total Cost": 4722.92,
                                          "Plan Rows": 779,
                                          "Plan Width": 4,
                                          "Actual Startup Time": 0.0,
                                          "Actual Total Time": 0.0,
                                          "Actual Rows": 0,
                                          "Actual Loops": 0,
                                          "Filter": "((country_code)::text = '[ru]'::text)",
                                          "Rows Removed by Filter": 0
                                        }
                                      ]
                                    }
                                  ]
                                },
                                {
                                  "Node Type": "Hash",
                                  "Parent Relationship": "Inner",
                                  "Parallel Aware": true,
                                  "Startup Cost": 362688.14,
                                  "Total Cost": 362688.14,
                                  "Plan Rows": 180,
                                  "Plan Width": 29,
                                  "Actual Startup Time": 952.03,
                                  "Actual Total Time": 952.035,
                                  "Actual Rows": 0,
                                  "Actual Loops": 5,
                                  "Hash Buckets": 2048,
                                  "Original Hash Buckets": 2048,
                                  "Hash Batches": 1,
                                  "Original Hash Batches": 1,
                                  "Peak Memory Usage": 0,
                                  "Plans": [
                                    {
                                      "Node Type": "Hash Join",
                                      "Parent Relationship": "Outer",
                                      "Parallel Aware": false,
                                      "Join Type": "Inner",
                                      "Startup Cost": 33756.12,
                                      "Total Cost": 362688.14,
                                      "Plan Rows": 180,
                                      "Plan Width": 29,
                                      "Actual Startup Time": 951.907,
                                      "Actual Total Time": 951.911,
                                      "Actual Rows": 0,
                                      "Actual Loops": 5,
                                      "Inner Unique": true,
                                      "Hash Cond": "(ci.role_id = rt.id)",
                                      "Plans": [
                                        {
                                          "Node Type": "Hash Join",
                                          "Parent Relationship": "Outer",
                                          "Parallel Aware": true,
                                          "Join Type": "Inner",
                                          "Startup Cost": 33754.95,
                                          "Total Cost": 362679.3,
                                          "Plan Rows": 2165,
                                          "Plan Width": 33,
                                          "Actual Startup Time": 453.263,
                                          "Actual Total Time": 951.679,
                                          "Actual Rows": 1076,
                                          "Actual Loops": 5,
                                          "Inner Unique": true,
                                          "Hash Cond": "(ci.movie_id = t.id)",
                                          "Plans": [
                                            {
                                              "Node Type": "Seq Scan",
                                              "Parent Relationship": "Outer",
                                              "Parallel Aware": true,
                                              "Relation Name": "cast_info",
                                              "Alias": "ci",
                                              "Startup Cost": 0.0,
                                              "Total Cost": 328289.28,
                                              "Plan Rows": 241927,
                                              "Plan Width": 12,
                                              "Actual Startup Time": 175.782,
                                              "Actual Total Time": 878.581,
                                              "Actual Rows": 287088,
                                              "Actual Loops": 5,
                                              "Filter": "(note ~~ '%(producer)%'::text)",
                                              "Rows Removed by Filter": 6961781
                                            },
                                            {
                                              "Node Type": "Hash",
                                              "Parent Relationship": "Inner",
                                              "Parallel Aware": true,
                                              "Startup Cost": 33663.74,
                                              "Total Cost": 33663.74,
                                              "Plan Rows": 7297,
                                              "Plan Width": 21,
                                              "Actual Startup Time": 33.5,
                                              "Actual Total Time": 33.501,
                                              "Actual Rows": 4902,
                                              "Actual Loops": 5,
                                              "Hash Buckets": 32768,
                                              "Original Hash Buckets": 32768,
                                              "Hash Batches": 1,
                                              "Original Hash Batches": 1,
                                              "Peak Memory Usage": 1920,
                                              "Plans": [
                                                {
                                                  "Node Type": "Bitmap Heap Scan",
                                                  "Parent Relationship": "Outer",
                                                  "Parallel Aware": true,
                                                  "Relation Name": "title",
                                                  "Alias": "t",
                                                  "Startup Cost": 427.75,
                                                  "Total Cost": 33663.74,
                                                  "Plan Rows": 7297,
                                                  "Plan Width": 21,
                                                  "Actual Startup Time": 2.023,
                                                  "Actual Total Time": 30.209,
                                                  "Actual Rows": 4902,
                                                  "Actual Loops": 5,
                                                  "Recheck Cond": "(production_year < 1910)",
                                                  "Rows Removed by Index Recheck": 0,
                                                  "Exact Heap Blocks": 4591,
                                                  "Lossy Heap Blocks": 0,
                                                  "Plans": [
                                                    {
                                                      "Node Type": "Bitmap Index Scan",
                                                      "Parent Relationship": "Outer",
                                                      "Parallel Aware": false,
                                                      "Index Name": "idx_title_production_year",
                                                      "Startup Cost": 0.0,
                                                      "Total Cost": 422.09,
                                                      "Plan Rows": 22622,
                                                      "Plan Width": 0,
                                                      "Actual Startup Time": 6.355,
                                                      "Actual Total Time": 6.355,
                                                      "Actual Rows": 24508,
                                                      "Actual Loops": 1,
                                                      "Index Cond": "(production_year < 1910)"
                                                    }
                                                  ]
                                                }
                                              ]
                                            }
                                          ]
                                        },
                                        {
                                          "Node Type": "Hash",
                                          "Parent Relationship": "Inner",
                                          "Parallel Aware": false,
                                          "Startup Cost": 1.15,
                                          "Total Cost": 1.15,
                                          "Plan Rows": 1,
                                          "Plan Width": 4,
                                          "Actual Startup Time": 0.075,
                                          "Actual Total Time": 0.075,
                                          "Actual Rows": 1,
                                          "Actual Loops": 5,
                                          "Hash Buckets": 1024,
                                          "Original Hash Buckets": 1024,
                                          "Hash Batches": 1,
                                          "Original Hash Batches": 1,
                                          "Peak Memory Usage": 9,
                                          "Plans": [
                                            {
                                              "Node Type": "Seq Scan",
                                              "Parent Relationship": "Outer",
                                              "Parallel Aware": false,
                                              "Relation Name": "role_type",
                                              "Alias": "rt",
                                              "Startup Cost": 0.0,
                                              "Total Cost": 1.15,
                                              "Plan Rows": 1,
                                              "Plan Width": 4,
                                              "Actual Startup Time": 0.052,
                                              "Actual Total Time": 0.058,
                                              "Actual Rows": 1,
                                              "Actual Loops": 5,
                                              "Filter": "((role)::text = 'actor'::text)",
                                              "Rows Removed by Filter": 11
                                            }
                                          ]
                                        }
                                      ]
                                    }
                                  ]
                                }
                              ]
                            }
                          ]
                        }
                      ]
                    },
                    {
                      "Node Type": "Hash",
                      "Parent Relationship": "Inner",
                      "Parallel Aware": false,
                      "Startup Cost": 1.04,
                      "Total Cost": 1.04,
                      "Plan Rows": 4,
                      "Plan Width": 4,
                      "Actual Startup Time": 0.096,
                      "Actual Total Time": 0.097,
                      "Actual Rows": 4,
                      "Actual Loops": 5,
                      "Hash Buckets": 1024,
                      "Original Hash Buckets": 1024,
                      "Hash Batches": 1,
                      "Original Hash Batches": 1,
                      "Peak Memory Usage": 9,
                      "Plans": [
                        {
                          "Node Type": "Seq Scan",
                          "Parent Relationship": "Outer",
                          "Parallel Aware": false,
                          "Relation Name": "company_type",
                          "Alias": "ct",
                          "Startup Cost": 0.0,
                          "Total Cost": 1.04,
                          "Plan Rows": 4,
                          "Plan Width": 4,
                          "Actual Startup Time": 0.055,
                          "Actual Total Time": 0.06,
                          "Actual Rows": 4,
                          "Actual Loops": 5
                        }
                      ]
                    }
                  ]
                }
              ]
            }
          ]
        }
      ]
    },
    "Planning Time": 9.43,
    "Triggers": [],
    "Execution Time": 1048.377
  }
]