[
  {
    "Plan": {
      "Node Type": "Aggregate",
      "Strategy": "Plain",
      "Partial Mode": "Finalize",
      "Parallel Aware": false,
      "Startup Cost": 388316.11,
      "Total Cost": 388316.12,
      "Plan Rows": 1,
      "Plan Width": 8,
      "Actual Startup Time": 1675.81,
      "Actual Total Time": 1747.641,
      "Actual Rows": 1,
      "Actual Loops": 1,
      "Plans": [
        {
          "Node Type": "Gather",
          "Parent Relationship": "Outer",
          "Parallel Aware": false,
          "Startup Cost": 388315.48,
          "Total Cost": 388316.09,
          "Plan Rows": 6,
          "Plan Width": 8,
          "Actual Startup Time": 1672.155,
          "Actual Total Time": 1747.631,
          "Actual Rows": 7,
          "Actual Loops": 1,
          "Workers Planned": 6,
          "Workers Launched": 6,
          "Single Copy": false,
          "Plans": [
            {
              "Node Type": "Aggregate",
              "Strategy": "Plain",
              "Partial Mode": "Partial",
              "Parent Relationship": "Outer",
              "Parallel Aware": false,
              "Startup Cost": 387315.48,
              "Total Cost": 387315.49,
              "Plan Rows": 1,
              "Plan Width": 8,
              "Actual Startup Time": 1661.533,
              "Actual Total Time": 1661.536,
              "Actual Rows": 1,
              "Actual Loops": 7,
              "Plans": [
                {
                  "Node Type": "Hash Join",
                  "Parent Relationship": "Outer",
                  "Parallel Aware": true,
                  "Join Type": "Inner",
                  "Startup Cost": 46210.4,
                  "Total Cost": 386266.97,
                  "Plan Rows": 419404,
                  "Plan Width": 0,
                  "Actual Startup Time": 227.212,
                  "Actual Total Time": 1634.09,
                  "Actual Rows": 435300,
                  "Actual Loops": 7,
                  "Inner Unique": true,
                  "Hash Cond": "(ci.movie_id = t.id)",
                  "Plans": [
                    {
                      "Node Type": "Seq Scan",
                      "Parent Relationship": "Outer",
                      "Parallel Aware": true,
                      "Relation Name": "cast_info",
                      "Alias": "ci",
                      "Startup Cost": 0.0,
                      "Total Cost": 328162.03,
                      "Plan Rows": 4531248,
                      "Plan Width": 4,
                      "Actual Startup Time": 109.486,
                      "Actual Total Time": 755.112,
                      "Actual Rows": 3864682,
                      "Actual Loops": 7,
                      "Filter": "(person_id > 903621)",
                      "Rows Removed by Filter": 1313081
                    },
                    {
                      "Node Type": "Hash",
                      "Parent Relationship": "Inner",
                      "Parallel Aware": true,
                      "Startup Cost": 45479.1,
                      "Total Cost": 45479.1,
                      "Plan Rows": 58504,
                      "Plan Width": 4,
                      "Actual Startup Time": 115.939,
                      "Actual Total Time": 115.94,
                      "Actual Rows": 49949,
                      "Actual Loops": 7,
                      "Hash Buckets": 524288,
                      "Original Hash Buckets": 262144,
                      "Hash Batches": 1,
                      "Original Hash Batches": 1,
                      "Peak Memory Usage": 19968,
                      "Plans": [
                        {
                          "Node Type": "Seq Scan",
                          "Parent Relationship": "Outer",
                          "Parallel Aware": true,
                          "Relation Name": "title",
                          "Alias": "t",
                          "Startup Cost": 0.0,
                          "Total Cost": 45479.1,
                          "Plan Rows": 58504,
                          "Plan Width": 4,
                          "Actual Startup Time": 0.067,
                          "Actual Total Time": 84.551,
                          "Actual Rows": 49949,
                          "Actual Loops": 7,
                          "Filter": "((kind_id < 7) AND (production_year < 1986))",
                          "Rows Removed by Filter": 311238
                        }
                      ]
                    }
                  ]
                }
              ]
            }
          ]
        }
      ]
    },
    "Planning Time": 0.655,
    "Triggers": [],
    "Execution Time": 1747.727
  }
]