[
  {
    "Plan": {
      "Node Type": "Aggregate",
      "Strategy": "Plain",
      "Partial Mode": "Simple",
      "Parallel Aware": false,
      "Startup Cost": 28940.47,
      "Total Cost": 28940.48,
      "Plan Rows": 1,
      "Plan Width": 8,
      "Actual Startup Time": 68.934,
      "Actual Total Time": 68.936,
      "Actual Rows": 1,
      "Actual Loops": 1,
      "Plans": [
        {
          "Node Type": "Bitmap Heap Scan",
          "Parent Relationship": "Outer",
          "Parallel Aware": false,
          "Relation Name": "movie_keyword",
          "Alias": "mk",
          "Startup Cost": 2628.43,
          "Total Cost": 28630.8,
          "Plan Rows": 123870,
          "Plan Width": 0,
          "Actual Startup Time": 21.167,
          "Actual Total Time": 63.634,
          "Actual Rows": 120641,
          "Actual Loops": 1,
          "Recheck Cond": "(keyword_id > 77913)",
          "Rows Removed by Index Recheck": 0,
          "Exact Heap Blocks": 18306,
          "Lossy Heap Blocks": 0,
          "Plans": [
            {
              "Node Type": "Bitmap Index Scan",
              "Parent Relationship": "Outer",
              "Parallel Aware": false,
              "Index Name": "keyword_id_movie_keyword",
              "Startup Cost": 0.0,
              "Total Cost": 2597.46,
              "Plan Rows": 123870,
              "Plan Width": 0,
              "Actual Startup Time": 16.143,
              "Actual Total Time": 16.144,
              "Actual Rows": 120641,
              "Actual Loops": 1,
              "Index Cond": "(keyword_id > 77913)"
            }
          ]
        }
      ]
    },
    "Planning Time": 0.139,
    "Triggers": [],
    "Execution Time": 68.986
  }
]