{
    "Plan": {
        "Node Type": "Aggregate",
        "Strategy": "Plain",
        "Partial Mode": "Finalize",
        "Parallel Aware": false,
        "Startup Cost": 124994.38,
        "Total Cost": 124994.39,
        "Plan Rows": 1,
        "Plan Width": 8,
        "Actual Startup Time": 666.383,
        "Actual Total Time": 685.063,
        "Actual Rows": 1,
        "Actual Loops": 1,
        "Output": [
            "count(*)"
        ],
        "Plans": [
            {
                "Node Type": "Gather",
                "Parent Relationship": "Outer",
                "Parallel Aware": false,
                "Startup Cost": 124994.06,
                "Total Cost": 124994.37,
                "Plan Rows": 3,
                "Plan Width": 8,
                "Actual Startup Time": 659.13,
                "Actual Total Time": 685.034,
                "Actual Rows": 4,
                "Actual Loops": 1,
                "Output": [
                    "(PARTIAL count(*))"
                ],
                "Workers Planned": 3,
                "Workers Launched": 3,
                "Single Copy": false,
                "Plans": [
                    {
                        "Node Type": "Aggregate",
                        "Strategy": "Plain",
                        "Partial Mode": "Partial",
                        "Parent Relationship": "Outer",
                        "Parallel Aware": false,
                        "Startup Cost": 123994.06,
                        "Total Cost": 123994.07,
                        "Plan Rows": 1,
                        "Plan Width": 8,
                        "Actual Startup Time": 647.288,
                        "Actual Total Time": 647.292,
                        "Actual Rows": 1,
                        "Actual Loops": 4,
                        "Output": [
                            "PARTIAL count(*)"
                        ],
                        "Workers": [
                            {
                                "Worker Number": 0,
                                "Actual Startup Time": 643.263,
                                "Actual Total Time": 643.267,
                                "Actual Rows": 1,
                                "Actual Loops": 1
                            },
                            {
                                "Worker Number": 1,
                                "Actual Startup Time": 644.252,
                                "Actual Total Time": 644.257,
                                "Actual Rows": 1,
                                "Actual Loops": 1
                            },
                            {
                                "Worker Number": 2,
                                "Actual Startup Time": 643.694,
                                "Actual Total Time": 643.697,
                                "Actual Rows": 1,
                                "Actual Loops": 1
                            }
                        ],
                        "Plans": [
                            {
                                "Node Type": "Hash Join",
                                "Parent Relationship": "Outer",
                                "Parallel Aware": true,
                                "Join Type": "Inner",
                                "Startup Cost": 98086.08,
                                "Total Cost": 123366.28,
                                "Plan Rows": 251113,
                                "Plan Width": 0,
                                "Actual Startup Time": 465.44,
                                "Actual Total Time": 640.999,
                                "Actual Rows": 97408,
                                "Actual Loops": 4,
                                "Inner Unique": true,
                                "Hash Cond": "(mc.movie_id = t.id)",
                                "Workers": [
                                    {
                                        "Worker Number": 0,
                                        "Actual Startup Time": 461.709,
                                        "Actual Total Time": 637.016,
                                        "Actual Rows": 81333,
                                        "Actual Loops": 1
                                    },
                                    {
                                        "Worker Number": 1,
                                        "Actual Startup Time": 461.738,
                                        "Actual Total Time": 638.068,
                                        "Actual Rows": 78563,
                                        "Actual Loops": 1
                                    },
                                    {
                                        "Worker Number": 2,
                                        "Actual Startup Time": 461.844,
                                        "Actual Total Time": 637.858,
                                        "Actual Rows": 143202,
                                        "Actual Loops": 1
                                    }
                                ],
                                "Plans": [
                                    {
                                        "Node Type": "Bitmap Heap Scan",
                                        "Parent Relationship": "Outer",
                                        "Parallel Aware": true,
                                        "Relation Name": "movie_companies",
                                        "Schema": "public",
                                        "Alias": "mc",
                                        "Startup Cost": 24025.64,
                                        "Total Cost": 48179.44,
                                        "Plan Rows": 429104,
                                        "Plan Width": 4,
                                        "Actual Startup Time": 73.437,
                                        "Actual Total Time": 127.42,
                                        "Actual Rows": 333721,
                                        "Actual Loops": 4,
                                        "Output": [
                                            "mc.id",
                                            "mc.movie_id",
                                            "mc.company_id",
                                            "mc.company_type_id",
                                            "mc.note"
                                        ],
                                        "Recheck Cond": "(mc.company_type_id > 1)",
                                        "Rows Removed by Index Recheck": 0,
                                        "Exact Heap Blocks": 1588,
                                        "Lossy Heap Blocks": 0,
                                        "Workers": [
                                            {
                                                "Worker Number": 0,
                                                "Actual Startup Time": 73.463,
                                                "Actual Total Time": 127.108,
                                                "Actual Rows": 297222,
                                                "Actual Loops": 1
                                            },
                                            {
                                                "Worker Number": 1,
                                                "Actual Startup Time": 73.492,
                                                "Actual Total Time": 126.901,
                                                "Actual Rows": 293959,
                                                "Actual Loops": 1
                                            },
                                            {
                                                "Worker Number": 2,
                                                "Actual Startup Time": 73.211,
                                                "Actual Total Time": 125.85,
                                                "Actual Rows": 465114,
                                                "Actual Loops": 1
                                            }
                                        ],
                                        "Plans": [
                                            {
                                                "Node Type": "Bitmap Index Scan",
                                                "Parent Relationship": "Outer",
                                                "Parallel Aware": false,
                                                "Index Name": "company_type_id_movie_companies",
                                                "Startup Cost": 0.0,
                                                "Total Cost": 23693.09,
                                                "Plan Rows": 1330221,
                                                "Plan Width": 0,
                                                "Actual Startup Time": 72.16,
                                                "Actual Total Time": 72.16,
                                                "Actual Rows": 1334883,
                                                "Actual Loops": 1,
                                                "Index Cond": "(mc.company_type_id > 1)",
                                                "Workers": [
                                                    {
                                                        "Worker Number": 2,
                                                        "Actual Startup Time": 72.16,
                                                        "Actual Total Time": 72.16,
                                                        "Actual Rows": 1334883,
                                                        "Actual Loops": 1
                                                    }
                                                ]
                                            }
                                        ]
                                    },
                                    {
                                        "Node Type": "Hash",
                                        "Parent Relationship": "Inner",
                                        "Parallel Aware": true,
                                        "Startup Cost": 69436.74,
                                        "Total Cost": 69436.74,
                                        "Plan Rows": 369896,
                                        "Plan Width": 4,
                                        "Actual Startup Time": 385.437,
                                        "Actual Total Time": 385.439,
                                        "Actual Rows": 369610,
                                        "Actual Loops": 4,
                                        "Output": [
                                            "t.id"
                                        ],
                                        "Hash Buckets": 2097152,
                                        "Original Hash Buckets": 2097152,
                                        "Hash Batches": 1,
                                        "Original Hash Batches": 1,
                                        "Peak Memory Usage": 74272,
                                        "Workers": [
                                            {
                                                "Worker Number": 0,
                                                "Actual Startup Time": 387.727,
                                                "Actual Total Time": 387.728,
                                                "Actual Rows": 323658,
                                                "Actual Loops": 1
                                            },
                                            {
                                                "Worker Number": 1,
                                                "Actual Startup Time": 387.71,
                                                "Actual Total Time": 387.711,
                                                "Actual Rows": 322778,
                                                "Actual Loops": 1
                                            },
                                            {
                                                "Worker Number": 2,
                                                "Actual Startup Time": 388.266,
                                                "Actual Total Time": 388.267,
                                                "Actual Rows": 460875,
                                                "Actual Loops": 1
                                            }
                                        ],
                                        "Plans": [
                                            {
                                                "Node Type": "Bitmap Heap Scan",
                                                "Parent Relationship": "Outer",
                                                "Parallel Aware": true,
                                                "Relation Name": "title",
                                                "Schema": "public",
                                                "Alias": "t",
                                                "Startup Cost": 27690.6,
                                                "Total Cost": 69436.74,
                                                "Plan Rows": 369896,
                                                "Plan Width": 4,
                                                "Actual Startup Time": 86.488,
                                                "Actual Total Time": 220.74,
                                                "Actual Rows": 369610,
                                                "Actual Loops": 4,
                                                "Output": [
                                                    "t.id"
                                                ],
                                                "Recheck Cond": "(t.kind_id = 7)",
                                                "Rows Removed by Index Recheck": 0,
                                                "Filter": "(t.production_year > 1903)",
                                                "Rows Removed by Filter": 16206,
                                                "Exact Heap Blocks": 6189,
                                                "Lossy Heap Blocks": 0,
                                                "Workers": [
                                                    {
                                                        "Worker Number": 0,
                                                        "Actual Startup Time": 86.611,
                                                        "Actual Total Time": 221.976,
                                                        "Actual Rows": 323658,
                                                        "Actual Loops": 1
                                                    },
                                                    {
                                                        "Worker Number": 1,
                                                        "Actual Startup Time": 86.535,
                                                        "Actual Total Time": 222.401,
                                                        "Actual Rows": 322778,
                                                        "Actual Loops": 1
                                                    },
                                                    {
                                                        "Worker Number": 2,
                                                        "Actual Startup Time": 86.447,
                                                        "Actual Total Time": 217.621,
                                                        "Actual Rows": 460875,
                                                        "Actual Loops": 1
                                                    }
                                                ],
                                                "Plans": [
                                                    {
                                                        "Node Type": "Bitmap Index Scan",
                                                        "Parent Relationship": "Outer",
                                                        "Parallel Aware": false,
                                                        "Index Name": "kind_id_title",
                                                        "Startup Cost": 0.0,
                                                        "Total Cost": 27320.71,
                                                        "Plan Rows": 1532837,
                                                        "Plan Width": 0,
                                                        "Actual Startup Time": 80.501,
                                                        "Actual Total Time": 80.502,
                                                        "Actual Rows": 1543264,
                                                        "Actual Loops": 1,
                                                        "Index Cond": "(t.kind_id = 7)"
                                                    }
                                                ]
                                            }
                                        ]
                                    }
                                ]
                            }
                        ]
                    }
                ]
            }
        ]
    },
    "Planning Time": 2.822,
    "Triggers": [],
    "Execution Time": 685.583
}