[
  {
    "Plan": {
      "Node Type": "Aggregate",
      "Strategy": "Plain",
      "Partial Mode": "Finalize",
      "Parallel Aware": false,
      "Startup Cost": 387132.56,
      "Total Cost": 387132.57,
      "Plan Rows": 1,
      "Plan Width": 8,
      "Actual Startup Time": 1681.113,
      "Actual Total Time": 1764.223,
      "Actual Rows": 1,
      "Actual Loops": 1,
      "Plans": [
        {
          "Node Type": "Gather",
          "Parent Relationship": "Outer",
          "Parallel Aware": false,
          "Startup Cost": 387131.94,
          "Total Cost": 387132.55,
          "Plan Rows": 6,
          "Plan Width": 8,
          "Actual Startup Time": 1675.152,
          "Actual Total Time": 1764.193,
          "Actual Rows": 7,
          "Actual Loops": 1,
          "Workers Planned": 6,
          "Workers Launched": 6,
          "Single Copy": false,
          "Plans": [
            {
              "Node Type": "Aggregate",
              "Strategy": "Plain",
              "Partial Mode": "Partial",
              "Parent Relationship": "Outer",
              "Parallel Aware": false,
              "Startup Cost": 386131.94,
              "Total Cost": 386131.95,
              "Plan Rows": 1,
              "Plan Width": 8,
              "Actual Startup Time": 1665.75,
              "Actual Total Time": 1665.755,
              "Actual Rows": 1,
              "Actual Loops": 7,
              "Plans": [
                {
                  "Node Type": "Hash Join",
                  "Parent Relationship": "Outer",
                  "Parallel Aware": true,
                  "Join Type": "Inner",
                  "Startup Cost": 45557.71,
                  "Total Cost": 384072.39,
                  "Plan Rows": 823820,
                  "Plan Width": 0,
                  "Actual Startup Time": 328.54,
                  "Actual Total Time": 1625.271,
                  "Actual Rows": 824522,
                  "Actual Loops": 7,
                  "Inner Unique": true,
                  "Hash Cond": "(ci.movie_id = t.id)",
                  "Plans": [
                    {
                      "Node Type": "Seq Scan",
                      "Parent Relationship": "Outer",
                      "Parallel Aware": true,
                      "Relation Name": "cast_info",
                      "Alias": "ci",
                      "Startup Cost": 0.0,
                      "Total Cost": 328211.39,
                      "Plan Rows": 3925053,
                      "Plan Width": 4,
                      "Actual Startup Time": 212.54,
                      "Actual Total Time": 760.128,
                      "Actual Rows": 3367665,
                      "Actual Loops": 7,
                      "Filter": "(role_id > 1)",
                      "Rows Removed by Filter": 1810098
                    },
                    {
                      "Node Type": "Hash",
                      "Parent Relationship": "Inner",
                      "Parallel Aware": true,
                      "Startup Cost": 43899.32,
                      "Total Cost": 43899.32,
                      "Plan Rows": 132671,
                      "Plan Width": 4,
                      "Actual Startup Time": 113.645,
                      "Actual Total Time": 113.646,
                      "Actual Rows": 76196,
                      "Actual Loops": 7,
                      "Hash Buckets": 1048576,
                      "Original Hash Buckets": 1048576,
                      "Hash Batches": 1,
                      "Original Hash Batches": 1,
                      "Peak Memory Usage": 29152,
                      "Plans": [
                        {
                          "Node Type": "Seq Scan",
                          "Parent Relationship": "Outer",
                          "Parallel Aware": true,
                          "Relation Name": "title",
                          "Alias": "t",
                          "Startup Cost": 0.0,
                          "Total Cost": 43899.32,
                          "Plan Rows": 132671,
                          "Plan Width": 4,
                          "Actual Startup Time": 0.029,
                          "Actual Total Time": 75.375,
                          "Actual Rows": 76196,
                          "Actual Loops": 7,
                          "Filter": "(production_year > 2009)",
                          "Rows Removed by Filter": 284992
                        }
                      ]
                    }
                  ]
                }
              ]
            }
          ]
        }
      ]
    },
    "Planning Time": 0.237,
    "Triggers": [],
    "Execution Time": 1764.275
  }
]