[
    {
        "Bao": {
            "Bao prediction": 1265.053,
            "Bao recommended hint": "(no hint)"
        }
    },
    {
        "Plan": {
            "Node Type": "Aggregate",
            "Strategy": "Plain",
            "Partial Mode": "Finalize",
            "Parallel Aware": false,
            "Startup Cost": 462413.16,
            "Total Cost": 462413.17,
            "Plan Rows": 1,
            "Plan Width": 8,
            "Actual Startup Time": 3820.617,
            "Actual Total Time": 3851.994,
            "Actual Rows": 1,
            "Actual Loops": 1,
            "Output": [
                "count(*)"
            ],
            "Plans": [
                {
                    "Node Type": "Gather",
                    "Parent Relationship": "Outer",
                    "Parallel Aware": false,
                    "Startup Cost": 462412.53,
                    "Total Cost": 462413.14,
                    "Plan Rows": 6,
                    "Plan Width": 8,
                    "Actual Startup Time": 3795.389,
                    "Actual Total Time": 3851.983,
                    "Actual Rows": 7,
                    "Actual Loops": 1,
                    "Output": [
                        "(PARTIAL count(*))"
                    ],
                    "Workers Planned": 6,
                    "Workers Launched": 6,
                    "Single Copy": false,
                    "Plans": [
                        {
                            "Node Type": "Aggregate",
                            "Strategy": "Plain",
                            "Partial Mode": "Partial",
                            "Parent Relationship": "Outer",
                            "Parallel Aware": false,
                            "Startup Cost": 461412.53,
                            "Total Cost": 461412.54,
                            "Plan Rows": 1,
                            "Plan Width": 8,
                            "Actual Startup Time": 3781.731,
                            "Actual Total Time": 3782.111,
                            "Actual Rows": 1,
                            "Actual Loops": 7,
                            "Output": [
                                "PARTIAL count(*)"
                            ],
                            "Workers": [
                                {
                                    "Worker Number": 0,
                                    "Actual Startup Time": 3780.929,
                                    "Actual Total Time": 3780.934,
                                    "Actual Rows": 1,
                                    "Actual Loops": 1
                                },
                                {
                                    "Worker Number": 1,
                                    "Actual Startup Time": 3779.295,
                                    "Actual Total Time": 3779.3,
                                    "Actual Rows": 1,
                                    "Actual Loops": 1
                                },
                                {
                                    "Worker Number": 2,
                                    "Actual Startup Time": 3779.36,
                                    "Actual Total Time": 3779.364,
                                    "Actual Rows": 1,
                                    "Actual Loops": 1
                                },
                                {
                                    "Worker Number": 3,
                                    "Actual Startup Time": 3779.347,
                                    "Actual Total Time": 3779.351,
                                    "Actual Rows": 1,
                                    "Actual Loops": 1
                                },
                                {
                                    "Worker Number": 4,
                                    "Actual Startup Time": 3779.364,
                                    "Actual Total Time": 3779.368,
                                    "Actual Rows": 1,
                                    "Actual Loops": 1
                                },
                                {
                                    "Worker Number": 5,
                                    "Actual Startup Time": 3779.429,
                                    "Actual Total Time": 3779.434,
                                    "Actual Rows": 1,
                                    "Actual Loops": 1
                                }
                            ],
                            "Plans": [
                                {
                                    "Node Type": "Hash Join",
                                    "Parent Relationship": "Outer",
                                    "Parallel Aware": true,
                                    "Join Type": "Inner",
                                    "Startup Cost": 101308.86,
                                    "Total Cost": 450786.35,
                                    "Plan Rows": 4250474,
                                    "Plan Width": 0,
                                    "Actual Startup Time": 479.423,
                                    "Actual Total Time": 3171.401,
                                    "Actual Rows": 12619658,
                                    "Actual Loops": 7,
                                    "Inner Unique": false,
                                    "Hash Cond": "(ci.movie_id = t.id)",
                                    "Workers": [
                                        {
                                            "Worker Number": 0,
                                            "Actual Startup Time": 477.238,
                                            "Actual Total Time": 3182.017,
                                            "Actual Rows": 12168559,
                                            "Actual Loops": 1
                                        },
                                        {
                                            "Worker Number": 1,
                                            "Actual Startup Time": 477.21,
                                            "Actual Total Time": 3155.64,
                                            "Actual Rows": 12369964,
                                            "Actual Loops": 1
                                        },
                                        {
                                            "Worker Number": 2,
                                            "Actual Startup Time": 477.301,
                                            "Actual Total Time": 3162.332,
                                            "Actual Rows": 12334214,
                                            "Actual Loops": 1
                                        },
                                        {
                                            "Worker Number": 3,
                                            "Actual Startup Time": 477.261,
                                            "Actual Total Time": 3160.401,
                                            "Actual Rows": 12353518,
                                            "Actual Loops": 1
                                        },
                                        {
                                            "Worker Number": 4,
                                            "Actual Startup Time": 477.329,
                                            "Actual Total Time": 3162.666,
                                            "Actual Rows": 12254388,
                                            "Actual Loops": 1
                                        },
                                        {
                                            "Worker Number": 5,
                                            "Actual Startup Time": 477.343,
                                            "Actual Total Time": 3183.31,
                                            "Actual Rows": 12735127,
                                            "Actual Loops": 1
                                        }
                                    ],
                                    "Plans": [
                                        {
                                            "Node Type": "Seq Scan",
                                            "Parent Relationship": "Outer",
                                            "Parallel Aware": true,
                                            "Relation Name": "cast_info",
                                            "Schema": "public",
                                            "Alias": "ci",
                                            "Startup Cost": 0.0,
                                            "Total Cost": 313108.29,
                                            "Plan Rows": 6042129,
                                            "Plan Width": 4,
                                            "Actual Startup Time": 0.027,
                                            "Actual Total Time": 526.857,
                                            "Actual Rows": 5177763,
                                            "Actual Loops": 7,
                                            "Output": [
                                                "ci.id",
                                                "ci.person_id",
                                                "ci.movie_id",
                                                "ci.person_role_id",
                                                "ci.note",
                                                "ci.nr_order",
                                                "ci.role_id"
                                            ],
                                            "Workers": [
                                                {
                                                    "Worker Number": 0,
                                                    "Actual Startup Time": 0.027,
                                                    "Actual Total Time": 558.177,
                                                    "Actual Rows": 4853515,
                                                    "Actual Loops": 1
                                                },
                                                {
                                                    "Worker Number": 1,
                                                    "Actual Startup Time": 0.031,
                                                    "Actual Total Time": 532.162,
                                                    "Actual Rows": 5016685,
                                                    "Actual Loops": 1
                                                },
                                                {
                                                    "Worker Number": 2,
                                                    "Actual Startup Time": 0.026,
                                                    "Actual Total Time": 536.09,
                                                    "Actual Rows": 5066186,
                                                    "Actual Loops": 1
                                                },
                                                {
                                                    "Worker Number": 3,
                                                    "Actual Startup Time": 0.03,
                                                    "Actual Total Time": 535.461,
                                                    "Actual Rows": 5078445,
                                                    "Actual Loops": 1
                                                },
                                                {
                                                    "Worker Number": 4,
                                                    "Actual Startup Time": 0.028,
                                                    "Actual Total Time": 536.858,
                                                    "Actual Rows": 5018364,
                                                    "Actual Loops": 1
                                                },
                                                {
                                                    "Worker Number": 5,
                                                    "Actual Startup Time": 0.034,
                                                    "Actual Total Time": 554.968,
                                                    "Actual Rows": 5154341,
                                                    "Actual Loops": 1
                                                }
                                            ]
                                        },
                                        {
                                            "Node Type": "Hash",
                                            "Parent Relationship": "Inner",
                                            "Parallel Aware": true,
                                            "Startup Cost": 94137.06,
                                            "Total Cost": 94137.06,
                                            "Plan Rows": 573744,
                                            "Plan Width": 8,
                                            "Actual Startup Time": 474.543,
                                            "Actual Total Time": 474.921,
                                            "Actual Rows": 218489,
                                            "Actual Loops": 7,
                                            "Output": [
                                                "t.id",
                                                "mk.movie_id"
                                            ],
                                            "Hash Buckets": 2097152,
                                            "Original Hash Buckets": 2097152,
                                            "Hash Batches": 1,
                                            "Original Hash Batches": 1,
                                            "Peak Memory Usage": 76352,
                                            "Workers": [
                                                {
                                                    "Worker Number": 0,
                                                    "Actual Startup Time": 476.422,
                                                    "Actual Total Time": 476.425,
                                                    "Actual Rows": 199905,
                                                    "Actual Loops": 1
                                                },
                                                {
                                                    "Worker Number": 1,
                                                    "Actual Startup Time": 476.368,
                                                    "Actual Total Time": 476.372,
                                                    "Actual Rows": 207812,
                                                    "Actual Loops": 1
                                                },
                                                {
                                                    "Worker Number": 2,
                                                    "Actual Startup Time": 476.45,
                                                    "Actual Total Time": 476.453,
                                                    "Actual Rows": 206248,
                                                    "Actual Loops": 1
                                                },
                                                {
                                                    "Worker Number": 3,
                                                    "Actual Startup Time": 476.487,
                                                    "Actual Total Time": 476.49,
                                                    "Actual Rows": 208326,
                                                    "Actual Loops": 1
                                                },
                                                {
                                                    "Worker Number": 4,
                                                    "Actual Startup Time": 476.359,
                                                    "Actual Total Time": 476.361,
                                                    "Actual Rows": 206579,
                                                    "Actual Loops": 1
                                                },
                                                {
                                                    "Worker Number": 5,
                                                    "Actual Startup Time": 476.484,
                                                    "Actual Total Time": 476.487,
                                                    "Actual Rows": 202287,
                                                    "Actual Loops": 1
                                                }
                                            ],
                                            "Plans": [
                                                {
                                                    "Node Type": "Hash Join",
                                                    "Parent Relationship": "Outer",
                                                    "Parallel Aware": true,
                                                    "Join Type": "Inner",
                                                    "Startup Cost": 49194.16,
                                                    "Total Cost": 94137.06,
                                                    "Plan Rows": 573744,
                                                    "Plan Width": 8,
                                                    "Actual Startup Time": 215.137,
                                                    "Actual Total Time": 385.316,
                                                    "Actual Rows": 218489,
                                                    "Actual Loops": 7,
                                                    "Output": [
                                                        "t.id",
                                                        "mk.movie_id"
                                                    ],
                                                    "Inner Unique": true,
                                                    "Hash Cond": "(mk.movie_id = t.id)",
                                                    "Workers": [
                                                        {
                                                            "Worker Number": 0,
                                                            "Actual Startup Time": 215.112,
                                                            "Actual Total Time": 384.394,
                                                            "Actual Rows": 199905,
                                                            "Actual Loops": 1
                                                        },
                                                        {
                                                            "Worker Number": 1,
                                                            "Actual Startup Time": 215.138,
                                                            "Actual Total Time": 385.097,
                                                            "Actual Rows": 207812,
                                                            "Actual Loops": 1
                                                        },
                                                        {
                                                            "Worker Number": 2,
                                                            "Actual Startup Time": 215.154,
                                                            "Actual Total Time": 385.054,
                                                            "Actual Rows": 206248,
                                                            "Actual Loops": 1
                                                        },
                                                        {
                                                            "Worker Number": 3,
                                                            "Actual Startup Time": 215.134,
                                                            "Actual Total Time": 385.09,
                                                            "Actual Rows": 208326,
                                                            "Actual Loops": 1
                                                        },
                                                        {
                                                            "Worker Number": 4,
                                                            "Actual Startup Time": 215.103,
                                                            "Actual Total Time": 386.44,
                                                            "Actual Rows": 206579,
                                                            "Actual Loops": 1
                                                        },
                                                        {
                                                            "Worker Number": 5,
                                                            "Actual Startup Time": 215.113,
                                                            "Actual Total Time": 384.673,
                                                            "Actual Rows": 202287,
                                                            "Actual Loops": 1
                                                        }
                                                    ],
                                                    "Plans": [
                                                        {
                                                            "Node Type": "Seq Scan",
                                                            "Parent Relationship": "Outer",
                                                            "Parallel Aware": true,
                                                            "Relation Name": "movie_keyword",
                                                            "Schema": "public",
                                                            "Alias": "mk",
                                                            "Startup Cost": 0.0,
                                                            "Total Cost": 42695.65,
                                                            "Plan Rows": 856095,
                                                            "Plan Width": 4,
                                                            "Actual Startup Time": 0.159,
                                                            "Actual Total Time": 91.609,
                                                            "Actual Rows": 379169,
                                                            "Actual Loops": 7,
                                                            "Output": [
                                                                "mk.id",
                                                                "mk.movie_id",
                                                                "mk.keyword_id"
                                                            ],
                                                            "Filter": "(mk.keyword_id > 3154)",
                                                            "Rows Removed by Filter": 267106,
                                                            "Workers": [
                                                                {
                                                                    "Worker Number": 0,
                                                                    "Actual Startup Time": 0.152,
                                                                    "Actual Total Time": 92.158,
                                                                    "Actual Rows": 345058,
                                                                    "Actual Loops": 1
                                                                },
                                                                {
                                                                    "Worker Number": 1,
                                                                    "Actual Startup Time": 0.132,
                                                                    "Actual Total Time": 92.934,
                                                                    "Actual Rows": 358067,
                                                                    "Actual Loops": 1
                                                                },
                                                                {
                                                                    "Worker Number": 2,
                                                                    "Actual Startup Time": 0.15,
                                                                    "Actual Total Time": 93.01,
                                                                    "Actual Rows": 356964,
                                                                    "Actual Loops": 1
                                                                },
                                                                {
                                                                    "Worker Number": 3,
                                                                    "Actual Startup Time": 0.145,
                                                                    "Actual Total Time": 92.774,
                                                                    "Actual Rows": 357632,
                                                                    "Actual Loops": 1
                                                                },
                                                                {
                                                                    "Worker Number": 4,
                                                                    "Actual Startup Time": 0.129,
                                                                    "Actual Total Time": 93.327,
                                                                    "Actual Rows": 359068,
                                                                    "Actual Loops": 1
                                                                },
                                                                {
                                                                    "Worker Number": 5,
                                                                    "Actual Startup Time": 0.282,
                                                                    "Actual Total Time": 92.593,
                                                                    "Actual Rows": 348215,
                                                                    "Actual Loops": 1
                                                                }
                                                            ]
                                                        },
                                                        {
                                                            "Node Type": "Hash",
                                                            "Parent Relationship": "Inner",
                                                            "Parallel Aware": true,
                                                            "Startup Cost": 43899.01,
                                                            "Total Cost": 43899.01,
                                                            "Plan Rows": 423612,
                                                            "Plan Width": 4,
                                                            "Actual Startup Time": 212.67,
                                                            "Actual Total Time": 212.671,
                                                            "Actual Rows": 242902,
                                                            "Actual Loops": 7,
                                                            "Output": [
                                                                "t.id"
                                                            ],
                                                            "Hash Buckets": 2097152,
                                                            "Original Hash Buckets": 2097152,
                                                            "Hash Batches": 1,
                                                            "Original Hash Batches": 1,
                                                            "Peak Memory Usage": 83040,
                                                            "Workers": [
                                                                {
                                                                    "Worker Number": 0,
                                                                    "Actual Startup Time": 214.765,
                                                                    "Actual Total Time": 214.766,
                                                                    "Actual Rows": 188600,
                                                                    "Actual Loops": 1
                                                                },
                                                                {
                                                                    "Worker Number": 1,
                                                                    "Actual Startup Time": 214.774,
                                                                    "Actual Total Time": 214.775,
                                                                    "Actual Rows": 228263,
                                                                    "Actual Loops": 1
                                                                },
                                                                {
                                                                    "Worker Number": 2,
                                                                    "Actual Startup Time": 214.766,
                                                                    "Actual Total Time": 214.767,
                                                                    "Actual Rows": 227490,
                                                                    "Actual Loops": 1
                                                                },
                                                                {
                                                                    "Worker Number": 3,
                                                                    "Actual Startup Time": 214.708,
                                                                    "Actual Total Time": 214.709,
                                                                    "Actual Rows": 227574,
                                                                    "Actual Loops": 1
                                                                },
                                                                {
                                                                    "Worker Number": 4,
                                                                    "Actual Startup Time": 214.718,
                                                                    "Actual Total Time": 214.719,
                                                                    "Actual Rows": 226940,
                                                                    "Actual Loops": 1
                                                                },
                                                                {
                                                                    "Worker Number": 5,
                                                                    "Actual Startup Time": 214.748,
                                                                    "Actual Total Time": 214.749,
                                                                    "Actual Rows": 183708,
                                                                    "Actual Loops": 1
                                                                }
                                                            ],
                                                            "Plans": [
                                                                {
                                                                    "Node Type": "Seq Scan",
                                                                    "Parent Relationship": "Outer",
                                                                    "Parallel Aware": true,
                                                                    "Relation Name": "title",
                                                                    "Schema": "public",
                                                                    "Alias": "t",
                                                                    "Startup Cost": 0.0,
                                                                    "Total Cost": 43899.01,
                                                                    "Plan Rows": 423612,
                                                                    "Plan Width": 4,
                                                                    "Actual Startup Time": 0.043,
                                                                    "Actual Total Time": 92.283,
                                                                    "Actual Rows": 242902,
                                                                    "Actual Loops": 7,
                                                                    "Output": [
                                                                        "t.id"
                                                                    ],
                                                                    "Filter": "(t.production_year > 1992)",
                                                                    "Rows Removed by Filter": 118285,
                                                                    "Workers": [
                                                                        {
                                                                            "Worker Number": 0,
                                                                            "Actual Startup Time": 0.028,
                                                                            "Actual Total Time": 94.456,
                                                                            "Actual Rows": 188600,
                                                                            "Actual Loops": 1
                                                                        },
                                                                        {
                                                                            "Worker Number": 1,
                                                                            "Actual Startup Time": 0.047,
                                                                            "Actual Total Time": 94.716,
                                                                            "Actual Rows": 228263,
                                                                            "Actual Loops": 1
                                                                        },
                                                                        {
                                                                            "Worker Number": 2,
                                                                            "Actual Startup Time": 0.046,
                                                                            "Actual Total Time": 95.168,
                                                                            "Actual Rows": 227490,
                                                                            "Actual Loops": 1
                                                                        },
                                                                        {
                                                                            "Worker Number": 3,
                                                                            "Actual Startup Time": 0.059,
                                                                            "Actual Total Time": 94.985,
                                                                            "Actual Rows": 227574,
                                                                            "Actual Loops": 1
                                                                        },
                                                                        {
                                                                            "Worker Number": 4,
                                                                            "Actual Startup Time": 0.049,
                                                                            "Actual Total Time": 95.022,
                                                                            "Actual Rows": 226940,
                                                                            "Actual Loops": 1
                                                                        },
                                                                        {
                                                                            "Worker Number": 5,
                                                                            "Actual Startup Time": 0.043,
                                                                            "Actual Total Time": 92.974,
                                                                            "Actual Rows": 183708,
                                                                            "Actual Loops": 1
                                                                        }
                                                                    ]
                                                                }
                                                            ]
                                                        }
                                                    ]
                                                }
                                            ]
                                        }
                                    ]
                                }
                            ]
                        }
                    ]
                }
            ]
        },
        "Planning Time": 1679.989,
        "Triggers": [],
        "Execution Time": 3852.121
    }
]