[
  {
    "Plan": {
      "Node Type": "Aggregate",
      "Strategy": "Plain",
      "Partial Mode": "Finalize",
      "Parallel Aware": false,
      "Startup Cost": 336112.32,
      "Total Cost": 336112.33,
      "Plan Rows": 1,
      "Plan Width": 8,
      "Actual Startup Time": 667.945,
      "Actual Total Time": 724.392,
      "Actual Rows": 1,
      "Actual Loops": 1,
      "Plans": [
        {
          "Node Type": "Gather",
          "Parent Relationship": "Outer",
          "Parallel Aware": false,
          "Startup Cost": 336111.7,
          "Total Cost": 336112.3,
          "Plan Rows": 6,
          "Plan Width": 8,
          "Actual Startup Time": 667.809,
          "Actual Total Time": 724.382,
          "Actual Rows": 7,
          "Actual Loops": 1,
          "Workers Planned": 6,
          "Workers Launched": 6,
          "Single Copy": false,
          "Plans": [
            {
              "Node Type": "Aggregate",
              "Strategy": "Plain",
              "Partial Mode": "Partial",
              "Parent Relationship": "Outer",
              "Parallel Aware": false,
              "Startup Cost": 335111.7,
              "Total Cost": 335111.71,
              "Plan Rows": 1,
              "Plan Width": 8,
              "Actual Startup Time": 659.374,
              "Actual Total Time": 659.375,
              "Actual Rows": 1,
              "Actual Loops": 7,
              "Plans": [
                {
                  "Node Type": "Seq Scan",
                  "Parent Relationship": "Outer",
                  "Parallel Aware": true,
                  "Relation Name": "cast_info",
                  "Alias": "ci",
                  "Startup Cost": 0.0,
                  "Total Cost": 328162.03,
                  "Plan Rows": 2779868,
                  "Plan Width": 0,
                  "Actual Startup Time": 209.487,
                  "Actual Total Time": 565.243,
                  "Actual Rows": 2375537,
                  "Actual Loops": 7,
                  "Filter": "(person_id > 1965595)",
                  "Rows Removed by Filter": 2802227
                }
              ]
            }
          ]
        }
      ]
    },
    "Planning Time": 0.167,
    "Triggers": [],
    "Execution Time": 724.459
  }
]