[
  {
    "Bao": {
      "Bao prediction": 739.008,
      "Bao recommended hint": "SET enable_nestloop TO off; SET enable_hashjoin TO off; "
    }
  },
  {
    "Plan": {
      "Node Type": "Aggregate",
      "Strategy": "Plain",
      "Partial Mode": "Simple",
      "Parallel Aware": false,
      "Startup Cost": 575984.12,
      "Total Cost": 575984.13,
      "Plan Rows": 1,
      "Plan Width": 64,
      "Actual Startup Time": 2435.251,
      "Actual Total Time": 2435.46,
      "Actual Rows": 1,
      "Actual Loops": 1,
      "Plans": [
        {
          "Node Type": "Merge Join",
          "Parent Relationship": "Outer",
          "Parallel Aware": false,
          "Join Type": "Inner",
          "Startup Cost": 553950.64,
          "Total Cost": 575984.03,
          "Plan Rows": 18,
          "Plan Width": 60,
          "Actual Startup Time": 2180.171,
          "Actual Total Time": 2435.409,
          "Actual Rows": 328,
          "Actual Loops": 1,
          "Inner Unique": false,
          "Merge Cond": "(at.movie_id = t.id)",
          "Plans": [
            {
              "Node Type": "Index Only Scan",
              "Parent Relationship": "Outer",
              "Parallel Aware": false,
              "Scan Direction": "Forward",
              "Index Name": "movie_id_aka_title",
              "Relation Name": "aka_title",
              "Alias": "at",
              "Startup Cost": 0.42,
              "Total Cost": 21135.93,
              "Plan Rows": 361472,
              "Plan Width": 4,
              "Actual Startup Time": 0.047,
              "Actual Total Time": 254.875,
              "Actual Rows": 357252,
              "Actual Loops": 1,
              "Heap Fetches": 357252
            },
            {
              "Node Type": "Sort",
              "Parent Relationship": "Inner",
              "Parallel Aware": false,
              "Startup Cost": 553944.37,
              "Total Cost": 553944.39,
              "Plan Rows": 7,
              "Plan Width": 76,
              "Actual Startup Time": 2163.452,
              "Actual Total Time": 2163.818,
              "Actual Rows": 1442,
              "Actual Loops": 1,
              "Sort Key": [
                "mc.movie_id"
              ],
              "Sort Method": "quicksort",
              "Sort Space Used": 213,
              "Sort Space Type": "Memory",
              "Plans": [
                {
                  "Node Type": "Merge Join",
                  "Parent Relationship": "Outer",
                  "Parallel Aware": false,
                  "Join Type": "Inner",
                  "Startup Cost": 541268.34,
                  "Total Cost": 553944.27,
                  "Plan Rows": 7,
                  "Plan Width": 76,
                  "Actual Startup Time": 2130.257,
                  "Actual Total Time": 2163.117,
                  "Actual Rows": 1398,
                  "Actual Loops": 1,
                  "Inner Unique": false,
                  "Merge Cond": "(cn.id = mc.company_id)",
                  "Plans": [
                    {
                      "Node Type": "Index Scan",
                      "Parent Relationship": "Outer",
                      "Parallel Aware": false,
                      "Scan Direction": "Forward",
                      "Index Name": "company_name_pkey",
                      "Relation Name": "company_name",
                      "Alias": "cn",
                      "Startup Cost": 0.42,
                      "Total Cost": 12469.43,
                      "Plan Rows": 85931,
                      "Plan Width": 4,
                      "Actual Startup Time": 0.018,
                      "Actual Total Time": 31.117,
                      "Actual Rows": 25737,
                      "Actual Loops": 1,
                      "Filter": "((country_code)::text = '[us]'::text)",
                      "Rows Removed by Filter": 44853
                    },
                    {
                      "Node Type": "Sort",
                      "Parent Relationship": "Inner",
                      "Parallel Aware": false,
                      "Startup Cost": 541267.92,
                      "Total Cost": 541267.94,
                      "Plan Rows": 7,
                      "Plan Width": 80,
                      "Actual Startup Time": 2130.21,
                      "Actual Total Time": 2130.505,
                      "Actual Rows": 1512,
                      "Actual Loops": 1,
                      "Sort Key": [
                        "mc.company_id"
                      ],
                      "Sort Method": "quicksort",
                      "Sort Space Used": 240,
                      "Sort Space Type": "Memory",
                      "Plans": [
                        {
                          "Node Type": "Merge Join",
                          "Parent Relationship": "Outer",
                          "Parallel Aware": false,
                          "Join Type": "Inner",
                          "Startup Cost": 541217.19,
                          "Total Cost": 541267.82,
                          "Plan Rows": 7,
                          "Plan Width": 80,
                          "Actual Startup Time": 2124.146,
                          "Actual Total Time": 2129.988,
                          "Actual Rows": 1512,
                          "Actual Loops": 1,
                          "Inner Unique": false,
                          "Merge Cond": "(t.id = mi.movie_id)",
                          "Plans": [
                            {
                              "Node Type": "Sort",
                              "Parent Relationship": "Outer",
                              "Parallel Aware": false,
                              "Startup Cost": 139824.16,
                              "Total Cost": 139849.4,
                              "Plan Rows": 10097,
                              "Plan Width": 29,
                              "Actual Startup Time": 773.924,
                              "Actual Total Time": 776.005,
                              "Actual Rows": 52173,
                              "Actual Loops": 1,
                              "Sort Key": [
                                "mc.movie_id"
                              ],
                              "Sort Method": "quicksort",
                              "Sort Space Used": 5875,
                              "Sort Space Type": "Memory",
                              "Plans": [
                                {
                                  "Node Type": "Gather",
                                  "Parent Relationship": "Outer",
                                  "Parallel Aware": false,
                                  "Startup Cost": 138105.05,
                                  "Total Cost": 139152.63,
                                  "Plan Rows": 10097,
                                  "Plan Width": 29,
                                  "Actual Startup Time": 607.864,
                                  "Actual Total Time": 748.961,
                                  "Actual Rows": 52276,
                                  "Actual Loops": 1,
                                  "Workers Planned": 4,
                                  "Workers Launched": 4,
                                  "Single Copy": false,
                                  "Plans": [
                                    {
                                      "Node Type": "Merge Join",
                                      "Parent Relationship": "Outer",
                                      "Parallel Aware": false,
                                      "Join Type": "Inner",
                                      "Startup Cost": 137105.05,
                                      "Total Cost": 137142.93,
                                      "Plan Rows": 2524,
                                      "Plan Width": 29,
                                      "Actual Startup Time": 625.806,
                                      "Actual Total Time": 627.717,
                                      "Actual Rows": 10455,
                                      "Actual Loops": 5,
                                      "Inner Unique": true,
                                      "Merge Cond": "(mc.company_type_id = ct.id)",
                                      "Plans": [
                                        {
                                          "Node Type": "Sort",
                                          "Parent Relationship": "Outer",
                                          "Parallel Aware": false,
                                          "Startup Cost": 137103.97,
                                          "Total Cost": 137110.28,
                                          "Plan Rows": 2524,
                                          "Plan Width": 33,
                                          "Actual Startup Time": 625.761,
                                          "Actual Total Time": 626.172,
                                          "Actual Rows": 10455,
                                          "Actual Loops": 5,
                                          "Sort Key": [
                                            "mc.company_type_id"
                                          ],
                                          "Sort Method": "quicksort",
                                          "Sort Space Used": 1381,
                                          "Sort Space Type": "Memory",
                                          "Workers": [
                                            {
                                              "Worker Number": 0,
                                              "Sort Method": "quicksort",
                                              "Sort Space Used": 1333,
                                              "Sort Space Type": "Memory"
                                            },
                                            {
                                              "Worker Number": 1,
                                              "Sort Method": "quicksort",
                                              "Sort Space Used": 1344,
                                              "Sort Space Type": "Memory"
                                            },
                                            {
                                              "Worker Number": 2,
                                              "Sort Method": "quicksort",
                                              "Sort Space Used": 1307,
                                              "Sort Space Type": "Memory"
                                            },
                                            {
                                              "Worker Number": 3,
                                              "Sort Method": "quicksort",
                                              "Sort Space Used": 820,
                                              "Sort Space Type": "Memory"
                                            }
                                          ],
                                          "Plans": [
                                            {
                                              "Node Type": "Merge Join",
                                              "Parent Relationship": "Outer",
                                              "Parallel Aware": false,
                                              "Join Type": "Inner",
                                              "Startup Cost": 135108.66,
                                              "Total Cost": 136961.34,
                                              "Plan Rows": 2524,
                                              "Plan Width": 33,
                                              "Actual Startup Time": 555.104,
                                              "Actual Total Time": 623.095,
                                              "Actual Rows": 10455,
                                              "Actual Loops": 5,
                                              "Inner Unique": false,
                                              "Merge Cond": "(t.id = mc.movie_id)",
                                              "Plans": [
                                                {
                                                  "Node Type": "Sort",
                                                  "Parent Relationship": "Outer",
                                                  "Parallel Aware": false,
                                                  "Startup Cost": 75880.85,
                                                  "Total Cost": 76749.6,
                                                  "Plan Rows": 347497,
                                                  "Plan Width": 21,
                                                  "Actual Startup Time": 210.567,
                                                  "Actual Total Time": 243.175,
                                                  "Actual Rows": 276213,
                                                  "Actual Loops": 5,
                                                  "Sort Key": [
                                                    "t.id"
                                                  ],
                                                  "Sort Method": "quicksort",
                                                  "Sort Space Used": 34188,
                                                  "Sort Space Type": "Memory",
                                                  "Workers": [
                                                    {
                                                      "Worker Number": 0,
                                                      "Sort Method": "quicksort",
                                                      "Sort Space Used": 32044,
                                                      "Sort Space Type": "Memory"
                                                    },
                                                    {
                                                      "Worker Number": 1,
                                                      "Sort Method": "quicksort",
                                                      "Sort Space Used": 33077,
                                                      "Sort Space Type": "Memory"
                                                    },
                                                    {
                                                      "Worker Number": 2,
                                                      "Sort Method": "quicksort",
                                                      "Sort Space Used": 31924,
                                                      "Sort Space Type": "Memory"
                                                    },
                                                    {
                                                      "Worker Number": 3,
                                                      "Sort Method": "quicksort",
                                                      "Sort Space Used": 20158,
                                                      "Sort Space Type": "Memory"
                                                    }
                                                  ],
                                                  "Plans": [
                                                    {
                                                      "Node Type": "Seq Scan",
                                                      "Parent Relationship": "Outer",
                                                      "Parallel Aware": true,
                                                      "Relation Name": "title",
                                                      "Alias": "t",
                                                      "Startup Cost": 0.0,
                                                      "Total Cost": 43899.59,
                                                      "Plan Rows": 347497,
                                                      "Plan Width": 21,
                                                      "Actual Startup Time": 0.049,
                                                      "Actual Total Time": 109.055,
                                                      "Actual Rows": 276291,
                                                      "Actual Loops": 5,
                                                      "Filter": "(production_year > 2000)",
                                                      "Rows Removed by Filter": 229372
                                                    }
                                                  ]
                                                },
                                                {
                                                  "Node Type": "Sort",
                                                  "Parent Relationship": "Inner",
                                                  "Parallel Aware": false,
                                                  "Startup Cost": 59227.76,
                                                  "Total Cost": 59273.68,
                                                  "Plan Rows": 18367,
                                                  "Plan Width": 12,
                                                  "Actual Startup Time": 344.495,
                                                  "Actual Total Time": 347.264,
                                                  "Actual Rows": 61664,
                                                  "Actual Loops": 5,
                                                  "Sort Key": [
                                                    "mc.movie_id"
                                                  ],
                                                  "Sort Method": "quicksort",
                                                  "Sort Space Used": 4427,
                                                  "Sort Space Type": "Memory",
                                                  "Workers": [
                                                    {
                                                      "Worker Number": 0,
                                                      "Sort Method": "quicksort",
                                                      "Sort Space Used": 4427,
                                                      "Sort Space Type": "Memory"
                                                    },
                                                    {
                                                      "Worker Number": 1,
                                                      "Sort Method": "quicksort",
                                                      "Sort Space Used": 4427,
                                                      "Sort Space Type": "Memory"
                                                    },
                                                    {
                                                      "Worker Number": 2,
                                                      "Sort Method": "quicksort",
                                                      "Sort Space Used": 4427,
                                                      "Sort Space Type": "Memory"
                                                    },
                                                    {
                                                      "Worker Number": 3,
                                                      "Sort Method": "quicksort",
                                                      "Sort Space Used": 4427,
                                                      "Sort Space Type": "Memory"
                                                    }
                                                  ],
                                                  "Plans": [
                                                    {
                                                      "Node Type": "Seq Scan",
                                                      "Parent Relationship": "Outer",
                                                      "Parallel Aware": false,
                                                      "Relation Name": "movie_companies",
                                                      "Alias": "mc",
                                                      "Startup Cost": 0.0,
                                                      "Total Cost": 57926.93,
                                                      "Plan Rows": 18367,
                                                      "Plan Width": 12,
                                                      "Actual Startup Time": 0.05,
                                                      "Actual Total Time": 329.161,
                                                      "Actual Rows": 61664,
                                                      "Actual Loops": 5,
                                                      "Filter": "((note ~~ '%(200%)%'::text) AND (note ~~ '%(worldwide)%'::text))",
                                                      "Rows Removed by Filter": 2547465
                                                    }
                                                  ]
                                                }
                                              ]
                                            }
                                          ]
                                        },
                                        {
                                          "Node Type": "Sort",
                                          "Parent Relationship": "Inner",
                                          "Parallel Aware": false,
                                          "Startup Cost": 1.08,
                                          "Total Cost": 1.09,
                                          "Plan Rows": 4,
                                          "Plan Width": 4,
                                          "Actual Startup Time": 0.041,
                                          "Actual Total Time": 0.041,
                                          "Actual Rows": 1,
                                          "Actual Loops": 5,
                                          "Sort Key": [
                                            "ct.id"
                                          ],
                                          "Sort Method": "quicksort",
                                          "Sort Space Used": 25,
                                          "Sort Space Type": "Memory",
                                          "Workers": [
                                            {
                                              "Worker Number": 0,
                                              "Sort Method": "quicksort",
                                              "Sort Space Used": 25,
                                              "Sort Space Type": "Memory"
                                            },
                                            {
                                              "Worker Number": 1,
                                              "Sort Method": "quicksort",
                                              "Sort Space Used": 25,
                                              "Sort Space Type": "Memory"
                                            },
                                            {
                                              "Worker Number": 2,
                                              "Sort Method": "quicksort",
                                              "Sort Space Used": 25,
                                              "Sort Space Type": "Memory"
                                            },
                                            {
                                              "Worker Number": 3,
                                              "Sort Method": "quicksort",
                                              "Sort Space Used": 25,
                                              "Sort Space Type": "Memory"
                                            }
                                          ],
                                          "Plans": [
                                            {
                                              "Node Type": "Seq Scan",
                                              "Parent Relationship": "Outer",
                                              "Parallel Aware": false,
                                              "Relation Name": "company_type",
                                              "Alias": "ct",
                                              "Startup Cost": 0.0,
                                              "Total Cost": 1.04,
                                              "Plan Rows": 4,
                                              "Plan Width": 4,
                                              "Actual Startup Time": 0.032,
                                              "Actual Total Time": 0.033,
                                              "Actual Rows": 4,
                                              "Actual Loops": 5
                                            }
                                          ]
                                        }
                                      ]
                                    }
                                  ]
                                }
                              ]
                            },
                            {
                              "Node Type": "Sort",
                              "Parent Relationship": "Inner",
                              "Parallel Aware": false,
                              "Startup Cost": 401393.03,
                              "Total Cost": 401393.12,
                              "Plan Rows": 38,
                              "Plan Width": 51,
                              "Actual Startup Time": 1350.213,
                              "Actual Total Time": 1350.594,
                              "Actual Rows": 4745,
                              "Actual Loops": 1,
                              "Sort Key": [
                                "mi.movie_id"
                              ],
                              "Sort Method": "quicksort",
                              "Sort Space Used": 539,
                              "Sort Space Type": "Memory",
                              "Plans": [
                                {
                                  "Node Type": "Merge Join",
                                  "Parent Relationship": "Outer",
                                  "Parallel Aware": false,
                                  "Join Type": "Inner",
                                  "Startup Cost": 396063.64,
                                  "Total Cost": 401392.03,
                                  "Plan Rows": 38,
                                  "Plan Width": 51,
                                  "Actual Startup Time": 1295.921,
                                  "Actual Total Time": 1348.859,
                                  "Actual Rows": 4429,
                                  "Actual Loops": 1,
                                  "Inner Unique": false,
                                  "Merge Cond": "(k.id = mk.keyword_id)",
                                  "Plans": [
                                    {
                                      "Node Type": "Index Only Scan",
                                      "Parent Relationship": "Outer",
                                      "Parallel Aware": false,
                                      "Scan Direction": "Forward",
                                      "Index Name": "keyword_pkey",
                                      "Relation Name": "keyword",
                                      "Alias": "k",
                                      "Startup Cost": 0.42,
                                      "Total Cost": 5007.75,
                                      "Plan Rows": 134170,
                                      "Plan Width": 4,
                                      "Actual Startup Time": 0.078,
                                      "Actual Total Time": 45.416,
                                      "Actual Rows": 133881,
                                      "Actual Loops": 1,
                                      "Heap Fetches": 133881
                                    },
                                    {
                                      "Node Type": "Sort",
                                      "Parent Relationship": "Inner",
                                      "Parallel Aware": false,
                                      "Startup Cost": 396063.22,
                                      "Total Cost": 396063.32,
                                      "Plan Rows": 38,
                                      "Plan Width": 55,
                                      "Actual Startup Time": 1295.838,
                                      "Actual Total Time": 1296.403,
                                      "Actual Rows": 4429,
                                      "Actual Loops": 1,
                                      "Sort Key": [
                                        "mk.keyword_id"
                                      ],
                                      "Sort Method": "quicksort",
                                      "Sort Space Used": 539,
                                      "Sort Space Type": "Memory",
                                      "Plans": [
                                        {
                                          "Node Type": "Merge Join",
                                          "Parent Relationship": "Outer",
                                          "Parallel Aware": false,
                                          "Join Type": "Inner",
                                          "Startup Cost": 207603.79,
                                          "Total Cost": 396062.23,
                                          "Plan Rows": 38,
                                          "Plan Width": 55,
                                          "Actual Startup Time": 372.323,
                                          "Actual Total Time": 1294.247,
                                          "Actual Rows": 4429,
                                          "Actual Loops": 1,
                                          "Inner Unique": false,
                                          "Merge Cond": "(mk.movie_id = mi.movie_id)",
                                          "Plans": [
                                            {
                                              "Node Type": "Index Scan",
                                              "Parent Relationship": "Outer",
                                              "Parallel Aware": false,
                                              "Scan Direction": "Forward",
                                              "Index Name": "movie_id_movie_keyword",
                                              "Relation Name": "movie_keyword",
                                              "Alias": "mk",
                                              "Startup Cost": 0.43,
                                              "Total Cost": 177148.48,
                                              "Plan Rows": 4523930,
                                              "Plan Width": 8,
                                              "Actual Startup Time": 0.026,
                                              "Actual Total Time": 644.229,
                                              "Actual Rows": 4514673,
                                              "Actual Loops": 1
                                            },
                                            {
                                              "Node Type": "Sort",
                                              "Parent Relationship": "Inner",
                                              "Parallel Aware": false,
                                              "Startup Cost": 207603.35,
                                              "Total Cost": 207603.36,
                                              "Plan Rows": 3,
                                              "Plan Width": 47,
                                              "Actual Startup Time": 372.262,
                                              "Actual Total Time": 372.871,
                                              "Actual Rows": 5620,
                                              "Actual Loops": 1,
                                              "Sort Key": [
                                                "mi.movie_id"
                                              ],
                                              "Sort Method": "quicksort",
                                              "Sort Space Used": 187,
                                              "Sort Space Type": "Memory",
                                              "Plans": [
                                                {
                                                  "Node Type": "Gather",
                                                  "Parent Relationship": "Outer",
                                                  "Parallel Aware": false,
                                                  "Startup Cost": 207602.71,
                                                  "Total Cost": 207603.33,
                                                  "Plan Rows": 3,
                                                  "Plan Width": 47,
                                                  "Actual Startup Time": 371.584,
                                                  "Actual Total Time": 371.891,
                                                  "Actual Rows": 1771,
                                                  "Actual Loops": 1,
                                                  "Workers Planned": 5,
                                                  "Workers Launched": 5,
                                                  "Single Copy": false,
                                                  "Plans": [
                                                    {
                                                      "Node Type": "Merge Join",
                                                      "Parent Relationship": "Outer",
                                                      "Parallel Aware": false,
                                                      "Join Type": "Inner",
                                                      "Startup Cost": 206602.71,
                                                      "Total Cost": 206603.03,
                                                      "Plan Rows": 1,
                                                      "Plan Width": 47,
                                                      "Actual Startup Time": 360.839,
                                                      "Actual Total Time": 360.894,
                                                      "Actual Rows": 295,
                                                      "Actual Loops": 6,
                                                      "Inner Unique": true,
                                                      "Merge Cond": "(mi.info_type_id = it1.id)",
                                                      "Plans": [
                                                        {
                                                          "Node Type": "Sort",
                                                          "Parent Relationship": "Outer",
                                                          "Parallel Aware": false,
                                                          "Startup Cost": 206600.29,
                                                          "Total Cost": 206600.44,
                                                          "Plan Rows": 60,
                                                          "Plan Width": 51,
                                                          "Actual Startup Time": 360.716,
                                                          "Actual Total Time": 360.729,
                                                          "Actual Rows": 295,
                                                          "Actual Loops": 6,
                                                          "Sort Key": [
                                                            "mi.info_type_id"
                                                          ],
                                                          "Sort Method": "quicksort",
                                                          "Sort Space Used": 53,
                                                          "Sort Space Type": "Memory",
                                                          "Workers": [
                                                            {
                                                              "Worker Number": 0,
                                                              "Sort Method": "quicksort",
                                                              "Sort Space Used": 42,
                                                              "Sort Space Type": "Memory"
                                                            },
                                                            {
                                                              "Worker Number": 1,
                                                              "Sort Method": "quicksort",
                                                              "Sort Space Used": 51,
                                                              "Sort Space Type": "Memory"
                                                            },
                                                            {
                                                              "Worker Number": 2,
                                                              "Sort Method": "quicksort",
                                                              "Sort Space Used": 40,
                                                              "Sort Space Type": "Memory"
                                                            },
                                                            {
                                                              "Worker Number": 3,
                                                              "Sort Method": "quicksort",
                                                              "Sort Space Used": 50,
                                                              "Sort Space Type": "Memory"
                                                            },
                                                            {
                                                              "Worker Number": 4,
                                                              "Sort Method": "quicksort",
                                                              "Sort Space Used": 49,
                                                              "Sort Space Type": "Memory"
                                                            }
                                                          ],
                                                          "Plans": [
                                                            {
                                                              "Node Type": "Seq Scan",
                                                              "Parent Relationship": "Outer",
                                                              "Parallel Aware": true,
                                                              "Relation Name": "movie_info",
                                                              "Alias": "mi",
                                                              "Startup Cost": 0.0,
                                                              "Total Cost": 206598.52,
                                                              "Plan Rows": 60,
                                                              "Plan Width": 51,
                                                              "Actual Startup Time": 95.981,
                                                              "Actual Total Time": 360.452,
                                                              "Actual Rows": 295,
                                                              "Actual Loops": 6,
                                                              "Filter": "((note ~~ '%internet%'::text) AND (info ~~ 'USA:% 200%'::text))",
                                                              "Rows Removed by Filter": 2472325
                                                            }
                                                          ]
                                                        },
                                                        {
                                                          "Node Type": "Sort",
                                                          "Parent Relationship": "Inner",
                                                          "Parallel Aware": false,
                                                          "Startup Cost": 2.42,
                                                          "Total Cost": 2.43,
                                                          "Plan Rows": 1,
                                                          "Plan Width": 4,
                                                          "Actual Startup Time": 0.115,
                                                          "Actual Total Time": 0.115,
                                                          "Actual Rows": 1,
                                                          "Actual Loops": 6,
                                                          "Sort Key": [
                                                            "it1.id"
                                                          ],
                                                          "Sort Method": "quicksort",
                                                          "Sort Space Used": 25,
                                                          "Sort Space Type": "Memory",
                                                          "Workers": [
                                                            {
                                                              "Worker Number": 0,
                                                              "Sort Method": "quicksort",
                                                              "Sort Space Used": 25,
                                                              "Sort Space Type": "Memory"
                                                            },
                                                            {
                                                              "Worker Number": 1,
                                                              "Sort Method": "quicksort",
                                                              "Sort Space Used": 25,
                                                              "Sort Space Type": "Memory"
                                                            },
                                                            {
                                                              "Worker Number": 2,
                                                              "Sort Method": "quicksort",
                                                              "Sort Space Used": 25,
                                                              "Sort Space Type": "Memory"
                                                            },
                                                            {
                                                              "Worker Number": 3,
                                                              "Sort Method": "quicksort",
                                                              "Sort Space Used": 25,
                                                              "Sort Space Type": "Memory"
                                                            },
                                                            {
                                                              "Worker Number": 4,
                                                              "Sort Method": "quicksort",
                                                              "Sort Space Used": 25,
                                                              "Sort Space Type": "Memory"
                                                            }
                                                          ],
                                                          "Plans": [
                                                            {
                                                              "Node Type": "Seq Scan",
                                                              "Parent Relationship": "Outer",
                                                              "Parallel Aware": false,
                                                              "Relation Name": "info_type",
                                                              "Alias": "it1",
                                                              "Startup Cost": 0.0,
                                                              "Total Cost": 2.41,
                                                              "Plan Rows": 1,
                                                              "Plan Width": 4,
                                                              "Actual Startup Time": 0.056,
                                                              "Actual Total Time": 0.061,
                                                              "Actual Rows": 1,
                                                              "Actual Loops": 6,
                                                              "Filter": "((info)::text = 'release dates'::text)",
                                                              "Rows Removed by Filter": 112
                                                            }
                                                          ]
                                                        }
                                                      ]
                                                    }
                                                  ]
                                                }
                                              ]
                                            }
                                          ]
                                        }
                                      ]
                                    }
                                  ]
                                }
                              ]
                            }
                          ]
                        }
                      ]
                    }
                  ]
                }
              ]
            }
          ]
        }
      ]
    },
    "Planning Time": 515.257,
    "Triggers": [],
    "Execution Time": 2438.639
  }
]