[
  {
    "Plan": {
      "Node Type": "Aggregate",
      "Strategy": "Plain",
      "Partial Mode": "Finalize",
      "Parallel Aware": false,
      "Startup Cost": 78283.7,
      "Total Cost": 78283.71,
      "Plan Rows": 1,
      "Plan Width": 8,
      "Actual Startup Time": 282.401,
      "Actual Total Time": 297.604,
      "Actual Rows": 1,
      "Actual Loops": 1,
      "Plans": [
        {
          "Node Type": "Gather",
          "Parent Relationship": "Outer",
          "Parallel Aware": false,
          "Startup Cost": 78283.28,
          "Total Cost": 78283.69,
          "Plan Rows": 4,
          "Plan Width": 8,
          "Actual Startup Time": 278.923,
          "Actual Total Time": 297.594,
          "Actual Rows": 5,
          "Actual Loops": 1,
          "Workers Planned": 4,
          "Workers Launched": 4,
          "Single Copy": false,
          "Plans": [
            {
              "Node Type": "Aggregate",
              "Strategy": "Plain",
              "Partial Mode": "Partial",
              "Parent Relationship": "Outer",
              "Parallel Aware": false,
              "Startup Cost": 77283.28,
              "Total Cost": 77283.29,
              "Plan Rows": 1,
              "Plan Width": 8,
              "Actual Startup Time": 270.537,
              "Actual Total Time": 270.54,
              "Actual Rows": 1,
              "Actual Loops": 5,
              "Plans": [
                {
                  "Node Type": "Hash Join",
                  "Parent Relationship": "Outer",
                  "Parallel Aware": true,
                  "Join Type": "Inner",
                  "Startup Cost": 31150.91,
                  "Total Cost": 76998.04,
                  "Plan Rows": 114094,
                  "Plan Width": 0,
                  "Actual Startup Time": 107.467,
                  "Actual Total Time": 266.463,
                  "Actual Rows": 92592,
                  "Actual Loops": 5,
                  "Inner Unique": false,
                  "Hash Cond": "(t.id = mc.movie_id)",
                  "Plans": [
                    {
                      "Node Type": "Seq Scan",
                      "Parent Relationship": "Outer",
                      "Parallel Aware": true,
                      "Relation Name": "title",
                      "Alias": "t",
                      "Startup Cost": 0.0,
                      "Total Cost": 42318.73,
                      "Plan Rows": 632073,
                      "Plan Width": 4,
                      "Actual Startup Time": 0.013,
                      "Actual Total Time": 61.738,
                      "Actual Rows": 505662,
                      "Actual Loops": 5
                    },
                    {
                      "Node Type": "Hash",
                      "Parent Relationship": "Inner",
                      "Parallel Aware": true,
                      "Startup Cost": 29310.68,
                      "Total Cost": 29310.68,
                      "Plan Rows": 147218,
                      "Plan Width": 4,
                      "Actual Startup Time": 93.137,
                      "Actual Total Time": 93.138,
                      "Actual Rows": 92592,
                      "Actual Loops": 5,
                      "Hash Buckets": 524288,
                      "Original Hash Buckets": 524288,
                      "Hash Batches": 1,
                      "Original Hash Batches": 1,
                      "Peak Memory Usage": 22304,
                      "Plans": [
                        {
                          "Node Type": "Seq Scan",
                          "Parent Relationship": "Outer",
                          "Parallel Aware": true,
                          "Relation Name": "movie_companies",
                          "Alias": "mc",
                          "Startup Cost": 0.0,
                          "Total Cost": 29310.68,
                          "Plan Rows": 147218,
                          "Plan Width": 4,
                          "Actual Startup Time": 41.922,
                          "Actual Total Time": 66.16,
                          "Actual Rows": 92592,
                          "Actual Loops": 5,
                          "Filter": "(company_id > 76379)",
                          "Rows Removed by Filter": 429234
                        }
                      ]
                    }
                  ]
                }
              ]
            }
          ]
        }
      ]
    },
    "Planning Time": 0.611,
    "Triggers": [],
    "Execution Time": 297.675
  }
]