[
  {
    "Plan": {
      "Node Type": "Aggregate",
      "Strategy": "Plain",
      "Partial Mode": "Finalize",
      "Parallel Aware": false,
      "Startup Cost": 44801.94,
      "Total Cost": 44801.95,
      "Plan Rows": 1,
      "Plan Width": 8,
      "Actual Startup Time": 143.936,
      "Actual Total Time": 153.978,
      "Actual Rows": 1,
      "Actual Loops": 1,
      "Plans": [
        {
          "Node Type": "Gather",
          "Parent Relationship": "Outer",
          "Parallel Aware": false,
          "Startup Cost": 44801.62,
          "Total Cost": 44801.93,
          "Plan Rows": 3,
          "Plan Width": 8,
          "Actual Startup Time": 143.735,
          "Actual Total Time": 153.968,
          "Actual Rows": 4,
          "Actual Loops": 1,
          "Workers Planned": 3,
          "Workers Launched": 3,
          "Single Copy": false,
          "Plans": [
            {
              "Node Type": "Aggregate",
              "Strategy": "Plain",
              "Partial Mode": "Partial",
              "Parent Relationship": "Outer",
              "Parallel Aware": false,
              "Startup Cost": 43801.62,
              "Total Cost": 43801.63,
              "Plan Rows": 1,
              "Plan Width": 8,
              "Actual Startup Time": 137.157,
              "Actual Total Time": 137.159,
              "Actual Rows": 1,
              "Actual Loops": 4,
              "Plans": [
                {
                  "Node Type": "Seq Scan",
                  "Parent Relationship": "Outer",
                  "Parallel Aware": true,
                  "Relation Name": "movie_keyword",
                  "Alias": "mk",
                  "Startup Cost": 0.0,
                  "Total Cost": 42695.65,
                  "Plan Rows": 442387,
                  "Plan Width": 0,
                  "Actual Startup Time": 1.728,
                  "Actual Total Time": 118.028,
                  "Actual Rows": 342785,
                  "Actual Loops": 4,
                  "Filter": "(keyword_id > 12180)",
                  "Rows Removed by Filter": 788198
                }
              ]
            }
          ]
        }
      ]
    },
    "Planning Time": 0.192,
    "Triggers": [],
    "Execution Time": 154.036
  }
]