[
  {
    "Plan": {
      "Node Type": "Aggregate",
      "Strategy": "Plain",
      "Partial Mode": "Finalize",
      "Parallel Aware": false,
      "Startup Cost": 73961.55,
      "Total Cost": 73961.56,
      "Plan Rows": 1,
      "Plan Width": 8,
      "Actual Startup Time": 194.502,
      "Actual Total Time": 214.321,
      "Actual Rows": 1,
      "Actual Loops": 1,
      "Plans": [
        {
          "Node Type": "Gather",
          "Parent Relationship": "Outer",
          "Parallel Aware": false,
          "Startup Cost": 73961.23,
          "Total Cost": 73961.54,
          "Plan Rows": 3,
          "Plan Width": 8,
          "Actual Startup Time": 194.005,
          "Actual Total Time": 214.311,
          "Actual Rows": 4,
          "Actual Loops": 1,
          "Workers Planned": 3,
          "Workers Launched": 3,
          "Single Copy": false,
          "Plans": [
            {
              "Node Type": "Aggregate",
              "Strategy": "Plain",
              "Partial Mode": "Partial",
              "Parent Relationship": "Outer",
              "Parallel Aware": false,
              "Startup Cost": 72961.23,
              "Total Cost": 72961.24,
              "Plan Rows": 1,
              "Plan Width": 8,
              "Actual Startup Time": 189.585,
              "Actual Total Time": 189.59,
              "Actual Rows": 1,
              "Actual Loops": 4,
              "Plans": [
                {
                  "Node Type": "Nested Loop",
                  "Parent Relationship": "Outer",
                  "Parallel Aware": false,
                  "Join Type": "Inner",
                  "Startup Cost": 50404.89,
                  "Total Cost": 72958.02,
                  "Plan Rows": 1285,
                  "Plan Width": 0,
                  "Actual Startup Time": 126.055,
                  "Actual Total Time": 188.958,
                  "Actual Rows": 9226,
                  "Actual Loops": 4,
                  "Inner Unique": false,
                  "Join Filter": "(t.id = mi.movie_id)",
                  "Rows Removed by Join Filter": 0,
                  "Plans": [
                    {
                      "Node Type": "Hash Join",
                      "Parent Relationship": "Outer",
                      "Parallel Aware": true,
                      "Join Type": "Inner",
                      "Startup Cost": 50404.46,
                      "Total Cost": 70768.42,
                      "Plan Rows": 291,
                      "Plan Width": 8,
                      "Actual Startup Time": 125.932,
                      "Actual Total Time": 169.866,
                      "Actual Rows": 514,
                      "Actual Loops": 4,
                      "Inner Unique": true,
                      "Hash Cond": "(mc.movie_id = t.id)",
                      "Plans": [
                        {
                          "Node Type": "Bitmap Heap Scan",
                          "Parent Relationship": "Outer",
                          "Parallel Aware": true,
                          "Relation Name": "movie_companies",
                          "Alias": "mc",
                          "Startup Cost": 6456.41,
                          "Total Cost": 26696.31,
                          "Plan Rows": 47261,
                          "Plan Width": 4,
                          "Actual Startup Time": 25.931,
                          "Actual Total Time": 61.447,
                          "Actual Rows": 56096,
                          "Actual Loops": 4,
                          "Recheck Cond": "(company_id < 160)",
                          "Rows Removed by Index Recheck": 0,
                          "Filter": "(company_type_id = 1)",
                          "Rows Removed by Filter": 17123,
                          "Exact Heap Blocks": 7284,
                          "Lossy Heap Blocks": 0,
                          "Plans": [
                            {
                              "Node Type": "Bitmap Index Scan",
                              "Parent Relationship": "Outer",
                              "Parallel Aware": false,
                              "Index Name": "company_id_movie_companies",
                              "Startup Cost": 0.0,
                              "Total Cost": 6419.78,
                              "Plan Rows": 299647,
                              "Plan Width": 0,
                              "Actual Startup Time": 21.645,
                              "Actual Total Time": 21.645,
                              "Actual Rows": 292877,
                              "Actual Loops": 1,
                              "Index Cond": "(company_id < 160)"
                            }
                          ]
                        },
                        {
                          "Node Type": "Hash",
                          "Parent Relationship": "Inner",
                          "Parallel Aware": true,
                          "Startup Cost": 43899.32,
                          "Total Cost": 43899.32,
                          "Plan Rows": 3898,
                          "Plan Width": 4,
                          "Actual Startup Time": 98.748,
                          "Actual Total Time": 98.749,
                          "Actual Rows": 3695,
                          "Actual Loops": 4,
                          "Hash Buckets": 16384,
                          "Original Hash Buckets": 16384,
                          "Hash Batches": 1,
                          "Original Hash Batches": 1,
                          "Peak Memory Usage": 768,
                          "Plans": [
                            {
                              "Node Type": "Seq Scan",
                              "Parent Relationship": "Outer",
                              "Parallel Aware": true,
                              "Relation Name": "title",
                              "Alias": "t",
                              "Startup Cost": 0.0,
                              "Total Cost": 43899.32,
                              "Plan Rows": 3898,
                              "Plan Width": 4,
                              "Actual Startup Time": 0.043,
                              "Actual Total Time": 96.681,
                              "Actual Rows": 3695,
                              "Actual Loops": 4,
                              "Filter": "(production_year = 1980)",
                              "Rows Removed by Filter": 628383
                            }
                          ]
                        }
                      ]
                    },
                    {
                      "Node Type": "Index Scan",
                      "Parent Relationship": "Inner",
                      "Parallel Aware": false,
                      "Scan Direction": "Forward",
                      "Index Name": "movie_id_movie_info",
                      "Relation Name": "movie_info",
                      "Alias": "mi",
                      "Startup Cost": 0.43,
                      "Total Cost": 7.14,
                      "Plan Rows": 31,
                      "Plan Width": 4,
                      "Actual Startup Time": 0.011,
                      "Actual Total Time": 0.035,
                      "Actual Rows": 18,
                      "Actual Loops": 2057,
                      "Index Cond": "(movie_id = mc.movie_id)",
                      "Rows Removed by Index Recheck": 0,
                      "Filter": "(info_type_id > 3)",
                      "Rows Removed by Filter": 2
                    }
                  ]
                }
              ]
            }
          ]
        }
      ]
    },
    "Planning Time": 1.53,
    "Triggers": [],
    "Execution Time": 214.435
  }
]