[
    {
        "Bao": {
            "Bao prediction": "NaN",
            "Bao recommended hint": "(no hint)"
        }
    },
    {
        "Plan": {
            "Node Type": "Aggregate",
            "Strategy": "Plain",
            "Partial Mode": "Finalize",
            "Parallel Aware": false,
            "Startup Cost": 327109.23,
            "Total Cost": 327109.24,
            "Plan Rows": 1,
            "Plan Width": 8,
            "Actual Startup Time": 2705.162,
            "Actual Total Time": 2761.03,
            "Actual Rows": 1,
            "Actual Loops": 1,
            "Output": [
                "count(*)"
            ],
            "Plans": [
                {
                    "Node Type": "Gather",
                    "Parent Relationship": "Outer",
                    "Parallel Aware": false,
                    "Startup Cost": 327108.71,
                    "Total Cost": 327109.22,
                    "Plan Rows": 5,
                    "Plan Width": 8,
                    "Actual Startup Time": 2701.72,
                    "Actual Total Time": 2761.022,
                    "Actual Rows": 6,
                    "Actual Loops": 1,
                    "Output": [
                        "(PARTIAL count(*))"
                    ],
                    "Workers Planned": 5,
                    "Workers Launched": 5,
                    "Single Copy": false,
                    "Plans": [
                        {
                            "Node Type": "Aggregate",
                            "Strategy": "Plain",
                            "Partial Mode": "Partial",
                            "Parent Relationship": "Outer",
                            "Parallel Aware": false,
                            "Startup Cost": 326108.71,
                            "Total Cost": 326108.72,
                            "Plan Rows": 1,
                            "Plan Width": 8,
                            "Actual Startup Time": 2691.313,
                            "Actual Total Time": 2691.315,
                            "Actual Rows": 1,
                            "Actual Loops": 6,
                            "Output": [
                                "PARTIAL count(*)"
                            ],
                            "Workers": [
                                {
                                    "Worker Number": 0,
                                    "Actual Startup Time": 2688.452,
                                    "Actual Total Time": 2688.455,
                                    "Actual Rows": 1,
                                    "Actual Loops": 1
                                },
                                {
                                    "Worker Number": 1,
                                    "Actual Startup Time": 2688.45,
                                    "Actual Total Time": 2688.452,
                                    "Actual Rows": 1,
                                    "Actual Loops": 1
                                },
                                {
                                    "Worker Number": 2,
                                    "Actual Startup Time": 2688.818,
                                    "Actual Total Time": 2688.821,
                                    "Actual Rows": 1,
                                    "Actual Loops": 1
                                },
                                {
                                    "Worker Number": 3,
                                    "Actual Startup Time": 2690.665,
                                    "Actual Total Time": 2690.667,
                                    "Actual Rows": 1,
                                    "Actual Loops": 1
                                },
                                {
                                    "Worker Number": 4,
                                    "Actual Startup Time": 2690.152,
                                    "Actual Total Time": 2690.155,
                                    "Actual Rows": 1,
                                    "Actual Loops": 1
                                }
                            ],
                            "Plans": [
                                {
                                    "Node Type": "Nested Loop",
                                    "Parent Relationship": "Outer",
                                    "Parallel Aware": false,
                                    "Join Type": "Inner",
                                    "Startup Cost": 69922.84,
                                    "Total Cost": 323523.12,
                                    "Plan Rows": 1034234,
                                    "Plan Width": 0,
                                    "Actual Startup Time": 249.865,
                                    "Actual Total Time": 2567.684,
                                    "Actual Rows": 2605998,
                                    "Actual Loops": 6,
                                    "Inner Unique": false,
                                    "Workers": [
                                        {
                                            "Worker Number": 0,
                                            "Actual Startup Time": 319.866,
                                            "Actual Total Time": 2562.494,
                                            "Actual Rows": 2306393,
                                            "Actual Loops": 1
                                        },
                                        {
                                            "Worker Number": 1,
                                            "Actual Startup Time": 320.097,
                                            "Actual Total Time": 2561.157,
                                            "Actual Rows": 2252830,
                                            "Actual Loops": 1
                                        },
                                        {
                                            "Worker Number": 2,
                                            "Actual Startup Time": 223.338,
                                            "Actual Total Time": 2572.14,
                                            "Actual Rows": 2659894,
                                            "Actual Loops": 1
                                        },
                                        {
                                            "Worker Number": 3,
                                            "Actual Startup Time": 223.497,
                                            "Actual Total Time": 2574.16,
                                            "Actual Rows": 2650192,
                                            "Actual Loops": 1
                                        },
                                        {
                                            "Worker Number": 4,
                                            "Actual Startup Time": 220.814,
                                            "Actual Total Time": 2567.192,
                                            "Actual Rows": 2772981,
                                            "Actual Loops": 1
                                        }
                                    ],
                                    "Plans": [
                                        {
                                            "Node Type": "Merge Join",
                                            "Parent Relationship": "Outer",
                                            "Parallel Aware": false,
                                            "Join Type": "Inner",
                                            "Startup Cost": 69922.27,
                                            "Total Cost": 163714.9,
                                            "Plan Rows": 72129,
                                            "Plan Width": 8,
                                            "Actual Startup Time": 249.765,
                                            "Actual Total Time": 626.666,
                                            "Actual Rows": 60615,
                                            "Actual Loops": 6,
                                            "Output": [
                                                "t.id",
                                                "mk.movie_id"
                                            ],
                                            "Inner Unique": false,
                                            "Merge Cond": "(t.id = mk.movie_id)",
                                            "Workers": [
                                                {
                                                    "Worker Number": 0,
                                                    "Actual Startup Time": 319.651,
                                                    "Actual Total Time": 662.348,
                                                    "Actual Rows": 51371,
                                                    "Actual Loops": 1
                                                },
                                                {
                                                    "Worker Number": 1,
                                                    "Actual Startup Time": 320.003,
                                                    "Actual Total Time": 662.545,
                                                    "Actual Rows": 49910,
                                                    "Actual Loops": 1
                                                },
                                                {
                                                    "Worker Number": 2,
                                                    "Actual Startup Time": 223.244,
                                                    "Actual Total Time": 612.875,
                                                    "Actual Rows": 62833,
                                                    "Actual Loops": 1
                                                },
                                                {
                                                    "Worker Number": 3,
                                                    "Actual Startup Time": 223.412,
                                                    "Actual Total Time": 606.345,
                                                    "Actual Rows": 63399,
                                                    "Actual Loops": 1
                                                },
                                                {
                                                    "Worker Number": 4,
                                                    "Actual Startup Time": 220.726,
                                                    "Actual Total Time": 598.769,
                                                    "Actual Rows": 62791,
                                                    "Actual Loops": 1
                                                }
                                            ],
                                            "Plans": [
                                                {
                                                    "Node Type": "Index Only Scan",
                                                    "Parent Relationship": "Outer",
                                                    "Parallel Aware": true,
                                                    "Scan Direction": "Forward",
                                                    "Index Name": "title_pkey",
                                                    "Relation Name": "title",
                                                    "Schema": "public",
                                                    "Alias": "t",
                                                    "Startup Cost": 0.43,
                                                    "Total Cost": 90115.52,
                                                    "Plan Rows": 505664,
                                                    "Plan Width": 4,
                                                    "Actual Startup Time": 0.132,
                                                    "Actual Total Time": 304.042,
                                                    "Actual Rows": 420965,
                                                    "Actual Loops": 6,
                                                    "Output": [
                                                        "t.id"
                                                    ],
                                                    "Heap Fetches": 2525791,
                                                    "Workers": [
                                                        {
                                                            "Worker Number": 0,
                                                            "Actual Startup Time": 0.15,
                                                            "Actual Total Time": 265.495,
                                                            "Actual Rows": 299466,
                                                            "Actual Loops": 1
                                                        },
                                                        {
                                                            "Worker Number": 1,
                                                            "Actual Startup Time": 0.145,
                                                            "Actual Total Time": 262.863,
                                                            "Actual Rows": 290839,
                                                            "Actual Loops": 1
                                                        },
                                                        {
                                                            "Worker Number": 2,
                                                            "Actual Startup Time": 0.179,
                                                            "Actual Total Time": 320.429,
                                                            "Actual Rows": 461872,
                                                            "Actual Loops": 1
                                                        },
                                                        {
                                                            "Worker Number": 3,
                                                            "Actual Startup Time": 0.142,
                                                            "Actual Total Time": 313.9,
                                                            "Actual Rows": 446446,
                                                            "Actual Loops": 1
                                                        },
                                                        {
                                                            "Worker Number": 4,
                                                            "Actual Startup Time": 0.157,
                                                            "Actual Total Time": 309.092,
                                                            "Actual Rows": 433883,
                                                            "Actual Loops": 1
                                                        }
                                                    ]
                                                },
                                                {
                                                    "Node Type": "Sort",
                                                    "Parent Relationship": "Inner",
                                                    "Parallel Aware": false,
                                                    "Startup Cost": 69901.42,
                                                    "Total Cost": 70803.04,
                                                    "Plan Rows": 360645,
                                                    "Plan Width": 4,
                                                    "Actual Startup Time": 249.471,
                                                    "Actual Total Time": 270.012,
                                                    "Actual Rows": 363692,
                                                    "Actual Loops": 6,
                                                    "Output": [
                                                        "mk.movie_id"
                                                    ],
                                                    "Sort Key": [
                                                        "mk.movie_id"
                                                    ],
                                                    "Sort Method": "quicksort",
                                                    "Sort Space Used": 29337,
                                                    "Sort Space Type": "Memory",
                                                    "Workers": [
                                                        {
                                                            "Worker Number": 0,
                                                            "Actual Startup Time": 319.218,
                                                            "Actual Total Time": 342.107,
                                                            "Actual Rows": 363692,
                                                            "Actual Loops": 1
                                                        },
                                                        {
                                                            "Worker Number": 1,
                                                            "Actual Startup Time": 319.572,
                                                            "Actual Total Time": 342.982,
                                                            "Actual Rows": 363692,
                                                            "Actual Loops": 1
                                                        },
                                                        {
                                                            "Worker Number": 2,
                                                            "Actual Startup Time": 222.91,
                                                            "Actual Total Time": 242.169,
                                                            "Actual Rows": 363692,
                                                            "Actual Loops": 1
                                                        },
                                                        {
                                                            "Worker Number": 3,
                                                            "Actual Startup Time": 223.118,
                                                            "Actual Total Time": 242.684,
                                                            "Actual Rows": 363692,
                                                            "Actual Loops": 1
                                                        },
                                                        {
                                                            "Worker Number": 4,
                                                            "Actual Startup Time": 220.488,
                                                            "Actual Total Time": 240.08,
                                                            "Actual Rows": 363692,
                                                            "Actual Loops": 1
                                                        }
                                                    ],
                                                    "Plans": [
                                                        {
                                                            "Node Type": "Bitmap Heap Scan",
                                                            "Parent Relationship": "Outer",
                                                            "Parallel Aware": false,
                                                            "Relation Name": "movie_keyword",
                                                            "Schema": "public",
                                                            "Alias": "mk",
                                                            "Startup Cost": 7651.43,
                                                            "Total Cost": 36613.49,
                                                            "Plan Rows": 360645,
                                                            "Plan Width": 4,
                                                            "Actual Startup Time": 47.236,
                                                            "Actual Total Time": 164.426,
                                                            "Actual Rows": 363692,
                                                            "Actual Loops": 6,
                                                            "Output": [
                                                                "mk.movie_id"
                                                            ],
                                                            "Recheck Cond": "(mk.keyword_id < 335)",
                                                            "Rows Removed by Index Recheck": 0,
                                                            "Exact Heap Blocks": 24238,
                                                            "Lossy Heap Blocks": 0,
                                                            "Workers": [
                                                                {
                                                                    "Worker Number": 0,
                                                                    "Actual Startup Time": 54.548,
                                                                    "Actual Total Time": 208.081,
                                                                    "Actual Rows": 363692,
                                                                    "Actual Loops": 1
                                                                },
                                                                {
                                                                    "Worker Number": 1,
                                                                    "Actual Startup Time": 54.615,
                                                                    "Actual Total Time": 207.465,
                                                                    "Actual Rows": 363692,
                                                                    "Actual Loops": 1
                                                                },
                                                                {
                                                                    "Worker Number": 2,
                                                                    "Actual Startup Time": 47.851,
                                                                    "Actual Total Time": 151.916,
                                                                    "Actual Rows": 363692,
                                                                    "Actual Loops": 1
                                                                },
                                                                {
                                                                    "Worker Number": 3,
                                                                    "Actual Startup Time": 47.97,
                                                                    "Actual Total Time": 151.818,
                                                                    "Actual Rows": 363692,
                                                                    "Actual Loops": 1
                                                                },
                                                                {
                                                                    "Worker Number": 4,
                                                                    "Actual Startup Time": 49.121,
                                                                    "Actual Total Time": 150.046,
                                                                    "Actual Rows": 363692,
                                                                    "Actual Loops": 1
                                                                }
                                                            ],
                                                            "Plans": [
                                                                {
                                                                    "Node Type": "Bitmap Index Scan",
                                                                    "Parent Relationship": "Outer",
                                                                    "Parallel Aware": false,
                                                                    "Index Name": "keyword_id_movie_keyword",
                                                                    "Startup Cost": 0.0,
                                                                    "Total Cost": 7561.27,
                                                                    "Plan Rows": 360645,
                                                                    "Plan Width": 0,
                                                                    "Actual Startup Time": 43.598,
                                                                    "Actual Total Time": 43.598,
                                                                    "Actual Rows": 363692,
                                                                    "Actual Loops": 6,
                                                                    "Index Cond": "(mk.keyword_id < 335)",
                                                                    "Workers": [
                                                                        {
                                                                            "Worker Number": 0,
                                                                            "Actual Startup Time": 49.673,
                                                                            "Actual Total Time": 49.673,
                                                                            "Actual Rows": 363692,
                                                                            "Actual Loops": 1
                                                                        },
                                                                        {
                                                                            "Worker Number": 1,
                                                                            "Actual Startup Time": 49.779,
                                                                            "Actual Total Time": 49.779,
                                                                            "Actual Rows": 363692,
                                                                            "Actual Loops": 1
                                                                        },
                                                                        {
                                                                            "Worker Number": 2,
                                                                            "Actual Startup Time": 44.798,
                                                                            "Actual Total Time": 44.798,
                                                                            "Actual Rows": 363692,
                                                                            "Actual Loops": 1
                                                                        },
                                                                        {
                                                                            "Worker Number": 3,
                                                                            "Actual Startup Time": 44.966,
                                                                            "Actual Total Time": 44.966,
                                                                            "Actual Rows": 363692,
                                                                            "Actual Loops": 1
                                                                        },
                                                                        {
                                                                            "Worker Number": 4,
                                                                            "Actual Startup Time": 46.083,
                                                                            "Actual Total Time": 46.083,
                                                                            "Actual Rows": 363692,
                                                                            "Actual Loops": 1
                                                                        }
                                                                    ]
                                                                }
                                                            ]
                                                        }
                                                    ]
                                                }
                                            ]
                                        },
                                        {
                                            "Node Type": "Index Only Scan",
                                            "Parent Relationship": "Inner",
                                            "Parallel Aware": false,
                                            "Scan Direction": "Forward",
                                            "Index Name": "movie_id_cast_info",
                                            "Relation Name": "cast_info",
                                            "Schema": "public",
                                            "Alias": "ci",
                                            "Startup Cost": 0.56,
                                            "Total Cost": 1.84,
                                            "Plan Rows": 38,
                                            "Plan Width": 4,
                                            "Actual Startup Time": 0.005,
                                            "Actual Total Time": 0.029,
                                            "Actual Rows": 43,
                                            "Actual Loops": 363692,
                                            "Output": [
                                                "ci.movie_id"
                                            ],
                                            "Index Cond": "(ci.movie_id = t.id)",
                                            "Rows Removed by Index Recheck": 0,
                                            "Heap Fetches": 15635986,
                                            "Workers": [
                                                {
                                                    "Worker Number": 0,
                                                    "Actual Startup Time": 0.006,
                                                    "Actual Total Time": 0.033,
                                                    "Actual Rows": 45,
                                                    "Actual Loops": 51371
                                                },
                                                {
                                                    "Worker Number": 1,
                                                    "Actual Startup Time": 0.006,
                                                    "Actual Total Time": 0.034,
                                                    "Actual Rows": 45,
                                                    "Actual Loops": 49910
                                                },
                                                {
                                                    "Worker Number": 2,
                                                    "Actual Startup Time": 0.005,
                                                    "Actual Total Time": 0.028,
                                                    "Actual Rows": 42,
                                                    "Actual Loops": 62833
                                                },
                                                {
                                                    "Worker Number": 3,
                                                    "Actual Startup Time": 0.005,
                                                    "Actual Total Time": 0.028,
                                                    "Actual Rows": 42,
                                                    "Actual Loops": 63399
                                                },
                                                {
                                                    "Worker Number": 4,
                                                    "Actual Startup Time": 0.005,
                                                    "Actual Total Time": 0.028,
                                                    "Actual Rows": 44,
                                                    "Actual Loops": 62791
                                                }
                                            ]
                                        }
                                    ]
                                }
                            ]
                        }
                    ]
                }
            ]
        },
        "Planning Time": 221.932,
        "Triggers": [],
        "Execution Time": 2766.803
    }
]