[
  {
    "Plan": {
      "Node Type": "Aggregate",
      "Strategy": "Plain",
      "Partial Mode": "Finalize",
      "Parallel Aware": false,
      "Startup Cost": 246320.48,
      "Total Cost": 246320.49,
      "Plan Rows": 1,
      "Plan Width": 8,
      "Actual Startup Time": 1298.128,
      "Actual Total Time": 1340.776,
      "Actual Rows": 1,
      "Actual Loops": 1,
      "Plans": [
        {
          "Node Type": "Gather",
          "Parent Relationship": "Outer",
          "Parallel Aware": false,
          "Startup Cost": 246320.16,
          "Total Cost": 246320.47,
          "Plan Rows": 3,
          "Plan Width": 8,
          "Actual Startup Time": 1289.074,
          "Actual Total Time": 1340.766,
          "Actual Rows": 4,
          "Actual Loops": 1,
          "Workers Planned": 3,
          "Workers Launched": 3,
          "Single Copy": false,
          "Plans": [
            {
              "Node Type": "Aggregate",
              "Strategy": "Plain",
              "Partial Mode": "Partial",
              "Parent Relationship": "Outer",
              "Parallel Aware": false,
              "Startup Cost": 245320.16,
              "Total Cost": 245320.17,
              "Plan Rows": 1,
              "Plan Width": 8,
              "Actual Startup Time": 1278.376,
              "Actual Total Time": 1278.381,
              "Actual Rows": 1,
              "Actual Loops": 4,
              "Plans": [
                {
                  "Node Type": "Nested Loop",
                  "Parent Relationship": "Outer",
                  "Parallel Aware": false,
                  "Join Type": "Inner",
                  "Startup Cost": 57502.69,
                  "Total Cost": 244492.38,
                  "Plan Rows": 331114,
                  "Plan Width": 0,
                  "Actual Startup Time": 412.371,
                  "Actual Total Time": 1232.549,
                  "Actual Rows": 739188,
                  "Actual Loops": 4,
                  "Inner Unique": false,
                  "Plans": [
                    {
                      "Node Type": "Hash Join",
                      "Parent Relationship": "Outer",
                      "Parallel Aware": true,
                      "Join Type": "Inner",
                      "Startup Cost": 57502.25,
                      "Total Cost": 77789.7,
                      "Plan Rows": 87109,
                      "Plan Width": 8,
                      "Actual Startup Time": 412.252,
                      "Actual Total Time": 481.882,
                      "Actual Rows": 67870,
                      "Actual Loops": 4,
                      "Inner Unique": true,
                      "Hash Cond": "(mc.movie_id = t.id)",
                      "Plans": [
                        {
                          "Node Type": "Bitmap Heap Scan",
                          "Parent Relationship": "Outer",
                          "Parallel Aware": true,
                          "Relation Name": "movie_companies",
                          "Alias": "mc",
                          "Startup Cost": 6651.03,
                          "Total Cost": 26678.59,
                          "Plan Rows": 99005,
                          "Plan Width": 4,
                          "Actual Startup Time": 18.872,
                          "Actual Total Time": 37.662,
                          "Actual Rows": 75945,
                          "Actual Loops": 4,
                          "Recheck Cond": "(company_id > 93572)",
                          "Rows Removed by Index Recheck": 0,
                          "Exact Heap Blocks": 1487,
                          "Lossy Heap Blocks": 0,
                          "Plans": [
                            {
                              "Node Type": "Bitmap Index Scan",
                              "Parent Relationship": "Outer",
                              "Parallel Aware": false,
                              "Index Name": "company_id_movie_companies",
                              "Startup Cost": 0.0,
                              "Total Cost": 6574.3,
                              "Plan Rows": 306916,
                              "Plan Width": 0,
                              "Actual Startup Time": 17.895,
                              "Actual Total Time": 17.896,
                              "Actual Rows": 303780,
                              "Actual Loops": 1,
                              "Index Cond": "(company_id > 93572)"
                            }
                          ]
                        },
                        {
                          "Node Type": "Hash",
                          "Parent Relationship": "Inner",
                          "Parallel Aware": true,
                          "Startup Cost": 43899.32,
                          "Total Cost": 43899.32,
                          "Plan Rows": 556152,
                          "Plan Width": 4,
                          "Actual Startup Time": 383.958,
                          "Actual Total Time": 383.959,
                          "Actual Rows": 556142,
                          "Actual Loops": 4,
                          "Hash Buckets": 4194304,
                          "Original Hash Buckets": 4194304,
                          "Hash Batches": 1,
                          "Original Hash Batches": 1,
                          "Peak Memory Usage": 119872,
                          "Plans": [
                            {
                              "Node Type": "Seq Scan",
                              "Parent Relationship": "Outer",
                              "Parallel Aware": true,
                              "Relation Name": "title",
                              "Alias": "t",
                              "Startup Cost": 0.0,
                              "Total Cost": 43899.32,
                              "Plan Rows": 556152,
                              "Plan Width": 4,
                              "Actual Startup Time": 0.03,
                              "Actual Total Time": 139.072,
                              "Actual Rows": 556142,
                              "Actual Loops": 4,
                              "Filter": "(production_year < 2012)",
                              "Rows Removed by Filter": 75936
                            }
                          ]
                        }
                      ]
                    },
                    {
                      "Node Type": "Index Scan",
                      "Parent Relationship": "Inner",
                      "Parallel Aware": false,
                      "Scan Direction": "Forward",
                      "Index Name": "movie_id_movie_info",
                      "Relation Name": "movie_info",
                      "Alias": "mi",
                      "Startup Cost": 0.43,
                      "Total Cost": 1.64,
                      "Plan Rows": 27,
                      "Plan Width": 4,
                      "Actual Startup Time": 0.003,
                      "Actual Total Time": 0.01,
                      "Actual Rows": 11,
                      "Actual Loops": 271482,
                      "Index Cond": "(movie_id = t.id)",
                      "Rows Removed by Index Recheck": 0,
                      "Filter": "(info_type_id < 16)",
                      "Rows Removed by Filter": 8
                    }
                  ]
                }
              ]
            }
          ]
        }
      ]
    },
    "Planning Time": 0.679,
    "Triggers": [],
    "Execution Time": 1340.845
  }
]