[
  {
    "Plan": {
      "Node Type": "Aggregate",
      "Strategy": "Plain",
      "Partial Mode": "Finalize",
      "Parallel Aware": false,
      "Startup Cost": 45707.73,
      "Total Cost": 45707.74,
      "Plan Rows": 1,
      "Plan Width": 8,
      "Actual Startup Time": 134.975,
      "Actual Total Time": 142.125,
      "Actual Rows": 1,
      "Actual Loops": 1,
      "Plans": [
        {
          "Node Type": "Gather",
          "Parent Relationship": "Outer",
          "Parallel Aware": false,
          "Startup Cost": 45707.41,
          "Total Cost": 45707.72,
          "Plan Rows": 3,
          "Plan Width": 8,
          "Actual Startup Time": 134.899,
          "Actual Total Time": 142.119,
          "Actual Rows": 4,
          "Actual Loops": 1,
          "Workers Planned": 3,
          "Workers Launched": 3,
          "Single Copy": false,
          "Plans": [
            {
              "Node Type": "Aggregate",
              "Strategy": "Plain",
              "Partial Mode": "Partial",
              "Parent Relationship": "Outer",
              "Parallel Aware": false,
              "Startup Cost": 44707.41,
              "Total Cost": 44707.42,
              "Plan Rows": 1,
              "Plan Width": 8,
              "Actual Startup Time": 130.572,
              "Actual Total Time": 130.573,
              "Actual Rows": 1,
              "Actual Loops": 4,
              "Plans": [
                {
                  "Node Type": "Seq Scan",
                  "Parent Relationship": "Outer",
                  "Parallel Aware": true,
                  "Relation Name": "movie_keyword",
                  "Alias": "mk",
                  "Startup Cost": 0.0,
                  "Total Cost": 42695.65,
                  "Plan Rows": 804704,
                  "Plan Width": 0,
                  "Actual Startup Time": 0.213,
                  "Actual Total Time": 102.693,
                  "Actual Rows": 624366,
                  "Actual Loops": 4,
                  "Filter": "(keyword_id > 3627)",
                  "Rows Removed by Filter": 506616
                }
              ]
            }
          ]
        }
      ]
    },
    "Planning Time": 0.054,
    "Triggers": [],
    "Execution Time": 142.147
  }
]