[
  {
    "Plan": {
      "Node Type": "Aggregate",
      "Strategy": "Plain",
      "Partial Mode": "Finalize",
      "Parallel Aware": false,
      "Startup Cost": 223881.25,
      "Total Cost": 223881.26,
      "Plan Rows": 1,
      "Plan Width": 8,
      "Actual Startup Time": 1363.69,
      "Actual Total Time": 1411.798,
      "Actual Rows": 1,
      "Actual Loops": 1,
      "Plans": [
        {
          "Node Type": "Gather",
          "Parent Relationship": "Outer",
          "Parallel Aware": false,
          "Startup Cost": 223880.93,
          "Total Cost": 223881.24,
          "Plan Rows": 3,
          "Plan Width": 8,
          "Actual Startup Time": 1358.73,
          "Actual Total Time": 1411.789,
          "Actual Rows": 4,
          "Actual Loops": 1,
          "Workers Planned": 3,
          "Workers Launched": 3,
          "Single Copy": false,
          "Plans": [
            {
              "Node Type": "Aggregate",
              "Strategy": "Plain",
              "Partial Mode": "Partial",
              "Parent Relationship": "Outer",
              "Parallel Aware": false,
              "Startup Cost": 222880.93,
              "Total Cost": 222880.94,
              "Plan Rows": 1,
              "Plan Width": 8,
              "Actual Startup Time": 1344.738,
              "Actual Total Time": 1344.742,
              "Actual Rows": 1,
              "Actual Loops": 4,
              "Plans": [
                {
                  "Node Type": "Nested Loop",
                  "Parent Relationship": "Outer",
                  "Parallel Aware": false,
                  "Join Type": "Inner",
                  "Startup Cost": 56827.94,
                  "Total Cost": 222777.07,
                  "Plan Rows": 41547,
                  "Plan Width": 0,
                  "Actual Startup Time": 286.305,
                  "Actual Total Time": 1333.638,
                  "Actual Rows": 222255,
                  "Actual Loops": 4,
                  "Inner Unique": false,
                  "Plans": [
                    {
                      "Node Type": "Hash Join",
                      "Parent Relationship": "Outer",
                      "Parallel Aware": true,
                      "Join Type": "Inner",
                      "Startup Cost": 56827.5,
                      "Total Cost": 83139.66,
                      "Plan Rows": 75382,
                      "Plan Width": 8,
                      "Actual Startup Time": 285.786,
                      "Actual Total Time": 360.786,
                      "Actual Rows": 70486,
                      "Actual Loops": 4,
                      "Inner Unique": true,
                      "Hash Cond": "(mk.movie_id = t.id)",
                      "Plans": [
                        {
                          "Node Type": "Bitmap Heap Scan",
                          "Parent Relationship": "Outer",
                          "Parallel Aware": true,
                          "Relation Name": "movie_keyword",
                          "Alias": "mk",
                          "Startup Cost": 8079.98,
                          "Total Cost": 34069.65,
                          "Plan Rows": 122853,
                          "Plan Width": 4,
                          "Actual Startup Time": 23.217,
                          "Actual Total Time": 61.07,
                          "Actual Rows": 95417,
                          "Actual Loops": 4,
                          "Recheck Cond": "(keyword_id > 44804)",
                          "Rows Removed by Index Recheck": 0,
                          "Exact Heap Blocks": 6634,
                          "Lossy Heap Blocks": 0,
                          "Plans": [
                            {
                              "Node Type": "Bitmap Index Scan",
                              "Parent Relationship": "Outer",
                              "Parallel Aware": false,
                              "Index Name": "keyword_id_movie_keyword",
                              "Startup Cost": 0.0,
                              "Total Cost": 7984.77,
                              "Plan Rows": 380845,
                              "Plan Width": 0,
                              "Actual Startup Time": 19.885,
                              "Actual Total Time": 19.886,
                              "Actual Rows": 381669,
                              "Actual Loops": 1,
                              "Index Cond": "(keyword_id > 44804)"
                            }
                          ]
                        },
                        {
                          "Node Type": "Hash",
                          "Parent Relationship": "Inner",
                          "Parallel Aware": true,
                          "Startup Cost": 43899.32,
                          "Total Cost": 43899.32,
                          "Plan Rows": 387856,
                          "Plan Width": 4,
                          "Actual Startup Time": 254.853,
                          "Actual Total Time": 254.854,
                          "Actual Rows": 387932,
                          "Actual Loops": 4,
                          "Hash Buckets": 2097152,
                          "Original Hash Buckets": 2097152,
                          "Hash Batches": 1,
                          "Original Hash Batches": 1,
                          "Peak Memory Usage": 77152,
                          "Plans": [
                            {
                              "Node Type": "Seq Scan",
                              "Parent Relationship": "Outer",
                              "Parallel Aware": true,
                              "Relation Name": "title",
                              "Alias": "t",
                              "Startup Cost": 0.0,
                              "Total Cost": 43899.32,
                              "Plan Rows": 387856,
                              "Plan Width": 4,
                              "Actual Startup Time": 0.048,
                              "Actual Total Time": 107.769,
                              "Actual Rows": 387932,
                              "Actual Loops": 4,
                              "Filter": "(production_year < 2007)",
                              "Rows Removed by Filter": 244146
                            }
                          ]
                        }
                      ]
                    },
                    {
                      "Node Type": "Index Scan",
                      "Parent Relationship": "Inner",
                      "Parallel Aware": false,
                      "Scan Direction": "Forward",
                      "Index Name": "movie_id_movie_info",
                      "Relation Name": "movie_info",
                      "Alias": "mi",
                      "Startup Cost": 0.43,
                      "Total Cost": 1.81,
                      "Plan Rows": 4,
                      "Plan Width": 4,
                      "Actual Startup Time": 0.005,
                      "Actual Total Time": 0.013,
                      "Actual Rows": 3,
                      "Actual Loops": 281943,
                      "Index Cond": "(movie_id = t.id)",
                      "Rows Removed by Index Recheck": 0,
                      "Filter": "(info_type_id = 7)",
                      "Rows Removed by Filter": 55
                    }
                  ]
                }
              ]
            }
          ]
        }
      ]
    },
    "Planning Time": 1.219,
    "Triggers": [],
    "Execution Time": 1411.908
  }
]