[
  {
    "Plan": {
      "Node Type": "Aggregate",
      "Strategy": "Plain",
      "Partial Mode": "Finalize",
      "Parallel Aware": false,
      "Startup Cost": 45029.46,
      "Total Cost": 45029.47,
      "Plan Rows": 1,
      "Plan Width": 8,
      "Actual Startup Time": 130.117,
      "Actual Total Time": 140.833,
      "Actual Rows": 1,
      "Actual Loops": 1,
      "Plans": [
        {
          "Node Type": "Gather",
          "Parent Relationship": "Outer",
          "Parallel Aware": false,
          "Startup Cost": 45029.14,
          "Total Cost": 45029.45,
          "Plan Rows": 3,
          "Plan Width": 8,
          "Actual Startup Time": 129.941,
          "Actual Total Time": 140.824,
          "Actual Rows": 4,
          "Actual Loops": 1,
          "Workers Planned": 3,
          "Workers Launched": 3,
          "Single Copy": false,
          "Plans": [
            {
              "Node Type": "Aggregate",
              "Strategy": "Plain",
              "Partial Mode": "Partial",
              "Parent Relationship": "Outer",
              "Parallel Aware": false,
              "Startup Cost": 44029.14,
              "Total Cost": 44029.15,
              "Plan Rows": 1,
              "Plan Width": 8,
              "Actual Startup Time": 124.897,
              "Actual Total Time": 124.898,
              "Actual Rows": 1,
              "Actual Loops": 4,
              "Plans": [
                {
                  "Node Type": "Seq Scan",
                  "Parent Relationship": "Outer",
                  "Parallel Aware": true,
                  "Relation Name": "movie_keyword",
                  "Alias": "mk",
                  "Startup Cost": 0.0,
                  "Total Cost": 42695.65,
                  "Plan Rows": 533394,
                  "Plan Width": 0,
                  "Actual Startup Time": 0.532,
                  "Actual Total Time": 105.722,
                  "Actual Rows": 410021,
                  "Actual Loops": 4,
                  "Filter": "(keyword_id > 9023)",
                  "Rows Removed by Filter": 720962
                }
              ]
            }
          ]
        }
      ]
    },
    "Planning Time": 0.098,
    "Triggers": [],
    "Execution Time": 140.867
  }
]