{
    "Plan": {
        "Node Type": "Aggregate",
        "Strategy": "Plain",
        "Partial Mode": "Finalize",
        "Parallel Aware": false,
        "Startup Cost": 278053.7,
        "Total Cost": 278053.71,
        "Plan Rows": 1,
        "Plan Width": 8,
        "Actual Startup Time": 1022.087,
        "Actual Total Time": 1053.891,
        "Actual Rows": 1,
        "Actual Loops": 1,
        "Output": [
            "count(*)"
        ],
        "Plans": [
            {
                "Node Type": "Gather",
                "Parent Relationship": "Outer",
                "Parallel Aware": false,
                "Startup Cost": 278053.07,
                "Total Cost": 278053.68,
                "Plan Rows": 6,
                "Plan Width": 8,
                "Actual Startup Time": 1015.48,
                "Actual Total Time": 1053.88,
                "Actual Rows": 7,
                "Actual Loops": 1,
                "Output": [
                    "(PARTIAL count(*))"
                ],
                "Workers Planned": 6,
                "Workers Launched": 6,
                "Single Copy": false,
                "Plans": [
                    {
                        "Node Type": "Aggregate",
                        "Strategy": "Plain",
                        "Partial Mode": "Partial",
                        "Parent Relationship": "Outer",
                        "Parallel Aware": false,
                        "Startup Cost": 277053.07,
                        "Total Cost": 277053.08,
                        "Plan Rows": 1,
                        "Plan Width": 8,
                        "Actual Startup Time": 1000.48,
                        "Actual Total Time": 1000.484,
                        "Actual Rows": 1,
                        "Actual Loops": 7,
                        "Output": [
                            "PARTIAL count(*)"
                        ],
                        "Workers": [
                            {
                                "Worker Number": 0,
                                "Actual Startup Time": 997.825,
                                "Actual Total Time": 997.828,
                                "Actual Rows": 1,
                                "Actual Loops": 1
                            },
                            {
                                "Worker Number": 1,
                                "Actual Startup Time": 999.444,
                                "Actual Total Time": 999.448,
                                "Actual Rows": 1,
                                "Actual Loops": 1
                            },
                            {
                                "Worker Number": 2,
                                "Actual Startup Time": 997.743,
                                "Actual Total Time": 997.746,
                                "Actual Rows": 1,
                                "Actual Loops": 1
                            },
                            {
                                "Worker Number": 3,
                                "Actual Startup Time": 998.169,
                                "Actual Total Time": 998.173,
                                "Actual Rows": 1,
                                "Actual Loops": 1
                            },
                            {
                                "Worker Number": 4,
                                "Actual Startup Time": 997.603,
                                "Actual Total Time": 997.607,
                                "Actual Rows": 1,
                                "Actual Loops": 1
                            },
                            {
                                "Worker Number": 5,
                                "Actual Startup Time": 998.082,
                                "Actual Total Time": 998.085,
                                "Actual Rows": 1,
                                "Actual Loops": 1
                            }
                        ],
                        "Plans": [
                            {
                                "Node Type": "Hash Join",
                                "Parent Relationship": "Outer",
                                "Parallel Aware": true,
                                "Join Type": "Inner",
                                "Startup Cost": 48528.08,
                                "Total Cost": 274996.59,
                                "Plan Rows": 822593,
                                "Plan Width": 0,
                                "Actual Startup Time": 195.365,
                                "Actual Total Time": 961.895,
                                "Actual Rows": 829761,
                                "Actual Loops": 7,
                                "Inner Unique": true,
                                "Hash Cond": "(ci.movie_id = t.id)",
                                "Workers": [
                                    {
                                        "Worker Number": 0,
                                        "Actual Startup Time": 192.935,
                                        "Actual Total Time": 955.247,
                                        "Actual Rows": 648389,
                                        "Actual Loops": 1
                                    },
                                    {
                                        "Worker Number": 1,
                                        "Actual Startup Time": 193.09,
                                        "Actual Total Time": 958.144,
                                        "Actual Rows": 628869,
                                        "Actual Loops": 1
                                    },
                                    {
                                        "Worker Number": 2,
                                        "Actual Startup Time": 192.821,
                                        "Actual Total Time": 961.45,
                                        "Actual Rows": 894669,
                                        "Actual Loops": 1
                                    },
                                    {
                                        "Worker Number": 3,
                                        "Actual Startup Time": 193.075,
                                        "Actual Total Time": 962.605,
                                        "Actual Rows": 865645,
                                        "Actual Loops": 1
                                    },
                                    {
                                        "Worker Number": 4,
                                        "Actual Startup Time": 192.763,
                                        "Actual Total Time": 960.53,
                                        "Actual Rows": 913318,
                                        "Actual Loops": 1
                                    },
                                    {
                                        "Worker Number": 5,
                                        "Actual Startup Time": 193.337,
                                        "Actual Total Time": 962.8,
                                        "Actual Rows": 858257,
                                        "Actual Loops": 1
                                    }
                                ],
                                "Plans": [
                                    {
                                        "Node Type": "Index Scan",
                                        "Parent Relationship": "Outer",
                                        "Parallel Aware": true,
                                        "Scan Direction": "Forward",
                                        "Index Name": "role_id_cast_info",
                                        "Relation Name": "cast_info",
                                        "Schema": "public",
                                        "Alias": "ci",
                                        "Startup Cost": 0.56,
                                        "Total Cost": 222783.06,
                                        "Plan Rows": 1404191,
                                        "Plan Width": 4,
                                        "Actual Startup Time": 0.201,
                                        "Actual Total Time": 264.316,
                                        "Actual Rows": 1212331,
                                        "Actual Loops": 7,
                                        "Output": [
                                            "ci.id",
                                            "ci.person_id",
                                            "ci.movie_id",
                                            "ci.person_role_id",
                                            "ci.note",
                                            "ci.nr_order",
                                            "ci.role_id"
                                        ],
                                        "Index Cond": "(ci.role_id > 5)",
                                        "Rows Removed by Index Recheck": 0,
                                        "Workers": [
                                            {
                                                "Worker Number": 0,
                                                "Actual Startup Time": 0.291,
                                                "Actual Total Time": 286.32,
                                                "Actual Rows": 948494,
                                                "Actual Loops": 1
                                            },
                                            {
                                                "Worker Number": 1,
                                                "Actual Startup Time": 0.091,
                                                "Actual Total Time": 281.944,
                                                "Actual Rows": 921861,
                                                "Actual Loops": 1
                                            },
                                            {
                                                "Worker Number": 2,
                                                "Actual Startup Time": 0.316,
                                                "Actual Total Time": 266.055,
                                                "Actual Rows": 1310033,
                                                "Actual Loops": 1
                                            },
                                            {
                                                "Worker Number": 3,
                                                "Actual Startup Time": 0.099,
                                                "Actual Total Time": 263.097,
                                                "Actual Rows": 1259553,
                                                "Actual Loops": 1
                                            },
                                            {
                                                "Worker Number": 4,
                                                "Actual Startup Time": 0.163,
                                                "Actual Total Time": 268.468,
                                                "Actual Rows": 1329664,
                                                "Actual Loops": 1
                                            },
                                            {
                                                "Worker Number": 5,
                                                "Actual Startup Time": 0.317,
                                                "Actual Total Time": 263.906,
                                                "Actual Rows": 1253090,
                                                "Actual Loops": 1
                                            }
                                        ]
                                    },
                                    {
                                        "Node Type": "Hash",
                                        "Parent Relationship": "Inner",
                                        "Parallel Aware": true,
                                        "Startup Cost": 43899.01,
                                        "Total Cost": 43899.01,
                                        "Plan Rows": 370281,
                                        "Plan Width": 4,
                                        "Actual Startup Time": 190.428,
                                        "Actual Total Time": 190.429,
                                        "Actual Rows": 212147,
                                        "Actual Loops": 7,
                                        "Output": [
                                            "t.id"
                                        ],
                                        "Hash Buckets": 2097152,
                                        "Original Hash Buckets": 2097152,
                                        "Hash Batches": 1,
                                        "Original Hash Batches": 1,
                                        "Peak Memory Usage": 74592,
                                        "Workers": [
                                            {
                                                "Worker Number": 0,
                                                "Actual Startup Time": 191.965,
                                                "Actual Total Time": 191.966,
                                                "Actual Rows": 162092,
                                                "Actual Loops": 1
                                            },
                                            {
                                                "Worker Number": 1,
                                                "Actual Startup Time": 192.411,
                                                "Actual Total Time": 192.412,
                                                "Actual Rows": 159978,
                                                "Actual Loops": 1
                                            },
                                            {
                                                "Worker Number": 2,
                                                "Actual Startup Time": 192.108,
                                                "Actual Total Time": 192.11,
                                                "Actual Rows": 213279,
                                                "Actual Loops": 1
                                            },
                                            {
                                                "Worker Number": 3,
                                                "Actual Startup Time": 192.602,
                                                "Actual Total Time": 192.603,
                                                "Actual Rows": 211621,
                                                "Actual Loops": 1
                                            },
                                            {
                                                "Worker Number": 4,
                                                "Actual Startup Time": 191.983,
                                                "Actual Total Time": 191.984,
                                                "Actual Rows": 218715,
                                                "Actual Loops": 1
                                            },
                                            {
                                                "Worker Number": 5,
                                                "Actual Startup Time": 192.394,
                                                "Actual Total Time": 192.395,
                                                "Actual Rows": 202952,
                                                "Actual Loops": 1
                                            }
                                        ],
                                        "Plans": [
                                            {
                                                "Node Type": "Seq Scan",
                                                "Parent Relationship": "Outer",
                                                "Parallel Aware": true,
                                                "Relation Name": "title",
                                                "Schema": "public",
                                                "Alias": "t",
                                                "Startup Cost": 0.0,
                                                "Total Cost": 43899.01,
                                                "Plan Rows": 370281,
                                                "Plan Width": 4,
                                                "Actual Startup Time": 0.061,
                                                "Actual Total Time": 80.736,
                                                "Actual Rows": 212147,
                                                "Actual Loops": 7,
                                                "Output": [
                                                    "t.id"
                                                ],
                                                "Filter": "(t.production_year > 1998)",
                                                "Rows Removed by Filter": 149040,
                                                "Workers": [
                                                    {
                                                        "Worker Number": 0,
                                                        "Actual Startup Time": 0.073,
                                                        "Actual Total Time": 85.054,
                                                        "Actual Rows": 162092,
                                                        "Actual Loops": 1
                                                    },
                                                    {
                                                        "Worker Number": 1,
                                                        "Actual Startup Time": 0.074,
                                                        "Actual Total Time": 83.495,
                                                        "Actual Rows": 159978,
                                                        "Actual Loops": 1
                                                    },
                                                    {
                                                        "Worker Number": 2,
                                                        "Actual Startup Time": 0.064,
                                                        "Actual Total Time": 82.619,
                                                        "Actual Rows": 213279,
                                                        "Actual Loops": 1
                                                    },
                                                    {
                                                        "Worker Number": 3,
                                                        "Actual Startup Time": 0.062,
                                                        "Actual Total Time": 81.306,
                                                        "Actual Rows": 211621,
                                                        "Actual Loops": 1
                                                    },
                                                    {
                                                        "Worker Number": 4,
                                                        "Actual Startup Time": 0.068,
                                                        "Actual Total Time": 82.893,
                                                        "Actual Rows": 218715,
                                                        "Actual Loops": 1
                                                    },
                                                    {
                                                        "Worker Number": 5,
                                                        "Actual Startup Time": 0.071,
                                                        "Actual Total Time": 81.378,
                                                        "Actual Rows": 202952,
                                                        "Actual Loops": 1
                                                    }
                                                ]
                                            }
                                        ]
                                    }
                                ]
                            }
                        ]
                    }
                ]
            }
        ]
    },
    "Planning Time": 0.679,
    "Triggers": [],
    "Execution Time": 1053.978
}