[
  {
    "Plan": {
      "Node Type": "Aggregate",
      "Strategy": "Plain",
      "Partial Mode": "Finalize",
      "Parallel Aware": false,
      "Startup Cost": 33127.14,
      "Total Cost": 33127.15,
      "Plan Rows": 1,
      "Plan Width": 8,
      "Actual Startup Time": 93.534,
      "Actual Total Time": 99.546,
      "Actual Rows": 1,
      "Actual Loops": 1,
      "Plans": [
        {
          "Node Type": "Gather",
          "Parent Relationship": "Outer",
          "Parallel Aware": false,
          "Startup Cost": 33126.82,
          "Total Cost": 33127.13,
          "Plan Rows": 3,
          "Plan Width": 8,
          "Actual Startup Time": 93.429,
          "Actual Total Time": 99.539,
          "Actual Rows": 4,
          "Actual Loops": 1,
          "Workers Planned": 3,
          "Workers Launched": 3,
          "Single Copy": false,
          "Plans": [
            {
              "Node Type": "Aggregate",
              "Strategy": "Plain",
              "Partial Mode": "Partial",
              "Parent Relationship": "Outer",
              "Parallel Aware": false,
              "Startup Cost": 32126.82,
              "Total Cost": 32126.83,
              "Plan Rows": 1,
              "Plan Width": 8,
              "Actual Startup Time": 90.003,
              "Actual Total Time": 90.004,
              "Actual Rows": 1,
              "Actual Loops": 4,
              "Plans": [
                {
                  "Node Type": "Seq Scan",
                  "Parent Relationship": "Outer",
                  "Parallel Aware": true,
                  "Relation Name": "movie_companies",
                  "Alias": "mc",
                  "Startup Cost": 0.0,
                  "Total Cost": 31414.82,
                  "Plan Rows": 284800,
                  "Plan Width": 0,
                  "Actual Startup Time": 35.847,
                  "Actual Total Time": 76.467,
                  "Actual Rows": 269283,
                  "Actual Loops": 4,
                  "Filter": "((company_id > 2651) AND (company_type_id = 2))",
                  "Rows Removed by Filter": 382999
                }
              ]
            }
          ]
        }
      ]
    },
    "Planning Time": 0.1,
    "Triggers": [],
    "Execution Time": 99.575
  }
]