[
  {
    "Plan": {
      "Node Type": "Aggregate",
      "Strategy": "Plain",
      "Partial Mode": "Finalize",
      "Parallel Aware": false,
      "Startup Cost": 33120.26,
      "Total Cost": 33120.27,
      "Plan Rows": 1,
      "Plan Width": 8,
      "Actual Startup Time": 105.292,
      "Actual Total Time": 112.927,
      "Actual Rows": 1,
      "Actual Loops": 1,
      "Plans": [
        {
          "Node Type": "Gather",
          "Parent Relationship": "Outer",
          "Parallel Aware": false,
          "Startup Cost": 33119.94,
          "Total Cost": 33120.25,
          "Plan Rows": 3,
          "Plan Width": 8,
          "Actual Startup Time": 105.219,
          "Actual Total Time": 112.918,
          "Actual Rows": 4,
          "Actual Loops": 1,
          "Workers Planned": 3,
          "Workers Launched": 3,
          "Single Copy": false,
          "Plans": [
            {
              "Node Type": "Aggregate",
              "Strategy": "Plain",
              "Partial Mode": "Partial",
              "Parent Relationship": "Outer",
              "Parallel Aware": false,
              "Startup Cost": 32119.94,
              "Total Cost": 32119.95,
              "Plan Rows": 1,
              "Plan Width": 8,
              "Actual Startup Time": 97.237,
              "Actual Total Time": 97.238,
              "Actual Rows": 1,
              "Actual Loops": 4,
              "Plans": [
                {
                  "Node Type": "Seq Scan",
                  "Parent Relationship": "Outer",
                  "Parallel Aware": true,
                  "Relation Name": "movie_companies",
                  "Alias": "mc",
                  "Startup Cost": 0.0,
                  "Total Cost": 31414.82,
                  "Plan Rows": 282049,
                  "Plan Width": 0,
                  "Actual Startup Time": 48.649,
                  "Actual Total Time": 85.887,
                  "Actual Rows": 269283,
                  "Actual Loops": 4,
                  "Filter": "((company_id > 2651) AND (company_type_id = 2))",
                  "Rows Removed by Filter": 382999
                }
              ]
            }
          ]
        }
      ]
    },
    "Planning Time": 0.178,
    "Triggers": [],
    "Execution Time": 112.976
  }
]