[
  {
    "Plan": {
      "Node Type": "Aggregate",
      "Strategy": "Plain",
      "Partial Mode": "Finalize",
      "Parallel Aware": false,
      "Startup Cost": 47258.59,
      "Total Cost": 47258.6,
      "Plan Rows": 1,
      "Plan Width": 8,
      "Actual Startup Time": 214.485,
      "Actual Total Time": 222.835,
      "Actual Rows": 1,
      "Actual Loops": 1,
      "Plans": [
        {
          "Node Type": "Gather",
          "Parent Relationship": "Outer",
          "Parallel Aware": false,
          "Startup Cost": 47258.28,
          "Total Cost": 47258.59,
          "Plan Rows": 3,
          "Plan Width": 8,
          "Actual Startup Time": 214.345,
          "Actual Total Time": 222.827,
          "Actual Rows": 4,
          "Actual Loops": 1,
          "Workers Planned": 3,
          "Workers Launched": 3,
          "Single Copy": false,
          "Plans": [
            {
              "Node Type": "Aggregate",
              "Strategy": "Plain",
              "Partial Mode": "Partial",
              "Parent Relationship": "Outer",
              "Parallel Aware": false,
              "Startup Cost": 46258.28,
              "Total Cost": 46258.29,
              "Plan Rows": 1,
              "Plan Width": 8,
              "Actual Startup Time": 208.897,
              "Actual Total Time": 208.899,
              "Actual Rows": 1,
              "Actual Loops": 4,
              "Plans": [
                {
                  "Node Type": "Seq Scan",
                  "Parent Relationship": "Outer",
                  "Parallel Aware": true,
                  "Relation Name": "movie_keyword",
                  "Alias": "mk",
                  "Startup Cost": 0.0,
                  "Total Cost": 42695.65,
                  "Plan Rows": 1425049,
                  "Plan Width": 0,
                  "Actual Startup Time": 0.037,
                  "Actual Total Time": 146.983,
                  "Actual Rows": 1104599,
                  "Actual Loops": 4,
                  "Filter": "(keyword_id < 81044)",
                  "Rows Removed by Filter": 26384
                }
              ]
            }
          ]
        }
      ]
    },
    "Planning Time": 0.194,
    "Triggers": [],
    "Execution Time": 222.891
  }
]