{
  "Plan": {
    "Node Type": "Aggregate",
    "Strategy": "Plain",
    "Partial Mode": "Finalize",
    "Parallel Aware": false,
    "Startup Cost": 156006.62,
    "Total Cost": 156006.63,
    "Plan Rows": 1,
    "Plan Width": 8,
    "Actual Startup Time": 1350.81,
    "Actual Total Time": 1375.476,
    "Actual Rows": 1,
    "Actual Loops": 1,
    "Plans": [
      {
        "Node Type": "Gather",
        "Parent Relationship": "Outer",
        "Parallel Aware": false,
        "Startup Cost": 156006.51,
        "Total Cost": 156006.62,
        "Plan Rows": 1,
        "Plan Width": 8,
        "Actual Startup Time": 1345.413,
        "Actual Total Time": 1375.461,
        "Actual Rows": 2,
        "Actual Loops": 1,
        "Workers Planned": 1,
        "Workers Launched": 1,
        "Single Copy": false,
        "Plans": [
          {
            "Node Type": "Aggregate",
            "Strategy": "Plain",
            "Partial Mode": "Partial",
            "Parent Relationship": "Outer",
            "Parallel Aware": false,
            "Startup Cost": 155006.51,
            "Total Cost": 155006.52,
            "Plan Rows": 1,
            "Plan Width": 8,
            "Actual Startup Time": 1341.839,
            "Actual Total Time": 1342.322,
            "Actual Rows": 1,
            "Actual Loops": 2,
            "Plans": [
              {
                "Node Type": "Hash Join",
                "Parent Relationship": "Outer",
                "Parallel Aware": true,
                "Join Type": "Inner",
                "Startup Cost": 112578.5,
                "Total Cost": 154250.53,
                "Plan Rows": 302392,
                "Plan Width": 0,
                "Actual Startup Time": 875.669,
                "Actual Total Time": 1281.69,
                "Actual Rows": 1497946,
                "Actual Loops": 2,
                "Inner Unique": false,
                "Hash Cond": "(mc.movie_id = t.id)",
                "Plans": [
                  {
                    "Node Type": "Seq Scan",
                    "Parent Relationship": "Outer",
                    "Parallel Aware": true,
                    "Relation Name": "movie_companies",
                    "Alias": "mc",
                    "Startup Cost": 0.0,
                    "Total Cost": 34137.82,
                    "Plan Rows": 1534782,
                    "Plan Width": 4,
                    "Actual Startup Time": 0.017,
                    "Actual Total Time": 100.671,
                    "Actual Rows": 1304564,
                    "Actual Loops": 2
                  },
                  {
                    "Node Type": "Hash",
                    "Parent Relationship": "Inner",
                    "Parallel Aware": true,
                    "Startup Cost": 108915.7,
                    "Total Cost": 108915.7,
                    "Plan Rows": 293024,
                    "Plan Width": 8,
                    "Actual Startup Time": 870.187,
                    "Actual Total Time": 870.668,
                    "Actual Rows": 254743,
                    "Actual Loops": 2,
                    "Hash Buckets": 524288,
                    "Original Hash Buckets": 524288,
                    "Hash Batches": 1,
                    "Original Hash Batches": 1,
                    "Peak Memory Usage": 24064,
                    "Plans": [
                      {
                        "Node Type": "Hash Join",
                        "Parent Relationship": "Outer",
                        "Parallel Aware": true,
                        "Join Type": "Inner",
                        "Startup Cost": 80029.72,
                        "Total Cost": 108915.7,
                        "Plan Rows": 293024,
                        "Plan Width": 8,
                        "Actual Startup Time": 629.208,
                        "Actual Total Time": 806.232,
                        "Actual Rows": 254743,
                        "Actual Loops": 2,
                        "Inner Unique": true,
                        "Hash Cond": "(mk.movie_id = t.id)",
                        "Plans": [
                          {
                            "Node Type": "Bitmap Heap Scan",
                            "Parent Relationship": "Outer",
                            "Parallel Aware": true,
                            "Relation Name": "movie_keyword",
                            "Alias": "mk",
                            "Startup Cost": 10569.02,
                            "Total Cost": 38685.81,
                            "Plan Rows": 293024,
                            "Plan Width": 4,
                            "Actual Startup Time": 38.089,
                            "Actual Total Time": 117.769,
                            "Actual Rows": 254743,
                            "Actual Loops": 2,
                            "Recheck Cond": "(keyword_id < 373)",
                            "Rows Removed by Index Recheck": 0,
                            "Exact Heap Blocks": 12549,
                            "Lossy Heap Blocks": 0,
                            "Plans": [
                              {
                                "Node Type": "Bitmap Index Scan",
                                "Parent Relationship": "Outer",
                                "Parallel Aware": false,
                                "Index Name": "keyword_id_movie_keyword",
                                "Startup Cost": 0.0,
                                "Total Cost": 10444.48,
                                "Plan Rows": 498140,
                                "Plan Width": 0,
                                "Actual Startup Time": 31.853,
                                "Actual Total Time": 31.853,
                                "Actual Rows": 509486,
                                "Actual Loops": 1,
                                "Index Cond": "(keyword_id < 373)"
                              }
                            ]
                          },
                          {
                            "Node Type": "Hash",
                            "Parent Relationship": "Inner",
                            "Parallel Aware": true,
                            "Startup Cost": 50870.31,
                            "Total Cost": 50870.31,
                            "Plan Rows": 1487231,
                            "Plan Width": 4,
                            "Actual Startup Time": 572.724,
                            "Actual Total Time": 572.726,
                            "Actual Rows": 1264156,
                            "Actual Loops": 2,
                            "Hash Buckets": 4194304,
                            "Original Hash Buckets": 4194304,
                            "Hash Batches": 1,
                            "Original Hash Batches": 1,
                            "Peak Memory Usage": 131712,
                            "Plans": [
                              {
                                "Node Type": "Seq Scan",
                                "Parent Relationship": "Outer",
                                "Parallel Aware": true,
                                "Relation Name": "title",
                                "Alias": "t",
                                "Startup Cost": 0.0,
                                "Total Cost": 50870.31,
                                "Plan Rows": 1487231,
                                "Plan Width": 4,
                                "Actual Startup Time": 0.026,
                                "Actual Total Time": 161.244,
                                "Actual Rows": 1264156,
                                "Actual Loops": 2
                              }
                            ]
                          }
                        ]
                      }
                    ]
                  }
                ]
              }
            ]
          }
        ]
      }
    ]
  },
  "Planning Time": 1.138,
  "Triggers": [],
  "Execution Time": 1375.589
}