[
  {
    "Plan": {
      "Node Type": "Aggregate",
      "Strategy": "Plain",
      "Partial Mode": "Finalize",
      "Parallel Aware": false,
      "Startup Cost": 412297.74,
      "Total Cost": 412297.75,
      "Plan Rows": 1,
      "Plan Width": 8,
      "Actual Startup Time": 4594.139,
      "Actual Total Time": 4679.922,
      "Actual Rows": 1,
      "Actual Loops": 1,
      "Plans": [
        {
          "Node Type": "Gather",
          "Parent Relationship": "Outer",
          "Parallel Aware": false,
          "Startup Cost": 412297.42,
          "Total Cost": 412297.73,
          "Plan Rows": 3,
          "Plan Width": 8,
          "Actual Startup Time": 4591.065,
          "Actual Total Time": 4679.911,
          "Actual Rows": 4,
          "Actual Loops": 1,
          "Workers Planned": 3,
          "Workers Launched": 3,
          "Single Copy": false,
          "Plans": [
            {
              "Node Type": "Aggregate",
              "Strategy": "Plain",
              "Partial Mode": "Partial",
              "Parent Relationship": "Outer",
              "Parallel Aware": false,
              "Startup Cost": 411297.42,
              "Total Cost": 411297.43,
              "Plan Rows": 1,
              "Plan Width": 8,
              "Actual Startup Time": 4581.551,
              "Actual Total Time": 4581.555,
              "Actual Rows": 1,
              "Actual Loops": 4,
              "Plans": [
                {
                  "Node Type": "Nested Loop",
                  "Parent Relationship": "Outer",
                  "Parallel Aware": false,
                  "Join Type": "Inner",
                  "Startup Cost": 47735.71,
                  "Total Cost": 407317.12,
                  "Plan Rows": 1592123,
                  "Plan Width": 0,
                  "Actual Startup Time": 197.088,
                  "Actual Total Time": 4397.161,
                  "Actual Rows": 4239409,
                  "Actual Loops": 4,
                  "Inner Unique": false,
                  "Join Filter": "(t.id = ci.movie_id)",
                  "Rows Removed by Join Filter": 0,
                  "Plans": [
                    {
                      "Node Type": "Hash Join",
                      "Parent Relationship": "Outer",
                      "Parallel Aware": true,
                      "Join Type": "Inner",
                      "Startup Cost": 47735.15,
                      "Total Cost": 80171.42,
                      "Plan Rows": 111112,
                      "Plan Width": 8,
                      "Actual Startup Time": 196.997,
                      "Actual Total Time": 371.788,
                      "Actual Rows": 150357,
                      "Actual Loops": 4,
                      "Inner Unique": true,
                      "Hash Cond": "(mc.movie_id = t.id)",
                      "Plans": [
                        {
                          "Node Type": "Seq Scan",
                          "Parent Relationship": "Outer",
                          "Parallel Aware": true,
                          "Relation Name": "movie_companies",
                          "Alias": "mc",
                          "Startup Cost": 0.0,
                          "Total Cost": 31414.82,
                          "Plan Rows": 389125,
                          "Plan Width": 4,
                          "Actual Startup Time": 30.498,
                          "Actual Total Time": 75.188,
                          "Actual Rows": 320123,
                          "Actual Loops": 4,
                          "Filter": "((company_id > 92) AND (company_type_id = 2))",
                          "Rows Removed by Filter": 332159
                        },
                        {
                          "Node Type": "Hash",
                          "Parent Relationship": "Inner",
                          "Parallel Aware": true,
                          "Startup Cost": 45479.1,
                          "Total Cost": 45479.1,
                          "Plan Rows": 180484,
                          "Plan Width": 4,
                          "Actual Startup Time": 161.319,
                          "Actual Total Time": 161.32,
                          "Actual Rows": 153436,
                          "Actual Loops": 4,
                          "Hash Buckets": 1048576,
                          "Original Hash Buckets": 1048576,
                          "Hash Batches": 1,
                          "Original Hash Batches": 1,
                          "Peak Memory Usage": 32256,
                          "Plans": [
                            {
                              "Node Type": "Seq Scan",
                              "Parent Relationship": "Outer",
                              "Parallel Aware": true,
                              "Relation Name": "title",
                              "Alias": "t",
                              "Startup Cost": 0.0,
                              "Total Cost": 45479.1,
                              "Plan Rows": 180484,
                              "Plan Width": 4,
                              "Actual Startup Time": 0.052,
                              "Actual Total Time": 103.62,
                              "Actual Rows": 153436,
                              "Actual Loops": 4,
                              "Filter": "((kind_id < 4) AND (production_year > 1967))",
                              "Rows Removed by Filter": 478642
                            }
                          ]
                        }
                      ]
                    },
                    {
                      "Node Type": "Index Only Scan",
                      "Parent Relationship": "Inner",
                      "Parallel Aware": false,
                      "Scan Direction": "Forward",
                      "Index Name": "movie_id_cast_info",
                      "Relation Name": "cast_info",
                      "Alias": "ci",
                      "Startup Cost": 0.56,
                      "Total Cost": 2.48,
                      "Plan Rows": 37,
                      "Plan Width": 4,
                      "Actual Startup Time": 0.004,
                      "Actual Total Time": 0.024,
                      "Actual Rows": 28,
                      "Actual Loops": 601429,
                      "Index Cond": "(movie_id = mc.movie_id)",
                      "Rows Removed by Index Recheck": 0,
                      "Heap Fetches": 16957635
                    }
                  ]
                }
              ]
            }
          ]
        }
      ]
    },
    "Planning Time": 1.389,
    "Triggers": [],
    "Execution Time": 4680.029
  }
]