{
  "Plan": {
    "Node Type": "Aggregate",
    "Strategy": "Plain",
    "Partial Mode": "Finalize",
    "Parallel Aware": false,
    "Startup Cost": 87530.37,
    "Total Cost": 87530.38,
    "Plan Rows": 1,
    "Plan Width": 8,
    "Actual Startup Time": 240.737,
    "Actual Total Time": 256.806,
    "Actual Rows": 1,
    "Actual Loops": 1,
    "Plans": [
      {
        "Node Type": "Gather",
        "Parent Relationship": "Outer",
        "Parallel Aware": false,
        "Startup Cost": 87530.26,
        "Total Cost": 87530.37,
        "Plan Rows": 1,
        "Plan Width": 8,
        "Actual Startup Time": 239.977,
        "Actual Total Time": 256.799,
        "Actual Rows": 2,
        "Actual Loops": 1,
        "Workers Planned": 1,
        "Workers Launched": 1,
        "Single Copy": false,
        "Plans": [
          {
            "Node Type": "Aggregate",
            "Strategy": "Plain",
            "Partial Mode": "Partial",
            "Parent Relationship": "Outer",
            "Parallel Aware": false,
            "Startup Cost": 86530.26,
            "Total Cost": 86530.27,
            "Plan Rows": 1,
            "Plan Width": 8,
            "Actual Startup Time": 233.647,
            "Actual Total Time": 233.651,
            "Actual Rows": 1,
            "Actual Loops": 2,
            "Plans": [
              {
                "Node Type": "Hash Join",
                "Parent Relationship": "Outer",
                "Parallel Aware": true,
                "Join Type": "Inner",
                "Startup Cost": 65107.88,
                "Total Cost": 86520.65,
                "Plan Rows": 3846,
                "Plan Width": 0,
                "Actual Startup Time": 176.015,
                "Actual Total Time": 233.458,
                "Actual Rows": 2828,
                "Actual Loops": 2,
                "Inner Unique": true,
                "Hash Cond": "(mc.movie_id = t.id)",
                "Plans": [
                  {
                    "Node Type": "Bitmap Heap Scan",
                    "Parent Relationship": "Outer",
                    "Parallel Aware": true,
                    "Relation Name": "movie_companies",
                    "Alias": "mc",
                    "Startup Cost": 6389.05,
                    "Total Cost": 27346.63,
                    "Plan Rows": 173406,
                    "Plan Width": 4,
                    "Actual Startup Time": 16.225,
                    "Actual Total Time": 53.775,
                    "Actual Rows": 146438,
                    "Actual Loops": 2,
                    "Recheck Cond": "(company_id < 160)",
                    "Rows Removed by Index Recheck": 0,
                    "Exact Heap Blocks": 10735,
                    "Lossy Heap Blocks": 0,
                    "Plans": [
                      {
                        "Node Type": "Bitmap Index Scan",
                        "Parent Relationship": "Outer",
                        "Parallel Aware": false,
                        "Index Name": "company_id_movie_companies",
                        "Startup Cost": 0.0,
                        "Total Cost": 6315.35,
                        "Plan Rows": 294790,
                        "Plan Width": 0,
                        "Actual Startup Time": 13.574,
                        "Actual Total Time": 13.575,
                        "Actual Rows": 292877,
                        "Actual Loops": 1,
                        "Index Cond": "(company_id < 160)"
                      }
                    ]
                  },
                  {
                    "Node Type": "Hash",
                    "Parent Relationship": "Inner",
                    "Parallel Aware": true,
                    "Startup Cost": 58306.47,
                    "Total Cost": 58306.47,
                    "Plan Rows": 32989,
                    "Plan Width": 4,
                    "Actual Startup Time": 157.043,
                    "Actual Total Time": 157.044,
                    "Actual Rows": 72751,
                    "Actual Loops": 2,
                    "Hash Buckets": 262144,
                    "Original Hash Buckets": 65536,
                    "Hash Batches": 1,
                    "Original Hash Batches": 1,
                    "Peak Memory Usage": 9312,
                    "Plans": [
                      {
                        "Node Type": "Seq Scan",
                        "Parent Relationship": "Outer",
                        "Parallel Aware": true,
                        "Relation Name": "title",
                        "Alias": "t",
                        "Startup Cost": 0.0,
                        "Total Cost": 58306.47,
                        "Plan Rows": 32989,
                        "Plan Width": 4,
                        "Actual Startup Time": 4.817,
                        "Actual Total Time": 138.062,
                        "Actual Rows": 72751,
                        "Actual Loops": 2,
                        "Filter": "((kind_id < 7) AND (production_year < 1942))",
                        "Rows Removed by Filter": 1191405
                      }
                    ]
                  }
                ]
              }
            ]
          }
        ]
      }
    ]
  },
  "Planning Time": 0.471,
  "Triggers": [],
  "Execution Time": 256.899
}