[
    {
        "Bao": {
            "Bao prediction": "NaN",
            "Bao recommended hint": "(no hint)"
        }
    },
    {
        "Plan": {
            "Node Type": "Aggregate",
            "Strategy": "Plain",
            "Partial Mode": "Finalize",
            "Parallel Aware": false,
            "Startup Cost": 43301.96,
            "Total Cost": 43301.97,
            "Plan Rows": 1,
            "Plan Width": 8,
            "Actual Startup Time": 141.923,
            "Actual Total Time": 150.647,
            "Actual Rows": 1,
            "Actual Loops": 1,
            "Output": [
                "count(*)"
            ],
            "Plans": [
                {
                    "Node Type": "Gather",
                    "Parent Relationship": "Outer",
                    "Parallel Aware": false,
                    "Startup Cost": 43301.65,
                    "Total Cost": 43301.96,
                    "Plan Rows": 3,
                    "Plan Width": 8,
                    "Actual Startup Time": 141.474,
                    "Actual Total Time": 150.638,
                    "Actual Rows": 4,
                    "Actual Loops": 1,
                    "Output": [
                        "(PARTIAL count(*))"
                    ],
                    "Workers Planned": 3,
                    "Workers Launched": 3,
                    "Single Copy": false,
                    "Plans": [
                        {
                            "Node Type": "Aggregate",
                            "Strategy": "Plain",
                            "Partial Mode": "Partial",
                            "Parent Relationship": "Outer",
                            "Parallel Aware": false,
                            "Startup Cost": 42301.65,
                            "Total Cost": 42301.66,
                            "Plan Rows": 1,
                            "Plan Width": 8,
                            "Actual Startup Time": 133.362,
                            "Actual Total Time": 133.364,
                            "Actual Rows": 1,
                            "Actual Loops": 4,
                            "Output": [
                                "PARTIAL count(*)"
                            ],
                            "Workers": [
                                {
                                    "Worker Number": 0,
                                    "Actual Startup Time": 130.613,
                                    "Actual Total Time": 130.615,
                                    "Actual Rows": 1,
                                    "Actual Loops": 1
                                },
                                {
                                    "Worker Number": 1,
                                    "Actual Startup Time": 130.764,
                                    "Actual Total Time": 130.766,
                                    "Actual Rows": 1,
                                    "Actual Loops": 1
                                },
                                {
                                    "Worker Number": 2,
                                    "Actual Startup Time": 130.804,
                                    "Actual Total Time": 130.806,
                                    "Actual Rows": 1,
                                    "Actual Loops": 1
                                }
                            ],
                            "Plans": [
                                {
                                    "Node Type": "Bitmap Heap Scan",
                                    "Parent Relationship": "Outer",
                                    "Parallel Aware": true,
                                    "Relation Name": "movie_keyword",
                                    "Schema": "public",
                                    "Alias": "mk",
                                    "Startup Cost": 14533.15,
                                    "Total Cost": 41749.23,
                                    "Plan Rows": 220966,
                                    "Plan Width": 0,
                                    "Actual Startup Time": 36.271,
                                    "Actual Total Time": 122.63,
                                    "Actual Rows": 167454,
                                    "Actual Loops": 4,
                                    "Recheck Cond": "(mk.keyword_id > 27983)",
                                    "Rows Removed by Index Recheck": 0,
                                    "Exact Heap Blocks": 10927,
                                    "Lossy Heap Blocks": 0,
                                    "Workers": [
                                        {
                                            "Worker Number": 0,
                                            "Actual Startup Time": 33.609,
                                            "Actual Total Time": 120.348,
                                            "Actual Rows": 120864,
                                            "Actual Loops": 1
                                        },
                                        {
                                            "Worker Number": 1,
                                            "Actual Startup Time": 33.809,
                                            "Actual Total Time": 120.788,
                                            "Actual Rows": 117034,
                                            "Actual Loops": 1
                                        },
                                        {
                                            "Worker Number": 2,
                                            "Actual Startup Time": 33.83,
                                            "Actual Total Time": 120.591,
                                            "Actual Rows": 121453,
                                            "Actual Loops": 1
                                        }
                                    ],
                                    "Plans": [
                                        {
                                            "Node Type": "Bitmap Index Scan",
                                            "Parent Relationship": "Outer",
                                            "Parallel Aware": false,
                                            "Index Name": "keyword_id_movie_keyword",
                                            "Startup Cost": 0.0,
                                            "Total Cost": 14361.9,
                                            "Plan Rows": 684996,
                                            "Plan Width": 0,
                                            "Actual Startup Time": 40.231,
                                            "Actual Total Time": 40.231,
                                            "Actual Rows": 669817,
                                            "Actual Loops": 1,
                                            "Index Cond": "(mk.keyword_id > 27983)"
                                        }
                                    ]
                                }
                            ]
                        }
                    ]
                }
            ]
        },
        "Planning Time": 190.657,
        "Triggers": [],
        "Execution Time": 150.693
    }
]