[
  {
    "Plan": {
      "Node Type": "Aggregate",
      "Strategy": "Plain",
      "Partial Mode": "Finalize",
      "Parallel Aware": false,
      "Startup Cost": 597485.38,
      "Total Cost": 597485.39,
      "Plan Rows": 1,
      "Plan Width": 8,
      "Actual Startup Time": 1869.207,
      "Actual Total Time": 1928.573,
      "Actual Rows": 1,
      "Actual Loops": 1,
      "Plans": [
        {
          "Node Type": "Gather",
          "Parent Relationship": "Outer",
          "Parallel Aware": false,
          "Startup Cost": 597484.85,
          "Total Cost": 597485.36,
          "Plan Rows": 5,
          "Plan Width": 8,
          "Actual Startup Time": 1860.2,
          "Actual Total Time": 1928.564,
          "Actual Rows": 6,
          "Actual Loops": 1,
          "Workers Planned": 5,
          "Workers Launched": 5,
          "Single Copy": false,
          "Plans": [
            {
              "Node Type": "Aggregate",
              "Strategy": "Plain",
              "Partial Mode": "Partial",
              "Parent Relationship": "Outer",
              "Parallel Aware": false,
              "Startup Cost": 596484.85,
              "Total Cost": 596484.86,
              "Plan Rows": 1,
              "Plan Width": 8,
              "Actual Startup Time": 1844.206,
              "Actual Total Time": 1844.214,
              "Actual Rows": 1,
              "Actual Loops": 6,
              "Plans": [
                {
                  "Node Type": "Hash Join",
                  "Parent Relationship": "Outer",
                  "Parallel Aware": true,
                  "Join Type": "Inner",
                  "Startup Cost": 387994.17,
                  "Total Cost": 592979.29,
                  "Plan Rows": 1402224,
                  "Plan Width": 0,
                  "Actual Startup Time": 711.573,
                  "Actual Total Time": 1725.493,
                  "Actual Rows": 2538861,
                  "Actual Loops": 6,
                  "Inner Unique": false,
                  "Hash Cond": "(mi.movie_id = t.id)",
                  "Plans": [
                    {
                      "Node Type": "Seq Scan",
                      "Parent Relationship": "Outer",
                      "Parallel Aware": true,
                      "Relation Name": "movie_info",
                      "Alias": "mi",
                      "Startup Cost": 0.0,
                      "Total Cost": 191560.33,
                      "Plan Rows": 2956733,
                      "Plan Width": 4,
                      "Actual Startup Time": 0.029,
                      "Actual Total Time": 327.928,
                      "Actual Rows": 2472620,
                      "Actual Loops": 6
                    },
                    {
                      "Node Type": "Hash",
                      "Parent Relationship": "Inner",
                      "Parallel Aware": true,
                      "Startup Cost": 385496.17,
                      "Total Cost": 385496.17,
                      "Plan Rows": 199840,
                      "Plan Width": 8,
                      "Actual Startup Time": 692.542,
                      "Actual Total Time": 692.549,
                      "Actual Rows": 79527,
                      "Actual Loops": 6,
                      "Hash Buckets": 2097152,
                      "Original Hash Buckets": 2097152,
                      "Hash Batches": 1,
                      "Original Hash Batches": 1,
                      "Peak Memory Usage": 35136,
                      "Plans": [
                        {
                          "Node Type": "Hash Join",
                          "Parent Relationship": "Outer",
                          "Parallel Aware": true,
                          "Join Type": "Inner",
                          "Startup Cost": 46617.0,
                          "Total Cost": 385496.17,
                          "Plan Rows": 199840,
                          "Plan Width": 8,
                          "Actual Startup Time": 376.337,
                          "Actual Total Time": 649.702,
                          "Actual Rows": 79527,
                          "Actual Loops": 6,
                          "Inner Unique": true,
                          "Hash Cond": "(ci.movie_id = t.id)",
                          "Plans": [
                            {
                              "Node Type": "Index Scan",
                              "Parent Relationship": "Outer",
                              "Parallel Aware": true,
                              "Scan Direction": "Forward",
                              "Index Name": "role_id_cast_info",
                              "Relation Name": "cast_info",
                              "Alias": "ci",
                              "Startup Cost": 0.56,
                              "Total Cost": 335235.55,
                              "Plan Rows": 1388255,
                              "Plan Width": 4,
                              "Actual Startup Time": 264.084,
                              "Actual Total Time": 409.502,
                              "Actual Rows": 666197,
                              "Actual Loops": 6,
                              "Index Cond": "(role_id < 2)",
                              "Rows Removed by Index Recheck": 0,
                              "Filter": "(person_id > 1183108)",
                              "Rows Removed by Filter": 1445584
                            },
                            {
                              "Node Type": "Hash",
                              "Parent Relationship": "Inner",
                              "Parallel Aware": true,
                              "Startup Cost": 45479.1,
                              "Total Cost": 45479.1,
                              "Plan Rows": 90987,
                              "Plan Width": 4,
                              "Actual Startup Time": 111.364,
                              "Actual Total Time": 111.369,
                              "Actual Rows": 45669,
                              "Actual Loops": 6,
                              "Hash Buckets": 524288,
                              "Original Hash Buckets": 524288,
                              "Hash Batches": 1,
                              "Original Hash Batches": 1,
                              "Peak Memory Usage": 14912,
                              "Plans": [
                                {
                                  "Node Type": "Seq Scan",
                                  "Parent Relationship": "Outer",
                                  "Parallel Aware": true,
                                  "Relation Name": "title",
                                  "Alias": "t",
                                  "Startup Cost": 0.0,
                                  "Total Cost": 45479.1,
                                  "Plan Rows": 90987,
                                  "Plan Width": 4,
                                  "Actual Startup Time": 48.107,
                                  "Actual Total Time": 89.548,
                                  "Actual Rows": 45669,
                                  "Actual Loops": 6,
                                  "Filter": "((production_year > 2000) AND (kind_id = 1))",
                                  "Rows Removed by Filter": 375716
                                }
                              ]
                            }
                          ]
                        }
                      ]
                    }
                  ]
                }
              ]
            }
          ]
        }
      ]
    },
    "Planning Time": 1.456,
    "Triggers": [],
    "Execution Time": 1928.684
  }
]