{
  "Plan": {
    "Node Type": "Aggregate",
    "Strategy": "Plain",
    "Partial Mode": "Finalize",
    "Parallel Aware": false,
    "Startup Cost": 111928.09,
    "Total Cost": 111928.1,
    "Plan Rows": 1,
    "Plan Width": 8,
    "Actual Startup Time": 670.496,
    "Actual Total Time": 691.016,
    "Actual Rows": 1,
    "Actual Loops": 1,
    "Plans": [
      {
        "Node Type": "Gather",
        "Parent Relationship": "Outer",
        "Parallel Aware": false,
        "Startup Cost": 111927.98,
        "Total Cost": 111928.09,
        "Plan Rows": 1,
        "Plan Width": 8,
        "Actual Startup Time": 664.898,
        "Actual Total Time": 691.008,
        "Actual Rows": 2,
        "Actual Loops": 1,
        "Workers Planned": 1,
        "Workers Launched": 1,
        "Single Copy": false,
        "Plans": [
          {
            "Node Type": "Aggregate",
            "Strategy": "Plain",
            "Partial Mode": "Partial",
            "Parent Relationship": "Outer",
            "Parallel Aware": false,
            "Startup Cost": 110927.98,
            "Total Cost": 110927.99,
            "Plan Rows": 1,
            "Plan Width": 8,
            "Actual Startup Time": 653.184,
            "Actual Total Time": 653.189,
            "Actual Rows": 1,
            "Actual Loops": 2,
            "Plans": [
              {
                "Node Type": "Nested Loop",
                "Parent Relationship": "Outer",
                "Parallel Aware": false,
                "Join Type": "Inner",
                "Startup Cost": 70393.57,
                "Total Cost": 110910.86,
                "Plan Rows": 6847,
                "Plan Width": 0,
                "Actual Startup Time": 532.655,
                "Actual Total Time": 651.3,
                "Actual Rows": 35554,
                "Actual Loops": 2,
                "Inner Unique": false,
                "Plans": [
                  {
                    "Node Type": "Hash Join",
                    "Parent Relationship": "Outer",
                    "Parallel Aware": true,
                    "Join Type": "Inner",
                    "Startup Cost": 70393.14,
                    "Total Cost": 95819.21,
                    "Plan Rows": 25807,
                    "Plan Width": 8,
                    "Actual Startup Time": 532.581,
                    "Actual Total Time": 561.307,
                    "Actual Rows": 21837,
                    "Actual Loops": 2,
                    "Inner Unique": true,
                    "Hash Cond": "(mk.movie_id = t.id)",
                    "Plans": [
                      {
                        "Node Type": "Bitmap Heap Scan",
                        "Parent Relationship": "Outer",
                        "Parallel Aware": true,
                        "Relation Name": "movie_keyword",
                        "Alias": "mk",
                        "Startup Cost": 932.44,
                        "Total Cost": 26290.77,
                        "Plan Rows": 25807,
                        "Plan Width": 4,
                        "Actual Startup Time": 5.253,
                        "Actual Total Time": 24.347,
                        "Actual Rows": 21837,
                        "Actual Loops": 2,
                        "Recheck Cond": "(keyword_id > 102719)",
                        "Rows Removed by Index Recheck": 0,
                        "Exact Heap Blocks": 6615,
                        "Lossy Heap Blocks": 0,
                        "Plans": [
                          {
                            "Node Type": "Bitmap Index Scan",
                            "Parent Relationship": "Outer",
                            "Parallel Aware": false,
                            "Index Name": "keyword_id_movie_keyword",
                            "Startup Cost": 0.0,
                            "Total Cost": 921.47,
                            "Plan Rows": 43872,
                            "Plan Width": 0,
                            "Actual Startup Time": 3.7,
                            "Actual Total Time": 3.7,
                            "Actual Rows": 43674,
                            "Actual Loops": 1,
                            "Index Cond": "(keyword_id > 102719)"
                          }
                        ]
                      },
                      {
                        "Node Type": "Hash",
                        "Parent Relationship": "Inner",
                        "Parallel Aware": true,
                        "Startup Cost": 50870.31,
                        "Total Cost": 50870.31,
                        "Plan Rows": 1487231,
                        "Plan Width": 4,
                        "Actual Startup Time": 505.869,
                        "Actual Total Time": 505.87,
                        "Actual Rows": 1264156,
                        "Actual Loops": 2,
                        "Hash Buckets": 4194304,
                        "Original Hash Buckets": 4194304,
                        "Hash Batches": 1,
                        "Original Hash Batches": 1,
                        "Peak Memory Usage": 131712,
                        "Plans": [
                          {
                            "Node Type": "Seq Scan",
                            "Parent Relationship": "Outer",
                            "Parallel Aware": true,
                            "Relation Name": "title",
                            "Alias": "t",
                            "Startup Cost": 0.0,
                            "Total Cost": 50870.31,
                            "Plan Rows": 1487231,
                            "Plan Width": 4,
                            "Actual Startup Time": 0.039,
                            "Actual Total Time": 150.353,
                            "Actual Rows": 1264156,
                            "Actual Loops": 2
                          }
                        ]
                      }
                    ]
                  },
                  {
                    "Node Type": "Index Scan",
                    "Parent Relationship": "Inner",
                    "Parallel Aware": false,
                    "Scan Direction": "Forward",
                    "Index Name": "movie_id_movie_companies",
                    "Relation Name": "movie_companies",
                    "Alias": "mc",
                    "Startup Cost": 0.43,
                    "Total Cost": 0.57,
                    "Plan Rows": 1,
                    "Plan Width": 4,
                    "Actual Startup Time": 0.003,
                    "Actual Total Time": 0.004,
                    "Actual Rows": 2,
                    "Actual Loops": 43674,
                    "Index Cond": "(movie_id = t.id)",
                    "Rows Removed by Index Recheck": 0,
                    "Filter": "(company_id < 1015)",
                    "Rows Removed by Filter": 9
                  }
                ]
              }
            ]
          }
        ]
      }
    ]
  },
  "Planning Time": 1.207,
  "Triggers": [],
  "Execution Time": 691.129
}