{
  "Plan": {
    "Node Type": "Aggregate",
    "Strategy": "Plain",
    "Partial Mode": "Finalize",
    "Parallel Aware": false,
    "Startup Cost": 341971.71,
    "Total Cost": 341971.72,
    "Plan Rows": 1,
    "Plan Width": 8,
    "Actual Startup Time": 2893.684,
    "Actual Total Time": 2962.73,
    "Actual Rows": 1,
    "Actual Loops": 1,
    "Plans": [
      {
        "Node Type": "Gather",
        "Parent Relationship": "Outer",
        "Parallel Aware": false,
        "Startup Cost": 341971.6,
        "Total Cost": 341971.71,
        "Plan Rows": 1,
        "Plan Width": 8,
        "Actual Startup Time": 2890.127,
        "Actual Total Time": 2962.722,
        "Actual Rows": 2,
        "Actual Loops": 1,
        "Workers Planned": 1,
        "Workers Launched": 1,
        "Single Copy": false,
        "Plans": [
          {
            "Node Type": "Aggregate",
            "Strategy": "Plain",
            "Partial Mode": "Partial",
            "Parent Relationship": "Outer",
            "Parallel Aware": false,
            "Startup Cost": 340971.6,
            "Total Cost": 340971.61,
            "Plan Rows": 1,
            "Plan Width": 8,
            "Actual Startup Time": 2876.623,
            "Actual Total Time": 2876.628,
            "Actual Rows": 1,
            "Actual Loops": 2,
            "Plans": [
              {
                "Node Type": "Nested Loop",
                "Parent Relationship": "Outer",
                "Parallel Aware": false,
                "Join Type": "Inner",
                "Startup Cost": 73922.8,
                "Total Cost": 339163.89,
                "Plan Rows": 723083,
                "Plan Width": 0,
                "Actual Startup Time": 677.737,
                "Actual Total Time": 2684.063,
                "Actual Rows": 4094751,
                "Actual Loops": 2,
                "Inner Unique": false,
                "Plans": [
                  {
                    "Node Type": "Hash Join",
                    "Parent Relationship": "Outer",
                    "Parallel Aware": true,
                    "Join Type": "Inner",
                    "Startup Cost": 73922.37,
                    "Total Cost": 100246.74,
                    "Plan Rows": 123661,
                    "Plan Width": 8,
                    "Actual Startup Time": 677.652,
                    "Actual Total Time": 811.278,
                    "Actual Rows": 110164,
                    "Actual Loops": 2,
                    "Inner Unique": true,
                    "Hash Cond": "(mk.movie_id = t.id)",
                    "Plans": [
                      {
                        "Node Type": "Bitmap Heap Scan",
                        "Parent Relationship": "Outer",
                        "Parallel Aware": true,
                        "Relation Name": "movie_keyword",
                        "Alias": "mk",
                        "Startup Cost": 4461.67,
                        "Total Cost": 30461.43,
                        "Plan Rows": 123661,
                        "Plan Width": 4,
                        "Actual Startup Time": 15.647,
                        "Actual Total Time": 75.775,
                        "Actual Rows": 110164,
                        "Actual Loops": 2,
                        "Recheck Cond": "(keyword_id < 171)",
                        "Rows Removed by Index Recheck": 0,
                        "Exact Heap Blocks": 14151,
                        "Lossy Heap Blocks": 0,
                        "Plans": [
                          {
                            "Node Type": "Bitmap Index Scan",
                            "Parent Relationship": "Outer",
                            "Parallel Aware": false,
                            "Index Name": "keyword_id_movie_keyword",
                            "Startup Cost": 0.0,
                            "Total Cost": 4409.11,
                            "Plan Rows": 210224,
                            "Plan Width": 0,
                            "Actual Startup Time": 12.152,
                            "Actual Total Time": 12.153,
                            "Actual Rows": 220327,
                            "Actual Loops": 1,
                            "Index Cond": "(keyword_id < 171)"
                          }
                        ]
                      },
                      {
                        "Node Type": "Hash",
                        "Parent Relationship": "Inner",
                        "Parallel Aware": true,
                        "Startup Cost": 50870.31,
                        "Total Cost": 50870.31,
                        "Plan Rows": 1487231,
                        "Plan Width": 4,
                        "Actual Startup Time": 639.662,
                        "Actual Total Time": 639.663,
                        "Actual Rows": 1264156,
                        "Actual Loops": 2,
                        "Hash Buckets": 4194304,
                        "Original Hash Buckets": 4194304,
                        "Hash Batches": 1,
                        "Original Hash Batches": 1,
                        "Peak Memory Usage": 131712,
                        "Plans": [
                          {
                            "Node Type": "Seq Scan",
                            "Parent Relationship": "Outer",
                            "Parallel Aware": true,
                            "Relation Name": "title",
                            "Alias": "t",
                            "Startup Cost": 0.0,
                            "Total Cost": 50870.31,
                            "Plan Rows": 1487231,
                            "Plan Width": 4,
                            "Actual Startup Time": 0.04,
                            "Actual Total Time": 196.596,
                            "Actual Rows": 1264156,
                            "Actual Loops": 2
                          }
                        ]
                      }
                    ]
                  },
                  {
                    "Node Type": "Index Only Scan",
                    "Parent Relationship": "Inner",
                    "Parallel Aware": false,
                    "Scan Direction": "Forward",
                    "Index Name": "movie_id_movie_info",
                    "Relation Name": "movie_info",
                    "Alias": "mi",
                    "Startup Cost": 0.43,
                    "Total Cost": 1.51,
                    "Plan Rows": 42,
                    "Plan Width": 4,
                    "Actual Startup Time": 0.004,
                    "Actual Total Time": 0.014,
                    "Actual Rows": 37,
                    "Actual Loops": 220327,
                    "Index Cond": "(movie_id = t.id)",
                    "Rows Removed by Index Recheck": 0,
                    "Heap Fetches": 8189502
                  }
                ]
              }
            ]
          }
        ]
      }
    ]
  },
  "Planning Time": 0.94,
  "Triggers": [],
  "Execution Time": 2962.859
}