[
  {
    "Plan": {
      "Node Type": "Aggregate",
      "Strategy": "Plain",
      "Partial Mode": "Finalize",
      "Parallel Aware": false,
      "Startup Cost": 55497.67,
      "Total Cost": 55497.68,
      "Plan Rows": 1,
      "Plan Width": 8,
      "Actual Startup Time": 116.975,
      "Actual Total Time": 125.86,
      "Actual Rows": 1,
      "Actual Loops": 1,
      "Plans": [
        {
          "Node Type": "Gather",
          "Parent Relationship": "Outer",
          "Parallel Aware": false,
          "Startup Cost": 55497.46,
          "Total Cost": 55497.67,
          "Plan Rows": 2,
          "Plan Width": 8,
          "Actual Startup Time": 116.49,
          "Actual Total Time": 125.854,
          "Actual Rows": 3,
          "Actual Loops": 1,
          "Workers Planned": 2,
          "Workers Launched": 2,
          "Single Copy": false,
          "Plans": [
            {
              "Node Type": "Aggregate",
              "Strategy": "Plain",
              "Partial Mode": "Partial",
              "Parent Relationship": "Outer",
              "Parallel Aware": false,
              "Startup Cost": 54497.46,
              "Total Cost": 54497.47,
              "Plan Rows": 1,
              "Plan Width": 8,
              "Actual Startup Time": 108.776,
              "Actual Total Time": 108.78,
              "Actual Rows": 1,
              "Actual Loops": 3,
              "Plans": [
                {
                  "Node Type": "Hash Join",
                  "Parent Relationship": "Outer",
                  "Parallel Aware": true,
                  "Join Type": "Inner",
                  "Startup Cost": 38863.19,
                  "Total Cost": 54483.98,
                  "Plan Rows": 5391,
                  "Plan Width": 0,
                  "Actual Startup Time": 73.024,
                  "Actual Total Time": 108.45,
                  "Actual Rows": 6477,
                  "Actual Loops": 3,
                  "Inner Unique": true,
                  "Hash Cond": "(mi_idx.movie_id = t.id)",
                  "Plans": [
                    {
                      "Node Type": "Seq Scan",
                      "Parent Relationship": "Outer",
                      "Parallel Aware": true,
                      "Relation Name": "movie_info_idx",
                      "Alias": "mi_idx",
                      "Startup Cost": 0.0,
                      "Total Cost": 15122.68,
                      "Plan Rows": 189755,
                      "Plan Width": 4,
                      "Actual Startup Time": 0.013,
                      "Actual Total Time": 38.12,
                      "Actual Rows": 153308,
                      "Actual Loops": 3,
                      "Filter": "(info_type_id = 99)",
                      "Rows Removed by Filter": 306703
                    },
                    {
                      "Node Type": "Hash",
                      "Parent Relationship": "Inner",
                      "Parallel Aware": true,
                      "Startup Cost": 38638.69,
                      "Total Cost": 38638.69,
                      "Plan Rows": 17960,
                      "Plan Width": 4,
                      "Actual Startup Time": 49.888,
                      "Actual Total Time": 49.889,
                      "Actual Rows": 31445,
                      "Actual Loops": 3,
                      "Hash Buckets": 131072,
                      "Original Hash Buckets": 131072,
                      "Hash Batches": 1,
                      "Original Hash Batches": 1,
                      "Peak Memory Usage": 4736,
                      "Plans": [
                        {
                          "Node Type": "Bitmap Heap Scan",
                          "Parent Relationship": "Outer",
                          "Parallel Aware": true,
                          "Relation Name": "title",
                          "Alias": "t",
                          "Startup Cost": 2185.26,
                          "Total Cost": 38638.69,
                          "Plan Rows": 17960,
                          "Plan Width": 4,
                          "Actual Startup Time": 7.937,
                          "Actual Total Time": 40.976,
                          "Actual Rows": 31445,
                          "Actual Loops": 3,
                          "Recheck Cond": "(kind_id = 4)",
                          "Rows Removed by Index Recheck": 0,
                          "Filter": "(production_year > 1998)",
                          "Rows Removed by Filter": 7967,
                          "Exact Heap Blocks": 8240,
                          "Lossy Heap Blocks": 0,
                          "Plans": [
                            {
                              "Node Type": "Bitmap Index Scan",
                              "Parent Relationship": "Outer",
                              "Parallel Aware": false,
                              "Index Name": "kind_id_title",
                              "Startup Cost": 0.0,
                              "Total Cost": 2167.3,
                              "Plan Rows": 121449,
                              "Plan Width": 0,
                              "Actual Startup Time": 11.2,
                              "Actual Total Time": 11.2,
                              "Actual Rows": 118234,
                              "Actual Loops": 1,
                              "Index Cond": "(kind_id = 4)"
                            }
                          ]
                        }
                      ]
                    }
                  ]
                }
              ]
            }
          ]
        }
      ]
    },
    "Planning Time": 0.27,
    "Triggers": [],
    "Execution Time": 125.906
  }
]