[
  {
    "Plan": {
      "Node Type": "Aggregate",
      "Strategy": "Plain",
      "Partial Mode": "Finalize",
      "Parallel Aware": false,
      "Startup Cost": 245752.49,
      "Total Cost": 245752.5,
      "Plan Rows": 1,
      "Plan Width": 8,
      "Actual Startup Time": 198.698,
      "Actual Total Time": 228.228,
      "Actual Rows": 1,
      "Actual Loops": 1,
      "Plans": [
        {
          "Node Type": "Gather",
          "Parent Relationship": "Outer",
          "Parallel Aware": false,
          "Startup Cost": 245752.07,
          "Total Cost": 245752.48,
          "Plan Rows": 4,
          "Plan Width": 8,
          "Actual Startup Time": 198.586,
          "Actual Total Time": 228.218,
          "Actual Rows": 5,
          "Actual Loops": 1,
          "Workers Planned": 4,
          "Workers Launched": 4,
          "Single Copy": false,
          "Plans": [
            {
              "Node Type": "Aggregate",
              "Strategy": "Plain",
              "Partial Mode": "Partial",
              "Parent Relationship": "Outer",
              "Parallel Aware": false,
              "Startup Cost": 244752.07,
              "Total Cost": 244752.08,
              "Plan Rows": 1,
              "Plan Width": 8,
              "Actual Startup Time": 189.126,
              "Actual Total Time": 189.128,
              "Actual Rows": 1,
              "Actual Loops": 5,
              "Plans": [
                {
                  "Node Type": "Nested Loop",
                  "Parent Relationship": "Outer",
                  "Parallel Aware": false,
                  "Join Type": "Inner",
                  "Startup Cost": 0.43,
                  "Total Cost": 244628.7,
                  "Plan Rows": 49351,
                  "Plan Width": 0,
                  "Actual Startup Time": 52.778,
                  "Actual Total Time": 185.15,
                  "Actual Rows": 71954,
                  "Actual Loops": 5,
                  "Inner Unique": false,
                  "Plans": [
                    {
                      "Node Type": "Seq Scan",
                      "Parent Relationship": "Outer",
                      "Parallel Aware": true,
                      "Relation Name": "title",
                      "Alias": "t",
                      "Startup Cost": 0.0,
                      "Total Cost": 45479.1,
                      "Plan Rows": 8440,
                      "Plan Width": 4,
                      "Actual Startup Time": 52.698,
                      "Actual Total Time": 77.197,
                      "Actual Rows": 5621,
                      "Actual Loops": 5,
                      "Filter": "((kind_id = 1) AND (production_year = 2009))",
                      "Rows Removed by Filter": 500042
                    },
                    {
                      "Node Type": "Index Only Scan",
                      "Parent Relationship": "Inner",
                      "Parallel Aware": false,
                      "Scan Direction": "Forward",
                      "Index Name": "movie_id_movie_info",
                      "Relation Name": "movie_info",
                      "Alias": "mi",
                      "Startup Cost": 0.43,
                      "Total Cost": 23.18,
                      "Plan Rows": 42,
                      "Plan Width": 4,
                      "Actual Startup Time": 0.006,
                      "Actual Total Time": 0.018,
                      "Actual Rows": 13,
                      "Actual Loops": 28104,
                      "Index Cond": "(movie_id = t.id)",
                      "Rows Removed by Index Recheck": 0,
                      "Heap Fetches": 359770
                    }
                  ]
                }
              ]
            }
          ]
        }
      ]
    },
    "Planning Time": 0.655,
    "Triggers": [],
    "Execution Time": 228.309
  }
]