[
  {
    "Plan": {
      "Node Type": "Aggregate",
      "Strategy": "Plain",
      "Partial Mode": "Finalize",
      "Parallel Aware": false,
      "Startup Cost": 396015.55,
      "Total Cost": 396015.56,
      "Plan Rows": 1,
      "Plan Width": 8,
      "Actual Startup Time": 403.505,
      "Actual Total Time": 429.988,
      "Actual Rows": 1,
      "Actual Loops": 1,
      "Plans": [
        {
          "Node Type": "Gather",
          "Parent Relationship": "Outer",
          "Parallel Aware": false,
          "Startup Cost": 396015.03,
          "Total Cost": 396015.54,
          "Plan Rows": 5,
          "Plan Width": 8,
          "Actual Startup Time": 394.174,
          "Actual Total Time": 429.978,
          "Actual Rows": 6,
          "Actual Loops": 1,
          "Workers Planned": 5,
          "Workers Launched": 5,
          "Single Copy": false,
          "Plans": [
            {
              "Node Type": "Aggregate",
              "Strategy": "Plain",
              "Partial Mode": "Partial",
              "Parent Relationship": "Outer",
              "Parallel Aware": false,
              "Startup Cost": 395015.03,
              "Total Cost": 395015.04,
              "Plan Rows": 1,
              "Plan Width": 8,
              "Actual Startup Time": 379.37,
              "Actual Total Time": 379.373,
              "Actual Rows": 1,
              "Actual Loops": 6,
              "Plans": [
                {
                  "Node Type": "Nested Loop",
                  "Parent Relationship": "Outer",
                  "Parallel Aware": false,
                  "Join Type": "Inner",
                  "Startup Cost": 56400.42,
                  "Total Cost": 394568.66,
                  "Plan Rows": 178548,
                  "Plan Width": 0,
                  "Actual Startup Time": 191.299,
                  "Actual Total Time": 373.8,
                  "Actual Rows": 101917,
                  "Actual Loops": 6,
                  "Inner Unique": false,
                  "Plans": [
                    {
                      "Node Type": "Hash Join",
                      "Parent Relationship": "Outer",
                      "Parallel Aware": true,
                      "Join Type": "Inner",
                      "Startup Cost": 56399.99,
                      "Total Cost": 323593.51,
                      "Plan Rows": 30535,
                      "Plan Width": 8,
                      "Actual Startup Time": 191.19,
                      "Actual Total Time": 226.349,
                      "Actual Rows": 21991,
                      "Actual Loops": 6,
                      "Inner Unique": true,
                      "Hash Cond": "(ci.movie_id = t.id)",
                      "Plans": [
                        {
                          "Node Type": "Bitmap Heap Scan",
                          "Parent Relationship": "Outer",
                          "Parallel Aware": true,
                          "Relation Name": "cast_info",
                          "Alias": "ci",
                          "Startup Cost": 7241.12,
                          "Total Cost": 274262.54,
                          "Plan Rows": 65563,
                          "Plan Width": 4,
                          "Actual Startup Time": 11.965,
                          "Actual Total Time": 19.763,
                          "Actual Rows": 54578,
                          "Actual Loops": 6,
                          "Recheck Cond": "(person_id < 37777)",
                          "Rows Removed by Index Recheck": 0,
                          "Exact Heap Blocks": 721,
                          "Lossy Heap Blocks": 0,
                          "Plans": [
                            {
                              "Node Type": "Bitmap Index Scan",
                              "Parent Relationship": "Outer",
                              "Parallel Aware": false,
                              "Index Name": "person_id_cast_info",
                              "Startup Cost": 0.0,
                              "Total Cost": 7159.16,
                              "Plan Rows": 327813,
                              "Plan Width": 0,
                              "Actual Startup Time": 11.416,
                              "Actual Total Time": 11.416,
                              "Actual Rows": 327470,
                              "Actual Loops": 1,
                              "Index Cond": "(person_id < 37777)"
                            }
                          ]
                        },
                        {
                          "Node Type": "Hash",
                          "Parent Relationship": "Inner",
                          "Parallel Aware": true,
                          "Startup Cost": 45479.1,
                          "Total Cost": 45479.1,
                          "Plan Rows": 294382,
                          "Plan Width": 4,
                          "Actual Startup Time": 173.858,
                          "Actual Total Time": 173.859,
                          "Actual Rows": 189993,
                          "Actual Loops": 6,
                          "Hash Buckets": 2097152,
                          "Original Hash Buckets": 2097152,
                          "Hash Batches": 1,
                          "Original Hash Batches": 1,
                          "Peak Memory Usage": 61088,
                          "Plans": [
                            {
                              "Node Type": "Seq Scan",
                              "Parent Relationship": "Outer",
                              "Parallel Aware": true,
                              "Relation Name": "title",
                              "Alias": "t",
                              "Startup Cost": 0.0,
                              "Total Cost": 45479.1,
                              "Plan Rows": 294382,
                              "Plan Width": 4,
                              "Actual Startup Time": 0.039,
                              "Actual Total Time": 83.409,
                              "Actual Rows": 189993,
                              "Actual Loops": 6,
                              "Filter": "((kind_id > 4) AND (production_year < 2010))",
                              "Rows Removed by Filter": 231392
                            }
                          ]
                        }
                      ]
                    },
                    {
                      "Node Type": "Index Only Scan",
                      "Parent Relationship": "Inner",
                      "Parallel Aware": false,
                      "Scan Direction": "Forward",
                      "Index Name": "movie_id_movie_info",
                      "Relation Name": "movie_info",
                      "Alias": "mi",
                      "Startup Cost": 0.43,
                      "Total Cost": 1.9,
                      "Plan Rows": 42,
                      "Plan Width": 4,
                      "Actual Startup Time": 0.003,
                      "Actual Total Time": 0.006,
                      "Actual Rows": 5,
                      "Actual Loops": 131948,
                      "Index Cond": "(movie_id = t.id)",
                      "Rows Removed by Index Recheck": 0,
                      "Heap Fetches": 611504
                    }
                  ]
                }
              ]
            }
          ]
        }
      ]
    },
    "Planning Time": 1.399,
    "Triggers": [],
    "Execution Time": 430.103
  }
]