{
  "Plan": {
    "Node Type": "Aggregate",
    "Strategy": "Plain",
    "Partial Mode": "Finalize",
    "Parallel Aware": false,
    "Startup Cost": 113168.22,
    "Total Cost": 113168.23,
    "Plan Rows": 1,
    "Plan Width": 8,
    "Actual Startup Time": 818.394,
    "Actual Total Time": 831.354,
    "Actual Rows": 1,
    "Actual Loops": 1,
    "Plans": [
      {
        "Node Type": "Gather",
        "Parent Relationship": "Outer",
        "Parallel Aware": false,
        "Startup Cost": 113168.11,
        "Total Cost": 113168.22,
        "Plan Rows": 1,
        "Plan Width": 8,
        "Actual Startup Time": 816.726,
        "Actual Total Time": 831.348,
        "Actual Rows": 2,
        "Actual Loops": 1,
        "Workers Planned": 1,
        "Workers Launched": 1,
        "Single Copy": false,
        "Plans": [
          {
            "Node Type": "Aggregate",
            "Strategy": "Plain",
            "Partial Mode": "Partial",
            "Parent Relationship": "Outer",
            "Parallel Aware": false,
            "Startup Cost": 112168.11,
            "Total Cost": 112168.12,
            "Plan Rows": 1,
            "Plan Width": 8,
            "Actual Startup Time": 813.661,
            "Actual Total Time": 813.665,
            "Actual Rows": 1,
            "Actual Loops": 2,
            "Plans": [
              {
                "Node Type": "Hash Join",
                "Parent Relationship": "Outer",
                "Parallel Aware": true,
                "Join Type": "Inner",
                "Startup Cost": 47911.9,
                "Total Cost": 110948.08,
                "Plan Rows": 488014,
                "Plan Width": 0,
                "Actual Startup Time": 257.811,
                "Actual Total Time": 790.765,
                "Actual Rows": 522067,
                "Actual Loops": 2,
                "Inner Unique": false,
                "Hash Cond": "(t.id = mc.movie_id)",
                "Plans": [
                  {
                    "Node Type": "Seq Scan",
                    "Parent Relationship": "Outer",
                    "Parallel Aware": true,
                    "Relation Name": "title",
                    "Alias": "t",
                    "Startup Cost": 0.0,
                    "Total Cost": 50870.31,
                    "Plan Rows": 1487231,
                    "Plan Width": 4,
                    "Actual Startup Time": 0.009,
                    "Actual Total Time": 122.134,
                    "Actual Rows": 1264156,
                    "Actual Loops": 2
                  },
                  {
                    "Node Type": "Hash",
                    "Parent Relationship": "Inner",
                    "Parallel Aware": true,
                    "Startup Cost": 41811.73,
                    "Total Cost": 41811.73,
                    "Plan Rows": 488014,
                    "Plan Width": 4,
                    "Actual Startup Time": 251.839,
                    "Actual Total Time": 251.841,
                    "Actual Rows": 522067,
                    "Actual Loops": 2,
                    "Hash Buckets": 1048576,
                    "Original Hash Buckets": 1048576,
                    "Hash Batches": 1,
                    "Original Hash Batches": 1,
                    "Peak Memory Usage": 49056,
                    "Plans": [
                      {
                        "Node Type": "Seq Scan",
                        "Parent Relationship": "Outer",
                        "Parallel Aware": true,
                        "Relation Name": "movie_companies",
                        "Alias": "mc",
                        "Startup Cost": 0.0,
                        "Total Cost": 41811.73,
                        "Plan Rows": 488014,
                        "Plan Width": 4,
                        "Actual Startup Time": 62.988,
                        "Actual Total Time": 140.454,
                        "Actual Rows": 522067,
                        "Actual Loops": 2,
                        "Filter": "((company_id > 4246) AND (company_type_id > 1))",
                        "Rows Removed by Filter": 782498
                      }
                    ]
                  }
                ]
              }
            ]
          }
        ]
      }
    ]
  },
  "Planning Time": 0.373,
  "Triggers": [],
  "Execution Time": 831.397
}