{
    "Plan": {
        "Node Type": "Aggregate",
        "Strategy": "Plain",
        "Partial Mode": "Simple",
        "Parallel Aware": false,
        "Startup Cost": 20000174412.92,
        "Total Cost": 20000174412.93,
        "Plan Rows": 1,
        "Plan Width": 8,
        "Actual Startup Time": 2082.08,
        "Actual Total Time": 2082.083,
        "Actual Rows": 1,
        "Actual Loops": 1,
        "Output": [
            "count(*)"
        ],
        "Plans": [
            {
                "Node Type": "Hash Join",
                "Parent Relationship": "Outer",
                "Parallel Aware": false,
                "Join Type": "Inner",
                "Startup Cost": 20000117111.06,
                "Total Cost": 20000174364.05,
                "Plan Rows": 19551,
                "Plan Width": 0,
                "Actual Startup Time": 1781.749,
                "Actual Total Time": 2080.736,
                "Actual Rows": 26998,
                "Actual Loops": 1,
                "Inner Unique": true,
                "Hash Cond": "(mi_idx.movie_id = t.id)",
                "Plans": [
                    {
                        "Node Type": "Index Scan",
                        "Parent Relationship": "Outer",
                        "Parallel Aware": false,
                        "Scan Direction": "Forward",
                        "Index Name": "movie_id_movie_info_idx",
                        "Relation Name": "movie_info_idx",
                        "Schema": "public",
                        "Alias": "mi_idx",
                        "Startup Cost": 10000000000.43,
                        "Total Cost": 10000053630.81,
                        "Plan Rows": 1380035,
                        "Plan Width": 4,
                        "Actual Startup Time": 0.096,
                        "Actual Total Time": 179.383,
                        "Actual Rows": 1380035,
                        "Actual Loops": 1,
                        "Output": [
                            "mi_idx.id",
                            "mi_idx.movie_id",
                            "mi_idx.info_type_id",
                            "mi_idx.info",
                            "mi_idx.note"
                        ]
                    },
                    {
                        "Node Type": "Hash",
                        "Parent Relationship": "Inner",
                        "Parallel Aware": false,
                        "Startup Cost": 10000116662.9,
                        "Total Cost": 10000116662.9,
                        "Plan Rows": 35818,
                        "Plan Width": 4,
                        "Actual Startup Time": 1780.466,
                        "Actual Total Time": 1780.467,
                        "Actual Rows": 38955,
                        "Actual Loops": 1,
                        "Output": [
                            "t.id"
                        ],
                        "Hash Buckets": 65536,
                        "Original Hash Buckets": 65536,
                        "Hash Batches": 1,
                        "Original Hash Batches": 1,
                        "Peak Memory Usage": 1882,
                        "Plans": [
                            {
                                "Node Type": "Index Scan",
                                "Parent Relationship": "Outer",
                                "Parallel Aware": false,
                                "Scan Direction": "Forward",
                                "Index Name": "title_pkey",
                                "Relation Name": "title",
                                "Schema": "public",
                                "Alias": "t",
                                "Startup Cost": 10000000000.43,
                                "Total Cost": 10000116662.9,
                                "Plan Rows": 35818,
                                "Plan Width": 4,
                                "Actual Startup Time": 10.203,
                                "Actual Total Time": 1764.181,
                                "Actual Rows": 38955,
                                "Actual Loops": 1,
                                "Output": [
                                    "t.id"
                                ],
                                "Filter": "(t.production_year = 1997)",
                                "Rows Removed by Filter": 2489357
                            }
                        ]
                    }
                ]
            }
        ]
    },
    "Planning Time": 2.721,
    "Triggers": [],
    "Execution Time": 2082.492
}