[
  {
    "Plan": {
      "Node Type": "Aggregate",
      "Strategy": "Plain",
      "Partial Mode": "Finalize",
      "Parallel Aware": false,
      "Startup Cost": 66411.64,
      "Total Cost": 66411.65,
      "Plan Rows": 1,
      "Plan Width": 8,
      "Actual Startup Time": 145.81,
      "Actual Total Time": 154.709,
      "Actual Rows": 1,
      "Actual Loops": 1,
      "Plans": [
        {
          "Node Type": "Gather",
          "Parent Relationship": "Outer",
          "Parallel Aware": false,
          "Startup Cost": 66411.43,
          "Total Cost": 66411.64,
          "Plan Rows": 2,
          "Plan Width": 8,
          "Actual Startup Time": 145.635,
          "Actual Total Time": 154.703,
          "Actual Rows": 3,
          "Actual Loops": 1,
          "Workers Planned": 2,
          "Workers Launched": 2,
          "Single Copy": false,
          "Plans": [
            {
              "Node Type": "Aggregate",
              "Strategy": "Plain",
              "Partial Mode": "Partial",
              "Parent Relationship": "Outer",
              "Parallel Aware": false,
              "Startup Cost": 65411.43,
              "Total Cost": 65411.44,
              "Plan Rows": 1,
              "Plan Width": 8,
              "Actual Startup Time": 137.573,
              "Actual Total Time": 137.576,
              "Actual Rows": 1,
              "Actual Loops": 3,
              "Plans": [
                {
                  "Node Type": "Nested Loop",
                  "Parent Relationship": "Outer",
                  "Parallel Aware": false,
                  "Join Type": "Inner",
                  "Startup Cost": 21010.21,
                  "Total Cost": 65388.92,
                  "Plan Rows": 9002,
                  "Plan Width": 0,
                  "Actual Startup Time": 36.805,
                  "Actual Total Time": 136.935,
                  "Actual Rows": 9318,
                  "Actual Loops": 3,
                  "Inner Unique": true,
                  "Join Filter": "(mc.movie_id = t.id)",
                  "Rows Removed by Join Filter": 0,
                  "Plans": [
                    {
                      "Node Type": "Hash Join",
                      "Parent Relationship": "Outer",
                      "Parallel Aware": true,
                      "Join Type": "Inner",
                      "Startup Cost": 21009.78,
                      "Total Cost": 37721.17,
                      "Plan Rows": 46860,
                      "Plan Width": 8,
                      "Actual Startup Time": 36.731,
                      "Actual Total Time": 106.984,
                      "Actual Rows": 9318,
                      "Actual Loops": 3,
                      "Inner Unique": false,
                      "Hash Cond": "(mi_idx.movie_id = mc.movie_id)",
                      "Plans": [
                        {
                          "Node Type": "Seq Scan",
                          "Parent Relationship": "Outer",
                          "Parallel Aware": true,
                          "Relation Name": "movie_info_idx",
                          "Alias": "mi_idx",
                          "Startup Cost": 0.0,
                          "Total Cost": 13685.15,
                          "Plan Rows": 575015,
                          "Plan Width": 4,
                          "Actual Startup Time": 0.03,
                          "Actual Total Time": 34.917,
                          "Actual Rows": 460012,
                          "Actual Loops": 3
                        },
                        {
                          "Node Type": "Hash",
                          "Parent Relationship": "Inner",
                          "Parallel Aware": true,
                          "Startup Cost": 20850.18,
                          "Total Cost": 20850.18,
                          "Plan Rows": 12768,
                          "Plan Width": 4,
                          "Actual Startup Time": 35.502,
                          "Actual Total Time": 35.503,
                          "Actual Rows": 5515,
                          "Actual Loops": 3,
                          "Hash Buckets": 65536,
                          "Original Hash Buckets": 65536,
                          "Hash Batches": 1,
                          "Original Hash Batches": 1,
                          "Peak Memory Usage": 1216,
                          "Plans": [
                            {
                              "Node Type": "Bitmap Heap Scan",
                              "Parent Relationship": "Outer",
                              "Parallel Aware": true,
                              "Relation Name": "movie_companies",
                              "Alias": "mc",
                              "Startup Cost": 1682.98,
                              "Total Cost": 20850.18,
                              "Plan Rows": 12768,
                              "Plan Width": 4,
                              "Actual Startup Time": 28.981,
                              "Actual Total Time": 33.489,
                              "Actual Rows": 5515,
                              "Actual Loops": 3,
                              "Recheck Cond": "(company_id < 12)",
                              "Rows Removed by Index Recheck": 0,
                              "Filter": "(company_type_id > 1)",
                              "Rows Removed by Filter": 21350,
                              "Exact Heap Blocks": 6036,
                              "Lossy Heap Blocks": 0,
                              "Plans": [
                                {
                                  "Node Type": "Bitmap Index Scan",
                                  "Parent Relationship": "Outer",
                                  "Parallel Aware": false,
                                  "Index Name": "company_id_movie_companies",
                                  "Startup Cost": 0.0,
                                  "Total Cost": 1673.09,
                                  "Plan Rows": 77954,
                                  "Plan Width": 0,
                                  "Actual Startup Time": 13.337,
                                  "Actual Total Time": 13.337,
                                  "Actual Rows": 80595,
                                  "Actual Loops": 1,
                                  "Index Cond": "(company_id < 12)"
                                }
                              ]
                            }
                          ]
                        }
                      ]
                    },
                    {
                      "Node Type": "Index Only Scan",
                      "Parent Relationship": "Inner",
                      "Parallel Aware": false,
                      "Scan Direction": "Forward",
                      "Index Name": "title_pkey",
                      "Relation Name": "title",
                      "Alias": "t",
                      "Startup Cost": 0.43,
                      "Total Cost": 0.58,
                      "Plan Rows": 1,
                      "Plan Width": 4,
                      "Actual Startup Time": 0.003,
                      "Actual Total Time": 0.003,
                      "Actual Rows": 1,
                      "Actual Loops": 27954,
                      "Index Cond": "(id = mi_idx.movie_id)",
                      "Rows Removed by Index Recheck": 0,
                      "Heap Fetches": 27954
                    }
                  ]
                }
              ]
            }
          ]
        }
      ]
    },
    "Planning Time": 1.509,
    "Triggers": [],
    "Execution Time": 154.815
  }
]