[
  {
    "Plan": {
      "Node Type": "Aggregate",
      "Strategy": "Plain",
      "Partial Mode": "Finalize",
      "Parallel Aware": false,
      "Startup Cost": 122622.67,
      "Total Cost": 122622.68,
      "Plan Rows": 1,
      "Plan Width": 8,
      "Actual Startup Time": 432.213,
      "Actual Total Time": 453.466,
      "Actual Rows": 1,
      "Actual Loops": 1,
      "Plans": [
        {
          "Node Type": "Gather",
          "Parent Relationship": "Outer",
          "Parallel Aware": false,
          "Startup Cost": 122622.35,
          "Total Cost": 122622.66,
          "Plan Rows": 3,
          "Plan Width": 8,
          "Actual Startup Time": 429.647,
          "Actual Total Time": 453.456,
          "Actual Rows": 4,
          "Actual Loops": 1,
          "Workers Planned": 3,
          "Workers Launched": 3,
          "Single Copy": false,
          "Plans": [
            {
              "Node Type": "Aggregate",
              "Strategy": "Plain",
              "Partial Mode": "Partial",
              "Parent Relationship": "Outer",
              "Parallel Aware": false,
              "Startup Cost": 121622.35,
              "Total Cost": 121622.36,
              "Plan Rows": 1,
              "Plan Width": 8,
              "Actual Startup Time": 420.91,
              "Actual Total Time": 421.163,
              "Actual Rows": 1,
              "Actual Loops": 4,
              "Plans": [
                {
                  "Node Type": "Hash Join",
                  "Parent Relationship": "Outer",
                  "Parallel Aware": true,
                  "Join Type": "Inner",
                  "Startup Cost": 77815.92,
                  "Total Cost": 121588.1,
                  "Plan Rows": 13699,
                  "Plan Width": 0,
                  "Actual Startup Time": 319.685,
                  "Actual Total Time": 417.601,
                  "Actual Rows": 85661,
                  "Actual Loops": 4,
                  "Inner Unique": false,
                  "Hash Cond": "(mk.movie_id = t.id)",
                  "Plans": [
                    {
                      "Node Type": "Seq Scan",
                      "Parent Relationship": "Outer",
                      "Parallel Aware": true,
                      "Relation Name": "movie_keyword",
                      "Alias": "mk",
                      "Startup Cost": 0.0,
                      "Total Cost": 42695.65,
                      "Plan Rows": 277940,
                      "Plan Width": 4,
                      "Actual Startup Time": 0.031,
                      "Actual Total Time": 82.681,
                      "Actual Rows": 214970,
                      "Actual Loops": 4,
                      "Filter": "(keyword_id < 819)",
                      "Rows Removed by Filter": 916013
                    },
                    {
                      "Node Type": "Hash",
                      "Parent Relationship": "Inner",
                      "Parallel Aware": true,
                      "Startup Cost": 77426.47,
                      "Total Cost": 77426.47,
                      "Plan Rows": 31156,
                      "Plan Width": 8,
                      "Actual Startup Time": 292.943,
                      "Actual Total Time": 293.195,
                      "Actual Rows": 61338,
                      "Actual Loops": 4,
                      "Hash Buckets": 262144,
                      "Original Hash Buckets": 131072,
                      "Hash Batches": 1,
                      "Original Hash Batches": 1,
                      "Peak Memory Usage": 12736,
                      "Plans": [
                        {
                          "Node Type": "Hash Join",
                          "Parent Relationship": "Outer",
                          "Parallel Aware": true,
                          "Join Type": "Inner",
                          "Startup Cost": 47165.58,
                          "Total Cost": 77426.47,
                          "Plan Rows": 31156,
                          "Plan Width": 8,
                          "Actual Startup Time": 154.267,
                          "Actual Total Time": 269.333,
                          "Actual Rows": 61338,
                          "Actual Loops": 4,
                          "Inner Unique": true,
                          "Hash Cond": "(ci.movie_id = t.id)",
                          "Plans": [
                            {
                              "Node Type": "Index Scan",
                              "Parent Relationship": "Outer",
                              "Parallel Aware": true,
                              "Scan Direction": "Forward",
                              "Index Name": "role_id_cast_info",
                              "Relation Name": "cast_info",
                              "Alias": "ci",
                              "Startup Cost": 0.56,
                              "Total Cost": 29878.05,
                              "Plan Rows": 146061,
                              "Plan Width": 4,
                              "Actual Startup Time": 0.154,
                              "Actual Total Time": 54.861,
                              "Actual Rows": 220334,
                              "Actual Loops": 4,
                              "Index Cond": "(role_id = 9)",
                              "Rows Removed by Index Recheck": 0,
                              "Filter": "(person_id > 1648154)",
                              "Rows Removed by Filter": 53055
                            },
                            {
                              "Node Type": "Hash",
                              "Parent Relationship": "Inner",
                              "Parallel Aware": true,
                              "Startup Cost": 45479.59,
                              "Total Cost": 45479.59,
                              "Plan Rows": 134834,
                              "Plan Width": 4,
                              "Actual Startup Time": 150.212,
                              "Actual Total Time": 150.213,
                              "Actual Rows": 139330,
                              "Actual Loops": 4,
                              "Hash Buckets": 1048576,
                              "Original Hash Buckets": 1048576,
                              "Hash Batches": 1,
                              "Original Hash Batches": 1,
                              "Peak Memory Usage": 30080,
                              "Plans": [
                                {
                                  "Node Type": "Seq Scan",
                                  "Parent Relationship": "Outer",
                                  "Parallel Aware": true,
                                  "Relation Name": "title",
                                  "Alias": "t",
                                  "Startup Cost": 0.0,
                                  "Total Cost": 45479.59,
                                  "Plan Rows": 134834,
                                  "Plan Width": 4,
                                  "Actual Startup Time": 58.297,
                                  "Actual Total Time": 100.187,
                                  "Actual Rows": 139330,
                                  "Actual Loops": 4,
                                  "Filter": "((production_year < 2011) AND (kind_id = 1))",
                                  "Rows Removed by Filter": 492748
                                }
                              ]
                            }
                          ]
                        }
                      ]
                    }
                  ]
                }
              ]
            }
          ]
        }
      ]
    },
    "Planning Time": 0.799,
    "Triggers": [],
    "Execution Time": 453.542
  }
]