[
  {
    "Plan": {
      "Node Type": "Aggregate",
      "Strategy": "Plain",
      "Partial Mode": "Finalize",
      "Parallel Aware": false,
      "Startup Cost": 122295.48,
      "Total Cost": 122295.49,
      "Plan Rows": 1,
      "Plan Width": 8,
      "Actual Startup Time": 467.165,
      "Actual Total Time": 487.572,
      "Actual Rows": 1,
      "Actual Loops": 1,
      "Plans": [
        {
          "Node Type": "Gather",
          "Parent Relationship": "Outer",
          "Parallel Aware": false,
          "Startup Cost": 122295.17,
          "Total Cost": 122295.48,
          "Plan Rows": 3,
          "Plan Width": 8,
          "Actual Startup Time": 463.53,
          "Actual Total Time": 487.56,
          "Actual Rows": 4,
          "Actual Loops": 1,
          "Workers Planned": 3,
          "Workers Launched": 3,
          "Single Copy": false,
          "Plans": [
            {
              "Node Type": "Aggregate",
              "Strategy": "Plain",
              "Partial Mode": "Partial",
              "Parent Relationship": "Outer",
              "Parallel Aware": false,
              "Startup Cost": 121295.17,
              "Total Cost": 121295.18,
              "Plan Rows": 1,
              "Plan Width": 8,
              "Actual Startup Time": 452.527,
              "Actual Total Time": 452.912,
              "Actual Rows": 1,
              "Actual Loops": 4,
              "Plans": [
                {
                  "Node Type": "Hash Join",
                  "Parent Relationship": "Outer",
                  "Parallel Aware": true,
                  "Join Type": "Inner",
                  "Startup Cost": 77498.46,
                  "Total Cost": 121261.71,
                  "Plan Rows": 13381,
                  "Plan Width": 0,
                  "Actual Startup Time": 336.353,
                  "Actual Total Time": 448.884,
                  "Actual Rows": 85661,
                  "Actual Loops": 4,
                  "Inner Unique": false,
                  "Hash Cond": "(mk.movie_id = t.id)",
                  "Plans": [
                    {
                      "Node Type": "Seq Scan",
                      "Parent Relationship": "Outer",
                      "Parallel Aware": true,
                      "Relation Name": "movie_keyword",
                      "Alias": "mk",
                      "Startup Cost": 0.0,
                      "Total Cost": 42695.65,
                      "Plan Rows": 275774,
                      "Plan Width": 4,
                      "Actual Startup Time": 0.042,
                      "Actual Total Time": 95.625,
                      "Actual Rows": 214970,
                      "Actual Loops": 4,
                      "Filter": "(keyword_id < 819)",
                      "Rows Removed by Filter": 916013
                    },
                    {
                      "Node Type": "Hash",
                      "Parent Relationship": "Inner",
                      "Parallel Aware": true,
                      "Startup Cost": 77115.1,
                      "Total Cost": 77115.1,
                      "Plan Rows": 30669,
                      "Plan Width": 8,
                      "Actual Startup Time": 308.229,
                      "Actual Total Time": 308.613,
                      "Actual Rows": 61338,
                      "Actual Loops": 4,
                      "Hash Buckets": 262144,
                      "Original Hash Buckets": 131072,
                      "Hash Batches": 1,
                      "Original Hash Batches": 1,
                      "Peak Memory Usage": 12736,
                      "Plans": [
                        {
                          "Node Type": "Hash Join",
                          "Parent Relationship": "Outer",
                          "Parallel Aware": true,
                          "Join Type": "Inner",
                          "Startup Cost": 47172.85,
                          "Total Cost": 77115.1,
                          "Plan Rows": 30669,
                          "Plan Width": 8,
                          "Actual Startup Time": 167.569,
                          "Actual Total Time": 283.205,
                          "Actual Rows": 61338,
                          "Actual Loops": 4,
                          "Inner Unique": true,
                          "Hash Cond": "(ci.movie_id = t.id)",
                          "Plans": [
                            {
                              "Node Type": "Index Scan",
                              "Parent Relationship": "Outer",
                              "Parallel Aware": true,
                              "Scan Direction": "Forward",
                              "Index Name": "role_id_cast_info",
                              "Relation Name": "cast_info",
                              "Alias": "ci",
                              "Startup Cost": 0.56,
                              "Total Cost": 29567.14,
                              "Plan Rows": 143112,
                              "Plan Width": 4,
                              "Actual Startup Time": 0.199,
                              "Actual Total Time": 51.914,
                              "Actual Rows": 220334,
                              "Actual Loops": 4,
                              "Index Cond": "(role_id = 9)",
                              "Rows Removed by Index Recheck": 0,
                              "Filter": "(person_id > 1648154)",
                              "Rows Removed by Filter": 53055
                            },
                            {
                              "Node Type": "Hash",
                              "Parent Relationship": "Inner",
                              "Parallel Aware": true,
                              "Startup Cost": 45479.1,
                              "Total Cost": 45479.1,
                              "Plan Rows": 135455,
                              "Plan Width": 4,
                              "Actual Startup Time": 163.651,
                              "Actual Total Time": 163.653,
                              "Actual Rows": 139330,
                              "Actual Loops": 4,
                              "Hash Buckets": 1048576,
                              "Original Hash Buckets": 1048576,
                              "Hash Batches": 1,
                              "Original Hash Batches": 1,
                              "Peak Memory Usage": 30080,
                              "Plans": [
                                {
                                  "Node Type": "Seq Scan",
                                  "Parent Relationship": "Outer",
                                  "Parallel Aware": true,
                                  "Relation Name": "title",
                                  "Alias": "t",
                                  "Startup Cost": 0.0,
                                  "Total Cost": 45479.1,
                                  "Plan Rows": 135455,
                                  "Plan Width": 4,
                                  "Actual Startup Time": 66.56,
                                  "Actual Total Time": 112.752,
                                  "Actual Rows": 139330,
                                  "Actual Loops": 4,
                                  "Filter": "((production_year < 2011) AND (kind_id = 1))",
                                  "Rows Removed by Filter": 492748
                                }
                              ]
                            }
                          ]
                        }
                      ]
                    }
                  ]
                }
              ]
            }
          ]
        }
      ]
    },
    "Planning Time": 1.4,
    "Triggers": [],
    "Execution Time": 487.676
  }
]