[
  {
    "Plan": {
      "Node Type": "Aggregate",
      "Strategy": "Plain",
      "Partial Mode": "Finalize",
      "Parallel Aware": false,
      "Startup Cost": 91696.58,
      "Total Cost": 91696.59,
      "Plan Rows": 1,
      "Plan Width": 8,
      "Actual Startup Time": 369.536,
      "Actual Total Time": 386.804,
      "Actual Rows": 1,
      "Actual Loops": 1,
      "Plans": [
        {
          "Node Type": "Gather",
          "Parent Relationship": "Outer",
          "Parallel Aware": false,
          "Startup Cost": 91696.26,
          "Total Cost": 91696.57,
          "Plan Rows": 3,
          "Plan Width": 8,
          "Actual Startup Time": 367.194,
          "Actual Total Time": 386.791,
          "Actual Rows": 4,
          "Actual Loops": 1,
          "Workers Planned": 3,
          "Workers Launched": 3,
          "Single Copy": false,
          "Plans": [
            {
              "Node Type": "Aggregate",
              "Strategy": "Plain",
              "Partial Mode": "Partial",
              "Parent Relationship": "Outer",
              "Parallel Aware": false,
              "Startup Cost": 90696.26,
              "Total Cost": 90696.27,
              "Plan Rows": 1,
              "Plan Width": 8,
              "Actual Startup Time": 360.769,
              "Actual Total Time": 360.771,
              "Actual Rows": 1,
              "Actual Loops": 4,
              "Plans": [
                {
                  "Node Type": "Hash Join",
                  "Parent Relationship": "Outer",
                  "Parallel Aware": true,
                  "Join Type": "Inner",
                  "Startup Cost": 47079.46,
                  "Total Cost": 89957.54,
                  "Plan Rows": 295488,
                  "Plan Width": 0,
                  "Actual Startup Time": 167.243,
                  "Actual Total Time": 342.49,
                  "Actual Rows": 445343,
                  "Actual Loops": 4,
                  "Inner Unique": true,
                  "Hash Cond": "(mk.movie_id = t.id)",
                  "Plans": [
                    {
                      "Node Type": "Seq Scan",
                      "Parent Relationship": "Outer",
                      "Parallel Aware": true,
                      "Relation Name": "movie_keyword",
                      "Alias": "mk",
                      "Startup Cost": 0.0,
                      "Total Cost": 39047.32,
                      "Plan Rows": 1459332,
                      "Plan Width": 4,
                      "Actual Startup Time": 0.025,
                      "Actual Total Time": 83.786,
                      "Actual Rows": 1130982,
                      "Actual Loops": 4
                    },
                    {
                      "Node Type": "Hash",
                      "Parent Relationship": "Inner",
                      "Parallel Aware": true,
                      "Startup Cost": 45479.59,
                      "Total Cost": 45479.59,
                      "Plan Rows": 127990,
                      "Plan Width": 4,
                      "Actual Startup Time": 128.161,
                      "Actual Total Time": 128.161,
                      "Actual Rows": 96644,
                      "Actual Loops": 4,
                      "Hash Buckets": 524288,
                      "Original Hash Buckets": 524288,
                      "Hash Batches": 1,
                      "Original Hash Batches": 1,
                      "Peak Memory Usage": 19264,
                      "Plans": [
                        {
                          "Node Type": "Seq Scan",
                          "Parent Relationship": "Outer",
                          "Parallel Aware": true,
                          "Relation Name": "title",
                          "Alias": "t",
                          "Startup Cost": 0.0,
                          "Total Cost": 45479.59,
                          "Plan Rows": 127990,
                          "Plan Width": 4,
                          "Actual Startup Time": 43.71,
                          "Actual Total Time": 97.008,
                          "Actual Rows": 96644,
                          "Actual Loops": 4,
                          "Filter": "((production_year > 1979) AND (kind_id = 1))",
                          "Rows Removed by Filter": 535434
                        }
                      ]
                    }
                  ]
                }
              ]
            }
          ]
        }
      ]
    },
    "Planning Time": 0.513,
    "Triggers": [],
    "Execution Time": 386.866
  }
]