{
  "Plan": {
    "Node Type": "Aggregate",
    "Strategy": "Plain",
    "Partial Mode": "Finalize",
    "Parallel Aware": false,
    "Startup Cost": 727219.1,
    "Total Cost": 727219.11,
    "Plan Rows": 1,
    "Plan Width": 8,
    "Actual Startup Time": 4886.549,
    "Actual Total Time": 4917.27,
    "Actual Rows": 1,
    "Actual Loops": 1,
    "Plans": [
      {
        "Node Type": "Gather",
        "Parent Relationship": "Outer",
        "Parallel Aware": false,
        "Startup Cost": 727218.99,
        "Total Cost": 727219.1,
        "Plan Rows": 1,
        "Plan Width": 8,
        "Actual Startup Time": 4867.102,
        "Actual Total Time": 4917.252,
        "Actual Rows": 2,
        "Actual Loops": 1,
        "Workers Planned": 1,
        "Workers Launched": 1,
        "Single Copy": false,
        "Plans": [
          {
            "Node Type": "Aggregate",
            "Strategy": "Plain",
            "Partial Mode": "Partial",
            "Parent Relationship": "Outer",
            "Parallel Aware": false,
            "Startup Cost": 726218.99,
            "Total Cost": 726219.0,
            "Plan Rows": 1,
            "Plan Width": 8,
            "Actual Startup Time": 4861.204,
            "Actual Total Time": 4861.21,
            "Actual Rows": 1,
            "Actual Loops": 2,
            "Plans": [
              {
                "Node Type": "Merge Join",
                "Parent Relationship": "Outer",
                "Parallel Aware": false,
                "Join Type": "Inner",
                "Startup Cost": 572974.72,
                "Total Cost": 723795.75,
                "Plan Rows": 969298,
                "Plan Width": 0,
                "Actual Startup Time": 3293.164,
                "Actual Total Time": 4627.132,
                "Actual Rows": 5957008,
                "Actual Loops": 2,
                "Inner Unique": false,
                "Merge Cond": "(mc.movie_id = t.id)",
                "Plans": [
                  {
                    "Node Type": "Index Only Scan",
                    "Parent Relationship": "Outer",
                    "Parallel Aware": true,
                    "Scan Direction": "Forward",
                    "Index Name": "movie_id_movie_companies",
                    "Relation Name": "movie_companies",
                    "Alias": "mc",
                    "Startup Cost": 0.43,
                    "Total Cost": 129315.97,
                    "Plan Rows": 1534782,
                    "Plan Width": 4,
                    "Actual Startup Time": 0.115,
                    "Actual Total Time": 337.039,
                    "Actual Rows": 1304564,
                    "Actual Loops": 2,
                    "Heap Fetches": 2609129
                  },
                  {
                    "Node Type": "Sort",
                    "Parent Relationship": "Inner",
                    "Parallel Aware": false,
                    "Startup Cost": 572974.13,
                    "Total Cost": 576966.02,
                    "Plan Rows": 1596755,
                    "Plan Width": 8,
                    "Actual Startup Time": 3293.009,
                    "Actual Total Time": 3574.164,
                    "Actual Rows": 8085374,
                    "Actual Loops": 2,
                    "Sort Key": [
                      "mi.movie_id"
                    ],
                    "Sort Method": "quicksort",
                    "Sort Space Used": 262501,
                    "Sort Space Type": "Memory",
                    "Workers": [
                      {
                        "Worker Number": 0,
                        "Sort Method": "quicksort",
                        "Sort Space Used": 262501,
                        "Sort Space Type": "Memory"
                      }
                    ],
                    "Plans": [
                      {
                        "Node Type": "Hash Join",
                        "Parent Relationship": "Outer",
                        "Parallel Aware": false,
                        "Join Type": "Inner",
                        "Startup Cost": 165472.79,
                        "Total Cost": 408454.78,
                        "Plan Rows": 1596755,
                        "Plan Width": 8,
                        "Actual Startup Time": 520.284,
                        "Actual Total Time": 2522.89,
                        "Actual Rows": 3502850,
                        "Actual Loops": 2,
                        "Inner Unique": true,
                        "Hash Cond": "(mi.movie_id = t.id)",
                        "Plans": [
                          {
                            "Node Type": "Bitmap Heap Scan",
                            "Parent Relationship": "Outer",
                            "Parallel Aware": false,
                            "Relation Name": "movie_info",
                            "Alias": "mi",
                            "Startup Cost": 96998.92,
                            "Total Cost": 325924.96,
                            "Plan Rows": 5354643,
                            "Plan Width": 4,
                            "Actual Startup Time": 168.637,
                            "Actual Total Time": 611.197,
                            "Actual Rows": 5410520,
                            "Actual Loops": 2,
                            "Recheck Cond": "(info_type_id < 6)",
                            "Rows Removed by Index Recheck": 0,
                            "Exact Heap Blocks": 36749,
                            "Lossy Heap Blocks": 0,
                            "Plans": [
                              {
                                "Node Type": "Bitmap Index Scan",
                                "Parent Relationship": "Outer",
                                "Parallel Aware": false,
                                "Index Name": "info_type_id_movie_info",
                                "Startup Cost": 0.0,
                                "Total Cost": 95660.26,
                                "Plan Rows": 5354643,
                                "Plan Width": 0,
                                "Actual Startup Time": 163.645,
                                "Actual Total Time": 163.645,
                                "Actual Rows": 5410520,
                                "Actual Loops": 2,
                                "Index Cond": "(info_type_id < 6)"
                              }
                            ]
                          },
                          {
                            "Node Type": "Hash",
                            "Parent Relationship": "Inner",
                            "Parallel Aware": false,
                            "Startup Cost": 59049.65,
                            "Total Cost": 59049.65,
                            "Plan Rows": 753937,
                            "Plan Width": 4,
                            "Actual Startup Time": 337.684,
                            "Actual Total Time": 337.686,
                            "Actual Rows": 753677,
                            "Actual Loops": 2,
                            "Hash Buckets": 1048576,
                            "Original Hash Buckets": 1048576,
                            "Hash Batches": 1,
                            "Original Hash Batches": 1,
                            "Peak Memory Usage": 34689,
                            "Plans": [
                              {
                                "Node Type": "Bitmap Heap Scan",
                                "Parent Relationship": "Outer",
                                "Parallel Aware": false,
                                "Relation Name": "title",
                                "Alias": "t",
                                "Startup Cost": 13627.44,
                                "Total Cost": 59049.65,
                                "Plan Rows": 753937,
                                "Plan Width": 4,
                                "Actual Startup Time": 44.396,
                                "Actual Total Time": 184.924,
                                "Actual Rows": 753677,
                                "Actual Loops": 2,
                                "Recheck Cond": "(kind_id < 3)",
                                "Rows Removed by Index Recheck": 0,
                                "Exact Heap Blocks": 35470,
                                "Lossy Heap Blocks": 0,
                                "Plans": [
                                  {
                                    "Node Type": "Bitmap Index Scan",
                                    "Parent Relationship": "Outer",
                                    "Parallel Aware": false,
                                    "Index Name": "kind_id_title",
                                    "Startup Cost": 0.0,
                                    "Total Cost": 13438.96,
                                    "Plan Rows": 753937,
                                    "Plan Width": 0,
                                    "Actual Startup Time": 39.549,
                                    "Actual Total Time": 39.549,
                                    "Actual Rows": 753677,
                                    "Actual Loops": 2,
                                    "Index Cond": "(kind_id < 3)"
                                  }
                                ]
                              }
                            ]
                          }
                        ]
                      }
                    ]
                  }
                ]
              }
            ]
          }
        ]
      }
    ]
  },
  "Planning Time": 1.045,
  "Triggers": [],
  "Execution Time": 4944.917
}