[
  {
    "Plan": {
      "Node Type": "Aggregate",
      "Strategy": "Plain",
      "Partial Mode": "Finalize",
      "Parallel Aware": false,
      "Startup Cost": 44390.28,
      "Total Cost": 44390.29,
      "Plan Rows": 1,
      "Plan Width": 8,
      "Actual Startup Time": 120.497,
      "Actual Total Time": 130.429,
      "Actual Rows": 1,
      "Actual Loops": 1,
      "Plans": [
        {
          "Node Type": "Gather",
          "Parent Relationship": "Outer",
          "Parallel Aware": false,
          "Startup Cost": 44389.96,
          "Total Cost": 44390.27,
          "Plan Rows": 3,
          "Plan Width": 8,
          "Actual Startup Time": 120.387,
          "Actual Total Time": 130.422,
          "Actual Rows": 4,
          "Actual Loops": 1,
          "Workers Planned": 3,
          "Workers Launched": 3,
          "Single Copy": false,
          "Plans": [
            {
              "Node Type": "Aggregate",
              "Strategy": "Plain",
              "Partial Mode": "Partial",
              "Parent Relationship": "Outer",
              "Parallel Aware": false,
              "Startup Cost": 43389.96,
              "Total Cost": 43389.97,
              "Plan Rows": 1,
              "Plan Width": 8,
              "Actual Startup Time": 114.335,
              "Actual Total Time": 114.336,
              "Actual Rows": 1,
              "Actual Loops": 4,
              "Plans": [
                {
                  "Node Type": "Seq Scan",
                  "Parent Relationship": "Outer",
                  "Parallel Aware": true,
                  "Relation Name": "movie_keyword",
                  "Alias": "mk",
                  "Startup Cost": 0.0,
                  "Total Cost": 42695.65,
                  "Plan Rows": 277724,
                  "Plan Width": 0,
                  "Actual Startup Time": 0.057,
                  "Actual Total Time": 103.27,
                  "Actual Rows": 216208,
                  "Actual Loops": 4,
                  "Filter": "(keyword_id < 823)",
                  "Rows Removed by Filter": 914774
                }
              ]
            }
          ]
        }
      ]
    },
    "Planning Time": 0.184,
    "Triggers": [],
    "Execution Time": 130.485
  }
]