[
  {
    "Plan": {
      "Node Type": "Aggregate",
      "Strategy": "Plain",
      "Partial Mode": "Finalize",
      "Parallel Aware": false,
      "Startup Cost": 419527.53,
      "Total Cost": 419527.54,
      "Plan Rows": 1,
      "Plan Width": 8,
      "Actual Startup Time": 1394.687,
      "Actual Total Time": 1468.744,
      "Actual Rows": 1,
      "Actual Loops": 1,
      "Plans": [
        {
          "Node Type": "Gather",
          "Parent Relationship": "Outer",
          "Parallel Aware": false,
          "Startup Cost": 419526.9,
          "Total Cost": 419527.51,
          "Plan Rows": 6,
          "Plan Width": 8,
          "Actual Startup Time": 1385.786,
          "Actual Total Time": 1468.715,
          "Actual Rows": 7,
          "Actual Loops": 1,
          "Workers Planned": 6,
          "Workers Launched": 6,
          "Single Copy": false,
          "Plans": [
            {
              "Node Type": "Aggregate",
              "Strategy": "Plain",
              "Partial Mode": "Partial",
              "Parent Relationship": "Outer",
              "Parallel Aware": false,
              "Startup Cost": 418526.9,
              "Total Cost": 418526.91,
              "Plan Rows": 1,
              "Plan Width": 8,
              "Actual Startup Time": 1374.831,
              "Actual Total Time": 1375.278,
              "Actual Rows": 1,
              "Actual Loops": 7,
              "Plans": [
                {
                  "Node Type": "Hash Join",
                  "Parent Relationship": "Outer",
                  "Parallel Aware": true,
                  "Join Type": "Inner",
                  "Startup Cost": 82006.76,
                  "Total Cost": 417391.26,
                  "Plan Rows": 454256,
                  "Plan Width": 0,
                  "Actual Startup Time": 326.185,
                  "Actual Total Time": 1333.889,
                  "Actual Rows": 909847,
                  "Actual Loops": 7,
                  "Inner Unique": false,
                  "Hash Cond": "(ci.movie_id = t.id)",
                  "Plans": [
                    {
                      "Node Type": "Seq Scan",
                      "Parent Relationship": "Outer",
                      "Parallel Aware": true,
                      "Relation Name": "cast_info",
                      "Alias": "ci",
                      "Startup Cost": 0.0,
                      "Total Cost": 328211.39,
                      "Plan Rows": 1522071,
                      "Plan Width": 4,
                      "Actual Startup Time": 0.066,
                      "Actual Total Time": 666.443,
                      "Actual Rows": 1309238,
                      "Actual Loops": 7,
                      "Filter": "(person_id < 901913)",
                      "Rows Removed by Filter": 3868526
                    },
                    {
                      "Node Type": "Hash",
                      "Parent Relationship": "Inner",
                      "Parallel Aware": true,
                      "Startup Cost": 78964.02,
                      "Total Cost": 78964.02,
                      "Plan Rows": 243419,
                      "Plan Width": 8,
                      "Actual Startup Time": 323.426,
                      "Actual Total Time": 323.868,
                      "Actual Rows": 84709,
                      "Actual Loops": 7,
                      "Hash Buckets": 1048576,
                      "Original Hash Buckets": 1048576,
                      "Hash Batches": 1,
                      "Original Hash Batches": 1,
                      "Peak Memory Usage": 31488,
                      "Plans": [
                        {
                          "Node Type": "Hash Join",
                          "Parent Relationship": "Outer",
                          "Parallel Aware": true,
                          "Join Type": "Inner",
                          "Startup Cost": 48573.12,
                          "Total Cost": 78964.02,
                          "Plan Rows": 243419,
                          "Plan Width": 8,
                          "Actual Startup Time": 199.085,
                          "Actual Total Time": 295.773,
                          "Actual Rows": 84709,
                          "Actual Loops": 7,
                          "Inner Unique": true,
                          "Hash Cond": "(mc.movie_id = t.id)",
                          "Plans": [
                            {
                              "Node Type": "Seq Scan",
                              "Parent Relationship": "Outer",
                              "Parallel Aware": true,
                              "Relation Name": "movie_companies",
                              "Alias": "mc",
                              "Startup Cost": 0.0,
                              "Total Cost": 29310.68,
                              "Plan Rows": 411513,
                              "Plan Width": 4,
                              "Actual Startup Time": 0.015,
                              "Actual Total Time": 46.119,
                              "Actual Rows": 182035,
                              "Actual Loops": 7,
                              "Filter": "(company_type_id < 2)",
                              "Rows Removed by Filter": 190698
                            },
                            {
                              "Node Type": "Hash",
                              "Parent Relationship": "Inner",
                              "Parallel Aware": true,
                              "Startup Cost": 43899.32,
                              "Total Cost": 43899.32,
                              "Plan Rows": 373904,
                              "Plan Width": 4,
                              "Actual Startup Time": 197.065,
                              "Actual Total Time": 197.068,
                              "Actual Rows": 212147,
                              "Actual Loops": 7,
                              "Hash Buckets": 2097152,
                              "Original Hash Buckets": 2097152,
                              "Hash Batches": 1,
                              "Original Hash Batches": 1,
                              "Peak Memory Usage": 74592,
                              "Plans": [
                                {
                                  "Node Type": "Seq Scan",
                                  "Parent Relationship": "Outer",
                                  "Parallel Aware": true,
                                  "Relation Name": "title",
                                  "Alias": "t",
                                  "Startup Cost": 0.0,
                                  "Total Cost": 43899.32,
                                  "Plan Rows": 373904,
                                  "Plan Width": 4,
                                  "Actual Startup Time": 0.066,
                                  "Actual Total Time": 85.384,
                                  "Actual Rows": 212147,
                                  "Actual Loops": 7,
                                  "Filter": "(production_year > 1998)",
                                  "Rows Removed by Filter": 149040
                                }
                              ]
                            }
                          ]
                        }
                      ]
                    }
                  ]
                }
              ]
            }
          ]
        }
      ]
    },
    "Planning Time": 0.627,
    "Triggers": [],
    "Execution Time": 1468.812
  }
]