{
    "Plan": {
        "Node Type": "Aggregate",
        "Strategy": "Plain",
        "Partial Mode": "Finalize",
        "Parallel Aware": false,
        "Startup Cost": 2053401.17,
        "Total Cost": 2053401.18,
        "Plan Rows": 1,
        "Plan Width": 8,
        "Actual Startup Time": 2651.843,
        "Actual Total Time": 2696.717,
        "Actual Rows": 1,
        "Actual Loops": 1,
        "Output": [
            "count(*)"
        ],
        "Plans": [
            {
                "Node Type": "Gather",
                "Parent Relationship": "Outer",
                "Parallel Aware": false,
                "Startup Cost": 2053400.55,
                "Total Cost": 2053401.16,
                "Plan Rows": 6,
                "Plan Width": 8,
                "Actual Startup Time": 2627.918,
                "Actual Total Time": 2696.705,
                "Actual Rows": 7,
                "Actual Loops": 1,
                "Output": [
                    "(PARTIAL count(*))"
                ],
                "Workers Planned": 6,
                "Workers Launched": 6,
                "Single Copy": false,
                "Plans": [
                    {
                        "Node Type": "Aggregate",
                        "Strategy": "Plain",
                        "Partial Mode": "Partial",
                        "Parent Relationship": "Outer",
                        "Parallel Aware": false,
                        "Startup Cost": 2052400.55,
                        "Total Cost": 2052400.56,
                        "Plan Rows": 1,
                        "Plan Width": 8,
                        "Actual Startup Time": 2609.969,
                        "Actual Total Time": 2609.975,
                        "Actual Rows": 1,
                        "Actual Loops": 7,
                        "Output": [
                            "PARTIAL count(*)"
                        ],
                        "Workers": [
                            {
                                "Worker Number": 0,
                                "Actual Startup Time": 2608.945,
                                "Actual Total Time": 2608.95,
                                "Actual Rows": 1,
                                "Actual Loops": 1
                            },
                            {
                                "Worker Number": 1,
                                "Actual Startup Time": 2606.664,
                                "Actual Total Time": 2606.67,
                                "Actual Rows": 1,
                                "Actual Loops": 1
                            },
                            {
                                "Worker Number": 2,
                                "Actual Startup Time": 2606.93,
                                "Actual Total Time": 2606.935,
                                "Actual Rows": 1,
                                "Actual Loops": 1
                            },
                            {
                                "Worker Number": 3,
                                "Actual Startup Time": 2606.932,
                                "Actual Total Time": 2606.937,
                                "Actual Rows": 1,
                                "Actual Loops": 1
                            },
                            {
                                "Worker Number": 4,
                                "Actual Startup Time": 2606.911,
                                "Actual Total Time": 2606.918,
                                "Actual Rows": 1,
                                "Actual Loops": 1
                            },
                            {
                                "Worker Number": 5,
                                "Actual Startup Time": 2606.951,
                                "Actual Total Time": 2606.955,
                                "Actual Rows": 1,
                                "Actual Loops": 1
                            }
                        ],
                        "Plans": [
                            {
                                "Node Type": "Hash Join",
                                "Parent Relationship": "Outer",
                                "Parallel Aware": true,
                                "Join Type": "Inner",
                                "Startup Cost": 523727.62,
                                "Total Cost": 2050383.79,
                                "Plan Rows": 806703,
                                "Plan Width": 0,
                                "Actual Startup Time": 1250.395,
                                "Actual Total Time": 2579.663,
                                "Actual Rows": 488707,
                                "Actual Loops": 7,
                                "Inner Unique": false,
                                "Hash Cond": "(t.id = mi.movie_id)",
                                "Workers": [
                                    {
                                        "Worker Number": 0,
                                        "Actual Startup Time": 1247.463,
                                        "Actual Total Time": 2578.415,
                                        "Actual Rows": 461756,
                                        "Actual Loops": 1
                                    },
                                    {
                                        "Worker Number": 1,
                                        "Actual Startup Time": 1247.448,
                                        "Actual Total Time": 2574.756,
                                        "Actual Rows": 482761,
                                        "Actual Loops": 1
                                    },
                                    {
                                        "Worker Number": 2,
                                        "Actual Startup Time": 1247.959,
                                        "Actual Total Time": 2575.79,
                                        "Actual Rows": 473705,
                                        "Actual Loops": 1
                                    },
                                    {
                                        "Worker Number": 3,
                                        "Actual Startup Time": 1247.962,
                                        "Actual Total Time": 2575.747,
                                        "Actual Rows": 462831,
                                        "Actual Loops": 1
                                    },
                                    {
                                        "Worker Number": 4,
                                        "Actual Startup Time": 1247.5,
                                        "Actual Total Time": 2577.613,
                                        "Actual Rows": 442991,
                                        "Actual Loops": 1
                                    },
                                    {
                                        "Worker Number": 5,
                                        "Actual Startup Time": 1247.843,
                                        "Actual Total Time": 2576.804,
                                        "Actual Rows": 449761,
                                        "Actual Loops": 1
                                    }
                                ],
                                "Plans": [
                                    {
                                        "Node Type": "Hash Join",
                                        "Parent Relationship": "Outer",
                                        "Parallel Aware": true,
                                        "Join Type": "Inner",
                                        "Startup Cost": 310177.64,
                                        "Total Cost": 595039.03,
                                        "Plan Rows": 915263,
                                        "Plan Width": 8,
                                        "Actual Startup Time": 806.875,
                                        "Actual Total Time": 1788.143,
                                        "Actual Rows": 794707,
                                        "Actual Loops": 7,
                                        "Output": [
                                            "t.id",
                                            "ci.movie_id"
                                        ],
                                        "Inner Unique": true,
                                        "Hash Cond": "(ci.movie_id = t.id)",
                                        "Workers": [
                                            {
                                                "Worker Number": 0,
                                                "Actual Startup Time": 807.111,
                                                "Actual Total Time": 1788.104,
                                                "Actual Rows": 766568,
                                                "Actual Loops": 1
                                            },
                                            {
                                                "Worker Number": 1,
                                                "Actual Startup Time": 806.991,
                                                "Actual Total Time": 1785.61,
                                                "Actual Rows": 769338,
                                                "Actual Loops": 1
                                            },
                                            {
                                                "Worker Number": 2,
                                                "Actual Startup Time": 806.837,
                                                "Actual Total Time": 1791.13,
                                                "Actual Rows": 770645,
                                                "Actual Loops": 1
                                            },
                                            {
                                                "Worker Number": 3,
                                                "Actual Startup Time": 806.928,
                                                "Actual Total Time": 1788.113,
                                                "Actual Rows": 755434,
                                                "Actual Loops": 1
                                            },
                                            {
                                                "Worker Number": 4,
                                                "Actual Startup Time": 806.72,
                                                "Actual Total Time": 1793.546,
                                                "Actual Rows": 724914,
                                                "Actual Loops": 1
                                            },
                                            {
                                                "Worker Number": 5,
                                                "Actual Startup Time": 807.113,
                                                "Actual Total Time": 1792.417,
                                                "Actual Rows": 733761,
                                                "Actual Loops": 1
                                            }
                                        ],
                                        "Plans": [
                                            {
                                                "Node Type": "Bitmap Heap Scan",
                                                "Parent Relationship": "Outer",
                                                "Parallel Aware": true,
                                                "Relation Name": "cast_info",
                                                "Schema": "public",
                                                "Alias": "ci",
                                                "Startup Cost": 230448.87,
                                                "Total Cost": 509726.27,
                                                "Plan Rows": 2127232,
                                                "Plan Width": 4,
                                                "Actual Startup Time": 420.249,
                                                "Actual Total Time": 728.694,
                                                "Actual Rows": 1810098,
                                                "Actual Loops": 7,
                                                "Output": [
                                                    "ci.id",
                                                    "ci.person_id",
                                                    "ci.movie_id",
                                                    "ci.person_role_id",
                                                    "ci.note",
                                                    "ci.nr_order",
                                                    "ci.role_id"
                                                ],
                                                "Recheck Cond": "(ci.role_id < 2)",
                                                "Rows Removed by Index Recheck": 0,
                                                "Exact Heap Blocks": 15829,
                                                "Lossy Heap Blocks": 0,
                                                "Workers": [
                                                    {
                                                        "Worker Number": 0,
                                                        "Actual Startup Time": 420.515,
                                                        "Actual Total Time": 730.892,
                                                        "Actual Rows": 1736441,
                                                        "Actual Loops": 1
                                                    },
                                                    {
                                                        "Worker Number": 1,
                                                        "Actual Startup Time": 420.36,
                                                        "Actual Total Time": 730.687,
                                                        "Actual Rows": 1740114,
                                                        "Actual Loops": 1
                                                    },
                                                    {
                                                        "Worker Number": 2,
                                                        "Actual Startup Time": 420.236,
                                                        "Actual Total Time": 731.749,
                                                        "Actual Rows": 1754891,
                                                        "Actual Loops": 1
                                                    },
                                                    {
                                                        "Worker Number": 3,
                                                        "Actual Startup Time": 420.145,
                                                        "Actual Total Time": 731.323,
                                                        "Actual Rows": 1721327,
                                                        "Actual Loops": 1
                                                    },
                                                    {
                                                        "Worker Number": 4,
                                                        "Actual Startup Time": 420.146,
                                                        "Actual Total Time": 734.149,
                                                        "Actual Rows": 1662084,
                                                        "Actual Loops": 1
                                                    },
                                                    {
                                                        "Worker Number": 5,
                                                        "Actual Startup Time": 420.543,
                                                        "Actual Total Time": 732.206,
                                                        "Actual Rows": 1674776,
                                                        "Actual Loops": 1
                                                    }
                                                ],
                                                "Plans": [
                                                    {
                                                        "Node Type": "Bitmap Index Scan",
                                                        "Parent Relationship": "Outer",
                                                        "Parallel Aware": false,
                                                        "Index Name": "role_id_cast_info",
                                                        "Startup Cost": 0.0,
                                                        "Total Cost": 227258.02,
                                                        "Plan Rows": 12763394,
                                                        "Plan Width": 0,
                                                        "Actual Startup Time": 405.322,
                                                        "Actual Total Time": 405.323,
                                                        "Actual Rows": 12670688,
                                                        "Actual Loops": 1,
                                                        "Index Cond": "(ci.role_id < 2)"
                                                    }
                                                ]
                                            },
                                            {
                                                "Node Type": "Hash",
                                                "Parent Relationship": "Inner",
                                                "Parallel Aware": true,
                                                "Startup Cost": 76329.28,
                                                "Total Cost": 76329.28,
                                                "Plan Rows": 271959,
                                                "Plan Width": 4,
                                                "Actual Startup Time": 381.813,
                                                "Actual Total Time": 381.814,
                                                "Actual Rows": 170762,
                                                "Actual Loops": 7,
                                                "Output": [
                                                    "t.id"
                                                ],
                                                "Hash Buckets": 2097152,
                                                "Original Hash Buckets": 2097152,
                                                "Hash Batches": 1,
                                                "Original Hash Batches": 1,
                                                "Peak Memory Usage": 63296,
                                                "Workers": [
                                                    {
                                                        "Worker Number": 0,
                                                        "Actual Startup Time": 386.507,
                                                        "Actual Total Time": 386.508,
                                                        "Actual Rows": 160914,
                                                        "Actual Loops": 1
                                                    },
                                                    {
                                                        "Worker Number": 1,
                                                        "Actual Startup Time": 386.518,
                                                        "Actual Total Time": 386.519,
                                                        "Actual Rows": 160523,
                                                        "Actual Loops": 1
                                                    },
                                                    {
                                                        "Worker Number": 2,
                                                        "Actual Startup Time": 386.489,
                                                        "Actual Total Time": 386.49,
                                                        "Actual Rows": 175175,
                                                        "Actual Loops": 1
                                                    },
                                                    {
                                                        "Worker Number": 3,
                                                        "Actual Startup Time": 353.693,
                                                        "Actual Total Time": 353.694,
                                                        "Actual Rows": 180243,
                                                        "Actual Loops": 1
                                                    },
                                                    {
                                                        "Worker Number": 4,
                                                        "Actual Startup Time": 386.465,
                                                        "Actual Total Time": 386.466,
                                                        "Actual Rows": 160540,
                                                        "Actual Loops": 1
                                                    },
                                                    {
                                                        "Worker Number": 5,
                                                        "Actual Startup Time": 386.477,
                                                        "Actual Total Time": 386.478,
                                                        "Actual Rows": 160335,
                                                        "Actual Loops": 1
                                                    }
                                                ],
                                                "Plans": [
                                                    {
                                                        "Node Type": "Bitmap Heap Scan",
                                                        "Parent Relationship": "Outer",
                                                        "Parallel Aware": true,
                                                        "Relation Name": "title",
                                                        "Schema": "public",
                                                        "Alias": "t",
                                                        "Startup Cost": 33367.65,
                                                        "Total Cost": 76329.28,
                                                        "Plan Rows": 271959,
                                                        "Plan Width": 4,
                                                        "Actual Startup Time": 123.439,
                                                        "Actual Total Time": 237.463,
                                                        "Actual Rows": 170762,
                                                        "Actual Loops": 7,
                                                        "Output": [
                                                            "t.id"
                                                        ],
                                                        "Recheck Cond": "(t.kind_id > 1)",
                                                        "Rows Removed by Index Recheck": 0,
                                                        "Filter": "(t.production_year > 1998)",
                                                        "Rows Removed by Filter": 95736,
                                                        "Exact Heap Blocks": 6134,
                                                        "Lossy Heap Blocks": 0,
                                                        "Workers": [
                                                            {
                                                                "Worker Number": 0,
                                                                "Actual Startup Time": 123.331,
                                                                "Actual Total Time": 237.15,
                                                                "Actual Rows": 160914,
                                                                "Actual Loops": 1
                                                            },
                                                            {
                                                                "Worker Number": 1,
                                                                "Actual Startup Time": 123.435,
                                                                "Actual Total Time": 237.363,
                                                                "Actual Rows": 160523,
                                                                "Actual Loops": 1
                                                            },
                                                            {
                                                                "Worker Number": 2,
                                                                "Actual Startup Time": 123.506,
                                                                "Actual Total Time": 236.772,
                                                                "Actual Rows": 175175,
                                                                "Actual Loops": 1
                                                            },
                                                            {
                                                                "Worker Number": 3,
                                                                "Actual Startup Time": 123.173,
                                                                "Actual Total Time": 239.888,
                                                                "Actual Rows": 180243,
                                                                "Actual Loops": 1
                                                            },
                                                            {
                                                                "Worker Number": 4,
                                                                "Actual Startup Time": 123.602,
                                                                "Actual Total Time": 237.698,
                                                                "Actual Rows": 160540,
                                                                "Actual Loops": 1
                                                            },
                                                            {
                                                                "Worker Number": 5,
                                                                "Actual Startup Time": 123.671,
                                                                "Actual Total Time": 237.099,
                                                                "Actual Rows": 160335,
                                                                "Actual Loops": 1
                                                            }
                                                        ],
                                                        "Plans": [
                                                            {
                                                                "Node Type": "Bitmap Index Scan",
                                                                "Parent Relationship": "Outer",
                                                                "Parallel Aware": false,
                                                                "Index Name": "kind_id_title",
                                                                "Startup Cost": 0.0,
                                                                "Total Cost": 33095.69,
                                                                "Plan Rows": 1856968,
                                                                "Plan Width": 0,
                                                                "Actual Startup Time": 114.009,
                                                                "Actual Total Time": 114.009,
                                                                "Actual Rows": 1865487,
                                                                "Actual Loops": 1,
                                                                "Index Cond": "(t.kind_id > 1)",
                                                                "Workers": [
                                                                    {
                                                                        "Worker Number": 3,
                                                                        "Actual Startup Time": 114.009,
                                                                        "Actual Total Time": 114.009,
                                                                        "Actual Rows": 1865487,
                                                                        "Actual Loops": 1
                                                                    }
                                                                ]
                                                            }
                                                        ]
                                                    }
                                                ]
                                            }
                                        ]
                                    },
                                    {
                                        "Node Type": "Hash",
                                        "Parent Relationship": "Inner",
                                        "Parallel Aware": true,
                                        "Startup Cost": 207978.89,
                                        "Total Cost": 207978.89,
                                        "Plan Rows": 445687,
                                        "Plan Width": 4,
                                        "Actual Startup Time": 437.789,
                                        "Actual Total Time": 437.79,
                                        "Actual Rows": 319121,
                                        "Actual Loops": 7,
                                        "Output": [
                                            "mi.movie_id"
                                        ],
                                        "Hash Buckets": 4194304,
                                        "Original Hash Buckets": 4194304,
                                        "Hash Batches": 1,
                                        "Original Hash Batches": 1,
                                        "Peak Memory Usage": 120288,
                                        "Workers": [
                                            {
                                                "Worker Number": 0,
                                                "Actual Startup Time": 439.723,
                                                "Actual Total Time": 439.724,
                                                "Actual Rows": 295026,
                                                "Actual Loops": 1
                                            },
                                            {
                                                "Worker Number": 1,
                                                "Actual Startup Time": 439.79,
                                                "Actual Total Time": 439.791,
                                                "Actual Rows": 293876,
                                                "Actual Loops": 1
                                            },
                                            {
                                                "Worker Number": 2,
                                                "Actual Startup Time": 440.099,
                                                "Actual Total Time": 440.1,
                                                "Actual Rows": 297567,
                                                "Actual Loops": 1
                                            },
                                            {
                                                "Worker Number": 3,
                                                "Actual Startup Time": 440.125,
                                                "Actual Total Time": 440.126,
                                                "Actual Rows": 292340,
                                                "Actual Loops": 1
                                            },
                                            {
                                                "Worker Number": 4,
                                                "Actual Startup Time": 440.052,
                                                "Actual Total Time": 440.053,
                                                "Actual Rows": 296973,
                                                "Actual Loops": 1
                                            },
                                            {
                                                "Worker Number": 5,
                                                "Actual Startup Time": 440.088,
                                                "Actual Total Time": 440.09,
                                                "Actual Rows": 294835,
                                                "Actual Loops": 1
                                            }
                                        ],
                                        "Plans": [
                                            {
                                                "Node Type": "Bitmap Heap Scan",
                                                "Parent Relationship": "Outer",
                                                "Parallel Aware": true,
                                                "Relation Name": "movie_info",
                                                "Schema": "public",
                                                "Alias": "mi",
                                                "Startup Cost": 40414.81,
                                                "Total Cost": 207978.89,
                                                "Plan Rows": 445687,
                                                "Plan Width": 4,
                                                "Actual Startup Time": 104.623,
                                                "Actual Total Time": 265.542,
                                                "Actual Rows": 319121,
                                                "Actual Loops": 7,
                                                "Output": [
                                                    "mi.movie_id"
                                                ],
                                                "Recheck Cond": "(mi.info_type_id > 16)",
                                                "Rows Removed by Index Recheck": 0,
                                                "Exact Heap Blocks": 9847,
                                                "Lossy Heap Blocks": 0,
                                                "Workers": [
                                                    {
                                                        "Worker Number": 0,
                                                        "Actual Startup Time": 104.679,
                                                        "Actual Total Time": 265.011,
                                                        "Actual Rows": 295026,
                                                        "Actual Loops": 1
                                                    },
                                                    {
                                                        "Worker Number": 1,
                                                        "Actual Startup Time": 104.619,
                                                        "Actual Total Time": 265.773,
                                                        "Actual Rows": 293876,
                                                        "Actual Loops": 1
                                                    },
                                                    {
                                                        "Worker Number": 2,
                                                        "Actual Startup Time": 104.838,
                                                        "Actual Total Time": 264.979,
                                                        "Actual Rows": 297567,
                                                        "Actual Loops": 1
                                                    },
                                                    {
                                                        "Worker Number": 3,
                                                        "Actual Startup Time": 104.492,
                                                        "Actual Total Time": 265.161,
                                                        "Actual Rows": 292340,
                                                        "Actual Loops": 1
                                                    },
                                                    {
                                                        "Worker Number": 4,
                                                        "Actual Startup Time": 104.652,
                                                        "Actual Total Time": 266.199,
                                                        "Actual Rows": 296973,
                                                        "Actual Loops": 1
                                                    },
                                                    {
                                                        "Worker Number": 5,
                                                        "Actual Startup Time": 104.657,
                                                        "Actual Total Time": 265.859,
                                                        "Actual Rows": 294835,
                                                        "Actual Loops": 1
                                                    }
                                                ],
                                                "Plans": [
                                                    {
                                                        "Node Type": "Bitmap Index Scan",
                                                        "Parent Relationship": "Outer",
                                                        "Parallel Aware": false,
                                                        "Index Name": "info_type_id_movie_info",
                                                        "Startup Cost": 0.0,
                                                        "Total Cost": 39857.7,
                                                        "Plan Rows": 2228435,
                                                        "Plan Width": 0,
                                                        "Actual Startup Time": 96.446,
                                                        "Actual Total Time": 96.446,
                                                        "Actual Rows": 2233850,
                                                        "Actual Loops": 1,
                                                        "Index Cond": "(mi.info_type_id > 16)"
                                                    }
                                                ]
                                            }
                                        ]
                                    }
                                ]
                            }
                        ]
                    }
                ]
            }
        ]
    },
    "Planning Time": 4.16,
    "Triggers": [],
    "Execution Time": 2697.301
}