{
  "Plan": {
    "Node Type": "Aggregate",
    "Strategy": "Plain",
    "Partial Mode": "Finalize",
    "Parallel Aware": false,
    "Startup Cost": 106045.33,
    "Total Cost": 106045.34,
    "Plan Rows": 1,
    "Plan Width": 8,
    "Actual Startup Time": 590.755,
    "Actual Total Time": 606.348,
    "Actual Rows": 1,
    "Actual Loops": 1,
    "Plans": [
      {
        "Node Type": "Gather",
        "Parent Relationship": "Outer",
        "Parallel Aware": false,
        "Startup Cost": 106045.22,
        "Total Cost": 106045.33,
        "Plan Rows": 1,
        "Plan Width": 8,
        "Actual Startup Time": 589.224,
        "Actual Total Time": 606.34,
        "Actual Rows": 2,
        "Actual Loops": 1,
        "Workers Planned": 1,
        "Workers Launched": 1,
        "Single Copy": false,
        "Plans": [
          {
            "Node Type": "Aggregate",
            "Strategy": "Plain",
            "Partial Mode": "Partial",
            "Parent Relationship": "Outer",
            "Parallel Aware": false,
            "Startup Cost": 105045.22,
            "Total Cost": 105045.23,
            "Plan Rows": 1,
            "Plan Width": 8,
            "Actual Startup Time": 582.892,
            "Actual Total Time": 582.896,
            "Actual Rows": 1,
            "Actual Loops": 2,
            "Plans": [
              {
                "Node Type": "Hash Join",
                "Parent Relationship": "Outer",
                "Parallel Aware": true,
                "Join Type": "Inner",
                "Startup Cost": 41765.45,
                "Total Cost": 104116.4,
                "Plan Rows": 371526,
                "Plan Width": 0,
                "Actual Startup Time": 185.982,
                "Actual Total Time": 570.04,
                "Actual Rows": 313628,
                "Actual Loops": 2,
                "Inner Unique": false,
                "Hash Cond": "(t.id = mc.movie_id)",
                "Plans": [
                  {
                    "Node Type": "Seq Scan",
                    "Parent Relationship": "Outer",
                    "Parallel Aware": true,
                    "Relation Name": "title",
                    "Alias": "t",
                    "Startup Cost": 0.0,
                    "Total Cost": 50870.31,
                    "Plan Rows": 1487231,
                    "Plan Width": 4,
                    "Actual Startup Time": 0.011,
                    "Actual Total Time": 117.248,
                    "Actual Rows": 1264156,
                    "Actual Loops": 2
                  },
                  {
                    "Node Type": "Hash",
                    "Parent Relationship": "Inner",
                    "Parallel Aware": true,
                    "Startup Cost": 37121.37,
                    "Total Cost": 37121.37,
                    "Plan Rows": 371526,
                    "Plan Width": 4,
                    "Actual Startup Time": 176.551,
                    "Actual Total Time": 176.552,
                    "Actual Rows": 313628,
                    "Actual Loops": 2,
                    "Hash Buckets": 1048576,
                    "Original Hash Buckets": 1048576,
                    "Hash Batches": 1,
                    "Original Hash Batches": 1,
                    "Peak Memory Usage": 32768,
                    "Plans": [
                      {
                        "Node Type": "Bitmap Heap Scan",
                        "Parent Relationship": "Outer",
                        "Parallel Aware": true,
                        "Relation Name": "movie_companies",
                        "Alias": "mc",
                        "Startup Cost": 13687.29,
                        "Total Cost": 37121.37,
                        "Plan Rows": 371526,
                        "Plan Width": 4,
                        "Actual Startup Time": 36.782,
                        "Actual Total Time": 106.612,
                        "Actual Rows": 313628,
                        "Actual Loops": 2,
                        "Recheck Cond": "(company_id < 819)",
                        "Rows Removed by Index Recheck": 0,
                        "Exact Heap Blocks": 10685,
                        "Lossy Heap Blocks": 0,
                        "Plans": [
                          {
                            "Node Type": "Bitmap Index Scan",
                            "Parent Relationship": "Outer",
                            "Parallel Aware": false,
                            "Index Name": "company_id_movie_companies",
                            "Startup Cost": 0.0,
                            "Total Cost": 13529.39,
                            "Plan Rows": 631595,
                            "Plan Width": 0,
                            "Actual Startup Time": 33.936,
                            "Actual Total Time": 33.936,
                            "Actual Rows": 627255,
                            "Actual Loops": 1,
                            "Index Cond": "(company_id < 819)"
                          }
                        ]
                      }
                    ]
                  }
                ]
              }
            ]
          }
        ]
      }
    ]
  },
  "Planning Time": 0.743,
  "Triggers": [],
  "Execution Time": 606.442
}