[
  {
    "Plan": {
      "Node Type": "Aggregate",
      "Strategy": "Plain",
      "Partial Mode": "Finalize",
      "Parallel Aware": false,
      "Startup Cost": 166830.75,
      "Total Cost": 166830.76,
      "Plan Rows": 1,
      "Plan Width": 8,
      "Actual Startup Time": 67.645,
      "Actual Total Time": 77.944,
      "Actual Rows": 1,
      "Actual Loops": 1,
      "Plans": [
        {
          "Node Type": "Gather",
          "Parent Relationship": "Outer",
          "Parallel Aware": false,
          "Startup Cost": 166830.33,
          "Total Cost": 166830.74,
          "Plan Rows": 4,
          "Plan Width": 8,
          "Actual Startup Time": 67.359,
          "Actual Total Time": 77.936,
          "Actual Rows": 5,
          "Actual Loops": 1,
          "Workers Planned": 4,
          "Workers Launched": 4,
          "Single Copy": false,
          "Plans": [
            {
              "Node Type": "Aggregate",
              "Strategy": "Plain",
              "Partial Mode": "Partial",
              "Parent Relationship": "Outer",
              "Parallel Aware": false,
              "Startup Cost": 165830.33,
              "Total Cost": 165830.34,
              "Plan Rows": 1,
              "Plan Width": 8,
              "Actual Startup Time": 61.591,
              "Actual Total Time": 61.592,
              "Actual Rows": 1,
              "Actual Loops": 5,
              "Plans": [
                {
                  "Node Type": "Nested Loop",
                  "Parent Relationship": "Outer",
                  "Parallel Aware": false,
                  "Join Type": "Inner",
                  "Startup Cost": 1728.36,
                  "Total Cost": 165812.65,
                  "Plan Rows": 7070,
                  "Plan Width": 0,
                  "Actual Startup Time": 13.364,
                  "Actual Total Time": 60.866,
                  "Actual Rows": 5997,
                  "Actual Loops": 5,
                  "Inner Unique": false,
                  "Plans": [
                    {
                      "Node Type": "Bitmap Heap Scan",
                      "Parent Relationship": "Outer",
                      "Parallel Aware": true,
                      "Relation Name": "title",
                      "Alias": "t",
                      "Startup Cost": 1727.93,
                      "Total Cost": 38089.07,
                      "Plan Rows": 1204,
                      "Plan Width": 4,
                      "Actual Startup Time": 13.209,
                      "Actual Total Time": 30.893,
                      "Actual Rows": 724,
                      "Actual Loops": 5,
                      "Recheck Cond": "(kind_id = 3)",
                      "Rows Removed by Index Recheck": 0,
                      "Filter": "(production_year = 2009)",
                      "Rows Removed by Filter": 19384,
                      "Exact Heap Blocks": 6510,
                      "Lossy Heap Blocks": 0,
                      "Plans": [
                        {
                          "Node Type": "Bitmap Index Scan",
                          "Parent Relationship": "Outer",
                          "Parallel Aware": false,
                          "Index Name": "kind_id_title",
                          "Startup Cost": 0.0,
                          "Total Cost": 1726.72,
                          "Plan Rows": 96839,
                          "Plan Width": 0,
                          "Actual Startup Time": 14.483,
                          "Actual Total Time": 14.484,
                          "Actual Rows": 100537,
                          "Actual Loops": 1,
                          "Index Cond": "(kind_id = 3)"
                        }
                      ]
                    },
                    {
                      "Node Type": "Index Only Scan",
                      "Parent Relationship": "Inner",
                      "Parallel Aware": false,
                      "Scan Direction": "Forward",
                      "Index Name": "movie_id_movie_info",
                      "Relation Name": "movie_info",
                      "Alias": "mi",
                      "Startup Cost": 0.43,
                      "Total Cost": 105.67,
                      "Plan Rows": 41,
                      "Plan Width": 4,
                      "Actual Startup Time": 0.014,
                      "Actual Total Time": 0.04,
                      "Actual Rows": 8,
                      "Actual Loops": 3618,
                      "Index Cond": "(movie_id = t.id)",
                      "Rows Removed by Index Recheck": 0,
                      "Heap Fetches": 29985
                    }
                  ]
                }
              ]
            }
          ]
        }
      ]
    },
    "Planning Time": 0.381,
    "Triggers": [],
    "Execution Time": 78.002
  }
]