[
  {
    "Plan": {
      "Node Type": "Aggregate",
      "Strategy": "Plain",
      "Partial Mode": "Finalize",
      "Parallel Aware": false,
      "Startup Cost": 33293.87,
      "Total Cost": 33293.88,
      "Plan Rows": 1,
      "Plan Width": 8,
      "Actual Startup Time": 107.936,
      "Actual Total Time": 116.246,
      "Actual Rows": 1,
      "Actual Loops": 1,
      "Plans": [
        {
          "Node Type": "Gather",
          "Parent Relationship": "Outer",
          "Parallel Aware": false,
          "Startup Cost": 33293.56,
          "Total Cost": 33293.87,
          "Plan Rows": 3,
          "Plan Width": 8,
          "Actual Startup Time": 107.841,
          "Actual Total Time": 116.235,
          "Actual Rows": 4,
          "Actual Loops": 1,
          "Workers Planned": 3,
          "Workers Launched": 3,
          "Single Copy": false,
          "Plans": [
            {
              "Node Type": "Aggregate",
              "Strategy": "Plain",
              "Partial Mode": "Partial",
              "Parent Relationship": "Outer",
              "Parallel Aware": false,
              "Startup Cost": 32293.56,
              "Total Cost": 32293.57,
              "Plan Rows": 1,
              "Plan Width": 8,
              "Actual Startup Time": 99.349,
              "Actual Total Time": 99.35,
              "Actual Rows": 1,
              "Actual Loops": 4,
              "Plans": [
                {
                  "Node Type": "Seq Scan",
                  "Parent Relationship": "Outer",
                  "Parallel Aware": true,
                  "Relation Name": "movie_companies",
                  "Alias": "mc",
                  "Startup Cost": 0.0,
                  "Total Cost": 31414.82,
                  "Plan Rows": 351495,
                  "Plan Width": 0,
                  "Actual Startup Time": 0.169,
                  "Actual Total Time": 85.916,
                  "Actual Rows": 243885,
                  "Actual Loops": 4,
                  "Filter": "((company_id > 236) AND (company_type_id = 1))",
                  "Rows Removed by Filter": 408398
                }
              ]
            }
          ]
        }
      ]
    },
    "Planning Time": 0.232,
    "Triggers": [],
    "Execution Time": 116.307
  }
]