[
  {
    "Plan": {
      "Node Type": "Aggregate",
      "Strategy": "Plain",
      "Partial Mode": "Finalize",
      "Parallel Aware": false,
      "Startup Cost": 32268.05,
      "Total Cost": 32268.06,
      "Plan Rows": 1,
      "Plan Width": 8,
      "Actual Startup Time": 109.926,
      "Actual Total Time": 118.263,
      "Actual Rows": 1,
      "Actual Loops": 1,
      "Plans": [
        {
          "Node Type": "Gather",
          "Parent Relationship": "Outer",
          "Parallel Aware": false,
          "Startup Cost": 32267.74,
          "Total Cost": 32268.05,
          "Plan Rows": 3,
          "Plan Width": 8,
          "Actual Startup Time": 109.795,
          "Actual Total Time": 118.255,
          "Actual Rows": 4,
          "Actual Loops": 1,
          "Workers Planned": 3,
          "Workers Launched": 3,
          "Single Copy": false,
          "Plans": [
            {
              "Node Type": "Aggregate",
              "Strategy": "Plain",
              "Partial Mode": "Partial",
              "Parent Relationship": "Outer",
              "Parallel Aware": false,
              "Startup Cost": 31267.74,
              "Total Cost": 31267.75,
              "Plan Rows": 1,
              "Plan Width": 8,
              "Actual Startup Time": 105.715,
              "Actual Total Time": 105.716,
              "Actual Rows": 1,
              "Actual Loops": 4,
              "Plans": [
                {
                  "Node Type": "Seq Scan",
                  "Parent Relationship": "Outer",
                  "Parallel Aware": true,
                  "Relation Name": "movie_companies",
                  "Alias": "mc",
                  "Startup Cost": 0.0,
                  "Total Cost": 29310.68,
                  "Plan Rows": 782822,
                  "Plan Width": 0,
                  "Actual Startup Time": 0.025,
                  "Actual Total Time": 77.936,
                  "Actual Rows": 607132,
                  "Actual Loops": 4,
                  "Filter": "(company_id > 34)",
                  "Rows Removed by Filter": 45150
                }
              ]
            }
          ]
        }
      ]
    },
    "Planning Time": 0.276,
    "Triggers": [],
    "Execution Time": 118.317
  }
]