[
  {
    "Plan": {
      "Node Type": "Aggregate",
      "Strategy": "Plain",
      "Partial Mode": "Finalize",
      "Parallel Aware": false,
      "Startup Cost": 111156.24,
      "Total Cost": 111156.25,
      "Plan Rows": 1,
      "Plan Width": 8,
      "Actual Startup Time": 93.233,
      "Actual Total Time": 105.323,
      "Actual Rows": 1,
      "Actual Loops": 1,
      "Plans": [
        {
          "Node Type": "Gather",
          "Parent Relationship": "Outer",
          "Parallel Aware": false,
          "Startup Cost": 111155.82,
          "Total Cost": 111156.23,
          "Plan Rows": 4,
          "Plan Width": 8,
          "Actual Startup Time": 93.069,
          "Actual Total Time": 105.306,
          "Actual Rows": 5,
          "Actual Loops": 1,
          "Workers Planned": 4,
          "Workers Launched": 4,
          "Single Copy": false,
          "Plans": [
            {
              "Node Type": "Aggregate",
              "Strategy": "Plain",
              "Partial Mode": "Partial",
              "Parent Relationship": "Outer",
              "Parallel Aware": false,
              "Startup Cost": 110155.82,
              "Total Cost": 110155.83,
              "Plan Rows": 1,
              "Plan Width": 8,
              "Actual Startup Time": 85.909,
              "Actual Total Time": 85.912,
              "Actual Rows": 1,
              "Actual Loops": 5,
              "Plans": [
                {
                  "Node Type": "Nested Loop",
                  "Parent Relationship": "Outer",
                  "Parallel Aware": false,
                  "Join Type": "Inner",
                  "Startup Cost": 0.43,
                  "Total Cost": 110154.39,
                  "Plan Rows": 570,
                  "Plan Width": 0,
                  "Actual Startup Time": 60.422,
                  "Actual Total Time": 85.901,
                  "Actual Rows": 1,
                  "Actual Loops": 5,
                  "Inner Unique": false,
                  "Plans": [
                    {
                      "Node Type": "Seq Scan",
                      "Parent Relationship": "Outer",
                      "Parallel Aware": true,
                      "Relation Name": "title",
                      "Alias": "t",
                      "Startup Cost": 0.0,
                      "Total Cost": 45479.59,
                      "Plan Rows": 476,
                      "Plan Width": 4,
                      "Actual Startup Time": 60.353,
                      "Actual Total Time": 85.8,
                      "Actual Rows": 1,
                      "Actual Loops": 5,
                      "Filter": "((kind_id = 7) AND (production_year = 1937))",
                      "Rows Removed by Filter": 505661
                    },
                    {
                      "Node Type": "Index Scan",
                      "Parent Relationship": "Inner",
                      "Parallel Aware": false,
                      "Scan Direction": "Forward",
                      "Index Name": "movie_id_movie_info",
                      "Relation Name": "movie_info",
                      "Alias": "mi",
                      "Startup Cost": 0.43,
                      "Total Cost": 135.79,
                      "Plan Rows": 8,
                      "Plan Width": 4,
                      "Actual Startup Time": 0.065,
                      "Actual Total Time": 0.066,
                      "Actual Rows": 1,
                      "Actual Loops": 7,
                      "Index Cond": "(movie_id = t.id)",
                      "Rows Removed by Index Recheck": 0,
                      "Filter": "(info_type_id = 16)",
                      "Rows Removed by Filter": 0
                    }
                  ]
                }
              ]
            }
          ]
        }
      ]
    },
    "Planning Time": 0.298,
    "Triggers": [],
    "Execution Time": 105.385
  }
]