[
  {
    "Plan": {
      "Node Type": "Aggregate",
      "Strategy": "Plain",
      "Partial Mode": "Finalize",
      "Parallel Aware": false,
      "Startup Cost": 32661.39,
      "Total Cost": 32661.4,
      "Plan Rows": 1,
      "Plan Width": 8,
      "Actual Startup Time": 91.14,
      "Actual Total Time": 98.819,
      "Actual Rows": 1,
      "Actual Loops": 1,
      "Plans": [
        {
          "Node Type": "Gather",
          "Parent Relationship": "Outer",
          "Parallel Aware": false,
          "Startup Cost": 32661.07,
          "Total Cost": 32661.38,
          "Plan Rows": 3,
          "Plan Width": 8,
          "Actual Startup Time": 90.984,
          "Actual Total Time": 98.802,
          "Actual Rows": 4,
          "Actual Loops": 1,
          "Workers Planned": 3,
          "Workers Launched": 3,
          "Single Copy": false,
          "Plans": [
            {
              "Node Type": "Aggregate",
              "Strategy": "Plain",
              "Partial Mode": "Partial",
              "Parent Relationship": "Outer",
              "Parallel Aware": false,
              "Startup Cost": 31661.07,
              "Total Cost": 31661.08,
              "Plan Rows": 1,
              "Plan Width": 8,
              "Actual Startup Time": 84.691,
              "Actual Total Time": 84.693,
              "Actual Rows": 1,
              "Actual Loops": 4,
              "Plans": [
                {
                  "Node Type": "Seq Scan",
                  "Parent Relationship": "Outer",
                  "Parallel Aware": true,
                  "Relation Name": "movie_companies",
                  "Alias": "mc",
                  "Startup Cost": 0.0,
                  "Total Cost": 31414.82,
                  "Plan Rows": 98502,
                  "Plan Width": 0,
                  "Actual Startup Time": 0.03,
                  "Actual Total Time": 76.473,
                  "Actual Rows": 111349,
                  "Actual Loops": 4,
                  "Filter": "((company_id < 772) AND (company_type_id = 1))",
                  "Rows Removed by Filter": 540933
                }
              ]
            }
          ]
        }
      ]
    },
    "Planning Time": 0.199,
    "Triggers": [],
    "Execution Time": 99.451
  }
]