{
  "Plan": {
    "Node Type": "Aggregate",
    "Strategy": "Plain",
    "Partial Mode": "Finalize",
    "Parallel Aware": false,
    "Startup Cost": 23734.51,
    "Total Cost": 23734.52,
    "Plan Rows": 1,
    "Plan Width": 8,
    "Actual Startup Time": 43.245,
    "Actual Total Time": 49.526,
    "Actual Rows": 1,
    "Actual Loops": 1,
    "Plans": [
      {
        "Node Type": "Gather",
        "Parent Relationship": "Outer",
        "Parallel Aware": false,
        "Startup Cost": 23734.39,
        "Total Cost": 23734.5,
        "Plan Rows": 1,
        "Plan Width": 8,
        "Actual Startup Time": 43.008,
        "Actual Total Time": 49.519,
        "Actual Rows": 2,
        "Actual Loops": 1,
        "Workers Planned": 1,
        "Workers Launched": 1,
        "Single Copy": false,
        "Plans": [
          {
            "Node Type": "Aggregate",
            "Strategy": "Plain",
            "Partial Mode": "Partial",
            "Parent Relationship": "Outer",
            "Parallel Aware": false,
            "Startup Cost": 22734.39,
            "Total Cost": 22734.4,
            "Plan Rows": 1,
            "Plan Width": 8,
            "Actual Startup Time": 36.922,
            "Actual Total Time": 36.923,
            "Actual Rows": 1,
            "Actual Loops": 2,
            "Plans": [
              {
                "Node Type": "Nested Loop",
                "Parent Relationship": "Outer",
                "Parallel Aware": false,
                "Join Type": "Inner",
                "Startup Cost": 62.19,
                "Total Cost": 22719.52,
                "Plan Rows": 5949,
                "Plan Width": 0,
                "Actual Startup Time": 1.251,
                "Actual Total Time": 35.847,
                "Actual Rows": 9246,
                "Actual Loops": 2,
                "Inner Unique": false,
                "Plans": [
                  {
                    "Node Type": "Nested Loop",
                    "Parent Relationship": "Outer",
                    "Parallel Aware": false,
                    "Join Type": "Inner",
                    "Startup Cost": 61.75,
                    "Total Cost": 19726.69,
                    "Plan Rows": 1586,
                    "Plan Width": 8,
                    "Actual Startup Time": 1.131,
                    "Actual Total Time": 12.184,
                    "Actual Rows": 1009,
                    "Actual Loops": 2,
                    "Inner Unique": true,
                    "Plans": [
                      {
                        "Node Type": "Bitmap Heap Scan",
                        "Parent Relationship": "Outer",
                        "Parallel Aware": true,
                        "Relation Name": "movie_companies",
                        "Alias": "mc",
                        "Startup Cost": 61.32,
                        "Total Cost": 7383.15,
                        "Plan Rows": 1586,
                        "Plan Width": 4,
                        "Actual Startup Time": 0.965,
                        "Actual Total Time": 2.307,
                        "Actual Rows": 1009,
                        "Actual Loops": 2,
                        "Recheck Cond": "(company_id = 436)",
                        "Rows Removed by Index Recheck": 0,
                        "Exact Heap Blocks": 389,
                        "Lossy Heap Blocks": 0,
                        "Plans": [
                          {
                            "Node Type": "Bitmap Index Scan",
                            "Parent Relationship": "Outer",
                            "Parallel Aware": false,
                            "Index Name": "company_id_movie_companies",
                            "Startup Cost": 0.0,
                            "Total Cost": 60.65,
                            "Plan Rows": 2696,
                            "Plan Width": 0,
                            "Actual Startup Time": 1.576,
                            "Actual Total Time": 1.576,
                            "Actual Rows": 2018,
                            "Actual Loops": 1,
                            "Index Cond": "(company_id = 436)"
                          }
                        ]
                      },
                      {
                        "Node Type": "Index Only Scan",
                        "Parent Relationship": "Inner",
                        "Parallel Aware": false,
                        "Scan Direction": "Forward",
                        "Index Name": "title_pkey",
                        "Relation Name": "title",
                        "Alias": "t",
                        "Startup Cost": 0.43,
                        "Total Cost": 7.78,
                        "Plan Rows": 1,
                        "Plan Width": 4,
                        "Actual Startup Time": 0.009,
                        "Actual Total Time": 0.009,
                        "Actual Rows": 1,
                        "Actual Loops": 2018,
                        "Index Cond": "(id = mc.movie_id)",
                        "Rows Removed by Index Recheck": 0,
                        "Heap Fetches": 2018
                      }
                    ]
                  },
                  {
                    "Node Type": "Index Scan",
                    "Parent Relationship": "Inner",
                    "Parallel Aware": false,
                    "Scan Direction": "Forward",
                    "Index Name": "movie_id_movie_info",
                    "Relation Name": "movie_info",
                    "Alias": "mi",
                    "Startup Cost": 0.43,
                    "Total Cost": 1.62,
                    "Plan Rows": 27,
                    "Plan Width": 4,
                    "Actual Startup Time": 0.008,
                    "Actual Total Time": 0.021,
                    "Actual Rows": 9,
                    "Actual Loops": 2018,
                    "Index Cond": "(movie_id = t.id)",
                    "Rows Removed by Index Recheck": 0,
                    "Filter": "(info_type_id < 16)",
                    "Rows Removed by Filter": 4
                  }
                ]
              }
            ]
          }
        ]
      }
    ]
  },
  "Planning Time": 0.922,
  "Triggers": [],
  "Execution Time": 49.62
}