{
  "Plan": {
    "Node Type": "Aggregate",
    "Strategy": "Plain",
    "Partial Mode": "Simple",
    "Parallel Aware": false,
    "Startup Cost": 146616.22,
    "Total Cost": 146616.23,
    "Plan Rows": 1,
    "Plan Width": 64,
    "Actual Startup Time": 633.816,
    "Actual Total Time": 633.938,
    "Actual Rows": 1,
    "Actual Loops": 1,
    "Plans": [
      {
        "Node Type": "Gather",
        "Parent Relationship": "Outer",
        "Parallel Aware": false,
        "Startup Cost": 1003.41,
        "Total Cost": 146616.22,
        "Plan Rows": 1,
        "Plan Width": 32,
        "Actual Startup Time": 391.167,
        "Actual Total Time": 633.924,
        "Actual Rows": 2,
        "Actual Loops": 1,
        "Workers Planned": 1,
        "Workers Launched": 0,
        "Single Copy": false,
        "Plans": [
          {
            "Node Type": "Nested Loop",
            "Parent Relationship": "Outer",
            "Parallel Aware": false,
            "Join Type": "Inner",
            "Startup Cost": 3.41,
            "Total Cost": 145616.12,
            "Plan Rows": 1,
            "Plan Width": 32,
            "Actual Startup Time": 390.054,
            "Actual Total Time": 632.698,
            "Actual Rows": 2,
            "Actual Loops": 1,
            "Inner Unique": true,
            "Plans": [
              {
                "Node Type": "Nested Loop",
                "Parent Relationship": "Outer",
                "Parallel Aware": false,
                "Join Type": "Inner",
                "Startup Cost": 2.99,
                "Total Cost": 145615.62,
                "Plan Rows": 1,
                "Plan Width": 36,
                "Actual Startup Time": 390.039,
                "Actual Total Time": 632.68,
                "Actual Rows": 2,
                "Actual Loops": 1,
                "Inner Unique": true,
                "Plans": [
                  {
                    "Node Type": "Nested Loop",
                    "Parent Relationship": "Outer",
                    "Parallel Aware": false,
                    "Join Type": "Inner",
                    "Startup Cost": 2.86,
                    "Total Cost": 145615.45,
                    "Plan Rows": 1,
                    "Plan Width": 40,
                    "Actual Startup Time": 390.027,
                    "Actual Total Time": 632.665,
                    "Actual Rows": 2,
                    "Actual Loops": 1,
                    "Inner Unique": true,
                    "Plans": [
                      {
                        "Node Type": "Nested Loop",
                        "Parent Relationship": "Outer",
                        "Parallel Aware": false,
                        "Join Type": "Inner",
                        "Startup Cost": 2.72,
                        "Total Cost": 145615.27,
                        "Plan Rows": 1,
                        "Plan Width": 44,
                        "Actual Startup Time": 390.018,
                        "Actual Total Time": 632.653,
                        "Actual Rows": 2,
                        "Actual Loops": 1,
                        "Inner Unique": false,
                        "Join Filter": "(mi.movie_id = mc.movie_id)",
                        "Rows Removed by Join Filter": 0,
                        "Plans": [
                          {
                            "Node Type": "Nested Loop",
                            "Parent Relationship": "Outer",
                            "Parallel Aware": false,
                            "Join Type": "Inner",
                            "Startup Cost": 2.29,
                            "Total Cost": 145614.08,
                            "Plan Rows": 2,
                            "Plan Width": 52,
                            "Actual Startup Time": 389.999,
                            "Actual Total Time": 632.625,
                            "Actual Rows": 2,
                            "Actual Loops": 1,
                            "Inner Unique": true,
                            "Plans": [
                              {
                                "Node Type": "Nested Loop",
                                "Parent Relationship": "Outer",
                                "Parallel Aware": false,
                                "Join Type": "Inner",
                                "Startup Cost": 1.85,
                                "Total Cost": 145613.07,
                                "Plan Rows": 2,
                                "Plan Width": 56,
                                "Actual Startup Time": 345.388,
                                "Actual Total Time": 632.591,
                                "Actual Rows": 6,
                                "Actual Loops": 1,
                                "Inner Unique": false,
                                "Join Filter": "(n.id = an.person_id)",
                                "Rows Removed by Join Filter": 0,
                                "Plans": [
                                  {
                                    "Node Type": "Nested Loop",
                                    "Parent Relationship": "Outer",
                                    "Parallel Aware": false,
                                    "Join Type": "Inner",
                                    "Startup Cost": 1.43,
                                    "Total Cost": 145608.53,
                                    "Plan Rows": 9,
                                    "Plan Width": 64,
                                    "Actual Startup Time": 300.246,
                                    "Actual Total Time": 632.496,
                                    "Actual Rows": 11,
                                    "Actual Loops": 1,
                                    "Inner Unique": true,
                                    "Join Filter": "(mi.movie_id = t.id)",
                                    "Rows Removed by Join Filter": 0,
                                    "Plans": [
                                      {
                                        "Node Type": "Nested Loop",
                                        "Parent Relationship": "Outer",
                                        "Parallel Aware": false,
                                        "Join Type": "Inner",
                                        "Startup Cost": 1.0,
                                        "Total Cost": 145593.9,
                                        "Plan Rows": 28,
                                        "Plan Width": 43,
                                        "Actual Startup Time": 300.222,
                                        "Actual Total Time": 632.378,
                                        "Actual Rows": 11,
                                        "Actual Loops": 1,
                                        "Inner Unique": false,
                                        "Plans": [
                                          {
                                            "Node Type": "Nested Loop",
                                            "Parent Relationship": "Outer",
                                            "Parallel Aware": false,
                                            "Join Type": "Inner",
                                            "Startup Cost": 0.56,
                                            "Total Cost": 145526.29,
                                            "Plan Rows": 42,
                                            "Plan Width": 35,
                                            "Actual Startup Time": 300.187,
                                            "Actual Total Time": 631.587,
                                            "Actual Rows": 38,
                                            "Actual Loops": 1,
                                            "Inner Unique": false,
                                            "Plans": [
                                              {
                                                "Node Type": "Seq Scan",
                                                "Parent Relationship": "Outer",
                                                "Parallel Aware": true,
                                                "Relation Name": "name",
                                                "Alias": "n",
                                                "Startup Cost": 0.0,
                                                "Total Cost": 92382.65,
                                                "Plan Rows": 56,
                                                "Plan Width": 19,
                                                "Actual Startup Time": 217.635,
                                                "Actual Total Time": 532.745,
                                                "Actual Rows": 297,
                                                "Actual Loops": 1,
                                                "Filter": "((name ~~ '%Janel%'::text) AND ((gender)::text = 'f'::text))",
                                                "Rows Removed by Filter": 4167194
                                              },
                                              {
                                                "Node Type": "Index Scan",
                                                "Parent Relationship": "Inner",
                                                "Parallel Aware": false,
                                                "Scan Direction": "Forward",
                                                "Index Name": "person_id_cast_info",
                                                "Relation Name": "cast_info",
                                                "Alias": "ci",
                                                "Startup Cost": 0.56,
                                                "Total Cost": 948.55,
                                                "Plan Rows": 44,
                                                "Plan Width": 16,
                                                "Actual Startup Time": 0.332,
                                                "Actual Total Time": 0.332,
                                                "Actual Rows": 0,
                                                "Actual Loops": 297,
                                                "Index Cond": "(person_id = n.id)",
                                                "Rows Removed by Index Recheck": 0,
                                                "Filter": "(note = ANY ('{\"(executive producer)\",(producer),(writer),\"(as Janel Maloney)\"}'::text[]))",
                                                "Rows Removed by Filter": 7
                                              }
                                            ]
                                          },
                                          {
                                            "Node Type": "Index Scan",
                                            "Parent Relationship": "Inner",
                                            "Parallel Aware": false,
                                            "Scan Direction": "Forward",
                                            "Index Name": "movie_id_movie_info",
                                            "Relation Name": "movie_info",
                                            "Alias": "mi",
                                            "Startup Cost": 0.43,
                                            "Total Cost": 1.59,
                                            "Plan Rows": 2,
                                            "Plan Width": 8,
                                            "Actual Startup Time": 0.018,
                                            "Actual Total Time": 0.02,
                                            "Actual Rows": 0,
                                            "Actual Loops": 38,
                                            "Index Cond": "(movie_id = ci.movie_id)",
                                            "Rows Removed by Index Recheck": 0,
                                            "Filter": "((info IS NOT NULL) AND ((info ~~ 'Japan:%200%'::text) OR (info ~~ 'USA:%200%'::text)))",
                                            "Rows Removed by Filter": 6
                                          }
                                        ]
                                      },
                                      {
                                        "Node Type": "Index Scan",
                                        "Parent Relationship": "Inner",
                                        "Parallel Aware": false,
                                        "Scan Direction": "Forward",
                                        "Index Name": "title_pkey",
                                        "Relation Name": "title",
                                        "Alias": "t",
                                        "Startup Cost": 0.43,
                                        "Total Cost": 0.51,
                                        "Plan Rows": 1,
                                        "Plan Width": 21,
                                        "Actual Startup Time": 0.008,
                                        "Actual Total Time": 0.008,
                                        "Actual Rows": 1,
                                        "Actual Loops": 11,
                                        "Index Cond": "(id = ci.movie_id)",
                                        "Rows Removed by Index Recheck": 0,
                                        "Filter": "((production_year >= 2002) AND (production_year <= 2009))",
                                        "Rows Removed by Filter": 0
                                      }
                                    ]
                                  },
                                  {
                                    "Node Type": "Index Only Scan",
                                    "Parent Relationship": "Inner",
                                    "Parallel Aware": false,
                                    "Scan Direction": "Forward",
                                    "Index Name": "person_id_aka_name",
                                    "Relation Name": "aka_name",
                                    "Alias": "an",
                                    "Startup Cost": 0.42,
                                    "Total Cost": 0.48,
                                    "Plan Rows": 2,
                                    "Plan Width": 4,
                                    "Actual Startup Time": 0.006,
                                    "Actual Total Time": 0.007,
                                    "Actual Rows": 1,
                                    "Actual Loops": 11,
                                    "Index Cond": "(person_id = ci.person_id)",
                                    "Rows Removed by Index Recheck": 0,
                                    "Heap Fetches": 6
                                  }
                                ]
                              },
                              {
                                "Node Type": "Index Only Scan",
                                "Parent Relationship": "Inner",
                                "Parallel Aware": false,
                                "Scan Direction": "Forward",
                                "Index Name": "char_name_pkey",
                                "Relation Name": "char_name",
                                "Alias": "chn",
                                "Startup Cost": 0.43,
                                "Total Cost": 0.51,
                                "Plan Rows": 1,
                                "Plan Width": 4,
                                "Actual Startup Time": 0.004,
                                "Actual Total Time": 0.004,
                                "Actual Rows": 0,
                                "Actual Loops": 6,
                                "Index Cond": "(id = ci.person_role_id)",
                                "Rows Removed by Index Recheck": 0,
                                "Heap Fetches": 2
                              }
                            ]
                          },
                          {
                            "Node Type": "Index Scan",
                            "Parent Relationship": "Inner",
                            "Parallel Aware": false,
                            "Scan Direction": "Forward",
                            "Index Name": "movie_id_movie_companies",
                            "Relation Name": "movie_companies",
                            "Alias": "mc",
                            "Startup Cost": 0.43,
                            "Total Cost": 0.58,
                            "Plan Rows": 1,
                            "Plan Width": 8,
                            "Actual Startup Time": 0.008,
                            "Actual Total Time": 0.011,
                            "Actual Rows": 1,
                            "Actual Loops": 2,
                            "Index Cond": "(movie_id = ci.movie_id)",
                            "Rows Removed by Index Recheck": 0,
                            "Filter": "((note IS NOT NULL) AND ((note ~~ '%(USA)%'::text) OR (note ~~ '%(worldwide)%'::text)))",
                            "Rows Removed by Filter": 4
                          }
                        ]
                      },
                      {
                        "Node Type": "Index Scan",
                        "Parent Relationship": "Inner",
                        "Parallel Aware": false,
                        "Scan Direction": "Forward",
                        "Index Name": "info_type_pkey",
                        "Relation Name": "info_type",
                        "Alias": "it",
                        "Startup Cost": 0.14,
                        "Total Cost": 0.16,
                        "Plan Rows": 1,
                        "Plan Width": 4,
                        "Actual Startup Time": 0.004,
                        "Actual Total Time": 0.004,
                        "Actual Rows": 1,
                        "Actual Loops": 2,
                        "Index Cond": "(id = mi.info_type_id)",
                        "Rows Removed by Index Recheck": 0,
                        "Filter": "((info)::text = 'release dates'::text)",
                        "Rows Removed by Filter": 0
                      }
                    ]
                  },
                  {
                    "Node Type": "Index Scan",
                    "Parent Relationship": "Inner",
                    "Parallel Aware": false,
                    "Scan Direction": "Forward",
                    "Index Name": "role_type_pkey",
                    "Relation Name": "role_type",
                    "Alias": "rt",
                    "Startup Cost": 0.14,
                    "Total Cost": 0.16,
                    "Plan Rows": 1,
                    "Plan Width": 4,
                    "Actual Startup Time": 0.005,
                    "Actual Total Time": 0.005,
                    "Actual Rows": 1,
                    "Actual Loops": 2,
                    "Index Cond": "(id = ci.role_id)",
                    "Rows Removed by Index Recheck": 0,
                    "Filter": "((role)::text = 'actress'::text)",
                    "Rows Removed by Filter": 0
                  }
                ]
              },
              {
                "Node Type": "Index Scan",
                "Parent Relationship": "Inner",
                "Parallel Aware": false,
                "Scan Direction": "Forward",
                "Index Name": "company_name_pkey",
                "Relation Name": "company_name",
                "Alias": "cn",
                "Startup Cost": 0.42,
                "Total Cost": 0.49,
                "Plan Rows": 1,
                "Plan Width": 4,
                "Actual Startup Time": 0.007,
                "Actual Total Time": 0.007,
                "Actual Rows": 1,
                "Actual Loops": 2,
                "Index Cond": "(id = mc.company_id)",
                "Rows Removed by Index Recheck": 0,
                "Filter": "((country_code)::text = '[us]'::text)",
                "Rows Removed by Filter": 0
              }
            ]
          }
        ]
      }
    ]
  },
  "Planning Time": 3.031,
  "Triggers": [],
  "Execution Time": 634.095
}