[
  {
    "Plan": {
      "Node Type": "Aggregate",
      "Strategy": "Plain",
      "Partial Mode": "Finalize",
      "Parallel Aware": false,
      "Startup Cost": 31141.82,
      "Total Cost": 31141.83,
      "Plan Rows": 1,
      "Plan Width": 8,
      "Actual Startup Time": 98.89,
      "Actual Total Time": 106.823,
      "Actual Rows": 1,
      "Actual Loops": 1,
      "Plans": [
        {
          "Node Type": "Gather",
          "Parent Relationship": "Outer",
          "Parallel Aware": false,
          "Startup Cost": 31141.51,
          "Total Cost": 31141.82,
          "Plan Rows": 3,
          "Plan Width": 8,
          "Actual Startup Time": 98.746,
          "Actual Total Time": 106.815,
          "Actual Rows": 4,
          "Actual Loops": 1,
          "Workers Planned": 3,
          "Workers Launched": 3,
          "Single Copy": false,
          "Plans": [
            {
              "Node Type": "Aggregate",
              "Strategy": "Plain",
              "Partial Mode": "Partial",
              "Parent Relationship": "Outer",
              "Parallel Aware": false,
              "Startup Cost": 30141.51,
              "Total Cost": 30141.52,
              "Plan Rows": 1,
              "Plan Width": 8,
              "Actual Startup Time": 90.134,
              "Actual Total Time": 90.135,
              "Actual Rows": 1,
              "Actual Loops": 4,
              "Plans": [
                {
                  "Node Type": "Seq Scan",
                  "Parent Relationship": "Outer",
                  "Parallel Aware": true,
                  "Relation Name": "movie_companies",
                  "Alias": "mc",
                  "Startup Cost": 0.0,
                  "Total Cost": 29310.68,
                  "Plan Rows": 332330,
                  "Plan Width": 0,
                  "Actual Startup Time": 23.339,
                  "Actual Total Time": 79.283,
                  "Actual Rows": 256428,
                  "Actual Loops": 4,
                  "Filter": "(company_id > 15793)",
                  "Rows Removed by Filter": 395854
                }
              ]
            }
          ]
        }
      ]
    },
    "Planning Time": 0.189,
    "Triggers": [],
    "Execution Time": 106.877
  }
]