[
  {
    "Plan": {
      "Node Type": "Aggregate",
      "Strategy": "Plain",
      "Partial Mode": "Finalize",
      "Parallel Aware": false,
      "Startup Cost": 46364.24,
      "Total Cost": 46364.25,
      "Plan Rows": 1,
      "Plan Width": 8,
      "Actual Startup Time": 146.8,
      "Actual Total Time": 156.118,
      "Actual Rows": 1,
      "Actual Loops": 1,
      "Plans": [
        {
          "Node Type": "Gather",
          "Parent Relationship": "Outer",
          "Parallel Aware": false,
          "Startup Cost": 46363.92,
          "Total Cost": 46364.23,
          "Plan Rows": 3,
          "Plan Width": 8,
          "Actual Startup Time": 146.671,
          "Actual Total Time": 156.107,
          "Actual Rows": 4,
          "Actual Loops": 1,
          "Workers Planned": 3,
          "Workers Launched": 3,
          "Single Copy": false,
          "Plans": [
            {
              "Node Type": "Aggregate",
              "Strategy": "Plain",
              "Partial Mode": "Partial",
              "Parent Relationship": "Outer",
              "Parallel Aware": false,
              "Startup Cost": 45363.92,
              "Total Cost": 45363.93,
              "Plan Rows": 1,
              "Plan Width": 8,
              "Actual Startup Time": 143.491,
              "Actual Total Time": 143.493,
              "Actual Rows": 1,
              "Actual Loops": 4,
              "Plans": [
                {
                  "Node Type": "Seq Scan",
                  "Parent Relationship": "Outer",
                  "Parallel Aware": true,
                  "Relation Name": "movie_keyword",
                  "Alias": "mk",
                  "Startup Cost": 0.0,
                  "Total Cost": 42695.65,
                  "Plan Rows": 1067307,
                  "Plan Width": 0,
                  "Actual Startup Time": 0.08,
                  "Actual Total Time": 109.977,
                  "Actual Rows": 828614,
                  "Actual Loops": 4,
                  "Filter": "(keyword_id > 1515)",
                  "Rows Removed by Filter": 302369
                }
              ]
            }
          ]
        }
      ]
    },
    "Planning Time": 0.094,
    "Triggers": [],
    "Execution Time": 156.151
  }
]