[
    {
        "Bao": {
            "Bao prediction": "NaN",
            "Bao recommended hint": "(no hint)"
        }
    },
    {
        "Plan": {
            "Node Type": "Aggregate",
            "Strategy": "Plain",
            "Partial Mode": "Finalize",
            "Parallel Aware": false,
            "Startup Cost": 74108.13,
            "Total Cost": 74108.14,
            "Plan Rows": 1,
            "Plan Width": 8,
            "Actual Startup Time": 253.391,
            "Actual Total Time": 261.071,
            "Actual Rows": 1,
            "Actual Loops": 1,
            "Output": [
                "count(*)"
            ],
            "Plans": [
                {
                    "Node Type": "Gather",
                    "Parent Relationship": "Outer",
                    "Parallel Aware": false,
                    "Startup Cost": 74107.71,
                    "Total Cost": 74108.12,
                    "Plan Rows": 4,
                    "Plan Width": 8,
                    "Actual Startup Time": 251.425,
                    "Actual Total Time": 261.061,
                    "Actual Rows": 5,
                    "Actual Loops": 1,
                    "Output": [
                        "(PARTIAL count(*))"
                    ],
                    "Workers Planned": 4,
                    "Workers Launched": 4,
                    "Single Copy": false,
                    "Plans": [
                        {
                            "Node Type": "Aggregate",
                            "Strategy": "Plain",
                            "Partial Mode": "Partial",
                            "Parent Relationship": "Outer",
                            "Parallel Aware": false,
                            "Startup Cost": 73107.71,
                            "Total Cost": 73107.72,
                            "Plan Rows": 1,
                            "Plan Width": 8,
                            "Actual Startup Time": 241.648,
                            "Actual Total Time": 241.652,
                            "Actual Rows": 1,
                            "Actual Loops": 5,
                            "Output": [
                                "PARTIAL count(*)"
                            ],
                            "Workers": [
                                {
                                    "Worker Number": 0,
                                    "Actual Startup Time": 238.966,
                                    "Actual Total Time": 238.97,
                                    "Actual Rows": 1,
                                    "Actual Loops": 1
                                },
                                {
                                    "Worker Number": 1,
                                    "Actual Startup Time": 239.142,
                                    "Actual Total Time": 239.146,
                                    "Actual Rows": 1,
                                    "Actual Loops": 1
                                },
                                {
                                    "Worker Number": 2,
                                    "Actual Startup Time": 239.631,
                                    "Actual Total Time": 239.633,
                                    "Actual Rows": 1,
                                    "Actual Loops": 1
                                },
                                {
                                    "Worker Number": 3,
                                    "Actual Startup Time": 239.739,
                                    "Actual Total Time": 239.743,
                                    "Actual Rows": 1,
                                    "Actual Loops": 1
                                }
                            ],
                            "Plans": [
                                {
                                    "Node Type": "Hash Join",
                                    "Parent Relationship": "Outer",
                                    "Parallel Aware": true,
                                    "Join Type": "Inner",
                                    "Startup Cost": 27222.61,
                                    "Total Cost": 72930.49,
                                    "Plan Rows": 70887,
                                    "Plan Width": 0,
                                    "Actual Startup Time": 168.368,
                                    "Actual Total Time": 238.605,
                                    "Actual Rows": 57725,
                                    "Actual Loops": 5,
                                    "Inner Unique": false,
                                    "Hash Cond": "(t.id = mc.movie_id)",
                                    "Workers": [
                                        {
                                            "Worker Number": 0,
                                            "Actual Startup Time": 165.095,
                                            "Actual Total Time": 235.818,
                                            "Actual Rows": 42326,
                                            "Actual Loops": 1
                                        },
                                        {
                                            "Worker Number": 1,
                                            "Actual Startup Time": 166.55,
                                            "Actual Total Time": 236.256,
                                            "Actual Rows": 64115,
                                            "Actual Loops": 1
                                        },
                                        {
                                            "Worker Number": 2,
                                            "Actual Startup Time": 165.534,
                                            "Actual Total Time": 236.709,
                                            "Actual Rows": 65269,
                                            "Actual Loops": 1
                                        },
                                        {
                                            "Worker Number": 3,
                                            "Actual Startup Time": 167.986,
                                            "Actual Total Time": 236.826,
                                            "Actual Rows": 38382,
                                            "Actual Loops": 1
                                        }
                                    ],
                                    "Plans": [
                                        {
                                            "Node Type": "Seq Scan",
                                            "Parent Relationship": "Outer",
                                            "Parallel Aware": true,
                                            "Relation Name": "title",
                                            "Schema": "public",
                                            "Alias": "t",
                                            "Startup Cost": 0.0,
                                            "Total Cost": 42318.81,
                                            "Plan Rows": 632080,
                                            "Plan Width": 4,
                                            "Actual Startup Time": 0.012,
                                            "Actual Total Time": 64.514,
                                            "Actual Rows": 505662,
                                            "Actual Loops": 5,
                                            "Output": [
                                                "t.id",
                                                "t.title",
                                                "t.imdb_index",
                                                "t.kind_id",
                                                "t.production_year",
                                                "t.imdb_id",
                                                "t.phonetic_code",
                                                "t.episode_of_id",
                                                "t.season_nr",
                                                "t.episode_nr",
                                                "t.series_years",
                                                "t.md5sum"
                                            ],
                                            "Workers": [
                                                {
                                                    "Worker Number": 0,
                                                    "Actual Startup Time": 0.012,
                                                    "Actual Total Time": 69.15,
                                                    "Actual Rows": 376100,
                                                    "Actual Loops": 1
                                                },
                                                {
                                                    "Worker Number": 1,
                                                    "Actual Startup Time": 0.019,
                                                    "Actual Total Time": 65.235,
                                                    "Actual Rows": 555910,
                                                    "Actual Loops": 1
                                                },
                                                {
                                                    "Worker Number": 2,
                                                    "Actual Startup Time": 0.01,
                                                    "Actual Total Time": 65.588,
                                                    "Actual Rows": 568886,
                                                    "Actual Loops": 1
                                                },
                                                {
                                                    "Worker Number": 3,
                                                    "Actual Startup Time": 0.011,
                                                    "Actual Total Time": 65.734,
                                                    "Actual Rows": 324386,
                                                    "Actual Loops": 1
                                                }
                                            ]
                                        },
                                        {
                                            "Node Type": "Hash",
                                            "Parent Relationship": "Inner",
                                            "Parallel Aware": true,
                                            "Startup Cost": 26079.28,
                                            "Total Cost": 26079.28,
                                            "Plan Rows": 91467,
                                            "Plan Width": 4,
                                            "Actual Startup Time": 80.83,
                                            "Actual Total Time": 80.831,
                                            "Actual Rows": 57725,
                                            "Actual Loops": 5,
                                            "Output": [
                                                "mc.movie_id"
                                            ],
                                            "Hash Buckets": 524288,
                                            "Original Hash Buckets": 524288,
                                            "Hash Batches": 1,
                                            "Original Hash Batches": 1,
                                            "Peak Memory Usage": 15456,
                                            "Workers": [
                                                {
                                                    "Worker Number": 0,
                                                    "Actual Startup Time": 80.361,
                                                    "Actual Total Time": 80.363,
                                                    "Actual Rows": 43922,
                                                    "Actual Loops": 1
                                                },
                                                {
                                                    "Worker Number": 1,
                                                    "Actual Startup Time": 80.559,
                                                    "Actual Total Time": 80.56,
                                                    "Actual Rows": 35846,
                                                    "Actual Loops": 1
                                                },
                                                {
                                                    "Worker Number": 2,
                                                    "Actual Startup Time": 80.859,
                                                    "Actual Total Time": 80.86,
                                                    "Actual Rows": 44302,
                                                    "Actual Loops": 1
                                                },
                                                {
                                                    "Worker Number": 3,
                                                    "Actual Startup Time": 81.101,
                                                    "Actual Total Time": 81.102,
                                                    "Actual Rows": 37929,
                                                    "Actual Loops": 1
                                                }
                                            ],
                                            "Plans": [
                                                {
                                                    "Node Type": "Bitmap Heap Scan",
                                                    "Parent Relationship": "Outer",
                                                    "Parallel Aware": true,
                                                    "Relation Name": "movie_companies",
                                                    "Schema": "public",
                                                    "Alias": "mc",
                                                    "Startup Cost": 6145.93,
                                                    "Total Cost": 26079.28,
                                                    "Plan Rows": 91467,
                                                    "Plan Width": 4,
                                                    "Actual Startup Time": 28.765,
                                                    "Actual Total Time": 57.529,
                                                    "Actual Rows": 57725,
                                                    "Actual Loops": 5,
                                                    "Output": [
                                                        "mc.movie_id"
                                                    ],
                                                    "Recheck Cond": "(mc.company_id > 95052)",
                                                    "Rows Removed by Index Recheck": 0,
                                                    "Exact Heap Blocks": 2080,
                                                    "Lossy Heap Blocks": 0,
                                                    "Workers": [
                                                        {
                                                            "Worker Number": 0,
                                                            "Actual Startup Time": 28.43,
                                                            "Actual Total Time": 58.378,
                                                            "Actual Rows": 43922,
                                                            "Actual Loops": 1
                                                        },
                                                        {
                                                            "Worker Number": 1,
                                                            "Actual Startup Time": 28.452,
                                                            "Actual Total Time": 58.357,
                                                            "Actual Rows": 35846,
                                                            "Actual Loops": 1
                                                        },
                                                        {
                                                            "Worker Number": 2,
                                                            "Actual Startup Time": 28.777,
                                                            "Actual Total Time": 58.42,
                                                            "Actual Rows": 44302,
                                                            "Actual Loops": 1
                                                        },
                                                        {
                                                            "Worker Number": 3,
                                                            "Actual Startup Time": 29.122,
                                                            "Actual Total Time": 58.374,
                                                            "Actual Rows": 37929,
                                                            "Actual Loops": 1
                                                        }
                                                    ],
                                                    "Plans": [
                                                        {
                                                            "Node Type": "Bitmap Index Scan",
                                                            "Parent Relationship": "Outer",
                                                            "Parallel Aware": false,
                                                            "Index Name": "company_id_movie_companies",
                                                            "Startup Cost": 0.0,
                                                            "Total Cost": 6075.05,
                                                            "Plan Rows": 283549,
                                                            "Plan Width": 0,
                                                            "Actual Startup Time": 28.244,
                                                            "Actual Total Time": 28.245,
                                                            "Actual Rows": 288623,
                                                            "Actual Loops": 1,
                                                            "Index Cond": "(mc.company_id > 95052)"
                                                        }
                                                    ]
                                                }
                                            ]
                                        }
                                    ]
                                }
                            ]
                        }
                    ]
                }
            ]
        },
        "Planning Time": 200.223,
        "Triggers": [],
        "Execution Time": 261.174
    }
]