[
  {
    "Plan": {
      "Node Type": "Aggregate",
      "Strategy": "Plain",
      "Partial Mode": "Finalize",
      "Parallel Aware": false,
      "Startup Cost": 276993.48,
      "Total Cost": 276993.49,
      "Plan Rows": 1,
      "Plan Width": 8,
      "Actual Startup Time": 3608.032,
      "Actual Total Time": 3684.569,
      "Actual Rows": 1,
      "Actual Loops": 1,
      "Plans": [
        {
          "Node Type": "Gather",
          "Parent Relationship": "Outer",
          "Parallel Aware": false,
          "Startup Cost": 276993.16,
          "Total Cost": 276993.47,
          "Plan Rows": 3,
          "Plan Width": 8,
          "Actual Startup Time": 3604.91,
          "Actual Total Time": 3684.558,
          "Actual Rows": 4,
          "Actual Loops": 1,
          "Workers Planned": 3,
          "Workers Launched": 3,
          "Single Copy": false,
          "Plans": [
            {
              "Node Type": "Aggregate",
              "Strategy": "Plain",
              "Partial Mode": "Partial",
              "Parent Relationship": "Outer",
              "Parallel Aware": false,
              "Startup Cost": 275993.16,
              "Total Cost": 275993.17,
              "Plan Rows": 1,
              "Plan Width": 8,
              "Actual Startup Time": 3599.059,
              "Actual Total Time": 3599.063,
              "Actual Rows": 1,
              "Actual Loops": 4,
              "Plans": [
                {
                  "Node Type": "Nested Loop",
                  "Parent Relationship": "Outer",
                  "Parallel Aware": false,
                  "Join Type": "Inner",
                  "Startup Cost": 57571.29,
                  "Total Cost": 274617.28,
                  "Plan Rows": 550352,
                  "Plan Width": 0,
                  "Actual Startup Time": 202.964,
                  "Actual Total Time": 3436.366,
                  "Actual Rows": 3260024,
                  "Actual Loops": 4,
                  "Inner Unique": false,
                  "Plans": [
                    {
                      "Node Type": "Hash Join",
                      "Parent Relationship": "Outer",
                      "Parallel Aware": true,
                      "Join Type": "Inner",
                      "Startup Cost": 57570.72,
                      "Total Cost": 84459.92,
                      "Plan Rows": 62819,
                      "Plan Width": 8,
                      "Actual Startup Time": 202.811,
                      "Actual Total Time": 295.012,
                      "Actual Rows": 109244,
                      "Actual Loops": 4,
                      "Inner Unique": true,
                      "Hash Cond": "(mk.movie_id = t.id)",
                      "Plans": [
                        {
                          "Node Type": "Bitmap Heap Scan",
                          "Parent Relationship": "Outer",
                          "Parallel Aware": true,
                          "Relation Name": "movie_keyword",
                          "Alias": "mk",
                          "Startup Cost": 10588.57,
                          "Total Cost": 37055.13,
                          "Plan Rows": 161005,
                          "Plan Width": 4,
                          "Actual Startup Time": 35.282,
                          "Actual Total Time": 77.235,
                          "Actual Rows": 124573,
                          "Actual Loops": 4,
                          "Recheck Cond": "(keyword_id > 36213)",
                          "Rows Removed by Index Recheck": 0,
                          "Exact Heap Blocks": 7226,
                          "Lossy Heap Blocks": 0,
                          "Plans": [
                            {
                              "Node Type": "Bitmap Index Scan",
                              "Parent Relationship": "Outer",
                              "Parallel Aware": false,
                              "Index Name": "keyword_id_movie_keyword",
                              "Startup Cost": 0.0,
                              "Total Cost": 10463.8,
                              "Plan Rows": 499115,
                              "Plan Width": 0,
                              "Actual Startup Time": 31.872,
                              "Actual Total Time": 31.873,
                              "Actual Rows": 498292,
                              "Actual Loops": 1,
                              "Index Cond": "(keyword_id > 36213)"
                            }
                          ]
                        },
                        {
                          "Node Type": "Hash",
                          "Parent Relationship": "Inner",
                          "Parallel Aware": true,
                          "Startup Cost": 43899.32,
                          "Total Cost": 43899.32,
                          "Plan Rows": 246626,
                          "Plan Width": 4,
                          "Actual Startup Time": 164.601,
                          "Actual Total Time": 164.601,
                          "Actual Rows": 246262,
                          "Actual Loops": 4,
                          "Hash Buckets": 1048576,
                          "Original Hash Buckets": 1048576,
                          "Hash Batches": 1,
                          "Original Hash Batches": 1,
                          "Peak Memory Usage": 46816,
                          "Plans": [
                            {
                              "Node Type": "Seq Scan",
                              "Parent Relationship": "Outer",
                              "Parallel Aware": true,
                              "Relation Name": "title",
                              "Alias": "t",
                              "Startup Cost": 0.0,
                              "Total Cost": 43899.32,
                              "Plan Rows": 246626,
                              "Plan Width": 4,
                              "Actual Startup Time": 0.027,
                              "Actual Total Time": 92.563,
                              "Actual Rows": 246262,
                              "Actual Loops": 4,
                              "Filter": "(kind_id < 7)",
                              "Rows Removed by Filter": 385816
                            }
                          ]
                        }
                      ]
                    },
                    {
                      "Node Type": "Index Scan",
                      "Parent Relationship": "Inner",
                      "Parallel Aware": false,
                      "Scan Direction": "Forward",
                      "Index Name": "movie_id_cast_info",
                      "Relation Name": "cast_info",
                      "Alias": "ci",
                      "Startup Cost": 0.56,
                      "Total Cost": 2.82,
                      "Plan Rows": 21,
                      "Plan Width": 4,
                      "Actual Startup Time": 0.01,
                      "Actual Total Time": 0.026,
                      "Actual Rows": 30,
                      "Actual Loops": 436974,
                      "Index Cond": "(movie_id = t.id)",
                      "Rows Removed by Index Recheck": 0,
                      "Filter": "(person_id > 1402200)",
                      "Rows Removed by Filter": 21
                    }
                  ]
                }
              ]
            }
          ]
        }
      ]
    },
    "Planning Time": 0.627,
    "Triggers": [],
    "Execution Time": 3684.654
  }
]