[
  {
    "Plan": {
      "Node Type": "Aggregate",
      "Strategy": "Plain",
      "Partial Mode": "Finalize",
      "Parallel Aware": false,
      "Startup Cost": 285671.52,
      "Total Cost": 285671.53,
      "Plan Rows": 1,
      "Plan Width": 8,
      "Actual Startup Time": 4008.944,
      "Actual Total Time": 4086.936,
      "Actual Rows": 1,
      "Actual Loops": 1,
      "Plans": [
        {
          "Node Type": "Gather",
          "Parent Relationship": "Outer",
          "Parallel Aware": false,
          "Startup Cost": 285671.21,
          "Total Cost": 285671.52,
          "Plan Rows": 3,
          "Plan Width": 8,
          "Actual Startup Time": 4004.95,
          "Actual Total Time": 4086.924,
          "Actual Rows": 4,
          "Actual Loops": 1,
          "Workers Planned": 3,
          "Workers Launched": 3,
          "Single Copy": false,
          "Plans": [
            {
              "Node Type": "Aggregate",
              "Strategy": "Plain",
              "Partial Mode": "Partial",
              "Parent Relationship": "Outer",
              "Parallel Aware": false,
              "Startup Cost": 284671.21,
              "Total Cost": 284671.22,
              "Plan Rows": 1,
              "Plan Width": 8,
              "Actual Startup Time": 3995.499,
              "Actual Total Time": 3995.504,
              "Actual Rows": 1,
              "Actual Loops": 4,
              "Plans": [
                {
                  "Node Type": "Nested Loop",
                  "Parent Relationship": "Outer",
                  "Parallel Aware": false,
                  "Join Type": "Inner",
                  "Startup Cost": 57843.85,
                  "Total Cost": 283265.57,
                  "Plan Rows": 562255,
                  "Plan Width": 0,
                  "Actual Startup Time": 256.835,
                  "Actual Total Time": 3833.534,
                  "Actual Rows": 3260024,
                  "Actual Loops": 4,
                  "Inner Unique": false,
                  "Plans": [
                    {
                      "Node Type": "Hash Join",
                      "Parent Relationship": "Outer",
                      "Parallel Aware": true,
                      "Join Type": "Inner",
                      "Startup Cost": 57843.28,
                      "Total Cost": 84791.4,
                      "Plan Rows": 64663,
                      "Plan Width": 8,
                      "Actual Startup Time": 256.586,
                      "Actual Total Time": 361.697,
                      "Actual Rows": 109244,
                      "Actual Loops": 4,
                      "Inner Unique": true,
                      "Hash Cond": "(mk.movie_id = t.id)",
                      "Plans": [
                        {
                          "Node Type": "Bitmap Heap Scan",
                          "Parent Relationship": "Outer",
                          "Parallel Aware": true,
                          "Relation Name": "movie_keyword",
                          "Alias": "mk",
                          "Startup Cost": 10846.16,
                          "Total Cost": 37361.4,
                          "Plan Rows": 164900,
                          "Plan Width": 4,
                          "Actual Startup Time": 48.362,
                          "Actual Total Time": 99.99,
                          "Actual Rows": 124573,
                          "Actual Loops": 4,
                          "Recheck Cond": "(keyword_id > 36213)",
                          "Rows Removed by Index Recheck": 0,
                          "Exact Heap Blocks": 7638,
                          "Lossy Heap Blocks": 0,
                          "Plans": [
                            {
                              "Node Type": "Bitmap Index Scan",
                              "Parent Relationship": "Outer",
                              "Parallel Aware": false,
                              "Index Name": "keyword_id_movie_keyword",
                              "Startup Cost": 0.0,
                              "Total Cost": 10718.36,
                              "Plan Rows": 511190,
                              "Plan Width": 0,
                              "Actual Startup Time": 42.769,
                              "Actual Total Time": 42.769,
                              "Actual Rows": 498292,
                              "Actual Loops": 1,
                              "Index Cond": "(keyword_id > 36213)"
                            }
                          ]
                        },
                        {
                          "Node Type": "Hash",
                          "Parent Relationship": "Inner",
                          "Parallel Aware": true,
                          "Startup Cost": 43898.92,
                          "Total Cost": 43898.92,
                          "Plan Rows": 247857,
                          "Plan Width": 4,
                          "Actual Startup Time": 203.248,
                          "Actual Total Time": 203.249,
                          "Actual Rows": 246262,
                          "Actual Loops": 4,
                          "Hash Buckets": 1048576,
                          "Original Hash Buckets": 1048576,
                          "Hash Batches": 1,
                          "Original Hash Batches": 1,
                          "Peak Memory Usage": 46784,
                          "Plans": [
                            {
                              "Node Type": "Seq Scan",
                              "Parent Relationship": "Outer",
                              "Parallel Aware": true,
                              "Relation Name": "title",
                              "Alias": "t",
                              "Startup Cost": 0.0,
                              "Total Cost": 43898.92,
                              "Plan Rows": 247857,
                              "Plan Width": 4,
                              "Actual Startup Time": 0.036,
                              "Actual Total Time": 113.811,
                              "Actual Rows": 246262,
                              "Actual Loops": 4,
                              "Filter": "(kind_id < 7)",
                              "Rows Removed by Filter": 385816
                            }
                          ]
                        }
                      ]
                    },
                    {
                      "Node Type": "Index Scan",
                      "Parent Relationship": "Inner",
                      "Parallel Aware": false,
                      "Scan Direction": "Forward",
                      "Index Name": "movie_id_cast_info",
                      "Relation Name": "cast_info",
                      "Alias": "ci",
                      "Startup Cost": 0.56,
                      "Total Cost": 2.85,
                      "Plan Rows": 22,
                      "Plan Width": 4,
                      "Actual Startup Time": 0.011,
                      "Actual Total Time": 0.029,
                      "Actual Rows": 30,
                      "Actual Loops": 436974,
                      "Index Cond": "(movie_id = t.id)",
                      "Rows Removed by Index Recheck": 0,
                      "Filter": "(person_id > 1402200)",
                      "Rows Removed by Filter": 21
                    }
                  ]
                }
              ]
            }
          ]
        }
      ]
    },
    "Planning Time": 1.301,
    "Triggers": [],
    "Execution Time": 4087.112
  }
]