[
  {
    "Plan": {
      "Node Type": "Aggregate",
      "Strategy": "Plain",
      "Partial Mode": "Finalize",
      "Parallel Aware": false,
      "Startup Cost": 73942.19,
      "Total Cost": 73942.2,
      "Plan Rows": 1,
      "Plan Width": 8,
      "Actual Startup Time": 484.724,
      "Actual Total Time": 506.709,
      "Actual Rows": 1,
      "Actual Loops": 1,
      "Plans": [
        {
          "Node Type": "Gather",
          "Parent Relationship": "Outer",
          "Parallel Aware": false,
          "Startup Cost": 73941.87,
          "Total Cost": 73942.18,
          "Plan Rows": 3,
          "Plan Width": 8,
          "Actual Startup Time": 472.32,
          "Actual Total Time": 506.697,
          "Actual Rows": 4,
          "Actual Loops": 1,
          "Workers Planned": 3,
          "Workers Launched": 3,
          "Single Copy": false,
          "Plans": [
            {
              "Node Type": "Aggregate",
              "Strategy": "Plain",
              "Partial Mode": "Partial",
              "Parent Relationship": "Outer",
              "Parallel Aware": false,
              "Startup Cost": 72941.87,
              "Total Cost": 72941.88,
              "Plan Rows": 1,
              "Plan Width": 8,
              "Actual Startup Time": 452.604,
              "Actual Total Time": 452.609,
              "Actual Rows": 1,
              "Actual Loops": 4,
              "Plans": [
                {
                  "Node Type": "Hash Join",
                  "Parent Relationship": "Outer",
                  "Parallel Aware": true,
                  "Join Type": "Inner",
                  "Startup Cost": 53334.7,
                  "Total Cost": 72825.96,
                  "Plan Rows": 46364,
                  "Plan Width": 0,
                  "Actual Startup Time": 418.364,
                  "Actual Total Time": 450.573,
                  "Actual Rows": 35096,
                  "Actual Loops": 4,
                  "Inner Unique": true,
                  "Hash Cond": "(mc.movie_id = t.id)",
                  "Plans": [
                    {
                      "Node Type": "Bitmap Heap Scan",
                      "Parent Relationship": "Outer",
                      "Parallel Aware": true,
                      "Relation Name": "movie_companies",
                      "Alias": "mc",
                      "Startup Cost": 3114.32,
                      "Total Cost": 22483.87,
                      "Plan Rows": 46364,
                      "Plan Width": 4,
                      "Actual Startup Time": 10.421,
                      "Actual Total Time": 22.538,
                      "Actual Rows": 35096,
                      "Actual Loops": 4,
                      "Recheck Cond": "(company_id > 136190)",
                      "Rows Removed by Index Recheck": 0,
                      "Exact Heap Blocks": 915,
                      "Lossy Heap Blocks": 0,
                      "Plans": [
                        {
                          "Node Type": "Bitmap Index Scan",
                          "Parent Relationship": "Outer",
                          "Parallel Aware": false,
                          "Index Name": "company_id_movie_companies",
                          "Startup Cost": 0.0,
                          "Total Cost": 3078.39,
                          "Plan Rows": 143728,
                          "Plan Width": 0,
                          "Actual Startup Time": 9.515,
                          "Actual Total Time": 9.515,
                          "Actual Rows": 140383,
                          "Actual Loops": 1,
                          "Index Cond": "(company_id > 136190)"
                        }
                      ]
                    },
                    {
                      "Node Type": "Hash",
                      "Parent Relationship": "Inner",
                      "Parallel Aware": true,
                      "Startup Cost": 42319.06,
                      "Total Cost": 42319.06,
                      "Plan Rows": 632106,
                      "Plan Width": 4,
                      "Actual Startup Time": 395.202,
                      "Actual Total Time": 395.203,
                      "Actual Rows": 632078,
                      "Actual Loops": 4,
                      "Hash Buckets": 4194304,
                      "Original Hash Buckets": 4194304,
                      "Hash Batches": 1,
                      "Original Hash Batches": 1,
                      "Peak Memory Usage": 131744,
                      "Plans": [
                        {
                          "Node Type": "Seq Scan",
                          "Parent Relationship": "Outer",
                          "Parallel Aware": true,
                          "Relation Name": "title",
                          "Alias": "t",
                          "Startup Cost": 0.0,
                          "Total Cost": 42319.06,
                          "Plan Rows": 632106,
                          "Plan Width": 4,
                          "Actual Startup Time": 0.059,
                          "Actual Total Time": 115.547,
                          "Actual Rows": 632078,
                          "Actual Loops": 4
                        }
                      ]
                    }
                  ]
                }
              ]
            }
          ]
        }
      ]
    },
    "Planning Time": 0.671,
    "Triggers": [],
    "Execution Time": 506.807
  }
]