{
  "Plan": {
    "Node Type": "Aggregate",
    "Strategy": "Plain",
    "Partial Mode": "Finalize",
    "Parallel Aware": false,
    "Startup Cost": 331334.02,
    "Total Cost": 331334.03,
    "Plan Rows": 1,
    "Plan Width": 8,
    "Actual Startup Time": 1439.0,
    "Actual Total Time": 1488.808,
    "Actual Rows": 1,
    "Actual Loops": 1,
    "Plans": [
      {
        "Node Type": "Gather",
        "Parent Relationship": "Outer",
        "Parallel Aware": false,
        "Startup Cost": 331333.91,
        "Total Cost": 331334.02,
        "Plan Rows": 1,
        "Plan Width": 8,
        "Actual Startup Time": 1438.853,
        "Actual Total Time": 1488.799,
        "Actual Rows": 2,
        "Actual Loops": 1,
        "Workers Planned": 1,
        "Workers Launched": 1,
        "Single Copy": false,
        "Plans": [
          {
            "Node Type": "Aggregate",
            "Strategy": "Plain",
            "Partial Mode": "Partial",
            "Parent Relationship": "Outer",
            "Parallel Aware": false,
            "Startup Cost": 330333.91,
            "Total Cost": 330333.92,
            "Plan Rows": 1,
            "Plan Width": 8,
            "Actual Startup Time": 1433.06,
            "Actual Total Time": 1433.062,
            "Actual Rows": 1,
            "Actual Loops": 2,
            "Plans": [
              {
                "Node Type": "Hash Join",
                "Parent Relationship": "Outer",
                "Parallel Aware": true,
                "Join Type": "Inner",
                "Startup Cost": 58418.92,
                "Total Cost": 330202.41,
                "Plan Rows": 52602,
                "Plan Width": 0,
                "Actual Startup Time": 158.45,
                "Actual Total Time": 1431.138,
                "Actual Rows": 35678,
                "Actual Loops": 2,
                "Inner Unique": true,
                "Hash Cond": "(mi.movie_id = t.id)",
                "Plans": [
                  {
                    "Node Type": "Seq Scan",
                    "Parent Relationship": "Outer",
                    "Parallel Aware": true,
                    "Relation Name": "movie_info",
                    "Alias": "mi",
                    "Startup Cost": 0.0,
                    "Total Cost": 248955.74,
                    "Plan Rows": 8696274,
                    "Plan Width": 4,
                    "Actual Startup Time": 0.01,
                    "Actual Total Time": 633.445,
                    "Actual Rows": 7417860,
                    "Actual Loops": 2
                  },
                  {
                    "Node Type": "Hash",
                    "Parent Relationship": "Inner",
                    "Parallel Aware": true,
                    "Startup Cost": 58306.47,
                    "Total Cost": 58306.47,
                    "Plan Rows": 8996,
                    "Plan Width": 4,
                    "Actual Startup Time": 156.545,
                    "Actual Total Time": 156.545,
                    "Actual Rows": 8186,
                    "Actual Loops": 2,
                    "Hash Buckets": 16384,
                    "Original Hash Buckets": 16384,
                    "Hash Batches": 1,
                    "Original Hash Batches": 1,
                    "Peak Memory Usage": 800,
                    "Plans": [
                      {
                        "Node Type": "Seq Scan",
                        "Parent Relationship": "Outer",
                        "Parallel Aware": true,
                        "Relation Name": "title",
                        "Alias": "t",
                        "Startup Cost": 0.0,
                        "Total Cost": 58306.47,
                        "Plan Rows": 8996,
                        "Plan Width": 4,
                        "Actual Startup Time": 0.183,
                        "Actual Total Time": 153.249,
                        "Actual Rows": 8186,
                        "Actual Loops": 2,
                        "Filter": "((kind_id > 1) AND (production_year = 1989))",
                        "Rows Removed by Filter": 1255970
                      }
                    ]
                  }
                ]
              }
            ]
          }
        ]
      }
    ]
  },
  "Planning Time": 0.41,
  "Triggers": [],
  "Execution Time": 1488.885
}