[
  {
    "Plan": {
      "Node Type": "Aggregate",
      "Strategy": "Plain",
      "Partial Mode": "Finalize",
      "Parallel Aware": false,
      "Startup Cost": 343791.05,
      "Total Cost": 343791.06,
      "Plan Rows": 1,
      "Plan Width": 8,
      "Actual Startup Time": 1166.565,
      "Actual Total Time": 1241.507,
      "Actual Rows": 1,
      "Actual Loops": 1,
      "Plans": [
        {
          "Node Type": "Gather",
          "Parent Relationship": "Outer",
          "Parallel Aware": false,
          "Startup Cost": 343790.43,
          "Total Cost": 343791.04,
          "Plan Rows": 6,
          "Plan Width": 8,
          "Actual Startup Time": 1166.41,
          "Actual Total Time": 1241.494,
          "Actual Rows": 7,
          "Actual Loops": 1,
          "Workers Planned": 6,
          "Workers Launched": 6,
          "Single Copy": false,
          "Plans": [
            {
              "Node Type": "Aggregate",
              "Strategy": "Plain",
              "Partial Mode": "Partial",
              "Parent Relationship": "Outer",
              "Parallel Aware": false,
              "Startup Cost": 342790.43,
              "Total Cost": 342790.44,
              "Plan Rows": 1,
              "Plan Width": 8,
              "Actual Startup Time": 1159.521,
              "Actual Total Time": 1159.523,
              "Actual Rows": 1,
              "Actual Loops": 7,
              "Plans": [
                {
                  "Node Type": "Seq Scan",
                  "Parent Relationship": "Outer",
                  "Parallel Aware": true,
                  "Relation Name": "cast_info",
                  "Alias": "ci",
                  "Startup Cost": 0.0,
                  "Total Cost": 328211.39,
                  "Plan Rows": 5831615,
                  "Plan Width": 0,
                  "Actual Startup Time": 22.181,
                  "Actual Total Time": 849.238,
                  "Actual Rows": 4990781,
                  "Actual Loops": 7,
                  "Filter": "(person_id > 131014)",
                  "Rows Removed by Filter": 186983
                }
              ]
            }
          ]
        }
      ]
    },
    "Planning Time": 0.079,
    "Triggers": [],
    "Execution Time": 1241.554
  }
]