[
  {
    "Plan": {
      "Node Type": "Aggregate",
      "Strategy": "Plain",
      "Partial Mode": "Finalize",
      "Parallel Aware": false,
      "Startup Cost": 343727.3,
      "Total Cost": 343727.31,
      "Plan Rows": 1,
      "Plan Width": 8,
      "Actual Startup Time": 971.058,
      "Actual Total Time": 1033.66,
      "Actual Rows": 1,
      "Actual Loops": 1,
      "Plans": [
        {
          "Node Type": "Gather",
          "Parent Relationship": "Outer",
          "Parallel Aware": false,
          "Startup Cost": 343726.67,
          "Total Cost": 343727.28,
          "Plan Rows": 6,
          "Plan Width": 8,
          "Actual Startup Time": 970.915,
          "Actual Total Time": 1033.647,
          "Actual Rows": 7,
          "Actual Loops": 1,
          "Workers Planned": 6,
          "Workers Launched": 6,
          "Single Copy": false,
          "Plans": [
            {
              "Node Type": "Aggregate",
              "Strategy": "Plain",
              "Partial Mode": "Partial",
              "Parent Relationship": "Outer",
              "Parallel Aware": false,
              "Startup Cost": 342726.67,
              "Total Cost": 342726.68,
              "Plan Rows": 1,
              "Plan Width": 8,
              "Actual Startup Time": 961.72,
              "Actual Total Time": 961.721,
              "Actual Rows": 1,
              "Actual Loops": 7,
              "Plans": [
                {
                  "Node Type": "Seq Scan",
                  "Parent Relationship": "Outer",
                  "Parallel Aware": true,
                  "Relation Name": "cast_info",
                  "Alias": "ci",
                  "Startup Cost": 0.0,
                  "Total Cost": 328162.03,
                  "Plan Rows": 5825858,
                  "Plan Width": 0,
                  "Actual Startup Time": 27.28,
                  "Actual Total Time": 717.791,
                  "Actual Rows": 4990781,
                  "Actual Loops": 7,
                  "Filter": "(person_id > 131014)",
                  "Rows Removed by Filter": 186983
                }
              ]
            }
          ]
        }
      ]
    },
    "Planning Time": 0.136,
    "Triggers": [],
    "Execution Time": 1033.72
  }
]