{
  "Plan": {
    "Node Type": "Aggregate",
    "Strategy": "Plain",
    "Partial Mode": "Finalize",
    "Parallel Aware": false,
    "Startup Cost": 20562.96,
    "Total Cost": 20562.97,
    "Plan Rows": 1,
    "Plan Width": 8,
    "Actual Startup Time": 30.647,
    "Actual Total Time": 34.782,
    "Actual Rows": 1,
    "Actual Loops": 1,
    "Plans": [
      {
        "Node Type": "Gather",
        "Parent Relationship": "Outer",
        "Parallel Aware": false,
        "Startup Cost": 20562.85,
        "Total Cost": 20562.96,
        "Plan Rows": 1,
        "Plan Width": 8,
        "Actual Startup Time": 30.403,
        "Actual Total Time": 34.773,
        "Actual Rows": 2,
        "Actual Loops": 1,
        "Workers Planned": 1,
        "Workers Launched": 1,
        "Single Copy": false,
        "Plans": [
          {
            "Node Type": "Aggregate",
            "Strategy": "Plain",
            "Partial Mode": "Partial",
            "Parent Relationship": "Outer",
            "Parallel Aware": false,
            "Startup Cost": 19562.85,
            "Total Cost": 19562.86,
            "Plan Rows": 1,
            "Plan Width": 8,
            "Actual Startup Time": 24.084,
            "Actual Total Time": 24.087,
            "Actual Rows": 1,
            "Actual Loops": 2,
            "Plans": [
              {
                "Node Type": "Nested Loop",
                "Parent Relationship": "Outer",
                "Parallel Aware": false,
                "Join Type": "Inner",
                "Startup Cost": 92.45,
                "Total Cost": 19562.57,
                "Plan Rows": 114,
                "Plan Width": 0,
                "Actual Startup Time": 2.205,
                "Actual Total Time": 23.916,
                "Actual Rows": 807,
                "Actual Loops": 2,
                "Inner Unique": false,
                "Plans": [
                  {
                    "Node Type": "Nested Loop",
                    "Parent Relationship": "Outer",
                    "Parallel Aware": false,
                    "Join Type": "Inner",
                    "Startup Cost": 92.02,
                    "Total Cost": 19378.19,
                    "Plan Rows": 311,
                    "Plan Width": 8,
                    "Actual Startup Time": 2.014,
                    "Actual Total Time": 19.832,
                    "Actual Rows": 453,
                    "Actual Loops": 2,
                    "Inner Unique": true,
                    "Plans": [
                      {
                        "Node Type": "Bitmap Heap Scan",
                        "Parent Relationship": "Outer",
                        "Parallel Aware": true,
                        "Relation Name": "movie_companies",
                        "Alias": "mc",
                        "Startup Cost": 91.59,
                        "Total Cost": 9975.99,
                        "Plan Rows": 1184,
                        "Plan Width": 4,
                        "Actual Startup Time": 1.225,
                        "Actual Total Time": 3.551,
                        "Actual Rows": 1854,
                        "Actual Loops": 2,
                        "Recheck Cond": "(company_id = 164)",
                        "Rows Removed by Index Recheck": 0,
                        "Filter": "(company_type_id = 1)",
                        "Rows Removed by Filter": 8,
                        "Exact Heap Blocks": 396,
                        "Lossy Heap Blocks": 0,
                        "Plans": [
                          {
                            "Node Type": "Bitmap Index Scan",
                            "Parent Relationship": "Outer",
                            "Parallel Aware": false,
                            "Index Name": "company_id_movie_companies",
                            "Startup Cost": 0.0,
                            "Total Cost": 91.09,
                            "Plan Rows": 4088,
                            "Plan Width": 0,
                            "Actual Startup Time": 2.106,
                            "Actual Total Time": 2.106,
                            "Actual Rows": 3722,
                            "Actual Loops": 1,
                            "Index Cond": "(company_id = 164)"
                          }
                        ]
                      },
                      {
                        "Node Type": "Index Scan",
                        "Parent Relationship": "Inner",
                        "Parallel Aware": false,
                        "Scan Direction": "Forward",
                        "Index Name": "title_pkey",
                        "Relation Name": "title",
                        "Alias": "t",
                        "Startup Cost": 0.43,
                        "Total Cost": 7.94,
                        "Plan Rows": 1,
                        "Plan Width": 4,
                        "Actual Startup Time": 0.008,
                        "Actual Total Time": 0.008,
                        "Actual Rows": 0,
                        "Actual Loops": 3707,
                        "Index Cond": "(id = mc.movie_id)",
                        "Rows Removed by Index Recheck": 0,
                        "Filter": "(production_year > 2008)",
                        "Rows Removed by Filter": 1
                      }
                    ]
                  },
                  {
                    "Node Type": "Index Scan",
                    "Parent Relationship": "Inner",
                    "Parallel Aware": false,
                    "Scan Direction": "Forward",
                    "Index Name": "movie_id_movie_info_idx",
                    "Relation Name": "movie_info_idx",
                    "Alias": "mi_idx",
                    "Startup Cost": 0.43,
                    "Total Cost": 0.57,
                    "Plan Rows": 2,
                    "Plan Width": 4,
                    "Actual Startup Time": 0.007,
                    "Actual Total Time": 0.008,
                    "Actual Rows": 2,
                    "Actual Loops": 906,
                    "Index Cond": "(movie_id = t.id)",
                    "Rows Removed by Index Recheck": 0,
                    "Filter": "(info_type_id > 99)",
                    "Rows Removed by Filter": 1
                  }
                ]
              }
            ]
          }
        ]
      }
    ]
  },
  "Planning Time": 1.013,
  "Triggers": [],
  "Execution Time": 34.911
}