[
  {
    "Plan": {
      "Node Type": "Aggregate",
      "Strategy": "Plain",
      "Partial Mode": "Finalize",
      "Parallel Aware": false,
      "Startup Cost": 349158.36,
      "Total Cost": 349158.37,
      "Plan Rows": 1,
      "Plan Width": 8,
      "Actual Startup Time": 856.674,
      "Actual Total Time": 904.648,
      "Actual Rows": 1,
      "Actual Loops": 1,
      "Plans": [
        {
          "Node Type": "Gather",
          "Parent Relationship": "Outer",
          "Parallel Aware": false,
          "Startup Cost": 349157.74,
          "Total Cost": 349158.35,
          "Plan Rows": 6,
          "Plan Width": 8,
          "Actual Startup Time": 856.508,
          "Actual Total Time": 904.634,
          "Actual Rows": 7,
          "Actual Loops": 1,
          "Workers Planned": 6,
          "Workers Launched": 6,
          "Single Copy": false,
          "Plans": [
            {
              "Node Type": "Aggregate",
              "Strategy": "Plain",
              "Partial Mode": "Partial",
              "Parent Relationship": "Outer",
              "Parallel Aware": false,
              "Startup Cost": 348157.74,
              "Total Cost": 348157.75,
              "Plan Rows": 1,
              "Plan Width": 8,
              "Actual Startup Time": 847.86,
              "Actual Total Time": 847.862,
              "Actual Rows": 1,
              "Actual Loops": 7,
              "Plans": [
                {
                  "Node Type": "Seq Scan",
                  "Parent Relationship": "Outer",
                  "Parallel Aware": true,
                  "Relation Name": "cast_info",
                  "Alias": "ci",
                  "Startup Cost": 0.0,
                  "Total Cost": 343316.27,
                  "Plan Rows": 1936586,
                  "Plan Width": 0,
                  "Actual Startup Time": 241.749,
                  "Actual Total Time": 716.523,
                  "Actual Rows": 2526509,
                  "Actual Loops": 7,
                  "Filter": "((person_id > 1846926) AND (role_id > 1))",
                  "Rows Removed by Filter": 2651255
                }
              ]
            }
          ]
        }
      ]
    },
    "Planning Time": 0.122,
    "Triggers": [],
    "Execution Time": 904.694
  }
]