[
  {
    "Plan": {
      "Node Type": "Aggregate",
      "Strategy": "Plain",
      "Partial Mode": "Finalize",
      "Parallel Aware": false,
      "Startup Cost": 349091.52,
      "Total Cost": 349091.53,
      "Plan Rows": 1,
      "Plan Width": 8,
      "Actual Startup Time": 821.615,
      "Actual Total Time": 878.507,
      "Actual Rows": 1,
      "Actual Loops": 1,
      "Plans": [
        {
          "Node Type": "Gather",
          "Parent Relationship": "Outer",
          "Parallel Aware": false,
          "Startup Cost": 349090.89,
          "Total Cost": 349091.5,
          "Plan Rows": 6,
          "Plan Width": 8,
          "Actual Startup Time": 821.484,
          "Actual Total Time": 878.493,
          "Actual Rows": 7,
          "Actual Loops": 1,
          "Workers Planned": 6,
          "Workers Launched": 6,
          "Single Copy": false,
          "Plans": [
            {
              "Node Type": "Aggregate",
              "Strategy": "Plain",
              "Partial Mode": "Partial",
              "Parent Relationship": "Outer",
              "Parallel Aware": false,
              "Startup Cost": 348090.89,
              "Total Cost": 348090.9,
              "Plan Rows": 1,
              "Plan Width": 8,
              "Actual Startup Time": 811.013,
              "Actual Total Time": 811.014,
              "Actual Rows": 1,
              "Actual Loops": 7,
              "Plans": [
                {
                  "Node Type": "Seq Scan",
                  "Parent Relationship": "Outer",
                  "Parallel Aware": true,
                  "Relation Name": "cast_info",
                  "Alias": "ci",
                  "Startup Cost": 0.0,
                  "Total Cost": 343257.03,
                  "Plan Rows": 1933545,
                  "Plan Width": 0,
                  "Actual Startup Time": 226.03,
                  "Actual Total Time": 692.552,
                  "Actual Rows": 2526509,
                  "Actual Loops": 7,
                  "Filter": "((person_id > 1846926) AND (role_id > 1))",
                  "Rows Removed by Filter": 2651255
                }
              ]
            }
          ]
        }
      ]
    },
    "Planning Time": 0.264,
    "Triggers": [],
    "Execution Time": 878.578
  }
]