[
  {
    "Plan": {
      "Node Type": "Aggregate",
      "Strategy": "Plain",
      "Partial Mode": "Finalize",
      "Parallel Aware": false,
      "Startup Cost": 65153.38,
      "Total Cost": 65153.39,
      "Plan Rows": 1,
      "Plan Width": 8,
      "Actual Startup Time": 124.811,
      "Actual Total Time": 142.217,
      "Actual Rows": 1,
      "Actual Loops": 1,
      "Plans": [
        {
          "Node Type": "Gather",
          "Parent Relationship": "Outer",
          "Parallel Aware": false,
          "Startup Cost": 65152.96,
          "Total Cost": 65153.37,
          "Plan Rows": 4,
          "Plan Width": 8,
          "Actual Startup Time": 124.697,
          "Actual Total Time": 142.209,
          "Actual Rows": 5,
          "Actual Loops": 1,
          "Workers Planned": 4,
          "Workers Launched": 4,
          "Single Copy": false,
          "Plans": [
            {
              "Node Type": "Aggregate",
              "Strategy": "Plain",
              "Partial Mode": "Partial",
              "Parent Relationship": "Outer",
              "Parallel Aware": false,
              "Startup Cost": 64152.96,
              "Total Cost": 64152.97,
              "Plan Rows": 1,
              "Plan Width": 8,
              "Actual Startup Time": 115.02,
              "Actual Total Time": 115.021,
              "Actual Rows": 1,
              "Actual Loops": 5,
              "Plans": [
                {
                  "Node Type": "Nested Loop",
                  "Parent Relationship": "Outer",
                  "Parallel Aware": false,
                  "Join Type": "Inner",
                  "Startup Cost": 0.43,
                  "Total Cost": 64142.98,
                  "Plan Rows": 3992,
                  "Plan Width": 0,
                  "Actual Startup Time": 1.697,
                  "Actual Total Time": 114.4,
                  "Actual Rows": 9281,
                  "Actual Loops": 5,
                  "Inner Unique": false,
                  "Plans": [
                    {
                      "Node Type": "Seq Scan",
                      "Parent Relationship": "Outer",
                      "Parallel Aware": true,
                      "Relation Name": "title",
                      "Alias": "t",
                      "Startup Cost": 0.0,
                      "Total Cost": 45479.1,
                      "Plan Rows": 2231,
                      "Plan Width": 4,
                      "Actual Startup Time": 0.912,
                      "Actual Total Time": 90.474,
                      "Actual Rows": 1882,
                      "Actual Loops": 5,
                      "Filter": "((kind_id < 7) AND (production_year = 1990))",
                      "Rows Removed by Filter": 503781
                    },
                    {
                      "Node Type": "Index Only Scan",
                      "Parent Relationship": "Inner",
                      "Parallel Aware": false,
                      "Scan Direction": "Forward",
                      "Index Name": "movie_id_movie_keyword",
                      "Relation Name": "movie_keyword",
                      "Alias": "mk",
                      "Startup Cost": 0.43,
                      "Total Cost": 7.92,
                      "Plan Rows": 45,
                      "Plan Width": 4,
                      "Actual Startup Time": 0.011,
                      "Actual Total Time": 0.012,
                      "Actual Rows": 5,
                      "Actual Loops": 9408,
                      "Index Cond": "(movie_id = t.id)",
                      "Rows Removed by Index Recheck": 0,
                      "Heap Fetches": 46406
                    }
                  ]
                }
              ]
            }
          ]
        }
      ]
    },
    "Planning Time": 0.493,
    "Triggers": [],
    "Execution Time": 142.278
  }
]