[
  {
    "Plan": {
      "Node Type": "Aggregate",
      "Strategy": "Plain",
      "Partial Mode": "Simple",
      "Parallel Aware": false,
      "Startup Cost": 5458.13,
      "Total Cost": 5458.14,
      "Plan Rows": 1,
      "Plan Width": 8,
      "Actual Startup Time": 0.376,
      "Actual Total Time": 0.379,
      "Actual Rows": 1,
      "Actual Loops": 1,
      "Plans": [
        {
          "Node Type": "Nested Loop",
          "Parent Relationship": "Outer",
          "Parallel Aware": false,
          "Join Type": "Inner",
          "Startup Cost": 1.42,
          "Total Cost": 5457.45,
          "Plan Rows": 271,
          "Plan Width": 0,
          "Actual Startup Time": 0.194,
          "Actual Total Time": 0.367,
          "Actual Rows": 21,
          "Actual Loops": 1,
          "Inner Unique": false,
          "Plans": [
            {
              "Node Type": "Nested Loop",
              "Parent Relationship": "Outer",
              "Parallel Aware": false,
              "Join Type": "Inner",
              "Startup Cost": 0.99,
              "Total Cost": 5192.84,
              "Plan Rows": 497,
              "Plan Width": 8,
              "Actual Startup Time": 0.174,
              "Actual Total Time": 0.244,
              "Actual Rows": 7,
              "Actual Loops": 1,
              "Inner Unique": true,
              "Plans": [
                {
                  "Node Type": "Index Scan",
                  "Parent Relationship": "Outer",
                  "Parallel Aware": false,
                  "Scan Direction": "Forward",
                  "Index Name": "person_id_cast_info",
                  "Relation Name": "cast_info",
                  "Alias": "ci",
                  "Startup Cost": 0.56,
                  "Total Cost": 1058.43,
                  "Plan Rows": 497,
                  "Plan Width": 4,
                  "Actual Startup Time": 0.147,
                  "Actual Total Time": 0.152,
                  "Actual Rows": 7,
                  "Actual Loops": 1,
                  "Index Cond": "(person_id = 3738713)",
                  "Rows Removed by Index Recheck": 0
                },
                {
                  "Node Type": "Index Only Scan",
                  "Parent Relationship": "Inner",
                  "Parallel Aware": false,
                  "Scan Direction": "Forward",
                  "Index Name": "title_pkey",
                  "Relation Name": "title",
                  "Alias": "t",
                  "Startup Cost": 0.43,
                  "Total Cost": 8.32,
                  "Plan Rows": 1,
                  "Plan Width": 4,
                  "Actual Startup Time": 0.011,
                  "Actual Total Time": 0.011,
                  "Actual Rows": 1,
                  "Actual Loops": 7,
                  "Index Cond": "(id = ci.movie_id)",
                  "Rows Removed by Index Recheck": 0,
                  "Heap Fetches": 7
                }
              ]
            },
            {
              "Node Type": "Index Only Scan",
              "Parent Relationship": "Inner",
              "Parallel Aware": false,
              "Scan Direction": "Forward",
              "Index Name": "movie_id_movie_info_idx",
              "Relation Name": "movie_info_idx",
              "Alias": "mi_idx",
              "Startup Cost": 0.43,
              "Total Cost": 0.5,
              "Plan Rows": 3,
              "Plan Width": 4,
              "Actual Startup Time": 0.013,
              "Actual Total Time": 0.016,
              "Actual Rows": 3,
              "Actual Loops": 7,
              "Index Cond": "(movie_id = t.id)",
              "Rows Removed by Index Recheck": 0,
              "Heap Fetches": 21
            }
          ]
        }
      ]
    },
    "Planning Time": 1.215,
    "Triggers": [],
    "Execution Time": 0.445
  }
]