[
  {
    "Plan": {
      "Node Type": "Aggregate",
      "Strategy": "Plain",
      "Partial Mode": "Finalize",
      "Parallel Aware": false,
      "Startup Cost": 119124.67,
      "Total Cost": 119124.68,
      "Plan Rows": 1,
      "Plan Width": 8,
      "Actual Startup Time": 177.076,
      "Actual Total Time": 195.736,
      "Actual Rows": 1,
      "Actual Loops": 1,
      "Plans": [
        {
          "Node Type": "Gather",
          "Parent Relationship": "Outer",
          "Parallel Aware": false,
          "Startup Cost": 119124.15,
          "Total Cost": 119124.66,
          "Plan Rows": 5,
          "Plan Width": 8,
          "Actual Startup Time": 177.01,
          "Actual Total Time": 195.724,
          "Actual Rows": 6,
          "Actual Loops": 1,
          "Workers Planned": 5,
          "Workers Launched": 5,
          "Single Copy": false,
          "Plans": [
            {
              "Node Type": "Aggregate",
              "Strategy": "Plain",
              "Partial Mode": "Partial",
              "Parent Relationship": "Outer",
              "Parallel Aware": false,
              "Startup Cost": 118124.15,
              "Total Cost": 118124.16,
              "Plan Rows": 1,
              "Plan Width": 8,
              "Actual Startup Time": 170.606,
              "Actual Total Time": 170.607,
              "Actual Rows": 1,
              "Actual Loops": 6,
              "Plans": [
                {
                  "Node Type": "Index Scan",
                  "Parent Relationship": "Outer",
                  "Parallel Aware": true,
                  "Scan Direction": "Forward",
                  "Index Name": "role_id_cast_info",
                  "Relation Name": "cast_info",
                  "Alias": "ci",
                  "Startup Cost": 0.56,
                  "Total Cost": 118067.1,
                  "Plan Rows": 22817,
                  "Plan Width": 0,
                  "Actual Startup Time": 114.954,
                  "Actual Total Time": 164.254,
                  "Actual Rows": 124239,
                  "Actual Loops": 6,
                  "Index Cond": "(role_id = 10)",
                  "Rows Removed by Index Recheck": 0,
                  "Filter": "(person_id > 3887064)",
                  "Rows Removed by Filter": 596264
                }
              ]
            }
          ]
        }
      ]
    },
    "Planning Time": 0.123,
    "Triggers": [],
    "Execution Time": 195.778
  }
]