[
  {
    "Plan": {
      "Node Type": "Aggregate",
      "Strategy": "Plain",
      "Partial Mode": "Finalize",
      "Parallel Aware": false,
      "Startup Cost": 120680.87,
      "Total Cost": 120680.88,
      "Plan Rows": 1,
      "Plan Width": 8,
      "Actual Startup Time": 159.613,
      "Actual Total Time": 169.519,
      "Actual Rows": 1,
      "Actual Loops": 1,
      "Plans": [
        {
          "Node Type": "Gather",
          "Parent Relationship": "Outer",
          "Parallel Aware": false,
          "Startup Cost": 120680.35,
          "Total Cost": 120680.86,
          "Plan Rows": 5,
          "Plan Width": 8,
          "Actual Startup Time": 159.39,
          "Actual Total Time": 169.511,
          "Actual Rows": 6,
          "Actual Loops": 1,
          "Workers Planned": 5,
          "Workers Launched": 5,
          "Single Copy": false,
          "Plans": [
            {
              "Node Type": "Aggregate",
              "Strategy": "Plain",
              "Partial Mode": "Partial",
              "Parent Relationship": "Outer",
              "Parallel Aware": false,
              "Startup Cost": 119680.35,
              "Total Cost": 119680.36,
              "Plan Rows": 1,
              "Plan Width": 8,
              "Actual Startup Time": 151.884,
              "Actual Total Time": 151.886,
              "Actual Rows": 1,
              "Actual Loops": 6,
              "Plans": [
                {
                  "Node Type": "Index Scan",
                  "Parent Relationship": "Outer",
                  "Parallel Aware": true,
                  "Scan Direction": "Forward",
                  "Index Name": "role_id_cast_info",
                  "Relation Name": "cast_info",
                  "Alias": "ci",
                  "Startup Cost": 0.56,
                  "Total Cost": 119623.46,
                  "Plan Rows": 22758,
                  "Plan Width": 0,
                  "Actual Startup Time": 103.644,
                  "Actual Total Time": 146.601,
                  "Actual Rows": 124239,
                  "Actual Loops": 6,
                  "Index Cond": "(role_id = 10)",
                  "Rows Removed by Index Recheck": 0,
                  "Filter": "(person_id > 3887064)",
                  "Rows Removed by Filter": 596264
                }
              ]
            }
          ]
        }
      ]
    },
    "Planning Time": 0.236,
    "Triggers": [],
    "Execution Time": 169.584
  }
]