[
  {
    "Plan": {
      "Node Type": "Aggregate",
      "Strategy": "Plain",
      "Partial Mode": "Finalize",
      "Parallel Aware": false,
      "Startup Cost": 343431.7,
      "Total Cost": 343431.71,
      "Plan Rows": 1,
      "Plan Width": 8,
      "Actual Startup Time": 979.222,
      "Actual Total Time": 1023.846,
      "Actual Rows": 1,
      "Actual Loops": 1,
      "Plans": [
        {
          "Node Type": "Gather",
          "Parent Relationship": "Outer",
          "Parallel Aware": false,
          "Startup Cost": 343431.07,
          "Total Cost": 343431.68,
          "Plan Rows": 6,
          "Plan Width": 8,
          "Actual Startup Time": 978.803,
          "Actual Total Time": 1023.831,
          "Actual Rows": 7,
          "Actual Loops": 1,
          "Workers Planned": 6,
          "Workers Launched": 6,
          "Single Copy": false,
          "Plans": [
            {
              "Node Type": "Aggregate",
              "Strategy": "Plain",
              "Partial Mode": "Partial",
              "Parent Relationship": "Outer",
              "Parallel Aware": false,
              "Startup Cost": 342431.07,
              "Total Cost": 342431.08,
              "Plan Rows": 1,
              "Plan Width": 8,
              "Actual Startup Time": 969.815,
              "Actual Total Time": 969.816,
              "Actual Rows": 1,
              "Actual Loops": 7,
              "Plans": [
                {
                  "Node Type": "Seq Scan",
                  "Parent Relationship": "Outer",
                  "Parallel Aware": true,
                  "Relation Name": "cast_info",
                  "Alias": "ci",
                  "Startup Cost": 0.0,
                  "Total Cost": 328211.39,
                  "Plan Rows": 5687872,
                  "Plan Width": 0,
                  "Actual Startup Time": 34.816,
                  "Actual Total Time": 707.768,
                  "Actual Rows": 4866081,
                  "Actual Loops": 7,
                  "Filter": "(person_id > 213449)",
                  "Rows Removed by Filter": 311682
                }
              ]
            }
          ]
        }
      ]
    },
    "Planning Time": 0.086,
    "Triggers": [],
    "Execution Time": 1023.888
  }
]