[
  {
    "Plan": {
      "Node Type": "Aggregate",
      "Strategy": "Plain",
      "Partial Mode": "Finalize",
      "Parallel Aware": false,
      "Startup Cost": 45251.93,
      "Total Cost": 45251.94,
      "Plan Rows": 1,
      "Plan Width": 8,
      "Actual Startup Time": 147.106,
      "Actual Total Time": 156.819,
      "Actual Rows": 1,
      "Actual Loops": 1,
      "Plans": [
        {
          "Node Type": "Gather",
          "Parent Relationship": "Outer",
          "Parallel Aware": false,
          "Startup Cost": 45251.62,
          "Total Cost": 45251.93,
          "Plan Rows": 3,
          "Plan Width": 8,
          "Actual Startup Time": 147.004,
          "Actual Total Time": 156.811,
          "Actual Rows": 4,
          "Actual Loops": 1,
          "Workers Planned": 3,
          "Workers Launched": 3,
          "Single Copy": false,
          "Plans": [
            {
              "Node Type": "Aggregate",
              "Strategy": "Plain",
              "Partial Mode": "Partial",
              "Parent Relationship": "Outer",
              "Parallel Aware": false,
              "Startup Cost": 44251.62,
              "Total Cost": 44251.63,
              "Plan Rows": 1,
              "Plan Width": 8,
              "Actual Startup Time": 138.415,
              "Actual Total Time": 138.416,
              "Actual Rows": 1,
              "Actual Loops": 4,
              "Plans": [
                {
                  "Node Type": "Seq Scan",
                  "Parent Relationship": "Outer",
                  "Parallel Aware": true,
                  "Relation Name": "movie_keyword",
                  "Alias": "mk",
                  "Startup Cost": 0.0,
                  "Total Cost": 42695.65,
                  "Plan Rows": 622385,
                  "Plan Width": 0,
                  "Actual Startup Time": 0.055,
                  "Actual Total Time": 115.116,
                  "Actual Rows": 483330,
                  "Actual Loops": 4,
                  "Filter": "(keyword_id < 3322)",
                  "Rows Removed by Filter": 647652
                }
              ]
            }
          ]
        }
      ]
    },
    "Planning Time": 0.167,
    "Triggers": [],
    "Execution Time": 156.874
  }
]