[
  {
    "Plan": {
      "Node Type": "Aggregate",
      "Strategy": "Plain",
      "Partial Mode": "Finalize",
      "Parallel Aware": false,
      "Startup Cost": 22802.08,
      "Total Cost": 22802.09,
      "Plan Rows": 1,
      "Plan Width": 8,
      "Actual Startup Time": 28.642,
      "Actual Total Time": 31.875,
      "Actual Rows": 1,
      "Actual Loops": 1,
      "Plans": [
        {
          "Node Type": "Gather",
          "Parent Relationship": "Outer",
          "Parallel Aware": false,
          "Startup Cost": 22801.77,
          "Total Cost": 22802.08,
          "Plan Rows": 3,
          "Plan Width": 8,
          "Actual Startup Time": 28.472,
          "Actual Total Time": 31.868,
          "Actual Rows": 4,
          "Actual Loops": 1,
          "Workers Planned": 3,
          "Workers Launched": 3,
          "Single Copy": false,
          "Plans": [
            {
              "Node Type": "Aggregate",
              "Strategy": "Plain",
              "Partial Mode": "Partial",
              "Parent Relationship": "Outer",
              "Parallel Aware": false,
              "Startup Cost": 21801.77,
              "Total Cost": 21801.78,
              "Plan Rows": 1,
              "Plan Width": 8,
              "Actual Startup Time": 23.102,
              "Actual Total Time": 23.103,
              "Actual Rows": 1,
              "Actual Loops": 4,
              "Plans": [
                {
                  "Node Type": "Bitmap Heap Scan",
                  "Parent Relationship": "Outer",
                  "Parallel Aware": true,
                  "Relation Name": "movie_companies",
                  "Alias": "mc",
                  "Startup Cost": 2421.66,
                  "Total Cost": 21755.45,
                  "Plan Rows": 18527,
                  "Plan Width": 0,
                  "Actual Startup Time": 3.785,
                  "Actual Total Time": 21.07,
                  "Actual Rows": 27684,
                  "Actual Loops": 4,
                  "Recheck Cond": "(company_id > 151441)",
                  "Rows Removed by Index Recheck": 0,
                  "Filter": "(company_type_id > 1)",
                  "Rows Removed by Filter": 0,
                  "Exact Heap Blocks": 1412,
                  "Lossy Heap Blocks": 0,
                  "Plans": [
                    {
                      "Node Type": "Bitmap Index Scan",
                      "Parent Relationship": "Outer",
                      "Parallel Aware": false,
                      "Index Name": "company_id_movie_companies",
                      "Startup Cost": 0.0,
                      "Total Cost": 2407.3,
                      "Plan Rows": 112383,
                      "Plan Width": 0,
                      "Actual Startup Time": 7.526,
                      "Actual Total Time": 7.527,
                      "Actual Rows": 110734,
                      "Actual Loops": 1,
                      "Index Cond": "(company_id > 151441)"
                    }
                  ]
                }
              ]
            }
          ]
        }
      ]
    },
    "Planning Time": 0.08,
    "Triggers": [],
    "Execution Time": 31.913
  }
]