{
  "Plan": {
    "Node Type": "Aggregate",
    "Strategy": "Plain",
    "Partial Mode": "Finalize",
    "Parallel Aware": false,
    "Startup Cost": 417224.76,
    "Total Cost": 417224.77,
    "Plan Rows": 1,
    "Plan Width": 8,
    "Actual Startup Time": 2990.693,
    "Actual Total Time": 3045.285,
    "Actual Rows": 1,
    "Actual Loops": 1,
    "Plans": [
      {
        "Node Type": "Gather",
        "Parent Relationship": "Outer",
        "Parallel Aware": false,
        "Startup Cost": 417224.65,
        "Total Cost": 417224.76,
        "Plan Rows": 1,
        "Plan Width": 8,
        "Actual Startup Time": 2984.676,
        "Actual Total Time": 3045.273,
        "Actual Rows": 2,
        "Actual Loops": 1,
        "Workers Planned": 1,
        "Workers Launched": 1,
        "Single Copy": false,
        "Plans": [
          {
            "Node Type": "Aggregate",
            "Strategy": "Plain",
            "Partial Mode": "Partial",
            "Parent Relationship": "Outer",
            "Parallel Aware": false,
            "Startup Cost": 416224.65,
            "Total Cost": 416224.66,
            "Plan Rows": 1,
            "Plan Width": 8,
            "Actual Startup Time": 2978.685,
            "Actual Total Time": 2978.952,
            "Actual Rows": 1,
            "Actual Loops": 2,
            "Plans": [
              {
                "Node Type": "Hash Join",
                "Parent Relationship": "Outer",
                "Parallel Aware": true,
                "Join Type": "Inner",
                "Startup Cost": 106123.06,
                "Total Cost": 413596.28,
                "Plan Rows": 1051347,
                "Plan Width": 0,
                "Actual Startup Time": 684.092,
                "Actual Total Time": 2675.851,
                "Actual Rows": 7643394,
                "Actual Loops": 2,
                "Inner Unique": false,
                "Hash Cond": "(mi.movie_id = t.id)",
                "Plans": [
                  {
                    "Node Type": "Seq Scan",
                    "Parent Relationship": "Outer",
                    "Parallel Aware": true,
                    "Relation Name": "movie_info",
                    "Alias": "mi",
                    "Startup Cost": 0.0,
                    "Total Cost": 270696.42,
                    "Plan Rows": 8157974,
                    "Plan Width": 4,
                    "Actual Startup Time": 0.018,
                    "Actual Total Time": 784.72,
                    "Actual Rows": 6981748,
                    "Actual Loops": 2,
                    "Filter": "(info_type_id < 98)",
                    "Rows Removed by Filter": 436112
                  },
                  {
                    "Node Type": "Hash",
                    "Parent Relationship": "Inner",
                    "Parallel Aware": true,
                    "Startup Cost": 103727.24,
                    "Total Cost": 103727.24,
                    "Plan Rows": 191665,
                    "Plan Width": 8,
                    "Actual Startup Time": 677.404,
                    "Actual Total Time": 677.669,
                    "Actual Rows": 158976,
                    "Actual Loops": 2,
                    "Hash Buckets": 524288,
                    "Original Hash Buckets": 524288,
                    "Hash Batches": 1,
                    "Original Hash Batches": 1,
                    "Peak Memory Usage": 16544,
                    "Plans": [
                      {
                        "Node Type": "Hash Join",
                        "Parent Relationship": "Outer",
                        "Parallel Aware": true,
                        "Join Type": "Inner",
                        "Startup Cost": 76374.31,
                        "Total Cost": 103727.24,
                        "Plan Rows": 191665,
                        "Plan Width": 8,
                        "Actual Startup Time": 545.802,
                        "Actual Total Time": 644.652,
                        "Actual Rows": 158976,
                        "Actual Loops": 2,
                        "Inner Unique": true,
                        "Hash Cond": "(mk.movie_id = t.id)",
                        "Plans": [
                          {
                            "Node Type": "Bitmap Heap Scan",
                            "Parent Relationship": "Outer",
                            "Parallel Aware": true,
                            "Relation Name": "movie_keyword",
                            "Alias": "mk",
                            "Startup Cost": 6913.62,
                            "Total Cost": 33763.42,
                            "Plan Rows": 191665,
                            "Plan Width": 4,
                            "Actual Startup Time": 22.645,
                            "Actual Total Time": 74.27,
                            "Actual Rows": 158976,
                            "Actual Loops": 2,
                            "Recheck Cond": "(keyword_id > 51284)",
                            "Rows Removed by Index Recheck": 0,
                            "Exact Heap Blocks": 11478,
                            "Lossy Heap Blocks": 0,
                            "Plans": [
                              {
                                "Node Type": "Bitmap Index Scan",
                                "Parent Relationship": "Outer",
                                "Parallel Aware": false,
                                "Index Name": "keyword_id_movie_keyword",
                                "Startup Cost": 0.0,
                                "Total Cost": 6832.16,
                                "Plan Rows": 325830,
                                "Plan Width": 0,
                                "Actual Startup Time": 19.399,
                                "Actual Total Time": 19.4,
                                "Actual Rows": 317953,
                                "Actual Loops": 1,
                                "Index Cond": "(keyword_id > 51284)"
                              }
                            ]
                          },
                          {
                            "Node Type": "Hash",
                            "Parent Relationship": "Inner",
                            "Parallel Aware": true,
                            "Startup Cost": 50870.31,
                            "Total Cost": 50870.31,
                            "Plan Rows": 1487231,
                            "Plan Width": 4,
                            "Actual Startup Time": 505.785,
                            "Actual Total Time": 505.786,
                            "Actual Rows": 1264156,
                            "Actual Loops": 2,
                            "Hash Buckets": 4194304,
                            "Original Hash Buckets": 4194304,
                            "Hash Batches": 1,
                            "Original Hash Batches": 1,
                            "Peak Memory Usage": 131712,
                            "Plans": [
                              {
                                "Node Type": "Seq Scan",
                                "Parent Relationship": "Outer",
                                "Parallel Aware": true,
                                "Relation Name": "title",
                                "Alias": "t",
                                "Startup Cost": 0.0,
                                "Total Cost": 50870.31,
                                "Plan Rows": 1487231,
                                "Plan Width": 4,
                                "Actual Startup Time": 0.038,
                                "Actual Total Time": 155.745,
                                "Actual Rows": 1264156,
                                "Actual Loops": 2
                              }
                            ]
                          }
                        ]
                      }
                    ]
                  }
                ]
              }
            ]
          }
        ]
      }
    ]
  },
  "Planning Time": 0.96,
  "Triggers": [],
  "Execution Time": 3045.396
}