[
  {
    "Plan": {
      "Node Type": "Aggregate",
      "Strategy": "Plain",
      "Partial Mode": "Finalize",
      "Parallel Aware": false,
      "Startup Cost": 31644.76,
      "Total Cost": 31644.77,
      "Plan Rows": 1,
      "Plan Width": 8,
      "Actual Startup Time": 98.236,
      "Actual Total Time": 105.52,
      "Actual Rows": 1,
      "Actual Loops": 1,
      "Plans": [
        {
          "Node Type": "Gather",
          "Parent Relationship": "Outer",
          "Parallel Aware": false,
          "Startup Cost": 31644.44,
          "Total Cost": 31644.75,
          "Plan Rows": 3,
          "Plan Width": 8,
          "Actual Startup Time": 98.14,
          "Actual Total Time": 105.51,
          "Actual Rows": 4,
          "Actual Loops": 1,
          "Workers Planned": 3,
          "Workers Launched": 3,
          "Single Copy": false,
          "Plans": [
            {
              "Node Type": "Aggregate",
              "Strategy": "Plain",
              "Partial Mode": "Partial",
              "Parent Relationship": "Outer",
              "Parallel Aware": false,
              "Startup Cost": 30644.44,
              "Total Cost": 30644.45,
              "Plan Rows": 1,
              "Plan Width": 8,
              "Actual Startup Time": 91.793,
              "Actual Total Time": 91.794,
              "Actual Rows": 1,
              "Actual Loops": 4,
              "Plans": [
                {
                  "Node Type": "Seq Scan",
                  "Parent Relationship": "Outer",
                  "Parallel Aware": true,
                  "Relation Name": "movie_companies",
                  "Alias": "mc",
                  "Startup Cost": 0.0,
                  "Total Cost": 29310.68,
                  "Plan Rows": 533505,
                  "Plan Width": 0,
                  "Actual Startup Time": 0.054,
                  "Actual Total Time": 72.219,
                  "Actual Rows": 415548,
                  "Actual Loops": 4,
                  "Filter": "(company_id < 18716)",
                  "Rows Removed by Filter": 236734
                }
              ]
            }
          ]
        }
      ]
    },
    "Planning Time": 0.077,
    "Triggers": [],
    "Execution Time": 105.546
  }
]