[
  {
    "Plan": {
      "Node Type": "Aggregate",
      "Strategy": "Plain",
      "Partial Mode": "Finalize",
      "Parallel Aware": false,
      "Startup Cost": 356911.82,
      "Total Cost": 356911.83,
      "Plan Rows": 1,
      "Plan Width": 8,
      "Actual Startup Time": 719.152,
      "Actual Total Time": 734.492,
      "Actual Rows": 1,
      "Actual Loops": 1,
      "Plans": [
        {
          "Node Type": "Gather",
          "Parent Relationship": "Outer",
          "Parallel Aware": false,
          "Startup Cost": 356911.6,
          "Total Cost": 356911.81,
          "Plan Rows": 2,
          "Plan Width": 8,
          "Actual Startup Time": 711.748,
          "Actual Total Time": 734.484,
          "Actual Rows": 3,
          "Actual Loops": 1,
          "Workers Planned": 2,
          "Workers Launched": 2,
          "Single Copy": false,
          "Plans": [
            {
              "Node Type": "Aggregate",
              "Strategy": "Plain",
              "Partial Mode": "Partial",
              "Parent Relationship": "Outer",
              "Parallel Aware": false,
              "Startup Cost": 355911.6,
              "Total Cost": 355911.61,
              "Plan Rows": 1,
              "Plan Width": 8,
              "Actual Startup Time": 703.555,
              "Actual Total Time": 703.712,
              "Actual Rows": 1,
              "Actual Loops": 3,
              "Plans": [
                {
                  "Node Type": "Hash Join",
                  "Parent Relationship": "Outer",
                  "Parallel Aware": true,
                  "Join Type": "Inner",
                  "Startup Cost": 339352.9,
                  "Total Cost": 355481.25,
                  "Plan Rows": 172139,
                  "Plan Width": 0,
                  "Actual Startup Time": 601.841,
                  "Actual Total Time": 698.111,
                  "Actual Rows": 145601,
                  "Actual Loops": 3,
                  "Inner Unique": false,
                  "Hash Cond": "(mi_idx.movie_id = t.id)",
                  "Plans": [
                    {
                      "Node Type": "Seq Scan",
                      "Parent Relationship": "Outer",
                      "Parallel Aware": true,
                      "Relation Name": "movie_info_idx",
                      "Alias": "mi_idx",
                      "Startup Cost": 0.0,
                      "Total Cost": 13685.15,
                      "Plan Rows": 575015,
                      "Plan Width": 4,
                      "Actual Startup Time": 0.042,
                      "Actual Total Time": 33.985,
                      "Actual Rows": 460012,
                      "Actual Loops": 3
                    },
                    {
                      "Node Type": "Hash",
                      "Parent Relationship": "Inner",
                      "Parallel Aware": true,
                      "Startup Cost": 337776.06,
                      "Total Cost": 337776.06,
                      "Plan Rows": 126147,
                      "Plan Width": 8,
                      "Actual Startup Time": 595.423,
                      "Actual Total Time": 595.578,
                      "Actual Rows": 117554,
                      "Actual Loops": 3,
                      "Hash Buckets": 1048576,
                      "Original Hash Buckets": 1048576,
                      "Hash Batches": 1,
                      "Original Hash Batches": 1,
                      "Peak Memory Usage": 22048,
                      "Plans": [
                        {
                          "Node Type": "Hash Join",
                          "Parent Relationship": "Outer",
                          "Parallel Aware": true,
                          "Join Type": "Inner",
                          "Startup Cost": 81191.57,
                          "Total Cost": 337776.06,
                          "Plan Rows": 126147,
                          "Plan Width": 8,
                          "Actual Startup Time": 463.542,
                          "Actual Total Time": 556.087,
                          "Actual Rows": 117554,
                          "Actual Loops": 3,
                          "Inner Unique": true,
                          "Hash Cond": "(ci.movie_id = t.id)",
                          "Plans": [
                            {
                              "Node Type": "Bitmap Heap Scan",
                              "Parent Relationship": "Outer",
                              "Parallel Aware": true,
                              "Relation Name": "cast_info",
                              "Alias": "ci",
                              "Startup Cost": 30770.82,
                              "Total Cost": 286954.16,
                              "Plan Rows": 152821,
                              "Plan Width": 4,
                              "Actual Startup Time": 112.642,
                              "Actual Total Time": 141.596,
                              "Actual Rows": 134657,
                              "Actual Loops": 3,
                              "Recheck Cond": "(person_id < 144456)",
                              "Rows Removed by Index Recheck": 0,
                              "Filter": "(role_id > 1)",
                              "Rows Removed by Filter": 344211,
                              "Exact Heap Blocks": 4996,
                              "Lossy Heap Blocks": 0,
                              "Plans": [
                                {
                                  "Node Type": "Bitmap Index Scan",
                                  "Parent Relationship": "Outer",
                                  "Parallel Aware": false,
                                  "Index Name": "person_id_cast_info",
                                  "Startup Cost": 0.0,
                                  "Total Cost": 30541.58,
                                  "Plan Rows": 1398536,
                                  "Plan Width": 0,
                                  "Actual Startup Time": 59.113,
                                  "Actual Total Time": 59.113,
                                  "Actual Rows": 1436605,
                                  "Actual Loops": 1,
                                  "Index Cond": "(person_id < 144456)"
                                }
                              ]
                            },
                            {
                              "Node Type": "Hash",
                              "Parent Relationship": "Inner",
                              "Parallel Aware": true,
                              "Startup Cost": 43898.92,
                              "Total Cost": 43898.92,
                              "Plan Rows": 521747,
                              "Plan Width": 4,
                              "Actual Startup Time": 344.814,
                              "Actual Total Time": 344.815,
                              "Actual Rows": 691596,
                              "Actual Loops": 3,
                              "Hash Buckets": 2097152,
                              "Original Hash Buckets": 2097152,
                              "Hash Batches": 1,
                              "Original Hash Batches": 1,
                              "Peak Memory Usage": 97600,
                              "Plans": [
                                {
                                  "Node Type": "Seq Scan",
                                  "Parent Relationship": "Outer",
                                  "Parallel Aware": true,
                                  "Relation Name": "title",
                                  "Alias": "t",
                                  "Startup Cost": 0.0,
                                  "Total Cost": 43898.92,
                                  "Plan Rows": 521747,
                                  "Plan Width": 4,
                                  "Actual Startup Time": 0.037,
                                  "Actual Total Time": 132.175,
                                  "Actual Rows": 691596,
                                  "Actual Loops": 3,
                                  "Filter": "(production_year > 1970)",
                                  "Rows Removed by Filter": 151175
                                }
                              ]
                            }
                          ]
                        }
                      ]
                    }
                  ]
                }
              ]
            }
          ]
        }
      ]
    },
    "Planning Time": 1.254,
    "Triggers": [],
    "Execution Time": 734.591
  }
]