[
  {
    "Plan": {
      "Node Type": "Aggregate",
      "Strategy": "Plain",
      "Partial Mode": "Finalize",
      "Parallel Aware": false,
      "Startup Cost": 31035.56,
      "Total Cost": 31035.57,
      "Plan Rows": 1,
      "Plan Width": 8,
      "Actual Startup Time": 93.836,
      "Actual Total Time": 101.404,
      "Actual Rows": 1,
      "Actual Loops": 1,
      "Plans": [
        {
          "Node Type": "Gather",
          "Parent Relationship": "Outer",
          "Parallel Aware": false,
          "Startup Cost": 31035.24,
          "Total Cost": 31035.55,
          "Plan Rows": 3,
          "Plan Width": 8,
          "Actual Startup Time": 93.753,
          "Actual Total Time": 101.395,
          "Actual Rows": 4,
          "Actual Loops": 1,
          "Workers Planned": 3,
          "Workers Launched": 3,
          "Single Copy": false,
          "Plans": [
            {
              "Node Type": "Aggregate",
              "Strategy": "Plain",
              "Partial Mode": "Partial",
              "Parent Relationship": "Outer",
              "Parallel Aware": false,
              "Startup Cost": 30035.24,
              "Total Cost": 30035.25,
              "Plan Rows": 1,
              "Plan Width": 8,
              "Actual Startup Time": 88.743,
              "Actual Total Time": 88.744,
              "Actual Rows": 1,
              "Actual Loops": 4,
              "Plans": [
                {
                  "Node Type": "Seq Scan",
                  "Parent Relationship": "Outer",
                  "Parallel Aware": true,
                  "Relation Name": "movie_companies",
                  "Alias": "mc",
                  "Startup Cost": 0.0,
                  "Total Cost": 29310.68,
                  "Plan Rows": 289823,
                  "Plan Width": 0,
                  "Actual Startup Time": 0.031,
                  "Actual Total Time": 75.218,
                  "Actual Rows": 223242,
                  "Actual Loops": 4,
                  "Filter": "(company_id < 2805)",
                  "Rows Removed by Filter": 429041
                }
              ]
            }
          ]
        }
      ]
    },
    "Planning Time": 0.199,
    "Triggers": [],
    "Execution Time": 101.468
  }
]