[
  {
    "Plan": {
      "Node Type": "Aggregate",
      "Strategy": "Plain",
      "Partial Mode": "Finalize",
      "Parallel Aware": false,
      "Startup Cost": 247820.82,
      "Total Cost": 247820.83,
      "Plan Rows": 1,
      "Plan Width": 8,
      "Actual Startup Time": 1032.058,
      "Actual Total Time": 1080.941,
      "Actual Rows": 1,
      "Actual Loops": 1,
      "Plans": [
        {
          "Node Type": "Gather",
          "Parent Relationship": "Outer",
          "Parallel Aware": false,
          "Startup Cost": 247820.29,
          "Total Cost": 247820.8,
          "Plan Rows": 5,
          "Plan Width": 8,
          "Actual Startup Time": 1030.22,
          "Actual Total Time": 1080.909,
          "Actual Rows": 6,
          "Actual Loops": 1,
          "Workers Planned": 5,
          "Workers Launched": 5,
          "Single Copy": false,
          "Plans": [
            {
              "Node Type": "Aggregate",
              "Strategy": "Plain",
              "Partial Mode": "Partial",
              "Parent Relationship": "Outer",
              "Parallel Aware": false,
              "Startup Cost": 246820.29,
              "Total Cost": 246820.3,
              "Plan Rows": 1,
              "Plan Width": 8,
              "Actual Startup Time": 1019.761,
              "Actual Total Time": 1019.765,
              "Actual Rows": 1,
              "Actual Loops": 6,
              "Plans": [
                {
                  "Node Type": "Hash Join",
                  "Parent Relationship": "Outer",
                  "Parallel Aware": true,
                  "Join Type": "Inner",
                  "Startup Cost": 46522.42,
                  "Total Cost": 245844.19,
                  "Plan Rows": 390442,
                  "Plan Width": 0,
                  "Actual Startup Time": 137.072,
                  "Actual Total Time": 987.077,
                  "Actual Rows": 535398,
                  "Actual Loops": 6,
                  "Inner Unique": true,
                  "Hash Cond": "(mi.movie_id = t.id)",
                  "Plans": [
                    {
                      "Node Type": "Seq Scan",
                      "Parent Relationship": "Outer",
                      "Parallel Aware": true,
                      "Relation Name": "movie_info",
                      "Alias": "mi",
                      "Startup Cost": 0.0,
                      "Total Cost": 191560.33,
                      "Plan Rows": 2956733,
                      "Plan Width": 4,
                      "Actual Startup Time": 0.038,
                      "Actual Total Time": 395.546,
                      "Actual Rows": 2472620,
                      "Actual Loops": 6
                    },
                    {
                      "Node Type": "Hash",
                      "Parent Relationship": "Inner",
                      "Parallel Aware": true,
                      "Startup Cost": 45479.1,
                      "Total Cost": 45479.1,
                      "Plan Rows": 83466,
                      "Plan Width": 4,
                      "Actual Startup Time": 120.359,
                      "Actual Total Time": 120.36,
                      "Actual Rows": 42595,
                      "Actual Loops": 6,
                      "Hash Buckets": 524288,
                      "Original Hash Buckets": 524288,
                      "Hash Batches": 1,
                      "Original Hash Batches": 1,
                      "Peak Memory Usage": 14272,
                      "Plans": [
                        {
                          "Node Type": "Seq Scan",
                          "Parent Relationship": "Outer",
                          "Parallel Aware": true,
                          "Relation Name": "title",
                          "Alias": "t",
                          "Startup Cost": 0.0,
                          "Total Cost": 45479.1,
                          "Plan Rows": 83466,
                          "Plan Width": 4,
                          "Actual Startup Time": 50.055,
                          "Actual Total Time": 98.219,
                          "Actual Rows": 42595,
                          "Actual Loops": 6,
                          "Filter": "((production_year > 2002) AND (kind_id = 1))",
                          "Rows Removed by Filter": 378790
                        }
                      ]
                    }
                  ]
                }
              ]
            }
          ]
        }
      ]
    },
    "Planning Time": 0.72,
    "Triggers": [],
    "Execution Time": 1081.028
  }
]