[
    {
        "Bao": {
            "Bao prediction": 462.843,
            "Bao recommended hint": "(no hint)"
        }
    },
    {
        "Plan": {
            "Node Type": "Aggregate",
            "Strategy": "Plain",
            "Partial Mode": "Finalize",
            "Parallel Aware": false,
            "Startup Cost": 33288.51,
            "Total Cost": 33288.52,
            "Plan Rows": 1,
            "Plan Width": 8,
            "Actual Startup Time": 130.689,
            "Actual Total Time": 137.025,
            "Actual Rows": 1,
            "Actual Loops": 1,
            "Output": [
                "count(*)"
            ],
            "Plans": [
                {
                    "Node Type": "Gather",
                    "Parent Relationship": "Outer",
                    "Parallel Aware": false,
                    "Startup Cost": 33288.19,
                    "Total Cost": 33288.5,
                    "Plan Rows": 3,
                    "Plan Width": 8,
                    "Actual Startup Time": 130.595,
                    "Actual Total Time": 137.017,
                    "Actual Rows": 4,
                    "Actual Loops": 1,
                    "Output": [
                        "(PARTIAL count(*))"
                    ],
                    "Workers Planned": 3,
                    "Workers Launched": 3,
                    "Single Copy": false,
                    "Plans": [
                        {
                            "Node Type": "Aggregate",
                            "Strategy": "Plain",
                            "Partial Mode": "Partial",
                            "Parent Relationship": "Outer",
                            "Parallel Aware": false,
                            "Startup Cost": 32288.19,
                            "Total Cost": 32288.2,
                            "Plan Rows": 1,
                            "Plan Width": 8,
                            "Actual Startup Time": 122.429,
                            "Actual Total Time": 122.43,
                            "Actual Rows": 1,
                            "Actual Loops": 4,
                            "Output": [
                                "PARTIAL count(*)"
                            ],
                            "Workers": [
                                {
                                    "Worker Number": 0,
                                    "Actual Startup Time": 120.113,
                                    "Actual Total Time": 120.114,
                                    "Actual Rows": 1,
                                    "Actual Loops": 1
                                },
                                {
                                    "Worker Number": 1,
                                    "Actual Startup Time": 120.115,
                                    "Actual Total Time": 120.116,
                                    "Actual Rows": 1,
                                    "Actual Loops": 1
                                },
                                {
                                    "Worker Number": 2,
                                    "Actual Startup Time": 119.464,
                                    "Actual Total Time": 119.465,
                                    "Actual Rows": 1,
                                    "Actual Loops": 1
                                }
                            ],
                            "Plans": [
                                {
                                    "Node Type": "Seq Scan",
                                    "Parent Relationship": "Outer",
                                    "Parallel Aware": true,
                                    "Relation Name": "movie_companies",
                                    "Schema": "public",
                                    "Alias": "mc",
                                    "Startup Cost": 0.0,
                                    "Total Cost": 31414.82,
                                    "Plan Rows": 349348,
                                    "Plan Width": 0,
                                    "Actual Startup Time": 51.039,
                                    "Actual Total Time": 103.127,
                                    "Actual Rows": 302756,
                                    "Actual Loops": 4,
                                    "Output": [
                                        "id",
                                        "movie_id",
                                        "company_id",
                                        "company_type_id",
                                        "note"
                                    ],
                                    "Filter": "((mc.company_id > 420) AND (mc.company_type_id > 1))",
                                    "Rows Removed by Filter": 349526,
                                    "Workers": [
                                        {
                                            "Worker Number": 0,
                                            "Actual Startup Time": 48.719,
                                            "Actual Total Time": 101.042,
                                            "Actual Rows": 292009,
                                            "Actual Loops": 1
                                        },
                                        {
                                            "Worker Number": 1,
                                            "Actual Startup Time": 48.725,
                                            "Actual Total Time": 101.012,
                                            "Actual Rows": 292375,
                                            "Actual Loops": 1
                                        },
                                        {
                                            "Worker Number": 2,
                                            "Actual Startup Time": 48.081,
                                            "Actual Total Time": 100.744,
                                            "Actual Rows": 286715,
                                            "Actual Loops": 1
                                        }
                                    ]
                                }
                            ]
                        }
                    ]
                }
            ]
        },
        "Planning Time": 2073.855,
        "Triggers": [],
        "Execution Time": 137.112
    }
]