[
  {
    "Plan": {
      "Node Type": "Aggregate",
      "Strategy": "Plain",
      "Partial Mode": "Finalize",
      "Parallel Aware": false,
      "Startup Cost": 386417.62,
      "Total Cost": 386417.63,
      "Plan Rows": 1,
      "Plan Width": 8,
      "Actual Startup Time": 1216.917,
      "Actual Total Time": 1282.432,
      "Actual Rows": 1,
      "Actual Loops": 1,
      "Plans": [
        {
          "Node Type": "Gather",
          "Parent Relationship": "Outer",
          "Parallel Aware": false,
          "Startup Cost": 386416.99,
          "Total Cost": 386417.6,
          "Plan Rows": 6,
          "Plan Width": 8,
          "Actual Startup Time": 1215.799,
          "Actual Total Time": 1282.422,
          "Actual Rows": 7,
          "Actual Loops": 1,
          "Workers Planned": 6,
          "Workers Launched": 6,
          "Single Copy": false,
          "Plans": [
            {
              "Node Type": "Aggregate",
              "Strategy": "Plain",
              "Partial Mode": "Partial",
              "Parent Relationship": "Outer",
              "Parallel Aware": false,
              "Startup Cost": 385416.99,
              "Total Cost": 385417.0,
              "Plan Rows": 1,
              "Plan Width": 8,
              "Actual Startup Time": 1206.504,
              "Actual Total Time": 1206.507,
              "Actual Rows": 1,
              "Actual Loops": 7,
              "Plans": [
                {
                  "Node Type": "Hash Join",
                  "Parent Relationship": "Outer",
                  "Parallel Aware": true,
                  "Join Type": "Inner",
                  "Startup Cost": 46222.02,
                  "Total Cost": 384510.18,
                  "Plan Rows": 362725,
                  "Plan Width": 0,
                  "Actual Startup Time": 88.334,
                  "Actual Total Time": 1192.077,
                  "Actual Rows": 313873,
                  "Actual Loops": 7,
                  "Inner Unique": true,
                  "Hash Cond": "(ci.movie_id = t.id)",
                  "Plans": [
                    {
                      "Node Type": "Seq Scan",
                      "Parent Relationship": "Outer",
                      "Parallel Aware": true,
                      "Relation Name": "cast_info",
                      "Alias": "ci",
                      "Startup Cost": 0.0,
                      "Total Cost": 328162.03,
                      "Plan Rows": 3857566,
                      "Plan Width": 4,
                      "Actual Startup Time": 0.026,
                      "Actual Total Time": 579.442,
                      "Actual Rows": 3314294,
                      "Actual Loops": 7,
                      "Filter": "(person_id < 2372674)",
                      "Rows Removed by Filter": 1863470
                    },
                    {
                      "Node Type": "Hash",
                      "Parent Relationship": "Inner",
                      "Parallel Aware": true,
                      "Startup Cost": 45479.1,
                      "Total Cost": 45479.1,
                      "Plan Rows": 59434,
                      "Plan Width": 4,
                      "Actual Startup Time": 86.553,
                      "Actual Total Time": 86.554,
                      "Actual Rows": 36701,
                      "Actual Loops": 7,
                      "Hash Buckets": 262144,
                      "Original Hash Buckets": 262144,
                      "Hash Batches": 1,
                      "Original Hash Batches": 1,
                      "Peak Memory Usage": 12256,
                      "Plans": [
                        {
                          "Node Type": "Seq Scan",
                          "Parent Relationship": "Outer",
                          "Parallel Aware": true,
                          "Relation Name": "title",
                          "Alias": "t",
                          "Startup Cost": 0.0,
                          "Total Cost": 45479.1,
                          "Plan Rows": 59434,
                          "Plan Width": 4,
                          "Actual Startup Time": 0.043,
                          "Actual Total Time": 70.162,
                          "Actual Rows": 36701,
                          "Actual Loops": 7,
                          "Filter": "((production_year > 2010) AND (kind_id = 7))",
                          "Rows Removed by Filter": 324487
                        }
                      ]
                    }
                  ]
                }
              ]
            }
          ]
        }
      ]
    },
    "Planning Time": 0.395,
    "Triggers": [],
    "Execution Time": 1282.517
  }
]