[
  {
    "Plan": {
      "Node Type": "Aggregate",
      "Strategy": "Plain",
      "Partial Mode": "Finalize",
      "Parallel Aware": false,
      "Startup Cost": 86252.36,
      "Total Cost": 86252.37,
      "Plan Rows": 1,
      "Plan Width": 8,
      "Actual Startup Time": 124.735,
      "Actual Total Time": 142.281,
      "Actual Rows": 1,
      "Actual Loops": 1,
      "Plans": [
        {
          "Node Type": "Gather",
          "Parent Relationship": "Outer",
          "Parallel Aware": false,
          "Startup Cost": 86251.94,
          "Total Cost": 86252.35,
          "Plan Rows": 4,
          "Plan Width": 8,
          "Actual Startup Time": 124.548,
          "Actual Total Time": 142.265,
          "Actual Rows": 5,
          "Actual Loops": 1,
          "Workers Planned": 4,
          "Workers Launched": 4,
          "Single Copy": false,
          "Plans": [
            {
              "Node Type": "Aggregate",
              "Strategy": "Plain",
              "Partial Mode": "Partial",
              "Parent Relationship": "Outer",
              "Parallel Aware": false,
              "Startup Cost": 85251.94,
              "Total Cost": 85251.95,
              "Plan Rows": 1,
              "Plan Width": 8,
              "Actual Startup Time": 118.516,
              "Actual Total Time": 118.518,
              "Actual Rows": 1,
              "Actual Loops": 5,
              "Plans": [
                {
                  "Node Type": "Nested Loop",
                  "Parent Relationship": "Outer",
                  "Parallel Aware": false,
                  "Join Type": "Inner",
                  "Startup Cost": 0.43,
                  "Total Cost": 85244.33,
                  "Plan Rows": 3045,
                  "Plan Width": 0,
                  "Actual Startup Time": 1.748,
                  "Actual Total Time": 118.172,
                  "Actual Rows": 4722,
                  "Actual Loops": 5,
                  "Inner Unique": false,
                  "Plans": [
                    {
                      "Node Type": "Seq Scan",
                      "Parent Relationship": "Outer",
                      "Parallel Aware": true,
                      "Relation Name": "title",
                      "Alias": "t",
                      "Startup Cost": 0.0,
                      "Total Cost": 45479.59,
                      "Plan Rows": 5886,
                      "Plan Width": 4,
                      "Actual Startup Time": 0.115,
                      "Actual Total Time": 83.849,
                      "Actual Rows": 3442,
                      "Actual Loops": 5,
                      "Filter": "((kind_id < 4) AND (production_year = 2003))",
                      "Rows Removed by Filter": 502221
                    },
                    {
                      "Node Type": "Index Scan",
                      "Parent Relationship": "Inner",
                      "Parallel Aware": false,
                      "Scan Direction": "Forward",
                      "Index Name": "movie_id_movie_keyword",
                      "Relation Name": "movie_keyword",
                      "Alias": "mk",
                      "Startup Cost": 0.43,
                      "Total Cost": 6.63,
                      "Plan Rows": 13,
                      "Plan Width": 4,
                      "Actual Startup Time": 0.009,
                      "Actual Total Time": 0.009,
                      "Actual Rows": 1,
                      "Actual Loops": 17208,
                      "Index Cond": "(movie_id = t.id)",
                      "Rows Removed by Index Recheck": 0,
                      "Filter": "(keyword_id > 13396)",
                      "Rows Removed by Filter": 4
                    }
                  ]
                }
              ]
            }
          ]
        }
      ]
    },
    "Planning Time": 0.296,
    "Triggers": [],
    "Execution Time": 142.321
  }
]