[
  {
    "Plan": {
      "Node Type": "Aggregate",
      "Strategy": "Plain",
      "Partial Mode": "Finalize",
      "Parallel Aware": false,
      "Startup Cost": 91890.53,
      "Total Cost": 91890.54,
      "Plan Rows": 1,
      "Plan Width": 8,
      "Actual Startup Time": 730.996,
      "Actual Total Time": 750.401,
      "Actual Rows": 1,
      "Actual Loops": 1,
      "Plans": [
        {
          "Node Type": "Gather",
          "Parent Relationship": "Outer",
          "Parallel Aware": false,
          "Startup Cost": 91890.22,
          "Total Cost": 91890.53,
          "Plan Rows": 3,
          "Plan Width": 8,
          "Actual Startup Time": 719.143,
          "Actual Total Time": 750.389,
          "Actual Rows": 4,
          "Actual Loops": 1,
          "Workers Planned": 3,
          "Workers Launched": 3,
          "Single Copy": false,
          "Plans": [
            {
              "Node Type": "Aggregate",
              "Strategy": "Plain",
              "Partial Mode": "Partial",
              "Parent Relationship": "Outer",
              "Parallel Aware": false,
              "Startup Cost": 90890.22,
              "Total Cost": 90890.23,
              "Plan Rows": 1,
              "Plan Width": 8,
              "Actual Startup Time": 714.043,
              "Actual Total Time": 714.057,
              "Actual Rows": 1,
              "Actual Loops": 4,
              "Plans": [
                {
                  "Node Type": "Hash Join",
                  "Parent Relationship": "Outer",
                  "Parallel Aware": true,
                  "Join Type": "Inner",
                  "Startup Cost": 60186.06,
                  "Total Cost": 90741.15,
                  "Plan Rows": 59626,
                  "Plan Width": 0,
                  "Actual Startup Time": 506.053,
                  "Actual Total Time": 705.948,
                  "Actual Rows": 138957,
                  "Actual Loops": 4,
                  "Inner Unique": false,
                  "Hash Cond": "(mc.movie_id = t.id)",
                  "Plans": [
                    {
                      "Node Type": "Seq Scan",
                      "Parent Relationship": "Outer",
                      "Parallel Aware": true,
                      "Relation Name": "movie_companies",
                      "Alias": "mc",
                      "Startup Cost": 0.0,
                      "Total Cost": 27206.55,
                      "Plan Rows": 841655,
                      "Plan Width": 4,
                      "Actual Startup Time": 0.014,
                      "Actual Total Time": 73.726,
                      "Actual Rows": 652282,
                      "Actual Loops": 4
                    },
                    {
                      "Node Type": "Hash",
                      "Parent Relationship": "Inner",
                      "Parallel Aware": true,
                      "Startup Cost": 59463.78,
                      "Total Cost": 59463.78,
                      "Plan Rows": 57782,
                      "Plan Width": 8,
                      "Actual Startup Time": 503.665,
                      "Actual Total Time": 503.673,
                      "Actual Rows": 63267,
                      "Actual Loops": 4,
                      "Hash Buckets": 262144,
                      "Original Hash Buckets": 262144,
                      "Hash Batches": 1,
                      "Original Hash Batches": 1,
                      "Peak Memory Usage": 11968,
                      "Plans": [
                        {
                          "Node Type": "Hash Join",
                          "Parent Relationship": "Outer",
                          "Parallel Aware": true,
                          "Join Type": "Inner",
                          "Startup Cost": 50220.95,
                          "Total Cost": 59463.78,
                          "Plan Rows": 57782,
                          "Plan Width": 8,
                          "Actual Startup Time": 409.129,
                          "Actual Total Time": 478.335,
                          "Actual Rows": 63267,
                          "Actual Loops": 4,
                          "Inner Unique": true,
                          "Hash Cond": "(ci.movie_id = t.id)",
                          "Plans": [
                            {
                              "Node Type": "Index Scan",
                              "Parent Relationship": "Outer",
                              "Parallel Aware": true,
                              "Scan Direction": "Forward",
                              "Index Name": "role_id_cast_info",
                              "Relation Name": "cast_info",
                              "Alias": "ci",
                              "Startup Cost": 0.56,
                              "Total Cost": 9091.72,
                              "Plan Rows": 57782,
                              "Plan Width": 4,
                              "Actual Startup Time": 0.267,
                              "Actual Total Time": 23.433,
                              "Actual Rows": 63267,
                              "Actual Loops": 4,
                              "Index Cond": "(role_id > 10)",
                              "Rows Removed by Index Recheck": 0,
                              "Filter": "(person_id > 1564240)",
                              "Rows Removed by Filter": 15763
                            },
                            {
                              "Node Type": "Hash",
                              "Parent Relationship": "Inner",
                              "Parallel Aware": true,
                              "Startup Cost": 42319.06,
                              "Total Cost": 42319.06,
                              "Plan Rows": 632106,
                              "Plan Width": 4,
                              "Actual Startup Time": 398.835,
                              "Actual Total Time": 398.837,
                              "Actual Rows": 632078,
                              "Actual Loops": 4,
                              "Hash Buckets": 4194304,
                              "Original Hash Buckets": 4194304,
                              "Hash Batches": 1,
                              "Original Hash Batches": 1,
                              "Peak Memory Usage": 131744,
                              "Plans": [
                                {
                                  "Node Type": "Seq Scan",
                                  "Parent Relationship": "Outer",
                                  "Parallel Aware": true,
                                  "Relation Name": "title",
                                  "Alias": "t",
                                  "Startup Cost": 0.0,
                                  "Total Cost": 42319.06,
                                  "Plan Rows": 632106,
                                  "Plan Width": 4,
                                  "Actual Startup Time": 0.063,
                                  "Actual Total Time": 117.309,
                                  "Actual Rows": 632078,
                                  "Actual Loops": 4
                                }
                              ]
                            }
                          ]
                        }
                      ]
                    }
                  ]
                }
              ]
            }
          ]
        }
      ]
    },
    "Planning Time": 1.582,
    "Triggers": [],
    "Execution Time": 750.499
  }
]