{
    "Plan": {
        "Node Type": "Aggregate",
        "Strategy": "Plain",
        "Partial Mode": "Simple",
        "Parallel Aware": false,
        "Startup Cost": 50003815854.92,
        "Total Cost": 50003815854.93,
        "Plan Rows": 1,
        "Plan Width": 96,
        "Actual Startup Time": 10736.16,
        "Actual Total Time": 10736.183,
        "Actual Rows": 1,
        "Actual Loops": 1,
        "Output": [
            "min(chn.name)",
            "min(n.name)",
            "min(t.title)"
        ],
        "Plans": [
            {
                "Node Type": "Nested Loop",
                "Parent Relationship": "Outer",
                "Parallel Aware": false,
                "Join Type": "Inner",
                "Startup Cost": 50003811345.07,
                "Total Cost": 50003815854.92,
                "Plan Rows": 1,
                "Plan Width": 48,
                "Actual Startup Time": 10736.122,
                "Actual Total Time": 10736.169,
                "Actual Rows": 5,
                "Actual Loops": 1,
                "Output": [
                    "chn.name",
                    "n.name",
                    "t.title"
                ],
                "Inner Unique": true,
                "Plans": [
                    {
                        "Node Type": "Merge Join",
                        "Parent Relationship": "Outer",
                        "Parallel Aware": false,
                        "Join Type": "Inner",
                        "Startup Cost": 40003811344.58,
                        "Total Cost": 40003815850.41,
                        "Plan Rows": 1,
                        "Plan Width": 36,
                        "Actual Startup Time": 10736.071,
                        "Actual Total Time": 10736.097,
                        "Actual Rows": 5,
                        "Actual Loops": 1,
                        "Output": [
                            "ci.person_role_id",
                            "n.name",
                            "t.title"
                        ],
                        "Inner Unique": false,
                        "Merge Cond": "(an.person_id = n.id)",
                        "Plans": [
                            {
                                "Node Type": "Sort",
                                "Parent Relationship": "Outer",
                                "Parallel Aware": false,
                                "Startup Cost": 109559.99,
                                "Total Cost": 111813.35,
                                "Plan Rows": 901343,
                                "Plan Width": 4,
                                "Actual Startup Time": 415.386,
                                "Actual Total Time": 438.667,
                                "Actual Rows": 469059,
                                "Actual Loops": 1,
                                "Output": [
                                    "an.person_id"
                                ],
                                "Sort Key": [
                                    "an.person_id"
                                ],
                                "Sort Method": "quicksort",
                                "Sort Space Used": 66827,
                                "Sort Space Type": "Memory",
                                "Plans": [
                                    {
                                        "Node Type": "Seq Scan",
                                        "Parent Relationship": "Outer",
                                        "Parallel Aware": false,
                                        "Relation Name": "aka_name",
                                        "Schema": "public",
                                        "Alias": "an",
                                        "Startup Cost": 0.0,
                                        "Total Cost": 20409.43,
                                        "Plan Rows": 901343,
                                        "Plan Width": 4,
                                        "Actual Startup Time": 0.012,
                                        "Actual Total Time": 129.457,
                                        "Actual Rows": 901343,
                                        "Actual Loops": 1,
                                        "Output": [
                                            "an.person_id"
                                        ]
                                    }
                                ]
                            },
                            {
                                "Node Type": "Sort",
                                "Parent Relationship": "Inner",
                                "Parallel Aware": false,
                                "Startup Cost": 40003701784.14,
                                "Total Cost": 40003701784.14,
                                "Plan Rows": 1,
                                "Plan Width": 44,
                                "Actual Startup Time": 10273.768,
                                "Actual Total Time": 10273.789,
                                "Actual Rows": 1,
                                "Actual Loops": 1,
                                "Output": [
                                    "ci.person_id",
                                    "ci.person_role_id",
                                    "n.name",
                                    "n.id",
                                    "t.title"
                                ],
                                "Sort Key": [
                                    "ci.person_id"
                                ],
                                "Sort Method": "quicksort",
                                "Sort Space Used": 25,
                                "Sort Space Type": "Memory",
                                "Plans": [
                                    {
                                        "Node Type": "Merge Join",
                                        "Parent Relationship": "Outer",
                                        "Parallel Aware": false,
                                        "Join Type": "Inner",
                                        "Startup Cost": 40003701784.09,
                                        "Total Cost": 40003701784.13,
                                        "Plan Rows": 1,
                                        "Plan Width": 44,
                                        "Actual Startup Time": 10273.75,
                                        "Actual Total Time": 10273.771,
                                        "Actual Rows": 1,
                                        "Actual Loops": 1,
                                        "Output": [
                                            "ci.person_id",
                                            "ci.person_role_id",
                                            "n.name",
                                            "n.id",
                                            "t.title"
                                        ],
                                        "Inner Unique": false,
                                        "Merge Cond": "(k.id = mk.keyword_id)",
                                        "Plans": [
                                            {
                                                "Node Type": "Sort",
                                                "Parent Relationship": "Outer",
                                                "Parallel Aware": false,
                                                "Startup Cost": 10000002961.59,
                                                "Total Cost": 10000002961.6,
                                                "Plan Rows": 4,
                                                "Plan Width": 4,
                                                "Actual Startup Time": 22.03,
                                                "Actual Total Time": 22.033,
                                                "Actual Rows": 3,
                                                "Actual Loops": 1,
                                                "Output": [
                                                    "k.id"
                                                ],
                                                "Sort Key": [
                                                    "k.id"
                                                ],
                                                "Sort Method": "quicksort",
                                                "Sort Space Used": 25,
                                                "Sort Space Type": "Memory",
                                                "Plans": [
                                                    {
                                                        "Node Type": "Seq Scan",
                                                        "Parent Relationship": "Outer",
                                                        "Parallel Aware": false,
                                                        "Relation Name": "keyword",
                                                        "Schema": "public",
                                                        "Alias": "k",
                                                        "Startup Cost": 10000000000.0,
                                                        "Total Cost": 10000002961.55,
                                                        "Plan Rows": 4,
                                                        "Plan Width": 4,
                                                        "Actual Startup Time": 0.102,
                                                        "Actual Total Time": 22.023,
                                                        "Actual Rows": 3,
                                                        "Actual Loops": 1,
                                                        "Output": [
                                                            "k.id"
                                                        ],
                                                        "Filter": "(k.keyword = ANY ('{based-on-comic,based-on-comic,fight,celebration}'::text[]))",
                                                        "Rows Removed by Filter": 134167
                                                    }
                                                ]
                                            },
                                            {
                                                "Node Type": "Sort",
                                                "Parent Relationship": "Inner",
                                                "Parallel Aware": false,
                                                "Startup Cost": 30003698822.5,
                                                "Total Cost": 30003698822.51,
                                                "Plan Rows": 1,
                                                "Plan Width": 48,
                                                "Actual Startup Time": 10251.706,
                                                "Actual Total Time": 10251.726,
                                                "Actual Rows": 11,
                                                "Actual Loops": 1,
                                                "Output": [
                                                    "ci.person_id",
                                                    "ci.person_role_id",
                                                    "mk.keyword_id",
                                                    "n.name",
                                                    "n.id",
                                                    "t.title"
                                                ],
                                                "Sort Key": [
                                                    "mk.keyword_id"
                                                ],
                                                "Sort Method": "quicksort",
                                                "Sort Space Used": 29,
                                                "Sort Space Type": "Memory",
                                                "Plans": [
                                                    {
                                                        "Node Type": "Hash Join",
                                                        "Parent Relationship": "Outer",
                                                        "Parallel Aware": false,
                                                        "Join Type": "Inner",
                                                        "Startup Cost": 30003692302.52,
                                                        "Total Cost": 30003698822.49,
                                                        "Plan Rows": 1,
                                                        "Plan Width": 48,
                                                        "Actual Startup Time": 10232.581,
                                                        "Actual Total Time": 10251.702,
                                                        "Actual Rows": 35,
                                                        "Actual Loops": 1,
                                                        "Output": [
                                                            "ci.person_id",
                                                            "ci.person_role_id",
                                                            "mk.keyword_id",
                                                            "n.name",
                                                            "n.id",
                                                            "t.title"
                                                        ],
                                                        "Inner Unique": false,
                                                        "Hash Cond": "(cn.id = mc.company_id)",
                                                        "Plans": [
                                                            {
                                                                "Node Type": "Seq Scan",
                                                                "Parent Relationship": "Outer",
                                                                "Parallel Aware": false,
                                                                "Relation Name": "company_name",
                                                                "Schema": "public",
                                                                "Alias": "cn",
                                                                "Startup Cost": 0.0,
                                                                "Total Cost": 6519.95,
                                                                "Plan Rows": 1,
                                                                "Plan Width": 4,
                                                                "Actual Startup Time": 5.131,
                                                                "Actual Total Time": 24.229,
                                                                "Actual Rows": 1,
                                                                "Actual Loops": 1,
                                                                "Output": [
                                                                    "cn.id",
                                                                    "cn.name",
                                                                    "cn.country_code",
                                                                    "cn.imdb_id",
                                                                    "cn.name_pcode_nf",
                                                                    "cn.name_pcode_sf",
                                                                    "cn.md5sum"
                                                                ],
                                                                "Filter": "(((cn.country_code)::text = '[us]'::text) AND (cn.name = 'NBC Universal Television'::text))",
                                                                "Rows Removed by Filter": 234996
                                                            },
                                                            {
                                                                "Node Type": "Hash",
                                                                "Parent Relationship": "Inner",
                                                                "Parallel Aware": false,
                                                                "Startup Cost": 30003692302.51,
                                                                "Total Cost": 30003692302.51,
                                                                "Plan Rows": 1,
                                                                "Plan Width": 52,
                                                                "Actual Startup Time": 10227.434,
                                                                "Actual Total Time": 10227.45,
                                                                "Actual Rows": 3430,
                                                                "Actual Loops": 1,
                                                                "Output": [
                                                                    "ci.person_id",
                                                                    "ci.person_role_id",
                                                                    "mc.company_id",
                                                                    "mk.keyword_id",
                                                                    "n.name",
                                                                    "n.id",
                                                                    "t.title"
                                                                ],
                                                                "Hash Buckets": 4096,
                                                                "Original Hash Buckets": 1024,
                                                                "Hash Batches": 1,
                                                                "Original Hash Batches": 1,
                                                                "Peak Memory Usage": 315,
                                                                "Plans": [
                                                                    {
                                                                        "Node Type": "Hash Join",
                                                                        "Parent Relationship": "Outer",
                                                                        "Parallel Aware": false,
                                                                        "Join Type": "Inner",
                                                                        "Startup Cost": 30003692300.08,
                                                                        "Total Cost": 30003692302.51,
                                                                        "Plan Rows": 1,
                                                                        "Plan Width": 52,
                                                                        "Actual Startup Time": 10226.433,
                                                                        "Actual Total Time": 10226.818,
                                                                        "Actual Rows": 3430,
                                                                        "Actual Loops": 1,
                                                                        "Output": [
                                                                            "ci.person_id",
                                                                            "ci.person_role_id",
                                                                            "mc.company_id",
                                                                            "mk.keyword_id",
                                                                            "n.name",
                                                                            "n.id",
                                                                            "t.title"
                                                                        ],
                                                                        "Inner Unique": false,
                                                                        "Hash Cond": "(it.id = mi.info_type_id)",
                                                                        "Plans": [
                                                                            {
                                                                                "Node Type": "Seq Scan",
                                                                                "Parent Relationship": "Outer",
                                                                                "Parallel Aware": false,
                                                                                "Relation Name": "info_type",
                                                                                "Schema": "public",
                                                                                "Alias": "it",
                                                                                "Startup Cost": 0.0,
                                                                                "Total Cost": 2.41,
                                                                                "Plan Rows": 1,
                                                                                "Plan Width": 4,
                                                                                "Actual Startup Time": 0.016,
                                                                                "Actual Total Time": 0.025,
                                                                                "Actual Rows": 1,
                                                                                "Actual Loops": 1,
                                                                                "Output": [
                                                                                    "it.id",
                                                                                    "it.info"
                                                                                ],
                                                                                "Filter": "((it.info)::text = 'release dates'::text)",
                                                                                "Rows Removed by Filter": 112
                                                                            },
                                                                            {
                                                                                "Node Type": "Hash",
                                                                                "Parent Relationship": "Inner",
                                                                                "Parallel Aware": false,
                                                                                "Startup Cost": 30003692300.07,
                                                                                "Total Cost": 30003692300.07,
                                                                                "Plan Rows": 1,
                                                                                "Plan Width": 56,
                                                                                "Actual Startup Time": 10226.405,
                                                                                "Actual Total Time": 10226.42,
                                                                                "Actual Rows": 3430,
                                                                                "Actual Loops": 1,
                                                                                "Output": [
                                                                                    "ci.person_id",
                                                                                    "ci.person_role_id",
                                                                                    "mc.company_id",
                                                                                    "mi.info_type_id",
                                                                                    "mk.keyword_id",
                                                                                    "n.name",
                                                                                    "n.id",
                                                                                    "t.title"
                                                                                ],
                                                                                "Hash Buckets": 4096,
                                                                                "Original Hash Buckets": 1024,
                                                                                "Hash Batches": 1,
                                                                                "Original Hash Batches": 1,
                                                                                "Peak Memory Usage": 328,
                                                                                "Plans": [
                                                                                    {
                                                                                        "Node Type": "Merge Join",
                                                                                        "Parent Relationship": "Outer",
                                                                                        "Parallel Aware": false,
                                                                                        "Join Type": "Inner",
                                                                                        "Startup Cost": 30003498850.17,
                                                                                        "Total Cost": 30003692300.07,
                                                                                        "Plan Rows": 1,
                                                                                        "Plan Width": 56,
                                                                                        "Actual Startup Time": 10038.81,
                                                                                        "Actual Total Time": 10225.758,
                                                                                        "Actual Rows": 3430,
                                                                                        "Actual Loops": 1,
                                                                                        "Output": [
                                                                                            "ci.person_id",
                                                                                            "ci.person_role_id",
                                                                                            "mc.company_id",
                                                                                            "mi.info_type_id",
                                                                                            "mk.keyword_id",
                                                                                            "n.name",
                                                                                            "n.id",
                                                                                            "t.title"
                                                                                        ],
                                                                                        "Inner Unique": false,
                                                                                        "Merge Cond": "(n.id = ci.person_id)",
                                                                                        "Plans": [
                                                                                            {
                                                                                                "Node Type": "Index Scan",
                                                                                                "Parent Relationship": "Outer",
                                                                                                "Parallel Aware": false,
                                                                                                "Scan Direction": "Forward",
                                                                                                "Index Name": "name_pkey",
                                                                                                "Relation Name": "name",
                                                                                                "Schema": "public",
                                                                                                "Alias": "n",
                                                                                                "Startup Cost": 0.43,
                                                                                                "Total Cost": 199011.55,
                                                                                                "Plan Rows": 37808,
                                                                                                "Plan Width": 19,
                                                                                                "Actual Startup Time": 846.712,
                                                                                                "Actual Total Time": 1175.911,
                                                                                                "Actual Rows": 49498,
                                                                                                "Actual Loops": 1,
                                                                                                "Output": [
                                                                                                    "n.id",
                                                                                                    "n.name",
                                                                                                    "n.imdb_index",
                                                                                                    "n.imdb_id",
                                                                                                    "n.gender",
                                                                                                    "n.name_pcode_cf",
                                                                                                    "n.name_pcode_nf",
                                                                                                    "n.surname_pcode",
                                                                                                    "n.md5sum"
                                                                                                ],
                                                                                                "Filter": "((n.name ~~ '%An%'::text) AND ((n.gender)::text = 'f'::text))",
                                                                                                "Rows Removed by Filter": 2637564
                                                                                            },
                                                                                            {
                                                                                                "Node Type": "Sort",
                                                                                                "Parent Relationship": "Inner",
                                                                                                "Parallel Aware": false,
                                                                                                "Startup Cost": 30003498849.74,
                                                                                                "Total Cost": 30003498849.83,
                                                                                                "Plan Rows": 36,
                                                                                                "Plan Width": 37,
                                                                                                "Actual Startup Time": 9044.694,
                                                                                                "Actual Total Time": 9045.695,
                                                                                                "Actual Rows": 27015,
                                                                                                "Actual Loops": 1,
                                                                                                "Output": [
                                                                                                    "ci.person_id",
                                                                                                    "ci.person_role_id",
                                                                                                    "mc.company_id",
                                                                                                    "mi.info_type_id",
                                                                                                    "mk.keyword_id",
                                                                                                    "t.title"
                                                                                                ],
                                                                                                "Sort Key": [
                                                                                                    "ci.person_id"
                                                                                                ],
                                                                                                "Sort Method": "quicksort",
                                                                                                "Sort Space Used": 2885,
                                                                                                "Sort Space Type": "Memory",
                                                                                                "Plans": [
                                                                                                    {
                                                                                                        "Node Type": "Merge Join",
                                                                                                        "Parent Relationship": "Outer",
                                                                                                        "Parallel Aware": false,
                                                                                                        "Join Type": "Inner",
                                                                                                        "Startup Cost": 30003498834.07,
                                                                                                        "Total Cost": 30003498848.81,
                                                                                                        "Plan Rows": 36,
                                                                                                        "Plan Width": 37,
                                                                                                        "Actual Startup Time": 9036.298,
                                                                                                        "Actual Total Time": 9040.51,
                                                                                                        "Actual Rows": 27015,
                                                                                                        "Actual Loops": 1,
                                                                                                        "Output": [
                                                                                                            "ci.person_id",
                                                                                                            "ci.person_role_id",
                                                                                                            "mc.company_id",
                                                                                                            "mi.info_type_id",
                                                                                                            "mk.keyword_id",
                                                                                                            "t.title"
                                                                                                        ],
                                                                                                        "Inner Unique": true,
                                                                                                        "Merge Cond": "(ci.role_id = rt.id)",
                                                                                                        "Plans": [
                                                                                                            {
                                                                                                                "Node Type": "Sort",
                                                                                                                "Parent Relationship": "Outer",
                                                                                                                "Parallel Aware": false,
                                                                                                                "Startup Cost": 30003498833.93,
                                                                                                                "Total Cost": 30003498835.02,
                                                                                                                "Plan Rows": 435,
                                                                                                                "Plan Width": 41,
                                                                                                                "Actual Startup Time": 9029.183,
                                                                                                                "Actual Total Time": 9032.984,
                                                                                                                "Actual Rows": 114400,
                                                                                                                "Actual Loops": 1,
                                                                                                                "Output": [
                                                                                                                    "ci.person_id",
                                                                                                                    "ci.role_id",
                                                                                                                    "ci.person_role_id",
                                                                                                                    "mc.company_id",
                                                                                                                    "mi.info_type_id",
                                                                                                                    "mk.keyword_id",
                                                                                                                    "t.title"
                                                                                                                ],
                                                                                                                "Sort Key": [
                                                                                                                    "ci.role_id"
                                                                                                                ],
                                                                                                                "Sort Method": "quicksort",
                                                                                                                "Sort Space Used": 12026,
                                                                                                                "Sort Space Type": "Memory",
                                                                                                                "Plans": [
                                                                                                                    {
                                                                                                                        "Node Type": "Merge Join",
                                                                                                                        "Parent Relationship": "Outer",
                                                                                                                        "Parallel Aware": false,
                                                                                                                        "Join Type": "Inner",
                                                                                                                        "Startup Cost": 30003494605.91,
                                                                                                                        "Total Cost": 30003498814.87,
                                                                                                                        "Plan Rows": 435,
                                                                                                                        "Plan Width": 41,
                                                                                                                        "Actual Startup Time": 8987.569,
                                                                                                                        "Actual Total Time": 9005.419,
                                                                                                                        "Actual Rows": 114400,
                                                                                                                        "Actual Loops": 1,
                                                                                                                        "Output": [
                                                                                                                            "ci.person_id",
                                                                                                                            "ci.role_id",
                                                                                                                            "ci.person_role_id",
                                                                                                                            "mc.company_id",
                                                                                                                            "mi.info_type_id",
                                                                                                                            "mk.keyword_id",
                                                                                                                            "t.title"
                                                                                                                        ],
                                                                                                                        "Inner Unique": false,
                                                                                                                        "Merge Cond": "(ci.movie_id = t.id)",
                                                                                                                        "Plans": [
                                                                                                                            {
                                                                                                                                "Node Type": "Sort",
                                                                                                                                "Parent Relationship": "Outer",
                                                                                                                                "Parallel Aware": false,
                                                                                                                                "Startup Cost": 10000879247.14,
                                                                                                                                "Total Cost": 10000881349.8,
                                                                                                                                "Plan Rows": 841064,
                                                                                                                                "Plan Width": 16,
                                                                                                                                "Actual Startup Time": 3428.136,
                                                                                                                                "Actual Total Time": 3489.43,
                                                                                                                                "Actual Rows": 753571,
                                                                                                                                "Actual Loops": 1,
                                                                                                                                "Output": [
                                                                                                                                    "ci.movie_id",
                                                                                                                                    "ci.person_id",
                                                                                                                                    "ci.role_id",
                                                                                                                                    "ci.person_role_id"
                                                                                                                                ],
                                                                                                                                "Sort Key": [
                                                                                                                                    "ci.movie_id"
                                                                                                                                ],
                                                                                                                                "Sort Method": "quicksort",
                                                                                                                                "Sort Space Used": 65239,
                                                                                                                                "Sort Space Type": "Memory",
                                                                                                                                "Plans": [
                                                                                                                                    {
                                                                                                                                        "Node Type": "Seq Scan",
                                                                                                                                        "Parent Relationship": "Outer",
                                                                                                                                        "Parallel Aware": false,
                                                                                                                                        "Relation Name": "cast_info",
                                                                                                                                        "Schema": "public",
                                                                                                                                        "Alias": "ci",
                                                                                                                                        "Startup Cost": 10000000000.0,
                                                                                                                                        "Total Cost": 10000796478.64,
                                                                                                                                        "Plan Rows": 841064,
                                                                                                                                        "Plan Width": 16,
                                                                                                                                        "Actual Startup Time": 0.024,
                                                                                                                                        "Actual Total Time": 3248.581,
                                                                                                                                        "Actual Rows": 867477,
                                                                                                                                        "Actual Loops": 1,
                                                                                                                                        "Output": [
                                                                                                                                            "ci.movie_id",
                                                                                                                                            "ci.person_id",
                                                                                                                                            "ci.role_id",
                                                                                                                                            "ci.person_role_id"
                                                                                                                                        ],
                                                                                                                                        "Filter": "(ci.note = ANY ('{(voice),\"(voice: Japanese version)\",\"(voice) (uncredited)\",\"(voice: English version)\"}'::text[]))",
                                                                                                                                        "Rows Removed by Filter": 35376867
                                                                                                                                    }
                                                                                                                                ]
                                                                                                                            },
                                                                                                                            {
                                                                                                                                "Node Type": "Sort",
                                                                                                                                "Parent Relationship": "Inner",
                                                                                                                                "Parallel Aware": false,
                                                                                                                                "Startup Cost": 20002615358.34,
                                                                                                                                "Total Cost": 20002615359.56,
                                                                                                                                "Plan Rows": 488,
                                                                                                                                "Plan Width": 45,
                                                                                                                                "Actual Startup Time": 5448.483,
                                                                                                                                "Actual Total Time": 5452.499,
                                                                                                                                "Actual Rows": 114384,
                                                                                                                                "Actual Loops": 1,
                                                                                                                                "Output": [
                                                                                                                                    "mc.movie_id",
                                                                                                                                    "mc.company_id",
                                                                                                                                    "mi.movie_id",
                                                                                                                                    "mi.info_type_id",
                                                                                                                                    "mk.movie_id",
                                                                                                                                    "mk.keyword_id",
                                                                                                                                    "t.title",
                                                                                                                                    "t.id"
                                                                                                                                ],
                                                                                                                                "Sort Key": [
                                                                                                                                    "mc.movie_id"
                                                                                                                                ],
                                                                                                                                "Sort Method": "quicksort",
                                                                                                                                "Sort Space Used": 371,
                                                                                                                                "Sort Space Type": "Memory",
                                                                                                                                "Plans": [
                                                                                                                                    {
                                                                                                                                        "Node Type": "Hash Join",
                                                                                                                                        "Parent Relationship": "Outer",
                                                                                                                                        "Parallel Aware": false,
                                                                                                                                        "Join Type": "Inner",
                                                                                                                                        "Startup Cost": 20000126244.01,
                                                                                                                                        "Total Cost": 20002615336.55,
                                                                                                                                        "Plan Rows": 488,
                                                                                                                                        "Plan Width": 45,
                                                                                                                                        "Actual Startup Time": 4440.162,
                                                                                                                                        "Actual Total Time": 5447.657,
                                                                                                                                        "Actual Rows": 3445,
                                                                                                                                        "Actual Loops": 1,
                                                                                                                                        "Output": [
                                                                                                                                            "mc.movie_id",
                                                                                                                                            "mc.company_id",
                                                                                                                                            "mi.movie_id",
                                                                                                                                            "mi.info_type_id",
                                                                                                                                            "mk.movie_id",
                                                                                                                                            "mk.keyword_id",
                                                                                                                                            "t.title",
                                                                                                                                            "t.id"
                                                                                                                                        ],
                                                                                                                                        "Inner Unique": false,
                                                                                                                                        "Hash Cond": "(t.id = mk.movie_id)",
                                                                                                                                        "Plans": [
                                                                                                                                            {
                                                                                                                                                "Node Type": "Nested Loop",
                                                                                                                                                "Parent Relationship": "Outer",
                                                                                                                                                "Parallel Aware": false,
                                                                                                                                                "Join Type": "Inner",
                                                                                                                                                "Startup Cost": 20000000001.58,
                                                                                                                                                "Total Cost": 20002489031.49,
                                                                                                                                                "Plan Rows": 41,
                                                                                                                                                "Plan Width": 37,
                                                                                                                                                "Actual Startup Time": 3402.046,
                                                                                                                                                "Actual Total Time": 4409.197,
                                                                                                                                                "Actual Rows": 84,
                                                                                                                                                "Actual Loops": 1,
                                                                                                                                                "Output": [
                                                                                                                                                    "mc.movie_id",
                                                                                                                                                    "mc.company_id",
                                                                                                                                                    "mi.movie_id",
                                                                                                                                                    "mi.info_type_id",
                                                                                                                                                    "t.title",
                                                                                                                                                    "t.id"
                                                                                                                                                ],
                                                                                                                                                "Inner Unique": false,
                                                                                                                                                "Join Filter": "(t.id = mc.movie_id)",
                                                                                                                                                "Rows Removed by Join Filter": 0,
                                                                                                                                                "Plans": [
                                                                                                                                                    {
                                                                                                                                                        "Node Type": "Nested Loop",
                                                                                                                                                        "Parent Relationship": "Outer",
                                                                                                                                                        "Parallel Aware": false,
                                                                                                                                                        "Join Type": "Inner",
                                                                                                                                                        "Startup Cost": 10000000000.99,
                                                                                                                                                        "Total Cost": 10002488993.74,
                                                                                                                                                        "Plan Rows": 8,
                                                                                                                                                        "Plan Width": 29,
                                                                                                                                                        "Actual Startup Time": 2134.285,
                                                                                                                                                        "Actual Total Time": 4409.046,
                                                                                                                                                        "Actual Rows": 10,
                                                                                                                                                        "Actual Loops": 1,
                                                                                                                                                        "Output": [
                                                                                                                                                            "mi.movie_id",
                                                                                                                                                            "mi.info_type_id",
                                                                                                                                                            "t.title",
                                                                                                                                                            "t.id"
                                                                                                                                                        ],
                                                                                                                                                        "Inner Unique": true,
                                                                                                                                                        "Plans": [
                                                                                                                                                            {
                                                                                                                                                                "Node Type": "Index Scan",
                                                                                                                                                                "Parent Relationship": "Outer",
                                                                                                                                                                "Parallel Aware": false,
                                                                                                                                                                "Scan Direction": "Forward",
                                                                                                                                                                "Index Name": "info_type_id_movie_info",
                                                                                                                                                                "Relation Name": "movie_info",
                                                                                                                                                                "Schema": "public",
                                                                                                                                                                "Alias": "mi",
                                                                                                                                                                "Startup Cost": 0.43,
                                                                                                                                                                "Total Cost": 1087206.91,
                                                                                                                                                                "Plan Rows": 306554,
                                                                                                                                                                "Plan Width": 8,
                                                                                                                                                                "Actual Startup Time": 40.87,
                                                                                                                                                                "Actual Total Time": 2855.29,
                                                                                                                                                                "Actual Rows": 301247,
                                                                                                                                                                "Actual Loops": 1,
                                                                                                                                                                "Output": [
                                                                                                                                                                    "mi.id",
                                                                                                                                                                    "mi.movie_id",
                                                                                                                                                                    "mi.info_type_id",
                                                                                                                                                                    "mi.info",
                                                                                                                                                                    "mi.note"
                                                                                                                                                                ],
                                                                                                                                                                "Filter": "((mi.info IS NOT NULL) AND ((mi.info ~~ 'Japan:%201%'::text) OR (mi.info ~~ 'USA:%201%'::text)))",
                                                                                                                                                                "Rows Removed by Filter": 14534473
                                                                                                                                                            },
                                                                                                                                                            {
                                                                                                                                                                "Node Type": "Bitmap Heap Scan",
                                                                                                                                                                "Parent Relationship": "Inner",
                                                                                                                                                                "Parallel Aware": false,
                                                                                                                                                                "Relation Name": "title",
                                                                                                                                                                "Schema": "public",
                                                                                                                                                                "Alias": "t",
                                                                                                                                                                "Startup Cost": 0.56,
                                                                                                                                                                "Total Cost": 4.57,
                                                                                                                                                                "Plan Rows": 1,
                                                                                                                                                                "Plan Width": 21,
                                                                                                                                                                "Actual Startup Time": 0.004,
                                                                                                                                                                "Actual Total Time": 0.004,
                                                                                                                                                                "Actual Rows": 0,
                                                                                                                                                                "Actual Loops": 301247,
                                                                                                                                                                "Output": [
                                                                                                                                                                    "t.id",
                                                                                                                                                                    "t.title",
                                                                                                                                                                    "t.imdb_index",
                                                                                                                                                                    "t.kind_id",
                                                                                                                                                                    "t.production_year",
                                                                                                                                                                    "t.imdb_id",
                                                                                                                                                                    "t.phonetic_code",
                                                                                                                                                                    "t.episode_of_id",
                                                                                                                                                                    "t.season_nr",
                                                                                                                                                                    "t.episode_nr",
                                                                                                                                                                    "t.series_years",
                                                                                                                                                                    "t.md5sum"
                                                                                                                                                                ],
                                                                                                                                                                "Recheck Cond": "(t.id = mi.movie_id)",
                                                                                                                                                                "Rows Removed by Index Recheck": 0,
                                                                                                                                                                "Filter": "((t.title ~~ 'Kung Fu Panda%'::text) AND (t.production_year > 2008))",
                                                                                                                                                                "Rows Removed by Filter": 1,
                                                                                                                                                                "Exact Heap Blocks": 301247,
                                                                                                                                                                "Lossy Heap Blocks": 0,
                                                                                                                                                                "Plans": [
                                                                                                                                                                    {
                                                                                                                                                                        "Node Type": "Bitmap Index Scan",
                                                                                                                                                                        "Parent Relationship": "Outer",
                                                                                                                                                                        "Parallel Aware": false,
                                                                                                                                                                        "Index Name": "title_pkey",
                                                                                                                                                                        "Startup Cost": 0.0,
                                                                                                                                                                        "Total Cost": 0.55,
                                                                                                                                                                        "Plan Rows": 1,
                                                                                                                                                                        "Plan Width": 0,
                                                                                                                                                                        "Actual Startup Time": 0.002,
                                                                                                                                                                        "Actual Total Time": 0.002,
                                                                                                                                                                        "Actual Rows": 1,
                                                                                                                                                                        "Actual Loops": 301247,
                                                                                                                                                                        "Index Cond": "(t.id = mi.movie_id)"
                                                                                                                                                                    }
                                                                                                                                                                ]
                                                                                                                                                            }
                                                                                                                                                        ]
                                                                                                                                                    },
                                                                                                                                                    {
                                                                                                                                                        "Node Type": "Bitmap Heap Scan",
                                                                                                                                                        "Parent Relationship": "Inner",
                                                                                                                                                        "Parallel Aware": false,
                                                                                                                                                        "Relation Name": "movie_companies",
                                                                                                                                                        "Schema": "public",
                                                                                                                                                        "Alias": "mc",
                                                                                                                                                        "Startup Cost": 0.59,
                                                                                                                                                        "Total Cost": 4.66,
                                                                                                                                                        "Plan Rows": 5,
                                                                                                                                                        "Plan Width": 8,
                                                                                                                                                        "Actual Startup Time": 0.007,
                                                                                                                                                        "Actual Total Time": 0.01,
                                                                                                                                                        "Actual Rows": 8,
                                                                                                                                                        "Actual Loops": 10,
                                                                                                                                                        "Output": [
                                                                                                                                                            "mc.id",
                                                                                                                                                            "mc.movie_id",
                                                                                                                                                            "mc.company_id",
                                                                                                                                                            "mc.company_type_id",
                                                                                                                                                            "mc.note"
                                                                                                                                                        ],
                                                                                                                                                        "Recheck Cond": "(mc.movie_id = mi.movie_id)",
                                                                                                                                                        "Rows Removed by Index Recheck": 0,
                                                                                                                                                        "Exact Heap Blocks": 16,
                                                                                                                                                        "Lossy Heap Blocks": 0,
                                                                                                                                                        "Plans": [
                                                                                                                                                            {
                                                                                                                                                                "Node Type": "Bitmap Index Scan",
                                                                                                                                                                "Parent Relationship": "Outer",
                                                                                                                                                                "Parallel Aware": false,
                                                                                                                                                                "Index Name": "movie_id_movie_companies",
                                                                                                                                                                "Startup Cost": 0.0,
                                                                                                                                                                "Total Cost": 0.59,
                                                                                                                                                                "Plan Rows": 5,
                                                                                                                                                                "Plan Width": 0,
                                                                                                                                                                "Actual Startup Time": 0.005,
                                                                                                                                                                "Actual Total Time": 0.005,
                                                                                                                                                                "Actual Rows": 8,
                                                                                                                                                                "Actual Loops": 10,
                                                                                                                                                                "Index Cond": "(mc.movie_id = mi.movie_id)"
                                                                                                                                                            }
                                                                                                                                                        ]
                                                                                                                                                    }
                                                                                                                                                ]
                                                                                                                                            },
                                                                                                                                            {
                                                                                                                                                "Node Type": "Hash",
                                                                                                                                                "Parent Relationship": "Inner",
                                                                                                                                                "Parallel Aware": false,
                                                                                                                                                "Startup Cost": 69693.3,
                                                                                                                                                "Total Cost": 69693.3,
                                                                                                                                                "Plan Rows": 4523930,
                                                                                                                                                "Plan Width": 8,
                                                                                                                                                "Actual Startup Time": 1004.643,
                                                                                                                                                "Actual Total Time": 1004.644,
                                                                                                                                                "Actual Rows": 4523930,
                                                                                                                                                "Actual Loops": 1,
                                                                                                                                                "Output": [
                                                                                                                                                    "mk.movie_id",
                                                                                                                                                    "mk.keyword_id"
                                                                                                                                                ],
                                                                                                                                                "Hash Buckets": 8388608,
                                                                                                                                                "Original Hash Buckets": 8388608,
                                                                                                                                                "Hash Batches": 1,
                                                                                                                                                "Original Hash Batches": 1,
                                                                                                                                                "Peak Memory Usage": 242253,
                                                                                                                                                "Plans": [
                                                                                                                                                    {
                                                                                                                                                        "Node Type": "Seq Scan",
                                                                                                                                                        "Parent Relationship": "Outer",
                                                                                                                                                        "Parallel Aware": false,
                                                                                                                                                        "Relation Name": "movie_keyword",
                                                                                                                                                        "Schema": "public",
                                                                                                                                                        "Alias": "mk",
                                                                                                                                                        "Startup Cost": 0.0,
                                                                                                                                                        "Total Cost": 69693.3,
                                                                                                                                                        "Plan Rows": 4523930,
                                                                                                                                                        "Plan Width": 8,
                                                                                                                                                        "Actual Startup Time": 0.029,
                                                                                                                                                        "Actual Total Time": 420.887,
                                                                                                                                                        "Actual Rows": 4523930,
                                                                                                                                                        "Actual Loops": 1,
                                                                                                                                                        "Output": [
                                                                                                                                                            "mk.movie_id",
                                                                                                                                                            "mk.keyword_id"
                                                                                                                                                        ]
                                                                                                                                                    }
                                                                                                                                                ]
                                                                                                                                            }
                                                                                                                                        ]
                                                                                                                                    }
                                                                                                                                ]
                                                                                                                            }
                                                                                                                        ]
                                                                                                                    }
                                                                                                                ]
                                                                                                            },
                                                                                                            {
                                                                                                                "Node Type": "Index Scan",
                                                                                                                "Parent Relationship": "Inner",
                                                                                                                "Parallel Aware": false,
                                                                                                                "Scan Direction": "Forward",
                                                                                                                "Index Name": "role_type_pkey",
                                                                                                                "Relation Name": "role_type",
                                                                                                                "Schema": "public",
                                                                                                                "Alias": "rt",
                                                                                                                "Startup Cost": 0.14,
                                                                                                                "Total Cost": 12.35,
                                                                                                                "Plan Rows": 1,
                                                                                                                "Plan Width": 4,
                                                                                                                "Actual Startup Time": 0.021,
                                                                                                                "Actual Total Time": 0.022,
                                                                                                                "Actual Rows": 1,
                                                                                                                "Actual Loops": 1,
                                                                                                                "Output": [
                                                                                                                    "rt.id",
                                                                                                                    "rt.role"
                                                                                                                ],
                                                                                                                "Filter": "((rt.role)::text = 'actress'::text)",
                                                                                                                "Rows Removed by Filter": 1
                                                                                                            }
                                                                                                        ]
                                                                                                    }
                                                                                                ]
                                                                                            }
                                                                                        ]
                                                                                    }
                                                                                ]
                                                                            }
                                                                        ]
                                                                    }
                                                                ]
                                                            }
                                                        ]
                                                    }
                                                ]
                                            }
                                        ]
                                    }
                                ]
                            }
                        ]
                    },
                    {
                        "Node Type": "Bitmap Heap Scan",
                        "Parent Relationship": "Inner",
                        "Parallel Aware": false,
                        "Relation Name": "char_name",
                        "Schema": "public",
                        "Alias": "chn",
                        "Startup Cost": 0.49,
                        "Total Cost": 4.5,
                        "Plan Rows": 1,
                        "Plan Width": 20,
                        "Actual Startup Time": 0.009,
                        "Actual Total Time": 0.009,
                        "Actual Rows": 1,
                        "Actual Loops": 5,
                        "Output": [
                            "chn.id",
                            "chn.name",
                            "chn.imdb_index",
                            "chn.imdb_id",
                            "chn.name_pcode_nf",
                            "chn.surname_pcode",
                            "chn.md5sum"
                        ],
                        "Recheck Cond": "(chn.id = ci.person_role_id)",
                        "Rows Removed by Index Recheck": 0,
                        "Exact Heap Blocks": 5,
                        "Lossy Heap Blocks": 0,
                        "Plans": [
                            {
                                "Node Type": "Bitmap Index Scan",
                                "Parent Relationship": "Outer",
                                "Parallel Aware": false,
                                "Index Name": "char_name_pkey",
                                "Startup Cost": 0.0,
                                "Total Cost": 0.49,
                                "Plan Rows": 1,
                                "Plan Width": 0,
                                "Actual Startup Time": 0.007,
                                "Actual Total Time": 0.007,
                                "Actual Rows": 1,
                                "Actual Loops": 5,
                                "Index Cond": "(chn.id = ci.person_role_id)"
                            }
                        ]
                    }
                ]
            }
        ]
    },
    "Planning Time": 50.468,
    "Triggers": [],
    "Execution Time": 10742.662
}