[
  {
    "Plan": {
      "Node Type": "Aggregate",
      "Strategy": "Plain",
      "Partial Mode": "Finalize",
      "Parallel Aware": false,
      "Startup Cost": 32943.23,
      "Total Cost": 32943.24,
      "Plan Rows": 1,
      "Plan Width": 8,
      "Actual Startup Time": 66.912,
      "Actual Total Time": 72.758,
      "Actual Rows": 1,
      "Actual Loops": 1,
      "Plans": [
        {
          "Node Type": "Gather",
          "Parent Relationship": "Outer",
          "Parallel Aware": false,
          "Startup Cost": 32942.91,
          "Total Cost": 32943.22,
          "Plan Rows": 3,
          "Plan Width": 8,
          "Actual Startup Time": 66.827,
          "Actual Total Time": 72.752,
          "Actual Rows": 4,
          "Actual Loops": 1,
          "Workers Planned": 3,
          "Workers Launched": 3,
          "Single Copy": false,
          "Plans": [
            {
              "Node Type": "Aggregate",
              "Strategy": "Plain",
              "Partial Mode": "Partial",
              "Parent Relationship": "Outer",
              "Parallel Aware": false,
              "Startup Cost": 31942.91,
              "Total Cost": 31942.92,
              "Plan Rows": 1,
              "Plan Width": 8,
              "Actual Startup Time": 64.132,
              "Actual Total Time": 64.133,
              "Actual Rows": 1,
              "Actual Loops": 4,
              "Plans": [
                {
                  "Node Type": "Seq Scan",
                  "Parent Relationship": "Outer",
                  "Parallel Aware": true,
                  "Relation Name": "movie_companies",
                  "Alias": "mc",
                  "Startup Cost": 0.0,
                  "Total Cost": 31414.82,
                  "Plan Rows": 211238,
                  "Plan Width": 0,
                  "Actual Startup Time": 31.835,
                  "Actual Total Time": 59.833,
                  "Actual Rows": 104376,
                  "Actual Loops": 4,
                  "Filter": "((company_id < 11213) AND (company_type_id = 2))",
                  "Rows Removed by Filter": 547906
                }
              ]
            }
          ]
        }
      ]
    },
    "Planning Time": 0.097,
    "Triggers": [],
    "Execution Time": 72.785
  }
]