{
  "Plan": {
    "Node Type": "Aggregate",
    "Strategy": "Plain",
    "Partial Mode": "Finalize",
    "Parallel Aware": false,
    "Startup Cost": 236043.58,
    "Total Cost": 236043.59,
    "Plan Rows": 1,
    "Plan Width": 96,
    "Actual Startup Time": 4253.311,
    "Actual Total Time": 4296.349,
    "Actual Rows": 1,
    "Actual Loops": 1,
    "Plans": [
      {
        "Node Type": "Gather",
        "Parent Relationship": "Outer",
        "Parallel Aware": false,
        "Startup Cost": 236043.47,
        "Total Cost": 236043.58,
        "Plan Rows": 1,
        "Plan Width": 96,
        "Actual Startup Time": 4253.301,
        "Actual Total Time": 4296.341,
        "Actual Rows": 1,
        "Actual Loops": 1,
        "Workers Planned": 1,
        "Workers Launched": 0,
        "Single Copy": false,
        "Plans": [
          {
            "Node Type": "Aggregate",
            "Strategy": "Plain",
            "Partial Mode": "Partial",
            "Parent Relationship": "Outer",
            "Parallel Aware": false,
            "Startup Cost": 235043.47,
            "Total Cost": 235043.48,
            "Plan Rows": 1,
            "Plan Width": 96,
            "Actual Startup Time": 4252.792,
            "Actual Total Time": 4252.798,
            "Actual Rows": 1,
            "Actual Loops": 1,
            "Plans": [
              {
                "Node Type": "Hash Join",
                "Parent Relationship": "Outer",
                "Parallel Aware": true,
                "Join Type": "Inner",
                "Startup Cost": 174733.05,
                "Total Cost": 235038.22,
                "Plan Rows": 699,
                "Plan Width": 48,
                "Actual Startup Time": 2574.538,
                "Actual Total Time": 4200.231,
                "Actual Rows": 464172,
                "Actual Loops": 1,
                "Inner Unique": true,
                "Hash Cond": "(ci.person_id = n.id)",
                "Plans": [
                  {
                    "Node Type": "Nested Loop",
                    "Parent Relationship": "Outer",
                    "Parallel Aware": false,
                    "Join Type": "Inner",
                    "Startup Cost": 63965.57,
                    "Total Cost": 124268.91,
                    "Plan Rows": 699,
                    "Plan Width": 37,
                    "Actual Startup Time": 573.957,
                    "Actual Total Time": 1955.699,
                    "Actual Rows": 464172,
                    "Actual Loops": 1,
                    "Inner Unique": false,
                    "Join Filter": "(t.id = ci.movie_id)",
                    "Rows Removed by Join Filter": 0,
                    "Plans": [
                      {
                        "Node Type": "Hash Join",
                        "Parent Relationship": "Outer",
                        "Parallel Aware": false,
                        "Join Type": "Inner",
                        "Startup Cost": 63965.01,
                        "Total Cost": 124174.66,
                        "Plan Rows": 49,
                        "Plan Width": 41,
                        "Actual Startup Time": 573.928,
                        "Actual Total Time": 1395.892,
                        "Actual Rows": 8512,
                        "Actual Loops": 1,
                        "Inner Unique": true,
                        "Hash Cond": "(mk.keyword_id = k.id)",
                        "Plans": [
                          {
                            "Node Type": "Hash Join",
                            "Parent Relationship": "Outer",
                            "Parallel Aware": true,
                            "Join Type": "Inner",
                            "Startup Cost": 60332.51,
                            "Total Cost": 118383.35,
                            "Plan Rows": 822379,
                            "Plan Width": 29,
                            "Actual Startup Time": 553.883,
                            "Actual Total Time": 1329.821,
                            "Actual Rows": 886170,
                            "Actual Loops": 1,
                            "Inner Unique": true,
                            "Hash Cond": "(mk.movie_id = t.id)",
                            "Plans": [
                              {
                                "Node Type": "Seq Scan",
                                "Parent Relationship": "Outer",
                                "Parallel Aware": true,
                                "Relation Name": "movie_keyword",
                                "Alias": "mk",
                                "Startup Cost": 0.0,
                                "Total Cost": 51065.35,
                                "Plan Rows": 2661135,
                                "Plan Width": 8,
                                "Actual Startup Time": 0.007,
                                "Actual Total Time": 280.927,
                                "Actual Rows": 4523930,
                                "Actual Loops": 1
                              },
                              {
                                "Node Type": "Hash",
                                "Parent Relationship": "Inner",
                                "Parallel Aware": true,
                                "Startup Cost": 54587.68,
                                "Total Cost": 54587.68,
                                "Plan Rows": 459586,
                                "Plan Width": 21,
                                "Actual Startup Time": 549.569,
                                "Actual Total Time": 549.57,
                                "Actual Rows": 784926,
                                "Actual Loops": 1,
                                "Hash Buckets": 1048576,
                                "Original Hash Buckets": 1048576,
                                "Hash Batches": 1,
                                "Original Hash Batches": 1,
                                "Peak Memory Usage": 52288,
                                "Plans": [
                                  {
                                    "Node Type": "Seq Scan",
                                    "Parent Relationship": "Outer",
                                    "Parallel Aware": true,
                                    "Relation Name": "title",
                                    "Alias": "t",
                                    "Startup Cost": 0.0,
                                    "Total Cost": 54587.68,
                                    "Plan Rows": 459586,
                                    "Plan Width": 21,
                                    "Actual Startup Time": 0.016,
                                    "Actual Total Time": 272.442,
                                    "Actual Rows": 784926,
                                    "Actual Loops": 1,
                                    "Filter": "(production_year > 2007)",
                                    "Rows Removed by Filter": 1743386
                                  }
                                ]
                              }
                            ]
                          },
                          {
                            "Node Type": "Hash",
                            "Parent Relationship": "Inner",
                            "Parallel Aware": false,
                            "Startup Cost": 3632.4,
                            "Total Cost": 3632.4,
                            "Plan Rows": 8,
                            "Plan Width": 20,
                            "Actual Startup Time": 19.596,
                            "Actual Total Time": 19.597,
                            "Actual Rows": 6,
                            "Actual Loops": 1,
                            "Hash Buckets": 1024,
                            "Original Hash Buckets": 1024,
                            "Hash Batches": 1,
                            "Original Hash Batches": 1,
                            "Peak Memory Usage": 9,
                            "Plans": [
                              {
                                "Node Type": "Seq Scan",
                                "Parent Relationship": "Outer",
                                "Parallel Aware": false,
                                "Relation Name": "keyword",
                                "Alias": "k",
                                "Startup Cost": 0.0,
                                "Total Cost": 3632.4,
                                "Plan Rows": 8,
                                "Plan Width": 20,
                                "Actual Startup Time": 0.35,
                                "Actual Total Time": 19.592,
                                "Actual Rows": 6,
                                "Actual Loops": 1,
                                "Filter": "(keyword = ANY ('{laser,superhero,violence,tv-special,murder,laser,murder-in-title,character-name-in-title}'::text[]))",
                                "Rows Removed by Filter": 134164
                              }
                            ]
                          }
                        ]
                      },
                      {
                        "Node Type": "Index Scan",
                        "Parent Relationship": "Inner",
                        "Parallel Aware": false,
                        "Scan Direction": "Forward",
                        "Index Name": "movie_id_cast_info",
                        "Relation Name": "cast_info",
                        "Alias": "ci",
                        "Startup Cost": 0.56,
                        "Total Cost": 1.5,
                        "Plan Rows": 34,
                        "Plan Width": 8,
                        "Actual Startup Time": 0.005,
                        "Actual Total Time": 0.06,
                        "Actual Rows": 55,
                        "Actual Loops": 8512,
                        "Index Cond": "(movie_id = mk.movie_id)",
                        "Rows Removed by Index Recheck": 0
                      }
                    ]
                  },
                  {
                    "Node Type": "Hash",
                    "Parent Relationship": "Inner",
                    "Parallel Aware": true,
                    "Startup Cost": 80126.1,
                    "Total Cost": 80126.1,
                    "Plan Rows": 2451310,
                    "Plan Width": 19,
                    "Actual Startup Time": 1961.186,
                    "Actual Total Time": 1961.186,
                    "Actual Rows": 4167491,
                    "Actual Loops": 1,
                    "Hash Buckets": 4194304,
                    "Original Hash Buckets": 4194304,
                    "Hash Batches": 1,
                    "Original Hash Batches": 1,
                    "Peak Memory Usage": 258944,
                    "Plans": [
                      {
                        "Node Type": "Seq Scan",
                        "Parent Relationship": "Outer",
                        "Parallel Aware": true,
                        "Relation Name": "name",
                        "Alias": "n",
                        "Startup Cost": 0.0,
                        "Total Cost": 80126.1,
                        "Plan Rows": 2451310,
                        "Plan Width": 19,
                        "Actual Startup Time": 0.021,
                        "Actual Total Time": 470.315,
                        "Actual Rows": 4167491,
                        "Actual Loops": 1
                      }
                    ]
                  }
                ]
              }
            ]
          }
        ]
      }
    ]
  },
  "Planning Time": 0.802,
  "Triggers": [],
  "Execution Time": 4296.443
}