{
  "Plan": {
    "Node Type": "Aggregate",
    "Strategy": "Plain",
    "Partial Mode": "Finalize",
    "Parallel Aware": false,
    "Startup Cost": 430178.47,
    "Total Cost": 430178.48,
    "Plan Rows": 1,
    "Plan Width": 8,
    "Actual Startup Time": 4577.548,
    "Actual Total Time": 4624.296,
    "Actual Rows": 1,
    "Actual Loops": 1,
    "Plans": [
      {
        "Node Type": "Gather",
        "Parent Relationship": "Outer",
        "Parallel Aware": false,
        "Startup Cost": 430178.36,
        "Total Cost": 430178.47,
        "Plan Rows": 1,
        "Plan Width": 8,
        "Actual Startup Time": 4571.571,
        "Actual Total Time": 4624.286,
        "Actual Rows": 2,
        "Actual Loops": 1,
        "Workers Planned": 1,
        "Workers Launched": 1,
        "Single Copy": false,
        "Plans": [
          {
            "Node Type": "Aggregate",
            "Strategy": "Plain",
            "Partial Mode": "Partial",
            "Parent Relationship": "Outer",
            "Parallel Aware": false,
            "Startup Cost": 429178.36,
            "Total Cost": 429178.37,
            "Plan Rows": 1,
            "Plan Width": 8,
            "Actual Startup Time": 4565.679,
            "Actual Total Time": 4565.967,
            "Actual Rows": 1,
            "Actual Loops": 2,
            "Plans": [
              {
                "Node Type": "Hash Join",
                "Parent Relationship": "Outer",
                "Parallel Aware": true,
                "Join Type": "Inner",
                "Startup Cost": 124258.55,
                "Total Cost": 422213.41,
                "Plan Rows": 2785979,
                "Plan Width": 0,
                "Actual Startup Time": 887.247,
                "Actual Total Time": 3871.615,
                "Actual Rows": 16940475,
                "Actual Loops": 2,
                "Inner Unique": false,
                "Hash Cond": "(mi.movie_id = t.id)",
                "Plans": [
                  {
                    "Node Type": "Seq Scan",
                    "Parent Relationship": "Outer",
                    "Parallel Aware": true,
                    "Relation Name": "movie_info",
                    "Alias": "mi",
                    "Startup Cost": 0.0,
                    "Total Cost": 248955.74,
                    "Plan Rows": 8696274,
                    "Plan Width": 4,
                    "Actual Startup Time": 0.016,
                    "Actual Total Time": 607.002,
                    "Actual Rows": 7417860,
                    "Actual Loops": 2
                  },
                  {
                    "Node Type": "Hash",
                    "Parent Relationship": "Inner",
                    "Parallel Aware": true,
                    "Startup Cost": 118302.85,
                    "Total Cost": 118302.85,
                    "Plan Rows": 476456,
                    "Plan Width": 8,
                    "Actual Startup Time": 877.784,
                    "Actual Total Time": 878.07,
                    "Actual Rows": 409530,
                    "Actual Loops": 2,
                    "Hash Buckets": 1048576,
                    "Original Hash Buckets": 1048576,
                    "Hash Batches": 1,
                    "Original Hash Batches": 1,
                    "Peak Memory Usage": 40256,
                    "Plans": [
                      {
                        "Node Type": "Hash Join",
                        "Parent Relationship": "Outer",
                        "Parallel Aware": true,
                        "Join Type": "Inner",
                        "Startup Cost": 86642.45,
                        "Total Cost": 118302.85,
                        "Plan Rows": 476456,
                        "Plan Width": 8,
                        "Actual Startup Time": 578.335,
                        "Actual Total Time": 784.773,
                        "Actual Rows": 409530,
                        "Actual Loops": 2,
                        "Inner Unique": true,
                        "Hash Cond": "(mk.movie_id = t.id)",
                        "Plans": [
                          {
                            "Node Type": "Bitmap Heap Scan",
                            "Parent Relationship": "Outer",
                            "Parallel Aware": true,
                            "Relation Name": "movie_keyword",
                            "Alias": "mk",
                            "Startup Cost": 17181.75,
                            "Total Cost": 47591.45,
                            "Plan Rows": 476456,
                            "Plan Width": 4,
                            "Actual Startup Time": 42.726,
                            "Actual Total Time": 125.917,
                            "Actual Rows": 409530,
                            "Actual Loops": 2,
                            "Recheck Cond": "(keyword_id < 785)",
                            "Rows Removed by Index Recheck": 0,
                            "Exact Heap Blocks": 12828,
                            "Lossy Heap Blocks": 0,
                            "Plans": [
                              {
                                "Node Type": "Bitmap Index Scan",
                                "Parent Relationship": "Outer",
                                "Parallel Aware": false,
                                "Index Name": "keyword_id_movie_keyword",
                                "Startup Cost": 0.0,
                                "Total Cost": 16979.25,
                                "Plan Rows": 809976,
                                "Plan Width": 0,
                                "Actual Startup Time": 39.101,
                                "Actual Total Time": 39.101,
                                "Actual Rows": 819059,
                                "Actual Loops": 1,
                                "Index Cond": "(keyword_id < 785)"
                              }
                            ]
                          },
                          {
                            "Node Type": "Hash",
                            "Parent Relationship": "Inner",
                            "Parallel Aware": true,
                            "Startup Cost": 50870.31,
                            "Total Cost": 50870.31,
                            "Plan Rows": 1487231,
                            "Plan Width": 4,
                            "Actual Startup Time": 520.062,
                            "Actual Total Time": 520.062,
                            "Actual Rows": 1264156,
                            "Actual Loops": 2,
                            "Hash Buckets": 4194304,
                            "Original Hash Buckets": 4194304,
                            "Hash Batches": 1,
                            "Original Hash Batches": 1,
                            "Peak Memory Usage": 131712,
                            "Plans": [
                              {
                                "Node Type": "Seq Scan",
                                "Parent Relationship": "Outer",
                                "Parallel Aware": true,
                                "Relation Name": "title",
                                "Alias": "t",
                                "Startup Cost": 0.0,
                                "Total Cost": 50870.31,
                                "Plan Rows": 1487231,
                                "Plan Width": 4,
                                "Actual Startup Time": 0.032,
                                "Actual Total Time": 148.937,
                                "Actual Rows": 1264156,
                                "Actual Loops": 2
                              }
                            ]
                          }
                        ]
                      }
                    ]
                  }
                ]
              }
            ]
          }
        ]
      }
    ]
  },
  "Planning Time": 0.879,
  "Triggers": [],
  "Execution Time": 4624.409
}