[
  {
    "Plan": {
      "Node Type": "Aggregate",
      "Strategy": "Plain",
      "Partial Mode": "Simple",
      "Parallel Aware": false,
      "Startup Cost": 24320.35,
      "Total Cost": 24320.36,
      "Plan Rows": 1,
      "Plan Width": 96,
      "Actual Startup Time": 3083.285,
      "Actual Total Time": 3083.291,
      "Actual Rows": 1,
      "Actual Loops": 1,
      "Plans": [
        {
          "Node Type": "Nested Loop",
          "Parent Relationship": "Outer",
          "Parallel Aware": false,
          "Join Type": "Inner",
          "Startup Cost": 4956.44,
          "Total Cost": 24320.34,
          "Plan Rows": 1,
          "Plan Width": 42,
          "Actual Startup Time": 38.412,
          "Actual Total Time": 3081.623,
          "Actual Rows": 4222,
          "Actual Loops": 1,
          "Inner Unique": true,
          "Plans": [
            {
              "Node Type": "Nested Loop",
              "Parent Relationship": "Outer",
              "Parallel Aware": false,
              "Join Type": "Inner",
              "Startup Cost": 4956.02,
              "Total Cost": 24319.0,
              "Plan Rows": 3,
              "Plan Width": 27,
              "Actual Startup Time": 37.88,
              "Actual Total Time": 3022.997,
              "Actual Rows": 10390,
              "Actual Loops": 1,
              "Inner Unique": true,
              "Plans": [
                {
                  "Node Type": "Nested Loop",
                  "Parent Relationship": "Outer",
                  "Parallel Aware": false,
                  "Join Type": "Inner",
                  "Startup Cost": 4955.89,
                  "Total Cost": 24317.02,
                  "Plan Rows": 13,
                  "Plan Width": 31,
                  "Actual Startup Time": 37.84,
                  "Actual Total Time": 2982.917,
                  "Actual Rows": 29480,
                  "Actual Loops": 1,
                  "Inner Unique": false,
                  "Plans": [
                    {
                      "Node Type": "Hash Join",
                      "Parent Relationship": "Outer",
                      "Parallel Aware": false,
                      "Join Type": "Inner",
                      "Startup Cost": 4955.46,
                      "Total Cost": 24315.11,
                      "Plan Rows": 3,
                      "Plan Width": 35,
                      "Actual Startup Time": 37.811,
                      "Actual Total Time": 2929.243,
                      "Actual Rows": 5636,
                      "Actual Loops": 1,
                      "Inner Unique": true,
                      "Hash Cond": "(mi.info_type_id = it1.id)",
                      "Plans": [
                        {
                          "Node Type": "Nested Loop",
                          "Parent Relationship": "Outer",
                          "Parallel Aware": false,
                          "Join Type": "Inner",
                          "Startup Cost": 4941.33,
                          "Total Cost": 24300.26,
                          "Plan Rows": 265,
                          "Plan Width": 39,
                          "Actual Startup Time": 37.695,
                          "Actual Total Time": 2925.28,
                          "Actual Rows": 5666,
                          "Actual Loops": 1,
                          "Inner Unique": false,
                          "Plans": [
                            {
                              "Node Type": "Nested Loop",
                              "Parent Relationship": "Outer",
                              "Parallel Aware": false,
                              "Join Type": "Inner",
                              "Startup Cost": 4940.89,
                              "Total Cost": 20765.26,
                              "Plan Rows": 2004,
                              "Plan Width": 31,
                              "Actual Startup Time": 31.486,
                              "Actual Total Time": 1099.229,
                              "Actual Rows": 144525,
                              "Actual Loops": 1,
                              "Inner Unique": true,
                              "Plans": [
                                {
                                  "Node Type": "Nested Loop",
                                  "Parent Relationship": "Outer",
                                  "Parallel Aware": false,
                                  "Join Type": "Inner",
                                  "Startup Cost": 4940.46,
                                  "Total Cost": 17743.21,
                                  "Plan Rows": 3158,
                                  "Plan Width": 10,
                                  "Actual Startup Time": 31.435,
                                  "Actual Total Time": 192.24,
                                  "Actual Rows": 247555,
                                  "Actual Loops": 1,
                                  "Inner Unique": false,
                                  "Plans": [
                                    {
                                      "Node Type": "Index Scan",
                                      "Parent Relationship": "Outer",
                                      "Parallel Aware": false,
                                      "Scan Direction": "Forward",
                                      "Index Name": "info_type_pkey",
                                      "Relation Name": "info_type",
                                      "Alias": "it2",
                                      "Startup Cost": 0.14,
                                      "Total Cost": 14.12,
                                      "Plan Rows": 1,
                                      "Plan Width": 4,
                                      "Actual Startup Time": 0.038,
                                      "Actual Total Time": 0.043,
                                      "Actual Rows": 1,
                                      "Actual Loops": 1,
                                      "Filter": "((info)::text = 'rating'::text)",
                                      "Rows Removed by Filter": 112
                                    },
                                    {
                                      "Node Type": "Bitmap Heap Scan",
                                      "Parent Relationship": "Inner",
                                      "Parallel Aware": false,
                                      "Relation Name": "movie_info_idx",
                                      "Alias": "mi_idx",
                                      "Startup Cost": 4940.32,
                                      "Total Cost": 17015.43,
                                      "Plan Rows": 71366,
                                      "Plan Width": 14,
                                      "Actual Startup Time": 31.389,
                                      "Actual Total Time": 160.058,
                                      "Actual Rows": 247555,
                                      "Actual Loops": 1,
                                      "Recheck Cond": "(info_type_id = it2.id)",
                                      "Rows Removed by Index Recheck": 0,
                                      "Filter": "(info > '6.1'::text)",
                                      "Rows Removed by Filter": 212370,
                                      "Exact Heap Blocks": 7934,
                                      "Lossy Heap Blocks": 0,
                                      "Plans": [
                                        {
                                          "Node Type": "Bitmap Index Scan",
                                          "Parent Relationship": "Outer",
                                          "Parallel Aware": false,
                                          "Index Name": "info_type_id_movie_info_idx",
                                          "Startup Cost": 0.0,
                                          "Total Cost": 4922.48,
                                          "Plan Rows": 276007,
                                          "Plan Width": 0,
                                          "Actual Startup Time": 29.954,
                                          "Actual Total Time": 29.954,
                                          "Actual Rows": 459925,
                                          "Actual Loops": 1,
                                          "Index Cond": "(info_type_id = it2.id)"
                                        }
                                      ]
                                    }
                                  ]
                                },
                                {
                                  "Node Type": "Index Scan",
                                  "Parent Relationship": "Inner",
                                  "Parallel Aware": false,
                                  "Scan Direction": "Forward",
                                  "Index Name": "title_pkey",
                                  "Relation Name": "title",
                                  "Alias": "t",
                                  "Startup Cost": 0.43,
                                  "Total Cost": 0.96,
                                  "Plan Rows": 1,
                                  "Plan Width": 21,
                                  "Actual Startup Time": 0.003,
                                  "Actual Total Time": 0.003,
                                  "Actual Rows": 1,
                                  "Actual Loops": 247555,
                                  "Index Cond": "(id = mi_idx.movie_id)",
                                  "Rows Removed by Index Recheck": 0,
                                  "Filter": "((production_year >= 1996) AND (production_year <= 2013))",
                                  "Rows Removed by Filter": 0
                                }
                              ]
                            },
                            {
                              "Node Type": "Index Scan",
                              "Parent Relationship": "Inner",
                              "Parallel Aware": false,
                              "Scan Direction": "Forward",
                              "Index Name": "movie_id_movie_info",
                              "Relation Name": "movie_info",
                              "Alias": "mi",
                              "Startup Cost": 0.43,
                              "Total Cost": 1.75,
                              "Plan Rows": 1,
                              "Plan Width": 8,
                              "Actual Startup Time": 0.012,
                              "Actual Total Time": 0.012,
                              "Actual Rows": 0,
                              "Actual Loops": 144525,
                              "Index Cond": "(movie_id = t.id)",
                              "Rows Removed by Index Recheck": 0,
                              "Filter": "(info = ANY ('{Family,Sci-Fi}'::text[]))",
                              "Rows Removed by Filter": 15
                            }
                          ]
                        },
                        {
                          "Node Type": "Hash",
                          "Parent Relationship": "Inner",
                          "Parallel Aware": false,
                          "Startup Cost": 14.12,
                          "Total Cost": 14.12,
                          "Plan Rows": 1,
                          "Plan Width": 4,
                          "Actual Startup Time": 0.055,
                          "Actual Total Time": 0.056,
                          "Actual Rows": 1,
                          "Actual Loops": 1,
                          "Hash Buckets": 1024,
                          "Original Hash Buckets": 1024,
                          "Hash Batches": 1,
                          "Original Hash Batches": 1,
                          "Peak Memory Usage": 9,
                          "Plans": [
                            {
                              "Node Type": "Index Scan",
                              "Parent Relationship": "Outer",
                              "Parallel Aware": false,
                              "Scan Direction": "Forward",
                              "Index Name": "info_type_pkey",
                              "Relation Name": "info_type",
                              "Alias": "it1",
                              "Startup Cost": 0.14,
                              "Total Cost": 14.12,
                              "Plan Rows": 1,
                              "Plan Width": 4,
                              "Actual Startup Time": 0.023,
                              "Actual Total Time": 0.047,
                              "Actual Rows": 1,
                              "Actual Loops": 1,
                              "Filter": "((info)::text = 'genres'::text)",
                              "Rows Removed by Filter": 112
                            }
                          ]
                        }
                      ]
                    },
                    {
                      "Node Type": "Index Scan",
                      "Parent Relationship": "Inner",
                      "Parallel Aware": false,
                      "Scan Direction": "Forward",
                      "Index Name": "movie_id_movie_companies",
                      "Relation Name": "movie_companies",
                      "Alias": "mc",
                      "Startup Cost": 0.43,
                      "Total Cost": 0.59,
                      "Plan Rows": 5,
                      "Plan Width": 12,
                      "Actual Startup Time": 0.006,
                      "Actual Total Time": 0.008,
                      "Actual Rows": 5,
                      "Actual Loops": 5636,
                      "Index Cond": "(movie_id = t.id)",
                      "Rows Removed by Index Recheck": 0
                    }
                  ]
                },
                {
                  "Node Type": "Index Scan",
                  "Parent Relationship": "Inner",
                  "Parallel Aware": false,
                  "Scan Direction": "Forward",
                  "Index Name": "company_type_pkey",
                  "Relation Name": "company_type",
                  "Alias": "ct",
                  "Startup Cost": 0.13,
                  "Total Cost": 0.15,
                  "Plan Rows": 1,
                  "Plan Width": 4,
                  "Actual Startup Time": 0.001,
                  "Actual Total Time": 0.001,
                  "Actual Rows": 0,
                  "Actual Loops": 29480,
                  "Index Cond": "(id = mc.company_type_id)",
                  "Rows Removed by Index Recheck": 0,
                  "Filter": "((kind)::text = 'production companies'::text)",
                  "Rows Removed by Filter": 1
                }
              ]
            },
            {
              "Node Type": "Index Scan",
              "Parent Relationship": "Inner",
              "Parallel Aware": false,
              "Scan Direction": "Forward",
              "Index Name": "company_name_pkey",
              "Relation Name": "company_name",
              "Alias": "cn",
              "Startup Cost": 0.42,
              "Total Cost": 0.45,
              "Plan Rows": 1,
              "Plan Width": 23,
              "Actual Startup Time": 0.005,
              "Actual Total Time": 0.005,
              "Actual Rows": 0,
              "Actual Loops": 10390,
              "Index Cond": "(id = mc.company_id)",
              "Rows Removed by Index Recheck": 0,
              "Filter": "((country_code)::text = '[us]'::text)",
              "Rows Removed by Filter": 1
            }
          ]
        }
      ]
    },
    "Planning Time": 17.049,
    "Triggers": [],
    "Execution Time": 3083.756
  }
]