{
  "Plan": {
    "Node Type": "Aggregate",
    "Strategy": "Plain",
    "Partial Mode": "Finalize",
    "Parallel Aware": false,
    "Startup Cost": 109892.41,
    "Total Cost": 109892.42,
    "Plan Rows": 1,
    "Plan Width": 8,
    "Actual Startup Time": 699.319,
    "Actual Total Time": 711.403,
    "Actual Rows": 1,
    "Actual Loops": 1,
    "Plans": [
      {
        "Node Type": "Gather",
        "Parent Relationship": "Outer",
        "Parallel Aware": false,
        "Startup Cost": 109892.3,
        "Total Cost": 109892.41,
        "Plan Rows": 1,
        "Plan Width": 8,
        "Actual Startup Time": 697.931,
        "Actual Total Time": 711.396,
        "Actual Rows": 2,
        "Actual Loops": 1,
        "Workers Planned": 1,
        "Workers Launched": 1,
        "Single Copy": false,
        "Plans": [
          {
            "Node Type": "Aggregate",
            "Strategy": "Plain",
            "Partial Mode": "Partial",
            "Parent Relationship": "Outer",
            "Parallel Aware": false,
            "Startup Cost": 108892.3,
            "Total Cost": 108892.31,
            "Plan Rows": 1,
            "Plan Width": 8,
            "Actual Startup Time": 692.136,
            "Actual Total Time": 692.14,
            "Actual Rows": 1,
            "Actual Loops": 2,
            "Plans": [
              {
                "Node Type": "Hash Join",
                "Parent Relationship": "Outer",
                "Parallel Aware": true,
                "Join Type": "Inner",
                "Startup Cost": 45951.03,
                "Total Cost": 108064.44,
                "Plan Rows": 331144,
                "Plan Width": 0,
                "Actual Startup Time": 229.604,
                "Actual Total Time": 674.372,
                "Actual Rows": 428895,
                "Actual Loops": 2,
                "Inner Unique": false,
                "Hash Cond": "(t.id = mc.movie_id)",
                "Plans": [
                  {
                    "Node Type": "Seq Scan",
                    "Parent Relationship": "Outer",
                    "Parallel Aware": true,
                    "Relation Name": "title",
                    "Alias": "t",
                    "Startup Cost": 0.0,
                    "Total Cost": 50870.31,
                    "Plan Rows": 1487231,
                    "Plan Width": 4,
                    "Actual Startup Time": 0.012,
                    "Actual Total Time": 113.321,
                    "Actual Rows": 1264156,
                    "Actual Loops": 2
                  },
                  {
                    "Node Type": "Hash",
                    "Parent Relationship": "Inner",
                    "Parallel Aware": true,
                    "Startup Cost": 41811.73,
                    "Total Cost": 41811.73,
                    "Plan Rows": 331144,
                    "Plan Width": 4,
                    "Actual Startup Time": 220.056,
                    "Actual Total Time": 220.057,
                    "Actual Rows": 428895,
                    "Actual Loops": 2,
                    "Hash Buckets": 1048576,
                    "Original Hash Buckets": 1048576,
                    "Hash Batches": 1,
                    "Original Hash Batches": 1,
                    "Peak Memory Usage": 41792,
                    "Plans": [
                      {
                        "Node Type": "Seq Scan",
                        "Parent Relationship": "Outer",
                        "Parallel Aware": true,
                        "Relation Name": "movie_companies",
                        "Alias": "mc",
                        "Startup Cost": 0.0,
                        "Total Cost": 41811.73,
                        "Plan Rows": 331144,
                        "Plan Width": 4,
                        "Actual Startup Time": 63.901,
                        "Actual Total Time": 133.368,
                        "Actual Rows": 428895,
                        "Actual Loops": 2,
                        "Filter": "((company_id > 13858) AND (company_type_id > 1))",
                        "Rows Removed by Filter": 875670
                      }
                    ]
                  }
                ]
              }
            ]
          }
        ]
      }
    ]
  },
  "Planning Time": 0.654,
  "Triggers": [],
  "Execution Time": 711.464
}