[
  {
    "Plan": {
      "Node Type": "Aggregate",
      "Strategy": "Plain",
      "Partial Mode": "Simple",
      "Parallel Aware": false,
      "Startup Cost": 25171.8,
      "Total Cost": 25171.81,
      "Plan Rows": 1,
      "Plan Width": 8,
      "Actual Startup Time": 30.904,
      "Actual Total Time": 30.906,
      "Actual Rows": 1,
      "Actual Loops": 1,
      "Plans": [
        {
          "Node Type": "Bitmap Heap Scan",
          "Parent Relationship": "Outer",
          "Parallel Aware": false,
          "Relation Name": "movie_keyword",
          "Alias": "mk",
          "Startup Cost": 434.11,
          "Total Cost": 25120.93,
          "Plan Rows": 20346,
          "Plan Width": 0,
          "Actual Startup Time": 6.237,
          "Actual Total Time": 28.073,
          "Actual Rows": 18493,
          "Actual Loops": 1,
          "Recheck Cond": "(keyword_id > 118428)",
          "Rows Removed by Index Recheck": 0,
          "Exact Heap Blocks": 5660,
          "Lossy Heap Blocks": 0,
          "Plans": [
            {
              "Node Type": "Bitmap Index Scan",
              "Parent Relationship": "Outer",
              "Parallel Aware": false,
              "Index Name": "keyword_id_movie_keyword",
              "Startup Cost": 0.0,
              "Total Cost": 429.03,
              "Plan Rows": 20346,
              "Plan Width": 0,
              "Actual Startup Time": 3.766,
              "Actual Total Time": 3.767,
              "Actual Rows": 18493,
              "Actual Loops": 1,
              "Index Cond": "(keyword_id > 118428)"
            }
          ]
        }
      ]
    },
    "Planning Time": 0.253,
    "Triggers": [],
    "Execution Time": 30.968
  }
]