{
  "Plan": {
    "Node Type": "Aggregate",
    "Strategy": "Plain",
    "Partial Mode": "Finalize",
    "Parallel Aware": false,
    "Startup Cost": 419640.85,
    "Total Cost": 419640.86,
    "Plan Rows": 1,
    "Plan Width": 8,
    "Actual Startup Time": 5909.338,
    "Actual Total Time": 5962.973,
    "Actual Rows": 1,
    "Actual Loops": 1,
    "Plans": [
      {
        "Node Type": "Gather",
        "Parent Relationship": "Outer",
        "Parallel Aware": false,
        "Startup Cost": 419640.74,
        "Total Cost": 419640.85,
        "Plan Rows": 1,
        "Plan Width": 8,
        "Actual Startup Time": 5904.688,
        "Actual Total Time": 5962.966,
        "Actual Rows": 2,
        "Actual Loops": 1,
        "Workers Planned": 1,
        "Workers Launched": 1,
        "Single Copy": false,
        "Plans": [
          {
            "Node Type": "Aggregate",
            "Strategy": "Plain",
            "Partial Mode": "Partial",
            "Parent Relationship": "Outer",
            "Parallel Aware": false,
            "Startup Cost": 418640.74,
            "Total Cost": 418640.75,
            "Plan Rows": 1,
            "Plan Width": 8,
            "Actual Startup Time": 5900.65,
            "Actual Total Time": 5900.656,
            "Actual Rows": 1,
            "Actual Loops": 2,
            "Plans": [
              {
                "Node Type": "Hash Join",
                "Parent Relationship": "Outer",
                "Parallel Aware": true,
                "Join Type": "Inner",
                "Startup Cost": 125888.87,
                "Total Cost": 415304.83,
                "Plan Rows": 1334362,
                "Plan Width": 0,
                "Actual Startup Time": 718.366,
                "Actual Total Time": 4574.84,
                "Actual Rows": 31627105,
                "Actual Loops": 2,
                "Inner Unique": false,
                "Hash Cond": "(mi.movie_id = t.id)",
                "Plans": [
                  {
                    "Node Type": "Seq Scan",
                    "Parent Relationship": "Outer",
                    "Parallel Aware": true,
                    "Relation Name": "movie_info",
                    "Alias": "mi",
                    "Startup Cost": 0.0,
                    "Total Cost": 248955.74,
                    "Plan Rows": 8696274,
                    "Plan Width": 4,
                    "Actual Startup Time": 0.016,
                    "Actual Total Time": 620.704,
                    "Actual Rows": 7417860,
                    "Actual Loops": 2
                  },
                  {
                    "Node Type": "Hash",
                    "Parent Relationship": "Inner",
                    "Parallel Aware": true,
                    "Startup Cost": 123036.34,
                    "Total Cost": 123036.34,
                    "Plan Rows": 228202,
                    "Plan Width": 8,
                    "Actual Startup Time": 711.797,
                    "Actual Total Time": 711.801,
                    "Actual Rows": 603692,
                    "Actual Loops": 2,
                    "Hash Buckets": 2097152,
                    "Original Hash Buckets": 524288,
                    "Hash Batches": 1,
                    "Original Hash Batches": 1,
                    "Peak Memory Usage": 75936,
                    "Plans": [
                      {
                        "Node Type": "Hash Join",
                        "Parent Relationship": "Outer",
                        "Parallel Aware": true,
                        "Join Type": "Inner",
                        "Startup Cost": 60737.74,
                        "Total Cost": 123036.34,
                        "Plan Rows": 228202,
                        "Plan Width": 8,
                        "Actual Startup Time": 203.138,
                        "Actual Total Time": 574.137,
                        "Actual Rows": 603692,
                        "Actual Loops": 2,
                        "Inner Unique": true,
                        "Hash Cond": "(mk.movie_id = t.id)",
                        "Plans": [
                          {
                            "Node Type": "Seq Scan",
                            "Parent Relationship": "Outer",
                            "Parallel Aware": true,
                            "Relation Name": "movie_keyword",
                            "Alias": "mk",
                            "Startup Cost": 0.0,
                            "Total Cost": 57718.19,
                            "Plan Rows": 1744914,
                            "Plan Width": 4,
                            "Actual Startup Time": 0.206,
                            "Actual Total Time": 196.322,
                            "Actual Rows": 1474550,
                            "Actual Loops": 2,
                            "Filter": "(keyword_id > 2375)",
                            "Rows Removed by Filter": 787414
                          },
                          {
                            "Node Type": "Hash",
                            "Parent Relationship": "Inner",
                            "Parallel Aware": true,
                            "Startup Cost": 58306.47,
                            "Total Cost": 58306.47,
                            "Plan Rows": 194502,
                            "Plan Width": 4,
                            "Actual Startup Time": 199.274,
                            "Actual Total Time": 199.274,
                            "Actual Rows": 222597,
                            "Actual Loops": 2,
                            "Hash Buckets": 524288,
                            "Original Hash Buckets": 524288,
                            "Hash Batches": 1,
                            "Original Hash Batches": 1,
                            "Peak Memory Usage": 21568,
                            "Plans": [
                              {
                                "Node Type": "Seq Scan",
                                "Parent Relationship": "Outer",
                                "Parallel Aware": true,
                                "Relation Name": "title",
                                "Alias": "t",
                                "Startup Cost": 0.0,
                                "Total Cost": 58306.47,
                                "Plan Rows": 194502,
                                "Plan Width": 4,
                                "Actual Startup Time": 0.035,
                                "Actual Total Time": 146.984,
                                "Actual Rows": 222597,
                                "Actual Loops": 2,
                                "Filter": "((kind_id < 7) AND (production_year < 1996))",
                                "Rows Removed by Filter": 1041559
                              }
                            ]
                          }
                        ]
                      }
                    ]
                  }
                ]
              }
            ]
          }
        ]
      }
    ]
  },
  "Planning Time": 0.935,
  "Triggers": [],
  "Execution Time": 5963.065
}