[
  {
    "Plan": {
      "Node Type": "Aggregate",
      "Strategy": "Plain",
      "Partial Mode": "Finalize",
      "Parallel Aware": false,
      "Startup Cost": 40972.33,
      "Total Cost": 40972.34,
      "Plan Rows": 1,
      "Plan Width": 8,
      "Actual Startup Time": 108.292,
      "Actual Total Time": 129.205,
      "Actual Rows": 1,
      "Actual Loops": 1,
      "Plans": [
        {
          "Node Type": "Gather",
          "Parent Relationship": "Outer",
          "Parallel Aware": false,
          "Startup Cost": 40972.12,
          "Total Cost": 40972.33,
          "Plan Rows": 2,
          "Plan Width": 8,
          "Actual Startup Time": 108.15,
          "Actual Total Time": 129.197,
          "Actual Rows": 3,
          "Actual Loops": 1,
          "Workers Planned": 2,
          "Workers Launched": 2,
          "Single Copy": false,
          "Plans": [
            {
              "Node Type": "Aggregate",
              "Strategy": "Plain",
              "Partial Mode": "Partial",
              "Parent Relationship": "Outer",
              "Parallel Aware": false,
              "Startup Cost": 39972.12,
              "Total Cost": 39972.13,
              "Plan Rows": 1,
              "Plan Width": 8,
              "Actual Startup Time": 99.738,
              "Actual Total Time": 99.74,
              "Actual Rows": 1,
              "Actual Loops": 3,
              "Plans": [
                {
                  "Node Type": "Nested Loop",
                  "Parent Relationship": "Outer",
                  "Parallel Aware": false,
                  "Join Type": "Inner",
                  "Startup Cost": 151.06,
                  "Total Cost": 39971.21,
                  "Plan Rows": 364,
                  "Plan Width": 0,
                  "Actual Startup Time": 5.189,
                  "Actual Total Time": 99.57,
                  "Actual Rows": 1303,
                  "Actual Loops": 3,
                  "Inner Unique": false,
                  "Plans": [
                    {
                      "Node Type": "Nested Loop",
                      "Parent Relationship": "Outer",
                      "Parallel Aware": false,
                      "Join Type": "Inner",
                      "Startup Cost": 150.62,
                      "Total Cost": 35595.43,
                      "Plan Rows": 2636,
                      "Plan Width": 8,
                      "Actual Startup Time": 2.779,
                      "Actual Total Time": 27.532,
                      "Actual Rows": 1414,
                      "Actual Loops": 3,
                      "Inner Unique": true,
                      "Plans": [
                        {
                          "Node Type": "Bitmap Heap Scan",
                          "Parent Relationship": "Outer",
                          "Parallel Aware": true,
                          "Relation Name": "movie_keyword",
                          "Alias": "mk",
                          "Startup Cost": 150.19,
                          "Total Cost": 15404.32,
                          "Plan Rows": 2890,
                          "Plan Width": 4,
                          "Actual Startup Time": 2.621,
                          "Actual Total Time": 10.365,
                          "Actual Rows": 1972,
                          "Actual Loops": 3,
                          "Recheck Cond": "(keyword_id = 807)",
                          "Rows Removed by Index Recheck": 0,
                          "Exact Heap Blocks": 3127,
                          "Lossy Heap Blocks": 0,
                          "Plans": [
                            {
                              "Node Type": "Bitmap Index Scan",
                              "Parent Relationship": "Outer",
                              "Parallel Aware": false,
                              "Index Name": "keyword_id_movie_keyword",
                              "Startup Cost": 0.0,
                              "Total Cost": 148.46,
                              "Plan Rows": 6937,
                              "Plan Width": 0,
                              "Actual Startup Time": 5.003,
                              "Actual Total Time": 5.003,
                              "Actual Rows": 5916,
                              "Actual Loops": 1,
                              "Index Cond": "(keyword_id = 807)"
                            }
                          ]
                        },
                        {
                          "Node Type": "Index Scan",
                          "Parent Relationship": "Inner",
                          "Parallel Aware": false,
                          "Scan Direction": "Forward",
                          "Index Name": "title_pkey",
                          "Relation Name": "title",
                          "Alias": "t",
                          "Startup Cost": 0.43,
                          "Total Cost": 6.99,
                          "Plan Rows": 1,
                          "Plan Width": 4,
                          "Actual Startup Time": 0.008,
                          "Actual Total Time": 0.008,
                          "Actual Rows": 1,
                          "Actual Loops": 5916,
                          "Index Cond": "(id = mk.movie_id)",
                          "Rows Removed by Index Recheck": 0,
                          "Filter": "(production_year > 1946)",
                          "Rows Removed by Filter": 0
                        }
                      ]
                    },
                    {
                      "Node Type": "Index Scan",
                      "Parent Relationship": "Inner",
                      "Parallel Aware": false,
                      "Scan Direction": "Forward",
                      "Index Name": "movie_id_movie_info",
                      "Relation Name": "movie_info",
                      "Alias": "mi",
                      "Startup Cost": 0.43,
                      "Total Cost": 1.65,
                      "Plan Rows": 1,
                      "Plan Width": 4,
                      "Actual Startup Time": 0.043,
                      "Actual Total Time": 0.05,
                      "Actual Rows": 1,
                      "Actual Loops": 4241,
                      "Index Cond": "(movie_id = t.id)",
                      "Rows Removed by Index Recheck": 0,
                      "Filter": "(info_type_id = 98)",
                      "Rows Removed by Filter": 57
                    }
                  ]
                }
              ]
            }
          ]
        }
      ]
    },
    "Planning Time": 1.548,
    "Triggers": [],
    "Execution Time": 129.315
  }
]