[
  {
    "Plan": {
      "Node Type": "Aggregate",
      "Strategy": "Plain",
      "Partial Mode": "Finalize",
      "Parallel Aware": false,
      "Startup Cost": 32679.69,
      "Total Cost": 32679.7,
      "Plan Rows": 1,
      "Plan Width": 8,
      "Actual Startup Time": 68.588,
      "Actual Total Time": 76.039,
      "Actual Rows": 1,
      "Actual Loops": 1,
      "Plans": [
        {
          "Node Type": "Gather",
          "Parent Relationship": "Outer",
          "Parallel Aware": false,
          "Startup Cost": 32679.37,
          "Total Cost": 32679.68,
          "Plan Rows": 3,
          "Plan Width": 8,
          "Actual Startup Time": 68.474,
          "Actual Total Time": 76.031,
          "Actual Rows": 4,
          "Actual Loops": 1,
          "Workers Planned": 3,
          "Workers Launched": 3,
          "Single Copy": false,
          "Plans": [
            {
              "Node Type": "Aggregate",
              "Strategy": "Plain",
              "Partial Mode": "Partial",
              "Parent Relationship": "Outer",
              "Parallel Aware": false,
              "Startup Cost": 31679.37,
              "Total Cost": 31679.38,
              "Plan Rows": 1,
              "Plan Width": 8,
              "Actual Startup Time": 64.702,
              "Actual Total Time": 64.703,
              "Actual Rows": 1,
              "Actual Loops": 4,
              "Plans": [
                {
                  "Node Type": "Seq Scan",
                  "Parent Relationship": "Outer",
                  "Parallel Aware": true,
                  "Relation Name": "movie_companies",
                  "Alias": "mc",
                  "Startup Cost": 0.0,
                  "Total Cost": 31414.82,
                  "Plan Rows": 105820,
                  "Plan Width": 0,
                  "Actual Startup Time": 26.781,
                  "Actual Total Time": 64.395,
                  "Actual Rows": 6054,
                  "Actual Loops": 4,
                  "Filter": "((company_id > 51577) AND (company_type_id = 1))",
                  "Rows Removed by Filter": 646229
                }
              ]
            }
          ]
        }
      ]
    },
    "Planning Time": 0.178,
    "Triggers": [],
    "Execution Time": 76.073
  }
]