[
  {
    "Plan": {
      "Node Type": "Aggregate",
      "Strategy": "Plain",
      "Partial Mode": "Finalize",
      "Parallel Aware": false,
      "Startup Cost": 347312.32,
      "Total Cost": 347312.33,
      "Plan Rows": 1,
      "Plan Width": 8,
      "Actual Startup Time": 714.053,
      "Actual Total Time": 844.016,
      "Actual Rows": 1,
      "Actual Loops": 1,
      "Plans": [
        {
          "Node Type": "Gather",
          "Parent Relationship": "Outer",
          "Parallel Aware": false,
          "Startup Cost": 347311.69,
          "Total Cost": 347312.3,
          "Plan Rows": 6,
          "Plan Width": 8,
          "Actual Startup Time": 713.962,
          "Actual Total Time": 844.0,
          "Actual Rows": 7,
          "Actual Loops": 1,
          "Workers Planned": 6,
          "Workers Launched": 6,
          "Single Copy": false,
          "Plans": [
            {
              "Node Type": "Aggregate",
              "Strategy": "Plain",
              "Partial Mode": "Partial",
              "Parent Relationship": "Outer",
              "Parallel Aware": false,
              "Startup Cost": 346311.69,
              "Total Cost": 346311.7,
              "Plan Rows": 1,
              "Plan Width": 8,
              "Actual Startup Time": 706.322,
              "Actual Total Time": 706.323,
              "Actual Rows": 1,
              "Actual Loops": 7,
              "Plans": [
                {
                  "Node Type": "Index Scan",
                  "Parent Relationship": "Outer",
                  "Parallel Aware": true,
                  "Scan Direction": "Forward",
                  "Index Name": "role_id_cast_info",
                  "Relation Name": "cast_info",
                  "Alias": "ci",
                  "Startup Cost": 0.56,
                  "Total Cost": 342814.42,
                  "Plan Rows": 1398908,
                  "Plan Width": 0,
                  "Actual Startup Time": 0.114,
                  "Actual Total Time": 577.614,
                  "Actual Rows": 1810098,
                  "Actual Loops": 7,
                  "Index Cond": "(role_id = 1)",
                  "Rows Removed by Index Recheck": 0,
                  "Filter": "(person_id < 2423190)",
                  "Rows Removed by Filter": 0
                }
              ]
            }
          ]
        }
      ]
    },
    "Planning Time": 0.355,
    "Triggers": [],
    "Execution Time": 844.061
  }
]