[
  {
    "Plan": {
      "Node Type": "Aggregate",
      "Strategy": "Plain",
      "Partial Mode": "Finalize",
      "Parallel Aware": false,
      "Startup Cost": 253226.24,
      "Total Cost": 253226.25,
      "Plan Rows": 1,
      "Plan Width": 8,
      "Actual Startup Time": 797.727,
      "Actual Total Time": 839.467,
      "Actual Rows": 1,
      "Actual Loops": 1,
      "Plans": [
        {
          "Node Type": "Gather",
          "Parent Relationship": "Outer",
          "Parallel Aware": false,
          "Startup Cost": 253225.72,
          "Total Cost": 253226.23,
          "Plan Rows": 5,
          "Plan Width": 8,
          "Actual Startup Time": 787.617,
          "Actual Total Time": 839.447,
          "Actual Rows": 6,
          "Actual Loops": 1,
          "Workers Planned": 5,
          "Workers Launched": 5,
          "Single Copy": false,
          "Plans": [
            {
              "Node Type": "Aggregate",
              "Strategy": "Plain",
              "Partial Mode": "Partial",
              "Parent Relationship": "Outer",
              "Parallel Aware": false,
              "Startup Cost": 252225.72,
              "Total Cost": 252225.73,
              "Plan Rows": 1,
              "Plan Width": 8,
              "Actual Startup Time": 776.286,
              "Actual Total Time": 776.291,
              "Actual Rows": 1,
              "Actual Loops": 6,
              "Plans": [
                {
                  "Node Type": "Hash Join",
                  "Parent Relationship": "Outer",
                  "Parallel Aware": true,
                  "Join Type": "Inner",
                  "Startup Cost": 50297.93,
                  "Total Cost": 250998.01,
                  "Plan Rows": 491083,
                  "Plan Width": 0,
                  "Actual Startup Time": 319.13,
                  "Actual Total Time": 757.708,
                  "Actual Rows": 422188,
                  "Actual Loops": 6,
                  "Inner Unique": true,
                  "Hash Cond": "(mi.movie_id = t.id)",
                  "Plans": [
                    {
                      "Node Type": "Seq Scan",
                      "Parent Relationship": "Outer",
                      "Parallel Aware": true,
                      "Relation Name": "movie_info",
                      "Alias": "mi",
                      "Startup Cost": 0.0,
                      "Total Cost": 199108.24,
                      "Plan Rows": 606414,
                      "Plan Width": 4,
                      "Actual Startup Time": 74.452,
                      "Actual Total Time": 337.651,
                      "Actual Rows": 506120,
                      "Actual Loops": 6,
                      "Filter": "(info_type_id = 16)",
                      "Rows Removed by Filter": 1966500
                    },
                    {
                      "Node Type": "Hash",
                      "Parent Relationship": "Inner",
                      "Parallel Aware": true,
                      "Startup Cost": 43899.32,
                      "Total Cost": 43899.32,
                      "Plan Rows": 511889,
                      "Plan Width": 4,
                      "Actual Startup Time": 240.4,
                      "Actual Total Time": 240.401,
                      "Actual Rows": 338740,
                      "Actual Loops": 6,
                      "Hash Buckets": 2097152,
                      "Original Hash Buckets": 2097152,
                      "Hash Batches": 1,
                      "Original Hash Batches": 1,
                      "Peak Memory Usage": 95968,
                      "Plans": [
                        {
                          "Node Type": "Seq Scan",
                          "Parent Relationship": "Outer",
                          "Parallel Aware": true,
                          "Relation Name": "title",
                          "Alias": "t",
                          "Startup Cost": 0.0,
                          "Total Cost": 43899.32,
                          "Plan Rows": 511889,
                          "Plan Width": 4,
                          "Actual Startup Time": 0.042,
                          "Actual Total Time": 92.393,
                          "Actual Rows": 338740,
                          "Actual Loops": 6,
                          "Filter": "(production_year > 1973)",
                          "Rows Removed by Filter": 82646
                        }
                      ]
                    }
                  ]
                }
              ]
            }
          ]
        }
      ]
    },
    "Planning Time": 0.29,
    "Triggers": [],
    "Execution Time": 839.521
  }
]