[
  {
    "Plan": {
      "Node Type": "Aggregate",
      "Strategy": "Plain",
      "Partial Mode": "Finalize",
      "Parallel Aware": false,
      "Startup Cost": 33165.35,
      "Total Cost": 33165.36,
      "Plan Rows": 1,
      "Plan Width": 8,
      "Actual Startup Time": 102.699,
      "Actual Total Time": 109.54,
      "Actual Rows": 1,
      "Actual Loops": 1,
      "Plans": [
        {
          "Node Type": "Gather",
          "Parent Relationship": "Outer",
          "Parallel Aware": false,
          "Startup Cost": 33165.04,
          "Total Cost": 33165.35,
          "Plan Rows": 3,
          "Plan Width": 8,
          "Actual Startup Time": 102.436,
          "Actual Total Time": 109.527,
          "Actual Rows": 4,
          "Actual Loops": 1,
          "Workers Planned": 3,
          "Workers Launched": 3,
          "Single Copy": false,
          "Plans": [
            {
              "Node Type": "Aggregate",
              "Strategy": "Plain",
              "Partial Mode": "Partial",
              "Parent Relationship": "Outer",
              "Parallel Aware": false,
              "Startup Cost": 32165.04,
              "Total Cost": 32165.05,
              "Plan Rows": 1,
              "Plan Width": 8,
              "Actual Startup Time": 97.494,
              "Actual Total Time": 97.496,
              "Actual Rows": 1,
              "Actual Loops": 4,
              "Plans": [
                {
                  "Node Type": "Seq Scan",
                  "Parent Relationship": "Outer",
                  "Parallel Aware": true,
                  "Relation Name": "movie_companies",
                  "Alias": "mc",
                  "Startup Cost": 0.0,
                  "Total Cost": 31414.82,
                  "Plan Rows": 300087,
                  "Plan Width": 0,
                  "Actual Startup Time": 41.514,
                  "Actual Total Time": 83.458,
                  "Actual Rows": 276110,
                  "Actual Loops": 4,
                  "Filter": "((company_id > 1706) AND (company_type_id = 2))",
                  "Rows Removed by Filter": 376173
                }
              ]
            }
          ]
        }
      ]
    },
    "Planning Time": 0.145,
    "Triggers": [],
    "Execution Time": 109.584
  }
]