[
  {
    "Plan": {
      "Node Type": "Aggregate",
      "Strategy": "Plain",
      "Partial Mode": "Finalize",
      "Parallel Aware": false,
      "Startup Cost": 73804.59,
      "Total Cost": 73804.6,
      "Plan Rows": 1,
      "Plan Width": 8,
      "Actual Startup Time": 61.128,
      "Actual Total Time": 70.248,
      "Actual Rows": 1,
      "Actual Loops": 1,
      "Plans": [
        {
          "Node Type": "Gather",
          "Parent Relationship": "Outer",
          "Parallel Aware": false,
          "Startup Cost": 73804.28,
          "Total Cost": 73804.59,
          "Plan Rows": 3,
          "Plan Width": 8,
          "Actual Startup Time": 60.888,
          "Actual Total Time": 70.24,
          "Actual Rows": 4,
          "Actual Loops": 1,
          "Workers Planned": 3,
          "Workers Launched": 3,
          "Single Copy": false,
          "Plans": [
            {
              "Node Type": "Aggregate",
              "Strategy": "Plain",
              "Partial Mode": "Partial",
              "Parent Relationship": "Outer",
              "Parallel Aware": false,
              "Startup Cost": 72804.28,
              "Total Cost": 72804.29,
              "Plan Rows": 1,
              "Plan Width": 8,
              "Actual Startup Time": 52.098,
              "Actual Total Time": 52.099,
              "Actual Rows": 1,
              "Actual Loops": 4,
              "Plans": [
                {
                  "Node Type": "Nested Loop",
                  "Parent Relationship": "Outer",
                  "Parallel Aware": false,
                  "Join Type": "Inner",
                  "Startup Cost": 271.44,
                  "Total Cost": 72792.35,
                  "Plan Rows": 4769,
                  "Plan Width": 0,
                  "Actual Startup Time": 2.544,
                  "Actual Total Time": 51.517,
                  "Actual Rows": 4151,
                  "Actual Loops": 4,
                  "Inner Unique": true,
                  "Plans": [
                    {
                      "Node Type": "Bitmap Heap Scan",
                      "Parent Relationship": "Outer",
                      "Parallel Aware": true,
                      "Relation Name": "movie_info",
                      "Alias": "mi",
                      "Startup Cost": 271.01,
                      "Total Cost": 44355.18,
                      "Plan Rows": 4769,
                      "Plan Width": 4,
                      "Actual Startup Time": 2.356,
                      "Actual Total Time": 8.856,
                      "Actual Rows": 4151,
                      "Actual Loops": 4,
                      "Recheck Cond": "(info_type_id = 102)",
                      "Rows Removed by Index Recheck": 0,
                      "Exact Heap Blocks": 2159,
                      "Lossy Heap Blocks": 0,
                      "Plans": [
                        {
                          "Node Type": "Bitmap Index Scan",
                          "Parent Relationship": "Outer",
                          "Parallel Aware": false,
                          "Index Name": "info_type_id_movie_info",
                          "Startup Cost": 0.0,
                          "Total Cost": 267.31,
                          "Plan Rows": 14784,
                          "Plan Width": 0,
                          "Actual Startup Time": 6.846,
                          "Actual Total Time": 6.847,
                          "Actual Rows": 16603,
                          "Actual Loops": 1,
                          "Index Cond": "(info_type_id = 102)"
                        }
                      ]
                    },
                    {
                      "Node Type": "Index Only Scan",
                      "Parent Relationship": "Inner",
                      "Parallel Aware": false,
                      "Scan Direction": "Forward",
                      "Index Name": "title_pkey",
                      "Relation Name": "title",
                      "Alias": "t",
                      "Startup Cost": 0.43,
                      "Total Cost": 5.96,
                      "Plan Rows": 1,
                      "Plan Width": 4,
                      "Actual Startup Time": 0.01,
                      "Actual Total Time": 0.01,
                      "Actual Rows": 1,
                      "Actual Loops": 16603,
                      "Index Cond": "(id = mi.movie_id)",
                      "Rows Removed by Index Recheck": 0,
                      "Heap Fetches": 16603
                    }
                  ]
                }
              ]
            }
          ]
        }
      ]
    },
    "Planning Time": 0.606,
    "Triggers": [],
    "Execution Time": 70.337
  }
]