[
  {
    "Plan": {
      "Node Type": "Aggregate",
      "Strategy": "Plain",
      "Partial Mode": "Finalize",
      "Parallel Aware": false,
      "Startup Cost": 77415.21,
      "Total Cost": 77415.22,
      "Plan Rows": 1,
      "Plan Width": 8,
      "Actual Startup Time": 256.836,
      "Actual Total Time": 277.432,
      "Actual Rows": 1,
      "Actual Loops": 1,
      "Plans": [
        {
          "Node Type": "Gather",
          "Parent Relationship": "Outer",
          "Parallel Aware": false,
          "Startup Cost": 77414.99,
          "Total Cost": 77415.2,
          "Plan Rows": 2,
          "Plan Width": 8,
          "Actual Startup Time": 256.297,
          "Actual Total Time": 277.423,
          "Actual Rows": 3,
          "Actual Loops": 1,
          "Workers Planned": 2,
          "Workers Launched": 2,
          "Single Copy": false,
          "Plans": [
            {
              "Node Type": "Aggregate",
              "Strategy": "Plain",
              "Partial Mode": "Partial",
              "Parent Relationship": "Outer",
              "Parallel Aware": false,
              "Startup Cost": 76414.99,
              "Total Cost": 76415.0,
              "Plan Rows": 1,
              "Plan Width": 8,
              "Actual Startup Time": 252.654,
              "Actual Total Time": 252.657,
              "Actual Rows": 1,
              "Actual Loops": 3,
              "Plans": [
                {
                  "Node Type": "Nested Loop",
                  "Parent Relationship": "Outer",
                  "Parallel Aware": false,
                  "Join Type": "Inner",
                  "Startup Cost": 45600.97,
                  "Total Cost": 76395.09,
                  "Plan Rows": 7960,
                  "Plan Width": 0,
                  "Actual Startup Time": 112.972,
                  "Actual Total Time": 249.886,
                  "Actual Rows": 59769,
                  "Actual Loops": 3,
                  "Inner Unique": false,
                  "Join Filter": "(t.id = mk.movie_id)",
                  "Rows Removed by Join Filter": 0,
                  "Plans": [
                    {
                      "Node Type": "Hash Join",
                      "Parent Relationship": "Outer",
                      "Parallel Aware": true,
                      "Join Type": "Inner",
                      "Startup Cost": 45600.54,
                      "Total Cost": 60795.1,
                      "Plan Rows": 8802,
                      "Plan Width": 8,
                      "Actual Startup Time": 112.891,
                      "Actual Total Time": 190.451,
                      "Actual Rows": 13220,
                      "Actual Loops": 3,
                      "Inner Unique": true,
                      "Hash Cond": "(mi_idx.movie_id = t.id)",
                      "Plans": [
                        {
                          "Node Type": "Seq Scan",
                          "Parent Relationship": "Outer",
                          "Parallel Aware": true,
                          "Relation Name": "movie_info_idx",
                          "Alias": "mi_idx",
                          "Startup Cost": 0.0,
                          "Total Cost": 13685.15,
                          "Plan Rows": 575015,
                          "Plan Width": 4,
                          "Actual Startup Time": 0.012,
                          "Actual Total Time": 38.193,
                          "Actual Rows": 460012,
                          "Actual Loops": 3
                        },
                        {
                          "Node Type": "Hash",
                          "Parent Relationship": "Inner",
                          "Parallel Aware": true,
                          "Startup Cost": 45479.59,
                          "Total Cost": 45479.59,
                          "Plan Rows": 9676,
                          "Plan Width": 4,
                          "Actual Startup Time": 111.812,
                          "Actual Total Time": 111.813,
                          "Actual Rows": 10751,
                          "Actual Loops": 3,
                          "Hash Buckets": 65536,
                          "Original Hash Buckets": 65536,
                          "Hash Batches": 1,
                          "Original Hash Batches": 1,
                          "Peak Memory Usage": 1824,
                          "Plans": [
                            {
                              "Node Type": "Seq Scan",
                              "Parent Relationship": "Outer",
                              "Parallel Aware": true,
                              "Relation Name": "title",
                              "Alias": "t",
                              "Startup Cost": 0.0,
                              "Total Cost": 45479.59,
                              "Plan Rows": 9676,
                              "Plan Width": 4,
                              "Actual Startup Time": 0.069,
                              "Actual Total Time": 107.845,
                              "Actual Rows": 10751,
                              "Actual Loops": 3,
                              "Filter": "((kind_id < 7) AND (production_year = 2005))",
                              "Rows Removed by Filter": 832020
                            }
                          ]
                        }
                      ]
                    },
                    {
                      "Node Type": "Index Scan",
                      "Parent Relationship": "Inner",
                      "Parallel Aware": false,
                      "Scan Direction": "Forward",
                      "Index Name": "movie_id_movie_keyword",
                      "Relation Name": "movie_keyword",
                      "Alias": "mk",
                      "Startup Cost": 0.43,
                      "Total Cost": 1.48,
                      "Plan Rows": 23,
                      "Plan Width": 4,
                      "Actual Startup Time": 0.003,
                      "Actual Total Time": 0.004,
                      "Actual Rows": 5,
                      "Actual Loops": 39660,
                      "Index Cond": "(movie_id = mi_idx.movie_id)",
                      "Rows Removed by Index Recheck": 0,
                      "Filter": "(keyword_id < 4917)",
                      "Rows Removed by Filter": 4
                    }
                  ]
                }
              ]
            }
          ]
        }
      ]
    },
    "Planning Time": 0.676,
    "Triggers": [],
    "Execution Time": 277.489
  }
]