[
  {
    "Plan": {
      "Node Type": "Aggregate",
      "Strategy": "Plain",
      "Partial Mode": "Finalize",
      "Parallel Aware": false,
      "Startup Cost": 77695.87,
      "Total Cost": 77695.88,
      "Plan Rows": 1,
      "Plan Width": 8,
      "Actual Startup Time": 279.113,
      "Actual Total Time": 291.537,
      "Actual Rows": 1,
      "Actual Loops": 1,
      "Plans": [
        {
          "Node Type": "Gather",
          "Parent Relationship": "Outer",
          "Parallel Aware": false,
          "Startup Cost": 77695.55,
          "Total Cost": 77695.86,
          "Plan Rows": 3,
          "Plan Width": 8,
          "Actual Startup Time": 276.259,
          "Actual Total Time": 291.527,
          "Actual Rows": 4,
          "Actual Loops": 1,
          "Workers Planned": 3,
          "Workers Launched": 3,
          "Single Copy": false,
          "Plans": [
            {
              "Node Type": "Aggregate",
              "Strategy": "Plain",
              "Partial Mode": "Partial",
              "Parent Relationship": "Outer",
              "Parallel Aware": false,
              "Startup Cost": 76695.55,
              "Total Cost": 76695.56,
              "Plan Rows": 1,
              "Plan Width": 8,
              "Actual Startup Time": 267.583,
              "Actual Total Time": 267.587,
              "Actual Rows": 1,
              "Actual Loops": 4,
              "Plans": [
                {
                  "Node Type": "Hash Join",
                  "Parent Relationship": "Outer",
                  "Parallel Aware": true,
                  "Join Type": "Inner",
                  "Startup Cost": 55793.77,
                  "Total Cost": 76567.62,
                  "Plan Rows": 51175,
                  "Plan Width": 0,
                  "Actual Startup Time": 195.507,
                  "Actual Total Time": 265.74,
                  "Actual Rows": 37351,
                  "Actual Loops": 4,
                  "Inner Unique": true,
                  "Hash Cond": "(mc.movie_id = t.id)",
                  "Plans": [
                    {
                      "Node Type": "Bitmap Heap Scan",
                      "Parent Relationship": "Outer",
                      "Parallel Aware": true,
                      "Relation Name": "movie_companies",
                      "Alias": "mc",
                      "Startup Cost": 8811.63,
                      "Total Cost": 29241.17,
                      "Plan Rows": 131163,
                      "Plan Width": 4,
                      "Actual Startup Time": 16.744,
                      "Actual Total Time": 49.595,
                      "Actual Rows": 100846,
                      "Actual Loops": 4,
                      "Recheck Cond": "(company_id < 255)",
                      "Rows Removed by Index Recheck": 0,
                      "Exact Heap Blocks": 5929,
                      "Lossy Heap Blocks": 0,
                      "Plans": [
                        {
                          "Node Type": "Bitmap Index Scan",
                          "Parent Relationship": "Outer",
                          "Parallel Aware": false,
                          "Index Name": "company_id_movie_companies",
                          "Startup Cost": 0.0,
                          "Total Cost": 8709.98,
                          "Plan Rows": 406606,
                          "Plan Width": 0,
                          "Actual Startup Time": 13.989,
                          "Actual Total Time": 13.99,
                          "Actual Rows": 403385,
                          "Actual Loops": 1,
                          "Index Cond": "(company_id < 255)"
                        }
                      ]
                    },
                    {
                      "Node Type": "Hash",
                      "Parent Relationship": "Inner",
                      "Parallel Aware": true,
                      "Startup Cost": 43899.32,
                      "Total Cost": 43899.32,
                      "Plan Rows": 246626,
                      "Plan Width": 4,
                      "Actual Startup Time": 173.577,
                      "Actual Total Time": 173.578,
                      "Actual Rows": 246262,
                      "Actual Loops": 4,
                      "Hash Buckets": 1048576,
                      "Original Hash Buckets": 1048576,
                      "Hash Batches": 1,
                      "Original Hash Batches": 1,
                      "Peak Memory Usage": 46816,
                      "Plans": [
                        {
                          "Node Type": "Seq Scan",
                          "Parent Relationship": "Outer",
                          "Parallel Aware": true,
                          "Relation Name": "title",
                          "Alias": "t",
                          "Startup Cost": 0.0,
                          "Total Cost": 43899.32,
                          "Plan Rows": 246626,
                          "Plan Width": 4,
                          "Actual Startup Time": 0.035,
                          "Actual Total Time": 96.806,
                          "Actual Rows": 246262,
                          "Actual Loops": 4,
                          "Filter": "(kind_id < 7)",
                          "Rows Removed by Filter": 385816
                        }
                      ]
                    }
                  ]
                }
              ]
            }
          ]
        }
      ]
    },
    "Planning Time": 0.712,
    "Triggers": [],
    "Execution Time": 291.628
  }
]