[
    {
        "Bao": {
            "Bao prediction": "NaN",
            "Bao recommended hint": "(no hint)"
        }
    },
    {
        "Plan": {
            "Node Type": "Aggregate",
            "Strategy": "Plain",
            "Partial Mode": "Finalize",
            "Parallel Aware": false,
            "Startup Cost": 32765.19,
            "Total Cost": 32765.2,
            "Plan Rows": 1,
            "Plan Width": 8,
            "Actual Startup Time": 87.901,
            "Actual Total Time": 93.833,
            "Actual Rows": 1,
            "Actual Loops": 1,
            "Output": [
                "count(*)"
            ],
            "Plans": [
                {
                    "Node Type": "Gather",
                    "Parent Relationship": "Outer",
                    "Parallel Aware": false,
                    "Startup Cost": 32764.88,
                    "Total Cost": 32765.19,
                    "Plan Rows": 3,
                    "Plan Width": 8,
                    "Actual Startup Time": 87.827,
                    "Actual Total Time": 93.827,
                    "Actual Rows": 4,
                    "Actual Loops": 1,
                    "Output": [
                        "(PARTIAL count(*))"
                    ],
                    "Workers Planned": 3,
                    "Workers Launched": 3,
                    "Single Copy": false,
                    "Plans": [
                        {
                            "Node Type": "Aggregate",
                            "Strategy": "Plain",
                            "Partial Mode": "Partial",
                            "Parent Relationship": "Outer",
                            "Parallel Aware": false,
                            "Startup Cost": 31764.88,
                            "Total Cost": 31764.89,
                            "Plan Rows": 1,
                            "Plan Width": 8,
                            "Actual Startup Time": 79.693,
                            "Actual Total Time": 79.694,
                            "Actual Rows": 1,
                            "Actual Loops": 4,
                            "Output": [
                                "PARTIAL count(*)"
                            ],
                            "Workers": [
                                {
                                    "Worker Number": 0,
                                    "Actual Startup Time": 76.702,
                                    "Actual Total Time": 76.703,
                                    "Actual Rows": 1,
                                    "Actual Loops": 1
                                },
                                {
                                    "Worker Number": 1,
                                    "Actual Startup Time": 77.138,
                                    "Actual Total Time": 77.139,
                                    "Actual Rows": 1,
                                    "Actual Loops": 1
                                },
                                {
                                    "Worker Number": 2,
                                    "Actual Startup Time": 77.386,
                                    "Actual Total Time": 77.387,
                                    "Actual Rows": 1,
                                    "Actual Loops": 1
                                }
                            ],
                            "Plans": [
                                {
                                    "Node Type": "Seq Scan",
                                    "Parent Relationship": "Outer",
                                    "Parallel Aware": true,
                                    "Relation Name": "movie_companies",
                                    "Schema": "public",
                                    "Alias": "mc",
                                    "Startup Cost": 0.0,
                                    "Total Cost": 31414.82,
                                    "Plan Rows": 140023,
                                    "Plan Width": 0,
                                    "Actual Startup Time": 39.625,
                                    "Actual Total Time": 71.97,
                                    "Actual Rows": 189098,
                                    "Actual Loops": 4,
                                    "Output": [
                                        "id",
                                        "movie_id",
                                        "company_id",
                                        "company_type_id",
                                        "note"
                                    ],
                                    "Filter": "((mc.company_id > 24870) AND (mc.company_type_id = 2))",
                                    "Rows Removed by Filter": 463185,
                                    "Workers": [
                                        {
                                            "Worker Number": 0,
                                            "Actual Startup Time": 36.629,
                                            "Actual Total Time": 69.229,
                                            "Actual Rows": 177713,
                                            "Actual Loops": 1
                                        },
                                        {
                                            "Worker Number": 1,
                                            "Actual Startup Time": 37.08,
                                            "Actual Total Time": 69.727,
                                            "Actual Rows": 181418,
                                            "Actual Loops": 1
                                        },
                                        {
                                            "Worker Number": 2,
                                            "Actual Startup Time": 37.327,
                                            "Actual Total Time": 69.985,
                                            "Actual Rows": 180988,
                                            "Actual Loops": 1
                                        }
                                    ]
                                }
                            ]
                        }
                    ]
                }
            ]
        },
        "Planning Time": 180.358,
        "Triggers": [],
        "Execution Time": 93.884
    }
]