[
    {
        "Bao": {
            "Bao prediction": "NaN",
            "Bao recommended hint": "(no hint)"
        }
    },
    {
        "Plan": {
            "Node Type": "Aggregate",
            "Strategy": "Plain",
            "Partial Mode": "Finalize",
            "Parallel Aware": false,
            "Startup Cost": 378784.35,
            "Total Cost": 378784.36,
            "Plan Rows": 1,
            "Plan Width": 8,
            "Actual Startup Time": 3790.242,
            "Actual Total Time": 3863.283,
            "Actual Rows": 1,
            "Actual Loops": 1,
            "Output": [
                "count(*)"
            ],
            "Plans": [
                {
                    "Node Type": "Gather",
                    "Parent Relationship": "Outer",
                    "Parallel Aware": false,
                    "Startup Cost": 378783.83,
                    "Total Cost": 378784.34,
                    "Plan Rows": 5,
                    "Plan Width": 8,
                    "Actual Startup Time": 3789.635,
                    "Actual Total Time": 3863.273,
                    "Actual Rows": 6,
                    "Actual Loops": 1,
                    "Output": [
                        "(PARTIAL count(*))"
                    ],
                    "Workers Planned": 5,
                    "Workers Launched": 5,
                    "Single Copy": false,
                    "Plans": [
                        {
                            "Node Type": "Aggregate",
                            "Strategy": "Plain",
                            "Partial Mode": "Partial",
                            "Parent Relationship": "Outer",
                            "Parallel Aware": false,
                            "Startup Cost": 377783.83,
                            "Total Cost": 377783.84,
                            "Plan Rows": 1,
                            "Plan Width": 8,
                            "Actual Startup Time": 3779.568,
                            "Actual Total Time": 3779.572,
                            "Actual Rows": 1,
                            "Actual Loops": 6,
                            "Output": [
                                "PARTIAL count(*)"
                            ],
                            "Workers": [
                                {
                                    "Worker Number": 0,
                                    "Actual Startup Time": 3777.14,
                                    "Actual Total Time": 3777.144,
                                    "Actual Rows": 1,
                                    "Actual Loops": 1
                                },
                                {
                                    "Worker Number": 1,
                                    "Actual Startup Time": 3777.358,
                                    "Actual Total Time": 3777.36,
                                    "Actual Rows": 1,
                                    "Actual Loops": 1
                                },
                                {
                                    "Worker Number": 2,
                                    "Actual Startup Time": 3777.518,
                                    "Actual Total Time": 3777.521,
                                    "Actual Rows": 1,
                                    "Actual Loops": 1
                                },
                                {
                                    "Worker Number": 3,
                                    "Actual Startup Time": 3777.769,
                                    "Actual Total Time": 3777.773,
                                    "Actual Rows": 1,
                                    "Actual Loops": 1
                                },
                                {
                                    "Worker Number": 4,
                                    "Actual Startup Time": 3778.466,
                                    "Actual Total Time": 3778.469,
                                    "Actual Rows": 1,
                                    "Actual Loops": 1
                                }
                            ],
                            "Plans": [
                                {
                                    "Node Type": "Nested Loop",
                                    "Parent Relationship": "Outer",
                                    "Parallel Aware": false,
                                    "Join Type": "Inner",
                                    "Startup Cost": 45672.62,
                                    "Total Cost": 375201.9,
                                    "Plan Rows": 1032771,
                                    "Plan Width": 0,
                                    "Actual Startup Time": 86.915,
                                    "Actual Total Time": 3628.266,
                                    "Actual Rows": 3263613,
                                    "Actual Loops": 6,
                                    "Inner Unique": false,
                                    "Join Filter": "(t.id = ci.movie_id)",
                                    "Rows Removed by Join Filter": 0,
                                    "Workers": [
                                        {
                                            "Worker Number": 0,
                                            "Actual Startup Time": 84.486,
                                            "Actual Total Time": 3627.433,
                                            "Actual Rows": 3337496,
                                            "Actual Loops": 1
                                        },
                                        {
                                            "Worker Number": 1,
                                            "Actual Startup Time": 84.718,
                                            "Actual Total Time": 3638.996,
                                            "Actual Rows": 3267830,
                                            "Actual Loops": 1
                                        },
                                        {
                                            "Worker Number": 2,
                                            "Actual Startup Time": 84.951,
                                            "Actual Total Time": 3614.356,
                                            "Actual Rows": 2669910,
                                            "Actual Loops": 1
                                        },
                                        {
                                            "Worker Number": 3,
                                            "Actual Startup Time": 85.131,
                                            "Actual Total Time": 3637.381,
                                            "Actual Rows": 3327328,
                                            "Actual Loops": 1
                                        },
                                        {
                                            "Worker Number": 4,
                                            "Actual Startup Time": 85.738,
                                            "Actual Total Time": 3626.459,
                                            "Actual Rows": 3362137,
                                            "Actual Loops": 1
                                        }
                                    ],
                                    "Plans": [
                                        {
                                            "Node Type": "Hash Join",
                                            "Parent Relationship": "Outer",
                                            "Parallel Aware": true,
                                            "Join Type": "Inner",
                                            "Startup Cost": 45672.06,
                                            "Total Cost": 244921.68,
                                            "Plan Rows": 72027,
                                            "Plan Width": 8,
                                            "Actual Startup Time": 86.817,
                                            "Actual Total Time": 679.575,
                                            "Actual Rows": 100232,
                                            "Actual Loops": 6,
                                            "Output": [
                                                "t.id",
                                                "mi.movie_id"
                                            ],
                                            "Inner Unique": true,
                                            "Hash Cond": "(mi.movie_id = t.id)",
                                            "Workers": [
                                                {
                                                    "Worker Number": 0,
                                                    "Actual Startup Time": 84.376,
                                                    "Actual Total Time": 680.882,
                                                    "Actual Rows": 101189,
                                                    "Actual Loops": 1
                                                },
                                                {
                                                    "Worker Number": 1,
                                                    "Actual Startup Time": 84.605,
                                                    "Actual Total Time": 675.591,
                                                    "Actual Rows": 100204,
                                                    "Actual Loops": 1
                                                },
                                                {
                                                    "Worker Number": 2,
                                                    "Actual Startup Time": 84.827,
                                                    "Actual Total Time": 704.308,
                                                    "Actual Rows": 88565,
                                                    "Actual Loops": 1
                                                },
                                                {
                                                    "Worker Number": 3,
                                                    "Actual Startup Time": 85.03,
                                                    "Actual Total Time": 665.205,
                                                    "Actual Rows": 100272,
                                                    "Actual Loops": 1
                                                },
                                                {
                                                    "Worker Number": 4,
                                                    "Actual Startup Time": 85.634,
                                                    "Actual Total Time": 679.92,
                                                    "Actual Rows": 99173,
                                                    "Actual Loops": 1
                                                }
                                            ],
                                            "Plans": [
                                                {
                                                    "Node Type": "Seq Scan",
                                                    "Parent Relationship": "Outer",
                                                    "Parallel Aware": true,
                                                    "Relation Name": "movie_info",
                                                    "Schema": "public",
                                                    "Alias": "mi",
                                                    "Startup Cost": 0.0,
                                                    "Total Cost": 191503.19,
                                                    "Plan Rows": 2951019,
                                                    "Plan Width": 4,
                                                    "Actual Startup Time": 0.023,
                                                    "Actual Total Time": 254.573,
                                                    "Actual Rows": 2472620,
                                                    "Actual Loops": 6,
                                                    "Output": [
                                                        "mi.id",
                                                        "mi.movie_id",
                                                        "mi.info_type_id",
                                                        "mi.info",
                                                        "mi.note"
                                                    ],
                                                    "Workers": [
                                                        {
                                                            "Worker Number": 0,
                                                            "Actual Startup Time": 0.024,
                                                            "Actual Total Time": 257.283,
                                                            "Actual Rows": 2507158,
                                                            "Actual Loops": 1
                                                        },
                                                        {
                                                            "Worker Number": 1,
                                                            "Actual Startup Time": 0.028,
                                                            "Actual Total Time": 263.987,
                                                            "Actual Rows": 2496594,
                                                            "Actual Loops": 1
                                                        },
                                                        {
                                                            "Worker Number": 2,
                                                            "Actual Startup Time": 0.033,
                                                            "Actual Total Time": 269.779,
                                                            "Actual Rows": 2067909,
                                                            "Actual Loops": 1
                                                        },
                                                        {
                                                            "Worker Number": 3,
                                                            "Actual Startup Time": 0.025,
                                                            "Actual Total Time": 258.994,
                                                            "Actual Rows": 2458017,
                                                            "Actual Loops": 1
                                                        },
                                                        {
                                                            "Worker Number": 4,
                                                            "Actual Startup Time": 0.021,
                                                            "Actual Total Time": 255.271,
                                                            "Actual Rows": 2460716,
                                                            "Actual Loops": 1
                                                        }
                                                    ]
                                                },
                                                {
                                                    "Node Type": "Hash",
                                                    "Parent Relationship": "Inner",
                                                    "Parallel Aware": true,
                                                    "Startup Cost": 45479.21,
                                                    "Total Cost": 45479.21,
                                                    "Plan Rows": 15428,
                                                    "Plan Width": 4,
                                                    "Actual Startup Time": 77.474,
                                                    "Actual Total Time": 77.475,
                                                    "Actual Rows": 10264,
                                                    "Actual Loops": 6,
                                                    "Output": [
                                                        "t.id"
                                                    ],
                                                    "Hash Buckets": 65536,
                                                    "Original Hash Buckets": 65536,
                                                    "Hash Batches": 1,
                                                    "Original Hash Batches": 1,
                                                    "Peak Memory Usage": 3040,
                                                    "Workers": [
                                                        {
                                                            "Worker Number": 0,
                                                            "Actual Startup Time": 75.123,
                                                            "Actual Total Time": 75.125,
                                                            "Actual Rows": 9892,
                                                            "Actual Loops": 1
                                                        },
                                                        {
                                                            "Worker Number": 1,
                                                            "Actual Startup Time": 75.336,
                                                            "Actual Total Time": 75.337,
                                                            "Actual Rows": 9298,
                                                            "Actual Loops": 1
                                                        },
                                                        {
                                                            "Worker Number": 2,
                                                            "Actual Startup Time": 75.504,
                                                            "Actual Total Time": 75.505,
                                                            "Actual Rows": 6916,
                                                            "Actual Loops": 1
                                                        },
                                                        {
                                                            "Worker Number": 3,
                                                            "Actual Startup Time": 75.696,
                                                            "Actual Total Time": 75.696,
                                                            "Actual Rows": 9558,
                                                            "Actual Loops": 1
                                                        },
                                                        {
                                                            "Worker Number": 4,
                                                            "Actual Startup Time": 76.362,
                                                            "Actual Total Time": 76.363,
                                                            "Actual Rows": 9990,
                                                            "Actual Loops": 1
                                                        }
                                                    ],
                                                    "Plans": [
                                                        {
                                                            "Node Type": "Seq Scan",
                                                            "Parent Relationship": "Outer",
                                                            "Parallel Aware": true,
                                                            "Relation Name": "title",
                                                            "Schema": "public",
                                                            "Alias": "t",
                                                            "Startup Cost": 0.0,
                                                            "Total Cost": 45479.21,
                                                            "Plan Rows": 15428,
                                                            "Plan Width": 4,
                                                            "Actual Startup Time": 39.348,
                                                            "Actual Total Time": 73.585,
                                                            "Actual Rows": 10264,
                                                            "Actual Loops": 6,
                                                            "Output": [
                                                                "t.id"
                                                            ],
                                                            "Filter": "((t.production_year > 2011) AND (t.kind_id = 1))",
                                                            "Rows Removed by Filter": 411122,
                                                            "Workers": [
                                                                {
                                                                    "Worker Number": 0,
                                                                    "Actual Startup Time": 44.347,
                                                                    "Actual Total Time": 71.512,
                                                                    "Actual Rows": 9892,
                                                                    "Actual Loops": 1
                                                                },
                                                                {
                                                                    "Worker Number": 1,
                                                                    "Actual Startup Time": 44.855,
                                                                    "Actual Total Time": 71.221,
                                                                    "Actual Rows": 9298,
                                                                    "Actual Loops": 1
                                                                },
                                                                {
                                                                    "Worker Number": 2,
                                                                    "Actual Startup Time": 44.723,
                                                                    "Actual Total Time": 72.123,
                                                                    "Actual Rows": 6916,
                                                                    "Actual Loops": 1
                                                                },
                                                                {
                                                                    "Worker Number": 3,
                                                                    "Actual Startup Time": 45.289,
                                                                    "Actual Total Time": 72.042,
                                                                    "Actual Rows": 9558,
                                                                    "Actual Loops": 1
                                                                },
                                                                {
                                                                    "Worker Number": 4,
                                                                    "Actual Startup Time": 0.95,
                                                                    "Actual Total Time": 72.971,
                                                                    "Actual Rows": 9990,
                                                                    "Actual Loops": 1
                                                                }
                                                            ]
                                                        }
                                                    ]
                                                }
                                            ]
                                        },
                                        {
                                            "Node Type": "Index Only Scan",
                                            "Parent Relationship": "Inner",
                                            "Parallel Aware": false,
                                            "Scan Direction": "Forward",
                                            "Index Name": "movie_id_cast_info",
                                            "Relation Name": "cast_info",
                                            "Schema": "public",
                                            "Alias": "ci",
                                            "Startup Cost": 0.56,
                                            "Total Cost": 1.33,
                                            "Plan Rows": 38,
                                            "Plan Width": 4,
                                            "Actual Startup Time": 0.006,
                                            "Actual Total Time": 0.026,
                                            "Actual Rows": 33,
                                            "Actual Loops": 601390,
                                            "Output": [
                                                "ci.movie_id"
                                            ],
                                            "Index Cond": "(ci.movie_id = mi.movie_id)",
                                            "Rows Removed by Index Recheck": 0,
                                            "Heap Fetches": 19581679,
                                            "Workers": [
                                                {
                                                    "Worker Number": 0,
                                                    "Actual Startup Time": 0.006,
                                                    "Actual Total Time": 0.026,
                                                    "Actual Rows": 33,
                                                    "Actual Loops": 101189
                                                },
                                                {
                                                    "Worker Number": 1,
                                                    "Actual Startup Time": 0.006,
                                                    "Actual Total Time": 0.027,
                                                    "Actual Rows": 33,
                                                    "Actual Loops": 100204
                                                },
                                                {
                                                    "Worker Number": 2,
                                                    "Actual Startup Time": 0.007,
                                                    "Actual Total Time": 0.029,
                                                    "Actual Rows": 30,
                                                    "Actual Loops": 88565
                                                },
                                                {
                                                    "Worker Number": 3,
                                                    "Actual Startup Time": 0.006,
                                                    "Actual Total Time": 0.027,
                                                    "Actual Rows": 33,
                                                    "Actual Loops": 100272
                                                },
                                                {
                                                    "Worker Number": 4,
                                                    "Actual Startup Time": 0.006,
                                                    "Actual Total Time": 0.027,
                                                    "Actual Rows": 34,
                                                    "Actual Loops": 99173
                                                }
                                            ]
                                        }
                                    ]
                                }
                            ]
                        }
                    ]
                }
            ]
        },
        "Planning Time": 188.017,
        "Triggers": [],
        "Execution Time": 3863.393
    }
]