[
  {
    "Plan": {
      "Node Type": "Aggregate",
      "Strategy": "Plain",
      "Partial Mode": "Finalize",
      "Parallel Aware": false,
      "Startup Cost": 44857.77,
      "Total Cost": 44857.78,
      "Plan Rows": 1,
      "Plan Width": 8,
      "Actual Startup Time": 137.874,
      "Actual Total Time": 147.563,
      "Actual Rows": 1,
      "Actual Loops": 1,
      "Plans": [
        {
          "Node Type": "Gather",
          "Parent Relationship": "Outer",
          "Parallel Aware": false,
          "Startup Cost": 44857.45,
          "Total Cost": 44857.76,
          "Plan Rows": 3,
          "Plan Width": 8,
          "Actual Startup Time": 137.743,
          "Actual Total Time": 147.554,
          "Actual Rows": 4,
          "Actual Loops": 1,
          "Workers Planned": 3,
          "Workers Launched": 3,
          "Single Copy": false,
          "Plans": [
            {
              "Node Type": "Aggregate",
              "Strategy": "Plain",
              "Partial Mode": "Partial",
              "Parent Relationship": "Outer",
              "Parallel Aware": false,
              "Startup Cost": 43857.45,
              "Total Cost": 43857.46,
              "Plan Rows": 1,
              "Plan Width": 8,
              "Actual Startup Time": 131.689,
              "Actual Total Time": 131.69,
              "Actual Rows": 1,
              "Actual Loops": 4,
              "Plans": [
                {
                  "Node Type": "Seq Scan",
                  "Parent Relationship": "Outer",
                  "Parallel Aware": true,
                  "Relation Name": "movie_keyword",
                  "Alias": "mk",
                  "Startup Cost": 0.0,
                  "Total Cost": 42695.65,
                  "Plan Rows": 464719,
                  "Plan Width": 0,
                  "Actual Startup Time": 0.049,
                  "Actual Total Time": 113.175,
                  "Actual Rows": 363164,
                  "Actual Loops": 4,
                  "Filter": "(keyword_id < 2045)",
                  "Rows Removed by Filter": 767819
                }
              ]
            }
          ]
        }
      ]
    },
    "Planning Time": 0.151,
    "Triggers": [],
    "Execution Time": 147.609
  }
]