[
  {
    "Plan": {
      "Node Type": "Aggregate",
      "Strategy": "Plain",
      "Partial Mode": "Finalize",
      "Parallel Aware": false,
      "Startup Cost": 46373.31,
      "Total Cost": 46373.32,
      "Plan Rows": 1,
      "Plan Width": 8,
      "Actual Startup Time": 164.732,
      "Actual Total Time": 175.139,
      "Actual Rows": 1,
      "Actual Loops": 1,
      "Plans": [
        {
          "Node Type": "Gather",
          "Parent Relationship": "Outer",
          "Parallel Aware": false,
          "Startup Cost": 46372.99,
          "Total Cost": 46373.3,
          "Plan Rows": 3,
          "Plan Width": 8,
          "Actual Startup Time": 164.631,
          "Actual Total Time": 175.131,
          "Actual Rows": 4,
          "Actual Loops": 1,
          "Workers Planned": 3,
          "Workers Launched": 3,
          "Single Copy": false,
          "Plans": [
            {
              "Node Type": "Aggregate",
              "Strategy": "Plain",
              "Partial Mode": "Partial",
              "Parent Relationship": "Outer",
              "Parallel Aware": false,
              "Startup Cost": 45372.99,
              "Total Cost": 45373.0,
              "Plan Rows": 1,
              "Plan Width": 8,
              "Actual Startup Time": 156.304,
              "Actual Total Time": 156.305,
              "Actual Rows": 1,
              "Actual Loops": 4,
              "Plans": [
                {
                  "Node Type": "Seq Scan",
                  "Parent Relationship": "Outer",
                  "Parallel Aware": true,
                  "Relation Name": "movie_keyword",
                  "Alias": "mk",
                  "Startup Cost": 0.0,
                  "Total Cost": 42695.65,
                  "Plan Rows": 1070935,
                  "Plan Width": 0,
                  "Actual Startup Time": 0.186,
                  "Actual Total Time": 119.761,
                  "Actual Rows": 828371,
                  "Actual Loops": 4,
                  "Filter": "(keyword_id > 1517)",
                  "Rows Removed by Filter": 302612
                }
              ]
            }
          ]
        }
      ]
    },
    "Planning Time": 0.155,
    "Triggers": [],
    "Execution Time": 175.189
  }
]