{
  "Plan": {
    "Node Type": "Aggregate",
    "Strategy": "Plain",
    "Partial Mode": "Finalize",
    "Parallel Aware": false,
    "Startup Cost": 653436.95,
    "Total Cost": 653436.96,
    "Plan Rows": 1,
    "Plan Width": 8,
    "Actual Startup Time": 2482.308,
    "Actual Total Time": 2559.747,
    "Actual Rows": 1,
    "Actual Loops": 1,
    "Plans": [
      {
        "Node Type": "Gather",
        "Parent Relationship": "Outer",
        "Parallel Aware": false,
        "Startup Cost": 653436.83,
        "Total Cost": 653436.94,
        "Plan Rows": 1,
        "Plan Width": 8,
        "Actual Startup Time": 2480.655,
        "Actual Total Time": 2559.738,
        "Actual Rows": 2,
        "Actual Loops": 1,
        "Workers Planned": 1,
        "Workers Launched": 1,
        "Single Copy": false,
        "Plans": [
          {
            "Node Type": "Aggregate",
            "Strategy": "Plain",
            "Partial Mode": "Partial",
            "Parent Relationship": "Outer",
            "Parallel Aware": false,
            "Startup Cost": 652436.83,
            "Total Cost": 652436.84,
            "Plan Rows": 1,
            "Plan Width": 8,
            "Actual Startup Time": 2474.841,
            "Actual Total Time": 2474.845,
            "Actual Rows": 1,
            "Actual Loops": 2,
            "Plans": [
              {
                "Node Type": "Hash Join",
                "Parent Relationship": "Outer",
                "Parallel Aware": true,
                "Join Type": "Inner",
                "Startup Cost": 63597.58,
                "Total Cost": 648919.53,
                "Plan Rows": 1406923,
                "Plan Width": 0,
                "Actual Startup Time": 921.287,
                "Actual Total Time": 2452.786,
                "Actual Rows": 437287,
                "Actual Loops": 2,
                "Inner Unique": true,
                "Hash Cond": "(ci.movie_id = t.id)",
                "Plans": [
                  {
                    "Node Type": "Seq Scan",
                    "Parent Relationship": "Outer",
                    "Parallel Aware": true,
                    "Relation Name": "cast_info",
                    "Alias": "ci",
                    "Startup Cost": 0.0,
                    "Total Cost": 572345.93,
                    "Plan Rows": 4943236,
                    "Plan Width": 4,
                    "Actual Startup Time": 604.781,
                    "Actual Total Time": 1721.099,
                    "Actual Rows": 1777048,
                    "Actual Loops": 2,
                    "Filter": "((person_id < 1265070) AND (role_id > 1))",
                    "Rows Removed by Filter": 16345124
                  },
                  {
                    "Node Type": "Hash",
                    "Parent Relationship": "Inner",
                    "Parallel Aware": true,
                    "Startup Cost": 58306.47,
                    "Total Cost": 58306.47,
                    "Plan Rows": 423289,
                    "Plan Width": 4,
                    "Actual Startup Time": 266.615,
                    "Actual Total Time": 266.616,
                    "Actual Rows": 319215,
                    "Actual Loops": 2,
                    "Hash Buckets": 1048576,
                    "Original Hash Buckets": 1048576,
                    "Hash Batches": 1,
                    "Original Hash Batches": 1,
                    "Peak Memory Usage": 33216,
                    "Plans": [
                      {
                        "Node Type": "Seq Scan",
                        "Parent Relationship": "Outer",
                        "Parallel Aware": true,
                        "Relation Name": "title",
                        "Alias": "t",
                        "Startup Cost": 0.0,
                        "Total Cost": 58306.47,
                        "Plan Rows": 423289,
                        "Plan Width": 4,
                        "Actual Startup Time": 0.037,
                        "Actual Total Time": 178.358,
                        "Actual Rows": 319215,
                        "Actual Loops": 2,
                        "Filter": "((production_year < 2003) AND (kind_id = 7))",
                        "Rows Removed by Filter": 944941
                      }
                    ]
                  }
                ]
              }
            ]
          }
        ]
      }
    ]
  },
  "Planning Time": 0.683,
  "Triggers": [],
  "Execution Time": 2559.834
}