[
  {
    "Plan": {
      "Node Type": "Aggregate",
      "Strategy": "Plain",
      "Partial Mode": "Finalize",
      "Parallel Aware": false,
      "Startup Cost": 46580.53,
      "Total Cost": 46580.54,
      "Plan Rows": 1,
      "Plan Width": 8,
      "Actual Startup Time": 109.391,
      "Actual Total Time": 123.256,
      "Actual Rows": 1,
      "Actual Loops": 1,
      "Plans": [
        {
          "Node Type": "Gather",
          "Parent Relationship": "Outer",
          "Parallel Aware": false,
          "Startup Cost": 46580.11,
          "Total Cost": 46580.52,
          "Plan Rows": 4,
          "Plan Width": 8,
          "Actual Startup Time": 109.096,
          "Actual Total Time": 123.242,
          "Actual Rows": 5,
          "Actual Loops": 1,
          "Workers Planned": 4,
          "Workers Launched": 4,
          "Single Copy": false,
          "Plans": [
            {
              "Node Type": "Aggregate",
              "Strategy": "Plain",
              "Partial Mode": "Partial",
              "Parent Relationship": "Outer",
              "Parallel Aware": false,
              "Startup Cost": 45580.11,
              "Total Cost": 45580.12,
              "Plan Rows": 1,
              "Plan Width": 8,
              "Actual Startup Time": 102.828,
              "Actual Total Time": 102.829,
              "Actual Rows": 1,
              "Actual Loops": 5,
              "Plans": [
                {
                  "Node Type": "Seq Scan",
                  "Parent Relationship": "Outer",
                  "Parallel Aware": true,
                  "Relation Name": "title",
                  "Alias": "t",
                  "Startup Cost": 0.0,
                  "Total Cost": 45479.59,
                  "Plan Rows": 40208,
                  "Plan Width": 0,
                  "Actual Startup Time": 0.035,
                  "Actual Total Time": 100.473,
                  "Actual Rows": 32444,
                  "Actual Loops": 5,
                  "Filter": "((kind_id > 2) AND (production_year > 2011))",
                  "Rows Removed by Filter": 473219
                }
              ]
            }
          ]
        }
      ]
    },
    "Planning Time": 0.19,
    "Triggers": [],
    "Execution Time": 123.314
  }
]