[
  {
    "Plan": {
      "Node Type": "Aggregate",
      "Strategy": "Plain",
      "Partial Mode": "Finalize",
      "Parallel Aware": false,
      "Startup Cost": 45666.34,
      "Total Cost": 45666.35,
      "Plan Rows": 1,
      "Plan Width": 8,
      "Actual Startup Time": 154.262,
      "Actual Total Time": 163.455,
      "Actual Rows": 1,
      "Actual Loops": 1,
      "Plans": [
        {
          "Node Type": "Gather",
          "Parent Relationship": "Outer",
          "Parallel Aware": false,
          "Startup Cost": 45666.03,
          "Total Cost": 45666.34,
          "Plan Rows": 3,
          "Plan Width": 8,
          "Actual Startup Time": 154.127,
          "Actual Total Time": 163.446,
          "Actual Rows": 4,
          "Actual Loops": 1,
          "Workers Planned": 3,
          "Workers Launched": 3,
          "Single Copy": false,
          "Plans": [
            {
              "Node Type": "Aggregate",
              "Strategy": "Plain",
              "Partial Mode": "Partial",
              "Parent Relationship": "Outer",
              "Parallel Aware": false,
              "Startup Cost": 44666.03,
              "Total Cost": 44666.04,
              "Plan Rows": 1,
              "Plan Width": 8,
              "Actual Startup Time": 145.744,
              "Actual Total Time": 145.745,
              "Actual Rows": 1,
              "Actual Loops": 4,
              "Plans": [
                {
                  "Node Type": "Seq Scan",
                  "Parent Relationship": "Outer",
                  "Parallel Aware": true,
                  "Relation Name": "movie_keyword",
                  "Alias": "mk",
                  "Startup Cost": 0.0,
                  "Total Cost": 42695.65,
                  "Plan Rows": 788149,
                  "Plan Width": 0,
                  "Actual Startup Time": 0.064,
                  "Actual Total Time": 118.157,
                  "Actual Rows": 611251,
                  "Actual Loops": 4,
                  "Filter": "(keyword_id < 5827)",
                  "Rows Removed by Filter": 519731
                }
              ]
            }
          ]
        }
      ]
    },
    "Planning Time": 0.163,
    "Triggers": [],
    "Execution Time": 163.507
  }
]