[
  {
    "Plan": {
      "Node Type": "Aggregate",
      "Strategy": "Plain",
      "Partial Mode": "Finalize",
      "Parallel Aware": false,
      "Startup Cost": 63455.1,
      "Total Cost": 63455.11,
      "Plan Rows": 1,
      "Plan Width": 8,
      "Actual Startup Time": 368.669,
      "Actual Total Time": 388.915,
      "Actual Rows": 1,
      "Actual Loops": 1,
      "Plans": [
        {
          "Node Type": "Gather",
          "Parent Relationship": "Outer",
          "Parallel Aware": false,
          "Startup Cost": 63454.88,
          "Total Cost": 63455.09,
          "Plan Rows": 2,
          "Plan Width": 8,
          "Actual Startup Time": 366.525,
          "Actual Total Time": 388.9,
          "Actual Rows": 3,
          "Actual Loops": 1,
          "Workers Planned": 2,
          "Workers Launched": 2,
          "Single Copy": false,
          "Plans": [
            {
              "Node Type": "Aggregate",
              "Strategy": "Plain",
              "Partial Mode": "Partial",
              "Parent Relationship": "Outer",
              "Parallel Aware": false,
              "Startup Cost": 62454.88,
              "Total Cost": 62454.89,
              "Plan Rows": 1,
              "Plan Width": 8,
              "Actual Startup Time": 361.885,
              "Actual Total Time": 361.889,
              "Actual Rows": 1,
              "Actual Loops": 3,
              "Plans": [
                {
                  "Node Type": "Hash Join",
                  "Parent Relationship": "Outer",
                  "Parallel Aware": true,
                  "Join Type": "Inner",
                  "Startup Cost": 46986.21,
                  "Total Cost": 62180.77,
                  "Plan Rows": 109644,
                  "Plan Width": 0,
                  "Actual Startup Time": 256.706,
                  "Actual Total Time": 353.769,
                  "Actual Rows": 124495,
                  "Actual Loops": 3,
                  "Inner Unique": true,
                  "Hash Cond": "(mi_idx.movie_id = t.id)",
                  "Plans": [
                    {
                      "Node Type": "Seq Scan",
                      "Parent Relationship": "Outer",
                      "Parallel Aware": true,
                      "Relation Name": "movie_info_idx",
                      "Alias": "mi_idx",
                      "Startup Cost": 0.0,
                      "Total Cost": 13685.15,
                      "Plan Rows": 575015,
                      "Plan Width": 4,
                      "Actual Startup Time": 0.009,
                      "Actual Total Time": 55.686,
                      "Actual Rows": 460012,
                      "Actual Loops": 3
                    },
                    {
                      "Node Type": "Hash",
                      "Parent Relationship": "Inner",
                      "Parallel Aware": true,
                      "Startup Cost": 45479.59,
                      "Total Cost": 45479.59,
                      "Plan Rows": 120530,
                      "Plan Width": 4,
                      "Actual Startup Time": 197.381,
                      "Actual Total Time": 197.382,
                      "Actual Rows": 118409,
                      "Actual Loops": 3,
                      "Hash Buckets": 524288,
                      "Original Hash Buckets": 524288,
                      "Hash Batches": 1,
                      "Original Hash Batches": 1,
                      "Peak Memory Usage": 18048,
                      "Plans": [
                        {
                          "Node Type": "Seq Scan",
                          "Parent Relationship": "Outer",
                          "Parallel Aware": true,
                          "Relation Name": "title",
                          "Alias": "t",
                          "Startup Cost": 0.0,
                          "Total Cost": 45479.59,
                          "Plan Rows": 120530,
                          "Plan Width": 4,
                          "Actual Startup Time": 59.67,
                          "Actual Total Time": 156.408,
                          "Actual Rows": 118409,
                          "Actual Loops": 3,
                          "Filter": "((production_year > 1986) AND (kind_id = 1))",
                          "Rows Removed by Filter": 724362
                        }
                      ]
                    }
                  ]
                }
              ]
            }
          ]
        }
      ]
    },
    "Planning Time": 0.283,
    "Triggers": [],
    "Execution Time": 388.961
  }
]