[
  {
    "Plan": {
      "Node Type": "Aggregate",
      "Strategy": "Plain",
      "Partial Mode": "Finalize",
      "Parallel Aware": false,
      "Startup Cost": 343130.62,
      "Total Cost": 343130.63,
      "Plan Rows": 1,
      "Plan Width": 8,
      "Actual Startup Time": 853.921,
      "Actual Total Time": 910.307,
      "Actual Rows": 1,
      "Actual Loops": 1,
      "Plans": [
        {
          "Node Type": "Gather",
          "Parent Relationship": "Outer",
          "Parallel Aware": false,
          "Startup Cost": 343129.99,
          "Total Cost": 343130.6,
          "Plan Rows": 6,
          "Plan Width": 8,
          "Actual Startup Time": 853.765,
          "Actual Total Time": 910.297,
          "Actual Rows": 7,
          "Actual Loops": 1,
          "Workers Planned": 6,
          "Workers Launched": 6,
          "Single Copy": false,
          "Plans": [
            {
              "Node Type": "Aggregate",
              "Strategy": "Plain",
              "Partial Mode": "Partial",
              "Parent Relationship": "Outer",
              "Parallel Aware": false,
              "Startup Cost": 342129.99,
              "Total Cost": 342130.01,
              "Plan Rows": 1,
              "Plan Width": 8,
              "Actual Startup Time": 843.796,
              "Actual Total Time": 843.797,
              "Actual Rows": 1,
              "Actual Loops": 7,
              "Plans": [
                {
                  "Node Type": "Seq Scan",
                  "Parent Relationship": "Outer",
                  "Parallel Aware": true,
                  "Relation Name": "cast_info",
                  "Alias": "ci",
                  "Startup Cost": 0.0,
                  "Total Cost": 328162.03,
                  "Plan Rows": 5587188,
                  "Plan Width": 0,
                  "Actual Startup Time": 0.054,
                  "Actual Total Time": 641.059,
                  "Actual Rows": 4809625,
                  "Actual Loops": 7,
                  "Filter": "(person_id < 3561230)",
                  "Rows Removed by Filter": 368138
                }
              ]
            }
          ]
        }
      ]
    },
    "Planning Time": 0.174,
    "Triggers": [],
    "Execution Time": 910.364
  }
]