[
  {
    "Plan": {
      "Node Type": "Aggregate",
      "Strategy": "Plain",
      "Partial Mode": "Finalize",
      "Parallel Aware": false,
      "Startup Cost": 294839.88,
      "Total Cost": 294839.89,
      "Plan Rows": 1,
      "Plan Width": 8,
      "Actual Startup Time": 1693.371,
      "Actual Total Time": 1738.428,
      "Actual Rows": 1,
      "Actual Loops": 1,
      "Plans": [
        {
          "Node Type": "Gather",
          "Parent Relationship": "Outer",
          "Parallel Aware": false,
          "Startup Cost": 294839.35,
          "Total Cost": 294839.86,
          "Plan Rows": 5,
          "Plan Width": 8,
          "Actual Startup Time": 1677.042,
          "Actual Total Time": 1738.416,
          "Actual Rows": 6,
          "Actual Loops": 1,
          "Workers Planned": 5,
          "Workers Launched": 5,
          "Single Copy": false,
          "Plans": [
            {
              "Node Type": "Aggregate",
              "Strategy": "Plain",
              "Partial Mode": "Partial",
              "Parent Relationship": "Outer",
              "Parallel Aware": false,
              "Startup Cost": 293839.35,
              "Total Cost": 293839.36,
              "Plan Rows": 1,
              "Plan Width": 8,
              "Actual Startup Time": 1668.404,
              "Actual Total Time": 1668.792,
              "Actual Rows": 1,
              "Actual Loops": 6,
              "Plans": [
                {
                  "Node Type": "Hash Join",
                  "Parent Relationship": "Outer",
                  "Parallel Aware": true,
                  "Join Type": "Inner",
                  "Startup Cost": 86030.4,
                  "Total Cost": 291660.98,
                  "Plan Rows": 871351,
                  "Plan Width": 0,
                  "Actual Startup Time": 445.576,
                  "Actual Total Time": 1479.248,
                  "Actual Rows": 3811110,
                  "Actual Loops": 6,
                  "Inner Unique": false,
                  "Hash Cond": "(mi.movie_id = t.id)",
                  "Plans": [
                    {
                      "Node Type": "Seq Scan",
                      "Parent Relationship": "Outer",
                      "Parallel Aware": true,
                      "Relation Name": "movie_info",
                      "Alias": "mi",
                      "Startup Cost": 0.0,
                      "Total Cost": 191685.19,
                      "Plan Rows": 2969219,
                      "Plan Width": 4,
                      "Actual Startup Time": 0.038,
                      "Actual Total Time": 321.277,
                      "Actual Rows": 2472620,
                      "Actual Loops": 6
                    },
                    {
                      "Node Type": "Hash",
                      "Parent Relationship": "Inner",
                      "Parallel Aware": true,
                      "Startup Cost": 83038.49,
                      "Total Cost": 83038.49,
                      "Plan Rows": 239353,
                      "Plan Width": 8,
                      "Actual Startup Time": 441.749,
                      "Actual Total Time": 442.135,
                      "Actual Rows": 77003,
                      "Actual Loops": 6,
                      "Hash Buckets": 1048576,
                      "Original Hash Buckets": 1048576,
                      "Hash Batches": 1,
                      "Original Hash Batches": 1,
                      "Peak Memory Usage": 26336,
                      "Plans": [
                        {
                          "Node Type": "Hash Join",
                          "Parent Relationship": "Outer",
                          "Parallel Aware": true,
                          "Join Type": "Inner",
                          "Startup Cost": 50916.17,
                          "Total Cost": 83038.49,
                          "Plan Rows": 239353,
                          "Plan Width": 8,
                          "Actual Startup Time": 309.246,
                          "Actual Total Time": 408.361,
                          "Actual Rows": 77003,
                          "Actual Loops": 6,
                          "Inner Unique": true,
                          "Hash Cond": "(mc.movie_id = t.id)",
                          "Plans": [
                            {
                              "Node Type": "Seq Scan",
                              "Parent Relationship": "Outer",
                              "Parallel Aware": true,
                              "Relation Name": "movie_companies",
                              "Alias": "mc",
                              "Startup Cost": 0.0,
                              "Total Cost": 31414.82,
                              "Plan Rows": 269523,
                              "Plan Width": 4,
                              "Actual Startup Time": 0.824,
                              "Actual Total Time": 55.73,
                              "Actual Rows": 106053,
                              "Actual Loops": 6,
                              "Filter": "((company_id > 2870) AND (company_type_id < 2))",
                              "Rows Removed by Filter": 328802
                            },
                            {
                              "Node Type": "Hash",
                              "Parent Relationship": "Inner",
                              "Parallel Aware": true,
                              "Startup Cost": 43899.32,
                              "Total Cost": 43899.32,
                              "Plan Rows": 561348,
                              "Plan Width": 4,
                              "Actual Startup Time": 303.356,
                              "Actual Total Time": 303.358,
                              "Actual Rows": 372517,
                              "Actual Loops": 6,
                              "Hash Buckets": 4194304,
                              "Original Hash Buckets": 4194304,
                              "Hash Batches": 1,
                              "Original Hash Batches": 1,
                              "Peak Memory Usage": 120320,
                              "Plans": [
                                {
                                  "Node Type": "Seq Scan",
                                  "Parent Relationship": "Outer",
                                  "Parallel Aware": true,
                                  "Relation Name": "title",
                                  "Alias": "t",
                                  "Startup Cost": 0.0,
                                  "Total Cost": 43899.32,
                                  "Plan Rows": 561348,
                                  "Plan Width": 4,
                                  "Actual Startup Time": 0.073,
                                  "Actual Total Time": 102.411,
                                  "Actual Rows": 372517,
                                  "Actual Loops": 6,
                                  "Filter": "(production_year > 1957)",
                                  "Rows Removed by Filter": 48868
                                }
                              ]
                            }
                          ]
                        }
                      ]
                    }
                  ]
                }
              ]
            }
          ]
        }
      ]
    },
    "Planning Time": 0.726,
    "Triggers": [],
    "Execution Time": 1738.486
  }
]