[
  {
    "Plan": {
      "Node Type": "Aggregate",
      "Strategy": "Plain",
      "Partial Mode": "Finalize",
      "Parallel Aware": false,
      "Startup Cost": 93601.4,
      "Total Cost": 93601.41,
      "Plan Rows": 1,
      "Plan Width": 8,
      "Actual Startup Time": 417.805,
      "Actual Total Time": 435.126,
      "Actual Rows": 1,
      "Actual Loops": 1,
      "Plans": [
        {
          "Node Type": "Gather",
          "Parent Relationship": "Outer",
          "Parallel Aware": false,
          "Startup Cost": 93601.08,
          "Total Cost": 93601.39,
          "Plan Rows": 3,
          "Plan Width": 8,
          "Actual Startup Time": 415.831,
          "Actual Total Time": 435.117,
          "Actual Rows": 4,
          "Actual Loops": 1,
          "Workers Planned": 3,
          "Workers Launched": 3,
          "Single Copy": false,
          "Plans": [
            {
              "Node Type": "Aggregate",
              "Strategy": "Plain",
              "Partial Mode": "Partial",
              "Parent Relationship": "Outer",
              "Parallel Aware": false,
              "Startup Cost": 92601.08,
              "Total Cost": 92601.09,
              "Plan Rows": 1,
              "Plan Width": 8,
              "Actual Startup Time": 406.762,
              "Actual Total Time": 406.766,
              "Actual Rows": 1,
              "Actual Loops": 4,
              "Plans": [
                {
                  "Node Type": "Hash Join",
                  "Parent Relationship": "Outer",
                  "Parallel Aware": true,
                  "Join Type": "Inner",
                  "Startup Cost": 47832.9,
                  "Total Cost": 92143.01,
                  "Plan Rows": 183228,
                  "Plan Width": 0,
                  "Actual Startup Time": 191.4,
                  "Actual Total Time": 389.734,
                  "Actual Rows": 376947,
                  "Actual Loops": 4,
                  "Inner Unique": true,
                  "Hash Cond": "(mk.movie_id = t.id)",
                  "Plans": [
                    {
                      "Node Type": "Seq Scan",
                      "Parent Relationship": "Outer",
                      "Parallel Aware": true,
                      "Relation Name": "movie_keyword",
                      "Alias": "mk",
                      "Startup Cost": 0.0,
                      "Total Cost": 42695.65,
                      "Plan Rows": 615032,
                      "Plan Width": 4,
                      "Actual Startup Time": 0.033,
                      "Actual Total Time": 108.838,
                      "Actual Rows": 477380,
                      "Actual Loops": 4,
                      "Filter": "(keyword_id < 3287)",
                      "Rows Removed by Filter": 653603
                    },
                    {
                      "Node Type": "Hash",
                      "Parent Relationship": "Inner",
                      "Parallel Aware": true,
                      "Startup Cost": 45479.1,
                      "Total Cost": 45479.1,
                      "Plan Rows": 188304,
                      "Plan Width": 4,
                      "Actual Startup Time": 185.985,
                      "Actual Total Time": 185.986,
                      "Actual Rows": 198486,
                      "Actual Loops": 4,
                      "Hash Buckets": 1048576,
                      "Original Hash Buckets": 1048576,
                      "Hash Batches": 1,
                      "Original Hash Batches": 1,
                      "Peak Memory Usage": 39296,
                      "Plans": [
                        {
                          "Node Type": "Seq Scan",
                          "Parent Relationship": "Outer",
                          "Parallel Aware": true,
                          "Relation Name": "title",
                          "Alias": "t",
                          "Startup Cost": 0.0,
                          "Total Cost": 45479.1,
                          "Plan Rows": 188304,
                          "Plan Width": 4,
                          "Actual Startup Time": 0.055,
                          "Actual Total Time": 113.564,
                          "Actual Rows": 198486,
                          "Actual Loops": 4,
                          "Filter": "((kind_id < 7) AND (production_year < 2010))",
                          "Rows Removed by Filter": 433592
                        }
                      ]
                    }
                  ]
                }
              ]
            }
          ]
        }
      ]
    },
    "Planning Time": 0.693,
    "Triggers": [],
    "Execution Time": 435.198
  }
]