[
    {
        "Bao": {
            "Bao prediction": "NaN",
            "Bao recommended hint": "(no hint)"
        }
    },
    {
        "Plan": {
            "Node Type": "Aggregate",
            "Strategy": "Plain",
            "Partial Mode": "Finalize",
            "Parallel Aware": false,
            "Startup Cost": 72654.75,
            "Total Cost": 72654.76,
            "Plan Rows": 1,
            "Plan Width": 8,
            "Actual Startup Time": 236.071,
            "Actual Total Time": 249.47,
            "Actual Rows": 1,
            "Actual Loops": 1,
            "Output": [
                "count(*)"
            ],
            "Plans": [
                {
                    "Node Type": "Gather",
                    "Parent Relationship": "Outer",
                    "Parallel Aware": false,
                    "Startup Cost": 72654.33,
                    "Total Cost": 72654.74,
                    "Plan Rows": 4,
                    "Plan Width": 8,
                    "Actual Startup Time": 234.097,
                    "Actual Total Time": 249.462,
                    "Actual Rows": 5,
                    "Actual Loops": 1,
                    "Output": [
                        "(PARTIAL count(*))"
                    ],
                    "Workers Planned": 4,
                    "Workers Launched": 4,
                    "Single Copy": false,
                    "Plans": [
                        {
                            "Node Type": "Aggregate",
                            "Strategy": "Plain",
                            "Partial Mode": "Partial",
                            "Parent Relationship": "Outer",
                            "Parallel Aware": false,
                            "Startup Cost": 71654.33,
                            "Total Cost": 71654.34,
                            "Plan Rows": 1,
                            "Plan Width": 8,
                            "Actual Startup Time": 224.658,
                            "Actual Total Time": 224.662,
                            "Actual Rows": 1,
                            "Actual Loops": 5,
                            "Output": [
                                "PARTIAL count(*)"
                            ],
                            "Workers": [
                                {
                                    "Worker Number": 0,
                                    "Actual Startup Time": 222.0,
                                    "Actual Total Time": 222.003,
                                    "Actual Rows": 1,
                                    "Actual Loops": 1
                                },
                                {
                                    "Worker Number": 1,
                                    "Actual Startup Time": 222.323,
                                    "Actual Total Time": 222.326,
                                    "Actual Rows": 1,
                                    "Actual Loops": 1
                                },
                                {
                                    "Worker Number": 2,
                                    "Actual Startup Time": 222.441,
                                    "Actual Total Time": 222.445,
                                    "Actual Rows": 1,
                                    "Actual Loops": 1
                                },
                                {
                                    "Worker Number": 3,
                                    "Actual Startup Time": 222.872,
                                    "Actual Total Time": 222.875,
                                    "Actual Rows": 1,
                                    "Actual Loops": 1
                                }
                            ],
                            "Plans": [
                                {
                                    "Node Type": "Hash Join",
                                    "Parent Relationship": "Outer",
                                    "Parallel Aware": true,
                                    "Join Type": "Inner",
                                    "Startup Cost": 25623.18,
                                    "Total Cost": 71566.6,
                                    "Plan Rows": 35092,
                                    "Plan Width": 0,
                                    "Actual Startup Time": 79.783,
                                    "Actual Total Time": 222.654,
                                    "Actual Rows": 30937,
                                    "Actual Loops": 5,
                                    "Inner Unique": false,
                                    "Hash Cond": "(t.id = mc.movie_id)",
                                    "Workers": [
                                        {
                                            "Worker Number": 0,
                                            "Actual Startup Time": 77.015,
                                            "Actual Total Time": 219.94,
                                            "Actual Rows": 23511,
                                            "Actual Loops": 1
                                        },
                                        {
                                            "Worker Number": 1,
                                            "Actual Startup Time": 77.444,
                                            "Actual Total Time": 220.412,
                                            "Actual Rows": 37168,
                                            "Actual Loops": 1
                                        },
                                        {
                                            "Worker Number": 2,
                                            "Actual Startup Time": 77.617,
                                            "Actual Total Time": 220.382,
                                            "Actual Rows": 23262,
                                            "Actual Loops": 1
                                        },
                                        {
                                            "Worker Number": 3,
                                            "Actual Startup Time": 78.056,
                                            "Actual Total Time": 220.728,
                                            "Actual Rows": 24499,
                                            "Actual Loops": 1
                                        }
                                    ],
                                    "Plans": [
                                        {
                                            "Node Type": "Seq Scan",
                                            "Parent Relationship": "Outer",
                                            "Parallel Aware": true,
                                            "Relation Name": "title",
                                            "Schema": "public",
                                            "Alias": "t",
                                            "Startup Cost": 0.0,
                                            "Total Cost": 43899.01,
                                            "Plan Rows": 386243,
                                            "Plan Width": 4,
                                            "Actual Startup Time": 0.011,
                                            "Actual Total Time": 82.684,
                                            "Actual Rows": 311173,
                                            "Actual Loops": 5,
                                            "Output": [
                                                "t.id",
                                                "t.title",
                                                "t.imdb_index",
                                                "t.kind_id",
                                                "t.production_year",
                                                "t.imdb_id",
                                                "t.phonetic_code",
                                                "t.episode_of_id",
                                                "t.season_nr",
                                                "t.episode_nr",
                                                "t.series_years",
                                                "t.md5sum"
                                            ],
                                            "Filter": "(t.kind_id > 4)",
                                            "Rows Removed by Filter": 194490,
                                            "Workers": [
                                                {
                                                    "Worker Number": 0,
                                                    "Actual Startup Time": 0.019,
                                                    "Actual Total Time": 83.353,
                                                    "Actual Rows": 232744,
                                                    "Actual Loops": 1
                                                },
                                                {
                                                    "Worker Number": 1,
                                                    "Actual Startup Time": 0.008,
                                                    "Actual Total Time": 82.936,
                                                    "Actual Rows": 374701,
                                                    "Actual Loops": 1
                                                },
                                                {
                                                    "Worker Number": 2,
                                                    "Actual Startup Time": 0.011,
                                                    "Actual Total Time": 83.319,
                                                    "Actual Rows": 233741,
                                                    "Actual Loops": 1
                                                },
                                                {
                                                    "Worker Number": 3,
                                                    "Actual Startup Time": 0.009,
                                                    "Actual Total Time": 85.215,
                                                    "Actual Rows": 249727,
                                                    "Actual Loops": 1
                                                }
                                            ]
                                        },
                                        {
                                            "Node Type": "Hash",
                                            "Parent Relationship": "Inner",
                                            "Parallel Aware": true,
                                            "Startup Cost": 24696.93,
                                            "Total Cost": 24696.93,
                                            "Plan Rows": 74100,
                                            "Plan Width": 4,
                                            "Actual Startup Time": 78.243,
                                            "Actual Total Time": 78.244,
                                            "Actual Rows": 45921,
                                            "Actual Loops": 5,
                                            "Output": [
                                                "mc.movie_id"
                                            ],
                                            "Hash Buckets": 262144,
                                            "Original Hash Buckets": 262144,
                                            "Hash Batches": 1,
                                            "Original Hash Batches": 1,
                                            "Peak Memory Usage": 11104,
                                            "Workers": [
                                                {
                                                    "Worker Number": 0,
                                                    "Actual Startup Time": 76.496,
                                                    "Actual Total Time": 76.497,
                                                    "Actual Rows": 29877,
                                                    "Actual Loops": 1
                                                },
                                                {
                                                    "Worker Number": 1,
                                                    "Actual Startup Time": 77.021,
                                                    "Actual Total Time": 77.022,
                                                    "Actual Rows": 32167,
                                                    "Actual Loops": 1
                                                },
                                                {
                                                    "Worker Number": 2,
                                                    "Actual Startup Time": 77.162,
                                                    "Actual Total Time": 77.163,
                                                    "Actual Rows": 29340,
                                                    "Actual Loops": 1
                                                },
                                                {
                                                    "Worker Number": 3,
                                                    "Actual Startup Time": 77.528,
                                                    "Actual Total Time": 77.529,
                                                    "Actual Rows": 32969,
                                                    "Actual Loops": 1
                                                }
                                            ],
                                            "Plans": [
                                                {
                                                    "Node Type": "Bitmap Heap Scan",
                                                    "Parent Relationship": "Outer",
                                                    "Parallel Aware": true,
                                                    "Relation Name": "movie_companies",
                                                    "Schema": "public",
                                                    "Alias": "mc",
                                                    "Startup Cost": 4980.68,
                                                    "Total Cost": 24696.93,
                                                    "Plan Rows": 74100,
                                                    "Plan Width": 4,
                                                    "Actual Startup Time": 16.215,
                                                    "Actual Total Time": 57.309,
                                                    "Actual Rows": 45921,
                                                    "Actual Loops": 5,
                                                    "Output": [
                                                        "mc.movie_id"
                                                    ],
                                                    "Recheck Cond": "(mc.company_id < 92)",
                                                    "Rows Removed by Index Recheck": 0,
                                                    "Exact Heap Blocks": 7782,
                                                    "Lossy Heap Blocks": 0,
                                                    "Workers": [
                                                        {
                                                            "Worker Number": 0,
                                                            "Actual Startup Time": 14.529,
                                                            "Actual Total Time": 56.583,
                                                            "Actual Rows": 29877,
                                                            "Actual Loops": 1
                                                        },
                                                        {
                                                            "Worker Number": 1,
                                                            "Actual Startup Time": 14.997,
                                                            "Actual Total Time": 57.416,
                                                            "Actual Rows": 32167,
                                                            "Actual Loops": 1
                                                        },
                                                        {
                                                            "Worker Number": 2,
                                                            "Actual Startup Time": 15.285,
                                                            "Actual Total Time": 56.99,
                                                            "Actual Rows": 29340,
                                                            "Actual Loops": 1
                                                        },
                                                        {
                                                            "Worker Number": 3,
                                                            "Actual Startup Time": 15.504,
                                                            "Actual Total Time": 58.165,
                                                            "Actual Rows": 32969,
                                                            "Actual Loops": 1
                                                        }
                                                    ],
                                                    "Plans": [
                                                        {
                                                            "Node Type": "Bitmap Index Scan",
                                                            "Parent Relationship": "Outer",
                                                            "Parallel Aware": false,
                                                            "Index Name": "company_id_movie_companies",
                                                            "Startup Cost": 0.0,
                                                            "Total Cost": 4923.26,
                                                            "Plan Rows": 229710,
                                                            "Plan Width": 0,
                                                            "Actual Startup Time": 17.795,
                                                            "Actual Total Time": 17.795,
                                                            "Actual Rows": 229604,
                                                            "Actual Loops": 1,
                                                            "Index Cond": "(mc.company_id < 92)"
                                                        }
                                                    ]
                                                }
                                            ]
                                        }
                                    ]
                                }
                            ]
                        }
                    ]
                }
            ]
        },
        "Planning Time": 223.209,
        "Triggers": [],
        "Execution Time": 249.557
    }
]