[
  {
    "Plan": {
      "Node Type": "Aggregate",
      "Strategy": "Plain",
      "Partial Mode": "Finalize",
      "Parallel Aware": false,
      "Startup Cost": 69121.83,
      "Total Cost": 69121.84,
      "Plan Rows": 1,
      "Plan Width": 8,
      "Actual Startup Time": 185.631,
      "Actual Total Time": 200.048,
      "Actual Rows": 1,
      "Actual Loops": 1,
      "Plans": [
        {
          "Node Type": "Gather",
          "Parent Relationship": "Outer",
          "Parallel Aware": false,
          "Startup Cost": 69121.52,
          "Total Cost": 69121.83,
          "Plan Rows": 3,
          "Plan Width": 8,
          "Actual Startup Time": 184.825,
          "Actual Total Time": 200.038,
          "Actual Rows": 4,
          "Actual Loops": 1,
          "Workers Planned": 3,
          "Workers Launched": 3,
          "Single Copy": false,
          "Plans": [
            {
              "Node Type": "Aggregate",
              "Strategy": "Plain",
              "Partial Mode": "Partial",
              "Parent Relationship": "Outer",
              "Parallel Aware": false,
              "Startup Cost": 68121.52,
              "Total Cost": 68121.53,
              "Plan Rows": 1,
              "Plan Width": 8,
              "Actual Startup Time": 176.04,
              "Actual Total Time": 176.044,
              "Actual Rows": 1,
              "Actual Loops": 4,
              "Plans": [
                {
                  "Node Type": "Hash Join",
                  "Parent Relationship": "Outer",
                  "Parallel Aware": true,
                  "Join Type": "Inner",
                  "Startup Cost": 38203.96,
                  "Total Cost": 68101.47,
                  "Plan Rows": 8018,
                  "Plan Width": 0,
                  "Actual Startup Time": 78.197,
                  "Actual Total Time": 174.767,
                  "Actual Rows": 24252,
                  "Actual Loops": 4,
                  "Inner Unique": true,
                  "Hash Cond": "(mc.movie_id = t.id)",
                  "Plans": [
                    {
                      "Node Type": "Seq Scan",
                      "Parent Relationship": "Outer",
                      "Parallel Aware": true,
                      "Relation Name": "movie_companies",
                      "Alias": "mc",
                      "Startup Cost": 0.0,
                      "Total Cost": 29310.68,
                      "Plan Rows": 223554,
                      "Plan Width": 4,
                      "Actual Startup Time": 0.022,
                      "Actual Total Time": 68.973,
                      "Actual Rows": 171992,
                      "Actual Loops": 4,
                      "Filter": "(company_id < 1244)",
                      "Rows Removed by Filter": 480290
                    },
                    {
                      "Node Type": "Hash",
                      "Parent Relationship": "Inner",
                      "Parallel Aware": true,
                      "Startup Cost": 37920.59,
                      "Total Cost": 37920.59,
                      "Plan Rows": 22670,
                      "Plan Width": 4,
                      "Actual Startup Time": 76.477,
                      "Actual Total Time": 76.479,
                      "Actual Rows": 22713,
                      "Actual Loops": 4,
                      "Hash Buckets": 131072,
                      "Original Hash Buckets": 131072,
                      "Hash Batches": 1,
                      "Original Hash Batches": 1,
                      "Peak Memory Usage": 4640,
                      "Plans": [
                        {
                          "Node Type": "Bitmap Heap Scan",
                          "Parent Relationship": "Outer",
                          "Parallel Aware": true,
                          "Relation Name": "title",
                          "Alias": "t",
                          "Startup Cost": 1639.21,
                          "Total Cost": 37920.59,
                          "Plan Rows": 22670,
                          "Plan Width": 4,
                          "Actual Startup Time": 20.519,
                          "Actual Total Time": 67.75,
                          "Actual Rows": 22713,
                          "Actual Loops": 4,
                          "Recheck Cond": "(kind_id = 2)",
                          "Rows Removed by Index Recheck": 0,
                          "Exact Heap Blocks": 14976,
                          "Lossy Heap Blocks": 0,
                          "Plans": [
                            {
                              "Node Type": "Bitmap Index Scan",
                              "Parent Relationship": "Outer",
                              "Parallel Aware": false,
                              "Index Name": "kind_id_title",
                              "Startup Cost": 0.0,
                              "Total Cost": 1616.54,
                              "Plan Rows": 90681,
                              "Plan Width": 0,
                              "Actual Startup Time": 17.923,
                              "Actual Total Time": 17.923,
                              "Actual Rows": 90852,
                              "Actual Loops": 1,
                              "Index Cond": "(kind_id = 2)"
                            }
                          ]
                        }
                      ]
                    }
                  ]
                }
              ]
            }
          ]
        }
      ]
    },
    "Planning Time": 0.685,
    "Triggers": [],
    "Execution Time": 200.139
  }
]