{
  "Plan": {
    "Node Type": "Aggregate",
    "Strategy": "Plain",
    "Partial Mode": "Finalize",
    "Parallel Aware": false,
    "Startup Cost": 185160.49,
    "Total Cost": 185160.5,
    "Plan Rows": 1,
    "Plan Width": 8,
    "Actual Startup Time": 2358.213,
    "Actual Total Time": 2383.536,
    "Actual Rows": 1,
    "Actual Loops": 1,
    "Plans": [
      {
        "Node Type": "Gather",
        "Parent Relationship": "Outer",
        "Parallel Aware": false,
        "Startup Cost": 185160.38,
        "Total Cost": 185160.49,
        "Plan Rows": 1,
        "Plan Width": 8,
        "Actual Startup Time": 2351.059,
        "Actual Total Time": 2383.527,
        "Actual Rows": 2,
        "Actual Loops": 1,
        "Workers Planned": 1,
        "Workers Launched": 1,
        "Single Copy": false,
        "Plans": [
          {
            "Node Type": "Aggregate",
            "Strategy": "Plain",
            "Partial Mode": "Partial",
            "Parent Relationship": "Outer",
            "Parallel Aware": false,
            "Startup Cost": 184160.38,
            "Total Cost": 184160.39,
            "Plan Rows": 1,
            "Plan Width": 8,
            "Actual Startup Time": 2343.892,
            "Actual Total Time": 2345.117,
            "Actual Rows": 1,
            "Actual Loops": 2,
            "Plans": [
              {
                "Node Type": "Hash Join",
                "Parent Relationship": "Outer",
                "Parallel Aware": true,
                "Join Type": "Inner",
                "Startup Cost": 115844.37,
                "Total Cost": 182311.16,
                "Plan Rows": 739687,
                "Plan Width": 0,
                "Actual Startup Time": 1248.742,
                "Actual Total Time": 2069.313,
                "Actual Rows": 5827474,
                "Actual Loops": 2,
                "Inner Unique": false,
                "Hash Cond": "(mk.movie_id = t.id)",
                "Plans": [
                  {
                    "Node Type": "Seq Scan",
                    "Parent Relationship": "Outer",
                    "Parallel Aware": true,
                    "Relation Name": "movie_keyword",
                    "Alias": "mk",
                    "Startup Cost": 0.0,
                    "Total Cost": 57718.19,
                    "Plan Rows": 1172666,
                    "Plan Width": 4,
                    "Actual Startup Time": 0.61,
                    "Actual Total Time": 207.62,
                    "Actual Rows": 995226,
                    "Actual Loops": 2,
                    "Filter": "(keyword_id > 6306)",
                    "Rows Removed by Filter": 1266739
                  },
                  {
                    "Node Type": "Hash",
                    "Parent Relationship": "Inner",
                    "Parallel Aware": true,
                    "Startup Cost": 104118.05,
                    "Total Cost": 104118.05,
                    "Plan Rows": 938106,
                    "Plan Width": 8,
                    "Actual Startup Time": 1233.118,
                    "Actual Total Time": 1234.341,
                    "Actual Rows": 926854,
                    "Actual Loops": 2,
                    "Hash Buckets": 2097152,
                    "Original Hash Buckets": 2097152,
                    "Hash Batches": 1,
                    "Original Hash Batches": 1,
                    "Peak Memory Usage": 88928,
                    "Plans": [
                      {
                        "Node Type": "Hash Join",
                        "Parent Relationship": "Outer",
                        "Parallel Aware": true,
                        "Join Type": "Inner",
                        "Startup Cost": 65951.41,
                        "Total Cost": 104118.05,
                        "Plan Rows": 938106,
                        "Plan Width": 8,
                        "Actual Startup Time": 431.504,
                        "Actual Total Time": 977.442,
                        "Actual Rows": 926854,
                        "Actual Loops": 2,
                        "Inner Unique": true,
                        "Hash Cond": "(mc.movie_id = t.id)",
                        "Plans": [
                          {
                            "Node Type": "Seq Scan",
                            "Parent Relationship": "Outer",
                            "Parallel Aware": true,
                            "Relation Name": "movie_companies",
                            "Alias": "mc",
                            "Startup Cost": 0.0,
                            "Total Cost": 34137.82,
                            "Plan Rows": 1534782,
                            "Plan Width": 4,
                            "Actual Startup Time": 0.015,
                            "Actual Total Time": 122.576,
                            "Actual Rows": 1304564,
                            "Actual Loops": 2
                          },
                          {
                            "Node Type": "Hash",
                            "Parent Relationship": "Inner",
                            "Parallel Aware": true,
                            "Startup Cost": 54588.39,
                            "Total Cost": 54588.39,
                            "Plan Rows": 909042,
                            "Plan Width": 4,
                            "Actual Startup Time": 423.828,
                            "Actual Total Time": 423.829,
                            "Actual Rows": 775864,
                            "Actual Loops": 2,
                            "Hash Buckets": 2097152,
                            "Original Hash Buckets": 2097152,
                            "Hash Batches": 1,
                            "Original Hash Batches": 1,
                            "Peak Memory Usage": 77120,
                            "Plans": [
                              {
                                "Node Type": "Seq Scan",
                                "Parent Relationship": "Outer",
                                "Parallel Aware": true,
                                "Relation Name": "title",
                                "Alias": "t",
                                "Startup Cost": 0.0,
                                "Total Cost": 54588.39,
                                "Plan Rows": 909042,
                                "Plan Width": 4,
                                "Actual Startup Time": 0.03,
                                "Actual Total Time": 196.292,
                                "Actual Rows": 775864,
                                "Actual Loops": 2,
                                "Filter": "(production_year < 2007)",
                                "Rows Removed by Filter": 488292
                              }
                            ]
                          }
                        ]
                      }
                    ]
                  }
                ]
              }
            ]
          }
        ]
      }
    ]
  },
  "Planning Time": 0.897,
  "Triggers": [],
  "Execution Time": 2383.613
}