[
  {
    "Plan": {
      "Node Type": "Aggregate",
      "Strategy": "Plain",
      "Partial Mode": "Finalize",
      "Parallel Aware": false,
      "Startup Cost": 32016.54,
      "Total Cost": 32016.55,
      "Plan Rows": 1,
      "Plan Width": 8,
      "Actual Startup Time": 99.313,
      "Actual Total Time": 104.154,
      "Actual Rows": 1,
      "Actual Loops": 1,
      "Plans": [
        {
          "Node Type": "Gather",
          "Parent Relationship": "Outer",
          "Parallel Aware": false,
          "Startup Cost": 32016.22,
          "Total Cost": 32016.53,
          "Plan Rows": 3,
          "Plan Width": 8,
          "Actual Startup Time": 99.064,
          "Actual Total Time": 104.144,
          "Actual Rows": 4,
          "Actual Loops": 1,
          "Workers Planned": 3,
          "Workers Launched": 3,
          "Single Copy": false,
          "Plans": [
            {
              "Node Type": "Aggregate",
              "Strategy": "Plain",
              "Partial Mode": "Partial",
              "Parent Relationship": "Outer",
              "Parallel Aware": false,
              "Startup Cost": 31016.22,
              "Total Cost": 31016.23,
              "Plan Rows": 1,
              "Plan Width": 8,
              "Actual Startup Time": 90.473,
              "Actual Total Time": 90.474,
              "Actual Rows": 1,
              "Actual Loops": 4,
              "Plans": [
                {
                  "Node Type": "Bitmap Heap Scan",
                  "Parent Relationship": "Outer",
                  "Parallel Aware": true,
                  "Relation Name": "movie_keyword",
                  "Alias": "mk",
                  "Startup Cost": 5343.85,
                  "Total Cost": 30813.16,
                  "Plan Rows": 81225,
                  "Plan Width": 0,
                  "Actual Startup Time": 30.923,
                  "Actual Total Time": 85.688,
                  "Actual Rows": 60278,
                  "Actual Loops": 4,
                  "Recheck Cond": "(keyword_id > 61685)",
                  "Rows Removed by Index Recheck": 0,
                  "Exact Heap Blocks": 9289,
                  "Lossy Heap Blocks": 0,
                  "Plans": [
                    {
                      "Node Type": "Bitmap Index Scan",
                      "Parent Relationship": "Outer",
                      "Parallel Aware": false,
                      "Index Name": "keyword_id_movie_keyword",
                      "Startup Cost": 0.0,
                      "Total Cost": 5280.9,
                      "Plan Rows": 251796,
                      "Plan Width": 0,
                      "Actual Startup Time": 33.607,
                      "Actual Total Time": 33.607,
                      "Actual Rows": 241112,
                      "Actual Loops": 1,
                      "Index Cond": "(keyword_id > 61685)"
                    }
                  ]
                }
              ]
            }
          ]
        }
      ]
    },
    "Planning Time": 0.16,
    "Triggers": [],
    "Execution Time": 104.227
  }
]