[
  {
    "Plan": {
      "Node Type": "Aggregate",
      "Strategy": "Plain",
      "Partial Mode": "Finalize",
      "Parallel Aware": false,
      "Startup Cost": 45961.69,
      "Total Cost": 45961.7,
      "Plan Rows": 1,
      "Plan Width": 8,
      "Actual Startup Time": 179.868,
      "Actual Total Time": 188.454,
      "Actual Rows": 1,
      "Actual Loops": 1,
      "Plans": [
        {
          "Node Type": "Gather",
          "Parent Relationship": "Outer",
          "Parallel Aware": false,
          "Startup Cost": 45961.37,
          "Total Cost": 45961.68,
          "Plan Rows": 3,
          "Plan Width": 8,
          "Actual Startup Time": 179.76,
          "Actual Total Time": 188.445,
          "Actual Rows": 4,
          "Actual Loops": 1,
          "Workers Planned": 3,
          "Workers Launched": 3,
          "Single Copy": false,
          "Plans": [
            {
              "Node Type": "Aggregate",
              "Strategy": "Plain",
              "Partial Mode": "Partial",
              "Parent Relationship": "Outer",
              "Parallel Aware": false,
              "Startup Cost": 44961.37,
              "Total Cost": 44961.38,
              "Plan Rows": 1,
              "Plan Width": 8,
              "Actual Startup Time": 171.615,
              "Actual Total Time": 171.617,
              "Actual Rows": 1,
              "Actual Loops": 4,
              "Plans": [
                {
                  "Node Type": "Seq Scan",
                  "Parent Relationship": "Outer",
                  "Parallel Aware": true,
                  "Relation Name": "movie_keyword",
                  "Alias": "mk",
                  "Startup Cost": 0.0,
                  "Total Cost": 42695.65,
                  "Plan Rows": 906288,
                  "Plan Width": 0,
                  "Actual Startup Time": 0.06,
                  "Actual Total Time": 133.698,
                  "Actual Rows": 704191,
                  "Actual Loops": 4,
                  "Filter": "(keyword_id < 8427)",
                  "Rows Removed by Filter": 426791
                }
              ]
            }
          ]
        }
      ]
    },
    "Planning Time": 0.098,
    "Triggers": [],
    "Execution Time": 188.491
  }
]