[
  {
    "Plan": {
      "Node Type": "Aggregate",
      "Strategy": "Plain",
      "Partial Mode": "Finalize",
      "Parallel Aware": false,
      "Startup Cost": 141669.78,
      "Total Cost": 141669.79,
      "Plan Rows": 1,
      "Plan Width": 8,
      "Actual Startup Time": 333.97,
      "Actual Total Time": 357.15,
      "Actual Rows": 1,
      "Actual Loops": 1,
      "Plans": [
        {
          "Node Type": "Gather",
          "Parent Relationship": "Outer",
          "Parallel Aware": false,
          "Startup Cost": 141669.47,
          "Total Cost": 141669.78,
          "Plan Rows": 3,
          "Plan Width": 8,
          "Actual Startup Time": 331.906,
          "Actual Total Time": 357.134,
          "Actual Rows": 4,
          "Actual Loops": 1,
          "Workers Planned": 3,
          "Workers Launched": 3,
          "Single Copy": false,
          "Plans": [
            {
              "Node Type": "Aggregate",
              "Strategy": "Plain",
              "Partial Mode": "Partial",
              "Parent Relationship": "Outer",
              "Parallel Aware": false,
              "Startup Cost": 140669.47,
              "Total Cost": 140669.48,
              "Plan Rows": 1,
              "Plan Width": 8,
              "Actual Startup Time": 323.926,
              "Actual Total Time": 323.931,
              "Actual Rows": 1,
              "Actual Loops": 4,
              "Plans": [
                {
                  "Node Type": "Nested Loop",
                  "Parent Relationship": "Outer",
                  "Parallel Aware": false,
                  "Join Type": "Inner",
                  "Startup Cost": 52961.03,
                  "Total Cost": 140355.18,
                  "Plan Rows": 125716,
                  "Plan Width": 0,
                  "Actual Startup Time": 196.873,
                  "Actual Total Time": 320.949,
                  "Actual Rows": 42977,
                  "Actual Loops": 4,
                  "Inner Unique": false,
                  "Plans": [
                    {
                      "Node Type": "Hash Join",
                      "Parent Relationship": "Outer",
                      "Parallel Aware": true,
                      "Join Type": "Inner",
                      "Startup Cost": 52960.59,
                      "Total Cost": 78663.3,
                      "Plan Rows": 21411,
                      "Plan Width": 8,
                      "Actual Startup Time": 196.763,
                      "Actual Total Time": 255.038,
                      "Actual Rows": 4687,
                      "Actual Loops": 4,
                      "Inner Unique": true,
                      "Hash Cond": "(mk.movie_id = t.id)",
                      "Plans": [
                        {
                          "Node Type": "Bitmap Heap Scan",
                          "Parent Relationship": "Outer",
                          "Parallel Aware": true,
                          "Relation Name": "movie_keyword",
                          "Alias": "mk",
                          "Startup Cost": 5431.92,
                          "Total Cost": 30917.91,
                          "Plan Rows": 82559,
                          "Plan Width": 4,
                          "Actual Startup Time": 29.189,
                          "Actual Total Time": 67.702,
                          "Actual Rows": 61621,
                          "Actual Loops": 4,
                          "Recheck Cond": "(keyword_id < 213)",
                          "Rows Removed by Index Recheck": 0,
                          "Exact Heap Blocks": 8224,
                          "Lossy Heap Blocks": 0,
                          "Plans": [
                            {
                              "Node Type": "Bitmap Index Scan",
                              "Parent Relationship": "Outer",
                              "Parallel Aware": false,
                              "Index Name": "keyword_id_movie_keyword",
                              "Startup Cost": 0.0,
                              "Total Cost": 5367.94,
                              "Plan Rows": 255934,
                              "Plan Width": 0,
                              "Actual Startup Time": 23.362,
                              "Actual Total Time": 23.363,
                              "Actual Rows": 246484,
                              "Actual Loops": 1,
                              "Index Cond": "(keyword_id < 213)"
                            }
                          ]
                        },
                        {
                          "Node Type": "Hash",
                          "Parent Relationship": "Inner",
                          "Parallel Aware": true,
                          "Startup Cost": 45479.59,
                          "Total Cost": 45479.59,
                          "Plan Rows": 163927,
                          "Plan Width": 4,
                          "Actual Startup Time": 162.43,
                          "Actual Total Time": 162.431,
                          "Actual Rows": 140979,
                          "Actual Loops": 4,
                          "Hash Buckets": 1048576,
                          "Original Hash Buckets": 1048576,
                          "Hash Batches": 1,
                          "Original Hash Batches": 1,
                          "Peak Memory Usage": 30336,
                          "Plans": [
                            {
                              "Node Type": "Seq Scan",
                              "Parent Relationship": "Outer",
                              "Parallel Aware": true,
                              "Relation Name": "title",
                              "Alias": "t",
                              "Startup Cost": 0.0,
                              "Total Cost": 45479.59,
                              "Plan Rows": 163927,
                              "Plan Width": 4,
                              "Actual Startup Time": 0.046,
                              "Actual Total Time": 103.248,
                              "Actual Rows": 140979,
                              "Actual Loops": 4,
                              "Filter": "((kind_id > 4) AND (production_year < 2001))",
                              "Rows Removed by Filter": 491099
                            }
                          ]
                        }
                      ]
                    },
                    {
                      "Node Type": "Index Only Scan",
                      "Parent Relationship": "Inner",
                      "Parallel Aware": false,
                      "Scan Direction": "Forward",
                      "Index Name": "movie_id_movie_info",
                      "Relation Name": "movie_info",
                      "Alias": "mi",
                      "Startup Cost": 0.43,
                      "Total Cost": 2.47,
                      "Plan Rows": 41,
                      "Plan Width": 4,
                      "Actual Startup Time": 0.005,
                      "Actual Total Time": 0.013,
                      "Actual Rows": 9,
                      "Actual Loops": 18747,
                      "Index Cond": "(movie_id = t.id)",
                      "Rows Removed by Index Recheck": 0,
                      "Heap Fetches": 171907
                    }
                  ]
                }
              ]
            }
          ]
        }
      ]
    },
    "Planning Time": 1.255,
    "Triggers": [],
    "Execution Time": 357.283
  }
]