[
  {
    "Plan": {
      "Node Type": "Aggregate",
      "Strategy": "Plain",
      "Partial Mode": "Finalize",
      "Parallel Aware": false,
      "Startup Cost": 75432.86,
      "Total Cost": 75432.87,
      "Plan Rows": 1,
      "Plan Width": 8,
      "Actual Startup Time": 561.512,
      "Actual Total Time": 581.255,
      "Actual Rows": 1,
      "Actual Loops": 1,
      "Plans": [
        {
          "Node Type": "Gather",
          "Parent Relationship": "Outer",
          "Parallel Aware": false,
          "Startup Cost": 75432.54,
          "Total Cost": 75432.85,
          "Plan Rows": 3,
          "Plan Width": 8,
          "Actual Startup Time": 539.7,
          "Actual Total Time": 581.245,
          "Actual Rows": 4,
          "Actual Loops": 1,
          "Workers Planned": 3,
          "Workers Launched": 3,
          "Single Copy": false,
          "Plans": [
            {
              "Node Type": "Aggregate",
              "Strategy": "Plain",
              "Partial Mode": "Partial",
              "Parent Relationship": "Outer",
              "Parallel Aware": false,
              "Startup Cost": 74432.54,
              "Total Cost": 74432.55,
              "Plan Rows": 1,
              "Plan Width": 8,
              "Actual Startup Time": 521.525,
              "Actual Total Time": 521.53,
              "Actual Rows": 1,
              "Actual Loops": 4,
              "Plans": [
                {
                  "Node Type": "Hash Join",
                  "Parent Relationship": "Outer",
                  "Parallel Aware": true,
                  "Join Type": "Inner",
                  "Startup Cost": 54516.18,
                  "Total Cost": 74272.78,
                  "Plan Rows": 63907,
                  "Plan Width": 0,
                  "Actual Startup Time": 451.396,
                  "Actual Total Time": 518.366,
                  "Actual Rows": 47815,
                  "Actual Loops": 4,
                  "Inner Unique": true,
                  "Hash Cond": "(mc.movie_id = t.id)",
                  "Plans": [
                    {
                      "Node Type": "Bitmap Heap Scan",
                      "Parent Relationship": "Outer",
                      "Parallel Aware": true,
                      "Relation Name": "movie_companies",
                      "Alias": "mc",
                      "Startup Cost": 4295.8,
                      "Total Cost": 23884.64,
                      "Plan Rows": 63907,
                      "Plan Width": 4,
                      "Actual Startup Time": 16.17,
                      "Actual Total Time": 45.721,
                      "Actual Rows": 47815,
                      "Actual Loops": 4,
                      "Recheck Cond": "(company_id < 51)",
                      "Rows Removed by Index Recheck": 0,
                      "Exact Heap Blocks": 6255,
                      "Lossy Heap Blocks": 0,
                      "Plans": [
                        {
                          "Node Type": "Bitmap Index Scan",
                          "Parent Relationship": "Outer",
                          "Parallel Aware": false,
                          "Index Name": "company_id_movie_companies",
                          "Startup Cost": 0.0,
                          "Total Cost": 4246.27,
                          "Plan Rows": 198112,
                          "Plan Width": 0,
                          "Actual Startup Time": 12.966,
                          "Actual Total Time": 12.967,
                          "Actual Rows": 191261,
                          "Actual Loops": 1,
                          "Index Cond": "(company_id < 51)"
                        }
                      ]
                    },
                    {
                      "Node Type": "Hash",
                      "Parent Relationship": "Inner",
                      "Parallel Aware": true,
                      "Startup Cost": 42319.06,
                      "Total Cost": 42319.06,
                      "Plan Rows": 632106,
                      "Plan Width": 4,
                      "Actual Startup Time": 424.248,
                      "Actual Total Time": 424.25,
                      "Actual Rows": 632078,
                      "Actual Loops": 4,
                      "Hash Buckets": 4194304,
                      "Original Hash Buckets": 4194304,
                      "Hash Batches": 1,
                      "Original Hash Batches": 1,
                      "Peak Memory Usage": 131744,
                      "Plans": [
                        {
                          "Node Type": "Seq Scan",
                          "Parent Relationship": "Outer",
                          "Parallel Aware": true,
                          "Relation Name": "title",
                          "Alias": "t",
                          "Startup Cost": 0.0,
                          "Total Cost": 42319.06,
                          "Plan Rows": 632106,
                          "Plan Width": 4,
                          "Actual Startup Time": 0.048,
                          "Actual Total Time": 129.289,
                          "Actual Rows": 632078,
                          "Actual Loops": 4
                        }
                      ]
                    }
                  ]
                }
              ]
            }
          ]
        }
      ]
    },
    "Planning Time": 0.641,
    "Triggers": [],
    "Execution Time": 581.345
  }
]