[
    {
        "Bao": {
            "Bao prediction": 187.203,
            "Bao recommended hint": "(no hint)"
        }
    },
    {
        "Plan": {
            "Node Type": "Aggregate",
            "Strategy": "Plain",
            "Partial Mode": "Simple",
            "Parallel Aware": false,
            "Startup Cost": 10310.34,
            "Total Cost": 10310.35,
            "Plan Rows": 1,
            "Plan Width": 128,
            "Actual Startup Time": 74.273,
            "Actual Total Time": 74.34,
            "Actual Rows": 1,
            "Actual Loops": 1,
            "Output": [
                "min(mi.info)",
                "min(mi_idx.info)",
                "min(n.name)",
                "min(t.title)"
            ],
            "Plans": [
                {
                    "Node Type": "Nested Loop",
                    "Parent Relationship": "Outer",
                    "Parallel Aware": false,
                    "Join Type": "Inner",
                    "Startup Cost": 1003.85,
                    "Total Cost": 10310.33,
                    "Plan Rows": 1,
                    "Plan Width": 80,
                    "Actual Startup Time": 27.975,
                    "Actual Total Time": 74.316,
                    "Actual Rows": 16,
                    "Actual Loops": 1,
                    "Output": [
                        "mi.info",
                        "mi_idx.info",
                        "n.name",
                        "t.title"
                    ],
                    "Inner Unique": true,
                    "Plans": [
                        {
                            "Node Type": "Nested Loop",
                            "Parent Relationship": "Outer",
                            "Parallel Aware": false,
                            "Join Type": "Inner",
                            "Startup Cost": 1003.42,
                            "Total Cost": 10309.64,
                            "Plan Rows": 1,
                            "Plan Width": 69,
                            "Actual Startup Time": 27.897,
                            "Actual Total Time": 74.136,
                            "Actual Rows": 16,
                            "Actual Loops": 1,
                            "Output": [
                                "ci.person_id",
                                "mi.info",
                                "mi_idx.info",
                                "t.title"
                            ],
                            "Inner Unique": true,
                            "Plans": [
                                {
                                    "Node Type": "Nested Loop",
                                    "Parent Relationship": "Outer",
                                    "Parallel Aware": false,
                                    "Join Type": "Inner",
                                    "Startup Cost": 1003.0,
                                    "Total Cost": 10309.19,
                                    "Plan Rows": 1,
                                    "Plan Width": 73,
                                    "Actual Startup Time": 25.616,
                                    "Actual Total Time": 71.216,
                                    "Actual Rows": 748,
                                    "Actual Loops": 1,
                                    "Output": [
                                        "ci.person_id",
                                        "mi.info",
                                        "mi_idx.info",
                                        "mk.keyword_id",
                                        "t.title"
                                    ],
                                    "Inner Unique": true,
                                    "Plans": [
                                        {
                                            "Node Type": "Nested Loop",
                                            "Parent Relationship": "Outer",
                                            "Parallel Aware": false,
                                            "Join Type": "Inner",
                                            "Startup Cost": 1002.86,
                                            "Total Cost": 10309.0,
                                            "Plan Rows": 1,
                                            "Plan Width": 77,
                                            "Actual Startup Time": 25.593,
                                            "Actual Total Time": 70.355,
                                            "Actual Rows": 748,
                                            "Actual Loops": 1,
                                            "Output": [
                                                "ci.person_id",
                                                "mi.info",
                                                "mi.info_type_id",
                                                "mi_idx.info",
                                                "mk.keyword_id",
                                                "t.title"
                                            ],
                                            "Inner Unique": false,
                                            "Join Filter": "(t.id = mi.movie_id)",
                                            "Rows Removed by Join Filter": 0,
                                            "Plans": [
                                                {
                                                    "Node Type": "Nested Loop",
                                                    "Parent Relationship": "Outer",
                                                    "Parallel Aware": false,
                                                    "Join Type": "Inner",
                                                    "Startup Cost": 1002.43,
                                                    "Total Cost": 10307.55,
                                                    "Plan Rows": 1,
                                                    "Plan Width": 50,
                                                    "Actual Startup Time": 24.739,
                                                    "Actual Total Time": 39.982,
                                                    "Actual Rows": 374,
                                                    "Actual Loops": 1,
                                                    "Output": [
                                                        "ci.movie_id",
                                                        "ci.person_id",
                                                        "mc.movie_id",
                                                        "mi_idx.info",
                                                        "mi_idx.movie_id",
                                                        "mk.movie_id",
                                                        "mk.keyword_id",
                                                        "t.title",
                                                        "t.id"
                                                    ],
                                                    "Inner Unique": false,
                                                    "Join Filter": "(t.id = ci.movie_id)",
                                                    "Rows Removed by Join Filter": 0,
                                                    "Plans": [
                                                        {
                                                            "Node Type": "Nested Loop",
                                                            "Parent Relationship": "Outer",
                                                            "Parallel Aware": false,
                                                            "Join Type": "Inner",
                                                            "Startup Cost": 1001.86,
                                                            "Total Cost": 10305.8,
                                                            "Plan Rows": 1,
                                                            "Plan Width": 42,
                                                            "Actual Startup Time": 23.594,
                                                            "Actual Total Time": 26.864,
                                                            "Actual Rows": 187,
                                                            "Actual Loops": 1,
                                                            "Output": [
                                                                "mc.movie_id",
                                                                "mi_idx.info",
                                                                "mi_idx.movie_id",
                                                                "mk.movie_id",
                                                                "mk.keyword_id",
                                                                "t.title",
                                                                "t.id"
                                                            ],
                                                            "Inner Unique": false,
                                                            "Join Filter": "(t.id = mk.movie_id)",
                                                            "Rows Removed by Join Filter": 0,
                                                            "Plans": [
                                                                {
                                                                    "Node Type": "Nested Loop",
                                                                    "Parent Relationship": "Outer",
                                                                    "Parallel Aware": false,
                                                                    "Join Type": "Inner",
                                                                    "Startup Cost": 1001.43,
                                                                    "Total Cost": 10303.85,
                                                                    "Plan Rows": 1,
                                                                    "Plan Width": 34,
                                                                    "Actual Startup Time": 23.442,
                                                                    "Actual Total Time": 26.615,
                                                                    "Actual Rows": 1,
                                                                    "Actual Loops": 1,
                                                                    "Output": [
                                                                        "mc.movie_id",
                                                                        "mi_idx.info",
                                                                        "mi_idx.movie_id",
                                                                        "t.title",
                                                                        "t.id"
                                                                    ],
                                                                    "Inner Unique": true,
                                                                    "Plans": [
                                                                        {
                                                                            "Node Type": "Gather",
                                                                            "Parent Relationship": "Outer",
                                                                            "Parallel Aware": false,
                                                                            "Startup Cost": 1001.0,
                                                                            "Total Cost": 10303.26,
                                                                            "Plan Rows": 1,
                                                                            "Plan Width": 13,
                                                                            "Actual Startup Time": 21.881,
                                                                            "Actual Total Time": 23.436,
                                                                            "Actual Rows": 141,
                                                                            "Actual Loops": 1,
                                                                            "Output": [
                                                                                "mc.movie_id",
                                                                                "mi_idx.info",
                                                                                "mi_idx.movie_id"
                                                                            ],
                                                                            "Workers Planned": 1,
                                                                            "Workers Launched": 1,
                                                                            "Single Copy": false,
                                                                            "Plans": [
                                                                                {
                                                                                    "Node Type": "Nested Loop",
                                                                                    "Parent Relationship": "Outer",
                                                                                    "Parallel Aware": false,
                                                                                    "Join Type": "Inner",
                                                                                    "Startup Cost": 1.0,
                                                                                    "Total Cost": 9303.16,
                                                                                    "Plan Rows": 1,
                                                                                    "Plan Width": 13,
                                                                                    "Actual Startup Time": 12.986,
                                                                                    "Actual Total Time": 30.6,
                                                                                    "Actual Rows": 70,
                                                                                    "Actual Loops": 2,
                                                                                    "Output": [
                                                                                        "mc.movie_id",
                                                                                        "mi_idx.info",
                                                                                        "mi_idx.movie_id"
                                                                                    ],
                                                                                    "Inner Unique": true,
                                                                                    "Workers": [
                                                                                        {
                                                                                            "Worker Number": 0,
                                                                                            "Actual Startup Time": 5.468,
                                                                                            "Actual Total Time": 39.27,
                                                                                            "Actual Rows": 114,
                                                                                            "Actual Loops": 1
                                                                                        }
                                                                                    ],
                                                                                    "Plans": [
                                                                                        {
                                                                                            "Node Type": "Nested Loop",
                                                                                            "Parent Relationship": "Outer",
                                                                                            "Parallel Aware": false,
                                                                                            "Join Type": "Inner",
                                                                                            "Startup Cost": 0.86,
                                                                                            "Total Cost": 9301.03,
                                                                                            "Plan Rows": 13,
                                                                                            "Plan Width": 17,
                                                                                            "Actual Startup Time": 12.926,
                                                                                            "Actual Total Time": 29.91,
                                                                                            "Actual Rows": 212,
                                                                                            "Actual Loops": 2,
                                                                                            "Output": [
                                                                                                "mc.movie_id",
                                                                                                "mi_idx.info",
                                                                                                "mi_idx.movie_id",
                                                                                                "mi_idx.info_type_id"
                                                                                            ],
                                                                                            "Inner Unique": false,
                                                                                            "Workers": [
                                                                                                {
                                                                                                    "Worker Number": 0,
                                                                                                    "Actual Startup Time": 5.375,
                                                                                                    "Actual Total Time": 38.037,
                                                                                                    "Actual Rows": 343,
                                                                                                    "Actual Loops": 1
                                                                                                }
                                                                                            ],
                                                                                            "Plans": [
                                                                                                {
                                                                                                    "Node Type": "Nested Loop",
                                                                                                    "Parent Relationship": "Outer",
                                                                                                    "Parallel Aware": false,
                                                                                                    "Join Type": "Inner",
                                                                                                    "Startup Cost": 0.43,
                                                                                                    "Total Cost": 9294.86,
                                                                                                    "Plan Rows": 5,
                                                                                                    "Plan Width": 4,
                                                                                                    "Actual Startup Time": 12.766,
                                                                                                    "Actual Total Time": 26.376,
                                                                                                    "Actual Rows": 70,
                                                                                                    "Actual Loops": 2,
                                                                                                    "Output": [
                                                                                                        "mc.movie_id"
                                                                                                    ],
                                                                                                    "Inner Unique": false,
                                                                                                    "Workers": [
                                                                                                        {
                                                                                                            "Worker Number": 0,
                                                                                                            "Actual Startup Time": 5.141,
                                                                                                            "Actual Total Time": 31.664,
                                                                                                            "Actual Rows": 114,
                                                                                                            "Actual Loops": 1
                                                                                                        }
                                                                                                    ],
                                                                                                    "Plans": [
                                                                                                        {
                                                                                                            "Node Type": "Seq Scan",
                                                                                                            "Parent Relationship": "Outer",
                                                                                                            "Parallel Aware": true,
                                                                                                            "Relation Name": "company_name",
                                                                                                            "Schema": "public",
                                                                                                            "Alias": "cn",
                                                                                                            "Startup Cost": 0.0,
                                                                                                            "Total Cost": 4722.92,
                                                                                                            "Plan Rows": 14,
                                                                                                            "Plan Width": 4,
                                                                                                            "Actual Startup Time": 10.117,
                                                                                                            "Actual Total Time": 23.846,
                                                                                                            "Actual Rows": 2,
                                                                                                            "Actual Loops": 2,
                                                                                                            "Output": [
                                                                                                                "cn.id",
                                                                                                                "cn.name",
                                                                                                                "cn.country_code",
                                                                                                                "cn.imdb_id",
                                                                                                                "cn.name_pcode_nf",
                                                                                                                "cn.name_pcode_sf",
                                                                                                                "cn.md5sum"
                                                                                                            ],
                                                                                                            "Filter": "(cn.name ~~ 'PlayArte%'::text)",
                                                                                                            "Rows Removed by Filter": 117497,
                                                                                                            "Workers": [
                                                                                                                {
                                                                                                                    "Worker Number": 0,
                                                                                                                    "Actual Startup Time": 0.153,
                                                                                                                    "Actual Total Time": 27.603,
                                                                                                                    "Actual Rows": 2,
                                                                                                                    "Actual Loops": 1
                                                                                                                }
                                                                                                            ]
                                                                                                        },
                                                                                                        {
                                                                                                            "Node Type": "Index Scan",
                                                                                                            "Parent Relationship": "Inner",
                                                                                                            "Parallel Aware": false,
                                                                                                            "Scan Direction": "Forward",
                                                                                                            "Index Name": "company_id_movie_companies",
                                                                                                            "Relation Name": "movie_companies",
                                                                                                            "Schema": "public",
                                                                                                            "Alias": "mc",
                                                                                                            "Startup Cost": 0.43,
                                                                                                            "Total Cost": 326.53,
                                                                                                            "Plan Rows": 4,
                                                                                                            "Plan Width": 8,
                                                                                                            "Actual Startup Time": 0.326,
                                                                                                            "Actual Total Time": 1.658,
                                                                                                            "Actual Rows": 47,
                                                                                                            "Actual Loops": 3,
                                                                                                            "Output": [
                                                                                                                "mc.id",
                                                                                                                "mc.movie_id",
                                                                                                                "mc.company_id",
                                                                                                                "mc.company_type_id",
                                                                                                                "mc.note"
                                                                                                            ],
                                                                                                            "Index Cond": "(mc.company_id = cn.id)",
                                                                                                            "Rows Removed by Index Recheck": 0,
                                                                                                            "Filter": "(mc.note ~~ '%(VHS)%'::text)",
                                                                                                            "Rows Removed by Filter": 67,
                                                                                                            "Workers": [
                                                                                                                {
                                                                                                                    "Worker Number": 0,
                                                                                                                    "Actual Startup Time": 0.337,
                                                                                                                    "Actual Total Time": 1.993,
                                                                                                                    "Actual Rows": 57,
                                                                                                                    "Actual Loops": 2
                                                                                                                }
                                                                                                            ]
                                                                                                        }
                                                                                                    ]
                                                                                                },
                                                                                                {
                                                                                                    "Node Type": "Index Scan",
                                                                                                    "Parent Relationship": "Inner",
                                                                                                    "Parallel Aware": false,
                                                                                                    "Scan Direction": "Forward",
                                                                                                    "Index Name": "movie_id_movie_info_idx",
                                                                                                    "Relation Name": "movie_info_idx",
                                                                                                    "Schema": "public",
                                                                                                    "Alias": "mi_idx",
                                                                                                    "Startup Cost": 0.43,
                                                                                                    "Total Cost": 1.2,
                                                                                                    "Plan Rows": 3,
                                                                                                    "Plan Width": 13,
                                                                                                    "Actual Startup Time": 0.046,
                                                                                                    "Actual Total Time": 0.048,
                                                                                                    "Actual Rows": 3,
                                                                                                    "Actual Loops": 141,
                                                                                                    "Output": [
                                                                                                        "mi_idx.id",
                                                                                                        "mi_idx.movie_id",
                                                                                                        "mi_idx.info_type_id",
                                                                                                        "mi_idx.info",
                                                                                                        "mi_idx.note"
                                                                                                    ],
                                                                                                    "Index Cond": "(mi_idx.movie_id = mc.movie_id)",
                                                                                                    "Rows Removed by Index Recheck": 0,
                                                                                                    "Workers": [
                                                                                                        {
                                                                                                            "Worker Number": 0,
                                                                                                            "Actual Startup Time": 0.052,
                                                                                                            "Actual Total Time": 0.053,
                                                                                                            "Actual Rows": 3,
                                                                                                            "Actual Loops": 114
                                                                                                        }
                                                                                                    ]
                                                                                                }
                                                                                            ]
                                                                                        },
                                                                                        {
                                                                                            "Node Type": "Index Scan",
                                                                                            "Parent Relationship": "Inner",
                                                                                            "Parallel Aware": false,
                                                                                            "Scan Direction": "Forward",
                                                                                            "Index Name": "info_type_pkey",
                                                                                            "Relation Name": "info_type",
                                                                                            "Schema": "public",
                                                                                            "Alias": "it2",
                                                                                            "Startup Cost": 0.14,
                                                                                            "Total Cost": 0.16,
                                                                                            "Plan Rows": 1,
                                                                                            "Plan Width": 4,
                                                                                            "Actual Startup Time": 0.002,
                                                                                            "Actual Total Time": 0.002,
                                                                                            "Actual Rows": 0,
                                                                                            "Actual Loops": 424,
                                                                                            "Output": [
                                                                                                "it2.id",
                                                                                                "it2.info"
                                                                                            ],
                                                                                            "Index Cond": "(it2.id = mi_idx.info_type_id)",
                                                                                            "Rows Removed by Index Recheck": 0,
                                                                                            "Filter": "((it2.info)::text = 'votes'::text)",
                                                                                            "Rows Removed by Filter": 1,
                                                                                            "Workers": [
                                                                                                {
                                                                                                    "Worker Number": 0,
                                                                                                    "Actual Startup Time": 0.003,
                                                                                                    "Actual Total Time": 0.003,
                                                                                                    "Actual Rows": 0,
                                                                                                    "Actual Loops": 343
                                                                                                }
                                                                                            ]
                                                                                        }
                                                                                    ]
                                                                                }
                                                                            ]
                                                                        },
                                                                        {
                                                                            "Node Type": "Index Scan",
                                                                            "Parent Relationship": "Inner",
                                                                            "Parallel Aware": false,
                                                                            "Scan Direction": "Forward",
                                                                            "Index Name": "title_pkey",
                                                                            "Relation Name": "title",
                                                                            "Schema": "public",
                                                                            "Alias": "t",
                                                                            "Startup Cost": 0.43,
                                                                            "Total Cost": 0.59,
                                                                            "Plan Rows": 1,
                                                                            "Plan Width": 21,
                                                                            "Actual Startup Time": 0.022,
                                                                            "Actual Total Time": 0.022,
                                                                            "Actual Rows": 0,
                                                                            "Actual Loops": 141,
                                                                            "Output": [
                                                                                "t.id",
                                                                                "t.title",
                                                                                "t.imdb_index",
                                                                                "t.kind_id",
                                                                                "t.production_year",
                                                                                "t.imdb_id",
                                                                                "t.phonetic_code",
                                                                                "t.episode_of_id",
                                                                                "t.season_nr",
                                                                                "t.episode_nr",
                                                                                "t.series_years",
                                                                                "t.md5sum"
                                                                            ],
                                                                            "Index Cond": "(t.id = mi_idx.movie_id)",
                                                                            "Rows Removed by Index Recheck": 0,
                                                                            "Filter": "((t.production_year > 2001) AND ((t.title ~~ '%Freddy%'::text) OR (t.title ~~ '%Jason%'::text) OR (t.title ~~ 'Saw%'::text)))",
                                                                            "Rows Removed by Filter": 1
                                                                        }
                                                                    ]
                                                                },
                                                                {
                                                                    "Node Type": "Index Scan",
                                                                    "Parent Relationship": "Inner",
                                                                    "Parallel Aware": false,
                                                                    "Scan Direction": "Forward",
                                                                    "Index Name": "movie_id_movie_keyword",
                                                                    "Relation Name": "movie_keyword",
                                                                    "Schema": "public",
                                                                    "Alias": "mk",
                                                                    "Startup Cost": 0.43,
                                                                    "Total Cost": 1.37,
                                                                    "Plan Rows": 46,
                                                                    "Plan Width": 8,
                                                                    "Actual Startup Time": 0.147,
                                                                    "Actual Total Time": 0.206,
                                                                    "Actual Rows": 187,
                                                                    "Actual Loops": 1,
                                                                    "Output": [
                                                                        "mk.id",
                                                                        "mk.movie_id",
                                                                        "mk.keyword_id"
                                                                    ],
                                                                    "Index Cond": "(mk.movie_id = mi_idx.movie_id)",
                                                                    "Rows Removed by Index Recheck": 0
                                                                }
                                                            ]
                                                        },
                                                        {
                                                            "Node Type": "Index Scan",
                                                            "Parent Relationship": "Inner",
                                                            "Parallel Aware": false,
                                                            "Scan Direction": "Forward",
                                                            "Index Name": "movie_id_cast_info",
                                                            "Relation Name": "cast_info",
                                                            "Schema": "public",
                                                            "Alias": "ci",
                                                            "Startup Cost": 0.56,
                                                            "Total Cost": 1.73,
                                                            "Plan Rows": 1,
                                                            "Plan Width": 8,
                                                            "Actual Startup Time": 0.029,
                                                            "Actual Total Time": 0.07,
                                                            "Actual Rows": 2,
                                                            "Actual Loops": 187,
                                                            "Output": [
                                                                "ci.id",
                                                                "ci.person_id",
                                                                "ci.movie_id",
                                                                "ci.person_role_id",
                                                                "ci.note",
                                                                "ci.nr_order",
                                                                "ci.role_id"
                                                            ],
                                                            "Index Cond": "(ci.movie_id = mk.movie_id)",
                                                            "Rows Removed by Index Recheck": 0,
                                                            "Filter": "(ci.note = ANY ('{(writer),\"(head writer)\",\"(written by)\",(story),\"(story editor)\"}'::text[]))",
                                                            "Rows Removed by Filter": 130
                                                        }
                                                    ]
                                                },
                                                {
                                                    "Node Type": "Index Scan",
                                                    "Parent Relationship": "Inner",
                                                    "Parallel Aware": false,
                                                    "Scan Direction": "Forward",
                                                    "Index Name": "movie_id_movie_info",
                                                    "Relation Name": "movie_info",
                                                    "Schema": "public",
                                                    "Alias": "mi",
                                                    "Startup Cost": 0.43,
                                                    "Total Cost": 1.45,
                                                    "Plan Rows": 1,
                                                    "Plan Width": 51,
                                                    "Actual Startup Time": 0.08,
                                                    "Actual Total Time": 0.081,
                                                    "Actual Rows": 2,
                                                    "Actual Loops": 374,
                                                    "Output": [
                                                        "mi.id",
                                                        "mi.movie_id",
                                                        "mi.info_type_id",
                                                        "mi.info",
                                                        "mi.note"
                                                    ],
                                                    "Index Cond": "(mi.movie_id = mk.movie_id)",
                                                    "Rows Removed by Index Recheck": 0,
                                                    "Filter": "(mi.info = ANY ('{Horror,Action}'::text[]))",
                                                    "Rows Removed by Filter": 455
                                                }
                                            ]
                                        },
                                        {
                                            "Node Type": "Index Scan",
                                            "Parent Relationship": "Inner",
                                            "Parallel Aware": false,
                                            "Scan Direction": "Forward",
                                            "Index Name": "info_type_pkey",
                                            "Relation Name": "info_type",
                                            "Schema": "public",
                                            "Alias": "it1",
                                            "Startup Cost": 0.14,
                                            "Total Cost": 0.16,
                                            "Plan Rows": 1,
                                            "Plan Width": 4,
                                            "Actual Startup Time": 0.001,
                                            "Actual Total Time": 0.001,
                                            "Actual Rows": 1,
                                            "Actual Loops": 748,
                                            "Output": [
                                                "it1.id",
                                                "it1.info"
                                            ],
                                            "Index Cond": "(it1.id = mi.info_type_id)",
                                            "Rows Removed by Index Recheck": 0,
                                            "Filter": "((it1.info)::text = 'genres'::text)",
                                            "Rows Removed by Filter": 0
                                        }
                                    ]
                                },
                                {
                                    "Node Type": "Index Scan",
                                    "Parent Relationship": "Inner",
                                    "Parallel Aware": false,
                                    "Scan Direction": "Forward",
                                    "Index Name": "keyword_pkey",
                                    "Relation Name": "keyword",
                                    "Schema": "public",
                                    "Alias": "k",
                                    "Startup Cost": 0.42,
                                    "Total Cost": 0.45,
                                    "Plan Rows": 1,
                                    "Plan Width": 4,
                                    "Actual Startup Time": 0.004,
                                    "Actual Total Time": 0.004,
                                    "Actual Rows": 0,
                                    "Actual Loops": 748,
                                    "Output": [
                                        "k.id",
                                        "k.keyword",
                                        "k.phonetic_code"
                                    ],
                                    "Index Cond": "(k.id = mk.keyword_id)",
                                    "Rows Removed by Index Recheck": 0,
                                    "Filter": "(k.keyword = ANY ('{murder,violence,blood,gore,death,female-nudity,hospital}'::text[]))",
                                    "Rows Removed by Filter": 1
                                }
                            ]
                        },
                        {
                            "Node Type": "Index Scan",
                            "Parent Relationship": "Inner",
                            "Parallel Aware": false,
                            "Scan Direction": "Forward",
                            "Index Name": "name_pkey",
                            "Relation Name": "name",
                            "Schema": "public",
                            "Alias": "n",
                            "Startup Cost": 0.43,
                            "Total Cost": 0.69,
                            "Plan Rows": 1,
                            "Plan Width": 19,
                            "Actual Startup Time": 0.01,
                            "Actual Total Time": 0.01,
                            "Actual Rows": 1,
                            "Actual Loops": 16,
                            "Output": [
                                "n.id",
                                "n.name",
                                "n.imdb_index",
                                "n.imdb_id",
                                "n.gender",
                                "n.name_pcode_cf",
                                "n.name_pcode_nf",
                                "n.surname_pcode",
                                "n.md5sum"
                            ],
                            "Index Cond": "(n.id = ci.person_id)",
                            "Rows Removed by Index Recheck": 0,
                            "Filter": "((n.gender)::text = 'm'::text)",
                            "Rows Removed by Filter": 0
                        }
                    ]
                }
            ]
        },
        "Planning Time": 1439.768,
        "Triggers": [],
        "Execution Time": 75.418
    }
]