[
  {
    "Plan": {
      "Node Type": "Aggregate",
      "Strategy": "Plain",
      "Partial Mode": "Finalize",
      "Parallel Aware": false,
      "Startup Cost": 44976.28,
      "Total Cost": 44976.29,
      "Plan Rows": 1,
      "Plan Width": 8,
      "Actual Startup Time": 127.399,
      "Actual Total Time": 134.332,
      "Actual Rows": 1,
      "Actual Loops": 1,
      "Plans": [
        {
          "Node Type": "Gather",
          "Parent Relationship": "Outer",
          "Parallel Aware": false,
          "Startup Cost": 44975.96,
          "Total Cost": 44976.27,
          "Plan Rows": 3,
          "Plan Width": 8,
          "Actual Startup Time": 127.29,
          "Actual Total Time": 134.324,
          "Actual Rows": 4,
          "Actual Loops": 1,
          "Workers Planned": 3,
          "Workers Launched": 3,
          "Single Copy": false,
          "Plans": [
            {
              "Node Type": "Aggregate",
              "Strategy": "Plain",
              "Partial Mode": "Partial",
              "Parent Relationship": "Outer",
              "Parallel Aware": false,
              "Startup Cost": 43975.96,
              "Total Cost": 43975.97,
              "Plan Rows": 1,
              "Plan Width": 8,
              "Actual Startup Time": 122.268,
              "Actual Total Time": 122.269,
              "Actual Rows": 1,
              "Actual Loops": 4,
              "Plans": [
                {
                  "Node Type": "Seq Scan",
                  "Parent Relationship": "Outer",
                  "Parallel Aware": true,
                  "Relation Name": "movie_keyword",
                  "Alias": "mk",
                  "Startup Cost": 0.0,
                  "Total Cost": 42695.65,
                  "Plan Rows": 512122,
                  "Plan Width": 0,
                  "Actual Startup Time": 0.669,
                  "Actual Total Time": 103.479,
                  "Actual Rows": 394966,
                  "Actual Loops": 4,
                  "Filter": "(keyword_id > 9852)",
                  "Rows Removed by Filter": 736017
                }
              ]
            }
          ]
        }
      ]
    },
    "Planning Time": 0.125,
    "Triggers": [],
    "Execution Time": 134.377
  }
]