[
  {
    "Plan": {
      "Node Type": "Aggregate",
      "Strategy": "Plain",
      "Partial Mode": "Finalize",
      "Parallel Aware": false,
      "Startup Cost": 32741.73,
      "Total Cost": 32741.74,
      "Plan Rows": 1,
      "Plan Width": 8,
      "Actual Startup Time": 77.331,
      "Actual Total Time": 83.562,
      "Actual Rows": 1,
      "Actual Loops": 1,
      "Plans": [
        {
          "Node Type": "Gather",
          "Parent Relationship": "Outer",
          "Parallel Aware": false,
          "Startup Cost": 32741.41,
          "Total Cost": 32741.72,
          "Plan Rows": 3,
          "Plan Width": 8,
          "Actual Startup Time": 77.245,
          "Actual Total Time": 83.555,
          "Actual Rows": 4,
          "Actual Loops": 1,
          "Workers Planned": 3,
          "Workers Launched": 3,
          "Single Copy": false,
          "Plans": [
            {
              "Node Type": "Aggregate",
              "Strategy": "Plain",
              "Partial Mode": "Partial",
              "Parent Relationship": "Outer",
              "Parallel Aware": false,
              "Startup Cost": 31741.41,
              "Total Cost": 31741.42,
              "Plan Rows": 1,
              "Plan Width": 8,
              "Actual Startup Time": 74.315,
              "Actual Total Time": 74.316,
              "Actual Rows": 1,
              "Actual Loops": 4,
              "Plans": [
                {
                  "Node Type": "Seq Scan",
                  "Parent Relationship": "Outer",
                  "Parallel Aware": true,
                  "Relation Name": "movie_companies",
                  "Alias": "mc",
                  "Startup Cost": 0.0,
                  "Total Cost": 31414.82,
                  "Plan Rows": 130637,
                  "Plan Width": 0,
                  "Actual Startup Time": 0.02,
                  "Actual Total Time": 66.297,
                  "Actual Rows": 145876,
                  "Actual Loops": 4,
                  "Filter": "((company_id < 2015) AND (company_type_id = 1))",
                  "Rows Removed by Filter": 506406
                }
              ]
            }
          ]
        }
      ]
    },
    "Planning Time": 0.136,
    "Triggers": [],
    "Execution Time": 83.598
  }
]