{
  "Plan": {
    "Node Type": "Aggregate",
    "Strategy": "Plain",
    "Partial Mode": "Finalize",
    "Parallel Aware": false,
    "Startup Cost": 345991.72,
    "Total Cost": 345991.73,
    "Plan Rows": 1,
    "Plan Width": 8,
    "Actual Startup Time": 3386.391,
    "Actual Total Time": 3463.568,
    "Actual Rows": 1,
    "Actual Loops": 1,
    "Plans": [
      {
        "Node Type": "Gather",
        "Parent Relationship": "Outer",
        "Parallel Aware": false,
        "Startup Cost": 345991.61,
        "Total Cost": 345991.72,
        "Plan Rows": 1,
        "Plan Width": 8,
        "Actual Startup Time": 3386.115,
        "Actual Total Time": 3463.562,
        "Actual Rows": 2,
        "Actual Loops": 1,
        "Workers Planned": 1,
        "Workers Launched": 1,
        "Single Copy": false,
        "Plans": [
          {
            "Node Type": "Aggregate",
            "Strategy": "Plain",
            "Partial Mode": "Partial",
            "Parent Relationship": "Outer",
            "Parallel Aware": false,
            "Startup Cost": 344991.61,
            "Total Cost": 344991.62,
            "Plan Rows": 1,
            "Plan Width": 8,
            "Actual Startup Time": 3379.892,
            "Actual Total Time": 3379.896,
            "Actual Rows": 1,
            "Actual Loops": 2,
            "Plans": [
              {
                "Node Type": "Nested Loop",
                "Parent Relationship": "Outer",
                "Parallel Aware": false,
                "Join Type": "Inner",
                "Startup Cost": 55411.27,
                "Total Cost": 342226.99,
                "Plan Rows": 1105849,
                "Plan Width": 0,
                "Actual Startup Time": 171.933,
                "Actual Total Time": 3186.789,
                "Actual Rows": 3694678,
                "Actual Loops": 2,
                "Inner Unique": false,
                "Join Filter": "(t.id = ci.movie_id)",
                "Rows Removed by Join Filter": 0,
                "Plans": [
                  {
                    "Node Type": "Hash Join",
                    "Parent Relationship": "Outer",
                    "Parallel Aware": true,
                    "Join Type": "Inner",
                    "Startup Cost": 55410.7,
                    "Total Cost": 113461.55,
                    "Plan Rows": 117711,
                    "Plan Width": 8,
                    "Actual Startup Time": 171.864,
                    "Actual Total Time": 553.085,
                    "Actual Rows": 91820,
                    "Actual Loops": 2,
                    "Inner Unique": true,
                    "Hash Cond": "(mk.movie_id = t.id)",
                    "Plans": [
                      {
                        "Node Type": "Seq Scan",
                        "Parent Relationship": "Outer",
                        "Parallel Aware": true,
                        "Relation Name": "movie_keyword",
                        "Alias": "mk",
                        "Startup Cost": 0.0,
                        "Total Cost": 51065.35,
                        "Plan Rows": 2661135,
                        "Plan Width": 4,
                        "Actual Startup Time": 0.012,
                        "Actual Total Time": 163.814,
                        "Actual Rows": 2261965,
                        "Actual Loops": 2
                      },
                      {
                        "Node Type": "Hash",
                        "Parent Relationship": "Inner",
                        "Parallel Aware": true,
                        "Startup Cost": 54588.39,
                        "Total Cost": 54588.39,
                        "Plan Rows": 65785,
                        "Plan Width": 4,
                        "Actual Startup Time": 169.429,
                        "Actual Total Time": 169.43,
                        "Actual Rows": 54214,
                        "Actual Loops": 2,
                        "Hash Buckets": 131072,
                        "Original Hash Buckets": 131072,
                        "Hash Batches": 1,
                        "Original Hash Batches": 1,
                        "Peak Memory Usage": 5312,
                        "Plans": [
                          {
                            "Node Type": "Seq Scan",
                            "Parent Relationship": "Outer",
                            "Parallel Aware": true,
                            "Relation Name": "title",
                            "Alias": "t",
                            "Startup Cost": 0.0,
                            "Total Cost": 54588.39,
                            "Plan Rows": 65785,
                            "Plan Width": 4,
                            "Actual Startup Time": 0.033,
                            "Actual Total Time": 152.328,
                            "Actual Rows": 54214,
                            "Actual Loops": 2,
                            "Filter": "(production_year = 2006)",
                            "Rows Removed by Filter": 1209942
                          }
                        ]
                      }
                    ]
                  },
                  {
                    "Node Type": "Index Scan",
                    "Parent Relationship": "Inner",
                    "Parallel Aware": false,
                    "Scan Direction": "Forward",
                    "Index Name": "movie_id_cast_info",
                    "Relation Name": "cast_info",
                    "Alias": "ci",
                    "Startup Cost": 0.56,
                    "Total Cost": 1.64,
                    "Plan Rows": 24,
                    "Plan Width": 4,
                    "Actual Startup Time": 0.009,
                    "Actual Total Time": 0.025,
                    "Actual Rows": 40,
                    "Actual Loops": 183641,
                    "Index Cond": "(movie_id = mk.movie_id)",
                    "Rows Removed by Index Recheck": 0,
                    "Filter": "(role_id > 1)",
                    "Rows Removed by Filter": 17
                  }
                ]
              }
            ]
          }
        ]
      }
    ]
  },
  "Planning Time": 0.904,
  "Triggers": [],
  "Execution Time": 3463.668
}