[
    {
        "Bao": {
            "Bao prediction": "NaN",
            "Bao recommended hint": "(no hint)"
        }
    },
    {
        "Plan": {
            "Node Type": "Aggregate",
            "Strategy": "Plain",
            "Partial Mode": "Finalize",
            "Parallel Aware": false,
            "Startup Cost": 337724.24,
            "Total Cost": 337724.25,
            "Plan Rows": 1,
            "Plan Width": 8,
            "Actual Startup Time": 766.761,
            "Actual Total Time": 795.493,
            "Actual Rows": 1,
            "Actual Loops": 1,
            "Output": [
                "count(*)"
            ],
            "Plans": [
                {
                    "Node Type": "Gather",
                    "Parent Relationship": "Outer",
                    "Parallel Aware": false,
                    "Startup Cost": 337723.62,
                    "Total Cost": 337724.23,
                    "Plan Rows": 6,
                    "Plan Width": 8,
                    "Actual Startup Time": 766.645,
                    "Actual Total Time": 795.481,
                    "Actual Rows": 7,
                    "Actual Loops": 1,
                    "Output": [
                        "(PARTIAL count(*))"
                    ],
                    "Workers Planned": 6,
                    "Workers Launched": 6,
                    "Single Copy": false,
                    "Plans": [
                        {
                            "Node Type": "Aggregate",
                            "Strategy": "Plain",
                            "Partial Mode": "Partial",
                            "Parent Relationship": "Outer",
                            "Parallel Aware": false,
                            "Startup Cost": 336723.62,
                            "Total Cost": 336723.63,
                            "Plan Rows": 1,
                            "Plan Width": 8,
                            "Actual Startup Time": 756.814,
                            "Actual Total Time": 756.815,
                            "Actual Rows": 1,
                            "Actual Loops": 7,
                            "Output": [
                                "PARTIAL count(*)"
                            ],
                            "Workers": [
                                {
                                    "Worker Number": 0,
                                    "Actual Startup Time": 754.543,
                                    "Actual Total Time": 754.545,
                                    "Actual Rows": 1,
                                    "Actual Loops": 1
                                },
                                {
                                    "Worker Number": 1,
                                    "Actual Startup Time": 754.752,
                                    "Actual Total Time": 754.754,
                                    "Actual Rows": 1,
                                    "Actual Loops": 1
                                },
                                {
                                    "Worker Number": 2,
                                    "Actual Startup Time": 755.029,
                                    "Actual Total Time": 755.03,
                                    "Actual Rows": 1,
                                    "Actual Loops": 1
                                },
                                {
                                    "Worker Number": 3,
                                    "Actual Startup Time": 755.468,
                                    "Actual Total Time": 755.47,
                                    "Actual Rows": 1,
                                    "Actual Loops": 1
                                },
                                {
                                    "Worker Number": 4,
                                    "Actual Startup Time": 755.86,
                                    "Actual Total Time": 755.861,
                                    "Actual Rows": 1,
                                    "Actual Loops": 1
                                },
                                {
                                    "Worker Number": 5,
                                    "Actual Startup Time": 755.944,
                                    "Actual Total Time": 755.945,
                                    "Actual Rows": 1,
                                    "Actual Loops": 1
                                }
                            ],
                            "Plans": [
                                {
                                    "Node Type": "Seq Scan",
                                    "Parent Relationship": "Outer",
                                    "Parallel Aware": true,
                                    "Relation Name": "cast_info",
                                    "Schema": "public",
                                    "Alias": "ci",
                                    "Startup Cost": 0.0,
                                    "Total Cost": 328213.62,
                                    "Plan Rows": 3404001,
                                    "Plan Width": 0,
                                    "Actual Startup Time": 179.918,
                                    "Actual Total Time": 613.886,
                                    "Actual Rows": 2929082,
                                    "Actual Loops": 7,
                                    "Output": [
                                        "id",
                                        "person_id",
                                        "movie_id",
                                        "person_role_id",
                                        "note",
                                        "nr_order",
                                        "role_id"
                                    ],
                                    "Filter": "(ci.person_id > 1554537)",
                                    "Rows Removed by Filter": 2248681,
                                    "Workers": [
                                        {
                                            "Worker Number": 0,
                                            "Actual Startup Time": 177.669,
                                            "Actual Total Time": 613.805,
                                            "Actual Rows": 2132734,
                                            "Actual Loops": 1
                                        },
                                        {
                                            "Worker Number": 1,
                                            "Actual Startup Time": 177.832,
                                            "Actual Total Time": 613.915,
                                            "Actual Rows": 2110212,
                                            "Actual Loops": 1
                                        },
                                        {
                                            "Worker Number": 2,
                                            "Actual Startup Time": 178.152,
                                            "Actual Total Time": 614.168,
                                            "Actual Rows": 2138343,
                                            "Actual Loops": 1
                                        },
                                        {
                                            "Worker Number": 3,
                                            "Actual Startup Time": 178.596,
                                            "Actual Total Time": 616.648,
                                            "Actual Rows": 3299165,
                                            "Actual Loops": 1
                                        },
                                        {
                                            "Worker Number": 4,
                                            "Actual Startup Time": 178.953,
                                            "Actual Total Time": 617.063,
                                            "Actual Rows": 3304446,
                                            "Actual Loops": 1
                                        },
                                        {
                                            "Worker Number": 5,
                                            "Actual Startup Time": 179.032,
                                            "Actual Total Time": 616.617,
                                            "Actual Rows": 3296951,
                                            "Actual Loops": 1
                                        }
                                    ]
                                }
                            ]
                        }
                    ]
                }
            ]
        },
        "Planning Time": 211.887,
        "Triggers": [],
        "Execution Time": 795.572
    }
]