{
  "Plan": {
    "Node Type": "Aggregate",
    "Strategy": "Plain",
    "Partial Mode": "Finalize",
    "Parallel Aware": false,
    "Startup Cost": 132212.54,
    "Total Cost": 132212.55,
    "Plan Rows": 1,
    "Plan Width": 8,
    "Actual Startup Time": 333.975,
    "Actual Total Time": 357.359,
    "Actual Rows": 1,
    "Actual Loops": 1,
    "Plans": [
      {
        "Node Type": "Gather",
        "Parent Relationship": "Outer",
        "Parallel Aware": false,
        "Startup Cost": 132212.43,
        "Total Cost": 132212.54,
        "Plan Rows": 1,
        "Plan Width": 8,
        "Actual Startup Time": 333.532,
        "Actual Total Time": 357.352,
        "Actual Rows": 2,
        "Actual Loops": 1,
        "Workers Planned": 1,
        "Workers Launched": 1,
        "Single Copy": false,
        "Plans": [
          {
            "Node Type": "Aggregate",
            "Strategy": "Plain",
            "Partial Mode": "Partial",
            "Parent Relationship": "Outer",
            "Parallel Aware": false,
            "Startup Cost": 131212.43,
            "Total Cost": 131212.44,
            "Plan Rows": 1,
            "Plan Width": 8,
            "Actual Startup Time": 327.309,
            "Actual Total Time": 327.313,
            "Actual Rows": 1,
            "Actual Loops": 2,
            "Plans": [
              {
                "Node Type": "Nested Loop",
                "Parent Relationship": "Outer",
                "Parallel Aware": false,
                "Join Type": "Inner",
                "Startup Cost": 69073.75,
                "Total Cost": 131126.4,
                "Plan Rows": 34410,
                "Plan Width": 0,
                "Actual Startup Time": 189.725,
                "Actual Total Time": 326.051,
                "Actual Rows": 20618,
                "Actual Loops": 2,
                "Inner Unique": false,
                "Join Filter": "(t.id = mi.movie_id)",
                "Rows Removed by Join Filter": 0,
                "Plans": [
                  {
                    "Node Type": "Hash Join",
                    "Parent Relationship": "Outer",
                    "Parallel Aware": true,
                    "Join Type": "Inner",
                    "Startup Cost": 69073.31,
                    "Total Cost": 91962.23,
                    "Plan Rows": 11428,
                    "Plan Width": 8,
                    "Actual Startup Time": 189.666,
                    "Actual Total Time": 263.208,
                    "Actual Rows": 4428,
                    "Actual Loops": 2,
                    "Inner Unique": true,
                    "Hash Cond": "(mc.movie_id = t.id)",
                    "Plans": [
                      {
                        "Node Type": "Bitmap Heap Scan",
                        "Parent Relationship": "Outer",
                        "Parallel Aware": true,
                        "Relation Name": "movie_companies",
                        "Alias": "mc",
                        "Startup Cost": 9982.89,
                        "Total Cost": 32160.43,
                        "Plan Rows": 271003,
                        "Plan Width": 4,
                        "Actual Startup Time": 20.835,
                        "Actual Total Time": 54.736,
                        "Actual Rows": 234304,
                        "Actual Loops": 2,
                        "Recheck Cond": "(company_id > 76105)",
                        "Rows Removed by Index Recheck": 0,
                        "Exact Heap Blocks": 4211,
                        "Lossy Heap Blocks": 0,
                        "Plans": [
                          {
                            "Node Type": "Bitmap Index Scan",
                            "Parent Relationship": "Outer",
                            "Parallel Aware": false,
                            "Index Name": "company_id_movie_companies",
                            "Startup Cost": 0.0,
                            "Total Cost": 9867.72,
                            "Plan Rows": 460705,
                            "Plan Width": 0,
                            "Actual Startup Time": 19.809,
                            "Actual Total Time": 19.81,
                            "Actual Rows": 468608,
                            "Actual Loops": 1,
                            "Index Cond": "(company_id > 76105)"
                          }
                        ]
                      },
                      {
                        "Node Type": "Hash",
                        "Parent Relationship": "Inner",
                        "Parallel Aware": true,
                        "Startup Cost": 58306.47,
                        "Total Cost": 58306.47,
                        "Plan Rows": 62716,
                        "Plan Width": 4,
                        "Actual Startup Time": 166.412,
                        "Actual Total Time": 166.413,
                        "Actual Rows": 54256,
                        "Actual Loops": 2,
                        "Hash Buckets": 131072,
                        "Original Hash Buckets": 131072,
                        "Hash Batches": 1,
                        "Original Hash Batches": 1,
                        "Peak Memory Usage": 5312,
                        "Plans": [
                          {
                            "Node Type": "Seq Scan",
                            "Parent Relationship": "Outer",
                            "Parallel Aware": true,
                            "Relation Name": "title",
                            "Alias": "t",
                            "Startup Cost": 0.0,
                            "Total Cost": 58306.47,
                            "Plan Rows": 62716,
                            "Plan Width": 4,
                            "Actual Startup Time": 0.034,
                            "Actual Total Time": 147.927,
                            "Actual Rows": 54256,
                            "Actual Loops": 2,
                            "Filter": "((kind_id > 1) AND (production_year = 2010))",
                            "Rows Removed by Filter": 1209900
                          }
                        ]
                      }
                    ]
                  },
                  {
                    "Node Type": "Index Scan",
                    "Parent Relationship": "Inner",
                    "Parallel Aware": false,
                    "Scan Direction": "Forward",
                    "Index Name": "movie_id_movie_info",
                    "Relation Name": "movie_info",
                    "Alias": "mi",
                    "Startup Cost": 0.43,
                    "Total Cost": 3.15,
                    "Plan Rows": 22,
                    "Plan Width": 4,
                    "Actual Startup Time": 0.007,
                    "Actual Total Time": 0.013,
                    "Actual Rows": 5,
                    "Actual Loops": 8856,
                    "Index Cond": "(movie_id = mc.movie_id)",
                    "Rows Removed by Index Recheck": 0,
                    "Filter": "(info_type_id > 7)",
                    "Rows Removed by Filter": 4
                  }
                ]
              }
            ]
          }
        ]
      }
    ]
  },
  "Planning Time": 1.062,
  "Triggers": [],
  "Execution Time": 357.465
}