[
  {
    "Plan": {
      "Node Type": "Aggregate",
      "Strategy": "Plain",
      "Partial Mode": "Finalize",
      "Parallel Aware": false,
      "Startup Cost": 155135.53,
      "Total Cost": 155135.54,
      "Plan Rows": 1,
      "Plan Width": 8,
      "Actual Startup Time": 158.33,
      "Actual Total Time": 186.403,
      "Actual Rows": 1,
      "Actual Loops": 1,
      "Plans": [
        {
          "Node Type": "Gather",
          "Parent Relationship": "Outer",
          "Parallel Aware": false,
          "Startup Cost": 155135.11,
          "Total Cost": 155135.52,
          "Plan Rows": 4,
          "Plan Width": 8,
          "Actual Startup Time": 158.075,
          "Actual Total Time": 186.391,
          "Actual Rows": 5,
          "Actual Loops": 1,
          "Workers Planned": 4,
          "Workers Launched": 4,
          "Single Copy": false,
          "Plans": [
            {
              "Node Type": "Aggregate",
              "Strategy": "Plain",
              "Partial Mode": "Partial",
              "Parent Relationship": "Outer",
              "Parallel Aware": false,
              "Startup Cost": 154135.11,
              "Total Cost": 154135.12,
              "Plan Rows": 1,
              "Plan Width": 8,
              "Actual Startup Time": 151.65,
              "Actual Total Time": 151.652,
              "Actual Rows": 1,
              "Actual Loops": 5,
              "Plans": [
                {
                  "Node Type": "Nested Loop",
                  "Parent Relationship": "Outer",
                  "Parallel Aware": false,
                  "Join Type": "Inner",
                  "Startup Cost": 0.56,
                  "Total Cost": 154101.78,
                  "Plan Rows": 13330,
                  "Plan Width": 0,
                  "Actual Startup Time": 57.163,
                  "Actual Total Time": 150.184,
                  "Actual Rows": 15597,
                  "Actual Loops": 5,
                  "Inner Unique": false,
                  "Plans": [
                    {
                      "Node Type": "Seq Scan",
                      "Parent Relationship": "Outer",
                      "Parallel Aware": true,
                      "Relation Name": "title",
                      "Alias": "t",
                      "Startup Cost": 0.0,
                      "Total Cost": 45479.59,
                      "Plan Rows": 930,
                      "Plan Width": 4,
                      "Actual Startup Time": 57.019,
                      "Actual Total Time": 78.791,
                      "Actual Rows": 858,
                      "Actual Loops": 5,
                      "Filter": "((kind_id = 1) AND (production_year = 1982))",
                      "Rows Removed by Filter": 504805
                    },
                    {
                      "Node Type": "Index Only Scan",
                      "Parent Relationship": "Inner",
                      "Parallel Aware": false,
                      "Scan Direction": "Forward",
                      "Index Name": "movie_id_cast_info",
                      "Relation Name": "cast_info",
                      "Alias": "ci",
                      "Startup Cost": 0.56,
                      "Total Cost": 116.45,
                      "Plan Rows": 35,
                      "Plan Width": 4,
                      "Actual Startup Time": 0.014,
                      "Actual Total Time": 0.081,
                      "Actual Rows": 18,
                      "Actual Loops": 4288,
                      "Index Cond": "(movie_id = t.id)",
                      "Rows Removed by Index Recheck": 0,
                      "Heap Fetches": 77983
                    }
                  ]
                }
              ]
            }
          ]
        }
      ]
    },
    "Planning Time": 0.618,
    "Triggers": [],
    "Execution Time": 186.48
  }
]