[
  {
    "Plan": {
      "Node Type": "Aggregate",
      "Strategy": "Plain",
      "Partial Mode": "Finalize",
      "Parallel Aware": false,
      "Startup Cost": 45179.88,
      "Total Cost": 45179.89,
      "Plan Rows": 1,
      "Plan Width": 8,
      "Actual Startup Time": 157.163,
      "Actual Total Time": 164.565,
      "Actual Rows": 1,
      "Actual Loops": 1,
      "Plans": [
        {
          "Node Type": "Gather",
          "Parent Relationship": "Outer",
          "Parallel Aware": false,
          "Startup Cost": 45179.56,
          "Total Cost": 45179.87,
          "Plan Rows": 3,
          "Plan Width": 8,
          "Actual Startup Time": 157.03,
          "Actual Total Time": 164.552,
          "Actual Rows": 4,
          "Actual Loops": 1,
          "Workers Planned": 3,
          "Workers Launched": 3,
          "Single Copy": false,
          "Plans": [
            {
              "Node Type": "Aggregate",
              "Strategy": "Plain",
              "Partial Mode": "Partial",
              "Parent Relationship": "Outer",
              "Parallel Aware": false,
              "Startup Cost": 44179.56,
              "Total Cost": 44179.57,
              "Plan Rows": 1,
              "Plan Width": 8,
              "Actual Startup Time": 150.084,
              "Actual Total Time": 150.086,
              "Actual Rows": 1,
              "Actual Loops": 4,
              "Plans": [
                {
                  "Node Type": "Seq Scan",
                  "Parent Relationship": "Outer",
                  "Parallel Aware": true,
                  "Relation Name": "movie_keyword",
                  "Alias": "mk",
                  "Startup Cost": 0.0,
                  "Total Cost": 42695.65,
                  "Plan Rows": 593564,
                  "Plan Width": 0,
                  "Actual Startup Time": 1.095,
                  "Actual Total Time": 124.851,
                  "Actual Rows": 458838,
                  "Actual Loops": 4,
                  "Filter": "(keyword_id > 7595)",
                  "Rows Removed by Filter": 672144
                }
              ]
            }
          ]
        }
      ]
    },
    "Planning Time": 0.19,
    "Triggers": [],
    "Execution Time": 164.621
  }
]