{
  "Plan": {
    "Node Type": "Aggregate",
    "Strategy": "Plain",
    "Partial Mode": "Finalize",
    "Parallel Aware": false,
    "Startup Cost": 346256.9,
    "Total Cost": 346256.91,
    "Plan Rows": 1,
    "Plan Width": 8,
    "Actual Startup Time": 440.338,
    "Actual Total Time": 455.348,
    "Actual Rows": 1,
    "Actual Loops": 1,
    "Plans": [
      {
        "Node Type": "Gather",
        "Parent Relationship": "Outer",
        "Parallel Aware": false,
        "Startup Cost": 346256.79,
        "Total Cost": 346256.9,
        "Plan Rows": 1,
        "Plan Width": 8,
        "Actual Startup Time": 439.465,
        "Actual Total Time": 455.338,
        "Actual Rows": 2,
        "Actual Loops": 1,
        "Workers Planned": 1,
        "Workers Launched": 1,
        "Single Copy": false,
        "Plans": [
          {
            "Node Type": "Aggregate",
            "Strategy": "Plain",
            "Partial Mode": "Partial",
            "Parent Relationship": "Outer",
            "Parallel Aware": false,
            "Startup Cost": 345256.79,
            "Total Cost": 345256.8,
            "Plan Rows": 1,
            "Plan Width": 8,
            "Actual Startup Time": 433.546,
            "Actual Total Time": 433.55,
            "Actual Rows": 1,
            "Actual Loops": 2,
            "Plans": [
              {
                "Node Type": "Hash Join",
                "Parent Relationship": "Outer",
                "Parallel Aware": true,
                "Join Type": "Inner",
                "Startup Cost": 83251.77,
                "Total Cost": 345072.56,
                "Plan Rows": 73690,
                "Plan Width": 0,
                "Actual Startup Time": 261.727,
                "Actual Total Time": 430.126,
                "Actual Rows": 56976,
                "Actual Loops": 2,
                "Inner Unique": true,
                "Hash Cond": "(ci.movie_id = t.id)",
                "Plans": [
                  {
                    "Node Type": "Bitmap Heap Scan",
                    "Parent Relationship": "Outer",
                    "Parallel Aware": true,
                    "Relation Name": "cast_info",
                    "Alias": "ci",
                    "Startup Cost": 22676.78,
                    "Total Cost": 282912.37,
                    "Plan Rows": 603887,
                    "Plan Width": 4,
                    "Actual Startup Time": 60.4,
                    "Actual Total Time": 129.326,
                    "Actual Rows": 497388,
                    "Actual Loops": 2,
                    "Recheck Cond": "(person_id > 3870210)",
                    "Rows Removed by Index Recheck": 0,
                    "Exact Heap Blocks": 8340,
                    "Lossy Heap Blocks": 0,
                    "Plans": [
                      {
                        "Node Type": "Bitmap Index Scan",
                        "Parent Relationship": "Outer",
                        "Parallel Aware": false,
                        "Index Name": "person_id_cast_info",
                        "Startup Cost": 0.0,
                        "Total Cost": 22420.12,
                        "Plan Rows": 1026608,
                        "Plan Width": 0,
                        "Actual Startup Time": 56.89,
                        "Actual Total Time": 56.891,
                        "Actual Rows": 994777,
                        "Actual Loops": 1,
                        "Index Cond": "(person_id > 3870210)"
                      }
                    ]
                  },
                  {
                    "Node Type": "Hash",
                    "Parent Relationship": "Inner",
                    "Parallel Aware": true,
                    "Startup Cost": 58306.47,
                    "Total Cost": 58306.47,
                    "Plan Rows": 181482,
                    "Plan Width": 4,
                    "Actual Startup Time": 196.045,
                    "Actual Total Time": 196.046,
                    "Actual Rows": 133300,
                    "Actual Loops": 2,
                    "Hash Buckets": 524288,
                    "Original Hash Buckets": 524288,
                    "Hash Batches": 1,
                    "Original Hash Batches": 1,
                    "Peak Memory Usage": 14560,
                    "Plans": [
                      {
                        "Node Type": "Seq Scan",
                        "Parent Relationship": "Outer",
                        "Parallel Aware": true,
                        "Relation Name": "title",
                        "Alias": "t",
                        "Startup Cost": 0.0,
                        "Total Cost": 58306.47,
                        "Plan Rows": 181482,
                        "Plan Width": 4,
                        "Actual Startup Time": 0.066,
                        "Actual Total Time": 158.909,
                        "Actual Rows": 133300,
                        "Actual Loops": 2,
                        "Filter": "((kind_id < 7) AND (production_year > 2007))",
                        "Rows Removed by Filter": 1130856
                      }
                    ]
                  }
                ]
              }
            ]
          }
        ]
      }
    ]
  },
  "Planning Time": 0.74,
  "Triggers": [],
  "Execution Time": 455.441
}