[
  {
    "Plan": {
      "Node Type": "Aggregate",
      "Strategy": "Plain",
      "Partial Mode": "Finalize",
      "Parallel Aware": false,
      "Startup Cost": 346994.93,
      "Total Cost": 346994.94,
      "Plan Rows": 1,
      "Plan Width": 8,
      "Actual Startup Time": 681.177,
      "Actual Total Time": 742.213,
      "Actual Rows": 1,
      "Actual Loops": 1,
      "Plans": [
        {
          "Node Type": "Gather",
          "Parent Relationship": "Outer",
          "Parallel Aware": false,
          "Startup Cost": 346994.3,
          "Total Cost": 346994.91,
          "Plan Rows": 6,
          "Plan Width": 8,
          "Actual Startup Time": 681.062,
          "Actual Total Time": 742.203,
          "Actual Rows": 7,
          "Actual Loops": 1,
          "Workers Planned": 6,
          "Workers Launched": 6,
          "Single Copy": false,
          "Plans": [
            {
              "Node Type": "Aggregate",
              "Strategy": "Plain",
              "Partial Mode": "Partial",
              "Parent Relationship": "Outer",
              "Parallel Aware": false,
              "Startup Cost": 345994.3,
              "Total Cost": 345994.32,
              "Plan Rows": 1,
              "Plan Width": 8,
              "Actual Startup Time": 671.547,
              "Actual Total Time": 671.549,
              "Actual Rows": 1,
              "Actual Loops": 7,
              "Plans": [
                {
                  "Node Type": "Seq Scan",
                  "Parent Relationship": "Outer",
                  "Parallel Aware": true,
                  "Relation Name": "cast_info",
                  "Alias": "ci",
                  "Startup Cost": 0.0,
                  "Total Cost": 343257.03,
                  "Plan Rows": 1094910,
                  "Plan Width": 0,
                  "Actual Startup Time": 240.572,
                  "Actual Total Time": 651.708,
                  "Actual Rows": 403460,
                  "Actual Loops": 7,
                  "Filter": "((person_id < 991499) AND (role_id > 1))",
                  "Rows Removed by Filter": 4774304
                }
              ]
            }
          ]
        }
      ]
    },
    "Planning Time": 0.226,
    "Triggers": [],
    "Execution Time": 742.288
  }
]