[
  {
    "Plan": {
      "Node Type": "Aggregate",
      "Strategy": "Plain",
      "Partial Mode": "Finalize",
      "Parallel Aware": false,
      "Startup Cost": 75658.13,
      "Total Cost": 75658.14,
      "Plan Rows": 1,
      "Plan Width": 8,
      "Actual Startup Time": 209.621,
      "Actual Total Time": 224.938,
      "Actual Rows": 1,
      "Actual Loops": 1,
      "Plans": [
        {
          "Node Type": "Gather",
          "Parent Relationship": "Outer",
          "Parallel Aware": false,
          "Startup Cost": 75657.82,
          "Total Cost": 75658.13,
          "Plan Rows": 3,
          "Plan Width": 8,
          "Actual Startup Time": 209.226,
          "Actual Total Time": 224.925,
          "Actual Rows": 4,
          "Actual Loops": 1,
          "Workers Planned": 3,
          "Workers Launched": 3,
          "Single Copy": false,
          "Plans": [
            {
              "Node Type": "Aggregate",
              "Strategy": "Plain",
              "Partial Mode": "Partial",
              "Parent Relationship": "Outer",
              "Parallel Aware": false,
              "Startup Cost": 74657.82,
              "Total Cost": 74657.83,
              "Plan Rows": 1,
              "Plan Width": 8,
              "Actual Startup Time": 201.373,
              "Actual Total Time": 201.376,
              "Actual Rows": 1,
              "Actual Loops": 4,
              "Plans": [
                {
                  "Node Type": "Hash Join",
                  "Parent Relationship": "Outer",
                  "Parallel Aware": true,
                  "Join Type": "Inner",
                  "Startup Cost": 44165.7,
                  "Total Cost": 74621.01,
                  "Plan Rows": 14724,
                  "Plan Width": 0,
                  "Actual Startup Time": 101.751,
                  "Actual Total Time": 200.878,
                  "Actual Rows": 9176,
                  "Actual Loops": 4,
                  "Inner Unique": true,
                  "Hash Cond": "(mc.movie_id = t.id)",
                  "Plans": [
                    {
                      "Node Type": "Seq Scan",
                      "Parent Relationship": "Outer",
                      "Parallel Aware": true,
                      "Relation Name": "movie_companies",
                      "Alias": "mc",
                      "Startup Cost": 0.0,
                      "Total Cost": 29310.68,
                      "Plan Rows": 436046,
                      "Plan Width": 4,
                      "Actual Startup Time": 0.02,
                      "Actual Total Time": 62.478,
                      "Actual Rows": 336468,
                      "Actual Loops": 4,
                      "Filter": "(company_id < 11538)",
                      "Rows Removed by Filter": 315814
                    },
                    {
                      "Node Type": "Hash",
                      "Parent Relationship": "Inner",
                      "Parallel Aware": true,
                      "Startup Cost": 43898.92,
                      "Total Cost": 43898.92,
                      "Plan Rows": 21343,
                      "Plan Width": 4,
                      "Actual Startup Time": 99.728,
                      "Actual Total Time": 99.728,
                      "Actual Rows": 21148,
                      "Actual Loops": 4,
                      "Hash Buckets": 131072,
                      "Original Hash Buckets": 131072,
                      "Hash Batches": 1,
                      "Original Hash Batches": 1,
                      "Peak Memory Usage": 4352,
                      "Plans": [
                        {
                          "Node Type": "Seq Scan",
                          "Parent Relationship": "Outer",
                          "Parallel Aware": true,
                          "Relation Name": "title",
                          "Alias": "t",
                          "Startup Cost": 0.0,
                          "Total Cost": 43898.92,
                          "Plan Rows": 21343,
                          "Plan Width": 4,
                          "Actual Startup Time": 0.062,
                          "Actual Total Time": 90.787,
                          "Actual Rows": 21148,
                          "Actual Loops": 4,
                          "Filter": "(production_year = 2004)",
                          "Rows Removed by Filter": 610930
                        }
                      ]
                    }
                  ]
                }
              ]
            }
          ]
        }
      ]
    },
    "Planning Time": 0.743,
    "Triggers": [],
    "Execution Time": 225.021
  }
]