[
  {
    "Plan": {
      "Node Type": "Aggregate",
      "Strategy": "Plain",
      "Partial Mode": "Finalize",
      "Parallel Aware": false,
      "Startup Cost": 46590.94,
      "Total Cost": 46590.95,
      "Plan Rows": 1,
      "Plan Width": 8,
      "Actual Startup Time": 152.936,
      "Actual Total Time": 162.584,
      "Actual Rows": 1,
      "Actual Loops": 1,
      "Plans": [
        {
          "Node Type": "Gather",
          "Parent Relationship": "Outer",
          "Parallel Aware": false,
          "Startup Cost": 46590.62,
          "Total Cost": 46590.93,
          "Plan Rows": 3,
          "Plan Width": 8,
          "Actual Startup Time": 152.779,
          "Actual Total Time": 162.576,
          "Actual Rows": 4,
          "Actual Loops": 1,
          "Workers Planned": 3,
          "Workers Launched": 3,
          "Single Copy": false,
          "Plans": [
            {
              "Node Type": "Aggregate",
              "Strategy": "Plain",
              "Partial Mode": "Partial",
              "Parent Relationship": "Outer",
              "Parallel Aware": false,
              "Startup Cost": 45590.62,
              "Total Cost": 45590.63,
              "Plan Rows": 1,
              "Plan Width": 8,
              "Actual Startup Time": 148.774,
              "Actual Total Time": 148.775,
              "Actual Rows": 1,
              "Actual Loops": 4,
              "Plans": [
                {
                  "Node Type": "Seq Scan",
                  "Parent Relationship": "Outer",
                  "Parallel Aware": true,
                  "Relation Name": "movie_keyword",
                  "Alias": "mk",
                  "Startup Cost": 0.0,
                  "Total Cost": 42695.65,
                  "Plan Rows": 1157987,
                  "Plan Width": 0,
                  "Actual Startup Time": 0.059,
                  "Actual Total Time": 111.479,
                  "Actual Rows": 895019,
                  "Actual Loops": 4,
                  "Filter": "(keyword_id > 876)",
                  "Rows Removed by Filter": 235964
                }
              ]
            }
          ]
        }
      ]
    },
    "Planning Time": 0.089,
    "Triggers": [],
    "Execution Time": 162.613
  }
]