{
  "Plan": {
    "Node Type": "Aggregate",
    "Strategy": "Plain",
    "Partial Mode": "Finalize",
    "Parallel Aware": false,
    "Startup Cost": 430709.45,
    "Total Cost": 430709.46,
    "Plan Rows": 1,
    "Plan Width": 8,
    "Actual Startup Time": 6194.631,
    "Actual Total Time": 6249.123,
    "Actual Rows": 1,
    "Actual Loops": 1,
    "Plans": [
      {
        "Node Type": "Gather",
        "Parent Relationship": "Outer",
        "Parallel Aware": false,
        "Startup Cost": 430709.34,
        "Total Cost": 430709.45,
        "Plan Rows": 1,
        "Plan Width": 8,
        "Actual Startup Time": 6185.633,
        "Actual Total Time": 6249.114,
        "Actual Rows": 2,
        "Actual Loops": 1,
        "Workers Planned": 1,
        "Workers Launched": 1,
        "Single Copy": false,
        "Plans": [
          {
            "Node Type": "Aggregate",
            "Strategy": "Plain",
            "Partial Mode": "Partial",
            "Parent Relationship": "Outer",
            "Parallel Aware": false,
            "Startup Cost": 429709.34,
            "Total Cost": 429709.35,
            "Plan Rows": 1,
            "Plan Width": 8,
            "Actual Startup Time": 6178.79,
            "Actual Total Time": 6180.039,
            "Actual Rows": 1,
            "Actual Loops": 2,
            "Plans": [
              {
                "Node Type": "Hash Join",
                "Parent Relationship": "Outer",
                "Parallel Aware": true,
                "Join Type": "Inner",
                "Startup Cost": 344776.71,
                "Total Cost": 424569.02,
                "Plan Rows": 2056126,
                "Plan Width": 0,
                "Actual Startup Time": 2344.406,
                "Actual Total Time": 4861.996,
                "Actual Rows": 33049981,
                "Actual Loops": 2,
                "Inner Unique": false,
                "Hash Cond": "(mk.movie_id = t.id)",
                "Plans": [
                  {
                    "Node Type": "Seq Scan",
                    "Parent Relationship": "Outer",
                    "Parallel Aware": true,
                    "Relation Name": "movie_keyword",
                    "Alias": "mk",
                    "Startup Cost": 0.0,
                    "Total Cost": 51065.35,
                    "Plan Rows": 2661135,
                    "Plan Width": 4,
                    "Actual Startup Time": 0.015,
                    "Actual Total Time": 152.798,
                    "Actual Rows": 2261965,
                    "Actual Loops": 2
                  },
                  {
                    "Node Type": "Hash",
                    "Parent Relationship": "Inner",
                    "Parallel Aware": true,
                    "Startup Cost": 330412.85,
                    "Total Cost": 330412.85,
                    "Plan Rows": 1149109,
                    "Plan Width": 8,
                    "Actual Startup Time": 2330.13,
                    "Actual Total Time": 2331.374,
                    "Actual Rows": 1553916,
                    "Actual Loops": 2,
                    "Hash Buckets": 4194304,
                    "Original Hash Buckets": 2097152,
                    "Hash Batches": 1,
                    "Original Hash Batches": 1,
                    "Peak Memory Usage": 170784,
                    "Plans": [
                      {
                        "Node Type": "Hash Join",
                        "Parent Relationship": "Outer",
                        "Parallel Aware": true,
                        "Join Type": "Inner",
                        "Startup Cost": 58629.36,
                        "Total Cost": 330412.85,
                        "Plan Rows": 1149109,
                        "Plan Width": 8,
                        "Actual Startup Time": 163.264,
                        "Actual Total Time": 1891.116,
                        "Actual Rows": 1553916,
                        "Actual Loops": 2,
                        "Inner Unique": true,
                        "Hash Cond": "(mi.movie_id = t.id)",
                        "Plans": [
                          {
                            "Node Type": "Seq Scan",
                            "Parent Relationship": "Outer",
                            "Parallel Aware": true,
                            "Relation Name": "movie_info",
                            "Alias": "mi",
                            "Startup Cost": 0.0,
                            "Total Cost": 248955.74,
                            "Plan Rows": 8696274,
                            "Plan Width": 4,
                            "Actual Startup Time": 0.013,
                            "Actual Total Time": 628.44,
                            "Actual Rows": 7417860,
                            "Actual Loops": 2
                          },
                          {
                            "Node Type": "Hash",
                            "Parent Relationship": "Inner",
                            "Parallel Aware": true,
                            "Startup Cost": 56172.86,
                            "Total Cost": 56172.86,
                            "Plan Rows": 196520,
                            "Plan Width": 4,
                            "Actual Startup Time": 160.033,
                            "Actual Total Time": 160.034,
                            "Actual Rows": 134642,
                            "Actual Loops": 2,
                            "Hash Buckets": 524288,
                            "Original Hash Buckets": 524288,
                            "Hash Batches": 1,
                            "Original Hash Batches": 1,
                            "Peak Memory Usage": 14656,
                            "Plans": [
                              {
                                "Node Type": "Bitmap Heap Scan",
                                "Parent Relationship": "Outer",
                                "Parallel Aware": true,
                                "Relation Name": "title",
                                "Alias": "t",
                                "Startup Cost": 13522.48,
                                "Total Cost": 56172.86,
                                "Plan Rows": 196520,
                                "Plan Width": 4,
                                "Actual Startup Time": 35.059,
                                "Actual Total Time": 128.582,
                                "Actual Rows": 134642,
                                "Actual Loops": 2,
                                "Recheck Cond": "(kind_id < 3)",
                                "Rows Removed by Index Recheck": 0,
                                "Filter": "(production_year > 2004)",
                                "Rows Removed by Filter": 242197,
                                "Exact Heap Blocks": 26535,
                                "Lossy Heap Blocks": 0,
                                "Plans": [
                                  {
                                    "Node Type": "Bitmap Index Scan",
                                    "Parent Relationship": "Outer",
                                    "Parallel Aware": false,
                                    "Index Name": "kind_id_title",
                                    "Startup Cost": 0.0,
                                    "Total Cost": 13438.96,
                                    "Plan Rows": 753937,
                                    "Plan Width": 0,
                                    "Actual Startup Time": 29.24,
                                    "Actual Total Time": 29.24,
                                    "Actual Rows": 753677,
                                    "Actual Loops": 1,
                                    "Index Cond": "(kind_id < 3)"
                                  }
                                ]
                              }
                            ]
                          }
                        ]
                      }
                    ]
                  }
                ]
              }
            ]
          }
        ]
      }
    ]
  },
  "Planning Time": 0.978,
  "Triggers": [],
  "Execution Time": 6249.226
}