[
  {
    "Plan": {
      "Node Type": "Aggregate",
      "Strategy": "Plain",
      "Partial Mode": "Finalize",
      "Parallel Aware": false,
      "Startup Cost": 83855.81,
      "Total Cost": 83855.82,
      "Plan Rows": 1,
      "Plan Width": 8,
      "Actual Startup Time": 503.897,
      "Actual Total Time": 521.562,
      "Actual Rows": 1,
      "Actual Loops": 1,
      "Plans": [
        {
          "Node Type": "Gather",
          "Parent Relationship": "Outer",
          "Parallel Aware": false,
          "Startup Cost": 83855.5,
          "Total Cost": 83855.81,
          "Plan Rows": 3,
          "Plan Width": 8,
          "Actual Startup Time": 492.935,
          "Actual Total Time": 521.553,
          "Actual Rows": 4,
          "Actual Loops": 1,
          "Workers Planned": 3,
          "Workers Launched": 3,
          "Single Copy": false,
          "Plans": [
            {
              "Node Type": "Aggregate",
              "Strategy": "Plain",
              "Partial Mode": "Partial",
              "Parent Relationship": "Outer",
              "Parallel Aware": false,
              "Startup Cost": 82855.5,
              "Total Cost": 82855.51,
              "Plan Rows": 1,
              "Plan Width": 8,
              "Actual Startup Time": 474.301,
              "Actual Total Time": 474.307,
              "Actual Rows": 1,
              "Actual Loops": 4,
              "Plans": [
                {
                  "Node Type": "Hash Join",
                  "Parent Relationship": "Outer",
                  "Parallel Aware": true,
                  "Join Type": "Inner",
                  "Startup Cost": 56672.67,
                  "Total Cost": 82610.27,
                  "Plan Rows": 98089,
                  "Plan Width": 0,
                  "Actual Startup Time": 383.136,
                  "Actual Total Time": 470.182,
                  "Actual Rows": 79728,
                  "Actual Loops": 4,
                  "Inner Unique": true,
                  "Hash Cond": "(mk.movie_id = t.id)",
                  "Plans": [
                    {
                      "Node Type": "Bitmap Heap Scan",
                      "Parent Relationship": "Outer",
                      "Parallel Aware": true,
                      "Relation Name": "movie_keyword",
                      "Alias": "mk",
                      "Startup Cost": 6453.03,
                      "Total Cost": 32133.15,
                      "Plan Rows": 98089,
                      "Plan Width": 4,
                      "Actual Startup Time": 19.097,
                      "Actual Total Time": 68.616,
                      "Actual Rows": 79728,
                      "Actual Loops": 4,
                      "Recheck Cond": "(keyword_id < 251)",
                      "Rows Removed by Index Recheck": 0,
                      "Exact Heap Blocks": 8613,
                      "Lossy Heap Blocks": 0,
                      "Plans": [
                        {
                          "Node Type": "Bitmap Index Scan",
                          "Parent Relationship": "Outer",
                          "Parallel Aware": false,
                          "Index Name": "keyword_id_movie_keyword",
                          "Startup Cost": 0.0,
                          "Total Cost": 6377.01,
                          "Plan Rows": 304077,
                          "Plan Width": 0,
                          "Actual Startup Time": 15.429,
                          "Actual Total Time": 15.43,
                          "Actual Rows": 318911,
                          "Actual Loops": 1,
                          "Index Cond": "(keyword_id < 251)"
                        }
                      ]
                    },
                    {
                      "Node Type": "Hash",
                      "Parent Relationship": "Inner",
                      "Parallel Aware": true,
                      "Startup Cost": 42318.73,
                      "Total Cost": 42318.73,
                      "Plan Rows": 632073,
                      "Plan Width": 4,
                      "Actual Startup Time": 352.69,
                      "Actual Total Time": 352.694,
                      "Actual Rows": 632078,
                      "Actual Loops": 4,
                      "Hash Buckets": 4194304,
                      "Original Hash Buckets": 4194304,
                      "Hash Batches": 1,
                      "Original Hash Batches": 1,
                      "Peak Memory Usage": 131744,
                      "Plans": [
                        {
                          "Node Type": "Seq Scan",
                          "Parent Relationship": "Outer",
                          "Parallel Aware": true,
                          "Relation Name": "title",
                          "Alias": "t",
                          "Startup Cost": 0.0,
                          "Total Cost": 42318.73,
                          "Plan Rows": 632073,
                          "Plan Width": 4,
                          "Actual Startup Time": 0.037,
                          "Actual Total Time": 103.555,
                          "Actual Rows": 632078,
                          "Actual Loops": 4
                        }
                      ]
                    }
                  ]
                }
              ]
            }
          ]
        }
      ]
    },
    "Planning Time": 0.56,
    "Triggers": [],
    "Execution Time": 521.649
  }
]