{
  "Plan": {
    "Node Type": "Aggregate",
    "Strategy": "Plain",
    "Partial Mode": "Finalize",
    "Parallel Aware": false,
    "Startup Cost": 144121.96,
    "Total Cost": 144121.97,
    "Plan Rows": 1,
    "Plan Width": 8,
    "Actual Startup Time": 1353.147,
    "Actual Total Time": 1407.136,
    "Actual Rows": 1,
    "Actual Loops": 1,
    "Plans": [
      {
        "Node Type": "Gather",
        "Parent Relationship": "Outer",
        "Parallel Aware": false,
        "Startup Cost": 144121.84,
        "Total Cost": 144121.95,
        "Plan Rows": 1,
        "Plan Width": 8,
        "Actual Startup Time": 1353.14,
        "Actual Total Time": 1407.13,
        "Actual Rows": 2,
        "Actual Loops": 1,
        "Workers Planned": 1,
        "Workers Launched": 1,
        "Single Copy": false,
        "Plans": [
          {
            "Node Type": "Aggregate",
            "Strategy": "Plain",
            "Partial Mode": "Partial",
            "Parent Relationship": "Outer",
            "Parallel Aware": false,
            "Startup Cost": 143121.84,
            "Total Cost": 143121.85,
            "Plan Rows": 1,
            "Plan Width": 8,
            "Actual Startup Time": 1346.067,
            "Actual Total Time": 1346.07,
            "Actual Rows": 1,
            "Actual Loops": 2,
            "Plans": [
              {
                "Node Type": "Nested Loop",
                "Parent Relationship": "Outer",
                "Parallel Aware": false,
                "Join Type": "Inner",
                "Startup Cost": 53782.59,
                "Total Cost": 142646.05,
                "Plan Rows": 190316,
                "Plan Width": 0,
                "Actual Startup Time": 149.126,
                "Actual Total Time": 1274.484,
                "Actual Rows": 1608467,
                "Actual Loops": 2,
                "Inner Unique": false,
                "Join Filter": "(t.id = ci.movie_id)",
                "Rows Removed by Join Filter": 0,
                "Plans": [
                  {
                    "Node Type": "Hash Join",
                    "Parent Relationship": "Outer",
                    "Parallel Aware": true,
                    "Join Type": "Inner",
                    "Startup Cost": 53782.03,
                    "Total Cost": 111832.87,
                    "Plan Rows": 15079,
                    "Plan Width": 8,
                    "Actual Startup Time": 149.055,
                    "Actual Total Time": 387.993,
                    "Actual Rows": 26894,
                    "Actual Loops": 2,
                    "Inner Unique": true,
                    "Hash Cond": "(mk.movie_id = t.id)",
                    "Plans": [
                      {
                        "Node Type": "Seq Scan",
                        "Parent Relationship": "Outer",
                        "Parallel Aware": true,
                        "Relation Name": "movie_keyword",
                        "Alias": "mk",
                        "Startup Cost": 0.0,
                        "Total Cost": 51065.35,
                        "Plan Rows": 2661135,
                        "Plan Width": 4,
                        "Actual Startup Time": 0.014,
                        "Actual Total Time": 144.707,
                        "Actual Rows": 2261965,
                        "Actual Loops": 2
                      },
                      {
                        "Node Type": "Hash",
                        "Parent Relationship": "Inner",
                        "Parallel Aware": true,
                        "Startup Cost": 53676.69,
                        "Total Cost": 53676.69,
                        "Plan Rows": 8427,
                        "Plan Width": 4,
                        "Actual Startup Time": 94.485,
                        "Actual Total Time": 94.486,
                        "Actual Rows": 3789,
                        "Actual Loops": 2,
                        "Hash Buckets": 16384,
                        "Original Hash Buckets": 16384,
                        "Hash Batches": 1,
                        "Original Hash Batches": 1,
                        "Peak Memory Usage": 448,
                        "Plans": [
                          {
                            "Node Type": "Bitmap Heap Scan",
                            "Parent Relationship": "Outer",
                            "Parallel Aware": true,
                            "Relation Name": "title",
                            "Alias": "t",
                            "Startup Cost": 11826.43,
                            "Total Cost": 53676.69,
                            "Plan Rows": 8427,
                            "Plan Width": 4,
                            "Actual Startup Time": 36.819,
                            "Actual Total Time": 93.175,
                            "Actual Rows": 3789,
                            "Actual Loops": 2,
                            "Recheck Cond": "(kind_id = 1)",
                            "Rows Removed by Index Recheck": 0,
                            "Filter": "(production_year = 1999)",
                            "Rows Removed by Filter": 327624,
                            "Exact Heap Blocks": 9405,
                            "Lossy Heap Blocks": 0,
                            "Plans": [
                              {
                                "Node Type": "Bitmap Index Scan",
                                "Parent Relationship": "Outer",
                                "Parallel Aware": false,
                                "Index Name": "kind_id_title",
                                "Startup Cost": 0.0,
                                "Total Cost": 11822.85,
                                "Plan Rows": 663256,
                                "Plan Width": 0,
                                "Actual Startup Time": 39.359,
                                "Actual Total Time": 39.359,
                                "Actual Rows": 662825,
                                "Actual Loops": 1,
                                "Index Cond": "(kind_id = 1)"
                              }
                            ]
                          }
                        ]
                      }
                    ]
                  },
                  {
                    "Node Type": "Index Scan",
                    "Parent Relationship": "Inner",
                    "Parallel Aware": false,
                    "Scan Direction": "Forward",
                    "Index Name": "movie_id_cast_info",
                    "Relation Name": "cast_info",
                    "Alias": "ci",
                    "Startup Cost": 0.56,
                    "Total Cost": 1.64,
                    "Plan Rows": 32,
                    "Plan Width": 4,
                    "Actual Startup Time": 0.003,
                    "Actual Total Time": 0.027,
                    "Actual Rows": 60,
                    "Actual Loops": 53789,
                    "Index Cond": "(movie_id = mk.movie_id)",
                    "Rows Removed by Index Recheck": 0,
                    "Filter": "(person_id < 3302488)",
                    "Rows Removed by Filter": 18
                  }
                ]
              }
            ]
          }
        ]
      }
    ]
  },
  "Planning Time": 0.938,
  "Triggers": [],
  "Execution Time": 1407.258
}