[
  {
    "Plan": {
      "Node Type": "Aggregate",
      "Strategy": "Plain",
      "Partial Mode": "Simple",
      "Parallel Aware": false,
      "Startup Cost": 12940.33,
      "Total Cost": 12940.34,
      "Plan Rows": 1,
      "Plan Width": 8,
      "Actual Startup Time": 22.476,
      "Actual Total Time": 22.478,
      "Actual Rows": 1,
      "Actual Loops": 1,
      "Plans": [
        {
          "Node Type": "Bitmap Heap Scan",
          "Parent Relationship": "Outer",
          "Parallel Aware": false,
          "Relation Name": "movie_keyword",
          "Alias": "mk",
          "Startup Cost": 113.34,
          "Total Cost": 12927.13,
          "Plan Rows": 5278,
          "Plan Width": 0,
          "Actual Startup Time": 5.057,
          "Actual Total Time": 21.426,
          "Actual Rows": 6326,
          "Actual Loops": 1,
          "Recheck Cond": "(keyword_id = 498)",
          "Rows Removed by Index Recheck": 0,
          "Exact Heap Blocks": 4760,
          "Lossy Heap Blocks": 0,
          "Plans": [
            {
              "Node Type": "Bitmap Index Scan",
              "Parent Relationship": "Outer",
              "Parallel Aware": false,
              "Index Name": "keyword_id_movie_keyword",
              "Startup Cost": 0.0,
              "Total Cost": 112.02,
              "Plan Rows": 5278,
              "Plan Width": 0,
              "Actual Startup Time": 2.913,
              "Actual Total Time": 2.914,
              "Actual Rows": 6326,
              "Actual Loops": 1,
              "Index Cond": "(keyword_id = 498)"
            }
          ]
        }
      ]
    },
    "Planning Time": 0.175,
    "Triggers": [],
    "Execution Time": 22.543
  }
]