[
  {
    "Plan": {
      "Node Type": "Aggregate",
      "Strategy": "Plain",
      "Partial Mode": "Simple",
      "Parallel Aware": false,
      "Startup Cost": 15676.49,
      "Total Cost": 15676.5,
      "Plan Rows": 1,
      "Plan Width": 8,
      "Actual Startup Time": 18.374,
      "Actual Total Time": 18.376,
      "Actual Rows": 1,
      "Actual Loops": 1,
      "Plans": [
        {
          "Node Type": "Bitmap Heap Scan",
          "Parent Relationship": "Outer",
          "Parallel Aware": false,
          "Relation Name": "movie_keyword",
          "Alias": "mk",
          "Startup Cost": 151.36,
          "Total Cost": 15658.77,
          "Plan Rows": 7087,
          "Plan Width": 0,
          "Actual Startup Time": 4.528,
          "Actual Total Time": 17.458,
          "Actual Rows": 6326,
          "Actual Loops": 1,
          "Recheck Cond": "(keyword_id = 498)",
          "Rows Removed by Index Recheck": 0,
          "Exact Heap Blocks": 4760,
          "Lossy Heap Blocks": 0,
          "Plans": [
            {
              "Node Type": "Bitmap Index Scan",
              "Parent Relationship": "Outer",
              "Parallel Aware": false,
              "Index Name": "keyword_id_movie_keyword",
              "Startup Cost": 0.0,
              "Total Cost": 149.59,
              "Plan Rows": 7087,
              "Plan Width": 0,
              "Actual Startup Time": 2.336,
              "Actual Total Time": 2.336,
              "Actual Rows": 6326,
              "Actual Loops": 1,
              "Index Cond": "(keyword_id = 498)"
            }
          ]
        }
      ]
    },
    "Planning Time": 0.17,
    "Triggers": [],
    "Execution Time": 18.441
  }
]