[
    {
        "Bao": {
            "Bao prediction": 448.398,
            "Bao recommended hint": "(no hint)"
        }
    },
    {
        "Plan": {
            "Node Type": "Aggregate",
            "Strategy": "Plain",
            "Partial Mode": "Finalize",
            "Parallel Aware": false,
            "Startup Cost": 30941.33,
            "Total Cost": 30941.34,
            "Plan Rows": 1,
            "Plan Width": 8,
            "Actual Startup Time": 118.06,
            "Actual Total Time": 123.022,
            "Actual Rows": 1,
            "Actual Loops": 1,
            "Output": [
                "count(*)"
            ],
            "Plans": [
                {
                    "Node Type": "Gather",
                    "Parent Relationship": "Outer",
                    "Parallel Aware": false,
                    "Startup Cost": 30941.02,
                    "Total Cost": 30941.33,
                    "Plan Rows": 3,
                    "Plan Width": 8,
                    "Actual Startup Time": 117.991,
                    "Actual Total Time": 123.015,
                    "Actual Rows": 4,
                    "Actual Loops": 1,
                    "Output": [
                        "(PARTIAL count(*))"
                    ],
                    "Workers Planned": 3,
                    "Workers Launched": 3,
                    "Single Copy": false,
                    "Plans": [
                        {
                            "Node Type": "Aggregate",
                            "Strategy": "Plain",
                            "Partial Mode": "Partial",
                            "Parent Relationship": "Outer",
                            "Parallel Aware": false,
                            "Startup Cost": 29941.02,
                            "Total Cost": 29941.03,
                            "Plan Rows": 1,
                            "Plan Width": 8,
                            "Actual Startup Time": 110.417,
                            "Actual Total Time": 110.418,
                            "Actual Rows": 1,
                            "Actual Loops": 4,
                            "Output": [
                                "PARTIAL count(*)"
                            ],
                            "Workers": [
                                {
                                    "Worker Number": 0,
                                    "Actual Startup Time": 107.932,
                                    "Actual Total Time": 107.932,
                                    "Actual Rows": 1,
                                    "Actual Loops": 1
                                },
                                {
                                    "Worker Number": 1,
                                    "Actual Startup Time": 108.06,
                                    "Actual Total Time": 108.062,
                                    "Actual Rows": 1,
                                    "Actual Loops": 1
                                },
                                {
                                    "Worker Number": 2,
                                    "Actual Startup Time": 108.263,
                                    "Actual Total Time": 108.264,
                                    "Actual Rows": 1,
                                    "Actual Loops": 1
                                }
                            ],
                            "Plans": [
                                {
                                    "Node Type": "Seq Scan",
                                    "Parent Relationship": "Outer",
                                    "Parallel Aware": true,
                                    "Relation Name": "movie_companies",
                                    "Schema": "public",
                                    "Alias": "mc",
                                    "Startup Cost": 0.0,
                                    "Total Cost": 29310.68,
                                    "Plan Rows": 252134,
                                    "Plan Width": 0,
                                    "Actual Startup Time": 29.385,
                                    "Actual Total Time": 97.062,
                                    "Actual Rows": 196012,
                                    "Actual Loops": 4,
                                    "Output": [
                                        "id",
                                        "movie_id",
                                        "company_id",
                                        "company_type_id",
                                        "note"
                                    ],
                                    "Filter": "(mc.company_id > 32230)",
                                    "Rows Removed by Filter": 456270,
                                    "Workers": [
                                        {
                                            "Worker Number": 0,
                                            "Actual Startup Time": 26.881,
                                            "Actual Total Time": 94.664,
                                            "Actual Rows": 192637,
                                            "Actual Loops": 1
                                        },
                                        {
                                            "Worker Number": 1,
                                            "Actual Startup Time": 27.042,
                                            "Actual Total Time": 94.758,
                                            "Actual Rows": 193748,
                                            "Actual Loops": 1
                                        },
                                        {
                                            "Worker Number": 2,
                                            "Actual Startup Time": 27.225,
                                            "Actual Total Time": 94.924,
                                            "Actual Rows": 194343,
                                            "Actual Loops": 1
                                        }
                                    ]
                                }
                            ]
                        }
                    ]
                }
            ]
        },
        "Planning Time": 3502.059,
        "Triggers": [],
        "Execution Time": 123.111
    }
]