[
  {
    "Bao": {
      "Bao prediction": 1978.424,
      "Bao recommended hint": "SET enable_nestloop TO off; SET enable_mergejoin TO off; SET enable_indexscan TO off; "
    }
  },
  {
    "Plan": {
      "Node Type": "Aggregate",
      "Strategy": "Plain",
      "Partial Mode": "Finalize",
      "Parallel Aware": false,
      "Startup Cost": 810175.68,
      "Total Cost": 810175.69,
      "Plan Rows": 1,
      "Plan Width": 96,
      "Actual Startup Time": 4840.809,
      "Actual Total Time": 4944.242,
      "Actual Rows": 1,
      "Actual Loops": 1,
      "Plans": [
        {
          "Node Type": "Gather",
          "Parent Relationship": "Outer",
          "Parallel Aware": false,
          "Startup Cost": 810175.56,
          "Total Cost": 810175.67,
          "Plan Rows": 1,
          "Plan Width": 96,
          "Actual Startup Time": 4840.142,
          "Actual Total Time": 4944.225,
          "Actual Rows": 2,
          "Actual Loops": 1,
          "Workers Planned": 1,
          "Workers Launched": 1,
          "Single Copy": false,
          "Plans": [
            {
              "Node Type": "Aggregate",
              "Strategy": "Plain",
              "Partial Mode": "Partial",
              "Parent Relationship": "Outer",
              "Parallel Aware": false,
              "Startup Cost": 809175.56,
              "Total Cost": 809175.57,
              "Plan Rows": 1,
              "Plan Width": 96,
              "Actual Startup Time": 4831.829,
              "Actual Total Time": 4831.869,
              "Actual Rows": 1,
              "Actual Loops": 2,
              "Plans": [
                {
                  "Node Type": "Hash Join",
                  "Parent Relationship": "Outer",
                  "Parallel Aware": false,
                  "Join Type": "Inner",
                  "Startup Cost": 804265.9,
                  "Total Cost": 809175.55,
                  "Plan Rows": 1,
                  "Plan Width": 48,
                  "Actual Startup Time": 4815.114,
                  "Actual Total Time": 4831.833,
                  "Actual Rows": 138,
                  "Actual Loops": 2,
                  "Inner Unique": true,
                  "Hash Cond": "(ci.role_id = rt.id)",
                  "Plans": [
                    {
                      "Node Type": "Hash Join",
                      "Parent Relationship": "Outer",
                      "Parallel Aware": true,
                      "Join Type": "Inner",
                      "Startup Cost": 804264.74,
                      "Total Cost": 809174.39,
                      "Plan Rows": 1,
                      "Plan Width": 52,
                      "Actual Startup Time": 4814.69,
                      "Actual Total Time": 4831.388,
                      "Actual Rows": 138,
                      "Actual Loops": 2,
                      "Inner Unique": false,
                      "Hash Cond": "(cn.id = mc.company_id)",
                      "Plans": [
                        {
                          "Node Type": "Seq Scan",
                          "Parent Relationship": "Outer",
                          "Parallel Aware": true,
                          "Relation Name": "company_name",
                          "Alias": "cn",
                          "Startup Cost": 0.0,
                          "Total Cost": 4722.92,
                          "Plan Rows": 49792,
                          "Plan Width": 4,
                          "Actual Startup Time": 0.021,
                          "Actual Total Time": 15.147,
                          "Actual Rows": 42422,
                          "Actual Loops": 2,
                          "Filter": "((country_code)::text = '[us]'::text)",
                          "Rows Removed by Filter": 75077
                        },
                        {
                          "Node Type": "Hash",
                          "Parent Relationship": "Inner",
                          "Parallel Aware": true,
                          "Startup Cost": 804264.73,
                          "Total Cost": 804264.73,
                          "Plan Rows": 1,
                          "Plan Width": 56,
                          "Actual Startup Time": 4812.981,
                          "Actual Total Time": 4813.015,
                          "Actual Rows": 446,
                          "Actual Loops": 2,
                          "Hash Buckets": 1024,
                          "Original Hash Buckets": 1024,
                          "Hash Batches": 1,
                          "Original Hash Batches": 1,
                          "Peak Memory Usage": 104,
                          "Plans": [
                            {
                              "Node Type": "Hash Join",
                              "Parent Relationship": "Outer",
                              "Parallel Aware": true,
                              "Join Type": "Inner",
                              "Startup Cost": 773901.97,
                              "Total Cost": 804264.73,
                              "Plan Rows": 1,
                              "Plan Width": 56,
                              "Actual Startup Time": 4678.965,
                              "Actual Total Time": 4812.855,
                              "Actual Rows": 446,
                              "Actual Loops": 2,
                              "Inner Unique": false,
                              "Hash Cond": "(mc.movie_id = t.id)",
                              "Plans": [
                                {
                                  "Node Type": "Seq Scan",
                                  "Parent Relationship": "Outer",
                                  "Parallel Aware": true,
                                  "Relation Name": "movie_companies",
                                  "Alias": "mc",
                                  "Startup Cost": 0.0,
                                  "Total Cost": 27206.55,
                                  "Plan Rows": 841655,
                                  "Plan Width": 8,
                                  "Actual Startup Time": 0.011,
                                  "Actual Total Time": 100.46,
                                  "Actual Rows": 1304564,
                                  "Actual Loops": 2
                                },
                                {
                                  "Node Type": "Hash",
                                  "Parent Relationship": "Inner",
                                  "Parallel Aware": true,
                                  "Startup Cost": 773901.95,
                                  "Total Cost": 773901.95,
                                  "Plan Rows": 1,
                                  "Plan Width": 68,
                                  "Actual Startup Time": 4634.453,
                                  "Actual Total Time": 4634.483,
                                  "Actual Rows": 32,
                                  "Actual Loops": 2,
                                  "Hash Buckets": 1024,
                                  "Original Hash Buckets": 1024,
                                  "Hash Batches": 1,
                                  "Original Hash Batches": 1,
                                  "Peak Memory Usage": 72,
                                  "Plans": [
                                    {
                                      "Node Type": "Hash Join",
                                      "Parent Relationship": "Outer",
                                      "Parallel Aware": true,
                                      "Join Type": "Inner",
                                      "Startup Cost": 729650.53,
                                      "Total Cost": 773901.95,
                                      "Plan Rows": 1,
                                      "Plan Width": 68,
                                      "Actual Startup Time": 4597.349,
                                      "Actual Total Time": 4634.43,
                                      "Actual Rows": 32,
                                      "Actual Loops": 2,
                                      "Inner Unique": false,
                                      "Hash Cond": "(t.id = mi.movie_id)",
                                      "Plans": [
                                        {
                                          "Node Type": "Seq Scan",
                                          "Parent Relationship": "Outer",
                                          "Parallel Aware": true,
                                          "Relation Name": "title",
                                          "Alias": "t",
                                          "Startup Cost": 0.0,
                                          "Total Cost": 43897.41,
                                          "Plan Rows": 94401,
                                          "Plan Width": 21,
                                          "Actual Startup Time": 0.008,
                                          "Actual Total Time": 134.197,
                                          "Actual Rows": 195833,
                                          "Actual Loops": 2,
                                          "Filter": "(production_year > 2010)",
                                          "Rows Removed by Filter": 1068323
                                        },
                                        {
                                          "Node Type": "Hash",
                                          "Parent Relationship": "Inner",
                                          "Parallel Aware": true,
                                          "Startup Cost": 729650.52,
                                          "Total Cost": 729650.52,
                                          "Plan Rows": 1,
                                          "Plan Width": 47,
                                          "Actual Startup Time": 4487.865,
                                          "Actual Total Time": 4487.892,
                                          "Actual Rows": 88,
                                          "Actual Loops": 2,
                                          "Hash Buckets": 1024,
                                          "Original Hash Buckets": 1024,
                                          "Hash Batches": 1,
                                          "Original Hash Batches": 1,
                                          "Peak Memory Usage": 72,
                                          "Plans": [
                                            {
                                              "Node Type": "Hash Join",
                                              "Parent Relationship": "Outer",
                                              "Parallel Aware": true,
                                              "Join Type": "Inner",
                                              "Startup Cost": 682407.61,
                                              "Total Cost": 729650.52,
                                              "Plan Rows": 1,
                                              "Plan Width": 47,
                                              "Actual Startup Time": 4250.88,
                                              "Actual Total Time": 4487.809,
                                              "Actual Rows": 88,
                                              "Actual Loops": 2,
                                              "Inner Unique": false,
                                              "Hash Cond": "(chn.id = ci.person_role_id)",
                                              "Plans": [
                                                {
                                                  "Node Type": "Seq Scan",
                                                  "Parent Relationship": "Outer",
                                                  "Parallel Aware": true,
                                                  "Relation Name": "char_name",
                                                  "Alias": "chn",
                                                  "Startup Cost": 0.0,
                                                  "Total Cost": 44298.83,
                                                  "Plan Rows": 785084,
                                                  "Plan Width": 20,
                                                  "Actual Startup Time": 0.015,
                                                  "Actual Total Time": 146.228,
                                                  "Actual Rows": 1570170,
                                                  "Actual Loops": 2
                                                },
                                                {
                                                  "Node Type": "Hash",
                                                  "Parent Relationship": "Inner",
                                                  "Parallel Aware": true,
                                                  "Startup Cost": 682407.59,
                                                  "Total Cost": 682407.59,
                                                  "Plan Rows": 1,
                                                  "Plan Width": 35,
                                                  "Actual Startup Time": 4249.364,
                                                  "Actual Total Time": 4249.387,
                                                  "Actual Rows": 88,
                                                  "Actual Loops": 2,
                                                  "Hash Buckets": 1024,
                                                  "Original Hash Buckets": 1024,
                                                  "Hash Batches": 1,
                                                  "Original Hash Batches": 1,
                                                  "Peak Memory Usage": 72,
                                                  "Plans": [
                                                    {
                                                      "Node Type": "Hash Join",
                                                      "Parent Relationship": "Outer",
                                                      "Parallel Aware": true,
                                                      "Join Type": "Inner",
                                                      "Startup Cost": 667338.21,
                                                      "Total Cost": 682407.59,
                                                      "Plan Rows": 1,
                                                      "Plan Width": 35,
                                                      "Actual Startup Time": 4150.221,
                                                      "Actual Total Time": 4249.227,
                                                      "Actual Rows": 88,
                                                      "Actual Loops": 2,
                                                      "Inner Unique": false,
                                                      "Hash Cond": "(n.id = ci.person_id)",
                                                      "Plans": [
                                                        {
                                                          "Node Type": "Hash Join",
                                                          "Parent Relationship": "Outer",
                                                          "Parallel Aware": true,
                                                          "Join Type": "Inner",
                                                          "Startup Cost": 71271.59,
                                                          "Total Cost": 86338.38,
                                                          "Plan Rows": 688,
                                                          "Plan Width": 23,
                                                          "Actual Startup Time": 315.805,
                                                          "Actual Total Time": 416.423,
                                                          "Actual Rows": 5262,
                                                          "Actual Loops": 2,
                                                          "Inner Unique": true,
                                                          "Hash Cond": "(an.person_id = n.id)",
                                                          "Plans": [
                                                            {
                                                              "Node Type": "Seq Scan",
                                                              "Parent Relationship": "Outer",
                                                              "Parallel Aware": true,
                                                              "Relation Name": "aka_name",
                                                              "Alias": "an",
                                                              "Startup Cost": 0.0,
                                                              "Total Cost": 14303.56,
                                                              "Plan Rows": 290756,
                                                              "Plan Width": 4,
                                                              "Actual Startup Time": 0.007,
                                                              "Actual Total Time": 46.434,
                                                              "Actual Rows": 450672,
                                                              "Actual Loops": 2
                                                            },
                                                            {
                                                              "Node Type": "Hash",
                                                              "Parent Relationship": "Inner",
                                                              "Parallel Aware": true,
                                                              "Startup Cost": 71240.75,
                                                              "Total Cost": 71240.75,
                                                              "Plan Rows": 2467,
                                                              "Plan Width": 19,
                                                              "Actual Startup Time": 315.249,
                                                              "Actual Total Time": 315.251,
                                                              "Actual Rows": 25006,
                                                              "Actual Loops": 2,
                                                              "Hash Buckets": 65536,
                                                              "Original Hash Buckets": 16384,
                                                              "Hash Batches": 1,
                                                              "Original Hash Batches": 1,
                                                              "Peak Memory Usage": 3648,
                                                              "Plans": [
                                                                {
                                                                  "Node Type": "Seq Scan",
                                                                  "Parent Relationship": "Outer",
                                                                  "Parallel Aware": true,
                                                                  "Relation Name": "name",
                                                                  "Alias": "n",
                                                                  "Startup Cost": 0.0,
                                                                  "Total Cost": 71240.75,
                                                                  "Plan Rows": 2467,
                                                                  "Plan Width": 19,
                                                                  "Actual Startup Time": 129.753,
                                                                  "Actual Total Time": 303.223,
                                                                  "Actual Rows": 25006,
                                                                  "Actual Loops": 2,
                                                                  "Filter": "((name ~~ '%An%'::text) AND ((gender)::text = 'f'::text))",
                                                                  "Rows Removed by Filter": 2058740
                                                                }
                                                              ]
                                                            }
                                                          ]
                                                        },
                                                        {
                                                          "Node Type": "Hash",
                                                          "Parent Relationship": "Inner",
                                                          "Parallel Aware": true,
                                                          "Startup Cost": 596066.61,
                                                          "Total Cost": 596066.61,
                                                          "Plan Rows": 1,
                                                          "Plan Width": 24,
                                                          "Actual Startup Time": 3831.693,
                                                          "Actual Total Time": 3831.706,
                                                          "Actual Rows": 5362,
                                                          "Actual Loops": 2,
                                                          "Hash Buckets": 16384,
                                                          "Original Hash Buckets": 1024,
                                                          "Hash Batches": 1,
                                                          "Original Hash Batches": 1,
                                                          "Peak Memory Usage": 856,
                                                          "Plans": [
                                                            {
                                                              "Node Type": "Hash Join",
                                                              "Parent Relationship": "Outer",
                                                              "Parallel Aware": true,
                                                              "Join Type": "Inner",
                                                              "Startup Cost": 252205.06,
                                                              "Total Cost": 596066.61,
                                                              "Plan Rows": 1,
                                                              "Plan Width": 24,
                                                              "Actual Startup Time": 1621.529,
                                                              "Actual Total Time": 3688.362,
                                                              "Actual Rows": 5362,
                                                              "Actual Loops": 2,
                                                              "Inner Unique": false,
                                                              "Hash Cond": "(ci.movie_id = mi.movie_id)",
                                                              "Plans": [
                                                                {
                                                                  "Node Type": "Seq Scan",
                                                                  "Parent Relationship": "Outer",
                                                                  "Parallel Aware": true,
                                                                  "Relation Name": "cast_info",
                                                                  "Alias": "ci",
                                                                  "Startup Cost": 0.0,
                                                                  "Total Cost": 343338.78,
                                                                  "Plan Rows": 139402,
                                                                  "Plan Width": 16,
                                                                  "Actual Startup Time": 0.03,
                                                                  "Actual Total Time": 2014.475,
                                                                  "Actual Rows": 433738,
                                                                  "Actual Loops": 2,
                                                                  "Filter": "(note = ANY ('{(voice),\"(voice: Japanese version)\",\"(voice) (uncredited)\",\"(voice: English version)\"}'::text[]))",
                                                                  "Rows Removed by Filter": 17688434
                                                                },
                                                                {
                                                                  "Node Type": "Hash",
                                                                  "Parent Relationship": "Inner",
                                                                  "Parallel Aware": true,
                                                                  "Startup Cost": 252205.05,
                                                                  "Total Cost": 252205.05,
                                                                  "Plan Rows": 1,
                                                                  "Plan Width": 8,
                                                                  "Actual Startup Time": 1620.645,
                                                                  "Actual Total Time": 1620.656,
                                                                  "Actual Rows": 878,
                                                                  "Actual Loops": 2,
                                                                  "Hash Buckets": 1024,
                                                                  "Original Hash Buckets": 1024,
                                                                  "Hash Batches": 1,
                                                                  "Original Hash Batches": 1,
                                                                  "Peak Memory Usage": 104,
                                                                  "Plans": [
                                                                    {
                                                                      "Node Type": "Hash Join",
                                                                      "Parent Relationship": "Outer",
                                                                      "Parallel Aware": true,
                                                                      "Join Type": "Inner",
                                                                      "Startup Cost": 45674.9,
                                                                      "Total Cost": 252205.05,
                                                                      "Plan Rows": 1,
                                                                      "Plan Width": 8,
                                                                      "Actual Startup Time": 745.941,
                                                                      "Actual Total Time": 1620.276,
                                                                      "Actual Rows": 878,
                                                                      "Actual Loops": 2,
                                                                      "Inner Unique": false,
                                                                      "Hash Cond": "(mi.movie_id = mk.movie_id)",
                                                                      "Plans": [
                                                                        {
                                                                          "Node Type": "Hash Join",
                                                                          "Parent Relationship": "Outer",
                                                                          "Parallel Aware": false,
                                                                          "Join Type": "Inner",
                                                                          "Startup Cost": 2.43,
                                                                          "Total Cost": 206531.51,
                                                                          "Plan Rows": 281,
                                                                          "Plan Width": 4,
                                                                          "Actual Startup Time": 281.773,
                                                                          "Actual Total Time": 1150.693,
                                                                          "Actual Rows": 150622,
                                                                          "Actual Loops": 2,
                                                                          "Inner Unique": true,
                                                                          "Hash Cond": "(mi.info_type_id = it.id)",
                                                                          "Plans": [
                                                                            {
                                                                              "Node Type": "Seq Scan",
                                                                              "Parent Relationship": "Outer",
                                                                              "Parallel Aware": true,
                                                                              "Relation Name": "movie_info",
                                                                              "Alias": "mi",
                                                                              "Startup Cost": 0.0,
                                                                              "Total Cost": 206442.71,
                                                                              "Plan Rows": 31711,
                                                                              "Plan Width": 8,
                                                                              "Actual Startup Time": 129.505,
                                                                              "Actual Total Time": 1126.831,
                                                                              "Actual Rows": 150624,
                                                                              "Actual Loops": 2,
                                                                              "Filter": "((info IS NOT NULL) AND ((info ~~ 'Japan:%201%'::text) OR (info ~~ 'USA:%201%'::text)))",
                                                                              "Rows Removed by Filter": 7267236
                                                                            },
                                                                            {
                                                                              "Node Type": "Hash",
                                                                              "Parent Relationship": "Inner",
                                                                              "Parallel Aware": false,
                                                                              "Startup Cost": 2.41,
                                                                              "Total Cost": 2.41,
                                                                              "Plan Rows": 1,
                                                                              "Plan Width": 4,
                                                                              "Actual Startup Time": 0.058,
                                                                              "Actual Total Time": 0.059,
                                                                              "Actual Rows": 1,
                                                                              "Actual Loops": 2,
                                                                              "Hash Buckets": 1024,
                                                                              "Original Hash Buckets": 1024,
                                                                              "Hash Batches": 1,
                                                                              "Original Hash Batches": 1,
                                                                              "Peak Memory Usage": 9,
                                                                              "Plans": [
                                                                                {
                                                                                  "Node Type": "Seq Scan",
                                                                                  "Parent Relationship": "Outer",
                                                                                  "Parallel Aware": false,
                                                                                  "Relation Name": "info_type",
                                                                                  "Alias": "it",
                                                                                  "Startup Cost": 0.0,
                                                                                  "Total Cost": 2.41,
                                                                                  "Plan Rows": 1,
                                                                                  "Plan Width": 4,
                                                                                  "Actual Startup Time": 0.036,
                                                                                  "Actual Total Time": 0.043,
                                                                                  "Actual Rows": 1,
                                                                                  "Actual Loops": 2,
                                                                                  "Filter": "((info)::text = 'release dates'::text)",
                                                                                  "Rows Removed by Filter": 112
                                                                                }
                                                                              ]
                                                                            }
                                                                          ]
                                                                        },
                                                                        {
                                                                          "Node Type": "Hash",
                                                                          "Parent Relationship": "Inner",
                                                                          "Parallel Aware": true,
                                                                          "Startup Cost": 45672.07,
                                                                          "Total Cost": 45672.07,
                                                                          "Plan Rows": 33,
                                                                          "Plan Width": 4,
                                                                          "Actual Startup Time": 451.404,
                                                                          "Actual Total Time": 451.408,
                                                                          "Actual Rows": 4848,
                                                                          "Actual Loops": 2,
                                                                          "Hash Buckets": 16384,
                                                                          "Original Hash Buckets": 1024,
                                                                          "Hash Batches": 1,
                                                                          "Original Hash Batches": 1,
                                                                          "Peak Memory Usage": 664,
                                                                          "Plans": [
                                                                            {
                                                                              "Node Type": "Hash Join",
                                                                              "Parent Relationship": "Outer",
                                                                              "Parallel Aware": false,
                                                                              "Join Type": "Inner",
                                                                              "Startup Cost": 2793.88,
                                                                              "Total Cost": 45672.07,
                                                                              "Plan Rows": 33,
                                                                              "Plan Width": 4,
                                                                              "Actual Startup Time": 33.263,
                                                                              "Actual Total Time": 411.739,
                                                                              "Actual Rows": 4848,
                                                                              "Actual Loops": 2,
                                                                              "Inner Unique": true,
                                                                              "Hash Cond": "(mk.keyword_id = k.id)",
                                                                              "Plans": [
                                                                                {
                                                                                  "Node Type": "Seq Scan",
                                                                                  "Parent Relationship": "Outer",
                                                                                  "Parallel Aware": true,
                                                                                  "Relation Name": "movie_keyword",
                                                                                  "Alias": "mk",
                                                                                  "Startup Cost": 0.0,
                                                                                  "Total Cost": 39047.32,
                                                                                  "Plan Rows": 1459332,
                                                                                  "Plan Width": 8,
                                                                                  "Actual Startup Time": 0.021,
                                                                                  "Actual Total Time": 202.112,
                                                                                  "Actual Rows": 2261965,
                                                                                  "Actual Loops": 2
                                                                                },
                                                                                {
                                                                                  "Node Type": "Hash",
                                                                                  "Parent Relationship": "Inner",
                                                                                  "Parallel Aware": false,
                                                                                  "Startup Cost": 2793.84,
                                                                                  "Total Cost": 2793.84,
                                                                                  "Plan Rows": 3,
                                                                                  "Plan Width": 4,
                                                                                  "Actual Startup Time": 32.852,
                                                                                  "Actual Total Time": 32.854,
                                                                                  "Actual Rows": 3,
                                                                                  "Actual Loops": 2,
                                                                                  "Hash Buckets": 1024,
                                                                                  "Original Hash Buckets": 1024,
                                                                                  "Hash Batches": 1,
                                                                                  "Original Hash Batches": 1,
                                                                                  "Peak Memory Usage": 9,
                                                                                  "Plans": [
                                                                                    {
                                                                                      "Node Type": "Seq Scan",
                                                                                      "Parent Relationship": "Outer",
                                                                                      "Parallel Aware": false,
                                                                                      "Relation Name": "keyword",
                                                                                      "Alias": "k",
                                                                                      "Startup Cost": 0.0,
                                                                                      "Total Cost": 2793.84,
                                                                                      "Plan Rows": 3,
                                                                                      "Plan Width": 4,
                                                                                      "Actual Startup Time": 0.043,
                                                                                      "Actual Total Time": 32.84,
                                                                                      "Actual Rows": 3,
                                                                                      "Actual Loops": 2,
                                                                                      "Filter": "(keyword = ANY ('{hero,martial-arts,hand-to-hand-combat}'::text[]))",
                                                                                      "Rows Removed by Filter": 134167
                                                                                    }
                                                                                  ]
                                                                                }
                                                                              ]
                                                                            }
                                                                          ]
                                                                        }
                                                                      ]
                                                                    }
                                                                  ]
                                                                }
                                                              ]
                                                            }
                                                          ]
                                                        }
                                                      ]
                                                    }
                                                  ]
                                                }
                                              ]
                                            }
                                          ]
                                        }
                                      ]
                                    }
                                  ]
                                }
                              ]
                            }
                          ]
                        }
                      ]
                    },
                    {
                      "Node Type": "Hash",
                      "Parent Relationship": "Inner",
                      "Parallel Aware": false,
                      "Startup Cost": 1.15,
                      "Total Cost": 1.15,
                      "Plan Rows": 1,
                      "Plan Width": 4,
                      "Actual Startup Time": 0.055,
                      "Actual Total Time": 0.055,
                      "Actual Rows": 1,
                      "Actual Loops": 2,
                      "Hash Buckets": 1024,
                      "Original Hash Buckets": 1024,
                      "Hash Batches": 1,
                      "Original Hash Batches": 1,
                      "Peak Memory Usage": 9,
                      "Plans": [
                        {
                          "Node Type": "Seq Scan",
                          "Parent Relationship": "Outer",
                          "Parallel Aware": false,
                          "Relation Name": "role_type",
                          "Alias": "rt",
                          "Startup Cost": 0.0,
                          "Total Cost": 1.15,
                          "Plan Rows": 1,
                          "Plan Width": 4,
                          "Actual Startup Time": 0.039,
                          "Actual Total Time": 0.043,
                          "Actual Rows": 1,
                          "Actual Loops": 2,
                          "Filter": "((role)::text = 'actress'::text)",
                          "Rows Removed by Filter": 11
                        }
                      ]
                    }
                  ]
                }
              ]
            }
          ]
        }
      ]
    },
    "Planning Time": 2042.676,
    "Triggers": [],
    "Execution Time": 4945.238
  }
]