[
  {
    "Plan": {
      "Node Type": "Aggregate",
      "Strategy": "Plain",
      "Partial Mode": "Finalize",
      "Parallel Aware": false,
      "Startup Cost": 32102.9,
      "Total Cost": 32102.91,
      "Plan Rows": 1,
      "Plan Width": 8,
      "Actual Startup Time": 127.602,
      "Actual Total Time": 135.153,
      "Actual Rows": 1,
      "Actual Loops": 1,
      "Plans": [
        {
          "Node Type": "Gather",
          "Parent Relationship": "Outer",
          "Parallel Aware": false,
          "Startup Cost": 32102.58,
          "Total Cost": 32102.89,
          "Plan Rows": 3,
          "Plan Width": 8,
          "Actual Startup Time": 127.512,
          "Actual Total Time": 135.144,
          "Actual Rows": 4,
          "Actual Loops": 1,
          "Workers Planned": 3,
          "Workers Launched": 3,
          "Single Copy": false,
          "Plans": [
            {
              "Node Type": "Aggregate",
              "Strategy": "Plain",
              "Partial Mode": "Partial",
              "Parent Relationship": "Outer",
              "Parallel Aware": false,
              "Startup Cost": 31102.58,
              "Total Cost": 31102.59,
              "Plan Rows": 1,
              "Plan Width": 8,
              "Actual Startup Time": 121.985,
              "Actual Total Time": 121.987,
              "Actual Rows": 1,
              "Actual Loops": 4,
              "Plans": [
                {
                  "Node Type": "Seq Scan",
                  "Parent Relationship": "Outer",
                  "Parallel Aware": true,
                  "Relation Name": "movie_companies",
                  "Alias": "mc",
                  "Startup Cost": 0.0,
                  "Total Cost": 29310.68,
                  "Plan Rows": 716759,
                  "Plan Width": 0,
                  "Actual Startup Time": 0.098,
                  "Actual Total Time": 92.91,
                  "Actual Rows": 555870,
                  "Actual Loops": 4,
                  "Filter": "(company_id > 225)",
                  "Rows Removed by Filter": 96412
                }
              ]
            }
          ]
        }
      ]
    },
    "Planning Time": 0.192,
    "Triggers": [],
    "Execution Time": 135.214
  }
]