[
    {
        "Bao": {
            "Bao prediction": "NaN",
            "Bao recommended hint": "(no hint)"
        }
    },
    {
        "Plan": {
            "Node Type": "Aggregate",
            "Strategy": "Plain",
            "Partial Mode": "Finalize",
            "Parallel Aware": false,
            "Startup Cost": 609024.56,
            "Total Cost": 609024.57,
            "Plan Rows": 1,
            "Plan Width": 8,
            "Actual Startup Time": 5013.917,
            "Actual Total Time": 5066.033,
            "Actual Rows": 1,
            "Actual Loops": 1,
            "Output": [
                "count(*)"
            ],
            "Plans": [
                {
                    "Node Type": "Gather",
                    "Parent Relationship": "Outer",
                    "Parallel Aware": false,
                    "Startup Cost": 609024.04,
                    "Total Cost": 609024.55,
                    "Plan Rows": 5,
                    "Plan Width": 8,
                    "Actual Startup Time": 4984.01,
                    "Actual Total Time": 5066.02,
                    "Actual Rows": 6,
                    "Actual Loops": 1,
                    "Output": [
                        "(PARTIAL count(*))"
                    ],
                    "Workers Planned": 5,
                    "Workers Launched": 5,
                    "Single Copy": false,
                    "Plans": [
                        {
                            "Node Type": "Aggregate",
                            "Strategy": "Plain",
                            "Partial Mode": "Partial",
                            "Parent Relationship": "Outer",
                            "Parallel Aware": false,
                            "Startup Cost": 608024.04,
                            "Total Cost": 608024.05,
                            "Plan Rows": 1,
                            "Plan Width": 8,
                            "Actual Startup Time": 4974.685,
                            "Actual Total Time": 4976.894,
                            "Actual Rows": 1,
                            "Actual Loops": 6,
                            "Output": [
                                "PARTIAL count(*)"
                            ],
                            "Workers": [
                                {
                                    "Worker Number": 0,
                                    "Actual Startup Time": 4971.16,
                                    "Actual Total Time": 4971.164,
                                    "Actual Rows": 1,
                                    "Actual Loops": 1
                                },
                                {
                                    "Worker Number": 1,
                                    "Actual Startup Time": 4971.851,
                                    "Actual Total Time": 4971.856,
                                    "Actual Rows": 1,
                                    "Actual Loops": 1
                                },
                                {
                                    "Worker Number": 2,
                                    "Actual Startup Time": 4977.012,
                                    "Actual Total Time": 4977.016,
                                    "Actual Rows": 1,
                                    "Actual Loops": 1
                                },
                                {
                                    "Worker Number": 3,
                                    "Actual Startup Time": 4972.044,
                                    "Actual Total Time": 4972.049,
                                    "Actual Rows": 1,
                                    "Actual Loops": 1
                                },
                                {
                                    "Worker Number": 4,
                                    "Actual Startup Time": 4972.415,
                                    "Actual Total Time": 4972.42,
                                    "Actual Rows": 1,
                                    "Actual Loops": 1
                                }
                            ],
                            "Plans": [
                                {
                                    "Node Type": "Hash Join",
                                    "Parent Relationship": "Outer",
                                    "Parallel Aware": true,
                                    "Join Type": "Inner",
                                    "Startup Cost": 396020.9,
                                    "Total Cost": 602363.86,
                                    "Plan Rows": 2264072,
                                    "Plan Width": 0,
                                    "Actual Startup Time": 1464.857,
                                    "Actual Total Time": 4282.722,
                                    "Actual Rows": 17546197,
                                    "Actual Loops": 6,
                                    "Inner Unique": false,
                                    "Hash Cond": "(mi.movie_id = t.id)",
                                    "Workers": [
                                        {
                                            "Worker Number": 0,
                                            "Actual Startup Time": 1462.084,
                                            "Actual Total Time": 4290.14,
                                            "Actual Rows": 17483428,
                                            "Actual Loops": 1
                                        },
                                        {
                                            "Worker Number": 1,
                                            "Actual Startup Time": 1462.873,
                                            "Actual Total Time": 4285.55,
                                            "Actual Rows": 17841032,
                                            "Actual Loops": 1
                                        },
                                        {
                                            "Worker Number": 2,
                                            "Actual Startup Time": 1463.037,
                                            "Actual Total Time": 4257.986,
                                            "Actual Rows": 17283899,
                                            "Actual Loops": 1
                                        },
                                        {
                                            "Worker Number": 3,
                                            "Actual Startup Time": 1463.055,
                                            "Actual Total Time": 4291.274,
                                            "Actual Rows": 17242808,
                                            "Actual Loops": 1
                                        },
                                        {
                                            "Worker Number": 4,
                                            "Actual Startup Time": 1463.369,
                                            "Actual Total Time": 4292.763,
                                            "Actual Rows": 17709712,
                                            "Actual Loops": 1
                                        }
                                    ],
                                    "Plans": [
                                        {
                                            "Node Type": "Seq Scan",
                                            "Parent Relationship": "Outer",
                                            "Parallel Aware": true,
                                            "Relation Name": "movie_info",
                                            "Schema": "public",
                                            "Alias": "mi",
                                            "Startup Cost": 0.0,
                                            "Total Cost": 191503.19,
                                            "Plan Rows": 2951019,
                                            "Plan Width": 4,
                                            "Actual Startup Time": 0.035,
                                            "Actual Total Time": 261.684,
                                            "Actual Rows": 2472620,
                                            "Actual Loops": 6,
                                            "Output": [
                                                "mi.id",
                                                "mi.movie_id",
                                                "mi.info_type_id",
                                                "mi.info",
                                                "mi.note"
                                            ],
                                            "Workers": [
                                                {
                                                    "Worker Number": 0,
                                                    "Actual Startup Time": 0.055,
                                                    "Actual Total Time": 268.831,
                                                    "Actual Rows": 2476190,
                                                    "Actual Loops": 1
                                                },
                                                {
                                                    "Worker Number": 1,
                                                    "Actual Startup Time": 0.025,
                                                    "Actual Total Time": 275.245,
                                                    "Actual Rows": 2477912,
                                                    "Actual Loops": 1
                                                },
                                                {
                                                    "Worker Number": 2,
                                                    "Actual Startup Time": 0.024,
                                                    "Actual Total Time": 271.135,
                                                    "Actual Rows": 2441960,
                                                    "Actual Loops": 1
                                                },
                                                {
                                                    "Worker Number": 3,
                                                    "Actual Startup Time": 0.073,
                                                    "Actual Total Time": 268.049,
                                                    "Actual Rows": 2388442,
                                                    "Actual Loops": 1
                                                },
                                                {
                                                    "Worker Number": 4,
                                                    "Actual Startup Time": 0.022,
                                                    "Actual Total Time": 273.83,
                                                    "Actual Rows": 2466105,
                                                    "Actual Loops": 1
                                                }
                                            ]
                                        },
                                        {
                                            "Node Type": "Hash",
                                            "Parent Relationship": "Inner",
                                            "Parallel Aware": true,
                                            "Startup Cost": 391979.71,
                                            "Total Cost": 391979.71,
                                            "Plan Rows": 323295,
                                            "Plan Width": 8,
                                            "Actual Startup Time": 1460.214,
                                            "Actual Total Time": 1462.421,
                                            "Actual Rows": 718379,
                                            "Actual Loops": 6,
                                            "Output": [
                                                "t.id",
                                                "ci.movie_id"
                                            ],
                                            "Hash Buckets": 8388608,
                                            "Original Hash Buckets": 2097152,
                                            "Hash Batches": 1,
                                            "Original Hash Batches": 1,
                                            "Peak Memory Usage": 283392,
                                            "Workers": [
                                                {
                                                    "Worker Number": 0,
                                                    "Actual Startup Time": 1460.261,
                                                    "Actual Total Time": 1460.264,
                                                    "Actual Rows": 728700,
                                                    "Actual Loops": 1
                                                },
                                                {
                                                    "Worker Number": 1,
                                                    "Actual Startup Time": 1461.051,
                                                    "Actual Total Time": 1461.054,
                                                    "Actual Rows": 719977,
                                                    "Actual Loops": 1
                                                },
                                                {
                                                    "Worker Number": 2,
                                                    "Actual Startup Time": 1461.105,
                                                    "Actual Total Time": 1461.108,
                                                    "Actual Rows": 710611,
                                                    "Actual Loops": 1
                                                },
                                                {
                                                    "Worker Number": 3,
                                                    "Actual Startup Time": 1461.313,
                                                    "Actual Total Time": 1461.317,
                                                    "Actual Rows": 703245,
                                                    "Actual Loops": 1
                                                },
                                                {
                                                    "Worker Number": 4,
                                                    "Actual Startup Time": 1461.503,
                                                    "Actual Total Time": 1461.507,
                                                    "Actual Rows": 707053,
                                                    "Actual Loops": 1
                                                }
                                            ],
                                            "Plans": [
                                                {
                                                    "Node Type": "Hash Join",
                                                    "Parent Relationship": "Outer",
                                                    "Parallel Aware": true,
                                                    "Join Type": "Inner",
                                                    "Startup Cost": 47010.46,
                                                    "Total Cost": 391979.71,
                                                    "Plan Rows": 323295,
                                                    "Plan Width": 8,
                                                    "Actual Startup Time": 138.072,
                                                    "Actual Total Time": 1054.264,
                                                    "Actual Rows": 718379,
                                                    "Actual Loops": 6,
                                                    "Output": [
                                                        "t.id",
                                                        "ci.movie_id"
                                                    ],
                                                    "Inner Unique": true,
                                                    "Hash Cond": "(ci.movie_id = t.id)",
                                                    "Workers": [
                                                        {
                                                            "Worker Number": 0,
                                                            "Actual Startup Time": 138.15,
                                                            "Actual Total Time": 1047.342,
                                                            "Actual Rows": 728700,
                                                            "Actual Loops": 1
                                                        },
                                                        {
                                                            "Worker Number": 1,
                                                            "Actual Startup Time": 138.029,
                                                            "Actual Total Time": 1054.685,
                                                            "Actual Rows": 719977,
                                                            "Actual Loops": 1
                                                        },
                                                        {
                                                            "Worker Number": 2,
                                                            "Actual Startup Time": 138.087,
                                                            "Actual Total Time": 1055.47,
                                                            "Actual Rows": 710611,
                                                            "Actual Loops": 1
                                                        },
                                                        {
                                                            "Worker Number": 3,
                                                            "Actual Startup Time": 138.102,
                                                            "Actual Total Time": 1048.02,
                                                            "Actual Rows": 703245,
                                                            "Actual Loops": 1
                                                        },
                                                        {
                                                            "Worker Number": 4,
                                                            "Actual Startup Time": 137.927,
                                                            "Actual Total Time": 1056.802,
                                                            "Actual Rows": 707053,
                                                            "Actual Loops": 1
                                                        }
                                                    ],
                                                    "Plans": [
                                                        {
                                                            "Node Type": "Index Scan",
                                                            "Parent Relationship": "Outer",
                                                            "Parallel Aware": true,
                                                            "Scan Direction": "Forward",
                                                            "Index Name": "role_id_cast_info",
                                                            "Relation Name": "cast_info",
                                                            "Schema": "public",
                                                            "Alias": "ci",
                                                            "Startup Cost": 0.56,
                                                            "Total Cost": 342814.42,
                                                            "Plan Rows": 821102,
                                                            "Plan Width": 4,
                                                            "Actual Startup Time": 0.169,
                                                            "Actual Total Time": 392.03,
                                                            "Actual Rows": 1680774,
                                                            "Actual Loops": 6,
                                                            "Output": [
                                                                "ci.id",
                                                                "ci.person_id",
                                                                "ci.movie_id",
                                                                "ci.person_role_id",
                                                                "ci.note",
                                                                "ci.nr_order",
                                                                "ci.role_id"
                                                            ],
                                                            "Index Cond": "(ci.role_id = 1)",
                                                            "Rows Removed by Index Recheck": 0,
                                                            "Filter": "(ci.person_id < 1375781)",
                                                            "Rows Removed by Filter": 431007,
                                                            "Workers": [
                                                                {
                                                                    "Worker Number": 0,
                                                                    "Actual Startup Time": 0.239,
                                                                    "Actual Total Time": 401.934,
                                                                    "Actual Rows": 1686751,
                                                                    "Actual Loops": 1
                                                                },
                                                                {
                                                                    "Worker Number": 1,
                                                                    "Actual Startup Time": 0.205,
                                                                    "Actual Total Time": 395.537,
                                                                    "Actual Rows": 1678951,
                                                                    "Actual Loops": 1
                                                                },
                                                                {
                                                                    "Worker Number": 2,
                                                                    "Actual Startup Time": 0.14,
                                                                    "Actual Total Time": 392.849,
                                                                    "Actual Rows": 1658300,
                                                                    "Actual Loops": 1
                                                                },
                                                                {
                                                                    "Worker Number": 3,
                                                                    "Actual Startup Time": 0.312,
                                                                    "Actual Total Time": 400.103,
                                                                    "Actual Rows": 1641900,
                                                                    "Actual Loops": 1
                                                                },
                                                                {
                                                                    "Worker Number": 4,
                                                                    "Actual Startup Time": 0.088,
                                                                    "Actual Total Time": 395.073,
                                                                    "Actual Rows": 1659842,
                                                                    "Actual Loops": 1
                                                                }
                                                            ]
                                                        },
                                                        {
                                                            "Node Type": "Hash",
                                                            "Parent Relationship": "Inner",
                                                            "Parallel Aware": true,
                                                            "Startup Cost": 43899.01,
                                                            "Total Cost": 43899.01,
                                                            "Plan Rows": 248871,
                                                            "Plan Width": 4,
                                                            "Actual Startup Time": 136.742,
                                                            "Actual Total Time": 136.744,
                                                            "Actual Rows": 164175,
                                                            "Actual Loops": 6,
                                                            "Output": [
                                                                "t.id"
                                                            ],
                                                            "Hash Buckets": 1048576,
                                                            "Original Hash Buckets": 1048576,
                                                            "Hash Batches": 1,
                                                            "Original Hash Batches": 1,
                                                            "Peak Memory Usage": 46816,
                                                            "Workers": [
                                                                {
                                                                    "Worker Number": 0,
                                                                    "Actual Startup Time": 137.722,
                                                                    "Actual Total Time": 137.723,
                                                                    "Actual Rows": 147783,
                                                                    "Actual Loops": 1
                                                                },
                                                                {
                                                                    "Worker Number": 1,
                                                                    "Actual Startup Time": 137.733,
                                                                    "Actual Total Time": 137.734,
                                                                    "Actual Rows": 160897,
                                                                    "Actual Loops": 1
                                                                },
                                                                {
                                                                    "Worker Number": 2,
                                                                    "Actual Startup Time": 137.723,
                                                                    "Actual Total Time": 137.724,
                                                                    "Actual Rows": 161083,
                                                                    "Actual Loops": 1
                                                                },
                                                                {
                                                                    "Worker Number": 3,
                                                                    "Actual Startup Time": 137.723,
                                                                    "Actual Total Time": 137.725,
                                                                    "Actual Rows": 147491,
                                                                    "Actual Loops": 1
                                                                },
                                                                {
                                                                    "Worker Number": 4,
                                                                    "Actual Startup Time": 137.737,
                                                                    "Actual Total Time": 137.739,
                                                                    "Actual Rows": 161567,
                                                                    "Actual Loops": 1
                                                                }
                                                            ],
                                                            "Plans": [
                                                                {
                                                                    "Node Type": "Seq Scan",
                                                                    "Parent Relationship": "Outer",
                                                                    "Parallel Aware": true,
                                                                    "Relation Name": "title",
                                                                    "Schema": "public",
                                                                    "Alias": "t",
                                                                    "Startup Cost": 0.0,
                                                                    "Total Cost": 43899.01,
                                                                    "Plan Rows": 248871,
                                                                    "Plan Width": 4,
                                                                    "Actual Startup Time": 0.046,
                                                                    "Actual Total Time": 76.242,
                                                                    "Actual Rows": 164175,
                                                                    "Actual Loops": 6,
                                                                    "Output": [
                                                                        "t.id"
                                                                    ],
                                                                    "Filter": "(t.kind_id < 7)",
                                                                    "Rows Removed by Filter": 257211,
                                                                    "Workers": [
                                                                        {
                                                                            "Worker Number": 0,
                                                                            "Actual Startup Time": 0.064,
                                                                            "Actual Total Time": 74.935,
                                                                            "Actual Rows": 147783,
                                                                            "Actual Loops": 1
                                                                        },
                                                                        {
                                                                            "Worker Number": 1,
                                                                            "Actual Startup Time": 0.039,
                                                                            "Actual Total Time": 78.188,
                                                                            "Actual Rows": 160897,
                                                                            "Actual Loops": 1
                                                                        },
                                                                        {
                                                                            "Worker Number": 2,
                                                                            "Actual Startup Time": 0.059,
                                                                            "Actual Total Time": 77.932,
                                                                            "Actual Rows": 161083,
                                                                            "Actual Loops": 1
                                                                        },
                                                                        {
                                                                            "Worker Number": 3,
                                                                            "Actual Startup Time": 0.054,
                                                                            "Actual Total Time": 75.601,
                                                                            "Actual Rows": 147491,
                                                                            "Actual Loops": 1
                                                                        },
                                                                        {
                                                                            "Worker Number": 4,
                                                                            "Actual Startup Time": 0.045,
                                                                            "Actual Total Time": 78.328,
                                                                            "Actual Rows": 161567,
                                                                            "Actual Loops": 1
                                                                        }
                                                                    ]
                                                                }
                                                            ]
                                                        }
                                                    ]
                                                }
                                            ]
                                        }
                                    ]
                                }
                            ]
                        }
                    ]
                }
            ]
        },
        "Planning Time": 180.148,
        "Triggers": [],
        "Execution Time": 5066.123
    }
]