{
  "Plan": {
    "Node Type": "Aggregate",
    "Strategy": "Plain",
    "Partial Mode": "Finalize",
    "Parallel Aware": false,
    "Startup Cost": 127116.41,
    "Total Cost": 127116.42,
    "Plan Rows": 1,
    "Plan Width": 8,
    "Actual Startup Time": 842.242,
    "Actual Total Time": 862.401,
    "Actual Rows": 1,
    "Actual Loops": 1,
    "Plans": [
      {
        "Node Type": "Gather",
        "Parent Relationship": "Outer",
        "Parallel Aware": false,
        "Startup Cost": 127116.3,
        "Total Cost": 127116.41,
        "Plan Rows": 1,
        "Plan Width": 8,
        "Actual Startup Time": 837.572,
        "Actual Total Time": 862.394,
        "Actual Rows": 2,
        "Actual Loops": 1,
        "Workers Planned": 1,
        "Workers Launched": 1,
        "Single Copy": false,
        "Plans": [
          {
            "Node Type": "Aggregate",
            "Strategy": "Plain",
            "Partial Mode": "Partial",
            "Parent Relationship": "Outer",
            "Parallel Aware": false,
            "Startup Cost": 126116.3,
            "Total Cost": 126116.31,
            "Plan Rows": 1,
            "Plan Width": 8,
            "Actual Startup Time": 825.998,
            "Actual Total Time": 826.001,
            "Actual Rows": 1,
            "Actual Loops": 2,
            "Plans": [
              {
                "Node Type": "Hash Join",
                "Parent Relationship": "Outer",
                "Parallel Aware": true,
                "Join Type": "Inner",
                "Startup Cost": 91091.21,
                "Total Cost": 124616.86,
                "Plan Rows": 599778,
                "Plan Width": 0,
                "Actual Startup Time": 599.876,
                "Actual Total Time": 803.968,
                "Actual Rows": 506710,
                "Actual Loops": 2,
                "Inner Unique": true,
                "Hash Cond": "(mk.movie_id = t.id)",
                "Plans": [
                  {
                    "Node Type": "Bitmap Heap Scan",
                    "Parent Relationship": "Outer",
                    "Parallel Aware": true,
                    "Relation Name": "movie_keyword",
                    "Alias": "mk",
                    "Startup Cost": 21630.51,
                    "Total Cost": 53581.74,
                    "Plan Rows": 599778,
                    "Plan Width": 4,
                    "Actual Startup Time": 72.856,
                    "Actual Total Time": 164.074,
                    "Actual Rows": 506710,
                    "Actual Loops": 2,
                    "Recheck Cond": "(keyword_id > 17843)",
                    "Rows Removed by Index Recheck": 0,
                    "Exact Heap Blocks": 13251,
                    "Lossy Heap Blocks": 0,
                    "Plans": [
                      {
                        "Node Type": "Bitmap Index Scan",
                        "Parent Relationship": "Outer",
                        "Parallel Aware": false,
                        "Index Name": "keyword_id_movie_keyword",
                        "Startup Cost": 0.0,
                        "Total Cost": 21375.6,
                        "Plan Rows": 1019623,
                        "Plan Width": 0,
                        "Actual Startup Time": 69.292,
                        "Actual Total Time": 69.293,
                        "Actual Rows": 1013420,
                        "Actual Loops": 1,
                        "Index Cond": "(keyword_id > 17843)"
                      }
                    ]
                  },
                  {
                    "Node Type": "Hash",
                    "Parent Relationship": "Inner",
                    "Parallel Aware": true,
                    "Startup Cost": 50870.31,
                    "Total Cost": 50870.31,
                    "Plan Rows": 1487231,
                    "Plan Width": 4,
                    "Actual Startup Time": 506.446,
                    "Actual Total Time": 506.446,
                    "Actual Rows": 1264156,
                    "Actual Loops": 2,
                    "Hash Buckets": 4194304,
                    "Original Hash Buckets": 4194304,
                    "Hash Batches": 1,
                    "Original Hash Batches": 1,
                    "Peak Memory Usage": 131712,
                    "Plans": [
                      {
                        "Node Type": "Seq Scan",
                        "Parent Relationship": "Outer",
                        "Parallel Aware": true,
                        "Relation Name": "title",
                        "Alias": "t",
                        "Startup Cost": 0.0,
                        "Total Cost": 50870.31,
                        "Plan Rows": 1487231,
                        "Plan Width": 4,
                        "Actual Startup Time": 0.024,
                        "Actual Total Time": 152.976,
                        "Actual Rows": 1264156,
                        "Actual Loops": 2
                      }
                    ]
                  }
                ]
              }
            ]
          }
        ]
      }
    ]
  },
  "Planning Time": 0.516,
  "Triggers": [],
  "Execution Time": 862.472
}