{
  "Plan": {
    "Node Type": "Aggregate",
    "Strategy": "Plain",
    "Partial Mode": "Finalize",
    "Parallel Aware": false,
    "Startup Cost": 91220.45,
    "Total Cost": 91220.46,
    "Plan Rows": 1,
    "Plan Width": 8,
    "Actual Startup Time": 249.944,
    "Actual Total Time": 266.053,
    "Actual Rows": 1,
    "Actual Loops": 1,
    "Plans": [
      {
        "Node Type": "Gather",
        "Parent Relationship": "Outer",
        "Parallel Aware": false,
        "Startup Cost": 91220.34,
        "Total Cost": 91220.45,
        "Plan Rows": 1,
        "Plan Width": 8,
        "Actual Startup Time": 249.441,
        "Actual Total Time": 266.046,
        "Actual Rows": 2,
        "Actual Loops": 1,
        "Workers Planned": 1,
        "Workers Launched": 1,
        "Single Copy": false,
        "Plans": [
          {
            "Node Type": "Aggregate",
            "Strategy": "Plain",
            "Partial Mode": "Partial",
            "Parent Relationship": "Outer",
            "Parallel Aware": false,
            "Startup Cost": 90220.34,
            "Total Cost": 90220.35,
            "Plan Rows": 1,
            "Plan Width": 8,
            "Actual Startup Time": 243.545,
            "Actual Total Time": 243.549,
            "Actual Rows": 1,
            "Actual Loops": 2,
            "Plans": [
              {
                "Node Type": "Hash Join",
                "Parent Relationship": "Outer",
                "Parallel Aware": true,
                "Join Type": "Inner",
                "Startup Cost": 67554.5,
                "Total Cost": 90211.61,
                "Plan Rows": 3492,
                "Plan Width": 0,
                "Actual Startup Time": 173.362,
                "Actual Total Time": 243.312,
                "Actual Rows": 3770,
                "Actual Loops": 2,
                "Inner Unique": true,
                "Hash Cond": "(mc.movie_id = t.id)",
                "Plans": [
                  {
                    "Node Type": "Bitmap Heap Scan",
                    "Parent Relationship": "Outer",
                    "Parallel Aware": true,
                    "Relation Name": "movie_companies",
                    "Alias": "mc",
                    "Startup Cost": 8692.42,
                    "Total Cost": 31042.81,
                    "Plan Rows": 116844,
                    "Plan Width": 4,
                    "Actual Startup Time": 21.899,
                    "Actual Total Time": 70.665,
                    "Actual Rows": 153606,
                    "Actual Loops": 2,
                    "Recheck Cond": "(company_id < 253)",
                    "Rows Removed by Index Recheck": 0,
                    "Filter": "(company_type_id = 1)",
                    "Rows Removed by Filter": 47100,
                    "Exact Heap Blocks": 10807,
                    "Lossy Heap Blocks": 0,
                    "Plans": [
                      {
                        "Node Type": "Bitmap Index Scan",
                        "Parent Relationship": "Outer",
                        "Parallel Aware": false,
                        "Index Name": "company_id_movie_companies",
                        "Startup Cost": 0.0,
                        "Total Cost": 8642.76,
                        "Plan Rows": 403511,
                        "Plan Width": 0,
                        "Actual Startup Time": 19.181,
                        "Actual Total Time": 19.182,
                        "Actual Rows": 401412,
                        "Actual Loops": 1,
                        "Index Cond": "(company_id < 253)"
                      }
                    ]
                  },
                  {
                    "Node Type": "Hash",
                    "Parent Relationship": "Inner",
                    "Parallel Aware": true,
                    "Startup Cost": 58306.47,
                    "Total Cost": 58306.47,
                    "Plan Rows": 44449,
                    "Plan Width": 4,
                    "Actual Startup Time": 149.111,
                    "Actual Total Time": 149.112,
                    "Actual Rows": 42038,
                    "Actual Loops": 2,
                    "Hash Buckets": 131072,
                    "Original Hash Buckets": 131072,
                    "Hash Batches": 1,
                    "Original Hash Batches": 1,
                    "Peak Memory Usage": 4320,
                    "Plans": [
                      {
                        "Node Type": "Seq Scan",
                        "Parent Relationship": "Outer",
                        "Parallel Aware": true,
                        "Relation Name": "title",
                        "Alias": "t",
                        "Startup Cost": 0.0,
                        "Total Cost": 58306.47,
                        "Plan Rows": 44449,
                        "Plan Width": 4,
                        "Actual Startup Time": 0.051,
                        "Actual Total Time": 138.265,
                        "Actual Rows": 42038,
                        "Actual Loops": 2,
                        "Filter": "((kind_id = 7) AND (production_year = 2007))",
                        "Rows Removed by Filter": 1222118
                      }
                    ]
                  }
                ]
              }
            ]
          }
        ]
      }
    ]
  },
  "Planning Time": 0.508,
  "Triggers": [],
  "Execution Time": 266.148
}