[
  {
    "Plan": {
      "Node Type": "Aggregate",
      "Strategy": "Plain",
      "Partial Mode": "Finalize",
      "Parallel Aware": false,
      "Startup Cost": 334872.63,
      "Total Cost": 334872.64,
      "Plan Rows": 1,
      "Plan Width": 8,
      "Actual Startup Time": 698.039,
      "Actual Total Time": 753.246,
      "Actual Rows": 1,
      "Actual Loops": 1,
      "Plans": [
        {
          "Node Type": "Gather",
          "Parent Relationship": "Outer",
          "Parallel Aware": false,
          "Startup Cost": 334872.01,
          "Total Cost": 334872.62,
          "Plan Rows": 6,
          "Plan Width": 8,
          "Actual Startup Time": 697.854,
          "Actual Total Time": 753.233,
          "Actual Rows": 7,
          "Actual Loops": 1,
          "Workers Planned": 6,
          "Workers Launched": 6,
          "Single Copy": false,
          "Plans": [
            {
              "Node Type": "Aggregate",
              "Strategy": "Plain",
              "Partial Mode": "Partial",
              "Parent Relationship": "Outer",
              "Parallel Aware": false,
              "Startup Cost": 333872.01,
              "Total Cost": 333872.02,
              "Plan Rows": 1,
              "Plan Width": 8,
              "Actual Startup Time": 689.68,
              "Actual Total Time": 689.681,
              "Actual Rows": 1,
              "Actual Loops": 7,
              "Plans": [
                {
                  "Node Type": "Seq Scan",
                  "Parent Relationship": "Outer",
                  "Parallel Aware": true,
                  "Relation Name": "cast_info",
                  "Alias": "ci",
                  "Startup Cost": 0.0,
                  "Total Cost": 328211.39,
                  "Plan Rows": 2264246,
                  "Plan Width": 0,
                  "Actual Startup Time": 265.859,
                  "Actual Total Time": 601.335,
                  "Actual Rows": 1905798,
                  "Actual Loops": 7,
                  "Filter": "(person_id > 2338552)",
                  "Rows Removed by Filter": 3271966
                }
              ]
            }
          ]
        }
      ]
    },
    "Planning Time": 0.127,
    "Triggers": [],
    "Execution Time": 753.307
  }
]