[
  {
    "Plan": {
      "Node Type": "Aggregate",
      "Strategy": "Plain",
      "Partial Mode": "Finalize",
      "Parallel Aware": false,
      "Startup Cost": 353313.26,
      "Total Cost": 353313.27,
      "Plan Rows": 1,
      "Plan Width": 8,
      "Actual Startup Time": 882.003,
      "Actual Total Time": 926.612,
      "Actual Rows": 1,
      "Actual Loops": 1,
      "Plans": [
        {
          "Node Type": "Gather",
          "Parent Relationship": "Outer",
          "Parallel Aware": false,
          "Startup Cost": 353312.63,
          "Total Cost": 353313.24,
          "Plan Rows": 6,
          "Plan Width": 8,
          "Actual Startup Time": 881.8,
          "Actual Total Time": 926.598,
          "Actual Rows": 7,
          "Actual Loops": 1,
          "Workers Planned": 6,
          "Workers Launched": 6,
          "Single Copy": false,
          "Plans": [
            {
              "Node Type": "Aggregate",
              "Strategy": "Plain",
              "Partial Mode": "Partial",
              "Parent Relationship": "Outer",
              "Parallel Aware": false,
              "Startup Cost": 352312.63,
              "Total Cost": 352312.64,
              "Plan Rows": 1,
              "Plan Width": 8,
              "Actual Startup Time": 875.459,
              "Actual Total Time": 875.461,
              "Actual Rows": 1,
              "Actual Loops": 7,
              "Plans": [
                {
                  "Node Type": "Seq Scan",
                  "Parent Relationship": "Outer",
                  "Parallel Aware": true,
                  "Relation Name": "cast_info",
                  "Alias": "ci",
                  "Startup Cost": 0.0,
                  "Total Cost": 343316.27,
                  "Plan Rows": 3598544,
                  "Plan Width": 0,
                  "Actual Startup Time": 0.042,
                  "Actual Total Time": 714.737,
                  "Actual Rows": 3407156,
                  "Actual Loops": 7,
                  "Filter": "((person_id < 2563801) AND (role_id < 10))",
                  "Rows Removed by Filter": 1770607
                }
              ]
            }
          ]
        }
      ]
    },
    "Planning Time": 0.088,
    "Triggers": [],
    "Execution Time": 926.65
  }
]