[
  {
    "Plan": {
      "Node Type": "Aggregate",
      "Strategy": "Plain",
      "Partial Mode": "Finalize",
      "Parallel Aware": false,
      "Startup Cost": 132385.11,
      "Total Cost": 132385.12,
      "Plan Rows": 1,
      "Plan Width": 8,
      "Actual Startup Time": 1066.54,
      "Actual Total Time": 1126.767,
      "Actual Rows": 1,
      "Actual Loops": 1,
      "Plans": [
        {
          "Node Type": "Gather",
          "Parent Relationship": "Outer",
          "Parallel Aware": false,
          "Startup Cost": 132384.79,
          "Total Cost": 132385.1,
          "Plan Rows": 3,
          "Plan Width": 8,
          "Actual Startup Time": 1066.532,
          "Actual Total Time": 1126.761,
          "Actual Rows": 4,
          "Actual Loops": 1,
          "Workers Planned": 3,
          "Workers Launched": 3,
          "Single Copy": false,
          "Plans": [
            {
              "Node Type": "Aggregate",
              "Strategy": "Plain",
              "Partial Mode": "Partial",
              "Parent Relationship": "Outer",
              "Parallel Aware": false,
              "Startup Cost": 131384.79,
              "Total Cost": 131384.8,
              "Plan Rows": 1,
              "Plan Width": 8,
              "Actual Startup Time": 1057.02,
              "Actual Total Time": 1057.023,
              "Actual Rows": 1,
              "Actual Loops": 4,
              "Plans": [
                {
                  "Node Type": "Nested Loop",
                  "Parent Relationship": "Outer",
                  "Parallel Aware": false,
                  "Join Type": "Inner",
                  "Startup Cost": 45614.35,
                  "Total Cost": 130719.07,
                  "Plan Rows": 266290,
                  "Plan Width": 0,
                  "Actual Startup Time": 100.701,
                  "Actual Total Time": 999.787,
                  "Actual Rows": 1320743,
                  "Actual Loops": 4,
                  "Inner Unique": false,
                  "Join Filter": "(t.id = ci.movie_id)",
                  "Rows Removed by Join Filter": 0,
                  "Plans": [
                    {
                      "Node Type": "Hash Join",
                      "Parent Relationship": "Outer",
                      "Parallel Aware": true,
                      "Join Type": "Inner",
                      "Startup Cost": 45613.79,
                      "Total Cost": 91171.09,
                      "Plan Rows": 18584,
                      "Plan Width": 8,
                      "Actual Startup Time": 100.619,
                      "Actual Total Time": 258.43,
                      "Actual Rows": 18440,
                      "Actual Loops": 4,
                      "Inner Unique": true,
                      "Hash Cond": "(mk.movie_id = t.id)",
                      "Plans": [
                        {
                          "Node Type": "Seq Scan",
                          "Parent Relationship": "Outer",
                          "Parallel Aware": true,
                          "Relation Name": "movie_keyword",
                          "Alias": "mk",
                          "Startup Cost": 0.0,
                          "Total Cost": 42695.65,
                          "Plan Rows": 1090153,
                          "Plan Width": 4,
                          "Actual Startup Time": 0.025,
                          "Actual Total Time": 101.32,
                          "Actual Rows": 844311,
                          "Actual Loops": 4,
                          "Filter": "(keyword_id < 16264)",
                          "Rows Removed by Filter": 286671
                        },
                        {
                          "Node Type": "Hash",
                          "Parent Relationship": "Inner",
                          "Parallel Aware": true,
                          "Startup Cost": 45479.1,
                          "Total Cost": 45479.1,
                          "Plan Rows": 10775,
                          "Plan Width": 4,
                          "Actual Startup Time": 99.139,
                          "Actual Total Time": 99.14,
                          "Actual Rows": 9402,
                          "Actual Loops": 4,
                          "Hash Buckets": 65536,
                          "Original Hash Buckets": 65536,
                          "Hash Batches": 1,
                          "Original Hash Batches": 1,
                          "Peak Memory Usage": 2048,
                          "Plans": [
                            {
                              "Node Type": "Seq Scan",
                              "Parent Relationship": "Outer",
                              "Parallel Aware": true,
                              "Relation Name": "title",
                              "Alias": "t",
                              "Startup Cost": 0.0,
                              "Total Cost": 45479.1,
                              "Plan Rows": 10775,
                              "Plan Width": 4,
                              "Actual Startup Time": 0.159,
                              "Actual Total Time": 95.452,
                              "Actual Rows": 9402,
                              "Actual Loops": 4,
                              "Filter": "((kind_id < 3) AND (production_year = 2010))",
                              "Rows Removed by Filter": 622676
                            }
                          ]
                        }
                      ]
                    },
                    {
                      "Node Type": "Index Only Scan",
                      "Parent Relationship": "Inner",
                      "Parallel Aware": false,
                      "Scan Direction": "Forward",
                      "Index Name": "movie_id_cast_info",
                      "Relation Name": "cast_info",
                      "Alias": "ci",
                      "Startup Cost": 0.56,
                      "Total Cost": 1.67,
                      "Plan Rows": 37,
                      "Plan Width": 4,
                      "Actual Startup Time": 0.005,
                      "Actual Total Time": 0.034,
                      "Actual Rows": 72,
                      "Actual Loops": 73758,
                      "Index Cond": "(movie_id = mk.movie_id)",
                      "Rows Removed by Index Recheck": 0,
                      "Heap Fetches": 5282971
                    }
                  ]
                }
              ]
            }
          ]
        }
      ]
    },
    "Planning Time": 1.359,
    "Triggers": [],
    "Execution Time": 1126.879
  }
]