[
  {
    "Plan": {
      "Node Type": "Aggregate",
      "Strategy": "Plain",
      "Partial Mode": "Finalize",
      "Parallel Aware": false,
      "Startup Cost": 32087.66,
      "Total Cost": 32087.67,
      "Plan Rows": 1,
      "Plan Width": 8,
      "Actual Startup Time": 102.822,
      "Actual Total Time": 109.89,
      "Actual Rows": 1,
      "Actual Loops": 1,
      "Plans": [
        {
          "Node Type": "Gather",
          "Parent Relationship": "Outer",
          "Parallel Aware": false,
          "Startup Cost": 32087.35,
          "Total Cost": 32087.66,
          "Plan Rows": 3,
          "Plan Width": 8,
          "Actual Startup Time": 102.688,
          "Actual Total Time": 109.882,
          "Actual Rows": 4,
          "Actual Loops": 1,
          "Workers Planned": 3,
          "Workers Launched": 3,
          "Single Copy": false,
          "Plans": [
            {
              "Node Type": "Aggregate",
              "Strategy": "Plain",
              "Partial Mode": "Partial",
              "Parent Relationship": "Outer",
              "Parallel Aware": false,
              "Startup Cost": 31087.35,
              "Total Cost": 31087.36,
              "Plan Rows": 1,
              "Plan Width": 8,
              "Actual Startup Time": 97.647,
              "Actual Total Time": 97.648,
              "Actual Rows": 1,
              "Actual Loops": 4,
              "Plans": [
                {
                  "Node Type": "Seq Scan",
                  "Parent Relationship": "Outer",
                  "Parallel Aware": true,
                  "Relation Name": "movie_companies",
                  "Alias": "mc",
                  "Startup Cost": 0.0,
                  "Total Cost": 29310.68,
                  "Plan Rows": 710666,
                  "Plan Width": 0,
                  "Actual Startup Time": 0.065,
                  "Actual Total Time": 74.454,
                  "Actual Rows": 551442,
                  "Actual Loops": 4,
                  "Filter": "(company_id > 253)",
                  "Rows Removed by Filter": 100840
                }
              ]
            }
          ]
        }
      ]
    },
    "Planning Time": 0.103,
    "Triggers": [],
    "Execution Time": 109.921
  }
]