[
  {
    "Plan": {
      "Node Type": "Aggregate",
      "Strategy": "Plain",
      "Partial Mode": "Finalize",
      "Parallel Aware": false,
      "Startup Cost": 32087.82,
      "Total Cost": 32087.83,
      "Plan Rows": 1,
      "Plan Width": 8,
      "Actual Startup Time": 111.513,
      "Actual Total Time": 119.536,
      "Actual Rows": 1,
      "Actual Loops": 1,
      "Plans": [
        {
          "Node Type": "Gather",
          "Parent Relationship": "Outer",
          "Parallel Aware": false,
          "Startup Cost": 32087.5,
          "Total Cost": 32087.81,
          "Plan Rows": 3,
          "Plan Width": 8,
          "Actual Startup Time": 111.405,
          "Actual Total Time": 119.53,
          "Actual Rows": 4,
          "Actual Loops": 1,
          "Workers Planned": 3,
          "Workers Launched": 3,
          "Single Copy": false,
          "Plans": [
            {
              "Node Type": "Aggregate",
              "Strategy": "Plain",
              "Partial Mode": "Partial",
              "Parent Relationship": "Outer",
              "Parallel Aware": false,
              "Startup Cost": 31087.5,
              "Total Cost": 31087.51,
              "Plan Rows": 1,
              "Plan Width": 8,
              "Actual Startup Time": 105.018,
              "Actual Total Time": 105.019,
              "Actual Rows": 1,
              "Actual Loops": 4,
              "Plans": [
                {
                  "Node Type": "Seq Scan",
                  "Parent Relationship": "Outer",
                  "Parallel Aware": true,
                  "Relation Name": "movie_companies",
                  "Alias": "mc",
                  "Startup Cost": 0.0,
                  "Total Cost": 29310.68,
                  "Plan Rows": 710727,
                  "Plan Width": 0,
                  "Actual Startup Time": 0.127,
                  "Actual Total Time": 80.906,
                  "Actual Rows": 551442,
                  "Actual Loops": 4,
                  "Filter": "(company_id > 253)",
                  "Rows Removed by Filter": 100840
                }
              ]
            }
          ]
        }
      ]
    },
    "Planning Time": 0.184,
    "Triggers": [],
    "Execution Time": 119.591
  }
]