[
    {
        "Bao": {
            "Bao prediction": 486.192,
            "Bao recommended hint": "SET enable_mergejoin TO off; SET enable_indexscan TO off; "
        }
    },
    {
        "Plan": {
            "Node Type": "Aggregate",
            "Strategy": "Plain",
            "Partial Mode": "Finalize",
            "Parallel Aware": false,
            "Startup Cost": 348972.91,
            "Total Cost": 348972.92,
            "Plan Rows": 1,
            "Plan Width": 8,
            "Actual Startup Time": 958.461,
            "Actual Total Time": 989.427,
            "Actual Rows": 1,
            "Actual Loops": 1,
            "Output": [
                "count(*)"
            ],
            "Plans": [
                {
                    "Node Type": "Gather",
                    "Parent Relationship": "Outer",
                    "Parallel Aware": false,
                    "Startup Cost": 348972.28,
                    "Total Cost": 348972.89,
                    "Plan Rows": 6,
                    "Plan Width": 8,
                    "Actual Startup Time": 958.371,
                    "Actual Total Time": 989.417,
                    "Actual Rows": 7,
                    "Actual Loops": 1,
                    "Output": [
                        "(PARTIAL count(*))"
                    ],
                    "Workers Planned": 6,
                    "Workers Launched": 6,
                    "Single Copy": false,
                    "Plans": [
                        {
                            "Node Type": "Aggregate",
                            "Strategy": "Plain",
                            "Partial Mode": "Partial",
                            "Parent Relationship": "Outer",
                            "Parallel Aware": false,
                            "Startup Cost": 347972.28,
                            "Total Cost": 347972.29,
                            "Plan Rows": 1,
                            "Plan Width": 8,
                            "Actual Startup Time": 948.87,
                            "Actual Total Time": 948.871,
                            "Actual Rows": 1,
                            "Actual Loops": 7,
                            "Output": [
                                "PARTIAL count(*)"
                            ],
                            "Workers": [
                                {
                                    "Worker Number": 0,
                                    "Actual Startup Time": 947.039,
                                    "Actual Total Time": 947.04,
                                    "Actual Rows": 1,
                                    "Actual Loops": 1
                                },
                                {
                                    "Worker Number": 1,
                                    "Actual Startup Time": 946.868,
                                    "Actual Total Time": 946.87,
                                    "Actual Rows": 1,
                                    "Actual Loops": 1
                                },
                                {
                                    "Worker Number": 2,
                                    "Actual Startup Time": 946.874,
                                    "Actual Total Time": 946.875,
                                    "Actual Rows": 1,
                                    "Actual Loops": 1
                                },
                                {
                                    "Worker Number": 3,
                                    "Actual Startup Time": 947.637,
                                    "Actual Total Time": 947.638,
                                    "Actual Rows": 1,
                                    "Actual Loops": 1
                                },
                                {
                                    "Worker Number": 4,
                                    "Actual Startup Time": 947.899,
                                    "Actual Total Time": 947.9,
                                    "Actual Rows": 1,
                                    "Actual Loops": 1
                                },
                                {
                                    "Worker Number": 5,
                                    "Actual Startup Time": 948.219,
                                    "Actual Total Time": 948.221,
                                    "Actual Rows": 1,
                                    "Actual Loops": 1
                                }
                            ],
                            "Plans": [
                                {
                                    "Node Type": "Seq Scan",
                                    "Parent Relationship": "Outer",
                                    "Parallel Aware": true,
                                    "Relation Name": "cast_info",
                                    "Schema": "public",
                                    "Alias": "ci",
                                    "Startup Cost": 0.0,
                                    "Total Cost": 343318.94,
                                    "Plan Rows": 1861336,
                                    "Plan Width": 0,
                                    "Actual Startup Time": 81.769,
                                    "Actual Total Time": 861.688,
                                    "Actual Rows": 1334847,
                                    "Actual Loops": 7,
                                    "Output": [
                                        "id",
                                        "person_id",
                                        "movie_id",
                                        "person_role_id",
                                        "note",
                                        "nr_order",
                                        "role_id"
                                    ],
                                    "Filter": "((ci.person_id > 445774) AND (ci.role_id = 1))",
                                    "Rows Removed by Filter": 3842917,
                                    "Workers": [
                                        {
                                            "Worker Number": 0,
                                            "Actual Startup Time": 79.914,
                                            "Actual Total Time": 861.088,
                                            "Actual Rows": 1303197,
                                            "Actual Loops": 1
                                        },
                                        {
                                            "Worker Number": 1,
                                            "Actual Startup Time": 79.781,
                                            "Actual Total Time": 860.716,
                                            "Actual Rows": 1304591,
                                            "Actual Loops": 1
                                        },
                                        {
                                            "Worker Number": 2,
                                            "Actual Startup Time": 79.781,
                                            "Actual Total Time": 860.775,
                                            "Actual Rows": 1307349,
                                            "Actual Loops": 1
                                        },
                                        {
                                            "Worker Number": 3,
                                            "Actual Startup Time": 80.53,
                                            "Actual Total Time": 862.224,
                                            "Actual Rows": 1293589,
                                            "Actual Loops": 1
                                        },
                                        {
                                            "Worker Number": 4,
                                            "Actual Startup Time": 80.808,
                                            "Actual Total Time": 861.708,
                                            "Actual Rows": 1306722,
                                            "Actual Loops": 1
                                        },
                                        {
                                            "Worker Number": 5,
                                            "Actual Startup Time": 81.128,
                                            "Actual Total Time": 862.776,
                                            "Actual Rows": 1295654,
                                            "Actual Loops": 1
                                        }
                                    ]
                                }
                            ]
                        }
                    ]
                }
            ]
        },
        "Planning Time": 3296.398,
        "Triggers": [],
        "Execution Time": 989.539
    }
]