[
    {
        "Bao": {
            "Bao prediction": "NaN",
            "Bao recommended hint": "(no hint)"
        }
    },
    {
        "Plan": {
            "Node Type": "Aggregate",
            "Strategy": "Plain",
            "Partial Mode": "Finalize",
            "Parallel Aware": false,
            "Startup Cost": 32924.98,
            "Total Cost": 32924.99,
            "Plan Rows": 1,
            "Plan Width": 8,
            "Actual Startup Time": 82.723,
            "Actual Total Time": 88.457,
            "Actual Rows": 1,
            "Actual Loops": 1,
            "Output": [
                "count(*)"
            ],
            "Plans": [
                {
                    "Node Type": "Gather",
                    "Parent Relationship": "Outer",
                    "Parallel Aware": false,
                    "Startup Cost": 32924.66,
                    "Total Cost": 32924.97,
                    "Plan Rows": 3,
                    "Plan Width": 8,
                    "Actual Startup Time": 82.648,
                    "Actual Total Time": 88.45,
                    "Actual Rows": 4,
                    "Actual Loops": 1,
                    "Output": [
                        "(PARTIAL count(*))"
                    ],
                    "Workers Planned": 3,
                    "Workers Launched": 3,
                    "Single Copy": false,
                    "Plans": [
                        {
                            "Node Type": "Aggregate",
                            "Strategy": "Plain",
                            "Partial Mode": "Partial",
                            "Parent Relationship": "Outer",
                            "Parallel Aware": false,
                            "Startup Cost": 31924.66,
                            "Total Cost": 31924.67,
                            "Plan Rows": 1,
                            "Plan Width": 8,
                            "Actual Startup Time": 74.757,
                            "Actual Total Time": 74.758,
                            "Actual Rows": 1,
                            "Actual Loops": 4,
                            "Output": [
                                "PARTIAL count(*)"
                            ],
                            "Workers": [
                                {
                                    "Worker Number": 0,
                                    "Actual Startup Time": 71.89,
                                    "Actual Total Time": 71.891,
                                    "Actual Rows": 1,
                                    "Actual Loops": 1
                                },
                                {
                                    "Worker Number": 1,
                                    "Actual Startup Time": 72.132,
                                    "Actual Total Time": 72.133,
                                    "Actual Rows": 1,
                                    "Actual Loops": 1
                                },
                                {
                                    "Worker Number": 2,
                                    "Actual Startup Time": 72.609,
                                    "Actual Total Time": 72.61,
                                    "Actual Rows": 1,
                                    "Actual Loops": 1
                                }
                            ],
                            "Plans": [
                                {
                                    "Node Type": "Seq Scan",
                                    "Parent Relationship": "Outer",
                                    "Parallel Aware": true,
                                    "Relation Name": "movie_companies",
                                    "Schema": "public",
                                    "Alias": "mc",
                                    "Startup Cost": 0.0,
                                    "Total Cost": 31414.82,
                                    "Plan Rows": 203937,
                                    "Plan Width": 0,
                                    "Actual Startup Time": 14.098,
                                    "Actual Total Time": 69.502,
                                    "Actual Rows": 97548,
                                    "Actual Loops": 4,
                                    "Output": [
                                        "id",
                                        "movie_id",
                                        "company_id",
                                        "company_type_id",
                                        "note"
                                    ],
                                    "Filter": "((mc.company_id > 11348) AND (mc.company_type_id = 1))",
                                    "Rows Removed by Filter": 554734,
                                    "Workers": [
                                        {
                                            "Worker Number": 0,
                                            "Actual Startup Time": 11.236,
                                            "Actual Total Time": 66.729,
                                            "Actual Rows": 79325,
                                            "Actual Loops": 1
                                        },
                                        {
                                            "Worker Number": 1,
                                            "Actual Startup Time": 11.486,
                                            "Actual Total Time": 67.085,
                                            "Actual Rows": 82922,
                                            "Actual Loops": 1
                                        },
                                        {
                                            "Worker Number": 2,
                                            "Actual Startup Time": 11.968,
                                            "Actual Total Time": 67.488,
                                            "Actual Rows": 79771,
                                            "Actual Loops": 1
                                        }
                                    ]
                                }
                            ]
                        }
                    ]
                }
            ]
        },
        "Planning Time": 177.611,
        "Triggers": [],
        "Execution Time": 88.503
    }
]