{
  "Plan": {
    "Node Type": "Aggregate",
    "Strategy": "Plain",
    "Partial Mode": "Finalize",
    "Parallel Aware": false,
    "Startup Cost": 102291.72,
    "Total Cost": 102291.73,
    "Plan Rows": 1,
    "Plan Width": 8,
    "Actual Startup Time": 498.594,
    "Actual Total Time": 516.811,
    "Actual Rows": 1,
    "Actual Loops": 1,
    "Plans": [
      {
        "Node Type": "Gather",
        "Parent Relationship": "Outer",
        "Parallel Aware": false,
        "Startup Cost": 102291.61,
        "Total Cost": 102291.72,
        "Plan Rows": 1,
        "Plan Width": 8,
        "Actual Startup Time": 495.011,
        "Actual Total Time": 516.802,
        "Actual Rows": 2,
        "Actual Loops": 1,
        "Workers Planned": 1,
        "Workers Launched": 1,
        "Single Copy": false,
        "Plans": [
          {
            "Node Type": "Aggregate",
            "Strategy": "Plain",
            "Partial Mode": "Partial",
            "Parent Relationship": "Outer",
            "Parallel Aware": false,
            "Startup Cost": 101291.61,
            "Total Cost": 101291.62,
            "Plan Rows": 1,
            "Plan Width": 8,
            "Actual Startup Time": 486.208,
            "Actual Total Time": 486.212,
            "Actual Rows": 1,
            "Actual Loops": 2,
            "Plans": [
              {
                "Node Type": "Nested Loop",
                "Parent Relationship": "Outer",
                "Parallel Aware": false,
                "Join Type": "Inner",
                "Startup Cost": 65538.39,
                "Total Cost": 101248.96,
                "Plan Rows": 17060,
                "Plan Width": 0,
                "Actual Startup Time": 382.347,
                "Actual Total Time": 480.349,
                "Actual Rows": 139219,
                "Actual Loops": 2,
                "Inner Unique": false,
                "Plans": [
                  {
                    "Node Type": "Hash Join",
                    "Parent Relationship": "Outer",
                    "Parallel Aware": true,
                    "Join Type": "Inner",
                    "Startup Cost": 65537.96,
                    "Total Cost": 90465.47,
                    "Plan Rows": 16531,
                    "Plan Width": 8,
                    "Actual Startup Time": 382.226,
                    "Actual Total Time": 413.285,
                    "Actual Rows": 11638,
                    "Actual Loops": 2,
                    "Inner Unique": true,
                    "Hash Cond": "(mk.movie_id = t.id)",
                    "Plans": [
                      {
                        "Node Type": "Bitmap Heap Scan",
                        "Parent Relationship": "Outer",
                        "Parallel Aware": true,
                        "Relation Name": "movie_keyword",
                        "Alias": "mk",
                        "Startup Cost": 1132.89,
                        "Total Cost": 25978.21,
                        "Plan Rows": 31306,
                        "Plan Width": 4,
                        "Actual Startup Time": 4.926,
                        "Actual Total Time": 25.808,
                        "Actual Rows": 25990,
                        "Actual Loops": 2,
                        "Recheck Cond": "(keyword_id > 98652)",
                        "Rows Removed by Index Recheck": 0,
                        "Exact Heap Blocks": 7450,
                        "Lossy Heap Blocks": 0,
                        "Plans": [
                          {
                            "Node Type": "Bitmap Index Scan",
                            "Parent Relationship": "Outer",
                            "Parallel Aware": false,
                            "Index Name": "keyword_id_movie_keyword",
                            "Startup Cost": 0.0,
                            "Total Cost": 1119.58,
                            "Plan Rows": 53220,
                            "Plan Width": 0,
                            "Actual Startup Time": 3.172,
                            "Actual Total Time": 3.173,
                            "Actual Rows": 51980,
                            "Actual Loops": 1,
                            "Index Cond": "(keyword_id > 98652)"
                          }
                        ]
                      },
                      {
                        "Node Type": "Hash",
                        "Parent Relationship": "Inner",
                        "Parallel Aware": true,
                        "Startup Cost": 54588.39,
                        "Total Cost": 54588.39,
                        "Plan Rows": 785335,
                        "Plan Width": 4,
                        "Actual Startup Time": 362.079,
                        "Actual Total Time": 362.08,
                        "Actual Rows": 661432,
                        "Actual Loops": 2,
                        "Hash Buckets": 2097152,
                        "Original Hash Buckets": 2097152,
                        "Hash Batches": 1,
                        "Original Hash Batches": 1,
                        "Peak Memory Usage": 68192,
                        "Plans": [
                          {
                            "Node Type": "Seq Scan",
                            "Parent Relationship": "Outer",
                            "Parallel Aware": true,
                            "Relation Name": "title",
                            "Alias": "t",
                            "Startup Cost": 0.0,
                            "Total Cost": 54588.39,
                            "Plan Rows": 785335,
                            "Plan Width": 4,
                            "Actual Startup Time": 0.03,
                            "Actual Total Time": 174.479,
                            "Actual Rows": 661432,
                            "Actual Loops": 2,
                            "Filter": "(production_year > 2001)",
                            "Rows Removed by Filter": 602724
                          }
                        ]
                      }
                    ]
                  },
                  {
                    "Node Type": "Index Only Scan",
                    "Parent Relationship": "Inner",
                    "Parallel Aware": false,
                    "Scan Direction": "Forward",
                    "Index Name": "movie_id_movie_companies",
                    "Relation Name": "movie_companies",
                    "Alias": "mc",
                    "Startup Cost": 0.43,
                    "Total Cost": 0.6,
                    "Plan Rows": 5,
                    "Plan Width": 4,
                    "Actual Startup Time": 0.003,
                    "Actual Total Time": 0.005,
                    "Actual Rows": 12,
                    "Actual Loops": 23275,
                    "Index Cond": "(movie_id = t.id)",
                    "Rows Removed by Index Recheck": 0,
                    "Heap Fetches": 278438
                  }
                ]
              }
            ]
          }
        ]
      }
    ]
  },
  "Planning Time": 1.161,
  "Triggers": [],
  "Execution Time": 516.913
}