[
  {
    "Plan": {
      "Node Type": "Aggregate",
      "Strategy": "Plain",
      "Partial Mode": "Finalize",
      "Parallel Aware": false,
      "Startup Cost": 345985.48,
      "Total Cost": 345985.49,
      "Plan Rows": 1,
      "Plan Width": 8,
      "Actual Startup Time": 508.541,
      "Actual Total Time": 530.969,
      "Actual Rows": 1,
      "Actual Loops": 1,
      "Plans": [
        {
          "Node Type": "Gather",
          "Parent Relationship": "Outer",
          "Parallel Aware": false,
          "Startup Cost": 345984.86,
          "Total Cost": 345985.47,
          "Plan Rows": 6,
          "Plan Width": 8,
          "Actual Startup Time": 508.385,
          "Actual Total Time": 530.959,
          "Actual Rows": 7,
          "Actual Loops": 1,
          "Workers Planned": 6,
          "Workers Launched": 6,
          "Single Copy": false,
          "Plans": [
            {
              "Node Type": "Aggregate",
              "Strategy": "Plain",
              "Partial Mode": "Partial",
              "Parent Relationship": "Outer",
              "Parallel Aware": false,
              "Startup Cost": 344984.86,
              "Total Cost": 344984.87,
              "Plan Rows": 1,
              "Plan Width": 8,
              "Actual Startup Time": 501.339,
              "Actual Total Time": 501.342,
              "Actual Rows": 1,
              "Actual Loops": 7,
              "Plans": [
                {
                  "Node Type": "Index Scan",
                  "Parent Relationship": "Outer",
                  "Parallel Aware": true,
                  "Scan Direction": "Forward",
                  "Index Name": "role_id_cast_info",
                  "Relation Name": "cast_info",
                  "Alias": "ci",
                  "Startup Cost": 0.56,
                  "Total Cost": 341155.22,
                  "Plan Rows": 1531856,
                  "Plan Width": 0,
                  "Actual Startup Time": 253.942,
                  "Actual Total Time": 453.109,
                  "Actual Rows": 775852,
                  "Actual Loops": 7,
                  "Index Cond": "(role_id = 1)",
                  "Rows Removed by Index Recheck": 0,
                  "Filter": "(person_id > 989134)",
                  "Rows Removed by Filter": 1034246
                }
              ]
            }
          ]
        }
      ]
    },
    "Planning Time": 0.052,
    "Triggers": [],
    "Execution Time": 531.0
  }
]