[
  {
    "Plan": {
      "Node Type": "Aggregate",
      "Strategy": "Plain",
      "Partial Mode": "Finalize",
      "Parallel Aware": false,
      "Startup Cost": 107382.06,
      "Total Cost": 107382.07,
      "Plan Rows": 1,
      "Plan Width": 8,
      "Actual Startup Time": 793.421,
      "Actual Total Time": 812.392,
      "Actual Rows": 1,
      "Actual Loops": 1,
      "Plans": [
        {
          "Node Type": "Gather",
          "Parent Relationship": "Outer",
          "Parallel Aware": false,
          "Startup Cost": 107381.84,
          "Total Cost": 107382.05,
          "Plan Rows": 2,
          "Plan Width": 8,
          "Actual Startup Time": 783.439,
          "Actual Total Time": 812.383,
          "Actual Rows": 3,
          "Actual Loops": 1,
          "Workers Planned": 2,
          "Workers Launched": 2,
          "Single Copy": false,
          "Plans": [
            {
              "Node Type": "Aggregate",
              "Strategy": "Plain",
              "Partial Mode": "Partial",
              "Parent Relationship": "Outer",
              "Parallel Aware": false,
              "Startup Cost": 106381.84,
              "Total Cost": 106381.85,
              "Plan Rows": 1,
              "Plan Width": 8,
              "Actual Startup Time": 779.743,
              "Actual Total Time": 779.749,
              "Actual Rows": 1,
              "Actual Loops": 3,
              "Plans": [
                {
                  "Node Type": "Hash Join",
                  "Parent Relationship": "Outer",
                  "Parallel Aware": true,
                  "Join Type": "Inner",
                  "Startup Cost": 89882.94,
                  "Total Cost": 106094.79,
                  "Plan Rows": 114822,
                  "Plan Width": 0,
                  "Actual Startup Time": 645.28,
                  "Actual Total Time": 765.275,
                  "Actual Rows": 337195,
                  "Actual Loops": 3,
                  "Inner Unique": false,
                  "Hash Cond": "(mi_idx.movie_id = t.id)",
                  "Plans": [
                    {
                      "Node Type": "Seq Scan",
                      "Parent Relationship": "Outer",
                      "Parallel Aware": true,
                      "Relation Name": "movie_info_idx",
                      "Alias": "mi_idx",
                      "Startup Cost": 0.0,
                      "Total Cost": 13685.15,
                      "Plan Rows": 575015,
                      "Plan Width": 4,
                      "Actual Startup Time": 0.014,
                      "Actual Total Time": 36.126,
                      "Actual Rows": 460012,
                      "Actual Loops": 3
                    },
                    {
                      "Node Type": "Hash",
                      "Parent Relationship": "Inner",
                      "Parallel Aware": true,
                      "Startup Cost": 87847.09,
                      "Total Cost": 87847.09,
                      "Plan Rows": 162868,
                      "Plan Width": 8,
                      "Actual Startup Time": 643.223,
                      "Actual Total Time": 643.227,
                      "Actual Rows": 167545,
                      "Actual Loops": 3,
                      "Hash Buckets": 524288,
                      "Original Hash Buckets": 524288,
                      "Hash Batches": 1,
                      "Original Hash Batches": 1,
                      "Peak Memory Usage": 23808,
                      "Plans": [
                        {
                          "Node Type": "Hash Join",
                          "Parent Relationship": "Outer",
                          "Parallel Aware": true,
                          "Join Type": "Inner",
                          "Startup Cost": 60929.71,
                          "Total Cost": 87847.09,
                          "Plan Rows": 162868,
                          "Plan Width": 8,
                          "Actual Startup Time": 467.165,
                          "Actual Total Time": 596.732,
                          "Actual Rows": 167545,
                          "Actual Loops": 3,
                          "Inner Unique": true,
                          "Hash Cond": "(mk.movie_id = t.id)",
                          "Plans": [
                            {
                              "Node Type": "Bitmap Heap Scan",
                              "Parent Relationship": "Outer",
                              "Parallel Aware": true,
                              "Relation Name": "movie_keyword",
                              "Alias": "mk",
                              "Startup Cost": 10709.33,
                              "Total Cost": 37199.18,
                              "Plan Rows": 162868,
                              "Plan Width": 4,
                              "Actual Startup Time": 29.904,
                              "Actual Total Time": 92.507,
                              "Actual Rows": 167545,
                              "Actual Loops": 3,
                              "Recheck Cond": "(keyword_id < 365)",
                              "Rows Removed by Index Recheck": 0,
                              "Exact Heap Blocks": 9303,
                              "Lossy Heap Blocks": 0,
                              "Plans": [
                                {
                                  "Node Type": "Bitmap Index Scan",
                                  "Parent Relationship": "Outer",
                                  "Parallel Aware": false,
                                  "Index Name": "keyword_id_movie_keyword",
                                  "Startup Cost": 0.0,
                                  "Total Cost": 10583.11,
                                  "Plan Rows": 504890,
                                  "Plan Width": 0,
                                  "Actual Startup Time": 26.403,
                                  "Actual Total Time": 26.403,
                                  "Actual Rows": 502634,
                                  "Actual Loops": 1,
                                  "Index Cond": "(keyword_id < 365)"
                                }
                              ]
                            },
                            {
                              "Node Type": "Hash",
                              "Parent Relationship": "Inner",
                              "Parallel Aware": true,
                              "Startup Cost": 42319.06,
                              "Total Cost": 42319.06,
                              "Plan Rows": 632106,
                              "Plan Width": 4,
                              "Actual Startup Time": 425.364,
                              "Actual Total Time": 425.364,
                              "Actual Rows": 842771,
                              "Actual Loops": 3,
                              "Hash Buckets": 4194304,
                              "Original Hash Buckets": 4194304,
                              "Hash Batches": 1,
                              "Original Hash Batches": 1,
                              "Peak Memory Usage": 131744,
                              "Plans": [
                                {
                                  "Node Type": "Seq Scan",
                                  "Parent Relationship": "Outer",
                                  "Parallel Aware": true,
                                  "Relation Name": "title",
                                  "Alias": "t",
                                  "Startup Cost": 0.0,
                                  "Total Cost": 42319.06,
                                  "Plan Rows": 632106,
                                  "Plan Width": 4,
                                  "Actual Startup Time": 0.031,
                                  "Actual Total Time": 120.913,
                                  "Actual Rows": 842771,
                                  "Actual Loops": 3
                                }
                              ]
                            }
                          ]
                        }
                      ]
                    }
                  ]
                }
              ]
            }
          ]
        }
      ]
    },
    "Planning Time": 0.416,
    "Triggers": [],
    "Execution Time": 812.445
  }
]