[
  {
    "Plan": {
      "Node Type": "Aggregate",
      "Strategy": "Plain",
      "Partial Mode": "Finalize",
      "Parallel Aware": false,
      "Startup Cost": 33153.7,
      "Total Cost": 33153.71,
      "Plan Rows": 1,
      "Plan Width": 8,
      "Actual Startup Time": 115.269,
      "Actual Total Time": 124.8,
      "Actual Rows": 1,
      "Actual Loops": 1,
      "Plans": [
        {
          "Node Type": "Gather",
          "Parent Relationship": "Outer",
          "Parallel Aware": false,
          "Startup Cost": 33153.39,
          "Total Cost": 33153.7,
          "Plan Rows": 3,
          "Plan Width": 8,
          "Actual Startup Time": 115.146,
          "Actual Total Time": 124.792,
          "Actual Rows": 4,
          "Actual Loops": 1,
          "Workers Planned": 3,
          "Workers Launched": 3,
          "Single Copy": false,
          "Plans": [
            {
              "Node Type": "Aggregate",
              "Strategy": "Plain",
              "Partial Mode": "Partial",
              "Parent Relationship": "Outer",
              "Parallel Aware": false,
              "Startup Cost": 32153.39,
              "Total Cost": 32153.4,
              "Plan Rows": 1,
              "Plan Width": 8,
              "Actual Startup Time": 108.379,
              "Actual Total Time": 108.38,
              "Actual Rows": 1,
              "Actual Loops": 4,
              "Plans": [
                {
                  "Node Type": "Seq Scan",
                  "Parent Relationship": "Outer",
                  "Parallel Aware": true,
                  "Relation Name": "movie_companies",
                  "Alias": "mc",
                  "Startup Cost": 0.0,
                  "Total Cost": 31414.82,
                  "Plan Rows": 295427,
                  "Plan Width": 0,
                  "Actual Startup Time": 45.443,
                  "Actual Total Time": 92.663,
                  "Actual Rows": 274359,
                  "Actual Loops": 4,
                  "Filter": "((company_id > 1924) AND (company_type_id = 2))",
                  "Rows Removed by Filter": 377923
                }
              ]
            }
          ]
        }
      ]
    },
    "Planning Time": 0.228,
    "Triggers": [],
    "Execution Time": 124.859
  }
]