[
  {
    "Plan": {
      "Node Type": "Aggregate",
      "Strategy": "Plain",
      "Partial Mode": "Finalize",
      "Parallel Aware": false,
      "Startup Cost": 45407.73,
      "Total Cost": 45407.74,
      "Plan Rows": 1,
      "Plan Width": 8,
      "Actual Startup Time": 150.581,
      "Actual Total Time": 160.756,
      "Actual Rows": 1,
      "Actual Loops": 1,
      "Plans": [
        {
          "Node Type": "Gather",
          "Parent Relationship": "Outer",
          "Parallel Aware": false,
          "Startup Cost": 45407.42,
          "Total Cost": 45407.73,
          "Plan Rows": 3,
          "Plan Width": 8,
          "Actual Startup Time": 150.464,
          "Actual Total Time": 160.746,
          "Actual Rows": 4,
          "Actual Loops": 1,
          "Workers Planned": 3,
          "Workers Launched": 3,
          "Single Copy": false,
          "Plans": [
            {
              "Node Type": "Aggregate",
              "Strategy": "Plain",
              "Partial Mode": "Partial",
              "Parent Relationship": "Outer",
              "Parallel Aware": false,
              "Startup Cost": 44407.42,
              "Total Cost": 44407.43,
              "Plan Rows": 1,
              "Plan Width": 8,
              "Actual Startup Time": 142.848,
              "Actual Total Time": 142.849,
              "Actual Rows": 1,
              "Actual Loops": 4,
              "Plans": [
                {
                  "Node Type": "Seq Scan",
                  "Parent Relationship": "Outer",
                  "Parallel Aware": true,
                  "Relation Name": "movie_keyword",
                  "Alias": "mk",
                  "Startup Cost": 0.0,
                  "Total Cost": 42695.65,
                  "Plan Rows": 684705,
                  "Plan Width": 0,
                  "Actual Startup Time": 0.056,
                  "Actual Total Time": 117.648,
                  "Actual Rows": 531088,
                  "Actual Loops": 4,
                  "Filter": "(keyword_id < 3913)",
                  "Rows Removed by Filter": 599894
                }
              ]
            }
          ]
        }
      ]
    },
    "Planning Time": 0.192,
    "Triggers": [],
    "Execution Time": 160.816
  }
]