[
    {
        "Bao": {
            "Bao prediction": "NaN",
            "Bao recommended hint": "(no hint)"
        }
    },
    {
        "Plan": {
            "Node Type": "Aggregate",
            "Strategy": "Plain",
            "Partial Mode": "Finalize",
            "Parallel Aware": false,
            "Startup Cost": 163712.11,
            "Total Cost": 163712.12,
            "Plan Rows": 1,
            "Plan Width": 8,
            "Actual Startup Time": 288.356,
            "Actual Total Time": 300.169,
            "Actual Rows": 1,
            "Actual Loops": 1,
            "Output": [
                "count(*)"
            ],
            "Plans": [
                {
                    "Node Type": "Gather",
                    "Parent Relationship": "Outer",
                    "Parallel Aware": false,
                    "Startup Cost": 163711.58,
                    "Total Cost": 163712.09,
                    "Plan Rows": 5,
                    "Plan Width": 8,
                    "Actual Startup Time": 288.138,
                    "Actual Total Time": 300.16,
                    "Actual Rows": 6,
                    "Actual Loops": 1,
                    "Output": [
                        "(PARTIAL count(*))"
                    ],
                    "Workers Planned": 5,
                    "Workers Launched": 5,
                    "Single Copy": false,
                    "Plans": [
                        {
                            "Node Type": "Aggregate",
                            "Strategy": "Plain",
                            "Partial Mode": "Partial",
                            "Parent Relationship": "Outer",
                            "Parallel Aware": false,
                            "Startup Cost": 162711.58,
                            "Total Cost": 162711.59,
                            "Plan Rows": 1,
                            "Plan Width": 8,
                            "Actual Startup Time": 278.042,
                            "Actual Total Time": 278.045,
                            "Actual Rows": 1,
                            "Actual Loops": 6,
                            "Output": [
                                "PARTIAL count(*)"
                            ],
                            "Workers": [
                                {
                                    "Worker Number": 0,
                                    "Actual Startup Time": 275.394,
                                    "Actual Total Time": 275.397,
                                    "Actual Rows": 1,
                                    "Actual Loops": 1
                                },
                                {
                                    "Worker Number": 1,
                                    "Actual Startup Time": 275.435,
                                    "Actual Total Time": 275.441,
                                    "Actual Rows": 1,
                                    "Actual Loops": 1
                                },
                                {
                                    "Worker Number": 2,
                                    "Actual Startup Time": 276.349,
                                    "Actual Total Time": 276.352,
                                    "Actual Rows": 1,
                                    "Actual Loops": 1
                                },
                                {
                                    "Worker Number": 3,
                                    "Actual Startup Time": 276.35,
                                    "Actual Total Time": 276.352,
                                    "Actual Rows": 1,
                                    "Actual Loops": 1
                                },
                                {
                                    "Worker Number": 4,
                                    "Actual Startup Time": 276.931,
                                    "Actual Total Time": 276.934,
                                    "Actual Rows": 1,
                                    "Actual Loops": 1
                                }
                            ],
                            "Plans": [
                                {
                                    "Node Type": "Hash Join",
                                    "Parent Relationship": "Outer",
                                    "Parallel Aware": true,
                                    "Join Type": "Inner",
                                    "Startup Cost": 45506.44,
                                    "Total Cost": 162706.75,
                                    "Plan Rows": 1934,
                                    "Plan Width": 0,
                                    "Actual Startup Time": 74.728,
                                    "Actual Total Time": 277.944,
                                    "Actual Rows": 1368,
                                    "Actual Loops": 6,
                                    "Inner Unique": true,
                                    "Hash Cond": "(ci.movie_id = t.id)",
                                    "Workers": [
                                        {
                                            "Worker Number": 0,
                                            "Actual Startup Time": 72.016,
                                            "Actual Total Time": 275.3,
                                            "Actual Rows": 1416,
                                            "Actual Loops": 1
                                        },
                                        {
                                            "Worker Number": 1,
                                            "Actual Startup Time": 72.061,
                                            "Actual Total Time": 275.348,
                                            "Actual Rows": 1285,
                                            "Actual Loops": 1
                                        },
                                        {
                                            "Worker Number": 2,
                                            "Actual Startup Time": 73.803,
                                            "Actual Total Time": 276.248,
                                            "Actual Rows": 988,
                                            "Actual Loops": 1
                                        },
                                        {
                                            "Worker Number": 3,
                                            "Actual Startup Time": 73.392,
                                            "Actual Total Time": 276.232,
                                            "Actual Rows": 1801,
                                            "Actual Loops": 1
                                        },
                                        {
                                            "Worker Number": 4,
                                            "Actual Startup Time": 73.583,
                                            "Actual Total Time": 276.844,
                                            "Actual Rows": 1230,
                                            "Actual Loops": 1
                                        }
                                    ],
                                    "Plans": [
                                        {
                                            "Node Type": "Index Scan",
                                            "Parent Relationship": "Outer",
                                            "Parallel Aware": true,
                                            "Scan Direction": "Forward",
                                            "Index Name": "role_id_cast_info",
                                            "Relation Name": "cast_info",
                                            "Schema": "public",
                                            "Alias": "ci",
                                            "Startup Cost": 0.56,
                                            "Total Cost": 115696.32,
                                            "Plan Rows": 573167,
                                            "Plan Width": 4,
                                            "Actual Startup Time": 0.16,
                                            "Actual Total Time": 147.675,
                                            "Actual Rows": 644126,
                                            "Actual Loops": 6,
                                            "Output": [
                                                "ci.id",
                                                "ci.person_id",
                                                "ci.movie_id",
                                                "ci.person_role_id",
                                                "ci.note",
                                                "ci.nr_order",
                                                "ci.role_id"
                                            ],
                                            "Index Cond": "(ci.role_id = 10)",
                                            "Rows Removed by Index Recheck": 0,
                                            "Filter": "(ci.person_id > 1161156)",
                                            "Rows Removed by Filter": 76377,
                                            "Workers": [
                                                {
                                                    "Worker Number": 0,
                                                    "Actual Startup Time": 0.086,
                                                    "Actual Total Time": 147.569,
                                                    "Actual Rows": 678331,
                                                    "Actual Loops": 1
                                                },
                                                {
                                                    "Worker Number": 1,
                                                    "Actual Startup Time": 0.121,
                                                    "Actual Total Time": 147.66,
                                                    "Actual Rows": 675560,
                                                    "Actual Loops": 1
                                                },
                                                {
                                                    "Worker Number": 2,
                                                    "Actual Startup Time": 0.358,
                                                    "Actual Total Time": 147.884,
                                                    "Actual Rows": 428271,
                                                    "Actual Loops": 1
                                                },
                                                {
                                                    "Worker Number": 3,
                                                    "Actual Startup Time": 0.078,
                                                    "Actual Total Time": 147.724,
                                                    "Actual Rows": 682577,
                                                    "Actual Loops": 1
                                                },
                                                {
                                                    "Worker Number": 4,
                                                    "Actual Startup Time": 0.292,
                                                    "Actual Total Time": 148.739,
                                                    "Actual Rows": 663425,
                                                    "Actual Loops": 1
                                                }
                                            ]
                                        },
                                        {
                                            "Node Type": "Hash",
                                            "Parent Relationship": "Inner",
                                            "Parallel Aware": true,
                                            "Startup Cost": 45479.21,
                                            "Total Cost": 45479.21,
                                            "Plan Rows": 2133,
                                            "Plan Width": 4,
                                            "Actual Startup Time": 72.837,
                                            "Actual Total Time": 72.838,
                                            "Actual Rows": 1396,
                                            "Actual Loops": 6,
                                            "Output": [
                                                "t.id"
                                            ],
                                            "Hash Buckets": 16384,
                                            "Original Hash Buckets": 16384,
                                            "Hash Batches": 1,
                                            "Original Hash Batches": 1,
                                            "Peak Memory Usage": 608,
                                            "Workers": [
                                                {
                                                    "Worker Number": 0,
                                                    "Actual Startup Time": 70.178,
                                                    "Actual Total Time": 70.18,
                                                    "Actual Rows": 1040,
                                                    "Actual Loops": 1
                                                },
                                                {
                                                    "Worker Number": 1,
                                                    "Actual Startup Time": 70.173,
                                                    "Actual Total Time": 70.178,
                                                    "Actual Rows": 1004,
                                                    "Actual Loops": 1
                                                },
                                                {
                                                    "Worker Number": 2,
                                                    "Actual Startup Time": 71.134,
                                                    "Actual Total Time": 71.135,
                                                    "Actual Rows": 835,
                                                    "Actual Loops": 1
                                                },
                                                {
                                                    "Worker Number": 3,
                                                    "Actual Startup Time": 71.137,
                                                    "Actual Total Time": 71.138,
                                                    "Actual Rows": 1041,
                                                    "Actual Loops": 1
                                                },
                                                {
                                                    "Worker Number": 4,
                                                    "Actual Startup Time": 71.701,
                                                    "Actual Total Time": 71.702,
                                                    "Actual Rows": 1111,
                                                    "Actual Loops": 1
                                                }
                                            ],
                                            "Plans": [
                                                {
                                                    "Node Type": "Seq Scan",
                                                    "Parent Relationship": "Outer",
                                                    "Parallel Aware": true,
                                                    "Relation Name": "title",
                                                    "Schema": "public",
                                                    "Alias": "t",
                                                    "Startup Cost": 0.0,
                                                    "Total Cost": 45479.21,
                                                    "Plan Rows": 2133,
                                                    "Plan Width": 4,
                                                    "Actual Startup Time": 0.141,
                                                    "Actual Total Time": 71.901,
                                                    "Actual Rows": 1396,
                                                    "Actual Loops": 6,
                                                    "Output": [
                                                        "t.id"
                                                    ],
                                                    "Filter": "((t.kind_id = 7) AND (t.production_year = 1979))",
                                                    "Rows Removed by Filter": 419989,
                                                    "Workers": [
                                                        {
                                                            "Worker Number": 0,
                                                            "Actual Startup Time": 0.289,
                                                            "Actual Total Time": 69.282,
                                                            "Actual Rows": 1040,
                                                            "Actual Loops": 1
                                                        },
                                                        {
                                                            "Worker Number": 1,
                                                            "Actual Startup Time": 0.213,
                                                            "Actual Total Time": 69.293,
                                                            "Actual Rows": 1004,
                                                            "Actual Loops": 1
                                                        },
                                                        {
                                                            "Worker Number": 2,
                                                            "Actual Startup Time": 0.181,
                                                            "Actual Total Time": 70.236,
                                                            "Actual Rows": 835,
                                                            "Actual Loops": 1
                                                        },
                                                        {
                                                            "Worker Number": 3,
                                                            "Actual Startup Time": 0.07,
                                                            "Actual Total Time": 70.222,
                                                            "Actual Rows": 1041,
                                                            "Actual Loops": 1
                                                        },
                                                        {
                                                            "Worker Number": 4,
                                                            "Actual Startup Time": 0.062,
                                                            "Actual Total Time": 70.771,
                                                            "Actual Rows": 1111,
                                                            "Actual Loops": 1
                                                        }
                                                    ]
                                                }
                                            ]
                                        }
                                    ]
                                }
                            ]
                        }
                    ]
                }
            ]
        },
        "Planning Time": 195.23,
        "Triggers": [],
        "Execution Time": 300.229
    }
]