[
    {
        "Bao": {
            "Bao prediction": "NaN",
            "Bao recommended hint": "(no hint)"
        }
    },
    {
        "Plan": {
            "Node Type": "Aggregate",
            "Strategy": "Plain",
            "Partial Mode": "Finalize",
            "Parallel Aware": false,
            "Startup Cost": 398167.55,
            "Total Cost": 398167.56,
            "Plan Rows": 1,
            "Plan Width": 8,
            "Actual Startup Time": 869.688,
            "Actual Total Time": 899.494,
            "Actual Rows": 1,
            "Actual Loops": 1,
            "Output": [
                "count(*)"
            ],
            "Plans": [
                {
                    "Node Type": "Gather",
                    "Parent Relationship": "Outer",
                    "Parallel Aware": false,
                    "Startup Cost": 398166.93,
                    "Total Cost": 398167.54,
                    "Plan Rows": 6,
                    "Plan Width": 8,
                    "Actual Startup Time": 869.377,
                    "Actual Total Time": 899.485,
                    "Actual Rows": 7,
                    "Actual Loops": 1,
                    "Output": [
                        "(PARTIAL count(*))"
                    ],
                    "Workers Planned": 6,
                    "Workers Launched": 6,
                    "Single Copy": false,
                    "Plans": [
                        {
                            "Node Type": "Aggregate",
                            "Strategy": "Plain",
                            "Partial Mode": "Partial",
                            "Parent Relationship": "Outer",
                            "Parallel Aware": false,
                            "Startup Cost": 397166.93,
                            "Total Cost": 397166.94,
                            "Plan Rows": 1,
                            "Plan Width": 8,
                            "Actual Startup Time": 859.355,
                            "Actual Total Time": 859.358,
                            "Actual Rows": 1,
                            "Actual Loops": 7,
                            "Output": [
                                "PARTIAL count(*)"
                            ],
                            "Workers": [
                                {
                                    "Worker Number": 0,
                                    "Actual Startup Time": 856.924,
                                    "Actual Total Time": 856.927,
                                    "Actual Rows": 1,
                                    "Actual Loops": 1
                                },
                                {
                                    "Worker Number": 1,
                                    "Actual Startup Time": 857.238,
                                    "Actual Total Time": 857.241,
                                    "Actual Rows": 1,
                                    "Actual Loops": 1
                                },
                                {
                                    "Worker Number": 2,
                                    "Actual Startup Time": 857.486,
                                    "Actual Total Time": 857.488,
                                    "Actual Rows": 1,
                                    "Actual Loops": 1
                                },
                                {
                                    "Worker Number": 3,
                                    "Actual Startup Time": 858.052,
                                    "Actual Total Time": 858.054,
                                    "Actual Rows": 1,
                                    "Actual Loops": 1
                                },
                                {
                                    "Worker Number": 4,
                                    "Actual Startup Time": 858.299,
                                    "Actual Total Time": 858.301,
                                    "Actual Rows": 1,
                                    "Actual Loops": 1
                                },
                                {
                                    "Worker Number": 5,
                                    "Actual Startup Time": 858.462,
                                    "Actual Total Time": 858.464,
                                    "Actual Rows": 1,
                                    "Actual Loops": 1
                                }
                            ],
                            "Plans": [
                                {
                                    "Node Type": "Hash Join",
                                    "Parent Relationship": "Outer",
                                    "Parallel Aware": true,
                                    "Join Type": "Inner",
                                    "Startup Cost": 45875.11,
                                    "Total Cost": 396803.78,
                                    "Plan Rows": 145258,
                                    "Plan Width": 0,
                                    "Actual Startup Time": 244.363,
                                    "Actual Total Time": 859.134,
                                    "Actual Rows": 2963,
                                    "Actual Loops": 7,
                                    "Inner Unique": true,
                                    "Hash Cond": "(ci.movie_id = t.id)",
                                    "Workers": [
                                        {
                                            "Worker Number": 0,
                                            "Actual Startup Time": 241.335,
                                            "Actual Total Time": 856.692,
                                            "Actual Rows": 1961,
                                            "Actual Loops": 1
                                        },
                                        {
                                            "Worker Number": 1,
                                            "Actual Startup Time": 241.257,
                                            "Actual Total Time": 857.021,
                                            "Actual Rows": 3037,
                                            "Actual Loops": 1
                                        },
                                        {
                                            "Worker Number": 2,
                                            "Actual Startup Time": 242.849,
                                            "Actual Total Time": 857.261,
                                            "Actual Rows": 2970,
                                            "Actual Loops": 1
                                        },
                                        {
                                            "Worker Number": 3,
                                            "Actual Startup Time": 241.833,
                                            "Actual Total Time": 857.824,
                                            "Actual Rows": 3125,
                                            "Actual Loops": 1
                                        },
                                        {
                                            "Worker Number": 4,
                                            "Actual Startup Time": 242.365,
                                            "Actual Total Time": 858.081,
                                            "Actual Rows": 3014,
                                            "Actual Loops": 1
                                        },
                                        {
                                            "Worker Number": 5,
                                            "Actual Startup Time": 244.543,
                                            "Actual Total Time": 858.242,
                                            "Actual Rows": 2866,
                                            "Actual Loops": 1
                                        }
                                    ],
                                    "Plans": [
                                        {
                                            "Node Type": "Seq Scan",
                                            "Parent Relationship": "Outer",
                                            "Parallel Aware": true,
                                            "Relation Name": "cast_info",
                                            "Schema": "public",
                                            "Alias": "ci",
                                            "Startup Cost": 0.0,
                                            "Total Cost": 343318.94,
                                            "Plan Rows": 2898942,
                                            "Plan Width": 4,
                                            "Actual Startup Time": 173.027,
                                            "Actual Total Time": 615.512,
                                            "Actual Rows": 2287116,
                                            "Actual Loops": 7,
                                            "Output": [
                                                "ci.id",
                                                "ci.person_id",
                                                "ci.movie_id",
                                                "ci.person_role_id",
                                                "ci.note",
                                                "ci.nr_order",
                                                "ci.role_id"
                                            ],
                                            "Filter": "((ci.person_id > 1613591) AND (ci.role_id < 10))",
                                            "Rows Removed by Filter": 2890647,
                                            "Workers": [
                                                {
                                                    "Worker Number": 0,
                                                    "Actual Startup Time": 173.019,
                                                    "Actual Total Time": 614.597,
                                                    "Actual Rows": 1521079,
                                                    "Actual Loops": 1
                                                },
                                                {
                                                    "Worker Number": 1,
                                                    "Actual Startup Time": 172.989,
                                                    "Actual Total Time": 617.991,
                                                    "Actual Rows": 2336484,
                                                    "Actual Loops": 1
                                                },
                                                {
                                                    "Worker Number": 2,
                                                    "Actual Startup Time": 173.017,
                                                    "Actual Total Time": 614.091,
                                                    "Actual Rows": 2290682,
                                                    "Actual Loops": 1
                                                },
                                                {
                                                    "Worker Number": 3,
                                                    "Actual Startup Time": 173.008,
                                                    "Actual Total Time": 618.7,
                                                    "Actual Rows": 2348679,
                                                    "Actual Loops": 1
                                                },
                                                {
                                                    "Worker Number": 4,
                                                    "Actual Startup Time": 172.994,
                                                    "Actual Total Time": 616.965,
                                                    "Actual Rows": 2332867,
                                                    "Actual Loops": 1
                                                },
                                                {
                                                    "Worker Number": 5,
                                                    "Actual Startup Time": 173.023,
                                                    "Actual Total Time": 613.596,
                                                    "Actual Rows": 2336313,
                                                    "Actual Loops": 1
                                                }
                                            ]
                                        },
                                        {
                                            "Node Type": "Hash",
                                            "Parent Relationship": "Inner",
                                            "Parallel Aware": true,
                                            "Startup Cost": 45479.21,
                                            "Total Cost": 45479.21,
                                            "Plan Rows": 31672,
                                            "Plan Width": 4,
                                            "Actual Startup Time": 69.139,
                                            "Actual Total Time": 69.14,
                                            "Actual Rows": 1188,
                                            "Actual Loops": 7,
                                            "Output": [
                                                "t.id"
                                            ],
                                            "Hash Buckets": 131072,
                                            "Original Hash Buckets": 131072,
                                            "Hash Batches": 1,
                                            "Original Hash Batches": 1,
                                            "Peak Memory Usage": 1504,
                                            "Workers": [
                                                {
                                                    "Worker Number": 0,
                                                    "Actual Startup Time": 66.734,
                                                    "Actual Total Time": 66.734,
                                                    "Actual Rows": 740,
                                                    "Actual Loops": 1
                                                },
                                                {
                                                    "Worker Number": 1,
                                                    "Actual Startup Time": 67.064,
                                                    "Actual Total Time": 67.065,
                                                    "Actual Rows": 926,
                                                    "Actual Loops": 1
                                                },
                                                {
                                                    "Worker Number": 2,
                                                    "Actual Startup Time": 67.296,
                                                    "Actual Total Time": 67.297,
                                                    "Actual Rows": 880,
                                                    "Actual Loops": 1
                                                },
                                                {
                                                    "Worker Number": 3,
                                                    "Actual Startup Time": 67.862,
                                                    "Actual Total Time": 67.863,
                                                    "Actual Rows": 985,
                                                    "Actual Loops": 1
                                                },
                                                {
                                                    "Worker Number": 4,
                                                    "Actual Startup Time": 68.118,
                                                    "Actual Total Time": 68.119,
                                                    "Actual Rows": 938,
                                                    "Actual Loops": 1
                                                },
                                                {
                                                    "Worker Number": 5,
                                                    "Actual Startup Time": 68.277,
                                                    "Actual Total Time": 68.278,
                                                    "Actual Rows": 967,
                                                    "Actual Loops": 1
                                                }
                                            ],
                                            "Plans": [
                                                {
                                                    "Node Type": "Seq Scan",
                                                    "Parent Relationship": "Outer",
                                                    "Parallel Aware": true,
                                                    "Relation Name": "title",
                                                    "Schema": "public",
                                                    "Alias": "t",
                                                    "Startup Cost": 0.0,
                                                    "Total Cost": 45479.21,
                                                    "Plan Rows": 31672,
                                                    "Plan Width": 4,
                                                    "Actual Startup Time": 0.314,
                                                    "Actual Total Time": 68.093,
                                                    "Actual Rows": 1188,
                                                    "Actual Loops": 7,
                                                    "Output": [
                                                        "t.id"
                                                    ],
                                                    "Filter": "((t.kind_id > 1) AND (t.production_year < 1952))",
                                                    "Rows Removed by Filter": 359999,
                                                    "Workers": [
                                                        {
                                                            "Worker Number": 0,
                                                            "Actual Startup Time": 0.124,
                                                            "Actual Total Time": 65.721,
                                                            "Actual Rows": 740,
                                                            "Actual Loops": 1
                                                        },
                                                        {
                                                            "Worker Number": 1,
                                                            "Actual Startup Time": 0.642,
                                                            "Actual Total Time": 66.071,
                                                            "Actual Rows": 926,
                                                            "Actual Loops": 1
                                                        },
                                                        {
                                                            "Worker Number": 2,
                                                            "Actual Startup Time": 0.378,
                                                            "Actual Total Time": 66.188,
                                                            "Actual Rows": 880,
                                                            "Actual Loops": 1
                                                        },
                                                        {
                                                            "Worker Number": 3,
                                                            "Actual Startup Time": 0.939,
                                                            "Actual Total Time": 66.824,
                                                            "Actual Rows": 985,
                                                            "Actual Loops": 1
                                                        },
                                                        {
                                                            "Worker Number": 4,
                                                            "Actual Startup Time": 0.063,
                                                            "Actual Total Time": 67.059,
                                                            "Actual Rows": 938,
                                                            "Actual Loops": 1
                                                        },
                                                        {
                                                            "Worker Number": 5,
                                                            "Actual Startup Time": 0.041,
                                                            "Actual Total Time": 67.195,
                                                            "Actual Rows": 967,
                                                            "Actual Loops": 1
                                                        }
                                                    ]
                                                }
                                            ]
                                        }
                                    ]
                                }
                            ]
                        }
                    ]
                }
            ]
        },
        "Planning Time": 177.259,
        "Triggers": [],
        "Execution Time": 899.549
    }
]