{
  "Plan": {
    "Node Type": "Aggregate",
    "Strategy": "Plain",
    "Partial Mode": "Finalize",
    "Parallel Aware": false,
    "Startup Cost": 661844.21,
    "Total Cost": 661844.22,
    "Plan Rows": 1,
    "Plan Width": 8,
    "Actual Startup Time": 2613.524,
    "Actual Total Time": 2664.394,
    "Actual Rows": 1,
    "Actual Loops": 1,
    "Plans": [
      {
        "Node Type": "Gather",
        "Parent Relationship": "Outer",
        "Parallel Aware": false,
        "Startup Cost": 661844.1,
        "Total Cost": 661844.21,
        "Plan Rows": 1,
        "Plan Width": 8,
        "Actual Startup Time": 2613.403,
        "Actual Total Time": 2664.385,
        "Actual Rows": 2,
        "Actual Loops": 1,
        "Workers Planned": 1,
        "Workers Launched": 1,
        "Single Copy": false,
        "Plans": [
          {
            "Node Type": "Aggregate",
            "Strategy": "Plain",
            "Partial Mode": "Partial",
            "Parent Relationship": "Outer",
            "Parallel Aware": false,
            "Startup Cost": 660844.1,
            "Total Cost": 660844.11,
            "Plan Rows": 1,
            "Plan Width": 8,
            "Actual Startup Time": 2607.742,
            "Actual Total Time": 2607.745,
            "Actual Rows": 1,
            "Actual Loops": 2,
            "Plans": [
              {
                "Node Type": "Hash Join",
                "Parent Relationship": "Outer",
                "Parallel Aware": true,
                "Join Type": "Inner",
                "Startup Cost": 58410.71,
                "Total Cost": 660684.27,
                "Plan Rows": 63929,
                "Plan Width": 0,
                "Actual Startup Time": 136.939,
                "Actual Total Time": 2604.19,
                "Actual Rows": 58064,
                "Actual Loops": 2,
                "Inner Unique": true,
                "Hash Cond": "(ci.movie_id = t.id)",
                "Plans": [
                  {
                    "Node Type": "Seq Scan",
                    "Parent Relationship": "Outer",
                    "Parallel Aware": true,
                    "Relation Name": "cast_info",
                    "Alias": "ci",
                    "Startup Cost": 0.0,
                    "Total Cost": 572345.93,
                    "Plan Rows": 11400984,
                    "Plan Width": 4,
                    "Actual Startup Time": 0.013,
                    "Actual Total Time": 1741.822,
                    "Actual Rows": 10061330,
                    "Actual Loops": 2,
                    "Filter": "((person_id < 3907519) AND (role_id < 3))",
                    "Rows Removed by Filter": 8060842
                  },
                  {
                    "Node Type": "Hash",
                    "Parent Relationship": "Inner",
                    "Parallel Aware": true,
                    "Startup Cost": 58306.47,
                    "Total Cost": 58306.47,
                    "Plan Rows": 8339,
                    "Plan Width": 4,
                    "Actual Startup Time": 135.673,
                    "Actual Total Time": 135.674,
                    "Actual Rows": 5918,
                    "Actual Loops": 2,
                    "Hash Buckets": 16384,
                    "Original Hash Buckets": 16384,
                    "Hash Batches": 1,
                    "Original Hash Batches": 1,
                    "Peak Memory Usage": 640,
                    "Plans": [
                      {
                        "Node Type": "Seq Scan",
                        "Parent Relationship": "Outer",
                        "Parallel Aware": true,
                        "Relation Name": "title",
                        "Alias": "t",
                        "Startup Cost": 0.0,
                        "Total Cost": 58306.47,
                        "Plan Rows": 8339,
                        "Plan Width": 4,
                        "Actual Startup Time": 1.028,
                        "Actual Total Time": 133.755,
                        "Actual Rows": 5918,
                        "Actual Loops": 2,
                        "Filter": "((kind_id < 7) AND (production_year = 1995))",
                        "Rows Removed by Filter": 1258238
                      }
                    ]
                  }
                ]
              }
            ]
          }
        ]
      }
    ]
  },
  "Planning Time": 0.521,
  "Triggers": [],
  "Execution Time": 2664.48
}