[
  {
    "Plan": {
      "Node Type": "Aggregate",
      "Strategy": "Plain",
      "Partial Mode": "Finalize",
      "Parallel Aware": false,
      "Startup Cost": 172965.82,
      "Total Cost": 172965.83,
      "Plan Rows": 1,
      "Plan Width": 8,
      "Actual Startup Time": 693.954,
      "Actual Total Time": 715.97,
      "Actual Rows": 1,
      "Actual Loops": 1,
      "Plans": [
        {
          "Node Type": "Gather",
          "Parent Relationship": "Outer",
          "Parallel Aware": false,
          "Startup Cost": 172965.5,
          "Total Cost": 172965.81,
          "Plan Rows": 3,
          "Plan Width": 8,
          "Actual Startup Time": 689.133,
          "Actual Total Time": 715.962,
          "Actual Rows": 4,
          "Actual Loops": 1,
          "Workers Planned": 3,
          "Workers Launched": 3,
          "Single Copy": false,
          "Plans": [
            {
              "Node Type": "Aggregate",
              "Strategy": "Plain",
              "Partial Mode": "Partial",
              "Parent Relationship": "Outer",
              "Parallel Aware": false,
              "Startup Cost": 171965.5,
              "Total Cost": 171965.51,
              "Plan Rows": 1,
              "Plan Width": 8,
              "Actual Startup Time": 676.78,
              "Actual Total Time": 677.024,
              "Actual Rows": 1,
              "Actual Loops": 4,
              "Plans": [
                {
                  "Node Type": "Hash Join",
                  "Parent Relationship": "Outer",
                  "Parallel Aware": true,
                  "Join Type": "Inner",
                  "Startup Cost": 126809.83,
                  "Total Cost": 171612.25,
                  "Plan Rows": 141300,
                  "Plan Width": 0,
                  "Actual Startup Time": 462.172,
                  "Actual Total Time": 671.882,
                  "Actual Rows": 117927,
                  "Actual Loops": 4,
                  "Inner Unique": false,
                  "Hash Cond": "(mk.movie_id = t.id)",
                  "Plans": [
                    {
                      "Node Type": "Seq Scan",
                      "Parent Relationship": "Outer",
                      "Parallel Aware": true,
                      "Relation Name": "movie_keyword",
                      "Alias": "mk",
                      "Startup Cost": 0.0,
                      "Total Cost": 39047.32,
                      "Plan Rows": 1459332,
                      "Plan Width": 4,
                      "Actual Startup Time": 0.033,
                      "Actual Total Time": 97.378,
                      "Actual Rows": 1130982,
                      "Actual Loops": 4
                    },
                    {
                      "Node Type": "Hash",
                      "Parent Relationship": "Inner",
                      "Parallel Aware": true,
                      "Startup Cost": 126197.83,
                      "Total Cost": 126197.83,
                      "Plan Rows": 48960,
                      "Plan Width": 8,
                      "Actual Startup Time": 459.746,
                      "Actual Total Time": 459.986,
                      "Actual Rows": 88079,
                      "Actual Loops": 4,
                      "Hash Buckets": 524288,
                      "Original Hash Buckets": 262144,
                      "Hash Batches": 1,
                      "Original Hash Batches": 1,
                      "Peak Memory Usage": 20000,
                      "Plans": [
                        {
                          "Node Type": "Hash Join",
                          "Parent Relationship": "Outer",
                          "Parallel Aware": true,
                          "Join Type": "Inner",
                          "Startup Cost": 48064.74,
                          "Total Cost": 126197.83,
                          "Plan Rows": 48960,
                          "Plan Width": 8,
                          "Actual Startup Time": 188.287,
                          "Actual Total Time": 422.049,
                          "Actual Rows": 88079,
                          "Actual Loops": 4,
                          "Inner Unique": true,
                          "Hash Cond": "(ci.movie_id = t.id)",
                          "Plans": [
                            {
                              "Node Type": "Index Scan",
                              "Parent Relationship": "Outer",
                              "Parallel Aware": true,
                              "Scan Direction": "Forward",
                              "Index Name": "role_id_cast_info",
                              "Relation Name": "cast_info",
                              "Alias": "ci",
                              "Startup Cost": 0.56,
                              "Total Cost": 77740.85,
                              "Plan Rows": 149640,
                              "Plan Width": 4,
                              "Actual Startup Time": 0.096,
                              "Actual Total Time": 129.981,
                              "Actual Rows": 303133,
                              "Actual Loops": 4,
                              "Index Cond": "(role_id = 4)",
                              "Rows Removed by Index Recheck": 0,
                              "Filter": "(person_id > 2761590)",
                              "Rows Removed by Filter": 379103
                            },
                            {
                              "Node Type": "Hash",
                              "Parent Relationship": "Inner",
                              "Parallel Aware": true,
                              "Startup Cost": 45479.1,
                              "Total Cost": 45479.1,
                              "Plan Rows": 206806,
                              "Plan Width": 4,
                              "Actual Startup Time": 184.478,
                              "Actual Total Time": 184.479,
                              "Actual Rows": 185580,
                              "Actual Loops": 4,
                              "Hash Buckets": 1048576,
                              "Original Hash Buckets": 1048576,
                              "Hash Batches": 1,
                              "Original Hash Batches": 1,
                              "Peak Memory Usage": 37312,
                              "Plans": [
                                {
                                  "Node Type": "Seq Scan",
                                  "Parent Relationship": "Outer",
                                  "Parallel Aware": true,
                                  "Relation Name": "title",
                                  "Alias": "t",
                                  "Startup Cost": 0.0,
                                  "Total Cost": 45479.1,
                                  "Plan Rows": 206806,
                                  "Plan Width": 4,
                                  "Actual Startup Time": 0.043,
                                  "Actual Total Time": 111.908,
                                  "Actual Rows": 185580,
                                  "Actual Loops": 4,
                                  "Filter": "((kind_id > 1) AND (production_year < 2002))",
                                  "Rows Removed by Filter": 446498
                                }
                              ]
                            }
                          ]
                        }
                      ]
                    }
                  ]
                }
              ]
            }
          ]
        }
      ]
    },
    "Planning Time": 1.403,
    "Triggers": [],
    "Execution Time": 716.06
  }
]