[
  {
    "Plan": {
      "Node Type": "Aggregate",
      "Strategy": "Plain",
      "Partial Mode": "Finalize",
      "Parallel Aware": false,
      "Startup Cost": 173065.89,
      "Total Cost": 173065.9,
      "Plan Rows": 1,
      "Plan Width": 64,
      "Actual Startup Time": 853.45,
      "Actual Total Time": 927.145,
      "Actual Rows": 1,
      "Actual Loops": 1,
      "Plans": [
        {
          "Node Type": "Gather",
          "Parent Relationship": "Outer",
          "Parallel Aware": false,
          "Startup Cost": 173065.67,
          "Total Cost": 173065.88,
          "Plan Rows": 2,
          "Plan Width": 64,
          "Actual Startup Time": 849.965,
          "Actual Total Time": 927.131,
          "Actual Rows": 3,
          "Actual Loops": 1,
          "Workers Planned": 2,
          "Workers Launched": 2,
          "Single Copy": false,
          "Plans": [
            {
              "Node Type": "Aggregate",
              "Strategy": "Plain",
              "Partial Mode": "Partial",
              "Parent Relationship": "Outer",
              "Parallel Aware": false,
              "Startup Cost": 172065.67,
              "Total Cost": 172065.68,
              "Plan Rows": 1,
              "Plan Width": 64,
              "Actual Startup Time": 840.074,
              "Actual Total Time": 840.086,
              "Actual Rows": 1,
              "Actual Loops": 3,
              "Plans": [
                {
                  "Node Type": "Nested Loop",
                  "Parent Relationship": "Outer",
                  "Parallel Aware": false,
                  "Join Type": "Inner",
                  "Startup Cost": 46344.86,
                  "Total Cost": 172065.51,
                  "Plan Rows": 32,
                  "Plan Width": 60,
                  "Actual Startup Time": 367.932,
                  "Actual Total Time": 840.024,
                  "Actual Rows": 176,
                  "Actual Loops": 3,
                  "Inner Unique": true,
                  "Plans": [
                    {
                      "Node Type": "Nested Loop",
                      "Parent Relationship": "Outer",
                      "Parallel Aware": false,
                      "Join Type": "Inner",
                      "Startup Cost": 46344.44,
                      "Total Cost": 172051.47,
                      "Plan Rows": 32,
                      "Plan Width": 64,
                      "Actual Startup Time": 367.885,
                      "Actual Total Time": 839.064,
                      "Actual Rows": 176,
                      "Actual Loops": 3,
                      "Inner Unique": false,
                      "Join Filter": "(t.id = mk.movie_id)",
                      "Rows Removed by Join Filter": 0,
                      "Plans": [
                        {
                          "Node Type": "Nested Loop",
                          "Parent Relationship": "Outer",
                          "Parallel Aware": false,
                          "Join Type": "Inner",
                          "Startup Cost": 46344.01,
                          "Total Cost": 172049.59,
                          "Plan Rows": 1,
                          "Plan Width": 76,
                          "Actual Startup Time": 362.678,
                          "Actual Total Time": 838.702,
                          "Actual Rows": 25,
                          "Actual Loops": 3,
                          "Inner Unique": true,
                          "Plans": [
                            {
                              "Node Type": "Nested Loop",
                              "Parent Relationship": "Outer",
                              "Parallel Aware": false,
                              "Join Type": "Inner",
                              "Startup Cost": 46343.88,
                              "Total Cost": 172049.43,
                              "Plan Rows": 1,
                              "Plan Width": 80,
                              "Actual Startup Time": 362.651,
                              "Actual Total Time": 838.59,
                              "Actual Rows": 25,
                              "Actual Loops": 3,
                              "Inner Unique": true,
                              "Plans": [
                                {
                                  "Node Type": "Nested Loop",
                                  "Parent Relationship": "Outer",
                                  "Parallel Aware": false,
                                  "Join Type": "Inner",
                                  "Startup Cost": 46343.46,
                                  "Total Cost": 172048.09,
                                  "Plan Rows": 3,
                                  "Plan Width": 84,
                                  "Actual Startup Time": 362.612,
                                  "Actual Total Time": 838.077,
                                  "Actual Rows": 35,
                                  "Actual Loops": 3,
                                  "Inner Unique": false,
                                  "Plans": [
                                    {
                                      "Node Type": "Hash Join",
                                      "Parent Relationship": "Outer",
                                      "Parallel Aware": false,
                                      "Join Type": "Inner",
                                      "Startup Cost": 46343.03,
                                      "Total Cost": 172047.38,
                                      "Plan Rows": 1,
                                      "Plan Width": 72,
                                      "Actual Startup Time": 339.231,
                                      "Actual Total Time": 837.737,
                                      "Actual Rows": 13,
                                      "Actual Loops": 3,
                                      "Inner Unique": true,
                                      "Hash Cond": "(mi.info_type_id = it1.id)",
                                      "Plans": [
                                        {
                                          "Node Type": "Nested Loop",
                                          "Parent Relationship": "Outer",
                                          "Parallel Aware": false,
                                          "Join Type": "Inner",
                                          "Startup Cost": 46340.6,
                                          "Total Cost": 172044.78,
                                          "Plan Rows": 61,
                                          "Plan Width": 76,
                                          "Actual Startup Time": 338.86,
                                          "Actual Total Time": 837.342,
                                          "Actual Rows": 13,
                                          "Actual Loops": 3,
                                          "Inner Unique": false,
                                          "Plans": [
                                            {
                                              "Node Type": "Hash Join",
                                              "Parent Relationship": "Outer",
                                              "Parallel Aware": true,
                                              "Join Type": "Inner",
                                              "Startup Cost": 46340.17,
                                              "Total Cost": 54433.66,
                                              "Plan Rows": 46545,
                                              "Plan Width": 25,
                                              "Actual Startup Time": 317.043,
                                              "Actual Total Time": 403.864,
                                              "Actual Rows": 12866,
                                              "Actual Loops": 3,
                                              "Inner Unique": true,
                                              "Hash Cond": "(at.movie_id = t.id)",
                                              "Plans": [
                                                {
                                                  "Node Type": "Seq Scan",
                                                  "Parent Relationship": "Outer",
                                                  "Parallel Aware": true,
                                                  "Relation Name": "aka_title",
                                                  "Alias": "at",
                                                  "Startup Cost": 0.0,
                                                  "Total Cost": 7698.13,
                                                  "Plan Rows": 150613,
                                                  "Plan Width": 4,
                                                  "Actual Startup Time": 0.028,
                                                  "Actual Total Time": 26.908,
                                                  "Actual Rows": 120491,
                                                  "Actual Loops": 3
                                                },
                                                {
                                                  "Node Type": "Hash",
                                                  "Parent Relationship": "Inner",
                                                  "Parallel Aware": true,
                                                  "Startup Cost": 43898.62,
                                                  "Total Cost": 43898.62,
                                                  "Plan Rows": 195324,
                                                  "Plan Width": 21,
                                                  "Actual Startup Time": 313.223,
                                                  "Actual Total Time": 313.224,
                                                  "Actual Rows": 261642,
                                                  "Actual Loops": 3,
                                                  "Hash Buckets": 1048576,
                                                  "Original Hash Buckets": 1048576,
                                                  "Hash Batches": 1,
                                                  "Original Hash Batches": 1,
                                                  "Peak Memory Usage": 52320,
                                                  "Plans": [
                                                    {
                                                      "Node Type": "Seq Scan",
                                                      "Parent Relationship": "Outer",
                                                      "Parallel Aware": true,
                                                      "Relation Name": "title",
                                                      "Alias": "t",
                                                      "Startup Cost": 0.0,
                                                      "Total Cost": 43898.62,
                                                      "Plan Rows": 195324,
                                                      "Plan Width": 21,
                                                      "Actual Startup Time": 0.062,
                                                      "Actual Total Time": 191.279,
                                                      "Actual Rows": 261642,
                                                      "Actual Loops": 3,
                                                      "Filter": "(production_year > 2007)",
                                                      "Rows Removed by Filter": 581129
                                                    }
                                                  ]
                                                }
                                              ]
                                            },
                                            {
                                              "Node Type": "Index Scan",
                                              "Parent Relationship": "Inner",
                                              "Parallel Aware": false,
                                              "Scan Direction": "Forward",
                                              "Index Name": "movie_id_movie_info",
                                              "Relation Name": "movie_info",
                                              "Alias": "mi",
                                              "Startup Cost": 0.43,
                                              "Total Cost": 2.52,
                                              "Plan Rows": 1,
                                              "Plan Width": 51,
                                              "Actual Startup Time": 0.033,
                                              "Actual Total Time": 0.033,
                                              "Actual Rows": 0,
                                              "Actual Loops": 38597,
                                              "Index Cond": "(movie_id = t.id)",
                                              "Rows Removed by Index Recheck": 0,
                                              "Filter": "((info IS NOT NULL) AND (note ~~ '%internet%'::text) AND ((info ~~ 'USA:% 199%'::text) OR (info ~~ 'USA:% 200%'::text)))",
                                              "Rows Removed by Filter": 31
                                            }
                                          ]
                                        },
                                        {
                                          "Node Type": "Hash",
                                          "Parent Relationship": "Inner",
                                          "Parallel Aware": false,
                                          "Startup Cost": 2.41,
                                          "Total Cost": 2.41,
                                          "Plan Rows": 1,
                                          "Plan Width": 4,
                                          "Actual Startup Time": 0.102,
                                          "Actual Total Time": 0.103,
                                          "Actual Rows": 1,
                                          "Actual Loops": 3,
                                          "Hash Buckets": 1024,
                                          "Original Hash Buckets": 1024,
                                          "Hash Batches": 1,
                                          "Original Hash Batches": 1,
                                          "Peak Memory Usage": 9,
                                          "Plans": [
                                            {
                                              "Node Type": "Seq Scan",
                                              "Parent Relationship": "Outer",
                                              "Parallel Aware": false,
                                              "Relation Name": "info_type",
                                              "Alias": "it1",
                                              "Startup Cost": 0.0,
                                              "Total Cost": 2.41,
                                              "Plan Rows": 1,
                                              "Plan Width": 4,
                                              "Actual Startup Time": 0.068,
                                              "Actual Total Time": 0.082,
                                              "Actual Rows": 1,
                                              "Actual Loops": 3,
                                              "Filter": "((info)::text = 'release dates'::text)",
                                              "Rows Removed by Filter": 112
                                            }
                                          ]
                                        }
                                      ]
                                    },
                                    {
                                      "Node Type": "Index Scan",
                                      "Parent Relationship": "Inner",
                                      "Parallel Aware": false,
                                      "Scan Direction": "Forward",
                                      "Index Name": "movie_id_movie_companies",
                                      "Relation Name": "movie_companies",
                                      "Alias": "mc",
                                      "Startup Cost": 0.43,
                                      "Total Cost": 0.66,
                                      "Plan Rows": 5,
                                      "Plan Width": 12,
                                      "Actual Startup Time": 0.021,
                                      "Actual Total Time": 0.024,
                                      "Actual Rows": 3,
                                      "Actual Loops": 38,
                                      "Index Cond": "(movie_id = t.id)",
                                      "Rows Removed by Index Recheck": 0
                                    }
                                  ]
                                },
                                {
                                  "Node Type": "Index Scan",
                                  "Parent Relationship": "Inner",
                                  "Parallel Aware": false,
                                  "Scan Direction": "Forward",
                                  "Index Name": "company_name_pkey",
                                  "Relation Name": "company_name",
                                  "Alias": "cn",
                                  "Startup Cost": 0.42,
                                  "Total Cost": 0.45,
                                  "Plan Rows": 1,
                                  "Plan Width": 4,
                                  "Actual Startup Time": 0.014,
                                  "Actual Total Time": 0.014,
                                  "Actual Rows": 1,
                                  "Actual Loops": 104,
                                  "Index Cond": "(id = mc.company_id)",
                                  "Rows Removed by Index Recheck": 0,
                                  "Filter": "((country_code)::text = '[us]'::text)",
                                  "Rows Removed by Filter": 0
                                }
                              ]
                            },
                            {
                              "Node Type": "Index Scan",
                              "Parent Relationship": "Inner",
                              "Parallel Aware": false,
                              "Scan Direction": "Forward",
                              "Index Name": "company_type_pkey",
                              "Relation Name": "company_type",
                              "Alias": "ct",
                              "Startup Cost": 0.13,
                              "Total Cost": 0.15,
                              "Plan Rows": 1,
                              "Plan Width": 4,
                              "Actual Startup Time": 0.003,
                              "Actual Total Time": 0.003,
                              "Actual Rows": 1,
                              "Actual Loops": 76,
                              "Index Cond": "(id = mc.company_type_id)",
                              "Rows Removed by Index Recheck": 0
                            }
                          ]
                        },
                        {
                          "Node Type": "Index Scan",
                          "Parent Relationship": "Inner",
                          "Parallel Aware": false,
                          "Scan Direction": "Forward",
                          "Index Name": "movie_id_movie_keyword",
                          "Relation Name": "movie_keyword",
                          "Alias": "mk",
                          "Startup Cost": 0.43,
                          "Total Cost": 1.31,
                          "Plan Rows": 46,
                          "Plan Width": 8,
                          "Actual Startup Time": 0.01,
                          "Actual Total Time": 0.012,
                          "Actual Rows": 7,
                          "Actual Loops": 76,
                          "Index Cond": "(movie_id = mc.movie_id)",
                          "Rows Removed by Index Recheck": 0
                        }
                      ]
                    },
                    {
                      "Node Type": "Index Scan",
                      "Parent Relationship": "Inner",
                      "Parallel Aware": false,
                      "Scan Direction": "Forward",
                      "Index Name": "keyword_pkey",
                      "Relation Name": "keyword",
                      "Alias": "k",
                      "Startup Cost": 0.42,
                      "Total Cost": 0.44,
                      "Plan Rows": 1,
                      "Plan Width": 4,
                      "Actual Startup Time": 0.005,
                      "Actual Total Time": 0.005,
                      "Actual Rows": 1,
                      "Actual Loops": 528,
                      "Index Cond": "(id = mk.keyword_id)",
                      "Rows Removed by Index Recheck": 0
                    }
                  ]
                }
              ]
            }
          ]
        }
      ]
    },
    "Planning Time": 28.72,
    "Triggers": [],
    "Execution Time": 927.578
  }
]