{
    "Plan": {
        "Node Type": "Aggregate",
        "Strategy": "Plain",
        "Partial Mode": "Finalize",
        "Parallel Aware": false,
        "Startup Cost": 53929.92,
        "Total Cost": 53929.93,
        "Plan Rows": 1,
        "Plan Width": 8,
        "Actual Startup Time": 137.555,
        "Actual Total Time": 147.446,
        "Actual Rows": 1,
        "Actual Loops": 1,
        "Output": [
            "count(*)"
        ],
        "Plans": [
            {
                "Node Type": "Gather",
                "Parent Relationship": "Outer",
                "Parallel Aware": false,
                "Startup Cost": 53929.6,
                "Total Cost": 53929.91,
                "Plan Rows": 3,
                "Plan Width": 8,
                "Actual Startup Time": 137.326,
                "Actual Total Time": 147.436,
                "Actual Rows": 4,
                "Actual Loops": 1,
                "Output": [
                    "(PARTIAL count(*))"
                ],
                "Workers Planned": 3,
                "Workers Launched": 3,
                "Single Copy": false,
                "Plans": [
                    {
                        "Node Type": "Aggregate",
                        "Strategy": "Plain",
                        "Partial Mode": "Partial",
                        "Parent Relationship": "Outer",
                        "Parallel Aware": false,
                        "Startup Cost": 52929.6,
                        "Total Cost": 52929.61,
                        "Plan Rows": 1,
                        "Plan Width": 8,
                        "Actual Startup Time": 128.355,
                        "Actual Total Time": 128.358,
                        "Actual Rows": 1,
                        "Actual Loops": 4,
                        "Output": [
                            "PARTIAL count(*)"
                        ],
                        "Workers": [
                            {
                                "Worker Number": 0,
                                "Actual Startup Time": 125.485,
                                "Actual Total Time": 125.488,
                                "Actual Rows": 1,
                                "Actual Loops": 1
                            },
                            {
                                "Worker Number": 1,
                                "Actual Startup Time": 125.677,
                                "Actual Total Time": 125.68,
                                "Actual Rows": 1,
                                "Actual Loops": 1
                            },
                            {
                                "Worker Number": 2,
                                "Actual Startup Time": 125.668,
                                "Actual Total Time": 125.672,
                                "Actual Rows": 1,
                                "Actual Loops": 1
                            }
                        ],
                        "Plans": [
                            {
                                "Node Type": "Hash Join",
                                "Parent Relationship": "Outer",
                                "Parallel Aware": true,
                                "Join Type": "Inner",
                                "Startup Cost": 44010.71,
                                "Total Cost": 52926.82,
                                "Plan Rows": 1110,
                                "Plan Width": 0,
                                "Actual Startup Time": 106.548,
                                "Actual Total Time": 128.28,
                                "Actual Rows": 1084,
                                "Actual Loops": 4,
                                "Inner Unique": true,
                                "Hash Cond": "(ci.movie_id = t.id)",
                                "Workers": [
                                    {
                                        "Worker Number": 0,
                                        "Actual Startup Time": 103.636,
                                        "Actual Total Time": 125.416,
                                        "Actual Rows": 979,
                                        "Actual Loops": 1
                                    },
                                    {
                                        "Worker Number": 1,
                                        "Actual Startup Time": 103.878,
                                        "Actual Total Time": 125.601,
                                        "Actual Rows": 1172,
                                        "Actual Loops": 1
                                    },
                                    {
                                        "Worker Number": 2,
                                        "Actual Startup Time": 103.877,
                                        "Actual Total Time": 125.583,
                                        "Actual Rows": 1064,
                                        "Actual Loops": 1
                                    }
                                ],
                                "Plans": [
                                    {
                                        "Node Type": "Index Scan",
                                        "Parent Relationship": "Outer",
                                        "Parallel Aware": true,
                                        "Scan Direction": "Forward",
                                        "Index Name": "role_id_cast_info",
                                        "Relation Name": "cast_info",
                                        "Schema": "public",
                                        "Alias": "ci",
                                        "Startup Cost": 0.56,
                                        "Total Cost": 8709.54,
                                        "Plan Rows": 78910,
                                        "Plan Width": 4,
                                        "Actual Startup Time": 0.039,
                                        "Actual Total Time": 13.266,
                                        "Actual Rows": 71782,
                                        "Actual Loops": 4,
                                        "Output": [
                                            "ci.id",
                                            "ci.person_id",
                                            "ci.movie_id",
                                            "ci.person_role_id",
                                            "ci.note",
                                            "ci.nr_order",
                                            "ci.role_id"
                                        ],
                                        "Index Cond": "(ci.role_id > 10)",
                                        "Rows Removed by Index Recheck": 0,
                                        "Filter": "(ci.person_id > 689063)",
                                        "Rows Removed by Filter": 7247,
                                        "Workers": [
                                            {
                                                "Worker Number": 0,
                                                "Actual Startup Time": 0.035,
                                                "Actual Total Time": 13.311,
                                                "Actual Rows": 70629,
                                                "Actual Loops": 1
                                            },
                                            {
                                                "Worker Number": 1,
                                                "Actual Startup Time": 0.056,
                                                "Actual Total Time": 13.246,
                                                "Actual Rows": 70108,
                                                "Actual Loops": 1
                                            },
                                            {
                                                "Worker Number": 2,
                                                "Actual Startup Time": 0.029,
                                                "Actual Total Time": 13.135,
                                                "Actual Rows": 71200,
                                                "Actual Loops": 1
                                            }
                                        ]
                                    },
                                    {
                                        "Node Type": "Hash",
                                        "Parent Relationship": "Inner",
                                        "Parallel Aware": true,
                                        "Startup Cost": 43899.01,
                                        "Total Cost": 43899.01,
                                        "Plan Rows": 8891,
                                        "Plan Width": 4,
                                        "Actual Startup Time": 105.095,
                                        "Actual Total Time": 105.097,
                                        "Actual Rows": 9127,
                                        "Actual Loops": 4,
                                        "Output": [
                                            "t.id"
                                        ],
                                        "Hash Buckets": 65536,
                                        "Original Hash Buckets": 65536,
                                        "Hash Batches": 1,
                                        "Original Hash Batches": 1,
                                        "Peak Memory Usage": 1984,
                                        "Workers": [
                                            {
                                                "Worker Number": 0,
                                                "Actual Startup Time": 103.181,
                                                "Actual Total Time": 103.182,
                                                "Actual Rows": 7968,
                                                "Actual Loops": 1
                                            },
                                            {
                                                "Worker Number": 1,
                                                "Actual Startup Time": 103.339,
                                                "Actual Total Time": 103.34,
                                                "Actual Rows": 7922,
                                                "Actual Loops": 1
                                            },
                                            {
                                                "Worker Number": 2,
                                                "Actual Startup Time": 103.452,
                                                "Actual Total Time": 103.454,
                                                "Actual Rows": 8160,
                                                "Actual Loops": 1
                                            }
                                        ],
                                        "Plans": [
                                            {
                                                "Node Type": "Seq Scan",
                                                "Parent Relationship": "Outer",
                                                "Parallel Aware": true,
                                                "Relation Name": "title",
                                                "Schema": "public",
                                                "Alias": "t",
                                                "Startup Cost": 0.0,
                                                "Total Cost": 43899.01,
                                                "Plan Rows": 8891,
                                                "Plan Width": 4,
                                                "Actual Startup Time": 0.099,
                                                "Actual Total Time": 100.583,
                                                "Actual Rows": 9127,
                                                "Actual Loops": 4,
                                                "Output": [
                                                    "t.id"
                                                ],
                                                "Filter": "(t.production_year = 1996)",
                                                "Rows Removed by Filter": 622951,
                                                "Workers": [
                                                    {
                                                        "Worker Number": 0,
                                                        "Actual Startup Time": 0.128,
                                                        "Actual Total Time": 98.855,
                                                        "Actual Rows": 7968,
                                                        "Actual Loops": 1
                                                    },
                                                    {
                                                        "Worker Number": 1,
                                                        "Actual Startup Time": 0.128,
                                                        "Actual Total Time": 98.204,
                                                        "Actual Rows": 7922,
                                                        "Actual Loops": 1
                                                    },
                                                    {
                                                        "Worker Number": 2,
                                                        "Actual Startup Time": 0.062,
                                                        "Actual Total Time": 99.162,
                                                        "Actual Rows": 8160,
                                                        "Actual Loops": 1
                                                    }
                                                ]
                                            }
                                        ]
                                    }
                                ]
                            }
                        ]
                    }
                ]
            }
        ]
    },
    "Planning Time": 0.651,
    "Triggers": [],
    "Execution Time": 147.521
}