[
  {
    "Plan": {
      "Node Type": "Aggregate",
      "Strategy": "Plain",
      "Partial Mode": "Finalize",
      "Parallel Aware": false,
      "Startup Cost": 382827.03,
      "Total Cost": 382827.04,
      "Plan Rows": 1,
      "Plan Width": 8,
      "Actual Startup Time": 1004.352,
      "Actual Total Time": 1069.32,
      "Actual Rows": 1,
      "Actual Loops": 1,
      "Plans": [
        {
          "Node Type": "Gather",
          "Parent Relationship": "Outer",
          "Parallel Aware": false,
          "Startup Cost": 382826.41,
          "Total Cost": 382827.02,
          "Plan Rows": 6,
          "Plan Width": 8,
          "Actual Startup Time": 1002.938,
          "Actual Total Time": 1069.309,
          "Actual Rows": 7,
          "Actual Loops": 1,
          "Workers Planned": 6,
          "Workers Launched": 6,
          "Single Copy": false,
          "Plans": [
            {
              "Node Type": "Aggregate",
              "Strategy": "Plain",
              "Partial Mode": "Partial",
              "Parent Relationship": "Outer",
              "Parallel Aware": false,
              "Startup Cost": 381826.41,
              "Total Cost": 381826.42,
              "Plan Rows": 1,
              "Plan Width": 8,
              "Actual Startup Time": 992.038,
              "Actual Total Time": 992.041,
              "Actual Rows": 1,
              "Actual Loops": 7,
              "Plans": [
                {
                  "Node Type": "Hash Join",
                  "Parent Relationship": "Outer",
                  "Parallel Aware": true,
                  "Join Type": "Inner",
                  "Startup Cost": 46023.75,
                  "Total Cost": 381355.69,
                  "Plan Rows": 188288,
                  "Plan Width": 0,
                  "Actual Startup Time": 386.011,
                  "Actual Total Time": 982.954,
                  "Actual Rows": 211424,
                  "Actual Loops": 7,
                  "Inner Unique": true,
                  "Hash Cond": "(ci.movie_id = t.id)",
                  "Plans": [
                    {
                      "Node Type": "Seq Scan",
                      "Parent Relationship": "Outer",
                      "Parallel Aware": true,
                      "Relation Name": "cast_info",
                      "Alias": "ci",
                      "Startup Cost": 0.0,
                      "Total Cost": 328162.03,
                      "Plan Rows": 2731391,
                      "Plan Width": 4,
                      "Actual Startup Time": 302.693,
                      "Actual Total Time": 606.325,
                      "Actual Rows": 2303098,
                      "Actual Loops": 7,
                      "Filter": "(role_id > 2)",
                      "Rows Removed by Filter": 2874666
                    },
                    {
                      "Node Type": "Hash",
                      "Parent Relationship": "Inner",
                      "Parallel Aware": true,
                      "Startup Cost": 45479.1,
                      "Total Cost": 45479.1,
                      "Plan Rows": 43572,
                      "Plan Width": 4,
                      "Actual Startup Time": 81.403,
                      "Actual Total Time": 81.404,
                      "Actual Rows": 22898,
                      "Actual Loops": 7,
                      "Hash Buckets": 262144,
                      "Original Hash Buckets": 262144,
                      "Hash Batches": 1,
                      "Original Hash Batches": 1,
                      "Peak Memory Usage": 8448,
                      "Plans": [
                        {
                          "Node Type": "Seq Scan",
                          "Parent Relationship": "Outer",
                          "Parallel Aware": true,
                          "Relation Name": "title",
                          "Alias": "t",
                          "Startup Cost": 0.0,
                          "Total Cost": 45479.1,
                          "Plan Rows": 43572,
                          "Plan Width": 4,
                          "Actual Startup Time": 41.843,
                          "Actual Total Time": 73.705,
                          "Actual Rows": 22898,
                          "Actual Loops": 7,
                          "Filter": "((production_year > 2008) AND (kind_id = 1))",
                          "Rows Removed by Filter": 338289
                        }
                      ]
                    }
                  ]
                }
              ]
            }
          ]
        }
      ]
    },
    "Planning Time": 0.639,
    "Triggers": [],
    "Execution Time": 1069.408
  }
]