{
  "Plan": {
    "Node Type": "Aggregate",
    "Strategy": "Plain",
    "Partial Mode": "Finalize",
    "Parallel Aware": false,
    "Startup Cost": 207904.74,
    "Total Cost": 207904.75,
    "Plan Rows": 1,
    "Plan Width": 8,
    "Actual Startup Time": 943.553,
    "Actual Total Time": 965.486,
    "Actual Rows": 1,
    "Actual Loops": 1,
    "Plans": [
      {
        "Node Type": "Gather",
        "Parent Relationship": "Outer",
        "Parallel Aware": false,
        "Startup Cost": 207904.63,
        "Total Cost": 207904.74,
        "Plan Rows": 1,
        "Plan Width": 8,
        "Actual Startup Time": 941.263,
        "Actual Total Time": 965.477,
        "Actual Rows": 2,
        "Actual Loops": 1,
        "Workers Planned": 1,
        "Workers Launched": 1,
        "Single Copy": false,
        "Plans": [
          {
            "Node Type": "Aggregate",
            "Strategy": "Plain",
            "Partial Mode": "Partial",
            "Parent Relationship": "Outer",
            "Parallel Aware": false,
            "Startup Cost": 206904.63,
            "Total Cost": 206904.64,
            "Plan Rows": 1,
            "Plan Width": 8,
            "Actual Startup Time": 936.542,
            "Actual Total Time": 936.546,
            "Actual Rows": 1,
            "Actual Loops": 2,
            "Plans": [
              {
                "Node Type": "Hash Join",
                "Parent Relationship": "Outer",
                "Parallel Aware": true,
                "Join Type": "Inner",
                "Startup Cost": 64805.78,
                "Total Cost": 206604.24,
                "Plan Rows": 120156,
                "Plan Width": 0,
                "Actual Startup Time": 265.167,
                "Actual Total Time": 918.495,
                "Actual Rows": 421346,
                "Actual Loops": 2,
                "Inner Unique": true,
                "Hash Cond": "(ci.movie_id = t.id)",
                "Plans": [
                  {
                    "Node Type": "Index Scan",
                    "Parent Relationship": "Outer",
                    "Parallel Aware": true,
                    "Scan Direction": "Forward",
                    "Index Name": "role_id_cast_info",
                    "Relation Name": "cast_info",
                    "Alias": "ci",
                    "Startup Cost": 0.56,
                    "Total Cost": 140896.75,
                    "Plan Rows": 343721,
                    "Plan Width": 4,
                    "Actual Startup Time": 0.184,
                    "Actual Total Time": 321.975,
                    "Actual Rows": 1239581,
                    "Actual Loops": 2,
                    "Index Cond": "(role_id = 10)",
                    "Rows Removed by Index Recheck": 0,
                    "Filter": "(person_id > 3219787)",
                    "Rows Removed by Filter": 921928
                  },
                  {
                    "Node Type": "Hash",
                    "Parent Relationship": "Inner",
                    "Parallel Aware": true,
                    "Startup Cost": 58306.47,
                    "Total Cost": 58306.47,
                    "Plan Rows": 519900,
                    "Plan Width": 4,
                    "Actual Startup Time": 255.674,
                    "Actual Total Time": 255.676,
                    "Actual Rows": 396981,
                    "Actual Loops": 2,
                    "Hash Buckets": 1048576,
                    "Original Hash Buckets": 1048576,
                    "Hash Batches": 1,
                    "Original Hash Batches": 1,
                    "Peak Memory Usage": 39296,
                    "Plans": [
                      {
                        "Node Type": "Seq Scan",
                        "Parent Relationship": "Outer",
                        "Parallel Aware": true,
                        "Relation Name": "title",
                        "Alias": "t",
                        "Startup Cost": 0.0,
                        "Total Cost": 58306.47,
                        "Plan Rows": 519900,
                        "Plan Width": 4,
                        "Actual Startup Time": 0.032,
                        "Actual Total Time": 157.368,
                        "Actual Rows": 396981,
                        "Actual Loops": 2,
                        "Filter": "((kind_id < 7) AND (production_year > 1956))",
                        "Rows Removed by Filter": 867175
                      }
                    ]
                  }
                ]
              }
            ]
          }
        ]
      }
    ]
  },
  "Planning Time": 0.783,
  "Triggers": [],
  "Execution Time": 965.567
}