{
  "Plan": {
    "Node Type": "Aggregate",
    "Strategy": "Plain",
    "Partial Mode": "Simple",
    "Parallel Aware": false,
    "Startup Cost": 913761.45,
    "Total Cost": 913761.46,
    "Plan Rows": 1,
    "Plan Width": 96,
    "Actual Startup Time": 4573.795,
    "Actual Total Time": 4650.38,
    "Actual Rows": 1,
    "Actual Loops": 1,
    "Plans": [
      {
        "Node Type": "Gather",
        "Parent Relationship": "Outer",
        "Parallel Aware": false,
        "Startup Cost": 913761.3,
        "Total Cost": 913761.44,
        "Plan Rows": 1,
        "Plan Width": 42,
        "Actual Startup Time": 4554.617,
        "Actual Total Time": 4649.269,
        "Actual Rows": 8373,
        "Actual Loops": 1,
        "Workers Planned": 1,
        "Workers Launched": 1,
        "Single Copy": false,
        "Plans": [
          {
            "Node Type": "Merge Join",
            "Parent Relationship": "Outer",
            "Parallel Aware": false,
            "Join Type": "Inner",
            "Startup Cost": 912761.3,
            "Total Cost": 912761.34,
            "Plan Rows": 1,
            "Plan Width": 42,
            "Actual Startup Time": 4551.141,
            "Actual Total Time": 4551.823,
            "Actual Rows": 4186,
            "Actual Loops": 2,
            "Inner Unique": true,
            "Merge Cond": "(mc.company_type_id = ct.id)",
            "Plans": [
              {
                "Node Type": "Sort",
                "Parent Relationship": "Outer",
                "Parallel Aware": false,
                "Startup Cost": 912760.22,
                "Total Cost": 912760.23,
                "Plan Rows": 1,
                "Plan Width": 46,
                "Actual Startup Time": 4551.114,
                "Actual Total Time": 4551.284,
                "Actual Rows": 4186,
                "Actual Loops": 2,
                "Sort Key": [
                  "mc.company_type_id"
                ],
                "Sort Method": "quicksort",
                "Sort Space Used": 735,
                "Sort Space Type": "Memory",
                "Workers": [
                  {
                    "Worker Number": 0,
                    "Sort Method": "quicksort",
                    "Sort Space Used": 421,
                    "Sort Space Type": "Memory"
                  }
                ],
                "Plans": [
                  {
                    "Node Type": "Merge Join",
                    "Parent Relationship": "Outer",
                    "Parallel Aware": false,
                    "Join Type": "Inner",
                    "Startup Cost": 912760.19,
                    "Total Cost": 912760.21,
                    "Plan Rows": 1,
                    "Plan Width": 46,
                    "Actual Startup Time": 4549.536,
                    "Actual Total Time": 4550.244,
                    "Actual Rows": 4186,
                    "Actual Loops": 2,
                    "Inner Unique": true,
                    "Merge Cond": "(mi.info_type_id = it1.id)",
                    "Plans": [
                      {
                        "Node Type": "Sort",
                        "Parent Relationship": "Outer",
                        "Parallel Aware": false,
                        "Startup Cost": 912757.77,
                        "Total Cost": 912757.77,
                        "Plan Rows": 1,
                        "Plan Width": 50,
                        "Actual Startup Time": 4549.435,
                        "Actual Total Time": 4549.657,
                        "Actual Rows": 4612,
                        "Actual Loops": 2,
                        "Sort Key": [
                          "mi.info_type_id"
                        ],
                        "Sort Method": "quicksort",
                        "Sort Space Used": 861,
                        "Sort Space Type": "Memory",
                        "Workers": [
                          {
                            "Worker Number": 0,
                            "Sort Method": "quicksort",
                            "Sort Space Used": 484,
                            "Sort Space Type": "Memory"
                          }
                        ],
                        "Plans": [
                          {
                            "Node Type": "Merge Join",
                            "Parent Relationship": "Outer",
                            "Parallel Aware": false,
                            "Join Type": "Inner",
                            "Startup Cost": 912130.77,
                            "Total Cost": 912757.76,
                            "Plan Rows": 1,
                            "Plan Width": 50,
                            "Actual Startup Time": 4539.116,
                            "Actual Total Time": 4548.44,
                            "Actual Rows": 4744,
                            "Actual Loops": 2,
                            "Inner Unique": true,
                            "Merge Cond": "(mc.company_id = cn.id)",
                            "Plans": [
                              {
                                "Node Type": "Sort",
                                "Parent Relationship": "Outer",
                                "Parallel Aware": false,
                                "Startup Cost": 895572.61,
                                "Total Cost": 895572.62,
                                "Plan Rows": 1,
                                "Plan Width": 35,
                                "Actual Startup Time": 4476.043,
                                "Actual Total Time": 4476.517,
                                "Actual Rows": 4962,
                                "Actual Loops": 2,
                                "Sort Key": [
                                  "mc.company_id"
                                ],
                                "Sort Method": "quicksort",
                                "Sort Space Used": 693,
                                "Sort Space Type": "Memory",
                                "Workers": [
                                  {
                                    "Worker Number": 0,
                                    "Sort Method": "quicksort",
                                    "Sort Space Used": 396,
                                    "Sort Space Type": "Memory"
                                  }
                                ],
                                "Plans": [
                                  {
                                    "Node Type": "Merge Join",
                                    "Parent Relationship": "Outer",
                                    "Parallel Aware": false,
                                    "Join Type": "Inner",
                                    "Startup Cost": 894894.3,
                                    "Total Cost": 895572.6,
                                    "Plan Rows": 1,
                                    "Plan Width": 35,
                                    "Actual Startup Time": 4451.05,
                                    "Actual Total Time": 4474.867,
                                    "Actual Rows": 4962,
                                    "Actual Loops": 2,
                                    "Inner Unique": false,
                                    "Merge Cond": "(t.id = mc.movie_id)",
                                    "Plans": [
                                      {
                                        "Node Type": "Sort",
                                        "Parent Relationship": "Outer",
                                        "Parallel Aware": false,
                                        "Startup Cost": 825402.88,
                                        "Total Cost": 825402.88,
                                        "Plan Rows": 1,
                                        "Plan Width": 47,
                                        "Actual Startup Time": 4088.98,
                                        "Actual Total Time": 4089.042,
                                        "Actual Rows": 440,
                                        "Actual Loops": 2,
                                        "Sort Key": [
                                          "mk.movie_id"
                                        ],
                                        "Sort Method": "quicksort",
                                        "Sort Space Used": 73,
                                        "Sort Space Type": "Memory",
                                        "Workers": [
                                          {
                                            "Worker Number": 0,
                                            "Sort Method": "quicksort",
                                            "Sort Space Used": 55,
                                            "Sort Space Type": "Memory"
                                          }
                                        ],
                                        "Plans": [
                                          {
                                            "Node Type": "Merge Join",
                                            "Parent Relationship": "Outer",
                                            "Parallel Aware": false,
                                            "Join Type": "Inner",
                                            "Startup Cost": 825402.85,
                                            "Total Cost": 825402.87,
                                            "Plan Rows": 1,
                                            "Plan Width": 47,
                                            "Actual Startup Time": 4088.782,
                                            "Actual Total Time": 4088.882,
                                            "Actual Rows": 440,
                                            "Actual Loops": 2,
                                            "Inner Unique": true,
                                            "Merge Cond": "(mi_idx.info_type_id = it2.id)",
                                            "Plans": [
                                              {
                                                "Node Type": "Sort",
                                                "Parent Relationship": "Outer",
                                                "Parallel Aware": false,
                                                "Startup Cost": 825400.42,
                                                "Total Cost": 825400.42,
                                                "Plan Rows": 1,
                                                "Plan Width": 51,
                                                "Actual Startup Time": 4088.674,
                                                "Actual Total Time": 4088.74,
                                                "Actual Rows": 1328,
                                                "Actual Loops": 2,
                                                "Sort Key": [
                                                  "mi_idx.info_type_id"
                                                ],
                                                "Sort Method": "quicksort",
                                                "Sort Space Used": 232,
                                                "Sort Space Type": "Memory",
                                                "Workers": [
                                                  {
                                                    "Worker Number": 0,
                                                    "Sort Method": "quicksort",
                                                    "Sort Space Used": 166,
                                                    "Sort Space Type": "Memory"
                                                  }
                                                ],
                                                "Plans": [
                                                  {
                                                    "Node Type": "Merge Join",
                                                    "Parent Relationship": "Outer",
                                                    "Parallel Aware": false,
                                                    "Join Type": "Inner",
                                                    "Startup Cost": 825400.38,
                                                    "Total Cost": 825400.41,
                                                    "Plan Rows": 1,
                                                    "Plan Width": 51,
                                                    "Actual Startup Time": 4088.111,
                                                    "Actual Total Time": 4088.371,
                                                    "Actual Rows": 1340,
                                                    "Actual Loops": 2,
                                                    "Inner Unique": true,
                                                    "Merge Cond": "(cc.subject_id = cct1.id)",
                                                    "Plans": [
                                                      {
                                                        "Node Type": "Sort",
                                                        "Parent Relationship": "Outer",
                                                        "Parallel Aware": false,
                                                        "Startup Cost": 825399.32,
                                                        "Total Cost": 825399.33,
                                                        "Plan Rows": 1,
                                                        "Plan Width": 55,
                                                        "Actual Startup Time": 4088.094,
                                                        "Actual Total Time": 4088.162,
                                                        "Actual Rows": 1341,
                                                        "Actual Loops": 2,
                                                        "Sort Key": [
                                                          "cc.subject_id"
                                                        ],
                                                        "Sort Method": "quicksort",
                                                        "Sort Space Used": 361,
                                                        "Sort Space Type": "Memory",
                                                        "Workers": [
                                                          {
                                                            "Worker Number": 0,
                                                            "Sort Method": "quicksort",
                                                            "Sort Space Used": 214,
                                                            "Sort Space Type": "Memory"
                                                          }
                                                        ],
                                                        "Plans": [
                                                          {
                                                            "Node Type": "Merge Join",
                                                            "Parent Relationship": "Outer",
                                                            "Parallel Aware": false,
                                                            "Join Type": "Inner",
                                                            "Startup Cost": 825399.29,
                                                            "Total Cost": 825399.31,
                                                            "Plan Rows": 1,
                                                            "Plan Width": 55,
                                                            "Actual Startup Time": 4087.334,
                                                            "Actual Total Time": 4087.684,
                                                            "Actual Rows": 1688,
                                                            "Actual Loops": 2,
                                                            "Inner Unique": true,
                                                            "Merge Cond": "(t.kind_id = kt.id)",
                                                            "Plans": [
                                                              {
                                                                "Node Type": "Sort",
                                                                "Parent Relationship": "Outer",
                                                                "Parallel Aware": false,
                                                                "Startup Cost": 825398.19,
                                                                "Total Cost": 825398.19,
                                                                "Plan Rows": 1,
                                                                "Plan Width": 59,
                                                                "Actual Startup Time": 4087.302,
                                                                "Actual Total Time": 4087.388,
                                                                "Actual Rows": 1904,
                                                                "Actual Loops": 2,
                                                                "Sort Key": [
                                                                  "t.kind_id"
                                                                ],
                                                                "Sort Method": "quicksort",
                                                                "Sort Space Used": 416,
                                                                "Sort Space Type": "Memory",
                                                                "Workers": [
                                                                  {
                                                                    "Worker Number": 0,
                                                                    "Sort Method": "quicksort",
                                                                    "Sort Space Used": 248,
                                                                    "Sort Space Type": "Memory"
                                                                  }
                                                                ],
                                                                "Plans": [
                                                                  {
                                                                    "Node Type": "Merge Join",
                                                                    "Parent Relationship": "Outer",
                                                                    "Parallel Aware": false,
                                                                    "Join Type": "Inner",
                                                                    "Startup Cost": 823395.92,
                                                                    "Total Cost": 825398.18,
                                                                    "Plan Rows": 1,
                                                                    "Plan Width": 59,
                                                                    "Actual Startup Time": 4057.276,
                                                                    "Actual Total Time": 4086.792,
                                                                    "Actual Rows": 1904,
                                                                    "Actual Loops": 2,
                                                                    "Inner Unique": false,
                                                                    "Merge Cond": "(mi.movie_id = t.id)",
                                                                    "Plans": [
                                                                      {
                                                                        "Node Type": "Sort",
                                                                        "Parent Relationship": "Outer",
                                                                        "Parallel Aware": false,
                                                                        "Startup Cost": 396046.35,
                                                                        "Total Cost": 397047.47,
                                                                        "Plan Rows": 400449,
                                                                        "Plan Width": 8,
                                                                        "Actual Startup Time": 1845.691,
                                                                        "Actual Total Time": 1858.173,
                                                                        "Actual Rows": 357437,
                                                                        "Actual Loops": 2,
                                                                        "Sort Key": [
                                                                          "mi.movie_id"
                                                                        ],
                                                                        "Sort Method": "quicksort",
                                                                        "Sort Space Used": 33310,
                                                                        "Sort Space Type": "Memory",
                                                                        "Workers": [
                                                                          {
                                                                            "Worker Number": 0,
                                                                            "Sort Method": "quicksort",
                                                                            "Sort Space Used": 24840,
                                                                            "Sort Space Type": "Memory"
                                                                          }
                                                                        ],
                                                                        "Plans": [
                                                                          {
                                                                            "Node Type": "Seq Scan",
                                                                            "Parent Relationship": "Outer",
                                                                            "Parallel Aware": true,
                                                                            "Relation Name": "movie_info",
                                                                            "Alias": "mi",
                                                                            "Startup Cost": 0.0,
                                                                            "Total Cost": 358782.05,
                                                                            "Plan Rows": 400449,
                                                                            "Plan Width": 8,
                                                                            "Actual Startup Time": 2.222,
                                                                            "Actual Total Time": 1769.501,
                                                                            "Actual Rows": 358105,
                                                                            "Actual Loops": 2,
                                                                            "Filter": "(info = ANY ('{Sweden,Norway,Germany,Denmark,Swedish,Danish,Norwegian,German,USA,American}'::text[]))",
                                                                            "Rows Removed by Filter": 7059755
                                                                          }
                                                                        ]
                                                                      },
                                                                      {
                                                                        "Node Type": "Sort",
                                                                        "Parent Relationship": "Inner",
                                                                        "Parallel Aware": false,
                                                                        "Startup Cost": 427349.57,
                                                                        "Total Cost": 427349.57,
                                                                        "Plan Rows": 1,
                                                                        "Plan Width": 51,
                                                                        "Actual Startup Time": 2210.585,
                                                                        "Actual Total Time": 2210.758,
                                                                        "Actual Rows": 3994,
                                                                        "Actual Loops": 2,
                                                                        "Sort Key": [
                                                                          "mk.movie_id"
                                                                        ],
                                                                        "Sort Method": "quicksort",
                                                                        "Sort Space Used": 518,
                                                                        "Sort Space Type": "Memory",
                                                                        "Workers": [
                                                                          {
                                                                            "Worker Number": 0,
                                                                            "Sort Method": "quicksort",
                                                                            "Sort Space Used": 518,
                                                                            "Sort Space Type": "Memory"
                                                                          }
                                                                        ],
                                                                        "Plans": [
                                                                          {
                                                                            "Node Type": "Merge Join",
                                                                            "Parent Relationship": "Outer",
                                                                            "Parallel Aware": false,
                                                                            "Join Type": "Inner",
                                                                            "Startup Cost": 427349.53,
                                                                            "Total Cost": 427349.56,
                                                                            "Plan Rows": 1,
                                                                            "Plan Width": 51,
                                                                            "Actual Startup Time": 2208.975,
                                                                            "Actual Total Time": 2209.675,
                                                                            "Actual Rows": 3733,
                                                                            "Actual Loops": 2,
                                                                            "Inner Unique": true,
                                                                            "Merge Cond": "(cc.status_id = cct2.id)",
                                                                            "Plans": [
                                                                              {
                                                                                "Node Type": "Sort",
                                                                                "Parent Relationship": "Outer",
                                                                                "Parallel Aware": false,
                                                                                "Startup Cost": 427348.47,
                                                                                "Total Cost": 427348.47,
                                                                                "Plan Rows": 2,
                                                                                "Plan Width": 55,
                                                                                "Actual Startup Time": 2208.935,
                                                                                "Actual Total Time": 2209.087,
                                                                                "Actual Rows": 3734,
                                                                                "Actual Loops": 2,
                                                                                "Sort Key": [
                                                                                  "cc.status_id"
                                                                                ],
                                                                                "Sort Method": "quicksort",
                                                                                "Sort Space Used": 806,
                                                                                "Sort Space Type": "Memory",
                                                                                "Workers": [
                                                                                  {
                                                                                    "Worker Number": 0,
                                                                                    "Sort Method": "quicksort",
                                                                                    "Sort Space Used": 806,
                                                                                    "Sort Space Type": "Memory"
                                                                                  }
                                                                                ],
                                                                                "Plans": [
                                                                                  {
                                                                                    "Node Type": "Merge Join",
                                                                                    "Parent Relationship": "Outer",
                                                                                    "Parallel Aware": false,
                                                                                    "Join Type": "Inner",
                                                                                    "Startup Cost": 240843.07,
                                                                                    "Total Cost": 427348.46,
                                                                                    "Plan Rows": 2,
                                                                                    "Plan Width": 55,
                                                                                    "Actual Startup Time": 734.016,
                                                                                    "Actual Total Time": 2207.036,
                                                                                    "Actual Rows": 4809,
                                                                                    "Actual Loops": 2,
                                                                                    "Inner Unique": false,
                                                                                    "Merge Cond": "(t.id = cc.movie_id)",
                                                                                    "Plans": [
                                                                                      {
                                                                                        "Node Type": "Merge Join",
                                                                                        "Parent Relationship": "Outer",
                                                                                        "Parallel Aware": false,
                                                                                        "Join Type": "Inner",
                                                                                        "Startup Cost": 240842.65,
                                                                                        "Total Cost": 420363.59,
                                                                                        "Plan Rows": 29,
                                                                                        "Plan Width": 43,
                                                                                        "Actual Startup Time": 649.399,
                                                                                        "Actual Total Time": 2160.022,
                                                                                        "Actual Rows": 21769,
                                                                                        "Actual Loops": 2,
                                                                                        "Inner Unique": false,
                                                                                        "Merge Cond": "(t.id = mi_idx.movie_id)",
                                                                                        "Plans": [
                                                                                          {
                                                                                            "Node Type": "Merge Join",
                                                                                            "Parent Relationship": "Outer",
                                                                                            "Parallel Aware": false,
                                                                                            "Join Type": "Inner",
                                                                                            "Startup Cost": 240842.22,
                                                                                            "Total Cost": 359936.7,
                                                                                            "Plan Rows": 55,
                                                                                            "Plan Width": 29,
                                                                                            "Actual Startup Time": 649.279,
                                                                                            "Actual Total Time": 1843.235,
                                                                                            "Actual Rows": 9739,
                                                                                            "Actual Loops": 2,
                                                                                            "Inner Unique": false,
                                                                                            "Merge Cond": "(t.id = mk.movie_id)",
                                                                                            "Plans": [
                                                                                              {
                                                                                                "Node Type": "Index Scan",
                                                                                                "Parent Relationship": "Outer",
                                                                                                "Parallel Aware": false,
                                                                                                "Scan Direction": "Forward",
                                                                                                "Index Name": "title_pkey",
                                                                                                "Relation Name": "title",
                                                                                                "Alias": "t",
                                                                                                "Startup Cost": 0.43,
                                                                                                "Total Cost": 116680.33,
                                                                                                "Plan Rows": 1022218,
                                                                                                "Plan Width": 25,
                                                                                                "Actual Startup Time": 0.053,
                                                                                                "Actual Total Time": 1136.302,
                                                                                                "Actual Rows": 1012614,
                                                                                                "Actual Loops": 2,
                                                                                                "Filter": "(production_year > 2005)",
                                                                                                "Rows Removed by Filter": 1513057
                                                                                              },
                                                                                              {
                                                                                                "Node Type": "Sort",
                                                                                                "Parent Relationship": "Inner",
                                                                                                "Parallel Aware": false,
                                                                                                "Startup Cost": 240828.26,
                                                                                                "Total Cost": 240828.59,
                                                                                                "Plan Rows": 135,
                                                                                                "Plan Width": 4,
                                                                                                "Actual Startup Time": 648.133,
                                                                                                "Actual Total Time": 652.398,
                                                                                                "Actual Rows": 37091,
                                                                                                "Actual Loops": 2,
                                                                                                "Sort Key": [
                                                                                                  "mk.movie_id"
                                                                                                ],
                                                                                                "Sort Method": "quicksort",
                                                                                                "Sort Space Used": 3275,
                                                                                                "Sort Space Type": "Memory",
                                                                                                "Workers": [
                                                                                                  {
                                                                                                    "Worker Number": 0,
                                                                                                    "Sort Method": "quicksort",
                                                                                                    "Sort Space Used": 3275,
                                                                                                    "Sort Space Type": "Memory"
                                                                                                  }
                                                                                                ],
                                                                                                "Plans": [
                                                                                                  {
                                                                                                    "Node Type": "Merge Join",
                                                                                                    "Parent Relationship": "Outer",
                                                                                                    "Parallel Aware": false,
                                                                                                    "Join Type": "Inner",
                                                                                                    "Startup Cost": 3803.8,
                                                                                                    "Total Cost": 240823.48,
                                                                                                    "Plan Rows": 135,
                                                                                                    "Plan Width": 4,
                                                                                                    "Actual Startup Time": 135.527,
                                                                                                    "Actual Total Time": 641.438,
                                                                                                    "Actual Rows": 37091,
                                                                                                    "Actual Loops": 2,
                                                                                                    "Inner Unique": true,
                                                                                                    "Merge Cond": "(mk.keyword_id = k.id)",
                                                                                                    "Plans": [
                                                                                                      {
                                                                                                        "Node Type": "Index Scan",
                                                                                                        "Parent Relationship": "Outer",
                                                                                                        "Parallel Aware": false,
                                                                                                        "Scan Direction": "Forward",
                                                                                                        "Index Name": "keyword_id_movie_keyword",
                                                                                                        "Relation Name": "movie_keyword",
                                                                                                        "Alias": "mk",
                                                                                                        "Startup Cost": 0.43,
                                                                                                        "Total Cost": 226550.7,
                                                                                                        "Plan Rows": 4523930,
                                                                                                        "Plan Width": 8,
                                                                                                        "Actual Startup Time": 0.022,
                                                                                                        "Actual Total Time": 565.918,
                                                                                                        "Actual Rows": 943582,
                                                                                                        "Actual Loops": 2
                                                                                                      },
                                                                                                      {
                                                                                                        "Node Type": "Sort",
                                                                                                        "Parent Relationship": "Inner",
                                                                                                        "Parallel Aware": false,
                                                                                                        "Startup Cost": 2961.59,
                                                                                                        "Total Cost": 2961.6,
                                                                                                        "Plan Rows": 4,
                                                                                                        "Plan Width": 4,
                                                                                                        "Actual Startup Time": 15.022,
                                                                                                        "Actual Total Time": 15.026,
                                                                                                        "Actual Rows": 3,
                                                                                                        "Actual Loops": 2,
                                                                                                        "Sort Key": [
                                                                                                          "k.id"
                                                                                                        ],
                                                                                                        "Sort Method": "quicksort",
                                                                                                        "Sort Space Used": 25,
                                                                                                        "Sort Space Type": "Memory",
                                                                                                        "Workers": [
                                                                                                          {
                                                                                                            "Worker Number": 0,
                                                                                                            "Sort Method": "quicksort",
                                                                                                            "Sort Space Used": 25,
                                                                                                            "Sort Space Type": "Memory"
                                                                                                          }
                                                                                                        ],
                                                                                                        "Plans": [
                                                                                                          {
                                                                                                            "Node Type": "Seq Scan",
                                                                                                            "Parent Relationship": "Outer",
                                                                                                            "Parallel Aware": false,
                                                                                                            "Relation Name": "keyword",
                                                                                                            "Alias": "k",
                                                                                                            "Startup Cost": 0.0,
                                                                                                            "Total Cost": 2961.55,
                                                                                                            "Plan Rows": 4,
                                                                                                            "Plan Width": 4,
                                                                                                            "Actual Startup Time": 0.716,
                                                                                                            "Actual Total Time": 15.012,
                                                                                                            "Actual Rows": 3,
                                                                                                            "Actual Loops": 2,
                                                                                                            "Filter": "(keyword = ANY ('{murder,murder-in-title,blood,violence}'::text[]))",
                                                                                                            "Rows Removed by Filter": 134167
                                                                                                          }
                                                                                                        ]
                                                                                                      }
                                                                                                    ]
                                                                                                  }
                                                                                                ]
                                                                                              }
                                                                                            ]
                                                                                          },
                                                                                          {
                                                                                            "Node Type": "Index Scan",
                                                                                            "Parent Relationship": "Inner",
                                                                                            "Parallel Aware": false,
                                                                                            "Scan Direction": "Forward",
                                                                                            "Index Name": "movie_id_movie_info_idx",
                                                                                            "Relation Name": "movie_info_idx",
                                                                                            "Alias": "mi_idx",
                                                                                            "Startup Cost": 0.43,
                                                                                            "Total Cost": 57072.82,
                                                                                            "Plan Rows": 1341456,
                                                                                            "Plan Width": 14,
                                                                                            "Actual Startup Time": 0.032,
                                                                                            "Actual Total Time": 255.164,
                                                                                            "Actual Rows": 1344192,
                                                                                            "Actual Loops": 2,
                                                                                            "Filter": "(info < '8.5'::text)",
                                                                                            "Rows Removed by Filter": 42678
                                                                                          }
                                                                                        ]
                                                                                      },
                                                                                      {
                                                                                        "Node Type": "Index Scan",
                                                                                        "Parent Relationship": "Inner",
                                                                                        "Parallel Aware": false,
                                                                                        "Scan Direction": "Forward",
                                                                                        "Index Name": "movie_id_complete_cast",
                                                                                        "Relation Name": "complete_cast",
                                                                                        "Alias": "cc",
                                                                                        "Startup Cost": 0.42,
                                                                                        "Total Cost": 6650.11,
                                                                                        "Plan Rows": 135086,
                                                                                        "Plan Width": 12,
                                                                                        "Actual Startup Time": 0.027,
                                                                                        "Actual Total Time": 36.837,
                                                                                        "Actual Rows": 136227,
                                                                                        "Actual Loops": 2
                                                                                      }
                                                                                    ]
                                                                                  }
                                                                                ]
                                                                              },
                                                                              {
                                                                                "Node Type": "Sort",
                                                                                "Parent Relationship": "Inner",
                                                                                "Parallel Aware": false,
                                                                                "Startup Cost": 1.06,
                                                                                "Total Cost": 1.06,
                                                                                "Plan Rows": 1,
                                                                                "Plan Width": 4,
                                                                                "Actual Startup Time": 0.037,
                                                                                "Actual Total Time": 0.037,
                                                                                "Actual Rows": 1,
                                                                                "Actual Loops": 2,
                                                                                "Sort Key": [
                                                                                  "cct2.id"
                                                                                ],
                                                                                "Sort Method": "quicksort",
                                                                                "Sort Space Used": 25,
                                                                                "Sort Space Type": "Memory",
                                                                                "Workers": [
                                                                                  {
                                                                                    "Worker Number": 0,
                                                                                    "Sort Method": "quicksort",
                                                                                    "Sort Space Used": 25,
                                                                                    "Sort Space Type": "Memory"
                                                                                  }
                                                                                ],
                                                                                "Plans": [
                                                                                  {
                                                                                    "Node Type": "Seq Scan",
                                                                                    "Parent Relationship": "Outer",
                                                                                    "Parallel Aware": false,
                                                                                    "Relation Name": "comp_cast_type",
                                                                                    "Alias": "cct2",
                                                                                    "Startup Cost": 0.0,
                                                                                    "Total Cost": 1.05,
                                                                                    "Plan Rows": 1,
                                                                                    "Plan Width": 4,
                                                                                    "Actual Startup Time": 0.028,
                                                                                    "Actual Total Time": 0.029,
                                                                                    "Actual Rows": 1,
                                                                                    "Actual Loops": 2,
                                                                                    "Filter": "((kind)::text = 'complete'::text)",
                                                                                    "Rows Removed by Filter": 3
                                                                                  }
                                                                                ]
                                                                              }
                                                                            ]
                                                                          }
                                                                        ]
                                                                      }
                                                                    ]
                                                                  }
                                                                ]
                                                              },
                                                              {
                                                                "Node Type": "Sort",
                                                                "Parent Relationship": "Inner",
                                                                "Parallel Aware": false,
                                                                "Startup Cost": 1.1,
                                                                "Total Cost": 1.1,
                                                                "Plan Rows": 2,
                                                                "Plan Width": 4,
                                                                "Actual Startup Time": 0.028,
                                                                "Actual Total Time": 0.029,
                                                                "Actual Rows": 2,
                                                                "Actual Loops": 2,
                                                                "Sort Key": [
                                                                  "kt.id"
                                                                ],
                                                                "Sort Method": "quicksort",
                                                                "Sort Space Used": 25,
                                                                "Sort Space Type": "Memory",
                                                                "Workers": [
                                                                  {
                                                                    "Worker Number": 0,
                                                                    "Sort Method": "quicksort",
                                                                    "Sort Space Used": 25,
                                                                    "Sort Space Type": "Memory"
                                                                  }
                                                                ],
                                                                "Plans": [
                                                                  {
                                                                    "Node Type": "Seq Scan",
                                                                    "Parent Relationship": "Outer",
                                                                    "Parallel Aware": false,
                                                                    "Relation Name": "kind_type",
                                                                    "Alias": "kt",
                                                                    "Startup Cost": 0.0,
                                                                    "Total Cost": 1.09,
                                                                    "Plan Rows": 2,
                                                                    "Plan Width": 4,
                                                                    "Actual Startup Time": 0.022,
                                                                    "Actual Total Time": 0.023,
                                                                    "Actual Rows": 2,
                                                                    "Actual Loops": 2,
                                                                    "Filter": "((kind)::text = ANY ('{movie,episode}'::text[]))",
                                                                    "Rows Removed by Filter": 5
                                                                  }
                                                                ]
                                                              }
                                                            ]
                                                          }
                                                        ]
                                                      },
                                                      {
                                                        "Node Type": "Sort",
                                                        "Parent Relationship": "Inner",
                                                        "Parallel Aware": false,
                                                        "Startup Cost": 1.06,
                                                        "Total Cost": 1.06,
                                                        "Plan Rows": 1,
                                                        "Plan Width": 4,
                                                        "Actual Startup Time": 0.014,
                                                        "Actual Total Time": 0.014,
                                                        "Actual Rows": 1,
                                                        "Actual Loops": 2,
                                                        "Sort Key": [
                                                          "cct1.id"
                                                        ],
                                                        "Sort Method": "quicksort",
                                                        "Sort Space Used": 25,
                                                        "Sort Space Type": "Memory",
                                                        "Workers": [
                                                          {
                                                            "Worker Number": 0,
                                                            "Sort Method": "quicksort",
                                                            "Sort Space Used": 25,
                                                            "Sort Space Type": "Memory"
                                                          }
                                                        ],
                                                        "Plans": [
                                                          {
                                                            "Node Type": "Seq Scan",
                                                            "Parent Relationship": "Outer",
                                                            "Parallel Aware": false,
                                                            "Relation Name": "comp_cast_type",
                                                            "Alias": "cct1",
                                                            "Startup Cost": 0.0,
                                                            "Total Cost": 1.05,
                                                            "Plan Rows": 1,
                                                            "Plan Width": 4,
                                                            "Actual Startup Time": 0.005,
                                                            "Actual Total Time": 0.006,
                                                            "Actual Rows": 1,
                                                            "Actual Loops": 2,
                                                            "Filter": "((kind)::text = 'cast'::text)",
                                                            "Rows Removed by Filter": 3
                                                          }
                                                        ]
                                                      }
                                                    ]
                                                  }
                                                ]
                                              },
                                              {
                                                "Node Type": "Sort",
                                                "Parent Relationship": "Inner",
                                                "Parallel Aware": false,
                                                "Startup Cost": 2.42,
                                                "Total Cost": 2.43,
                                                "Plan Rows": 1,
                                                "Plan Width": 4,
                                                "Actual Startup Time": 0.023,
                                                "Actual Total Time": 0.024,
                                                "Actual Rows": 1,
                                                "Actual Loops": 2,
                                                "Sort Key": [
                                                  "it2.id"
                                                ],
                                                "Sort Method": "quicksort",
                                                "Sort Space Used": 25,
                                                "Sort Space Type": "Memory",
                                                "Workers": [
                                                  {
                                                    "Worker Number": 0,
                                                    "Sort Method": "quicksort",
                                                    "Sort Space Used": 25,
                                                    "Sort Space Type": "Memory"
                                                  }
                                                ],
                                                "Plans": [
                                                  {
                                                    "Node Type": "Seq Scan",
                                                    "Parent Relationship": "Outer",
                                                    "Parallel Aware": false,
                                                    "Relation Name": "info_type",
                                                    "Alias": "it2",
                                                    "Startup Cost": 0.0,
                                                    "Total Cost": 2.41,
                                                    "Plan Rows": 1,
                                                    "Plan Width": 4,
                                                    "Actual Startup Time": 0.019,
                                                    "Actual Total Time": 0.02,
                                                    "Actual Rows": 1,
                                                    "Actual Loops": 2,
                                                    "Filter": "((info)::text = 'rating'::text)",
                                                    "Rows Removed by Filter": 112
                                                  }
                                                ]
                                              }
                                            ]
                                          }
                                        ]
                                      },
                                      {
                                        "Node Type": "Sort",
                                        "Parent Relationship": "Inner",
                                        "Parallel Aware": false,
                                        "Startup Cost": 69491.43,
                                        "Total Cost": 69830.57,
                                        "Plan Rows": 135657,
                                        "Plan Width": 12,
                                        "Actual Startup Time": 360.4,
                                        "Actual Total Time": 370.708,
                                        "Actual Rows": 303086,
                                        "Actual Loops": 2,
                                        "Sort Key": [
                                          "mc.movie_id"
                                        ],
                                        "Sort Method": "quicksort",
                                        "Sort Space Used": 26504,
                                        "Sort Space Type": "Memory",
                                        "Workers": [
                                          {
                                            "Worker Number": 0,
                                            "Sort Method": "quicksort",
                                            "Sort Space Used": 26504,
                                            "Sort Space Type": "Memory"
                                          }
                                        ],
                                        "Plans": [
                                          {
                                            "Node Type": "Seq Scan",
                                            "Parent Relationship": "Outer",
                                            "Parallel Aware": false,
                                            "Relation Name": "movie_companies",
                                            "Alias": "mc",
                                            "Startup Cost": 0.0,
                                            "Total Cost": 57926.93,
                                            "Plan Rows": 135657,
                                            "Plan Width": 12,
                                            "Actual Startup Time": 0.018,
                                            "Actual Total Time": 302.341,
                                            "Actual Rows": 303271,
                                            "Actual Loops": 2,
                                            "Filter": "((note !~~ '%(USA)%'::text) AND (note ~~ '%(200%)%'::text))",
                                            "Rows Removed by Filter": 2305858
                                          }
                                        ]
                                      }
                                    ]
                                  }
                                ]
                              },
                              {
                                "Node Type": "Sort",
                                "Parent Relationship": "Inner",
                                "Parallel Aware": false,
                                "Startup Cost": 16558.15,
                                "Total Cost": 16871.84,
                                "Plan Rows": 125473,
                                "Plan Width": 23,
                                "Actual Startup Time": 63.065,
                                "Actual Total Time": 67.539,
                                "Actual Rows": 38380,
                                "Actual Loops": 2,
                                "Sort Key": [
                                  "cn.id"
                                ],
                                "Sort Method": "quicksort",
                                "Sort Space Used": 12078,
                                "Sort Space Type": "Memory",
                                "Workers": [
                                  {
                                    "Worker Number": 0,
                                    "Sort Method": "quicksort",
                                    "Sort Space Used": 12078,
                                    "Sort Space Type": "Memory"
                                  }
                                ],
                                "Plans": [
                                  {
                                    "Node Type": "Seq Scan",
                                    "Parent Relationship": "Outer",
                                    "Parallel Aware": false,
                                    "Relation Name": "company_name",
                                    "Alias": "cn",
                                    "Startup Cost": 0.0,
                                    "Total Cost": 5932.46,
                                    "Plan Rows": 125473,
                                    "Plan Width": 23,
                                    "Actual Startup Time": 0.036,
                                    "Actual Total Time": 28.398,
                                    "Actual Rows": 126230,
                                    "Actual Loops": 2,
                                    "Filter": "((country_code)::text <> '[us]'::text)",
                                    "Rows Removed by Filter": 108767
                                  }
                                ]
                              }
                            ]
                          }
                        ]
                      },
                      {
                        "Node Type": "Sort",
                        "Parent Relationship": "Inner",
                        "Parallel Aware": false,
                        "Startup Cost": 2.42,
                        "Total Cost": 2.43,
                        "Plan Rows": 1,
                        "Plan Width": 4,
                        "Actual Startup Time": 0.026,
                        "Actual Total Time": 0.026,
                        "Actual Rows": 1,
                        "Actual Loops": 2,
                        "Sort Key": [
                          "it1.id"
                        ],
                        "Sort Method": "quicksort",
                        "Sort Space Used": 25,
                        "Sort Space Type": "Memory",
                        "Workers": [
                          {
                            "Worker Number": 0,
                            "Sort Method": "quicksort",
                            "Sort Space Used": 25,
                            "Sort Space Type": "Memory"
                          }
                        ],
                        "Plans": [
                          {
                            "Node Type": "Seq Scan",
                            "Parent Relationship": "Outer",
                            "Parallel Aware": false,
                            "Relation Name": "info_type",
                            "Alias": "it1",
                            "Startup Cost": 0.0,
                            "Total Cost": 2.41,
                            "Plan Rows": 1,
                            "Plan Width": 4,
                            "Actual Startup Time": 0.015,
                            "Actual Total Time": 0.02,
                            "Actual Rows": 1,
                            "Actual Loops": 2,
                            "Filter": "((info)::text = 'countries'::text)",
                            "Rows Removed by Filter": 112
                          }
                        ]
                      }
                    ]
                  }
                ]
              },
              {
                "Node Type": "Sort",
                "Parent Relationship": "Inner",
                "Parallel Aware": false,
                "Startup Cost": 1.08,
                "Total Cost": 1.09,
                "Plan Rows": 4,
                "Plan Width": 4,
                "Actual Startup Time": 0.023,
                "Actual Total Time": 0.024,
                "Actual Rows": 1,
                "Actual Loops": 2,
                "Sort Key": [
                  "ct.id"
                ],
                "Sort Method": "quicksort",
                "Sort Space Used": 25,
                "Sort Space Type": "Memory",
                "Workers": [
                  {
                    "Worker Number": 0,
                    "Sort Method": "quicksort",
                    "Sort Space Used": 25,
                    "Sort Space Type": "Memory"
                  }
                ],
                "Plans": [
                  {
                    "Node Type": "Seq Scan",
                    "Parent Relationship": "Outer",
                    "Parallel Aware": false,
                    "Relation Name": "company_type",
                    "Alias": "ct",
                    "Startup Cost": 0.0,
                    "Total Cost": 1.04,
                    "Plan Rows": 4,
                    "Plan Width": 4,
                    "Actual Startup Time": 0.018,
                    "Actual Total Time": 0.019,
                    "Actual Rows": 4,
                    "Actual Loops": 2
                  }
                ]
              }
            ]
          }
        ]
      }
    ]
  },
  "Planning Time": 5.43,
  "Triggers": [],
  "Execution Time": 4650.85
}