[
  {
    "Plan": {
      "Node Type": "Aggregate",
      "Strategy": "Plain",
      "Partial Mode": "Finalize",
      "Parallel Aware": false,
      "Startup Cost": 44869.49,
      "Total Cost": 44869.5,
      "Plan Rows": 1,
      "Plan Width": 8,
      "Actual Startup Time": 122.279,
      "Actual Total Time": 129.947,
      "Actual Rows": 1,
      "Actual Loops": 1,
      "Plans": [
        {
          "Node Type": "Gather",
          "Parent Relationship": "Outer",
          "Parallel Aware": false,
          "Startup Cost": 44869.18,
          "Total Cost": 44869.49,
          "Plan Rows": 3,
          "Plan Width": 8,
          "Actual Startup Time": 122.165,
          "Actual Total Time": 129.939,
          "Actual Rows": 4,
          "Actual Loops": 1,
          "Workers Planned": 3,
          "Workers Launched": 3,
          "Single Copy": false,
          "Plans": [
            {
              "Node Type": "Aggregate",
              "Strategy": "Plain",
              "Partial Mode": "Partial",
              "Parent Relationship": "Outer",
              "Parallel Aware": false,
              "Startup Cost": 43869.18,
              "Total Cost": 43869.19,
              "Plan Rows": 1,
              "Plan Width": 8,
              "Actual Startup Time": 118.21,
              "Actual Total Time": 118.211,
              "Actual Rows": 1,
              "Actual Loops": 4,
              "Plans": [
                {
                  "Node Type": "Seq Scan",
                  "Parent Relationship": "Outer",
                  "Parallel Aware": true,
                  "Relation Name": "movie_keyword",
                  "Alias": "mk",
                  "Startup Cost": 0.0,
                  "Total Cost": 42695.65,
                  "Plan Rows": 469409,
                  "Plan Width": 0,
                  "Actual Startup Time": 0.027,
                  "Actual Total Time": 100.667,
                  "Actual Rows": 363232,
                  "Actual Loops": 4,
                  "Filter": "(keyword_id < 2048)",
                  "Rows Removed by Filter": 767750
                }
              ]
            }
          ]
        }
      ]
    },
    "Planning Time": 0.188,
    "Triggers": [],
    "Execution Time": 130.001
  }
]