[
  {
    "Plan": {
      "Node Type": "Aggregate",
      "Strategy": "Plain",
      "Partial Mode": "Finalize",
      "Parallel Aware": false,
      "Startup Cost": 411080.84,
      "Total Cost": 411080.85,
      "Plan Rows": 1,
      "Plan Width": 8,
      "Actual Startup Time": 2807.065,
      "Actual Total Time": 2870.335,
      "Actual Rows": 1,
      "Actual Loops": 1,
      "Plans": [
        {
          "Node Type": "Gather",
          "Parent Relationship": "Outer",
          "Parallel Aware": false,
          "Startup Cost": 411080.21,
          "Total Cost": 411080.82,
          "Plan Rows": 6,
          "Plan Width": 8,
          "Actual Startup Time": 2788.354,
          "Actual Total Time": 2870.318,
          "Actual Rows": 7,
          "Actual Loops": 1,
          "Workers Planned": 6,
          "Workers Launched": 6,
          "Single Copy": false,
          "Plans": [
            {
              "Node Type": "Aggregate",
              "Strategy": "Plain",
              "Partial Mode": "Partial",
              "Parent Relationship": "Outer",
              "Parallel Aware": false,
              "Startup Cost": 410080.21,
              "Total Cost": 410080.22,
              "Plan Rows": 1,
              "Plan Width": 8,
              "Actual Startup Time": 2764.646,
              "Actual Total Time": 2764.65,
              "Actual Rows": 1,
              "Actual Loops": 7,
              "Plans": [
                {
                  "Node Type": "Hash Join",
                  "Parent Relationship": "Outer",
                  "Parallel Aware": true,
                  "Join Type": "Inner",
                  "Startup Cost": 50219.64,
                  "Total Cost": 401980.93,
                  "Plan Rows": 3239712,
                  "Plan Width": 0,
                  "Actual Startup Time": 537.472,
                  "Actual Total Time": 2588.761,
                  "Actual Rows": 3096439,
                  "Actual Loops": 7,
                  "Inner Unique": true,
                  "Hash Cond": "(ci.movie_id = t.id)",
                  "Plans": [
                    {
                      "Node Type": "Seq Scan",
                      "Parent Relationship": "Outer",
                      "Parallel Aware": true,
                      "Relation Name": "cast_info",
                      "Alias": "ci",
                      "Startup Cost": 0.0,
                      "Total Cost": 343257.03,
                      "Plan Rows": 3239712,
                      "Plan Width": 4,
                      "Actual Startup Time": 249.992,
                      "Actual Total Time": 842.919,
                      "Actual Rows": 3096439,
                      "Actual Loops": 7,
                      "Filter": "((person_id > 655326) AND (role_id > 1))",
                      "Rows Removed by Filter": 2081325
                    },
                    {
                      "Node Type": "Hash",
                      "Parent Relationship": "Inner",
                      "Parallel Aware": true,
                      "Startup Cost": 42318.73,
                      "Total Cost": 42318.73,
                      "Plan Rows": 632073,
                      "Plan Width": 4,
                      "Actual Startup Time": 280.002,
                      "Actual Total Time": 280.003,
                      "Actual Rows": 361187,
                      "Actual Loops": 7,
                      "Hash Buckets": 4194304,
                      "Original Hash Buckets": 4194304,
                      "Hash Batches": 1,
                      "Original Hash Batches": 1,
                      "Peak Memory Usage": 131808,
                      "Plans": [
                        {
                          "Node Type": "Seq Scan",
                          "Parent Relationship": "Outer",
                          "Parallel Aware": true,
                          "Relation Name": "title",
                          "Alias": "t",
                          "Startup Cost": 0.0,
                          "Total Cost": 42318.73,
                          "Plan Rows": 632073,
                          "Plan Width": 4,
                          "Actual Startup Time": 0.041,
                          "Actual Total Time": 89.386,
                          "Actual Rows": 361187,
                          "Actual Loops": 7
                        }
                      ]
                    }
                  ]
                }
              ]
            }
          ]
        }
      ]
    },
    "Planning Time": 0.593,
    "Triggers": [],
    "Execution Time": 2870.42
  }
]