{
  "Plan": {
    "Node Type": "Aggregate",
    "Strategy": "Plain",
    "Partial Mode": "Finalize",
    "Parallel Aware": false,
    "Startup Cost": 134909.08,
    "Total Cost": 134909.09,
    "Plan Rows": 1,
    "Plan Width": 8,
    "Actual Startup Time": 769.673,
    "Actual Total Time": 787.079,
    "Actual Rows": 1,
    "Actual Loops": 1,
    "Plans": [
      {
        "Node Type": "Gather",
        "Parent Relationship": "Outer",
        "Parallel Aware": false,
        "Startup Cost": 134908.97,
        "Total Cost": 134909.08,
        "Plan Rows": 1,
        "Plan Width": 8,
        "Actual Startup Time": 766.69,
        "Actual Total Time": 787.071,
        "Actual Rows": 2,
        "Actual Loops": 1,
        "Workers Planned": 1,
        "Workers Launched": 1,
        "Single Copy": false,
        "Plans": [
          {
            "Node Type": "Aggregate",
            "Strategy": "Plain",
            "Partial Mode": "Partial",
            "Parent Relationship": "Outer",
            "Parallel Aware": false,
            "Startup Cost": 133908.97,
            "Total Cost": 133908.98,
            "Plan Rows": 1,
            "Plan Width": 8,
            "Actual Startup Time": 759.065,
            "Actual Total Time": 759.069,
            "Actual Rows": 1,
            "Actual Loops": 2,
            "Plans": [
              {
                "Node Type": "Hash Join",
                "Parent Relationship": "Outer",
                "Parallel Aware": true,
                "Join Type": "Inner",
                "Startup Cost": 67408.66,
                "Total Cost": 131116.15,
                "Plan Rows": 1117128,
                "Plan Width": 0,
                "Actual Startup Time": 358.328,
                "Actual Total Time": 740.111,
                "Actual Rows": 493830,
                "Actual Loops": 2,
                "Inner Unique": true,
                "Hash Cond": "(mk.movie_id = t.id)",
                "Plans": [
                  {
                    "Node Type": "Seq Scan",
                    "Parent Relationship": "Outer",
                    "Parallel Aware": true,
                    "Relation Name": "movie_keyword",
                    "Alias": "mk",
                    "Startup Cost": 0.0,
                    "Total Cost": 57718.19,
                    "Plan Rows": 2281634,
                    "Plan Width": 4,
                    "Actual Startup Time": 0.048,
                    "Actual Total Time": 193.169,
                    "Actual Rows": 1934614,
                    "Actual Loops": 2,
                    "Filter": "(keyword_id > 500)",
                    "Rows Removed by Filter": 327352
                  },
                  {
                    "Node Type": "Hash",
                    "Parent Relationship": "Inner",
                    "Parallel Aware": true,
                    "Startup Cost": 58306.47,
                    "Total Cost": 58306.47,
                    "Plan Rows": 728175,
                    "Plan Width": 4,
                    "Actual Startup Time": 344.042,
                    "Actual Total Time": 344.042,
                    "Actual Rows": 676760,
                    "Actual Loops": 2,
                    "Hash Buckets": 2097152,
                    "Original Hash Buckets": 2097152,
                    "Hash Batches": 1,
                    "Original Hash Batches": 1,
                    "Peak Memory Usage": 69376,
                    "Plans": [
                      {
                        "Node Type": "Seq Scan",
                        "Parent Relationship": "Outer",
                        "Parallel Aware": true,
                        "Relation Name": "title",
                        "Alias": "t",
                        "Startup Cost": 0.0,
                        "Total Cost": 58306.47,
                        "Plan Rows": 728175,
                        "Plan Width": 4,
                        "Actual Startup Time": 0.03,
                        "Actual Total Time": 169.698,
                        "Actual Rows": 676760,
                        "Actual Loops": 2,
                        "Filter": "((kind_id > 1) AND (production_year > 1993))",
                        "Rows Removed by Filter": 587396
                      }
                    ]
                  }
                ]
              }
            ]
          }
        ]
      }
    ]
  },
  "Planning Time": 0.611,
  "Triggers": [],
  "Execution Time": 787.146
}