[
  {
    "Plan": {
      "Node Type": "Aggregate",
      "Strategy": "Plain",
      "Partial Mode": "Finalize",
      "Parallel Aware": false,
      "Startup Cost": 20553.81,
      "Total Cost": 20553.82,
      "Plan Rows": 1,
      "Plan Width": 8,
      "Actual Startup Time": 12.35,
      "Actual Total Time": 14.163,
      "Actual Rows": 1,
      "Actual Loops": 1,
      "Plans": [
        {
          "Node Type": "Gather",
          "Parent Relationship": "Outer",
          "Parallel Aware": false,
          "Startup Cost": 20553.6,
          "Total Cost": 20553.81,
          "Plan Rows": 2,
          "Plan Width": 8,
          "Actual Startup Time": 12.166,
          "Actual Total Time": 14.152,
          "Actual Rows": 3,
          "Actual Loops": 1,
          "Workers Planned": 2,
          "Workers Launched": 2,
          "Single Copy": false,
          "Plans": [
            {
              "Node Type": "Aggregate",
              "Strategy": "Plain",
              "Partial Mode": "Partial",
              "Parent Relationship": "Outer",
              "Parallel Aware": false,
              "Startup Cost": 19553.6,
              "Total Cost": 19553.61,
              "Plan Rows": 1,
              "Plan Width": 8,
              "Actual Startup Time": 4.221,
              "Actual Total Time": 4.223,
              "Actual Rows": 1,
              "Actual Loops": 3,
              "Plans": [
                {
                  "Node Type": "Nested Loop",
                  "Parent Relationship": "Outer",
                  "Parallel Aware": false,
                  "Join Type": "Inner",
                  "Startup Cost": 111.31,
                  "Total Cost": 19553.42,
                  "Plan Rows": 70,
                  "Plan Width": 0,
                  "Actual Startup Time": 2.6,
                  "Actual Total Time": 4.217,
                  "Actual Rows": 0,
                  "Actual Loops": 3,
                  "Inner Unique": true,
                  "Plans": [
                    {
                      "Node Type": "Bitmap Heap Scan",
                      "Parent Relationship": "Outer",
                      "Parallel Aware": true,
                      "Relation Name": "movie_companies",
                      "Alias": "mc",
                      "Startup Cost": 110.88,
                      "Total Cost": 11442.01,
                      "Plan Rows": 1035,
                      "Plan Width": 4,
                      "Actual Startup Time": 1.608,
                      "Actual Total Time": 2.933,
                      "Actual Rows": 125,
                      "Actual Loops": 3,
                      "Recheck Cond": "(company_id = 1427)",
                      "Rows Removed by Index Recheck": 0,
                      "Filter": "(company_type_id < 2)",
                      "Rows Removed by Filter": 1591,
                      "Exact Heap Blocks": 891,
                      "Lossy Heap Blocks": 0,
                      "Plans": [
                        {
                          "Node Type": "Bitmap Index Scan",
                          "Parent Relationship": "Outer",
                          "Parallel Aware": false,
                          "Index Name": "company_id_movie_companies",
                          "Startup Cost": 0.0,
                          "Total Cost": 110.26,
                          "Plan Rows": 5044,
                          "Plan Width": 0,
                          "Actual Startup Time": 3.216,
                          "Actual Total Time": 3.216,
                          "Actual Rows": 5148,
                          "Actual Loops": 1,
                          "Index Cond": "(company_id = 1427)"
                        }
                      ]
                    },
                    {
                      "Node Type": "Index Scan",
                      "Parent Relationship": "Inner",
                      "Parallel Aware": false,
                      "Scan Direction": "Forward",
                      "Index Name": "title_pkey",
                      "Relation Name": "title",
                      "Alias": "t",
                      "Startup Cost": 0.43,
                      "Total Cost": 7.84,
                      "Plan Rows": 1,
                      "Plan Width": 4,
                      "Actual Startup Time": 0.01,
                      "Actual Total Time": 0.01,
                      "Actual Rows": 0,
                      "Actual Loops": 375,
                      "Index Cond": "(id = mc.movie_id)",
                      "Rows Removed by Index Recheck": 0,
                      "Filter": "((kind_id > 1) AND (production_year > 2011))",
                      "Rows Removed by Filter": 1
                    }
                  ]
                }
              ]
            }
          ]
        }
      ]
    },
    "Planning Time": 0.748,
    "Triggers": [],
    "Execution Time": 14.262
  }
]