[
  {
    "Plan": {
      "Node Type": "Aggregate",
      "Strategy": "Plain",
      "Partial Mode": "Finalize",
      "Parallel Aware": false,
      "Startup Cost": 33401.15,
      "Total Cost": 33401.16,
      "Plan Rows": 1,
      "Plan Width": 8,
      "Actual Startup Time": 94.861,
      "Actual Total Time": 103.539,
      "Actual Rows": 1,
      "Actual Loops": 1,
      "Plans": [
        {
          "Node Type": "Gather",
          "Parent Relationship": "Outer",
          "Parallel Aware": false,
          "Startup Cost": 33400.84,
          "Total Cost": 33401.15,
          "Plan Rows": 3,
          "Plan Width": 8,
          "Actual Startup Time": 94.676,
          "Actual Total Time": 103.53,
          "Actual Rows": 4,
          "Actual Loops": 1,
          "Workers Planned": 3,
          "Workers Launched": 3,
          "Single Copy": false,
          "Plans": [
            {
              "Node Type": "Aggregate",
              "Strategy": "Plain",
              "Partial Mode": "Partial",
              "Parent Relationship": "Outer",
              "Parallel Aware": false,
              "Startup Cost": 32400.84,
              "Total Cost": 32400.85,
              "Plan Rows": 1,
              "Plan Width": 8,
              "Actual Startup Time": 89.255,
              "Actual Total Time": 89.256,
              "Actual Rows": 1,
              "Actual Loops": 4,
              "Plans": [
                {
                  "Node Type": "Seq Scan",
                  "Parent Relationship": "Outer",
                  "Parallel Aware": true,
                  "Relation Name": "movie_companies",
                  "Alias": "mc",
                  "Startup Cost": 0.0,
                  "Total Cost": 31414.82,
                  "Plan Rows": 394407,
                  "Plan Width": 0,
                  "Actual Startup Time": 40.326,
                  "Actual Total Time": 77.708,
                  "Actual Rows": 280221,
                  "Actual Loops": 4,
                  "Filter": "((company_id < 109550) AND (company_type_id > 1))",
                  "Rows Removed by Filter": 372061
                }
              ]
            }
          ]
        }
      ]
    },
    "Planning Time": 0.132,
    "Triggers": [],
    "Execution Time": 103.575
  }
]