[
  {
    "Plan": {
      "Node Type": "Aggregate",
      "Strategy": "Plain",
      "Partial Mode": "Finalize",
      "Parallel Aware": false,
      "Startup Cost": 33394.42,
      "Total Cost": 33394.43,
      "Plan Rows": 1,
      "Plan Width": 8,
      "Actual Startup Time": 103.61,
      "Actual Total Time": 111.201,
      "Actual Rows": 1,
      "Actual Loops": 1,
      "Plans": [
        {
          "Node Type": "Gather",
          "Parent Relationship": "Outer",
          "Parallel Aware": false,
          "Startup Cost": 33394.11,
          "Total Cost": 33394.42,
          "Plan Rows": 3,
          "Plan Width": 8,
          "Actual Startup Time": 103.531,
          "Actual Total Time": 111.193,
          "Actual Rows": 4,
          "Actual Loops": 1,
          "Workers Planned": 3,
          "Workers Launched": 3,
          "Single Copy": false,
          "Plans": [
            {
              "Node Type": "Aggregate",
              "Strategy": "Plain",
              "Partial Mode": "Partial",
              "Parent Relationship": "Outer",
              "Parallel Aware": false,
              "Startup Cost": 32394.11,
              "Total Cost": 32394.12,
              "Plan Rows": 1,
              "Plan Width": 8,
              "Actual Startup Time": 96.493,
              "Actual Total Time": 96.494,
              "Actual Rows": 1,
              "Actual Loops": 4,
              "Plans": [
                {
                  "Node Type": "Seq Scan",
                  "Parent Relationship": "Outer",
                  "Parallel Aware": true,
                  "Relation Name": "movie_companies",
                  "Alias": "mc",
                  "Startup Cost": 0.0,
                  "Total Cost": 31414.82,
                  "Plan Rows": 391715,
                  "Plan Width": 0,
                  "Actual Startup Time": 50.132,
                  "Actual Total Time": 85.701,
                  "Actual Rows": 280221,
                  "Actual Loops": 4,
                  "Filter": "((company_id < 109550) AND (company_type_id > 1))",
                  "Rows Removed by Filter": 372061
                }
              ]
            }
          ]
        }
      ]
    },
    "Planning Time": 0.221,
    "Triggers": [],
    "Execution Time": 111.262
  }
]