[
  {
    "Plan": {
      "Node Type": "Aggregate",
      "Strategy": "Plain",
      "Partial Mode": "Finalize",
      "Parallel Aware": false,
      "Startup Cost": 481841.27,
      "Total Cost": 481841.28,
      "Plan Rows": 1,
      "Plan Width": 8,
      "Actual Startup Time": 5748.298,
      "Actual Total Time": 5866.761,
      "Actual Rows": 1,
      "Actual Loops": 1,
      "Plans": [
        {
          "Node Type": "Gather",
          "Parent Relationship": "Outer",
          "Parallel Aware": false,
          "Startup Cost": 481840.75,
          "Total Cost": 481841.26,
          "Plan Rows": 5,
          "Plan Width": 8,
          "Actual Startup Time": 5745.767,
          "Actual Total Time": 5866.751,
          "Actual Rows": 6,
          "Actual Loops": 1,
          "Workers Planned": 5,
          "Workers Launched": 5,
          "Single Copy": false,
          "Plans": [
            {
              "Node Type": "Aggregate",
              "Strategy": "Plain",
              "Partial Mode": "Partial",
              "Parent Relationship": "Outer",
              "Parallel Aware": false,
              "Startup Cost": 480840.75,
              "Total Cost": 480840.76,
              "Plan Rows": 1,
              "Plan Width": 8,
              "Actual Startup Time": 5734.845,
              "Actual Total Time": 5734.848,
              "Actual Rows": 1,
              "Actual Loops": 6,
              "Plans": [
                {
                  "Node Type": "Nested Loop",
                  "Parent Relationship": "Outer",
                  "Parallel Aware": false,
                  "Join Type": "Inner",
                  "Startup Cost": 46522.99,
                  "Total Cost": 480344.69,
                  "Plan Rows": 198425,
                  "Plan Width": 0,
                  "Actual Startup Time": 116.095,
                  "Actual Total Time": 5706.842,
                  "Actual Rows": 520680,
                  "Actual Loops": 6,
                  "Inner Unique": false,
                  "Join Filter": "(t.id = ci.movie_id)",
                  "Rows Removed by Join Filter": 0,
                  "Plans": [
                    {
                      "Node Type": "Hash Join",
                      "Parent Relationship": "Outer",
                      "Parallel Aware": true,
                      "Join Type": "Inner",
                      "Startup Cost": 46522.42,
                      "Total Cost": 248285.77,
                      "Plan Rows": 141418,
                      "Plan Width": 8,
                      "Actual Startup Time": 115.86,
                      "Actual Total Time": 703.655,
                      "Actual Rows": 227669,
                      "Actual Loops": 6,
                      "Inner Unique": true,
                      "Hash Cond": "(mi.movie_id = t.id)",
                      "Plans": [
                        {
                          "Node Type": "Seq Scan",
                          "Parent Relationship": "Outer",
                          "Parallel Aware": true,
                          "Relation Name": "movie_info",
                          "Alias": "mi",
                          "Startup Cost": 0.0,
                          "Total Cost": 198952.16,
                          "Plan Rows": 1070929,
                          "Plan Width": 4,
                          "Actual Startup Time": 0.029,
                          "Actual Total Time": 330.482,
                          "Actual Rows": 901753,
                          "Actual Loops": 6,
                          "Filter": "(info_type_id < 6)",
                          "Rows Removed by Filter": 1570867
                        },
                        {
                          "Node Type": "Hash",
                          "Parent Relationship": "Inner",
                          "Parallel Aware": true,
                          "Startup Cost": 45479.1,
                          "Total Cost": 45479.1,
                          "Plan Rows": 83466,
                          "Plan Width": 4,
                          "Actual Startup Time": 101.603,
                          "Actual Total Time": 101.604,
                          "Actual Rows": 42595,
                          "Actual Loops": 6,
                          "Hash Buckets": 524288,
                          "Original Hash Buckets": 524288,
                          "Hash Batches": 1,
                          "Original Hash Batches": 1,
                          "Peak Memory Usage": 14272,
                          "Plans": [
                            {
                              "Node Type": "Seq Scan",
                              "Parent Relationship": "Outer",
                              "Parallel Aware": true,
                              "Relation Name": "title",
                              "Alias": "t",
                              "Startup Cost": 0.0,
                              "Total Cost": 45479.1,
                              "Plan Rows": 83466,
                              "Plan Width": 4,
                              "Actual Startup Time": 45.412,
                              "Actual Total Time": 84.386,
                              "Actual Rows": 42595,
                              "Actual Loops": 6,
                              "Filter": "((production_year > 2002) AND (kind_id = 1))",
                              "Rows Removed by Filter": 378790
                            }
                          ]
                        }
                      ]
                    },
                    {
                      "Node Type": "Index Scan",
                      "Parent Relationship": "Inner",
                      "Parallel Aware": false,
                      "Scan Direction": "Forward",
                      "Index Name": "movie_id_cast_info",
                      "Relation Name": "cast_info",
                      "Alias": "ci",
                      "Startup Cost": 0.56,
                      "Total Cost": 1.59,
                      "Plan Rows": 4,
                      "Plan Width": 4,
                      "Actual Startup Time": 0.007,
                      "Actual Total Time": 0.022,
                      "Actual Rows": 2,
                      "Actual Loops": 1366014,
                      "Index Cond": "(movie_id = mi.movie_id)",
                      "Rows Removed by Index Recheck": 0,
                      "Filter": "(person_id < 351372)",
                      "Rows Removed by Filter": 22
                    }
                  ]
                }
              ]
            }
          ]
        }
      ]
    },
    "Planning Time": 1.373,
    "Triggers": [],
    "Execution Time": 5866.873
  }
]