{
  "Plan": {
    "Node Type": "Aggregate",
    "Strategy": "Plain",
    "Partial Mode": "Finalize",
    "Parallel Aware": false,
    "Startup Cost": 122117.57,
    "Total Cost": 122117.58,
    "Plan Rows": 1,
    "Plan Width": 8,
    "Actual Startup Time": 588.943,
    "Actual Total Time": 631.653,
    "Actual Rows": 1,
    "Actual Loops": 1,
    "Plans": [
      {
        "Node Type": "Gather",
        "Parent Relationship": "Outer",
        "Parallel Aware": false,
        "Startup Cost": 122117.45,
        "Total Cost": 122117.56,
        "Plan Rows": 1,
        "Plan Width": 8,
        "Actual Startup Time": 588.693,
        "Actual Total Time": 631.643,
        "Actual Rows": 2,
        "Actual Loops": 1,
        "Workers Planned": 1,
        "Workers Launched": 1,
        "Single Copy": false,
        "Plans": [
          {
            "Node Type": "Aggregate",
            "Strategy": "Plain",
            "Partial Mode": "Partial",
            "Parent Relationship": "Outer",
            "Parallel Aware": false,
            "Startup Cost": 121117.45,
            "Total Cost": 121117.46,
            "Plan Rows": 1,
            "Plan Width": 8,
            "Actual Startup Time": 582.876,
            "Actual Total Time": 582.879,
            "Actual Rows": 1,
            "Actual Loops": 2,
            "Plans": [
              {
                "Node Type": "Nested Loop",
                "Parent Relationship": "Outer",
                "Parallel Aware": false,
                "Join Type": "Inner",
                "Startup Cost": 54756.14,
                "Total Cost": 120915.52,
                "Plan Rows": 80772,
                "Plan Width": 0,
                "Actual Startup Time": 136.865,
                "Actual Total Time": 564.659,
                "Actual Rows": 403948,
                "Actual Loops": 2,
                "Inner Unique": false,
                "Join Filter": "(t.id = mi.movie_id)",
                "Rows Removed by Join Filter": 0,
                "Plans": [
                  {
                    "Node Type": "Hash Join",
                    "Parent Relationship": "Outer",
                    "Parallel Aware": true,
                    "Join Type": "Inner",
                    "Startup Cost": 54755.7,
                    "Total Cost": 92922.33,
                    "Plan Rows": 13814,
                    "Plan Width": 8,
                    "Actual Startup Time": 136.795,
                    "Actual Total Time": 348.027,
                    "Actual Rows": 12363,
                    "Actual Loops": 2,
                    "Inner Unique": true,
                    "Hash Cond": "(mc.movie_id = t.id)",
                    "Plans": [
                      {
                        "Node Type": "Seq Scan",
                        "Parent Relationship": "Outer",
                        "Parallel Aware": true,
                        "Relation Name": "movie_companies",
                        "Alias": "mc",
                        "Startup Cost": 0.0,
                        "Total Cost": 34137.82,
                        "Plan Rows": 1534782,
                        "Plan Width": 4,
                        "Actual Startup Time": 0.014,
                        "Actual Total Time": 94.189,
                        "Actual Rows": 1304564,
                        "Actual Loops": 2
                      },
                      {
                        "Node Type": "Hash",
                        "Parent Relationship": "Inner",
                        "Parallel Aware": true,
                        "Startup Cost": 54588.39,
                        "Total Cost": 54588.39,
                        "Plan Rows": 13385,
                        "Plan Width": 4,
                        "Actual Startup Time": 135.496,
                        "Actual Total Time": 135.497,
                        "Actual Rows": 11520,
                        "Actual Loops": 2,
                        "Hash Buckets": 32768,
                        "Original Hash Buckets": 32768,
                        "Hash Batches": 1,
                        "Original Hash Batches": 1,
                        "Peak Memory Usage": 1184,
                        "Plans": [
                          {
                            "Node Type": "Seq Scan",
                            "Parent Relationship": "Outer",
                            "Parallel Aware": true,
                            "Relation Name": "title",
                            "Alias": "t",
                            "Startup Cost": 0.0,
                            "Total Cost": 54588.39,
                            "Plan Rows": 13385,
                            "Plan Width": 4,
                            "Actual Startup Time": 0.036,
                            "Actual Total Time": 131.222,
                            "Actual Rows": 11520,
                            "Actual Loops": 2,
                            "Filter": "(production_year = 1990)",
                            "Rows Removed by Filter": 1252636
                          }
                        ]
                      }
                    ]
                  },
                  {
                    "Node Type": "Index Only Scan",
                    "Parent Relationship": "Inner",
                    "Parallel Aware": false,
                    "Scan Direction": "Forward",
                    "Index Name": "movie_id_movie_info",
                    "Relation Name": "movie_info",
                    "Alias": "mi",
                    "Startup Cost": 0.43,
                    "Total Cost": 1.5,
                    "Plan Rows": 42,
                    "Plan Width": 4,
                    "Actual Startup Time": 0.004,
                    "Actual Total Time": 0.015,
                    "Actual Rows": 33,
                    "Actual Loops": 24726,
                    "Index Cond": "(movie_id = mc.movie_id)",
                    "Rows Removed by Index Recheck": 0,
                    "Heap Fetches": 807897
                  }
                ]
              }
            ]
          }
        ]
      }
    ]
  },
  "Planning Time": 0.951,
  "Triggers": [],
  "Execution Time": 631.745
}