[
  {
    "Plan": {
      "Node Type": "Aggregate",
      "Strategy": "Plain",
      "Partial Mode": "Finalize",
      "Parallel Aware": false,
      "Startup Cost": 346426.51,
      "Total Cost": 346426.52,
      "Plan Rows": 1,
      "Plan Width": 8,
      "Actual Startup Time": 869.871,
      "Actual Total Time": 887.538,
      "Actual Rows": 1,
      "Actual Loops": 1,
      "Plans": [
        {
          "Node Type": "Gather",
          "Parent Relationship": "Outer",
          "Parallel Aware": false,
          "Startup Cost": 346426.3,
          "Total Cost": 346426.51,
          "Plan Rows": 2,
          "Plan Width": 8,
          "Actual Startup Time": 859.599,
          "Actual Total Time": 887.526,
          "Actual Rows": 3,
          "Actual Loops": 1,
          "Workers Planned": 2,
          "Workers Launched": 2,
          "Single Copy": false,
          "Plans": [
            {
              "Node Type": "Aggregate",
              "Strategy": "Plain",
              "Partial Mode": "Partial",
              "Parent Relationship": "Outer",
              "Parallel Aware": false,
              "Startup Cost": 345426.3,
              "Total Cost": 345426.31,
              "Plan Rows": 1,
              "Plan Width": 8,
              "Actual Startup Time": 851.735,
              "Actual Total Time": 852.27,
              "Actual Rows": 1,
              "Actual Loops": 3,
              "Plans": [
                {
                  "Node Type": "Hash Join",
                  "Parent Relationship": "Outer",
                  "Parallel Aware": true,
                  "Join Type": "Inner",
                  "Startup Cost": 328970.85,
                  "Total Cost": 345057.9,
                  "Plan Rows": 147360,
                  "Plan Width": 0,
                  "Actual Startup Time": 700.975,
                  "Actual Total Time": 840.755,
                  "Actual Rows": 216205,
                  "Actual Loops": 3,
                  "Inner Unique": false,
                  "Hash Cond": "(mi_idx.movie_id = t.id)",
                  "Plans": [
                    {
                      "Node Type": "Seq Scan",
                      "Parent Relationship": "Outer",
                      "Parallel Aware": true,
                      "Relation Name": "movie_info_idx",
                      "Alias": "mi_idx",
                      "Startup Cost": 0.0,
                      "Total Cost": 13685.15,
                      "Plan Rows": 575015,
                      "Plan Width": 4,
                      "Actual Startup Time": 0.035,
                      "Actual Total Time": 43.94,
                      "Actual Rows": 460012,
                      "Actual Loops": 3
                    },
                    {
                      "Node Type": "Hash",
                      "Parent Relationship": "Inner",
                      "Parallel Aware": true,
                      "Startup Cost": 327620.99,
                      "Total Cost": 327620.99,
                      "Plan Rows": 107989,
                      "Plan Width": 8,
                      "Actual Startup Time": 694.758,
                      "Actual Total Time": 695.291,
                      "Actual Rows": 220263,
                      "Actual Loops": 3,
                      "Hash Buckets": 1048576,
                      "Original Hash Buckets": 1048576,
                      "Hash Batches": 1,
                      "Original Hash Batches": 1,
                      "Peak Memory Usage": 34080,
                      "Plans": [
                        {
                          "Node Type": "Hash Join",
                          "Parent Relationship": "Outer",
                          "Parallel Aware": true,
                          "Join Type": "Inner",
                          "Startup Cost": 72247.0,
                          "Total Cost": 327620.99,
                          "Plan Rows": 107989,
                          "Plan Width": 8,
                          "Actual Startup Time": 390.718,
                          "Actual Total Time": 615.771,
                          "Actual Rows": 220263,
                          "Actual Loops": 3,
                          "Inner Unique": true,
                          "Hash Cond": "(ci.movie_id = t.id)",
                          "Plans": [
                            {
                              "Node Type": "Bitmap Heap Scan",
                              "Parent Relationship": "Outer",
                              "Parallel Aware": true,
                              "Relation Name": "cast_info",
                              "Alias": "ci",
                              "Startup Cost": 23545.38,
                              "Total Cost": 278453.03,
                              "Plan Rows": 177652,
                              "Plan Width": 4,
                              "Actual Startup Time": 41.304,
                              "Actual Total Time": 103.74,
                              "Actual Rows": 343039,
                              "Actual Loops": 3,
                              "Recheck Cond": "(person_id > 3862524)",
                              "Rows Removed by Index Recheck": 0,
                              "Exact Heap Blocks": 6390,
                              "Lossy Heap Blocks": 0,
                              "Plans": [
                                {
                                  "Node Type": "Bitmap Index Scan",
                                  "Parent Relationship": "Outer",
                                  "Parallel Aware": false,
                                  "Index Name": "person_id_cast_info",
                                  "Startup Cost": 0.0,
                                  "Total Cost": 23278.9,
                                  "Plan Rows": 1065912,
                                  "Plan Width": 0,
                                  "Actual Startup Time": 39.105,
                                  "Actual Total Time": 39.105,
                                  "Actual Rows": 1029116,
                                  "Actual Loops": 1,
                                  "Index Cond": "(person_id > 3862524)"
                                }
                              ]
                            },
                            {
                              "Node Type": "Hash",
                              "Parent Relationship": "Inner",
                              "Parallel Aware": true,
                              "Startup Cost": 43898.92,
                              "Total Cost": 43898.92,
                              "Plan Rows": 384216,
                              "Plan Width": 4,
                              "Actual Startup Time": 343.124,
                              "Actual Total Time": 343.126,
                              "Actual Rows": 514421,
                              "Actual Loops": 3,
                              "Hash Buckets": 2097152,
                              "Original Hash Buckets": 2097152,
                              "Hash Batches": 1,
                              "Original Hash Batches": 1,
                              "Peak Memory Usage": 76800,
                              "Plans": [
                                {
                                  "Node Type": "Seq Scan",
                                  "Parent Relationship": "Outer",
                                  "Parallel Aware": true,
                                  "Relation Name": "title",
                                  "Alias": "t",
                                  "Startup Cost": 0.0,
                                  "Total Cost": 43898.92,
                                  "Plan Rows": 384216,
                                  "Plan Width": 4,
                                  "Actual Startup Time": 0.043,
                                  "Actual Total Time": 147.216,
                                  "Actual Rows": 514421,
                                  "Actual Loops": 3,
                                  "Filter": "(kind_id = 7)",
                                  "Rows Removed by Filter": 328349
                                }
                              ]
                            }
                          ]
                        }
                      ]
                    }
                  ]
                }
              ]
            }
          ]
        }
      ]
    },
    "Planning Time": 1.269,
    "Triggers": [],
    "Execution Time": 887.656
  }
]