{
  "Plan": {
    "Node Type": "Aggregate",
    "Strategy": "Plain",
    "Partial Mode": "Finalize",
    "Parallel Aware": false,
    "Startup Cost": 129227.21,
    "Total Cost": 129227.22,
    "Plan Rows": 1,
    "Plan Width": 8,
    "Actual Startup Time": 640.15,
    "Actual Total Time": 674.296,
    "Actual Rows": 1,
    "Actual Loops": 1,
    "Plans": [
      {
        "Node Type": "Gather",
        "Parent Relationship": "Outer",
        "Parallel Aware": false,
        "Startup Cost": 129227.1,
        "Total Cost": 129227.21,
        "Plan Rows": 1,
        "Plan Width": 8,
        "Actual Startup Time": 639.895,
        "Actual Total Time": 674.287,
        "Actual Rows": 2,
        "Actual Loops": 1,
        "Workers Planned": 1,
        "Workers Launched": 1,
        "Single Copy": false,
        "Plans": [
          {
            "Node Type": "Aggregate",
            "Strategy": "Plain",
            "Partial Mode": "Partial",
            "Parent Relationship": "Outer",
            "Parallel Aware": false,
            "Startup Cost": 128227.1,
            "Total Cost": 128227.11,
            "Plan Rows": 1,
            "Plan Width": 8,
            "Actual Startup Time": 633.741,
            "Actual Total Time": 633.745,
            "Actual Rows": 1,
            "Actual Loops": 2,
            "Plans": [
              {
                "Node Type": "Nested Loop",
                "Parent Relationship": "Outer",
                "Parallel Aware": false,
                "Join Type": "Inner",
                "Startup Cost": 58517.18,
                "Total Cost": 128031.5,
                "Plan Rows": 78240,
                "Plan Width": 0,
                "Actual Startup Time": 191.351,
                "Actual Total Time": 627.384,
                "Actual Rows": 78170,
                "Actual Loops": 2,
                "Inner Unique": false,
                "Join Filter": "(t.id = mi.movie_id)",
                "Rows Removed by Join Filter": 0,
                "Plans": [
                  {
                    "Node Type": "Hash Join",
                    "Parent Relationship": "Outer",
                    "Parallel Aware": true,
                    "Join Type": "Inner",
                    "Startup Cost": 58516.74,
                    "Total Cost": 99596.8,
                    "Plan Rows": 13381,
                    "Plan Width": 8,
                    "Actual Startup Time": 191.278,
                    "Actual Total Time": 502.462,
                    "Actual Rows": 7258,
                    "Actual Loops": 2,
                    "Inner Unique": true,
                    "Hash Cond": "(mc.movie_id = t.id)",
                    "Plans": [
                      {
                        "Node Type": "Seq Scan",
                        "Parent Relationship": "Outer",
                        "Parallel Aware": true,
                        "Relation Name": "movie_companies",
                        "Alias": "mc",
                        "Startup Cost": 0.0,
                        "Total Cost": 37974.77,
                        "Plan Rows": 1182967,
                        "Plan Width": 4,
                        "Actual Startup Time": 0.303,
                        "Actual Total Time": 174.893,
                        "Actual Rows": 1008884,
                        "Actual Loops": 2,
                        "Filter": "(company_id > 677)",
                        "Rows Removed by Filter": 295680
                      },
                      {
                        "Node Type": "Hash",
                        "Parent Relationship": "Inner",
                        "Parallel Aware": true,
                        "Startup Cost": 58306.47,
                        "Total Cost": 58306.47,
                        "Plan Rows": 16822,
                        "Plan Width": 4,
                        "Actual Startup Time": 189.731,
                        "Actual Total Time": 189.732,
                        "Actual Rows": 16244,
                        "Actual Loops": 2,
                        "Hash Buckets": 32768,
                        "Original Hash Buckets": 32768,
                        "Hash Batches": 1,
                        "Original Hash Batches": 1,
                        "Peak Memory Usage": 1568,
                        "Plans": [
                          {
                            "Node Type": "Seq Scan",
                            "Parent Relationship": "Outer",
                            "Parallel Aware": true,
                            "Relation Name": "title",
                            "Alias": "t",
                            "Startup Cost": 0.0,
                            "Total Cost": 58306.47,
                            "Plan Rows": 16822,
                            "Plan Width": 4,
                            "Actual Startup Time": 0.041,
                            "Actual Total Time": 182.688,
                            "Actual Rows": 16244,
                            "Actual Loops": 2,
                            "Filter": "((kind_id > 1) AND (production_year = 1997))",
                            "Rows Removed by Filter": 1247912
                          }
                        ]
                      }
                    ]
                  },
                  {
                    "Node Type": "Index Only Scan",
                    "Parent Relationship": "Inner",
                    "Parallel Aware": false,
                    "Scan Direction": "Forward",
                    "Index Name": "movie_id_movie_info",
                    "Relation Name": "movie_info",
                    "Alias": "mi",
                    "Startup Cost": 0.43,
                    "Total Cost": 1.6,
                    "Plan Rows": 42,
                    "Plan Width": 4,
                    "Actual Startup Time": 0.006,
                    "Actual Total Time": 0.015,
                    "Actual Rows": 11,
                    "Actual Loops": 14516,
                    "Index Cond": "(movie_id = mc.movie_id)",
                    "Rows Removed by Index Recheck": 0,
                    "Heap Fetches": 156339
                  }
                ]
              }
            ]
          }
        ]
      }
    ]
  },
  "Planning Time": 1.045,
  "Triggers": [],
  "Execution Time": 674.385
}