[
  {
    "Plan": {
      "Node Type": "Aggregate",
      "Strategy": "Plain",
      "Partial Mode": "Finalize",
      "Parallel Aware": false,
      "Startup Cost": 32617.96,
      "Total Cost": 32617.97,
      "Plan Rows": 1,
      "Plan Width": 8,
      "Actual Startup Time": 88.845,
      "Actual Total Time": 95.974,
      "Actual Rows": 1,
      "Actual Loops": 1,
      "Plans": [
        {
          "Node Type": "Gather",
          "Parent Relationship": "Outer",
          "Parallel Aware": false,
          "Startup Cost": 32617.64,
          "Total Cost": 32617.95,
          "Plan Rows": 3,
          "Plan Width": 8,
          "Actual Startup Time": 88.734,
          "Actual Total Time": 95.967,
          "Actual Rows": 4,
          "Actual Loops": 1,
          "Workers Planned": 3,
          "Workers Launched": 3,
          "Single Copy": false,
          "Plans": [
            {
              "Node Type": "Aggregate",
              "Strategy": "Plain",
              "Partial Mode": "Partial",
              "Parent Relationship": "Outer",
              "Parallel Aware": false,
              "Startup Cost": 31617.64,
              "Total Cost": 31617.65,
              "Plan Rows": 1,
              "Plan Width": 8,
              "Actual Startup Time": 81.979,
              "Actual Total Time": 81.98,
              "Actual Rows": 1,
              "Actual Loops": 4,
              "Plans": [
                {
                  "Node Type": "Seq Scan",
                  "Parent Relationship": "Outer",
                  "Parallel Aware": true,
                  "Relation Name": "movie_companies",
                  "Alias": "mc",
                  "Startup Cost": 0.0,
                  "Total Cost": 31414.82,
                  "Plan Rows": 81129,
                  "Plan Width": 0,
                  "Actual Startup Time": 44.058,
                  "Actual Total Time": 76.271,
                  "Actual Rows": 122646,
                  "Actual Loops": 4,
                  "Filter": "((company_id > 74718) AND (company_type_id = 2))",
                  "Rows Removed by Filter": 529636
                }
              ]
            }
          ]
        }
      ]
    },
    "Planning Time": 0.215,
    "Triggers": [],
    "Execution Time": 96.03
  }
]