{
    "Plan": {
        "Node Type": "Aggregate",
        "Strategy": "Plain",
        "Partial Mode": "Finalize",
        "Parallel Aware": false,
        "Startup Cost": 374652.03,
        "Total Cost": 374652.04,
        "Plan Rows": 1,
        "Plan Width": 8,
        "Actual Startup Time": 748.529,
        "Actual Total Time": 785.022,
        "Actual Rows": 1,
        "Actual Loops": 1,
        "Output": [
            "count(*)"
        ],
        "Plans": [
            {
                "Node Type": "Gather",
                "Parent Relationship": "Outer",
                "Parallel Aware": false,
                "Startup Cost": 374651.41,
                "Total Cost": 374652.02,
                "Plan Rows": 6,
                "Plan Width": 8,
                "Actual Startup Time": 744.28,
                "Actual Total Time": 785.011,
                "Actual Rows": 7,
                "Actual Loops": 1,
                "Output": [
                    "(PARTIAL count(*))"
                ],
                "Workers Planned": 6,
                "Workers Launched": 6,
                "Single Copy": false,
                "Plans": [
                    {
                        "Node Type": "Aggregate",
                        "Strategy": "Plain",
                        "Partial Mode": "Partial",
                        "Parent Relationship": "Outer",
                        "Parallel Aware": false,
                        "Startup Cost": 373651.41,
                        "Total Cost": 373651.42,
                        "Plan Rows": 1,
                        "Plan Width": 8,
                        "Actual Startup Time": 733.345,
                        "Actual Total Time": 733.348,
                        "Actual Rows": 1,
                        "Actual Loops": 7,
                        "Output": [
                            "PARTIAL count(*)"
                        ],
                        "Workers": [
                            {
                                "Worker Number": 0,
                                "Actual Startup Time": 730.757,
                                "Actual Total Time": 730.76,
                                "Actual Rows": 1,
                                "Actual Loops": 1
                            },
                            {
                                "Worker Number": 1,
                                "Actual Startup Time": 731.087,
                                "Actual Total Time": 731.092,
                                "Actual Rows": 1,
                                "Actual Loops": 1
                            },
                            {
                                "Worker Number": 2,
                                "Actual Startup Time": 731.371,
                                "Actual Total Time": 731.374,
                                "Actual Rows": 1,
                                "Actual Loops": 1
                            },
                            {
                                "Worker Number": 3,
                                "Actual Startup Time": 732.371,
                                "Actual Total Time": 732.374,
                                "Actual Rows": 1,
                                "Actual Loops": 1
                            },
                            {
                                "Worker Number": 4,
                                "Actual Startup Time": 732.081,
                                "Actual Total Time": 732.084,
                                "Actual Rows": 1,
                                "Actual Loops": 1
                            },
                            {
                                "Worker Number": 5,
                                "Actual Startup Time": 732.391,
                                "Actual Total Time": 732.395,
                                "Actual Rows": 1,
                                "Actual Loops": 1
                            }
                        ],
                        "Plans": [
                            {
                                "Node Type": "Hash Join",
                                "Parent Relationship": "Outer",
                                "Parallel Aware": true,
                                "Join Type": "Inner",
                                "Startup Cost": 47177.25,
                                "Total Cost": 372986.47,
                                "Plan Rows": 265975,
                                "Plan Width": 0,
                                "Actual Startup Time": 119.474,
                                "Actual Total Time": 725.511,
                                "Actual Rows": 127737,
                                "Actual Loops": 7,
                                "Inner Unique": true,
                                "Hash Cond": "(ci.movie_id = t.id)",
                                "Workers": [
                                    {
                                        "Worker Number": 0,
                                        "Actual Startup Time": 116.443,
                                        "Actual Total Time": 722.52,
                                        "Actual Rows": 103969,
                                        "Actual Loops": 1
                                    },
                                    {
                                        "Worker Number": 1,
                                        "Actual Startup Time": 117.414,
                                        "Actual Total Time": 722.868,
                                        "Actual Rows": 106225,
                                        "Actual Loops": 1
                                    },
                                    {
                                        "Worker Number": 2,
                                        "Actual Startup Time": 117.564,
                                        "Actual Total Time": 723.828,
                                        "Actual Rows": 122363,
                                        "Actual Loops": 1
                                    },
                                    {
                                        "Worker Number": 3,
                                        "Actual Startup Time": 118.38,
                                        "Actual Total Time": 724.825,
                                        "Actual Rows": 137685,
                                        "Actual Loops": 1
                                    },
                                    {
                                        "Worker Number": 4,
                                        "Actual Startup Time": 118.421,
                                        "Actual Total Time": 724.369,
                                        "Actual Rows": 124341,
                                        "Actual Loops": 1
                                    },
                                    {
                                        "Worker Number": 5,
                                        "Actual Startup Time": 118.7,
                                        "Actual Total Time": 724.852,
                                        "Actual Rows": 136207,
                                        "Actual Loops": 1
                                    }
                                ],
                                "Plans": [
                                    {
                                        "Node Type": "Index Scan",
                                        "Parent Relationship": "Outer",
                                        "Parallel Aware": true,
                                        "Scan Direction": "Forward",
                                        "Index Name": "role_id_cast_info",
                                        "Relation Name": "cast_info",
                                        "Schema": "public",
                                        "Alias": "ci",
                                        "Startup Cost": 0.56,
                                        "Total Cost": 322560.04,
                                        "Plan Rows": 1238000,
                                        "Plan Width": 4,
                                        "Actual Startup Time": 0.172,
                                        "Actual Total Time": 421.254,
                                        "Actual Rows": 566232,
                                        "Actual Loops": 7,
                                        "Output": [
                                            "ci.id",
                                            "ci.person_id",
                                            "ci.movie_id",
                                            "ci.person_role_id",
                                            "ci.note",
                                            "ci.nr_order",
                                            "ci.role_id"
                                        ],
                                        "Index Cond": "(ci.role_id > 3)",
                                        "Rows Removed by Index Recheck": 0,
                                        "Filter": "(ci.person_id < 2275382)",
                                        "Rows Removed by Filter": 1164289,
                                        "Workers": [
                                            {
                                                "Worker Number": 0,
                                                "Actual Startup Time": 0.102,
                                                "Actual Total Time": 431.257,
                                                "Actual Rows": 450070,
                                                "Actual Loops": 1
                                            },
                                            {
                                                "Worker Number": 1,
                                                "Actual Startup Time": 0.228,
                                                "Actual Total Time": 433.691,
                                                "Actual Rows": 467786,
                                                "Actual Loops": 1
                                            },
                                            {
                                                "Worker Number": 2,
                                                "Actual Startup Time": 0.137,
                                                "Actual Total Time": 422.637,
                                                "Actual Rows": 544369,
                                                "Actual Loops": 1
                                            },
                                            {
                                                "Worker Number": 3,
                                                "Actual Startup Time": 0.123,
                                                "Actual Total Time": 420.962,
                                                "Actual Rows": 606671,
                                                "Actual Loops": 1
                                            },
                                            {
                                                "Worker Number": 4,
                                                "Actual Startup Time": 0.275,
                                                "Actual Total Time": 424.225,
                                                "Actual Rows": 559701,
                                                "Actual Loops": 1
                                            },
                                            {
                                                "Worker Number": 5,
                                                "Actual Startup Time": 0.267,
                                                "Actual Total Time": 420.117,
                                                "Actual Rows": 607521,
                                                "Actual Loops": 1
                                            }
                                        ]
                                    },
                                    {
                                        "Node Type": "Hash",
                                        "Parent Relationship": "Inner",
                                        "Parallel Aware": true,
                                        "Startup Cost": 45479.21,
                                        "Total Cost": 45479.21,
                                        "Plan Rows": 135798,
                                        "Plan Width": 4,
                                        "Actual Startup Time": 116.026,
                                        "Actual Total Time": 116.028,
                                        "Actual Rows": 65687,
                                        "Actual Loops": 7,
                                        "Output": [
                                            "t.id"
                                        ],
                                        "Hash Buckets": 1048576,
                                        "Original Hash Buckets": 1048576,
                                        "Hash Batches": 1,
                                        "Original Hash Batches": 1,
                                        "Peak Memory Usage": 26304,
                                        "Workers": [
                                            {
                                                "Worker Number": 0,
                                                "Actual Startup Time": 115.746,
                                                "Actual Total Time": 115.747,
                                                "Actual Rows": 50657,
                                                "Actual Loops": 1
                                            },
                                            {
                                                "Worker Number": 1,
                                                "Actual Startup Time": 116.566,
                                                "Actual Total Time": 116.568,
                                                "Actual Rows": 52493,
                                                "Actual Loops": 1
                                            },
                                            {
                                                "Worker Number": 2,
                                                "Actual Startup Time": 116.792,
                                                "Actual Total Time": 116.794,
                                                "Actual Rows": 60215,
                                                "Actual Loops": 1
                                            },
                                            {
                                                "Worker Number": 3,
                                                "Actual Startup Time": 117.905,
                                                "Actual Total Time": 117.906,
                                                "Actual Rows": 69388,
                                                "Actual Loops": 1
                                            },
                                            {
                                                "Worker Number": 4,
                                                "Actual Startup Time": 117.577,
                                                "Actual Total Time": 117.578,
                                                "Actual Rows": 68740,
                                                "Actual Loops": 1
                                            },
                                            {
                                                "Worker Number": 5,
                                                "Actual Startup Time": 117.893,
                                                "Actual Total Time": 117.895,
                                                "Actual Rows": 69860,
                                                "Actual Loops": 1
                                            }
                                        ],
                                        "Plans": [
                                            {
                                                "Node Type": "Seq Scan",
                                                "Parent Relationship": "Outer",
                                                "Parallel Aware": true,
                                                "Relation Name": "title",
                                                "Schema": "public",
                                                "Alias": "t",
                                                "Startup Cost": 0.0,
                                                "Total Cost": 45479.21,
                                                "Plan Rows": 135798,
                                                "Plan Width": 4,
                                                "Actual Startup Time": 0.078,
                                                "Actual Total Time": 80.73,
                                                "Actual Rows": 65687,
                                                "Actual Loops": 7,
                                                "Output": [
                                                    "t.id"
                                                ],
                                                "Filter": "((t.kind_id < 7) AND (t.production_year > 2000))",
                                                "Rows Removed by Filter": 295500,
                                                "Workers": [
                                                    {
                                                        "Worker Number": 0,
                                                        "Actual Startup Time": 0.084,
                                                        "Actual Total Time": 80.885,
                                                        "Actual Rows": 50657,
                                                        "Actual Loops": 1
                                                    },
                                                    {
                                                        "Worker Number": 1,
                                                        "Actual Startup Time": 0.074,
                                                        "Actual Total Time": 82.041,
                                                        "Actual Rows": 52493,
                                                        "Actual Loops": 1
                                                    },
                                                    {
                                                        "Worker Number": 2,
                                                        "Actual Startup Time": 0.173,
                                                        "Actual Total Time": 80.184,
                                                        "Actual Rows": 60215,
                                                        "Actual Loops": 1
                                                    },
                                                    {
                                                        "Worker Number": 3,
                                                        "Actual Startup Time": 0.066,
                                                        "Actual Total Time": 80.865,
                                                        "Actual Rows": 69388,
                                                        "Actual Loops": 1
                                                    },
                                                    {
                                                        "Worker Number": 4,
                                                        "Actual Startup Time": 0.064,
                                                        "Actual Total Time": 80.421,
                                                        "Actual Rows": 68740,
                                                        "Actual Loops": 1
                                                    },
                                                    {
                                                        "Worker Number": 5,
                                                        "Actual Startup Time": 0.06,
                                                        "Actual Total Time": 80.812,
                                                        "Actual Rows": 69860,
                                                        "Actual Loops": 1
                                                    }
                                                ]
                                            }
                                        ]
                                    }
                                ]
                            }
                        ]
                    }
                ]
            }
        ]
    },
    "Planning Time": 0.775,
    "Triggers": [],
    "Execution Time": 785.12
}