[
  {
    "Plan": {
      "Node Type": "Aggregate",
      "Strategy": "Plain",
      "Partial Mode": "Finalize",
      "Parallel Aware": false,
      "Startup Cost": 46002.82,
      "Total Cost": 46002.83,
      "Plan Rows": 1,
      "Plan Width": 8,
      "Actual Startup Time": 167.85,
      "Actual Total Time": 177.667,
      "Actual Rows": 1,
      "Actual Loops": 1,
      "Plans": [
        {
          "Node Type": "Gather",
          "Parent Relationship": "Outer",
          "Parallel Aware": false,
          "Startup Cost": 46002.5,
          "Total Cost": 46002.81,
          "Plan Rows": 3,
          "Plan Width": 8,
          "Actual Startup Time": 167.712,
          "Actual Total Time": 177.655,
          "Actual Rows": 4,
          "Actual Loops": 1,
          "Workers Planned": 3,
          "Workers Launched": 3,
          "Single Copy": false,
          "Plans": [
            {
              "Node Type": "Aggregate",
              "Strategy": "Plain",
              "Partial Mode": "Partial",
              "Parent Relationship": "Outer",
              "Parallel Aware": false,
              "Startup Cost": 45002.5,
              "Total Cost": 45002.51,
              "Plan Rows": 1,
              "Plan Width": 8,
              "Actual Startup Time": 161.455,
              "Actual Total Time": 161.456,
              "Actual Rows": 1,
              "Actual Loops": 4,
              "Plans": [
                {
                  "Node Type": "Seq Scan",
                  "Parent Relationship": "Outer",
                  "Parallel Aware": true,
                  "Relation Name": "movie_keyword",
                  "Alias": "mk",
                  "Startup Cost": 0.0,
                  "Total Cost": 42695.65,
                  "Plan Rows": 922739,
                  "Plan Width": 0,
                  "Actual Startup Time": 0.333,
                  "Actual Total Time": 126.598,
                  "Actual Rows": 713674,
                  "Actual Loops": 4,
                  "Filter": "(keyword_id > 2554)",
                  "Rows Removed by Filter": 417309
                }
              ]
            }
          ]
        }
      ]
    },
    "Planning Time": 0.14,
    "Triggers": [],
    "Execution Time": 177.712
  }
]