{
    "Plan": {
        "Node Type": "Aggregate",
        "Strategy": "Plain",
        "Partial Mode": "Finalize",
        "Parallel Aware": false,
        "Startup Cost": 280436.83,
        "Total Cost": 280436.84,
        "Plan Rows": 1,
        "Plan Width": 8,
        "Actual Startup Time": 717.872,
        "Actual Total Time": 764.032,
        "Actual Rows": 1,
        "Actual Loops": 1,
        "Output": [
            "count(*)"
        ],
        "Plans": [
            {
                "Node Type": "Gather",
                "Parent Relationship": "Outer",
                "Parallel Aware": false,
                "Startup Cost": 280436.2,
                "Total Cost": 280436.81,
                "Plan Rows": 6,
                "Plan Width": 8,
                "Actual Startup Time": 710.576,
                "Actual Total Time": 764.021,
                "Actual Rows": 7,
                "Actual Loops": 1,
                "Output": [
                    "(PARTIAL count(*))"
                ],
                "Workers Planned": 6,
                "Workers Launched": 6,
                "Single Copy": false,
                "Plans": [
                    {
                        "Node Type": "Aggregate",
                        "Strategy": "Plain",
                        "Partial Mode": "Partial",
                        "Parent Relationship": "Outer",
                        "Parallel Aware": false,
                        "Startup Cost": 279436.2,
                        "Total Cost": 279436.21,
                        "Plan Rows": 1,
                        "Plan Width": 8,
                        "Actual Startup Time": 685.453,
                        "Actual Total Time": 685.693,
                        "Actual Rows": 1,
                        "Actual Loops": 7,
                        "Output": [
                            "PARTIAL count(*)"
                        ],
                        "Workers": [
                            {
                                "Worker Number": 0,
                                "Actual Startup Time": 682.624,
                                "Actual Total Time": 682.629,
                                "Actual Rows": 1,
                                "Actual Loops": 1
                            },
                            {
                                "Worker Number": 1,
                                "Actual Startup Time": 681.053,
                                "Actual Total Time": 681.059,
                                "Actual Rows": 1,
                                "Actual Loops": 1
                            },
                            {
                                "Worker Number": 2,
                                "Actual Startup Time": 681.037,
                                "Actual Total Time": 681.043,
                                "Actual Rows": 1,
                                "Actual Loops": 1
                            },
                            {
                                "Worker Number": 3,
                                "Actual Startup Time": 681.301,
                                "Actual Total Time": 681.307,
                                "Actual Rows": 1,
                                "Actual Loops": 1
                            },
                            {
                                "Worker Number": 4,
                                "Actual Startup Time": 681.236,
                                "Actual Total Time": 681.241,
                                "Actual Rows": 1,
                                "Actual Loops": 1
                            },
                            {
                                "Worker Number": 5,
                                "Actual Startup Time": 681.359,
                                "Actual Total Time": 681.364,
                                "Actual Rows": 1,
                                "Actual Loops": 1
                            }
                        ],
                        "Plans": [
                            {
                                "Node Type": "Hash Join",
                                "Parent Relationship": "Outer",
                                "Parallel Aware": true,
                                "Join Type": "Inner",
                                "Startup Cost": 76561.83,
                                "Total Cost": 279350.84,
                                "Plan Rows": 34144,
                                "Plan Width": 0,
                                "Actual Startup Time": 411.875,
                                "Actual Total Time": 679.236,
                                "Actual Rows": 123830,
                                "Actual Loops": 7,
                                "Inner Unique": false,
                                "Hash Cond": "(ci.movie_id = t.id)",
                                "Workers": [
                                    {
                                        "Worker Number": 0,
                                        "Actual Startup Time": 407.966,
                                        "Actual Total Time": 675.439,
                                        "Actual Rows": 97376,
                                        "Actual Loops": 1
                                    },
                                    {
                                        "Worker Number": 1,
                                        "Actual Startup Time": 407.572,
                                        "Actual Total Time": 674.966,
                                        "Actual Rows": 86145,
                                        "Actual Loops": 1
                                    },
                                    {
                                        "Worker Number": 2,
                                        "Actual Startup Time": 407.974,
                                        "Actual Total Time": 674.74,
                                        "Actual Rows": 88083,
                                        "Actual Loops": 1
                                    },
                                    {
                                        "Worker Number": 3,
                                        "Actual Startup Time": 407.82,
                                        "Actual Total Time": 675.092,
                                        "Actual Rows": 142796,
                                        "Actual Loops": 1
                                    },
                                    {
                                        "Worker Number": 4,
                                        "Actual Startup Time": 407.819,
                                        "Actual Total Time": 674.978,
                                        "Actual Rows": 144714,
                                        "Actual Loops": 1
                                    },
                                    {
                                        "Worker Number": 5,
                                        "Actual Startup Time": 407.885,
                                        "Actual Total Time": 675.159,
                                        "Actual Rows": 143653,
                                        "Actual Loops": 1
                                    }
                                ],
                                "Plans": [
                                    {
                                        "Node Type": "Index Scan",
                                        "Parent Relationship": "Outer",
                                        "Parallel Aware": true,
                                        "Scan Direction": "Forward",
                                        "Index Name": "role_id_cast_info",
                                        "Relation Name": "cast_info",
                                        "Schema": "public",
                                        "Alias": "ci",
                                        "Startup Cost": 0.56,
                                        "Total Cost": 200814.65,
                                        "Plan Rows": 497275,
                                        "Plan Width": 4,
                                        "Actual Startup Time": 129.668,
                                        "Actual Total Time": 276.498,
                                        "Actual Rows": 553715,
                                        "Actual Loops": 7,
                                        "Output": [
                                            "ci.id",
                                            "ci.person_id",
                                            "ci.movie_id",
                                            "ci.person_role_id",
                                            "ci.note",
                                            "ci.nr_order",
                                            "ci.role_id"
                                        ],
                                        "Index Cond": "(ci.role_id = 2)",
                                        "Rows Removed by Index Recheck": 0,
                                        "Filter": "(ci.person_id > 2200989)",
                                        "Rows Removed by Filter": 510852,
                                        "Workers": [
                                            {
                                                "Worker Number": 0,
                                                "Actual Startup Time": 129.72,
                                                "Actual Total Time": 281.247,
                                                "Actual Rows": 421507,
                                                "Actual Loops": 1
                                            },
                                            {
                                                "Worker Number": 1,
                                                "Actual Startup Time": 129.707,
                                                "Actual Total Time": 274.437,
                                                "Actual Rows": 396048,
                                                "Actual Loops": 1
                                            },
                                            {
                                                "Worker Number": 2,
                                                "Actual Startup Time": 129.645,
                                                "Actual Total Time": 274.919,
                                                "Actual Rows": 393664,
                                                "Actual Loops": 1
                                            },
                                            {
                                                "Worker Number": 3,
                                                "Actual Startup Time": 129.688,
                                                "Actual Total Time": 279.344,
                                                "Actual Rows": 642277,
                                                "Actual Loops": 1
                                            },
                                            {
                                                "Worker Number": 4,
                                                "Actual Startup Time": 129.663,
                                                "Actual Total Time": 278.806,
                                                "Actual Rows": 640018,
                                                "Actual Loops": 1
                                            },
                                            {
                                                "Worker Number": 5,
                                                "Actual Startup Time": 129.601,
                                                "Actual Total Time": 278.319,
                                                "Actual Rows": 638425,
                                                "Actual Loops": 1
                                            }
                                        ]
                                    },
                                    {
                                        "Node Type": "Hash",
                                        "Parent Relationship": "Inner",
                                        "Parallel Aware": true,
                                        "Startup Cost": 75861.27,
                                        "Total Cost": 75861.27,
                                        "Plan Rows": 56000,
                                        "Plan Width": 8,
                                        "Actual Startup Time": 280.45,
                                        "Actual Total Time": 280.688,
                                        "Actual Rows": 51084,
                                        "Actual Loops": 7,
                                        "Output": [
                                            "t.id",
                                            "mc.movie_id"
                                        ],
                                        "Hash Buckets": 524288,
                                        "Original Hash Buckets": 262144,
                                        "Hash Batches": 1,
                                        "Original Hash Batches": 1,
                                        "Peak Memory Usage": 20256,
                                        "Workers": [
                                            {
                                                "Worker Number": 0,
                                                "Actual Startup Time": 277.516,
                                                "Actual Total Time": 277.519,
                                                "Actual Rows": 44316,
                                                "Actual Loops": 1
                                            },
                                            {
                                                "Worker Number": 1,
                                                "Actual Startup Time": 277.392,
                                                "Actual Total Time": 277.397,
                                                "Actual Rows": 40271,
                                                "Actual Loops": 1
                                            },
                                            {
                                                "Worker Number": 2,
                                                "Actual Startup Time": 277.356,
                                                "Actual Total Time": 277.36,
                                                "Actual Rows": 40067,
                                                "Actual Loops": 1
                                            },
                                            {
                                                "Worker Number": 3,
                                                "Actual Startup Time": 277.724,
                                                "Actual Total Time": 277.728,
                                                "Actual Rows": 63103,
                                                "Actual Loops": 1
                                            },
                                            {
                                                "Worker Number": 4,
                                                "Actual Startup Time": 277.729,
                                                "Actual Total Time": 277.732,
                                                "Actual Rows": 54222,
                                                "Actual Loops": 1
                                            },
                                            {
                                                "Worker Number": 5,
                                                "Actual Startup Time": 277.693,
                                                "Actual Total Time": 277.696,
                                                "Actual Rows": 53889,
                                                "Actual Loops": 1
                                            }
                                        ],
                                        "Plans": [
                                            {
                                                "Node Type": "Hash Join",
                                                "Parent Relationship": "Outer",
                                                "Parallel Aware": true,
                                                "Join Type": "Inner",
                                                "Startup Cost": 45996.98,
                                                "Total Cost": 75861.27,
                                                "Plan Rows": 56000,
                                                "Plan Width": 8,
                                                "Actual Startup Time": 172.99,
                                                "Actual Total Time": 237.148,
                                                "Actual Rows": 51084,
                                                "Actual Loops": 7,
                                                "Output": [
                                                    "t.id",
                                                    "mc.movie_id"
                                                ],
                                                "Inner Unique": true,
                                                "Hash Cond": "(mc.movie_id = t.id)",
                                                "Workers": [
                                                    {
                                                        "Worker Number": 0,
                                                        "Actual Startup Time": 170.022,
                                                        "Actual Total Time": 234.18,
                                                        "Actual Rows": 44316,
                                                        "Actual Loops": 1
                                                    },
                                                    {
                                                        "Worker Number": 1,
                                                        "Actual Startup Time": 169.952,
                                                        "Actual Total Time": 233.672,
                                                        "Actual Rows": 40271,
                                                        "Actual Loops": 1
                                                    },
                                                    {
                                                        "Worker Number": 2,
                                                        "Actual Startup Time": 169.876,
                                                        "Actual Total Time": 233.602,
                                                        "Actual Rows": 40067,
                                                        "Actual Loops": 1
                                                    },
                                                    {
                                                        "Worker Number": 3,
                                                        "Actual Startup Time": 170.242,
                                                        "Actual Total Time": 233.799,
                                                        "Actual Rows": 63103,
                                                        "Actual Loops": 1
                                                    },
                                                    {
                                                        "Worker Number": 4,
                                                        "Actual Startup Time": 170.223,
                                                        "Actual Total Time": 234.154,
                                                        "Actual Rows": 54222,
                                                        "Actual Loops": 1
                                                    },
                                                    {
                                                        "Worker Number": 5,
                                                        "Actual Startup Time": 170.289,
                                                        "Actual Total Time": 235.091,
                                                        "Actual Rows": 53889,
                                                        "Actual Loops": 1
                                                    }
                                                ],
                                                "Plans": [
                                                    {
                                                        "Node Type": "Seq Scan",
                                                        "Parent Relationship": "Outer",
                                                        "Parallel Aware": true,
                                                        "Relation Name": "movie_companies",
                                                        "Schema": "public",
                                                        "Alias": "mc",
                                                        "Startup Cost": 0.0,
                                                        "Total Cost": 29310.68,
                                                        "Plan Rows": 210898,
                                                        "Plan Width": 4,
                                                        "Actual Startup Time": 18.521,
                                                        "Actual Total Time": 49.851,
                                                        "Actual Rows": 93243,
                                                        "Actual Loops": 7,
                                                        "Output": [
                                                            "mc.id",
                                                            "mc.movie_id",
                                                            "mc.company_id",
                                                            "mc.company_type_id",
                                                            "mc.note"
                                                        ],
                                                        "Filter": "(mc.company_id > 54299)",
                                                        "Rows Removed by Filter": 279489,
                                                        "Workers": [
                                                            {
                                                                "Worker Number": 0,
                                                                "Actual Startup Time": 18.493,
                                                                "Actual Total Time": 51.55,
                                                                "Actual Rows": 78846,
                                                                "Actual Loops": 1
                                                            },
                                                            {
                                                                "Worker Number": 1,
                                                                "Actual Startup Time": 18.531,
                                                                "Actual Total Time": 50.441,
                                                                "Actual Rows": 71213,
                                                                "Actual Loops": 1
                                                            },
                                                            {
                                                                "Worker Number": 2,
                                                                "Actual Startup Time": 18.499,
                                                                "Actual Total Time": 50.221,
                                                                "Actual Rows": 71078,
                                                                "Actual Loops": 1
                                                            },
                                                            {
                                                                "Worker Number": 3,
                                                                "Actual Startup Time": 18.542,
                                                                "Actual Total Time": 49.156,
                                                                "Actual Rows": 110958,
                                                                "Actual Loops": 1
                                                            },
                                                            {
                                                                "Worker Number": 4,
                                                                "Actual Startup Time": 18.556,
                                                                "Actual Total Time": 50.3,
                                                                "Actual Rows": 101751,
                                                                "Actual Loops": 1
                                                            },
                                                            {
                                                                "Worker Number": 5,
                                                                "Actual Startup Time": 18.504,
                                                                "Actual Total Time": 50.193,
                                                                "Actual Rows": 101661,
                                                                "Actual Loops": 1
                                                            }
                                                        ]
                                                    },
                                                    {
                                                        "Node Type": "Hash",
                                                        "Parent Relationship": "Inner",
                                                        "Parallel Aware": true,
                                                        "Startup Cost": 43899.01,
                                                        "Total Cost": 43899.01,
                                                        "Plan Rows": 167838,
                                                        "Plan Width": 4,
                                                        "Actual Startup Time": 151.137,
                                                        "Actual Total Time": 151.138,
                                                        "Actual Rows": 94689,
                                                        "Actual Loops": 7,
                                                        "Output": [
                                                            "t.id"
                                                        ],
                                                        "Hash Buckets": 1048576,
                                                        "Original Hash Buckets": 1048576,
                                                        "Hash Batches": 1,
                                                        "Original Hash Batches": 1,
                                                        "Peak Memory Usage": 34240,
                                                        "Workers": [
                                                            {
                                                                "Worker Number": 0,
                                                                "Actual Startup Time": 151.398,
                                                                "Actual Total Time": 151.399,
                                                                "Actual Rows": 79239,
                                                                "Actual Loops": 1
                                                            },
                                                            {
                                                                "Worker Number": 1,
                                                                "Actual Startup Time": 151.313,
                                                                "Actual Total Time": 151.314,
                                                                "Actual Rows": 72560,
                                                                "Actual Loops": 1
                                                            },
                                                            {
                                                                "Worker Number": 2,
                                                                "Actual Startup Time": 151.192,
                                                                "Actual Total Time": 151.193,
                                                                "Actual Rows": 71750,
                                                                "Actual Loops": 1
                                                            },
                                                            {
                                                                "Worker Number": 3,
                                                                "Actual Startup Time": 151.575,
                                                                "Actual Total Time": 151.576,
                                                                "Actual Rows": 102282,
                                                                "Actual Loops": 1
                                                            },
                                                            {
                                                                "Worker Number": 4,
                                                                "Actual Startup Time": 151.545,
                                                                "Actual Total Time": 151.546,
                                                                "Actual Rows": 107384,
                                                                "Actual Loops": 1
                                                            },
                                                            {
                                                                "Worker Number": 5,
                                                                "Actual Startup Time": 151.653,
                                                                "Actual Total Time": 151.654,
                                                                "Actual Rows": 108353,
                                                                "Actual Loops": 1
                                                            }
                                                        ],
                                                        "Plans": [
                                                            {
                                                                "Node Type": "Seq Scan",
                                                                "Parent Relationship": "Outer",
                                                                "Parallel Aware": true,
                                                                "Relation Name": "title",
                                                                "Schema": "public",
                                                                "Alias": "t",
                                                                "Startup Cost": 0.0,
                                                                "Total Cost": 43899.01,
                                                                "Plan Rows": 167838,
                                                                "Plan Width": 4,
                                                                "Actual Startup Time": 39.475,
                                                                "Actual Total Time": 76.086,
                                                                "Actual Rows": 94689,
                                                                "Actual Loops": 7,
                                                                "Output": [
                                                                    "t.id"
                                                                ],
                                                                "Filter": "(t.kind_id = 1)",
                                                                "Rows Removed by Filter": 266498,
                                                                "Workers": [
                                                                    {
                                                                        "Worker Number": 0,
                                                                        "Actual Startup Time": 45.227,
                                                                        "Actual Total Time": 77.241,
                                                                        "Actual Rows": 79239,
                                                                        "Actual Loops": 1
                                                                    },
                                                                    {
                                                                        "Worker Number": 1,
                                                                        "Actual Startup Time": 45.113,
                                                                        "Actual Total Time": 76.03,
                                                                        "Actual Rows": 72560,
                                                                        "Actual Loops": 1
                                                                    },
                                                                    {
                                                                        "Worker Number": 2,
                                                                        "Actual Startup Time": 45.306,
                                                                        "Actual Total Time": 75.794,
                                                                        "Actual Rows": 71750,
                                                                        "Actual Loops": 1
                                                                    },
                                                                    {
                                                                        "Worker Number": 3,
                                                                        "Actual Startup Time": 45.184,
                                                                        "Actual Total Time": 76.951,
                                                                        "Actual Rows": 102282,
                                                                        "Actual Loops": 1
                                                                    },
                                                                    {
                                                                        "Worker Number": 4,
                                                                        "Actual Startup Time": 45.206,
                                                                        "Actual Total Time": 76.386,
                                                                        "Actual Rows": 107384,
                                                                        "Actual Loops": 1
                                                                    },
                                                                    {
                                                                        "Worker Number": 5,
                                                                        "Actual Startup Time": 5.105,
                                                                        "Actual Total Time": 76.422,
                                                                        "Actual Rows": 108353,
                                                                        "Actual Loops": 1
                                                                    }
                                                                ]
                                                            }
                                                        ]
                                                    }
                                                ]
                                            }
                                        ]
                                    }
                                ]
                            }
                        ]
                    }
                ]
            }
        ]
    },
    "Planning Time": 1.755,
    "Triggers": [],
    "Execution Time": 764.139
}