{
  "Plan": {
    "Node Type": "Aggregate",
    "Strategy": "Plain",
    "Partial Mode": "Finalize",
    "Parallel Aware": false,
    "Startup Cost": 392871.42,
    "Total Cost": 392871.43,
    "Plan Rows": 1,
    "Plan Width": 8,
    "Actual Startup Time": 937.431,
    "Actual Total Time": 957.722,
    "Actual Rows": 1,
    "Actual Loops": 1,
    "Plans": [
      {
        "Node Type": "Gather",
        "Parent Relationship": "Outer",
        "Parallel Aware": false,
        "Startup Cost": 392871.31,
        "Total Cost": 392871.42,
        "Plan Rows": 1,
        "Plan Width": 8,
        "Actual Startup Time": 932.472,
        "Actual Total Time": 957.715,
        "Actual Rows": 2,
        "Actual Loops": 1,
        "Workers Planned": 1,
        "Workers Launched": 1,
        "Single Copy": false,
        "Plans": [
          {
            "Node Type": "Aggregate",
            "Strategy": "Plain",
            "Partial Mode": "Partial",
            "Parent Relationship": "Outer",
            "Parallel Aware": false,
            "Startup Cost": 391871.31,
            "Total Cost": 391871.32,
            "Plan Rows": 1,
            "Plan Width": 8,
            "Actual Startup Time": 920.124,
            "Actual Total Time": 920.128,
            "Actual Rows": 1,
            "Actual Loops": 2,
            "Plans": [
              {
                "Node Type": "Hash Join",
                "Parent Relationship": "Outer",
                "Parallel Aware": true,
                "Join Type": "Inner",
                "Startup Cost": 117082.35,
                "Total Cost": 390428.02,
                "Plan Rows": 577316,
                "Plan Width": 0,
                "Actual Startup Time": 726.891,
                "Actual Total Time": 907.48,
                "Actual Rows": 308535,
                "Actual Loops": 2,
                "Inner Unique": true,
                "Hash Cond": "(ci.movie_id = t.id)",
                "Plans": [
                  {
                    "Node Type": "Bitmap Heap Scan",
                    "Parent Relationship": "Outer",
                    "Parallel Aware": true,
                    "Relation Name": "cast_info",
                    "Alias": "ci",
                    "Startup Cost": 47621.65,
                    "Total Cost": 319451.87,
                    "Plan Rows": 577316,
                    "Plan Width": 4,
                    "Actual Startup Time": 211.859,
                    "Actual Total Time": 263.345,
                    "Actual Rows": 308535,
                    "Actual Loops": 2,
                    "Recheck Cond": "(person_id < 211974)",
                    "Rows Removed by Index Recheck": 0,
                    "Filter": "(role_id > 2)",
                    "Rows Removed by Filter": 771607,
                    "Exact Heap Blocks": 10651,
                    "Lossy Heap Blocks": 0,
                    "Plans": [
                      {
                        "Node Type": "Bitmap Index Scan",
                        "Parent Relationship": "Outer",
                        "Parallel Aware": false,
                        "Index Name": "person_id_cast_info",
                        "Startup Cost": 0.0,
                        "Total Cost": 47376.29,
                        "Plan Rows": 2169564,
                        "Plan Width": 0,
                        "Actual Startup Time": 128.205,
                        "Actual Total Time": 128.206,
                        "Actual Rows": 2160284,
                        "Actual Loops": 1,
                        "Index Cond": "(person_id < 211974)"
                      }
                    ]
                  },
                  {
                    "Node Type": "Hash",
                    "Parent Relationship": "Inner",
                    "Parallel Aware": true,
                    "Startup Cost": 50870.31,
                    "Total Cost": 50870.31,
                    "Plan Rows": 1487231,
                    "Plan Width": 4,
                    "Actual Startup Time": 493.862,
                    "Actual Total Time": 493.863,
                    "Actual Rows": 1264156,
                    "Actual Loops": 2,
                    "Hash Buckets": 4194304,
                    "Original Hash Buckets": 4194304,
                    "Hash Batches": 1,
                    "Original Hash Batches": 1,
                    "Peak Memory Usage": 131680,
                    "Plans": [
                      {
                        "Node Type": "Seq Scan",
                        "Parent Relationship": "Outer",
                        "Parallel Aware": true,
                        "Relation Name": "title",
                        "Alias": "t",
                        "Startup Cost": 0.0,
                        "Total Cost": 50870.31,
                        "Plan Rows": 1487231,
                        "Plan Width": 4,
                        "Actual Startup Time": 0.028,
                        "Actual Total Time": 150.134,
                        "Actual Rows": 1264156,
                        "Actual Loops": 2
                      }
                    ]
                  }
                ]
              }
            ]
          }
        ]
      }
    ]
  },
  "Planning Time": 0.699,
  "Triggers": [],
  "Execution Time": 957.812
}