{
  "Plan": {
    "Node Type": "Aggregate",
    "Strategy": "Plain",
    "Partial Mode": "Finalize",
    "Parallel Aware": false,
    "Startup Cost": 685202.49,
    "Total Cost": 685202.5,
    "Plan Rows": 1,
    "Plan Width": 8,
    "Actual Startup Time": 2871.759,
    "Actual Total Time": 2923.848,
    "Actual Rows": 1,
    "Actual Loops": 1,
    "Plans": [
      {
        "Node Type": "Gather",
        "Parent Relationship": "Outer",
        "Parallel Aware": false,
        "Startup Cost": 685202.38,
        "Total Cost": 685202.49,
        "Plan Rows": 1,
        "Plan Width": 8,
        "Actual Startup Time": 2871.189,
        "Actual Total Time": 2923.839,
        "Actual Rows": 2,
        "Actual Loops": 1,
        "Workers Planned": 1,
        "Workers Launched": 1,
        "Single Copy": false,
        "Plans": [
          {
            "Node Type": "Aggregate",
            "Strategy": "Plain",
            "Partial Mode": "Partial",
            "Parent Relationship": "Outer",
            "Parallel Aware": false,
            "Startup Cost": 684202.38,
            "Total Cost": 684202.39,
            "Plan Rows": 1,
            "Plan Width": 8,
            "Actual Startup Time": 2865.428,
            "Actual Total Time": 2865.433,
            "Actual Rows": 1,
            "Actual Loops": 2,
            "Plans": [
              {
                "Node Type": "Hash Join",
                "Parent Relationship": "Outer",
                "Parallel Aware": true,
                "Join Type": "Inner",
                "Startup Cost": 663578.37,
                "Total Cost": 684151.62,
                "Plan Rows": 20304,
                "Plan Width": 0,
                "Actual Startup Time": 2778.922,
                "Actual Total Time": 2863.781,
                "Actual Rows": 39538,
                "Actual Loops": 2,
                "Inner Unique": false,
                "Hash Cond": "(mi_idx.movie_id = t.id)",
                "Plans": [
                  {
                    "Node Type": "Seq Scan",
                    "Parent Relationship": "Outer",
                    "Parallel Aware": true,
                    "Relation Name": "movie_info_idx",
                    "Alias": "mi_idx",
                    "Startup Cost": 0.0,
                    "Total Cost": 18082.32,
                    "Plan Rows": 271028,
                    "Plan Width": 4,
                    "Actual Startup Time": 0.013,
                    "Actual Total Time": 48.46,
                    "Actual Rows": 229962,
                    "Actual Loops": 2,
                    "Filter": "(info_type_id = 101)",
                    "Rows Removed by Filter": 460055
                  },
                  {
                    "Node Type": "Hash",
                    "Parent Relationship": "Inner",
                    "Parallel Aware": true,
                    "Startup Cost": 662185.67,
                    "Total Cost": 662185.67,
                    "Plan Rows": 111416,
                    "Plan Width": 8,
                    "Actual Startup Time": 2775.373,
                    "Actual Total Time": 2775.377,
                    "Actual Rows": 95260,
                    "Actual Loops": 2,
                    "Hash Buckets": 262144,
                    "Original Hash Buckets": 262144,
                    "Hash Batches": 1,
                    "Original Hash Batches": 1,
                    "Peak Memory Usage": 9536,
                    "Plans": [
                      {
                        "Node Type": "Hash Join",
                        "Parent Relationship": "Outer",
                        "Parallel Aware": true,
                        "Join Type": "Inner",
                        "Startup Cost": 54743.31,
                        "Total Cost": 662185.67,
                        "Plan Rows": 111416,
                        "Plan Width": 8,
                        "Actual Startup Time": 338.437,
                        "Actual Total Time": 2744.6,
                        "Actual Rows": 95260,
                        "Actual Loops": 2,
                        "Inner Unique": true,
                        "Hash Cond": "(ci.movie_id = t.id)",
                        "Plans": [
                          {
                            "Node Type": "Seq Scan",
                            "Parent Relationship": "Outer",
                            "Parallel Aware": true,
                            "Relation Name": "cast_info",
                            "Alias": "ci",
                            "Startup Cost": 0.0,
                            "Total Cost": 572345.93,
                            "Plan Rows": 13370046,
                            "Plan Width": 4,
                            "Actual Startup Time": 208.34,
                            "Actual Total Time": 1764.874,
                            "Actual Rows": 10902278,
                            "Actual Loops": 2,
                            "Filter": "((person_id > 758995) AND (role_id < 8))",
                            "Rows Removed by Filter": 7219894
                          },
                          {
                            "Node Type": "Hash",
                            "Parent Relationship": "Inner",
                            "Parallel Aware": true,
                            "Startup Cost": 54588.39,
                            "Total Cost": 54588.39,
                            "Plan Rows": 12394,
                            "Plan Width": 4,
                            "Actual Startup Time": 129.449,
                            "Actual Total Time": 129.45,
                            "Actual Rows": 9720,
                            "Actual Loops": 2,
                            "Hash Buckets": 32768,
                            "Original Hash Buckets": 32768,
                            "Hash Batches": 1,
                            "Original Hash Batches": 1,
                            "Peak Memory Usage": 1056,
                            "Plans": [
                              {
                                "Node Type": "Seq Scan",
                                "Parent Relationship": "Outer",
                                "Parallel Aware": true,
                                "Relation Name": "title",
                                "Alias": "t",
                                "Startup Cost": 0.0,
                                "Total Cost": 54588.39,
                                "Plan Rows": 12394,
                                "Plan Width": 4,
                                "Actual Startup Time": 0.043,
                                "Actual Total Time": 125.835,
                                "Actual Rows": 9720,
                                "Actual Loops": 2,
                                "Filter": "(production_year = 1986)",
                                "Rows Removed by Filter": 1254436
                              }
                            ]
                          }
                        ]
                      }
                    ]
                  }
                ]
              }
            ]
          }
        ]
      }
    ]
  },
  "Planning Time": 0.998,
  "Triggers": [],
  "Execution Time": 2923.946
}