[
    {
        "Bao": {
            "Bao prediction": "NaN",
            "Bao recommended hint": "(no hint)"
        }
    },
    {
        "Plan": {
            "Node Type": "Aggregate",
            "Strategy": "Plain",
            "Partial Mode": "Finalize",
            "Parallel Aware": false,
            "Startup Cost": 32749.03,
            "Total Cost": 32749.04,
            "Plan Rows": 1,
            "Plan Width": 8,
            "Actual Startup Time": 77.786,
            "Actual Total Time": 82.59,
            "Actual Rows": 1,
            "Actual Loops": 1,
            "Output": [
                "count(*)"
            ],
            "Plans": [
                {
                    "Node Type": "Gather",
                    "Parent Relationship": "Outer",
                    "Parallel Aware": false,
                    "Startup Cost": 32748.71,
                    "Total Cost": 32749.02,
                    "Plan Rows": 3,
                    "Plan Width": 8,
                    "Actual Startup Time": 77.687,
                    "Actual Total Time": 82.583,
                    "Actual Rows": 4,
                    "Actual Loops": 1,
                    "Output": [
                        "(PARTIAL count(*))"
                    ],
                    "Workers Planned": 3,
                    "Workers Launched": 3,
                    "Single Copy": false,
                    "Plans": [
                        {
                            "Node Type": "Aggregate",
                            "Strategy": "Plain",
                            "Partial Mode": "Partial",
                            "Parent Relationship": "Outer",
                            "Parallel Aware": false,
                            "Startup Cost": 31748.71,
                            "Total Cost": 31748.72,
                            "Plan Rows": 1,
                            "Plan Width": 8,
                            "Actual Startup Time": 69.629,
                            "Actual Total Time": 69.63,
                            "Actual Rows": 1,
                            "Actual Loops": 4,
                            "Output": [
                                "PARTIAL count(*)"
                            ],
                            "Workers": [
                                {
                                    "Worker Number": 0,
                                    "Actual Startup Time": 66.58,
                                    "Actual Total Time": 66.581,
                                    "Actual Rows": 1,
                                    "Actual Loops": 1
                                },
                                {
                                    "Worker Number": 1,
                                    "Actual Startup Time": 66.991,
                                    "Actual Total Time": 66.992,
                                    "Actual Rows": 1,
                                    "Actual Loops": 1
                                },
                                {
                                    "Worker Number": 2,
                                    "Actual Startup Time": 67.541,
                                    "Actual Total Time": 67.542,
                                    "Actual Rows": 1,
                                    "Actual Loops": 1
                                }
                            ],
                            "Plans": [
                                {
                                    "Node Type": "Seq Scan",
                                    "Parent Relationship": "Outer",
                                    "Parallel Aware": true,
                                    "Relation Name": "movie_companies",
                                    "Schema": "public",
                                    "Alias": "mc",
                                    "Startup Cost": 0.0,
                                    "Total Cost": 31414.82,
                                    "Plan Rows": 133558,
                                    "Plan Width": 0,
                                    "Actual Startup Time": 17.934,
                                    "Actual Total Time": 68.182,
                                    "Actual Rows": 23501,
                                    "Actual Loops": 4,
                                    "Output": [
                                        "id",
                                        "movie_id",
                                        "company_id",
                                        "company_type_id",
                                        "note"
                                    ],
                                    "Filter": "((mc.company_id > 25406) AND (mc.company_type_id = 1))",
                                    "Rows Removed by Filter": 628781,
                                    "Workers": [
                                        {
                                            "Worker Number": 0,
                                            "Actual Startup Time": 14.883,
                                            "Actual Total Time": 65.208,
                                            "Actual Rows": 17810,
                                            "Actual Loops": 1
                                        },
                                        {
                                            "Worker Number": 1,
                                            "Actual Startup Time": 15.314,
                                            "Actual Total Time": 65.611,
                                            "Actual Rows": 17882,
                                            "Actual Loops": 1
                                        },
                                        {
                                            "Worker Number": 2,
                                            "Actual Startup Time": 15.841,
                                            "Actual Total Time": 66.146,
                                            "Actual Rows": 18920,
                                            "Actual Loops": 1
                                        }
                                    ]
                                }
                            ]
                        }
                    ]
                }
            ]
        },
        "Planning Time": 183.046,
        "Triggers": [],
        "Execution Time": 82.632
    }
]