{
    "Plan": {
        "Node Type": "Aggregate",
        "Strategy": "Plain",
        "Partial Mode": "Finalize",
        "Parallel Aware": false,
        "Startup Cost": 77705.13,
        "Total Cost": 77705.14,
        "Plan Rows": 1,
        "Plan Width": 8,
        "Actual Startup Time": 217.706,
        "Actual Total Time": 233.594,
        "Actual Rows": 1,
        "Actual Loops": 1,
        "Output": [
            "count(*)"
        ],
        "Plans": [
            {
                "Node Type": "Gather",
                "Parent Relationship": "Outer",
                "Parallel Aware": false,
                "Startup Cost": 77704.81,
                "Total Cost": 77705.12,
                "Plan Rows": 3,
                "Plan Width": 8,
                "Actual Startup Time": 217.166,
                "Actual Total Time": 233.587,
                "Actual Rows": 4,
                "Actual Loops": 1,
                "Output": [
                    "(PARTIAL count(*))"
                ],
                "Workers Planned": 3,
                "Workers Launched": 3,
                "Single Copy": false,
                "Plans": [
                    {
                        "Node Type": "Aggregate",
                        "Strategy": "Plain",
                        "Partial Mode": "Partial",
                        "Parent Relationship": "Outer",
                        "Parallel Aware": false,
                        "Startup Cost": 76704.81,
                        "Total Cost": 76704.82,
                        "Plan Rows": 1,
                        "Plan Width": 8,
                        "Actual Startup Time": 208.233,
                        "Actual Total Time": 208.236,
                        "Actual Rows": 1,
                        "Actual Loops": 4,
                        "Output": [
                            "PARTIAL count(*)"
                        ],
                        "Workers": [
                            {
                                "Worker Number": 0,
                                "Actual Startup Time": 205.293,
                                "Actual Total Time": 205.295,
                                "Actual Rows": 1,
                                "Actual Loops": 1
                            },
                            {
                                "Worker Number": 1,
                                "Actual Startup Time": 205.371,
                                "Actual Total Time": 205.374,
                                "Actual Rows": 1,
                                "Actual Loops": 1
                            },
                            {
                                "Worker Number": 2,
                                "Actual Startup Time": 205.775,
                                "Actual Total Time": 205.778,
                                "Actual Rows": 1,
                                "Actual Loops": 1
                            }
                        ],
                        "Plans": [
                            {
                                "Node Type": "Hash Join",
                                "Parent Relationship": "Outer",
                                "Parallel Aware": true,
                                "Join Type": "Inner",
                                "Startup Cost": 44308.77,
                                "Total Cost": 76658.63,
                                "Plan Rows": 18474,
                                "Plan Width": 0,
                                "Actual Startup Time": 161.197,
                                "Actual Total Time": 206.94,
                                "Actual Rows": 31459,
                                "Actual Loops": 4,
                                "Inner Unique": true,
                                "Hash Cond": "(mc.movie_id = t.id)",
                                "Workers": [
                                    {
                                        "Worker Number": 0,
                                        "Actual Startup Time": 158.289,
                                        "Actual Total Time": 204.032,
                                        "Actual Rows": 31188,
                                        "Actual Loops": 1
                                    },
                                    {
                                        "Worker Number": 1,
                                        "Actual Startup Time": 158.364,
                                        "Actual Total Time": 204.101,
                                        "Actual Rows": 31489,
                                        "Actual Loops": 1
                                    },
                                    {
                                        "Worker Number": 2,
                                        "Actual Startup Time": 158.657,
                                        "Actual Total Time": 204.64,
                                        "Actual Rows": 26326,
                                        "Actual Loops": 1
                                    }
                                ],
                                "Plans": [
                                    {
                                        "Node Type": "Seq Scan",
                                        "Parent Relationship": "Outer",
                                        "Parallel Aware": true,
                                        "Relation Name": "movie_companies",
                                        "Schema": "public",
                                        "Alias": "mc",
                                        "Startup Cost": 0.0,
                                        "Total Cost": 31414.82,
                                        "Plan Rows": 356206,
                                        "Plan Width": 4,
                                        "Actual Startup Time": 29.138,
                                        "Actual Total Time": 64.956,
                                        "Actual Rows": 307447,
                                        "Actual Loops": 4,
                                        "Output": [
                                            "mc.id",
                                            "mc.movie_id",
                                            "mc.company_id",
                                            "mc.company_type_id",
                                            "mc.note"
                                        ],
                                        "Filter": "((mc.company_id > 323) AND (mc.company_type_id = 2))",
                                        "Rows Removed by Filter": 344835,
                                        "Workers": [
                                            {
                                                "Worker Number": 0,
                                                "Actual Startup Time": 29.134,
                                                "Actual Total Time": 65.371,
                                                "Actual Rows": 307863,
                                                "Actual Loops": 1
                                            },
                                            {
                                                "Worker Number": 1,
                                                "Actual Startup Time": 29.113,
                                                "Actual Total Time": 65.341,
                                                "Actual Rows": 310498,
                                                "Actual Loops": 1
                                            },
                                            {
                                                "Worker Number": 2,
                                                "Actual Startup Time": 29.14,
                                                "Actual Total Time": 63.444,
                                                "Actual Rows": 256723,
                                                "Actual Loops": 1
                                            }
                                        ]
                                    },
                                    {
                                        "Node Type": "Hash",
                                        "Parent Relationship": "Inner",
                                        "Parallel Aware": true,
                                        "Startup Cost": 43899.01,
                                        "Total Cost": 43899.01,
                                        "Plan Rows": 32781,
                                        "Plan Width": 4,
                                        "Actual Startup Time": 102.728,
                                        "Actual Total Time": 102.729,
                                        "Actual Rows": 33281,
                                        "Actual Loops": 4,
                                        "Output": [
                                            "t.id"
                                        ],
                                        "Hash Buckets": 262144,
                                        "Original Hash Buckets": 262144,
                                        "Hash Batches": 1,
                                        "Original Hash Batches": 1,
                                        "Peak Memory Usage": 7328,
                                        "Workers": [
                                            {
                                                "Worker Number": 0,
                                                "Actual Startup Time": 101.654,
                                                "Actual Total Time": 101.654,
                                                "Actual Rows": 31768,
                                                "Actual Loops": 1
                                            },
                                            {
                                                "Worker Number": 1,
                                                "Actual Startup Time": 101.713,
                                                "Actual Total Time": 101.714,
                                                "Actual Rows": 32738,
                                                "Actual Loops": 1
                                            },
                                            {
                                                "Worker Number": 2,
                                                "Actual Startup Time": 101.973,
                                                "Actual Total Time": 101.975,
                                                "Actual Rows": 27983,
                                                "Actual Loops": 1
                                            }
                                        ],
                                        "Plans": [
                                            {
                                                "Node Type": "Seq Scan",
                                                "Parent Relationship": "Outer",
                                                "Parallel Aware": true,
                                                "Relation Name": "title",
                                                "Schema": "public",
                                                "Alias": "t",
                                                "Startup Cost": 0.0,
                                                "Total Cost": 43899.01,
                                                "Plan Rows": 32781,
                                                "Plan Width": 4,
                                                "Actual Startup Time": 23.068,
                                                "Actual Total Time": 92.962,
                                                "Actual Rows": 33281,
                                                "Actual Loops": 4,
                                                "Output": [
                                                    "t.id"
                                                ],
                                                "Filter": "(t.production_year < 1937)",
                                                "Rows Removed by Filter": 598797,
                                                "Workers": [
                                                    {
                                                        "Worker Number": 0,
                                                        "Actual Startup Time": 3.223,
                                                        "Actual Total Time": 92.123,
                                                        "Actual Rows": 31768,
                                                        "Actual Loops": 1
                                                    },
                                                    {
                                                        "Worker Number": 1,
                                                        "Actual Startup Time": 40.684,
                                                        "Actual Total Time": 92.761,
                                                        "Actual Rows": 32738,
                                                        "Actual Loops": 1
                                                    },
                                                    {
                                                        "Worker Number": 2,
                                                        "Actual Startup Time": 2.8,
                                                        "Actual Total Time": 92.062,
                                                        "Actual Rows": 27983,
                                                        "Actual Loops": 1
                                                    }
                                                ]
                                            }
                                        ]
                                    }
                                ]
                            }
                        ]
                    }
                ]
            }
        ]
    },
    "Planning Time": 0.695,
    "Triggers": [],
    "Execution Time": 233.661
}