[
  {
    "Plan": {
      "Node Type": "Aggregate",
      "Strategy": "Plain",
      "Partial Mode": "Finalize",
      "Parallel Aware": false,
      "Startup Cost": 326799.77,
      "Total Cost": 326799.78,
      "Plan Rows": 1,
      "Plan Width": 8,
      "Actual Startup Time": 2639.732,
      "Actual Total Time": 2753.672,
      "Actual Rows": 1,
      "Actual Loops": 1,
      "Plans": [
        {
          "Node Type": "Gather",
          "Parent Relationship": "Outer",
          "Parallel Aware": false,
          "Startup Cost": 326799.24,
          "Total Cost": 326799.75,
          "Plan Rows": 5,
          "Plan Width": 8,
          "Actual Startup Time": 2637.478,
          "Actual Total Time": 2753.656,
          "Actual Rows": 6,
          "Actual Loops": 1,
          "Workers Planned": 5,
          "Workers Launched": 5,
          "Single Copy": false,
          "Plans": [
            {
              "Node Type": "Aggregate",
              "Strategy": "Plain",
              "Partial Mode": "Partial",
              "Parent Relationship": "Outer",
              "Parallel Aware": false,
              "Startup Cost": 325799.24,
              "Total Cost": 325799.25,
              "Plan Rows": 1,
              "Plan Width": 8,
              "Actual Startup Time": 2630.197,
              "Actual Total Time": 2630.203,
              "Actual Rows": 1,
              "Actual Loops": 6,
              "Plans": [
                {
                  "Node Type": "Nested Loop",
                  "Parent Relationship": "Outer",
                  "Parallel Aware": false,
                  "Join Type": "Inner",
                  "Startup Cost": 46171.48,
                  "Total Cost": 324653.53,
                  "Plan Rows": 458284,
                  "Plan Width": 0,
                  "Actual Startup Time": 107.292,
                  "Actual Total Time": 2524.658,
                  "Actual Rows": 2544650,
                  "Actual Loops": 6,
                  "Inner Unique": false,
                  "Join Filter": "(t.id = ci.movie_id)",
                  "Rows Removed by Join Filter": 0,
                  "Plans": [
                    {
                      "Node Type": "Hash Join",
                      "Parent Relationship": "Outer",
                      "Parallel Aware": true,
                      "Join Type": "Inner",
                      "Startup Cost": 46170.91,
                      "Total Cost": 246238.11,
                      "Plan Rows": 31964,
                      "Plan Width": 8,
                      "Actual Startup Time": 107.149,
                      "Actual Total Time": 480.623,
                      "Actual Rows": 52148,
                      "Actual Loops": 6,
                      "Inner Unique": true,
                      "Hash Cond": "(mi.movie_id = t.id)",
                      "Plans": [
                        {
                          "Node Type": "Seq Scan",
                          "Parent Relationship": "Outer",
                          "Parallel Aware": true,
                          "Relation Name": "movie_info",
                          "Alias": "mi",
                          "Startup Cost": 0.0,
                          "Total Cost": 199108.24,
                          "Plan Rows": 365318,
                          "Plan Width": 4,
                          "Actual Startup Time": 16.926,
                          "Actual Total Time": 321.309,
                          "Actual Rows": 310939,
                          "Actual Loops": 6,
                          "Filter": "(info_type_id > 17)",
                          "Rows Removed by Filter": 2161681
                        },
                        {
                          "Node Type": "Hash",
                          "Parent Relationship": "Inner",
                          "Parallel Aware": true,
                          "Startup Cost": 45479.59,
                          "Total Cost": 45479.59,
                          "Plan Rows": 55306,
                          "Plan Width": 4,
                          "Actual Startup Time": 88.635,
                          "Actual Total Time": 88.636,
                          "Actual Rows": 32868,
                          "Actual Loops": 6,
                          "Hash Buckets": 262144,
                          "Original Hash Buckets": 262144,
                          "Hash Batches": 1,
                          "Original Hash Batches": 1,
                          "Peak Memory Usage": 9888,
                          "Plans": [
                            {
                              "Node Type": "Seq Scan",
                              "Parent Relationship": "Outer",
                              "Parallel Aware": true,
                              "Relation Name": "title",
                              "Alias": "t",
                              "Startup Cost": 0.0,
                              "Total Cost": 45479.59,
                              "Plan Rows": 55306,
                              "Plan Width": 4,
                              "Actual Startup Time": 0.04,
                              "Actual Total Time": 74.685,
                              "Actual Rows": 32868,
                              "Actual Loops": 6,
                              "Filter": "((kind_id < 4) AND (production_year > 2008))",
                              "Rows Removed by Filter": 388518
                            }
                          ]
                        }
                      ]
                    },
                    {
                      "Node Type": "Index Only Scan",
                      "Parent Relationship": "Inner",
                      "Parallel Aware": false,
                      "Scan Direction": "Forward",
                      "Index Name": "movie_id_cast_info",
                      "Relation Name": "cast_info",
                      "Alias": "ci",
                      "Startup Cost": 0.56,
                      "Total Cost": 2.02,
                      "Plan Rows": 35,
                      "Plan Width": 4,
                      "Actual Startup Time": 0.006,
                      "Actual Total Time": 0.035,
                      "Actual Rows": 49,
                      "Actual Loops": 312889,
                      "Index Cond": "(movie_id = mi.movie_id)",
                      "Rows Removed by Index Recheck": 0,
                      "Heap Fetches": 15267901
                    }
                  ]
                }
              ]
            }
          ]
        }
      ]
    },
    "Planning Time": 1.206,
    "Triggers": [],
    "Execution Time": 2753.766
  }
]