[
  {
    "Plan": {
      "Node Type": "Aggregate",
      "Strategy": "Plain",
      "Partial Mode": "Finalize",
      "Parallel Aware": false,
      "Startup Cost": 32872.18,
      "Total Cost": 32872.19,
      "Plan Rows": 1,
      "Plan Width": 8,
      "Actual Startup Time": 65.091,
      "Actual Total Time": 71.847,
      "Actual Rows": 1,
      "Actual Loops": 1,
      "Plans": [
        {
          "Node Type": "Gather",
          "Parent Relationship": "Outer",
          "Parallel Aware": false,
          "Startup Cost": 32871.87,
          "Total Cost": 32872.18,
          "Plan Rows": 3,
          "Plan Width": 8,
          "Actual Startup Time": 65.012,
          "Actual Total Time": 71.843,
          "Actual Rows": 4,
          "Actual Loops": 1,
          "Workers Planned": 3,
          "Workers Launched": 3,
          "Single Copy": false,
          "Plans": [
            {
              "Node Type": "Aggregate",
              "Strategy": "Plain",
              "Partial Mode": "Partial",
              "Parent Relationship": "Outer",
              "Parallel Aware": false,
              "Startup Cost": 31871.87,
              "Total Cost": 31871.88,
              "Plan Rows": 1,
              "Plan Width": 8,
              "Actual Startup Time": 62.486,
              "Actual Total Time": 62.487,
              "Actual Rows": 1,
              "Actual Loops": 4,
              "Plans": [
                {
                  "Node Type": "Seq Scan",
                  "Parent Relationship": "Outer",
                  "Parallel Aware": true,
                  "Relation Name": "movie_companies",
                  "Alias": "mc",
                  "Startup Cost": 0.0,
                  "Total Cost": 31414.82,
                  "Plan Rows": 182819,
                  "Plan Width": 0,
                  "Actual Startup Time": 30.524,
                  "Actual Total Time": 58.687,
                  "Actual Rows": 88890,
                  "Actual Loops": 4,
                  "Filter": "((company_id < 7848) AND (company_type_id > 1))",
                  "Rows Removed by Filter": 563392
                }
              ]
            }
          ]
        }
      ]
    },
    "Planning Time": 0.104,
    "Triggers": [],
    "Execution Time": 71.873
  }
]