[
  {
    "Plan": {
      "Node Type": "Aggregate",
      "Strategy": "Plain",
      "Partial Mode": "Finalize",
      "Parallel Aware": false,
      "Startup Cost": 291328.76,
      "Total Cost": 291328.77,
      "Plan Rows": 1,
      "Plan Width": 8,
      "Actual Startup Time": 173.53,
      "Actual Total Time": 180.768,
      "Actual Rows": 1,
      "Actual Loops": 1,
      "Plans": [
        {
          "Node Type": "Gather",
          "Parent Relationship": "Outer",
          "Parallel Aware": false,
          "Startup Cost": 291328.14,
          "Total Cost": 291328.75,
          "Plan Rows": 6,
          "Plan Width": 8,
          "Actual Startup Time": 173.005,
          "Actual Total Time": 180.758,
          "Actual Rows": 7,
          "Actual Loops": 1,
          "Workers Planned": 6,
          "Workers Launched": 6,
          "Single Copy": false,
          "Plans": [
            {
              "Node Type": "Aggregate",
              "Strategy": "Plain",
              "Partial Mode": "Partial",
              "Parent Relationship": "Outer",
              "Parallel Aware": false,
              "Startup Cost": 290328.14,
              "Total Cost": 290328.15,
              "Plan Rows": 1,
              "Plan Width": 8,
              "Actual Startup Time": 162.409,
              "Actual Total Time": 162.41,
              "Actual Rows": 1,
              "Actual Loops": 7,
              "Plans": [
                {
                  "Node Type": "Bitmap Heap Scan",
                  "Parent Relationship": "Outer",
                  "Parallel Aware": true,
                  "Relation Name": "cast_info",
                  "Alias": "ci",
                  "Startup Cost": 33591.09,
                  "Total Cost": 290108.3,
                  "Plan Rows": 87933,
                  "Plan Width": 0,
                  "Actual Startup Time": 82.297,
                  "Actual Total Time": 152.108,
                  "Actual Rows": 162263,
                  "Actual Loops": 7,
                  "Recheck Cond": "(person_id < 157699)",
                  "Rows Removed by Index Recheck": 0,
                  "Filter": "(role_id = 1)",
                  "Rows Removed by Filter": 64214,
                  "Exact Heap Blocks": 4318,
                  "Lossy Heap Blocks": 0,
                  "Plans": [
                    {
                      "Node Type": "Bitmap Index Scan",
                      "Parent Relationship": "Outer",
                      "Parallel Aware": false,
                      "Index Name": "person_id_cast_info",
                      "Startup Cost": 0.0,
                      "Total Cost": 33459.19,
                      "Plan Rows": 1532084,
                      "Plan Width": 0,
                      "Actual Startup Time": 89.137,
                      "Actual Total Time": 89.138,
                      "Actual Rows": 1585335,
                      "Actual Loops": 1,
                      "Index Cond": "(person_id < 157699)"
                    }
                  ]
                }
              ]
            }
          ]
        }
      ]
    },
    "Planning Time": 0.202,
    "Triggers": [],
    "Execution Time": 180.839
  }
]