[
    {
        "Bao": {
            "Bao prediction": "NaN",
            "Bao recommended hint": "(no hint)"
        }
    },
    {
        "Plan": {
            "Node Type": "Aggregate",
            "Strategy": "Plain",
            "Partial Mode": "Finalize",
            "Parallel Aware": false,
            "Startup Cost": 350786.52,
            "Total Cost": 350786.53,
            "Plan Rows": 1,
            "Plan Width": 8,
            "Actual Startup Time": 956.511,
            "Actual Total Time": 987.83,
            "Actual Rows": 1,
            "Actual Loops": 1,
            "Output": [
                "count(*)"
            ],
            "Plans": [
                {
                    "Node Type": "Gather",
                    "Parent Relationship": "Outer",
                    "Parallel Aware": false,
                    "Startup Cost": 350785.9,
                    "Total Cost": 350786.51,
                    "Plan Rows": 6,
                    "Plan Width": 8,
                    "Actual Startup Time": 956.434,
                    "Actual Total Time": 987.82,
                    "Actual Rows": 7,
                    "Actual Loops": 1,
                    "Output": [
                        "(PARTIAL count(*))"
                    ],
                    "Workers Planned": 6,
                    "Workers Launched": 6,
                    "Single Copy": false,
                    "Plans": [
                        {
                            "Node Type": "Aggregate",
                            "Strategy": "Plain",
                            "Partial Mode": "Partial",
                            "Parent Relationship": "Outer",
                            "Parallel Aware": false,
                            "Startup Cost": 349785.9,
                            "Total Cost": 349785.91,
                            "Plan Rows": 1,
                            "Plan Width": 8,
                            "Actual Startup Time": 946.257,
                            "Actual Total Time": 946.258,
                            "Actual Rows": 1,
                            "Actual Loops": 7,
                            "Output": [
                                "PARTIAL count(*)"
                            ],
                            "Workers": [
                                {
                                    "Worker Number": 0,
                                    "Actual Startup Time": 943.823,
                                    "Actual Total Time": 943.824,
                                    "Actual Rows": 1,
                                    "Actual Loops": 1
                                },
                                {
                                    "Worker Number": 1,
                                    "Actual Startup Time": 944.475,
                                    "Actual Total Time": 944.476,
                                    "Actual Rows": 1,
                                    "Actual Loops": 1
                                },
                                {
                                    "Worker Number": 2,
                                    "Actual Startup Time": 944.704,
                                    "Actual Total Time": 944.705,
                                    "Actual Rows": 1,
                                    "Actual Loops": 1
                                },
                                {
                                    "Worker Number": 3,
                                    "Actual Startup Time": 944.797,
                                    "Actual Total Time": 944.799,
                                    "Actual Rows": 1,
                                    "Actual Loops": 1
                                },
                                {
                                    "Worker Number": 4,
                                    "Actual Startup Time": 945.013,
                                    "Actual Total Time": 945.014,
                                    "Actual Rows": 1,
                                    "Actual Loops": 1
                                },
                                {
                                    "Worker Number": 5,
                                    "Actual Startup Time": 945.092,
                                    "Actual Total Time": 945.093,
                                    "Actual Rows": 1,
                                    "Actual Loops": 1
                                }
                            ],
                            "Plans": [
                                {
                                    "Node Type": "Seq Scan",
                                    "Parent Relationship": "Outer",
                                    "Parallel Aware": true,
                                    "Relation Name": "cast_info",
                                    "Schema": "public",
                                    "Alias": "ci",
                                    "Startup Cost": 0.0,
                                    "Total Cost": 343318.94,
                                    "Plan Rows": 2586782,
                                    "Plan Width": 0,
                                    "Actual Startup Time": 405.732,
                                    "Actual Total Time": 809.829,
                                    "Actual Rows": 2258670,
                                    "Actual Loops": 7,
                                    "Output": [
                                        "id",
                                        "person_id",
                                        "movie_id",
                                        "person_role_id",
                                        "note",
                                        "nr_order",
                                        "role_id"
                                    ],
                                    "Filter": "((ci.person_id > 116111) AND (ci.role_id > 2))",
                                    "Rows Removed by Filter": 2919093,
                                    "Workers": [
                                        {
                                            "Worker Number": 0,
                                            "Actual Startup Time": 403.283,
                                            "Actual Total Time": 810.045,
                                            "Actual Rows": 2021485,
                                            "Actual Loops": 1
                                        },
                                        {
                                            "Worker Number": 1,
                                            "Actual Startup Time": 403.928,
                                            "Actual Total Time": 810.383,
                                            "Actual Rows": 2024061,
                                            "Actual Loops": 1
                                        },
                                        {
                                            "Worker Number": 2,
                                            "Actual Startup Time": 404.185,
                                            "Actual Total Time": 811.313,
                                            "Actual Rows": 2014708,
                                            "Actual Loops": 1
                                        },
                                        {
                                            "Worker Number": 3,
                                            "Actual Startup Time": 404.304,
                                            "Actual Total Time": 811.123,
                                            "Actual Rows": 2022845,
                                            "Actual Loops": 1
                                        },
                                        {
                                            "Worker Number": 4,
                                            "Actual Startup Time": 404.48,
                                            "Actual Total Time": 809.966,
                                            "Actual Rows": 3331955,
                                            "Actual Loops": 1
                                        },
                                        {
                                            "Worker Number": 5,
                                            "Actual Startup Time": 404.58,
                                            "Actual Total Time": 812.855,
                                            "Actual Rows": 1952639,
                                            "Actual Loops": 1
                                        }
                                    ]
                                }
                            ]
                        }
                    ]
                }
            ]
        },
        "Planning Time": 307.092,
        "Triggers": [],
        "Execution Time": 987.989
    }
]