[
  {
    "Plan": {
      "Node Type": "Aggregate",
      "Strategy": "Plain",
      "Partial Mode": "Finalize",
      "Parallel Aware": false,
      "Startup Cost": 299823.54,
      "Total Cost": 299823.55,
      "Plan Rows": 1,
      "Plan Width": 8,
      "Actual Startup Time": 614.92,
      "Actual Total Time": 651.989,
      "Actual Rows": 1,
      "Actual Loops": 1,
      "Plans": [
        {
          "Node Type": "Gather",
          "Parent Relationship": "Outer",
          "Parallel Aware": false,
          "Startup Cost": 299823.22,
          "Total Cost": 299823.53,
          "Plan Rows": 3,
          "Plan Width": 8,
          "Actual Startup Time": 614.136,
          "Actual Total Time": 651.979,
          "Actual Rows": 4,
          "Actual Loops": 1,
          "Workers Planned": 3,
          "Workers Launched": 3,
          "Single Copy": false,
          "Plans": [
            {
              "Node Type": "Aggregate",
              "Strategy": "Plain",
              "Partial Mode": "Partial",
              "Parent Relationship": "Outer",
              "Parallel Aware": false,
              "Startup Cost": 298823.22,
              "Total Cost": 298823.23,
              "Plan Rows": 1,
              "Plan Width": 8,
              "Actual Startup Time": 605.245,
              "Actual Total Time": 605.251,
              "Actual Rows": 1,
              "Actual Loops": 4,
              "Plans": [
                {
                  "Node Type": "Hash Join",
                  "Parent Relationship": "Outer",
                  "Parallel Aware": true,
                  "Join Type": "Inner",
                  "Startup Cost": 253022.16,
                  "Total Cost": 298182.6,
                  "Plan Rows": 256248,
                  "Plan Width": 0,
                  "Actual Startup Time": 443.588,
                  "Actual Total Time": 605.228,
                  "Actual Rows": 232,
                  "Actual Loops": 4,
                  "Inner Unique": false,
                  "Hash Cond": "(mk.movie_id = t.id)",
                  "Plans": [
                    {
                      "Node Type": "Seq Scan",
                      "Parent Relationship": "Outer",
                      "Parallel Aware": true,
                      "Relation Name": "movie_keyword",
                      "Alias": "mk",
                      "Startup Cost": 0.0,
                      "Total Cost": 39047.32,
                      "Plan Rows": 1459332,
                      "Plan Width": 4,
                      "Actual Startup Time": 0.019,
                      "Actual Total Time": 85.271,
                      "Actual Rows": 1130982,
                      "Actual Loops": 4
                    },
                    {
                      "Node Type": "Hash",
                      "Parent Relationship": "Inner",
                      "Parallel Aware": true,
                      "Startup Cost": 251634.75,
                      "Total Cost": 251634.75,
                      "Plan Rows": 110993,
                      "Plan Width": 8,
                      "Actual Startup Time": 436.469,
                      "Actual Total Time": 436.473,
                      "Actual Rows": 68,
                      "Actual Loops": 4,
                      "Hash Buckets": 524288,
                      "Original Hash Buckets": 524288,
                      "Hash Batches": 1,
                      "Original Hash Batches": 1,
                      "Peak Memory Usage": 4224,
                      "Plans": [
                        {
                          "Node Type": "Hash Join",
                          "Parent Relationship": "Outer",
                          "Parallel Aware": true,
                          "Join Type": "Inner",
                          "Startup Cost": 202809.64,
                          "Total Cost": 251634.75,
                          "Plan Rows": 110993,
                          "Plan Width": 8,
                          "Actual Startup Time": 300.236,
                          "Actual Total Time": 436.123,
                          "Actual Rows": 68,
                          "Actual Loops": 4,
                          "Inner Unique": false,
                          "Hash Cond": "(t.id = ci.movie_id)",
                          "Plans": [
                            {
                              "Node Type": "Seq Scan",
                              "Parent Relationship": "Outer",
                              "Parallel Aware": true,
                              "Relation Name": "title",
                              "Alias": "t",
                              "Startup Cost": 0.0,
                              "Total Cost": 42319.06,
                              "Plan Rows": 632106,
                              "Plan Width": 4,
                              "Actual Startup Time": 0.012,
                              "Actual Total Time": 73.808,
                              "Actual Rows": 632078,
                              "Actual Loops": 4
                            },
                            {
                              "Node Type": "Hash",
                              "Parent Relationship": "Inner",
                              "Parallel Aware": true,
                              "Startup Cost": 201884.69,
                              "Total Cost": 201884.69,
                              "Plan Rows": 73996,
                              "Plan Width": 4,
                              "Actual Startup Time": 297.349,
                              "Actual Total Time": 297.351,
                              "Actual Rows": 68,
                              "Actual Loops": 4,
                              "Hash Buckets": 524288,
                              "Original Hash Buckets": 524288,
                              "Hash Batches": 1,
                              "Original Hash Batches": 1,
                              "Peak Memory Usage": 4224,
                              "Plans": [
                                {
                                  "Node Type": "Index Scan",
                                  "Parent Relationship": "Outer",
                                  "Parallel Aware": true,
                                  "Scan Direction": "Forward",
                                  "Index Name": "role_id_cast_info",
                                  "Relation Name": "cast_info",
                                  "Alias": "ci",
                                  "Startup Cost": 0.56,
                                  "Total Cost": 201884.69,
                                  "Plan Rows": 73996,
                                  "Plan Width": 4,
                                  "Actual Startup Time": 11.339,
                                  "Actual Total Time": 297.021,
                                  "Actual Rows": 68,
                                  "Actual Loops": 4,
                                  "Index Cond": "(role_id = 2)",
                                  "Rows Removed by Index Recheck": 0,
                                  "Filter": "(person_id < 215116)",
                                  "Rows Removed by Filter": 1862925
                                }
                              ]
                            }
                          ]
                        }
                      ]
                    }
                  ]
                }
              ]
            }
          ]
        }
      ]
    },
    "Planning Time": 0.334,
    "Triggers": [],
    "Execution Time": 652.038
  }
]