[
  {
    "Plan": {
      "Node Type": "Aggregate",
      "Strategy": "Plain",
      "Partial Mode": "Finalize",
      "Parallel Aware": false,
      "Startup Cost": 53865.32,
      "Total Cost": 53865.33,
      "Plan Rows": 1,
      "Plan Width": 8,
      "Actual Startup Time": 161.183,
      "Actual Total Time": 169.43,
      "Actual Rows": 1,
      "Actual Loops": 1,
      "Plans": [
        {
          "Node Type": "Gather",
          "Parent Relationship": "Outer",
          "Parallel Aware": false,
          "Startup Cost": 53865.0,
          "Total Cost": 53865.31,
          "Plan Rows": 3,
          "Plan Width": 8,
          "Actual Startup Time": 157.686,
          "Actual Total Time": 169.423,
          "Actual Rows": 4,
          "Actual Loops": 1,
          "Workers Planned": 3,
          "Workers Launched": 3,
          "Single Copy": false,
          "Plans": [
            {
              "Node Type": "Aggregate",
              "Strategy": "Plain",
              "Partial Mode": "Partial",
              "Parent Relationship": "Outer",
              "Parallel Aware": false,
              "Startup Cost": 52865.0,
              "Total Cost": 52865.01,
              "Plan Rows": 1,
              "Plan Width": 8,
              "Actual Startup Time": 152.671,
              "Actual Total Time": 152.673,
              "Actual Rows": 1,
              "Actual Loops": 4,
              "Plans": [
                {
                  "Node Type": "Nested Loop",
                  "Parent Relationship": "Outer",
                  "Parallel Aware": false,
                  "Join Type": "Inner",
                  "Startup Cost": 21219.21,
                  "Total Cost": 52864.82,
                  "Plan Rows": 73,
                  "Plan Width": 0,
                  "Actual Startup Time": 127.922,
                  "Actual Total Time": 152.665,
                  "Actual Rows": 20,
                  "Actual Loops": 4,
                  "Inner Unique": true,
                  "Plans": [
                    {
                      "Node Type": "Hash Join",
                      "Parent Relationship": "Outer",
                      "Parallel Aware": true,
                      "Join Type": "Inner",
                      "Startup Cost": 21218.78,
                      "Total Cost": 44286.58,
                      "Plan Rows": 14779,
                      "Plan Width": 8,
                      "Actual Startup Time": 119.902,
                      "Actual Total Time": 130.632,
                      "Actual Rows": 6268,
                      "Actual Loops": 4,
                      "Inner Unique": false,
                      "Hash Cond": "(mk.movie_id = mi_idx.movie_id)",
                      "Plans": [
                        {
                          "Node Type": "Bitmap Heap Scan",
                          "Parent Relationship": "Outer",
                          "Parallel Aware": true,
                          "Relation Name": "movie_keyword",
                          "Alias": "mk",
                          "Startup Cost": 345.95,
                          "Total Cost": 23332.56,
                          "Plan Rows": 5225,
                          "Plan Width": 4,
                          "Actual Startup Time": 2.242,
                          "Actual Total Time": 8.528,
                          "Actual Rows": 3593,
                          "Actual Loops": 4,
                          "Recheck Cond": "(keyword_id < 3)",
                          "Rows Removed by Index Recheck": 0,
                          "Exact Heap Blocks": 2388,
                          "Lossy Heap Blocks": 0,
                          "Plans": [
                            {
                              "Node Type": "Bitmap Index Scan",
                              "Parent Relationship": "Outer",
                              "Parallel Aware": false,
                              "Index Name": "keyword_id_movie_keyword",
                              "Startup Cost": 0.0,
                              "Total Cost": 341.9,
                              "Plan Rows": 16196,
                              "Plan Width": 0,
                              "Actual Startup Time": 1.482,
                              "Actual Total Time": 1.482,
                              "Actual Rows": 14373,
                              "Actual Loops": 1,
                              "Index Cond": "(keyword_id < 3)"
                            }
                          ]
                        },
                        {
                          "Node Type": "Hash",
                          "Parent Relationship": "Inner",
                          "Parallel Aware": true,
                          "Startup Cost": 13685.15,
                          "Total Cost": 13685.15,
                          "Plan Rows": 575015,
                          "Plan Width": 4,
                          "Actual Startup Time": 114.038,
                          "Actual Total Time": 114.038,
                          "Actual Rows": 345009,
                          "Actual Loops": 4,
                          "Hash Buckets": 2097152,
                          "Original Hash Buckets": 2097152,
                          "Hash Batches": 1,
                          "Original Hash Batches": 1,
                          "Peak Memory Usage": 70400,
                          "Plans": [
                            {
                              "Node Type": "Seq Scan",
                              "Parent Relationship": "Outer",
                              "Parallel Aware": true,
                              "Relation Name": "movie_info_idx",
                              "Alias": "mi_idx",
                              "Startup Cost": 0.0,
                              "Total Cost": 13685.15,
                              "Plan Rows": 575015,
                              "Plan Width": 4,
                              "Actual Startup Time": 0.023,
                              "Actual Total Time": 37.118,
                              "Actual Rows": 345009,
                              "Actual Loops": 4
                            }
                          ]
                        }
                      ]
                    },
                    {
                      "Node Type": "Index Scan",
                      "Parent Relationship": "Inner",
                      "Parallel Aware": false,
                      "Scan Direction": "Forward",
                      "Index Name": "title_pkey",
                      "Relation Name": "title",
                      "Alias": "t",
                      "Startup Cost": 0.43,
                      "Total Cost": 0.58,
                      "Plan Rows": 1,
                      "Plan Width": 4,
                      "Actual Startup Time": 0.003,
                      "Actual Total Time": 0.003,
                      "Actual Rows": 0,
                      "Actual Loops": 25074,
                      "Index Cond": "(id = mi_idx.movie_id)",
                      "Rows Removed by Index Recheck": 0,
                      "Filter": "(production_year = 2013)",
                      "Rows Removed by Filter": 1
                    }
                  ]
                }
              ]
            }
          ]
        }
      ]
    },
    "Planning Time": 0.44,
    "Triggers": [],
    "Execution Time": 169.469
  }
]