[
  {
    "Plan": {
      "Node Type": "Aggregate",
      "Strategy": "Plain",
      "Partial Mode": "Finalize",
      "Parallel Aware": false,
      "Startup Cost": 336524.86,
      "Total Cost": 336524.87,
      "Plan Rows": 1,
      "Plan Width": 8,
      "Actual Startup Time": 700.002,
      "Actual Total Time": 754.155,
      "Actual Rows": 1,
      "Actual Loops": 1,
      "Plans": [
        {
          "Node Type": "Gather",
          "Parent Relationship": "Outer",
          "Parallel Aware": false,
          "Startup Cost": 336524.23,
          "Total Cost": 336524.84,
          "Plan Rows": 6,
          "Plan Width": 8,
          "Actual Startup Time": 699.888,
          "Actual Total Time": 754.145,
          "Actual Rows": 7,
          "Actual Loops": 1,
          "Workers Planned": 6,
          "Workers Launched": 6,
          "Single Copy": false,
          "Plans": [
            {
              "Node Type": "Aggregate",
              "Strategy": "Plain",
              "Partial Mode": "Partial",
              "Parent Relationship": "Outer",
              "Parallel Aware": false,
              "Startup Cost": 335524.23,
              "Total Cost": 335524.24,
              "Plan Rows": 1,
              "Plan Width": 8,
              "Actual Startup Time": 689.415,
              "Actual Total Time": 689.416,
              "Actual Rows": 1,
              "Actual Loops": 7,
              "Plans": [
                {
                  "Node Type": "Seq Scan",
                  "Parent Relationship": "Outer",
                  "Parallel Aware": true,
                  "Relation Name": "cast_info",
                  "Alias": "ci",
                  "Startup Cost": 0.0,
                  "Total Cost": 328162.03,
                  "Plan Rows": 2944882,
                  "Plan Width": 0,
                  "Actual Startup Time": 203.817,
                  "Actual Total Time": 587.61,
                  "Actual Rows": 2522354,
                  "Actual Loops": 7,
                  "Filter": "(person_id > 1850090)",
                  "Rows Removed by Filter": 2655409
                }
              ]
            }
          ]
        }
      ]
    },
    "Planning Time": 0.175,
    "Triggers": [],
    "Execution Time": 754.223
  }
]