[
  {
    "Plan": {
      "Node Type": "Aggregate",
      "Strategy": "Plain",
      "Partial Mode": "Finalize",
      "Parallel Aware": false,
      "Startup Cost": 45226.09,
      "Total Cost": 45226.1,
      "Plan Rows": 1,
      "Plan Width": 8,
      "Actual Startup Time": 144.908,
      "Actual Total Time": 154.496,
      "Actual Rows": 1,
      "Actual Loops": 1,
      "Plans": [
        {
          "Node Type": "Gather",
          "Parent Relationship": "Outer",
          "Parallel Aware": false,
          "Startup Cost": 45225.77,
          "Total Cost": 45226.08,
          "Plan Rows": 3,
          "Plan Width": 8,
          "Actual Startup Time": 144.739,
          "Actual Total Time": 154.485,
          "Actual Rows": 4,
          "Actual Loops": 1,
          "Workers Planned": 3,
          "Workers Launched": 3,
          "Single Copy": false,
          "Plans": [
            {
              "Node Type": "Aggregate",
              "Strategy": "Plain",
              "Partial Mode": "Partial",
              "Parent Relationship": "Outer",
              "Parallel Aware": false,
              "Startup Cost": 44225.77,
              "Total Cost": 44225.78,
              "Plan Rows": 1,
              "Plan Width": 8,
              "Actual Startup Time": 138.031,
              "Actual Total Time": 138.032,
              "Actual Rows": 1,
              "Actual Loops": 4,
              "Plans": [
                {
                  "Node Type": "Seq Scan",
                  "Parent Relationship": "Outer",
                  "Parallel Aware": true,
                  "Relation Name": "movie_keyword",
                  "Alias": "mk",
                  "Startup Cost": 0.0,
                  "Total Cost": 42695.65,
                  "Plan Rows": 612048,
                  "Plan Width": 0,
                  "Actual Startup Time": 1.065,
                  "Actual Total Time": 115.15,
                  "Actual Rows": 474309,
                  "Actual Loops": 4,
                  "Filter": "(keyword_id > 7125)",
                  "Rows Removed by Filter": 656674
                }
              ]
            }
          ]
        }
      ]
    },
    "Planning Time": 0.187,
    "Triggers": [],
    "Execution Time": 154.555
  }
]