[
  {
    "Plan": {
      "Node Type": "Aggregate",
      "Strategy": "Plain",
      "Partial Mode": "Finalize",
      "Parallel Aware": false,
      "Startup Cost": 45324.81,
      "Total Cost": 45324.82,
      "Plan Rows": 1,
      "Plan Width": 8,
      "Actual Startup Time": 171.953,
      "Actual Total Time": 181.18,
      "Actual Rows": 1,
      "Actual Loops": 1,
      "Plans": [
        {
          "Node Type": "Gather",
          "Parent Relationship": "Outer",
          "Parallel Aware": false,
          "Startup Cost": 45324.49,
          "Total Cost": 45324.8,
          "Plan Rows": 3,
          "Plan Width": 8,
          "Actual Startup Time": 171.784,
          "Actual Total Time": 181.169,
          "Actual Rows": 4,
          "Actual Loops": 1,
          "Workers Planned": 3,
          "Workers Launched": 3,
          "Single Copy": false,
          "Plans": [
            {
              "Node Type": "Aggregate",
              "Strategy": "Plain",
              "Partial Mode": "Partial",
              "Parent Relationship": "Outer",
              "Parallel Aware": false,
              "Startup Cost": 44324.49,
              "Total Cost": 44324.5,
              "Plan Rows": 1,
              "Plan Width": 8,
              "Actual Startup Time": 163.215,
              "Actual Total Time": 163.217,
              "Actual Rows": 1,
              "Actual Loops": 4,
              "Plans": [
                {
                  "Node Type": "Seq Scan",
                  "Parent Relationship": "Outer",
                  "Parallel Aware": true,
                  "Relation Name": "movie_keyword",
                  "Alias": "mk",
                  "Startup Cost": 0.0,
                  "Total Cost": 42695.65,
                  "Plan Rows": 651535,
                  "Plan Width": 0,
                  "Actual Startup Time": 0.944,
                  "Actual Total Time": 134.588,
                  "Actual Rows": 502460,
                  "Actual Loops": 4,
                  "Filter": "(keyword_id > 6224)",
                  "Rows Removed by Filter": 628522
                }
              ]
            }
          ]
        }
      ]
    },
    "Planning Time": 0.166,
    "Triggers": [],
    "Execution Time": 181.233
  }
]