{
  "Plan": {
    "Node Type": "Aggregate",
    "Strategy": "Plain",
    "Partial Mode": "Finalize",
    "Parallel Aware": false,
    "Startup Cost": 374245.71,
    "Total Cost": 374245.72,
    "Plan Rows": 1,
    "Plan Width": 8,
    "Actual Startup Time": 1393.952,
    "Actual Total Time": 1417.356,
    "Actual Rows": 1,
    "Actual Loops": 1,
    "Plans": [
      {
        "Node Type": "Gather",
        "Parent Relationship": "Outer",
        "Parallel Aware": false,
        "Startup Cost": 374245.59,
        "Total Cost": 374245.7,
        "Plan Rows": 1,
        "Plan Width": 8,
        "Actual Startup Time": 1393.789,
        "Actual Total Time": 1417.349,
        "Actual Rows": 2,
        "Actual Loops": 1,
        "Workers Planned": 1,
        "Workers Launched": 1,
        "Single Copy": false,
        "Plans": [
          {
            "Node Type": "Aggregate",
            "Strategy": "Plain",
            "Partial Mode": "Partial",
            "Parent Relationship": "Outer",
            "Parallel Aware": false,
            "Startup Cost": 373245.59,
            "Total Cost": 373245.6,
            "Plan Rows": 1,
            "Plan Width": 8,
            "Actual Startup Time": 1390.687,
            "Actual Total Time": 1390.69,
            "Actual Rows": 1,
            "Actual Loops": 2,
            "Plans": [
              {
                "Node Type": "Hash Join",
                "Parent Relationship": "Outer",
                "Parallel Aware": true,
                "Join Type": "Inner",
                "Startup Cost": 55304.68,
                "Total Cost": 372791.78,
                "Plan Rows": 181527,
                "Plan Width": 0,
                "Actual Startup Time": 137.379,
                "Actual Total Time": 1382.514,
                "Actual Rows": 168103,
                "Actual Loops": 2,
                "Inner Unique": true,
                "Hash Cond": "(ci.movie_id = t.id)",
                "Plans": [
                  {
                    "Node Type": "Index Scan",
                    "Parent Relationship": "Outer",
                    "Parallel Aware": true,
                    "Scan Direction": "Forward",
                    "Index Name": "role_id_cast_info",
                    "Relation Name": "cast_info",
                    "Alias": "ci",
                    "Startup Cost": 0.56,
                    "Total Cost": 305110.75,
                    "Plan Rows": 4715006,
                    "Plan Width": 4,
                    "Actual Startup Time": 0.171,
                    "Actual Total Time": 730.233,
                    "Actual Rows": 4309672,
                    "Actual Loops": 2,
                    "Index Cond": "(role_id > 4)",
                    "Rows Removed by Index Recheck": 0,
                    "Filter": "(person_id > 559241)",
                    "Rows Removed by Filter": 382680
                  },
                  {
                    "Node Type": "Hash",
                    "Parent Relationship": "Inner",
                    "Parallel Aware": true,
                    "Startup Cost": 54588.39,
                    "Total Cost": 54588.39,
                    "Plan Rows": 57258,
                    "Plan Width": 4,
                    "Actual Startup Time": 136.233,
                    "Actual Total Time": 136.234,
                    "Actual Rows": 47502,
                    "Actual Loops": 2,
                    "Hash Buckets": 131072,
                    "Original Hash Buckets": 131072,
                    "Hash Batches": 1,
                    "Original Hash Batches": 1,
                    "Peak Memory Usage": 4768,
                    "Plans": [
                      {
                        "Node Type": "Seq Scan",
                        "Parent Relationship": "Outer",
                        "Parallel Aware": true,
                        "Relation Name": "title",
                        "Alias": "t",
                        "Startup Cost": 0.0,
                        "Total Cost": 54588.39,
                        "Plan Rows": 57258,
                        "Plan Width": 4,
                        "Actual Startup Time": 0.019,
                        "Actual Total Time": 123.713,
                        "Actual Rows": 47502,
                        "Actual Loops": 2,
                        "Filter": "(production_year = 2005)",
                        "Rows Removed by Filter": 1216654
                      }
                    ]
                  }
                ]
              }
            ]
          }
        ]
      }
    ]
  },
  "Planning Time": 0.238,
  "Triggers": [],
  "Execution Time": 1417.404
}