[
  {
    "Plan": {
      "Node Type": "Aggregate",
      "Strategy": "Plain",
      "Partial Mode": "Finalize",
      "Parallel Aware": false,
      "Startup Cost": 15794.49,
      "Total Cost": 15794.5,
      "Plan Rows": 1,
      "Plan Width": 8,
      "Actual Startup Time": 13.005,
      "Actual Total Time": 15.281,
      "Actual Rows": 1,
      "Actual Loops": 1,
      "Plans": [
        {
          "Node Type": "Gather",
          "Parent Relationship": "Outer",
          "Parallel Aware": false,
          "Startup Cost": 15794.28,
          "Total Cost": 15794.49,
          "Plan Rows": 2,
          "Plan Width": 8,
          "Actual Startup Time": 12.69,
          "Actual Total Time": 15.271,
          "Actual Rows": 3,
          "Actual Loops": 1,
          "Workers Planned": 2,
          "Workers Launched": 2,
          "Single Copy": false,
          "Plans": [
            {
              "Node Type": "Aggregate",
              "Strategy": "Plain",
              "Partial Mode": "Partial",
              "Parent Relationship": "Outer",
              "Parallel Aware": false,
              "Startup Cost": 14794.28,
              "Total Cost": 14794.29,
              "Plan Rows": 1,
              "Plan Width": 8,
              "Actual Startup Time": 6.453,
              "Actual Total Time": 6.455,
              "Actual Rows": 1,
              "Actual Loops": 3,
              "Plans": [
                {
                  "Node Type": "Nested Loop",
                  "Parent Relationship": "Outer",
                  "Parallel Aware": false,
                  "Join Type": "Inner",
                  "Startup Cost": 79.39,
                  "Total Cost": 14792.44,
                  "Plan Rows": 736,
                  "Plan Width": 0,
                  "Actual Startup Time": 1.539,
                  "Actual Total Time": 6.369,
                  "Actual Rows": 388,
                  "Actual Loops": 3,
                  "Inner Unique": true,
                  "Plans": [
                    {
                      "Node Type": "Bitmap Heap Scan",
                      "Parent Relationship": "Outer",
                      "Parallel Aware": true,
                      "Relation Name": "movie_companies",
                      "Alias": "mc",
                      "Startup Cost": 78.96,
                      "Total Cost": 8906.82,
                      "Plan Rows": 736,
                      "Plan Width": 4,
                      "Actual Startup Time": 1.386,
                      "Actual Total Time": 2.226,
                      "Actual Rows": 388,
                      "Actual Loops": 3,
                      "Recheck Cond": "(company_id = 67)",
                      "Rows Removed by Index Recheck": 0,
                      "Filter": "(company_type_id = 2)",
                      "Rows Removed by Filter": 839,
                      "Exact Heap Blocks": 718,
                      "Lossy Heap Blocks": 0,
                      "Plans": [
                        {
                          "Node Type": "Bitmap Index Scan",
                          "Parent Relationship": "Outer",
                          "Parallel Aware": false,
                          "Index Name": "company_id_movie_companies",
                          "Startup Cost": 0.0,
                          "Total Cost": 78.52,
                          "Plan Rows": 3479,
                          "Plan Width": 0,
                          "Actual Startup Time": 1.737,
                          "Actual Total Time": 1.737,
                          "Actual Rows": 3681,
                          "Actual Loops": 1,
                          "Index Cond": "(company_id = 67)"
                        }
                      ]
                    },
                    {
                      "Node Type": "Index Only Scan",
                      "Parent Relationship": "Inner",
                      "Parallel Aware": false,
                      "Scan Direction": "Forward",
                      "Index Name": "title_pkey",
                      "Relation Name": "title",
                      "Alias": "t",
                      "Startup Cost": 0.43,
                      "Total Cost": 8.0,
                      "Plan Rows": 1,
                      "Plan Width": 4,
                      "Actual Startup Time": 0.01,
                      "Actual Total Time": 0.01,
                      "Actual Rows": 1,
                      "Actual Loops": 1164,
                      "Index Cond": "(id = mc.movie_id)",
                      "Rows Removed by Index Recheck": 0,
                      "Heap Fetches": 1164
                    }
                  ]
                }
              ]
            }
          ]
        }
      ]
    },
    "Planning Time": 0.428,
    "Triggers": [],
    "Execution Time": 15.343
  }
]