[
  {
    "Plan": {
      "Node Type": "Aggregate",
      "Strategy": "Plain",
      "Partial Mode": "Finalize",
      "Parallel Aware": false,
      "Startup Cost": 236564.73,
      "Total Cost": 236564.74,
      "Plan Rows": 1,
      "Plan Width": 8,
      "Actual Startup Time": 481.995,
      "Actual Total Time": 503.223,
      "Actual Rows": 1,
      "Actual Loops": 1,
      "Plans": [
        {
          "Node Type": "Gather",
          "Parent Relationship": "Outer",
          "Parallel Aware": false,
          "Startup Cost": 236564.2,
          "Total Cost": 236564.71,
          "Plan Rows": 5,
          "Plan Width": 8,
          "Actual Startup Time": 464.691,
          "Actual Total Time": 503.212,
          "Actual Rows": 6,
          "Actual Loops": 1,
          "Workers Planned": 5,
          "Workers Launched": 5,
          "Single Copy": false,
          "Plans": [
            {
              "Node Type": "Aggregate",
              "Strategy": "Plain",
              "Partial Mode": "Partial",
              "Parent Relationship": "Outer",
              "Parallel Aware": false,
              "Startup Cost": 235564.2,
              "Total Cost": 235564.21,
              "Plan Rows": 1,
              "Plan Width": 8,
              "Actual Startup Time": 449.758,
              "Actual Total Time": 449.762,
              "Actual Rows": 1,
              "Actual Loops": 6,
              "Plans": [
                {
                  "Node Type": "Hash Join",
                  "Parent Relationship": "Outer",
                  "Parallel Aware": true,
                  "Join Type": "Inner",
                  "Startup Cost": 69826.18,
                  "Total Cost": 235146.39,
                  "Plan Rows": 167126,
                  "Plan Width": 0,
                  "Actual Startup Time": 295.998,
                  "Actual Total Time": 441.08,
                  "Actual Rows": 141788,
                  "Actual Loops": 6,
                  "Inner Unique": true,
                  "Hash Cond": "(mi.movie_id = t.id)",
                  "Plans": [
                    {
                      "Node Type": "Bitmap Heap Scan",
                      "Parent Relationship": "Outer",
                      "Parallel Aware": true,
                      "Relation Name": "movie_info",
                      "Alias": "mi",
                      "Startup Cost": 19924.7,
                      "Total Cost": 184667.46,
                      "Plan Rows": 219981,
                      "Plan Width": 4,
                      "Actual Startup Time": 49.925,
                      "Actual Total Time": 121.007,
                      "Actual Rows": 174386,
                      "Actual Loops": 6,
                      "Recheck Cond": "(info_type_id > 78)",
                      "Rows Removed by Index Recheck": 0,
                      "Exact Heap Blocks": 6510,
                      "Lossy Heap Blocks": 0,
                      "Plans": [
                        {
                          "Node Type": "Bitmap Index Scan",
                          "Parent Relationship": "Outer",
                          "Parallel Aware": false,
                          "Index Name": "info_type_id_movie_info",
                          "Startup Cost": 0.0,
                          "Total Cost": 19649.72,
                          "Plan Rows": 1099905,
                          "Plan Width": 0,
                          "Actual Startup Time": 44.206,
                          "Actual Total Time": 44.207,
                          "Actual Rows": 1046316,
                          "Actual Loops": 1,
                          "Index Cond": "(info_type_id > 78)"
                        }
                      ]
                    },
                    {
                      "Node Type": "Hash",
                      "Parent Relationship": "Inner",
                      "Parallel Aware": true,
                      "Startup Cost": 43898.92,
                      "Total Cost": 43898.92,
                      "Plan Rows": 480205,
                      "Plan Width": 4,
                      "Actual Startup Time": 240.632,
                      "Actual Total Time": 240.633,
                      "Actual Rows": 320475,
                      "Actual Loops": 6,
                      "Hash Buckets": 2097152,
                      "Original Hash Buckets": 2097152,
                      "Hash Batches": 1,
                      "Original Hash Batches": 1,
                      "Peak Memory Usage": 91776,
                      "Plans": [
                        {
                          "Node Type": "Seq Scan",
                          "Parent Relationship": "Outer",
                          "Parallel Aware": true,
                          "Relation Name": "title",
                          "Alias": "t",
                          "Startup Cost": 0.0,
                          "Total Cost": 43898.92,
                          "Plan Rows": 480205,
                          "Plan Width": 4,
                          "Actual Startup Time": 0.044,
                          "Actual Total Time": 94.922,
                          "Actual Rows": 320475,
                          "Actual Loops": 6,
                          "Filter": "(production_year < 2010)",
                          "Rows Removed by Filter": 100910
                        }
                      ]
                    }
                  ]
                }
              ]
            }
          ]
        }
      ]
    },
    "Planning Time": 0.557,
    "Triggers": [],
    "Execution Time": 503.31
  }
]