[
  {
    "Plan": {
      "Node Type": "Aggregate",
      "Strategy": "Plain",
      "Partial Mode": "Finalize",
      "Parallel Aware": false,
      "Startup Cost": 355124.36,
      "Total Cost": 355124.38,
      "Plan Rows": 1,
      "Plan Width": 8,
      "Actual Startup Time": 972.15,
      "Actual Total Time": 1033.366,
      "Actual Rows": 1,
      "Actual Loops": 1,
      "Plans": [
        {
          "Node Type": "Gather",
          "Parent Relationship": "Outer",
          "Parallel Aware": false,
          "Startup Cost": 355123.74,
          "Total Cost": 355124.35,
          "Plan Rows": 6,
          "Plan Width": 8,
          "Actual Startup Time": 971.837,
          "Actual Total Time": 1033.352,
          "Actual Rows": 7,
          "Actual Loops": 1,
          "Workers Planned": 6,
          "Workers Launched": 6,
          "Single Copy": false,
          "Plans": [
            {
              "Node Type": "Aggregate",
              "Strategy": "Plain",
              "Partial Mode": "Partial",
              "Parent Relationship": "Outer",
              "Parallel Aware": false,
              "Startup Cost": 354123.74,
              "Total Cost": 354123.75,
              "Plan Rows": 1,
              "Plan Width": 8,
              "Actual Startup Time": 963.876,
              "Actual Total Time": 963.878,
              "Actual Rows": 1,
              "Actual Loops": 7,
              "Plans": [
                {
                  "Node Type": "Seq Scan",
                  "Parent Relationship": "Outer",
                  "Parallel Aware": true,
                  "Relation Name": "cast_info",
                  "Alias": "ci",
                  "Startup Cost": 0.0,
                  "Total Cost": 343316.27,
                  "Plan Rows": 4322988,
                  "Plan Width": 0,
                  "Actual Startup Time": 34.977,
                  "Actual Total Time": 777.599,
                  "Actual Rows": 3656052,
                  "Actual Loops": 7,
                  "Filter": "((person_id > 238439) AND (role_id < 6))",
                  "Rows Removed by Filter": 1521711
                }
              ]
            }
          ]
        }
      ]
    },
    "Planning Time": 0.092,
    "Triggers": [],
    "Execution Time": 1033.406
  }
]