[
  {
    "Plan": {
      "Node Type": "Aggregate",
      "Strategy": "Plain",
      "Partial Mode": "Finalize",
      "Parallel Aware": false,
      "Startup Cost": 77566.04,
      "Total Cost": 77566.05,
      "Plan Rows": 1,
      "Plan Width": 8,
      "Actual Startup Time": 289.211,
      "Actual Total Time": 304.3,
      "Actual Rows": 1,
      "Actual Loops": 1,
      "Plans": [
        {
          "Node Type": "Gather",
          "Parent Relationship": "Outer",
          "Parallel Aware": false,
          "Startup Cost": 77565.62,
          "Total Cost": 77566.03,
          "Plan Rows": 4,
          "Plan Width": 8,
          "Actual Startup Time": 287.411,
          "Actual Total Time": 304.29,
          "Actual Rows": 5,
          "Actual Loops": 1,
          "Workers Planned": 4,
          "Workers Launched": 4,
          "Single Copy": false,
          "Plans": [
            {
              "Node Type": "Aggregate",
              "Strategy": "Plain",
              "Partial Mode": "Partial",
              "Parent Relationship": "Outer",
              "Parallel Aware": false,
              "Startup Cost": 76565.62,
              "Total Cost": 76565.63,
              "Plan Rows": 1,
              "Plan Width": 8,
              "Actual Startup Time": 278.269,
              "Actual Total Time": 278.287,
              "Actual Rows": 1,
              "Actual Loops": 5,
              "Plans": [
                {
                  "Node Type": "Hash Join",
                  "Parent Relationship": "Outer",
                  "Parallel Aware": true,
                  "Join Type": "Inner",
                  "Startup Cost": 30788.5,
                  "Total Cost": 76435.5,
                  "Plan Rows": 52050,
                  "Plan Width": 0,
                  "Actual Startup Time": 119.117,
                  "Actual Total Time": 275.382,
                  "Actual Rows": 64641,
                  "Actual Loops": 5,
                  "Inner Unique": false,
                  "Hash Cond": "(t.id = mc.movie_id)",
                  "Plans": [
                    {
                      "Node Type": "Seq Scan",
                      "Parent Relationship": "Outer",
                      "Parallel Aware": true,
                      "Relation Name": "title",
                      "Alias": "t",
                      "Startup Cost": 0.0,
                      "Total Cost": 42318.73,
                      "Plan Rows": 632073,
                      "Plan Width": 4,
                      "Actual Startup Time": 0.011,
                      "Actual Total Time": 64.907,
                      "Actual Rows": 505662,
                      "Actual Loops": 5
                    },
                    {
                      "Node Type": "Hash",
                      "Parent Relationship": "Inner",
                      "Parallel Aware": true,
                      "Startup Cost": 29948.99,
                      "Total Cost": 29948.99,
                      "Plan Rows": 67161,
                      "Plan Width": 4,
                      "Actual Startup Time": 117.14,
                      "Actual Total Time": 117.156,
                      "Actual Rows": 64641,
                      "Actual Loops": 5,
                      "Hash Buckets": 524288,
                      "Original Hash Buckets": 262144,
                      "Hash Batches": 1,
                      "Original Hash Batches": 1,
                      "Peak Memory Usage": 18848,
                      "Plans": [
                        {
                          "Node Type": "Bitmap Heap Scan",
                          "Parent Relationship": "Outer",
                          "Parallel Aware": true,
                          "Relation Name": "movie_companies",
                          "Alias": "mc",
                          "Startup Cost": 9112.51,
                          "Total Cost": 29948.99,
                          "Plan Rows": 67161,
                          "Plan Width": 4,
                          "Actual Startup Time": 33.649,
                          "Actual Total Time": 83.133,
                          "Actual Rows": 64641,
                          "Actual Loops": 5,
                          "Recheck Cond": "(company_id < 302)",
                          "Rows Removed by Index Recheck": 0,
                          "Filter": "(company_type_id < 2)",
                          "Rows Removed by Filter": 19766,
                          "Exact Heap Blocks": 6324,
                          "Lossy Heap Blocks": 0,
                          "Plans": [
                            {
                              "Node Type": "Bitmap Index Scan",
                              "Parent Relationship": "Outer",
                              "Parallel Aware": false,
                              "Index Name": "company_id_movie_companies",
                              "Startup Cost": 0.0,
                              "Total Cost": 9060.47,
                              "Plan Rows": 422938,
                              "Plan Width": 0,
                              "Actual Startup Time": 32.026,
                              "Actual Total Time": 32.1,
                              "Actual Rows": 422035,
                              "Actual Loops": 1,
                              "Index Cond": "(company_id < 302)"
                            }
                          ]
                        }
                      ]
                    }
                  ]
                }
              ]
            }
          ]
        }
      ]
    },
    "Planning Time": 0.71,
    "Triggers": [],
    "Execution Time": 304.4
  }
]