[
  {
    "Plan": {
      "Node Type": "Aggregate",
      "Strategy": "Plain",
      "Partial Mode": "Finalize",
      "Parallel Aware": false,
      "Startup Cost": 246548.96,
      "Total Cost": 246548.97,
      "Plan Rows": 1,
      "Plan Width": 8,
      "Actual Startup Time": 884.574,
      "Actual Total Time": 934.701,
      "Actual Rows": 1,
      "Actual Loops": 1,
      "Plans": [
        {
          "Node Type": "Gather",
          "Parent Relationship": "Outer",
          "Parallel Aware": false,
          "Startup Cost": 246548.44,
          "Total Cost": 246548.95,
          "Plan Rows": 5,
          "Plan Width": 8,
          "Actual Startup Time": 883.101,
          "Actual Total Time": 934.69,
          "Actual Rows": 6,
          "Actual Loops": 1,
          "Workers Planned": 5,
          "Workers Launched": 5,
          "Single Copy": false,
          "Plans": [
            {
              "Node Type": "Aggregate",
              "Strategy": "Plain",
              "Partial Mode": "Partial",
              "Parent Relationship": "Outer",
              "Parallel Aware": false,
              "Startup Cost": 245548.44,
              "Total Cost": 245548.45,
              "Plan Rows": 1,
              "Plan Width": 8,
              "Actual Startup Time": 877.212,
              "Actual Total Time": 877.267,
              "Actual Rows": 1,
              "Actual Loops": 6,
              "Plans": [
                {
                  "Node Type": "Hash Join",
                  "Parent Relationship": "Outer",
                  "Parallel Aware": true,
                  "Join Type": "Inner",
                  "Startup Cost": 45783.51,
                  "Total Cost": 245262.92,
                  "Plan Rows": 114210,
                  "Plan Width": 0,
                  "Actual Startup Time": 115.203,
                  "Actual Total Time": 855.357,
                  "Actual Rows": 400861,
                  "Actual Loops": 6,
                  "Inner Unique": true,
                  "Hash Cond": "(mi.movie_id = t.id)",
                  "Plans": [
                    {
                      "Node Type": "Seq Scan",
                      "Parent Relationship": "Outer",
                      "Parallel Aware": true,
                      "Relation Name": "movie_info",
                      "Alias": "mi",
                      "Startup Cost": 0.0,
                      "Total Cost": 191685.19,
                      "Plan Rows": 2969219,
                      "Plan Width": 4,
                      "Actual Startup Time": 0.04,
                      "Actual Total Time": 334.358,
                      "Actual Rows": 2472620,
                      "Actual Loops": 6
                    },
                    {
                      "Node Type": "Hash",
                      "Parent Relationship": "Inner",
                      "Parallel Aware": true,
                      "Startup Cost": 45479.59,
                      "Total Cost": 45479.59,
                      "Plan Rows": 24314,
                      "Plan Width": 4,
                      "Actual Startup Time": 113.015,
                      "Actual Total Time": 113.016,
                      "Actual Rows": 33906,
                      "Actual Loops": 6,
                      "Hash Buckets": 262144,
                      "Original Hash Buckets": 131072,
                      "Hash Batches": 1,
                      "Original Hash Batches": 1,
                      "Peak Memory Usage": 11200,
                      "Plans": [
                        {
                          "Node Type": "Seq Scan",
                          "Parent Relationship": "Outer",
                          "Parallel Aware": true,
                          "Relation Name": "title",
                          "Alias": "t",
                          "Startup Cost": 0.0,
                          "Total Cost": 45479.59,
                          "Plan Rows": 24314,
                          "Plan Width": 4,
                          "Actual Startup Time": 0.177,
                          "Actual Total Time": 90.936,
                          "Actual Rows": 33906,
                          "Actual Loops": 6,
                          "Filter": "((kind_id < 7) AND (production_year < 1962))",
                          "Rows Removed by Filter": 387480
                        }
                      ]
                    }
                  ]
                }
              ]
            }
          ]
        }
      ]
    },
    "Planning Time": 0.289,
    "Triggers": [],
    "Execution Time": 934.751
  }
]