[
  {
    "Plan": {
      "Node Type": "Aggregate",
      "Strategy": "Plain",
      "Partial Mode": "Finalize",
      "Parallel Aware": false,
      "Startup Cost": 143898.03,
      "Total Cost": 143898.04,
      "Plan Rows": 1,
      "Plan Width": 8,
      "Actual Startup Time": 802.507,
      "Actual Total Time": 877.093,
      "Actual Rows": 1,
      "Actual Loops": 1,
      "Plans": [
        {
          "Node Type": "Gather",
          "Parent Relationship": "Outer",
          "Parallel Aware": false,
          "Startup Cost": 143897.61,
          "Total Cost": 143898.02,
          "Plan Rows": 4,
          "Plan Width": 8,
          "Actual Startup Time": 800.156,
          "Actual Total Time": 877.083,
          "Actual Rows": 5,
          "Actual Loops": 1,
          "Workers Planned": 4,
          "Workers Launched": 4,
          "Single Copy": false,
          "Plans": [
            {
              "Node Type": "Aggregate",
              "Strategy": "Plain",
              "Partial Mode": "Partial",
              "Parent Relationship": "Outer",
              "Parallel Aware": false,
              "Startup Cost": 142897.61,
              "Total Cost": 142897.62,
              "Plan Rows": 1,
              "Plan Width": 8,
              "Actual Startup Time": 790.026,
              "Actual Total Time": 790.105,
              "Actual Rows": 1,
              "Actual Loops": 5,
              "Plans": [
                {
                  "Node Type": "Nested Loop",
                  "Parent Relationship": "Outer",
                  "Parallel Aware": false,
                  "Join Type": "Inner",
                  "Startup Cost": 30450.64,
                  "Total Cost": 142142.81,
                  "Plan Rows": 301920,
                  "Plan Width": 0,
                  "Actual Startup Time": 121.407,
                  "Actual Total Time": 771.76,
                  "Actual Rows": 342594,
                  "Actual Loops": 5,
                  "Inner Unique": false,
                  "Plans": [
                    {
                      "Node Type": "Hash Join",
                      "Parent Relationship": "Outer",
                      "Parallel Aware": true,
                      "Join Type": "Inner",
                      "Startup Cost": 30450.08,
                      "Total Cost": 77276.4,
                      "Plan Rows": 21070,
                      "Plan Width": 8,
                      "Actual Startup Time": 121.304,
                      "Actual Total Time": 245.168,
                      "Actual Rows": 13528,
                      "Actual Loops": 5,
                      "Inner Unique": false,
                      "Hash Cond": "(t.id = mc.movie_id)",
                      "Plans": [
                        {
                          "Node Type": "Seq Scan",
                          "Parent Relationship": "Outer",
                          "Parallel Aware": true,
                          "Relation Name": "title",
                          "Alias": "t",
                          "Startup Cost": 0.0,
                          "Total Cost": 45479.1,
                          "Plan Rows": 255850,
                          "Plan Width": 4,
                          "Actual Startup Time": 0.014,
                          "Actual Total Time": 73.644,
                          "Actual Rows": 221488,
                          "Actual Loops": 5,
                          "Filter": "((kind_id > 1) AND (production_year > 2000))",
                          "Rows Removed by Filter": 284175
                        },
                        {
                          "Node Type": "Hash",
                          "Parent Relationship": "Inner",
                          "Parallel Aware": true,
                          "Startup Cost": 29610.49,
                          "Total Cost": 29610.49,
                          "Plan Rows": 67167,
                          "Plan Width": 4,
                          "Actual Startup Time": 104.105,
                          "Actual Total Time": 104.106,
                          "Actual Rows": 82867,
                          "Actual Loops": 5,
                          "Hash Buckets": 524288,
                          "Original Hash Buckets": 262144,
                          "Hash Batches": 1,
                          "Original Hash Batches": 1,
                          "Peak Memory Usage": 22432,
                          "Plans": [
                            {
                              "Node Type": "Bitmap Heap Scan",
                              "Parent Relationship": "Outer",
                              "Parallel Aware": true,
                              "Relation Name": "movie_companies",
                              "Alias": "mc",
                              "Startup Cost": 8836.17,
                              "Total Cost": 29610.49,
                              "Plan Rows": 67167,
                              "Plan Width": 4,
                              "Actual Startup Time": 34.91,
                              "Actual Total Time": 68.985,
                              "Actual Rows": 82867,
                              "Actual Loops": 5,
                              "Recheck Cond": "(company_id > 80587)",
                              "Rows Removed by Index Recheck": 0,
                              "Filter": "(company_type_id > 1)",
                              "Rows Removed by Filter": 0,
                              "Exact Heap Blocks": 2343,
                              "Lossy Heap Blocks": 0,
                              "Plans": [
                                {
                                  "Node Type": "Bitmap Index Scan",
                                  "Parent Relationship": "Outer",
                                  "Parallel Aware": false,
                                  "Index Name": "company_id_movie_companies",
                                  "Startup Cost": 0.0,
                                  "Total Cost": 8784.12,
                                  "Plan Rows": 410092,
                                  "Plan Width": 0,
                                  "Actual Startup Time": 37.416,
                                  "Actual Total Time": 37.416,
                                  "Actual Rows": 414337,
                                  "Actual Loops": 1,
                                  "Index Cond": "(company_id > 80587)"
                                }
                              ]
                            }
                          ]
                        }
                      ]
                    },
                    {
                      "Node Type": "Index Only Scan",
                      "Parent Relationship": "Inner",
                      "Parallel Aware": false,
                      "Scan Direction": "Forward",
                      "Index Name": "movie_id_cast_info",
                      "Relation Name": "cast_info",
                      "Alias": "ci",
                      "Startup Cost": 0.56,
                      "Total Cost": 2.71,
                      "Plan Rows": 37,
                      "Plan Width": 4,
                      "Actual Startup Time": 0.008,
                      "Actual Total Time": 0.037,
                      "Actual Rows": 25,
                      "Actual Loops": 67641,
                      "Index Cond": "(movie_id = t.id)",
                      "Rows Removed by Index Recheck": 0,
                      "Heap Fetches": 1712970
                    }
                  ]
                }
              ]
            }
          ]
        }
      ]
    },
    "Planning Time": 1.401,
    "Triggers": [],
    "Execution Time": 877.226
  }
]