[
  {
    "Plan": {
      "Node Type": "Aggregate",
      "Strategy": "Plain",
      "Partial Mode": "Finalize",
      "Parallel Aware": false,
      "Startup Cost": 78209.15,
      "Total Cost": 78209.16,
      "Plan Rows": 1,
      "Plan Width": 68,
      "Actual Startup Time": 423.52,
      "Actual Total Time": 442.538,
      "Actual Rows": 1,
      "Actual Loops": 1,
      "Plans": [
        {
          "Node Type": "Gather",
          "Parent Relationship": "Outer",
          "Parallel Aware": false,
          "Startup Cost": 78208.82,
          "Total Cost": 78209.13,
          "Plan Rows": 3,
          "Plan Width": 68,
          "Actual Startup Time": 418.361,
          "Actual Total Time": 442.526,
          "Actual Rows": 4,
          "Actual Loops": 1,
          "Workers Planned": 3,
          "Workers Launched": 3,
          "Single Copy": false,
          "Plans": [
            {
              "Node Type": "Aggregate",
              "Strategy": "Plain",
              "Partial Mode": "Partial",
              "Parent Relationship": "Outer",
              "Parallel Aware": false,
              "Startup Cost": 77208.82,
              "Total Cost": 77208.83,
              "Plan Rows": 1,
              "Plan Width": 68,
              "Actual Startup Time": 408.665,
              "Actual Total Time": 408.67,
              "Actual Rows": 1,
              "Actual Loops": 4,
              "Plans": [
                {
                  "Node Type": "Hash Join",
                  "Parent Relationship": "Outer",
                  "Parallel Aware": false,
                  "Join Type": "Inner",
                  "Startup Cost": 45951.81,
                  "Total Cost": 76998.98,
                  "Plan Rows": 27978,
                  "Plan Width": 45,
                  "Actual Startup Time": 361.529,
                  "Actual Total Time": 407.133,
                  "Actual Rows": 11166,
                  "Actual Loops": 4,
                  "Inner Unique": true,
                  "Hash Cond": "(mc.company_type_id = ct.id)",
                  "Plans": [
                    {
                      "Node Type": "Hash Join",
                      "Parent Relationship": "Outer",
                      "Parallel Aware": true,
                      "Join Type": "Inner",
                      "Startup Cost": 45950.75,
                      "Total Cost": 76392.9,
                      "Plan Rows": 111910,
                      "Plan Width": 49,
                      "Actual Startup Time": 213.75,
                      "Actual Total Time": 400.845,
                      "Actual Rows": 67450,
                      "Actual Loops": 4,
                      "Inner Unique": true,
                      "Hash Cond": "(mc.movie_id = t.id)",
                      "Plans": [
                        {
                          "Node Type": "Seq Scan",
                          "Parent Relationship": "Outer",
                          "Parallel Aware": true,
                          "Relation Name": "movie_companies",
                          "Alias": "mc",
                          "Startup Cost": 0.0,
                          "Total Cost": 29310.68,
                          "Plan Rows": 431038,
                          "Plan Width": 32,
                          "Actual Startup Time": 0.034,
                          "Actual Total Time": 107.1,
                          "Actual Rows": 334272,
                          "Actual Loops": 4,
                          "Filter": "(note !~~ '%(as Metro-Goldwyn-Mayer Pictures)%'::text)",
                          "Rows Removed by Filter": 318010
                        },
                        {
                          "Node Type": "Hash",
                          "Parent Relationship": "Inner",
                          "Parallel Aware": true,
                          "Startup Cost": 43899.32,
                          "Total Cost": 43899.32,
                          "Plan Rows": 164114,
                          "Plan Width": 25,
                          "Actual Startup Time": 209.781,
                          "Actual Total Time": 209.782,
                          "Actual Rows": 165516,
                          "Actual Loops": 4,
                          "Hash Buckets": 1048576,
                          "Original Hash Buckets": 1048576,
                          "Hash Batches": 1,
                          "Original Hash Batches": 1,
                          "Peak Memory Usage": 47616,
                          "Plans": [
                            {
                              "Node Type": "Seq Scan",
                              "Parent Relationship": "Outer",
                              "Parallel Aware": true,
                              "Relation Name": "title",
                              "Alias": "t",
                              "Startup Cost": 0.0,
                              "Total Cost": 43899.32,
                              "Plan Rows": 164114,
                              "Plan Width": 25,
                              "Actual Startup Time": 0.066,
                              "Actual Total Time": 118.062,
                              "Actual Rows": 165516,
                              "Actual Loops": 4,
                              "Filter": "(production_year > 2008)",
                              "Rows Removed by Filter": 466562
                            }
                          ]
                        }
                      ]
                    },
                    {
                      "Node Type": "Hash",
                      "Parent Relationship": "Inner",
                      "Parallel Aware": false,
                      "Startup Cost": 1.05,
                      "Total Cost": 1.05,
                      "Plan Rows": 1,
                      "Plan Width": 4,
                      "Actual Startup Time": 0.074,
                      "Actual Total Time": 0.075,
                      "Actual Rows": 1,
                      "Actual Loops": 4,
                      "Hash Buckets": 1024,
                      "Original Hash Buckets": 1024,
                      "Hash Batches": 1,
                      "Original Hash Batches": 1,
                      "Peak Memory Usage": 9,
                      "Plans": [
                        {
                          "Node Type": "Seq Scan",
                          "Parent Relationship": "Outer",
                          "Parallel Aware": false,
                          "Relation Name": "company_type",
                          "Alias": "ct",
                          "Startup Cost": 0.0,
                          "Total Cost": 1.05,
                          "Plan Rows": 1,
                          "Plan Width": 4,
                          "Actual Startup Time": 0.049,
                          "Actual Total Time": 0.053,
                          "Actual Rows": 1,
                          "Actual Loops": 4,
                          "Filter": "((kind)::text = 'production companies'::text)",
                          "Rows Removed by Filter": 3
                        }
                      ]
                    }
                  ]
                }
              ]
            }
          ]
        }
      ]
    },
    "Planning Time": 4.634,
    "Triggers": [],
    "Execution Time": 442.936
  }
]