[
  {
    "Plan": {
      "Node Type": "Aggregate",
      "Strategy": "Plain",
      "Partial Mode": "Finalize",
      "Parallel Aware": false,
      "Startup Cost": 124639.38,
      "Total Cost": 124639.39,
      "Plan Rows": 1,
      "Plan Width": 8,
      "Actual Startup Time": 825.741,
      "Actual Total Time": 847.707,
      "Actual Rows": 1,
      "Actual Loops": 1,
      "Plans": [
        {
          "Node Type": "Gather",
          "Parent Relationship": "Outer",
          "Parallel Aware": false,
          "Startup Cost": 124639.06,
          "Total Cost": 124639.37,
          "Plan Rows": 3,
          "Plan Width": 8,
          "Actual Startup Time": 819.456,
          "Actual Total Time": 847.694,
          "Actual Rows": 4,
          "Actual Loops": 1,
          "Workers Planned": 3,
          "Workers Launched": 3,
          "Single Copy": false,
          "Plans": [
            {
              "Node Type": "Aggregate",
              "Strategy": "Plain",
              "Partial Mode": "Partial",
              "Parent Relationship": "Outer",
              "Parallel Aware": false,
              "Startup Cost": 123639.06,
              "Total Cost": 123639.07,
              "Plan Rows": 1,
              "Plan Width": 8,
              "Actual Startup Time": 810.654,
              "Actual Total Time": 810.846,
              "Actual Rows": 1,
              "Actual Loops": 4,
              "Plans": [
                {
                  "Node Type": "Hash Join",
                  "Parent Relationship": "Outer",
                  "Parallel Aware": true,
                  "Join Type": "Inner",
                  "Startup Cost": 77908.28,
                  "Total Cost": 123110.33,
                  "Plan Rows": 211492,
                  "Plan Width": 0,
                  "Actual Startup Time": 397.705,
                  "Actual Total Time": 734.824,
                  "Actual Rows": 1799039,
                  "Actual Loops": 4,
                  "Inner Unique": false,
                  "Hash Cond": "(mk.movie_id = t.id)",
                  "Plans": [
                    {
                      "Node Type": "Seq Scan",
                      "Parent Relationship": "Outer",
                      "Parallel Aware": true,
                      "Relation Name": "movie_keyword",
                      "Alias": "mk",
                      "Startup Cost": 0.0,
                      "Total Cost": 39047.32,
                      "Plan Rows": 1459332,
                      "Plan Width": 4,
                      "Actual Startup Time": 0.034,
                      "Actual Total Time": 94.294,
                      "Actual Rows": 1130982,
                      "Actual Loops": 4
                    },
                    {
                      "Node Type": "Hash",
                      "Parent Relationship": "Inner",
                      "Parallel Aware": true,
                      "Startup Cost": 76430.82,
                      "Total Cost": 76430.82,
                      "Plan Rows": 118197,
                      "Plan Width": 8,
                      "Actual Startup Time": 394.24,
                      "Actual Total Time": 394.431,
                      "Actual Rows": 145310,
                      "Actual Loops": 4,
                      "Hash Buckets": 1048576,
                      "Original Hash Buckets": 524288,
                      "Hash Batches": 1,
                      "Original Hash Batches": 1,
                      "Peak Memory Usage": 35136,
                      "Plans": [
                        {
                          "Node Type": "Hash Join",
                          "Parent Relationship": "Outer",
                          "Parallel Aware": true,
                          "Join Type": "Inner",
                          "Startup Cost": 45887.25,
                          "Total Cost": 76430.82,
                          "Plan Rows": 118197,
                          "Plan Width": 8,
                          "Actual Startup Time": 172.301,
                          "Actual Total Time": 340.334,
                          "Actual Rows": 145310,
                          "Actual Loops": 4,
                          "Inner Unique": true,
                          "Hash Cond": "(mc.movie_id = t.id)",
                          "Plans": [
                            {
                              "Node Type": "Seq Scan",
                              "Parent Relationship": "Outer",
                              "Parallel Aware": true,
                              "Relation Name": "movie_companies",
                              "Alias": "mc",
                              "Startup Cost": 0.0,
                              "Total Cost": 29310.68,
                              "Plan Rows": 469670,
                              "Plan Width": 4,
                              "Actual Startup Time": 0.024,
                              "Actual Total Time": 74.239,
                              "Actual Rows": 363598,
                              "Actual Loops": 4,
                              "Filter": "(company_id < 13053)",
                              "Rows Removed by Filter": 288684
                            },
                            {
                              "Node Type": "Hash",
                              "Parent Relationship": "Inner",
                              "Parallel Aware": true,
                              "Startup Cost": 43898.92,
                              "Total Cost": 43898.92,
                              "Plan Rows": 159067,
                              "Plan Width": 4,
                              "Actual Startup Time": 169.114,
                              "Actual Total Time": 169.115,
                              "Actual Rows": 160743,
                              "Actual Loops": 4,
                              "Hash Buckets": 1048576,
                              "Original Hash Buckets": 1048576,
                              "Hash Batches": 1,
                              "Original Hash Batches": 1,
                              "Peak Memory Usage": 33440,
                              "Plans": [
                                {
                                  "Node Type": "Seq Scan",
                                  "Parent Relationship": "Outer",
                                  "Parallel Aware": true,
                                  "Relation Name": "title",
                                  "Alias": "t",
                                  "Startup Cost": 0.0,
                                  "Total Cost": 43898.92,
                                  "Plan Rows": 159067,
                                  "Plan Width": 4,
                                  "Actual Startup Time": 0.052,
                                  "Actual Total Time": 105.241,
                                  "Actual Rows": 160743,
                                  "Actual Loops": 4,
                                  "Filter": "(production_year < 1988)",
                                  "Rows Removed by Filter": 471335
                                }
                              ]
                            }
                          ]
                        }
                      ]
                    }
                  ]
                }
              ]
            }
          ]
        }
      ]
    },
    "Planning Time": 1.402,
    "Triggers": [],
    "Execution Time": 847.794
  }
]