[
  {
    "Plan": {
      "Node Type": "Aggregate",
      "Strategy": "Plain",
      "Partial Mode": "Finalize",
      "Parallel Aware": false,
      "Startup Cost": 386297.19,
      "Total Cost": 386297.2,
      "Plan Rows": 1,
      "Plan Width": 8,
      "Actual Startup Time": 1412.387,
      "Actual Total Time": 1466.752,
      "Actual Rows": 1,
      "Actual Loops": 1,
      "Plans": [
        {
          "Node Type": "Gather",
          "Parent Relationship": "Outer",
          "Parallel Aware": false,
          "Startup Cost": 386296.56,
          "Total Cost": 386297.17,
          "Plan Rows": 6,
          "Plan Width": 8,
          "Actual Startup Time": 1410.754,
          "Actual Total Time": 1466.733,
          "Actual Rows": 7,
          "Actual Loops": 1,
          "Workers Planned": 6,
          "Workers Launched": 6,
          "Single Copy": false,
          "Plans": [
            {
              "Node Type": "Aggregate",
              "Strategy": "Plain",
              "Partial Mode": "Partial",
              "Parent Relationship": "Outer",
              "Parallel Aware": false,
              "Startup Cost": 385296.56,
              "Total Cost": 385296.57,
              "Plan Rows": 1,
              "Plan Width": 8,
              "Actual Startup Time": 1402.071,
              "Actual Total Time": 1402.076,
              "Actual Rows": 1,
              "Actual Loops": 7,
              "Plans": [
                {
                  "Node Type": "Hash Join",
                  "Parent Relationship": "Outer",
                  "Parallel Aware": true,
                  "Join Type": "Inner",
                  "Startup Cost": 44396.05,
                  "Total Cost": 384579.74,
                  "Plan Rows": 286728,
                  "Plan Width": 0,
                  "Actual Startup Time": 87.934,
                  "Actual Total Time": 1386.917,
                  "Actual Rows": 247870,
                  "Actual Loops": 7,
                  "Inner Unique": true,
                  "Hash Cond": "(ci.movie_id = t.id)",
                  "Plans": [
                    {
                      "Node Type": "Seq Scan",
                      "Parent Relationship": "Outer",
                      "Parallel Aware": true,
                      "Relation Name": "cast_info",
                      "Alias": "ci",
                      "Startup Cost": 0.0,
                      "Total Cost": 328211.39,
                      "Plan Rows": 4560870,
                      "Plan Width": 4,
                      "Actual Startup Time": 0.043,
                      "Actual Total Time": 678.725,
                      "Actual Rows": 3925865,
                      "Actual Loops": 7,
                      "Filter": "(person_id < 2814926)",
                      "Rows Removed by Filter": 1251899
                    },
                    {
                      "Node Type": "Hash",
                      "Parent Relationship": "Inner",
                      "Parallel Aware": true,
                      "Startup Cost": 43899.32,
                      "Total Cost": 43899.32,
                      "Plan Rows": 39738,
                      "Plan Width": 4,
                      "Actual Startup Time": 85.878,
                      "Actual Total Time": 85.879,
                      "Actual Rows": 22860,
                      "Actual Loops": 7,
                      "Hash Buckets": 262144,
                      "Original Hash Buckets": 262144,
                      "Hash Batches": 1,
                      "Original Hash Batches": 1,
                      "Peak Memory Usage": 8416,
                      "Plans": [
                        {
                          "Node Type": "Seq Scan",
                          "Parent Relationship": "Outer",
                          "Parallel Aware": true,
                          "Relation Name": "title",
                          "Alias": "t",
                          "Startup Cost": 0.0,
                          "Total Cost": 43899.32,
                          "Plan Rows": 39738,
                          "Plan Width": 4,
                          "Actual Startup Time": 0.043,
                          "Actual Total Time": 74.629,
                          "Actual Rows": 22860,
                          "Actual Loops": 7,
                          "Filter": "(production_year = 2011)",
                          "Rows Removed by Filter": 338328
                        }
                      ]
                    }
                  ]
                }
              ]
            }
          ]
        }
      ]
    },
    "Planning Time": 0.612,
    "Triggers": [],
    "Execution Time": 1466.84
  }
]