[
  {
    "Plan": {
      "Node Type": "Aggregate",
      "Strategy": "Plain",
      "Partial Mode": "Finalize",
      "Parallel Aware": false,
      "Startup Cost": 386277.44,
      "Total Cost": 386277.45,
      "Plan Rows": 1,
      "Plan Width": 8,
      "Actual Startup Time": 1291.666,
      "Actual Total Time": 1358.658,
      "Actual Rows": 1,
      "Actual Loops": 1,
      "Plans": [
        {
          "Node Type": "Gather",
          "Parent Relationship": "Outer",
          "Parallel Aware": false,
          "Startup Cost": 386276.82,
          "Total Cost": 386277.43,
          "Plan Rows": 6,
          "Plan Width": 8,
          "Actual Startup Time": 1289.875,
          "Actual Total Time": 1358.646,
          "Actual Rows": 7,
          "Actual Loops": 1,
          "Workers Planned": 6,
          "Workers Launched": 6,
          "Single Copy": false,
          "Plans": [
            {
              "Node Type": "Aggregate",
              "Strategy": "Plain",
              "Partial Mode": "Partial",
              "Parent Relationship": "Outer",
              "Parallel Aware": false,
              "Startup Cost": 385276.82,
              "Total Cost": 385276.83,
              "Plan Rows": 1,
              "Plan Width": 8,
              "Actual Startup Time": 1279.61,
              "Actual Total Time": 1279.613,
              "Actual Rows": 1,
              "Actual Loops": 7,
              "Plans": [
                {
                  "Node Type": "Hash Join",
                  "Parent Relationship": "Outer",
                  "Parallel Aware": true,
                  "Join Type": "Inner",
                  "Startup Cost": 44402.73,
                  "Total Cost": 384549.01,
                  "Plan Rows": 291122,
                  "Plan Width": 0,
                  "Actual Startup Time": 83.724,
                  "Actual Total Time": 1266.631,
                  "Actual Rows": 247870,
                  "Actual Loops": 7,
                  "Inner Unique": true,
                  "Hash Cond": "(ci.movie_id = t.id)",
                  "Plans": [
                    {
                      "Node Type": "Seq Scan",
                      "Parent Relationship": "Outer",
                      "Parallel Aware": true,
                      "Relation Name": "cast_info",
                      "Alias": "ci",
                      "Startup Cost": 0.0,
                      "Total Cost": 328162.03,
                      "Plan Rows": 4565423,
                      "Plan Width": 4,
                      "Actual Startup Time": 0.025,
                      "Actual Total Time": 628.789,
                      "Actual Rows": 3925865,
                      "Actual Loops": 7,
                      "Filter": "(person_id < 2814926)",
                      "Rows Removed by Filter": 1251899
                    },
                    {
                      "Node Type": "Hash",
                      "Parent Relationship": "Inner",
                      "Parallel Aware": true,
                      "Startup Cost": 43898.92,
                      "Total Cost": 43898.92,
                      "Plan Rows": 40305,
                      "Plan Width": 4,
                      "Actual Startup Time": 81.744,
                      "Actual Total Time": 81.745,
                      "Actual Rows": 22860,
                      "Actual Loops": 7,
                      "Hash Buckets": 262144,
                      "Original Hash Buckets": 262144,
                      "Hash Batches": 1,
                      "Original Hash Batches": 1,
                      "Peak Memory Usage": 8384,
                      "Plans": [
                        {
                          "Node Type": "Seq Scan",
                          "Parent Relationship": "Outer",
                          "Parallel Aware": true,
                          "Relation Name": "title",
                          "Alias": "t",
                          "Startup Cost": 0.0,
                          "Total Cost": 43898.92,
                          "Plan Rows": 40305,
                          "Plan Width": 4,
                          "Actual Startup Time": 0.04,
                          "Actual Total Time": 71.551,
                          "Actual Rows": 22860,
                          "Actual Loops": 7,
                          "Filter": "(production_year = 2011)",
                          "Rows Removed by Filter": 338328
                        }
                      ]
                    }
                  ]
                }
              ]
            }
          ]
        }
      ]
    },
    "Planning Time": 0.597,
    "Triggers": [],
    "Execution Time": 1358.743
  }
]