[
  {
    "Plan": {
      "Node Type": "Aggregate",
      "Strategy": "Plain",
      "Partial Mode": "Finalize",
      "Parallel Aware": false,
      "Startup Cost": 345717.32,
      "Total Cost": 345717.33,
      "Plan Rows": 1,
      "Plan Width": 8,
      "Actual Startup Time": 671.048,
      "Actual Total Time": 730.099,
      "Actual Rows": 1,
      "Actual Loops": 1,
      "Plans": [
        {
          "Node Type": "Gather",
          "Parent Relationship": "Outer",
          "Parallel Aware": false,
          "Startup Cost": 345716.69,
          "Total Cost": 345717.3,
          "Plan Rows": 6,
          "Plan Width": 8,
          "Actual Startup Time": 670.917,
          "Actual Total Time": 730.087,
          "Actual Rows": 7,
          "Actual Loops": 1,
          "Workers Planned": 6,
          "Workers Launched": 6,
          "Single Copy": false,
          "Plans": [
            {
              "Node Type": "Aggregate",
              "Strategy": "Plain",
              "Partial Mode": "Partial",
              "Parent Relationship": "Outer",
              "Parallel Aware": false,
              "Startup Cost": 344716.69,
              "Total Cost": 344716.7,
              "Plan Rows": 1,
              "Plan Width": 8,
              "Actual Startup Time": 662.731,
              "Actual Total Time": 662.732,
              "Actual Rows": 1,
              "Actual Loops": 7,
              "Plans": [
                {
                  "Node Type": "Seq Scan",
                  "Parent Relationship": "Outer",
                  "Parallel Aware": true,
                  "Relation Name": "cast_info",
                  "Alias": "ci",
                  "Startup Cost": 0.0,
                  "Total Cost": 343257.03,
                  "Plan Rows": 583866,
                  "Plan Width": 0,
                  "Actual Startup Time": 359.838,
                  "Actual Total Time": 647.707,
                  "Actual Rows": 314085,
                  "Actual Loops": 7,
                  "Filter": "((person_id < 772996) AND (role_id > 2))",
                  "Rows Removed by Filter": 4863678
                }
              ]
            }
          ]
        }
      ]
    },
    "Planning Time": 0.167,
    "Triggers": [],
    "Execution Time": 730.161
  }
]