{
  "Plan": {
    "Node Type": "Aggregate",
    "Strategy": "Plain",
    "Partial Mode": "Finalize",
    "Parallel Aware": false,
    "Startup Cost": 92628.83,
    "Total Cost": 92628.84,
    "Plan Rows": 1,
    "Plan Width": 8,
    "Actual Startup Time": 321.164,
    "Actual Total Time": 354.152,
    "Actual Rows": 1,
    "Actual Loops": 1,
    "Plans": [
      {
        "Node Type": "Gather",
        "Parent Relationship": "Outer",
        "Parallel Aware": false,
        "Startup Cost": 92628.72,
        "Total Cost": 92628.83,
        "Plan Rows": 1,
        "Plan Width": 8,
        "Actual Startup Time": 320.573,
        "Actual Total Time": 354.143,
        "Actual Rows": 2,
        "Actual Loops": 1,
        "Workers Planned": 1,
        "Workers Launched": 1,
        "Single Copy": false,
        "Plans": [
          {
            "Node Type": "Aggregate",
            "Strategy": "Plain",
            "Partial Mode": "Partial",
            "Parent Relationship": "Outer",
            "Parallel Aware": false,
            "Startup Cost": 91628.72,
            "Total Cost": 91628.73,
            "Plan Rows": 1,
            "Plan Width": 8,
            "Actual Startup Time": 314.479,
            "Actual Total Time": 314.483,
            "Actual Rows": 1,
            "Actual Loops": 2,
            "Plans": [
              {
                "Node Type": "Nested Loop",
                "Parent Relationship": "Outer",
                "Parallel Aware": false,
                "Join Type": "Inner",
                "Startup Cost": 58505.56,
                "Total Cost": 91560.75,
                "Plan Rows": 27189,
                "Plan Width": 0,
                "Actual Startup Time": 148.898,
                "Actual Total Time": 313.009,
                "Actual Rows": 23247,
                "Actual Loops": 2,
                "Inner Unique": false,
                "Join Filter": "(t.id = ci.movie_id)",
                "Rows Removed by Join Filter": 0,
                "Plans": [
                  {
                    "Node Type": "Hash Join",
                    "Parent Relationship": "Outer",
                    "Parallel Aware": true,
                    "Join Type": "Inner",
                    "Startup Cost": 58504.99,
                    "Total Cost": 77298.76,
                    "Plan Rows": 2894,
                    "Plan Width": 8,
                    "Actual Startup Time": 148.824,
                    "Actual Total Time": 222.796,
                    "Actual Rows": 1090,
                    "Actual Loops": 2,
                    "Inner Unique": true,
                    "Hash Cond": "(mi_idx.movie_id = t.id)",
                    "Plans": [
                      {
                        "Node Type": "Seq Scan",
                        "Parent Relationship": "Outer",
                        "Parallel Aware": true,
                        "Relation Name": "movie_info_idx",
                        "Alias": "mi_idx",
                        "Startup Cost": 0.0,
                        "Total Cost": 18082.32,
                        "Plan Rows": 271028,
                        "Plan Width": 4,
                        "Actual Startup Time": 0.02,
                        "Actual Total Time": 49.071,
                        "Actual Rows": 229962,
                        "Actual Loops": 2,
                        "Filter": "(info_type_id = 101)",
                        "Rows Removed by Filter": 460055
                      },
                      {
                        "Node Type": "Hash",
                        "Parent Relationship": "Inner",
                        "Parallel Aware": true,
                        "Startup Cost": 58306.47,
                        "Total Cost": 58306.47,
                        "Plan Rows": 15882,
                        "Plan Width": 4,
                        "Actual Startup Time": 147.389,
                        "Actual Total Time": 147.39,
                        "Actual Rows": 13542,
                        "Actual Loops": 2,
                        "Hash Buckets": 32768,
                        "Original Hash Buckets": 32768,
                        "Hash Batches": 1,
                        "Original Hash Batches": 1,
                        "Peak Memory Usage": 1344,
                        "Plans": [
                          {
                            "Node Type": "Seq Scan",
                            "Parent Relationship": "Outer",
                            "Parallel Aware": true,
                            "Relation Name": "title",
                            "Alias": "t",
                            "Startup Cost": 0.0,
                            "Total Cost": 58306.47,
                            "Plan Rows": 15882,
                            "Plan Width": 4,
                            "Actual Startup Time": 0.25,
                            "Actual Total Time": 142.869,
                            "Actual Rows": 13542,
                            "Actual Loops": 2,
                            "Filter": "((kind_id < 7) AND (production_year > 2012))",
                            "Rows Removed by Filter": 1250614
                          }
                        ]
                      }
                    ]
                  },
                  {
                    "Node Type": "Index Scan",
                    "Parent Relationship": "Inner",
                    "Parallel Aware": false,
                    "Scan Direction": "Forward",
                    "Index Name": "movie_id_cast_info",
                    "Relation Name": "cast_info",
                    "Alias": "ci",
                    "Startup Cost": 0.56,
                    "Total Cost": 4.63,
                    "Plan Rows": 24,
                    "Plan Width": 4,
                    "Actual Startup Time": 0.035,
                    "Actual Total Time": 0.08,
                    "Actual Rows": 21,
                    "Actual Loops": 2181,
                    "Index Cond": "(movie_id = mi_idx.movie_id)",
                    "Rows Removed by Index Recheck": 0,
                    "Filter": "(role_id > 1)",
                    "Rows Removed by Filter": 11
                  }
                ]
              }
            ]
          }
        ]
      }
    ]
  },
  "Planning Time": 0.983,
  "Triggers": [],
  "Execution Time": 354.291
}