{
  "Plan": {
    "Node Type": "Aggregate",
    "Strategy": "Plain",
    "Partial Mode": "Finalize",
    "Parallel Aware": false,
    "Startup Cost": 141545.69,
    "Total Cost": 141545.7,
    "Plan Rows": 1,
    "Plan Width": 8,
    "Actual Startup Time": 449.089,
    "Actual Total Time": 464.786,
    "Actual Rows": 1,
    "Actual Loops": 1,
    "Plans": [
      {
        "Node Type": "Gather",
        "Parent Relationship": "Outer",
        "Parallel Aware": false,
        "Startup Cost": 141545.58,
        "Total Cost": 141545.69,
        "Plan Rows": 1,
        "Plan Width": 8,
        "Actual Startup Time": 447.552,
        "Actual Total Time": 464.78,
        "Actual Rows": 2,
        "Actual Loops": 1,
        "Workers Planned": 1,
        "Workers Launched": 1,
        "Single Copy": false,
        "Plans": [
          {
            "Node Type": "Aggregate",
            "Strategy": "Plain",
            "Partial Mode": "Partial",
            "Parent Relationship": "Outer",
            "Parallel Aware": false,
            "Startup Cost": 140545.58,
            "Total Cost": 140545.59,
            "Plan Rows": 1,
            "Plan Width": 8,
            "Actual Startup Time": 444.316,
            "Actual Total Time": 444.319,
            "Actual Rows": 1,
            "Actual Loops": 2,
            "Plans": [
              {
                "Node Type": "Merge Join",
                "Parent Relationship": "Outer",
                "Parallel Aware": false,
                "Join Type": "Inner",
                "Startup Cost": 88178.76,
                "Total Cost": 140331.72,
                "Plan Rows": 85545,
                "Plan Width": 0,
                "Actual Startup Time": 235.477,
                "Actual Total Time": 440.477,
                "Actual Rows": 89020,
                "Actual Loops": 2,
                "Inner Unique": true,
                "Merge Cond": "(mi_idx.movie_id = t.id)",
                "Plans": [
                  {
                    "Node Type": "Index Only Scan",
                    "Parent Relationship": "Outer",
                    "Parallel Aware": true,
                    "Scan Direction": "Forward",
                    "Index Name": "movie_id_movie_info_idx",
                    "Relation Name": "movie_info_idx",
                    "Alias": "mi_idx",
                    "Startup Cost": 0.43,
                    "Total Cost": 47937.73,
                    "Plan Rows": 811785,
                    "Plan Width": 4,
                    "Actual Startup Time": 0.092,
                    "Actual Total Time": 127.216,
                    "Actual Rows": 690018,
                    "Actual Loops": 2,
                    "Heap Fetches": 1380035
                  },
                  {
                    "Node Type": "Sort",
                    "Parent Relationship": "Inner",
                    "Parallel Aware": false,
                    "Startup Cost": 88178.3,
                    "Total Cost": 88844.37,
                    "Plan Rows": 266427,
                    "Plan Width": 4,
                    "Actual Startup Time": 235.332,
                    "Actual Total Time": 258.98,
                    "Actual Rows": 226742,
                    "Actual Loops": 2,
                    "Sort Key": [
                      "t.id"
                    ],
                    "Sort Method": "quicksort",
                    "Sort Space Used": 16784,
                    "Sort Space Type": "Memory",
                    "Workers": [
                      {
                        "Worker Number": 0,
                        "Sort Method": "quicksort",
                        "Sort Space Used": 16784,
                        "Sort Space Type": "Memory"
                      }
                    ],
                    "Plans": [
                      {
                        "Node Type": "Bitmap Heap Scan",
                        "Parent Relationship": "Outer",
                        "Parallel Aware": false,
                        "Relation Name": "title",
                        "Alias": "t",
                        "Startup Cost": 15328.27,
                        "Total Cost": 64168.73,
                        "Plan Rows": 266427,
                        "Plan Width": 4,
                        "Actual Startup Time": 46.208,
                        "Actual Total Time": 183.734,
                        "Actual Rows": 226985,
                        "Actual Loops": 2,
                        "Recheck Cond": "(kind_id < 4)",
                        "Rows Removed by Index Recheck": 0,
                        "Filter": "(production_year > 2007)",
                        "Rows Removed by Filter": 627229,
                        "Exact Heap Blocks": 35470,
                        "Lossy Heap Blocks": 0,
                        "Plans": [
                          {
                            "Node Type": "Bitmap Index Scan",
                            "Parent Relationship": "Outer",
                            "Parallel Aware": false,
                            "Index Name": "kind_id_title",
                            "Startup Cost": 0.0,
                            "Total Cost": 15261.66,
                            "Plan Rows": 856164,
                            "Plan Width": 0,
                            "Actual Startup Time": 41.294,
                            "Actual Total Time": 41.294,
                            "Actual Rows": 854214,
                            "Actual Loops": 2,
                            "Index Cond": "(kind_id < 4)"
                          }
                        ]
                      }
                    ]
                  }
                ]
              }
            ]
          }
        ]
      }
    ]
  },
  "Planning Time": 0.334,
  "Triggers": [],
  "Execution Time": 464.846
}