[
    {
        "Bao": {
            "Bao prediction": "NaN",
            "Bao recommended hint": "(no hint)"
        }
    },
    {
        "Plan": {
            "Node Type": "Aggregate",
            "Strategy": "Plain",
            "Partial Mode": "Finalize",
            "Parallel Aware": false,
            "Startup Cost": 73471.87,
            "Total Cost": 73471.88,
            "Plan Rows": 1,
            "Plan Width": 8,
            "Actual Startup Time": 170.939,
            "Actual Total Time": 180.184,
            "Actual Rows": 1,
            "Actual Loops": 1,
            "Output": [
                "count(*)"
            ],
            "Plans": [
                {
                    "Node Type": "Gather",
                    "Parent Relationship": "Outer",
                    "Parallel Aware": false,
                    "Startup Cost": 73471.55,
                    "Total Cost": 73471.86,
                    "Plan Rows": 3,
                    "Plan Width": 8,
                    "Actual Startup Time": 170.19,
                    "Actual Total Time": 180.178,
                    "Actual Rows": 4,
                    "Actual Loops": 1,
                    "Output": [
                        "(PARTIAL count(*))"
                    ],
                    "Workers Planned": 3,
                    "Workers Launched": 3,
                    "Single Copy": false,
                    "Plans": [
                        {
                            "Node Type": "Aggregate",
                            "Strategy": "Plain",
                            "Partial Mode": "Partial",
                            "Parent Relationship": "Outer",
                            "Parallel Aware": false,
                            "Startup Cost": 72471.55,
                            "Total Cost": 72471.56,
                            "Plan Rows": 1,
                            "Plan Width": 8,
                            "Actual Startup Time": 161.516,
                            "Actual Total Time": 161.569,
                            "Actual Rows": 1,
                            "Actual Loops": 4,
                            "Output": [
                                "PARTIAL count(*)"
                            ],
                            "Workers": [
                                {
                                    "Worker Number": 0,
                                    "Actual Startup Time": 158.511,
                                    "Actual Total Time": 158.514,
                                    "Actual Rows": 1,
                                    "Actual Loops": 1
                                },
                                {
                                    "Worker Number": 1,
                                    "Actual Startup Time": 158.53,
                                    "Actual Total Time": 158.54,
                                    "Actual Rows": 1,
                                    "Actual Loops": 1
                                },
                                {
                                    "Worker Number": 2,
                                    "Actual Startup Time": 159.115,
                                    "Actual Total Time": 159.118,
                                    "Actual Rows": 1,
                                    "Actual Loops": 1
                                }
                            ],
                            "Plans": [
                                {
                                    "Node Type": "Hash Join",
                                    "Parent Relationship": "Outer",
                                    "Parallel Aware": true,
                                    "Join Type": "Inner",
                                    "Startup Cost": 52095.29,
                                    "Total Cost": 72469.38,
                                    "Plan Rows": 870,
                                    "Plan Width": 0,
                                    "Actual Startup Time": 152.954,
                                    "Actual Total Time": 161.54,
                                    "Actual Rows": 190,
                                    "Actual Loops": 4,
                                    "Inner Unique": true,
                                    "Hash Cond": "(mc.movie_id = t.id)",
                                    "Workers": [
                                        {
                                            "Worker Number": 0,
                                            "Actual Startup Time": 150.155,
                                            "Actual Total Time": 158.485,
                                            "Actual Rows": 107,
                                            "Actual Loops": 1
                                        },
                                        {
                                            "Worker Number": 1,
                                            "Actual Startup Time": 150.354,
                                            "Actual Total Time": 158.514,
                                            "Actual Rows": 162,
                                            "Actual Loops": 1
                                        },
                                        {
                                            "Worker Number": 2,
                                            "Actual Startup Time": 150.761,
                                            "Actual Total Time": 159.093,
                                            "Actual Rows": 148,
                                            "Actual Loops": 1
                                        }
                                    ],
                                    "Plans": [
                                        {
                                            "Node Type": "Bitmap Heap Scan",
                                            "Parent Relationship": "Outer",
                                            "Parallel Aware": true,
                                            "Relation Name": "movie_companies",
                                            "Schema": "public",
                                            "Alias": "mc",
                                            "Startup Cost": 6476.95,
                                            "Total Cost": 26721.29,
                                            "Plan Rows": 49431,
                                            "Plan Width": 4,
                                            "Actual Startup Time": 45.838,
                                            "Actual Total Time": 57.446,
                                            "Actual Rows": 17123,
                                            "Actual Loops": 4,
                                            "Output": [
                                                "mc.id",
                                                "mc.movie_id",
                                                "mc.company_id",
                                                "mc.company_type_id",
                                                "mc.note"
                                            ],
                                            "Recheck Cond": "(mc.company_id < 160)",
                                            "Rows Removed by Index Recheck": 0,
                                            "Filter": "(mc.company_type_id > 1)",
                                            "Rows Removed by Filter": 56096,
                                            "Exact Heap Blocks": 6334,
                                            "Lossy Heap Blocks": 0,
                                            "Workers": [
                                                {
                                                    "Worker Number": 0,
                                                    "Actual Startup Time": 45.838,
                                                    "Actual Total Time": 57.941,
                                                    "Actual Rows": 11691,
                                                    "Actual Loops": 1
                                                },
                                                {
                                                    "Worker Number": 1,
                                                    "Actual Startup Time": 45.843,
                                                    "Actual Total Time": 57.821,
                                                    "Actual Rows": 16531,
                                                    "Actual Loops": 1
                                                },
                                                {
                                                    "Worker Number": 2,
                                                    "Actual Startup Time": 45.84,
                                                    "Actual Total Time": 57.609,
                                                    "Actual Rows": 16677,
                                                    "Actual Loops": 1
                                                }
                                            ],
                                            "Plans": [
                                                {
                                                    "Node Type": "Bitmap Index Scan",
                                                    "Parent Relationship": "Outer",
                                                    "Parallel Aware": false,
                                                    "Index Name": "company_id_movie_companies",
                                                    "Startup Cost": 0.0,
                                                    "Total Cost": 6438.65,
                                                    "Plan Rows": 300562,
                                                    "Plan Width": 0,
                                                    "Actual Startup Time": 19.096,
                                                    "Actual Total Time": 19.096,
                                                    "Actual Rows": 292877,
                                                    "Actual Loops": 1,
                                                    "Index Cond": "(mc.company_id < 160)",
                                                    "Workers": [
                                                        {
                                                            "Worker Number": 1,
                                                            "Actual Startup Time": 19.096,
                                                            "Actual Total Time": 19.096,
                                                            "Actual Rows": 292877,
                                                            "Actual Loops": 1
                                                        }
                                                    ]
                                                }
                                            ]
                                        },
                                        {
                                            "Node Type": "Hash",
                                            "Parent Relationship": "Inner",
                                            "Parallel Aware": true,
                                            "Startup Cost": 45479.21,
                                            "Total Cost": 45479.21,
                                            "Plan Rows": 11130,
                                            "Plan Width": 4,
                                            "Actual Startup Time": 98.524,
                                            "Actual Total Time": 98.527,
                                            "Actual Rows": 32580,
                                            "Actual Loops": 4,
                                            "Output": [
                                                "t.id"
                                            ],
                                            "Hash Buckets": 131072,
                                            "Original Hash Buckets": 65536,
                                            "Hash Batches": 1,
                                            "Original Hash Batches": 1,
                                            "Peak Memory Usage": 6720,
                                            "Workers": [
                                                {
                                                    "Worker Number": 0,
                                                    "Actual Startup Time": 95.404,
                                                    "Actual Total Time": 95.404,
                                                    "Actual Rows": 21727,
                                                    "Actual Loops": 1
                                                },
                                                {
                                                    "Worker Number": 1,
                                                    "Actual Startup Time": 95.641,
                                                    "Actual Total Time": 95.648,
                                                    "Actual Rows": 32012,
                                                    "Actual Loops": 1
                                                },
                                                {
                                                    "Worker Number": 2,
                                                    "Actual Startup Time": 96.173,
                                                    "Actual Total Time": 96.174,
                                                    "Actual Rows": 33642,
                                                    "Actual Loops": 1
                                                }
                                            ],
                                            "Plans": [
                                                {
                                                    "Node Type": "Seq Scan",
                                                    "Parent Relationship": "Outer",
                                                    "Parallel Aware": true,
                                                    "Relation Name": "title",
                                                    "Schema": "public",
                                                    "Alias": "t",
                                                    "Startup Cost": 0.0,
                                                    "Total Cost": 45479.21,
                                                    "Plan Rows": 11130,
                                                    "Plan Width": 4,
                                                    "Actual Startup Time": 51.605,
                                                    "Actual Total Time": 86.954,
                                                    "Actual Rows": 32580,
                                                    "Actual Loops": 4,
                                                    "Output": [
                                                        "t.id"
                                                    ],
                                                    "Filter": "((t.kind_id < 4) AND (t.production_year < 1936))",
                                                    "Rows Removed by Filter": 599498,
                                                    "Workers": [
                                                        {
                                                            "Worker Number": 0,
                                                            "Actual Startup Time": 47.881,
                                                            "Actual Total Time": 84.775,
                                                            "Actual Rows": 21727,
                                                            "Actual Loops": 1
                                                        },
                                                        {
                                                            "Worker Number": 1,
                                                            "Actual Startup Time": 49.095,
                                                            "Actual Total Time": 83.99,
                                                            "Actual Rows": 32012,
                                                            "Actual Loops": 1
                                                        },
                                                        {
                                                            "Worker Number": 2,
                                                            "Actual Startup Time": 49.255,
                                                            "Actual Total Time": 84.991,
                                                            "Actual Rows": 33642,
                                                            "Actual Loops": 1
                                                        }
                                                    ]
                                                }
                                            ]
                                        }
                                    ]
                                }
                            ]
                        }
                    ]
                }
            ]
        },
        "Planning Time": 184.714,
        "Triggers": [],
        "Execution Time": 180.247
    }
]