[
  {
    "Plan": {
      "Node Type": "Aggregate",
      "Strategy": "Plain",
      "Partial Mode": "Finalize",
      "Parallel Aware": false,
      "Startup Cost": 46964.55,
      "Total Cost": 46964.56,
      "Plan Rows": 1,
      "Plan Width": 8,
      "Actual Startup Time": 172.08,
      "Actual Total Time": 181.722,
      "Actual Rows": 1,
      "Actual Loops": 1,
      "Plans": [
        {
          "Node Type": "Gather",
          "Parent Relationship": "Outer",
          "Parallel Aware": false,
          "Startup Cost": 46964.24,
          "Total Cost": 46964.55,
          "Plan Rows": 3,
          "Plan Width": 8,
          "Actual Startup Time": 171.818,
          "Actual Total Time": 181.714,
          "Actual Rows": 4,
          "Actual Loops": 1,
          "Workers Planned": 3,
          "Workers Launched": 3,
          "Single Copy": false,
          "Plans": [
            {
              "Node Type": "Aggregate",
              "Strategy": "Plain",
              "Partial Mode": "Partial",
              "Parent Relationship": "Outer",
              "Parallel Aware": false,
              "Startup Cost": 45964.24,
              "Total Cost": 45964.25,
              "Plan Rows": 1,
              "Plan Width": 8,
              "Actual Startup Time": 165.476,
              "Actual Total Time": 165.477,
              "Actual Rows": 1,
              "Actual Loops": 4,
              "Plans": [
                {
                  "Node Type": "Seq Scan",
                  "Parent Relationship": "Outer",
                  "Parallel Aware": true,
                  "Relation Name": "movie_keyword",
                  "Alias": "mk",
                  "Startup Cost": 0.0,
                  "Total Cost": 42695.65,
                  "Plan Rows": 1307433,
                  "Plan Width": 0,
                  "Actual Startup Time": 0.05,
                  "Actual Total Time": 119.932,
                  "Actual Rows": 1014209,
                  "Actual Loops": 4,
                  "Filter": "(keyword_id < 38137)",
                  "Rows Removed by Filter": 116774
                }
              ]
            }
          ]
        }
      ]
    },
    "Planning Time": 0.119,
    "Triggers": [],
    "Execution Time": 181.763
  }
]