[
  {
    "Plan": {
      "Node Type": "Aggregate",
      "Strategy": "Plain",
      "Partial Mode": "Finalize",
      "Parallel Aware": false,
      "Startup Cost": 340716.61,
      "Total Cost": 340716.62,
      "Plan Rows": 1,
      "Plan Width": 8,
      "Actual Startup Time": 483.931,
      "Actual Total Time": 505.365,
      "Actual Rows": 1,
      "Actual Loops": 1,
      "Plans": [
        {
          "Node Type": "Gather",
          "Parent Relationship": "Outer",
          "Parallel Aware": false,
          "Startup Cost": 340715.99,
          "Total Cost": 340716.6,
          "Plan Rows": 6,
          "Plan Width": 8,
          "Actual Startup Time": 483.795,
          "Actual Total Time": 505.356,
          "Actual Rows": 7,
          "Actual Loops": 1,
          "Workers Planned": 6,
          "Workers Launched": 6,
          "Single Copy": false,
          "Plans": [
            {
              "Node Type": "Aggregate",
              "Strategy": "Plain",
              "Partial Mode": "Partial",
              "Parent Relationship": "Outer",
              "Parallel Aware": false,
              "Startup Cost": 339715.99,
              "Total Cost": 339716.0,
              "Plan Rows": 1,
              "Plan Width": 8,
              "Actual Startup Time": 474.015,
              "Actual Total Time": 474.017,
              "Actual Rows": 1,
              "Actual Loops": 7,
              "Plans": [
                {
                  "Node Type": "Index Scan",
                  "Parent Relationship": "Outer",
                  "Parallel Aware": true,
                  "Scan Direction": "Forward",
                  "Index Name": "role_id_cast_info",
                  "Relation Name": "cast_info",
                  "Alias": "ci",
                  "Startup Cost": 0.56,
                  "Total Cost": 335235.55,
                  "Plan Rows": 1792175,
                  "Plan Width": 0,
                  "Actual Startup Time": 127.709,
                  "Actual Total Time": 411.161,
                  "Actual Rows": 1277192,
                  "Actual Loops": 7,
                  "Index Cond": "(role_id = 1)",
                  "Rows Removed by Index Recheck": 0,
                  "Filter": "(person_id > 499378)",
                  "Rows Removed by Filter": 532906
                }
              ]
            }
          ]
        }
      ]
    },
    "Planning Time": 0.146,
    "Triggers": [],
    "Execution Time": 505.416
  }
]