[
    {
        "Bao": {
            "Bao prediction": "NaN",
            "Bao recommended hint": "(no hint)"
        }
    },
    {
        "Plan": {
            "Node Type": "Aggregate",
            "Strategy": "Plain",
            "Partial Mode": "Finalize",
            "Parallel Aware": false,
            "Startup Cost": 353992.04,
            "Total Cost": 353992.05,
            "Plan Rows": 1,
            "Plan Width": 8,
            "Actual Startup Time": 877.218,
            "Actual Total Time": 908.086,
            "Actual Rows": 1,
            "Actual Loops": 1,
            "Output": [
                "count(*)"
            ],
            "Plans": [
                {
                    "Node Type": "Gather",
                    "Parent Relationship": "Outer",
                    "Parallel Aware": false,
                    "Startup Cost": 353991.42,
                    "Total Cost": 353992.03,
                    "Plan Rows": 6,
                    "Plan Width": 8,
                    "Actual Startup Time": 877.106,
                    "Actual Total Time": 908.078,
                    "Actual Rows": 7,
                    "Actual Loops": 1,
                    "Output": [
                        "(PARTIAL count(*))"
                    ],
                    "Workers Planned": 6,
                    "Workers Launched": 6,
                    "Single Copy": false,
                    "Plans": [
                        {
                            "Node Type": "Aggregate",
                            "Strategy": "Plain",
                            "Partial Mode": "Partial",
                            "Parent Relationship": "Outer",
                            "Parallel Aware": false,
                            "Startup Cost": 352991.42,
                            "Total Cost": 352991.43,
                            "Plan Rows": 1,
                            "Plan Width": 8,
                            "Actual Startup Time": 867.387,
                            "Actual Total Time": 867.388,
                            "Actual Rows": 1,
                            "Actual Loops": 7,
                            "Output": [
                                "PARTIAL count(*)"
                            ],
                            "Workers": [
                                {
                                    "Worker Number": 0,
                                    "Actual Startup Time": 864.994,
                                    "Actual Total Time": 864.995,
                                    "Actual Rows": 1,
                                    "Actual Loops": 1
                                },
                                {
                                    "Worker Number": 1,
                                    "Actual Startup Time": 865.102,
                                    "Actual Total Time": 865.104,
                                    "Actual Rows": 1,
                                    "Actual Loops": 1
                                },
                                {
                                    "Worker Number": 2,
                                    "Actual Startup Time": 865.742,
                                    "Actual Total Time": 865.743,
                                    "Actual Rows": 1,
                                    "Actual Loops": 1
                                },
                                {
                                    "Worker Number": 3,
                                    "Actual Startup Time": 866.151,
                                    "Actual Total Time": 866.153,
                                    "Actual Rows": 1,
                                    "Actual Loops": 1
                                },
                                {
                                    "Worker Number": 4,
                                    "Actual Startup Time": 866.377,
                                    "Actual Total Time": 866.378,
                                    "Actual Rows": 1,
                                    "Actual Loops": 1
                                },
                                {
                                    "Worker Number": 5,
                                    "Actual Startup Time": 866.614,
                                    "Actual Total Time": 866.615,
                                    "Actual Rows": 1,
                                    "Actual Loops": 1
                                }
                            ],
                            "Plans": [
                                {
                                    "Node Type": "Seq Scan",
                                    "Parent Relationship": "Outer",
                                    "Parallel Aware": true,
                                    "Relation Name": "cast_info",
                                    "Schema": "public",
                                    "Alias": "ci",
                                    "Startup Cost": 0.0,
                                    "Total Cost": 343318.94,
                                    "Plan Rows": 3868992,
                                    "Plan Width": 0,
                                    "Actual Startup Time": 222.128,
                                    "Actual Total Time": 708.007,
                                    "Actual Rows": 3304505,
                                    "Actual Loops": 7,
                                    "Output": [
                                        "id",
                                        "person_id",
                                        "movie_id",
                                        "person_role_id",
                                        "note",
                                        "nr_order",
                                        "role_id"
                                    ],
                                    "Filter": "((ci.person_id < 3977918) AND (ci.role_id > 1))",
                                    "Rows Removed by Filter": 1873258,
                                    "Workers": [
                                        {
                                            "Worker Number": 0,
                                            "Actual Startup Time": 219.732,
                                            "Actual Total Time": 706.544,
                                            "Actual Rows": 2399267,
                                            "Actual Loops": 1
                                        },
                                        {
                                            "Worker Number": 1,
                                            "Actual Startup Time": 219.863,
                                            "Actual Total Time": 706.331,
                                            "Actual Rows": 2407345,
                                            "Actual Loops": 1
                                        },
                                        {
                                            "Worker Number": 2,
                                            "Actual Startup Time": 220.48,
                                            "Actual Total Time": 711.178,
                                            "Actual Rows": 3794768,
                                            "Actual Loops": 1
                                        },
                                        {
                                            "Worker Number": 3,
                                            "Actual Startup Time": 220.903,
                                            "Actual Total Time": 712.156,
                                            "Actual Rows": 3793060,
                                            "Actual Loops": 1
                                        },
                                        {
                                            "Worker Number": 4,
                                            "Actual Startup Time": 221.11,
                                            "Actual Total Time": 707.464,
                                            "Actual Rows": 2393900,
                                            "Actual Loops": 1
                                        },
                                        {
                                            "Worker Number": 5,
                                            "Actual Startup Time": 221.347,
                                            "Actual Total Time": 709.037,
                                            "Actual Rows": 3829208,
                                            "Actual Loops": 1
                                        }
                                    ]
                                }
                            ]
                        }
                    ]
                }
            ]
        },
        "Planning Time": 187.734,
        "Triggers": [],
        "Execution Time": 908.138
    }
]