[
  {
    "Plan": {
      "Node Type": "Aggregate",
      "Strategy": "Plain",
      "Partial Mode": "Finalize",
      "Parallel Aware": false,
      "Startup Cost": 287229.14,
      "Total Cost": 287229.15,
      "Plan Rows": 1,
      "Plan Width": 8,
      "Actual Startup Time": 1227.547,
      "Actual Total Time": 1274.582,
      "Actual Rows": 1,
      "Actual Loops": 1,
      "Plans": [
        {
          "Node Type": "Gather",
          "Parent Relationship": "Outer",
          "Parallel Aware": false,
          "Startup Cost": 287228.62,
          "Total Cost": 287229.13,
          "Plan Rows": 5,
          "Plan Width": 8,
          "Actual Startup Time": 1220.42,
          "Actual Total Time": 1274.571,
          "Actual Rows": 6,
          "Actual Loops": 1,
          "Workers Planned": 5,
          "Workers Launched": 5,
          "Single Copy": false,
          "Plans": [
            {
              "Node Type": "Aggregate",
              "Strategy": "Plain",
              "Partial Mode": "Partial",
              "Parent Relationship": "Outer",
              "Parallel Aware": false,
              "Startup Cost": 286228.62,
              "Total Cost": 286228.63,
              "Plan Rows": 1,
              "Plan Width": 8,
              "Actual Startup Time": 1210.001,
              "Actual Total Time": 1210.142,
              "Actual Rows": 1,
              "Actual Loops": 6,
              "Plans": [
                {
                  "Node Type": "Hash Join",
                  "Parent Relationship": "Outer",
                  "Parallel Aware": true,
                  "Join Type": "Inner",
                  "Startup Cost": 79858.71,
                  "Total Cost": 284367.7,
                  "Plan Rows": 744366,
                  "Plan Width": 0,
                  "Actual Startup Time": 315.937,
                  "Actual Total Time": 1144.036,
                  "Actual Rows": 1668984,
                  "Actual Loops": 6,
                  "Inner Unique": false,
                  "Hash Cond": "(mi.movie_id = t.id)",
                  "Plans": [
                    {
                      "Node Type": "Seq Scan",
                      "Parent Relationship": "Outer",
                      "Parallel Aware": true,
                      "Relation Name": "movie_info",
                      "Alias": "mi",
                      "Startup Cost": 0.0,
                      "Total Cost": 191560.33,
                      "Plan Rows": 2956733,
                      "Plan Width": 4,
                      "Actual Startup Time": 0.017,
                      "Actual Total Time": 274.454,
                      "Actual Rows": 2472620,
                      "Actual Loops": 6
                    },
                    {
                      "Node Type": "Hash",
                      "Parent Relationship": "Inner",
                      "Parallel Aware": true,
                      "Startup Cost": 77869.64,
                      "Total Cost": 77869.64,
                      "Plan Rows": 159126,
                      "Plan Width": 8,
                      "Actual Startup Time": 310.921,
                      "Actual Total Time": 311.061,
                      "Actual Rows": 108195,
                      "Actual Loops": 6,
                      "Hash Buckets": 1048576,
                      "Original Hash Buckets": 1048576,
                      "Hash Batches": 1,
                      "Original Hash Batches": 1,
                      "Peak Memory Usage": 33696,
                      "Plans": [
                        {
                          "Node Type": "Hash Join",
                          "Parent Relationship": "Outer",
                          "Parallel Aware": true,
                          "Join Type": "Inner",
                          "Startup Cost": 31877.23,
                          "Total Cost": 77869.64,
                          "Plan Rows": 159126,
                          "Plan Width": 8,
                          "Actual Startup Time": 106.008,
                          "Actual Total Time": 270.516,
                          "Actual Rows": 108195,
                          "Actual Loops": 6,
                          "Inner Unique": false,
                          "Hash Cond": "(t.id = mc.movie_id)",
                          "Plans": [
                            {
                              "Node Type": "Seq Scan",
                              "Parent Relationship": "Outer",
                              "Parallel Aware": true,
                              "Relation Name": "title",
                              "Alias": "t",
                              "Startup Cost": 0.0,
                              "Total Cost": 42318.73,
                              "Plan Rows": 632073,
                              "Plan Width": 4,
                              "Actual Startup Time": 0.021,
                              "Actual Total Time": 54.594,
                              "Actual Rows": 421385,
                              "Actual Loops": 6
                            },
                            {
                              "Node Type": "Hash",
                              "Parent Relationship": "Inner",
                              "Parallel Aware": true,
                              "Startup Cost": 29310.68,
                              "Total Cost": 29310.68,
                              "Plan Rows": 205324,
                              "Plan Width": 4,
                              "Actual Startup Time": 104.134,
                              "Actual Total Time": 104.135,
                              "Actual Rows": 108195,
                              "Actual Loops": 6,
                              "Hash Buckets": 1048576,
                              "Original Hash Buckets": 1048576,
                              "Hash Batches": 1,
                              "Original Hash Batches": 1,
                              "Peak Memory Usage": 33760,
                              "Plans": [
                                {
                                  "Node Type": "Seq Scan",
                                  "Parent Relationship": "Outer",
                                  "Parallel Aware": true,
                                  "Relation Name": "movie_companies",
                                  "Alias": "mc",
                                  "Startup Cost": 0.0,
                                  "Total Cost": 29310.68,
                                  "Plan Rows": 205324,
                                  "Plan Width": 4,
                                  "Actual Startup Time": 30.768,
                                  "Actual Total Time": 62.752,
                                  "Actual Rows": 108195,
                                  "Actual Loops": 6,
                                  "Filter": "(company_id > 54962)",
                                  "Rows Removed by Filter": 326660
                                }
                              ]
                            }
                          ]
                        }
                      ]
                    }
                  ]
                }
              ]
            }
          ]
        }
      ]
    },
    "Planning Time": 1.124,
    "Triggers": [],
    "Execution Time": 1274.668
  }
]