[
    {
        "Bao": {
            "Bao prediction": "NaN",
            "Bao recommended hint": "(no hint)"
        }
    },
    {
        "Plan": {
            "Node Type": "Aggregate",
            "Strategy": "Plain",
            "Partial Mode": "Simple",
            "Parallel Aware": false,
            "Startup Cost": 22202.52,
            "Total Cost": 22202.53,
            "Plan Rows": 1,
            "Plan Width": 8,
            "Actual Startup Time": 36.217,
            "Actual Total Time": 36.219,
            "Actual Rows": 1,
            "Actual Loops": 1,
            "Output": [
                "count(*)"
            ],
            "Plans": [
                {
                    "Node Type": "Bitmap Heap Scan",
                    "Parent Relationship": "Outer",
                    "Parallel Aware": false,
                    "Relation Name": "movie_companies",
                    "Schema": "public",
                    "Alias": "mc",
                    "Startup Cost": 2017.3,
                    "Total Cost": 21969.98,
                    "Plan Rows": 93015,
                    "Plan Width": 0,
                    "Actual Startup Time": 6.572,
                    "Actual Total Time": 29.625,
                    "Actual Rows": 94979,
                    "Actual Loops": 1,
                    "Recheck Cond": "(mc.company_id > 160602)",
                    "Rows Removed by Index Recheck": 0,
                    "Exact Heap Blocks": 3051,
                    "Lossy Heap Blocks": 0,
                    "Plans": [
                        {
                            "Node Type": "Bitmap Index Scan",
                            "Parent Relationship": "Outer",
                            "Parallel Aware": false,
                            "Index Name": "company_id_movie_companies",
                            "Startup Cost": 0.0,
                            "Total Cost": 1994.04,
                            "Plan Rows": 93015,
                            "Plan Width": 0,
                            "Actual Startup Time": 6.028,
                            "Actual Total Time": 6.029,
                            "Actual Rows": 94979,
                            "Actual Loops": 1,
                            "Index Cond": "(mc.company_id > 160602)"
                        }
                    ]
                }
            ]
        },
        "Planning Time": 320.21,
        "Triggers": [],
        "Execution Time": 36.276
    }
]