[
    {
        "Bao": {
            "Bao prediction": 857.118,
            "Bao recommended hint": "(no hint)"
        }
    },
    {
        "Plan": {
            "Node Type": "Aggregate",
            "Strategy": "Plain",
            "Partial Mode": "Finalize",
            "Parallel Aware": false,
            "Startup Cost": 70497.88,
            "Total Cost": 70497.89,
            "Plan Rows": 1,
            "Plan Width": 8,
            "Actual Startup Time": 238.325,
            "Actual Total Time": 246.913,
            "Actual Rows": 1,
            "Actual Loops": 1,
            "Output": [
                "count(*)"
            ],
            "Plans": [
                {
                    "Node Type": "Gather",
                    "Parent Relationship": "Outer",
                    "Parallel Aware": false,
                    "Startup Cost": 70497.46,
                    "Total Cost": 70497.87,
                    "Plan Rows": 4,
                    "Plan Width": 8,
                    "Actual Startup Time": 236.456,
                    "Actual Total Time": 246.906,
                    "Actual Rows": 5,
                    "Actual Loops": 1,
                    "Output": [
                        "(PARTIAL count(*))"
                    ],
                    "Workers Planned": 4,
                    "Workers Launched": 4,
                    "Single Copy": false,
                    "Plans": [
                        {
                            "Node Type": "Aggregate",
                            "Strategy": "Plain",
                            "Partial Mode": "Partial",
                            "Parent Relationship": "Outer",
                            "Parallel Aware": false,
                            "Startup Cost": 69497.46,
                            "Total Cost": 69497.47,
                            "Plan Rows": 1,
                            "Plan Width": 8,
                            "Actual Startup Time": 227.102,
                            "Actual Total Time": 227.105,
                            "Actual Rows": 1,
                            "Actual Loops": 5,
                            "Output": [
                                "PARTIAL count(*)"
                            ],
                            "Workers": [
                                {
                                    "Worker Number": 0,
                                    "Actual Startup Time": 225.641,
                                    "Actual Total Time": 225.644,
                                    "Actual Rows": 1,
                                    "Actual Loops": 1
                                },
                                {
                                    "Worker Number": 1,
                                    "Actual Startup Time": 225.753,
                                    "Actual Total Time": 225.756,
                                    "Actual Rows": 1,
                                    "Actual Loops": 1
                                },
                                {
                                    "Worker Number": 2,
                                    "Actual Startup Time": 225.334,
                                    "Actual Total Time": 225.337,
                                    "Actual Rows": 1,
                                    "Actual Loops": 1
                                },
                                {
                                    "Worker Number": 3,
                                    "Actual Startup Time": 224.597,
                                    "Actual Total Time": 224.6,
                                    "Actual Rows": 1,
                                    "Actual Loops": 1
                                }
                            ],
                            "Plans": [
                                {
                                    "Node Type": "Hash Join",
                                    "Parent Relationship": "Outer",
                                    "Parallel Aware": true,
                                    "Join Type": "Inner",
                                    "Startup Cost": 23892.02,
                                    "Total Cost": 69442.35,
                                    "Plan Rows": 22047,
                                    "Plan Width": 0,
                                    "Actual Startup Time": 74.573,
                                    "Actual Total Time": 225.103,
                                    "Actual Rows": 28591,
                                    "Actual Loops": 5,
                                    "Inner Unique": false,
                                    "Hash Cond": "(t.id = mc.movie_id)",
                                    "Workers": [
                                        {
                                            "Worker Number": 0,
                                            "Actual Startup Time": 73.152,
                                            "Actual Total Time": 223.707,
                                            "Actual Rows": 33399,
                                            "Actual Loops": 1
                                        },
                                        {
                                            "Worker Number": 1,
                                            "Actual Startup Time": 73.099,
                                            "Actual Total Time": 223.621,
                                            "Actual Rows": 22838,
                                            "Actual Loops": 1
                                        },
                                        {
                                            "Worker Number": 2,
                                            "Actual Startup Time": 72.83,
                                            "Actual Total Time": 223.206,
                                            "Actual Rows": 22546,
                                            "Actual Loops": 1
                                        },
                                        {
                                            "Worker Number": 3,
                                            "Actual Startup Time": 72.119,
                                            "Actual Total Time": 222.484,
                                            "Actual Rows": 22548,
                                            "Actual Loops": 1
                                        }
                                    ],
                                    "Plans": [
                                        {
                                            "Node Type": "Seq Scan",
                                            "Parent Relationship": "Outer",
                                            "Parallel Aware": true,
                                            "Relation Name": "title",
                                            "Schema": "public",
                                            "Alias": "t",
                                            "Startup Cost": 0.0,
                                            "Total Cost": 42318.81,
                                            "Plan Rows": 632080,
                                            "Plan Width": 4,
                                            "Actual Startup Time": 0.007,
                                            "Actual Total Time": 68.945,
                                            "Actual Rows": 505662,
                                            "Actual Loops": 5,
                                            "Output": [
                                                "t.id",
                                                "t.title",
                                                "t.imdb_index",
                                                "t.kind_id",
                                                "t.production_year",
                                                "t.imdb_id",
                                                "t.phonetic_code",
                                                "t.episode_of_id",
                                                "t.season_nr",
                                                "t.episode_nr",
                                                "t.series_years",
                                                "t.md5sum"
                                            ],
                                            "Workers": [
                                                {
                                                    "Worker Number": 0,
                                                    "Actual Startup Time": 0.005,
                                                    "Actual Total Time": 67.72,
                                                    "Actual Rows": 588297,
                                                    "Actual Loops": 1
                                                },
                                                {
                                                    "Worker Number": 1,
                                                    "Actual Startup Time": 0.006,
                                                    "Actual Total Time": 71.294,
                                                    "Actual Rows": 403457,
                                                    "Actual Loops": 1
                                                },
                                                {
                                                    "Worker Number": 2,
                                                    "Actual Startup Time": 0.011,
                                                    "Actual Total Time": 71.053,
                                                    "Actual Rows": 402039,
                                                    "Actual Loops": 1
                                                },
                                                {
                                                    "Worker Number": 3,
                                                    "Actual Startup Time": 0.008,
                                                    "Actual Total Time": 72.472,
                                                    "Actual Rows": 395706,
                                                    "Actual Loops": 1
                                                }
                                            ]
                                        },
                                        {
                                            "Node Type": "Hash",
                                            "Parent Relationship": "Inner",
                                            "Parallel Aware": true,
                                            "Startup Cost": 23536.42,
                                            "Total Cost": 23536.42,
                                            "Plan Rows": 28448,
                                            "Plan Width": 4,
                                            "Actual Startup Time": 73.446,
                                            "Actual Total Time": 73.447,
                                            "Actual Rows": 28591,
                                            "Actual Loops": 5,
                                            "Output": [
                                                "mc.movie_id"
                                            ],
                                            "Hash Buckets": 262144,
                                            "Original Hash Buckets": 131072,
                                            "Hash Batches": 1,
                                            "Original Hash Batches": 1,
                                            "Peak Memory Usage": 8736,
                                            "Workers": [
                                                {
                                                    "Worker Number": 0,
                                                    "Actual Startup Time": 72.74,
                                                    "Actual Total Time": 72.742,
                                                    "Actual Rows": 20293,
                                                    "Actual Loops": 1
                                                },
                                                {
                                                    "Worker Number": 1,
                                                    "Actual Startup Time": 72.733,
                                                    "Actual Total Time": 72.734,
                                                    "Actual Rows": 22447,
                                                    "Actual Loops": 1
                                                },
                                                {
                                                    "Worker Number": 2,
                                                    "Actual Startup Time": 72.445,
                                                    "Actual Total Time": 72.446,
                                                    "Actual Rows": 19125,
                                                    "Actual Loops": 1
                                                },
                                                {
                                                    "Worker Number": 3,
                                                    "Actual Startup Time": 71.704,
                                                    "Actual Total Time": 71.705,
                                                    "Actual Rows": 18299,
                                                    "Actual Loops": 1
                                                }
                                            ],
                                            "Plans": [
                                                {
                                                    "Node Type": "Bitmap Heap Scan",
                                                    "Parent Relationship": "Outer",
                                                    "Parallel Aware": true,
                                                    "Relation Name": "movie_companies",
                                                    "Schema": "public",
                                                    "Alias": "mc",
                                                    "Startup Cost": 3875.85,
                                                    "Total Cost": 23536.42,
                                                    "Plan Rows": 28448,
                                                    "Plan Width": 4,
                                                    "Actual Startup Time": 20.554,
                                                    "Actual Total Time": 55.551,
                                                    "Actual Rows": 28591,
                                                    "Actual Loops": 5,
                                                    "Output": [
                                                        "mc.movie_id"
                                                    ],
                                                    "Recheck Cond": "(mc.company_id < 41)",
                                                    "Rows Removed by Index Recheck": 0,
                                                    "Filter": "(mc.company_type_id = 1)",
                                                    "Rows Removed by Filter": 7718,
                                                    "Exact Heap Blocks": 6472,
                                                    "Lossy Heap Blocks": 0,
                                                    "Workers": [
                                                        {
                                                            "Worker Number": 0,
                                                            "Actual Startup Time": 19.823,
                                                            "Actual Total Time": 55.331,
                                                            "Actual Rows": 20293,
                                                            "Actual Loops": 1
                                                        },
                                                        {
                                                            "Worker Number": 1,
                                                            "Actual Startup Time": 19.795,
                                                            "Actual Total Time": 56.673,
                                                            "Actual Rows": 22447,
                                                            "Actual Loops": 1
                                                        },
                                                        {
                                                            "Worker Number": 2,
                                                            "Actual Startup Time": 19.679,
                                                            "Actual Total Time": 55.292,
                                                            "Actual Rows": 19125,
                                                            "Actual Loops": 1
                                                        },
                                                        {
                                                            "Worker Number": 3,
                                                            "Actual Startup Time": 18.916,
                                                            "Actual Total Time": 55.585,
                                                            "Actual Rows": 18299,
                                                            "Actual Loops": 1
                                                        }
                                                    ],
                                                    "Plans": [
                                                        {
                                                            "Node Type": "Bitmap Index Scan",
                                                            "Parent Relationship": "Outer",
                                                            "Parallel Aware": false,
                                                            "Index Name": "company_id_movie_companies",
                                                            "Startup Cost": 0.0,
                                                            "Total Cost": 3853.81,
                                                            "Plan Rows": 179917,
                                                            "Plan Width": 0,
                                                            "Actual Startup Time": 20.341,
                                                            "Actual Total Time": 20.342,
                                                            "Actual Rows": 181543,
                                                            "Actual Loops": 1,
                                                            "Index Cond": "(mc.company_id < 41)"
                                                        }
                                                    ]
                                                }
                                            ]
                                        }
                                    ]
                                }
                            ]
                        }
                    ]
                }
            ]
        },
        "Planning Time": 388.933,
        "Triggers": [],
        "Execution Time": 247.046
    }
]