[
    {
        "Bao": {
            "Bao prediction": "NaN",
            "Bao recommended hint": "(no hint)"
        }
    },
    {
        "Plan": {
            "Node Type": "Aggregate",
            "Strategy": "Plain",
            "Partial Mode": "Finalize",
            "Parallel Aware": false,
            "Startup Cost": 87089.04,
            "Total Cost": 87089.05,
            "Plan Rows": 1,
            "Plan Width": 8,
            "Actual Startup Time": 286.127,
            "Actual Total Time": 297.878,
            "Actual Rows": 1,
            "Actual Loops": 1,
            "Output": [
                "count(*)"
            ],
            "Plans": [
                {
                    "Node Type": "Gather",
                    "Parent Relationship": "Outer",
                    "Parallel Aware": false,
                    "Startup Cost": 87088.73,
                    "Total Cost": 87089.04,
                    "Plan Rows": 3,
                    "Plan Width": 8,
                    "Actual Startup Time": 284.478,
                    "Actual Total Time": 297.867,
                    "Actual Rows": 4,
                    "Actual Loops": 1,
                    "Output": [
                        "(PARTIAL count(*))"
                    ],
                    "Workers Planned": 3,
                    "Workers Launched": 3,
                    "Single Copy": false,
                    "Plans": [
                        {
                            "Node Type": "Aggregate",
                            "Strategy": "Plain",
                            "Partial Mode": "Partial",
                            "Parent Relationship": "Outer",
                            "Parallel Aware": false,
                            "Startup Cost": 86088.73,
                            "Total Cost": 86088.74,
                            "Plan Rows": 1,
                            "Plan Width": 8,
                            "Actual Startup Time": 275.277,
                            "Actual Total Time": 275.335,
                            "Actual Rows": 1,
                            "Actual Loops": 4,
                            "Output": [
                                "PARTIAL count(*)"
                            ],
                            "Workers": [
                                {
                                    "Worker Number": 0,
                                    "Actual Startup Time": 271.934,
                                    "Actual Total Time": 271.937,
                                    "Actual Rows": 1,
                                    "Actual Loops": 1
                                },
                                {
                                    "Worker Number": 1,
                                    "Actual Startup Time": 272.523,
                                    "Actual Total Time": 272.526,
                                    "Actual Rows": 1,
                                    "Actual Loops": 1
                                },
                                {
                                    "Worker Number": 2,
                                    "Actual Startup Time": 272.829,
                                    "Actual Total Time": 272.833,
                                    "Actual Rows": 1,
                                    "Actual Loops": 1
                                }
                            ],
                            "Plans": [
                                {
                                    "Node Type": "Hash Join",
                                    "Parent Relationship": "Outer",
                                    "Parallel Aware": true,
                                    "Join Type": "Inner",
                                    "Startup Cost": 58696.21,
                                    "Total Cost": 86052.38,
                                    "Plan Rows": 14539,
                                    "Plan Width": 0,
                                    "Actual Startup Time": 173.527,
                                    "Actual Total Time": 273.219,
                                    "Actual Rows": 36697,
                                    "Actual Loops": 4,
                                    "Inner Unique": true,
                                    "Hash Cond": "(mk.movie_id = t.id)",
                                    "Workers": [
                                        {
                                            "Worker Number": 0,
                                            "Actual Startup Time": 169.855,
                                            "Actual Total Time": 269.911,
                                            "Actual Rows": 38257,
                                            "Actual Loops": 1
                                        },
                                        {
                                            "Worker Number": 1,
                                            "Actual Startup Time": 170.769,
                                            "Actual Total Time": 270.576,
                                            "Actual Rows": 30929,
                                            "Actual Loops": 1
                                        },
                                        {
                                            "Worker Number": 2,
                                            "Actual Startup Time": 171.118,
                                            "Actual Total Time": 270.689,
                                            "Actual Rows": 34782,
                                            "Actual Loops": 1
                                        }
                                    ],
                                    "Plans": [
                                        {
                                            "Node Type": "Bitmap Heap Scan",
                                            "Parent Relationship": "Outer",
                                            "Parallel Aware": true,
                                            "Relation Name": "movie_keyword",
                                            "Schema": "public",
                                            "Alias": "mk",
                                            "Startup Cost": 12618.33,
                                            "Total Cost": 39470.81,
                                            "Plan Rows": 191879,
                                            "Plan Width": 4,
                                            "Actual Startup Time": 50.913,
                                            "Actual Total Time": 114.725,
                                            "Actual Rows": 150493,
                                            "Actual Loops": 4,
                                            "Output": [
                                                "mk.id",
                                                "mk.movie_id",
                                                "mk.keyword_id"
                                            ],
                                            "Recheck Cond": "(mk.keyword_id < 446)",
                                            "Rows Removed by Index Recheck": 0,
                                            "Exact Heap Blocks": 6911,
                                            "Lossy Heap Blocks": 0,
                                            "Workers": [
                                                {
                                                    "Worker Number": 0,
                                                    "Actual Startup Time": 50.592,
                                                    "Actual Total Time": 114.861,
                                                    "Actual Rows": 174098,
                                                    "Actual Loops": 1
                                                },
                                                {
                                                    "Worker Number": 1,
                                                    "Actual Startup Time": 51.117,
                                                    "Actual Total Time": 117.517,
                                                    "Actual Rows": 123708,
                                                    "Actual Loops": 1
                                                },
                                                {
                                                    "Worker Number": 2,
                                                    "Actual Startup Time": 51.032,
                                                    "Actual Total Time": 116.71,
                                                    "Actual Rows": 134623,
                                                    "Actual Loops": 1
                                                }
                                            ],
                                            "Plans": [
                                                {
                                                    "Node Type": "Bitmap Index Scan",
                                                    "Parent Relationship": "Outer",
                                                    "Parallel Aware": false,
                                                    "Index Name": "keyword_id_movie_keyword",
                                                    "Startup Cost": 0.0,
                                                    "Total Cost": 12469.62,
                                                    "Plan Rows": 594825,
                                                    "Plan Width": 0,
                                                    "Actual Startup Time": 47.061,
                                                    "Actual Total Time": 47.061,
                                                    "Actual Rows": 601971,
                                                    "Actual Loops": 1,
                                                    "Index Cond": "(mk.keyword_id < 446)",
                                                    "Workers": [
                                                        {
                                                            "Worker Number": 0,
                                                            "Actual Startup Time": 47.061,
                                                            "Actual Total Time": 47.061,
                                                            "Actual Rows": 601971,
                                                            "Actual Loops": 1
                                                        }
                                                    ]
                                                }
                                            ]
                                        },
                                        {
                                            "Node Type": "Hash",
                                            "Parent Relationship": "Inner",
                                            "Parallel Aware": true,
                                            "Startup Cost": 45479.21,
                                            "Total Cost": 45479.21,
                                            "Plan Rows": 47894,
                                            "Plan Width": 4,
                                            "Actual Startup Time": 120.996,
                                            "Actual Total Time": 120.997,
                                            "Actual Rows": 73579,
                                            "Actual Loops": 4,
                                            "Output": [
                                                "t.id"
                                            ],
                                            "Hash Buckets": 524288,
                                            "Original Hash Buckets": 262144,
                                            "Hash Batches": 1,
                                            "Original Hash Batches": 1,
                                            "Peak Memory Usage": 17728,
                                            "Workers": [
                                                {
                                                    "Worker Number": 0,
                                                    "Actual Startup Time": 118.759,
                                                    "Actual Total Time": 118.76,
                                                    "Actual Rows": 69165,
                                                    "Actual Loops": 1
                                                },
                                                {
                                                    "Worker Number": 1,
                                                    "Actual Startup Time": 119.069,
                                                    "Actual Total Time": 119.069,
                                                    "Actual Rows": 67801,
                                                    "Actual Loops": 1
                                                },
                                                {
                                                    "Worker Number": 2,
                                                    "Actual Startup Time": 119.677,
                                                    "Actual Total Time": 119.679,
                                                    "Actual Rows": 69703,
                                                    "Actual Loops": 1
                                                }
                                            ],
                                            "Plans": [
                                                {
                                                    "Node Type": "Seq Scan",
                                                    "Parent Relationship": "Outer",
                                                    "Parallel Aware": true,
                                                    "Relation Name": "title",
                                                    "Schema": "public",
                                                    "Alias": "t",
                                                    "Startup Cost": 0.0,
                                                    "Total Cost": 45479.21,
                                                    "Plan Rows": 47894,
                                                    "Plan Width": 4,
                                                    "Actual Startup Time": 0.101,
                                                    "Actual Total Time": 90.679,
                                                    "Actual Rows": 73579,
                                                    "Actual Loops": 4,
                                                    "Output": [
                                                        "t.id"
                                                    ],
                                                    "Filter": "((t.kind_id < 7) AND (t.production_year < 1978))",
                                                    "Rows Removed by Filter": 558499,
                                                    "Workers": [
                                                        {
                                                            "Worker Number": 0,
                                                            "Actual Startup Time": 0.165,
                                                            "Actual Total Time": 89.44,
                                                            "Actual Rows": 69165,
                                                            "Actual Loops": 1
                                                        },
                                                        {
                                                            "Worker Number": 1,
                                                            "Actual Startup Time": 0.109,
                                                            "Actual Total Time": 87.855,
                                                            "Actual Rows": 67801,
                                                            "Actual Loops": 1
                                                        },
                                                        {
                                                            "Worker Number": 2,
                                                            "Actual Startup Time": 0.085,
                                                            "Actual Total Time": 90.364,
                                                            "Actual Rows": 69703,
                                                            "Actual Loops": 1
                                                        }
                                                    ]
                                                }
                                            ]
                                        }
                                    ]
                                }
                            ]
                        }
                    ]
                }
            ]
        },
        "Planning Time": 234.88,
        "Triggers": [],
        "Execution Time": 297.97
    }
]