[
  {
    "Plan": {
      "Node Type": "Aggregate",
      "Strategy": "Plain",
      "Partial Mode": "Finalize",
      "Parallel Aware": false,
      "Startup Cost": 100552.05,
      "Total Cost": 100552.06,
      "Plan Rows": 1,
      "Plan Width": 8,
      "Actual Startup Time": 1078.298,
      "Actual Total Time": 1200.017,
      "Actual Rows": 1,
      "Actual Loops": 1,
      "Plans": [
        {
          "Node Type": "Gather",
          "Parent Relationship": "Outer",
          "Parallel Aware": false,
          "Startup Cost": 100551.73,
          "Total Cost": 100552.04,
          "Plan Rows": 3,
          "Plan Width": 8,
          "Actual Startup Time": 1077.125,
          "Actual Total Time": 1199.997,
          "Actual Rows": 4,
          "Actual Loops": 1,
          "Workers Planned": 3,
          "Workers Launched": 3,
          "Single Copy": false,
          "Plans": [
            {
              "Node Type": "Aggregate",
              "Strategy": "Plain",
              "Partial Mode": "Partial",
              "Parent Relationship": "Outer",
              "Parallel Aware": false,
              "Startup Cost": 99551.73,
              "Total Cost": 99551.74,
              "Plan Rows": 1,
              "Plan Width": 8,
              "Actual Startup Time": 1067.618,
              "Actual Total Time": 1067.625,
              "Actual Rows": 1,
              "Actual Loops": 4,
              "Plans": [
                {
                  "Node Type": "Nested Loop",
                  "Parent Relationship": "Outer",
                  "Parallel Aware": false,
                  "Join Type": "Inner",
                  "Startup Cost": 38441.27,
                  "Total Cost": 99522.19,
                  "Plan Rows": 11814,
                  "Plan Width": 0,
                  "Actual Startup Time": 140.174,
                  "Actual Total Time": 1064.608,
                  "Actual Rows": 22991,
                  "Actual Loops": 4,
                  "Inner Unique": false,
                  "Join Filter": "(t.id = ci.movie_id)",
                  "Rows Removed by Join Filter": 0,
                  "Plans": [
                    {
                      "Node Type": "Hash Join",
                      "Parent Relationship": "Outer",
                      "Parallel Aware": true,
                      "Join Type": "Inner",
                      "Startup Cost": 38440.71,
                      "Total Cost": 68873.14,
                      "Plan Rows": 11830,
                      "Plan Width": 8,
                      "Actual Startup Time": 139.661,
                      "Actual Total Time": 228.971,
                      "Actual Rows": 18784,
                      "Actual Loops": 4,
                      "Inner Unique": true,
                      "Hash Cond": "(mc.movie_id = t.id)",
                      "Plans": [
                        {
                          "Node Type": "Seq Scan",
                          "Parent Relationship": "Outer",
                          "Parallel Aware": true,
                          "Relation Name": "movie_companies",
                          "Alias": "mc",
                          "Startup Cost": 0.0,
                          "Total Cost": 29310.68,
                          "Plan Rows": 427336,
                          "Plan Width": 4,
                          "Actual Startup Time": 40.286,
                          "Actual Total Time": 95.9,
                          "Actual Rows": 333721,
                          "Actual Loops": 4,
                          "Filter": "(company_type_id = 2)",
                          "Rows Removed by Filter": 318562
                        },
                        {
                          "Node Type": "Hash",
                          "Parent Relationship": "Inner",
                          "Parallel Aware": true,
                          "Startup Cost": 38221.98,
                          "Total Cost": 38221.98,
                          "Plan Rows": 17498,
                          "Plan Width": 4,
                          "Actual Startup Time": 58.943,
                          "Actual Total Time": 58.945,
                          "Actual Rows": 15557,
                          "Actual Loops": 4,
                          "Hash Buckets": 131072,
                          "Original Hash Buckets": 131072,
                          "Hash Batches": 1,
                          "Original Hash Batches": 1,
                          "Peak Memory Usage": 3552,
                          "Plans": [
                            {
                              "Node Type": "Bitmap Heap Scan",
                              "Parent Relationship": "Outer",
                              "Parallel Aware": true,
                              "Relation Name": "title",
                              "Alias": "t",
                              "Startup Cost": 1840.63,
                              "Total Cost": 38221.98,
                              "Plan Rows": 17498,
                              "Plan Width": 4,
                              "Actual Startup Time": 12.696,
                              "Actual Total Time": 51.355,
                              "Actual Rows": 15557,
                              "Actual Loops": 4,
                              "Recheck Cond": "(kind_id = 3)",
                              "Rows Removed by Index Recheck": 0,
                              "Filter": "(production_year > 1991)",
                              "Rows Removed by Filter": 9578,
                              "Exact Heap Blocks": 6764,
                              "Lossy Heap Blocks": 0,
                              "Plans": [
                                {
                                  "Node Type": "Bitmap Index Scan",
                                  "Parent Relationship": "Outer",
                                  "Parallel Aware": false,
                                  "Index Name": "kind_id_title",
                                  "Startup Cost": 0.0,
                                  "Total Cost": 1823.13,
                                  "Plan Rows": 102227,
                                  "Plan Width": 0,
                                  "Actual Startup Time": 13.283,
                                  "Actual Total Time": 13.283,
                                  "Actual Rows": 100537,
                                  "Actual Loops": 1,
                                  "Index Cond": "(kind_id = 3)"
                                }
                              ]
                            }
                          ]
                        }
                      ]
                    },
                    {
                      "Node Type": "Index Scan",
                      "Parent Relationship": "Inner",
                      "Parallel Aware": false,
                      "Scan Direction": "Forward",
                      "Index Name": "movie_id_cast_info",
                      "Relation Name": "cast_info",
                      "Alias": "ci",
                      "Startup Cost": 0.56,
                      "Total Cost": 2.55,
                      "Plan Rows": 3,
                      "Plan Width": 4,
                      "Actual Startup Time": 0.034,
                      "Actual Total Time": 0.044,
                      "Actual Rows": 1,
                      "Actual Loops": 75135,
                      "Index Cond": "(movie_id = mc.movie_id)",
                      "Rows Removed by Index Recheck": 0,
                      "Filter": "((person_id > 408086) AND (role_id = 4))",
                      "Rows Removed by Filter": 27
                    }
                  ]
                }
              ]
            }
          ]
        }
      ]
    },
    "Planning Time": 1.446,
    "Triggers": [],
    "Execution Time": 1200.257
  }
]