{
  "Plan": {
    "Node Type": "Aggregate",
    "Strategy": "Plain",
    "Partial Mode": "Finalize",
    "Parallel Aware": false,
    "Startup Cost": 634753.28,
    "Total Cost": 634753.29,
    "Plan Rows": 1,
    "Plan Width": 8,
    "Actual Startup Time": 2354.505,
    "Actual Total Time": 2382.725,
    "Actual Rows": 1,
    "Actual Loops": 1,
    "Plans": [
      {
        "Node Type": "Gather",
        "Parent Relationship": "Outer",
        "Parallel Aware": false,
        "Startup Cost": 634753.17,
        "Total Cost": 634753.28,
        "Plan Rows": 1,
        "Plan Width": 8,
        "Actual Startup Time": 2351.082,
        "Actual Total Time": 2382.713,
        "Actual Rows": 2,
        "Actual Loops": 1,
        "Workers Planned": 1,
        "Workers Launched": 1,
        "Single Copy": false,
        "Plans": [
          {
            "Node Type": "Aggregate",
            "Strategy": "Plain",
            "Partial Mode": "Partial",
            "Parent Relationship": "Outer",
            "Parallel Aware": false,
            "Startup Cost": 633753.17,
            "Total Cost": 633753.18,
            "Plan Rows": 1,
            "Plan Width": 8,
            "Actual Startup Time": 2337.751,
            "Actual Total Time": 2337.759,
            "Actual Rows": 1,
            "Actual Loops": 2,
            "Plans": [
              {
                "Node Type": "Hash Join",
                "Parent Relationship": "Outer",
                "Parallel Aware": true,
                "Join Type": "Inner",
                "Startup Cost": 278464.85,
                "Total Cost": 624593.53,
                "Plan Rows": 3663856,
                "Plan Width": 0,
                "Actual Startup Time": 1416.424,
                "Actual Total Time": 2281.707,
                "Actual Rows": 1346882,
                "Actual Loops": 2,
                "Inner Unique": true,
                "Hash Cond": "(ci.movie_id = t.id)",
                "Plans": [
                  {
                    "Node Type": "Bitmap Heap Scan",
                    "Parent Relationship": "Outer",
                    "Parallel Aware": true,
                    "Relation Name": "cast_info",
                    "Alias": "ci",
                    "Startup Cost": 209004.15,
                    "Total Cost": 545515.2,
                    "Plan Rows": 3663856,
                    "Plan Width": 4,
                    "Actual Startup Time": 834.584,
                    "Actual Total Time": 1093.905,
                    "Actual Rows": 1346882,
                    "Actual Loops": 2,
                    "Recheck Cond": "(person_id < 941896)",
                    "Rows Removed by Index Recheck": 0,
                    "Filter": "(role_id > 1)",
                    "Rows Removed by Filter": 3443162,
                    "Exact Heap Blocks": 51238,
                    "Lossy Heap Blocks": 0,
                    "Plans": [
                      {
                        "Node Type": "Bitmap Index Scan",
                        "Parent Relationship": "Outer",
                        "Parallel Aware": false,
                        "Index Name": "person_id_cast_info",
                        "Startup Cost": 0.0,
                        "Total Cost": 207447.01,
                        "Plan Rows": 9500059,
                        "Plan Width": 0,
                        "Actual Startup Time": 471.499,
                        "Actual Total Time": 471.501,
                        "Actual Rows": 9580088,
                        "Actual Loops": 1,
                        "Index Cond": "(person_id < 941896)"
                      }
                    ]
                  },
                  {
                    "Node Type": "Hash",
                    "Parent Relationship": "Inner",
                    "Parallel Aware": true,
                    "Startup Cost": 50870.31,
                    "Total Cost": 50870.31,
                    "Plan Rows": 1487231,
                    "Plan Width": 4,
                    "Actual Startup Time": 559.636,
                    "Actual Total Time": 559.637,
                    "Actual Rows": 1264156,
                    "Actual Loops": 2,
                    "Hash Buckets": 4194304,
                    "Original Hash Buckets": 4194304,
                    "Hash Batches": 1,
                    "Original Hash Batches": 1,
                    "Peak Memory Usage": 131712,
                    "Plans": [
                      {
                        "Node Type": "Seq Scan",
                        "Parent Relationship": "Outer",
                        "Parallel Aware": true,
                        "Relation Name": "title",
                        "Alias": "t",
                        "Startup Cost": 0.0,
                        "Total Cost": 50870.31,
                        "Plan Rows": 1487231,
                        "Plan Width": 4,
                        "Actual Startup Time": 0.024,
                        "Actual Total Time": 157.967,
                        "Actual Rows": 1264156,
                        "Actual Loops": 2
                      }
                    ]
                  }
                ]
              }
            ]
          }
        ]
      }
    ]
  },
  "Planning Time": 0.636,
  "Triggers": [],
  "Execution Time": 2382.825
}