{
  "Plan": {
    "Node Type": "Aggregate",
    "Strategy": "Plain",
    "Partial Mode": "Finalize",
    "Parallel Aware": false,
    "Startup Cost": 865549.19,
    "Total Cost": 865549.2,
    "Plan Rows": 1,
    "Plan Width": 8,
    "Actual Startup Time": 2893.878,
    "Actual Total Time": 2952.119,
    "Actual Rows": 1,
    "Actual Loops": 1,
    "Plans": [
      {
        "Node Type": "Gather",
        "Parent Relationship": "Outer",
        "Parallel Aware": false,
        "Startup Cost": 865549.08,
        "Total Cost": 865549.19,
        "Plan Rows": 1,
        "Plan Width": 8,
        "Actual Startup Time": 2890.981,
        "Actual Total Time": 2952.109,
        "Actual Rows": 2,
        "Actual Loops": 1,
        "Workers Planned": 1,
        "Workers Launched": 1,
        "Single Copy": false,
        "Plans": [
          {
            "Node Type": "Aggregate",
            "Strategy": "Plain",
            "Partial Mode": "Partial",
            "Parent Relationship": "Outer",
            "Parallel Aware": false,
            "Startup Cost": 864549.08,
            "Total Cost": 864549.09,
            "Plan Rows": 1,
            "Plan Width": 8,
            "Actual Startup Time": 2882.652,
            "Actual Total Time": 2882.931,
            "Actual Rows": 1,
            "Actual Loops": 2,
            "Plans": [
              {
                "Node Type": "Hash Join",
                "Parent Relationship": "Outer",
                "Parallel Aware": true,
                "Join Type": "Inner",
                "Startup Cost": 661745.95,
                "Total Cost": 861534.0,
                "Plan Rows": 1206032,
                "Plan Width": 0,
                "Actual Startup Time": 2416.392,
                "Actual Total Time": 2863.32,
                "Actual Rows": 444437,
                "Actual Loops": 2,
                "Inner Unique": false,
                "Hash Cond": "(mi.movie_id = t.id)",
                "Plans": [
                  {
                    "Node Type": "Bitmap Heap Scan",
                    "Parent Relationship": "Outer",
                    "Parallel Aware": true,
                    "Relation Name": "movie_info",
                    "Alias": "mi",
                    "Startup Cost": 54025.71,
                    "Total Cost": 237947.81,
                    "Plan Rows": 1754328,
                    "Plan Width": 4,
                    "Actual Startup Time": 100.084,
                    "Actual Total Time": 238.366,
                    "Actual Rows": 1518360,
                    "Actual Loops": 2,
                    "Recheck Cond": "(info_type_id = 16)",
                    "Rows Removed by Index Recheck": 0,
                    "Exact Heap Blocks": 13332,
                    "Lossy Heap Blocks": 0,
                    "Plans": [
                      {
                        "Node Type": "Bitmap Index Scan",
                        "Parent Relationship": "Outer",
                        "Parallel Aware": false,
                        "Index Name": "info_type_id_movie_info",
                        "Startup Cost": 0.0,
                        "Total Cost": 53280.12,
                        "Plan Rows": 2982358,
                        "Plan Width": 0,
                        "Actual Startup Time": 96.012,
                        "Actual Total Time": 96.013,
                        "Actual Rows": 3036719,
                        "Actual Loops": 1,
                        "Index Cond": "(info_type_id = 16)"
                      }
                    ]
                  },
                  {
                    "Node Type": "Hash",
                    "Parent Relationship": "Inner",
                    "Parallel Aware": true,
                    "Startup Cost": 594940.06,
                    "Total Cost": 594940.06,
                    "Plan Rows": 1022414,
                    "Plan Width": 8,
                    "Actual Startup Time": 2301.601,
                    "Actual Total Time": 2301.878,
                    "Actual Rows": 404988,
                    "Actual Loops": 2,
                    "Hash Buckets": 2097152,
                    "Original Hash Buckets": 2097152,
                    "Hash Batches": 1,
                    "Original Hash Batches": 1,
                    "Peak Memory Usage": 48096,
                    "Plans": [
                      {
                        "Node Type": "Hash Join",
                        "Parent Relationship": "Outer",
                        "Parallel Aware": true,
                        "Join Type": "Inner",
                        "Startup Cost": 61870.19,
                        "Total Cost": 594940.06,
                        "Plan Rows": 1022414,
                        "Plan Width": 8,
                        "Actual Startup Time": 832.246,
                        "Actual Total Time": 2169.702,
                        "Actual Rows": 404988,
                        "Actual Loops": 2,
                        "Inner Unique": true,
                        "Hash Cond": "(ci.movie_id = t.id)",
                        "Plans": [
                          {
                            "Node Type": "Seq Scan",
                            "Parent Relationship": "Outer",
                            "Parallel Aware": true,
                            "Relation Name": "cast_info",
                            "Alias": "ci",
                            "Startup Cost": 0.0,
                            "Total Cost": 519069.44,
                            "Plan Rows": 5333488,
                            "Plan Width": 4,
                            "Actual Startup Time": 646.576,
                            "Actual Total Time": 1259.297,
                            "Actual Rows": 4501144,
                            "Actual Loops": 2,
                            "Filter": "(person_id > 2796294)",
                            "Rows Removed by Filter": 13621028
                          },
                          {
                            "Node Type": "Hash",
                            "Parent Relationship": "Inner",
                            "Parallel Aware": true,
                            "Startup Cost": 58306.47,
                            "Total Cost": 58306.47,
                            "Plan Rows": 285098,
                            "Plan Width": 4,
                            "Actual Startup Time": 182.99,
                            "Actual Total Time": 182.991,
                            "Actual Rows": 176104,
                            "Actual Loops": 2,
                            "Hash Buckets": 524288,
                            "Original Hash Buckets": 524288,
                            "Hash Batches": 1,
                            "Original Hash Batches": 1,
                            "Peak Memory Usage": 17920,
                            "Plans": [
                              {
                                "Node Type": "Seq Scan",
                                "Parent Relationship": "Outer",
                                "Parallel Aware": true,
                                "Relation Name": "title",
                                "Alias": "t",
                                "Startup Cost": 0.0,
                                "Total Cost": 58306.47,
                                "Plan Rows": 285098,
                                "Plan Width": 4,
                                "Actual Startup Time": 0.027,
                                "Actual Total Time": 139.145,
                                "Actual Rows": 176104,
                                "Actual Loops": 2,
                                "Filter": "((kind_id > 1) AND (production_year < 1989))",
                                "Rows Removed by Filter": 1088052
                              }
                            ]
                          }
                        ]
                      }
                    ]
                  }
                ]
              }
            ]
          }
        ]
      }
    ]
  },
  "Planning Time": 1.034,
  "Triggers": [],
  "Execution Time": 2952.241
}