[
  {
    "Plan": {
      "Node Type": "Aggregate",
      "Strategy": "Plain",
      "Partial Mode": "Finalize",
      "Parallel Aware": false,
      "Startup Cost": 46684.59,
      "Total Cost": 46684.6,
      "Plan Rows": 1,
      "Plan Width": 8,
      "Actual Startup Time": 93.115,
      "Actual Total Time": 104.866,
      "Actual Rows": 1,
      "Actual Loops": 1,
      "Plans": [
        {
          "Node Type": "Gather",
          "Parent Relationship": "Outer",
          "Parallel Aware": false,
          "Startup Cost": 46684.17,
          "Total Cost": 46684.58,
          "Plan Rows": 4,
          "Plan Width": 8,
          "Actual Startup Time": 92.867,
          "Actual Total Time": 104.857,
          "Actual Rows": 5,
          "Actual Loops": 1,
          "Workers Planned": 4,
          "Workers Launched": 4,
          "Single Copy": false,
          "Plans": [
            {
              "Node Type": "Aggregate",
              "Strategy": "Plain",
              "Partial Mode": "Partial",
              "Parent Relationship": "Outer",
              "Parallel Aware": false,
              "Startup Cost": 45684.17,
              "Total Cost": 45684.18,
              "Plan Rows": 1,
              "Plan Width": 8,
              "Actual Startup Time": 85.549,
              "Actual Total Time": 85.55,
              "Actual Rows": 1,
              "Actual Loops": 5,
              "Plans": [
                {
                  "Node Type": "Seq Scan",
                  "Parent Relationship": "Outer",
                  "Parallel Aware": true,
                  "Relation Name": "title",
                  "Alias": "t",
                  "Startup Cost": 0.0,
                  "Total Cost": 45479.1,
                  "Plan Rows": 82028,
                  "Plan Width": 0,
                  "Actual Startup Time": 49.466,
                  "Actual Total Time": 82.077,
                  "Actual Rows": 82304,
                  "Actual Loops": 5,
                  "Filter": "((kind_id < 2) AND (production_year < 2004))",
                  "Rows Removed by Filter": 423358
                }
              ]
            }
          ]
        }
      ]
    },
    "Planning Time": 0.152,
    "Triggers": [],
    "Execution Time": 104.925
  }
]