[
    {
        "Bao": {
            "Bao prediction": "NaN",
            "Bao recommended hint": "(no hint)"
        }
    },
    {
        "Plan": {
            "Node Type": "Aggregate",
            "Strategy": "Plain",
            "Partial Mode": "Finalize",
            "Parallel Aware": false,
            "Startup Cost": 32980.61,
            "Total Cost": 32980.62,
            "Plan Rows": 1,
            "Plan Width": 8,
            "Actual Startup Time": 86.843,
            "Actual Total Time": 90.629,
            "Actual Rows": 1,
            "Actual Loops": 1,
            "Output": [
                "count(*)"
            ],
            "Plans": [
                {
                    "Node Type": "Gather",
                    "Parent Relationship": "Outer",
                    "Parallel Aware": false,
                    "Startup Cost": 32980.29,
                    "Total Cost": 32980.6,
                    "Plan Rows": 3,
                    "Plan Width": 8,
                    "Actual Startup Time": 86.639,
                    "Actual Total Time": 90.621,
                    "Actual Rows": 4,
                    "Actual Loops": 1,
                    "Output": [
                        "(PARTIAL count(*))"
                    ],
                    "Workers Planned": 3,
                    "Workers Launched": 3,
                    "Single Copy": false,
                    "Plans": [
                        {
                            "Node Type": "Aggregate",
                            "Strategy": "Plain",
                            "Partial Mode": "Partial",
                            "Parent Relationship": "Outer",
                            "Parallel Aware": false,
                            "Startup Cost": 31980.29,
                            "Total Cost": 31980.3,
                            "Plan Rows": 1,
                            "Plan Width": 8,
                            "Actual Startup Time": 78.628,
                            "Actual Total Time": 78.63,
                            "Actual Rows": 1,
                            "Actual Loops": 4,
                            "Output": [
                                "PARTIAL count(*)"
                            ],
                            "Workers": [
                                {
                                    "Worker Number": 0,
                                    "Actual Startup Time": 75.965,
                                    "Actual Total Time": 75.967,
                                    "Actual Rows": 1,
                                    "Actual Loops": 1
                                },
                                {
                                    "Worker Number": 1,
                                    "Actual Startup Time": 76.133,
                                    "Actual Total Time": 76.135,
                                    "Actual Rows": 1,
                                    "Actual Loops": 1
                                },
                                {
                                    "Worker Number": 2,
                                    "Actual Startup Time": 76.241,
                                    "Actual Total Time": 76.243,
                                    "Actual Rows": 1,
                                    "Actual Loops": 1
                                }
                            ],
                            "Plans": [
                                {
                                    "Node Type": "Seq Scan",
                                    "Parent Relationship": "Outer",
                                    "Parallel Aware": true,
                                    "Relation Name": "movie_companies",
                                    "Schema": "public",
                                    "Alias": "mc",
                                    "Startup Cost": 0.0,
                                    "Total Cost": 31414.82,
                                    "Plan Rows": 226188,
                                    "Plan Width": 0,
                                    "Actual Startup Time": 17.714,
                                    "Actual Total Time": 72.422,
                                    "Actual Rows": 121412,
                                    "Actual Loops": 4,
                                    "Output": [
                                        "id",
                                        "movie_id",
                                        "company_id",
                                        "company_type_id",
                                        "note"
                                    ],
                                    "Filter": "((mc.company_id > 10065) AND (mc.company_type_id < 2))",
                                    "Rows Removed by Filter": 530870,
                                    "Workers": [
                                        {
                                            "Worker Number": 0,
                                            "Actual Startup Time": 15.105,
                                            "Actual Total Time": 69.975,
                                            "Actual Rows": 104962,
                                            "Actual Loops": 1
                                        },
                                        {
                                            "Worker Number": 1,
                                            "Actual Startup Time": 15.203,
                                            "Actual Total Time": 70.186,
                                            "Actual Rows": 107469,
                                            "Actual Loops": 1
                                        },
                                        {
                                            "Worker Number": 2,
                                            "Actual Startup Time": 15.32,
                                            "Actual Total Time": 70.227,
                                            "Actual Rows": 112802,
                                            "Actual Loops": 1
                                        }
                                    ]
                                }
                            ]
                        }
                    ]
                }
            ]
        },
        "Planning Time": 213.159,
        "Triggers": [],
        "Execution Time": 90.689
    }
]