[
    {
        "Bao": {
            "Bao prediction": "NaN",
            "Bao recommended hint": "(no hint)"
        }
    },
    {
        "Plan": {
            "Node Type": "Aggregate",
            "Strategy": "Plain",
            "Partial Mode": "Finalize",
            "Parallel Aware": false,
            "Startup Cost": 338448.42,
            "Total Cost": 338448.43,
            "Plan Rows": 1,
            "Plan Width": 8,
            "Actual Startup Time": 375.327,
            "Actual Total Time": 383.278,
            "Actual Rows": 1,
            "Actual Loops": 1,
            "Output": [
                "count(*)"
            ],
            "Plans": [
                {
                    "Node Type": "Gather",
                    "Parent Relationship": "Outer",
                    "Parallel Aware": false,
                    "Startup Cost": 338448.2,
                    "Total Cost": 338448.41,
                    "Plan Rows": 2,
                    "Plan Width": 8,
                    "Actual Startup Time": 373.949,
                    "Actual Total Time": 383.268,
                    "Actual Rows": 3,
                    "Actual Loops": 1,
                    "Output": [
                        "(PARTIAL count(*))"
                    ],
                    "Workers Planned": 2,
                    "Workers Launched": 2,
                    "Single Copy": false,
                    "Plans": [
                        {
                            "Node Type": "Aggregate",
                            "Strategy": "Plain",
                            "Partial Mode": "Partial",
                            "Parent Relationship": "Outer",
                            "Parallel Aware": false,
                            "Startup Cost": 337448.2,
                            "Total Cost": 337448.21,
                            "Plan Rows": 1,
                            "Plan Width": 8,
                            "Actual Startup Time": 365.717,
                            "Actual Total Time": 365.803,
                            "Actual Rows": 1,
                            "Actual Loops": 3,
                            "Output": [
                                "PARTIAL count(*)"
                            ],
                            "Workers": [
                                {
                                    "Worker Number": 0,
                                    "Actual Startup Time": 361.865,
                                    "Actual Total Time": 361.87,
                                    "Actual Rows": 1,
                                    "Actual Loops": 1
                                },
                                {
                                    "Worker Number": 1,
                                    "Actual Startup Time": 362.013,
                                    "Actual Total Time": 362.018,
                                    "Actual Rows": 1,
                                    "Actual Loops": 1
                                }
                            ],
                            "Plans": [
                                {
                                    "Node Type": "Hash Join",
                                    "Parent Relationship": "Outer",
                                    "Parallel Aware": true,
                                    "Join Type": "Inner",
                                    "Startup Cost": 321396.93,
                                    "Total Cost": 337343.29,
                                    "Plan Rows": 41966,
                                    "Plan Width": 0,
                                    "Actual Startup Time": 282.241,
                                    "Actual Total Time": 364.277,
                                    "Actual Rows": 35842,
                                    "Actual Loops": 3,
                                    "Inner Unique": false,
                                    "Hash Cond": "(mi_idx.movie_id = t.id)",
                                    "Workers": [
                                        {
                                            "Worker Number": 0,
                                            "Actual Startup Time": 278.415,
                                            "Actual Total Time": 360.391,
                                            "Actual Rows": 33713,
                                            "Actual Loops": 1
                                        },
                                        {
                                            "Worker Number": 1,
                                            "Actual Startup Time": 278.477,
                                            "Actual Total Time": 360.477,
                                            "Actual Rows": 34773,
                                            "Actual Loops": 1
                                        }
                                    ],
                                    "Plans": [
                                        {
                                            "Node Type": "Seq Scan",
                                            "Parent Relationship": "Outer",
                                            "Parallel Aware": true,
                                            "Relation Name": "movie_info_idx",
                                            "Schema": "public",
                                            "Alias": "mi_idx",
                                            "Startup Cost": 0.0,
                                            "Total Cost": 13685.15,
                                            "Plan Rows": 575015,
                                            "Plan Width": 4,
                                            "Actual Startup Time": 0.026,
                                            "Actual Total Time": 37.499,
                                            "Actual Rows": 460012,
                                            "Actual Loops": 3,
                                            "Output": [
                                                "mi_idx.id",
                                                "mi_idx.movie_id",
                                                "mi_idx.info_type_id",
                                                "mi_idx.info",
                                                "mi_idx.note"
                                            ],
                                            "Workers": [
                                                {
                                                    "Worker Number": 0,
                                                    "Actual Startup Time": 0.031,
                                                    "Actual Total Time": 38.852,
                                                    "Actual Rows": 453261,
                                                    "Actual Loops": 1
                                                },
                                                {
                                                    "Worker Number": 1,
                                                    "Actual Startup Time": 0.035,
                                                    "Actual Total Time": 37.869,
                                                    "Actual Rows": 409080,
                                                    "Actual Loops": 1
                                                }
                                            ]
                                        },
                                        {
                                            "Node Type": "Hash",
                                            "Parent Relationship": "Inner",
                                            "Parallel Aware": true,
                                            "Startup Cost": 320820.3,
                                            "Total Cost": 320820.3,
                                            "Plan Rows": 46130,
                                            "Plan Width": 8,
                                            "Actual Startup Time": 280.994,
                                            "Actual Total Time": 281.078,
                                            "Actual Rows": 36961,
                                            "Actual Loops": 3,
                                            "Output": [
                                                "t.id",
                                                "ci.movie_id"
                                            ],
                                            "Hash Buckets": 262144,
                                            "Original Hash Buckets": 262144,
                                            "Hash Batches": 1,
                                            "Original Hash Batches": 1,
                                            "Peak Memory Usage": 6432,
                                            "Workers": [
                                                {
                                                    "Worker Number": 0,
                                                    "Actual Startup Time": 277.685,
                                                    "Actual Total Time": 277.688,
                                                    "Actual Rows": 36409,
                                                    "Actual Loops": 1
                                                },
                                                {
                                                    "Worker Number": 1,
                                                    "Actual Startup Time": 278.038,
                                                    "Actual Total Time": 278.042,
                                                    "Actual Rows": 32774,
                                                    "Actual Loops": 1
                                                }
                                            ],
                                            "Plans": [
                                                {
                                                    "Node Type": "Hash Join",
                                                    "Parent Relationship": "Outer",
                                                    "Parallel Aware": true,
                                                    "Join Type": "Inner",
                                                    "Startup Cost": 271751.58,
                                                    "Total Cost": 320820.3,
                                                    "Plan Rows": 46130,
                                                    "Plan Width": 8,
                                                    "Actual Startup Time": 93.931,
                                                    "Actual Total Time": 270.275,
                                                    "Actual Rows": 36961,
                                                    "Actual Loops": 3,
                                                    "Output": [
                                                        "t.id",
                                                        "ci.movie_id"
                                                    ],
                                                    "Inner Unique": false,
                                                    "Hash Cond": "(t.id = ci.movie_id)",
                                                    "Workers": [
                                                        {
                                                            "Worker Number": 0,
                                                            "Actual Startup Time": 90.666,
                                                            "Actual Total Time": 267.033,
                                                            "Actual Rows": 36409,
                                                            "Actual Loops": 1
                                                        },
                                                        {
                                                            "Worker Number": 1,
                                                            "Actual Startup Time": 90.906,
                                                            "Actual Total Time": 266.961,
                                                            "Actual Rows": 32774,
                                                            "Actual Loops": 1
                                                        }
                                                    ],
                                                    "Plans": [
                                                        {
                                                            "Node Type": "Seq Scan",
                                                            "Parent Relationship": "Outer",
                                                            "Parallel Aware": true,
                                                            "Relation Name": "title",
                                                            "Schema": "public",
                                                            "Alias": "t",
                                                            "Startup Cost": 0.0,
                                                            "Total Cost": 45479.21,
                                                            "Plan Rows": 351263,
                                                            "Plan Width": 4,
                                                            "Actual Startup Time": 0.01,
                                                            "Actual Total Time": 103.965,
                                                            "Actual Rows": 492804,
                                                            "Actual Loops": 3,
                                                            "Output": [
                                                                "t.id",
                                                                "t.title",
                                                                "t.imdb_index",
                                                                "t.kind_id",
                                                                "t.production_year",
                                                                "t.imdb_id",
                                                                "t.phonetic_code",
                                                                "t.episode_of_id",
                                                                "t.season_nr",
                                                                "t.episode_nr",
                                                                "t.series_years",
                                                                "t.md5sum"
                                                            ],
                                                            "Filter": "((t.production_year > 1938) AND (t.kind_id = 7))",
                                                            "Rows Removed by Filter": 349967,
                                                            "Workers": [
                                                                {
                                                                    "Worker Number": 0,
                                                                    "Actual Startup Time": 0.008,
                                                                    "Actual Total Time": 107.167,
                                                                    "Actual Rows": 487266,
                                                                    "Actual Loops": 1
                                                                },
                                                                {
                                                                    "Worker Number": 1,
                                                                    "Actual Startup Time": 0.014,
                                                                    "Actual Total Time": 100.97,
                                                                    "Actual Rows": 436030,
                                                                    "Actual Loops": 1
                                                                }
                                                            ]
                                                        },
                                                        {
                                                            "Node Type": "Hash",
                                                            "Parent Relationship": "Inner",
                                                            "Parallel Aware": true,
                                                            "Startup Cost": 271059.83,
                                                            "Total Cost": 271059.83,
                                                            "Plan Rows": 55340,
                                                            "Plan Width": 4,
                                                            "Actual Startup Time": 92.698,
                                                            "Actual Total Time": 92.7,
                                                            "Actual Rows": 66608,
                                                            "Actual Loops": 3,
                                                            "Output": [
                                                                "ci.movie_id"
                                                            ],
                                                            "Hash Buckets": 524288,
                                                            "Original Hash Buckets": 524288,
                                                            "Hash Batches": 1,
                                                            "Original Hash Batches": 1,
                                                            "Peak Memory Usage": 11968,
                                                            "Workers": [
                                                                {
                                                                    "Worker Number": 0,
                                                                    "Actual Startup Time": 90.595,
                                                                    "Actual Total Time": 90.596,
                                                                    "Actual Rows": 59939,
                                                                    "Actual Loops": 1
                                                                },
                                                                {
                                                                    "Worker Number": 1,
                                                                    "Actual Startup Time": 90.816,
                                                                    "Actual Total Time": 90.818,
                                                                    "Actual Rows": 56945,
                                                                    "Actual Loops": 1
                                                                }
                                                            ],
                                                            "Plans": [
                                                                {
                                                                    "Node Type": "Bitmap Heap Scan",
                                                                    "Parent Relationship": "Outer",
                                                                    "Parallel Aware": true,
                                                                    "Relation Name": "cast_info",
                                                                    "Schema": "public",
                                                                    "Alias": "ci",
                                                                    "Startup Cost": 16493.52,
                                                                    "Total Cost": 271059.83,
                                                                    "Plan Rows": 55340,
                                                                    "Plan Width": 4,
                                                                    "Actual Startup Time": 59.48,
                                                                    "Actual Total Time": 75.141,
                                                                    "Actual Rows": 66608,
                                                                    "Actual Loops": 3,
                                                                    "Output": [
                                                                        "ci.movie_id"
                                                                    ],
                                                                    "Recheck Cond": "(ci.person_id < 81472)",
                                                                    "Rows Removed by Index Recheck": 0,
                                                                    "Filter": "(ci.role_id > 2)",
                                                                    "Rows Removed by Filter": 189227,
                                                                    "Exact Heap Blocks": 4482,
                                                                    "Lossy Heap Blocks": 0,
                                                                    "Workers": [
                                                                        {
                                                                            "Worker Number": 0,
                                                                            "Actual Startup Time": 57.385,
                                                                            "Actual Total Time": 73.881,
                                                                            "Actual Rows": 59939,
                                                                            "Actual Loops": 1
                                                                        },
                                                                        {
                                                                            "Worker Number": 1,
                                                                            "Actual Startup Time": 57.606,
                                                                            "Actual Total Time": 73.153,
                                                                            "Actual Rows": 56945,
                                                                            "Actual Loops": 1
                                                                        }
                                                                    ],
                                                                    "Plans": [
                                                                        {
                                                                            "Node Type": "Bitmap Index Scan",
                                                                            "Parent Relationship": "Outer",
                                                                            "Parallel Aware": false,
                                                                            "Index Name": "person_id_cast_info",
                                                                            "Startup Cost": 0.0,
                                                                            "Total Cost": 16410.51,
                                                                            "Plan Rows": 751726,
                                                                            "Plan Width": 0,
                                                                            "Actual Startup Time": 28.812,
                                                                            "Actual Total Time": 28.813,
                                                                            "Actual Rows": 767507,
                                                                            "Actual Loops": 1,
                                                                            "Index Cond": "(ci.person_id < 81472)"
                                                                        }
                                                                    ]
                                                                }
                                                            ]
                                                        }
                                                    ]
                                                }
                                            ]
                                        }
                                    ]
                                }
                            ]
                        }
                    ]
                }
            ]
        },
        "Planning Time": 183.203,
        "Triggers": [],
        "Execution Time": 383.436
    }
]