{
    "Plan": {
        "Node Type": "Aggregate",
        "Strategy": "Plain",
        "Partial Mode": "Finalize",
        "Parallel Aware": false,
        "Startup Cost": 248083.51,
        "Total Cost": 248083.52,
        "Plan Rows": 1,
        "Plan Width": 8,
        "Actual Startup Time": 601.663,
        "Actual Total Time": 654.735,
        "Actual Rows": 1,
        "Actual Loops": 1,
        "Output": [
            "count(*)"
        ],
        "Plans": [
            {
                "Node Type": "Gather",
                "Parent Relationship": "Outer",
                "Parallel Aware": false,
                "Startup Cost": 248082.99,
                "Total Cost": 248083.5,
                "Plan Rows": 5,
                "Plan Width": 8,
                "Actual Startup Time": 598.664,
                "Actual Total Time": 654.724,
                "Actual Rows": 6,
                "Actual Loops": 1,
                "Output": [
                    "(PARTIAL count(*))"
                ],
                "Workers Planned": 5,
                "Workers Launched": 5,
                "Single Copy": false,
                "Plans": [
                    {
                        "Node Type": "Aggregate",
                        "Strategy": "Plain",
                        "Partial Mode": "Partial",
                        "Parent Relationship": "Outer",
                        "Parallel Aware": false,
                        "Startup Cost": 247082.99,
                        "Total Cost": 247083.0,
                        "Plan Rows": 1,
                        "Plan Width": 8,
                        "Actual Startup Time": 588.711,
                        "Actual Total Time": 588.714,
                        "Actual Rows": 1,
                        "Actual Loops": 6,
                        "Output": [
                            "PARTIAL count(*)"
                        ],
                        "Workers": [
                            {
                                "Worker Number": 0,
                                "Actual Startup Time": 586.356,
                                "Actual Total Time": 586.359,
                                "Actual Rows": 1,
                                "Actual Loops": 1
                            },
                            {
                                "Worker Number": 1,
                                "Actual Startup Time": 586.56,
                                "Actual Total Time": 586.563,
                                "Actual Rows": 1,
                                "Actual Loops": 1
                            },
                            {
                                "Worker Number": 2,
                                "Actual Startup Time": 586.853,
                                "Actual Total Time": 586.856,
                                "Actual Rows": 1,
                                "Actual Loops": 1
                            },
                            {
                                "Worker Number": 3,
                                "Actual Startup Time": 586.844,
                                "Actual Total Time": 586.848,
                                "Actual Rows": 1,
                                "Actual Loops": 1
                            },
                            {
                                "Worker Number": 4,
                                "Actual Startup Time": 587.55,
                                "Actual Total Time": 587.553,
                                "Actual Rows": 1,
                                "Actual Loops": 1
                            }
                        ],
                        "Plans": [
                            {
                                "Node Type": "Hash Join",
                                "Parent Relationship": "Outer",
                                "Parallel Aware": true,
                                "Join Type": "Inner",
                                "Startup Cost": 46840.37,
                                "Total Cost": 246891.04,
                                "Plan Rows": 76782,
                                "Plan Width": 0,
                                "Actual Startup Time": 152.176,
                                "Actual Total Time": 579.62,
                                "Actual Rows": 152014,
                                "Actual Loops": 6,
                                "Inner Unique": true,
                                "Hash Cond": "(mi.movie_id = t.id)",
                                "Workers": [
                                    {
                                        "Worker Number": 0,
                                        "Actual Startup Time": 149.874,
                                        "Actual Total Time": 577.346,
                                        "Actual Rows": 135790,
                                        "Actual Loops": 1
                                    },
                                    {
                                        "Worker Number": 1,
                                        "Actual Startup Time": 150.08,
                                        "Actual Total Time": 577.427,
                                        "Actual Rows": 136899,
                                        "Actual Loops": 1
                                    },
                                    {
                                        "Worker Number": 2,
                                        "Actual Startup Time": 150.061,
                                        "Actual Total Time": 577.799,
                                        "Actual Rows": 135831,
                                        "Actual Loops": 1
                                    },
                                    {
                                        "Worker Number": 3,
                                        "Actual Startup Time": 150.368,
                                        "Actual Total Time": 578.247,
                                        "Actual Rows": 129960,
                                        "Actual Loops": 1
                                    },
                                    {
                                        "Worker Number": 4,
                                        "Actual Startup Time": 151.046,
                                        "Actual Total Time": 578.571,
                                        "Actual Rows": 135681,
                                        "Actual Loops": 1
                                    }
                                ],
                                "Plans": [
                                    {
                                        "Node Type": "Seq Scan",
                                        "Parent Relationship": "Outer",
                                        "Parallel Aware": true,
                                        "Relation Name": "movie_info",
                                        "Schema": "public",
                                        "Alias": "mi",
                                        "Startup Cost": 0.0,
                                        "Total Cost": 198880.74,
                                        "Plan Rows": 445687,
                                        "Plan Width": 4,
                                        "Actual Startup Time": 20.041,
                                        "Actual Total Time": 378.736,
                                        "Actual Rows": 372308,
                                        "Actual Loops": 6,
                                        "Output": [
                                            "mi.id",
                                            "mi.movie_id",
                                            "mi.info_type_id",
                                            "mi.info",
                                            "mi.note"
                                        ],
                                        "Filter": "(mi.info_type_id > 16)",
                                        "Rows Removed by Filter": 2100312,
                                        "Workers": [
                                            {
                                                "Worker Number": 0,
                                                "Actual Startup Time": 20.047,
                                                "Actual Total Time": 382.36,
                                                "Actual Rows": 330383,
                                                "Actual Loops": 1
                                            },
                                            {
                                                "Worker Number": 1,
                                                "Actual Startup Time": 19.953,
                                                "Actual Total Time": 382.557,
                                                "Actual Rows": 333051,
                                                "Actual Loops": 1
                                            },
                                            {
                                                "Worker Number": 2,
                                                "Actual Startup Time": 20.058,
                                                "Actual Total Time": 382.645,
                                                "Actual Rows": 334053,
                                                "Actual Loops": 1
                                            },
                                            {
                                                "Worker Number": 3,
                                                "Actual Startup Time": 20.054,
                                                "Actual Total Time": 382.388,
                                                "Actual Rows": 312998,
                                                "Actual Loops": 1
                                            },
                                            {
                                                "Worker Number": 4,
                                                "Actual Startup Time": 20.065,
                                                "Actual Total Time": 381.938,
                                                "Actual Rows": 332490,
                                                "Actual Loops": 1
                                            }
                                        ]
                                    },
                                    {
                                        "Node Type": "Hash",
                                        "Parent Relationship": "Inner",
                                        "Parallel Aware": true,
                                        "Startup Cost": 45479.21,
                                        "Total Cost": 45479.21,
                                        "Plan Rows": 108893,
                                        "Plan Width": 4,
                                        "Actual Startup Time": 113.371,
                                        "Actual Total Time": 113.372,
                                        "Actual Rows": 52448,
                                        "Actual Loops": 6,
                                        "Output": [
                                            "t.id"
                                        ],
                                        "Hash Buckets": 524288,
                                        "Original Hash Buckets": 524288,
                                        "Hash Batches": 1,
                                        "Original Hash Batches": 1,
                                        "Peak Memory Usage": 16480,
                                        "Workers": [
                                            {
                                                "Worker Number": 0,
                                                "Actual Startup Time": 112.565,
                                                "Actual Total Time": 112.566,
                                                "Actual Rows": 48124,
                                                "Actual Loops": 1
                                            },
                                            {
                                                "Worker Number": 1,
                                                "Actual Startup Time": 112.714,
                                                "Actual Total Time": 112.716,
                                                "Actual Rows": 48387,
                                                "Actual Loops": 1
                                            },
                                            {
                                                "Worker Number": 2,
                                                "Actual Startup Time": 112.725,
                                                "Actual Total Time": 112.726,
                                                "Actual Rows": 49597,
                                                "Actual Loops": 1
                                            },
                                            {
                                                "Worker Number": 3,
                                                "Actual Startup Time": 113.099,
                                                "Actual Total Time": 113.1,
                                                "Actual Rows": 44517,
                                                "Actual Loops": 1
                                            },
                                            {
                                                "Worker Number": 4,
                                                "Actual Startup Time": 113.659,
                                                "Actual Total Time": 113.661,
                                                "Actual Rows": 48854,
                                                "Actual Loops": 1
                                            }
                                        ],
                                        "Plans": [
                                            {
                                                "Node Type": "Seq Scan",
                                                "Parent Relationship": "Outer",
                                                "Parallel Aware": true,
                                                "Relation Name": "title",
                                                "Schema": "public",
                                                "Alias": "t",
                                                "Startup Cost": 0.0,
                                                "Total Cost": 45479.21,
                                                "Plan Rows": 108893,
                                                "Plan Width": 4,
                                                "Actual Startup Time": 45.512,
                                                "Actual Total Time": 90.286,
                                                "Actual Rows": 52448,
                                                "Actual Loops": 6,
                                                "Output": [
                                                    "t.id"
                                                ],
                                                "Filter": "((t.production_year > 1994) AND (t.kind_id = 1))",
                                                "Rows Removed by Filter": 368938,
                                                "Workers": [
                                                    {
                                                        "Worker Number": 0,
                                                        "Actual Startup Time": 52.432,
                                                        "Actual Total Time": 90.19,
                                                        "Actual Rows": 48124,
                                                        "Actual Loops": 1
                                                    },
                                                    {
                                                        "Worker Number": 1,
                                                        "Actual Startup Time": 52.904,
                                                        "Actual Total Time": 90.135,
                                                        "Actual Rows": 48387,
                                                        "Actual Loops": 1
                                                    },
                                                    {
                                                        "Worker Number": 2,
                                                        "Actual Startup Time": 52.766,
                                                        "Actual Total Time": 90.721,
                                                        "Actual Rows": 49597,
                                                        "Actual Loops": 1
                                                    },
                                                    {
                                                        "Worker Number": 3,
                                                        "Actual Startup Time": 53.024,
                                                        "Actual Total Time": 90.099,
                                                        "Actual Rows": 44517,
                                                        "Actual Loops": 1
                                                    },
                                                    {
                                                        "Worker Number": 4,
                                                        "Actual Startup Time": 53.597,
                                                        "Actual Total Time": 90.977,
                                                        "Actual Rows": 48854,
                                                        "Actual Loops": 1
                                                    }
                                                ]
                                            }
                                        ]
                                    }
                                ]
                            }
                        ]
                    }
                ]
            }
        ]
    },
    "Planning Time": 0.517,
    "Triggers": [],
    "Execution Time": 654.804
}