[
  {
    "Plan": {
      "Node Type": "Aggregate",
      "Strategy": "Plain",
      "Partial Mode": "Finalize",
      "Parallel Aware": false,
      "Startup Cost": 89480.83,
      "Total Cost": 89480.84,
      "Plan Rows": 1,
      "Plan Width": 8,
      "Actual Startup Time": 270.535,
      "Actual Total Time": 287.974,
      "Actual Rows": 1,
      "Actual Loops": 1,
      "Plans": [
        {
          "Node Type": "Gather",
          "Parent Relationship": "Outer",
          "Parallel Aware": false,
          "Startup Cost": 89480.51,
          "Total Cost": 89480.82,
          "Plan Rows": 3,
          "Plan Width": 8,
          "Actual Startup Time": 270.191,
          "Actual Total Time": 287.965,
          "Actual Rows": 4,
          "Actual Loops": 1,
          "Workers Planned": 3,
          "Workers Launched": 3,
          "Single Copy": false,
          "Plans": [
            {
              "Node Type": "Aggregate",
              "Strategy": "Plain",
              "Partial Mode": "Partial",
              "Parent Relationship": "Outer",
              "Parallel Aware": false,
              "Startup Cost": 88480.51,
              "Total Cost": 88480.52,
              "Plan Rows": 1,
              "Plan Width": 8,
              "Actual Startup Time": 261.657,
              "Actual Total Time": 261.66,
              "Actual Rows": 1,
              "Actual Loops": 4,
              "Plans": [
                {
                  "Node Type": "Hash Join",
                  "Parent Relationship": "Outer",
                  "Parallel Aware": true,
                  "Join Type": "Inner",
                  "Startup Cost": 45563.47,
                  "Total Cost": 88441.55,
                  "Plan Rows": 15584,
                  "Plan Width": 0,
                  "Actual Startup Time": 97.004,
                  "Actual Total Time": 261.193,
                  "Actual Rows": 8854,
                  "Actual Loops": 4,
                  "Inner Unique": true,
                  "Hash Cond": "(mk.movie_id = t.id)",
                  "Plans": [
                    {
                      "Node Type": "Seq Scan",
                      "Parent Relationship": "Outer",
                      "Parallel Aware": true,
                      "Relation Name": "movie_keyword",
                      "Alias": "mk",
                      "Startup Cost": 0.0,
                      "Total Cost": 39047.32,
                      "Plan Rows": 1459332,
                      "Plan Width": 4,
                      "Actual Startup Time": 0.03,
                      "Actual Total Time": 85.97,
                      "Actual Rows": 1130982,
                      "Actual Loops": 4
                    },
                    {
                      "Node Type": "Hash",
                      "Parent Relationship": "Inner",
                      "Parallel Aware": true,
                      "Startup Cost": 45479.1,
                      "Total Cost": 45479.1,
                      "Plan Rows": 6750,
                      "Plan Width": 4,
                      "Actual Startup Time": 95.095,
                      "Actual Total Time": 95.096,
                      "Actual Rows": 6771,
                      "Actual Loops": 4,
                      "Hash Buckets": 32768,
                      "Original Hash Buckets": 32768,
                      "Hash Batches": 1,
                      "Original Hash Batches": 1,
                      "Peak Memory Usage": 1376,
                      "Plans": [
                        {
                          "Node Type": "Seq Scan",
                          "Parent Relationship": "Outer",
                          "Parallel Aware": true,
                          "Relation Name": "title",
                          "Alias": "t",
                          "Startup Cost": 0.0,
                          "Total Cost": 45479.1,
                          "Plan Rows": 6750,
                          "Plan Width": 4,
                          "Actual Startup Time": 0.223,
                          "Actual Total Time": 92.496,
                          "Actual Rows": 6771,
                          "Actual Loops": 4,
                          "Filter": "((kind_id < 7) AND (production_year > 2012))",
                          "Rows Removed by Filter": 625307
                        }
                      ]
                    }
                  ]
                }
              ]
            }
          ]
        }
      ]
    },
    "Planning Time": 0.606,
    "Triggers": [],
    "Execution Time": 288.038
  }
]