[
    {
        "Bao": {
            "Bao prediction": "NaN",
            "Bao recommended hint": "(no hint)"
        }
    },
    {
        "Plan": {
            "Node Type": "Aggregate",
            "Strategy": "Plain",
            "Partial Mode": "Finalize",
            "Parallel Aware": false,
            "Startup Cost": 33219.65,
            "Total Cost": 33219.66,
            "Plan Rows": 1,
            "Plan Width": 8,
            "Actual Startup Time": 107.398,
            "Actual Total Time": 112.409,
            "Actual Rows": 1,
            "Actual Loops": 1,
            "Output": [
                "count(*)"
            ],
            "Plans": [
                {
                    "Node Type": "Gather",
                    "Parent Relationship": "Outer",
                    "Parallel Aware": false,
                    "Startup Cost": 33219.33,
                    "Total Cost": 33219.64,
                    "Plan Rows": 3,
                    "Plan Width": 8,
                    "Actual Startup Time": 107.322,
                    "Actual Total Time": 112.401,
                    "Actual Rows": 4,
                    "Actual Loops": 1,
                    "Output": [
                        "(PARTIAL count(*))"
                    ],
                    "Workers Planned": 3,
                    "Workers Launched": 3,
                    "Single Copy": false,
                    "Plans": [
                        {
                            "Node Type": "Aggregate",
                            "Strategy": "Plain",
                            "Partial Mode": "Partial",
                            "Parent Relationship": "Outer",
                            "Parallel Aware": false,
                            "Startup Cost": 32219.33,
                            "Total Cost": 32219.34,
                            "Plan Rows": 1,
                            "Plan Width": 8,
                            "Actual Startup Time": 99.16,
                            "Actual Total Time": 99.161,
                            "Actual Rows": 1,
                            "Actual Loops": 4,
                            "Output": [
                                "PARTIAL count(*)"
                            ],
                            "Workers": [
                                {
                                    "Worker Number": 0,
                                    "Actual Startup Time": 96.309,
                                    "Actual Total Time": 96.31,
                                    "Actual Rows": 1,
                                    "Actual Loops": 1
                                },
                                {
                                    "Worker Number": 1,
                                    "Actual Startup Time": 96.584,
                                    "Actual Total Time": 96.585,
                                    "Actual Rows": 1,
                                    "Actual Loops": 1
                                },
                                {
                                    "Worker Number": 2,
                                    "Actual Startup Time": 96.873,
                                    "Actual Total Time": 96.874,
                                    "Actual Rows": 1,
                                    "Actual Loops": 1
                                }
                            ],
                            "Plans": [
                                {
                                    "Node Type": "Seq Scan",
                                    "Parent Relationship": "Outer",
                                    "Parallel Aware": true,
                                    "Relation Name": "movie_companies",
                                    "Schema": "public",
                                    "Alias": "mc",
                                    "Startup Cost": 0.0,
                                    "Total Cost": 31414.82,
                                    "Plan Rows": 321805,
                                    "Plan Width": 0,
                                    "Actual Startup Time": 44.21,
                                    "Actual Total Time": 84.746,
                                    "Actual Rows": 287873,
                                    "Actual Loops": 4,
                                    "Output": [
                                        "id",
                                        "movie_id",
                                        "company_id",
                                        "company_type_id",
                                        "note"
                                    ],
                                    "Filter": "((mc.company_id > 892) AND (mc.company_type_id > 1))",
                                    "Rows Removed by Filter": 364409,
                                    "Workers": [
                                        {
                                            "Worker Number": 0,
                                            "Actual Startup Time": 41.364,
                                            "Actual Total Time": 82.298,
                                            "Actual Rows": 346366,
                                            "Actual Loops": 1
                                        },
                                        {
                                            "Worker Number": 1,
                                            "Actual Startup Time": 41.637,
                                            "Actual Total Time": 82.597,
                                            "Actual Rows": 346931,
                                            "Actual Loops": 1
                                        },
                                        {
                                            "Worker Number": 2,
                                            "Actual Startup Time": 41.925,
                                            "Actual Total Time": 82.907,
                                            "Actual Rows": 210548,
                                            "Actual Loops": 1
                                        }
                                    ]
                                }
                            ]
                        }
                    ]
                }
            ]
        },
        "Planning Time": 280.214,
        "Triggers": [],
        "Execution Time": 112.491
    }
]