[
  {
    "Plan": {
      "Node Type": "Aggregate",
      "Strategy": "Plain",
      "Partial Mode": "Finalize",
      "Parallel Aware": false,
      "Startup Cost": 62514.13,
      "Total Cost": 62514.14,
      "Plan Rows": 1,
      "Plan Width": 8,
      "Actual Startup Time": 236.731,
      "Actual Total Time": 253.545,
      "Actual Rows": 1,
      "Actual Loops": 1,
      "Plans": [
        {
          "Node Type": "Gather",
          "Parent Relationship": "Outer",
          "Parallel Aware": false,
          "Startup Cost": 62513.91,
          "Total Cost": 62514.12,
          "Plan Rows": 2,
          "Plan Width": 8,
          "Actual Startup Time": 236.042,
          "Actual Total Time": 253.536,
          "Actual Rows": 3,
          "Actual Loops": 1,
          "Workers Planned": 2,
          "Workers Launched": 2,
          "Single Copy": false,
          "Plans": [
            {
              "Node Type": "Aggregate",
              "Strategy": "Plain",
              "Partial Mode": "Partial",
              "Parent Relationship": "Outer",
              "Parallel Aware": false,
              "Startup Cost": 61513.91,
              "Total Cost": 61513.92,
              "Plan Rows": 1,
              "Plan Width": 8,
              "Actual Startup Time": 228.426,
              "Actual Total Time": 228.43,
              "Actual Rows": 1,
              "Actual Loops": 3,
              "Plans": [
                {
                  "Node Type": "Hash Join",
                  "Parent Relationship": "Outer",
                  "Parallel Aware": true,
                  "Join Type": "Inner",
                  "Startup Cost": 46190.09,
                  "Total Cost": 61384.65,
                  "Plan Rows": 51707,
                  "Plan Width": 0,
                  "Actual Startup Time": 139.144,
                  "Actual Total Time": 227.662,
                  "Actual Rows": 14792,
                  "Actual Loops": 3,
                  "Inner Unique": true,
                  "Hash Cond": "(mi_idx.movie_id = t.id)",
                  "Plans": [
                    {
                      "Node Type": "Seq Scan",
                      "Parent Relationship": "Outer",
                      "Parallel Aware": true,
                      "Relation Name": "movie_info_idx",
                      "Alias": "mi_idx",
                      "Startup Cost": 0.0,
                      "Total Cost": 13685.15,
                      "Plan Rows": 575015,
                      "Plan Width": 4,
                      "Actual Startup Time": 0.012,
                      "Actual Total Time": 41.922,
                      "Actual Rows": 460012,
                      "Actual Loops": 3
                    },
                    {
                      "Node Type": "Hash",
                      "Parent Relationship": "Inner",
                      "Parallel Aware": true,
                      "Startup Cost": 45479.59,
                      "Total Cost": 45479.59,
                      "Plan Rows": 56840,
                      "Plan Width": 4,
                      "Actual Startup Time": 137.111,
                      "Actual Total Time": 137.112,
                      "Actual Rows": 36567,
                      "Actual Loops": 3,
                      "Hash Buckets": 262144,
                      "Original Hash Buckets": 262144,
                      "Hash Batches": 1,
                      "Original Hash Batches": 1,
                      "Peak Memory Usage": 6368,
                      "Plans": [
                        {
                          "Node Type": "Seq Scan",
                          "Parent Relationship": "Outer",
                          "Parallel Aware": true,
                          "Relation Name": "title",
                          "Alias": "t",
                          "Startup Cost": 0.0,
                          "Total Cost": 45479.59,
                          "Plan Rows": 56840,
                          "Plan Width": 4,
                          "Actual Startup Time": 0.051,
                          "Actual Total Time": 123.691,
                          "Actual Rows": 36567,
                          "Actual Loops": 3,
                          "Filter": "((kind_id > 1) AND (production_year < 1967))",
                          "Rows Removed by Filter": 806204
                        }
                      ]
                    }
                  ]
                }
              ]
            }
          ]
        }
      ]
    },
    "Planning Time": 0.336,
    "Triggers": [],
    "Execution Time": 253.587
  }
]