[
  {
    "Plan": {
      "Node Type": "Aggregate",
      "Strategy": "Plain",
      "Partial Mode": "Finalize",
      "Parallel Aware": false,
      "Startup Cost": 30669.94,
      "Total Cost": 30669.95,
      "Plan Rows": 1,
      "Plan Width": 8,
      "Actual Startup Time": 96.557,
      "Actual Total Time": 105.637,
      "Actual Rows": 1,
      "Actual Loops": 1,
      "Plans": [
        {
          "Node Type": "Gather",
          "Parent Relationship": "Outer",
          "Parallel Aware": false,
          "Startup Cost": 30669.62,
          "Total Cost": 30669.93,
          "Plan Rows": 3,
          "Plan Width": 8,
          "Actual Startup Time": 96.409,
          "Actual Total Time": 105.625,
          "Actual Rows": 4,
          "Actual Loops": 1,
          "Workers Planned": 3,
          "Workers Launched": 3,
          "Single Copy": false,
          "Plans": [
            {
              "Node Type": "Aggregate",
              "Strategy": "Plain",
              "Partial Mode": "Partial",
              "Parent Relationship": "Outer",
              "Parallel Aware": false,
              "Startup Cost": 29669.62,
              "Total Cost": 29669.63,
              "Plan Rows": 1,
              "Plan Width": 8,
              "Actual Startup Time": 89.862,
              "Actual Total Time": 89.863,
              "Actual Rows": 1,
              "Actual Loops": 4,
              "Plans": [
                {
                  "Node Type": "Seq Scan",
                  "Parent Relationship": "Outer",
                  "Parallel Aware": true,
                  "Relation Name": "movie_companies",
                  "Alias": "mc",
                  "Startup Cost": 0.0,
                  "Total Cost": 29310.68,
                  "Plan Rows": 143577,
                  "Plan Width": 0,
                  "Actual Startup Time": 0.035,
                  "Actual Total Time": 81.318,
                  "Actual Rows": 109509,
                  "Actual Loops": 4,
                  "Filter": "(company_id < 323)",
                  "Rows Removed by Filter": 542773
                }
              ]
            }
          ]
        }
      ]
    },
    "Planning Time": 0.197,
    "Triggers": [],
    "Execution Time": 105.694
  }
]