[
  {
    "Plan": {
      "Node Type": "Aggregate",
      "Strategy": "Plain",
      "Partial Mode": "Finalize",
      "Parallel Aware": false,
      "Startup Cost": 124525.23,
      "Total Cost": 124525.24,
      "Plan Rows": 1,
      "Plan Width": 8,
      "Actual Startup Time": 410.402,
      "Actual Total Time": 430.895,
      "Actual Rows": 1,
      "Actual Loops": 1,
      "Plans": [
        {
          "Node Type": "Gather",
          "Parent Relationship": "Outer",
          "Parallel Aware": false,
          "Startup Cost": 124524.91,
          "Total Cost": 124525.22,
          "Plan Rows": 3,
          "Plan Width": 8,
          "Actual Startup Time": 408.943,
          "Actual Total Time": 430.886,
          "Actual Rows": 4,
          "Actual Loops": 1,
          "Workers Planned": 3,
          "Workers Launched": 3,
          "Single Copy": false,
          "Plans": [
            {
              "Node Type": "Aggregate",
              "Strategy": "Plain",
              "Partial Mode": "Partial",
              "Parent Relationship": "Outer",
              "Parallel Aware": false,
              "Startup Cost": 123524.91,
              "Total Cost": 123524.92,
              "Plan Rows": 1,
              "Plan Width": 8,
              "Actual Startup Time": 401.936,
              "Actual Total Time": 402.029,
              "Actual Rows": 1,
              "Actual Loops": 4,
              "Plans": [
                {
                  "Node Type": "Hash Join",
                  "Parent Relationship": "Outer",
                  "Parallel Aware": true,
                  "Join Type": "Inner",
                  "Startup Cost": 92525.24,
                  "Total Cost": 123246.82,
                  "Plan Rows": 111235,
                  "Plan Width": 0,
                  "Actual Startup Time": 284.368,
                  "Actual Total Time": 400.698,
                  "Actual Rows": 32440,
                  "Actual Loops": 4,
                  "Inner Unique": false,
                  "Hash Cond": "(mc.movie_id = t.id)",
                  "Plans": [
                    {
                      "Node Type": "Seq Scan",
                      "Parent Relationship": "Outer",
                      "Parallel Aware": true,
                      "Relation Name": "movie_companies",
                      "Alias": "mc",
                      "Startup Cost": 0.0,
                      "Total Cost": 27206.55,
                      "Plan Rows": 841655,
                      "Plan Width": 4,
                      "Actual Startup Time": 0.013,
                      "Actual Total Time": 54.219,
                      "Actual Rows": 652282,
                      "Actual Loops": 4
                    },
                    {
                      "Node Type": "Hash",
                      "Parent Relationship": "Inner",
                      "Parallel Aware": true,
                      "Startup Cost": 91177.81,
                      "Total Cost": 91177.81,
                      "Plan Rows": 107795,
                      "Plan Width": 8,
                      "Actual Startup Time": 280.911,
                      "Actual Total Time": 281.002,
                      "Actual Rows": 14707,
                      "Actual Loops": 4,
                      "Hash Buckets": 524288,
                      "Original Hash Buckets": 524288,
                      "Hash Batches": 1,
                      "Original Hash Batches": 1,
                      "Peak Memory Usage": 6464,
                      "Plans": [
                        {
                          "Node Type": "Hash Join",
                          "Parent Relationship": "Outer",
                          "Parallel Aware": true,
                          "Join Type": "Inner",
                          "Startup Cost": 46846.39,
                          "Total Cost": 91177.81,
                          "Plan Rows": 107795,
                          "Plan Width": 8,
                          "Actual Startup Time": 129.48,
                          "Actual Total Time": 272.687,
                          "Actual Rows": 14707,
                          "Actual Loops": 4,
                          "Inner Unique": true,
                          "Hash Cond": "(mk.movie_id = t.id)",
                          "Plans": [
                            {
                              "Node Type": "Seq Scan",
                              "Parent Relationship": "Outer",
                              "Parallel Aware": true,
                              "Relation Name": "movie_keyword",
                              "Alias": "mk",
                              "Startup Cost": 0.0,
                              "Total Cost": 42695.65,
                              "Plan Rows": 623149,
                              "Plan Width": 4,
                              "Actual Startup Time": 0.025,
                              "Actual Total Time": 93.283,
                              "Actual Rows": 485689,
                              "Actual Loops": 4,
                              "Filter": "(keyword_id < 3340)",
                              "Rows Removed by Filter": 645293
                            },
                            {
                              "Node Type": "Hash",
                              "Parent Relationship": "Inner",
                              "Parallel Aware": true,
                              "Startup Cost": 45479.59,
                              "Total Cost": 45479.59,
                              "Plan Rows": 109344,
                              "Plan Width": 4,
                              "Actual Startup Time": 127.319,
                              "Actual Total Time": 127.321,
                              "Actual Rows": 82373,
                              "Actual Loops": 4,
                              "Hash Buckets": 524288,
                              "Original Hash Buckets": 524288,
                              "Hash Batches": 1,
                              "Original Hash Batches": 1,
                              "Peak Memory Usage": 17088,
                              "Plans": [
                                {
                                  "Node Type": "Seq Scan",
                                  "Parent Relationship": "Outer",
                                  "Parallel Aware": true,
                                  "Relation Name": "title",
                                  "Alias": "t",
                                  "Startup Cost": 0.0,
                                  "Total Cost": 45479.59,
                                  "Plan Rows": 109344,
                                  "Plan Width": 4,
                                  "Actual Startup Time": 0.051,
                                  "Actual Total Time": 92.473,
                                  "Actual Rows": 82373,
                                  "Actual Loops": 4,
                                  "Filter": "((production_year < 1992) AND (kind_id = 7))",
                                  "Rows Removed by Filter": 549705
                                }
                              ]
                            }
                          ]
                        }
                      ]
                    }
                  ]
                }
              ]
            }
          ]
        }
      ]
    },
    "Planning Time": 1.461,
    "Triggers": [],
    "Execution Time": 430.991
  }
]