[
  {
    "Plan": {
      "Node Type": "Aggregate",
      "Strategy": "Plain",
      "Partial Mode": "Finalize",
      "Parallel Aware": false,
      "Startup Cost": 33393.02,
      "Total Cost": 33393.03,
      "Plan Rows": 1,
      "Plan Width": 8,
      "Actual Startup Time": 101.592,
      "Actual Total Time": 109.403,
      "Actual Rows": 1,
      "Actual Loops": 1,
      "Plans": [
        {
          "Node Type": "Gather",
          "Parent Relationship": "Outer",
          "Parallel Aware": false,
          "Startup Cost": 33392.7,
          "Total Cost": 33393.01,
          "Plan Rows": 3,
          "Plan Width": 8,
          "Actual Startup Time": 101.499,
          "Actual Total Time": 109.396,
          "Actual Rows": 4,
          "Actual Loops": 1,
          "Workers Planned": 3,
          "Workers Launched": 3,
          "Single Copy": false,
          "Plans": [
            {
              "Node Type": "Aggregate",
              "Strategy": "Plain",
              "Partial Mode": "Partial",
              "Parent Relationship": "Outer",
              "Parallel Aware": false,
              "Startup Cost": 32392.7,
              "Total Cost": 32392.71,
              "Plan Rows": 1,
              "Plan Width": 8,
              "Actual Startup Time": 94.486,
              "Actual Total Time": 94.487,
              "Actual Rows": 1,
              "Actual Loops": 4,
              "Plans": [
                {
                  "Node Type": "Seq Scan",
                  "Parent Relationship": "Outer",
                  "Parallel Aware": true,
                  "Relation Name": "movie_companies",
                  "Alias": "mc",
                  "Startup Cost": 0.0,
                  "Total Cost": 31414.82,
                  "Plan Rows": 391152,
                  "Plan Width": 0,
                  "Actual Startup Time": 46.25,
                  "Actual Total Time": 82.114,
                  "Actual Rows": 321076,
                  "Actual Loops": 4,
                  "Filter": "((company_id > 73) AND (company_type_id > 1))",
                  "Rows Removed by Filter": 331206
                }
              ]
            }
          ]
        }
      ]
    },
    "Planning Time": 0.214,
    "Triggers": [],
    "Execution Time": 109.459
  }
]