{
    "Plan": {
        "Node Type": "Aggregate",
        "Strategy": "Plain",
        "Partial Mode": "Finalize",
        "Parallel Aware": false,
        "Startup Cost": 162326.51,
        "Total Cost": 162326.52,
        "Plan Rows": 1,
        "Plan Width": 8,
        "Actual Startup Time": 177.787,
        "Actual Total Time": 208.53,
        "Actual Rows": 1,
        "Actual Loops": 1,
        "Output": [
            "count(*)"
        ],
        "Plans": [
            {
                "Node Type": "Gather",
                "Parent Relationship": "Outer",
                "Parallel Aware": false,
                "Startup Cost": 162326.09,
                "Total Cost": 162326.5,
                "Plan Rows": 4,
                "Plan Width": 8,
                "Actual Startup Time": 177.666,
                "Actual Total Time": 208.52,
                "Actual Rows": 5,
                "Actual Loops": 1,
                "Output": [
                    "(PARTIAL count(*))"
                ],
                "Workers Planned": 4,
                "Workers Launched": 4,
                "Single Copy": false,
                "Plans": [
                    {
                        "Node Type": "Aggregate",
                        "Strategy": "Plain",
                        "Partial Mode": "Partial",
                        "Parent Relationship": "Outer",
                        "Parallel Aware": false,
                        "Startup Cost": 161326.09,
                        "Total Cost": 161326.1,
                        "Plan Rows": 1,
                        "Plan Width": 8,
                        "Actual Startup Time": 167.483,
                        "Actual Total Time": 167.484,
                        "Actual Rows": 1,
                        "Actual Loops": 5,
                        "Output": [
                            "PARTIAL count(*)"
                        ],
                        "Workers": [
                            {
                                "Worker Number": 0,
                                "Actual Startup Time": 164.637,
                                "Actual Total Time": 164.638,
                                "Actual Rows": 1,
                                "Actual Loops": 1
                            },
                            {
                                "Worker Number": 1,
                                "Actual Startup Time": 165.037,
                                "Actual Total Time": 165.038,
                                "Actual Rows": 1,
                                "Actual Loops": 1
                            },
                            {
                                "Worker Number": 2,
                                "Actual Startup Time": 164.924,
                                "Actual Total Time": 164.926,
                                "Actual Rows": 1,
                                "Actual Loops": 1
                            },
                            {
                                "Worker Number": 3,
                                "Actual Startup Time": 165.908,
                                "Actual Total Time": 165.91,
                                "Actual Rows": 1,
                                "Actual Loops": 1
                            }
                        ],
                        "Plans": [
                            {
                                "Node Type": "Nested Loop",
                                "Parent Relationship": "Outer",
                                "Parallel Aware": false,
                                "Join Type": "Inner",
                                "Startup Cost": 0.56,
                                "Total Cost": 161325.26,
                                "Plan Rows": 332,
                                "Plan Width": 0,
                                "Actual Startup Time": 62.503,
                                "Actual Total Time": 167.414,
                                "Actual Rows": 358,
                                "Actual Loops": 5,
                                "Inner Unique": false,
                                "Workers": [
                                    {
                                        "Worker Number": 0,
                                        "Actual Startup Time": 59.201,
                                        "Actual Total Time": 164.566,
                                        "Actual Rows": 249,
                                        "Actual Loops": 1
                                    },
                                    {
                                        "Worker Number": 1,
                                        "Actual Startup Time": 60.139,
                                        "Actual Total Time": 164.979,
                                        "Actual Rows": 302,
                                        "Actual Loops": 1
                                    },
                                    {
                                        "Worker Number": 2,
                                        "Actual Startup Time": 61.78,
                                        "Actual Total Time": 164.863,
                                        "Actual Rows": 315,
                                        "Actual Loops": 1
                                    },
                                    {
                                        "Worker Number": 3,
                                        "Actual Startup Time": 59.858,
                                        "Actual Total Time": 165.847,
                                        "Actual Rows": 314,
                                        "Actual Loops": 1
                                    }
                                ],
                                "Plans": [
                                    {
                                        "Node Type": "Seq Scan",
                                        "Parent Relationship": "Outer",
                                        "Parallel Aware": true,
                                        "Relation Name": "title",
                                        "Schema": "public",
                                        "Alias": "t",
                                        "Startup Cost": 0.0,
                                        "Total Cost": 45479.21,
                                        "Plan Rows": 934,
                                        "Plan Width": 4,
                                        "Actual Startup Time": 60.148,
                                        "Actual Total Time": 88.887,
                                        "Actual Rows": 876,
                                        "Actual Loops": 5,
                                        "Output": [
                                            "t.id",
                                            "t.title",
                                            "t.imdb_index",
                                            "t.kind_id",
                                            "t.production_year",
                                            "t.imdb_id",
                                            "t.phonetic_code",
                                            "t.episode_of_id",
                                            "t.season_nr",
                                            "t.episode_nr",
                                            "t.series_years",
                                            "t.md5sum"
                                        ],
                                        "Filter": "((t.kind_id = 1) AND (t.production_year = 1979))",
                                        "Rows Removed by Filter": 504786,
                                        "Workers": [
                                            {
                                                "Worker Number": 0,
                                                "Actual Startup Time": 58.691,
                                                "Actual Total Time": 81.204,
                                                "Actual Rows": 548,
                                                "Actual Loops": 1
                                            },
                                            {
                                                "Worker Number": 1,
                                                "Actual Startup Time": 58.677,
                                                "Actual Total Time": 80.953,
                                                "Actual Rows": 726,
                                                "Actual Loops": 1
                                            },
                                            {
                                                "Worker Number": 2,
                                                "Actual Startup Time": 58.548,
                                                "Actual Total Time": 81.407,
                                                "Actual Rows": 704,
                                                "Actual Loops": 1
                                            },
                                            {
                                                "Worker Number": 3,
                                                "Actual Startup Time": 54.298,
                                                "Actual Total Time": 81.014,
                                                "Actual Rows": 755,
                                                "Actual Loops": 1
                                            }
                                        ]
                                    },
                                    {
                                        "Node Type": "Index Scan",
                                        "Parent Relationship": "Inner",
                                        "Parallel Aware": false,
                                        "Scan Direction": "Forward",
                                        "Index Name": "movie_id_cast_info",
                                        "Relation Name": "cast_info",
                                        "Schema": "public",
                                        "Alias": "ci",
                                        "Startup Cost": 0.56,
                                        "Total Cost": 124.02,
                                        "Plan Rows": 1,
                                        "Plan Width": 4,
                                        "Actual Startup Time": 0.087,
                                        "Actual Total Time": 0.089,
                                        "Actual Rows": 0,
                                        "Actual Loops": 4382,
                                        "Output": [
                                            "ci.id",
                                            "ci.person_id",
                                            "ci.movie_id",
                                            "ci.person_role_id",
                                            "ci.note",
                                            "ci.nr_order",
                                            "ci.role_id"
                                        ],
                                        "Index Cond": "(ci.movie_id = t.id)",
                                        "Rows Removed by Index Recheck": 0,
                                        "Filter": "((ci.person_id > 3774057) AND (ci.role_id > 1))",
                                        "Rows Removed by Filter": 17,
                                        "Workers": [
                                            {
                                                "Worker Number": 0,
                                                "Actual Startup Time": 0.147,
                                                "Actual Total Time": 0.151,
                                                "Actual Rows": 0,
                                                "Actual Loops": 548
                                            },
                                            {
                                                "Worker Number": 1,
                                                "Actual Startup Time": 0.113,
                                                "Actual Total Time": 0.115,
                                                "Actual Rows": 0,
                                                "Actual Loops": 726
                                            },
                                            {
                                                "Worker Number": 2,
                                                "Actual Startup Time": 0.115,
                                                "Actual Total Time": 0.118,
                                                "Actual Rows": 0,
                                                "Actual Loops": 704
                                            },
                                            {
                                                "Worker Number": 3,
                                                "Actual Startup Time": 0.109,
                                                "Actual Total Time": 0.112,
                                                "Actual Rows": 0,
                                                "Actual Loops": 755
                                            }
                                        ]
                                    }
                                ]
                            }
                        ]
                    }
                ]
            }
        ]
    },
    "Planning Time": 0.751,
    "Triggers": [],
    "Execution Time": 208.616
}