[
  {
    "Plan": {
      "Node Type": "Aggregate",
      "Strategy": "Plain",
      "Partial Mode": "Finalize",
      "Parallel Aware": false,
      "Startup Cost": 334351.79,
      "Total Cost": 334351.8,
      "Plan Rows": 1,
      "Plan Width": 8,
      "Actual Startup Time": 776.834,
      "Actual Total Time": 823.87,
      "Actual Rows": 1,
      "Actual Loops": 1,
      "Plans": [
        {
          "Node Type": "Gather",
          "Parent Relationship": "Outer",
          "Parallel Aware": false,
          "Startup Cost": 334351.17,
          "Total Cost": 334351.78,
          "Plan Rows": 6,
          "Plan Width": 8,
          "Actual Startup Time": 776.638,
          "Actual Total Time": 823.856,
          "Actual Rows": 7,
          "Actual Loops": 1,
          "Workers Planned": 6,
          "Workers Launched": 6,
          "Single Copy": false,
          "Plans": [
            {
              "Node Type": "Aggregate",
              "Strategy": "Plain",
              "Partial Mode": "Partial",
              "Parent Relationship": "Outer",
              "Parallel Aware": false,
              "Startup Cost": 333351.17,
              "Total Cost": 333351.18,
              "Plan Rows": 1,
              "Plan Width": 8,
              "Actual Startup Time": 769.013,
              "Actual Total Time": 769.014,
              "Actual Rows": 1,
              "Actual Loops": 7,
              "Plans": [
                {
                  "Node Type": "Seq Scan",
                  "Parent Relationship": "Outer",
                  "Parallel Aware": true,
                  "Relation Name": "cast_info",
                  "Alias": "ci",
                  "Startup Cost": 0.0,
                  "Total Cost": 328211.39,
                  "Plan Rows": 2055910,
                  "Plan Width": 0,
                  "Actual Startup Time": 0.05,
                  "Actual Total Time": 666.311,
                  "Actual Rows": 1778053,
                  "Actual Loops": 7,
                  "Filter": "(person_id < 1227833)",
                  "Rows Removed by Filter": 3399711
                }
              ]
            }
          ]
        }
      ]
    },
    "Planning Time": 0.164,
    "Triggers": [],
    "Execution Time": 823.935
  }
]