{
  "Plan": {
    "Node Type": "Aggregate",
    "Strategy": "Plain",
    "Partial Mode": "Finalize",
    "Parallel Aware": false,
    "Startup Cost": 82682.66,
    "Total Cost": 82682.67,
    "Plan Rows": 1,
    "Plan Width": 8,
    "Actual Startup Time": 225.928,
    "Actual Total Time": 241.523,
    "Actual Rows": 1,
    "Actual Loops": 1,
    "Plans": [
      {
        "Node Type": "Gather",
        "Parent Relationship": "Outer",
        "Parallel Aware": false,
        "Startup Cost": 82682.54,
        "Total Cost": 82682.65,
        "Plan Rows": 1,
        "Plan Width": 8,
        "Actual Startup Time": 225.602,
        "Actual Total Time": 241.516,
        "Actual Rows": 2,
        "Actual Loops": 1,
        "Workers Planned": 1,
        "Workers Launched": 1,
        "Single Copy": false,
        "Plans": [
          {
            "Node Type": "Aggregate",
            "Strategy": "Plain",
            "Partial Mode": "Partial",
            "Parent Relationship": "Outer",
            "Parallel Aware": false,
            "Startup Cost": 81682.54,
            "Total Cost": 81682.55,
            "Plan Rows": 1,
            "Plan Width": 8,
            "Actual Startup Time": 219.203,
            "Actual Total Time": 219.207,
            "Actual Rows": 1,
            "Actual Loops": 2,
            "Plans": [
              {
                "Node Type": "Nested Loop",
                "Parent Relationship": "Outer",
                "Parallel Aware": false,
                "Join Type": "Inner",
                "Startup Cost": 56182.82,
                "Total Cost": 81682.1,
                "Plan Rows": 178,
                "Plan Width": 0,
                "Actual Startup Time": 171.424,
                "Actual Total Time": 219.134,
                "Actual Rows": 722,
                "Actual Loops": 2,
                "Inner Unique": false,
                "Join Filter": "(t.id = mi_idx.movie_id)",
                "Rows Removed by Join Filter": 0,
                "Plans": [
                  {
                    "Node Type": "Hash Join",
                    "Parent Relationship": "Outer",
                    "Parallel Aware": true,
                    "Join Type": "Inner",
                    "Startup Cost": 56182.39,
                    "Total Cost": 81239.25,
                    "Plan Rows": 327,
                    "Plan Width": 8,
                    "Actual Startup Time": 171.141,
                    "Actual Total Time": 213.309,
                    "Actual Rows": 366,
                    "Actual Loops": 2,
                    "Inner Unique": true,
                    "Hash Cond": "(mk.movie_id = t.id)",
                    "Plans": [
                      {
                        "Node Type": "Bitmap Heap Scan",
                        "Parent Relationship": "Outer",
                        "Parallel Aware": true,
                        "Relation Name": "movie_keyword",
                        "Alias": "mk",
                        "Startup Cost": 1441.56,
                        "Total Cost": 26393.79,
                        "Plan Rows": 39858,
                        "Plan Width": 4,
                        "Actual Startup Time": 12.56,
                        "Actual Total Time": 48.086,
                        "Actual Rows": 33892,
                        "Actual Loops": 2,
                        "Recheck Cond": "(keyword_id < 58)",
                        "Rows Removed by Index Recheck": 0,
                        "Exact Heap Blocks": 12515,
                        "Lossy Heap Blocks": 0,
                        "Plans": [
                          {
                            "Node Type": "Bitmap Index Scan",
                            "Parent Relationship": "Outer",
                            "Parallel Aware": false,
                            "Index Name": "keyword_id_movie_keyword",
                            "Startup Cost": 0.0,
                            "Total Cost": 1424.62,
                            "Plan Rows": 67759,
                            "Plan Width": 0,
                            "Actual Startup Time": 8.905,
                            "Actual Total Time": 8.906,
                            "Actual Rows": 67785,
                            "Actual Loops": 1,
                            "Index Cond": "(keyword_id < 58)"
                          }
                        ]
                      },
                      {
                        "Node Type": "Hash",
                        "Parent Relationship": "Inner",
                        "Parallel Aware": true,
                        "Startup Cost": 54588.39,
                        "Total Cost": 54588.39,
                        "Plan Rows": 12195,
                        "Plan Width": 4,
                        "Actual Startup Time": 157.306,
                        "Actual Total Time": 157.307,
                        "Actual Rows": 9930,
                        "Actual Loops": 2,
                        "Hash Buckets": 32768,
                        "Original Hash Buckets": 32768,
                        "Hash Batches": 1,
                        "Original Hash Batches": 1,
                        "Peak Memory Usage": 1088,
                        "Plans": [
                          {
                            "Node Type": "Seq Scan",
                            "Parent Relationship": "Outer",
                            "Parallel Aware": true,
                            "Relation Name": "title",
                            "Alias": "t",
                            "Startup Cost": 0.0,
                            "Total Cost": 54588.39,
                            "Plan Rows": 12195,
                            "Plan Width": 4,
                            "Actual Startup Time": 0.068,
                            "Actual Total Time": 152.833,
                            "Actual Rows": 9930,
                            "Actual Loops": 2,
                            "Filter": "(production_year = 1988)",
                            "Rows Removed by Filter": 1254226
                          }
                        ]
                      }
                    ]
                  },
                  {
                    "Node Type": "Index Only Scan",
                    "Parent Relationship": "Inner",
                    "Parallel Aware": false,
                    "Scan Direction": "Forward",
                    "Index Name": "movie_id_movie_info_idx",
                    "Relation Name": "movie_info_idx",
                    "Alias": "mi_idx",
                    "Startup Cost": 0.43,
                    "Total Cost": 1.32,
                    "Plan Rows": 3,
                    "Plan Width": 4,
                    "Actual Startup Time": 0.015,
                    "Actual Total Time": 0.015,
                    "Actual Rows": 2,
                    "Actual Loops": 733,
                    "Index Cond": "(movie_id = mk.movie_id)",
                    "Rows Removed by Index Recheck": 0,
                    "Heap Fetches": 1443
                  }
                ]
              }
            ]
          }
        ]
      }
    ]
  },
  "Planning Time": 1.12,
  "Triggers": [],
  "Execution Time": 241.632
}