[
  {
    "Plan": {
      "Node Type": "Aggregate",
      "Strategy": "Plain",
      "Partial Mode": "Finalize",
      "Parallel Aware": false,
      "Startup Cost": 92120.62,
      "Total Cost": 92120.63,
      "Plan Rows": 1,
      "Plan Width": 8,
      "Actual Startup Time": 266.534,
      "Actual Total Time": 282.326,
      "Actual Rows": 1,
      "Actual Loops": 1,
      "Plans": [
        {
          "Node Type": "Gather",
          "Parent Relationship": "Outer",
          "Parallel Aware": false,
          "Startup Cost": 92120.3,
          "Total Cost": 92120.61,
          "Plan Rows": 3,
          "Plan Width": 8,
          "Actual Startup Time": 265.729,
          "Actual Total Time": 282.316,
          "Actual Rows": 4,
          "Actual Loops": 1,
          "Workers Planned": 3,
          "Workers Launched": 3,
          "Single Copy": false,
          "Plans": [
            {
              "Node Type": "Aggregate",
              "Strategy": "Plain",
              "Partial Mode": "Partial",
              "Parent Relationship": "Outer",
              "Parallel Aware": false,
              "Startup Cost": 91120.3,
              "Total Cost": 91120.31,
              "Plan Rows": 1,
              "Plan Width": 8,
              "Actual Startup Time": 261.224,
              "Actual Total Time": 261.228,
              "Actual Rows": 1,
              "Actual Loops": 4,
              "Plans": [
                {
                  "Node Type": "Hash Join",
                  "Parent Relationship": "Outer",
                  "Parallel Aware": true,
                  "Join Type": "Inner",
                  "Startup Cost": 46427.34,
                  "Total Cost": 90915.43,
                  "Plan Rows": 81951,
                  "Plan Width": 0,
                  "Actual Startup Time": 109.233,
                  "Actual Total Time": 260.785,
                  "Actual Rows": 10357,
                  "Actual Loops": 4,
                  "Inner Unique": true,
                  "Hash Cond": "(mk.movie_id = t.id)",
                  "Plans": [
                    {
                      "Node Type": "Seq Scan",
                      "Parent Relationship": "Outer",
                      "Parallel Aware": true,
                      "Relation Name": "movie_keyword",
                      "Alias": "mk",
                      "Startup Cost": 0.0,
                      "Total Cost": 42695.65,
                      "Plan Rows": 682833,
                      "Plan Width": 4,
                      "Actual Startup Time": 0.029,
                      "Actual Total Time": 101.879,
                      "Actual Rows": 529915,
                      "Actual Loops": 4,
                      "Filter": "(keyword_id < 3882)",
                      "Rows Removed by Filter": 601068
                    },
                    {
                      "Node Type": "Hash",
                      "Parent Relationship": "Inner",
                      "Parallel Aware": true,
                      "Startup Cost": 45479.1,
                      "Total Cost": 45479.1,
                      "Plan Rows": 75859,
                      "Plan Width": 4,
                      "Actual Startup Time": 106.782,
                      "Actual Total Time": 106.783,
                      "Actual Rows": 50440,
                      "Actual Loops": 4,
                      "Hash Buckets": 524288,
                      "Original Hash Buckets": 524288,
                      "Hash Batches": 1,
                      "Original Hash Batches": 1,
                      "Peak Memory Usage": 12032,
                      "Plans": [
                        {
                          "Node Type": "Seq Scan",
                          "Parent Relationship": "Outer",
                          "Parallel Aware": true,
                          "Relation Name": "title",
                          "Alias": "t",
                          "Startup Cost": 0.0,
                          "Total Cost": 45479.1,
                          "Plan Rows": 75859,
                          "Plan Width": 4,
                          "Actual Startup Time": 0.054,
                          "Actual Total Time": 87.723,
                          "Actual Rows": 50440,
                          "Actual Loops": 4,
                          "Filter": "((production_year < 1980) AND (kind_id = 7))",
                          "Rows Removed by Filter": 581638
                        }
                      ]
                    }
                  ]
                }
              ]
            }
          ]
        }
      ]
    },
    "Planning Time": 0.291,
    "Triggers": [],
    "Execution Time": 282.367
  }
]