[
  {
    "Plan": {
      "Node Type": "Aggregate",
      "Strategy": "Plain",
      "Partial Mode": "Finalize",
      "Parallel Aware": false,
      "Startup Cost": 286424.5,
      "Total Cost": 286424.51,
      "Plan Rows": 1,
      "Plan Width": 8,
      "Actual Startup Time": 1388.016,
      "Actual Total Time": 1431.148,
      "Actual Rows": 1,
      "Actual Loops": 1,
      "Plans": [
        {
          "Node Type": "Gather",
          "Parent Relationship": "Outer",
          "Parallel Aware": false,
          "Startup Cost": 286423.98,
          "Total Cost": 286424.49,
          "Plan Rows": 5,
          "Plan Width": 8,
          "Actual Startup Time": 1380.451,
          "Actual Total Time": 1431.121,
          "Actual Rows": 6,
          "Actual Loops": 1,
          "Workers Planned": 5,
          "Workers Launched": 5,
          "Single Copy": false,
          "Plans": [
            {
              "Node Type": "Aggregate",
              "Strategy": "Plain",
              "Partial Mode": "Partial",
              "Parent Relationship": "Outer",
              "Parallel Aware": false,
              "Startup Cost": 285423.98,
              "Total Cost": 285423.99,
              "Plan Rows": 1,
              "Plan Width": 8,
              "Actual Startup Time": 1370.171,
              "Actual Total Time": 1370.387,
              "Actual Rows": 1,
              "Actual Loops": 6,
              "Plans": [
                {
                  "Node Type": "Hash Join",
                  "Parent Relationship": "Outer",
                  "Parallel Aware": true,
                  "Join Type": "Inner",
                  "Startup Cost": 80766.14,
                  "Total Cost": 284546.48,
                  "Plan Rows": 351000,
                  "Plan Width": 0,
                  "Actual Startup Time": 347.013,
                  "Actual Total Time": 1238.69,
                  "Actual Rows": 3327543,
                  "Actual Loops": 6,
                  "Inner Unique": false,
                  "Hash Cond": "(mi.movie_id = t.id)",
                  "Plans": [
                    {
                      "Node Type": "Seq Scan",
                      "Parent Relationship": "Outer",
                      "Parallel Aware": true,
                      "Relation Name": "movie_info",
                      "Alias": "mi",
                      "Startup Cost": 0.0,
                      "Total Cost": 191560.33,
                      "Plan Rows": 2956733,
                      "Plan Width": 4,
                      "Actual Startup Time": 0.036,
                      "Actual Total Time": 296.293,
                      "Actual Rows": 2472620,
                      "Actual Loops": 6
                    },
                    {
                      "Node Type": "Hash",
                      "Parent Relationship": "Inner",
                      "Parallel Aware": true,
                      "Startup Cost": 79555.91,
                      "Total Cost": 79555.91,
                      "Plan Rows": 96819,
                      "Plan Width": 8,
                      "Actual Startup Time": 343.223,
                      "Actual Total Time": 343.437,
                      "Actual Rows": 87874,
                      "Actual Loops": 6,
                      "Hash Buckets": 1048576,
                      "Original Hash Buckets": 524288,
                      "Hash Batches": 1,
                      "Original Hash Batches": 1,
                      "Peak Memory Usage": 33024,
                      "Plans": [
                        {
                          "Node Type": "Hash Join",
                          "Parent Relationship": "Outer",
                          "Parallel Aware": true,
                          "Join Type": "Inner",
                          "Startup Cost": 47598.29,
                          "Total Cost": 79555.91,
                          "Plan Rows": 96819,
                          "Plan Width": 8,
                          "Actual Startup Time": 187.873,
                          "Actual Total Time": 277.948,
                          "Actual Rows": 87874,
                          "Actual Loops": 6,
                          "Inner Unique": true,
                          "Hash Cond": "(mc.movie_id = t.id)",
                          "Plans": [
                            {
                              "Node Type": "Seq Scan",
                              "Parent Relationship": "Outer",
                              "Parallel Aware": true,
                              "Relation Name": "movie_companies",
                              "Alias": "mc",
                              "Startup Cost": 0.0,
                              "Total Cost": 31414.82,
                              "Plan Rows": 206780,
                              "Plan Width": 4,
                              "Actual Startup Time": 0.027,
                              "Actual Total Time": 46.81,
                              "Actual Rows": 145270,
                              "Actual Loops": 6,
                              "Filter": "((company_id < 11272) AND (company_type_id < 2))",
                              "Rows Removed by Filter": 289585
                            },
                            {
                              "Node Type": "Hash",
                              "Parent Relationship": "Inner",
                              "Parallel Aware": true,
                              "Startup Cost": 43898.92,
                              "Total Cost": 43898.92,
                              "Plan Rows": 295950,
                              "Plan Width": 4,
                              "Actual Startup Time": 183.962,
                              "Actual Total Time": 183.963,
                              "Actual Rows": 199320,
                              "Actual Loops": 6,
                              "Hash Buckets": 2097152,
                              "Original Hash Buckets": 2097152,
                              "Hash Batches": 1,
                              "Original Hash Batches": 1,
                              "Peak Memory Usage": 63264,
                              "Plans": [
                                {
                                  "Node Type": "Seq Scan",
                                  "Parent Relationship": "Outer",
                                  "Parallel Aware": true,
                                  "Relation Name": "title",
                                  "Alias": "t",
                                  "Startup Cost": 0.0,
                                  "Total Cost": 43898.92,
                                  "Plan Rows": 295950,
                                  "Plan Width": 4,
                                  "Actual Startup Time": 0.046,
                                  "Actual Total Time": 84.482,
                                  "Actual Rows": 199320,
                                  "Actual Loops": 6,
                                  "Filter": "(production_year < 2003)",
                                  "Rows Removed by Filter": 222065
                                }
                              ]
                            }
                          ]
                        }
                      ]
                    }
                  ]
                }
              ]
            }
          ]
        }
      ]
    },
    "Planning Time": 1.495,
    "Triggers": [],
    "Execution Time": 1431.241
  }
]