[
  {
    "Plan": {
      "Node Type": "Aggregate",
      "Strategy": "Plain",
      "Partial Mode": "Finalize",
      "Parallel Aware": false,
      "Startup Cost": 43500.83,
      "Total Cost": 43500.84,
      "Plan Rows": 1,
      "Plan Width": 8,
      "Actual Startup Time": 36.112,
      "Actual Total Time": 43.669,
      "Actual Rows": 1,
      "Actual Loops": 1,
      "Plans": [
        {
          "Node Type": "Gather",
          "Parent Relationship": "Outer",
          "Parallel Aware": false,
          "Startup Cost": 43500.51,
          "Total Cost": 43500.82,
          "Plan Rows": 3,
          "Plan Width": 8,
          "Actual Startup Time": 35.999,
          "Actual Total Time": 43.664,
          "Actual Rows": 4,
          "Actual Loops": 1,
          "Workers Planned": 3,
          "Workers Launched": 3,
          "Single Copy": false,
          "Plans": [
            {
              "Node Type": "Aggregate",
              "Strategy": "Plain",
              "Partial Mode": "Partial",
              "Parent Relationship": "Outer",
              "Parallel Aware": false,
              "Startup Cost": 42500.51,
              "Total Cost": 42500.52,
              "Plan Rows": 1,
              "Plan Width": 8,
              "Actual Startup Time": 32.513,
              "Actual Total Time": 32.514,
              "Actual Rows": 1,
              "Actual Loops": 4,
              "Plans": [
                {
                  "Node Type": "Nested Loop",
                  "Parent Relationship": "Outer",
                  "Parallel Aware": false,
                  "Join Type": "Inner",
                  "Startup Cost": 235.65,
                  "Total Cost": 42492.16,
                  "Plan Rows": 3341,
                  "Plan Width": 0,
                  "Actual Startup Time": 1.44,
                  "Actual Total Time": 31.689,
                  "Actual Rows": 14458,
                  "Actual Loops": 4,
                  "Inner Unique": false,
                  "Plans": [
                    {
                      "Node Type": "Bitmap Heap Scan",
                      "Parent Relationship": "Outer",
                      "Parallel Aware": true,
                      "Relation Name": "title",
                      "Alias": "t",
                      "Startup Cost": 235.22,
                      "Total Cost": 26051.54,
                      "Plan Rows": 1867,
                      "Plan Width": 4,
                      "Actual Startup Time": 1.343,
                      "Actual Total Time": 11.933,
                      "Actual Rows": 1890,
                      "Actual Loops": 4,
                      "Recheck Cond": "(kind_id = 6)",
                      "Rows Removed by Index Recheck": 0,
                      "Filter": "(production_year < 2002)",
                      "Rows Removed by Filter": 1260,
                      "Exact Heap Blocks": 3487,
                      "Lossy Heap Blocks": 0,
                      "Plans": [
                        {
                          "Node Type": "Bitmap Index Scan",
                          "Parent Relationship": "Outer",
                          "Parallel Aware": false,
                          "Index Name": "kind_id_title",
                          "Startup Cost": 0.0,
                          "Total Cost": 233.77,
                          "Plan Rows": 12979,
                          "Plan Width": 0,
                          "Actual Startup Time": 2.724,
                          "Actual Total Time": 2.724,
                          "Actual Rows": 12600,
                          "Actual Loops": 1,
                          "Index Cond": "(kind_id = 6)"
                        }
                      ]
                    },
                    {
                      "Node Type": "Index Only Scan",
                      "Parent Relationship": "Inner",
                      "Parallel Aware": false,
                      "Scan Direction": "Forward",
                      "Index Name": "movie_id_movie_keyword",
                      "Relation Name": "movie_keyword",
                      "Alias": "mk",
                      "Startup Cost": 0.43,
                      "Total Cost": 8.35,
                      "Plan Rows": 46,
                      "Plan Width": 4,
                      "Actual Startup Time": 0.008,
                      "Actual Total Time": 0.009,
                      "Actual Rows": 8,
                      "Actual Loops": 7561,
                      "Index Cond": "(movie_id = t.id)",
                      "Rows Removed by Index Recheck": 0,
                      "Heap Fetches": 57834
                    }
                  ]
                }
              ]
            }
          ]
        }
      ]
    },
    "Planning Time": 0.234,
    "Triggers": [],
    "Execution Time": 43.705
  }
]