[
  {
    "Plan": {
      "Node Type": "Aggregate",
      "Strategy": "Plain",
      "Partial Mode": "Finalize",
      "Parallel Aware": false,
      "Startup Cost": 80727.35,
      "Total Cost": 80727.36,
      "Plan Rows": 1,
      "Plan Width": 8,
      "Actual Startup Time": 233.788,
      "Actual Total Time": 252.112,
      "Actual Rows": 1,
      "Actual Loops": 1,
      "Plans": [
        {
          "Node Type": "Gather",
          "Parent Relationship": "Outer",
          "Parallel Aware": false,
          "Startup Cost": 80726.93,
          "Total Cost": 80727.34,
          "Plan Rows": 4,
          "Plan Width": 8,
          "Actual Startup Time": 231.567,
          "Actual Total Time": 252.105,
          "Actual Rows": 5,
          "Actual Loops": 1,
          "Workers Planned": 4,
          "Workers Launched": 4,
          "Single Copy": false,
          "Plans": [
            {
              "Node Type": "Aggregate",
              "Strategy": "Plain",
              "Partial Mode": "Partial",
              "Parent Relationship": "Outer",
              "Parallel Aware": false,
              "Startup Cost": 79726.93,
              "Total Cost": 79726.94,
              "Plan Rows": 1,
              "Plan Width": 8,
              "Actual Startup Time": 222.208,
              "Actual Total Time": 222.21,
              "Actual Rows": 1,
              "Actual Loops": 5,
              "Plans": [
                {
                  "Node Type": "Hash Join",
                  "Parent Relationship": "Outer",
                  "Parallel Aware": true,
                  "Join Type": "Inner",
                  "Startup Cost": 33064.67,
                  "Total Cost": 79538.29,
                  "Plan Rows": 75457,
                  "Plan Width": 0,
                  "Actual Startup Time": 85.499,
                  "Actual Total Time": 220.339,
                  "Actual Rows": 39073,
                  "Actual Loops": 5,
                  "Inner Unique": false,
                  "Hash Cond": "(t.id = mc.movie_id)",
                  "Plans": [
                    {
                      "Node Type": "Seq Scan",
                      "Parent Relationship": "Outer",
                      "Parallel Aware": true,
                      "Relation Name": "title",
                      "Alias": "t",
                      "Startup Cost": 0.0,
                      "Total Cost": 43898.92,
                      "Plan Rows": 466259,
                      "Plan Width": 4,
                      "Actual Startup Time": 0.011,
                      "Actual Total Time": 75.656,
                      "Actual Rows": 373097,
                      "Actual Loops": 5,
                      "Filter": "(kind_id > 1)",
                      "Rows Removed by Filter": 132565
                    },
                    {
                      "Node Type": "Hash",
                      "Parent Relationship": "Inner",
                      "Parallel Aware": true,
                      "Startup Cost": 31414.82,
                      "Total Cost": 31414.82,
                      "Plan Rows": 131988,
                      "Plan Width": 4,
                      "Actual Startup Time": 82.483,
                      "Actual Total Time": 82.484,
                      "Actual Rows": 46478,
                      "Actual Loops": 5,
                      "Hash Buckets": 524288,
                      "Original Hash Buckets": 524288,
                      "Hash Batches": 1,
                      "Original Hash Batches": 1,
                      "Peak Memory Usage": 13248,
                      "Plans": [
                        {
                          "Node Type": "Seq Scan",
                          "Parent Relationship": "Outer",
                          "Parallel Aware": true,
                          "Relation Name": "movie_companies",
                          "Alias": "mc",
                          "Startup Cost": 0.0,
                          "Total Cost": 31414.82,
                          "Plan Rows": 131988,
                          "Plan Width": 4,
                          "Actual Startup Time": 42.527,
                          "Actual Total Time": 66.837,
                          "Actual Rows": 46478,
                          "Actual Loops": 5,
                          "Filter": "((company_id < 1748) AND (company_type_id > 1))",
                          "Rows Removed by Filter": 475347
                        }
                      ]
                    }
                  ]
                }
              ]
            }
          ]
        }
      ]
    },
    "Planning Time": 0.681,
    "Triggers": [],
    "Execution Time": 252.184
  }
]