[
  {
    "Plan": {
      "Node Type": "Aggregate",
      "Strategy": "Plain",
      "Partial Mode": "Finalize",
      "Parallel Aware": false,
      "Startup Cost": 592622.73,
      "Total Cost": 592622.74,
      "Plan Rows": 1,
      "Plan Width": 8,
      "Actual Startup Time": 1766.415,
      "Actual Total Time": 1818.482,
      "Actual Rows": 1,
      "Actual Loops": 1,
      "Plans": [
        {
          "Node Type": "Gather",
          "Parent Relationship": "Outer",
          "Parallel Aware": false,
          "Startup Cost": 592622.2,
          "Total Cost": 592622.71,
          "Plan Rows": 5,
          "Plan Width": 8,
          "Actual Startup Time": 1747.596,
          "Actual Total Time": 1818.457,
          "Actual Rows": 6,
          "Actual Loops": 1,
          "Workers Planned": 5,
          "Workers Launched": 5,
          "Single Copy": false,
          "Plans": [
            {
              "Node Type": "Aggregate",
              "Strategy": "Plain",
              "Partial Mode": "Partial",
              "Parent Relationship": "Outer",
              "Parallel Aware": false,
              "Startup Cost": 591622.2,
              "Total Cost": 591622.21,
              "Plan Rows": 1,
              "Plan Width": 8,
              "Actual Startup Time": 1738.711,
              "Actual Total Time": 1739.063,
              "Actual Rows": 1,
              "Actual Loops": 6,
              "Plans": [
                {
                  "Node Type": "Hash Join",
                  "Parent Relationship": "Outer",
                  "Parallel Aware": true,
                  "Join Type": "Inner",
                  "Startup Cost": 381289.68,
                  "Total Cost": 588877.85,
                  "Plan Rows": 1097741,
                  "Plan Width": 0,
                  "Actual Startup Time": 793.772,
                  "Actual Total Time": 1663.683,
                  "Actual Rows": 1612626,
                  "Actual Loops": 6,
                  "Inner Unique": false,
                  "Hash Cond": "(mi.movie_id = t.id)",
                  "Plans": [
                    {
                      "Node Type": "Seq Scan",
                      "Parent Relationship": "Outer",
                      "Parallel Aware": true,
                      "Relation Name": "movie_info",
                      "Alias": "mi",
                      "Startup Cost": 0.0,
                      "Total Cost": 199108.24,
                      "Plan Rows": 1773429,
                      "Plan Width": 4,
                      "Actual Startup Time": 16.191,
                      "Actual Total Time": 348.554,
                      "Actual Rows": 1491793,
                      "Actual Loops": 6,
                      "Filter": "(info_type_id > 6)",
                      "Rows Removed by Filter": 980827
                    },
                    {
                      "Node Type": "Hash",
                      "Parent Relationship": "Inner",
                      "Parallel Aware": true,
                      "Startup Cost": 378029.1,
                      "Total Cost": 378029.1,
                      "Plan Rows": 260846,
                      "Plan Width": 8,
                      "Actual Startup Time": 774.139,
                      "Actual Total Time": 774.489,
                      "Actual Rows": 329532,
                      "Actual Loops": 6,
                      "Hash Buckets": 2097152,
                      "Original Hash Buckets": 2097152,
                      "Hash Batches": 1,
                      "Original Hash Batches": 1,
                      "Peak Memory Usage": 93792,
                      "Plans": [
                        {
                          "Node Type": "Hash Join",
                          "Parent Relationship": "Outer",
                          "Parallel Aware": true,
                          "Join Type": "Inner",
                          "Startup Cost": 117568.72,
                          "Total Cost": 378029.1,
                          "Plan Rows": 260846,
                          "Plan Width": 8,
                          "Actual Startup Time": 315.5,
                          "Actual Total Time": 636.643,
                          "Actual Rows": 329532,
                          "Actual Loops": 6,
                          "Inner Unique": true,
                          "Hash Cond": "(ci.movie_id = t.id)",
                          "Plans": [
                            {
                              "Node Type": "Bitmap Heap Scan",
                              "Parent Relationship": "Outer",
                              "Parallel Aware": true,
                              "Relation Name": "cast_info",
                              "Alias": "ci",
                              "Startup Cost": 68078.91,
                              "Total Cost": 327190.19,
                              "Plan Rows": 513943,
                              "Plan Width": 4,
                              "Actual Startup Time": 117.731,
                              "Actual Total Time": 231.621,
                              "Actual Rows": 503642,
                              "Actual Loops": 6,
                              "Recheck Cond": "(person_id > 3501766)",
                              "Rows Removed by Index Recheck": 0,
                              "Exact Heap Blocks": 8839,
                              "Lossy Heap Blocks": 0,
                              "Plans": [
                                {
                                  "Node Type": "Bitmap Index Scan",
                                  "Parent Relationship": "Outer",
                                  "Parallel Aware": false,
                                  "Index Name": "person_id_cast_info",
                                  "Startup Cost": 0.0,
                                  "Total Cost": 67307.99,
                                  "Plan Rows": 3083657,
                                  "Plan Width": 0,
                                  "Actual Startup Time": 110.849,
                                  "Actual Total Time": 110.85,
                                  "Actual Rows": 3021851,
                                  "Actual Loops": 1,
                                  "Index Cond": "(person_id > 3501766)"
                                }
                              ]
                            },
                            {
                              "Node Type": "Hash",
                              "Parent Relationship": "Inner",
                              "Parallel Aware": true,
                              "Startup Cost": 45479.59,
                              "Total Cost": 45479.59,
                              "Plan Rows": 320818,
                              "Plan Width": 4,
                              "Actual Startup Time": 195.253,
                              "Actual Total Time": 195.254,
                              "Actual Rows": 232492,
                              "Actual Loops": 6,
                              "Hash Buckets": 2097152,
                              "Original Hash Buckets": 2097152,
                              "Hash Batches": 1,
                              "Original Hash Batches": 1,
                              "Peak Memory Usage": 71072,
                              "Plans": [
                                {
                                  "Node Type": "Seq Scan",
                                  "Parent Relationship": "Outer",
                                  "Parallel Aware": true,
                                  "Relation Name": "title",
                                  "Alias": "t",
                                  "Startup Cost": 0.0,
                                  "Total Cost": 45479.59,
                                  "Plan Rows": 320818,
                                  "Plan Width": 4,
                                  "Actual Startup Time": 0.046,
                                  "Actual Total Time": 89.123,
                                  "Actual Rows": 232492,
                                  "Actual Loops": 6,
                                  "Filter": "((kind_id > 1) AND (production_year > 1991))",
                                  "Rows Removed by Filter": 188893
                                }
                              ]
                            }
                          ]
                        }
                      ]
                    }
                  ]
                }
              ]
            }
          ]
        }
      ]
    },
    "Planning Time": 0.476,
    "Triggers": [],
    "Execution Time": 1818.543
  }
]