[
  {
    "Plan": {
      "Node Type": "Aggregate",
      "Strategy": "Plain",
      "Partial Mode": "Finalize",
      "Parallel Aware": false,
      "Startup Cost": 43838.38,
      "Total Cost": 43838.39,
      "Plan Rows": 1,
      "Plan Width": 8,
      "Actual Startup Time": 318.932,
      "Actual Total Time": 375.69,
      "Actual Rows": 1,
      "Actual Loops": 1,
      "Plans": [
        {
          "Node Type": "Gather",
          "Parent Relationship": "Outer",
          "Parallel Aware": false,
          "Startup Cost": 43838.16,
          "Total Cost": 43838.37,
          "Plan Rows": 2,
          "Plan Width": 8,
          "Actual Startup Time": 318.6,
          "Actual Total Time": 375.681,
          "Actual Rows": 3,
          "Actual Loops": 1,
          "Workers Planned": 2,
          "Workers Launched": 2,
          "Single Copy": false,
          "Plans": [
            {
              "Node Type": "Aggregate",
              "Strategy": "Plain",
              "Partial Mode": "Partial",
              "Parent Relationship": "Outer",
              "Parallel Aware": false,
              "Startup Cost": 42838.16,
              "Total Cost": 42838.17,
              "Plan Rows": 1,
              "Plan Width": 8,
              "Actual Startup Time": 310.247,
              "Actual Total Time": 310.249,
              "Actual Rows": 1,
              "Actual Loops": 3,
              "Plans": [
                {
                  "Node Type": "Nested Loop",
                  "Parent Relationship": "Outer",
                  "Parallel Aware": false,
                  "Join Type": "Inner",
                  "Startup Cost": 152.35,
                  "Total Cost": 42746.05,
                  "Plan Rows": 36844,
                  "Plan Width": 0,
                  "Actual Startup Time": 3.222,
                  "Actual Total Time": 304.557,
                  "Actual Rows": 85706,
                  "Actual Loops": 3,
                  "Inner Unique": false,
                  "Plans": [
                    {
                      "Node Type": "Nested Loop",
                      "Parent Relationship": "Outer",
                      "Parallel Aware": false,
                      "Join Type": "Inner",
                      "Startup Cost": 151.79,
                      "Total Cost": 36159.1,
                      "Plan Rows": 2953,
                      "Plan Width": 8,
                      "Actual Startup Time": 3.053,
                      "Actual Total Time": 32.353,
                      "Actual Rows": 2568,
                      "Actual Loops": 3,
                      "Inner Unique": true,
                      "Plans": [
                        {
                          "Node Type": "Bitmap Heap Scan",
                          "Parent Relationship": "Outer",
                          "Parallel Aware": true,
                          "Relation Name": "movie_keyword",
                          "Alias": "mk",
                          "Startup Cost": 151.36,
                          "Total Cost": 15607.09,
                          "Plan Rows": 2953,
                          "Plan Width": 4,
                          "Actual Startup Time": 2.899,
                          "Actual Total Time": 12.056,
                          "Actual Rows": 2568,
                          "Actual Loops": 3,
                          "Recheck Cond": "(keyword_id = 797)",
                          "Rows Removed by Index Recheck": 0,
                          "Exact Heap Blocks": 3487,
                          "Lossy Heap Blocks": 0,
                          "Plans": [
                            {
                              "Node Type": "Bitmap Index Scan",
                              "Parent Relationship": "Outer",
                              "Parallel Aware": false,
                              "Index Name": "keyword_id_movie_keyword",
                              "Startup Cost": 0.0,
                              "Total Cost": 149.59,
                              "Plan Rows": 7087,
                              "Plan Width": 0,
                              "Actual Startup Time": 5.31,
                              "Actual Total Time": 5.311,
                              "Actual Rows": 7704,
                              "Actual Loops": 1,
                              "Index Cond": "(keyword_id = 797)"
                            }
                          ]
                        },
                        {
                          "Node Type": "Index Only Scan",
                          "Parent Relationship": "Inner",
                          "Parallel Aware": false,
                          "Scan Direction": "Forward",
                          "Index Name": "title_pkey",
                          "Relation Name": "title",
                          "Alias": "t",
                          "Startup Cost": 0.43,
                          "Total Cost": 6.96,
                          "Plan Rows": 1,
                          "Plan Width": 4,
                          "Actual Startup Time": 0.007,
                          "Actual Total Time": 0.007,
                          "Actual Rows": 1,
                          "Actual Loops": 7704,
                          "Index Cond": "(id = mk.movie_id)",
                          "Rows Removed by Index Recheck": 0,
                          "Heap Fetches": 7704
                        }
                      ]
                    },
                    {
                      "Node Type": "Index Scan",
                      "Parent Relationship": "Inner",
                      "Parallel Aware": false,
                      "Scan Direction": "Forward",
                      "Index Name": "movie_id_cast_info",
                      "Relation Name": "cast_info",
                      "Alias": "ci",
                      "Startup Cost": 0.56,
                      "Total Cost": 1.91,
                      "Plan Rows": 32,
                      "Plan Width": 4,
                      "Actual Startup Time": 0.01,
                      "Actual Total Time": 0.103,
                      "Actual Rows": 33,
                      "Actual Loops": 7704,
                      "Index Cond": "(movie_id = t.id)",
                      "Rows Removed by Index Recheck": 0,
                      "Filter": "(role_id < 10)",
                      "Rows Removed by Filter": 14
                    }
                  ]
                }
              ]
            }
          ]
        }
      ]
    },
    "Planning Time": 1.265,
    "Triggers": [],
    "Execution Time": 375.804
  }
]