{
    "Plan": {
        "Node Type": "Aggregate",
        "Strategy": "Plain",
        "Partial Mode": "Finalize",
        "Parallel Aware": false,
        "Startup Cost": 40567.7,
        "Total Cost": 40567.71,
        "Plan Rows": 1,
        "Plan Width": 8,
        "Actual Startup Time": 212.882,
        "Actual Total Time": 228.645,
        "Actual Rows": 1,
        "Actual Loops": 1,
        "Output": [
            "count(*)"
        ],
        "Plans": [
            {
                "Node Type": "Gather",
                "Parent Relationship": "Outer",
                "Parallel Aware": false,
                "Startup Cost": 40567.38,
                "Total Cost": 40567.69,
                "Plan Rows": 3,
                "Plan Width": 8,
                "Actual Startup Time": 212.502,
                "Actual Total Time": 228.637,
                "Actual Rows": 4,
                "Actual Loops": 1,
                "Output": [
                    "(PARTIAL count(*))"
                ],
                "Workers Planned": 3,
                "Workers Launched": 3,
                "Single Copy": false,
                "Plans": [
                    {
                        "Node Type": "Aggregate",
                        "Strategy": "Plain",
                        "Partial Mode": "Partial",
                        "Parent Relationship": "Outer",
                        "Parallel Aware": false,
                        "Startup Cost": 39567.38,
                        "Total Cost": 39567.39,
                        "Plan Rows": 1,
                        "Plan Width": 8,
                        "Actual Startup Time": 203.314,
                        "Actual Total Time": 203.316,
                        "Actual Rows": 1,
                        "Actual Loops": 4,
                        "Output": [
                            "PARTIAL count(*)"
                        ],
                        "Workers": [
                            {
                                "Worker Number": 0,
                                "Actual Startup Time": 200.093,
                                "Actual Total Time": 200.095,
                                "Actual Rows": 1,
                                "Actual Loops": 1
                            },
                            {
                                "Worker Number": 1,
                                "Actual Startup Time": 200.384,
                                "Actual Total Time": 200.386,
                                "Actual Rows": 1,
                                "Actual Loops": 1
                            },
                            {
                                "Worker Number": 2,
                                "Actual Startup Time": 200.96,
                                "Actual Total Time": 200.961,
                                "Actual Rows": 1,
                                "Actual Loops": 1
                            }
                        ],
                        "Plans": [
                            {
                                "Node Type": "Nested Loop",
                                "Parent Relationship": "Outer",
                                "Parallel Aware": false,
                                "Join Type": "Inner",
                                "Startup Cost": 0.99,
                                "Total Cost": 39554.06,
                                "Plan Rows": 5330,
                                "Plan Width": 0,
                                "Actual Startup Time": 0.255,
                                "Actual Total Time": 199.884,
                                "Actual Rows": 44252,
                                "Actual Loops": 4,
                                "Inner Unique": true,
                                "Workers": [
                                    {
                                        "Worker Number": 0,
                                        "Actual Startup Time": 0.285,
                                        "Actual Total Time": 197.022,
                                        "Actual Rows": 36081,
                                        "Actual Loops": 1
                                    },
                                    {
                                        "Worker Number": 1,
                                        "Actual Startup Time": 0.321,
                                        "Actual Total Time": 196.47,
                                        "Actual Rows": 32309,
                                        "Actual Loops": 1
                                    },
                                    {
                                        "Worker Number": 2,
                                        "Actual Startup Time": 0.333,
                                        "Actual Total Time": 197.78,
                                        "Actual Rows": 47506,
                                        "Actual Loops": 1
                                    }
                                ],
                                "Plans": [
                                    {
                                        "Node Type": "Index Scan",
                                        "Parent Relationship": "Outer",
                                        "Parallel Aware": true,
                                        "Scan Direction": "Forward",
                                        "Index Name": "role_id_cast_info",
                                        "Relation Name": "cast_info",
                                        "Schema": "public",
                                        "Alias": "ci",
                                        "Startup Cost": 0.56,
                                        "Total Cost": 8709.53,
                                        "Plan Rows": 5330,
                                        "Plan Width": 4,
                                        "Actual Startup Time": 0.097,
                                        "Actual Total Time": 15.997,
                                        "Actual Rows": 44252,
                                        "Actual Loops": 4,
                                        "Output": [
                                            "ci.id",
                                            "ci.person_id",
                                            "ci.movie_id",
                                            "ci.person_role_id",
                                            "ci.note",
                                            "ci.nr_order",
                                            "ci.role_id"
                                        ],
                                        "Index Cond": "(ci.role_id = 11)",
                                        "Rows Removed by Index Recheck": 0,
                                        "Filter": "(ci.person_id > 3653467)",
                                        "Rows Removed by Filter": 34778,
                                        "Workers": [
                                            {
                                                "Worker Number": 0,
                                                "Actual Startup Time": 0.096,
                                                "Actual Total Time": 13.607,
                                                "Actual Rows": 36081,
                                                "Actual Loops": 1
                                            },
                                            {
                                                "Worker Number": 1,
                                                "Actual Startup Time": 0.079,
                                                "Actual Total Time": 15.361,
                                                "Actual Rows": 32309,
                                                "Actual Loops": 1
                                            },
                                            {
                                                "Worker Number": 2,
                                                "Actual Startup Time": 0.159,
                                                "Actual Total Time": 15.367,
                                                "Actual Rows": 47506,
                                                "Actual Loops": 1
                                            }
                                        ]
                                    },
                                    {
                                        "Node Type": "Index Only Scan",
                                        "Parent Relationship": "Inner",
                                        "Parallel Aware": false,
                                        "Scan Direction": "Forward",
                                        "Index Name": "title_pkey",
                                        "Relation Name": "title",
                                        "Schema": "public",
                                        "Alias": "t",
                                        "Startup Cost": 0.43,
                                        "Total Cost": 5.79,
                                        "Plan Rows": 1,
                                        "Plan Width": 4,
                                        "Actual Startup Time": 0.004,
                                        "Actual Total Time": 0.004,
                                        "Actual Rows": 1,
                                        "Actual Loops": 177008,
                                        "Output": [
                                            "t.id"
                                        ],
                                        "Index Cond": "(t.id = ci.movie_id)",
                                        "Rows Removed by Index Recheck": 0,
                                        "Heap Fetches": 177008,
                                        "Workers": [
                                            {
                                                "Worker Number": 0,
                                                "Actual Startup Time": 0.005,
                                                "Actual Total Time": 0.005,
                                                "Actual Rows": 1,
                                                "Actual Loops": 36081
                                            },
                                            {
                                                "Worker Number": 1,
                                                "Actual Startup Time": 0.005,
                                                "Actual Total Time": 0.005,
                                                "Actual Rows": 1,
                                                "Actual Loops": 32309
                                            },
                                            {
                                                "Worker Number": 2,
                                                "Actual Startup Time": 0.004,
                                                "Actual Total Time": 0.004,
                                                "Actual Rows": 1,
                                                "Actual Loops": 47506
                                            }
                                        ]
                                    }
                                ]
                            }
                        ]
                    }
                ]
            }
        ]
    },
    "Planning Time": 0.731,
    "Triggers": [],
    "Execution Time": 228.722
}