[
  {
    "Plan": {
      "Node Type": "Aggregate",
      "Strategy": "Plain",
      "Partial Mode": "Finalize",
      "Parallel Aware": false,
      "Startup Cost": 46485.51,
      "Total Cost": 46485.52,
      "Plan Rows": 1,
      "Plan Width": 8,
      "Actual Startup Time": 91.84,
      "Actual Total Time": 104.523,
      "Actual Rows": 1,
      "Actual Loops": 1,
      "Plans": [
        {
          "Node Type": "Gather",
          "Parent Relationship": "Outer",
          "Parallel Aware": false,
          "Startup Cost": 46485.09,
          "Total Cost": 46485.5,
          "Plan Rows": 4,
          "Plan Width": 8,
          "Actual Startup Time": 91.656,
          "Actual Total Time": 104.513,
          "Actual Rows": 5,
          "Actual Loops": 1,
          "Workers Planned": 4,
          "Workers Launched": 4,
          "Single Copy": false,
          "Plans": [
            {
              "Node Type": "Aggregate",
              "Strategy": "Plain",
              "Partial Mode": "Partial",
              "Parent Relationship": "Outer",
              "Parallel Aware": false,
              "Startup Cost": 45485.09,
              "Total Cost": 45485.1,
              "Plan Rows": 1,
              "Plan Width": 8,
              "Actual Startup Time": 84.821,
              "Actual Total Time": 84.823,
              "Actual Rows": 1,
              "Actual Loops": 5,
              "Plans": [
                {
                  "Node Type": "Seq Scan",
                  "Parent Relationship": "Outer",
                  "Parallel Aware": true,
                  "Relation Name": "title",
                  "Alias": "t",
                  "Startup Cost": 0.0,
                  "Total Cost": 45479.59,
                  "Plan Rows": 2203,
                  "Plan Width": 0,
                  "Actual Startup Time": 56.948,
                  "Actual Total Time": 84.321,
                  "Actual Rows": 7010,
                  "Actual Loops": 5,
                  "Filter": "((production_year < 1912) AND (kind_id = 1))",
                  "Rows Removed by Filter": 498653
                }
              ]
            }
          ]
        }
      ]
    },
    "Planning Time": 0.129,
    "Triggers": [],
    "Execution Time": 104.565
  }
]