[
  {
    "Plan": {
      "Node Type": "Aggregate",
      "Strategy": "Plain",
      "Partial Mode": "Finalize",
      "Parallel Aware": false,
      "Startup Cost": 339503.15,
      "Total Cost": 339503.16,
      "Plan Rows": 1,
      "Plan Width": 8,
      "Actual Startup Time": 774.202,
      "Actual Total Time": 831.33,
      "Actual Rows": 1,
      "Actual Loops": 1,
      "Plans": [
        {
          "Node Type": "Gather",
          "Parent Relationship": "Outer",
          "Parallel Aware": false,
          "Startup Cost": 339502.53,
          "Total Cost": 339503.14,
          "Plan Rows": 6,
          "Plan Width": 8,
          "Actual Startup Time": 774.105,
          "Actual Total Time": 831.319,
          "Actual Rows": 7,
          "Actual Loops": 1,
          "Workers Planned": 6,
          "Workers Launched": 6,
          "Single Copy": false,
          "Plans": [
            {
              "Node Type": "Aggregate",
              "Strategy": "Plain",
              "Partial Mode": "Partial",
              "Parent Relationship": "Outer",
              "Parallel Aware": false,
              "Startup Cost": 338502.53,
              "Total Cost": 338502.54,
              "Plan Rows": 1,
              "Plan Width": 8,
              "Actual Startup Time": 764.079,
              "Actual Total Time": 764.08,
              "Actual Rows": 1,
              "Actual Loops": 7,
              "Plans": [
                {
                  "Node Type": "Seq Scan",
                  "Parent Relationship": "Outer",
                  "Parallel Aware": true,
                  "Relation Name": "cast_info",
                  "Alias": "ci",
                  "Startup Cost": 0.0,
                  "Total Cost": 328162.03,
                  "Plan Rows": 4136200,
                  "Plan Width": 0,
                  "Actual Startup Time": 0.05,
                  "Actual Total Time": 607.869,
                  "Actual Rows": 3558339,
                  "Actual Loops": 7,
                  "Filter": "(person_id < 2566251)",
                  "Rows Removed by Filter": 1619425
                }
              ]
            }
          ]
        }
      ]
    },
    "Planning Time": 0.186,
    "Triggers": [],
    "Execution Time": 831.433
  }
]