[
  {
    "Bao": {
      "Bao prediction": 1649.786,
      "Bao recommended hint": "SET enable_nestloop TO off; SET enable_hashjoin TO off; "
    }
  },
  {
    "Plan": {
      "Node Type": "Aggregate",
      "Strategy": "Plain",
      "Partial Mode": "Simple",
      "Parallel Aware": false,
      "Startup Cost": 1144685.17,
      "Total Cost": 1144685.18,
      "Plan Rows": 1,
      "Plan Width": 64,
      "Actual Startup Time": 7011.779,
      "Actual Total Time": 7012.074,
      "Actual Rows": 1,
      "Actual Loops": 1,
      "Plans": [
        {
          "Node Type": "Merge Join",
          "Parent Relationship": "Outer",
          "Parallel Aware": false,
          "Join Type": "Inner",
          "Startup Cost": 1008119.37,
          "Total Cost": 1144685.16,
          "Plan Rows": 2,
          "Plan Width": 32,
          "Actual Startup Time": 5471.334,
          "Actual Total Time": 7011.716,
          "Actual Rows": 3575,
          "Actual Loops": 1,
          "Inner Unique": false,
          "Merge Cond": "(chn.id = ci.person_role_id)",
          "Plans": [
            {
              "Node Type": "Index Only Scan",
              "Parent Relationship": "Outer",
              "Parallel Aware": false,
              "Scan Direction": "Forward",
              "Index Name": "char_name_pkey",
              "Relation Name": "char_name",
              "Alias": "chn",
              "Startup Cost": 0.43,
              "Total Cost": 128715.58,
              "Plan Rows": 3140252,
              "Plan Width": 4,
              "Actual Startup Time": 0.065,
              "Actual Total Time": 1398.657,
              "Actual Rows": 3133145,
              "Actual Loops": 1,
              "Heap Fetches": 3133145
            },
            {
              "Node Type": "Sort",
              "Parent Relationship": "Inner",
              "Parallel Aware": false,
              "Startup Cost": 1008118.94,
              "Total Cost": 1008118.95,
              "Plan Rows": 2,
              "Plan Width": 36,
              "Actual Startup Time": 5471.141,
              "Actual Total Time": 5471.784,
              "Actual Rows": 3576,
              "Actual Loops": 1,
              "Sort Key": [
                "ci.person_role_id"
              ],
              "Sort Method": "quicksort",
              "Sort Space Used": 449,
              "Sort Space Type": "Memory",
              "Plans": [
                {
                  "Node Type": "Merge Join",
                  "Parent Relationship": "Outer",
                  "Parallel Aware": false,
                  "Join Type": "Inner",
                  "Startup Cost": 888086.68,
                  "Total Cost": 1008118.93,
                  "Plan Rows": 2,
                  "Plan Width": 36,
                  "Actual Startup Time": 4273.208,
                  "Actual Total Time": 5470.162,
                  "Actual Rows": 3744,
                  "Actual Loops": 1,
                  "Inner Unique": false,
                  "Merge Cond": "(t.id = mi.movie_id)",
                  "Plans": [
                    {
                      "Node Type": "Index Scan",
                      "Parent Relationship": "Outer",
                      "Parallel Aware": false,
                      "Scan Direction": "Forward",
                      "Index Name": "title_pkey",
                      "Relation Name": "title",
                      "Alias": "t",
                      "Startup Cost": 0.43,
                      "Total Cost": 116680.33,
                      "Plan Rows": 1389987,
                      "Plan Width": 21,
                      "Actual Startup Time": 0.075,
                      "Actual Total Time": 1159.915,
                      "Actual Rows": 1374459,
                      "Actual Loops": 1,
                      "Filter": "(production_year > 2000)",
                      "Rows Removed by Filter": 1134142
                    },
                    {
                      "Node Type": "Sort",
                      "Parent Relationship": "Inner",
                      "Parallel Aware": false,
                      "Startup Cost": 888083.05,
                      "Total Cost": 888083.06,
                      "Plan Rows": 4,
                      "Plan Width": 31,
                      "Actual Startup Time": 4246.248,
                      "Actual Total Time": 4247.089,
                      "Actual Rows": 4324,
                      "Actual Loops": 1,
                      "Sort Key": [
                        "ci.movie_id"
                      ],
                      "Sort Method": "quicksort",
                      "Sort Space Used": 530,
                      "Sort Space Type": "Memory",
                      "Plans": [
                        {
                          "Node Type": "Merge Join",
                          "Parent Relationship": "Outer",
                          "Parallel Aware": false,
                          "Join Type": "Inner",
                          "Startup Cost": 824181.89,
                          "Total Cost": 888083.01,
                          "Plan Rows": 4,
                          "Plan Width": 31,
                          "Actual Startup Time": 4078.91,
                          "Actual Total Time": 4245.423,
                          "Actual Rows": 4324,
                          "Actual Loops": 1,
                          "Inner Unique": true,
                          "Merge Cond": "(ci.person_id = n.id)",
                          "Plans": [
                            {
                              "Node Type": "Merge Join",
                              "Parent Relationship": "Outer",
                              "Parallel Aware": false,
                              "Join Type": "Inner",
                              "Startup Cost": 750333.24,
                              "Total Cost": 814183.07,
                              "Plan Rows": 1645,
                              "Plan Width": 24,
                              "Actual Startup Time": 3690.974,
                              "Actual Total Time": 4014.039,
                              "Actual Rows": 314348,
                              "Actual Loops": 1,
                              "Inner Unique": false,
                              "Merge Cond": "(an.person_id = ci.person_id)",
                              "Plans": [
                                {
                                  "Node Type": "Index Only Scan",
                                  "Parent Relationship": "Outer",
                                  "Parallel Aware": false,
                                  "Scan Direction": "Forward",
                                  "Index Name": "person_id_aka_name",
                                  "Relation Name": "aka_name",
                                  "Alias": "an",
                                  "Startup Cost": 0.42,
                                  "Total Cost": 72027.93,
                                  "Plan Rows": 901343,
                                  "Plan Width": 4,
                                  "Actual Startup Time": 0.077,
                                  "Actual Total Time": 263.876,
                                  "Actual Rows": 578755,
                                  "Actual Loops": 1,
                                  "Heap Fetches": 578755
                                },
                                {
                                  "Node Type": "Sort",
                                  "Parent Relationship": "Inner",
                                  "Parallel Aware": false,
                                  "Startup Cost": 750332.81,
                                  "Total Cost": 750334.54,
                                  "Plan Rows": 691,
                                  "Plan Width": 20,
                                  "Actual Startup Time": 3656.015,
                                  "Actual Total Time": 3682.196,
                                  "Actual Rows": 381854,
                                  "Actual Loops": 1,
                                  "Sort Key": [
                                    "ci.person_id"
                                  ],
                                  "Sort Method": "quicksort",
                                  "Sort Space Used": 17435,
                                  "Sort Space Type": "Memory",
                                  "Plans": [
                                    {
                                      "Node Type": "Merge Join",
                                      "Parent Relationship": "Outer",
                                      "Parallel Aware": false,
                                      "Join Type": "Inner",
                                      "Startup Cost": 737608.29,
                                      "Total Cost": 750300.22,
                                      "Plan Rows": 691,
                                      "Plan Width": 20,
                                      "Actual Startup Time": 3380.695,
                                      "Actual Total Time": 3621.64,
                                      "Actual Rows": 149331,
                                      "Actual Loops": 1,
                                      "Inner Unique": false,
                                      "Merge Cond": "(cn.id = mc.company_id)",
                                      "Plans": [
                                        {
                                          "Node Type": "Index Scan",
                                          "Parent Relationship": "Outer",
                                          "Parallel Aware": false,
                                          "Scan Direction": "Forward",
                                          "Index Name": "company_name_pkey",
                                          "Relation Name": "company_name",
                                          "Alias": "cn",
                                          "Startup Cost": 0.42,
                                          "Total Cost": 12469.43,
                                          "Plan Rows": 85931,
                                          "Plan Width": 4,
                                          "Actual Startup Time": 0.039,
                                          "Actual Total Time": 153.467,
                                          "Actual Rows": 84843,
                                          "Actual Loops": 1,
                                          "Filter": "((country_code)::text = '[us]'::text)",
                                          "Rows Removed by Filter": 150154
                                        },
                                        {
                                          "Node Type": "Sort",
                                          "Parent Relationship": "Inner",
                                          "Parallel Aware": false,
                                          "Startup Cost": 737607.58,
                                          "Total Cost": 737612.31,
                                          "Plan Rows": 1890,
                                          "Plan Width": 24,
                                          "Actual Startup Time": 3380.651,
                                          "Actual Total Time": 3421.12,
                                          "Actual Rows": 442258,
                                          "Actual Loops": 1,
                                          "Sort Key": [
                                            "mc.company_id"
                                          ],
                                          "Sort Method": "quicksort",
                                          "Sort Space Used": 46840,
                                          "Sort Space Type": "Memory",
                                          "Plans": [
                                            {
                                              "Node Type": "Merge Join",
                                              "Parent Relationship": "Outer",
                                              "Parallel Aware": false,
                                              "Join Type": "Inner",
                                              "Startup Cost": 590151.04,
                                              "Total Cost": 737504.72,
                                              "Plan Rows": 1890,
                                              "Plan Width": 24,
                                              "Actual Startup Time": 1869.985,
                                              "Actual Total Time": 3260.876,
                                              "Actual Rows": 442258,
                                              "Actual Loops": 1,
                                              "Inner Unique": false,
                                              "Merge Cond": "(mi.movie_id = mc.movie_id)",
                                              "Plans": [
                                                {
                                                  "Node Type": "Merge Join",
                                                  "Parent Relationship": "Outer",
                                                  "Parallel Aware": false,
                                                  "Join Type": "Inner",
                                                  "Startup Cost": 590148.75,
                                                  "Total Cost": 590557.28,
                                                  "Plan Rows": 378,
                                                  "Plan Width": 16,
                                                  "Actual Startup Time": 1869.693,
                                                  "Actual Total Time": 2019.934,
                                                  "Actual Rows": 147136,
                                                  "Actual Loops": 1,
                                                  "Inner Unique": false,
                                                  "Merge Cond": "(ci.movie_id = mi.movie_id)",
                                                  "Plans": [
                                                    {
                                                      "Node Type": "Sort",
                                                      "Parent Relationship": "Outer",
                                                      "Parallel Aware": false,
                                                      "Startup Cost": 372117.62,
                                                      "Total Cost": 372307.98,
                                                      "Plan Rows": 76141,
                                                      "Plan Width": 12,
                                                      "Actual Startup Time": 1083.086,
                                                      "Actual Total Time": 1118.648,
                                                      "Actual Rows": 276166,
                                                      "Actual Loops": 1,
                                                      "Sort Key": [
                                                        "ci.movie_id"
                                                      ],
                                                      "Sort Method": "quicksort",
                                                      "Sort Space Used": 25234,
                                                      "Sort Space Type": "Memory",
                                                      "Plans": [
                                                        {
                                                          "Node Type": "Gather",
                                                          "Parent Relationship": "Outer",
                                                          "Parallel Aware": false,
                                                          "Startup Cost": 357441.54,
                                                          "Total Cost": 365943.96,
                                                          "Plan Rows": 76141,
                                                          "Plan Width": 12,
                                                          "Actual Startup Time": 949.64,
                                                          "Actual Total Time": 996.173,
                                                          "Actual Rows": 276166,
                                                          "Actual Loops": 1,
                                                          "Workers Planned": 6,
                                                          "Workers Launched": 6,
                                                          "Single Copy": false,
                                                          "Plans": [
                                                            {
                                                              "Node Type": "Merge Join",
                                                              "Parent Relationship": "Outer",
                                                              "Parallel Aware": false,
                                                              "Join Type": "Inner",
                                                              "Startup Cost": 356441.54,
                                                              "Total Cost": 357329.86,
                                                              "Plan Rows": 12690,
                                                              "Plan Width": 12,
                                                              "Actual Startup Time": 935.447,
                                                              "Actual Total Time": 948.38,
                                                              "Actual Rows": 39452,
                                                              "Actual Loops": 7,
                                                              "Inner Unique": true,
                                                              "Merge Cond": "(ci.role_id = rt.id)",
                                                              "Plans": [
                                                                {
                                                                  "Node Type": "Sort",
                                                                  "Parent Relationship": "Outer",
                                                                  "Parallel Aware": false,
                                                                  "Startup Cost": 356440.38,
                                                                  "Total Cost": 356821.09,
                                                                  "Plan Rows": 152283,
                                                                  "Plan Width": 16,
                                                                  "Actual Startup Time": 925.029,
                                                                  "Actual Total Time": 932.043,
                                                                  "Actual Rows": 123876,
                                                                  "Actual Loops": 7,
                                                                  "Sort Key": [
                                                                    "ci.role_id"
                                                                  ],
                                                                  "Sort Method": "quicksort",
                                                                  "Sort Space Used": 8752,
                                                                  "Sort Space Type": "Memory",
                                                                  "Workers": [
                                                                    {
                                                                      "Worker Number": 0,
                                                                      "Sort Method": "quicksort",
                                                                      "Sort Space Used": 8491,
                                                                      "Sort Space Type": "Memory"
                                                                    },
                                                                    {
                                                                      "Worker Number": 1,
                                                                      "Sort Method": "quicksort",
                                                                      "Sort Space Used": 8483,
                                                                      "Sort Space Type": "Memory"
                                                                    },
                                                                    {
                                                                      "Worker Number": 2,
                                                                      "Sort Method": "quicksort",
                                                                      "Sort Space Used": 8215,
                                                                      "Sort Space Type": "Memory"
                                                                    },
                                                                    {
                                                                      "Worker Number": 3,
                                                                      "Sort Method": "quicksort",
                                                                      "Sort Space Used": 8517,
                                                                      "Sort Space Type": "Memory"
                                                                    },
                                                                    {
                                                                      "Worker Number": 4,
                                                                      "Sort Method": "quicksort",
                                                                      "Sort Space Used": 14488,
                                                                      "Sort Space Type": "Memory"
                                                                    },
                                                                    {
                                                                      "Worker Number": 5,
                                                                      "Sort Method": "quicksort",
                                                                      "Sort Space Used": 8296,
                                                                      "Sort Space Type": "Memory"
                                                                    }
                                                                  ],
                                                                  "Plans": [
                                                                    {
                                                                      "Node Type": "Seq Scan",
                                                                      "Parent Relationship": "Outer",
                                                                      "Parallel Aware": true,
                                                                      "Relation Name": "cast_info",
                                                                      "Alias": "ci",
                                                                      "Startup Cost": 0.0,
                                                                      "Total Cost": 343331.56,
                                                                      "Plan Rows": 152283,
                                                                      "Plan Width": 16,
                                                                      "Actual Startup Time": 0.183,
                                                                      "Actual Total Time": 891.267,
                                                                      "Actual Rows": 123925,
                                                                      "Actual Loops": 7,
                                                                      "Filter": "(note = ANY ('{(voice),\"(voice: Japanese version)\",\"(voice) (uncredited)\",\"(voice: English version)\"}'::text[]))",
                                                                      "Rows Removed by Filter": 5053838
                                                                    }
                                                                  ]
                                                                },
                                                                {
                                                                  "Node Type": "Sort",
                                                                  "Parent Relationship": "Inner",
                                                                  "Parallel Aware": false,
                                                                  "Startup Cost": 1.16,
                                                                  "Total Cost": 1.16,
                                                                  "Plan Rows": 1,
                                                                  "Plan Width": 4,
                                                                  "Actual Startup Time": 0.077,
                                                                  "Actual Total Time": 0.078,
                                                                  "Actual Rows": 1,
                                                                  "Actual Loops": 7,
                                                                  "Sort Key": [
                                                                    "rt.id"
                                                                  ],
                                                                  "Sort Method": "quicksort",
                                                                  "Sort Space Used": 25,
                                                                  "Sort Space Type": "Memory",
                                                                  "Workers": [
                                                                    {
                                                                      "Worker Number": 0,
                                                                      "Sort Method": "quicksort",
                                                                      "Sort Space Used": 25,
                                                                      "Sort Space Type": "Memory"
                                                                    },
                                                                    {
                                                                      "Worker Number": 1,
                                                                      "Sort Method": "quicksort",
                                                                      "Sort Space Used": 25,
                                                                      "Sort Space Type": "Memory"
                                                                    },
                                                                    {
                                                                      "Worker Number": 2,
                                                                      "Sort Method": "quicksort",
                                                                      "Sort Space Used": 25,
                                                                      "Sort Space Type": "Memory"
                                                                    },
                                                                    {
                                                                      "Worker Number": 3,
                                                                      "Sort Method": "quicksort",
                                                                      "Sort Space Used": 25,
                                                                      "Sort Space Type": "Memory"
                                                                    },
                                                                    {
                                                                      "Worker Number": 4,
                                                                      "Sort Method": "quicksort",
                                                                      "Sort Space Used": 25,
                                                                      "Sort Space Type": "Memory"
                                                                    },
                                                                    {
                                                                      "Worker Number": 5,
                                                                      "Sort Method": "quicksort",
                                                                      "Sort Space Used": 25,
                                                                      "Sort Space Type": "Memory"
                                                                    }
                                                                  ],
                                                                  "Plans": [
                                                                    {
                                                                      "Node Type": "Seq Scan",
                                                                      "Parent Relationship": "Outer",
                                                                      "Parallel Aware": false,
                                                                      "Relation Name": "role_type",
                                                                      "Alias": "rt",
                                                                      "Startup Cost": 0.0,
                                                                      "Total Cost": 1.15,
                                                                      "Plan Rows": 1,
                                                                      "Plan Width": 4,
                                                                      "Actual Startup Time": 0.058,
                                                                      "Actual Total Time": 0.059,
                                                                      "Actual Rows": 1,
                                                                      "Actual Loops": 7,
                                                                      "Filter": "((role)::text = 'actress'::text)",
                                                                      "Rows Removed by Filter": 11
                                                                    }
                                                                  ]
                                                                }
                                                              ]
                                                            }
                                                          ]
                                                        }
                                                      ]
                                                    },
                                                    {
                                                      "Node Type": "Sort",
                                                      "Parent Relationship": "Inner",
                                                      "Parallel Aware": false,
                                                      "Startup Cost": 218031.11,
                                                      "Total Cost": 218043.15,
                                                      "Plan Rows": 4814,
                                                      "Plan Width": 4,
                                                      "Actual Startup Time": 786.56,
                                                      "Actual Total Time": 817.833,
                                                      "Actual Rows": 567017,
                                                      "Actual Loops": 1,
                                                      "Sort Key": [
                                                        "mi.movie_id"
                                                      ],
                                                      "Sort Method": "quicksort",
                                                      "Sort Space Used": 33431,
                                                      "Sort Space Type": "Memory",
                                                      "Plans": [
                                                        {
                                                          "Node Type": "Gather",
                                                          "Parent Relationship": "Outer",
                                                          "Parallel Aware": false,
                                                          "Startup Cost": 216701.69,
                                                          "Total Cost": 217736.67,
                                                          "Plan Rows": 4814,
                                                          "Plan Width": 4,
                                                          "Actual Startup Time": 590.09,
                                                          "Actual Total Time": 661.447,
                                                          "Actual Rows": 451039,
                                                          "Actual Loops": 1,
                                                          "Workers Planned": 5,
                                                          "Workers Launched": 5,
                                                          "Single Copy": false,
                                                          "Plans": [
                                                            {
                                                              "Node Type": "Merge Join",
                                                              "Parent Relationship": "Outer",
                                                              "Parallel Aware": false,
                                                              "Join Type": "Inner",
                                                              "Startup Cost": 215701.69,
                                                              "Total Cost": 216255.27,
                                                              "Plan Rows": 963,
                                                              "Plan Width": 4,
                                                              "Actual Startup Time": 584.311,
                                                              "Actual Total Time": 608.242,
                                                              "Actual Rows": 75173,
                                                              "Actual Loops": 6,
                                                              "Inner Unique": true,
                                                              "Merge Cond": "(mi.info_type_id = it.id)",
                                                              "Plans": [
                                                                {
                                                                  "Node Type": "Sort",
                                                                  "Parent Relationship": "Outer",
                                                                  "Parallel Aware": false,
                                                                  "Startup Cost": 215699.27,
                                                                  "Total Cost": 215971.24,
                                                                  "Plan Rows": 108788,
                                                                  "Plan Width": 8,
                                                                  "Actual Startup Time": 584.216,
                                                                  "Actual Total Time": 590.669,
                                                                  "Actual Rows": 75184,
                                                                  "Actual Loops": 6,
                                                                  "Sort Key": [
                                                                    "mi.info_type_id"
                                                                  ],
                                                                  "Sort Method": "quicksort",
                                                                  "Sort Space Used": 6341,
                                                                  "Sort Space Type": "Memory",
                                                                  "Workers": [
                                                                    {
                                                                      "Worker Number": 0,
                                                                      "Sort Method": "quicksort",
                                                                      "Sort Space Used": 4480,
                                                                      "Sort Space Type": "Memory"
                                                                    },
                                                                    {
                                                                      "Worker Number": 1,
                                                                      "Sort Method": "quicksort",
                                                                      "Sort Space Used": 6342,
                                                                      "Sort Space Type": "Memory"
                                                                    },
                                                                    {
                                                                      "Worker Number": 2,
                                                                      "Sort Method": "quicksort",
                                                                      "Sort Space Used": 8202,
                                                                      "Sort Space Type": "Memory"
                                                                    },
                                                                    {
                                                                      "Worker Number": 3,
                                                                      "Sort Method": "quicksort",
                                                                      "Sort Space Used": 6409,
                                                                      "Sort Space Type": "Memory"
                                                                    },
                                                                    {
                                                                      "Worker Number": 4,
                                                                      "Sort Method": "quicksort",
                                                                      "Sort Space Used": 6270,
                                                                      "Sort Space Type": "Memory"
                                                                    }
                                                                  ],
                                                                  "Plans": [
                                                                    {
                                                                      "Node Type": "Seq Scan",
                                                                      "Parent Relationship": "Outer",
                                                                      "Parallel Aware": true,
                                                                      "Relation Name": "movie_info",
                                                                      "Alias": "mi",
                                                                      "Startup Cost": 0.0,
                                                                      "Total Cost": 206598.52,
                                                                      "Plan Rows": 108788,
                                                                      "Plan Width": 8,
                                                                      "Actual Startup Time": 62.584,
                                                                      "Actual Total Time": 567.162,
                                                                      "Actual Rows": 75184,
                                                                      "Actual Loops": 6,
                                                                      "Filter": "((info IS NOT NULL) AND ((info ~~ 'Japan:%200%'::text) OR (info ~~ 'USA:%200%'::text)))",
                                                                      "Rows Removed by Filter": 2397436
                                                                    }
                                                                  ]
                                                                },
                                                                {
                                                                  "Node Type": "Sort",
                                                                  "Parent Relationship": "Inner",
                                                                  "Parallel Aware": false,
                                                                  "Startup Cost": 2.42,
                                                                  "Total Cost": 2.43,
                                                                  "Plan Rows": 1,
                                                                  "Plan Width": 4,
                                                                  "Actual Startup Time": 0.085,
                                                                  "Actual Total Time": 0.086,
                                                                  "Actual Rows": 1,
                                                                  "Actual Loops": 6,
                                                                  "Sort Key": [
                                                                    "it.id"
                                                                  ],
                                                                  "Sort Method": "quicksort",
                                                                  "Sort Space Used": 25,
                                                                  "Sort Space Type": "Memory",
                                                                  "Workers": [
                                                                    {
                                                                      "Worker Number": 0,
                                                                      "Sort Method": "quicksort",
                                                                      "Sort Space Used": 25,
                                                                      "Sort Space Type": "Memory"
                                                                    },
                                                                    {
                                                                      "Worker Number": 1,
                                                                      "Sort Method": "quicksort",
                                                                      "Sort Space Used": 25,
                                                                      "Sort Space Type": "Memory"
                                                                    },
                                                                    {
                                                                      "Worker Number": 2,
                                                                      "Sort Method": "quicksort",
                                                                      "Sort Space Used": 25,
                                                                      "Sort Space Type": "Memory"
                                                                    },
                                                                    {
                                                                      "Worker Number": 3,
                                                                      "Sort Method": "quicksort",
                                                                      "Sort Space Used": 25,
                                                                      "Sort Space Type": "Memory"
                                                                    },
                                                                    {
                                                                      "Worker Number": 4,
                                                                      "Sort Method": "quicksort",
                                                                      "Sort Space Used": 25,
                                                                      "Sort Space Type": "Memory"
                                                                    }
                                                                  ],
                                                                  "Plans": [
                                                                    {
                                                                      "Node Type": "Seq Scan",
                                                                      "Parent Relationship": "Outer",
                                                                      "Parallel Aware": false,
                                                                      "Relation Name": "info_type",
                                                                      "Alias": "it",
                                                                      "Startup Cost": 0.0,
                                                                      "Total Cost": 2.41,
                                                                      "Plan Rows": 1,
                                                                      "Plan Width": 4,
                                                                      "Actual Startup Time": 0.059,
                                                                      "Actual Total Time": 0.066,
                                                                      "Actual Rows": 1,
                                                                      "Actual Loops": 6,
                                                                      "Filter": "((info)::text = 'release dates'::text)",
                                                                      "Rows Removed by Filter": 112
                                                                    }
                                                                  ]
                                                                }
                                                              ]
                                                            }
                                                          ]
                                                        }
                                                      ]
                                                    }
                                                  ]
                                                },
                                                {
                                                  "Node Type": "Index Scan",
                                                  "Parent Relationship": "Inner",
                                                  "Parallel Aware": false,
                                                  "Scan Direction": "Forward",
                                                  "Index Name": "movie_id_movie_companies",
                                                  "Relation Name": "movie_companies",
                                                  "Alias": "mc",
                                                  "Startup Cost": 0.43,
                                                  "Total Cost": 140404.76,
                                                  "Plan Rows": 2609129,
                                                  "Plan Width": 8,
                                                  "Actual Startup Time": 0.045,
                                                  "Actual Total Time": 968.829,
                                                  "Actual Rows": 3007285,
                                                  "Actual Loops": 1
                                                }
                                              ]
                                            }
                                          ]
                                        }
                                      ]
                                    }
                                  ]
                                }
                              ]
                            },
                            {
                              "Node Type": "Sort",
                              "Parent Relationship": "Inner",
                              "Parallel Aware": false,
                              "Startup Cost": 73848.65,
                              "Total Cost": 73872.84,
                              "Plan Rows": 9675,
                              "Plan Width": 19,
                              "Actual Startup Time": 210.957,
                              "Actual Total Time": 215.064,
                              "Actual Rows": 49997,
                              "Actual Loops": 1,
                              "Sort Key": [
                                "n.id"
                              ],
                              "Sort Method": "quicksort",
                              "Sort Space Used": 5246,
                              "Sort Space Type": "Memory",
                              "Plans": [
                                {
                                  "Node Type": "Gather",
                                  "Parent Relationship": "Outer",
                                  "Parallel Aware": false,
                                  "Startup Cost": 1000.0,
                                  "Total Cost": 73208.16,
                                  "Plan Rows": 9675,
                                  "Plan Width": 19,
                                  "Actual Startup Time": 93.359,
                                  "Actual Total Time": 199.099,
                                  "Actual Rows": 50011,
                                  "Actual Loops": 1,
                                  "Workers Planned": 4,
                                  "Workers Launched": 4,
                                  "Single Copy": false,
                                  "Plans": [
                                    {
                                      "Node Type": "Seq Scan",
                                      "Parent Relationship": "Outer",
                                      "Parallel Aware": true,
                                      "Relation Name": "name",
                                      "Alias": "n",
                                      "Startup Cost": 0.0,
                                      "Total Cost": 71240.66,
                                      "Plan Rows": 2419,
                                      "Plan Width": 19,
                                      "Actual Startup Time": 83.931,
                                      "Actual Total Time": 190.404,
                                      "Actual Rows": 10002,
                                      "Actual Loops": 5,
                                      "Filter": "((name ~~ '%An%'::text) AND ((gender)::text = 'f'::text))",
                                      "Rows Removed by Filter": 823496
                                    }
                                  ]
                                }
                              ]
                            }
                          ]
                        }
                      ]
                    }
                  ]
                }
              ]
            }
          ]
        }
      ]
    },
    "Planning Time": 1057.004,
    "Triggers": [],
    "Execution Time": 7020.036
  }
]