[
  {
    "Plan": {
      "Node Type": "Aggregate",
      "Strategy": "Plain",
      "Partial Mode": "Finalize",
      "Parallel Aware": false,
      "Startup Cost": 184909.83,
      "Total Cost": 184909.84,
      "Plan Rows": 1,
      "Plan Width": 8,
      "Actual Startup Time": 140.564,
      "Actual Total Time": 151.018,
      "Actual Rows": 1,
      "Actual Loops": 1,
      "Plans": [
        {
          "Node Type": "Gather",
          "Parent Relationship": "Outer",
          "Parallel Aware": false,
          "Startup Cost": 184909.31,
          "Total Cost": 184909.82,
          "Plan Rows": 5,
          "Plan Width": 8,
          "Actual Startup Time": 139.765,
          "Actual Total Time": 151.008,
          "Actual Rows": 6,
          "Actual Loops": 1,
          "Workers Planned": 5,
          "Workers Launched": 5,
          "Single Copy": false,
          "Plans": [
            {
              "Node Type": "Aggregate",
              "Strategy": "Plain",
              "Partial Mode": "Partial",
              "Parent Relationship": "Outer",
              "Parallel Aware": false,
              "Startup Cost": 183909.31,
              "Total Cost": 183909.32,
              "Plan Rows": 1,
              "Plan Width": 8,
              "Actual Startup Time": 132.478,
              "Actual Total Time": 132.48,
              "Actual Rows": 1,
              "Actual Loops": 6,
              "Plans": [
                {
                  "Node Type": "Bitmap Heap Scan",
                  "Parent Relationship": "Outer",
                  "Parallel Aware": true,
                  "Relation Name": "movie_info",
                  "Alias": "mi",
                  "Startup Cost": 18796.34,
                  "Total Cost": 183389.31,
                  "Plan Rows": 207998,
                  "Plan Width": 0,
                  "Actual Startup Time": 43.577,
                  "Actual Total Time": 121.541,
                  "Actual Rows": 173314,
                  "Actual Loops": 6,
                  "Recheck Cond": "(info_type_id > 80)",
                  "Rows Removed by Index Recheck": 0,
                  "Exact Heap Blocks": 10734,
                  "Lossy Heap Blocks": 0,
                  "Plans": [
                    {
                      "Node Type": "Bitmap Index Scan",
                      "Parent Relationship": "Outer",
                      "Parallel Aware": false,
                      "Index Name": "info_type_id_movie_info",
                      "Startup Cost": 0.0,
                      "Total Cost": 18536.35,
                      "Plan Rows": 1039988,
                      "Plan Width": 0,
                      "Actual Startup Time": 44.868,
                      "Actual Total Time": 44.869,
                      "Actual Rows": 1039881,
                      "Actual Loops": 1,
                      "Index Cond": "(info_type_id > 80)"
                    }
                  ]
                }
              ]
            }
          ]
        }
      ]
    },
    "Planning Time": 0.084,
    "Triggers": [],
    "Execution Time": 151.054
  }
]