[
  {
    "Plan": {
      "Node Type": "Aggregate",
      "Strategy": "Plain",
      "Partial Mode": "Finalize",
      "Parallel Aware": false,
      "Startup Cost": 271451.2,
      "Total Cost": 271451.21,
      "Plan Rows": 1,
      "Plan Width": 8,
      "Actual Startup Time": 1308.538,
      "Actual Total Time": 1329.518,
      "Actual Rows": 1,
      "Actual Loops": 1,
      "Plans": [
        {
          "Node Type": "Gather",
          "Parent Relationship": "Outer",
          "Parallel Aware": false,
          "Startup Cost": 271450.88,
          "Total Cost": 271451.19,
          "Plan Rows": 3,
          "Plan Width": 8,
          "Actual Startup Time": 1288.93,
          "Actual Total Time": 1329.506,
          "Actual Rows": 4,
          "Actual Loops": 1,
          "Workers Planned": 3,
          "Workers Launched": 3,
          "Single Copy": false,
          "Plans": [
            {
              "Node Type": "Aggregate",
              "Strategy": "Plain",
              "Partial Mode": "Partial",
              "Parent Relationship": "Outer",
              "Parallel Aware": false,
              "Startup Cost": 270450.88,
              "Total Cost": 270450.89,
              "Plan Rows": 1,
              "Plan Width": 8,
              "Actual Startup Time": 1266.775,
              "Actual Total Time": 1266.782,
              "Actual Rows": 1,
              "Actual Loops": 4,
              "Plans": [
                {
                  "Node Type": "Hash Join",
                  "Parent Relationship": "Outer",
                  "Parallel Aware": true,
                  "Join Type": "Inner",
                  "Startup Cost": 225413.96,
                  "Total Cost": 270163.6,
                  "Plan Rows": 114913,
                  "Plan Width": 0,
                  "Actual Startup Time": 480.683,
                  "Actual Total Time": 1063.175,
                  "Actual Rows": 3540552,
                  "Actual Loops": 4,
                  "Inner Unique": false,
                  "Hash Cond": "(mk.movie_id = t.id)",
                  "Plans": [
                    {
                      "Node Type": "Seq Scan",
                      "Parent Relationship": "Outer",
                      "Parallel Aware": true,
                      "Relation Name": "movie_keyword",
                      "Alias": "mk",
                      "Startup Cost": 0.0,
                      "Total Cost": 39047.32,
                      "Plan Rows": 1459332,
                      "Plan Width": 4,
                      "Actual Startup Time": 0.05,
                      "Actual Total Time": 113.939,
                      "Actual Rows": 1130982,
                      "Actual Loops": 4
                    },
                    {
                      "Node Type": "Hash",
                      "Parent Relationship": "Inner",
                      "Parallel Aware": true,
                      "Startup Cost": 224916.25,
                      "Total Cost": 224916.25,
                      "Plan Rows": 39817,
                      "Plan Width": 8,
                      "Actual Startup Time": 477.923,
                      "Actual Total Time": 477.928,
                      "Actual Rows": 45028,
                      "Actual Loops": 4,
                      "Hash Buckets": 262144,
                      "Original Hash Buckets": 262144,
                      "Hash Batches": 1,
                      "Original Hash Batches": 1,
                      "Peak Memory Usage": 9120,
                      "Plans": [
                        {
                          "Node Type": "Hash Join",
                          "Parent Relationship": "Outer",
                          "Parallel Aware": true,
                          "Join Type": "Inner",
                          "Startup Cost": 53827.0,
                          "Total Cost": 224916.25,
                          "Plan Rows": 39817,
                          "Plan Width": 8,
                          "Actual Startup Time": 424.926,
                          "Actual Total Time": 464.505,
                          "Actual Rows": 45028,
                          "Actual Loops": 4,
                          "Inner Unique": true,
                          "Hash Cond": "(mi.movie_id = t.id)",
                          "Plans": [
                            {
                              "Node Type": "Bitmap Heap Scan",
                              "Parent Relationship": "Outer",
                              "Parallel Aware": true,
                              "Relation Name": "movie_info",
                              "Alias": "mi",
                              "Startup Cost": 3607.36,
                              "Total Cost": 174592.08,
                              "Plan Rows": 39817,
                              "Plan Width": 4,
                              "Actual Startup Time": 17.869,
                              "Actual Total Time": 34.715,
                              "Actual Rows": 45028,
                              "Actual Loops": 4,
                              "Recheck Cond": "(info_type_id = 13)",
                              "Rows Removed by Index Recheck": 0,
                              "Exact Heap Blocks": 2089,
                              "Lossy Heap Blocks": 0,
                              "Plans": [
                                {
                                  "Node Type": "Bitmap Index Scan",
                                  "Parent Relationship": "Outer",
                                  "Parallel Aware": false,
                                  "Index Name": "info_type_id_movie_info",
                                  "Startup Cost": 0.0,
                                  "Total Cost": 3557.59,
                                  "Plan Rows": 199087,
                                  "Plan Width": 0,
                                  "Actual Startup Time": 16.478,
                                  "Actual Total Time": 16.478,
                                  "Actual Rows": 180112,
                                  "Actual Loops": 1,
                                  "Index Cond": "(info_type_id = 13)"
                                }
                              ]
                            },
                            {
                              "Node Type": "Hash",
                              "Parent Relationship": "Inner",
                              "Parallel Aware": true,
                              "Startup Cost": 42318.73,
                              "Total Cost": 42318.73,
                              "Plan Rows": 632073,
                              "Plan Width": 4,
                              "Actual Startup Time": 397.633,
                              "Actual Total Time": 397.634,
                              "Actual Rows": 632078,
                              "Actual Loops": 4,
                              "Hash Buckets": 4194304,
                              "Original Hash Buckets": 4194304,
                              "Hash Batches": 1,
                              "Original Hash Batches": 1,
                              "Peak Memory Usage": 131712,
                              "Plans": [
                                {
                                  "Node Type": "Seq Scan",
                                  "Parent Relationship": "Outer",
                                  "Parallel Aware": true,
                                  "Relation Name": "title",
                                  "Alias": "t",
                                  "Startup Cost": 0.0,
                                  "Total Cost": 42318.73,
                                  "Plan Rows": 632073,
                                  "Plan Width": 4,
                                  "Actual Startup Time": 0.046,
                                  "Actual Total Time": 121.19,
                                  "Actual Rows": 632078,
                                  "Actual Loops": 4
                                }
                              ]
                            }
                          ]
                        }
                      ]
                    }
                  ]
                }
              ]
            }
          ]
        }
      ]
    },
    "Planning Time": 1.406,
    "Triggers": [],
    "Execution Time": 1329.623
  }
]