[
  {
    "Plan": {
      "Node Type": "Aggregate",
      "Strategy": "Plain",
      "Partial Mode": "Finalize",
      "Parallel Aware": false,
      "Startup Cost": 65097.22,
      "Total Cost": 65097.23,
      "Plan Rows": 1,
      "Plan Width": 8,
      "Actual Startup Time": 365.616,
      "Actual Total Time": 381.489,
      "Actual Rows": 1,
      "Actual Loops": 1,
      "Plans": [
        {
          "Node Type": "Gather",
          "Parent Relationship": "Outer",
          "Parallel Aware": false,
          "Startup Cost": 65097.0,
          "Total Cost": 65097.21,
          "Plan Rows": 2,
          "Plan Width": 8,
          "Actual Startup Time": 363.561,
          "Actual Total Time": 381.482,
          "Actual Rows": 3,
          "Actual Loops": 1,
          "Workers Planned": 2,
          "Workers Launched": 2,
          "Single Copy": false,
          "Plans": [
            {
              "Node Type": "Aggregate",
              "Strategy": "Plain",
              "Partial Mode": "Partial",
              "Parent Relationship": "Outer",
              "Parallel Aware": false,
              "Startup Cost": 64097.0,
              "Total Cost": 64097.01,
              "Plan Rows": 1,
              "Plan Width": 8,
              "Actual Startup Time": 359.591,
              "Actual Total Time": 359.594,
              "Actual Rows": 1,
              "Actual Loops": 3,
              "Plans": [
                {
                  "Node Type": "Hash Join",
                  "Parent Relationship": "Outer",
                  "Parallel Aware": true,
                  "Join Type": "Inner",
                  "Startup Cost": 48375.56,
                  "Total Cost": 63570.12,
                  "Plan Rows": 210753,
                  "Plan Width": 0,
                  "Actual Startup Time": 215.469,
                  "Actual Total Time": 346.719,
                  "Actual Rows": 312923,
                  "Actual Loops": 3,
                  "Inner Unique": true,
                  "Hash Cond": "(mi_idx.movie_id = t.id)",
                  "Plans": [
                    {
                      "Node Type": "Seq Scan",
                      "Parent Relationship": "Outer",
                      "Parallel Aware": true,
                      "Relation Name": "movie_info_idx",
                      "Alias": "mi_idx",
                      "Startup Cost": 0.0,
                      "Total Cost": 13685.15,
                      "Plan Rows": 575015,
                      "Plan Width": 4,
                      "Actual Startup Time": 0.01,
                      "Actual Total Time": 38.111,
                      "Actual Rows": 460012,
                      "Actual Loops": 3
                    },
                    {
                      "Node Type": "Hash",
                      "Parent Relationship": "Inner",
                      "Parallel Aware": true,
                      "Startup Cost": 45479.59,
                      "Total Cost": 45479.59,
                      "Plan Rows": 231678,
                      "Plan Width": 4,
                      "Actual Startup Time": 211.814,
                      "Actual Total Time": 211.815,
                      "Actual Rows": 298711,
                      "Actual Loops": 3,
                      "Hash Buckets": 1048576,
                      "Original Hash Buckets": 1048576,
                      "Hash Batches": 1,
                      "Original Hash Batches": 1,
                      "Peak Memory Usage": 43296,
                      "Plans": [
                        {
                          "Node Type": "Seq Scan",
                          "Parent Relationship": "Outer",
                          "Parallel Aware": true,
                          "Relation Name": "title",
                          "Alias": "t",
                          "Startup Cost": 0.0,
                          "Total Cost": 45479.59,
                          "Plan Rows": 231678,
                          "Plan Width": 4,
                          "Actual Startup Time": 0.02,
                          "Actual Total Time": 117.38,
                          "Actual Rows": 298711,
                          "Actual Loops": 3,
                          "Filter": "((kind_id < 7) AND (production_year > 1918))",
                          "Rows Removed by Filter": 544060
                        }
                      ]
                    }
                  ]
                }
              ]
            }
          ]
        }
      ]
    },
    "Planning Time": 0.238,
    "Triggers": [],
    "Execution Time": 381.523
  }
]