[
  {
    "Plan": {
      "Node Type": "Aggregate",
      "Strategy": "Plain",
      "Partial Mode": "Finalize",
      "Parallel Aware": false,
      "Startup Cost": 46764.74,
      "Total Cost": 46764.75,
      "Plan Rows": 1,
      "Plan Width": 8,
      "Actual Startup Time": 202.328,
      "Actual Total Time": 213.108,
      "Actual Rows": 1,
      "Actual Loops": 1,
      "Plans": [
        {
          "Node Type": "Gather",
          "Parent Relationship": "Outer",
          "Parallel Aware": false,
          "Startup Cost": 46764.43,
          "Total Cost": 46764.74,
          "Plan Rows": 3,
          "Plan Width": 8,
          "Actual Startup Time": 202.202,
          "Actual Total Time": 213.098,
          "Actual Rows": 4,
          "Actual Loops": 1,
          "Workers Planned": 3,
          "Workers Launched": 3,
          "Single Copy": false,
          "Plans": [
            {
              "Node Type": "Aggregate",
              "Strategy": "Plain",
              "Partial Mode": "Partial",
              "Parent Relationship": "Outer",
              "Parallel Aware": false,
              "Startup Cost": 45764.43,
              "Total Cost": 45764.44,
              "Plan Rows": 1,
              "Plan Width": 8,
              "Actual Startup Time": 194.738,
              "Actual Total Time": 194.739,
              "Actual Rows": 1,
              "Actual Loops": 4,
              "Plans": [
                {
                  "Node Type": "Seq Scan",
                  "Parent Relationship": "Outer",
                  "Parallel Aware": true,
                  "Relation Name": "movie_keyword",
                  "Alias": "mk",
                  "Startup Cost": 0.0,
                  "Total Cost": 42695.65,
                  "Plan Rows": 1227509,
                  "Plan Width": 0,
                  "Actual Startup Time": 0.059,
                  "Actual Total Time": 143.93,
                  "Actual Rows": 953132,
                  "Actual Loops": 4,
                  "Filter": "(keyword_id < 26569)",
                  "Rows Removed by Filter": 177850
                }
              ]
            }
          ]
        }
      ]
    },
    "Planning Time": 0.186,
    "Triggers": [],
    "Execution Time": 213.164
  }
]