{
  "Plan": {
    "Node Type": "Aggregate",
    "Strategy": "Plain",
    "Partial Mode": "Finalize",
    "Parallel Aware": false,
    "Startup Cost": 718354.59,
    "Total Cost": 718354.6,
    "Plan Rows": 1,
    "Plan Width": 8,
    "Actual Startup Time": 3569.447,
    "Actual Total Time": 3639.364,
    "Actual Rows": 1,
    "Actual Loops": 1,
    "Plans": [
      {
        "Node Type": "Gather",
        "Parent Relationship": "Outer",
        "Parallel Aware": false,
        "Startup Cost": 718354.48,
        "Total Cost": 718354.59,
        "Plan Rows": 1,
        "Plan Width": 8,
        "Actual Startup Time": 3564.151,
        "Actual Total Time": 3639.353,
        "Actual Rows": 2,
        "Actual Loops": 1,
        "Workers Planned": 1,
        "Workers Launched": 1,
        "Single Copy": false,
        "Plans": [
          {
            "Node Type": "Aggregate",
            "Strategy": "Plain",
            "Partial Mode": "Partial",
            "Parent Relationship": "Outer",
            "Parallel Aware": false,
            "Startup Cost": 717354.48,
            "Total Cost": 717354.49,
            "Plan Rows": 1,
            "Plan Width": 8,
            "Actual Startup Time": 3558.653,
            "Actual Total Time": 3559.908,
            "Actual Rows": 1,
            "Actual Loops": 2,
            "Plans": [
              {
                "Node Type": "Hash Join",
                "Parent Relationship": "Outer",
                "Parallel Aware": true,
                "Join Type": "Inner",
                "Startup Cost": 90337.55,
                "Total Cost": 710389.05,
                "Plan Rows": 2786171,
                "Plan Width": 0,
                "Actual Startup Time": 1203.68,
                "Actual Total Time": 3415.045,
                "Actual Rows": 3628592,
                "Actual Loops": 2,
                "Inner Unique": false,
                "Hash Cond": "(ci.movie_id = t.id)",
                "Plans": [
                  {
                    "Node Type": "Seq Scan",
                    "Parent Relationship": "Outer",
                    "Parallel Aware": true,
                    "Relation Name": "cast_info",
                    "Alias": "ci",
                    "Startup Cost": 0.0,
                    "Total Cost": 572345.93,
                    "Plan Rows": 8351024,
                    "Plan Width": 4,
                    "Actual Startup Time": 514.286,
                    "Actual Total Time": 1567.692,
                    "Actual Rows": 4518079,
                    "Actual Loops": 2,
                    "Filter": "((person_id < 2205607) AND (role_id > 1))",
                    "Rows Removed by Filter": 13604093
                  },
                  {
                    "Node Type": "Hash",
                    "Parent Relationship": "Inner",
                    "Parallel Aware": true,
                    "Startup Cost": 84135.2,
                    "Total Cost": 84135.2,
                    "Plan Rows": 496188,
                    "Plan Width": 8,
                    "Actual Startup Time": 680.232,
                    "Actual Total Time": 681.486,
                    "Actual Rows": 505341,
                    "Actual Loops": 2,
                    "Hash Buckets": 1048576,
                    "Original Hash Buckets": 1048576,
                    "Hash Batches": 1,
                    "Original Hash Batches": 1,
                    "Peak Memory Usage": 47776,
                    "Plans": [
                      {
                        "Node Type": "Hash Join",
                        "Parent Relationship": "Outer",
                        "Parallel Aware": true,
                        "Join Type": "Inner",
                        "Startup Cost": 65951.41,
                        "Total Cost": 84135.2,
                        "Plan Rows": 496188,
                        "Plan Width": 8,
                        "Actual Startup Time": 389.016,
                        "Actual Total Time": 589.212,
                        "Actual Rows": 505341,
                        "Actual Loops": 2,
                        "Inner Unique": true,
                        "Hash Cond": "(mi_idx.movie_id = t.id)",
                        "Plans": [
                          {
                            "Node Type": "Seq Scan",
                            "Parent Relationship": "Outer",
                            "Parallel Aware": true,
                            "Relation Name": "movie_info_idx",
                            "Alias": "mi_idx",
                            "Startup Cost": 0.0,
                            "Total Cost": 16052.85,
                            "Plan Rows": 811785,
                            "Plan Width": 4,
                            "Actual Startup Time": 0.018,
                            "Actual Total Time": 49.741,
                            "Actual Rows": 690018,
                            "Actual Loops": 2
                          },
                          {
                            "Node Type": "Hash",
                            "Parent Relationship": "Inner",
                            "Parallel Aware": true,
                            "Startup Cost": 54588.39,
                            "Total Cost": 54588.39,
                            "Plan Rows": 909042,
                            "Plan Width": 4,
                            "Actual Startup Time": 378.548,
                            "Actual Total Time": 378.549,
                            "Actual Rows": 775864,
                            "Actual Loops": 2,
                            "Hash Buckets": 2097152,
                            "Original Hash Buckets": 2097152,
                            "Hash Batches": 1,
                            "Original Hash Batches": 1,
                            "Peak Memory Usage": 77120,
                            "Plans": [
                              {
                                "Node Type": "Seq Scan",
                                "Parent Relationship": "Outer",
                                "Parallel Aware": true,
                                "Relation Name": "title",
                                "Alias": "t",
                                "Startup Cost": 0.0,
                                "Total Cost": 54588.39,
                                "Plan Rows": 909042,
                                "Plan Width": 4,
                                "Actual Startup Time": 0.042,
                                "Actual Total Time": 172.37,
                                "Actual Rows": 775864,
                                "Actual Loops": 2,
                                "Filter": "(production_year < 2007)",
                                "Rows Removed by Filter": 488292
                              }
                            ]
                          }
                        ]
                      }
                    ]
                  }
                ]
              }
            ]
          }
        ]
      }
    ]
  },
  "Planning Time": 0.949,
  "Triggers": [],
  "Execution Time": 3639.457
}