[
  {
    "Plan": {
      "Node Type": "Aggregate",
      "Strategy": "Plain",
      "Partial Mode": "Finalize",
      "Parallel Aware": false,
      "Startup Cost": 203308.37,
      "Total Cost": 203308.38,
      "Plan Rows": 1,
      "Plan Width": 8,
      "Actual Startup Time": 394.917,
      "Actual Total Time": 418.85,
      "Actual Rows": 1,
      "Actual Loops": 1,
      "Plans": [
        {
          "Node Type": "Gather",
          "Parent Relationship": "Outer",
          "Parallel Aware": false,
          "Startup Cost": 203307.85,
          "Total Cost": 203308.36,
          "Plan Rows": 5,
          "Plan Width": 8,
          "Actual Startup Time": 394.663,
          "Actual Total Time": 418.838,
          "Actual Rows": 6,
          "Actual Loops": 1,
          "Workers Planned": 5,
          "Workers Launched": 5,
          "Single Copy": false,
          "Plans": [
            {
              "Node Type": "Aggregate",
              "Strategy": "Plain",
              "Partial Mode": "Partial",
              "Parent Relationship": "Outer",
              "Parallel Aware": false,
              "Startup Cost": 202307.85,
              "Total Cost": 202307.86,
              "Plan Rows": 1,
              "Plan Width": 8,
              "Actual Startup Time": 384.264,
              "Actual Total Time": 384.267,
              "Actual Rows": 1,
              "Actual Loops": 6,
              "Plans": [
                {
                  "Node Type": "Hash Join",
                  "Parent Relationship": "Outer",
                  "Parallel Aware": true,
                  "Join Type": "Inner",
                  "Startup Cost": 45498.25,
                  "Total Cost": 202301.09,
                  "Plan Rows": 2702,
                  "Plan Width": 0,
                  "Actual Startup Time": 85.665,
                  "Actual Total Time": 384.09,
                  "Actual Rows": 1306,
                  "Actual Loops": 6,
                  "Inner Unique": true,
                  "Hash Cond": "(ci.movie_id = t.id)",
                  "Plans": [
                    {
                      "Node Type": "Index Scan",
                      "Parent Relationship": "Outer",
                      "Parallel Aware": true,
                      "Scan Direction": "Forward",
                      "Index Name": "role_id_cast_info",
                      "Relation Name": "cast_info",
                      "Alias": "ci",
                      "Startup Cost": 0.56,
                      "Total Cost": 153789.42,
                      "Plan Rows": 1148186,
                      "Plan Width": 4,
                      "Actual Startup Time": 0.156,
                      "Actual Total Time": 191.374,
                      "Actual Rows": 955449,
                      "Actual Loops": 6,
                      "Index Cond": "(role_id > 8)",
                      "Rows Removed by Index Recheck": 0
                    },
                    {
                      "Node Type": "Hash",
                      "Parent Relationship": "Inner",
                      "Parallel Aware": true,
                      "Startup Cost": 45479.1,
                      "Total Cost": 45479.1,
                      "Plan Rows": 1487,
                      "Plan Width": 4,
                      "Actual Startup Time": 83.874,
                      "Actual Total Time": 83.875,
                      "Actual Rows": 980,
                      "Actual Loops": 6,
                      "Hash Buckets": 8192,
                      "Original Hash Buckets": 8192,
                      "Hash Batches": 1,
                      "Original Hash Batches": 1,
                      "Peak Memory Usage": 384,
                      "Plans": [
                        {
                          "Node Type": "Seq Scan",
                          "Parent Relationship": "Outer",
                          "Parallel Aware": true,
                          "Relation Name": "title",
                          "Alias": "t",
                          "Startup Cost": 0.0,
                          "Total Cost": 45479.1,
                          "Plan Rows": 1487,
                          "Plan Width": 4,
                          "Actual Startup Time": 2.12,
                          "Actual Total Time": 83.139,
                          "Actual Rows": 980,
                          "Actual Loops": 6,
                          "Filter": "((kind_id < 7) AND (production_year = 1973))",
                          "Rows Removed by Filter": 420406
                        }
                      ]
                    }
                  ]
                }
              ]
            }
          ]
        }
      ]
    },
    "Planning Time": 0.639,
    "Triggers": [],
    "Execution Time": 418.928
  }
]