[
  {
    "Plan": {
      "Node Type": "Aggregate",
      "Strategy": "Plain",
      "Partial Mode": "Finalize",
      "Parallel Aware": false,
      "Startup Cost": 50500.48,
      "Total Cost": 50500.49,
      "Plan Rows": 1,
      "Plan Width": 8,
      "Actual Startup Time": 35.219,
      "Actual Total Time": 39.944,
      "Actual Rows": 1,
      "Actual Loops": 1,
      "Plans": [
        {
          "Node Type": "Gather",
          "Parent Relationship": "Outer",
          "Parallel Aware": false,
          "Startup Cost": 50500.26,
          "Total Cost": 50500.47,
          "Plan Rows": 2,
          "Plan Width": 8,
          "Actual Startup Time": 35.023,
          "Actual Total Time": 39.937,
          "Actual Rows": 3,
          "Actual Loops": 1,
          "Workers Planned": 2,
          "Workers Launched": 2,
          "Single Copy": false,
          "Plans": [
            {
              "Node Type": "Aggregate",
              "Strategy": "Plain",
              "Partial Mode": "Partial",
              "Parent Relationship": "Outer",
              "Parallel Aware": false,
              "Startup Cost": 49500.26,
              "Total Cost": 49500.27,
              "Plan Rows": 1,
              "Plan Width": 8,
              "Actual Startup Time": 26.81,
              "Actual Total Time": 26.812,
              "Actual Rows": 1,
              "Actual Loops": 3,
              "Plans": [
                {
                  "Node Type": "Nested Loop",
                  "Parent Relationship": "Outer",
                  "Parallel Aware": false,
                  "Join Type": "Inner",
                  "Startup Cost": 146.4,
                  "Total Cost": 49497.53,
                  "Plan Rows": 1091,
                  "Plan Width": 0,
                  "Actual Startup Time": 6.278,
                  "Actual Total Time": 26.774,
                  "Actual Rows": 173,
                  "Actual Loops": 3,
                  "Inner Unique": false,
                  "Plans": [
                    {
                      "Node Type": "Nested Loop",
                      "Parent Relationship": "Outer",
                      "Parallel Aware": false,
                      "Join Type": "Inner",
                      "Startup Cost": 145.97,
                      "Total Cost": 48404.89,
                      "Plan Rows": 1998,
                      "Plan Width": 8,
                      "Actual Startup Time": 6.131,
                      "Actual Total Time": 25.296,
                      "Actual Rows": 57,
                      "Actual Loops": 3,
                      "Inner Unique": true,
                      "Plans": [
                        {
                          "Node Type": "Bitmap Heap Scan",
                          "Parent Relationship": "Outer",
                          "Parallel Aware": true,
                          "Relation Name": "movie_info",
                          "Alias": "mi",
                          "Startup Cost": 145.54,
                          "Total Cost": 25944.3,
                          "Plan Rows": 3285,
                          "Plan Width": 4,
                          "Actual Startup Time": 1.338,
                          "Actual Total Time": 5.009,
                          "Actual Rows": 2207,
                          "Actual Loops": 3,
                          "Recheck Cond": "(info_type_id = 65)",
                          "Rows Removed by Index Recheck": 0,
                          "Exact Heap Blocks": 1033,
                          "Lossy Heap Blocks": 0,
                          "Plans": [
                            {
                              "Node Type": "Bitmap Index Scan",
                              "Parent Relationship": "Outer",
                              "Parallel Aware": false,
                              "Index Name": "info_type_id_movie_info",
                              "Startup Cost": 0.0,
                              "Total Cost": 143.57,
                              "Plan Rows": 7885,
                              "Plan Width": 0,
                              "Actual Startup Time": 3.075,
                              "Actual Total Time": 3.076,
                              "Actual Rows": 6620,
                              "Actual Loops": 1,
                              "Index Cond": "(info_type_id = 65)"
                            }
                          ]
                        },
                        {
                          "Node Type": "Index Scan",
                          "Parent Relationship": "Inner",
                          "Parallel Aware": false,
                          "Scan Direction": "Forward",
                          "Index Name": "title_pkey",
                          "Relation Name": "title",
                          "Alias": "t",
                          "Startup Cost": 0.43,
                          "Total Cost": 6.84,
                          "Plan Rows": 1,
                          "Plan Width": 4,
                          "Actual Startup Time": 0.009,
                          "Actual Total Time": 0.009,
                          "Actual Rows": 0,
                          "Actual Loops": 6620,
                          "Index Cond": "(id = mi.movie_id)",
                          "Rows Removed by Index Recheck": 0,
                          "Filter": "(production_year > 1997)",
                          "Rows Removed by Filter": 1
                        }
                      ]
                    },
                    {
                      "Node Type": "Index Only Scan",
                      "Parent Relationship": "Inner",
                      "Parallel Aware": false,
                      "Scan Direction": "Forward",
                      "Index Name": "movie_id_movie_info_idx",
                      "Relation Name": "movie_info_idx",
                      "Alias": "mi_idx",
                      "Startup Cost": 0.43,
                      "Total Cost": 0.52,
                      "Plan Rows": 3,
                      "Plan Width": 4,
                      "Actual Startup Time": 0.023,
                      "Actual Total Time": 0.025,
                      "Actual Rows": 3,
                      "Actual Loops": 171,
                      "Index Cond": "(movie_id = t.id)",
                      "Rows Removed by Index Recheck": 0,
                      "Heap Fetches": 518
                    }
                  ]
                }
              ]
            }
          ]
        }
      ]
    },
    "Planning Time": 1.308,
    "Triggers": [],
    "Execution Time": 40.038
  }
]