[
  {
    "Plan": {
      "Node Type": "Aggregate",
      "Strategy": "Plain",
      "Partial Mode": "Finalize",
      "Parallel Aware": false,
      "Startup Cost": 352418.11,
      "Total Cost": 352418.12,
      "Plan Rows": 1,
      "Plan Width": 8,
      "Actual Startup Time": 897.545,
      "Actual Total Time": 943.762,
      "Actual Rows": 1,
      "Actual Loops": 1,
      "Plans": [
        {
          "Node Type": "Gather",
          "Parent Relationship": "Outer",
          "Parallel Aware": false,
          "Startup Cost": 352417.49,
          "Total Cost": 352418.1,
          "Plan Rows": 6,
          "Plan Width": 8,
          "Actual Startup Time": 897.243,
          "Actual Total Time": 943.743,
          "Actual Rows": 7,
          "Actual Loops": 1,
          "Workers Planned": 6,
          "Workers Launched": 6,
          "Single Copy": false,
          "Plans": [
            {
              "Node Type": "Aggregate",
              "Strategy": "Plain",
              "Partial Mode": "Partial",
              "Parent Relationship": "Outer",
              "Parallel Aware": false,
              "Startup Cost": 351417.49,
              "Total Cost": 351417.5,
              "Plan Rows": 1,
              "Plan Width": 8,
              "Actual Startup Time": 886.953,
              "Actual Total Time": 886.954,
              "Actual Rows": 1,
              "Actual Loops": 7,
              "Plans": [
                {
                  "Node Type": "Seq Scan",
                  "Parent Relationship": "Outer",
                  "Parallel Aware": true,
                  "Relation Name": "cast_info",
                  "Alias": "ci",
                  "Startup Cost": 0.0,
                  "Total Cost": 343316.27,
                  "Plan Rows": 3240488,
                  "Plan Width": 0,
                  "Actual Startup Time": 242.274,
                  "Actual Total Time": 732.454,
                  "Actual Rows": 3109425,
                  "Actual Loops": 7,
                  "Filter": "((person_id > 624500) AND (role_id > 1))",
                  "Rows Removed by Filter": 2068338
                }
              ]
            }
          ]
        }
      ]
    },
    "Planning Time": 0.226,
    "Triggers": [],
    "Execution Time": 943.832
  }
]