{
  "Plan": {
    "Node Type": "Aggregate",
    "Strategy": "Plain",
    "Partial Mode": "Finalize",
    "Parallel Aware": false,
    "Startup Cost": 694832.18,
    "Total Cost": 694832.19,
    "Plan Rows": 1,
    "Plan Width": 8,
    "Actual Startup Time": 9837.054,
    "Actual Total Time": 9886.307,
    "Actual Rows": 1,
    "Actual Loops": 1,
    "Plans": [
      {
        "Node Type": "Gather",
        "Parent Relationship": "Outer",
        "Parallel Aware": false,
        "Startup Cost": 694832.07,
        "Total Cost": 694832.18,
        "Plan Rows": 1,
        "Plan Width": 8,
        "Actual Startup Time": 9831.611,
        "Actual Total Time": 9886.296,
        "Actual Rows": 2,
        "Actual Loops": 1,
        "Workers Planned": 1,
        "Workers Launched": 1,
        "Single Copy": false,
        "Plans": [
          {
            "Node Type": "Aggregate",
            "Strategy": "Plain",
            "Partial Mode": "Partial",
            "Parent Relationship": "Outer",
            "Parallel Aware": false,
            "Startup Cost": 693832.07,
            "Total Cost": 693832.08,
            "Plan Rows": 1,
            "Plan Width": 8,
            "Actual Startup Time": 9823.852,
            "Actual Total Time": 9823.856,
            "Actual Rows": 1,
            "Actual Loops": 2,
            "Plans": [
              {
                "Node Type": "Hash Join",
                "Parent Relationship": "Outer",
                "Parallel Aware": true,
                "Join Type": "Inner",
                "Startup Cost": 69460.7,
                "Total Cost": 642465.32,
                "Plan Rows": 20546701,
                "Plan Width": 0,
                "Actual Startup Time": 604.892,
                "Actual Total Time": 9063.87,
                "Actual Rows": 17450972,
                "Actual Loops": 2,
                "Inner Unique": true,
                "Hash Cond": "(ci.movie_id = t.id)",
                "Plans": [
                  {
                    "Node Type": "Seq Scan",
                    "Parent Relationship": "Outer",
                    "Parallel Aware": true,
                    "Relation Name": "cast_info",
                    "Alias": "ci",
                    "Startup Cost": 0.0,
                    "Total Cost": 519069.44,
                    "Plan Rows": 20546701,
                    "Plan Width": 4,
                    "Actual Startup Time": 33.896,
                    "Actual Total Time": 1721.066,
                    "Actual Rows": 17450972,
                    "Actual Loops": 2,
                    "Filter": "(person_id > 133758)",
                    "Rows Removed by Filter": 671200
                  },
                  {
                    "Node Type": "Hash",
                    "Parent Relationship": "Inner",
                    "Parallel Aware": true,
                    "Startup Cost": 50870.31,
                    "Total Cost": 50870.31,
                    "Plan Rows": 1487231,
                    "Plan Width": 4,
                    "Actual Startup Time": 554.656,
                    "Actual Total Time": 554.657,
                    "Actual Rows": 1264156,
                    "Actual Loops": 2,
                    "Hash Buckets": 4194304,
                    "Original Hash Buckets": 4194304,
                    "Hash Batches": 1,
                    "Original Hash Batches": 1,
                    "Peak Memory Usage": 131680,
                    "Plans": [
                      {
                        "Node Type": "Seq Scan",
                        "Parent Relationship": "Outer",
                        "Parallel Aware": true,
                        "Relation Name": "title",
                        "Alias": "t",
                        "Startup Cost": 0.0,
                        "Total Cost": 50870.31,
                        "Plan Rows": 1487231,
                        "Plan Width": 4,
                        "Actual Startup Time": 0.019,
                        "Actual Total Time": 171.379,
                        "Actual Rows": 1264156,
                        "Actual Loops": 2
                      }
                    ]
                  }
                ]
              }
            ]
          }
        ]
      }
    ]
  },
  "Planning Time": 0.355,
  "Triggers": [],
  "Execution Time": 9886.353
}