[
    {
        "Bao": {
            "Bao prediction": "NaN",
            "Bao recommended hint": "(no hint)"
        }
    },
    {
        "Plan": {
            "Node Type": "Aggregate",
            "Strategy": "Plain",
            "Partial Mode": "Finalize",
            "Parallel Aware": false,
            "Startup Cost": 68772.63,
            "Total Cost": 68772.64,
            "Plan Rows": 1,
            "Plan Width": 8,
            "Actual Startup Time": 196.041,
            "Actual Total Time": 204.877,
            "Actual Rows": 1,
            "Actual Loops": 1,
            "Output": [
                "count(*)"
            ],
            "Plans": [
                {
                    "Node Type": "Gather",
                    "Parent Relationship": "Outer",
                    "Parallel Aware": false,
                    "Startup Cost": 68772.31,
                    "Total Cost": 68772.62,
                    "Plan Rows": 3,
                    "Plan Width": 8,
                    "Actual Startup Time": 195.672,
                    "Actual Total Time": 204.868,
                    "Actual Rows": 4,
                    "Actual Loops": 1,
                    "Output": [
                        "(PARTIAL count(*))"
                    ],
                    "Workers Planned": 3,
                    "Workers Launched": 3,
                    "Single Copy": false,
                    "Plans": [
                        {
                            "Node Type": "Aggregate",
                            "Strategy": "Plain",
                            "Partial Mode": "Partial",
                            "Parent Relationship": "Outer",
                            "Parallel Aware": false,
                            "Startup Cost": 67772.31,
                            "Total Cost": 67772.32,
                            "Plan Rows": 1,
                            "Plan Width": 8,
                            "Actual Startup Time": 186.422,
                            "Actual Total Time": 186.425,
                            "Actual Rows": 1,
                            "Actual Loops": 4,
                            "Output": [
                                "PARTIAL count(*)"
                            ],
                            "Workers": [
                                {
                                    "Worker Number": 0,
                                    "Actual Startup Time": 183.016,
                                    "Actual Total Time": 183.019,
                                    "Actual Rows": 1,
                                    "Actual Loops": 1
                                },
                                {
                                    "Worker Number": 1,
                                    "Actual Startup Time": 183.141,
                                    "Actual Total Time": 183.145,
                                    "Actual Rows": 1,
                                    "Actual Loops": 1
                                },
                                {
                                    "Worker Number": 2,
                                    "Actual Startup Time": 184.333,
                                    "Actual Total Time": 184.335,
                                    "Actual Rows": 1,
                                    "Actual Loops": 1
                                }
                            ],
                            "Plans": [
                                {
                                    "Node Type": "Hash Join",
                                    "Parent Relationship": "Outer",
                                    "Parallel Aware": true,
                                    "Join Type": "Inner",
                                    "Startup Cost": 38320.81,
                                    "Total Cost": 67736.7,
                                    "Plan Rows": 14245,
                                    "Plan Width": 0,
                                    "Actual Startup Time": 71.502,
                                    "Actual Total Time": 184.924,
                                    "Actual Rows": 25568,
                                    "Actual Loops": 4,
                                    "Inner Unique": true,
                                    "Hash Cond": "(mc.movie_id = t.id)",
                                    "Workers": [
                                        {
                                            "Worker Number": 0,
                                            "Actual Startup Time": 68.113,
                                            "Actual Total Time": 181.437,
                                            "Actual Rows": 28155,
                                            "Actual Loops": 1
                                        },
                                        {
                                            "Worker Number": 1,
                                            "Actual Startup Time": 68.229,
                                            "Actual Total Time": 181.579,
                                            "Actual Rows": 16391,
                                            "Actual Loops": 1
                                        },
                                        {
                                            "Worker Number": 2,
                                            "Actual Startup Time": 69.371,
                                            "Actual Total Time": 182.918,
                                            "Actual Rows": 28041,
                                            "Actual Loops": 1
                                        }
                                    ],
                                    "Plans": [
                                        {
                                            "Node Type": "Seq Scan",
                                            "Parent Relationship": "Outer",
                                            "Parallel Aware": true,
                                            "Relation Name": "movie_companies",
                                            "Schema": "public",
                                            "Alias": "mc",
                                            "Startup Cost": 0.0,
                                            "Total Cost": 27206.55,
                                            "Plan Rows": 841655,
                                            "Plan Width": 4,
                                            "Actual Startup Time": 0.02,
                                            "Actual Total Time": 59.142,
                                            "Actual Rows": 652282,
                                            "Actual Loops": 4,
                                            "Output": [
                                                "mc.id",
                                                "mc.movie_id",
                                                "mc.company_id",
                                                "mc.company_type_id",
                                                "mc.note"
                                            ],
                                            "Workers": [
                                                {
                                                    "Worker Number": 0,
                                                    "Actual Startup Time": 0.028,
                                                    "Actual Total Time": 59.974,
                                                    "Actual Rows": 705553,
                                                    "Actual Loops": 1
                                                },
                                                {
                                                    "Worker Number": 1,
                                                    "Actual Startup Time": 0.022,
                                                    "Actual Total Time": 59.871,
                                                    "Actual Rows": 435907,
                                                    "Actual Loops": 1
                                                },
                                                {
                                                    "Worker Number": 2,
                                                    "Actual Startup Time": 0.023,
                                                    "Actual Total Time": 60.527,
                                                    "Actual Rows": 719862,
                                                    "Actual Loops": 1
                                                }
                                            ]
                                        },
                                        {
                                            "Node Type": "Hash",
                                            "Parent Relationship": "Inner",
                                            "Parallel Aware": true,
                                            "Startup Cost": 38187.08,
                                            "Total Cost": 38187.08,
                                            "Plan Rows": 10698,
                                            "Plan Width": 4,
                                            "Actual Startup Time": 48.71,
                                            "Actual Total Time": 48.712,
                                            "Actual Rows": 14145,
                                            "Actual Loops": 4,
                                            "Output": [
                                                "t.id"
                                            ],
                                            "Hash Buckets": 65536,
                                            "Original Hash Buckets": 65536,
                                            "Hash Batches": 1,
                                            "Original Hash Batches": 1,
                                            "Peak Memory Usage": 2784,
                                            "Workers": [
                                                {
                                                    "Worker Number": 0,
                                                    "Actual Startup Time": 45.474,
                                                    "Actual Total Time": 45.475,
                                                    "Actual Rows": 7898,
                                                    "Actual Loops": 1
                                                },
                                                {
                                                    "Worker Number": 1,
                                                    "Actual Startup Time": 45.637,
                                                    "Actual Total Time": 45.638,
                                                    "Actual Rows": 6762,
                                                    "Actual Loops": 1
                                                },
                                                {
                                                    "Worker Number": 2,
                                                    "Actual Startup Time": 46.702,
                                                    "Actual Total Time": 46.703,
                                                    "Actual Rows": 7709,
                                                    "Actual Loops": 1
                                                }
                                            ],
                                            "Plans": [
                                                {
                                                    "Node Type": "Bitmap Heap Scan",
                                                    "Parent Relationship": "Outer",
                                                    "Parallel Aware": true,
                                                    "Relation Name": "title",
                                                    "Schema": "public",
                                                    "Alias": "t",
                                                    "Startup Cost": 1811.1,
                                                    "Total Cost": 38187.08,
                                                    "Plan Rows": 10698,
                                                    "Plan Width": 4,
                                                    "Actual Startup Time": 9.048,
                                                    "Actual Total Time": 42.944,
                                                    "Actual Rows": 14145,
                                                    "Actual Loops": 4,
                                                    "Output": [
                                                        "t.id"
                                                    ],
                                                    "Recheck Cond": "(t.kind_id = 3)",
                                                    "Rows Removed by Index Recheck": 0,
                                                    "Filter": "(t.production_year < 2001)",
                                                    "Rows Removed by Filter": 10990,
                                                    "Exact Heap Blocks": 7687,
                                                    "Lossy Heap Blocks": 0,
                                                    "Workers": [
                                                        {
                                                            "Worker Number": 0,
                                                            "Actual Startup Time": 5.811,
                                                            "Actual Total Time": 40.603,
                                                            "Actual Rows": 7898,
                                                            "Actual Loops": 1
                                                        },
                                                        {
                                                            "Worker Number": 1,
                                                            "Actual Startup Time": 6.019,
                                                            "Actual Total Time": 40.327,
                                                            "Actual Rows": 6762,
                                                            "Actual Loops": 1
                                                        },
                                                        {
                                                            "Worker Number": 2,
                                                            "Actual Startup Time": 7.115,
                                                            "Actual Total Time": 42.024,
                                                            "Actual Rows": 7709,
                                                            "Actual Loops": 1
                                                        }
                                                    ],
                                                    "Plans": [
                                                        {
                                                            "Node Type": "Bitmap Index Scan",
                                                            "Parent Relationship": "Outer",
                                                            "Parallel Aware": false,
                                                            "Index Name": "kind_id_title",
                                                            "Startup Cost": 0.0,
                                                            "Total Cost": 1800.4,
                                                            "Plan Rows": 100796,
                                                            "Plan Width": 0,
                                                            "Actual Startup Time": 13.073,
                                                            "Actual Total Time": 13.073,
                                                            "Actual Rows": 100537,
                                                            "Actual Loops": 1,
                                                            "Index Cond": "(t.kind_id = 3)"
                                                        }
                                                    ]
                                                }
                                            ]
                                        }
                                    ]
                                }
                            ]
                        }
                    ]
                }
            ]
        },
        "Planning Time": 218.263,
        "Triggers": [],
        "Execution Time": 204.966
    }
]