[
  {
    "Plan": {
      "Node Type": "Aggregate",
      "Strategy": "Plain",
      "Partial Mode": "Finalize",
      "Parallel Aware": false,
      "Startup Cost": 56233.59,
      "Total Cost": 56233.6,
      "Plan Rows": 1,
      "Plan Width": 8,
      "Actual Startup Time": 106.099,
      "Actual Total Time": 119.626,
      "Actual Rows": 1,
      "Actual Loops": 1,
      "Plans": [
        {
          "Node Type": "Gather",
          "Parent Relationship": "Outer",
          "Parallel Aware": false,
          "Startup Cost": 56233.17,
          "Total Cost": 56233.58,
          "Plan Rows": 4,
          "Plan Width": 8,
          "Actual Startup Time": 105.955,
          "Actual Total Time": 119.618,
          "Actual Rows": 5,
          "Actual Loops": 1,
          "Workers Planned": 4,
          "Workers Launched": 4,
          "Single Copy": false,
          "Plans": [
            {
              "Node Type": "Aggregate",
              "Strategy": "Plain",
              "Partial Mode": "Partial",
              "Parent Relationship": "Outer",
              "Parallel Aware": false,
              "Startup Cost": 55233.17,
              "Total Cost": 55233.18,
              "Plan Rows": 1,
              "Plan Width": 8,
              "Actual Startup Time": 95.995,
              "Actual Total Time": 95.996,
              "Actual Rows": 1,
              "Actual Loops": 5,
              "Plans": [
                {
                  "Node Type": "Nested Loop",
                  "Parent Relationship": "Outer",
                  "Parallel Aware": false,
                  "Join Type": "Inner",
                  "Startup Cost": 0.43,
                  "Total Cost": 55231.67,
                  "Plan Rows": 598,
                  "Plan Width": 0,
                  "Actual Startup Time": 2.816,
                  "Actual Total Time": 95.852,
                  "Actual Rows": 1216,
                  "Actual Loops": 5,
                  "Inner Unique": false,
                  "Plans": [
                    {
                      "Node Type": "Seq Scan",
                      "Parent Relationship": "Outer",
                      "Parallel Aware": true,
                      "Relation Name": "title",
                      "Alias": "t",
                      "Startup Cost": 0.0,
                      "Total Cost": 45479.1,
                      "Plan Rows": 1634,
                      "Plan Width": 4,
                      "Actual Startup Time": 2.06,
                      "Actual Total Time": 84.494,
                      "Actual Rows": 1383,
                      "Actual Loops": 5,
                      "Filter": "((kind_id < 4) AND (production_year = 1985))",
                      "Rows Removed by Filter": 504279
                    },
                    {
                      "Node Type": "Index Scan",
                      "Parent Relationship": "Inner",
                      "Parallel Aware": false,
                      "Scan Direction": "Forward",
                      "Index Name": "movie_id_movie_info_idx",
                      "Relation Name": "movie_info_idx",
                      "Alias": "mi_idx",
                      "Startup Cost": 0.43,
                      "Total Cost": 5.95,
                      "Plan Rows": 2,
                      "Plan Width": 4,
                      "Actual Startup Time": 0.008,
                      "Actual Total Time": 0.008,
                      "Actual Rows": 1,
                      "Actual Loops": 6915,
                      "Index Cond": "(movie_id = t.id)",
                      "Rows Removed by Index Recheck": 0,
                      "Filter": "(info_type_id > 99)",
                      "Rows Removed by Filter": 0
                    }
                  ]
                }
              ]
            }
          ]
        }
      ]
    },
    "Planning Time": 0.618,
    "Triggers": [],
    "Execution Time": 119.698
  }
]