{
  "Plan": {
    "Node Type": "Aggregate",
    "Strategy": "Plain",
    "Partial Mode": "Finalize",
    "Parallel Aware": false,
    "Startup Cost": 110370.0,
    "Total Cost": 110370.01,
    "Plan Rows": 1,
    "Plan Width": 8,
    "Actual Startup Time": 352.994,
    "Actual Total Time": 394.358,
    "Actual Rows": 1,
    "Actual Loops": 1,
    "Plans": [
      {
        "Node Type": "Gather",
        "Parent Relationship": "Outer",
        "Parallel Aware": false,
        "Startup Cost": 110369.88,
        "Total Cost": 110369.99,
        "Plan Rows": 1,
        "Plan Width": 8,
        "Actual Startup Time": 352.652,
        "Actual Total Time": 394.35,
        "Actual Rows": 2,
        "Actual Loops": 1,
        "Workers Planned": 1,
        "Workers Launched": 1,
        "Single Copy": false,
        "Plans": [
          {
            "Node Type": "Aggregate",
            "Strategy": "Plain",
            "Partial Mode": "Partial",
            "Parent Relationship": "Outer",
            "Parallel Aware": false,
            "Startup Cost": 109369.88,
            "Total Cost": 109369.89,
            "Plan Rows": 1,
            "Plan Width": 8,
            "Actual Startup Time": 346.411,
            "Actual Total Time": 346.416,
            "Actual Rows": 1,
            "Actual Loops": 2,
            "Plans": [
              {
                "Node Type": "Nested Loop",
                "Parent Relationship": "Outer",
                "Parallel Aware": false,
                "Join Type": "Inner",
                "Startup Cost": 67535.15,
                "Total Cost": 109278.11,
                "Plan Rows": 36708,
                "Plan Width": 0,
                "Actual Startup Time": 168.428,
                "Actual Total Time": 343.481,
                "Actual Rows": 51668,
                "Actual Loops": 2,
                "Inner Unique": false,
                "Join Filter": "(t.id = ci.movie_id)",
                "Rows Removed by Join Filter": 0,
                "Plans": [
                  {
                    "Node Type": "Hash Join",
                    "Parent Relationship": "Outer",
                    "Parallel Aware": true,
                    "Join Type": "Inner",
                    "Startup Cost": 67534.58,
                    "Total Cost": 95778.91,
                    "Plan Rows": 2562,
                    "Plan Width": 8,
                    "Actual Startup Time": 168.318,
                    "Actual Total Time": 247.045,
                    "Actual Rows": 1450,
                    "Actual Loops": 2,
                    "Inner Unique": true,
                    "Hash Cond": "(mk.movie_id = t.id)",
                    "Plans": [
                      {
                        "Node Type": "Bitmap Heap Scan",
                        "Parent Relationship": "Outer",
                        "Parallel Aware": true,
                        "Relation Name": "movie_keyword",
                        "Alias": "mk",
                        "Startup Cost": 9038.09,
                        "Total Cost": 36624.59,
                        "Plan Rows": 250600,
                        "Plan Width": 4,
                        "Actual Startup Time": 26.609,
                        "Actual Total Time": 81.766,
                        "Actual Rows": 221266,
                        "Actual Loops": 2,
                        "Recheck Cond": "(keyword_id < 347)",
                        "Rows Removed by Index Recheck": 0,
                        "Exact Heap Blocks": 16955,
                        "Lossy Heap Blocks": 0,
                        "Plans": [
                          {
                            "Node Type": "Bitmap Index Scan",
                            "Parent Relationship": "Outer",
                            "Parallel Aware": false,
                            "Index Name": "keyword_id_movie_keyword",
                            "Startup Cost": 0.0,
                            "Total Cost": 8931.58,
                            "Plan Rows": 426020,
                            "Plan Width": 0,
                            "Actual Startup Time": 22.999,
                            "Actual Total Time": 23.0,
                            "Actual Rows": 442531,
                            "Actual Loops": 1,
                            "Index Cond": "(keyword_id < 347)"
                          }
                        ]
                      },
                      {
                        "Node Type": "Hash",
                        "Parent Relationship": "Inner",
                        "Parallel Aware": true,
                        "Startup Cost": 58306.47,
                        "Total Cost": 58306.47,
                        "Plan Rows": 15202,
                        "Plan Width": 4,
                        "Actual Startup Time": 140.397,
                        "Actual Total Time": 140.398,
                        "Actual Rows": 11854,
                        "Actual Loops": 2,
                        "Hash Buckets": 32768,
                        "Original Hash Buckets": 32768,
                        "Hash Batches": 1,
                        "Original Hash Batches": 1,
                        "Peak Memory Usage": 1216,
                        "Plans": [
                          {
                            "Node Type": "Seq Scan",
                            "Parent Relationship": "Outer",
                            "Parallel Aware": true,
                            "Relation Name": "title",
                            "Alias": "t",
                            "Startup Cost": 0.0,
                            "Total Cost": 58306.47,
                            "Plan Rows": 15202,
                            "Plan Width": 4,
                            "Actual Startup Time": 0.28,
                            "Actual Total Time": 137.083,
                            "Actual Rows": 11854,
                            "Actual Loops": 2,
                            "Filter": "((kind_id < 7) AND (production_year = 2013))",
                            "Rows Removed by Filter": 1252302
                          }
                        ]
                      }
                    ]
                  },
                  {
                    "Node Type": "Index Only Scan",
                    "Parent Relationship": "Inner",
                    "Parallel Aware": false,
                    "Scan Direction": "Forward",
                    "Index Name": "movie_id_cast_info",
                    "Relation Name": "cast_info",
                    "Alias": "ci",
                    "Startup Cost": 0.56,
                    "Total Cost": 4.81,
                    "Plan Rows": 37,
                    "Plan Width": 4,
                    "Actual Startup Time": 0.01,
                    "Actual Total Time": 0.063,
                    "Actual Rows": 36,
                    "Actual Loops": 2899,
                    "Index Cond": "(movie_id = mk.movie_id)",
                    "Rows Removed by Index Recheck": 0,
                    "Heap Fetches": 103335
                  }
                ]
              }
            ]
          }
        ]
      }
    ]
  },
  "Planning Time": 0.941,
  "Triggers": [],
  "Execution Time": 394.472
}