[
  {
    "Plan": {
      "Node Type": "Aggregate",
      "Strategy": "Plain",
      "Partial Mode": "Finalize",
      "Parallel Aware": false,
      "Startup Cost": 46949.14,
      "Total Cost": 46949.15,
      "Plan Rows": 1,
      "Plan Width": 8,
      "Actual Startup Time": 210.806,
      "Actual Total Time": 217.761,
      "Actual Rows": 1,
      "Actual Loops": 1,
      "Plans": [
        {
          "Node Type": "Gather",
          "Parent Relationship": "Outer",
          "Parallel Aware": false,
          "Startup Cost": 46948.82,
          "Total Cost": 46949.13,
          "Plan Rows": 3,
          "Plan Width": 8,
          "Actual Startup Time": 210.666,
          "Actual Total Time": 217.75,
          "Actual Rows": 4,
          "Actual Loops": 1,
          "Workers Planned": 3,
          "Workers Launched": 3,
          "Single Copy": false,
          "Plans": [
            {
              "Node Type": "Aggregate",
              "Strategy": "Plain",
              "Partial Mode": "Partial",
              "Parent Relationship": "Outer",
              "Parallel Aware": false,
              "Startup Cost": 45948.82,
              "Total Cost": 45948.83,
              "Plan Rows": 1,
              "Plan Width": 8,
              "Actual Startup Time": 203.788,
              "Actual Total Time": 203.789,
              "Actual Rows": 1,
              "Actual Loops": 4,
              "Plans": [
                {
                  "Node Type": "Seq Scan",
                  "Parent Relationship": "Outer",
                  "Parallel Aware": true,
                  "Relation Name": "movie_keyword",
                  "Alias": "mk",
                  "Startup Cost": 0.0,
                  "Total Cost": 42695.65,
                  "Plan Rows": 1301266,
                  "Plan Width": 0,
                  "Actual Startup Time": 0.05,
                  "Actual Total Time": 144.826,
                  "Actual Rows": 1009078,
                  "Actual Loops": 4,
                  "Filter": "(keyword_id < 36834)",
                  "Rows Removed by Filter": 121905
                }
              ]
            }
          ]
        }
      ]
    },
    "Planning Time": 0.134,
    "Triggers": [],
    "Execution Time": 217.801
  }
]