[
  {
    "Plan": {
      "Node Type": "Aggregate",
      "Strategy": "Plain",
      "Partial Mode": "Finalize",
      "Parallel Aware": false,
      "Startup Cost": 45930.24,
      "Total Cost": 45930.25,
      "Plan Rows": 1,
      "Plan Width": 8,
      "Actual Startup Time": 113.983,
      "Actual Total Time": 127.389,
      "Actual Rows": 1,
      "Actual Loops": 1,
      "Plans": [
        {
          "Node Type": "Gather",
          "Parent Relationship": "Outer",
          "Parallel Aware": false,
          "Startup Cost": 45929.82,
          "Total Cost": 45930.23,
          "Plan Rows": 4,
          "Plan Width": 8,
          "Actual Startup Time": 113.858,
          "Actual Total Time": 127.38,
          "Actual Rows": 5,
          "Actual Loops": 1,
          "Workers Planned": 4,
          "Workers Launched": 4,
          "Single Copy": false,
          "Plans": [
            {
              "Node Type": "Aggregate",
              "Strategy": "Plain",
              "Partial Mode": "Partial",
              "Parent Relationship": "Outer",
              "Parallel Aware": false,
              "Startup Cost": 44929.82,
              "Total Cost": 44929.83,
              "Plan Rows": 1,
              "Plan Width": 8,
              "Actual Startup Time": 106.303,
              "Actual Total Time": 106.304,
              "Actual Rows": 1,
              "Actual Loops": 5,
              "Plans": [
                {
                  "Node Type": "Seq Scan",
                  "Parent Relationship": "Outer",
                  "Parallel Aware": true,
                  "Relation Name": "title",
                  "Alias": "t",
                  "Startup Cost": 0.0,
                  "Total Cost": 43898.92,
                  "Plan Rows": 412361,
                  "Plan Width": 0,
                  "Actual Startup Time": 0.032,
                  "Actual Total Time": 90.047,
                  "Actual Rows": 328703,
                  "Actual Loops": 5,
                  "Filter": "(production_year > 1994)",
                  "Rows Removed by Filter": 176960
                }
              ]
            }
          ]
        }
      ]
    },
    "Planning Time": 0.148,
    "Triggers": [],
    "Execution Time": 127.457
  }
]