[
  {
    "Plan": {
      "Node Type": "Aggregate",
      "Strategy": "Plain",
      "Partial Mode": "Finalize",
      "Parallel Aware": false,
      "Startup Cost": 606897.93,
      "Total Cost": 606897.94,
      "Plan Rows": 1,
      "Plan Width": 8,
      "Actual Startup Time": 3441.499,
      "Actual Total Time": 3539.569,
      "Actual Rows": 1,
      "Actual Loops": 1,
      "Plans": [
        {
          "Node Type": "Gather",
          "Parent Relationship": "Outer",
          "Parallel Aware": false,
          "Startup Cost": 606897.41,
          "Total Cost": 606897.92,
          "Plan Rows": 5,
          "Plan Width": 8,
          "Actual Startup Time": 3434.669,
          "Actual Total Time": 3539.534,
          "Actual Rows": 6,
          "Actual Loops": 1,
          "Workers Planned": 5,
          "Workers Launched": 5,
          "Single Copy": false,
          "Plans": [
            {
              "Node Type": "Aggregate",
              "Strategy": "Plain",
              "Partial Mode": "Partial",
              "Parent Relationship": "Outer",
              "Parallel Aware": false,
              "Startup Cost": 605897.41,
              "Total Cost": 605897.42,
              "Plan Rows": 1,
              "Plan Width": 8,
              "Actual Startup Time": 3420.655,
              "Actual Total Time": 3420.66,
              "Actual Rows": 1,
              "Actual Loops": 6,
              "Plans": [
                {
                  "Node Type": "Hash Join",
                  "Parent Relationship": "Outer",
                  "Parallel Aware": true,
                  "Join Type": "Inner",
                  "Startup Cost": 396248.86,
                  "Total Cost": 601697.12,
                  "Plan Rows": 1680114,
                  "Plan Width": 0,
                  "Actual Startup Time": 1449.159,
                  "Actual Total Time": 3127.233,
                  "Actual Rows": 6123778,
                  "Actual Loops": 6,
                  "Inner Unique": false,
                  "Hash Cond": "(mi.movie_id = t.id)",
                  "Plans": [
                    {
                      "Node Type": "Seq Scan",
                      "Parent Relationship": "Outer",
                      "Parallel Aware": true,
                      "Relation Name": "movie_info",
                      "Alias": "mi",
                      "Startup Cost": 0.0,
                      "Total Cost": 191560.33,
                      "Plan Rows": 2956733,
                      "Plan Width": 4,
                      "Actual Startup Time": 0.031,
                      "Actual Total Time": 347.557,
                      "Actual Rows": 2472620,
                      "Actual Loops": 6
                    },
                    {
                      "Node Type": "Hash",
                      "Parent Relationship": "Inner",
                      "Parallel Aware": true,
                      "Startup Cost": 393255.82,
                      "Total Cost": 393255.82,
                      "Plan Rows": 239443,
                      "Plan Width": 8,
                      "Actual Startup Time": 1441.543,
                      "Actual Total Time": 1441.547,
                      "Actual Rows": 249059,
                      "Actual Loops": 6,
                      "Hash Buckets": 2097152,
                      "Original Hash Buckets": 2097152,
                      "Hash Batches": 1,
                      "Original Hash Batches": 1,
                      "Peak Memory Usage": 74944,
                      "Plans": [
                        {
                          "Node Type": "Hash Join",
                          "Parent Relationship": "Outer",
                          "Parallel Aware": true,
                          "Join Type": "Inner",
                          "Startup Cost": 47363.62,
                          "Total Cost": 393255.82,
                          "Plan Rows": 239443,
                          "Plan Width": 8,
                          "Actual Startup Time": 146.247,
                          "Actual Total Time": 1320.505,
                          "Actual Rows": 249059,
                          "Actual Loops": 6,
                          "Inner Unique": true,
                          "Hash Cond": "(ci.movie_id = t.id)",
                          "Plans": [
                            {
                              "Node Type": "Seq Scan",
                              "Parent Relationship": "Outer",
                              "Parallel Aware": true,
                              "Relation Name": "cast_info",
                              "Alias": "ci",
                              "Startup Cost": 0.0,
                              "Total Cost": 343257.03,
                              "Plan Rows": 1003872,
                              "Plan Width": 4,
                              "Actual Startup Time": 0.026,
                              "Actual Total Time": 877.093,
                              "Actual Rows": 1182797,
                              "Actual Loops": 6,
                              "Filter": "((person_id < 787351) AND (role_id < 6))",
                              "Rows Removed by Filter": 4857927
                            },
                            {
                              "Node Type": "Hash",
                              "Parent Relationship": "Inner",
                              "Parallel Aware": true,
                              "Startup Cost": 45479.1,
                              "Total Cost": 45479.1,
                              "Plan Rows": 150762,
                              "Plan Width": 4,
                              "Actual Startup Time": 144.672,
                              "Actual Total Time": 144.673,
                              "Actual Rows": 84568,
                              "Actual Loops": 6,
                              "Hash Buckets": 1048576,
                              "Original Hash Buckets": 1048576,
                              "Hash Batches": 1,
                              "Original Hash Batches": 1,
                              "Peak Memory Usage": 28128,
                              "Plans": [
                                {
                                  "Node Type": "Seq Scan",
                                  "Parent Relationship": "Outer",
                                  "Parallel Aware": true,
                                  "Relation Name": "title",
                                  "Alias": "t",
                                  "Startup Cost": 0.0,
                                  "Total Cost": 45479.1,
                                  "Plan Rows": 150762,
                                  "Plan Width": 4,
                                  "Actual Startup Time": 0.051,
                                  "Actual Total Time": 98.99,
                                  "Actual Rows": 84568,
                                  "Actual Loops": 6,
                                  "Filter": "((kind_id < 7) AND (production_year > 1997))",
                                  "Rows Removed by Filter": 336818
                                }
                              ]
                            }
                          ]
                        }
                      ]
                    }
                  ]
                }
              ]
            }
          ]
        }
      ]
    },
    "Planning Time": 1.36,
    "Triggers": [],
    "Execution Time": 3539.672
  }
]