[
  {
    "Plan": {
      "Node Type": "Aggregate",
      "Strategy": "Plain",
      "Partial Mode": "Finalize",
      "Parallel Aware": false,
      "Startup Cost": 343905.98,
      "Total Cost": 343905.99,
      "Plan Rows": 1,
      "Plan Width": 8,
      "Actual Startup Time": 935.596,
      "Actual Total Time": 981.757,
      "Actual Rows": 1,
      "Actual Loops": 1,
      "Plans": [
        {
          "Node Type": "Gather",
          "Parent Relationship": "Outer",
          "Parallel Aware": false,
          "Startup Cost": 343905.35,
          "Total Cost": 343905.96,
          "Plan Rows": 6,
          "Plan Width": 8,
          "Actual Startup Time": 935.402,
          "Actual Total Time": 981.737,
          "Actual Rows": 7,
          "Actual Loops": 1,
          "Workers Planned": 6,
          "Workers Launched": 6,
          "Single Copy": false,
          "Plans": [
            {
              "Node Type": "Aggregate",
              "Strategy": "Plain",
              "Partial Mode": "Partial",
              "Parent Relationship": "Outer",
              "Parallel Aware": false,
              "Startup Cost": 342905.35,
              "Total Cost": 342905.36,
              "Plan Rows": 1,
              "Plan Width": 8,
              "Actual Startup Time": 929.962,
              "Actual Total Time": 929.964,
              "Actual Rows": 1,
              "Actual Loops": 7,
              "Plans": [
                {
                  "Node Type": "Seq Scan",
                  "Parent Relationship": "Outer",
                  "Parallel Aware": true,
                  "Relation Name": "cast_info",
                  "Alias": "ci",
                  "Startup Cost": 0.0,
                  "Total Cost": 328211.39,
                  "Plan Rows": 5877584,
                  "Plan Width": 0,
                  "Actual Startup Time": 15.056,
                  "Actual Total Time": 674.424,
                  "Actual Rows": 5030958,
                  "Actual Loops": 7,
                  "Filter": "(person_id > 104946)",
                  "Rows Removed by Filter": 146806
                }
              ]
            }
          ]
        }
      ]
    },
    "Planning Time": 0.121,
    "Triggers": [],
    "Execution Time": 981.812
  }
]