{
  "Plan": {
    "Node Type": "Aggregate",
    "Strategy": "Plain",
    "Partial Mode": "Finalize",
    "Parallel Aware": false,
    "Startup Cost": 251707.74,
    "Total Cost": 251707.75,
    "Plan Rows": 1,
    "Plan Width": 8,
    "Actual Startup Time": 410.534,
    "Actual Total Time": 426.588,
    "Actual Rows": 1,
    "Actual Loops": 1,
    "Plans": [
      {
        "Node Type": "Gather",
        "Parent Relationship": "Outer",
        "Parallel Aware": false,
        "Startup Cost": 251707.63,
        "Total Cost": 251707.74,
        "Plan Rows": 1,
        "Plan Width": 8,
        "Actual Startup Time": 409.948,
        "Actual Total Time": 426.58,
        "Actual Rows": 2,
        "Actual Loops": 1,
        "Workers Planned": 1,
        "Workers Launched": 1,
        "Single Copy": false,
        "Plans": [
          {
            "Node Type": "Aggregate",
            "Strategy": "Plain",
            "Partial Mode": "Partial",
            "Parent Relationship": "Outer",
            "Parallel Aware": false,
            "Startup Cost": 250707.63,
            "Total Cost": 250707.64,
            "Plan Rows": 1,
            "Plan Width": 8,
            "Actual Startup Time": 403.945,
            "Actual Total Time": 403.951,
            "Actual Rows": 1,
            "Actual Loops": 2,
            "Plans": [
              {
                "Node Type": "Hash Join",
                "Parent Relationship": "Outer",
                "Parallel Aware": true,
                "Join Type": "Inner",
                "Startup Cost": 77604.47,
                "Total Cost": 250659.24,
                "Plan Rows": 19356,
                "Plan Width": 0,
                "Actual Startup Time": 230.023,
                "Actual Total Time": 402.839,
                "Actual Rows": 19250,
                "Actual Loops": 2,
                "Inner Unique": true,
                "Hash Cond": "(mi.movie_id = t.id)",
                "Plans": [
                  {
                    "Node Type": "Bitmap Heap Scan",
                    "Parent Relationship": "Outer",
                    "Parallel Aware": true,
                    "Relation Name": "movie_info",
                    "Alias": "mi",
                    "Startup Cost": 22524.06,
                    "Total Cost": 193659.01,
                    "Plan Rows": 731356,
                    "Plan Width": 4,
                    "Actual Startup Time": 56.744,
                    "Actual Total Time": 181.337,
                    "Actual Rows": 602354,
                    "Actual Loops": 2,
                    "Recheck Cond": "(info_type_id > 18)",
                    "Rows Removed by Index Recheck": 0,
                    "Exact Heap Blocks": 18062,
                    "Lossy Heap Blocks": 0,
                    "Plans": [
                      {
                        "Node Type": "Bitmap Index Scan",
                        "Parent Relationship": "Outer",
                        "Parallel Aware": false,
                        "Index Name": "info_type_id_movie_info",
                        "Startup Cost": 0.0,
                        "Total Cost": 22213.23,
                        "Plan Rows": 1243306,
                        "Plan Width": 0,
                        "Actual Startup Time": 51.172,
                        "Actual Total Time": 51.173,
                        "Actual Rows": 1204709,
                        "Actual Loops": 1,
                        "Index Cond": "(info_type_id > 18)"
                      }
                    ]
                  },
                  {
                    "Node Type": "Hash",
                    "Parent Relationship": "Inner",
                    "Parallel Aware": true,
                    "Startup Cost": 54588.39,
                    "Total Cost": 54588.39,
                    "Plan Rows": 39362,
                    "Plan Width": 4,
                    "Actual Startup Time": 151.814,
                    "Actual Total Time": 151.815,
                    "Actual Rows": 33888,
                    "Actual Loops": 2,
                    "Hash Buckets": 131072,
                    "Original Hash Buckets": 131072,
                    "Hash Batches": 1,
                    "Original Hash Batches": 1,
                    "Peak Memory Usage": 3712,
                    "Plans": [
                      {
                        "Node Type": "Seq Scan",
                        "Parent Relationship": "Outer",
                        "Parallel Aware": true,
                        "Relation Name": "title",
                        "Alias": "t",
                        "Startup Cost": 0.0,
                        "Total Cost": 54588.39,
                        "Plan Rows": 39362,
                        "Plan Width": 4,
                        "Actual Startup Time": 0.053,
                        "Actual Total Time": 139.281,
                        "Actual Rows": 33888,
                        "Actual Loops": 2,
                        "Filter": "(production_year = 2003)",
                        "Rows Removed by Filter": 1230268
                      }
                    ]
                  }
                ]
              }
            ]
          }
        ]
      }
    ]
  },
  "Planning Time": 0.629,
  "Triggers": [],
  "Execution Time": 426.68
}