[
  {
    "Plan": {
      "Node Type": "Aggregate",
      "Strategy": "Plain",
      "Partial Mode": "Finalize",
      "Parallel Aware": false,
      "Startup Cost": 45604.08,
      "Total Cost": 45604.09,
      "Plan Rows": 1,
      "Plan Width": 8,
      "Actual Startup Time": 194.895,
      "Actual Total Time": 206.237,
      "Actual Rows": 1,
      "Actual Loops": 1,
      "Plans": [
        {
          "Node Type": "Gather",
          "Parent Relationship": "Outer",
          "Parallel Aware": false,
          "Startup Cost": 45603.77,
          "Total Cost": 45604.08,
          "Plan Rows": 3,
          "Plan Width": 8,
          "Actual Startup Time": 194.774,
          "Actual Total Time": 206.227,
          "Actual Rows": 4,
          "Actual Loops": 1,
          "Workers Planned": 3,
          "Workers Launched": 3,
          "Single Copy": false,
          "Plans": [
            {
              "Node Type": "Aggregate",
              "Strategy": "Plain",
              "Partial Mode": "Partial",
              "Parent Relationship": "Outer",
              "Parallel Aware": false,
              "Startup Cost": 44603.77,
              "Total Cost": 44603.78,
              "Plan Rows": 1,
              "Plan Width": 8,
              "Actual Startup Time": 185.274,
              "Actual Total Time": 185.276,
              "Actual Rows": 1,
              "Actual Loops": 4,
              "Plans": [
                {
                  "Node Type": "Seq Scan",
                  "Parent Relationship": "Outer",
                  "Parallel Aware": true,
                  "Relation Name": "movie_keyword",
                  "Alias": "mk",
                  "Startup Cost": 0.0,
                  "Total Cost": 42695.65,
                  "Plan Rows": 763245,
                  "Plan Width": 0,
                  "Actual Startup Time": 0.074,
                  "Actual Total Time": 149.792,
                  "Actual Rows": 595106,
                  "Actual Loops": 4,
                  "Filter": "(keyword_id < 5457)",
                  "Rows Removed by Filter": 535876
                }
              ]
            }
          ]
        }
      ]
    },
    "Planning Time": 0.159,
    "Triggers": [],
    "Execution Time": 206.282
  }
]