[
  {
    "Plan": {
      "Node Type": "Aggregate",
      "Strategy": "Plain",
      "Partial Mode": "Finalize",
      "Parallel Aware": false,
      "Startup Cost": 47208.97,
      "Total Cost": 47208.98,
      "Plan Rows": 1,
      "Plan Width": 8,
      "Actual Startup Time": 173.432,
      "Actual Total Time": 183.527,
      "Actual Rows": 1,
      "Actual Loops": 1,
      "Plans": [
        {
          "Node Type": "Gather",
          "Parent Relationship": "Outer",
          "Parallel Aware": false,
          "Startup Cost": 47208.66,
          "Total Cost": 47208.97,
          "Plan Rows": 3,
          "Plan Width": 8,
          "Actual Startup Time": 173.307,
          "Actual Total Time": 183.519,
          "Actual Rows": 4,
          "Actual Loops": 1,
          "Workers Planned": 3,
          "Workers Launched": 3,
          "Single Copy": false,
          "Plans": [
            {
              "Node Type": "Aggregate",
              "Strategy": "Plain",
              "Partial Mode": "Partial",
              "Parent Relationship": "Outer",
              "Parallel Aware": false,
              "Startup Cost": 46208.66,
              "Total Cost": 46208.67,
              "Plan Rows": 1,
              "Plan Width": 8,
              "Actual Startup Time": 167.733,
              "Actual Total Time": 167.734,
              "Actual Rows": 1,
              "Actual Loops": 4,
              "Plans": [
                {
                  "Node Type": "Seq Scan",
                  "Parent Relationship": "Outer",
                  "Parallel Aware": true,
                  "Relation Name": "movie_keyword",
                  "Alias": "mk",
                  "Startup Cost": 0.0,
                  "Total Cost": 42695.65,
                  "Plan Rows": 1405201,
                  "Plan Width": 0,
                  "Actual Startup Time": 0.04,
                  "Actual Total Time": 121.933,
                  "Actual Rows": 1091080,
                  "Actual Loops": 4,
                  "Filter": "(keyword_id < 72887)",
                  "Rows Removed by Filter": 39902
                }
              ]
            }
          ]
        }
      ]
    },
    "Planning Time": 0.168,
    "Triggers": [],
    "Execution Time": 183.573
  }
]