{
  "Plan": {
    "Node Type": "Aggregate",
    "Strategy": "Plain",
    "Partial Mode": "Simple",
    "Parallel Aware": false,
    "Startup Cost": 5037.33,
    "Total Cost": 5037.34,
    "Plan Rows": 1,
    "Plan Width": 8,
    "Actual Startup Time": 3.336,
    "Actual Total Time": 3.339,
    "Actual Rows": 1,
    "Actual Loops": 1,
    "Plans": [
      {
        "Node Type": "Nested Loop",
        "Parent Relationship": "Outer",
        "Parallel Aware": false,
        "Join Type": "Inner",
        "Startup Cost": 1.43,
        "Total Cost": 5037.25,
        "Plan Rows": 33,
        "Plan Width": 0,
        "Actual Startup Time": 0.306,
        "Actual Total Time": 3.328,
        "Actual Rows": 6,
        "Actual Loops": 1,
        "Inner Unique": false,
        "Plans": [
          {
            "Node Type": "Nested Loop",
            "Parent Relationship": "Outer",
            "Parallel Aware": false,
            "Join Type": "Inner",
            "Startup Cost": 0.99,
            "Total Cost": 4670.52,
            "Plan Rows": 170,
            "Plan Width": 8,
            "Actual Startup Time": 0.2,
            "Actual Total Time": 2.909,
            "Actual Rows": 11,
            "Actual Loops": 1,
            "Inner Unique": true,
            "Plans": [
              {
                "Node Type": "Index Scan",
                "Parent Relationship": "Outer",
                "Parallel Aware": false,
                "Scan Direction": "Forward",
                "Index Name": "person_id_cast_info",
                "Relation Name": "cast_info",
                "Alias": "ci",
                "Startup Cost": 0.56,
                "Total Cost": 1059.67,
                "Plan Rows": 433,
                "Plan Width": 4,
                "Actual Startup Time": 0.175,
                "Actual Total Time": 0.424,
                "Actual Rows": 354,
                "Actual Loops": 1,
                "Index Cond": "(person_id = 1355945)",
                "Rows Removed by Index Recheck": 0,
                "Filter": "(role_id < 10)",
                "Rows Removed by Filter": 2
              },
              {
                "Node Type": "Index Scan",
                "Parent Relationship": "Inner",
                "Parallel Aware": false,
                "Scan Direction": "Forward",
                "Index Name": "title_pkey",
                "Relation Name": "title",
                "Alias": "t",
                "Startup Cost": 0.43,
                "Total Cost": 8.34,
                "Plan Rows": 1,
                "Plan Width": 4,
                "Actual Startup Time": 0.006,
                "Actual Total Time": 0.006,
                "Actual Rows": 0,
                "Actual Loops": 354,
                "Index Cond": "(id = ci.movie_id)",
                "Rows Removed by Index Recheck": 0,
                "Filter": "(kind_id < 7)",
                "Rows Removed by Filter": 1
              }
            ]
          },
          {
            "Node Type": "Index Scan",
            "Parent Relationship": "Inner",
            "Parallel Aware": false,
            "Scan Direction": "Forward",
            "Index Name": "movie_id_movie_info",
            "Relation Name": "movie_info",
            "Alias": "mi",
            "Startup Cost": 0.43,
            "Total Cost": 2.15,
            "Plan Rows": 1,
            "Plan Width": 4,
            "Actual Startup Time": 0.03,
            "Actual Total Time": 0.037,
            "Actual Rows": 1,
            "Actual Loops": 11,
            "Index Cond": "(movie_id = t.id)",
            "Rows Removed by Index Recheck": 0,
            "Filter": "(info_type_id = 5)",
            "Rows Removed by Filter": 9
          }
        ]
      }
    ]
  },
  "Planning Time": 1.098,
  "Triggers": [],
  "Execution Time": 3.415
}