[
  {
    "Plan": {
      "Node Type": "Aggregate",
      "Strategy": "Plain",
      "Partial Mode": "Finalize",
      "Parallel Aware": false,
      "Startup Cost": 125430.42,
      "Total Cost": 125430.43,
      "Plan Rows": 1,
      "Plan Width": 8,
      "Actual Startup Time": 594.279,
      "Actual Total Time": 613.464,
      "Actual Rows": 1,
      "Actual Loops": 1,
      "Plans": [
        {
          "Node Type": "Gather",
          "Parent Relationship": "Outer",
          "Parallel Aware": false,
          "Startup Cost": 125430.1,
          "Total Cost": 125430.41,
          "Plan Rows": 3,
          "Plan Width": 8,
          "Actual Startup Time": 583.093,
          "Actual Total Time": 613.423,
          "Actual Rows": 4,
          "Actual Loops": 1,
          "Workers Planned": 3,
          "Workers Launched": 3,
          "Single Copy": false,
          "Plans": [
            {
              "Node Type": "Aggregate",
              "Strategy": "Plain",
              "Partial Mode": "Partial",
              "Parent Relationship": "Outer",
              "Parallel Aware": false,
              "Startup Cost": 124430.1,
              "Total Cost": 124430.11,
              "Plan Rows": 1,
              "Plan Width": 8,
              "Actual Startup Time": 567.583,
              "Actual Total Time": 567.591,
              "Actual Rows": 1,
              "Actual Loops": 4,
              "Plans": [
                {
                  "Node Type": "Hash Join",
                  "Parent Relationship": "Outer",
                  "Parallel Aware": true,
                  "Join Type": "Inner",
                  "Startup Cost": 79594.03,
                  "Total Cost": 124292.02,
                  "Plan Rows": 55232,
                  "Plan Width": 0,
                  "Actual Startup Time": 363.265,
                  "Actual Total Time": 563.428,
                  "Actual Rows": 83985,
                  "Actual Loops": 4,
                  "Inner Unique": false,
                  "Hash Cond": "(mk.movie_id = t.id)",
                  "Plans": [
                    {
                      "Node Type": "Seq Scan",
                      "Parent Relationship": "Outer",
                      "Parallel Aware": true,
                      "Relation Name": "movie_keyword",
                      "Alias": "mk",
                      "Startup Cost": 0.0,
                      "Total Cost": 39047.32,
                      "Plan Rows": 1459332,
                      "Plan Width": 4,
                      "Actual Startup Time": 0.021,
                      "Actual Total Time": 96.82,
                      "Actual Rows": 1130982,
                      "Actual Loops": 4
                    },
                    {
                      "Node Type": "Hash",
                      "Parent Relationship": "Inner",
                      "Parallel Aware": true,
                      "Startup Cost": 79208.17,
                      "Total Cost": 79208.17,
                      "Plan Rows": 30869,
                      "Plan Width": 8,
                      "Actual Startup Time": 361.382,
                      "Actual Total Time": 361.388,
                      "Actual Rows": 30474,
                      "Actual Loops": 4,
                      "Hash Buckets": 131072,
                      "Original Hash Buckets": 131072,
                      "Hash Batches": 1,
                      "Original Hash Batches": 1,
                      "Peak Memory Usage": 5856,
                      "Plans": [
                        {
                          "Node Type": "Hash Join",
                          "Parent Relationship": "Outer",
                          "Parallel Aware": true,
                          "Join Type": "Inner",
                          "Startup Cost": 58211.17,
                          "Total Cost": 79208.17,
                          "Plan Rows": 30869,
                          "Plan Width": 8,
                          "Actual Startup Time": 278.676,
                          "Actual Total Time": 352.606,
                          "Actual Rows": 30474,
                          "Actual Loops": 4,
                          "Inner Unique": true,
                          "Hash Cond": "(mc.movie_id = t.id)",
                          "Plans": [
                            {
                              "Node Type": "Bitmap Heap Scan",
                              "Parent Relationship": "Outer",
                              "Parallel Aware": true,
                              "Relation Name": "movie_companies",
                              "Alias": "mc",
                              "Startup Cost": 9051.02,
                              "Total Cost": 29874.07,
                              "Plan Rows": 66268,
                              "Plan Width": 4,
                              "Actual Startup Time": 23.966,
                              "Actual Total Time": 65.086,
                              "Actual Rows": 79216,
                              "Actual Loops": 4,
                              "Recheck Cond": "(company_id < 283)",
                              "Rows Removed by Index Recheck": 0,
                              "Filter": "(company_type_id = 1)",
                              "Rows Removed by Filter": 24271,
                              "Exact Heap Blocks": 7153,
                              "Lossy Heap Blocks": 0,
                              "Plans": [
                                {
                                  "Node Type": "Bitmap Index Scan",
                                  "Parent Relationship": "Outer",
                                  "Parallel Aware": false,
                                  "Index Name": "company_id_movie_companies",
                                  "Startup Cost": 0.0,
                                  "Total Cost": 8999.66,
                                  "Plan Rows": 420164,
                                  "Plan Width": 0,
                                  "Actual Startup Time": 21.19,
                                  "Actual Total Time": 21.19,
                                  "Actual Rows": 413947,
                                  "Actual Loops": 1,
                                  "Index Cond": "(company_id < 283)"
                                }
                              ]
                            },
                            {
                              "Node Type": "Hash",
                              "Parent Relationship": "Inner",
                              "Parallel Aware": true,
                              "Startup Cost": 45479.59,
                              "Total Cost": 45479.59,
                              "Plan Rows": 294445,
                              "Plan Width": 4,
                              "Actual Startup Time": 247.893,
                              "Actual Total Time": 247.894,
                              "Actual Rows": 315207,
                              "Actual Loops": 4,
                              "Hash Buckets": 2097152,
                              "Original Hash Buckets": 2097152,
                              "Hash Batches": 1,
                              "Original Hash Batches": 1,
                              "Peak Memory Usage": 65760,
                              "Plans": [
                                {
                                  "Node Type": "Seq Scan",
                                  "Parent Relationship": "Outer",
                                  "Parallel Aware": true,
                                  "Relation Name": "title",
                                  "Alias": "t",
                                  "Startup Cost": 0.0,
                                  "Total Cost": 45479.59,
                                  "Plan Rows": 294445,
                                  "Plan Width": 4,
                                  "Actual Startup Time": 0.038,
                                  "Actual Total Time": 114.429,
                                  "Actual Rows": 315207,
                                  "Actual Loops": 4,
                                  "Filter": "((production_year > 1981) AND (kind_id = 7))",
                                  "Rows Removed by Filter": 316871
                                }
                              ]
                            }
                          ]
                        }
                      ]
                    }
                  ]
                }
              ]
            }
          ]
        }
      ]
    },
    "Planning Time": 1.479,
    "Triggers": [],
    "Execution Time": 613.572
  }
]