[
  {
    "Plan": {
      "Node Type": "Aggregate",
      "Strategy": "Plain",
      "Partial Mode": "Finalize",
      "Parallel Aware": false,
      "Startup Cost": 31938.56,
      "Total Cost": 31938.57,
      "Plan Rows": 1,
      "Plan Width": 8,
      "Actual Startup Time": 99.501,
      "Actual Total Time": 105.844,
      "Actual Rows": 1,
      "Actual Loops": 1,
      "Plans": [
        {
          "Node Type": "Gather",
          "Parent Relationship": "Outer",
          "Parallel Aware": false,
          "Startup Cost": 31938.24,
          "Total Cost": 31938.55,
          "Plan Rows": 3,
          "Plan Width": 8,
          "Actual Startup Time": 99.378,
          "Actual Total Time": 105.836,
          "Actual Rows": 4,
          "Actual Loops": 1,
          "Workers Planned": 3,
          "Workers Launched": 3,
          "Single Copy": false,
          "Plans": [
            {
              "Node Type": "Aggregate",
              "Strategy": "Plain",
              "Partial Mode": "Partial",
              "Parent Relationship": "Outer",
              "Parallel Aware": false,
              "Startup Cost": 30938.24,
              "Total Cost": 30938.25,
              "Plan Rows": 1,
              "Plan Width": 8,
              "Actual Startup Time": 96.327,
              "Actual Total Time": 96.328,
              "Actual Rows": 1,
              "Actual Loops": 4,
              "Plans": [
                {
                  "Node Type": "Seq Scan",
                  "Parent Relationship": "Outer",
                  "Parallel Aware": true,
                  "Relation Name": "movie_companies",
                  "Alias": "mc",
                  "Startup Cost": 0.0,
                  "Total Cost": 29310.68,
                  "Plan Rows": 651024,
                  "Plan Width": 0,
                  "Actual Startup Time": 0.106,
                  "Actual Total Time": 73.42,
                  "Actual Rows": 506290,
                  "Actual Loops": 4,
                  "Filter": "(company_id > 661)",
                  "Rows Removed by Filter": 145992
                }
              ]
            }
          ]
        }
      ]
    },
    "Planning Time": 0.079,
    "Triggers": [],
    "Execution Time": 105.869
  }
]