[
  {
    "Plan": {
      "Node Type": "Aggregate",
      "Strategy": "Plain",
      "Partial Mode": "Finalize",
      "Parallel Aware": false,
      "Startup Cost": 31430.51,
      "Total Cost": 31430.52,
      "Plan Rows": 1,
      "Plan Width": 8,
      "Actual Startup Time": 97.998,
      "Actual Total Time": 105.165,
      "Actual Rows": 1,
      "Actual Loops": 1,
      "Plans": [
        {
          "Node Type": "Gather",
          "Parent Relationship": "Outer",
          "Parallel Aware": false,
          "Startup Cost": 31430.19,
          "Total Cost": 31430.5,
          "Plan Rows": 3,
          "Plan Width": 8,
          "Actual Startup Time": 97.859,
          "Actual Total Time": 105.157,
          "Actual Rows": 4,
          "Actual Loops": 1,
          "Workers Planned": 3,
          "Workers Launched": 3,
          "Single Copy": false,
          "Plans": [
            {
              "Node Type": "Aggregate",
              "Strategy": "Plain",
              "Partial Mode": "Partial",
              "Parent Relationship": "Outer",
              "Parallel Aware": false,
              "Startup Cost": 30430.19,
              "Total Cost": 30430.2,
              "Plan Rows": 1,
              "Plan Width": 8,
              "Actual Startup Time": 94.634,
              "Actual Total Time": 94.635,
              "Actual Rows": 1,
              "Actual Loops": 4,
              "Plans": [
                {
                  "Node Type": "Seq Scan",
                  "Parent Relationship": "Outer",
                  "Parallel Aware": true,
                  "Relation Name": "movie_companies",
                  "Alias": "mc",
                  "Startup Cost": 0.0,
                  "Total Cost": 29310.68,
                  "Plan Rows": 447803,
                  "Plan Width": 0,
                  "Actual Startup Time": 0.014,
                  "Actual Total Time": 77.078,
                  "Actual Rows": 349436,
                  "Actual Loops": 4,
                  "Filter": "(company_id < 12167)",
                  "Rows Removed by Filter": 302846
                }
              ]
            }
          ]
        }
      ]
    },
    "Planning Time": 0.081,
    "Triggers": [],
    "Execution Time": 105.191
  }
]