[
  {
    "Plan": {
      "Node Type": "Aggregate",
      "Strategy": "Plain",
      "Partial Mode": "Finalize",
      "Parallel Aware": false,
      "Startup Cost": 31440.83,
      "Total Cost": 31440.84,
      "Plan Rows": 1,
      "Plan Width": 8,
      "Actual Startup Time": 110.383,
      "Actual Total Time": 116.186,
      "Actual Rows": 1,
      "Actual Loops": 1,
      "Plans": [
        {
          "Node Type": "Gather",
          "Parent Relationship": "Outer",
          "Parallel Aware": false,
          "Startup Cost": 31440.51,
          "Total Cost": 31440.82,
          "Plan Rows": 3,
          "Plan Width": 8,
          "Actual Startup Time": 110.258,
          "Actual Total Time": 116.177,
          "Actual Rows": 4,
          "Actual Loops": 1,
          "Workers Planned": 3,
          "Workers Launched": 3,
          "Single Copy": false,
          "Plans": [
            {
              "Node Type": "Aggregate",
              "Strategy": "Plain",
              "Partial Mode": "Partial",
              "Parent Relationship": "Outer",
              "Parallel Aware": false,
              "Startup Cost": 30440.51,
              "Total Cost": 30440.52,
              "Plan Rows": 1,
              "Plan Width": 8,
              "Actual Startup Time": 104.401,
              "Actual Total Time": 104.402,
              "Actual Rows": 1,
              "Actual Loops": 4,
              "Plans": [
                {
                  "Node Type": "Seq Scan",
                  "Parent Relationship": "Outer",
                  "Parallel Aware": true,
                  "Relation Name": "movie_companies",
                  "Alias": "mc",
                  "Startup Cost": 0.0,
                  "Total Cost": 29310.68,
                  "Plan Rows": 451933,
                  "Plan Width": 0,
                  "Actual Startup Time": 0.038,
                  "Actual Total Time": 82.864,
                  "Actual Rows": 349436,
                  "Actual Loops": 4,
                  "Filter": "(company_id < 12167)",
                  "Rows Removed by Filter": 302846
                }
              ]
            }
          ]
        }
      ]
    },
    "Planning Time": 0.192,
    "Triggers": [],
    "Execution Time": 116.241
  }
]