[
    {
        "Bao": {
            "Bao prediction": "NaN",
            "Bao recommended hint": "(no hint)"
        }
    },
    {
        "Plan": {
            "Node Type": "Aggregate",
            "Strategy": "Plain",
            "Partial Mode": "Finalize",
            "Parallel Aware": false,
            "Startup Cost": 45632.56,
            "Total Cost": 45632.57,
            "Plan Rows": 1,
            "Plan Width": 8,
            "Actual Startup Time": 152.889,
            "Actual Total Time": 159.958,
            "Actual Rows": 1,
            "Actual Loops": 1,
            "Output": [
                "count(*)"
            ],
            "Plans": [
                {
                    "Node Type": "Gather",
                    "Parent Relationship": "Outer",
                    "Parallel Aware": false,
                    "Startup Cost": 45632.24,
                    "Total Cost": 45632.55,
                    "Plan Rows": 3,
                    "Plan Width": 8,
                    "Actual Startup Time": 152.753,
                    "Actual Total Time": 159.949,
                    "Actual Rows": 4,
                    "Actual Loops": 1,
                    "Output": [
                        "(PARTIAL count(*))"
                    ],
                    "Workers Planned": 3,
                    "Workers Launched": 3,
                    "Single Copy": false,
                    "Plans": [
                        {
                            "Node Type": "Aggregate",
                            "Strategy": "Plain",
                            "Partial Mode": "Partial",
                            "Parent Relationship": "Outer",
                            "Parallel Aware": false,
                            "Startup Cost": 44632.24,
                            "Total Cost": 44632.25,
                            "Plan Rows": 1,
                            "Plan Width": 8,
                            "Actual Startup Time": 144.397,
                            "Actual Total Time": 144.398,
                            "Actual Rows": 1,
                            "Actual Loops": 4,
                            "Output": [
                                "PARTIAL count(*)"
                            ],
                            "Workers": [
                                {
                                    "Worker Number": 0,
                                    "Actual Startup Time": 141.35,
                                    "Actual Total Time": 141.352,
                                    "Actual Rows": 1,
                                    "Actual Loops": 1
                                },
                                {
                                    "Worker Number": 1,
                                    "Actual Startup Time": 141.948,
                                    "Actual Total Time": 141.949,
                                    "Actual Rows": 1,
                                    "Actual Loops": 1
                                },
                                {
                                    "Worker Number": 2,
                                    "Actual Startup Time": 142.179,
                                    "Actual Total Time": 142.18,
                                    "Actual Rows": 1,
                                    "Actual Loops": 1
                                }
                            ],
                            "Plans": [
                                {
                                    "Node Type": "Seq Scan",
                                    "Parent Relationship": "Outer",
                                    "Parallel Aware": true,
                                    "Relation Name": "movie_keyword",
                                    "Schema": "public",
                                    "Alias": "mk",
                                    "Startup Cost": 0.0,
                                    "Total Cost": 42695.65,
                                    "Plan Rows": 774634,
                                    "Plan Width": 0,
                                    "Actual Startup Time": 0.239,
                                    "Actual Total Time": 114.52,
                                    "Actual Rows": 600742,
                                    "Actual Loops": 4,
                                    "Output": [
                                        "id",
                                        "movie_id",
                                        "keyword_id"
                                    ],
                                    "Filter": "(mk.keyword_id > 3891)",
                                    "Rows Removed by Filter": 530240,
                                    "Workers": [
                                        {
                                            "Worker Number": 0,
                                            "Actual Startup Time": 0.061,
                                            "Actual Total Time": 113.298,
                                            "Actual Rows": 376377,
                                            "Actual Loops": 1
                                        },
                                        {
                                            "Worker Number": 1,
                                            "Actual Startup Time": 0.057,
                                            "Actual Total Time": 113.105,
                                            "Actual Rows": 585278,
                                            "Actual Loops": 1
                                        },
                                        {
                                            "Worker Number": 2,
                                            "Actual Startup Time": 0.07,
                                            "Actual Total Time": 113.298,
                                            "Actual Rows": 583027,
                                            "Actual Loops": 1
                                        }
                                    ]
                                }
                            ]
                        }
                    ]
                }
            ]
        },
        "Planning Time": 178.736,
        "Triggers": [],
        "Execution Time": 160.032
    }
]