[
  {
    "Plan": {
      "Node Type": "Aggregate",
      "Strategy": "Plain",
      "Partial Mode": "Finalize",
      "Parallel Aware": false,
      "Startup Cost": 45143.18,
      "Total Cost": 45143.19,
      "Plan Rows": 1,
      "Plan Width": 8,
      "Actual Startup Time": 126.7,
      "Actual Total Time": 136.145,
      "Actual Rows": 1,
      "Actual Loops": 1,
      "Plans": [
        {
          "Node Type": "Gather",
          "Parent Relationship": "Outer",
          "Parallel Aware": false,
          "Startup Cost": 45142.86,
          "Total Cost": 45143.17,
          "Plan Rows": 3,
          "Plan Width": 8,
          "Actual Startup Time": 126.528,
          "Actual Total Time": 136.135,
          "Actual Rows": 4,
          "Actual Loops": 1,
          "Workers Planned": 3,
          "Workers Launched": 3,
          "Single Copy": false,
          "Plans": [
            {
              "Node Type": "Aggregate",
              "Strategy": "Plain",
              "Partial Mode": "Partial",
              "Parent Relationship": "Outer",
              "Parallel Aware": false,
              "Startup Cost": 44142.86,
              "Total Cost": 44142.87,
              "Plan Rows": 1,
              "Plan Width": 8,
              "Actual Startup Time": 121.373,
              "Actual Total Time": 121.374,
              "Actual Rows": 1,
              "Actual Loops": 4,
              "Plans": [
                {
                  "Node Type": "Seq Scan",
                  "Parent Relationship": "Outer",
                  "Parallel Aware": true,
                  "Relation Name": "movie_keyword",
                  "Alias": "mk",
                  "Startup Cost": 0.0,
                  "Total Cost": 42695.65,
                  "Plan Rows": 578882,
                  "Plan Width": 0,
                  "Actual Startup Time": 0.551,
                  "Actual Total Time": 101.512,
                  "Actual Rows": 444120,
                  "Actual Loops": 4,
                  "Filter": "(keyword_id > 7788)",
                  "Rows Removed by Filter": 686862
                }
              ]
            }
          ]
        }
      ]
    },
    "Planning Time": 0.068,
    "Triggers": [],
    "Execution Time": 136.172
  }
]