[
  {
    "Plan": {
      "Node Type": "Aggregate",
      "Strategy": "Plain",
      "Partial Mode": "Finalize",
      "Parallel Aware": false,
      "Startup Cost": 44686.72,
      "Total Cost": 44686.73,
      "Plan Rows": 1,
      "Plan Width": 8,
      "Actual Startup Time": 149.611,
      "Actual Total Time": 156.72,
      "Actual Rows": 1,
      "Actual Loops": 1,
      "Plans": [
        {
          "Node Type": "Gather",
          "Parent Relationship": "Outer",
          "Parallel Aware": false,
          "Startup Cost": 44686.4,
          "Total Cost": 44686.71,
          "Plan Rows": 3,
          "Plan Width": 8,
          "Actual Startup Time": 149.482,
          "Actual Total Time": 156.711,
          "Actual Rows": 4,
          "Actual Loops": 1,
          "Workers Planned": 3,
          "Workers Launched": 3,
          "Single Copy": false,
          "Plans": [
            {
              "Node Type": "Aggregate",
              "Strategy": "Plain",
              "Partial Mode": "Partial",
              "Parent Relationship": "Outer",
              "Parallel Aware": false,
              "Startup Cost": 43686.4,
              "Total Cost": 43686.41,
              "Plan Rows": 1,
              "Plan Width": 8,
              "Actual Startup Time": 142.695,
              "Actual Total Time": 142.697,
              "Actual Rows": 1,
              "Actual Loops": 4,
              "Plans": [
                {
                  "Node Type": "Seq Scan",
                  "Parent Relationship": "Outer",
                  "Parallel Aware": true,
                  "Relation Name": "movie_keyword",
                  "Alias": "mk",
                  "Startup Cost": 0.0,
                  "Total Cost": 42695.65,
                  "Plan Rows": 396300,
                  "Plan Width": 0,
                  "Actual Startup Time": 1.19,
                  "Actual Total Time": 123.944,
                  "Actual Rows": 307798,
                  "Actual Loops": 4,
                  "Filter": "(keyword_id > 14722)",
                  "Rows Removed by Filter": 823184
                }
              ]
            }
          ]
        }
      ]
    },
    "Planning Time": 0.104,
    "Triggers": [],
    "Execution Time": 156.753
  }
]