[
  {
    "Plan": {
      "Node Type": "Aggregate",
      "Strategy": "Plain",
      "Partial Mode": "Finalize",
      "Parallel Aware": false,
      "Startup Cost": 44908.49,
      "Total Cost": 44908.5,
      "Plan Rows": 1,
      "Plan Width": 8,
      "Actual Startup Time": 88.006,
      "Actual Total Time": 99.249,
      "Actual Rows": 1,
      "Actual Loops": 1,
      "Plans": [
        {
          "Node Type": "Gather",
          "Parent Relationship": "Outer",
          "Parallel Aware": false,
          "Startup Cost": 44908.07,
          "Total Cost": 44908.48,
          "Plan Rows": 4,
          "Plan Width": 8,
          "Actual Startup Time": 87.739,
          "Actual Total Time": 99.235,
          "Actual Rows": 5,
          "Actual Loops": 1,
          "Workers Planned": 4,
          "Workers Launched": 4,
          "Single Copy": false,
          "Plans": [
            {
              "Node Type": "Aggregate",
              "Strategy": "Plain",
              "Partial Mode": "Partial",
              "Parent Relationship": "Outer",
              "Parallel Aware": false,
              "Startup Cost": 43908.07,
              "Total Cost": 43908.08,
              "Plan Rows": 1,
              "Plan Width": 8,
              "Actual Startup Time": 81.352,
              "Actual Total Time": 81.354,
              "Actual Rows": 1,
              "Actual Loops": 5,
              "Plans": [
                {
                  "Node Type": "Seq Scan",
                  "Parent Relationship": "Outer",
                  "Parallel Aware": true,
                  "Relation Name": "title",
                  "Alias": "t",
                  "Startup Cost": 0.0,
                  "Total Cost": 43899.32,
                  "Plan Rows": 3498,
                  "Plan Width": 0,
                  "Actual Startup Time": 0.117,
                  "Actual Total Time": 81.021,
                  "Actual Rows": 2920,
                  "Actual Loops": 5,
                  "Filter": "(production_year = 1967)",
                  "Rows Removed by Filter": 502742
                }
              ]
            }
          ]
        }
      ]
    },
    "Planning Time": 0.043,
    "Triggers": [],
    "Execution Time": 99.275
  }
]