[
  {
    "Plan": {
      "Node Type": "Aggregate",
      "Strategy": "Plain",
      "Partial Mode": "Finalize",
      "Parallel Aware": false,
      "Startup Cost": 128356.03,
      "Total Cost": 128356.04,
      "Plan Rows": 1,
      "Plan Width": 8,
      "Actual Startup Time": 605.076,
      "Actual Total Time": 625.062,
      "Actual Rows": 1,
      "Actual Loops": 1,
      "Plans": [
        {
          "Node Type": "Gather",
          "Parent Relationship": "Outer",
          "Parallel Aware": false,
          "Startup Cost": 128355.71,
          "Total Cost": 128356.02,
          "Plan Rows": 3,
          "Plan Width": 8,
          "Actual Startup Time": 599.149,
          "Actual Total Time": 625.051,
          "Actual Rows": 4,
          "Actual Loops": 1,
          "Workers Planned": 3,
          "Workers Launched": 3,
          "Single Copy": false,
          "Plans": [
            {
              "Node Type": "Aggregate",
              "Strategy": "Plain",
              "Partial Mode": "Partial",
              "Parent Relationship": "Outer",
              "Parallel Aware": false,
              "Startup Cost": 127355.71,
              "Total Cost": 127355.72,
              "Plan Rows": 1,
              "Plan Width": 8,
              "Actual Startup Time": 589.818,
              "Actual Total Time": 590.136,
              "Actual Rows": 1,
              "Actual Loops": 4,
              "Plans": [
                {
                  "Node Type": "Hash Join",
                  "Parent Relationship": "Outer",
                  "Parallel Aware": true,
                  "Join Type": "Inner",
                  "Startup Cost": 81904.81,
                  "Total Cost": 126949.18,
                  "Plan Rows": 162612,
                  "Plan Width": 0,
                  "Actual Startup Time": 369.525,
                  "Actual Total Time": 574.928,
                  "Actual Rows": 377162,
                  "Actual Loops": 4,
                  "Inner Unique": false,
                  "Hash Cond": "(mk.movie_id = t.id)",
                  "Plans": [
                    {
                      "Node Type": "Seq Scan",
                      "Parent Relationship": "Outer",
                      "Parallel Aware": true,
                      "Relation Name": "movie_keyword",
                      "Alias": "mk",
                      "Startup Cost": 0.0,
                      "Total Cost": 39047.32,
                      "Plan Rows": 1459332,
                      "Plan Width": 4,
                      "Actual Startup Time": 0.032,
                      "Actual Total Time": 86.489,
                      "Actual Rows": 1130982,
                      "Actual Loops": 4
                    },
                    {
                      "Node Type": "Hash",
                      "Parent Relationship": "Inner",
                      "Parallel Aware": true,
                      "Startup Cost": 80768.83,
                      "Total Cost": 80768.83,
                      "Plan Rows": 90879,
                      "Plan Width": 8,
                      "Actual Startup Time": 365.883,
                      "Actual Total Time": 366.199,
                      "Actual Rows": 83018,
                      "Actual Loops": 4,
                      "Hash Buckets": 524288,
                      "Original Hash Buckets": 524288,
                      "Hash Batches": 1,
                      "Original Hash Batches": 1,
                      "Peak Memory Usage": 17120,
                      "Plans": [
                        {
                          "Node Type": "Hash Join",
                          "Parent Relationship": "Outer",
                          "Parallel Aware": true,
                          "Join Type": "Inner",
                          "Startup Cost": 48783.64,
                          "Total Cost": 80768.83,
                          "Plan Rows": 90879,
                          "Plan Width": 8,
                          "Actual Startup Time": 217.624,
                          "Actual Total Time": 341.843,
                          "Actual Rows": 83018,
                          "Actual Loops": 4,
                          "Inner Unique": true,
                          "Hash Cond": "(mc.movie_id = t.id)",
                          "Plans": [
                            {
                              "Node Type": "Seq Scan",
                              "Parent Relationship": "Outer",
                              "Parallel Aware": true,
                              "Relation Name": "movie_companies",
                              "Alias": "mc",
                              "Startup Cost": 0.0,
                              "Total Cost": 31414.82,
                              "Plan Rows": 217285,
                              "Plan Width": 4,
                              "Actual Startup Time": 0.019,
                              "Actual Total Time": 66.16,
                              "Actual Rows": 230460,
                              "Actual Loops": 4,
                              "Filter": "((company_id < 11728) AND (company_type_id < 2))",
                              "Rows Removed by Filter": 421822
                            },
                            {
                              "Node Type": "Hash",
                              "Parent Relationship": "Inner",
                              "Parallel Aware": true,
                              "Startup Cost": 45479.1,
                              "Total Cost": 45479.1,
                              "Plan Rows": 264363,
                              "Plan Width": 4,
                              "Actual Startup Time": 212.116,
                              "Actual Total Time": 212.117,
                              "Actual Rows": 250817,
                              "Actual Loops": 4,
                              "Hash Buckets": 2097152,
                              "Original Hash Buckets": 2097152,
                              "Hash Batches": 1,
                              "Original Hash Batches": 1,
                              "Peak Memory Usage": 55712,
                              "Plans": [
                                {
                                  "Node Type": "Seq Scan",
                                  "Parent Relationship": "Outer",
                                  "Parallel Aware": true,
                                  "Relation Name": "title",
                                  "Alias": "t",
                                  "Startup Cost": 0.0,
                                  "Total Cost": 45479.1,
                                  "Plan Rows": 264363,
                                  "Plan Width": 4,
                                  "Actual Startup Time": 0.047,
                                  "Actual Total Time": 105.916,
                                  "Actual Rows": 250817,
                                  "Actual Loops": 4,
                                  "Filter": "((kind_id > 1) AND (production_year < 2006))",
                                  "Rows Removed by Filter": 381261
                                }
                              ]
                            }
                          ]
                        }
                      ]
                    }
                  ]
                }
              ]
            }
          ]
        }
      ]
    },
    "Planning Time": 1.524,
    "Triggers": [],
    "Execution Time": 625.146
  }
]