{
  "Plan": {
    "Node Type": "Aggregate",
    "Strategy": "Plain",
    "Partial Mode": "Finalize",
    "Parallel Aware": false,
    "Startup Cost": 65955.72,
    "Total Cost": 65955.73,
    "Plan Rows": 1,
    "Plan Width": 8,
    "Actual Startup Time": 258.022,
    "Actual Total Time": 267.737,
    "Actual Rows": 1,
    "Actual Loops": 1,
    "Plans": [
      {
        "Node Type": "Gather",
        "Parent Relationship": "Outer",
        "Parallel Aware": false,
        "Startup Cost": 65955.61,
        "Total Cost": 65955.72,
        "Plan Rows": 1,
        "Plan Width": 8,
        "Actual Startup Time": 257.893,
        "Actual Total Time": 267.728,
        "Actual Rows": 2,
        "Actual Loops": 1,
        "Workers Planned": 1,
        "Workers Launched": 1,
        "Single Copy": false,
        "Plans": [
          {
            "Node Type": "Aggregate",
            "Strategy": "Plain",
            "Partial Mode": "Partial",
            "Parent Relationship": "Outer",
            "Parallel Aware": false,
            "Startup Cost": 64955.61,
            "Total Cost": 64955.62,
            "Plan Rows": 1,
            "Plan Width": 8,
            "Actual Startup Time": 251.6,
            "Actual Total Time": 251.605,
            "Actual Rows": 1,
            "Actual Loops": 2,
            "Plans": [
              {
                "Node Type": "Hash Join",
                "Parent Relationship": "Outer",
                "Parallel Aware": false,
                "Join Type": "Inner",
                "Startup Cost": 2739.7,
                "Total Cost": 64955.34,
                "Plan Rows": 109,
                "Plan Width": 0,
                "Actual Startup Time": 65.433,
                "Actual Total Time": 251.186,
                "Actual Rows": 10122,
                "Actual Loops": 2,
                "Inner Unique": false,
                "Hash Cond": "(mk.movie_id = t.id)",
                "Plans": [
                  {
                    "Node Type": "Seq Scan",
                    "Parent Relationship": "Outer",
                    "Parallel Aware": true,
                    "Relation Name": "movie_keyword",
                    "Alias": "mk",
                    "Startup Cost": 0.0,
                    "Total Cost": 57718.19,
                    "Plan Rows": 1199028,
                    "Plan Width": 4,
                    "Actual Startup Time": 1.679,
                    "Actual Total Time": 187.014,
                    "Actual Rows": 1018469,
                    "Actual Loops": 2,
                    "Filter": "(keyword_id > 6043)",
                    "Rows Removed by Filter": 1243496
                  },
                  {
                    "Node Type": "Hash",
                    "Parent Relationship": "Inner",
                    "Parallel Aware": false,
                    "Startup Cost": 2736.83,
                    "Total Cost": 2736.83,
                    "Plan Rows": 230,
                    "Plan Width": 8,
                    "Actual Startup Time": 7.918,
                    "Actual Total Time": 7.92,
                    "Actual Rows": 260,
                    "Actual Loops": 2,
                    "Hash Buckets": 1024,
                    "Original Hash Buckets": 1024,
                    "Hash Batches": 1,
                    "Original Hash Batches": 1,
                    "Peak Memory Usage": 19,
                    "Plans": [
                      {
                        "Node Type": "Nested Loop",
                        "Parent Relationship": "Outer",
                        "Parallel Aware": false,
                        "Join Type": "Inner",
                        "Startup Cost": 6.64,
                        "Total Cost": 2736.83,
                        "Plan Rows": 230,
                        "Plan Width": 8,
                        "Actual Startup Time": 0.285,
                        "Actual Total Time": 7.651,
                        "Actual Rows": 260,
                        "Actual Loops": 2,
                        "Inner Unique": true,
                        "Plans": [
                          {
                            "Node Type": "Bitmap Heap Scan",
                            "Parent Relationship": "Outer",
                            "Parallel Aware": false,
                            "Relation Name": "movie_info_idx",
                            "Alias": "mi_idx",
                            "Startup Cost": 6.21,
                            "Total Cost": 801.9,
                            "Plan Rows": 230,
                            "Plan Width": 4,
                            "Actual Startup Time": 0.157,
                            "Actual Total Time": 0.254,
                            "Actual Rows": 260,
                            "Actual Loops": 2,
                            "Recheck Cond": "(info_type_id > 101)",
                            "Rows Removed by Index Recheck": 0,
                            "Exact Heap Blocks": 2,
                            "Lossy Heap Blocks": 0,
                            "Plans": [
                              {
                                "Node Type": "Bitmap Index Scan",
                                "Parent Relationship": "Outer",
                                "Parallel Aware": false,
                                "Index Name": "info_type_id_movie_info_idx",
                                "Startup Cost": 0.0,
                                "Total Cost": 6.15,
                                "Plan Rows": 230,
                                "Plan Width": 0,
                                "Actual Startup Time": 0.113,
                                "Actual Total Time": 0.114,
                                "Actual Rows": 260,
                                "Actual Loops": 2,
                                "Index Cond": "(info_type_id > 101)"
                              }
                            ]
                          },
                          {
                            "Node Type": "Index Only Scan",
                            "Parent Relationship": "Inner",
                            "Parallel Aware": false,
                            "Scan Direction": "Forward",
                            "Index Name": "title_pkey",
                            "Relation Name": "title",
                            "Alias": "t",
                            "Startup Cost": 0.43,
                            "Total Cost": 8.41,
                            "Plan Rows": 1,
                            "Plan Width": 4,
                            "Actual Startup Time": 0.027,
                            "Actual Total Time": 0.027,
                            "Actual Rows": 1,
                            "Actual Loops": 520,
                            "Index Cond": "(id = mi_idx.movie_id)",
                            "Rows Removed by Index Recheck": 0,
                            "Heap Fetches": 520
                          }
                        ]
                      }
                    ]
                  }
                ]
              }
            ]
          }
        ]
      }
    ]
  },
  "Planning Time": 1.073,
  "Triggers": [],
  "Execution Time": 267.843
}