{
  "Plan": {
    "Node Type": "Aggregate",
    "Strategy": "Plain",
    "Partial Mode": "Finalize",
    "Parallel Aware": false,
    "Startup Cost": 294536.05,
    "Total Cost": 294536.06,
    "Plan Rows": 1,
    "Plan Width": 8,
    "Actual Startup Time": 1987.254,
    "Actual Total Time": 2025.562,
    "Actual Rows": 1,
    "Actual Loops": 1,
    "Plans": [
      {
        "Node Type": "Gather",
        "Parent Relationship": "Outer",
        "Parallel Aware": false,
        "Startup Cost": 294535.94,
        "Total Cost": 294536.05,
        "Plan Rows": 1,
        "Plan Width": 8,
        "Actual Startup Time": 1974.197,
        "Actual Total Time": 2025.552,
        "Actual Rows": 2,
        "Actual Loops": 1,
        "Workers Planned": 1,
        "Workers Launched": 1,
        "Single Copy": false,
        "Plans": [
          {
            "Node Type": "Aggregate",
            "Strategy": "Plain",
            "Partial Mode": "Partial",
            "Parent Relationship": "Outer",
            "Parallel Aware": false,
            "Startup Cost": 293535.94,
            "Total Cost": 293535.95,
            "Plan Rows": 1,
            "Plan Width": 8,
            "Actual Startup Time": 1965.053,
            "Actual Total Time": 1966.745,
            "Actual Rows": 1,
            "Actual Loops": 2,
            "Plans": [
              {
                "Node Type": "Hash Join",
                "Parent Relationship": "Outer",
                "Parallel Aware": true,
                "Join Type": "Inner",
                "Startup Cost": 146788.94,
                "Total Cost": 292382.75,
                "Plan Rows": 461273,
                "Plan Width": 0,
                "Actual Startup Time": 1411.172,
                "Actual Total Time": 1914.37,
                "Actual Rows": 1042972,
                "Actual Loops": 2,
                "Inner Unique": false,
                "Hash Cond": "(ci.movie_id = t.id)",
                "Plans": [
                  {
                    "Node Type": "Index Scan",
                    "Parent Relationship": "Outer",
                    "Parallel Aware": true,
                    "Scan Direction": "Forward",
                    "Index Name": "role_id_cast_info",
                    "Relation Name": "cast_info",
                    "Alias": "ci",
                    "Startup Cost": 0.56,
                    "Total Cost": 140896.75,
                    "Plan Rows": 529135,
                    "Plan Width": 4,
                    "Actual Startup Time": 0.103,
                    "Actual Total Time": 350.771,
                    "Actual Rows": 148856,
                    "Actual Loops": 2,
                    "Index Cond": "(role_id = 10)",
                    "Rows Removed by Index Recheck": 0,
                    "Filter": "(person_id < 740934)",
                    "Rows Removed by Filter": 2012654
                  },
                  {
                    "Node Type": "Hash",
                    "Parent Relationship": "Inner",
                    "Parallel Aware": true,
                    "Startup Cost": 130582.2,
                    "Total Cost": 130582.2,
                    "Plan Rows": 1296494,
                    "Plan Width": 8,
                    "Actual Startup Time": 1391.651,
                    "Actual Total Time": 1393.34,
                    "Actual Rows": 1102410,
                    "Actual Loops": 2,
                    "Hash Buckets": 4194304,
                    "Original Hash Buckets": 4194304,
                    "Hash Batches": 1,
                    "Original Hash Batches": 1,
                    "Peak Memory Usage": 119040,
                    "Plans": [
                      {
                        "Node Type": "Hash Join",
                        "Parent Relationship": "Outer",
                        "Parallel Aware": true,
                        "Join Type": "Inner",
                        "Startup Cost": 69460.7,
                        "Total Cost": 130582.2,
                        "Plan Rows": 1296494,
                        "Plan Width": 8,
                        "Actual Startup Time": 628.425,
                        "Actual Total Time": 1137.596,
                        "Actual Rows": 1102410,
                        "Actual Loops": 2,
                        "Inner Unique": true,
                        "Hash Cond": "(mk.movie_id = t.id)",
                        "Plans": [
                          {
                            "Node Type": "Seq Scan",
                            "Parent Relationship": "Outer",
                            "Parallel Aware": true,
                            "Relation Name": "movie_keyword",
                            "Alias": "mk",
                            "Startup Cost": 0.0,
                            "Total Cost": 57718.19,
                            "Plan Rows": 1296494,
                            "Plan Width": 4,
                            "Actual Startup Time": 0.019,
                            "Actual Total Time": 247.093,
                            "Actual Rows": 1102410,
                            "Actual Loops": 2,
                            "Filter": "(keyword_id < 4443)",
                            "Rows Removed by Filter": 1159554
                          },
                          {
                            "Node Type": "Hash",
                            "Parent Relationship": "Inner",
                            "Parallel Aware": true,
                            "Startup Cost": 50870.31,
                            "Total Cost": 50870.31,
                            "Plan Rows": 1487231,
                            "Plan Width": 4,
                            "Actual Startup Time": 616.43,
                            "Actual Total Time": 616.431,
                            "Actual Rows": 1264156,
                            "Actual Loops": 2,
                            "Hash Buckets": 4194304,
                            "Original Hash Buckets": 4194304,
                            "Hash Batches": 1,
                            "Original Hash Batches": 1,
                            "Peak Memory Usage": 131712,
                            "Plans": [
                              {
                                "Node Type": "Seq Scan",
                                "Parent Relationship": "Outer",
                                "Parallel Aware": true,
                                "Relation Name": "title",
                                "Alias": "t",
                                "Startup Cost": 0.0,
                                "Total Cost": 50870.31,
                                "Plan Rows": 1487231,
                                "Plan Width": 4,
                                "Actual Startup Time": 0.026,
                                "Actual Total Time": 196.651,
                                "Actual Rows": 1264156,
                                "Actual Loops": 2
                              }
                            ]
                          }
                        ]
                      }
                    ]
                  }
                ]
              }
            ]
          }
        ]
      }
    ]
  },
  "Planning Time": 0.776,
  "Triggers": [],
  "Execution Time": 2025.641
}