[
  {
    "Plan": {
      "Node Type": "Aggregate",
      "Strategy": "Plain",
      "Partial Mode": "Finalize",
      "Parallel Aware": false,
      "Startup Cost": 106868.5,
      "Total Cost": 106868.51,
      "Plan Rows": 1,
      "Plan Width": 8,
      "Actual Startup Time": 427.252,
      "Actual Total Time": 447.324,
      "Actual Rows": 1,
      "Actual Loops": 1,
      "Plans": [
        {
          "Node Type": "Gather",
          "Parent Relationship": "Outer",
          "Parallel Aware": false,
          "Startup Cost": 106868.08,
          "Total Cost": 106868.49,
          "Plan Rows": 4,
          "Plan Width": 8,
          "Actual Startup Time": 425.228,
          "Actual Total Time": 447.313,
          "Actual Rows": 5,
          "Actual Loops": 1,
          "Workers Planned": 4,
          "Workers Launched": 4,
          "Single Copy": false,
          "Plans": [
            {
              "Node Type": "Aggregate",
              "Strategy": "Plain",
              "Partial Mode": "Partial",
              "Parent Relationship": "Outer",
              "Parallel Aware": false,
              "Startup Cost": 105868.08,
              "Total Cost": 105868.09,
              "Plan Rows": 1,
              "Plan Width": 8,
              "Actual Startup Time": 414.791,
              "Actual Total Time": 414.796,
              "Actual Rows": 1,
              "Actual Loops": 5,
              "Plans": [
                {
                  "Node Type": "Nested Loop",
                  "Parent Relationship": "Outer",
                  "Parallel Aware": false,
                  "Join Type": "Inner",
                  "Startup Cost": 24667.37,
                  "Total Cost": 105781.44,
                  "Plan Rows": 34657,
                  "Plan Width": 0,
                  "Actual Startup Time": 119.471,
                  "Actual Total Time": 399.745,
                  "Actual Rows": 320830,
                  "Actual Loops": 5,
                  "Inner Unique": false,
                  "Plans": [
                    {
                      "Node Type": "Hash Join",
                      "Parent Relationship": "Outer",
                      "Parallel Aware": true,
                      "Join Type": "Inner",
                      "Startup Cost": 24666.94,
                      "Total Cost": 69867.62,
                      "Plan Rows": 19369,
                      "Plan Width": 8,
                      "Actual Startup Time": 117.677,
                      "Actual Total Time": 192.432,
                      "Actual Rows": 38385,
                      "Actual Loops": 5,
                      "Inner Unique": false,
                      "Hash Cond": "(t.id = mc.movie_id)",
                      "Plans": [
                        {
                          "Node Type": "Seq Scan",
                          "Parent Relationship": "Outer",
                          "Parallel Aware": true,
                          "Relation Name": "title",
                          "Alias": "t",
                          "Startup Cost": 0.0,
                          "Total Cost": 43898.92,
                          "Plan Rows": 247857,
                          "Plan Width": 4,
                          "Actual Startup Time": 0.018,
                          "Actual Total Time": 79.642,
                          "Actual Rows": 197010,
                          "Actual Loops": 5,
                          "Filter": "(kind_id < 7)",
                          "Rows Removed by Filter": 308653
                        },
                        {
                          "Node Type": "Hash",
                          "Parent Relationship": "Inner",
                          "Parallel Aware": true,
                          "Startup Cost": 23870.27,
                          "Total Cost": 23870.27,
                          "Plan Rows": 63733,
                          "Plan Width": 4,
                          "Actual Startup Time": 57.127,
                          "Actual Total Time": 57.129,
                          "Actual Rows": 38385,
                          "Actual Loops": 5,
                          "Hash Buckets": 262144,
                          "Original Hash Buckets": 262144,
                          "Hash Batches": 1,
                          "Original Hash Batches": 1,
                          "Peak Memory Usage": 9664,
                          "Plans": [
                            {
                              "Node Type": "Bitmap Heap Scan",
                              "Parent Relationship": "Outer",
                              "Parallel Aware": true,
                              "Relation Name": "movie_companies",
                              "Alias": "mc",
                              "Startup Cost": 4283.61,
                              "Total Cost": 23870.27,
                              "Plan Rows": 63733,
                              "Plan Width": 4,
                              "Actual Startup Time": 14.563,
                              "Actual Total Time": 39.55,
                              "Actual Rows": 38385,
                              "Actual Loops": 5,
                              "Recheck Cond": "(company_id > 116075)",
                              "Rows Removed by Index Recheck": 0,
                              "Exact Heap Blocks": 1799,
                              "Lossy Heap Blocks": 0,
                              "Plans": [
                                {
                                  "Node Type": "Bitmap Index Scan",
                                  "Parent Relationship": "Outer",
                                  "Parallel Aware": false,
                                  "Index Name": "company_id_movie_companies",
                                  "Startup Cost": 0.0,
                                  "Total Cost": 4234.22,
                                  "Plan Rows": 197572,
                                  "Plan Width": 0,
                                  "Actual Startup Time": 16.746,
                                  "Actual Total Time": 16.747,
                                  "Actual Rows": 191924,
                                  "Actual Loops": 1,
                                  "Index Cond": "(company_id > 116075)"
                                }
                              ]
                            }
                          ]
                        }
                      ]
                    },
                    {
                      "Node Type": "Index Only Scan",
                      "Parent Relationship": "Inner",
                      "Parallel Aware": false,
                      "Scan Direction": "Forward",
                      "Index Name": "movie_id_movie_keyword",
                      "Relation Name": "movie_keyword",
                      "Alias": "mk",
                      "Startup Cost": 0.43,
                      "Total Cost": 1.4,
                      "Plan Rows": 45,
                      "Plan Width": 4,
                      "Actual Startup Time": 0.003,
                      "Actual Total Time": 0.005,
                      "Actual Rows": 8,
                      "Actual Loops": 191924,
                      "Index Cond": "(movie_id = t.id)",
                      "Rows Removed by Index Recheck": 0,
                      "Heap Fetches": 1604149
                    }
                  ]
                }
              ]
            }
          ]
        }
      ]
    },
    "Planning Time": 1.379,
    "Triggers": [],
    "Execution Time": 447.437
  }
]