[
  {
    "Plan": {
      "Node Type": "Aggregate",
      "Strategy": "Plain",
      "Partial Mode": "Finalize",
      "Parallel Aware": false,
      "Startup Cost": 239580.73,
      "Total Cost": 239580.74,
      "Plan Rows": 1,
      "Plan Width": 8,
      "Actual Startup Time": 180.243,
      "Actual Total Time": 210.271,
      "Actual Rows": 1,
      "Actual Loops": 1,
      "Plans": [
        {
          "Node Type": "Gather",
          "Parent Relationship": "Outer",
          "Parallel Aware": false,
          "Startup Cost": 239580.31,
          "Total Cost": 239580.72,
          "Plan Rows": 4,
          "Plan Width": 8,
          "Actual Startup Time": 179.917,
          "Actual Total Time": 210.257,
          "Actual Rows": 5,
          "Actual Loops": 1,
          "Workers Planned": 4,
          "Workers Launched": 4,
          "Single Copy": false,
          "Plans": [
            {
              "Node Type": "Aggregate",
              "Strategy": "Plain",
              "Partial Mode": "Partial",
              "Parent Relationship": "Outer",
              "Parallel Aware": false,
              "Startup Cost": 238580.31,
              "Total Cost": 238580.32,
              "Plan Rows": 1,
              "Plan Width": 8,
              "Actual Startup Time": 173.908,
              "Actual Total Time": 173.91,
              "Actual Rows": 1,
              "Actual Loops": 5,
              "Plans": [
                {
                  "Node Type": "Nested Loop",
                  "Parent Relationship": "Outer",
                  "Parallel Aware": false,
                  "Join Type": "Inner",
                  "Startup Cost": 0.43,
                  "Total Cost": 238557.19,
                  "Plan Rows": 9248,
                  "Plan Width": 0,
                  "Actual Startup Time": 0.196,
                  "Actual Total Time": 173.146,
                  "Actual Rows": 6362,
                  "Actual Loops": 5,
                  "Inner Unique": false,
                  "Plans": [
                    {
                      "Node Type": "Seq Scan",
                      "Parent Relationship": "Outer",
                      "Parallel Aware": true,
                      "Relation Name": "title",
                      "Alias": "t",
                      "Startup Cost": 0.0,
                      "Total Cost": 43899.32,
                      "Plan Rows": 7712,
                      "Plan Width": 4,
                      "Actual Startup Time": 0.044,
                      "Actual Total Time": 72.266,
                      "Actual Rows": 6005,
                      "Actual Loops": 5,
                      "Filter": "(production_year = 1994)",
                      "Rows Removed by Filter": 499657
                    },
                    {
                      "Node Type": "Index Scan",
                      "Parent Relationship": "Inner",
                      "Parallel Aware": false,
                      "Scan Direction": "Forward",
                      "Index Name": "movie_id_movie_info",
                      "Relation Name": "movie_info",
                      "Alias": "mi",
                      "Startup Cost": 0.43,
                      "Total Cost": 25.16,
                      "Plan Rows": 8,
                      "Plan Width": 4,
                      "Actual Startup Time": 0.012,
                      "Actual Total Time": 0.016,
                      "Actual Rows": 1,
                      "Actual Loops": 30027,
                      "Index Cond": "(movie_id = t.id)",
                      "Rows Removed by Index Recheck": 0,
                      "Filter": "(info_type_id = 16)",
                      "Rows Removed by Filter": 5
                    }
                  ]
                }
              ]
            }
          ]
        }
      ]
    },
    "Planning Time": 0.744,
    "Triggers": [],
    "Execution Time": 210.349
  }
]