[
  {
    "Plan": {
      "Node Type": "Aggregate",
      "Strategy": "Plain",
      "Partial Mode": "Finalize",
      "Parallel Aware": false,
      "Startup Cost": 499142.8,
      "Total Cost": 499142.81,
      "Plan Rows": 1,
      "Plan Width": 96,
      "Actual Startup Time": 3026.167,
      "Actual Total Time": 3149.452,
      "Actual Rows": 1,
      "Actual Loops": 1,
      "Plans": [
        {
          "Node Type": "Gather",
          "Parent Relationship": "Outer",
          "Parallel Aware": false,
          "Startup Cost": 499142.36,
          "Total Cost": 499142.77,
          "Plan Rows": 4,
          "Plan Width": 96,
          "Actual Startup Time": 3015.126,
          "Actual Total Time": 3149.405,
          "Actual Rows": 5,
          "Actual Loops": 1,
          "Workers Planned": 4,
          "Workers Launched": 4,
          "Single Copy": false,
          "Plans": [
            {
              "Node Type": "Aggregate",
              "Strategy": "Plain",
              "Partial Mode": "Partial",
              "Parent Relationship": "Outer",
              "Parallel Aware": false,
              "Startup Cost": 498142.36,
              "Total Cost": 498142.37,
              "Plan Rows": 1,
              "Plan Width": 96,
              "Actual Startup Time": 3004.841,
              "Actual Total Time": 3004.852,
              "Actual Rows": 1,
              "Actual Loops": 5,
              "Plans": [
                {
                  "Node Type": "Hash Join",
                  "Parent Relationship": "Outer",
                  "Parallel Aware": true,
                  "Join Type": "Inner",
                  "Startup Cost": 428190.74,
                  "Total Cost": 498131.09,
                  "Plan Rows": 1503,
                  "Plan Width": 48,
                  "Actual Startup Time": 2552.632,
                  "Actual Total Time": 2967.65,
                  "Actual Rows": 257954,
                  "Actual Loops": 5,
                  "Inner Unique": false,
                  "Hash Cond": "(n.id = ci.person_id)",
                  "Plans": [
                    {
                      "Node Type": "Seq Scan",
                      "Parent Relationship": "Outer",
                      "Parallel Aware": true,
                      "Relation Name": "name",
                      "Alias": "n",
                      "Startup Cost": 0.0,
                      "Total Cost": 66031.07,
                      "Plan Rows": 1041807,
                      "Plan Width": 19,
                      "Actual Startup Time": 0.026,
                      "Actual Total Time": 127.745,
                      "Actual Rows": 833498,
                      "Actual Loops": 5
                    },
                    {
                      "Node Type": "Hash",
                      "Parent Relationship": "Inner",
                      "Parallel Aware": true,
                      "Startup Cost": 428178.21,
                      "Total Cost": 428178.21,
                      "Plan Rows": 1002,
                      "Plan Width": 37,
                      "Actual Startup Time": 2551.415,
                      "Actual Total Time": 2551.424,
                      "Actual Rows": 257954,
                      "Actual Loops": 5,
                      "Hash Buckets": 2097152,
                      "Original Hash Buckets": 8192,
                      "Hash Batches": 1,
                      "Original Hash Batches": 1,
                      "Peak Memory Usage": 116128,
                      "Plans": [
                        {
                          "Node Type": "Hash Join",
                          "Parent Relationship": "Outer",
                          "Parallel Aware": true,
                          "Join Type": "Inner",
                          "Startup Cost": 92465.49,
                          "Total Cost": 428178.21,
                          "Plan Rows": 1002,
                          "Plan Width": 37,
                          "Actual Startup Time": 514.064,
                          "Actual Total Time": 2347.785,
                          "Actual Rows": 257954,
                          "Actual Loops": 5,
                          "Inner Unique": false,
                          "Hash Cond": "(ci.movie_id = t.id)",
                          "Plans": [
                            {
                              "Node Type": "Seq Scan",
                              "Parent Relationship": "Outer",
                              "Parallel Aware": true,
                              "Relation Name": "cast_info",
                              "Alias": "ci",
                              "Startup Cost": 0.0,
                              "Total Cost": 313068.58,
                              "Plan Rows": 6038158,
                              "Plan Width": 8,
                              "Actual Startup Time": 0.014,
                              "Actual Total Time": 882.784,
                              "Actual Rows": 7248869,
                              "Actual Loops": 5
                            },
                            {
                              "Node Type": "Hash",
                              "Parent Relationship": "Inner",
                              "Parallel Aware": true,
                              "Startup Cost": 92464.94,
                              "Total Cost": 92464.94,
                              "Plan Rows": 44,
                              "Plan Width": 41,
                              "Actual Startup Time": 513.948,
                              "Actual Total Time": 513.955,
                              "Actual Rows": 4284,
                              "Actual Loops": 5,
                              "Hash Buckets": 32768,
                              "Original Hash Buckets": 1024,
                              "Hash Batches": 1,
                              "Original Hash Batches": 1,
                              "Peak Memory Usage": 2136,
                              "Plans": [
                                {
                                  "Node Type": "Hash Join",
                                  "Parent Relationship": "Outer",
                                  "Parallel Aware": true,
                                  "Join Type": "Inner",
                                  "Startup Cost": 46511.78,
                                  "Total Cost": 92464.94,
                                  "Plan Rows": 44,
                                  "Plan Width": 41,
                                  "Actual Startup Time": 284.257,
                                  "Actual Total Time": 453.635,
                                  "Actual Rows": 4284,
                                  "Actual Loops": 5,
                                  "Inner Unique": false,
                                  "Hash Cond": "(t.id = mk.movie_id)",
                                  "Plans": [
                                    {
                                      "Node Type": "Seq Scan",
                                      "Parent Relationship": "Outer",
                                      "Parallel Aware": true,
                                      "Relation Name": "title",
                                      "Alias": "t",
                                      "Startup Cost": 0.0,
                                      "Total Cost": 43898.62,
                                      "Plan Rows": 410881,
                                      "Plan Width": 21,
                                      "Actual Startup Time": 0.046,
                                      "Actual Total Time": 119.74,
                                      "Actual Rows": 328703,
                                      "Actual Loops": 5,
                                      "Filter": "(production_year > 1994)",
                                      "Rows Removed by Filter": 176960
                                    },
                                    {
                                      "Node Type": "Hash",
                                      "Parent Relationship": "Inner",
                                      "Parallel Aware": true,
                                      "Startup Cost": 46510.69,
                                      "Total Cost": 46510.69,
                                      "Plan Rows": 87,
                                      "Plan Width": 20,
                                      "Actual Startup Time": 283.795,
                                      "Actual Total Time": 283.799,
                                      "Actual Rows": 7194,
                                      "Actual Loops": 5,
                                      "Hash Buckets": 65536,
                                      "Original Hash Buckets": 1024,
                                      "Hash Batches": 1,
                                      "Original Hash Batches": 1,
                                      "Peak Memory Usage": 2904,
                                      "Plans": [
                                        {
                                          "Node Type": "Hash Join",
                                          "Parent Relationship": "Outer",
                                          "Parallel Aware": false,
                                          "Join Type": "Inner",
                                          "Startup Cost": 3632.5,
                                          "Total Cost": 46510.69,
                                          "Plan Rows": 87,
                                          "Plan Width": 20,
                                          "Actual Startup Time": 41.333,
                                          "Actual Total Time": 223.145,
                                          "Actual Rows": 7194,
                                          "Actual Loops": 5,
                                          "Inner Unique": true,
                                          "Hash Cond": "(mk.keyword_id = k.id)",
                                          "Plans": [
                                            {
                                              "Node Type": "Seq Scan",
                                              "Parent Relationship": "Outer",
                                              "Parallel Aware": true,
                                              "Relation Name": "movie_keyword",
                                              "Alias": "mk",
                                              "Startup Cost": 0.0,
                                              "Total Cost": 39047.32,
                                              "Plan Rows": 1459332,
                                              "Plan Width": 8,
                                              "Actual Startup Time": 0.071,
                                              "Actual Total Time": 108.921,
                                              "Actual Rows": 904786,
                                              "Actual Loops": 5
                                            },
                                            {
                                              "Node Type": "Hash",
                                              "Parent Relationship": "Inner",
                                              "Parallel Aware": false,
                                              "Startup Cost": 3632.4,
                                              "Total Cost": 3632.4,
                                              "Plan Rows": 8,
                                              "Plan Width": 20,
                                              "Actual Startup Time": 41.146,
                                              "Actual Total Time": 41.147,
                                              "Actual Rows": 8,
                                              "Actual Loops": 5,
                                              "Hash Buckets": 1024,
                                              "Original Hash Buckets": 1024,
                                              "Hash Batches": 1,
                                              "Original Hash Batches": 1,
                                              "Peak Memory Usage": 9,
                                              "Plans": [
                                                {
                                                  "Node Type": "Seq Scan",
                                                  "Parent Relationship": "Outer",
                                                  "Parallel Aware": false,
                                                  "Relation Name": "keyword",
                                                  "Alias": "k",
                                                  "Startup Cost": 0.0,
                                                  "Total Cost": 3632.4,
                                                  "Plan Rows": 8,
                                                  "Plan Width": 20,
                                                  "Actual Startup Time": 0.251,
                                                  "Actual Total Time": 41.112,
                                                  "Actual Rows": 8,
                                                  "Actual Loops": 5,
                                                  "Filter": "(keyword = ANY ('{fight,second-part,martial-arts,tv-special,violence,based-on-comic,web,blood}'::text[]))",
                                                  "Rows Removed by Filter": 134162
                                                }
                                              ]
                                            }
                                          ]
                                        }
                                      ]
                                    }
                                  ]
                                }
                              ]
                            }
                          ]
                        }
                      ]
                    }
                  ]
                }
              ]
            }
          ]
        }
      ]
    },
    "Planning Time": 9.217,
    "Triggers": [],
    "Execution Time": 3150.025
  }
]