[
  {
    "Plan": {
      "Node Type": "Aggregate",
      "Strategy": "Plain",
      "Partial Mode": "Finalize",
      "Parallel Aware": false,
      "Startup Cost": 45437.81,
      "Total Cost": 45437.82,
      "Plan Rows": 1,
      "Plan Width": 8,
      "Actual Startup Time": 149.484,
      "Actual Total Time": 159.67,
      "Actual Rows": 1,
      "Actual Loops": 1,
      "Plans": [
        {
          "Node Type": "Gather",
          "Parent Relationship": "Outer",
          "Parallel Aware": false,
          "Startup Cost": 45437.5,
          "Total Cost": 45437.81,
          "Plan Rows": 3,
          "Plan Width": 8,
          "Actual Startup Time": 149.343,
          "Actual Total Time": 159.661,
          "Actual Rows": 4,
          "Actual Loops": 1,
          "Workers Planned": 3,
          "Workers Launched": 3,
          "Single Copy": false,
          "Plans": [
            {
              "Node Type": "Aggregate",
              "Strategy": "Plain",
              "Partial Mode": "Partial",
              "Parent Relationship": "Outer",
              "Parallel Aware": false,
              "Startup Cost": 44437.5,
              "Total Cost": 44437.51,
              "Plan Rows": 1,
              "Plan Width": 8,
              "Actual Startup Time": 145.215,
              "Actual Total Time": 145.217,
              "Actual Rows": 1,
              "Actual Loops": 4,
              "Plans": [
                {
                  "Node Type": "Seq Scan",
                  "Parent Relationship": "Outer",
                  "Parallel Aware": true,
                  "Relation Name": "movie_keyword",
                  "Alias": "mk",
                  "Startup Cost": 0.0,
                  "Total Cost": 42695.65,
                  "Plan Rows": 696737,
                  "Plan Width": 0,
                  "Actual Startup Time": 0.275,
                  "Actual Total Time": 118.66,
                  "Actual Rows": 536352,
                  "Actual Loops": 4,
                  "Filter": "(keyword_id > 5443)",
                  "Rows Removed by Filter": 594630
                }
              ]
            }
          ]
        }
      ]
    },
    "Planning Time": 0.191,
    "Triggers": [],
    "Execution Time": 159.727
  }
]