{
  "Plan": {
    "Node Type": "Aggregate",
    "Strategy": "Plain",
    "Partial Mode": "Finalize",
    "Parallel Aware": false,
    "Startup Cost": 976812.0,
    "Total Cost": 976812.01,
    "Plan Rows": 1,
    "Plan Width": 8,
    "Actual Startup Time": 16097.782,
    "Actual Total Time": 16299.145,
    "Actual Rows": 1,
    "Actual Loops": 1,
    "Plans": [
      {
        "Node Type": "Gather",
        "Parent Relationship": "Outer",
        "Parallel Aware": false,
        "Startup Cost": 976811.88,
        "Total Cost": 976811.99,
        "Plan Rows": 1,
        "Plan Width": 8,
        "Actual Startup Time": 16080.74,
        "Actual Total Time": 16299.137,
        "Actual Rows": 2,
        "Actual Loops": 1,
        "Workers Planned": 1,
        "Workers Launched": 1,
        "Single Copy": false,
        "Plans": [
          {
            "Node Type": "Aggregate",
            "Strategy": "Plain",
            "Partial Mode": "Partial",
            "Parent Relationship": "Outer",
            "Parallel Aware": false,
            "Startup Cost": 975811.88,
            "Total Cost": 975811.89,
            "Plan Rows": 1,
            "Plan Width": 8,
            "Actual Startup Time": 16050.015,
            "Actual Total Time": 16050.022,
            "Actual Rows": 1,
            "Actual Loops": 2,
            "Plans": [
              {
                "Node Type": "Hash Join",
                "Parent Relationship": "Outer",
                "Parallel Aware": true,
                "Join Type": "Inner",
                "Startup Cost": 751869.25,
                "Total Cost": 936604.02,
                "Plan Rows": 15683144,
                "Plan Width": 0,
                "Actual Startup Time": 10962.626,
                "Actual Total Time": 14446.29,
                "Actual Rows": 39517813,
                "Actual Loops": 2,
                "Inner Unique": false,
                "Hash Cond": "(mk.movie_id = t.id)",
                "Plans": [
                  {
                    "Node Type": "Seq Scan",
                    "Parent Relationship": "Outer",
                    "Parallel Aware": true,
                    "Relation Name": "movie_keyword",
                    "Alias": "mk",
                    "Startup Cost": 0.0,
                    "Total Cost": 57718.19,
                    "Plan Rows": 2528204,
                    "Plan Width": 4,
                    "Actual Startup Time": 0.036,
                    "Actual Total Time": 210.628,
                    "Actual Rows": 2144656,
                    "Actual Loops": 2,
                    "Filter": "(keyword_id > 186)",
                    "Rows Removed by Filter": 117310
                  },
                  {
                    "Node Type": "Hash",
                    "Parent Relationship": "Inner",
                    "Parallel Aware": true,
                    "Startup Cost": 636547.96,
                    "Total Cost": 636547.96,
                    "Plan Rows": 9225703,
                    "Plan Width": 8,
                    "Actual Startup Time": 10907.89,
                    "Actual Total Time": 10907.895,
                    "Actual Rows": 8498808,
                    "Actual Loops": 2,
                    "Hash Buckets": 33554432,
                    "Original Hash Buckets": 16777216,
                    "Hash Batches": 1,
                    "Original Hash Batches": 1,
                    "Peak Memory Usage": 1058208,
                    "Plans": [
                      {
                        "Node Type": "Hash Join",
                        "Parent Relationship": "Outer",
                        "Parallel Aware": true,
                        "Join Type": "Inner",
                        "Startup Cost": 62826.15,
                        "Total Cost": 636547.96,
                        "Plan Rows": 9225703,
                        "Plan Width": 8,
                        "Actual Startup Time": 354.171,
                        "Actual Total Time": 7325.451,
                        "Actual Rows": 8498808,
                        "Actual Loops": 2,
                        "Inner Unique": true,
                        "Hash Cond": "(ci.movie_id = t.id)",
                        "Plans": [
                          {
                            "Node Type": "Seq Scan",
                            "Parent Relationship": "Outer",
                            "Parallel Aware": true,
                            "Relation Name": "cast_info",
                            "Alias": "ci",
                            "Startup Cost": 0.0,
                            "Total Cost": 519069.44,
                            "Plan Rows": 20819915,
                            "Plan Width": 4,
                            "Actual Startup Time": 20.365,
                            "Actual Total Time": 1859.715,
                            "Actual Rows": 17715827,
                            "Actual Loops": 2,
                            "Filter": "(person_id > 85572)",
                            "Rows Removed by Filter": 406345
                          },
                          {
                            "Node Type": "Hash",
                            "Parent Relationship": "Inner",
                            "Parallel Aware": true,
                            "Startup Cost": 54588.39,
                            "Total Cost": 54588.39,
                            "Plan Rows": 659021,
                            "Plan Width": 4,
                            "Actual Startup Time": 328.362,
                            "Actual Total Time": 328.364,
                            "Actual Rows": 553962,
                            "Actual Loops": 2,
                            "Hash Buckets": 2097152,
                            "Original Hash Buckets": 2097152,
                            "Hash Batches": 1,
                            "Original Hash Batches": 1,
                            "Peak Memory Usage": 59744,
                            "Plans": [
                              {
                                "Node Type": "Seq Scan",
                                "Parent Relationship": "Outer",
                                "Parallel Aware": true,
                                "Relation Name": "title",
                                "Alias": "t",
                                "Startup Cost": 0.0,
                                "Total Cost": 54588.39,
                                "Plan Rows": 659021,
                                "Plan Width": 4,
                                "Actual Startup Time": 0.051,
                                "Actual Total Time": 163.925,
                                "Actual Rows": 553962,
                                "Actual Loops": 2,
                                "Filter": "(production_year > 2004)",
                                "Rows Removed by Filter": 710194
                              }
                            ]
                          }
                        ]
                      }
                    ]
                  }
                ]
              }
            ]
          }
        ]
      }
    ]
  },
  "Planning Time": 0.96,
  "Triggers": [],
  "Execution Time": 16299.233
}