[
  {
    "Plan": {
      "Node Type": "Aggregate",
      "Strategy": "Plain",
      "Partial Mode": "Finalize",
      "Parallel Aware": false,
      "Startup Cost": 165084.79,
      "Total Cost": 165084.8,
      "Plan Rows": 1,
      "Plan Width": 8,
      "Actual Startup Time": 308.493,
      "Actual Total Time": 320.351,
      "Actual Rows": 1,
      "Actual Loops": 1,
      "Plans": [
        {
          "Node Type": "Gather",
          "Parent Relationship": "Outer",
          "Parallel Aware": false,
          "Startup Cost": 165084.37,
          "Total Cost": 165084.78,
          "Plan Rows": 4,
          "Plan Width": 8,
          "Actual Startup Time": 302.104,
          "Actual Total Time": 320.342,
          "Actual Rows": 5,
          "Actual Loops": 1,
          "Workers Planned": 4,
          "Workers Launched": 4,
          "Single Copy": false,
          "Plans": [
            {
              "Node Type": "Aggregate",
              "Strategy": "Plain",
              "Partial Mode": "Partial",
              "Parent Relationship": "Outer",
              "Parallel Aware": false,
              "Startup Cost": 164084.37,
              "Total Cost": 164084.38,
              "Plan Rows": 1,
              "Plan Width": 8,
              "Actual Startup Time": 289.265,
              "Actual Total Time": 289.269,
              "Actual Rows": 1,
              "Actual Loops": 5,
              "Plans": [
                {
                  "Node Type": "Nested Loop",
                  "Parent Relationship": "Outer",
                  "Parallel Aware": false,
                  "Join Type": "Inner",
                  "Startup Cost": 21922.42,
                  "Total Cost": 164064.62,
                  "Plan Rows": 7900,
                  "Plan Width": 0,
                  "Actual Startup Time": 156.711,
                  "Actual Total Time": 286.602,
                  "Actual Rows": 36099,
                  "Actual Loops": 5,
                  "Inner Unique": true,
                  "Join Filter": "(mi.movie_id = t.id)",
                  "Rows Removed by Join Filter": 0,
                  "Plans": [
                    {
                      "Node Type": "Hash Join",
                      "Parent Relationship": "Outer",
                      "Parallel Aware": true,
                      "Join Type": "Inner",
                      "Startup Cost": 21921.99,
                      "Total Cost": 137681.65,
                      "Plan Rows": 44684,
                      "Plan Width": 8,
                      "Actual Startup Time": 156.549,
                      "Actual Total Time": 174.76,
                      "Actual Rows": 36099,
                      "Actual Loops": 5,
                      "Inner Unique": false,
                      "Hash Cond": "(mi.movie_id = mi_idx.movie_id)",
                      "Plans": [
                        {
                          "Node Type": "Bitmap Heap Scan",
                          "Parent Relationship": "Outer",
                          "Parallel Aware": true,
                          "Relation Name": "movie_info",
                          "Alias": "mi",
                          "Startup Cost": 1049.16,
                          "Total Cost": 116568.35,
                          "Plan Rows": 14475,
                          "Plan Width": 4,
                          "Actual Startup Time": 3.075,
                          "Actual Total Time": 8.326,
                          "Actual Rows": 13605,
                          "Actual Loops": 5,
                          "Recheck Cond": "(info_type_id = 94)",
                          "Rows Removed by Index Recheck": 0,
                          "Exact Heap Blocks": 629,
                          "Lossy Heap Blocks": 0,
                          "Plans": [
                            {
                              "Node Type": "Bitmap Index Scan",
                              "Parent Relationship": "Outer",
                              "Parallel Aware": false,
                              "Index Name": "info_type_id_movie_info",
                              "Startup Cost": 0.0,
                              "Total Cost": 1034.68,
                              "Plan Rows": 57900,
                              "Plan Width": 0,
                              "Actual Startup Time": 2.707,
                              "Actual Total Time": 2.707,
                              "Actual Rows": 68025,
                              "Actual Loops": 1,
                              "Index Cond": "(info_type_id = 94)"
                            }
                          ]
                        },
                        {
                          "Node Type": "Hash",
                          "Parent Relationship": "Inner",
                          "Parallel Aware": true,
                          "Startup Cost": 13685.15,
                          "Total Cost": 13685.15,
                          "Plan Rows": 575015,
                          "Plan Width": 4,
                          "Actual Startup Time": 147.557,
                          "Actual Total Time": 147.558,
                          "Actual Rows": 276007,
                          "Actual Loops": 5,
                          "Hash Buckets": 2097152,
                          "Original Hash Buckets": 2097152,
                          "Hash Batches": 1,
                          "Original Hash Batches": 1,
                          "Peak Memory Usage": 70400,
                          "Plans": [
                            {
                              "Node Type": "Seq Scan",
                              "Parent Relationship": "Outer",
                              "Parallel Aware": true,
                              "Relation Name": "movie_info_idx",
                              "Alias": "mi_idx",
                              "Startup Cost": 0.0,
                              "Total Cost": 13685.15,
                              "Plan Rows": 575015,
                              "Plan Width": 4,
                              "Actual Startup Time": 0.069,
                              "Actual Total Time": 45.984,
                              "Actual Rows": 276007,
                              "Actual Loops": 5
                            }
                          ]
                        }
                      ]
                    },
                    {
                      "Node Type": "Index Only Scan",
                      "Parent Relationship": "Inner",
                      "Parallel Aware": false,
                      "Scan Direction": "Forward",
                      "Index Name": "title_pkey",
                      "Relation Name": "title",
                      "Alias": "t",
                      "Startup Cost": 0.43,
                      "Total Cost": 0.58,
                      "Plan Rows": 1,
                      "Plan Width": 4,
                      "Actual Startup Time": 0.003,
                      "Actual Total Time": 0.003,
                      "Actual Rows": 1,
                      "Actual Loops": 180496,
                      "Index Cond": "(id = mi_idx.movie_id)",
                      "Rows Removed by Index Recheck": 0,
                      "Heap Fetches": 180496
                    }
                  ]
                }
              ]
            }
          ]
        }
      ]
    },
    "Planning Time": 1.027,
    "Triggers": [],
    "Execution Time": 320.425
  }
]