[
  {
    "Plan": {
      "Node Type": "Aggregate",
      "Strategy": "Plain",
      "Partial Mode": "Finalize",
      "Parallel Aware": false,
      "Startup Cost": 334622.62,
      "Total Cost": 334622.63,
      "Plan Rows": 1,
      "Plan Width": 8,
      "Actual Startup Time": 659.236,
      "Actual Total Time": 717.422,
      "Actual Rows": 1,
      "Actual Loops": 1,
      "Plans": [
        {
          "Node Type": "Gather",
          "Parent Relationship": "Outer",
          "Parallel Aware": false,
          "Startup Cost": 334621.99,
          "Total Cost": 334622.6,
          "Plan Rows": 6,
          "Plan Width": 8,
          "Actual Startup Time": 659.053,
          "Actual Total Time": 717.411,
          "Actual Rows": 7,
          "Actual Loops": 1,
          "Workers Planned": 6,
          "Workers Launched": 6,
          "Single Copy": false,
          "Plans": [
            {
              "Node Type": "Aggregate",
              "Strategy": "Plain",
              "Partial Mode": "Partial",
              "Parent Relationship": "Outer",
              "Parallel Aware": false,
              "Startup Cost": 333621.99,
              "Total Cost": 333622.01,
              "Plan Rows": 1,
              "Plan Width": 8,
              "Actual Startup Time": 650.754,
              "Actual Total Time": 650.756,
              "Actual Rows": 1,
              "Actual Loops": 7,
              "Plans": [
                {
                  "Node Type": "Seq Scan",
                  "Parent Relationship": "Outer",
                  "Parallel Aware": true,
                  "Relation Name": "cast_info",
                  "Alias": "ci",
                  "Startup Cost": 0.0,
                  "Total Cost": 328162.03,
                  "Plan Rows": 2183988,
                  "Plan Width": 0,
                  "Actual Startup Time": 0.048,
                  "Actual Total Time": 569.074,
                  "Actual Rows": 1872630,
                  "Actual Loops": 7,
                  "Filter": "(person_id < 1294086)",
                  "Rows Removed by Filter": 3305134
                }
              ]
            }
          ]
        }
      ]
    },
    "Planning Time": 0.205,
    "Triggers": [],
    "Execution Time": 717.497
  }
]