{
  "Plan": {
    "Node Type": "Aggregate",
    "Strategy": "Plain",
    "Partial Mode": "Finalize",
    "Parallel Aware": false,
    "Startup Cost": 562911.44,
    "Total Cost": 562911.45,
    "Plan Rows": 1,
    "Plan Width": 8,
    "Actual Startup Time": 3211.099,
    "Actual Total Time": 3262.115,
    "Actual Rows": 1,
    "Actual Loops": 1,
    "Plans": [
      {
        "Node Type": "Gather",
        "Parent Relationship": "Outer",
        "Parallel Aware": false,
        "Startup Cost": 562911.32,
        "Total Cost": 562911.43,
        "Plan Rows": 1,
        "Plan Width": 8,
        "Actual Startup Time": 3210.764,
        "Actual Total Time": 3262.106,
        "Actual Rows": 2,
        "Actual Loops": 1,
        "Workers Planned": 1,
        "Workers Launched": 1,
        "Single Copy": false,
        "Plans": [
          {
            "Node Type": "Aggregate",
            "Strategy": "Plain",
            "Partial Mode": "Partial",
            "Parent Relationship": "Outer",
            "Parallel Aware": false,
            "Startup Cost": 561911.32,
            "Total Cost": 561911.33,
            "Plan Rows": 1,
            "Plan Width": 8,
            "Actual Startup Time": 3204.691,
            "Actual Total Time": 3204.698,
            "Actual Rows": 1,
            "Actual Loops": 2,
            "Plans": [
              {
                "Node Type": "Hash Join",
                "Parent Relationship": "Outer",
                "Parallel Aware": true,
                "Join Type": "Inner",
                "Startup Cost": 39501.32,
                "Total Cost": 561234.68,
                "Plan Rows": 270659,
                "Plan Width": 0,
                "Actual Startup Time": 60.698,
                "Actual Total Time": 3196.337,
                "Actual Rows": 163453,
                "Actual Loops": 2,
                "Inner Unique": true,
                "Hash Cond": "(ci.movie_id = t.id)",
                "Plans": [
                  {
                    "Node Type": "Seq Scan",
                    "Parent Relationship": "Outer",
                    "Parallel Aware": true,
                    "Relation Name": "cast_info",
                    "Alias": "ci",
                    "Startup Cost": 0.0,
                    "Total Cost": 465792.95,
                    "Plan Rows": 21310595,
                    "Plan Width": 4,
                    "Actual Startup Time": 0.014,
                    "Actual Total Time": 1382.037,
                    "Actual Rows": 18122172,
                    "Actual Loops": 2
                  },
                  {
                    "Node Type": "Hash",
                    "Parent Relationship": "Inner",
                    "Parallel Aware": true,
                    "Startup Cost": 39265.21,
                    "Total Cost": 39265.21,
                    "Plan Rows": 18889,
                    "Plan Width": 4,
                    "Actual Startup Time": 59.514,
                    "Actual Total Time": 59.518,
                    "Actual Rows": 14416,
                    "Actual Loops": 2,
                    "Hash Buckets": 32768,
                    "Original Hash Buckets": 32768,
                    "Hash Batches": 1,
                    "Original Hash Batches": 1,
                    "Peak Memory Usage": 1408,
                    "Plans": [
                      {
                        "Node Type": "Bitmap Heap Scan",
                        "Parent Relationship": "Outer",
                        "Parallel Aware": true,
                        "Relation Name": "title",
                        "Alias": "t",
                        "Startup Cost": 2188.97,
                        "Total Cost": 39265.21,
                        "Plan Rows": 18889,
                        "Plan Width": 4,
                        "Actual Startup Time": 16.203,
                        "Actual Total Time": 55.246,
                        "Actual Rows": 14416,
                        "Actual Loops": 2,
                        "Recheck Cond": "(kind_id = 4)",
                        "Rows Removed by Index Recheck": 0,
                        "Filter": "(production_year > 2008)",
                        "Rows Removed by Filter": 44702,
                        "Exact Heap Blocks": 10623,
                        "Lossy Heap Blocks": 0,
                        "Plans": [
                          {
                            "Node Type": "Bitmap Index Scan",
                            "Parent Relationship": "Outer",
                            "Parallel Aware": false,
                            "Index Name": "kind_id_title",
                            "Startup Cost": 0.0,
                            "Total Cost": 2180.94,
                            "Plan Rows": 122201,
                            "Plan Width": 0,
                            "Actual Startup Time": 16.809,
                            "Actual Total Time": 16.81,
                            "Actual Rows": 118234,
                            "Actual Loops": 1,
                            "Index Cond": "(kind_id = 4)"
                          }
                        ]
                      }
                    ]
                  }
                ]
              }
            ]
          }
        ]
      }
    ]
  },
  "Planning Time": 0.589,
  "Triggers": [],
  "Execution Time": 3262.216
}