[
  {
    "Plan": {
      "Node Type": "Aggregate",
      "Strategy": "Plain",
      "Partial Mode": "Finalize",
      "Parallel Aware": false,
      "Startup Cost": 344504.9,
      "Total Cost": 344504.91,
      "Plan Rows": 1,
      "Plan Width": 8,
      "Actual Startup Time": 560.975,
      "Actual Total Time": 606.034,
      "Actual Rows": 1,
      "Actual Loops": 1,
      "Plans": [
        {
          "Node Type": "Gather",
          "Parent Relationship": "Outer",
          "Parallel Aware": false,
          "Startup Cost": 344504.27,
          "Total Cost": 344504.88,
          "Plan Rows": 6,
          "Plan Width": 8,
          "Actual Startup Time": 560.772,
          "Actual Total Time": 606.01,
          "Actual Rows": 7,
          "Actual Loops": 1,
          "Workers Planned": 6,
          "Workers Launched": 6,
          "Single Copy": false,
          "Plans": [
            {
              "Node Type": "Aggregate",
              "Strategy": "Plain",
              "Partial Mode": "Partial",
              "Parent Relationship": "Outer",
              "Parallel Aware": false,
              "Startup Cost": 343504.27,
              "Total Cost": 343504.28,
              "Plan Rows": 1,
              "Plan Width": 8,
              "Actual Startup Time": 553.717,
              "Actual Total Time": 553.719,
              "Actual Rows": 1,
              "Actual Loops": 7,
              "Plans": [
                {
                  "Node Type": "Index Scan",
                  "Parent Relationship": "Outer",
                  "Parallel Aware": true,
                  "Scan Direction": "Forward",
                  "Index Name": "role_id_cast_info",
                  "Relation Name": "cast_info",
                  "Alias": "ci",
                  "Startup Cost": 0.56,
                  "Total Cost": 341155.22,
                  "Plan Rows": 939621,
                  "Plan Width": 0,
                  "Actual Startup Time": 0.124,
                  "Actual Total Time": 464.796,
                  "Actual Rows": 1675415,
                  "Actual Loops": 7,
                  "Index Cond": "(role_id = 1)",
                  "Rows Removed by Index Recheck": 0,
                  "Filter": "(person_id < 1610566)",
                  "Rows Removed by Filter": 134683
                }
              ]
            }
          ]
        }
      ]
    },
    "Planning Time": 0.246,
    "Triggers": [],
    "Execution Time": 606.127
  }
]