{
  "Plan": {
    "Node Type": "Aggregate",
    "Strategy": "Plain",
    "Partial Mode": "Finalize",
    "Parallel Aware": false,
    "Startup Cost": 169273.43,
    "Total Cost": 169273.44,
    "Plan Rows": 1,
    "Plan Width": 8,
    "Actual Startup Time": 1460.219,
    "Actual Total Time": 1487.595,
    "Actual Rows": 1,
    "Actual Loops": 1,
    "Plans": [
      {
        "Node Type": "Gather",
        "Parent Relationship": "Outer",
        "Parallel Aware": false,
        "Startup Cost": 169273.31,
        "Total Cost": 169273.42,
        "Plan Rows": 1,
        "Plan Width": 8,
        "Actual Startup Time": 1453.387,
        "Actual Total Time": 1487.587,
        "Actual Rows": 2,
        "Actual Loops": 1,
        "Workers Planned": 1,
        "Workers Launched": 1,
        "Single Copy": false,
        "Plans": [
          {
            "Node Type": "Aggregate",
            "Strategy": "Plain",
            "Partial Mode": "Partial",
            "Parent Relationship": "Outer",
            "Parallel Aware": false,
            "Startup Cost": 168273.31,
            "Total Cost": 168273.32,
            "Plan Rows": 1,
            "Plan Width": 8,
            "Actual Startup Time": 1446.515,
            "Actual Total Time": 1446.52,
            "Actual Rows": 1,
            "Actual Loops": 2,
            "Plans": [
              {
                "Node Type": "Hash Join",
                "Parent Relationship": "Outer",
                "Parallel Aware": true,
                "Join Type": "Inner",
                "Startup Cost": 124258.55,
                "Total Cost": 167044.09,
                "Plan Rows": 491690,
                "Plan Width": 0,
                "Actual Startup Time": 877.093,
                "Actual Total Time": 1342.353,
                "Actual Rows": 2596542,
                "Actual Loops": 2,
                "Inner Unique": false,
                "Hash Cond": "(mc.movie_id = t.id)",
                "Plans": [
                  {
                    "Node Type": "Seq Scan",
                    "Parent Relationship": "Outer",
                    "Parallel Aware": true,
                    "Relation Name": "movie_companies",
                    "Alias": "mc",
                    "Startup Cost": 0.0,
                    "Total Cost": 34137.82,
                    "Plan Rows": 1534782,
                    "Plan Width": 4,
                    "Actual Startup Time": 0.015,
                    "Actual Total Time": 97.094,
                    "Actual Rows": 1304564,
                    "Actual Loops": 2
                  },
                  {
                    "Node Type": "Hash",
                    "Parent Relationship": "Inner",
                    "Parallel Aware": true,
                    "Startup Cost": 118302.85,
                    "Total Cost": 118302.85,
                    "Plan Rows": 476456,
                    "Plan Width": 8,
                    "Actual Startup Time": 867.617,
                    "Actual Total Time": 867.621,
                    "Actual Rows": 409530,
                    "Actual Loops": 2,
                    "Hash Buckets": 1048576,
                    "Original Hash Buckets": 1048576,
                    "Hash Batches": 1,
                    "Original Hash Batches": 1,
                    "Peak Memory Usage": 40256,
                    "Plans": [
                      {
                        "Node Type": "Hash Join",
                        "Parent Relationship": "Outer",
                        "Parallel Aware": true,
                        "Join Type": "Inner",
                        "Startup Cost": 86642.45,
                        "Total Cost": 118302.85,
                        "Plan Rows": 476456,
                        "Plan Width": 8,
                        "Actual Startup Time": 572.336,
                        "Actual Total Time": 777.025,
                        "Actual Rows": 409530,
                        "Actual Loops": 2,
                        "Inner Unique": true,
                        "Hash Cond": "(mk.movie_id = t.id)",
                        "Plans": [
                          {
                            "Node Type": "Bitmap Heap Scan",
                            "Parent Relationship": "Outer",
                            "Parallel Aware": true,
                            "Relation Name": "movie_keyword",
                            "Alias": "mk",
                            "Startup Cost": 17181.75,
                            "Total Cost": 47591.45,
                            "Plan Rows": 476456,
                            "Plan Width": 4,
                            "Actual Startup Time": 45.507,
                            "Actual Total Time": 129.095,
                            "Actual Rows": 409530,
                            "Actual Loops": 2,
                            "Recheck Cond": "(keyword_id < 785)",
                            "Rows Removed by Index Recheck": 0,
                            "Exact Heap Blocks": 12199,
                            "Lossy Heap Blocks": 0,
                            "Plans": [
                              {
                                "Node Type": "Bitmap Index Scan",
                                "Parent Relationship": "Outer",
                                "Parallel Aware": false,
                                "Index Name": "keyword_id_movie_keyword",
                                "Startup Cost": 0.0,
                                "Total Cost": 16979.25,
                                "Plan Rows": 809976,
                                "Plan Width": 0,
                                "Actual Startup Time": 41.907,
                                "Actual Total Time": 41.908,
                                "Actual Rows": 819059,
                                "Actual Loops": 1,
                                "Index Cond": "(keyword_id < 785)"
                              }
                            ]
                          },
                          {
                            "Node Type": "Hash",
                            "Parent Relationship": "Inner",
                            "Parallel Aware": true,
                            "Startup Cost": 50870.31,
                            "Total Cost": 50870.31,
                            "Plan Rows": 1487231,
                            "Plan Width": 4,
                            "Actual Startup Time": 509.929,
                            "Actual Total Time": 509.93,
                            "Actual Rows": 1264156,
                            "Actual Loops": 2,
                            "Hash Buckets": 4194304,
                            "Original Hash Buckets": 4194304,
                            "Hash Batches": 1,
                            "Original Hash Batches": 1,
                            "Peak Memory Usage": 131680,
                            "Plans": [
                              {
                                "Node Type": "Seq Scan",
                                "Parent Relationship": "Outer",
                                "Parallel Aware": true,
                                "Relation Name": "title",
                                "Alias": "t",
                                "Startup Cost": 0.0,
                                "Total Cost": 50870.31,
                                "Plan Rows": 1487231,
                                "Plan Width": 4,
                                "Actual Startup Time": 0.04,
                                "Actual Total Time": 153.914,
                                "Actual Rows": 1264156,
                                "Actual Loops": 2
                              }
                            ]
                          }
                        ]
                      }
                    ]
                  }
                ]
              }
            ]
          }
        ]
      }
    ]
  },
  "Planning Time": 1.022,
  "Triggers": [],
  "Execution Time": 1487.704
}