{
    "Plan": {
        "Node Type": "Aggregate",
        "Strategy": "Plain",
        "Partial Mode": "Finalize",
        "Parallel Aware": false,
        "Startup Cost": 413682.1,
        "Total Cost": 413682.11,
        "Plan Rows": 1,
        "Plan Width": 8,
        "Actual Startup Time": 3043.46,
        "Actual Total Time": 3091.366,
        "Actual Rows": 1,
        "Actual Loops": 1,
        "Output": [
            "count(*)"
        ],
        "Plans": [
            {
                "Node Type": "Gather",
                "Parent Relationship": "Outer",
                "Parallel Aware": false,
                "Startup Cost": 413681.47,
                "Total Cost": 413682.08,
                "Plan Rows": 6,
                "Plan Width": 8,
                "Actual Startup Time": 3033.33,
                "Actual Total Time": 3091.357,
                "Actual Rows": 7,
                "Actual Loops": 1,
                "Output": [
                    "(PARTIAL count(*))"
                ],
                "Workers Planned": 6,
                "Workers Launched": 6,
                "Single Copy": false,
                "Plans": [
                    {
                        "Node Type": "Aggregate",
                        "Strategy": "Plain",
                        "Partial Mode": "Partial",
                        "Parent Relationship": "Outer",
                        "Parallel Aware": false,
                        "Startup Cost": 412681.47,
                        "Total Cost": 412681.48,
                        "Plan Rows": 1,
                        "Plan Width": 8,
                        "Actual Startup Time": 3008.7,
                        "Actual Total Time": 3008.703,
                        "Actual Rows": 1,
                        "Actual Loops": 7,
                        "Output": [
                            "PARTIAL count(*)"
                        ],
                        "Workers": [
                            {
                                "Worker Number": 0,
                                "Actual Startup Time": 3004.654,
                                "Actual Total Time": 3004.657,
                                "Actual Rows": 1,
                                "Actual Loops": 1
                            },
                            {
                                "Worker Number": 1,
                                "Actual Startup Time": 3004.655,
                                "Actual Total Time": 3004.657,
                                "Actual Rows": 1,
                                "Actual Loops": 1
                            },
                            {
                                "Worker Number": 2,
                                "Actual Startup Time": 3004.626,
                                "Actual Total Time": 3004.628,
                                "Actual Rows": 1,
                                "Actual Loops": 1
                            },
                            {
                                "Worker Number": 3,
                                "Actual Startup Time": 3004.734,
                                "Actual Total Time": 3004.736,
                                "Actual Rows": 1,
                                "Actual Loops": 1
                            },
                            {
                                "Worker Number": 4,
                                "Actual Startup Time": 3004.868,
                                "Actual Total Time": 3004.871,
                                "Actual Rows": 1,
                                "Actual Loops": 1
                            },
                            {
                                "Worker Number": 5,
                                "Actual Startup Time": 3004.965,
                                "Actual Total Time": 3004.968,
                                "Actual Rows": 1,
                                "Actual Loops": 1
                            }
                        ],
                        "Plans": [
                            {
                                "Node Type": "Hash Join",
                                "Parent Relationship": "Outer",
                                "Parallel Aware": true,
                                "Join Type": "Inner",
                                "Startup Cost": 50219.81,
                                "Total Cost": 403343.56,
                                "Plan Rows": 3735164,
                                "Plan Width": 0,
                                "Actual Startup Time": 543.648,
                                "Actual Total Time": 2819.984,
                                "Actual Rows": 3299822,
                                "Actual Loops": 7,
                                "Inner Unique": true,
                                "Hash Cond": "(ci.movie_id = t.id)",
                                "Workers": [
                                    {
                                        "Worker Number": 0,
                                        "Actual Startup Time": 539.785,
                                        "Actual Total Time": 2816.626,
                                        "Actual Rows": 3434030,
                                        "Actual Loops": 1
                                    },
                                    {
                                        "Worker Number": 1,
                                        "Actual Startup Time": 539.831,
                                        "Actual Total Time": 2824.835,
                                        "Actual Rows": 3348316,
                                        "Actual Loops": 1
                                    },
                                    {
                                        "Worker Number": 2,
                                        "Actual Startup Time": 539.791,
                                        "Actual Total Time": 2807.864,
                                        "Actual Rows": 3207263,
                                        "Actual Loops": 1
                                    },
                                    {
                                        "Worker Number": 3,
                                        "Actual Startup Time": 539.843,
                                        "Actual Total Time": 2808.669,
                                        "Actual Rows": 3133062,
                                        "Actual Loops": 1
                                    },
                                    {
                                        "Worker Number": 4,
                                        "Actual Startup Time": 539.972,
                                        "Actual Total Time": 2823.34,
                                        "Actual Rows": 2783506,
                                        "Actual Loops": 1
                                    },
                                    {
                                        "Worker Number": 5,
                                        "Actual Startup Time": 540.127,
                                        "Actual Total Time": 2806.651,
                                        "Actual Rows": 3004015,
                                        "Actual Loops": 1
                                    }
                                ],
                                "Plans": [
                                    {
                                        "Node Type": "Seq Scan",
                                        "Parent Relationship": "Outer",
                                        "Parallel Aware": true,
                                        "Relation Name": "cast_info",
                                        "Schema": "public",
                                        "Alias": "ci",
                                        "Startup Cost": 0.0,
                                        "Total Cost": 343318.94,
                                        "Plan Rows": 3735164,
                                        "Plan Width": 4,
                                        "Actual Startup Time": 261.017,
                                        "Actual Total Time": 863.506,
                                        "Actual Rows": 3299822,
                                        "Actual Loops": 7,
                                        "Output": [
                                            "ci.id",
                                            "ci.person_id",
                                            "ci.movie_id",
                                            "ci.person_role_id",
                                            "ci.note",
                                            "ci.nr_order",
                                            "ci.role_id"
                                        ],
                                        "Filter": "((ci.person_id > 167065) AND (ci.role_id > 1))",
                                        "Rows Removed by Filter": 1877942,
                                        "Workers": [
                                            {
                                                "Worker Number": 0,
                                                "Actual Startup Time": 260.975,
                                                "Actual Total Time": 877.985,
                                                "Actual Rows": 3434030,
                                                "Actual Loops": 1
                                            },
                                            {
                                                "Worker Number": 1,
                                                "Actual Startup Time": 261.082,
                                                "Actual Total Time": 857.334,
                                                "Actual Rows": 3348316,
                                                "Actual Loops": 1
                                            },
                                            {
                                                "Worker Number": 2,
                                                "Actual Startup Time": 260.982,
                                                "Actual Total Time": 895.457,
                                                "Actual Rows": 3207263,
                                                "Actual Loops": 1
                                            },
                                            {
                                                "Worker Number": 3,
                                                "Actual Startup Time": 261.094,
                                                "Actual Total Time": 894.245,
                                                "Actual Rows": 3133062,
                                                "Actual Loops": 1
                                            },
                                            {
                                                "Worker Number": 4,
                                                "Actual Startup Time": 261.007,
                                                "Actual Total Time": 863.983,
                                                "Actual Rows": 2783506,
                                                "Actual Loops": 1
                                            },
                                            {
                                                "Worker Number": 5,
                                                "Actual Startup Time": 261.002,
                                                "Actual Total Time": 896.408,
                                                "Actual Rows": 3004015,
                                                "Actual Loops": 1
                                            }
                                        ]
                                    },
                                    {
                                        "Node Type": "Hash",
                                        "Parent Relationship": "Inner",
                                        "Parallel Aware": true,
                                        "Startup Cost": 42318.81,
                                        "Total Cost": 42318.81,
                                        "Plan Rows": 632080,
                                        "Plan Width": 4,
                                        "Actual Startup Time": 275.307,
                                        "Actual Total Time": 275.308,
                                        "Actual Rows": 361187,
                                        "Actual Loops": 7,
                                        "Output": [
                                            "t.id"
                                        ],
                                        "Hash Buckets": 4194304,
                                        "Original Hash Buckets": 4194304,
                                        "Hash Batches": 1,
                                        "Original Hash Batches": 1,
                                        "Peak Memory Usage": 131776,
                                        "Workers": [
                                            {
                                                "Worker Number": 0,
                                                "Actual Startup Time": 277.934,
                                                "Actual Total Time": 277.935,
                                                "Actual Rows": 331901,
                                                "Actual Loops": 1
                                            },
                                            {
                                                "Worker Number": 1,
                                                "Actual Startup Time": 277.951,
                                                "Actual Total Time": 277.952,
                                                "Actual Rows": 331715,
                                                "Actual Loops": 1
                                            },
                                            {
                                                "Worker Number": 2,
                                                "Actual Startup Time": 277.967,
                                                "Actual Total Time": 277.967,
                                                "Actual Rows": 337273,
                                                "Actual Loops": 1
                                            },
                                            {
                                                "Worker Number": 3,
                                                "Actual Startup Time": 278.097,
                                                "Actual Total Time": 278.098,
                                                "Actual Rows": 331303,
                                                "Actual Loops": 1
                                            },
                                            {
                                                "Worker Number": 4,
                                                "Actual Startup Time": 278.09,
                                                "Actual Total Time": 278.091,
                                                "Actual Rows": 298368,
                                                "Actual Loops": 1
                                            },
                                            {
                                                "Worker Number": 5,
                                                "Actual Startup Time": 278.256,
                                                "Actual Total Time": 278.257,
                                                "Actual Rows": 331981,
                                                "Actual Loops": 1
                                            }
                                        ],
                                        "Plans": [
                                            {
                                                "Node Type": "Seq Scan",
                                                "Parent Relationship": "Outer",
                                                "Parallel Aware": true,
                                                "Relation Name": "title",
                                                "Schema": "public",
                                                "Alias": "t",
                                                "Startup Cost": 0.0,
                                                "Total Cost": 42318.81,
                                                "Plan Rows": 632080,
                                                "Plan Width": 4,
                                                "Actual Startup Time": 0.057,
                                                "Actual Total Time": 80.942,
                                                "Actual Rows": 361187,
                                                "Actual Loops": 7,
                                                "Output": [
                                                    "t.id"
                                                ],
                                                "Workers": [
                                                    {
                                                        "Worker Number": 0,
                                                        "Actual Startup Time": 0.07,
                                                        "Actual Total Time": 84.709,
                                                        "Actual Rows": 331901,
                                                        "Actual Loops": 1
                                                    },
                                                    {
                                                        "Worker Number": 1,
                                                        "Actual Startup Time": 0.06,
                                                        "Actual Total Time": 84.494,
                                                        "Actual Rows": 331715,
                                                        "Actual Loops": 1
                                                    },
                                                    {
                                                        "Worker Number": 2,
                                                        "Actual Startup Time": 0.068,
                                                        "Actual Total Time": 84.783,
                                                        "Actual Rows": 337273,
                                                        "Actual Loops": 1
                                                    },
                                                    {
                                                        "Worker Number": 3,
                                                        "Actual Startup Time": 0.058,
                                                        "Actual Total Time": 84.231,
                                                        "Actual Rows": 331303,
                                                        "Actual Loops": 1
                                                    },
                                                    {
                                                        "Worker Number": 4,
                                                        "Actual Startup Time": 0.068,
                                                        "Actual Total Time": 81.73,
                                                        "Actual Rows": 298368,
                                                        "Actual Loops": 1
                                                    },
                                                    {
                                                        "Worker Number": 5,
                                                        "Actual Startup Time": 0.063,
                                                        "Actual Total Time": 83.58,
                                                        "Actual Rows": 331981,
                                                        "Actual Loops": 1
                                                    }
                                                ]
                                            }
                                        ]
                                    }
                                ]
                            }
                        ]
                    }
                ]
            }
        ]
    },
    "Planning Time": 0.705,
    "Triggers": [],
    "Execution Time": 3091.472
}