[
  {
    "Plan": {
      "Node Type": "Aggregate",
      "Strategy": "Plain",
      "Partial Mode": "Finalize",
      "Parallel Aware": false,
      "Startup Cost": 161764.93,
      "Total Cost": 161764.94,
      "Plan Rows": 1,
      "Plan Width": 8,
      "Actual Startup Time": 1156.465,
      "Actual Total Time": 1219.351,
      "Actual Rows": 1,
      "Actual Loops": 1,
      "Plans": [
        {
          "Node Type": "Gather",
          "Parent Relationship": "Outer",
          "Parallel Aware": false,
          "Startup Cost": 161764.51,
          "Total Cost": 161764.92,
          "Plan Rows": 4,
          "Plan Width": 8,
          "Actual Startup Time": 1152.99,
          "Actual Total Time": 1219.341,
          "Actual Rows": 5,
          "Actual Loops": 1,
          "Workers Planned": 4,
          "Workers Launched": 4,
          "Single Copy": false,
          "Plans": [
            {
              "Node Type": "Aggregate",
              "Strategy": "Plain",
              "Partial Mode": "Partial",
              "Parent Relationship": "Outer",
              "Parallel Aware": false,
              "Startup Cost": 160764.51,
              "Total Cost": 160764.52,
              "Plan Rows": 1,
              "Plan Width": 8,
              "Actual Startup Time": 1142.638,
              "Actual Total Time": 1142.642,
              "Actual Rows": 1,
              "Actual Loops": 5,
              "Plans": [
                {
                  "Node Type": "Nested Loop",
                  "Parent Relationship": "Outer",
                  "Parallel Aware": false,
                  "Join Type": "Inner",
                  "Startup Cost": 28990.14,
                  "Total Cost": 160117.56,
                  "Plan Rows": 258782,
                  "Plan Width": 0,
                  "Actual Startup Time": 113.527,
                  "Actual Total Time": 1087.703,
                  "Actual Rows": 1034050,
                  "Actual Loops": 5,
                  "Inner Unique": false,
                  "Plans": [
                    {
                      "Node Type": "Hash Join",
                      "Parent Relationship": "Outer",
                      "Parallel Aware": true,
                      "Join Type": "Inner",
                      "Startup Cost": 28989.71,
                      "Total Cost": 74611.57,
                      "Plan Rows": 44257,
                      "Plan Width": 8,
                      "Actual Startup Time": 113.43,
                      "Actual Total Time": 337.625,
                      "Actual Rows": 55262,
                      "Actual Loops": 5,
                      "Inner Unique": false,
                      "Hash Cond": "(t.id = mc.movie_id)",
                      "Plans": [
                        {
                          "Node Type": "Seq Scan",
                          "Parent Relationship": "Outer",
                          "Parallel Aware": true,
                          "Relation Name": "title",
                          "Alias": "t",
                          "Startup Cost": 0.0,
                          "Total Cost": 42318.73,
                          "Plan Rows": 632073,
                          "Plan Width": 4,
                          "Actual Startup Time": 0.013,
                          "Actual Total Time": 66.605,
                          "Actual Rows": 505662,
                          "Actual Loops": 5
                        },
                        {
                          "Node Type": "Hash",
                          "Parent Relationship": "Inner",
                          "Parallel Aware": true,
                          "Startup Cost": 28275.9,
                          "Total Cost": 28275.9,
                          "Plan Rows": 57105,
                          "Plan Width": 4,
                          "Actual Startup Time": 111.441,
                          "Actual Total Time": 111.443,
                          "Actual Rows": 55262,
                          "Actual Loops": 5,
                          "Hash Buckets": 524288,
                          "Original Hash Buckets": 262144,
                          "Hash Batches": 1,
                          "Original Hash Batches": 1,
                          "Peak Memory Usage": 17056,
                          "Plans": [
                            {
                              "Node Type": "Bitmap Heap Scan",
                              "Parent Relationship": "Outer",
                              "Parallel Aware": true,
                              "Relation Name": "movie_companies",
                              "Alias": "mc",
                              "Startup Cost": 7745.81,
                              "Total Cost": 28275.9,
                              "Plan Rows": 57105,
                              "Plan Width": 4,
                              "Actual Startup Time": 28.258,
                              "Actual Total Time": 76.626,
                              "Actual Rows": 55262,
                              "Actual Loops": 5,
                              "Recheck Cond": "(company_id < 176)",
                              "Rows Removed by Index Recheck": 0,
                              "Filter": "(company_type_id < 2)",
                              "Rows Removed by Filter": 15804,
                              "Exact Heap Blocks": 7569,
                              "Lossy Heap Blocks": 0,
                              "Plans": [
                                {
                                  "Node Type": "Bitmap Index Scan",
                                  "Parent Relationship": "Outer",
                                  "Parallel Aware": false,
                                  "Index Name": "company_id_movie_companies",
                                  "Startup Cost": 0.0,
                                  "Total Cost": 7701.56,
                                  "Plan Rows": 359617,
                                  "Plan Width": 0,
                                  "Actual Startup Time": 27.819,
                                  "Actual Total Time": 27.82,
                                  "Actual Rows": 355327,
                                  "Actual Loops": 1,
                                  "Index Cond": "(company_id < 176)"
                                }
                              ]
                            }
                          ]
                        }
                      ]
                    },
                    {
                      "Node Type": "Index Only Scan",
                      "Parent Relationship": "Inner",
                      "Parallel Aware": false,
                      "Scan Direction": "Forward",
                      "Index Name": "movie_id_movie_info",
                      "Relation Name": "movie_info",
                      "Alias": "mi",
                      "Startup Cost": 0.43,
                      "Total Cost": 1.51,
                      "Plan Rows": 42,
                      "Plan Width": 4,
                      "Actual Startup Time": 0.004,
                      "Actual Total Time": 0.012,
                      "Actual Rows": 19,
                      "Actual Loops": 276309,
                      "Index Cond": "(movie_id = t.id)",
                      "Rows Removed by Index Recheck": 0,
                      "Heap Fetches": 5170248
                    }
                  ]
                }
              ]
            }
          ]
        }
      ]
    },
    "Planning Time": 1.479,
    "Triggers": [],
    "Execution Time": 1219.49
  }
]