[
  {
    "Plan": {
      "Node Type": "Aggregate",
      "Strategy": "Plain",
      "Partial Mode": "Finalize",
      "Parallel Aware": false,
      "Startup Cost": 336897.57,
      "Total Cost": 336897.58,
      "Plan Rows": 1,
      "Plan Width": 8,
      "Actual Startup Time": 1539.242,
      "Actual Total Time": 1623.698,
      "Actual Rows": 1,
      "Actual Loops": 1,
      "Plans": [
        {
          "Node Type": "Gather",
          "Parent Relationship": "Outer",
          "Parallel Aware": false,
          "Startup Cost": 336897.25,
          "Total Cost": 336897.56,
          "Plan Rows": 3,
          "Plan Width": 8,
          "Actual Startup Time": 1536.547,
          "Actual Total Time": 1623.689,
          "Actual Rows": 4,
          "Actual Loops": 1,
          "Workers Planned": 3,
          "Workers Launched": 3,
          "Single Copy": false,
          "Plans": [
            {
              "Node Type": "Aggregate",
              "Strategy": "Plain",
              "Partial Mode": "Partial",
              "Parent Relationship": "Outer",
              "Parallel Aware": false,
              "Startup Cost": 335897.25,
              "Total Cost": 335897.26,
              "Plan Rows": 1,
              "Plan Width": 8,
              "Actual Startup Time": 1530.411,
              "Actual Total Time": 1530.416,
              "Actual Rows": 1,
              "Actual Loops": 4,
              "Plans": [
                {
                  "Node Type": "Nested Loop",
                  "Parent Relationship": "Outer",
                  "Parallel Aware": false,
                  "Join Type": "Inner",
                  "Startup Cost": 46213.14,
                  "Total Cost": 333354.5,
                  "Plan Rows": 1017101,
                  "Plan Width": 0,
                  "Actual Startup Time": 206.528,
                  "Actual Total Time": 1484.817,
                  "Actual Rows": 892235,
                  "Actual Loops": 4,
                  "Inner Unique": false,
                  "Plans": [
                    {
                      "Node Type": "Hash Join",
                      "Parent Relationship": "Outer",
                      "Parallel Aware": true,
                      "Join Type": "Inner",
                      "Startup Cost": 46212.57,
                      "Total Cost": 78263.44,
                      "Plan Rows": 70939,
                      "Plan Width": 8,
                      "Actual Startup Time": 206.419,
                      "Actual Total Time": 305.808,
                      "Actual Rows": 53283,
                      "Actual Loops": 4,
                      "Inner Unique": true,
                      "Hash Cond": "(mc.movie_id = t.id)",
                      "Plans": [
                        {
                          "Node Type": "Seq Scan",
                          "Parent Relationship": "Outer",
                          "Parallel Aware": true,
                          "Relation Name": "movie_companies",
                          "Alias": "mc",
                          "Startup Cost": 0.0,
                          "Total Cost": 31414.82,
                          "Plan Rows": 242306,
                          "Plan Width": 4,
                          "Actual Startup Time": 33.164,
                          "Actual Total Time": 70.394,
                          "Actual Rows": 117796,
                          "Actual Loops": 4,
                          "Filter": "((company_id < 13518) AND (company_type_id = 2))",
                          "Rows Removed by Filter": 534486
                        },
                        {
                          "Node Type": "Hash",
                          "Parent Relationship": "Inner",
                          "Parallel Aware": true,
                          "Startup Cost": 43899.32,
                          "Total Cost": 43899.32,
                          "Plan Rows": 185060,
                          "Plan Width": 4,
                          "Actual Startup Time": 170.3,
                          "Actual Total Time": 170.301,
                          "Actual Rows": 188976,
                          "Actual Loops": 4,
                          "Hash Buckets": 1048576,
                          "Original Hash Buckets": 1048576,
                          "Hash Batches": 1,
                          "Original Hash Batches": 1,
                          "Peak Memory Usage": 37856,
                          "Plans": [
                            {
                              "Node Type": "Seq Scan",
                              "Parent Relationship": "Outer",
                              "Parallel Aware": true,
                              "Relation Name": "title",
                              "Alias": "t",
                              "Startup Cost": 0.0,
                              "Total Cost": 43899.32,
                              "Plan Rows": 185060,
                              "Plan Width": 4,
                              "Actual Startup Time": 0.029,
                              "Actual Total Time": 99.548,
                              "Actual Rows": 188976,
                              "Actual Loops": 4,
                              "Filter": "(production_year < 1993)",
                              "Rows Removed by Filter": 443102
                            }
                          ]
                        }
                      ]
                    },
                    {
                      "Node Type": "Index Only Scan",
                      "Parent Relationship": "Inner",
                      "Parallel Aware": false,
                      "Scan Direction": "Forward",
                      "Index Name": "movie_id_cast_info",
                      "Relation Name": "cast_info",
                      "Alias": "ci",
                      "Startup Cost": 0.56,
                      "Total Cost": 3.25,
                      "Plan Rows": 35,
                      "Plan Width": 4,
                      "Actual Startup Time": 0.005,
                      "Actual Total Time": 0.021,
                      "Actual Rows": 17,
                      "Actual Loops": 213133,
                      "Index Cond": "(movie_id = t.id)",
                      "Rows Removed by Index Recheck": 0,
                      "Heap Fetches": 3568941
                    }
                  ]
                }
              ]
            }
          ]
        }
      ]
    },
    "Planning Time": 0.42,
    "Triggers": [],
    "Execution Time": 1623.753
  }
]