[
  {
    "Plan": {
      "Node Type": "Aggregate",
      "Strategy": "Plain",
      "Partial Mode": "Finalize",
      "Parallel Aware": false,
      "Startup Cost": 59823.94,
      "Total Cost": 59823.95,
      "Plan Rows": 1,
      "Plan Width": 8,
      "Actual Startup Time": 116.953,
      "Actual Total Time": 134.192,
      "Actual Rows": 1,
      "Actual Loops": 1,
      "Plans": [
        {
          "Node Type": "Gather",
          "Parent Relationship": "Outer",
          "Parallel Aware": false,
          "Startup Cost": 59823.52,
          "Total Cost": 59823.93,
          "Plan Rows": 4,
          "Plan Width": 8,
          "Actual Startup Time": 116.822,
          "Actual Total Time": 134.184,
          "Actual Rows": 5,
          "Actual Loops": 1,
          "Workers Planned": 4,
          "Workers Launched": 4,
          "Single Copy": false,
          "Plans": [
            {
              "Node Type": "Aggregate",
              "Strategy": "Plain",
              "Partial Mode": "Partial",
              "Parent Relationship": "Outer",
              "Parallel Aware": false,
              "Startup Cost": 58823.52,
              "Total Cost": 58823.53,
              "Plan Rows": 1,
              "Plan Width": 8,
              "Actual Startup Time": 108.12,
              "Actual Total Time": 108.123,
              "Actual Rows": 1,
              "Actual Loops": 5,
              "Plans": [
                {
                  "Node Type": "Nested Loop",
                  "Parent Relationship": "Outer",
                  "Parallel Aware": false,
                  "Join Type": "Inner",
                  "Startup Cost": 0.43,
                  "Total Cost": 58818.29,
                  "Plan Rows": 2092,
                  "Plan Width": 0,
                  "Actual Startup Time": 5.217,
                  "Actual Total Time": 107.842,
                  "Actual Rows": 3975,
                  "Actual Loops": 5,
                  "Inner Unique": false,
                  "Plans": [
                    {
                      "Node Type": "Seq Scan",
                      "Parent Relationship": "Outer",
                      "Parallel Aware": true,
                      "Relation Name": "title",
                      "Alias": "t",
                      "Startup Cost": 0.0,
                      "Total Cost": 45479.59,
                      "Plan Rows": 1521,
                      "Plan Width": 4,
                      "Actual Startup Time": 2.198,
                      "Actual Total Time": 91.478,
                      "Actual Rows": 1246,
                      "Actual Loops": 5,
                      "Filter": "((kind_id < 7) AND (production_year = 1970))",
                      "Rows Removed by Filter": 504416
                    },
                    {
                      "Node Type": "Index Scan",
                      "Parent Relationship": "Inner",
                      "Parallel Aware": false,
                      "Scan Direction": "Forward",
                      "Index Name": "movie_id_movie_keyword",
                      "Relation Name": "movie_keyword",
                      "Alias": "mk",
                      "Startup Cost": 0.43,
                      "Total Cost": 8.42,
                      "Plan Rows": 35,
                      "Plan Width": 4,
                      "Actual Startup Time": 0.012,
                      "Actual Total Time": 0.012,
                      "Actual Rows": 3,
                      "Actual Loops": 6232,
                      "Index Cond": "(movie_id = t.id)",
                      "Rows Removed by Index Recheck": 0,
                      "Filter": "(keyword_id < 17016)",
                      "Rows Removed by Filter": 1
                    }
                  ]
                }
              ]
            }
          ]
        }
      ]
    },
    "Planning Time": 0.648,
    "Triggers": [],
    "Execution Time": 134.266
  }
]