[
  {
    "Plan": {
      "Node Type": "Aggregate",
      "Strategy": "Plain",
      "Partial Mode": "Finalize",
      "Parallel Aware": false,
      "Startup Cost": 58864.04,
      "Total Cost": 58864.05,
      "Plan Rows": 1,
      "Plan Width": 8,
      "Actual Startup Time": 107.65,
      "Actual Total Time": 121.428,
      "Actual Rows": 1,
      "Actual Loops": 1,
      "Plans": [
        {
          "Node Type": "Gather",
          "Parent Relationship": "Outer",
          "Parallel Aware": false,
          "Startup Cost": 58863.62,
          "Total Cost": 58864.03,
          "Plan Rows": 4,
          "Plan Width": 8,
          "Actual Startup Time": 107.506,
          "Actual Total Time": 121.42,
          "Actual Rows": 5,
          "Actual Loops": 1,
          "Workers Planned": 4,
          "Workers Launched": 4,
          "Single Copy": false,
          "Plans": [
            {
              "Node Type": "Aggregate",
              "Strategy": "Plain",
              "Partial Mode": "Partial",
              "Parent Relationship": "Outer",
              "Parallel Aware": false,
              "Startup Cost": 57863.62,
              "Total Cost": 57863.63,
              "Plan Rows": 1,
              "Plan Width": 8,
              "Actual Startup Time": 97.876,
              "Actual Total Time": 97.877,
              "Actual Rows": 1,
              "Actual Loops": 5,
              "Plans": [
                {
                  "Node Type": "Nested Loop",
                  "Parent Relationship": "Outer",
                  "Parallel Aware": false,
                  "Join Type": "Inner",
                  "Startup Cost": 0.43,
                  "Total Cost": 57858.79,
                  "Plan Rows": 1934,
                  "Plan Width": 0,
                  "Actual Startup Time": 4.555,
                  "Actual Total Time": 97.646,
                  "Actual Rows": 3975,
                  "Actual Loops": 5,
                  "Inner Unique": false,
                  "Plans": [
                    {
                      "Node Type": "Seq Scan",
                      "Parent Relationship": "Outer",
                      "Parallel Aware": true,
                      "Relation Name": "title",
                      "Alias": "t",
                      "Startup Cost": 0.0,
                      "Total Cost": 45479.1,
                      "Plan Rows": 1404,
                      "Plan Width": 4,
                      "Actual Startup Time": 1.865,
                      "Actual Total Time": 81.467,
                      "Actual Rows": 1246,
                      "Actual Loops": 5,
                      "Filter": "((kind_id < 7) AND (production_year = 1970))",
                      "Rows Removed by Filter": 504416
                    },
                    {
                      "Node Type": "Index Scan",
                      "Parent Relationship": "Inner",
                      "Parallel Aware": false,
                      "Scan Direction": "Forward",
                      "Index Name": "movie_id_movie_keyword",
                      "Relation Name": "movie_keyword",
                      "Alias": "mk",
                      "Startup Cost": 0.43,
                      "Total Cost": 8.47,
                      "Plan Rows": 35,
                      "Plan Width": 4,
                      "Actual Startup Time": 0.012,
                      "Actual Total Time": 0.012,
                      "Actual Rows": 3,
                      "Actual Loops": 6232,
                      "Index Cond": "(movie_id = t.id)",
                      "Rows Removed by Index Recheck": 0,
                      "Filter": "(keyword_id < 17016)",
                      "Rows Removed by Filter": 1
                    }
                  ]
                }
              ]
            }
          ]
        }
      ]
    },
    "Planning Time": 0.611,
    "Triggers": [],
    "Execution Time": 121.496
  }
]