[
  {
    "Plan": {
      "Node Type": "Aggregate",
      "Strategy": "Plain",
      "Partial Mode": "Finalize",
      "Parallel Aware": false,
      "Startup Cost": 334862.0,
      "Total Cost": 334862.01,
      "Plan Rows": 1,
      "Plan Width": 8,
      "Actual Startup Time": 950.982,
      "Actual Total Time": 1032.667,
      "Actual Rows": 1,
      "Actual Loops": 1,
      "Plans": [
        {
          "Node Type": "Gather",
          "Parent Relationship": "Outer",
          "Parallel Aware": false,
          "Startup Cost": 334861.37,
          "Total Cost": 334861.98,
          "Plan Rows": 6,
          "Plan Width": 8,
          "Actual Startup Time": 950.696,
          "Actual Total Time": 1032.654,
          "Actual Rows": 7,
          "Actual Loops": 1,
          "Workers Planned": 6,
          "Workers Launched": 6,
          "Single Copy": false,
          "Plans": [
            {
              "Node Type": "Aggregate",
              "Strategy": "Plain",
              "Partial Mode": "Partial",
              "Parent Relationship": "Outer",
              "Parallel Aware": false,
              "Startup Cost": 333861.37,
              "Total Cost": 333861.38,
              "Plan Rows": 1,
              "Plan Width": 8,
              "Actual Startup Time": 940.336,
              "Actual Total Time": 940.338,
              "Actual Rows": 1,
              "Actual Loops": 7,
              "Plans": [
                {
                  "Node Type": "Seq Scan",
                  "Parent Relationship": "Outer",
                  "Parallel Aware": true,
                  "Relation Name": "cast_info",
                  "Alias": "ci",
                  "Startup Cost": 0.0,
                  "Total Cost": 328211.39,
                  "Plan Rows": 2259992,
                  "Plan Width": 0,
                  "Actual Startup Time": 345.216,
                  "Actual Total Time": 809.852,
                  "Actual Rows": 1902017,
                  "Actual Loops": 7,
                  "Filter": "(person_id > 2340818)",
                  "Rows Removed by Filter": 3275747
                }
              ]
            }
          ]
        }
      ]
    },
    "Planning Time": 0.112,
    "Triggers": [],
    "Execution Time": 1032.717
  }
]