[
  {
    "Plan": {
      "Node Type": "Aggregate",
      "Strategy": "Plain",
      "Partial Mode": "Finalize",
      "Parallel Aware": false,
      "Startup Cost": 334727.44,
      "Total Cost": 334727.45,
      "Plan Rows": 1,
      "Plan Width": 8,
      "Actual Startup Time": 683.992,
      "Actual Total Time": 739.288,
      "Actual Rows": 1,
      "Actual Loops": 1,
      "Plans": [
        {
          "Node Type": "Gather",
          "Parent Relationship": "Outer",
          "Parallel Aware": false,
          "Startup Cost": 334726.81,
          "Total Cost": 334727.42,
          "Plan Rows": 6,
          "Plan Width": 8,
          "Actual Startup Time": 683.851,
          "Actual Total Time": 739.279,
          "Actual Rows": 7,
          "Actual Loops": 1,
          "Workers Planned": 6,
          "Workers Launched": 6,
          "Single Copy": false,
          "Plans": [
            {
              "Node Type": "Aggregate",
              "Strategy": "Plain",
              "Partial Mode": "Partial",
              "Parent Relationship": "Outer",
              "Parallel Aware": false,
              "Startup Cost": 333726.81,
              "Total Cost": 333726.82,
              "Plan Rows": 1,
              "Plan Width": 8,
              "Actual Startup Time": 676.238,
              "Actual Total Time": 676.24,
              "Actual Rows": 1,
              "Actual Loops": 7,
              "Plans": [
                {
                  "Node Type": "Seq Scan",
                  "Parent Relationship": "Outer",
                  "Parallel Aware": true,
                  "Relation Name": "cast_info",
                  "Alias": "ci",
                  "Startup Cost": 0.0,
                  "Total Cost": 328162.03,
                  "Plan Rows": 2225915,
                  "Plan Width": 0,
                  "Actual Startup Time": 258.116,
                  "Actual Total Time": 591.131,
                  "Actual Rows": 1902017,
                  "Actual Loops": 7,
                  "Filter": "(person_id > 2340818)",
                  "Rows Removed by Filter": 3275747
                }
              ]
            }
          ]
        }
      ]
    },
    "Planning Time": 0.203,
    "Triggers": [],
    "Execution Time": 739.357
  }
]