[
  {
    "Plan": {
      "Node Type": "Aggregate",
      "Strategy": "Plain",
      "Partial Mode": "Finalize",
      "Parallel Aware": false,
      "Startup Cost": 41699.62,
      "Total Cost": 41699.63,
      "Plan Rows": 1,
      "Plan Width": 8,
      "Actual Startup Time": 129.195,
      "Actual Total Time": 138.43,
      "Actual Rows": 1,
      "Actual Loops": 1,
      "Plans": [
        {
          "Node Type": "Gather",
          "Parent Relationship": "Outer",
          "Parallel Aware": false,
          "Startup Cost": 41699.3,
          "Total Cost": 41699.61,
          "Plan Rows": 3,
          "Plan Width": 8,
          "Actual Startup Time": 128.855,
          "Actual Total Time": 138.417,
          "Actual Rows": 4,
          "Actual Loops": 1,
          "Workers Planned": 3,
          "Workers Launched": 3,
          "Single Copy": false,
          "Plans": [
            {
              "Node Type": "Aggregate",
              "Strategy": "Plain",
              "Partial Mode": "Partial",
              "Parent Relationship": "Outer",
              "Parallel Aware": false,
              "Startup Cost": 40699.3,
              "Total Cost": 40699.31,
              "Plan Rows": 1,
              "Plan Width": 8,
              "Actual Startup Time": 125.532,
              "Actual Total Time": 125.534,
              "Actual Rows": 1,
              "Actual Loops": 4,
              "Plans": [
                {
                  "Node Type": "Bitmap Heap Scan",
                  "Parent Relationship": "Outer",
                  "Parallel Aware": true,
                  "Relation Name": "movie_keyword",
                  "Alias": "mk",
                  "Startup Cost": 13228.44,
                  "Total Cost": 40196.49,
                  "Plan Rows": 201124,
                  "Plan Width": 0,
                  "Actual Startup Time": 44.131,
                  "Actual Total Time": 117.406,
                  "Actual Rows": 155460,
                  "Actual Loops": 4,
                  "Recheck Cond": "(keyword_id > 29339)",
                  "Rows Removed by Index Recheck": 0,
                  "Exact Heap Blocks": 10080,
                  "Lossy Heap Blocks": 0,
                  "Plans": [
                    {
                      "Node Type": "Bitmap Index Scan",
                      "Parent Relationship": "Outer",
                      "Parallel Aware": false,
                      "Index Name": "keyword_id_movie_keyword",
                      "Startup Cost": 0.0,
                      "Total Cost": 13072.57,
                      "Plan Rows": 623485,
                      "Plan Width": 0,
                      "Actual Startup Time": 43.596,
                      "Actual Total Time": 43.597,
                      "Actual Rows": 621842,
                      "Actual Loops": 1,
                      "Index Cond": "(keyword_id > 29339)"
                    }
                  ]
                }
              ]
            }
          ]
        }
      ]
    },
    "Planning Time": 0.099,
    "Triggers": [],
    "Execution Time": 138.474
  }
]