{
  "Plan": {
    "Node Type": "Aggregate",
    "Strategy": "Plain",
    "Partial Mode": "Finalize",
    "Parallel Aware": false,
    "Startup Cost": 392207.78,
    "Total Cost": 392207.79,
    "Plan Rows": 1,
    "Plan Width": 8,
    "Actual Startup Time": 1268.67,
    "Actual Total Time": 1288.992,
    "Actual Rows": 1,
    "Actual Loops": 1,
    "Plans": [
      {
        "Node Type": "Gather",
        "Parent Relationship": "Outer",
        "Parallel Aware": false,
        "Startup Cost": 392207.66,
        "Total Cost": 392207.77,
        "Plan Rows": 1,
        "Plan Width": 8,
        "Actual Startup Time": 1263.7,
        "Actual Total Time": 1288.985,
        "Actual Rows": 2,
        "Actual Loops": 1,
        "Workers Planned": 1,
        "Workers Launched": 1,
        "Single Copy": false,
        "Plans": [
          {
            "Node Type": "Aggregate",
            "Strategy": "Plain",
            "Partial Mode": "Partial",
            "Parent Relationship": "Outer",
            "Parallel Aware": false,
            "Startup Cost": 391207.66,
            "Total Cost": 391207.67,
            "Plan Rows": 1,
            "Plan Width": 8,
            "Actual Startup Time": 1251.209,
            "Actual Total Time": 1251.213,
            "Actual Rows": 1,
            "Actual Loops": 2,
            "Plans": [
              {
                "Node Type": "Hash Join",
                "Parent Relationship": "Outer",
                "Parallel Aware": true,
                "Join Type": "Inner",
                "Startup Cost": 116460.0,
                "Total Cost": 388078.49,
                "Plan Rows": 1251669,
                "Plan Width": 0,
                "Actual Startup Time": 629.569,
                "Actual Total Time": 1207.103,
                "Actual Rows": 1061978,
                "Actual Loops": 2,
                "Inner Unique": true,
                "Hash Cond": "(ci.movie_id = t.id)",
                "Plans": [
                  {
                    "Node Type": "Bitmap Heap Scan",
                    "Parent Relationship": "Outer",
                    "Parallel Aware": true,
                    "Relation Name": "cast_info",
                    "Alias": "ci",
                    "Startup Cost": 46999.3,
                    "Total Cost": 315332.16,
                    "Plan Rows": 1251669,
                    "Plan Width": 4,
                    "Actual Startup Time": 91.899,
                    "Actual Total Time": 196.696,
                    "Actual Rows": 1061978,
                    "Actual Loops": 2,
                    "Recheck Cond": "(person_id < 208373)",
                    "Rows Removed by Index Recheck": 0,
                    "Exact Heap Blocks": 11474,
                    "Lossy Heap Blocks": 0,
                    "Plans": [
                      {
                        "Node Type": "Bitmap Index Scan",
                        "Parent Relationship": "Outer",
                        "Parallel Aware": false,
                        "Index Name": "person_id_cast_info",
                        "Startup Cost": 0.0,
                        "Total Cost": 46467.34,
                        "Plan Rows": 2127837,
                        "Plan Width": 0,
                        "Actual Startup Time": 88.527,
                        "Actual Total Time": 88.528,
                        "Actual Rows": 2123955,
                        "Actual Loops": 1,
                        "Index Cond": "(person_id < 208373)"
                      }
                    ]
                  },
                  {
                    "Node Type": "Hash",
                    "Parent Relationship": "Inner",
                    "Parallel Aware": true,
                    "Startup Cost": 50870.31,
                    "Total Cost": 50870.31,
                    "Plan Rows": 1487231,
                    "Plan Width": 4,
                    "Actual Startup Time": 515.109,
                    "Actual Total Time": 515.109,
                    "Actual Rows": 1264156,
                    "Actual Loops": 2,
                    "Hash Buckets": 4194304,
                    "Original Hash Buckets": 4194304,
                    "Hash Batches": 1,
                    "Original Hash Batches": 1,
                    "Peak Memory Usage": 131712,
                    "Plans": [
                      {
                        "Node Type": "Seq Scan",
                        "Parent Relationship": "Outer",
                        "Parallel Aware": true,
                        "Relation Name": "title",
                        "Alias": "t",
                        "Startup Cost": 0.0,
                        "Total Cost": 50870.31,
                        "Plan Rows": 1487231,
                        "Plan Width": 4,
                        "Actual Startup Time": 0.033,
                        "Actual Total Time": 150.517,
                        "Actual Rows": 1264156,
                        "Actual Loops": 2
                      }
                    ]
                  }
                ]
              }
            ]
          }
        ]
      }
    ]
  },
  "Planning Time": 0.664,
  "Triggers": [],
  "Execution Time": 1289.084
}