[
  {
    "Plan": {
      "Node Type": "Aggregate",
      "Strategy": "Plain",
      "Partial Mode": "Finalize",
      "Parallel Aware": false,
      "Startup Cost": 92230.28,
      "Total Cost": 92230.29,
      "Plan Rows": 1,
      "Plan Width": 8,
      "Actual Startup Time": 286.964,
      "Actual Total Time": 307.481,
      "Actual Rows": 1,
      "Actual Loops": 1,
      "Plans": [
        {
          "Node Type": "Gather",
          "Parent Relationship": "Outer",
          "Parallel Aware": false,
          "Startup Cost": 92229.96,
          "Total Cost": 92230.27,
          "Plan Rows": 3,
          "Plan Width": 8,
          "Actual Startup Time": 284.658,
          "Actual Total Time": 307.47,
          "Actual Rows": 4,
          "Actual Loops": 1,
          "Workers Planned": 3,
          "Workers Launched": 3,
          "Single Copy": false,
          "Plans": [
            {
              "Node Type": "Aggregate",
              "Strategy": "Plain",
              "Partial Mode": "Partial",
              "Parent Relationship": "Outer",
              "Parallel Aware": false,
              "Startup Cost": 91229.96,
              "Total Cost": 91229.97,
              "Plan Rows": 1,
              "Plan Width": 8,
              "Actual Startup Time": 277.688,
              "Actual Total Time": 277.691,
              "Actual Rows": 1,
              "Actual Loops": 4,
              "Plans": [
                {
                  "Node Type": "Hash Join",
                  "Parent Relationship": "Outer",
                  "Parallel Aware": true,
                  "Join Type": "Inner",
                  "Startup Cost": 46475.56,
                  "Total Cost": 91009.3,
                  "Plan Rows": 88265,
                  "Plan Width": 0,
                  "Actual Startup Time": 118.584,
                  "Actual Total Time": 277.166,
                  "Actual Rows": 11387,
                  "Actual Loops": 4,
                  "Inner Unique": true,
                  "Hash Cond": "(mk.movie_id = t.id)",
                  "Plans": [
                    {
                      "Node Type": "Seq Scan",
                      "Parent Relationship": "Outer",
                      "Parallel Aware": true,
                      "Relation Name": "movie_keyword",
                      "Alias": "mk",
                      "Startup Cost": 0.0,
                      "Total Cost": 42695.65,
                      "Plan Rows": 700222,
                      "Plan Width": 4,
                      "Actual Startup Time": 0.029,
                      "Actual Total Time": 107.743,
                      "Actual Rows": 546064,
                      "Actual Loops": 4,
                      "Filter": "(keyword_id < 4333)",
                      "Rows Removed by Filter": 584918
                    },
                    {
                      "Node Type": "Hash",
                      "Parent Relationship": "Inner",
                      "Parallel Aware": true,
                      "Startup Cost": 45479.59,
                      "Total Cost": 45479.59,
                      "Plan Rows": 79678,
                      "Plan Width": 4,
                      "Actual Startup Time": 115.869,
                      "Actual Total Time": 115.87,
                      "Actual Rows": 54403,
                      "Actual Loops": 4,
                      "Hash Buckets": 524288,
                      "Original Hash Buckets": 524288,
                      "Hash Batches": 1,
                      "Original Hash Batches": 1,
                      "Peak Memory Usage": 12672,
                      "Plans": [
                        {
                          "Node Type": "Seq Scan",
                          "Parent Relationship": "Outer",
                          "Parallel Aware": true,
                          "Relation Name": "title",
                          "Alias": "t",
                          "Startup Cost": 0.0,
                          "Total Cost": 45479.59,
                          "Plan Rows": 79678,
                          "Plan Width": 4,
                          "Actual Startup Time": 0.042,
                          "Actual Total Time": 96.269,
                          "Actual Rows": 54403,
                          "Actual Loops": 4,
                          "Filter": "((production_year < 1982) AND (kind_id = 7))",
                          "Rows Removed by Filter": 577675
                        }
                      ]
                    }
                  ]
                }
              ]
            }
          ]
        }
      ]
    },
    "Planning Time": 0.339,
    "Triggers": [],
    "Execution Time": 307.523
  }
]