{
  "Plan": {
    "Node Type": "Aggregate",
    "Strategy": "Plain",
    "Partial Mode": "Simple",
    "Parallel Aware": false,
    "Startup Cost": 2942584.99,
    "Total Cost": 2942585.0,
    "Plan Rows": 1,
    "Plan Width": 64,
    "Actual Startup Time": 15872.661,
    "Actual Total Time": 15872.684,
    "Actual Rows": 1,
    "Actual Loops": 1,
    "Plans": [
      {
        "Node Type": "Merge Join",
        "Parent Relationship": "Outer",
        "Parallel Aware": false,
        "Join Type": "Inner",
        "Startup Cost": 2929905.85,
        "Total Cost": 2942584.41,
        "Plan Rows": 116,
        "Plan Width": 33,
        "Actual Startup Time": 15769.06,
        "Actual Total Time": 15853.967,
        "Actual Rows": 249455,
        "Actual Loops": 1,
        "Inner Unique": false,
        "Merge Cond": "(cn.id = mc.company_id)",
        "Plans": [
          {
            "Node Type": "Index Scan",
            "Parent Relationship": "Outer",
            "Parallel Aware": false,
            "Scan Direction": "Forward",
            "Index Name": "company_name_pkey",
            "Relation Name": "company_name",
            "Alias": "cn",
            "Startup Cost": 0.42,
            "Total Cost": 12469.43,
            "Plan Rows": 85931,
            "Plan Width": 4,
            "Actual Startup Time": 0.019,
            "Actual Total Time": 40.12,
            "Actual Rows": 33701,
            "Actual Loops": 1,
            "Filter": "((country_code)::text = '[us]'::text)",
            "Rows Removed by Filter": 57196
          },
          {
            "Node Type": "Sort",
            "Parent Relationship": "Inner",
            "Parallel Aware": false,
            "Startup Cost": 2929905.38,
            "Total Cost": 2929906.18,
            "Plan Rows": 317,
            "Plan Width": 37,
            "Actual Startup Time": 15769.036,
            "Actual Total Time": 15783.77,
            "Actual Rows": 317940,
            "Actual Loops": 1,
            "Sort Key": [
              "mc.company_id"
            ],
            "Sort Method": "quicksort",
            "Sort Space Used": 43262,
            "Sort Space Type": "Memory",
            "Plans": [
              {
                "Node Type": "Merge Join",
                "Parent Relationship": "Outer",
                "Parallel Aware": false,
                "Join Type": "Inner",
                "Startup Cost": 2782960.3,
                "Total Cost": 2929892.22,
                "Plan Rows": 317,
                "Plan Width": 37,
                "Actual Startup Time": 15407.737,
                "Actual Total Time": 15705.907,
                "Actual Rows": 317940,
                "Actual Loops": 1,
                "Inner Unique": false,
                "Merge Cond": "(mc.movie_id = t.id)",
                "Plans": [
                  {
                    "Node Type": "Index Scan",
                    "Parent Relationship": "Outer",
                    "Parallel Aware": false,
                    "Scan Direction": "Forward",
                    "Index Name": "movie_id_movie_companies",
                    "Relation Name": "movie_companies",
                    "Alias": "mc",
                    "Startup Cost": 0.43,
                    "Total Cost": 140404.76,
                    "Plan Rows": 2609129,
                    "Plan Width": 8,
                    "Actual Startup Time": 0.012,
                    "Actual Total Time": 174.728,
                    "Actual Rows": 908831,
                    "Actual Loops": 1
                  },
                  {
                    "Node Type": "Sort",
                    "Parent Relationship": "Inner",
                    "Parallel Aware": false,
                    "Startup Cost": 2782959.87,
                    "Total Cost": 2782960.64,
                    "Plan Rows": 307,
                    "Plan Width": 45,
                    "Actual Startup Time": 15407.441,
                    "Actual Total Time": 15433.857,
                    "Actual Rows": 338831,
                    "Actual Loops": 1,
                    "Sort Key": [
                      "mk.movie_id"
                    ],
                    "Sort Method": "quicksort",
                    "Sort Space Used": 22353,
                    "Sort Space Type": "Memory",
                    "Plans": [
                      {
                        "Node Type": "Merge Join",
                        "Parent Relationship": "Outer",
                        "Parallel Aware": false,
                        "Join Type": "Inner",
                        "Startup Cost": 2530538.82,
                        "Total Cost": 2782947.19,
                        "Plan Rows": 307,
                        "Plan Width": 45,
                        "Actual Startup Time": 13455.312,
                        "Actual Total Time": 15368.779,
                        "Actual Rows": 137156,
                        "Actual Loops": 1,
                        "Inner Unique": true,
                        "Merge Cond": "(an.person_id = n.id)",
                        "Plans": [
                          {
                            "Node Type": "Merge Join",
                            "Parent Relationship": "Outer",
                            "Parallel Aware": false,
                            "Join Type": "Inner",
                            "Startup Cost": 2530527.07,
                            "Total Cost": 2594356.86,
                            "Plan Rows": 307,
                            "Plan Width": 53,
                            "Actual Startup Time": 13455.228,
                            "Actual Total Time": 13799.222,
                            "Actual Rows": 137156,
                            "Actual Loops": 1,
                            "Inner Unique": false,
                            "Merge Cond": "(an.person_id = ci.person_id)",
                            "Plans": [
                              {
                                "Node Type": "Index Scan",
                                "Parent Relationship": "Outer",
                                "Parallel Aware": false,
                                "Scan Direction": "Forward",
                                "Index Name": "person_id_aka_name",
                                "Relation Name": "aka_name",
                                "Alias": "an",
                                "Startup Cost": 0.42,
                                "Total Cost": 72027.93,
                                "Plan Rows": 901343,
                                "Plan Width": 20,
                                "Actual Startup Time": 0.011,
                                "Actual Total Time": 245.327,
                                "Actual Rows": 772499,
                                "Actual Loops": 1
                              },
                              {
                                "Node Type": "Sort",
                                "Parent Relationship": "Inner",
                                "Parallel Aware": false,
                                "Startup Cost": 2530526.65,
                                "Total Cost": 2530526.97,
                                "Plan Rows": 129,
                                "Plan Width": 33,
                                "Actual Startup Time": 13455.202,
                                "Actual Total Time": 13478.137,
                                "Actual Rows": 173948,
                                "Actual Loops": 1,
                                "Sort Key": [
                                  "ci.person_id"
                                ],
                                "Sort Method": "quicksort",
                                "Sort Space Used": 11804,
                                "Sort Space Type": "Memory",
                                "Plans": [
                                  {
                                    "Node Type": "Merge Join",
                                    "Parent Relationship": "Outer",
                                    "Parallel Aware": false,
                                    "Join Type": "Inner",
                                    "Startup Cost": 240503.01,
                                    "Total Cost": 2530522.13,
                                    "Plan Rows": 129,
                                    "Plan Width": 33,
                                    "Actual Startup Time": 135.234,
                                    "Actual Total Time": 13427.842,
                                    "Actual Rows": 99159,
                                    "Actual Loops": 1,
                                    "Inner Unique": false,
                                    "Merge Cond": "(t.id = ci.movie_id)",
                                    "Plans": [
                                      {
                                        "Node Type": "Merge Join",
                                        "Parent Relationship": "Outer",
                                        "Parallel Aware": false,
                                        "Join Type": "Inner",
                                        "Startup Cost": 240502.45,
                                        "Total Cost": 365073.79,
                                        "Plan Rows": 9,
                                        "Plan Width": 25,
                                        "Actual Startup Time": 132.602,
                                        "Actual Total Time": 1363.256,
                                        "Actual Rows": 5385,
                                        "Actual Loops": 1,
                                        "Inner Unique": false,
                                        "Merge Cond": "(t.id = mk.movie_id)",
                                        "Plans": [
                                          {
                                            "Node Type": "Index Scan",
                                            "Parent Relationship": "Outer",
                                            "Parallel Aware": false,
                                            "Scan Direction": "Forward",
                                            "Index Name": "title_pkey",
                                            "Relation Name": "title",
                                            "Alias": "t",
                                            "Startup Cost": 0.43,
                                            "Total Cost": 123001.61,
                                            "Plan Rows": 687467,
                                            "Plan Width": 21,
                                            "Actual Startup Time": 0.027,
                                            "Actual Total Time": 1191.838,
                                            "Actual Rows": 691938,
                                            "Actual Loops": 1,
                                            "Filter": "((episode_nr >= 5) AND (episode_nr < 100))",
                                            "Rows Removed by Filter": 1833835
                                          },
                                          {
                                            "Node Type": "Sort",
                                            "Parent Relationship": "Inner",
                                            "Parallel Aware": false,
                                            "Startup Cost": 240487.87,
                                            "Total Cost": 240487.95,
                                            "Plan Rows": 34,
                                            "Plan Width": 4,
                                            "Actual Startup Time": 132.165,
                                            "Actual Total Time": 134.944,
                                            "Actual Rows": 41840,
                                            "Actual Loops": 1,
                                            "Sort Key": [
                                              "mk.movie_id"
                                            ],
                                            "Sort Method": "quicksort",
                                            "Sort Space Used": 3498,
                                            "Sort Space Type": "Memory",
                                            "Plans": [
                                              {
                                                "Node Type": "Merge Join",
                                                "Parent Relationship": "Outer",
                                                "Parallel Aware": false,
                                                "Join Type": "Inner",
                                                "Startup Cost": 3468.34,
                                                "Total Cost": 240487.0,
                                                "Plan Rows": 34,
                                                "Plan Width": 4,
                                                "Actual Startup Time": 106.878,
                                                "Actual Total Time": 126.09,
                                                "Actual Rows": 41840,
                                                "Actual Loops": 1,
                                                "Inner Unique": true,
                                                "Merge Cond": "(mk.keyword_id = k.id)",
                                                "Plans": [
                                                  {
                                                    "Node Type": "Index Scan",
                                                    "Parent Relationship": "Outer",
                                                    "Parallel Aware": false,
                                                    "Scan Direction": "Forward",
                                                    "Index Name": "keyword_id_movie_keyword",
                                                    "Relation Name": "movie_keyword",
                                                    "Alias": "mk",
                                                    "Startup Cost": 0.43,
                                                    "Total Cost": 226550.7,
                                                    "Plan Rows": 4523930,
                                                    "Plan Width": 8,
                                                    "Actual Startup Time": 0.016,
                                                    "Actual Total Time": 89.481,
                                                    "Actual Rows": 163762,
                                                    "Actual Loops": 1
                                                  },
                                                  {
                                                    "Node Type": "Sort",
                                                    "Parent Relationship": "Inner",
                                                    "Parallel Aware": false,
                                                    "Startup Cost": 2626.14,
                                                    "Total Cost": 2626.14,
                                                    "Plan Rows": 1,
                                                    "Plan Width": 4,
                                                    "Actual Startup Time": 23.463,
                                                    "Actual Total Time": 23.465,
                                                    "Actual Rows": 1,
                                                    "Actual Loops": 1,
                                                    "Sort Key": [
                                                      "k.id"
                                                    ],
                                                    "Sort Method": "quicksort",
                                                    "Sort Space Used": 25,
                                                    "Sort Space Type": "Memory",
                                                    "Plans": [
                                                      {
                                                        "Node Type": "Seq Scan",
                                                        "Parent Relationship": "Outer",
                                                        "Parallel Aware": false,
                                                        "Relation Name": "keyword",
                                                        "Alias": "k",
                                                        "Startup Cost": 0.0,
                                                        "Total Cost": 2626.12,
                                                        "Plan Rows": 1,
                                                        "Plan Width": 4,
                                                        "Actual Startup Time": 1.39,
                                                        "Actual Total Time": 23.455,
                                                        "Actual Rows": 1,
                                                        "Actual Loops": 1,
                                                        "Filter": "(keyword = 'character-name-in-title'::text)",
                                                        "Rows Removed by Filter": 134169
                                                      }
                                                    ]
                                                  }
                                                ]
                                              }
                                            ]
                                          }
                                        ]
                                      },
                                      {
                                        "Node Type": "Index Scan",
                                        "Parent Relationship": "Inner",
                                        "Parallel Aware": false,
                                        "Scan Direction": "Forward",
                                        "Index Name": "movie_id_cast_info",
                                        "Relation Name": "cast_info",
                                        "Alias": "ci",
                                        "Startup Cost": 0.56,
                                        "Total Cost": 2074802.47,
                                        "Plan Rows": 36257824,
                                        "Plan Width": 8,
                                        "Actual Startup Time": 0.017,
                                        "Actual Total Time": 10620.053,
                                        "Actual Rows": 22210176,
                                        "Actual Loops": 1
                                      }
                                    ]
                                  }
                                ]
                              }
                            ]
                          },
                          {
                            "Node Type": "Index Only Scan",
                            "Parent Relationship": "Inner",
                            "Parallel Aware": false,
                            "Scan Direction": "Forward",
                            "Index Name": "name_pkey",
                            "Relation Name": "name",
                            "Alias": "n",
                            "Startup Cost": 0.43,
                            "Total Cost": 178171.22,
                            "Plan Rows": 4167377,
                            "Plan Width": 4,
                            "Actual Startup Time": 0.034,
                            "Actual Total Time": 1374.964,
                            "Actual Rows": 4061471,
                            "Actual Loops": 1,
                            "Heap Fetches": 4061471
                          }
                        ]
                      }
                    ]
                  }
                ]
              }
            ]
          }
        ]
      }
    ]
  },
  "Planning Time": 2.969,
  "Triggers": [],
  "Execution Time": 15872.857
}