[
  {
    "Plan": {
      "Node Type": "Aggregate",
      "Strategy": "Plain",
      "Partial Mode": "Finalize",
      "Parallel Aware": false,
      "Startup Cost": 455532.53,
      "Total Cost": 455532.54,
      "Plan Rows": 1,
      "Plan Width": 8,
      "Actual Startup Time": 4284.885,
      "Actual Total Time": 4338.993,
      "Actual Rows": 1,
      "Actual Loops": 1,
      "Plans": [
        {
          "Node Type": "Gather",
          "Parent Relationship": "Outer",
          "Parallel Aware": false,
          "Startup Cost": 455531.9,
          "Total Cost": 455532.51,
          "Plan Rows": 6,
          "Plan Width": 8,
          "Actual Startup Time": 4256.985,
          "Actual Total Time": 4338.978,
          "Actual Rows": 7,
          "Actual Loops": 1,
          "Workers Planned": 6,
          "Workers Launched": 6,
          "Single Copy": false,
          "Plans": [
            {
              "Node Type": "Aggregate",
              "Strategy": "Plain",
              "Partial Mode": "Partial",
              "Parent Relationship": "Outer",
              "Parallel Aware": false,
              "Startup Cost": 454531.9,
              "Total Cost": 454531.91,
              "Plan Rows": 1,
              "Plan Width": 8,
              "Actual Startup Time": 4242.328,
              "Actual Total Time": 4243.208,
              "Actual Rows": 1,
              "Actual Loops": 7,
              "Plans": [
                {
                  "Node Type": "Hash Join",
                  "Parent Relationship": "Outer",
                  "Parallel Aware": true,
                  "Join Type": "Inner",
                  "Startup Cost": 96717.38,
                  "Total Cost": 448494.82,
                  "Plan Rows": 2414833,
                  "Plan Width": 0,
                  "Actual Startup Time": 622.182,
                  "Actual Total Time": 3480.096,
                  "Actual Rows": 17475363,
                  "Actual Loops": 7,
                  "Inner Unique": false,
                  "Hash Cond": "(ci.movie_id = t.id)",
                  "Plans": [
                    {
                      "Node Type": "Seq Scan",
                      "Parent Relationship": "Outer",
                      "Parallel Aware": true,
                      "Relation Name": "cast_info",
                      "Alias": "ci",
                      "Startup Cost": 0.0,
                      "Total Cost": 328162.03,
                      "Plan Rows": 4220169,
                      "Plan Width": 4,
                      "Actual Startup Time": 110.606,
                      "Actual Total Time": 627.748,
                      "Actual Rows": 3618135,
                      "Actual Loops": 7,
                      "Filter": "(person_id > 1072560)",
                      "Rows Removed by Filter": 1559628
                    },
                    {
                      "Node Type": "Hash",
                      "Parent Relationship": "Inner",
                      "Parallel Aware": true,
                      "Startup Cost": 90883.83,
                      "Total Cost": 90883.83,
                      "Plan Rows": 466684,
                      "Plan Width": 8,
                      "Actual Startup Time": 506.542,
                      "Actual Total Time": 507.42,
                      "Actual Rows": 468477,
                      "Actual Loops": 7,
                      "Hash Buckets": 4194304,
                      "Original Hash Buckets": 2097152,
                      "Hash Batches": 1,
                      "Original Hash Batches": 1,
                      "Peak Memory Usage": 177536,
                      "Plans": [
                        {
                          "Node Type": "Hash Join",
                          "Parent Relationship": "Outer",
                          "Parallel Aware": true,
                          "Join Type": "Inner",
                          "Startup Cost": 48005.75,
                          "Total Cost": 90883.83,
                          "Plan Rows": 466684,
                          "Plan Width": 8,
                          "Actual Startup Time": 139.751,
                          "Actual Total Time": 322.937,
                          "Actual Rows": 468477,
                          "Actual Loops": 7,
                          "Inner Unique": true,
                          "Hash Cond": "(mk.movie_id = t.id)",
                          "Plans": [
                            {
                              "Node Type": "Seq Scan",
                              "Parent Relationship": "Outer",
                              "Parallel Aware": true,
                              "Relation Name": "movie_keyword",
                              "Alias": "mk",
                              "Startup Cost": 0.0,
                              "Total Cost": 39047.32,
                              "Plan Rows": 1459332,
                              "Plan Width": 4,
                              "Actual Startup Time": 0.031,
                              "Actual Total Time": 64.987,
                              "Actual Rows": 646276,
                              "Actual Loops": 7
                            },
                            {
                              "Node Type": "Hash",
                              "Parent Relationship": "Inner",
                              "Parallel Aware": true,
                              "Startup Cost": 45479.1,
                              "Total Cost": 45479.1,
                              "Plan Rows": 202132,
                              "Plan Width": 4,
                              "Actual Startup Time": 138.329,
                              "Actual Total Time": 138.33,
                              "Actual Rows": 117377,
                              "Actual Loops": 7,
                              "Hash Buckets": 1048576,
                              "Original Hash Buckets": 1048576,
                              "Hash Batches": 1,
                              "Original Hash Batches": 1,
                              "Peak Memory Usage": 40448,
                              "Plans": [
                                {
                                  "Node Type": "Seq Scan",
                                  "Parent Relationship": "Outer",
                                  "Parallel Aware": true,
                                  "Relation Name": "title",
                                  "Alias": "t",
                                  "Startup Cost": 0.0,
                                  "Total Cost": 45479.1,
                                  "Plan Rows": 202132,
                                  "Plan Width": 4,
                                  "Actual Startup Time": 0.045,
                                  "Actual Total Time": 81.354,
                                  "Actual Rows": 117377,
                                  "Actual Loops": 7,
                                  "Filter": "((kind_id < 4) AND (production_year < 2013))",
                                  "Rows Removed by Filter": 243810
                                }
                              ]
                            }
                          ]
                        }
                      ]
                    }
                  ]
                }
              ]
            }
          ]
        }
      ]
    },
    "Planning Time": 1.4,
    "Triggers": [],
    "Execution Time": 4339.089
  }
]