[
  {
    "Plan": {
      "Node Type": "Aggregate",
      "Strategy": "Plain",
      "Partial Mode": "Finalize",
      "Parallel Aware": false,
      "Startup Cost": 44786.99,
      "Total Cost": 44787.0,
      "Plan Rows": 1,
      "Plan Width": 8,
      "Actual Startup Time": 119.627,
      "Actual Total Time": 129.021,
      "Actual Rows": 1,
      "Actual Loops": 1,
      "Plans": [
        {
          "Node Type": "Gather",
          "Parent Relationship": "Outer",
          "Parallel Aware": false,
          "Startup Cost": 44786.67,
          "Total Cost": 44786.98,
          "Plan Rows": 3,
          "Plan Width": 8,
          "Actual Startup Time": 119.484,
          "Actual Total Time": 129.012,
          "Actual Rows": 4,
          "Actual Loops": 1,
          "Workers Planned": 3,
          "Workers Launched": 3,
          "Single Copy": false,
          "Plans": [
            {
              "Node Type": "Aggregate",
              "Strategy": "Plain",
              "Partial Mode": "Partial",
              "Parent Relationship": "Outer",
              "Parallel Aware": false,
              "Startup Cost": 43786.67,
              "Total Cost": 43786.68,
              "Plan Rows": 1,
              "Plan Width": 8,
              "Actual Startup Time": 115.238,
              "Actual Total Time": 115.24,
              "Actual Rows": 1,
              "Actual Loops": 4,
              "Plans": [
                {
                  "Node Type": "Seq Scan",
                  "Parent Relationship": "Outer",
                  "Parallel Aware": true,
                  "Relation Name": "movie_keyword",
                  "Alias": "mk",
                  "Startup Cost": 0.0,
                  "Total Cost": 42695.65,
                  "Plan Rows": 436406,
                  "Plan Width": 0,
                  "Actual Startup Time": 1.939,
                  "Actual Total Time": 99.551,
                  "Actual Rows": 337899,
                  "Actual Loops": 4,
                  "Filter": "(keyword_id > 12521)",
                  "Rows Removed by Filter": 793083
                }
              ]
            }
          ]
        }
      ]
    },
    "Planning Time": 0.143,
    "Triggers": [],
    "Execution Time": 129.069
  }
]