[
  {
    "Plan": {
      "Node Type": "Aggregate",
      "Strategy": "Plain",
      "Partial Mode": "Finalize",
      "Parallel Aware": false,
      "Startup Cost": 44781.42,
      "Total Cost": 44781.43,
      "Plan Rows": 1,
      "Plan Width": 8,
      "Actual Startup Time": 128.935,
      "Actual Total Time": 138.656,
      "Actual Rows": 1,
      "Actual Loops": 1,
      "Plans": [
        {
          "Node Type": "Gather",
          "Parent Relationship": "Outer",
          "Parallel Aware": false,
          "Startup Cost": 44781.11,
          "Total Cost": 44781.42,
          "Plan Rows": 3,
          "Plan Width": 8,
          "Actual Startup Time": 128.81,
          "Actual Total Time": 138.647,
          "Actual Rows": 4,
          "Actual Loops": 1,
          "Workers Planned": 3,
          "Workers Launched": 3,
          "Single Copy": false,
          "Plans": [
            {
              "Node Type": "Aggregate",
              "Strategy": "Plain",
              "Partial Mode": "Partial",
              "Parent Relationship": "Outer",
              "Parallel Aware": false,
              "Startup Cost": 43781.11,
              "Total Cost": 43781.12,
              "Plan Rows": 1,
              "Plan Width": 8,
              "Actual Startup Time": 122.852,
              "Actual Total Time": 122.853,
              "Actual Rows": 1,
              "Actual Loops": 4,
              "Plans": [
                {
                  "Node Type": "Seq Scan",
                  "Parent Relationship": "Outer",
                  "Parallel Aware": true,
                  "Relation Name": "movie_keyword",
                  "Alias": "mk",
                  "Startup Cost": 0.0,
                  "Total Cost": 42695.65,
                  "Plan Rows": 434181,
                  "Plan Width": 0,
                  "Actual Startup Time": 2.195,
                  "Actual Total Time": 106.747,
                  "Actual Rows": 337899,
                  "Actual Loops": 4,
                  "Filter": "(keyword_id > 12521)",
                  "Rows Removed by Filter": 793083
                }
              ]
            }
          ]
        }
      ]
    },
    "Planning Time": 0.186,
    "Triggers": [],
    "Execution Time": 138.72
  }
]