{
  "Plan": {
    "Node Type": "Aggregate",
    "Strategy": "Plain",
    "Partial Mode": "Finalize",
    "Parallel Aware": false,
    "Startup Cost": 62142.44,
    "Total Cost": 62142.45,
    "Plan Rows": 1,
    "Plan Width": 8,
    "Actual Startup Time": 425.359,
    "Actual Total Time": 478.602,
    "Actual Rows": 1,
    "Actual Loops": 1,
    "Plans": [
      {
        "Node Type": "Gather",
        "Parent Relationship": "Outer",
        "Parallel Aware": false,
        "Startup Cost": 62142.32,
        "Total Cost": 62142.43,
        "Plan Rows": 1,
        "Plan Width": 8,
        "Actual Startup Time": 425.145,
        "Actual Total Time": 478.593,
        "Actual Rows": 2,
        "Actual Loops": 1,
        "Workers Planned": 1,
        "Workers Launched": 1,
        "Single Copy": false,
        "Plans": [
          {
            "Node Type": "Aggregate",
            "Strategy": "Plain",
            "Partial Mode": "Partial",
            "Parent Relationship": "Outer",
            "Parallel Aware": false,
            "Startup Cost": 61142.32,
            "Total Cost": 61142.33,
            "Plan Rows": 1,
            "Plan Width": 8,
            "Actual Startup Time": 421.267,
            "Actual Total Time": 421.27,
            "Actual Rows": 1,
            "Actual Loops": 2,
            "Plans": [
              {
                "Node Type": "Nested Loop",
                "Parent Relationship": "Outer",
                "Parallel Aware": false,
                "Join Type": "Inner",
                "Startup Cost": 182.88,
                "Total Cost": 61114.43,
                "Plan Rows": 11158,
                "Plan Width": 0,
                "Actual Startup Time": 4.164,
                "Actual Total Time": 419.902,
                "Actual Rows": 19312,
                "Actual Loops": 2,
                "Inner Unique": false,
                "Plans": [
                  {
                    "Node Type": "Nested Loop",
                    "Parent Relationship": "Outer",
                    "Parallel Aware": false,
                    "Join Type": "Inner",
                    "Startup Cost": 182.31,
                    "Total Cost": 50864.97,
                    "Plan Rows": 4968,
                    "Plan Width": 8,
                    "Actual Startup Time": 3.713,
                    "Actual Total Time": 38.085,
                    "Actual Rows": 4168,
                    "Actual Loops": 2,
                    "Inner Unique": true,
                    "Plans": [
                      {
                        "Node Type": "Bitmap Heap Scan",
                        "Parent Relationship": "Outer",
                        "Parallel Aware": true,
                        "Relation Name": "movie_keyword",
                        "Alias": "mk",
                        "Startup Cost": 181.88,
                        "Total Cost": 17326.62,
                        "Plan Rows": 4968,
                        "Plan Width": 4,
                        "Actual Startup Time": 3.609,
                        "Actual Total Time": 14.725,
                        "Actual Rows": 4168,
                        "Actual Loops": 2,
                        "Recheck Cond": "(keyword_id = 865)",
                        "Rows Removed by Index Recheck": 0,
                        "Exact Heap Blocks": 4596,
                        "Lossy Heap Blocks": 0,
                        "Plans": [
                          {
                            "Node Type": "Bitmap Index Scan",
                            "Parent Relationship": "Outer",
                            "Parallel Aware": false,
                            "Index Name": "keyword_id_movie_keyword",
                            "Startup Cost": 0.0,
                            "Total Cost": 179.77,
                            "Plan Rows": 8445,
                            "Plan Width": 0,
                            "Actual Startup Time": 4.131,
                            "Actual Total Time": 4.132,
                            "Actual Rows": 8337,
                            "Actual Loops": 1,
                            "Index Cond": "(keyword_id = 865)"
                          }
                        ]
                      },
                      {
                        "Node Type": "Index Only Scan",
                        "Parent Relationship": "Inner",
                        "Parallel Aware": false,
                        "Scan Direction": "Forward",
                        "Index Name": "title_pkey",
                        "Relation Name": "title",
                        "Alias": "t",
                        "Startup Cost": 0.43,
                        "Total Cost": 6.75,
                        "Plan Rows": 1,
                        "Plan Width": 4,
                        "Actual Startup Time": 0.005,
                        "Actual Total Time": 0.005,
                        "Actual Rows": 1,
                        "Actual Loops": 8337,
                        "Index Cond": "(id = mk.movie_id)",
                        "Rows Removed by Index Recheck": 0,
                        "Heap Fetches": 8337
                      }
                    ]
                  },
                  {
                    "Node Type": "Index Scan",
                    "Parent Relationship": "Inner",
                    "Parallel Aware": false,
                    "Scan Direction": "Forward",
                    "Index Name": "movie_id_cast_info",
                    "Relation Name": "cast_info",
                    "Alias": "ci",
                    "Startup Cost": 0.56,
                    "Total Cost": 2.0,
                    "Plan Rows": 6,
                    "Plan Width": 4,
                    "Actual Startup Time": 0.058,
                    "Actual Total Time": 0.091,
                    "Actual Rows": 5,
                    "Actual Loops": 8337,
                    "Index Cond": "(movie_id = t.id)",
                    "Rows Removed by Index Recheck": 0,
                    "Filter": "((person_id < 865464) AND (role_id > 1))",
                    "Rows Removed by Filter": 56
                  }
                ]
              }
            ]
          }
        ]
      }
    ]
  },
  "Planning Time": 0.834,
  "Triggers": [],
  "Execution Time": 478.703
}