{
    "Plan": {
        "Node Type": "Aggregate",
        "Strategy": "Plain",
        "Partial Mode": "Finalize",
        "Parallel Aware": false,
        "Startup Cost": 300352.54,
        "Total Cost": 300352.55,
        "Plan Rows": 1,
        "Plan Width": 8,
        "Actual Startup Time": 691.745,
        "Actual Total Time": 725.589,
        "Actual Rows": 1,
        "Actual Loops": 1,
        "Output": [
            "count(*)"
        ],
        "Plans": [
            {
                "Node Type": "Gather",
                "Parent Relationship": "Outer",
                "Parallel Aware": false,
                "Startup Cost": 300351.91,
                "Total Cost": 300352.52,
                "Plan Rows": 6,
                "Plan Width": 8,
                "Actual Startup Time": 686.525,
                "Actual Total Time": 725.579,
                "Actual Rows": 7,
                "Actual Loops": 1,
                "Output": [
                    "(PARTIAL count(*))"
                ],
                "Workers Planned": 6,
                "Workers Launched": 6,
                "Single Copy": false,
                "Plans": [
                    {
                        "Node Type": "Aggregate",
                        "Strategy": "Plain",
                        "Partial Mode": "Partial",
                        "Parent Relationship": "Outer",
                        "Parallel Aware": false,
                        "Startup Cost": 299351.91,
                        "Total Cost": 299351.92,
                        "Plan Rows": 1,
                        "Plan Width": 8,
                        "Actual Startup Time": 674.195,
                        "Actual Total Time": 674.198,
                        "Actual Rows": 1,
                        "Actual Loops": 7,
                        "Output": [
                            "PARTIAL count(*)"
                        ],
                        "Workers": [
                            {
                                "Worker Number": 0,
                                "Actual Startup Time": 672.219,
                                "Actual Total Time": 672.222,
                                "Actual Rows": 1,
                                "Actual Loops": 1
                            },
                            {
                                "Worker Number": 1,
                                "Actual Startup Time": 672.226,
                                "Actual Total Time": 672.228,
                                "Actual Rows": 1,
                                "Actual Loops": 1
                            },
                            {
                                "Worker Number": 2,
                                "Actual Startup Time": 672.227,
                                "Actual Total Time": 672.229,
                                "Actual Rows": 1,
                                "Actual Loops": 1
                            },
                            {
                                "Worker Number": 3,
                                "Actual Startup Time": 672.195,
                                "Actual Total Time": 672.199,
                                "Actual Rows": 1,
                                "Actual Loops": 1
                            },
                            {
                                "Worker Number": 4,
                                "Actual Startup Time": 672.489,
                                "Actual Total Time": 672.492,
                                "Actual Rows": 1,
                                "Actual Loops": 1
                            },
                            {
                                "Worker Number": 5,
                                "Actual Startup Time": 672.439,
                                "Actual Total Time": 672.442,
                                "Actual Rows": 1,
                                "Actual Loops": 1
                            }
                        ],
                        "Plans": [
                            {
                                "Node Type": "Hash Join",
                                "Parent Relationship": "Outer",
                                "Parallel Aware": true,
                                "Join Type": "Inner",
                                "Startup Cost": 47232.07,
                                "Total Cost": 299251.46,
                                "Plan Rows": 40182,
                                "Plan Width": 0,
                                "Actual Startup Time": 147.308,
                                "Actual Total Time": 665.303,
                                "Actual Rows": 144335,
                                "Actual Loops": 7,
                                "Inner Unique": true,
                                "Hash Cond": "(ci.movie_id = t.id)",
                                "Workers": [
                                    {
                                        "Worker Number": 0,
                                        "Actual Startup Time": 145.342,
                                        "Actual Total Time": 663.001,
                                        "Actual Rows": 124725,
                                        "Actual Loops": 1
                                    },
                                    {
                                        "Worker Number": 1,
                                        "Actual Startup Time": 145.382,
                                        "Actual Total Time": 662.883,
                                        "Actual Rows": 125838,
                                        "Actual Loops": 1
                                    },
                                    {
                                        "Worker Number": 2,
                                        "Actual Startup Time": 145.337,
                                        "Actual Total Time": 663.73,
                                        "Actual Rows": 164865,
                                        "Actual Loops": 1
                                    },
                                    {
                                        "Worker Number": 3,
                                        "Actual Startup Time": 145.34,
                                        "Actual Total Time": 662.898,
                                        "Actual Rows": 126181,
                                        "Actual Loops": 1
                                    },
                                    {
                                        "Worker Number": 4,
                                        "Actual Startup Time": 145.884,
                                        "Actual Total Time": 663.633,
                                        "Actual Rows": 119966,
                                        "Actual Loops": 1
                                    },
                                    {
                                        "Worker Number": 5,
                                        "Actual Startup Time": 145.515,
                                        "Actual Total Time": 664.651,
                                        "Actual Rows": 160865,
                                        "Actual Loops": 1
                                    }
                                ],
                                "Plans": [
                                    {
                                        "Node Type": "Index Scan",
                                        "Parent Relationship": "Outer",
                                        "Parallel Aware": true,
                                        "Scan Direction": "Forward",
                                        "Index Name": "role_id_cast_info",
                                        "Relation Name": "cast_info",
                                        "Schema": "public",
                                        "Alias": "ci",
                                        "Startup Cost": 0.56,
                                        "Total Cost": 251544.36,
                                        "Plan Rows": 181178,
                                        "Plan Width": 4,
                                        "Actual Startup Time": 24.447,
                                        "Actual Total Time": 343.341,
                                        "Actual Rows": 598650,
                                        "Actual Loops": 7,
                                        "Output": [
                                            "ci.id",
                                            "ci.person_id",
                                            "ci.movie_id",
                                            "ci.person_role_id",
                                            "ci.note",
                                            "ci.nr_order",
                                            "ci.role_id"
                                        ],
                                        "Index Cond": "(ci.role_id > 4)",
                                        "Rows Removed by Index Recheck": 0,
                                        "Filter": "(ci.person_id > 3290569)",
                                        "Rows Removed by Filter": 742022,
                                        "Workers": [
                                            {
                                                "Worker Number": 0,
                                                "Actual Startup Time": 24.459,
                                                "Actual Total Time": 354.557,
                                                "Actual Rows": 519541,
                                                "Actual Loops": 1
                                            },
                                            {
                                                "Worker Number": 1,
                                                "Actual Startup Time": 24.421,
                                                "Actual Total Time": 353.966,
                                                "Actual Rows": 519130,
                                                "Actual Loops": 1
                                            },
                                            {
                                                "Worker Number": 2,
                                                "Actual Startup Time": 24.485,
                                                "Actual Total Time": 341.925,
                                                "Actual Rows": 681792,
                                                "Actual Loops": 1
                                            },
                                            {
                                                "Worker Number": 3,
                                                "Actual Startup Time": 24.457,
                                                "Actual Total Time": 352.927,
                                                "Actual Rows": 518843,
                                                "Actual Loops": 1
                                            },
                                            {
                                                "Worker Number": 4,
                                                "Actual Startup Time": 24.44,
                                                "Actual Total Time": 348.22,
                                                "Actual Rows": 494956,
                                                "Actual Loops": 1
                                            },
                                            {
                                                "Worker Number": 5,
                                                "Actual Startup Time": 24.454,
                                                "Actual Total Time": 335.228,
                                                "Actual Rows": 671457,
                                                "Actual Loops": 1
                                            }
                                        ]
                                    },
                                    {
                                        "Node Type": "Hash",
                                        "Parent Relationship": "Inner",
                                        "Parallel Aware": true,
                                        "Startup Cost": 45479.21,
                                        "Total Cost": 45479.21,
                                        "Plan Rows": 140184,
                                        "Plan Width": 4,
                                        "Actual Startup Time": 119.48,
                                        "Actual Total Time": 119.481,
                                        "Actual Rows": 62673,
                                        "Actual Loops": 7,
                                        "Output": [
                                            "t.id"
                                        ],
                                        "Hash Buckets": 1048576,
                                        "Original Hash Buckets": 1048576,
                                        "Hash Batches": 1,
                                        "Original Hash Batches": 1,
                                        "Peak Memory Usage": 25472,
                                        "Workers": [
                                            {
                                                "Worker Number": 0,
                                                "Actual Startup Time": 120.439,
                                                "Actual Total Time": 120.44,
                                                "Actual Rows": 54041,
                                                "Actual Loops": 1
                                            },
                                            {
                                                "Worker Number": 1,
                                                "Actual Startup Time": 120.434,
                                                "Actual Total Time": 120.435,
                                                "Actual Rows": 54381,
                                                "Actual Loops": 1
                                            },
                                            {
                                                "Worker Number": 2,
                                                "Actual Startup Time": 120.421,
                                                "Actual Total Time": 120.422,
                                                "Actual Rows": 71116,
                                                "Actual Loops": 1
                                            },
                                            {
                                                "Worker Number": 3,
                                                "Actual Startup Time": 120.464,
                                                "Actual Total Time": 120.465,
                                                "Actual Rows": 54680,
                                                "Actual Loops": 1
                                            },
                                            {
                                                "Worker Number": 4,
                                                "Actual Startup Time": 120.745,
                                                "Actual Total Time": 120.746,
                                                "Actual Rows": 51282,
                                                "Actual Loops": 1
                                            },
                                            {
                                                "Worker Number": 5,
                                                "Actual Startup Time": 120.644,
                                                "Actual Total Time": 120.646,
                                                "Actual Rows": 69559,
                                                "Actual Loops": 1
                                            }
                                        ],
                                        "Plans": [
                                            {
                                                "Node Type": "Seq Scan",
                                                "Parent Relationship": "Outer",
                                                "Parallel Aware": true,
                                                "Relation Name": "title",
                                                "Schema": "public",
                                                "Alias": "t",
                                                "Startup Cost": 0.0,
                                                "Total Cost": 45479.21,
                                                "Plan Rows": 140184,
                                                "Plan Width": 4,
                                                "Actual Startup Time": 45.465,
                                                "Actual Total Time": 84.986,
                                                "Actual Rows": 62673,
                                                "Actual Loops": 7,
                                                "Output": [
                                                    "t.id"
                                                ],
                                                "Filter": "((t.production_year > 1967) AND (t.kind_id = 1))",
                                                "Rows Removed by Filter": 298514,
                                                "Workers": [
                                                    {
                                                        "Worker Number": 0,
                                                        "Actual Startup Time": 51.872,
                                                        "Actual Total Time": 85.883,
                                                        "Actual Rows": 54041,
                                                        "Actual Loops": 1
                                                    },
                                                    {
                                                        "Worker Number": 1,
                                                        "Actual Startup Time": 6.252,
                                                        "Actual Total Time": 86.12,
                                                        "Actual Rows": 54381,
                                                        "Actual Loops": 1
                                                    },
                                                    {
                                                        "Worker Number": 2,
                                                        "Actual Startup Time": 51.868,
                                                        "Actual Total Time": 85.464,
                                                        "Actual Rows": 71116,
                                                        "Actual Loops": 1
                                                    },
                                                    {
                                                        "Worker Number": 3,
                                                        "Actual Startup Time": 51.884,
                                                        "Actual Total Time": 86.235,
                                                        "Actual Rows": 54680,
                                                        "Actual Loops": 1
                                                    },
                                                    {
                                                        "Worker Number": 4,
                                                        "Actual Startup Time": 52.087,
                                                        "Actual Total Time": 85.061,
                                                        "Actual Rows": 51282,
                                                        "Actual Loops": 1
                                                    },
                                                    {
                                                        "Worker Number": 5,
                                                        "Actual Startup Time": 52.218,
                                                        "Actual Total Time": 83.966,
                                                        "Actual Rows": 69559,
                                                        "Actual Loops": 1
                                                    }
                                                ]
                                            }
                                        ]
                                    }
                                ]
                            }
                        ]
                    }
                ]
            }
        ]
    },
    "Planning Time": 0.778,
    "Triggers": [],
    "Execution Time": 725.684
}