{
    "Plan": {
        "Node Type": "Aggregate",
        "Strategy": "Plain",
        "Partial Mode": "Finalize",
        "Parallel Aware": false,
        "Startup Cost": 52943.48,
        "Total Cost": 52943.49,
        "Plan Rows": 1,
        "Plan Width": 96,
        "Actual Startup Time": 599.56,
        "Actual Total Time": 642.891,
        "Actual Rows": 1,
        "Actual Loops": 1,
        "Plans": [
            {
                "Node Type": "Gather",
                "Parent Relationship": "Outer",
                "Parallel Aware": false,
                "Startup Cost": 52943.36,
                "Total Cost": 52943.47,
                "Plan Rows": 1,
                "Plan Width": 96,
                "Actual Startup Time": 586.404,
                "Actual Total Time": 642.878,
                "Actual Rows": 2,
                "Actual Loops": 1,
                "Workers Planned": 1,
                "Workers Launched": 1,
                "Single Copy": false,
                "Plans": [
                    {
                        "Node Type": "Aggregate",
                        "Strategy": "Plain",
                        "Partial Mode": "Partial",
                        "Parent Relationship": "Outer",
                        "Parallel Aware": false,
                        "Startup Cost": 51943.36,
                        "Total Cost": 51943.37,
                        "Plan Rows": 1,
                        "Plan Width": 96,
                        "Actual Startup Time": 585.081,
                        "Actual Total Time": 585.096,
                        "Actual Rows": 1,
                        "Actual Loops": 2,
                        "Plans": [
                            {
                                "Node Type": "Hash Join",
                                "Parent Relationship": "Outer",
                                "Parallel Aware": false,
                                "Join Type": "Inner",
                                "Startup Cost": 51828.04,
                                "Total Cost": 51943.34,
                                "Plan Rows": 3,
                                "Plan Width": 66,
                                "Actual Startup Time": 396.527,
                                "Actual Total Time": 578.524,
                                "Actual Rows": 55550,
                                "Actual Loops": 2,
                                "Inner Unique": true,
                                "Hash Cond": "(mi.info_type_id = it2.id)",
                                "Plans": [
                                    {
                                        "Node Type": "Nested Loop",
                                        "Parent Relationship": "Outer",
                                        "Parallel Aware": false,
                                        "Join Type": "Inner",
                                        "Startup Cost": 51825.61,
                                        "Total Cost": 51940.02,
                                        "Plan Rows": 328,
                                        "Plan Width": 70,
                                        "Actual Startup Time": 396.268,
                                        "Actual Total Time": 558.356,
                                        "Actual Rows": 258164,
                                        "Actual Loops": 2,
                                        "Inner Unique": false,
                                        "Join Filter": "(miidx.movie_id = mi.movie_id)",
                                        "Rows Removed by Join Filter": 0,
                                        "Plans": [
                                            {
                                                "Node Type": "Merge Join",
                                                "Parent Relationship": "Outer",
                                                "Parallel Aware": false,
                                                "Join Type": "Inner",
                                                "Startup Cost": 51825.18,
                                                "Total Cost": 51827.69,
                                                "Plan Rows": 56,
                                                "Plan Width": 34,
                                                "Actual Startup Time": 396.229,
                                                "Actual Total Time": 398.985,
                                                "Actual Rows": 8235,
                                                "Actual Loops": 2,
                                                "Inner Unique": true,
                                                "Merge Cond": "(t.kind_id = kt.id)",
                                                "Plans": [
                                                    {
                                                        "Node Type": "Sort",
                                                        "Parent Relationship": "Outer",
                                                        "Parallel Aware": false,
                                                        "Startup Cost": 51824.08,
                                                        "Total Cost": 51825.05,
                                                        "Plan Rows": 390,
                                                        "Plan Width": 38,
                                                        "Actual Startup Time": 396.187,
                                                        "Actual Total Time": 397.293,
                                                        "Actual Rows": 8236,
                                                        "Actual Loops": 2,
                                                        "Sort Key": [
                                                            "t.kind_id"
                                                        ],
                                                        "Sort Method": "quicksort",
                                                        "Sort Space Used": 2399,
                                                        "Sort Space Type": "Memory",
                                                        "Workers": [
                                                            {
                                                                "Worker Number": 0,
                                                                "Sort Method": "quicksort",
                                                                "Sort Space Used": 1573,
                                                                "Sort Space Type": "Memory"
                                                            }
                                                        ],
                                                        "Plans": [
                                                            {
                                                                "Node Type": "Nested Loop",
                                                                "Parent Relationship": "Outer",
                                                                "Parallel Aware": false,
                                                                "Join Type": "Inner",
                                                                "Startup Cost": 4797.08,
                                                                "Total Cost": 51807.29,
                                                                "Plan Rows": 390,
                                                                "Plan Width": 38,
                                                                "Actual Startup Time": 146.554,
                                                                "Actual Total Time": 389.749,
                                                                "Actual Rows": 15755,
                                                                "Actual Loops": 2,
                                                                "Inner Unique": true,
                                                                "Join Filter": "(miidx.movie_id = t.id)",
                                                                "Rows Removed by Join Filter": 0,
                                                                "Plans": [
                                                                    {
                                                                        "Node Type": "Hash Join",
                                                                        "Parent Relationship": "Outer",
                                                                        "Parallel Aware": false,
                                                                        "Join Type": "Inner",
                                                                        "Startup Cost": 4796.65,
                                                                        "Total Cost": 51602.22,
                                                                        "Plan Rows": 390,
                                                                        "Plan Width": 13,
                                                                        "Actual Startup Time": 146.514,
                                                                        "Actual Total Time": 333.961,
                                                                        "Actual Rows": 15755,
                                                                        "Actual Loops": 2,
                                                                        "Inner Unique": true,
                                                                        "Hash Cond": "(miidx.info_type_id = it.id)",
                                                                        "Plans": [
                                                                            {
                                                                                "Node Type": "Nested Loop",
                                                                                "Parent Relationship": "Outer",
                                                                                "Parallel Aware": false,
                                                                                "Join Type": "Inner",
                                                                                "Startup Cost": 4794.22,
                                                                                "Total Cost": 51479.84,
                                                                                "Plan Rows": 44046,
                                                                                "Plan Width": 17,
                                                                                "Actual Startup Time": 146.448,
                                                                                "Actual Total Time": 328.546,
                                                                                "Actual Rows": 47284,
                                                                                "Actual Loops": 2,
                                                                                "Inner Unique": false,
                                                                                "Plans": [
                                                                                    {
                                                                                        "Node Type": "Hash Join",
                                                                                        "Parent Relationship": "Outer",
                                                                                        "Parallel Aware": false,
                                                                                        "Join Type": "Inner",
                                                                                        "Startup Cost": 4793.79,
                                                                                        "Total Cost": 43295.72,
                                                                                        "Plan Rows": 15501,
                                                                                        "Plan Width": 4,
                                                                                        "Actual Startup Time": 146.318,
                                                                                        "Actual Total Time": 258.338,
                                                                                        "Actual Rows": 35647,
                                                                                        "Actual Loops": 2,
                                                                                        "Inner Unique": true,
                                                                                        "Hash Cond": "(mc.company_type_id = ct.id)",
                                                                                        "Plans": [
                                                                                            {
                                                                                                "Node Type": "Hash Join",
                                                                                                "Parent Relationship": "Outer",
                                                                                                "Parallel Aware": true,
                                                                                                "Join Type": "Inner",
                                                                                                "Startup Cost": 4792.73,
                                                                                                "Total Cost": 42959.43,
                                                                                                "Plan Rows": 62006,
                                                                                                "Plan Width": 8,
                                                                                                "Actual Startup Time": 30.035,
                                                                                                "Actual Total Time": 251.224,
                                                                                                "Actual Rows": 74066,
                                                                                                "Actual Loops": 2,
                                                                                                "Inner Unique": true,
                                                                                                "Hash Cond": "(mc.company_id = cn.id)",
                                                                                                "Plans": [
                                                                                                    {
                                                                                                        "Node Type": "Seq Scan",
                                                                                                        "Parent Relationship": "Outer",
                                                                                                        "Parallel Aware": true,
                                                                                                        "Relation Name": "movie_companies",
                                                                                                        "Alias": "mc",
                                                                                                        "Startup Cost": 0.0,
                                                                                                        "Total Cost": 34137.82,
                                                                                                        "Plan Rows": 1534782,
                                                                                                        "Plan Width": 12,
                                                                                                        "Actual Startup Time": 0.014,
                                                                                                        "Actual Total Time": 105.026,
                                                                                                        "Actual Rows": 1304564,
                                                                                                        "Actual Loops": 2
                                                                                                    },
                                                                                                    {
                                                                                                        "Node Type": "Hash",
                                                                                                        "Parent Relationship": "Inner",
                                                                                                        "Parallel Aware": true,
                                                                                                        "Startup Cost": 4722.92,
                                                                                                        "Total Cost": 4722.92,
                                                                                                        "Plan Rows": 5585,
                                                                                                        "Plan Width": 4,
                                                                                                        "Actual Startup Time": 29.11,
                                                                                                        "Actual Total Time": 29.111,
                                                                                                        "Actual Rows": 4888,
                                                                                                        "Actual Loops": 2,
                                                                                                        "Hash Buckets": 16384,
                                                                                                        "Original Hash Buckets": 16384,
                                                                                                        "Hash Batches": 1,
                                                                                                        "Original Hash Batches": 1,
                                                                                                        "Peak Memory Usage": 544,
                                                                                                        "Plans": [
                                                                                                            {
                                                                                                                "Node Type": "Seq Scan",
                                                                                                                "Parent Relationship": "Outer",
                                                                                                                "Parallel Aware": true,
                                                                                                                "Relation Name": "company_name",
                                                                                                                "Alias": "cn",
                                                                                                                "Startup Cost": 0.0,
                                                                                                                "Total Cost": 4722.92,
                                                                                                                "Plan Rows": 5585,
                                                                                                                "Plan Width": 4,
                                                                                                                "Actual Startup Time": 0.028,
                                                                                                                "Actual Total Time": 26.882,
                                                                                                                "Actual Rows": 4888,
                                                                                                                "Actual Loops": 2,
                                                                                                                "Filter": "((country_code)::text = '[de]'::text)",
                                                                                                                "Rows Removed by Filter": 112611
                                                                                                            }
                                                                                                        ]
                                                                                                    }
                                                                                                ]
                                                                                            },
                                                                                            {
                                                                                                "Node Type": "Hash",
                                                                                                "Parent Relationship": "Inner",
                                                                                                "Parallel Aware": false,
                                                                                                "Startup Cost": 1.05,
                                                                                                "Total Cost": 1.05,
                                                                                                "Plan Rows": 1,
                                                                                                "Plan Width": 4,
                                                                                                "Actual Startup Time": 0.049,
                                                                                                "Actual Total Time": 0.05,
                                                                                                "Actual Rows": 1,
                                                                                                "Actual Loops": 2,
                                                                                                "Hash Buckets": 1024,
                                                                                                "Original Hash Buckets": 1024,
                                                                                                "Hash Batches": 1,
                                                                                                "Original Hash Batches": 1,
                                                                                                "Peak Memory Usage": 9,
                                                                                                "Plans": [
                                                                                                    {
                                                                                                        "Node Type": "Seq Scan",
                                                                                                        "Parent Relationship": "Outer",
                                                                                                        "Parallel Aware": false,
                                                                                                        "Relation Name": "company_type",
                                                                                                        "Alias": "ct",
                                                                                                        "Startup Cost": 0.0,
                                                                                                        "Total Cost": 1.05,
                                                                                                        "Plan Rows": 1,
                                                                                                        "Plan Width": 4,
                                                                                                        "Actual Startup Time": 0.041,
                                                                                                        "Actual Total Time": 0.043,
                                                                                                        "Actual Rows": 1,
                                                                                                        "Actual Loops": 2,
                                                                                                        "Filter": "((kind)::text = 'production companies'::text)",
                                                                                                        "Rows Removed by Filter": 3
                                                                                                    }
                                                                                                ]
                                                                                            }
                                                                                        ]
                                                                                    },
                                                                                    {
                                                                                        "Node Type": "Index Scan",
                                                                                        "Parent Relationship": "Inner",
                                                                                        "Parallel Aware": false,
                                                                                        "Scan Direction": "Forward",
                                                                                        "Index Name": "movie_id_movie_info_idx",
                                                                                        "Relation Name": "movie_info_idx",
                                                                                        "Alias": "miidx",
                                                                                        "Startup Cost": 0.43,
                                                                                        "Total Cost": 0.5,
                                                                                        "Plan Rows": 3,
                                                                                        "Plan Width": 13,
                                                                                        "Actual Startup Time": 0.001,
                                                                                        "Actual Total Time": 0.002,
                                                                                        "Actual Rows": 1,
                                                                                        "Actual Loops": 71294,
                                                                                        "Index Cond": "(movie_id = mc.movie_id)",
                                                                                        "Rows Removed by Index Recheck": 0
                                                                                    }
                                                                                ]
                                                                            },
                                                                            {
                                                                                "Node Type": "Hash",
                                                                                "Parent Relationship": "Inner",
                                                                                "Parallel Aware": false,
                                                                                "Startup Cost": 2.41,
                                                                                "Total Cost": 2.41,
                                                                                "Plan Rows": 1,
                                                                                "Plan Width": 4,
                                                                                "Actual Startup Time": 0.04,
                                                                                "Actual Total Time": 0.04,
                                                                                "Actual Rows": 1,
                                                                                "Actual Loops": 2,
                                                                                "Hash Buckets": 1024,
                                                                                "Original Hash Buckets": 1024,
                                                                                "Hash Batches": 1,
                                                                                "Original Hash Batches": 1,
                                                                                "Peak Memory Usage": 9,
                                                                                "Plans": [
                                                                                    {
                                                                                        "Node Type": "Seq Scan",
                                                                                        "Parent Relationship": "Outer",
                                                                                        "Parallel Aware": false,
                                                                                        "Relation Name": "info_type",
                                                                                        "Alias": "it",
                                                                                        "Startup Cost": 0.0,
                                                                                        "Total Cost": 2.41,
                                                                                        "Plan Rows": 1,
                                                                                        "Plan Width": 4,
                                                                                        "Actual Startup Time": 0.03,
                                                                                        "Actual Total Time": 0.033,
                                                                                        "Actual Rows": 1,
                                                                                        "Actual Loops": 2,
                                                                                        "Filter": "((info)::text = 'rating'::text)",
                                                                                        "Rows Removed by Filter": 112
                                                                                    }
                                                                                ]
                                                                            }
                                                                        ]
                                                                    },
                                                                    {
                                                                        "Node Type": "Index Scan",
                                                                        "Parent Relationship": "Inner",
                                                                        "Parallel Aware": false,
                                                                        "Scan Direction": "Forward",
                                                                        "Index Name": "title_pkey",
                                                                        "Relation Name": "title",
                                                                        "Alias": "t",
                                                                        "Startup Cost": 0.43,
                                                                        "Total Cost": 0.51,
                                                                        "Plan Rows": 1,
                                                                        "Plan Width": 25,
                                                                        "Actual Startup Time": 0.003,
                                                                        "Actual Total Time": 0.003,
                                                                        "Actual Rows": 1,
                                                                        "Actual Loops": 31510,
                                                                        "Index Cond": "(id = mc.movie_id)",
                                                                        "Rows Removed by Index Recheck": 0
                                                                    }
                                                                ]
                                                            }
                                                        ]
                                                    },
                                                    {
                                                        "Node Type": "Sort",
                                                        "Parent Relationship": "Inner",
                                                        "Parallel Aware": false,
                                                        "Startup Cost": 1.1,
                                                        "Total Cost": 1.1,
                                                        "Plan Rows": 1,
                                                        "Plan Width": 4,
                                                        "Actual Startup Time": 0.037,
                                                        "Actual Total Time": 0.038,
                                                        "Actual Rows": 1,
                                                        "Actual Loops": 2,
                                                        "Sort Key": [
                                                            "kt.id"
                                                        ],
                                                        "Sort Method": "quicksort",
                                                        "Sort Space Used": 25,
                                                        "Sort Space Type": "Memory",
                                                        "Workers": [
                                                            {
                                                                "Worker Number": 0,
                                                                "Sort Method": "quicksort",
                                                                "Sort Space Used": 25,
                                                                "Sort Space Type": "Memory"
                                                            }
                                                        ],
                                                        "Plans": [
                                                            {
                                                                "Node Type": "Seq Scan",
                                                                "Parent Relationship": "Outer",
                                                                "Parallel Aware": false,
                                                                "Relation Name": "kind_type",
                                                                "Alias": "kt",
                                                                "Startup Cost": 0.0,
                                                                "Total Cost": 1.09,
                                                                "Plan Rows": 1,
                                                                "Plan Width": 4,
                                                                "Actual Startup Time": 0.027,
                                                                "Actual Total Time": 0.029,
                                                                "Actual Rows": 1,
                                                                "Actual Loops": 2,
                                                                "Filter": "((kind)::text = 'movie'::text)",
                                                                "Rows Removed by Filter": 6
                                                            }
                                                        ]
                                                    }
                                                ]
                                            },
                                            {
                                                "Node Type": "Index Scan",
                                                "Parent Relationship": "Inner",
                                                "Parallel Aware": false,
                                                "Scan Direction": "Forward",
                                                "Index Name": "movie_id_movie_info",
                                                "Relation Name": "movie_info",
                                                "Alias": "mi",
                                                "Startup Cost": 0.43,
                                                "Total Cost": 1.48,
                                                "Plan Rows": 42,
                                                "Plan Width": 52,
                                                "Actual Startup Time": 0.004,
                                                "Actual Total Time": 0.015,
                                                "Actual Rows": 31,
                                                "Actual Loops": 16470,
                                                "Index Cond": "(movie_id = mc.movie_id)",
                                                "Rows Removed by Index Recheck": 0
                                            }
                                        ]
                                    },
                                    {
                                        "Node Type": "Hash",
                                        "Parent Relationship": "Inner",
                                        "Parallel Aware": false,
                                        "Startup Cost": 2.41,
                                        "Total Cost": 2.41,
                                        "Plan Rows": 1,
                                        "Plan Width": 4,
                                        "Actual Startup Time": 0.075,
                                        "Actual Total Time": 0.076,
                                        "Actual Rows": 1,
                                        "Actual Loops": 2,
                                        "Hash Buckets": 1024,
                                        "Original Hash Buckets": 1024,
                                        "Hash Batches": 1,
                                        "Original Hash Batches": 1,
                                        "Peak Memory Usage": 9,
                                        "Plans": [
                                            {
                                                "Node Type": "Seq Scan",
                                                "Parent Relationship": "Outer",
                                                "Parallel Aware": false,
                                                "Relation Name": "info_type",
                                                "Alias": "it2",
                                                "Startup Cost": 0.0,
                                                "Total Cost": 2.41,
                                                "Plan Rows": 1,
                                                "Plan Width": 4,
                                                "Actual Startup Time": 0.048,
                                                "Actual Total Time": 0.065,
                                                "Actual Rows": 1,
                                                "Actual Loops": 2,
                                                "Filter": "((info)::text = 'release dates'::text)",
                                                "Rows Removed by Filter": 112
                                            }
                                        ]
                                    }
                                ]
                            }
                        ]
                    }
                ]
            }
        ]
    },
    "Planning Time": 2.562,
    "Triggers": [],
    "Execution Time": 643.129
}