{
    "Plan": {
        "Node Type": "Aggregate",
        "Strategy": "Plain",
        "Partial Mode": "Finalize",
        "Parallel Aware": false,
        "Startup Cost": 24790.07,
        "Total Cost": 24790.08,
        "Plan Rows": 1,
        "Plan Width": 96,
        "Actual Startup Time": 1756.152,
        "Actual Total Time": 1810.921,
        "Actual Rows": 1,
        "Actual Loops": 1,
        "Plans": [
            {
                "Node Type": "Gather",
                "Parent Relationship": "Outer",
                "Parallel Aware": false,
                "Startup Cost": 24789.95,
                "Total Cost": 24790.06,
                "Plan Rows": 1,
                "Plan Width": 96,
                "Actual Startup Time": 1755.59,
                "Actual Total Time": 1810.908,
                "Actual Rows": 2,
                "Actual Loops": 1,
                "Workers Planned": 1,
                "Workers Launched": 1,
                "Single Copy": false,
                "Plans": [
                    {
                        "Node Type": "Aggregate",
                        "Strategy": "Plain",
                        "Partial Mode": "Partial",
                        "Parent Relationship": "Outer",
                        "Parallel Aware": false,
                        "Startup Cost": 23789.95,
                        "Total Cost": 23789.96,
                        "Plan Rows": 1,
                        "Plan Width": 96,
                        "Actual Startup Time": 1748.1,
                        "Actual Total Time": 1748.108,
                        "Actual Rows": 1,
                        "Actual Loops": 2,
                        "Plans": [
                            {
                                "Node Type": "Hash Join",
                                "Parent Relationship": "Outer",
                                "Parallel Aware": false,
                                "Join Type": "Inner",
                                "Startup Cost": 8.73,
                                "Total Cost": 23789.83,
                                "Plan Rows": 16,
                                "Plan Width": 66,
                                "Actual Startup Time": 326.7,
                                "Actual Total Time": 1740.068,
                                "Actual Rows": 55550,
                                "Actual Loops": 2,
                                "Inner Unique": true,
                                "Hash Cond": "(mi.info_type_id = it2.id)",
                                "Plans": [
                                    {
                                        "Node Type": "Nested Loop",
                                        "Parent Relationship": "Outer",
                                        "Parallel Aware": false,
                                        "Join Type": "Inner",
                                        "Startup Cost": 6.3,
                                        "Total Cost": 23782.59,
                                        "Plan Rows": 1766,
                                        "Plan Width": 70,
                                        "Actual Startup Time": 326.399,
                                        "Actual Total Time": 1714.888,
                                        "Actual Rows": 258164,
                                        "Actual Loops": 2,
                                        "Inner Unique": false,
                                        "Plans": [
                                            {
                                                "Node Type": "Nested Loop",
                                                "Parent Relationship": "Outer",
                                                "Parallel Aware": false,
                                                "Join Type": "Inner",
                                                "Startup Cost": 5.87,
                                                "Total Cost": 23675.59,
                                                "Plan Rows": 56,
                                                "Plan Width": 34,
                                                "Actual Startup Time": 326.368,
                                                "Actual Total Time": 1523.211,
                                                "Actual Rows": 8235,
                                                "Actual Loops": 2,
                                                "Inner Unique": true,
                                                "Plans": [
                                                    {
                                                        "Node Type": "Hash Join",
                                                        "Parent Relationship": "Outer",
                                                        "Parallel Aware": false,
                                                        "Join Type": "Inner",
                                                        "Startup Cost": 5.45,
                                                        "Total Cost": 23061.57,
                                                        "Plan Rows": 1378,
                                                        "Plan Width": 38,
                                                        "Actual Startup Time": 325.362,
                                                        "Actual Total Time": 1167.657,
                                                        "Actual Rows": 151305,
                                                        "Actual Loops": 2,
                                                        "Inner Unique": true,
                                                        "Hash Cond": "(mc.company_type_id = ct.id)",
                                                        "Plans": [
                                                            {
                                                                "Node Type": "Nested Loop",
                                                                "Parent Relationship": "Outer",
                                                                "Parallel Aware": false,
                                                                "Join Type": "Inner",
                                                                "Startup Cost": 4.39,
                                                                "Total Cost": 23030.71,
                                                                "Plan Rows": 5514,
                                                                "Plan Width": 42,
                                                                "Actual Startup Time": 325.23,
                                                                "Actual Total Time": 1119.966,
                                                                "Actual Rows": 386542,
                                                                "Actual Loops": 2,
                                                                "Inner Unique": false,
                                                                "Plans": [
                                                                    {
                                                                        "Node Type": "Hash Join",
                                                                        "Parent Relationship": "Outer",
                                                                        "Parallel Aware": false,
                                                                        "Join Type": "Inner",
                                                                        "Startup Cost": 3.96,
                                                                        "Total Cost": 22406.33,
                                                                        "Plan Rows": 1026,
                                                                        "Plan Width": 30,
                                                                        "Actual Startup Time": 325.185,
                                                                        "Actual Total Time": 785.043,
                                                                        "Actual Rows": 104940,
                                                                        "Actual Loops": 2,
                                                                        "Inner Unique": true,
                                                                        "Hash Cond": "(t.kind_id = kt.id)",
                                                                        "Plans": [
                                                                            {
                                                                                "Node Type": "Nested Loop",
                                                                                "Parent Relationship": "Outer",
                                                                                "Parallel Aware": false,
                                                                                "Join Type": "Inner",
                                                                                "Startup Cost": 2.86,
                                                                                "Total Cost": 22374.95,
                                                                                "Plan Rows": 7184,
                                                                                "Plan Width": 34,
                                                                                "Actual Startup Time": 0.237,
                                                                                "Actual Total Time": 751.687,
                                                                                "Actual Rows": 229962,
                                                                                "Actual Loops": 2,
                                                                                "Inner Unique": true,
                                                                                "Plans": [
                                                                                    {
                                                                                        "Node Type": "Hash Join",
                                                                                        "Parent Relationship": "Outer",
                                                                                        "Parallel Aware": false,
                                                                                        "Join Type": "Inner",
                                                                                        "Startup Cost": 2.43,
                                                                                        "Total Cost": 18266.14,
                                                                                        "Plan Rows": 7184,
                                                                                        "Plan Width": 9,
                                                                                        "Actual Startup Time": 0.116,
                                                                                        "Actual Total Time": 157.291,
                                                                                        "Actual Rows": 229962,
                                                                                        "Actual Loops": 2,
                                                                                        "Inner Unique": true,
                                                                                        "Hash Cond": "(miidx.info_type_id = it.id)",
                                                                                        "Plans": [
                                                                                            {
                                                                                                "Node Type": "Seq Scan",
                                                                                                "Parent Relationship": "Outer",
                                                                                                "Parallel Aware": true,
                                                                                                "Relation Name": "movie_info_idx",
                                                                                                "Alias": "miidx",
                                                                                                "Startup Cost": 0.0,
                                                                                                "Total Cost": 16052.85,
                                                                                                "Plan Rows": 811785,
                                                                                                "Plan Width": 13,
                                                                                                "Actual Startup Time": 0.038,
                                                                                                "Actual Total Time": 64.989,
                                                                                                "Actual Rows": 690018,
                                                                                                "Actual Loops": 2
                                                                                            },
                                                                                            {
                                                                                                "Node Type": "Hash",
                                                                                                "Parent Relationship": "Inner",
                                                                                                "Parallel Aware": false,
                                                                                                "Startup Cost": 2.41,
                                                                                                "Total Cost": 2.41,
                                                                                                "Plan Rows": 1,
                                                                                                "Plan Width": 4,
                                                                                                "Actual Startup Time": 0.042,
                                                                                                "Actual Total Time": 0.043,
                                                                                                "Actual Rows": 1,
                                                                                                "Actual Loops": 2,
                                                                                                "Hash Buckets": 1024,
                                                                                                "Original Hash Buckets": 1024,
                                                                                                "Hash Batches": 1,
                                                                                                "Original Hash Batches": 1,
                                                                                                "Peak Memory Usage": 9,
                                                                                                "Plans": [
                                                                                                    {
                                                                                                        "Node Type": "Seq Scan",
                                                                                                        "Parent Relationship": "Outer",
                                                                                                        "Parallel Aware": false,
                                                                                                        "Relation Name": "info_type",
                                                                                                        "Alias": "it",
                                                                                                        "Startup Cost": 0.0,
                                                                                                        "Total Cost": 2.41,
                                                                                                        "Plan Rows": 1,
                                                                                                        "Plan Width": 4,
                                                                                                        "Actual Startup Time": 0.027,
                                                                                                        "Actual Total Time": 0.031,
                                                                                                        "Actual Rows": 1,
                                                                                                        "Actual Loops": 2,
                                                                                                        "Filter": "((info)::text = 'rating'::text)",
                                                                                                        "Rows Removed by Filter": 112
                                                                                                    }
                                                                                                ]
                                                                                            }
                                                                                        ]
                                                                                    },
                                                                                    {
                                                                                        "Node Type": "Index Scan",
                                                                                        "Parent Relationship": "Inner",
                                                                                        "Parallel Aware": false,
                                                                                        "Scan Direction": "Forward",
                                                                                        "Index Name": "title_pkey",
                                                                                        "Relation Name": "title",
                                                                                        "Alias": "t",
                                                                                        "Startup Cost": 0.43,
                                                                                        "Total Cost": 0.57,
                                                                                        "Plan Rows": 1,
                                                                                        "Plan Width": 25,
                                                                                        "Actual Startup Time": 0.002,
                                                                                        "Actual Total Time": 0.002,
                                                                                        "Actual Rows": 1,
                                                                                        "Actual Loops": 459925,
                                                                                        "Index Cond": "(id = miidx.movie_id)",
                                                                                        "Rows Removed by Index Recheck": 0
                                                                                    }
                                                                                ]
                                                                            },
                                                                            {
                                                                                "Node Type": "Hash",
                                                                                "Parent Relationship": "Inner",
                                                                                "Parallel Aware": false,
                                                                                "Startup Cost": 1.09,
                                                                                "Total Cost": 1.09,
                                                                                "Plan Rows": 1,
                                                                                "Plan Width": 4,
                                                                                "Actual Startup Time": 0.059,
                                                                                "Actual Total Time": 0.059,
                                                                                "Actual Rows": 1,
                                                                                "Actual Loops": 2,
                                                                                "Hash Buckets": 1024,
                                                                                "Original Hash Buckets": 1024,
                                                                                "Hash Batches": 1,
                                                                                "Original Hash Batches": 1,
                                                                                "Peak Memory Usage": 9,
                                                                                "Plans": [
                                                                                    {
                                                                                        "Node Type": "Seq Scan",
                                                                                        "Parent Relationship": "Outer",
                                                                                        "Parallel Aware": false,
                                                                                        "Relation Name": "kind_type",
                                                                                        "Alias": "kt",
                                                                                        "Startup Cost": 0.0,
                                                                                        "Total Cost": 1.09,
                                                                                        "Plan Rows": 1,
                                                                                        "Plan Width": 4,
                                                                                        "Actual Startup Time": 0.049,
                                                                                        "Actual Total Time": 0.052,
                                                                                        "Actual Rows": 1,
                                                                                        "Actual Loops": 2,
                                                                                        "Filter": "((kind)::text = 'movie'::text)",
                                                                                        "Rows Removed by Filter": 6
                                                                                    }
                                                                                ]
                                                                            }
                                                                        ]
                                                                    },
                                                                    {
                                                                        "Node Type": "Index Scan",
                                                                        "Parent Relationship": "Inner",
                                                                        "Parallel Aware": false,
                                                                        "Scan Direction": "Forward",
                                                                        "Index Name": "movie_id_movie_companies",
                                                                        "Relation Name": "movie_companies",
                                                                        "Alias": "mc",
                                                                        "Startup Cost": 0.43,
                                                                        "Total Cost": 0.56,
                                                                        "Plan Rows": 5,
                                                                        "Plan Width": 12,
                                                                        "Actual Startup Time": 0.002,
                                                                        "Actual Total Time": 0.003,
                                                                        "Actual Rows": 4,
                                                                        "Actual Loops": 209880,
                                                                        "Index Cond": "(movie_id = t.id)",
                                                                        "Rows Removed by Index Recheck": 0
                                                                    }
                                                                ]
                                                            },
                                                            {
                                                                "Node Type": "Hash",
                                                                "Parent Relationship": "Inner",
                                                                "Parallel Aware": false,
                                                                "Startup Cost": 1.05,
                                                                "Total Cost": 1.05,
                                                                "Plan Rows": 1,
                                                                "Plan Width": 4,
                                                                "Actual Startup Time": 0.081,
                                                                "Actual Total Time": 0.082,
                                                                "Actual Rows": 1,
                                                                "Actual Loops": 2,
                                                                "Hash Buckets": 1024,
                                                                "Original Hash Buckets": 1024,
                                                                "Hash Batches": 1,
                                                                "Original Hash Batches": 1,
                                                                "Peak Memory Usage": 9,
                                                                "Plans": [
                                                                    {
                                                                        "Node Type": "Seq Scan",
                                                                        "Parent Relationship": "Outer",
                                                                        "Parallel Aware": false,
                                                                        "Relation Name": "company_type",
                                                                        "Alias": "ct",
                                                                        "Startup Cost": 0.0,
                                                                        "Total Cost": 1.05,
                                                                        "Plan Rows": 1,
                                                                        "Plan Width": 4,
                                                                        "Actual Startup Time": 0.069,
                                                                        "Actual Total Time": 0.071,
                                                                        "Actual Rows": 1,
                                                                        "Actual Loops": 2,
                                                                        "Filter": "((kind)::text = 'production companies'::text)",
                                                                        "Rows Removed by Filter": 3
                                                                    }
                                                                ]
                                                            }
                                                        ]
                                                    },
                                                    {
                                                        "Node Type": "Index Scan",
                                                        "Parent Relationship": "Inner",
                                                        "Parallel Aware": false,
                                                        "Scan Direction": "Forward",
                                                        "Index Name": "company_name_pkey",
                                                        "Relation Name": "company_name",
                                                        "Alias": "cn",
                                                        "Startup Cost": 0.42,
                                                        "Total Cost": 0.45,
                                                        "Plan Rows": 1,
                                                        "Plan Width": 4,
                                                        "Actual Startup Time": 0.002,
                                                        "Actual Total Time": 0.002,
                                                        "Actual Rows": 0,
                                                        "Actual Loops": 302610,
                                                        "Index Cond": "(id = mc.company_id)",
                                                        "Rows Removed by Index Recheck": 0,
                                                        "Filter": "((country_code)::text = '[de]'::text)",
                                                        "Rows Removed by Filter": 1
                                                    }
                                                ]
                                            },
                                            {
                                                "Node Type": "Index Scan",
                                                "Parent Relationship": "Inner",
                                                "Parallel Aware": false,
                                                "Scan Direction": "Forward",
                                                "Index Name": "movie_id_movie_info",
                                                "Relation Name": "movie_info",
                                                "Alias": "mi",
                                                "Startup Cost": 0.43,
                                                "Total Cost": 1.49,
                                                "Plan Rows": 42,
                                                "Plan Width": 52,
                                                "Actual Startup Time": 0.005,
                                                "Actual Total Time": 0.019,
                                                "Actual Rows": 31,
                                                "Actual Loops": 16470,
                                                "Index Cond": "(movie_id = t.id)",
                                                "Rows Removed by Index Recheck": 0
                                            }
                                        ]
                                    },
                                    {
                                        "Node Type": "Hash",
                                        "Parent Relationship": "Inner",
                                        "Parallel Aware": false,
                                        "Startup Cost": 2.41,
                                        "Total Cost": 2.41,
                                        "Plan Rows": 1,
                                        "Plan Width": 4,
                                        "Actual Startup Time": 0.081,
                                        "Actual Total Time": 0.082,
                                        "Actual Rows": 1,
                                        "Actual Loops": 2,
                                        "Hash Buckets": 1024,
                                        "Original Hash Buckets": 1024,
                                        "Hash Batches": 1,
                                        "Original Hash Batches": 1,
                                        "Peak Memory Usage": 9,
                                        "Plans": [
                                            {
                                                "Node Type": "Seq Scan",
                                                "Parent Relationship": "Outer",
                                                "Parallel Aware": false,
                                                "Relation Name": "info_type",
                                                "Alias": "it2",
                                                "Startup Cost": 0.0,
                                                "Total Cost": 2.41,
                                                "Plan Rows": 1,
                                                "Plan Width": 4,
                                                "Actual Startup Time": 0.054,
                                                "Actual Total Time": 0.07,
                                                "Actual Rows": 1,
                                                "Actual Loops": 2,
                                                "Filter": "((info)::text = 'release dates'::text)",
                                                "Rows Removed by Filter": 112
                                            }
                                        ]
                                    }
                                ]
                            }
                        ]
                    }
                ]
            }
        ]
    },
    "Planning Time": 18.147,
    "Triggers": [],
    "Execution Time": 1811.179
}