[
  {
    "Plan": {
      "Node Type": "Aggregate",
      "Strategy": "Plain",
      "Partial Mode": "Finalize",
      "Parallel Aware": false,
      "Startup Cost": 96585.31,
      "Total Cost": 96585.32,
      "Plan Rows": 1,
      "Plan Width": 8,
      "Actual Startup Time": 543.213,
      "Actual Total Time": 558.093,
      "Actual Rows": 1,
      "Actual Loops": 1,
      "Plans": [
        {
          "Node Type": "Gather",
          "Parent Relationship": "Outer",
          "Parallel Aware": false,
          "Startup Cost": 96585.0,
          "Total Cost": 96585.31,
          "Plan Rows": 3,
          "Plan Width": 8,
          "Actual Startup Time": 536.06,
          "Actual Total Time": 558.065,
          "Actual Rows": 4,
          "Actual Loops": 1,
          "Workers Planned": 3,
          "Workers Launched": 3,
          "Single Copy": false,
          "Plans": [
            {
              "Node Type": "Aggregate",
              "Strategy": "Plain",
              "Partial Mode": "Partial",
              "Parent Relationship": "Outer",
              "Parallel Aware": false,
              "Startup Cost": 95585.0,
              "Total Cost": 95585.01,
              "Plan Rows": 1,
              "Plan Width": 8,
              "Actual Startup Time": 530.724,
              "Actual Total Time": 530.859,
              "Actual Rows": 1,
              "Actual Loops": 4,
              "Plans": [
                {
                  "Node Type": "Hash Join",
                  "Parent Relationship": "Outer",
                  "Parallel Aware": true,
                  "Join Type": "Inner",
                  "Startup Cost": 64454.88,
                  "Total Cost": 95297.24,
                  "Plan Rows": 115104,
                  "Plan Width": 0,
                  "Actual Startup Time": 336.565,
                  "Actual Total Time": 506.574,
                  "Actual Rows": 576810,
                  "Actual Loops": 4,
                  "Inner Unique": false,
                  "Hash Cond": "(mc.movie_id = t.id)",
                  "Plans": [
                    {
                      "Node Type": "Seq Scan",
                      "Parent Relationship": "Outer",
                      "Parallel Aware": true,
                      "Relation Name": "movie_companies",
                      "Alias": "mc",
                      "Startup Cost": 0.0,
                      "Total Cost": 27206.55,
                      "Plan Rows": 841655,
                      "Plan Width": 4,
                      "Actual Startup Time": 0.022,
                      "Actual Total Time": 59.077,
                      "Actual Rows": 652282,
                      "Actual Loops": 4
                    },
                    {
                      "Node Type": "Hash",
                      "Parent Relationship": "Inner",
                      "Parallel Aware": true,
                      "Startup Cost": 62653.92,
                      "Total Cost": 62653.92,
                      "Plan Rows": 144077,
                      "Plan Width": 8,
                      "Actual Startup Time": 307.977,
                      "Actual Total Time": 308.11,
                      "Actual Rows": 154965,
                      "Actual Loops": 4,
                      "Hash Buckets": 1048576,
                      "Original Hash Buckets": 524288,
                      "Hash Batches": 1,
                      "Original Hash Batches": 1,
                      "Peak Memory Usage": 36608,
                      "Plans": [
                        {
                          "Node Type": "Hash Join",
                          "Parent Relationship": "Outer",
                          "Parallel Aware": true,
                          "Join Type": "Inner",
                          "Startup Cost": 47459.36,
                          "Total Cost": 62653.92,
                          "Plan Rows": 144077,
                          "Plan Width": 8,
                          "Actual Startup Time": 189.807,
                          "Actual Total Time": 256.242,
                          "Actual Rows": 154965,
                          "Actual Loops": 4,
                          "Inner Unique": true,
                          "Hash Cond": "(mi_idx.movie_id = t.id)",
                          "Plans": [
                            {
                              "Node Type": "Seq Scan",
                              "Parent Relationship": "Outer",
                              "Parallel Aware": true,
                              "Relation Name": "movie_info_idx",
                              "Alias": "mi_idx",
                              "Startup Cost": 0.0,
                              "Total Cost": 13685.15,
                              "Plan Rows": 575015,
                              "Plan Width": 4,
                              "Actual Startup Time": 0.025,
                              "Actual Total Time": 30.596,
                              "Actual Rows": 345009,
                              "Actual Loops": 4
                            },
                            {
                              "Node Type": "Hash",
                              "Parent Relationship": "Inner",
                              "Parallel Aware": true,
                              "Startup Cost": 45479.59,
                              "Total Cost": 45479.59,
                              "Plan Rows": 158382,
                              "Plan Width": 4,
                              "Actual Startup Time": 156.012,
                              "Actual Total Time": 156.013,
                              "Actual Rows": 156802,
                              "Actual Loops": 4,
                              "Hash Buckets": 1048576,
                              "Original Hash Buckets": 1048576,
                              "Hash Batches": 1,
                              "Original Hash Batches": 1,
                              "Peak Memory Usage": 32768,
                              "Plans": [
                                {
                                  "Node Type": "Seq Scan",
                                  "Parent Relationship": "Outer",
                                  "Parallel Aware": true,
                                  "Relation Name": "title",
                                  "Alias": "t",
                                  "Startup Cost": 0.0,
                                  "Total Cost": 45479.59,
                                  "Plan Rows": 158382,
                                  "Plan Width": 4,
                                  "Actual Startup Time": 43.772,
                                  "Actual Total Time": 101.457,
                                  "Actual Rows": 156802,
                                  "Actual Loops": 4,
                                  "Filter": "((production_year > 1910) AND (kind_id = 1))",
                                  "Rows Removed by Filter": 475276
                                }
                              ]
                            }
                          ]
                        }
                      ]
                    }
                  ]
                }
              ]
            }
          ]
        }
      ]
    },
    "Planning Time": 0.462,
    "Triggers": [],
    "Execution Time": 558.134
  }
]