[
  {
    "Plan": {
      "Node Type": "Aggregate",
      "Strategy": "Plain",
      "Partial Mode": "Finalize",
      "Parallel Aware": false,
      "Startup Cost": 249518.8,
      "Total Cost": 249518.81,
      "Plan Rows": 1,
      "Plan Width": 8,
      "Actual Startup Time": 1671.587,
      "Actual Total Time": 1717.515,
      "Actual Rows": 1,
      "Actual Loops": 1,
      "Plans": [
        {
          "Node Type": "Gather",
          "Parent Relationship": "Outer",
          "Parallel Aware": false,
          "Startup Cost": 249518.48,
          "Total Cost": 249518.79,
          "Plan Rows": 3,
          "Plan Width": 8,
          "Actual Startup Time": 1656.106,
          "Actual Total Time": 1717.506,
          "Actual Rows": 4,
          "Actual Loops": 1,
          "Workers Planned": 3,
          "Workers Launched": 3,
          "Single Copy": false,
          "Plans": [
            {
              "Node Type": "Aggregate",
              "Strategy": "Plain",
              "Partial Mode": "Partial",
              "Parent Relationship": "Outer",
              "Parallel Aware": false,
              "Startup Cost": 248518.48,
              "Total Cost": 248518.49,
              "Plan Rows": 1,
              "Plan Width": 8,
              "Actual Startup Time": 1644.247,
              "Actual Total Time": 1644.251,
              "Actual Rows": 1,
              "Actual Loops": 4,
              "Plans": [
                {
                  "Node Type": "Nested Loop",
                  "Parent Relationship": "Outer",
                  "Parallel Aware": false,
                  "Join Type": "Inner",
                  "Startup Cost": 56945.31,
                  "Total Cost": 248293.17,
                  "Plan Rows": 90125,
                  "Plan Width": 0,
                  "Actual Startup Time": 340.727,
                  "Actual Total Time": 1585.42,
                  "Actual Rows": 1165517,
                  "Actual Loops": 4,
                  "Inner Unique": false,
                  "Plans": [
                    {
                      "Node Type": "Hash Join",
                      "Parent Relationship": "Outer",
                      "Parallel Aware": true,
                      "Join Type": "Inner",
                      "Startup Cost": 56944.88,
                      "Total Cost": 82945.47,
                      "Plan Rows": 102254,
                      "Plan Width": 8,
                      "Actual Startup Time": 340.605,
                      "Actual Total Time": 421.051,
                      "Actual Rows": 79728,
                      "Actual Loops": 4,
                      "Inner Unique": true,
                      "Hash Cond": "(mk.movie_id = t.id)",
                      "Plans": [
                        {
                          "Node Type": "Bitmap Heap Scan",
                          "Parent Relationship": "Outer",
                          "Parallel Aware": true,
                          "Relation Name": "movie_keyword",
                          "Alias": "mk",
                          "Startup Cost": 6725.07,
                          "Total Cost": 32457.24,
                          "Plan Rows": 102254,
                          "Plan Width": 4,
                          "Actual Startup Time": 19.595,
                          "Actual Total Time": 57.261,
                          "Actual Rows": 79728,
                          "Actual Loops": 4,
                          "Recheck Cond": "(keyword_id < 251)",
                          "Rows Removed by Index Recheck": 0,
                          "Exact Heap Blocks": 7607,
                          "Lossy Heap Blocks": 0,
                          "Plans": [
                            {
                              "Node Type": "Bitmap Index Scan",
                              "Parent Relationship": "Outer",
                              "Parallel Aware": false,
                              "Index Name": "keyword_id_movie_keyword",
                              "Startup Cost": 0.0,
                              "Total Cost": 6645.83,
                              "Plan Rows": 316986,
                              "Plan Width": 0,
                              "Actual Startup Time": 16.044,
                              "Actual Total Time": 16.044,
                              "Actual Rows": 318911,
                              "Actual Loops": 1,
                              "Index Cond": "(keyword_id < 251)"
                            }
                          ]
                        },
                        {
                          "Node Type": "Hash",
                          "Parent Relationship": "Inner",
                          "Parallel Aware": true,
                          "Startup Cost": 42318.81,
                          "Total Cost": 42318.81,
                          "Plan Rows": 632080,
                          "Plan Width": 4,
                          "Actual Startup Time": 313.208,
                          "Actual Total Time": 313.209,
                          "Actual Rows": 632078,
                          "Actual Loops": 4,
                          "Hash Buckets": 4194304,
                          "Original Hash Buckets": 4194304,
                          "Hash Batches": 1,
                          "Original Hash Batches": 1,
                          "Peak Memory Usage": 131744,
                          "Plans": [
                            {
                              "Node Type": "Seq Scan",
                              "Parent Relationship": "Outer",
                              "Parallel Aware": true,
                              "Relation Name": "title",
                              "Alias": "t",
                              "Startup Cost": 0.0,
                              "Total Cost": 42318.81,
                              "Plan Rows": 632080,
                              "Plan Width": 4,
                              "Actual Startup Time": 0.023,
                              "Actual Total Time": 92.88,
                              "Actual Rows": 632078,
                              "Actual Loops": 4
                            }
                          ]
                        }
                      ]
                    },
                    {
                      "Node Type": "Index Scan",
                      "Parent Relationship": "Inner",
                      "Parallel Aware": false,
                      "Scan Direction": "Forward",
                      "Index Name": "movie_id_movie_info",
                      "Relation Name": "movie_info",
                      "Alias": "mi",
                      "Startup Cost": 0.43,
                      "Total Cost": 1.56,
                      "Plan Rows": 6,
                      "Plan Width": 4,
                      "Actual Startup Time": 0.005,
                      "Actual Total Time": 0.013,
                      "Actual Rows": 15,
                      "Actual Loops": 318911,
                      "Index Cond": "(movie_id = t.id)",
                      "Rows Removed by Index Recheck": 0,
                      "Filter": "(info_type_id > 16)",
                      "Rows Removed by Filter": 27
                    }
                  ]
                }
              ]
            }
          ]
        }
      ]
    },
    "Planning Time": 0.519,
    "Triggers": [],
    "Execution Time": 1717.577
  }
]