{
  "Plan": {
    "Node Type": "Aggregate",
    "Strategy": "Plain",
    "Partial Mode": "Finalize",
    "Parallel Aware": false,
    "Startup Cost": 116082.06,
    "Total Cost": 116082.07,
    "Plan Rows": 1,
    "Plan Width": 8,
    "Actual Startup Time": 699.167,
    "Actual Total Time": 712.944,
    "Actual Rows": 1,
    "Actual Loops": 1,
    "Plans": [
      {
        "Node Type": "Gather",
        "Parent Relationship": "Outer",
        "Parallel Aware": false,
        "Startup Cost": 116081.95,
        "Total Cost": 116082.06,
        "Plan Rows": 1,
        "Plan Width": 8,
        "Actual Startup Time": 697.726,
        "Actual Total Time": 712.933,
        "Actual Rows": 2,
        "Actual Loops": 1,
        "Workers Planned": 1,
        "Workers Launched": 1,
        "Single Copy": false,
        "Plans": [
          {
            "Node Type": "Aggregate",
            "Strategy": "Plain",
            "Partial Mode": "Partial",
            "Parent Relationship": "Outer",
            "Parallel Aware": false,
            "Startup Cost": 115081.95,
            "Total Cost": 115081.96,
            "Plan Rows": 1,
            "Plan Width": 8,
            "Actual Startup Time": 691.774,
            "Actual Total Time": 691.778,
            "Actual Rows": 1,
            "Actual Loops": 2,
            "Plans": [
              {
                "Node Type": "Hash Join",
                "Parent Relationship": "Outer",
                "Parallel Aware": true,
                "Join Type": "Inner",
                "Startup Cost": 56167.72,
                "Total Cost": 114218.57,
                "Plan Rows": 345352,
                "Plan Width": 0,
                "Actual Startup Time": 236.231,
                "Actual Total Time": 642.766,
                "Actual Rows": 1014320,
                "Actual Loops": 2,
                "Inner Unique": true,
                "Hash Cond": "(mk.movie_id = t.id)",
                "Plans": [
                  {
                    "Node Type": "Seq Scan",
                    "Parent Relationship": "Outer",
                    "Parallel Aware": true,
                    "Relation Name": "movie_keyword",
                    "Alias": "mk",
                    "Startup Cost": 0.0,
                    "Total Cost": 51065.35,
                    "Plan Rows": 2661135,
                    "Plan Width": 4,
                    "Actual Startup Time": 0.017,
                    "Actual Total Time": 182.617,
                    "Actual Rows": 2261965,
                    "Actual Loops": 2
                  },
                  {
                    "Node Type": "Hash",
                    "Parent Relationship": "Inner",
                    "Parallel Aware": true,
                    "Startup Cost": 53755.14,
                    "Total Cost": 53755.14,
                    "Plan Rows": 193007,
                    "Plan Width": 4,
                    "Actual Startup Time": 154.978,
                    "Actual Total Time": 154.98,
                    "Actual Rows": 205761,
                    "Actual Loops": 2,
                    "Hash Buckets": 524288,
                    "Original Hash Buckets": 524288,
                    "Hash Batches": 1,
                    "Original Hash Batches": 1,
                    "Peak Memory Usage": 20224,
                    "Plans": [
                      {
                        "Node Type": "Bitmap Heap Scan",
                        "Parent Relationship": "Outer",
                        "Parallel Aware": true,
                        "Relation Name": "title",
                        "Alias": "t",
                        "Startup Cost": 11904.88,
                        "Total Cost": 53755.14,
                        "Plan Rows": 193007,
                        "Plan Width": 4,
                        "Actual Startup Time": 34.592,
                        "Actual Total Time": 108.508,
                        "Actual Rows": 205761,
                        "Actual Loops": 2,
                        "Recheck Cond": "(kind_id = 1)",
                        "Rows Removed by Index Recheck": 0,
                        "Filter": "(production_year < 2004)",
                        "Rows Removed by Filter": 125652,
                        "Exact Heap Blocks": 8988,
                        "Lossy Heap Blocks": 0,
                        "Plans": [
                          {
                            "Node Type": "Bitmap Index Scan",
                            "Parent Relationship": "Outer",
                            "Parallel Aware": false,
                            "Index Name": "kind_id_title",
                            "Startup Cost": 0.0,
                            "Total Cost": 11822.85,
                            "Plan Rows": 663256,
                            "Plan Width": 0,
                            "Actual Startup Time": 33.167,
                            "Actual Total Time": 33.167,
                            "Actual Rows": 662825,
                            "Actual Loops": 1,
                            "Index Cond": "(kind_id = 1)"
                          }
                        ]
                      }
                    ]
                  }
                ]
              }
            ]
          }
        ]
      }
    ]
  },
  "Planning Time": 0.664,
  "Triggers": [],
  "Execution Time": 713.063
}