{
  "Plan": {
    "Node Type": "Aggregate",
    "Strategy": "Plain",
    "Partial Mode": "Simple",
    "Parallel Aware": false,
    "Startup Cost": 94236.01,
    "Total Cost": 94236.02,
    "Plan Rows": 1,
    "Plan Width": 64,
    "Actual Startup Time": 286.751,
    "Actual Total Time": 302.755,
    "Actual Rows": 1,
    "Actual Loops": 1,
    "Plans": [
      {
        "Node Type": "Gather",
        "Parent Relationship": "Outer",
        "Parallel Aware": false,
        "Startup Cost": 1003.41,
        "Total Cost": 94236.0,
        "Plan Rows": 1,
        "Plan Width": 32,
        "Actual Startup Time": 156.299,
        "Actual Total Time": 302.742,
        "Actual Rows": 4,
        "Actual Loops": 1,
        "Workers Planned": 1,
        "Workers Launched": 1,
        "Single Copy": false,
        "Plans": [
          {
            "Node Type": "Nested Loop",
            "Parent Relationship": "Outer",
            "Parallel Aware": false,
            "Join Type": "Inner",
            "Startup Cost": 3.41,
            "Total Cost": 93235.9,
            "Plan Rows": 1,
            "Plan Width": 32,
            "Actual Startup Time": 213.789,
            "Actual Total Time": 278.947,
            "Actual Rows": 2,
            "Actual Loops": 2,
            "Inner Unique": true,
            "Plans": [
              {
                "Node Type": "Nested Loop",
                "Parent Relationship": "Outer",
                "Parallel Aware": false,
                "Join Type": "Inner",
                "Startup Cost": 2.99,
                "Total Cost": 93235.3,
                "Plan Rows": 1,
                "Plan Width": 36,
                "Actual Startup Time": 213.781,
                "Actual Total Time": 278.936,
                "Actual Rows": 2,
                "Actual Loops": 2,
                "Inner Unique": true,
                "Plans": [
                  {
                    "Node Type": "Nested Loop",
                    "Parent Relationship": "Outer",
                    "Parallel Aware": false,
                    "Join Type": "Inner",
                    "Startup Cost": 2.85,
                    "Total Cost": 93235.11,
                    "Plan Rows": 1,
                    "Plan Width": 40,
                    "Actual Startup Time": 213.777,
                    "Actual Total Time": 278.928,
                    "Actual Rows": 2,
                    "Actual Loops": 2,
                    "Inner Unique": false,
                    "Join Filter": "(mi.movie_id = mc.movie_id)",
                    "Rows Removed by Join Filter": 0,
                    "Plans": [
                      {
                        "Node Type": "Nested Loop",
                        "Parent Relationship": "Outer",
                        "Parallel Aware": false,
                        "Join Type": "Inner",
                        "Startup Cost": 2.42,
                        "Total Cost": 93234.37,
                        "Plan Rows": 1,
                        "Plan Width": 48,
                        "Actual Startup Time": 213.767,
                        "Actual Total Time": 278.91,
                        "Actual Rows": 2,
                        "Actual Loops": 2,
                        "Inner Unique": true,
                        "Plans": [
                          {
                            "Node Type": "Nested Loop",
                            "Parent Relationship": "Outer",
                            "Parallel Aware": false,
                            "Join Type": "Inner",
                            "Startup Cost": 1.99,
                            "Total Cost": 93233.65,
                            "Plan Rows": 1,
                            "Plan Width": 52,
                            "Actual Startup Time": 213.759,
                            "Actual Total Time": 278.899,
                            "Actual Rows": 2,
                            "Actual Loops": 2,
                            "Inner Unique": true,
                            "Join Filter": "(mi.movie_id = t.id)",
                            "Rows Removed by Join Filter": 0,
                            "Plans": [
                              {
                                "Node Type": "Nested Loop",
                                "Parent Relationship": "Outer",
                                "Parallel Aware": false,
                                "Join Type": "Inner",
                                "Startup Cost": 1.56,
                                "Total Cost": 93232.92,
                                "Plan Rows": 1,
                                "Plan Width": 31,
                                "Actual Startup Time": 213.75,
                                "Actual Total Time": 278.885,
                                "Actual Rows": 2,
                                "Actual Loops": 2,
                                "Inner Unique": true,
                                "Plans": [
                                  {
                                    "Node Type": "Nested Loop",
                                    "Parent Relationship": "Outer",
                                    "Parallel Aware": false,
                                    "Join Type": "Inner",
                                    "Startup Cost": 1.43,
                                    "Total Cost": 93232.74,
                                    "Plan Rows": 1,
                                    "Plan Width": 35,
                                    "Actual Startup Time": 213.745,
                                    "Actual Total Time": 278.877,
                                    "Actual Rows": 2,
                                    "Actual Loops": 2,
                                    "Inner Unique": false,
                                    "Plans": [
                                      {
                                        "Node Type": "Nested Loop",
                                        "Parent Relationship": "Outer",
                                        "Parallel Aware": false,
                                        "Join Type": "Inner",
                                        "Startup Cost": 0.99,
                                        "Total Cost": 93227.58,
                                        "Plan Rows": 2,
                                        "Plan Width": 27,
                                        "Actual Startup Time": 145.464,
                                        "Actual Total Time": 277.877,
                                        "Actual Rows": 22,
                                        "Actual Loops": 2,
                                        "Inner Unique": false,
                                        "Join Filter": "(n.id = ci.person_id)",
                                        "Rows Removed by Join Filter": 0,
                                        "Plans": [
                                          {
                                            "Node Type": "Nested Loop",
                                            "Parent Relationship": "Outer",
                                            "Parallel Aware": false,
                                            "Join Type": "Inner",
                                            "Startup Cost": 0.42,
                                            "Total Cost": 93076.52,
                                            "Plan Rows": 12,
                                            "Plan Width": 23,
                                            "Actual Startup Time": 142.228,
                                            "Actual Total Time": 277.217,
                                            "Actual Rows": 32,
                                            "Actual Loops": 2,
                                            "Inner Unique": false,
                                            "Plans": [
                                              {
                                                "Node Type": "Seq Scan",
                                                "Parent Relationship": "Outer",
                                                "Parallel Aware": true,
                                                "Relation Name": "name",
                                                "Alias": "n",
                                                "Startup Cost": 0.0,
                                                "Total Cost": 92382.65,
                                                "Plan Rows": 56,
                                                "Plan Width": 19,
                                                "Actual Startup Time": 134.565,
                                                "Actual Total Time": 276.779,
                                                "Actual Rows": 146,
                                                "Actual Loops": 2,
                                                "Filter": "((name ~~ '%George,%'::text) AND ((gender)::text = 'f'::text))",
                                                "Rows Removed by Filter": 2083599
                                              },
                                              {
                                                "Node Type": "Index Only Scan",
                                                "Parent Relationship": "Inner",
                                                "Parallel Aware": false,
                                                "Scan Direction": "Forward",
                                                "Index Name": "person_id_aka_name",
                                                "Relation Name": "aka_name",
                                                "Alias": "an",
                                                "Startup Cost": 0.42,
                                                "Total Cost": 12.37,
                                                "Plan Rows": 2,
                                                "Plan Width": 4,
                                                "Actual Startup Time": 0.003,
                                                "Actual Total Time": 0.003,
                                                "Actual Rows": 0,
                                                "Actual Loops": 293,
                                                "Index Cond": "(person_id = n.id)",
                                                "Rows Removed by Index Recheck": 0,
                                                "Heap Fetches": 65
                                              }
                                            ]
                                          },
                                          {
                                            "Node Type": "Index Scan",
                                            "Parent Relationship": "Inner",
                                            "Parallel Aware": false,
                                            "Scan Direction": "Forward",
                                            "Index Name": "person_id_cast_info",
                                            "Relation Name": "cast_info",
                                            "Alias": "ci",
                                            "Startup Cost": 0.56,
                                            "Total Cost": 12.46,
                                            "Plan Rows": 10,
                                            "Plan Width": 16,
                                            "Actual Startup Time": 0.015,
                                            "Actual Total Time": 0.02,
                                            "Actual Rows": 1,
                                            "Actual Loops": 65,
                                            "Index Cond": "(person_id = an.person_id)",
                                            "Rows Removed by Index Recheck": 0,
                                            "Filter": "(note = '(uncredited)'::text)",
                                            "Rows Removed by Filter": 57
                                          }
                                        ]
                                      },
                                      {
                                        "Node Type": "Index Scan",
                                        "Parent Relationship": "Inner",
                                        "Parallel Aware": false,
                                        "Scan Direction": "Forward",
                                        "Index Name": "movie_id_movie_info",
                                        "Relation Name": "movie_info",
                                        "Alias": "mi",
                                        "Startup Cost": 0.43,
                                        "Total Cost": 2.57,
                                        "Plan Rows": 1,
                                        "Plan Width": 8,
                                        "Actual Startup Time": 0.043,
                                        "Actual Total Time": 0.044,
                                        "Actual Rows": 0,
                                        "Actual Loops": 45,
                                        "Index Cond": "(movie_id = ci.movie_id)",
                                        "Rows Removed by Index Recheck": 0,
                                        "Filter": "((info IS NOT NULL) AND ((info ~~ 'Japan:%2007%'::text) OR (info ~~ 'USA:%2008%'::text)))",
                                        "Rows Removed by Filter": 42
                                      }
                                    ]
                                  },
                                  {
                                    "Node Type": "Index Scan",
                                    "Parent Relationship": "Inner",
                                    "Parallel Aware": false,
                                    "Scan Direction": "Forward",
                                    "Index Name": "role_type_pkey",
                                    "Relation Name": "role_type",
                                    "Alias": "rt",
                                    "Startup Cost": 0.14,
                                    "Total Cost": 0.16,
                                    "Plan Rows": 1,
                                    "Plan Width": 4,
                                    "Actual Startup Time": 0.003,
                                    "Actual Total Time": 0.003,
                                    "Actual Rows": 1,
                                    "Actual Loops": 4,
                                    "Index Cond": "(id = ci.role_id)",
                                    "Rows Removed by Index Recheck": 0,
                                    "Filter": "((role)::text = 'actress'::text)",
                                    "Rows Removed by Filter": 0
                                  }
                                ]
                              },
                              {
                                "Node Type": "Index Scan",
                                "Parent Relationship": "Inner",
                                "Parallel Aware": false,
                                "Scan Direction": "Forward",
                                "Index Name": "title_pkey",
                                "Relation Name": "title",
                                "Alias": "t",
                                "Startup Cost": 0.43,
                                "Total Cost": 0.72,
                                "Plan Rows": 1,
                                "Plan Width": 21,
                                "Actual Startup Time": 0.005,
                                "Actual Total Time": 0.005,
                                "Actual Rows": 1,
                                "Actual Loops": 4,
                                "Index Cond": "(id = ci.movie_id)",
                                "Rows Removed by Index Recheck": 0,
                                "Filter": "((title ~~ '%His%'::text) AND (production_year >= 2005) AND (production_year <= 2013))",
                                "Rows Removed by Filter": 0
                              }
                            ]
                          },
                          {
                            "Node Type": "Index Only Scan",
                            "Parent Relationship": "Inner",
                            "Parallel Aware": false,
                            "Scan Direction": "Forward",
                            "Index Name": "char_name_pkey",
                            "Relation Name": "char_name",
                            "Alias": "chn",
                            "Startup Cost": 0.43,
                            "Total Cost": 0.73,
                            "Plan Rows": 1,
                            "Plan Width": 4,
                            "Actual Startup Time": 0.004,
                            "Actual Total Time": 0.004,
                            "Actual Rows": 1,
                            "Actual Loops": 4,
                            "Index Cond": "(id = ci.person_role_id)",
                            "Rows Removed by Index Recheck": 0,
                            "Heap Fetches": 4
                          }
                        ]
                      },
                      {
                        "Node Type": "Index Scan",
                        "Parent Relationship": "Inner",
                        "Parallel Aware": false,
                        "Scan Direction": "Forward",
                        "Index Name": "movie_id_movie_companies",
                        "Relation Name": "movie_companies",
                        "Alias": "mc",
                        "Startup Cost": 0.43,
                        "Total Cost": 0.72,
                        "Plan Rows": 1,
                        "Plan Width": 8,
                        "Actual Startup Time": 0.005,
                        "Actual Total Time": 0.007,
                        "Actual Rows": 1,
                        "Actual Loops": 4,
                        "Index Cond": "(movie_id = ci.movie_id)",
                        "Rows Removed by Index Recheck": 0,
                        "Filter": "((note ~~ '%(200%)%'::text) AND ((note ~~ '%(USA)%'::text) OR (note ~~ '%(worldwide)%'::text)))",
                        "Rows Removed by Filter": 6
                      }
                    ]
                  },
                  {
                    "Node Type": "Index Scan",
                    "Parent Relationship": "Inner",
                    "Parallel Aware": false,
                    "Scan Direction": "Forward",
                    "Index Name": "info_type_pkey",
                    "Relation Name": "info_type",
                    "Alias": "it",
                    "Startup Cost": 0.14,
                    "Total Cost": 0.17,
                    "Plan Rows": 1,
                    "Plan Width": 4,
                    "Actual Startup Time": 0.002,
                    "Actual Total Time": 0.002,
                    "Actual Rows": 1,
                    "Actual Loops": 4,
                    "Index Cond": "(id = mi.info_type_id)",
                    "Rows Removed by Index Recheck": 0,
                    "Filter": "((info)::text = 'release dates'::text)",
                    "Rows Removed by Filter": 0
                  }
                ]
              },
              {
                "Node Type": "Index Scan",
                "Parent Relationship": "Inner",
                "Parallel Aware": false,
                "Scan Direction": "Forward",
                "Index Name": "company_name_pkey",
                "Relation Name": "company_name",
                "Alias": "cn",
                "Startup Cost": 0.42,
                "Total Cost": 0.6,
                "Plan Rows": 1,
                "Plan Width": 4,
                "Actual Startup Time": 0.004,
                "Actual Total Time": 0.004,
                "Actual Rows": 1,
                "Actual Loops": 4,
                "Index Cond": "(id = mc.company_id)",
                "Rows Removed by Index Recheck": 0,
                "Filter": "((country_code)::text = '[us]'::text)",
                "Rows Removed by Filter": 0
              }
            ]
          }
        ]
      }
    ]
  },
  "Planning Time": 3.693,
  "Triggers": [],
  "Execution Time": 302.936
}