[
  {
    "Plan": {
      "Node Type": "Aggregate",
      "Strategy": "Plain",
      "Partial Mode": "Finalize",
      "Parallel Aware": false,
      "Startup Cost": 171901.1,
      "Total Cost": 171901.11,
      "Plan Rows": 1,
      "Plan Width": 8,
      "Actual Startup Time": 422.526,
      "Actual Total Time": 440.023,
      "Actual Rows": 1,
      "Actual Loops": 1,
      "Plans": [
        {
          "Node Type": "Gather",
          "Parent Relationship": "Outer",
          "Parallel Aware": false,
          "Startup Cost": 171900.57,
          "Total Cost": 171901.08,
          "Plan Rows": 5,
          "Plan Width": 8,
          "Actual Startup Time": 417.198,
          "Actual Total Time": 440.01,
          "Actual Rows": 6,
          "Actual Loops": 1,
          "Workers Planned": 5,
          "Workers Launched": 5,
          "Single Copy": false,
          "Plans": [
            {
              "Node Type": "Aggregate",
              "Strategy": "Plain",
              "Partial Mode": "Partial",
              "Parent Relationship": "Outer",
              "Parallel Aware": false,
              "Startup Cost": 170900.57,
              "Total Cost": 170900.58,
              "Plan Rows": 1,
              "Plan Width": 8,
              "Actual Startup Time": 409.601,
              "Actual Total Time": 409.669,
              "Actual Rows": 1,
              "Actual Loops": 6,
              "Plans": [
                {
                  "Node Type": "Hash Join",
                  "Parent Relationship": "Outer",
                  "Parallel Aware": true,
                  "Join Type": "Inner",
                  "Startup Cost": 62620.17,
                  "Total Cost": 170848.25,
                  "Plan Rows": 20928,
                  "Plan Width": 0,
                  "Actual Startup Time": 178.492,
                  "Actual Total Time": 407.501,
                  "Actual Rows": 37794,
                  "Actual Loops": 6,
                  "Inner Unique": false,
                  "Hash Cond": "(ci.movie_id = t.id)",
                  "Plans": [
                    {
                      "Node Type": "Index Scan",
                      "Parent Relationship": "Outer",
                      "Parallel Aware": true,
                      "Scan Direction": "Forward",
                      "Index Name": "role_id_cast_info",
                      "Relation Name": "cast_info",
                      "Alias": "ci",
                      "Startup Cost": 0.56,
                      "Total Cost": 105195.1,
                      "Plan Rows": 785695,
                      "Plan Width": 4,
                      "Actual Startup Time": 0.422,
                      "Actual Total Time": 122.089,
                      "Actual Rows": 668006,
                      "Actual Loops": 6,
                      "Index Cond": "(role_id = 3)",
                      "Rows Removed by Index Recheck": 0
                    },
                    {
                      "Node Type": "Hash",
                      "Parent Relationship": "Inner",
                      "Parallel Aware": true,
                      "Startup Cost": 62268.84,
                      "Total Cost": 62268.84,
                      "Plan Rows": 28061,
                      "Plan Width": 8,
                      "Actual Startup Time": 177.021,
                      "Actual Total Time": 177.087,
                      "Actual Rows": 26248,
                      "Actual Loops": 6,
                      "Hash Buckets": 262144,
                      "Original Hash Buckets": 131072,
                      "Hash Batches": 1,
                      "Original Hash Batches": 1,
                      "Peak Memory Usage": 9344,
                      "Plans": [
                        {
                          "Node Type": "Hash Join",
                          "Parent Relationship": "Outer",
                          "Parallel Aware": true,
                          "Join Type": "Inner",
                          "Startup Cost": 46648.05,
                          "Total Cost": 62268.84,
                          "Plan Rows": 28061,
                          "Plan Width": 8,
                          "Actual Startup Time": 112.636,
                          "Actual Total Time": 160.683,
                          "Actual Rows": 26248,
                          "Actual Loops": 6,
                          "Inner Unique": true,
                          "Hash Cond": "(mi_idx.movie_id = t.id)",
                          "Plans": [
                            {
                              "Node Type": "Seq Scan",
                              "Parent Relationship": "Outer",
                              "Parallel Aware": true,
                              "Relation Name": "movie_info_idx",
                              "Alias": "mi_idx",
                              "Startup Cost": 0.0,
                              "Total Cost": 15122.68,
                              "Plan Rows": 189755,
                              "Plan Width": 4,
                              "Actual Startup Time": 0.017,
                              "Actual Total Time": 24.47,
                              "Actual Rows": 76654,
                              "Actual Loops": 6,
                              "Filter": "(info_type_id < 100)",
                              "Rows Removed by Filter": 153352
                            },
                            {
                              "Node Type": "Hash",
                              "Parent Relationship": "Inner",
                              "Parallel Aware": true,
                              "Startup Cost": 45479.59,
                              "Total Cost": 45479.59,
                              "Plan Rows": 93477,
                              "Plan Width": 4,
                              "Actual Startup Time": 111.621,
                              "Actual Total Time": 111.623,
                              "Actual Rows": 80803,
                              "Actual Loops": 6,
                              "Hash Buckets": 524288,
                              "Original Hash Buckets": 524288,
                              "Hash Batches": 1,
                              "Original Hash Batches": 1,
                              "Peak Memory Usage": 23168,
                              "Plans": [
                                {
                                  "Node Type": "Seq Scan",
                                  "Parent Relationship": "Outer",
                                  "Parallel Aware": true,
                                  "Relation Name": "title",
                                  "Alias": "t",
                                  "Startup Cost": 0.0,
                                  "Total Cost": 45479.59,
                                  "Plan Rows": 93477,
                                  "Plan Width": 4,
                                  "Actual Startup Time": 0.039,
                                  "Actual Total Time": 79.543,
                                  "Actual Rows": 80803,
                                  "Actual Loops": 6,
                                  "Filter": "((kind_id < 7) AND (production_year < 1999))",
                                  "Rows Removed by Filter": 340582
                                }
                              ]
                            }
                          ]
                        }
                      ]
                    }
                  ]
                }
              ]
            }
          ]
        }
      ]
    },
    "Planning Time": 0.63,
    "Triggers": [],
    "Execution Time": 440.092
  }
]