[
  {
    "Plan": {
      "Node Type": "Aggregate",
      "Strategy": "Plain",
      "Partial Mode": "Finalize",
      "Parallel Aware": false,
      "Startup Cost": 297513.49,
      "Total Cost": 297513.5,
      "Plan Rows": 1,
      "Plan Width": 8,
      "Actual Startup Time": 1009.758,
      "Actual Total Time": 1059.589,
      "Actual Rows": 1,
      "Actual Loops": 1,
      "Plans": [
        {
          "Node Type": "Gather",
          "Parent Relationship": "Outer",
          "Parallel Aware": false,
          "Startup Cost": 297512.97,
          "Total Cost": 297513.48,
          "Plan Rows": 5,
          "Plan Width": 8,
          "Actual Startup Time": 982.738,
          "Actual Total Time": 1059.575,
          "Actual Rows": 6,
          "Actual Loops": 1,
          "Workers Planned": 5,
          "Workers Launched": 5,
          "Single Copy": false,
          "Plans": [
            {
              "Node Type": "Aggregate",
              "Strategy": "Plain",
              "Partial Mode": "Partial",
              "Parent Relationship": "Outer",
              "Parallel Aware": false,
              "Startup Cost": 296512.97,
              "Total Cost": 296512.98,
              "Plan Rows": 1,
              "Plan Width": 8,
              "Actual Startup Time": 974.639,
              "Actual Total Time": 974.752,
              "Actual Rows": 1,
              "Actual Loops": 6,
              "Plans": [
                {
                  "Node Type": "Hash Join",
                  "Parent Relationship": "Outer",
                  "Parallel Aware": true,
                  "Join Type": "Inner",
                  "Startup Cost": 94238.86,
                  "Total Cost": 296123.59,
                  "Plan Rows": 155754,
                  "Plan Width": 0,
                  "Actual Startup Time": 562.434,
                  "Actual Total Time": 944.579,
                  "Actual Rows": 663195,
                  "Actual Loops": 6,
                  "Inner Unique": false,
                  "Hash Cond": "(mi.movie_id = t.id)",
                  "Plans": [
                    {
                      "Node Type": "Seq Scan",
                      "Parent Relationship": "Outer",
                      "Parallel Aware": true,
                      "Relation Name": "movie_info",
                      "Alias": "mi",
                      "Startup Cost": 0.0,
                      "Total Cost": 199108.24,
                      "Plan Rows": 606414,
                      "Plan Width": 4,
                      "Actual Startup Time": 73.79,
                      "Actual Total Time": 324.793,
                      "Actual Rows": 506120,
                      "Actual Loops": 6,
                      "Filter": "(info_type_id = 16)",
                      "Rows Removed by Filter": 1966500
                    },
                    {
                      "Node Type": "Hash",
                      "Parent Relationship": "Inner",
                      "Parallel Aware": true,
                      "Startup Cost": 91620.26,
                      "Total Cost": 91620.26,
                      "Plan Rows": 209488,
                      "Plan Width": 8,
                      "Actual Startup Time": 485.783,
                      "Actual Total Time": 485.894,
                      "Actual Rows": 109322,
                      "Actual Loops": 6,
                      "Hash Buckets": 1048576,
                      "Original Hash Buckets": 1048576,
                      "Hash Batches": 1,
                      "Original Hash Batches": 1,
                      "Peak Memory Usage": 33952,
                      "Plans": [
                        {
                          "Node Type": "Hash Join",
                          "Parent Relationship": "Outer",
                          "Parallel Aware": true,
                          "Join Type": "Inner",
                          "Startup Cost": 63997.76,
                          "Total Cost": 91620.26,
                          "Plan Rows": 209488,
                          "Plan Width": 8,
                          "Actual Startup Time": 331.583,
                          "Actual Total Time": 433.125,
                          "Actual Rows": 109322,
                          "Actual Loops": 6,
                          "Inner Unique": true,
                          "Hash Cond": "(mk.movie_id = t.id)",
                          "Plans": [
                            {
                              "Node Type": "Bitmap Heap Scan",
                              "Parent Relationship": "Outer",
                              "Parallel Aware": true,
                              "Relation Name": "movie_keyword",
                              "Alias": "mk",
                              "Startup Cost": 13777.38,
                              "Total Cost": 40849.97,
                              "Plan Rows": 209488,
                              "Plan Width": 4,
                              "Actual Startup Time": 42.123,
                              "Actual Total Time": 94.407,
                              "Actual Rows": 109322,
                              "Actual Loops": 6,
                              "Recheck Cond": "(keyword_id < 508)",
                              "Rows Removed by Index Recheck": 0,
                              "Exact Heap Blocks": 5984,
                              "Lossy Heap Blocks": 0,
                              "Plans": [
                                {
                                  "Node Type": "Bitmap Index Scan",
                                  "Parent Relationship": "Outer",
                                  "Parallel Aware": false,
                                  "Index Name": "keyword_id_movie_keyword",
                                  "Startup Cost": 0.0,
                                  "Total Cost": 13615.02,
                                  "Plan Rows": 649412,
                                  "Plan Width": 0,
                                  "Actual Startup Time": 38.38,
                                  "Actual Total Time": 38.381,
                                  "Actual Rows": 655932,
                                  "Actual Loops": 1,
                                  "Index Cond": "(keyword_id < 508)"
                                }
                              ]
                            },
                            {
                              "Node Type": "Hash",
                              "Parent Relationship": "Inner",
                              "Parallel Aware": true,
                              "Startup Cost": 42319.06,
                              "Total Cost": 42319.06,
                              "Plan Rows": 632106,
                              "Plan Width": 4,
                              "Actual Startup Time": 284.666,
                              "Actual Total Time": 284.668,
                              "Actual Rows": 421385,
                              "Actual Loops": 6,
                              "Hash Buckets": 4194304,
                              "Original Hash Buckets": 4194304,
                              "Hash Batches": 1,
                              "Original Hash Batches": 1,
                              "Peak Memory Usage": 131808,
                              "Plans": [
                                {
                                  "Node Type": "Seq Scan",
                                  "Parent Relationship": "Outer",
                                  "Parallel Aware": true,
                                  "Relation Name": "title",
                                  "Alias": "t",
                                  "Startup Cost": 0.0,
                                  "Total Cost": 42319.06,
                                  "Plan Rows": 632106,
                                  "Plan Width": 4,
                                  "Actual Startup Time": 0.053,
                                  "Actual Total Time": 83.175,
                                  "Actual Rows": 421385,
                                  "Actual Loops": 6
                                }
                              ]
                            }
                          ]
                        }
                      ]
                    }
                  ]
                }
              ]
            }
          ]
        }
      ]
    },
    "Planning Time": 0.63,
    "Triggers": [],
    "Execution Time": 1059.661
  }
]