{
  "Plan": {
    "Node Type": "Aggregate",
    "Strategy": "Plain",
    "Partial Mode": "Finalize",
    "Parallel Aware": false,
    "Startup Cost": 131227.48,
    "Total Cost": 131227.49,
    "Plan Rows": 1,
    "Plan Width": 8,
    "Actual Startup Time": 781.824,
    "Actual Total Time": 795.189,
    "Actual Rows": 1,
    "Actual Loops": 1,
    "Plans": [
      {
        "Node Type": "Gather",
        "Parent Relationship": "Outer",
        "Parallel Aware": false,
        "Startup Cost": 131227.37,
        "Total Cost": 131227.48,
        "Plan Rows": 1,
        "Plan Width": 8,
        "Actual Startup Time": 780.488,
        "Actual Total Time": 795.184,
        "Actual Rows": 2,
        "Actual Loops": 1,
        "Workers Planned": 1,
        "Workers Launched": 1,
        "Single Copy": false,
        "Plans": [
          {
            "Node Type": "Aggregate",
            "Strategy": "Plain",
            "Partial Mode": "Partial",
            "Parent Relationship": "Outer",
            "Parallel Aware": false,
            "Startup Cost": 130227.37,
            "Total Cost": 130227.38,
            "Plan Rows": 1,
            "Plan Width": 8,
            "Actual Startup Time": 774.94,
            "Actual Total Time": 774.943,
            "Actual Rows": 1,
            "Actual Loops": 2,
            "Plans": [
              {
                "Node Type": "Hash Join",
                "Parent Relationship": "Outer",
                "Parallel Aware": true,
                "Join Type": "Inner",
                "Startup Cost": 63850.67,
                "Total Cost": 128312.1,
                "Plan Rows": 766106,
                "Plan Width": 0,
                "Actual Startup Time": 243.308,
                "Actual Total Time": 716.03,
                "Actual Rows": 1541192,
                "Actual Loops": 2,
                "Inner Unique": true,
                "Hash Cond": "(mk.movie_id = t.id)",
                "Plans": [
                  {
                    "Node Type": "Seq Scan",
                    "Parent Relationship": "Outer",
                    "Parallel Aware": true,
                    "Relation Name": "movie_keyword",
                    "Alias": "mk",
                    "Startup Cost": 0.0,
                    "Total Cost": 57718.19,
                    "Plan Rows": 2568851,
                    "Plan Width": 4,
                    "Actual Startup Time": 0.031,
                    "Actual Total Time": 198.899,
                    "Actual Rows": 2186088,
                    "Actual Loops": 2,
                    "Filter": "(keyword_id < 73675)",
                    "Rows Removed by Filter": 75876
                  },
                  {
                    "Node Type": "Hash",
                    "Parent Relationship": "Inner",
                    "Parallel Aware": true,
                    "Startup Cost": 58306.47,
                    "Total Cost": 58306.47,
                    "Plan Rows": 443536,
                    "Plan Width": 4,
                    "Actual Startup Time": 237.082,
                    "Actual Total Time": 237.083,
                    "Actual Rows": 386648,
                    "Actual Loops": 2,
                    "Hash Buckets": 1048576,
                    "Original Hash Buckets": 1048576,
                    "Hash Batches": 1,
                    "Original Hash Batches": 1,
                    "Peak Memory Usage": 38464,
                    "Plans": [
                      {
                        "Node Type": "Seq Scan",
                        "Parent Relationship": "Outer",
                        "Parallel Aware": true,
                        "Relation Name": "title",
                        "Alias": "t",
                        "Startup Cost": 0.0,
                        "Total Cost": 58306.47,
                        "Plan Rows": 443536,
                        "Plan Width": 4,
                        "Actual Startup Time": 0.028,
                        "Actual Total Time": 144.004,
                        "Actual Rows": 386648,
                        "Actual Loops": 2,
                        "Filter": "((kind_id < 4) AND (production_year < 2012))",
                        "Rows Removed by Filter": 877508
                      }
                    ]
                  }
                ]
              }
            ]
          }
        ]
      }
    ]
  },
  "Planning Time": 0.266,
  "Triggers": [],
  "Execution Time": 795.222
}