[
  {
    "Plan": {
      "Node Type": "Aggregate",
      "Strategy": "Plain",
      "Partial Mode": "Finalize",
      "Parallel Aware": false,
      "Startup Cost": 338502.31,
      "Total Cost": 338502.32,
      "Plan Rows": 1,
      "Plan Width": 8,
      "Actual Startup Time": 780.213,
      "Actual Total Time": 826.472,
      "Actual Rows": 1,
      "Actual Loops": 1,
      "Plans": [
        {
          "Node Type": "Gather",
          "Parent Relationship": "Outer",
          "Parallel Aware": false,
          "Startup Cost": 338501.69,
          "Total Cost": 338502.3,
          "Plan Rows": 6,
          "Plan Width": 8,
          "Actual Startup Time": 780.052,
          "Actual Total Time": 826.452,
          "Actual Rows": 7,
          "Actual Loops": 1,
          "Workers Planned": 6,
          "Workers Launched": 6,
          "Single Copy": false,
          "Plans": [
            {
              "Node Type": "Aggregate",
              "Strategy": "Plain",
              "Partial Mode": "Partial",
              "Parent Relationship": "Outer",
              "Parallel Aware": false,
              "Startup Cost": 337501.69,
              "Total Cost": 337501.7,
              "Plan Rows": 1,
              "Plan Width": 8,
              "Actual Startup Time": 773.806,
              "Actual Total Time": 773.807,
              "Actual Rows": 1,
              "Actual Loops": 7,
              "Plans": [
                {
                  "Node Type": "Seq Scan",
                  "Parent Relationship": "Outer",
                  "Parallel Aware": true,
                  "Relation Name": "cast_info",
                  "Alias": "ci",
                  "Startup Cost": 0.0,
                  "Total Cost": 328211.39,
                  "Plan Rows": 3716118,
                  "Plan Width": 0,
                  "Actual Startup Time": 158.124,
                  "Actual Total Time": 624.981,
                  "Actual Rows": 3163164,
                  "Actual Loops": 7,
                  "Filter": "(person_id > 1388882)",
                  "Rows Removed by Filter": 2014599
                }
              ]
            }
          ]
        }
      ]
    },
    "Planning Time": 0.168,
    "Triggers": [],
    "Execution Time": 826.535
  }
]