[
  {
    "Plan": {
      "Node Type": "Aggregate",
      "Strategy": "Plain",
      "Partial Mode": "Finalize",
      "Parallel Aware": false,
      "Startup Cost": 338381.53,
      "Total Cost": 338381.54,
      "Plan Rows": 1,
      "Plan Width": 8,
      "Actual Startup Time": 772.92,
      "Actual Total Time": 826.546,
      "Actual Rows": 1,
      "Actual Loops": 1,
      "Plans": [
        {
          "Node Type": "Gather",
          "Parent Relationship": "Outer",
          "Parallel Aware": false,
          "Startup Cost": 338380.91,
          "Total Cost": 338381.52,
          "Plan Rows": 6,
          "Plan Width": 8,
          "Actual Startup Time": 772.795,
          "Actual Total Time": 826.537,
          "Actual Rows": 7,
          "Actual Loops": 1,
          "Workers Planned": 6,
          "Workers Launched": 6,
          "Single Copy": false,
          "Plans": [
            {
              "Node Type": "Aggregate",
              "Strategy": "Plain",
              "Partial Mode": "Partial",
              "Parent Relationship": "Outer",
              "Parallel Aware": false,
              "Startup Cost": 337380.91,
              "Total Cost": 337380.92,
              "Plan Rows": 1,
              "Plan Width": 8,
              "Actual Startup Time": 763.843,
              "Actual Total Time": 763.845,
              "Actual Rows": 1,
              "Actual Loops": 7,
              "Plans": [
                {
                  "Node Type": "Seq Scan",
                  "Parent Relationship": "Outer",
                  "Parallel Aware": true,
                  "Relation Name": "cast_info",
                  "Alias": "ci",
                  "Startup Cost": 0.0,
                  "Total Cost": 328162.03,
                  "Plan Rows": 3687553,
                  "Plan Width": 0,
                  "Actual Startup Time": 160.306,
                  "Actual Total Time": 625.513,
                  "Actual Rows": 3163164,
                  "Actual Loops": 7,
                  "Filter": "(person_id > 1388882)",
                  "Rows Removed by Filter": 2014599
                }
              ]
            }
          ]
        }
      ]
    },
    "Planning Time": 0.195,
    "Triggers": [],
    "Execution Time": 826.615
  }
]