[
  {
    "Plan": {
      "Node Type": "Aggregate",
      "Strategy": "Plain",
      "Partial Mode": "Finalize",
      "Parallel Aware": false,
      "Startup Cost": 92361.93,
      "Total Cost": 92361.94,
      "Plan Rows": 1,
      "Plan Width": 8,
      "Actual Startup Time": 489.345,
      "Actual Total Time": 506.853,
      "Actual Rows": 1,
      "Actual Loops": 1,
      "Plans": [
        {
          "Node Type": "Gather",
          "Parent Relationship": "Outer",
          "Parallel Aware": false,
          "Startup Cost": 92361.71,
          "Total Cost": 92361.92,
          "Plan Rows": 2,
          "Plan Width": 8,
          "Actual Startup Time": 486.312,
          "Actual Total Time": 506.845,
          "Actual Rows": 3,
          "Actual Loops": 1,
          "Workers Planned": 2,
          "Workers Launched": 2,
          "Single Copy": false,
          "Plans": [
            {
              "Node Type": "Aggregate",
              "Strategy": "Plain",
              "Partial Mode": "Partial",
              "Parent Relationship": "Outer",
              "Parallel Aware": false,
              "Startup Cost": 91361.71,
              "Total Cost": 91361.72,
              "Plan Rows": 1,
              "Plan Width": 8,
              "Actual Startup Time": 477.88,
              "Actual Total Time": 477.979,
              "Actual Rows": 1,
              "Actual Loops": 3,
              "Plans": [
                {
                  "Node Type": "Hash Join",
                  "Parent Relationship": "Outer",
                  "Parallel Aware": true,
                  "Join Type": "Inner",
                  "Startup Cost": 75450.15,
                  "Total Cost": 91327.23,
                  "Plan Rows": 13792,
                  "Plan Width": 0,
                  "Actual Startup Time": 404.491,
                  "Actual Total Time": 476.042,
                  "Actual Rows": 45875,
                  "Actual Loops": 3,
                  "Inner Unique": false,
                  "Hash Cond": "(mi_idx.movie_id = t.id)",
                  "Plans": [
                    {
                      "Node Type": "Seq Scan",
                      "Parent Relationship": "Outer",
                      "Parallel Aware": true,
                      "Relation Name": "movie_info_idx",
                      "Alias": "mi_idx",
                      "Startup Cost": 0.0,
                      "Total Cost": 15122.68,
                      "Plan Rows": 191978,
                      "Plan Width": 4,
                      "Actual Startup Time": 0.033,
                      "Actual Total Time": 36.438,
                      "Actual Rows": 153308,
                      "Actual Loops": 3,
                      "Filter": "(info_type_id = 101)",
                      "Rows Removed by Filter": 306703
                    },
                    {
                      "Node Type": "Hash",
                      "Parent Relationship": "Inner",
                      "Parallel Aware": true,
                      "Startup Cost": 74882.54,
                      "Total Cost": 74882.54,
                      "Plan Rows": 45409,
                      "Plan Width": 8,
                      "Actual Startup Time": 401.764,
                      "Actual Total Time": 401.861,
                      "Actual Rows": 93462,
                      "Actual Loops": 3,
                      "Hash Buckets": 524288,
                      "Original Hash Buckets": 262144,
                      "Hash Batches": 1,
                      "Original Hash Batches": 1,
                      "Peak Memory Usage": 17184,
                      "Plans": [
                        {
                          "Node Type": "Hash Join",
                          "Parent Relationship": "Outer",
                          "Parallel Aware": true,
                          "Join Type": "Inner",
                          "Startup Cost": 29256.96,
                          "Total Cost": 74882.54,
                          "Plan Rows": 45409,
                          "Plan Width": 8,
                          "Actual Startup Time": 121.827,
                          "Actual Total Time": 365.266,
                          "Actual Rows": 93462,
                          "Actual Loops": 3,
                          "Inner Unique": false,
                          "Hash Cond": "(t.id = mc.movie_id)",
                          "Plans": [
                            {
                              "Node Type": "Seq Scan",
                              "Parent Relationship": "Outer",
                              "Parallel Aware": true,
                              "Relation Name": "title",
                              "Alias": "t",
                              "Startup Cost": 0.0,
                              "Total Cost": 42318.73,
                              "Plan Rows": 632073,
                              "Plan Width": 4,
                              "Actual Startup Time": 0.009,
                              "Actual Total Time": 91.435,
                              "Actual Rows": 842771,
                              "Actual Loops": 3
                            },
                            {
                              "Node Type": "Hash",
                              "Parent Relationship": "Inner",
                              "Parallel Aware": true,
                              "Startup Cost": 28524.56,
                              "Total Cost": 28524.56,
                              "Plan Rows": 58592,
                              "Plan Width": 4,
                              "Actual Startup Time": 120.209,
                              "Actual Total Time": 120.21,
                              "Actual Rows": 93462,
                              "Actual Loops": 3,
                              "Hash Buckets": 524288,
                              "Original Hash Buckets": 262144,
                              "Hash Batches": 1,
                              "Original Hash Batches": 1,
                              "Peak Memory Usage": 17152,
                              "Plans": [
                                {
                                  "Node Type": "Bitmap Heap Scan",
                                  "Parent Relationship": "Outer",
                                  "Parallel Aware": true,
                                  "Relation Name": "movie_companies",
                                  "Alias": "mc",
                                  "Startup Cost": 7949.18,
                                  "Total Cost": 28524.56,
                                  "Plan Rows": 58592,
                                  "Plan Width": 4,
                                  "Actual Startup Time": 33.028,
                                  "Actual Total Time": 86.613,
                                  "Actual Rows": 93462,
                                  "Actual Loops": 3,
                                  "Recheck Cond": "(company_id < 187)",
                                  "Rows Removed by Index Recheck": 0,
                                  "Filter": "(company_type_id < 2)",
                                  "Rows Removed by Filter": 27722,
                                  "Exact Heap Blocks": 9029,
                                  "Lossy Heap Blocks": 0,
                                  "Plans": [
                                    {
                                      "Node Type": "Bitmap Index Scan",
                                      "Parent Relationship": "Outer",
                                      "Parallel Aware": false,
                                      "Index Name": "company_id_movie_companies",
                                      "Startup Cost": 0.0,
                                      "Total Cost": 7903.77,
                                      "Plan Rows": 368979,
                                      "Plan Width": 0,
                                      "Actual Startup Time": 29.716,
                                      "Actual Total Time": 29.716,
                                      "Actual Rows": 363553,
                                      "Actual Loops": 1,
                                      "Index Cond": "(company_id < 187)"
                                    }
                                  ]
                                }
                              ]
                            }
                          ]
                        }
                      ]
                    }
                  ]
                }
              ]
            }
          ]
        }
      ]
    },
    "Planning Time": 1.5,
    "Triggers": [],
    "Execution Time": 506.956
  }
]