{
  "Plan": {
    "Node Type": "Gather",
    "Parallel Aware": false,
    "Startup Cost": 7198.34,
    "Total Cost": 30555.4,
    "Plan Rows": 4158,
    "Plan Width": 4,
    "Actual Startup Time": 109.058,
    "Actual Total Time": 136.248,
    "Actual Rows": 4712,
    "Actual Loops": 1,
    "Workers Planned": 2,
    "Workers Launched": 0,
    "Single Copy": false,
    "Plans": [
      {
        "Node Type": "Hash Join",
        "Parent Relationship": "Outer",
        "Parallel Aware": true,
        "Join Type": "Inner",
        "Startup Cost": 6198.34,
        "Total Cost": 29139.6,
        "Plan Rows": 1732,
        "Plan Width": 4,
        "Actual Startup Time": 108.478,
        "Actual Total Time": 133.286,
        "Actual Rows": 4712,
        "Actual Loops": 1,
        "Inner Unique": true,
        "Hash Cond": "(mc.company_id = cn.id)",
        "Plans": [
          {
            "Node Type": "Nested Loop",
            "Parent Relationship": "Outer",
            "Parallel Aware": false,
            "Join Type": "Inner",
            "Startup Cost": 93.08,
            "Total Cost": 23029.79,
            "Plan Rows": 1732,
            "Plan Width": 4,
            "Actual Startup Time": 0.878,
            "Actual Total Time": 24.476,
            "Actual Rows": 4712,
            "Actual Loops": 1,
            "Inner Unique": true,
            "Plans": [
              {
                "Node Type": "Bitmap Heap Scan",
                "Parent Relationship": "Outer",
                "Parallel Aware": true,
                "Relation Name": "movie_companies",
                "Alias": "mc",
                "Startup Cost": 92.65,
                "Total Cost": 10076.57,
                "Plan Rows": 1732,
                "Plan Width": 8,
                "Actual Startup Time": 0.851,
                "Actual Total Time": 4.929,
                "Actual Rows": 4712,
                "Actual Loops": 1,
                "Recheck Cond": "(company_id < 6)",
                "Rows Removed by Index Recheck": 0,
                "Exact Heap Blocks": 1800,
                "Lossy Heap Blocks": 0,
                "Plans": [
                  {
                    "Node Type": "Bitmap Index Scan",
                    "Parent Relationship": "Outer",
                    "Parallel Aware": false,
                    "Index Name": "company_id_movie_companies",
                    "Startup Cost": 0.0,
                    "Total Cost": 91.62,
                    "Plan Rows": 4158,
                    "Plan Width": 0,
                    "Actual Startup Time": 0.527,
                    "Actual Total Time": 0.527,
                    "Actual Rows": 4712,
                    "Actual Loops": 1,
                    "Index Cond": "(company_id < 6)"
                  }
                ]
              },
              {
                "Node Type": "Index Only Scan",
                "Parent Relationship": "Inner",
                "Parallel Aware": false,
                "Scan Direction": "Forward",
                "Index Name": "title_pkey",
                "Relation Name": "title",
                "Alias": "t",
                "Startup Cost": 0.43,
                "Total Cost": 7.48,
                "Plan Rows": 1,
                "Plan Width": 4,
                "Actual Startup Time": 0.004,
                "Actual Total Time": 0.004,
                "Actual Rows": 1,
                "Actual Loops": 4712,
                "Index Cond": "(id = mc.movie_id)",
                "Rows Removed by Index Recheck": 0,
                "Heap Fetches": 4712
              }
            ]
          },
          {
            "Node Type": "Hash",
            "Parent Relationship": "Inner",
            "Parallel Aware": true,
            "Startup Cost": 4377.34,
            "Total Cost": 4377.34,
            "Plan Rows": 138234,
            "Plan Width": 4,
            "Actual Startup Time": 103.552,
            "Actual Total Time": 103.553,
            "Actual Rows": 234997,
            "Actual Loops": 1,
            "Hash Buckets": 262144,
            "Original Hash Buckets": 262144,
            "Hash Batches": 1,
            "Original Hash Batches": 1,
            "Peak Memory Usage": 11264,
            "Plans": [
              {
                "Node Type": "Seq Scan",
                "Parent Relationship": "Outer",
                "Parallel Aware": true,
                "Relation Name": "company_name",
                "Alias": "cn",
                "Startup Cost": 0.0,
                "Total Cost": 4377.34,
                "Plan Rows": 138234,
                "Plan Width": 4,
                "Actual Startup Time": 0.023,
                "Actual Total Time": 41.687,
                "Actual Rows": 234997,
                "Actual Loops": 1
              }
            ]
          }
        ]
      }
    ]
  },
  "Planning Time": 0.47,
  "Triggers": [],
  "Execution Time": 136.684
}