{
  "Plan": {
    "Node Type": "Aggregate",
    "Strategy": "Plain",
    "Partial Mode": "Finalize",
    "Parallel Aware": false,
    "Startup Cost": 1421018.99,
    "Total Cost": 1421019.0,
    "Plan Rows": 1,
    "Plan Width": 8,
    "Actual Startup Time": 9808.915,
    "Actual Total Time": 9870.3,
    "Actual Rows": 1,
    "Actual Loops": 1,
    "Plans": [
      {
        "Node Type": "Gather",
        "Parent Relationship": "Outer",
        "Parallel Aware": false,
        "Startup Cost": 1421018.88,
        "Total Cost": 1421018.99,
        "Plan Rows": 1,
        "Plan Width": 8,
        "Actual Startup Time": 9787.344,
        "Actual Total Time": 9870.293,
        "Actual Rows": 2,
        "Actual Loops": 1,
        "Workers Planned": 1,
        "Workers Launched": 1,
        "Single Copy": false,
        "Plans": [
          {
            "Node Type": "Aggregate",
            "Strategy": "Plain",
            "Partial Mode": "Partial",
            "Parent Relationship": "Outer",
            "Parallel Aware": false,
            "Startup Cost": 1420018.88,
            "Total Cost": 1420018.89,
            "Plan Rows": 1,
            "Plan Width": 8,
            "Actual Startup Time": 9780.265,
            "Actual Total Time": 9780.273,
            "Actual Rows": 1,
            "Actual Loops": 2,
            "Plans": [
              {
                "Node Type": "Merge Join",
                "Parent Relationship": "Outer",
                "Parallel Aware": false,
                "Join Type": "Inner",
                "Startup Cost": 1341474.55,
                "Total Cost": 1411946.92,
                "Plan Rows": 3228783,
                "Plan Width": 0,
                "Actual Startup Time": 6560.472,
                "Actual Total Time": 9292.943,
                "Actual Rows": 12621574,
                "Actual Loops": 2,
                "Inner Unique": false,
                "Merge Cond": "(t.id = mc.movie_id)",
                "Plans": [
                  {
                    "Node Type": "Sort",
                    "Parent Relationship": "Outer",
                    "Parallel Aware": false,
                    "Startup Cost": 1097497.05,
                    "Total Cost": 1108528.75,
                    "Plan Rows": 4412678,
                    "Plan Width": 8,
                    "Actual Startup Time": 5936.539,
                    "Actual Total Time": 6704.798,
                    "Actual Rows": 4056602,
                    "Actual Loops": 2,
                    "Sort Key": [
                      "t.id"
                    ],
                    "Sort Method": "quicksort",
                    "Sort Space Used": 293226,
                    "Sort Space Type": "Memory",
                    "Workers": [
                      {
                        "Worker Number": 0,
                        "Sort Method": "quicksort",
                        "Sort Space Used": 283700,
                        "Sort Space Type": "Memory"
                      }
                    ],
                    "Plans": [
                      {
                        "Node Type": "Hash Join",
                        "Parent Relationship": "Outer",
                        "Parallel Aware": true,
                        "Join Type": "Inner",
                        "Startup Cost": 61878.3,
                        "Total Cost": 610486.92,
                        "Plan Rows": 4412678,
                        "Plan Width": 8,
                        "Actual Startup Time": 310.237,
                        "Actual Total Time": 4855.627,
                        "Actual Rows": 4056716,
                        "Actual Loops": 2,
                        "Inner Unique": true,
                        "Hash Cond": "(ci.movie_id = t.id)",
                        "Plans": [
                          {
                            "Node Type": "Seq Scan",
                            "Parent Relationship": "Outer",
                            "Parallel Aware": true,
                            "Relation Name": "cast_info",
                            "Alias": "ci",
                            "Startup Cost": 0.0,
                            "Total Cost": 519069.44,
                            "Plan Rows": 11253004,
                            "Plan Width": 4,
                            "Actual Startup Time": 0.014,
                            "Actual Total Time": 1575.185,
                            "Actual Rows": 9607484,
                            "Actual Loops": 2,
                            "Filter": "(person_id < 1920459)",
                            "Rows Removed by Filter": 8514688
                          },
                          {
                            "Node Type": "Hash",
                            "Parent Relationship": "Inner",
                            "Parallel Aware": true,
                            "Startup Cost": 54588.39,
                            "Total Cost": 54588.39,
                            "Plan Rows": 583193,
                            "Plan Width": 4,
                            "Actual Startup Time": 301.192,
                            "Actual Total Time": 301.194,
                            "Actual Rows": 492524,
                            "Actual Loops": 2,
                            "Hash Buckets": 1048576,
                            "Original Hash Buckets": 1048576,
                            "Hash Batches": 1,
                            "Original Hash Batches": 1,
                            "Peak Memory Usage": 46752,
                            "Plans": [
                              {
                                "Node Type": "Seq Scan",
                                "Parent Relationship": "Outer",
                                "Parallel Aware": true,
                                "Relation Name": "title",
                                "Alias": "t",
                                "Startup Cost": 0.0,
                                "Total Cost": 54588.39,
                                "Plan Rows": 583193,
                                "Plan Width": 4,
                                "Actual Startup Time": 0.039,
                                "Actual Total Time": 157.151,
                                "Actual Rows": 492524,
                                "Actual Loops": 2,
                                "Filter": "(kind_id < 7)",
                                "Rows Removed by Filter": 771632
                              }
                            ]
                          }
                        ]
                      }
                    ]
                  },
                  {
                    "Node Type": "Sort",
                    "Parent Relationship": "Inner",
                    "Parallel Aware": false,
                    "Startup Cost": 243977.06,
                    "Total Cost": 248601.97,
                    "Plan Rows": 1849967,
                    "Plan Width": 4,
                    "Actual Startup Time": 623.917,
                    "Actual Total Time": 1108.725,
                    "Actual Rows": 13197943,
                    "Actual Loops": 2,
                    "Sort Key": [
                      "mc.movie_id"
                    ],
                    "Sort Method": "quicksort",
                    "Sort Space Used": 136151,
                    "Sort Space Type": "Memory",
                    "Workers": [
                      {
                        "Worker Number": 0,
                        "Sort Method": "quicksort",
                        "Sort Space Used": 136151,
                        "Sort Space Type": "Memory"
                      }
                    ],
                    "Plans": [
                      {
                        "Node Type": "Seq Scan",
                        "Parent Relationship": "Outer",
                        "Parallel Aware": false,
                        "Relation Name": "movie_companies",
                        "Alias": "mc",
                        "Startup Cost": 0.0,
                        "Total Cost": 51404.11,
                        "Plan Rows": 1849967,
                        "Plan Width": 4,
                        "Actual Startup Time": 1.158,
                        "Actual Total Time": 249.197,
                        "Actual Rows": 1855970,
                        "Actual Loops": 2,
                        "Filter": "(company_id > 1475)",
                        "Rows Removed by Filter": 753159
                      }
                    ]
                  }
                ]
              }
            ]
          }
        ]
      }
    ]
  },
  "Planning Time": 1.097,
  "Triggers": [],
  "Execution Time": 9912.273
}