[
  {
    "Plan": {
      "Node Type": "Aggregate",
      "Strategy": "Plain",
      "Partial Mode": "Finalize",
      "Parallel Aware": false,
      "Startup Cost": 77692.3,
      "Total Cost": 77692.31,
      "Plan Rows": 1,
      "Plan Width": 8,
      "Actual Startup Time": 306.141,
      "Actual Total Time": 322.406,
      "Actual Rows": 1,
      "Actual Loops": 1,
      "Plans": [
        {
          "Node Type": "Gather",
          "Parent Relationship": "Outer",
          "Parallel Aware": false,
          "Startup Cost": 77691.99,
          "Total Cost": 77692.3,
          "Plan Rows": 3,
          "Plan Width": 8,
          "Actual Startup Time": 304.875,
          "Actual Total Time": 322.397,
          "Actual Rows": 4,
          "Actual Loops": 1,
          "Workers Planned": 3,
          "Workers Launched": 3,
          "Single Copy": false,
          "Plans": [
            {
              "Node Type": "Aggregate",
              "Strategy": "Plain",
              "Partial Mode": "Partial",
              "Parent Relationship": "Outer",
              "Parallel Aware": false,
              "Startup Cost": 76691.99,
              "Total Cost": 76692.0,
              "Plan Rows": 1,
              "Plan Width": 8,
              "Actual Startup Time": 296.408,
              "Actual Total Time": 296.411,
              "Actual Rows": 1,
              "Actual Loops": 4,
              "Plans": [
                {
                  "Node Type": "Hash Join",
                  "Parent Relationship": "Outer",
                  "Parallel Aware": true,
                  "Join Type": "Inner",
                  "Startup Cost": 46898.17,
                  "Total Cost": 76314.06,
                  "Plan Rows": 151169,
                  "Plan Width": 0,
                  "Actual Startup Time": 160.146,
                  "Actual Total Time": 290.088,
                  "Actual Rows": 153626,
                  "Actual Loops": 4,
                  "Inner Unique": true,
                  "Hash Cond": "(mc.movie_id = t.id)",
                  "Plans": [
                    {
                      "Node Type": "Seq Scan",
                      "Parent Relationship": "Outer",
                      "Parallel Aware": true,
                      "Relation Name": "movie_companies",
                      "Alias": "mc",
                      "Startup Cost": 0.0,
                      "Total Cost": 27206.55,
                      "Plan Rows": 841655,
                      "Plan Width": 4,
                      "Actual Startup Time": 0.017,
                      "Actual Total Time": 56.092,
                      "Actual Rows": 652282,
                      "Actual Loops": 4
                    },
                    {
                      "Node Type": "Hash",
                      "Parent Relationship": "Inner",
                      "Parallel Aware": true,
                      "Startup Cost": 45479.1,
                      "Total Cost": 45479.1,
                      "Plan Rows": 113526,
                      "Plan Width": 4,
                      "Actual Startup Time": 128.885,
                      "Actual Total Time": 128.886,
                      "Actual Rows": 82570,
                      "Actual Loops": 4,
                      "Hash Buckets": 524288,
                      "Original Hash Buckets": 524288,
                      "Hash Batches": 1,
                      "Original Hash Batches": 1,
                      "Peak Memory Usage": 17056,
                      "Plans": [
                        {
                          "Node Type": "Seq Scan",
                          "Parent Relationship": "Outer",
                          "Parallel Aware": true,
                          "Relation Name": "title",
                          "Alias": "t",
                          "Startup Cost": 0.0,
                          "Total Cost": 45479.1,
                          "Plan Rows": 113526,
                          "Plan Width": 4,
                          "Actual Startup Time": 48.037,
                          "Actual Total Time": 101.218,
                          "Actual Rows": 82570,
                          "Actual Loops": 4,
                          "Filter": "((production_year > 1991) AND (kind_id = 1))",
                          "Rows Removed by Filter": 549508
                        }
                      ]
                    }
                  ]
                }
              ]
            }
          ]
        }
      ]
    },
    "Planning Time": 0.648,
    "Triggers": [],
    "Execution Time": 322.475
  }
]