[
  {
    "Plan": {
      "Node Type": "Aggregate",
      "Strategy": "Plain",
      "Partial Mode": "Simple",
      "Parallel Aware": false,
      "Startup Cost": 8231.79,
      "Total Cost": 8231.8,
      "Plan Rows": 1,
      "Plan Width": 8,
      "Actual Startup Time": 3.913,
      "Actual Total Time": 3.914,
      "Actual Rows": 1,
      "Actual Loops": 1,
      "Plans": [
        {
          "Node Type": "Index Scan",
          "Parent Relationship": "Outer",
          "Parallel Aware": false,
          "Scan Direction": "Forward",
          "Index Name": "company_id_movie_companies",
          "Relation Name": "movie_companies",
          "Alias": "mc",
          "Startup Cost": 0.43,
          "Total Cost": 8227.65,
          "Plan Rows": 1658,
          "Plan Width": 0,
          "Actual Startup Time": 0.055,
          "Actual Total Time": 3.753,
          "Actual Rows": 3144,
          "Actual Loops": 1,
          "Index Cond": "(company_id = 11147)",
          "Rows Removed by Index Recheck": 0,
          "Filter": "(company_type_id = 1)",
          "Rows Removed by Filter": 257
        }
      ]
    },
    "Planning Time": 0.095,
    "Triggers": [],
    "Execution Time": 3.933
  }
]