[
  {
    "Plan": {
      "Node Type": "Aggregate",
      "Strategy": "Plain",
      "Partial Mode": "Finalize",
      "Parallel Aware": false,
      "Startup Cost": 48020.48,
      "Total Cost": 48020.49,
      "Plan Rows": 1,
      "Plan Width": 8,
      "Actual Startup Time": 59.448,
      "Actual Total Time": 67.953,
      "Actual Rows": 1,
      "Actual Loops": 1,
      "Plans": [
        {
          "Node Type": "Gather",
          "Parent Relationship": "Outer",
          "Parallel Aware": false,
          "Startup Cost": 48020.06,
          "Total Cost": 48020.47,
          "Plan Rows": 4,
          "Plan Width": 8,
          "Actual Startup Time": 59.134,
          "Actual Total Time": 67.947,
          "Actual Rows": 5,
          "Actual Loops": 1,
          "Workers Planned": 4,
          "Workers Launched": 4,
          "Single Copy": false,
          "Plans": [
            {
              "Node Type": "Aggregate",
              "Strategy": "Plain",
              "Partial Mode": "Partial",
              "Parent Relationship": "Outer",
              "Parallel Aware": false,
              "Startup Cost": 47020.06,
              "Total Cost": 47020.07,
              "Plan Rows": 1,
              "Plan Width": 8,
              "Actual Startup Time": 53.749,
              "Actual Total Time": 53.751,
              "Actual Rows": 1,
              "Actual Loops": 5,
              "Plans": [
                {
                  "Node Type": "Nested Loop",
                  "Parent Relationship": "Outer",
                  "Parallel Aware": false,
                  "Join Type": "Inner",
                  "Startup Cost": 1698.39,
                  "Total Cost": 47018.73,
                  "Plan Rows": 533,
                  "Plan Width": 0,
                  "Actual Startup Time": 10.54,
                  "Actual Total Time": 53.602,
                  "Actual Rows": 935,
                  "Actual Loops": 5,
                  "Inner Unique": false,
                  "Plans": [
                    {
                      "Node Type": "Bitmap Heap Scan",
                      "Parent Relationship": "Outer",
                      "Parallel Aware": true,
                      "Relation Name": "title",
                      "Alias": "t",
                      "Startup Cost": 1697.96,
                      "Total Cost": 38052.47,
                      "Plan Rows": 516,
                      "Plan Width": 4,
                      "Actual Startup Time": 10.328,
                      "Actual Total Time": 46.651,
                      "Actual Rows": 467,
                      "Actual Loops": 5,
                      "Recheck Cond": "(kind_id = 2)",
                      "Rows Removed by Index Recheck": 0,
                      "Filter": "(production_year = 2000)",
                      "Rows Removed by Filter": 17703,
                      "Exact Heap Blocks": 10414,
                      "Lossy Heap Blocks": 0,
                      "Plans": [
                        {
                          "Node Type": "Bitmap Index Scan",
                          "Parent Relationship": "Outer",
                          "Parallel Aware": false,
                          "Index Name": "kind_id_title",
                          "Startup Cost": 0.0,
                          "Total Cost": 1697.45,
                          "Plan Rows": 95069,
                          "Plan Width": 0,
                          "Actual Startup Time": 9.233,
                          "Actual Total Time": 9.233,
                          "Actual Rows": 90852,
                          "Actual Loops": 1,
                          "Index Cond": "(kind_id = 2)"
                        }
                      ]
                    },
                    {
                      "Node Type": "Index Only Scan",
                      "Parent Relationship": "Inner",
                      "Parallel Aware": false,
                      "Scan Direction": "Forward",
                      "Index Name": "movie_id_movie_companies",
                      "Relation Name": "movie_companies",
                      "Alias": "mc",
                      "Startup Cost": 0.43,
                      "Total Cost": 17.33,
                      "Plan Rows": 5,
                      "Plan Width": 4,
                      "Actual Startup Time": 0.011,
                      "Actual Total Time": 0.014,
                      "Actual Rows": 2,
                      "Actual Loops": 2337,
                      "Index Cond": "(movie_id = t.id)",
                      "Rows Removed by Index Recheck": 0,
                      "Heap Fetches": 4675
                    }
                  ]
                }
              ]
            }
          ]
        }
      ]
    },
    "Planning Time": 0.285,
    "Triggers": [],
    "Execution Time": 68.001
  }
]