[
  {
    "Plan": {
      "Node Type": "Aggregate",
      "Strategy": "Plain",
      "Partial Mode": "Finalize",
      "Parallel Aware": false,
      "Startup Cost": 236063.22,
      "Total Cost": 236063.23,
      "Plan Rows": 1,
      "Plan Width": 8,
      "Actual Startup Time": 645.395,
      "Actual Total Time": 667.103,
      "Actual Rows": 1,
      "Actual Loops": 1,
      "Plans": [
        {
          "Node Type": "Gather",
          "Parent Relationship": "Outer",
          "Parallel Aware": false,
          "Startup Cost": 236062.7,
          "Total Cost": 236063.21,
          "Plan Rows": 5,
          "Plan Width": 8,
          "Actual Startup Time": 618.36,
          "Actual Total Time": 667.084,
          "Actual Rows": 6,
          "Actual Loops": 1,
          "Workers Planned": 5,
          "Workers Launched": 5,
          "Single Copy": false,
          "Plans": [
            {
              "Node Type": "Aggregate",
              "Strategy": "Plain",
              "Partial Mode": "Partial",
              "Parent Relationship": "Outer",
              "Parallel Aware": false,
              "Startup Cost": 235062.7,
              "Total Cost": 235062.71,
              "Plan Rows": 1,
              "Plan Width": 8,
              "Actual Startup Time": 591.676,
              "Actual Total Time": 591.681,
              "Actual Rows": 1,
              "Actual Loops": 6,
              "Plans": [
                {
                  "Node Type": "Hash Join",
                  "Parent Relationship": "Outer",
                  "Parallel Aware": true,
                  "Join Type": "Inner",
                  "Startup Cost": 69340.27,
                  "Total Cost": 234533.7,
                  "Plan Rows": 211599,
                  "Plan Width": 0,
                  "Actual Startup Time": 408.835,
                  "Actual Total Time": 580.876,
                  "Actual Rows": 175481,
                  "Actual Loops": 6,
                  "Inner Unique": true,
                  "Hash Cond": "(mi.movie_id = t.id)",
                  "Plans": [
                    {
                      "Node Type": "Bitmap Heap Scan",
                      "Parent Relationship": "Outer",
                      "Parallel Aware": true,
                      "Relation Name": "movie_info",
                      "Alias": "mi",
                      "Startup Cost": 19119.89,
                      "Total Cost": 183757.87,
                      "Plan Rows": 211599,
                      "Plan Width": 4,
                      "Actual Startup Time": 53.569,
                      "Actual Total Time": 139.089,
                      "Actual Rows": 175481,
                      "Actual Loops": 6,
                      "Recheck Cond": "(info_type_id > 77)",
                      "Rows Removed by Index Recheck": 0,
                      "Exact Heap Blocks": 7278,
                      "Lossy Heap Blocks": 0,
                      "Plans": [
                        {
                          "Node Type": "Bitmap Index Scan",
                          "Parent Relationship": "Outer",
                          "Parallel Aware": false,
                          "Index Name": "info_type_id_movie_info",
                          "Startup Cost": 0.0,
                          "Total Cost": 18855.39,
                          "Plan Rows": 1057994,
                          "Plan Width": 0,
                          "Actual Startup Time": 47.477,
                          "Actual Total Time": 47.478,
                          "Actual Rows": 1052885,
                          "Actual Loops": 1,
                          "Index Cond": "(info_type_id > 77)"
                        }
                      ]
                    },
                    {
                      "Node Type": "Hash",
                      "Parent Relationship": "Inner",
                      "Parallel Aware": true,
                      "Startup Cost": 42319.06,
                      "Total Cost": 42319.06,
                      "Plan Rows": 632106,
                      "Plan Width": 4,
                      "Actual Startup Time": 345.943,
                      "Actual Total Time": 345.944,
                      "Actual Rows": 421385,
                      "Actual Loops": 6,
                      "Hash Buckets": 4194304,
                      "Original Hash Buckets": 4194304,
                      "Hash Batches": 1,
                      "Original Hash Batches": 1,
                      "Peak Memory Usage": 131744,
                      "Plans": [
                        {
                          "Node Type": "Seq Scan",
                          "Parent Relationship": "Outer",
                          "Parallel Aware": true,
                          "Relation Name": "title",
                          "Alias": "t",
                          "Startup Cost": 0.0,
                          "Total Cost": 42319.06,
                          "Plan Rows": 632106,
                          "Plan Width": 4,
                          "Actual Startup Time": 0.052,
                          "Actual Total Time": 99.544,
                          "Actual Rows": 421385,
                          "Actual Loops": 6
                        }
                      ]
                    }
                  ]
                }
              ]
            }
          ]
        }
      ]
    },
    "Planning Time": 0.596,
    "Triggers": [],
    "Execution Time": 667.215
  }
]