{
  "Plan": {
    "Node Type": "Aggregate",
    "Strategy": "Plain",
    "Partial Mode": "Finalize",
    "Parallel Aware": false,
    "Startup Cost": 681197.25,
    "Total Cost": 681197.26,
    "Plan Rows": 1,
    "Plan Width": 8,
    "Actual Startup Time": 5171.985,
    "Actual Total Time": 5230.384,
    "Actual Rows": 1,
    "Actual Loops": 1,
    "Plans": [
      {
        "Node Type": "Gather",
        "Parent Relationship": "Outer",
        "Parallel Aware": false,
        "Startup Cost": 681197.14,
        "Total Cost": 681197.25,
        "Plan Rows": 1,
        "Plan Width": 8,
        "Actual Startup Time": 5167.507,
        "Actual Total Time": 5230.373,
        "Actual Rows": 2,
        "Actual Loops": 1,
        "Workers Planned": 1,
        "Workers Launched": 1,
        "Single Copy": false,
        "Plans": [
          {
            "Node Type": "Aggregate",
            "Strategy": "Plain",
            "Partial Mode": "Partial",
            "Parent Relationship": "Outer",
            "Parallel Aware": false,
            "Startup Cost": 680197.14,
            "Total Cost": 680197.15,
            "Plan Rows": 1,
            "Plan Width": 8,
            "Actual Startup Time": 5156.103,
            "Actual Total Time": 5156.275,
            "Actual Rows": 1,
            "Actual Loops": 2,
            "Plans": [
              {
                "Node Type": "Hash Join",
                "Parent Relationship": "Outer",
                "Parallel Aware": true,
                "Join Type": "Inner",
                "Startup Cost": 599154.57,
                "Total Cost": 677171.15,
                "Plan Rows": 1210394,
                "Plan Width": 0,
                "Actual Startup Time": 4373.424,
                "Actual Total Time": 4979.871,
                "Actual Rows": 4434248,
                "Actual Loops": 2,
                "Inner Unique": false,
                "Hash Cond": "(mk.movie_id = t.id)",
                "Plans": [
                  {
                    "Node Type": "Seq Scan",
                    "Parent Relationship": "Outer",
                    "Parallel Aware": true,
                    "Relation Name": "movie_keyword",
                    "Alias": "mk",
                    "Startup Cost": 0.0,
                    "Total Cost": 57718.19,
                    "Plan Rows": 1054274,
                    "Plan Width": 4,
                    "Actual Startup Time": 0.604,
                    "Actual Total Time": 168.285,
                    "Actual Rows": 900794,
                    "Actual Loops": 2,
                    "Filter": "(keyword_id > 7709)",
                    "Rows Removed by Filter": 1361172
                  },
                  {
                    "Node Type": "Hash",
                    "Parent Relationship": "Inner",
                    "Parallel Aware": true,
                    "Startup Cost": 577811.26,
                    "Total Cost": 577811.26,
                    "Plan Rows": 1707465,
                    "Plan Width": 8,
                    "Actual Startup Time": 4351.127,
                    "Actual Total Time": 4351.298,
                    "Actual Rows": 1032690,
                    "Actual Loops": 2,
                    "Hash Buckets": 4194304,
                    "Original Hash Buckets": 4194304,
                    "Hash Batches": 1,
                    "Original Hash Batches": 1,
                    "Peak Memory Usage": 113600,
                    "Plans": [
                      {
                        "Node Type": "Hash Join",
                        "Parent Relationship": "Outer",
                        "Parallel Aware": true,
                        "Join Type": "Inner",
                        "Startup Cost": 56077.9,
                        "Total Cost": 577811.26,
                        "Plan Rows": 1707465,
                        "Plan Width": 8,
                        "Actual Startup Time": 155.845,
                        "Actual Total Time": 3993.118,
                        "Actual Rows": 1032690,
                        "Actual Loops": 2,
                        "Inner Unique": true,
                        "Hash Cond": "(ci.movie_id = t.id)",
                        "Plans": [
                          {
                            "Node Type": "Seq Scan",
                            "Parent Relationship": "Outer",
                            "Parallel Aware": true,
                            "Relation Name": "cast_info",
                            "Alias": "ci",
                            "Startup Cost": 0.0,
                            "Total Cost": 465792.95,
                            "Plan Rows": 21310595,
                            "Plan Width": 4,
                            "Actual Startup Time": 0.013,
                            "Actual Total Time": 1287.044,
                            "Actual Rows": 18122172,
                            "Actual Loops": 2
                          },
                          {
                            "Node Type": "Hash",
                            "Parent Relationship": "Inner",
                            "Parallel Aware": true,
                            "Startup Cost": 54588.39,
                            "Total Cost": 54588.39,
                            "Plan Rows": 119161,
                            "Plan Width": 4,
                            "Actual Startup Time": 154.891,
                            "Actual Total Time": 154.892,
                            "Actual Rows": 105812,
                            "Actual Loops": 2,
                            "Hash Buckets": 262144,
                            "Original Hash Buckets": 262144,
                            "Hash Batches": 1,
                            "Original Hash Batches": 1,
                            "Peak Memory Usage": 10368,
                            "Plans": [
                              {
                                "Node Type": "Seq Scan",
                                "Parent Relationship": "Outer",
                                "Parallel Aware": true,
                                "Relation Name": "title",
                                "Alias": "t",
                                "Startup Cost": 0.0,
                                "Total Cost": 54588.39,
                                "Plan Rows": 119161,
                                "Plan Width": 4,
                                "Actual Startup Time": 0.148,
                                "Actual Total Time": 129.163,
                                "Actual Rows": 105812,
                                "Actual Loops": 2,
                                "Filter": "(production_year < 1957)",
                                "Rows Removed by Filter": 1158344
                              }
                            ]
                          }
                        ]
                      }
                    ]
                  }
                ]
              }
            ]
          }
        ]
      }
    ]
  },
  "Planning Time": 0.783,
  "Triggers": [],
  "Execution Time": 5230.469
}