[
  {
    "Plan": {
      "Node Type": "Aggregate",
      "Strategy": "Plain",
      "Partial Mode": "Finalize",
      "Parallel Aware": false,
      "Startup Cost": 50410.78,
      "Total Cost": 50410.79,
      "Plan Rows": 1,
      "Plan Width": 8,
      "Actual Startup Time": 105.02,
      "Actual Total Time": 119.589,
      "Actual Rows": 1,
      "Actual Loops": 1,
      "Plans": [
        {
          "Node Type": "Gather",
          "Parent Relationship": "Outer",
          "Parallel Aware": false,
          "Startup Cost": 50410.36,
          "Total Cost": 50410.77,
          "Plan Rows": 4,
          "Plan Width": 8,
          "Actual Startup Time": 104.855,
          "Actual Total Time": 119.579,
          "Actual Rows": 5,
          "Actual Loops": 1,
          "Workers Planned": 4,
          "Workers Launched": 4,
          "Single Copy": false,
          "Plans": [
            {
              "Node Type": "Aggregate",
              "Strategy": "Plain",
              "Partial Mode": "Partial",
              "Parent Relationship": "Outer",
              "Parallel Aware": false,
              "Startup Cost": 49410.36,
              "Total Cost": 49410.37,
              "Plan Rows": 1,
              "Plan Width": 8,
              "Actual Startup Time": 97.984,
              "Actual Total Time": 97.986,
              "Actual Rows": 1,
              "Actual Loops": 5,
              "Plans": [
                {
                  "Node Type": "Nested Loop",
                  "Parent Relationship": "Outer",
                  "Parallel Aware": false,
                  "Join Type": "Inner",
                  "Startup Cost": 0.43,
                  "Total Cost": 49409.65,
                  "Plan Rows": 287,
                  "Plan Width": 0,
                  "Actual Startup Time": 63.599,
                  "Actual Total Time": 97.96,
                  "Actual Rows": 138,
                  "Actual Loops": 5,
                  "Inner Unique": false,
                  "Plans": [
                    {
                      "Node Type": "Seq Scan",
                      "Parent Relationship": "Outer",
                      "Parallel Aware": true,
                      "Relation Name": "title",
                      "Alias": "t",
                      "Startup Cost": 0.0,
                      "Total Cost": 45479.59,
                      "Plan Rows": 526,
                      "Plan Width": 4,
                      "Actual Startup Time": 61.291,
                      "Actual Total Time": 90.452,
                      "Actual Rows": 1167,
                      "Actual Loops": 5,
                      "Filter": "((kind_id < 7) AND (production_year = 1916))",
                      "Rows Removed by Filter": 504495
                    },
                    {
                      "Node Type": "Index Only Scan",
                      "Parent Relationship": "Inner",
                      "Parallel Aware": false,
                      "Scan Direction": "Forward",
                      "Index Name": "movie_id_movie_info_idx",
                      "Relation Name": "movie_info_idx",
                      "Alias": "mi_idx",
                      "Startup Cost": 0.43,
                      "Total Cost": 7.44,
                      "Plan Rows": 3,
                      "Plan Width": 4,
                      "Actual Startup Time": 0.006,
                      "Actual Total Time": 0.006,
                      "Actual Rows": 0,
                      "Actual Loops": 5835,
                      "Index Cond": "(movie_id = t.id)",
                      "Rows Removed by Index Recheck": 0,
                      "Heap Fetches": 690
                    }
                  ]
                }
              ]
            }
          ]
        }
      ]
    },
    "Planning Time": 0.629,
    "Triggers": [],
    "Execution Time": 119.658
  }
]