{
  "Plan": {
    "Node Type": "Aggregate",
    "Strategy": "Plain",
    "Partial Mode": "Finalize",
    "Parallel Aware": false,
    "Startup Cost": 106405.41,
    "Total Cost": 106405.42,
    "Plan Rows": 1,
    "Plan Width": 8,
    "Actual Startup Time": 369.674,
    "Actual Total Time": 384.598,
    "Actual Rows": 1,
    "Actual Loops": 1,
    "Plans": [
      {
        "Node Type": "Gather",
        "Parent Relationship": "Outer",
        "Parallel Aware": false,
        "Startup Cost": 106405.29,
        "Total Cost": 106405.4,
        "Plan Rows": 1,
        "Plan Width": 8,
        "Actual Startup Time": 368.58,
        "Actual Total Time": 384.589,
        "Actual Rows": 2,
        "Actual Loops": 1,
        "Workers Planned": 1,
        "Workers Launched": 1,
        "Single Copy": false,
        "Plans": [
          {
            "Node Type": "Aggregate",
            "Strategy": "Plain",
            "Partial Mode": "Partial",
            "Parent Relationship": "Outer",
            "Parallel Aware": false,
            "Startup Cost": 105405.29,
            "Total Cost": 105405.3,
            "Plan Rows": 1,
            "Plan Width": 8,
            "Actual Startup Time": 362.649,
            "Actual Total Time": 362.653,
            "Actual Rows": 1,
            "Actual Loops": 2,
            "Plans": [
              {
                "Node Type": "Hash Join",
                "Parent Relationship": "Outer",
                "Parallel Aware": true,
                "Join Type": "Inner",
                "Startup Cost": 61966.07,
                "Total Cost": 105110.83,
                "Plan Rows": 117786,
                "Plan Width": 0,
                "Actual Startup Time": 197.18,
                "Actual Total Time": 361.851,
                "Actual Rows": 16240,
                "Actual Loops": 2,
                "Inner Unique": true,
                "Hash Cond": "(mc.movie_id = t.id)",
                "Plans": [
                  {
                    "Node Type": "Index Scan",
                    "Parent Relationship": "Outer",
                    "Parallel Aware": true,
                    "Scan Direction": "Forward",
                    "Index Name": "company_type_id_movie_companies",
                    "Relation Name": "movie_companies",
                    "Alias": "mc",
                    "Startup Cost": 0.43,
                    "Total Cost": 41574.35,
                    "Plan Rows": 598412,
                    "Plan Width": 4,
                    "Actual Startup Time": 0.422,
                    "Actual Total Time": 103.611,
                    "Actual Rows": 438336,
                    "Actual Loops": 2,
                    "Index Cond": "(company_type_id < 2)",
                    "Rows Removed by Index Recheck": 0,
                    "Filter": "(company_id > 525)",
                    "Rows Removed by Filter": 198786
                  },
                  {
                    "Node Type": "Hash",
                    "Parent Relationship": "Inner",
                    "Parallel Aware": true,
                    "Startup Cost": 58306.47,
                    "Total Cost": 58306.47,
                    "Plan Rows": 292734,
                    "Plan Width": 4,
                    "Actual Startup Time": 190.661,
                    "Actual Total Time": 190.662,
                    "Actual Rows": 178998,
                    "Actual Loops": 2,
                    "Hash Buckets": 524288,
                    "Original Hash Buckets": 524288,
                    "Hash Batches": 1,
                    "Original Hash Batches": 1,
                    "Peak Memory Usage": 18144,
                    "Plans": [
                      {
                        "Node Type": "Seq Scan",
                        "Parent Relationship": "Outer",
                        "Parallel Aware": true,
                        "Relation Name": "title",
                        "Alias": "t",
                        "Startup Cost": 0.0,
                        "Total Cost": 58306.47,
                        "Plan Rows": 292734,
                        "Plan Width": 4,
                        "Actual Startup Time": 0.037,
                        "Actual Total Time": 147.319,
                        "Actual Rows": 178998,
                        "Actual Loops": 2,
                        "Filter": "((kind_id > 3) AND (production_year < 1993))",
                        "Rows Removed by Filter": 1085158
                      }
                    ]
                  }
                ]
              }
            ]
          }
        ]
      }
    ]
  },
  "Planning Time": 0.725,
  "Triggers": [],
  "Execution Time": 384.676
}