[
    {
        "Bao": {
            "Bao prediction": "NaN",
            "Bao recommended hint": "(no hint)"
        }
    },
    {
        "Plan": {
            "Node Type": "Aggregate",
            "Strategy": "Plain",
            "Partial Mode": "Finalize",
            "Parallel Aware": false,
            "Startup Cost": 78419.74,
            "Total Cost": 78419.75,
            "Plan Rows": 1,
            "Plan Width": 8,
            "Actual Startup Time": 215.308,
            "Actual Total Time": 223.641,
            "Actual Rows": 1,
            "Actual Loops": 1,
            "Output": [
                "count(*)"
            ],
            "Plans": [
                {
                    "Node Type": "Gather",
                    "Parent Relationship": "Outer",
                    "Parallel Aware": false,
                    "Startup Cost": 78419.42,
                    "Total Cost": 78419.73,
                    "Plan Rows": 3,
                    "Plan Width": 8,
                    "Actual Startup Time": 212.861,
                    "Actual Total Time": 223.633,
                    "Actual Rows": 4,
                    "Actual Loops": 1,
                    "Output": [
                        "(PARTIAL count(*))"
                    ],
                    "Workers Planned": 3,
                    "Workers Launched": 3,
                    "Single Copy": false,
                    "Plans": [
                        {
                            "Node Type": "Aggregate",
                            "Strategy": "Plain",
                            "Partial Mode": "Partial",
                            "Parent Relationship": "Outer",
                            "Parallel Aware": false,
                            "Startup Cost": 77419.42,
                            "Total Cost": 77419.43,
                            "Plan Rows": 1,
                            "Plan Width": 8,
                            "Actual Startup Time": 204.03,
                            "Actual Total Time": 204.033,
                            "Actual Rows": 1,
                            "Actual Loops": 4,
                            "Output": [
                                "PARTIAL count(*)"
                            ],
                            "Workers": [
                                {
                                    "Worker Number": 0,
                                    "Actual Startup Time": 200.671,
                                    "Actual Total Time": 200.674,
                                    "Actual Rows": 1,
                                    "Actual Loops": 1
                                },
                                {
                                    "Worker Number": 1,
                                    "Actual Startup Time": 201.524,
                                    "Actual Total Time": 201.526,
                                    "Actual Rows": 1,
                                    "Actual Loops": 1
                                },
                                {
                                    "Worker Number": 2,
                                    "Actual Startup Time": 201.324,
                                    "Actual Total Time": 201.327,
                                    "Actual Rows": 1,
                                    "Actual Loops": 1
                                }
                            ],
                            "Plans": [
                                {
                                    "Node Type": "Hash Join",
                                    "Parent Relationship": "Outer",
                                    "Parallel Aware": true,
                                    "Join Type": "Inner",
                                    "Startup Cost": 51752.55,
                                    "Total Cost": 77391.7,
                                    "Plan Rows": 11091,
                                    "Plan Width": 0,
                                    "Actual Startup Time": 157.46,
                                    "Actual Total Time": 202.661,
                                    "Actual Rows": 26403,
                                    "Actual Loops": 4,
                                    "Inner Unique": true,
                                    "Hash Cond": "(mk.movie_id = t.id)",
                                    "Workers": [
                                        {
                                            "Worker Number": 0,
                                            "Actual Startup Time": 154.159,
                                            "Actual Total Time": 199.361,
                                            "Actual Rows": 23036,
                                            "Actual Loops": 1
                                        },
                                        {
                                            "Worker Number": 1,
                                            "Actual Startup Time": 154.776,
                                            "Actual Total Time": 200.213,
                                            "Actual Rows": 23857,
                                            "Actual Loops": 1
                                        },
                                        {
                                            "Worker Number": 2,
                                            "Actual Startup Time": 154.828,
                                            "Actual Total Time": 200.022,
                                            "Actual Rows": 23943,
                                            "Actual Loops": 1
                                        }
                                    ],
                                    "Plans": [
                                        {
                                            "Node Type": "Bitmap Heap Scan",
                                            "Parent Relationship": "Outer",
                                            "Parallel Aware": true,
                                            "Relation Name": "movie_keyword",
                                            "Schema": "public",
                                            "Alias": "mk",
                                            "Startup Cost": 5154.95,
                                            "Total Cost": 30588.41,
                                            "Plan Rows": 78357,
                                            "Plan Width": 4,
                                            "Actual Startup Time": 17.318,
                                            "Actual Total Time": 58.981,
                                            "Actual Rows": 58972,
                                            "Actual Loops": 4,
                                            "Output": [
                                                "mk.id",
                                                "mk.movie_id",
                                                "mk.keyword_id"
                                            ],
                                            "Recheck Cond": "(mk.keyword_id < 196)",
                                            "Rows Removed by Index Recheck": 0,
                                            "Exact Heap Blocks": 8307,
                                            "Lossy Heap Blocks": 0,
                                            "Workers": [
                                                {
                                                    "Worker Number": 0,
                                                    "Actual Startup Time": 17.289,
                                                    "Actual Total Time": 60.615,
                                                    "Actual Rows": 49713,
                                                    "Actual Loops": 1
                                                },
                                                {
                                                    "Worker Number": 1,
                                                    "Actual Startup Time": 17.359,
                                                    "Actual Total Time": 60.252,
                                                    "Actual Rows": 52596,
                                                    "Actual Loops": 1
                                                },
                                                {
                                                    "Worker Number": 2,
                                                    "Actual Startup Time": 17.383,
                                                    "Actual Total Time": 60.263,
                                                    "Actual Rows": 52599,
                                                    "Actual Loops": 1
                                                }
                                            ],
                                            "Plans": [
                                                {
                                                    "Node Type": "Bitmap Index Scan",
                                                    "Parent Relationship": "Outer",
                                                    "Parallel Aware": false,
                                                    "Index Name": "keyword_id_movie_keyword",
                                                    "Startup Cost": 0.0,
                                                    "Total Cost": 5094.23,
                                                    "Plan Rows": 242906,
                                                    "Plan Width": 0,
                                                    "Actual Startup Time": 13.782,
                                                    "Actual Total Time": 13.782,
                                                    "Actual Rows": 235890,
                                                    "Actual Loops": 1,
                                                    "Index Cond": "(mk.keyword_id < 196)"
                                                }
                                            ]
                                        },
                                        {
                                            "Node Type": "Hash",
                                            "Parent Relationship": "Inner",
                                            "Parallel Aware": true,
                                            "Startup Cost": 45479.21,
                                            "Total Cost": 45479.21,
                                            "Plan Rows": 89471,
                                            "Plan Width": 4,
                                            "Actual Startup Time": 123.597,
                                            "Actual Total Time": 123.597,
                                            "Actual Rows": 106143,
                                            "Actual Loops": 4,
                                            "Output": [
                                                "t.id"
                                            ],
                                            "Hash Buckets": 524288,
                                            "Original Hash Buckets": 524288,
                                            "Hash Batches": 1,
                                            "Original Hash Batches": 1,
                                            "Peak Memory Usage": 20800,
                                            "Workers": [
                                                {
                                                    "Worker Number": 0,
                                                    "Actual Startup Time": 121.693,
                                                    "Actual Total Time": 121.694,
                                                    "Actual Rows": 101512,
                                                    "Actual Loops": 1
                                                },
                                                {
                                                    "Worker Number": 1,
                                                    "Actual Startup Time": 122.29,
                                                    "Actual Total Time": 122.291,
                                                    "Actual Rows": 101517,
                                                    "Actual Loops": 1
                                                },
                                                {
                                                    "Worker Number": 2,
                                                    "Actual Startup Time": 122.307,
                                                    "Actual Total Time": 122.308,
                                                    "Actual Rows": 101843,
                                                    "Actual Loops": 1
                                                }
                                            ],
                                            "Plans": [
                                                {
                                                    "Node Type": "Seq Scan",
                                                    "Parent Relationship": "Outer",
                                                    "Parallel Aware": true,
                                                    "Relation Name": "title",
                                                    "Schema": "public",
                                                    "Alias": "t",
                                                    "Startup Cost": 0.0,
                                                    "Total Cost": 45479.21,
                                                    "Plan Rows": 89471,
                                                    "Plan Width": 4,
                                                    "Actual Startup Time": 52.003,
                                                    "Actual Total Time": 90.128,
                                                    "Actual Rows": 106143,
                                                    "Actual Loops": 4,
                                                    "Output": [
                                                        "t.id"
                                                    ],
                                                    "Filter": "((t.production_year < 2005) AND (t.kind_id = 1))",
                                                    "Rows Removed by Filter": 525935,
                                                    "Workers": [
                                                        {
                                                            "Worker Number": 0,
                                                            "Actual Startup Time": 50.002,
                                                            "Actual Total Time": 88.68,
                                                            "Actual Rows": 101512,
                                                            "Actual Loops": 1
                                                        },
                                                        {
                                                            "Worker Number": 1,
                                                            "Actual Startup Time": 50.542,
                                                            "Actual Total Time": 89.951,
                                                            "Actual Rows": 101517,
                                                            "Actual Loops": 1
                                                        },
                                                        {
                                                            "Worker Number": 2,
                                                            "Actual Startup Time": 51.038,
                                                            "Actual Total Time": 89.903,
                                                            "Actual Rows": 101843,
                                                            "Actual Loops": 1
                                                        }
                                                    ]
                                                }
                                            ]
                                        }
                                    ]
                                }
                            ]
                        }
                    ]
                }
            ]
        },
        "Planning Time": 178.385,
        "Triggers": [],
        "Execution Time": 223.698
    }
]