[
  {
    "Plan": {
      "Node Type": "Aggregate",
      "Strategy": "Plain",
      "Partial Mode": "Finalize",
      "Parallel Aware": false,
      "Startup Cost": 32645.32,
      "Total Cost": 32645.33,
      "Plan Rows": 1,
      "Plan Width": 8,
      "Actual Startup Time": 90.493,
      "Actual Total Time": 98.318,
      "Actual Rows": 1,
      "Actual Loops": 1,
      "Plans": [
        {
          "Node Type": "Gather",
          "Parent Relationship": "Outer",
          "Parallel Aware": false,
          "Startup Cost": 32645.0,
          "Total Cost": 32645.31,
          "Plan Rows": 3,
          "Plan Width": 8,
          "Actual Startup Time": 90.381,
          "Actual Total Time": 98.311,
          "Actual Rows": 4,
          "Actual Loops": 1,
          "Workers Planned": 3,
          "Workers Launched": 3,
          "Single Copy": false,
          "Plans": [
            {
              "Node Type": "Aggregate",
              "Strategy": "Plain",
              "Partial Mode": "Partial",
              "Parent Relationship": "Outer",
              "Parallel Aware": false,
              "Startup Cost": 31645.0,
              "Total Cost": 31645.01,
              "Plan Rows": 1,
              "Plan Width": 8,
              "Actual Startup Time": 83.223,
              "Actual Total Time": 83.224,
              "Actual Rows": 1,
              "Actual Loops": 4,
              "Plans": [
                {
                  "Node Type": "Seq Scan",
                  "Parent Relationship": "Outer",
                  "Parallel Aware": true,
                  "Relation Name": "movie_companies",
                  "Alias": "mc",
                  "Startup Cost": 0.0,
                  "Total Cost": 31414.82,
                  "Plan Rows": 92074,
                  "Plan Width": 0,
                  "Actual Startup Time": 46.205,
                  "Actual Total Time": 77.404,
                  "Actual Rows": 144948,
                  "Actual Loops": 4,
                  "Filter": "((company_id > 71071) AND (company_type_id = 2))",
                  "Rows Removed by Filter": 507335
                }
              ]
            }
          ]
        }
      ]
    },
    "Planning Time": 0.243,
    "Triggers": [],
    "Execution Time": 98.376
  }
]