{
  "Plan": {
    "Node Type": "Aggregate",
    "Strategy": "Plain",
    "Partial Mode": "Finalize",
    "Parallel Aware": false,
    "Startup Cost": 98163.65,
    "Total Cost": 98163.66,
    "Plan Rows": 1,
    "Plan Width": 8,
    "Actual Startup Time": 367.409,
    "Actual Total Time": 383.132,
    "Actual Rows": 1,
    "Actual Loops": 1,
    "Plans": [
      {
        "Node Type": "Gather",
        "Parent Relationship": "Outer",
        "Parallel Aware": false,
        "Startup Cost": 98163.53,
        "Total Cost": 98163.64,
        "Plan Rows": 1,
        "Plan Width": 8,
        "Actual Startup Time": 367.133,
        "Actual Total Time": 383.124,
        "Actual Rows": 2,
        "Actual Loops": 1,
        "Workers Planned": 1,
        "Workers Launched": 1,
        "Single Copy": false,
        "Plans": [
          {
            "Node Type": "Aggregate",
            "Strategy": "Plain",
            "Partial Mode": "Partial",
            "Parent Relationship": "Outer",
            "Parallel Aware": false,
            "Startup Cost": 97163.53,
            "Total Cost": 97163.54,
            "Plan Rows": 1,
            "Plan Width": 8,
            "Actual Startup Time": 363.893,
            "Actual Total Time": 363.895,
            "Actual Rows": 1,
            "Actual Loops": 2,
            "Plans": [
              {
                "Node Type": "Hash Join",
                "Parent Relationship": "Outer",
                "Parallel Aware": true,
                "Join Type": "Inner",
                "Startup Cost": 58878.78,
                "Total Cost": 97045.41,
                "Plan Rows": 47249,
                "Plan Width": 0,
                "Actual Startup Time": 141.403,
                "Actual Total Time": 361.68,
                "Actual Rows": 50357,
                "Actual Loops": 2,
                "Inner Unique": true,
                "Hash Cond": "(mc.movie_id = t.id)",
                "Plans": [
                  {
                    "Node Type": "Seq Scan",
                    "Parent Relationship": "Outer",
                    "Parallel Aware": true,
                    "Relation Name": "movie_companies",
                    "Alias": "mc",
                    "Startup Cost": 0.0,
                    "Total Cost": 34137.82,
                    "Plan Rows": 1534782,
                    "Plan Width": 4,
                    "Actual Startup Time": 0.014,
                    "Actual Total Time": 96.922,
                    "Actual Rows": 1304564,
                    "Actual Loops": 2
                  },
                  {
                    "Node Type": "Hash",
                    "Parent Relationship": "Inner",
                    "Parallel Aware": true,
                    "Startup Cost": 58306.47,
                    "Total Cost": 58306.47,
                    "Plan Rows": 45785,
                    "Plan Width": 4,
                    "Actual Startup Time": 140.292,
                    "Actual Total Time": 140.293,
                    "Actual Rows": 37064,
                    "Actual Loops": 2,
                    "Hash Buckets": 131072,
                    "Original Hash Buckets": 131072,
                    "Hash Batches": 1,
                    "Original Hash Batches": 1,
                    "Peak Memory Usage": 3936,
                    "Plans": [
                      {
                        "Node Type": "Seq Scan",
                        "Parent Relationship": "Outer",
                        "Parallel Aware": true,
                        "Relation Name": "title",
                        "Alias": "t",
                        "Startup Cost": 0.0,
                        "Total Cost": 58306.47,
                        "Plan Rows": 45785,
                        "Plan Width": 4,
                        "Actual Startup Time": 0.071,
                        "Actual Total Time": 131.016,
                        "Actual Rows": 37064,
                        "Actual Loops": 2,
                        "Filter": "((kind_id < 4) AND (production_year > 2011))",
                        "Rows Removed by Filter": 1227092
                      }
                    ]
                  }
                ]
              }
            ]
          }
        ]
      }
    ]
  },
  "Planning Time": 0.221,
  "Triggers": [],
  "Execution Time": 383.178
}