[
  {
    "Plan": {
      "Node Type": "Aggregate",
      "Strategy": "Plain",
      "Partial Mode": "Finalize",
      "Parallel Aware": false,
      "Startup Cost": 75239.94,
      "Total Cost": 75239.95,
      "Plan Rows": 1,
      "Plan Width": 8,
      "Actual Startup Time": 127.625,
      "Actual Total Time": 145.787,
      "Actual Rows": 1,
      "Actual Loops": 1,
      "Plans": [
        {
          "Node Type": "Gather",
          "Parent Relationship": "Outer",
          "Parallel Aware": false,
          "Startup Cost": 75239.52,
          "Total Cost": 75239.93,
          "Plan Rows": 4,
          "Plan Width": 8,
          "Actual Startup Time": 127.449,
          "Actual Total Time": 145.78,
          "Actual Rows": 5,
          "Actual Loops": 1,
          "Workers Planned": 4,
          "Workers Launched": 4,
          "Single Copy": false,
          "Plans": [
            {
              "Node Type": "Aggregate",
              "Strategy": "Plain",
              "Partial Mode": "Partial",
              "Parent Relationship": "Outer",
              "Parallel Aware": false,
              "Startup Cost": 74239.52,
              "Total Cost": 74239.53,
              "Plan Rows": 1,
              "Plan Width": 8,
              "Actual Startup Time": 118.935,
              "Actual Total Time": 118.936,
              "Actual Rows": 1,
              "Actual Loops": 5,
              "Plans": [
                {
                  "Node Type": "Nested Loop",
                  "Parent Relationship": "Outer",
                  "Parallel Aware": false,
                  "Join Type": "Inner",
                  "Startup Cost": 0.43,
                  "Total Cost": 74233.86,
                  "Plan Rows": 2263,
                  "Plan Width": 0,
                  "Actual Startup Time": 57.391,
                  "Actual Total Time": 118.539,
                  "Actual Rows": 3500,
                  "Actual Loops": 5,
                  "Inner Unique": false,
                  "Plans": [
                    {
                      "Node Type": "Seq Scan",
                      "Parent Relationship": "Outer",
                      "Parallel Aware": true,
                      "Relation Name": "title",
                      "Alias": "t",
                      "Startup Cost": 0.0,
                      "Total Cost": 45479.59,
                      "Plan Rows": 4291,
                      "Plan Width": 4,
                      "Actual Startup Time": 55.943,
                      "Actual Total Time": 89.856,
                      "Actual Rows": 3761,
                      "Actual Loops": 5,
                      "Filter": "((kind_id = 1) AND (production_year = 2013))",
                      "Rows Removed by Filter": 501902
                    },
                    {
                      "Node Type": "Index Scan",
                      "Parent Relationship": "Inner",
                      "Parallel Aware": false,
                      "Scan Direction": "Forward",
                      "Index Name": "movie_id_movie_companies",
                      "Relation Name": "movie_companies",
                      "Alias": "mc",
                      "Startup Cost": 0.43,
                      "Total Cost": 6.67,
                      "Plan Rows": 3,
                      "Plan Width": 4,
                      "Actual Startup Time": 0.007,
                      "Actual Total Time": 0.007,
                      "Actual Rows": 1,
                      "Actual Loops": 18804,
                      "Index Cond": "(movie_id = t.id)",
                      "Rows Removed by Index Recheck": 0,
                      "Filter": "(company_type_id > 1)",
                      "Rows Removed by Filter": 0
                    }
                  ]
                }
              ]
            }
          ]
        }
      ]
    },
    "Planning Time": 0.298,
    "Triggers": [],
    "Execution Time": 145.831
  }
]