{
  "Plan": {
    "Node Type": "Aggregate",
    "Strategy": "Plain",
    "Partial Mode": "Finalize",
    "Parallel Aware": false,
    "Startup Cost": 273351.89,
    "Total Cost": 273351.9,
    "Plan Rows": 1,
    "Plan Width": 8,
    "Actual Startup Time": 2916.799,
    "Actual Total Time": 2996.847,
    "Actual Rows": 1,
    "Actual Loops": 1,
    "Plans": [
      {
        "Node Type": "Gather",
        "Parent Relationship": "Outer",
        "Parallel Aware": false,
        "Startup Cost": 273351.78,
        "Total Cost": 273351.89,
        "Plan Rows": 1,
        "Plan Width": 8,
        "Actual Startup Time": 2910.437,
        "Actual Total Time": 2996.836,
        "Actual Rows": 2,
        "Actual Loops": 1,
        "Workers Planned": 1,
        "Workers Launched": 1,
        "Single Copy": false,
        "Plans": [
          {
            "Node Type": "Aggregate",
            "Strategy": "Plain",
            "Partial Mode": "Partial",
            "Parent Relationship": "Outer",
            "Parallel Aware": false,
            "Startup Cost": 272351.78,
            "Total Cost": 272351.79,
            "Plan Rows": 1,
            "Plan Width": 8,
            "Actual Startup Time": 2907.024,
            "Actual Total Time": 2907.028,
            "Actual Rows": 1,
            "Actual Loops": 2,
            "Plans": [
              {
                "Node Type": "Nested Loop",
                "Parent Relationship": "Outer",
                "Parallel Aware": false,
                "Join Type": "Inner",
                "Startup Cost": 60261.31,
                "Total Cost": 270301.86,
                "Plan Rows": 819966,
                "Plan Width": 0,
                "Actual Startup Time": 196.937,
                "Actual Total Time": 2781.91,
                "Actual Rows": 2898944,
                "Actual Loops": 2,
                "Inner Unique": false,
                "Join Filter": "(t.id = ci.movie_id)",
                "Rows Removed by Join Filter": 0,
                "Plans": [
                  {
                    "Node Type": "Hash Join",
                    "Parent Relationship": "Outer",
                    "Parallel Aware": true,
                    "Join Type": "Inner",
                    "Startup Cost": 60260.74,
                    "Total Cost": 79771.99,
                    "Plan Rows": 57224,
                    "Plan Width": 8,
                    "Actual Startup Time": 196.866,
                    "Actual Total Time": 370.757,
                    "Actual Rows": 113934,
                    "Actual Loops": 2,
                    "Inner Unique": true,
                    "Hash Cond": "(mi_idx.movie_id = t.id)",
                    "Plans": [
                      {
                        "Node Type": "Seq Scan",
                        "Parent Relationship": "Outer",
                        "Parallel Aware": true,
                        "Relation Name": "movie_info_idx",
                        "Alias": "mi_idx",
                        "Startup Cost": 0.0,
                        "Total Cost": 18082.32,
                        "Plan Rows": 544356,
                        "Plan Width": 4,
                        "Actual Startup Time": 0.018,
                        "Actual Total Time": 62.691,
                        "Actual Rows": 460055,
                        "Actual Loops": 2,
                        "Filter": "(info_type_id > 99)",
                        "Rows Removed by Filter": 229962
                      },
                      {
                        "Node Type": "Hash",
                        "Parent Relationship": "Inner",
                        "Parallel Aware": true,
                        "Startup Cost": 58306.47,
                        "Total Cost": 58306.47,
                        "Plan Rows": 156342,
                        "Plan Width": 4,
                        "Actual Startup Time": 191.444,
                        "Actual Total Time": 191.445,
                        "Actual Rows": 191306,
                        "Actual Loops": 2,
                        "Hash Buckets": 524288,
                        "Original Hash Buckets": 524288,
                        "Hash Batches": 1,
                        "Original Hash Batches": 1,
                        "Peak Memory Usage": 19104,
                        "Plans": [
                          {
                            "Node Type": "Seq Scan",
                            "Parent Relationship": "Outer",
                            "Parallel Aware": true,
                            "Relation Name": "title",
                            "Alias": "t",
                            "Startup Cost": 0.0,
                            "Total Cost": 58306.47,
                            "Plan Rows": 156342,
                            "Plan Width": 4,
                            "Actual Startup Time": 0.046,
                            "Actual Total Time": 148.667,
                            "Actual Rows": 191306,
                            "Actual Loops": 2,
                            "Filter": "((kind_id < 7) AND (production_year < 1990))",
                            "Rows Removed by Filter": 1072850
                          }
                        ]
                      }
                    ]
                  },
                  {
                    "Node Type": "Index Only Scan",
                    "Parent Relationship": "Inner",
                    "Parallel Aware": false,
                    "Scan Direction": "Forward",
                    "Index Name": "movie_id_cast_info",
                    "Relation Name": "cast_info",
                    "Alias": "ci",
                    "Startup Cost": 0.56,
                    "Total Cost": 2.87,
                    "Plan Rows": 37,
                    "Plan Width": 4,
                    "Actual Startup Time": 0.004,
                    "Actual Total Time": 0.019,
                    "Actual Rows": 25,
                    "Actual Loops": 227867,
                    "Index Cond": "(movie_id = mi_idx.movie_id)",
                    "Rows Removed by Index Recheck": 0,
                    "Heap Fetches": 5797889
                  }
                ]
              }
            ]
          }
        ]
      }
    ]
  },
  "Planning Time": 1.06,
  "Triggers": [],
  "Execution Time": 2996.986
}