[
  {
    "Plan": {
      "Node Type": "Aggregate",
      "Strategy": "Plain",
      "Partial Mode": "Finalize",
      "Parallel Aware": false,
      "Startup Cost": 55019.89,
      "Total Cost": 55019.9,
      "Plan Rows": 1,
      "Plan Width": 8,
      "Actual Startup Time": 102.798,
      "Actual Total Time": 116.437,
      "Actual Rows": 1,
      "Actual Loops": 1,
      "Plans": [
        {
          "Node Type": "Gather",
          "Parent Relationship": "Outer",
          "Parallel Aware": false,
          "Startup Cost": 55019.47,
          "Total Cost": 55019.88,
          "Plan Rows": 4,
          "Plan Width": 8,
          "Actual Startup Time": 102.684,
          "Actual Total Time": 116.43,
          "Actual Rows": 5,
          "Actual Loops": 1,
          "Workers Planned": 4,
          "Workers Launched": 4,
          "Single Copy": false,
          "Plans": [
            {
              "Node Type": "Aggregate",
              "Strategy": "Plain",
              "Partial Mode": "Partial",
              "Parent Relationship": "Outer",
              "Parallel Aware": false,
              "Startup Cost": 54019.47,
              "Total Cost": 54019.48,
              "Plan Rows": 1,
              "Plan Width": 8,
              "Actual Startup Time": 92.774,
              "Actual Total Time": 92.775,
              "Actual Rows": 1,
              "Actual Loops": 5,
              "Plans": [
                {
                  "Node Type": "Nested Loop",
                  "Parent Relationship": "Outer",
                  "Parallel Aware": false,
                  "Join Type": "Inner",
                  "Startup Cost": 0.43,
                  "Total Cost": 54017.61,
                  "Plan Rows": 742,
                  "Plan Width": 0,
                  "Actual Startup Time": 60.504,
                  "Actual Total Time": 92.665,
                  "Actual Rows": 1386,
                  "Actual Loops": 5,
                  "Inner Unique": false,
                  "Plans": [
                    {
                      "Node Type": "Seq Scan",
                      "Parent Relationship": "Outer",
                      "Parallel Aware": true,
                      "Relation Name": "title",
                      "Alias": "t",
                      "Startup Cost": 0.0,
                      "Total Cost": 45479.1,
                      "Plan Rows": 1360,
                      "Plan Width": 4,
                      "Actual Startup Time": 60.233,
                      "Actual Total Time": 84.862,
                      "Actual Rows": 988,
                      "Actual Loops": 5,
                      "Filter": "((kind_id = 1) AND (production_year = 1989))",
                      "Rows Removed by Filter": 504675
                    },
                    {
                      "Node Type": "Index Only Scan",
                      "Parent Relationship": "Inner",
                      "Parallel Aware": false,
                      "Scan Direction": "Forward",
                      "Index Name": "movie_id_movie_info_idx",
                      "Relation Name": "movie_info_idx",
                      "Alias": "mi_idx",
                      "Startup Cost": 0.43,
                      "Total Cost": 6.25,
                      "Plan Rows": 3,
                      "Plan Width": 4,
                      "Actual Startup Time": 0.007,
                      "Actual Total Time": 0.007,
                      "Actual Rows": 1,
                      "Actual Loops": 4939,
                      "Index Cond": "(movie_id = t.id)",
                      "Rows Removed by Index Recheck": 0,
                      "Heap Fetches": 6929
                    }
                  ]
                }
              ]
            }
          ]
        }
      ]
    },
    "Planning Time": 0.617,
    "Triggers": [],
    "Execution Time": 116.513
  }
]