[
  {
    "Plan": {
      "Node Type": "Aggregate",
      "Strategy": "Plain",
      "Partial Mode": "Finalize",
      "Parallel Aware": false,
      "Startup Cost": 319019.63,
      "Total Cost": 319019.64,
      "Plan Rows": 1,
      "Plan Width": 8,
      "Actual Startup Time": 269.938,
      "Actual Total Time": 285.201,
      "Actual Rows": 1,
      "Actual Loops": 1,
      "Plans": [
        {
          "Node Type": "Gather",
          "Parent Relationship": "Outer",
          "Parallel Aware": false,
          "Startup Cost": 319019.0,
          "Total Cost": 319019.61,
          "Plan Rows": 6,
          "Plan Width": 8,
          "Actual Startup Time": 265.851,
          "Actual Total Time": 285.192,
          "Actual Rows": 7,
          "Actual Loops": 1,
          "Workers Planned": 6,
          "Workers Launched": 6,
          "Single Copy": false,
          "Plans": [
            {
              "Node Type": "Aggregate",
              "Strategy": "Plain",
              "Partial Mode": "Partial",
              "Parent Relationship": "Outer",
              "Parallel Aware": false,
              "Startup Cost": 318019.0,
              "Total Cost": 318019.01,
              "Plan Rows": 1,
              "Plan Width": 8,
              "Actual Startup Time": 255.325,
              "Actual Total Time": 255.329,
              "Actual Rows": 1,
              "Actual Loops": 7,
              "Plans": [
                {
                  "Node Type": "Hash Join",
                  "Parent Relationship": "Outer",
                  "Parallel Aware": true,
                  "Join Type": "Inner",
                  "Startup Cost": 63201.03,
                  "Total Cost": 317941.13,
                  "Plan Rows": 31151,
                  "Plan Width": 0,
                  "Actual Startup Time": 181.926,
                  "Actual Total Time": 253.273,
                  "Actual Rows": 35777,
                  "Actual Loops": 7,
                  "Inner Unique": true,
                  "Hash Cond": "(ci.movie_id = t.id)",
                  "Plans": [
                    {
                      "Node Type": "Bitmap Heap Scan",
                      "Parent Relationship": "Outer",
                      "Parallel Aware": true,
                      "Relation Name": "cast_info",
                      "Alias": "ci",
                      "Startup Cost": 16218.88,
                      "Total Cost": 270749.4,
                      "Plan Rows": 79841,
                      "Plan Width": 4,
                      "Actual Startup Time": 29.975,
                      "Actual Total Time": 61.697,
                      "Actual Rows": 97122,
                      "Actual Loops": 7,
                      "Recheck Cond": "(person_id > 3930065)",
                      "Rows Removed by Index Recheck": 0,
                      "Filter": "(role_id > 1)",
                      "Rows Removed by Filter": 0,
                      "Exact Heap Blocks": 1561,
                      "Lossy Heap Blocks": 0,
                      "Plans": [
                        {
                          "Node Type": "Bitmap Index Scan",
                          "Parent Relationship": "Outer",
                          "Parallel Aware": false,
                          "Index Name": "person_id_cast_info",
                          "Startup Cost": 0.0,
                          "Total Cost": 16099.12,
                          "Plan Rows": 737407,
                          "Plan Width": 0,
                          "Actual Startup Time": 28.372,
                          "Actual Total Time": 28.372,
                          "Actual Rows": 679854,
                          "Actual Loops": 1,
                          "Index Cond": "(person_id > 3930065)"
                        }
                      ]
                    },
                    {
                      "Node Type": "Hash",
                      "Parent Relationship": "Inner",
                      "Parallel Aware": true,
                      "Startup Cost": 43899.32,
                      "Total Cost": 43899.32,
                      "Plan Rows": 246626,
                      "Plan Width": 4,
                      "Actual Startup Time": 148.743,
                      "Actual Total Time": 148.744,
                      "Actual Rows": 140721,
                      "Actual Loops": 7,
                      "Hash Buckets": 1048576,
                      "Original Hash Buckets": 1048576,
                      "Hash Batches": 1,
                      "Original Hash Batches": 1,
                      "Peak Memory Usage": 46816,
                      "Plans": [
                        {
                          "Node Type": "Seq Scan",
                          "Parent Relationship": "Outer",
                          "Parallel Aware": true,
                          "Relation Name": "title",
                          "Alias": "t",
                          "Startup Cost": 0.0,
                          "Total Cost": 43899.32,
                          "Plan Rows": 246626,
                          "Plan Width": 4,
                          "Actual Startup Time": 0.032,
                          "Actual Total Time": 81.288,
                          "Actual Rows": 140721,
                          "Actual Loops": 7,
                          "Filter": "(kind_id < 7)",
                          "Rows Removed by Filter": 220466
                        }
                      ]
                    }
                  ]
                }
              ]
            }
          ]
        }
      ]
    },
    "Planning Time": 0.562,
    "Triggers": [],
    "Execution Time": 285.284
  }
]