{
  "Plan": {
    "Node Type": "Aggregate",
    "Strategy": "Plain",
    "Partial Mode": "Finalize",
    "Parallel Aware": false,
    "Startup Cost": 89814.05,
    "Total Cost": 89814.06,
    "Plan Rows": 1,
    "Plan Width": 8,
    "Actual Startup Time": 226.757,
    "Actual Total Time": 246.41,
    "Actual Rows": 1,
    "Actual Loops": 1,
    "Plans": [
      {
        "Node Type": "Gather",
        "Parent Relationship": "Outer",
        "Parallel Aware": false,
        "Startup Cost": 89813.94,
        "Total Cost": 89814.05,
        "Plan Rows": 1,
        "Plan Width": 8,
        "Actual Startup Time": 226.056,
        "Actual Total Time": 246.402,
        "Actual Rows": 2,
        "Actual Loops": 1,
        "Workers Planned": 1,
        "Workers Launched": 1,
        "Single Copy": false,
        "Plans": [
          {
            "Node Type": "Aggregate",
            "Strategy": "Plain",
            "Partial Mode": "Partial",
            "Parent Relationship": "Outer",
            "Parallel Aware": false,
            "Startup Cost": 88813.94,
            "Total Cost": 88813.95,
            "Plan Rows": 1,
            "Plan Width": 8,
            "Actual Startup Time": 220.229,
            "Actual Total Time": 220.233,
            "Actual Rows": 1,
            "Actual Loops": 2,
            "Plans": [
              {
                "Node Type": "Nested Loop",
                "Parent Relationship": "Outer",
                "Parallel Aware": false,
                "Join Type": "Inner",
                "Startup Cost": 56381.22,
                "Total Cost": 88799.44,
                "Plan Rows": 5799,
                "Plan Width": 0,
                "Actual Startup Time": 163.155,
                "Actual Total Time": 219.602,
                "Actual Rows": 7007,
                "Actual Loops": 2,
                "Inner Unique": false,
                "Join Filter": "(t.id = ci.movie_id)",
                "Rows Removed by Join Filter": 0,
                "Plans": [
                  {
                    "Node Type": "Hash Join",
                    "Parent Relationship": "Outer",
                    "Parallel Aware": true,
                    "Join Type": "Inner",
                    "Startup Cost": 56380.65,
                    "Total Cost": 81514.87,
                    "Plan Rows": 405,
                    "Plan Width": 8,
                    "Actual Startup Time": 163.086,
                    "Actual Total Time": 194.027,
                    "Actual Rows": 532,
                    "Actual Loops": 2,
                    "Inner Unique": true,
                    "Hash Cond": "(mk.movie_id = t.id)",
                    "Plans": [
                      {
                        "Node Type": "Bitmap Heap Scan",
                        "Parent Relationship": "Outer",
                        "Parallel Aware": true,
                        "Relation Name": "movie_keyword",
                        "Alias": "mk",
                        "Startup Cost": 1624.95,
                        "Total Cost": 26641.11,
                        "Plan Rows": 44973,
                        "Plan Width": 4,
                        "Actual Startup Time": 13.155,
                        "Actual Total Time": 37.59,
                        "Actual Rows": 36248,
                        "Actual Loops": 2,
                        "Recheck Cond": "(keyword_id = 335)",
                        "Rows Removed by Index Recheck": 0,
                        "Exact Heap Blocks": 12079,
                        "Lossy Heap Blocks": 0,
                        "Plans": [
                          {
                            "Node Type": "Bitmap Index Scan",
                            "Parent Relationship": "Outer",
                            "Parallel Aware": false,
                            "Index Name": "keyword_id_movie_keyword",
                            "Startup Cost": 0.0,
                            "Total Cost": 1605.84,
                            "Plan Rows": 76454,
                            "Plan Width": 0,
                            "Actual Startup Time": 9.47,
                            "Actual Total Time": 9.471,
                            "Actual Rows": 72496,
                            "Actual Loops": 1,
                            "Index Cond": "(keyword_id = 335)"
                          }
                        ]
                      },
                      {
                        "Node Type": "Hash",
                        "Parent Relationship": "Inner",
                        "Parallel Aware": true,
                        "Startup Cost": 54588.39,
                        "Total Cost": 54588.39,
                        "Plan Rows": 13385,
                        "Plan Width": 4,
                        "Actual Startup Time": 148.236,
                        "Actual Total Time": 148.236,
                        "Actual Rows": 11520,
                        "Actual Loops": 2,
                        "Hash Buckets": 32768,
                        "Original Hash Buckets": 32768,
                        "Hash Batches": 1,
                        "Original Hash Batches": 1,
                        "Peak Memory Usage": 1184,
                        "Plans": [
                          {
                            "Node Type": "Seq Scan",
                            "Parent Relationship": "Outer",
                            "Parallel Aware": true,
                            "Relation Name": "title",
                            "Alias": "t",
                            "Startup Cost": 0.0,
                            "Total Cost": 54588.39,
                            "Plan Rows": 13385,
                            "Plan Width": 4,
                            "Actual Startup Time": 0.125,
                            "Actual Total Time": 143.31,
                            "Actual Rows": 11520,
                            "Actual Loops": 2,
                            "Filter": "(production_year = 1990)",
                            "Rows Removed by Filter": 1252636
                          }
                        ]
                      }
                    ]
                  },
                  {
                    "Node Type": "Index Only Scan",
                    "Parent Relationship": "Inner",
                    "Parallel Aware": false,
                    "Scan Direction": "Forward",
                    "Index Name": "movie_id_cast_info",
                    "Relation Name": "cast_info",
                    "Alias": "ci",
                    "Startup Cost": 0.56,
                    "Total Cost": 17.52,
                    "Plan Rows": 37,
                    "Plan Width": 4,
                    "Actual Startup Time": 0.013,
                    "Actual Total Time": 0.046,
                    "Actual Rows": 13,
                    "Actual Loops": 1063,
                    "Index Cond": "(movie_id = mk.movie_id)",
                    "Rows Removed by Index Recheck": 0,
                    "Heap Fetches": 14014
                  }
                ]
              }
            ]
          }
        ]
      }
    ]
  },
  "Planning Time": 0.986,
  "Triggers": [],
  "Execution Time": 246.516
}