[
  {
    "Plan": {
      "Node Type": "Aggregate",
      "Strategy": "Plain",
      "Partial Mode": "Finalize",
      "Parallel Aware": false,
      "Startup Cost": 54088.49,
      "Total Cost": 54088.5,
      "Plan Rows": 1,
      "Plan Width": 8,
      "Actual Startup Time": 46.06,
      "Actual Total Time": 52.458,
      "Actual Rows": 1,
      "Actual Loops": 1,
      "Plans": [
        {
          "Node Type": "Gather",
          "Parent Relationship": "Outer",
          "Parallel Aware": false,
          "Startup Cost": 54088.27,
          "Total Cost": 54088.48,
          "Plan Rows": 2,
          "Plan Width": 8,
          "Actual Startup Time": 45.888,
          "Actual Total Time": 52.451,
          "Actual Rows": 3,
          "Actual Loops": 1,
          "Workers Planned": 2,
          "Workers Launched": 2,
          "Single Copy": false,
          "Plans": [
            {
              "Node Type": "Aggregate",
              "Strategy": "Plain",
              "Partial Mode": "Partial",
              "Parent Relationship": "Outer",
              "Parallel Aware": false,
              "Startup Cost": 53088.27,
              "Total Cost": 53088.28,
              "Plan Rows": 1,
              "Plan Width": 8,
              "Actual Startup Time": 37.573,
              "Actual Total Time": 37.575,
              "Actual Rows": 1,
              "Actual Loops": 3,
              "Plans": [
                {
                  "Node Type": "Nested Loop",
                  "Parent Relationship": "Outer",
                  "Parallel Aware": false,
                  "Join Type": "Inner",
                  "Startup Cost": 239.91,
                  "Total Cost": 53074.05,
                  "Plan Rows": 5689,
                  "Plan Width": 0,
                  "Actual Startup Time": 18.023,
                  "Actual Total Time": 37.535,
                  "Actual Rows": 276,
                  "Actual Loops": 3,
                  "Inner Unique": false,
                  "Plans": [
                    {
                      "Node Type": "Nested Loop",
                      "Parent Relationship": "Outer",
                      "Parallel Aware": false,
                      "Join Type": "Inner",
                      "Startup Cost": 239.34,
                      "Total Cost": 49719.11,
                      "Plan Rows": 397,
                      "Plan Width": 8,
                      "Actual Startup Time": 17.906,
                      "Actual Total Time": 35.96,
                      "Actual Rows": 51,
                      "Actual Loops": 3,
                      "Inner Unique": true,
                      "Plans": [
                        {
                          "Node Type": "Bitmap Heap Scan",
                          "Parent Relationship": "Outer",
                          "Parallel Aware": true,
                          "Relation Name": "movie_keyword",
                          "Alias": "mk",
                          "Startup Cost": 238.91,
                          "Total Cost": 20025.84,
                          "Plan Rows": 4650,
                          "Plan Width": 4,
                          "Actual Startup Time": 1.674,
                          "Actual Total Time": 6.647,
                          "Actual Rows": 3020,
                          "Actual Loops": 3,
                          "Recheck Cond": "(keyword_id = 47)",
                          "Rows Removed by Index Recheck": 0,
                          "Exact Heap Blocks": 1547,
                          "Lossy Heap Blocks": 0,
                          "Plans": [
                            {
                              "Node Type": "Bitmap Index Scan",
                              "Parent Relationship": "Outer",
                              "Parallel Aware": false,
                              "Index Name": "keyword_id_movie_keyword",
                              "Startup Cost": 0.0,
                              "Total Cost": 236.12,
                              "Plan Rows": 11159,
                              "Plan Width": 0,
                              "Actual Startup Time": 3.745,
                              "Actual Total Time": 3.745,
                              "Actual Rows": 9060,
                              "Actual Loops": 1,
                              "Index Cond": "(keyword_id = 47)"
                            }
                          ]
                        },
                        {
                          "Node Type": "Index Scan",
                          "Parent Relationship": "Inner",
                          "Parallel Aware": false,
                          "Scan Direction": "Forward",
                          "Index Name": "title_pkey",
                          "Relation Name": "title",
                          "Alias": "t",
                          "Startup Cost": 0.43,
                          "Total Cost": 6.39,
                          "Plan Rows": 1,
                          "Plan Width": 4,
                          "Actual Startup Time": 0.009,
                          "Actual Total Time": 0.009,
                          "Actual Rows": 0,
                          "Actual Loops": 9060,
                          "Index Cond": "(id = mk.movie_id)",
                          "Rows Removed by Index Recheck": 0,
                          "Filter": "((production_year < 1970) AND (kind_id = 7))",
                          "Rows Removed by Filter": 1
                        }
                      ]
                    },
                    {
                      "Node Type": "Index Only Scan",
                      "Parent Relationship": "Inner",
                      "Parallel Aware": false,
                      "Scan Direction": "Forward",
                      "Index Name": "movie_id_cast_info",
                      "Relation Name": "cast_info",
                      "Alias": "ci",
                      "Startup Cost": 0.56,
                      "Total Cost": 8.08,
                      "Plan Rows": 37,
                      "Plan Width": 4,
                      "Actual Startup Time": 0.009,
                      "Actual Total Time": 0.03,
                      "Actual Rows": 5,
                      "Actual Loops": 153,
                      "Index Cond": "(movie_id = t.id)",
                      "Rows Removed by Index Recheck": 0,
                      "Heap Fetches": 829
                    }
                  ]
                }
              ]
            }
          ]
        }
      ]
    },
    "Planning Time": 1.376,
    "Triggers": [],
    "Execution Time": 52.561
  }
]