[
  {
    "Plan": {
      "Node Type": "Aggregate",
      "Strategy": "Plain",
      "Partial Mode": "Finalize",
      "Parallel Aware": false,
      "Startup Cost": 611893.86,
      "Total Cost": 611893.87,
      "Plan Rows": 1,
      "Plan Width": 8,
      "Actual Startup Time": 3687.798,
      "Actual Total Time": 3767.942,
      "Actual Rows": 1,
      "Actual Loops": 1,
      "Plans": [
        {
          "Node Type": "Gather",
          "Parent Relationship": "Outer",
          "Parallel Aware": false,
          "Startup Cost": 611893.24,
          "Total Cost": 611893.85,
          "Plan Rows": 6,
          "Plan Width": 8,
          "Actual Startup Time": 3672.531,
          "Actual Total Time": 3767.922,
          "Actual Rows": 7,
          "Actual Loops": 1,
          "Workers Planned": 6,
          "Workers Launched": 6,
          "Single Copy": false,
          "Plans": [
            {
              "Node Type": "Aggregate",
              "Strategy": "Plain",
              "Partial Mode": "Partial",
              "Parent Relationship": "Outer",
              "Parallel Aware": false,
              "Startup Cost": 610893.24,
              "Total Cost": 610893.25,
              "Plan Rows": 1,
              "Plan Width": 8,
              "Actual Startup Time": 3656.204,
              "Actual Total Time": 3656.586,
              "Actual Rows": 1,
              "Actual Loops": 7,
              "Plans": [
                {
                  "Node Type": "Hash Join",
                  "Parent Relationship": "Outer",
                  "Parallel Aware": true,
                  "Join Type": "Inner",
                  "Startup Cost": 251753.46,
                  "Total Cost": 604951.36,
                  "Plan Rows": 2376750,
                  "Plan Width": 0,
                  "Actual Startup Time": 921.29,
                  "Actual Total Time": 3429.581,
                  "Actual Rows": 4798053,
                  "Actual Loops": 7,
                  "Inner Unique": false,
                  "Hash Cond": "(ci.movie_id = t.id)",
                  "Plans": [
                    {
                      "Node Type": "Seq Scan",
                      "Parent Relationship": "Outer",
                      "Parallel Aware": true,
                      "Relation Name": "cast_info",
                      "Alias": "ci",
                      "Startup Cost": 0.0,
                      "Total Cost": 328211.39,
                      "Plan Rows": 5395472,
                      "Plan Width": 4,
                      "Actual Startup Time": 0.032,
                      "Actual Total Time": 682.135,
                      "Actual Rows": 4626431,
                      "Actual Loops": 7,
                      "Filter": "(person_id < 3354229)",
                      "Rows Removed by Filter": 551333
                    },
                    {
                      "Node Type": "Hash",
                      "Parent Relationship": "Inner",
                      "Parallel Aware": true,
                      "Startup Cost": 248968.99,
                      "Total Cost": 248968.99,
                      "Plan Rows": 222758,
                      "Plan Width": 8,
                      "Actual Startup Time": 916.164,
                      "Actual Total Time": 916.545,
                      "Actual Rows": 339343,
                      "Actual Loops": 7,
                      "Hash Buckets": 4194304,
                      "Original Hash Buckets": 2097152,
                      "Hash Batches": 1,
                      "Original Hash Batches": 1,
                      "Peak Memory Usage": 142176,
                      "Plans": [
                        {
                          "Node Type": "Hash Join",
                          "Parent Relationship": "Outer",
                          "Parallel Aware": true,
                          "Join Type": "Inner",
                          "Startup Cost": 44815.0,
                          "Total Cost": 248968.99,
                          "Plan Rows": 222758,
                          "Plan Width": 8,
                          "Actual Startup Time": 107.872,
                          "Actual Total Time": 703.801,
                          "Actual Rows": 339343,
                          "Actual Loops": 7,
                          "Inner Unique": true,
                          "Hash Cond": "(mi.movie_id = t.id)",
                          "Plans": [
                            {
                              "Node Type": "Seq Scan",
                              "Parent Relationship": "Outer",
                              "Parallel Aware": true,
                              "Relation Name": "movie_info",
                              "Alias": "mi",
                              "Startup Cost": 0.0,
                              "Total Cost": 199108.24,
                              "Plan Rows": 1922185,
                              "Plan Width": 4,
                              "Actual Startup Time": 0.037,
                              "Actual Total Time": 353.236,
                              "Actual Rows": 1366450,
                              "Actual Loops": 7,
                              "Filter": "(info_type_id < 16)",
                              "Rows Removed by Filter": 752938
                            },
                            {
                              "Node Type": "Hash",
                              "Parent Relationship": "Inner",
                              "Parallel Aware": true,
                              "Startup Cost": 43899.32,
                              "Total Cost": 43899.32,
                              "Plan Rows": 73254,
                              "Plan Width": 4,
                              "Actual Startup Time": 105.826,
                              "Actual Total Time": 105.827,
                              "Actual Rows": 44219,
                              "Actual Loops": 7,
                              "Hash Buckets": 524288,
                              "Original Hash Buckets": 524288,
                              "Hash Batches": 1,
                              "Original Hash Batches": 1,
                              "Peak Memory Usage": 16288,
                              "Plans": [
                                {
                                  "Node Type": "Seq Scan",
                                  "Parent Relationship": "Outer",
                                  "Parallel Aware": true,
                                  "Relation Name": "title",
                                  "Alias": "t",
                                  "Startup Cost": 0.0,
                                  "Total Cost": 43899.32,
                                  "Plan Rows": 73254,
                                  "Plan Width": 4,
                                  "Actual Startup Time": 0.062,
                                  "Actual Total Time": 80.908,
                                  "Actual Rows": 44219,
                                  "Actual Loops": 7,
                                  "Filter": "(production_year < 1966)",
                                  "Rows Removed by Filter": 316968
                                }
                              ]
                            }
                          ]
                        }
                      ]
                    }
                  ]
                }
              ]
            }
          ]
        }
      ]
    },
    "Planning Time": 1.308,
    "Triggers": [],
    "Execution Time": 3768.044
  }
]