{
  "Plan": {
    "Node Type": "Aggregate",
    "Strategy": "Plain",
    "Partial Mode": "Finalize",
    "Parallel Aware": false,
    "Startup Cost": 32312.41,
    "Total Cost": 32312.42,
    "Plan Rows": 1,
    "Plan Width": 8,
    "Actual Startup Time": 34.503,
    "Actual Total Time": 38.266,
    "Actual Rows": 1,
    "Actual Loops": 1,
    "Plans": [
      {
        "Node Type": "Gather",
        "Parent Relationship": "Outer",
        "Parallel Aware": false,
        "Startup Cost": 32312.29,
        "Total Cost": 32312.4,
        "Plan Rows": 1,
        "Plan Width": 8,
        "Actual Startup Time": 34.232,
        "Actual Total Time": 38.259,
        "Actual Rows": 2,
        "Actual Loops": 1,
        "Workers Planned": 1,
        "Workers Launched": 1,
        "Single Copy": false,
        "Plans": [
          {
            "Node Type": "Aggregate",
            "Strategy": "Plain",
            "Partial Mode": "Partial",
            "Parent Relationship": "Outer",
            "Parallel Aware": false,
            "Startup Cost": 31312.29,
            "Total Cost": 31312.3,
            "Plan Rows": 1,
            "Plan Width": 8,
            "Actual Startup Time": 28.15,
            "Actual Total Time": 28.152,
            "Actual Rows": 1,
            "Actual Loops": 2,
            "Plans": [
              {
                "Node Type": "Nested Loop",
                "Parent Relationship": "Outer",
                "Parallel Aware": false,
                "Join Type": "Inner",
                "Startup Cost": 99.92,
                "Total Cost": 31312.18,
                "Plan Rows": 45,
                "Plan Width": 0,
                "Actual Startup Time": 6.135,
                "Actual Total Time": 28.131,
                "Actual Rows": 35,
                "Actual Loops": 2,
                "Inner Unique": true,
                "Plans": [
                  {
                    "Node Type": "Bitmap Heap Scan",
                    "Parent Relationship": "Outer",
                    "Parallel Aware": true,
                    "Relation Name": "movie_keyword",
                    "Alias": "mk",
                    "Startup Cost": 99.49,
                    "Total Cost": 11584.6,
                    "Plan Rows": 2661,
                    "Plan Width": 4,
                    "Actual Startup Time": 2.507,
                    "Actual Total Time": 10.052,
                    "Actual Rows": 1832,
                    "Actual Loops": 2,
                    "Recheck Cond": "(keyword_id = 3518)",
                    "Rows Removed by Index Recheck": 0,
                    "Exact Heap Blocks": 2995,
                    "Lossy Heap Blocks": 0,
                    "Plans": [
                      {
                        "Node Type": "Bitmap Index Scan",
                        "Parent Relationship": "Outer",
                        "Parallel Aware": false,
                        "Index Name": "keyword_id_movie_keyword",
                        "Startup Cost": 0.0,
                        "Total Cost": 98.36,
                        "Plan Rows": 4524,
                        "Plan Width": 0,
                        "Actual Startup Time": 3.159,
                        "Actual Total Time": 3.159,
                        "Actual Rows": 3664,
                        "Actual Loops": 1,
                        "Index Cond": "(keyword_id = 3518)"
                      }
                    ]
                  },
                  {
                    "Node Type": "Index Scan",
                    "Parent Relationship": "Inner",
                    "Parallel Aware": false,
                    "Scan Direction": "Forward",
                    "Index Name": "title_pkey",
                    "Relation Name": "title",
                    "Alias": "t",
                    "Startup Cost": 0.43,
                    "Total Cost": 7.41,
                    "Plan Rows": 1,
                    "Plan Width": 4,
                    "Actual Startup Time": 0.009,
                    "Actual Total Time": 0.009,
                    "Actual Rows": 0,
                    "Actual Loops": 3664,
                    "Index Cond": "(id = mk.movie_id)",
                    "Rows Removed by Index Recheck": 0,
                    "Filter": "((kind_id = 1) AND (production_year = 2011))",
                    "Rows Removed by Filter": 1
                  }
                ]
              }
            ]
          }
        ]
      }
    ]
  },
  "Planning Time": 0.498,
  "Triggers": [],
  "Execution Time": 38.353
}