[
  {
    "Plan": {
      "Node Type": "Aggregate",
      "Strategy": "Plain",
      "Partial Mode": "Finalize",
      "Parallel Aware": false,
      "Startup Cost": 132401.29,
      "Total Cost": 132401.3,
      "Plan Rows": 1,
      "Plan Width": 8,
      "Actual Startup Time": 938.11,
      "Actual Total Time": 966.923,
      "Actual Rows": 1,
      "Actual Loops": 1,
      "Plans": [
        {
          "Node Type": "Gather",
          "Parent Relationship": "Outer",
          "Parallel Aware": false,
          "Startup Cost": 132400.97,
          "Total Cost": 132401.28,
          "Plan Rows": 3,
          "Plan Width": 8,
          "Actual Startup Time": 926.716,
          "Actual Total Time": 966.913,
          "Actual Rows": 4,
          "Actual Loops": 1,
          "Workers Planned": 3,
          "Workers Launched": 3,
          "Single Copy": false,
          "Plans": [
            {
              "Node Type": "Aggregate",
              "Strategy": "Plain",
              "Partial Mode": "Partial",
              "Parent Relationship": "Outer",
              "Parallel Aware": false,
              "Startup Cost": 131400.97,
              "Total Cost": 131400.98,
              "Plan Rows": 1,
              "Plan Width": 8,
              "Actual Startup Time": 917.867,
              "Actual Total Time": 917.873,
              "Actual Rows": 1,
              "Actual Loops": 4,
              "Plans": [
                {
                  "Node Type": "Hash Join",
                  "Parent Relationship": "Outer",
                  "Parallel Aware": true,
                  "Join Type": "Inner",
                  "Startup Cost": 85410.96,
                  "Total Cost": 130942.86,
                  "Plan Rows": 183245,
                  "Plan Width": 0,
                  "Actual Startup Time": 667.254,
                  "Actual Total Time": 888.597,
                  "Actual Rows": 662744,
                  "Actual Loops": 4,
                  "Inner Unique": false,
                  "Hash Cond": "(mk.movie_id = t.id)",
                  "Plans": [
                    {
                      "Node Type": "Seq Scan",
                      "Parent Relationship": "Outer",
                      "Parallel Aware": true,
                      "Relation Name": "movie_keyword",
                      "Alias": "mk",
                      "Startup Cost": 0.0,
                      "Total Cost": 42695.65,
                      "Plan Rows": 598703,
                      "Plan Width": 4,
                      "Actual Startup Time": 0.053,
                      "Actual Total Time": 103.937,
                      "Actual Rows": 465137,
                      "Actual Loops": 4,
                      "Filter": "(keyword_id < 3116)",
                      "Rows Removed by Filter": 665846
                    },
                    {
                      "Node Type": "Hash",
                      "Parent Relationship": "Inner",
                      "Parallel Aware": true,
                      "Startup Cost": 82290.5,
                      "Total Cost": 82290.5,
                      "Plan Rows": 249637,
                      "Plan Width": 8,
                      "Actual Startup Time": 662.156,
                      "Actual Total Time": 662.161,
                      "Actual Rows": 246733,
                      "Actual Loops": 4,
                      "Hash Buckets": 1048576,
                      "Original Hash Buckets": 1048576,
                      "Hash Batches": 1,
                      "Original Hash Batches": 1,
                      "Peak Memory Usage": 46848,
                      "Plans": [
                        {
                          "Node Type": "Hash Join",
                          "Parent Relationship": "Outer",
                          "Parallel Aware": true,
                          "Join Type": "Inner",
                          "Startup Cost": 50220.38,
                          "Total Cost": 82290.5,
                          "Plan Rows": 249637,
                          "Plan Width": 8,
                          "Actual Startup Time": 427.742,
                          "Actual Total Time": 573.871,
                          "Actual Rows": 246733,
                          "Actual Loops": 4,
                          "Inner Unique": true,
                          "Hash Cond": "(mc.movie_id = t.id)",
                          "Plans": [
                            {
                              "Node Type": "Seq Scan",
                              "Parent Relationship": "Outer",
                              "Parallel Aware": true,
                              "Relation Name": "movie_companies",
                              "Alias": "mc",
                              "Startup Cost": 0.0,
                              "Total Cost": 31414.82,
                              "Plan Rows": 249637,
                              "Plan Width": 4,
                              "Actual Startup Time": 33.936,
                              "Actual Total Time": 75.757,
                              "Actual Rows": 246733,
                              "Actual Loops": 4,
                              "Filter": "((company_id > 7556) AND (company_type_id = 2))",
                              "Rows Removed by Filter": 405549
                            },
                            {
                              "Node Type": "Hash",
                              "Parent Relationship": "Inner",
                              "Parallel Aware": true,
                              "Startup Cost": 42319.06,
                              "Total Cost": 42319.06,
                              "Plan Rows": 632106,
                              "Plan Width": 4,
                              "Actual Startup Time": 383.945,
                              "Actual Total Time": 383.947,
                              "Actual Rows": 632078,
                              "Actual Loops": 4,
                              "Hash Buckets": 4194304,
                              "Original Hash Buckets": 4194304,
                              "Hash Batches": 1,
                              "Original Hash Batches": 1,
                              "Peak Memory Usage": 131712,
                              "Plans": [
                                {
                                  "Node Type": "Seq Scan",
                                  "Parent Relationship": "Outer",
                                  "Parallel Aware": true,
                                  "Relation Name": "title",
                                  "Alias": "t",
                                  "Startup Cost": 0.0,
                                  "Total Cost": 42319.06,
                                  "Plan Rows": 632106,
                                  "Plan Width": 4,
                                  "Actual Startup Time": 0.049,
                                  "Actual Total Time": 106.481,
                                  "Actual Rows": 632078,
                                  "Actual Loops": 4
                                }
                              ]
                            }
                          ]
                        }
                      ]
                    }
                  ]
                }
              ]
            }
          ]
        }
      ]
    },
    "Planning Time": 1.595,
    "Triggers": [],
    "Execution Time": 967.007
  }
]