[
  {
    "Plan": {
      "Node Type": "Aggregate",
      "Strategy": "Plain",
      "Partial Mode": "Finalize",
      "Parallel Aware": false,
      "Startup Cost": 33023.44,
      "Total Cost": 33023.45,
      "Plan Rows": 1,
      "Plan Width": 8,
      "Actual Startup Time": 92.645,
      "Actual Total Time": 100.23,
      "Actual Rows": 1,
      "Actual Loops": 1,
      "Plans": [
        {
          "Node Type": "Gather",
          "Parent Relationship": "Outer",
          "Parallel Aware": false,
          "Startup Cost": 33023.12,
          "Total Cost": 33023.43,
          "Plan Rows": 3,
          "Plan Width": 8,
          "Actual Startup Time": 92.541,
          "Actual Total Time": 100.223,
          "Actual Rows": 4,
          "Actual Loops": 1,
          "Workers Planned": 3,
          "Workers Launched": 3,
          "Single Copy": false,
          "Plans": [
            {
              "Node Type": "Aggregate",
              "Strategy": "Plain",
              "Partial Mode": "Partial",
              "Parent Relationship": "Outer",
              "Parallel Aware": false,
              "Startup Cost": 32023.12,
              "Total Cost": 32023.13,
              "Plan Rows": 1,
              "Plan Width": 8,
              "Actual Startup Time": 87.208,
              "Actual Total Time": 87.21,
              "Actual Rows": 1,
              "Actual Loops": 4,
              "Plans": [
                {
                  "Node Type": "Seq Scan",
                  "Parent Relationship": "Outer",
                  "Parallel Aware": true,
                  "Relation Name": "movie_companies",
                  "Alias": "mc",
                  "Startup Cost": 0.0,
                  "Total Cost": 31414.82,
                  "Plan Rows": 243320,
                  "Plan Width": 0,
                  "Actual Startup Time": 42.236,
                  "Actual Total Time": 77.271,
                  "Actual Rows": 240870,
                  "Actual Loops": 4,
                  "Filter": "((company_id > 8639) AND (company_type_id = 2))",
                  "Rows Removed by Filter": 411413
                }
              ]
            }
          ]
        }
      ]
    },
    "Planning Time": 0.155,
    "Triggers": [],
    "Execution Time": 100.271
  }
]