{
  "Plan": {
    "Node Type": "Aggregate",
    "Strategy": "Plain",
    "Partial Mode": "Finalize",
    "Parallel Aware": false,
    "Startup Cost": 129122.19,
    "Total Cost": 129122.2,
    "Plan Rows": 1,
    "Plan Width": 8,
    "Actual Startup Time": 594.234,
    "Actual Total Time": 611.496,
    "Actual Rows": 1,
    "Actual Loops": 1,
    "Plans": [
      {
        "Node Type": "Gather",
        "Parent Relationship": "Outer",
        "Parallel Aware": false,
        "Startup Cost": 129122.07,
        "Total Cost": 129122.18,
        "Plan Rows": 1,
        "Plan Width": 8,
        "Actual Startup Time": 592.656,
        "Actual Total Time": 611.489,
        "Actual Rows": 2,
        "Actual Loops": 1,
        "Workers Planned": 1,
        "Workers Launched": 1,
        "Single Copy": false,
        "Plans": [
          {
            "Node Type": "Aggregate",
            "Strategy": "Plain",
            "Partial Mode": "Partial",
            "Parent Relationship": "Outer",
            "Parallel Aware": false,
            "Startup Cost": 128122.07,
            "Total Cost": 128122.08,
            "Plan Rows": 1,
            "Plan Width": 8,
            "Actual Startup Time": 586.712,
            "Actual Total Time": 586.715,
            "Actual Rows": 1,
            "Actual Loops": 2,
            "Plans": [
              {
                "Node Type": "Hash Join",
                "Parent Relationship": "Outer",
                "Parallel Aware": true,
                "Join Type": "Inner",
                "Startup Cost": 63944.32,
                "Total Cost": 126674.49,
                "Plan Rows": 579034,
                "Plan Width": 0,
                "Actual Startup Time": 252.287,
                "Actual Total Time": 581.084,
                "Actual Rows": 142626,
                "Actual Loops": 2,
                "Inner Unique": true,
                "Hash Cond": "(mk.movie_id = t.id)",
                "Plans": [
                  {
                    "Node Type": "Seq Scan",
                    "Parent Relationship": "Outer",
                    "Parallel Aware": true,
                    "Relation Name": "movie_keyword",
                    "Alias": "mk",
                    "Startup Cost": 0.0,
                    "Total Cost": 57718.19,
                    "Plan Rows": 1909321,
                    "Plan Width": 4,
                    "Actual Startup Time": 0.135,
                    "Actual Total Time": 187.814,
                    "Actual Rows": 1618812,
                    "Actual Loops": 2,
                    "Filter": "(keyword_id > 1661)",
                    "Rows Removed by Filter": 643152
                  },
                  {
                    "Node Type": "Hash",
                    "Parent Relationship": "Inner",
                    "Parallel Aware": true,
                    "Startup Cost": 58306.47,
                    "Total Cost": 58306.47,
                    "Plan Rows": 451028,
                    "Plan Width": 4,
                    "Actual Startup Time": 242.505,
                    "Actual Total Time": 242.506,
                    "Actual Rows": 345352,
                    "Actual Loops": 2,
                    "Hash Buckets": 1048576,
                    "Original Hash Buckets": 1048576,
                    "Hash Batches": 1,
                    "Original Hash Batches": 1,
                    "Peak Memory Usage": 35232,
                    "Plans": [
                      {
                        "Node Type": "Seq Scan",
                        "Parent Relationship": "Outer",
                        "Parallel Aware": true,
                        "Relation Name": "title",
                        "Alias": "t",
                        "Startup Cost": 0.0,
                        "Total Cost": 58306.47,
                        "Plan Rows": 451028,
                        "Plan Width": 4,
                        "Actual Startup Time": 0.035,
                        "Actual Total Time": 155.02,
                        "Actual Rows": 345352,
                        "Actual Loops": 2,
                        "Filter": "((kind_id > 4) AND (production_year < 2004))",
                        "Rows Removed by Filter": 918804
                      }
                    ]
                  }
                ]
              }
            ]
          }
        ]
      }
    ]
  },
  "Planning Time": 0.615,
  "Triggers": [],
  "Execution Time": 611.564
}