[
  {
    "Plan": {
      "Node Type": "Aggregate",
      "Strategy": "Plain",
      "Partial Mode": "Finalize",
      "Parallel Aware": false,
      "Startup Cost": 95264.49,
      "Total Cost": 95264.5,
      "Plan Rows": 1,
      "Plan Width": 8,
      "Actual Startup Time": 550.894,
      "Actual Total Time": 568.357,
      "Actual Rows": 1,
      "Actual Loops": 1,
      "Plans": [
        {
          "Node Type": "Gather",
          "Parent Relationship": "Outer",
          "Parallel Aware": false,
          "Startup Cost": 95264.17,
          "Total Cost": 95264.48,
          "Plan Rows": 3,
          "Plan Width": 8,
          "Actual Startup Time": 539.613,
          "Actual Total Time": 568.347,
          "Actual Rows": 4,
          "Actual Loops": 1,
          "Workers Planned": 3,
          "Workers Launched": 3,
          "Single Copy": false,
          "Plans": [
            {
              "Node Type": "Aggregate",
              "Strategy": "Plain",
              "Partial Mode": "Partial",
              "Parent Relationship": "Outer",
              "Parallel Aware": false,
              "Startup Cost": 94264.17,
              "Total Cost": 94264.18,
              "Plan Rows": 1,
              "Plan Width": 8,
              "Actual Startup Time": 527.063,
              "Actual Total Time": 527.067,
              "Actual Rows": 1,
              "Actual Loops": 4,
              "Plans": [
                {
                  "Node Type": "Hash Join",
                  "Parent Relationship": "Outer",
                  "Parallel Aware": true,
                  "Join Type": "Inner",
                  "Startup Cost": 49710.49,
                  "Total Cost": 93498.76,
                  "Plan Rows": 306164,
                  "Plan Width": 0,
                  "Actual Startup Time": 319.522,
                  "Actual Total Time": 515.717,
                  "Actual Rows": 216892,
                  "Actual Loops": 4,
                  "Inner Unique": true,
                  "Hash Cond": "(mk.movie_id = t.id)",
                  "Plans": [
                    {
                      "Node Type": "Seq Scan",
                      "Parent Relationship": "Outer",
                      "Parallel Aware": true,
                      "Relation Name": "movie_keyword",
                      "Alias": "mk",
                      "Startup Cost": 0.0,
                      "Total Cost": 42695.65,
                      "Plan Rows": 416234,
                      "Plan Width": 4,
                      "Actual Startup Time": 0.032,
                      "Actual Total Time": 114.509,
                      "Actual Rows": 325635,
                      "Actual Loops": 4,
                      "Filter": "(keyword_id < 1700)",
                      "Rows Removed by Filter": 805348
                    },
                    {
                      "Node Type": "Hash",
                      "Parent Relationship": "Inner",
                      "Parallel Aware": true,
                      "Startup Cost": 43898.92,
                      "Total Cost": 43898.92,
                      "Plan Rows": 464926,
                      "Plan Width": 4,
                      "Actual Startup Time": 311.621,
                      "Actual Total Time": 311.622,
                      "Actual Rows": 463202,
                      "Actual Loops": 4,
                      "Hash Buckets": 2097152,
                      "Original Hash Buckets": 2097152,
                      "Hash Batches": 1,
                      "Original Hash Batches": 1,
                      "Peak Memory Usage": 88960,
                      "Plans": [
                        {
                          "Node Type": "Seq Scan",
                          "Parent Relationship": "Outer",
                          "Parallel Aware": true,
                          "Relation Name": "title",
                          "Alias": "t",
                          "Startup Cost": 0.0,
                          "Total Cost": 43898.92,
                          "Plan Rows": 464926,
                          "Plan Width": 4,
                          "Actual Startup Time": 0.042,
                          "Actual Total Time": 127.563,
                          "Actual Rows": 463202,
                          "Actual Loops": 4,
                          "Filter": "(production_year > 1985)",
                          "Rows Removed by Filter": 168876
                        }
                      ]
                    }
                  ]
                }
              ]
            }
          ]
        }
      ]
    },
    "Planning Time": 0.596,
    "Triggers": [],
    "Execution Time": 568.423
  }
]