[
  {
    "Plan": {
      "Node Type": "Aggregate",
      "Strategy": "Plain",
      "Partial Mode": "Finalize",
      "Parallel Aware": false,
      "Startup Cost": 345187.22,
      "Total Cost": 345187.23,
      "Plan Rows": 1,
      "Plan Width": 8,
      "Actual Startup Time": 625.449,
      "Actual Total Time": 694.758,
      "Actual Rows": 1,
      "Actual Loops": 1,
      "Plans": [
        {
          "Node Type": "Gather",
          "Parent Relationship": "Outer",
          "Parallel Aware": false,
          "Startup Cost": 345186.59,
          "Total Cost": 345187.2,
          "Plan Rows": 6,
          "Plan Width": 8,
          "Actual Startup Time": 625.265,
          "Actual Total Time": 694.746,
          "Actual Rows": 7,
          "Actual Loops": 1,
          "Workers Planned": 6,
          "Workers Launched": 6,
          "Single Copy": false,
          "Plans": [
            {
              "Node Type": "Aggregate",
              "Strategy": "Plain",
              "Partial Mode": "Partial",
              "Parent Relationship": "Outer",
              "Parallel Aware": false,
              "Startup Cost": 344186.59,
              "Total Cost": 344186.6,
              "Plan Rows": 1,
              "Plan Width": 8,
              "Actual Startup Time": 620.956,
              "Actual Total Time": 620.957,
              "Actual Rows": 1,
              "Actual Loops": 7,
              "Plans": [
                {
                  "Node Type": "Seq Scan",
                  "Parent Relationship": "Outer",
                  "Parallel Aware": true,
                  "Relation Name": "cast_info",
                  "Alias": "ci",
                  "Startup Cost": 0.0,
                  "Total Cost": 343316.27,
                  "Plan Rows": 348128,
                  "Plan Width": 0,
                  "Actual Startup Time": 336.935,
                  "Actual Total Time": 612.558,
                  "Actual Rows": 193415,
                  "Actual Loops": 7,
                  "Filter": "((person_id < 475738) AND (role_id > 2))",
                  "Rows Removed by Filter": 4984349
                }
              ]
            }
          ]
        }
      ]
    },
    "Planning Time": 0.302,
    "Triggers": [],
    "Execution Time": 694.813
  }
]