[
  {
    "Plan": {
      "Node Type": "Aggregate",
      "Strategy": "Plain",
      "Partial Mode": "Finalize",
      "Parallel Aware": false,
      "Startup Cost": 91161.72,
      "Total Cost": 91161.73,
      "Plan Rows": 1,
      "Plan Width": 8,
      "Actual Startup Time": 375.867,
      "Actual Total Time": 392.664,
      "Actual Rows": 1,
      "Actual Loops": 1,
      "Plans": [
        {
          "Node Type": "Gather",
          "Parent Relationship": "Outer",
          "Parallel Aware": false,
          "Startup Cost": 91161.4,
          "Total Cost": 91161.71,
          "Plan Rows": 3,
          "Plan Width": 8,
          "Actual Startup Time": 373.139,
          "Actual Total Time": 392.648,
          "Actual Rows": 4,
          "Actual Loops": 1,
          "Workers Planned": 3,
          "Workers Launched": 3,
          "Single Copy": false,
          "Plans": [
            {
              "Node Type": "Aggregate",
              "Strategy": "Plain",
              "Partial Mode": "Partial",
              "Parent Relationship": "Outer",
              "Parallel Aware": false,
              "Startup Cost": 90161.4,
              "Total Cost": 90161.41,
              "Plan Rows": 1,
              "Plan Width": 8,
              "Actual Startup Time": 364.979,
              "Actual Total Time": 364.99,
              "Actual Rows": 1,
              "Actual Loops": 4,
              "Plans": [
                {
                  "Node Type": "Hash Join",
                  "Parent Relationship": "Outer",
                  "Parallel Aware": true,
                  "Join Type": "Inner",
                  "Startup Cost": 46341.67,
                  "Total Cost": 89905.75,
                  "Plan Rows": 102261,
                  "Plan Width": 0,
                  "Actual Startup Time": 213.052,
                  "Actual Total Time": 362.073,
                  "Actual Rows": 54279,
                  "Actual Loops": 4,
                  "Inner Unique": true,
                  "Hash Cond": "(mk.movie_id = t.id)",
                  "Plans": [
                    {
                      "Node Type": "Seq Scan",
                      "Parent Relationship": "Outer",
                      "Parallel Aware": true,
                      "Relation Name": "movie_keyword",
                      "Alias": "mk",
                      "Startup Cost": 0.0,
                      "Total Cost": 42695.65,
                      "Plan Rows": 330828,
                      "Plan Width": 4,
                      "Actual Startup Time": 1.444,
                      "Actual Total Time": 104.419,
                      "Actual Rows": 255974,
                      "Actual Loops": 4,
                      "Filter": "(keyword_id > 17534)",
                      "Rows Removed by Filter": 875008
                    },
                    {
                      "Node Type": "Hash",
                      "Parent Relationship": "Inner",
                      "Parallel Aware": true,
                      "Startup Cost": 43899.32,
                      "Total Cost": 43899.32,
                      "Plan Rows": 195388,
                      "Plan Width": 4,
                      "Actual Startup Time": 206.286,
                      "Actual Total Time": 206.288,
                      "Actual Rows": 196232,
                      "Actual Loops": 4,
                      "Hash Buckets": 1048576,
                      "Original Hash Buckets": 1048576,
                      "Hash Batches": 1,
                      "Original Hash Batches": 1,
                      "Peak Memory Usage": 38944,
                      "Plans": [
                        {
                          "Node Type": "Seq Scan",
                          "Parent Relationship": "Outer",
                          "Parallel Aware": true,
                          "Relation Name": "title",
                          "Alias": "t",
                          "Startup Cost": 0.0,
                          "Total Cost": 43899.32,
                          "Plan Rows": 195388,
                          "Plan Width": 4,
                          "Actual Startup Time": 0.054,
                          "Actual Total Time": 118.425,
                          "Actual Rows": 196232,
                          "Actual Loops": 4,
                          "Filter": "(production_year > 2007)",
                          "Rows Removed by Filter": 435846
                        }
                      ]
                    }
                  ]
                }
              ]
            }
          ]
        }
      ]
    },
    "Planning Time": 0.553,
    "Triggers": [],
    "Execution Time": 392.742
  }
]