[
  {
    "Plan": {
      "Node Type": "Aggregate",
      "Strategy": "Plain",
      "Partial Mode": "Finalize",
      "Parallel Aware": false,
      "Startup Cost": 91181.74,
      "Total Cost": 91181.75,
      "Plan Rows": 1,
      "Plan Width": 8,
      "Actual Startup Time": 322.518,
      "Actual Total Time": 338.033,
      "Actual Rows": 1,
      "Actual Loops": 1,
      "Plans": [
        {
          "Node Type": "Gather",
          "Parent Relationship": "Outer",
          "Parallel Aware": false,
          "Startup Cost": 91181.42,
          "Total Cost": 91181.73,
          "Plan Rows": 3,
          "Plan Width": 8,
          "Actual Startup Time": 317.973,
          "Actual Total Time": 338.026,
          "Actual Rows": 4,
          "Actual Loops": 1,
          "Workers Planned": 3,
          "Workers Launched": 3,
          "Single Copy": false,
          "Plans": [
            {
              "Node Type": "Aggregate",
              "Strategy": "Plain",
              "Partial Mode": "Partial",
              "Parent Relationship": "Outer",
              "Parallel Aware": false,
              "Startup Cost": 90181.42,
              "Total Cost": 90181.43,
              "Plan Rows": 1,
              "Plan Width": 8,
              "Actual Startup Time": 309.076,
              "Actual Total Time": 309.078,
              "Actual Rows": 1,
              "Actual Loops": 4,
              "Plans": [
                {
                  "Node Type": "Hash Join",
                  "Parent Relationship": "Outer",
                  "Parallel Aware": true,
                  "Join Type": "Inner",
                  "Startup Cost": 46357.58,
                  "Total Cost": 89923.5,
                  "Plan Rows": 103168,
                  "Plan Width": 0,
                  "Actual Startup Time": 180.153,
                  "Actual Total Time": 306.689,
                  "Actual Rows": 54279,
                  "Actual Loops": 4,
                  "Inner Unique": true,
                  "Hash Cond": "(mk.movie_id = t.id)",
                  "Plans": [
                    {
                      "Node Type": "Seq Scan",
                      "Parent Relationship": "Outer",
                      "Parallel Aware": true,
                      "Relation Name": "movie_keyword",
                      "Alias": "mk",
                      "Startup Cost": 0.0,
                      "Total Cost": 42695.65,
                      "Plan Rows": 331532,
                      "Plan Width": 4,
                      "Actual Startup Time": 1.291,
                      "Actual Total Time": 90.665,
                      "Actual Rows": 255974,
                      "Actual Loops": 4,
                      "Filter": "(keyword_id > 17534)",
                      "Rows Removed by Filter": 875008
                    },
                    {
                      "Node Type": "Hash",
                      "Parent Relationship": "Inner",
                      "Parallel Aware": true,
                      "Startup Cost": 43898.92,
                      "Total Cost": 43898.92,
                      "Plan Rows": 196693,
                      "Plan Width": 4,
                      "Actual Startup Time": 173.624,
                      "Actual Total Time": 173.625,
                      "Actual Rows": 196232,
                      "Actual Loops": 4,
                      "Hash Buckets": 1048576,
                      "Original Hash Buckets": 1048576,
                      "Hash Batches": 1,
                      "Original Hash Batches": 1,
                      "Peak Memory Usage": 38944,
                      "Plans": [
                        {
                          "Node Type": "Seq Scan",
                          "Parent Relationship": "Outer",
                          "Parallel Aware": true,
                          "Relation Name": "title",
                          "Alias": "t",
                          "Startup Cost": 0.0,
                          "Total Cost": 43898.92,
                          "Plan Rows": 196693,
                          "Plan Width": 4,
                          "Actual Startup Time": 0.041,
                          "Actual Total Time": 101.545,
                          "Actual Rows": 196232,
                          "Actual Loops": 4,
                          "Filter": "(production_year > 2007)",
                          "Rows Removed by Filter": 435846
                        }
                      ]
                    }
                  ]
                }
              ]
            }
          ]
        }
      ]
    },
    "Planning Time": 0.538,
    "Triggers": [],
    "Execution Time": 338.095
  }
]