{
  "Plan": {
    "Node Type": "Aggregate",
    "Strategy": "Plain",
    "Partial Mode": "Finalize",
    "Parallel Aware": false,
    "Startup Cost": 110109.71,
    "Total Cost": 110109.72,
    "Plan Rows": 1,
    "Plan Width": 8,
    "Actual Startup Time": 224.729,
    "Actual Total Time": 242.078,
    "Actual Rows": 1,
    "Actual Loops": 1,
    "Plans": [
      {
        "Node Type": "Gather",
        "Parent Relationship": "Outer",
        "Parallel Aware": false,
        "Startup Cost": 110109.59,
        "Total Cost": 110109.7,
        "Plan Rows": 1,
        "Plan Width": 8,
        "Actual Startup Time": 224.294,
        "Actual Total Time": 242.071,
        "Actual Rows": 2,
        "Actual Loops": 1,
        "Workers Planned": 1,
        "Workers Launched": 1,
        "Single Copy": false,
        "Plans": [
          {
            "Node Type": "Aggregate",
            "Strategy": "Plain",
            "Partial Mode": "Partial",
            "Parent Relationship": "Outer",
            "Parallel Aware": false,
            "Startup Cost": 109109.59,
            "Total Cost": 109109.6,
            "Plan Rows": 1,
            "Plan Width": 8,
            "Actual Startup Time": 220.635,
            "Actual Total Time": 220.638,
            "Actual Rows": 1,
            "Actual Loops": 2,
            "Plans": [
              {
                "Node Type": "Nested Loop",
                "Parent Relationship": "Outer",
                "Parallel Aware": false,
                "Join Type": "Inner",
                "Startup Cost": 61151.36,
                "Total Cost": 109072.13,
                "Plan Rows": 14986,
                "Plan Width": 0,
                "Actual Startup Time": 161.247,
                "Actual Total Time": 220.26,
                "Actual Rows": 5478,
                "Actual Loops": 2,
                "Inner Unique": false,
                "Plans": [
                  {
                    "Node Type": "Hash Join",
                    "Parent Relationship": "Outer",
                    "Parallel Aware": true,
                    "Join Type": "Inner",
                    "Startup Cost": 61150.93,
                    "Total Cost": 86430.27,
                    "Plan Rows": 2563,
                    "Plan Width": 8,
                    "Actual Startup Time": 161.186,
                    "Actual Total Time": 205.147,
                    "Actual Rows": 722,
                    "Actual Loops": 2,
                    "Inner Unique": true,
                    "Hash Cond": "(mk.movie_id = t.id)",
                    "Plans": [
                      {
                        "Node Type": "Bitmap Heap Scan",
                        "Parent Relationship": "Outer",
                        "Parallel Aware": true,
                        "Relation Name": "movie_keyword",
                        "Alias": "mk",
                        "Startup Cost": 1971.36,
                        "Total Cost": 27107.46,
                        "Plan Rows": 54568,
                        "Plan Width": 4,
                        "Actual Startup Time": 10.453,
                        "Actual Total Time": 42.226,
                        "Actual Rows": 52229,
                        "Actual Loops": 2,
                        "Recheck Cond": "(keyword_id < 107)",
                        "Rows Removed by Index Recheck": 0,
                        "Exact Heap Blocks": 14666,
                        "Lossy Heap Blocks": 0,
                        "Plans": [
                          {
                            "Node Type": "Bitmap Index Scan",
                            "Parent Relationship": "Outer",
                            "Parallel Aware": false,
                            "Index Name": "keyword_id_movie_keyword",
                            "Startup Cost": 0.0,
                            "Total Cost": 1948.17,
                            "Plan Rows": 92765,
                            "Plan Width": 0,
                            "Actual Startup Time": 7.255,
                            "Actual Total Time": 7.256,
                            "Actual Rows": 104458,
                            "Actual Loops": 1,
                            "Index Cond": "(keyword_id < 107)"
                          }
                        ]
                      },
                      {
                        "Node Type": "Hash",
                        "Parent Relationship": "Inner",
                        "Parallel Aware": true,
                        "Startup Cost": 58306.47,
                        "Total Cost": 58306.47,
                        "Plan Rows": 69848,
                        "Plan Width": 4,
                        "Actual Startup Time": 149.559,
                        "Actual Total Time": 149.559,
                        "Actual Rows": 62374,
                        "Actual Loops": 2,
                        "Hash Buckets": 131072,
                        "Original Hash Buckets": 131072,
                        "Hash Batches": 1,
                        "Original Hash Batches": 1,
                        "Peak Memory Usage": 5952,
                        "Plans": [
                          {
                            "Node Type": "Seq Scan",
                            "Parent Relationship": "Outer",
                            "Parallel Aware": true,
                            "Relation Name": "title",
                            "Alias": "t",
                            "Startup Cost": 0.0,
                            "Total Cost": 58306.47,
                            "Plan Rows": 69848,
                            "Plan Width": 4,
                            "Actual Startup Time": 0.021,
                            "Actual Total Time": 133.64,
                            "Actual Rows": 62374,
                            "Actual Loops": 2,
                            "Filter": "((kind_id > 1) AND (production_year = 2012))",
                            "Rows Removed by Filter": 1201782
                          }
                        ]
                      }
                    ]
                  },
                  {
                    "Node Type": "Index Only Scan",
                    "Parent Relationship": "Inner",
                    "Parallel Aware": false,
                    "Scan Direction": "Forward",
                    "Index Name": "movie_id_movie_info",
                    "Relation Name": "movie_info",
                    "Alias": "mi",
                    "Startup Cost": 0.43,
                    "Total Cost": 8.41,
                    "Plan Rows": 42,
                    "Plan Width": 4,
                    "Actual Startup Time": 0.009,
                    "Actual Total Time": 0.02,
                    "Actual Rows": 8,
                    "Actual Loops": 1445,
                    "Index Cond": "(movie_id = t.id)",
                    "Rows Removed by Index Recheck": 0,
                    "Heap Fetches": 10957
                  }
                ]
              }
            ]
          }
        ]
      }
    ]
  },
  "Planning Time": 0.613,
  "Triggers": [],
  "Execution Time": 242.155
}