[
    {
        "Bao": {
            "Bao prediction": "NaN",
            "Bao recommended hint": "(no hint)"
        }
    },
    {
        "Plan": {
            "Node Type": "Aggregate",
            "Strategy": "Plain",
            "Partial Mode": "Simple",
            "Parallel Aware": false,
            "Startup Cost": 28000.97,
            "Total Cost": 28000.98,
            "Plan Rows": 1,
            "Plan Width": 8,
            "Actual Startup Time": 44.387,
            "Actual Total Time": 44.388,
            "Actual Rows": 1,
            "Actual Loops": 1,
            "Output": [
                "count(*)"
            ],
            "Plans": [
                {
                    "Node Type": "Bitmap Heap Scan",
                    "Parent Relationship": "Outer",
                    "Parallel Aware": false,
                    "Relation Name": "movie_keyword",
                    "Schema": "public",
                    "Alias": "mk",
                    "Startup Cost": 2078.93,
                    "Total Cost": 27756.3,
                    "Plan Rows": 97870,
                    "Plan Width": 0,
                    "Actual Startup Time": 8.831,
                    "Actual Total Time": 40.392,
                    "Actual Rows": 91609,
                    "Actual Loops": 1,
                    "Recheck Cond": "(mk.keyword_id > 84486)",
                    "Rows Removed by Index Recheck": 0,
                    "Exact Heap Blocks": 16746,
                    "Lossy Heap Blocks": 0,
                    "Plans": [
                        {
                            "Node Type": "Bitmap Index Scan",
                            "Parent Relationship": "Outer",
                            "Parallel Aware": false,
                            "Index Name": "keyword_id_movie_keyword",
                            "Startup Cost": 0.0,
                            "Total Cost": 2054.46,
                            "Plan Rows": 97870,
                            "Plan Width": 0,
                            "Actual Startup Time": 6.247,
                            "Actual Total Time": 6.247,
                            "Actual Rows": 91609,
                            "Actual Loops": 1,
                            "Index Cond": "(mk.keyword_id > 84486)"
                        }
                    ]
                }
            ]
        },
        "Planning Time": 175.312,
        "Triggers": [],
        "Execution Time": 44.434
    }
]