[
    {
        "Bao": {
            "Bao prediction": "NaN",
            "Bao recommended hint": "(no hint)"
        }
    },
    {
        "Plan": {
            "Node Type": "Aggregate",
            "Strategy": "Plain",
            "Partial Mode": "Finalize",
            "Parallel Aware": false,
            "Startup Cost": 32036.62,
            "Total Cost": 32036.63,
            "Plan Rows": 1,
            "Plan Width": 8,
            "Actual Startup Time": 77.241,
            "Actual Total Time": 81.067,
            "Actual Rows": 1,
            "Actual Loops": 1,
            "Output": [
                "count(*)"
            ],
            "Plans": [
                {
                    "Node Type": "Gather",
                    "Parent Relationship": "Outer",
                    "Parallel Aware": false,
                    "Startup Cost": 32036.31,
                    "Total Cost": 32036.62,
                    "Plan Rows": 3,
                    "Plan Width": 8,
                    "Actual Startup Time": 77.095,
                    "Actual Total Time": 81.059,
                    "Actual Rows": 4,
                    "Actual Loops": 1,
                    "Output": [
                        "(PARTIAL count(*))"
                    ],
                    "Workers Planned": 3,
                    "Workers Launched": 3,
                    "Single Copy": false,
                    "Plans": [
                        {
                            "Node Type": "Aggregate",
                            "Strategy": "Plain",
                            "Partial Mode": "Partial",
                            "Parent Relationship": "Outer",
                            "Parallel Aware": false,
                            "Startup Cost": 31036.31,
                            "Total Cost": 31036.32,
                            "Plan Rows": 1,
                            "Plan Width": 8,
                            "Actual Startup Time": 68.483,
                            "Actual Total Time": 68.484,
                            "Actual Rows": 1,
                            "Actual Loops": 4,
                            "Output": [
                                "PARTIAL count(*)"
                            ],
                            "Workers": [
                                {
                                    "Worker Number": 0,
                                    "Actual Startup Time": 65.642,
                                    "Actual Total Time": 65.643,
                                    "Actual Rows": 1,
                                    "Actual Loops": 1
                                },
                                {
                                    "Worker Number": 1,
                                    "Actual Startup Time": 65.588,
                                    "Actual Total Time": 65.589,
                                    "Actual Rows": 1,
                                    "Actual Loops": 1
                                },
                                {
                                    "Worker Number": 2,
                                    "Actual Startup Time": 65.847,
                                    "Actual Total Time": 65.849,
                                    "Actual Rows": 1,
                                    "Actual Loops": 1
                                }
                            ],
                            "Plans": [
                                {
                                    "Node Type": "Bitmap Heap Scan",
                                    "Parent Relationship": "Outer",
                                    "Parallel Aware": true,
                                    "Relation Name": "movie_companies",
                                    "Schema": "public",
                                    "Alias": "mc",
                                    "Startup Cost": 9846.74,
                                    "Total Cost": 30848.38,
                                    "Plan Rows": 75171,
                                    "Plan Width": 0,
                                    "Actual Startup Time": 20.14,
                                    "Actual Total Time": 61.088,
                                    "Actual Rows": 115028,
                                    "Actual Loops": 4,
                                    "Recheck Cond": "(mc.company_id > 76576)",
                                    "Rows Removed by Index Recheck": 0,
                                    "Filter": "(mc.company_type_id > 1)",
                                    "Rows Removed by Filter": 0,
                                    "Exact Heap Blocks": 3657,
                                    "Lossy Heap Blocks": 0,
                                    "Workers": [
                                        {
                                            "Worker Number": 0,
                                            "Actual Startup Time": 17.36,
                                            "Actual Total Time": 58.778,
                                            "Actual Rows": 78224,
                                            "Actual Loops": 1
                                        },
                                        {
                                            "Worker Number": 1,
                                            "Actual Startup Time": 17.36,
                                            "Actual Total Time": 58.965,
                                            "Actual Rows": 76226,
                                            "Actual Loops": 1
                                        },
                                        {
                                            "Worker Number": 2,
                                            "Actual Startup Time": 17.559,
                                            "Actual Total Time": 59.143,
                                            "Actual Rows": 76853,
                                            "Actual Loops": 1
                                        }
                                    ],
                                    "Plans": [
                                        {
                                            "Node Type": "Bitmap Index Scan",
                                            "Parent Relationship": "Outer",
                                            "Parallel Aware": false,
                                            "Index Name": "company_id_movie_companies",
                                            "Startup Cost": 0.0,
                                            "Total Cost": 9788.48,
                                            "Plan Rows": 457073,
                                            "Plan Width": 0,
                                            "Actual Startup Time": 27.394,
                                            "Actual Total Time": 27.394,
                                            "Actual Rows": 460112,
                                            "Actual Loops": 1,
                                            "Index Cond": "(mc.company_id > 76576)"
                                        }
                                    ]
                                }
                            ]
                        }
                    ]
                }
            ]
        },
        "Planning Time": 192.51,
        "Triggers": [],
        "Execution Time": 81.116
    }
]