[
  {
    "Plan": {
      "Node Type": "Aggregate",
      "Strategy": "Plain",
      "Partial Mode": "Finalize",
      "Parallel Aware": false,
      "Startup Cost": 44961.24,
      "Total Cost": 44961.25,
      "Plan Rows": 1,
      "Plan Width": 8,
      "Actual Startup Time": 137.791,
      "Actual Total Time": 148.277,
      "Actual Rows": 1,
      "Actual Loops": 1,
      "Plans": [
        {
          "Node Type": "Gather",
          "Parent Relationship": "Outer",
          "Parallel Aware": false,
          "Startup Cost": 44960.92,
          "Total Cost": 44961.23,
          "Plan Rows": 3,
          "Plan Width": 8,
          "Actual Startup Time": 137.668,
          "Actual Total Time": 148.269,
          "Actual Rows": 4,
          "Actual Loops": 1,
          "Workers Planned": 3,
          "Workers Launched": 3,
          "Single Copy": false,
          "Plans": [
            {
              "Node Type": "Aggregate",
              "Strategy": "Plain",
              "Partial Mode": "Partial",
              "Parent Relationship": "Outer",
              "Parallel Aware": false,
              "Startup Cost": 43960.92,
              "Total Cost": 43960.93,
              "Plan Rows": 1,
              "Plan Width": 8,
              "Actual Startup Time": 131.371,
              "Actual Total Time": 131.372,
              "Actual Rows": 1,
              "Actual Loops": 4,
              "Plans": [
                {
                  "Node Type": "Seq Scan",
                  "Parent Relationship": "Outer",
                  "Parallel Aware": true,
                  "Relation Name": "movie_keyword",
                  "Alias": "mk",
                  "Startup Cost": 0.0,
                  "Total Cost": 42695.65,
                  "Plan Rows": 506106,
                  "Plan Width": 0,
                  "Actual Startup Time": 0.911,
                  "Actual Total Time": 111.392,
                  "Actual Rows": 394296,
                  "Actual Loops": 4,
                  "Filter": "(keyword_id > 9897)",
                  "Rows Removed by Filter": 736686
                }
              ]
            }
          ]
        }
      ]
    },
    "Planning Time": 0.138,
    "Triggers": [],
    "Execution Time": 148.387
  }
]