[
  {
    "Plan": {
      "Node Type": "Aggregate",
      "Strategy": "Plain",
      "Partial Mode": "Finalize",
      "Parallel Aware": false,
      "Startup Cost": 94147.53,
      "Total Cost": 94147.54,
      "Plan Rows": 1,
      "Plan Width": 8,
      "Actual Startup Time": 390.993,
      "Actual Total Time": 409.035,
      "Actual Rows": 1,
      "Actual Loops": 1,
      "Plans": [
        {
          "Node Type": "Gather",
          "Parent Relationship": "Outer",
          "Parallel Aware": false,
          "Startup Cost": 94147.21,
          "Total Cost": 94147.52,
          "Plan Rows": 3,
          "Plan Width": 8,
          "Actual Startup Time": 385.657,
          "Actual Total Time": 409.024,
          "Actual Rows": 4,
          "Actual Loops": 1,
          "Workers Planned": 3,
          "Workers Launched": 3,
          "Single Copy": false,
          "Plans": [
            {
              "Node Type": "Aggregate",
              "Strategy": "Plain",
              "Partial Mode": "Partial",
              "Parent Relationship": "Outer",
              "Parallel Aware": false,
              "Startup Cost": 93147.21,
              "Total Cost": 93147.22,
              "Plan Rows": 1,
              "Plan Width": 8,
              "Actual Startup Time": 377.267,
              "Actual Total Time": 377.27,
              "Actual Rows": 1,
              "Actual Loops": 4,
              "Plans": [
                {
                  "Node Type": "Hash Join",
                  "Parent Relationship": "Outer",
                  "Parallel Aware": true,
                  "Join Type": "Inner",
                  "Startup Cost": 48114.47,
                  "Total Cost": 92583.77,
                  "Plan Rows": 225374,
                  "Plan Width": 0,
                  "Actual Startup Time": 200.297,
                  "Actual Total Time": 375.258,
                  "Actual Rows": 44179,
                  "Actual Loops": 4,
                  "Inner Unique": true,
                  "Hash Cond": "(mk.movie_id = t.id)",
                  "Plans": [
                    {
                      "Node Type": "Seq Scan",
                      "Parent Relationship": "Outer",
                      "Parallel Aware": true,
                      "Relation Name": "movie_keyword",
                      "Alias": "mk",
                      "Startup Cost": 0.0,
                      "Total Cost": 42695.65,
                      "Plan Rows": 675675,
                      "Plan Width": 4,
                      "Actual Startup Time": 0.389,
                      "Actual Total Time": 109.18,
                      "Actual Rows": 523096,
                      "Actual Loops": 4,
                      "Filter": "(keyword_id > 5761)",
                      "Rows Removed by Filter": 607886
                    },
                    {
                      "Node Type": "Hash",
                      "Parent Relationship": "Inner",
                      "Parallel Aware": true,
                      "Startup Cost": 45479.1,
                      "Total Cost": 45479.1,
                      "Plan Rows": 210830,
                      "Plan Width": 4,
                      "Actual Startup Time": 194.628,
                      "Actual Total Time": 194.629,
                      "Actual Rows": 230411,
                      "Actual Loops": 4,
                      "Hash Buckets": 1048576,
                      "Original Hash Buckets": 1048576,
                      "Hash Batches": 1,
                      "Original Hash Batches": 1,
                      "Peak Memory Usage": 44288,
                      "Plans": [
                        {
                          "Node Type": "Seq Scan",
                          "Parent Relationship": "Outer",
                          "Parallel Aware": true,
                          "Relation Name": "title",
                          "Alias": "t",
                          "Startup Cost": 0.0,
                          "Total Cost": 45479.1,
                          "Plan Rows": 210830,
                          "Plan Width": 4,
                          "Actual Startup Time": 0.055,
                          "Actual Total Time": 110.31,
                          "Actual Rows": 230411,
                          "Actual Loops": 4,
                          "Filter": "((production_year > 2000) AND (kind_id = 7))",
                          "Rows Removed by Filter": 401667
                        }
                      ]
                    }
                  ]
                }
              ]
            }
          ]
        }
      ]
    },
    "Planning Time": 0.624,
    "Triggers": [],
    "Execution Time": 409.103
  }
]