[
  {
    "Plan": {
      "Node Type": "Aggregate",
      "Strategy": "Plain",
      "Partial Mode": "Finalize",
      "Parallel Aware": false,
      "Startup Cost": 435717.73,
      "Total Cost": 435717.74,
      "Plan Rows": 1,
      "Plan Width": 8,
      "Actual Startup Time": 1642.577,
      "Actual Total Time": 1706.079,
      "Actual Rows": 1,
      "Actual Loops": 1,
      "Plans": [
        {
          "Node Type": "Gather",
          "Parent Relationship": "Outer",
          "Parallel Aware": false,
          "Startup Cost": 435717.11,
          "Total Cost": 435717.72,
          "Plan Rows": 6,
          "Plan Width": 8,
          "Actual Startup Time": 1628.937,
          "Actual Total Time": 1706.04,
          "Actual Rows": 7,
          "Actual Loops": 1,
          "Workers Planned": 6,
          "Workers Launched": 6,
          "Single Copy": false,
          "Plans": [
            {
              "Node Type": "Aggregate",
              "Strategy": "Plain",
              "Partial Mode": "Partial",
              "Parent Relationship": "Outer",
              "Parallel Aware": false,
              "Startup Cost": 434717.11,
              "Total Cost": 434717.12,
              "Plan Rows": 1,
              "Plan Width": 8,
              "Actual Startup Time": 1619.204,
              "Actual Total Time": 1619.277,
              "Actual Rows": 1,
              "Actual Loops": 7,
              "Plans": [
                {
                  "Node Type": "Hash Join",
                  "Parent Relationship": "Outer",
                  "Parallel Aware": true,
                  "Join Type": "Inner",
                  "Startup Cost": 92564.1,
                  "Total Cost": 431927.47,
                  "Plan Rows": 1115856,
                  "Plan Width": 0,
                  "Actual Startup Time": 329.141,
                  "Actual Total Time": 1581.985,
                  "Actual Rows": 885042,
                  "Actual Loops": 7,
                  "Inner Unique": false,
                  "Hash Cond": "(ci.movie_id = t.id)",
                  "Plans": [
                    {
                      "Node Type": "Seq Scan",
                      "Parent Relationship": "Outer",
                      "Parallel Aware": true,
                      "Relation Name": "cast_info",
                      "Alias": "ci",
                      "Startup Cost": 0.0,
                      "Total Cost": 313106.51,
                      "Plan Rows": 6041951,
                      "Plan Width": 4,
                      "Actual Startup Time": 0.016,
                      "Actual Total Time": 553.237,
                      "Actual Rows": 5177763,
                      "Actual Loops": 7
                    },
                    {
                      "Node Type": "Hash",
                      "Parent Relationship": "Inner",
                      "Parallel Aware": true,
                      "Startup Cost": 90681.19,
                      "Total Cost": 90681.19,
                      "Plan Rows": 150633,
                      "Plan Width": 8,
                      "Actual Startup Time": 327.661,
                      "Actual Total Time": 327.733,
                      "Actual Rows": 38840,
                      "Actual Loops": 7,
                      "Hash Buckets": 524288,
                      "Original Hash Buckets": 524288,
                      "Hash Batches": 1,
                      "Original Hash Batches": 1,
                      "Peak Memory Usage": 14880,
                      "Plans": [
                        {
                          "Node Type": "Hash Join",
                          "Parent Relationship": "Outer",
                          "Parallel Aware": true,
                          "Join Type": "Inner",
                          "Startup Cost": 63143.79,
                          "Total Cost": 90681.19,
                          "Plan Rows": 150633,
                          "Plan Width": 8,
                          "Actual Startup Time": 230.341,
                          "Actual Total Time": 313.662,
                          "Actual Rows": 38840,
                          "Actual Loops": 7,
                          "Inner Unique": true,
                          "Hash Cond": "(mk.movie_id = t.id)",
                          "Plans": [
                            {
                              "Node Type": "Bitmap Heap Scan",
                              "Parent Relationship": "Outer",
                              "Parallel Aware": true,
                              "Relation Name": "movie_keyword",
                              "Alias": "mk",
                              "Startup Cost": 13406.18,
                              "Total Cost": 40408.44,
                              "Plan Rows": 203861,
                              "Plan Width": 4,
                              "Actual Startup Time": 38.883,
                              "Actual Total Time": 87.312,
                              "Actual Rows": 91675,
                              "Actual Loops": 7,
                              "Recheck Cond": "(keyword_id < 498)",
                              "Rows Removed by Index Recheck": 0,
                              "Exact Heap Blocks": 4694,
                              "Lossy Heap Blocks": 0,
                              "Plans": [
                                {
                                  "Node Type": "Bitmap Index Scan",
                                  "Parent Relationship": "Outer",
                                  "Parallel Aware": false,
                                  "Index Name": "keyword_id_movie_keyword",
                                  "Startup Cost": 0.0,
                                  "Total Cost": 13248.19,
                                  "Plan Rows": 631968,
                                  "Plan Width": 0,
                                  "Actual Startup Time": 35.159,
                                  "Actual Total Time": 35.159,
                                  "Actual Rows": 641726,
                                  "Actual Loops": 1,
                                  "Index Cond": "(keyword_id < 498)"
                                }
                              ]
                            },
                            {
                              "Node Type": "Hash",
                              "Parent Relationship": "Inner",
                              "Parallel Aware": true,
                              "Startup Cost": 43899.32,
                              "Total Cost": 43899.32,
                              "Plan Rows": 467063,
                              "Plan Width": 4,
                              "Actual Startup Time": 189.354,
                              "Actual Total Time": 189.356,
                              "Actual Rows": 266498,
                              "Actual Loops": 7,
                              "Hash Buckets": 2097152,
                              "Original Hash Buckets": 2097152,
                              "Hash Batches": 1,
                              "Original Hash Batches": 1,
                              "Peak Memory Usage": 89504,
                              "Plans": [
                                {
                                  "Node Type": "Seq Scan",
                                  "Parent Relationship": "Outer",
                                  "Parallel Aware": true,
                                  "Relation Name": "title",
                                  "Alias": "t",
                                  "Startup Cost": 0.0,
                                  "Total Cost": 43899.32,
                                  "Plan Rows": 467063,
                                  "Plan Width": 4,
                                  "Actual Startup Time": 0.052,
                                  "Actual Total Time": 76.196,
                                  "Actual Rows": 266498,
                                  "Actual Loops": 7,
                                  "Filter": "(kind_id > 1)",
                                  "Rows Removed by Filter": 94689
                                }
                              ]
                            }
                          ]
                        }
                      ]
                    }
                  ]
                }
              ]
            }
          ]
        }
      ]
    },
    "Planning Time": 0.428,
    "Triggers": [],
    "Execution Time": 1706.154
  }
]