[
  {
    "Plan": {
      "Node Type": "Aggregate",
      "Strategy": "Plain",
      "Partial Mode": "Finalize",
      "Parallel Aware": false,
      "Startup Cost": 49602.01,
      "Total Cost": 49602.02,
      "Plan Rows": 1,
      "Plan Width": 64,
      "Actual Startup Time": 3547.511,
      "Actual Total Time": 3697.695,
      "Actual Rows": 1,
      "Actual Loops": 1,
      "Plans": [
        {
          "Node Type": "Gather",
          "Parent Relationship": "Outer",
          "Parallel Aware": false,
          "Startup Cost": 49601.79,
          "Total Cost": 49602.0,
          "Plan Rows": 2,
          "Plan Width": 64,
          "Actual Startup Time": 3546.835,
          "Actual Total Time": 3697.683,
          "Actual Rows": 3,
          "Actual Loops": 1,
          "Workers Planned": 2,
          "Workers Launched": 2,
          "Single Copy": false,
          "Plans": [
            {
              "Node Type": "Aggregate",
              "Strategy": "Plain",
              "Partial Mode": "Partial",
              "Parent Relationship": "Outer",
              "Parallel Aware": false,
              "Startup Cost": 48601.79,
              "Total Cost": 48601.8,
              "Plan Rows": 1,
              "Plan Width": 64,
              "Actual Startup Time": 3536.4,
              "Actual Total Time": 3536.405,
              "Actual Rows": 1,
              "Actual Loops": 3,
              "Plans": [
                {
                  "Node Type": "Nested Loop",
                  "Parent Relationship": "Outer",
                  "Parallel Aware": false,
                  "Join Type": "Inner",
                  "Startup Cost": 6.72,
                  "Total Cost": 48601.54,
                  "Plan Rows": 50,
                  "Plan Width": 32,
                  "Actual Startup Time": 2.674,
                  "Actual Total Time": 3528.23,
                  "Actual Rows": 28545,
                  "Actual Loops": 3,
                  "Inner Unique": true,
                  "Plans": [
                    {
                      "Node Type": "Hash Join",
                      "Parent Relationship": "Outer",
                      "Parallel Aware": false,
                      "Join Type": "Inner",
                      "Startup Cost": 6.29,
                      "Total Cost": 47834.36,
                      "Plan Rows": 1685,
                      "Plan Width": 25,
                      "Actual Startup Time": 2.472,
                      "Actual Total Time": 3320.12,
                      "Actual Rows": 28545,
                      "Actual Loops": 3,
                      "Inner Unique": true,
                      "Hash Cond": "(pi.info_type_id = it2.id)",
                      "Plans": [
                        {
                          "Node Type": "Nested Loop",
                          "Parent Relationship": "Outer",
                          "Parallel Aware": false,
                          "Join Type": "Inner",
                          "Startup Cost": 3.85,
                          "Total Cost": 47572.57,
                          "Plan Rows": 95230,
                          "Plan Width": 29,
                          "Actual Startup Time": 1.86,
                          "Actual Total Time": 3287.368,
                          "Actual Rows": 289923,
                          "Actual Loops": 3,
                          "Inner Unique": false,
                          "Plans": [
                            {
                              "Node Type": "Nested Loop",
                              "Parent Relationship": "Outer",
                              "Parallel Aware": false,
                              "Join Type": "Inner",
                              "Startup Cost": 3.42,
                              "Total Cost": 23653.27,
                              "Plan Rows": 24988,
                              "Plan Width": 21,
                              "Actual Startup Time": 0.803,
                              "Actual Total Time": 1160.311,
                              "Actual Rows": 188185,
                              "Actual Loops": 3,
                              "Inner Unique": false,
                              "Plans": [
                                {
                                  "Node Type": "Nested Loop",
                                  "Parent Relationship": "Outer",
                                  "Parallel Aware": false,
                                  "Join Type": "Inner",
                                  "Startup Cost": 2.86,
                                  "Total Cost": 19981.07,
                                  "Plan Rows": 1744,
                                  "Plan Width": 25,
                                  "Actual Startup Time": 0.517,
                                  "Actual Total Time": 334.609,
                                  "Actual Rows": 8530,
                                  "Actual Loops": 3,
                                  "Inner Unique": true,
                                  "Plans": [
                                    {
                                      "Node Type": "Hash Join",
                                      "Parent Relationship": "Outer",
                                      "Parallel Aware": false,
                                      "Join Type": "Inner",
                                      "Startup Cost": 2.43,
                                      "Total Cost": 18536.88,
                                      "Plan Rows": 1744,
                                      "Plan Width": 4,
                                      "Actual Startup Time": 0.325,
                                      "Actual Total Time": 244.403,
                                      "Actual Rows": 8530,
                                      "Actual Loops": 3,
                                      "Inner Unique": true,
                                      "Hash Cond": "(mii.info_type_id = it1.id)",
                                      "Plans": [
                                        {
                                          "Node Type": "Seq Scan",
                                          "Parent Relationship": "Outer",
                                          "Parallel Aware": true,
                                          "Relation Name": "movie_info_idx",
                                          "Alias": "mii",
                                          "Startup Cost": 0.0,
                                          "Total Cost": 17997.76,
                                          "Plan Rows": 197064,
                                          "Plan Width": 8,
                                          "Actual Startup Time": 0.049,
                                          "Actual Total Time": 227.744,
                                          "Actual Rows": 177692,
                                          "Actual Loops": 3,
                                          "Filter": "((info ~~* '0%'::text) OR (info ~~* '1%'::text) OR (info ~~* '2%'::text))",
                                          "Rows Removed by Filter": 282320
                                        },
                                        {
                                          "Node Type": "Hash",
                                          "Parent Relationship": "Inner",
                                          "Parallel Aware": false,
                                          "Startup Cost": 2.41,
                                          "Total Cost": 2.41,
                                          "Plan Rows": 1,
                                          "Plan Width": 4,
                                          "Actual Startup Time": 0.08,
                                          "Actual Total Time": 0.081,
                                          "Actual Rows": 1,
                                          "Actual Loops": 3,
                                          "Hash Buckets": 1024,
                                          "Original Hash Buckets": 1024,
                                          "Hash Batches": 1,
                                          "Original Hash Batches": 1,
                                          "Peak Memory Usage": 9,
                                          "Plans": [
                                            {
                                              "Node Type": "Seq Scan",
                                              "Parent Relationship": "Outer",
                                              "Parallel Aware": false,
                                              "Relation Name": "info_type",
                                              "Alias": "it1",
                                              "Startup Cost": 0.0,
                                              "Total Cost": 2.41,
                                              "Plan Rows": 1,
                                              "Plan Width": 4,
                                              "Actual Startup Time": 0.062,
                                              "Actual Total Time": 0.071,
                                              "Actual Rows": 1,
                                              "Actual Loops": 3,
                                              "Filter": "((info)::text ~~* 'rating'::text)",
                                              "Rows Removed by Filter": 112
                                            }
                                          ]
                                        }
                                      ]
                                    },
                                    {
                                      "Node Type": "Index Scan",
                                      "Parent Relationship": "Inner",
                                      "Parallel Aware": false,
                                      "Scan Direction": "Forward",
                                      "Index Name": "title_pkey",
                                      "Relation Name": "title",
                                      "Alias": "t",
                                      "Startup Cost": 0.43,
                                      "Total Cost": 0.83,
                                      "Plan Rows": 1,
                                      "Plan Width": 21,
                                      "Actual Startup Time": 0.01,
                                      "Actual Total Time": 0.01,
                                      "Actual Rows": 1,
                                      "Actual Loops": 25591,
                                      "Index Cond": "(id = mii.movie_id)",
                                      "Rows Removed by Index Recheck": 0
                                    }
                                  ]
                                },
                                {
                                  "Node Type": "Index Scan",
                                  "Parent Relationship": "Inner",
                                  "Parallel Aware": false,
                                  "Scan Direction": "Forward",
                                  "Index Name": "movie_id_cast_info",
                                  "Relation Name": "cast_info",
                                  "Alias": "ci",
                                  "Startup Cost": 0.56,
                                  "Total Cost": 1.77,
                                  "Plan Rows": 34,
                                  "Plan Width": 8,
                                  "Actual Startup Time": 0.026,
                                  "Actual Total Time": 0.093,
                                  "Actual Rows": 22,
                                  "Actual Loops": 25591,
                                  "Index Cond": "(movie_id = t.id)",
                                  "Rows Removed by Index Recheck": 0
                                }
                              ]
                            },
                            {
                              "Node Type": "Index Scan",
                              "Parent Relationship": "Inner",
                              "Parallel Aware": false,
                              "Scan Direction": "Forward",
                              "Index Name": "person_id_person_info",
                              "Relation Name": "person_info",
                              "Alias": "pi",
                              "Startup Cost": 0.43,
                              "Total Cost": 0.92,
                              "Plan Rows": 4,
                              "Plan Width": 8,
                              "Actual Startup Time": 0.006,
                              "Actual Total Time": 0.011,
                              "Actual Rows": 2,
                              "Actual Loops": 564555,
                              "Index Cond": "(person_id = ci.person_id)",
                              "Rows Removed by Index Recheck": 0,
                              "Filter": "(info ~~* '%USA%'::text)",
                              "Rows Removed by Filter": 6
                            }
                          ]
                        },
                        {
                          "Node Type": "Hash",
                          "Parent Relationship": "Inner",
                          "Parallel Aware": false,
                          "Startup Cost": 2.41,
                          "Total Cost": 2.41,
                          "Plan Rows": 2,
                          "Plan Width": 4,
                          "Actual Startup Time": 0.199,
                          "Actual Total Time": 0.2,
                          "Actual Rows": 3,
                          "Actual Loops": 3,
                          "Hash Buckets": 1024,
                          "Original Hash Buckets": 1024,
                          "Hash Batches": 1,
                          "Original Hash Batches": 1,
                          "Peak Memory Usage": 9,
                          "Plans": [
                            {
                              "Node Type": "Seq Scan",
                              "Parent Relationship": "Outer",
                              "Parallel Aware": false,
                              "Relation Name": "info_type",
                              "Alias": "it2",
                              "Startup Cost": 0.0,
                              "Total Cost": 2.41,
                              "Plan Rows": 2,
                              "Plan Width": 4,
                              "Actual Startup Time": 0.111,
                              "Actual Total Time": 0.168,
                              "Actual Rows": 3,
                              "Actual Loops": 3,
                              "Filter": "((info)::text ~~* '%birth%'::text)",
                              "Rows Removed by Filter": 110
                            }
                          ]
                        }
                      ]
                    },
                    {
                      "Node Type": "Index Scan",
                      "Parent Relationship": "Inner",
                      "Parallel Aware": false,
                      "Scan Direction": "Forward",
                      "Index Name": "name_pkey",
                      "Relation Name": "name",
                      "Alias": "n",
                      "Startup Cost": 0.43,
                      "Total Cost": 0.46,
                      "Plan Rows": 1,
                      "Plan Width": 19,
                      "Actual Startup Time": 0.007,
                      "Actual Total Time": 0.007,
                      "Actual Rows": 1,
                      "Actual Loops": 85634,
                      "Index Cond": "(id = ci.person_id)",
                      "Rows Removed by Index Recheck": 0
                    }
                  ]
                }
              ]
            }
          ]
        }
      ]
    },
    "Planning Time": 14.324,
    "Triggers": [],
    "Execution Time": 3698.397
  }
]