[
  {
    "Plan": {
      "Node Type": "Aggregate",
      "Strategy": "Plain",
      "Partial Mode": "Finalize",
      "Parallel Aware": false,
      "Startup Cost": 45654.91,
      "Total Cost": 45654.92,
      "Plan Rows": 1,
      "Plan Width": 8,
      "Actual Startup Time": 173.727,
      "Actual Total Time": 183.538,
      "Actual Rows": 1,
      "Actual Loops": 1,
      "Plans": [
        {
          "Node Type": "Gather",
          "Parent Relationship": "Outer",
          "Parallel Aware": false,
          "Startup Cost": 45654.6,
          "Total Cost": 45654.91,
          "Plan Rows": 3,
          "Plan Width": 8,
          "Actual Startup Time": 173.614,
          "Actual Total Time": 183.529,
          "Actual Rows": 4,
          "Actual Loops": 1,
          "Workers Planned": 3,
          "Workers Launched": 3,
          "Single Copy": false,
          "Plans": [
            {
              "Node Type": "Aggregate",
              "Strategy": "Plain",
              "Partial Mode": "Partial",
              "Parent Relationship": "Outer",
              "Parallel Aware": false,
              "Startup Cost": 44654.6,
              "Total Cost": 44654.61,
              "Plan Rows": 1,
              "Plan Width": 8,
              "Actual Startup Time": 167.399,
              "Actual Total Time": 167.401,
              "Actual Rows": 1,
              "Actual Loops": 4,
              "Plans": [
                {
                  "Node Type": "Seq Scan",
                  "Parent Relationship": "Outer",
                  "Parallel Aware": true,
                  "Relation Name": "movie_keyword",
                  "Alias": "mk",
                  "Startup Cost": 0.0,
                  "Total Cost": 42695.65,
                  "Plan Rows": 783577,
                  "Plan Width": 0,
                  "Actual Startup Time": 0.052,
                  "Actual Total Time": 134.091,
                  "Actual Rows": 607412,
                  "Actual Loops": 4,
                  "Filter": "(keyword_id < 5761)",
                  "Rows Removed by Filter": 523571
                }
              ]
            }
          ]
        }
      ]
    },
    "Planning Time": 0.181,
    "Triggers": [],
    "Execution Time": 183.593
  }
]