[
  {
    "Plan": {
      "Node Type": "Aggregate",
      "Strategy": "Plain",
      "Partial Mode": "Finalize",
      "Parallel Aware": false,
      "Startup Cost": 339576.53,
      "Total Cost": 339576.54,
      "Plan Rows": 1,
      "Plan Width": 8,
      "Actual Startup Time": 771.152,
      "Actual Total Time": 826.379,
      "Actual Rows": 1,
      "Actual Loops": 1,
      "Plans": [
        {
          "Node Type": "Gather",
          "Parent Relationship": "Outer",
          "Parallel Aware": false,
          "Startup Cost": 339575.9,
          "Total Cost": 339576.51,
          "Plan Rows": 6,
          "Plan Width": 8,
          "Actual Startup Time": 771.025,
          "Actual Total Time": 826.368,
          "Actual Rows": 7,
          "Actual Loops": 1,
          "Workers Planned": 6,
          "Workers Launched": 6,
          "Single Copy": false,
          "Plans": [
            {
              "Node Type": "Aggregate",
              "Strategy": "Plain",
              "Partial Mode": "Partial",
              "Parent Relationship": "Outer",
              "Parallel Aware": false,
              "Startup Cost": 338575.9,
              "Total Cost": 338575.91,
              "Plan Rows": 1,
              "Plan Width": 8,
              "Actual Startup Time": 762.854,
              "Actual Total Time": 762.856,
              "Actual Rows": 1,
              "Actual Loops": 7,
              "Plans": [
                {
                  "Node Type": "Seq Scan",
                  "Parent Relationship": "Outer",
                  "Parallel Aware": true,
                  "Relation Name": "cast_info",
                  "Alias": "ci",
                  "Startup Cost": 0.0,
                  "Total Cost": 328162.03,
                  "Plan Rows": 4165550,
                  "Plan Width": 0,
                  "Actual Startup Time": 127.605,
                  "Actual Total Time": 616.036,
                  "Actual Rows": 3571297,
                  "Actual Loops": 7,
                  "Filter": "(person_id > 1103747)",
                  "Rows Removed by Filter": 1606466
                }
              ]
            }
          ]
        }
      ]
    },
    "Planning Time": 0.131,
    "Triggers": [],
    "Execution Time": 826.434
  }
]