[
  {
    "Plan": {
      "Node Type": "Aggregate",
      "Strategy": "Plain",
      "Partial Mode": "Finalize",
      "Parallel Aware": false,
      "Startup Cost": 342666.42,
      "Total Cost": 342666.43,
      "Plan Rows": 1,
      "Plan Width": 8,
      "Actual Startup Time": 826.393,
      "Actual Total Time": 883.892,
      "Actual Rows": 1,
      "Actual Loops": 1,
      "Plans": [
        {
          "Node Type": "Gather",
          "Parent Relationship": "Outer",
          "Parallel Aware": false,
          "Startup Cost": 342665.79,
          "Total Cost": 342666.4,
          "Plan Rows": 6,
          "Plan Width": 8,
          "Actual Startup Time": 826.263,
          "Actual Total Time": 883.883,
          "Actual Rows": 7,
          "Actual Loops": 1,
          "Workers Planned": 6,
          "Workers Launched": 6,
          "Single Copy": false,
          "Plans": [
            {
              "Node Type": "Aggregate",
              "Strategy": "Plain",
              "Partial Mode": "Partial",
              "Parent Relationship": "Outer",
              "Parallel Aware": false,
              "Startup Cost": 341665.79,
              "Total Cost": 341665.8,
              "Plan Rows": 1,
              "Plan Width": 8,
              "Actual Startup Time": 818.019,
              "Actual Total Time": 818.02,
              "Actual Rows": 1,
              "Actual Loops": 7,
              "Plans": [
                {
                  "Node Type": "Seq Scan",
                  "Parent Relationship": "Outer",
                  "Parallel Aware": true,
                  "Relation Name": "cast_info",
                  "Alias": "ci",
                  "Startup Cost": 0.0,
                  "Total Cost": 328162.03,
                  "Plan Rows": 5401507,
                  "Plan Width": 0,
                  "Actual Startup Time": 54.138,
                  "Actual Total Time": 629.75,
                  "Actual Rows": 4613196,
                  "Actual Loops": 7,
                  "Filter": "(person_id > 378603)",
                  "Rows Removed by Filter": 564568
                }
              ]
            }
          ]
        }
      ]
    },
    "Planning Time": 0.194,
    "Triggers": [],
    "Execution Time": 883.962
  }
]