[
  {
    "Plan": {
      "Node Type": "Aggregate",
      "Strategy": "Plain",
      "Partial Mode": "Finalize",
      "Parallel Aware": false,
      "Startup Cost": 33238.62,
      "Total Cost": 33238.63,
      "Plan Rows": 1,
      "Plan Width": 8,
      "Actual Startup Time": 108.101,
      "Actual Total Time": 118.637,
      "Actual Rows": 1,
      "Actual Loops": 1,
      "Plans": [
        {
          "Node Type": "Gather",
          "Parent Relationship": "Outer",
          "Parallel Aware": false,
          "Startup Cost": 33238.3,
          "Total Cost": 33238.61,
          "Plan Rows": 3,
          "Plan Width": 8,
          "Actual Startup Time": 107.981,
          "Actual Total Time": 118.628,
          "Actual Rows": 4,
          "Actual Loops": 1,
          "Workers Planned": 3,
          "Workers Launched": 3,
          "Single Copy": false,
          "Plans": [
            {
              "Node Type": "Aggregate",
              "Strategy": "Plain",
              "Partial Mode": "Partial",
              "Parent Relationship": "Outer",
              "Parallel Aware": false,
              "Startup Cost": 32238.3,
              "Total Cost": 32238.31,
              "Plan Rows": 1,
              "Plan Width": 8,
              "Actual Startup Time": 103.726,
              "Actual Total Time": 103.727,
              "Actual Rows": 1,
              "Actual Loops": 4,
              "Plans": [
                {
                  "Node Type": "Seq Scan",
                  "Parent Relationship": "Outer",
                  "Parallel Aware": true,
                  "Relation Name": "movie_companies",
                  "Alias": "mc",
                  "Startup Cost": 0.0,
                  "Total Cost": 31414.82,
                  "Plan Rows": 329393,
                  "Plan Width": 0,
                  "Actual Startup Time": 46.325,
                  "Actual Total Time": 92.521,
                  "Actual Rows": 183726,
                  "Actual Loops": 4,
                  "Filter": "((company_id < 66018) AND (company_type_id = 2))",
                  "Rows Removed by Filter": 468556
                }
              ]
            }
          ]
        }
      ]
    },
    "Planning Time": 0.224,
    "Triggers": [],
    "Execution Time": 118.697
  }
]