[
  {
    "Plan": {
      "Node Type": "Aggregate",
      "Strategy": "Plain",
      "Partial Mode": "Finalize",
      "Parallel Aware": false,
      "Startup Cost": 33240.91,
      "Total Cost": 33240.92,
      "Plan Rows": 1,
      "Plan Width": 8,
      "Actual Startup Time": 101.361,
      "Actual Total Time": 108.845,
      "Actual Rows": 1,
      "Actual Loops": 1,
      "Plans": [
        {
          "Node Type": "Gather",
          "Parent Relationship": "Outer",
          "Parallel Aware": false,
          "Startup Cost": 33240.59,
          "Total Cost": 33240.9,
          "Plan Rows": 3,
          "Plan Width": 8,
          "Actual Startup Time": 101.234,
          "Actual Total Time": 108.837,
          "Actual Rows": 4,
          "Actual Loops": 1,
          "Workers Planned": 3,
          "Workers Launched": 3,
          "Single Copy": false,
          "Plans": [
            {
              "Node Type": "Aggregate",
              "Strategy": "Plain",
              "Partial Mode": "Partial",
              "Parent Relationship": "Outer",
              "Parallel Aware": false,
              "Startup Cost": 32240.59,
              "Total Cost": 32240.6,
              "Plan Rows": 1,
              "Plan Width": 8,
              "Actual Startup Time": 94.126,
              "Actual Total Time": 94.128,
              "Actual Rows": 1,
              "Actual Loops": 4,
              "Plans": [
                {
                  "Node Type": "Seq Scan",
                  "Parent Relationship": "Outer",
                  "Parallel Aware": true,
                  "Relation Name": "movie_companies",
                  "Alias": "mc",
                  "Startup Cost": 0.0,
                  "Total Cost": 31414.82,
                  "Plan Rows": 330310,
                  "Plan Width": 0,
                  "Actual Startup Time": 50.543,
                  "Actual Total Time": 86.035,
                  "Actual Rows": 183726,
                  "Actual Loops": 4,
                  "Filter": "((company_id < 66018) AND (company_type_id = 2))",
                  "Rows Removed by Filter": 468556
                }
              ]
            }
          ]
        }
      ]
    },
    "Planning Time": 0.223,
    "Triggers": [],
    "Execution Time": 108.904
  }
]