[
    {
        "Bao": {
            "Bao prediction": "NaN",
            "Bao recommended hint": "(no hint)"
        }
    },
    {
        "Plan": {
            "Node Type": "Aggregate",
            "Strategy": "Plain",
            "Partial Mode": "Finalize",
            "Parallel Aware": false,
            "Startup Cost": 259637.71,
            "Total Cost": 259637.72,
            "Plan Rows": 1,
            "Plan Width": 8,
            "Actual Startup Time": 482.76,
            "Actual Total Time": 494.386,
            "Actual Rows": 1,
            "Actual Loops": 1,
            "Output": [
                "count(*)"
            ],
            "Plans": [
                {
                    "Node Type": "Gather",
                    "Parent Relationship": "Outer",
                    "Parallel Aware": false,
                    "Startup Cost": 259637.49,
                    "Total Cost": 259637.7,
                    "Plan Rows": 2,
                    "Plan Width": 8,
                    "Actual Startup Time": 479.222,
                    "Actual Total Time": 494.379,
                    "Actual Rows": 3,
                    "Actual Loops": 1,
                    "Output": [
                        "(PARTIAL count(*))"
                    ],
                    "Workers Planned": 2,
                    "Workers Launched": 2,
                    "Single Copy": false,
                    "Plans": [
                        {
                            "Node Type": "Aggregate",
                            "Strategy": "Plain",
                            "Partial Mode": "Partial",
                            "Parent Relationship": "Outer",
                            "Parallel Aware": false,
                            "Startup Cost": 258637.49,
                            "Total Cost": 258637.5,
                            "Plan Rows": 1,
                            "Plan Width": 8,
                            "Actual Startup Time": 471.428,
                            "Actual Total Time": 471.434,
                            "Actual Rows": 1,
                            "Actual Loops": 3,
                            "Output": [
                                "PARTIAL count(*)"
                            ],
                            "Workers": [
                                {
                                    "Worker Number": 0,
                                    "Actual Startup Time": 467.509,
                                    "Actual Total Time": 467.514,
                                    "Actual Rows": 1,
                                    "Actual Loops": 1
                                },
                                {
                                    "Worker Number": 1,
                                    "Actual Startup Time": 467.837,
                                    "Actual Total Time": 467.843,
                                    "Actual Rows": 1,
                                    "Actual Loops": 1
                                }
                            ],
                            "Plans": [
                                {
                                    "Node Type": "Hash Join",
                                    "Parent Relationship": "Outer",
                                    "Parallel Aware": true,
                                    "Join Type": "Inner",
                                    "Startup Cost": 242268.66,
                                    "Total Cost": 258344.5,
                                    "Plan Rows": 117196,
                                    "Plan Width": 0,
                                    "Actual Startup Time": 396.086,
                                    "Actual Total Time": 470.388,
                                    "Actual Rows": 25239,
                                    "Actual Loops": 3,
                                    "Inner Unique": false,
                                    "Hash Cond": "(mi_idx.movie_id = t.id)",
                                    "Workers": [
                                        {
                                            "Worker Number": 0,
                                            "Actual Startup Time": 392.097,
                                            "Actual Total Time": 466.436,
                                            "Actual Rows": 24331,
                                            "Actual Loops": 1
                                        },
                                        {
                                            "Worker Number": 1,
                                            "Actual Startup Time": 392.53,
                                            "Actual Total Time": 466.808,
                                            "Actual Rows": 24282,
                                            "Actual Loops": 1
                                        }
                                    ],
                                    "Plans": [
                                        {
                                            "Node Type": "Seq Scan",
                                            "Parent Relationship": "Outer",
                                            "Parallel Aware": true,
                                            "Relation Name": "movie_info_idx",
                                            "Schema": "public",
                                            "Alias": "mi_idx",
                                            "Startup Cost": 0.0,
                                            "Total Cost": 13685.15,
                                            "Plan Rows": 575015,
                                            "Plan Width": 4,
                                            "Actual Startup Time": 0.024,
                                            "Actual Total Time": 34.673,
                                            "Actual Rows": 460012,
                                            "Actual Loops": 3,
                                            "Output": [
                                                "mi_idx.id",
                                                "mi_idx.movie_id",
                                                "mi_idx.info_type_id",
                                                "mi_idx.info",
                                                "mi_idx.note"
                                            ],
                                            "Workers": [
                                                {
                                                    "Worker Number": 0,
                                                    "Actual Startup Time": 0.031,
                                                    "Actual Total Time": 34.941,
                                                    "Actual Rows": 417876,
                                                    "Actual Loops": 1
                                                },
                                                {
                                                    "Worker Number": 1,
                                                    "Actual Startup Time": 0.03,
                                                    "Actual Total Time": 36.028,
                                                    "Actual Rows": 450305,
                                                    "Actual Loops": 1
                                                }
                                            ]
                                        },
                                        {
                                            "Node Type": "Hash",
                                            "Parent Relationship": "Inner",
                                            "Parallel Aware": true,
                                            "Startup Cost": 240980.4,
                                            "Total Cost": 240980.4,
                                            "Plan Rows": 103061,
                                            "Plan Width": 8,
                                            "Actual Startup Time": 393.896,
                                            "Actual Total Time": 393.901,
                                            "Actual Rows": 11827,
                                            "Actual Loops": 3,
                                            "Output": [
                                                "t.id",
                                                "mi.movie_id"
                                            ],
                                            "Hash Buckets": 524288,
                                            "Original Hash Buckets": 524288,
                                            "Hash Batches": 1,
                                            "Original Hash Batches": 1,
                                            "Peak Memory Usage": 5536,
                                            "Workers": [
                                                {
                                                    "Worker Number": 0,
                                                    "Actual Startup Time": 391.673,
                                                    "Actual Total Time": 391.677,
                                                    "Actual Rows": 8241,
                                                    "Actual Loops": 1
                                                },
                                                {
                                                    "Worker Number": 1,
                                                    "Actual Startup Time": 392.029,
                                                    "Actual Total Time": 392.033,
                                                    "Actual Rows": 16923,
                                                    "Actual Loops": 1
                                                }
                                            ],
                                            "Plans": [
                                                {
                                                    "Node Type": "Hash Join",
                                                    "Parent Relationship": "Outer",
                                                    "Parallel Aware": true,
                                                    "Join Type": "Inner",
                                                    "Startup Cost": 74598.37,
                                                    "Total Cost": 240980.4,
                                                    "Plan Rows": 103061,
                                                    "Plan Width": 8,
                                                    "Actual Startup Time": 258.797,
                                                    "Actual Total Time": 389.247,
                                                    "Actual Rows": 11827,
                                                    "Actual Loops": 3,
                                                    "Output": [
                                                        "t.id",
                                                        "mi.movie_id"
                                                    ],
                                                    "Inner Unique": true,
                                                    "Hash Cond": "(mi.movie_id = t.id)",
                                                    "Workers": [
                                                        {
                                                            "Worker Number": 0,
                                                            "Actual Startup Time": 256.614,
                                                            "Actual Total Time": 386.32,
                                                            "Actual Rows": 8241,
                                                            "Actual Loops": 1
                                                        },
                                                        {
                                                            "Worker Number": 1,
                                                            "Actual Startup Time": 256.711,
                                                            "Actual Total Time": 387.161,
                                                            "Actual Rows": 16923,
                                                            "Actual Loops": 1
                                                        }
                                                    ],
                                                    "Plans": [
                                                        {
                                                            "Node Type": "Bitmap Heap Scan",
                                                            "Parent Relationship": "Outer",
                                                            "Parallel Aware": true,
                                                            "Relation Name": "movie_info",
                                                            "Schema": "public",
                                                            "Alias": "mi",
                                                            "Startup Cost": 26313.05,
                                                            "Total Cost": 191933.34,
                                                            "Plan Rows": 290184,
                                                            "Plan Width": 4,
                                                            "Actual Startup Time": 54.386,
                                                            "Actual Total Time": 104.073,
                                                            "Actual Rows": 467301,
                                                            "Actual Loops": 3,
                                                            "Output": [
                                                                "mi.id",
                                                                "mi.movie_id",
                                                                "mi.info_type_id",
                                                                "mi.info",
                                                                "mi.note"
                                                            ],
                                                            "Recheck Cond": "(mi.info_type_id = 7)",
                                                            "Rows Removed by Index Recheck": 0,
                                                            "Exact Heap Blocks": 3416,
                                                            "Lossy Heap Blocks": 0,
                                                            "Workers": [
                                                                {
                                                                    "Worker Number": 0,
                                                                    "Actual Startup Time": 54.517,
                                                                    "Actual Total Time": 104.512,
                                                                    "Actual Rows": 421785,
                                                                    "Actual Loops": 1
                                                                },
                                                                {
                                                                    "Worker Number": 1,
                                                                    "Actual Startup Time": 54.253,
                                                                    "Actual Total Time": 104.799,
                                                                    "Actual Rows": 503837,
                                                                    "Actual Loops": 1
                                                                }
                                                            ],
                                                            "Plans": [
                                                                {
                                                                    "Node Type": "Bitmap Index Scan",
                                                                    "Parent Relationship": "Outer",
                                                                    "Parallel Aware": false,
                                                                    "Index Name": "info_type_id_movie_info",
                                                                    "Startup Cost": 0.0,
                                                                    "Total Cost": 25950.32,
                                                                    "Plan Rows": 1450918,
                                                                    "Plan Width": 0,
                                                                    "Actual Startup Time": 52.838,
                                                                    "Actual Total Time": 52.838,
                                                                    "Actual Rows": 1401902,
                                                                    "Actual Loops": 1,
                                                                    "Index Cond": "(mi.info_type_id = 7)",
                                                                    "Workers": [
                                                                        {
                                                                            "Worker Number": 1,
                                                                            "Actual Startup Time": 52.838,
                                                                            "Actual Total Time": 52.838,
                                                                            "Actual Rows": 1401902,
                                                                            "Actual Loops": 1
                                                                        }
                                                                    ]
                                                                }
                                                            ]
                                                        },
                                                        {
                                                            "Node Type": "Hash",
                                                            "Parent Relationship": "Inner",
                                                            "Parallel Aware": true,
                                                            "Startup Cost": 45479.21,
                                                            "Total Cost": 45479.21,
                                                            "Plan Rows": 224489,
                                                            "Plan Width": 4,
                                                            "Actual Startup Time": 202.062,
                                                            "Actual Total Time": 202.063,
                                                            "Actual Rows": 330691,
                                                            "Actual Loops": 3,
                                                            "Output": [
                                                                "t.id"
                                                            ],
                                                            "Hash Buckets": 1048576,
                                                            "Original Hash Buckets": 1048576,
                                                            "Hash Batches": 1,
                                                            "Original Hash Batches": 1,
                                                            "Peak Memory Usage": 47040,
                                                            "Workers": [
                                                                {
                                                                    "Worker Number": 0,
                                                                    "Actual Startup Time": 202.014,
                                                                    "Actual Total Time": 202.014,
                                                                    "Actual Rows": 282131,
                                                                    "Actual Loops": 1
                                                                },
                                                                {
                                                                    "Worker Number": 1,
                                                                    "Actual Startup Time": 202.405,
                                                                    "Actual Total Time": 202.406,
                                                                    "Actual Rows": 316136,
                                                                    "Actual Loops": 1
                                                                }
                                                            ],
                                                            "Plans": [
                                                                {
                                                                    "Node Type": "Seq Scan",
                                                                    "Parent Relationship": "Outer",
                                                                    "Parallel Aware": true,
                                                                    "Relation Name": "title",
                                                                    "Schema": "public",
                                                                    "Alias": "t",
                                                                    "Startup Cost": 0.0,
                                                                    "Total Cost": 45479.21,
                                                                    "Plan Rows": 224489,
                                                                    "Plan Width": 4,
                                                                    "Actual Startup Time": 0.034,
                                                                    "Actual Total Time": 112.181,
                                                                    "Actual Rows": 330691,
                                                                    "Actual Loops": 3,
                                                                    "Output": [
                                                                        "t.id"
                                                                    ],
                                                                    "Filter": "((t.production_year > 1998) AND (t.kind_id = 7))",
                                                                    "Rows Removed by Filter": 512080,
                                                                    "Workers": [
                                                                        {
                                                                            "Worker Number": 0,
                                                                            "Actual Startup Time": 0.052,
                                                                            "Actual Total Time": 110.945,
                                                                            "Actual Rows": 282131,
                                                                            "Actual Loops": 1
                                                                        },
                                                                        {
                                                                            "Worker Number": 1,
                                                                            "Actual Startup Time": 0.039,
                                                                            "Actual Total Time": 116.324,
                                                                            "Actual Rows": 316136,
                                                                            "Actual Loops": 1
                                                                        }
                                                                    ]
                                                                }
                                                            ]
                                                        }
                                                    ]
                                                }
                                            ]
                                        }
                                    ]
                                }
                            ]
                        }
                    ]
                }
            ]
        },
        "Planning Time": 192.479,
        "Triggers": [],
        "Execution Time": 494.46
    }
]