[
  {
    "Plan": {
      "Node Type": "Aggregate",
      "Strategy": "Plain",
      "Partial Mode": "Finalize",
      "Parallel Aware": false,
      "Startup Cost": 277991.59,
      "Total Cost": 277991.6,
      "Plan Rows": 1,
      "Plan Width": 8,
      "Actual Startup Time": 1882.951,
      "Actual Total Time": 1938.22,
      "Actual Rows": 1,
      "Actual Loops": 1,
      "Plans": [
        {
          "Node Type": "Gather",
          "Parent Relationship": "Outer",
          "Parallel Aware": false,
          "Startup Cost": 277991.28,
          "Total Cost": 277991.59,
          "Plan Rows": 3,
          "Plan Width": 8,
          "Actual Startup Time": 1873.414,
          "Actual Total Time": 1938.21,
          "Actual Rows": 4,
          "Actual Loops": 1,
          "Workers Planned": 3,
          "Workers Launched": 3,
          "Single Copy": false,
          "Plans": [
            {
              "Node Type": "Aggregate",
              "Strategy": "Plain",
              "Partial Mode": "Partial",
              "Parent Relationship": "Outer",
              "Parallel Aware": false,
              "Startup Cost": 276991.28,
              "Total Cost": 276991.29,
              "Plan Rows": 1,
              "Plan Width": 8,
              "Actual Startup Time": 1856.015,
              "Actual Total Time": 1856.019,
              "Actual Rows": 1,
              "Actual Loops": 4,
              "Plans": [
                {
                  "Node Type": "Nested Loop",
                  "Parent Relationship": "Outer",
                  "Parallel Aware": false,
                  "Join Type": "Inner",
                  "Startup Cost": 56875.46,
                  "Total Cost": 275506.43,
                  "Plan Rows": 593940,
                  "Plan Width": 0,
                  "Actual Startup Time": 365.008,
                  "Actual Total Time": 1718.962,
                  "Actual Rows": 3222126,
                  "Actual Loops": 4,
                  "Inner Unique": false,
                  "Plans": [
                    {
                      "Node Type": "Hash Join",
                      "Parent Relationship": "Outer",
                      "Parallel Aware": true,
                      "Join Type": "Inner",
                      "Startup Cost": 56875.02,
                      "Total Cost": 82858.96,
                      "Plan Rows": 101153,
                      "Plan Width": 8,
                      "Actual Startup Time": 364.905,
                      "Actual Total Time": 454.384,
                      "Actual Rows": 77622,
                      "Actual Loops": 4,
                      "Inner Unique": true,
                      "Hash Cond": "(mk.movie_id = t.id)",
                      "Plans": [
                        {
                          "Node Type": "Bitmap Heap Scan",
                          "Parent Relationship": "Outer",
                          "Parallel Aware": true,
                          "Relation Name": "movie_keyword",
                          "Alias": "mk",
                          "Startup Cost": 6654.64,
                          "Total Cost": 32373.05,
                          "Plan Rows": 101153,
                          "Plan Width": 4,
                          "Actual Startup Time": 21.233,
                          "Actual Total Time": 65.5,
                          "Actual Rows": 77622,
                          "Actual Loops": 4,
                          "Recheck Cond": "(keyword_id < 246)",
                          "Rows Removed by Index Recheck": 0,
                          "Exact Heap Blocks": 6835,
                          "Lossy Heap Blocks": 0,
                          "Plans": [
                            {
                              "Node Type": "Bitmap Index Scan",
                              "Parent Relationship": "Outer",
                              "Parallel Aware": false,
                              "Index Name": "keyword_id_movie_keyword",
                              "Startup Cost": 0.0,
                              "Total Cost": 6576.24,
                              "Plan Rows": 313575,
                              "Plan Width": 0,
                              "Actual Startup Time": 17.664,
                              "Actual Total Time": 17.665,
                              "Actual Rows": 310490,
                              "Actual Loops": 1,
                              "Index Cond": "(keyword_id < 246)"
                            }
                          ]
                        },
                        {
                          "Node Type": "Hash",
                          "Parent Relationship": "Inner",
                          "Parallel Aware": true,
                          "Startup Cost": 42319.06,
                          "Total Cost": 42319.06,
                          "Plan Rows": 632106,
                          "Plan Width": 4,
                          "Actual Startup Time": 332.587,
                          "Actual Total Time": 332.588,
                          "Actual Rows": 632078,
                          "Actual Loops": 4,
                          "Hash Buckets": 4194304,
                          "Original Hash Buckets": 4194304,
                          "Hash Batches": 1,
                          "Original Hash Batches": 1,
                          "Peak Memory Usage": 131744,
                          "Plans": [
                            {
                              "Node Type": "Seq Scan",
                              "Parent Relationship": "Outer",
                              "Parallel Aware": true,
                              "Relation Name": "title",
                              "Alias": "t",
                              "Startup Cost": 0.0,
                              "Total Cost": 42319.06,
                              "Plan Rows": 632106,
                              "Plan Width": 4,
                              "Actual Startup Time": 0.041,
                              "Actual Total Time": 95.699,
                              "Actual Rows": 632078,
                              "Actual Loops": 4
                            }
                          ]
                        }
                      ]
                    },
                    {
                      "Node Type": "Index Only Scan",
                      "Parent Relationship": "Inner",
                      "Parallel Aware": false,
                      "Scan Direction": "Forward",
                      "Index Name": "movie_id_movie_info",
                      "Relation Name": "movie_info",
                      "Alias": "mi",
                      "Startup Cost": 0.43,
                      "Total Cost": 1.49,
                      "Plan Rows": 41,
                      "Plan Width": 4,
                      "Actual Startup Time": 0.004,
                      "Actual Total Time": 0.013,
                      "Actual Rows": 42,
                      "Actual Loops": 310490,
                      "Index Cond": "(movie_id = t.id)",
                      "Rows Removed by Index Recheck": 0,
                      "Heap Fetches": 12888504
                    }
                  ]
                }
              ]
            }
          ]
        }
      ]
    },
    "Planning Time": 1.327,
    "Triggers": [],
    "Execution Time": 1938.341
  }
]