[
  {
    "Plan": {
      "Node Type": "Aggregate",
      "Strategy": "Plain",
      "Partial Mode": "Finalize",
      "Parallel Aware": false,
      "Startup Cost": 130959.31,
      "Total Cost": 130959.32,
      "Plan Rows": 1,
      "Plan Width": 8,
      "Actual Startup Time": 841.137,
      "Actual Total Time": 858.805,
      "Actual Rows": 1,
      "Actual Loops": 1,
      "Plans": [
        {
          "Node Type": "Gather",
          "Parent Relationship": "Outer",
          "Parallel Aware": false,
          "Startup Cost": 130959.0,
          "Total Cost": 130959.31,
          "Plan Rows": 3,
          "Plan Width": 8,
          "Actual Startup Time": 833.611,
          "Actual Total Time": 858.795,
          "Actual Rows": 4,
          "Actual Loops": 1,
          "Workers Planned": 3,
          "Workers Launched": 3,
          "Single Copy": false,
          "Plans": [
            {
              "Node Type": "Aggregate",
              "Strategy": "Plain",
              "Partial Mode": "Partial",
              "Parent Relationship": "Outer",
              "Parallel Aware": false,
              "Startup Cost": 129959.0,
              "Total Cost": 129959.01,
              "Plan Rows": 1,
              "Plan Width": 8,
              "Actual Startup Time": 826.087,
              "Actual Total Time": 826.094,
              "Actual Rows": 1,
              "Actual Loops": 4,
              "Plans": [
                {
                  "Node Type": "Hash Join",
                  "Parent Relationship": "Outer",
                  "Parallel Aware": true,
                  "Join Type": "Inner",
                  "Startup Cost": 83361.44,
                  "Total Cost": 129051.81,
                  "Plan Rows": 362873,
                  "Plan Width": 0,
                  "Actual Startup Time": 524.104,
                  "Actual Total Time": 780.742,
                  "Actual Rows": 1125134,
                  "Actual Loops": 4,
                  "Inner Unique": false,
                  "Hash Cond": "(mk.movie_id = t.id)",
                  "Plans": [
                    {
                      "Node Type": "Seq Scan",
                      "Parent Relationship": "Outer",
                      "Parallel Aware": true,
                      "Relation Name": "movie_keyword",
                      "Alias": "mk",
                      "Startup Cost": 0.0,
                      "Total Cost": 39047.32,
                      "Plan Rows": 1459332,
                      "Plan Width": 4,
                      "Actual Startup Time": 0.03,
                      "Actual Total Time": 80.67,
                      "Actual Rows": 1130982,
                      "Actual Loops": 4
                    },
                    {
                      "Node Type": "Hash",
                      "Parent Relationship": "Inner",
                      "Parallel Aware": true,
                      "Startup Cost": 80826.33,
                      "Total Cost": 80826.33,
                      "Plan Rows": 202809,
                      "Plan Width": 8,
                      "Actual Startup Time": 520.043,
                      "Actual Total Time": 520.048,
                      "Actual Rows": 151788,
                      "Actual Loops": 4,
                      "Hash Buckets": 1048576,
                      "Original Hash Buckets": 1048576,
                      "Hash Batches": 1,
                      "Original Hash Batches": 1,
                      "Peak Memory Usage": 32000,
                      "Plans": [
                        {
                          "Node Type": "Hash Join",
                          "Parent Relationship": "Outer",
                          "Parallel Aware": true,
                          "Join Type": "Inner",
                          "Startup Cost": 50916.17,
                          "Total Cost": 80826.33,
                          "Plan Rows": 202809,
                          "Plan Width": 8,
                          "Actual Startup Time": 355.364,
                          "Actual Total Time": 467.887,
                          "Actual Rows": 151788,
                          "Actual Loops": 4,
                          "Inner Unique": true,
                          "Hash Cond": "(mc.movie_id = t.id)",
                          "Plans": [
                            {
                              "Node Type": "Seq Scan",
                              "Parent Relationship": "Outer",
                              "Parallel Aware": true,
                              "Relation Name": "movie_companies",
                              "Alias": "mc",
                              "Startup Cost": 0.0,
                              "Total Cost": 29310.68,
                              "Plan Rows": 228373,
                              "Plan Width": 4,
                              "Actual Startup Time": 16.337,
                              "Actual Total Time": 61.468,
                              "Actual Rows": 175293,
                              "Actual Loops": 4,
                              "Filter": "(company_id > 45328)",
                              "Rows Removed by Filter": 476989
                            },
                            {
                              "Node Type": "Hash",
                              "Parent Relationship": "Inner",
                              "Parallel Aware": true,
                              "Startup Cost": 43899.32,
                              "Total Cost": 43899.32,
                              "Plan Rows": 561348,
                              "Plan Width": 4,
                              "Actual Startup Time": 331.158,
                              "Actual Total Time": 331.159,
                              "Actual Rows": 558776,
                              "Actual Loops": 4,
                              "Hash Buckets": 4194304,
                              "Original Hash Buckets": 4194304,
                              "Hash Batches": 1,
                              "Original Hash Batches": 1,
                              "Peak Memory Usage": 120288,
                              "Plans": [
                                {
                                  "Node Type": "Seq Scan",
                                  "Parent Relationship": "Outer",
                                  "Parallel Aware": true,
                                  "Relation Name": "title",
                                  "Alias": "t",
                                  "Startup Cost": 0.0,
                                  "Total Cost": 43899.32,
                                  "Plan Rows": 561348,
                                  "Plan Width": 4,
                                  "Actual Startup Time": 0.065,
                                  "Actual Total Time": 110.902,
                                  "Actual Rows": 558776,
                                  "Actual Loops": 4,
                                  "Filter": "(production_year > 1957)",
                                  "Rows Removed by Filter": 73302
                                }
                              ]
                            }
                          ]
                        }
                      ]
                    }
                  ]
                }
              ]
            }
          ]
        }
      ]
    },
    "Planning Time": 0.737,
    "Triggers": [],
    "Execution Time": 858.863
  }
]