[
  {
    "Plan": {
      "Node Type": "Aggregate",
      "Strategy": "Plain",
      "Partial Mode": "Finalize",
      "Parallel Aware": false,
      "Startup Cost": 46542.23,
      "Total Cost": 46542.24,
      "Plan Rows": 1,
      "Plan Width": 8,
      "Actual Startup Time": 157.03,
      "Actual Total Time": 170.416,
      "Actual Rows": 1,
      "Actual Loops": 1,
      "Plans": [
        {
          "Node Type": "Gather",
          "Parent Relationship": "Outer",
          "Parallel Aware": false,
          "Startup Cost": 46541.92,
          "Total Cost": 46542.23,
          "Plan Rows": 3,
          "Plan Width": 8,
          "Actual Startup Time": 156.913,
          "Actual Total Time": 170.408,
          "Actual Rows": 4,
          "Actual Loops": 1,
          "Workers Planned": 3,
          "Workers Launched": 3,
          "Single Copy": false,
          "Plans": [
            {
              "Node Type": "Aggregate",
              "Strategy": "Plain",
              "Partial Mode": "Partial",
              "Parent Relationship": "Outer",
              "Parallel Aware": false,
              "Startup Cost": 45541.92,
              "Total Cost": 45541.93,
              "Plan Rows": 1,
              "Plan Width": 8,
              "Actual Startup Time": 150.228,
              "Actual Total Time": 150.229,
              "Actual Rows": 1,
              "Actual Loops": 4,
              "Plans": [
                {
                  "Node Type": "Seq Scan",
                  "Parent Relationship": "Outer",
                  "Parallel Aware": true,
                  "Relation Name": "movie_keyword",
                  "Alias": "mk",
                  "Startup Cost": 0.0,
                  "Total Cost": 42695.65,
                  "Plan Rows": 1138505,
                  "Plan Width": 0,
                  "Actual Startup Time": 0.079,
                  "Actual Total Time": 113.044,
                  "Actual Rows": 881351,
                  "Actual Loops": 4,
                  "Filter": "(keyword_id > 951)",
                  "Rows Removed by Filter": 249632
                }
              ]
            }
          ]
        }
      ]
    },
    "Planning Time": 0.078,
    "Triggers": [],
    "Execution Time": 170.443
  }
]