[
  {
    "Plan": {
      "Node Type": "Aggregate",
      "Strategy": "Plain",
      "Partial Mode": "Finalize",
      "Parallel Aware": false,
      "Startup Cost": 31197.86,
      "Total Cost": 31197.87,
      "Plan Rows": 1,
      "Plan Width": 8,
      "Actual Startup Time": 88.275,
      "Actual Total Time": 96.475,
      "Actual Rows": 1,
      "Actual Loops": 1,
      "Plans": [
        {
          "Node Type": "Gather",
          "Parent Relationship": "Outer",
          "Parallel Aware": false,
          "Startup Cost": 31197.55,
          "Total Cost": 31197.86,
          "Plan Rows": 3,
          "Plan Width": 8,
          "Actual Startup Time": 88.113,
          "Actual Total Time": 96.463,
          "Actual Rows": 4,
          "Actual Loops": 1,
          "Workers Planned": 3,
          "Workers Launched": 3,
          "Single Copy": false,
          "Plans": [
            {
              "Node Type": "Aggregate",
              "Strategy": "Plain",
              "Partial Mode": "Partial",
              "Parent Relationship": "Outer",
              "Parallel Aware": false,
              "Startup Cost": 30197.55,
              "Total Cost": 30197.56,
              "Plan Rows": 1,
              "Plan Width": 8,
              "Actual Startup Time": 83.514,
              "Actual Total Time": 83.515,
              "Actual Rows": 1,
              "Actual Loops": 4,
              "Plans": [
                {
                  "Node Type": "Seq Scan",
                  "Parent Relationship": "Outer",
                  "Parallel Aware": true,
                  "Relation Name": "movie_companies",
                  "Alias": "mc",
                  "Startup Cost": 0.0,
                  "Total Cost": 29310.68,
                  "Plan Rows": 354746,
                  "Plan Width": 0,
                  "Actual Startup Time": 0.037,
                  "Actual Total Time": 69.189,
                  "Actual Rows": 276826,
                  "Actual Loops": 4,
                  "Filter": "(company_id < 7676)",
                  "Rows Removed by Filter": 375456
                }
              ]
            }
          ]
        }
      ]
    },
    "Planning Time": 0.164,
    "Triggers": [],
    "Execution Time": 96.525
  }
]