[
  {
    "Plan": {
      "Node Type": "Aggregate",
      "Strategy": "Plain",
      "Partial Mode": "Finalize",
      "Parallel Aware": false,
      "Startup Cost": 46628.13,
      "Total Cost": 46628.14,
      "Plan Rows": 1,
      "Plan Width": 8,
      "Actual Startup Time": 108.591,
      "Actual Total Time": 123.488,
      "Actual Rows": 1,
      "Actual Loops": 1,
      "Plans": [
        {
          "Node Type": "Gather",
          "Parent Relationship": "Outer",
          "Parallel Aware": false,
          "Startup Cost": 46627.71,
          "Total Cost": 46628.12,
          "Plan Rows": 4,
          "Plan Width": 8,
          "Actual Startup Time": 108.27,
          "Actual Total Time": 123.472,
          "Actual Rows": 5,
          "Actual Loops": 1,
          "Workers Planned": 4,
          "Workers Launched": 4,
          "Single Copy": false,
          "Plans": [
            {
              "Node Type": "Aggregate",
              "Strategy": "Plain",
              "Partial Mode": "Partial",
              "Parent Relationship": "Outer",
              "Parallel Aware": false,
              "Startup Cost": 45627.71,
              "Total Cost": 45627.72,
              "Plan Rows": 1,
              "Plan Width": 8,
              "Actual Startup Time": 102.609,
              "Actual Total Time": 102.612,
              "Actual Rows": 1,
              "Actual Loops": 5,
              "Plans": [
                {
                  "Node Type": "Seq Scan",
                  "Parent Relationship": "Outer",
                  "Parallel Aware": true,
                  "Relation Name": "title",
                  "Alias": "t",
                  "Startup Cost": 0.0,
                  "Total Cost": 45479.59,
                  "Plan Rows": 59251,
                  "Plan Width": 0,
                  "Actual Startup Time": 0.044,
                  "Actual Total Time": 97.966,
                  "Actual Rows": 71499,
                  "Actual Loops": 5,
                  "Filter": "((kind_id < 7) AND (production_year < 1987))",
                  "Rows Removed by Filter": 434163
                }
              ]
            }
          ]
        }
      ]
    },
    "Planning Time": 0.1,
    "Triggers": [],
    "Execution Time": 123.525
  }
]