{
  "Plan": {
    "Node Type": "Aggregate",
    "Strategy": "Plain",
    "Partial Mode": "Finalize",
    "Parallel Aware": false,
    "Startup Cost": 814044.38,
    "Total Cost": 814044.39,
    "Plan Rows": 1,
    "Plan Width": 8,
    "Actual Startup Time": 2402.246,
    "Actual Total Time": 2440.459,
    "Actual Rows": 1,
    "Actual Loops": 1,
    "Plans": [
      {
        "Node Type": "Gather",
        "Parent Relationship": "Outer",
        "Parallel Aware": false,
        "Startup Cost": 814044.27,
        "Total Cost": 814044.38,
        "Plan Rows": 1,
        "Plan Width": 8,
        "Actual Startup Time": 2397.596,
        "Actual Total Time": 2440.45,
        "Actual Rows": 2,
        "Actual Loops": 1,
        "Workers Planned": 1,
        "Workers Launched": 1,
        "Single Copy": false,
        "Plans": [
          {
            "Node Type": "Aggregate",
            "Strategy": "Plain",
            "Partial Mode": "Partial",
            "Parent Relationship": "Outer",
            "Parallel Aware": false,
            "Startup Cost": 813044.27,
            "Total Cost": 813044.28,
            "Plan Rows": 1,
            "Plan Width": 8,
            "Actual Startup Time": 2390.068,
            "Actual Total Time": 2391.419,
            "Actual Rows": 1,
            "Actual Loops": 2,
            "Plans": [
              {
                "Node Type": "Hash Join",
                "Parent Relationship": "Outer",
                "Parallel Aware": true,
                "Join Type": "Inner",
                "Startup Cost": 633612.2,
                "Total Cost": 811618.05,
                "Plan Rows": 570485,
                "Plan Width": 0,
                "Actual Startup Time": 2093.538,
                "Actual Total Time": 2373.755,
                "Actual Rows": 385062,
                "Actual Loops": 2,
                "Inner Unique": false,
                "Hash Cond": "(mi.movie_id = t.id)",
                "Plans": [
                  {
                    "Node Type": "Bitmap Heap Scan",
                    "Parent Relationship": "Outer",
                    "Parallel Aware": true,
                    "Relation Name": "movie_info",
                    "Alias": "mi",
                    "Startup Cost": 23986.4,
                    "Total Cost": 195715.6,
                    "Plan Rows": 778896,
                    "Plan Width": 4,
                    "Actual Startup Time": 65.836,
                    "Actual Total Time": 121.631,
                    "Actual Rows": 662680,
                    "Actual Loops": 2,
                    "Recheck Cond": "(info_type_id = 8)",
                    "Rows Removed by Index Recheck": 0,
                    "Exact Heap Blocks": 3850,
                    "Lossy Heap Blocks": 0,
                    "Plans": [
                      {
                        "Node Type": "Bitmap Index Scan",
                        "Parent Relationship": "Outer",
                        "Parallel Aware": false,
                        "Index Name": "info_type_id_movie_info",
                        "Startup Cost": 0.0,
                        "Total Cost": 23655.37,
                        "Plan Rows": 1324124,
                        "Plan Width": 0,
                        "Actual Startup Time": 64.646,
                        "Actual Total Time": 64.647,
                        "Actual Rows": 1325361,
                        "Actual Loops": 1,
                        "Index Cond": "(info_type_id = 8)"
                      }
                    ]
                  },
                  {
                    "Node Type": "Hash",
                    "Parent Relationship": "Inner",
                    "Parallel Aware": true,
                    "Startup Cost": 596009.7,
                    "Total Cost": 596009.7,
                    "Plan Rows": 1089288,
                    "Plan Width": 8,
                    "Actual Startup Time": 2013.537,
                    "Actual Total Time": 2014.885,
                    "Actual Rows": 604038,
                    "Actual Loops": 2,
                    "Hash Buckets": 2097152,
                    "Original Hash Buckets": 2097152,
                    "Hash Batches": 1,
                    "Original Hash Batches": 1,
                    "Peak Memory Usage": 63680,
                    "Plans": [
                      {
                        "Node Type": "Hash Join",
                        "Parent Relationship": "Outer",
                        "Parallel Aware": true,
                        "Join Type": "Inner",
                        "Startup Cost": 62826.72,
                        "Total Cost": 596009.7,
                        "Plan Rows": 1089288,
                        "Plan Width": 8,
                        "Actual Startup Time": 318.692,
                        "Actual Total Time": 1818.332,
                        "Actual Rows": 604038,
                        "Actual Loops": 2,
                        "Inner Unique": true,
                        "Hash Cond": "(ci.movie_id = t.id)",
                        "Plans": [
                          {
                            "Node Type": "Index Scan",
                            "Parent Relationship": "Outer",
                            "Parallel Aware": true,
                            "Scan Direction": "Forward",
                            "Index Name": "role_id_cast_info",
                            "Relation Name": "cast_info",
                            "Alias": "ci",
                            "Startup Cost": 0.56,
                            "Total Cost": 526730.69,
                            "Plan Rows": 2458228,
                            "Plan Width": 4,
                            "Actual Startup Time": 0.101,
                            "Actual Total Time": 1006.15,
                            "Actual Rows": 1315270,
                            "Actual Loops": 2,
                            "Index Cond": "(role_id > 2)",
                            "Rows Removed by Index Recheck": 0,
                            "Filter": "(person_id < 921773)",
                            "Rows Removed by Filter": 6745572
                          },
                          {
                            "Node Type": "Hash",
                            "Parent Relationship": "Inner",
                            "Parallel Aware": true,
                            "Startup Cost": 54588.39,
                            "Total Cost": 54588.39,
                            "Plan Rows": 659021,
                            "Plan Width": 4,
                            "Actual Startup Time": 311.414,
                            "Actual Total Time": 311.415,
                            "Actual Rows": 553962,
                            "Actual Loops": 2,
                            "Hash Buckets": 2097152,
                            "Original Hash Buckets": 2097152,
                            "Hash Batches": 1,
                            "Original Hash Batches": 1,
                            "Peak Memory Usage": 59776,
                            "Plans": [
                              {
                                "Node Type": "Seq Scan",
                                "Parent Relationship": "Outer",
                                "Parallel Aware": true,
                                "Relation Name": "title",
                                "Alias": "t",
                                "Startup Cost": 0.0,
                                "Total Cost": 54588.39,
                                "Plan Rows": 659021,
                                "Plan Width": 4,
                                "Actual Startup Time": 0.027,
                                "Actual Total Time": 156.086,
                                "Actual Rows": 553962,
                                "Actual Loops": 2,
                                "Filter": "(production_year > 2004)",
                                "Rows Removed by Filter": 710194
                              }
                            ]
                          }
                        ]
                      }
                    ]
                  }
                ]
              }
            ]
          }
        ]
      }
    ]
  },
  "Planning Time": 1.002,
  "Triggers": [],
  "Execution Time": 2440.572
}