[
  {
    "Plan": {
      "Node Type": "Aggregate",
      "Strategy": "Plain",
      "Partial Mode": "Finalize",
      "Parallel Aware": false,
      "Startup Cost": 91058.24,
      "Total Cost": 91058.25,
      "Plan Rows": 1,
      "Plan Width": 8,
      "Actual Startup Time": 254.004,
      "Actual Total Time": 277.159,
      "Actual Rows": 1,
      "Actual Loops": 1,
      "Plans": [
        {
          "Node Type": "Gather",
          "Parent Relationship": "Outer",
          "Parallel Aware": false,
          "Startup Cost": 91057.92,
          "Total Cost": 91058.23,
          "Plan Rows": 3,
          "Plan Width": 8,
          "Actual Startup Time": 253.646,
          "Actual Total Time": 277.151,
          "Actual Rows": 4,
          "Actual Loops": 1,
          "Workers Planned": 3,
          "Workers Launched": 3,
          "Single Copy": false,
          "Plans": [
            {
              "Node Type": "Aggregate",
              "Strategy": "Plain",
              "Partial Mode": "Partial",
              "Parent Relationship": "Outer",
              "Parallel Aware": false,
              "Startup Cost": 90057.92,
              "Total Cost": 90057.93,
              "Plan Rows": 1,
              "Plan Width": 8,
              "Actual Startup Time": 247.871,
              "Actual Total Time": 247.875,
              "Actual Rows": 1,
              "Actual Loops": 4,
              "Plans": [
                {
                  "Node Type": "Nested Loop",
                  "Parent Relationship": "Outer",
                  "Parallel Aware": false,
                  "Join Type": "Inner",
                  "Startup Cost": 45647.42,
                  "Total Cost": 90030.85,
                  "Plan Rows": 10831,
                  "Plan Width": 0,
                  "Actual Startup Time": 131.624,
                  "Actual Total Time": 245.439,
                  "Actual Rows": 57436,
                  "Actual Loops": 4,
                  "Inner Unique": false,
                  "Join Filter": "(t.id = mk.movie_id)",
                  "Rows Removed by Join Filter": 0,
                  "Plans": [
                    {
                      "Node Type": "Hash Join",
                      "Parent Relationship": "Outer",
                      "Parallel Aware": true,
                      "Join Type": "Inner",
                      "Startup Cost": 45646.99,
                      "Total Cost": 77811.8,
                      "Plan Rows": 6053,
                      "Plan Width": 8,
                      "Actual Startup Time": 131.461,
                      "Actual Total Time": 196.539,
                      "Actual Rows": 8784,
                      "Actual Loops": 4,
                      "Inner Unique": true,
                      "Hash Cond": "(mc.movie_id = t.id)",
                      "Plans": [
                        {
                          "Node Type": "Seq Scan",
                          "Parent Relationship": "Outer",
                          "Parallel Aware": true,
                          "Relation Name": "movie_companies",
                          "Alias": "mc",
                          "Startup Cost": 0.0,
                          "Total Cost": 31414.82,
                          "Plan Rows": 285713,
                          "Plan Width": 4,
                          "Actual Startup Time": 32.111,
                          "Actual Total Time": 68.278,
                          "Actual Rows": 269635,
                          "Actual Loops": 4,
                          "Filter": "((company_id > 2576) AND (company_type_id > 1))",
                          "Rows Removed by Filter": 382648
                        },
                        {
                          "Node Type": "Hash",
                          "Parent Relationship": "Inner",
                          "Parallel Aware": true,
                          "Startup Cost": 45479.59,
                          "Total Cost": 45479.59,
                          "Plan Rows": 13392,
                          "Plan Width": 4,
                          "Actual Startup Time": 97.96,
                          "Actual Total Time": 97.961,
                          "Actual Rows": 11586,
                          "Actual Loops": 4,
                          "Hash Buckets": 65536,
                          "Original Hash Buckets": 65536,
                          "Hash Batches": 1,
                          "Original Hash Batches": 1,
                          "Peak Memory Usage": 2400,
                          "Plans": [
                            {
                              "Node Type": "Seq Scan",
                              "Parent Relationship": "Outer",
                              "Parallel Aware": true,
                              "Relation Name": "title",
                              "Alias": "t",
                              "Startup Cost": 0.0,
                              "Total Cost": 45479.59,
                              "Plan Rows": 13392,
                              "Plan Width": 4,
                              "Actual Startup Time": 0.064,
                              "Actual Total Time": 93.717,
                              "Actual Rows": 11586,
                              "Actual Loops": 4,
                              "Filter": "((kind_id < 4) AND (production_year = 2011))",
                              "Rows Removed by Filter": 620492
                            }
                          ]
                        }
                      ]
                    },
                    {
                      "Node Type": "Index Only Scan",
                      "Parent Relationship": "Inner",
                      "Parallel Aware": false,
                      "Scan Direction": "Forward",
                      "Index Name": "movie_id_movie_keyword",
                      "Relation Name": "movie_keyword",
                      "Alias": "mk",
                      "Startup Cost": 0.43,
                      "Total Cost": 1.44,
                      "Plan Rows": 46,
                      "Plan Width": 4,
                      "Actual Startup Time": 0.004,
                      "Actual Total Time": 0.005,
                      "Actual Rows": 7,
                      "Actual Loops": 35135,
                      "Index Cond": "(movie_id = mc.movie_id)",
                      "Rows Removed by Index Recheck": 0,
                      "Heap Fetches": 229745
                    }
                  ]
                }
              ]
            }
          ]
        }
      ]
    },
    "Planning Time": 1.443,
    "Triggers": [],
    "Execution Time": 277.249
  }
]