[
    {
        "Bao": {
            "Bao prediction": 667.855,
            "Bao recommended hint": "(no hint)"
        }
    },
    {
        "Plan": {
            "Node Type": "Aggregate",
            "Strategy": "Plain",
            "Partial Mode": "Finalize",
            "Parallel Aware": false,
            "Startup Cost": 39766.61,
            "Total Cost": 39766.62,
            "Plan Rows": 1,
            "Plan Width": 8,
            "Actual Startup Time": 142.307,
            "Actual Total Time": 148.401,
            "Actual Rows": 1,
            "Actual Loops": 1,
            "Output": [
                "count(*)"
            ],
            "Plans": [
                {
                    "Node Type": "Gather",
                    "Parent Relationship": "Outer",
                    "Parallel Aware": false,
                    "Startup Cost": 39766.29,
                    "Total Cost": 39766.6,
                    "Plan Rows": 3,
                    "Plan Width": 8,
                    "Actual Startup Time": 142.067,
                    "Actual Total Time": 148.393,
                    "Actual Rows": 4,
                    "Actual Loops": 1,
                    "Output": [
                        "(PARTIAL count(*))"
                    ],
                    "Workers Planned": 3,
                    "Workers Launched": 3,
                    "Single Copy": false,
                    "Plans": [
                        {
                            "Node Type": "Aggregate",
                            "Strategy": "Plain",
                            "Partial Mode": "Partial",
                            "Parent Relationship": "Outer",
                            "Parallel Aware": false,
                            "Startup Cost": 38766.29,
                            "Total Cost": 38766.3,
                            "Plan Rows": 1,
                            "Plan Width": 8,
                            "Actual Startup Time": 133.956,
                            "Actual Total Time": 133.958,
                            "Actual Rows": 1,
                            "Actual Loops": 4,
                            "Output": [
                                "PARTIAL count(*)"
                            ],
                            "Workers": [
                                {
                                    "Worker Number": 0,
                                    "Actual Startup Time": 131.304,
                                    "Actual Total Time": 131.306,
                                    "Actual Rows": 1,
                                    "Actual Loops": 1
                                },
                                {
                                    "Worker Number": 1,
                                    "Actual Startup Time": 131.494,
                                    "Actual Total Time": 131.496,
                                    "Actual Rows": 1,
                                    "Actual Loops": 1
                                },
                                {
                                    "Worker Number": 2,
                                    "Actual Startup Time": 131.551,
                                    "Actual Total Time": 131.552,
                                    "Actual Rows": 1,
                                    "Actual Loops": 1
                                }
                            ],
                            "Plans": [
                                {
                                    "Node Type": "Bitmap Heap Scan",
                                    "Parent Relationship": "Outer",
                                    "Parallel Aware": true,
                                    "Relation Name": "movie_keyword",
                                    "Schema": "public",
                                    "Alias": "mk",
                                    "Startup Cost": 11654.05,
                                    "Total Cost": 38323.25,
                                    "Plan Rows": 177216,
                                    "Plan Width": 0,
                                    "Actual Startup Time": 48.427,
                                    "Actual Total Time": 125.098,
                                    "Actual Rows": 136116,
                                    "Actual Loops": 4,
                                    "Recheck Cond": "(mk.keyword_id > 33753)",
                                    "Rows Removed by Index Recheck": 0,
                                    "Exact Heap Blocks": 10861,
                                    "Lossy Heap Blocks": 0,
                                    "Workers": [
                                        {
                                            "Worker Number": 0,
                                            "Actual Startup Time": 45.848,
                                            "Actual Total Time": 122.881,
                                            "Actual Rows": 97934,
                                            "Actual Loops": 1
                                        },
                                        {
                                            "Worker Number": 1,
                                            "Actual Startup Time": 46.062,
                                            "Actual Total Time": 123.058,
                                            "Actual Rows": 97135,
                                            "Actual Loops": 1
                                        },
                                        {
                                            "Worker Number": 2,
                                            "Actual Startup Time": 46.167,
                                            "Actual Total Time": 123.125,
                                            "Actual Rows": 96050,
                                            "Actual Loops": 1
                                        }
                                    ],
                                    "Plans": [
                                        {
                                            "Node Type": "Bitmap Index Scan",
                                            "Parent Relationship": "Outer",
                                            "Parallel Aware": false,
                                            "Index Name": "keyword_id_movie_keyword",
                                            "Startup Cost": 0.0,
                                            "Total Cost": 11516.71,
                                            "Plan Rows": 549370,
                                            "Plan Width": 0,
                                            "Actual Startup Time": 52.27,
                                            "Actual Total Time": 52.271,
                                            "Actual Rows": 544464,
                                            "Actual Loops": 1,
                                            "Index Cond": "(mk.keyword_id > 33753)"
                                        }
                                    ]
                                }
                            ]
                        }
                    ]
                }
            ]
        },
        "Planning Time": 1377.595,
        "Triggers": [],
        "Execution Time": 148.542
    }
]