[
  {
    "Plan": {
      "Node Type": "Aggregate",
      "Strategy": "Plain",
      "Partial Mode": "Finalize",
      "Parallel Aware": false,
      "Startup Cost": 207041.09,
      "Total Cost": 207041.1,
      "Plan Rows": 1,
      "Plan Width": 8,
      "Actual Startup Time": 476.669,
      "Actual Total Time": 513.44,
      "Actual Rows": 1,
      "Actual Loops": 1,
      "Plans": [
        {
          "Node Type": "Gather",
          "Parent Relationship": "Outer",
          "Parallel Aware": false,
          "Startup Cost": 207040.57,
          "Total Cost": 207041.08,
          "Plan Rows": 5,
          "Plan Width": 8,
          "Actual Startup Time": 476.481,
          "Actual Total Time": 513.427,
          "Actual Rows": 6,
          "Actual Loops": 1,
          "Workers Planned": 5,
          "Workers Launched": 5,
          "Single Copy": false,
          "Plans": [
            {
              "Node Type": "Aggregate",
              "Strategy": "Plain",
              "Partial Mode": "Partial",
              "Parent Relationship": "Outer",
              "Parallel Aware": false,
              "Startup Cost": 206040.57,
              "Total Cost": 206040.58,
              "Plan Rows": 1,
              "Plan Width": 8,
              "Actual Startup Time": 471.774,
              "Actual Total Time": 471.775,
              "Actual Rows": 1,
              "Actual Loops": 6,
              "Plans": [
                {
                  "Node Type": "Seq Scan",
                  "Parent Relationship": "Outer",
                  "Parallel Aware": true,
                  "Relation Name": "movie_info",
                  "Alias": "mi",
                  "Startup Cost": 0.0,
                  "Total Cost": 199108.24,
                  "Plan Rows": 2772929,
                  "Plan Width": 0,
                  "Actual Startup Time": 0.029,
                  "Actual Total Time": 370.091,
                  "Actual Rows": 2311226,
                  "Actual Loops": 6,
                  "Filter": "(info_type_id < 94)",
                  "Rows Removed by Filter": 161394
                }
              ]
            }
          ]
        }
      ]
    },
    "Planning Time": 0.149,
    "Triggers": [],
    "Execution Time": 513.495
  }
]