{
  "Plan": {
    "Node Type": "Aggregate",
    "Strategy": "Plain",
    "Partial Mode": "Finalize",
    "Parallel Aware": false,
    "Startup Cost": 135422.85,
    "Total Cost": 135422.86,
    "Plan Rows": 1,
    "Plan Width": 8,
    "Actual Startup Time": 956.514,
    "Actual Total Time": 973.611,
    "Actual Rows": 1,
    "Actual Loops": 1,
    "Plans": [
      {
        "Node Type": "Gather",
        "Parent Relationship": "Outer",
        "Parallel Aware": false,
        "Startup Cost": 135422.74,
        "Total Cost": 135422.85,
        "Plan Rows": 1,
        "Plan Width": 8,
        "Actual Startup Time": 952.981,
        "Actual Total Time": 973.601,
        "Actual Rows": 2,
        "Actual Loops": 1,
        "Workers Planned": 1,
        "Workers Launched": 1,
        "Single Copy": false,
        "Plans": [
          {
            "Node Type": "Aggregate",
            "Strategy": "Plain",
            "Partial Mode": "Partial",
            "Parent Relationship": "Outer",
            "Parallel Aware": false,
            "Startup Cost": 134422.74,
            "Total Cost": 134422.75,
            "Plan Rows": 1,
            "Plan Width": 8,
            "Actual Startup Time": 945.563,
            "Actual Total Time": 945.567,
            "Actual Rows": 1,
            "Actual Loops": 2,
            "Plans": [
              {
                "Node Type": "Hash Join",
                "Parent Relationship": "Outer",
                "Parallel Aware": true,
                "Join Type": "Inner",
                "Startup Cost": 67316.49,
                "Total Cost": 130717.33,
                "Plan Rows": 1482163,
                "Plan Width": 0,
                "Actual Startup Time": 455.006,
                "Actual Total Time": 903.566,
                "Actual Rows": 1102972,
                "Actual Loops": 2,
                "Inner Unique": true,
                "Hash Cond": "(mk.movie_id = t.id)",
                "Plans": [
                  {
                    "Node Type": "Seq Scan",
                    "Parent Relationship": "Outer",
                    "Parallel Aware": true,
                    "Relation Name": "movie_keyword",
                    "Alias": "mk",
                    "Startup Cost": 0.0,
                    "Total Cost": 57718.19,
                    "Plan Rows": 2164816,
                    "Plan Width": 4,
                    "Actual Startup Time": 0.019,
                    "Actual Total Time": 200.441,
                    "Actual Rows": 1844482,
                    "Actual Loops": 2,
                    "Filter": "(keyword_id < 22049)",
                    "Rows Removed by Filter": 417483
                  },
                  {
                    "Node Type": "Hash",
                    "Parent Relationship": "Inner",
                    "Parallel Aware": true,
                    "Startup Cost": 54588.39,
                    "Total Cost": 54588.39,
                    "Plan Rows": 1018248,
                    "Plan Width": 4,
                    "Actual Startup Time": 440.219,
                    "Actual Total Time": 440.22,
                    "Actual Rows": 862616,
                    "Actual Loops": 2,
                    "Hash Buckets": 2097152,
                    "Original Hash Buckets": 2097152,
                    "Hash Batches": 1,
                    "Original Hash Batches": 1,
                    "Peak Memory Usage": 83904,
                    "Plans": [
                      {
                        "Node Type": "Seq Scan",
                        "Parent Relationship": "Outer",
                        "Parallel Aware": true,
                        "Relation Name": "title",
                        "Alias": "t",
                        "Startup Cost": 0.0,
                        "Total Cost": 54588.39,
                        "Plan Rows": 1018248,
                        "Plan Width": 4,
                        "Actual Startup Time": 0.048,
                        "Actual Total Time": 178.569,
                        "Actual Rows": 862616,
                        "Actual Loops": 2,
                        "Filter": "(production_year > 1991)",
                        "Rows Removed by Filter": 401540
                      }
                    ]
                  }
                ]
              }
            ]
          }
        ]
      }
    ]
  },
  "Planning Time": 0.728,
  "Triggers": [],
  "Execution Time": 973.682
}