[
  {
    "Plan": {
      "Node Type": "Aggregate",
      "Strategy": "Plain",
      "Partial Mode": "Finalize",
      "Parallel Aware": false,
      "Startup Cost": 153113.53,
      "Total Cost": 153113.54,
      "Plan Rows": 1,
      "Plan Width": 8,
      "Actual Startup Time": 109.405,
      "Actual Total Time": 128.308,
      "Actual Rows": 1,
      "Actual Loops": 1,
      "Plans": [
        {
          "Node Type": "Gather",
          "Parent Relationship": "Outer",
          "Parallel Aware": false,
          "Startup Cost": 153113.11,
          "Total Cost": 153113.52,
          "Plan Rows": 4,
          "Plan Width": 8,
          "Actual Startup Time": 109.208,
          "Actual Total Time": 128.296,
          "Actual Rows": 5,
          "Actual Loops": 1,
          "Workers Planned": 4,
          "Workers Launched": 4,
          "Single Copy": false,
          "Plans": [
            {
              "Node Type": "Aggregate",
              "Strategy": "Plain",
              "Partial Mode": "Partial",
              "Parent Relationship": "Outer",
              "Parallel Aware": false,
              "Startup Cost": 152113.11,
              "Total Cost": 152113.12,
              "Plan Rows": 1,
              "Plan Width": 8,
              "Actual Startup Time": 102.751,
              "Actual Total Time": 102.753,
              "Actual Rows": 1,
              "Actual Loops": 5,
              "Plans": [
                {
                  "Node Type": "Nested Loop",
                  "Parent Relationship": "Outer",
                  "Parallel Aware": false,
                  "Join Type": "Inner",
                  "Startup Cost": 0.56,
                  "Total Cost": 152102.02,
                  "Plan Rows": 4438,
                  "Plan Width": 0,
                  "Actual Startup Time": 51.416,
                  "Actual Total Time": 102.557,
                  "Actual Rows": 1733,
                  "Actual Loops": 5,
                  "Inner Unique": false,
                  "Plans": [
                    {
                      "Node Type": "Seq Scan",
                      "Parent Relationship": "Outer",
                      "Parallel Aware": true,
                      "Relation Name": "title",
                      "Alias": "t",
                      "Startup Cost": 0.0,
                      "Total Cost": 43899.32,
                      "Plan Rows": 927,
                      "Plan Width": 4,
                      "Actual Startup Time": 51.185,
                      "Actual Total Time": 72.006,
                      "Actual Rows": 723,
                      "Actual Loops": 5,
                      "Filter": "(production_year = 1919)",
                      "Rows Removed by Filter": 504940
                    },
                    {
                      "Node Type": "Index Scan",
                      "Parent Relationship": "Inner",
                      "Parallel Aware": false,
                      "Scan Direction": "Forward",
                      "Index Name": "movie_id_cast_info",
                      "Relation Name": "cast_info",
                      "Alias": "ci",
                      "Startup Cost": 0.56,
                      "Total Cost": 116.6,
                      "Plan Rows": 12,
                      "Plan Width": 4,
                      "Actual Startup Time": 0.035,
                      "Actual Total Time": 0.042,
                      "Actual Rows": 2,
                      "Actual Loops": 3613,
                      "Index Cond": "(movie_id = t.id)",
                      "Rows Removed by Index Recheck": 0,
                      "Filter": "(role_id > 3)",
                      "Rows Removed by Filter": 5
                    }
                  ]
                }
              ]
            }
          ]
        }
      ]
    },
    "Planning Time": 0.587,
    "Triggers": [],
    "Execution Time": 128.382
  }
]