[
    {
        "Bao": {
            "Bao prediction": "NaN",
            "Bao recommended hint": "(no hint)"
        }
    },
    {
        "Plan": {
            "Node Type": "Aggregate",
            "Strategy": "Plain",
            "Partial Mode": "Finalize",
            "Parallel Aware": false,
            "Startup Cost": 40672.7,
            "Total Cost": 40672.71,
            "Plan Rows": 1,
            "Plan Width": 8,
            "Actual Startup Time": 141.745,
            "Actual Total Time": 147.477,
            "Actual Rows": 1,
            "Actual Loops": 1,
            "Output": [
                "count(*)"
            ],
            "Plans": [
                {
                    "Node Type": "Gather",
                    "Parent Relationship": "Outer",
                    "Parallel Aware": false,
                    "Startup Cost": 40672.38,
                    "Total Cost": 40672.69,
                    "Plan Rows": 3,
                    "Plan Width": 8,
                    "Actual Startup Time": 141.488,
                    "Actual Total Time": 147.467,
                    "Actual Rows": 4,
                    "Actual Loops": 1,
                    "Output": [
                        "(PARTIAL count(*))"
                    ],
                    "Workers Planned": 3,
                    "Workers Launched": 3,
                    "Single Copy": false,
                    "Plans": [
                        {
                            "Node Type": "Aggregate",
                            "Strategy": "Plain",
                            "Partial Mode": "Partial",
                            "Parent Relationship": "Outer",
                            "Parallel Aware": false,
                            "Startup Cost": 39672.38,
                            "Total Cost": 39672.39,
                            "Plan Rows": 1,
                            "Plan Width": 8,
                            "Actual Startup Time": 132.996,
                            "Actual Total Time": 132.998,
                            "Actual Rows": 1,
                            "Actual Loops": 4,
                            "Output": [
                                "PARTIAL count(*)"
                            ],
                            "Workers": [
                                {
                                    "Worker Number": 0,
                                    "Actual Startup Time": 130.033,
                                    "Actual Total Time": 130.035,
                                    "Actual Rows": 1,
                                    "Actual Loops": 1
                                },
                                {
                                    "Worker Number": 1,
                                    "Actual Startup Time": 130.393,
                                    "Actual Total Time": 130.394,
                                    "Actual Rows": 1,
                                    "Actual Loops": 1
                                },
                                {
                                    "Worker Number": 2,
                                    "Actual Startup Time": 130.663,
                                    "Actual Total Time": 130.665,
                                    "Actual Rows": 1,
                                    "Actual Loops": 1
                                }
                            ],
                            "Plans": [
                                {
                                    "Node Type": "Bitmap Heap Scan",
                                    "Parent Relationship": "Outer",
                                    "Parallel Aware": true,
                                    "Relation Name": "movie_keyword",
                                    "Schema": "public",
                                    "Alias": "mk",
                                    "Startup Cost": 12391.75,
                                    "Total Cost": 39201.27,
                                    "Plan Rows": 188442,
                                    "Plan Width": 0,
                                    "Actual Startup Time": 53.91,
                                    "Actual Total Time": 124.347,
                                    "Actual Rows": 144809,
                                    "Actual Loops": 4,
                                    "Recheck Cond": "(mk.keyword_id > 31656)",
                                    "Rows Removed by Index Recheck": 0,
                                    "Exact Heap Blocks": 10918,
                                    "Lossy Heap Blocks": 0,
                                    "Workers": [
                                        {
                                            "Worker Number": 0,
                                            "Actual Startup Time": 51.106,
                                            "Actual Total Time": 121.911,
                                            "Actual Rows": 92722,
                                            "Actual Loops": 1
                                        },
                                        {
                                            "Worker Number": 1,
                                            "Actual Startup Time": 51.432,
                                            "Actual Total Time": 122.488,
                                            "Actual Rows": 124193,
                                            "Actual Loops": 1
                                        },
                                        {
                                            "Worker Number": 2,
                                            "Actual Startup Time": 51.613,
                                            "Actual Total Time": 122.665,
                                            "Actual Rows": 91462,
                                            "Actual Loops": 1
                                        }
                                    ],
                                    "Plans": [
                                        {
                                            "Node Type": "Bitmap Index Scan",
                                            "Parent Relationship": "Outer",
                                            "Parallel Aware": false,
                                            "Index Name": "keyword_id_movie_keyword",
                                            "Startup Cost": 0.0,
                                            "Total Cost": 12245.71,
                                            "Plan Rows": 584170,
                                            "Plan Width": 0,
                                            "Actual Startup Time": 58.103,
                                            "Actual Total Time": 58.103,
                                            "Actual Rows": 579237,
                                            "Actual Loops": 1,
                                            "Index Cond": "(mk.keyword_id > 31656)"
                                        }
                                    ]
                                }
                            ]
                        }
                    ]
                }
            ]
        },
        "Planning Time": 241.573,
        "Triggers": [],
        "Execution Time": 147.58
    }
]