[
  {
    "Plan": {
      "Node Type": "Aggregate",
      "Strategy": "Plain",
      "Partial Mode": "Finalize",
      "Parallel Aware": false,
      "Startup Cost": 47141.56,
      "Total Cost": 47141.57,
      "Plan Rows": 1,
      "Plan Width": 8,
      "Actual Startup Time": 225.849,
      "Actual Total Time": 237.925,
      "Actual Rows": 1,
      "Actual Loops": 1,
      "Plans": [
        {
          "Node Type": "Gather",
          "Parent Relationship": "Outer",
          "Parallel Aware": false,
          "Startup Cost": 47141.24,
          "Total Cost": 47141.55,
          "Plan Rows": 3,
          "Plan Width": 8,
          "Actual Startup Time": 225.706,
          "Actual Total Time": 237.916,
          "Actual Rows": 4,
          "Actual Loops": 1,
          "Workers Planned": 3,
          "Workers Launched": 3,
          "Single Copy": false,
          "Plans": [
            {
              "Node Type": "Aggregate",
              "Strategy": "Plain",
              "Partial Mode": "Partial",
              "Parent Relationship": "Outer",
              "Parallel Aware": false,
              "Startup Cost": 46141.24,
              "Total Cost": 46141.25,
              "Plan Rows": 1,
              "Plan Width": 8,
              "Actual Startup Time": 217.655,
              "Actual Total Time": 217.657,
              "Actual Rows": 1,
              "Actual Loops": 4,
              "Plans": [
                {
                  "Node Type": "Seq Scan",
                  "Parent Relationship": "Outer",
                  "Parallel Aware": true,
                  "Relation Name": "movie_keyword",
                  "Alias": "mk",
                  "Startup Cost": 0.0,
                  "Total Cost": 42695.65,
                  "Plan Rows": 1378234,
                  "Plan Width": 0,
                  "Actual Startup Time": 0.049,
                  "Actual Total Time": 155.789,
                  "Actual Rows": 1067492,
                  "Actual Loops": 4,
                  "Filter": "(keyword_id < 59984)",
                  "Rows Removed by Filter": 63490
                }
              ]
            }
          ]
        }
      ]
    },
    "Planning Time": 0.08,
    "Triggers": [],
    "Execution Time": 237.954
  }
]