[
  {
    "Plan": {
      "Node Type": "Aggregate",
      "Strategy": "Plain",
      "Partial Mode": "Finalize",
      "Parallel Aware": false,
      "Startup Cost": 32614.9,
      "Total Cost": 32614.91,
      "Plan Rows": 1,
      "Plan Width": 8,
      "Actual Startup Time": 73.784,
      "Actual Total Time": 80.678,
      "Actual Rows": 1,
      "Actual Loops": 1,
      "Plans": [
        {
          "Node Type": "Gather",
          "Parent Relationship": "Outer",
          "Parallel Aware": false,
          "Startup Cost": 32614.59,
          "Total Cost": 32614.9,
          "Plan Rows": 3,
          "Plan Width": 8,
          "Actual Startup Time": 73.658,
          "Actual Total Time": 80.668,
          "Actual Rows": 4,
          "Actual Loops": 1,
          "Workers Planned": 3,
          "Workers Launched": 3,
          "Single Copy": false,
          "Plans": [
            {
              "Node Type": "Aggregate",
              "Strategy": "Plain",
              "Partial Mode": "Partial",
              "Parent Relationship": "Outer",
              "Parallel Aware": false,
              "Startup Cost": 31614.59,
              "Total Cost": 31614.6,
              "Plan Rows": 1,
              "Plan Width": 8,
              "Actual Startup Time": 68.876,
              "Actual Total Time": 68.877,
              "Actual Rows": 1,
              "Actual Loops": 4,
              "Plans": [
                {
                  "Node Type": "Seq Scan",
                  "Parent Relationship": "Outer",
                  "Parallel Aware": true,
                  "Relation Name": "movie_companies",
                  "Alias": "mc",
                  "Startup Cost": 0.0,
                  "Total Cost": 31414.82,
                  "Plan Rows": 79907,
                  "Plan Width": 0,
                  "Actual Startup Time": 37.921,
                  "Actual Total Time": 67.327,
                  "Actual Rows": 30965,
                  "Actual Loops": 4,
                  "Filter": "((company_id < 424) AND (company_type_id = 2))",
                  "Rows Removed by Filter": 621317
                }
              ]
            }
          ]
        }
      ]
    },
    "Planning Time": 0.118,
    "Triggers": [],
    "Execution Time": 80.713
  }
]