[
    {
        "Bao": {
            "Bao prediction": 442.523,
            "Bao recommended hint": "(no hint)"
        }
    },
    {
        "Plan": {
            "Node Type": "Aggregate",
            "Strategy": "Plain",
            "Partial Mode": "Finalize",
            "Parallel Aware": false,
            "Startup Cost": 32901.75,
            "Total Cost": 32901.76,
            "Plan Rows": 1,
            "Plan Width": 8,
            "Actual Startup Time": 100.464,
            "Actual Total Time": 105.571,
            "Actual Rows": 1,
            "Actual Loops": 1,
            "Output": [
                "count(*)"
            ],
            "Plans": [
                {
                    "Node Type": "Gather",
                    "Parent Relationship": "Outer",
                    "Parallel Aware": false,
                    "Startup Cost": 32901.43,
                    "Total Cost": 32901.74,
                    "Plan Rows": 3,
                    "Plan Width": 8,
                    "Actual Startup Time": 100.363,
                    "Actual Total Time": 105.565,
                    "Actual Rows": 4,
                    "Actual Loops": 1,
                    "Output": [
                        "(PARTIAL count(*))"
                    ],
                    "Workers Planned": 3,
                    "Workers Launched": 3,
                    "Single Copy": false,
                    "Plans": [
                        {
                            "Node Type": "Aggregate",
                            "Strategy": "Plain",
                            "Partial Mode": "Partial",
                            "Parent Relationship": "Outer",
                            "Parallel Aware": false,
                            "Startup Cost": 31901.43,
                            "Total Cost": 31901.44,
                            "Plan Rows": 1,
                            "Plan Width": 8,
                            "Actual Startup Time": 92.522,
                            "Actual Total Time": 92.523,
                            "Actual Rows": 1,
                            "Actual Loops": 4,
                            "Output": [
                                "PARTIAL count(*)"
                            ],
                            "Workers": [
                                {
                                    "Worker Number": 0,
                                    "Actual Startup Time": 90.095,
                                    "Actual Total Time": 90.096,
                                    "Actual Rows": 1,
                                    "Actual Loops": 1
                                },
                                {
                                    "Worker Number": 1,
                                    "Actual Startup Time": 90.123,
                                    "Actual Total Time": 90.125,
                                    "Actual Rows": 1,
                                    "Actual Loops": 1
                                },
                                {
                                    "Worker Number": 2,
                                    "Actual Startup Time": 90.122,
                                    "Actual Total Time": 90.122,
                                    "Actual Rows": 1,
                                    "Actual Loops": 1
                                }
                            ],
                            "Plans": [
                                {
                                    "Node Type": "Seq Scan",
                                    "Parent Relationship": "Outer",
                                    "Parallel Aware": true,
                                    "Relation Name": "movie_companies",
                                    "Schema": "public",
                                    "Alias": "mc",
                                    "Startup Cost": 0.0,
                                    "Total Cost": 31414.82,
                                    "Plan Rows": 194644,
                                    "Plan Width": 0,
                                    "Actual Startup Time": 50.483,
                                    "Actual Total Time": 86.853,
                                    "Actual Rows": 97771,
                                    "Actual Loops": 4,
                                    "Output": [
                                        "id",
                                        "movie_id",
                                        "company_id",
                                        "company_type_id",
                                        "note"
                                    ],
                                    "Filter": "((mc.company_id < 10248) AND (mc.company_type_id > 1))",
                                    "Rows Removed by Filter": 554511,
                                    "Workers": [
                                        {
                                            "Worker Number": 0,
                                            "Actual Startup Time": 48.052,
                                            "Actual Total Time": 84.669,
                                            "Actual Rows": 80348,
                                            "Actual Loops": 1
                                        },
                                        {
                                            "Worker Number": 1,
                                            "Actual Startup Time": 48.091,
                                            "Actual Total Time": 84.645,
                                            "Actual Rows": 81095,
                                            "Actual Loops": 1
                                        },
                                        {
                                            "Worker Number": 2,
                                            "Actual Startup Time": 48.083,
                                            "Actual Total Time": 84.686,
                                            "Actual Rows": 80125,
                                            "Actual Loops": 1
                                        }
                                    ]
                                }
                            ]
                        }
                    ]
                }
            ]
        },
        "Planning Time": 1262.291,
        "Triggers": [],
        "Execution Time": 105.652
    }
]