[
  {
    "Plan": {
      "Node Type": "Aggregate",
      "Strategy": "Plain",
      "Partial Mode": "Finalize",
      "Parallel Aware": false,
      "Startup Cost": 130088.61,
      "Total Cost": 130088.62,
      "Plan Rows": 1,
      "Plan Width": 8,
      "Actual Startup Time": 1720.197,
      "Actual Total Time": 1740.424,
      "Actual Rows": 1,
      "Actual Loops": 1,
      "Plans": [
        {
          "Node Type": "Gather",
          "Parent Relationship": "Outer",
          "Parallel Aware": false,
          "Startup Cost": 130088.3,
          "Total Cost": 130088.61,
          "Plan Rows": 3,
          "Plan Width": 8,
          "Actual Startup Time": 1712.913,
          "Actual Total Time": 1740.415,
          "Actual Rows": 4,
          "Actual Loops": 1,
          "Workers Planned": 3,
          "Workers Launched": 3,
          "Single Copy": false,
          "Plans": [
            {
              "Node Type": "Aggregate",
              "Strategy": "Plain",
              "Partial Mode": "Partial",
              "Parent Relationship": "Outer",
              "Parallel Aware": false,
              "Startup Cost": 129088.3,
              "Total Cost": 129088.31,
              "Plan Rows": 1,
              "Plan Width": 8,
              "Actual Startup Time": 1702.539,
              "Actual Total Time": 1702.545,
              "Actual Rows": 1,
              "Actual Loops": 4,
              "Plans": [
                {
                  "Node Type": "Hash Join",
                  "Parent Relationship": "Outer",
                  "Parallel Aware": true,
                  "Join Type": "Inner",
                  "Startup Cost": 79561.7,
                  "Total Cost": 128237.41,
                  "Plan Rows": 340354,
                  "Plan Width": 0,
                  "Actual Startup Time": 614.672,
                  "Actual Total Time": 1369.795,
                  "Actual Rows": 6883843,
                  "Actual Loops": 4,
                  "Inner Unique": false,
                  "Hash Cond": "(mk.movie_id = t.id)",
                  "Plans": [
                    {
                      "Node Type": "Seq Scan",
                      "Parent Relationship": "Outer",
                      "Parallel Aware": true,
                      "Relation Name": "movie_keyword",
                      "Alias": "mk",
                      "Startup Cost": 0.0,
                      "Total Cost": 42695.65,
                      "Plan Rows": 1301903,
                      "Plan Width": 4,
                      "Actual Startup Time": 0.072,
                      "Actual Total Time": 129.925,
                      "Actual Rows": 1005486,
                      "Actual Loops": 4,
                      "Filter": "(keyword_id > 359)",
                      "Rows Removed by Filter": 125496
                    },
                    {
                      "Node Type": "Hash",
                      "Parent Relationship": "Inner",
                      "Parallel Aware": true,
                      "Startup Cost": 76896.51,
                      "Total Cost": 76896.51,
                      "Plan Rows": 213215,
                      "Plan Width": 8,
                      "Actual Startup Time": 564.991,
                      "Actual Total Time": 564.995,
                      "Actual Rows": 315352,
                      "Actual Loops": 4,
                      "Hash Buckets": 2097152,
                      "Original Hash Buckets": 1048576,
                      "Hash Batches": 1,
                      "Original Hash Batches": 1,
                      "Peak Memory Usage": 73984,
                      "Plans": [
                        {
                          "Node Type": "Hash Join",
                          "Parent Relationship": "Outer",
                          "Parallel Aware": true,
                          "Join Type": "Inner",
                          "Startup Cost": 47480.62,
                          "Total Cost": 76896.51,
                          "Plan Rows": 213215,
                          "Plan Width": 8,
                          "Actual Startup Time": 218.086,
                          "Actual Total Time": 431.723,
                          "Actual Rows": 315352,
                          "Actual Loops": 4,
                          "Inner Unique": true,
                          "Hash Cond": "(mc.movie_id = t.id)",
                          "Plans": [
                            {
                              "Node Type": "Seq Scan",
                              "Parent Relationship": "Outer",
                              "Parallel Aware": true,
                              "Relation Name": "movie_companies",
                              "Alias": "mc",
                              "Startup Cost": 0.0,
                              "Total Cost": 27206.55,
                              "Plan Rows": 841655,
                              "Plan Width": 4,
                              "Actual Startup Time": 0.018,
                              "Actual Total Time": 71.411,
                              "Actual Rows": 652282,
                              "Actual Loops": 4
                            },
                            {
                              "Node Type": "Hash",
                              "Parent Relationship": "Inner",
                              "Parallel Aware": true,
                              "Startup Cost": 45479.1,
                              "Total Cost": 45479.1,
                              "Plan Rows": 160122,
                              "Plan Width": 4,
                              "Actual Startup Time": 180.607,
                              "Actual Total Time": 180.608,
                              "Actual Rows": 159483,
                              "Actual Loops": 4,
                              "Hash Buckets": 1048576,
                              "Original Hash Buckets": 1048576,
                              "Hash Batches": 1,
                              "Original Hash Batches": 1,
                              "Peak Memory Usage": 33248,
                              "Plans": [
                                {
                                  "Node Type": "Seq Scan",
                                  "Parent Relationship": "Outer",
                                  "Parallel Aware": true,
                                  "Relation Name": "title",
                                  "Alias": "t",
                                  "Startup Cost": 0.0,
                                  "Total Cost": 45479.1,
                                  "Plan Rows": 160122,
                                  "Plan Width": 4,
                                  "Actual Startup Time": 53.84,
                                  "Actual Total Time": 120.003,
                                  "Actual Rows": 159483,
                                  "Actual Loops": 4,
                                  "Filter": "((production_year > 1907) AND (kind_id = 1))",
                                  "Rows Removed by Filter": 472595
                                }
                              ]
                            }
                          ]
                        }
                      ]
                    }
                  ]
                }
              ]
            }
          ]
        }
      ]
    },
    "Planning Time": 1.408,
    "Triggers": [],
    "Execution Time": 1740.507
  }
]