[
  {
    "Plan": {
      "Node Type": "Aggregate",
      "Strategy": "Plain",
      "Partial Mode": "Finalize",
      "Parallel Aware": false,
      "Startup Cost": 45091.71,
      "Total Cost": 45091.72,
      "Plan Rows": 1,
      "Plan Width": 8,
      "Actual Startup Time": 137.878,
      "Actual Total Time": 147.053,
      "Actual Rows": 1,
      "Actual Loops": 1,
      "Plans": [
        {
          "Node Type": "Gather",
          "Parent Relationship": "Outer",
          "Parallel Aware": false,
          "Startup Cost": 45091.39,
          "Total Cost": 45091.7,
          "Plan Rows": 3,
          "Plan Width": 8,
          "Actual Startup Time": 137.773,
          "Actual Total Time": 147.044,
          "Actual Rows": 4,
          "Actual Loops": 1,
          "Workers Planned": 3,
          "Workers Launched": 3,
          "Single Copy": false,
          "Plans": [
            {
              "Node Type": "Aggregate",
              "Strategy": "Plain",
              "Partial Mode": "Partial",
              "Parent Relationship": "Outer",
              "Parallel Aware": false,
              "Startup Cost": 44091.39,
              "Total Cost": 44091.4,
              "Plan Rows": 1,
              "Plan Width": 8,
              "Actual Startup Time": 130.698,
              "Actual Total Time": 130.699,
              "Actual Rows": 1,
              "Actual Loops": 4,
              "Plans": [
                {
                  "Node Type": "Seq Scan",
                  "Parent Relationship": "Outer",
                  "Parallel Aware": true,
                  "Relation Name": "movie_keyword",
                  "Alias": "mk",
                  "Startup Cost": 0.0,
                  "Total Cost": 42695.65,
                  "Plan Rows": 558296,
                  "Plan Width": 0,
                  "Actual Startup Time": 0.05,
                  "Actual Total Time": 109.612,
                  "Actual Rows": 435530,
                  "Actual Loops": 4,
                  "Filter": "(keyword_id < 2849)",
                  "Rows Removed by Filter": 695453
                }
              ]
            }
          ]
        }
      ]
    },
    "Planning Time": 0.149,
    "Triggers": [],
    "Execution Time": 147.099
  }
]