{
  "Plan": {
    "Node Type": "Aggregate",
    "Strategy": "Plain",
    "Partial Mode": "Finalize",
    "Parallel Aware": false,
    "Startup Cost": 164244.73,
    "Total Cost": 164244.74,
    "Plan Rows": 1,
    "Plan Width": 8,
    "Actual Startup Time": 1250.833,
    "Actual Total Time": 1274.971,
    "Actual Rows": 1,
    "Actual Loops": 1,
    "Plans": [
      {
        "Node Type": "Gather",
        "Parent Relationship": "Outer",
        "Parallel Aware": false,
        "Startup Cost": 164244.62,
        "Total Cost": 164244.73,
        "Plan Rows": 1,
        "Plan Width": 8,
        "Actual Startup Time": 1243.368,
        "Actual Total Time": 1274.964,
        "Actual Rows": 2,
        "Actual Loops": 1,
        "Workers Planned": 1,
        "Workers Launched": 1,
        "Single Copy": false,
        "Plans": [
          {
            "Node Type": "Aggregate",
            "Strategy": "Plain",
            "Partial Mode": "Partial",
            "Parent Relationship": "Outer",
            "Parallel Aware": false,
            "Startup Cost": 163244.62,
            "Total Cost": 163244.63,
            "Plan Rows": 1,
            "Plan Width": 8,
            "Actual Startup Time": 1234.466,
            "Actual Total Time": 1234.478,
            "Actual Rows": 1,
            "Actual Loops": 2,
            "Plans": [
              {
                "Node Type": "Hash Join",
                "Parent Relationship": "Outer",
                "Parallel Aware": true,
                "Join Type": "Inner",
                "Startup Cost": 130684.64,
                "Total Cost": 162415.28,
                "Plan Rows": 331734,
                "Plan Width": 0,
                "Actual Startup Time": 971.826,
                "Actual Total Time": 1196.222,
                "Actual Rows": 902422,
                "Actual Loops": 2,
                "Inner Unique": false,
                "Hash Cond": "(ci.movie_id = t.id)",
                "Plans": [
                  {
                    "Node Type": "Index Scan",
                    "Parent Relationship": "Outer",
                    "Parallel Aware": true,
                    "Scan Direction": "Forward",
                    "Index Name": "role_id_cast_info",
                    "Relation Name": "cast_info",
                    "Alias": "ci",
                    "Startup Cost": 0.56,
                    "Total Cost": 27781.96,
                    "Plan Rows": 532765,
                    "Plan Width": 4,
                    "Actual Startup Time": 0.101,
                    "Actual Total Time": 58.376,
                    "Actual Rows": 449194,
                    "Actual Loops": 2,
                    "Index Cond": "(role_id = 5)",
                    "Rows Removed by Index Recheck": 0
                  },
                  {
                    "Node Type": "Hash",
                    "Parent Relationship": "Inner",
                    "Parallel Aware": true,
                    "Startup Cost": 119108.5,
                    "Total Cost": 119108.5,
                    "Plan Rows": 926046,
                    "Plan Width": 8,
                    "Actual Startup Time": 957.061,
                    "Actual Total Time": 957.071,
                    "Actual Rows": 1074202,
                    "Actual Loops": 2,
                    "Hash Buckets": 4194304,
                    "Original Hash Buckets": 2097152,
                    "Hash Batches": 1,
                    "Original Hash Batches": 1,
                    "Peak Memory Usage": 133248,
                    "Plans": [
                      {
                        "Node Type": "Hash Join",
                        "Parent Relationship": "Outer",
                        "Parallel Aware": true,
                        "Join Type": "Inner",
                        "Startup Cost": 61057.65,
                        "Total Cost": 119108.5,
                        "Plan Rows": 926046,
                        "Plan Width": 8,
                        "Actual Startup Time": 266.105,
                        "Actual Total Time": 723.579,
                        "Actual Rows": 1074202,
                        "Actual Loops": 2,
                        "Inner Unique": true,
                        "Hash Cond": "(mk.movie_id = t.id)",
                        "Plans": [
                          {
                            "Node Type": "Seq Scan",
                            "Parent Relationship": "Outer",
                            "Parallel Aware": true,
                            "Relation Name": "movie_keyword",
                            "Alias": "mk",
                            "Startup Cost": 0.0,
                            "Total Cost": 51065.35,
                            "Plan Rows": 2661135,
                            "Plan Width": 4,
                            "Actual Startup Time": 0.012,
                            "Actual Total Time": 157.024,
                            "Actual Rows": 2261965,
                            "Actual Loops": 2
                          },
                          {
                            "Node Type": "Hash",
                            "Parent Relationship": "Inner",
                            "Parallel Aware": true,
                            "Startup Cost": 54588.39,
                            "Total Cost": 54588.39,
                            "Plan Rows": 517541,
                            "Plan Width": 4,
                            "Actual Startup Time": 262.135,
                            "Actual Total Time": 262.136,
                            "Actual Rows": 442825,
                            "Actual Loops": 2,
                            "Hash Buckets": 1048576,
                            "Original Hash Buckets": 1048576,
                            "Hash Batches": 1,
                            "Original Hash Batches": 1,
                            "Peak Memory Usage": 42848,
                            "Plans": [
                              {
                                "Node Type": "Seq Scan",
                                "Parent Relationship": "Outer",
                                "Parallel Aware": true,
                                "Relation Name": "title",
                                "Alias": "t",
                                "Startup Cost": 0.0,
                                "Total Cost": 54588.39,
                                "Plan Rows": 517541,
                                "Plan Width": 4,
                                "Actual Startup Time": 0.031,
                                "Actual Total Time": 154.334,
                                "Actual Rows": 442825,
                                "Actual Loops": 2,
                                "Filter": "(production_year < 1997)",
                                "Rows Removed by Filter": 821331
                              }
                            ]
                          }
                        ]
                      }
                    ]
                  }
                ]
              }
            ]
          }
        ]
      }
    ]
  },
  "Planning Time": 0.864,
  "Triggers": [],
  "Execution Time": 1275.114
}