[
  {
    "Plan": {
      "Node Type": "Aggregate",
      "Strategy": "Plain",
      "Partial Mode": "Finalize",
      "Parallel Aware": false,
      "Startup Cost": 332577.49,
      "Total Cost": 332577.5,
      "Plan Rows": 1,
      "Plan Width": 8,
      "Actual Startup Time": 662.996,
      "Actual Total Time": 712.848,
      "Actual Rows": 1,
      "Actual Loops": 1,
      "Plans": [
        {
          "Node Type": "Gather",
          "Parent Relationship": "Outer",
          "Parallel Aware": false,
          "Startup Cost": 332576.87,
          "Total Cost": 332577.48,
          "Plan Rows": 6,
          "Plan Width": 8,
          "Actual Startup Time": 662.685,
          "Actual Total Time": 712.835,
          "Actual Rows": 7,
          "Actual Loops": 1,
          "Workers Planned": 6,
          "Workers Launched": 6,
          "Single Copy": false,
          "Plans": [
            {
              "Node Type": "Aggregate",
              "Strategy": "Plain",
              "Partial Mode": "Partial",
              "Parent Relationship": "Outer",
              "Parallel Aware": false,
              "Startup Cost": 331576.87,
              "Total Cost": 331576.88,
              "Plan Rows": 1,
              "Plan Width": 8,
              "Actual Startup Time": 654.343,
              "Actual Total Time": 654.348,
              "Actual Rows": 1,
              "Actual Loops": 7,
              "Plans": [
                {
                  "Node Type": "Seq Scan",
                  "Parent Relationship": "Outer",
                  "Parallel Aware": true,
                  "Relation Name": "cast_info",
                  "Alias": "ci",
                  "Startup Cost": 0.0,
                  "Total Cost": 328211.39,
                  "Plan Rows": 1346191,
                  "Plan Width": 0,
                  "Actual Startup Time": 349.591,
                  "Actual Total Time": 595.173,
                  "Actual Rows": 1147166,
                  "Actual Loops": 7,
                  "Filter": "(person_id > 2877401)",
                  "Rows Removed by Filter": 4030598
                }
              ]
            }
          ]
        }
      ]
    },
    "Planning Time": 0.118,
    "Triggers": [],
    "Execution Time": 712.899
  }
]