[
  {
    "Plan": {
      "Node Type": "Aggregate",
      "Strategy": "Plain",
      "Partial Mode": "Finalize",
      "Parallel Aware": false,
      "Startup Cost": 33431.11,
      "Total Cost": 33431.12,
      "Plan Rows": 1,
      "Plan Width": 8,
      "Actual Startup Time": 106.007,
      "Actual Total Time": 113.825,
      "Actual Rows": 1,
      "Actual Loops": 1,
      "Plans": [
        {
          "Node Type": "Gather",
          "Parent Relationship": "Outer",
          "Parallel Aware": false,
          "Startup Cost": 33430.79,
          "Total Cost": 33431.1,
          "Plan Rows": 3,
          "Plan Width": 8,
          "Actual Startup Time": 105.876,
          "Actual Total Time": 113.816,
          "Actual Rows": 4,
          "Actual Loops": 1,
          "Workers Planned": 3,
          "Workers Launched": 3,
          "Single Copy": false,
          "Plans": [
            {
              "Node Type": "Aggregate",
              "Strategy": "Plain",
              "Partial Mode": "Partial",
              "Parent Relationship": "Outer",
              "Parallel Aware": false,
              "Startup Cost": 32430.79,
              "Total Cost": 32430.8,
              "Plan Rows": 1,
              "Plan Width": 8,
              "Actual Startup Time": 98.446,
              "Actual Total Time": 98.447,
              "Actual Rows": 1,
              "Actual Loops": 4,
              "Plans": [
                {
                  "Node Type": "Seq Scan",
                  "Parent Relationship": "Outer",
                  "Parallel Aware": true,
                  "Relation Name": "movie_companies",
                  "Alias": "mc",
                  "Startup Cost": 0.0,
                  "Total Cost": 31414.82,
                  "Plan Rows": 406388,
                  "Plan Width": 0,
                  "Actual Startup Time": 46.655,
                  "Actual Total Time": 85.716,
                  "Actual Rows": 302849,
                  "Actual Loops": 4,
                  "Filter": "((company_id < 144551) AND (company_type_id = 2))",
                  "Rows Removed by Filter": 349434
                }
              ]
            }
          ]
        }
      ]
    },
    "Planning Time": 0.19,
    "Triggers": [],
    "Execution Time": 113.875
  }
]