[
  {
    "Plan": {
      "Node Type": "Aggregate",
      "Strategy": "Plain",
      "Partial Mode": "Finalize",
      "Parallel Aware": false,
      "Startup Cost": 340288.41,
      "Total Cost": 340288.42,
      "Plan Rows": 1,
      "Plan Width": 8,
      "Actual Startup Time": 823.285,
      "Actual Total Time": 877.572,
      "Actual Rows": 1,
      "Actual Loops": 1,
      "Plans": [
        {
          "Node Type": "Gather",
          "Parent Relationship": "Outer",
          "Parallel Aware": false,
          "Startup Cost": 340287.79,
          "Total Cost": 340288.4,
          "Plan Rows": 6,
          "Plan Width": 8,
          "Actual Startup Time": 823.069,
          "Actual Total Time": 877.558,
          "Actual Rows": 7,
          "Actual Loops": 1,
          "Workers Planned": 6,
          "Workers Launched": 6,
          "Single Copy": false,
          "Plans": [
            {
              "Node Type": "Aggregate",
              "Strategy": "Plain",
              "Partial Mode": "Partial",
              "Parent Relationship": "Outer",
              "Parallel Aware": false,
              "Startup Cost": 339287.79,
              "Total Cost": 339287.8,
              "Plan Rows": 1,
              "Plan Width": 8,
              "Actual Startup Time": 815.666,
              "Actual Total Time": 815.667,
              "Actual Rows": 1,
              "Actual Loops": 7,
              "Plans": [
                {
                  "Node Type": "Seq Scan",
                  "Parent Relationship": "Outer",
                  "Parallel Aware": true,
                  "Relation Name": "cast_info",
                  "Alias": "ci",
                  "Startup Cost": 0.0,
                  "Total Cost": 328211.39,
                  "Plan Rows": 4430559,
                  "Plan Width": 0,
                  "Actual Startup Time": 115.934,
                  "Actual Total Time": 634.656,
                  "Actual Rows": 3785979,
                  "Actual Loops": 7,
                  "Filter": "(person_id > 957667)",
                  "Rows Removed by Filter": 1391785
                }
              ]
            }
          ]
        }
      ]
    },
    "Planning Time": 0.084,
    "Triggers": [],
    "Execution Time": 877.612
  }
]