[
  {
    "Plan": {
      "Node Type": "Aggregate",
      "Strategy": "Plain",
      "Partial Mode": "Finalize",
      "Parallel Aware": false,
      "Startup Cost": 349520.6,
      "Total Cost": 349520.61,
      "Plan Rows": 1,
      "Plan Width": 8,
      "Actual Startup Time": 731.699,
      "Actual Total Time": 789.711,
      "Actual Rows": 1,
      "Actual Loops": 1,
      "Plans": [
        {
          "Node Type": "Gather",
          "Parent Relationship": "Outer",
          "Parallel Aware": false,
          "Startup Cost": 349519.97,
          "Total Cost": 349520.58,
          "Plan Rows": 6,
          "Plan Width": 8,
          "Actual Startup Time": 731.542,
          "Actual Total Time": 789.701,
          "Actual Rows": 7,
          "Actual Loops": 1,
          "Workers Planned": 6,
          "Workers Launched": 6,
          "Single Copy": false,
          "Plans": [
            {
              "Node Type": "Aggregate",
              "Strategy": "Plain",
              "Partial Mode": "Partial",
              "Parent Relationship": "Outer",
              "Parallel Aware": false,
              "Startup Cost": 348519.97,
              "Total Cost": 348519.98,
              "Plan Rows": 1,
              "Plan Width": 8,
              "Actual Startup Time": 722.918,
              "Actual Total Time": 722.919,
              "Actual Rows": 1,
              "Actual Loops": 7,
              "Plans": [
                {
                  "Node Type": "Seq Scan",
                  "Parent Relationship": "Outer",
                  "Parallel Aware": true,
                  "Relation Name": "cast_info",
                  "Alias": "ci",
                  "Startup Cost": 0.0,
                  "Total Cost": 343257.03,
                  "Plan Rows": 2105177,
                  "Plan Width": 0,
                  "Actual Startup Time": 249.117,
                  "Actual Total Time": 656.83,
                  "Actual Rows": 1462292,
                  "Actual Loops": 7,
                  "Filter": "((person_id > 1978796) AND (role_id < 6))",
                  "Rows Removed by Filter": 3715471
                }
              ]
            }
          ]
        }
      ]
    },
    "Planning Time": 0.22,
    "Triggers": [],
    "Execution Time": 789.783
  }
]