[
  {
    "Plan": {
      "Node Type": "Aggregate",
      "Strategy": "Plain",
      "Partial Mode": "Finalize",
      "Parallel Aware": false,
      "Startup Cost": 32628.06,
      "Total Cost": 32628.07,
      "Plan Rows": 1,
      "Plan Width": 8,
      "Actual Startup Time": 82.998,
      "Actual Total Time": 91.718,
      "Actual Rows": 1,
      "Actual Loops": 1,
      "Plans": [
        {
          "Node Type": "Gather",
          "Parent Relationship": "Outer",
          "Parallel Aware": false,
          "Startup Cost": 32627.74,
          "Total Cost": 32628.05,
          "Plan Rows": 3,
          "Plan Width": 8,
          "Actual Startup Time": 82.881,
          "Actual Total Time": 91.706,
          "Actual Rows": 4,
          "Actual Loops": 1,
          "Workers Planned": 3,
          "Workers Launched": 3,
          "Single Copy": false,
          "Plans": [
            {
              "Node Type": "Aggregate",
              "Strategy": "Plain",
              "Partial Mode": "Partial",
              "Parent Relationship": "Outer",
              "Parallel Aware": false,
              "Startup Cost": 31627.74,
              "Total Cost": 31627.75,
              "Plan Rows": 1,
              "Plan Width": 8,
              "Actual Startup Time": 77.173,
              "Actual Total Time": 77.175,
              "Actual Rows": 1,
              "Actual Loops": 4,
              "Plans": [
                {
                  "Node Type": "Seq Scan",
                  "Parent Relationship": "Outer",
                  "Parallel Aware": true,
                  "Relation Name": "movie_companies",
                  "Alias": "mc",
                  "Startup Cost": 0.0,
                  "Total Cost": 31414.82,
                  "Plan Rows": 85168,
                  "Plan Width": 0,
                  "Actual Startup Time": 43.316,
                  "Actual Total Time": 75.297,
                  "Actual Rows": 34198,
                  "Actual Loops": 4,
                  "Filter": "((company_id < 468) AND (company_type_id = 2))",
                  "Rows Removed by Filter": 618084
                }
              ]
            }
          ]
        }
      ]
    },
    "Planning Time": 0.205,
    "Triggers": [],
    "Execution Time": 91.779
  }
]