[
    {
        "Bao": {
            "Bao prediction": "NaN",
            "Bao recommended hint": "(no hint)"
        }
    },
    {
        "Plan": {
            "Node Type": "Aggregate",
            "Strategy": "Plain",
            "Partial Mode": "Finalize",
            "Parallel Aware": false,
            "Startup Cost": 43433.75,
            "Total Cost": 43433.76,
            "Plan Rows": 1,
            "Plan Width": 8,
            "Actual Startup Time": 143.126,
            "Actual Total Time": 149.354,
            "Actual Rows": 1,
            "Actual Loops": 1,
            "Output": [
                "count(*)"
            ],
            "Plans": [
                {
                    "Node Type": "Gather",
                    "Parent Relationship": "Outer",
                    "Parallel Aware": false,
                    "Startup Cost": 43433.44,
                    "Total Cost": 43433.75,
                    "Plan Rows": 3,
                    "Plan Width": 8,
                    "Actual Startup Time": 142.739,
                    "Actual Total Time": 149.346,
                    "Actual Rows": 4,
                    "Actual Loops": 1,
                    "Output": [
                        "(PARTIAL count(*))"
                    ],
                    "Workers Planned": 3,
                    "Workers Launched": 3,
                    "Single Copy": false,
                    "Plans": [
                        {
                            "Node Type": "Aggregate",
                            "Strategy": "Plain",
                            "Partial Mode": "Partial",
                            "Parent Relationship": "Outer",
                            "Parallel Aware": false,
                            "Startup Cost": 42433.44,
                            "Total Cost": 42433.45,
                            "Plan Rows": 1,
                            "Plan Width": 8,
                            "Actual Startup Time": 133.668,
                            "Actual Total Time": 133.67,
                            "Actual Rows": 1,
                            "Actual Loops": 4,
                            "Output": [
                                "PARTIAL count(*)"
                            ],
                            "Workers": [
                                {
                                    "Worker Number": 0,
                                    "Actual Startup Time": 130.804,
                                    "Actual Total Time": 130.805,
                                    "Actual Rows": 1,
                                    "Actual Loops": 1
                                },
                                {
                                    "Worker Number": 1,
                                    "Actual Startup Time": 130.688,
                                    "Actual Total Time": 130.69,
                                    "Actual Rows": 1,
                                    "Actual Loops": 1
                                },
                                {
                                    "Worker Number": 2,
                                    "Actual Startup Time": 131.107,
                                    "Actual Total Time": 131.109,
                                    "Actual Rows": 1,
                                    "Actual Loops": 1
                                }
                            ],
                            "Plans": [
                                {
                                    "Node Type": "Bitmap Heap Scan",
                                    "Parent Relationship": "Outer",
                                    "Parallel Aware": true,
                                    "Relation Name": "movie_keyword",
                                    "Schema": "public",
                                    "Alias": "mk",
                                    "Startup Cost": 14640.42,
                                    "Total Cost": 41876.93,
                                    "Plan Rows": 222601,
                                    "Plan Width": 0,
                                    "Actual Startup Time": 42.131,
                                    "Actual Total Time": 124.055,
                                    "Actual Rows": 173927,
                                    "Actual Loops": 4,
                                    "Recheck Cond": "(mk.keyword_id < 579)",
                                    "Rows Removed by Index Recheck": 0,
                                    "Exact Heap Blocks": 10316,
                                    "Lossy Heap Blocks": 0,
                                    "Workers": [
                                        {
                                            "Worker Number": 0,
                                            "Actual Startup Time": 39.316,
                                            "Actual Total Time": 122.345,
                                            "Actual Rows": 98878,
                                            "Actual Loops": 1
                                        },
                                        {
                                            "Worker Number": 1,
                                            "Actual Startup Time": 39.366,
                                            "Actual Total Time": 121.707,
                                            "Actual Rows": 150427,
                                            "Actual Loops": 1
                                        },
                                        {
                                            "Worker Number": 2,
                                            "Actual Startup Time": 39.647,
                                            "Actual Total Time": 122.202,
                                            "Actual Rows": 153417,
                                            "Actual Loops": 1
                                        }
                                    ],
                                    "Plans": [
                                        {
                                            "Node Type": "Bitmap Index Scan",
                                            "Parent Relationship": "Outer",
                                            "Parallel Aware": false,
                                            "Index Name": "keyword_id_movie_keyword",
                                            "Startup Cost": 0.0,
                                            "Total Cost": 14467.91,
                                            "Plan Rows": 690063,
                                            "Plan Width": 0,
                                            "Actual Startup Time": 46.669,
                                            "Actual Total Time": 46.67,
                                            "Actual Rows": 695709,
                                            "Actual Loops": 1,
                                            "Index Cond": "(mk.keyword_id < 579)"
                                        }
                                    ]
                                }
                            ]
                        }
                    ]
                }
            ]
        },
        "Planning Time": 188.623,
        "Triggers": [],
        "Execution Time": 149.471
    }
]