{
    "Plan": {
        "Node Type": "Aggregate",
        "Strategy": "Plain",
        "Partial Mode": "Finalize",
        "Parallel Aware": false,
        "Startup Cost": 148763.28,
        "Total Cost": 148763.29,
        "Plan Rows": 1,
        "Plan Width": 8,
        "Actual Startup Time": 840.629,
        "Actual Total Time": 879.772,
        "Actual Rows": 1,
        "Actual Loops": 1,
        "Output": [
            "count(*)"
        ],
        "Plans": [
            {
                "Node Type": "Gather",
                "Parent Relationship": "Outer",
                "Parallel Aware": false,
                "Startup Cost": 148763.17,
                "Total Cost": 148763.28,
                "Plan Rows": 1,
                "Plan Width": 8,
                "Actual Startup Time": 838.581,
                "Actual Total Time": 879.761,
                "Actual Rows": 2,
                "Actual Loops": 1,
                "Output": [
                    "(PARTIAL count(*))"
                ],
                "Workers Planned": 1,
                "Workers Launched": 1,
                "Single Copy": false,
                "Plans": [
                    {
                        "Node Type": "Aggregate",
                        "Strategy": "Plain",
                        "Partial Mode": "Partial",
                        "Parent Relationship": "Outer",
                        "Parallel Aware": false,
                        "Startup Cost": 147763.17,
                        "Total Cost": 147763.18,
                        "Plan Rows": 1,
                        "Plan Width": 8,
                        "Actual Startup Time": 824.715,
                        "Actual Total Time": 824.722,
                        "Actual Rows": 1,
                        "Actual Loops": 2,
                        "Output": [
                            "PARTIAL count(*)"
                        ],
                        "Workers": [
                            {
                                "Worker Number": 0,
                                "Actual Startup Time": 811.453,
                                "Actual Total Time": 811.458,
                                "Actual Rows": 1,
                                "Actual Loops": 1
                            }
                        ],
                        "Plans": [
                            {
                                "Node Type": "Nested Loop",
                                "Parent Relationship": "Outer",
                                "Parallel Aware": false,
                                "Join Type": "Inner",
                                "Startup Cost": 50220.81,
                                "Total Cost": 147749.37,
                                "Plan Rows": 5518,
                                "Plan Width": 0,
                                "Actual Startup Time": 609.216,
                                "Actual Total Time": 823.869,
                                "Actual Rows": 11067,
                                "Actual Loops": 2,
                                "Inner Unique": false,
                                "Workers": [
                                    {
                                        "Worker Number": 0,
                                        "Actual Startup Time": 597.299,
                                        "Actual Total Time": 810.756,
                                        "Actual Rows": 7250,
                                        "Actual Loops": 1
                                    }
                                ],
                                "Plans": [
                                    {
                                        "Node Type": "Hash Join",
                                        "Parent Relationship": "Outer",
                                        "Parallel Aware": true,
                                        "Join Type": "Inner",
                                        "Startup Cost": 50220.37,
                                        "Total Cost": 133229.18,
                                        "Plan Rows": 9092,
                                        "Plan Width": 8,
                                        "Actual Startup Time": 609.104,
                                        "Actual Total Time": 634.251,
                                        "Actual Rows": 14410,
                                        "Actual Loops": 2,
                                        "Output": [
                                            "t.id",
                                            "ci.movie_id"
                                        ],
                                        "Inner Unique": true,
                                        "Hash Cond": "(ci.movie_id = t.id)",
                                        "Workers": [
                                            {
                                                "Worker Number": 0,
                                                "Actual Startup Time": 597.118,
                                                "Actual Total Time": 618.884,
                                                "Actual Rows": 9373,
                                                "Actual Loops": 1
                                            }
                                        ],
                                        "Plans": [
                                            {
                                                "Node Type": "Index Scan",
                                                "Parent Relationship": "Outer",
                                                "Parallel Aware": true,
                                                "Scan Direction": "Forward",
                                                "Index Name": "person_id_cast_info",
                                                "Relation Name": "cast_info",
                                                "Schema": "public",
                                                "Alias": "ci",
                                                "Startup Cost": 0.56,
                                                "Total Cost": 82985.51,
                                                "Plan Rows": 9092,
                                                "Plan Width": 4,
                                                "Actual Startup Time": 0.055,
                                                "Actual Total Time": 8.444,
                                                "Actual Rows": 14410,
                                                "Actual Loops": 2,
                                                "Output": [
                                                    "ci.id",
                                                    "ci.person_id",
                                                    "ci.movie_id",
                                                    "ci.person_role_id",
                                                    "ci.note",
                                                    "ci.nr_order",
                                                    "ci.role_id"
                                                ],
                                                "Index Cond": "(ci.person_id < 5147)",
                                                "Rows Removed by Index Recheck": 0,
                                                "Filter": "(ci.role_id < 2)",
                                                "Rows Removed by Filter": 6404,
                                                "Workers": [
                                                    {
                                                        "Worker Number": 0,
                                                        "Actual Startup Time": 0.084,
                                                        "Actual Total Time": 8.396,
                                                        "Actual Rows": 9373,
                                                        "Actual Loops": 1
                                                    }
                                                ]
                                            },
                                            {
                                                "Node Type": "Hash",
                                                "Parent Relationship": "Inner",
                                                "Parallel Aware": true,
                                                "Startup Cost": 42318.81,
                                                "Total Cost": 42318.81,
                                                "Plan Rows": 632080,
                                                "Plan Width": 4,
                                                "Actual Startup Time": 587.376,
                                                "Actual Total Time": 587.377,
                                                "Actual Rows": 1264156,
                                                "Actual Loops": 2,
                                                "Output": [
                                                    "t.id"
                                                ],
                                                "Hash Buckets": 4194304,
                                                "Original Hash Buckets": 4194304,
                                                "Hash Batches": 1,
                                                "Original Hash Batches": 1,
                                                "Peak Memory Usage": 131712,
                                                "Workers": [
                                                    {
                                                        "Worker Number": 0,
                                                        "Actual Startup Time": 596.566,
                                                        "Actual Total Time": 596.567,
                                                        "Actual Rows": 1117997,
                                                        "Actual Loops": 1
                                                    }
                                                ],
                                                "Plans": [
                                                    {
                                                        "Node Type": "Seq Scan",
                                                        "Parent Relationship": "Outer",
                                                        "Parallel Aware": true,
                                                        "Relation Name": "title",
                                                        "Schema": "public",
                                                        "Alias": "t",
                                                        "Startup Cost": 0.0,
                                                        "Total Cost": 42318.81,
                                                        "Plan Rows": 632080,
                                                        "Plan Width": 4,
                                                        "Actual Startup Time": 0.036,
                                                        "Actual Total Time": 167.652,
                                                        "Actual Rows": 1264156,
                                                        "Actual Loops": 2,
                                                        "Output": [
                                                            "t.id"
                                                        ],
                                                        "Workers": [
                                                            {
                                                                "Worker Number": 0,
                                                                "Actual Startup Time": 0.06,
                                                                "Actual Total Time": 175.793,
                                                                "Actual Rows": 1117997,
                                                                "Actual Loops": 1
                                                            }
                                                        ]
                                                    }
                                                ]
                                            }
                                        ]
                                    },
                                    {
                                        "Node Type": "Index Scan",
                                        "Parent Relationship": "Inner",
                                        "Parallel Aware": false,
                                        "Scan Direction": "Forward",
                                        "Index Name": "movie_id_movie_info",
                                        "Relation Name": "movie_info",
                                        "Schema": "public",
                                        "Alias": "mi",
                                        "Startup Cost": 0.43,
                                        "Total Cost": 1.56,
                                        "Plan Rows": 4,
                                        "Plan Width": 4,
                                        "Actual Startup Time": 0.013,
                                        "Actual Total Time": 0.013,
                                        "Actual Rows": 1,
                                        "Actual Loops": 28821,
                                        "Output": [
                                            "mi.id",
                                            "mi.movie_id",
                                            "mi.info_type_id",
                                            "mi.info",
                                            "mi.note"
                                        ],
                                        "Index Cond": "(mi.movie_id = t.id)",
                                        "Rows Removed by Index Recheck": 0,
                                        "Filter": "(mi.info_type_id = 3)",
                                        "Rows Removed by Filter": 11,
                                        "Workers": [
                                            {
                                                "Worker Number": 0,
                                                "Actual Startup Time": 0.02,
                                                "Actual Total Time": 0.02,
                                                "Actual Rows": 1,
                                                "Actual Loops": 9373
                                            }
                                        ]
                                    }
                                ]
                            }
                        ]
                    }
                ]
            }
        ]
    },
    "Planning Time": 1.605,
    "Triggers": [],
    "Execution Time": 879.869
}