[
    {
        "Bao": {
            "Bao prediction": "NaN",
            "Bao recommended hint": "(no hint)"
        }
    },
    {
        "Plan": {
            "Node Type": "Aggregate",
            "Strategy": "Plain",
            "Partial Mode": "Finalize",
            "Parallel Aware": false,
            "Startup Cost": 122467.62,
            "Total Cost": 122467.63,
            "Plan Rows": 1,
            "Plan Width": 8,
            "Actual Startup Time": 752.141,
            "Actual Total Time": 771.501,
            "Actual Rows": 1,
            "Actual Loops": 1,
            "Output": [
                "count(*)"
            ],
            "Plans": [
                {
                    "Node Type": "Gather",
                    "Parent Relationship": "Outer",
                    "Parallel Aware": false,
                    "Startup Cost": 122467.3,
                    "Total Cost": 122467.61,
                    "Plan Rows": 3,
                    "Plan Width": 8,
                    "Actual Startup Time": 744.325,
                    "Actual Total Time": 771.489,
                    "Actual Rows": 4,
                    "Actual Loops": 1,
                    "Output": [
                        "(PARTIAL count(*))"
                    ],
                    "Workers Planned": 3,
                    "Workers Launched": 3,
                    "Single Copy": false,
                    "Plans": [
                        {
                            "Node Type": "Aggregate",
                            "Strategy": "Plain",
                            "Partial Mode": "Partial",
                            "Parent Relationship": "Outer",
                            "Parallel Aware": false,
                            "Startup Cost": 121467.3,
                            "Total Cost": 121467.31,
                            "Plan Rows": 1,
                            "Plan Width": 8,
                            "Actual Startup Time": 728.226,
                            "Actual Total Time": 728.353,
                            "Actual Rows": 1,
                            "Actual Loops": 4,
                            "Output": [
                                "PARTIAL count(*)"
                            ],
                            "Workers": [
                                {
                                    "Worker Number": 0,
                                    "Actual Startup Time": 722.794,
                                    "Actual Total Time": 722.799,
                                    "Actual Rows": 1,
                                    "Actual Loops": 1
                                },
                                {
                                    "Worker Number": 1,
                                    "Actual Startup Time": 723.28,
                                    "Actual Total Time": 723.285,
                                    "Actual Rows": 1,
                                    "Actual Loops": 1
                                },
                                {
                                    "Worker Number": 2,
                                    "Actual Startup Time": 722.845,
                                    "Actual Total Time": 722.852,
                                    "Actual Rows": 1,
                                    "Actual Loops": 1
                                }
                            ],
                            "Plans": [
                                {
                                    "Node Type": "Hash Join",
                                    "Parent Relationship": "Outer",
                                    "Parallel Aware": true,
                                    "Join Type": "Inner",
                                    "Startup Cost": 90228.48,
                                    "Total Cost": 121084.79,
                                    "Plan Rows": 153003,
                                    "Plan Width": 0,
                                    "Actual Startup Time": 487.225,
                                    "Actual Total Time": 689.975,
                                    "Actual Rows": 952060,
                                    "Actual Loops": 4,
                                    "Inner Unique": false,
                                    "Hash Cond": "(mc.movie_id = t.id)",
                                    "Workers": [
                                        {
                                            "Worker Number": 0,
                                            "Actual Startup Time": 481.911,
                                            "Actual Total Time": 684.546,
                                            "Actual Rows": 928080,
                                            "Actual Loops": 1
                                        },
                                        {
                                            "Worker Number": 1,
                                            "Actual Startup Time": 481.94,
                                            "Actual Total Time": 684.829,
                                            "Actual Rows": 935106,
                                            "Actual Loops": 1
                                        },
                                        {
                                            "Worker Number": 2,
                                            "Actual Startup Time": 481.972,
                                            "Actual Total Time": 684.368,
                                            "Actual Rows": 938048,
                                            "Actual Loops": 1
                                        }
                                    ],
                                    "Plans": [
                                        {
                                            "Node Type": "Seq Scan",
                                            "Parent Relationship": "Outer",
                                            "Parallel Aware": true,
                                            "Relation Name": "movie_companies",
                                            "Schema": "public",
                                            "Alias": "mc",
                                            "Startup Cost": 0.0,
                                            "Total Cost": 27206.55,
                                            "Plan Rows": 841655,
                                            "Plan Width": 4,
                                            "Actual Startup Time": 0.023,
                                            "Actual Total Time": 52.054,
                                            "Actual Rows": 652282,
                                            "Actual Loops": 4,
                                            "Output": [
                                                "mc.id",
                                                "mc.movie_id",
                                                "mc.company_id",
                                                "mc.company_type_id",
                                                "mc.note"
                                            ],
                                            "Workers": [
                                                {
                                                    "Worker Number": 0,
                                                    "Actual Startup Time": 0.026,
                                                    "Actual Total Time": 53.078,
                                                    "Actual Rows": 634680,
                                                    "Actual Loops": 1
                                                },
                                                {
                                                    "Worker Number": 1,
                                                    "Actual Startup Time": 0.021,
                                                    "Actual Total Time": 52.831,
                                                    "Actual Rows": 631739,
                                                    "Actual Loops": 1
                                                },
                                                {
                                                    "Worker Number": 2,
                                                    "Actual Startup Time": 0.027,
                                                    "Actual Total Time": 52.867,
                                                    "Actual Rows": 630730,
                                                    "Actual Loops": 1
                                                }
                                            ]
                                        },
                                        {
                                            "Node Type": "Hash",
                                            "Parent Relationship": "Inner",
                                            "Parallel Aware": true,
                                            "Startup Cost": 88375.17,
                                            "Total Cost": 88375.17,
                                            "Plan Rows": 148265,
                                            "Plan Width": 8,
                                            "Actual Startup Time": 476.016,
                                            "Actual Total Time": 476.141,
                                            "Actual Rows": 115836,
                                            "Actual Loops": 4,
                                            "Output": [
                                                "t.id",
                                                "mk.movie_id"
                                            ],
                                            "Hash Buckets": 524288,
                                            "Original Hash Buckets": 524288,
                                            "Hash Batches": 1,
                                            "Original Hash Batches": 1,
                                            "Peak Memory Usage": 22304,
                                            "Workers": [
                                                {
                                                    "Worker Number": 0,
                                                    "Actual Startup Time": 472.317,
                                                    "Actual Total Time": 472.321,
                                                    "Actual Rows": 108998,
                                                    "Actual Loops": 1
                                                },
                                                {
                                                    "Worker Number": 1,
                                                    "Actual Startup Time": 472.238,
                                                    "Actual Total Time": 472.242,
                                                    "Actual Rows": 108723,
                                                    "Actual Loops": 1
                                                },
                                                {
                                                    "Worker Number": 2,
                                                    "Actual Startup Time": 472.337,
                                                    "Actual Total Time": 472.342,
                                                    "Actual Rows": 108060,
                                                    "Actual Loops": 1
                                                }
                                            ],
                                            "Plans": [
                                                {
                                                    "Node Type": "Hash Join",
                                                    "Parent Relationship": "Outer",
                                                    "Parallel Aware": true,
                                                    "Join Type": "Inner",
                                                    "Startup Cost": 61611.59,
                                                    "Total Cost": 88375.17,
                                                    "Plan Rows": 148265,
                                                    "Plan Width": 8,
                                                    "Actual Startup Time": 360.992,
                                                    "Actual Total Time": 446.127,
                                                    "Actual Rows": 115836,
                                                    "Actual Loops": 4,
                                                    "Output": [
                                                        "t.id",
                                                        "mk.movie_id"
                                                    ],
                                                    "Inner Unique": true,
                                                    "Hash Cond": "(mk.movie_id = t.id)",
                                                    "Workers": [
                                                        {
                                                            "Worker Number": 0,
                                                            "Actual Startup Time": 357.217,
                                                            "Actual Total Time": 442.404,
                                                            "Actual Rows": 108998,
                                                            "Actual Loops": 1
                                                        },
                                                        {
                                                            "Worker Number": 1,
                                                            "Actual Startup Time": 357.404,
                                                            "Actual Total Time": 444.525,
                                                            "Actual Rows": 108723,
                                                            "Actual Loops": 1
                                                        },
                                                        {
                                                            "Worker Number": 2,
                                                            "Actual Startup Time": 357.495,
                                                            "Actual Total Time": 442.677,
                                                            "Actual Rows": 108060,
                                                            "Actual Loops": 1
                                                        }
                                                    ],
                                                    "Plans": [
                                                        {
                                                            "Node Type": "Bitmap Heap Scan",
                                                            "Parent Relationship": "Outer",
                                                            "Parallel Aware": true,
                                                            "Relation Name": "movie_keyword",
                                                            "Schema": "public",
                                                            "Alias": "mk",
                                                            "Startup Cost": 10041.03,
                                                            "Total Cost": 36403.78,
                                                            "Plan Rows": 152699,
                                                            "Plan Width": 4,
                                                            "Actual Startup Time": 28.29,
                                                            "Actual Total Time": 74.772,
                                                            "Actual Rows": 116466,
                                                            "Actual Loops": 4,
                                                            "Output": [
                                                                "mk.id",
                                                                "mk.movie_id",
                                                                "mk.keyword_id"
                                                            ],
                                                            "Recheck Cond": "(mk.keyword_id > 38238)",
                                                            "Rows Removed by Index Recheck": 0,
                                                            "Exact Heap Blocks": 6867,
                                                            "Lossy Heap Blocks": 0,
                                                            "Workers": [
                                                                {
                                                                    "Worker Number": 0,
                                                                    "Actual Startup Time": 28.237,
                                                                    "Actual Total Time": 76.071,
                                                                    "Actual Rows": 109519,
                                                                    "Actual Loops": 1
                                                                },
                                                                {
                                                                    "Worker Number": 1,
                                                                    "Actual Startup Time": 28.405,
                                                                    "Actual Total Time": 76.087,
                                                                    "Actual Rows": 109237,
                                                                    "Actual Loops": 1
                                                                },
                                                                {
                                                                    "Worker Number": 2,
                                                                    "Actual Startup Time": 28.471,
                                                                    "Actual Total Time": 76.16,
                                                                    "Actual Rows": 108653,
                                                                    "Actual Loops": 1
                                                                }
                                                            ],
                                                            "Plans": [
                                                                {
                                                                    "Node Type": "Bitmap Index Scan",
                                                                    "Parent Relationship": "Outer",
                                                                    "Parallel Aware": false,
                                                                    "Index Name": "keyword_id_movie_keyword",
                                                                    "Startup Cost": 0.0,
                                                                    "Total Cost": 9922.69,
                                                                    "Plan Rows": 473368,
                                                                    "Plan Width": 0,
                                                                    "Actual Startup Time": 24.647,
                                                                    "Actual Total Time": 24.647,
                                                                    "Actual Rows": 465863,
                                                                    "Actual Loops": 1,
                                                                    "Index Cond": "(mk.keyword_id > 38238)"
                                                                }
                                                            ]
                                                        },
                                                        {
                                                            "Node Type": "Hash",
                                                            "Parent Relationship": "Inner",
                                                            "Parallel Aware": true,
                                                            "Startup Cost": 43899.01,
                                                            "Total Cost": 43899.01,
                                                            "Plan Rows": 613724,
                                                            "Plan Width": 4,
                                                            "Actual Startup Time": 325.756,
                                                            "Actual Total Time": 325.756,
                                                            "Actual Rows": 614054,
                                                            "Actual Loops": 4,
                                                            "Output": [
                                                                "t.id"
                                                            ],
                                                            "Hash Buckets": 4194304,
                                                            "Original Hash Buckets": 4194304,
                                                            "Hash Batches": 1,
                                                            "Original Hash Batches": 1,
                                                            "Peak Memory Usage": 128928,
                                                            "Workers": [
                                                                {
                                                                    "Worker Number": 0,
                                                                    "Actual Startup Time": 328.86,
                                                                    "Actual Total Time": 328.861,
                                                                    "Actual Rows": 582671,
                                                                    "Actual Loops": 1
                                                                },
                                                                {
                                                                    "Worker Number": 1,
                                                                    "Actual Startup Time": 328.888,
                                                                    "Actual Total Time": 328.888,
                                                                    "Actual Rows": 578845,
                                                                    "Actual Loops": 1
                                                                },
                                                                {
                                                                    "Worker Number": 2,
                                                                    "Actual Startup Time": 328.911,
                                                                    "Actual Total Time": 328.913,
                                                                    "Actual Rows": 582130,
                                                                    "Actual Loops": 1
                                                                }
                                                            ],
                                                            "Plans": [
                                                                {
                                                                    "Node Type": "Seq Scan",
                                                                    "Parent Relationship": "Outer",
                                                                    "Parallel Aware": true,
                                                                    "Relation Name": "title",
                                                                    "Schema": "public",
                                                                    "Alias": "t",
                                                                    "Startup Cost": 0.0,
                                                                    "Total Cost": 43899.01,
                                                                    "Plan Rows": 613724,
                                                                    "Plan Width": 4,
                                                                    "Actual Startup Time": 0.036,
                                                                    "Actual Total Time": 103.372,
                                                                    "Actual Rows": 614054,
                                                                    "Actual Loops": 4,
                                                                    "Output": [
                                                                        "t.id"
                                                                    ],
                                                                    "Filter": "(t.production_year > 0)",
                                                                    "Rows Removed by Filter": 18024,
                                                                    "Workers": [
                                                                        {
                                                                            "Worker Number": 0,
                                                                            "Actual Startup Time": 0.052,
                                                                            "Actual Total Time": 105.445,
                                                                            "Actual Rows": 582671,
                                                                            "Actual Loops": 1
                                                                        },
                                                                        {
                                                                            "Worker Number": 1,
                                                                            "Actual Startup Time": 0.038,
                                                                            "Actual Total Time": 105.511,
                                                                            "Actual Rows": 578845,
                                                                            "Actual Loops": 1
                                                                        },
                                                                        {
                                                                            "Worker Number": 2,
                                                                            "Actual Startup Time": 0.038,
                                                                            "Actual Total Time": 105.87,
                                                                            "Actual Rows": 582130,
                                                                            "Actual Loops": 1
                                                                        }
                                                                    ]
                                                                }
                                                            ]
                                                        }
                                                    ]
                                                }
                                            ]
                                        }
                                    ]
                                }
                            ]
                        }
                    ]
                }
            ]
        },
        "Planning Time": 178.68,
        "Triggers": [],
        "Execution Time": 771.578
    }
]