[
    {
        "Bao": {
            "Bao prediction": "NaN",
            "Bao recommended hint": "(no hint)"
        }
    },
    {
        "Plan": {
            "Node Type": "Aggregate",
            "Strategy": "Plain",
            "Partial Mode": "Finalize",
            "Parallel Aware": false,
            "Startup Cost": 351712.24,
            "Total Cost": 351712.25,
            "Plan Rows": 1,
            "Plan Width": 8,
            "Actual Startup Time": 715.298,
            "Actual Total Time": 740.941,
            "Actual Rows": 1,
            "Actual Loops": 1,
            "Output": [
                "count(*)"
            ],
            "Plans": [
                {
                    "Node Type": "Gather",
                    "Parent Relationship": "Outer",
                    "Parallel Aware": false,
                    "Startup Cost": 351711.62,
                    "Total Cost": 351712.23,
                    "Plan Rows": 6,
                    "Plan Width": 8,
                    "Actual Startup Time": 715.18,
                    "Actual Total Time": 740.928,
                    "Actual Rows": 7,
                    "Actual Loops": 1,
                    "Output": [
                        "(PARTIAL count(*))"
                    ],
                    "Workers Planned": 6,
                    "Workers Launched": 6,
                    "Single Copy": false,
                    "Plans": [
                        {
                            "Node Type": "Aggregate",
                            "Strategy": "Plain",
                            "Partial Mode": "Partial",
                            "Parent Relationship": "Outer",
                            "Parallel Aware": false,
                            "Startup Cost": 350711.62,
                            "Total Cost": 350711.63,
                            "Plan Rows": 1,
                            "Plan Width": 8,
                            "Actual Startup Time": 705.509,
                            "Actual Total Time": 705.51,
                            "Actual Rows": 1,
                            "Actual Loops": 7,
                            "Output": [
                                "PARTIAL count(*)"
                            ],
                            "Workers": [
                                {
                                    "Worker Number": 0,
                                    "Actual Startup Time": 703.016,
                                    "Actual Total Time": 703.018,
                                    "Actual Rows": 1,
                                    "Actual Loops": 1
                                },
                                {
                                    "Worker Number": 1,
                                    "Actual Startup Time": 703.506,
                                    "Actual Total Time": 703.507,
                                    "Actual Rows": 1,
                                    "Actual Loops": 1
                                },
                                {
                                    "Worker Number": 2,
                                    "Actual Startup Time": 703.845,
                                    "Actual Total Time": 703.846,
                                    "Actual Rows": 1,
                                    "Actual Loops": 1
                                },
                                {
                                    "Worker Number": 3,
                                    "Actual Startup Time": 704.23,
                                    "Actual Total Time": 704.232,
                                    "Actual Rows": 1,
                                    "Actual Loops": 1
                                },
                                {
                                    "Worker Number": 4,
                                    "Actual Startup Time": 704.296,
                                    "Actual Total Time": 704.297,
                                    "Actual Rows": 1,
                                    "Actual Loops": 1
                                },
                                {
                                    "Worker Number": 5,
                                    "Actual Startup Time": 704.816,
                                    "Actual Total Time": 704.817,
                                    "Actual Rows": 1,
                                    "Actual Loops": 1
                                }
                            ],
                            "Plans": [
                                {
                                    "Node Type": "Seq Scan",
                                    "Parent Relationship": "Outer",
                                    "Parallel Aware": true,
                                    "Relation Name": "cast_info",
                                    "Schema": "public",
                                    "Alias": "ci",
                                    "Startup Cost": 0.0,
                                    "Total Cost": 343318.94,
                                    "Plan Rows": 2957071,
                                    "Plan Width": 0,
                                    "Actual Startup Time": 114.955,
                                    "Actual Total Time": 609.527,
                                    "Actual Rows": 2336146,
                                    "Actual Loops": 7,
                                    "Output": [
                                        "id",
                                        "person_id",
                                        "movie_id",
                                        "person_role_id",
                                        "note",
                                        "nr_order",
                                        "role_id"
                                    ],
                                    "Filter": "((ci.person_id > 959010) AND (ci.role_id < 4))",
                                    "Rows Removed by Filter": 2841618,
                                    "Workers": [
                                        {
                                            "Worker Number": 0,
                                            "Actual Startup Time": 112.468,
                                            "Actual Total Time": 609.331,
                                            "Actual Rows": 2226297,
                                            "Actual Loops": 1
                                        },
                                        {
                                            "Worker Number": 1,
                                            "Actual Startup Time": 112.959,
                                            "Actual Total Time": 609.788,
                                            "Actual Rows": 2297605,
                                            "Actual Loops": 1
                                        },
                                        {
                                            "Worker Number": 2,
                                            "Actual Startup Time": 113.278,
                                            "Actual Total Time": 610.01,
                                            "Actual Rows": 2297308,
                                            "Actual Loops": 1
                                        },
                                        {
                                            "Worker Number": 3,
                                            "Actual Startup Time": 113.682,
                                            "Actual Total Time": 610.377,
                                            "Actual Rows": 2229096,
                                            "Actual Loops": 1
                                        },
                                        {
                                            "Worker Number": 4,
                                            "Actual Startup Time": 113.743,
                                            "Actual Total Time": 610.489,
                                            "Actual Rows": 2228974,
                                            "Actual Loops": 1
                                        },
                                        {
                                            "Worker Number": 5,
                                            "Actual Startup Time": 114.261,
                                            "Actual Total Time": 610.907,
                                            "Actual Rows": 2301384,
                                            "Actual Loops": 1
                                        }
                                    ]
                                }
                            ]
                        }
                    ]
                }
            ]
        },
        "Planning Time": 180.329,
        "Triggers": [],
        "Execution Time": 740.982
    }
]