[
  {
    "Plan": {
      "Node Type": "Aggregate",
      "Strategy": "Plain",
      "Partial Mode": "Finalize",
      "Parallel Aware": false,
      "Startup Cost": 47563.91,
      "Total Cost": 47563.92,
      "Plan Rows": 1,
      "Plan Width": 8,
      "Actual Startup Time": 42.695,
      "Actual Total Time": 46.114,
      "Actual Rows": 1,
      "Actual Loops": 1,
      "Plans": [
        {
          "Node Type": "Gather",
          "Parent Relationship": "Outer",
          "Parallel Aware": false,
          "Startup Cost": 47563.69,
          "Total Cost": 47563.9,
          "Plan Rows": 2,
          "Plan Width": 8,
          "Actual Startup Time": 42.597,
          "Actual Total Time": 46.108,
          "Actual Rows": 3,
          "Actual Loops": 1,
          "Workers Planned": 2,
          "Workers Launched": 2,
          "Single Copy": false,
          "Plans": [
            {
              "Node Type": "Aggregate",
              "Strategy": "Plain",
              "Partial Mode": "Partial",
              "Parent Relationship": "Outer",
              "Parallel Aware": false,
              "Startup Cost": 46563.69,
              "Total Cost": 46563.7,
              "Plan Rows": 1,
              "Plan Width": 8,
              "Actual Startup Time": 34.343,
              "Actual Total Time": 34.345,
              "Actual Rows": 1,
              "Actual Loops": 3,
              "Plans": [
                {
                  "Node Type": "Nested Loop",
                  "Parent Relationship": "Outer",
                  "Parallel Aware": false,
                  "Join Type": "Inner",
                  "Startup Cost": 207.66,
                  "Total Cost": 46561.27,
                  "Plan Rows": 970,
                  "Plan Width": 0,
                  "Actual Startup Time": 3.471,
                  "Actual Total Time": 33.636,
                  "Actual Rows": 6439,
                  "Actual Loops": 3,
                  "Inner Unique": false,
                  "Plans": [
                    {
                      "Node Type": "Nested Loop",
                      "Parent Relationship": "Outer",
                      "Parallel Aware": false,
                      "Join Type": "Inner",
                      "Startup Cost": 207.22,
                      "Total Cost": 44905.54,
                      "Plan Rows": 177,
                      "Plan Width": 8,
                      "Actual Startup Time": 3.32,
                      "Actual Total Time": 23.499,
                      "Actual Rows": 139,
                      "Actual Loops": 3,
                      "Inner Unique": true,
                      "Plans": [
                        {
                          "Node Type": "Bitmap Heap Scan",
                          "Parent Relationship": "Outer",
                          "Parallel Aware": true,
                          "Relation Name": "movie_keyword",
                          "Alias": "mk",
                          "Startup Cost": 206.79,
                          "Total Cost": 18560.93,
                          "Plan Rows": 3998,
                          "Plan Width": 4,
                          "Actual Startup Time": 1.773,
                          "Actual Total Time": 7.287,
                          "Actual Rows": 2698,
                          "Actual Loops": 3,
                          "Recheck Cond": "(keyword_id > 126746)",
                          "Rows Removed by Index Recheck": 0,
                          "Exact Heap Blocks": 1757,
                          "Lossy Heap Blocks": 0,
                          "Plans": [
                            {
                              "Node Type": "Bitmap Index Scan",
                              "Parent Relationship": "Outer",
                              "Parallel Aware": false,
                              "Index Name": "keyword_id_movie_keyword",
                              "Startup Cost": 0.0,
                              "Total Cost": 204.39,
                              "Plan Rows": 9595,
                              "Plan Width": 0,
                              "Actual Startup Time": 3.741,
                              "Actual Total Time": 3.741,
                              "Actual Rows": 8094,
                              "Actual Loops": 1,
                              "Index Cond": "(keyword_id > 126746)"
                            }
                          ]
                        },
                        {
                          "Node Type": "Index Scan",
                          "Parent Relationship": "Inner",
                          "Parallel Aware": false,
                          "Scan Direction": "Forward",
                          "Index Name": "title_pkey",
                          "Relation Name": "title",
                          "Alias": "t",
                          "Startup Cost": 0.43,
                          "Total Cost": 6.59,
                          "Plan Rows": 1,
                          "Plan Width": 4,
                          "Actual Startup Time": 0.005,
                          "Actual Total Time": 0.005,
                          "Actual Rows": 0,
                          "Actual Loops": 8094,
                          "Index Cond": "(id = mk.movie_id)",
                          "Rows Removed by Index Recheck": 0,
                          "Filter": "(production_year = 2006)",
                          "Rows Removed by Filter": 1
                        }
                      ]
                    },
                    {
                      "Node Type": "Index Scan",
                      "Parent Relationship": "Inner",
                      "Parallel Aware": false,
                      "Scan Direction": "Forward",
                      "Index Name": "movie_id_movie_info",
                      "Relation Name": "movie_info",
                      "Alias": "mi",
                      "Startup Cost": 0.43,
                      "Total Cost": 8.96,
                      "Plan Rows": 39,
                      "Plan Width": 4,
                      "Actual Startup Time": 0.012,
                      "Actual Total Time": 0.065,
                      "Actual Rows": 46,
                      "Actual Loops": 418,
                      "Index Cond": "(movie_id = t.id)",
                      "Rows Removed by Index Recheck": 0,
                      "Filter": "(info_type_id < 98)",
                      "Rows Removed by Filter": 20
                    }
                  ]
                }
              ]
            }
          ]
        }
      ]
    },
    "Planning Time": 1.529,
    "Triggers": [],
    "Execution Time": 46.22
  }
]