[
  {
    "Plan": {
      "Node Type": "Aggregate",
      "Strategy": "Plain",
      "Partial Mode": "Finalize",
      "Parallel Aware": false,
      "Startup Cost": 46510.51,
      "Total Cost": 46510.52,
      "Plan Rows": 1,
      "Plan Width": 8,
      "Actual Startup Time": 85.533,
      "Actual Total Time": 96.073,
      "Actual Rows": 1,
      "Actual Loops": 1,
      "Plans": [
        {
          "Node Type": "Gather",
          "Parent Relationship": "Outer",
          "Parallel Aware": false,
          "Startup Cost": 46510.09,
          "Total Cost": 46510.5,
          "Plan Rows": 4,
          "Plan Width": 8,
          "Actual Startup Time": 85.397,
          "Actual Total Time": 96.061,
          "Actual Rows": 5,
          "Actual Loops": 1,
          "Workers Planned": 4,
          "Workers Launched": 4,
          "Single Copy": false,
          "Plans": [
            {
              "Node Type": "Aggregate",
              "Strategy": "Plain",
              "Partial Mode": "Partial",
              "Parent Relationship": "Outer",
              "Parallel Aware": false,
              "Startup Cost": 45510.09,
              "Total Cost": 45510.1,
              "Plan Rows": 1,
              "Plan Width": 8,
              "Actual Startup Time": 78.986,
              "Actual Total Time": 78.987,
              "Actual Rows": 1,
              "Actual Loops": 5,
              "Plans": [
                {
                  "Node Type": "Seq Scan",
                  "Parent Relationship": "Outer",
                  "Parallel Aware": true,
                  "Relation Name": "title",
                  "Alias": "t",
                  "Startup Cost": 0.0,
                  "Total Cost": 45479.59,
                  "Plan Rows": 12200,
                  "Plan Width": 0,
                  "Actual Startup Time": 0.215,
                  "Actual Total Time": 78.427,
                  "Actual Rows": 7750,
                  "Actual Loops": 5,
                  "Filter": "((kind_id < 7) AND (production_year = 2008))",
                  "Rows Removed by Filter": 497912
                }
              ]
            }
          ]
        }
      ]
    },
    "Planning Time": 0.083,
    "Triggers": [],
    "Execution Time": 96.104
  }
]