[
  {
    "Plan": {
      "Node Type": "Aggregate",
      "Strategy": "Plain",
      "Partial Mode": "Finalize",
      "Parallel Aware": false,
      "Startup Cost": 46509.51,
      "Total Cost": 46509.52,
      "Plan Rows": 1,
      "Plan Width": 8,
      "Actual Startup Time": 102.292,
      "Actual Total Time": 114.932,
      "Actual Rows": 1,
      "Actual Loops": 1,
      "Plans": [
        {
          "Node Type": "Gather",
          "Parent Relationship": "Outer",
          "Parallel Aware": false,
          "Startup Cost": 46509.09,
          "Total Cost": 46509.5,
          "Plan Rows": 4,
          "Plan Width": 8,
          "Actual Startup Time": 102.13,
          "Actual Total Time": 114.921,
          "Actual Rows": 5,
          "Actual Loops": 1,
          "Workers Planned": 4,
          "Workers Launched": 4,
          "Single Copy": false,
          "Plans": [
            {
              "Node Type": "Aggregate",
              "Strategy": "Plain",
              "Partial Mode": "Partial",
              "Parent Relationship": "Outer",
              "Parallel Aware": false,
              "Startup Cost": 45509.09,
              "Total Cost": 45509.1,
              "Plan Rows": 1,
              "Plan Width": 8,
              "Actual Startup Time": 93.728,
              "Actual Total Time": 93.729,
              "Actual Rows": 1,
              "Actual Loops": 5,
              "Plans": [
                {
                  "Node Type": "Seq Scan",
                  "Parent Relationship": "Outer",
                  "Parallel Aware": true,
                  "Relation Name": "title",
                  "Alias": "t",
                  "Startup Cost": 0.0,
                  "Total Cost": 45479.1,
                  "Plan Rows": 11996,
                  "Plan Width": 0,
                  "Actual Startup Time": 0.204,
                  "Actual Total Time": 93.041,
                  "Actual Rows": 7750,
                  "Actual Loops": 5,
                  "Filter": "((kind_id < 7) AND (production_year = 2008))",
                  "Rows Removed by Filter": 497912
                }
              ]
            }
          ]
        }
      ]
    },
    "Planning Time": 0.182,
    "Triggers": [],
    "Execution Time": 114.994
  }
]