{
  "Plan": {
    "Node Type": "Aggregate",
    "Strategy": "Plain",
    "Partial Mode": "Finalize",
    "Parallel Aware": false,
    "Startup Cost": 280359.21,
    "Total Cost": 280359.22,
    "Plan Rows": 1,
    "Plan Width": 8,
    "Actual Startup Time": 431.942,
    "Actual Total Time": 452.901,
    "Actual Rows": 1,
    "Actual Loops": 1,
    "Plans": [
      {
        "Node Type": "Gather",
        "Parent Relationship": "Outer",
        "Parallel Aware": false,
        "Startup Cost": 280359.1,
        "Total Cost": 280359.21,
        "Plan Rows": 1,
        "Plan Width": 8,
        "Actual Startup Time": 431.314,
        "Actual Total Time": 452.893,
        "Actual Rows": 2,
        "Actual Loops": 1,
        "Workers Planned": 1,
        "Workers Launched": 1,
        "Single Copy": false,
        "Plans": [
          {
            "Node Type": "Aggregate",
            "Strategy": "Plain",
            "Partial Mode": "Partial",
            "Parent Relationship": "Outer",
            "Parallel Aware": false,
            "Startup Cost": 279359.1,
            "Total Cost": 279359.11,
            "Plan Rows": 1,
            "Plan Width": 8,
            "Actual Startup Time": 425.069,
            "Actual Total Time": 425.072,
            "Actual Rows": 1,
            "Actual Loops": 2,
            "Plans": [
              {
                "Node Type": "Nested Loop",
                "Parent Relationship": "Outer",
                "Parallel Aware": false,
                "Join Type": "Inner",
                "Startup Cost": 79859.21,
                "Total Cost": 279260.29,
                "Plan Rows": 39526,
                "Plan Width": 0,
                "Actual Startup Time": 218.729,
                "Actual Total Time": 421.085,
                "Actual Rows": 85996,
                "Actual Loops": 2,
                "Inner Unique": false,
                "Join Filter": "(t.id = mc.movie_id)",
                "Rows Removed by Join Filter": 0,
                "Plans": [
                  {
                    "Node Type": "Hash Join",
                    "Parent Relationship": "Outer",
                    "Parallel Aware": true,
                    "Join Type": "Inner",
                    "Startup Cost": 79858.78,
                    "Total Cost": 253821.11,
                    "Plan Rows": 38302,
                    "Plan Width": 8,
                    "Actual Startup Time": 218.523,
                    "Actual Total Time": 356.595,
                    "Actual Rows": 13360,
                    "Actual Loops": 2,
                    "Inner Unique": true,
                    "Hash Cond": "(mi.movie_id = t.id)",
                    "Plans": [
                      {
                        "Node Type": "Bitmap Heap Scan",
                        "Parent Relationship": "Outer",
                        "Parallel Aware": true,
                        "Relation Name": "movie_info",
                        "Alias": "mi",
                        "Startup Cost": 24370.61,
                        "Total Cost": 196255.62,
                        "Plan Rows": 791361,
                        "Plan Width": 4,
                        "Actual Startup Time": 65.673,
                        "Actual Total Time": 129.075,
                        "Actual Rows": 700951,
                        "Actual Loops": 2,
                        "Recheck Cond": "(info_type_id = 7)",
                        "Rows Removed by Index Recheck": 0,
                        "Exact Heap Blocks": 5209,
                        "Lossy Heap Blocks": 0,
                        "Plans": [
                          {
                            "Node Type": "Bitmap Index Scan",
                            "Parent Relationship": "Outer",
                            "Parallel Aware": false,
                            "Index Name": "info_type_id_movie_info",
                            "Startup Cost": 0.0,
                            "Total Cost": 24034.28,
                            "Plan Rows": 1345313,
                            "Plan Width": 0,
                            "Actual Startup Time": 64.133,
                            "Actual Total Time": 64.134,
                            "Actual Rows": 1401902,
                            "Actual Loops": 1,
                            "Index Cond": "(info_type_id = 7)"
                          }
                        ]
                      },
                      {
                        "Node Type": "Hash",
                        "Parent Relationship": "Inner",
                        "Parallel Aware": true,
                        "Startup Cost": 54588.39,
                        "Total Cost": 54588.39,
                        "Plan Rows": 71982,
                        "Plan Width": 4,
                        "Actual Startup Time": 150.388,
                        "Actual Total Time": 150.389,
                        "Actual Rows": 61430,
                        "Actual Loops": 2,
                        "Hash Buckets": 131072,
                        "Original Hash Buckets": 131072,
                        "Hash Batches": 1,
                        "Original Hash Batches": 1,
                        "Peak Memory Usage": 5856,
                        "Plans": [
                          {
                            "Node Type": "Seq Scan",
                            "Parent Relationship": "Outer",
                            "Parallel Aware": true,
                            "Relation Name": "title",
                            "Alias": "t",
                            "Startup Cost": 0.0,
                            "Total Cost": 54588.39,
                            "Plan Rows": 71982,
                            "Plan Width": 4,
                            "Actual Startup Time": 0.039,
                            "Actual Total Time": 134.579,
                            "Actual Rows": 61430,
                            "Actual Loops": 2,
                            "Filter": "(production_year = 2008)",
                            "Rows Removed by Filter": 1202726
                          }
                        ]
                      }
                    ]
                  },
                  {
                    "Node Type": "Index Only Scan",
                    "Parent Relationship": "Inner",
                    "Parallel Aware": false,
                    "Scan Direction": "Forward",
                    "Index Name": "movie_id_movie_companies",
                    "Relation Name": "movie_companies",
                    "Alias": "mc",
                    "Startup Cost": 0.43,
                    "Total Cost": 0.6,
                    "Plan Rows": 5,
                    "Plan Width": 4,
                    "Actual Startup Time": 0.003,
                    "Actual Total Time": 0.004,
                    "Actual Rows": 6,
                    "Actual Loops": 26720,
                    "Index Cond": "(movie_id = mi.movie_id)",
                    "Rows Removed by Index Recheck": 0,
                    "Heap Fetches": 171991
                  }
                ]
              }
            ]
          }
        ]
      }
    ]
  },
  "Planning Time": 0.937,
  "Triggers": [],
  "Execution Time": 453.002
}