[
  {
    "Plan": {
      "Node Type": "Aggregate",
      "Strategy": "Plain",
      "Partial Mode": "Simple",
      "Parallel Aware": false,
      "Startup Cost": 12847.77,
      "Total Cost": 12847.78,
      "Plan Rows": 1,
      "Plan Width": 192,
      "Actual Startup Time": 122.281,
      "Actual Total Time": 122.288,
      "Actual Rows": 1,
      "Actual Loops": 1,
      "Plans": [
        {
          "Node Type": "Nested Loop",
          "Parent Relationship": "Outer",
          "Parallel Aware": false,
          "Join Type": "Inner",
          "Startup Cost": 41.03,
          "Total Cost": 12847.76,
          "Plan Rows": 1,
          "Plan Width": 84,
          "Actual Startup Time": 27.271,
          "Actual Total Time": 122.24,
          "Actual Rows": 47,
          "Actual Loops": 1,
          "Inner Unique": true,
          "Plans": [
            {
              "Node Type": "Nested Loop",
              "Parent Relationship": "Outer",
              "Parallel Aware": false,
              "Join Type": "Inner",
              "Startup Cost": 40.9,
              "Total Cost": 12847.59,
              "Plan Rows": 1,
              "Plan Width": 88,
              "Actual Startup Time": 27.248,
              "Actual Total Time": 122.123,
              "Actual Rows": 47,
              "Actual Loops": 1,
              "Inner Unique": true,
              "Join Filter": "(ml.movie_id = t1.id)",
              "Rows Removed by Join Filter": 0,
              "Plans": [
                {
                  "Node Type": "Nested Loop",
                  "Parent Relationship": "Outer",
                  "Parallel Aware": false,
                  "Join Type": "Inner",
                  "Startup Cost": 40.47,
                  "Total Cost": 12847.06,
                  "Plan Rows": 1,
                  "Plan Width": 79,
                  "Actual Startup Time": 27.189,
                  "Actual Total Time": 121.854,
                  "Actual Rows": 47,
                  "Actual Loops": 1,
                  "Inner Unique": true,
                  "Plans": [
                    {
                      "Node Type": "Nested Loop",
                      "Parent Relationship": "Outer",
                      "Parallel Aware": false,
                      "Join Type": "Inner",
                      "Startup Cost": 40.05,
                      "Total Cost": 12846.61,
                      "Plan Rows": 1,
                      "Plan Width": 64,
                      "Actual Startup Time": 27.14,
                      "Actual Total Time": 121.621,
                      "Actual Rows": 47,
                      "Actual Loops": 1,
                      "Inner Unique": false,
                      "Plans": [
                        {
                          "Node Type": "Nested Loop",
                          "Parent Relationship": "Outer",
                          "Parallel Aware": false,
                          "Join Type": "Inner",
                          "Startup Cost": 39.62,
                          "Total Cost": 12845.95,
                          "Plan Rows": 1,
                          "Plan Width": 72,
                          "Actual Startup Time": 27.083,
                          "Actual Total Time": 121.298,
                          "Actual Rows": 31,
                          "Actual Loops": 1,
                          "Inner Unique": true,
                          "Plans": [
                            {
                              "Node Type": "Nested Loop",
                              "Parent Relationship": "Outer",
                              "Parallel Aware": false,
                              "Join Type": "Inner",
                              "Startup Cost": 39.2,
                              "Total Cost": 12845.5,
                              "Plan Rows": 1,
                              "Plan Width": 57,
                              "Actual Startup Time": 26.997,
                              "Actual Total Time": 119.284,
                              "Actual Rows": 233,
                              "Actual Loops": 1,
                              "Inner Unique": false,
                              "Join Filter": "(ml.movie_id = mc1.movie_id)",
                              "Rows Removed by Join Filter": 0,
                              "Plans": [
                                {
                                  "Node Type": "Nested Loop",
                                  "Parent Relationship": "Outer",
                                  "Parallel Aware": false,
                                  "Join Type": "Inner",
                                  "Startup Cost": 38.77,
                                  "Total Cost": 12844.84,
                                  "Plan Rows": 1,
                                  "Plan Width": 49,
                                  "Actual Startup Time": 26.918,
                                  "Actual Total Time": 118.291,
                                  "Actual Rows": 51,
                                  "Actual Loops": 1,
                                  "Inner Unique": false,
                                  "Join Filter": "(mi_idx1.info_type_id = it1.id)",
                                  "Rows Removed by Join Filter": 102,
                                  "Plans": [
                                    {
                                      "Node Type": "Seq Scan",
                                      "Parent Relationship": "Outer",
                                      "Parallel Aware": false,
                                      "Relation Name": "info_type",
                                      "Alias": "it1",
                                      "Startup Cost": 0.0,
                                      "Total Cost": 2.41,
                                      "Plan Rows": 1,
                                      "Plan Width": 4,
                                      "Actual Startup Time": 0.057,
                                      "Actual Total Time": 0.059,
                                      "Actual Rows": 1,
                                      "Actual Loops": 1,
                                      "Filter": "((info)::text = 'rating'::text COLLATE \"C\")",
                                      "Rows Removed by Filter": 112
                                    },
                                    {
                                      "Node Type": "Nested Loop",
                                      "Parent Relationship": "Inner",
                                      "Parallel Aware": false,
                                      "Join Type": "Inner",
                                      "Startup Cost": 38.77,
                                      "Total Cost": 12842.16,
                                      "Plan Rows": 21,
                                      "Plan Width": 53,
                                      "Actual Startup Time": 26.857,
                                      "Actual Total Time": 118.201,
                                      "Actual Rows": 153,
                                      "Actual Loops": 1,
                                      "Inner Unique": false,
                                      "Plans": [
                                        {
                                          "Node Type": "Nested Loop",
                                          "Parent Relationship": "Outer",
                                          "Parallel Aware": false,
                                          "Join Type": "Inner",
                                          "Startup Cost": 38.34,
                                          "Total Cost": 12825.36,
                                          "Plan Rows": 7,
                                          "Plan Width": 39,
                                          "Actual Startup Time": 26.83,
                                          "Actual Total Time": 117.696,
                                          "Actual Rows": 58,
                                          "Actual Loops": 1,
                                          "Inner Unique": false,
                                          "Join Filter": "(t2.kind_id = kt2.id)",
                                          "Rows Removed by Join Filter": 1450,
                                          "Plans": [
                                            {
                                              "Node Type": "Seq Scan",
                                              "Parent Relationship": "Outer",
                                              "Parallel Aware": false,
                                              "Relation Name": "kind_type",
                                              "Alias": "kt2",
                                              "Startup Cost": 0.0,
                                              "Total Cost": 1.09,
                                              "Plan Rows": 1,
                                              "Plan Width": 4,
                                              "Actual Startup Time": 0.028,
                                              "Actual Total Time": 0.03,
                                              "Actual Rows": 1,
                                              "Actual Loops": 1,
                                              "Filter": "((kind)::text = 'tv series'::text COLLATE \"C\")",
                                              "Rows Removed by Filter": 6
                                            },
                                            {
                                              "Node Type": "Nested Loop",
                                              "Parent Relationship": "Inner",
                                              "Parallel Aware": false,
                                              "Join Type": "Inner",
                                              "Startup Cost": 38.34,
                                              "Total Cost": 12823.67,
                                              "Plan Rows": 48,
                                              "Plan Width": 43,
                                              "Actual Startup Time": 0.879,
                                              "Actual Total Time": 117.415,
                                              "Actual Rows": 1508,
                                              "Actual Loops": 1,
                                              "Inner Unique": true,
                                              "Join Filter": "(ml.linked_movie_id = t2.id)",
                                              "Rows Removed by Join Filter": 0,
                                              "Plans": [
                                                {
                                                  "Node Type": "Nested Loop",
                                                  "Parent Relationship": "Outer",
                                                  "Parallel Aware": false,
                                                  "Join Type": "Inner",
                                                  "Startup Cost": 37.91,
                                                  "Total Cost": 12755.86,
                                                  "Plan Rows": 108,
                                                  "Plan Width": 18,
                                                  "Actual Startup Time": 0.75,
                                                  "Actual Total Time": 78.143,
                                                  "Actual Rows": 2183,
                                                  "Actual Loops": 1,
                                                  "Inner Unique": false,
                                                  "Join Filter": "(mi_idx2.info_type_id = it2.id)",
                                                  "Rows Removed by Join Filter": 9033,
                                                  "Plans": [
                                                    {
                                                      "Node Type": "Seq Scan",
                                                      "Parent Relationship": "Outer",
                                                      "Parallel Aware": false,
                                                      "Relation Name": "info_type",
                                                      "Alias": "it2",
                                                      "Startup Cost": 0.0,
                                                      "Total Cost": 2.41,
                                                      "Plan Rows": 1,
                                                      "Plan Width": 4,
                                                      "Actual Startup Time": 0.013,
                                                      "Actual Total Time": 0.016,
                                                      "Actual Rows": 1,
                                                      "Actual Loops": 1,
                                                      "Filter": "((info)::text = 'rating'::text COLLATE \"C\")",
                                                      "Rows Removed by Filter": 112
                                                    },
                                                    {
                                                      "Node Type": "Nested Loop",
                                                      "Parent Relationship": "Inner",
                                                      "Parallel Aware": false,
                                                      "Join Type": "Inner",
                                                      "Startup Cost": 37.91,
                                                      "Total Cost": 12601.18,
                                                      "Plan Rows": 12182,
                                                      "Plan Width": 22,
                                                      "Actual Startup Time": 0.734,
                                                      "Actual Total Time": 76.705,
                                                      "Actual Rows": 11216,
                                                      "Actual Loops": 1,
                                                      "Inner Unique": false,
                                                      "Plans": [
                                                        {
                                                          "Node Type": "Nested Loop",
                                                          "Parent Relationship": "Outer",
                                                          "Parallel Aware": false,
                                                          "Join Type": "Inner",
                                                          "Startup Cost": 37.49,
                                                          "Total Cost": 612.73,
                                                          "Plan Rows": 5000,
                                                          "Plan Width": 8,
                                                          "Actual Startup Time": 0.599,
                                                          "Actual Total Time": 4.823,
                                                          "Actual Rows": 7810,
                                                          "Actual Loops": 1,
                                                          "Inner Unique": false,
                                                          "Plans": [
                                                            {
                                                              "Node Type": "Seq Scan",
                                                              "Parent Relationship": "Outer",
                                                              "Parallel Aware": false,
                                                              "Relation Name": "link_type",
                                                              "Alias": "lt",
                                                              "Startup Cost": 0.0,
                                                              "Total Cost": 1.25,
                                                              "Plan Rows": 3,
                                                              "Plan Width": 4,
                                                              "Actual Startup Time": 0.024,
                                                              "Actual Total Time": 0.032,
                                                              "Actual Rows": 3,
                                                              "Actual Loops": 1,
                                                              "Filter": "((link)::text = ANY ('{\"referenced in\",\"alternate language version of\",\"featured in\"}'::text[]))",
                                                              "Rows Removed by Filter": 15
                                                            },
                                                            {
                                                              "Node Type": "Bitmap Heap Scan",
                                                              "Parent Relationship": "Inner",
                                                              "Parallel Aware": false,
                                                              "Relation Name": "movie_link",
                                                              "Alias": "ml",
                                                              "Startup Cost": 37.49,
                                                              "Total Cost": 185.08,
                                                              "Plan Rows": 1875,
                                                              "Plan Width": 12,
                                                              "Actual Startup Time": 0.253,
                                                              "Actual Total Time": 1.163,
                                                              "Actual Rows": 2603,
                                                              "Actual Loops": 3,
                                                              "Recheck Cond": "(link_type_id = lt.id)",
                                                              "Rows Removed by Index Recheck": 0,
                                                              "Exact Heap Blocks": 276,
                                                              "Lossy Heap Blocks": 0,
                                                              "Plans": [
                                                                {
                                                                  "Node Type": "Bitmap Index Scan",
                                                                  "Parent Relationship": "Outer",
                                                                  "Parallel Aware": false,
                                                                  "Index Name": "link_type_id_movie_link",
                                                                  "Startup Cost": 0.0,
                                                                  "Total Cost": 37.02,
                                                                  "Plan Rows": 1875,
                                                                  "Plan Width": 0,
                                                                  "Actual Startup Time": 0.233,
                                                                  "Actual Total Time": 0.233,
                                                                  "Actual Rows": 2603,
                                                                  "Actual Loops": 3,
                                                                  "Index Cond": "(link_type_id = lt.id)"
                                                                }
                                                              ]
                                                            }
                                                          ]
                                                        },
                                                        {
                                                          "Node Type": "Index Scan",
                                                          "Parent Relationship": "Inner",
                                                          "Parallel Aware": false,
                                                          "Scan Direction": "Forward",
                                                          "Index Name": "movie_id_movie_info_idx",
                                                          "Relation Name": "movie_info_idx",
                                                          "Alias": "mi_idx2",
                                                          "Startup Cost": 0.43,
                                                          "Total Cost": 2.38,
                                                          "Plan Rows": 2,
                                                          "Plan Width": 14,
                                                          "Actual Startup Time": 0.008,
                                                          "Actual Total Time": 0.009,
                                                          "Actual Rows": 1,
                                                          "Actual Loops": 7810,
                                                          "Index Cond": "(movie_id = ml.linked_movie_id)",
                                                          "Rows Removed by Index Recheck": 0,
                                                          "Filter": "(info < '6.8'::text)",
                                                          "Rows Removed by Filter": 1
                                                        }
                                                      ]
                                                    }
                                                  ]
                                                },
                                                {
                                                  "Node Type": "Index Scan",
                                                  "Parent Relationship": "Inner",
                                                  "Parallel Aware": false,
                                                  "Scan Direction": "Forward",
                                                  "Index Name": "title_pkey",
                                                  "Relation Name": "title",
                                                  "Alias": "t2",
                                                  "Startup Cost": 0.43,
                                                  "Total Cost": 0.62,
                                                  "Plan Rows": 1,
                                                  "Plan Width": 25,
                                                  "Actual Startup Time": 0.017,
                                                  "Actual Total Time": 0.017,
                                                  "Actual Rows": 1,
                                                  "Actual Loops": 2183,
                                                  "Index Cond": "(id = mi_idx2.movie_id)",
                                                  "Rows Removed by Index Recheck": 0,
                                                  "Filter": "((production_year >= 1983) AND (production_year <= 2007))",
                                                  "Rows Removed by Filter": 0
                                                }
                                              ]
                                            }
                                          ]
                                        },
                                        {
                                          "Node Type": "Index Scan",
                                          "Parent Relationship": "Inner",
                                          "Parallel Aware": false,
                                          "Scan Direction": "Forward",
                                          "Index Name": "movie_id_movie_info_idx",
                                          "Relation Name": "movie_info_idx",
                                          "Alias": "mi_idx1",
                                          "Startup Cost": 0.43,
                                          "Total Cost": 2.37,
                                          "Plan Rows": 3,
                                          "Plan Width": 14,
                                          "Actual Startup Time": 0.007,
                                          "Actual Total Time": 0.007,
                                          "Actual Rows": 3,
                                          "Actual Loops": 58,
                                          "Index Cond": "(movie_id = ml.movie_id)",
                                          "Rows Removed by Index Recheck": 0
                                        }
                                      ]
                                    }
                                  ]
                                },
                                {
                                  "Node Type": "Index Scan",
                                  "Parent Relationship": "Inner",
                                  "Parallel Aware": false,
                                  "Scan Direction": "Forward",
                                  "Index Name": "movie_id_movie_companies",
                                  "Relation Name": "movie_companies",
                                  "Alias": "mc1",
                                  "Startup Cost": 0.43,
                                  "Total Cost": 0.6,
                                  "Plan Rows": 5,
                                  "Plan Width": 8,
                                  "Actual Startup Time": 0.013,
                                  "Actual Total Time": 0.017,
                                  "Actual Rows": 5,
                                  "Actual Loops": 51,
                                  "Index Cond": "(movie_id = mi_idx1.movie_id)",
                                  "Rows Removed by Index Recheck": 0
                                }
                              ]
                            },
                            {
                              "Node Type": "Index Scan",
                              "Parent Relationship": "Inner",
                              "Parallel Aware": false,
                              "Scan Direction": "Forward",
                              "Index Name": "company_name_pkey",
                              "Relation Name": "company_name",
                              "Alias": "cn1",
                              "Startup Cost": 0.42,
                              "Total Cost": 0.45,
                              "Plan Rows": 1,
                              "Plan Width": 23,
                              "Actual Startup Time": 0.008,
                              "Actual Total Time": 0.008,
                              "Actual Rows": 0,
                              "Actual Loops": 233,
                              "Index Cond": "(id = mc1.company_id)",
                              "Rows Removed by Index Recheck": 0,
                              "Filter": "((country_code)::text = '[gb]'::text)",
                              "Rows Removed by Filter": 1
                            }
                          ]
                        },
                        {
                          "Node Type": "Index Scan",
                          "Parent Relationship": "Inner",
                          "Parallel Aware": false,
                          "Scan Direction": "Forward",
                          "Index Name": "movie_id_movie_companies",
                          "Relation Name": "movie_companies",
                          "Alias": "mc2",
                          "Startup Cost": 0.43,
                          "Total Cost": 0.62,
                          "Plan Rows": 5,
                          "Plan Width": 8,
                          "Actual Startup Time": 0.007,
                          "Actual Total Time": 0.009,
                          "Actual Rows": 2,
                          "Actual Loops": 31,
                          "Index Cond": "(movie_id = t2.id)",
                          "Rows Removed by Index Recheck": 0
                        }
                      ]
                    },
                    {
                      "Node Type": "Index Scan",
                      "Parent Relationship": "Inner",
                      "Parallel Aware": false,
                      "Scan Direction": "Forward",
                      "Index Name": "company_name_pkey",
                      "Relation Name": "company_name",
                      "Alias": "cn2",
                      "Startup Cost": 0.42,
                      "Total Cost": 0.44,
                      "Plan Rows": 1,
                      "Plan Width": 23,
                      "Actual Startup Time": 0.004,
                      "Actual Total Time": 0.004,
                      "Actual Rows": 1,
                      "Actual Loops": 47,
                      "Index Cond": "(id = mc2.company_id)",
                      "Rows Removed by Index Recheck": 0
                    }
                  ]
                },
                {
                  "Node Type": "Index Scan",
                  "Parent Relationship": "Inner",
                  "Parallel Aware": false,
                  "Scan Direction": "Forward",
                  "Index Name": "title_pkey",
                  "Relation Name": "title",
                  "Alias": "t1",
                  "Startup Cost": 0.43,
                  "Total Cost": 0.52,
                  "Plan Rows": 1,
                  "Plan Width": 25,
                  "Actual Startup Time": 0.005,
                  "Actual Total Time": 0.005,
                  "Actual Rows": 1,
                  "Actual Loops": 47,
                  "Index Cond": "(id = mc1.movie_id)",
                  "Rows Removed by Index Recheck": 0
                }
              ]
            },
            {
              "Node Type": "Index Scan",
              "Parent Relationship": "Inner",
              "Parallel Aware": false,
              "Scan Direction": "Forward",
              "Index Name": "kind_type_pkey",
              "Relation Name": "kind_type",
              "Alias": "kt1",
              "Startup Cost": 0.13,
              "Total Cost": 0.15,
              "Plan Rows": 1,
              "Plan Width": 4,
              "Actual Startup Time": 0.002,
              "Actual Total Time": 0.002,
              "Actual Rows": 1,
              "Actual Loops": 47,
              "Index Cond": "(id = t1.kind_id)",
              "Rows Removed by Index Recheck": 0,
              "Filter": "((kind)::text = 'tv series'::text COLLATE \"C\")",
              "Rows Removed by Filter": 0
            }
          ]
        }
      ]
    },
    "Planning Time": 264.031,
    "Triggers": [],
    "Execution Time": 122.854
  }
]