[
  {
    "Plan": {
      "Node Type": "Aggregate",
      "Strategy": "Plain",
      "Partial Mode": "Finalize",
      "Parallel Aware": false,
      "Startup Cost": 32889.84,
      "Total Cost": 32889.85,
      "Plan Rows": 1,
      "Plan Width": 8,
      "Actual Startup Time": 112.686,
      "Actual Total Time": 119.125,
      "Actual Rows": 1,
      "Actual Loops": 1,
      "Plans": [
        {
          "Node Type": "Gather",
          "Parent Relationship": "Outer",
          "Parallel Aware": false,
          "Startup Cost": 32889.52,
          "Total Cost": 32889.83,
          "Plan Rows": 3,
          "Plan Width": 8,
          "Actual Startup Time": 112.566,
          "Actual Total Time": 119.117,
          "Actual Rows": 4,
          "Actual Loops": 1,
          "Workers Planned": 3,
          "Workers Launched": 3,
          "Single Copy": false,
          "Plans": [
            {
              "Node Type": "Aggregate",
              "Strategy": "Plain",
              "Partial Mode": "Partial",
              "Parent Relationship": "Outer",
              "Parallel Aware": false,
              "Startup Cost": 31889.52,
              "Total Cost": 31889.53,
              "Plan Rows": 1,
              "Plan Width": 8,
              "Actual Startup Time": 104.443,
              "Actual Total Time": 104.445,
              "Actual Rows": 1,
              "Actual Loops": 4,
              "Plans": [
                {
                  "Node Type": "Seq Scan",
                  "Parent Relationship": "Outer",
                  "Parallel Aware": true,
                  "Relation Name": "movie_companies",
                  "Alias": "mc",
                  "Startup Cost": 0.0,
                  "Total Cost": 31414.82,
                  "Plan Rows": 189881,
                  "Plan Width": 0,
                  "Actual Startup Time": 47.843,
                  "Actual Total Time": 91.656,
                  "Actual Rows": 216444,
                  "Actual Loops": 4,
                  "Filter": "((company_id > 13256) AND (company_type_id > 1))",
                  "Rows Removed by Filter": 435838
                }
              ]
            }
          ]
        }
      ]
    },
    "Planning Time": 0.113,
    "Triggers": [],
    "Execution Time": 119.158
  }
]