[
  {
    "Plan": {
      "Node Type": "Aggregate",
      "Strategy": "Plain",
      "Partial Mode": "Finalize",
      "Parallel Aware": false,
      "Startup Cost": 128812.01,
      "Total Cost": 128812.02,
      "Plan Rows": 1,
      "Plan Width": 8,
      "Actual Startup Time": 592.004,
      "Actual Total Time": 611.819,
      "Actual Rows": 1,
      "Actual Loops": 1,
      "Plans": [
        {
          "Node Type": "Gather",
          "Parent Relationship": "Outer",
          "Parallel Aware": false,
          "Startup Cost": 128811.69,
          "Total Cost": 128812.0,
          "Plan Rows": 3,
          "Plan Width": 8,
          "Actual Startup Time": 585.321,
          "Actual Total Time": 611.808,
          "Actual Rows": 4,
          "Actual Loops": 1,
          "Workers Planned": 3,
          "Workers Launched": 3,
          "Single Copy": false,
          "Plans": [
            {
              "Node Type": "Aggregate",
              "Strategy": "Plain",
              "Partial Mode": "Partial",
              "Parent Relationship": "Outer",
              "Parallel Aware": false,
              "Startup Cost": 127811.69,
              "Total Cost": 127811.7,
              "Plan Rows": 1,
              "Plan Width": 8,
              "Actual Startup Time": 577.331,
              "Actual Total Time": 577.474,
              "Actual Rows": 1,
              "Actual Loops": 4,
              "Plans": [
                {
                  "Node Type": "Hash Join",
                  "Parent Relationship": "Outer",
                  "Parallel Aware": true,
                  "Join Type": "Inner",
                  "Startup Cost": 79520.7,
                  "Total Cost": 127451.1,
                  "Plan Rows": 144234,
                  "Plan Width": 0,
                  "Actual Startup Time": 340.288,
                  "Actual Total Time": 563.222,
                  "Actual Rows": 310002,
                  "Actual Loops": 4,
                  "Inner Unique": false,
                  "Hash Cond": "(mk.movie_id = t.id)",
                  "Plans": [
                    {
                      "Node Type": "Seq Scan",
                      "Parent Relationship": "Outer",
                      "Parallel Aware": true,
                      "Relation Name": "movie_keyword",
                      "Alias": "mk",
                      "Startup Cost": 0.0,
                      "Total Cost": 42695.65,
                      "Plan Rows": 1271860,
                      "Plan Width": 4,
                      "Actual Startup Time": 0.12,
                      "Actual Total Time": 117.967,
                      "Actual Rows": 983272,
                      "Actual Loops": 4,
                      "Filter": "(keyword_id > 429)",
                      "Rows Removed by Filter": 147710
                    },
                    {
                      "Node Type": "Hash",
                      "Parent Relationship": "Inner",
                      "Parallel Aware": true,
                      "Startup Cost": 78364.52,
                      "Total Cost": 78364.52,
                      "Plan Rows": 92495,
                      "Plan Width": 8,
                      "Actual Startup Time": 336.586,
                      "Actual Total Time": 336.728,
                      "Actual Rows": 81766,
                      "Actual Loops": 4,
                      "Hash Buckets": 524288,
                      "Original Hash Buckets": 524288,
                      "Hash Batches": 1,
                      "Original Hash Batches": 1,
                      "Peak Memory Usage": 16928,
                      "Plans": [
                        {
                          "Node Type": "Hash Join",
                          "Parent Relationship": "Outer",
                          "Parallel Aware": true,
                          "Join Type": "Inner",
                          "Startup Cost": 46063.08,
                          "Total Cost": 78364.52,
                          "Plan Rows": 92495,
                          "Plan Width": 8,
                          "Actual Startup Time": 213.622,
                          "Actual Total Time": 310.281,
                          "Actual Rows": 81766,
                          "Actual Loops": 4,
                          "Inner Unique": true,
                          "Hash Cond": "(mc.movie_id = t.id)",
                          "Plans": [
                            {
                              "Node Type": "Seq Scan",
                              "Parent Relationship": "Outer",
                              "Parallel Aware": true,
                              "Relation Name": "movie_companies",
                              "Alias": "mc",
                              "Startup Cost": 0.0,
                              "Total Cost": 31414.82,
                              "Plan Rows": 337758,
                              "Plan Width": 4,
                              "Actual Startup Time": 31.949,
                              "Actual Total Time": 70.079,
                              "Actual Rows": 194602,
                              "Actual Loops": 4,
                              "Filter": "((company_id < 71738) AND (company_type_id = 2))",
                              "Rows Removed by Filter": 457680
                            },
                            {
                              "Node Type": "Hash",
                              "Parent Relationship": "Inner",
                              "Parallel Aware": true,
                              "Startup Cost": 43899.32,
                              "Total Cost": 43899.32,
                              "Plan Rows": 173101,
                              "Plan Width": 4,
                              "Actual Startup Time": 178.385,
                              "Actual Total Time": 178.387,
                              "Actual Rows": 176796,
                              "Actual Loops": 4,
                              "Hash Buckets": 1048576,
                              "Original Hash Buckets": 1048576,
                              "Hash Batches": 1,
                              "Original Hash Batches": 1,
                              "Peak Memory Usage": 35904,
                              "Plans": [
                                {
                                  "Node Type": "Seq Scan",
                                  "Parent Relationship": "Outer",
                                  "Parallel Aware": true,
                                  "Relation Name": "title",
                                  "Alias": "t",
                                  "Startup Cost": 0.0,
                                  "Total Cost": 43899.32,
                                  "Plan Rows": 173101,
                                  "Plan Width": 4,
                                  "Actual Startup Time": 0.055,
                                  "Actual Total Time": 104.637,
                                  "Actual Rows": 176796,
                                  "Actual Loops": 4,
                                  "Filter": "(production_year < 1991)",
                                  "Rows Removed by Filter": 455282
                                }
                              ]
                            }
                          ]
                        }
                      ]
                    }
                  ]
                }
              ]
            }
          ]
        }
      ]
    },
    "Planning Time": 1.365,
    "Triggers": [],
    "Execution Time": 611.912
  }
]