[
  {
    "Plan": {
      "Node Type": "Aggregate",
      "Strategy": "Plain",
      "Partial Mode": "Finalize",
      "Parallel Aware": false,
      "Startup Cost": 472576.46,
      "Total Cost": 472576.47,
      "Plan Rows": 1,
      "Plan Width": 8,
      "Actual Startup Time": 2997.978,
      "Actual Total Time": 3061.01,
      "Actual Rows": 1,
      "Actual Loops": 1,
      "Plans": [
        {
          "Node Type": "Gather",
          "Parent Relationship": "Outer",
          "Parallel Aware": false,
          "Startup Cost": 472575.84,
          "Total Cost": 472576.45,
          "Plan Rows": 6,
          "Plan Width": 8,
          "Actual Startup Time": 2958.132,
          "Actual Total Time": 3060.995,
          "Actual Rows": 7,
          "Actual Loops": 1,
          "Workers Planned": 6,
          "Workers Launched": 6,
          "Single Copy": false,
          "Plans": [
            {
              "Node Type": "Aggregate",
              "Strategy": "Plain",
              "Partial Mode": "Partial",
              "Parent Relationship": "Outer",
              "Parallel Aware": false,
              "Startup Cost": 471575.84,
              "Total Cost": 471575.85,
              "Plan Rows": 1,
              "Plan Width": 8,
              "Actual Startup Time": 2935.557,
              "Actual Total Time": 2936.056,
              "Actual Rows": 1,
              "Actual Loops": 7,
              "Plans": [
                {
                  "Node Type": "Hash Join",
                  "Parent Relationship": "Outer",
                  "Parallel Aware": true,
                  "Join Type": "Inner",
                  "Startup Cost": 109880.13,
                  "Total Cost": 461764.69,
                  "Plan Rows": 3924458,
                  "Plan Width": 0,
                  "Actual Startup Time": 511.321,
                  "Actual Total Time": 2501.334,
                  "Actual Rows": 11192079,
                  "Actual Loops": 7,
                  "Inner Unique": false,
                  "Hash Cond": "(ci.movie_id = t.id)",
                  "Plans": [
                    {
                      "Node Type": "Seq Scan",
                      "Parent Relationship": "Outer",
                      "Parallel Aware": true,
                      "Relation Name": "cast_info",
                      "Alias": "ci",
                      "Startup Cost": 0.0,
                      "Total Cost": 328162.03,
                      "Plan Rows": 2950131,
                      "Plan Width": 4,
                      "Actual Startup Time": 0.024,
                      "Actual Total Time": 527.105,
                      "Actual Rows": 2535060,
                      "Actual Loops": 7,
                      "Filter": "(person_id < 1757697)",
                      "Rows Removed by Filter": 2642704
                    },
                    {
                      "Node Type": "Hash",
                      "Parent Relationship": "Inner",
                      "Parallel Aware": true,
                      "Startup Cost": 96318.43,
                      "Total Cost": 96318.43,
                      "Plan Rows": 1084936,
                      "Plan Width": 8,
                      "Actual Startup Time": 504.395,
                      "Actual Total Time": 504.893,
                      "Actual Rows": 436319,
                      "Actual Loops": 7,
                      "Hash Buckets": 4194304,
                      "Original Hash Buckets": 4194304,
                      "Hash Batches": 1,
                      "Original Hash Batches": 1,
                      "Peak Memory Usage": 152416,
                      "Plans": [
                        {
                          "Node Type": "Hash Join",
                          "Parent Relationship": "Outer",
                          "Parallel Aware": true,
                          "Join Type": "Inner",
                          "Startup Cost": 49827.08,
                          "Total Cost": 96318.43,
                          "Plan Rows": 1084936,
                          "Plan Width": 8,
                          "Actual Startup Time": 195.153,
                          "Actual Total Time": 374.188,
                          "Actual Rows": 436319,
                          "Actual Loops": 7,
                          "Inner Unique": true,
                          "Hash Cond": "(mk.movie_id = t.id)",
                          "Plans": [
                            {
                              "Node Type": "Seq Scan",
                              "Parent Relationship": "Outer",
                              "Parallel Aware": true,
                              "Relation Name": "movie_keyword",
                              "Alias": "mk",
                              "Startup Cost": 0.0,
                              "Total Cost": 42695.65,
                              "Plan Rows": 1445978,
                              "Plan Width": 4,
                              "Actual Startup Time": 0.033,
                              "Actual Total Time": 76.152,
                              "Actual Rows": 640740,
                              "Actual Loops": 7,
                              "Filter": "(keyword_id > 43)",
                              "Rows Removed by Filter": 5536
                            },
                            {
                              "Node Type": "Hash",
                              "Parent Relationship": "Inner",
                              "Parallel Aware": true,
                              "Startup Cost": 43898.92,
                              "Total Cost": 43898.92,
                              "Plan Rows": 474253,
                              "Plan Width": 4,
                              "Actual Startup Time": 193.167,
                              "Actual Total Time": 193.168,
                              "Actual Rows": 269681,
                              "Actual Loops": 7,
                              "Hash Buckets": 2097152,
                              "Original Hash Buckets": 2097152,
                              "Hash Batches": 1,
                              "Original Hash Batches": 1,
                              "Peak Memory Usage": 90336,
                              "Plans": [
                                {
                                  "Node Type": "Seq Scan",
                                  "Parent Relationship": "Outer",
                                  "Parallel Aware": true,
                                  "Relation Name": "title",
                                  "Alias": "t",
                                  "Startup Cost": 0.0,
                                  "Total Cost": 43898.92,
                                  "Plan Rows": 474253,
                                  "Plan Width": 4,
                                  "Actual Startup Time": 0.043,
                                  "Actual Total Time": 77.092,
                                  "Actual Rows": 269681,
                                  "Actual Loops": 7,
                                  "Filter": "(production_year > 1983)",
                                  "Rows Removed by Filter": 91506
                                }
                              ]
                            }
                          ]
                        }
                      ]
                    }
                  ]
                }
              ]
            }
          ]
        }
      ]
    },
    "Planning Time": 1.385,
    "Triggers": [],
    "Execution Time": 3061.103
  }
]