[
  {
    "Plan": {
      "Node Type": "Aggregate",
      "Strategy": "Plain",
      "Partial Mode": "Finalize",
      "Parallel Aware": false,
      "Startup Cost": 33145.94,
      "Total Cost": 33145.95,
      "Plan Rows": 1,
      "Plan Width": 8,
      "Actual Startup Time": 95.213,
      "Actual Total Time": 103.366,
      "Actual Rows": 1,
      "Actual Loops": 1,
      "Plans": [
        {
          "Node Type": "Gather",
          "Parent Relationship": "Outer",
          "Parallel Aware": false,
          "Startup Cost": 33145.62,
          "Total Cost": 33145.93,
          "Plan Rows": 3,
          "Plan Width": 8,
          "Actual Startup Time": 95.105,
          "Actual Total Time": 103.358,
          "Actual Rows": 4,
          "Actual Loops": 1,
          "Workers Planned": 3,
          "Workers Launched": 3,
          "Single Copy": false,
          "Plans": [
            {
              "Node Type": "Aggregate",
              "Strategy": "Plain",
              "Partial Mode": "Partial",
              "Parent Relationship": "Outer",
              "Parallel Aware": false,
              "Startup Cost": 32145.62,
              "Total Cost": 32145.63,
              "Plan Rows": 1,
              "Plan Width": 8,
              "Actual Startup Time": 87.746,
              "Actual Total Time": 87.747,
              "Actual Rows": 1,
              "Actual Loops": 4,
              "Plans": [
                {
                  "Node Type": "Seq Scan",
                  "Parent Relationship": "Outer",
                  "Parallel Aware": true,
                  "Relation Name": "movie_companies",
                  "Alias": "mc",
                  "Startup Cost": 0.0,
                  "Total Cost": 31414.82,
                  "Plan Rows": 292320,
                  "Plan Width": 0,
                  "Actual Startup Time": 42.785,
                  "Actual Total Time": 80.267,
                  "Actual Rows": 147821,
                  "Actual Loops": 4,
                  "Filter": "((company_id < 27847) AND (company_type_id = 2))",
                  "Rows Removed by Filter": 504462
                }
              ]
            }
          ]
        }
      ]
    },
    "Planning Time": 0.217,
    "Triggers": [],
    "Execution Time": 103.428
  }
]