[
  {
    "Plan": {
      "Node Type": "Aggregate",
      "Strategy": "Plain",
      "Partial Mode": "Finalize",
      "Parallel Aware": false,
      "Startup Cost": 69883.0,
      "Total Cost": 69883.01,
      "Plan Rows": 1,
      "Plan Width": 8,
      "Actual Startup Time": 171.911,
      "Actual Total Time": 182.721,
      "Actual Rows": 1,
      "Actual Loops": 1,
      "Plans": [
        {
          "Node Type": "Gather",
          "Parent Relationship": "Outer",
          "Parallel Aware": false,
          "Startup Cost": 69882.69,
          "Total Cost": 69883.0,
          "Plan Rows": 3,
          "Plan Width": 8,
          "Actual Startup Time": 171.362,
          "Actual Total Time": 182.697,
          "Actual Rows": 4,
          "Actual Loops": 1,
          "Workers Planned": 3,
          "Workers Launched": 3,
          "Single Copy": false,
          "Plans": [
            {
              "Node Type": "Aggregate",
              "Strategy": "Plain",
              "Partial Mode": "Partial",
              "Parent Relationship": "Outer",
              "Parallel Aware": false,
              "Startup Cost": 68882.69,
              "Total Cost": 68882.7,
              "Plan Rows": 1,
              "Plan Width": 8,
              "Actual Startup Time": 162.244,
              "Actual Total Time": 162.248,
              "Actual Rows": 1,
              "Actual Loops": 4,
              "Plans": [
                {
                  "Node Type": "Hash Join",
                  "Parent Relationship": "Outer",
                  "Parallel Aware": true,
                  "Join Type": "Inner",
                  "Startup Cost": 38449.04,
                  "Total Cost": 68852.85,
                  "Plan Rows": 11935,
                  "Plan Width": 0,
                  "Actual Startup Time": 84.176,
                  "Actual Total Time": 160.996,
                  "Actual Rows": 29091,
                  "Actual Loops": 4,
                  "Inner Unique": true,
                  "Hash Cond": "(mc.movie_id = t.id)",
                  "Plans": [
                    {
                      "Node Type": "Seq Scan",
                      "Parent Relationship": "Outer",
                      "Parallel Aware": true,
                      "Relation Name": "movie_companies",
                      "Alias": "mc",
                      "Startup Cost": 0.0,
                      "Total Cost": 29310.68,
                      "Plan Rows": 416431,
                      "Plan Width": 4,
                      "Actual Startup Time": 0.022,
                      "Actual Total Time": 64.455,
                      "Actual Rows": 321195,
                      "Actual Loops": 4,
                      "Filter": "(company_id < 11241)",
                      "Rows Removed by Filter": 331087
                    },
                    {
                      "Node Type": "Hash",
                      "Parent Relationship": "Inner",
                      "Parallel Aware": true,
                      "Startup Cost": 38222.6,
                      "Total Cost": 38222.6,
                      "Plan Rows": 18115,
                      "Plan Width": 4,
                      "Actual Startup Time": 58.356,
                      "Actual Total Time": 58.357,
                      "Actual Rows": 21319,
                      "Actual Loops": 4,
                      "Hash Buckets": 131072,
                      "Original Hash Buckets": 131072,
                      "Hash Batches": 1,
                      "Original Hash Batches": 1,
                      "Peak Memory Usage": 4448,
                      "Plans": [
                        {
                          "Node Type": "Bitmap Heap Scan",
                          "Parent Relationship": "Outer",
                          "Parallel Aware": true,
                          "Relation Name": "title",
                          "Alias": "t",
                          "Startup Cost": 1841.25,
                          "Total Cost": 38222.6,
                          "Plan Rows": 18115,
                          "Plan Width": 4,
                          "Actual Startup Time": 14.035,
                          "Actual Total Time": 48.85,
                          "Actual Rows": 21319,
                          "Actual Loops": 4,
                          "Recheck Cond": "(kind_id = 3)",
                          "Rows Removed by Index Recheck": 0,
                          "Filter": "(production_year < 2009)",
                          "Rows Removed by Filter": 3816,
                          "Exact Heap Blocks": 7395,
                          "Lossy Heap Blocks": 0,
                          "Plans": [
                            {
                              "Node Type": "Bitmap Index Scan",
                              "Parent Relationship": "Outer",
                              "Parallel Aware": false,
                              "Index Name": "kind_id_title",
                              "Startup Cost": 0.0,
                              "Total Cost": 1823.13,
                              "Plan Rows": 102227,
                              "Plan Width": 0,
                              "Actual Startup Time": 14.359,
                              "Actual Total Time": 14.359,
                              "Actual Rows": 100537,
                              "Actual Loops": 1,
                              "Index Cond": "(kind_id = 3)"
                            }
                          ]
                        }
                      ]
                    }
                  ]
                }
              ]
            }
          ]
        }
      ]
    },
    "Planning Time": 0.656,
    "Triggers": [],
    "Execution Time": 182.824
  }
]