{
  "Plan": {
    "Node Type": "Aggregate",
    "Strategy": "Plain",
    "Partial Mode": "Finalize",
    "Parallel Aware": false,
    "Startup Cost": 832085.41,
    "Total Cost": 832085.42,
    "Plan Rows": 1,
    "Plan Width": 8,
    "Actual Startup Time": 16552.556,
    "Actual Total Time": 16642.262,
    "Actual Rows": 1,
    "Actual Loops": 1,
    "Plans": [
      {
        "Node Type": "Gather",
        "Parent Relationship": "Outer",
        "Parallel Aware": false,
        "Startup Cost": 832085.3,
        "Total Cost": 832085.41,
        "Plan Rows": 1,
        "Plan Width": 8,
        "Actual Startup Time": 16530.939,
        "Actual Total Time": 16642.252,
        "Actual Rows": 2,
        "Actual Loops": 1,
        "Workers Planned": 1,
        "Workers Launched": 1,
        "Single Copy": false,
        "Plans": [
          {
            "Node Type": "Aggregate",
            "Strategy": "Plain",
            "Partial Mode": "Partial",
            "Parent Relationship": "Outer",
            "Parallel Aware": false,
            "Startup Cost": 831085.3,
            "Total Cost": 831085.31,
            "Plan Rows": 1,
            "Plan Width": 8,
            "Actual Startup Time": 16508.523,
            "Actual Total Time": 16510.914,
            "Actual Rows": 1,
            "Actual Loops": 2,
            "Plans": [
              {
                "Node Type": "Hash Join",
                "Parent Relationship": "Outer",
                "Parallel Aware": true,
                "Join Type": "Inner",
                "Startup Cost": 674267.43,
                "Total Cost": 808604.78,
                "Plan Rows": 8992208,
                "Plan Width": 0,
                "Actual Startup Time": 9053.221,
                "Actual Total Time": 14143.648,
                "Actual Rows": 59484307,
                "Actual Loops": 2,
                "Inner Unique": false,
                "Hash Cond": "(mk.movie_id = t.id)",
                "Plans": [
                  {
                    "Node Type": "Seq Scan",
                    "Parent Relationship": "Outer",
                    "Parallel Aware": true,
                    "Relation Name": "movie_keyword",
                    "Alias": "mk",
                    "Startup Cost": 0.0,
                    "Total Cost": 57718.19,
                    "Plan Rows": 1897905,
                    "Plan Width": 4,
                    "Actual Startup Time": 0.013,
                    "Actual Total Time": 222.811,
                    "Actual Rows": 1607265,
                    "Actual Loops": 2,
                    "Filter": "(keyword_id < 13435)",
                    "Rows Removed by Filter": 654700
                  },
                  {
                    "Node Type": "Hash",
                    "Parent Relationship": "Inner",
                    "Parallel Aware": true,
                    "Startup Cost": 586186.82,
                    "Total Cost": 586186.82,
                    "Plan Rows": 7046449,
                    "Plan Width": 8,
                    "Actual Startup Time": 8995.835,
                    "Actual Total Time": 8998.224,
                    "Actual Rows": 6098408,
                    "Actual Loops": 2,
                    "Hash Buckets": 16777216,
                    "Original Hash Buckets": 16777216,
                    "Hash Batches": 1,
                    "Original Hash Batches": 1,
                    "Peak Memory Usage": 608256,
                    "Plans": [
                      {
                        "Node Type": "Hash Join",
                        "Parent Relationship": "Outer",
                        "Parallel Aware": true,
                        "Join Type": "Inner",
                        "Startup Cost": 64453.47,
                        "Total Cost": 586186.82,
                        "Plan Rows": 7046449,
                        "Plan Width": 8,
                        "Actual Startup Time": 255.954,
                        "Actual Total Time": 6771.819,
                        "Actual Rows": 6098408,
                        "Actual Loops": 2,
                        "Inner Unique": true,
                        "Hash Cond": "(ci.movie_id = t.id)",
                        "Plans": [
                          {
                            "Node Type": "Seq Scan",
                            "Parent Relationship": "Outer",
                            "Parallel Aware": true,
                            "Relation Name": "cast_info",
                            "Alias": "ci",
                            "Startup Cost": 0.0,
                            "Total Cost": 465792.95,
                            "Plan Rows": 21310595,
                            "Plan Width": 4,
                            "Actual Startup Time": 0.013,
                            "Actual Total Time": 1463.046,
                            "Actual Rows": 18122172,
                            "Actual Loops": 2
                          },
                          {
                            "Node Type": "Hash",
                            "Parent Relationship": "Inner",
                            "Parallel Aware": true,
                            "Startup Cost": 58306.47,
                            "Total Cost": 58306.47,
                            "Plan Rows": 491760,
                            "Plan Width": 4,
                            "Actual Startup Time": 252.666,
                            "Actual Total Time": 252.667,
                            "Actual Rows": 372043,
                            "Actual Loops": 2,
                            "Hash Buckets": 1048576,
                            "Original Hash Buckets": 1048576,
                            "Hash Batches": 1,
                            "Original Hash Batches": 1,
                            "Peak Memory Usage": 37312,
                            "Plans": [
                              {
                                "Node Type": "Seq Scan",
                                "Parent Relationship": "Outer",
                                "Parallel Aware": true,
                                "Relation Name": "title",
                                "Alias": "t",
                                "Startup Cost": 0.0,
                                "Total Cost": 58306.47,
                                "Plan Rows": 491760,
                                "Plan Width": 4,
                                "Actual Startup Time": 0.038,
                                "Actual Total Time": 162.776,
                                "Actual Rows": 372043,
                                "Actual Loops": 2,
                                "Filter": "((kind_id < 7) AND (production_year > 1967))",
                                "Rows Removed by Filter": 892113
                              }
                            ]
                          }
                        ]
                      }
                    ]
                  }
                ]
              }
            ]
          }
        ]
      }
    ]
  },
  "Planning Time": 0.746,
  "Triggers": [],
  "Execution Time": 16642.346
}