[
  {
    "Plan": {
      "Node Type": "Aggregate",
      "Strategy": "Plain",
      "Partial Mode": "Finalize",
      "Parallel Aware": false,
      "Startup Cost": 273263.06,
      "Total Cost": 273263.07,
      "Plan Rows": 1,
      "Plan Width": 8,
      "Actual Startup Time": 869.229,
      "Actual Total Time": 915.431,
      "Actual Rows": 1,
      "Actual Loops": 1,
      "Plans": [
        {
          "Node Type": "Gather",
          "Parent Relationship": "Outer",
          "Parallel Aware": false,
          "Startup Cost": 273262.53,
          "Total Cost": 273263.04,
          "Plan Rows": 5,
          "Plan Width": 8,
          "Actual Startup Time": 861.88,
          "Actual Total Time": 915.422,
          "Actual Rows": 6,
          "Actual Loops": 1,
          "Workers Planned": 5,
          "Workers Launched": 5,
          "Single Copy": false,
          "Plans": [
            {
              "Node Type": "Aggregate",
              "Strategy": "Plain",
              "Partial Mode": "Partial",
              "Parent Relationship": "Outer",
              "Parallel Aware": false,
              "Startup Cost": 272262.53,
              "Total Cost": 272262.54,
              "Plan Rows": 1,
              "Plan Width": 8,
              "Actual Startup Time": 850.563,
              "Actual Total Time": 850.568,
              "Actual Rows": 1,
              "Actual Loops": 6,
              "Plans": [
                {
                  "Node Type": "Hash Join",
                  "Parent Relationship": "Outer",
                  "Parallel Aware": true,
                  "Join Type": "Inner",
                  "Startup Cost": 65892.81,
                  "Total Cost": 270866.92,
                  "Plan Rows": 558246,
                  "Plan Width": 0,
                  "Actual Startup Time": 241.698,
                  "Actual Total Time": 836.962,
                  "Actual Rows": 307135,
                  "Actual Loops": 6,
                  "Inner Unique": false,
                  "Hash Cond": "(mi.movie_id = t.id)",
                  "Plans": [
                    {
                      "Node Type": "Seq Scan",
                      "Parent Relationship": "Outer",
                      "Parallel Aware": true,
                      "Relation Name": "movie_info",
                      "Alias": "mi",
                      "Startup Cost": 0.0,
                      "Total Cost": 191560.33,
                      "Plan Rows": 2956733,
                      "Plan Width": 4,
                      "Actual Startup Time": 0.056,
                      "Actual Total Time": 298.927,
                      "Actual Rows": 2472620,
                      "Actual Loops": 6
                    },
                    {
                      "Node Type": "Hash",
                      "Parent Relationship": "Inner",
                      "Parallel Aware": true,
                      "Startup Cost": 63406.58,
                      "Total Cost": 63406.58,
                      "Plan Rows": 198898,
                      "Plan Width": 8,
                      "Actual Startup Time": 238.142,
                      "Actual Total Time": 238.146,
                      "Actual Rows": 39654,
                      "Actual Loops": 6,
                      "Hash Buckets": 524288,
                      "Original Hash Buckets": 524288,
                      "Hash Batches": 1,
                      "Original Hash Batches": 1,
                      "Peak Memory Usage": 13504,
                      "Plans": [
                        {
                          "Node Type": "Hash Join",
                          "Parent Relationship": "Outer",
                          "Parallel Aware": true,
                          "Join Type": "Inner",
                          "Startup Cost": 48212.02,
                          "Total Cost": 63406.58,
                          "Plan Rows": 198898,
                          "Plan Width": 8,
                          "Actual Startup Time": 161.798,
                          "Actual Total Time": 226.528,
                          "Actual Rows": 39654,
                          "Actual Loops": 6,
                          "Inner Unique": true,
                          "Hash Cond": "(mi_idx.movie_id = t.id)",
                          "Plans": [
                            {
                              "Node Type": "Seq Scan",
                              "Parent Relationship": "Outer",
                              "Parallel Aware": true,
                              "Relation Name": "movie_info_idx",
                              "Alias": "mi_idx",
                              "Startup Cost": 0.0,
                              "Total Cost": 13685.15,
                              "Plan Rows": 575015,
                              "Plan Width": 4,
                              "Actual Startup Time": 0.033,
                              "Actual Total Time": 22.008,
                              "Actual Rows": 230006,
                              "Actual Loops": 6
                            },
                            {
                              "Node Type": "Hash",
                              "Parent Relationship": "Inner",
                              "Parallel Aware": true,
                              "Startup Cost": 45479.1,
                              "Total Cost": 45479.1,
                              "Plan Rows": 218634,
                              "Plan Width": 4,
                              "Actual Startup Time": 159.379,
                              "Actual Total Time": 159.38,
                              "Actual Rows": 159550,
                              "Actual Loops": 6,
                              "Hash Buckets": 1048576,
                              "Original Hash Buckets": 1048576,
                              "Hash Batches": 1,
                              "Original Hash Batches": 1,
                              "Peak Memory Usage": 45760,
                              "Plans": [
                                {
                                  "Node Type": "Seq Scan",
                                  "Parent Relationship": "Outer",
                                  "Parallel Aware": true,
                                  "Relation Name": "title",
                                  "Alias": "t",
                                  "Startup Cost": 0.0,
                                  "Total Cost": 45479.1,
                                  "Plan Rows": 218634,
                                  "Plan Width": 4,
                                  "Actual Startup Time": 0.055,
                                  "Actual Total Time": 86.699,
                                  "Actual Rows": 159550,
                                  "Actual Loops": 6,
                                  "Filter": "((production_year > 1999) AND (kind_id = 7))",
                                  "Rows Removed by Filter": 261836
                                }
                              ]
                            }
                          ]
                        }
                      ]
                    }
                  ]
                }
              ]
            }
          ]
        }
      ]
    },
    "Planning Time": 1.424,
    "Triggers": [],
    "Execution Time": 915.526
  }
]