[
  {
    "Plan": {
      "Node Type": "Aggregate",
      "Strategy": "Plain",
      "Partial Mode": "Finalize",
      "Parallel Aware": false,
      "Startup Cost": 361942.35,
      "Total Cost": 361942.36,
      "Plan Rows": 1,
      "Plan Width": 8,
      "Actual Startup Time": 450.754,
      "Actual Total Time": 521.527,
      "Actual Rows": 1,
      "Actual Loops": 1,
      "Plans": [
        {
          "Node Type": "Gather",
          "Parent Relationship": "Outer",
          "Parallel Aware": false,
          "Startup Cost": 361941.93,
          "Total Cost": 361942.34,
          "Plan Rows": 4,
          "Plan Width": 8,
          "Actual Startup Time": 450.522,
          "Actual Total Time": 521.515,
          "Actual Rows": 5,
          "Actual Loops": 1,
          "Workers Planned": 4,
          "Workers Launched": 4,
          "Single Copy": false,
          "Plans": [
            {
              "Node Type": "Aggregate",
              "Strategy": "Plain",
              "Partial Mode": "Partial",
              "Parent Relationship": "Outer",
              "Parallel Aware": false,
              "Startup Cost": 360941.93,
              "Total Cost": 360941.94,
              "Plan Rows": 1,
              "Plan Width": 8,
              "Actual Startup Time": 442.797,
              "Actual Total Time": 442.799,
              "Actual Rows": 1,
              "Actual Loops": 5,
              "Plans": [
                {
                  "Node Type": "Nested Loop",
                  "Parent Relationship": "Outer",
                  "Parallel Aware": false,
                  "Join Type": "Inner",
                  "Startup Cost": 0.56,
                  "Total Cost": 360483.31,
                  "Plan Rows": 183447,
                  "Plan Width": 0,
                  "Actual Startup Time": 0.285,
                  "Actual Total Time": 433.035,
                  "Actual Rows": 115129,
                  "Actual Loops": 5,
                  "Inner Unique": false,
                  "Plans": [
                    {
                      "Node Type": "Seq Scan",
                      "Parent Relationship": "Outer",
                      "Parallel Aware": true,
                      "Relation Name": "title",
                      "Alias": "t",
                      "Startup Cost": 0.0,
                      "Total Cost": 45479.59,
                      "Plan Rows": 12795,
                      "Plan Width": 4,
                      "Actual Startup Time": 0.06,
                      "Actual Total Time": 76.735,
                      "Actual Rows": 9064,
                      "Actual Loops": 5,
                      "Filter": "((kind_id > 1) AND (production_year > 2012))",
                      "Rows Removed by Filter": 496598
                    },
                    {
                      "Node Type": "Index Only Scan",
                      "Parent Relationship": "Inner",
                      "Parallel Aware": false,
                      "Scan Direction": "Forward",
                      "Index Name": "movie_id_cast_info",
                      "Relation Name": "cast_info",
                      "Alias": "ci",
                      "Startup Cost": 0.56,
                      "Total Cost": 24.27,
                      "Plan Rows": 35,
                      "Plan Width": 4,
                      "Actual Startup Time": 0.009,
                      "Actual Total Time": 0.037,
                      "Actual Rows": 13,
                      "Actual Loops": 45321,
                      "Index Cond": "(movie_id = t.id)",
                      "Rows Removed by Index Recheck": 0,
                      "Heap Fetches": 575647
                    }
                  ]
                }
              ]
            }
          ]
        }
      ]
    },
    "Planning Time": 1.427,
    "Triggers": [],
    "Execution Time": 521.633
  }
]