[
  {
    "Plan": {
      "Node Type": "Aggregate",
      "Strategy": "Plain",
      "Partial Mode": "Finalize",
      "Parallel Aware": false,
      "Startup Cost": 362215.66,
      "Total Cost": 362215.67,
      "Plan Rows": 1,
      "Plan Width": 8,
      "Actual Startup Time": 373.169,
      "Actual Total Time": 426.253,
      "Actual Rows": 1,
      "Actual Loops": 1,
      "Plans": [
        {
          "Node Type": "Gather",
          "Parent Relationship": "Outer",
          "Parallel Aware": false,
          "Startup Cost": 362215.24,
          "Total Cost": 362215.65,
          "Plan Rows": 4,
          "Plan Width": 8,
          "Actual Startup Time": 372.964,
          "Actual Total Time": 426.244,
          "Actual Rows": 5,
          "Actual Loops": 1,
          "Workers Planned": 4,
          "Workers Launched": 4,
          "Single Copy": false,
          "Plans": [
            {
              "Node Type": "Aggregate",
              "Strategy": "Plain",
              "Partial Mode": "Partial",
              "Parent Relationship": "Outer",
              "Parallel Aware": false,
              "Startup Cost": 361215.24,
              "Total Cost": 361215.25,
              "Plan Rows": 1,
              "Plan Width": 8,
              "Actual Startup Time": 364.089,
              "Actual Total Time": 364.09,
              "Actual Rows": 1,
              "Actual Loops": 5,
              "Plans": [
                {
                  "Node Type": "Nested Loop",
                  "Parent Relationship": "Outer",
                  "Parallel Aware": false,
                  "Join Type": "Inner",
                  "Startup Cost": 0.56,
                  "Total Cost": 360760.38,
                  "Plan Rows": 181943,
                  "Plan Width": 0,
                  "Actual Startup Time": 0.319,
                  "Actual Total Time": 355.805,
                  "Actual Rows": 115129,
                  "Actual Loops": 5,
                  "Inner Unique": false,
                  "Plans": [
                    {
                      "Node Type": "Seq Scan",
                      "Parent Relationship": "Outer",
                      "Parallel Aware": true,
                      "Relation Name": "title",
                      "Alias": "t",
                      "Startup Cost": 0.0,
                      "Total Cost": 45479.1,
                      "Plan Rows": 12698,
                      "Plan Width": 4,
                      "Actual Startup Time": 0.037,
                      "Actual Total Time": 63.661,
                      "Actual Rows": 9064,
                      "Actual Loops": 5,
                      "Filter": "((kind_id > 1) AND (production_year > 2012))",
                      "Rows Removed by Filter": 496598
                    },
                    {
                      "Node Type": "Index Only Scan",
                      "Parent Relationship": "Inner",
                      "Parallel Aware": false,
                      "Scan Direction": "Forward",
                      "Index Name": "movie_id_cast_info",
                      "Relation Name": "cast_info",
                      "Alias": "ci",
                      "Startup Cost": 0.56,
                      "Total Cost": 24.46,
                      "Plan Rows": 37,
                      "Plan Width": 4,
                      "Actual Startup Time": 0.007,
                      "Actual Total Time": 0.031,
                      "Actual Rows": 13,
                      "Actual Loops": 45321,
                      "Index Cond": "(movie_id = t.id)",
                      "Rows Removed by Index Recheck": 0,
                      "Heap Fetches": 575647
                    }
                  ]
                }
              ]
            }
          ]
        }
      ]
    },
    "Planning Time": 0.602,
    "Triggers": [],
    "Execution Time": 426.333
  }
]