{
  "Plan": {
    "Node Type": "Aggregate",
    "Strategy": "Plain",
    "Partial Mode": "Finalize",
    "Parallel Aware": false,
    "Startup Cost": 118287.23,
    "Total Cost": 118287.24,
    "Plan Rows": 1,
    "Plan Width": 8,
    "Actual Startup Time": 701.13,
    "Actual Total Time": 721.055,
    "Actual Rows": 1,
    "Actual Loops": 1,
    "Plans": [
      {
        "Node Type": "Gather",
        "Parent Relationship": "Outer",
        "Parallel Aware": false,
        "Startup Cost": 118287.12,
        "Total Cost": 118287.23,
        "Plan Rows": 1,
        "Plan Width": 8,
        "Actual Startup Time": 695.964,
        "Actual Total Time": 721.048,
        "Actual Rows": 2,
        "Actual Loops": 1,
        "Workers Planned": 1,
        "Workers Launched": 1,
        "Single Copy": false,
        "Plans": [
          {
            "Node Type": "Aggregate",
            "Strategy": "Plain",
            "Partial Mode": "Partial",
            "Parent Relationship": "Outer",
            "Parallel Aware": false,
            "Startup Cost": 117287.12,
            "Total Cost": 117287.13,
            "Plan Rows": 1,
            "Plan Width": 8,
            "Actual Startup Time": 682.241,
            "Actual Total Time": 682.248,
            "Actual Rows": 1,
            "Actual Loops": 2,
            "Plans": [
              {
                "Node Type": "Hash Join",
                "Parent Relationship": "Outer",
                "Parallel Aware": true,
                "Join Type": "Inner",
                "Startup Cost": 97014.33,
                "Total Cost": 117242.64,
                "Plan Rows": 17791,
                "Plan Width": 0,
                "Actual Startup Time": 626.48,
                "Actual Total Time": 679.509,
                "Actual Rows": 68076,
                "Actual Loops": 2,
                "Inner Unique": false,
                "Hash Cond": "(mi_idx.movie_id = t.id)",
                "Plans": [
                  {
                    "Node Type": "Seq Scan",
                    "Parent Relationship": "Outer",
                    "Parallel Aware": true,
                    "Relation Name": "movie_info_idx",
                    "Alias": "mi_idx",
                    "Startup Cost": 0.0,
                    "Total Cost": 18082.32,
                    "Plan Rows": 544356,
                    "Plan Width": 4,
                    "Actual Startup Time": 0.023,
                    "Actual Total Time": 55.7,
                    "Actual Rows": 460055,
                    "Actual Loops": 2,
                    "Filter": "(info_type_id > 99)",
                    "Rows Removed by Filter": 229962
                  },
                  {
                    "Node Type": "Hash",
                    "Parent Relationship": "Inner",
                    "Parallel Aware": true,
                    "Startup Cost": 96406.73,
                    "Total Cost": 96406.73,
                    "Plan Rows": 48608,
                    "Plan Width": 8,
                    "Actual Startup Time": 580.82,
                    "Actual Total Time": 580.825,
                    "Actual Rows": 40611,
                    "Actual Loops": 2,
                    "Hash Buckets": 131072,
                    "Original Hash Buckets": 131072,
                    "Hash Batches": 1,
                    "Original Hash Batches": 1,
                    "Peak Memory Usage": 4224,
                    "Plans": [
                      {
                        "Node Type": "Hash Join",
                        "Parent Relationship": "Outer",
                        "Parallel Aware": true,
                        "Join Type": "Inner",
                        "Startup Cost": 71217.54,
                        "Total Cost": 96406.73,
                        "Plan Rows": 48608,
                        "Plan Width": 8,
                        "Actual Startup Time": 529.741,
                        "Actual Total Time": 572.655,
                        "Actual Rows": 40611,
                        "Actual Loops": 2,
                        "Inner Unique": true,
                        "Hash Cond": "(mk.movie_id = t.id)",
                        "Plans": [
                          {
                            "Node Type": "Bitmap Heap Scan",
                            "Parent Relationship": "Outer",
                            "Parallel Aware": true,
                            "Relation Name": "movie_keyword",
                            "Alias": "mk",
                            "Startup Cost": 1756.84,
                            "Total Cost": 26818.43,
                            "Plan Rows": 48608,
                            "Plan Width": 4,
                            "Actual Startup Time": 8.206,
                            "Actual Total Time": 37.2,
                            "Actual Rows": 40611,
                            "Actual Loops": 2,
                            "Recheck Cond": "(keyword_id > 87437)",
                            "Rows Removed by Index Recheck": 0,
                            "Exact Heap Blocks": 9908,
                            "Lossy Heap Blocks": 0,
                            "Plans": [
                              {
                                "Node Type": "Bitmap Index Scan",
                                "Parent Relationship": "Outer",
                                "Parallel Aware": false,
                                "Index Name": "keyword_id_movie_keyword",
                                "Startup Cost": 0.0,
                                "Total Cost": 1736.18,
                                "Plan Rows": 82633,
                                "Plan Width": 0,
                                "Actual Startup Time": 5.897,
                                "Actual Total Time": 5.898,
                                "Actual Rows": 81222,
                                "Actual Loops": 1,
                                "Index Cond": "(keyword_id > 87437)"
                              }
                            ]
                          },
                          {
                            "Node Type": "Hash",
                            "Parent Relationship": "Inner",
                            "Parallel Aware": true,
                            "Startup Cost": 50870.31,
                            "Total Cost": 50870.31,
                            "Plan Rows": 1487231,
                            "Plan Width": 4,
                            "Actual Startup Time": 500.66,
                            "Actual Total Time": 500.661,
                            "Actual Rows": 1264156,
                            "Actual Loops": 2,
                            "Hash Buckets": 4194304,
                            "Original Hash Buckets": 4194304,
                            "Hash Batches": 1,
                            "Original Hash Batches": 1,
                            "Peak Memory Usage": 131712,
                            "Plans": [
                              {
                                "Node Type": "Seq Scan",
                                "Parent Relationship": "Outer",
                                "Parallel Aware": true,
                                "Relation Name": "title",
                                "Alias": "t",
                                "Startup Cost": 0.0,
                                "Total Cost": 50870.31,
                                "Plan Rows": 1487231,
                                "Plan Width": 4,
                                "Actual Startup Time": 0.043,
                                "Actual Total Time": 152.014,
                                "Actual Rows": 1264156,
                                "Actual Loops": 2
                              }
                            ]
                          }
                        ]
                      }
                    ]
                  }
                ]
              }
            ]
          }
        ]
      }
    ]
  },
  "Planning Time": 0.951,
  "Triggers": [],
  "Execution Time": 721.156
}