[
    {
        "Bao": {
            "Bao prediction": "NaN",
            "Bao recommended hint": "(no hint)"
        }
    },
    {
        "Plan": {
            "Node Type": "Aggregate",
            "Strategy": "Plain",
            "Partial Mode": "Finalize",
            "Parallel Aware": false,
            "Startup Cost": 339701.93,
            "Total Cost": 339701.94,
            "Plan Rows": 1,
            "Plan Width": 8,
            "Actual Startup Time": 360.731,
            "Actual Total Time": 370.576,
            "Actual Rows": 1,
            "Actual Loops": 1,
            "Output": [
                "count(*)"
            ],
            "Plans": [
                {
                    "Node Type": "Gather",
                    "Parent Relationship": "Outer",
                    "Parallel Aware": false,
                    "Startup Cost": 339701.3,
                    "Total Cost": 339701.91,
                    "Plan Rows": 6,
                    "Plan Width": 8,
                    "Actual Startup Time": 359.805,
                    "Actual Total Time": 370.568,
                    "Actual Rows": 7,
                    "Actual Loops": 1,
                    "Output": [
                        "(PARTIAL count(*))"
                    ],
                    "Workers Planned": 6,
                    "Workers Launched": 6,
                    "Single Copy": false,
                    "Plans": [
                        {
                            "Node Type": "Aggregate",
                            "Strategy": "Plain",
                            "Partial Mode": "Partial",
                            "Parent Relationship": "Outer",
                            "Parallel Aware": false,
                            "Startup Cost": 338701.3,
                            "Total Cost": 338701.31,
                            "Plan Rows": 1,
                            "Plan Width": 8,
                            "Actual Startup Time": 349.177,
                            "Actual Total Time": 349.179,
                            "Actual Rows": 1,
                            "Actual Loops": 7,
                            "Output": [
                                "PARTIAL count(*)"
                            ],
                            "Workers": [
                                {
                                    "Worker Number": 0,
                                    "Actual Startup Time": 347.115,
                                    "Actual Total Time": 347.116,
                                    "Actual Rows": 1,
                                    "Actual Loops": 1
                                },
                                {
                                    "Worker Number": 1,
                                    "Actual Startup Time": 347.469,
                                    "Actual Total Time": 347.47,
                                    "Actual Rows": 1,
                                    "Actual Loops": 1
                                },
                                {
                                    "Worker Number": 2,
                                    "Actual Startup Time": 347.543,
                                    "Actual Total Time": 347.544,
                                    "Actual Rows": 1,
                                    "Actual Loops": 1
                                },
                                {
                                    "Worker Number": 3,
                                    "Actual Startup Time": 347.508,
                                    "Actual Total Time": 347.509,
                                    "Actual Rows": 1,
                                    "Actual Loops": 1
                                },
                                {
                                    "Worker Number": 4,
                                    "Actual Startup Time": 347.504,
                                    "Actual Total Time": 347.506,
                                    "Actual Rows": 1,
                                    "Actual Loops": 1
                                },
                                {
                                    "Worker Number": 5,
                                    "Actual Startup Time": 347.84,
                                    "Actual Total Time": 347.841,
                                    "Actual Rows": 1,
                                    "Actual Loops": 1
                                }
                            ],
                            "Plans": [
                                {
                                    "Node Type": "Bitmap Heap Scan",
                                    "Parent Relationship": "Outer",
                                    "Parallel Aware": true,
                                    "Relation Name": "cast_info",
                                    "Schema": "public",
                                    "Alias": "ci",
                                    "Startup Cost": 76391.12,
                                    "Total Cost": 337763.39,
                                    "Plan Rows": 375165,
                                    "Plan Width": 0,
                                    "Actual Startup Time": 135.956,
                                    "Actual Total Time": 318.473,
                                    "Actual Rows": 502291,
                                    "Actual Loops": 7,
                                    "Recheck Cond": "(ci.person_id > 3421951)",
                                    "Rows Removed by Index Recheck": 0,
                                    "Filter": "(ci.role_id > 1)",
                                    "Rows Removed by Filter": 0,
                                    "Exact Heap Blocks": 13438,
                                    "Lossy Heap Blocks": 0,
                                    "Workers": [
                                        {
                                            "Worker Number": 0,
                                            "Actual Startup Time": 133.861,
                                            "Actual Total Time": 316.324,
                                            "Actual Rows": 426876,
                                            "Actual Loops": 1
                                        },
                                        {
                                            "Worker Number": 1,
                                            "Actual Startup Time": 134.185,
                                            "Actual Total Time": 316.703,
                                            "Actual Rows": 424217,
                                            "Actual Loops": 1
                                        },
                                        {
                                            "Worker Number": 2,
                                            "Actual Startup Time": 134.457,
                                            "Actual Total Time": 316.898,
                                            "Actual Rows": 424635,
                                            "Actual Loops": 1
                                        },
                                        {
                                            "Worker Number": 3,
                                            "Actual Startup Time": 134.51,
                                            "Actual Total Time": 319.954,
                                            "Actual Rows": 592479,
                                            "Actual Loops": 1
                                        },
                                        {
                                            "Worker Number": 4,
                                            "Actual Startup Time": 134.589,
                                            "Actual Total Time": 319.051,
                                            "Actual Rows": 391675,
                                            "Actual Loops": 1
                                        },
                                        {
                                            "Worker Number": 5,
                                            "Actual Startup Time": 134.6,
                                            "Actual Total Time": 317.164,
                                            "Actual Rows": 418641,
                                            "Actual Loops": 1
                                        }
                                    ],
                                    "Plans": [
                                        {
                                            "Node Type": "Bitmap Index Scan",
                                            "Parent Relationship": "Outer",
                                            "Parallel Aware": false,
                                            "Index Name": "person_id_cast_info",
                                            "Startup Cost": 0.0,
                                            "Total Cost": 75828.38,
                                            "Plan Rows": 3474108,
                                            "Plan Width": 0,
                                            "Actual Startup Time": 136.564,
                                            "Actual Total Time": 136.565,
                                            "Actual Rows": 3516038,
                                            "Actual Loops": 1,
                                            "Index Cond": "(ci.person_id > 3421951)"
                                        }
                                    ]
                                }
                            ]
                        }
                    ]
                }
            ]
        },
        "Planning Time": 216.288,
        "Triggers": [],
        "Execution Time": 370.657
    }
]