{
  "Plan": {
    "Node Type": "Aggregate",
    "Strategy": "Plain",
    "Partial Mode": "Finalize",
    "Parallel Aware": false,
    "Startup Cost": 126724.21,
    "Total Cost": 126724.22,
    "Plan Rows": 1,
    "Plan Width": 8,
    "Actual Startup Time": 717.797,
    "Actual Total Time": 736.466,
    "Actual Rows": 1,
    "Actual Loops": 1,
    "Plans": [
      {
        "Node Type": "Gather",
        "Parent Relationship": "Outer",
        "Parallel Aware": false,
        "Startup Cost": 126724.1,
        "Total Cost": 126724.21,
        "Plan Rows": 1,
        "Plan Width": 8,
        "Actual Startup Time": 714.446,
        "Actual Total Time": 736.458,
        "Actual Rows": 2,
        "Actual Loops": 1,
        "Workers Planned": 1,
        "Workers Launched": 1,
        "Single Copy": false,
        "Plans": [
          {
            "Node Type": "Aggregate",
            "Strategy": "Plain",
            "Partial Mode": "Partial",
            "Parent Relationship": "Outer",
            "Parallel Aware": false,
            "Startup Cost": 125724.1,
            "Total Cost": 125724.11,
            "Plan Rows": 1,
            "Plan Width": 8,
            "Actual Startup Time": 705.999,
            "Actual Total Time": 706.006,
            "Actual Rows": 1,
            "Actual Loops": 2,
            "Plans": [
              {
                "Node Type": "Hash Join",
                "Parent Relationship": "Outer",
                "Parallel Aware": true,
                "Join Type": "Inner",
                "Startup Cost": 105997.97,
                "Total Cost": 125536.48,
                "Plan Rows": 75048,
                "Plan Width": 0,
                "Actual Startup Time": 525.121,
                "Actual Total Time": 680.973,
                "Actual Rows": 610963,
                "Actual Loops": 2,
                "Inner Unique": false,
                "Hash Cond": "(mi_idx.movie_id = t.id)",
                "Plans": [
                  {
                    "Node Type": "Seq Scan",
                    "Parent Relationship": "Outer",
                    "Parallel Aware": true,
                    "Relation Name": "movie_info_idx",
                    "Alias": "mi_idx",
                    "Startup Cost": 0.0,
                    "Total Cost": 16052.85,
                    "Plan Rows": 811785,
                    "Plan Width": 4,
                    "Actual Startup Time": 0.025,
                    "Actual Total Time": 47.546,
                    "Actual Rows": 690018,
                    "Actual Loops": 2
                  },
                  {
                    "Node Type": "Hash",
                    "Parent Relationship": "Inner",
                    "Parallel Aware": true,
                    "Startup Cost": 104279.33,
                    "Total Cost": 104279.33,
                    "Plan Rows": 137491,
                    "Plan Width": 8,
                    "Actual Startup Time": 511.105,
                    "Actual Total Time": 511.109,
                    "Actual Rows": 252674,
                    "Actual Loops": 2,
                    "Hash Buckets": 524288,
                    "Original Hash Buckets": 262144,
                    "Hash Batches": 1,
                    "Original Hash Batches": 1,
                    "Peak Memory Usage": 25952,
                    "Plans": [
                      {
                        "Node Type": "Hash Join",
                        "Parent Relationship": "Outer",
                        "Parallel Aware": true,
                        "Join Type": "Inner",
                        "Startup Cost": 74522.18,
                        "Total Cost": 104279.33,
                        "Plan Rows": 137491,
                        "Plan Width": 8,
                        "Actual Startup Time": 311.188,
                        "Actual Total Time": 458.214,
                        "Actual Rows": 252674,
                        "Actual Loops": 2,
                        "Inner Unique": true,
                        "Hash Cond": "(mk.movie_id = t.id)",
                        "Plans": [
                          {
                            "Node Type": "Bitmap Heap Scan",
                            "Parent Relationship": "Outer",
                            "Parallel Aware": true,
                            "Relation Name": "movie_keyword",
                            "Alias": "mk",
                            "Startup Cost": 12643.87,
                            "Total Cost": 41480.65,
                            "Plan Rows": 350622,
                            "Plan Width": 4,
                            "Actual Startup Time": 36.366,
                            "Actual Total Time": 108.934,
                            "Actual Rows": 291982,
                            "Actual Loops": 2,
                            "Recheck Cond": "(keyword_id > 31420)",
                            "Rows Removed by Index Recheck": 0,
                            "Exact Heap Blocks": 12883,
                            "Lossy Heap Blocks": 0,
                            "Plans": [
                              {
                                "Node Type": "Bitmap Index Scan",
                                "Parent Relationship": "Outer",
                                "Parallel Aware": false,
                                "Index Name": "keyword_id_movie_keyword",
                                "Startup Cost": 0.0,
                                "Total Cost": 12494.86,
                                "Plan Rows": 596057,
                                "Plan Width": 0,
                                "Actual Startup Time": 32.803,
                                "Actual Total Time": 32.804,
                                "Actual Rows": 583964,
                                "Actual Loops": 1,
                                "Index Cond": "(keyword_id > 31420)"
                              }
                            ]
                          },
                          {
                            "Node Type": "Hash",
                            "Parent Relationship": "Inner",
                            "Parallel Aware": true,
                            "Startup Cost": 54588.39,
                            "Total Cost": 54588.39,
                            "Plan Rows": 583193,
                            "Plan Width": 4,
                            "Actual Startup Time": 267.543,
                            "Actual Total Time": 267.544,
                            "Actual Rows": 492524,
                            "Actual Loops": 2,
                            "Hash Buckets": 1048576,
                            "Original Hash Buckets": 1048576,
                            "Hash Batches": 1,
                            "Original Hash Batches": 1,
                            "Peak Memory Usage": 46784,
                            "Plans": [
                              {
                                "Node Type": "Seq Scan",
                                "Parent Relationship": "Outer",
                                "Parallel Aware": true,
                                "Relation Name": "title",
                                "Alias": "t",
                                "Startup Cost": 0.0,
                                "Total Cost": 54588.39,
                                "Plan Rows": 583193,
                                "Plan Width": 4,
                                "Actual Startup Time": 0.034,
                                "Actual Total Time": 151.326,
                                "Actual Rows": 492524,
                                "Actual Loops": 2,
                                "Filter": "(kind_id < 7)",
                                "Rows Removed by Filter": 771632
                              }
                            ]
                          }
                        ]
                      }
                    ]
                  }
                ]
              }
            ]
          }
        ]
      }
    ]
  },
  "Planning Time": 0.84,
  "Triggers": [],
  "Execution Time": 736.557
}