[
  {
    "Plan": {
      "Node Type": "Aggregate",
      "Strategy": "Plain",
      "Partial Mode": "Finalize",
      "Parallel Aware": false,
      "Startup Cost": 91859.14,
      "Total Cost": 91859.15,
      "Plan Rows": 1,
      "Plan Width": 8,
      "Actual Startup Time": 330.123,
      "Actual Total Time": 349.404,
      "Actual Rows": 1,
      "Actual Loops": 1,
      "Plans": [
        {
          "Node Type": "Gather",
          "Parent Relationship": "Outer",
          "Parallel Aware": false,
          "Startup Cost": 91858.83,
          "Total Cost": 91859.14,
          "Plan Rows": 3,
          "Plan Width": 8,
          "Actual Startup Time": 328.529,
          "Actual Total Time": 349.394,
          "Actual Rows": 4,
          "Actual Loops": 1,
          "Workers Planned": 3,
          "Workers Launched": 3,
          "Single Copy": false,
          "Plans": [
            {
              "Node Type": "Aggregate",
              "Strategy": "Plain",
              "Partial Mode": "Partial",
              "Parent Relationship": "Outer",
              "Parallel Aware": false,
              "Startup Cost": 90858.83,
              "Total Cost": 90858.84,
              "Plan Rows": 1,
              "Plan Width": 8,
              "Actual Startup Time": 323.416,
              "Actual Total Time": 323.491,
              "Actual Rows": 1,
              "Actual Loops": 4,
              "Plans": [
                {
                  "Node Type": "Hash Join",
                  "Parent Relationship": "Outer",
                  "Parallel Aware": true,
                  "Join Type": "Inner",
                  "Startup Cost": 46103.61,
                  "Total Cost": 90714.75,
                  "Plan Rows": 57630,
                  "Plan Width": 0,
                  "Actual Startup Time": 165.936,
                  "Actual Total Time": 315.132,
                  "Actual Rows": 185226,
                  "Actual Loops": 4,
                  "Inner Unique": true,
                  "Hash Cond": "(mk.movie_id = t.id)",
                  "Plans": [
                    {
                      "Node Type": "Seq Scan",
                      "Parent Relationship": "Outer",
                      "Parallel Aware": true,
                      "Relation Name": "movie_keyword",
                      "Alias": "mk",
                      "Startup Cost": 0.0,
                      "Total Cost": 42695.65,
                      "Plan Rows": 729709,
                      "Plan Width": 4,
                      "Actual Startup Time": 0.04,
                      "Actual Total Time": 108.882,
                      "Actual Rows": 568692,
                      "Actual Loops": 4,
                      "Filter": "(keyword_id < 4801)",
                      "Rows Removed by Filter": 562290
                    },
                    {
                      "Node Type": "Hash",
                      "Parent Relationship": "Inner",
                      "Parallel Aware": true,
                      "Startup Cost": 45479.59,
                      "Total Cost": 45479.59,
                      "Plan Rows": 49922,
                      "Plan Width": 4,
                      "Actual Startup Time": 131.448,
                      "Actual Total Time": 131.449,
                      "Actual Rows": 84072,
                      "Actual Loops": 4,
                      "Hash Buckets": 524288,
                      "Original Hash Buckets": 262144,
                      "Hash Batches": 1,
                      "Original Hash Batches": 1,
                      "Peak Memory Usage": 19360,
                      "Plans": [
                        {
                          "Node Type": "Seq Scan",
                          "Parent Relationship": "Outer",
                          "Parallel Aware": true,
                          "Relation Name": "title",
                          "Alias": "t",
                          "Startup Cost": 0.0,
                          "Total Cost": 45479.59,
                          "Plan Rows": 49922,
                          "Plan Width": 4,
                          "Actual Startup Time": 52.319,
                          "Actual Total Time": 96.716,
                          "Actual Rows": 84072,
                          "Actual Loops": 4,
                          "Filter": "((production_year < 1994) AND (kind_id = 1))",
                          "Rows Removed by Filter": 548006
                        }
                      ]
                    }
                  ]
                }
              ]
            }
          ]
        }
      ]
    },
    "Planning Time": 0.254,
    "Triggers": [],
    "Execution Time": 349.438
  }
]