{
  "Plan": {
    "Node Type": "Aggregate",
    "Strategy": "Plain",
    "Partial Mode": "Finalize",
    "Parallel Aware": false,
    "Startup Cost": 425238.59,
    "Total Cost": 425238.6,
    "Plan Rows": 1,
    "Plan Width": 8,
    "Actual Startup Time": 750.612,
    "Actual Total Time": 767.427,
    "Actual Rows": 1,
    "Actual Loops": 1,
    "Plans": [
      {
        "Node Type": "Gather",
        "Parent Relationship": "Outer",
        "Parallel Aware": false,
        "Startup Cost": 425238.48,
        "Total Cost": 425238.59,
        "Plan Rows": 1,
        "Plan Width": 8,
        "Actual Startup Time": 749.676,
        "Actual Total Time": 767.418,
        "Actual Rows": 2,
        "Actual Loops": 1,
        "Workers Planned": 1,
        "Workers Launched": 1,
        "Single Copy": false,
        "Plans": [
          {
            "Node Type": "Aggregate",
            "Strategy": "Plain",
            "Partial Mode": "Partial",
            "Parent Relationship": "Outer",
            "Parallel Aware": false,
            "Startup Cost": 424238.48,
            "Total Cost": 424238.49,
            "Plan Rows": 1,
            "Plan Width": 8,
            "Actual Startup Time": 743.652,
            "Actual Total Time": 743.656,
            "Actual Rows": 1,
            "Actual Loops": 2,
            "Plans": [
              {
                "Node Type": "Hash Join",
                "Parent Relationship": "Outer",
                "Parallel Aware": true,
                "Join Type": "Inner",
                "Startup Cost": 135936.51,
                "Total Cost": 423706.51,
                "Plan Rows": 212789,
                "Plan Width": 0,
                "Actual Startup Time": 526.029,
                "Actual Total Time": 739.814,
                "Actual Rows": 83074,
                "Actual Loops": 2,
                "Inner Unique": true,
                "Hash Cond": "(ci.movie_id = t.id)",
                "Plans": [
                  {
                    "Node Type": "Bitmap Heap Scan",
                    "Parent Relationship": "Outer",
                    "Parallel Aware": true,
                    "Relation Name": "cast_info",
                    "Alias": "ci",
                    "Startup Cost": 78472.42,
                    "Total Cost": 362631.44,
                    "Plan Rows": 1375607,
                    "Plan Width": 4,
                    "Actual Startup Time": 312.443,
                    "Actual Total Time": 410.334,
                    "Actual Rows": 516341,
                    "Actual Loops": 2,
                    "Recheck Cond": "(person_id < 353348)",
                    "Rows Removed by Index Recheck": 0,
                    "Filter": "(role_id > 1)",
                    "Rows Removed by Filter": 1328242,
                    "Exact Heap Blocks": 22218,
                    "Lossy Heap Blocks": 0,
                    "Plans": [
                      {
                        "Node Type": "Bitmap Index Scan",
                        "Parent Relationship": "Outer",
                        "Parallel Aware": false,
                        "Index Name": "person_id_cast_info",
                        "Startup Cost": 0.0,
                        "Total Cost": 77887.78,
                        "Plan Rows": 3566829,
                        "Plan Width": 0,
                        "Actual Startup Time": 168.385,
                        "Actual Total Time": 168.386,
                        "Actual Rows": 3689167,
                        "Actual Loops": 1,
                        "Index Cond": "(person_id < 353348)"
                      }
                    ]
                  },
                  {
                    "Node Type": "Hash",
                    "Parent Relationship": "Inner",
                    "Parallel Aware": true,
                    "Startup Cost": 54588.39,
                    "Total Cost": 54588.39,
                    "Plan Rows": 230056,
                    "Plan Width": 4,
                    "Actual Startup Time": 208.228,
                    "Actual Total Time": 208.228,
                    "Actual Rows": 195833,
                    "Actual Loops": 2,
                    "Hash Buckets": 524288,
                    "Original Hash Buckets": 524288,
                    "Hash Batches": 1,
                    "Original Hash Batches": 1,
                    "Peak Memory Usage": 19456,
                    "Plans": [
                      {
                        "Node Type": "Seq Scan",
                        "Parent Relationship": "Outer",
                        "Parallel Aware": true,
                        "Relation Name": "title",
                        "Alias": "t",
                        "Startup Cost": 0.0,
                        "Total Cost": 54588.39,
                        "Plan Rows": 230056,
                        "Plan Width": 4,
                        "Actual Startup Time": 0.024,
                        "Actual Total Time": 146.047,
                        "Actual Rows": 195833,
                        "Actual Loops": 2,
                        "Filter": "(production_year > 2010)",
                        "Rows Removed by Filter": 1068323
                      }
                    ]
                  }
                ]
              }
            ]
          }
        ]
      }
    ]
  },
  "Planning Time": 0.603,
  "Triggers": [],
  "Execution Time": 767.523
}