[
  {
    "Plan": {
      "Node Type": "Aggregate",
      "Strategy": "Plain",
      "Partial Mode": "Finalize",
      "Parallel Aware": false,
      "Startup Cost": 54394.2,
      "Total Cost": 54394.21,
      "Plan Rows": 1,
      "Plan Width": 8,
      "Actual Startup Time": 157.851,
      "Actual Total Time": 175.607,
      "Actual Rows": 1,
      "Actual Loops": 1,
      "Plans": [
        {
          "Node Type": "Gather",
          "Parent Relationship": "Outer",
          "Parallel Aware": false,
          "Startup Cost": 54393.88,
          "Total Cost": 54394.19,
          "Plan Rows": 3,
          "Plan Width": 8,
          "Actual Startup Time": 156.98,
          "Actual Total Time": 175.598,
          "Actual Rows": 4,
          "Actual Loops": 1,
          "Workers Planned": 3,
          "Workers Launched": 3,
          "Single Copy": false,
          "Plans": [
            {
              "Node Type": "Aggregate",
              "Strategy": "Plain",
              "Partial Mode": "Partial",
              "Parent Relationship": "Outer",
              "Parallel Aware": false,
              "Startup Cost": 53393.88,
              "Total Cost": 53393.89,
              "Plan Rows": 1,
              "Plan Width": 8,
              "Actual Startup Time": 149.046,
              "Actual Total Time": 149.049,
              "Actual Rows": 1,
              "Actual Loops": 4,
              "Plans": [
                {
                  "Node Type": "Hash Join",
                  "Parent Relationship": "Outer",
                  "Parallel Aware": true,
                  "Join Type": "Inner",
                  "Startup Cost": 44277.84,
                  "Total Cost": 53381.71,
                  "Plan Rows": 4866,
                  "Plan Width": 0,
                  "Actual Startup Time": 115.048,
                  "Actual Total Time": 148.821,
                  "Actual Rows": 3707,
                  "Actual Loops": 4,
                  "Inner Unique": true,
                  "Hash Cond": "(ci.movie_id = t.id)",
                  "Plans": [
                    {
                      "Node Type": "Index Scan",
                      "Parent Relationship": "Outer",
                      "Parallel Aware": true,
                      "Scan Direction": "Forward",
                      "Index Name": "role_id_cast_info",
                      "Relation Name": "cast_info",
                      "Alias": "ci",
                      "Startup Cost": 0.56,
                      "Total Cost": 8837.38,
                      "Plan Rows": 101739,
                      "Plan Width": 4,
                      "Actual Startup Time": 0.122,
                      "Actual Total Time": 16.958,
                      "Actual Rows": 79030,
                      "Actual Loops": 4,
                      "Index Cond": "(role_id > 10)",
                      "Rows Removed by Index Recheck": 0
                    },
                    {
                      "Node Type": "Hash",
                      "Parent Relationship": "Inner",
                      "Parallel Aware": true,
                      "Startup Cost": 43899.32,
                      "Total Cost": 43899.32,
                      "Plan Rows": 30236,
                      "Plan Width": 4,
                      "Actual Startup Time": 113.684,
                      "Actual Total Time": 113.685,
                      "Actual Rows": 29891,
                      "Actual Loops": 4,
                      "Hash Buckets": 131072,
                      "Original Hash Buckets": 131072,
                      "Hash Batches": 1,
                      "Original Hash Batches": 1,
                      "Peak Memory Usage": 5792,
                      "Plans": [
                        {
                          "Node Type": "Seq Scan",
                          "Parent Relationship": "Outer",
                          "Parallel Aware": true,
                          "Relation Name": "title",
                          "Alias": "t",
                          "Startup Cost": 0.0,
                          "Total Cost": 43899.32,
                          "Plan Rows": 30236,
                          "Plan Width": 4,
                          "Actual Startup Time": 0.049,
                          "Actual Total Time": 101.608,
                          "Actual Rows": 29891,
                          "Actual Loops": 4,
                          "Filter": "(production_year = 2007)",
                          "Rows Removed by Filter": 602187
                        }
                      ]
                    }
                  ]
                }
              ]
            }
          ]
        }
      ]
    },
    "Planning Time": 0.535,
    "Triggers": [],
    "Execution Time": 175.666
  }
]