{
    "Plan": {
        "Node Type": "Aggregate",
        "Strategy": "Plain",
        "Partial Mode": "Finalize",
        "Parallel Aware": false,
        "Startup Cost": 378907.62,
        "Total Cost": 378907.63,
        "Plan Rows": 1,
        "Plan Width": 8,
        "Actual Startup Time": 1735.562,
        "Actual Total Time": 1787.046,
        "Actual Rows": 1,
        "Actual Loops": 1,
        "Output": [
            "count(*)"
        ],
        "Plans": [
            {
                "Node Type": "Gather",
                "Parent Relationship": "Outer",
                "Parallel Aware": false,
                "Startup Cost": 378907.0,
                "Total Cost": 378907.61,
                "Plan Rows": 6,
                "Plan Width": 8,
                "Actual Startup Time": 1733.132,
                "Actual Total Time": 1787.033,
                "Actual Rows": 7,
                "Actual Loops": 1,
                "Output": [
                    "(PARTIAL count(*))"
                ],
                "Workers Planned": 6,
                "Workers Launched": 6,
                "Single Copy": false,
                "Plans": [
                    {
                        "Node Type": "Aggregate",
                        "Strategy": "Plain",
                        "Partial Mode": "Partial",
                        "Parent Relationship": "Outer",
                        "Parallel Aware": false,
                        "Startup Cost": 377907.0,
                        "Total Cost": 377907.01,
                        "Plan Rows": 1,
                        "Plan Width": 8,
                        "Actual Startup Time": 1722.505,
                        "Actual Total Time": 1722.508,
                        "Actual Rows": 1,
                        "Actual Loops": 7,
                        "Output": [
                            "PARTIAL count(*)"
                        ],
                        "Workers": [
                            {
                                "Worker Number": 0,
                                "Actual Startup Time": 1719.271,
                                "Actual Total Time": 1719.277,
                                "Actual Rows": 1,
                                "Actual Loops": 1
                            },
                            {
                                "Worker Number": 1,
                                "Actual Startup Time": 1723.119,
                                "Actual Total Time": 1723.122,
                                "Actual Rows": 1,
                                "Actual Loops": 1
                            },
                            {
                                "Worker Number": 2,
                                "Actual Startup Time": 1720.115,
                                "Actual Total Time": 1720.118,
                                "Actual Rows": 1,
                                "Actual Loops": 1
                            },
                            {
                                "Worker Number": 3,
                                "Actual Startup Time": 1720.886,
                                "Actual Total Time": 1720.889,
                                "Actual Rows": 1,
                                "Actual Loops": 1
                            },
                            {
                                "Worker Number": 4,
                                "Actual Startup Time": 1720.857,
                                "Actual Total Time": 1720.86,
                                "Actual Rows": 1,
                                "Actual Loops": 1
                            },
                            {
                                "Worker Number": 5,
                                "Actual Startup Time": 1721.403,
                                "Actual Total Time": 1721.406,
                                "Actual Rows": 1,
                                "Actual Loops": 1
                            }
                        ],
                        "Plans": [
                            {
                                "Node Type": "Hash Join",
                                "Parent Relationship": "Outer",
                                "Parallel Aware": true,
                                "Join Type": "Inner",
                                "Startup Cost": 46667.08,
                                "Total Cost": 375635.99,
                                "Plan Rows": 908405,
                                "Plan Width": 0,
                                "Actual Startup Time": 97.937,
                                "Actual Total Time": 1682.025,
                                "Actual Rows": 725243,
                                "Actual Loops": 7,
                                "Inner Unique": true,
                                "Hash Cond": "(ci.movie_id = t.id)",
                                "Workers": [
                                    {
                                        "Worker Number": 0,
                                        "Actual Startup Time": 94.746,
                                        "Actual Total Time": 1678.311,
                                        "Actual Rows": 574429,
                                        "Actual Loops": 1
                                    },
                                    {
                                        "Worker Number": 1,
                                        "Actual Startup Time": 98.372,
                                        "Actual Total Time": 1681.976,
                                        "Actual Rows": 591483,
                                        "Actual Loops": 1
                                    },
                                    {
                                        "Worker Number": 2,
                                        "Actual Startup Time": 95.639,
                                        "Actual Total Time": 1677.973,
                                        "Actual Rows": 592106,
                                        "Actual Loops": 1
                                    },
                                    {
                                        "Worker Number": 3,
                                        "Actual Startup Time": 96.352,
                                        "Actual Total Time": 1679.824,
                                        "Actual Rows": 643666,
                                        "Actual Loops": 1
                                    },
                                    {
                                        "Worker Number": 4,
                                        "Actual Startup Time": 96.322,
                                        "Actual Total Time": 1682.546,
                                        "Actual Rows": 867783,
                                        "Actual Loops": 1
                                    },
                                    {
                                        "Worker Number": 5,
                                        "Actual Startup Time": 96.846,
                                        "Actual Total Time": 1684.616,
                                        "Actual Rows": 835012,
                                        "Actual Loops": 1
                                    }
                                ],
                                "Plans": [
                                    {
                                        "Node Type": "Seq Scan",
                                        "Parent Relationship": "Outer",
                                        "Parallel Aware": true,
                                        "Relation Name": "cast_info",
                                        "Schema": "public",
                                        "Alias": "ci",
                                        "Startup Cost": 0.0,
                                        "Total Cost": 313108.29,
                                        "Plan Rows": 6042129,
                                        "Plan Width": 4,
                                        "Actual Startup Time": 0.03,
                                        "Actual Total Time": 601.478,
                                        "Actual Rows": 5177763,
                                        "Actual Loops": 7,
                                        "Output": [
                                            "ci.id",
                                            "ci.person_id",
                                            "ci.movie_id",
                                            "ci.person_role_id",
                                            "ci.note",
                                            "ci.nr_order",
                                            "ci.role_id"
                                        ],
                                        "Workers": [
                                            {
                                                "Worker Number": 0,
                                                "Actual Startup Time": 0.035,
                                                "Actual Total Time": 621.369,
                                                "Actual Rows": 4118960,
                                                "Actual Loops": 1
                                            },
                                            {
                                                "Worker Number": 1,
                                                "Actual Startup Time": 0.045,
                                                "Actual Total Time": 599.226,
                                                "Actual Rows": 4187091,
                                                "Actual Loops": 1
                                            },
                                            {
                                                "Worker Number": 2,
                                                "Actual Startup Time": 0.03,
                                                "Actual Total Time": 601.617,
                                                "Actual Rows": 4173643,
                                                "Actual Loops": 1
                                            },
                                            {
                                                "Worker Number": 3,
                                                "Actual Startup Time": 0.029,
                                                "Actual Total Time": 601.345,
                                                "Actual Rows": 4660124,
                                                "Actual Loops": 1
                                            },
                                            {
                                                "Worker Number": 4,
                                                "Actual Startup Time": 0.028,
                                                "Actual Total Time": 604.751,
                                                "Actual Rows": 6174286,
                                                "Actual Loops": 1
                                            },
                                            {
                                                "Worker Number": 5,
                                                "Actual Startup Time": 0.034,
                                                "Actual Total Time": 619.393,
                                                "Actual Rows": 5942739,
                                                "Actual Loops": 1
                                            }
                                        ]
                                    },
                                    {
                                        "Node Type": "Hash",
                                        "Parent Relationship": "Inner",
                                        "Parallel Aware": true,
                                        "Startup Cost": 45479.21,
                                        "Total Cost": 45479.21,
                                        "Plan Rows": 95030,
                                        "Plan Width": 4,
                                        "Actual Startup Time": 95.416,
                                        "Actual Total Time": 95.417,
                                        "Actual Rows": 40302,
                                        "Actual Loops": 7,
                                        "Output": [
                                            "t.id"
                                        ],
                                        "Hash Buckets": 524288,
                                        "Original Hash Buckets": 524288,
                                        "Hash Batches": 1,
                                        "Original Hash Batches": 1,
                                        "Peak Memory Usage": 15296,
                                        "Workers": [
                                            {
                                                "Worker Number": 0,
                                                "Actual Startup Time": 93.981,
                                                "Actual Total Time": 93.983,
                                                "Actual Rows": 30550,
                                                "Actual Loops": 1
                                            },
                                            {
                                                "Worker Number": 1,
                                                "Actual Startup Time": 97.736,
                                                "Actual Total Time": 97.737,
                                                "Actual Rows": 31973,
                                                "Actual Loops": 1
                                            },
                                            {
                                                "Worker Number": 2,
                                                "Actual Startup Time": 94.919,
                                                "Actual Total Time": 94.92,
                                                "Actual Rows": 31575,
                                                "Actual Loops": 1
                                            },
                                            {
                                                "Worker Number": 3,
                                                "Actual Startup Time": 95.511,
                                                "Actual Total Time": 95.512,
                                                "Actual Rows": 46215,
                                                "Actual Loops": 1
                                            },
                                            {
                                                "Worker Number": 4,
                                                "Actual Startup Time": 95.513,
                                                "Actual Total Time": 95.514,
                                                "Actual Rows": 46663,
                                                "Actual Loops": 1
                                            },
                                            {
                                                "Worker Number": 5,
                                                "Actual Startup Time": 96.196,
                                                "Actual Total Time": 96.197,
                                                "Actual Rows": 42619,
                                                "Actual Loops": 1
                                            }
                                        ],
                                        "Plans": [
                                            {
                                                "Node Type": "Seq Scan",
                                                "Parent Relationship": "Outer",
                                                "Parallel Aware": true,
                                                "Relation Name": "title",
                                                "Schema": "public",
                                                "Alias": "t",
                                                "Startup Cost": 0.0,
                                                "Total Cost": 45479.21,
                                                "Plan Rows": 95030,
                                                "Plan Width": 4,
                                                "Actual Startup Time": 42.165,
                                                "Actual Total Time": 76.135,
                                                "Actual Rows": 40302,
                                                "Actual Loops": 7,
                                                "Output": [
                                                    "t.id"
                                                ],
                                                "Filter": "((t.production_year > 1999) AND (t.kind_id = 1))",
                                                "Rows Removed by Filter": 320885,
                                                "Workers": [
                                                    {
                                                        "Worker Number": 0,
                                                        "Actual Startup Time": 48.132,
                                                        "Actual Total Time": 76.971,
                                                        "Actual Rows": 30550,
                                                        "Actual Loops": 1
                                                    },
                                                    {
                                                        "Worker Number": 1,
                                                        "Actual Startup Time": 48.385,
                                                        "Actual Total Time": 76.498,
                                                        "Actual Rows": 31973,
                                                        "Actual Loops": 1
                                                    },
                                                    {
                                                        "Worker Number": 2,
                                                        "Actual Startup Time": 48.327,
                                                        "Actual Total Time": 76.655,
                                                        "Actual Rows": 31575,
                                                        "Actual Loops": 1
                                                    },
                                                    {
                                                        "Worker Number": 3,
                                                        "Actual Startup Time": 47.948,
                                                        "Actual Total Time": 75.967,
                                                        "Actual Rows": 46215,
                                                        "Actual Loops": 1
                                                    },
                                                    {
                                                        "Worker Number": 4,
                                                        "Actual Startup Time": 48.031,
                                                        "Actual Total Time": 76.059,
                                                        "Actual Rows": 46663,
                                                        "Actual Loops": 1
                                                    },
                                                    {
                                                        "Worker Number": 5,
                                                        "Actual Startup Time": 6.055,
                                                        "Actual Total Time": 76.277,
                                                        "Actual Rows": 42619,
                                                        "Actual Loops": 1
                                                    }
                                                ]
                                            }
                                        ]
                                    }
                                ]
                            }
                        ]
                    }
                ]
            }
        ]
    },
    "Planning Time": 0.891,
    "Triggers": [],
    "Execution Time": 1787.163
}