[
  {
    "Plan": {
      "Node Type": "Aggregate",
      "Strategy": "Plain",
      "Partial Mode": "Finalize",
      "Parallel Aware": false,
      "Startup Cost": 45888.91,
      "Total Cost": 45888.92,
      "Plan Rows": 1,
      "Plan Width": 8,
      "Actual Startup Time": 159.178,
      "Actual Total Time": 168.938,
      "Actual Rows": 1,
      "Actual Loops": 1,
      "Plans": [
        {
          "Node Type": "Gather",
          "Parent Relationship": "Outer",
          "Parallel Aware": false,
          "Startup Cost": 45888.6,
          "Total Cost": 45888.91,
          "Plan Rows": 3,
          "Plan Width": 8,
          "Actual Startup Time": 159.057,
          "Actual Total Time": 168.929,
          "Actual Rows": 4,
          "Actual Loops": 1,
          "Workers Planned": 3,
          "Workers Launched": 3,
          "Single Copy": false,
          "Plans": [
            {
              "Node Type": "Aggregate",
              "Strategy": "Plain",
              "Partial Mode": "Partial",
              "Parent Relationship": "Outer",
              "Parallel Aware": false,
              "Startup Cost": 44888.6,
              "Total Cost": 44888.61,
              "Plan Rows": 1,
              "Plan Width": 8,
              "Actual Startup Time": 151.871,
              "Actual Total Time": 151.872,
              "Actual Rows": 1,
              "Actual Loops": 4,
              "Plans": [
                {
                  "Node Type": "Seq Scan",
                  "Parent Relationship": "Outer",
                  "Parallel Aware": true,
                  "Relation Name": "movie_keyword",
                  "Alias": "mk",
                  "Startup Cost": 0.0,
                  "Total Cost": 42695.65,
                  "Plan Rows": 877177,
                  "Plan Width": 0,
                  "Actual Startup Time": 0.468,
                  "Actual Total Time": 120.24,
                  "Actual Rows": 676743,
                  "Actual Loops": 4,
                  "Filter": "(keyword_id > 2973)",
                  "Rows Removed by Filter": 454240
                }
              ]
            }
          ]
        }
      ]
    },
    "Planning Time": 0.18,
    "Triggers": [],
    "Execution Time": 169.0
  }
]