[
  {
    "Plan": {
      "Node Type": "Aggregate",
      "Strategy": "Plain",
      "Partial Mode": "Finalize",
      "Parallel Aware": false,
      "Startup Cost": 46517.2,
      "Total Cost": 46517.21,
      "Plan Rows": 1,
      "Plan Width": 8,
      "Actual Startup Time": 93.189,
      "Actual Total Time": 104.987,
      "Actual Rows": 1,
      "Actual Loops": 1,
      "Plans": [
        {
          "Node Type": "Gather",
          "Parent Relationship": "Outer",
          "Parallel Aware": false,
          "Startup Cost": 46516.78,
          "Total Cost": 46517.19,
          "Plan Rows": 4,
          "Plan Width": 8,
          "Actual Startup Time": 92.862,
          "Actual Total Time": 104.98,
          "Actual Rows": 5,
          "Actual Loops": 1,
          "Workers Planned": 4,
          "Workers Launched": 4,
          "Single Copy": false,
          "Plans": [
            {
              "Node Type": "Aggregate",
              "Strategy": "Plain",
              "Partial Mode": "Partial",
              "Parent Relationship": "Outer",
              "Parallel Aware": false,
              "Startup Cost": 45516.78,
              "Total Cost": 45516.79,
              "Plan Rows": 1,
              "Plan Width": 8,
              "Actual Startup Time": 84.643,
              "Actual Total Time": 84.644,
              "Actual Rows": 1,
              "Actual Loops": 5,
              "Plans": [
                {
                  "Node Type": "Seq Scan",
                  "Parent Relationship": "Outer",
                  "Parallel Aware": true,
                  "Relation Name": "title",
                  "Alias": "t",
                  "Startup Cost": 0.0,
                  "Total Cost": 45479.1,
                  "Plan Rows": 15074,
                  "Plan Width": 0,
                  "Actual Startup Time": 44.864,
                  "Actual Total Time": 83.979,
                  "Actual Rows": 12316,
                  "Actual Loops": 5,
                  "Filter": "((production_year > 2011) AND (kind_id = 1))",
                  "Rows Removed by Filter": 493346
                }
              ]
            }
          ]
        }
      ]
    },
    "Planning Time": 0.156,
    "Triggers": [],
    "Execution Time": 105.04
  }
]