[
    {
        "Bao": {
            "Bao prediction": "NaN",
            "Bao recommended hint": "(no hint)"
        }
    },
    {
        "Plan": {
            "Node Type": "Aggregate",
            "Strategy": "Plain",
            "Partial Mode": "Finalize",
            "Parallel Aware": false,
            "Startup Cost": 32930.7,
            "Total Cost": 32930.71,
            "Plan Rows": 1,
            "Plan Width": 8,
            "Actual Startup Time": 100.214,
            "Actual Total Time": 105.426,
            "Actual Rows": 1,
            "Actual Loops": 1,
            "Output": [
                "count(*)"
            ],
            "Plans": [
                {
                    "Node Type": "Gather",
                    "Parent Relationship": "Outer",
                    "Parallel Aware": false,
                    "Startup Cost": 32930.38,
                    "Total Cost": 32930.69,
                    "Plan Rows": 3,
                    "Plan Width": 8,
                    "Actual Startup Time": 100.136,
                    "Actual Total Time": 105.418,
                    "Actual Rows": 4,
                    "Actual Loops": 1,
                    "Output": [
                        "(PARTIAL count(*))"
                    ],
                    "Workers Planned": 3,
                    "Workers Launched": 3,
                    "Single Copy": false,
                    "Plans": [
                        {
                            "Node Type": "Aggregate",
                            "Strategy": "Plain",
                            "Partial Mode": "Partial",
                            "Parent Relationship": "Outer",
                            "Parallel Aware": false,
                            "Startup Cost": 31930.38,
                            "Total Cost": 31930.39,
                            "Plan Rows": 1,
                            "Plan Width": 8,
                            "Actual Startup Time": 91.854,
                            "Actual Total Time": 91.855,
                            "Actual Rows": 1,
                            "Actual Loops": 4,
                            "Output": [
                                "PARTIAL count(*)"
                            ],
                            "Workers": [
                                {
                                    "Worker Number": 0,
                                    "Actual Startup Time": 88.863,
                                    "Actual Total Time": 88.863,
                                    "Actual Rows": 1,
                                    "Actual Loops": 1
                                },
                                {
                                    "Worker Number": 1,
                                    "Actual Startup Time": 89.356,
                                    "Actual Total Time": 89.357,
                                    "Actual Rows": 1,
                                    "Actual Loops": 1
                                },
                                {
                                    "Worker Number": 2,
                                    "Actual Startup Time": 89.499,
                                    "Actual Total Time": 89.5,
                                    "Actual Rows": 1,
                                    "Actual Loops": 1
                                }
                            ],
                            "Plans": [
                                {
                                    "Node Type": "Seq Scan",
                                    "Parent Relationship": "Outer",
                                    "Parallel Aware": true,
                                    "Relation Name": "movie_companies",
                                    "Schema": "public",
                                    "Alias": "mc",
                                    "Startup Cost": 0.0,
                                    "Total Cost": 31414.82,
                                    "Plan Rows": 206225,
                                    "Plan Width": 0,
                                    "Actual Startup Time": 51.49,
                                    "Actual Total Time": 86.498,
                                    "Actual Rows": 101236,
                                    "Actual Loops": 4,
                                    "Output": [
                                        "id",
                                        "movie_id",
                                        "company_id",
                                        "company_type_id",
                                        "note"
                                    ],
                                    "Filter": "((mc.company_id < 11149) AND (mc.company_type_id = 2))",
                                    "Rows Removed by Filter": 551047,
                                    "Workers": [
                                        {
                                            "Worker Number": 0,
                                            "Actual Startup Time": 48.496,
                                            "Actual Total Time": 83.895,
                                            "Actual Rows": 119203,
                                            "Actual Loops": 1
                                        },
                                        {
                                            "Worker Number": 1,
                                            "Actual Startup Time": 48.995,
                                            "Actual Total Time": 84.083,
                                            "Actual Rows": 123567,
                                            "Actual Loops": 1
                                        },
                                        {
                                            "Worker Number": 2,
                                            "Actual Startup Time": 49.129,
                                            "Actual Total Time": 84.281,
                                            "Actual Rows": 77064,
                                            "Actual Loops": 1
                                        }
                                    ]
                                }
                            ]
                        }
                    ]
                }
            ]
        },
        "Planning Time": 267.453,
        "Triggers": [],
        "Execution Time": 105.49
    }
]