{
  "Plan": {
    "Node Type": "Aggregate",
    "Strategy": "Plain",
    "Partial Mode": "Finalize",
    "Parallel Aware": false,
    "Startup Cost": 256410.65,
    "Total Cost": 256410.66,
    "Plan Rows": 1,
    "Plan Width": 8,
    "Actual Startup Time": 651.655,
    "Actual Total Time": 672.423,
    "Actual Rows": 1,
    "Actual Loops": 1,
    "Plans": [
      {
        "Node Type": "Gather",
        "Parent Relationship": "Outer",
        "Parallel Aware": false,
        "Startup Cost": 256410.54,
        "Total Cost": 256410.65,
        "Plan Rows": 1,
        "Plan Width": 8,
        "Actual Startup Time": 647.358,
        "Actual Total Time": 672.413,
        "Actual Rows": 2,
        "Actual Loops": 1,
        "Workers Planned": 1,
        "Workers Launched": 1,
        "Single Copy": false,
        "Plans": [
          {
            "Node Type": "Aggregate",
            "Strategy": "Plain",
            "Partial Mode": "Partial",
            "Parent Relationship": "Outer",
            "Parallel Aware": false,
            "Startup Cost": 255410.54,
            "Total Cost": 255410.55,
            "Plan Rows": 1,
            "Plan Width": 8,
            "Actual Startup Time": 639.687,
            "Actual Total Time": 639.691,
            "Actual Rows": 1,
            "Actual Loops": 2,
            "Plans": [
              {
                "Node Type": "Hash Join",
                "Parent Relationship": "Outer",
                "Parallel Aware": true,
                "Join Type": "Inner",
                "Startup Cost": 84059.86,
                "Total Cost": 254488.4,
                "Plan Rows": 368858,
                "Plan Width": 0,
                "Actual Startup Time": 440.669,
                "Actual Total Time": 635.759,
                "Actual Rows": 90632,
                "Actual Loops": 2,
                "Inner Unique": true,
                "Hash Cond": "(mi.movie_id = t.id)",
                "Plans": [
                  {
                    "Node Type": "Bitmap Heap Scan",
                    "Parent Relationship": "Outer",
                    "Parallel Aware": true,
                    "Relation Name": "movie_info",
                    "Alias": "mi",
                    "Startup Cost": 17176.41,
                    "Total Cost": 186140.93,
                    "Plan Rows": 557721,
                    "Plan Width": 4,
                    "Actual Startup Time": 38.776,
                    "Actual Total Time": 120.896,
                    "Actual Rows": 450170,
                    "Actual Loops": 2,
                    "Recheck Cond": "(info_type_id > 94)",
                    "Rows Removed by Index Recheck": 0,
                    "Exact Heap Blocks": 17784,
                    "Lossy Heap Blocks": 0,
                    "Plans": [
                      {
                        "Node Type": "Bitmap Index Scan",
                        "Parent Relationship": "Outer",
                        "Parallel Aware": false,
                        "Index Name": "info_type_id_movie_info",
                        "Startup Cost": 0.0,
                        "Total Cost": 16939.38,
                        "Plan Rows": 948126,
                        "Plan Width": 0,
                        "Actual Startup Time": 33.445,
                        "Actual Total Time": 33.447,
                        "Actual Rows": 900340,
                        "Actual Loops": 1,
                        "Index Cond": "(info_type_id > 94)"
                      }
                    ]
                  },
                  {
                    "Node Type": "Hash",
                    "Parent Relationship": "Inner",
                    "Parallel Aware": true,
                    "Startup Cost": 54588.39,
                    "Total Cost": 54588.39,
                    "Plan Rows": 983605,
                    "Plan Width": 4,
                    "Actual Startup Time": 380.507,
                    "Actual Total Time": 380.507,
                    "Actual Rows": 837049,
                    "Actual Loops": 2,
                    "Hash Buckets": 2097152,
                    "Original Hash Buckets": 2097152,
                    "Hash Batches": 1,
                    "Original Hash Batches": 1,
                    "Peak Memory Usage": 81888,
                    "Plans": [
                      {
                        "Node Type": "Seq Scan",
                        "Parent Relationship": "Outer",
                        "Parallel Aware": true,
                        "Relation Name": "title",
                        "Alias": "t",
                        "Startup Cost": 0.0,
                        "Total Cost": 54588.39,
                        "Plan Rows": 983605,
                        "Plan Width": 4,
                        "Actual Startup Time": 0.028,
                        "Actual Total Time": 163.417,
                        "Actual Rows": 837049,
                        "Actual Loops": 2,
                        "Filter": "(kind_id > 3)",
                        "Rows Removed by Filter": 427107
                      }
                    ]
                  }
                ]
              }
            ]
          }
        ]
      }
    ]
  },
  "Planning Time": 0.656,
  "Triggers": [],
  "Execution Time": 672.514
}